[2023-11-02T15:31:06.916Z] ================================================================================
[2023-11-02T15:31:06.916Z]                                  setup (Debug)
[2023-11-02T15:31:06.916Z] ================================================================================
[Pipeline] bat
[2023-11-02T15:31:07.558Z] Deleting alias drive W:
[Pipeline] bat
[2023-11-02T15:31:08.252Z] Deleting alias drive P:
[Pipeline] bat
[2023-11-02T15:31:08.972Z] Creating alias drive P: to S:\jenkins\workspace
[Pipeline] bat
[2023-11-02T15:31:09.674Z] Creating alias drive W: to S:\jenkins\workspace\ECP\ecg-maya-hydra\ecg-maya-hydra-branch-preflight-python3-windows
[Pipeline] bat
[2023-11-02T15:31:10.520Z] "C:\Program Files\Microsoft Visual Studio\2022\Professional\VC\Auxiliary\Build\vcvarsall.bat" x64
[2023-11-02T15:31:10.520Z] **********************************************************************
[2023-11-02T15:31:10.520Z] ** Visual Studio 2022 Developer Command Prompt v17.3.2
[2023-11-02T15:31:10.520Z] ** Copyright (c) 2022 Microsoft Corporation
[2023-11-02T15:31:10.520Z] **********************************************************************
[2023-11-02T15:31:12.269Z] [vcvarsall.bat] Environment initialized for: 'x64'
[2023-11-02T15:31:12.269Z] python ecg-maya-hydra/build.py --stages=setup --workspace-dir=W:\ --artifactory-dir=P:\shared\Artifactory --build-dir=W:\build --install-dir=W:\install --signing-dir=W:\signing --package-dir=W:\package --output-dir=W:\output --stash-dir=W:\stash --jenkins-build=363 --git-commit=72fb5b09b803a42e1c4f84569bd73dfe3760fa2f --git-branch=master --variants=RelWithDebInfo --interactive-tests=true --post-zips=false --osx-binary-architecture-target=ub2 --osx-deployment-target=11.0 --osx-base-sdk=CurrentActiveSDK --extra-license-file=ecg-maya-hydra/jenkins-o03-cot/melicense.lic --prune-versions=3 --prune-revisions=3 --maya-cut-config=maya-rundev-master.yaml --maya-package=rundev-master --stage-banner --prune-artifacts --force-pruning
[2023-11-02T15:31:13.468Z] Getting rundev-master download URL from Maya SHA-1 hash
[2023-11-02T15:31:13.468Z] Finding Artifactory servers response times
[2023-11-02T15:31:15.810Z] [VERBOSE] Start loading URL (CURL): https://art-bobcat.autodesk.com/artifactory/api/system/ping
[2023-11-02T15:31:15.810Z] [DEBUG] Running: C:\WINDOWS\system32\curl.exe -s -X GET --keepalive-time 10 --connect-timeout 60 --speed-limit 10000 --speed-time 120 --max-time 1800 --retry 5 --retry-max-time 2400 -H Connection:close https://art-bobcat.autodesk.com/artifactory/api/system/ping
[2023-11-02T15:31:15.810Z] [DEBUG] Output:
[2023-11-02T15:31:15.810Z] OK
[2023-11-02T15:31:15.810Z] [VERBOSE] End loading URL (CURL): https://art-bobcat.autodesk.com/artifactory/api/system/ping
[2023-11-02T15:31:16.154Z] [VERBOSE] Start loading URL (CURL): https://art-marmotte.autodesk.com/artifactory/api/system/ping
[2023-11-02T15:31:16.154Z] [DEBUG] Running: C:\WINDOWS\system32\curl.exe -s -X GET --keepalive-time 10 --connect-timeout 60 --speed-limit 10000 --speed-time 120 --max-time 1800 --retry 5 --retry-max-time 2400 -H Connection:close https://art-marmotte.autodesk.com/artifactory/api/system/ping
[2023-11-02T15:31:16.154Z] [DEBUG] Output:
[2023-11-02T15:31:16.154Z] OK
[2023-11-02T15:31:16.154Z] [VERBOSE] End loading URL (CURL): https://art-marmotte.autodesk.com/artifactory/api/system/ping
[2023-11-02T15:31:16.154Z] [VERBOSE] Start loading URL (CURL): https://art-bear.autodesk.com/artifactory/api/system/ping
[2023-11-02T15:31:16.154Z] [DEBUG] Running: C:\WINDOWS\system32\curl.exe -s -X GET --keepalive-time 10 --connect-timeout 60 --speed-limit 10000 --speed-time 120 --max-time 1800 --retry 5 --retry-max-time 2400 -H Connection:close https://art-bear.autodesk.com/artifactory/api/system/ping
[2023-11-02T15:31:16.154Z] [DEBUG] Output:
[2023-11-02T15:31:16.154Z] OK
[2023-11-02T15:31:16.154Z] [VERBOSE] End loading URL (CURL): https://art-bear.autodesk.com/artifactory/api/system/ping
[2023-11-02T15:31:21.079Z] [VERBOSE] Start loading URL (CURL): https://art-bobcat.autodesk.com/artifactory/api/search/checksum?repos=autodesk-3p-generic,adsk-build-tools-generic,team-ecg-generic,team-maya-generic,oss-stg-generic&sha1=72a99e34e5d46b90efb304b9500af53bca63ea1a
[2023-11-02T15:31:21.079Z] [DEBUG] Running: C:\WINDOWS\system32\curl.exe -s -X GET --keepalive-time 10 --connect-timeout 60 --speed-limit 10000 --speed-time 120 --max-time 1800 --retry 5 --retry-max-time 2400 -H Connection:close -H Authorization:Basic ZWNnYmlmcm9zdDpvcGUqKjAw https://art-bobcat.autodesk.com/artifactory/api/search/checksum?repos=autodesk-3p-generic,adsk-build-tools-generic,team-ecg-generic,team-maya-generic,oss-stg-generic&sha1=72a99e34e5d46b90efb304b9500af53bca63ea1a
[2023-11-02T15:31:21.079Z] [DEBUG] Output:
[2023-11-02T15:31:21.079Z] {
[2023-11-02T15:31:21.079Z]   "results" : [ {
[2023-11-02T15:31:21.079Z]     "uri" : "https://art-bobcat.autodesk.com:443/artifactory/api/storage/team-maya-generic/Maya/master/px64/2023-11-01-07-14_8ef8965bc7/202311010714-8ef8965bc7-RUNDEV.zip"
[2023-11-02T15:31:21.079Z]   } ]
[2023-11-02T15:31:21.079Z] }
[2023-11-02T15:31:21.079Z] [VERBOSE] End loading URL (CURL): https://art-bobcat.autodesk.com/artifactory/api/search/checksum?repos=autodesk-3p-generic,adsk-build-tools-generic,team-ecg-generic,team-maya-generic,oss-stg-generic&sha1=72a99e34e5d46b90efb304b9500af53bca63ea1a
[2023-11-02T15:31:21.079Z] [VERBOSE] Start loading URL (CURL): https://art-bobcat.autodesk.com:443/artifactory/api/storage/team-maya-generic/Maya/master/px64/2023-11-01-07-14_8ef8965bc7/202311010714-8ef8965bc7-RUNDEV.zip
[2023-11-02T15:31:21.079Z] [DEBUG] Running: C:\WINDOWS\system32\curl.exe -s -X GET --keepalive-time 10 --connect-timeout 60 --speed-limit 10000 --speed-time 120 --max-time 1800 --retry 5 --retry-max-time 2400 -H Connection:close -H Authorization:Basic ZWNnYmlmcm9zdDpvcGUqKjAw https://art-bobcat.autodesk.com:443/artifactory/api/storage/team-maya-generic/Maya/master/px64/2023-11-01-07-14_8ef8965bc7/202311010714-8ef8965bc7-RUNDEV.zip
[2023-11-02T15:31:21.079Z] [DEBUG] Output:
[2023-11-02T15:31:21.079Z] {
[2023-11-02T15:31:21.079Z]   "repo" : "team-maya-generic",
[2023-11-02T15:31:21.079Z]   "path" : "/Maya/master/px64/2023-11-01-07-14_8ef8965bc7/202311010714-8ef8965bc7-RUNDEV.zip",
[2023-11-02T15:31:21.079Z]   "created" : "2023-11-01T09:45:53.021-07:00",
[2023-11-02T15:31:21.079Z]   "createdBy" : "svc_p_mescm",
[2023-11-02T15:31:21.079Z]   "lastModified" : "2023-11-01T09:38:19.347-07:00",
[2023-11-02T15:31:21.079Z]   "modifiedBy" : "svc_p_mescm",
[2023-11-02T15:31:21.079Z]   "lastUpdated" : "2023-11-01T09:45:53.022-07:00",
[2023-11-02T15:31:21.079Z]   "downloadUri" : "https://art-bobcat.autodesk.com:443/artifactory/team-maya-generic/Maya/master/px64/2023-11-01-07-14_8ef8965bc7/202311010714-8ef8965bc7-RUNDEV.zip",
[2023-11-02T15:31:21.079Z]   "mimeType" : "application/zip",
[2023-11-02T15:31:21.079Z]   "size" : "2587337206",
[2023-11-02T15:31:21.079Z]   "checksums" : {
[2023-11-02T15:31:21.079Z]     "sha1" : "72a99e34e5d46b90efb304b9500af53bca63ea1a",
[2023-11-02T15:31:21.079Z]     "md5" : "f3d790c9d135dca97212748a13cc5231",
[2023-11-02T15:31:21.079Z]     "sha256" : "83affa331497d3075c3cb7c52fa001463ffd401ac295c3b2a1a3e86bfad78ec4"
[2023-11-02T15:31:21.079Z]   },
[2023-11-02T15:31:21.079Z]   "originalChecksums" : {
[2023-11-02T15:31:21.079Z]     "sha1" : "72a99e34e5d46b90efb304b9500af53bca63ea1a",
[2023-11-02T15:31:21.079Z]     "md5" : "f3d790c9d135dca97212748a13cc5231",
[2023-11-02T15:31:21.079Z]     "sha256" : "83affa331497d3075c3cb7c52fa001463ffd401ac295c3b2a1a3e86bfad78ec4"
[2023-11-02T15:31:21.079Z]   },
[2023-11-02T15:31:21.079Z]   "uri" : "https://art-bobcat.autodesk.com:443/artifactory/api/storage/team-maya-generic/Maya/master/px64/2023-11-01-07-14_8ef8965bc7/202311010714-8ef8965bc7-RUNDEV.zip"
[2023-11-02T15:31:21.079Z] }
[2023-11-02T15:31:21.079Z] [VERBOSE] End loading URL (CURL): https://art-bobcat.autodesk.com:443/artifactory/api/storage/team-maya-generic/Maya/master/px64/2023-11-01-07-14_8ef8965bc7/202311010714-8ef8965bc7-RUNDEV.zip
[2023-11-02T15:31:21.079Z] Using Maya cut from P:\shared\Artifactory\Windows\rundev-master\202311010714\runtime\72a99e3
[2023-11-02T15:31:21.079Z] Using Maya ADSK Signatures from P:\shared\Artifactory\Windows\adsk-plugin-signatures-maya\2023\3ae1ae7
[2023-11-02T15:31:21.079Z] Using Maya Security Library from P:\shared\Artifactory\Windows\maya-security-library\3.4.0\284407f
[2023-11-02T15:31:21.079Z] 
[2023-11-02T15:31:21.079Z] ================================================================================
[2023-11-02T15:31:21.079Z]                              setup (RelWithDebInfo)
[2023-11-02T15:31:21.079Z] ================================================================================
[Pipeline] bat
[2023-11-02T15:31:21.711Z] Deleting alias drive W:
[Pipeline] bat
[2023-11-02T15:31:22.406Z] Deleting alias drive P:
[Pipeline] }
[Pipeline] // withEnv
[Pipeline] }
[Pipeline] // timeout
[Pipeline] }
[Pipeline] // stage
[Pipeline] }
[Pipeline] // timestamps
[Pipeline] timestamps
[Pipeline] {
[Pipeline] stage
[Pipeline] { (Clean)
[Pipeline] timeout
[2023-11-02T15:31:22.619Z] Timeout set to expire in 6 hr 0 min
[Pipeline] {
[Pipeline] withEnv
[Pipeline] {
[Pipeline] bat
[2023-11-02T15:31:23.513Z] Creating alias drive P: to S:\jenkins\workspace
[Pipeline] bat
[2023-11-02T15:31:24.161Z] Creating alias drive W: to S:\jenkins\workspace\ECP\ecg-maya-hydra\ecg-maya-hydra-branch-preflight-python3-windows
[Pipeline] bat
[2023-11-02T15:31:24.958Z] "C:\Program Files\Microsoft Visual Studio\2022\Professional\VC\Auxiliary\Build\vcvarsall.bat" x64
[2023-11-02T15:31:25.303Z] **********************************************************************
[2023-11-02T15:31:25.303Z] ** Visual Studio 2022 Developer Command Prompt v17.3.2
[2023-11-02T15:31:25.303Z] ** Copyright (c) 2022 Microsoft Corporation
[2023-11-02T15:31:25.303Z] **********************************************************************
[2023-11-02T15:31:27.033Z] [vcvarsall.bat] Environment initialized for: 'x64'
[2023-11-02T15:31:27.034Z] python ecg-maya-hydra/build.py --stages=clean --workspace-dir=W:\ --artifactory-dir=P:\shared\Artifactory --build-dir=W:\build --install-dir=W:\install --signing-dir=W:\signing --package-dir=W:\package --output-dir=W:\output --stash-dir=W:\stash --jenkins-build=363 --git-commit=72fb5b09b803a42e1c4f84569bd73dfe3760fa2f --git-branch=master --variants=Debug --interactive-tests=true --post-zips=false --osx-binary-architecture-target=ub2 --osx-deployment-target=11.0 --osx-base-sdk=CurrentActiveSDK --maya-cut-config=maya-rundev-master-debug.yaml --maya-package=rundev-master-debug --stage-banner
[2023-11-02T15:31:27.776Z] Using Maya cut from P:\shared\Artifactory\Windows\rundev-master-debug\202310260154\runtime\2caf91a
[2023-11-02T15:31:27.776Z] Using Maya ADSK Signatures from P:\shared\Artifactory\Windows\adsk-plugin-signatures-maya\2023\3ae1ae7
[2023-11-02T15:31:27.776Z] Using Maya Security Library from P:\shared\Artifactory\Windows\maya-security-library\3.4.0\284407f
[2023-11-02T15:31:27.776Z] 
[2023-11-02T15:31:27.776Z] ================================================================================
[2023-11-02T15:31:27.776Z]                                  clean (Debug)
[2023-11-02T15:31:27.776Z] ================================================================================
[2023-11-02T15:31:27.776Z] Maya Python Debug Info:
[2023-11-02T15:31:27.776Z]   mayapy executable   = P:\shared\Artifactory\Windows\rundev-master-debug\202310260154\runtime\2caf91a\runTime\bin\mayapy.exe
[2023-11-02T15:31:27.776Z]   Include Folder      = P:\shared\Artifactory\Windows\rundev-master-debug\202310260154\runtime\2caf91a\runTime\include\Python310\Python
[2023-11-02T15:31:27.776Z]   Library             = P:\shared\Artifactory\Windows\rundev-master-debug\202310260154\runtime\2caf91a\runTime\lib\python310_d.lib
[2023-11-02T15:31:27.776Z]   site-package Folder = P:\shared\Artifactory\Windows\rundev-master-debug\202310260154\runtime\2caf91a\runTime\Python\Lib\site-packages
[2023-11-02T15:31:30.902Z] In workdir: S:\jenkins\workspace\ECP\ecg-maya-hydra\ecg-maya-hydra-branch-preflight-python3-windows\ecg-maya-hydra\maya-hydra
[2023-11-02T15:31:30.902Z] Executing: 'P:\\shared\\Artifactory\\Windows\\rundev-master-debug\\202310260154\\runtime\\2caf91a\\runTime\\bin\\mayapy.exe' 'S:\\jenkins\\workspace\\ECP\\ecg-maya-hydra\\ecg-maya-hydra-branch-preflight-python3-windows\\ecg-maya-hydra\\maya-hydra\\build.py' --generator Ninja --build-debug --maya-location 'P:\\shared\\Artifactory\\Windows\\rundev-master-debug\\202310260154\\runtime\\2caf91a\\runTime' --devkit-location 'P:\\shared\\Artifactory\\Windows\\rundev-master-debug\\202310260154\\runtime\\2caf91a\\devkitBase' --pxrusd-location 'P:\\shared\\Artifactory\\Windows\\USD\\972e371' '--build-args=-DCMAKE_MAKE_PROGRAM=P:/shared/Artifactory/Windows/ninja/1.10.2/ccacdf8/ninja.exe,-DPYTHON_INCLUDE_DIR=P:/shared/Artifactory/Windows/rundev-master-debug/202310260154/runtime/2caf91a/runTime/include/Python310/Python,-DPython_EXECUTABLE=P:/shared/Artifactory/Windows/rundev-master-debug/202310260154/runtime/2caf91a/runTime/bin/mayapy.exe,-DPYTHON_LIBRARIES=P:/shared/Artifactory/Windows/rundev-master-debug/202310260154/runtime/2caf91a/runTime/lib/python310_d.lib,-DBUILD_WITH_PYTHON_3=ON,-DBUILD_WITH_PYTHON_3_VERSION=3.10,-DCMAKE_WANT_MATERIALX_BUILD=ON,-DCMAKE_PREFIX_PATH=P:\\shared\\Artifactory\\Windows\\USD\\972e371' --debug-python '--ctest-args=--parallel 16' --stages=clean --redirect-outstream-file=False --install-location 'W:\\install\\Debug\\MayaHydra' 'W:\\'
[2023-11-02T15:31:30.902Z] Modified environment variables:
[2023-11-02T15:31:30.902Z]     PATH=P:\shared\Artifactory\Windows\cmake\3.20.3\afe857a\bin;C:\Python27\lib\site-packages\pywin32_system32;C:\Program Files\Microsoft Visual Studio\2022\Professional\VC\Tools\MSVC\14.33.31629\bin\HostX64\x64;C:\Program Files\Microsoft Visual Studio\2022\Professional\Common7\IDE\VC\VCPackages;C:\Program Files\Microsoft Visual Studio\2022\Professional\Common7\IDE\CommonExtensions\Microsoft\TestWindow;C:\Program Files\Microsoft Visual Studio\2022\Professional\Common7\IDE\CommonExtensions\Microsoft\TeamFoundation\Team Explorer;C:\Program Files\Microsoft Visual Studio\2022\Professional\MSBuild\Current\bin\Roslyn;C:\Program Files\Microsoft Visual Studio\2022\Professional\Team Tools\Performance Tools\x64;C:\Program Files\Microsoft Visual Studio\2022\Professional\Team Tools\Performance Tools;C:\Program Files (x86)\Microsoft Visual Studio\Shared\Common\VSPerfCollectionTools\vs2019\\x64;C:\Program Files (x86)\Microsoft Visual Studio\Shared\Common\VSPerfCollectionTools\vs2019\;C:\Program Files (x86)\Microsoft SDKs\Windows\v10.0A\bin\NETFX 4.8 Tools\x64\;C:\Program Files (x86)\HTML Help Workshop;C:\Program Files\Microsoft Visual Studio\2022\Professional\Common7\IDE\CommonExtensions\Microsoft\FSharp\Tools;C:\Program Files (x86)\Windows Kits\10\bin\10.0.19041.0\\x64;C:\Program Files (x86)\Windows Kits\10\bin\\x64;C:\Program Files\Microsoft Visual Studio\2022\Professional\\MSBuild\Current\Bin\amd64;C:\WINDOWS\Microsoft.NET\Framework64\v4.0.30319;C:\Program Files\Microsoft Visual Studio\2022\Professional\Common7\IDE\;C:\Program Files\Microsoft Visual Studio\2022\Professional\Common7\Tools\;C:\Python27\;C:\Python27\Scripts;C:\WINDOWS\system32;C:\WINDOWS;C:\WINDOWS\System32\Wbem;C:\WINDOWS\System32\WindowsPowerShell\v1.0\;C:\WINDOWS\System32\OpenSSH\;C:\ProgramData\chocolatey\bin;C:\Program Files (x86)\WiX Toolset v3.7\bin;C:\Program Files\dotnet\;C:\Program Files (x86)\Windows Kits\10\bin\10.0.18362.0\x64;C:\Program Files\Zulu\zulu-11\bin\;C:\Program Files (x86)\Windows Kits\10\bin\10.0.17763.0\x64;C:\Program Files (x86)\Windows Kits\10\bin\x64;C:\Program Files\Git\cmd;C:\Program Files\Git\usr\bin;C:\Program Files\Git\mingw64\bin;C:\Program Files\Git\bin;C:\Python38\;C:\Python38\Scripts;C:\StoreBoxClientWindows;C:\Program Files\Electric Cloud\ElectricCommander\bin;C:\Program Files\WinRAR;C:\Program Files\7-Zip;C:\Program Files (x86)\Windows Kits\10\bin\10.0.19041.0\x64;C:\Users\Administrator\AppData\Local\Microsoft\WindowsApps;C:\Users\Administrator\.dotnet\tools;C:\Program Files\Microsoft Visual Studio\2022\Professional\Common7\IDE\CommonExtensions\Microsoft\CMake\CMake\bin;C:\Program Files\Microsoft Visual Studio\2022\Professional\Common7\IDE\CommonExtensions\Microsoft\CMake\Ninja;C:\Program Files\Microsoft Visual Studio\2022\Professional\Common7\IDE\VC\Linux\bin\ConnectionManagerExe
[2023-11-02T15:31:31.705Z]     
[2023-11-02T15:31:31.705Z]         Building with settings:
[2023-11-02T15:31:31.705Z]           Source directory          S:\jenkins\workspace\ECP\ecg-maya-hydra\ecg-maya-hydra-branch-preflight-python3-windows\ecg-maya-hydra\maya-hydra
[2023-11-02T15:31:31.705Z]           Workspace directory       W:\
[2023-11-02T15:31:31.705Z]           Build directory           W:\build\Debug
[2023-11-02T15:31:31.705Z]           Install directory         W:\install\Debug\MayaHydra
[2023-11-02T15:31:31.705Z]           Variant                   Debug
[2023-11-02T15:31:31.705Z]           Python Debug              On
[2023-11-02T15:31:31.705Z]           CMake generator           Ninja
[2023-11-02T15:31:31.705Z]           Build arguments           ['-DCMAKE_MAKE_PROGRAM=P:/shared/Artifactory/Windows/ninja/1.10.2/ccacdf8/ninja.exe', '-DPYTHON_INCLUDE_DIR=P:/shared/Artifactory/Windows/rundev-master-debug/202310260154/runtime/2caf91a/runTime/include/Python310/Python', '-DPython_EXECUTABLE=P:/shared/Artifactory/Windows/rundev-master-debug/202310260154/runtime/2caf91a/runTime/bin/mayapy.exe', '-DPYTHON_LIBRARIES=P:/shared/Artifactory/Windows/rundev-master-debug/202310260154/runtime/2caf91a/runTime/lib/python310_d.lib', '-DBUILD_WITH_PYTHON_3=ON', '-DBUILD_WITH_PYTHON_3_VERSION=3.10', '-DCMAKE_WANT_MATERIALX_BUILD=ON', '-DCMAKE_PREFIX_PATH=P:\\shared\\Artifactory\\Windows\\USD\\972e371']
[2023-11-02T15:31:31.705Z]           Stages arguments          ['clean']
[2023-11-02T15:31:31.705Z]           CTest arguments           ['--parallel 16']
[2023-11-02T15:31:31.705Z]     Success MayaHydra build and install !!!!
[2023-11-02T15:31:31.705Z]     Elapsed time: 00:00:00
[Pipeline] bat
[2023-11-02T15:31:32.332Z] Deleting alias drive W:
[Pipeline] bat
[2023-11-02T15:31:32.972Z] Deleting alias drive P:
[Pipeline] bat
[2023-11-02T15:31:33.689Z] Creating alias drive P: to S:\jenkins\workspace
[Pipeline] bat
[2023-11-02T15:31:34.342Z] Creating alias drive W: to S:\jenkins\workspace\ECP\ecg-maya-hydra\ecg-maya-hydra-branch-preflight-python3-windows
[Pipeline] bat
[2023-11-02T15:31:35.109Z] "C:\Program Files\Microsoft Visual Studio\2022\Professional\VC\Auxiliary\Build\vcvarsall.bat" x64
[2023-11-02T15:31:35.455Z] **********************************************************************
[2023-11-02T15:31:35.455Z] ** Visual Studio 2022 Developer Command Prompt v17.3.2
[2023-11-02T15:31:35.455Z] ** Copyright (c) 2022 Microsoft Corporation
[2023-11-02T15:31:35.455Z] **********************************************************************
[2023-11-02T15:31:37.178Z] [vcvarsall.bat] Environment initialized for: 'x64'
[2023-11-02T15:31:37.178Z] python ecg-maya-hydra/build.py --stages=clean --workspace-dir=W:\ --artifactory-dir=P:\shared\Artifactory --build-dir=W:\build --install-dir=W:\install --signing-dir=W:\signing --package-dir=W:\package --output-dir=W:\output --stash-dir=W:\stash --jenkins-build=363 --git-commit=72fb5b09b803a42e1c4f84569bd73dfe3760fa2f --git-branch=master --variants=RelWithDebInfo --interactive-tests=true --post-zips=false --osx-binary-architecture-target=ub2 --osx-deployment-target=11.0 --osx-base-sdk=CurrentActiveSDK --maya-cut-config=maya-rundev-master.yaml --maya-package=rundev-master --stage-banner
[2023-11-02T15:31:37.919Z] Using Maya cut from P:\shared\Artifactory\Windows\rundev-master\202311010714\runtime\72a99e3
[2023-11-02T15:31:37.919Z] Using Maya ADSK Signatures from P:\shared\Artifactory\Windows\adsk-plugin-signatures-maya\2023\3ae1ae7
[2023-11-02T15:31:37.919Z] Using Maya Security Library from P:\shared\Artifactory\Windows\maya-security-library\3.4.0\284407f
[2023-11-02T15:31:37.919Z] 
[2023-11-02T15:31:37.919Z] ================================================================================
[2023-11-02T15:31:37.919Z]                              clean (RelWithDebInfo)
[2023-11-02T15:31:37.919Z] ================================================================================
[2023-11-02T15:31:37.919Z] Maya Python RelWithDebInfo Info:
[2023-11-02T15:31:37.919Z]   mayapy executable   = P:\shared\Artifactory\Windows\rundev-master\202311010714\runtime\72a99e3\runTime\bin\mayapy.exe
[2023-11-02T15:31:37.919Z]   Include Folder      = P:\shared\Artifactory\Windows\rundev-master\202311010714\runtime\72a99e3\runTime\include\Python310\Python
[2023-11-02T15:31:37.919Z]   Library             = P:\shared\Artifactory\Windows\rundev-master\202311010714\runtime\72a99e3\runTime\lib\python310.lib
[2023-11-02T15:31:37.919Z]   site-package Folder = P:\shared\Artifactory\Windows\rundev-master\202311010714\runtime\72a99e3\runTime\Python\Lib\site-packages
[2023-11-02T15:31:39.111Z] In workdir: S:\jenkins\workspace\ECP\ecg-maya-hydra\ecg-maya-hydra-branch-preflight-python3-windows\ecg-maya-hydra\maya-hydra
[2023-11-02T15:31:39.111Z] Executing: 'P:\\shared\\Artifactory\\Windows\\rundev-master\\202311010714\\runtime\\72a99e3\\runTime\\bin\\mayapy.exe' 'S:\\jenkins\\workspace\\ECP\\ecg-maya-hydra\\ecg-maya-hydra-branch-preflight-python3-windows\\ecg-maya-hydra\\maya-hydra\\build.py' --generator Ninja --build-relwithdebug --maya-location 'P:\\shared\\Artifactory\\Windows\\rundev-master\\202311010714\\runtime\\72a99e3\\runTime' --devkit-location 'P:\\shared\\Artifactory\\Windows\\rundev-master\\202311010714\\runtime\\72a99e3\\devkitBase' --pxrusd-location 'P:\\shared\\Artifactory\\Windows\\USD\\ce619c6' '--build-args=-DCMAKE_MAKE_PROGRAM=P:/shared/Artifactory/Windows/ninja/1.10.2/ccacdf8/ninja.exe,-DPYTHON_INCLUDE_DIR=P:/shared/Artifactory/Windows/rundev-master/202311010714/runtime/72a99e3/runTime/include/Python310/Python,-DPython_EXECUTABLE=P:/shared/Artifactory/Windows/rundev-master/202311010714/runtime/72a99e3/runTime/bin/mayapy.exe,-DPYTHON_LIBRARIES=P:/shared/Artifactory/Windows/rundev-master/202311010714/runtime/72a99e3/runTime/lib/python310.lib,-DBUILD_WITH_PYTHON_3=ON,-DBUILD_WITH_PYTHON_3_VERSION=3.10,-DCMAKE_WANT_MATERIALX_BUILD=ON,-DCMAKE_PREFIX_PATH=P:\\shared\\Artifactory\\Windows\\USD\\ce619c6' '--ctest-args=--parallel 16' --stages=clean --redirect-outstream-file=False --install-location 'W:\\install\\RelWithDebInfo\\MayaHydra' 'W:\\'
[2023-11-02T15:31:39.111Z] Modified environment variables:
[2023-11-02T15:31:39.111Z]     PATH=P:\shared\Artifactory\Windows\cmake\3.20.3\afe857a\bin;C:\Python27\lib\site-packages\pywin32_system32;C:\Program Files\Microsoft Visual Studio\2022\Professional\VC\Tools\MSVC\14.33.31629\bin\HostX64\x64;C:\Program Files\Microsoft Visual Studio\2022\Professional\Common7\IDE\VC\VCPackages;C:\Program Files\Microsoft Visual Studio\2022\Professional\Common7\IDE\CommonExtensions\Microsoft\TestWindow;C:\Program Files\Microsoft Visual Studio\2022\Professional\Common7\IDE\CommonExtensions\Microsoft\TeamFoundation\Team Explorer;C:\Program Files\Microsoft Visual Studio\2022\Professional\MSBuild\Current\bin\Roslyn;C:\Program Files\Microsoft Visual Studio\2022\Professional\Team Tools\Performance Tools\x64;C:\Program Files\Microsoft Visual Studio\2022\Professional\Team Tools\Performance Tools;C:\Program Files (x86)\Microsoft Visual Studio\Shared\Common\VSPerfCollectionTools\vs2019\\x64;C:\Program Files (x86)\Microsoft Visual Studio\Shared\Common\VSPerfCollectionTools\vs2019\;C:\Program Files (x86)\Microsoft SDKs\Windows\v10.0A\bin\NETFX 4.8 Tools\x64\;C:\Program Files (x86)\HTML Help Workshop;C:\Program Files\Microsoft Visual Studio\2022\Professional\Common7\IDE\CommonExtensions\Microsoft\FSharp\Tools;C:\Program Files (x86)\Windows Kits\10\bin\10.0.19041.0\\x64;C:\Program Files (x86)\Windows Kits\10\bin\\x64;C:\Program Files\Microsoft Visual Studio\2022\Professional\\MSBuild\Current\Bin\amd64;C:\WINDOWS\Microsoft.NET\Framework64\v4.0.30319;C:\Program Files\Microsoft Visual Studio\2022\Professional\Common7\IDE\;C:\Program Files\Microsoft Visual Studio\2022\Professional\Common7\Tools\;C:\Python27\;C:\Python27\Scripts;C:\WINDOWS\system32;C:\WINDOWS;C:\WINDOWS\System32\Wbem;C:\WINDOWS\System32\WindowsPowerShell\v1.0\;C:\WINDOWS\System32\OpenSSH\;C:\ProgramData\chocolatey\bin;C:\Program Files (x86)\WiX Toolset v3.7\bin;C:\Program Files\dotnet\;C:\Program Files (x86)\Windows Kits\10\bin\10.0.18362.0\x64;C:\Program Files\Zulu\zulu-11\bin\;C:\Program Files (x86)\Windows Kits\10\bin\10.0.17763.0\x64;C:\Program Files (x86)\Windows Kits\10\bin\x64;C:\Program Files\Git\cmd;C:\Program Files\Git\usr\bin;C:\Program Files\Git\mingw64\bin;C:\Program Files\Git\bin;C:\Python38\;C:\Python38\Scripts;C:\StoreBoxClientWindows;C:\Program Files\Electric Cloud\ElectricCommander\bin;C:\Program Files\WinRAR;C:\Program Files\7-Zip;C:\Program Files (x86)\Windows Kits\10\bin\10.0.19041.0\x64;C:\Users\Administrator\AppData\Local\Microsoft\WindowsApps;C:\Users\Administrator\.dotnet\tools;C:\Program Files\Microsoft Visual Studio\2022\Professional\Common7\IDE\CommonExtensions\Microsoft\CMake\CMake\bin;C:\Program Files\Microsoft Visual Studio\2022\Professional\Common7\IDE\CommonExtensions\Microsoft\CMake\Ninja;C:\Program Files\Microsoft Visual Studio\2022\Professional\Common7\IDE\VC\Linux\bin\ConnectionManagerExe
[2023-11-02T15:31:39.851Z]     
[2023-11-02T15:31:39.851Z]         Building with settings:
[2023-11-02T15:31:39.851Z]           Source directory          S:\jenkins\workspace\ECP\ecg-maya-hydra\ecg-maya-hydra-branch-preflight-python3-windows\ecg-maya-hydra\maya-hydra
[2023-11-02T15:31:39.851Z]           Workspace directory       W:\
[2023-11-02T15:31:39.851Z]           Build directory           W:\build\RelWithDebInfo
[2023-11-02T15:31:39.851Z]           Install directory         W:\install\RelWithDebInfo\MayaHydra
[2023-11-02T15:31:39.851Z]           Variant                   RelWithDebInfo
[2023-11-02T15:31:39.851Z]           Python Debug              Off
[2023-11-02T15:31:39.851Z]           CMake generator           Ninja
[2023-11-02T15:31:39.851Z]           Build arguments           ['-DCMAKE_MAKE_PROGRAM=P:/shared/Artifactory/Windows/ninja/1.10.2/ccacdf8/ninja.exe', '-DPYTHON_INCLUDE_DIR=P:/shared/Artifactory/Windows/rundev-master/202311010714/runtime/72a99e3/runTime/include/Python310/Python', '-DPython_EXECUTABLE=P:/shared/Artifactory/Windows/rundev-master/202311010714/runtime/72a99e3/runTime/bin/mayapy.exe', '-DPYTHON_LIBRARIES=P:/shared/Artifactory/Windows/rundev-master/202311010714/runtime/72a99e3/runTime/lib/python310.lib', '-DBUILD_WITH_PYTHON_3=ON', '-DBUILD_WITH_PYTHON_3_VERSION=3.10', '-DCMAKE_WANT_MATERIALX_BUILD=ON', '-DCMAKE_PREFIX_PATH=P:\\shared\\Artifactory\\Windows\\USD\\ce619c6']
[2023-11-02T15:31:39.851Z]           Stages arguments          ['clean']
[2023-11-02T15:31:39.851Z]           CTest arguments           ['--parallel 16']
[2023-11-02T15:31:39.851Z]     Success MayaHydra build and install !!!!
[2023-11-02T15:31:39.851Z]     Elapsed time: 00:00:00
[Pipeline] bat
[2023-11-02T15:31:40.498Z] Deleting alias drive W:
[Pipeline] bat
[2023-11-02T15:31:41.455Z] Deleting alias drive P:
[Pipeline] }
[Pipeline] // withEnv
[Pipeline] }
[Pipeline] // timeout
[Pipeline] }
[Pipeline] // stage
[Pipeline] }
[Pipeline] // timestamps
[Pipeline] timestamps
[Pipeline] {
[Pipeline] stage
[Pipeline] { (Configure)
[Pipeline] timeout
[2023-11-02T15:31:41.651Z] Timeout set to expire in 6 hr 0 min
[Pipeline] {
[Pipeline] withEnv
[Pipeline] {
[Pipeline] bat
[2023-11-02T15:31:42.277Z] Creating alias drive P: to S:\jenkins\workspace
[Pipeline] bat
[2023-11-02T15:31:42.914Z] Creating alias drive W: to S:\jenkins\workspace\ECP\ecg-maya-hydra\ecg-maya-hydra-branch-preflight-python3-windows
[Pipeline] bat
[2023-11-02T15:31:43.688Z] "C:\Program Files\Microsoft Visual Studio\2022\Professional\VC\Auxiliary\Build\vcvarsall.bat" x64
[2023-11-02T15:31:44.037Z] **********************************************************************
[2023-11-02T15:31:44.037Z] ** Visual Studio 2022 Developer Command Prompt v17.3.2
[2023-11-02T15:31:44.037Z] ** Copyright (c) 2022 Microsoft Corporation
[2023-11-02T15:31:44.037Z] **********************************************************************
[2023-11-02T15:31:46.084Z] [vcvarsall.bat] Environment initialized for: 'x64'
[2023-11-02T15:31:46.084Z] python ecg-maya-hydra/build.py --stages=configure --workspace-dir=W:\ --artifactory-dir=P:\shared\Artifactory --build-dir=W:\build --install-dir=W:\install --signing-dir=W:\signing --package-dir=W:\package --output-dir=W:\output --stash-dir=W:\stash --jenkins-build=363 --git-commit=72fb5b09b803a42e1c4f84569bd73dfe3760fa2f --git-branch=master --variants=Debug --interactive-tests=true --post-zips=false --osx-binary-architecture-target=ub2 --osx-deployment-target=11.0 --osx-base-sdk=CurrentActiveSDK --maya-cut-config=maya-rundev-master-debug.yaml --maya-package=rundev-master-debug --stage-banner
[2023-11-02T15:31:46.789Z] Using Maya cut from P:\shared\Artifactory\Windows\rundev-master-debug\202310260154\runtime\2caf91a
[2023-11-02T15:31:46.789Z] Using Maya ADSK Signatures from P:\shared\Artifactory\Windows\adsk-plugin-signatures-maya\2023\3ae1ae7
[2023-11-02T15:31:46.789Z] Using Maya Security Library from P:\shared\Artifactory\Windows\maya-security-library\3.4.0\284407f
[2023-11-02T15:31:46.789Z] 
[2023-11-02T15:31:46.789Z] ================================================================================
[2023-11-02T15:31:46.789Z]                                configure (Debug)
[2023-11-02T15:31:46.789Z] ================================================================================
[2023-11-02T15:31:46.789Z] Maya Python Debug Info:
[2023-11-02T15:31:46.789Z]   mayapy executable   = P:\shared\Artifactory\Windows\rundev-master-debug\202310260154\runtime\2caf91a\runTime\bin\mayapy.exe
[2023-11-02T15:31:46.789Z]   Include Folder      = P:\shared\Artifactory\Windows\rundev-master-debug\202310260154\runtime\2caf91a\runTime\include\Python310\Python
[2023-11-02T15:31:46.789Z]   Library             = P:\shared\Artifactory\Windows\rundev-master-debug\202310260154\runtime\2caf91a\runTime\lib\python310_d.lib
[2023-11-02T15:31:46.789Z]   site-package Folder = P:\shared\Artifactory\Windows\rundev-master-debug\202310260154\runtime\2caf91a\runTime\Python\Lib\site-packages
[2023-11-02T15:31:49.187Z] In workdir: S:\jenkins\workspace\ECP\ecg-maya-hydra\ecg-maya-hydra-branch-preflight-python3-windows\ecg-maya-hydra\maya-hydra
[2023-11-02T15:31:49.187Z] Executing: 'P:\\shared\\Artifactory\\Windows\\rundev-master-debug\\202310260154\\runtime\\2caf91a\\runTime\\bin\\mayapy.exe' 'S:\\jenkins\\workspace\\ECP\\ecg-maya-hydra\\ecg-maya-hydra-branch-preflight-python3-windows\\ecg-maya-hydra\\maya-hydra\\build.py' --generator Ninja --build-debug --maya-location 'P:\\shared\\Artifactory\\Windows\\rundev-master-debug\\202310260154\\runtime\\2caf91a\\runTime' --devkit-location 'P:\\shared\\Artifactory\\Windows\\rundev-master-debug\\202310260154\\runtime\\2caf91a\\devkitBase' --pxrusd-location 'P:\\shared\\Artifactory\\Windows\\USD\\972e371' '--build-args=-DCMAKE_MAKE_PROGRAM=P:/shared/Artifactory/Windows/ninja/1.10.2/ccacdf8/ninja.exe,-DPYTHON_INCLUDE_DIR=P:/shared/Artifactory/Windows/rundev-master-debug/202310260154/runtime/2caf91a/runTime/include/Python310/Python,-DPython_EXECUTABLE=P:/shared/Artifactory/Windows/rundev-master-debug/202310260154/runtime/2caf91a/runTime/bin/mayapy.exe,-DPYTHON_LIBRARIES=P:/shared/Artifactory/Windows/rundev-master-debug/202310260154/runtime/2caf91a/runTime/lib/python310_d.lib,-DBUILD_WITH_PYTHON_3=ON,-DBUILD_WITH_PYTHON_3_VERSION=3.10,-DCMAKE_WANT_MATERIALX_BUILD=ON,-DCMAKE_PREFIX_PATH=P:\\shared\\Artifactory\\Windows\\USD\\972e371' --debug-python '--ctest-args=--parallel 16' --stages=configure --redirect-outstream-file=False --install-location 'W:\\install\\Debug\\MayaHydra' 'W:\\'
[2023-11-02T15:31:49.187Z] Modified environment variables:
[2023-11-02T15:31:49.187Z]     PATH=P:\shared\Artifactory\Windows\cmake\3.20.3\afe857a\bin;C:\Python27\lib\site-packages\pywin32_system32;C:\Program Files\Microsoft Visual Studio\2022\Professional\VC\Tools\MSVC\14.33.31629\bin\HostX64\x64;C:\Program Files\Microsoft Visual Studio\2022\Professional\Common7\IDE\VC\VCPackages;C:\Program Files\Microsoft Visual Studio\2022\Professional\Common7\IDE\CommonExtensions\Microsoft\TestWindow;C:\Program Files\Microsoft Visual Studio\2022\Professional\Common7\IDE\CommonExtensions\Microsoft\TeamFoundation\Team Explorer;C:\Program Files\Microsoft Visual Studio\2022\Professional\MSBuild\Current\bin\Roslyn;C:\Program Files\Microsoft Visual Studio\2022\Professional\Team Tools\Performance Tools\x64;C:\Program Files\Microsoft Visual Studio\2022\Professional\Team Tools\Performance Tools;C:\Program Files (x86)\Microsoft Visual Studio\Shared\Common\VSPerfCollectionTools\vs2019\\x64;C:\Program Files (x86)\Microsoft Visual Studio\Shared\Common\VSPerfCollectionTools\vs2019\;C:\Program Files (x86)\Microsoft SDKs\Windows\v10.0A\bin\NETFX 4.8 Tools\x64\;C:\Program Files (x86)\HTML Help Workshop;C:\Program Files\Microsoft Visual Studio\2022\Professional\Common7\IDE\CommonExtensions\Microsoft\FSharp\Tools;C:\Program Files (x86)\Windows Kits\10\bin\10.0.19041.0\\x64;C:\Program Files (x86)\Windows Kits\10\bin\\x64;C:\Program Files\Microsoft Visual Studio\2022\Professional\\MSBuild\Current\Bin\amd64;C:\WINDOWS\Microsoft.NET\Framework64\v4.0.30319;C:\Program Files\Microsoft Visual Studio\2022\Professional\Common7\IDE\;C:\Program Files\Microsoft Visual Studio\2022\Professional\Common7\Tools\;C:\Python27\;C:\Python27\Scripts;C:\WINDOWS\system32;C:\WINDOWS;C:\WINDOWS\System32\Wbem;C:\WINDOWS\System32\WindowsPowerShell\v1.0\;C:\WINDOWS\System32\OpenSSH\;C:\ProgramData\chocolatey\bin;C:\Program Files (x86)\WiX Toolset v3.7\bin;C:\Program Files\dotnet\;C:\Program Files (x86)\Windows Kits\10\bin\10.0.18362.0\x64;C:\Program Files\Zulu\zulu-11\bin\;C:\Program Files (x86)\Windows Kits\10\bin\10.0.17763.0\x64;C:\Program Files (x86)\Windows Kits\10\bin\x64;C:\Program Files\Git\cmd;C:\Program Files\Git\usr\bin;C:\Program Files\Git\mingw64\bin;C:\Program Files\Git\bin;C:\Python38\;C:\Python38\Scripts;C:\StoreBoxClientWindows;C:\Program Files\Electric Cloud\ElectricCommander\bin;C:\Program Files\WinRAR;C:\Program Files\7-Zip;C:\Program Files (x86)\Windows Kits\10\bin\10.0.19041.0\x64;C:\Users\Administrator\AppData\Local\Microsoft\WindowsApps;C:\Users\Administrator\.dotnet\tools;C:\Program Files\Microsoft Visual Studio\2022\Professional\Common7\IDE\CommonExtensions\Microsoft\CMake\CMake\bin;C:\Program Files\Microsoft Visual Studio\2022\Professional\Common7\IDE\CommonExtensions\Microsoft\CMake\Ninja;C:\Program Files\Microsoft Visual Studio\2022\Professional\Common7\IDE\VC\Linux\bin\ConnectionManagerExe
[2023-11-02T15:31:51.521Z]     -- The C compiler identification is MSVC 19.33.31629.0
[2023-11-02T15:31:51.865Z]     -- The CXX compiler identification is MSVC 19.33.31629.0
[2023-11-02T15:31:52.210Z]     -- Detecting C compiler ABI info
[2023-11-02T15:31:53.007Z]     -- Detecting C compiler ABI info - done
[2023-11-02T15:31:53.007Z]     -- Check for working C compiler: C:/Program Files/Microsoft Visual Studio/2022/Professional/VC/Tools/MSVC/14.33.31629/bin/Hostx64/x64/cl.exe - skipped
[2023-11-02T15:31:53.007Z]     -- Detecting C compile features
[2023-11-02T15:31:53.007Z]     -- Detecting C compile features - done
[2023-11-02T15:31:53.007Z]     -- Detecting CXX compiler ABI info
[2023-11-02T15:31:53.746Z]     -- Detecting CXX compiler ABI info - done
[2023-11-02T15:31:53.746Z]     -- Check for working CXX compiler: C:/Program Files/Microsoft Visual Studio/2022/Professional/VC/Tools/MSVC/14.33.31629/bin/Hostx64/x64/cl.exe - skipped
[2023-11-02T15:31:53.746Z]     -- Detecting CXX compile features
[2023-11-02T15:31:53.746Z]     -- Detecting CXX compile features - done
[2023-11-02T15:31:55.466Z]     -- Using Maya Light API Version 3
[2023-11-02T15:31:55.466Z]     -- Maya has setDefaultMaterialHandling API
[2023-11-02T15:31:55.466Z]     -- Maya has new point snapping API
[2023-11-02T15:31:55.466Z]     -- Maya has isInCrashHandler API
[2023-11-02T15:31:55.466Z]     -- Maya has getDisplayStyleOfAllViewports API
[2023-11-02T15:31:55.466Z]     -- Maya array iterator has difference_type trait
[2023-11-02T15:31:55.466Z]     -- MFnSet has getMemberPaths function
[2023-11-02T15:31:55.466Z]     -- MFnDisplayLayer exists
[2023-11-02T15:31:55.466Z]     -- MDisplayLayerMessage has MDisplayLayerMemberChangedFunction
[2023-11-02T15:31:55.466Z]     -- MRenderItem has HideOnPlayback API
[2023-11-02T15:31:55.466Z]     -- Found Maya: P:/shared/Artifactory/Windows/rundev-master-debug/202310260154/runtime/2caf91a/runTime/bin/maya.exe (found suitable version "2025", minimum required is "2018")
[2023-11-02T15:31:58.514Z]     -- Found Python: P:/shared/Artifactory/Windows/rundev-master-debug/202310260154/runtime/2caf91a/runTime/bin/mayapy.exe (found suitable exact version "3.10.8") found components: Interpreter
[2023-11-02T15:31:58.514Z]     -- Build mayaHydra with Python3 = ON
[2023-11-02T15:31:58.514Z]     --    PYTHON_INCLUDE_DIRS = P:/shared/Artifactory/Windows/rundev-master-debug/202310260154/runtime/2caf91a/runTime/include/Python310/Python
[2023-11-02T15:31:58.514Z]     --    PYTHON_LIBRARIES    = P:/shared/Artifactory/Windows/rundev-master-debug/202310260154/runtime/2caf91a/runTime/lib/python310_d.lib
[2023-11-02T15:31:58.514Z]     --    Python_EXECUTABLE   = P:/shared/Artifactory/Windows/rundev-master-debug/202310260154/runtime/2caf91a/runTime/bin/mayapy.exe
[2023-11-02T15:31:59.253Z]     -- Found Python3: optimized;P:\shared\Artifactory\Windows\rundev-master-debug\202310260154\runtime\2caf91a\runTime/lib/python310_d.lib;debug;P:/shared/Artifactory/Windows/rundev-master-debug/202310260154/runtime/2caf91a/runTime/lib/python310_d.lib (found suitable exact version "3.10.8") found components: Development Development.Module Development.Embed
[2023-11-02T15:31:59.253Z]     -- USD has new Sdr.PropertyTypes.Color4
[2023-11-02T15:31:59.253Z]     -- USD has MaterialX metadata support
[2023-11-02T15:31:59.253Z]     -- USD include dir: P:/shared/Artifactory/Windows/USD/972e371/include
[2023-11-02T15:31:59.253Z]     -- USD library dir: P:/shared/Artifactory/Windows/USD/972e371/lib
[2023-11-02T15:31:59.253Z]     -- USD version: 0.23.8
[2023-11-02T15:31:59.253Z]     -- USD Boost::boost version: 107800
[2023-11-02T15:31:59.253Z]     -- Found USD: P:/shared/Artifactory/Windows/USD/972e371 (found suitable version "0.23.8", minimum required is "0.20.05")
[2023-11-02T15:31:59.253Z]     Updated PYTHONPATH: P:\shared\Artifactory\Windows\USD\972e371\lib\python
[2023-11-02T15:31:59.253Z]     Updated PATH: P:\shared\Artifactory\Windows\cmake\3.20.3\afe857a\bin;C:\Python27\lib\site-packages\pywin32_system32;C:\Program Files\Microsoft Visual Studio\2022\Professional\VC\Tools\MSVC\14.33.31629\bin\HostX64\x64;C:\Program Files\Microsoft Visual Studio\2022\Professional\Common7\IDE\VC\VCPackages;C:\Program Files\Microsoft Visual Studio\2022\Professional\Common7\IDE\CommonExtensions\Microsoft\TestWindow;C:\Program Files\Microsoft Visual Studio\2022\Professional\Common7\IDE\CommonExtensions\Microsoft\TeamFoundation\Team Explorer;C:\Program Files\Microsoft Visual Studio\2022\Professional\MSBuild\Current\bin\Roslyn;C:\Program Files\Microsoft Visual Studio\2022\Professional\Team Tools\Performance Tools\x64;C:\Program Files\Microsoft Visual Studio\2022\Professional\Team Tools\Performance Tools;C:\Program Files (x86)\Microsoft Visual Studio\Shared\Common\VSPerfCollectionTools\vs2019\\x64;C:\Program Files (x86)\Microsoft Visual Studio\Shared\Common\VSPerfCollectionTools\vs2019\;C:\Program Files (x86)\Microsoft SDKs\Windows\v10.0A\bin\NETFX 4.8 Tools\x64\;C:\Program Files (x86)\HTML Help Workshop;C:\Program Files\Microsoft Visual Studio\2022\Professional\Common7\IDE\CommonExtensions\Microsoft\FSharp\Tools;C:\Program Files (x86)\Windows Kits\10\bin\10.0.19041.0\\x64;C:\Program Files (x86)\Windows Kits\10\bin\\x64;C:\Program Files\Microsoft Visual Studio\2022\Professional\\MSBuild\Current\Bin\amd64;C:\WINDOWS\Microsoft.NET\Framework64\v4.0.30319;C:\Program Files\Microsoft Visual Studio\2022\Professional\Common7\IDE\;C:\Program Files\Microsoft Visual Studio\2022\Professional\Common7\Tools\;C:\Python27\;C:\Python27\Scripts;C:\WINDOWS\system32;C:\WINDOWS;C:\WINDOWS\System32\Wbem;C:\WINDOWS\System32\WindowsPowerShell\v1.0\;C:\WINDOWS\System32\OpenSSH\;C:\ProgramData\chocolatey\bin;C:\Program Files (x86)\WiX Toolset v3.7\bin;C:\Program Files\dotnet\;C:\Program Files (x86)\Windows Kits\10\bin\10.0.18362.0\x64;C:\Program Files\Zulu\zulu-11\bin\;C:\Program Files (x86)\Windows Kits\10\bin\10.0.17763.0\x64;C:\Program Files (x86)\Windows Kits\10\bin\x64;C:\Program Files\Git\cmd;C:\Program Files\Git\usr\bin;C:\Program Files\Git\mingw64\bin;C:\Program Files\Git\bin;C:\Python38\;C:\Python38\Scripts;C:\StoreBoxClientWindows;C:\Program Files\Electric Cloud\ElectricCommander\bin;C:\Program Files\WinRAR;C:\Program Files\7-Zip;C:\Program Files (x86)\Windows Kits\10\bin\10.0.19041.0\x64;C:\Users\Administrator\AppData\Local\Microsoft\WindowsApps;C:\Users\Administrator\.dotnet\tools;C:\Program Files\Microsoft Visual Studio\2022\Professional\Common7\IDE\CommonExtensions\Microsoft\CMake\CMake\bin;C:\Program Files\Microsoft Visual Studio\2022\Professional\Common7\IDE\CommonExtensions\Microsoft\CMake\Ninja;C:\Program Files\Microsoft Visual Studio\2022\Professional\Common7\IDE\VC\Linux\bin\ConnectionManagerExe;P:\shared\Artifactory\Windows\USD\972e371\bin;P:\shared\Artifactory\Windows\USD\972e371\lib
[2023-11-02T15:31:59.253Z]     -- Found UFE: P:/shared/Artifactory/Windows/rundev-master-debug/202310260154/runtime/2caf91a/devkitBase/devkit/ufe/include (found version "0.5.11")
[2023-11-02T15:31:59.253Z]     -- UFE include dir: P:/shared/Artifactory/Windows/rundev-master-debug/202310260154/runtime/2caf91a/devkitBase/devkit/ufe/include
[2023-11-02T15:31:59.253Z]     -- UFE library: P:/shared/Artifactory/Windows/rundev-master-debug/202310260154/runtime/2caf91a/devkitBase/devkit/ufe/lib/ufe_0.lib
[2023-11-02T15:31:59.253Z]     -- UFE version: 0.5.11
[2023-11-02T15:31:59.253Z]     -- Maya has UFE lights API
[2023-11-02T15:31:59.253Z]     -- Maya has UFE scene segment API
[2023-11-02T15:31:59.253Z]     -- Maya has UFE TrieNode childrenComponents accessor
[2023-11-02T15:31:59.253Z]     -- Building with UFE 0.5.11.
[2023-11-02T15:31:59.253Z]     -- Found MaterialX
[2023-11-02T15:31:59.597Z]     -- Performing Test HAVE_STDATOMIC
[2023-11-02T15:32:00.337Z]     -- Performing Test HAVE_STDATOMIC - Success
[2023-11-02T15:32:00.680Z]     -- Found OpenGL: opengl32
[2023-11-02T15:32:01.418Z]     -- Check if linker can resolve circular dependencies - TRUE
[2023-11-02T15:32:01.418Z]     -- Found Qt 6.5.2 in Maya devkit. Hydra Scene Browser will be built.
[2023-11-02T15:32:01.418Z]     -- **** Building Gulrak From Github Repository.
[2023-11-02T15:32:01.762Z]     -- Populating gulrak
[2023-11-02T15:32:02.105Z]     -- Configuring done
[2023-11-02T15:32:02.105Z]     -- Generating done
[2023-11-02T15:32:02.105Z]     -- Build files have been written to: W:/build/Debug/_deps/gulrak-subbuild
[2023-11-02T15:32:02.843Z]     [1/9] Creating directories for 'gulrak-populate'
[2023-11-02T15:32:02.843Z]     [1/9] Performing download step (git clone) for 'gulrak-populate'
[2023-11-02T15:32:02.843Z]     Cloning into 'gulrak-src'...
[2023-11-02T15:32:04.563Z]     HEAD is now at 4e21ab3 Version bump and updated readme.
[2023-11-02T15:32:06.893Z]     [2/9] Performing update step for 'gulrak-populate'
[2023-11-02T15:32:06.894Z]     [4/9] No patch step for 'gulrak-populate'
[2023-11-02T15:32:07.237Z]     [5/9] No configure step for 'gulrak-populate'
[2023-11-02T15:32:07.237Z]     [6/9] No build step for 'gulrak-populate'
[2023-11-02T15:32:07.582Z]     [7/9] No install step for 'gulrak-populate'
[2023-11-02T15:32:07.582Z]     [8/9] No test step for 'gulrak-populate'
[2023-11-02T15:32:07.925Z]     [9/9] Completed 'gulrak-populate'
[2023-11-02T15:32:09.121Z]     -- ========== Installing GoogleTest... ==========
[2023-11-02T15:32:09.467Z]     -- Configuring done
[2023-11-02T15:32:09.467Z]     -- Generating done
[2023-11-02T15:32:09.467Z]     -- Build files have been written to: W:/build/Debug/googletest-config
[2023-11-02T15:32:10.220Z]     [1/8] Creating directories for 'googletest'
[2023-11-02T15:32:15.096Z]     [2/8] Performing download step (git clone) for 'googletest'
[2023-11-02T15:32:15.096Z]     Cloning into 'googletest-src'...
[2023-11-02T15:32:15.096Z]     HEAD is now at 703bd9ca Googletest export
[2023-11-02T15:32:16.057Z]     [3/8] Performing update step for 'googletest'
[2023-11-02T15:32:16.057Z]     [4/8] No patch step for 'googletest'
[2023-11-02T15:32:19.106Z]     [5/8] Performing configure step for 'googletest'
[2023-11-02T15:32:19.106Z]     Not searching for unused variables given on the command line.
[2023-11-02T15:32:19.106Z]     CMake Deprecation Warning at CMakeLists.txt:4 (cmake_minimum_required):
[2023-11-02T15:32:19.106Z]       Compatibility with CMake < 2.8.12 will be removed from a future version of
[2023-11-02T15:32:19.106Z]       CMake.
[2023-11-02T15:32:19.106Z]     
[2023-11-02T15:32:19.106Z]       Update the VERSION argument <min> value or use a ...<max> suffix to tell
[2023-11-02T15:32:19.106Z]       CMake that the project does not need compatibility with older versions.
[2023-11-02T15:32:19.106Z]     
[2023-11-02T15:32:19.106Z]     
[2023-11-02T15:32:19.106Z]     -- The C compiler identification is MSVC 19.33.31629.0
[2023-11-02T15:32:19.106Z]     -- The CXX compiler identification is MSVC 19.33.31629.0
[2023-11-02T15:32:19.106Z]     -- Detecting C compiler ABI info
[2023-11-02T15:32:19.106Z]     -- Detecting C compiler ABI info - done
[2023-11-02T15:32:19.107Z]     -- Check for working C compiler: C:/Program Files/Microsoft Visual Studio/2022/Professional/VC/Tools/MSVC/14.33.31629/bin/Hostx64/x64/cl.exe - skipped
[2023-11-02T15:32:19.107Z]     -- Detecting C compile features
[2023-11-02T15:32:19.107Z]     -- Detecting C compile features - done
[2023-11-02T15:32:19.107Z]     -- Detecting CXX compiler ABI info
[2023-11-02T15:32:19.107Z]     -- Detecting CXX compiler ABI info - done
[2023-11-02T15:32:19.107Z]     -- Check for working CXX compiler: C:/Program Files/Microsoft Visual Studio/2022/Professional/VC/Tools/MSVC/14.33.31629/bin/Hostx64/x64/cl.exe - skipped
[2023-11-02T15:32:19.107Z]     -- Detecting CXX compile features
[2023-11-02T15:32:19.107Z]     -- Detecting CXX compile features - done
[2023-11-02T15:32:19.107Z]     CMake Deprecation Warning at googletest/CMakeLists.txt:56 (cmake_minimum_required):
[2023-11-02T15:32:19.107Z]       Compatibility with CMake < 2.8.12 will be removed from a future version of
[2023-11-02T15:32:19.107Z]       CMake.
[2023-11-02T15:32:19.107Z]     
[2023-11-02T15:32:19.107Z]       Update the VERSION argument <min> value or use a ...<max> suffix to tell
[2023-11-02T15:32:19.107Z]       CMake that the project does not need compatibility with older versions.
[2023-11-02T15:32:19.107Z]     
[2023-11-02T15:32:19.107Z]     
[2023-11-02T15:32:19.107Z]     -- Found PythonInterp: C:/Python27/python.exe (found version "2.7.18")
[2023-11-02T15:32:19.107Z]     -- Looking for pthread.h
[2023-11-02T15:32:19.107Z]     -- Looking for pthread.h - not found
[2023-11-02T15:32:19.107Z]     -- Found Threads: TRUE
[2023-11-02T15:32:19.107Z]     -- Configuring done
[2023-11-02T15:32:19.107Z]     -- Generating done
[2023-11-02T15:32:19.107Z]     -- Build files have been written to: W:/build/Debug/googletest-build
[2023-11-02T15:32:22.998Z]     [6/8] Performing build step for 'googletest'
[2023-11-02T15:32:22.998Z]     [1/4] Building CXX object googletest\CMakeFiles\gtest_main.dir\src\gtest_main.cc.obj
[2023-11-02T15:32:22.998Z]     [2/4] Building CXX object googletest\CMakeFiles\gtest.dir\src\gtest-all.cc.obj
[2023-11-02T15:32:22.998Z]     [3/4] Linking CXX shared library bin\gtestd.dll
[2023-11-02T15:32:22.998Z]     [4/4] Linking CXX shared library bin\gtest_maind.dll
[2023-11-02T15:32:22.998Z]     [7/8] Performing install step for 'googletest'
[2023-11-02T15:32:22.998Z]     [0/1] Install the project...
[2023-11-02T15:32:22.998Z]     -- Install configuration: "Debug"
[2023-11-02T15:32:23.343Z]     [8/8] Completed 'googletest'
[2023-11-02T15:32:23.343Z]     -- ========== ...  GoogleTest installed. ==========
[2023-11-02T15:32:25.675Z]     -- Found GTest: W:/build/Debug/googletest-install/lib/gtestd.lib
[2023-11-02T15:32:25.675Z]     -- promoting: S:/jenkins/workspace/ECP/ecg-maya-hydra/ecg-maya-hydra-branch-preflight-python3-windows/ecg-maya-hydra/maya-hydra/lib/mayaHydra/mayaPlugin/pluginUtils.h
[2023-11-02T15:32:25.675Z]     -- promoting: S:/jenkins/workspace/ECP/ecg-maya-hydra/ecg-maya-hydra-branch-preflight-python3-windows/ecg-maya-hydra/maya-hydra/lib/mayaHydra/hydraExtensions/api.h
[2023-11-02T15:32:25.675Z]     -- promoting: S:/jenkins/workspace/ECP/ecg-maya-hydra/ecg-maya-hydra-branch-preflight-python3-windows/ecg-maya-hydra/maya-hydra/lib/mayaHydra/hydraExtensions/debugCodes.h
[2023-11-02T15:32:25.675Z]     -- promoting: S:/jenkins/workspace/ECP/ecg-maya-hydra/ecg-maya-hydra-branch-preflight-python3-windows/ecg-maya-hydra/maya-hydra/lib/mayaHydra/hydraExtensions/hydraUtils.h
[2023-11-02T15:32:25.675Z]     -- promoting: S:/jenkins/workspace/ECP/ecg-maya-hydra/ecg-maya-hydra-branch-preflight-python3-windows/ecg-maya-hydra/maya-hydra/lib/mayaHydra/hydraExtensions/interface.h
[2023-11-02T15:32:25.675Z]     -- promoting: S:/jenkins/workspace/ECP/ecg-maya-hydra/ecg-maya-hydra-branch-preflight-python3-windows/ecg-maya-hydra/maya-hydra/lib/mayaHydra/hydraExtensions/interfaceImp.h
[2023-11-02T15:32:25.675Z]     -- promoting: S:/jenkins/workspace/ECP/ecg-maya-hydra/ecg-maya-hydra-branch-preflight-python3-windows/ecg-maya-hydra/maya-hydra/lib/mayaHydra/hydraExtensions/mayaUtils.h
[2023-11-02T15:32:25.675Z]     -- promoting: S:/jenkins/workspace/ECP/ecg-maya-hydra/ecg-maya-hydra-branch-preflight-python3-windows/ecg-maya-hydra/maya-hydra/lib/mayaHydra/hydraExtensions/mixedUtils.h
[2023-11-02T15:32:25.675Z]     -- promoting: S:/jenkins/workspace/ECP/ecg-maya-hydra/ecg-maya-hydra-branch-preflight-python3-windows/ecg-maya-hydra/maya-hydra/lib/mayaHydra/hydraExtensions/mayaHydraSceneProducer.h
[2023-11-02T15:32:25.675Z]     -- promoting: S:/jenkins/workspace/ECP/ecg-maya-hydra/ecg-maya-hydra-branch-preflight-python3-windows/ecg-maya-hydra/maya-hydra/lib/mayaHydra/hydraExtensions/adapters/adapter.h
[2023-11-02T15:32:25.675Z]     -- promoting: S:/jenkins/workspace/ECP/ecg-maya-hydra/ecg-maya-hydra-branch-preflight-python3-windows/ecg-maya-hydra/maya-hydra/lib/mayaHydra/hydraExtensions/adapters/adapterDebugCodes.h
[2023-11-02T15:32:25.675Z]     -- promoting: S:/jenkins/workspace/ECP/ecg-maya-hydra/ecg-maya-hydra-branch-preflight-python3-windows/ecg-maya-hydra/maya-hydra/lib/mayaHydra/hydraExtensions/adapters/adapterRegistry.h
[2023-11-02T15:32:25.675Z]     -- promoting: S:/jenkins/workspace/ECP/ecg-maya-hydra/ecg-maya-hydra-branch-preflight-python3-windows/ecg-maya-hydra/maya-hydra/lib/mayaHydra/hydraExtensions/adapters/cameraAdapter.h
[2023-11-02T15:32:25.675Z]     -- promoting: S:/jenkins/workspace/ECP/ecg-maya-hydra/ecg-maya-hydra-branch-preflight-python3-windows/ecg-maya-hydra/maya-hydra/lib/mayaHydra/hydraExtensions/adapters/constantShadowMatrix.h
[2023-11-02T15:32:25.675Z]     -- promoting: S:/jenkins/workspace/ECP/ecg-maya-hydra/ecg-maya-hydra-branch-preflight-python3-windows/ecg-maya-hydra/maya-hydra/lib/mayaHydra/hydraExtensions/adapters/dagAdapter.h
[2023-11-02T15:32:25.675Z]     -- promoting: S:/jenkins/workspace/ECP/ecg-maya-hydra/ecg-maya-hydra-branch-preflight-python3-windows/ecg-maya-hydra/maya-hydra/lib/mayaHydra/hydraExtensions/adapters/renderItemAdapter.h
[2023-11-02T15:32:25.675Z]     -- promoting: S:/jenkins/workspace/ECP/ecg-maya-hydra/ecg-maya-hydra-branch-preflight-python3-windows/ecg-maya-hydra/maya-hydra/lib/mayaHydra/hydraExtensions/adapters/lightAdapter.h
[2023-11-02T15:32:25.675Z]     -- promoting: S:/jenkins/workspace/ECP/ecg-maya-hydra/ecg-maya-hydra-branch-preflight-python3-windows/ecg-maya-hydra/maya-hydra/lib/mayaHydra/hydraExtensions/adapters/materialAdapter.h
[2023-11-02T15:32:25.675Z]     -- promoting: S:/jenkins/workspace/ECP/ecg-maya-hydra/ecg-maya-hydra-branch-preflight-python3-windows/ecg-maya-hydra/maya-hydra/lib/mayaHydra/hydraExtensions/adapters/materialNetworkConverter.h
[2023-11-02T15:32:25.675Z]     -- promoting: S:/jenkins/workspace/ECP/ecg-maya-hydra/ecg-maya-hydra-branch-preflight-python3-windows/ecg-maya-hydra/maya-hydra/lib/mayaHydra/hydraExtensions/adapters/mayaAttrs.h
[2023-11-02T15:32:25.675Z]     -- promoting: S:/jenkins/workspace/ECP/ecg-maya-hydra/ecg-maya-hydra-branch-preflight-python3-windows/ecg-maya-hydra/maya-hydra/lib/mayaHydra/hydraExtensions/adapters/shapeAdapter.h
[2023-11-02T15:32:25.676Z]     -- promoting: S:/jenkins/workspace/ECP/ecg-maya-hydra/ecg-maya-hydra-branch-preflight-python3-windows/ecg-maya-hydra/maya-hydra/lib/mayaHydra/hydraExtensions/adapters/tokens.h
[2023-11-02T15:32:25.676Z]     -- promoting: S:/jenkins/workspace/ECP/ecg-maya-hydra/ecg-maya-hydra-branch-preflight-python3-windows/ecg-maya-hydra/maya-hydra/lib/mayaHydra/hydraExtensions/delegates/delegate.h
[2023-11-02T15:32:25.676Z]     -- promoting: S:/jenkins/workspace/ECP/ecg-maya-hydra/ecg-maya-hydra-branch-preflight-python3-windows/ecg-maya-hydra/maya-hydra/lib/mayaHydra/hydraExtensions/delegates/delegateCtx.h
[2023-11-02T15:32:25.676Z]     -- promoting: S:/jenkins/workspace/ECP/ecg-maya-hydra/ecg-maya-hydra-branch-preflight-python3-windows/ecg-maya-hydra/maya-hydra/lib/mayaHydra/hydraExtensions/delegates/delegateDebugCodes.h
[2023-11-02T15:32:25.676Z]     -- promoting: S:/jenkins/workspace/ECP/ecg-maya-hydra/ecg-maya-hydra-branch-preflight-python3-windows/ecg-maya-hydra/maya-hydra/lib/mayaHydra/hydraExtensions/delegates/delegateRegistry.h
[2023-11-02T15:32:25.676Z]     -- promoting: S:/jenkins/workspace/ECP/ecg-maya-hydra/ecg-maya-hydra-branch-preflight-python3-windows/ecg-maya-hydra/maya-hydra/lib/mayaHydra/hydraExtensions/delegates/params.h
[2023-11-02T15:32:25.676Z]     -- promoting: S:/jenkins/workspace/ECP/ecg-maya-hydra/ecg-maya-hydra-branch-preflight-python3-windows/ecg-maya-hydra/maya-hydra/lib/mayaHydra/hydraExtensions/delegates/sceneDelegate.h
[2023-11-02T15:32:25.676Z]     -- promoting: S:/jenkins/workspace/ECP/ecg-maya-hydra/ecg-maya-hydra-branch-preflight-python3-windows/ecg-maya-hydra/maya-hydra/lib/mayaHydra/hydraExtensions/delegates/defaultLightDelegate.h
[2023-11-02T15:32:25.676Z]     -- promoting: S:/jenkins/workspace/ECP/ecg-maya-hydra/ecg-maya-hydra-branch-preflight-python3-windows/ecg-maya-hydra/maya-hydra/lib/mayaHydra/hydraExtensions/delegates/testDelegate.h
[2023-11-02T15:32:25.676Z]     -- promoting: S:/jenkins/workspace/ECP/ecg-maya-hydra/ecg-maya-hydra-branch-preflight-python3-windows/ecg-maya-hydra/maya-hydra/lib/mayaHydra/hydraExtensions/sceneIndex/registration.h
[2023-11-02T15:32:25.676Z]     -- promoting: S:/jenkins/workspace/ECP/ecg-maya-hydra/ecg-maya-hydra-branch-preflight-python3-windows/ecg-maya-hydra/maya-hydra/lib/mayaHydra/hydraExtensions/sceneIndex/mayaHydraSceneIndex.h
[2023-11-02T15:32:25.676Z]     -- promoting: S:/jenkins/workspace/ECP/ecg-maya-hydra/ecg-maya-hydra-branch-preflight-python3-windows/ecg-maya-hydra/maya-hydra/lib/mayaHydra/hydraExtensions/sceneIndex/mayaHydraDataSource.h
[2023-11-02T15:32:25.676Z]     -- promoting: S:/jenkins/workspace/ECP/ecg-maya-hydra/ecg-maya-hydra-branch-preflight-python3-windows/ecg-maya-hydra/maya-hydra/lib/mayaHydra/hydraExtensions/sceneIndex/mayaHydraPrimvarDataSource.h
[2023-11-02T15:32:25.676Z]     -- promoting: S:/jenkins/workspace/ECP/ecg-maya-hydra/ecg-maya-hydra-branch-preflight-python3-windows/ecg-maya-hydra/maya-hydra/lib/mayaHydra/hydraExtensions/sceneIndex/mayaHydraDisplayStyleDataSource.h
[2023-11-02T15:32:25.676Z]     -- promoting: S:/jenkins/workspace/ECP/ecg-maya-hydra/ecg-maya-hydra-branch-preflight-python3-windows/ecg-maya-hydra/maya-hydra/lib/mayaHydra/hydraExtensions/sceneIndex/mayaHydraCameraDataSource.h
[2023-11-02T15:32:25.676Z]     -- promoting: S:/jenkins/workspace/ECP/ecg-maya-hydra/ecg-maya-hydra-branch-preflight-python3-windows/ecg-maya-hydra/maya-hydra/lib/mayaHydra/hydraExtensions/sceneIndex/mayaHydraLightDataSource.h
[2023-11-02T15:32:25.676Z]     -- promoting: S:/jenkins/workspace/ECP/ecg-maya-hydra/ecg-maya-hydra-branch-preflight-python3-windows/ecg-maya-hydra/maya-hydra/lib/mayaHydra/hydraExtensions/sceneIndex/mayaHydraDefaultLightDataSource.h
[2023-11-02T15:32:25.676Z]     -- promoting: S:/jenkins/workspace/ECP/ecg-maya-hydra/ecg-maya-hydra-branch-preflight-python3-windows/ecg-maya-hydra/maya-hydra/lib/mayaHydra/ufeExtensions/api.h
[2023-11-02T15:32:25.676Z]     -- promoting: S:/jenkins/workspace/ECP/ecg-maya-hydra/ecg-maya-hydra-branch-preflight-python3-windows/ecg-maya-hydra/maya-hydra/lib/mayaHydra/ufeExtensions/Global.h
[2023-11-02T15:32:26.021Z]     -- promoting: S:/jenkins/workspace/ECP/ecg-maya-hydra/ecg-maya-hydra-branch-preflight-python3-windows/ecg-maya-hydra/maya-hydra/lib/flowViewport/api.h
[2023-11-02T15:32:26.021Z]     -- promoting: S:/jenkins/workspace/ECP/ecg-maya-hydra/ecg-maya-hydra-branch-preflight-python3-windows/ecg-maya-hydra/maya-hydra/lib/flowViewport/debugCodes.h
[2023-11-02T15:32:26.021Z]     -- promoting: S:/jenkins/workspace/ECP/ecg-maya-hydra/ecg-maya-hydra-branch-preflight-python3-windows/ecg-maya-hydra/maya-hydra/lib/flowViewport/global.h
[2023-11-02T15:32:26.021Z]     -- promoting: S:/jenkins/workspace/ECP/ecg-maya-hydra/ecg-maya-hydra-branch-preflight-python3-windows/ecg-maya-hydra/maya-hydra/lib/flowViewport/tokens.h
[2023-11-02T15:32:26.021Z]     -- promoting: S:/jenkins/workspace/ECP/ecg-maya-hydra/ecg-maya-hydra-branch-preflight-python3-windows/ecg-maya-hydra/maya-hydra/lib/flowViewport/colorPreferences/fvpColorChanged.h
[2023-11-02T15:32:26.021Z]     -- promoting: S:/jenkins/workspace/ECP/ecg-maya-hydra/ecg-maya-hydra-branch-preflight-python3-windows/ecg-maya-hydra/maya-hydra/lib/flowViewport/colorPreferences/fvpColorPreferences.h
[2023-11-02T15:32:26.021Z]     -- promoting: S:/jenkins/workspace/ECP/ecg-maya-hydra/ecg-maya-hydra-branch-preflight-python3-windows/ecg-maya-hydra/maya-hydra/lib/flowViewport/colorPreferences/fvpColorPreferencesTokens.h
[2023-11-02T15:32:26.021Z]     -- promoting: S:/jenkins/workspace/ECP/ecg-maya-hydra/ecg-maya-hydra-branch-preflight-python3-windows/ecg-maya-hydra/maya-hydra/lib/flowViewport/colorPreferences/fvpColorPreferencesTranslator.h
[2023-11-02T15:32:26.021Z]     -- promoting: S:/jenkins/workspace/ECP/ecg-maya-hydra/ecg-maya-hydra-branch-preflight-python3-windows/ecg-maya-hydra/maya-hydra/lib/flowViewport/sceneIndex/fvpMergingSceneIndex.h
[2023-11-02T15:32:26.021Z]     -- promoting: S:/jenkins/workspace/ECP/ecg-maya-hydra/ecg-maya-hydra-branch-preflight-python3-windows/ecg-maya-hydra/maya-hydra/lib/flowViewport/sceneIndex/fvpPassThroughSelectionInterfaceSceneIndex.h
[2023-11-02T15:32:26.021Z]     -- promoting: S:/jenkins/workspace/ECP/ecg-maya-hydra/ecg-maya-hydra-branch-preflight-python3-windows/ecg-maya-hydra/maya-hydra/lib/flowViewport/sceneIndex/fvpPathInterface.h
[2023-11-02T15:32:26.021Z]     -- promoting: S:/jenkins/workspace/ECP/ecg-maya-hydra/ecg-maya-hydra-branch-preflight-python3-windows/ecg-maya-hydra/maya-hydra/lib/flowViewport/sceneIndex/fvpPathInterfaceSceneIndex.h
[2023-11-02T15:32:26.021Z]     -- promoting: S:/jenkins/workspace/ECP/ecg-maya-hydra/ecg-maya-hydra-branch-preflight-python3-windows/ecg-maya-hydra/maya-hydra/lib/flowViewport/sceneIndex/fvpRenderIndexProxy.h
[2023-11-02T15:32:26.021Z]     -- promoting: S:/jenkins/workspace/ECP/ecg-maya-hydra/ecg-maya-hydra-branch-preflight-python3-windows/ecg-maya-hydra/maya-hydra/lib/flowViewport/sceneIndex/fvpSelectionInterface.h
[2023-11-02T15:32:26.021Z]     -- promoting: S:/jenkins/workspace/ECP/ecg-maya-hydra/ecg-maya-hydra-branch-preflight-python3-windows/ecg-maya-hydra/maya-hydra/lib/flowViewport/sceneIndex/fvpSelectionSceneIndex.h
[2023-11-02T15:32:26.021Z]     -- promoting: S:/jenkins/workspace/ECP/ecg-maya-hydra/ecg-maya-hydra-branch-preflight-python3-windows/ecg-maya-hydra/maya-hydra/lib/flowViewport/sceneIndex/fvpWireframeSelectionHighlightSceneIndex.h
[2023-11-02T15:32:26.021Z]     -- promoting: S:/jenkins/workspace/ECP/ecg-maya-hydra/ecg-maya-hydra-branch-preflight-python3-windows/ecg-maya-hydra/maya-hydra/lib/flowViewport/selection/fvpSelectionTracker.h
[2023-11-02T15:32:26.021Z]     -- promoting: S:/jenkins/workspace/ECP/ecg-maya-hydra/ecg-maya-hydra-branch-preflight-python3-windows/ecg-maya-hydra/maya-hydra/lib/flowViewport/selection/fvpSelectionTask.h
[2023-11-02T15:32:29.066Z]     -- Configuring done
[2023-11-02T15:32:29.922Z]     -- Generating done
[2023-11-02T15:32:29.922Z]     CMake Warning:
[2023-11-02T15:32:29.922Z]       Manually-specified variables were not used by the project:
[2023-11-02T15:32:29.922Z]     
[2023-11-02T15:32:29.922Z]         MAYAUSD_DEFINE_BOOST_DEBUG_PYTHON_FLAG
[2023-11-02T15:32:29.922Z]     
[2023-11-02T15:32:29.922Z]     
[2023-11-02T15:32:29.922Z]     -- Build files have been written to: W:/build/Debug
[2023-11-02T15:32:29.922Z]     
[2023-11-02T15:32:29.922Z]         Building with settings:
[2023-11-02T15:32:29.922Z]           Source directory          S:\jenkins\workspace\ECP\ecg-maya-hydra\ecg-maya-hydra-branch-preflight-python3-windows\ecg-maya-hydra\maya-hydra
[2023-11-02T15:32:29.922Z]           Workspace directory       W:\
[2023-11-02T15:32:29.922Z]           Build directory           W:\build\Debug
[2023-11-02T15:32:29.922Z]           Install directory         W:\install\Debug\MayaHydra
[2023-11-02T15:32:29.922Z]           Variant                   Debug
[2023-11-02T15:32:29.922Z]           Python Debug              On
[2023-11-02T15:32:29.922Z]           CMake generator           Ninja
[2023-11-02T15:32:29.922Z]           Build arguments           ['-DCMAKE_MAKE_PROGRAM=P:/shared/Artifactory/Windows/ninja/1.10.2/ccacdf8/ninja.exe', '-DPYTHON_INCLUDE_DIR=P:/shared/Artifactory/Windows/rundev-master-debug/202310260154/runtime/2caf91a/runTime/include/Python310/Python', '-DPython_EXECUTABLE=P:/shared/Artifactory/Windows/rundev-master-debug/202310260154/runtime/2caf91a/runTime/bin/mayapy.exe', '-DPYTHON_LIBRARIES=P:/shared/Artifactory/Windows/rundev-master-debug/202310260154/runtime/2caf91a/runTime/lib/python310_d.lib', '-DBUILD_WITH_PYTHON_3=ON', '-DBUILD_WITH_PYTHON_3_VERSION=3.10', '-DCMAKE_WANT_MATERIALX_BUILD=ON', '-DCMAKE_PREFIX_PATH=P:\\shared\\Artifactory\\Windows\\USD\\972e371']
[2023-11-02T15:32:29.922Z]           Stages arguments          ['configure']
[2023-11-02T15:32:29.922Z]           CTest arguments           ['--parallel 16']
[2023-11-02T15:32:29.922Z]     STATUS: Found Maya Qt headers in: P:\shared\Artifactory\Windows\rundev-master-debug\202310260154\runtime\2caf91a\devkitBase
[2023-11-02T15:32:29.922Z]     Success MayaHydra build and install !!!!
[2023-11-02T15:32:29.922Z]     Elapsed time: 00:00:39
[Pipeline] bat
[2023-11-02T15:32:30.899Z] Deleting alias drive W:
[Pipeline] bat
[2023-11-02T15:32:31.527Z] Deleting alias drive P:
[Pipeline] bat
[2023-11-02T15:32:32.175Z] Creating alias drive P: to S:\jenkins\workspace
[Pipeline] bat
[2023-11-02T15:32:32.808Z] Creating alias drive W: to S:\jenkins\workspace\ECP\ecg-maya-hydra\ecg-maya-hydra-branch-preflight-python3-windows
[Pipeline] bat
[2023-11-02T15:32:33.573Z] "C:\Program Files\Microsoft Visual Studio\2022\Professional\VC\Auxiliary\Build\vcvarsall.bat" x64
[2023-11-02T15:32:33.916Z] **********************************************************************
[2023-11-02T15:32:33.916Z] ** Visual Studio 2022 Developer Command Prompt v17.3.2
[2023-11-02T15:32:33.916Z] ** Copyright (c) 2022 Microsoft Corporation
[2023-11-02T15:32:33.916Z] **********************************************************************
[2023-11-02T15:32:35.634Z] [vcvarsall.bat] Environment initialized for: 'x64'
[2023-11-02T15:32:35.634Z] python ecg-maya-hydra/build.py --stages=configure --workspace-dir=W:\ --artifactory-dir=P:\shared\Artifactory --build-dir=W:\build --install-dir=W:\install --signing-dir=W:\signing --package-dir=W:\package --output-dir=W:\output --stash-dir=W:\stash --jenkins-build=363 --git-commit=72fb5b09b803a42e1c4f84569bd73dfe3760fa2f --git-branch=master --variants=RelWithDebInfo --interactive-tests=true --post-zips=false --osx-binary-architecture-target=ub2 --osx-deployment-target=11.0 --osx-base-sdk=CurrentActiveSDK --maya-cut-config=maya-rundev-master.yaml --maya-package=rundev-master --stage-banner
[2023-11-02T15:32:36.371Z] Using Maya cut from P:\shared\Artifactory\Windows\rundev-master\202311010714\runtime\72a99e3
[2023-11-02T15:32:36.371Z] Using Maya ADSK Signatures from P:\shared\Artifactory\Windows\adsk-plugin-signatures-maya\2023\3ae1ae7
[2023-11-02T15:32:36.371Z] Using Maya Security Library from P:\shared\Artifactory\Windows\maya-security-library\3.4.0\284407f
[2023-11-02T15:32:36.371Z] 
[2023-11-02T15:32:36.371Z] ================================================================================
[2023-11-02T15:32:36.371Z]                            configure (RelWithDebInfo)
[2023-11-02T15:32:36.371Z] ================================================================================
[2023-11-02T15:32:36.371Z] Maya Python RelWithDebInfo Info:
[2023-11-02T15:32:36.371Z]   mayapy executable   = P:\shared\Artifactory\Windows\rundev-master\202311010714\runtime\72a99e3\runTime\bin\mayapy.exe
[2023-11-02T15:32:36.371Z]   Include Folder      = P:\shared\Artifactory\Windows\rundev-master\202311010714\runtime\72a99e3\runTime\include\Python310\Python
[2023-11-02T15:32:36.371Z]   Library             = P:\shared\Artifactory\Windows\rundev-master\202311010714\runtime\72a99e3\runTime\lib\python310.lib
[2023-11-02T15:32:36.371Z]   site-package Folder = P:\shared\Artifactory\Windows\rundev-master\202311010714\runtime\72a99e3\runTime\Python\Lib\site-packages
[2023-11-02T15:32:37.562Z] In workdir: S:\jenkins\workspace\ECP\ecg-maya-hydra\ecg-maya-hydra-branch-preflight-python3-windows\ecg-maya-hydra\maya-hydra
[2023-11-02T15:32:37.562Z] Executing: 'P:\\shared\\Artifactory\\Windows\\rundev-master\\202311010714\\runtime\\72a99e3\\runTime\\bin\\mayapy.exe' 'S:\\jenkins\\workspace\\ECP\\ecg-maya-hydra\\ecg-maya-hydra-branch-preflight-python3-windows\\ecg-maya-hydra\\maya-hydra\\build.py' --generator Ninja --build-relwithdebug --maya-location 'P:\\shared\\Artifactory\\Windows\\rundev-master\\202311010714\\runtime\\72a99e3\\runTime' --devkit-location 'P:\\shared\\Artifactory\\Windows\\rundev-master\\202311010714\\runtime\\72a99e3\\devkitBase' --pxrusd-location 'P:\\shared\\Artifactory\\Windows\\USD\\ce619c6' '--build-args=-DCMAKE_MAKE_PROGRAM=P:/shared/Artifactory/Windows/ninja/1.10.2/ccacdf8/ninja.exe,-DPYTHON_INCLUDE_DIR=P:/shared/Artifactory/Windows/rundev-master/202311010714/runtime/72a99e3/runTime/include/Python310/Python,-DPython_EXECUTABLE=P:/shared/Artifactory/Windows/rundev-master/202311010714/runtime/72a99e3/runTime/bin/mayapy.exe,-DPYTHON_LIBRARIES=P:/shared/Artifactory/Windows/rundev-master/202311010714/runtime/72a99e3/runTime/lib/python310.lib,-DBUILD_WITH_PYTHON_3=ON,-DBUILD_WITH_PYTHON_3_VERSION=3.10,-DCMAKE_WANT_MATERIALX_BUILD=ON,-DCMAKE_PREFIX_PATH=P:\\shared\\Artifactory\\Windows\\USD\\ce619c6' '--ctest-args=--parallel 16' --stages=configure --redirect-outstream-file=False --install-location 'W:\\install\\RelWithDebInfo\\MayaHydra' 'W:\\'
[2023-11-02T15:32:37.562Z] Modified environment variables:
[2023-11-02T15:32:37.562Z]     PATH=P:\shared\Artifactory\Windows\cmake\3.20.3\afe857a\bin;C:\Python27\lib\site-packages\pywin32_system32;C:\Program Files\Microsoft Visual Studio\2022\Professional\VC\Tools\MSVC\14.33.31629\bin\HostX64\x64;C:\Program Files\Microsoft Visual Studio\2022\Professional\Common7\IDE\VC\VCPackages;C:\Program Files\Microsoft Visual Studio\2022\Professional\Common7\IDE\CommonExtensions\Microsoft\TestWindow;C:\Program Files\Microsoft Visual Studio\2022\Professional\Common7\IDE\CommonExtensions\Microsoft\TeamFoundation\Team Explorer;C:\Program Files\Microsoft Visual Studio\2022\Professional\MSBuild\Current\bin\Roslyn;C:\Program Files\Microsoft Visual Studio\2022\Professional\Team Tools\Performance Tools\x64;C:\Program Files\Microsoft Visual Studio\2022\Professional\Team Tools\Performance Tools;C:\Program Files (x86)\Microsoft Visual Studio\Shared\Common\VSPerfCollectionTools\vs2019\\x64;C:\Program Files (x86)\Microsoft Visual Studio\Shared\Common\VSPerfCollectionTools\vs2019\;C:\Program Files (x86)\Microsoft SDKs\Windows\v10.0A\bin\NETFX 4.8 Tools\x64\;C:\Program Files (x86)\HTML Help Workshop;C:\Program Files\Microsoft Visual Studio\2022\Professional\Common7\IDE\CommonExtensions\Microsoft\FSharp\Tools;C:\Program Files (x86)\Windows Kits\10\bin\10.0.19041.0\\x64;C:\Program Files (x86)\Windows Kits\10\bin\\x64;C:\Program Files\Microsoft Visual Studio\2022\Professional\\MSBuild\Current\Bin\amd64;C:\WINDOWS\Microsoft.NET\Framework64\v4.0.30319;C:\Program Files\Microsoft Visual Studio\2022\Professional\Common7\IDE\;C:\Program Files\Microsoft Visual Studio\2022\Professional\Common7\Tools\;C:\Python27\;C:\Python27\Scripts;C:\WINDOWS\system32;C:\WINDOWS;C:\WINDOWS\System32\Wbem;C:\WINDOWS\System32\WindowsPowerShell\v1.0\;C:\WINDOWS\System32\OpenSSH\;C:\ProgramData\chocolatey\bin;C:\Program Files (x86)\WiX Toolset v3.7\bin;C:\Program Files\dotnet\;C:\Program Files (x86)\Windows Kits\10\bin\10.0.18362.0\x64;C:\Program Files\Zulu\zulu-11\bin\;C:\Program Files (x86)\Windows Kits\10\bin\10.0.17763.0\x64;C:\Program Files (x86)\Windows Kits\10\bin\x64;C:\Program Files\Git\cmd;C:\Program Files\Git\usr\bin;C:\Program Files\Git\mingw64\bin;C:\Program Files\Git\bin;C:\Python38\;C:\Python38\Scripts;C:\StoreBoxClientWindows;C:\Program Files\Electric Cloud\ElectricCommander\bin;C:\Program Files\WinRAR;C:\Program Files\7-Zip;C:\Program Files (x86)\Windows Kits\10\bin\10.0.19041.0\x64;C:\Users\Administrator\AppData\Local\Microsoft\WindowsApps;C:\Users\Administrator\.dotnet\tools;C:\Program Files\Microsoft Visual Studio\2022\Professional\Common7\IDE\CommonExtensions\Microsoft\CMake\CMake\bin;C:\Program Files\Microsoft Visual Studio\2022\Professional\Common7\IDE\CommonExtensions\Microsoft\CMake\Ninja;C:\Program Files\Microsoft Visual Studio\2022\Professional\Common7\IDE\VC\Linux\bin\ConnectionManagerExe
[2023-11-02T15:32:39.301Z]     -- The C compiler identification is MSVC 19.33.31629.0
[2023-11-02T15:32:39.644Z]     -- The CXX compiler identification is MSVC 19.33.31629.0
[2023-11-02T15:32:39.644Z]     -- Detecting C compiler ABI info
[2023-11-02T15:32:40.504Z]     -- Detecting C compiler ABI info - done
[2023-11-02T15:32:40.504Z]     -- Check for working C compiler: C:/Program Files/Microsoft Visual Studio/2022/Professional/VC/Tools/MSVC/14.33.31629/bin/Hostx64/x64/cl.exe - skipped
[2023-11-02T15:32:40.504Z]     -- Detecting C compile features
[2023-11-02T15:32:40.504Z]     -- Detecting C compile features - done
[2023-11-02T15:32:40.504Z]     -- Detecting CXX compiler ABI info
[2023-11-02T15:32:41.242Z]     -- Detecting CXX compiler ABI info - done
[2023-11-02T15:32:41.242Z]     -- Check for working CXX compiler: C:/Program Files/Microsoft Visual Studio/2022/Professional/VC/Tools/MSVC/14.33.31629/bin/Hostx64/x64/cl.exe - skipped
[2023-11-02T15:32:41.242Z]     -- Detecting CXX compile features
[2023-11-02T15:32:41.242Z]     -- Detecting CXX compile features - done
[2023-11-02T15:32:42.435Z]     -- Using Maya Light API Version 3
[2023-11-02T15:32:42.435Z]     -- Maya has setDefaultMaterialHandling API
[2023-11-02T15:32:42.435Z]     -- Maya has new point snapping API
[2023-11-02T15:32:42.435Z]     -- Maya has isInCrashHandler API
[2023-11-02T15:32:42.435Z]     -- Maya has getDisplayStyleOfAllViewports API
[2023-11-02T15:32:42.435Z]     -- Maya array iterator has difference_type trait
[2023-11-02T15:32:42.435Z]     -- MFnSet has getMemberPaths function
[2023-11-02T15:32:42.435Z]     -- MFnDisplayLayer exists
[2023-11-02T15:32:42.435Z]     -- MDisplayLayerMessage has MDisplayLayerMemberChangedFunction
[2023-11-02T15:32:42.435Z]     -- MRenderItem has HideOnPlayback API
[2023-11-02T15:32:42.435Z]     -- Found Maya: P:/shared/Artifactory/Windows/rundev-master/202311010714/runtime/72a99e3/runTime/bin/maya.exe (found suitable version "2025", minimum required is "2018")
[2023-11-02T15:32:44.152Z]     -- Found Python: P:/shared/Artifactory/Windows/rundev-master/202311010714/runtime/72a99e3/runTime/bin/mayapy.exe (found suitable exact version "3.10.8") found components: Interpreter
[2023-11-02T15:32:44.152Z]     -- Build mayaHydra with Python3 = ON
[2023-11-02T15:32:44.152Z]     --    PYTHON_INCLUDE_DIRS = P:/shared/Artifactory/Windows/rundev-master/202311010714/runtime/72a99e3/runTime/include/Python310/Python
[2023-11-02T15:32:44.152Z]     --    PYTHON_LIBRARIES    = P:/shared/Artifactory/Windows/rundev-master/202311010714/runtime/72a99e3/runTime/lib/python310.lib
[2023-11-02T15:32:44.152Z]     --    Python_EXECUTABLE   = P:/shared/Artifactory/Windows/rundev-master/202311010714/runtime/72a99e3/runTime/bin/mayapy.exe
[2023-11-02T15:32:44.152Z]     -- Found Python3: P:\shared\Artifactory\Windows\rundev-master\202311010714\runtime\72a99e3\runTime/lib/python310.lib (found suitable exact version "3.10.8") found components: Development Development.Module Development.Embed
[2023-11-02T15:32:44.152Z]     -- USD has new Sdr.PropertyTypes.Color4
[2023-11-02T15:32:44.152Z]     -- USD has MaterialX metadata support
[2023-11-02T15:32:44.152Z]     -- USD include dir: P:/shared/Artifactory/Windows/USD/ce619c6/include
[2023-11-02T15:32:44.152Z]     -- USD library dir: P:/shared/Artifactory/Windows/USD/ce619c6/lib
[2023-11-02T15:32:44.152Z]     -- USD version: 0.23.8
[2023-11-02T15:32:44.152Z]     -- USD Boost::boost version: 107800
[2023-11-02T15:32:44.152Z]     -- Found USD: P:/shared/Artifactory/Windows/USD/ce619c6 (found suitable version "0.23.8", minimum required is "0.20.05")
[2023-11-02T15:32:44.152Z]     Updated PYTHONPATH: P:\shared\Artifactory\Windows\USD\ce619c6\lib\python
[2023-11-02T15:32:44.152Z]     Updated PATH: P:\shared\Artifactory\Windows\cmake\3.20.3\afe857a\bin;C:\Python27\lib\site-packages\pywin32_system32;C:\Program Files\Microsoft Visual Studio\2022\Professional\VC\Tools\MSVC\14.33.31629\bin\HostX64\x64;C:\Program Files\Microsoft Visual Studio\2022\Professional\Common7\IDE\VC\VCPackages;C:\Program Files\Microsoft Visual Studio\2022\Professional\Common7\IDE\CommonExtensions\Microsoft\TestWindow;C:\Program Files\Microsoft Visual Studio\2022\Professional\Common7\IDE\CommonExtensions\Microsoft\TeamFoundation\Team Explorer;C:\Program Files\Microsoft Visual Studio\2022\Professional\MSBuild\Current\bin\Roslyn;C:\Program Files\Microsoft Visual Studio\2022\Professional\Team Tools\Performance Tools\x64;C:\Program Files\Microsoft Visual Studio\2022\Professional\Team Tools\Performance Tools;C:\Program Files (x86)\Microsoft Visual Studio\Shared\Common\VSPerfCollectionTools\vs2019\\x64;C:\Program Files (x86)\Microsoft Visual Studio\Shared\Common\VSPerfCollectionTools\vs2019\;C:\Program Files (x86)\Microsoft SDKs\Windows\v10.0A\bin\NETFX 4.8 Tools\x64\;C:\Program Files (x86)\HTML Help Workshop;C:\Program Files\Microsoft Visual Studio\2022\Professional\Common7\IDE\CommonExtensions\Microsoft\FSharp\Tools;C:\Program Files (x86)\Windows Kits\10\bin\10.0.19041.0\\x64;C:\Program Files (x86)\Windows Kits\10\bin\\x64;C:\Program Files\Microsoft Visual Studio\2022\Professional\\MSBuild\Current\Bin\amd64;C:\WINDOWS\Microsoft.NET\Framework64\v4.0.30319;C:\Program Files\Microsoft Visual Studio\2022\Professional\Common7\IDE\;C:\Program Files\Microsoft Visual Studio\2022\Professional\Common7\Tools\;C:\Python27\;C:\Python27\Scripts;C:\WINDOWS\system32;C:\WINDOWS;C:\WINDOWS\System32\Wbem;C:\WINDOWS\System32\WindowsPowerShell\v1.0\;C:\WINDOWS\System32\OpenSSH\;C:\ProgramData\chocolatey\bin;C:\Program Files (x86)\WiX Toolset v3.7\bin;C:\Program Files\dotnet\;C:\Program Files (x86)\Windows Kits\10\bin\10.0.18362.0\x64;C:\Program Files\Zulu\zulu-11\bin\;C:\Program Files (x86)\Windows Kits\10\bin\10.0.17763.0\x64;C:\Program Files (x86)\Windows Kits\10\bin\x64;C:\Program Files\Git\cmd;C:\Program Files\Git\usr\bin;C:\Program Files\Git\mingw64\bin;C:\Program Files\Git\bin;C:\Python38\;C:\Python38\Scripts;C:\StoreBoxClientWindows;C:\Program Files\Electric Cloud\ElectricCommander\bin;C:\Program Files\WinRAR;C:\Program Files\7-Zip;C:\Program Files (x86)\Windows Kits\10\bin\10.0.19041.0\x64;C:\Users\Administrator\AppData\Local\Microsoft\WindowsApps;C:\Users\Administrator\.dotnet\tools;C:\Program Files\Microsoft Visual Studio\2022\Professional\Common7\IDE\CommonExtensions\Microsoft\CMake\CMake\bin;C:\Program Files\Microsoft Visual Studio\2022\Professional\Common7\IDE\CommonExtensions\Microsoft\CMake\Ninja;C:\Program Files\Microsoft Visual Studio\2022\Professional\Common7\IDE\VC\Linux\bin\ConnectionManagerExe;P:\shared\Artifactory\Windows\USD\ce619c6\bin;P:\shared\Artifactory\Windows\USD\ce619c6\lib
[2023-11-02T15:32:44.152Z]     -- Found UFE: P:/shared/Artifactory/Windows/rundev-master/202311010714/runtime/72a99e3/devkitBase/devkit/ufe/include (found version "0.5.11")
[2023-11-02T15:32:44.152Z]     -- UFE include dir: P:/shared/Artifactory/Windows/rundev-master/202311010714/runtime/72a99e3/devkitBase/devkit/ufe/include
[2023-11-02T15:32:44.152Z]     -- UFE library: P:/shared/Artifactory/Windows/rundev-master/202311010714/runtime/72a99e3/devkitBase/devkit/ufe/lib/ufe_0.lib
[2023-11-02T15:32:44.152Z]     -- UFE version: 0.5.11
[2023-11-02T15:32:44.152Z]     -- Maya has UFE lights API
[2023-11-02T15:32:44.152Z]     -- Maya has UFE scene segment API
[2023-11-02T15:32:44.152Z]     -- Maya has UFE TrieNode childrenComponents accessor
[2023-11-02T15:32:44.152Z]     -- Building with UFE 0.5.11.
[2023-11-02T15:32:44.152Z]     -- Found MaterialX
[2023-11-02T15:32:44.496Z]     -- Performing Test HAVE_STDATOMIC
[2023-11-02T15:32:45.687Z]     -- Performing Test HAVE_STDATOMIC - Success
[2023-11-02T15:32:45.687Z]     -- Found OpenGL: opengl32
[2023-11-02T15:32:46.879Z]     -- Check if linker can resolve circular dependencies - TRUE
[2023-11-02T15:32:46.879Z]     -- Found Qt 6.5.2 in Maya devkit. Hydra Scene Browser will be built.
[2023-11-02T15:32:46.879Z]     -- **** Building Gulrak From Github Repository.
[2023-11-02T15:32:46.879Z]     -- Populating gulrak
[2023-11-02T15:32:47.224Z]     -- Configuring done
[2023-11-02T15:32:47.224Z]     -- Generating done
[2023-11-02T15:32:47.224Z]     -- Build files have been written to: W:/build/RelWithDebInfo/_deps/gulrak-subbuild
[2023-11-02T15:32:47.963Z]     [1/9] Creating directories for 'gulrak-populate'
[2023-11-02T15:32:47.963Z]     [1/9] Performing download step (git clone) for 'gulrak-populate'
[2023-11-02T15:32:48.308Z]     Cloning into 'gulrak-src'...
[2023-11-02T15:32:49.502Z]     HEAD is now at 4e21ab3 Version bump and updated readme.
[2023-11-02T15:32:51.834Z]     [2/9] Performing update step for 'gulrak-populate'
[2023-11-02T15:32:52.180Z]     [4/9] No patch step for 'gulrak-populate'
[2023-11-02T15:32:52.180Z]     [5/9] No configure step for 'gulrak-populate'
[2023-11-02T15:32:52.180Z]     [6/9] No build step for 'gulrak-populate'
[2023-11-02T15:32:52.527Z]     [7/9] No install step for 'gulrak-populate'
[2023-11-02T15:32:52.527Z]     [8/9] No test step for 'gulrak-populate'
[2023-11-02T15:32:52.872Z]     [9/9] Completed 'gulrak-populate'
[2023-11-02T15:32:54.068Z]     -- ========== Installing GoogleTest... ==========
[2023-11-02T15:32:54.415Z]     -- Configuring done
[2023-11-02T15:32:54.415Z]     -- Generating done
[2023-11-02T15:32:54.415Z]     -- Build files have been written to: W:/build/RelWithDebInfo/googletest-config
[2023-11-02T15:32:55.156Z]     [1/8] Creating directories for 'googletest'
[2023-11-02T15:33:00.050Z]     [2/8] Performing download step (git clone) for 'googletest'
[2023-11-02T15:33:00.050Z]     Cloning into 'googletest-src'...
[2023-11-02T15:33:00.050Z]     HEAD is now at 703bd9ca Googletest export
[2023-11-02T15:33:00.394Z]     [3/8] Performing update step for 'googletest'
[2023-11-02T15:33:00.394Z]     [4/8] No patch step for 'googletest'
[2023-11-02T15:33:04.325Z]     [5/8] Performing configure step for 'googletest'
[2023-11-02T15:33:04.325Z]     Not searching for unused variables given on the command line.
[2023-11-02T15:33:04.325Z]     CMake Deprecation Warning at CMakeLists.txt:4 (cmake_minimum_required):
[2023-11-02T15:33:04.325Z]       Compatibility with CMake < 2.8.12 will be removed from a future version of
[2023-11-02T15:33:04.325Z]       CMake.
[2023-11-02T15:33:04.325Z]     
[2023-11-02T15:33:04.325Z]       Update the VERSION argument <min> value or use a ...<max> suffix to tell
[2023-11-02T15:33:04.325Z]       CMake that the project does not need compatibility with older versions.
[2023-11-02T15:33:04.325Z]     
[2023-11-02T15:33:04.325Z]     
[2023-11-02T15:33:04.326Z]     -- The C compiler identification is MSVC 19.33.31629.0
[2023-11-02T15:33:04.326Z]     -- The CXX compiler identification is MSVC 19.33.31629.0
[2023-11-02T15:33:04.326Z]     -- Detecting C compiler ABI info
[2023-11-02T15:33:04.326Z]     -- Detecting C compiler ABI info - done
[2023-11-02T15:33:04.326Z]     -- Check for working C compiler: C:/Program Files/Microsoft Visual Studio/2022/Professional/VC/Tools/MSVC/14.33.31629/bin/Hostx64/x64/cl.exe - skipped
[2023-11-02T15:33:04.326Z]     -- Detecting C compile features
[2023-11-02T15:33:04.326Z]     -- Detecting C compile features - done
[2023-11-02T15:33:04.326Z]     -- Detecting CXX compiler ABI info
[2023-11-02T15:33:04.326Z]     -- Detecting CXX compiler ABI info - done
[2023-11-02T15:33:04.326Z]     -- Check for working CXX compiler: C:/Program Files/Microsoft Visual Studio/2022/Professional/VC/Tools/MSVC/14.33.31629/bin/Hostx64/x64/cl.exe - skipped
[2023-11-02T15:33:04.326Z]     -- Detecting CXX compile features
[2023-11-02T15:33:04.326Z]     -- Detecting CXX compile features - done
[2023-11-02T15:33:04.326Z]     CMake Deprecation Warning at googletest/CMakeLists.txt:56 (cmake_minimum_required):
[2023-11-02T15:33:04.326Z]       Compatibility with CMake < 2.8.12 will be removed from a future version of
[2023-11-02T15:33:04.326Z]       CMake.
[2023-11-02T15:33:04.326Z]     
[2023-11-02T15:33:04.326Z]       Update the VERSION argument <min> value or use a ...<max> suffix to tell
[2023-11-02T15:33:04.326Z]       CMake that the project does not need compatibility with older versions.
[2023-11-02T15:33:04.326Z]     
[2023-11-02T15:33:04.326Z]     
[2023-11-02T15:33:04.326Z]     -- Found PythonInterp: C:/Python27/python.exe (found version "2.7.18")
[2023-11-02T15:33:04.326Z]     -- Looking for pthread.h
[2023-11-02T15:33:04.326Z]     -- Looking for pthread.h - not found
[2023-11-02T15:33:04.326Z]     -- Found Threads: TRUE
[2023-11-02T15:33:04.326Z]     -- Configuring done
[2023-11-02T15:33:04.326Z]     -- Generating done
[2023-11-02T15:33:04.326Z]     -- Build files have been written to: W:/build/RelWithDebInfo/googletest-build
[2023-11-02T15:33:08.225Z]     [6/8] Performing build step for 'googletest'
[2023-11-02T15:33:08.225Z]     [1/4] Building CXX object googletest\CMakeFiles\gtest_main.dir\src\gtest_main.cc.obj
[2023-11-02T15:33:08.225Z]     [2/4] Building CXX object googletest\CMakeFiles\gtest.dir\src\gtest-all.cc.obj
[2023-11-02T15:33:08.225Z]     [3/4] Linking CXX shared library bin\gtest.dll
[2023-11-02T15:33:08.225Z]     [4/4] Linking CXX shared library bin\gtest_main.dll
[2023-11-02T15:33:08.973Z]     [7/8] Performing install step for 'googletest'
[2023-11-02T15:33:08.973Z]     [0/1] Install the project...
[2023-11-02T15:33:08.973Z]     -- Install configuration: "RelWithDebInfo"
[2023-11-02T15:33:08.973Z]     [8/8] Completed 'googletest'
[2023-11-02T15:33:08.973Z]     -- ========== ...  GoogleTest installed. ==========
[2023-11-02T15:33:10.706Z]     -- Found GTest: W:/build/RelWithDebInfo/googletest-install/lib/gtest.lib
[2023-11-02T15:33:10.706Z]     -- promoting: S:/jenkins/workspace/ECP/ecg-maya-hydra/ecg-maya-hydra-branch-preflight-python3-windows/ecg-maya-hydra/maya-hydra/lib/mayaHydra/mayaPlugin/pluginUtils.h
[2023-11-02T15:33:10.706Z]     -- promoting: S:/jenkins/workspace/ECP/ecg-maya-hydra/ecg-maya-hydra-branch-preflight-python3-windows/ecg-maya-hydra/maya-hydra/lib/mayaHydra/hydraExtensions/api.h
[2023-11-02T15:33:10.706Z]     -- promoting: S:/jenkins/workspace/ECP/ecg-maya-hydra/ecg-maya-hydra-branch-preflight-python3-windows/ecg-maya-hydra/maya-hydra/lib/mayaHydra/hydraExtensions/debugCodes.h
[2023-11-02T15:33:10.706Z]     -- promoting: S:/jenkins/workspace/ECP/ecg-maya-hydra/ecg-maya-hydra-branch-preflight-python3-windows/ecg-maya-hydra/maya-hydra/lib/mayaHydra/hydraExtensions/hydraUtils.h
[2023-11-02T15:33:10.706Z]     -- promoting: S:/jenkins/workspace/ECP/ecg-maya-hydra/ecg-maya-hydra-branch-preflight-python3-windows/ecg-maya-hydra/maya-hydra/lib/mayaHydra/hydraExtensions/interface.h
[2023-11-02T15:33:10.706Z]     -- promoting: S:/jenkins/workspace/ECP/ecg-maya-hydra/ecg-maya-hydra-branch-preflight-python3-windows/ecg-maya-hydra/maya-hydra/lib/mayaHydra/hydraExtensions/interfaceImp.h
[2023-11-02T15:33:10.706Z]     -- promoting: S:/jenkins/workspace/ECP/ecg-maya-hydra/ecg-maya-hydra-branch-preflight-python3-windows/ecg-maya-hydra/maya-hydra/lib/mayaHydra/hydraExtensions/mayaUtils.h
[2023-11-02T15:33:10.706Z]     -- promoting: S:/jenkins/workspace/ECP/ecg-maya-hydra/ecg-maya-hydra-branch-preflight-python3-windows/ecg-maya-hydra/maya-hydra/lib/mayaHydra/hydraExtensions/mixedUtils.h
[2023-11-02T15:33:10.706Z]     -- promoting: S:/jenkins/workspace/ECP/ecg-maya-hydra/ecg-maya-hydra-branch-preflight-python3-windows/ecg-maya-hydra/maya-hydra/lib/mayaHydra/hydraExtensions/mayaHydraSceneProducer.h
[2023-11-02T15:33:10.706Z]     -- promoting: S:/jenkins/workspace/ECP/ecg-maya-hydra/ecg-maya-hydra-branch-preflight-python3-windows/ecg-maya-hydra/maya-hydra/lib/mayaHydra/hydraExtensions/adapters/adapter.h
[2023-11-02T15:33:10.706Z]     -- promoting: S:/jenkins/workspace/ECP/ecg-maya-hydra/ecg-maya-hydra-branch-preflight-python3-windows/ecg-maya-hydra/maya-hydra/lib/mayaHydra/hydraExtensions/adapters/adapterDebugCodes.h
[2023-11-02T15:33:10.706Z]     -- promoting: S:/jenkins/workspace/ECP/ecg-maya-hydra/ecg-maya-hydra-branch-preflight-python3-windows/ecg-maya-hydra/maya-hydra/lib/mayaHydra/hydraExtensions/adapters/adapterRegistry.h
[2023-11-02T15:33:10.706Z]     -- promoting: S:/jenkins/workspace/ECP/ecg-maya-hydra/ecg-maya-hydra-branch-preflight-python3-windows/ecg-maya-hydra/maya-hydra/lib/mayaHydra/hydraExtensions/adapters/cameraAdapter.h
[2023-11-02T15:33:10.706Z]     -- promoting: S:/jenkins/workspace/ECP/ecg-maya-hydra/ecg-maya-hydra-branch-preflight-python3-windows/ecg-maya-hydra/maya-hydra/lib/mayaHydra/hydraExtensions/adapters/constantShadowMatrix.h
[2023-11-02T15:33:10.706Z]     -- promoting: S:/jenkins/workspace/ECP/ecg-maya-hydra/ecg-maya-hydra-branch-preflight-python3-windows/ecg-maya-hydra/maya-hydra/lib/mayaHydra/hydraExtensions/adapters/dagAdapter.h
[2023-11-02T15:33:10.706Z]     -- promoting: S:/jenkins/workspace/ECP/ecg-maya-hydra/ecg-maya-hydra-branch-preflight-python3-windows/ecg-maya-hydra/maya-hydra/lib/mayaHydra/hydraExtensions/adapters/renderItemAdapter.h
[2023-11-02T15:33:10.706Z]     -- promoting: S:/jenkins/workspace/ECP/ecg-maya-hydra/ecg-maya-hydra-branch-preflight-python3-windows/ecg-maya-hydra/maya-hydra/lib/mayaHydra/hydraExtensions/adapters/lightAdapter.h
[2023-11-02T15:33:10.706Z]     -- promoting: S:/jenkins/workspace/ECP/ecg-maya-hydra/ecg-maya-hydra-branch-preflight-python3-windows/ecg-maya-hydra/maya-hydra/lib/mayaHydra/hydraExtensions/adapters/materialAdapter.h
[2023-11-02T15:33:10.706Z]     -- promoting: S:/jenkins/workspace/ECP/ecg-maya-hydra/ecg-maya-hydra-branch-preflight-python3-windows/ecg-maya-hydra/maya-hydra/lib/mayaHydra/hydraExtensions/adapters/materialNetworkConverter.h
[2023-11-02T15:33:10.706Z]     -- promoting: S:/jenkins/workspace/ECP/ecg-maya-hydra/ecg-maya-hydra-branch-preflight-python3-windows/ecg-maya-hydra/maya-hydra/lib/mayaHydra/hydraExtensions/adapters/mayaAttrs.h
[2023-11-02T15:33:10.706Z]     -- promoting: S:/jenkins/workspace/ECP/ecg-maya-hydra/ecg-maya-hydra-branch-preflight-python3-windows/ecg-maya-hydra/maya-hydra/lib/mayaHydra/hydraExtensions/adapters/shapeAdapter.h
[2023-11-02T15:33:10.706Z]     -- promoting: S:/jenkins/workspace/ECP/ecg-maya-hydra/ecg-maya-hydra-branch-preflight-python3-windows/ecg-maya-hydra/maya-hydra/lib/mayaHydra/hydraExtensions/adapters/tokens.h
[2023-11-02T15:33:10.706Z]     -- promoting: S:/jenkins/workspace/ECP/ecg-maya-hydra/ecg-maya-hydra-branch-preflight-python3-windows/ecg-maya-hydra/maya-hydra/lib/mayaHydra/hydraExtensions/delegates/delegate.h
[2023-11-02T15:33:10.706Z]     -- promoting: S:/jenkins/workspace/ECP/ecg-maya-hydra/ecg-maya-hydra-branch-preflight-python3-windows/ecg-maya-hydra/maya-hydra/lib/mayaHydra/hydraExtensions/delegates/delegateCtx.h
[2023-11-02T15:33:10.706Z]     -- promoting: S:/jenkins/workspace/ECP/ecg-maya-hydra/ecg-maya-hydra-branch-preflight-python3-windows/ecg-maya-hydra/maya-hydra/lib/mayaHydra/hydraExtensions/delegates/delegateDebugCodes.h
[2023-11-02T15:33:10.706Z]     -- promoting: S:/jenkins/workspace/ECP/ecg-maya-hydra/ecg-maya-hydra-branch-preflight-python3-windows/ecg-maya-hydra/maya-hydra/lib/mayaHydra/hydraExtensions/delegates/delegateRegistry.h
[2023-11-02T15:33:10.706Z]     -- promoting: S:/jenkins/workspace/ECP/ecg-maya-hydra/ecg-maya-hydra-branch-preflight-python3-windows/ecg-maya-hydra/maya-hydra/lib/mayaHydra/hydraExtensions/delegates/params.h
[2023-11-02T15:33:10.706Z]     -- promoting: S:/jenkins/workspace/ECP/ecg-maya-hydra/ecg-maya-hydra-branch-preflight-python3-windows/ecg-maya-hydra/maya-hydra/lib/mayaHydra/hydraExtensions/delegates/sceneDelegate.h
[2023-11-02T15:33:10.706Z]     -- promoting: S:/jenkins/workspace/ECP/ecg-maya-hydra/ecg-maya-hydra-branch-preflight-python3-windows/ecg-maya-hydra/maya-hydra/lib/mayaHydra/hydraExtensions/delegates/defaultLightDelegate.h
[2023-11-02T15:33:10.706Z]     -- promoting: S:/jenkins/workspace/ECP/ecg-maya-hydra/ecg-maya-hydra-branch-preflight-python3-windows/ecg-maya-hydra/maya-hydra/lib/mayaHydra/hydraExtensions/delegates/testDelegate.h
[2023-11-02T15:33:10.706Z]     -- promoting: S:/jenkins/workspace/ECP/ecg-maya-hydra/ecg-maya-hydra-branch-preflight-python3-windows/ecg-maya-hydra/maya-hydra/lib/mayaHydra/hydraExtensions/sceneIndex/registration.h
[2023-11-02T15:33:10.706Z]     -- promoting: S:/jenkins/workspace/ECP/ecg-maya-hydra/ecg-maya-hydra-branch-preflight-python3-windows/ecg-maya-hydra/maya-hydra/lib/mayaHydra/hydraExtensions/sceneIndex/mayaHydraSceneIndex.h
[2023-11-02T15:33:10.706Z]     -- promoting: S:/jenkins/workspace/ECP/ecg-maya-hydra/ecg-maya-hydra-branch-preflight-python3-windows/ecg-maya-hydra/maya-hydra/lib/mayaHydra/hydraExtensions/sceneIndex/mayaHydraDataSource.h
[2023-11-02T15:33:10.706Z]     -- promoting: S:/jenkins/workspace/ECP/ecg-maya-hydra/ecg-maya-hydra-branch-preflight-python3-windows/ecg-maya-hydra/maya-hydra/lib/mayaHydra/hydraExtensions/sceneIndex/mayaHydraPrimvarDataSource.h
[2023-11-02T15:33:10.706Z]     -- promoting: S:/jenkins/workspace/ECP/ecg-maya-hydra/ecg-maya-hydra-branch-preflight-python3-windows/ecg-maya-hydra/maya-hydra/lib/mayaHydra/hydraExtensions/sceneIndex/mayaHydraDisplayStyleDataSource.h
[2023-11-02T15:33:10.706Z]     -- promoting: S:/jenkins/workspace/ECP/ecg-maya-hydra/ecg-maya-hydra-branch-preflight-python3-windows/ecg-maya-hydra/maya-hydra/lib/mayaHydra/hydraExtensions/sceneIndex/mayaHydraCameraDataSource.h
[2023-11-02T15:33:10.706Z]     -- promoting: S:/jenkins/workspace/ECP/ecg-maya-hydra/ecg-maya-hydra-branch-preflight-python3-windows/ecg-maya-hydra/maya-hydra/lib/mayaHydra/hydraExtensions/sceneIndex/mayaHydraLightDataSource.h
[2023-11-02T15:33:10.706Z]     -- promoting: S:/jenkins/workspace/ECP/ecg-maya-hydra/ecg-maya-hydra-branch-preflight-python3-windows/ecg-maya-hydra/maya-hydra/lib/mayaHydra/hydraExtensions/sceneIndex/mayaHydraDefaultLightDataSource.h
[2023-11-02T15:33:10.706Z]     -- promoting: S:/jenkins/workspace/ECP/ecg-maya-hydra/ecg-maya-hydra-branch-preflight-python3-windows/ecg-maya-hydra/maya-hydra/lib/mayaHydra/ufeExtensions/api.h
[2023-11-02T15:33:10.706Z]     -- promoting: S:/jenkins/workspace/ECP/ecg-maya-hydra/ecg-maya-hydra-branch-preflight-python3-windows/ecg-maya-hydra/maya-hydra/lib/mayaHydra/ufeExtensions/Global.h
[2023-11-02T15:33:10.706Z]     -- promoting: S:/jenkins/workspace/ECP/ecg-maya-hydra/ecg-maya-hydra-branch-preflight-python3-windows/ecg-maya-hydra/maya-hydra/lib/flowViewport/api.h
[2023-11-02T15:33:10.706Z]     -- promoting: S:/jenkins/workspace/ECP/ecg-maya-hydra/ecg-maya-hydra-branch-preflight-python3-windows/ecg-maya-hydra/maya-hydra/lib/flowViewport/debugCodes.h
[2023-11-02T15:33:10.706Z]     -- promoting: S:/jenkins/workspace/ECP/ecg-maya-hydra/ecg-maya-hydra-branch-preflight-python3-windows/ecg-maya-hydra/maya-hydra/lib/flowViewport/global.h
[2023-11-02T15:33:10.707Z]     -- promoting: S:/jenkins/workspace/ECP/ecg-maya-hydra/ecg-maya-hydra-branch-preflight-python3-windows/ecg-maya-hydra/maya-hydra/lib/flowViewport/tokens.h
[2023-11-02T15:33:10.707Z]     -- promoting: S:/jenkins/workspace/ECP/ecg-maya-hydra/ecg-maya-hydra-branch-preflight-python3-windows/ecg-maya-hydra/maya-hydra/lib/flowViewport/colorPreferences/fvpColorChanged.h
[2023-11-02T15:33:10.707Z]     -- promoting: S:/jenkins/workspace/ECP/ecg-maya-hydra/ecg-maya-hydra-branch-preflight-python3-windows/ecg-maya-hydra/maya-hydra/lib/flowViewport/colorPreferences/fvpColorPreferences.h
[2023-11-02T15:33:10.707Z]     -- promoting: S:/jenkins/workspace/ECP/ecg-maya-hydra/ecg-maya-hydra-branch-preflight-python3-windows/ecg-maya-hydra/maya-hydra/lib/flowViewport/colorPreferences/fvpColorPreferencesTokens.h
[2023-11-02T15:33:10.707Z]     -- promoting: S:/jenkins/workspace/ECP/ecg-maya-hydra/ecg-maya-hydra-branch-preflight-python3-windows/ecg-maya-hydra/maya-hydra/lib/flowViewport/colorPreferences/fvpColorPreferencesTranslator.h
[2023-11-02T15:33:10.707Z]     -- promoting: S:/jenkins/workspace/ECP/ecg-maya-hydra/ecg-maya-hydra-branch-preflight-python3-windows/ecg-maya-hydra/maya-hydra/lib/flowViewport/sceneIndex/fvpMergingSceneIndex.h
[2023-11-02T15:33:10.707Z]     -- promoting: S:/jenkins/workspace/ECP/ecg-maya-hydra/ecg-maya-hydra-branch-preflight-python3-windows/ecg-maya-hydra/maya-hydra/lib/flowViewport/sceneIndex/fvpPassThroughSelectionInterfaceSceneIndex.h
[2023-11-02T15:33:10.707Z]     -- promoting: S:/jenkins/workspace/ECP/ecg-maya-hydra/ecg-maya-hydra-branch-preflight-python3-windows/ecg-maya-hydra/maya-hydra/lib/flowViewport/sceneIndex/fvpPathInterface.h
[2023-11-02T15:33:10.707Z]     -- promoting: S:/jenkins/workspace/ECP/ecg-maya-hydra/ecg-maya-hydra-branch-preflight-python3-windows/ecg-maya-hydra/maya-hydra/lib/flowViewport/sceneIndex/fvpPathInterfaceSceneIndex.h
[2023-11-02T15:33:10.707Z]     -- promoting: S:/jenkins/workspace/ECP/ecg-maya-hydra/ecg-maya-hydra-branch-preflight-python3-windows/ecg-maya-hydra/maya-hydra/lib/flowViewport/sceneIndex/fvpRenderIndexProxy.h
[2023-11-02T15:33:10.707Z]     -- promoting: S:/jenkins/workspace/ECP/ecg-maya-hydra/ecg-maya-hydra-branch-preflight-python3-windows/ecg-maya-hydra/maya-hydra/lib/flowViewport/sceneIndex/fvpSelectionInterface.h
[2023-11-02T15:33:10.707Z]     -- promoting: S:/jenkins/workspace/ECP/ecg-maya-hydra/ecg-maya-hydra-branch-preflight-python3-windows/ecg-maya-hydra/maya-hydra/lib/flowViewport/sceneIndex/fvpSelectionSceneIndex.h
[2023-11-02T15:33:10.707Z]     -- promoting: S:/jenkins/workspace/ECP/ecg-maya-hydra/ecg-maya-hydra-branch-preflight-python3-windows/ecg-maya-hydra/maya-hydra/lib/flowViewport/sceneIndex/fvpWireframeSelectionHighlightSceneIndex.h
[2023-11-02T15:33:11.052Z]     -- promoting: S:/jenkins/workspace/ECP/ecg-maya-hydra/ecg-maya-hydra-branch-preflight-python3-windows/ecg-maya-hydra/maya-hydra/lib/flowViewport/selection/fvpSelectionTracker.h
[2023-11-02T15:33:11.052Z]     -- promoting: S:/jenkins/workspace/ECP/ecg-maya-hydra/ecg-maya-hydra-branch-preflight-python3-windows/ecg-maya-hydra/maya-hydra/lib/flowViewport/selection/fvpSelectionTask.h
[2023-11-02T15:33:13.019Z]     -- Configuring done
[2023-11-02T15:33:13.775Z]     -- Generating done
[2023-11-02T15:33:13.775Z]     CMake Warning:
[2023-11-02T15:33:13.775Z]       Manually-specified variables were not used by the project:
[2023-11-02T15:33:13.775Z]     
[2023-11-02T15:33:13.775Z]         MAYAUSD_DEFINE_BOOST_DEBUG_PYTHON_FLAG
[2023-11-02T15:33:13.775Z]     
[2023-11-02T15:33:13.775Z]     
[2023-11-02T15:33:13.775Z]     -- Build files have been written to: W:/build/RelWithDebInfo
[2023-11-02T15:33:13.775Z]     
[2023-11-02T15:33:13.775Z]         Building with settings:
[2023-11-02T15:33:13.775Z]           Source directory          S:\jenkins\workspace\ECP\ecg-maya-hydra\ecg-maya-hydra-branch-preflight-python3-windows\ecg-maya-hydra\maya-hydra
[2023-11-02T15:33:13.775Z]           Workspace directory       W:\
[2023-11-02T15:33:13.775Z]           Build directory           W:\build\RelWithDebInfo
[2023-11-02T15:33:13.775Z]           Install directory         W:\install\RelWithDebInfo\MayaHydra
[2023-11-02T15:33:13.775Z]           Variant                   RelWithDebInfo
[2023-11-02T15:33:13.775Z]           Python Debug              Off
[2023-11-02T15:33:13.775Z]           CMake generator           Ninja
[2023-11-02T15:33:13.775Z]           Build arguments           ['-DCMAKE_MAKE_PROGRAM=P:/shared/Artifactory/Windows/ninja/1.10.2/ccacdf8/ninja.exe', '-DPYTHON_INCLUDE_DIR=P:/shared/Artifactory/Windows/rundev-master/202311010714/runtime/72a99e3/runTime/include/Python310/Python', '-DPython_EXECUTABLE=P:/shared/Artifactory/Windows/rundev-master/202311010714/runtime/72a99e3/runTime/bin/mayapy.exe', '-DPYTHON_LIBRARIES=P:/shared/Artifactory/Windows/rundev-master/202311010714/runtime/72a99e3/runTime/lib/python310.lib', '-DBUILD_WITH_PYTHON_3=ON', '-DBUILD_WITH_PYTHON_3_VERSION=3.10', '-DCMAKE_WANT_MATERIALX_BUILD=ON', '-DCMAKE_PREFIX_PATH=P:\\shared\\Artifactory\\Windows\\USD\\ce619c6']
[2023-11-02T15:33:13.775Z]           Stages arguments          ['configure']
[2023-11-02T15:33:13.775Z]           CTest arguments           ['--parallel 16']
[2023-11-02T15:33:13.775Z]     STATUS: Found Maya Qt headers in: P:\shared\Artifactory\Windows\rundev-master\202311010714\runtime\72a99e3\devkitBase
[2023-11-02T15:33:13.775Z]     Success MayaHydra build and install !!!!
[2023-11-02T15:33:13.775Z]     Elapsed time: 00:00:35
[Pipeline] bat
[2023-11-02T15:33:14.546Z] Deleting alias drive W:
[Pipeline] bat
[2023-11-02T15:33:15.281Z] Deleting alias drive P:
[Pipeline] }
[Pipeline] // withEnv
[Pipeline] }
[Pipeline] // timeout
[Pipeline] }
[Pipeline] // stage
[Pipeline] }
[Pipeline] // timestamps
[Pipeline] timestamps
[Pipeline] {
[Pipeline] stage
[Pipeline] { (Build)
[Pipeline] timeout
[2023-11-02T15:33:15.501Z] Timeout set to expire in 6 hr 0 min
[Pipeline] {
[Pipeline] withEnv
[Pipeline] {
[Pipeline] bat
[2023-11-02T15:33:16.189Z] Creating alias drive P: to S:\jenkins\workspace
[Pipeline] bat
[2023-11-02T15:33:16.916Z] Creating alias drive W: to S:\jenkins\workspace\ECP\ecg-maya-hydra\ecg-maya-hydra-branch-preflight-python3-windows
[Pipeline] bat
[2023-11-02T15:33:17.785Z] "C:\Program Files\Microsoft Visual Studio\2022\Professional\VC\Auxiliary\Build\vcvarsall.bat" x64
[2023-11-02T15:33:17.785Z] **********************************************************************
[2023-11-02T15:33:17.785Z] ** Visual Studio 2022 Developer Command Prompt v17.3.2
[2023-11-02T15:33:17.785Z] ** Copyright (c) 2022 Microsoft Corporation
[2023-11-02T15:33:17.785Z] **********************************************************************
[2023-11-02T15:33:19.619Z] [vcvarsall.bat] Environment initialized for: 'x64'
[2023-11-02T15:33:19.619Z] python ecg-maya-hydra/build.py --stages=build --workspace-dir=W:\ --artifactory-dir=P:\shared\Artifactory --build-dir=W:\build --install-dir=W:\install --signing-dir=W:\signing --package-dir=W:\package --output-dir=W:\output --stash-dir=W:\stash --jenkins-build=363 --git-commit=72fb5b09b803a42e1c4f84569bd73dfe3760fa2f --git-branch=master --variants=Debug --interactive-tests=true --post-zips=false --osx-binary-architecture-target=ub2 --osx-deployment-target=11.0 --osx-base-sdk=CurrentActiveSDK --build-retry=3 --maya-cut-config=maya-rundev-master-debug.yaml --maya-package=rundev-master-debug --stage-banner
[2023-11-02T15:33:20.373Z] Using Maya cut from P:\shared\Artifactory\Windows\rundev-master-debug\202310260154\runtime\2caf91a
[2023-11-02T15:33:20.373Z] Using Maya ADSK Signatures from P:\shared\Artifactory\Windows\adsk-plugin-signatures-maya\2023\3ae1ae7
[2023-11-02T15:33:20.373Z] Using Maya Security Library from P:\shared\Artifactory\Windows\maya-security-library\3.4.0\284407f
[2023-11-02T15:33:20.720Z] 
[2023-11-02T15:33:20.720Z] ================================================================================
[2023-11-02T15:33:20.720Z]                                  build (Debug)
[2023-11-02T15:33:20.720Z] ================================================================================
[2023-11-02T15:33:20.720Z] Maya Python Debug Info:
[2023-11-02T15:33:20.720Z]   mayapy executable   = P:\shared\Artifactory\Windows\rundev-master-debug\202310260154\runtime\2caf91a\runTime\bin\mayapy.exe
[2023-11-02T15:33:20.720Z]   Include Folder      = P:\shared\Artifactory\Windows\rundev-master-debug\202310260154\runtime\2caf91a\runTime\include\Python310\Python
[2023-11-02T15:33:20.720Z]   Library             = P:\shared\Artifactory\Windows\rundev-master-debug\202310260154\runtime\2caf91a\runTime\lib\python310_d.lib
[2023-11-02T15:33:20.720Z]   site-package Folder = P:\shared\Artifactory\Windows\rundev-master-debug\202310260154\runtime\2caf91a\runTime\Python\Lib\site-packages
[2023-11-02T15:33:23.081Z] In workdir: S:\jenkins\workspace\ECP\ecg-maya-hydra\ecg-maya-hydra-branch-preflight-python3-windows\ecg-maya-hydra\maya-hydra
[2023-11-02T15:33:23.081Z] Executing: 'P:\\shared\\Artifactory\\Windows\\rundev-master-debug\\202310260154\\runtime\\2caf91a\\runTime\\bin\\mayapy.exe' 'S:\\jenkins\\workspace\\ECP\\ecg-maya-hydra\\ecg-maya-hydra-branch-preflight-python3-windows\\ecg-maya-hydra\\maya-hydra\\build.py' --generator Ninja --build-debug --maya-location 'P:\\shared\\Artifactory\\Windows\\rundev-master-debug\\202310260154\\runtime\\2caf91a\\runTime' --devkit-location 'P:\\shared\\Artifactory\\Windows\\rundev-master-debug\\202310260154\\runtime\\2caf91a\\devkitBase' --pxrusd-location 'P:\\shared\\Artifactory\\Windows\\USD\\972e371' '--build-args=-DCMAKE_MAKE_PROGRAM=P:/shared/Artifactory/Windows/ninja/1.10.2/ccacdf8/ninja.exe,-DPYTHON_INCLUDE_DIR=P:/shared/Artifactory/Windows/rundev-master-debug/202310260154/runtime/2caf91a/runTime/include/Python310/Python,-DPython_EXECUTABLE=P:/shared/Artifactory/Windows/rundev-master-debug/202310260154/runtime/2caf91a/runTime/bin/mayapy.exe,-DPYTHON_LIBRARIES=P:/shared/Artifactory/Windows/rundev-master-debug/202310260154/runtime/2caf91a/runTime/lib/python310_d.lib,-DBUILD_WITH_PYTHON_3=ON,-DBUILD_WITH_PYTHON_3_VERSION=3.10,-DCMAKE_WANT_MATERIALX_BUILD=ON,-DCMAKE_PREFIX_PATH=P:\\shared\\Artifactory\\Windows\\USD\\972e371' --debug-python '--ctest-args=--parallel 16' --stages=build --redirect-outstream-file=False --install-location 'W:\\install\\Debug\\MayaHydra' 'W:\\'
[2023-11-02T15:33:23.081Z] Modified environment variables:
[2023-11-02T15:33:23.081Z]     PATH=P:\shared\Artifactory\Windows\cmake\3.20.3\afe857a\bin;C:\Python27\lib\site-packages\pywin32_system32;C:\Program Files\Microsoft Visual Studio\2022\Professional\VC\Tools\MSVC\14.33.31629\bin\HostX64\x64;C:\Program Files\Microsoft Visual Studio\2022\Professional\Common7\IDE\VC\VCPackages;C:\Program Files\Microsoft Visual Studio\2022\Professional\Common7\IDE\CommonExtensions\Microsoft\TestWindow;C:\Program Files\Microsoft Visual Studio\2022\Professional\Common7\IDE\CommonExtensions\Microsoft\TeamFoundation\Team Explorer;C:\Program Files\Microsoft Visual Studio\2022\Professional\MSBuild\Current\bin\Roslyn;C:\Program Files\Microsoft Visual Studio\2022\Professional\Team Tools\Performance Tools\x64;C:\Program Files\Microsoft Visual Studio\2022\Professional\Team Tools\Performance Tools;C:\Program Files (x86)\Microsoft Visual Studio\Shared\Common\VSPerfCollectionTools\vs2019\\x64;C:\Program Files (x86)\Microsoft Visual Studio\Shared\Common\VSPerfCollectionTools\vs2019\;C:\Program Files (x86)\Microsoft SDKs\Windows\v10.0A\bin\NETFX 4.8 Tools\x64\;C:\Program Files (x86)\HTML Help Workshop;C:\Program Files\Microsoft Visual Studio\2022\Professional\Common7\IDE\CommonExtensions\Microsoft\FSharp\Tools;C:\Program Files (x86)\Windows Kits\10\bin\10.0.19041.0\\x64;C:\Program Files (x86)\Windows Kits\10\bin\\x64;C:\Program Files\Microsoft Visual Studio\2022\Professional\\MSBuild\Current\Bin\amd64;C:\WINDOWS\Microsoft.NET\Framework64\v4.0.30319;C:\Program Files\Microsoft Visual Studio\2022\Professional\Common7\IDE\;C:\Program Files\Microsoft Visual Studio\2022\Professional\Common7\Tools\;C:\Python27\;C:\Python27\Scripts;C:\WINDOWS\system32;C:\WINDOWS;C:\WINDOWS\System32\Wbem;C:\WINDOWS\System32\WindowsPowerShell\v1.0\;C:\WINDOWS\System32\OpenSSH\;C:\ProgramData\chocolatey\bin;C:\Program Files (x86)\WiX Toolset v3.7\bin;C:\Program Files\dotnet\;C:\Program Files (x86)\Windows Kits\10\bin\10.0.18362.0\x64;C:\Program Files\Zulu\zulu-11\bin\;C:\Program Files (x86)\Windows Kits\10\bin\10.0.17763.0\x64;C:\Program Files (x86)\Windows Kits\10\bin\x64;C:\Program Files\Git\cmd;C:\Program Files\Git\usr\bin;C:\Program Files\Git\mingw64\bin;C:\Program Files\Git\bin;C:\Python38\;C:\Python38\Scripts;C:\StoreBoxClientWindows;C:\Program Files\Electric Cloud\ElectricCommander\bin;C:\Program Files\WinRAR;C:\Program Files\7-Zip;C:\Program Files (x86)\Windows Kits\10\bin\10.0.19041.0\x64;C:\Users\Administrator\AppData\Local\Microsoft\WindowsApps;C:\Users\Administrator\.dotnet\tools;C:\Program Files\Microsoft Visual Studio\2022\Professional\Common7\IDE\CommonExtensions\Microsoft\CMake\CMake\bin;C:\Program Files\Microsoft Visual Studio\2022\Professional\Common7\IDE\CommonExtensions\Microsoft\CMake\Ninja;C:\Program Files\Microsoft Visual Studio\2022\Professional\Common7\IDE\VC\Linux\bin\ConnectionManagerExe
[2023-11-02T15:33:25.444Z]     [1/96] Building CXX object lib\flowViewport\CMakeFiles\flowViewport.dir\sceneIndex\fvpSelectionInterface.cpp.obj
[2023-11-02T15:33:25.444Z]     [2/96] Building CXX object lib\flowViewport\CMakeFiles\flowViewport.dir\sceneIndex\fvpPathInterface.cpp.obj
[2023-11-02T15:33:25.794Z]     [3/96] Building CXX object lib\flowViewport\CMakeFiles\flowViewport.dir\debugCodes.cpp.obj
[2023-11-02T15:33:25.794Z]     [4/96] Building CXX object lib\flowViewport\CMakeFiles\flowViewport.dir\tokens.cpp.obj
[2023-11-02T15:33:25.794Z]     [5/96] Building CXX object lib\flowViewport\CMakeFiles\flowViewport.dir\colorPreferences\fvpColorPreferencesTokens.cpp.obj
[2023-11-02T15:33:26.539Z]     [6/96] Building CXX object lib\flowViewport\CMakeFiles\flowViewport.dir\global.cpp.obj
[2023-11-02T15:33:26.539Z]     [7/96] Building CXX object lib\flowViewport\CMakeFiles\flowViewport.dir\colorPreferences\fvpColorPreferences.cpp.obj
[2023-11-02T15:33:26.539Z]     [8/96] Building CXX object lib\flowViewport\CMakeFiles\flowViewport.dir\colorPreferences\fvpColorChanged.cpp.obj
[2023-11-02T15:33:27.531Z]     [9/96] Building CXX object test\lib\mayaUsd\render\mayaToHydra\cpp\CMakeFiles\mayaHydraCppTests.dir\testCppFramework.cpp.obj
[2023-11-02T15:33:27.877Z]     [10/96] Building CXX object lib\mayaHydra\ufeExtensions\CMakeFiles\ufeExtensions.dir\Global.cpp.obj
[2023-11-02T15:33:28.228Z]     [11/96] Building CXX object test\lib\mayaUsd\render\mayaToHydra\cpp\CMakeFiles\mayaHydraCppTests.dir\mayaHydraCppTestsCmd.cpp.obj
[2023-11-02T15:33:28.979Z]     [12/96] Linking CXX shared library lib\mayaHydra\ufeExtensions\ufeExtensions.dll
[2023-11-02T15:33:29.323Z]     [13/96] Building CXX object test\lib\mayaUsd\render\mayaToHydra\cpp\CMakeFiles\mayaHydraCppTests.dir\testColorPreferences.cpp.obj
[2023-11-02T15:33:30.068Z]     [14/96] Building CXX object lib\mayaHydra\mayaPlugin\CMakeFiles\mayaHydra.dir\tokens.cpp.obj
[2023-11-02T15:33:30.813Z]     [15/96] Automatic MOC for target adskHydraSceneBrowser
[2023-11-02T15:33:32.013Z]     [16/96] Building CXX object lib\flowViewport\CMakeFiles\flowViewport.dir\sceneIndex\fvpPathInterfaceSceneIndex.cpp.obj
[2023-11-02T15:33:32.013Z]     [17/96] Building CXX object lib\flowViewport\CMakeFiles\flowViewport.dir\sceneIndex\fvpRenderIndexProxy.cpp.obj
[2023-11-02T15:33:32.760Z]     [18/96] Building CXX object lib\flowViewport\CMakeFiles\flowViewport.dir\sceneIndex\fvpSelectionSceneIndex.cpp.obj
[2023-11-02T15:33:32.760Z]     [19/96] Building CXX object lib\flowViewport\CMakeFiles\flowViewport.dir\sceneIndex\fvpPassThroughSelectionInterfaceSceneIndex.cpp.obj
[2023-11-02T15:33:32.760Z]     [20/96] Building CXX object lib\flowViewport\CMakeFiles\flowViewport.dir\sceneIndex\fvpMergingSceneIndex.cpp.obj
[2023-11-02T15:33:33.958Z]     [21/96] Building CXX object lib\flowViewport\CMakeFiles\flowViewport.dir\sceneIndex\fvpWireframeSelectionHighlightSceneIndex.cpp.obj
[2023-11-02T15:33:34.305Z]     [22/96] Building CXX object test\lib\mayaUsd\render\mayaToHydra\cpp\CMakeFiles\mayaHydraCppTests.dir\testMayaSceneFlattening.cpp.obj
[2023-11-02T15:33:34.651Z]     [23/96] Building CXX object lib\flowViewport\CMakeFiles\flowViewport.dir\selection\fvpSelectionTracker.cpp.obj
[2023-11-02T15:33:35.399Z]     [24/96] Building CXX object test\lib\mayaUsd\render\mayaToHydra\cpp\CMakeFiles\mayaHydraCppTests.dir\testUtils.cpp.obj
[2023-11-02T15:33:35.751Z]     [25/96] Building CXX object test\lib\mayaUsd\render\mayaToHydra\cpp\CMakeFiles\mayaHydraCppTests.dir\testMayaUsdUfeItems.cpp.obj
[2023-11-02T15:33:35.751Z]     [26/96] Building CXX object lib\flowViewport\CMakeFiles\flowViewport.dir\selection\fvpSelectionTask.cpp.obj
[2023-11-02T15:33:36.492Z]     [27/96] Linking CXX shared library lib\flowViewport\flowViewport.dll
[2023-11-02T15:33:38.850Z]     [28/96] Building CXX object test\lib\mayaUsd\render\mayaToHydra\cpp\CMakeFiles\mayaHydraCppTests.dir\testSelectionSceneIndex.cpp.obj
[2023-11-02T15:33:39.196Z]     [29/96] Building CXX object lib\mayaHydra\mayaPlugin\CMakeFiles\mayaHydra.dir\colorNotFoundException.cpp.obj
[2023-11-02T15:33:39.196Z]     [30/96] Building CXX object test\lib\mayaUsd\render\mayaToHydra\cpp\CMakeFiles\mayaHydraCppTests.dir\testMergingSceneIndex.cpp.obj
[2023-11-02T15:33:39.550Z]     [31/96] Building CXX object lib\adskHydraSceneBrowser\lib\CMakeFiles\adskHydraSceneBrowser.dir\adskHydraSceneBrowser_autogen\mocs_compilation.cpp.obj
[2023-11-02T15:33:40.294Z]     [32/96] Building CXX object lib\mayaHydra\mayaPlugin\CMakeFiles\mayaHydra.dir\pluginUtils.cpp.obj
[2023-11-02T15:33:40.294Z]     [33/96] Building CXX object lib\adskHydraSceneBrowser\lib\CMakeFiles\adskHydraSceneBrowser.dir\src\patch\dataSourceValueTreeView.cpp.obj
[2023-11-02T15:33:40.294Z]     [34/96] Building CXX object lib\mayaHydra\mayaPlugin\CMakeFiles\mayaHydra.dir\pluginDebugCodes.cpp.obj
[2023-11-02T15:33:41.044Z]     [35/96] Building CXX object lib\adskHydraSceneBrowser\lib\CMakeFiles\adskHydraSceneBrowser.dir\src\patch\sceneIndexObserverLoggingTreeView.cpp.obj
[2023-11-02T15:33:41.044Z]     [36/96] Building CXX object lib\mayaHydra\mayaPlugin\CMakeFiles\mayaHydra.dir\renderOverride.cpp.obj
[2023-11-02T15:33:41.391Z]     [37/96] Building CXX object lib\adskHydraSceneBrowser\lib\CMakeFiles\adskHydraSceneBrowser.dir\src\patch\registeredSceneIndexChooser.cpp.obj
[2023-11-02T15:33:41.741Z]     [38/96] Building CXX object lib\mayaHydra\hydraExtensions\CMakeFiles\mayaHydraLib.dir\mayaUtils.cpp.obj
[2023-11-02T15:33:41.741Z]     [39/96] Building CXX object lib\mayaHydra\mayaPlugin\CMakeFiles\mayaHydra.dir\mayaColorPreferencesTranslator.cpp.obj
[2023-11-02T15:33:42.092Z]     [40/96] Building CXX object lib\adskHydraSceneBrowser\lib\CMakeFiles\adskHydraSceneBrowser.dir\src\patch\sceneIndexObserverLoggingWidget.cpp.obj
[2023-11-02T15:33:42.092Z]     [41/96] Building CXX object lib\adskHydraSceneBrowser\lib\CMakeFiles\adskHydraSceneBrowser.dir\src\patch\dataSourceTreeWidget.cpp.obj
[2023-11-02T15:33:42.444Z]     [42/96] Building CXX object lib\adskHydraSceneBrowser\lib\CMakeFiles\adskHydraSceneBrowser.dir\src\patch\sceneIndexTreeWidget.cpp.obj
[2023-11-02T15:33:42.792Z]     [43/96] Building CXX object lib\mayaHydra\hydraExtensions\CMakeFiles\mayaHydraLib.dir\debugCodes.cpp.obj
[2023-11-02T15:33:43.142Z]     [44/96] Building CXX object lib\mayaHydra\hydraExtensions\CMakeFiles\mayaHydraLib.dir\adapters\adapterDebugCodes.cpp.obj
[2023-11-02T15:33:43.893Z]     [45/96] Building CXX object lib\adskHydraSceneBrowser\lib\CMakeFiles\adskHydraSceneBrowser.dir\src\patch\sceneIndexDebuggerWidget.cpp.obj
[2023-11-02T15:33:44.244Z]     [46/96] Building CXX object lib\adskHydraSceneBrowser\test\CMakeFiles\adskHydraSceneBrowserTesting.dir\adskHydraSceneBrowserTesting.cpp.obj
[2023-11-02T15:33:44.593Z]     [47/96] Linking CXX shared library lib\adskHydraSceneBrowser\lib\adskHydraSceneBrowser.dll
[2023-11-02T15:33:45.797Z]     [48/96] Building CXX object lib\adskHydraSceneBrowser\test\CMakeFiles\adskHydraSceneBrowserTesting.dir\adskHydraSceneBrowserTestFixture.cpp.obj
[2023-11-02T15:33:46.144Z]     [49/96] Building CXX object lib\mayaHydra\hydraExtensions\CMakeFiles\mayaHydraLib.dir\interfaceImp.cpp.obj
[2023-11-02T15:33:46.898Z]     [50/96] Building CXX object lib\mayaHydra\mayaPlugin\CMakeFiles\mayaHydra.dir\viewCommand.cpp.obj
[2023-11-02T15:33:46.898Z]     MAYAHYDRA_CUT_ID is not defined
[2023-11-02T15:33:47.648Z]     [51/96] Building CXX object lib\mayaHydra\hydraExtensions\CMakeFiles\mayaHydraLib.dir\mixedUtils.cpp.obj
[2023-11-02T15:33:49.338Z]     [52/96] Building CXX object lib\mayaHydra\hydraExtensions\CMakeFiles\mayaHydraLib.dir\hydraUtils.cpp.obj
[2023-11-02T15:33:49.338Z]     [53/96] Building CXX object lib\mayaHydra\hydraExtensions\CMakeFiles\mayaHydraLib.dir\adapters\mayaAttrs.cpp.obj
[2023-11-02T15:33:51.076Z]     [54/96] Building CXX object lib\mayaHydra\mayaPlugin\CMakeFiles\mayaHydra.dir\plugin.cpp.obj
[2023-11-02T15:33:51.076Z]     [55/96] Building CXX object lib\mayaHydra\mayaPlugin\CMakeFiles\mayaHydra.dir\renderGlobals.cpp.obj
[2023-11-02T15:33:51.425Z]     [56/96] Building CXX object lib\mayaHydra\hydraExtensions\CMakeFiles\mayaHydraLib.dir\adapters\adapter.cpp.obj
[2023-11-02T15:33:52.628Z]     [57/96] Building CXX object lib\mayaHydra\hydraExtensions\CMakeFiles\mayaHydraLib.dir\adapters\tokens.cpp.obj
[2023-11-02T15:33:53.838Z]     [58/96] Building CXX object lib\mayaHydra\hydraExtensions\CMakeFiles\mayaHydraLib.dir\adapters\dagAdapter.cpp.obj
[2023-11-02T15:33:54.186Z]     [59/96] Building CXX object lib\mayaHydra\hydraExtensions\CMakeFiles\mayaHydraLib.dir\adapters\adapterRegistry.cpp.obj
[2023-11-02T15:33:54.186Z]     [60/96] Building CXX object lib\mayaHydra\hydraExtensions\CMakeFiles\mayaHydraLib.dir\adapters\aiSkydomeLightAdapter.cpp.obj
[2023-11-02T15:33:54.934Z]     [61/96] Building CXX object lib\mayaHydra\hydraExtensions\CMakeFiles\mayaHydraLib.dir\adapters\cameraAdapter.cpp.obj
[2023-11-02T15:33:55.282Z]     [62/96] Building CXX object lib\mayaHydra\hydraExtensions\CMakeFiles\mayaHydraLib.dir\delegates\delegateDebugCodes.cpp.obj
[2023-11-02T15:33:56.034Z]     [63/96] Building CXX object lib\mayaHydra\hydraExtensions\CMakeFiles\mayaHydraLib.dir\adapters\areaLightAdapter.cpp.obj
[2023-11-02T15:33:56.034Z]     [64/96] Building CXX object lib\mayaHydra\hydraExtensions\CMakeFiles\mayaHydraLib.dir\adapters\directionalLightAdapter.cpp.obj
[2023-11-02T15:33:56.383Z]     [65/96] Building CXX object lib\mayaHydra\hydraExtensions\CMakeFiles\mayaHydraLib.dir\adapters\materialNetworkConverter.cpp.obj
[2023-11-02T15:33:58.122Z]     [66/96] Building CXX object lib\mayaHydra\hydraExtensions\CMakeFiles\mayaHydraLib.dir\adapters\renderItemAdapter.cpp.obj
[2023-11-02T15:33:58.870Z]     [67/96] Building CXX object lib\mayaHydra\hydraExtensions\CMakeFiles\mayaHydraLib.dir\mayaHydraSceneProducer.cpp.obj
[2023-11-02T15:33:59.622Z]     [68/96] Building CXX object lib\mayaHydra\hydraExtensions\CMakeFiles\mayaHydraLib.dir\adapters\lightAdapter.cpp.obj
[2023-11-02T15:33:59.622Z]     [69/96] Building CXX object lib\mayaHydra\hydraExtensions\CMakeFiles\mayaHydraLib.dir\adapters\materialAdapter.cpp.obj
[2023-11-02T15:34:01.359Z]     [70/96] Building CXX object lib\mayaHydra\hydraExtensions\CMakeFiles\mayaHydraLib.dir\adapters\meshAdapter.cpp.obj
[2023-11-02T15:34:02.635Z]     [71/96] Building CXX object lib\mayaHydra\hydraExtensions\CMakeFiles\mayaHydraLib.dir\adapters\pointLightAdapter.cpp.obj
[2023-11-02T15:34:03.375Z]     [72/96] Building CXX object lib\mayaHydra\hydraExtensions\CMakeFiles\mayaHydraLib.dir\adapters\spotLightAdapter.cpp.obj
[2023-11-02T15:34:03.722Z]     [73/96] Building CXX object lib\mayaHydra\hydraExtensions\CMakeFiles\mayaHydraLib.dir\adapters\nurbsCurveAdapter.cpp.obj
[2023-11-02T15:34:04.071Z]     [74/96] Building CXX object lib\mayaHydra\hydraExtensions\CMakeFiles\mayaHydraLib.dir\adapters\shapeAdapter.cpp.obj
[2023-11-02T15:34:04.419Z]     [75/96] Linking CXX shared library lib\adskHydraSceneBrowser\test\adskHydraSceneBrowserTesting.dll
[2023-11-02T15:34:04.419Z]     [76/96] Building CXX object lib\mayaHydra\hydraExtensions\CMakeFiles\mayaHydraLib.dir\delegates\delegateRegistry.cpp.obj
[2023-11-02T15:34:04.769Z]     [77/96] Building CXX object lib\mayaHydra\hydraExtensions\CMakeFiles\mayaHydraLib.dir\delegates\delegateCtx.cpp.obj
[2023-11-02T15:34:05.116Z]     [78/96] Building CXX object lib\mayaHydra\hydraExtensions\CMakeFiles\mayaHydraLib.dir\delegates\delegate.cpp.obj
[2023-11-02T15:34:08.181Z]     [79/96] Building CXX object lib\mayaHydra\hydraExtensions\CMakeFiles\mayaHydraLib.dir\sceneIndex\mayaHydraPrimvarDataSource.cpp.obj
[2023-11-02T15:34:08.531Z]     [80/96] Building CXX object lib\mayaHydra\hydraExtensions\CMakeFiles\mayaHydraLib.dir\sceneIndex\registration.cpp.obj
[2023-11-02T15:34:08.531Z]     [81/96] Building CXX object lib\mayaHydra\hydraExtensions\CMakeFiles\mayaHydraLib.dir\delegates\sceneDelegate.cpp.obj
[2023-11-02T15:34:10.274Z]     [82/96] Building CXX object lib\mayaHydra\hydraExtensions\CMakeFiles\mayaHydraLib.dir\sceneIndex\mayaHydraSceneIndex.cpp.obj
[2023-11-02T15:34:10.274Z]     [83/96] Building CXX object lib\mayaHydra\hydraExtensions\CMakeFiles\mayaHydraLib.dir\sceneIndex\mayaHydraCameraDataSource.cpp.obj
[2023-11-02T15:34:10.624Z]     [84/96] Building CXX object plugin\mayaHydraSceneBrowserTest\CMakeFiles\mayaHydraSceneBrowserTest.dir\mayaHydraSceneBrowserTestCmd.cpp.obj
[2023-11-02T15:34:10.972Z]     [85/96] Building CXX object lib\mayaHydra\hydraExtensions\CMakeFiles\mayaHydraLib.dir\sceneIndex\mayaHydraDisplayStyleDataSource.cpp.obj
[2023-11-02T15:34:11.718Z]     [86/96] Building CXX object lib\mayaHydra\hydraExtensions\CMakeFiles\mayaHydraLib.dir\delegates\testDelegate.cpp.obj
[2023-11-02T15:34:12.064Z]     [87/96] Building CXX object plugin\mayaHydraSceneBrowser\CMakeFiles\mayaHydraSceneBrowser.dir\mayaHydraSceneBrowser.cpp.obj
[2023-11-02T15:34:12.412Z]     [88/96] Building CXX object lib\mayaHydra\hydraExtensions\CMakeFiles\mayaHydraLib.dir\delegates\defaultLightDelegate.cpp.obj
[2023-11-02T15:34:12.764Z]     [89/96] Building CXX object lib\mayaHydra\hydraExtensions\CMakeFiles\mayaHydraLib.dir\sceneIndex\mayaHydraLightDataSource.cpp.obj
[2023-11-02T15:34:13.509Z]     [90/96] Building CXX object lib\mayaHydra\hydraExtensions\CMakeFiles\mayaHydraLib.dir\sceneIndex\mayaHydraDataSource.cpp.obj
[2023-11-02T15:34:14.258Z]     [91/96] Building CXX object lib\mayaHydra\hydraExtensions\CMakeFiles\mayaHydraLib.dir\sceneIndex\mayaHydraDefaultLightDataSource.cpp.obj
[2023-11-02T15:34:15.457Z]     [92/96] Linking CXX shared library lib\mayaHydra\hydraExtensions\mayaHydraLib.dll
[2023-11-02T15:34:16.196Z]     [93/96] Linking CXX shared library plugin\mayaHydraSceneBrowser\mayaHydraSceneBrowser.mll
[2023-11-02T15:34:16.196Z]     [94/96] Linking CXX shared library plugin\mayaHydraSceneBrowserTest\mayaHydraSceneBrowserTest.mll
[2023-11-02T15:34:16.196Z]     [95/96] Linking CXX shared library test\lib\mayaUsd\render\mayaToHydra\cpp\mayaHydraCppTests.mll
[2023-11-02T15:34:16.196Z]     [96/96] Linking CXX shared library lib\mayaHydra\mayaPlugin\mayaHydra.mll
[2023-11-02T15:34:16.196Z]     
[2023-11-02T15:34:16.196Z]         Building with settings:
[2023-11-02T15:34:16.196Z]           Source directory          S:\jenkins\workspace\ECP\ecg-maya-hydra\ecg-maya-hydra-branch-preflight-python3-windows\ecg-maya-hydra\maya-hydra
[2023-11-02T15:34:16.196Z]           Workspace directory       W:\
[2023-11-02T15:34:16.196Z]           Build directory           W:\build\Debug
[2023-11-02T15:34:16.196Z]           Install directory         W:\install\Debug\MayaHydra
[2023-11-02T15:34:16.196Z]           Variant                   Debug
[2023-11-02T15:34:16.196Z]           Python Debug              On
[2023-11-02T15:34:16.196Z]           CMake generator           Ninja
[2023-11-02T15:34:16.196Z]           Build arguments           ['-DCMAKE_MAKE_PROGRAM=P:/shared/Artifactory/Windows/ninja/1.10.2/ccacdf8/ninja.exe', '-DPYTHON_INCLUDE_DIR=P:/shared/Artifactory/Windows/rundev-master-debug/202310260154/runtime/2caf91a/runTime/include/Python310/Python', '-DPython_EXECUTABLE=P:/shared/Artifactory/Windows/rundev-master-debug/202310260154/runtime/2caf91a/runTime/bin/mayapy.exe', '-DPYTHON_LIBRARIES=P:/shared/Artifactory/Windows/rundev-master-debug/202310260154/runtime/2caf91a/runTime/lib/python310_d.lib', '-DBUILD_WITH_PYTHON_3=ON', '-DBUILD_WITH_PYTHON_3_VERSION=3.10', '-DCMAKE_WANT_MATERIALX_BUILD=ON', '-DCMAKE_PREFIX_PATH=P:\\shared\\Artifactory\\Windows\\USD\\972e371']
[2023-11-02T15:34:16.196Z]           Stages arguments          ['build']
[2023-11-02T15:34:16.196Z]           CTest arguments           ['--parallel 16']
[2023-11-02T15:34:16.196Z]     Success MayaHydra build and install !!!!
[2023-11-02T15:34:16.196Z]     Elapsed time: 00:00:52
[Pipeline] bat
[2023-11-02T15:34:17.214Z] Deleting alias drive W:
[Pipeline] bat
[2023-11-02T15:34:17.861Z] Deleting alias drive P:
[Pipeline] bat
[2023-11-02T15:34:18.529Z] Creating alias drive P: to S:\jenkins\workspace
[Pipeline] bat
[2023-11-02T15:34:19.182Z] Creating alias drive W: to S:\jenkins\workspace\ECP\ecg-maya-hydra\ecg-maya-hydra-branch-preflight-python3-windows
[Pipeline] bat
[2023-11-02T15:34:19.968Z] "C:\Program Files\Microsoft Visual Studio\2022\Professional\VC\Auxiliary\Build\vcvarsall.bat" x64
[2023-11-02T15:34:20.313Z] **********************************************************************
[2023-11-02T15:34:20.313Z] ** Visual Studio 2022 Developer Command Prompt v17.3.2
[2023-11-02T15:34:20.313Z] ** Copyright (c) 2022 Microsoft Corporation
[2023-11-02T15:34:20.313Z] **********************************************************************
[2023-11-02T15:34:22.034Z] [vcvarsall.bat] Environment initialized for: 'x64'
[2023-11-02T15:34:22.035Z] python ecg-maya-hydra/build.py --stages=build --workspace-dir=W:\ --artifactory-dir=P:\shared\Artifactory --build-dir=W:\build --install-dir=W:\install --signing-dir=W:\signing --package-dir=W:\package --output-dir=W:\output --stash-dir=W:\stash --jenkins-build=363 --git-commit=72fb5b09b803a42e1c4f84569bd73dfe3760fa2f --git-branch=master --variants=RelWithDebInfo --interactive-tests=true --post-zips=false --osx-binary-architecture-target=ub2 --osx-deployment-target=11.0 --osx-base-sdk=CurrentActiveSDK --build-retry=3 --maya-cut-config=maya-rundev-master.yaml --maya-package=rundev-master --stage-banner
[2023-11-02T15:34:22.788Z] Using Maya cut from P:\shared\Artifactory\Windows\rundev-master\202311010714\runtime\72a99e3
[2023-11-02T15:34:22.788Z] Using Maya ADSK Signatures from P:\shared\Artifactory\Windows\adsk-plugin-signatures-maya\2023\3ae1ae7
[2023-11-02T15:34:22.788Z] Using Maya Security Library from P:\shared\Artifactory\Windows\maya-security-library\3.4.0\284407f
[2023-11-02T15:34:22.788Z] 
[2023-11-02T15:34:22.788Z] ================================================================================
[2023-11-02T15:34:22.788Z]                              build (RelWithDebInfo)
[2023-11-02T15:34:22.788Z] ================================================================================
[2023-11-02T15:34:22.788Z] Maya Python RelWithDebInfo Info:
[2023-11-02T15:34:22.788Z]   mayapy executable   = P:\shared\Artifactory\Windows\rundev-master\202311010714\runtime\72a99e3\runTime\bin\mayapy.exe
[2023-11-02T15:34:22.788Z]   Include Folder      = P:\shared\Artifactory\Windows\rundev-master\202311010714\runtime\72a99e3\runTime\include\Python310\Python
[2023-11-02T15:34:22.788Z]   Library             = P:\shared\Artifactory\Windows\rundev-master\202311010714\runtime\72a99e3\runTime\lib\python310.lib
[2023-11-02T15:34:22.788Z]   site-package Folder = P:\shared\Artifactory\Windows\rundev-master\202311010714\runtime\72a99e3\runTime\Python\Lib\site-packages
[2023-11-02T15:34:23.992Z] In workdir: S:\jenkins\workspace\ECP\ecg-maya-hydra\ecg-maya-hydra-branch-preflight-python3-windows\ecg-maya-hydra\maya-hydra
[2023-11-02T15:34:23.992Z] Executing: 'P:\\shared\\Artifactory\\Windows\\rundev-master\\202311010714\\runtime\\72a99e3\\runTime\\bin\\mayapy.exe' 'S:\\jenkins\\workspace\\ECP\\ecg-maya-hydra\\ecg-maya-hydra-branch-preflight-python3-windows\\ecg-maya-hydra\\maya-hydra\\build.py' --generator Ninja --build-relwithdebug --maya-location 'P:\\shared\\Artifactory\\Windows\\rundev-master\\202311010714\\runtime\\72a99e3\\runTime' --devkit-location 'P:\\shared\\Artifactory\\Windows\\rundev-master\\202311010714\\runtime\\72a99e3\\devkitBase' --pxrusd-location 'P:\\shared\\Artifactory\\Windows\\USD\\ce619c6' '--build-args=-DCMAKE_MAKE_PROGRAM=P:/shared/Artifactory/Windows/ninja/1.10.2/ccacdf8/ninja.exe,-DPYTHON_INCLUDE_DIR=P:/shared/Artifactory/Windows/rundev-master/202311010714/runtime/72a99e3/runTime/include/Python310/Python,-DPython_EXECUTABLE=P:/shared/Artifactory/Windows/rundev-master/202311010714/runtime/72a99e3/runTime/bin/mayapy.exe,-DPYTHON_LIBRARIES=P:/shared/Artifactory/Windows/rundev-master/202311010714/runtime/72a99e3/runTime/lib/python310.lib,-DBUILD_WITH_PYTHON_3=ON,-DBUILD_WITH_PYTHON_3_VERSION=3.10,-DCMAKE_WANT_MATERIALX_BUILD=ON,-DCMAKE_PREFIX_PATH=P:\\shared\\Artifactory\\Windows\\USD\\ce619c6' '--ctest-args=--parallel 16' --stages=build --redirect-outstream-file=False --install-location 'W:\\install\\RelWithDebInfo\\MayaHydra' 'W:\\'
[2023-11-02T15:34:23.992Z] Modified environment variables:
[2023-11-02T15:34:23.992Z]     PATH=P:\shared\Artifactory\Windows\cmake\3.20.3\afe857a\bin;C:\Python27\lib\site-packages\pywin32_system32;C:\Program Files\Microsoft Visual Studio\2022\Professional\VC\Tools\MSVC\14.33.31629\bin\HostX64\x64;C:\Program Files\Microsoft Visual Studio\2022\Professional\Common7\IDE\VC\VCPackages;C:\Program Files\Microsoft Visual Studio\2022\Professional\Common7\IDE\CommonExtensions\Microsoft\TestWindow;C:\Program Files\Microsoft Visual Studio\2022\Professional\Common7\IDE\CommonExtensions\Microsoft\TeamFoundation\Team Explorer;C:\Program Files\Microsoft Visual Studio\2022\Professional\MSBuild\Current\bin\Roslyn;C:\Program Files\Microsoft Visual Studio\2022\Professional\Team Tools\Performance Tools\x64;C:\Program Files\Microsoft Visual Studio\2022\Professional\Team Tools\Performance Tools;C:\Program Files (x86)\Microsoft Visual Studio\Shared\Common\VSPerfCollectionTools\vs2019\\x64;C:\Program Files (x86)\Microsoft Visual Studio\Shared\Common\VSPerfCollectionTools\vs2019\;C:\Program Files (x86)\Microsoft SDKs\Windows\v10.0A\bin\NETFX 4.8 Tools\x64\;C:\Program Files (x86)\HTML Help Workshop;C:\Program Files\Microsoft Visual Studio\2022\Professional\Common7\IDE\CommonExtensions\Microsoft\FSharp\Tools;C:\Program Files (x86)\Windows Kits\10\bin\10.0.19041.0\\x64;C:\Program Files (x86)\Windows Kits\10\bin\\x64;C:\Program Files\Microsoft Visual Studio\2022\Professional\\MSBuild\Current\Bin\amd64;C:\WINDOWS\Microsoft.NET\Framework64\v4.0.30319;C:\Program Files\Microsoft Visual Studio\2022\Professional\Common7\IDE\;C:\Program Files\Microsoft Visual Studio\2022\Professional\Common7\Tools\;C:\Python27\;C:\Python27\Scripts;C:\WINDOWS\system32;C:\WINDOWS;C:\WINDOWS\System32\Wbem;C:\WINDOWS\System32\WindowsPowerShell\v1.0\;C:\WINDOWS\System32\OpenSSH\;C:\ProgramData\chocolatey\bin;C:\Program Files (x86)\WiX Toolset v3.7\bin;C:\Program Files\dotnet\;C:\Program Files (x86)\Windows Kits\10\bin\10.0.18362.0\x64;C:\Program Files\Zulu\zulu-11\bin\;C:\Program Files (x86)\Windows Kits\10\bin\10.0.17763.0\x64;C:\Program Files (x86)\Windows Kits\10\bin\x64;C:\Program Files\Git\cmd;C:\Program Files\Git\usr\bin;C:\Program Files\Git\mingw64\bin;C:\Program Files\Git\bin;C:\Python38\;C:\Python38\Scripts;C:\StoreBoxClientWindows;C:\Program Files\Electric Cloud\ElectricCommander\bin;C:\Program Files\WinRAR;C:\Program Files\7-Zip;C:\Program Files (x86)\Windows Kits\10\bin\10.0.19041.0\x64;C:\Users\Administrator\AppData\Local\Microsoft\WindowsApps;C:\Users\Administrator\.dotnet\tools;C:\Program Files\Microsoft Visual Studio\2022\Professional\Common7\IDE\CommonExtensions\Microsoft\CMake\CMake\bin;C:\Program Files\Microsoft Visual Studio\2022\Professional\Common7\IDE\CommonExtensions\Microsoft\CMake\Ninja;C:\Program Files\Microsoft Visual Studio\2022\Professional\Common7\IDE\VC\Linux\bin\ConnectionManagerExe
[2023-11-02T15:34:24.743Z]     [1/96] Building CXX object lib\flowViewport\CMakeFiles\flowViewport.dir\sceneIndex\fvpPathInterface.cpp.obj
[2023-11-02T15:34:25.090Z]     [2/96] Building CXX object lib\flowViewport\CMakeFiles\flowViewport.dir\sceneIndex\fvpSelectionInterface.cpp.obj
[2023-11-02T15:34:25.805Z]     [3/96] Building CXX object lib\flowViewport\CMakeFiles\flowViewport.dir\colorPreferences\fvpColorPreferencesTokens.cpp.obj
[2023-11-02T15:34:26.317Z]     [4/96] Building CXX object lib\flowViewport\CMakeFiles\flowViewport.dir\colorPreferences\fvpColorChanged.cpp.obj
[2023-11-02T15:34:26.317Z]     [5/96] Building CXX object lib\flowViewport\CMakeFiles\flowViewport.dir\colorPreferences\fvpColorPreferences.cpp.obj
[2023-11-02T15:34:26.317Z]     [6/96] Building CXX object lib\flowViewport\CMakeFiles\flowViewport.dir\global.cpp.obj
[2023-11-02T15:34:26.733Z]     [7/96] Building CXX object lib\flowViewport\CMakeFiles\flowViewport.dir\debugCodes.cpp.obj
[2023-11-02T15:34:26.733Z]     [8/96] Building CXX object lib\flowViewport\CMakeFiles\flowViewport.dir\tokens.cpp.obj
[2023-11-02T15:34:27.939Z]     [9/96] Building CXX object test\lib\mayaUsd\render\mayaToHydra\cpp\CMakeFiles\mayaHydraCppTests.dir\mayaHydraCppTestsCmd.cpp.obj
[2023-11-02T15:34:27.939Z]     [10/96] Building CXX object test\lib\mayaUsd\render\mayaToHydra\cpp\CMakeFiles\mayaHydraCppTests.dir\testCppFramework.cpp.obj
[2023-11-02T15:34:28.686Z]     [11/96] Building CXX object lib\mayaHydra\ufeExtensions\CMakeFiles\ufeExtensions.dir\Global.cpp.obj
[2023-11-02T15:34:29.888Z]     [12/96] Linking CXX shared library lib\mayaHydra\ufeExtensions\ufeExtensions.dll
[2023-11-02T15:34:30.642Z]     [13/96] Building CXX object lib\mayaHydra\mayaPlugin\CMakeFiles\mayaHydra.dir\colorNotFoundException.cpp.obj
[2023-11-02T15:34:30.642Z]     [14/96] Building CXX object lib\flowViewport\CMakeFiles\flowViewport.dir\sceneIndex\fvpRenderIndexProxy.cpp.obj
[2023-11-02T15:34:30.996Z]     [15/96] Automatic MOC for target adskHydraSceneBrowser
[2023-11-02T15:34:30.996Z]     [16/96] Building CXX object test\lib\mayaUsd\render\mayaToHydra\cpp\CMakeFiles\mayaHydraCppTests.dir\testColorPreferences.cpp.obj
[2023-11-02T15:34:32.415Z]     [17/96] Building CXX object lib\flowViewport\CMakeFiles\flowViewport.dir\sceneIndex\fvpSelectionSceneIndex.cpp.obj
[2023-11-02T15:34:32.765Z]     [18/96] Building CXX object lib\flowViewport\CMakeFiles\flowViewport.dir\sceneIndex\fvpWireframeSelectionHighlightSceneIndex.cpp.obj
[2023-11-02T15:34:33.124Z]     [19/96] Building CXX object lib\mayaHydra\mayaPlugin\CMakeFiles\mayaHydra.dir\mayaColorPreferencesTranslator.cpp.obj
[2023-11-02T15:34:33.889Z]     [20/96] Building CXX object test\lib\mayaUsd\render\mayaToHydra\cpp\CMakeFiles\mayaHydraCppTests.dir\testMayaUsdUfeItems.cpp.obj
[2023-11-02T15:34:33.889Z]     [21/96] Building CXX object test\lib\mayaUsd\render\mayaToHydra\cpp\CMakeFiles\mayaHydraCppTests.dir\testMayaSceneFlattening.cpp.obj
[2023-11-02T15:34:33.889Z]     [22/96] Building CXX object lib\flowViewport\CMakeFiles\flowViewport.dir\sceneIndex\fvpPassThroughSelectionInterfaceSceneIndex.cpp.obj
[2023-11-02T15:34:34.239Z]     [23/96] Building CXX object lib\flowViewport\CMakeFiles\flowViewport.dir\sceneIndex\fvpMergingSceneIndex.cpp.obj
[2023-11-02T15:34:34.590Z]     [24/96] Building CXX object lib\flowViewport\CMakeFiles\flowViewport.dir\sceneIndex\fvpPathInterfaceSceneIndex.cpp.obj
[2023-11-02T15:34:36.342Z]     [25/96] Building CXX object lib\flowViewport\CMakeFiles\flowViewport.dir\selection\fvpSelectionTracker.cpp.obj
[2023-11-02T15:34:36.692Z]     [26/96] Building CXX object test\lib\mayaUsd\render\mayaToHydra\cpp\CMakeFiles\mayaHydraCppTests.dir\testUtils.cpp.obj
[2023-11-02T15:34:37.039Z]     [27/96] Building CXX object lib\flowViewport\CMakeFiles\flowViewport.dir\selection\fvpSelectionTask.cpp.obj
[2023-11-02T15:34:37.784Z]     [28/96] Building CXX object lib\mayaHydra\mayaPlugin\CMakeFiles\mayaHydra.dir\pluginDebugCodes.cpp.obj
[2023-11-02T15:34:37.784Z]     [29/96] Linking CXX shared library lib\flowViewport\flowViewport.dll
[2023-11-02T15:34:39.520Z]     [30/96] Building CXX object test\lib\mayaUsd\render\mayaToHydra\cpp\CMakeFiles\mayaHydraCppTests.dir\testMergingSceneIndex.cpp.obj
[2023-11-02T15:34:41.631Z]     [31/96] Building CXX object lib\adskHydraSceneBrowser\test\CMakeFiles\adskHydraSceneBrowserTesting.dir\adskHydraSceneBrowserTesting.cpp.obj
[2023-11-02T15:34:41.631Z]     [32/96] Building CXX object test\lib\mayaUsd\render\mayaToHydra\cpp\CMakeFiles\mayaHydraCppTests.dir\testSelectionSceneIndex.cpp.obj
[2023-11-02T15:34:41.977Z]     [33/96] Building CXX object lib\adskHydraSceneBrowser\lib\CMakeFiles\adskHydraSceneBrowser.dir\adskHydraSceneBrowser_autogen\mocs_compilation.cpp.obj
[2023-11-02T15:34:41.977Z]     [34/96] Building CXX object lib\adskHydraSceneBrowser\test\CMakeFiles\adskHydraSceneBrowserTesting.dir\adskHydraSceneBrowserTestFixture.cpp.obj
[2023-11-02T15:34:42.720Z]     [35/96] Building CXX object lib\adskHydraSceneBrowser\lib\CMakeFiles\adskHydraSceneBrowser.dir\src\patch\sceneIndexObserverLoggingTreeView.cpp.obj
[2023-11-02T15:34:42.720Z]     [36/96] Building CXX object lib\mayaHydra\mayaPlugin\CMakeFiles\mayaHydra.dir\tokens.cpp.obj
[2023-11-02T15:34:43.065Z]     [37/96] Building CXX object lib\adskHydraSceneBrowser\lib\CMakeFiles\adskHydraSceneBrowser.dir\src\patch\sceneIndexObserverLoggingWidget.cpp.obj
[2023-11-02T15:34:43.065Z]     [38/96] Building CXX object lib\mayaHydra\hydraExtensions\CMakeFiles\mayaHydraLib.dir\mayaUtils.cpp.obj
[2023-11-02T15:34:43.065Z]     [39/96] Building CXX object lib\adskHydraSceneBrowser\lib\CMakeFiles\adskHydraSceneBrowser.dir\src\patch\dataSourceTreeWidget.cpp.obj
[2023-11-02T15:34:43.411Z]     [40/96] Building CXX object lib\adskHydraSceneBrowser\lib\CMakeFiles\adskHydraSceneBrowser.dir\src\patch\sceneIndexTreeWidget.cpp.obj
[2023-11-02T15:34:43.756Z]     [41/96] Building CXX object lib\adskHydraSceneBrowser\lib\CMakeFiles\adskHydraSceneBrowser.dir\src\patch\registeredSceneIndexChooser.cpp.obj
[2023-11-02T15:34:43.756Z]     [42/96] Building CXX object lib\adskHydraSceneBrowser\lib\CMakeFiles\adskHydraSceneBrowser.dir\src\patch\dataSourceValueTreeView.cpp.obj
[2023-11-02T15:34:43.756Z]     [43/96] Building CXX object lib\mayaHydra\hydraExtensions\CMakeFiles\mayaHydraLib.dir\debugCodes.cpp.obj
[2023-11-02T15:34:44.957Z]     [44/96] Building CXX object lib\adskHydraSceneBrowser\lib\CMakeFiles\adskHydraSceneBrowser.dir\src\patch\sceneIndexDebuggerWidget.cpp.obj
[2023-11-02T15:34:44.957Z]     [45/96] Building CXX object lib\mayaHydra\hydraExtensions\CMakeFiles\mayaHydraLib.dir\adapters\mayaAttrs.cpp.obj
[2023-11-02T15:34:45.744Z]     [46/96] Linking CXX shared library lib\adskHydraSceneBrowser\lib\adskHydraSceneBrowser.dll
[2023-11-02T15:34:46.094Z]     [47/96] Building CXX object lib\mayaHydra\mayaPlugin\CMakeFiles\mayaHydra.dir\renderGlobals.cpp.obj
[2023-11-02T15:34:47.307Z]     [48/96] Building CXX object lib\mayaHydra\hydraExtensions\CMakeFiles\mayaHydraLib.dir\adapters\adapterDebugCodes.cpp.obj
[2023-11-02T15:34:48.056Z]     [49/96] Building CXX object lib\mayaHydra\mayaPlugin\CMakeFiles\mayaHydra.dir\pluginUtils.cpp.obj
[2023-11-02T15:34:49.269Z]     [50/96] Building CXX object lib\mayaHydra\hydraExtensions\CMakeFiles\mayaHydraLib.dir\mixedUtils.cpp.obj
[2023-11-02T15:34:49.269Z]     [51/96] Building CXX object lib\mayaHydra\mayaPlugin\CMakeFiles\mayaHydra.dir\plugin.cpp.obj
[2023-11-02T15:34:50.045Z]     [52/96] Building CXX object lib\mayaHydra\hydraExtensions\CMakeFiles\mayaHydraLib.dir\interfaceImp.cpp.obj
[2023-11-02T15:34:51.770Z]     [53/96] Building CXX object lib\mayaHydra\mayaPlugin\CMakeFiles\mayaHydra.dir\renderOverride.cpp.obj
[2023-11-02T15:34:52.120Z]     [54/96] Building CXX object lib\mayaHydra\hydraExtensions\CMakeFiles\mayaHydraLib.dir\hydraUtils.cpp.obj
[2023-11-02T15:34:53.670Z]     [55/96] Building CXX object lib\mayaHydra\mayaPlugin\CMakeFiles\mayaHydra.dir\viewCommand.cpp.obj
[2023-11-02T15:34:53.670Z]     MAYAHYDRA_CUT_ID is not defined
[2023-11-02T15:34:55.405Z]     [56/96] Building CXX object lib\mayaHydra\hydraExtensions\CMakeFiles\mayaHydraLib.dir\adapters\adapter.cpp.obj
[2023-11-02T15:34:55.755Z]     [57/96] Building CXX object lib\mayaHydra\hydraExtensions\CMakeFiles\mayaHydraLib.dir\adapters\lightAdapter.cpp.obj
[2023-11-02T15:34:56.959Z]     [58/96] Building CXX object lib\mayaHydra\hydraExtensions\CMakeFiles\mayaHydraLib.dir\adapters\materialNetworkConverter.cpp.obj
[2023-11-02T15:34:56.959Z]     [59/96] Building CXX object lib\mayaHydra\hydraExtensions\CMakeFiles\mayaHydraLib.dir\adapters\materialAdapter.cpp.obj
[2023-11-02T15:34:58.695Z]     [60/96] Building CXX object lib\mayaHydra\hydraExtensions\CMakeFiles\mayaHydraLib.dir\adapters\directionalLightAdapter.cpp.obj
[2023-11-02T15:34:59.437Z]     [61/96] Building CXX object lib\mayaHydra\hydraExtensions\CMakeFiles\mayaHydraLib.dir\adapters\adapterRegistry.cpp.obj
[2023-11-02T15:34:59.438Z]     [62/96] Building CXX object lib\mayaHydra\hydraExtensions\CMakeFiles\mayaHydraLib.dir\adapters\cameraAdapter.cpp.obj
[2023-11-02T15:35:01.046Z]     [63/96] Building CXX object lib\mayaHydra\hydraExtensions\CMakeFiles\mayaHydraLib.dir\adapters\tokens.cpp.obj
[2023-11-02T15:35:01.046Z]     [64/96] Building CXX object lib\mayaHydra\hydraExtensions\CMakeFiles\mayaHydraLib.dir\delegates\delegateDebugCodes.cpp.obj
[2023-11-02T15:35:02.250Z]     [65/96] Building CXX object lib\mayaHydra\hydraExtensions\CMakeFiles\mayaHydraLib.dir\adapters\areaLightAdapter.cpp.obj
[2023-11-02T15:35:03.994Z]     [66/96] Building CXX object lib\mayaHydra\hydraExtensions\CMakeFiles\mayaHydraLib.dir\adapters\renderItemAdapter.cpp.obj
[2023-11-02T15:35:03.994Z]     [67/96] Building CXX object lib\mayaHydra\hydraExtensions\CMakeFiles\mayaHydraLib.dir\adapters\aiSkydomeLightAdapter.cpp.obj
[2023-11-02T15:35:06.349Z]     [68/96] Building CXX object lib\mayaHydra\hydraExtensions\CMakeFiles\mayaHydraLib.dir\adapters\dagAdapter.cpp.obj
[2023-11-02T15:35:06.697Z]     [69/96] Building CXX object lib\mayaHydra\hydraExtensions\CMakeFiles\mayaHydraLib.dir\adapters\shapeAdapter.cpp.obj
[2023-11-02T15:35:07.056Z]     [70/96] Building CXX object lib\mayaHydra\hydraExtensions\CMakeFiles\mayaHydraLib.dir\mayaHydraSceneProducer.cpp.obj
[2023-11-02T15:35:07.432Z]     [71/96] Building CXX object lib\mayaHydra\hydraExtensions\CMakeFiles\mayaHydraLib.dir\adapters\spotLightAdapter.cpp.obj
[2023-11-02T15:35:07.839Z]     [72/96] Building CXX object lib\mayaHydra\hydraExtensions\CMakeFiles\mayaHydraLib.dir\delegates\delegateCtx.cpp.obj
[2023-11-02T15:35:08.189Z]     [73/96] Building CXX object lib\mayaHydra\hydraExtensions\CMakeFiles\mayaHydraLib.dir\delegates\delegate.cpp.obj
[2023-11-02T15:35:08.539Z]     [74/96] Building CXX object lib\mayaHydra\hydraExtensions\CMakeFiles\mayaHydraLib.dir\adapters\meshAdapter.cpp.obj
[2023-11-02T15:35:08.991Z]     [75/96] Linking CXX shared library lib\adskHydraSceneBrowser\test\adskHydraSceneBrowserTesting.dll
[2023-11-02T15:35:12.070Z]     [76/96] Building CXX object lib\mayaHydra\hydraExtensions\CMakeFiles\mayaHydraLib.dir\adapters\pointLightAdapter.cpp.obj
[2023-11-02T15:35:14.430Z]     [77/96] Building CXX object lib\mayaHydra\hydraExtensions\CMakeFiles\mayaHydraLib.dir\adapters\nurbsCurveAdapter.cpp.obj
[2023-11-02T15:35:15.744Z]     [78/96] Building CXX object plugin\mayaHydraSceneBrowserTest\CMakeFiles\mayaHydraSceneBrowserTest.dir\mayaHydraSceneBrowserTestCmd.cpp.obj
[2023-11-02T15:35:15.744Z]     [79/96] Building CXX object lib\mayaHydra\hydraExtensions\CMakeFiles\mayaHydraLib.dir\sceneIndex\registration.cpp.obj
[2023-11-02T15:35:16.087Z]     [80/96] Building CXX object lib\mayaHydra\hydraExtensions\CMakeFiles\mayaHydraLib.dir\delegates\delegateRegistry.cpp.obj
[2023-11-02T15:35:16.434Z]     [81/96] Building CXX object lib\mayaHydra\hydraExtensions\CMakeFiles\mayaHydraLib.dir\delegates\sceneDelegate.cpp.obj
[2023-11-02T15:35:17.638Z]     [82/96] Building CXX object lib\mayaHydra\hydraExtensions\CMakeFiles\mayaHydraLib.dir\sceneIndex\mayaHydraDisplayStyleDataSource.cpp.obj
[2023-11-02T15:35:17.639Z]     [83/96] Building CXX object lib\mayaHydra\hydraExtensions\CMakeFiles\mayaHydraLib.dir\sceneIndex\mayaHydraDataSource.cpp.obj
[2023-11-02T15:35:17.989Z]     [84/96] Building CXX object plugin\mayaHydraSceneBrowser\CMakeFiles\mayaHydraSceneBrowser.dir\mayaHydraSceneBrowser.cpp.obj
[2023-11-02T15:35:18.335Z]     [85/96] Building CXX object lib\mayaHydra\hydraExtensions\CMakeFiles\mayaHydraLib.dir\delegates\defaultLightDelegate.cpp.obj
[2023-11-02T15:35:18.683Z]     [86/96] Building CXX object lib\mayaHydra\hydraExtensions\CMakeFiles\mayaHydraLib.dir\sceneIndex\mayaHydraCameraDataSource.cpp.obj
[2023-11-02T15:35:20.415Z]     [87/96] Building CXX object lib\mayaHydra\hydraExtensions\CMakeFiles\mayaHydraLib.dir\sceneIndex\mayaHydraDefaultLightDataSource.cpp.obj
[2023-11-02T15:35:20.768Z]     [88/96] Building CXX object lib\mayaHydra\hydraExtensions\CMakeFiles\mayaHydraLib.dir\sceneIndex\mayaHydraLightDataSource.cpp.obj
[2023-11-02T15:35:20.768Z]     [89/96] Building CXX object lib\mayaHydra\hydraExtensions\CMakeFiles\mayaHydraLib.dir\sceneIndex\mayaHydraPrimvarDataSource.cpp.obj
[2023-11-02T15:35:23.837Z]     [90/96] Building CXX object lib\mayaHydra\hydraExtensions\CMakeFiles\mayaHydraLib.dir\sceneIndex\mayaHydraSceneIndex.cpp.obj
[2023-11-02T15:35:24.190Z]     [91/96] Building CXX object lib\mayaHydra\hydraExtensions\CMakeFiles\mayaHydraLib.dir\delegates\testDelegate.cpp.obj
[2023-11-02T15:35:25.397Z]     [92/96] Linking CXX shared library lib\mayaHydra\hydraExtensions\mayaHydraLib.dll
[2023-11-02T15:35:26.147Z]     [93/96] Linking CXX shared library plugin\mayaHydraSceneBrowserTest\mayaHydraSceneBrowserTest.mll
[2023-11-02T15:35:26.147Z]     [94/96] Linking CXX shared library plugin\mayaHydraSceneBrowser\mayaHydraSceneBrowser.mll
[2023-11-02T15:35:26.147Z]     [95/96] Linking CXX shared library test\lib\mayaUsd\render\mayaToHydra\cpp\mayaHydraCppTests.mll
[2023-11-02T15:35:26.147Z]     [96/96] Linking CXX shared library lib\mayaHydra\mayaPlugin\mayaHydra.mll
[2023-11-02T15:35:26.147Z]     
[2023-11-02T15:35:26.147Z]         Building with settings:
[2023-11-02T15:35:26.147Z]           Source directory          S:\jenkins\workspace\ECP\ecg-maya-hydra\ecg-maya-hydra-branch-preflight-python3-windows\ecg-maya-hydra\maya-hydra
[2023-11-02T15:35:26.147Z]           Workspace directory       W:\
[2023-11-02T15:35:26.147Z]           Build directory           W:\build\RelWithDebInfo
[2023-11-02T15:35:26.147Z]           Install directory         W:\install\RelWithDebInfo\MayaHydra
[2023-11-02T15:35:26.147Z]           Variant                   RelWithDebInfo
[2023-11-02T15:35:26.147Z]           Python Debug              Off
[2023-11-02T15:35:26.147Z]           CMake generator           Ninja
[2023-11-02T15:35:26.147Z]           Build arguments           ['-DCMAKE_MAKE_PROGRAM=P:/shared/Artifactory/Windows/ninja/1.10.2/ccacdf8/ninja.exe', '-DPYTHON_INCLUDE_DIR=P:/shared/Artifactory/Windows/rundev-master/202311010714/runtime/72a99e3/runTime/include/Python310/Python', '-DPython_EXECUTABLE=P:/shared/Artifactory/Windows/rundev-master/202311010714/runtime/72a99e3/runTime/bin/mayapy.exe', '-DPYTHON_LIBRARIES=P:/shared/Artifactory/Windows/rundev-master/202311010714/runtime/72a99e3/runTime/lib/python310.lib', '-DBUILD_WITH_PYTHON_3=ON', '-DBUILD_WITH_PYTHON_3_VERSION=3.10', '-DCMAKE_WANT_MATERIALX_BUILD=ON', '-DCMAKE_PREFIX_PATH=P:\\shared\\Artifactory\\Windows\\USD\\ce619c6']
[2023-11-02T15:35:26.147Z]           Stages arguments          ['build']
[2023-11-02T15:35:26.147Z]           CTest arguments           ['--parallel 16']
[2023-11-02T15:35:26.147Z]     Success MayaHydra build and install !!!!
[2023-11-02T15:35:26.147Z]     Elapsed time: 00:01:01
[Pipeline] bat
[2023-11-02T15:35:26.798Z] Deleting alias drive W:
[Pipeline] bat
[2023-11-02T15:35:27.438Z] Deleting alias drive P:
[Pipeline] }
[Pipeline] // withEnv
[Pipeline] }
[Pipeline] // timeout
[Pipeline] }
[Pipeline] // stage
[Pipeline] }
[Pipeline] // timestamps
[Pipeline] timestamps
[Pipeline] {
[Pipeline] stage
[Pipeline] { (Install)
[Pipeline] timeout
[2023-11-02T15:35:27.636Z] Timeout set to expire in 6 hr 0 min
[Pipeline] {
[Pipeline] withEnv
[Pipeline] {
[Pipeline] bat
[2023-11-02T15:35:28.257Z] Creating alias drive P: to S:\jenkins\workspace
[Pipeline] bat
[2023-11-02T15:35:29.151Z] Creating alias drive W: to S:\jenkins\workspace\ECP\ecg-maya-hydra\ecg-maya-hydra-branch-preflight-python3-windows
[Pipeline] bat
[2023-11-02T15:35:30.209Z] "C:\Program Files\Microsoft Visual Studio\2022\Professional\VC\Auxiliary\Build\vcvarsall.bat" x64
[2023-11-02T15:35:30.209Z] **********************************************************************
[2023-11-02T15:35:30.209Z] ** Visual Studio 2022 Developer Command Prompt v17.3.2
[2023-11-02T15:35:30.209Z] ** Copyright (c) 2022 Microsoft Corporation
[2023-11-02T15:35:30.209Z] **********************************************************************
[2023-11-02T15:35:31.959Z] [vcvarsall.bat] Environment initialized for: 'x64'
[2023-11-02T15:35:31.959Z] python ecg-maya-hydra/build.py --stages=install --workspace-dir=W:\ --artifactory-dir=P:\shared\Artifactory --build-dir=W:\build --install-dir=W:\install --signing-dir=W:\signing --package-dir=W:\package --output-dir=W:\output --stash-dir=W:\stash --jenkins-build=363 --git-commit=72fb5b09b803a42e1c4f84569bd73dfe3760fa2f --git-branch=master --variants=Debug --interactive-tests=true --post-zips=false --osx-binary-architecture-target=ub2 --osx-deployment-target=11.0 --osx-base-sdk=CurrentActiveSDK --maya-cut-config=maya-rundev-master-debug.yaml --maya-package=rundev-master-debug --stage-banner
[2023-11-02T15:35:32.701Z] Using Maya cut from P:\shared\Artifactory\Windows\rundev-master-debug\202310260154\runtime\2caf91a
[2023-11-02T15:35:32.701Z] Using Maya ADSK Signatures from P:\shared\Artifactory\Windows\adsk-plugin-signatures-maya\2023\3ae1ae7
[2023-11-02T15:35:32.701Z] Using Maya Security Library from P:\shared\Artifactory\Windows\maya-security-library\3.4.0\284407f
[2023-11-02T15:35:32.701Z] 
[2023-11-02T15:35:32.701Z] ================================================================================
[2023-11-02T15:35:32.701Z]                                 install (Debug)
[2023-11-02T15:35:32.701Z] ================================================================================
[2023-11-02T15:35:32.701Z] Maya Python Debug Info:
[2023-11-02T15:35:32.701Z]   mayapy executable   = P:\shared\Artifactory\Windows\rundev-master-debug\202310260154\runtime\2caf91a\runTime\bin\mayapy.exe
[2023-11-02T15:35:32.701Z]   Include Folder      = P:\shared\Artifactory\Windows\rundev-master-debug\202310260154\runtime\2caf91a\runTime\include\Python310\Python
[2023-11-02T15:35:32.701Z]   Library             = P:\shared\Artifactory\Windows\rundev-master-debug\202310260154\runtime\2caf91a\runTime\lib\python310_d.lib
[2023-11-02T15:35:32.701Z]   site-package Folder = P:\shared\Artifactory\Windows\rundev-master-debug\202310260154\runtime\2caf91a\runTime\Python\Lib\site-packages
[2023-11-02T15:35:35.069Z] In workdir: S:\jenkins\workspace\ECP\ecg-maya-hydra\ecg-maya-hydra-branch-preflight-python3-windows\ecg-maya-hydra\maya-hydra
[2023-11-02T15:35:35.069Z] Executing: 'P:\\shared\\Artifactory\\Windows\\rundev-master-debug\\202310260154\\runtime\\2caf91a\\runTime\\bin\\mayapy.exe' 'S:\\jenkins\\workspace\\ECP\\ecg-maya-hydra\\ecg-maya-hydra-branch-preflight-python3-windows\\ecg-maya-hydra\\maya-hydra\\build.py' --generator Ninja --build-debug --maya-location 'P:\\shared\\Artifactory\\Windows\\rundev-master-debug\\202310260154\\runtime\\2caf91a\\runTime' --devkit-location 'P:\\shared\\Artifactory\\Windows\\rundev-master-debug\\202310260154\\runtime\\2caf91a\\devkitBase' --pxrusd-location 'P:\\shared\\Artifactory\\Windows\\USD\\972e371' '--build-args=-DCMAKE_MAKE_PROGRAM=P:/shared/Artifactory/Windows/ninja/1.10.2/ccacdf8/ninja.exe,-DPYTHON_INCLUDE_DIR=P:/shared/Artifactory/Windows/rundev-master-debug/202310260154/runtime/2caf91a/runTime/include/Python310/Python,-DPython_EXECUTABLE=P:/shared/Artifactory/Windows/rundev-master-debug/202310260154/runtime/2caf91a/runTime/bin/mayapy.exe,-DPYTHON_LIBRARIES=P:/shared/Artifactory/Windows/rundev-master-debug/202310260154/runtime/2caf91a/runTime/lib/python310_d.lib,-DBUILD_WITH_PYTHON_3=ON,-DBUILD_WITH_PYTHON_3_VERSION=3.10,-DCMAKE_WANT_MATERIALX_BUILD=ON,-DCMAKE_PREFIX_PATH=P:\\shared\\Artifactory\\Windows\\USD\\972e371' --debug-python '--ctest-args=--parallel 16' --stages=install --redirect-outstream-file=False --install-location 'W:\\install\\Debug\\MayaHydra' 'W:\\'
[2023-11-02T15:35:35.069Z] Modified environment variables:
[2023-11-02T15:35:35.069Z]     PATH=P:\shared\Artifactory\Windows\cmake\3.20.3\afe857a\bin;C:\Python27\lib\site-packages\pywin32_system32;C:\Program Files\Microsoft Visual Studio\2022\Professional\VC\Tools\MSVC\14.33.31629\bin\HostX64\x64;C:\Program Files\Microsoft Visual Studio\2022\Professional\Common7\IDE\VC\VCPackages;C:\Program Files\Microsoft Visual Studio\2022\Professional\Common7\IDE\CommonExtensions\Microsoft\TestWindow;C:\Program Files\Microsoft Visual Studio\2022\Professional\Common7\IDE\CommonExtensions\Microsoft\TeamFoundation\Team Explorer;C:\Program Files\Microsoft Visual Studio\2022\Professional\MSBuild\Current\bin\Roslyn;C:\Program Files\Microsoft Visual Studio\2022\Professional\Team Tools\Performance Tools\x64;C:\Program Files\Microsoft Visual Studio\2022\Professional\Team Tools\Performance Tools;C:\Program Files (x86)\Microsoft Visual Studio\Shared\Common\VSPerfCollectionTools\vs2019\\x64;C:\Program Files (x86)\Microsoft Visual Studio\Shared\Common\VSPerfCollectionTools\vs2019\;C:\Program Files (x86)\Microsoft SDKs\Windows\v10.0A\bin\NETFX 4.8 Tools\x64\;C:\Program Files (x86)\HTML Help Workshop;C:\Program Files\Microsoft Visual Studio\2022\Professional\Common7\IDE\CommonExtensions\Microsoft\FSharp\Tools;C:\Program Files (x86)\Windows Kits\10\bin\10.0.19041.0\\x64;C:\Program Files (x86)\Windows Kits\10\bin\\x64;C:\Program Files\Microsoft Visual Studio\2022\Professional\\MSBuild\Current\Bin\amd64;C:\WINDOWS\Microsoft.NET\Framework64\v4.0.30319;C:\Program Files\Microsoft Visual Studio\2022\Professional\Common7\IDE\;C:\Program Files\Microsoft Visual Studio\2022\Professional\Common7\Tools\;C:\Python27\;C:\Python27\Scripts;C:\WINDOWS\system32;C:\WINDOWS;C:\WINDOWS\System32\Wbem;C:\WINDOWS\System32\WindowsPowerShell\v1.0\;C:\WINDOWS\System32\OpenSSH\;C:\ProgramData\chocolatey\bin;C:\Program Files (x86)\WiX Toolset v3.7\bin;C:\Program Files\dotnet\;C:\Program Files (x86)\Windows Kits\10\bin\10.0.18362.0\x64;C:\Program Files\Zulu\zulu-11\bin\;C:\Program Files (x86)\Windows Kits\10\bin\10.0.17763.0\x64;C:\Program Files (x86)\Windows Kits\10\bin\x64;C:\Program Files\Git\cmd;C:\Program Files\Git\usr\bin;C:\Program Files\Git\mingw64\bin;C:\Program Files\Git\bin;C:\Python38\;C:\Python38\Scripts;C:\StoreBoxClientWindows;C:\Program Files\Electric Cloud\ElectricCommander\bin;C:\Program Files\WinRAR;C:\Program Files\7-Zip;C:\Program Files (x86)\Windows Kits\10\bin\10.0.19041.0\x64;C:\Users\Administrator\AppData\Local\Microsoft\WindowsApps;C:\Users\Administrator\.dotnet\tools;C:\Program Files\Microsoft Visual Studio\2022\Professional\Common7\IDE\CommonExtensions\Microsoft\CMake\CMake\bin;C:\Program Files\Microsoft Visual Studio\2022\Professional\Common7\IDE\CommonExtensions\Microsoft\CMake\Ninja;C:\Program Files\Microsoft Visual Studio\2022\Professional\Common7\IDE\VC\Linux\bin\ConnectionManagerExe
[2023-11-02T15:35:36.808Z]     [0/1] Install the project...
[2023-11-02T15:35:36.808Z]     -- Install configuration: "Debug"
[2023-11-02T15:35:38.129Z]     
[2023-11-02T15:35:38.129Z]         Building with settings:
[2023-11-02T15:35:38.130Z]           Source directory          S:\jenkins\workspace\ECP\ecg-maya-hydra\ecg-maya-hydra-branch-preflight-python3-windows\ecg-maya-hydra\maya-hydra
[2023-11-02T15:35:38.130Z]           Workspace directory       W:\
[2023-11-02T15:35:38.130Z]           Build directory           W:\build\Debug
[2023-11-02T15:35:38.130Z]           Install directory         W:\install\Debug\MayaHydra
[2023-11-02T15:35:38.130Z]           Variant                   Debug
[2023-11-02T15:35:38.130Z]           Python Debug              On
[2023-11-02T15:35:38.130Z]           CMake generator           Ninja
[2023-11-02T15:35:38.130Z]           Build arguments           ['-DCMAKE_MAKE_PROGRAM=P:/shared/Artifactory/Windows/ninja/1.10.2/ccacdf8/ninja.exe', '-DPYTHON_INCLUDE_DIR=P:/shared/Artifactory/Windows/rundev-master-debug/202310260154/runtime/2caf91a/runTime/include/Python310/Python', '-DPython_EXECUTABLE=P:/shared/Artifactory/Windows/rundev-master-debug/202310260154/runtime/2caf91a/runTime/bin/mayapy.exe', '-DPYTHON_LIBRARIES=P:/shared/Artifactory/Windows/rundev-master-debug/202310260154/runtime/2caf91a/runTime/lib/python310_d.lib', '-DBUILD_WITH_PYTHON_3=ON', '-DBUILD_WITH_PYTHON_3_VERSION=3.10', '-DCMAKE_WANT_MATERIALX_BUILD=ON', '-DCMAKE_PREFIX_PATH=P:\\shared\\Artifactory\\Windows\\USD\\972e371']
[2023-11-02T15:35:38.130Z]           Stages arguments          ['install']
[2023-11-02T15:35:38.130Z]           CTest arguments           ['--parallel 16']
[2023-11-02T15:35:38.130Z]     Success MayaHydra build and install !!!!
[2023-11-02T15:35:38.130Z]     Elapsed time: 00:00:01
[Pipeline] bat
[2023-11-02T15:35:38.777Z] Deleting alias drive W:
[Pipeline] bat
[2023-11-02T15:35:39.426Z] Deleting alias drive P:
[Pipeline] bat
[2023-11-02T15:35:40.177Z] Creating alias drive P: to S:\jenkins\workspace
[Pipeline] bat
[2023-11-02T15:35:41.113Z] Creating alias drive W: to S:\jenkins\workspace\ECP\ecg-maya-hydra\ecg-maya-hydra-branch-preflight-python3-windows
[Pipeline] bat
[2023-11-02T15:35:41.880Z] "C:\Program Files\Microsoft Visual Studio\2022\Professional\VC\Auxiliary\Build\vcvarsall.bat" x64
[2023-11-02T15:35:42.233Z] **********************************************************************
[2023-11-02T15:35:42.233Z] ** Visual Studio 2022 Developer Command Prompt v17.3.2
[2023-11-02T15:35:42.233Z] ** Copyright (c) 2022 Microsoft Corporation
[2023-11-02T15:35:42.233Z] **********************************************************************
[2023-11-02T15:35:43.966Z] [vcvarsall.bat] Environment initialized for: 'x64'
[2023-11-02T15:35:43.966Z] python ecg-maya-hydra/build.py --stages=install --workspace-dir=W:\ --artifactory-dir=P:\shared\Artifactory --build-dir=W:\build --install-dir=W:\install --signing-dir=W:\signing --package-dir=W:\package --output-dir=W:\output --stash-dir=W:\stash --jenkins-build=363 --git-commit=72fb5b09b803a42e1c4f84569bd73dfe3760fa2f --git-branch=master --variants=RelWithDebInfo --interactive-tests=true --post-zips=false --osx-binary-architecture-target=ub2 --osx-deployment-target=11.0 --osx-base-sdk=CurrentActiveSDK --maya-cut-config=maya-rundev-master.yaml --maya-package=rundev-master --stage-banner
[2023-11-02T15:35:44.705Z] Using Maya cut from P:\shared\Artifactory\Windows\rundev-master\202311010714\runtime\72a99e3
[2023-11-02T15:35:44.705Z] Using Maya ADSK Signatures from P:\shared\Artifactory\Windows\adsk-plugin-signatures-maya\2023\3ae1ae7
[2023-11-02T15:35:44.705Z] Using Maya Security Library from P:\shared\Artifactory\Windows\maya-security-library\3.4.0\284407f
[2023-11-02T15:35:44.705Z] 
[2023-11-02T15:35:44.705Z] ================================================================================
[2023-11-02T15:35:44.705Z]                             install (RelWithDebInfo)
[2023-11-02T15:35:44.705Z] ================================================================================
[2023-11-02T15:35:44.705Z] Maya Python RelWithDebInfo Info:
[2023-11-02T15:35:44.705Z]   mayapy executable   = P:\shared\Artifactory\Windows\rundev-master\202311010714\runtime\72a99e3\runTime\bin\mayapy.exe
[2023-11-02T15:35:44.705Z]   Include Folder      = P:\shared\Artifactory\Windows\rundev-master\202311010714\runtime\72a99e3\runTime\include\Python310\Python
[2023-11-02T15:35:44.705Z]   Library             = P:\shared\Artifactory\Windows\rundev-master\202311010714\runtime\72a99e3\runTime\lib\python310.lib
[2023-11-02T15:35:44.705Z]   site-package Folder = P:\shared\Artifactory\Windows\rundev-master\202311010714\runtime\72a99e3\runTime\Python\Lib\site-packages
[2023-11-02T15:35:45.905Z] In workdir: S:\jenkins\workspace\ECP\ecg-maya-hydra\ecg-maya-hydra-branch-preflight-python3-windows\ecg-maya-hydra\maya-hydra
[2023-11-02T15:35:45.906Z] Executing: 'P:\\shared\\Artifactory\\Windows\\rundev-master\\202311010714\\runtime\\72a99e3\\runTime\\bin\\mayapy.exe' 'S:\\jenkins\\workspace\\ECP\\ecg-maya-hydra\\ecg-maya-hydra-branch-preflight-python3-windows\\ecg-maya-hydra\\maya-hydra\\build.py' --generator Ninja --build-relwithdebug --maya-location 'P:\\shared\\Artifactory\\Windows\\rundev-master\\202311010714\\runtime\\72a99e3\\runTime' --devkit-location 'P:\\shared\\Artifactory\\Windows\\rundev-master\\202311010714\\runtime\\72a99e3\\devkitBase' --pxrusd-location 'P:\\shared\\Artifactory\\Windows\\USD\\ce619c6' '--build-args=-DCMAKE_MAKE_PROGRAM=P:/shared/Artifactory/Windows/ninja/1.10.2/ccacdf8/ninja.exe,-DPYTHON_INCLUDE_DIR=P:/shared/Artifactory/Windows/rundev-master/202311010714/runtime/72a99e3/runTime/include/Python310/Python,-DPython_EXECUTABLE=P:/shared/Artifactory/Windows/rundev-master/202311010714/runtime/72a99e3/runTime/bin/mayapy.exe,-DPYTHON_LIBRARIES=P:/shared/Artifactory/Windows/rundev-master/202311010714/runtime/72a99e3/runTime/lib/python310.lib,-DBUILD_WITH_PYTHON_3=ON,-DBUILD_WITH_PYTHON_3_VERSION=3.10,-DCMAKE_WANT_MATERIALX_BUILD=ON,-DCMAKE_PREFIX_PATH=P:\\shared\\Artifactory\\Windows\\USD\\ce619c6' '--ctest-args=--parallel 16' --stages=install --redirect-outstream-file=False --install-location 'W:\\install\\RelWithDebInfo\\MayaHydra' 'W:\\'
[2023-11-02T15:35:45.906Z] Modified environment variables:
[2023-11-02T15:35:45.906Z]     PATH=P:\shared\Artifactory\Windows\cmake\3.20.3\afe857a\bin;C:\Python27\lib\site-packages\pywin32_system32;C:\Program Files\Microsoft Visual Studio\2022\Professional\VC\Tools\MSVC\14.33.31629\bin\HostX64\x64;C:\Program Files\Microsoft Visual Studio\2022\Professional\Common7\IDE\VC\VCPackages;C:\Program Files\Microsoft Visual Studio\2022\Professional\Common7\IDE\CommonExtensions\Microsoft\TestWindow;C:\Program Files\Microsoft Visual Studio\2022\Professional\Common7\IDE\CommonExtensions\Microsoft\TeamFoundation\Team Explorer;C:\Program Files\Microsoft Visual Studio\2022\Professional\MSBuild\Current\bin\Roslyn;C:\Program Files\Microsoft Visual Studio\2022\Professional\Team Tools\Performance Tools\x64;C:\Program Files\Microsoft Visual Studio\2022\Professional\Team Tools\Performance Tools;C:\Program Files (x86)\Microsoft Visual Studio\Shared\Common\VSPerfCollectionTools\vs2019\\x64;C:\Program Files (x86)\Microsoft Visual Studio\Shared\Common\VSPerfCollectionTools\vs2019\;C:\Program Files (x86)\Microsoft SDKs\Windows\v10.0A\bin\NETFX 4.8 Tools\x64\;C:\Program Files (x86)\HTML Help Workshop;C:\Program Files\Microsoft Visual Studio\2022\Professional\Common7\IDE\CommonExtensions\Microsoft\FSharp\Tools;C:\Program Files (x86)\Windows Kits\10\bin\10.0.19041.0\\x64;C:\Program Files (x86)\Windows Kits\10\bin\\x64;C:\Program Files\Microsoft Visual Studio\2022\Professional\\MSBuild\Current\Bin\amd64;C:\WINDOWS\Microsoft.NET\Framework64\v4.0.30319;C:\Program Files\Microsoft Visual Studio\2022\Professional\Common7\IDE\;C:\Program Files\Microsoft Visual Studio\2022\Professional\Common7\Tools\;C:\Python27\;C:\Python27\Scripts;C:\WINDOWS\system32;C:\WINDOWS;C:\WINDOWS\System32\Wbem;C:\WINDOWS\System32\WindowsPowerShell\v1.0\;C:\WINDOWS\System32\OpenSSH\;C:\ProgramData\chocolatey\bin;C:\Program Files (x86)\WiX Toolset v3.7\bin;C:\Program Files\dotnet\;C:\Program Files (x86)\Windows Kits\10\bin\10.0.18362.0\x64;C:\Program Files\Zulu\zulu-11\bin\;C:\Program Files (x86)\Windows Kits\10\bin\10.0.17763.0\x64;C:\Program Files (x86)\Windows Kits\10\bin\x64;C:\Program Files\Git\cmd;C:\Program Files\Git\usr\bin;C:\Program Files\Git\mingw64\bin;C:\Program Files\Git\bin;C:\Python38\;C:\Python38\Scripts;C:\StoreBoxClientWindows;C:\Program Files\Electric Cloud\ElectricCommander\bin;C:\Program Files\WinRAR;C:\Program Files\7-Zip;C:\Program Files (x86)\Windows Kits\10\bin\10.0.19041.0\x64;C:\Users\Administrator\AppData\Local\Microsoft\WindowsApps;C:\Users\Administrator\.dotnet\tools;C:\Program Files\Microsoft Visual Studio\2022\Professional\Common7\IDE\CommonExtensions\Microsoft\CMake\CMake\bin;C:\Program Files\Microsoft Visual Studio\2022\Professional\Common7\IDE\CommonExtensions\Microsoft\CMake\Ninja;C:\Program Files\Microsoft Visual Studio\2022\Professional\Common7\IDE\VC\Linux\bin\ConnectionManagerExe
[2023-11-02T15:35:46.644Z]     [0/1] Install the project...
[2023-11-02T15:35:46.644Z]     -- Install configuration: "RelWithDebInfo"
[2023-11-02T15:35:47.851Z]     
[2023-11-02T15:35:47.851Z]         Building with settings:
[2023-11-02T15:35:47.851Z]           Source directory          S:\jenkins\workspace\ECP\ecg-maya-hydra\ecg-maya-hydra-branch-preflight-python3-windows\ecg-maya-hydra\maya-hydra
[2023-11-02T15:35:47.851Z]           Workspace directory       W:\
[2023-11-02T15:35:47.851Z]           Build directory           W:\build\RelWithDebInfo
[2023-11-02T15:35:47.851Z]           Install directory         W:\install\RelWithDebInfo\MayaHydra
[2023-11-02T15:35:47.851Z]           Variant                   RelWithDebInfo
[2023-11-02T15:35:47.851Z]           Python Debug              Off
[2023-11-02T15:35:47.851Z]           CMake generator           Ninja
[2023-11-02T15:35:47.851Z]           Build arguments           ['-DCMAKE_MAKE_PROGRAM=P:/shared/Artifactory/Windows/ninja/1.10.2/ccacdf8/ninja.exe', '-DPYTHON_INCLUDE_DIR=P:/shared/Artifactory/Windows/rundev-master/202311010714/runtime/72a99e3/runTime/include/Python310/Python', '-DPython_EXECUTABLE=P:/shared/Artifactory/Windows/rundev-master/202311010714/runtime/72a99e3/runTime/bin/mayapy.exe', '-DPYTHON_LIBRARIES=P:/shared/Artifactory/Windows/rundev-master/202311010714/runtime/72a99e3/runTime/lib/python310.lib', '-DBUILD_WITH_PYTHON_3=ON', '-DBUILD_WITH_PYTHON_3_VERSION=3.10', '-DCMAKE_WANT_MATERIALX_BUILD=ON', '-DCMAKE_PREFIX_PATH=P:\\shared\\Artifactory\\Windows\\USD\\ce619c6']
[2023-11-02T15:35:47.851Z]           Stages arguments          ['install']
[2023-11-02T15:35:47.851Z]           CTest arguments           ['--parallel 16']
[2023-11-02T15:35:47.851Z]     Success MayaHydra build and install !!!!
[2023-11-02T15:35:47.851Z]     Elapsed time: 00:00:01
[Pipeline] bat
[2023-11-02T15:35:48.499Z] Deleting alias drive W:
[Pipeline] bat
[2023-11-02T15:35:49.144Z] Deleting alias drive P:
[Pipeline] }
[Pipeline] // withEnv
[Pipeline] }
[Pipeline] // timeout
[Pipeline] }
[Pipeline] // stage
[Pipeline] }
[Pipeline] // timestamps
[Pipeline] timestamps
[Pipeline] {
[Pipeline] stage
[Pipeline] { (Test)
[Pipeline] timeout
[2023-11-02T15:35:49.347Z] Timeout set to expire in 6 hr 0 min
[Pipeline] {
[Pipeline] withEnv
[Pipeline] {
[Pipeline] bat
[2023-11-02T15:35:49.961Z] Creating alias drive P: to S:\jenkins\workspace
[Pipeline] bat
[2023-11-02T15:35:50.600Z] Creating alias drive W: to S:\jenkins\workspace\ECP\ecg-maya-hydra\ecg-maya-hydra-branch-preflight-python3-windows
[Pipeline] bat
[2023-11-02T15:35:51.389Z] "C:\Program Files\Microsoft Visual Studio\2022\Professional\VC\Auxiliary\Build\vcvarsall.bat" x64
[2023-11-02T15:35:51.734Z] **********************************************************************
[2023-11-02T15:35:51.734Z] ** Visual Studio 2022 Developer Command Prompt v17.3.2
[2023-11-02T15:35:51.734Z] ** Copyright (c) 2022 Microsoft Corporation
[2023-11-02T15:35:51.734Z] **********************************************************************
[2023-11-02T15:35:53.452Z] [vcvarsall.bat] Environment initialized for: 'x64'
[2023-11-02T15:35:53.452Z] python ecg-maya-hydra/build.py --stages=test --workspace-dir=W:\ --artifactory-dir=P:\shared\Artifactory --build-dir=W:\build --install-dir=W:\install --signing-dir=W:\signing --package-dir=W:\package --output-dir=W:\output --stash-dir=W:\stash --jenkins-build=363 --git-commit=72fb5b09b803a42e1c4f84569bd73dfe3760fa2f --git-branch=master --variants=RelWithDebInfo --interactive-tests=true --post-zips=false --osx-binary-architecture-target=ub2 --osx-deployment-target=11.0 --osx-base-sdk=CurrentActiveSDK --test-jobs=0 --failed-test-retry=3 --maya-cut-config=maya-rundev-master.yaml --maya-package=rundev-master --stage-banner --progressive-timeout
[2023-11-02T15:35:54.190Z] Using Maya cut from P:\shared\Artifactory\Windows\rundev-master\202311010714\runtime\72a99e3
[2023-11-02T15:35:54.190Z] Using Maya ADSK Signatures from P:\shared\Artifactory\Windows\adsk-plugin-signatures-maya\2023\3ae1ae7
[2023-11-02T15:35:54.190Z] Using Maya Security Library from P:\shared\Artifactory\Windows\maya-security-library\3.4.0\284407f
[2023-11-02T15:35:54.190Z] 
[2023-11-02T15:35:54.190Z] ================================================================================
[2023-11-02T15:35:54.190Z]                              test (RelWithDebInfo)
[2023-11-02T15:35:54.190Z] ================================================================================
[2023-11-02T15:35:54.190Z] Maya Python RelWithDebInfo Info:
[2023-11-02T15:35:54.190Z]   mayapy executable   = P:\shared\Artifactory\Windows\rundev-master\202311010714\runtime\72a99e3\runTime\bin\mayapy.exe
[2023-11-02T15:35:54.190Z]   Include Folder      = P:\shared\Artifactory\Windows\rundev-master\202311010714\runtime\72a99e3\runTime\include\Python310\Python
[2023-11-02T15:35:54.190Z]   Library             = P:\shared\Artifactory\Windows\rundev-master\202311010714\runtime\72a99e3\runTime\lib\python310.lib
[2023-11-02T15:35:54.190Z]   site-package Folder = P:\shared\Artifactory\Windows\rundev-master\202311010714\runtime\72a99e3\runTime\Python\Lib\site-packages
[2023-11-02T15:35:55.385Z] In workdir: S:\jenkins\workspace\ECP\ecg-maya-hydra\ecg-maya-hydra-branch-preflight-python3-windows\ecg-maya-hydra\maya-hydra
[2023-11-02T15:35:55.385Z] Executing: 'P:\\shared\\Artifactory\\Windows\\rundev-master\\202311010714\\runtime\\72a99e3\\runTime\\bin\\mayapy.exe' 'S:\\jenkins\\workspace\\ECP\\ecg-maya-hydra\\ecg-maya-hydra-branch-preflight-python3-windows\\ecg-maya-hydra\\maya-hydra\\build.py' --generator Ninja --build-relwithdebug --maya-location 'P:\\shared\\Artifactory\\Windows\\rundev-master\\202311010714\\runtime\\72a99e3\\runTime' --devkit-location 'P:\\shared\\Artifactory\\Windows\\rundev-master\\202311010714\\runtime\\72a99e3\\devkitBase' --pxrusd-location 'P:\\shared\\Artifactory\\Windows\\USD\\ce619c6' '--build-args=-DCMAKE_MAKE_PROGRAM=P:/shared/Artifactory/Windows/ninja/1.10.2/ccacdf8/ninja.exe,-DPYTHON_INCLUDE_DIR=P:/shared/Artifactory/Windows/rundev-master/202311010714/runtime/72a99e3/runTime/include/Python310/Python,-DPython_EXECUTABLE=P:/shared/Artifactory/Windows/rundev-master/202311010714/runtime/72a99e3/runTime/bin/mayapy.exe,-DPYTHON_LIBRARIES=P:/shared/Artifactory/Windows/rundev-master/202311010714/runtime/72a99e3/runTime/lib/python310.lib,-DBUILD_WITH_PYTHON_3=ON,-DBUILD_WITH_PYTHON_3_VERSION=3.10,-DCMAKE_WANT_MATERIALX_BUILD=ON,-DCMAKE_PREFIX_PATH=P:\\shared\\Artifactory\\Windows\\USD\\ce619c6' '--ctest-args=--parallel 16' --stages=test --redirect-outstream-file=False --install-location 'W:\\install\\RelWithDebInfo\\MayaHydra' 'W:\\'
[2023-11-02T15:35:55.385Z] Modified environment variables:
[2023-11-02T15:35:55.385Z]     PATH=P:\shared\Artifactory\Windows\cmake\3.20.3\afe857a\bin;C:\Python27\lib\site-packages\pywin32_system32;C:\Program Files\Microsoft Visual Studio\2022\Professional\VC\Tools\MSVC\14.33.31629\bin\HostX64\x64;C:\Program Files\Microsoft Visual Studio\2022\Professional\Common7\IDE\VC\VCPackages;C:\Program Files\Microsoft Visual Studio\2022\Professional\Common7\IDE\CommonExtensions\Microsoft\TestWindow;C:\Program Files\Microsoft Visual Studio\2022\Professional\Common7\IDE\CommonExtensions\Microsoft\TeamFoundation\Team Explorer;C:\Program Files\Microsoft Visual Studio\2022\Professional\MSBuild\Current\bin\Roslyn;C:\Program Files\Microsoft Visual Studio\2022\Professional\Team Tools\Performance Tools\x64;C:\Program Files\Microsoft Visual Studio\2022\Professional\Team Tools\Performance Tools;C:\Program Files (x86)\Microsoft Visual Studio\Shared\Common\VSPerfCollectionTools\vs2019\\x64;C:\Program Files (x86)\Microsoft Visual Studio\Shared\Common\VSPerfCollectionTools\vs2019\;C:\Program Files (x86)\Microsoft SDKs\Windows\v10.0A\bin\NETFX 4.8 Tools\x64\;C:\Program Files (x86)\HTML Help Workshop;C:\Program Files\Microsoft Visual Studio\2022\Professional\Common7\IDE\CommonExtensions\Microsoft\FSharp\Tools;C:\Program Files (x86)\Windows Kits\10\bin\10.0.19041.0\\x64;C:\Program Files (x86)\Windows Kits\10\bin\\x64;C:\Program Files\Microsoft Visual Studio\2022\Professional\\MSBuild\Current\Bin\amd64;C:\WINDOWS\Microsoft.NET\Framework64\v4.0.30319;C:\Program Files\Microsoft Visual Studio\2022\Professional\Common7\IDE\;C:\Program Files\Microsoft Visual Studio\2022\Professional\Common7\Tools\;C:\Python27\;C:\Python27\Scripts;C:\WINDOWS\system32;C:\WINDOWS;C:\WINDOWS\System32\Wbem;C:\WINDOWS\System32\WindowsPowerShell\v1.0\;C:\WINDOWS\System32\OpenSSH\;C:\ProgramData\chocolatey\bin;C:\Program Files (x86)\WiX Toolset v3.7\bin;C:\Program Files\dotnet\;C:\Program Files (x86)\Windows Kits\10\bin\10.0.18362.0\x64;C:\Program Files\Zulu\zulu-11\bin\;C:\Program Files (x86)\Windows Kits\10\bin\10.0.17763.0\x64;C:\Program Files (x86)\Windows Kits\10\bin\x64;C:\Program Files\Git\cmd;C:\Program Files\Git\usr\bin;C:\Program Files\Git\mingw64\bin;C:\Program Files\Git\bin;C:\Python38\;C:\Python38\Scripts;C:\StoreBoxClientWindows;C:\Program Files\Electric Cloud\ElectricCommander\bin;C:\Program Files\WinRAR;C:\Program Files\7-Zip;C:\Program Files (x86)\Windows Kits\10\bin\10.0.19041.0\x64;C:\Users\Administrator\AppData\Local\Microsoft\WindowsApps;C:\Users\Administrator\.dotnet\tools;C:\Program Files\Microsoft Visual Studio\2022\Professional\Common7\IDE\CommonExtensions\Microsoft\CMake\CMake\bin;C:\Program Files\Microsoft Visual Studio\2022\Professional\Common7\IDE\CommonExtensions\Microsoft\CMake\Ninja;C:\Program Files\Microsoft Visual Studio\2022\Professional\Common7\IDE\VC\Linux\bin\ConnectionManagerExe
[2023-11-02T15:35:56.126Z]     Test project W:/build/RelWithDebInfo
[2023-11-02T15:35:56.126Z]           Start  1: _Interactive_Maya
[2023-11-02T15:35:56.126Z]      1/17 Test  #1: _Interactive_Maya ................***Not Run (Disabled)   0.00 sec
[2023-11-02T15:35:56.126Z]           Start  2: testImageDiffing
[2023-11-02T15:35:56.126Z]           Start  3: testMtohCommand
[2023-11-02T15:35:56.126Z]           Start  4: testMeshes
[2023-11-02T15:35:56.126Z]           Start  5: testNamespaces
[2023-11-02T15:35:56.126Z]           Start  6: testVisibility
[2023-11-02T15:35:56.126Z]           Start  7: testRendererSwitching
[2023-11-02T15:35:56.126Z]           Start  8: testSceneBrowser
[2023-11-02T15:35:56.473Z]           Start  9: testStageAddPrim
[2023-11-02T15:35:56.473Z]           Start 10: testNewSceneWithStage
[2023-11-02T15:35:56.473Z]           Start 11: testColorPreferences
[2023-11-02T15:35:56.473Z]           Start 12: testCppFramework
[2023-11-02T15:35:56.473Z]           Start 13: testMayaSceneFlattening
[2023-11-02T15:35:56.473Z]           Start 14: testMayaUsdUfeItems
[2023-11-02T15:35:56.818Z]           Start 15: testMergingSceneIndex
[2023-11-02T15:35:56.818Z]           Start 16: testSelectionSceneIndex
[2023-11-02T15:35:56.818Z]           Start 17: testMeshes_meshAdapter
[2023-11-02T15:36:20.380Z]      2/17 Test  #3: testMtohCommand ..................   Passed   23.74 sec
[2023-11-02T15:36:20.380Z]      3/17 Test #10: testNewSceneWithStage ............   Passed   23.73 sec
[2023-11-02T15:36:21.108Z]      4/17 Test  #4: testMeshes .......................   Passed   24.46 sec
[2023-11-02T15:36:21.448Z]      5/17 Test  #5: testNamespaces ...................   Passed   25.18 sec
[2023-11-02T15:36:22.629Z]      6/17 Test  #8: testSceneBrowser .................   Passed   26.09 sec
[2023-11-02T15:36:23.358Z]      7/17 Test  #2: testImageDiffing .................   Passed   27.35 sec
[2023-11-02T15:36:24.087Z]      8/17 Test  #7: testRendererSwitching ............   Passed   27.73 sec
[2023-11-02T15:36:27.106Z]      9/17 Test  #6: testVisibility ...................   Passed   31.03 sec
[2023-11-02T15:36:27.447Z]     10/17 Test  #9: testStageAddPrim .................   Passed   31.11 sec
[2023-11-02T15:36:27.786Z]     11/17 Test #14: testMayaUsdUfeItems ..............   Passed   31.11 sec
[2023-11-02T15:36:28.126Z]     12/17 Test #16: testSelectionSceneIndex ..........   Passed   31.29 sec
[2023-11-02T15:36:28.126Z]     13/17 Test #13: testMayaSceneFlattening ..........   Passed   31.69 sec
[2023-11-02T15:36:28.466Z]     14/17 Test #15: testMergingSceneIndex ............   Passed   31.73 sec
[2023-11-02T15:36:28.466Z]     15/17 Test #12: testCppFramework .................   Passed   32.08 sec
[2023-11-02T15:36:28.806Z]     16/17 Test #17: testMeshes_meshAdapter ...........   Passed   31.87 sec
[2023-11-02T15:36:29.146Z]     17/17 Test #11: testColorPreferences .............   Passed   32.73 sec
[2023-11-02T15:36:29.146Z]     
[2023-11-02T15:36:29.146Z]     100% tests passed, 0 tests failed out of 16
[2023-11-02T15:36:29.146Z]     
[2023-11-02T15:36:29.146Z]     Label Time Summary:
[2023-11-02T15:36:29.146Z]     Debugging      =   0.00 sec*proc (1 test)
[2023-11-02T15:36:29.146Z]     interactive    = 462.93 sec*proc (16 tests)
[2023-11-02T15:36:29.146Z]     mayaHydra      = 462.93 sec*proc (16 tests)
[2023-11-02T15:36:29.146Z]     
[2023-11-02T15:36:29.146Z]     Total Test time (real) =  33.09 sec
[2023-11-02T15:36:29.146Z]     
[2023-11-02T15:36:29.146Z]     The following tests did not run:
[2023-11-02T15:36:29.146Z]     	  1 - _Interactive_Maya (Disabled)
[2023-11-02T15:36:29.146Z]     
[2023-11-02T15:36:29.146Z]         Building with settings:
[2023-11-02T15:36:29.146Z]           Source directory          S:\jenkins\workspace\ECP\ecg-maya-hydra\ecg-maya-hydra-branch-preflight-python3-windows\ecg-maya-hydra\maya-hydra
[2023-11-02T15:36:29.146Z]           Workspace directory       W:\
[2023-11-02T15:36:29.146Z]           Build directory           W:\build\RelWithDebInfo
[2023-11-02T15:36:29.146Z]           Install directory         W:\install\RelWithDebInfo\MayaHydra
[2023-11-02T15:36:29.146Z]           Variant                   RelWithDebInfo
[2023-11-02T15:36:29.146Z]           Python Debug              Off
[2023-11-02T15:36:29.146Z]           CMake generator           Ninja
[2023-11-02T15:36:29.146Z]           Build arguments           ['-DCMAKE_MAKE_PROGRAM=P:/shared/Artifactory/Windows/ninja/1.10.2/ccacdf8/ninja.exe', '-DPYTHON_INCLUDE_DIR=P:/shared/Artifactory/Windows/rundev-master/202311010714/runtime/72a99e3/runTime/include/Python310/Python', '-DPython_EXECUTABLE=P:/shared/Artifactory/Windows/rundev-master/202311010714/runtime/72a99e3/runTime/bin/mayapy.exe', '-DPYTHON_LIBRARIES=P:/shared/Artifactory/Windows/rundev-master/202311010714/runtime/72a99e3/runTime/lib/python310.lib', '-DBUILD_WITH_PYTHON_3=ON', '-DBUILD_WITH_PYTHON_3_VERSION=3.10', '-DCMAKE_WANT_MATERIALX_BUILD=ON', '-DCMAKE_PREFIX_PATH=P:\\shared\\Artifactory\\Windows\\USD\\ce619c6']
[2023-11-02T15:36:29.146Z]           Stages arguments          ['test']
[2023-11-02T15:36:29.146Z]           CTest arguments           ['--parallel 16']
[2023-11-02T15:36:29.146Z]     Success running MayaHydra tests !!!!
[Pipeline] bat
[2023-11-02T15:36:29.891Z] Deleting alias drive W:
[Pipeline] bat
[2023-11-02T15:36:30.533Z] Deleting alias drive P:
[Pipeline] }
[Pipeline] // withEnv
[Pipeline] }
[Pipeline] // timeout
[Pipeline] }
[Pipeline] // stage
[Pipeline] }
[Pipeline] // timestamps
[Pipeline] timestamps
[Pipeline] {
[Pipeline] stage
[Pipeline] { (Cleanup)
[Pipeline] timeout
[2023-11-02T15:36:30.736Z] Timeout set to expire in 6 hr 0 min
[Pipeline] {
[Pipeline] withEnv
[Pipeline] {
[Pipeline] bat
[2023-11-02T15:36:31.506Z] Creating alias drive P: to S:\jenkins\workspace
[Pipeline] bat
[2023-11-02T15:36:32.131Z] Creating alias drive W: to S:\jenkins\workspace\ECP\ecg-maya-hydra\ecg-maya-hydra-branch-preflight-python3-windows
[Pipeline] bat
[2023-11-02T15:36:32.899Z] "C:\Program Files\Microsoft Visual Studio\2022\Professional\VC\Auxiliary\Build\vcvarsall.bat" x64
[2023-11-02T15:36:33.239Z] **********************************************************************
[2023-11-02T15:36:33.239Z] ** Visual Studio 2022 Developer Command Prompt v17.3.2
[2023-11-02T15:36:33.239Z] ** Copyright (c) 2022 Microsoft Corporation
[2023-11-02T15:36:33.239Z] **********************************************************************
[2023-11-02T15:36:34.944Z] [vcvarsall.bat] Environment initialized for: 'x64'
[2023-11-02T15:36:34.944Z] python ecg-maya-hydra/build.py --stages=cleanup --workspace-dir=W:\ --artifactory-dir=P:\shared\Artifactory --build-dir=W:\build --install-dir=W:\install --signing-dir=W:\signing --package-dir=W:\package --output-dir=W:\output --stash-dir=W:\stash --jenkins-build=363 --git-commit=72fb5b09b803a42e1c4f84569bd73dfe3760fa2f --git-branch=master --variants=Debug --interactive-tests=true --post-zips=false --osx-binary-architecture-target=ub2 --osx-deployment-target=11.0 --osx-base-sdk=CurrentActiveSDK --maya-cut-config=maya-rundev-master-debug.yaml --maya-package=rundev-master-debug --stage-banner
[2023-11-02T15:36:35.697Z] Using Maya cut from P:\shared\Artifactory\Windows\rundev-master-debug\202310260154\runtime\2caf91a
[2023-11-02T15:36:35.697Z] Using Maya ADSK Signatures from P:\shared\Artifactory\Windows\adsk-plugin-signatures-maya\2023\3ae1ae7
[2023-11-02T15:36:35.697Z] Using Maya Security Library from P:\shared\Artifactory\Windows\maya-security-library\3.4.0\284407f
[2023-11-02T15:36:35.697Z] 
[2023-11-02T15:36:35.697Z] ================================================================================
[2023-11-02T15:36:35.697Z]                                cleanup (Finalize)
[2023-11-02T15:36:35.697Z] ================================================================================
[2023-11-02T15:36:35.697Z] Cleaning up workspace
[2023-11-02T15:36:35.697Z] Removing directory: W:\build
[2023-11-02T15:36:36.877Z] Removing directory: W:\install
[Pipeline] bat
[2023-11-02T15:36:37.847Z] Deleting alias drive W:
[Pipeline] bat
[2023-11-02T15:36:38.464Z] Deleting alias drive P:
[Pipeline] bat
[2023-11-02T15:36:39.104Z] Creating alias drive P: to S:\jenkins\workspace
[Pipeline] bat
[2023-11-02T15:36:39.738Z] Creating alias drive W: to S:\jenkins\workspace\ECP\ecg-maya-hydra\ecg-maya-hydra-branch-preflight-python3-windows
[Pipeline] bat
[2023-11-02T15:36:40.491Z] "C:\Program Files\Microsoft Visual Studio\2022\Professional\VC\Auxiliary\Build\vcvarsall.bat" x64
[2023-11-02T15:36:40.836Z] **********************************************************************
[2023-11-02T15:36:40.836Z] ** Visual Studio 2022 Developer Command Prompt v17.3.2
[2023-11-02T15:36:40.836Z] ** Copyright (c) 2022 Microsoft Corporation
[2023-11-02T15:36:40.836Z] **********************************************************************
[2023-11-02T15:36:42.549Z] [vcvarsall.bat] Environment initialized for: 'x64'
[2023-11-02T15:36:42.549Z] python ecg-maya-hydra/build.py --stages=cleanup --workspace-dir=W:\ --artifactory-dir=P:\shared\Artifactory --build-dir=W:\build --install-dir=W:\install --signing-dir=W:\signing --package-dir=W:\package --output-dir=W:\output --stash-dir=W:\stash --jenkins-build=363 --git-commit=72fb5b09b803a42e1c4f84569bd73dfe3760fa2f --git-branch=master --variants=RelWithDebInfo --interactive-tests=true --post-zips=false --osx-binary-architecture-target=ub2 --osx-deployment-target=11.0 --osx-base-sdk=CurrentActiveSDK --maya-cut-config=maya-rundev-master.yaml --maya-package=rundev-master --stage-banner
[2023-11-02T15:36:43.283Z] Using Maya cut from P:\shared\Artifactory\Windows\rundev-master\202311010714\runtime\72a99e3
[2023-11-02T15:36:43.283Z] Using Maya ADSK Signatures from P:\shared\Artifactory\Windows\adsk-plugin-signatures-maya\2023\3ae1ae7
[2023-11-02T15:36:43.283Z] Using Maya Security Library from P:\shared\Artifactory\Windows\maya-security-library\3.4.0\284407f
[2023-11-02T15:36:43.283Z] 
[2023-11-02T15:36:43.283Z] ================================================================================
[2023-11-02T15:36:43.283Z]                                cleanup (Finalize)
[2023-11-02T15:36:43.283Z] ================================================================================
[2023-11-02T15:36:43.283Z] Cleaning up workspace
[Pipeline] bat
[2023-11-02T15:36:43.901Z] Deleting alias drive W:
[Pipeline] bat
[2023-11-02T15:36:44.533Z] Deleting alias drive P:
[Pipeline] }
[Pipeline] // withEnv
[Pipeline] }
[Pipeline] // timeout
[Pipeline] }
[Pipeline] // stage
[Pipeline] }
[Pipeline] // timestamps
[Pipeline] }
[Pipeline] // node
[Pipeline] End of Pipeline
[Checks API] No suitable checks publisher found.
Finished: SUCCESS
