================================================================================
                             setup (RelWithDebInfo)
================================================================================
[Pipeline] }
[Pipeline] // withEnv
[Pipeline] }
[Pipeline] // stage
[Pipeline] }
[Pipeline] // timestamps
[Pipeline] }
[Pipeline] // timeout
[Pipeline] timeout
Timeout set to expire in 6 hr 0 min
[Pipeline] {
[Pipeline] timestamps
[Pipeline] {
[Pipeline] stage
[Pipeline] { (Clean)
[Pipeline] withEnv
[Pipeline] {
[Pipeline] sh
[ecg-mayausd-branch-preflight-2022-python3-osx] Running shell script
+ python ecg-maya-usd/build.py --stages=clean --workspace-dir=/local/S/jenkins/workspace/ecg-mayausd-branch-preflight-2022-python3-osx --artifactory-dir=/local/S/jenkins/workspace/shared/Artifactory --build-dir=/local/S/jenkins/workspace/ecg-mayausd-branch-preflight-2022-python3-osx/build --install-dir=/local/S/jenkins/workspace/ecg-mayausd-branch-preflight-2022-python3-osx/install --signing-dir=/local/S/jenkins/workspace/ecg-mayausd-branch-preflight-2022-python3-osx/signing --package-dir=/local/S/jenkins/workspace/ecg-mayausd-branch-preflight-2022-python3-osx/package --output-dir=/local/S/jenkins/workspace/ecg-mayausd-branch-preflight-2022-python3-osx/output --stash-dir=/local/S/jenkins/workspace/ecg-mayausd-branch-preflight-2022-python3-osx/stash --jenkins-build=1089 --git-commit=5b22288fa8bbc013a9bcc0e0cd24b6c7864007d3 --git-branch=master --variants=RelWithDebInfo --python=3.7 --post-zips=false --maya-cut-config=maya-rundev-2022.yaml --stage-banner
Using Maya cut from /local/S/jenkins/workspace/shared/Artifactory/OSX/rundev-2022/202201050615/runtime/cfc11a0

================================================================================
                             clean (RelWithDebInfo)
================================================================================
Maya Python RelWithDebInfo Info:
  mayapy executable   = /local/S/jenkins/workspace/shared/Artifactory/OSX/rundev-2022/202201050615/runtime/cfc11a0/runTime/Maya.app/Contents/bin/mayapy
  Include Folder      = /local/S/jenkins/workspace/shared/Artifactory/OSX/rundev-2022/202201050615/runtime/cfc11a0/runTime/Maya.app/Contents/Frameworks/Python.framework/Versions/Current/include/python3.7m
  Library             = /local/S/jenkins/workspace/shared/Artifactory/OSX/rundev-2022/202201050615/runtime/cfc11a0/runTime/Maya.app/Contents/Frameworks/Python.framework/Versions/Current/lib/libpython3.7m.dylib
  site-package Folder = /local/S/jenkins/workspace/shared/Artifactory/OSX/rundev-2022/202201050615/runtime/cfc11a0/runTime/Maya.app/Contents/Frameworks/Python.framework/Versions/Current/lib/python3.7/site-packages
In workdir: /local/S/jenkins/workspace/ecg-mayausd-branch-preflight-2022-python3-osx/ecg-maya-usd/maya-usd
Executing: /local/S/jenkins/workspace/shared/Artifactory/OSX/rundev-2022/202201050615/runtime/cfc11a0/runTime/Maya.app/Contents/bin/mayapy /local/S/jenkins/workspace/ecg-mayausd-branch-preflight-2022-python3-osx/ecg-maya-usd/maya-usd/build.py --generator Ninja --build-relwithdebug --maya-location /local/S/jenkins/workspace/shared/Artifactory/OSX/rundev-2022/202201050615/runtime/cfc11a0/runTime --devkit-location /local/S/jenkins/workspace/shared/Artifactory/OSX/rundev-2022/202201050615/runtime/cfc11a0/devkitBase --pxrusd-location /local/S/jenkins/workspace/shared/Artifactory/OSX/USD/675817a --qt-location /local/S/jenkins/workspace/shared/Artifactory/OSX/qt/5.15.2/e84d5cb --build-args=-DCMAKE_MAKE_PROGRAM=/local/S/jenkins/workspace/shared/Artifactory/OSX/ninja/1.9.0/41005eb/ninja,-DPYTHON_INCLUDE_DIR=/local/S/jenkins/workspace/shared/Artifactory/OSX/rundev-2022/202201050615/runtime/cfc11a0/runTime/Maya.app/Contents/Frameworks/Python.framework/Versions/Current/include/python3.7m,-DPython_EXECUTABLE=/local/S/jenkins/workspace/shared/Artifactory/OSX/rundev-2022/202201050615/runtime/cfc11a0/runTime/Maya.app/Contents/bin/mayapy,-DPYTHON_LIBRARIES=/local/S/jenkins/workspace/shared/Artifactory/OSX/rundev-2022/202201050615/runtime/cfc11a0/runTime/Maya.app/Contents/Frameworks/Python.framework/Versions/Current/lib/libpython3.7m.dylib,-DBUILD_WITH_PYTHON_3=ON,-DCMAKE_WANT_MATERIALX_BUILD=ON,-DCMAKE_PREFIX_PATH=/local/S/jenkins/workspace/shared/Artifactory/OSX/USD/675817a '--ctest-args=-E testUsdReferenceAssemblySelection|testUsdMayaAppDir|TestALUSDMayaPython_LayerManager|testUsdExportAsClip,-LE interactive,--parallel 4' --stages=clean --redirect-outstream-file=False --install-location /local/S/jenkins/workspace/ecg-mayausd-branch-preflight-2022-python3-osx/install/RelWithDebInfo/MayaUSD /local/S/jenkins/workspace/ecg-mayausd-branch-preflight-2022-python3-osx
Modified environment variables:
    PATH=/local/S/jenkins/workspace/shared/Artifactory/OSX/cmake/3.14.4/e159059/bin:/usr/local/bin:/bin:/usr/sbin:/sbin:/usr/bin
    
        Building with settings:
          Source directory          /local/S/jenkins/workspace/ecg-mayausd-branch-preflight-2022-python3-osx/ecg-maya-usd/maya-usd
          Workspace directory       /local/S/jenkins/workspace/ecg-mayausd-branch-preflight-2022-python3-osx
          Build directory           /local/S/jenkins/workspace/ecg-mayausd-branch-preflight-2022-python3-osx/build/RelWithDebInfo
          Install directory         /local/S/jenkins/workspace/ecg-mayausd-branch-preflight-2022-python3-osx/install/RelWithDebInfo/MayaUSD
          Variant                   RelWithDebInfo
          Python Debug              Off
          CMake generator           Ninja
          Build arguments           ['-DCMAKE_MAKE_PROGRAM=/local/S/jenkins/workspace/shared/Artifactory/OSX/ninja/1.9.0/41005eb/ninja', '-DPYTHON_INCLUDE_DIR=/local/S/jenkins/workspace/shared/Artifactory/OSX/rundev-2022/202201050615/runtime/cfc11a0/runTime/Maya.app/Contents/Frameworks/Python.framework/Versions/Current/include/python3.7m', '-DPython_EXECUTABLE=/local/S/jenkins/workspace/shared/Artifactory/OSX/rundev-2022/202201050615/runtime/cfc11a0/runTime/Maya.app/Contents/bin/mayapy', '-DPYTHON_LIBRARIES=/local/S/jenkins/workspace/shared/Artifactory/OSX/rundev-2022/202201050615/runtime/cfc11a0/runTime/Maya.app/Contents/Frameworks/Python.framework/Versions/Current/lib/libpython3.7m.dylib', '-DBUILD_WITH_PYTHON_3=ON', '-DCMAKE_WANT_MATERIALX_BUILD=ON', '-DCMAKE_PREFIX_PATH=/local/S/jenkins/workspace/shared/Artifactory/OSX/USD/675817a']
          Stages arguments          ['clean']
          CTest arguments           ['-E testUsdReferenceAssemblySelection|testUsdMayaAppDir|TestALUSDMayaPython_LayerManager|testUsdExportAsClip', '-LE interactive', '--parallel 4']
    Success MayaUSD build and install !!!!
    Elapsed time: 00:00:00
[Pipeline] }
[Pipeline] // withEnv
[Pipeline] }
[Pipeline] // stage
[Pipeline] }
[Pipeline] // timestamps
[Pipeline] }
[Pipeline] // timeout
[Pipeline] timeout
Timeout set to expire in 6 hr 0 min
[Pipeline] {
[Pipeline] timestamps
[Pipeline] {
[Pipeline] stage
[Pipeline] { (Configure)
[Pipeline] withEnv
[Pipeline] {
[Pipeline] sh
[ecg-mayausd-branch-preflight-2022-python3-osx] Running shell script
+ python ecg-maya-usd/build.py --stages=configure --workspace-dir=/local/S/jenkins/workspace/ecg-mayausd-branch-preflight-2022-python3-osx --artifactory-dir=/local/S/jenkins/workspace/shared/Artifactory --build-dir=/local/S/jenkins/workspace/ecg-mayausd-branch-preflight-2022-python3-osx/build --install-dir=/local/S/jenkins/workspace/ecg-mayausd-branch-preflight-2022-python3-osx/install --signing-dir=/local/S/jenkins/workspace/ecg-mayausd-branch-preflight-2022-python3-osx/signing --package-dir=/local/S/jenkins/workspace/ecg-mayausd-branch-preflight-2022-python3-osx/package --output-dir=/local/S/jenkins/workspace/ecg-mayausd-branch-preflight-2022-python3-osx/output --stash-dir=/local/S/jenkins/workspace/ecg-mayausd-branch-preflight-2022-python3-osx/stash --jenkins-build=1089 --git-commit=5b22288fa8bbc013a9bcc0e0cd24b6c7864007d3 --git-branch=master --variants=RelWithDebInfo --python=3.7 --post-zips=false --maya-cut-config=maya-rundev-2022.yaml --stage-banner
Using Maya cut from /local/S/jenkins/workspace/shared/Artifactory/OSX/rundev-2022/202201050615/runtime/cfc11a0

================================================================================
                           configure (RelWithDebInfo)
================================================================================
Maya Python RelWithDebInfo Info:
  mayapy executable   = /local/S/jenkins/workspace/shared/Artifactory/OSX/rundev-2022/202201050615/runtime/cfc11a0/runTime/Maya.app/Contents/bin/mayapy
  Include Folder      = /local/S/jenkins/workspace/shared/Artifactory/OSX/rundev-2022/202201050615/runtime/cfc11a0/runTime/Maya.app/Contents/Frameworks/Python.framework/Versions/Current/include/python3.7m
  Library             = /local/S/jenkins/workspace/shared/Artifactory/OSX/rundev-2022/202201050615/runtime/cfc11a0/runTime/Maya.app/Contents/Frameworks/Python.framework/Versions/Current/lib/libpython3.7m.dylib
  site-package Folder = /local/S/jenkins/workspace/shared/Artifactory/OSX/rundev-2022/202201050615/runtime/cfc11a0/runTime/Maya.app/Contents/Frameworks/Python.framework/Versions/Current/lib/python3.7/site-packages
In workdir: /local/S/jenkins/workspace/ecg-mayausd-branch-preflight-2022-python3-osx/ecg-maya-usd/maya-usd
Executing: /local/S/jenkins/workspace/shared/Artifactory/OSX/rundev-2022/202201050615/runtime/cfc11a0/runTime/Maya.app/Contents/bin/mayapy /local/S/jenkins/workspace/ecg-mayausd-branch-preflight-2022-python3-osx/ecg-maya-usd/maya-usd/build.py --generator Ninja --build-relwithdebug --maya-location /local/S/jenkins/workspace/shared/Artifactory/OSX/rundev-2022/202201050615/runtime/cfc11a0/runTime --devkit-location /local/S/jenkins/workspace/shared/Artifactory/OSX/rundev-2022/202201050615/runtime/cfc11a0/devkitBase --pxrusd-location /local/S/jenkins/workspace/shared/Artifactory/OSX/USD/675817a --qt-location /local/S/jenkins/workspace/shared/Artifactory/OSX/qt/5.15.2/e84d5cb --build-args=-DCMAKE_MAKE_PROGRAM=/local/S/jenkins/workspace/shared/Artifactory/OSX/ninja/1.9.0/41005eb/ninja,-DPYTHON_INCLUDE_DIR=/local/S/jenkins/workspace/shared/Artifactory/OSX/rundev-2022/202201050615/runtime/cfc11a0/runTime/Maya.app/Contents/Frameworks/Python.framework/Versions/Current/include/python3.7m,-DPython_EXECUTABLE=/local/S/jenkins/workspace/shared/Artifactory/OSX/rundev-2022/202201050615/runtime/cfc11a0/runTime/Maya.app/Contents/bin/mayapy,-DPYTHON_LIBRARIES=/local/S/jenkins/workspace/shared/Artifactory/OSX/rundev-2022/202201050615/runtime/cfc11a0/runTime/Maya.app/Contents/Frameworks/Python.framework/Versions/Current/lib/libpython3.7m.dylib,-DBUILD_WITH_PYTHON_3=ON,-DCMAKE_WANT_MATERIALX_BUILD=ON,-DCMAKE_PREFIX_PATH=/local/S/jenkins/workspace/shared/Artifactory/OSX/USD/675817a '--ctest-args=-E testUsdReferenceAssemblySelection|testUsdMayaAppDir|TestALUSDMayaPython_LayerManager|testUsdExportAsClip,-LE interactive,--parallel 4' --stages=configure --redirect-outstream-file=False --install-location /local/S/jenkins/workspace/ecg-mayausd-branch-preflight-2022-python3-osx/install/RelWithDebInfo/MayaUSD /local/S/jenkins/workspace/ecg-mayausd-branch-preflight-2022-python3-osx
Modified environment variables:
    PATH=/local/S/jenkins/workspace/shared/Artifactory/OSX/cmake/3.14.4/e159059/bin:/usr/local/bin:/bin:/usr/sbin:/sbin:/usr/bin
    -- The C compiler identification is AppleClang 10.0.1.10010046
    -- The CXX compiler identification is AppleClang 10.0.1.10010046
    -- Check for working C compiler: /Applications/Xcode.app/Contents/Developer/Toolchains/XcodeDefault.xctoolchain/usr/bin/cc
    -- Check for working C compiler: /Applications/Xcode.app/Contents/Developer/Toolchains/XcodeDefault.xctoolchain/usr/bin/cc -- works
    -- Detecting C compiler ABI info
    -- Detecting C compiler ABI info - done
    -- Detecting C compile features
    -- Detecting C compile features - done
    -- Check for working CXX compiler: /Applications/Xcode.app/Contents/Developer/Toolchains/XcodeDefault.xctoolchain/usr/bin/c++
    -- Check for working CXX compiler: /Applications/Xcode.app/Contents/Developer/Toolchains/XcodeDefault.xctoolchain/usr/bin/c++ -- works
    -- Detecting CXX compiler ABI info
    -- Detecting CXX compiler ABI info - done
    -- Detecting CXX compile features
    -- Detecting CXX compile features - done
    -- Using Maya Light API Version 2
    -- Maya has setDefaultMaterialHandling API
    -- Maya has new point snapping API
    -- Found Maya: /local/S/jenkins/workspace/shared/Artifactory/OSX/rundev-2022/202201050615/runtime/cfc11a0/runTime/maya.app/Contents/MacOS/Maya (found suitable version "2022", minimum required is "2018")
    -- Found Python: /local/S/jenkins/workspace/shared/Artifactory/OSX/rundev-2022/202201050615/runtime/cfc11a0/runTime/Maya.app/Contents/bin/mayapy (found suitable exact version "3.7.7") found components:  Interpreter
    -- Build MayaUSD with Python3 = ON
    --    PYTHON_INCLUDE_DIRS = /local/S/jenkins/workspace/shared/Artifactory/OSX/rundev-2022/202201050615/runtime/cfc11a0/runTime/Maya.app/Contents/Frameworks/Python.framework/Versions/Current/include/python3.7m
    --    PYTHON_LIBRARIES    = /local/S/jenkins/workspace/shared/Artifactory/OSX/rundev-2022/202201050615/runtime/cfc11a0/runTime/Maya.app/Contents/Frameworks/Python.framework/Versions/Current/lib/libpython3.7m.dylib
    --    Python_EXECUTABLE   = /local/S/jenkins/workspace/shared/Artifactory/OSX/rundev-2022/202201050615/runtime/cfc11a0/runTime/Maya.app/Contents/bin/mayapy
    -- USD include dir: /local/S/jenkins/workspace/shared/Artifactory/OSX/USD/675817a/include
    -- USD library dir: /local/S/jenkins/workspace/shared/Artifactory/OSX/USD/675817a/lib
    -- USD version: 0.21.8
    -- Found USD: /local/S/jenkins/workspace/shared/Artifactory/OSX/USD/675817a (found suitable version "0.21.8", minimum required is "0.20.05")
    CMake Warning at CMakeLists.txt:109 (message):
      Disabling MaterialX VP2 rendering: it is not supported by this USD package.
    
    
    Updated PYTHONPATH: /local/S/jenkins/workspace/shared/Artifactory/OSX/USD/675817a/lib/python
    -- UFE include dir: /local/S/jenkins/workspace/shared/Artifactory/OSX/rundev-2022/202201050615/runtime/cfc11a0/devkitBase/devkit/ufe/include
    -- UFE library: /local/S/jenkins/workspace/shared/Artifactory/OSX/rundev-2022/202201050615/runtime/cfc11a0/devkitBase/devkit/ufe/lib/libufe_2.dylib
    -- UFE version: 2.0.3
    -- Building with UFE 2.0.3 features enabled.
    -- Building with Qt features enabled.
    -- **** Building Gulark From Github Repository.
    -- Populating gulark
    -- Configuring done
    -- Generating done
    -- Build files have been written to: /local/S/jenkins/workspace/ecg-mayausd-branch-preflight-2022-python3-osx/build/RelWithDebInfo/_deps/gulark-subbuild
    [1/9] Creating directories for 'gulark-populate'
    [1/9] Performing download step (git clone) for 'gulark-populate'
    Cloning into 'gulark-src'...
    HEAD is now at 4e21ab3 Version bump and updated readme.
    [2/9] Performing update step for 'gulark-populate'
    [3/9] No patch step for 'gulark-populate'
    [5/9] No configure step for 'gulark-populate'
    [6/9] No build step for 'gulark-populate'
    [7/9] No install step for 'gulark-populate'
    [8/9] No test step for 'gulark-populate'
    [9/9] Completed 'gulark-populate'
    -- ========== Installing GoogleTest... ==========
    -- Configuring done
    -- Generating done
    -- Build files have been written to: /local/S/jenkins/workspace/ecg-mayausd-branch-preflight-2022-python3-osx/build/RelWithDebInfo/googletest-config
    [1/8] Creating directories for 'googletest'
    [2/8] Performing download step (git clone) for 'googletest'
    Cloning into 'googletest-src'...
    HEAD is now at 703bd9ca Googletest export
    [3/8] No patch step for 'googletest'
    [4/8] Performing update step for 'googletest'
    [5/8] Performing configure step for 'googletest'
    -- The C compiler identification is AppleClang 10.0.1.10010046
    -- The CXX compiler identification is AppleClang 10.0.1.10010046
    -- Check for working C compiler: /Applications/Xcode.app/Contents/Developer/Toolchains/XcodeDefault.xctoolchain/usr/bin/cc
    -- Check for working C compiler: /Applications/Xcode.app/Contents/Developer/Toolchains/XcodeDefault.xctoolchain/usr/bin/cc -- works
    -- Detecting C compiler ABI info
    -- Detecting C compiler ABI info - done
    -- Detecting C compile features
    -- Detecting C compile features - done
    -- Check for working CXX compiler: /Applications/Xcode.app/Contents/Developer/Toolchains/XcodeDefault.xctoolchain/usr/bin/c++
    -- Check for working CXX compiler: /Applications/Xcode.app/Contents/Developer/Toolchains/XcodeDefault.xctoolchain/usr/bin/c++ -- works
    -- Detecting CXX compiler ABI info
    -- Detecting CXX compiler ABI info - done
    -- Detecting CXX compile features
    -- Detecting CXX compile features - done
    -- Found PythonInterp: /usr/local/bin/python
    -- Looking for pthread.h
    -- Looking for pthread.h - found
    -- Looking for pthread_create
    -- Looking for pthread_create - found
    -- Found Threads: TRUE
    -- Configuring done
    -- Generating done
    -- Build files have been written to: /local/S/jenkins/workspace/ecg-mayausd-branch-preflight-2022-python3-osx/build/RelWithDebInfo/googletest-build
    [6/8] Performing build step for 'googletest'
    [1/8] Building CXX object googletest/CMakeFiles/gtest_main.dir/src/gtest_main.cc.o
    [2/8] Building CXX object googlemock/CMakeFiles/gmock_main.dir/src/gmock_main.cc.o
    [3/8] Building CXX object googlemock/CMakeFiles/gmock.dir/src/gmock-all.cc.o
    [4/8] Building CXX object googletest/CMakeFiles/gtest.dir/src/gtest-all.cc.o
    [5/8] Linking CXX shared library lib/libgtest.dylib
    [6/8] Linking CXX shared library lib/libgtest_main.dylib
    [7/8] Linking CXX shared library lib/libgmock.dylib
    [8/8] Linking CXX shared library lib/libgmock_main.dylib
    [7/8] Performing install step for 'googletest'
    [0/1] Install the project...
    -- Install configuration: "RelWithDebInfo"
    -- Installing: /local/S/jenkins/workspace/ecg-mayausd-branch-preflight-2022-python3-osx/build/RelWithDebInfo/googletest-install/include
    -- Installing: /local/S/jenkins/workspace/ecg-mayausd-branch-preflight-2022-python3-osx/build/RelWithDebInfo/googletest-install/include/gmock
    -- Installing: /local/S/jenkins/workspace/ecg-mayausd-branch-preflight-2022-python3-osx/build/RelWithDebInfo/googletest-install/include/gmock/gmock-actions.h
    -- Installing: /local/S/jenkins/workspace/ecg-mayausd-branch-preflight-2022-python3-osx/build/RelWithDebInfo/googletest-install/include/gmock/gmock-cardinalities.h
    -- Installing: /local/S/jenkins/workspace/ecg-mayausd-branch-preflight-2022-python3-osx/build/RelWithDebInfo/googletest-install/include/gmock/gmock-function-mocker.h
    -- Installing: /local/S/jenkins/workspace/ecg-mayausd-branch-preflight-2022-python3-osx/build/RelWithDebInfo/googletest-install/include/gmock/gmock-generated-actions.h
    -- Installing: /local/S/jenkins/workspace/ecg-mayausd-branch-preflight-2022-python3-osx/build/RelWithDebInfo/googletest-install/include/gmock/gmock-generated-actions.h.pump
    -- Installing: /local/S/jenkins/workspace/ecg-mayausd-branch-preflight-2022-python3-osx/build/RelWithDebInfo/googletest-install/include/gmock/gmock-generated-function-mockers.h
    -- Installing: /local/S/jenkins/workspace/ecg-mayausd-branch-preflight-2022-python3-osx/build/RelWithDebInfo/googletest-install/include/gmock/gmock-generated-function-mockers.h.pump
    -- Installing: /local/S/jenkins/workspace/ecg-mayausd-branch-preflight-2022-python3-osx/build/RelWithDebInfo/googletest-install/include/gmock/gmock-generated-matchers.h
    -- Installing: /local/S/jenkins/workspace/ecg-mayausd-branch-preflight-2022-python3-osx/build/RelWithDebInfo/googletest-install/include/gmock/gmock-generated-matchers.h.pump
    -- Installing: /local/S/jenkins/workspace/ecg-mayausd-branch-preflight-2022-python3-osx/build/RelWithDebInfo/googletest-install/include/gmock/gmock-matchers.h
    -- Installing: /local/S/jenkins/workspace/ecg-mayausd-branch-preflight-2022-python3-osx/build/RelWithDebInfo/googletest-install/include/gmock/gmock-more-actions.h
    -- Installing: /local/S/jenkins/workspace/ecg-mayausd-branch-preflight-2022-python3-osx/build/RelWithDebInfo/googletest-install/include/gmock/gmock-more-matchers.h
    -- Installing: /local/S/jenkins/workspace/ecg-mayausd-branch-preflight-2022-python3-osx/build/RelWithDebInfo/googletest-install/include/gmock/gmock-nice-strict.h
    -- Installing: /local/S/jenkins/workspace/ecg-mayausd-branch-preflight-2022-python3-osx/build/RelWithDebInfo/googletest-install/include/gmock/gmock-spec-builders.h
    -- Installing: /local/S/jenkins/workspace/ecg-mayausd-branch-preflight-2022-python3-osx/build/RelWithDebInfo/googletest-install/include/gmock/gmock.h
    -- Installing: /local/S/jenkins/workspace/ecg-mayausd-branch-preflight-2022-python3-osx/build/RelWithDebInfo/googletest-install/include/gmock/internal
    -- Installing: /local/S/jenkins/workspace/ecg-mayausd-branch-preflight-2022-python3-osx/build/RelWithDebInfo/googletest-install/include/gmock/internal/custom
    -- Installing: /local/S/jenkins/workspace/ecg-mayausd-branch-preflight-2022-python3-osx/build/RelWithDebInfo/googletest-install/include/gmock/internal/custom/gmock-generated-actions.h
    -- Installing: /local/S/jenkins/workspace/ecg-mayausd-branch-preflight-2022-python3-osx/build/RelWithDebInfo/googletest-install/include/gmock/internal/custom/gmock-generated-actions.h.pump
    -- Installing: /local/S/jenkins/workspace/ecg-mayausd-branch-preflight-2022-python3-osx/build/RelWithDebInfo/googletest-install/include/gmock/internal/custom/gmock-matchers.h
    -- Installing: /local/S/jenkins/workspace/ecg-mayausd-branch-preflight-2022-python3-osx/build/RelWithDebInfo/googletest-install/include/gmock/internal/custom/gmock-port.h
    -- Installing: /local/S/jenkins/workspace/ecg-mayausd-branch-preflight-2022-python3-osx/build/RelWithDebInfo/googletest-install/include/gmock/internal/custom/README.md
    -- Installing: /local/S/jenkins/workspace/ecg-mayausd-branch-preflight-2022-python3-osx/build/RelWithDebInfo/googletest-install/include/gmock/internal/gmock-internal-utils.h
    -- Installing: /local/S/jenkins/workspace/ecg-mayausd-branch-preflight-2022-python3-osx/build/RelWithDebInfo/googletest-install/include/gmock/internal/gmock-port.h
    -- Installing: /local/S/jenkins/workspace/ecg-mayausd-branch-preflight-2022-python3-osx/build/RelWithDebInfo/googletest-install/include/gmock/internal/gmock-pp.h
    -- Installing: /local/S/jenkins/workspace/ecg-mayausd-branch-preflight-2022-python3-osx/build/RelWithDebInfo/googletest-install/lib/libgmock.dylib
    -- Installing: /local/S/jenkins/workspace/ecg-mayausd-branch-preflight-2022-python3-osx/build/RelWithDebInfo/googletest-install/lib/libgmock_main.dylib
    -- Installing: /local/S/jenkins/workspace/ecg-mayausd-branch-preflight-2022-python3-osx/build/RelWithDebInfo/googletest-install/lib/pkgconfig/gmock.pc
    -- Installing: /local/S/jenkins/workspace/ecg-mayausd-branch-preflight-2022-python3-osx/build/RelWithDebInfo/googletest-install/lib/pkgconfig/gmock_main.pc
    -- Installing: /local/S/jenkins/workspace/ecg-mayausd-branch-preflight-2022-python3-osx/build/RelWithDebInfo/googletest-install/lib/cmake/GTest/GTestTargets.cmake
    -- Installing: /local/S/jenkins/workspace/ecg-mayausd-branch-preflight-2022-python3-osx/build/RelWithDebInfo/googletest-install/lib/cmake/GTest/GTestTargets-relwithdebinfo.cmake
    -- Installing: /local/S/jenkins/workspace/ecg-mayausd-branch-preflight-2022-python3-osx/build/RelWithDebInfo/googletest-install/lib/cmake/GTest/GTestConfigVersion.cmake
    -- Installing: /local/S/jenkins/workspace/ecg-mayausd-branch-preflight-2022-python3-osx/build/RelWithDebInfo/googletest-install/lib/cmake/GTest/GTestConfig.cmake
    -- Up-to-date: /local/S/jenkins/workspace/ecg-mayausd-branch-preflight-2022-python3-osx/build/RelWithDebInfo/googletest-install/include
    -- Installing: /local/S/jenkins/workspace/ecg-mayausd-branch-preflight-2022-python3-osx/build/RelWithDebInfo/googletest-install/include/gtest
    -- Installing: /local/S/jenkins/workspace/ecg-mayausd-branch-preflight-2022-python3-osx/build/RelWithDebInfo/googletest-install/include/gtest/gtest-death-test.h
    -- Installing: /local/S/jenkins/workspace/ecg-mayausd-branch-preflight-2022-python3-osx/build/RelWithDebInfo/googletest-install/include/gtest/gtest-matchers.h
    -- Installing: /local/S/jenkins/workspace/ecg-mayausd-branch-preflight-2022-python3-osx/build/RelWithDebInfo/googletest-install/include/gtest/gtest-message.h
    -- Installing: /local/S/jenkins/workspace/ecg-mayausd-branch-preflight-2022-python3-osx/build/RelWithDebInfo/googletest-install/include/gtest/gtest-param-test.h
    -- Installing: /local/S/jenkins/workspace/ecg-mayausd-branch-preflight-2022-python3-osx/build/RelWithDebInfo/googletest-install/include/gtest/gtest-printers.h
    -- Installing: /local/S/jenkins/workspace/ecg-mayausd-branch-preflight-2022-python3-osx/build/RelWithDebInfo/googletest-install/include/gtest/gtest-spi.h
    -- Installing: /local/S/jenkins/workspace/ecg-mayausd-branch-preflight-2022-python3-osx/build/RelWithDebInfo/googletest-install/include/gtest/gtest-test-part.h
    -- Installing: /local/S/jenkins/workspace/ecg-mayausd-branch-preflight-2022-python3-osx/build/RelWithDebInfo/googletest-install/include/gtest/gtest-typed-test.h
    -- Installing: /local/S/jenkins/workspace/ecg-mayausd-branch-preflight-2022-python3-osx/build/RelWithDebInfo/googletest-install/include/gtest/gtest.h
    -- Installing: /local/S/jenkins/workspace/ecg-mayausd-branch-preflight-2022-python3-osx/build/RelWithDebInfo/googletest-install/include/gtest/gtest_pred_impl.h
    -- Installing: /local/S/jenkins/workspace/ecg-mayausd-branch-preflight-2022-python3-osx/build/RelWithDebInfo/googletest-install/include/gtest/gtest_prod.h
    -- Installing: /local/S/jenkins/workspace/ecg-mayausd-branch-preflight-2022-python3-osx/build/RelWithDebInfo/googletest-install/include/gtest/internal
    -- Installing: /local/S/jenkins/workspace/ecg-mayausd-branch-preflight-2022-python3-osx/build/RelWithDebInfo/googletest-install/include/gtest/internal/custom
    -- Installing: /local/S/jenkins/workspace/ecg-mayausd-branch-preflight-2022-python3-osx/build/RelWithDebInfo/googletest-install/include/gtest/internal/custom/gtest-port.h
    -- Installing: /local/S/jenkins/workspace/ecg-mayausd-branch-preflight-2022-python3-osx/build/RelWithDebInfo/googletest-install/include/gtest/internal/custom/gtest-printers.h
    -- Installing: /local/S/jenkins/workspace/ecg-mayausd-branch-preflight-2022-python3-osx/build/RelWithDebInfo/googletest-install/include/gtest/internal/custom/gtest.h
    -- Installing: /local/S/jenkins/workspace/ecg-mayausd-branch-preflight-2022-python3-osx/build/RelWithDebInfo/googletest-install/include/gtest/internal/custom/README.md
    -- Installing: /local/S/jenkins/workspace/ecg-mayausd-branch-preflight-2022-python3-osx/build/RelWithDebInfo/googletest-install/include/gtest/internal/gtest-death-test-internal.h
    -- Installing: /local/S/jenkins/workspace/ecg-mayausd-branch-preflight-2022-python3-osx/build/RelWithDebInfo/googletest-install/include/gtest/internal/gtest-filepath.h
    -- Installing: /local/S/jenkins/workspace/ecg-mayausd-branch-preflight-2022-python3-osx/build/RelWithDebInfo/googletest-install/include/gtest/internal/gtest-internal.h
    -- Installing: /local/S/jenkins/workspace/ecg-mayausd-branch-preflight-2022-python3-osx/build/RelWithDebInfo/googletest-install/include/gtest/internal/gtest-param-util.h
    -- Installing: /local/S/jenkins/workspace/ecg-mayausd-branch-preflight-2022-python3-osx/build/RelWithDebInfo/googletest-install/include/gtest/internal/gtest-port-arch.h
    -- Installing: /local/S/jenkins/workspace/ecg-mayausd-branch-preflight-2022-python3-osx/build/RelWithDebInfo/googletest-install/include/gtest/internal/gtest-port.h
    -- Installing: /local/S/jenkins/workspace/ecg-mayausd-branch-preflight-2022-python3-osx/build/RelWithDebInfo/googletest-install/include/gtest/internal/gtest-string.h
    -- Installing: /local/S/jenkins/workspace/ecg-mayausd-branch-preflight-2022-python3-osx/build/RelWithDebInfo/googletest-install/include/gtest/internal/gtest-type-util.h
    -- Installing: /local/S/jenkins/workspace/ecg-mayausd-branch-preflight-2022-python3-osx/build/RelWithDebInfo/googletest-install/include/gtest/internal/gtest-type-util.h.pump
    -- Installing: /local/S/jenkins/workspace/ecg-mayausd-branch-preflight-2022-python3-osx/build/RelWithDebInfo/googletest-install/lib/libgtest.dylib
    -- Installing: /local/S/jenkins/workspace/ecg-mayausd-branch-preflight-2022-python3-osx/build/RelWithDebInfo/googletest-install/lib/libgtest_main.dylib
    -- Installing: /local/S/jenkins/workspace/ecg-mayausd-branch-preflight-2022-python3-osx/build/RelWithDebInfo/googletest-install/lib/pkgconfig/gtest.pc
    -- Installing: /local/S/jenkins/workspace/ecg-mayausd-branch-preflight-2022-python3-osx/build/RelWithDebInfo/googletest-install/lib/pkgconfig/gtest_main.pc
    [8/8] Completed 'googletest'
    -- ========== ...  GoogleTest installed. ==========
    -- MAYA_HAS_DEFAULT_MATERIAL_API is TRUE
    -- MAYA_NEW_POINT_SNAPPING_SUPPORT is TRUE
    -- MAYA_HAS_CRASH_DETECTION is FALSE
    -- MAYA_CURRENT_UFE_CAMERA_SUPPORT is FALSE
    -- MAYA_MRENDERITEM_UFE_IDENTIFIER_SUPPORT is FALSE
    -- MAYA_UPDATE_UFE_IDENTIFIER_SUPPORT is FALSE
    -- promoting: /local/S/jenkins/workspace/ecg-mayausd-branch-preflight-2022-python3-osx/ecg-maya-usd/maya-usd/lib/mayaUsd/base/mayaUsd.h.src
    -- promoting: /local/S/jenkins/workspace/ecg-mayausd-branch-preflight-2022-python3-osx/ecg-maya-usd/maya-usd/lib/mayaUsd/base/api.h
    -- promoting: /local/S/jenkins/workspace/ecg-mayausd-branch-preflight-2022-python3-osx/ecg-maya-usd/maya-usd/lib/mayaUsd/base/debugCodes.h
    -- promoting: /local/S/jenkins/workspace/ecg-mayausd-branch-preflight-2022-python3-osx/ecg-maya-usd/maya-usd/lib/mayaUsd/base/id.h
    -- promoting: /local/S/jenkins/workspace/ecg-mayausd-branch-preflight-2022-python3-osx/ecg-maya-usd/maya-usd/lib/mayaUsd/base/syncId.h
    -- promoting: /local/S/jenkins/workspace/ecg-mayausd-branch-preflight-2022-python3-osx/ecg-maya-usd/maya-usd/lib/mayaUsd/base/tokens.h
    -- promoting: /local/S/jenkins/workspace/ecg-mayausd-branch-preflight-2022-python3-osx/ecg-maya-usd/maya-usd/lib/mayaUsd/commands/abstractLayerEditorWindow.h
    -- promoting: /local/S/jenkins/workspace/ecg-mayausd-branch-preflight-2022-python3-osx/ecg-maya-usd/maya-usd/lib/mayaUsd/commands/baseExportCommand.h
    -- promoting: /local/S/jenkins/workspace/ecg-mayausd-branch-preflight-2022-python3-osx/ecg-maya-usd/maya-usd/lib/mayaUsd/commands/baseImportCommand.h
    -- promoting: /local/S/jenkins/workspace/ecg-mayausd-branch-preflight-2022-python3-osx/ecg-maya-usd/maya-usd/lib/mayaUsd/commands/baseListJobContextsCommand.h
    -- promoting: /local/S/jenkins/workspace/ecg-mayausd-branch-preflight-2022-python3-osx/ecg-maya-usd/maya-usd/lib/mayaUsd/commands/baseListShadingModesCommand.h
    -- promoting: /local/S/jenkins/workspace/ecg-mayausd-branch-preflight-2022-python3-osx/ecg-maya-usd/maya-usd/lib/mayaUsd/commands/editTargetCommand.h
    -- promoting: /local/S/jenkins/workspace/ecg-mayausd-branch-preflight-2022-python3-osx/ecg-maya-usd/maya-usd/lib/mayaUsd/commands/layerEditorCommand.h
    -- promoting: /local/S/jenkins/workspace/ecg-mayausd-branch-preflight-2022-python3-osx/ecg-maya-usd/maya-usd/lib/mayaUsd/commands/layerEditorWindowCommand.h
    -- promoting: /local/S/jenkins/workspace/ecg-mayausd-branch-preflight-2022-python3-osx/ecg-maya-usd/maya-usd/lib/mayaUsd/fileio/fallbackPrimReader.h
    -- promoting: /local/S/jenkins/workspace/ecg-mayausd-branch-preflight-2022-python3-osx/ecg-maya-usd/maya-usd/lib/mayaUsd/fileio/functorPrimReader.h
    -- promoting: /local/S/jenkins/workspace/ecg-mayausd-branch-preflight-2022-python3-osx/ecg-maya-usd/maya-usd/lib/mayaUsd/fileio/functorPrimWriter.h
    -- promoting: /local/S/jenkins/workspace/ecg-mayausd-branch-preflight-2022-python3-osx/ecg-maya-usd/maya-usd/lib/mayaUsd/fileio/importData.h
    -- promoting: /local/S/jenkins/workspace/ecg-mayausd-branch-preflight-2022-python3-osx/ecg-maya-usd/maya-usd/lib/mayaUsd/fileio/instancedNodeWriter.h
    -- promoting: /local/S/jenkins/workspace/ecg-mayausd-branch-preflight-2022-python3-osx/ecg-maya-usd/maya-usd/lib/mayaUsd/fileio/jobContextRegistry.h
    -- promoting: /local/S/jenkins/workspace/ecg-mayausd-branch-preflight-2022-python3-osx/ecg-maya-usd/maya-usd/lib/mayaUsd/fileio/primReader.h
    -- promoting: /local/S/jenkins/workspace/ecg-mayausd-branch-preflight-2022-python3-osx/ecg-maya-usd/maya-usd/lib/mayaUsd/fileio/primReaderArgs.h
    -- promoting: /local/S/jenkins/workspace/ecg-mayausd-branch-preflight-2022-python3-osx/ecg-maya-usd/maya-usd/lib/mayaUsd/fileio/primReaderContext.h
    -- promoting: /local/S/jenkins/workspace/ecg-mayausd-branch-preflight-2022-python3-osx/ecg-maya-usd/maya-usd/lib/mayaUsd/fileio/primReaderRegistry.h
    -- promoting: /local/S/jenkins/workspace/ecg-mayausd-branch-preflight-2022-python3-osx/ecg-maya-usd/maya-usd/lib/mayaUsd/fileio/primWriter.h
    -- promoting: /local/S/jenkins/workspace/ecg-mayausd-branch-preflight-2022-python3-osx/ecg-maya-usd/maya-usd/lib/mayaUsd/fileio/primWriterArgs.h
    -- promoting: /local/S/jenkins/workspace/ecg-mayausd-branch-preflight-2022-python3-osx/ecg-maya-usd/maya-usd/lib/mayaUsd/fileio/primWriterContext.h
    -- promoting: /local/S/jenkins/workspace/ecg-mayausd-branch-preflight-2022-python3-osx/ecg-maya-usd/maya-usd/lib/mayaUsd/fileio/primWriterRegistry.h
    -- promoting: /local/S/jenkins/workspace/ecg-mayausd-branch-preflight-2022-python3-osx/ecg-maya-usd/maya-usd/lib/mayaUsd/fileio/registryHelper.h
    -- promoting: /local/S/jenkins/workspace/ecg-mayausd-branch-preflight-2022-python3-osx/ecg-maya-usd/maya-usd/lib/mayaUsd/fileio/schemaApiAdaptor.h
    -- promoting: /local/S/jenkins/workspace/ecg-mayausd-branch-preflight-2022-python3-osx/ecg-maya-usd/maya-usd/lib/mayaUsd/fileio/schemaApiAdaptorRegistry.h
    -- promoting: /local/S/jenkins/workspace/ecg-mayausd-branch-preflight-2022-python3-osx/ecg-maya-usd/maya-usd/lib/mayaUsd/fileio/shaderReader.h
    -- promoting: /local/S/jenkins/workspace/ecg-mayausd-branch-preflight-2022-python3-osx/ecg-maya-usd/maya-usd/lib/mayaUsd/fileio/shaderReaderRegistry.h
    -- promoting: /local/S/jenkins/workspace/ecg-mayausd-branch-preflight-2022-python3-osx/ecg-maya-usd/maya-usd/lib/mayaUsd/fileio/shaderWriter.h
    -- promoting: /local/S/jenkins/workspace/ecg-mayausd-branch-preflight-2022-python3-osx/ecg-maya-usd/maya-usd/lib/mayaUsd/fileio/shaderWriterRegistry.h
    -- promoting: /local/S/jenkins/workspace/ecg-mayausd-branch-preflight-2022-python3-osx/ecg-maya-usd/maya-usd/lib/mayaUsd/fileio/transformWriter.h
    -- promoting: /local/S/jenkins/workspace/ecg-mayausd-branch-preflight-2022-python3-osx/ecg-maya-usd/maya-usd/lib/mayaUsd/fileio/writeJobContext.h
    -- promoting: /local/S/jenkins/workspace/ecg-mayausd-branch-preflight-2022-python3-osx/ecg-maya-usd/maya-usd/lib/mayaUsd/fileio/chaser/exportChaser.h
    -- promoting: /local/S/jenkins/workspace/ecg-mayausd-branch-preflight-2022-python3-osx/ecg-maya-usd/maya-usd/lib/mayaUsd/fileio/chaser/exportChaserRegistry.h
    -- promoting: /local/S/jenkins/workspace/ecg-mayausd-branch-preflight-2022-python3-osx/ecg-maya-usd/maya-usd/lib/mayaUsd/fileio/chaser/importChaserRegistry.h
    -- promoting: /local/S/jenkins/workspace/ecg-mayausd-branch-preflight-2022-python3-osx/ecg-maya-usd/maya-usd/lib/mayaUsd/fileio/chaser/importChaser.h
    -- promoting: /local/S/jenkins/workspace/ecg-mayausd-branch-preflight-2022-python3-osx/ecg-maya-usd/maya-usd/lib/mayaUsd/fileio/jobs/jobArgs.h
    -- promoting: /local/S/jenkins/workspace/ecg-mayausd-branch-preflight-2022-python3-osx/ecg-maya-usd/maya-usd/lib/mayaUsd/fileio/jobs/modelKindProcessor.h
    -- promoting: /local/S/jenkins/workspace/ecg-mayausd-branch-preflight-2022-python3-osx/ecg-maya-usd/maya-usd/lib/mayaUsd/fileio/jobs/readJob.h
    -- promoting: /local/S/jenkins/workspace/ecg-mayausd-branch-preflight-2022-python3-osx/ecg-maya-usd/maya-usd/lib/mayaUsd/fileio/jobs/writeJob.h
    -- promoting: /local/S/jenkins/workspace/ecg-mayausd-branch-preflight-2022-python3-osx/ecg-maya-usd/maya-usd/lib/mayaUsd/fileio/shading/rfmShaderMap.h
    -- promoting: /local/S/jenkins/workspace/ecg-mayausd-branch-preflight-2022-python3-osx/ecg-maya-usd/maya-usd/lib/mayaUsd/fileio/shading/shadingModeExporter.h
    -- promoting: /local/S/jenkins/workspace/ecg-mayausd-branch-preflight-2022-python3-osx/ecg-maya-usd/maya-usd/lib/mayaUsd/fileio/shading/shadingModeExporterContext.h
    -- promoting: /local/S/jenkins/workspace/ecg-mayausd-branch-preflight-2022-python3-osx/ecg-maya-usd/maya-usd/lib/mayaUsd/fileio/shading/shadingModeImporter.h
    -- promoting: /local/S/jenkins/workspace/ecg-mayausd-branch-preflight-2022-python3-osx/ecg-maya-usd/maya-usd/lib/mayaUsd/fileio/shading/shadingModeRegistry.h
    -- promoting: /local/S/jenkins/workspace/ecg-mayausd-branch-preflight-2022-python3-osx/ecg-maya-usd/maya-usd/lib/mayaUsd/fileio/shading/symmetricShaderReader.h
    -- promoting: /local/S/jenkins/workspace/ecg-mayausd-branch-preflight-2022-python3-osx/ecg-maya-usd/maya-usd/lib/mayaUsd/fileio/shading/symmetricShaderWriter.h
    -- promoting: /local/S/jenkins/workspace/ecg-mayausd-branch-preflight-2022-python3-osx/ecg-maya-usd/maya-usd/lib/mayaUsd/fileio/translators/skelBindingsProcessor.h
    -- promoting: /local/S/jenkins/workspace/ecg-mayausd-branch-preflight-2022-python3-osx/ecg-maya-usd/maya-usd/lib/mayaUsd/fileio/translators/translatorCamera.h
    -- promoting: /local/S/jenkins/workspace/ecg-mayausd-branch-preflight-2022-python3-osx/ecg-maya-usd/maya-usd/lib/mayaUsd/fileio/translators/translatorCurves.h
    -- promoting: /local/S/jenkins/workspace/ecg-mayausd-branch-preflight-2022-python3-osx/ecg-maya-usd/maya-usd/lib/mayaUsd/fileio/translators/translatorGprim.h
    -- promoting: /local/S/jenkins/workspace/ecg-mayausd-branch-preflight-2022-python3-osx/ecg-maya-usd/maya-usd/lib/mayaUsd/fileio/translators/translatorLight.h
    -- promoting: /local/S/jenkins/workspace/ecg-mayausd-branch-preflight-2022-python3-osx/ecg-maya-usd/maya-usd/lib/mayaUsd/fileio/translators/translatorMaterial.h
    -- promoting: /local/S/jenkins/workspace/ecg-mayausd-branch-preflight-2022-python3-osx/ecg-maya-usd/maya-usd/lib/mayaUsd/fileio/translators/translatorMayaReference.h
    -- promoting: /local/S/jenkins/workspace/ecg-mayausd-branch-preflight-2022-python3-osx/ecg-maya-usd/maya-usd/lib/mayaUsd/fileio/translators/translatorMesh.h
    -- promoting: /local/S/jenkins/workspace/ecg-mayausd-branch-preflight-2022-python3-osx/ecg-maya-usd/maya-usd/lib/mayaUsd/fileio/translators/translatorNurbsPatch.h
    -- promoting: /local/S/jenkins/workspace/ecg-mayausd-branch-preflight-2022-python3-osx/ecg-maya-usd/maya-usd/lib/mayaUsd/fileio/translators/translatorPrim.h
    -- promoting: /local/S/jenkins/workspace/ecg-mayausd-branch-preflight-2022-python3-osx/ecg-maya-usd/maya-usd/lib/mayaUsd/fileio/translators/translatorRfMLight.h
    -- promoting: /local/S/jenkins/workspace/ecg-mayausd-branch-preflight-2022-python3-osx/ecg-maya-usd/maya-usd/lib/mayaUsd/fileio/translators/translatorSkel.h
    -- promoting: /local/S/jenkins/workspace/ecg-mayausd-branch-preflight-2022-python3-osx/ecg-maya-usd/maya-usd/lib/mayaUsd/fileio/translators/translatorUtil.h
    -- promoting: /local/S/jenkins/workspace/ecg-mayausd-branch-preflight-2022-python3-osx/ecg-maya-usd/maya-usd/lib/mayaUsd/fileio/translators/translatorXformable.h
    -- promoting: /local/S/jenkins/workspace/ecg-mayausd-branch-preflight-2022-python3-osx/ecg-maya-usd/maya-usd/lib/mayaUsd/fileio/utils/adaptor.h
    -- promoting: /local/S/jenkins/workspace/ecg-mayausd-branch-preflight-2022-python3-osx/ecg-maya-usd/maya-usd/lib/mayaUsd/fileio/utils/jointWriteUtils.h
    -- promoting: /local/S/jenkins/workspace/ecg-mayausd-branch-preflight-2022-python3-osx/ecg-maya-usd/maya-usd/lib/mayaUsd/fileio/utils/meshReadUtils.h
    -- promoting: /local/S/jenkins/workspace/ecg-mayausd-branch-preflight-2022-python3-osx/ecg-maya-usd/maya-usd/lib/mayaUsd/fileio/utils/meshWriteUtils.h
    -- promoting: /local/S/jenkins/workspace/ecg-mayausd-branch-preflight-2022-python3-osx/ecg-maya-usd/maya-usd/lib/mayaUsd/fileio/utils/readUtil.h
    -- promoting: /local/S/jenkins/workspace/ecg-mayausd-branch-preflight-2022-python3-osx/ecg-maya-usd/maya-usd/lib/mayaUsd/fileio/utils/roundTripUtil.h
    -- promoting: /local/S/jenkins/workspace/ecg-mayausd-branch-preflight-2022-python3-osx/ecg-maya-usd/maya-usd/lib/mayaUsd/fileio/utils/shadingUtil.h
    -- promoting: /local/S/jenkins/workspace/ecg-mayausd-branch-preflight-2022-python3-osx/ecg-maya-usd/maya-usd/lib/mayaUsd/fileio/utils/userTaggedAttribute.h
    -- promoting: /local/S/jenkins/workspace/ecg-mayausd-branch-preflight-2022-python3-osx/ecg-maya-usd/maya-usd/lib/mayaUsd/fileio/utils/writeUtil.h
    -- promoting: /local/S/jenkins/workspace/ecg-mayausd-branch-preflight-2022-python3-osx/ecg-maya-usd/maya-usd/lib/mayaUsd/fileio/utils/xformStack.h
    -- promoting: /local/S/jenkins/workspace/ecg-mayausd-branch-preflight-2022-python3-osx/ecg-maya-usd/maya-usd/lib/mayaUsd/listeners/notice.h
    -- promoting: /local/S/jenkins/workspace/ecg-mayausd-branch-preflight-2022-python3-osx/ecg-maya-usd/maya-usd/lib/mayaUsd/listeners/proxyShapeNotice.h
    -- promoting: /local/S/jenkins/workspace/ecg-mayausd-branch-preflight-2022-python3-osx/ecg-maya-usd/maya-usd/lib/mayaUsd/listeners/stageNoticeListener.h
    -- promoting: /local/S/jenkins/workspace/ecg-mayausd-branch-preflight-2022-python3-osx/ecg-maya-usd/maya-usd/lib/mayaUsd/nodes/hdImagingShape.h
    -- promoting: /local/S/jenkins/workspace/ecg-mayausd-branch-preflight-2022-python3-osx/ecg-maya-usd/maya-usd/lib/mayaUsd/nodes/pointBasedDeformerNode.h
    -- promoting: /local/S/jenkins/workspace/ecg-mayausd-branch-preflight-2022-python3-osx/ecg-maya-usd/maya-usd/lib/mayaUsd/nodes/proxyAccessor.h
    -- promoting: /local/S/jenkins/workspace/ecg-mayausd-branch-preflight-2022-python3-osx/ecg-maya-usd/maya-usd/lib/mayaUsd/nodes/proxyShapeBase.h
    -- promoting: /local/S/jenkins/workspace/ecg-mayausd-branch-preflight-2022-python3-osx/ecg-maya-usd/maya-usd/lib/mayaUsd/nodes/proxyShapePlugin.h
    -- promoting: /local/S/jenkins/workspace/ecg-mayausd-branch-preflight-2022-python3-osx/ecg-maya-usd/maya-usd/lib/mayaUsd/nodes/proxyStageProvider.h
    -- promoting: /local/S/jenkins/workspace/ecg-mayausd-branch-preflight-2022-python3-osx/ecg-maya-usd/maya-usd/lib/mayaUsd/nodes/stageData.h
    -- promoting: /local/S/jenkins/workspace/ecg-mayausd-branch-preflight-2022-python3-osx/ecg-maya-usd/maya-usd/lib/mayaUsd/nodes/stageNode.h
    -- promoting: /local/S/jenkins/workspace/ecg-mayausd-branch-preflight-2022-python3-osx/ecg-maya-usd/maya-usd/lib/mayaUsd/nodes/usdPrimProvider.h
    -- promoting: /local/S/jenkins/workspace/ecg-mayausd-branch-preflight-2022-python3-osx/ecg-maya-usd/maya-usd/lib/mayaUsd/nodes/layerManager.h
    -- promoting: /local/S/jenkins/workspace/ecg-mayausd-branch-preflight-2022-python3-osx/ecg-maya-usd/maya-usd/lib/mayaUsd/render/px_vp20/glslProgram.h
    -- promoting: /local/S/jenkins/workspace/ecg-mayausd-branch-preflight-2022-python3-osx/ecg-maya-usd/maya-usd/lib/mayaUsd/render/px_vp20/utils.h
    -- promoting: /local/S/jenkins/workspace/ecg-mayausd-branch-preflight-2022-python3-osx/ecg-maya-usd/maya-usd/lib/mayaUsd/render/px_vp20/utils_legacy.h
    -- promoting: /local/S/jenkins/workspace/ecg-mayausd-branch-preflight-2022-python3-osx/ecg-maya-usd/maya-usd/lib/mayaUsd/render/pxrUsdMayaGL/batchRenderer.h
    -- promoting: /local/S/jenkins/workspace/ecg-mayausd-branch-preflight-2022-python3-osx/ecg-maya-usd/maya-usd/lib/mayaUsd/render/pxrUsdMayaGL/debugCodes.h
    -- promoting: /local/S/jenkins/workspace/ecg-mayausd-branch-preflight-2022-python3-osx/ecg-maya-usd/maya-usd/lib/mayaUsd/render/pxrUsdMayaGL/hdImagingShapeDrawOverride.h
    -- promoting: /local/S/jenkins/workspace/ecg-mayausd-branch-preflight-2022-python3-osx/ecg-maya-usd/maya-usd/lib/mayaUsd/render/pxrUsdMayaGL/hdImagingShapeUI.h
    -- promoting: /local/S/jenkins/workspace/ecg-mayausd-branch-preflight-2022-python3-osx/ecg-maya-usd/maya-usd/lib/mayaUsd/render/pxrUsdMayaGL/instancerImager.h
    -- promoting: /local/S/jenkins/workspace/ecg-mayausd-branch-preflight-2022-python3-osx/ecg-maya-usd/maya-usd/lib/mayaUsd/render/pxrUsdMayaGL/instancerShapeAdapter.h
    -- promoting: /local/S/jenkins/workspace/ecg-mayausd-branch-preflight-2022-python3-osx/ecg-maya-usd/maya-usd/lib/mayaUsd/render/pxrUsdMayaGL/proxyDrawOverride.h
    -- promoting: /local/S/jenkins/workspace/ecg-mayausd-branch-preflight-2022-python3-osx/ecg-maya-usd/maya-usd/lib/mayaUsd/render/pxrUsdMayaGL/proxyShapeUI.h
    -- promoting: /local/S/jenkins/workspace/ecg-mayausd-branch-preflight-2022-python3-osx/ecg-maya-usd/maya-usd/lib/mayaUsd/render/pxrUsdMayaGL/renderParams.h
    -- promoting: /local/S/jenkins/workspace/ecg-mayausd-branch-preflight-2022-python3-osx/ecg-maya-usd/maya-usd/lib/mayaUsd/render/pxrUsdMayaGL/sceneDelegate.h
    -- promoting: /local/S/jenkins/workspace/ecg-mayausd-branch-preflight-2022-python3-osx/ecg-maya-usd/maya-usd/lib/mayaUsd/render/pxrUsdMayaGL/shapeAdapter.h
    -- promoting: /local/S/jenkins/workspace/ecg-mayausd-branch-preflight-2022-python3-osx/ecg-maya-usd/maya-usd/lib/mayaUsd/render/pxrUsdMayaGL/softSelectHelper.h
    -- promoting: /local/S/jenkins/workspace/ecg-mayausd-branch-preflight-2022-python3-osx/ecg-maya-usd/maya-usd/lib/mayaUsd/render/pxrUsdMayaGL/usdProxyShapeAdapter.h
    -- promoting: /local/S/jenkins/workspace/ecg-mayausd-branch-preflight-2022-python3-osx/ecg-maya-usd/maya-usd/lib/mayaUsd/render/pxrUsdMayaGL/userData.h
    -- promoting: /local/S/jenkins/workspace/ecg-mayausd-branch-preflight-2022-python3-osx/ecg-maya-usd/maya-usd/lib/mayaUsd/render/vp2RenderDelegate/proxyRenderDelegate.h
    -- promoting: /local/S/jenkins/workspace/ecg-mayausd-branch-preflight-2022-python3-osx/ecg-maya-usd/maya-usd/lib/mayaUsd/render/vp2ShaderFragments/shaderFragments.h
    -- promoting: /local/S/jenkins/workspace/ecg-mayausd-branch-preflight-2022-python3-osx/ecg-maya-usd/maya-usd/lib/mayaUsd/ufe/Global.h
    -- promoting: /local/S/jenkins/workspace/ecg-mayausd-branch-preflight-2022-python3-osx/ecg-maya-usd/maya-usd/lib/mayaUsd/ufe/ProxyShapeHandler.h
    -- promoting: /local/S/jenkins/workspace/ecg-mayausd-branch-preflight-2022-python3-osx/ecg-maya-usd/maya-usd/lib/mayaUsd/ufe/ProxyShapeHierarchy.h
    -- promoting: /local/S/jenkins/workspace/ecg-mayausd-branch-preflight-2022-python3-osx/ecg-maya-usd/maya-usd/lib/mayaUsd/ufe/ProxyShapeHierarchyHandler.h
    -- promoting: /local/S/jenkins/workspace/ecg-mayausd-branch-preflight-2022-python3-osx/ecg-maya-usd/maya-usd/lib/mayaUsd/ufe/StagesSubject.h
    -- promoting: /local/S/jenkins/workspace/ecg-mayausd-branch-preflight-2022-python3-osx/ecg-maya-usd/maya-usd/lib/mayaUsd/ufe/UsdHierarchy.h
    -- promoting: /local/S/jenkins/workspace/ecg-mayausd-branch-preflight-2022-python3-osx/ecg-maya-usd/maya-usd/lib/mayaUsd/ufe/UsdHierarchyHandler.h
    -- promoting: /local/S/jenkins/workspace/ecg-mayausd-branch-preflight-2022-python3-osx/ecg-maya-usd/maya-usd/lib/mayaUsd/ufe/UsdPointInstanceModifierBase.h
    -- promoting: /local/S/jenkins/workspace/ecg-mayausd-branch-preflight-2022-python3-osx/ecg-maya-usd/maya-usd/lib/mayaUsd/ufe/UsdPointInstanceOrientationModifier.h
    -- promoting: /local/S/jenkins/workspace/ecg-mayausd-branch-preflight-2022-python3-osx/ecg-maya-usd/maya-usd/lib/mayaUsd/ufe/UsdPointInstancePositionModifier.h
    -- promoting: /local/S/jenkins/workspace/ecg-mayausd-branch-preflight-2022-python3-osx/ecg-maya-usd/maya-usd/lib/mayaUsd/ufe/UsdPointInstanceScaleModifier.h
    -- promoting: /local/S/jenkins/workspace/ecg-mayausd-branch-preflight-2022-python3-osx/ecg-maya-usd/maya-usd/lib/mayaUsd/ufe/UsdRootChildHierarchy.h
    -- promoting: /local/S/jenkins/workspace/ecg-mayausd-branch-preflight-2022-python3-osx/ecg-maya-usd/maya-usd/lib/mayaUsd/ufe/UsdRotatePivotTranslateUndoableCommand.h
    -- promoting: /local/S/jenkins/workspace/ecg-mayausd-branch-preflight-2022-python3-osx/ecg-maya-usd/maya-usd/lib/mayaUsd/ufe/UsdRotateUndoableCommand.h
    -- promoting: /local/S/jenkins/workspace/ecg-mayausd-branch-preflight-2022-python3-osx/ecg-maya-usd/maya-usd/lib/mayaUsd/ufe/UsdScaleUndoableCommand.h
    -- promoting: /local/S/jenkins/workspace/ecg-mayausd-branch-preflight-2022-python3-osx/ecg-maya-usd/maya-usd/lib/mayaUsd/ufe/UsdSceneItem.h
    -- promoting: /local/S/jenkins/workspace/ecg-mayausd-branch-preflight-2022-python3-osx/ecg-maya-usd/maya-usd/lib/mayaUsd/ufe/UsdSceneItemOps.h
    -- promoting: /local/S/jenkins/workspace/ecg-mayausd-branch-preflight-2022-python3-osx/ecg-maya-usd/maya-usd/lib/mayaUsd/ufe/UsdSceneItemOpsHandler.h
    -- promoting: /local/S/jenkins/workspace/ecg-mayausd-branch-preflight-2022-python3-osx/ecg-maya-usd/maya-usd/lib/mayaUsd/ufe/UsdStageMap.h
    -- promoting: /local/S/jenkins/workspace/ecg-mayausd-branch-preflight-2022-python3-osx/ecg-maya-usd/maya-usd/lib/mayaUsd/ufe/UsdTRSUndoableCommandBase.h
    -- promoting: /local/S/jenkins/workspace/ecg-mayausd-branch-preflight-2022-python3-osx/ecg-maya-usd/maya-usd/lib/mayaUsd/ufe/UsdTransform3d.h
    -- promoting: /local/S/jenkins/workspace/ecg-mayausd-branch-preflight-2022-python3-osx/ecg-maya-usd/maya-usd/lib/mayaUsd/ufe/UsdTransform3dHandler.h
    -- promoting: /local/S/jenkins/workspace/ecg-mayausd-branch-preflight-2022-python3-osx/ecg-maya-usd/maya-usd/lib/mayaUsd/ufe/UsdTranslateUndoableCommand.h
    -- promoting: /local/S/jenkins/workspace/ecg-mayausd-branch-preflight-2022-python3-osx/ecg-maya-usd/maya-usd/lib/mayaUsd/ufe/UsdUndoDeleteCommand.h
    -- promoting: /local/S/jenkins/workspace/ecg-mayausd-branch-preflight-2022-python3-osx/ecg-maya-usd/maya-usd/lib/mayaUsd/ufe/UsdUndoDuplicateCommand.h
    -- promoting: /local/S/jenkins/workspace/ecg-mayausd-branch-preflight-2022-python3-osx/ecg-maya-usd/maya-usd/lib/mayaUsd/ufe/UsdUndoRenameCommand.h
    -- promoting: /local/S/jenkins/workspace/ecg-mayausd-branch-preflight-2022-python3-osx/ecg-maya-usd/maya-usd/lib/mayaUsd/ufe/Utils.h
    -- promoting: /local/S/jenkins/workspace/ecg-mayausd-branch-preflight-2022-python3-osx/ecg-maya-usd/maya-usd/lib/mayaUsd/ufe/UfeVersionCompat.h
    -- promoting: /local/S/jenkins/workspace/ecg-mayausd-branch-preflight-2022-python3-osx/ecg-maya-usd/maya-usd/lib/mayaUsd/ufe/ProxyShapeContextOpsHandler.h
    -- promoting: /local/S/jenkins/workspace/ecg-mayausd-branch-preflight-2022-python3-osx/ecg-maya-usd/maya-usd/lib/mayaUsd/ufe/RotationUtils.h
    -- promoting: /local/S/jenkins/workspace/ecg-mayausd-branch-preflight-2022-python3-osx/ecg-maya-usd/maya-usd/lib/mayaUsd/ufe/UsdAttribute.h
    -- promoting: /local/S/jenkins/workspace/ecg-mayausd-branch-preflight-2022-python3-osx/ecg-maya-usd/maya-usd/lib/mayaUsd/ufe/UsdAttributes.h
    -- promoting: /local/S/jenkins/workspace/ecg-mayausd-branch-preflight-2022-python3-osx/ecg-maya-usd/maya-usd/lib/mayaUsd/ufe/UsdAttributesHandler.h
    -- promoting: /local/S/jenkins/workspace/ecg-mayausd-branch-preflight-2022-python3-osx/ecg-maya-usd/maya-usd/lib/mayaUsd/ufe/UsdCamera.h
    -- promoting: /local/S/jenkins/workspace/ecg-mayausd-branch-preflight-2022-python3-osx/ecg-maya-usd/maya-usd/lib/mayaUsd/ufe/UsdCameraHandler.h
    -- promoting: /local/S/jenkins/workspace/ecg-mayausd-branch-preflight-2022-python3-osx/ecg-maya-usd/maya-usd/lib/mayaUsd/ufe/UsdContextOps.h
    -- promoting: /local/S/jenkins/workspace/ecg-mayausd-branch-preflight-2022-python3-osx/ecg-maya-usd/maya-usd/lib/mayaUsd/ufe/UsdContextOpsHandler.h
    -- promoting: /local/S/jenkins/workspace/ecg-mayausd-branch-preflight-2022-python3-osx/ecg-maya-usd/maya-usd/lib/mayaUsd/ufe/UsdObject3d.h
    -- promoting: /local/S/jenkins/workspace/ecg-mayausd-branch-preflight-2022-python3-osx/ecg-maya-usd/maya-usd/lib/mayaUsd/ufe/UsdObject3dHandler.h
    -- promoting: /local/S/jenkins/workspace/ecg-mayausd-branch-preflight-2022-python3-osx/ecg-maya-usd/maya-usd/lib/mayaUsd/ufe/UsdPointInstanceUndoableCommands.h
    -- promoting: /local/S/jenkins/workspace/ecg-mayausd-branch-preflight-2022-python3-osx/ecg-maya-usd/maya-usd/lib/mayaUsd/ufe/UsdSetXformOpUndoableCommandBase.h
    -- promoting: /local/S/jenkins/workspace/ecg-mayausd-branch-preflight-2022-python3-osx/ecg-maya-usd/maya-usd/lib/mayaUsd/ufe/UsdTransform3dBase.h
    -- promoting: /local/S/jenkins/workspace/ecg-mayausd-branch-preflight-2022-python3-osx/ecg-maya-usd/maya-usd/lib/mayaUsd/ufe/UsdTransform3dCommonAPI.h
    -- promoting: /local/S/jenkins/workspace/ecg-mayausd-branch-preflight-2022-python3-osx/ecg-maya-usd/maya-usd/lib/mayaUsd/ufe/UsdTransform3dFallbackMayaXformStack.h
    -- promoting: /local/S/jenkins/workspace/ecg-mayausd-branch-preflight-2022-python3-osx/ecg-maya-usd/maya-usd/lib/mayaUsd/ufe/UsdTransform3dMatrixOp.h
    -- promoting: /local/S/jenkins/workspace/ecg-mayausd-branch-preflight-2022-python3-osx/ecg-maya-usd/maya-usd/lib/mayaUsd/ufe/UsdTransform3dMayaXformStack.h
    -- promoting: /local/S/jenkins/workspace/ecg-mayausd-branch-preflight-2022-python3-osx/ecg-maya-usd/maya-usd/lib/mayaUsd/ufe/UsdTransform3dPointInstance.h
    -- promoting: /local/S/jenkins/workspace/ecg-mayausd-branch-preflight-2022-python3-osx/ecg-maya-usd/maya-usd/lib/mayaUsd/ufe/UsdTransform3dSetObjectMatrix.h
    -- promoting: /local/S/jenkins/workspace/ecg-mayausd-branch-preflight-2022-python3-osx/ecg-maya-usd/maya-usd/lib/mayaUsd/ufe/UsdTransform3dUndoableCommands.h
    -- promoting: /local/S/jenkins/workspace/ecg-mayausd-branch-preflight-2022-python3-osx/ecg-maya-usd/maya-usd/lib/mayaUsd/ufe/UsdUIInfoHandler.h
    -- promoting: /local/S/jenkins/workspace/ecg-mayausd-branch-preflight-2022-python3-osx/ecg-maya-usd/maya-usd/lib/mayaUsd/ufe/UsdUIUfeObserver.h
    -- promoting: /local/S/jenkins/workspace/ecg-mayausd-branch-preflight-2022-python3-osx/ecg-maya-usd/maya-usd/lib/mayaUsd/ufe/UsdUndoableCommand.h
    -- promoting: /local/S/jenkins/workspace/ecg-mayausd-branch-preflight-2022-python3-osx/ecg-maya-usd/maya-usd/lib/mayaUsd/ufe/UsdUndoAddNewPrimCommand.h
    -- promoting: /local/S/jenkins/workspace/ecg-mayausd-branch-preflight-2022-python3-osx/ecg-maya-usd/maya-usd/lib/mayaUsd/ufe/UsdUndoCreateGroupCommand.h
    -- promoting: /local/S/jenkins/workspace/ecg-mayausd-branch-preflight-2022-python3-osx/ecg-maya-usd/maya-usd/lib/mayaUsd/ufe/UsdUndoInsertChildCommand.h
    -- promoting: /local/S/jenkins/workspace/ecg-mayausd-branch-preflight-2022-python3-osx/ecg-maya-usd/maya-usd/lib/mayaUsd/ufe/UsdUndoReorderCommand.h
    -- promoting: /local/S/jenkins/workspace/ecg-mayausd-branch-preflight-2022-python3-osx/ecg-maya-usd/maya-usd/lib/mayaUsd/ufe/UsdUndoSetKindCommand.h
    -- promoting: /local/S/jenkins/workspace/ecg-mayausd-branch-preflight-2022-python3-osx/ecg-maya-usd/maya-usd/lib/mayaUsd/ufe/UsdUndoVisibleCommand.h
    -- promoting: /local/S/jenkins/workspace/ecg-mayausd-branch-preflight-2022-python3-osx/ecg-maya-usd/maya-usd/lib/mayaUsd/ufe/XformOpUtils.h
    -- promoting: /local/S/jenkins/workspace/ecg-mayausd-branch-preflight-2022-python3-osx/ecg-maya-usd/maya-usd/lib/mayaUsd/undo/OpUndoItemList.h
    -- promoting: /local/S/jenkins/workspace/ecg-mayausd-branch-preflight-2022-python3-osx/ecg-maya-usd/maya-usd/lib/mayaUsd/undo/OpUndoItemMuting.h
    -- promoting: /local/S/jenkins/workspace/ecg-mayausd-branch-preflight-2022-python3-osx/ecg-maya-usd/maya-usd/lib/mayaUsd/undo/OpUndoItemRecorder.h
    -- promoting: /local/S/jenkins/workspace/ecg-mayausd-branch-preflight-2022-python3-osx/ecg-maya-usd/maya-usd/lib/mayaUsd/undo/OpUndoItems.h
    -- promoting: /local/S/jenkins/workspace/ecg-mayausd-branch-preflight-2022-python3-osx/ecg-maya-usd/maya-usd/lib/mayaUsd/undo/UsdUndoBlock.h
    -- promoting: /local/S/jenkins/workspace/ecg-mayausd-branch-preflight-2022-python3-osx/ecg-maya-usd/maya-usd/lib/mayaUsd/undo/UsdUndoManager.h
    -- promoting: /local/S/jenkins/workspace/ecg-mayausd-branch-preflight-2022-python3-osx/ecg-maya-usd/maya-usd/lib/mayaUsd/undo/UsdUndoStateDelegate.h
    -- promoting: /local/S/jenkins/workspace/ecg-mayausd-branch-preflight-2022-python3-osx/ecg-maya-usd/maya-usd/lib/mayaUsd/undo/UsdUndoableItem.h
    -- promoting: /local/S/jenkins/workspace/ecg-mayausd-branch-preflight-2022-python3-osx/ecg-maya-usd/maya-usd/lib/mayaUsd/utils/blockSceneModificationContext.h
    -- promoting: /local/S/jenkins/workspace/ecg-mayausd-branch-preflight-2022-python3-osx/ecg-maya-usd/maya-usd/lib/mayaUsd/utils/colorSpace.h
    -- promoting: /local/S/jenkins/workspace/ecg-mayausd-branch-preflight-2022-python3-osx/ecg-maya-usd/maya-usd/lib/mayaUsd/utils/customLayerData.h
    -- promoting: /local/S/jenkins/workspace/ecg-mayausd-branch-preflight-2022-python3-osx/ecg-maya-usd/maya-usd/lib/mayaUsd/utils/converter.h
    -- promoting: /local/S/jenkins/workspace/ecg-mayausd-branch-preflight-2022-python3-osx/ecg-maya-usd/maya-usd/lib/mayaUsd/utils/diagnosticDelegate.h
    -- promoting: /local/S/jenkins/workspace/ecg-mayausd-branch-preflight-2022-python3-osx/ecg-maya-usd/maya-usd/lib/mayaUsd/utils/editability.h
    -- promoting: /local/S/jenkins/workspace/ecg-mayausd-branch-preflight-2022-python3-osx/ecg-maya-usd/maya-usd/lib/mayaUsd/utils/hash.h
    -- promoting: /local/S/jenkins/workspace/ecg-mayausd-branch-preflight-2022-python3-osx/ecg-maya-usd/maya-usd/lib/mayaUsd/utils/query.h
    -- promoting: /local/S/jenkins/workspace/ecg-mayausd-branch-preflight-2022-python3-osx/ecg-maya-usd/maya-usd/lib/mayaUsd/utils/plugRegistryHelper.h
    -- promoting: /local/S/jenkins/workspace/ecg-mayausd-branch-preflight-2022-python3-osx/ecg-maya-usd/maya-usd/lib/mayaUsd/utils/selectability.h
    -- promoting: /local/S/jenkins/workspace/ecg-mayausd-branch-preflight-2022-python3-osx/ecg-maya-usd/maya-usd/lib/mayaUsd/utils/stageCache.h
    -- promoting: /local/S/jenkins/workspace/ecg-mayausd-branch-preflight-2022-python3-osx/ecg-maya-usd/maya-usd/lib/mayaUsd/utils/traverseLayer.h
    -- promoting: /local/S/jenkins/workspace/ecg-mayausd-branch-preflight-2022-python3-osx/ecg-maya-usd/maya-usd/lib/mayaUsd/utils/undoHelperCommand.h
    -- promoting: /local/S/jenkins/workspace/ecg-mayausd-branch-preflight-2022-python3-osx/ecg-maya-usd/maya-usd/lib/mayaUsd/utils/util.h
    -- promoting: /local/S/jenkins/workspace/ecg-mayausd-branch-preflight-2022-python3-osx/ecg-maya-usd/maya-usd/lib/mayaUsd/utils/utilFileSystem.h
    -- promoting: /local/S/jenkins/workspace/ecg-mayausd-branch-preflight-2022-python3-osx/ecg-maya-usd/maya-usd/lib/mayaUsd/utils/utilSerialization.h
    -- promoting: /local/S/jenkins/workspace/ecg-mayausd-branch-preflight-2022-python3-osx/ecg-maya-usd/maya-usd/lib/mayaUsd/render/mayaToHydra/utils.h
    -- promoting: /local/S/jenkins/workspace/ecg-mayausd-branch-preflight-2022-python3-osx/ecg-maya-usd/maya-usd/lib/usd/hdMaya/api.h
    -- promoting: /local/S/jenkins/workspace/ecg-mayausd-branch-preflight-2022-python3-osx/ecg-maya-usd/maya-usd/lib/usd/hdMaya/utils.h
    -- promoting: /local/S/jenkins/workspace/ecg-mayausd-branch-preflight-2022-python3-osx/ecg-maya-usd/maya-usd/lib/usd/hdMaya/debugCodes.h
    -- promoting: /local/S/jenkins/workspace/ecg-mayausd-branch-preflight-2022-python3-osx/ecg-maya-usd/maya-usd/lib/usd/hdMaya/adapters/adapter.h
    -- promoting: /local/S/jenkins/workspace/ecg-mayausd-branch-preflight-2022-python3-osx/ecg-maya-usd/maya-usd/lib/usd/hdMaya/adapters/adapterDebugCodes.h
    -- promoting: /local/S/jenkins/workspace/ecg-mayausd-branch-preflight-2022-python3-osx/ecg-maya-usd/maya-usd/lib/usd/hdMaya/adapters/adapterRegistry.h
    -- promoting: /local/S/jenkins/workspace/ecg-mayausd-branch-preflight-2022-python3-osx/ecg-maya-usd/maya-usd/lib/usd/hdMaya/adapters/cameraAdapter.h
    -- promoting: /local/S/jenkins/workspace/ecg-mayausd-branch-preflight-2022-python3-osx/ecg-maya-usd/maya-usd/lib/usd/hdMaya/adapters/constantShadowMatrix.h
    -- promoting: /local/S/jenkins/workspace/ecg-mayausd-branch-preflight-2022-python3-osx/ecg-maya-usd/maya-usd/lib/usd/hdMaya/adapters/dagAdapter.h
    -- promoting: /local/S/jenkins/workspace/ecg-mayausd-branch-preflight-2022-python3-osx/ecg-maya-usd/maya-usd/lib/usd/hdMaya/adapters/lightAdapter.h
    -- promoting: /local/S/jenkins/workspace/ecg-mayausd-branch-preflight-2022-python3-osx/ecg-maya-usd/maya-usd/lib/usd/hdMaya/adapters/proxyAdapter.h
    -- promoting: /local/S/jenkins/workspace/ecg-mayausd-branch-preflight-2022-python3-osx/ecg-maya-usd/maya-usd/lib/usd/hdMaya/adapters/materialAdapter.h
    -- promoting: /local/S/jenkins/workspace/ecg-mayausd-branch-preflight-2022-python3-osx/ecg-maya-usd/maya-usd/lib/usd/hdMaya/adapters/materialNetworkConverter.h
    -- promoting: /local/S/jenkins/workspace/ecg-mayausd-branch-preflight-2022-python3-osx/ecg-maya-usd/maya-usd/lib/usd/hdMaya/adapters/mayaAttrs.h
    -- promoting: /local/S/jenkins/workspace/ecg-mayausd-branch-preflight-2022-python3-osx/ecg-maya-usd/maya-usd/lib/usd/hdMaya/adapters/shapeAdapter.h
    -- promoting: /local/S/jenkins/workspace/ecg-mayausd-branch-preflight-2022-python3-osx/ecg-maya-usd/maya-usd/lib/usd/hdMaya/adapters/tokens.h
    -- promoting: /local/S/jenkins/workspace/ecg-mayausd-branch-preflight-2022-python3-osx/ecg-maya-usd/maya-usd/lib/usd/hdMaya/delegates/delegate.h
    -- promoting: /local/S/jenkins/workspace/ecg-mayausd-branch-preflight-2022-python3-osx/ecg-maya-usd/maya-usd/lib/usd/hdMaya/delegates/delegateCtx.h
    -- promoting: /local/S/jenkins/workspace/ecg-mayausd-branch-preflight-2022-python3-osx/ecg-maya-usd/maya-usd/lib/usd/hdMaya/delegates/delegateDebugCodes.h
    -- promoting: /local/S/jenkins/workspace/ecg-mayausd-branch-preflight-2022-python3-osx/ecg-maya-usd/maya-usd/lib/usd/hdMaya/delegates/delegateRegistry.h
    -- promoting: /local/S/jenkins/workspace/ecg-mayausd-branch-preflight-2022-python3-osx/ecg-maya-usd/maya-usd/lib/usd/hdMaya/delegates/params.h
    -- promoting: /local/S/jenkins/workspace/ecg-mayausd-branch-preflight-2022-python3-osx/ecg-maya-usd/maya-usd/lib/usd/hdMaya/delegates/proxyDelegate.h
    -- promoting: /local/S/jenkins/workspace/ecg-mayausd-branch-preflight-2022-python3-osx/ecg-maya-usd/maya-usd/lib/usd/hdMaya/delegates/proxyUsdImagingDelegate.h
    -- promoting: /local/S/jenkins/workspace/ecg-mayausd-branch-preflight-2022-python3-osx/ecg-maya-usd/maya-usd/lib/usd/hdMaya/delegates/sceneDelegate.h
    -- promoting: /local/S/jenkins/workspace/ecg-mayausd-branch-preflight-2022-python3-osx/ecg-maya-usd/maya-usd/lib/usd/hdMaya/delegates/testDelegate.h
    -- promoting: /local/S/jenkins/workspace/ecg-mayausd-branch-preflight-2022-python3-osx/ecg-maya-usd/maya-usd/lib/usd/pxrUsdPreviewSurface/usdPreviewSurface.h
    -- promoting: /local/S/jenkins/workspace/ecg-mayausd-branch-preflight-2022-python3-osx/ecg-maya-usd/maya-usd/lib/usd/pxrUsdPreviewSurface/usdPreviewSurfacePlugin.h
    -- promoting: /local/S/jenkins/workspace/ecg-mayausd-branch-preflight-2022-python3-osx/ecg-maya-usd/maya-usd/lib/usd/schemas/api.h
    -- promoting: /local/S/jenkins/workspace/ecg-mayausd-branch-preflight-2022-python3-osx/ecg-maya-usd/maya-usd/lib/usd/schemas/ALMayaReference.h
    -- promoting: /local/S/jenkins/workspace/ecg-mayausd-branch-preflight-2022-python3-osx/ecg-maya-usd/maya-usd/lib/usd/schemas/MayaReference.h
    -- promoting: /local/S/jenkins/workspace/ecg-mayausd-branch-preflight-2022-python3-osx/ecg-maya-usd/maya-usd/lib/usd/schemas/tokens.h
    Processing schema classes:
    MayaReference, ALMayaReference
    Loading Templates from /local/S/jenkins/workspace/shared/Artifactory/OSX/USD/675817a/lib/usd/usd/resources/codegenTemplates
    Writing API:
    	    wrote /local/S/jenkins/workspace/ecg-mayausd-branch-preflight-2022-python3-osx/build/RelWithDebInfo/lib/usd/schemas/api.h
    Writing Schema Tokens:
    	    wrote /local/S/jenkins/workspace/ecg-mayausd-branch-preflight-2022-python3-osx/build/RelWithDebInfo/lib/usd/schemas/tokens.h
    	    wrote /local/S/jenkins/workspace/ecg-mayausd-branch-preflight-2022-python3-osx/build/RelWithDebInfo/lib/usd/schemas/tokens.cpp
    	    wrote /local/S/jenkins/workspace/ecg-mayausd-branch-preflight-2022-python3-osx/build/RelWithDebInfo/lib/usd/schemas/wrapTokens.cpp
    Generating Classes:
    	    wrote /local/S/jenkins/workspace/ecg-mayausd-branch-preflight-2022-python3-osx/build/RelWithDebInfo/lib/usd/schemas/MayaReference.h
    	    wrote /local/S/jenkins/workspace/ecg-mayausd-branch-preflight-2022-python3-osx/build/RelWithDebInfo/lib/usd/schemas/MayaReference.cpp
    	    wrote /local/S/jenkins/workspace/ecg-mayausd-branch-preflight-2022-python3-osx/build/RelWithDebInfo/lib/usd/schemas/wrapMayaReference.cpp
    	    wrote /local/S/jenkins/workspace/ecg-mayausd-branch-preflight-2022-python3-osx/build/RelWithDebInfo/lib/usd/schemas/ALMayaReference.h
    	    wrote /local/S/jenkins/workspace/ecg-mayausd-branch-preflight-2022-python3-osx/build/RelWithDebInfo/lib/usd/schemas/ALMayaReference.cpp
    	    wrote /local/S/jenkins/workspace/ecg-mayausd-branch-preflight-2022-python3-osx/build/RelWithDebInfo/lib/usd/schemas/wrapALMayaReference.cpp
    Loading Templates from /local/S/jenkins/workspace/shared/Artifactory/OSX/USD/675817a/lib/usd/usd/resources/codegenTemplates
    	    wrote /local/S/jenkins/workspace/ecg-mayausd-branch-preflight-2022-python3-osx/build/RelWithDebInfo/lib/usd/schemas/plugInfo.json
    Generating Schematics:
    	    wrote /local/S/jenkins/workspace/ecg-mayausd-branch-preflight-2022-python3-osx/build/RelWithDebInfo/lib/usd/schemas/generatedSchema.usda
    -- promoting: /local/S/jenkins/workspace/ecg-mayausd-branch-preflight-2022-python3-osx/ecg-maya-usd/maya-usd/lib/usd/utils/ALHalf.h
    -- promoting: /local/S/jenkins/workspace/ecg-mayausd-branch-preflight-2022-python3-osx/ecg-maya-usd/maya-usd/lib/usd/utils/Api.h
    -- promoting: /local/S/jenkins/workspace/ecg-mayausd-branch-preflight-2022-python3-osx/ecg-maya-usd/maya-usd/lib/usd/utils/DebugCodes.h
    -- promoting: /local/S/jenkins/workspace/ecg-mayausd-branch-preflight-2022-python3-osx/ecg-maya-usd/maya-usd/lib/usd/utils/DiffCore.h
    -- promoting: /local/S/jenkins/workspace/ecg-mayausd-branch-preflight-2022-python3-osx/ecg-maya-usd/maya-usd/lib/usd/utils/DiffPrims.h
    -- promoting: /local/S/jenkins/workspace/ecg-mayausd-branch-preflight-2022-python3-osx/ecg-maya-usd/maya-usd/lib/usd/utils/MergePrims.h
    -- promoting: /local/S/jenkins/workspace/ecg-mayausd-branch-preflight-2022-python3-osx/ecg-maya-usd/maya-usd/lib/usd/utils/ForwardDeclares.h
    -- promoting: /local/S/jenkins/workspace/ecg-mayausd-branch-preflight-2022-python3-osx/ecg-maya-usd/maya-usd/lib/usd/utils/SIMD.h
    -- promoting: /local/S/jenkins/workspace/ecg-mayausd-branch-preflight-2022-python3-osx/ecg-maya-usd/maya-usd/lib/usd/utils/util.h
    -- promoting: /local/S/jenkins/workspace/ecg-mayausd-branch-preflight-2022-python3-osx/ecg-maya-usd/maya-usd/lib/usd/ui/layerEditor/batchSaveLayersUIDelegate.h
    -- promoting: /local/S/jenkins/workspace/ecg-mayausd-branch-preflight-2022-python3-osx/ecg-maya-usd/maya-usd/lib/usd/ui/importDialog/IMayaMQtUtil.h
    -- promoting: /local/S/jenkins/workspace/ecg-mayausd-branch-preflight-2022-python3-osx/ecg-maya-usd/maya-usd/lib/usd/ui/importDialog/ItemDelegate.h
    -- promoting: /local/S/jenkins/workspace/ecg-mayausd-branch-preflight-2022-python3-osx/ecg-maya-usd/maya-usd/lib/usd/ui/importDialog/IUSDImportView.h
    -- promoting: /local/S/jenkins/workspace/ecg-mayausd-branch-preflight-2022-python3-osx/ecg-maya-usd/maya-usd/lib/usd/ui/importDialog/TreeItem.h
    -- promoting: /local/S/jenkins/workspace/ecg-mayausd-branch-preflight-2022-python3-osx/ecg-maya-usd/maya-usd/lib/usd/ui/importDialog/TreeModel.h
    -- promoting: /local/S/jenkins/workspace/ecg-mayausd-branch-preflight-2022-python3-osx/ecg-maya-usd/maya-usd/lib/usd/ui/importDialog/TreeModelFactory.h
    -- promoting: /local/S/jenkins/workspace/ecg-mayausd-branch-preflight-2022-python3-osx/ecg-maya-usd/maya-usd/lib/usd/ui/importDialog/USDImportDialog.h
    -- promoting: /local/S/jenkins/workspace/ecg-mayausd-branch-preflight-2022-python3-osx/ecg-maya-usd/maya-usd/lib/usd/ui/importDialog/USDImportDialogCmd.h
    -- promoting: /local/S/jenkins/workspace/ecg-mayausd-branch-preflight-2022-python3-osx/ecg-maya-usd/maya-usd/lib/usd/ui/importDialog/USDQtUtil.h
    -- promoting: /local/S/jenkins/workspace/ecg-mayausd-branch-preflight-2022-python3-osx/ecg-maya-usd/maya-usd/lib/usd/ui/api.h
    -- promoting: /local/S/jenkins/workspace/ecg-mayausd-branch-preflight-2022-python3-osx/ecg-maya-usd/maya-usd/lib/usd/ui/initStringResources.h
    ========== Pixar USD Plugin ==========
    Compiling '/local/S/jenkins/workspace/ecg-mayausd-branch-preflight-2022-python3-osx/build/RelWithDebInfo/plugin/pxr/__init__.py'...
    ========== AL USD Plugin ==========
    CMake Deprecation Warning at plugin/al/CMakeLists.txt:7 (cmake_policy):
      The OLD behavior for policy CMP0026 will be removed from a future version
      of CMake.
    
      The cmake-policies(7) manual explains that the OLD behaviors of all
      policies are deprecated and that a policy should be set to OLD only under
      specific short-term circumstances.  Projects should be ported to the NEW
      behavior and not rely on setting a policy to OLD.
    
    
    -- Found Boost 1.70.0 at /local/S/jenkins/workspace/shared/Artifactory/OSX/USD/675817a/lib/cmake/Boost-1.70.0
    --   Requested configuration: QUIET REQUIRED
    -- Found boost_headers 1.70.0 at /local/S/jenkins/workspace/shared/Artifactory/OSX/USD/675817a/lib/cmake/boost_headers-1.70.0
    -- Boost  found.
    -- Found Boost 1.70.0 at /local/S/jenkins/workspace/shared/Artifactory/OSX/USD/675817a/lib/cmake/Boost-1.70.0
    --   Requested configuration: QUIET REQUIRED COMPONENTS python
    -- Found boost_python 1.70.0 at /local/S/jenkins/workspace/shared/Artifactory/OSX/USD/675817a/lib/cmake/boost_python-1.70.0
    --   libboost_python37.dylib
    -- Adding boost_python dependencies: headers
    -- Boost  found.
    -- Found Boost components:
       python
    -- Found GTest: /local/S/jenkins/workspace/ecg-mayausd-branch-preflight-2022-python3-osx/build/RelWithDebInfo/googletest-install/lib/libgtest.dylib
    Compiling '/local/S/jenkins/workspace/ecg-mayausd-branch-preflight-2022-python3-osx/build/RelWithDebInfo/plugin/al/lib/AL_USDMaya/lib/python/AL/usdmaya/__init__.py'...
    -- Building AL_USDMayaSchemas
    Processing schema classes:
    ALModelAPI, ALFrameRange
    Loading Templates from /local/S/jenkins/workspace/shared/Artifactory/OSX/USD/675817a/lib/usd/usd/resources/codegenTemplates
    Writing API:
    	    wrote /local/S/jenkins/workspace/ecg-mayausd-branch-preflight-2022-python3-osx/build/RelWithDebInfo/plugin/al/schemas/AL/usd/schemas/maya/api.h
    Writing Schema Tokens:
    	    wrote /local/S/jenkins/workspace/ecg-mayausd-branch-preflight-2022-python3-osx/build/RelWithDebInfo/plugin/al/schemas/AL/usd/schemas/maya/tokens.h
    	    wrote /local/S/jenkins/workspace/ecg-mayausd-branch-preflight-2022-python3-osx/build/RelWithDebInfo/plugin/al/schemas/AL/usd/schemas/maya/tokens.cpp
    	    wrote /local/S/jenkins/workspace/ecg-mayausd-branch-preflight-2022-python3-osx/build/RelWithDebInfo/plugin/al/schemas/AL/usd/schemas/maya/wrapTokens.cpp
    Generating Classes:
    	    wrote /local/S/jenkins/workspace/ecg-mayausd-branch-preflight-2022-python3-osx/build/RelWithDebInfo/plugin/al/schemas/AL/usd/schemas/maya/ModelAPI.h
    	    wrote /local/S/jenkins/workspace/ecg-mayausd-branch-preflight-2022-python3-osx/build/RelWithDebInfo/plugin/al/schemas/AL/usd/schemas/maya/ModelAPI.cpp
    	    wrote /local/S/jenkins/workspace/ecg-mayausd-branch-preflight-2022-python3-osx/build/RelWithDebInfo/plugin/al/schemas/AL/usd/schemas/maya/wrapModelAPI.cpp
    	    wrote /local/S/jenkins/workspace/ecg-mayausd-branch-preflight-2022-python3-osx/build/RelWithDebInfo/plugin/al/schemas/AL/usd/schemas/maya/FrameRange.h
    	    wrote /local/S/jenkins/workspace/ecg-mayausd-branch-preflight-2022-python3-osx/build/RelWithDebInfo/plugin/al/schemas/AL/usd/schemas/maya/FrameRange.cpp
    	    wrote /local/S/jenkins/workspace/ecg-mayausd-branch-preflight-2022-python3-osx/build/RelWithDebInfo/plugin/al/schemas/AL/usd/schemas/maya/wrapFrameRange.cpp
    Loading Templates from /local/S/jenkins/workspace/shared/Artifactory/OSX/USD/675817a/lib/usd/usd/resources/codegenTemplates
    	    wrote /local/S/jenkins/workspace/ecg-mayausd-branch-preflight-2022-python3-osx/build/RelWithDebInfo/plugin/al/schemas/AL/usd/schemas/maya/plugInfo.json
    Generating Schematics:
    	    wrote /local/S/jenkins/workspace/ecg-mayausd-branch-preflight-2022-python3-osx/build/RelWithDebInfo/plugin/al/schemas/AL/usd/schemas/maya/generatedSchema.usda
    Compiling '/local/S/jenkins/workspace/ecg-mayausd-branch-preflight-2022-python3-osx/build/RelWithDebInfo/AL/usd/schemas/maya/__init__.py'...
    Compiling '/local/S/jenkins/workspace/ecg-mayausd-branch-preflight-2022-python3-osx/build/RelWithDebInfo/AL/__init__.py'...
    Compiling '/local/S/jenkins/workspace/ecg-mayausd-branch-preflight-2022-python3-osx/build/RelWithDebInfo/AL/usd/__init__.py'...
    Compiling '/local/S/jenkins/workspace/ecg-mayausd-branch-preflight-2022-python3-osx/build/RelWithDebInfo/AL/usd/schemas/__init__.py'...
    Processing schema classes:
    ALExamplePolyCubeNode
    Loading Templates from /local/S/jenkins/workspace/shared/Artifactory/OSX/USD/675817a/lib/usd/usd/resources/codegenTemplates
    Writing API:
    	    wrote /local/S/jenkins/workspace/ecg-mayausd-branch-preflight-2022-python3-osx/build/RelWithDebInfo/plugin/al/schemas/AL/usd/schemas/mayatest/api.h
    Writing Schema Tokens:
    	    wrote /local/S/jenkins/workspace/ecg-mayausd-branch-preflight-2022-python3-osx/build/RelWithDebInfo/plugin/al/schemas/AL/usd/schemas/mayatest/tokens.h
    	    wrote /local/S/jenkins/workspace/ecg-mayausd-branch-preflight-2022-python3-osx/build/RelWithDebInfo/plugin/al/schemas/AL/usd/schemas/mayatest/tokens.cpp
    	    wrote /local/S/jenkins/workspace/ecg-mayausd-branch-preflight-2022-python3-osx/build/RelWithDebInfo/plugin/al/schemas/AL/usd/schemas/mayatest/wrapTokens.cpp
    Generating Classes:
    	    wrote /local/S/jenkins/workspace/ecg-mayausd-branch-preflight-2022-python3-osx/build/RelWithDebInfo/plugin/al/schemas/AL/usd/schemas/mayatest/ExamplePolyCubeNode.h
    	    wrote /local/S/jenkins/workspace/ecg-mayausd-branch-preflight-2022-python3-osx/build/RelWithDebInfo/plugin/al/schemas/AL/usd/schemas/mayatest/ExamplePolyCubeNode.cpp
    	    wrote /local/S/jenkins/workspace/ecg-mayausd-branch-preflight-2022-python3-osx/build/RelWithDebInfo/plugin/al/schemas/AL/usd/schemas/mayatest/wrapExamplePolyCubeNode.cpp
    Loading Templates from /local/S/jenkins/workspace/shared/Artifactory/OSX/USD/675817a/lib/usd/usd/resources/codegenTemplates
    	    wrote /local/S/jenkins/workspace/ecg-mayausd-branch-preflight-2022-python3-osx/build/RelWithDebInfo/plugin/al/schemas/AL/usd/schemas/mayatest/plugInfo.json
    Generating Schematics:
    	    wrote /local/S/jenkins/workspace/ecg-mayausd-branch-preflight-2022-python3-osx/build/RelWithDebInfo/plugin/al/schemas/AL/usd/schemas/mayatest/generatedSchema.usda
    Compiling '/local/S/jenkins/workspace/ecg-mayausd-branch-preflight-2022-python3-osx/build/RelWithDebInfo/AL/usd/schemas/mayatest/__init__.py'...
    Compiling '/local/S/jenkins/workspace/ecg-mayausd-branch-preflight-2022-python3-osx/build/RelWithDebInfo/AL/__init__.py'...
    Compiling '/local/S/jenkins/workspace/ecg-mayausd-branch-preflight-2022-python3-osx/build/RelWithDebInfo/AL/usd/__init__.py'...
    Compiling '/local/S/jenkins/workspace/ecg-mayausd-branch-preflight-2022-python3-osx/build/RelWithDebInfo/AL/usd/schemas/__init__.py'...
    -- Building AL_USDMayaTranslators
    ========== ADSK USD Plugin ==========
    -- Configuring done
    -- Generating done
    -- Build files have been written to: /local/S/jenkins/workspace/ecg-mayausd-branch-preflight-2022-python3-osx/build/RelWithDebInfo
    
        Building with settings:
          Source directory          /local/S/jenkins/workspace/ecg-mayausd-branch-preflight-2022-python3-osx/ecg-maya-usd/maya-usd
          Workspace directory       /local/S/jenkins/workspace/ecg-mayausd-branch-preflight-2022-python3-osx
          Build directory           /local/S/jenkins/workspace/ecg-mayausd-branch-preflight-2022-python3-osx/build/RelWithDebInfo
          Install directory         /local/S/jenkins/workspace/ecg-mayausd-branch-preflight-2022-python3-osx/install/RelWithDebInfo/MayaUSD
          Variant                   RelWithDebInfo
          Python Debug              Off
          CMake generator           Ninja
          Build arguments           ['-DCMAKE_MAKE_PROGRAM=/local/S/jenkins/workspace/shared/Artifactory/OSX/ninja/1.9.0/41005eb/ninja', '-DPYTHON_INCLUDE_DIR=/local/S/jenkins/workspace/shared/Artifactory/OSX/rundev-2022/202201050615/runtime/cfc11a0/runTime/Maya.app/Contents/Frameworks/Python.framework/Versions/Current/include/python3.7m', '-DPython_EXECUTABLE=/local/S/jenkins/workspace/shared/Artifactory/OSX/rundev-2022/202201050615/runtime/cfc11a0/runTime/Maya.app/Contents/bin/mayapy', '-DPYTHON_LIBRARIES=/local/S/jenkins/workspace/shared/Artifactory/OSX/rundev-2022/202201050615/runtime/cfc11a0/runTime/Maya.app/Contents/Frameworks/Python.framework/Versions/Current/lib/libpython3.7m.dylib', '-DBUILD_WITH_PYTHON_3=ON', '-DCMAKE_WANT_MATERIALX_BUILD=ON', '-DCMAKE_PREFIX_PATH=/local/S/jenkins/workspace/shared/Artifactory/OSX/USD/675817a']
          Stages arguments          ['configure']
          CTest arguments           ['-E testUsdReferenceAssemblySelection|testUsdMayaAppDir|TestALUSDMayaPython_LayerManager|testUsdExportAsClip', '-LE interactive', '--parallel 4']
    Success MayaUSD build and install !!!!
    Elapsed time: 00:00:16
[Pipeline] }
[Pipeline] // withEnv
[Pipeline] }
[Pipeline] // stage
[Pipeline] }
[Pipeline] // timestamps
[Pipeline] }
[Pipeline] // timeout
[Pipeline] timeout
Timeout set to expire in 6 hr 0 min
[Pipeline] {
[Pipeline] timestamps
[Pipeline] {
[Pipeline] stage
[Pipeline] { (Build)
[Pipeline] withEnv
[Pipeline] {
[Pipeline] sh
[ecg-mayausd-branch-preflight-2022-python3-osx] Running shell script
+ python ecg-maya-usd/build.py --stages=build --workspace-dir=/local/S/jenkins/workspace/ecg-mayausd-branch-preflight-2022-python3-osx --artifactory-dir=/local/S/jenkins/workspace/shared/Artifactory --build-dir=/local/S/jenkins/workspace/ecg-mayausd-branch-preflight-2022-python3-osx/build --install-dir=/local/S/jenkins/workspace/ecg-mayausd-branch-preflight-2022-python3-osx/install --signing-dir=/local/S/jenkins/workspace/ecg-mayausd-branch-preflight-2022-python3-osx/signing --package-dir=/local/S/jenkins/workspace/ecg-mayausd-branch-preflight-2022-python3-osx/package --output-dir=/local/S/jenkins/workspace/ecg-mayausd-branch-preflight-2022-python3-osx/output --stash-dir=/local/S/jenkins/workspace/ecg-mayausd-branch-preflight-2022-python3-osx/stash --jenkins-build=1089 --git-commit=5b22288fa8bbc013a9bcc0e0cd24b6c7864007d3 --git-branch=master --variants=RelWithDebInfo --python=3.7 --post-zips=false --build-retry=3 --maya-cut-config=maya-rundev-2022.yaml --stage-banner
Using Maya cut from /local/S/jenkins/workspace/shared/Artifactory/OSX/rundev-2022/202201050615/runtime/cfc11a0

================================================================================
                             build (RelWithDebInfo)
================================================================================
Maya Python RelWithDebInfo Info:
  mayapy executable   = /local/S/jenkins/workspace/shared/Artifactory/OSX/rundev-2022/202201050615/runtime/cfc11a0/runTime/Maya.app/Contents/bin/mayapy
  Include Folder      = /local/S/jenkins/workspace/shared/Artifactory/OSX/rundev-2022/202201050615/runtime/cfc11a0/runTime/Maya.app/Contents/Frameworks/Python.framework/Versions/Current/include/python3.7m
  Library             = /local/S/jenkins/workspace/shared/Artifactory/OSX/rundev-2022/202201050615/runtime/cfc11a0/runTime/Maya.app/Contents/Frameworks/Python.framework/Versions/Current/lib/libpython3.7m.dylib
  site-package Folder = /local/S/jenkins/workspace/shared/Artifactory/OSX/rundev-2022/202201050615/runtime/cfc11a0/runTime/Maya.app/Contents/Frameworks/Python.framework/Versions/Current/lib/python3.7/site-packages
In workdir: /local/S/jenkins/workspace/ecg-mayausd-branch-preflight-2022-python3-osx/ecg-maya-usd/maya-usd
Executing: /local/S/jenkins/workspace/shared/Artifactory/OSX/rundev-2022/202201050615/runtime/cfc11a0/runTime/Maya.app/Contents/bin/mayapy /local/S/jenkins/workspace/ecg-mayausd-branch-preflight-2022-python3-osx/ecg-maya-usd/maya-usd/build.py --generator Ninja --build-relwithdebug --maya-location /local/S/jenkins/workspace/shared/Artifactory/OSX/rundev-2022/202201050615/runtime/cfc11a0/runTime --devkit-location /local/S/jenkins/workspace/shared/Artifactory/OSX/rundev-2022/202201050615/runtime/cfc11a0/devkitBase --pxrusd-location /local/S/jenkins/workspace/shared/Artifactory/OSX/USD/675817a --qt-location /local/S/jenkins/workspace/shared/Artifactory/OSX/qt/5.15.2/e84d5cb --build-args=-DCMAKE_MAKE_PROGRAM=/local/S/jenkins/workspace/shared/Artifactory/OSX/ninja/1.9.0/41005eb/ninja,-DPYTHON_INCLUDE_DIR=/local/S/jenkins/workspace/shared/Artifactory/OSX/rundev-2022/202201050615/runtime/cfc11a0/runTime/Maya.app/Contents/Frameworks/Python.framework/Versions/Current/include/python3.7m,-DPython_EXECUTABLE=/local/S/jenkins/workspace/shared/Artifactory/OSX/rundev-2022/202201050615/runtime/cfc11a0/runTime/Maya.app/Contents/bin/mayapy,-DPYTHON_LIBRARIES=/local/S/jenkins/workspace/shared/Artifactory/OSX/rundev-2022/202201050615/runtime/cfc11a0/runTime/Maya.app/Contents/Frameworks/Python.framework/Versions/Current/lib/libpython3.7m.dylib,-DBUILD_WITH_PYTHON_3=ON,-DCMAKE_WANT_MATERIALX_BUILD=ON,-DCMAKE_PREFIX_PATH=/local/S/jenkins/workspace/shared/Artifactory/OSX/USD/675817a '--ctest-args=-E testUsdReferenceAssemblySelection|testUsdMayaAppDir|TestALUSDMayaPython_LayerManager|testUsdExportAsClip,-LE interactive,--parallel 4' --stages=build --redirect-outstream-file=False --install-location /local/S/jenkins/workspace/ecg-mayausd-branch-preflight-2022-python3-osx/install/RelWithDebInfo/MayaUSD /local/S/jenkins/workspace/ecg-mayausd-branch-preflight-2022-python3-osx
Modified environment variables:
    PATH=/local/S/jenkins/workspace/shared/Artifactory/OSX/cmake/3.14.4/e159059/bin:/usr/local/bin:/bin:/usr/sbin:/sbin:/usr/bin
    [1/673] Building CXX object test/lib/usd/plugin/CMakeFiles/usdTestApiWriter.dir/plugin.cpp.o
    [2/673] Building CXX object test/lib/usd/plugin/CMakeFiles/usdTestInfoImportChaser.dir/plugin.cpp.o
    [3/673] Building CXX object test/lib/usd/plugin/CMakeFiles/usdTestMayaPlugin.dir/plugin.cpp.o
    [4/673] Building CXX object test/lib/usd/plugin/CMakeFiles/usdTestApiWriter.dir/nullApiExporter.cpp.o
    [5/673] Building CXX object test/lib/usd/plugin/CMakeFiles/usdTestUsdPlugin.dir/mayaShaderTranslation.cpp.o
    [6/673] Building CXX object test/lib/usd/plugin/CMakeFiles/usdTestInfoImportChaser.dir/infoImportChaser.cpp.o
    [7/673] Building CXX object test/lib/usd/plugin/CMakeFiles/usdTestApiWriter.dir/bulletAdaptor.cpp.o
    [8/673] Building CXX object test/lib/usd/utils/CMakeFiles/testMergePrims.dir/main.cpp.o
    [9/673] Building CXX object test/lib/usd/utils/CMakeFiles/testDiffComputeOverall.dir/main.cpp.o
    [10/673] Building CXX object test/lib/usd/utils/CMakeFiles/testDiffPrims.dir/main.cpp.o
    [11/673] Building CXX object test/lib/usd/plugin/CMakeFiles/usdTestMayaPlugin.dir/mayaShaderTranslation.cpp.o
    [12/673] Building CXX object test/lib/usd/utils/CMakeFiles/testDiffComputeOverall.dir/test_DiffComputeOverall.cpp.o
    [13/673] Building CXX object test/lib/usd/utils/CMakeFiles/testMergePrims.dir/test_MergePrims.cpp.o
    [14/673] Building CXX object test/lib/usd/utils/CMakeFiles/testDiffPrims.dir/test_DiffPrimsAttributes.cpp.o
    [15/673] Building CXX object test/lib/usd/utils/CMakeFiles/testDiffDictionaries.dir/main.cpp.o
    [16/673] Building CXX object test/lib/usd/utils/CMakeFiles/testDiffPrims.dir/test_DiffPrimsRelations.cpp.o
    [17/673] Building CXX object test/lib/usd/utils/CMakeFiles/testDiffLists.dir/main.cpp.o
    [18/673] Building CXX object test/lib/usd/utils/CMakeFiles/testDiffPrims.dir/test_DiffPrimsChildren.cpp.o
    [19/673] Building CXX object test/lib/usd/utils/CMakeFiles/testDiffPrims.dir/test_DiffPrims.cpp.o
    [20/673] Building CXX object test/lib/usd/utils/CMakeFiles/testDiffAttributes.dir/main.cpp.o
    [21/673] Building CXX object test/lib/usd/utils/CMakeFiles/testDiffCore.dir/main.cpp.o
    [22/673] Building CXX object test/lib/usd/utils/CMakeFiles/testDiffDictionaries.dir/test_DiffDictionaries.cpp.o
    [23/673] Building CXX object test/lib/usd/utils/CMakeFiles/testDiffMetadatas.dir/main.cpp.o
    [24/673] Building CXX object test/lib/usd/utils/CMakeFiles/testDiffCore.dir/test_DiffCore.cpp.o
    [25/673] Building CXX object test/lib/usd/utils/CMakeFiles/testDiffValues.dir/main.cpp.o
    [26/673] Building CXX object test/lib/usd/utils/CMakeFiles/testDiffAttributes.dir/test_DiffAttributes.cpp.o
    [27/673] Building CXX object test/lib/usd/utils/CMakeFiles/testDiffLists.dir/test_DiffLists.cpp.o
    [28/673] Building CXX object test/lib/usd/utils/CMakeFiles/testDiffMetadatas.dir/test_DiffMetadatas.cpp.o
    [29/673] Building CXX object test/lib/usd/utils/CMakeFiles/testDiffValues.dir/test_DiffValues.cpp.o
    [30/673] Building CXX object test/lib/usd/utils/CMakeFiles/testDiffValues.dir/test_DiffValuesMatrices.cpp.o
    [31/673] Building CXX object test/lib/usd/utils/CMakeFiles/testDiffValues.dir/test_DiffValuesGeneric.cpp.o
    [32/673] Building CXX object test/lib/usd/utils/CMakeFiles/testDiffValues.dir/test_DiffValuesArrays.cpp.o
    [33/673] Building CXX object test/lib/usd/utils/CMakeFiles/testDiffValues.dir/test_DiffValuesQuaternions.cpp.o
    [34/673] Building CXX object test/lib/usd/utils/CMakeFiles/testDiffValues.dir/test_DiffValuesDoubleVecs.cpp.o
    [35/673] Building CXX object test/lib/usd/utils/CMakeFiles/testDiffValues.dir/test_DiffValuesFloatVecs.cpp.o
    [36/673] Building CXX object test/lib/usd/utils/CMakeFiles/testDiffValues.dir/test_DiffValuesIntVecs.cpp.o
    [37/673] Building CXX object test/lib/usd/utils/CMakeFiles/testDiffRelationships.dir/main.cpp.o
    [38/673] Building CXX object lib/mayaUsd/CMakeFiles/mayaUsd.dir/base/debugCodes.cpp.o
    [39/673] Building CXX object test/lib/usd/utils/CMakeFiles/testDiffValues.dir/test_DiffValuesHalfVecs.cpp.o
    [40/673] Building CXX object lib/mayaUsd/CMakeFiles/mayaUsd.dir/base/tokens.cpp.o
    [41/673] Building CXX object test/lib/usd/utils/CMakeFiles/testDiffRelationships.dir/test_DiffRelationships.cpp.o
    [42/673] Building CXX object lib/mayaUsd/CMakeFiles/mayaUsd.dir/commands/baseListJobContextsCommand.cpp.o
    [43/673] Building CXX object lib/mayaUsd/CMakeFiles/mayaUsd.dir/commands/baseImportCommand.cpp.o
    [44/673] Building CXX object lib/mayaUsd/CMakeFiles/mayaUsd.dir/commands/baseExportCommand.cpp.o
    [45/673] Building CXX object lib/mayaUsd/CMakeFiles/mayaUsd.dir/commands/layerEditorWindowCommand.cpp.o
    [46/673] Building CXX object lib/mayaUsd/CMakeFiles/mayaUsd.dir/commands/editTargetCommand.cpp.o
    [47/673] Building CXX object lib/mayaUsd/CMakeFiles/mayaUsd.dir/commands/baseListShadingModesCommand.cpp.o
    [48/673] Building CXX object lib/mayaUsd/CMakeFiles/mayaUsd.dir/fileio/fallbackPrimReader.cpp.o
    [49/673] Building CXX object lib/mayaUsd/CMakeFiles/mayaUsd.dir/commands/layerEditorCommand.cpp.o
    [50/673] Building CXX object lib/mayaUsd/CMakeFiles/mayaUsd.dir/fileio/functorPrimReader.cpp.o
    [51/673] Building CXX object lib/mayaUsd/CMakeFiles/mayaUsd.dir/fileio/functorPrimWriter.cpp.o
    [52/673] Building CXX object lib/mayaUsd/CMakeFiles/mayaUsd.dir/fileio/importData.cpp.o
    [53/673] Building CXX object lib/mayaUsd/CMakeFiles/mayaUsd.dir/fileio/jobContextRegistry.cpp.o
    [54/673] Building CXX object lib/mayaUsd/CMakeFiles/mayaUsd.dir/fileio/instancedNodeWriter.cpp.o
    [55/673] Building CXX object lib/mayaUsd/CMakeFiles/mayaUsd.dir/fileio/primReader.cpp.o
    [56/673] Building CXX object lib/mayaUsd/CMakeFiles/mayaUsd.dir/fileio/primReaderArgs.cpp.o
    [57/673] Building CXX object lib/mayaUsd/CMakeFiles/mayaUsd.dir/fileio/primReaderContext.cpp.o
    [58/673] Building CXX object lib/mayaUsd/CMakeFiles/mayaUsd.dir/fileio/primReaderRegistry.cpp.o
    [59/673] Building CXX object lib/mayaUsd/CMakeFiles/mayaUsd.dir/fileio/primWriterArgs.cpp.o
    [60/673] Building CXX object lib/mayaUsd/CMakeFiles/mayaUsd.dir/fileio/primWriterContext.cpp.o
    [61/673] Building CXX object lib/mayaUsd/CMakeFiles/mayaUsd.dir/fileio/primWriter.cpp.o
    [62/673] Building CXX object lib/mayaUsd/CMakeFiles/mayaUsd.dir/fileio/primWriterRegistry.cpp.o
    [63/673] Building CXX object lib/mayaUsd/CMakeFiles/mayaUsd.dir/fileio/registryHelper.cpp.o
    [64/673] Building CXX object lib/mayaUsd/CMakeFiles/mayaUsd.dir/fileio/schemaApiAdaptor.cpp.o
    [65/673] Building CXX object lib/mayaUsd/CMakeFiles/mayaUsd.dir/fileio/schemaApiAdaptorRegistry.cpp.o
    [66/673] Building CXX object lib/mayaUsd/CMakeFiles/mayaUsd.dir/fileio/shaderReader.cpp.o
    [67/673] Building CXX object lib/mayaUsd/CMakeFiles/mayaUsd.dir/fileio/shaderWriter.cpp.o
    [68/673] Building CXX object lib/mayaUsd/CMakeFiles/mayaUsd.dir/fileio/shaderReaderRegistry.cpp.o
    [69/673] Building CXX object lib/mayaUsd/CMakeFiles/mayaUsd.dir/fileio/chaser/exportChaser.cpp.o
    [70/673] Building CXX object lib/mayaUsd/CMakeFiles/mayaUsd.dir/fileio/shaderWriterRegistry.cpp.o
    [71/673] Building CXX object lib/mayaUsd/CMakeFiles/mayaUsd.dir/fileio/chaser/exportChaserRegistry.cpp.o
    [72/673] Building CXX object lib/mayaUsd/CMakeFiles/mayaUsd.dir/fileio/transformWriter.cpp.o
    [73/673] Building CXX object lib/mayaUsd/CMakeFiles/mayaUsd.dir/fileio/writeJobContext.cpp.o
    [74/673] Building CXX object lib/mayaUsd/CMakeFiles/mayaUsd.dir/fileio/chaser/importChaserRegistry.cpp.o
    [75/673] Building CXX object lib/mayaUsd/CMakeFiles/mayaUsd.dir/fileio/chaser/importChaser.cpp.o
    [76/673] Building CXX object lib/mayaUsd/CMakeFiles/mayaUsd.dir/fileio/jobs/modelKindProcessor.cpp.o
    [77/673] Building CXX object lib/mayaUsd/CMakeFiles/mayaUsd.dir/fileio/jobs/readJob.cpp.o
    [78/673] Building CXX object lib/mayaUsd/CMakeFiles/mayaUsd.dir/fileio/jobs/jobArgs.cpp.o
    [79/673] Building CXX object lib/mayaUsd/CMakeFiles/mayaUsd.dir/fileio/jobs/writeJob.cpp.o
    [80/673] Building CXX object lib/mayaUsd/CMakeFiles/mayaUsd.dir/fileio/shading/shadingModeDisplayColor.cpp.o
    [81/673] Building CXX object lib/mayaUsd/CMakeFiles/mayaUsd.dir/fileio/shading/shadingModeExporter.cpp.o
    [82/673] Building CXX object lib/mayaUsd/CMakeFiles/mayaUsd.dir/fileio/shading/shadingModeImporter.cpp.o
    [83/673] Building CXX object lib/mayaUsd/CMakeFiles/mayaUsd.dir/fileio/shading/shadingModeExporterContext.cpp.o
    [84/673] Building CXX object lib/mayaUsd/CMakeFiles/mayaUsd.dir/fileio/shading/shadingModeRegistry.cpp.o
    [85/673] Building CXX object lib/mayaUsd/CMakeFiles/mayaUsd.dir/fileio/shading/shadingModeUseRegistry.cpp.o
    [86/673] Building CXX object lib/mayaUsd/CMakeFiles/mayaUsd.dir/fileio/shading/shadingModePxrRis.cpp.o
    [87/673] Building CXX object lib/mayaUsd/CMakeFiles/mayaUsd.dir/fileio/shading/symmetricShaderReader.cpp.o
    [88/673] Building CXX object lib/mayaUsd/CMakeFiles/mayaUsd.dir/fileio/shading/symmetricShaderWriter.cpp.o
    [89/673] Building CXX object lib/mayaUsd/CMakeFiles/mayaUsd.dir/fileio/translators/skelBindingsProcessor.cpp.o
    [90/673] Building CXX object lib/mayaUsd/CMakeFiles/mayaUsd.dir/fileio/translators/translatorCamera.cpp.o
    [91/673] Building CXX object lib/mayaUsd/CMakeFiles/mayaUsd.dir/fileio/translators/translatorGprim.cpp.o
    [92/673] Building CXX object lib/mayaUsd/CMakeFiles/mayaUsd.dir/fileio/translators/translatorCurves.cpp.o
    [93/673] Building CXX object lib/mayaUsd/CMakeFiles/mayaUsd.dir/fileio/translators/translatorLight.cpp.o
    [94/673] Building CXX object lib/mayaUsd/CMakeFiles/mayaUsd.dir/fileio/translators/translatorMaterial.cpp.o
    [95/673] Building CXX object lib/mayaUsd/CMakeFiles/mayaUsd.dir/fileio/translators/translatorMayaReference.cpp.o
    [96/673] Building CXX object lib/mayaUsd/CMakeFiles/mayaUsd.dir/fileio/translators/translatorMesh.cpp.o
    [97/673] Building CXX object lib/mayaUsd/CMakeFiles/mayaUsd.dir/fileio/translators/translatorNurbsPatch.cpp.o
    [98/673] Building CXX object lib/mayaUsd/CMakeFiles/mayaUsd.dir/fileio/translators/translatorPrim.cpp.o
    [99/673] Building CXX object lib/mayaUsd/CMakeFiles/mayaUsd.dir/fileio/translators/translatorUtil.cpp.o
    [100/673] Building CXX object lib/mayaUsd/CMakeFiles/mayaUsd.dir/fileio/translators/translatorSkel.cpp.o
    [101/673] Building CXX object lib/mayaUsd/CMakeFiles/mayaUsd.dir/fileio/translators/translatorRfMLight.cpp.o
    [102/673] Building CXX object lib/mayaUsd/CMakeFiles/mayaUsd.dir/fileio/translators/translatorXformable.cpp.o
    [103/673] Building CXX object lib/mayaUsd/CMakeFiles/mayaUsd.dir/fileio/translators/translatorXformable_decompose.cpp.o
    [104/673] Building CXX object lib/mayaUsd/CMakeFiles/mayaUsd.dir/fileio/utils/jointWriteUtils.cpp.o
    [105/673] Building CXX object lib/mayaUsd/CMakeFiles/mayaUsd.dir/fileio/utils/adaptor.cpp.o
    [106/673] Building CXX object lib/mayaUsd/CMakeFiles/mayaUsd.dir/fileio/utils/meshReadUtils.cpp.o
    [107/673] Building CXX object lib/mayaUsd/CMakeFiles/mayaUsd.dir/fileio/utils/roundTripUtil.cpp.o
    [108/673] Building CXX object lib/mayaUsd/CMakeFiles/mayaUsd.dir/fileio/utils/readUtil.cpp.o
    [109/673] Building CXX object lib/mayaUsd/CMakeFiles/mayaUsd.dir/fileio/utils/meshWriteUtils.cpp.o
    [110/673] Building CXX object lib/mayaUsd/CMakeFiles/mayaUsd.dir/fileio/utils/userTaggedAttribute.cpp.o
    [111/673] Building CXX object lib/mayaUsd/CMakeFiles/mayaUsd.dir/fileio/utils/shadingUtil.cpp.o
    [112/673] Building CXX object lib/mayaUsd/CMakeFiles/mayaUsd.dir/fileio/utils/xformStack.cpp.o
    [113/673] Building CXX object lib/mayaUsd/CMakeFiles/mayaUsd.dir/listeners/notice.cpp.o
    [114/673] Building CXX object lib/mayaUsd/CMakeFiles/mayaUsd.dir/listeners/stageNoticeListener.cpp.o
    [115/673] Building CXX object lib/mayaUsd/CMakeFiles/mayaUsd.dir/listeners/proxyShapeNotice.cpp.o
    [116/673] Building CXX object lib/mayaUsd/CMakeFiles/mayaUsd.dir/fileio/utils/writeUtil.cpp.o
    [117/673] Building CXX object lib/mayaUsd/CMakeFiles/mayaUsd.dir/nodes/hdImagingShape.cpp.o
    [118/673] Building CXX object lib/mayaUsd/CMakeFiles/mayaUsd.dir/nodes/pointBasedDeformerNode.cpp.o
    [119/673] Building CXX object lib/mayaUsd/CMakeFiles/mayaUsd.dir/nodes/proxyAccessor.cpp.o
    [120/673] Building CXX object lib/mayaUsd/CMakeFiles/mayaUsd.dir/nodes/proxyShapePlugin.cpp.o
    [121/673] Building CXX object lib/mayaUsd/CMakeFiles/mayaUsd.dir/nodes/stageData.cpp.o
    [122/673] Building CXX object lib/mayaUsd/CMakeFiles/mayaUsd.dir/nodes/proxyShapeBase.cpp.o
    [123/673] Building CXX object lib/mayaUsd/CMakeFiles/mayaUsd.dir/nodes/stageNode.cpp.o
    [124/673] Building CXX object lib/mayaUsd/CMakeFiles/mayaUsd.dir/render/px_vp20/glslProgram.cpp.o
    [125/673] Building CXX object lib/mayaUsd/CMakeFiles/mayaUsd.dir/nodes/usdPrimProvider.cpp.o
    [126/673] Building CXX object lib/mayaUsd/CMakeFiles/mayaUsd.dir/python/moduleDeps.cpp.o
    [127/673] Building CXX object lib/mayaUsd/CMakeFiles/mayaUsd.dir/render/px_vp20/utils_legacy.cpp.o
    [128/673] Building CXX object lib/mayaUsd/CMakeFiles/mayaUsd.dir/render/px_vp20/utils.cpp.o
    [129/673] Building CXX object lib/mayaUsd/CMakeFiles/mayaUsd.dir/render/pxrUsdMayaGL/debugCodes.cpp.o
    [130/673] Building CXX object lib/mayaUsd/CMakeFiles/mayaUsd.dir/nodes/layerManager.cpp.o
    [131/673] Building CXX object lib/mayaUsd/CMakeFiles/mayaUsd.dir/render/pxrUsdMayaGL/hdImagingShapeDrawOverride.cpp.o
    [132/673] Building CXX object lib/mayaUsd/CMakeFiles/mayaUsd.dir/render/pxrUsdMayaGL/hdImagingShapeUI.cpp.o
    [133/673] Building CXX object lib/mayaUsd/CMakeFiles/mayaUsd.dir/render/pxrUsdMayaGL/batchRenderer.cpp.o
    [134/673] Building CXX object lib/mayaUsd/CMakeFiles/mayaUsd.dir/render/pxrUsdMayaGL/instancerImager.cpp.o
    [135/673] Building CXX object lib/mayaUsd/CMakeFiles/mayaUsd.dir/render/pxrUsdMayaGL/proxyShapeDelegate.cpp.o
    [136/673] Building CXX object lib/mayaUsd/CMakeFiles/mayaUsd.dir/render/pxrUsdMayaGL/proxyDrawOverride.cpp.o
    [137/673] Building CXX object lib/mayaUsd/CMakeFiles/mayaUsd.dir/render/pxrUsdMayaGL/instancerShapeAdapter.cpp.o
    [138/673] Building CXX object lib/mayaUsd/CMakeFiles/mayaUsd.dir/render/pxrUsdMayaGL/softSelectHelper.cpp.o
    [139/673] Building CXX object lib/mayaUsd/CMakeFiles/mayaUsd.dir/render/pxrUsdMayaGL/proxyShapeUI.cpp.o
    [140/673] Building CXX object lib/mayaUsd/CMakeFiles/mayaUsd.dir/render/pxrUsdMayaGL/userData.cpp.o
    [141/673] Building CXX object lib/mayaUsd/CMakeFiles/mayaUsd.dir/render/pxrUsdMayaGL/shapeAdapter.cpp.o
    [142/673] Building CXX object lib/mayaUsd/CMakeFiles/mayaUsd.dir/render/pxrUsdMayaGL/sceneDelegate.cpp.o
    [143/673] Building CXX object lib/mayaUsd/CMakeFiles/mayaUsd.dir/render/vp2RenderDelegate/bboxGeom.cpp.o
    [144/673] Building CXX object lib/mayaUsd/CMakeFiles/mayaUsd.dir/render/vp2RenderDelegate/debugCodes.cpp.o
    [145/673] Building CXX object lib/mayaUsd/CMakeFiles/mayaUsd.dir/render/pxrUsdMayaGL/usdProxyShapeAdapter.cpp.o
    [146/673] Building CXX object lib/mayaUsd/CMakeFiles/mayaUsd.dir/render/vp2RenderDelegate/draw_item.cpp.o
    [147/673] Building CXX object lib/mayaUsd/CMakeFiles/mayaUsd.dir/render/vp2RenderDelegate/instancer.cpp.o
    [148/673] Building CXX object lib/mayaUsd/CMakeFiles/mayaUsd.dir/render/vp2RenderDelegate/mayaPrimCommon.cpp.o
    [149/673] Building CXX object lib/mayaUsd/CMakeFiles/mayaUsd.dir/render/vp2RenderDelegate/meshViewportCompute.cpp.o
    [150/673] Building CXX object lib/mayaUsd/CMakeFiles/mayaUsd.dir/render/vp2RenderDelegate/basisCurves.cpp.o
    [151/673] Building CXX object lib/mayaUsd/CMakeFiles/mayaUsd.dir/render/vp2RenderDelegate/material.cpp.o
    [152/673] Building CXX object lib/mayaUsd/CMakeFiles/mayaUsd.dir/render/vp2RenderDelegate/render_param.cpp.o
    [153/673] Building CXX object lib/mayaUsd/CMakeFiles/mayaUsd.dir/render/vp2RenderDelegate/render_delegate.cpp.o
    [154/673] Building CXX object lib/mayaUsd/CMakeFiles/mayaUsd.dir/render/vp2RenderDelegate/mesh.cpp.o
    [155/673] Building CXX object lib/mayaUsd/CMakeFiles/mayaUsd.dir/render/vp2RenderDelegate/tokens.cpp.o
    [156/673] Building CXX object lib/mayaUsd/CMakeFiles/mayaUsd.dir/render/vp2RenderDelegate/shader.cpp.o
    [157/673] Building CXX object lib/mayaUsd/CMakeFiles/mayaUsd.dir/render/vp2RenderDelegate/sampler.cpp.o
    [158/673] Building CXX object lib/mayaUsd/CMakeFiles/mayaUsd.dir/render/vp2RenderDelegate/proxyRenderDelegate.cpp.o
    [159/673] Building CXX object lib/mayaUsd/CMakeFiles/mayaUsd.dir/ufe/ProxyShapeHandler.cpp.o
    [160/673] Building CXX object lib/mayaUsd/CMakeFiles/mayaUsd.dir/render/vp2ShaderFragments/shaderFragments.cpp.o
    [161/673] Building CXX object lib/mayaUsd/CMakeFiles/mayaUsd.dir/ufe/Global.cpp.o
    [162/673] Building CXX object lib/mayaUsd/CMakeFiles/mayaUsd.dir/ufe/ProxyShapeHierarchy.cpp.o
    [163/673] Building CXX object lib/mayaUsd/CMakeFiles/mayaUsd.dir/ufe/ProxyShapeHierarchyHandler.cpp.o
    [164/673] Building CXX object lib/mayaUsd/CMakeFiles/mayaUsd.dir/ufe/StagesSubject.cpp.o
    [165/673] Building CXX object lib/mayaUsd/CMakeFiles/mayaUsd.dir/ufe/UsdHierarchy.cpp.o
    [166/673] Building CXX object lib/mayaUsd/CMakeFiles/mayaUsd.dir/ufe/UsdHierarchyHandler.cpp.o
    [167/673] Building CXX object lib/mayaUsd/CMakeFiles/mayaUsd.dir/ufe/UsdPointInstanceOrientationModifier.cpp.o
    [168/673] Building CXX object lib/mayaUsd/CMakeFiles/mayaUsd.dir/ufe/UsdPointInstancePositionModifier.cpp.o
    [169/673] Building CXX object lib/mayaUsd/CMakeFiles/mayaUsd.dir/ufe/UsdPointInstanceScaleModifier.cpp.o
    [170/673] Building CXX object lib/mayaUsd/CMakeFiles/mayaUsd.dir/ufe/UsdRootChildHierarchy.cpp.o
    [171/673] Building CXX object lib/mayaUsd/CMakeFiles/mayaUsd.dir/ufe/UsdRotatePivotTranslateUndoableCommand.cpp.o
    [172/673] Building CXX object lib/mayaUsd/CMakeFiles/mayaUsd.dir/ufe/UsdRotateUndoableCommand.cpp.o
    [173/673] Building CXX object lib/mayaUsd/CMakeFiles/mayaUsd.dir/ufe/UsdScaleUndoableCommand.cpp.o
    [174/673] Building CXX object lib/mayaUsd/CMakeFiles/mayaUsd.dir/ufe/UsdSceneItem.cpp.o
    [175/673] Building CXX object lib/mayaUsd/CMakeFiles/mayaUsd.dir/ufe/UsdSceneItemOps.cpp.o
    [176/673] Building CXX object lib/mayaUsd/CMakeFiles/mayaUsd.dir/ufe/UsdSceneItemOpsHandler.cpp.o
    [177/673] Building CXX object lib/mayaUsd/CMakeFiles/mayaUsd.dir/ufe/UsdTRSUndoableCommandBase.cpp.o
    [178/673] Building CXX object lib/mayaUsd/CMakeFiles/mayaUsd.dir/ufe/UsdStageMap.cpp.o
    [179/673] Building CXX object lib/mayaUsd/CMakeFiles/mayaUsd.dir/ufe/UsdTransform3d.cpp.o
    [180/673] Building CXX object lib/mayaUsd/CMakeFiles/mayaUsd.dir/ufe/UsdTransform3dHandler.cpp.o
    [181/673] Building CXX object lib/mayaUsd/CMakeFiles/mayaUsd.dir/ufe/UsdTranslateUndoableCommand.cpp.o
    [182/673] Building CXX object lib/mayaUsd/CMakeFiles/mayaUsd.dir/ufe/UsdUndoDeleteCommand.cpp.o
    [183/673] Building CXX object lib/mayaUsd/CMakeFiles/mayaUsd.dir/ufe/moduleDeps.cpp.o
    [184/673] Building CXX object lib/mayaUsd/CMakeFiles/mayaUsd.dir/ufe/UsdUndoDuplicateCommand.cpp.o
    [185/673] Building CXX object lib/mayaUsd/CMakeFiles/mayaUsd.dir/ufe/UsdUndoRenameCommand.cpp.o
    [186/673] Building CXX object lib/mayaUsd/CMakeFiles/mayaUsd.dir/ufe/RotationUtils.cpp.o
    [187/673] Building CXX object lib/mayaUsd/CMakeFiles/mayaUsd.dir/ufe/ProxyShapeContextOpsHandler.cpp.o
    [188/673] Building CXX object lib/mayaUsd/CMakeFiles/mayaUsd.dir/ufe/Utils.cpp.o
    [189/673] Building CXX object lib/mayaUsd/CMakeFiles/mayaUsd.dir/ufe/UsdAttributes.cpp.o
    [190/673] Building CXX object lib/mayaUsd/CMakeFiles/mayaUsd.dir/ufe/UsdAttribute.cpp.o
    [191/673] Building CXX object lib/mayaUsd/CMakeFiles/mayaUsd.dir/ufe/UsdAttributesHandler.cpp.o
    [192/673] Building CXX object lib/mayaUsd/CMakeFiles/mayaUsd.dir/ufe/UsdCamera.cpp.o
    [193/673] Building CXX object lib/mayaUsd/CMakeFiles/mayaUsd.dir/ufe/UsdCameraHandler.cpp.o
    [194/673] Building CXX object lib/mayaUsd/CMakeFiles/mayaUsd.dir/ufe/UsdContextOpsHandler.cpp.o
    [195/673] Building CXX object lib/mayaUsd/CMakeFiles/mayaUsd.dir/ufe/UsdContextOps.cpp.o
    [196/673] Building CXX object lib/mayaUsd/CMakeFiles/mayaUsd.dir/ufe/UsdObject3d.cpp.o
    [197/673] Building CXX object lib/mayaUsd/CMakeFiles/mayaUsd.dir/ufe/UsdObject3dHandler.cpp.o
    [198/673] Building CXX object lib/mayaUsd/CMakeFiles/mayaUsd.dir/ufe/UsdSetXformOpUndoableCommandBase.cpp.o
    [199/673] Building CXX object lib/mayaUsd/CMakeFiles/mayaUsd.dir/ufe/UsdTransform3dBase.cpp.o
    [200/673] Building CXX object lib/mayaUsd/CMakeFiles/mayaUsd.dir/ufe/UsdTransform3dCommonAPI.cpp.o
    [201/673] Building CXX object lib/mayaUsd/CMakeFiles/mayaUsd.dir/ufe/UsdTransform3dFallbackMayaXformStack.cpp.o
    [202/673] Building CXX object lib/mayaUsd/CMakeFiles/mayaUsd.dir/ufe/UsdTransform3dMatrixOp.cpp.o
    [203/673] Building CXX object lib/mayaUsd/CMakeFiles/mayaUsd.dir/ufe/UsdTransform3dUndoableCommands.cpp.o
    [204/673] Building CXX object lib/mayaUsd/CMakeFiles/mayaUsd.dir/ufe/UsdTransform3dPointInstance.cpp.o
    [205/673] Building CXX object lib/mayaUsd/CMakeFiles/mayaUsd.dir/ufe/UsdTransform3dSetObjectMatrix.cpp.o
    [206/673] Building CXX object lib/mayaUsd/CMakeFiles/mayaUsd.dir/ufe/UsdUIUfeObserver.cpp.o
    [207/673] Building CXX object lib/mayaUsd/CMakeFiles/mayaUsd.dir/ufe/UsdTransform3dMayaXformStack.cpp.o
    [208/673] Building CXX object lib/mayaUsd/CMakeFiles/mayaUsd.dir/ufe/UsdUIInfoHandler.cpp.o
    [209/673] Building CXX object lib/mayaUsd/CMakeFiles/mayaUsd.dir/ufe/UsdUndoAddNewPrimCommand.cpp.o
    [210/673] Building CXX object lib/mayaUsd/CMakeFiles/mayaUsd.dir/ufe/UsdUndoReorderCommand.cpp.o
    [211/673] Building CXX object lib/mayaUsd/CMakeFiles/mayaUsd.dir/ufe/UsdUndoCreateGroupCommand.cpp.o
    [212/673] Building CXX object lib/mayaUsd/CMakeFiles/mayaUsd.dir/ufe/UsdUndoInsertChildCommand.cpp.o
    [213/673] Building CXX object lib/mayaUsd/CMakeFiles/mayaUsd.dir/ufe/UsdUndoSetKindCommand.cpp.o
    [214/673] Building CXX object lib/mayaUsd/CMakeFiles/mayaUsd.dir/ufe/private/UfeNotifGuard.cpp.o
    [215/673] Building CXX object lib/mayaUsd/CMakeFiles/mayaUsd.dir/ufe/XformOpUtils.cpp.o
    [216/673] Building CXX object lib/mayaUsd/CMakeFiles/mayaUsd.dir/ufe/UsdUndoVisibleCommand.cpp.o
    [217/673] Building CXX object lib/mayaUsd/CMakeFiles/mayaUsd.dir/undo/OpUndoItemRecorder.cpp.o
    [218/673] Building CXX object lib/mayaUsd/CMakeFiles/mayaUsd.dir/ufe/UsdUndoUngroupCommand.cpp.o
    [219/673] Building CXX object lib/mayaUsd/CMakeFiles/mayaUsd.dir/undo/OpUndoItemList.cpp.o
    [220/673] Building CXX object lib/mayaUsd/CMakeFiles/mayaUsd.dir/ufe/private/Utils.cpp.o
    [221/673] Building CXX object lib/mayaUsd/CMakeFiles/mayaUsd.dir/undo/UsdUndoBlock.cpp.o
    [222/673] Building CXX object lib/mayaUsd/CMakeFiles/mayaUsd.dir/undo/OpUndoItems.cpp.o
    [223/673] Building CXX object lib/mayaUsd/CMakeFiles/mayaUsd.dir/undo/UsdUndoableItem.cpp.o
    [224/673] Building CXX object lib/mayaUsd/CMakeFiles/mayaUsd.dir/utils/blockSceneModificationContext.cpp.o
    [225/673] Building CXX object lib/mayaUsd/CMakeFiles/mayaUsd.dir/utils/colorSpace.cpp.o
    [226/673] Building CXX object lib/mayaUsd/CMakeFiles/mayaUsd.dir/undo/UsdUndoManager.cpp.o
    [227/673] Building CXX object lib/mayaUsd/CMakeFiles/mayaUsd.dir/utils/diagnosticDelegate.cpp.o
    [228/673] Building CXX object lib/mayaUsd/CMakeFiles/mayaUsd.dir/utils/customLayerData.cpp.o
    [229/673] Building CXX object lib/mayaUsd/CMakeFiles/mayaUsd.dir/undo/UsdUndoStateDelegate.cpp.o
    [230/673] Building CXX object lib/mayaUsd/CMakeFiles/mayaUsd.dir/utils/editability.cpp.o
    [231/673] Building CXX object lib/mayaUsd/CMakeFiles/mayaUsd.dir/utils/plugRegistryHelper.cpp.o
    [232/673] Building CXX object lib/mayaUsd/CMakeFiles/mayaUsd.dir/utils/converter.cpp.o
    [233/673] Building CXX object lib/mayaUsd/CMakeFiles/mayaUsd.dir/utils/query.cpp.o
    [234/673] Building CXX object lib/mayaUsd/CMakeFiles/mayaUsd.dir/utils/selectability.cpp.o
    [235/673] Building CXX object lib/mayaUsd/CMakeFiles/mayaUsd.dir/utils/traverseLayer.cpp.o
    [236/673] Building CXX object lib/mayaUsd/CMakeFiles/mayaUsd.dir/utils/stageCache.cpp.o
    [237/673] Building CXX object lib/mayaUsd/CMakeFiles/mayaUsd.dir/utils/undoHelperCommand.cpp.o
    [238/673] Building CXX object lib/mayaUsd/python/CMakeFiles/_mayaUsd.dir/module.cpp.o
    [239/673] Building CXX object lib/mayaUsd/CMakeFiles/mayaUsd.dir/utils/utilFileSystem.cpp.o
    [240/673] Building CXX object lib/mayaUsd/CMakeFiles/mayaUsd.dir/utils/utilSerialization.cpp.o
    [241/673] Building CXX object lib/mayaUsd/python/CMakeFiles/_mayaUsd.dir/wrapColorSpace.cpp.o
    [242/673] Building CXX object lib/mayaUsd/python/CMakeFiles/_mayaUsd.dir/wrapBlockSceneModificationContext.cpp.o
    [243/673] Building CXX object lib/mayaUsd/python/CMakeFiles/_mayaUsd.dir/wrapAdaptor.cpp.o
    [244/673] Building CXX object lib/mayaUsd/python/CMakeFiles/_mayaUsd.dir/wrapDiagnosticDelegate.cpp.o
    [245/673] Building CXX object lib/mayaUsd/CMakeFiles/mayaUsd.dir/utils/util.cpp.o
    [246/673] Building CXX object lib/mayaUsd/python/CMakeFiles/_mayaUsd.dir/wrapConverter.cpp.o
    [247/673] Building CXX object lib/mayaUsd/python/CMakeFiles/_mayaUsd.dir/wrapOpUndoItem.cpp.o
    [248/673] Building CXX object lib/mayaUsd/python/CMakeFiles/_mayaUsd.dir/wrapQuery.cpp.o
    [249/673] Building CXX object lib/mayaUsd/python/CMakeFiles/_mayaUsd.dir/wrapMeshWriteUtils.cpp.o
    [250/673] Building CXX object lib/mayaUsd/python/CMakeFiles/_mayaUsd.dir/wrapTokens.cpp.o
    [251/673] Building CXX object lib/mayaUsd/python/CMakeFiles/_mayaUsd.dir/wrapRoundTripUtil.cpp.o
    [252/673] Building CXX object lib/mayaUsd/python/CMakeFiles/_mayaUsd.dir/wrapStageCache.cpp.o
    [253/673] Building CXX object lib/mayaUsd/python/CMakeFiles/_mayaUsd.dir/wrapReadUtil.cpp.o
    [254/673] Building CXX object lib/mayaUsd/python/CMakeFiles/_mayaUsd.dir/wrapUsdUndoManager.cpp.o
    [255/673] Building CXX object lib/mayaUsd/python/CMakeFiles/_mayaUsd.dir/wrapUserTaggedAttribute.cpp.o
    [256/673] Building CXX object lib/mayaUsd/python/CMakeFiles/_mayaUsd.dir/wrapWriteUtil.cpp.o
    [257/673] Building CXX object lib/mayaUsd/python/CMakeFiles/_mayaUsd.dir/wrapXformStack.cpp.o
    [258/673] Building CXX object lib/mayaUsd/python/CMakeFiles/_mayaUsd.dir/wrapOpenMaya.cpp.o
    [259/673] Building CXX object lib/mayaUsd/python/CMakeFiles/_mayaUsd.dir/wrapExportChaser.cpp.o
    [260/673] Building CXX object lib/mayaUsd/python/CMakeFiles/_mayaUsd.dir/wrapImportChaser.cpp.o
    [261/673] Building CXX object lib/mayaUsd/python/CMakeFiles/_mayaUsd.dir/wrapJobContextRegistry.cpp.o
    [262/673] Building CXX object lib/mayaUsd/python/CMakeFiles/_mayaUsd.dir/wrapPrimWriter.cpp.o
    [263/673] Building CXX object lib/mayaUsd/python/CMakeFiles/_mayaUsd.dir/wrapPrimReader.cpp.o
    [264/673] Building CXX object lib/mayaUsd/ufe/CMakeFiles/_ufe.dir/module.cpp.o
    [265/673] Building CXX object lib/mayaUsd/ufe/CMakeFiles/_ufe.dir/wrapGlobal.cpp.o
    [266/673] Building CXX object lib/mayaUsd/python/CMakeFiles/_mayaUsd.dir/wrapShadingUtil.cpp.o
    [267/673] Building CXX object lib/mayaUsd/python/CMakeFiles/_mayaUsd.dir/wrapShadingMode.cpp.o
    [268/673] Building CXX object lib/mayaUsd/python/CMakeFiles/_mayaUsd.dir/wrapSchemaApiAdaptor.cpp.o
    [269/673] Building CXX object lib/mayaUsd/ufe/CMakeFiles/_ufe.dir/wrapUtils.cpp.o
    [270/673] Building CXX object lib/mayaUsd/ufe/CMakeFiles/_ufe.dir/wrapNotice.cpp.o
    [271/673] Building CXX object lib/mayaUsd/render/mayaToHydra/CMakeFiles/mtoh.dir/pluginDebugCodes.cpp.o
    [272/673] Building CXX object lib/mayaUsd/render/mayaToHydra/CMakeFiles/mtoh.dir/defaultLightDelegate.cpp.o
    [273/673] Building CXX object lib/mayaUsd/render/mayaToHydra/CMakeFiles/mtoh.dir/plugin.cpp.o
    [274/673] Building CXX object lib/mayaUsd/render/mayaToHydra/CMakeFiles/mtoh.dir/tokens.cpp.o
    [275/673] Building CXX object lib/mayaUsd/render/mayaToHydra/CMakeFiles/mtoh.dir/utils.cpp.o
    [276/673] Building CXX object lib/mayaUsd/render/mayaToHydra/CMakeFiles/mtoh.dir/renderGlobals.cpp.o
    [277/673] Building CXX object lib/usd/hdMaya/CMakeFiles/hdMaya.dir/debugCodes.cpp.o
    [278/673] Building CXX object lib/mayaUsd/render/mayaToHydra/CMakeFiles/mtoh.dir/shadingModeExporter.cpp.o
    [279/673] Building CXX object lib/mayaUsd/render/mayaToHydra/CMakeFiles/mtoh.dir/renderOverride.cpp.o
    [280/673] Building CXX object lib/usd/hdMaya/CMakeFiles/hdMaya.dir/utils.cpp.o
    [281/673] Building CXX object lib/usd/hdMaya/CMakeFiles/hdMaya.dir/adapters/adapterDebugCodes.cpp.o
    [282/673] Building CXX object lib/usd/hdMaya/CMakeFiles/hdMaya.dir/adapters/adapter.cpp.o
    [283/673] Building CXX object lib/mayaUsd/render/mayaToHydra/CMakeFiles/mtoh.dir/viewCommand.cpp.o
    [284/673] Building CXX object lib/usd/hdMaya/CMakeFiles/hdMaya.dir/adapters/aiSkydomeLightAdapter.cpp.o
    [285/673] Building CXX object lib/usd/hdMaya/CMakeFiles/hdMaya.dir/adapters/adapterRegistry.cpp.o
    [286/673] Building CXX object lib/usd/hdMaya/CMakeFiles/hdMaya.dir/adapters/areaLightAdapter.cpp.o
    [287/673] Building CXX object lib/usd/hdMaya/CMakeFiles/hdMaya.dir/adapters/cameraAdapter.cpp.o
    [288/673] Building CXX object lib/usd/hdMaya/CMakeFiles/hdMaya.dir/adapters/dagAdapter.cpp.o
    [289/673] Building CXX object lib/usd/hdMaya/CMakeFiles/hdMaya.dir/adapters/directionalLightAdapter.cpp.o
    [290/673] Building CXX object lib/usd/hdMaya/CMakeFiles/hdMaya.dir/adapters/lightAdapter.cpp.o
    [291/673] Building CXX object lib/usd/hdMaya/CMakeFiles/hdMaya.dir/adapters/mayaAttrs.cpp.o
    [292/673] Building CXX object lib/usd/hdMaya/CMakeFiles/hdMaya.dir/adapters/materialAdapter.cpp.o
    [293/673] Building CXX object lib/usd/hdMaya/CMakeFiles/hdMaya.dir/adapters/proxyAdapter.cpp.o
    [294/673] Building CXX object lib/usd/hdMaya/CMakeFiles/hdMaya.dir/adapters/meshAdapter.cpp.o
    [295/673] Building CXX object lib/usd/hdMaya/CMakeFiles/hdMaya.dir/adapters/nurbsCurveAdapter.cpp.o
    [296/673] Building CXX object lib/usd/hdMaya/CMakeFiles/hdMaya.dir/adapters/materialNetworkConverter.cpp.o
    [297/673] Building CXX object lib/usd/hdMaya/CMakeFiles/hdMaya.dir/adapters/pointLightAdapter.cpp.o
    [298/673] Building CXX object lib/usd/hdMaya/CMakeFiles/hdMaya.dir/adapters/tokens.cpp.o
    [299/673] Building CXX object lib/usd/hdMaya/CMakeFiles/hdMaya.dir/adapters/shapeAdapter.cpp.o
    [300/673] Building CXX object lib/usd/hdMaya/CMakeFiles/hdMaya.dir/delegates/delegateDebugCodes.cpp.o
    [301/673] Building CXX object lib/usd/hdMaya/CMakeFiles/hdMaya.dir/adapters/spotLightAdapter.cpp.o
    [302/673] Building CXX object lib/usd/hdMaya/CMakeFiles/hdMaya.dir/delegates/delegate.cpp.o
    [303/673] Building CXX object lib/usd/hdMaya/CMakeFiles/hdMaya.dir/delegates/delegateCtx.cpp.o
    [304/673] Building CXX object lib/usd/hdMaya/CMakeFiles/hdMaya.dir/delegates/delegateRegistry.cpp.o
    [305/673] Building CXX object lib/usd/hdMaya/CMakeFiles/hdMaya.dir/delegates/proxyUsdImagingDelegate.cpp.o
    [306/673] Building CXX object lib/usd/pxrUsdPreviewSurface/CMakeFiles/basePxrUsdPreviewSurface.dir/usdPreviewSurface.cpp.o
    [307/673] Building CXX object lib/usd/hdMaya/CMakeFiles/hdMaya.dir/delegates/proxyDelegate.cpp.o
    [308/673] Building CXX object lib/usd/hdMaya/CMakeFiles/hdMaya.dir/delegates/sceneDelegate.cpp.o
    [309/673] Building CXX object lib/usd/pxrUsdPreviewSurface/CMakeFiles/basePxrUsdPreviewSurface.dir/usdPreviewSurfaceShadingNodeOverride.cpp.o
    [310/673] Building CXX object lib/usd/hdMaya/CMakeFiles/hdMaya.dir/delegates/testDelegate.cpp.o
    [311/673] Building CXX object lib/usd/pxrUsdPreviewSurface/CMakeFiles/basePxrUsdPreviewSurface.dir/usdPreviewSurfaceReader.cpp.o
    [312/673] Building CXX object lib/usd/pxrUsdPreviewSurface/CMakeFiles/basePxrUsdPreviewSurface.dir/usdPreviewSurfacePlugin.cpp.o
    [313/673] Building CXX object lib/usd/pxrUsdPreviewSurface/CMakeFiles/basePxrUsdPreviewSurface.dir/usdPreviewSurfaceWriter.cpp.o
    [314/673] Building CXX object lib/usd/translators/CMakeFiles/mayaUsd_Translators.dir/jointWriter.cpp.o
    [315/673] Building CXX object lib/usd/translators/CMakeFiles/mayaUsd_Translators.dir/lightReader.cpp.o
    [316/673] Building CXX object lib/usd/translators/CMakeFiles/mayaUsd_Translators.dir/cameraReader.cpp.o
    [317/673] Building CXX object lib/usd/translators/CMakeFiles/mayaUsd_Translators.dir/cameraWriter.cpp.o
    [318/673] Building CXX object lib/usd/translators/CMakeFiles/mayaUsd_Translators.dir/lightRfMReader.cpp.o
    [319/673] Building CXX object lib/usd/translators/CMakeFiles/mayaUsd_Translators.dir/lightRfMWriter.cpp.o
    [320/673] Building CXX object lib/usd/translators/CMakeFiles/mayaUsd_Translators.dir/instancerWriter.cpp.o
    [321/673] Building CXX object lib/usd/translators/CMakeFiles/mayaUsd_Translators.dir/lightWriter.cpp.o
    [322/673] Building CXX object lib/usd/translators/CMakeFiles/mayaUsd_Translators.dir/locatorWriter.cpp.o
    [323/673] Building CXX object lib/usd/translators/CMakeFiles/mayaUsd_Translators.dir/materialReader.cpp.o
    [324/673] Building CXX object lib/usd/translators/CMakeFiles/mayaUsd_Translators.dir/mayaReferenceReader.cpp.o
    [325/673] Building CXX object lib/usd/translators/CMakeFiles/mayaUsd_Translators.dir/meshReader.cpp.o
    [326/673] Building CXX object lib/usd/translators/CMakeFiles/mayaUsd_Translators.dir/nurbsCurvesReader.cpp.o
    [327/673] Building CXX object lib/usd/translators/CMakeFiles/mayaUsd_Translators.dir/meshWriter.cpp.o
    [328/673] Building CXX object lib/usd/translators/CMakeFiles/mayaUsd_Translators.dir/meshWriter_BlendShapes.cpp.o
    [329/673] Building CXX object lib/usd/translators/CMakeFiles/mayaUsd_Translators.dir/nurbsCurveWriter.cpp.o
    [330/673] Building CXX object lib/usd/translators/CMakeFiles/mayaUsd_Translators.dir/nurbsPatchReader.cpp.o
    [331/673] Building CXX object lib/usd/translators/CMakeFiles/mayaUsd_Translators.dir/plugin.cpp.o
    [332/673] Building CXX object lib/usd/translators/CMakeFiles/mayaUsd_Translators.dir/nurbsSurfaceWriter.cpp.o
    [333/673] Building CXX object lib/usd/translators/CMakeFiles/mayaUsd_Translators.dir/scopeReader.cpp.o
    [334/673] Building CXX object lib/usd/translators/CMakeFiles/mayaUsd_Translators.dir/particleWriter.cpp.o
    [335/673] Building CXX object lib/usd/translators/CMakeFiles/mayaUsd_Translators.dir/skelReader.cpp.o
    [336/673] Building CXX object lib/usd/translators/CMakeFiles/mayaUsd_Translators.dir/shading/shadingTokens.cpp.o
    [337/673] Building CXX object lib/usd/translators/CMakeFiles/mayaUsd_Translators.dir/strokeWriter.cpp.o
    [338/673] Building CXX object lib/usd/translators/CMakeFiles/mayaUsd_Translators.dir/xformReader.cpp.o
    [339/673] Building CXX object lib/usd/translators/CMakeFiles/mayaUsd_Translators.dir/shading/usdBlinnReader.cpp.o
    [340/673] Building CXX object lib/usd/translators/CMakeFiles/mayaUsd_Translators.dir/shading/usdBlinnWriter.cpp.o
    [341/673] Building CXX object lib/usd/translators/CMakeFiles/mayaUsd_Translators.dir/shading/usdDisplacementShaderWriter.cpp.o
    [342/673] Building CXX object lib/usd/translators/CMakeFiles/mayaUsd_Translators.dir/shading/usdFileTextureWriter.cpp.o
    [343/673] Building CXX object lib/usd/translators/CMakeFiles/mayaUsd_Translators.dir/shading/usdLambertReader.cpp.o
    [344/673] Building CXX object lib/usd/translators/CMakeFiles/mayaUsd_Translators.dir/shading/usdLambertWriter.cpp.o
    [345/673] Building CXX object lib/usd/translators/CMakeFiles/mayaUsd_Translators.dir/shading/usdMaterialReader.cpp.o
    [346/673] Building CXX object lib/usd/translators/CMakeFiles/mayaUsd_Translators.dir/shading/usdMaterialWriter.cpp.o
    [347/673] Building CXX object lib/usd/translators/CMakeFiles/mayaUsd_Translators.dir/shading/usdPhongReader.cpp.o
    [348/673] Building CXX object lib/usd/translators/CMakeFiles/mayaUsd_Translators.dir/shading/usdPhongWriter.cpp.o
    [349/673] Building CXX object lib/usd/translators/CMakeFiles/mayaUsd_Translators.dir/shading/usdPhongEWriter.cpp.o
    [350/673] Building CXX object lib/usd/translators/CMakeFiles/mayaUsd_Translators.dir/shading/usdReflectWriter.cpp.o
    [351/673] Building CXX object lib/usd/translators/CMakeFiles/mayaUsd_Translators.dir/shading/usdUVTextureReader.cpp.o
    [352/673] Building CXX object lib/usd/schemas/CMakeFiles/_schemas.dir/module.cpp.o
    [353/673] Building CXX object lib/usd/translators/CMakeFiles/mayaUsd_Translators.dir/shading/usdStandardSurfaceReader.cpp.o
    [354/673] Building CXX object lib/usd/schemas/CMakeFiles/_schemas.dir/wrapTokens.cpp.o
    [355/673] Building CXX object lib/usd/translators/CMakeFiles/mayaUsd_Translators.dir/shading/usdStandardSurfaceWriter.cpp.o
    [356/673] Building CXX object lib/usd/translators/CMakeFiles/mayaUsd_Translators.dir/shading/rfmShaderTranslation.cpp.o
    [357/673] Building CXX object lib/usd/schemas/CMakeFiles/_schemas.dir/wrapMayaReference.cpp.o
    [358/673] Building CXX object lib/usd/schemas/CMakeFiles/mayaUsd_Schemas.dir/ALMayaReference.cpp.o
    [359/673] Building CXX object lib/usd/schemas/CMakeFiles/mayaUsd_Schemas.dir/MayaReference.cpp.o
    [360/673] Building CXX object lib/usd/schemas/CMakeFiles/mayaUsd_Schemas.dir/tokens.cpp.o
    [361/673] Building CXX object lib/usd/utils/CMakeFiles/mayaUsdUtils.dir/DebugCodes.cpp.o
    [362/673] Building CXX object lib/usd/schemas/CMakeFiles/_schemas.dir/wrapALMayaReference.cpp.o
    [363/673] Building CXX object lib/usd/utils/CMakeFiles/mayaUsdUtils.dir/DiffCore.cpp.o
    [364/673] Building CXX object lib/usd/schemas/CMakeFiles/mayaUsd_Schemas.dir/ModuleDeps.cpp.o
    [365/673] Linking CXX shared library lib/usd/schemas/libmayaUsd_Schemas.dylib
    [366/673] Linking CXX shared library lib/usd/schemas/_schemas.so
    [367/673] Building CXX object lib/usd/utils/CMakeFiles/mayaUsdUtils.dir/DiffAttributes.cpp.o
    [368/673] Building CXX object lib/usd/utils/CMakeFiles/mayaUsdUtils.dir/DiffDictionaries.cpp.o
    [369/673] Building CXX object lib/usd/utils/CMakeFiles/mayaUsdUtils.dir/DiffMetadatas.cpp.o
    [370/673] Building CXX object lib/usd/utils/CMakeFiles/mayaUsdUtils.dir/DiffLists.cpp.o
    [371/673] Building CXX object lib/usd/utils/CMakeFiles/mayaUsdUtils.dir/DiffRelationships.cpp.o
    [372/673] Building CXX object lib/usd/utils/CMakeFiles/mayaUsdUtils.dir/DiffPrims.cpp.o
    [373/673] Copying exportCommand.h ...
    [374/673] Copying exportTranslator.h ...
    [375/673] Copying translatorModelAssembly.h ...
    [376/673] Copying editUtil.h ...
    [377/673] Copying api.h ...
    [378/673] Copying importCommand.h ...
    [379/673] Copying importTranslator.h ...
    [380/673] Copying listShadingModesCommand.h ...
    [381/673] Copying proxyShape.h ...
    [382/673] Copying referenceAssembly.h ...
    [383/673] Copying readJobWithSceneAssembly.h ...
    [384/673] Copying instancerShapeAdapterWithSceneAssembly.h ...
    [385/673] Generating __init__.pyc
    [386/673] Generating AEpxrUsdReferenceAssemblyTemplate.pyc
    [387/673] Generating userExportedAttributesUI.pyc
    [388/673] Building CXX object lib/usd/utils/CMakeFiles/mayaUsdUtils.dir/DiffValues.cpp.o
    [389/673] Building CXX object lib/usd/utils/CMakeFiles/mayaUsdUtils.dir/MergePrims.cpp.o
    [390/673] Building CXX object lib/usd/utils/CMakeFiles/mayaUsdUtils.dir/util.cpp.o
    [391/673] Linking CXX shared library lib/usd/utils/libmayaUsdUtils.dylib
    [392/673] Linking CXX executable test/lib/usd/utils/testMergePrims
    [393/673] Linking CXX executable test/lib/usd/utils/testDiffComputeOverall
    [394/673] Linking CXX executable test/lib/usd/utils/testDiffPrims
    [395/673] Linking CXX executable test/lib/usd/utils/testDiffDictionaries
    [396/673] Linking CXX executable test/lib/usd/utils/testDiffLists
    [397/673] Linking CXX executable test/lib/usd/utils/testDiffAttributes
    [398/673] Linking CXX executable test/lib/usd/utils/testDiffCore
    [399/673] Linking CXX executable test/lib/usd/utils/testDiffMetadatas
    [400/673] Linking CXX executable test/lib/usd/utils/testDiffValues
    [401/673] Linking CXX executable test/lib/usd/utils/testDiffRelationships
    [402/673] Linking CXX shared library lib/mayaUsd/libmayaUsd.dylib
    [403/673] Linking CXX shared library test/lib/usd/plugin/libusdTestApiWriter.dylib
    [404/673] Linking CXX shared library test/lib/usd/plugin/libusdTestUsdPlugin.dylib
    [405/673] Linking CXX shared library test/lib/usd/plugin/usdTestInfoImportChaser.bundle
    [406/673] Linking CXX shared library test/lib/usd/plugin/usdTestMayaPlugin.bundle
    [407/673] Linking CXX shared library lib/mayaUsd/python/_mayaUsd.so
    [408/673] Linking CXX shared library lib/mayaUsd/ufe/_ufe.so
    [409/673] Linking CXX shared library lib/usd/hdMaya/libhdMaya.dylib
    [410/673] Linking CXX shared library lib/mayaUsd/render/mayaToHydra/mtoh.bundle
    [411/673] Linking CXX shared library lib/usd/pxrUsdPreviewSurface/libbasePxrUsdPreviewSurface.dylib
    [412/673] Building CXX object plugin/pxr/maya/lib/usdMaya/CMakeFiles/usdMaya.dir/readJob_ImportWithProxies.cpp.o
    [413/673] Linking CXX shared library lib/usd/translators/libmayaUsd_Translators.dylib
    [414/673] Building CXX object plugin/pxr/maya/lib/usdMaya/CMakeFiles/usdMaya.dir/readJobWithSceneAssembly.cpp.o
    [415/673] Building CXX object plugin/pxr/maya/lib/usdMaya/CMakeFiles/usdMaya.dir/instancerShapeAdapterWithSceneAssembly.cpp.o
    [416/673] Building CXX object plugin/pxr/maya/lib/usdMaya/CMakeFiles/usdMaya.dir/editUtil.cpp.o
    [417/673] Building CXX object plugin/pxr/maya/lib/usdMaya/CMakeFiles/usdMaya.dir/translatorModelAssembly.cpp.o
    [418/673] Building CXX object plugin/pxr/maya/lib/usdMaya/CMakeFiles/usdMaya.dir/exportCommand.cpp.o
    [419/673] Automatic MOC and UIC for target mayaUsdUI
    [420/673] Automatic RCC for layerEditor/resources.qrc
    [421/673] Automatic RCC for importDialog/images/ui.qrc
    [422/673] Building CXX object plugin/pxr/maya/lib/usdMaya/CMakeFiles/usdMaya.dir/exportTranslator.cpp.o
    [423/673] Building CXX object plugin/pxr/maya/lib/usdMaya/CMakeFiles/usdMaya.dir/importCommand.cpp.o
    [424/673] Building CXX object plugin/pxr/maya/lib/usdMaya/CMakeFiles/usdMaya.dir/importTranslator.cpp.o
    [425/673] Building CXX object lib/usd/ui/CMakeFiles/mayaUsdUI.dir/layerEditor/dirtyLayersCountBadge.cpp.o
    [426/673] Building CXX object lib/usd/ui/CMakeFiles/mayaUsdUI.dir/layerEditor/generatedIconButton.cpp.o
    [427/673] Building CXX object lib/usd/ui/CMakeFiles/mayaUsdUI.dir/mayaUsdUI_autogen/mocs_compilation.cpp.o
    [428/673] Building CXX object lib/usd/ui/CMakeFiles/mayaUsdUI.dir/layerEditor/layerEditorWidget.cpp.o
    [429/673] Building CXX object lib/usd/ui/CMakeFiles/mayaUsdUI.dir/layerEditor/layerTreeItemDelegate.cpp.o
    [430/673] Building CXX object lib/usd/ui/CMakeFiles/mayaUsdUI.dir/layerEditor/layerTreeItem.cpp.o
    [431/673] Building CXX object lib/usd/ui/CMakeFiles/mayaUsdUI.dir/layerEditor/layerTreeModel.cpp.o
    [432/673] Building CXX object lib/usd/ui/CMakeFiles/mayaUsdUI.dir/layerEditor/mayaCommandHook.cpp.o
    [433/673] Building CXX object lib/usd/ui/CMakeFiles/mayaUsdUI.dir/layerEditor/layerTreeView.cpp.o
    [434/673] Building CXX object lib/usd/ui/CMakeFiles/mayaUsdUI.dir/layerEditor/loadLayersDialog.cpp.o
    [435/673] Building CXX object lib/usd/ui/CMakeFiles/mayaUsdUI.dir/layerEditor/mayaQtUtils.cpp.o
    [436/673] Building CXX object lib/usd/ui/CMakeFiles/mayaUsdUI.dir/layerEditor/mayaLayerEditorWindow.cpp.o
    [437/673] Building CXX object lib/usd/ui/CMakeFiles/mayaUsdUI.dir/layerEditor/qtUtils.cpp.o
    [438/673] Building CXX object lib/usd/ui/CMakeFiles/mayaUsdUI.dir/layerEditor/pathChecker.cpp.o
    [439/673] Building CXX object lib/usd/ui/CMakeFiles/mayaUsdUI.dir/layerEditor/mayaSessionState.cpp.o
    [440/673] Building CXX object lib/usd/ui/CMakeFiles/mayaUsdUI.dir/layerEditor/stringResources.cpp.o
    [441/673] Building CXX object lib/usd/ui/CMakeFiles/mayaUsdUI.dir/layerEditor/sessionState.cpp.o
    [442/673] Building CXX object lib/usd/ui/CMakeFiles/mayaUsdUI.dir/layerEditor/warningDialogs.cpp.o
    [443/673] Building CXX object lib/usd/ui/CMakeFiles/mayaUsdUI.dir/layerEditor/stageSelectorWidget.cpp.o
    [444/673] Building CXX object lib/usd/ui/CMakeFiles/mayaUsdUI.dir/layerEditor/saveLayersDialog.cpp.o
    [445/673] Building CXX object lib/usd/ui/CMakeFiles/mayaUsdUI.dir/layerEditor/batchSaveLayersUIDelegate.cpp.o
    [446/673] Building CXX object lib/usd/ui/CMakeFiles/mayaUsdUI.dir/importDialog/TreeItem.cpp.o
    [447/673] Building CXX object lib/usd/ui/CMakeFiles/mayaUsdUI.dir/importDialog/ItemDelegate.cpp.o
    [448/673] Building CXX object lib/usd/ui/CMakeFiles/mayaUsdUI.dir/importDialog/TreeModel.cpp.o
    [449/673] Building CXX object lib/usd/ui/CMakeFiles/mayaUsdUI.dir/importDialog/TreeModelFactory.cpp.o
    [450/673] Building CXX object lib/usd/ui/CMakeFiles/mayaUsdUI.dir/importDialog/USDQtUtil.cpp.o
    [451/673] Building CXX object lib/usd/ui/CMakeFiles/mayaUsdUI.dir/mayaUsdUI_autogen/AUCU3ACLTF/qrc_ui.cpp.o
    [452/673] Building CXX object lib/usd/ui/CMakeFiles/mayaUsdUI.dir/mayaUsdUI_autogen/5WMDHDZAMM/qrc_resources.cpp.o
    [453/673] Building CXX object lib/usd/ui/CMakeFiles/mayaUsdUI.dir/initStringResources.cpp.o
    [454/673] Building CXX object plugin/pxr/maya/lib/usdMaya/CMakeFiles/usdMaya.dir/listShadingModesCommand.cpp.o
    [455/673] Building CXX object lib/usd/ui/CMakeFiles/mayaUsdUI.dir/importDialog/USDImportDialogCmd.cpp.o
    [456/673] Building CXX object lib/usd/ui/CMakeFiles/mayaUsdUI.dir/importDialog/USDImportDialog.cpp.o
    [457/673] Building CXX object plugin/pxr/maya/lib/usdMaya/CMakeFiles/_usdMaya.dir/module.cpp.o
    [458/673] Linking CXX shared library lib/usd/ui/libmayaUsdUI.dylib
    [459/673] Automatic MOC and UIC for target testMayaUsdUI
    [460/673] Building CXX object lib/usd/ui/importDialogDemo/CMakeFiles/testMayaUsdUI.dir/testMayaUsdUI_autogen/mocs_compilation.cpp.o
    [461/673] Building CXX object plugin/pxr/maya/lib/usdMaya/CMakeFiles/_usdMaya.dir/wrapAssembly.cpp.o
    [462/673] Building CXX object lib/usd/ui/importDialogDemo/CMakeFiles/testMayaUsdUI.dir/testMayaUsdUI.cpp.o
    [463/673] Linking CXX executable lib/usd/ui/importDialogDemo/testMayaUsdUI
    [464/673] Copying api.h ...
    [465/673] Building CXX object plugin/pxr/maya/lib/usdMaya/CMakeFiles/usdMaya.dir/proxyShape.cpp.o
    [466/673] Building CXX object plugin/pxr/maya/lib/usdMaya/CMakeFiles/usdMaya.dir/referenceAssembly.cpp.o
    [467/673] Linking CXX shared library plugin/pxr/maya/lib/usdMaya/libusdMaya.dylib
    [468/673] Building CXX object plugin/pxr/maya/lib/usdMaya/CMakeFiles/_usdMaya.dir/wrapEditUtil.cpp.o
    [469/673] Linking CXX shared library plugin/pxr/maya/lib/usdMaya/_usdMaya.so
    [470/673] Copying api.h ...
    [471/673] Building CXX object plugin/pxr/maya/plugin/pxrUsd/CMakeFiles/pxrUsd.dir/alembicChaser.cpp.o
    [472/673] Building CXX object plugin/al/utils/AL/CMakeFiles/AL_EventSystem.dir/event/EventHandler.cpp.o
    [473/673] Linking CXX shared library plugin/al/utils/AL/libAL_EventSystem.dylib
    [474/673] Building CXX object plugin/pxr/maya/plugin/pxrUsd/CMakeFiles/pxrUsd.dir/plugin.cpp.o
    [475/673] Building CXX object plugin/al/mayatest/AL/maya/test/CMakeFiles/AL_MayaTest.dir/testHarness.cpp.o
    [476/673] Building CXX object plugin/pxr/maya/plugin/pxrUsd/CMakeFiles/pxrUsd.dir/usdTranslator.cpp.o
    [477/673] Linking CXX shared library plugin/pxr/maya/plugin/pxrUsd/pxrUsd.bundle
    [478/673] Building CXX object plugin/al/mayatest/AL/maya/test/CMakeFiles/AL_MayaTest.dir/testHelpers.cpp.o
    [479/673] Linking CXX shared library plugin/al/mayatest/AL/maya/test/libAL_MayaTest.dylib
    [480/673] Building CXX object plugin/al/mayautils/AL/maya/CMakeFiles/AL_MayaUtils.dir/utils/FileTranslatorOptions.cpp.o
    [481/673] Building CXX object plugin/pxr/maya/plugin/pxrUsdPreviewSurface/CMakeFiles/pxrUsdPreviewSurface.dir/plugin.cpp.o
    [482/673] Linking CXX shared library plugin/pxr/maya/plugin/pxrUsdPreviewSurface/pxrUsdPreviewSurface.bundle
    [483/673] Building CXX object plugin/al/mayautils/AL/maya/CMakeFiles/AL_MayaUtils.dir/utils/MenuBuilder.cpp.o
    [484/673] Building CXX object plugin/al/mayautils/AL/maya/CMakeFiles/AL_MayaUtils.dir/utils/Utils.cpp.o
    [485/673] Building CXX object plugin/al/mayautils/AL/maya/CMakeFiles/AL_MayaUtils.dir/utils/PluginTranslatorOptions.cpp.o
    [486/673] Building CXX object plugin/al/mayautils/AL/maya/CMakeFiles/AL_MayaUtils.dir/utils/NodeHelper.cpp.o
    [487/673] Building CXX object plugin/al/mayautils/AL/maya/CMakeFiles/AL_MayaUtils.dir/utils/CommandGuiHelper.cpp.o
    [488/673] Building CXX object plugin/al/mayautils/AL/maya/CMakeFiles/AL_MayaUtils.dir/event/MayaEventManager.cpp.o
    [489/673] Linking CXX shared library plugin/al/mayautils/AL/maya/libAL_MayaUtils.dylib
    [490/673] Building CXX object plugin/al/mayautils/AL/maya/tests/mayaplugintest/CMakeFiles/AL_MayaUtilsTests.dir/plugin.cpp.o
    [491/673] Building CXX object plugin/al/mayautils/AL/maya/tests/mayaplugintest/CMakeFiles/AL_MayaUtilsTests.dir/test_mobjectmap.cpp.o
    [492/673] Building CXX object plugin/al/mayautils/AL/maya/tests/mayaplugintest/CMakeFiles/AL_MayaUtilsTests.dir/utils/CommandGuiHelperTest.cpp.o
    [493/673] Building CXX object plugin/al/mayautils/AL/maya/tests/mayaplugintest/CMakeFiles/AL_MayaUtilsTests.dir/test_maya_MenuBuilder.cpp.o
    [494/673] Building CXX object plugin/al/mayautils/AL/maya/tests/mayaplugintest/CMakeFiles/AL_MayaUtilsTests.dir/utils/NodeHelperUnitTest.cpp.o
    [495/673] Building CXX object plugin/al/mayautils/AL/maya/tests/mayaplugintest/CMakeFiles/AL_MayaUtilsTests.dir/test_maya_NodeHelper.cpp.o
    [496/673] Building CXX object plugin/al/mayautils/AL/maya/tests/mayaplugintest/CMakeFiles/AL_MayaUtilsTests.dir/utils/PluginTranslatorOptionsTest.cpp.o
    [497/673] Linking CXX shared library plugin/al/mayautils/AL/maya/tests/mayaplugintest/AL_MayaUtilsTests.bundle
    [498/673] Building CXX object plugin/al/usdmayautils/AL/usdmaya/utils/CMakeFiles/AL_USDMayaUtils.dir/AttributeType.cpp.o
    [499/673] Building CXX object plugin/al/usdmayautils/AL/usdmaya/utils/CMakeFiles/AL_USDMayaUtils.dir/AnimationTranslator.cpp.o
    [500/673] Building CXX object plugin/al/usdmayautils/AL/usdmaya/utils/CMakeFiles/AL_USDMayaUtils.dir/Utils.cpp.o
    [501/673] Building CXX object plugin/al/usdmayautils/AL/usdmaya/utils/CMakeFiles/AL_USDMayaUtils.dir/NurbsCurveUtils.cpp.o
    [502/673] Building CXX object plugin/al/usdtransaction/AL/usd/transaction/CMakeFiles/_AL_USDTransaction.dir/module.cpp.o
    [503/673] Building CXX object plugin/al/usdmayautils/AL/usdmaya/utils/CMakeFiles/AL_USDMayaUtils.dir/MeshUtils.cpp.o
    [504/673] Building CXX object plugin/al/usdmayautils/AL/usdmaya/utils/CMakeFiles/AL_USDMayaUtils.dir/DiffPrimVar.cpp.o
    [505/673] Building CXX object plugin/al/usdmayautils/AL/usdmaya/utils/CMakeFiles/AL_USDMayaUtils.dir/DgNodeHelper.cpp.o
    [506/673] Linking CXX shared library plugin/al/usdmayautils/AL/usdmaya/utils/libAL_USDMayaUtils.dylib
    [507/673] Building CXX object plugin/al/usdtransaction/AL/usd/transaction/CMakeFiles/_AL_USDTransaction.dir/wrapNotice.cpp.o
    [508/673] Building CXX object plugin/al/usdtransaction/AL/usd/transaction/CMakeFiles/AL_USDTransaction.dir/Notice.cpp.o
    [509/673] Building CXX object plugin/al/usdtransaction/AL/usd/transaction/CMakeFiles/_AL_USDTransaction.dir/wrapTransaction.cpp.o
    [510/673] Building CXX object plugin/al/usdtransaction/AL/usd/transaction/tests/CMakeFiles/AL_USDTransactionTests.dir/testMain.cpp.o
    [511/673] Building CXX object plugin/al/usdtransaction/AL/usd/transaction/CMakeFiles/_AL_USDTransaction.dir/wrapTransactionManager.cpp.o
    [512/673] Building CXX object plugin/al/usdtransaction/AL/usd/transaction/CMakeFiles/AL_USDTransaction.dir/Transaction.cpp.o
    [513/673] Building CXX object plugin/al/lib/AL_USDMaya/CMakeFiles/_AL_USDMaya.dir/AL/usdmaya/module.cpp.o
    [514/673] Building CXX object plugin/al/usdtransaction/AL/usd/transaction/CMakeFiles/AL_USDTransaction.dir/TransactionManager.cpp.o
    [515/673] Linking CXX shared library plugin/al/usdtransaction/AL/usd/transaction/libAL_USDTransaction.dylib
    [516/673] Linking CXX shared library plugin/al/usdtransaction/AL/usd/transaction/_AL_USDTransaction.so
    [517/673] Building CXX object plugin/al/usdtransaction/AL/usd/transaction/tests/CMakeFiles/AL_USDTransactionTests.dir/testTransactionManager.cpp.o
    [518/673] Building CXX object plugin/al/lib/AL_USDMaya/CMakeFiles/_AL_USDMaya.dir/AL/usdmaya/wrapStageCache.cpp.o
    [519/673] Building CXX object plugin/al/usdtransaction/AL/usd/transaction/tests/CMakeFiles/AL_USDTransactionTests.dir/testTransaction.cpp.o
    [520/673] Linking CXX executable plugin/al/usdtransaction/AL/usd/transaction/tests/AL_USDTransactionTests
    [521/673] Building CXX object plugin/al/lib/AL_USDMaya/CMakeFiles/_AL_USDMaya.dir/AL/usdmaya/nodes/wrapLayerManager.cpp.o
    [522/673] Building CXX object plugin/al/lib/AL_USDMaya/CMakeFiles/AL_USDMaya.dir/AL/usdmaya/DebugCodes.cpp.o
    [523/673] Building CXX object plugin/al/lib/AL_USDMaya/CMakeFiles/_AL_USDMaya.dir/AL/usdmaya/nodes/wrapProxyShape.cpp.o
    [524/673] Building CXX object plugin/al/lib/AL_USDMaya/CMakeFiles/AL_USDMaya.dir/AL/usdmaya/Metadata.cpp.o
    [525/673] Building CXX object plugin/al/lib/AL_USDMaya/CMakeFiles/_AL_USDMaya.dir/AL/usdmaya/fileio/translators/wrapTranslatorContext.cpp.o
    [526/673] Building CXX object plugin/al/lib/AL_USDMaya/CMakeFiles/AL_USDMaya.dir/AL/usdmaya/Global.cpp.o
    [527/673] Building CXX object plugin/al/lib/AL_USDMaya/CMakeFiles/AL_USDMaya.dir/AL/usdmaya/StageCache.cpp.o
    [528/673] Building CXX object plugin/al/lib/AL_USDMaya/CMakeFiles/AL_USDMaya.dir/AL/usdmaya/SelectabilityDB.cpp.o
    [529/673] Building CXX object plugin/al/lib/AL_USDMaya/CMakeFiles/_AL_USDMaya.dir/AL/usdmaya/fileio/translators/wrapTranslatorBase.cpp.o
    [530/673] Building CXX object plugin/al/lib/AL_USDMaya/CMakeFiles/AL_USDMaya.dir/AL/usdmaya/cmds/DebugCommands.cpp.o
    [531/673] Building CXX object plugin/al/lib/AL_USDMaya/CMakeFiles/AL_USDMaya.dir/AL/usdmaya/moduleDeps.cpp.o
    [532/673] Building CXX object plugin/al/lib/AL_USDMaya/CMakeFiles/AL_USDMaya.dir/AL/usdmaya/cmds/EventCommand.cpp.o
    [533/673] Building CXX object plugin/al/lib/AL_USDMaya/CMakeFiles/AL_USDMaya.dir/AL/usdmaya/TransformOperation.cpp.o
    [534/673] Building CXX object plugin/al/lib/AL_USDMaya/CMakeFiles/AL_USDMaya.dir/AL/usdmaya/cmds/CreateUsdPrim.cpp.o
    [535/673] Building CXX object plugin/al/lib/AL_USDMaya/CMakeFiles/AL_USDMaya.dir/AL/usdmaya/cmds/ListTranslators.cpp.o
    [536/673] Building CXX object plugin/al/lib/AL_USDMaya/CMakeFiles/AL_USDMaya.dir/AL/usdmaya/cmds/RendererCommands.cpp.o
    [537/673] Building CXX object plugin/al/lib/AL_USDMaya/CMakeFiles/AL_USDMaya.dir/AL/usdmaya/cmds/LayerCommands.cpp.o
    [538/673] Building CXX object plugin/al/lib/AL_USDMaya/CMakeFiles/AL_USDMaya.dir/AL/usdmaya/cmds/SyncFileIOGui.cpp.o
    [539/673] Building CXX object plugin/al/lib/AL_USDMaya/CMakeFiles/AL_USDMaya.dir/AL/usdmaya/cmds/ProxyShapePostLoadProcess.cpp.o
    [540/673] Building CXX object plugin/al/lib/AL_USDMaya/CMakeFiles/AL_USDMaya.dir/AL/usdmaya/cmds/ProxyShapeCommands.cpp.o
    [541/673] Building CXX object plugin/al/lib/AL_USDMaya/CMakeFiles/AL_USDMaya.dir/AL/usdmaya/cmds/UnloadPrim.cpp.o
    [542/673] Building CXX object plugin/al/lib/AL_USDMaya/CMakeFiles/AL_USDMaya.dir/AL/usdmaya/fileio/AnimationTranslator.cpp.o
    [543/673] Building CXX object plugin/al/lib/AL_USDMaya/CMakeFiles/AL_USDMaya.dir/AL/usdmaya/fileio/ExportTranslator.cpp.o
    [544/673] Building CXX object plugin/al/lib/AL_USDMaya/CMakeFiles/AL_USDMaya.dir/AL/usdmaya/fileio/ImportTranslator.cpp.o
    [545/673] Building CXX object plugin/al/lib/AL_USDMaya/CMakeFiles/AL_USDMaya.dir/AL/usdmaya/fileio/Import.cpp.o
    [546/673] Building CXX object plugin/al/lib/AL_USDMaya/CMakeFiles/AL_USDMaya.dir/AL/usdmaya/fileio/Export.cpp.o
    [547/673] Building CXX object plugin/al/lib/AL_USDMaya/CMakeFiles/AL_USDMaya.dir/AL/usdmaya/fileio/NodeFactory.cpp.o
    [548/673] Building CXX object plugin/al/lib/AL_USDMaya/CMakeFiles/AL_USDMaya.dir/AL/usdmaya/fileio/SchemaPrims.cpp.o
    [549/673] Building CXX object plugin/al/lib/AL_USDMaya/CMakeFiles/AL_USDMaya.dir/AL/usdmaya/fileio/TransformIterator.cpp.o
    [550/673] Building CXX object plugin/al/lib/AL_USDMaya/CMakeFiles/AL_USDMaya.dir/AL/usdmaya/fileio/translators/DagNodeTranslator.cpp.o
    [551/673] Building CXX object plugin/al/lib/AL_USDMaya/CMakeFiles/AL_USDMaya.dir/AL/usdmaya/fileio/translators/DgNodeTranslator.cpp.o
    [552/673] Building CXX object plugin/al/lib/AL_USDMaya/CMakeFiles/AL_USDMaya.dir/AL/usdmaya/fileio/translators/TransformTranslator.cpp.o
    [553/673] Building CXX object plugin/al/lib/AL_USDMaya/CMakeFiles/AL_USDMaya.dir/AL/usdmaya/fileio/translators/TranslatorBase.cpp.o
    [554/673] Building CXX object plugin/al/lib/AL_USDMaya/CMakeFiles/AL_USDMaya.dir/AL/usdmaya/fileio/translators/TranslatorContext.cpp.o
    [555/673] Building CXX object plugin/al/lib/AL_USDMaya/CMakeFiles/AL_USDMaya.dir/AL/usdmaya/fileio/translators/TranslatorTestPlugin.cpp.o
    [556/673] Building CXX object plugin/al/lib/AL_USDMaya/CMakeFiles/AL_USDMaya.dir/AL/usdmaya/fileio/translators/ExtraDataPlugin.cpp.o
    [557/673] Building CXX object plugin/al/lib/AL_USDMaya/CMakeFiles/AL_USDMaya.dir/AL/usdmaya/fileio/translators/TranslatorTestType.cpp.o
    [558/673] Building CXX object plugin/al/lib/AL_USDMaya/CMakeFiles/AL_USDMaya.dir/AL/usdmaya/nodes/Layer.cpp.o
    [559/673] Building CXX object plugin/al/lib/AL_USDMaya/CMakeFiles/AL_USDMaya.dir/AL/usdmaya/fileio/translators/TestExtraDataPlugin.cpp.o
    [560/673] Building CXX object plugin/al/lib/AL_USDMaya/CMakeFiles/AL_USDMaya.dir/AL/usdmaya/nodes/LayerManager.cpp.o
    [561/673] Building CXX object plugin/al/lib/AL_USDMaya/CMakeFiles/AL_USDMaya.dir/AL/usdmaya/nodes/Engine.cpp.o
    [562/673] Building CXX object plugin/al/lib/AL_USDMaya/CMakeFiles/AL_USDMaya.dir/AL/usdmaya/nodes/MeshAnimCreator.cpp.o
    [563/673] Building CXX object plugin/al/lib/AL_USDMaya/CMakeFiles/AL_USDMaya.dir/AL/usdmaya/nodes/MeshAnimDeformer.cpp.o
    [564/673] Building CXX object plugin/al/lib/AL_USDMaya/CMakeFiles/AL_USDMaya.dir/AL/usdmaya/nodes/ProxyDrawOverride.cpp.o
    [565/673] Building CXX object plugin/al/lib/AL_USDMaya/CMakeFiles/AL_USDMaya.dir/AL/usdmaya/nodes/ProxyShapeUI.cpp.o
    [566/673] Building CXX object plugin/al/lib/AL_USDMaya/CMakeFiles/AL_USDMaya.dir/AL/usdmaya/nodes/ProxyShapeSelection.cpp.o
    [567/673] Building CXX object plugin/al/lib/AL_USDMaya/CMakeFiles/AL_USDMaya.dir/AL/usdmaya/nodes/ProxyUsdGeomCamera.cpp.o
    [568/673] Building CXX object plugin/al/lib/AL_USDMaya/CMakeFiles/AL_USDMaya.dir/AL/usdmaya/nodes/ProxyShape.cpp.o
    [569/673] Building CXX object plugin/al/lib/AL_USDMaya/CMakeFiles/AL_USDMaya.dir/AL/usdmaya/nodes/Transform.cpp.o
    [570/673] Building CXX object plugin/al/lib/AL_USDMaya/CMakeFiles/AL_USDMaya.dir/AL/usdmaya/nodes/RendererManager.cpp.o
    [571/673] Building CXX object plugin/al/lib/AL_USDMaya/CMakeFiles/AL_USDMaya.dir/AL/usdmaya/nodes/proxy/LockManager.cpp.o
    [572/673] Building CXX object plugin/al/lib/AL_USDMaya/CMakeFiles/AL_USDMaya.dir/AL/usdmaya/nodes/BasicTransformationMatrix.cpp.o
    [573/673] Building CXX object plugin/al/lib/AL_USDMaya/CMakeFiles/AL_USDMaya.dir/AL/usdmaya/nodes/Scope.cpp.o
    [574/673] Building CXX object plugin/al/lib/AL_USDMaya/CMakeFiles/AL_USDMaya.dir/AL/usdmaya/nodes/proxy/PrimFilter.cpp.o
    [575/673] Building CXX object plugin/al/lib/AL_USDMaya/CMakeFiles/AL_USDMaya.dir/AL/usdmaya/nodes/TransformationMatrix.cpp.o
    [576/673] Building CXX object plugin/al/lib/AL_USDMaya/CMakeFiles/AL_USDMaya.dir/AL/usdmaya/nodes/proxy/ProxyShapeMetaData.cpp.o
    [577/673] Building CXX object plugin/al/lib/AL_USDMaya/CMakeFiles/AL_USDMaya.dir/AL/usdmaya/nodes/proxy/ProxyShapeVariantFallbacks.cpp.o
    [578/673] Linking CXX shared library plugin/al/lib/AL_USDMaya/libAL_USDMaya.dylib
    [579/673] Linking CXX shared library plugin/al/lib/AL_USDMaya/_AL_USDMaya.so
    [580/673] Building CXX object plugin/al/plugin/AL_USDMayaTestPlugin/CMakeFiles/AL_USDMayaTestPlugin.dir/AL/maya/test_EventHandler.cpp.o
    [581/673] Building CXX object plugin/al/plugin/AL_USDMayaPlugin/CMakeFiles/AL_USDMayaPlugin.dir/plugin.cpp.o
    [582/673] Linking CXX shared library plugin/al/plugin/AL_USDMayaPlugin/AL_USDMayaPlugin.bundle
    [583/673] Building CXX object plugin/al/plugin/AL_USDMayaTestPlugin/CMakeFiles/AL_USDMayaTestPlugin.dir/plugin.cpp.o
    [584/673] Building CXX object plugin/al/plugin/AL_USDMayaTestPlugin/CMakeFiles/AL_USDMayaTestPlugin.dir/AL/maya/test_MatrixToSRT.cpp.o
    [585/673] Building CXX object plugin/al/plugin/AL_USDMayaTestPlugin/CMakeFiles/AL_USDMayaTestPlugin.dir/AL/maya/test_MayaEventManager.cpp.o
    [586/673] Building CXX object plugin/al/plugin/AL_USDMayaTestPlugin/CMakeFiles/AL_USDMayaTestPlugin.dir/AL/usdmaya/commands/test_ExportCommands.cpp.o
    [587/673] Building CXX object plugin/al/plugin/AL_USDMayaTestPlugin/CMakeFiles/AL_USDMayaTestPlugin.dir/AL/usdmaya/commands/test_LayerCommands.cpp.o
    [588/673] Building CXX object plugin/al/plugin/AL_USDMayaTestPlugin/CMakeFiles/AL_USDMayaTestPlugin.dir/AL/usdmaya/commands/test_InternalProxySelection.cpp.o
    [589/673] Building CXX object plugin/al/plugin/AL_USDMayaTestPlugin/CMakeFiles/AL_USDMayaTestPlugin.dir/AL/usdmaya/commands/test_LayerManagerCommands.cpp.o
    [590/673] Building CXX object plugin/al/plugin/AL_USDMayaTestPlugin/CMakeFiles/AL_USDMayaTestPlugin.dir/AL/usdmaya/commands/test_TranslateCommand.cpp.o
    [591/673] Building CXX object plugin/al/plugin/AL_USDMayaTestPlugin/CMakeFiles/AL_USDMayaTestPlugin.dir/AL/usdmaya/commands/test_ProxyShapeImport.cpp.o
    [592/673] Building CXX object plugin/al/plugin/AL_USDMayaTestPlugin/CMakeFiles/AL_USDMayaTestPlugin.dir/AL/usdmaya/fileio/export_blendshape.cpp.o
    [593/673] Building CXX object plugin/al/plugin/AL_USDMayaTestPlugin/CMakeFiles/AL_USDMayaTestPlugin.dir/AL/usdmaya/fileio/export_constraints.cpp.o
    [594/673] Building CXX object plugin/al/plugin/AL_USDMayaTestPlugin/CMakeFiles/AL_USDMayaTestPlugin.dir/AL/usdmaya/fileio/export_ik.cpp.o
    [595/673] Building CXX object plugin/al/plugin/AL_USDMayaTestPlugin/CMakeFiles/AL_USDMayaTestPlugin.dir/AL/usdmaya/fileio/export_import_instancing.cpp.o
    [596/673] Building CXX object plugin/al/plugin/AL_USDMayaTestPlugin/CMakeFiles/AL_USDMayaTestPlugin.dir/AL/usdmaya/fileio/export_lattice.cpp.o
    [597/673] Building CXX object plugin/al/plugin/AL_USDMayaTestPlugin/CMakeFiles/AL_USDMayaTestPlugin.dir/AL/usdmaya/fileio/export_multiple_shapes.cpp.o
    [598/673] Building CXX object plugin/al/plugin/AL_USDMayaTestPlugin/CMakeFiles/AL_USDMayaTestPlugin.dir/AL/usdmaya/fileio/export_nonlinear.cpp.o
    [599/673] Building CXX object plugin/al/plugin/AL_USDMayaTestPlugin/CMakeFiles/AL_USDMayaTestPlugin.dir/AL/usdmaya/fileio/export_unmerged.cpp.o
    [600/673] Building CXX object plugin/al/plugin/AL_USDMayaTestPlugin/CMakeFiles/AL_USDMayaTestPlugin.dir/AL/usdmaya/fileio/import_instances.cpp.o
    [601/673] Building CXX object plugin/al/plugin/AL_USDMayaTestPlugin/CMakeFiles/AL_USDMayaTestPlugin.dir/AL/usdmaya/fileio/import_playback_range.cpp.o
    [602/673] Building CXX object plugin/al/plugin/AL_USDMayaTestPlugin/CMakeFiles/AL_USDMayaTestPlugin.dir/AL/usdmaya/commands/test_ProxyShapeSelect.cpp.o
    [603/673] Building CXX object plugin/al/plugin/AL_USDMayaTestPlugin/CMakeFiles/AL_USDMayaTestPlugin.dir/AL/usdmaya/fileio/test_activeInActiveTranslators.cpp.o
    [604/673] Building CXX object plugin/al/plugin/AL_USDMayaTestPlugin/CMakeFiles/AL_USDMayaTestPlugin.dir/AL/usdmaya/nodes/proxy/test_PrimFilter.cpp.o
    [605/673] Building CXX object plugin/al/plugin/AL_USDMayaTestPlugin/CMakeFiles/AL_USDMayaTestPlugin.dir/AL/usdmaya/nodes/test_ActiveInactive.cpp.o
    [606/673] Building CXX object plugin/al/plugin/AL_USDMayaTestPlugin/CMakeFiles/AL_USDMayaTestPlugin.dir/AL/usdmaya/nodes/test_ExtraDataPlugin.cpp.o
    [607/673] Building CXX object plugin/al/plugin/AL_USDMayaTestPlugin/CMakeFiles/AL_USDMayaTestPlugin.dir/AL/usdmaya/nodes/test_LayerManager.cpp.o
    [608/673] Building CXX object plugin/al/plugin/AL_USDMayaTestPlugin/CMakeFiles/AL_USDMayaTestPlugin.dir/AL/usdmaya/nodes/test_lockPrims.cpp.o
    [609/673] Building CXX object plugin/al/plugin/AL_USDMayaTestPlugin/CMakeFiles/AL_USDMayaTestPlugin.dir/AL/usdmaya/nodes/test_ProxyShapeSelectabilityDB.cpp.o
    [610/673] Building CXX object plugin/al/plugin/AL_USDMayaTestPlugin/CMakeFiles/AL_USDMayaTestPlugin.dir/AL/usdmaya/nodes/test_Transform.cpp.o
    [611/673] Building CXX object plugin/al/plugin/AL_USDMayaTestPlugin/CMakeFiles/AL_USDMayaTestPlugin.dir/AL/usdmaya/nodes/test_ProxyShape.cpp.o
    [612/673] Building CXX object plugin/al/plugin/AL_USDMayaTestPlugin/CMakeFiles/AL_USDMayaTestPlugin.dir/AL/usdmaya/nodes/test_ProxyUsdGeomCamera.cpp.o
    [613/673] Building CXX object plugin/al/plugin/AL_USDMayaTestPlugin/CMakeFiles/AL_USDMayaTestPlugin.dir/AL/usdmaya/nodes/test_ScopeMatrix.cpp.o
    [614/673] Building CXX object plugin/al/plugin/AL_USDMayaTestPlugin/CMakeFiles/AL_USDMayaTestPlugin.dir/AL/usdmaya/nodes/test_VariantFallbacks.cpp.o
    [615/673] Building CXX object plugin/al/plugin/AL_USDMayaTestPlugin/CMakeFiles/AL_USDMayaTestPlugin.dir/AL/usdmaya/nodes/test_TranslatorContext.cpp.o
    [616/673] Building CXX object plugin/al/plugin/AL_USDMayaTestPlugin/CMakeFiles/AL_USDMayaTestPlugin.dir/AL/usdmaya/nodes/test_TransformMatrix.cpp.o
    [617/673] Building CXX object plugin/al/plugin/AL_USDMayaTestPlugin/CMakeFiles/AL_USDMayaTestPlugin.dir/AL/usdmaya/test_DiffGeom.cpp.o
    [618/673] Building CXX object plugin/al/plugin/AL_USDMayaTestPlugin/CMakeFiles/AL_USDMayaTestPlugin.dir/AL/usdmaya/test_SelectabilityDB.cpp.o
    [619/673] Building CXX object plugin/al/plugin/AL_USDMayaTestPlugin/CMakeFiles/AL_USDMayaTestPlugin.dir/test_translators_AnimationTranslator.cpp.o
    [620/673] Building CXX object plugin/al/plugin/AL_USDMayaTestPlugin/CMakeFiles/AL_USDMayaTestPlugin.dir/AL/usdmaya/test_DiffPrimVar.cpp.o
    [621/673] Building CXX object plugin/al/plugin/AL_USDMayaTestPlugin/CMakeFiles/AL_USDMayaTestPlugin.dir/test_translators_CameraTranslator.cpp.o
    [622/673] Building CXX object plugin/al/plugin/AL_USDMayaTestPlugin/CMakeFiles/AL_USDMayaTestPlugin.dir/test_translators_PythonBindings.cpp.o
    [623/673] Building CXX object plugin/al/plugin/AL_USDMayaTestPlugin/CMakeFiles/AL_USDMayaTestPlugin.dir/test_translators_NurbsCurveTranslator.cpp.o
    [624/673] Building CXX object plugin/al/plugin/AL_USDMayaTestPlugin/CMakeFiles/AL_USDMayaTestPlugin.dir/test_translators_DgTranslator.cpp.o
    [625/673] Building CXX object plugin/al/plugin/AL_USDMayaTestPlugin/CMakeFiles/AL_USDMayaTestPlugin.dir/test_translators_MeshTranslator.cpp.o
    [626/673] Building CXX object plugin/al/plugin/AL_USDMayaTestPlugin/CMakeFiles/AL_USDMayaTestPlugin.dir/test_translators_Translator.cpp.o
    [627/673] Building CXX object plugin/al/schemas/AL/usd/schemas/maya/CMakeFiles/_AL_USDMayaSchemas.dir/module.cpp.o
    [628/673] Building CXX object plugin/al/plugin/AL_USDMayaTestPlugin/CMakeFiles/AL_USDMayaTestPlugin.dir/test_usdmaya.cpp.o
    [629/673] Building CXX object plugin/al/plugin/AL_USDMayaTestPlugin/CMakeFiles/AL_USDMayaTestPlugin.dir/test_translators_TransformTranslator.cpp.o
    [630/673] Building CXX object plugin/al/schemas/AL/usd/schemas/maya/CMakeFiles/_AL_USDMayaSchemas.dir/wrapTokens.cpp.o
    [631/673] Building CXX object plugin/al/plugin/AL_USDMayaTestPlugin/CMakeFiles/AL_USDMayaTestPlugin.dir/test_usdmaya_AttributeType.cpp.o
    [632/673] Building CXX object plugin/al/schemas/AL/usd/schemas/maya/CMakeFiles/_AL_USDMayaSchemas.dir/wrapModelAPI.cpp.o
    [633/673] Building CXX object plugin/al/schemas/AL/usd/schemas/maya/CMakeFiles/AL_USDMayaSchemas.dir/tokens.cpp.o
    [634/673] Building CXX object plugin/al/schemas/AL/usd/schemas/maya/CMakeFiles/_AL_USDMayaSchemas.dir/wrapFrameRange.cpp.o
    [635/673] Building CXX object plugin/al/schemas/AL/usd/schemas/maya/CMakeFiles/AL_USDMayaSchemas.dir/FrameRange.cpp.o
    [636/673] Building CXX object plugin/al/schemas/AL/usd/schemas/maya/CMakeFiles/AL_USDMayaSchemas.dir/ModelAPI.cpp.o
    [637/673] Building CXX object plugin/al/schemas/AL/usd/schemas/maya/tests/CMakeFiles/testMayaSchemas.dir/main.cpp.o
    [638/673] Building CXX object plugin/al/schemas/AL/usd/schemas/maya/CMakeFiles/AL_USDMayaSchemas.dir/ModuleDeps.cpp.o
    [639/673] Linking CXX shared library plugin/al/schemas/AL/usd/schemas/maya/libAL_USDMayaSchemas.dylib
    [640/673] Linking CXX shared library plugin/al/schemas/AL/usd/schemas/maya/_AL_USDMayaSchemas.so
    [641/673] Building CXX object plugin/al/schemas/AL/usd/schemas/mayatest/CMakeFiles/AL_USDMayaSchemasTest.dir/ModuleDeps.cpp.o
    [642/673] Building CXX object plugin/al/schemas/AL/usd/schemas/mayatest/CMakeFiles/AL_USDMayaSchemasTest.dir/tokens.cpp.o
    [643/673] Building CXX object plugin/al/schemas/AL/usd/schemas/mayatest/CMakeFiles/_AL_USDMayaSchemasTest.dir/module.cpp.o
    [644/673] Building CXX object plugin/al/schemas/AL/usd/schemas/maya/tests/CMakeFiles/testMayaSchemas.dir/testMayaSchemas.cpp.o
    [645/673] Building CXX object plugin/al/schemas/AL/usd/schemas/maya/tests/CMakeFiles/testMayaSchemas.dir/testModelAPI.cpp.o
    [646/673] Linking CXX executable plugin/al/schemas/AL/usd/schemas/maya/tests/testMayaSchemas
    [647/673] Building CXX object plugin/al/schemas/AL/usd/schemas/mayatest/CMakeFiles/AL_USDMayaSchemasTest.dir/ExamplePolyCubeNode.cpp.o
    [648/673] Linking CXX shared library plugin/al/schemas/AL/usd/schemas/mayatest/libAL_USDMayaSchemasTest.dylib
    [649/673] Building CXX object plugin/al/schemas/AL/usd/schemas/mayatest/CMakeFiles/_AL_USDMayaSchemasTest.dir/wrapTokens.cpp.o
    [650/673] Linking CXX shared library plugin/al/plugin/AL_USDMayaTestPlugin/AL_USDMayaTestPlugin.bundle
    [651/673] Building CXX object plugin/al/translators/CMakeFiles/AL_USDMayaTranslators.dir/CommonTranslatorOptions.cpp.o
    [652/673] Building CXX object plugin/al/schemas/AL/usd/schemas/mayatest/CMakeFiles/_AL_USDMayaSchemasTest.dir/wrapExamplePolyCubeNode.cpp.o
    [653/673] Linking CXX shared library plugin/al/schemas/AL/usd/schemas/mayatest/_AL_USDMayaSchemasTest.so
    [654/673] Building CXX object plugin/al/translators/CMakeFiles/AL_USDMayaTranslators.dir/MayaReference.cpp.o
    [655/673] Building CXX object plugin/al/translators/CMakeFiles/AL_USDMayaTranslators.dir/Camera.cpp.o
    [656/673] Building CXX object plugin/al/translators/CMakeFiles/AL_USDMayaTranslators.dir/Mesh.cpp.o
    [657/673] Building CXX object plugin/al/translators/CMakeFiles/AL_USDMayaTranslators.dir/FrameRange.cpp.o
    [658/673] Building CXX object plugin/al/translators/pxrUsdTranslators/CMakeFiles/AL_USDMayaPxrTranslators.dir/plugin.cpp.o
    [659/673] Building CXX object plugin/al/translators/CMakeFiles/AL_USDMayaTranslators.dir/NurbsCurve.cpp.o
    [660/673] Building CXX object plugin/al/translators/CMakeFiles/AL_USDMayaTranslators.dir/DirectionalLight.cpp.o
    [661/673] Linking CXX shared library plugin/al/translators/libAL_USDMayaTranslators.dylib
    [662/673] Building CXX object plugin/al/translators/pxrUsdTranslators/CMakeFiles/AL_USDMayaPxrTranslators.dir/ProxyShapeTranslator.cpp.o
    [663/673] Linking CXX shared library plugin/al/translators/pxrUsdTranslators/AL_USDMayaPxrTranslators.bundle
    [664/673] Building CXX object plugin/adsk/plugin/CMakeFiles/mayaUsdPlugin.dir/adskListJobContextsCommand.cpp.o
    [665/673] Building CXX object plugin/adsk/plugin/CMakeFiles/mayaUsdPlugin.dir/adskListShadingModesCommand.cpp.o
    [666/673] Building CXX object plugin/adsk/plugin/CMakeFiles/mayaUsdPlugin.dir/adskImportCommand.cpp.o
    [667/673] Building CXX object plugin/adsk/plugin/CMakeFiles/mayaUsdPlugin.dir/adskExportCommand.cpp.o
    [668/673] Building CXX object plugin/adsk/plugin/CMakeFiles/mayaUsdPlugin.dir/plugin.cpp.o
    [669/673] Building CXX object plugin/adsk/plugin/CMakeFiles/mayaUsdPlugin.dir/adskStageLoadUnloadCommands.cpp.o
    [670/673] Building CXX object plugin/adsk/plugin/CMakeFiles/mayaUsdPlugin.dir/importTranslator.cpp.o
    [671/673] Building CXX object plugin/adsk/plugin/CMakeFiles/mayaUsdPlugin.dir/exportTranslator.cpp.o
    [672/673] Building CXX object plugin/adsk/plugin/CMakeFiles/mayaUsdPlugin.dir/ProxyShape.cpp.o
    [673/673] Linking CXX shared module plugin/adsk/plugin/mayaUsdPlugin.bundle
    
        Building with settings:
          Source directory          /local/S/jenkins/workspace/ecg-mayausd-branch-preflight-2022-python3-osx/ecg-maya-usd/maya-usd
          Workspace directory       /local/S/jenkins/workspace/ecg-mayausd-branch-preflight-2022-python3-osx
          Build directory           /local/S/jenkins/workspace/ecg-mayausd-branch-preflight-2022-python3-osx/build/RelWithDebInfo
          Install directory         /local/S/jenkins/workspace/ecg-mayausd-branch-preflight-2022-python3-osx/install/RelWithDebInfo/MayaUSD
          Variant                   RelWithDebInfo
          Python Debug              Off
          CMake generator           Ninja
          Build arguments           ['-DCMAKE_MAKE_PROGRAM=/local/S/jenkins/workspace/shared/Artifactory/OSX/ninja/1.9.0/41005eb/ninja', '-DPYTHON_INCLUDE_DIR=/local/S/jenkins/workspace/shared/Artifactory/OSX/rundev-2022/202201050615/runtime/cfc11a0/runTime/Maya.app/Contents/Frameworks/Python.framework/Versions/Current/include/python3.7m', '-DPython_EXECUTABLE=/local/S/jenkins/workspace/shared/Artifactory/OSX/rundev-2022/202201050615/runtime/cfc11a0/runTime/Maya.app/Contents/bin/mayapy', '-DPYTHON_LIBRARIES=/local/S/jenkins/workspace/shared/Artifactory/OSX/rundev-2022/202201050615/runtime/cfc11a0/runTime/Maya.app/Contents/Frameworks/Python.framework/Versions/Current/lib/libpython3.7m.dylib', '-DBUILD_WITH_PYTHON_3=ON', '-DCMAKE_WANT_MATERIALX_BUILD=ON', '-DCMAKE_PREFIX_PATH=/local/S/jenkins/workspace/shared/Artifactory/OSX/USD/675817a']
          Stages arguments          ['build']
          CTest arguments           ['-E testUsdReferenceAssemblySelection|testUsdMayaAppDir|TestALUSDMayaPython_LayerManager|testUsdExportAsClip', '-LE interactive', '--parallel 4']
    Success MayaUSD build and install !!!!
    Elapsed time: 00:10:20
[Pipeline] }
[Pipeline] // withEnv
[Pipeline] }
[Pipeline] // stage
[Pipeline] }
[Pipeline] // timestamps
[Pipeline] }
[Pipeline] // timeout
[Pipeline] timeout
Timeout set to expire in 6 hr 0 min
[Pipeline] {
[Pipeline] timestamps
[Pipeline] {
[Pipeline] stage
[Pipeline] { (Install)
[Pipeline] withEnv
[Pipeline] {
[Pipeline] sh
[ecg-mayausd-branch-preflight-2022-python3-osx] Running shell script
+ python ecg-maya-usd/build.py --stages=install --workspace-dir=/local/S/jenkins/workspace/ecg-mayausd-branch-preflight-2022-python3-osx --artifactory-dir=/local/S/jenkins/workspace/shared/Artifactory --build-dir=/local/S/jenkins/workspace/ecg-mayausd-branch-preflight-2022-python3-osx/build --install-dir=/local/S/jenkins/workspace/ecg-mayausd-branch-preflight-2022-python3-osx/install --signing-dir=/local/S/jenkins/workspace/ecg-mayausd-branch-preflight-2022-python3-osx/signing --package-dir=/local/S/jenkins/workspace/ecg-mayausd-branch-preflight-2022-python3-osx/package --output-dir=/local/S/jenkins/workspace/ecg-mayausd-branch-preflight-2022-python3-osx/output --stash-dir=/local/S/jenkins/workspace/ecg-mayausd-branch-preflight-2022-python3-osx/stash --jenkins-build=1089 --git-commit=5b22288fa8bbc013a9bcc0e0cd24b6c7864007d3 --git-branch=master --variants=RelWithDebInfo --python=3.7 --post-zips=false --maya-cut-config=maya-rundev-2022.yaml --stage-banner
Using Maya cut from /local/S/jenkins/workspace/shared/Artifactory/OSX/rundev-2022/202201050615/runtime/cfc11a0

================================================================================
                            install (RelWithDebInfo)
================================================================================
Maya Python RelWithDebInfo Info:
  mayapy executable   = /local/S/jenkins/workspace/shared/Artifactory/OSX/rundev-2022/202201050615/runtime/cfc11a0/runTime/Maya.app/Contents/bin/mayapy
  Include Folder      = /local/S/jenkins/workspace/shared/Artifactory/OSX/rundev-2022/202201050615/runtime/cfc11a0/runTime/Maya.app/Contents/Frameworks/Python.framework/Versions/Current/include/python3.7m
  Library             = /local/S/jenkins/workspace/shared/Artifactory/OSX/rundev-2022/202201050615/runtime/cfc11a0/runTime/Maya.app/Contents/Frameworks/Python.framework/Versions/Current/lib/libpython3.7m.dylib
  site-package Folder = /local/S/jenkins/workspace/shared/Artifactory/OSX/rundev-2022/202201050615/runtime/cfc11a0/runTime/Maya.app/Contents/Frameworks/Python.framework/Versions/Current/lib/python3.7/site-packages
In workdir: /local/S/jenkins/workspace/ecg-mayausd-branch-preflight-2022-python3-osx/ecg-maya-usd/maya-usd
Executing: /local/S/jenkins/workspace/shared/Artifactory/OSX/rundev-2022/202201050615/runtime/cfc11a0/runTime/Maya.app/Contents/bin/mayapy /local/S/jenkins/workspace/ecg-mayausd-branch-preflight-2022-python3-osx/ecg-maya-usd/maya-usd/build.py --generator Ninja --build-relwithdebug --maya-location /local/S/jenkins/workspace/shared/Artifactory/OSX/rundev-2022/202201050615/runtime/cfc11a0/runTime --devkit-location /local/S/jenkins/workspace/shared/Artifactory/OSX/rundev-2022/202201050615/runtime/cfc11a0/devkitBase --pxrusd-location /local/S/jenkins/workspace/shared/Artifactory/OSX/USD/675817a --qt-location /local/S/jenkins/workspace/shared/Artifactory/OSX/qt/5.15.2/e84d5cb --build-args=-DCMAKE_MAKE_PROGRAM=/local/S/jenkins/workspace/shared/Artifactory/OSX/ninja/1.9.0/41005eb/ninja,-DPYTHON_INCLUDE_DIR=/local/S/jenkins/workspace/shared/Artifactory/OSX/rundev-2022/202201050615/runtime/cfc11a0/runTime/Maya.app/Contents/Frameworks/Python.framework/Versions/Current/include/python3.7m,-DPython_EXECUTABLE=/local/S/jenkins/workspace/shared/Artifactory/OSX/rundev-2022/202201050615/runtime/cfc11a0/runTime/Maya.app/Contents/bin/mayapy,-DPYTHON_LIBRARIES=/local/S/jenkins/workspace/shared/Artifactory/OSX/rundev-2022/202201050615/runtime/cfc11a0/runTime/Maya.app/Contents/Frameworks/Python.framework/Versions/Current/lib/libpython3.7m.dylib,-DBUILD_WITH_PYTHON_3=ON,-DCMAKE_WANT_MATERIALX_BUILD=ON,-DCMAKE_PREFIX_PATH=/local/S/jenkins/workspace/shared/Artifactory/OSX/USD/675817a '--ctest-args=-E testUsdReferenceAssemblySelection|testUsdMayaAppDir|TestALUSDMayaPython_LayerManager|testUsdExportAsClip,-LE interactive,--parallel 4' --stages=install --redirect-outstream-file=False --install-location /local/S/jenkins/workspace/ecg-mayausd-branch-preflight-2022-python3-osx/install/RelWithDebInfo/MayaUSD /local/S/jenkins/workspace/ecg-mayausd-branch-preflight-2022-python3-osx
Modified environment variables:
    PATH=/local/S/jenkins/workspace/shared/Artifactory/OSX/cmake/3.14.4/e159059/bin:/usr/local/bin:/bin:/usr/sbin:/sbin:/usr/bin
    [1/8] Automatic MOC and UIC for target mayaUsdUI
    [2/5] Automatic MOC and UIC for target testMayaUsdUI
    [2/3] Install the project...
    -- Install configuration: "RelWithDebInfo"
    
        Building with settings:
          Source directory          /local/S/jenkins/workspace/ecg-mayausd-branch-preflight-2022-python3-osx/ecg-maya-usd/maya-usd
          Workspace directory       /local/S/jenkins/workspace/ecg-mayausd-branch-preflight-2022-python3-osx
          Build directory           /local/S/jenkins/workspace/ecg-mayausd-branch-preflight-2022-python3-osx/build/RelWithDebInfo
          Install directory         /local/S/jenkins/workspace/ecg-mayausd-branch-preflight-2022-python3-osx/install/RelWithDebInfo/MayaUSD
          Variant                   RelWithDebInfo
          Python Debug              Off
          CMake generator           Ninja
          Build arguments           ['-DCMAKE_MAKE_PROGRAM=/local/S/jenkins/workspace/shared/Artifactory/OSX/ninja/1.9.0/41005eb/ninja', '-DPYTHON_INCLUDE_DIR=/local/S/jenkins/workspace/shared/Artifactory/OSX/rundev-2022/202201050615/runtime/cfc11a0/runTime/Maya.app/Contents/Frameworks/Python.framework/Versions/Current/include/python3.7m', '-DPython_EXECUTABLE=/local/S/jenkins/workspace/shared/Artifactory/OSX/rundev-2022/202201050615/runtime/cfc11a0/runTime/Maya.app/Contents/bin/mayapy', '-DPYTHON_LIBRARIES=/local/S/jenkins/workspace/shared/Artifactory/OSX/rundev-2022/202201050615/runtime/cfc11a0/runTime/Maya.app/Contents/Frameworks/Python.framework/Versions/Current/lib/libpython3.7m.dylib', '-DBUILD_WITH_PYTHON_3=ON', '-DCMAKE_WANT_MATERIALX_BUILD=ON', '-DCMAKE_PREFIX_PATH=/local/S/jenkins/workspace/shared/Artifactory/OSX/USD/675817a']
          Stages arguments          ['install']
          CTest arguments           ['-E testUsdReferenceAssemblySelection|testUsdMayaAppDir|TestALUSDMayaPython_LayerManager|testUsdExportAsClip', '-LE interactive', '--parallel 4']
    Success MayaUSD build and install !!!!
    Elapsed time: 00:00:02
[Pipeline] }
[Pipeline] // withEnv
[Pipeline] }
[Pipeline] // stage
[Pipeline] }
[Pipeline] // timestamps
[Pipeline] }
[Pipeline] // timeout
[Pipeline] timeout
Timeout set to expire in 6 hr 0 min
[Pipeline] {
[Pipeline] timestamps
[Pipeline] {
[Pipeline] stage
[Pipeline] { (Test)
[Pipeline] withEnv
[Pipeline] {
[Pipeline] sh
[ecg-mayausd-branch-preflight-2022-python3-osx] Running shell script
+ python ecg-maya-usd/build.py --stages=test --workspace-dir=/local/S/jenkins/workspace/ecg-mayausd-branch-preflight-2022-python3-osx --artifactory-dir=/local/S/jenkins/workspace/shared/Artifactory --build-dir=/local/S/jenkins/workspace/ecg-mayausd-branch-preflight-2022-python3-osx/build --install-dir=/local/S/jenkins/workspace/ecg-mayausd-branch-preflight-2022-python3-osx/install --signing-dir=/local/S/jenkins/workspace/ecg-mayausd-branch-preflight-2022-python3-osx/signing --package-dir=/local/S/jenkins/workspace/ecg-mayausd-branch-preflight-2022-python3-osx/package --output-dir=/local/S/jenkins/workspace/ecg-mayausd-branch-preflight-2022-python3-osx/output --stash-dir=/local/S/jenkins/workspace/ecg-mayausd-branch-preflight-2022-python3-osx/stash --jenkins-build=1089 --git-commit=5b22288fa8bbc013a9bcc0e0cd24b6c7864007d3 --git-branch=master --variants=RelWithDebInfo --python=3.7 --post-zips=false --test-jobs=0 --failed-test-retry=3 --maya-cut-config=maya-rundev-2022.yaml --stage-banner --progressive-timeout
Using Maya cut from /local/S/jenkins/workspace/shared/Artifactory/OSX/rundev-2022/202201050615/runtime/cfc11a0

================================================================================
                             test (RelWithDebInfo)
================================================================================
Maya Python RelWithDebInfo Info:
  mayapy executable   = /local/S/jenkins/workspace/shared/Artifactory/OSX/rundev-2022/202201050615/runtime/cfc11a0/runTime/Maya.app/Contents/bin/mayapy
  Include Folder      = /local/S/jenkins/workspace/shared/Artifactory/OSX/rundev-2022/202201050615/runtime/cfc11a0/runTime/Maya.app/Contents/Frameworks/Python.framework/Versions/Current/include/python3.7m
  Library             = /local/S/jenkins/workspace/shared/Artifactory/OSX/rundev-2022/202201050615/runtime/cfc11a0/runTime/Maya.app/Contents/Frameworks/Python.framework/Versions/Current/lib/libpython3.7m.dylib
  site-package Folder = /local/S/jenkins/workspace/shared/Artifactory/OSX/rundev-2022/202201050615/runtime/cfc11a0/runTime/Maya.app/Contents/Frameworks/Python.framework/Versions/Current/lib/python3.7/site-packages
In workdir: /local/S/jenkins/workspace/ecg-mayausd-branch-preflight-2022-python3-osx/ecg-maya-usd/maya-usd
Executing: /local/S/jenkins/workspace/shared/Artifactory/OSX/rundev-2022/202201050615/runtime/cfc11a0/runTime/Maya.app/Contents/bin/mayapy /local/S/jenkins/workspace/ecg-mayausd-branch-preflight-2022-python3-osx/ecg-maya-usd/maya-usd/build.py --generator Ninja --build-relwithdebug --maya-location /local/S/jenkins/workspace/shared/Artifactory/OSX/rundev-2022/202201050615/runtime/cfc11a0/runTime --devkit-location /local/S/jenkins/workspace/shared/Artifactory/OSX/rundev-2022/202201050615/runtime/cfc11a0/devkitBase --pxrusd-location /local/S/jenkins/workspace/shared/Artifactory/OSX/USD/675817a --qt-location /local/S/jenkins/workspace/shared/Artifactory/OSX/qt/5.15.2/e84d5cb --build-args=-DCMAKE_MAKE_PROGRAM=/local/S/jenkins/workspace/shared/Artifactory/OSX/ninja/1.9.0/41005eb/ninja,-DPYTHON_INCLUDE_DIR=/local/S/jenkins/workspace/shared/Artifactory/OSX/rundev-2022/202201050615/runtime/cfc11a0/runTime/Maya.app/Contents/Frameworks/Python.framework/Versions/Current/include/python3.7m,-DPython_EXECUTABLE=/local/S/jenkins/workspace/shared/Artifactory/OSX/rundev-2022/202201050615/runtime/cfc11a0/runTime/Maya.app/Contents/bin/mayapy,-DPYTHON_LIBRARIES=/local/S/jenkins/workspace/shared/Artifactory/OSX/rundev-2022/202201050615/runtime/cfc11a0/runTime/Maya.app/Contents/Frameworks/Python.framework/Versions/Current/lib/libpython3.7m.dylib,-DBUILD_WITH_PYTHON_3=ON,-DCMAKE_WANT_MATERIALX_BUILD=ON,-DCMAKE_PREFIX_PATH=/local/S/jenkins/workspace/shared/Artifactory/OSX/USD/675817a '--ctest-args=-E testUsdReferenceAssemblySelection|testUsdMayaAppDir|TestALUSDMayaPython_LayerManager|testUsdExportAsClip,-LE interactive,--parallel 4' --stages=test --redirect-outstream-file=False --install-location /local/S/jenkins/workspace/ecg-mayausd-branch-preflight-2022-python3-osx/install/RelWithDebInfo/MayaUSD /local/S/jenkins/workspace/ecg-mayausd-branch-preflight-2022-python3-osx
Modified environment variables:
    PATH=/local/S/jenkins/workspace/shared/Artifactory/OSX/cmake/3.14.4/e159059/bin:/usr/local/bin:/bin:/usr/sbin:/sbin:/usr/bin
    Test project /local/S/jenkins/workspace/ecg-mayausd-branch-preflight-2022-python3-osx/build/RelWithDebInfo
            Start   1: testMayaUsdConverter
            Start   2: testMayaUsdCreateStageCommands
            Start   3: testMayaUsdPythonImport
            Start   4: testMayaUsdLayerEditorCommands
      1/176 Test   #3: testMayaUsdPythonImport .........................   Passed    4.00 sec
            Start   5: testMayaUsdCacheId
      2/176 Test   #1: testMayaUsdConverter ............................   Passed    4.25 sec
            Start   6: testMayaUsdDirtyScene
      3/176 Test   #4: testMayaUsdLayerEditorCommands ..................   Passed    4.41 sec
            Start   7: testMayaUsdProxyAccessor
      4/176 Test   #2: testMayaUsdCreateStageCommands ..................   Passed    4.54 sec
            Start   9: testMayaUsdPlugVersionCheck
      5/176 Test   #5: testMayaUsdCacheId ..............................   Passed    3.99 sec
            Start  10: testDeleteCmd
      6/176 Test   #9: testMayaUsdPlugVersionCheck .....................   Passed    3.98 sec
            Start  11: testMatrices
      7/176 Test   #6: testMayaUsdDirtyScene ...........................   Passed    4.62 sec
            Start  12: testMayaPickwalk
      8/176 Test   #7: testMayaUsdProxyAccessor ........................   Passed    5.70 sec
            Start  13: testPythonWrappers
      9/176 Test  #10: testDeleteCmd ...................................   Passed    4.44 sec
            Start  14: testSelection
     10/176 Test  #11: testMatrices ....................................   Passed    4.43 sec
            Start  15: testSelectionByArray
     11/176 Test  #12: testMayaPickwalk ................................   Passed    4.40 sec
            Start  16: testUfePythonImport
     12/176 Test  #13: testPythonWrappers ..............................   Passed    4.21 sec
            Start  17: testAttributeBlock
     13/176 Test  #14: testSelection ...................................   Passed    4.45 sec
            Start  18: testBlockedLayerEdit
     14/176 Test  #16: testUfePythonImport .............................   Passed    3.74 sec
            Start  19: testAttribute
     15/176 Test  #15: testSelectionByArray ............................   Passed    4.18 sec
            Start  20: testAttributes
     16/176 Test  #17: testAttributeBlock ..............................   Passed    4.51 sec
            Start  21: testChildFilter
     17/176 Test  #18: testBlockedLayerEdit ............................   Passed    4.45 sec
            Start  22: testComboCmd
     18/176 Test  #20: testAttributes ..................................   Passed    4.42 sec
            Start  23: testContextOps
     19/176 Test  #19: testAttribute ...................................   Passed    4.68 sec
            Start  24: testDuplicateCmd
     20/176 Test  #21: testChildFilter .................................   Passed    4.45 sec
            Start  25: testGroupCmd
     21/176 Test  #22: testComboCmd ....................................   Passed    4.63 sec
            Start  26: testMoveCmd
     22/176 Test  #23: testContextOps ..................................   Passed    4.48 sec
            Start  27: testObject3d
     23/176 Test  #24: testDuplicateCmd ................................   Passed    4.52 sec
            Start  28: testRename
     24/176 Test  #25: testGroupCmd ....................................   Passed    4.47 sec
            Start  29: testParentCmd
     25/176 Test  #26: testMoveCmd .....................................   Passed    4.54 sec
            Start  30: testPointInstances
     26/176 Test  #27: testObject3d ....................................   Passed    4.51 sec
            Start  31: testReorderCmd
     27/176 Test  #28: testRename ......................................   Passed    4.73 sec
            Start  32: testRotateCmd
     28/176 Test  #29: testParentCmd ...................................   Passed    4.75 sec
            Start  33: testRotatePivot
     29/176 Test  #31: testReorderCmd ..................................   Passed    4.46 sec
            Start  34: testScaleCmd
     30/176 Test  #30: testPointInstances ..............................   Passed    4.60 sec
            Start  35: testSceneItem
     31/176 Test  #32: testRotateCmd ...................................   Passed    4.50 sec
            Start  36: testTransform3dChainOfResponsibility
     32/176 Test  #33: testRotatePivot .................................   Passed    4.46 sec
            Start  37: testTransform3dTranslate
     33/176 Test  #34: testScaleCmd ....................................   Passed    4.48 sec
            Start  38: testUIInfoHandler
     34/176 Test  #35: testSceneItem ...................................   Passed    4.43 sec
            Start  39: testObservableScene
     35/176 Test  #36: testTransform3dChainOfResponsibility ............   Passed    4.20 sec
            Start  40: testCamera
     36/176 Test  #37: testTransform3dTranslate ........................   Passed    4.46 sec
            Start  41: testPrimReader
     37/176 Test  #39: testObservableScene .............................   Passed    2.39 sec
            Start  42: testPrimWriter
     38/176 Test  #40: testCamera ......................................   Passed    4.19 sec
            Start  43: testExportChaser
     39/176 Test  #38: testUIInfoHandler ...............................   Passed    4.44 sec
            Start  44: testImportChaser
     40/176 Test  #41: testPrimReader ..................................   Passed    4.20 sec
            Start  45: testJobContextRegistry
     41/176 Test  #42: testPrimWriter ..................................   Passed    4.19 sec
            Start  46: testSchemaApiAdaptor
     42/176 Test  #43: testExportChaser ................................   Passed    4.20 sec
            Start  47: testComponentTags
     43/176 Test  #44: testImportChaser ................................   Passed    4.18 sec
            Start  48: testReadWriteUtils
     44/176 Test  #45: testJobContextRegistry ..........................   Passed    4.17 sec
            Start  49: testXformStack
     45/176 Test  #46: testSchemaApiAdaptor ............................   Passed    4.17 sec
            Start  50: testLayerManagerSerialization
     46/176 Test  #47: testComponentTags ...............................   Passed    4.25 sec
            Start  51: testPointBasedDeformerNode
     47/176 Test  #48: testReadWriteUtils ..............................   Passed    4.21 sec
            Start  52: testProxyShapeBase
     48/176 Test  #49: testXformStack ..................................   Passed    4.21 sec
            Start  53: testHdImagingShape
     49/176 Test  #50: testLayerManagerSerialization ...................   Passed    4.61 sec
            Start  85: testUsdUndoManager
     50/176 Test  #51: testPointBasedDeformerNode ......................   Passed    4.14 sec
            Start  86: testBlockSceneModificationContext
     51/176 Test  #52: testProxyShapeBase ..............................   Passed    4.56 sec
            Start  87: testDiagnosticDelegate
     52/176 Test  #53: testHdImagingShape ..............................   Passed    4.41 sec
            Start  88: testUtilsEditability
     53/176 Test  #85: testUsdUndoManager ..............................   Passed    4.03 sec
            Start  91: testPxrUsdPreviewSurfaceDraw
     54/176 Test  #86: testBlockSceneModificationContext ...............   Passed    4.17 sec
            Start  92: testPxrUsdPreviewSurfaceExport
     55/176 Test  #87: testDiagnosticDelegate ..........................   Passed    4.24 sec
            Start  93: testMayaUsdSchemasPythonImport
     56/176 Test  #91: testPxrUsdPreviewSurfaceDraw ....................   Passed    2.42 sec
            Start  94: testMayaUsdSchemasMayaReference
     57/176 Test  #88: testUtilsEditability ............................   Passed    4.16 sec
            Start  95: testDiffCore
     58/176 Test  #95: testDiffCore ....................................   Passed    0.03 sec
            Start  96: testDiffValues
     59/176 Test  #96: testDiffValues ..................................   Passed    0.03 sec
            Start  97: testDiffAttributes
     60/176 Test  #97: testDiffAttributes ..............................   Passed    0.06 sec
            Start  98: testDiffRelationships
     61/176 Test  #98: testDiffRelationships ...........................   Passed    0.05 sec
            Start  99: testDiffDictionaries
     62/176 Test  #99: testDiffDictionaries ............................   Passed    0.02 sec
            Start 100: testDiffLists
     63/176 Test #100: testDiffLists ...................................   Passed    0.02 sec
            Start 101: testDiffComputeOverall
     64/176 Test #101: testDiffComputeOverall ..........................   Passed    0.02 sec
            Start 102: testDiffPrims
     65/176 Test #102: testDiffPrims ...................................   Passed    0.06 sec
            Start 103: testMergePrims
     66/176 Test #103: testMergePrims ..................................   Passed    0.06 sec
            Start 104: testDiffMetadatas
     67/176 Test #104: testDiffMetadatas ...............................   Passed    0.06 sec
            Start 105: testUsdExportAnimation
     68/176 Test  #93: testMayaUsdSchemasPythonImport ..................   Passed    2.90 sec
            Start 106: testUsdExportBindTransform
     69/176 Test  #94: testMayaUsdSchemasMayaReference .................   Passed    2.94 sec
            Start 107: testUsdExportBlendshapes
     70/176 Test  #92: testPxrUsdPreviewSurfaceExport ..................   Passed    4.32 sec
            Start 108: testUsdExportCamera
     71/176 Test #105: testUsdExportAnimation ..........................   Passed    4.11 sec
            Start 109: testUsdExportColorSets
     72/176 Test #106: testUsdExportBindTransform ......................   Passed    4.38 sec
            Start 110: testUsdExportConnected
     73/176 Test #107: testUsdExportBlendshapes ........................   Passed    4.54 sec
            Start 111: testUsdExportDisplacement
     74/176 Test #108: testUsdExportCamera .............................   Passed    4.31 sec
            Start 112: testUsdExportDisplayColor
     75/176 Test #109: testUsdExportColorSets ..........................   Passed    4.41 sec
            Start 113: testUsdExportEulerFilter
     76/176 Test #110: testUsdExportConnected ..........................   Passed    4.25 sec
            Start 114: testUsdExportFileFormat
     77/176 Test #111: testUsdExportDisplacement .......................   Passed    4.39 sec
            Start 115: testUsdExportFilterTypes
     78/176 Test #112: testUsdExportDisplayColor .......................   Passed    4.27 sec
            Start 116: testUsdExportFrameOffset
     79/176 Test #113: testUsdExportEulerFilter ........................   Passed    4.31 sec
            Start 117: testUsdExportGeomSubset
     80/176 Test #114: testUsdExportFileFormat .........................   Passed    4.08 sec
            Start 118: testUsdExportInstances
     81/176 Test #115: testUsdExportFilterTypes ........................   Passed    4.44 sec
            Start 119: testUsdExportLayerAttributes
     82/176 Test #116: testUsdExportFrameOffset ........................   Passed    4.36 sec
            Start 120: testUsdExportLight
     83/176 Test #117: testUsdExportGeomSubset .........................   Passed    4.25 sec
            Start 121: testUsdExportLocator
     84/176 Test #118: testUsdExportInstances ..........................   Passed    4.29 sec
            Start 122: testUsdExportMayaInstancer
     85/176 Test #119: testUsdExportLayerAttributes ....................   Passed    4.00 sec
            Start 123: testUsdExportMesh
     86/176 Test #120: testUsdExportLight ..............................   Passed    4.01 sec
            Start 124: testUsdExportNurbsCurve
     87/176 Test #121: testUsdExportLocator ............................   Passed    4.25 sec
            Start 125: testUsdExportOpenLayer
     88/176 Test #122: testUsdExportMayaInstancer ......................   Passed    4.63 sec
            Start 126: testUsdExportOverImport
     89/176 Test #123: testUsdExportMesh ...............................   Passed    4.44 sec
            Start 127: testUsdExportUsdzPackage
     90/176 Test #124: testUsdExportNurbsCurve .........................   Passed    4.29 sec
            Start 128: testUsdExportUsdPreviewSurface
     91/176 Test #125: testUsdExportOpenLayer ..........................   Passed    4.26 sec
            Start 129: testUsdExportParentScope
     92/176 Test #126: testUsdExportOverImport .........................   Passed    4.11 sec
            Start 130: testUsdExportParticles
     93/176 Test #128: testUsdExportUsdPreviewSurface ..................   Passed    4.12 sec
            Start 131: testUsdExportPref
     94/176 Test #127: testUsdExportUsdzPackage ........................   Passed    4.39 sec
            Start 132: testUsdExportRenderLayerMode
     95/176 Test #129: testUsdExportParentScope ........................   Passed    4.34 sec
            Start 133: testUsdExportRoots
     96/176 Test #132: testUsdExportRenderLayerMode ....................   Passed    2.93 sec
            Start 134: testUsdExportSelection
     97/176 Test #130: testUsdExportParticles ..........................   Passed    4.39 sec
            Start 135: testUsdExportSelectionHierarchy
     98/176 Test #131: testUsdExportPref ...............................   Passed    4.36 sec
            Start 136: testUsdExportShadingInstanced
     99/176 Test #133: testUsdExportRoots ..............................   Passed    4.61 sec
            Start 137: testUsdExportShadingModePxrRis
    100/176 Test #134: testUsdExportSelection ..........................   Passed    4.48 sec
            Start 138: testUsdExportSkeleton
    101/176 Test #135: testUsdExportSelectionHierarchy .................   Passed    4.44 sec
            Start 139: testUsdExportStripNamespaces
    102/176 Test #136: testUsdExportShadingInstanced ...................   Passed    4.35 sec
            Start 140: testUsdExportStroke
    103/176 Test #137: testUsdExportShadingModePxrRis ..................   Passed    4.30 sec
            Start 141: testUsdExportUserTaggedAttributes
    104/176 Test #138: testUsdExportSkeleton ...........................   Passed    4.70 sec
            Start 142: testUsdExportVisibilityDefault
    105/176 Test #139: testUsdExportStripNamespaces ....................   Passed    4.15 sec
            Start 143: testUsdImportAnonymousLayer
    106/176 Test #140: testUsdExportStroke .............................   Passed    4.41 sec
            Start 144: testUsdImportCamera
    107/176 Test #141: testUsdExportUserTaggedAttributes ...............   Passed    4.42 sec
            Start 145: testUsdImportBasisCurves
    108/176 Test #143: testUsdImportAnonymousLayer .....................   Passed    4.16 sec
            Start 146: testUsdImportBatchNurbsCurves
    109/176 Test #142: testUsdExportVisibilityDefault ..................   Passed    4.42 sec
            Start 147: testUsdImportLinearCurves
    110/176 Test #144: testUsdImportCamera .............................   Passed    4.15 sec
            Start 148: testUsdImportNurbsCurves
    111/176 Test #145: testUsdImportBasisCurves ........................   Passed    4.25 sec
            Start 149: testUsdImportBatchBezierCurves
    112/176 Test #146: testUsdImportBatchNurbsCurves ...................   Passed    4.23 sec
            Start 150: testUsdImportColorSets
    113/176 Test #147: testUsdImportLinearCurves .......................   Passed    4.24 sec
            Start 151: testUsdImportDisplacement
    114/176 Test #148: testUsdImportNurbsCurves ........................   Passed    4.25 sec
            Start 152: testUsdImportExportScope
    115/176 Test #149: testUsdImportBatchBezierCurves ..................   Passed    4.29 sec
            Start 153: testUsdImportExportTypelessDefs
    116/176 Test #150: testUsdImportColorSets ..........................   Passed    4.20 sec
            Start 154: testUsdImportFrameRange
    117/176 Test #151: testUsdImportDisplacement .......................   Passed    4.34 sec
            Start 155: testUsdImportFramerates
    118/176 Test #152: testUsdImportExportScope ........................   Passed    4.21 sec
            Start 156: testUsdImportInstances
    119/176 Test #153: testUsdImportExportTypelessDefs .................   Passed    4.13 sec
            Start 157: testUsdImportLight
    120/176 Test #154: testUsdImportFrameRange .........................   Passed    4.19 sec
            Start 158: testUsdImportMayaReference
    121/176 Test #155: testUsdImportFramerates .........................   Passed    4.13 sec
            Start 159: testUsdImportMesh
    122/176 Test #156: testUsdImportInstances ..........................   Passed    4.30 sec
            Start 160: testUsdImportPreviewSurface
    123/176 Test #157: testUsdImportLight ..............................   Passed    4.10 sec
            Start 161: testUsdImportSessionLayer
    124/176 Test #158: testUsdImportMayaReference ......................   Passed    4.22 sec
            Start 162: testUsdImportShadingModeDisplayColor
    125/176 Test #159: testUsdImportMesh ...............................   Passed    4.08 sec
            Start 163: testUsdImportShadingModePxrRis
    126/176 Test #160: testUsdImportPreviewSurface .....................   Passed    4.29 sec
            Start 164: testUsdImportUVSetMappings
    127/176 Test #161: testUsdImportSessionLayer .......................   Passed    4.03 sec
            Start 165: testUsdImportUSDZTextures
    128/176 Test #162: testUsdImportShadingModeDisplayColor ............   Passed    3.98 sec
            Start 166: testUsdExportImportRoundtripPreviewSurface
    129/176 Test #163: testUsdImportShadingModePxrRis ..................   Passed    3.98 sec
            Start 167: testUsdExportImportUDIM
    130/176 Test #164: testUsdImportUVSetMappings ......................   Passed    3.99 sec
            Start 168: testUsdImportSkeleton
    131/176 Test #165: testUsdImportUSDZTextures .......................   Passed    4.29 sec
            Start 169: testUsdImportXforms
    132/176 Test #167: testUsdExportImportUDIM .........................   Passed    4.35 sec
            Start 170: testUsdImportXformAnim
    133/176 Test #166: testUsdExportImportRoundtripPreviewSurface ......   Passed    4.61 sec
            Start 171: testUsdMayaAdaptor
    134/176 Test #168: testUsdImportSkeleton ...........................   Passed    4.32 sec
            Start 172: testUsdMayaAdaptorGeom
    135/176 Test #170: testUsdImportXformAnim ..........................   Passed    4.13 sec
            Start 173: testUsdMayaAdaptorMetadata
    136/176 Test #171: testUsdMayaAdaptor ..............................   Passed    4.16 sec
            Start 174: testUsdMayaAdaptorUndoRedo
    137/176 Test #172: testUsdMayaAdaptorGeom ..........................   Passed    4.11 sec
            Start 175: testUsdExportUVTransforms
    138/176 Test #173: testUsdMayaAdaptorMetadata ......................   Passed    4.49 sec
            Start 176: testUsdExportRfMShaders
    139/176 Test #174: testUsdMayaAdaptorUndoRedo ......................   Passed    4.39 sec
            Start 177: testUsdImportRfMShaders
    140/176 Test #175: testUsdExportUVTransforms .......................   Passed    4.51 sec
            Start 178: testUsdExportUVSets
    141/176 Test #177: testUsdImportRfMShaders .........................   Passed    4.08 sec
            Start 179: testUsdExportUVSetsFloat
    142/176 Test #176: testUsdExportRfMShaders .........................   Passed    4.28 sec
            Start 180: testUsdExportUVSetMappings
    143/176 Test #178: testUsdExportUVSets .............................   Passed    4.31 sec
            Start 181: testUsdImportUVSets
    144/176 Test #179: testUsdExportUVSetsFloat ........................   Passed    4.38 sec
            Start 182: testUsdImportUVSetsFloat
    145/176 Test #180: testUsdExportUVSetMappings ......................   Passed    4.40 sec
            Start 183: testUsdImportChaser
    146/176 Test #181: testUsdImportUVSets .............................   Passed    4.39 sec
            Start 184: testUsdExportCustomConverter-Maya
    147/176 Test #183: testUsdImportChaser .............................   Passed    4.03 sec
            Start 185: testUsdExportCustomConverter-USD
    148/176 Test #182: testUsdImportUVSetsFloat ........................   Passed    4.26 sec
            Start 186: testUsdImportCustomConverter-Maya
    149/176 Test #184: testUsdExportCustomConverter-Maya ...............   Passed    4.35 sec
            Start 187: testUsdImportCustomConverter-USD
    150/176 Test #185: testUsdExportCustomConverter-USD ................   Passed    4.37 sec
            Start 188: testUsdMayaListShadingModesCommand
    151/176 Test #186: testUsdImportCustomConverter-Maya ...............   Passed    4.44 sec
            Start 189: testUsdExportSchemaApi
    152/176 Test #187: testUsdImportCustomConverter-USD ................   Passed    4.38 sec
            Start 190: testUsdExportAssembly
    153/176 Test #188: testUsdMayaListShadingModesCommand ..............   Passed    4.23 sec
            Start 191: testUsdExportAssemblyEdits
    154/176 Test #189: testUsdExportSchemaApi ..........................   Passed    4.47 sec
            Start 192: testUsdExportPackage
    155/176 Test #190: testUsdExportAssembly ...........................   Passed    4.78 sec
            Start 193: testUsdExportPointInstancer
    156/176 Test #191: testUsdExportAssemblyEdits ......................   Passed    4.78 sec
            Start 194: testUsdImportAsAssemblies
    157/176 Test #192: testUsdExportPackage ............................   Passed    4.85 sec
            Start 195: testUsdImportNestedAssemblyAnimation
    158/176 Test #194: testUsdImportAsAssemblies .......................   Passed    4.43 sec
            Start 196: testUsdMayaGetVariantSetSelections
    159/176 Test #195: testUsdImportNestedAssemblyAnimation ............   Passed    4.40 sec
            Start 197: testUsdMayaModelKindProcessor
    160/176 Test #196: testUsdMayaGetVariantSetSelections ..............   Passed    4.91 sec
            Start 198: testUsdMayaReferenceAssemblyEdits
    161/176 Test #197: testUsdMayaModelKindProcessor ...................   Passed    4.85 sec
            Start 199: testUsdReferenceAssemblyChangeRepresentations
    162/176 Test #198: testUsdMayaReferenceAssemblyEdits ...............   Passed    4.87 sec
            Start 200: testPxrUsdAlembicChaser
    163/176 Test #199: testUsdReferenceAssemblyChangeRepresentations ...   Passed    5.07 sec
            Start 201: AL_MayaUtilsTests
    164/176 Test #201: AL_MayaUtilsTests ...............................   Passed    2.41 sec
            Start 202: GTest:AL_USDTransactionTests
    165/176 Test #202: GTest:AL_USDTransactionTests ....................   Passed    0.06 sec
            Start 203: Python:AL_USDTransactionTests
    166/176 Test #203: Python:AL_USDTransactionTests ...................   Passed    0.35 sec
            Start 204: AL_USDMayaTestPlugin
    167/176 Test #193: testUsdExportPointInstancer .....................   Passed   21.43 sec
            Start 205: TestALUSDMayaPython_ProxyShape
    168/176 Test #200: testPxrUsdAlembicChaser .........................   Passed    4.71 sec
            Start 206: TestALUSDMayaPython_Translators
    169/176 Test #205: TestALUSDMayaPython_ProxyShape ..................   Passed    4.87 sec
            Start 207: TestALUSDMayaPython_ImportModule
    170/176 Test #206: TestALUSDMayaPython_Translators .................   Passed    4.82 sec
            Start 208: testMayaSchemas
    171/176 Test #208: testMayaSchemas .................................   Passed    0.06 sec
            Start 209: TestAdditionalTranslators
    172/176 Test #207: TestALUSDMayaPython_ImportModule ................   Passed    1.61 sec
            Start 210: TestPxrUsdTranslators
    173/176 Test #209: TestAdditionalTranslators .......................   Passed    5.72 sec
    174/176 Test #210: TestPxrUsdTranslators ...........................   Passed    4.74 sec
    175/176 Test #204: AL_USDMayaTestPlugin ............................   Passed   16.09 sec
    176/176 Test #169: testUsdImportXforms .............................   Passed   75.38 sec
    
    100% tests passed, 0 tests failed out of 176
    
    Label Time Summary:
    MayaUsd              =  35.49 sec*proc (8 tests)
    fileio               =  29.36 sec*proc (7 tests)
    fileio_utils         =   8.42 sec*proc (2 tests)
    nodes                =  17.71 sec*proc (4 tests)
    translators          = 434.05 sec*proc (85 tests)
    ufe                  = 135.60 sec*proc (31 tests)
    undo                 =   4.03 sec*proc (1 test)
    usdPreviewSurface    =   6.74 sec*proc (2 tests)
    utils                =  12.57 sec*proc (3 tests)
    
    Total Test time (real) = 206.79 sec
    
        Building with settings:
          Source directory          /local/S/jenkins/workspace/ecg-mayausd-branch-preflight-2022-python3-osx/ecg-maya-usd/maya-usd
          Workspace directory       /local/S/jenkins/workspace/ecg-mayausd-branch-preflight-2022-python3-osx
          Build directory           /local/S/jenkins/workspace/ecg-mayausd-branch-preflight-2022-python3-osx/build/RelWithDebInfo
          Install directory         /local/S/jenkins/workspace/ecg-mayausd-branch-preflight-2022-python3-osx/install/RelWithDebInfo/MayaUSD
          Variant                   RelWithDebInfo
          Python Debug              Off
          CMake generator           Ninja
          Build arguments           ['-DCMAKE_MAKE_PROGRAM=/local/S/jenkins/workspace/shared/Artifactory/OSX/ninja/1.9.0/41005eb/ninja', '-DPYTHON_INCLUDE_DIR=/local/S/jenkins/workspace/shared/Artifactory/OSX/rundev-2022/202201050615/runtime/cfc11a0/runTime/Maya.app/Contents/Frameworks/Python.framework/Versions/Current/include/python3.7m', '-DPython_EXECUTABLE=/local/S/jenkins/workspace/shared/Artifactory/OSX/rundev-2022/202201050615/runtime/cfc11a0/runTime/Maya.app/Contents/bin/mayapy', '-DPYTHON_LIBRARIES=/local/S/jenkins/workspace/shared/Artifactory/OSX/rundev-2022/202201050615/runtime/cfc11a0/runTime/Maya.app/Contents/Frameworks/Python.framework/Versions/Current/lib/libpython3.7m.dylib', '-DBUILD_WITH_PYTHON_3=ON', '-DCMAKE_WANT_MATERIALX_BUILD=ON', '-DCMAKE_PREFIX_PATH=/local/S/jenkins/workspace/shared/Artifactory/OSX/USD/675817a']
          Stages arguments          ['test']
          CTest arguments           ['-E testUsdReferenceAssemblySelection|testUsdMayaAppDir|TestALUSDMayaPython_LayerManager|testUsdExportAsClip', '-LE interactive', '--parallel 4']
    Success running MayaUSD tests !!!!
[Pipeline] }
[Pipeline] // withEnv
[Pipeline] }
[Pipeline] // stage
[Pipeline] }
[Pipeline] // timestamps
[Pipeline] }
[Pipeline] // timeout
[Pipeline] timeout
Timeout set to expire in 6 hr 0 min
[Pipeline] {
[Pipeline] timestamps
[Pipeline] {
[Pipeline] stage
[Pipeline] { (Cleanup)
[Pipeline] withEnv
[Pipeline] {
[Pipeline] sh
[ecg-mayausd-branch-preflight-2022-python3-osx] Running shell script
+ python ecg-maya-usd/build.py --stages=cleanup --workspace-dir=/local/S/jenkins/workspace/ecg-mayausd-branch-preflight-2022-python3-osx --artifactory-dir=/local/S/jenkins/workspace/shared/Artifactory --build-dir=/local/S/jenkins/workspace/ecg-mayausd-branch-preflight-2022-python3-osx/build --install-dir=/local/S/jenkins/workspace/ecg-mayausd-branch-preflight-2022-python3-osx/install --signing-dir=/local/S/jenkins/workspace/ecg-mayausd-branch-preflight-2022-python3-osx/signing --package-dir=/local/S/jenkins/workspace/ecg-mayausd-branch-preflight-2022-python3-osx/package --output-dir=/local/S/jenkins/workspace/ecg-mayausd-branch-preflight-2022-python3-osx/output --stash-dir=/local/S/jenkins/workspace/ecg-mayausd-branch-preflight-2022-python3-osx/stash --jenkins-build=1089 --git-commit=5b22288fa8bbc013a9bcc0e0cd24b6c7864007d3 --git-branch=master --variants=RelWithDebInfo --python=3.7 --post-zips=false --maya-cut-config=maya-rundev-2022.yaml --stage-banner
Using Maya cut from /local/S/jenkins/workspace/shared/Artifactory/OSX/rundev-2022/202201050615/runtime/cfc11a0

================================================================================
                               cleanup (Finalize)
================================================================================
Cleaning up workspace
Removing directory: /local/S/jenkins/workspace/ecg-mayausd-branch-preflight-2022-python3-osx/build
Removing directory: /local/S/jenkins/workspace/ecg-mayausd-branch-preflight-2022-python3-osx/install
[Pipeline] }
[Pipeline] // withEnv
[Pipeline] }
[Pipeline] // stage
[Pipeline] }
[Pipeline] // timestamps
[Pipeline] }
[Pipeline] // timeout
[Pipeline] }
[Pipeline] // node
[Pipeline] End of Pipeline
Finished: SUCCESS
