================================================================================
                             setup (RelWithDebInfo)
================================================================================
[Pipeline] }
[Pipeline] // withEnv
[Pipeline] }
[Pipeline] // stage
[Pipeline] }
[Pipeline] // timestamps
[Pipeline] }
[Pipeline] // timeout
[Pipeline] timeout
Timeout set to expire in 6 hr 0 min
[Pipeline] {
[Pipeline] timestamps
[Pipeline] {
[Pipeline] stage
[Pipeline] { (Clean)
[Pipeline] withEnv
[Pipeline] {
[Pipeline] sh
[ecg-mayausd-branch-preflight-2020-linux] Running shell script
+ scl enable devtoolset-6 -
python ecg-maya-usd/build.py --stages=clean --workspace-dir=/local/S/jenkins/workspace/ecg-mayausd-branch-preflight-2020-linux --artifactory-dir=/local/S/jenkins/workspace/shared/Artifactory --build-dir=/local/S/jenkins/workspace/ecg-mayausd-branch-preflight-2020-linux/build --install-dir=/local/S/jenkins/workspace/ecg-mayausd-branch-preflight-2020-linux/install --signing-dir=/local/S/jenkins/workspace/ecg-mayausd-branch-preflight-2020-linux/signing --package-dir=/local/S/jenkins/workspace/ecg-mayausd-branch-preflight-2020-linux/package --output-dir=/local/S/jenkins/workspace/ecg-mayausd-branch-preflight-2020-linux/output --stash-dir=/local/S/jenkins/workspace/ecg-mayausd-branch-preflight-2020-linux/stash --jenkins-build=2107 --git-commit=eadb994eca850350685c82c75246d455e301ac05 --git-branch=master --variants=RelWithDebInfo --python=2.7 --post-zips=false --maya-cut-config=maya-rundev-2020.yaml --stage-banner
Using Maya cut from /local/S/jenkins/workspace/shared/Artifactory/Linux/rundev-2020/202107140359/runtime/a6ca045

================================================================================
                             clean (RelWithDebInfo)
================================================================================
Maya Python RelWithDebInfo Info:
  mayapy executable   = /local/S/jenkins/workspace/shared/Artifactory/Linux/rundev-2020/202107140359/runtime/a6ca045/runTime/bin/mayapy
  Include Folder      = /local/S/jenkins/workspace/shared/Artifactory/Linux/rundev-2020/202107140359/runtime/a6ca045/runTime/include/Python
  Library             = /local/S/jenkins/workspace/shared/Artifactory/Linux/rundev-2020/202107140359/runtime/a6ca045/runTime/lib/libpython2.7.so.1.0
  site-package Folder = /local/S/jenkins/workspace/shared/Artifactory/Linux/rundev-2020/202107140359/runtime/a6ca045/runTime/lib/python2.7/site-packages
In workdir: /home/S/jenkins/workspace/ecg-mayausd-branch-preflight-2020-linux/ecg-maya-usd/maya-usd
Executing: /local/S/jenkins/workspace/shared/Artifactory/Linux/rundev-2020/202107140359/runtime/a6ca045/runTime/bin/mayapy /home/S/jenkins/workspace/ecg-mayausd-branch-preflight-2020-linux/ecg-maya-usd/maya-usd/build.py --generator Ninja --build-relwithdebug --maya-location /local/S/jenkins/workspace/shared/Artifactory/Linux/rundev-2020/202107140359/runtime/a6ca045/runTime --devkit-location /local/S/jenkins/workspace/shared/Artifactory/Linux/rundev-2020/202107140359/runtime/a6ca045/devkitBase --pxrusd-location /local/S/jenkins/workspace/shared/Artifactory/Linux/USD/b45703f --qt-location /local/S/jenkins/workspace/shared/Artifactory/Linux/qt/5.12.5/84f551b --build-args=-DCMAKE_MAKE_PROGRAM=/local/S/jenkins/workspace/shared/Artifactory/Linux/ninja/1.9.0/aca9939/ninja,-DPYTHON_INCLUDE_DIR=/local/S/jenkins/workspace/shared/Artifactory/Linux/rundev-2020/202107140359/runtime/a6ca045/runTime/include/Python,-DPython_EXECUTABLE=/local/S/jenkins/workspace/shared/Artifactory/Linux/rundev-2020/202107140359/runtime/a6ca045/runTime/bin/mayapy,-DPYTHON_LIBRARIES=/local/S/jenkins/workspace/shared/Artifactory/Linux/rundev-2020/202107140359/runtime/a6ca045/runTime/lib/libpython2.7.so.1.0,-DUSD_LIB_PREFIX=lib,-DCMAKE_WANT_MATERIALX_BUILD=ON,-DCMAKE_PREFIX_PATH=/local/S/jenkins/workspace/shared/Artifactory/Linux/USD/b45703f '--ctest-args=-E testUsdReferenceAssemblySelection|testUsdMayaAppDir|AL_MayaUtilsTests|testUsdImportDisplacement|testUsdImportFrameRange,-LE interactive,--parallel 16' --stages=clean --redirect-outstream-file=False --install-location /local/S/jenkins/workspace/ecg-mayausd-branch-preflight-2020-linux/install/RelWithDebInfo/MayaUSD /local/S/jenkins/workspace/ecg-mayausd-branch-preflight-2020-linux
Modified environment variables:
    PATH=/local/S/jenkins/workspace/shared/Artifactory/Linux/cmake/3.14.4/656573b/bin:/opt/rh/devtoolset-6/root/usr/bin:/usr/local/bin:/usr/bin
    LD_LIBRARY_PATH=/opt/rh/devtoolset-6/root/usr/lib64:/opt/rh/devtoolset-6/root/usr/lib64:/opt/rh/devtoolset-6/root/usr/lib
    
        Building with settings:
          Source directory          /home/S/jenkins/workspace/ecg-mayausd-branch-preflight-2020-linux/ecg-maya-usd/maya-usd
          Workspace directory       /local/S/jenkins/workspace/ecg-mayausd-branch-preflight-2020-linux
          Build directory           /local/S/jenkins/workspace/ecg-mayausd-branch-preflight-2020-linux/build/RelWithDebInfo
          Install directory         /local/S/jenkins/workspace/ecg-mayausd-branch-preflight-2020-linux/install/RelWithDebInfo/MayaUSD
          Variant                   RelWithDebInfo
          Python Debug              Off
          CMake generator           Ninja
          Build arguments           ['-DCMAKE_MAKE_PROGRAM=/local/S/jenkins/workspace/shared/Artifactory/Linux/ninja/1.9.0/aca9939/ninja', '-DPYTHON_INCLUDE_DIR=/local/S/jenkins/workspace/shared/Artifactory/Linux/rundev-2020/202107140359/runtime/a6ca045/runTime/include/Python', '-DPython_EXECUTABLE=/local/S/jenkins/workspace/shared/Artifactory/Linux/rundev-2020/202107140359/runtime/a6ca045/runTime/bin/mayapy', '-DPYTHON_LIBRARIES=/local/S/jenkins/workspace/shared/Artifactory/Linux/rundev-2020/202107140359/runtime/a6ca045/runTime/lib/libpython2.7.so.1.0', '-DUSD_LIB_PREFIX=lib', '-DCMAKE_WANT_MATERIALX_BUILD=ON', '-DCMAKE_PREFIX_PATH=/local/S/jenkins/workspace/shared/Artifactory/Linux/USD/b45703f']
          Stages arguments          ['clean']
          CTest arguments           ['-E testUsdReferenceAssemblySelection|testUsdMayaAppDir|AL_MayaUtilsTests|testUsdImportDisplacement|testUsdImportFrameRange', '-LE interactive', '--parallel 16']
    Success MayaUSD build and install !!!!
    Elapsed time: 00:00:00
[Pipeline] }
[Pipeline] // withEnv
[Pipeline] }
[Pipeline] // stage
[Pipeline] }
[Pipeline] // timestamps
[Pipeline] }
[Pipeline] // timeout
[Pipeline] timeout
Timeout set to expire in 6 hr 0 min
[Pipeline] {
[Pipeline] timestamps
[Pipeline] {
[Pipeline] stage
[Pipeline] { (Configure)
[Pipeline] withEnv
[Pipeline] {
[Pipeline] sh
[ecg-mayausd-branch-preflight-2020-linux] Running shell script
+ scl enable devtoolset-6 -
python ecg-maya-usd/build.py --stages=configure --workspace-dir=/local/S/jenkins/workspace/ecg-mayausd-branch-preflight-2020-linux --artifactory-dir=/local/S/jenkins/workspace/shared/Artifactory --build-dir=/local/S/jenkins/workspace/ecg-mayausd-branch-preflight-2020-linux/build --install-dir=/local/S/jenkins/workspace/ecg-mayausd-branch-preflight-2020-linux/install --signing-dir=/local/S/jenkins/workspace/ecg-mayausd-branch-preflight-2020-linux/signing --package-dir=/local/S/jenkins/workspace/ecg-mayausd-branch-preflight-2020-linux/package --output-dir=/local/S/jenkins/workspace/ecg-mayausd-branch-preflight-2020-linux/output --stash-dir=/local/S/jenkins/workspace/ecg-mayausd-branch-preflight-2020-linux/stash --jenkins-build=2107 --git-commit=eadb994eca850350685c82c75246d455e301ac05 --git-branch=master --variants=RelWithDebInfo --python=2.7 --post-zips=false --maya-cut-config=maya-rundev-2020.yaml --stage-banner
Using Maya cut from /local/S/jenkins/workspace/shared/Artifactory/Linux/rundev-2020/202107140359/runtime/a6ca045

================================================================================
                           configure (RelWithDebInfo)
================================================================================
Maya Python RelWithDebInfo Info:
  mayapy executable   = /local/S/jenkins/workspace/shared/Artifactory/Linux/rundev-2020/202107140359/runtime/a6ca045/runTime/bin/mayapy
  Include Folder      = /local/S/jenkins/workspace/shared/Artifactory/Linux/rundev-2020/202107140359/runtime/a6ca045/runTime/include/Python
  Library             = /local/S/jenkins/workspace/shared/Artifactory/Linux/rundev-2020/202107140359/runtime/a6ca045/runTime/lib/libpython2.7.so.1.0
  site-package Folder = /local/S/jenkins/workspace/shared/Artifactory/Linux/rundev-2020/202107140359/runtime/a6ca045/runTime/lib/python2.7/site-packages
In workdir: /home/S/jenkins/workspace/ecg-mayausd-branch-preflight-2020-linux/ecg-maya-usd/maya-usd
Executing: /local/S/jenkins/workspace/shared/Artifactory/Linux/rundev-2020/202107140359/runtime/a6ca045/runTime/bin/mayapy /home/S/jenkins/workspace/ecg-mayausd-branch-preflight-2020-linux/ecg-maya-usd/maya-usd/build.py --generator Ninja --build-relwithdebug --maya-location /local/S/jenkins/workspace/shared/Artifactory/Linux/rundev-2020/202107140359/runtime/a6ca045/runTime --devkit-location /local/S/jenkins/workspace/shared/Artifactory/Linux/rundev-2020/202107140359/runtime/a6ca045/devkitBase --pxrusd-location /local/S/jenkins/workspace/shared/Artifactory/Linux/USD/b45703f --qt-location /local/S/jenkins/workspace/shared/Artifactory/Linux/qt/5.12.5/84f551b --build-args=-DCMAKE_MAKE_PROGRAM=/local/S/jenkins/workspace/shared/Artifactory/Linux/ninja/1.9.0/aca9939/ninja,-DPYTHON_INCLUDE_DIR=/local/S/jenkins/workspace/shared/Artifactory/Linux/rundev-2020/202107140359/runtime/a6ca045/runTime/include/Python,-DPython_EXECUTABLE=/local/S/jenkins/workspace/shared/Artifactory/Linux/rundev-2020/202107140359/runtime/a6ca045/runTime/bin/mayapy,-DPYTHON_LIBRARIES=/local/S/jenkins/workspace/shared/Artifactory/Linux/rundev-2020/202107140359/runtime/a6ca045/runTime/lib/libpython2.7.so.1.0,-DUSD_LIB_PREFIX=lib,-DCMAKE_WANT_MATERIALX_BUILD=ON,-DCMAKE_PREFIX_PATH=/local/S/jenkins/workspace/shared/Artifactory/Linux/USD/b45703f '--ctest-args=-E testUsdReferenceAssemblySelection|testUsdMayaAppDir|AL_MayaUtilsTests|testUsdImportDisplacement|testUsdImportFrameRange,-LE interactive,--parallel 16' --stages=configure --redirect-outstream-file=False --install-location /local/S/jenkins/workspace/ecg-mayausd-branch-preflight-2020-linux/install/RelWithDebInfo/MayaUSD /local/S/jenkins/workspace/ecg-mayausd-branch-preflight-2020-linux
Modified environment variables:
    PATH=/local/S/jenkins/workspace/shared/Artifactory/Linux/cmake/3.14.4/656573b/bin:/opt/rh/devtoolset-6/root/usr/bin:/usr/local/bin:/usr/bin
    LD_LIBRARY_PATH=/opt/rh/devtoolset-6/root/usr/lib64:/opt/rh/devtoolset-6/root/usr/lib64:/opt/rh/devtoolset-6/root/usr/lib
    -- The C compiler identification is GNU 6.3.1
    -- The CXX compiler identification is GNU 6.3.1
    -- Check for working C compiler: /opt/rh/devtoolset-6/root/usr/bin/cc
    -- Check for working C compiler: /opt/rh/devtoolset-6/root/usr/bin/cc -- works
    -- Detecting C compiler ABI info
    -- Detecting C compiler ABI info - done
    -- Detecting C compile features
    -- Detecting C compile features - done
    -- Check for working CXX compiler: /opt/rh/devtoolset-6/root/usr/bin/c++
    -- Check for working CXX compiler: /opt/rh/devtoolset-6/root/usr/bin/c++ -- works
    -- Detecting CXX compiler ABI info
    -- Detecting CXX compiler ABI info - done
    -- Detecting CXX compile features
    -- Detecting CXX compile features - done
    -- Using Maya Light API Version 1
    -- Maya array iterator has difference_type trait
    -- Found Maya: /local/S/jenkins/workspace/shared/Artifactory/Linux/rundev-2020/202107140359/runtime/a6ca045/runTime/bin/maya (found suitable version "2020", minimum required is "2018")
    -- Found Python: /local/S/jenkins/workspace/shared/Artifactory/Linux/rundev-2020/202107140359/runtime/a6ca045/runTime/bin/mayapy (found suitable exact version "2.7.11") found components:  Interpreter
    -- Build MayaUSD with Python3 = OFF
    --    PYTHON_INCLUDE_DIRS = /local/S/jenkins/workspace/shared/Artifactory/Linux/rundev-2020/202107140359/runtime/a6ca045/runTime/include/Python
    --    PYTHON_LIBRARIES    = /local/S/jenkins/workspace/shared/Artifactory/Linux/rundev-2020/202107140359/runtime/a6ca045/runTime/lib/libpython2.7.so.1.0
    --    Python_EXECUTABLE   = /local/S/jenkins/workspace/shared/Artifactory/Linux/rundev-2020/202107140359/runtime/a6ca045/runTime/bin/mayapy
    -- USD include dir: /local/S/jenkins/workspace/shared/Artifactory/Linux/USD/b45703f/include
    -- USD library dir: /local/S/jenkins/workspace/shared/Artifactory/Linux/USD/b45703f/lib
    -- USD version: 0.21.11
    -- Found USD: /local/S/jenkins/workspace/shared/Artifactory/Linux/USD/b45703f (found suitable version "0.21.11", minimum required is "0.20.05")
    Updated PYTHONPATH: /opt/rh/devtoolset-6/root/usr/lib64/python2.7/site-packages:/opt/rh/devtoolset-6/root/usr/lib/python2.7/site-packages:/local/S/jenkins/workspace/shared/Artifactory/Linux/USD/b45703f/lib/python
    -- UFE include dir: /local/S/jenkins/workspace/shared/Artifactory/Linux/rundev-2020/202107140359/runtime/a6ca045/devkitBase/devkit/ufe/include
    -- UFE library: /local/S/jenkins/workspace/shared/Artifactory/Linux/rundev-2020/202107140359/runtime/a6ca045/devkitBase/devkit/ufe/lib/libufe_1.so
    -- UFE version: 1.0.0
    -- Building with UFE 1.0.0 features enabled.
    CMake Warning at CMakeLists.txt:150 (message):
      Disabling MaterialX VP2 rendering: it is not supported by this version of
      Maya.
    
    
    -- Found MaterialX
    -- Building with Qt features enabled.
    -- **** Building Gulrak From Github Repository.
    -- Populating gulrak
    -- Configuring done
    -- Generating done
    -- Build files have been written to: /home/S/jenkins/workspace/ecg-mayausd-branch-preflight-2020-linux/build/RelWithDebInfo/_deps/gulrak-subbuild
    [1/9] Creating directories for 'gulrak-populate'
    [1/9] Performing download step (git clone) for 'gulrak-populate'
    Cloning into 'gulrak-src'...
    HEAD is now at 4e21ab3 Version bump and updated readme.
    [2/9] Performing update step for 'gulrak-populate'
    [3/9] No patch step for 'gulrak-populate'
    [5/9] No configure step for 'gulrak-populate'
    [6/9] No build step for 'gulrak-populate'
    [7/9] No install step for 'gulrak-populate'
    [8/9] No test step for 'gulrak-populate'
    [9/9] Completed 'gulrak-populate'
    -- ========== Installing GoogleTest... ==========
    -- Configuring done
    -- Generating done
    -- Build files have been written to: /home/S/jenkins/workspace/ecg-mayausd-branch-preflight-2020-linux/build/RelWithDebInfo/googletest-config
    [1/8] Creating directories for 'googletest'
    [2/8] Performing download step (git clone) for 'googletest'
    Cloning into 'googletest-src'...
    HEAD is now at 703bd9ca Googletest export
    [3/8] No patch step for 'googletest'
    [4/8] Performing update step for 'googletest'
    [5/8] Performing configure step for 'googletest'
    -- The C compiler identification is GNU 6.3.1
    -- The CXX compiler identification is GNU 6.3.1
    -- Check for working C compiler: /opt/rh/devtoolset-6/root/usr/bin/cc
    -- Check for working C compiler: /opt/rh/devtoolset-6/root/usr/bin/cc -- works
    -- Detecting C compiler ABI info
    -- Detecting C compiler ABI info - done
    -- Detecting C compile features
    -- Detecting C compile features - done
    -- Check for working CXX compiler: /opt/rh/devtoolset-6/root/usr/bin/c++
    -- Check for working CXX compiler: /opt/rh/devtoolset-6/root/usr/bin/c++ -- works
    -- Detecting CXX compiler ABI info
    -- Detecting CXX compiler ABI info - done
    -- Detecting CXX compile features
    -- Detecting CXX compile features - done
    -- Found PythonInterp: /usr/bin/python (found version "2.7.11")
    -- Looking for pthread.h
    -- Looking for pthread.h - found
    -- Looking for pthread_create
    -- Looking for pthread_create - not found
    -- Looking for pthread_create in pthreads
    -- Looking for pthread_create in pthreads - not found
    -- Looking for pthread_create in pthread
    -- Looking for pthread_create in pthread - found
    -- Found Threads: TRUE
    -- Configuring done
    -- Generating done
    -- Build files have been written to: /home/S/jenkins/workspace/ecg-mayausd-branch-preflight-2020-linux/build/RelWithDebInfo/googletest-build
    [6/8] Performing build step for 'googletest'
    [1/4] Building CXX object googletest/CMakeFiles/gtest_main.dir/src/gtest_main.cc.o
    [2/4] Building CXX object googletest/CMakeFiles/gtest.dir/src/gtest-all.cc.o
    [3/4] Linking CXX shared library lib/libgtest.so
    [4/4] Linking CXX shared library lib/libgtest_main.so
    [7/8] Performing install step for 'googletest'
    [0/1] Install the project...
    -- Install configuration: "RelWithDebInfo"
    -- Installing: /home/S/jenkins/workspace/ecg-mayausd-branch-preflight-2020-linux/build/RelWithDebInfo/googletest-install/lib64/cmake/GTest/GTestTargets.cmake
    -- Installing: /home/S/jenkins/workspace/ecg-mayausd-branch-preflight-2020-linux/build/RelWithDebInfo/googletest-install/lib64/cmake/GTest/GTestTargets-relwithdebinfo.cmake
    -- Installing: /home/S/jenkins/workspace/ecg-mayausd-branch-preflight-2020-linux/build/RelWithDebInfo/googletest-install/lib64/cmake/GTest/GTestConfigVersion.cmake
    -- Installing: /home/S/jenkins/workspace/ecg-mayausd-branch-preflight-2020-linux/build/RelWithDebInfo/googletest-install/lib64/cmake/GTest/GTestConfig.cmake
    -- Installing: /home/S/jenkins/workspace/ecg-mayausd-branch-preflight-2020-linux/build/RelWithDebInfo/googletest-install/include
    -- Installing: /home/S/jenkins/workspace/ecg-mayausd-branch-preflight-2020-linux/build/RelWithDebInfo/googletest-install/include/gtest
    -- Installing: /home/S/jenkins/workspace/ecg-mayausd-branch-preflight-2020-linux/build/RelWithDebInfo/googletest-install/include/gtest/internal
    -- Installing: /home/S/jenkins/workspace/ecg-mayausd-branch-preflight-2020-linux/build/RelWithDebInfo/googletest-install/include/gtest/internal/custom
    -- Installing: /home/S/jenkins/workspace/ecg-mayausd-branch-preflight-2020-linux/build/RelWithDebInfo/googletest-install/include/gtest/internal/custom/README.md
    -- Installing: /home/S/jenkins/workspace/ecg-mayausd-branch-preflight-2020-linux/build/RelWithDebInfo/googletest-install/include/gtest/internal/custom/gtest-port.h
    -- Installing: /home/S/jenkins/workspace/ecg-mayausd-branch-preflight-2020-linux/build/RelWithDebInfo/googletest-install/include/gtest/internal/custom/gtest-printers.h
    -- Installing: /home/S/jenkins/workspace/ecg-mayausd-branch-preflight-2020-linux/build/RelWithDebInfo/googletest-install/include/gtest/internal/custom/gtest.h
    -- Installing: /home/S/jenkins/workspace/ecg-mayausd-branch-preflight-2020-linux/build/RelWithDebInfo/googletest-install/include/gtest/internal/gtest-death-test-internal.h
    -- Installing: /home/S/jenkins/workspace/ecg-mayausd-branch-preflight-2020-linux/build/RelWithDebInfo/googletest-install/include/gtest/internal/gtest-filepath.h
    -- Installing: /home/S/jenkins/workspace/ecg-mayausd-branch-preflight-2020-linux/build/RelWithDebInfo/googletest-install/include/gtest/internal/gtest-internal.h
    -- Installing: /home/S/jenkins/workspace/ecg-mayausd-branch-preflight-2020-linux/build/RelWithDebInfo/googletest-install/include/gtest/internal/gtest-param-util.h
    -- Installing: /home/S/jenkins/workspace/ecg-mayausd-branch-preflight-2020-linux/build/RelWithDebInfo/googletest-install/include/gtest/internal/gtest-port-arch.h
    -- Installing: /home/S/jenkins/workspace/ecg-mayausd-branch-preflight-2020-linux/build/RelWithDebInfo/googletest-install/include/gtest/internal/gtest-port.h
    -- Installing: /home/S/jenkins/workspace/ecg-mayausd-branch-preflight-2020-linux/build/RelWithDebInfo/googletest-install/include/gtest/internal/gtest-string.h
    -- Installing: /home/S/jenkins/workspace/ecg-mayausd-branch-preflight-2020-linux/build/RelWithDebInfo/googletest-install/include/gtest/internal/gtest-type-util.h
    -- Installing: /home/S/jenkins/workspace/ecg-mayausd-branch-preflight-2020-linux/build/RelWithDebInfo/googletest-install/include/gtest/internal/gtest-type-util.h.pump
    -- Installing: /home/S/jenkins/workspace/ecg-mayausd-branch-preflight-2020-linux/build/RelWithDebInfo/googletest-install/include/gtest/gtest-death-test.h
    -- Installing: /home/S/jenkins/workspace/ecg-mayausd-branch-preflight-2020-linux/build/RelWithDebInfo/googletest-install/include/gtest/gtest-matchers.h
    -- Installing: /home/S/jenkins/workspace/ecg-mayausd-branch-preflight-2020-linux/build/RelWithDebInfo/googletest-install/include/gtest/gtest-message.h
    -- Installing: /home/S/jenkins/workspace/ecg-mayausd-branch-preflight-2020-linux/build/RelWithDebInfo/googletest-install/include/gtest/gtest-param-test.h
    -- Installing: /home/S/jenkins/workspace/ecg-mayausd-branch-preflight-2020-linux/build/RelWithDebInfo/googletest-install/include/gtest/gtest-printers.h
    -- Installing: /home/S/jenkins/workspace/ecg-mayausd-branch-preflight-2020-linux/build/RelWithDebInfo/googletest-install/include/gtest/gtest-spi.h
    -- Installing: /home/S/jenkins/workspace/ecg-mayausd-branch-preflight-2020-linux/build/RelWithDebInfo/googletest-install/include/gtest/gtest-test-part.h
    -- Installing: /home/S/jenkins/workspace/ecg-mayausd-branch-preflight-2020-linux/build/RelWithDebInfo/googletest-install/include/gtest/gtest-typed-test.h
    -- Installing: /home/S/jenkins/workspace/ecg-mayausd-branch-preflight-2020-linux/build/RelWithDebInfo/googletest-install/include/gtest/gtest.h
    -- Installing: /home/S/jenkins/workspace/ecg-mayausd-branch-preflight-2020-linux/build/RelWithDebInfo/googletest-install/include/gtest/gtest_pred_impl.h
    -- Installing: /home/S/jenkins/workspace/ecg-mayausd-branch-preflight-2020-linux/build/RelWithDebInfo/googletest-install/include/gtest/gtest_prod.h
    -- Installing: /home/S/jenkins/workspace/ecg-mayausd-branch-preflight-2020-linux/build/RelWithDebInfo/googletest-install/lib64/libgtest.so
    -- Installing: /home/S/jenkins/workspace/ecg-mayausd-branch-preflight-2020-linux/build/RelWithDebInfo/googletest-install/lib64/libgtest_main.so
    -- Set runtime path of "/home/S/jenkins/workspace/ecg-mayausd-branch-preflight-2020-linux/build/RelWithDebInfo/googletest-install/lib64/libgtest_main.so" to ""
    -- Installing: /home/S/jenkins/workspace/ecg-mayausd-branch-preflight-2020-linux/build/RelWithDebInfo/googletest-install/lib64/pkgconfig/gtest.pc
    -- Installing: /home/S/jenkins/workspace/ecg-mayausd-branch-preflight-2020-linux/build/RelWithDebInfo/googletest-install/lib64/pkgconfig/gtest_main.pc
    [8/8] Completed 'googletest'
    -- ========== ...  GoogleTest installed. ==========
    -- MAYA_HAS_DEFAULT_MATERIAL_API is FALSE
    -- MAYA_NEW_POINT_SNAPPING_SUPPORT is FALSE
    -- MAYA_HAS_CRASH_DETECTION is FALSE
    -- MAYA_CURRENT_UFE_CAMERA_SUPPORT is FALSE
    -- MAYA_MRENDERITEM_UFE_IDENTIFIER_SUPPORT is FALSE
    -- MAYA_UPDATE_UFE_IDENTIFIER_SUPPORT is FALSE
    -- MAYA_HAS_DISPLAY_STYLE_ALL_VIEWPORTS is FALSE
    -- MAYA_ARRAY_ITERATOR_DIFFERENCE_TYPE_SUPPORT is TRUE
    -- MAYA_HAS_GET_MEMBER_PATHS is FALSE
    -- promoting: /home/S/jenkins/workspace/ecg-mayausd-branch-preflight-2020-linux/ecg-maya-usd/maya-usd/lib/mayaUsd/base/mayaUsd.h.src
    -- promoting: /home/S/jenkins/workspace/ecg-mayausd-branch-preflight-2020-linux/ecg-maya-usd/maya-usd/lib/mayaUsd/base/api.h
    -- promoting: /home/S/jenkins/workspace/ecg-mayausd-branch-preflight-2020-linux/ecg-maya-usd/maya-usd/lib/mayaUsd/base/debugCodes.h
    -- promoting: /home/S/jenkins/workspace/ecg-mayausd-branch-preflight-2020-linux/ecg-maya-usd/maya-usd/lib/mayaUsd/base/id.h
    -- promoting: /home/S/jenkins/workspace/ecg-mayausd-branch-preflight-2020-linux/ecg-maya-usd/maya-usd/lib/mayaUsd/base/syncId.h
    -- promoting: /home/S/jenkins/workspace/ecg-mayausd-branch-preflight-2020-linux/ecg-maya-usd/maya-usd/lib/mayaUsd/base/tokens.h
    -- promoting: /home/S/jenkins/workspace/ecg-mayausd-branch-preflight-2020-linux/ecg-maya-usd/maya-usd/lib/mayaUsd/commands/abstractLayerEditorWindow.h
    -- promoting: /home/S/jenkins/workspace/ecg-mayausd-branch-preflight-2020-linux/ecg-maya-usd/maya-usd/lib/mayaUsd/commands/baseExportCommand.h
    -- promoting: /home/S/jenkins/workspace/ecg-mayausd-branch-preflight-2020-linux/ecg-maya-usd/maya-usd/lib/mayaUsd/commands/baseImportCommand.h
    -- promoting: /home/S/jenkins/workspace/ecg-mayausd-branch-preflight-2020-linux/ecg-maya-usd/maya-usd/lib/mayaUsd/commands/baseListJobContextsCommand.h
    -- promoting: /home/S/jenkins/workspace/ecg-mayausd-branch-preflight-2020-linux/ecg-maya-usd/maya-usd/lib/mayaUsd/commands/baseListShadingModesCommand.h
    -- promoting: /home/S/jenkins/workspace/ecg-mayausd-branch-preflight-2020-linux/ecg-maya-usd/maya-usd/lib/mayaUsd/commands/editTargetCommand.h
    -- promoting: /home/S/jenkins/workspace/ecg-mayausd-branch-preflight-2020-linux/ecg-maya-usd/maya-usd/lib/mayaUsd/commands/layerEditorCommand.h
    -- promoting: /home/S/jenkins/workspace/ecg-mayausd-branch-preflight-2020-linux/ecg-maya-usd/maya-usd/lib/mayaUsd/commands/layerEditorWindowCommand.h
    -- promoting: /home/S/jenkins/workspace/ecg-mayausd-branch-preflight-2020-linux/ecg-maya-usd/maya-usd/lib/mayaUsd/fileio/fallbackPrimReader.h
    -- promoting: /home/S/jenkins/workspace/ecg-mayausd-branch-preflight-2020-linux/ecg-maya-usd/maya-usd/lib/mayaUsd/fileio/functorPrimReader.h
    -- promoting: /home/S/jenkins/workspace/ecg-mayausd-branch-preflight-2020-linux/ecg-maya-usd/maya-usd/lib/mayaUsd/fileio/functorPrimWriter.h
    -- promoting: /home/S/jenkins/workspace/ecg-mayausd-branch-preflight-2020-linux/ecg-maya-usd/maya-usd/lib/mayaUsd/fileio/importData.h
    -- promoting: /home/S/jenkins/workspace/ecg-mayausd-branch-preflight-2020-linux/ecg-maya-usd/maya-usd/lib/mayaUsd/fileio/instancedNodeWriter.h
    -- promoting: /home/S/jenkins/workspace/ecg-mayausd-branch-preflight-2020-linux/ecg-maya-usd/maya-usd/lib/mayaUsd/fileio/jobContextRegistry.h
    -- promoting: /home/S/jenkins/workspace/ecg-mayausd-branch-preflight-2020-linux/ecg-maya-usd/maya-usd/lib/mayaUsd/fileio/primReader.h
    -- promoting: /home/S/jenkins/workspace/ecg-mayausd-branch-preflight-2020-linux/ecg-maya-usd/maya-usd/lib/mayaUsd/fileio/primReaderArgs.h
    -- promoting: /home/S/jenkins/workspace/ecg-mayausd-branch-preflight-2020-linux/ecg-maya-usd/maya-usd/lib/mayaUsd/fileio/primReaderContext.h
    -- promoting: /home/S/jenkins/workspace/ecg-mayausd-branch-preflight-2020-linux/ecg-maya-usd/maya-usd/lib/mayaUsd/fileio/primReaderRegistry.h
    -- promoting: /home/S/jenkins/workspace/ecg-mayausd-branch-preflight-2020-linux/ecg-maya-usd/maya-usd/lib/mayaUsd/fileio/primWriter.h
    -- promoting: /home/S/jenkins/workspace/ecg-mayausd-branch-preflight-2020-linux/ecg-maya-usd/maya-usd/lib/mayaUsd/fileio/primWriterArgs.h
    -- promoting: /home/S/jenkins/workspace/ecg-mayausd-branch-preflight-2020-linux/ecg-maya-usd/maya-usd/lib/mayaUsd/fileio/primWriterContext.h
    -- promoting: /home/S/jenkins/workspace/ecg-mayausd-branch-preflight-2020-linux/ecg-maya-usd/maya-usd/lib/mayaUsd/fileio/primWriterRegistry.h
    -- promoting: /home/S/jenkins/workspace/ecg-mayausd-branch-preflight-2020-linux/ecg-maya-usd/maya-usd/lib/mayaUsd/fileio/registryHelper.h
    -- promoting: /home/S/jenkins/workspace/ecg-mayausd-branch-preflight-2020-linux/ecg-maya-usd/maya-usd/lib/mayaUsd/fileio/schemaApiAdaptor.h
    -- promoting: /home/S/jenkins/workspace/ecg-mayausd-branch-preflight-2020-linux/ecg-maya-usd/maya-usd/lib/mayaUsd/fileio/schemaApiAdaptorRegistry.h
    -- promoting: /home/S/jenkins/workspace/ecg-mayausd-branch-preflight-2020-linux/ecg-maya-usd/maya-usd/lib/mayaUsd/fileio/shaderReader.h
    -- promoting: /home/S/jenkins/workspace/ecg-mayausd-branch-preflight-2020-linux/ecg-maya-usd/maya-usd/lib/mayaUsd/fileio/shaderReaderRegistry.h
    -- promoting: /home/S/jenkins/workspace/ecg-mayausd-branch-preflight-2020-linux/ecg-maya-usd/maya-usd/lib/mayaUsd/fileio/shaderWriter.h
    -- promoting: /home/S/jenkins/workspace/ecg-mayausd-branch-preflight-2020-linux/ecg-maya-usd/maya-usd/lib/mayaUsd/fileio/shaderWriterRegistry.h
    -- promoting: /home/S/jenkins/workspace/ecg-mayausd-branch-preflight-2020-linux/ecg-maya-usd/maya-usd/lib/mayaUsd/fileio/transformWriter.h
    -- promoting: /home/S/jenkins/workspace/ecg-mayausd-branch-preflight-2020-linux/ecg-maya-usd/maya-usd/lib/mayaUsd/fileio/writeJobContext.h
    -- promoting: /home/S/jenkins/workspace/ecg-mayausd-branch-preflight-2020-linux/ecg-maya-usd/maya-usd/lib/mayaUsd/fileio/chaser/exportChaser.h
    -- promoting: /home/S/jenkins/workspace/ecg-mayausd-branch-preflight-2020-linux/ecg-maya-usd/maya-usd/lib/mayaUsd/fileio/chaser/exportChaserRegistry.h
    -- promoting: /home/S/jenkins/workspace/ecg-mayausd-branch-preflight-2020-linux/ecg-maya-usd/maya-usd/lib/mayaUsd/fileio/chaser/importChaserRegistry.h
    -- promoting: /home/S/jenkins/workspace/ecg-mayausd-branch-preflight-2020-linux/ecg-maya-usd/maya-usd/lib/mayaUsd/fileio/chaser/importChaser.h
    -- promoting: /home/S/jenkins/workspace/ecg-mayausd-branch-preflight-2020-linux/ecg-maya-usd/maya-usd/lib/mayaUsd/fileio/jobs/jobArgs.h
    -- promoting: /home/S/jenkins/workspace/ecg-mayausd-branch-preflight-2020-linux/ecg-maya-usd/maya-usd/lib/mayaUsd/fileio/jobs/meshDataReadJob.h
    -- promoting: /home/S/jenkins/workspace/ecg-mayausd-branch-preflight-2020-linux/ecg-maya-usd/maya-usd/lib/mayaUsd/fileio/jobs/modelKindProcessor.h
    -- promoting: /home/S/jenkins/workspace/ecg-mayausd-branch-preflight-2020-linux/ecg-maya-usd/maya-usd/lib/mayaUsd/fileio/jobs/readJob.h
    -- promoting: /home/S/jenkins/workspace/ecg-mayausd-branch-preflight-2020-linux/ecg-maya-usd/maya-usd/lib/mayaUsd/fileio/jobs/writeJob.h
    -- promoting: /home/S/jenkins/workspace/ecg-mayausd-branch-preflight-2020-linux/ecg-maya-usd/maya-usd/lib/mayaUsd/fileio/shading/rfmShaderMap.h
    -- promoting: /home/S/jenkins/workspace/ecg-mayausd-branch-preflight-2020-linux/ecg-maya-usd/maya-usd/lib/mayaUsd/fileio/shading/shadingModeExporter.h
    -- promoting: /home/S/jenkins/workspace/ecg-mayausd-branch-preflight-2020-linux/ecg-maya-usd/maya-usd/lib/mayaUsd/fileio/shading/shadingModeExporterContext.h
    -- promoting: /home/S/jenkins/workspace/ecg-mayausd-branch-preflight-2020-linux/ecg-maya-usd/maya-usd/lib/mayaUsd/fileio/shading/shadingModeImporter.h
    -- promoting: /home/S/jenkins/workspace/ecg-mayausd-branch-preflight-2020-linux/ecg-maya-usd/maya-usd/lib/mayaUsd/fileio/shading/shadingModeRegistry.h
    -- promoting: /home/S/jenkins/workspace/ecg-mayausd-branch-preflight-2020-linux/ecg-maya-usd/maya-usd/lib/mayaUsd/fileio/shading/symmetricShaderReader.h
    -- promoting: /home/S/jenkins/workspace/ecg-mayausd-branch-preflight-2020-linux/ecg-maya-usd/maya-usd/lib/mayaUsd/fileio/shading/symmetricShaderWriter.h
    -- promoting: /home/S/jenkins/workspace/ecg-mayausd-branch-preflight-2020-linux/ecg-maya-usd/maya-usd/lib/mayaUsd/fileio/translators/skelBindingsProcessor.h
    -- promoting: /home/S/jenkins/workspace/ecg-mayausd-branch-preflight-2020-linux/ecg-maya-usd/maya-usd/lib/mayaUsd/fileio/translators/translatorCamera.h
    -- promoting: /home/S/jenkins/workspace/ecg-mayausd-branch-preflight-2020-linux/ecg-maya-usd/maya-usd/lib/mayaUsd/fileio/translators/translatorCurves.h
    -- promoting: /home/S/jenkins/workspace/ecg-mayausd-branch-preflight-2020-linux/ecg-maya-usd/maya-usd/lib/mayaUsd/fileio/translators/translatorGprim.h
    -- promoting: /home/S/jenkins/workspace/ecg-mayausd-branch-preflight-2020-linux/ecg-maya-usd/maya-usd/lib/mayaUsd/fileio/translators/translatorLight.h
    -- promoting: /home/S/jenkins/workspace/ecg-mayausd-branch-preflight-2020-linux/ecg-maya-usd/maya-usd/lib/mayaUsd/fileio/translators/translatorMaterial.h
    -- promoting: /home/S/jenkins/workspace/ecg-mayausd-branch-preflight-2020-linux/ecg-maya-usd/maya-usd/lib/mayaUsd/fileio/translators/translatorMayaReference.h
    -- promoting: /home/S/jenkins/workspace/ecg-mayausd-branch-preflight-2020-linux/ecg-maya-usd/maya-usd/lib/mayaUsd/fileio/translators/translatorMesh.h
    -- promoting: /home/S/jenkins/workspace/ecg-mayausd-branch-preflight-2020-linux/ecg-maya-usd/maya-usd/lib/mayaUsd/fileio/translators/translatorNurbsPatch.h
    -- promoting: /home/S/jenkins/workspace/ecg-mayausd-branch-preflight-2020-linux/ecg-maya-usd/maya-usd/lib/mayaUsd/fileio/translators/translatorPrim.h
    -- promoting: /home/S/jenkins/workspace/ecg-mayausd-branch-preflight-2020-linux/ecg-maya-usd/maya-usd/lib/mayaUsd/fileio/translators/translatorRfMLight.h
    -- promoting: /home/S/jenkins/workspace/ecg-mayausd-branch-preflight-2020-linux/ecg-maya-usd/maya-usd/lib/mayaUsd/fileio/translators/translatorSkel.h
    -- promoting: /home/S/jenkins/workspace/ecg-mayausd-branch-preflight-2020-linux/ecg-maya-usd/maya-usd/lib/mayaUsd/fileio/translators/translatorUtil.h
    -- promoting: /home/S/jenkins/workspace/ecg-mayausd-branch-preflight-2020-linux/ecg-maya-usd/maya-usd/lib/mayaUsd/fileio/translators/translatorXformable.h
    -- promoting: /home/S/jenkins/workspace/ecg-mayausd-branch-preflight-2020-linux/ecg-maya-usd/maya-usd/lib/mayaUsd/fileio/utils/adaptor.h
    -- promoting: /home/S/jenkins/workspace/ecg-mayausd-branch-preflight-2020-linux/ecg-maya-usd/maya-usd/lib/mayaUsd/fileio/utils/jointWriteUtils.h
    -- promoting: /home/S/jenkins/workspace/ecg-mayausd-branch-preflight-2020-linux/ecg-maya-usd/maya-usd/lib/mayaUsd/fileio/utils/meshReadUtils.h
    -- promoting: /home/S/jenkins/workspace/ecg-mayausd-branch-preflight-2020-linux/ecg-maya-usd/maya-usd/lib/mayaUsd/fileio/utils/meshWriteUtils.h
    -- promoting: /home/S/jenkins/workspace/ecg-mayausd-branch-preflight-2020-linux/ecg-maya-usd/maya-usd/lib/mayaUsd/fileio/utils/readUtil.h
    -- promoting: /home/S/jenkins/workspace/ecg-mayausd-branch-preflight-2020-linux/ecg-maya-usd/maya-usd/lib/mayaUsd/fileio/utils/roundTripUtil.h
    -- promoting: /home/S/jenkins/workspace/ecg-mayausd-branch-preflight-2020-linux/ecg-maya-usd/maya-usd/lib/mayaUsd/fileio/utils/shadingUtil.h
    -- promoting: /home/S/jenkins/workspace/ecg-mayausd-branch-preflight-2020-linux/ecg-maya-usd/maya-usd/lib/mayaUsd/fileio/utils/userTaggedAttribute.h
    -- promoting: /home/S/jenkins/workspace/ecg-mayausd-branch-preflight-2020-linux/ecg-maya-usd/maya-usd/lib/mayaUsd/fileio/utils/writeUtil.h
    -- promoting: /home/S/jenkins/workspace/ecg-mayausd-branch-preflight-2020-linux/ecg-maya-usd/maya-usd/lib/mayaUsd/fileio/utils/xformStack.h
    -- promoting: /home/S/jenkins/workspace/ecg-mayausd-branch-preflight-2020-linux/ecg-maya-usd/maya-usd/lib/mayaUsd/listeners/notice.h
    -- promoting: /home/S/jenkins/workspace/ecg-mayausd-branch-preflight-2020-linux/ecg-maya-usd/maya-usd/lib/mayaUsd/listeners/proxyShapeNotice.h
    -- promoting: /home/S/jenkins/workspace/ecg-mayausd-branch-preflight-2020-linux/ecg-maya-usd/maya-usd/lib/mayaUsd/listeners/stageNoticeListener.h
    -- promoting: /home/S/jenkins/workspace/ecg-mayausd-branch-preflight-2020-linux/ecg-maya-usd/maya-usd/lib/mayaUsd/nodes/hdImagingShape.h
    -- promoting: /home/S/jenkins/workspace/ecg-mayausd-branch-preflight-2020-linux/ecg-maya-usd/maya-usd/lib/mayaUsd/nodes/pointBasedDeformerNode.h
    -- promoting: /home/S/jenkins/workspace/ecg-mayausd-branch-preflight-2020-linux/ecg-maya-usd/maya-usd/lib/mayaUsd/nodes/proxyAccessor.h
    -- promoting: /home/S/jenkins/workspace/ecg-mayausd-branch-preflight-2020-linux/ecg-maya-usd/maya-usd/lib/mayaUsd/nodes/proxyShapeBase.h
    -- promoting: /home/S/jenkins/workspace/ecg-mayausd-branch-preflight-2020-linux/ecg-maya-usd/maya-usd/lib/mayaUsd/nodes/proxyShapeLoadRules.h
    -- promoting: /home/S/jenkins/workspace/ecg-mayausd-branch-preflight-2020-linux/ecg-maya-usd/maya-usd/lib/mayaUsd/nodes/proxyShapePlugin.h
    -- promoting: /home/S/jenkins/workspace/ecg-mayausd-branch-preflight-2020-linux/ecg-maya-usd/maya-usd/lib/mayaUsd/nodes/proxyStageProvider.h
    -- promoting: /home/S/jenkins/workspace/ecg-mayausd-branch-preflight-2020-linux/ecg-maya-usd/maya-usd/lib/mayaUsd/nodes/stageData.h
    -- promoting: /home/S/jenkins/workspace/ecg-mayausd-branch-preflight-2020-linux/ecg-maya-usd/maya-usd/lib/mayaUsd/nodes/stageNode.h
    -- promoting: /home/S/jenkins/workspace/ecg-mayausd-branch-preflight-2020-linux/ecg-maya-usd/maya-usd/lib/mayaUsd/nodes/usdPrimProvider.h
    -- promoting: /home/S/jenkins/workspace/ecg-mayausd-branch-preflight-2020-linux/ecg-maya-usd/maya-usd/lib/mayaUsd/nodes/layerManager.h
    -- promoting: /home/S/jenkins/workspace/ecg-mayausd-branch-preflight-2020-linux/ecg-maya-usd/maya-usd/lib/mayaUsd/render/px_vp20/glslProgram.h
    -- promoting: /home/S/jenkins/workspace/ecg-mayausd-branch-preflight-2020-linux/ecg-maya-usd/maya-usd/lib/mayaUsd/render/px_vp20/utils.h
    -- promoting: /home/S/jenkins/workspace/ecg-mayausd-branch-preflight-2020-linux/ecg-maya-usd/maya-usd/lib/mayaUsd/render/px_vp20/utils_legacy.h
    -- promoting: /home/S/jenkins/workspace/ecg-mayausd-branch-preflight-2020-linux/ecg-maya-usd/maya-usd/lib/mayaUsd/render/pxrUsdMayaGL/batchRenderer.h
    -- promoting: /home/S/jenkins/workspace/ecg-mayausd-branch-preflight-2020-linux/ecg-maya-usd/maya-usd/lib/mayaUsd/render/pxrUsdMayaGL/debugCodes.h
    -- promoting: /home/S/jenkins/workspace/ecg-mayausd-branch-preflight-2020-linux/ecg-maya-usd/maya-usd/lib/mayaUsd/render/pxrUsdMayaGL/hdImagingShapeDrawOverride.h
    -- promoting: /home/S/jenkins/workspace/ecg-mayausd-branch-preflight-2020-linux/ecg-maya-usd/maya-usd/lib/mayaUsd/render/pxrUsdMayaGL/hdImagingShapeUI.h
    -- promoting: /home/S/jenkins/workspace/ecg-mayausd-branch-preflight-2020-linux/ecg-maya-usd/maya-usd/lib/mayaUsd/render/pxrUsdMayaGL/instancerImager.h
    -- promoting: /home/S/jenkins/workspace/ecg-mayausd-branch-preflight-2020-linux/ecg-maya-usd/maya-usd/lib/mayaUsd/render/pxrUsdMayaGL/instancerShapeAdapter.h
    -- promoting: /home/S/jenkins/workspace/ecg-mayausd-branch-preflight-2020-linux/ecg-maya-usd/maya-usd/lib/mayaUsd/render/pxrUsdMayaGL/proxyDrawOverride.h
    -- promoting: /home/S/jenkins/workspace/ecg-mayausd-branch-preflight-2020-linux/ecg-maya-usd/maya-usd/lib/mayaUsd/render/pxrUsdMayaGL/proxyShapeUI.h
    -- promoting: /home/S/jenkins/workspace/ecg-mayausd-branch-preflight-2020-linux/ecg-maya-usd/maya-usd/lib/mayaUsd/render/pxrUsdMayaGL/renderParams.h
    -- promoting: /home/S/jenkins/workspace/ecg-mayausd-branch-preflight-2020-linux/ecg-maya-usd/maya-usd/lib/mayaUsd/render/pxrUsdMayaGL/sceneDelegate.h
    -- promoting: /home/S/jenkins/workspace/ecg-mayausd-branch-preflight-2020-linux/ecg-maya-usd/maya-usd/lib/mayaUsd/render/pxrUsdMayaGL/shapeAdapter.h
    -- promoting: /home/S/jenkins/workspace/ecg-mayausd-branch-preflight-2020-linux/ecg-maya-usd/maya-usd/lib/mayaUsd/render/pxrUsdMayaGL/softSelectHelper.h
    -- promoting: /home/S/jenkins/workspace/ecg-mayausd-branch-preflight-2020-linux/ecg-maya-usd/maya-usd/lib/mayaUsd/render/pxrUsdMayaGL/usdProxyShapeAdapter.h
    -- promoting: /home/S/jenkins/workspace/ecg-mayausd-branch-preflight-2020-linux/ecg-maya-usd/maya-usd/lib/mayaUsd/render/pxrUsdMayaGL/userData.h
    -- promoting: /home/S/jenkins/workspace/ecg-mayausd-branch-preflight-2020-linux/ecg-maya-usd/maya-usd/lib/mayaUsd/render/vp2RenderDelegate/proxyRenderDelegate.h
    -- promoting: /home/S/jenkins/workspace/ecg-mayausd-branch-preflight-2020-linux/ecg-maya-usd/maya-usd/lib/mayaUsd/render/vp2ShaderFragments/shaderFragments.h
    -- promoting: /home/S/jenkins/workspace/ecg-mayausd-branch-preflight-2020-linux/ecg-maya-usd/maya-usd/lib/mayaUsd/ufe/Global.h
    -- promoting: /home/S/jenkins/workspace/ecg-mayausd-branch-preflight-2020-linux/ecg-maya-usd/maya-usd/lib/mayaUsd/ufe/ProxyShapeHandler.h
    -- promoting: /home/S/jenkins/workspace/ecg-mayausd-branch-preflight-2020-linux/ecg-maya-usd/maya-usd/lib/mayaUsd/ufe/ProxyShapeHierarchy.h
    -- promoting: /home/S/jenkins/workspace/ecg-mayausd-branch-preflight-2020-linux/ecg-maya-usd/maya-usd/lib/mayaUsd/ufe/ProxyShapeHierarchyHandler.h
    -- promoting: /home/S/jenkins/workspace/ecg-mayausd-branch-preflight-2020-linux/ecg-maya-usd/maya-usd/lib/mayaUsd/ufe/StagesSubject.h
    -- promoting: /home/S/jenkins/workspace/ecg-mayausd-branch-preflight-2020-linux/ecg-maya-usd/maya-usd/lib/mayaUsd/ufe/UsdHierarchy.h
    -- promoting: /home/S/jenkins/workspace/ecg-mayausd-branch-preflight-2020-linux/ecg-maya-usd/maya-usd/lib/mayaUsd/ufe/UsdHierarchyHandler.h
    -- promoting: /home/S/jenkins/workspace/ecg-mayausd-branch-preflight-2020-linux/ecg-maya-usd/maya-usd/lib/mayaUsd/ufe/UsdPointInstanceModifierBase.h
    -- promoting: /home/S/jenkins/workspace/ecg-mayausd-branch-preflight-2020-linux/ecg-maya-usd/maya-usd/lib/mayaUsd/ufe/UsdPointInstanceOrientationModifier.h
    -- promoting: /home/S/jenkins/workspace/ecg-mayausd-branch-preflight-2020-linux/ecg-maya-usd/maya-usd/lib/mayaUsd/ufe/UsdPointInstancePositionModifier.h
    -- promoting: /home/S/jenkins/workspace/ecg-mayausd-branch-preflight-2020-linux/ecg-maya-usd/maya-usd/lib/mayaUsd/ufe/UsdPointInstanceScaleModifier.h
    -- promoting: /home/S/jenkins/workspace/ecg-mayausd-branch-preflight-2020-linux/ecg-maya-usd/maya-usd/lib/mayaUsd/ufe/UsdRootChildHierarchy.h
    -- promoting: /home/S/jenkins/workspace/ecg-mayausd-branch-preflight-2020-linux/ecg-maya-usd/maya-usd/lib/mayaUsd/ufe/UsdRotatePivotTranslateUndoableCommand.h
    -- promoting: /home/S/jenkins/workspace/ecg-mayausd-branch-preflight-2020-linux/ecg-maya-usd/maya-usd/lib/mayaUsd/ufe/UsdRotateUndoableCommand.h
    -- promoting: /home/S/jenkins/workspace/ecg-mayausd-branch-preflight-2020-linux/ecg-maya-usd/maya-usd/lib/mayaUsd/ufe/UsdScaleUndoableCommand.h
    -- promoting: /home/S/jenkins/workspace/ecg-mayausd-branch-preflight-2020-linux/ecg-maya-usd/maya-usd/lib/mayaUsd/ufe/UsdSceneItem.h
    -- promoting: /home/S/jenkins/workspace/ecg-mayausd-branch-preflight-2020-linux/ecg-maya-usd/maya-usd/lib/mayaUsd/ufe/UsdSceneItemOps.h
    -- promoting: /home/S/jenkins/workspace/ecg-mayausd-branch-preflight-2020-linux/ecg-maya-usd/maya-usd/lib/mayaUsd/ufe/UsdSceneItemOpsHandler.h
    -- promoting: /home/S/jenkins/workspace/ecg-mayausd-branch-preflight-2020-linux/ecg-maya-usd/maya-usd/lib/mayaUsd/ufe/UsdStageMap.h
    -- promoting: /home/S/jenkins/workspace/ecg-mayausd-branch-preflight-2020-linux/ecg-maya-usd/maya-usd/lib/mayaUsd/ufe/UsdTRSUndoableCommandBase.h
    -- promoting: /home/S/jenkins/workspace/ecg-mayausd-branch-preflight-2020-linux/ecg-maya-usd/maya-usd/lib/mayaUsd/ufe/UsdTransform3d.h
    -- promoting: /home/S/jenkins/workspace/ecg-mayausd-branch-preflight-2020-linux/ecg-maya-usd/maya-usd/lib/mayaUsd/ufe/UsdTransform3dHandler.h
    -- promoting: /home/S/jenkins/workspace/ecg-mayausd-branch-preflight-2020-linux/ecg-maya-usd/maya-usd/lib/mayaUsd/ufe/UsdTranslateUndoableCommand.h
    -- promoting: /home/S/jenkins/workspace/ecg-mayausd-branch-preflight-2020-linux/ecg-maya-usd/maya-usd/lib/mayaUsd/ufe/UsdUndoDeleteCommand.h
    -- promoting: /home/S/jenkins/workspace/ecg-mayausd-branch-preflight-2020-linux/ecg-maya-usd/maya-usd/lib/mayaUsd/ufe/UsdUndoDuplicateCommand.h
    -- promoting: /home/S/jenkins/workspace/ecg-mayausd-branch-preflight-2020-linux/ecg-maya-usd/maya-usd/lib/mayaUsd/ufe/UsdUndoRenameCommand.h
    -- promoting: /home/S/jenkins/workspace/ecg-mayausd-branch-preflight-2020-linux/ecg-maya-usd/maya-usd/lib/mayaUsd/ufe/Utils.h
    -- promoting: /home/S/jenkins/workspace/ecg-mayausd-branch-preflight-2020-linux/ecg-maya-usd/maya-usd/lib/mayaUsd/ufe/UfeVersionCompat.h
    -- promoting: /home/S/jenkins/workspace/ecg-mayausd-branch-preflight-2020-linux/ecg-maya-usd/maya-usd/lib/mayaUsd/undo/OpUndoItemList.h
    -- promoting: /home/S/jenkins/workspace/ecg-mayausd-branch-preflight-2020-linux/ecg-maya-usd/maya-usd/lib/mayaUsd/undo/OpUndoItemMuting.h
    -- promoting: /home/S/jenkins/workspace/ecg-mayausd-branch-preflight-2020-linux/ecg-maya-usd/maya-usd/lib/mayaUsd/undo/OpUndoItemRecorder.h
    -- promoting: /home/S/jenkins/workspace/ecg-mayausd-branch-preflight-2020-linux/ecg-maya-usd/maya-usd/lib/mayaUsd/undo/OpUndoItems.h
    -- promoting: /home/S/jenkins/workspace/ecg-mayausd-branch-preflight-2020-linux/ecg-maya-usd/maya-usd/lib/mayaUsd/undo/UsdUndoBlock.h
    -- promoting: /home/S/jenkins/workspace/ecg-mayausd-branch-preflight-2020-linux/ecg-maya-usd/maya-usd/lib/mayaUsd/undo/UsdUndoManager.h
    -- promoting: /home/S/jenkins/workspace/ecg-mayausd-branch-preflight-2020-linux/ecg-maya-usd/maya-usd/lib/mayaUsd/undo/UsdUndoStateDelegate.h
    -- promoting: /home/S/jenkins/workspace/ecg-mayausd-branch-preflight-2020-linux/ecg-maya-usd/maya-usd/lib/mayaUsd/undo/UsdUndoableItem.h
    -- promoting: /home/S/jenkins/workspace/ecg-mayausd-branch-preflight-2020-linux/ecg-maya-usd/maya-usd/lib/mayaUsd/utils/blockSceneModificationContext.h
    -- promoting: /home/S/jenkins/workspace/ecg-mayausd-branch-preflight-2020-linux/ecg-maya-usd/maya-usd/lib/mayaUsd/utils/colorSpace.h
    -- promoting: /home/S/jenkins/workspace/ecg-mayausd-branch-preflight-2020-linux/ecg-maya-usd/maya-usd/lib/mayaUsd/utils/customLayerData.h
    -- promoting: /home/S/jenkins/workspace/ecg-mayausd-branch-preflight-2020-linux/ecg-maya-usd/maya-usd/lib/mayaUsd/utils/converter.h
    -- promoting: /home/S/jenkins/workspace/ecg-mayausd-branch-preflight-2020-linux/ecg-maya-usd/maya-usd/lib/mayaUsd/utils/diagnosticDelegate.h
    -- promoting: /home/S/jenkins/workspace/ecg-mayausd-branch-preflight-2020-linux/ecg-maya-usd/maya-usd/lib/mayaUsd/utils/editability.h
    -- promoting: /home/S/jenkins/workspace/ecg-mayausd-branch-preflight-2020-linux/ecg-maya-usd/maya-usd/lib/mayaUsd/utils/editRouter.h
    -- promoting: /home/S/jenkins/workspace/ecg-mayausd-branch-preflight-2020-linux/ecg-maya-usd/maya-usd/lib/mayaUsd/utils/hash.h
    -- promoting: /home/S/jenkins/workspace/ecg-mayausd-branch-preflight-2020-linux/ecg-maya-usd/maya-usd/lib/mayaUsd/utils/loadRules.h
    -- promoting: /home/S/jenkins/workspace/ecg-mayausd-branch-preflight-2020-linux/ecg-maya-usd/maya-usd/lib/mayaUsd/utils/query.h
    -- promoting: /home/S/jenkins/workspace/ecg-mayausd-branch-preflight-2020-linux/ecg-maya-usd/maya-usd/lib/mayaUsd/utils/plugRegistryHelper.h
    -- promoting: /home/S/jenkins/workspace/ecg-mayausd-branch-preflight-2020-linux/ecg-maya-usd/maya-usd/lib/mayaUsd/utils/selectability.h
    -- promoting: /home/S/jenkins/workspace/ecg-mayausd-branch-preflight-2020-linux/ecg-maya-usd/maya-usd/lib/mayaUsd/utils/stageCache.h
    -- promoting: /home/S/jenkins/workspace/ecg-mayausd-branch-preflight-2020-linux/ecg-maya-usd/maya-usd/lib/mayaUsd/utils/traverseLayer.h
    -- promoting: /home/S/jenkins/workspace/ecg-mayausd-branch-preflight-2020-linux/ecg-maya-usd/maya-usd/lib/mayaUsd/utils/undoHelperCommand.h
    -- promoting: /home/S/jenkins/workspace/ecg-mayausd-branch-preflight-2020-linux/ecg-maya-usd/maya-usd/lib/mayaUsd/utils/util.h
    -- promoting: /home/S/jenkins/workspace/ecg-mayausd-branch-preflight-2020-linux/ecg-maya-usd/maya-usd/lib/mayaUsd/utils/utilFileSystem.h
    -- promoting: /home/S/jenkins/workspace/ecg-mayausd-branch-preflight-2020-linux/ecg-maya-usd/maya-usd/lib/mayaUsd/utils/utilSerialization.h
    -- promoting: /home/S/jenkins/workspace/ecg-mayausd-branch-preflight-2020-linux/ecg-maya-usd/maya-usd/lib/mayaUsd/render/mayaToHydra/utils.h
    -- promoting: /home/S/jenkins/workspace/ecg-mayausd-branch-preflight-2020-linux/ecg-maya-usd/maya-usd/lib/usd/hdMaya/api.h
    -- promoting: /home/S/jenkins/workspace/ecg-mayausd-branch-preflight-2020-linux/ecg-maya-usd/maya-usd/lib/usd/hdMaya/utils.h
    -- promoting: /home/S/jenkins/workspace/ecg-mayausd-branch-preflight-2020-linux/ecg-maya-usd/maya-usd/lib/usd/hdMaya/debugCodes.h
    -- promoting: /home/S/jenkins/workspace/ecg-mayausd-branch-preflight-2020-linux/ecg-maya-usd/maya-usd/lib/usd/hdMaya/adapters/adapter.h
    -- promoting: /home/S/jenkins/workspace/ecg-mayausd-branch-preflight-2020-linux/ecg-maya-usd/maya-usd/lib/usd/hdMaya/adapters/adapterDebugCodes.h
    -- promoting: /home/S/jenkins/workspace/ecg-mayausd-branch-preflight-2020-linux/ecg-maya-usd/maya-usd/lib/usd/hdMaya/adapters/adapterRegistry.h
    -- promoting: /home/S/jenkins/workspace/ecg-mayausd-branch-preflight-2020-linux/ecg-maya-usd/maya-usd/lib/usd/hdMaya/adapters/cameraAdapter.h
    -- promoting: /home/S/jenkins/workspace/ecg-mayausd-branch-preflight-2020-linux/ecg-maya-usd/maya-usd/lib/usd/hdMaya/adapters/constantShadowMatrix.h
    -- promoting: /home/S/jenkins/workspace/ecg-mayausd-branch-preflight-2020-linux/ecg-maya-usd/maya-usd/lib/usd/hdMaya/adapters/dagAdapter.h
    -- promoting: /home/S/jenkins/workspace/ecg-mayausd-branch-preflight-2020-linux/ecg-maya-usd/maya-usd/lib/usd/hdMaya/adapters/lightAdapter.h
    -- promoting: /home/S/jenkins/workspace/ecg-mayausd-branch-preflight-2020-linux/ecg-maya-usd/maya-usd/lib/usd/hdMaya/adapters/proxyAdapter.h
    -- promoting: /home/S/jenkins/workspace/ecg-mayausd-branch-preflight-2020-linux/ecg-maya-usd/maya-usd/lib/usd/hdMaya/adapters/materialAdapter.h
    -- promoting: /home/S/jenkins/workspace/ecg-mayausd-branch-preflight-2020-linux/ecg-maya-usd/maya-usd/lib/usd/hdMaya/adapters/materialNetworkConverter.h
    -- promoting: /home/S/jenkins/workspace/ecg-mayausd-branch-preflight-2020-linux/ecg-maya-usd/maya-usd/lib/usd/hdMaya/adapters/mayaAttrs.h
    -- promoting: /home/S/jenkins/workspace/ecg-mayausd-branch-preflight-2020-linux/ecg-maya-usd/maya-usd/lib/usd/hdMaya/adapters/shapeAdapter.h
    -- promoting: /home/S/jenkins/workspace/ecg-mayausd-branch-preflight-2020-linux/ecg-maya-usd/maya-usd/lib/usd/hdMaya/adapters/tokens.h
    -- promoting: /home/S/jenkins/workspace/ecg-mayausd-branch-preflight-2020-linux/ecg-maya-usd/maya-usd/lib/usd/hdMaya/delegates/delegate.h
    -- promoting: /home/S/jenkins/workspace/ecg-mayausd-branch-preflight-2020-linux/ecg-maya-usd/maya-usd/lib/usd/hdMaya/delegates/delegateCtx.h
    -- promoting: /home/S/jenkins/workspace/ecg-mayausd-branch-preflight-2020-linux/ecg-maya-usd/maya-usd/lib/usd/hdMaya/delegates/delegateDebugCodes.h
    -- promoting: /home/S/jenkins/workspace/ecg-mayausd-branch-preflight-2020-linux/ecg-maya-usd/maya-usd/lib/usd/hdMaya/delegates/delegateRegistry.h
    -- promoting: /home/S/jenkins/workspace/ecg-mayausd-branch-preflight-2020-linux/ecg-maya-usd/maya-usd/lib/usd/hdMaya/delegates/params.h
    -- promoting: /home/S/jenkins/workspace/ecg-mayausd-branch-preflight-2020-linux/ecg-maya-usd/maya-usd/lib/usd/hdMaya/delegates/proxyDelegate.h
    -- promoting: /home/S/jenkins/workspace/ecg-mayausd-branch-preflight-2020-linux/ecg-maya-usd/maya-usd/lib/usd/hdMaya/delegates/proxyUsdImagingDelegate.h
    -- promoting: /home/S/jenkins/workspace/ecg-mayausd-branch-preflight-2020-linux/ecg-maya-usd/maya-usd/lib/usd/hdMaya/delegates/sceneDelegate.h
    -- promoting: /home/S/jenkins/workspace/ecg-mayausd-branch-preflight-2020-linux/ecg-maya-usd/maya-usd/lib/usd/hdMaya/delegates/testDelegate.h
    -- promoting: /home/S/jenkins/workspace/ecg-mayausd-branch-preflight-2020-linux/ecg-maya-usd/maya-usd/lib/usd/pxrUsdPreviewSurface/usdPreviewSurface.h
    -- promoting: /home/S/jenkins/workspace/ecg-mayausd-branch-preflight-2020-linux/ecg-maya-usd/maya-usd/lib/usd/pxrUsdPreviewSurface/usdPreviewSurfacePlugin.h
    -- promoting: /home/S/jenkins/workspace/ecg-mayausd-branch-preflight-2020-linux/ecg-maya-usd/maya-usd/lib/usd/schemas/api.h
    -- promoting: /home/S/jenkins/workspace/ecg-mayausd-branch-preflight-2020-linux/ecg-maya-usd/maya-usd/lib/usd/schemas/ALMayaReference.h
    -- promoting: /home/S/jenkins/workspace/ecg-mayausd-branch-preflight-2020-linux/ecg-maya-usd/maya-usd/lib/usd/schemas/MayaReference.h
    -- promoting: /home/S/jenkins/workspace/ecg-mayausd-branch-preflight-2020-linux/ecg-maya-usd/maya-usd/lib/usd/schemas/tokens.h
    #################################################################################################
    #  USD_DISABLE_PRIM_DEFINITIONS_FOR_USDGENSCHEMA is overridden to 'true'.  Default is 'false'.  #
    #################################################################################################
    Processing schema classes:
    MayaReference, ALMayaReference
    Loading Templates from /local/S/jenkins/workspace/shared/Artifactory/Linux/USD/b45703f/lib/usd/usd/resources/codegenTemplates
    Writing API:
    	    wrote /home/S/jenkins/workspace/ecg-mayausd-branch-preflight-2020-linux/build/RelWithDebInfo/lib/usd/schemas/api.h
    Writing Schema Tokens:
    	    wrote /home/S/jenkins/workspace/ecg-mayausd-branch-preflight-2020-linux/build/RelWithDebInfo/lib/usd/schemas/tokens.h
    	    wrote /home/S/jenkins/workspace/ecg-mayausd-branch-preflight-2020-linux/build/RelWithDebInfo/lib/usd/schemas/tokens.cpp
    	    wrote /home/S/jenkins/workspace/ecg-mayausd-branch-preflight-2020-linux/build/RelWithDebInfo/lib/usd/schemas/wrapTokens.cpp
    Generating Classes:
    	    wrote /home/S/jenkins/workspace/ecg-mayausd-branch-preflight-2020-linux/build/RelWithDebInfo/lib/usd/schemas/MayaReference.h
    	    wrote /home/S/jenkins/workspace/ecg-mayausd-branch-preflight-2020-linux/build/RelWithDebInfo/lib/usd/schemas/MayaReference.cpp
    	    wrote /home/S/jenkins/workspace/ecg-mayausd-branch-preflight-2020-linux/build/RelWithDebInfo/lib/usd/schemas/wrapMayaReference.cpp
    	    wrote /home/S/jenkins/workspace/ecg-mayausd-branch-preflight-2020-linux/build/RelWithDebInfo/lib/usd/schemas/ALMayaReference.h
    	    wrote /home/S/jenkins/workspace/ecg-mayausd-branch-preflight-2020-linux/build/RelWithDebInfo/lib/usd/schemas/ALMayaReference.cpp
    	    wrote /home/S/jenkins/workspace/ecg-mayausd-branch-preflight-2020-linux/build/RelWithDebInfo/lib/usd/schemas/wrapALMayaReference.cpp
    Loading Templates from /local/S/jenkins/workspace/shared/Artifactory/Linux/USD/b45703f/lib/usd/usd/resources/codegenTemplates
    	    wrote /home/S/jenkins/workspace/ecg-mayausd-branch-preflight-2020-linux/build/RelWithDebInfo/lib/usd/schemas/plugInfo.json
    Generating Schematics:
    	    wrote /home/S/jenkins/workspace/ecg-mayausd-branch-preflight-2020-linux/build/RelWithDebInfo/lib/usd/schemas/generatedSchema.usda
    -- promoting: /home/S/jenkins/workspace/ecg-mayausd-branch-preflight-2020-linux/ecg-maya-usd/maya-usd/lib/usd/utils/ALHalf.h
    -- promoting: /home/S/jenkins/workspace/ecg-mayausd-branch-preflight-2020-linux/ecg-maya-usd/maya-usd/lib/usd/utils/Api.h
    -- promoting: /home/S/jenkins/workspace/ecg-mayausd-branch-preflight-2020-linux/ecg-maya-usd/maya-usd/lib/usd/utils/DebugCodes.h
    -- promoting: /home/S/jenkins/workspace/ecg-mayausd-branch-preflight-2020-linux/ecg-maya-usd/maya-usd/lib/usd/utils/DiffCore.h
    -- promoting: /home/S/jenkins/workspace/ecg-mayausd-branch-preflight-2020-linux/ecg-maya-usd/maya-usd/lib/usd/utils/DiffPrims.h
    -- promoting: /home/S/jenkins/workspace/ecg-mayausd-branch-preflight-2020-linux/ecg-maya-usd/maya-usd/lib/usd/utils/MergePrims.h
    -- promoting: /home/S/jenkins/workspace/ecg-mayausd-branch-preflight-2020-linux/ecg-maya-usd/maya-usd/lib/usd/utils/MergePrimsOptions.h
    -- promoting: /home/S/jenkins/workspace/ecg-mayausd-branch-preflight-2020-linux/ecg-maya-usd/maya-usd/lib/usd/utils/ForwardDeclares.h
    -- promoting: /home/S/jenkins/workspace/ecg-mayausd-branch-preflight-2020-linux/ecg-maya-usd/maya-usd/lib/usd/utils/SIMD.h
    -- promoting: /home/S/jenkins/workspace/ecg-mayausd-branch-preflight-2020-linux/ecg-maya-usd/maya-usd/lib/usd/utils/util.h
    -- promoting: /home/S/jenkins/workspace/ecg-mayausd-branch-preflight-2020-linux/ecg-maya-usd/maya-usd/lib/usd/ui/layerEditor/batchSaveLayersUIDelegate.h
    -- promoting: /home/S/jenkins/workspace/ecg-mayausd-branch-preflight-2020-linux/ecg-maya-usd/maya-usd/lib/usd/ui/importDialog/IMayaMQtUtil.h
    -- promoting: /home/S/jenkins/workspace/ecg-mayausd-branch-preflight-2020-linux/ecg-maya-usd/maya-usd/lib/usd/ui/importDialog/ItemDelegate.h
    -- promoting: /home/S/jenkins/workspace/ecg-mayausd-branch-preflight-2020-linux/ecg-maya-usd/maya-usd/lib/usd/ui/importDialog/IUSDImportView.h
    -- promoting: /home/S/jenkins/workspace/ecg-mayausd-branch-preflight-2020-linux/ecg-maya-usd/maya-usd/lib/usd/ui/importDialog/TreeItem.h
    -- promoting: /home/S/jenkins/workspace/ecg-mayausd-branch-preflight-2020-linux/ecg-maya-usd/maya-usd/lib/usd/ui/importDialog/TreeModel.h
    -- promoting: /home/S/jenkins/workspace/ecg-mayausd-branch-preflight-2020-linux/ecg-maya-usd/maya-usd/lib/usd/ui/importDialog/TreeModelFactory.h
    -- promoting: /home/S/jenkins/workspace/ecg-mayausd-branch-preflight-2020-linux/ecg-maya-usd/maya-usd/lib/usd/ui/importDialog/USDImportDialog.h
    -- promoting: /home/S/jenkins/workspace/ecg-mayausd-branch-preflight-2020-linux/ecg-maya-usd/maya-usd/lib/usd/ui/importDialog/USDImportDialogCmd.h
    -- promoting: /home/S/jenkins/workspace/ecg-mayausd-branch-preflight-2020-linux/ecg-maya-usd/maya-usd/lib/usd/ui/importDialog/USDQtUtil.h
    -- promoting: /home/S/jenkins/workspace/ecg-mayausd-branch-preflight-2020-linux/ecg-maya-usd/maya-usd/lib/usd/ui/api.h
    -- promoting: /home/S/jenkins/workspace/ecg-mayausd-branch-preflight-2020-linux/ecg-maya-usd/maya-usd/lib/usd/ui/initStringResources.h
    ========== Pixar USD Plugin ==========
    Compiling /home/S/jenkins/workspace/ecg-mayausd-branch-preflight-2020-linux/build/RelWithDebInfo/plugin/pxr/__init__.py ...
    ========== AL USD Plugin ==========
    CMake Deprecation Warning at plugin/al/CMakeLists.txt:7 (cmake_policy):
      The OLD behavior for policy CMP0026 will be removed from a future version
      of CMake.
    
      The cmake-policies(7) manual explains that the OLD behaviors of all
      policies are deprecated and that a policy should be set to OLD only under
      specific short-term circumstances.  Projects should be ported to the NEW
      behavior and not rely on setting a policy to OLD.
    
    
    -- Boost version: 1.66.0
    -- Boost version: 1.66.0
    -- Found the following Boost libraries:
    --   python
    -- Found GTest: /home/S/jenkins/workspace/ecg-mayausd-branch-preflight-2020-linux/build/RelWithDebInfo/googletest-install/lib64/libgtest.so
    -- Building AL_USDMayaSchemas
    #################################################################################################
    #  USD_DISABLE_PRIM_DEFINITIONS_FOR_USDGENSCHEMA is overridden to 'true'.  Default is 'false'.  #
    #################################################################################################
    Processing schema classes:
    ALModelAPI, ALFrameRange
    Loading Templates from /local/S/jenkins/workspace/shared/Artifactory/Linux/USD/b45703f/lib/usd/usd/resources/codegenTemplates
    Writing API:
    	    wrote /home/S/jenkins/workspace/ecg-mayausd-branch-preflight-2020-linux/build/RelWithDebInfo/plugin/al/schemas/AL/usd/schemas/maya/api.h
    Writing Schema Tokens:
    	    wrote /home/S/jenkins/workspace/ecg-mayausd-branch-preflight-2020-linux/build/RelWithDebInfo/plugin/al/schemas/AL/usd/schemas/maya/tokens.h
    	    wrote /home/S/jenkins/workspace/ecg-mayausd-branch-preflight-2020-linux/build/RelWithDebInfo/plugin/al/schemas/AL/usd/schemas/maya/tokens.cpp
    	    wrote /home/S/jenkins/workspace/ecg-mayausd-branch-preflight-2020-linux/build/RelWithDebInfo/plugin/al/schemas/AL/usd/schemas/maya/wrapTokens.cpp
    Generating Classes:
    	    wrote /home/S/jenkins/workspace/ecg-mayausd-branch-preflight-2020-linux/build/RelWithDebInfo/plugin/al/schemas/AL/usd/schemas/maya/ModelAPI.h
    	    wrote /home/S/jenkins/workspace/ecg-mayausd-branch-preflight-2020-linux/build/RelWithDebInfo/plugin/al/schemas/AL/usd/schemas/maya/ModelAPI.cpp
    	    wrote /home/S/jenkins/workspace/ecg-mayausd-branch-preflight-2020-linux/build/RelWithDebInfo/plugin/al/schemas/AL/usd/schemas/maya/wrapModelAPI.cpp
    	    wrote /home/S/jenkins/workspace/ecg-mayausd-branch-preflight-2020-linux/build/RelWithDebInfo/plugin/al/schemas/AL/usd/schemas/maya/FrameRange.h
    	    wrote /home/S/jenkins/workspace/ecg-mayausd-branch-preflight-2020-linux/build/RelWithDebInfo/plugin/al/schemas/AL/usd/schemas/maya/FrameRange.cpp
    	    wrote /home/S/jenkins/workspace/ecg-mayausd-branch-preflight-2020-linux/build/RelWithDebInfo/plugin/al/schemas/AL/usd/schemas/maya/wrapFrameRange.cpp
    Loading Templates from /local/S/jenkins/workspace/shared/Artifactory/Linux/USD/b45703f/lib/usd/usd/resources/codegenTemplates
    	    wrote /home/S/jenkins/workspace/ecg-mayausd-branch-preflight-2020-linux/build/RelWithDebInfo/plugin/al/schemas/AL/usd/schemas/maya/plugInfo.json
    Generating Schematics:
    	    wrote /home/S/jenkins/workspace/ecg-mayausd-branch-preflight-2020-linux/build/RelWithDebInfo/plugin/al/schemas/AL/usd/schemas/maya/generatedSchema.usda
    #################################################################################################
    #  USD_DISABLE_PRIM_DEFINITIONS_FOR_USDGENSCHEMA is overridden to 'true'.  Default is 'false'.  #
    #################################################################################################
    Processing schema classes:
    ALExamplePolyCubeNode
    Loading Templates from /local/S/jenkins/workspace/shared/Artifactory/Linux/USD/b45703f/lib/usd/usd/resources/codegenTemplates
    Writing API:
    	    wrote /home/S/jenkins/workspace/ecg-mayausd-branch-preflight-2020-linux/build/RelWithDebInfo/plugin/al/schemas/AL/usd/schemas/mayatest/api.h
    Writing Schema Tokens:
    	    wrote /home/S/jenkins/workspace/ecg-mayausd-branch-preflight-2020-linux/build/RelWithDebInfo/plugin/al/schemas/AL/usd/schemas/mayatest/tokens.h
    	    wrote /home/S/jenkins/workspace/ecg-mayausd-branch-preflight-2020-linux/build/RelWithDebInfo/plugin/al/schemas/AL/usd/schemas/mayatest/tokens.cpp
    	    wrote /home/S/jenkins/workspace/ecg-mayausd-branch-preflight-2020-linux/build/RelWithDebInfo/plugin/al/schemas/AL/usd/schemas/mayatest/wrapTokens.cpp
    Generating Classes:
    	    wrote /home/S/jenkins/workspace/ecg-mayausd-branch-preflight-2020-linux/build/RelWithDebInfo/plugin/al/schemas/AL/usd/schemas/mayatest/ExamplePolyCubeNode.h
    	    wrote /home/S/jenkins/workspace/ecg-mayausd-branch-preflight-2020-linux/build/RelWithDebInfo/plugin/al/schemas/AL/usd/schemas/mayatest/ExamplePolyCubeNode.cpp
    	    wrote /home/S/jenkins/workspace/ecg-mayausd-branch-preflight-2020-linux/build/RelWithDebInfo/plugin/al/schemas/AL/usd/schemas/mayatest/wrapExamplePolyCubeNode.cpp
    Loading Templates from /local/S/jenkins/workspace/shared/Artifactory/Linux/USD/b45703f/lib/usd/usd/resources/codegenTemplates
    	    wrote /home/S/jenkins/workspace/ecg-mayausd-branch-preflight-2020-linux/build/RelWithDebInfo/plugin/al/schemas/AL/usd/schemas/mayatest/plugInfo.json
    Generating Schematics:
    	    wrote /home/S/jenkins/workspace/ecg-mayausd-branch-preflight-2020-linux/build/RelWithDebInfo/plugin/al/schemas/AL/usd/schemas/mayatest/generatedSchema.usda
    -- Building AL_USDMayaTranslators
    ========== ADSK USD Plugin ==========
    -- Configuring done
    -- Generating done
    -- Build files have been written to: /home/S/jenkins/workspace/ecg-mayausd-branch-preflight-2020-linux/build/RelWithDebInfo
    
        Building with settings:
          Source directory          /home/S/jenkins/workspace/ecg-mayausd-branch-preflight-2020-linux/ecg-maya-usd/maya-usd
          Workspace directory       /local/S/jenkins/workspace/ecg-mayausd-branch-preflight-2020-linux
          Build directory           /local/S/jenkins/workspace/ecg-mayausd-branch-preflight-2020-linux/build/RelWithDebInfo
          Install directory         /local/S/jenkins/workspace/ecg-mayausd-branch-preflight-2020-linux/install/RelWithDebInfo/MayaUSD
          Variant                   RelWithDebInfo
          Python Debug              Off
          CMake generator           Ninja
          Build arguments           ['-DCMAKE_MAKE_PROGRAM=/local/S/jenkins/workspace/shared/Artifactory/Linux/ninja/1.9.0/aca9939/ninja', '-DPYTHON_INCLUDE_DIR=/local/S/jenkins/workspace/shared/Artifactory/Linux/rundev-2020/202107140359/runtime/a6ca045/runTime/include/Python', '-DPython_EXECUTABLE=/local/S/jenkins/workspace/shared/Artifactory/Linux/rundev-2020/202107140359/runtime/a6ca045/runTime/bin/mayapy', '-DPYTHON_LIBRARIES=/local/S/jenkins/workspace/shared/Artifactory/Linux/rundev-2020/202107140359/runtime/a6ca045/runTime/lib/libpython2.7.so.1.0', '-DUSD_LIB_PREFIX=lib', '-DCMAKE_WANT_MATERIALX_BUILD=ON', '-DCMAKE_PREFIX_PATH=/local/S/jenkins/workspace/shared/Artifactory/Linux/USD/b45703f']
          Stages arguments          ['configure']
          CTest arguments           ['-E testUsdReferenceAssemblySelection|testUsdMayaAppDir|AL_MayaUtilsTests|testUsdImportDisplacement|testUsdImportFrameRange', '-LE interactive', '--parallel 16']
    Success MayaUSD build and install !!!!
    Elapsed time: 00:00:15
[Pipeline] }
[Pipeline] // withEnv
[Pipeline] }
[Pipeline] // stage
[Pipeline] }
[Pipeline] // timestamps
[Pipeline] }
[Pipeline] // timeout
[Pipeline] timeout
Timeout set to expire in 6 hr 0 min
[Pipeline] {
[Pipeline] timestamps
[Pipeline] {
[Pipeline] stage
[Pipeline] { (Build)
[Pipeline] withEnv
[Pipeline] {
[Pipeline] sh
[ecg-mayausd-branch-preflight-2020-linux] Running shell script
+ scl enable devtoolset-6 -
python ecg-maya-usd/build.py --stages=build --workspace-dir=/local/S/jenkins/workspace/ecg-mayausd-branch-preflight-2020-linux --artifactory-dir=/local/S/jenkins/workspace/shared/Artifactory --build-dir=/local/S/jenkins/workspace/ecg-mayausd-branch-preflight-2020-linux/build --install-dir=/local/S/jenkins/workspace/ecg-mayausd-branch-preflight-2020-linux/install --signing-dir=/local/S/jenkins/workspace/ecg-mayausd-branch-preflight-2020-linux/signing --package-dir=/local/S/jenkins/workspace/ecg-mayausd-branch-preflight-2020-linux/package --output-dir=/local/S/jenkins/workspace/ecg-mayausd-branch-preflight-2020-linux/output --stash-dir=/local/S/jenkins/workspace/ecg-mayausd-branch-preflight-2020-linux/stash --jenkins-build=2107 --git-commit=eadb994eca850350685c82c75246d455e301ac05 --git-branch=master --variants=RelWithDebInfo --python=2.7 --post-zips=false --build-retry=3 --maya-cut-config=maya-rundev-2020.yaml --stage-banner
Using Maya cut from /local/S/jenkins/workspace/shared/Artifactory/Linux/rundev-2020/202107140359/runtime/a6ca045

================================================================================
                             build (RelWithDebInfo)
================================================================================
Maya Python RelWithDebInfo Info:
  mayapy executable   = /local/S/jenkins/workspace/shared/Artifactory/Linux/rundev-2020/202107140359/runtime/a6ca045/runTime/bin/mayapy
  Include Folder      = /local/S/jenkins/workspace/shared/Artifactory/Linux/rundev-2020/202107140359/runtime/a6ca045/runTime/include/Python
  Library             = /local/S/jenkins/workspace/shared/Artifactory/Linux/rundev-2020/202107140359/runtime/a6ca045/runTime/lib/libpython2.7.so.1.0
  site-package Folder = /local/S/jenkins/workspace/shared/Artifactory/Linux/rundev-2020/202107140359/runtime/a6ca045/runTime/lib/python2.7/site-packages
In workdir: /home/S/jenkins/workspace/ecg-mayausd-branch-preflight-2020-linux/ecg-maya-usd/maya-usd
Executing: /local/S/jenkins/workspace/shared/Artifactory/Linux/rundev-2020/202107140359/runtime/a6ca045/runTime/bin/mayapy /home/S/jenkins/workspace/ecg-mayausd-branch-preflight-2020-linux/ecg-maya-usd/maya-usd/build.py --generator Ninja --build-relwithdebug --maya-location /local/S/jenkins/workspace/shared/Artifactory/Linux/rundev-2020/202107140359/runtime/a6ca045/runTime --devkit-location /local/S/jenkins/workspace/shared/Artifactory/Linux/rundev-2020/202107140359/runtime/a6ca045/devkitBase --pxrusd-location /local/S/jenkins/workspace/shared/Artifactory/Linux/USD/b45703f --qt-location /local/S/jenkins/workspace/shared/Artifactory/Linux/qt/5.12.5/84f551b --build-args=-DCMAKE_MAKE_PROGRAM=/local/S/jenkins/workspace/shared/Artifactory/Linux/ninja/1.9.0/aca9939/ninja,-DPYTHON_INCLUDE_DIR=/local/S/jenkins/workspace/shared/Artifactory/Linux/rundev-2020/202107140359/runtime/a6ca045/runTime/include/Python,-DPython_EXECUTABLE=/local/S/jenkins/workspace/shared/Artifactory/Linux/rundev-2020/202107140359/runtime/a6ca045/runTime/bin/mayapy,-DPYTHON_LIBRARIES=/local/S/jenkins/workspace/shared/Artifactory/Linux/rundev-2020/202107140359/runtime/a6ca045/runTime/lib/libpython2.7.so.1.0,-DUSD_LIB_PREFIX=lib,-DCMAKE_WANT_MATERIALX_BUILD=ON,-DCMAKE_PREFIX_PATH=/local/S/jenkins/workspace/shared/Artifactory/Linux/USD/b45703f '--ctest-args=-E testUsdReferenceAssemblySelection|testUsdMayaAppDir|AL_MayaUtilsTests|testUsdImportDisplacement|testUsdImportFrameRange,-LE interactive,--parallel 16' --stages=build --redirect-outstream-file=False --install-location /local/S/jenkins/workspace/ecg-mayausd-branch-preflight-2020-linux/install/RelWithDebInfo/MayaUSD /local/S/jenkins/workspace/ecg-mayausd-branch-preflight-2020-linux
Modified environment variables:
    PATH=/local/S/jenkins/workspace/shared/Artifactory/Linux/cmake/3.14.4/656573b/bin:/opt/rh/devtoolset-6/root/usr/bin:/usr/local/bin:/usr/bin
    LD_LIBRARY_PATH=/opt/rh/devtoolset-6/root/usr/lib64:/opt/rh/devtoolset-6/root/usr/lib64:/opt/rh/devtoolset-6/root/usr/lib
    [1/654] Building CXX object test/lib/usd/plugin/CMakeFiles/usdTestInfoImportChaser.dir/plugin.cpp.o
    [2/654] Building CXX object test/lib/usd/plugin/CMakeFiles/usdTestMayaPlugin.dir/plugin.cpp.o
    [3/654] Building CXX object test/lib/usd/plugin/CMakeFiles/usdTestApiWriter.dir/plugin.cpp.o
    [4/654] Building CXX object test/lib/usd/utils/CMakeFiles/testDiffLists.dir/main.cpp.o
    [5/654] Building CXX object test/lib/usd/utils/CMakeFiles/testDiffDictionaries.dir/main.cpp.o
    [6/654] Building CXX object test/lib/usd/utils/CMakeFiles/testDiffCore.dir/main.cpp.o
    [7/654] Building CXX object test/lib/usd/utils/CMakeFiles/testMergePrims.dir/main.cpp.o
    [8/654] Building CXX object test/lib/usd/utils/CMakeFiles/testDiffAttributes.dir/main.cpp.o
    [9/654] Building CXX object lib/mayaUsd/CMakeFiles/mayaUsd.dir/undo/OpUndoItemList.cpp.o
    [10/654] Building CXX object test/lib/usd/utils/CMakeFiles/testDiffCore.dir/test_DiffCore.cpp.o
    [11/654] Building CXX object test/lib/usd/utils/CMakeFiles/testDiffMetadatas.dir/main.cpp.o
    [12/654] Building CXX object test/lib/usd/utils/CMakeFiles/testDiffRelationships.dir/main.cpp.o
    [13/654] Building CXX object test/lib/usd/plugin/CMakeFiles/usdTestInfoImportChaser.dir/infoImportChaser.cpp.o
    [14/654] Building CXX object test/lib/usd/plugin/CMakeFiles/usdTestMayaPlugin.dir/mayaShaderTranslation.cpp.o
    [15/654] Building CXX object test/lib/usd/plugin/CMakeFiles/usdTestUsdPlugin.dir/mayaShaderTranslation.cpp.o
    [16/654] Building CXX object test/lib/usd/utils/CMakeFiles/testDiffRelationships.dir/test_DiffRelationships.cpp.o
    [17/654] Building CXX object test/lib/usd/utils/CMakeFiles/testDiffComputeOverall.dir/main.cpp.o
    [18/654] Building CXX object test/lib/usd/utils/CMakeFiles/testDiffPrims.dir/test_DiffPrimsChildren.cpp.o
    [19/654] Building CXX object test/lib/usd/plugin/CMakeFiles/usdTestApiWriter.dir/nullApiExporter.cpp.o
    [20/654] Building CXX object test/lib/usd/utils/CMakeFiles/testDiffDictionaries.dir/test_DiffDictionaries.cpp.o
    [21/654] Building CXX object test/lib/usd/utils/CMakeFiles/testDiffAttributes.dir/test_DiffAttributes.cpp.o
    [22/654] Building CXX object test/lib/usd/utils/CMakeFiles/testDiffPrims.dir/test_DiffPrims.cpp.o
    [23/654] Building CXX object test/lib/usd/utils/CMakeFiles/testDiffPrims.dir/main.cpp.o
    [24/654] Building CXX object test/lib/usd/plugin/CMakeFiles/usdTestApiWriter.dir/bulletAdaptor.cpp.o
    [25/654] Building CXX object test/lib/usd/utils/CMakeFiles/testDiffValues.dir/main.cpp.o
    [26/654] Building CXX object test/lib/usd/utils/CMakeFiles/testDiffMetadatas.dir/test_DiffMetadatas.cpp.o
    [27/654] Building CXX object test/lib/usd/utils/CMakeFiles/testMergePrims.dir/test_MergePrims.cpp.o
    [28/654] Building CXX object lib/mayaUsd/CMakeFiles/mayaUsd.dir/undo/OpUndoItems.cpp.o
    [29/654] Building CXX object test/lib/usd/utils/CMakeFiles/testDiffLists.dir/test_DiffLists.cpp.o
    [30/654] Building CXX object lib/mayaUsd/CMakeFiles/mayaUsd.dir/base/debugCodes.cpp.o
    [31/654] Building CXX object lib/mayaUsd/CMakeFiles/mayaUsd.dir/base/tokens.cpp.o
    [32/654] Building CXX object lib/mayaUsd/CMakeFiles/mayaUsd.dir/ufe/UsdUndoDeleteCommand.cpp.o
    [33/654] Building CXX object lib/mayaUsd/CMakeFiles/mayaUsd.dir/ufe/UsdTranslateUndoableCommand.cpp.o
    [34/654] Building CXX object test/lib/usd/utils/CMakeFiles/testDiffComputeOverall.dir/test_DiffComputeOverall.cpp.o
    [35/654] Building CXX object test/lib/usd/utils/CMakeFiles/testDiffPrims.dir/test_DiffPrimsRelations.cpp.o
    [36/654] Building CXX object test/lib/usd/utils/CMakeFiles/testDiffPrims.dir/test_DiffPrimsAttributes.cpp.o
    [37/654] Building CXX object lib/mayaUsd/CMakeFiles/mayaUsd.dir/fileio/importData.cpp.o
    [38/654] Building CXX object lib/mayaUsd/CMakeFiles/mayaUsd.dir/commands/layerEditorWindowCommand.cpp.o
    [39/654] Building CXX object test/lib/usd/utils/CMakeFiles/testDiffValues.dir/test_DiffValues.cpp.o
    [40/654] Building CXX object test/lib/usd/utils/CMakeFiles/testDiffValues.dir/test_DiffValuesMatrices.cpp.o
    [41/654] Building CXX object test/lib/usd/utils/CMakeFiles/testDiffValues.dir/test_DiffValuesIntVecs.cpp.o
    [42/654] Building CXX object test/lib/usd/utils/CMakeFiles/testDiffValues.dir/test_DiffValuesGeneric.cpp.o
    [43/654] Building CXX object test/lib/usd/utils/CMakeFiles/testDiffValues.dir/test_DiffValuesQuaternions.cpp.o
    [44/654] Building CXX object test/lib/usd/utils/CMakeFiles/testDiffValues.dir/test_DiffValuesArrays.cpp.o
    [45/654] Building CXX object lib/mayaUsd/CMakeFiles/mayaUsd.dir/commands/baseListJobContextsCommand.cpp.o
    [46/654] Building CXX object lib/mayaUsd/CMakeFiles/mayaUsd.dir/commands/baseImportCommand.cpp.o
    [47/654] Building CXX object lib/mayaUsd/CMakeFiles/mayaUsd.dir/commands/baseExportCommand.cpp.o
    [48/654] Building CXX object test/lib/usd/utils/CMakeFiles/testDiffValues.dir/test_DiffValuesDoubleVecs.cpp.o
    [49/654] Building CXX object test/lib/usd/utils/CMakeFiles/testDiffValues.dir/test_DiffValuesFloatVecs.cpp.o
    [50/654] Building CXX object test/lib/usd/utils/CMakeFiles/testDiffValues.dir/test_DiffValuesHalfVecs.cpp.o
    [51/654] Building CXX object lib/mayaUsd/CMakeFiles/mayaUsd.dir/fileio/jobContextRegistry.cpp.o
    [52/654] Building CXX object lib/mayaUsd/CMakeFiles/mayaUsd.dir/commands/editTargetCommand.cpp.o
    [53/654] Building CXX object lib/mayaUsd/CMakeFiles/mayaUsd.dir/commands/baseListShadingModesCommand.cpp.o
    [54/654] Building CXX object lib/mayaUsd/CMakeFiles/mayaUsd.dir/fileio/fallbackPrimReader.cpp.o
    [55/654] Building CXX object lib/mayaUsd/CMakeFiles/mayaUsd.dir/fileio/functorPrimReader.cpp.o
    [56/654] Building CXX object lib/mayaUsd/CMakeFiles/mayaUsd.dir/fileio/primReader.cpp.o
    [57/654] Building CXX object lib/mayaUsd/CMakeFiles/mayaUsd.dir/fileio/primReaderArgs.cpp.o
    [58/654] Building CXX object lib/mayaUsd/CMakeFiles/mayaUsd.dir/fileio/functorPrimWriter.cpp.o
    [59/654] Building CXX object lib/mayaUsd/CMakeFiles/mayaUsd.dir/fileio/instancedNodeWriter.cpp.o
    [60/654] Building CXX object lib/mayaUsd/CMakeFiles/mayaUsd.dir/fileio/primReaderContext.cpp.o
    [61/654] Building CXX object lib/mayaUsd/CMakeFiles/mayaUsd.dir/fileio/primWriterContext.cpp.o
    [62/654] Building CXX object lib/mayaUsd/CMakeFiles/mayaUsd.dir/fileio/chaser/exportChaser.cpp.o
    [63/654] Building CXX object lib/mayaUsd/CMakeFiles/mayaUsd.dir/fileio/primReaderRegistry.cpp.o
    [64/654] Building CXX object lib/mayaUsd/CMakeFiles/mayaUsd.dir/fileio/primWriterArgs.cpp.o
    [65/654] Building CXX object lib/mayaUsd/CMakeFiles/mayaUsd.dir/fileio/registryHelper.cpp.o
    [66/654] Building CXX object lib/mayaUsd/CMakeFiles/mayaUsd.dir/fileio/primWriterRegistry.cpp.o
    [67/654] Building CXX object lib/mayaUsd/CMakeFiles/mayaUsd.dir/commands/layerEditorCommand.cpp.o
    [68/654] Building CXX object lib/mayaUsd/CMakeFiles/mayaUsd.dir/fileio/schemaApiAdaptor.cpp.o
    [69/654] Building CXX object lib/mayaUsd/CMakeFiles/mayaUsd.dir/fileio/primWriter.cpp.o
    [70/654] Building CXX object lib/mayaUsd/CMakeFiles/mayaUsd.dir/fileio/shaderWriter.cpp.o
    [71/654] Building CXX object lib/mayaUsd/CMakeFiles/mayaUsd.dir/fileio/shaderReader.cpp.o
    [72/654] Building CXX object lib/mayaUsd/CMakeFiles/mayaUsd.dir/fileio/shaderReaderRegistry.cpp.o
    [73/654] Building CXX object lib/mayaUsd/CMakeFiles/mayaUsd.dir/fileio/schemaApiAdaptorRegistry.cpp.o
    [74/654] Building CXX object lib/mayaUsd/CMakeFiles/mayaUsd.dir/fileio/shaderWriterRegistry.cpp.o
    [75/654] Building CXX object lib/mayaUsd/CMakeFiles/mayaUsd.dir/fileio/chaser/exportChaserRegistry.cpp.o
    [76/654] Building CXX object lib/mayaUsd/CMakeFiles/mayaUsd.dir/fileio/chaser/importChaser.cpp.o
    [77/654] Building CXX object lib/mayaUsd/CMakeFiles/mayaUsd.dir/fileio/chaser/importChaserRegistry.cpp.o
    [78/654] Building CXX object lib/mayaUsd/CMakeFiles/mayaUsd.dir/fileio/transformWriter.cpp.o
    [79/654] Building CXX object lib/mayaUsd/CMakeFiles/mayaUsd.dir/fileio/jobs/meshDataReadJob.cpp.o
    [80/654] Building CXX object lib/mayaUsd/CMakeFiles/mayaUsd.dir/fileio/writeJobContext.cpp.o
    [81/654] Building CXX object lib/mayaUsd/CMakeFiles/mayaUsd.dir/fileio/jobs/readJob.cpp.o
    [82/654] Building CXX object lib/mayaUsd/CMakeFiles/mayaUsd.dir/fileio/shading/shadingModeExporter.cpp.o
    [83/654] Building CXX object lib/mayaUsd/CMakeFiles/mayaUsd.dir/fileio/jobs/modelKindProcessor.cpp.o
    [84/654] Building CXX object lib/mayaUsd/CMakeFiles/mayaUsd.dir/fileio/shading/shadingModeImporter.cpp.o
    [85/654] Building CXX object lib/mayaUsd/CMakeFiles/mayaUsd.dir/fileio/translators/skelBindingsProcessor.cpp.o
    [86/654] Building CXX object lib/mayaUsd/CMakeFiles/mayaUsd.dir/fileio/shading/shadingModeDisplayColor.cpp.o
    [87/654] Building CXX object lib/mayaUsd/CMakeFiles/mayaUsd.dir/fileio/jobs/writeJob.cpp.o
    [88/654] Building CXX object lib/mayaUsd/CMakeFiles/mayaUsd.dir/fileio/shading/symmetricShaderReader.cpp.o
    [89/654] Building CXX object lib/mayaUsd/CMakeFiles/mayaUsd.dir/fileio/shading/shadingModeRegistry.cpp.o
    [90/654] Building CXX object lib/mayaUsd/CMakeFiles/mayaUsd.dir/fileio/shading/shadingModeExporterContext.cpp.o
    [91/654] Building CXX object lib/mayaUsd/CMakeFiles/mayaUsd.dir/fileio/shading/symmetricShaderWriter.cpp.o
    [92/654] Building CXX object lib/mayaUsd/CMakeFiles/mayaUsd.dir/fileio/shading/shadingModePxrRis.cpp.o
    [93/654] Building CXX object lib/mayaUsd/CMakeFiles/mayaUsd.dir/fileio/jobs/jobArgs.cpp.o
    [94/654] Building CXX object lib/mayaUsd/CMakeFiles/mayaUsd.dir/fileio/translators/translatorGprim.cpp.o
    [95/654] Building CXX object lib/mayaUsd/CMakeFiles/mayaUsd.dir/fileio/shading/shadingModeUseRegistry.cpp.o
    [96/654] Building CXX object lib/mayaUsd/CMakeFiles/mayaUsd.dir/fileio/translators/translatorCurves.cpp.o
    [97/654] Building CXX object lib/mayaUsd/CMakeFiles/mayaUsd.dir/fileio/translators/translatorCamera.cpp.o
    [98/654] Building CXX object lib/mayaUsd/CMakeFiles/mayaUsd.dir/fileio/translators/translatorMayaReference.cpp.o
    [99/654] Building CXX object lib/mayaUsd/CMakeFiles/mayaUsd.dir/fileio/translators/translatorLight.cpp.o
    [100/654] Building CXX object lib/mayaUsd/CMakeFiles/mayaUsd.dir/fileio/translators/translatorPrim.cpp.o
    [101/654] Building CXX object lib/mayaUsd/CMakeFiles/mayaUsd.dir/fileio/translators/translatorNurbsPatch.cpp.o
    [102/654] Building CXX object lib/mayaUsd/CMakeFiles/mayaUsd.dir/fileio/translators/translatorMesh.cpp.o
    [103/654] Building CXX object lib/mayaUsd/CMakeFiles/mayaUsd.dir/ufe/ProxyShapeHandler.cpp.o
    [104/654] Building CXX object lib/mayaUsd/CMakeFiles/mayaUsd.dir/fileio/translators/translatorMaterial.cpp.o
    [105/654] Building CXX object lib/mayaUsd/CMakeFiles/mayaUsd.dir/fileio/translators/translatorXformable_decompose.cpp.o
    [106/654] Building CXX object lib/mayaUsd/CMakeFiles/mayaUsd.dir/fileio/translators/translatorUtil.cpp.o
    [107/654] Building CXX object lib/mayaUsd/CMakeFiles/mayaUsd.dir/fileio/translators/translatorRfMLight.cpp.o
    [108/654] Building CXX object lib/mayaUsd/CMakeFiles/mayaUsd.dir/fileio/translators/translatorXformable.cpp.o
    [109/654] Building CXX object lib/mayaUsd/CMakeFiles/mayaUsd.dir/fileio/utils/jointWriteUtils.cpp.o
    [110/654] Building CXX object lib/mayaUsd/CMakeFiles/mayaUsd.dir/listeners/notice.cpp.o
    [111/654] Building CXX object lib/mayaUsd/CMakeFiles/mayaUsd.dir/fileio/translators/translatorSkel.cpp.o
    [112/654] Building CXX object lib/mayaUsd/CMakeFiles/mayaUsd.dir/fileio/utils/adaptor.cpp.o
    [113/654] Building CXX object lib/mayaUsd/CMakeFiles/mayaUsd.dir/fileio/utils/meshReadUtils.cpp.o
    [114/654] Building CXX object lib/mayaUsd/CMakeFiles/mayaUsd.dir/fileio/utils/readUtil.cpp.o
    [115/654] Building CXX object lib/mayaUsd/CMakeFiles/mayaUsd.dir/fileio/utils/userTaggedAttribute.cpp.o
    [116/654] Building CXX object lib/mayaUsd/CMakeFiles/mayaUsd.dir/fileio/utils/roundTripUtil.cpp.o
    [117/654] Building CXX object lib/mayaUsd/CMakeFiles/mayaUsd.dir/fileio/utils/meshWriteUtils.cpp.o
    [118/654] Building CXX object lib/mayaUsd/CMakeFiles/mayaUsd.dir/nodes/hdImagingShape.cpp.o
    [119/654] Building CXX object lib/mayaUsd/CMakeFiles/mayaUsd.dir/fileio/utils/xformStack.cpp.o
    [120/654] Building CXX object lib/mayaUsd/CMakeFiles/mayaUsd.dir/render/px_vp20/glslProgram.cpp.o
    [121/654] Building CXX object lib/mayaUsd/CMakeFiles/mayaUsd.dir/listeners/stageNoticeListener.cpp.o
    [122/654] Building CXX object lib/mayaUsd/CMakeFiles/mayaUsd.dir/render/px_vp20/utils.cpp.o
    [123/654] Building CXX object lib/mayaUsd/CMakeFiles/mayaUsd.dir/listeners/proxyShapeNotice.cpp.o
    [124/654] Building CXX object lib/mayaUsd/CMakeFiles/mayaUsd.dir/python/moduleDeps.cpp.o
    [125/654] Building CXX object lib/mayaUsd/CMakeFiles/mayaUsd.dir/render/pxrUsdMayaGL/debugCodes.cpp.o
    [126/654] Building CXX object lib/mayaUsd/CMakeFiles/mayaUsd.dir/nodes/pointBasedDeformerNode.cpp.o
    [127/654] Building CXX object lib/mayaUsd/CMakeFiles/mayaUsd.dir/render/px_vp20/utils_legacy.cpp.o
    [128/654] Building CXX object lib/mayaUsd/CMakeFiles/mayaUsd.dir/nodes/proxyShapePlugin.cpp.o
    [129/654] Building CXX object lib/mayaUsd/CMakeFiles/mayaUsd.dir/nodes/stageData.cpp.o
    [130/654] Building CXX object lib/mayaUsd/CMakeFiles/mayaUsd.dir/fileio/utils/shadingUtil.cpp.o
    [131/654] Building CXX object lib/mayaUsd/CMakeFiles/mayaUsd.dir/nodes/proxyShapeLoadRules.cpp.o
    [132/654] Building CXX object lib/mayaUsd/CMakeFiles/mayaUsd.dir/nodes/proxyAccessor.cpp.o
    [133/654] Building CXX object lib/mayaUsd/CMakeFiles/mayaUsd.dir/nodes/usdPrimProvider.cpp.o
    [134/654] Building CXX object lib/mayaUsd/CMakeFiles/mayaUsd.dir/fileio/utils/writeUtil.cpp.o
    [135/654] Building CXX object lib/mayaUsd/CMakeFiles/mayaUsd.dir/render/pxrUsdMayaGL/softSelectHelper.cpp.o
    [136/654] Building CXX object lib/mayaUsd/CMakeFiles/mayaUsd.dir/render/pxrUsdMayaGL/userData.cpp.o
    [137/654] Building CXX object lib/mayaUsd/CMakeFiles/mayaUsd.dir/nodes/stageNode.cpp.o
    [138/654] Building CXX object lib/mayaUsd/CMakeFiles/mayaUsd.dir/render/vp2RenderDelegate/bboxGeom.cpp.o
    [139/654] Building CXX object lib/mayaUsd/CMakeFiles/mayaUsd.dir/render/vp2RenderDelegate/debugCodes.cpp.o
    [140/654] Building CXX object lib/mayaUsd/CMakeFiles/mayaUsd.dir/nodes/proxyShapeBase.cpp.o
    [141/654] Building CXX object lib/mayaUsd/CMakeFiles/mayaUsd.dir/nodes/layerManager.cpp.o
    [142/654] Building CXX object lib/mayaUsd/CMakeFiles/mayaUsd.dir/render/pxrUsdMayaGL/hdImagingShapeUI.cpp.o
    [143/654] Building CXX object lib/mayaUsd/CMakeFiles/mayaUsd.dir/render/vp2RenderDelegate/meshViewportCompute.cpp.o
    [144/654] Building CXX object lib/mayaUsd/CMakeFiles/mayaUsd.dir/render/vp2RenderDelegate/extComputation.cpp.o
    [145/654] Building CXX object lib/mayaUsd/CMakeFiles/mayaUsd.dir/render/pxrUsdMayaGL/proxyShapeDelegate.cpp.o
    [146/654] Building CXX object lib/mayaUsd/CMakeFiles/mayaUsd.dir/render/pxrUsdMayaGL/hdImagingShapeDrawOverride.cpp.o
    [147/654] Building CXX object lib/mayaUsd/CMakeFiles/mayaUsd.dir/render/vp2RenderDelegate/draw_item.cpp.o
    [148/654] Building CXX object lib/mayaUsd/CMakeFiles/mayaUsd.dir/render/pxrUsdMayaGL/batchRenderer.cpp.o
    [149/654] Building CXX object lib/mayaUsd/CMakeFiles/mayaUsd.dir/render/vp2RenderDelegate/instancer.cpp.o
    [150/654] Building CXX object lib/mayaUsd/CMakeFiles/mayaUsd.dir/render/pxrUsdMayaGL/shapeAdapter.cpp.o
    [151/654] Building CXX object lib/mayaUsd/CMakeFiles/mayaUsd.dir/render/pxrUsdMayaGL/proxyDrawOverride.cpp.o
    [152/654] Building CXX object lib/mayaUsd/CMakeFiles/mayaUsd.dir/render/pxrUsdMayaGL/instancerShapeAdapter.cpp.o
    [153/654] Building CXX object lib/mayaUsd/CMakeFiles/mayaUsd.dir/render/pxrUsdMayaGL/proxyShapeUI.cpp.o
    [154/654] Building CXX object lib/mayaUsd/CMakeFiles/mayaUsd.dir/render/pxrUsdMayaGL/instancerImager.cpp.o
    [155/654] Building CXX object lib/mayaUsd/CMakeFiles/mayaUsd.dir/render/vp2RenderDelegate/tokens.cpp.o
    [156/654] Building CXX object lib/mayaUsd/CMakeFiles/mayaUsd.dir/render/vp2RenderDelegate/shader.cpp.o
    [157/654] Building CXX object lib/mayaUsd/CMakeFiles/mayaUsd.dir/render/pxrUsdMayaGL/sceneDelegate.cpp.o
    [158/654] Building CXX object lib/mayaUsd/CMakeFiles/mayaUsd.dir/render/vp2RenderDelegate/sampler.cpp.o
    [159/654] Building CXX object lib/mayaUsd/CMakeFiles/mayaUsd.dir/render/pxrUsdMayaGL/usdProxyShapeAdapter.cpp.o
    [160/654] Building CXX object lib/mayaUsd/CMakeFiles/mayaUsd.dir/render/vp2RenderDelegate/render_param.cpp.o
    [161/654] Building CXX object lib/mayaUsd/CMakeFiles/mayaUsd.dir/render/vp2RenderDelegate/basisCurves.cpp.o
    [162/654] Building CXX object lib/mayaUsd/CMakeFiles/mayaUsd.dir/render/vp2ShaderFragments/shaderFragments.cpp.o
    [163/654] Building CXX object lib/mayaUsd/CMakeFiles/mayaUsd.dir/render/vp2RenderDelegate/material.cpp.o
    [164/654] Building CXX object lib/mayaUsd/CMakeFiles/mayaUsd.dir/render/vp2RenderDelegate/mayaPrimCommon.cpp.o
    [165/654] Building CXX object lib/mayaUsd/CMakeFiles/mayaUsd.dir/render/vp2RenderDelegate/render_delegate.cpp.o
    [166/654] Building CXX object lib/mayaUsd/CMakeFiles/mayaUsd.dir/ufe/Global.cpp.o
    [167/654] Building CXX object lib/mayaUsd/CMakeFiles/mayaUsd.dir/ufe/ProxyShapeHierarchyHandler.cpp.o
    [168/654] Building CXX object lib/mayaUsd/CMakeFiles/mayaUsd.dir/ufe/ProxyShapeHierarchy.cpp.o
    [169/654] Building CXX object lib/mayaUsd/CMakeFiles/mayaUsd.dir/ufe/UsdPointInstanceOrientationModifier.cpp.o
    [170/654] Building CXX object lib/mayaUsd/CMakeFiles/mayaUsd.dir/ufe/UsdHierarchyHandler.cpp.o
    [171/654] Building CXX object lib/mayaUsd/CMakeFiles/mayaUsd.dir/render/vp2RenderDelegate/proxyRenderDelegate.cpp.o
    [172/654] Building CXX object lib/mayaUsd/CMakeFiles/mayaUsd.dir/render/vp2RenderDelegate/points.cpp.o
    [173/654] Building CXX object lib/mayaUsd/CMakeFiles/mayaUsd.dir/ufe/UsdPointInstancePositionModifier.cpp.o
    [174/654] Building CXX object lib/mayaUsd/CMakeFiles/mayaUsd.dir/ufe/UsdHierarchy.cpp.o
    [175/654] Building CXX object lib/mayaUsd/CMakeFiles/mayaUsd.dir/ufe/StagesSubject.cpp.o
    [176/654] Building CXX object lib/mayaUsd/CMakeFiles/mayaUsd.dir/render/vp2RenderDelegate/mesh.cpp.o
    [177/654] Building CXX object lib/mayaUsd/CMakeFiles/mayaUsd.dir/ufe/UsdPointInstanceScaleModifier.cpp.o
    [178/654] Building CXX object lib/mayaUsd/CMakeFiles/mayaUsd.dir/ufe/UsdRootChildHierarchy.cpp.o
    [179/654] Building CXX object lib/mayaUsd/CMakeFiles/mayaUsd.dir/ufe/UsdRotateUndoableCommand.cpp.o
    [180/654] Building CXX object lib/mayaUsd/CMakeFiles/mayaUsd.dir/ufe/UsdRotatePivotTranslateUndoableCommand.cpp.o
    [181/654] Building CXX object lib/mayaUsd/CMakeFiles/mayaUsd.dir/ufe/private/UfeNotifGuard.cpp.o
    [182/654] Building CXX object lib/usd/pxrUsdPreviewSurface/CMakeFiles/basePxrUsdPreviewSurface.dir/cpvColor.cpp.o
    [183/654] Building CXX object lib/mayaUsd/CMakeFiles/mayaUsd.dir/ufe/UsdScaleUndoableCommand.cpp.o
    [184/654] Building CXX object lib/mayaUsd/CMakeFiles/mayaUsd.dir/ufe/UsdSceneItem.cpp.o
    [185/654] Building CXX object lib/usd/schemas/CMakeFiles/mayaUsd_Schemas.dir/ALMayaReference.cpp.o
    [186/654] Building CXX object lib/mayaUsd/CMakeFiles/mayaUsd.dir/undo/OpUndoItemRecorder.cpp.o
    [187/654] Building CXX object lib/mayaUsd/CMakeFiles/mayaUsd.dir/ufe/moduleDeps.cpp.o
    [188/654] Building CXX object lib/mayaUsd/CMakeFiles/mayaUsd.dir/undo/UsdUndoableItem.cpp.o
    [189/654] Building CXX object lib/usd/pxrUsdPreviewSurface/CMakeFiles/basePxrUsdPreviewSurface.dir/usdPreviewSurface.cpp.o
    [190/654] Building CXX object lib/mayaUsd/CMakeFiles/mayaUsd.dir/ufe/UsdSceneItemOpsHandler.cpp.o
    [191/654] Building CXX object lib/mayaUsd/CMakeFiles/mayaUsd.dir/ufe/UsdSceneItemOps.cpp.o
    [192/654] Building CXX object lib/mayaUsd/CMakeFiles/mayaUsd.dir/utils/colorSpace.cpp.o
    [193/654] Building CXX object lib/mayaUsd/CMakeFiles/mayaUsd.dir/utils/blockSceneModificationContext.cpp.o
    [194/654] Building CXX object lib/usd/schemas/CMakeFiles/_schemas.dir/wrapALMayaReference.cpp.o
    [195/654] Building CXX object lib/mayaUsd/CMakeFiles/mayaUsd.dir/ufe/UsdTransform3dHandler.cpp.o
    [196/654] Building CXX object lib/mayaUsd/CMakeFiles/mayaUsd.dir/ufe/UsdStageMap.cpp.o
    [197/654] Building CXX object lib/mayaUsd/CMakeFiles/mayaUsd.dir/ufe/UsdTransform3d.cpp.o
    [198/654] Building CXX object lib/mayaUsd/CMakeFiles/mayaUsd.dir/ufe/private/Utils.cpp.o
    [199/654] Building CXX object lib/mayaUsd/CMakeFiles/mayaUsd.dir/ufe/UsdTRSUndoableCommandBase.cpp.o
    [200/654] Building CXX object lib/mayaUsd/CMakeFiles/mayaUsd.dir/utils/diagnosticDelegate.cpp.o
    [201/654] Building CXX object lib/mayaUsd/CMakeFiles/mayaUsd.dir/ufe/UsdUndoDuplicateCommand.cpp.o
    [202/654] Building CXX object lib/mayaUsd/CMakeFiles/mayaUsd.dir/ufe/UsdUndoRenameCommand.cpp.o
    [203/654] Building CXX object lib/mayaUsd/CMakeFiles/mayaUsd.dir/utils/customLayerData.cpp.o
    [204/654] Building CXX object lib/mayaUsd/CMakeFiles/mayaUsd.dir/utils/plugRegistryHelper.cpp.o
    [205/654] Building CXX object lib/mayaUsd/CMakeFiles/mayaUsd.dir/undo/UsdUndoBlock.cpp.o
    [206/654] Building CXX object lib/mayaUsd/CMakeFiles/mayaUsd.dir/undo/UsdUndoManager.cpp.o
    [207/654] Building CXX object lib/mayaUsd/CMakeFiles/mayaUsd.dir/utils/editability.cpp.o
    [208/654] Building CXX object lib/mayaUsd/python/CMakeFiles/_mayaUsd.dir/module.cpp.o
    [209/654] Building CXX object lib/mayaUsd/CMakeFiles/mayaUsd.dir/utils/loadRules.cpp.o
    [210/654] Building CXX object lib/mayaUsd/CMakeFiles/mayaUsd.dir/utils/loadRulesAttribute.cpp.o
    [211/654] Building CXX object lib/mayaUsd/CMakeFiles/mayaUsd.dir/utils/loadRulesText.cpp.o
    [212/654] Building CXX object lib/mayaUsd/CMakeFiles/mayaUsd.dir/utils/query.cpp.o
    [213/654] Building CXX object lib/mayaUsd/CMakeFiles/mayaUsd.dir/undo/UsdUndoStateDelegate.cpp.o
    [214/654] Building CXX object lib/mayaUsd/CMakeFiles/mayaUsd.dir/utils/traverseLayer.cpp.o
    [215/654] Building CXX object lib/mayaUsd/CMakeFiles/mayaUsd.dir/utils/converter.cpp.o
    [216/654] Building CXX object lib/mayaUsd/CMakeFiles/mayaUsd.dir/utils/selectability.cpp.o
    [217/654] Building CXX object lib/mayaUsd/python/CMakeFiles/_mayaUsd.dir/pythonObjectRegistry.cpp.o
    [218/654] Building CXX object lib/mayaUsd/CMakeFiles/mayaUsd.dir/utils/stageCache.cpp.o
    [219/654] Building CXX object lib/mayaUsd/CMakeFiles/mayaUsd.dir/utils/editRouter.cpp.o
    [220/654] Building CXX object lib/mayaUsd/CMakeFiles/mayaUsd.dir/utils/undoHelperCommand.cpp.o
    [221/654] Building CXX object lib/mayaUsd/python/CMakeFiles/_mayaUsd.dir/wrapBlockSceneModificationContext.cpp.o
    [222/654] Building CXX object lib/mayaUsd/python/CMakeFiles/_mayaUsd.dir/wrapColorSpace.cpp.o
    [223/654] Building CXX object lib/mayaUsd/CMakeFiles/mayaUsd.dir/ufe/Utils.cpp.o
    [224/654] Building CXX object lib/mayaUsd/python/CMakeFiles/_mayaUsd.dir/wrapOpUndoItem.cpp.o
    [225/654] Building CXX object lib/mayaUsd/CMakeFiles/mayaUsd.dir/utils/utilSerialization.cpp.o
    [226/654] Building CXX object lib/mayaUsd/python/CMakeFiles/_mayaUsd.dir/wrapDiagnosticDelegate.cpp.o
    [227/654] Building CXX object lib/mayaUsd/python/CMakeFiles/_mayaUsd.dir/wrapStageCache.cpp.o
    [228/654] Building CXX object lib/mayaUsd/python/CMakeFiles/_mayaUsd.dir/wrapSparseValueWriter.cpp.o
    [229/654] Building CXX object lib/mayaUsd/CMakeFiles/mayaUsd.dir/utils/utilFileSystem.cpp.o
    [230/654] Building CXX object lib/mayaUsd/python/CMakeFiles/_mayaUsd.dir/wrapTokens.cpp.o
    [231/654] Building CXX object lib/mayaUsd/python/CMakeFiles/_mayaUsd.dir/wrapEditRouter.cpp.o
    [232/654] Building CXX object lib/mayaUsd/python/CMakeFiles/_mayaUsd.dir/wrapQuery.cpp.o
    [233/654] Building CXX object lib/mayaUsd/python/CMakeFiles/_mayaUsd.dir/wrapMeshWriteUtils.cpp.o
    [234/654] Building CXX object lib/mayaUsd/python/CMakeFiles/_mayaUsd.dir/wrapConverter.cpp.o
    [235/654] Building CXX object lib/mayaUsd/python/CMakeFiles/_mayaUsd.dir/wrapUsdUndoManager.cpp.o
    [236/654] Building CXX object lib/mayaUsd/python/CMakeFiles/_mayaUsd.dir/wrapReadUtil.cpp.o
    [237/654] Building CXX object lib/mayaUsd/python/CMakeFiles/_mayaUsd.dir/wrapRoundTripUtil.cpp.o
    [238/654] Building CXX object lib/mayaUsd/python/CMakeFiles/_mayaUsd.dir/wrapAdaptor.cpp.o
    [239/654] Building CXX object lib/mayaUsd/python/CMakeFiles/_mayaUsd.dir/wrapUtil.cpp.o
    [240/654] Building CXX object lib/mayaUsd/CMakeFiles/mayaUsd.dir/utils/util.cpp.o
    [241/654] Building CXX object lib/mayaUsd/ufe/CMakeFiles/_ufe.dir/module.cpp.o
    [242/654] Building CXX object lib/mayaUsd/python/CMakeFiles/_mayaUsd.dir/wrapTranslatorUtil.cpp.o
    [243/654] Building CXX object lib/mayaUsd/python/CMakeFiles/_mayaUsd.dir/wrapOpenMaya.cpp.o
    [244/654] Building CXX object lib/mayaUsd/ufe/CMakeFiles/_ufe.dir/wrapGlobal.cpp.o
    [245/654] Building CXX object lib/mayaUsd/python/CMakeFiles/_mayaUsd.dir/wrapUserTaggedAttribute.cpp.o
    [246/654] Building CXX object lib/mayaUsd/python/CMakeFiles/_mayaUsd.dir/wrapWriteUtil.cpp.o
    [247/654] Building CXX object lib/mayaUsd/render/mayaToHydra/CMakeFiles/mtoh.dir/pluginDebugCodes.cpp.o
    [248/654] Building CXX object lib/mayaUsd/python/CMakeFiles/_mayaUsd.dir/wrapJobContextRegistry.cpp.o
    [249/654] Building CXX object lib/mayaUsd/render/mayaToHydra/CMakeFiles/mtoh.dir/tokens.cpp.o
    [250/654] Building CXX object lib/mayaUsd/python/CMakeFiles/_mayaUsd.dir/wrapXformStack.cpp.o
    [251/654] Building CXX object lib/mayaUsd/python/CMakeFiles/_mayaUsd.dir/wrapShadingUtil.cpp.o
    [252/654] Building CXX object lib/mayaUsd/python/CMakeFiles/_mayaUsd.dir/wrapExportChaser.cpp.o
    [253/654] Building CXX object lib/usd/hdMaya/CMakeFiles/hdMaya.dir/debugCodes.cpp.o
    [254/654] Building CXX object lib/usd/hdMaya/CMakeFiles/hdMaya.dir/utils.cpp.o
    [255/654] Building CXX object lib/usd/hdMaya/CMakeFiles/hdMaya.dir/adapters/mayaAttrs.cpp.o
    [256/654] Building CXX object lib/mayaUsd/ufe/CMakeFiles/_ufe.dir/wrapNotice.cpp.o
    [257/654] Building CXX object lib/mayaUsd/python/CMakeFiles/_mayaUsd.dir/wrapImportChaser.cpp.o
    [258/654] Building CXX object lib/mayaUsd/python/CMakeFiles/_mayaUsd.dir/wrapShadingMode.cpp.o
    [259/654] Building CXX object lib/usd/hdMaya/CMakeFiles/hdMaya.dir/adapters/adapterDebugCodes.cpp.o
    [260/654] Building CXX object lib/mayaUsd/render/mayaToHydra/CMakeFiles/mtoh.dir/utils.cpp.o
    [261/654] Building CXX object lib/mayaUsd/python/CMakeFiles/_mayaUsd.dir/wrapSchemaApiAdaptor.cpp.o
    [262/654] Building CXX object lib/mayaUsd/ufe/CMakeFiles/_ufe.dir/wrapUtils.cpp.o
    [263/654] Building CXX object lib/usd/hdMaya/CMakeFiles/hdMaya.dir/adapters/tokens.cpp.o
    [264/654] Building CXX object lib/mayaUsd/render/mayaToHydra/CMakeFiles/mtoh.dir/plugin.cpp.o
    [265/654] Building CXX object lib/mayaUsd/python/CMakeFiles/_mayaUsd.dir/wrapPrimWriter.cpp.o
    [266/654] Building CXX object lib/mayaUsd/render/mayaToHydra/CMakeFiles/mtoh.dir/shadingModeExporter.cpp.o
    [267/654] Building CXX object lib/mayaUsd/python/CMakeFiles/_mayaUsd.dir/wrapPrimReader.cpp.o
    [268/654] Building CXX object lib/usd/hdMaya/CMakeFiles/hdMaya.dir/adapters/adapter.cpp.o
    [269/654] Building CXX object lib/mayaUsd/render/mayaToHydra/CMakeFiles/mtoh.dir/defaultLightDelegate.cpp.o
    [270/654] Building CXX object lib/usd/hdMaya/CMakeFiles/hdMaya.dir/adapters/areaLightAdapter.cpp.o
    [271/654] Building CXX object lib/mayaUsd/render/mayaToHydra/CMakeFiles/mtoh.dir/viewCommand.cpp.o
    [272/654] Building CXX object lib/usd/hdMaya/CMakeFiles/hdMaya.dir/adapters/aiSkydomeLightAdapter.cpp.o
    [273/654] Building CXX object lib/usd/hdMaya/CMakeFiles/hdMaya.dir/adapters/cameraAdapter.cpp.o
    [274/654] Building CXX object lib/mayaUsd/render/mayaToHydra/CMakeFiles/mtoh.dir/renderGlobals.cpp.o
    [275/654] Building CXX object lib/usd/hdMaya/CMakeFiles/hdMaya.dir/adapters/dagAdapter.cpp.o
    [276/654] Building CXX object lib/mayaUsd/render/mayaToHydra/CMakeFiles/mtoh.dir/renderOverride.cpp.o
    [277/654] Building CXX object lib/usd/hdMaya/CMakeFiles/hdMaya.dir/adapters/directionalLightAdapter.cpp.o
    [278/654] Building CXX object lib/usd/hdMaya/CMakeFiles/hdMaya.dir/adapters/adapterRegistry.cpp.o
    [279/654] Building CXX object lib/usd/hdMaya/CMakeFiles/hdMaya.dir/delegates/delegateDebugCodes.cpp.o
    [280/654] Building CXX object lib/usd/hdMaya/CMakeFiles/hdMaya.dir/adapters/lightAdapter.cpp.o
    [281/654] Building CXX object lib/usd/hdMaya/CMakeFiles/hdMaya.dir/adapters/nurbsCurveAdapter.cpp.o
    [282/654] Building CXX object lib/usd/hdMaya/CMakeFiles/hdMaya.dir/adapters/shapeAdapter.cpp.o
    [283/654] Building CXX object lib/usd/hdMaya/CMakeFiles/hdMaya.dir/adapters/pointLightAdapter.cpp.o
    [284/654] Building CXX object lib/usd/hdMaya/CMakeFiles/hdMaya.dir/adapters/materialAdapter.cpp.o
    [285/654] Building CXX object lib/usd/pxrUsdPreviewSurface/CMakeFiles/basePxrUsdPreviewSurface.dir/usdPreviewSurfaceShadingNodeOverride.cpp.o
    [286/654] Building CXX object lib/usd/hdMaya/CMakeFiles/hdMaya.dir/delegates/delegate.cpp.o
    [287/654] Building CXX object lib/usd/hdMaya/CMakeFiles/hdMaya.dir/adapters/meshAdapter.cpp.o
    [288/654] Building CXX object lib/usd/hdMaya/CMakeFiles/hdMaya.dir/adapters/spotLightAdapter.cpp.o
    [289/654] Building CXX object lib/usd/hdMaya/CMakeFiles/hdMaya.dir/adapters/proxyAdapter.cpp.o
    [290/654] Building CXX object lib/usd/hdMaya/CMakeFiles/hdMaya.dir/delegates/delegateRegistry.cpp.o
    [291/654] Building CXX object lib/usd/hdMaya/CMakeFiles/hdMaya.dir/adapters/materialNetworkConverter.cpp.o
    [292/654] Building CXX object lib/usd/hdMaya/CMakeFiles/hdMaya.dir/delegates/delegateCtx.cpp.o
    [293/654] Building CXX object lib/usd/pxrUsdPreviewSurface/CMakeFiles/basePxrUsdPreviewSurface.dir/usdPreviewSurfacePlugin.cpp.o
    [294/654] Building CXX object lib/usd/hdMaya/CMakeFiles/hdMaya.dir/delegates/proxyUsdImagingDelegate.cpp.o
    [295/654] Building CXX object lib/usd/translators/CMakeFiles/mayaUsd_Translators.dir/lightRfMReader.cpp.o
    [296/654] Building CXX object lib/usd/pxrUsdPreviewSurface/CMakeFiles/basePxrUsdPreviewSurface.dir/usdPreviewSurfaceReader.cpp.o
    [297/654] Building CXX object lib/usd/hdMaya/CMakeFiles/hdMaya.dir/delegates/sceneDelegate.cpp.o
    [298/654] Building CXX object lib/usd/translators/CMakeFiles/mayaUsd_Translators.dir/lightReader.cpp.o
    [299/654] Building CXX object lib/usd/hdMaya/CMakeFiles/hdMaya.dir/delegates/testDelegate.cpp.o
    [300/654] Building CXX object lib/usd/pxrUsdPreviewSurface/CMakeFiles/basePxrUsdPreviewSurface.dir/usdPreviewSurfaceWriter.cpp.o
    [301/654] Building CXX object lib/usd/hdMaya/CMakeFiles/hdMaya.dir/delegates/proxyDelegate.cpp.o
    [302/654] Building CXX object lib/usd/translators/CMakeFiles/mayaUsd_Translators.dir/lightRfMWriter.cpp.o
    [303/654] Building CXX object lib/usd/translators/CMakeFiles/mayaUsd_Translators.dir/cameraReader.cpp.o
    [304/654] Building CXX object lib/usd/translators/CMakeFiles/mayaUsd_Translators.dir/shading/shadingTokens.cpp.o
    [305/654] Building CXX object lib/usd/translators/CMakeFiles/mayaUsd_Translators.dir/cameraWriter.cpp.o
    [306/654] Building CXX object lib/usd/translators/CMakeFiles/mayaUsd_Translators.dir/plugin.cpp.o
    [307/654] Building CXX object lib/usd/translators/CMakeFiles/mayaUsd_Translators.dir/jointWriter.cpp.o
    [308/654] Building CXX object lib/usd/translators/CMakeFiles/mayaUsd_Translators.dir/instancerWriter.cpp.o
    [309/654] Building CXX object lib/usd/translators/CMakeFiles/mayaUsd_Translators.dir/locatorWriter.cpp.o
    [310/654] Building CXX object lib/usd/translators/CMakeFiles/mayaUsd_Translators.dir/lightWriter.cpp.o
    [311/654] Building CXX object lib/usd/translators/CMakeFiles/mayaUsd_Translators.dir/mayaReferenceReader.cpp.o
    [312/654] Building CXX object lib/usd/translators/CMakeFiles/mayaUsd_Translators.dir/materialReader.cpp.o
    [313/654] Building CXX object lib/usd/translators/CMakeFiles/mayaUsd_Translators.dir/meshReader.cpp.o
    [314/654] Building CXX object lib/usd/translators/CMakeFiles/mayaUsd_Translators.dir/nurbsCurvesReader.cpp.o
    [315/654] Building CXX object lib/usd/translators/CMakeFiles/mayaUsd_Translators.dir/nurbsPatchReader.cpp.o
    [316/654] Building CXX object lib/usd/translators/CMakeFiles/mayaUsd_Translators.dir/meshWriter.cpp.o
    [317/654] Building CXX object lib/usd/translators/CMakeFiles/mayaUsd_Translators.dir/scopeReader.cpp.o
    [318/654] Building CXX object lib/usd/translators/CMakeFiles/mayaUsd_Translators.dir/xformReader.cpp.o
    [319/654] Building CXX object lib/usd/translators/CMakeFiles/mayaUsd_Translators.dir/nurbsCurveWriter.cpp.o
    [320/654] Building CXX object lib/usd/translators/CMakeFiles/mayaUsd_Translators.dir/meshWriter_BlendShapes.cpp.o
    [321/654] Building CXX object lib/usd/translators/CMakeFiles/mayaUsd_Translators.dir/strokeWriter.cpp.o
    [322/654] Building CXX object lib/usd/translators/CMakeFiles/mayaUsd_Translators.dir/skelReader.cpp.o
    [323/654] Building CXX object lib/usd/translators/CMakeFiles/mayaUsd_Translators.dir/shading/usdBlinnWriter.cpp.o
    [324/654] Building CXX object lib/usd/translators/CMakeFiles/mayaUsd_Translators.dir/nurbsSurfaceWriter.cpp.o
    [325/654] Building CXX object lib/usd/translators/CMakeFiles/mayaUsd_Translators.dir/particleWriter.cpp.o
    [326/654] Building CXX object lib/usd/translators/CMakeFiles/mayaUsd_Translators.dir/shading/usdBlinnReader.cpp.o
    [327/654] Building CXX object lib/usd/schemas/CMakeFiles/_schemas.dir/module.cpp.o
    [328/654] Building CXX object lib/usd/translators/CMakeFiles/mayaUsd_Translators.dir/shading/usdDisplacementShaderWriter.cpp.o
    [329/654] Building CXX object lib/usd/translators/CMakeFiles/mayaUsd_Translators.dir/shading/usdLambertReader.cpp.o
    [330/654] Building CXX object lib/usd/translators/CMakeFiles/mayaUsd_Translators.dir/shading/usdLambertWriter.cpp.o
    [331/654] Building CXX object lib/usd/schemas/CMakeFiles/_schemas.dir/wrapTokens.cpp.o
    [332/654] Building CXX object lib/usd/translators/CMakeFiles/mayaUsd_Translators.dir/shading/usdFileTextureWriter.cpp.o
    [333/654] Building CXX object lib/usd/translators/CMakeFiles/mayaUsd_Translators.dir/shading/usdMaterialReader.cpp.o
    [334/654] Building CXX object lib/usd/schemas/CMakeFiles/mayaUsd_Schemas.dir/tokens.cpp.o
    [335/654] Building CXX object lib/usd/translators/CMakeFiles/mayaUsd_Translators.dir/shading/usdPhongReader.cpp.o
    [336/654] Building CXX object lib/usd/utils/CMakeFiles/mayaUsdUtils.dir/DebugCodes.cpp.o
    [337/654] Building CXX object lib/usd/utils/CMakeFiles/mayaUsdUtils.dir/DiffCore.cpp.o
    [338/654] Building CXX object lib/usd/schemas/CMakeFiles/mayaUsd_Schemas.dir/ModuleDeps.cpp.o
    [339/654] Building CXX object lib/usd/translators/CMakeFiles/mayaUsd_Translators.dir/shading/usdMaterialWriter.cpp.o
    [340/654] Building CXX object lib/usd/translators/CMakeFiles/mayaUsd_Translators.dir/shading/usdPhongWriter.cpp.o
    [341/654] Building CXX object lib/usd/translators/CMakeFiles/mayaUsd_Translators.dir/shading/usdReflectWriter.cpp.o
    [342/654] Building CXX object lib/usd/translators/CMakeFiles/mayaUsd_Translators.dir/shading/usdPhongEWriter.cpp.o
    [343/654] Building CXX object lib/usd/translators/CMakeFiles/mayaUsd_Translators.dir/shading/usdPrimvarReaderFloat3Reader.cpp.o
    [344/654] Building CXX object lib/usd/translators/CMakeFiles/mayaUsd_Translators.dir/shading/rfmShaderTranslation.cpp.o
    [345/654] Generating __init__.pyc
    [346/654] Building CXX object lib/usd/translators/CMakeFiles/mayaUsd_Translators.dir/shading/usdStandardSurfaceReader.cpp.o
    [347/654] Generating userExportedAttributesUI.pyc
    [348/654] Copying instancerShapeAdapterWithSceneAssembly.h ...
    [349/654] Copying api.h ...
    [350/654] Copying readJobWithSceneAssembly.h ...
    [351/654] Copying referenceAssembly.h ...
    [352/654] Copying proxyShape.h ...
    [353/654] Copying listShadingModesCommand.h ...
    [354/654] Copying importTranslator.h ...
    [355/654] Generating AEpxrUsdReferenceAssemblyTemplate.pyc
    [356/654] Copying importCommand.h ...
    [357/654] Copying exportTranslator.h ...
    [358/654] Copying exportCommand.h ...
    [359/654] Copying translatorModelAssembly.h ...
    [360/654] Copying editUtil.h ...
    [361/654] Copying api.h ...
    [362/654] Building CXX object lib/usd/translators/CMakeFiles/mayaUsd_Translators.dir/shading/usdStandardSurfaceWriter.cpp.o
    [363/654] Building CXX object lib/usd/translators/CMakeFiles/mayaUsd_Translators.dir/shading/usdUVTextureReader.cpp.o
    [364/654] Building CXX object lib/usd/schemas/CMakeFiles/mayaUsd_Schemas.dir/MayaReference.cpp.o
    [365/654] Linking CXX shared library lib/usd/schemas/libmayaUsd_Schemas.so
    [366/654] Building CXX object lib/usd/utils/CMakeFiles/mayaUsdUtils.dir/DiffAttributes.cpp.o
    [367/654] Building CXX object lib/usd/utils/CMakeFiles/mayaUsdUtils.dir/MergePrimsOptions.cpp.o
    [368/654] Building CXX object lib/usd/utils/CMakeFiles/mayaUsdUtils.dir/DiffDictionaries.cpp.o
    [369/654] Building CXX object lib/usd/schemas/CMakeFiles/_schemas.dir/wrapMayaReference.cpp.o
    [370/654] Linking CXX shared library lib/usd/schemas/_schemas.so
    [371/654] Building CXX object lib/usd/utils/CMakeFiles/mayaUsdUtils.dir/DiffRelationships.cpp.o
    [372/654] Building CXX object lib/usd/utils/CMakeFiles/mayaUsdUtils.dir/DiffMetadatas.cpp.o
    [373/654] Building CXX object plugin/pxr/maya/lib/usdMaya/CMakeFiles/usdMaya.dir/listShadingModesCommand.cpp.o
    [374/654] Building CXX object lib/usd/utils/CMakeFiles/mayaUsdUtils.dir/DiffLists.cpp.o
    [375/654] Building CXX object lib/usd/utils/CMakeFiles/mayaUsdUtils.dir/DiffValues.cpp.o
    [376/654] Building CXX object lib/usd/utils/CMakeFiles/mayaUsdUtils.dir/util.cpp.o
    [377/654] Building CXX object plugin/pxr/maya/lib/usdMaya/CMakeFiles/_usdMaya.dir/module.cpp.o
    [378/654] Copying api.h ...
    [379/654] Building CXX object lib/usd/utils/CMakeFiles/mayaUsdUtils.dir/DiffPrims.cpp.o
    [380/654] Building CXX object plugin/pxr/maya/lib/usdMaya/CMakeFiles/usdMaya.dir/readJobWithSceneAssembly.cpp.o
    [381/654] Building CXX object lib/usd/utils/CMakeFiles/mayaUsdUtils.dir/MergePrims.cpp.o
    [382/654] Building CXX object plugin/pxr/maya/lib/usdMaya/CMakeFiles/usdMaya.dir/exportCommand.cpp.o
    [383/654] Linking CXX shared library lib/usd/utils/libmayaUsdUtils.so
    [384/654] Linking CXX executable test/lib/usd/utils/testDiffMetadatas
    [385/654] Building CXX object plugin/pxr/maya/lib/usdMaya/CMakeFiles/usdMaya.dir/importCommand.cpp.o
    [386/654] Linking CXX executable test/lib/usd/utils/testDiffLists
    [387/654] Linking CXX executable test/lib/usd/utils/testDiffCore
    [388/654] Linking CXX executable test/lib/usd/utils/testDiffDictionaries
    [389/654] Linking CXX executable test/lib/usd/utils/testMergePrims
    [390/654] Linking CXX executable test/lib/usd/utils/testDiffAttributes
    [391/654] Building CXX object plugin/pxr/maya/lib/usdMaya/CMakeFiles/usdMaya.dir/exportTranslator.cpp.o
    [392/654] Linking CXX executable test/lib/usd/utils/testDiffRelationships
    [393/654] Linking CXX executable test/lib/usd/utils/testDiffComputeOverall
    [394/654] Linking CXX executable test/lib/usd/utils/testDiffPrims
    [395/654] Building CXX object plugin/pxr/maya/lib/usdMaya/CMakeFiles/usdMaya.dir/readJob_ImportWithProxies.cpp.o
    [396/654] Linking CXX executable test/lib/usd/utils/testDiffValues
    [397/654] Building CXX object plugin/pxr/maya/lib/usdMaya/CMakeFiles/usdMaya.dir/editUtil.cpp.o
    [398/654] Building CXX object plugin/pxr/maya/lib/usdMaya/CMakeFiles/_usdMaya.dir/wrapAssembly.cpp.o
    [399/654] Building CXX object plugin/al/utils/AL/CMakeFiles/AL_EventSystem.dir/event/EventHandler.cpp.o
    [400/654] Building CXX object plugin/pxr/maya/lib/usdMaya/CMakeFiles/usdMaya.dir/importTranslator.cpp.o
    [401/654] Linking CXX shared library plugin/al/utils/AL/libAL_EventSystem.so
    [402/654] Building CXX object plugin/al/mayatest/AL/maya/test/CMakeFiles/AL_MayaTest.dir/testHarness.cpp.o
    [403/654] Building CXX object plugin/pxr/maya/lib/usdMaya/CMakeFiles/usdMaya.dir/translatorModelAssembly.cpp.o
    [404/654] Building CXX object plugin/al/mayautils/AL/maya/CMakeFiles/AL_MayaUtils.dir/utils/Utils.cpp.o
    [405/654] Building CXX object plugin/al/mayautils/AL/maya/CMakeFiles/AL_MayaUtils.dir/utils/MenuBuilder.cpp.o
    [406/654] Building CXX object plugin/al/mayautils/AL/maya/CMakeFiles/AL_MayaUtils.dir/utils/FileTranslatorOptions.cpp.o
    [407/654] Building CXX object plugin/pxr/maya/lib/usdMaya/CMakeFiles/usdMaya.dir/instancerShapeAdapterWithSceneAssembly.cpp.o
    [408/654] Building CXX object plugin/al/mayautils/AL/maya/tests/mayaplugintest/CMakeFiles/AL_MayaUtilsTests.dir/plugin.cpp.o
    [409/654] Building CXX object plugin/al/mayautils/AL/maya/CMakeFiles/AL_MayaUtils.dir/utils/CommandGuiHelper.cpp.o
    [410/654] Building CXX object plugin/al/mayautils/AL/maya/CMakeFiles/AL_MayaUtils.dir/utils/PluginTranslatorOptions.cpp.o
    [411/654] Building CXX object plugin/al/mayatest/AL/maya/test/CMakeFiles/AL_MayaTest.dir/testHelpers.cpp.o
    [412/654] Building CXX object plugin/al/mayautils/AL/maya/CMakeFiles/AL_MayaUtils.dir/event/MayaEventManager.cpp.o
    [413/654] Building CXX object plugin/pxr/maya/plugin/pxrUsd/CMakeFiles/pxrUsd.dir/usdTranslator.cpp.o
    [414/654] Linking CXX shared library plugin/al/mayatest/AL/maya/test/libAL_MayaTest.so
    [415/654] Building CXX object plugin/pxr/maya/lib/usdMaya/CMakeFiles/usdMaya.dir/proxyShape.cpp.o
    [416/654] Building CXX object plugin/al/mayautils/AL/maya/tests/mayaplugintest/CMakeFiles/AL_MayaUtilsTests.dir/utils/NodeHelperUnitTest.cpp.o
    [417/654] Building CXX object plugin/al/mayautils/AL/maya/tests/mayaplugintest/CMakeFiles/AL_MayaUtilsTests.dir/test_mobjectmap.cpp.o
    [418/654] Building CXX object plugin/al/mayautils/AL/maya/tests/mayaplugintest/CMakeFiles/AL_MayaUtilsTests.dir/utils/CommandGuiHelperTest.cpp.o
    [419/654] Building CXX object plugin/al/mayautils/AL/maya/CMakeFiles/AL_MayaUtils.dir/utils/NodeHelper.cpp.o
    [420/654] Linking CXX shared library plugin/al/mayautils/AL/maya/libAL_MayaUtils.so
    [421/654] Building CXX object plugin/al/mayautils/AL/maya/tests/mayaplugintest/CMakeFiles/AL_MayaUtilsTests.dir/test_maya_MenuBuilder.cpp.o
    [422/654] Building CXX object plugin/al/usdtransaction/AL/usd/transaction/CMakeFiles/_AL_USDTransaction.dir/module.cpp.o
    [423/654] Building CXX object plugin/pxr/maya/plugin/pxrUsd/CMakeFiles/pxrUsd.dir/alembicChaser.cpp.o
    [424/654] Building CXX object plugin/pxr/maya/lib/usdMaya/CMakeFiles/_usdMaya.dir/wrapEditUtil.cpp.o
    [425/654] Building CXX object plugin/pxr/maya/plugin/pxrUsdPreviewSurface/CMakeFiles/pxrUsdPreviewSurface.dir/plugin.cpp.o
    [426/654] Linking CXX shared library lib/mayaUsd/libmayaUsd.so
    [427/654] Building CXX object plugin/al/mayautils/AL/maya/tests/mayaplugintest/CMakeFiles/AL_MayaUtilsTests.dir/utils/PluginTranslatorOptionsTest.cpp.o
    [428/654] Linking CXX shared library test/lib/usd/plugin/usdTestMayaPlugin.so
    [429/654] Linking CXX shared library test/lib/usd/plugin/libusdTestUsdPlugin.so
    [430/654] Building CXX object plugin/al/mayautils/AL/maya/tests/mayaplugintest/CMakeFiles/AL_MayaUtilsTests.dir/test_maya_NodeHelper.cpp.o
    [431/654] Linking CXX shared library test/lib/usd/plugin/usdTestInfoImportChaser.so
    [432/654] Linking CXX shared library test/lib/usd/plugin/libusdTestApiWriter.so
    [433/654] Linking CXX shared library lib/mayaUsd/ufe/_ufe.so
    [434/654] Linking CXX shared library lib/mayaUsd/python/_mayaUsd.so
    [435/654] Linking CXX shared library lib/usd/pxrUsdPreviewSurface/libbasePxrUsdPreviewSurface.so
    [436/654] Linking CXX shared library lib/usd/hdMaya/libhdMaya.so
    [437/654] Building CXX object plugin/pxr/maya/plugin/pxrUsd/CMakeFiles/pxrUsd.dir/plugin.cpp.o
    [438/654] Building CXX object plugin/pxr/maya/lib/usdMaya/CMakeFiles/usdMaya.dir/referenceAssembly.cpp.o
    [439/654] Linking CXX shared library plugin/pxr/maya/plugin/pxrUsdPreviewSurface/pxrUsdPreviewSurface.so
    [440/654] Linking CXX shared library plugin/al/mayautils/AL/maya/tests/mayaplugintest/AL_MayaUtilsTests.so
    [441/654] Linking CXX shared library plugin/pxr/maya/lib/usdMaya/libusdMaya.so
    [442/654] Linking CXX shared library lib/mayaUsd/render/mayaToHydra/mtoh.so
    [443/654] Building CXX object plugin/al/usdmayautils/AL/usdmaya/utils/CMakeFiles/AL_USDMayaUtils.dir/Utils.cpp.o
    [444/654] Building CXX object plugin/al/usdmayautils/AL/usdmaya/utils/CMakeFiles/AL_USDMayaUtils.dir/AttributeType.cpp.o
    [445/654] Linking CXX shared library lib/usd/translators/libmayaUsd_Translators.so
    [446/654] Building CXX object plugin/al/usdmayautils/AL/usdmaya/utils/CMakeFiles/AL_USDMayaUtils.dir/AnimationTranslator.cpp.o
    [447/654] Linking CXX shared library plugin/pxr/maya/lib/usdMaya/_usdMaya.so
    [448/654] Linking CXX shared library plugin/pxr/maya/plugin/pxrUsd/pxrUsd.so
    [449/654] Building CXX object plugin/al/lib/AL_USDMaya/CMakeFiles/_AL_USDMaya.dir/AL/usdmaya/module.cpp.o
    [450/654] Building CXX object plugin/al/usdtransaction/AL/usd/transaction/CMakeFiles/AL_USDTransaction.dir/Notice.cpp.o
    [451/654] Building CXX object plugin/al/usdtransaction/AL/usd/transaction/tests/CMakeFiles/AL_USDTransactionTests.dir/testMain.cpp.o
    [452/654] Automatic MOC and UIC for target mayaUsdUI
    [453/654] Automatic RCC for layerEditor/resources.qrc
    [454/654] Automatic RCC for importDialog/images/ui.qrc
    [455/654] Building CXX object plugin/al/usdtransaction/AL/usd/transaction/CMakeFiles/_AL_USDTransaction.dir/wrapTransaction.cpp.o
    [456/654] Building CXX object plugin/al/usdtransaction/AL/usd/transaction/CMakeFiles/_AL_USDTransaction.dir/wrapNotice.cpp.o
    [457/654] Building CXX object plugin/al/usdmayautils/AL/usdmaya/utils/CMakeFiles/AL_USDMayaUtils.dir/DiffPrimVar.cpp.o
    [458/654] Building CXX object plugin/al/usdmayautils/AL/usdmaya/utils/CMakeFiles/AL_USDMayaUtils.dir/NurbsCurveUtils.cpp.o
    [459/654] Building CXX object plugin/al/usdtransaction/AL/usd/transaction/CMakeFiles/_AL_USDTransaction.dir/wrapTransactionManager.cpp.o
    [460/654] Building CXX object plugin/al/usdmayautils/AL/usdmaya/utils/CMakeFiles/AL_USDMayaUtils.dir/MeshUtils.cpp.o
    [461/654] Building CXX object plugin/al/usdtransaction/AL/usd/transaction/CMakeFiles/AL_USDTransaction.dir/Transaction.cpp.o
    [462/654] Building CXX object plugin/al/lib/AL_USDMaya/CMakeFiles/_AL_USDMaya.dir/AL/usdmaya/wrapStageCache.cpp.o
    [463/654] Building CXX object lib/usd/ui/CMakeFiles/mayaUsdUI.dir/layerEditor/dirtyLayersCountBadge.cpp.o
    [464/654] Building CXX object lib/usd/ui/CMakeFiles/mayaUsdUI.dir/layerEditor/generatedIconButton.cpp.o
    [465/654] Building CXX object plugin/al/usdtransaction/AL/usd/transaction/CMakeFiles/AL_USDTransaction.dir/TransactionManager.cpp.o
    [466/654] Building CXX object plugin/al/usdtransaction/AL/usd/transaction/tests/CMakeFiles/AL_USDTransactionTests.dir/testTransactionManager.cpp.o
    [467/654] Building CXX object plugin/al/lib/AL_USDMaya/CMakeFiles/_AL_USDMaya.dir/AL/usdmaya/nodes/wrapLayerManager.cpp.o
    [468/654] Building CXX object plugin/al/usdtransaction/AL/usd/transaction/tests/CMakeFiles/AL_USDTransactionTests.dir/testTransaction.cpp.o
    [469/654] Building CXX object plugin/al/usdmayautils/AL/usdmaya/utils/CMakeFiles/AL_USDMayaUtils.dir/DgNodeHelper.cpp.o
    [470/654] Building CXX object lib/usd/ui/CMakeFiles/mayaUsdUI.dir/layerEditor/mayaQtUtils.cpp.o
    [471/654] Building CXX object plugin/al/lib/AL_USDMaya/CMakeFiles/_AL_USDMaya.dir/AL/usdmaya/nodes/wrapProxyShape.cpp.o
    [472/654] Building CXX object lib/usd/ui/CMakeFiles/mayaUsdUI.dir/mayaUsdUI_autogen/mocs_compilation.cpp.o
    [473/654] Building CXX object lib/usd/ui/CMakeFiles/mayaUsdUI.dir/layerEditor/mayaCommandHook.cpp.o
    [474/654] Building CXX object lib/usd/ui/CMakeFiles/mayaUsdUI.dir/layerEditor/stringResources.cpp.o
    [475/654] Building CXX object lib/usd/ui/CMakeFiles/mayaUsdUI.dir/layerEditor/layerTreeItemDelegate.cpp.o
    [476/654] Building CXX object lib/usd/ui/CMakeFiles/mayaUsdUI.dir/layerEditor/qtUtils.cpp.o
    [477/654] Building CXX object lib/usd/ui/CMakeFiles/mayaUsdUI.dir/layerEditor/layerTreeView.cpp.o
    [478/654] Building CXX object lib/usd/ui/CMakeFiles/mayaUsdUI.dir/layerEditor/loadLayersDialog.cpp.o
    [479/654] Building CXX object lib/usd/ui/CMakeFiles/mayaUsdUI.dir/layerEditor/layerEditorWidget.cpp.o
    [480/654] Building CXX object plugin/al/lib/AL_USDMaya/CMakeFiles/_AL_USDMaya.dir/AL/usdmaya/fileio/translators/wrapTranslatorBase.cpp.o
    [481/654] Building CXX object lib/usd/ui/CMakeFiles/mayaUsdUI.dir/layerEditor/layerTreeItem.cpp.o
    [482/654] Building CXX object lib/usd/ui/CMakeFiles/mayaUsdUI.dir/layerEditor/layerTreeModel.cpp.o
    [483/654] Building CXX object lib/usd/ui/CMakeFiles/mayaUsdUI.dir/layerEditor/warningDialogs.cpp.o
    [484/654] Building CXX object lib/usd/ui/CMakeFiles/mayaUsdUI.dir/mayaUsdUI_autogen/5WMDHDZAMM/qrc_resources.cpp.o
    [485/654] Building CXX object lib/usd/ui/CMakeFiles/mayaUsdUI.dir/initStringResources.cpp.o
    [486/654] Building CXX object lib/usd/ui/CMakeFiles/mayaUsdUI.dir/mayaUsdUI_autogen/AUCU3ACLTF/qrc_ui.cpp.o
    [487/654] Building CXX object lib/usd/ui/CMakeFiles/mayaUsdUI.dir/importDialog/USDQtUtil.cpp.o
    [488/654] Linking CXX shared library plugin/al/usdtransaction/AL/usd/transaction/libAL_USDTransaction.so
    [489/654] Linking CXX shared library plugin/al/usdtransaction/AL/usd/transaction/_AL_USDTransaction.so
    [490/654] Linking CXX shared library plugin/al/usdmayautils/AL/usdmaya/utils/libAL_USDMayaUtils.so
    [491/654] Building CXX object lib/usd/ui/CMakeFiles/mayaUsdUI.dir/layerEditor/sessionState.cpp.o
    [492/654] Linking CXX executable plugin/al/usdtransaction/AL/usd/transaction/tests/AL_USDTransactionTests
    [493/654] Building CXX object lib/usd/ui/CMakeFiles/mayaUsdUI.dir/layerEditor/mayaLayerEditorWindow.cpp.o
    [494/654] Building CXX object lib/usd/ui/CMakeFiles/mayaUsdUI.dir/layerEditor/pathChecker.cpp.o
    [495/654] Building CXX object plugin/al/lib/AL_USDMaya/CMakeFiles/AL_USDMaya.dir/AL/usdmaya/Metadata.cpp.o
    [496/654] Building CXX object plugin/al/lib/AL_USDMaya/CMakeFiles/AL_USDMaya.dir/AL/usdmaya/DebugCodes.cpp.o
    [497/654] Building CXX object lib/usd/ui/CMakeFiles/mayaUsdUI.dir/layerEditor/mayaSessionState.cpp.o
    [498/654] Building CXX object plugin/al/lib/AL_USDMaya/CMakeFiles/AL_USDMaya.dir/AL/usdmaya/StageCache.cpp.o
    [499/654] Building CXX object plugin/al/lib/AL_USDMaya/CMakeFiles/AL_USDMaya.dir/AL/usdmaya/cmds/DebugCommands.cpp.o
    [500/654] Building CXX object plugin/al/lib/AL_USDMaya/CMakeFiles/AL_USDMaya.dir/AL/usdmaya/moduleDeps.cpp.o
    [501/654] Building CXX object lib/usd/ui/CMakeFiles/mayaUsdUI.dir/importDialog/TreeItem.cpp.o
    [502/654] Building CXX object lib/usd/ui/CMakeFiles/mayaUsdUI.dir/importDialog/ItemDelegate.cpp.o
    [503/654] Building CXX object plugin/al/lib/AL_USDMaya/CMakeFiles/AL_USDMaya.dir/AL/usdmaya/cmds/EventCommand.cpp.o
    [504/654] Building CXX object lib/usd/ui/CMakeFiles/mayaUsdUI.dir/layerEditor/stageSelectorWidget.cpp.o
    [505/654] Building CXX object lib/usd/ui/CMakeFiles/mayaUsdUI.dir/importDialog/TreeModel.cpp.o
    [506/654] Building CXX object plugin/al/lib/AL_USDMaya/CMakeFiles/AL_USDMaya.dir/AL/usdmaya/cmds/RendererCommands.cpp.o
    [507/654] Building CXX object lib/usd/ui/CMakeFiles/mayaUsdUI.dir/importDialog/USDImportDialog.cpp.o
    [508/654] Building CXX object plugin/al/lib/AL_USDMaya/CMakeFiles/AL_USDMaya.dir/AL/usdmaya/cmds/SyncFileIOGui.cpp.o
    [509/654] Building CXX object lib/usd/ui/CMakeFiles/mayaUsdUI.dir/layerEditor/batchSaveLayersUIDelegate.cpp.o
    [510/654] Building CXX object lib/usd/ui/CMakeFiles/mayaUsdUI.dir/importDialog/TreeModelFactory.cpp.o
    [511/654] Building CXX object plugin/al/lib/AL_USDMaya/CMakeFiles/AL_USDMaya.dir/AL/usdmaya/TransformOperation.cpp.o
    [512/654] Building CXX object lib/usd/ui/CMakeFiles/mayaUsdUI.dir/importDialog/USDImportDialogCmd.cpp.o
    [513/654] Building CXX object plugin/al/lib/AL_USDMaya/CMakeFiles/AL_USDMaya.dir/AL/usdmaya/cmds/CreateUsdPrim.cpp.o
    [514/654] Building CXX object plugin/al/lib/AL_USDMaya/CMakeFiles/AL_USDMaya.dir/AL/usdmaya/Global.cpp.o
    [515/654] Building CXX object plugin/al/lib/AL_USDMaya/CMakeFiles/AL_USDMaya.dir/AL/usdmaya/cmds/ListTranslators.cpp.o
    [516/654] Building CXX object lib/usd/ui/CMakeFiles/mayaUsdUI.dir/layerEditor/saveLayersDialog.cpp.o
    [517/654] Building CXX object plugin/al/lib/AL_USDMaya/CMakeFiles/_AL_USDMaya.dir/AL/usdmaya/fileio/translators/wrapTranslatorContext.cpp.o
    [518/654] Linking CXX shared library lib/usd/ui/libmayaUsdUI.so
    [519/654] Automatic MOC and UIC for target testMayaUsdUI
    [520/654] Building CXX object lib/usd/ui/importDialogDemo/CMakeFiles/testMayaUsdUI.dir/testMayaUsdUI_autogen/mocs_compilation.cpp.o
    [521/654] Building CXX object plugin/al/lib/AL_USDMaya/CMakeFiles/AL_USDMaya.dir/AL/usdmaya/cmds/LayerCommands.cpp.o
    [522/654] Building CXX object plugin/al/lib/AL_USDMaya/CMakeFiles/AL_USDMaya.dir/AL/usdmaya/fileio/SchemaPrims.cpp.o
    [523/654] Building CXX object plugin/al/lib/AL_USDMaya/CMakeFiles/AL_USDMaya.dir/AL/usdmaya/fileio/ImportTranslator.cpp.o
    [524/654] Building CXX object plugin/al/lib/AL_USDMaya/CMakeFiles/AL_USDMaya.dir/AL/usdmaya/cmds/ProxyShapePostLoadProcess.cpp.o
    [525/654] Building CXX object plugin/al/lib/AL_USDMaya/CMakeFiles/AL_USDMaya.dir/AL/usdmaya/fileio/NodeFactory.cpp.o
    [526/654] Building CXX object plugin/al/lib/AL_USDMaya/CMakeFiles/AL_USDMaya.dir/AL/usdmaya/cmds/UnloadPrim.cpp.o
    [527/654] Building CXX object plugin/al/lib/AL_USDMaya/CMakeFiles/AL_USDMaya.dir/AL/usdmaya/fileio/AnimationTranslator.cpp.o
    [528/654] Building CXX object plugin/al/lib/AL_USDMaya/CMakeFiles/AL_USDMaya.dir/AL/usdmaya/fileio/ExportTranslator.cpp.o
    [529/654] Building CXX object plugin/al/lib/AL_USDMaya/CMakeFiles/AL_USDMaya.dir/AL/usdmaya/nodes/Layer.cpp.o
    [530/654] Building CXX object plugin/al/lib/AL_USDMaya/CMakeFiles/AL_USDMaya.dir/AL/usdmaya/cmds/ProxyShapeCommands.cpp.o
    [531/654] Building CXX object plugin/al/lib/AL_USDMaya/CMakeFiles/AL_USDMaya.dir/AL/usdmaya/fileio/Import.cpp.o
    [532/654] Building CXX object plugin/al/lib/AL_USDMaya/CMakeFiles/AL_USDMaya.dir/AL/usdmaya/fileio/translators/DgNodeTranslator.cpp.o
    [533/654] Building CXX object plugin/al/lib/AL_USDMaya/CMakeFiles/AL_USDMaya.dir/AL/usdmaya/fileio/translators/DagNodeTranslator.cpp.o
    [534/654] Building CXX object plugin/al/lib/AL_USDMaya/CMakeFiles/AL_USDMaya.dir/AL/usdmaya/fileio/TransformIterator.cpp.o
    [535/654] Building CXX object plugin/al/lib/AL_USDMaya/CMakeFiles/AL_USDMaya.dir/AL/usdmaya/fileio/Export.cpp.o
    [536/654] Building CXX object lib/usd/ui/importDialogDemo/CMakeFiles/testMayaUsdUI.dir/testMayaUsdUI.cpp.o
    [537/654] Building CXX object plugin/al/lib/AL_USDMaya/CMakeFiles/AL_USDMaya.dir/AL/usdmaya/fileio/translators/TranslatorTestType.cpp.o
    [538/654] Building CXX object plugin/al/lib/AL_USDMaya/CMakeFiles/AL_USDMaya.dir/AL/usdmaya/fileio/translators/ExtraDataPlugin.cpp.o
    [539/654] Building CXX object plugin/al/lib/AL_USDMaya/CMakeFiles/AL_USDMaya.dir/AL/usdmaya/fileio/translators/TranslatorTestPlugin.cpp.o
    [540/654] Linking CXX executable lib/usd/ui/importDialogDemo/testMayaUsdUI
    [541/654] Building CXX object plugin/al/lib/AL_USDMaya/CMakeFiles/AL_USDMaya.dir/AL/usdmaya/fileio/translators/TestExtraDataPlugin.cpp.o
    [542/654] Building CXX object plugin/al/lib/AL_USDMaya/CMakeFiles/AL_USDMaya.dir/AL/usdmaya/fileio/translators/TranslatorBase.cpp.o
    [543/654] Building CXX object plugin/al/lib/AL_USDMaya/CMakeFiles/AL_USDMaya.dir/AL/usdmaya/fileio/translators/TransformTranslator.cpp.o
    [544/654] Building CXX object plugin/al/lib/AL_USDMaya/CMakeFiles/AL_USDMaya.dir/AL/usdmaya/nodes/LayerManager.cpp.o
    [545/654] Building CXX object plugin/al/lib/AL_USDMaya/CMakeFiles/AL_USDMaya.dir/AL/usdmaya/fileio/translators/TranslatorContext.cpp.o
    [546/654] Building CXX object plugin/al/lib/AL_USDMaya/CMakeFiles/AL_USDMaya.dir/AL/usdmaya/nodes/MeshAnimDeformer.cpp.o
    [547/654] Building CXX object plugin/al/lib/AL_USDMaya/CMakeFiles/AL_USDMaya.dir/AL/usdmaya/nodes/MeshAnimCreator.cpp.o
    [548/654] Building CXX object plugin/al/lib/AL_USDMaya/CMakeFiles/AL_USDMaya.dir/AL/usdmaya/nodes/ProxyUsdGeomCamera.cpp.o
    [549/654] Building CXX object plugin/al/lib/AL_USDMaya/CMakeFiles/AL_USDMaya.dir/AL/usdmaya/nodes/Engine.cpp.o
    [550/654] Building CXX object plugin/al/lib/AL_USDMaya/CMakeFiles/AL_USDMaya.dir/AL/usdmaya/nodes/BasicTransformationMatrix.cpp.o
    [551/654] Building CXX object plugin/al/lib/AL_USDMaya/CMakeFiles/AL_USDMaya.dir/AL/usdmaya/nodes/RendererManager.cpp.o
    [552/654] Building CXX object plugin/al/lib/AL_USDMaya/CMakeFiles/AL_USDMaya.dir/AL/usdmaya/nodes/ProxyShapeSelection.cpp.o
    [553/654] Building CXX object plugin/al/plugin/AL_USDMayaTestPlugin/CMakeFiles/AL_USDMayaTestPlugin.dir/AL/maya/test_EventHandler.cpp.o
    [554/654] Building CXX object plugin/al/lib/AL_USDMaya/CMakeFiles/AL_USDMaya.dir/AL/usdmaya/nodes/Scope.cpp.o
    [555/654] Building CXX object plugin/al/lib/AL_USDMaya/CMakeFiles/AL_USDMaya.dir/AL/usdmaya/nodes/Transform.cpp.o
    [556/654] Building CXX object plugin/al/lib/AL_USDMaya/CMakeFiles/AL_USDMaya.dir/AL/usdmaya/nodes/proxy/PrimFilter.cpp.o
    [557/654] Building CXX object plugin/al/lib/AL_USDMaya/CMakeFiles/AL_USDMaya.dir/AL/usdmaya/nodes/proxy/ProxyShapeVariantFallbacks.cpp.o
    [558/654] Building CXX object plugin/al/lib/AL_USDMaya/CMakeFiles/AL_USDMaya.dir/AL/usdmaya/nodes/proxy/ProxyShapeMetaData.cpp.o
    [559/654] Building CXX object plugin/al/lib/AL_USDMaya/CMakeFiles/AL_USDMaya.dir/AL/usdmaya/nodes/TransformationMatrix.cpp.o
    [560/654] Building CXX object plugin/al/plugin/AL_USDMayaTestPlugin/CMakeFiles/AL_USDMayaTestPlugin.dir/AL/maya/test_MatrixToSRT.cpp.o
    [561/654] Building CXX object plugin/al/plugin/AL_USDMayaTestPlugin/CMakeFiles/AL_USDMayaTestPlugin.dir/AL/maya/test_MayaEventManager.cpp.o
    [562/654] Building CXX object plugin/al/plugin/AL_USDMayaPlugin/CMakeFiles/AL_USDMayaPlugin.dir/plugin.cpp.o
    [563/654] Building CXX object plugin/al/plugin/AL_USDMayaTestPlugin/CMakeFiles/AL_USDMayaTestPlugin.dir/plugin.cpp.o
    [564/654] Building CXX object plugin/al/plugin/AL_USDMayaTestPlugin/CMakeFiles/AL_USDMayaTestPlugin.dir/AL/usdmaya/commands/test_LayerCommands.cpp.o
    [565/654] Building CXX object plugin/al/plugin/AL_USDMayaTestPlugin/CMakeFiles/AL_USDMayaTestPlugin.dir/AL/usdmaya/commands/test_TranslateCommand.cpp.o
    [566/654] Building CXX object plugin/al/plugin/AL_USDMayaTestPlugin/CMakeFiles/AL_USDMayaTestPlugin.dir/AL/usdmaya/commands/test_ExportCommands.cpp.o
    [567/654] Building CXX object plugin/al/lib/AL_USDMaya/CMakeFiles/AL_USDMaya.dir/AL/usdmaya/nodes/ProxyShape.cpp.o
    [568/654] Building CXX object plugin/al/plugin/AL_USDMayaTestPlugin/CMakeFiles/AL_USDMayaTestPlugin.dir/AL/usdmaya/commands/test_LayerManagerCommands.cpp.o
    [569/654] Building CXX object plugin/al/plugin/AL_USDMayaTestPlugin/CMakeFiles/AL_USDMayaTestPlugin.dir/AL/usdmaya/fileio/export_constraints.cpp.o
    [570/654] Building CXX object plugin/al/plugin/AL_USDMayaTestPlugin/CMakeFiles/AL_USDMayaTestPlugin.dir/AL/usdmaya/fileio/export_misc.cpp.o
    [571/654] Building CXX object plugin/al/plugin/AL_USDMayaTestPlugin/CMakeFiles/AL_USDMayaTestPlugin.dir/AL/usdmaya/fileio/export_blendshape.cpp.o
    [572/654] Building CXX object plugin/al/plugin/AL_USDMayaTestPlugin/CMakeFiles/AL_USDMayaTestPlugin.dir/AL/usdmaya/commands/test_ProxyShapeImport.cpp.o
    [573/654] Linking CXX shared library plugin/al/lib/AL_USDMaya/libAL_USDMaya.so
    [574/654] Building CXX object plugin/al/plugin/AL_USDMayaTestPlugin/CMakeFiles/AL_USDMayaTestPlugin.dir/AL/usdmaya/fileio/export_ik.cpp.o
    [575/654] Linking CXX shared library plugin/al/lib/AL_USDMaya/_AL_USDMaya.so
    [576/654] Building CXX object plugin/al/plugin/AL_USDMayaTestPlugin/CMakeFiles/AL_USDMayaTestPlugin.dir/AL/usdmaya/fileio/export_lattice.cpp.o
    [577/654] Linking CXX shared library plugin/al/plugin/AL_USDMayaPlugin/AL_USDMayaPlugin.so
    [578/654] Building CXX object plugin/al/plugin/AL_USDMayaTestPlugin/CMakeFiles/AL_USDMayaTestPlugin.dir/AL/usdmaya/fileio/export_import_instancing.cpp.o
    [579/654] Building CXX object plugin/al/plugin/AL_USDMayaTestPlugin/CMakeFiles/AL_USDMayaTestPlugin.dir/AL/usdmaya/fileio/export_multiple_shapes.cpp.o
    [580/654] Building CXX object plugin/al/plugin/AL_USDMayaTestPlugin/CMakeFiles/AL_USDMayaTestPlugin.dir/AL/usdmaya/fileio/import_instances.cpp.o
    [581/654] Building CXX object plugin/al/plugin/AL_USDMayaTestPlugin/CMakeFiles/AL_USDMayaTestPlugin.dir/AL/usdmaya/fileio/export_unmerged.cpp.o
    [582/654] Building CXX object plugin/al/plugin/AL_USDMayaTestPlugin/CMakeFiles/AL_USDMayaTestPlugin.dir/AL/usdmaya/fileio/export_nonlinear.cpp.o
    [583/654] Building CXX object plugin/al/plugin/AL_USDMayaTestPlugin/CMakeFiles/AL_USDMayaTestPlugin.dir/AL/usdmaya/fileio/import_playback_range.cpp.o
    [584/654] Building CXX object plugin/al/plugin/AL_USDMayaTestPlugin/CMakeFiles/AL_USDMayaTestPlugin.dir/AL/usdmaya/fileio/test_activeInActiveTranslators.cpp.o
    [585/654] Building CXX object plugin/al/plugin/AL_USDMayaTestPlugin/CMakeFiles/AL_USDMayaTestPlugin.dir/AL/usdmaya/nodes/test_ExtraDataPlugin.cpp.o
    [586/654] Building CXX object plugin/al/plugin/AL_USDMayaTestPlugin/CMakeFiles/AL_USDMayaTestPlugin.dir/AL/usdmaya/nodes/proxy/test_PrimFilter.cpp.o
    [587/654] Building CXX object plugin/al/plugin/AL_USDMayaTestPlugin/CMakeFiles/AL_USDMayaTestPlugin.dir/AL/usdmaya/nodes/test_ProxyShapeSelectabilityDB.cpp.o
    [588/654] Building CXX object plugin/al/plugin/AL_USDMayaTestPlugin/CMakeFiles/AL_USDMayaTestPlugin.dir/AL/usdmaya/nodes/test_lockPrims.cpp.o
    [589/654] Building CXX object plugin/al/plugin/AL_USDMayaTestPlugin/CMakeFiles/AL_USDMayaTestPlugin.dir/AL/usdmaya/nodes/test_LayerManager.cpp.o
    [590/654] Building CXX object plugin/al/plugin/AL_USDMayaTestPlugin/CMakeFiles/AL_USDMayaTestPlugin.dir/AL/usdmaya/nodes/test_Transform.cpp.o
    [591/654] Building CXX object plugin/al/plugin/AL_USDMayaTestPlugin/CMakeFiles/AL_USDMayaTestPlugin.dir/AL/usdmaya/nodes/test_ProxyUsdGeomCamera.cpp.o
    [592/654] Building CXX object plugin/al/plugin/AL_USDMayaTestPlugin/CMakeFiles/AL_USDMayaTestPlugin.dir/AL/usdmaya/nodes/test_ScopeMatrix.cpp.o
    [593/654] Building CXX object plugin/al/plugin/AL_USDMayaTestPlugin/CMakeFiles/AL_USDMayaTestPlugin.dir/AL/usdmaya/nodes/test_ActiveInactive.cpp.o
    [594/654] Building CXX object plugin/al/plugin/AL_USDMayaTestPlugin/CMakeFiles/AL_USDMayaTestPlugin.dir/AL/usdmaya/nodes/test_VariantFallbacks.cpp.o
    [595/654] Building CXX object plugin/al/schemas/AL/usd/schemas/maya/CMakeFiles/_AL_USDMayaSchemas.dir/module.cpp.o
    [596/654] Building CXX object plugin/al/plugin/AL_USDMayaTestPlugin/CMakeFiles/AL_USDMayaTestPlugin.dir/AL/usdmaya/test_DiffGeom.cpp.o
    [597/654] Building CXX object plugin/al/plugin/AL_USDMayaTestPlugin/CMakeFiles/AL_USDMayaTestPlugin.dir/AL/usdmaya/nodes/test_TranslatorContext.cpp.o
    [598/654] Building CXX object plugin/al/plugin/AL_USDMayaTestPlugin/CMakeFiles/AL_USDMayaTestPlugin.dir/test_translators_AnimationTranslator.cpp.o
    [599/654] Building CXX object plugin/al/plugin/AL_USDMayaTestPlugin/CMakeFiles/AL_USDMayaTestPlugin.dir/AL/usdmaya/test_DiffPrimVar.cpp.o
    [600/654] Building CXX object plugin/al/schemas/AL/usd/schemas/maya/CMakeFiles/_AL_USDMayaSchemas.dir/wrapTokens.cpp.o
    [601/654] Building CXX object plugin/al/schemas/AL/usd/schemas/maya/CMakeFiles/AL_USDMayaSchemas.dir/tokens.cpp.o
    [602/654] Building CXX object plugin/al/plugin/AL_USDMayaTestPlugin/CMakeFiles/AL_USDMayaTestPlugin.dir/AL/usdmaya/nodes/test_ProxyShape.cpp.o
    [603/654] Building CXX object plugin/al/plugin/AL_USDMayaTestPlugin/CMakeFiles/AL_USDMayaTestPlugin.dir/test_translators_PythonBindings.cpp.o
    [604/654] Building CXX object plugin/al/schemas/AL/usd/schemas/maya/tests/CMakeFiles/testMayaSchemas.dir/main.cpp.o
    [605/654] Building CXX object plugin/al/plugin/AL_USDMayaTestPlugin/CMakeFiles/AL_USDMayaTestPlugin.dir/test_translators_CameraTranslator.cpp.o
    [606/654] Building CXX object plugin/al/schemas/AL/usd/schemas/mayatest/CMakeFiles/_AL_USDMayaSchemasTest.dir/module.cpp.o
    [607/654] Building CXX object plugin/al/plugin/AL_USDMayaTestPlugin/CMakeFiles/AL_USDMayaTestPlugin.dir/AL/usdmaya/nodes/test_TransformMatrix.cpp.o
    [608/654] Building CXX object plugin/al/schemas/AL/usd/schemas/maya/CMakeFiles/AL_USDMayaSchemas.dir/ModuleDeps.cpp.o
    [609/654] Building CXX object plugin/al/plugin/AL_USDMayaTestPlugin/CMakeFiles/AL_USDMayaTestPlugin.dir/test_translators_NurbsCurveTranslator.cpp.o
    [610/654] Building CXX object plugin/al/plugin/AL_USDMayaTestPlugin/CMakeFiles/AL_USDMayaTestPlugin.dir/test_translators_Translator.cpp.o
    [611/654] Building CXX object plugin/al/schemas/AL/usd/schemas/mayatest/CMakeFiles/AL_USDMayaSchemasTest.dir/tokens.cpp.o
    [612/654] Building CXX object plugin/al/plugin/AL_USDMayaTestPlugin/CMakeFiles/AL_USDMayaTestPlugin.dir/test_usdmaya.cpp.o
    [613/654] Building CXX object plugin/al/translators/CMakeFiles/AL_USDMayaTranslators.dir/CommonTranslatorOptions.cpp.o
    [614/654] Building CXX object plugin/al/schemas/AL/usd/schemas/mayatest/CMakeFiles/_AL_USDMayaSchemasTest.dir/wrapTokens.cpp.o
    [615/654] Building CXX object plugin/al/schemas/AL/usd/schemas/mayatest/CMakeFiles/AL_USDMayaSchemasTest.dir/ModuleDeps.cpp.o
    [616/654] Building CXX object plugin/al/schemas/AL/usd/schemas/maya/CMakeFiles/_AL_USDMayaSchemas.dir/wrapModelAPI.cpp.o
    [617/654] Building CXX object plugin/al/schemas/AL/usd/schemas/maya/CMakeFiles/_AL_USDMayaSchemas.dir/wrapFrameRange.cpp.o
    [618/654] Building CXX object plugin/al/schemas/AL/usd/schemas/maya/CMakeFiles/AL_USDMayaSchemas.dir/FrameRange.cpp.o
    [619/654] Building CXX object plugin/al/translators/pxrUsdTranslators/CMakeFiles/AL_USDMayaPxrTranslators.dir/plugin.cpp.o
    [620/654] Building CXX object plugin/al/schemas/AL/usd/schemas/maya/CMakeFiles/AL_USDMayaSchemas.dir/ModelAPI.cpp.o
    [621/654] Building CXX object plugin/al/plugin/AL_USDMayaTestPlugin/CMakeFiles/AL_USDMayaTestPlugin.dir/test_usdmaya_AttributeType.cpp.o
    [622/654] Linking CXX shared library plugin/al/schemas/AL/usd/schemas/maya/libAL_USDMayaSchemas.so
    [623/654] Building CXX object plugin/al/plugin/AL_USDMayaTestPlugin/CMakeFiles/AL_USDMayaTestPlugin.dir/test_translators_MeshTranslator.cpp.o
    [624/654] Linking CXX shared library plugin/al/schemas/AL/usd/schemas/maya/_AL_USDMayaSchemas.so
    [625/654] Building CXX object plugin/al/schemas/AL/usd/schemas/maya/tests/CMakeFiles/testMayaSchemas.dir/testMayaSchemas.cpp.o
    [626/654] Building CXX object plugin/al/schemas/AL/usd/schemas/mayatest/CMakeFiles/AL_USDMayaSchemasTest.dir/ExamplePolyCubeNode.cpp.o
    [627/654] Linking CXX shared library plugin/al/schemas/AL/usd/schemas/mayatest/libAL_USDMayaSchemasTest.so
    [628/654] Building CXX object plugin/adsk/plugin/CMakeFiles/mayaUsdPlugin.dir/adskListJobContextsCommand.cpp.o
    [629/654] Building CXX object plugin/adsk/plugin/CMakeFiles/mayaUsdPlugin.dir/adskListShadingModesCommand.cpp.o
    [630/654] Building CXX object plugin/al/plugin/AL_USDMayaTestPlugin/CMakeFiles/AL_USDMayaTestPlugin.dir/test_translators_TransformTranslator.cpp.o
    [631/654] Building CXX object plugin/al/schemas/AL/usd/schemas/maya/tests/CMakeFiles/testMayaSchemas.dir/testModelAPI.cpp.o
    [632/654] Building CXX object plugin/al/plugin/AL_USDMayaTestPlugin/CMakeFiles/AL_USDMayaTestPlugin.dir/test_translators_DgTranslator.cpp.o
    [633/654] Linking CXX executable plugin/al/schemas/AL/usd/schemas/maya/tests/testMayaSchemas
    [634/654] Building CXX object plugin/al/schemas/AL/usd/schemas/mayatest/CMakeFiles/_AL_USDMayaSchemasTest.dir/wrapExamplePolyCubeNode.cpp.o
    [635/654] Linking CXX shared library plugin/al/schemas/AL/usd/schemas/mayatest/_AL_USDMayaSchemasTest.so
    [636/654] Linking CXX shared library plugin/al/plugin/AL_USDMayaTestPlugin/AL_USDMayaTestPlugin.so
    [637/654] Building CXX object plugin/al/translators/CMakeFiles/AL_USDMayaTranslators.dir/FrameRange.cpp.o
    [638/654] Building CXX object plugin/al/translators/CMakeFiles/AL_USDMayaTranslators.dir/MayaReference.cpp.o
    [639/654] Building CXX object plugin/adsk/plugin/CMakeFiles/mayaUsdPlugin.dir/adskExportCommand.cpp.o
    [640/654] Building CXX object plugin/adsk/plugin/CMakeFiles/mayaUsdPlugin.dir/adskImportCommand.cpp.o
    [641/654] Building CXX object plugin/al/translators/CMakeFiles/AL_USDMayaTranslators.dir/Camera.cpp.o
    [642/654] Building CXX object plugin/al/translators/CMakeFiles/AL_USDMayaTranslators.dir/DirectionalLight.cpp.o
    [643/654] Building CXX object plugin/al/translators/CMakeFiles/AL_USDMayaTranslators.dir/NurbsCurve.cpp.o
    [644/654] Building CXX object plugin/al/translators/CMakeFiles/AL_USDMayaTranslators.dir/Mesh.cpp.o
    [645/654] Building CXX object plugin/al/translators/pxrUsdTranslators/CMakeFiles/AL_USDMayaPxrTranslators.dir/ProxyShapeTranslator.cpp.o
    [646/654] Linking CXX shared library plugin/al/translators/libAL_USDMayaTranslators.so
    [647/654] Building CXX object plugin/adsk/plugin/CMakeFiles/mayaUsdPlugin.dir/adskStageLoadUnloadCommands.cpp.o
    [648/654] Linking CXX shared library plugin/al/translators/pxrUsdTranslators/AL_USDMayaPxrTranslators.so
    [649/654] Building CXX object plugin/adsk/plugin/CMakeFiles/mayaUsdPlugin.dir/geomNode.cpp.o
    [650/654] Building CXX object plugin/adsk/plugin/CMakeFiles/mayaUsdPlugin.dir/exportTranslator.cpp.o
    [651/654] Building CXX object plugin/adsk/plugin/CMakeFiles/mayaUsdPlugin.dir/ProxyShape.cpp.o
    [652/654] Building CXX object plugin/adsk/plugin/CMakeFiles/mayaUsdPlugin.dir/importTranslator.cpp.o
    [653/654] Building CXX object plugin/adsk/plugin/CMakeFiles/mayaUsdPlugin.dir/plugin.cpp.o
    [654/654] Linking CXX shared module plugin/adsk/plugin/mayaUsdPlugin.so
    
        Building with settings:
          Source directory          /home/S/jenkins/workspace/ecg-mayausd-branch-preflight-2020-linux/ecg-maya-usd/maya-usd
          Workspace directory       /local/S/jenkins/workspace/ecg-mayausd-branch-preflight-2020-linux
          Build directory           /local/S/jenkins/workspace/ecg-mayausd-branch-preflight-2020-linux/build/RelWithDebInfo
          Install directory         /local/S/jenkins/workspace/ecg-mayausd-branch-preflight-2020-linux/install/RelWithDebInfo/MayaUSD
          Variant                   RelWithDebInfo
          Python Debug              Off
          CMake generator           Ninja
          Build arguments           ['-DCMAKE_MAKE_PROGRAM=/local/S/jenkins/workspace/shared/Artifactory/Linux/ninja/1.9.0/aca9939/ninja', '-DPYTHON_INCLUDE_DIR=/local/S/jenkins/workspace/shared/Artifactory/Linux/rundev-2020/202107140359/runtime/a6ca045/runTime/include/Python', '-DPython_EXECUTABLE=/local/S/jenkins/workspace/shared/Artifactory/Linux/rundev-2020/202107140359/runtime/a6ca045/runTime/bin/mayapy', '-DPYTHON_LIBRARIES=/local/S/jenkins/workspace/shared/Artifactory/Linux/rundev-2020/202107140359/runtime/a6ca045/runTime/lib/libpython2.7.so.1.0', '-DUSD_LIB_PREFIX=lib', '-DCMAKE_WANT_MATERIALX_BUILD=ON', '-DCMAKE_PREFIX_PATH=/local/S/jenkins/workspace/shared/Artifactory/Linux/USD/b45703f']
          Stages arguments          ['build']
          CTest arguments           ['-E testUsdReferenceAssemblySelection|testUsdMayaAppDir|AL_MayaUtilsTests|testUsdImportDisplacement|testUsdImportFrameRange', '-LE interactive', '--parallel 16']
    Success MayaUSD build and install !!!!
    Elapsed time: 00:03:18
[Pipeline] }
[Pipeline] // withEnv
[Pipeline] }
[Pipeline] // stage
[Pipeline] }
[Pipeline] // timestamps
[Pipeline] }
[Pipeline] // timeout
[Pipeline] timeout
Timeout set to expire in 6 hr 0 min
[Pipeline] {
[Pipeline] timestamps
[Pipeline] {
[Pipeline] stage
[Pipeline] { (Install)
[Pipeline] withEnv
[Pipeline] {
[Pipeline] sh
[ecg-mayausd-branch-preflight-2020-linux] Running shell script
+ scl enable devtoolset-6 -
python ecg-maya-usd/build.py --stages=install --workspace-dir=/local/S/jenkins/workspace/ecg-mayausd-branch-preflight-2020-linux --artifactory-dir=/local/S/jenkins/workspace/shared/Artifactory --build-dir=/local/S/jenkins/workspace/ecg-mayausd-branch-preflight-2020-linux/build --install-dir=/local/S/jenkins/workspace/ecg-mayausd-branch-preflight-2020-linux/install --signing-dir=/local/S/jenkins/workspace/ecg-mayausd-branch-preflight-2020-linux/signing --package-dir=/local/S/jenkins/workspace/ecg-mayausd-branch-preflight-2020-linux/package --output-dir=/local/S/jenkins/workspace/ecg-mayausd-branch-preflight-2020-linux/output --stash-dir=/local/S/jenkins/workspace/ecg-mayausd-branch-preflight-2020-linux/stash --jenkins-build=2107 --git-commit=eadb994eca850350685c82c75246d455e301ac05 --git-branch=master --variants=RelWithDebInfo --python=2.7 --post-zips=false --maya-cut-config=maya-rundev-2020.yaml --stage-banner
Using Maya cut from /local/S/jenkins/workspace/shared/Artifactory/Linux/rundev-2020/202107140359/runtime/a6ca045

================================================================================
                            install (RelWithDebInfo)
================================================================================
Maya Python RelWithDebInfo Info:
  mayapy executable   = /local/S/jenkins/workspace/shared/Artifactory/Linux/rundev-2020/202107140359/runtime/a6ca045/runTime/bin/mayapy
  Include Folder      = /local/S/jenkins/workspace/shared/Artifactory/Linux/rundev-2020/202107140359/runtime/a6ca045/runTime/include/Python
  Library             = /local/S/jenkins/workspace/shared/Artifactory/Linux/rundev-2020/202107140359/runtime/a6ca045/runTime/lib/libpython2.7.so.1.0
  site-package Folder = /local/S/jenkins/workspace/shared/Artifactory/Linux/rundev-2020/202107140359/runtime/a6ca045/runTime/lib/python2.7/site-packages
In workdir: /home/S/jenkins/workspace/ecg-mayausd-branch-preflight-2020-linux/ecg-maya-usd/maya-usd
Executing: /local/S/jenkins/workspace/shared/Artifactory/Linux/rundev-2020/202107140359/runtime/a6ca045/runTime/bin/mayapy /home/S/jenkins/workspace/ecg-mayausd-branch-preflight-2020-linux/ecg-maya-usd/maya-usd/build.py --generator Ninja --build-relwithdebug --maya-location /local/S/jenkins/workspace/shared/Artifactory/Linux/rundev-2020/202107140359/runtime/a6ca045/runTime --devkit-location /local/S/jenkins/workspace/shared/Artifactory/Linux/rundev-2020/202107140359/runtime/a6ca045/devkitBase --pxrusd-location /local/S/jenkins/workspace/shared/Artifactory/Linux/USD/b45703f --qt-location /local/S/jenkins/workspace/shared/Artifactory/Linux/qt/5.12.5/84f551b --build-args=-DCMAKE_MAKE_PROGRAM=/local/S/jenkins/workspace/shared/Artifactory/Linux/ninja/1.9.0/aca9939/ninja,-DPYTHON_INCLUDE_DIR=/local/S/jenkins/workspace/shared/Artifactory/Linux/rundev-2020/202107140359/runtime/a6ca045/runTime/include/Python,-DPython_EXECUTABLE=/local/S/jenkins/workspace/shared/Artifactory/Linux/rundev-2020/202107140359/runtime/a6ca045/runTime/bin/mayapy,-DPYTHON_LIBRARIES=/local/S/jenkins/workspace/shared/Artifactory/Linux/rundev-2020/202107140359/runtime/a6ca045/runTime/lib/libpython2.7.so.1.0,-DUSD_LIB_PREFIX=lib,-DCMAKE_WANT_MATERIALX_BUILD=ON,-DCMAKE_PREFIX_PATH=/local/S/jenkins/workspace/shared/Artifactory/Linux/USD/b45703f '--ctest-args=-E testUsdReferenceAssemblySelection|testUsdMayaAppDir|AL_MayaUtilsTests|testUsdImportDisplacement|testUsdImportFrameRange,-LE interactive,--parallel 16' --stages=install --redirect-outstream-file=False --install-location /local/S/jenkins/workspace/ecg-mayausd-branch-preflight-2020-linux/install/RelWithDebInfo/MayaUSD /local/S/jenkins/workspace/ecg-mayausd-branch-preflight-2020-linux
Modified environment variables:
    PATH=/local/S/jenkins/workspace/shared/Artifactory/Linux/cmake/3.14.4/656573b/bin:/opt/rh/devtoolset-6/root/usr/bin:/usr/local/bin:/usr/bin
    LD_LIBRARY_PATH=/opt/rh/devtoolset-6/root/usr/lib64:/opt/rh/devtoolset-6/root/usr/lib64:/opt/rh/devtoolset-6/root/usr/lib
    [1/8] Automatic MOC and UIC for target mayaUsdUI
    [2/5] Automatic MOC and UIC for target testMayaUsdUI
    [2/3] Install the project...
    -- Install configuration: "RelWithDebInfo"
    -- Set runtime path of "/local/S/jenkins/workspace/ecg-mayausd-branch-preflight-2020-linux/install/RelWithDebInfo/MayaUSD/lib/libmayaUsd.so" to "$ORIGIN/../../../../../../../../../home/S/jenkins/workspace/shared/Artifactory/Linux/USD/b45703f/lib:/local/S/jenkins/workspace/shared/Artifactory/Linux/USD/b45703f/lib:/local/S/jenkins/workspace/shared/Artifactory/Linux/rundev-2020/202107140359/runtime/a6ca045/devkitBase/devkit/ufe/lib:/local/S/jenkins/workspace/shared/Artifactory/Linux/rundev-2020/202107140359/runtime/a6ca045/runTime/lib"
    -- Set runtime path of "/local/S/jenkins/workspace/ecg-mayausd-branch-preflight-2020-linux/install/RelWithDebInfo/MayaUSD/lib/python/mayaUsd/lib/_mayaUsd.so" to "$ORIGIN/../../..:/local/S/jenkins/workspace/shared/Artifactory/Linux/USD/b45703f/lib:/local/S/jenkins/workspace/shared/Artifactory/Linux/rundev-2020/202107140359/runtime/a6ca045/devkitBase/devkit/ufe/lib:/local/S/jenkins/workspace/shared/Artifactory/Linux/rundev-2020/202107140359/runtime/a6ca045/runTime/lib"
    -- Set runtime path of "/local/S/jenkins/workspace/ecg-mayausd-branch-preflight-2020-linux/install/RelWithDebInfo/MayaUSD/lib/python/mayaUsd/ufe/_ufe.so" to "$ORIGIN/../../..:/local/S/jenkins/workspace/shared/Artifactory/Linux/USD/b45703f/lib:/local/S/jenkins/workspace/shared/Artifactory/Linux/rundev-2020/202107140359/runtime/a6ca045/devkitBase/devkit/ufe/lib:/local/S/jenkins/workspace/shared/Artifactory/Linux/rundev-2020/202107140359/runtime/a6ca045/runTime/lib"
    -- Set runtime path of "/local/S/jenkins/workspace/ecg-mayausd-branch-preflight-2020-linux/install/RelWithDebInfo/MayaUSD/lib/maya/mtoh.so" to "$ORIGIN/../../../../../../../../../../home/S/jenkins/workspace/shared/Artifactory/Linux/USD/b45703f/lib:$ORIGIN/..:/local/S/jenkins/workspace/shared/Artifactory/Linux/USD/b45703f/lib:/local/S/jenkins/workspace/shared/Artifactory/Linux/rundev-2020/202107140359/runtime/a6ca045/devkitBase/devkit/ufe/lib:/local/S/jenkins/workspace/shared/Artifactory/Linux/rundev-2020/202107140359/runtime/a6ca045/runTime/lib"
    -- Set runtime path of "/local/S/jenkins/workspace/ecg-mayausd-branch-preflight-2020-linux/install/RelWithDebInfo/MayaUSD/lib/libhdMaya.so" to ""
    -- Set runtime path of "/local/S/jenkins/workspace/ecg-mayausd-branch-preflight-2020-linux/install/RelWithDebInfo/MayaUSD/lib/libbasePxrUsdPreviewSurface.so" to "$ORIGIN/.:$ORIGIN/../../../../../../../../../home/S/jenkins/workspace/shared/Artifactory/Linux/USD/b45703f/lib:/local/S/jenkins/workspace/shared/Artifactory/Linux/USD/b45703f/lib:/local/S/jenkins/workspace/shared/Artifactory/Linux/rundev-2020/202107140359/runtime/a6ca045/devkitBase/devkit/ufe/lib:/local/S/jenkins/workspace/shared/Artifactory/Linux/rundev-2020/202107140359/runtime/a6ca045/runTime/lib"
    -- Set runtime path of "/local/S/jenkins/workspace/ecg-mayausd-branch-preflight-2020-linux/install/RelWithDebInfo/MayaUSD/lib/libmayaUsd_Translators.so" to "$ORIGIN/.:$ORIGIN/../../../../../../../../../home/S/jenkins/workspace/shared/Artifactory/Linux/USD/b45703f/lib:/local/S/jenkins/workspace/shared/Artifactory/Linux/USD/b45703f/lib:/local/S/jenkins/workspace/shared/Artifactory/Linux/rundev-2020/202107140359/runtime/a6ca045/devkitBase/devkit/ufe/lib:/local/S/jenkins/workspace/shared/Artifactory/Linux/rundev-2020/202107140359/runtime/a6ca045/runTime/lib"
    -- Set runtime path of "/local/S/jenkins/workspace/ecg-mayausd-branch-preflight-2020-linux/install/RelWithDebInfo/MayaUSD/lib/libmayaUsd_Schemas.so" to "$ORIGIN/.:$ORIGIN/../../../../../../../../../home/S/jenkins/workspace/shared/Artifactory/Linux/USD/b45703f/lib:/local/S/jenkins/workspace/shared/Artifactory/Linux/USD/b45703f/lib:/local/S/jenkins/workspace/shared/Artifactory/Linux/rundev-2020/202107140359/runtime/a6ca045/runTime/lib"
    -- Set runtime path of "/local/S/jenkins/workspace/ecg-mayausd-branch-preflight-2020-linux/install/RelWithDebInfo/MayaUSD/lib/python/mayaUsd/schemas/_schemas.so" to "$ORIGIN/../../..:/local/S/jenkins/workspace/shared/Artifactory/Linux/USD/b45703f/lib:/local/S/jenkins/workspace/shared/Artifactory/Linux/rundev-2020/202107140359/runtime/a6ca045/runTime/lib"
    -- Set runtime path of "/local/S/jenkins/workspace/ecg-mayausd-branch-preflight-2020-linux/install/RelWithDebInfo/MayaUSD/lib/libmayaUsdUtils.so" to ""
    -- Set runtime path of "/local/S/jenkins/workspace/ecg-mayausd-branch-preflight-2020-linux/install/RelWithDebInfo/MayaUSD/lib/libmayaUsdUI.so" to "$ORIGIN/../../../../../../../../../home/S/jenkins/workspace/shared/Artifactory/Linux/USD/b45703f/lib:$ORIGIN/.:/local/S/jenkins/workspace/shared/Artifactory/Linux/qt/5.12.5/84f551b/lib:/local/S/jenkins/workspace/shared/Artifactory/Linux/USD/b45703f/lib:/local/S/jenkins/workspace/shared/Artifactory/Linux/rundev-2020/202107140359/runtime/a6ca045/devkitBase/devkit/ufe/lib:/local/S/jenkins/workspace/shared/Artifactory/Linux/rundev-2020/202107140359/runtime/a6ca045/runTime/lib"
    -- Set runtime path of "/local/S/jenkins/workspace/ecg-mayausd-branch-preflight-2020-linux/install/RelWithDebInfo/MayaUSD/plugin/pxr/maya/lib/libusdMaya.so" to "$ORIGIN/.:$ORIGIN/../../../../lib:$ORIGIN/../../../../../../../../../../../../home/S/jenkins/workspace/shared/Artifactory/Linux/USD/b45703f/lib:$ORIGIN/../../../../../../../../../../../../home/S/jenkins/workspace/shared/Artifactory/Linux/USD/b45703f/lib64:/local/S/jenkins/workspace/shared/Artifactory/Linux/rundev-2020/202107140359/runtime/a6ca045/devkitBase/devkit/ufe/lib:/local/S/jenkins/workspace/shared/Artifactory/Linux/USD/b45703f/lib:/local/S/jenkins/workspace/shared/Artifactory/Linux/rundev-2020/202107140359/runtime/a6ca045/runTime/lib"
    -- Set runtime path of "/local/S/jenkins/workspace/ecg-mayausd-branch-preflight-2020-linux/install/RelWithDebInfo/MayaUSD/plugin/pxr/lib/python/pxr/UsdMaya/_usdMaya.so" to "$ORIGIN/../../../../maya/lib:$ORIGIN/../../../../../../lib:$ORIGIN/../../../../../../../../../../../../../../home/S/jenkins/workspace/shared/Artifactory/Linux/USD/b45703f/lib:$ORIGIN/../../../../../../../../../../../../../../home/S/jenkins/workspace/shared/Artifactory/Linux/USD/b45703f/lib64:/local/S/jenkins/workspace/shared/Artifactory/Linux/USD/b45703f/lib:/local/S/jenkins/workspace/shared/Artifactory/Linux/rundev-2020/202107140359/runtime/a6ca045/devkitBase/devkit/ufe/lib:/local/S/jenkins/workspace/shared/Artifactory/Linux/rundev-2020/202107140359/runtime/a6ca045/runTime/lib"
    -- Set runtime path of "/local/S/jenkins/workspace/ecg-mayausd-branch-preflight-2020-linux/install/RelWithDebInfo/MayaUSD/plugin/pxr/maya/plugin/pxrUsd.so" to "$ORIGIN/../lib:$ORIGIN/../../../../lib:$ORIGIN/../../../../../../../../../../../../home/S/jenkins/workspace/shared/Artifactory/Linux/USD/b45703f/lib:$ORIGIN/../../../../../../../../../../../../home/S/jenkins/workspace/shared/Artifactory/Linux/USD/b45703f/lib64:/local/S/jenkins/workspace/shared/Artifactory/Linux/rundev-2020/202107140359/runtime/a6ca045/devkitBase/devkit/ufe/lib:/local/S/jenkins/workspace/shared/Artifactory/Linux/USD/b45703f/lib:/local/S/jenkins/workspace/shared/Artifactory/Linux/rundev-2020/202107140359/runtime/a6ca045/runTime/lib"
    -- Set runtime path of "/local/S/jenkins/workspace/ecg-mayausd-branch-preflight-2020-linux/install/RelWithDebInfo/MayaUSD/plugin/pxr/maya/plugin/pxrUsdPreviewSurface.so" to "$ORIGIN/../lib:$ORIGIN/../../../../lib:$ORIGIN/../../../../../../../../../../../../home/S/jenkins/workspace/shared/Artifactory/Linux/USD/b45703f/lib:$ORIGIN/../../../../../../../../../../../../home/S/jenkins/workspace/shared/Artifactory/Linux/USD/b45703f/lib64:/local/S/jenkins/workspace/shared/Artifactory/Linux/USD/b45703f/lib:/local/S/jenkins/workspace/shared/Artifactory/Linux/rundev-2020/202107140359/runtime/a6ca045/devkitBase/devkit/ufe/lib:/local/S/jenkins/workspace/shared/Artifactory/Linux/rundev-2020/202107140359/runtime/a6ca045/runTime/lib"
    -- Set runtime path of "/local/S/jenkins/workspace/ecg-mayausd-branch-preflight-2020-linux/install/RelWithDebInfo/MayaUSD/plugin/al/lib/libAL_MayaTest.so" to ""
    -- Set runtime path of "/local/S/jenkins/workspace/ecg-mayausd-branch-preflight-2020-linux/install/RelWithDebInfo/MayaUSD/plugin/al/lib/libAL_MayaUtils.so" to ""
    -- Set runtime path of "/local/S/jenkins/workspace/ecg-mayausd-branch-preflight-2020-linux/install/RelWithDebInfo/MayaUSD/plugin/al/testplugins/AL_MayaUtilsTests.so" to "$ORIGIN/../lib:$ORIGIN/../../../lib/gtest:$ORIGIN/../../../../../../../../../../../home/S/jenkins/workspace/shared/Artifactory/Linux/rundev-2020/202107140359/runtime/a6ca045/runTime/lib:$ORIGIN/../../../lib:$ORIGIN/../../../../../../../../../../../home/S/jenkins/workspace/shared/Artifactory/Linux/USD/b45703f/lib:/local/S/jenkins/workspace/shared/Artifactory/Linux/USD/b45703f/lib:/local/S/jenkins/workspace/shared/Artifactory/Linux/rundev-2020/202107140359/runtime/a6ca045/runTime/lib"
    -- Set runtime path of "/local/S/jenkins/workspace/ecg-mayausd-branch-preflight-2020-linux/install/RelWithDebInfo/MayaUSD/plugin/al/lib/libAL_USDMayaUtils.so" to ""
    -- Set runtime path of "/local/S/jenkins/workspace/ecg-mayausd-branch-preflight-2020-linux/install/RelWithDebInfo/MayaUSD/plugin/al/lib/libAL_USDTransaction.so" to ""
    -- Set runtime path of "/local/S/jenkins/workspace/ecg-mayausd-branch-preflight-2020-linux/install/RelWithDebInfo/MayaUSD/plugin/al/lib/python/AL/usd/transaction/_AL_USDTransaction.so" to "$ORIGIN/../../../..:/local/S/jenkins/workspace/shared/Artifactory/Linux/USD/b45703f/lib:/local/S/jenkins/workspace/shared/Artifactory/Linux/rundev-2020/202107140359/runtime/a6ca045/runTime/lib"
    -- Set runtime path of "/local/S/jenkins/workspace/ecg-mayausd-branch-preflight-2020-linux/install/RelWithDebInfo/MayaUSD/plugin/al/lib/libAL_USDMaya.so" to ""
    -- Set runtime path of "/local/S/jenkins/workspace/ecg-mayausd-branch-preflight-2020-linux/install/RelWithDebInfo/MayaUSD/plugin/al/lib/python/AL/usdmaya/_AL_USDMaya.so" to "$ORIGIN/../../..:$ORIGIN/../../../../../../lib:/local/S/jenkins/workspace/shared/Artifactory/Linux/USD/b45703f/lib:/local/S/jenkins/workspace/shared/Artifactory/Linux/rundev-2020/202107140359/runtime/a6ca045/devkitBase/devkit/ufe/lib:/local/S/jenkins/workspace/shared/Artifactory/Linux/rundev-2020/202107140359/runtime/a6ca045/runTime/lib"
    -- Set runtime path of "/local/S/jenkins/workspace/ecg-mayausd-branch-preflight-2020-linux/install/RelWithDebInfo/MayaUSD/plugin/al/plugin/AL_USDMayaPlugin.so" to "$ORIGIN/../lib:$ORIGIN/../../../../../../../../../../../home/S/jenkins/workspace/shared/Artifactory/Linux/USD/b45703f/lib:$ORIGIN/../../../lib:$ORIGIN/../../pxr/lib:$ORIGIN/../../pxr/maya/lib:/local/S/jenkins/workspace/shared/Artifactory/Linux/USD/b45703f/lib:/local/S/jenkins/workspace/shared/Artifactory/Linux/rundev-2020/202107140359/runtime/a6ca045/devkitBase/devkit/ufe/lib:/local/S/jenkins/workspace/shared/Artifactory/Linux/rundev-2020/202107140359/runtime/a6ca045/runTime/lib"
    -- Set runtime path of "/local/S/jenkins/workspace/ecg-mayausd-branch-preflight-2020-linux/install/RelWithDebInfo/MayaUSD/plugin/al/plugin/AL_USDMayaTestPlugin.so" to "$ORIGIN/../lib:$ORIGIN/../../../lib/gtest:$ORIGIN/../../../../../../../../../../../home/S/jenkins/workspace/shared/Artifactory/Linux/USD/b45703f/lib:$ORIGIN/../../../lib:$ORIGIN/../../pxr/lib:$ORIGIN/../../pxr/maya/lib:/local/S/jenkins/workspace/shared/Artifactory/Linux/USD/b45703f/lib:/local/S/jenkins/workspace/shared/Artifactory/Linux/rundev-2020/202107140359/runtime/a6ca045/devkitBase/devkit/ufe/lib:/local/S/jenkins/workspace/shared/Artifactory/Linux/rundev-2020/202107140359/runtime/a6ca045/runTime/lib"
    -- Set runtime path of "/local/S/jenkins/workspace/ecg-mayausd-branch-preflight-2020-linux/install/RelWithDebInfo/MayaUSD/plugin/al/lib/libAL_USDMayaSchemas.so" to ""
    -- Set runtime path of "/local/S/jenkins/workspace/ecg-mayausd-branch-preflight-2020-linux/install/RelWithDebInfo/MayaUSD/plugin/al/lib/python/AL/usd/schemas/maya/_AL_USDMayaSchemas.so" to ""
    -- Set runtime path of "/local/S/jenkins/workspace/ecg-mayausd-branch-preflight-2020-linux/install/RelWithDebInfo/MayaUSD/plugin/al/bin/testMayaSchemas" to "$ORIGIN/../../../lib/gtest:$ORIGIN/../lib:/local/S/jenkins/workspace/shared/Artifactory/Linux/USD/b45703f/lib:/local/S/jenkins/workspace/shared/Artifactory/Linux/rundev-2020/202107140359/runtime/a6ca045/runTime/lib"
    -- Set runtime path of "/local/S/jenkins/workspace/ecg-mayausd-branch-preflight-2020-linux/install/RelWithDebInfo/MayaUSD/plugin/al/lib/libAL_USDMayaSchemasTest.so" to ""
    -- Set runtime path of "/local/S/jenkins/workspace/ecg-mayausd-branch-preflight-2020-linux/install/RelWithDebInfo/MayaUSD/plugin/al/lib/python/AL/usd/schemas/mayatest/_AL_USDMayaSchemasTest.so" to ""
    -- Set runtime path of "/local/S/jenkins/workspace/ecg-mayausd-branch-preflight-2020-linux/install/RelWithDebInfo/MayaUSD/plugin/al/lib/libAL_USDMayaTranslators.so" to "$ORIGIN/../lib:$ORIGIN/../../../../../../../../../../../home/S/jenkins/workspace/shared/Artifactory/Linux/USD/b45703f/lib:$ORIGIN/../../../lib:/local/S/jenkins/workspace/shared/Artifactory/Linux/USD/b45703f/lib:/local/S/jenkins/workspace/shared/Artifactory/Linux/rundev-2020/202107140359/runtime/a6ca045/devkitBase/devkit/ufe/lib:/local/S/jenkins/workspace/shared/Artifactory/Linux/rundev-2020/202107140359/runtime/a6ca045/runTime/lib"
    -- Set runtime path of "/local/S/jenkins/workspace/ecg-mayausd-branch-preflight-2020-linux/install/RelWithDebInfo/MayaUSD/plugin/al/plugin/AL_USDMayaPxrTranslators.so" to "$ORIGIN/../lib:$ORIGIN/../../../../../../../../../../../home/S/jenkins/workspace/shared/Artifactory/Linux/USD/b45703f/lib:$ORIGIN/../../../lib:$ORIGIN/../../pxr/lib:$ORIGIN/../../pxr/maya/lib:/local/S/jenkins/workspace/shared/Artifactory/Linux/USD/b45703f/lib:/local/S/jenkins/workspace/shared/Artifactory/Linux/rundev-2020/202107140359/runtime/a6ca045/devkitBase/devkit/ufe/lib:/local/S/jenkins/workspace/shared/Artifactory/Linux/rundev-2020/202107140359/runtime/a6ca045/runTime/lib"
    -- Set runtime path of "/local/S/jenkins/workspace/ecg-mayausd-branch-preflight-2020-linux/install/RelWithDebInfo/MayaUSD/plugin/adsk/plugin/mayaUsdPlugin.so" to "$ORIGIN/../../../../../../../../../../../home/S/jenkins/workspace/shared/Artifactory/Linux/USD/b45703f/lib:$ORIGIN/../../../lib:/local/S/jenkins/workspace/shared/Artifactory/Linux/rundev-2020/202107140359/runtime/a6ca045/devkitBase/devkit/ufe/lib:/local/S/jenkins/workspace/shared/Artifactory/Linux/USD/b45703f/lib:/local/S/jenkins/workspace/shared/Artifactory/Linux/qt/5.12.5/84f551b/lib:/local/S/jenkins/workspace/shared/Artifactory/Linux/rundev-2020/202107140359/runtime/a6ca045/runTime/lib"
    
        Building with settings:
          Source directory          /home/S/jenkins/workspace/ecg-mayausd-branch-preflight-2020-linux/ecg-maya-usd/maya-usd
          Workspace directory       /local/S/jenkins/workspace/ecg-mayausd-branch-preflight-2020-linux
          Build directory           /local/S/jenkins/workspace/ecg-mayausd-branch-preflight-2020-linux/build/RelWithDebInfo
          Install directory         /local/S/jenkins/workspace/ecg-mayausd-branch-preflight-2020-linux/install/RelWithDebInfo/MayaUSD
          Variant                   RelWithDebInfo
          Python Debug              Off
          CMake generator           Ninja
          Build arguments           ['-DCMAKE_MAKE_PROGRAM=/local/S/jenkins/workspace/shared/Artifactory/Linux/ninja/1.9.0/aca9939/ninja', '-DPYTHON_INCLUDE_DIR=/local/S/jenkins/workspace/shared/Artifactory/Linux/rundev-2020/202107140359/runtime/a6ca045/runTime/include/Python', '-DPython_EXECUTABLE=/local/S/jenkins/workspace/shared/Artifactory/Linux/rundev-2020/202107140359/runtime/a6ca045/runTime/bin/mayapy', '-DPYTHON_LIBRARIES=/local/S/jenkins/workspace/shared/Artifactory/Linux/rundev-2020/202107140359/runtime/a6ca045/runTime/lib/libpython2.7.so.1.0', '-DUSD_LIB_PREFIX=lib', '-DCMAKE_WANT_MATERIALX_BUILD=ON', '-DCMAKE_PREFIX_PATH=/local/S/jenkins/workspace/shared/Artifactory/Linux/USD/b45703f']
          Stages arguments          ['install']
          CTest arguments           ['-E testUsdReferenceAssemblySelection|testUsdMayaAppDir|AL_MayaUtilsTests|testUsdImportDisplacement|testUsdImportFrameRange', '-LE interactive', '--parallel 16']
    Success MayaUSD build and install !!!!
    Elapsed time: 00:00:00
[Pipeline] }
[Pipeline] // withEnv
[Pipeline] }
[Pipeline] // stage
[Pipeline] }
[Pipeline] // timestamps
[Pipeline] }
[Pipeline] // timeout
[Pipeline] timeout
Timeout set to expire in 6 hr 0 min
[Pipeline] {
[Pipeline] timestamps
[Pipeline] {
[Pipeline] stage
[Pipeline] { (Test)
[Pipeline] withEnv
[Pipeline] {
[Pipeline] sh
[ecg-mayausd-branch-preflight-2020-linux] Running shell script
+ scl enable devtoolset-6 -
python ecg-maya-usd/build.py --stages=test --workspace-dir=/local/S/jenkins/workspace/ecg-mayausd-branch-preflight-2020-linux --artifactory-dir=/local/S/jenkins/workspace/shared/Artifactory --build-dir=/local/S/jenkins/workspace/ecg-mayausd-branch-preflight-2020-linux/build --install-dir=/local/S/jenkins/workspace/ecg-mayausd-branch-preflight-2020-linux/install --signing-dir=/local/S/jenkins/workspace/ecg-mayausd-branch-preflight-2020-linux/signing --package-dir=/local/S/jenkins/workspace/ecg-mayausd-branch-preflight-2020-linux/package --output-dir=/local/S/jenkins/workspace/ecg-mayausd-branch-preflight-2020-linux/output --stash-dir=/local/S/jenkins/workspace/ecg-mayausd-branch-preflight-2020-linux/stash --jenkins-build=2107 --git-commit=eadb994eca850350685c82c75246d455e301ac05 --git-branch=master --variants=RelWithDebInfo --python=2.7 --post-zips=false --test-jobs=0 --failed-test-retry=3 --maya-cut-config=maya-rundev-2020.yaml --stage-banner --progressive-timeout
Using Maya cut from /local/S/jenkins/workspace/shared/Artifactory/Linux/rundev-2020/202107140359/runtime/a6ca045

================================================================================
                             test (RelWithDebInfo)
================================================================================
Maya Python RelWithDebInfo Info:
  mayapy executable   = /local/S/jenkins/workspace/shared/Artifactory/Linux/rundev-2020/202107140359/runtime/a6ca045/runTime/bin/mayapy
  Include Folder      = /local/S/jenkins/workspace/shared/Artifactory/Linux/rundev-2020/202107140359/runtime/a6ca045/runTime/include/Python
  Library             = /local/S/jenkins/workspace/shared/Artifactory/Linux/rundev-2020/202107140359/runtime/a6ca045/runTime/lib/libpython2.7.so.1.0
  site-package Folder = /local/S/jenkins/workspace/shared/Artifactory/Linux/rundev-2020/202107140359/runtime/a6ca045/runTime/lib/python2.7/site-packages
In workdir: /home/S/jenkins/workspace/ecg-mayausd-branch-preflight-2020-linux/ecg-maya-usd/maya-usd
Executing: /local/S/jenkins/workspace/shared/Artifactory/Linux/rundev-2020/202107140359/runtime/a6ca045/runTime/bin/mayapy /home/S/jenkins/workspace/ecg-mayausd-branch-preflight-2020-linux/ecg-maya-usd/maya-usd/build.py --generator Ninja --build-relwithdebug --maya-location /local/S/jenkins/workspace/shared/Artifactory/Linux/rundev-2020/202107140359/runtime/a6ca045/runTime --devkit-location /local/S/jenkins/workspace/shared/Artifactory/Linux/rundev-2020/202107140359/runtime/a6ca045/devkitBase --pxrusd-location /local/S/jenkins/workspace/shared/Artifactory/Linux/USD/b45703f --qt-location /local/S/jenkins/workspace/shared/Artifactory/Linux/qt/5.12.5/84f551b --build-args=-DCMAKE_MAKE_PROGRAM=/local/S/jenkins/workspace/shared/Artifactory/Linux/ninja/1.9.0/aca9939/ninja,-DPYTHON_INCLUDE_DIR=/local/S/jenkins/workspace/shared/Artifactory/Linux/rundev-2020/202107140359/runtime/a6ca045/runTime/include/Python,-DPython_EXECUTABLE=/local/S/jenkins/workspace/shared/Artifactory/Linux/rundev-2020/202107140359/runtime/a6ca045/runTime/bin/mayapy,-DPYTHON_LIBRARIES=/local/S/jenkins/workspace/shared/Artifactory/Linux/rundev-2020/202107140359/runtime/a6ca045/runTime/lib/libpython2.7.so.1.0,-DUSD_LIB_PREFIX=lib,-DCMAKE_WANT_MATERIALX_BUILD=ON,-DCMAKE_PREFIX_PATH=/local/S/jenkins/workspace/shared/Artifactory/Linux/USD/b45703f '--ctest-args=-E testUsdReferenceAssemblySelection|testUsdMayaAppDir|AL_MayaUtilsTests|testUsdImportDisplacement|testUsdImportFrameRange,-LE interactive,--parallel 16' --stages=test --redirect-outstream-file=False --install-location /local/S/jenkins/workspace/ecg-mayausd-branch-preflight-2020-linux/install/RelWithDebInfo/MayaUSD /local/S/jenkins/workspace/ecg-mayausd-branch-preflight-2020-linux
Modified environment variables:
    PATH=/local/S/jenkins/workspace/shared/Artifactory/Linux/cmake/3.14.4/656573b/bin:/opt/rh/devtoolset-6/root/usr/bin:/usr/local/bin:/usr/bin
    LD_LIBRARY_PATH=/opt/rh/devtoolset-6/root/usr/lib64:/opt/rh/devtoolset-6/root/usr/lib64:/opt/rh/devtoolset-6/root/usr/lib
    Test project /home/S/jenkins/workspace/ecg-mayausd-branch-preflight-2020-linux/build/RelWithDebInfo
            Start   1: testMayaUsdConverter
            Start   2: testMayaUsdCreateStageCommands
            Start   3: testMayaUsdPythonImport
            Start   4: testMayaUsdLayerEditorCommands
            Start   5: testMayaUsdCacheId
            Start   7: _Interactive_Maya
      1/154 Test   #7: _Interactive_Maya ...............................***Not Run (Disabled)   0.00 sec
            Start   8: testMayaUsdPlugVersionCheck
            Start   9: testMatrices
            Start  10: testMayaPickwalk
            Start  11: testPythonWrappers
            Start  12: testSelection
            Start  13: testSelectionByArray
            Start  14: testUfePythonImport
            Start  15: testAttributeBlock
            Start  16: testBlockedLayerEdit
            Start  17: testLegacyDeleteCmd
            Start  18: testPrimReader
      2/154 Test   #3: testMayaUsdPythonImport .........................   Passed    4.85 sec
            Start  19: testPrimWriter
      3/154 Test  #14: testUfePythonImport .............................   Passed    4.86 sec
            Start  20: testExportChaser
      4/154 Test   #8: testMayaUsdPlugVersionCheck .....................   Passed    4.91 sec
            Start  21: testImportChaser
      5/154 Test   #2: testMayaUsdCreateStageCommands ..................   Passed    4.95 sec
            Start  22: testImportWithNamespace
      6/154 Test  #11: testPythonWrappers ..............................   Passed    4.97 sec
            Start  23: testJobContextRegistry
      7/154 Test  #18: testPrimReader ..................................   Passed    4.96 sec
            Start  24: testSchemaApiAdaptor
      8/154 Test   #4: testMayaUsdLayerEditorCommands ..................   Passed    5.05 sec
            Start  25: testReadWriteUtils
      9/154 Test   #5: testMayaUsdCacheId ..............................   Passed    5.05 sec
            Start  26: testXformStack
     10/154 Test  #13: testSelectionByArray ............................   Passed    5.06 sec
            Start  27: testGeomNode
     11/154 Test  #12: testSelection ...................................   Passed    5.08 sec
            Start  28: testLayerManagerSerialization
     12/154 Test   #1: testMayaUsdConverter ............................   Passed    5.18 sec
            Start  29: testPointBasedDeformerNode
     13/154 Test   #9: testMatrices ....................................   Passed    5.23 sec
            Start  30: testProxyShapeBase
     14/154 Test  #15: testAttributeBlock ..............................   Passed    5.31 sec
            Start  31: testHdImagingShape
     15/154 Test  #10: testMayaPickwalk ................................   Passed    5.33 sec
            Start  54: testUsdUndoManager
     16/154 Test  #17: testLegacyDeleteCmd .............................   Passed    5.35 sec
            Start  55: testBlockSceneModificationContext
     17/154 Test  #16: testBlockedLayerEdit ............................   Passed    5.40 sec
            Start  56: testDiagnosticDelegate
     18/154 Test  #19: testPrimWriter ..................................   Passed    4.02 sec
            Start  57: testPxrUsdPreviewSurfaceDraw
     19/154 Test  #23: testJobContextRegistry ..........................   Passed    4.03 sec
            Start  58: testPxrUsdPreviewSurfaceExport
     20/154 Test  #20: testExportChaser ................................   Passed    4.25 sec
            Start  59: testMayaUsdSchemasPythonImport
     21/154 Test  #28: testLayerManagerSerialization ...................   Passed    4.05 sec
            Start  60: testMayaUsdSchemasMayaReference
     22/154 Test  #25: testReadWriteUtils ..............................   Passed    4.11 sec
            Start  61: testDiffCore
     23/154 Test  #27: testGeomNode ....................................   Passed    4.09 sec
            Start  62: testDiffValues
     24/154 Test  #22: testImportWithNamespace .........................   Passed    4.21 sec
            Start  63: testDiffAttributes
     25/154 Test  #61: testDiffCore ....................................   Passed    0.02 sec
            Start  64: testDiffRelationships
     26/154 Test  #62: testDiffValues ..................................   Passed    0.04 sec
            Start  65: testDiffDictionaries
     27/154 Test  #65: testDiffDictionaries ............................   Passed    0.02 sec
            Start  66: testDiffLists
     28/154 Test  #21: testImportChaser ................................   Passed    4.33 sec
            Start  67: testDiffComputeOverall
     29/154 Test  #63: testDiffAttributes ..............................   Passed    0.09 sec
            Start  68: testDiffPrims
     30/154 Test  #66: testDiffLists ...................................   Passed    0.04 sec
            Start  69: testMergePrims
     31/154 Test  #64: testDiffRelationships ...........................   Passed    0.09 sec
            Start  70: testDiffMetadatas
     32/154 Test  #67: testDiffComputeOverall ..........................   Passed    0.02 sec
            Start  71: testUsdExportAnimation
     33/154 Test  #29: testPointBasedDeformerNode ......................   Passed    4.09 sec
            Start  72: testUsdExportAsClip
     34/154 Test  #26: testXformStack ..................................   Passed    4.25 sec
            Start  73: testUsdExportBindTransform
     35/154 Test  #54: testUsdUndoManager ..............................   Passed    3.98 sec
            Start  74: testUsdExportBlendshapes
     36/154 Test  #55: testBlockSceneModificationContext ...............   Passed    4.02 sec
            Start  75: testUsdExportCamera
     37/154 Test  #70: testDiffMetadatas ...............................   Passed    0.14 sec
            Start  76: testUsdExportColorSets
     38/154 Test  #68: testDiffPrims ...................................   Passed    0.19 sec
            Start  77: testUsdExportConnected
     39/154 Test  #56: testDiagnosticDelegate ..........................   Passed    4.06 sec
            Start  78: testUsdExportDisplacement
     40/154 Test  #69: testMergePrims ..................................   Passed    0.26 sec
            Start  79: testUsdExportDisplayColor
     41/154 Test  #24: testSchemaApiAdaptor ............................   Passed    4.55 sec
            Start  80: testUsdExportEulerFilter
     42/154 Test  #30: testProxyShapeBase ..............................   Passed    4.51 sec
            Start  81: testUsdExportFileFormat
     43/154 Test  #31: testHdImagingShape ..............................   Passed    4.58 sec
            Start  82: testUsdExportFilterTypes
     44/154 Test  #57: testPxrUsdPreviewSurfaceDraw ....................   Passed    3.52 sec
            Start  83: testUsdExportFrameOffset
     45/154 Test  #60: testMayaUsdSchemasMayaReference .................   Passed    3.69 sec
            Start  84: testUsdExportGeomSubset
     46/154 Test  #59: testMayaUsdSchemasPythonImport ..................   Passed    3.73 sec
            Start  85: testUsdExportInstances
     47/154 Test  #58: testPxrUsdPreviewSurfaceExport ..................   Passed    4.21 sec
            Start  86: testUsdExportLayerAttributes
     48/154 Test  #71: testUsdExportAnimation ..........................   Passed    4.00 sec
            Start  87: testUsdExportLight
     49/154 Test  #73: testUsdExportBindTransform ......................   Passed    4.10 sec
            Start  88: testUsdExportLocator
     50/154 Test  #72: testUsdExportAsClip .............................   Passed    4.34 sec
            Start  89: testUsdExportMayaInstancer
     51/154 Test  #81: testUsdExportFileFormat .........................   Passed    3.92 sec
            Start  90: testUsdExportMesh
     52/154 Test  #74: testUsdExportBlendshapes ........................   Passed    4.40 sec
            Start  91: testUsdExportNurbsCurve
     53/154 Test  #79: testUsdExportDisplayColor .......................   Passed    4.22 sec
            Start  92: testUsdExportOpenLayer
     54/154 Test  #75: testUsdExportCamera .............................   Passed    4.38 sec
            Start  93: testUsdExportOverImport
     55/154 Test  #78: testUsdExportDisplacement .......................   Passed    4.30 sec
            Start  94: testUsdExportUsdPreviewSurface
     56/154 Test  #80: testUsdExportEulerFilter ........................   Passed    4.25 sec
            Start  95: testUsdExportParentScope
     57/154 Test  #77: testUsdExportConnected ..........................   Passed    4.40 sec
            Start  96: testUsdExportParticles
     58/154 Test  #76: testUsdExportColorSets ..........................   Passed    4.52 sec
            Start  97: testUsdExportPref
     59/154 Test  #82: testUsdExportFilterTypes ........................   Passed    4.32 sec
            Start  98: testUsdExportRenderLayerMode
     60/154 Test  #83: testUsdExportFrameOffset ........................   Passed    4.21 sec
            Start  99: testUsdExportRoots
     61/154 Test  #84: testUsdExportGeomSubset .........................   Passed    4.33 sec
            Start 100: testUsdExportRootsAndParentScope
     62/154 Test  #86: testUsdExportLayerAttributes ....................   Passed    4.04 sec
            Start 101: testUsdExportSelection
     63/154 Test  #85: testUsdExportInstances ..........................   Passed    4.47 sec
            Start 102: testUsdExportSelectionHierarchy
     64/154 Test  #87: testUsdExportLight ..............................   Passed    4.12 sec
            Start 103: testUsdExportShadingInstanced
     65/154 Test  #88: testUsdExportLocator ............................   Passed    4.26 sec
            Start 104: testUsdExportShadingModePxrRis
     66/154 Test  #93: testUsdExportOverImport .........................   Passed    4.14 sec
            Start 105: testUsdExportSkeleton
     67/154 Test  #98: testUsdExportRenderLayerMode ....................   Passed    3.69 sec
            Start 106: testUsdExportStripNamespaces
     68/154 Test  #94: testUsdExportUsdPreviewSurface ..................   Passed    4.20 sec
            Start 107: testUsdExportStroke
     69/154 Test  #92: testUsdExportOpenLayer ..........................   Passed    4.31 sec
            Start 108: testUsdExportUserTaggedAttributes
     70/154 Test  #90: testUsdExportMesh ...............................   Passed    4.38 sec
            Start 109: testUsdExportVisibilityDefault
     71/154 Test  #95: testUsdExportParentScope ........................   Passed    4.28 sec
            Start 110: testUsdImportAnonymousLayer
     72/154 Test  #91: testUsdExportNurbsCurve .........................   Passed    4.34 sec
            Start 111: testUsdImportCamera
     73/154 Test  #96: testUsdExportParticles ..........................   Passed    4.23 sec
            Start 112: testUsdImportBasisCurves
     74/154 Test  #97: testUsdExportPref ...............................   Passed    4.24 sec
            Start 113: testUsdImportBatchNurbsCurves
     75/154 Test  #89: testUsdExportMayaInstancer ......................   Passed    4.63 sec
            Start 114: testUsdImportLinearCurves
     76/154 Test  #99: testUsdExportRoots ..............................   Passed    4.68 sec
            Start 115: testUsdImportNurbsCurves
     77/154 Test #100: testUsdExportRootsAndParentScope ................   Passed    4.33 sec
            Start 116: testUsdImportBatchBezierCurves
     78/154 Test #101: testUsdExportSelection ..........................   Passed    4.31 sec
            Start 117: testUsdImportColorSets
     79/154 Test #102: testUsdExportSelectionHierarchy .................   Passed    4.26 sec
            Start 118: testUsdImportExportScope
     80/154 Test #106: testUsdExportStripNamespaces ....................   Passed    4.09 sec
            Start 119: testUsdImportExportTypelessDefs
     81/154 Test #104: testUsdExportShadingModePxrRis ..................   Passed    4.35 sec
            Start 120: testUsdImportFramerates
     82/154 Test #103: testUsdExportShadingInstanced ...................   Passed    4.64 sec
            Start 121: testUsdImportInstances
     83/154 Test #110: testUsdImportAnonymousLayer .....................   Passed    4.07 sec
            Start 122: testUsdImportLight
     84/154 Test #107: testUsdExportStroke .............................   Passed    4.35 sec
            Start 123: testUsdImportMayaReference
     85/154 Test #111: testUsdImportCamera .............................   Passed    4.26 sec
            Start 124: testUsdImportMesh
     86/154 Test #108: testUsdExportUserTaggedAttributes ...............   Passed    4.30 sec
            Start 125: testUsdImportPreviewSurface
     87/154 Test #109: testUsdExportVisibilityDefault ..................   Passed    4.31 sec
            Start 126: testUsdImportSessionLayer
     88/154 Test #112: testUsdImportBasisCurves ........................   Passed    4.36 sec
            Start 127: testUsdImportShadingModeDisplayColor
     89/154 Test #113: testUsdImportBatchNurbsCurves ...................   Passed    4.28 sec
            Start 128: testUsdImportShadingModePxrRis
     90/154 Test #114: testUsdImportLinearCurves .......................   Passed    4.22 sec
            Start 129: testUsdImportUVSetMappings
     91/154 Test #105: testUsdExportSkeleton ...........................   Passed    4.80 sec
            Start 130: testUsdImportUSDZTextures
     92/154 Test #115: testUsdImportNurbsCurves ........................   Passed    4.11 sec
            Start 131: testUsdExportImportRoundtripPreviewSurface
     93/154 Test #117: testUsdImportColorSets ..........................   Passed    4.10 sec
            Start 132: testUsdExportImportUDIM
     94/154 Test #116: testUsdImportBatchBezierCurves ..................   Passed    4.18 sec
            Start 133: testUsdImportSkeleton
     95/154 Test #118: testUsdImportExportScope ........................   Passed    4.43 sec
            Start 134: testUsdImportXforms
     96/154 Test #119: testUsdImportExportTypelessDefs .................   Passed    4.16 sec
            Start 135: testUsdImportXformAnim
     97/154 Test #120: testUsdImportFramerates .........................   Passed    4.19 sec
            Start 136: testUsdMayaAdaptor
     98/154 Test #121: testUsdImportInstances ..........................   Passed    4.27 sec
            Start 137: testUsdMayaAdaptorGeom
     99/154 Test #122: testUsdImportLight ..............................   Passed    4.19 sec
            Start 138: testUsdMayaAdaptorMetadata
    100/154 Test #124: testUsdImportMesh ...............................   Passed    4.11 sec
            Start 139: testUsdMayaAdaptorUndoRedo
    101/154 Test #126: testUsdImportSessionLayer .......................   Passed    4.08 sec
            Start 140: testUsdExportUVTransforms
    102/154 Test #127: testUsdImportShadingModeDisplayColor ............   Passed    4.02 sec
            Start 141: testUsdExportUsdzPackage
    103/154 Test #125: testUsdImportPreviewSurface .....................   Passed    4.18 sec
            Start 142: testUsdExportRfMShaders
    104/154 Test #129: testUsdImportUVSetMappings ......................   Passed    4.16 sec
            Start 143: testUsdImportRfMShaders
    105/154 Test #123: testUsdImportMayaReference ......................   Passed    4.35 sec
            Start 144: testUsdExportUVSets
    106/154 Test #128: testUsdImportShadingModePxrRis ..................   Passed    4.25 sec
            Start 145: testUsdExportUVSetsFloat
    107/154 Test #130: testUsdImportUSDZTextures .......................   Passed    4.18 sec
            Start 146: testUsdExportUVSetMappings
    108/154 Test #133: testUsdImportSkeleton ...........................   Passed    4.16 sec
            Start 147: testUsdImportUVSets
    109/154 Test #132: testUsdExportImportUDIM .........................   Passed    4.40 sec
            Start 148: testUsdImportUVSetsFloat
    110/154 Test #131: testUsdExportImportRoundtripPreviewSurface ......   Passed    4.69 sec
            Start 149: testUsdImportChaser
    111/154 Test #135: testUsdImportXformAnim ..........................   Passed    3.98 sec
            Start 150: testUsdExportCustomConverter-Maya
    112/154 Test #136: testUsdMayaAdaptor ..............................   Passed    4.19 sec
            Start 151: testUsdExportCustomConverter-USD
    113/154 Test #141: testUsdExportUsdzPackage ........................   Passed    4.05 sec
            Start 152: testUsdImportCustomConverter-Maya
    114/154 Test #137: testUsdMayaAdaptorGeom ..........................   Passed    4.20 sec
            Start 153: testUsdImportCustomConverter-USD
    115/154 Test #138: testUsdMayaAdaptorMetadata ......................   Passed    4.22 sec
            Start 154: testUsdMayaListShadingModesCommand
    116/154 Test #139: testUsdMayaAdaptorUndoRedo ......................   Passed    4.11 sec
            Start 155: testUsdExportSchemaApi
    117/154 Test #143: testUsdImportRfMShaders .........................   Passed    4.18 sec
            Start 156: testUsdImportExportSiteSpecificConfig
    118/154 Test #140: testUsdExportUVTransforms .......................   Passed    4.44 sec
            Start 157: testUsdExportAssembly
    119/154 Test #142: testUsdExportRfMShaders .........................   Passed    4.51 sec
            Start 158: testUsdExportAssemblyEdits
    120/154 Test #145: testUsdExportUVSetsFloat ........................   Passed    4.36 sec
            Start 159: testUsdExportPackage
    121/154 Test #144: testUsdExportUVSets .............................   Passed    4.43 sec
            Start 160: testUsdExportPointInstancer
    122/154 Test #146: testUsdExportUVSetMappings ......................   Passed    4.59 sec
            Start 161: testUsdImportAsAssemblies
    123/154 Test #147: testUsdImportUVSets .............................   Passed    4.31 sec
            Start 162: testUsdImportNestedAssemblyAnimation
    124/154 Test #149: testUsdImportChaser .............................   Passed    4.16 sec
            Start 163: testUsdMayaGetVariantSetSelections
    125/154 Test #150: testUsdExportCustomConverter-Maya ...............   Passed    4.27 sec
            Start 164: testUsdMayaModelKindProcessor
    126/154 Test #148: testUsdImportUVSetsFloat ........................   Passed    4.39 sec
            Start 165: testUsdMayaReferenceAssemblyEdits
    127/154 Test #151: testUsdExportCustomConverter-USD ................   Passed    4.27 sec
            Start 166: testUsdReferenceAssemblyChangeRepresentations
    128/154 Test #154: testUsdMayaListShadingModesCommand ..............   Passed    4.22 sec
            Start 167: testPxrUsdAlembicChaser
    129/154 Test #152: testUsdImportCustomConverter-Maya ...............   Passed    4.26 sec
            Start 168: GTest:AL_USDTransactionTests
    130/154 Test #153: testUsdImportCustomConverter-USD ................   Passed    4.31 sec
            Start 169: Python:AL_USDTransactionTests
    131/154 Test #168: GTest:AL_USDTransactionTests ....................   Passed    0.08 sec
            Start 170: AL_USDMayaTestPlugin
    132/154 Test #156: testUsdImportExportSiteSpecificConfig ...........   Passed    4.20 sec
            Start 171: TestALUSDMayaPython_ProxyShape
    133/154 Test #155: testUsdExportSchemaApi ..........................   Passed    4.47 sec
            Start 172: TestALUSDMayaPython_Translators
    134/154 Test #169: Python:AL_USDTransactionTests ...................   Passed    0.46 sec
            Start 173: TestALUSDMayaPython_LayerManager
    135/154 Test #157: testUsdExportAssembly ...........................   Passed    4.49 sec
            Start 174: TestALUSDMayaPython_ImportModule
    136/154 Test #159: testUsdExportPackage ............................   Passed    4.40 sec
            Start 175: testMayaSchemas
    137/154 Test #158: testUsdExportAssemblyEdits ......................   Passed    4.48 sec
            Start 176: TestAdditionalTranslators
    138/154 Test #175: testMayaSchemas .................................   Passed    0.09 sec
            Start 177: TestPxrUsdTranslators
    139/154 Test #161: testUsdImportAsAssemblies .......................   Passed    4.28 sec
    140/154 Test #162: testUsdImportNestedAssemblyAnimation ............   Passed    4.17 sec
    141/154 Test #163: testUsdMayaGetVariantSetSelections ..............   Passed    4.23 sec
    142/154 Test #174: TestALUSDMayaPython_ImportModule ................   Passed    3.32 sec
    143/154 Test #165: testUsdMayaReferenceAssemblyEdits ...............   Passed    4.33 sec
    144/154 Test #164: testUsdMayaModelKindProcessor ...................   Passed    4.45 sec
    145/154 Test #167: testPxrUsdAlembicChaser .........................   Passed    4.32 sec
    146/154 Test #171: TestALUSDMayaPython_ProxyShape ..................   Passed    4.13 sec
    147/154 Test #172: TestALUSDMayaPython_Translators .................   Passed    4.12 sec
    148/154 Test #166: testUsdReferenceAssemblyChangeRepresentations ...   Passed    4.66 sec
    149/154 Test #173: TestALUSDMayaPython_LayerManager ................   Passed    4.18 sec
    150/154 Test #177: TestPxrUsdTranslators ...........................   Passed    4.01 sec
    151/154 Test #176: TestAdditionalTranslators .......................   Passed    5.08 sec
    152/154 Test #160: testUsdExportPointInstancer .....................   Passed   16.84 sec
    153/154 Test #170: AL_USDMayaTestPlugin ............................   Passed   16.88 sec
    154/154 Test #134: testUsdImportXforms .............................   Passed   72.69 sec
    
    100% tests passed, 0 tests failed out of 153
    
    Label Time Summary:
    Debugging            =   0.00 sec*proc (1 test)
    MayaUsd              =  29.99 sec*proc (6 tests)
    fileio               =  30.36 sec*proc (7 tests)
    fileio_utils         =   8.36 sec*proc (2 tests)
    nodes                =  21.32 sec*proc (5 tests)
    translators          = 435.63 sec*proc (86 tests)
    ufe                  =  46.60 sec*proc (9 tests)
    undo                 =   3.98 sec*proc (1 test)
    usdPreviewSurface    =   7.73 sec*proc (2 tests)
    utils                =   8.08 sec*proc (2 tests)
    
    Total Test time (real) =  98.74 sec
    
    The following tests did not run:
    	  7 - _Interactive_Maya (Disabled)
    
        Building with settings:
          Source directory          /home/S/jenkins/workspace/ecg-mayausd-branch-preflight-2020-linux/ecg-maya-usd/maya-usd
          Workspace directory       /local/S/jenkins/workspace/ecg-mayausd-branch-preflight-2020-linux
          Build directory           /local/S/jenkins/workspace/ecg-mayausd-branch-preflight-2020-linux/build/RelWithDebInfo
          Install directory         /local/S/jenkins/workspace/ecg-mayausd-branch-preflight-2020-linux/install/RelWithDebInfo/MayaUSD
          Variant                   RelWithDebInfo
          Python Debug              Off
          CMake generator           Ninja
          Build arguments           ['-DCMAKE_MAKE_PROGRAM=/local/S/jenkins/workspace/shared/Artifactory/Linux/ninja/1.9.0/aca9939/ninja', '-DPYTHON_INCLUDE_DIR=/local/S/jenkins/workspace/shared/Artifactory/Linux/rundev-2020/202107140359/runtime/a6ca045/runTime/include/Python', '-DPython_EXECUTABLE=/local/S/jenkins/workspace/shared/Artifactory/Linux/rundev-2020/202107140359/runtime/a6ca045/runTime/bin/mayapy', '-DPYTHON_LIBRARIES=/local/S/jenkins/workspace/shared/Artifactory/Linux/rundev-2020/202107140359/runtime/a6ca045/runTime/lib/libpython2.7.so.1.0', '-DUSD_LIB_PREFIX=lib', '-DCMAKE_WANT_MATERIALX_BUILD=ON', '-DCMAKE_PREFIX_PATH=/local/S/jenkins/workspace/shared/Artifactory/Linux/USD/b45703f']
          Stages arguments          ['test']
          CTest arguments           ['-E testUsdReferenceAssemblySelection|testUsdMayaAppDir|AL_MayaUtilsTests|testUsdImportDisplacement|testUsdImportFrameRange', '-LE interactive', '--parallel 16']
    Success running MayaUSD tests !!!!
[Pipeline] }
[Pipeline] // withEnv
[Pipeline] }
[Pipeline] // stage
[Pipeline] }
[Pipeline] // timestamps
[Pipeline] }
[Pipeline] // timeout
[Pipeline] timeout
Timeout set to expire in 6 hr 0 min
[Pipeline] {
[Pipeline] timestamps
[Pipeline] {
[Pipeline] stage
[Pipeline] { (Cleanup)
[Pipeline] withEnv
[Pipeline] {
[Pipeline] sh
[ecg-mayausd-branch-preflight-2020-linux] Running shell script
+ scl enable devtoolset-6 -
python ecg-maya-usd/build.py --stages=cleanup --workspace-dir=/local/S/jenkins/workspace/ecg-mayausd-branch-preflight-2020-linux --artifactory-dir=/local/S/jenkins/workspace/shared/Artifactory --build-dir=/local/S/jenkins/workspace/ecg-mayausd-branch-preflight-2020-linux/build --install-dir=/local/S/jenkins/workspace/ecg-mayausd-branch-preflight-2020-linux/install --signing-dir=/local/S/jenkins/workspace/ecg-mayausd-branch-preflight-2020-linux/signing --package-dir=/local/S/jenkins/workspace/ecg-mayausd-branch-preflight-2020-linux/package --output-dir=/local/S/jenkins/workspace/ecg-mayausd-branch-preflight-2020-linux/output --stash-dir=/local/S/jenkins/workspace/ecg-mayausd-branch-preflight-2020-linux/stash --jenkins-build=2107 --git-commit=eadb994eca850350685c82c75246d455e301ac05 --git-branch=master --variants=RelWithDebInfo --python=2.7 --post-zips=false --maya-cut-config=maya-rundev-2020.yaml --stage-banner
Using Maya cut from /local/S/jenkins/workspace/shared/Artifactory/Linux/rundev-2020/202107140359/runtime/a6ca045

================================================================================
                               cleanup (Finalize)
================================================================================
Cleaning up workspace
Removing directory: /local/S/jenkins/workspace/ecg-mayausd-branch-preflight-2020-linux/build
Removing directory: /local/S/jenkins/workspace/ecg-mayausd-branch-preflight-2020-linux/install
[Pipeline] }
[Pipeline] // withEnv
[Pipeline] }
[Pipeline] // stage
[Pipeline] }
[Pipeline] // timestamps
[Pipeline] }
[Pipeline] // timeout
[Pipeline] }
[Pipeline] // node
[Pipeline] End of Pipeline
Finished: SUCCESS
