[2023-11-09T19:59:57.562Z] ================================================================================
[2023-11-09T19:59:57.562Z]                                  setup (Debug)
[2023-11-09T19:59:57.562Z] ================================================================================
[2023-11-09T19:59:57.562Z] Installing license file 'melicense.lic'.
[Pipeline] sh
[2023-11-09T19:59:59.016Z] + python ecg-maya-hydra/build.py --stages=setup --workspace-dir=/local/S/jenkins/workspace/ECP/ecg-maya-hydra/ecg-maya-hydra-branch-preflight-python3-osx --artifactory-dir=/local/S/jenkins/workspace/shared/Artifactory --build-dir=/local/S/jenkins/workspace/ECP/ecg-maya-hydra/ecg-maya-hydra-branch-preflight-python3-osx/build --install-dir=/local/S/jenkins/workspace/ECP/ecg-maya-hydra/ecg-maya-hydra-branch-preflight-python3-osx/install --signing-dir=/local/S/jenkins/workspace/ECP/ecg-maya-hydra/ecg-maya-hydra-branch-preflight-python3-osx/signing --package-dir=/local/S/jenkins/workspace/ECP/ecg-maya-hydra/ecg-maya-hydra-branch-preflight-python3-osx/package --output-dir=/local/S/jenkins/workspace/ECP/ecg-maya-hydra/ecg-maya-hydra-branch-preflight-python3-osx/output --stash-dir=/local/S/jenkins/workspace/ECP/ecg-maya-hydra/ecg-maya-hydra-branch-preflight-python3-osx/stash --jenkins-build=377 --git-commit=e5498a2f05daf96993fc42e0de56ba872d810562 --git-branch=master --variants=RelWithDebInfo --interactive-tests=true --post-zips=false --osx-binary-architecture-target=ub2 --osx-deployment-target=11.0 --osx-base-sdk=CurrentActiveSDK --extra-license-file=ecg-maya-hydra/jenkins-o03-cot/melicense.lic --prune-versions=3 --prune-revisions=3 --maya-cut-config=maya-rundev-master.yaml --maya-package=rundev-master --stage-banner --prune-artifacts --force-pruning
[2023-11-09T19:59:59.016Z] Getting rundev-master download URL from Maya SHA-1 hash
[2023-11-09T19:59:59.016Z] Finding Artifactory servers response times
[2023-11-09T20:00:05.495Z] [VERBOSE] Start loading URL (CURL): https://art-bobcat.autodesk.com/artifactory/api/search/checksum?repos=autodesk-3p-generic,adsk-build-tools-generic,team-ecg-generic,team-maya-generic,oss-stg-generic&sha1=e9a5ae1f0dc869d1ce266337cce0bfcafc9f93bd
[2023-11-09T20:00:05.495Z] [DEBUG] Running: /usr/bin/curl -s -X GET --keepalive-time 10 --connect-timeout 60 --speed-limit 10000 --speed-time 120 --max-time 3600 --retry 5 --retry-max-time 2400 -H Connection:close -H Authorization:Basic ZWNnYmlmcm9zdDpvcGUqKjAw https://art-bobcat.autodesk.com/artifactory/api/search/checksum?repos=autodesk-3p-generic,adsk-build-tools-generic,team-ecg-generic,team-maya-generic,oss-stg-generic&sha1=e9a5ae1f0dc869d1ce266337cce0bfcafc9f93bd
[2023-11-09T20:00:05.495Z] [DEBUG] Output:
[2023-11-09T20:00:05.495Z] {
[2023-11-09T20:00:05.495Z]   "results" : [ {
[2023-11-09T20:00:05.495Z]     "uri" : "https://art-bobcat.autodesk.com:443/artifactory/api/storage/team-maya-generic/Maya/master/pmac/2023-11-06-01-40_068e1a5022/202311060140-068e1a5022-RUNDEV.dmg"
[2023-11-09T20:00:05.495Z]   } ]
[2023-11-09T20:00:05.495Z] }
[2023-11-09T20:00:05.495Z] [VERBOSE] End loading URL (CURL): https://art-bobcat.autodesk.com/artifactory/api/search/checksum?repos=autodesk-3p-generic,adsk-build-tools-generic,team-ecg-generic,team-maya-generic,oss-stg-generic&sha1=e9a5ae1f0dc869d1ce266337cce0bfcafc9f93bd
[2023-11-09T20:00:05.495Z] [VERBOSE] Start loading URL (CURL): https://art-bobcat.autodesk.com:443/artifactory/api/storage/team-maya-generic/Maya/master/pmac/2023-11-06-01-40_068e1a5022/202311060140-068e1a5022-RUNDEV.dmg
[2023-11-09T20:00:05.495Z] [DEBUG] Running: /usr/bin/curl -s -X GET --keepalive-time 10 --connect-timeout 60 --speed-limit 10000 --speed-time 120 --max-time 3600 --retry 5 --retry-max-time 2400 -H Connection:close -H Authorization:Basic ZWNnYmlmcm9zdDpvcGUqKjAw https://art-bobcat.autodesk.com:443/artifactory/api/storage/team-maya-generic/Maya/master/pmac/2023-11-06-01-40_068e1a5022/202311060140-068e1a5022-RUNDEV.dmg
[2023-11-09T20:00:05.495Z] [DEBUG] Output:
[2023-11-09T20:00:05.495Z] {
[2023-11-09T20:00:05.495Z]   "repo" : "team-maya-generic",
[2023-11-09T20:00:05.495Z]   "path" : "/Maya/master/pmac/2023-11-06-01-40_068e1a5022/202311060140-068e1a5022-RUNDEV.dmg",
[2023-11-09T20:00:05.495Z]   "created" : "2023-11-06T02:58:12.280-08:00",
[2023-11-09T20:00:05.495Z]   "createdBy" : "svc_p_mescm",
[2023-11-09T20:00:05.495Z]   "lastModified" : "2023-11-06T02:53:16.851-08:00",
[2023-11-09T20:00:05.495Z]   "modifiedBy" : "svc_p_mescm",
[2023-11-09T20:00:05.495Z]   "lastUpdated" : "2023-11-06T02:58:12.281-08:00",
[2023-11-09T20:00:05.495Z]   "downloadUri" : "https://art-bobcat.autodesk.com:443/artifactory/team-maya-generic/Maya/master/pmac/2023-11-06-01-40_068e1a5022/202311060140-068e1a5022-RUNDEV.dmg",
[2023-11-09T20:00:05.495Z]   "mimeType" : "application/octet-stream",
[2023-11-09T20:00:05.495Z]   "size" : "2830276139",
[2023-11-09T20:00:05.495Z]   "checksums" : {
[2023-11-09T20:00:05.495Z]     "sha1" : "e9a5ae1f0dc869d1ce266337cce0bfcafc9f93bd",
[2023-11-09T20:00:05.495Z]     "md5" : "4f6452550f423ef50a9a210d0e260173",
[2023-11-09T20:00:05.495Z]     "sha256" : "c874ff1ba95f9b674422bbe75abe72228217a6a938f93062d0b641b2609332cc"
[2023-11-09T20:00:05.495Z]   },
[2023-11-09T20:00:05.495Z]   "originalChecksums" : {
[2023-11-09T20:00:05.495Z]     "sha1" : "e9a5ae1f0dc869d1ce266337cce0bfcafc9f93bd",
[2023-11-09T20:00:05.495Z]     "md5" : "4f6452550f423ef50a9a210d0e260173",
[2023-11-09T20:00:05.495Z]     "sha256" : "c874ff1ba95f9b674422bbe75abe72228217a6a938f93062d0b641b2609332cc"
[2023-11-09T20:00:05.495Z]   },
[2023-11-09T20:00:05.495Z]   "uri" : "https://art-bobcat.autodesk.com:443/artifactory/api/storage/team-maya-generic/Maya/master/pmac/2023-11-06-01-40_068e1a5022/202311060140-068e1a5022-RUNDEV.dmg"
[2023-11-09T20:00:05.495Z] }
[2023-11-09T20:00:05.495Z] [VERBOSE] End loading URL (CURL): https://art-bobcat.autodesk.com:443/artifactory/api/storage/team-maya-generic/Maya/master/pmac/2023-11-06-01-40_068e1a5022/202311060140-068e1a5022-RUNDEV.dmg
[2023-11-09T20:00:05.495Z] Using Maya cut from /local/S/jenkins/workspace/shared/Artifactory/OSX/rundev-master/202311060140/runtime/e9a5ae1
[2023-11-09T20:00:05.495Z] Using Maya ADSK Signatures from /local/S/jenkins/workspace/shared/Artifactory/OSX/adsk-plugin-signatures-maya/2023/3ae1ae7
[2023-11-09T20:00:05.495Z] Using Maya Security Library from /local/S/jenkins/workspace/shared/Artifactory/OSX/maya-security-library/3.4.0/5e08f3e
[2023-11-09T20:00:05.495Z] 
[2023-11-09T20:00:05.495Z] ================================================================================
[2023-11-09T20:00:05.495Z]                              setup (RelWithDebInfo)
[2023-11-09T20:00:05.495Z] ================================================================================
[2023-11-09T20:00:05.495Z] Installing license file 'melicense.lic'.
[Pipeline] }
[Pipeline] // withEnv
[Pipeline] }
[Pipeline] // timeout
[Pipeline] }
[Pipeline] // stage
[Pipeline] }
[Pipeline] // timestamps
[Pipeline] timestamps
[Pipeline] {
[Pipeline] stage
[Pipeline] { (Clean)
[Pipeline] timeout
[2023-11-09T20:00:05.855Z] Timeout set to expire in 6 hr 0 min
[Pipeline] {
[Pipeline] withEnv
[Pipeline] {
[Pipeline] sh
[2023-11-09T20:00:07.072Z] + python ecg-maya-hydra/build.py --stages=clean --workspace-dir=/local/S/jenkins/workspace/ECP/ecg-maya-hydra/ecg-maya-hydra-branch-preflight-python3-osx --artifactory-dir=/local/S/jenkins/workspace/shared/Artifactory --build-dir=/local/S/jenkins/workspace/ECP/ecg-maya-hydra/ecg-maya-hydra-branch-preflight-python3-osx/build --install-dir=/local/S/jenkins/workspace/ECP/ecg-maya-hydra/ecg-maya-hydra-branch-preflight-python3-osx/install --signing-dir=/local/S/jenkins/workspace/ECP/ecg-maya-hydra/ecg-maya-hydra-branch-preflight-python3-osx/signing --package-dir=/local/S/jenkins/workspace/ECP/ecg-maya-hydra/ecg-maya-hydra-branch-preflight-python3-osx/package --output-dir=/local/S/jenkins/workspace/ECP/ecg-maya-hydra/ecg-maya-hydra-branch-preflight-python3-osx/output --stash-dir=/local/S/jenkins/workspace/ECP/ecg-maya-hydra/ecg-maya-hydra-branch-preflight-python3-osx/stash --jenkins-build=377 --git-commit=e5498a2f05daf96993fc42e0de56ba872d810562 --git-branch=master --variants=Debug --interactive-tests=true --post-zips=false --osx-binary-architecture-target=ub2 --osx-deployment-target=11.0 --osx-base-sdk=CurrentActiveSDK --maya-cut-config=maya-rundev-master-debug.yaml --maya-package=rundev-master-debug --stage-banner
[2023-11-09T20:00:07.072Z] Using Maya cut from /local/S/jenkins/workspace/shared/Artifactory/OSX/rundev-master-debug/202310260154/runtime/3fe4f1c
[2023-11-09T20:00:07.072Z] Using Maya ADSK Signatures from /local/S/jenkins/workspace/shared/Artifactory/OSX/adsk-plugin-signatures-maya/2023/3ae1ae7
[2023-11-09T20:00:07.072Z] Using Maya Security Library from /local/S/jenkins/workspace/shared/Artifactory/OSX/maya-security-library/3.4.0/5e08f3e
[2023-11-09T20:00:07.072Z] 
[2023-11-09T20:00:07.072Z] ================================================================================
[2023-11-09T20:00:07.072Z]                                  clean (Debug)
[2023-11-09T20:00:07.072Z] ================================================================================
[2023-11-09T20:00:07.072Z] Maya Python Debug Info:
[2023-11-09T20:00:07.072Z]   mayapy executable   = /local/S/jenkins/workspace/shared/Artifactory/OSX/rundev-master-debug/202310260154/runtime/3fe4f1c/runTime/Maya.app/Contents/bin/mayapy
[2023-11-09T20:00:07.073Z]   Include Folder      = /local/S/jenkins/workspace/shared/Artifactory/OSX/rundev-master-debug/202310260154/runtime/3fe4f1c/runTime/Maya.app/Contents/Frameworks/Python.framework/Versions/Current/include/python3.10
[2023-11-09T20:00:07.073Z]   Library             = /local/S/jenkins/workspace/shared/Artifactory/OSX/rundev-master-debug/202310260154/runtime/3fe4f1c/runTime/Maya.app/Contents/Frameworks/Python.framework/Versions/Current/lib/libpython3.10.dylib
[2023-11-09T20:00:07.073Z]   site-package Folder = /local/S/jenkins/workspace/shared/Artifactory/OSX/rundev-master-debug/202310260154/runtime/3fe4f1c/runTime/Maya.app/Contents/Frameworks/Python.framework/Versions/Current/lib/python3.10/site-packages
[2023-11-09T20:00:07.073Z] In workdir: /Volumes/DATA/local/S/jenkins/workspace/ECP/ecg-maya-hydra/ecg-maya-hydra-branch-preflight-python3-osx/ecg-maya-hydra/maya-hydra
[2023-11-09T20:00:07.073Z] Executing: arch -arch arm64 /local/S/jenkins/workspace/shared/Artifactory/OSX/rundev-master-debug/202310260154/runtime/3fe4f1c/runTime/Maya.app/Contents/bin/mayapy /Volumes/DATA/local/S/jenkins/workspace/ECP/ecg-maya-hydra/ecg-maya-hydra-branch-preflight-python3-osx/ecg-maya-hydra/maya-hydra/build.py --generator Ninja --build-debug --maya-location /local/S/jenkins/workspace/shared/Artifactory/OSX/rundev-master-debug/202310260154/runtime/3fe4f1c/runTime --devkit-location /local/S/jenkins/workspace/shared/Artifactory/OSX/rundev-master-debug/202310260154/runtime/3fe4f1c/devkitBase --pxrusd-location /local/S/jenkins/workspace/shared/Artifactory/OSX/USD/a9d0dd1 --build-args=-DCMAKE_MAKE_PROGRAM=/local/S/jenkins/workspace/shared/Artifactory/OSX/ninja/1.10.2/95d0ca5/ninja,-DPYTHON_INCLUDE_DIR=/local/S/jenkins/workspace/shared/Artifactory/OSX/rundev-master-debug/202310260154/runtime/3fe4f1c/runTime/Maya.app/Contents/Frameworks/Python.framework/Versions/Current/include/python3.10,-DPython_EXECUTABLE=/local/S/jenkins/workspace/shared/Artifactory/OSX/rundev-master-debug/202310260154/runtime/3fe4f1c/runTime/Maya.app/Contents/bin/mayapy,-DPYTHON_LIBRARIES=/local/S/jenkins/workspace/shared/Artifactory/OSX/rundev-master-debug/202310260154/runtime/3fe4f1c/runTime/Maya.app/Contents/Frameworks/Python.framework/Versions/Current/lib/libpython3.10.dylib,-DBUILD_WITH_PYTHON_3=ON,-DBUILD_WITH_PYTHON_3_VERSION=3.10,-DBUILD_UB2=ON,-DCMAKE_WANT_MATERIALX_BUILD=ON,-DCMAKE_PREFIX_PATH=/local/S/jenkins/workspace/shared/Artifactory/OSX/USD/a9d0dd1 '--ctest-args=--parallel 8' --stages=clean --redirect-outstream-file=False --install-location /local/S/jenkins/workspace/ECP/ecg-maya-hydra/ecg-maya-hydra-branch-preflight-python3-osx/install/Debug/MayaHydra /local/S/jenkins/workspace/ECP/ecg-maya-hydra/ecg-maya-hydra-branch-preflight-python3-osx
[2023-11-09T20:00:07.073Z] Modified environment variables:
[2023-11-09T20:00:07.073Z]     PATH=/local/S/jenkins/workspace/shared/Artifactory/OSX/cmake/3.20.3/2594509/bin:/opt/homebrew/bin:/usr/local/bin:/bin:/usr/sbin:/sbin:/usr/bin:/usr/bin:/bin:/usr/sbin:/sbin
[2023-11-09T20:00:07.617Z]     
[2023-11-09T20:00:07.617Z]         Building with settings:
[2023-11-09T20:00:07.617Z]           Source directory          /Volumes/DATA/local/S/jenkins/workspace/ECP/ecg-maya-hydra/ecg-maya-hydra-branch-preflight-python3-osx/ecg-maya-hydra/maya-hydra
[2023-11-09T20:00:07.617Z]           Workspace directory       /local/S/jenkins/workspace/ECP/ecg-maya-hydra/ecg-maya-hydra-branch-preflight-python3-osx
[2023-11-09T20:00:07.617Z]           Build directory           /local/S/jenkins/workspace/ECP/ecg-maya-hydra/ecg-maya-hydra-branch-preflight-python3-osx/build/Debug
[2023-11-09T20:00:07.617Z]           Install directory         /local/S/jenkins/workspace/ECP/ecg-maya-hydra/ecg-maya-hydra-branch-preflight-python3-osx/install/Debug/MayaHydra
[2023-11-09T20:00:07.617Z]           Variant                   Debug
[2023-11-09T20:00:07.617Z]           Python Debug              Off
[2023-11-09T20:00:07.617Z]           CMake generator           Ninja
[2023-11-09T20:00:07.617Z]           Build arguments           ['-DCMAKE_MAKE_PROGRAM=/local/S/jenkins/workspace/shared/Artifactory/OSX/ninja/1.10.2/95d0ca5/ninja', '-DPYTHON_INCLUDE_DIR=/local/S/jenkins/workspace/shared/Artifactory/OSX/rundev-master-debug/202310260154/runtime/3fe4f1c/runTime/Maya.app/Contents/Frameworks/Python.framework/Versions/Current/include/python3.10', '-DPython_EXECUTABLE=/local/S/jenkins/workspace/shared/Artifactory/OSX/rundev-master-debug/202310260154/runtime/3fe4f1c/runTime/Maya.app/Contents/bin/mayapy', '-DPYTHON_LIBRARIES=/local/S/jenkins/workspace/shared/Artifactory/OSX/rundev-master-debug/202310260154/runtime/3fe4f1c/runTime/Maya.app/Contents/Frameworks/Python.framework/Versions/Current/lib/libpython3.10.dylib', '-DBUILD_WITH_PYTHON_3=ON', '-DBUILD_WITH_PYTHON_3_VERSION=3.10', '-DBUILD_UB2=ON', '-DCMAKE_WANT_MATERIALX_BUILD=ON', '-DCMAKE_PREFIX_PATH=/local/S/jenkins/workspace/shared/Artifactory/OSX/USD/a9d0dd1']
[2023-11-09T20:00:07.617Z]           Stages arguments          ['clean']
[2023-11-09T20:00:07.617Z]           CTest arguments           ['--parallel 8']
[2023-11-09T20:00:07.617Z]     Success MayaHydra build and install !!!!
[2023-11-09T20:00:07.617Z]     Elapsed time: 00:00:00
[Pipeline] sh
[2023-11-09T20:00:09.107Z] + python ecg-maya-hydra/build.py --stages=clean --workspace-dir=/local/S/jenkins/workspace/ECP/ecg-maya-hydra/ecg-maya-hydra-branch-preflight-python3-osx --artifactory-dir=/local/S/jenkins/workspace/shared/Artifactory --build-dir=/local/S/jenkins/workspace/ECP/ecg-maya-hydra/ecg-maya-hydra-branch-preflight-python3-osx/build --install-dir=/local/S/jenkins/workspace/ECP/ecg-maya-hydra/ecg-maya-hydra-branch-preflight-python3-osx/install --signing-dir=/local/S/jenkins/workspace/ECP/ecg-maya-hydra/ecg-maya-hydra-branch-preflight-python3-osx/signing --package-dir=/local/S/jenkins/workspace/ECP/ecg-maya-hydra/ecg-maya-hydra-branch-preflight-python3-osx/package --output-dir=/local/S/jenkins/workspace/ECP/ecg-maya-hydra/ecg-maya-hydra-branch-preflight-python3-osx/output --stash-dir=/local/S/jenkins/workspace/ECP/ecg-maya-hydra/ecg-maya-hydra-branch-preflight-python3-osx/stash --jenkins-build=377 --git-commit=e5498a2f05daf96993fc42e0de56ba872d810562 --git-branch=master --variants=RelWithDebInfo --interactive-tests=true --post-zips=false --osx-binary-architecture-target=ub2 --osx-deployment-target=11.0 --osx-base-sdk=CurrentActiveSDK --maya-cut-config=maya-rundev-master.yaml --maya-package=rundev-master --stage-banner
[2023-11-09T20:00:09.107Z] Using Maya cut from /local/S/jenkins/workspace/shared/Artifactory/OSX/rundev-master/202311060140/runtime/e9a5ae1
[2023-11-09T20:00:09.107Z] Using Maya ADSK Signatures from /local/S/jenkins/workspace/shared/Artifactory/OSX/adsk-plugin-signatures-maya/2023/3ae1ae7
[2023-11-09T20:00:09.107Z] Using Maya Security Library from /local/S/jenkins/workspace/shared/Artifactory/OSX/maya-security-library/3.4.0/5e08f3e
[2023-11-09T20:00:09.107Z] 
[2023-11-09T20:00:09.107Z] ================================================================================
[2023-11-09T20:00:09.107Z]                              clean (RelWithDebInfo)
[2023-11-09T20:00:09.107Z] ================================================================================
[2023-11-09T20:00:09.107Z] Maya Python RelWithDebInfo Info:
[2023-11-09T20:00:09.107Z]   mayapy executable   = /local/S/jenkins/workspace/shared/Artifactory/OSX/rundev-master/202311060140/runtime/e9a5ae1/runTime/Maya.app/Contents/bin/mayapy
[2023-11-09T20:00:09.107Z]   Include Folder      = /local/S/jenkins/workspace/shared/Artifactory/OSX/rundev-master/202311060140/runtime/e9a5ae1/runTime/Maya.app/Contents/Frameworks/Python.framework/Versions/Current/include/python3.10
[2023-11-09T20:00:09.107Z]   Library             = /local/S/jenkins/workspace/shared/Artifactory/OSX/rundev-master/202311060140/runtime/e9a5ae1/runTime/Maya.app/Contents/Frameworks/Python.framework/Versions/Current/lib/libpython3.10.dylib
[2023-11-09T20:00:09.107Z]   site-package Folder = /local/S/jenkins/workspace/shared/Artifactory/OSX/rundev-master/202311060140/runtime/e9a5ae1/runTime/Maya.app/Contents/Frameworks/Python.framework/Versions/Current/lib/python3.10/site-packages
[2023-11-09T20:00:09.107Z] In workdir: /Volumes/DATA/local/S/jenkins/workspace/ECP/ecg-maya-hydra/ecg-maya-hydra-branch-preflight-python3-osx/ecg-maya-hydra/maya-hydra
[2023-11-09T20:00:09.107Z] Executing: arch -arch arm64 /local/S/jenkins/workspace/shared/Artifactory/OSX/rundev-master/202311060140/runtime/e9a5ae1/runTime/Maya.app/Contents/bin/mayapy /Volumes/DATA/local/S/jenkins/workspace/ECP/ecg-maya-hydra/ecg-maya-hydra-branch-preflight-python3-osx/ecg-maya-hydra/maya-hydra/build.py --generator Ninja --build-relwithdebug --maya-location /local/S/jenkins/workspace/shared/Artifactory/OSX/rundev-master/202311060140/runtime/e9a5ae1/runTime --devkit-location /local/S/jenkins/workspace/shared/Artifactory/OSX/rundev-master/202311060140/runtime/e9a5ae1/devkitBase --pxrusd-location /local/S/jenkins/workspace/shared/Artifactory/OSX/USD/b595ab2 --build-args=-DCMAKE_MAKE_PROGRAM=/local/S/jenkins/workspace/shared/Artifactory/OSX/ninja/1.10.2/95d0ca5/ninja,-DPYTHON_INCLUDE_DIR=/local/S/jenkins/workspace/shared/Artifactory/OSX/rundev-master/202311060140/runtime/e9a5ae1/runTime/Maya.app/Contents/Frameworks/Python.framework/Versions/Current/include/python3.10,-DPython_EXECUTABLE=/local/S/jenkins/workspace/shared/Artifactory/OSX/rundev-master/202311060140/runtime/e9a5ae1/runTime/Maya.app/Contents/bin/mayapy,-DPYTHON_LIBRARIES=/local/S/jenkins/workspace/shared/Artifactory/OSX/rundev-master/202311060140/runtime/e9a5ae1/runTime/Maya.app/Contents/Frameworks/Python.framework/Versions/Current/lib/libpython3.10.dylib,-DBUILD_WITH_PYTHON_3=ON,-DBUILD_WITH_PYTHON_3_VERSION=3.10,-DBUILD_UB2=ON,-DCMAKE_WANT_MATERIALX_BUILD=ON,-DCMAKE_PREFIX_PATH=/local/S/jenkins/workspace/shared/Artifactory/OSX/USD/b595ab2 '--ctest-args=--parallel 8' --stages=clean --redirect-outstream-file=False --install-location /local/S/jenkins/workspace/ECP/ecg-maya-hydra/ecg-maya-hydra-branch-preflight-python3-osx/install/RelWithDebInfo/MayaHydra /local/S/jenkins/workspace/ECP/ecg-maya-hydra/ecg-maya-hydra-branch-preflight-python3-osx
[2023-11-09T20:00:09.107Z] Modified environment variables:
[2023-11-09T20:00:09.107Z]     PATH=/local/S/jenkins/workspace/shared/Artifactory/OSX/cmake/3.20.3/2594509/bin:/opt/homebrew/bin:/usr/local/bin:/bin:/usr/sbin:/sbin:/usr/bin:/usr/bin:/bin:/usr/sbin:/sbin
[2023-11-09T20:00:09.652Z]     
[2023-11-09T20:00:09.652Z]         Building with settings:
[2023-11-09T20:00:09.652Z]           Source directory          /Volumes/DATA/local/S/jenkins/workspace/ECP/ecg-maya-hydra/ecg-maya-hydra-branch-preflight-python3-osx/ecg-maya-hydra/maya-hydra
[2023-11-09T20:00:09.652Z]           Workspace directory       /local/S/jenkins/workspace/ECP/ecg-maya-hydra/ecg-maya-hydra-branch-preflight-python3-osx
[2023-11-09T20:00:09.652Z]           Build directory           /local/S/jenkins/workspace/ECP/ecg-maya-hydra/ecg-maya-hydra-branch-preflight-python3-osx/build/RelWithDebInfo
[2023-11-09T20:00:09.652Z]           Install directory         /local/S/jenkins/workspace/ECP/ecg-maya-hydra/ecg-maya-hydra-branch-preflight-python3-osx/install/RelWithDebInfo/MayaHydra
[2023-11-09T20:00:09.652Z]           Variant                   RelWithDebInfo
[2023-11-09T20:00:09.652Z]           Python Debug              Off
[2023-11-09T20:00:09.652Z]           CMake generator           Ninja
[2023-11-09T20:00:09.652Z]           Build arguments           ['-DCMAKE_MAKE_PROGRAM=/local/S/jenkins/workspace/shared/Artifactory/OSX/ninja/1.10.2/95d0ca5/ninja', '-DPYTHON_INCLUDE_DIR=/local/S/jenkins/workspace/shared/Artifactory/OSX/rundev-master/202311060140/runtime/e9a5ae1/runTime/Maya.app/Contents/Frameworks/Python.framework/Versions/Current/include/python3.10', '-DPython_EXECUTABLE=/local/S/jenkins/workspace/shared/Artifactory/OSX/rundev-master/202311060140/runtime/e9a5ae1/runTime/Maya.app/Contents/bin/mayapy', '-DPYTHON_LIBRARIES=/local/S/jenkins/workspace/shared/Artifactory/OSX/rundev-master/202311060140/runtime/e9a5ae1/runTime/Maya.app/Contents/Frameworks/Python.framework/Versions/Current/lib/libpython3.10.dylib', '-DBUILD_WITH_PYTHON_3=ON', '-DBUILD_WITH_PYTHON_3_VERSION=3.10', '-DBUILD_UB2=ON', '-DCMAKE_WANT_MATERIALX_BUILD=ON', '-DCMAKE_PREFIX_PATH=/local/S/jenkins/workspace/shared/Artifactory/OSX/USD/b595ab2']
[2023-11-09T20:00:09.652Z]           Stages arguments          ['clean']
[2023-11-09T20:00:09.652Z]           CTest arguments           ['--parallel 8']
[2023-11-09T20:00:09.652Z]     Success MayaHydra build and install !!!!
[2023-11-09T20:00:09.652Z]     Elapsed time: 00:00:00
[Pipeline] }
[Pipeline] // withEnv
[Pipeline] }
[Pipeline] // timeout
[Pipeline] }
[Pipeline] // stage
[Pipeline] }
[Pipeline] // timestamps
[Pipeline] timestamps
[Pipeline] {
[Pipeline] stage
[Pipeline] { (Configure)
[Pipeline] timeout
[2023-11-09T20:00:10.065Z] Timeout set to expire in 6 hr 0 min
[Pipeline] {
[Pipeline] withEnv
[Pipeline] {
[Pipeline] sh
[2023-11-09T20:00:11.364Z] + python ecg-maya-hydra/build.py --stages=configure --workspace-dir=/local/S/jenkins/workspace/ECP/ecg-maya-hydra/ecg-maya-hydra-branch-preflight-python3-osx --artifactory-dir=/local/S/jenkins/workspace/shared/Artifactory --build-dir=/local/S/jenkins/workspace/ECP/ecg-maya-hydra/ecg-maya-hydra-branch-preflight-python3-osx/build --install-dir=/local/S/jenkins/workspace/ECP/ecg-maya-hydra/ecg-maya-hydra-branch-preflight-python3-osx/install --signing-dir=/local/S/jenkins/workspace/ECP/ecg-maya-hydra/ecg-maya-hydra-branch-preflight-python3-osx/signing --package-dir=/local/S/jenkins/workspace/ECP/ecg-maya-hydra/ecg-maya-hydra-branch-preflight-python3-osx/package --output-dir=/local/S/jenkins/workspace/ECP/ecg-maya-hydra/ecg-maya-hydra-branch-preflight-python3-osx/output --stash-dir=/local/S/jenkins/workspace/ECP/ecg-maya-hydra/ecg-maya-hydra-branch-preflight-python3-osx/stash --jenkins-build=377 --git-commit=e5498a2f05daf96993fc42e0de56ba872d810562 --git-branch=master --variants=Debug --interactive-tests=true --post-zips=false --osx-binary-architecture-target=ub2 --osx-deployment-target=11.0 --osx-base-sdk=CurrentActiveSDK --maya-cut-config=maya-rundev-master-debug.yaml --maya-package=rundev-master-debug --stage-banner
[2023-11-09T20:00:11.364Z] Using Maya cut from /local/S/jenkins/workspace/shared/Artifactory/OSX/rundev-master-debug/202310260154/runtime/3fe4f1c
[2023-11-09T20:00:11.364Z] Using Maya ADSK Signatures from /local/S/jenkins/workspace/shared/Artifactory/OSX/adsk-plugin-signatures-maya/2023/3ae1ae7
[2023-11-09T20:00:11.364Z] Using Maya Security Library from /local/S/jenkins/workspace/shared/Artifactory/OSX/maya-security-library/3.4.0/5e08f3e
[2023-11-09T20:00:11.364Z] 
[2023-11-09T20:00:11.364Z] ================================================================================
[2023-11-09T20:00:11.364Z]                                configure (Debug)
[2023-11-09T20:00:11.364Z] ================================================================================
[2023-11-09T20:00:11.364Z] Maya Python Debug Info:
[2023-11-09T20:00:11.364Z]   mayapy executable   = /local/S/jenkins/workspace/shared/Artifactory/OSX/rundev-master-debug/202310260154/runtime/3fe4f1c/runTime/Maya.app/Contents/bin/mayapy
[2023-11-09T20:00:11.364Z]   Include Folder      = /local/S/jenkins/workspace/shared/Artifactory/OSX/rundev-master-debug/202310260154/runtime/3fe4f1c/runTime/Maya.app/Contents/Frameworks/Python.framework/Versions/Current/include/python3.10
[2023-11-09T20:00:11.364Z]   Library             = /local/S/jenkins/workspace/shared/Artifactory/OSX/rundev-master-debug/202310260154/runtime/3fe4f1c/runTime/Maya.app/Contents/Frameworks/Python.framework/Versions/Current/lib/libpython3.10.dylib
[2023-11-09T20:00:11.364Z]   site-package Folder = /local/S/jenkins/workspace/shared/Artifactory/OSX/rundev-master-debug/202310260154/runtime/3fe4f1c/runTime/Maya.app/Contents/Frameworks/Python.framework/Versions/Current/lib/python3.10/site-packages
[2023-11-09T20:00:11.364Z] In workdir: /Volumes/DATA/local/S/jenkins/workspace/ECP/ecg-maya-hydra/ecg-maya-hydra-branch-preflight-python3-osx/ecg-maya-hydra/maya-hydra
[2023-11-09T20:00:11.364Z] Executing: arch -arch arm64 /local/S/jenkins/workspace/shared/Artifactory/OSX/rundev-master-debug/202310260154/runtime/3fe4f1c/runTime/Maya.app/Contents/bin/mayapy /Volumes/DATA/local/S/jenkins/workspace/ECP/ecg-maya-hydra/ecg-maya-hydra-branch-preflight-python3-osx/ecg-maya-hydra/maya-hydra/build.py --generator Ninja --build-debug --maya-location /local/S/jenkins/workspace/shared/Artifactory/OSX/rundev-master-debug/202310260154/runtime/3fe4f1c/runTime --devkit-location /local/S/jenkins/workspace/shared/Artifactory/OSX/rundev-master-debug/202310260154/runtime/3fe4f1c/devkitBase --pxrusd-location /local/S/jenkins/workspace/shared/Artifactory/OSX/USD/a9d0dd1 --build-args=-DCMAKE_MAKE_PROGRAM=/local/S/jenkins/workspace/shared/Artifactory/OSX/ninja/1.10.2/95d0ca5/ninja,-DPYTHON_INCLUDE_DIR=/local/S/jenkins/workspace/shared/Artifactory/OSX/rundev-master-debug/202310260154/runtime/3fe4f1c/runTime/Maya.app/Contents/Frameworks/Python.framework/Versions/Current/include/python3.10,-DPython_EXECUTABLE=/local/S/jenkins/workspace/shared/Artifactory/OSX/rundev-master-debug/202310260154/runtime/3fe4f1c/runTime/Maya.app/Contents/bin/mayapy,-DPYTHON_LIBRARIES=/local/S/jenkins/workspace/shared/Artifactory/OSX/rundev-master-debug/202310260154/runtime/3fe4f1c/runTime/Maya.app/Contents/Frameworks/Python.framework/Versions/Current/lib/libpython3.10.dylib,-DBUILD_WITH_PYTHON_3=ON,-DBUILD_WITH_PYTHON_3_VERSION=3.10,-DBUILD_UB2=ON,-DCMAKE_WANT_MATERIALX_BUILD=ON,-DCMAKE_PREFIX_PATH=/local/S/jenkins/workspace/shared/Artifactory/OSX/USD/a9d0dd1 '--ctest-args=--parallel 8' --stages=configure --redirect-outstream-file=False --install-location /local/S/jenkins/workspace/ECP/ecg-maya-hydra/ecg-maya-hydra-branch-preflight-python3-osx/install/Debug/MayaHydra /local/S/jenkins/workspace/ECP/ecg-maya-hydra/ecg-maya-hydra-branch-preflight-python3-osx
[2023-11-09T20:00:11.364Z] Modified environment variables:
[2023-11-09T20:00:11.364Z]     PATH=/local/S/jenkins/workspace/shared/Artifactory/OSX/cmake/3.20.3/2594509/bin:/opt/homebrew/bin:/usr/local/bin:/bin:/usr/sbin:/sbin:/usr/bin:/usr/bin:/bin:/usr/sbin:/sbin
[2023-11-09T20:00:22.651Z]     -- The C compiler identification is AppleClang 13.1.6.13160021
[2023-11-09T20:00:22.651Z]     -- The CXX compiler identification is AppleClang 13.1.6.13160021
[2023-11-09T20:00:22.651Z]     -- Detecting C compiler ABI info
[2023-11-09T20:00:22.652Z]     -- Detecting C compiler ABI info - done
[2023-11-09T20:00:22.652Z]     -- Check for working C compiler: /Applications/Xcode.app/Contents/Developer/Toolchains/XcodeDefault.xctoolchain/usr/bin/cc - skipped
[2023-11-09T20:00:22.652Z]     -- Detecting C compile features
[2023-11-09T20:00:22.652Z]     -- Detecting C compile features - done
[2023-11-09T20:00:22.652Z]     -- Detecting CXX compiler ABI info
[2023-11-09T20:00:22.652Z]     -- Detecting CXX compiler ABI info - done
[2023-11-09T20:00:22.652Z]     -- Check for working CXX compiler: /Applications/Xcode.app/Contents/Developer/Toolchains/XcodeDefault.xctoolchain/usr/bin/c++ - skipped
[2023-11-09T20:00:22.652Z]     -- Detecting CXX compile features
[2023-11-09T20:00:22.652Z]     -- Detecting CXX compile features - done
[2023-11-09T20:00:22.652Z]     -- Building with Universal Binary 2
[2023-11-09T20:00:23.782Z]     -- Using Maya Light API Version 3
[2023-11-09T20:00:23.782Z]     -- Maya has setDefaultMaterialHandling API
[2023-11-09T20:00:23.782Z]     -- Maya has new point snapping API
[2023-11-09T20:00:23.782Z]     -- Maya has isInCrashHandler API
[2023-11-09T20:00:23.782Z]     -- Maya has getDisplayStyleOfAllViewports API
[2023-11-09T20:00:23.782Z]     -- Maya array iterator has difference_type trait
[2023-11-09T20:00:23.782Z]     -- MFnSet has getMemberPaths function
[2023-11-09T20:00:23.782Z]     -- MFnDisplayLayer exists
[2023-11-09T20:00:23.782Z]     -- MDisplayLayerMessage has MDisplayLayerMemberChangedFunction
[2023-11-09T20:00:23.782Z]     -- MRenderItem has HideOnPlayback API
[2023-11-09T20:00:23.782Z]     -- MacOSX: Maya was built with Universal Binary 2 (x86_64/arm64)
[2023-11-09T20:00:23.782Z]     -- Found Maya: /local/S/jenkins/workspace/shared/Artifactory/OSX/rundev-master-debug/202310260154/runtime/3fe4f1c/runTime/maya.app/Contents/MacOS/Maya (found suitable version "2025", minimum required is "2024")
[2023-11-09T20:00:23.782Z]     -- Found Python: /local/S/jenkins/workspace/shared/Artifactory/OSX/rundev-master-debug/202310260154/runtime/3fe4f1c/runTime/Maya.app/Contents/bin/mayapy (found suitable exact version "3.10.8") found components: Interpreter
[2023-11-09T20:00:23.782Z]     -- Build mayaHydra with Python3 = ON
[2023-11-09T20:00:23.782Z]     --    PYTHON_INCLUDE_DIRS = /local/S/jenkins/workspace/shared/Artifactory/OSX/rundev-master-debug/202310260154/runtime/3fe4f1c/runTime/Maya.app/Contents/Frameworks/Python.framework/Versions/Current/include/python3.10
[2023-11-09T20:00:23.782Z]     --    PYTHON_LIBRARIES    = /local/S/jenkins/workspace/shared/Artifactory/OSX/rundev-master-debug/202310260154/runtime/3fe4f1c/runTime/Maya.app/Contents/Frameworks/Python.framework/Versions/Current/lib/libpython3.10.dylib
[2023-11-09T20:00:23.782Z]     --    Python_EXECUTABLE   = /local/S/jenkins/workspace/shared/Artifactory/OSX/rundev-master-debug/202310260154/runtime/3fe4f1c/runTime/Maya.app/Contents/bin/mayapy
[2023-11-09T20:00:23.782Z]     -- Found Python3: /local/S/jenkins/workspace/shared/Artifactory/OSX/rundev-master-debug/202310260154/runtime/3fe4f1c/runTime/Maya.app/Contents/Frameworks/Python.framework/Versions/Current/include/python3.10 (found suitable exact version "3.10.8") found components: Development Development.Module Development.Embed
[2023-11-09T20:00:23.782Z]     -- USD has new Sdr.PropertyTypes.Color4
[2023-11-09T20:00:24.322Z]     -- USD has MaterialX metadata support
[2023-11-09T20:00:24.322Z]     -- USD include dir: /local/S/jenkins/workspace/shared/Artifactory/OSX/USD/a9d0dd1/include
[2023-11-09T20:00:24.322Z]     -- USD library dir: /local/S/jenkins/workspace/shared/Artifactory/OSX/USD/a9d0dd1/lib
[2023-11-09T20:00:24.322Z]     -- USD version: 0.23.8
[2023-11-09T20:00:24.323Z]     -- Found USD: /local/S/jenkins/workspace/shared/Artifactory/OSX/USD/a9d0dd1 (found suitable version "0.23.8", minimum required is "0.22.11")
[2023-11-09T20:00:24.323Z]     Updated PYTHONPATH: /local/S/jenkins/workspace/shared/Artifactory/OSX/USD/a9d0dd1/lib/python
[2023-11-09T20:00:24.323Z]     -- Found UFE: /local/S/jenkins/workspace/shared/Artifactory/OSX/rundev-master-debug/202310260154/runtime/3fe4f1c/devkitBase/devkit/ufe/include (found version "0.5.11")
[2023-11-09T20:00:24.323Z]     -- UFE include dir: /local/S/jenkins/workspace/shared/Artifactory/OSX/rundev-master-debug/202310260154/runtime/3fe4f1c/devkitBase/devkit/ufe/include
[2023-11-09T20:00:24.323Z]     -- UFE library: /local/S/jenkins/workspace/shared/Artifactory/OSX/rundev-master-debug/202310260154/runtime/3fe4f1c/devkitBase/devkit/ufe/lib/libufe_0.dylib
[2023-11-09T20:00:24.323Z]     -- UFE version: 0.5.11
[2023-11-09T20:00:24.323Z]     -- Maya has UFE lights API
[2023-11-09T20:00:24.323Z]     -- Maya has UFE scene segment API
[2023-11-09T20:00:24.323Z]     -- Maya has UFE TrieNode childrenComponents accessor
[2023-11-09T20:00:24.323Z]     -- Building with UFE 0.5.11.
[2023-11-09T20:00:24.323Z]     -- Found MaterialX
[2023-11-09T20:00:24.323Z]     -- Performing Test HAVE_STDATOMIC
[2023-11-09T20:00:24.865Z]     -- Performing Test HAVE_STDATOMIC - Success
[2023-11-09T20:00:24.865Z]     -- Found OpenGL: /Applications/Xcode.app/Contents/Developer/Platforms/MacOSX.platform/Developer/SDKs/MacOSX12.3.sdk/System/Library/Frameworks/OpenGL.framework
[2023-11-09T20:00:24.865Z]     -- Check if linker can resolve circular dependencies - TRUE
[2023-11-09T20:00:24.865Z]     -- Found Qt 6.5.2 in Maya devkit. Hydra Scene Browser will be built.
[2023-11-09T20:00:24.865Z]     -- **** Building Gulrak From Github Repository.
[2023-11-09T20:00:24.865Z]     -- Populating gulrak
[2023-11-09T20:00:24.865Z]     -- Configuring done
[2023-11-09T20:00:24.865Z]     -- Generating done
[2023-11-09T20:00:24.865Z]     -- Build files have been written to: /Volumes/DATA/local/S/jenkins/workspace/ECP/ecg-maya-hydra/ecg-maya-hydra-branch-preflight-python3-osx/build/Debug/_deps/gulrak-subbuild
[2023-11-09T20:00:24.865Z]     [1/9] Creating directories for 'gulrak-populate'
[2023-11-09T20:00:24.865Z]     [1/9] Performing download step (git clone) for 'gulrak-populate'
[2023-11-09T20:00:24.865Z]     Cloning into 'gulrak-src'...
[2023-11-09T20:00:25.407Z]     HEAD is now at 4e21ab3 Version bump and updated readme.
[2023-11-09T20:00:25.407Z]     [2/9] Performing update step for 'gulrak-populate'
[2023-11-09T20:00:25.407Z]     [4/9] No patch step for 'gulrak-populate'
[2023-11-09T20:00:25.407Z]     [5/9] No configure step for 'gulrak-populate'
[2023-11-09T20:00:25.407Z]     [6/9] No build step for 'gulrak-populate'
[2023-11-09T20:00:25.407Z]     [7/9] No install step for 'gulrak-populate'
[2023-11-09T20:00:25.407Z]     [8/9] No test step for 'gulrak-populate'
[2023-11-09T20:00:25.407Z]     [9/9] Completed 'gulrak-populate'
[2023-11-09T20:00:25.407Z]     -- ========== Installing GoogleTest... ==========
[2023-11-09T20:00:25.407Z]     -- Configuring done
[2023-11-09T20:00:25.407Z]     -- Generating done
[2023-11-09T20:00:25.407Z]     -- Build files have been written to: /Volumes/DATA/local/S/jenkins/workspace/ECP/ecg-maya-hydra/ecg-maya-hydra-branch-preflight-python3-osx/build/Debug/googletest-config
[2023-11-09T20:00:25.407Z]     [1/8] Creating directories for 'googletest'
[2023-11-09T20:00:27.193Z]     [2/8] Performing download step (git clone) for 'googletest'
[2023-11-09T20:00:27.193Z]     Cloning into 'googletest-src'...
[2023-11-09T20:00:27.193Z]     HEAD is now at 703bd9ca Googletest export
[2023-11-09T20:00:27.193Z]     [3/8] Performing update step for 'googletest'
[2023-11-09T20:00:27.193Z]     [4/8] No patch step for 'googletest'
[2023-11-09T20:00:27.734Z]     [5/8] Performing configure step for 'googletest'
[2023-11-09T20:00:27.734Z]     Not searching for unused variables given on the command line.
[2023-11-09T20:00:27.734Z]     CMake Deprecation Warning at CMakeLists.txt:4 (cmake_minimum_required):
[2023-11-09T20:00:27.734Z]       Compatibility with CMake < 2.8.12 will be removed from a future version of
[2023-11-09T20:00:27.734Z]       CMake.
[2023-11-09T20:00:27.734Z]     
[2023-11-09T20:00:27.734Z]       Update the VERSION argument <min> value or use a ...<max> suffix to tell
[2023-11-09T20:00:27.734Z]       CMake that the project does not need compatibility with older versions.
[2023-11-09T20:00:27.734Z]     
[2023-11-09T20:00:27.734Z]     
[2023-11-09T20:00:27.734Z]     -- The C compiler identification is AppleClang 13.1.6.13160021
[2023-11-09T20:00:27.734Z]     -- The CXX compiler identification is AppleClang 13.1.6.13160021
[2023-11-09T20:00:27.734Z]     -- Detecting C compiler ABI info
[2023-11-09T20:00:27.734Z]     -- Detecting C compiler ABI info - done
[2023-11-09T20:00:27.734Z]     -- Check for working C compiler: /Applications/Xcode.app/Contents/Developer/Toolchains/XcodeDefault.xctoolchain/usr/bin/cc - skipped
[2023-11-09T20:00:27.734Z]     -- Detecting C compile features
[2023-11-09T20:00:27.734Z]     -- Detecting C compile features - done
[2023-11-09T20:00:27.734Z]     -- Detecting CXX compiler ABI info
[2023-11-09T20:00:27.734Z]     -- Detecting CXX compiler ABI info - done
[2023-11-09T20:00:27.734Z]     -- Check for working CXX compiler: /Applications/Xcode.app/Contents/Developer/Toolchains/XcodeDefault.xctoolchain/usr/bin/c++ - skipped
[2023-11-09T20:00:27.734Z]     -- Detecting CXX compile features
[2023-11-09T20:00:27.734Z]     -- Detecting CXX compile features - done
[2023-11-09T20:00:27.734Z]     CMake Deprecation Warning at googletest/CMakeLists.txt:56 (cmake_minimum_required):
[2023-11-09T20:00:27.734Z]       Compatibility with CMake < 2.8.12 will be removed from a future version of
[2023-11-09T20:00:27.734Z]       CMake.
[2023-11-09T20:00:27.734Z]     
[2023-11-09T20:00:27.734Z]       Update the VERSION argument <min> value or use a ...<max> suffix to tell
[2023-11-09T20:00:27.734Z]       CMake that the project does not need compatibility with older versions.
[2023-11-09T20:00:27.734Z]     
[2023-11-09T20:00:27.734Z]     
[2023-11-09T20:00:27.734Z]     -- Found PythonInterp: /usr/local/bin/python (found version "3.10.6")
[2023-11-09T20:00:27.734Z]     -- Looking for pthread.h
[2023-11-09T20:00:27.734Z]     -- Looking for pthread.h - found
[2023-11-09T20:00:27.734Z]     -- Performing Test CMAKE_HAVE_LIBC_PTHREAD
[2023-11-09T20:00:27.734Z]     -- Performing Test CMAKE_HAVE_LIBC_PTHREAD - Success
[2023-11-09T20:00:27.734Z]     -- Found Threads: TRUE
[2023-11-09T20:00:27.734Z]     -- Configuring done
[2023-11-09T20:00:27.734Z]     -- Generating done
[2023-11-09T20:00:27.734Z]     -- Build files have been written to: /Volumes/DATA/local/S/jenkins/workspace/ECP/ecg-maya-hydra/ecg-maya-hydra-branch-preflight-python3-osx/build/Debug/googletest-build
[2023-11-09T20:00:30.651Z]     [6/8] Performing build step for 'googletest'
[2023-11-09T20:00:30.651Z]     [1/4] Building CXX object googletest/CMakeFiles/gtest_main.dir/src/gtest_main.cc.o
[2023-11-09T20:00:30.651Z]     [2/4] Building CXX object googletest/CMakeFiles/gtest.dir/src/gtest-all.cc.o
[2023-11-09T20:00:30.651Z]     [3/4] Linking CXX shared library lib/libgtestd.dylib
[2023-11-09T20:00:30.651Z]     [4/4] Linking CXX shared library lib/libgtest_maind.dylib
[2023-11-09T20:00:30.651Z]     [7/8] Performing install step for 'googletest'
[2023-11-09T20:00:30.651Z]     [0/1] Install the project...
[2023-11-09T20:00:30.651Z]     -- Install configuration: "Debug"
[2023-11-09T20:00:30.651Z]     [8/8] Completed 'googletest'
[2023-11-09T20:00:30.651Z]     -- ========== ...  GoogleTest installed. ==========
[2023-11-09T20:00:30.651Z]     -- Found GTest: /Volumes/DATA/local/S/jenkins/workspace/ECP/ecg-maya-hydra/ecg-maya-hydra-branch-preflight-python3-osx/build/Debug/googletest-install/lib/libgtestd.dylib
[2023-11-09T20:00:30.651Z]     -- promoting: /Volumes/DATA/local/S/jenkins/workspace/ECP/ecg-maya-hydra/ecg-maya-hydra-branch-preflight-python3-osx/ecg-maya-hydra/maya-hydra/lib/mayaHydra/mayaPlugin/pluginUtils.h
[2023-11-09T20:00:30.651Z]     -- promoting: /Volumes/DATA/local/S/jenkins/workspace/ECP/ecg-maya-hydra/ecg-maya-hydra-branch-preflight-python3-osx/ecg-maya-hydra/maya-hydra/lib/mayaHydra/hydraExtensions/api.h
[2023-11-09T20:00:30.651Z]     -- promoting: /Volumes/DATA/local/S/jenkins/workspace/ECP/ecg-maya-hydra/ecg-maya-hydra-branch-preflight-python3-osx/ecg-maya-hydra/maya-hydra/lib/mayaHydra/hydraExtensions/debugCodes.h
[2023-11-09T20:00:30.651Z]     -- promoting: /Volumes/DATA/local/S/jenkins/workspace/ECP/ecg-maya-hydra/ecg-maya-hydra-branch-preflight-python3-osx/ecg-maya-hydra/maya-hydra/lib/mayaHydra/hydraExtensions/hydraUtils.h
[2023-11-09T20:00:30.651Z]     -- promoting: /Volumes/DATA/local/S/jenkins/workspace/ECP/ecg-maya-hydra/ecg-maya-hydra-branch-preflight-python3-osx/ecg-maya-hydra/maya-hydra/lib/mayaHydra/hydraExtensions/interface.h
[2023-11-09T20:00:30.651Z]     -- promoting: /Volumes/DATA/local/S/jenkins/workspace/ECP/ecg-maya-hydra/ecg-maya-hydra-branch-preflight-python3-osx/ecg-maya-hydra/maya-hydra/lib/mayaHydra/hydraExtensions/interfaceImp.h
[2023-11-09T20:00:30.651Z]     -- promoting: /Volumes/DATA/local/S/jenkins/workspace/ECP/ecg-maya-hydra/ecg-maya-hydra-branch-preflight-python3-osx/ecg-maya-hydra/maya-hydra/lib/mayaHydra/hydraExtensions/mayaUtils.h
[2023-11-09T20:00:30.651Z]     -- promoting: /Volumes/DATA/local/S/jenkins/workspace/ECP/ecg-maya-hydra/ecg-maya-hydra-branch-preflight-python3-osx/ecg-maya-hydra/maya-hydra/lib/mayaHydra/hydraExtensions/mixedUtils.h
[2023-11-09T20:00:30.651Z]     -- promoting: /Volumes/DATA/local/S/jenkins/workspace/ECP/ecg-maya-hydra/ecg-maya-hydra-branch-preflight-python3-osx/ecg-maya-hydra/maya-hydra/lib/mayaHydra/hydraExtensions/mayaHydraSceneProducer.h
[2023-11-09T20:00:30.651Z]     -- promoting: /Volumes/DATA/local/S/jenkins/workspace/ECP/ecg-maya-hydra/ecg-maya-hydra-branch-preflight-python3-osx/ecg-maya-hydra/maya-hydra/lib/mayaHydra/hydraExtensions/adapters/adapter.h
[2023-11-09T20:00:30.651Z]     -- promoting: /Volumes/DATA/local/S/jenkins/workspace/ECP/ecg-maya-hydra/ecg-maya-hydra-branch-preflight-python3-osx/ecg-maya-hydra/maya-hydra/lib/mayaHydra/hydraExtensions/adapters/adapterDebugCodes.h
[2023-11-09T20:00:30.651Z]     -- promoting: /Volumes/DATA/local/S/jenkins/workspace/ECP/ecg-maya-hydra/ecg-maya-hydra-branch-preflight-python3-osx/ecg-maya-hydra/maya-hydra/lib/mayaHydra/hydraExtensions/adapters/adapterRegistry.h
[2023-11-09T20:00:30.651Z]     -- promoting: /Volumes/DATA/local/S/jenkins/workspace/ECP/ecg-maya-hydra/ecg-maya-hydra-branch-preflight-python3-osx/ecg-maya-hydra/maya-hydra/lib/mayaHydra/hydraExtensions/adapters/cameraAdapter.h
[2023-11-09T20:00:30.651Z]     -- promoting: /Volumes/DATA/local/S/jenkins/workspace/ECP/ecg-maya-hydra/ecg-maya-hydra-branch-preflight-python3-osx/ecg-maya-hydra/maya-hydra/lib/mayaHydra/hydraExtensions/adapters/constantShadowMatrix.h
[2023-11-09T20:00:30.651Z]     -- promoting: /Volumes/DATA/local/S/jenkins/workspace/ECP/ecg-maya-hydra/ecg-maya-hydra-branch-preflight-python3-osx/ecg-maya-hydra/maya-hydra/lib/mayaHydra/hydraExtensions/adapters/dagAdapter.h
[2023-11-09T20:00:30.651Z]     -- promoting: /Volumes/DATA/local/S/jenkins/workspace/ECP/ecg-maya-hydra/ecg-maya-hydra-branch-preflight-python3-osx/ecg-maya-hydra/maya-hydra/lib/mayaHydra/hydraExtensions/adapters/renderItemAdapter.h
[2023-11-09T20:00:30.651Z]     -- promoting: /Volumes/DATA/local/S/jenkins/workspace/ECP/ecg-maya-hydra/ecg-maya-hydra-branch-preflight-python3-osx/ecg-maya-hydra/maya-hydra/lib/mayaHydra/hydraExtensions/adapters/lightAdapter.h
[2023-11-09T20:00:30.651Z]     -- promoting: /Volumes/DATA/local/S/jenkins/workspace/ECP/ecg-maya-hydra/ecg-maya-hydra-branch-preflight-python3-osx/ecg-maya-hydra/maya-hydra/lib/mayaHydra/hydraExtensions/adapters/materialAdapter.h
[2023-11-09T20:00:30.651Z]     -- promoting: /Volumes/DATA/local/S/jenkins/workspace/ECP/ecg-maya-hydra/ecg-maya-hydra-branch-preflight-python3-osx/ecg-maya-hydra/maya-hydra/lib/mayaHydra/hydraExtensions/adapters/materialNetworkConverter.h
[2023-11-09T20:00:30.651Z]     -- promoting: /Volumes/DATA/local/S/jenkins/workspace/ECP/ecg-maya-hydra/ecg-maya-hydra-branch-preflight-python3-osx/ecg-maya-hydra/maya-hydra/lib/mayaHydra/hydraExtensions/adapters/mayaAttrs.h
[2023-11-09T20:00:30.651Z]     -- promoting: /Volumes/DATA/local/S/jenkins/workspace/ECP/ecg-maya-hydra/ecg-maya-hydra-branch-preflight-python3-osx/ecg-maya-hydra/maya-hydra/lib/mayaHydra/hydraExtensions/adapters/shapeAdapter.h
[2023-11-09T20:00:30.651Z]     -- promoting: /Volumes/DATA/local/S/jenkins/workspace/ECP/ecg-maya-hydra/ecg-maya-hydra-branch-preflight-python3-osx/ecg-maya-hydra/maya-hydra/lib/mayaHydra/hydraExtensions/adapters/tokens.h
[2023-11-09T20:00:30.651Z]     -- promoting: /Volumes/DATA/local/S/jenkins/workspace/ECP/ecg-maya-hydra/ecg-maya-hydra-branch-preflight-python3-osx/ecg-maya-hydra/maya-hydra/lib/mayaHydra/hydraExtensions/delegates/delegate.h
[2023-11-09T20:00:30.651Z]     -- promoting: /Volumes/DATA/local/S/jenkins/workspace/ECP/ecg-maya-hydra/ecg-maya-hydra-branch-preflight-python3-osx/ecg-maya-hydra/maya-hydra/lib/mayaHydra/hydraExtensions/delegates/delegateCtx.h
[2023-11-09T20:00:30.651Z]     -- promoting: /Volumes/DATA/local/S/jenkins/workspace/ECP/ecg-maya-hydra/ecg-maya-hydra-branch-preflight-python3-osx/ecg-maya-hydra/maya-hydra/lib/mayaHydra/hydraExtensions/delegates/delegateDebugCodes.h
[2023-11-09T20:00:30.651Z]     -- promoting: /Volumes/DATA/local/S/jenkins/workspace/ECP/ecg-maya-hydra/ecg-maya-hydra-branch-preflight-python3-osx/ecg-maya-hydra/maya-hydra/lib/mayaHydra/hydraExtensions/delegates/delegateRegistry.h
[2023-11-09T20:00:30.651Z]     -- promoting: /Volumes/DATA/local/S/jenkins/workspace/ECP/ecg-maya-hydra/ecg-maya-hydra-branch-preflight-python3-osx/ecg-maya-hydra/maya-hydra/lib/mayaHydra/hydraExtensions/delegates/params.h
[2023-11-09T20:00:30.651Z]     -- promoting: /Volumes/DATA/local/S/jenkins/workspace/ECP/ecg-maya-hydra/ecg-maya-hydra-branch-preflight-python3-osx/ecg-maya-hydra/maya-hydra/lib/mayaHydra/hydraExtensions/delegates/sceneDelegate.h
[2023-11-09T20:00:30.651Z]     -- promoting: /Volumes/DATA/local/S/jenkins/workspace/ECP/ecg-maya-hydra/ecg-maya-hydra-branch-preflight-python3-osx/ecg-maya-hydra/maya-hydra/lib/mayaHydra/hydraExtensions/delegates/defaultLightDelegate.h
[2023-11-09T20:00:30.651Z]     -- promoting: /Volumes/DATA/local/S/jenkins/workspace/ECP/ecg-maya-hydra/ecg-maya-hydra-branch-preflight-python3-osx/ecg-maya-hydra/maya-hydra/lib/mayaHydra/hydraExtensions/delegates/testDelegate.h
[2023-11-09T20:00:30.651Z]     -- promoting: /Volumes/DATA/local/S/jenkins/workspace/ECP/ecg-maya-hydra/ecg-maya-hydra-branch-preflight-python3-osx/ecg-maya-hydra/maya-hydra/lib/mayaHydra/hydraExtensions/sceneIndex/registration.h
[2023-11-09T20:00:30.651Z]     -- promoting: /Volumes/DATA/local/S/jenkins/workspace/ECP/ecg-maya-hydra/ecg-maya-hydra-branch-preflight-python3-osx/ecg-maya-hydra/maya-hydra/lib/mayaHydra/hydraExtensions/sceneIndex/mayaHydraSceneIndex.h
[2023-11-09T20:00:30.651Z]     -- promoting: /Volumes/DATA/local/S/jenkins/workspace/ECP/ecg-maya-hydra/ecg-maya-hydra-branch-preflight-python3-osx/ecg-maya-hydra/maya-hydra/lib/mayaHydra/hydraExtensions/sceneIndex/mayaHydraDataSource.h
[2023-11-09T20:00:30.651Z]     -- promoting: /Volumes/DATA/local/S/jenkins/workspace/ECP/ecg-maya-hydra/ecg-maya-hydra-branch-preflight-python3-osx/ecg-maya-hydra/maya-hydra/lib/mayaHydra/hydraExtensions/sceneIndex/mayaHydraPrimvarDataSource.h
[2023-11-09T20:00:30.651Z]     -- promoting: /Volumes/DATA/local/S/jenkins/workspace/ECP/ecg-maya-hydra/ecg-maya-hydra-branch-preflight-python3-osx/ecg-maya-hydra/maya-hydra/lib/mayaHydra/hydraExtensions/sceneIndex/mayaHydraDisplayStyleDataSource.h
[2023-11-09T20:00:30.651Z]     -- promoting: /Volumes/DATA/local/S/jenkins/workspace/ECP/ecg-maya-hydra/ecg-maya-hydra-branch-preflight-python3-osx/ecg-maya-hydra/maya-hydra/lib/mayaHydra/hydraExtensions/sceneIndex/mayaHydraCameraDataSource.h
[2023-11-09T20:00:30.651Z]     -- promoting: /Volumes/DATA/local/S/jenkins/workspace/ECP/ecg-maya-hydra/ecg-maya-hydra-branch-preflight-python3-osx/ecg-maya-hydra/maya-hydra/lib/mayaHydra/hydraExtensions/sceneIndex/mayaHydraLightDataSource.h
[2023-11-09T20:00:30.651Z]     -- promoting: /Volumes/DATA/local/S/jenkins/workspace/ECP/ecg-maya-hydra/ecg-maya-hydra-branch-preflight-python3-osx/ecg-maya-hydra/maya-hydra/lib/mayaHydra/hydraExtensions/sceneIndex/mayaHydraDefaultLightDataSource.h
[2023-11-09T20:00:30.652Z]     -- promoting: /Volumes/DATA/local/S/jenkins/workspace/ECP/ecg-maya-hydra/ecg-maya-hydra-branch-preflight-python3-osx/ecg-maya-hydra/maya-hydra/lib/mayaHydra/ufeExtensions/api.h
[2023-11-09T20:00:30.652Z]     -- promoting: /Volumes/DATA/local/S/jenkins/workspace/ECP/ecg-maya-hydra/ecg-maya-hydra-branch-preflight-python3-osx/ecg-maya-hydra/maya-hydra/lib/mayaHydra/ufeExtensions/Global.h
[2023-11-09T20:00:30.652Z]     -- promoting: /Volumes/DATA/local/S/jenkins/workspace/ECP/ecg-maya-hydra/ecg-maya-hydra-branch-preflight-python3-osx/ecg-maya-hydra/maya-hydra/lib/flowViewport/api.h
[2023-11-09T20:00:30.652Z]     -- promoting: /Volumes/DATA/local/S/jenkins/workspace/ECP/ecg-maya-hydra/ecg-maya-hydra-branch-preflight-python3-osx/ecg-maya-hydra/maya-hydra/lib/flowViewport/debugCodes.h
[2023-11-09T20:00:30.652Z]     -- promoting: /Volumes/DATA/local/S/jenkins/workspace/ECP/ecg-maya-hydra/ecg-maya-hydra-branch-preflight-python3-osx/ecg-maya-hydra/maya-hydra/lib/flowViewport/global.h
[2023-11-09T20:00:30.652Z]     -- promoting: /Volumes/DATA/local/S/jenkins/workspace/ECP/ecg-maya-hydra/ecg-maya-hydra-branch-preflight-python3-osx/ecg-maya-hydra/maya-hydra/lib/flowViewport/tokens.h
[2023-11-09T20:00:30.652Z]     -- promoting: /Volumes/DATA/local/S/jenkins/workspace/ECP/ecg-maya-hydra/ecg-maya-hydra-branch-preflight-python3-osx/ecg-maya-hydra/maya-hydra/lib/flowViewport/colorPreferences/fvpColorChanged.h
[2023-11-09T20:00:30.652Z]     -- promoting: /Volumes/DATA/local/S/jenkins/workspace/ECP/ecg-maya-hydra/ecg-maya-hydra-branch-preflight-python3-osx/ecg-maya-hydra/maya-hydra/lib/flowViewport/colorPreferences/fvpColorPreferences.h
[2023-11-09T20:00:30.652Z]     -- promoting: /Volumes/DATA/local/S/jenkins/workspace/ECP/ecg-maya-hydra/ecg-maya-hydra-branch-preflight-python3-osx/ecg-maya-hydra/maya-hydra/lib/flowViewport/colorPreferences/fvpColorPreferencesTokens.h
[2023-11-09T20:00:30.652Z]     -- promoting: /Volumes/DATA/local/S/jenkins/workspace/ECP/ecg-maya-hydra/ecg-maya-hydra-branch-preflight-python3-osx/ecg-maya-hydra/maya-hydra/lib/flowViewport/colorPreferences/fvpColorPreferencesTranslator.h
[2023-11-09T20:00:30.652Z]     -- promoting: /Volumes/DATA/local/S/jenkins/workspace/ECP/ecg-maya-hydra/ecg-maya-hydra-branch-preflight-python3-osx/ecg-maya-hydra/maya-hydra/lib/flowViewport/sceneIndex/fvpMergingSceneIndex.h
[2023-11-09T20:00:30.652Z]     -- promoting: /Volumes/DATA/local/S/jenkins/workspace/ECP/ecg-maya-hydra/ecg-maya-hydra-branch-preflight-python3-osx/ecg-maya-hydra/maya-hydra/lib/flowViewport/sceneIndex/fvpPassThroughSelectionInterfaceSceneIndex.h
[2023-11-09T20:00:30.652Z]     -- promoting: /Volumes/DATA/local/S/jenkins/workspace/ECP/ecg-maya-hydra/ecg-maya-hydra-branch-preflight-python3-osx/ecg-maya-hydra/maya-hydra/lib/flowViewport/sceneIndex/fvpPathInterface.h
[2023-11-09T20:00:30.652Z]     -- promoting: /Volumes/DATA/local/S/jenkins/workspace/ECP/ecg-maya-hydra/ecg-maya-hydra-branch-preflight-python3-osx/ecg-maya-hydra/maya-hydra/lib/flowViewport/sceneIndex/fvpPathInterfaceSceneIndex.h
[2023-11-09T20:00:30.652Z]     -- promoting: /Volumes/DATA/local/S/jenkins/workspace/ECP/ecg-maya-hydra/ecg-maya-hydra-branch-preflight-python3-osx/ecg-maya-hydra/maya-hydra/lib/flowViewport/sceneIndex/fvpRenderIndexProxy.h
[2023-11-09T20:00:30.652Z]     -- promoting: /Volumes/DATA/local/S/jenkins/workspace/ECP/ecg-maya-hydra/ecg-maya-hydra-branch-preflight-python3-osx/ecg-maya-hydra/maya-hydra/lib/flowViewport/sceneIndex/fvpSelectionInterface.h
[2023-11-09T20:00:30.652Z]     -- promoting: /Volumes/DATA/local/S/jenkins/workspace/ECP/ecg-maya-hydra/ecg-maya-hydra-branch-preflight-python3-osx/ecg-maya-hydra/maya-hydra/lib/flowViewport/sceneIndex/fvpSelectionSceneIndex.h
[2023-11-09T20:00:30.652Z]     -- promoting: /Volumes/DATA/local/S/jenkins/workspace/ECP/ecg-maya-hydra/ecg-maya-hydra-branch-preflight-python3-osx/ecg-maya-hydra/maya-hydra/lib/flowViewport/sceneIndex/fvpWireframeSelectionHighlightSceneIndex.h
[2023-11-09T20:00:30.652Z]     -- promoting: /Volumes/DATA/local/S/jenkins/workspace/ECP/ecg-maya-hydra/ecg-maya-hydra-branch-preflight-python3-osx/ecg-maya-hydra/maya-hydra/lib/flowViewport/API/fvpSelectionClient.h
[2023-11-09T20:00:30.652Z]     -- promoting: /Volumes/DATA/local/S/jenkins/workspace/ECP/ecg-maya-hydra/ecg-maya-hydra-branch-preflight-python3-osx/ecg-maya-hydra/maya-hydra/lib/flowViewport/API/fvpFlowSelectionInterface.h
[2023-11-09T20:00:30.652Z]     -- promoting: /Volumes/DATA/local/S/jenkins/workspace/ECP/ecg-maya-hydra/ecg-maya-hydra-branch-preflight-python3-osx/ecg-maya-hydra/maya-hydra/lib/flowViewport/API/fvpVersionInterface.h
[2023-11-09T20:00:30.652Z]     -- promoting: /Volumes/DATA/local/S/jenkins/workspace/ECP/ecg-maya-hydra/ecg-maya-hydra-branch-preflight-python3-osx/ecg-maya-hydra/maya-hydra/lib/flowViewport/API/interfacesImp/fvpSelectionInterfaceImp.h
[2023-11-09T20:00:30.652Z]     -- promoting: /Volumes/DATA/local/S/jenkins/workspace/ECP/ecg-maya-hydra/ecg-maya-hydra-branch-preflight-python3-osx/ecg-maya-hydra/maya-hydra/lib/flowViewport/API/interfacesImp/fvpVersionInterfaceImp.h
[2023-11-09T20:00:30.652Z]     -- promoting: /Volumes/DATA/local/S/jenkins/workspace/ECP/ecg-maya-hydra/ecg-maya-hydra-branch-preflight-python3-osx/ecg-maya-hydra/maya-hydra/lib/flowViewport/API/samples/fvpSelectionClientExample.h
[2023-11-09T20:00:30.652Z]     -- promoting: /Volumes/DATA/local/S/jenkins/workspace/ECP/ecg-maya-hydra/ecg-maya-hydra-branch-preflight-python3-osx/ecg-maya-hydra/maya-hydra/lib/flowViewport/selection/fvpSelectionTracker.h
[2023-11-09T20:00:30.652Z]     -- promoting: /Volumes/DATA/local/S/jenkins/workspace/ECP/ecg-maya-hydra/ecg-maya-hydra-branch-preflight-python3-osx/ecg-maya-hydra/maya-hydra/lib/flowViewport/selection/fvpSelectionTask.h
[2023-11-09T20:00:32.032Z]     -- Configuring done
[2023-11-09T20:00:32.032Z]     -- Generating done
[2023-11-09T20:00:32.032Z]     -- Build files have been written to: /Volumes/DATA/local/S/jenkins/workspace/ECP/ecg-maya-hydra/ecg-maya-hydra-branch-preflight-python3-osx/build/Debug
[2023-11-09T20:00:32.032Z]     
[2023-11-09T20:00:32.032Z]         Building with settings:
[2023-11-09T20:00:32.032Z]           Source directory          /Volumes/DATA/local/S/jenkins/workspace/ECP/ecg-maya-hydra/ecg-maya-hydra-branch-preflight-python3-osx/ecg-maya-hydra/maya-hydra
[2023-11-09T20:00:32.032Z]           Workspace directory       /local/S/jenkins/workspace/ECP/ecg-maya-hydra/ecg-maya-hydra-branch-preflight-python3-osx
[2023-11-09T20:00:32.032Z]           Build directory           /local/S/jenkins/workspace/ECP/ecg-maya-hydra/ecg-maya-hydra-branch-preflight-python3-osx/build/Debug
[2023-11-09T20:00:32.032Z]           Install directory         /local/S/jenkins/workspace/ECP/ecg-maya-hydra/ecg-maya-hydra-branch-preflight-python3-osx/install/Debug/MayaHydra
[2023-11-09T20:00:32.032Z]           Variant                   Debug
[2023-11-09T20:00:32.032Z]           Python Debug              Off
[2023-11-09T20:00:32.032Z]           CMake generator           Ninja
[2023-11-09T20:00:32.032Z]           Build arguments           ['-DCMAKE_MAKE_PROGRAM=/local/S/jenkins/workspace/shared/Artifactory/OSX/ninja/1.10.2/95d0ca5/ninja', '-DPYTHON_INCLUDE_DIR=/local/S/jenkins/workspace/shared/Artifactory/OSX/rundev-master-debug/202310260154/runtime/3fe4f1c/runTime/Maya.app/Contents/Frameworks/Python.framework/Versions/Current/include/python3.10', '-DPython_EXECUTABLE=/local/S/jenkins/workspace/shared/Artifactory/OSX/rundev-master-debug/202310260154/runtime/3fe4f1c/runTime/Maya.app/Contents/bin/mayapy', '-DPYTHON_LIBRARIES=/local/S/jenkins/workspace/shared/Artifactory/OSX/rundev-master-debug/202310260154/runtime/3fe4f1c/runTime/Maya.app/Contents/Frameworks/Python.framework/Versions/Current/lib/libpython3.10.dylib', '-DBUILD_WITH_PYTHON_3=ON', '-DBUILD_WITH_PYTHON_3_VERSION=3.10', '-DBUILD_UB2=ON', '-DCMAKE_WANT_MATERIALX_BUILD=ON', '-DCMAKE_PREFIX_PATH=/local/S/jenkins/workspace/shared/Artifactory/OSX/USD/a9d0dd1']
[2023-11-09T20:00:32.032Z]           Stages arguments          ['configure']
[2023-11-09T20:00:32.032Z]           CTest arguments           ['--parallel 8']
[2023-11-09T20:00:32.032Z]     STATUS: Could not find Maya Qt6.
[2023-11-09T20:00:32.032Z]     STATUS:   Extracting '/local/S/jenkins/workspace/shared/Artifactory/OSX/rundev-master-debug/202310260154/runtime/3fe4f1c/devkitBase/Qt.tgz' to '/local/S/jenkins/workspace/shared/Artifactory/OSX/rundev-master-debug/202310260154/runtime/3fe4f1c/devkitBase'
[2023-11-09T20:00:32.032Z]     Success MayaHydra build and install !!!!
[2023-11-09T20:00:32.032Z]     Elapsed time: 00:00:09
[Pipeline] sh
[2023-11-09T20:00:33.442Z] + python ecg-maya-hydra/build.py --stages=configure --workspace-dir=/local/S/jenkins/workspace/ECP/ecg-maya-hydra/ecg-maya-hydra-branch-preflight-python3-osx --artifactory-dir=/local/S/jenkins/workspace/shared/Artifactory --build-dir=/local/S/jenkins/workspace/ECP/ecg-maya-hydra/ecg-maya-hydra-branch-preflight-python3-osx/build --install-dir=/local/S/jenkins/workspace/ECP/ecg-maya-hydra/ecg-maya-hydra-branch-preflight-python3-osx/install --signing-dir=/local/S/jenkins/workspace/ECP/ecg-maya-hydra/ecg-maya-hydra-branch-preflight-python3-osx/signing --package-dir=/local/S/jenkins/workspace/ECP/ecg-maya-hydra/ecg-maya-hydra-branch-preflight-python3-osx/package --output-dir=/local/S/jenkins/workspace/ECP/ecg-maya-hydra/ecg-maya-hydra-branch-preflight-python3-osx/output --stash-dir=/local/S/jenkins/workspace/ECP/ecg-maya-hydra/ecg-maya-hydra-branch-preflight-python3-osx/stash --jenkins-build=377 --git-commit=e5498a2f05daf96993fc42e0de56ba872d810562 --git-branch=master --variants=RelWithDebInfo --interactive-tests=true --post-zips=false --osx-binary-architecture-target=ub2 --osx-deployment-target=11.0 --osx-base-sdk=CurrentActiveSDK --maya-cut-config=maya-rundev-master.yaml --maya-package=rundev-master --stage-banner
[2023-11-09T20:00:33.442Z] Using Maya cut from /local/S/jenkins/workspace/shared/Artifactory/OSX/rundev-master/202311060140/runtime/e9a5ae1
[2023-11-09T20:00:33.442Z] Using Maya ADSK Signatures from /local/S/jenkins/workspace/shared/Artifactory/OSX/adsk-plugin-signatures-maya/2023/3ae1ae7
[2023-11-09T20:00:33.442Z] Using Maya Security Library from /local/S/jenkins/workspace/shared/Artifactory/OSX/maya-security-library/3.4.0/5e08f3e
[2023-11-09T20:00:33.442Z] 
[2023-11-09T20:00:33.442Z] ================================================================================
[2023-11-09T20:00:33.442Z]                            configure (RelWithDebInfo)
[2023-11-09T20:00:33.442Z] ================================================================================
[2023-11-09T20:00:33.442Z] Maya Python RelWithDebInfo Info:
[2023-11-09T20:00:33.442Z]   mayapy executable   = /local/S/jenkins/workspace/shared/Artifactory/OSX/rundev-master/202311060140/runtime/e9a5ae1/runTime/Maya.app/Contents/bin/mayapy
[2023-11-09T20:00:33.442Z]   Include Folder      = /local/S/jenkins/workspace/shared/Artifactory/OSX/rundev-master/202311060140/runtime/e9a5ae1/runTime/Maya.app/Contents/Frameworks/Python.framework/Versions/Current/include/python3.10
[2023-11-09T20:00:33.442Z]   Library             = /local/S/jenkins/workspace/shared/Artifactory/OSX/rundev-master/202311060140/runtime/e9a5ae1/runTime/Maya.app/Contents/Frameworks/Python.framework/Versions/Current/lib/libpython3.10.dylib
[2023-11-09T20:00:33.442Z]   site-package Folder = /local/S/jenkins/workspace/shared/Artifactory/OSX/rundev-master/202311060140/runtime/e9a5ae1/runTime/Maya.app/Contents/Frameworks/Python.framework/Versions/Current/lib/python3.10/site-packages
[2023-11-09T20:00:33.442Z] In workdir: /Volumes/DATA/local/S/jenkins/workspace/ECP/ecg-maya-hydra/ecg-maya-hydra-branch-preflight-python3-osx/ecg-maya-hydra/maya-hydra
[2023-11-09T20:00:33.442Z] Executing: arch -arch arm64 /local/S/jenkins/workspace/shared/Artifactory/OSX/rundev-master/202311060140/runtime/e9a5ae1/runTime/Maya.app/Contents/bin/mayapy /Volumes/DATA/local/S/jenkins/workspace/ECP/ecg-maya-hydra/ecg-maya-hydra-branch-preflight-python3-osx/ecg-maya-hydra/maya-hydra/build.py --generator Ninja --build-relwithdebug --maya-location /local/S/jenkins/workspace/shared/Artifactory/OSX/rundev-master/202311060140/runtime/e9a5ae1/runTime --devkit-location /local/S/jenkins/workspace/shared/Artifactory/OSX/rundev-master/202311060140/runtime/e9a5ae1/devkitBase --pxrusd-location /local/S/jenkins/workspace/shared/Artifactory/OSX/USD/b595ab2 --build-args=-DCMAKE_MAKE_PROGRAM=/local/S/jenkins/workspace/shared/Artifactory/OSX/ninja/1.10.2/95d0ca5/ninja,-DPYTHON_INCLUDE_DIR=/local/S/jenkins/workspace/shared/Artifactory/OSX/rundev-master/202311060140/runtime/e9a5ae1/runTime/Maya.app/Contents/Frameworks/Python.framework/Versions/Current/include/python3.10,-DPython_EXECUTABLE=/local/S/jenkins/workspace/shared/Artifactory/OSX/rundev-master/202311060140/runtime/e9a5ae1/runTime/Maya.app/Contents/bin/mayapy,-DPYTHON_LIBRARIES=/local/S/jenkins/workspace/shared/Artifactory/OSX/rundev-master/202311060140/runtime/e9a5ae1/runTime/Maya.app/Contents/Frameworks/Python.framework/Versions/Current/lib/libpython3.10.dylib,-DBUILD_WITH_PYTHON_3=ON,-DBUILD_WITH_PYTHON_3_VERSION=3.10,-DBUILD_UB2=ON,-DCMAKE_WANT_MATERIALX_BUILD=ON,-DCMAKE_PREFIX_PATH=/local/S/jenkins/workspace/shared/Artifactory/OSX/USD/b595ab2 '--ctest-args=--parallel 8' --stages=configure --redirect-outstream-file=False --install-location /local/S/jenkins/workspace/ECP/ecg-maya-hydra/ecg-maya-hydra-branch-preflight-python3-osx/install/RelWithDebInfo/MayaHydra /local/S/jenkins/workspace/ECP/ecg-maya-hydra/ecg-maya-hydra-branch-preflight-python3-osx
[2023-11-09T20:00:33.442Z] Modified environment variables:
[2023-11-09T20:00:33.442Z]     PATH=/local/S/jenkins/workspace/shared/Artifactory/OSX/cmake/3.20.3/2594509/bin:/opt/homebrew/bin:/usr/local/bin:/bin:/usr/sbin:/sbin:/usr/bin:/usr/bin:/bin:/usr/sbin:/sbin
[2023-11-09T20:00:44.658Z]     -- The C compiler identification is AppleClang 13.1.6.13160021
[2023-11-09T20:00:44.658Z]     -- The CXX compiler identification is AppleClang 13.1.6.13160021
[2023-11-09T20:00:44.658Z]     -- Detecting C compiler ABI info
[2023-11-09T20:00:44.658Z]     -- Detecting C compiler ABI info - done
[2023-11-09T20:00:44.658Z]     -- Check for working C compiler: /Applications/Xcode.app/Contents/Developer/Toolchains/XcodeDefault.xctoolchain/usr/bin/cc - skipped
[2023-11-09T20:00:44.658Z]     -- Detecting C compile features
[2023-11-09T20:00:44.658Z]     -- Detecting C compile features - done
[2023-11-09T20:00:44.658Z]     -- Detecting CXX compiler ABI info
[2023-11-09T20:00:44.658Z]     -- Detecting CXX compiler ABI info - done
[2023-11-09T20:00:44.658Z]     -- Check for working CXX compiler: /Applications/Xcode.app/Contents/Developer/Toolchains/XcodeDefault.xctoolchain/usr/bin/c++ - skipped
[2023-11-09T20:00:44.658Z]     -- Detecting CXX compile features
[2023-11-09T20:00:44.658Z]     -- Detecting CXX compile features - done
[2023-11-09T20:00:44.658Z]     -- Building with Universal Binary 2
[2023-11-09T20:00:45.200Z]     -- Using Maya Light API Version 3
[2023-11-09T20:00:45.200Z]     -- Maya has setDefaultMaterialHandling API
[2023-11-09T20:00:45.200Z]     -- Maya has new point snapping API
[2023-11-09T20:00:45.200Z]     -- Maya has isInCrashHandler API
[2023-11-09T20:00:45.200Z]     -- Maya has getDisplayStyleOfAllViewports API
[2023-11-09T20:00:45.200Z]     -- Maya array iterator has difference_type trait
[2023-11-09T20:00:45.200Z]     -- MFnSet has getMemberPaths function
[2023-11-09T20:00:45.200Z]     -- MFnDisplayLayer exists
[2023-11-09T20:00:45.200Z]     -- MDisplayLayerMessage has MDisplayLayerMemberChangedFunction
[2023-11-09T20:00:45.200Z]     -- MRenderItem has HideOnPlayback API
[2023-11-09T20:00:45.200Z]     -- MacOSX: Maya was built with Universal Binary 2 (x86_64/arm64)
[2023-11-09T20:00:45.200Z]     -- Found Maya: /local/S/jenkins/workspace/shared/Artifactory/OSX/rundev-master/202311060140/runtime/e9a5ae1/runTime/maya.app/Contents/MacOS/Maya (found suitable version "2025", minimum required is "2024")
[2023-11-09T20:00:45.200Z]     -- Found Python: /local/S/jenkins/workspace/shared/Artifactory/OSX/rundev-master/202311060140/runtime/e9a5ae1/runTime/Maya.app/Contents/bin/mayapy (found suitable exact version "3.10.8") found components: Interpreter
[2023-11-09T20:00:45.200Z]     -- Build mayaHydra with Python3 = ON
[2023-11-09T20:00:45.200Z]     --    PYTHON_INCLUDE_DIRS = /local/S/jenkins/workspace/shared/Artifactory/OSX/rundev-master/202311060140/runtime/e9a5ae1/runTime/Maya.app/Contents/Frameworks/Python.framework/Versions/Current/include/python3.10
[2023-11-09T20:00:45.200Z]     --    PYTHON_LIBRARIES    = /local/S/jenkins/workspace/shared/Artifactory/OSX/rundev-master/202311060140/runtime/e9a5ae1/runTime/Maya.app/Contents/Frameworks/Python.framework/Versions/Current/lib/libpython3.10.dylib
[2023-11-09T20:00:45.200Z]     --    Python_EXECUTABLE   = /local/S/jenkins/workspace/shared/Artifactory/OSX/rundev-master/202311060140/runtime/e9a5ae1/runTime/Maya.app/Contents/bin/mayapy
[2023-11-09T20:00:45.741Z]     -- Found Python3: /local/S/jenkins/workspace/shared/Artifactory/OSX/rundev-master/202311060140/runtime/e9a5ae1/runTime/Maya.app/Contents/Frameworks/Python.framework/Versions/Current/include/python3.10 (found suitable exact version "3.10.8") found components: Development Development.Module Development.Embed
[2023-11-09T20:00:45.741Z]     -- USD has new Sdr.PropertyTypes.Color4
[2023-11-09T20:00:45.741Z]     -- USD has MaterialX metadata support
[2023-11-09T20:00:45.741Z]     -- USD include dir: /local/S/jenkins/workspace/shared/Artifactory/OSX/USD/b595ab2/include
[2023-11-09T20:00:45.741Z]     -- USD library dir: /local/S/jenkins/workspace/shared/Artifactory/OSX/USD/b595ab2/lib
[2023-11-09T20:00:45.741Z]     -- USD version: 0.23.8
[2023-11-09T20:00:45.741Z]     -- Found USD: /local/S/jenkins/workspace/shared/Artifactory/OSX/USD/b595ab2 (found suitable version "0.23.8", minimum required is "0.22.11")
[2023-11-09T20:00:45.741Z]     Updated PYTHONPATH: /local/S/jenkins/workspace/shared/Artifactory/OSX/USD/b595ab2/lib/python
[2023-11-09T20:00:45.741Z]     -- Found UFE: /local/S/jenkins/workspace/shared/Artifactory/OSX/rundev-master/202311060140/runtime/e9a5ae1/devkitBase/devkit/ufe/include (found version "0.5.11")
[2023-11-09T20:00:45.741Z]     -- UFE include dir: /local/S/jenkins/workspace/shared/Artifactory/OSX/rundev-master/202311060140/runtime/e9a5ae1/devkitBase/devkit/ufe/include
[2023-11-09T20:00:45.741Z]     -- UFE library: /local/S/jenkins/workspace/shared/Artifactory/OSX/rundev-master/202311060140/runtime/e9a5ae1/devkitBase/devkit/ufe/lib/libufe_0.dylib
[2023-11-09T20:00:45.741Z]     -- UFE version: 0.5.11
[2023-11-09T20:00:45.741Z]     -- Maya has UFE lights API
[2023-11-09T20:00:45.741Z]     -- Maya has UFE scene segment API
[2023-11-09T20:00:45.741Z]     -- Maya has UFE TrieNode childrenComponents accessor
[2023-11-09T20:00:45.741Z]     -- Building with UFE 0.5.11.
[2023-11-09T20:00:45.741Z]     -- Found MaterialX
[2023-11-09T20:00:45.741Z]     -- Performing Test HAVE_STDATOMIC
[2023-11-09T20:00:46.282Z]     -- Performing Test HAVE_STDATOMIC - Success
[2023-11-09T20:00:46.282Z]     -- Found OpenGL: /Applications/Xcode.app/Contents/Developer/Platforms/MacOSX.platform/Developer/SDKs/MacOSX12.3.sdk/System/Library/Frameworks/OpenGL.framework
[2023-11-09T20:00:46.282Z]     -- Check if linker can resolve circular dependencies - TRUE
[2023-11-09T20:00:46.282Z]     -- Found Qt 6.5.2 in Maya devkit. Hydra Scene Browser will be built.
[2023-11-09T20:00:46.282Z]     -- **** Building Gulrak From Github Repository.
[2023-11-09T20:00:46.282Z]     -- Populating gulrak
[2023-11-09T20:00:46.282Z]     -- Configuring done
[2023-11-09T20:00:46.282Z]     -- Generating done
[2023-11-09T20:00:46.282Z]     -- Build files have been written to: /Volumes/DATA/local/S/jenkins/workspace/ECP/ecg-maya-hydra/ecg-maya-hydra-branch-preflight-python3-osx/build/RelWithDebInfo/_deps/gulrak-subbuild
[2023-11-09T20:00:46.282Z]     [1/9] Creating directories for 'gulrak-populate'
[2023-11-09T20:00:46.282Z]     [1/9] Performing download step (git clone) for 'gulrak-populate'
[2023-11-09T20:00:46.282Z]     Cloning into 'gulrak-src'...
[2023-11-09T20:00:46.823Z]     HEAD is now at 4e21ab3 Version bump and updated readme.
[2023-11-09T20:00:46.823Z]     [2/9] Performing update step for 'gulrak-populate'
[2023-11-09T20:00:46.823Z]     [4/9] No patch step for 'gulrak-populate'
[2023-11-09T20:00:46.823Z]     [5/9] No configure step for 'gulrak-populate'
[2023-11-09T20:00:46.823Z]     [6/9] No build step for 'gulrak-populate'
[2023-11-09T20:00:46.823Z]     [7/9] No install step for 'gulrak-populate'
[2023-11-09T20:00:46.823Z]     [8/9] No test step for 'gulrak-populate'
[2023-11-09T20:00:46.823Z]     [9/9] Completed 'gulrak-populate'
[2023-11-09T20:00:46.823Z]     -- ========== Installing GoogleTest... ==========
[2023-11-09T20:00:46.823Z]     -- Configuring done
[2023-11-09T20:00:46.823Z]     -- Generating done
[2023-11-09T20:00:46.823Z]     -- Build files have been written to: /Volumes/DATA/local/S/jenkins/workspace/ECP/ecg-maya-hydra/ecg-maya-hydra-branch-preflight-python3-osx/build/RelWithDebInfo/googletest-config
[2023-11-09T20:00:46.823Z]     [1/8] Creating directories for 'googletest'
[2023-11-09T20:00:48.072Z]     [2/8] Performing download step (git clone) for 'googletest'
[2023-11-09T20:00:48.072Z]     Cloning into 'googletest-src'...
[2023-11-09T20:00:48.072Z]     HEAD is now at 703bd9ca Googletest export
[2023-11-09T20:00:48.072Z]     [3/8] Performing update step for 'googletest'
[2023-11-09T20:00:48.072Z]     [4/8] No patch step for 'googletest'
[2023-11-09T20:00:48.613Z]     [5/8] Performing configure step for 'googletest'
[2023-11-09T20:00:48.613Z]     Not searching for unused variables given on the command line.
[2023-11-09T20:00:48.613Z]     CMake Deprecation Warning at CMakeLists.txt:4 (cmake_minimum_required):
[2023-11-09T20:00:48.613Z]       Compatibility with CMake < 2.8.12 will be removed from a future version of
[2023-11-09T20:00:48.613Z]       CMake.
[2023-11-09T20:00:48.613Z]     
[2023-11-09T20:00:48.613Z]       Update the VERSION argument <min> value or use a ...<max> suffix to tell
[2023-11-09T20:00:48.613Z]       CMake that the project does not need compatibility with older versions.
[2023-11-09T20:00:48.613Z]     
[2023-11-09T20:00:48.613Z]     
[2023-11-09T20:00:48.613Z]     -- The C compiler identification is AppleClang 13.1.6.13160021
[2023-11-09T20:00:48.613Z]     -- The CXX compiler identification is AppleClang 13.1.6.13160021
[2023-11-09T20:00:48.613Z]     -- Detecting C compiler ABI info
[2023-11-09T20:00:48.613Z]     -- Detecting C compiler ABI info - done
[2023-11-09T20:00:48.613Z]     -- Check for working C compiler: /Applications/Xcode.app/Contents/Developer/Toolchains/XcodeDefault.xctoolchain/usr/bin/cc - skipped
[2023-11-09T20:00:48.613Z]     -- Detecting C compile features
[2023-11-09T20:00:48.613Z]     -- Detecting C compile features - done
[2023-11-09T20:00:48.613Z]     -- Detecting CXX compiler ABI info
[2023-11-09T20:00:48.613Z]     -- Detecting CXX compiler ABI info - done
[2023-11-09T20:00:48.613Z]     -- Check for working CXX compiler: /Applications/Xcode.app/Contents/Developer/Toolchains/XcodeDefault.xctoolchain/usr/bin/c++ - skipped
[2023-11-09T20:00:48.613Z]     -- Detecting CXX compile features
[2023-11-09T20:00:48.613Z]     -- Detecting CXX compile features - done
[2023-11-09T20:00:48.613Z]     CMake Deprecation Warning at googletest/CMakeLists.txt:56 (cmake_minimum_required):
[2023-11-09T20:00:48.613Z]       Compatibility with CMake < 2.8.12 will be removed from a future version of
[2023-11-09T20:00:48.613Z]       CMake.
[2023-11-09T20:00:48.613Z]     
[2023-11-09T20:00:48.613Z]       Update the VERSION argument <min> value or use a ...<max> suffix to tell
[2023-11-09T20:00:48.613Z]       CMake that the project does not need compatibility with older versions.
[2023-11-09T20:00:48.613Z]     
[2023-11-09T20:00:48.613Z]     
[2023-11-09T20:00:48.613Z]     -- Found PythonInterp: /usr/local/bin/python (found version "3.10.6")
[2023-11-09T20:00:48.613Z]     -- Looking for pthread.h
[2023-11-09T20:00:48.613Z]     -- Looking for pthread.h - found
[2023-11-09T20:00:48.613Z]     -- Performing Test CMAKE_HAVE_LIBC_PTHREAD
[2023-11-09T20:00:48.613Z]     -- Performing Test CMAKE_HAVE_LIBC_PTHREAD - Success
[2023-11-09T20:00:48.613Z]     -- Found Threads: TRUE
[2023-11-09T20:00:48.613Z]     -- Configuring done
[2023-11-09T20:00:48.613Z]     -- Generating done
[2023-11-09T20:00:48.613Z]     -- Build files have been written to: /Volumes/DATA/local/S/jenkins/workspace/ECP/ecg-maya-hydra/ecg-maya-hydra-branch-preflight-python3-osx/build/RelWithDebInfo/googletest-build
[2023-11-09T20:00:56.425Z]     [6/8] Performing build step for 'googletest'
[2023-11-09T20:00:56.425Z]     [1/4] Building CXX object googletest/CMakeFiles/gtest_main.dir/src/gtest_main.cc.o
[2023-11-09T20:00:56.425Z]     [2/4] Building CXX object googletest/CMakeFiles/gtest.dir/src/gtest-all.cc.o
[2023-11-09T20:00:56.425Z]     [3/4] Linking CXX shared library lib/libgtest.dylib
[2023-11-09T20:00:56.425Z]     [4/4] Linking CXX shared library lib/libgtest_main.dylib
[2023-11-09T20:00:56.425Z]     [7/8] Performing install step for 'googletest'
[2023-11-09T20:00:56.425Z]     [0/1] Install the project...
[2023-11-09T20:00:56.425Z]     -- Install configuration: "RelWithDebInfo"
[2023-11-09T20:00:56.425Z]     [8/8] Completed 'googletest'
[2023-11-09T20:00:56.425Z]     -- ========== ...  GoogleTest installed. ==========
[2023-11-09T20:00:56.425Z]     -- Found GTest: /Volumes/DATA/local/S/jenkins/workspace/ECP/ecg-maya-hydra/ecg-maya-hydra-branch-preflight-python3-osx/build/RelWithDebInfo/googletest-install/lib/libgtest.dylib
[2023-11-09T20:00:56.425Z]     -- promoting: /Volumes/DATA/local/S/jenkins/workspace/ECP/ecg-maya-hydra/ecg-maya-hydra-branch-preflight-python3-osx/ecg-maya-hydra/maya-hydra/lib/mayaHydra/mayaPlugin/pluginUtils.h
[2023-11-09T20:00:56.425Z]     -- promoting: /Volumes/DATA/local/S/jenkins/workspace/ECP/ecg-maya-hydra/ecg-maya-hydra-branch-preflight-python3-osx/ecg-maya-hydra/maya-hydra/lib/mayaHydra/hydraExtensions/api.h
[2023-11-09T20:00:56.425Z]     -- promoting: /Volumes/DATA/local/S/jenkins/workspace/ECP/ecg-maya-hydra/ecg-maya-hydra-branch-preflight-python3-osx/ecg-maya-hydra/maya-hydra/lib/mayaHydra/hydraExtensions/debugCodes.h
[2023-11-09T20:00:56.425Z]     -- promoting: /Volumes/DATA/local/S/jenkins/workspace/ECP/ecg-maya-hydra/ecg-maya-hydra-branch-preflight-python3-osx/ecg-maya-hydra/maya-hydra/lib/mayaHydra/hydraExtensions/hydraUtils.h
[2023-11-09T20:00:56.425Z]     -- promoting: /Volumes/DATA/local/S/jenkins/workspace/ECP/ecg-maya-hydra/ecg-maya-hydra-branch-preflight-python3-osx/ecg-maya-hydra/maya-hydra/lib/mayaHydra/hydraExtensions/interface.h
[2023-11-09T20:00:56.425Z]     -- promoting: /Volumes/DATA/local/S/jenkins/workspace/ECP/ecg-maya-hydra/ecg-maya-hydra-branch-preflight-python3-osx/ecg-maya-hydra/maya-hydra/lib/mayaHydra/hydraExtensions/interfaceImp.h
[2023-11-09T20:00:56.425Z]     -- promoting: /Volumes/DATA/local/S/jenkins/workspace/ECP/ecg-maya-hydra/ecg-maya-hydra-branch-preflight-python3-osx/ecg-maya-hydra/maya-hydra/lib/mayaHydra/hydraExtensions/mayaUtils.h
[2023-11-09T20:00:56.425Z]     -- promoting: /Volumes/DATA/local/S/jenkins/workspace/ECP/ecg-maya-hydra/ecg-maya-hydra-branch-preflight-python3-osx/ecg-maya-hydra/maya-hydra/lib/mayaHydra/hydraExtensions/mixedUtils.h
[2023-11-09T20:00:56.425Z]     -- promoting: /Volumes/DATA/local/S/jenkins/workspace/ECP/ecg-maya-hydra/ecg-maya-hydra-branch-preflight-python3-osx/ecg-maya-hydra/maya-hydra/lib/mayaHydra/hydraExtensions/mayaHydraSceneProducer.h
[2023-11-09T20:00:56.425Z]     -- promoting: /Volumes/DATA/local/S/jenkins/workspace/ECP/ecg-maya-hydra/ecg-maya-hydra-branch-preflight-python3-osx/ecg-maya-hydra/maya-hydra/lib/mayaHydra/hydraExtensions/adapters/adapter.h
[2023-11-09T20:00:56.425Z]     -- promoting: /Volumes/DATA/local/S/jenkins/workspace/ECP/ecg-maya-hydra/ecg-maya-hydra-branch-preflight-python3-osx/ecg-maya-hydra/maya-hydra/lib/mayaHydra/hydraExtensions/adapters/adapterDebugCodes.h
[2023-11-09T20:00:56.425Z]     -- promoting: /Volumes/DATA/local/S/jenkins/workspace/ECP/ecg-maya-hydra/ecg-maya-hydra-branch-preflight-python3-osx/ecg-maya-hydra/maya-hydra/lib/mayaHydra/hydraExtensions/adapters/adapterRegistry.h
[2023-11-09T20:00:56.425Z]     -- promoting: /Volumes/DATA/local/S/jenkins/workspace/ECP/ecg-maya-hydra/ecg-maya-hydra-branch-preflight-python3-osx/ecg-maya-hydra/maya-hydra/lib/mayaHydra/hydraExtensions/adapters/cameraAdapter.h
[2023-11-09T20:00:56.425Z]     -- promoting: /Volumes/DATA/local/S/jenkins/workspace/ECP/ecg-maya-hydra/ecg-maya-hydra-branch-preflight-python3-osx/ecg-maya-hydra/maya-hydra/lib/mayaHydra/hydraExtensions/adapters/constantShadowMatrix.h
[2023-11-09T20:00:56.425Z]     -- promoting: /Volumes/DATA/local/S/jenkins/workspace/ECP/ecg-maya-hydra/ecg-maya-hydra-branch-preflight-python3-osx/ecg-maya-hydra/maya-hydra/lib/mayaHydra/hydraExtensions/adapters/dagAdapter.h
[2023-11-09T20:00:56.425Z]     -- promoting: /Volumes/DATA/local/S/jenkins/workspace/ECP/ecg-maya-hydra/ecg-maya-hydra-branch-preflight-python3-osx/ecg-maya-hydra/maya-hydra/lib/mayaHydra/hydraExtensions/adapters/renderItemAdapter.h
[2023-11-09T20:00:56.425Z]     -- promoting: /Volumes/DATA/local/S/jenkins/workspace/ECP/ecg-maya-hydra/ecg-maya-hydra-branch-preflight-python3-osx/ecg-maya-hydra/maya-hydra/lib/mayaHydra/hydraExtensions/adapters/lightAdapter.h
[2023-11-09T20:00:56.425Z]     -- promoting: /Volumes/DATA/local/S/jenkins/workspace/ECP/ecg-maya-hydra/ecg-maya-hydra-branch-preflight-python3-osx/ecg-maya-hydra/maya-hydra/lib/mayaHydra/hydraExtensions/adapters/materialAdapter.h
[2023-11-09T20:00:56.425Z]     -- promoting: /Volumes/DATA/local/S/jenkins/workspace/ECP/ecg-maya-hydra/ecg-maya-hydra-branch-preflight-python3-osx/ecg-maya-hydra/maya-hydra/lib/mayaHydra/hydraExtensions/adapters/materialNetworkConverter.h
[2023-11-09T20:00:56.425Z]     -- promoting: /Volumes/DATA/local/S/jenkins/workspace/ECP/ecg-maya-hydra/ecg-maya-hydra-branch-preflight-python3-osx/ecg-maya-hydra/maya-hydra/lib/mayaHydra/hydraExtensions/adapters/mayaAttrs.h
[2023-11-09T20:00:56.425Z]     -- promoting: /Volumes/DATA/local/S/jenkins/workspace/ECP/ecg-maya-hydra/ecg-maya-hydra-branch-preflight-python3-osx/ecg-maya-hydra/maya-hydra/lib/mayaHydra/hydraExtensions/adapters/shapeAdapter.h
[2023-11-09T20:00:56.425Z]     -- promoting: /Volumes/DATA/local/S/jenkins/workspace/ECP/ecg-maya-hydra/ecg-maya-hydra-branch-preflight-python3-osx/ecg-maya-hydra/maya-hydra/lib/mayaHydra/hydraExtensions/adapters/tokens.h
[2023-11-09T20:00:56.425Z]     -- promoting: /Volumes/DATA/local/S/jenkins/workspace/ECP/ecg-maya-hydra/ecg-maya-hydra-branch-preflight-python3-osx/ecg-maya-hydra/maya-hydra/lib/mayaHydra/hydraExtensions/delegates/delegate.h
[2023-11-09T20:00:56.425Z]     -- promoting: /Volumes/DATA/local/S/jenkins/workspace/ECP/ecg-maya-hydra/ecg-maya-hydra-branch-preflight-python3-osx/ecg-maya-hydra/maya-hydra/lib/mayaHydra/hydraExtensions/delegates/delegateCtx.h
[2023-11-09T20:00:56.425Z]     -- promoting: /Volumes/DATA/local/S/jenkins/workspace/ECP/ecg-maya-hydra/ecg-maya-hydra-branch-preflight-python3-osx/ecg-maya-hydra/maya-hydra/lib/mayaHydra/hydraExtensions/delegates/delegateDebugCodes.h
[2023-11-09T20:00:56.425Z]     -- promoting: /Volumes/DATA/local/S/jenkins/workspace/ECP/ecg-maya-hydra/ecg-maya-hydra-branch-preflight-python3-osx/ecg-maya-hydra/maya-hydra/lib/mayaHydra/hydraExtensions/delegates/delegateRegistry.h
[2023-11-09T20:00:56.425Z]     -- promoting: /Volumes/DATA/local/S/jenkins/workspace/ECP/ecg-maya-hydra/ecg-maya-hydra-branch-preflight-python3-osx/ecg-maya-hydra/maya-hydra/lib/mayaHydra/hydraExtensions/delegates/params.h
[2023-11-09T20:00:56.425Z]     -- promoting: /Volumes/DATA/local/S/jenkins/workspace/ECP/ecg-maya-hydra/ecg-maya-hydra-branch-preflight-python3-osx/ecg-maya-hydra/maya-hydra/lib/mayaHydra/hydraExtensions/delegates/sceneDelegate.h
[2023-11-09T20:00:56.425Z]     -- promoting: /Volumes/DATA/local/S/jenkins/workspace/ECP/ecg-maya-hydra/ecg-maya-hydra-branch-preflight-python3-osx/ecg-maya-hydra/maya-hydra/lib/mayaHydra/hydraExtensions/delegates/defaultLightDelegate.h
[2023-11-09T20:00:56.425Z]     -- promoting: /Volumes/DATA/local/S/jenkins/workspace/ECP/ecg-maya-hydra/ecg-maya-hydra-branch-preflight-python3-osx/ecg-maya-hydra/maya-hydra/lib/mayaHydra/hydraExtensions/delegates/testDelegate.h
[2023-11-09T20:00:56.425Z]     -- promoting: /Volumes/DATA/local/S/jenkins/workspace/ECP/ecg-maya-hydra/ecg-maya-hydra-branch-preflight-python3-osx/ecg-maya-hydra/maya-hydra/lib/mayaHydra/hydraExtensions/sceneIndex/registration.h
[2023-11-09T20:00:56.425Z]     -- promoting: /Volumes/DATA/local/S/jenkins/workspace/ECP/ecg-maya-hydra/ecg-maya-hydra-branch-preflight-python3-osx/ecg-maya-hydra/maya-hydra/lib/mayaHydra/hydraExtensions/sceneIndex/mayaHydraSceneIndex.h
[2023-11-09T20:00:56.425Z]     -- promoting: /Volumes/DATA/local/S/jenkins/workspace/ECP/ecg-maya-hydra/ecg-maya-hydra-branch-preflight-python3-osx/ecg-maya-hydra/maya-hydra/lib/mayaHydra/hydraExtensions/sceneIndex/mayaHydraDataSource.h
[2023-11-09T20:00:56.425Z]     -- promoting: /Volumes/DATA/local/S/jenkins/workspace/ECP/ecg-maya-hydra/ecg-maya-hydra-branch-preflight-python3-osx/ecg-maya-hydra/maya-hydra/lib/mayaHydra/hydraExtensions/sceneIndex/mayaHydraPrimvarDataSource.h
[2023-11-09T20:00:56.425Z]     -- promoting: /Volumes/DATA/local/S/jenkins/workspace/ECP/ecg-maya-hydra/ecg-maya-hydra-branch-preflight-python3-osx/ecg-maya-hydra/maya-hydra/lib/mayaHydra/hydraExtensions/sceneIndex/mayaHydraDisplayStyleDataSource.h
[2023-11-09T20:00:56.425Z]     -- promoting: /Volumes/DATA/local/S/jenkins/workspace/ECP/ecg-maya-hydra/ecg-maya-hydra-branch-preflight-python3-osx/ecg-maya-hydra/maya-hydra/lib/mayaHydra/hydraExtensions/sceneIndex/mayaHydraCameraDataSource.h
[2023-11-09T20:00:56.425Z]     -- promoting: /Volumes/DATA/local/S/jenkins/workspace/ECP/ecg-maya-hydra/ecg-maya-hydra-branch-preflight-python3-osx/ecg-maya-hydra/maya-hydra/lib/mayaHydra/hydraExtensions/sceneIndex/mayaHydraLightDataSource.h
[2023-11-09T20:00:56.425Z]     -- promoting: /Volumes/DATA/local/S/jenkins/workspace/ECP/ecg-maya-hydra/ecg-maya-hydra-branch-preflight-python3-osx/ecg-maya-hydra/maya-hydra/lib/mayaHydra/hydraExtensions/sceneIndex/mayaHydraDefaultLightDataSource.h
[2023-11-09T20:00:56.425Z]     -- promoting: /Volumes/DATA/local/S/jenkins/workspace/ECP/ecg-maya-hydra/ecg-maya-hydra-branch-preflight-python3-osx/ecg-maya-hydra/maya-hydra/lib/mayaHydra/ufeExtensions/api.h
[2023-11-09T20:00:56.425Z]     -- promoting: /Volumes/DATA/local/S/jenkins/workspace/ECP/ecg-maya-hydra/ecg-maya-hydra-branch-preflight-python3-osx/ecg-maya-hydra/maya-hydra/lib/mayaHydra/ufeExtensions/Global.h
[2023-11-09T20:00:56.425Z]     -- promoting: /Volumes/DATA/local/S/jenkins/workspace/ECP/ecg-maya-hydra/ecg-maya-hydra-branch-preflight-python3-osx/ecg-maya-hydra/maya-hydra/lib/flowViewport/api.h
[2023-11-09T20:00:56.425Z]     -- promoting: /Volumes/DATA/local/S/jenkins/workspace/ECP/ecg-maya-hydra/ecg-maya-hydra-branch-preflight-python3-osx/ecg-maya-hydra/maya-hydra/lib/flowViewport/debugCodes.h
[2023-11-09T20:00:56.425Z]     -- promoting: /Volumes/DATA/local/S/jenkins/workspace/ECP/ecg-maya-hydra/ecg-maya-hydra-branch-preflight-python3-osx/ecg-maya-hydra/maya-hydra/lib/flowViewport/global.h
[2023-11-09T20:00:56.425Z]     -- promoting: /Volumes/DATA/local/S/jenkins/workspace/ECP/ecg-maya-hydra/ecg-maya-hydra-branch-preflight-python3-osx/ecg-maya-hydra/maya-hydra/lib/flowViewport/tokens.h
[2023-11-09T20:00:56.425Z]     -- promoting: /Volumes/DATA/local/S/jenkins/workspace/ECP/ecg-maya-hydra/ecg-maya-hydra-branch-preflight-python3-osx/ecg-maya-hydra/maya-hydra/lib/flowViewport/colorPreferences/fvpColorChanged.h
[2023-11-09T20:00:56.425Z]     -- promoting: /Volumes/DATA/local/S/jenkins/workspace/ECP/ecg-maya-hydra/ecg-maya-hydra-branch-preflight-python3-osx/ecg-maya-hydra/maya-hydra/lib/flowViewport/colorPreferences/fvpColorPreferences.h
[2023-11-09T20:00:56.425Z]     -- promoting: /Volumes/DATA/local/S/jenkins/workspace/ECP/ecg-maya-hydra/ecg-maya-hydra-branch-preflight-python3-osx/ecg-maya-hydra/maya-hydra/lib/flowViewport/colorPreferences/fvpColorPreferencesTokens.h
[2023-11-09T20:00:56.425Z]     -- promoting: /Volumes/DATA/local/S/jenkins/workspace/ECP/ecg-maya-hydra/ecg-maya-hydra-branch-preflight-python3-osx/ecg-maya-hydra/maya-hydra/lib/flowViewport/colorPreferences/fvpColorPreferencesTranslator.h
[2023-11-09T20:00:56.425Z]     -- promoting: /Volumes/DATA/local/S/jenkins/workspace/ECP/ecg-maya-hydra/ecg-maya-hydra-branch-preflight-python3-osx/ecg-maya-hydra/maya-hydra/lib/flowViewport/sceneIndex/fvpMergingSceneIndex.h
[2023-11-09T20:00:56.425Z]     -- promoting: /Volumes/DATA/local/S/jenkins/workspace/ECP/ecg-maya-hydra/ecg-maya-hydra-branch-preflight-python3-osx/ecg-maya-hydra/maya-hydra/lib/flowViewport/sceneIndex/fvpPassThroughSelectionInterfaceSceneIndex.h
[2023-11-09T20:00:56.425Z]     -- promoting: /Volumes/DATA/local/S/jenkins/workspace/ECP/ecg-maya-hydra/ecg-maya-hydra-branch-preflight-python3-osx/ecg-maya-hydra/maya-hydra/lib/flowViewport/sceneIndex/fvpPathInterface.h
[2023-11-09T20:00:56.425Z]     -- promoting: /Volumes/DATA/local/S/jenkins/workspace/ECP/ecg-maya-hydra/ecg-maya-hydra-branch-preflight-python3-osx/ecg-maya-hydra/maya-hydra/lib/flowViewport/sceneIndex/fvpPathInterfaceSceneIndex.h
[2023-11-09T20:00:56.425Z]     -- promoting: /Volumes/DATA/local/S/jenkins/workspace/ECP/ecg-maya-hydra/ecg-maya-hydra-branch-preflight-python3-osx/ecg-maya-hydra/maya-hydra/lib/flowViewport/sceneIndex/fvpRenderIndexProxy.h
[2023-11-09T20:00:56.425Z]     -- promoting: /Volumes/DATA/local/S/jenkins/workspace/ECP/ecg-maya-hydra/ecg-maya-hydra-branch-preflight-python3-osx/ecg-maya-hydra/maya-hydra/lib/flowViewport/sceneIndex/fvpSelectionInterface.h
[2023-11-09T20:00:56.425Z]     -- promoting: /Volumes/DATA/local/S/jenkins/workspace/ECP/ecg-maya-hydra/ecg-maya-hydra-branch-preflight-python3-osx/ecg-maya-hydra/maya-hydra/lib/flowViewport/sceneIndex/fvpSelectionSceneIndex.h
[2023-11-09T20:00:56.425Z]     -- promoting: /Volumes/DATA/local/S/jenkins/workspace/ECP/ecg-maya-hydra/ecg-maya-hydra-branch-preflight-python3-osx/ecg-maya-hydra/maya-hydra/lib/flowViewport/sceneIndex/fvpWireframeSelectionHighlightSceneIndex.h
[2023-11-09T20:00:56.425Z]     -- promoting: /Volumes/DATA/local/S/jenkins/workspace/ECP/ecg-maya-hydra/ecg-maya-hydra-branch-preflight-python3-osx/ecg-maya-hydra/maya-hydra/lib/flowViewport/API/fvpSelectionClient.h
[2023-11-09T20:00:56.425Z]     -- promoting: /Volumes/DATA/local/S/jenkins/workspace/ECP/ecg-maya-hydra/ecg-maya-hydra-branch-preflight-python3-osx/ecg-maya-hydra/maya-hydra/lib/flowViewport/API/fvpFlowSelectionInterface.h
[2023-11-09T20:00:56.425Z]     -- promoting: /Volumes/DATA/local/S/jenkins/workspace/ECP/ecg-maya-hydra/ecg-maya-hydra-branch-preflight-python3-osx/ecg-maya-hydra/maya-hydra/lib/flowViewport/API/fvpVersionInterface.h
[2023-11-09T20:00:56.425Z]     -- promoting: /Volumes/DATA/local/S/jenkins/workspace/ECP/ecg-maya-hydra/ecg-maya-hydra-branch-preflight-python3-osx/ecg-maya-hydra/maya-hydra/lib/flowViewport/API/interfacesImp/fvpSelectionInterfaceImp.h
[2023-11-09T20:00:56.425Z]     -- promoting: /Volumes/DATA/local/S/jenkins/workspace/ECP/ecg-maya-hydra/ecg-maya-hydra-branch-preflight-python3-osx/ecg-maya-hydra/maya-hydra/lib/flowViewport/API/interfacesImp/fvpVersionInterfaceImp.h
[2023-11-09T20:00:56.425Z]     -- promoting: /Volumes/DATA/local/S/jenkins/workspace/ECP/ecg-maya-hydra/ecg-maya-hydra-branch-preflight-python3-osx/ecg-maya-hydra/maya-hydra/lib/flowViewport/API/samples/fvpSelectionClientExample.h
[2023-11-09T20:00:56.425Z]     -- promoting: /Volumes/DATA/local/S/jenkins/workspace/ECP/ecg-maya-hydra/ecg-maya-hydra-branch-preflight-python3-osx/ecg-maya-hydra/maya-hydra/lib/flowViewport/selection/fvpSelectionTracker.h
[2023-11-09T20:00:56.425Z]     -- promoting: /Volumes/DATA/local/S/jenkins/workspace/ECP/ecg-maya-hydra/ecg-maya-hydra-branch-preflight-python3-osx/ecg-maya-hydra/maya-hydra/lib/flowViewport/selection/fvpSelectionTask.h
[2023-11-09T20:00:56.968Z]     -- Configuring done
[2023-11-09T20:00:56.968Z]     -- Generating done
[2023-11-09T20:00:56.968Z]     -- Build files have been written to: /Volumes/DATA/local/S/jenkins/workspace/ECP/ecg-maya-hydra/ecg-maya-hydra-branch-preflight-python3-osx/build/RelWithDebInfo
[2023-11-09T20:00:56.968Z]     
[2023-11-09T20:00:56.968Z]         Building with settings:
[2023-11-09T20:00:56.968Z]           Source directory          /Volumes/DATA/local/S/jenkins/workspace/ECP/ecg-maya-hydra/ecg-maya-hydra-branch-preflight-python3-osx/ecg-maya-hydra/maya-hydra
[2023-11-09T20:00:56.968Z]           Workspace directory       /local/S/jenkins/workspace/ECP/ecg-maya-hydra/ecg-maya-hydra-branch-preflight-python3-osx
[2023-11-09T20:00:56.968Z]           Build directory           /local/S/jenkins/workspace/ECP/ecg-maya-hydra/ecg-maya-hydra-branch-preflight-python3-osx/build/RelWithDebInfo
[2023-11-09T20:00:56.968Z]           Install directory         /local/S/jenkins/workspace/ECP/ecg-maya-hydra/ecg-maya-hydra-branch-preflight-python3-osx/install/RelWithDebInfo/MayaHydra
[2023-11-09T20:00:56.968Z]           Variant                   RelWithDebInfo
[2023-11-09T20:00:56.968Z]           Python Debug              Off
[2023-11-09T20:00:56.968Z]           CMake generator           Ninja
[2023-11-09T20:00:56.968Z]           Build arguments           ['-DCMAKE_MAKE_PROGRAM=/local/S/jenkins/workspace/shared/Artifactory/OSX/ninja/1.10.2/95d0ca5/ninja', '-DPYTHON_INCLUDE_DIR=/local/S/jenkins/workspace/shared/Artifactory/OSX/rundev-master/202311060140/runtime/e9a5ae1/runTime/Maya.app/Contents/Frameworks/Python.framework/Versions/Current/include/python3.10', '-DPython_EXECUTABLE=/local/S/jenkins/workspace/shared/Artifactory/OSX/rundev-master/202311060140/runtime/e9a5ae1/runTime/Maya.app/Contents/bin/mayapy', '-DPYTHON_LIBRARIES=/local/S/jenkins/workspace/shared/Artifactory/OSX/rundev-master/202311060140/runtime/e9a5ae1/runTime/Maya.app/Contents/Frameworks/Python.framework/Versions/Current/lib/libpython3.10.dylib', '-DBUILD_WITH_PYTHON_3=ON', '-DBUILD_WITH_PYTHON_3_VERSION=3.10', '-DBUILD_UB2=ON', '-DCMAKE_WANT_MATERIALX_BUILD=ON', '-DCMAKE_PREFIX_PATH=/local/S/jenkins/workspace/shared/Artifactory/OSX/USD/b595ab2']
[2023-11-09T20:00:56.968Z]           Stages arguments          ['configure']
[2023-11-09T20:00:56.968Z]           CTest arguments           ['--parallel 8']
[2023-11-09T20:00:56.968Z]     STATUS: Could not find Maya Qt6.
[2023-11-09T20:00:56.968Z]     STATUS:   Extracting '/local/S/jenkins/workspace/shared/Artifactory/OSX/rundev-master/202311060140/runtime/e9a5ae1/devkitBase/Qt.tgz' to '/local/S/jenkins/workspace/shared/Artifactory/OSX/rundev-master/202311060140/runtime/e9a5ae1/devkitBase'
[2023-11-09T20:00:56.968Z]     Success MayaHydra build and install !!!!
[2023-11-09T20:00:56.968Z]     Elapsed time: 00:00:12
[Pipeline] }
[Pipeline] // withEnv
[Pipeline] }
[Pipeline] // timeout
[Pipeline] }
[Pipeline] // stage
[Pipeline] }
[Pipeline] // timestamps
[Pipeline] timestamps
[Pipeline] {
[Pipeline] stage
[Pipeline] { (Build)
[Pipeline] timeout
[2023-11-09T20:00:57.323Z] Timeout set to expire in 6 hr 0 min
[Pipeline] {
[Pipeline] withEnv
[Pipeline] {
[Pipeline] sh
[2023-11-09T20:00:58.544Z] + python ecg-maya-hydra/build.py --stages=build --workspace-dir=/local/S/jenkins/workspace/ECP/ecg-maya-hydra/ecg-maya-hydra-branch-preflight-python3-osx --artifactory-dir=/local/S/jenkins/workspace/shared/Artifactory --build-dir=/local/S/jenkins/workspace/ECP/ecg-maya-hydra/ecg-maya-hydra-branch-preflight-python3-osx/build --install-dir=/local/S/jenkins/workspace/ECP/ecg-maya-hydra/ecg-maya-hydra-branch-preflight-python3-osx/install --signing-dir=/local/S/jenkins/workspace/ECP/ecg-maya-hydra/ecg-maya-hydra-branch-preflight-python3-osx/signing --package-dir=/local/S/jenkins/workspace/ECP/ecg-maya-hydra/ecg-maya-hydra-branch-preflight-python3-osx/package --output-dir=/local/S/jenkins/workspace/ECP/ecg-maya-hydra/ecg-maya-hydra-branch-preflight-python3-osx/output --stash-dir=/local/S/jenkins/workspace/ECP/ecg-maya-hydra/ecg-maya-hydra-branch-preflight-python3-osx/stash --jenkins-build=377 --git-commit=e5498a2f05daf96993fc42e0de56ba872d810562 --git-branch=master --variants=Debug --interactive-tests=true --post-zips=false --osx-binary-architecture-target=ub2 --osx-deployment-target=11.0 --osx-base-sdk=CurrentActiveSDK --build-retry=3 --maya-cut-config=maya-rundev-master-debug.yaml --maya-package=rundev-master-debug --stage-banner
[2023-11-09T20:00:58.544Z] Using Maya cut from /local/S/jenkins/workspace/shared/Artifactory/OSX/rundev-master-debug/202310260154/runtime/3fe4f1c
[2023-11-09T20:00:58.544Z] Using Maya ADSK Signatures from /local/S/jenkins/workspace/shared/Artifactory/OSX/adsk-plugin-signatures-maya/2023/3ae1ae7
[2023-11-09T20:00:58.544Z] Using Maya Security Library from /local/S/jenkins/workspace/shared/Artifactory/OSX/maya-security-library/3.4.0/5e08f3e
[2023-11-09T20:00:58.544Z] 
[2023-11-09T20:00:58.544Z] ================================================================================
[2023-11-09T20:00:58.544Z]                                  build (Debug)
[2023-11-09T20:00:58.544Z] ================================================================================
[2023-11-09T20:00:58.544Z] Maya Python Debug Info:
[2023-11-09T20:00:58.544Z]   mayapy executable   = /local/S/jenkins/workspace/shared/Artifactory/OSX/rundev-master-debug/202310260154/runtime/3fe4f1c/runTime/Maya.app/Contents/bin/mayapy
[2023-11-09T20:00:58.544Z]   Include Folder      = /local/S/jenkins/workspace/shared/Artifactory/OSX/rundev-master-debug/202310260154/runtime/3fe4f1c/runTime/Maya.app/Contents/Frameworks/Python.framework/Versions/Current/include/python3.10
[2023-11-09T20:00:58.544Z]   Library             = /local/S/jenkins/workspace/shared/Artifactory/OSX/rundev-master-debug/202310260154/runtime/3fe4f1c/runTime/Maya.app/Contents/Frameworks/Python.framework/Versions/Current/lib/libpython3.10.dylib
[2023-11-09T20:00:58.544Z]   site-package Folder = /local/S/jenkins/workspace/shared/Artifactory/OSX/rundev-master-debug/202310260154/runtime/3fe4f1c/runTime/Maya.app/Contents/Frameworks/Python.framework/Versions/Current/lib/python3.10/site-packages
[2023-11-09T20:00:58.544Z] In workdir: /Volumes/DATA/local/S/jenkins/workspace/ECP/ecg-maya-hydra/ecg-maya-hydra-branch-preflight-python3-osx/ecg-maya-hydra/maya-hydra
[2023-11-09T20:00:58.544Z] Executing: arch -arch arm64 /local/S/jenkins/workspace/shared/Artifactory/OSX/rundev-master-debug/202310260154/runtime/3fe4f1c/runTime/Maya.app/Contents/bin/mayapy /Volumes/DATA/local/S/jenkins/workspace/ECP/ecg-maya-hydra/ecg-maya-hydra-branch-preflight-python3-osx/ecg-maya-hydra/maya-hydra/build.py --generator Ninja --build-debug --maya-location /local/S/jenkins/workspace/shared/Artifactory/OSX/rundev-master-debug/202310260154/runtime/3fe4f1c/runTime --devkit-location /local/S/jenkins/workspace/shared/Artifactory/OSX/rundev-master-debug/202310260154/runtime/3fe4f1c/devkitBase --pxrusd-location /local/S/jenkins/workspace/shared/Artifactory/OSX/USD/a9d0dd1 --build-args=-DCMAKE_MAKE_PROGRAM=/local/S/jenkins/workspace/shared/Artifactory/OSX/ninja/1.10.2/95d0ca5/ninja,-DPYTHON_INCLUDE_DIR=/local/S/jenkins/workspace/shared/Artifactory/OSX/rundev-master-debug/202310260154/runtime/3fe4f1c/runTime/Maya.app/Contents/Frameworks/Python.framework/Versions/Current/include/python3.10,-DPython_EXECUTABLE=/local/S/jenkins/workspace/shared/Artifactory/OSX/rundev-master-debug/202310260154/runtime/3fe4f1c/runTime/Maya.app/Contents/bin/mayapy,-DPYTHON_LIBRARIES=/local/S/jenkins/workspace/shared/Artifactory/OSX/rundev-master-debug/202310260154/runtime/3fe4f1c/runTime/Maya.app/Contents/Frameworks/Python.framework/Versions/Current/lib/libpython3.10.dylib,-DBUILD_WITH_PYTHON_3=ON,-DBUILD_WITH_PYTHON_3_VERSION=3.10,-DBUILD_UB2=ON,-DCMAKE_WANT_MATERIALX_BUILD=ON,-DCMAKE_PREFIX_PATH=/local/S/jenkins/workspace/shared/Artifactory/OSX/USD/a9d0dd1 '--ctest-args=--parallel 8' --stages=build --redirect-outstream-file=False --install-location /local/S/jenkins/workspace/ECP/ecg-maya-hydra/ecg-maya-hydra-branch-preflight-python3-osx/install/Debug/MayaHydra /local/S/jenkins/workspace/ECP/ecg-maya-hydra/ecg-maya-hydra-branch-preflight-python3-osx
[2023-11-09T20:00:58.544Z] Modified environment variables:
[2023-11-09T20:00:58.544Z]     PATH=/local/S/jenkins/workspace/shared/Artifactory/OSX/cmake/3.20.3/2594509/bin:/opt/homebrew/bin:/usr/local/bin:/bin:/usr/sbin:/sbin:/usr/bin:/usr/bin:/bin:/usr/sbin:/sbin
[2023-11-09T20:00:59.717Z]     [1/100] Building CXX object lib/flowViewport/CMakeFiles/flowViewport.dir/debugCodes.cpp.o
[2023-11-09T20:00:59.717Z]     [2/100] Building CXX object lib/flowViewport/CMakeFiles/flowViewport.dir/sceneIndex/fvpPathInterface.cpp.o
[2023-11-09T20:00:59.717Z]     [3/100] Building CXX object lib/flowViewport/CMakeFiles/flowViewport.dir/tokens.cpp.o
[2023-11-09T20:00:59.717Z]     [4/100] Building CXX object lib/flowViewport/CMakeFiles/flowViewport.dir/colorPreferences/fvpColorPreferencesTokens.cpp.o
[2023-11-09T20:01:00.283Z]     [5/100] Building CXX object lib/flowViewport/CMakeFiles/flowViewport.dir/colorPreferences/fvpColorChanged.cpp.o
[2023-11-09T20:01:00.283Z]     [6/100] Building CXX object lib/flowViewport/CMakeFiles/flowViewport.dir/global.cpp.o
[2023-11-09T20:01:00.283Z]     [7/100] Building CXX object lib/flowViewport/CMakeFiles/flowViewport.dir/sceneIndex/fvpSelectionInterface.cpp.o
[2023-11-09T20:01:00.283Z]     [8/100] Building CXX object lib/flowViewport/CMakeFiles/flowViewport.dir/colorPreferences/fvpColorPreferences.cpp.o
[2023-11-09T20:01:00.283Z]     [9/100] Building CXX object lib/flowViewport/CMakeFiles/flowViewport.dir/API/interfacesImp/fvpVersionInterfaceImp.cpp.o
[2023-11-09T20:01:00.857Z]     [10/100] Building CXX object lib/mayaHydra/ufeExtensions/CMakeFiles/ufeExtensions.dir/Global.cpp.o
[2023-11-09T20:01:00.857Z]     [11/100] Linking CXX shared library lib/mayaHydra/ufeExtensions/libufeExtensions.dylib
[2023-11-09T20:01:02.028Z]     [12/100] Building CXX object lib/flowViewport/CMakeFiles/flowViewport.dir/API/interfacesImp/fvpSelectionInterfaceImp.cpp.o
[2023-11-09T20:01:02.586Z]     [13/100] Building CXX object lib/flowViewport/CMakeFiles/flowViewport.dir/API/samples/fvpSelectionClientExample.cpp.o
[2023-11-09T20:01:02.586Z]     [14/100] Building CXX object lib/flowViewport/CMakeFiles/flowViewport.dir/sceneIndex/fvpMergingSceneIndex.cpp.o
[2023-11-09T20:01:03.722Z]     [15/100] Building CXX object lib/flowViewport/CMakeFiles/flowViewport.dir/sceneIndex/fvpPathInterfaceSceneIndex.cpp.o
[2023-11-09T20:01:03.722Z]     [16/100] Building CXX object lib/flowViewport/CMakeFiles/flowViewport.dir/sceneIndex/fvpPassThroughSelectionInterfaceSceneIndex.cpp.o
[2023-11-09T20:01:04.266Z]     [17/100] Building CXX object lib/flowViewport/CMakeFiles/flowViewport.dir/sceneIndex/fvpRenderIndexProxy.cpp.o
[2023-11-09T20:01:06.101Z]     [18/100] Building CXX object test/lib/mayaUsd/render/mayaToHydra/cpp/CMakeFiles/mayaHydraCppTests.dir/mayaHydraCppTestsCmd.cpp.o
[2023-11-09T20:01:06.101Z]     [19/100] Building CXX object lib/flowViewport/CMakeFiles/flowViewport.dir/sceneIndex/fvpSelectionSceneIndex.cpp.o
[2023-11-09T20:01:06.658Z]     [20/100] Automatic MOC for target adskHydraSceneBrowser
[2023-11-09T20:01:07.219Z]     [21/100] Building CXX object lib/flowViewport/CMakeFiles/flowViewport.dir/sceneIndex/fvpWireframeSelectionHighlightSceneIndex.cpp.o
[2023-11-09T20:01:07.219Z]     [22/100] Building CXX object test/lib/mayaUsd/render/mayaToHydra/cpp/CMakeFiles/mayaHydraCppTests.dir/testColorPreferences.cpp.o
[2023-11-09T20:01:07.795Z]     [23/100] Building CXX object test/lib/mayaUsd/render/mayaToHydra/cpp/CMakeFiles/mayaHydraCppTests.dir/testCppFramework.cpp.o
[2023-11-09T20:01:08.358Z]     [24/100] Building CXX object lib/flowViewport/CMakeFiles/flowViewport.dir/selection/fvpSelectionTracker.cpp.o
[2023-11-09T20:01:08.991Z]     [25/100] Building CXX object test/lib/mayaUsd/render/mayaToHydra/cpp/CMakeFiles/mayaHydraCppTests.dir/testUtils.cpp.o
[2023-11-09T20:01:09.550Z]     [26/100] Building CXX object lib/flowViewport/CMakeFiles/flowViewport.dir/selection/fvpSelectionTask.cpp.o
[2023-11-09T20:01:10.114Z]     [27/100] Linking CXX shared library lib/flowViewport/libflowViewport.dylib
[2023-11-09T20:01:11.369Z]     [28/100] Building CXX object test/lib/mayaUsd/render/mayaToHydra/cpp/CMakeFiles/mayaHydraCppTests.dir/testMayaSceneFlattening.cpp.o
[2023-11-09T20:01:12.538Z]     [29/100] Building CXX object lib/adskHydraSceneBrowser/lib/CMakeFiles/adskHydraSceneBrowser.dir/src/patch/sceneIndexObserverLoggingTreeView.cpp.o
[2023-11-09T20:01:13.091Z]     [30/100] Building CXX object lib/adskHydraSceneBrowser/lib/CMakeFiles/adskHydraSceneBrowser.dir/adskHydraSceneBrowser_autogen/mocs_compilation.cpp.o
[2023-11-09T20:01:13.658Z]     [31/100] Building CXX object lib/adskHydraSceneBrowser/lib/CMakeFiles/adskHydraSceneBrowser.dir/src/patch/dataSourceValueTreeView.cpp.o
[2023-11-09T20:01:13.658Z]     [32/100] Building CXX object lib/adskHydraSceneBrowser/lib/CMakeFiles/adskHydraSceneBrowser.dir/src/patch/registeredSceneIndexChooser.cpp.o
[2023-11-09T20:01:13.658Z]     [33/100] Building CXX object lib/adskHydraSceneBrowser/lib/CMakeFiles/adskHydraSceneBrowser.dir/src/patch/dataSourceTreeWidget.cpp.o
[2023-11-09T20:01:14.849Z]     [34/100] Building CXX object lib/adskHydraSceneBrowser/lib/CMakeFiles/adskHydraSceneBrowser.dir/src/patch/sceneIndexObserverLoggingWidget.cpp.o
[2023-11-09T20:01:15.420Z]     [35/100] Building CXX object lib/adskHydraSceneBrowser/lib/CMakeFiles/adskHydraSceneBrowser.dir/src/patch/sceneIndexDebuggerWidget.cpp.o
[2023-11-09T20:01:17.255Z]     [36/100] Building CXX object plugin/mayaHydraSceneBrowserTest/CMakeFiles/mayaHydraSceneBrowserTest.dir/mayaHydraSceneBrowserTestCmd.cpp.o
[2023-11-09T20:01:17.822Z]     [37/100] Building CXX object lib/adskHydraSceneBrowser/lib/CMakeFiles/adskHydraSceneBrowser.dir/src/patch/sceneIndexTreeWidget.cpp.o
[2023-11-09T20:01:18.387Z]     [38/100] Linking CXX shared library lib/adskHydraSceneBrowser/lib/libadskHydraSceneBrowser.dylib
[2023-11-09T20:01:18.973Z]     [39/100] Building CXX object lib/adskHydraSceneBrowser/test/CMakeFiles/adskHydraSceneBrowserTesting.dir/adskHydraSceneBrowserTesting.cpp.o
[2023-11-09T20:01:18.973Z]     [40/100] Building CXX object plugin/mayaHydraSceneBrowser/CMakeFiles/mayaHydraSceneBrowser.dir/mayaHydraSceneBrowser.cpp.o
[2023-11-09T20:01:18.973Z]     [41/100] Building CXX object lib/mayaHydra/mayaPlugin/CMakeFiles/mayaHydra.dir/colorNotFoundException.cpp.o
[2023-11-09T20:01:18.973Z]     [42/100] Building CXX object test/lib/mayaUsd/render/mayaToHydra/cpp/CMakeFiles/mayaHydraCppTests.dir/testMayaUsdUfeItems.cpp.o
[2023-11-09T20:01:20.151Z]     [43/100] Building CXX object lib/mayaHydra/mayaPlugin/CMakeFiles/mayaHydra.dir/pluginDebugCodes.cpp.o
[2023-11-09T20:01:20.151Z]     [44/100] Building CXX object lib/adskHydraSceneBrowser/test/CMakeFiles/adskHydraSceneBrowserTesting.dir/adskHydraSceneBrowserTestFixture.cpp.o
[2023-11-09T20:01:20.706Z]     [45/100] Linking CXX shared library lib/adskHydraSceneBrowser/test/libadskHydraSceneBrowserTesting.dylib
[2023-11-09T20:01:20.706Z]     [46/100] Building CXX object lib/mayaHydra/mayaPlugin/CMakeFiles/mayaHydra.dir/mayaColorPreferencesTranslator.cpp.o
[2023-11-09T20:01:21.282Z]     [47/100] Building CXX object test/lib/mayaUsd/render/mayaToHydra/cpp/CMakeFiles/mayaHydraCppTests.dir/testWireframeSelectionHighlightSceneIndex.cpp.o
[2023-11-09T20:01:21.838Z]     [48/100] Building CXX object lib/mayaHydra/mayaPlugin/CMakeFiles/mayaHydra.dir/tokens.cpp.o
[2023-11-09T20:01:22.405Z]     [49/100] Building CXX object test/lib/mayaUsd/render/mayaToHydra/cpp/CMakeFiles/mayaHydraCppTests.dir/testSelectionSceneIndex.cpp.o
[2023-11-09T20:01:22.963Z]     [50/100] Building CXX object test/lib/mayaUsd/render/mayaToHydra/cpp/CMakeFiles/mayaHydraCppTests.dir/testMergingSceneIndex.cpp.o
[2023-11-09T20:01:22.963Z]     [51/100] Building CXX object lib/mayaHydra/hydraExtensions/CMakeFiles/mayaHydraLib.dir/debugCodes.cpp.o
[2023-11-09T20:01:23.534Z]     [52/100] Building CXX object lib/mayaHydra/hydraExtensions/CMakeFiles/mayaHydraLib.dir/mayaUtils.cpp.o
[2023-11-09T20:01:25.401Z]     [53/100] Building CXX object lib/mayaHydra/mayaPlugin/CMakeFiles/mayaHydra.dir/pluginUtils.cpp.o
[2023-11-09T20:01:26.593Z]     [54/100] Building CXX object lib/mayaHydra/hydraExtensions/CMakeFiles/mayaHydraLib.dir/interfaceImp.cpp.o
[2023-11-09T20:01:26.593Z]     [55/100] Building CXX object lib/mayaHydra/hydraExtensions/CMakeFiles/mayaHydraLib.dir/hydraUtils.cpp.o
[2023-11-09T20:01:26.593Z]     [56/100] Building CXX object lib/mayaHydra/mayaPlugin/CMakeFiles/mayaHydra.dir/plugin.cpp.o
[2023-11-09T20:01:27.153Z]     [57/100] Building CXX object lib/mayaHydra/hydraExtensions/CMakeFiles/mayaHydraLib.dir/adapters/adapterDebugCodes.cpp.o
[2023-11-09T20:01:27.724Z]     [58/100] Building CXX object lib/mayaHydra/hydraExtensions/CMakeFiles/mayaHydraLib.dir/mixedUtils.cpp.o
[2023-11-09T20:01:28.914Z]     [59/100] Building CXX object lib/mayaHydra/mayaPlugin/CMakeFiles/mayaHydra.dir/viewCommand.cpp.o
[2023-11-09T20:01:28.914Z]     /Volumes/DATA/local/S/jenkins/workspace/ECP/ecg-maya-hydra/ecg-maya-hydra-branch-preflight-python3-osx/ecg-maya-hydra/maya-hydra/lib/mayaHydra/mayaPlugin/viewCommand.cpp:33:9: warning: MAYAHYDRA_CUT_ID is not defined [-W#pragma-messages]
[2023-11-09T20:01:28.914Z]     #pragma message("MAYAHYDRA_CUT_ID is not defined")
[2023-11-09T20:01:28.914Z]             ^
[2023-11-09T20:01:28.914Z]     1 warning generated.
[2023-11-09T20:01:28.914Z]     /Volumes/DATA/local/S/jenkins/workspace/ECP/ecg-maya-hydra/ecg-maya-hydra-branch-preflight-python3-osx/ecg-maya-hydra/maya-hydra/lib/mayaHydra/mayaPlugin/viewCommand.cpp:33:9: warning: MAYAHYDRA_CUT_ID is not defined [-W#pragma-messages]
[2023-11-09T20:01:28.914Z]     #pragma message("MAYAHYDRA_CUT_ID is not defined")
[2023-11-09T20:01:28.914Z]             ^
[2023-11-09T20:01:28.914Z]     1 warning generated.
[2023-11-09T20:01:30.799Z]     [60/100] Building CXX object lib/mayaHydra/mayaPlugin/CMakeFiles/mayaHydra.dir/renderGlobals.cpp.o
[2023-11-09T20:01:30.799Z]     [61/100] Building CXX object lib/mayaHydra/mayaPlugin/CMakeFiles/mayaHydra.dir/renderOverride.cpp.o
[2023-11-09T20:01:33.516Z]     [62/100] Building CXX object lib/mayaHydra/hydraExtensions/CMakeFiles/mayaHydraLib.dir/adapters/adapter.cpp.o
[2023-11-09T20:01:34.708Z]     [63/100] Building CXX object lib/mayaHydra/hydraExtensions/CMakeFiles/mayaHydraLib.dir/adapters/adapterRegistry.cpp.o
[2023-11-09T20:01:34.708Z]     [64/100] Building CXX object lib/mayaHydra/hydraExtensions/CMakeFiles/mayaHydraLib.dir/adapters/areaLightAdapter.cpp.o
[2023-11-09T20:01:35.908Z]     [65/100] Building CXX object lib/mayaHydra/hydraExtensions/CMakeFiles/mayaHydraLib.dir/adapters/aiSkydomeLightAdapter.cpp.o
[2023-11-09T20:01:36.496Z]     [66/100] Building CXX object lib/mayaHydra/hydraExtensions/CMakeFiles/mayaHydraLib.dir/adapters/cameraAdapter.cpp.o
[2023-11-09T20:01:36.496Z]     [67/100] Building CXX object lib/mayaHydra/hydraExtensions/CMakeFiles/mayaHydraLib.dir/mayaHydraSceneProducer.cpp.o
[2023-11-09T20:01:37.077Z]     [68/100] Building CXX object lib/mayaHydra/hydraExtensions/CMakeFiles/mayaHydraLib.dir/adapters/mayaAttrs.cpp.o
[2023-11-09T20:01:38.280Z]     [69/100] Building CXX object lib/mayaHydra/hydraExtensions/CMakeFiles/mayaHydraLib.dir/adapters/dagAdapter.cpp.o
[2023-11-09T20:01:39.487Z]     [70/100] Building CXX object lib/mayaHydra/hydraExtensions/CMakeFiles/mayaHydraLib.dir/adapters/renderItemAdapter.cpp.o
[2023-11-09T20:01:41.365Z]     [71/100] Building CXX object lib/mayaHydra/hydraExtensions/CMakeFiles/mayaHydraLib.dir/adapters/lightAdapter.cpp.o
[2023-11-09T20:01:42.532Z]     [72/100] Building CXX object lib/mayaHydra/hydraExtensions/CMakeFiles/mayaHydraLib.dir/adapters/directionalLightAdapter.cpp.o
[2023-11-09T20:01:43.099Z]     [73/100] Building CXX object lib/mayaHydra/hydraExtensions/CMakeFiles/mayaHydraLib.dir/adapters/materialAdapter.cpp.o
[2023-11-09T20:01:43.667Z]     [74/100] Building CXX object lib/mayaHydra/hydraExtensions/CMakeFiles/mayaHydraLib.dir/adapters/tokens.cpp.o
[2023-11-09T20:01:44.219Z]     [75/100] Building CXX object lib/mayaHydra/hydraExtensions/CMakeFiles/mayaHydraLib.dir/adapters/meshAdapter.cpp.o
[2023-11-09T20:01:44.780Z]     [76/100] Building CXX object lib/mayaHydra/hydraExtensions/CMakeFiles/mayaHydraLib.dir/adapters/nurbsCurveAdapter.cpp.o
[2023-11-09T20:01:45.347Z]     [77/100] Building CXX object lib/mayaHydra/hydraExtensions/CMakeFiles/mayaHydraLib.dir/delegates/delegateDebugCodes.cpp.o
[2023-11-09T20:01:45.347Z]     [78/100] Building CXX object lib/mayaHydra/hydraExtensions/CMakeFiles/mayaHydraLib.dir/adapters/materialNetworkConverter.cpp.o
[2023-11-09T20:01:45.916Z]     [79/100] Building CXX object lib/mayaHydra/hydraExtensions/CMakeFiles/mayaHydraLib.dir/adapters/shapeAdapter.cpp.o
[2023-11-09T20:01:45.916Z]     [80/100] Building CXX object lib/mayaHydra/hydraExtensions/CMakeFiles/mayaHydraLib.dir/adapters/pointLightAdapter.cpp.o
[2023-11-09T20:01:49.431Z]     [81/100] Building CXX object lib/mayaHydra/hydraExtensions/CMakeFiles/mayaHydraLib.dir/adapters/spotLightAdapter.cpp.o
[2023-11-09T20:01:49.431Z]     [82/100] Building CXX object lib/mayaHydra/hydraExtensions/CMakeFiles/mayaHydraLib.dir/delegates/delegate.cpp.o
[2023-11-09T20:01:50.622Z]     [83/100] Building CXX object lib/mayaHydra/hydraExtensions/CMakeFiles/mayaHydraLib.dir/delegates/delegateCtx.cpp.o
[2023-11-09T20:01:51.800Z]     [84/100] Building CXX object lib/mayaHydra/hydraExtensions/CMakeFiles/mayaHydraLib.dir/delegates/delegateRegistry.cpp.o
[2023-11-09T20:01:52.445Z]     [85/100] Building CXX object lib/mayaHydra/hydraExtensions/CMakeFiles/mayaHydraLib.dir/sceneIndex/registration.cpp.o
[2023-11-09T20:01:55.218Z]     [86/100] Building CXX object lib/mayaHydra/hydraExtensions/CMakeFiles/mayaHydraLib.dir/delegates/sceneDelegate.cpp.o
[2023-11-09T20:01:57.089Z]     [87/100] Building CXX object lib/mayaHydra/hydraExtensions/CMakeFiles/mayaHydraLib.dir/delegates/testDelegate.cpp.o
[2023-11-09T20:01:57.089Z]     [88/100] Building CXX object lib/mayaHydra/hydraExtensions/CMakeFiles/mayaHydraLib.dir/delegates/defaultLightDelegate.cpp.o
[2023-11-09T20:01:57.631Z]     [89/100] Building CXX object lib/mayaHydra/hydraExtensions/CMakeFiles/mayaHydraLib.dir/sceneIndex/mayaHydraPrimvarDataSource.cpp.o
[2023-11-09T20:01:58.766Z]     [90/100] Building CXX object lib/mayaHydra/hydraExtensions/CMakeFiles/mayaHydraLib.dir/sceneIndex/mayaHydraDataSource.cpp.o
[2023-11-09T20:01:59.306Z]     [91/100] Building CXX object lib/mayaHydra/hydraExtensions/CMakeFiles/mayaHydraLib.dir/sceneIndex/mayaHydraDisplayStyleDataSource.cpp.o
[2023-11-09T20:01:59.306Z]     [92/100] Building CXX object lib/mayaHydra/hydraExtensions/CMakeFiles/mayaHydraLib.dir/sceneIndex/mayaHydraSceneIndex.cpp.o
[2023-11-09T20:01:59.306Z]     [93/100] Building CXX object lib/mayaHydra/hydraExtensions/CMakeFiles/mayaHydraLib.dir/sceneIndex/mayaHydraCameraDataSource.cpp.o
[2023-11-09T20:02:01.091Z]     [94/100] Building CXX object lib/mayaHydra/hydraExtensions/CMakeFiles/mayaHydraLib.dir/sceneIndex/mayaHydraLightDataSource.cpp.o
[2023-11-09T20:02:02.222Z]     [95/100] Building CXX object lib/mayaHydra/hydraExtensions/CMakeFiles/mayaHydraLib.dir/sceneIndex/mayaHydraDefaultLightDataSource.cpp.o
[2023-11-09T20:02:03.353Z]     [96/100] Linking CXX shared library lib/mayaHydra/hydraExtensions/libmayaHydraLib.dylib
[2023-11-09T20:02:03.353Z]     [97/100] Linking CXX shared library plugin/mayaHydraSceneBrowser/mayaHydraSceneBrowser.bundle
[2023-11-09T20:02:03.353Z]     [98/100] Linking CXX shared library plugin/mayaHydraSceneBrowserTest/mayaHydraSceneBrowserTest.bundle
[2023-11-09T20:02:03.353Z]     [99/100] Linking CXX shared library test/lib/mayaUsd/render/mayaToHydra/cpp/mayaHydraCppTests.bundle
[2023-11-09T20:02:03.899Z]     [100/100] Linking CXX shared library lib/mayaHydra/mayaPlugin/mayaHydra.bundle
[2023-11-09T20:02:03.899Z]     
[2023-11-09T20:02:03.899Z]         Building with settings:
[2023-11-09T20:02:03.899Z]           Source directory          /Volumes/DATA/local/S/jenkins/workspace/ECP/ecg-maya-hydra/ecg-maya-hydra-branch-preflight-python3-osx/ecg-maya-hydra/maya-hydra
[2023-11-09T20:02:03.899Z]           Workspace directory       /local/S/jenkins/workspace/ECP/ecg-maya-hydra/ecg-maya-hydra-branch-preflight-python3-osx
[2023-11-09T20:02:03.899Z]           Build directory           /local/S/jenkins/workspace/ECP/ecg-maya-hydra/ecg-maya-hydra-branch-preflight-python3-osx/build/Debug
[2023-11-09T20:02:03.899Z]           Install directory         /local/S/jenkins/workspace/ECP/ecg-maya-hydra/ecg-maya-hydra-branch-preflight-python3-osx/install/Debug/MayaHydra
[2023-11-09T20:02:03.899Z]           Variant                   Debug
[2023-11-09T20:02:03.899Z]           Python Debug              Off
[2023-11-09T20:02:03.899Z]           CMake generator           Ninja
[2023-11-09T20:02:03.899Z]           Build arguments           ['-DCMAKE_MAKE_PROGRAM=/local/S/jenkins/workspace/shared/Artifactory/OSX/ninja/1.10.2/95d0ca5/ninja', '-DPYTHON_INCLUDE_DIR=/local/S/jenkins/workspace/shared/Artifactory/OSX/rundev-master-debug/202310260154/runtime/3fe4f1c/runTime/Maya.app/Contents/Frameworks/Python.framework/Versions/Current/include/python3.10', '-DPython_EXECUTABLE=/local/S/jenkins/workspace/shared/Artifactory/OSX/rundev-master-debug/202310260154/runtime/3fe4f1c/runTime/Maya.app/Contents/bin/mayapy', '-DPYTHON_LIBRARIES=/local/S/jenkins/workspace/shared/Artifactory/OSX/rundev-master-debug/202310260154/runtime/3fe4f1c/runTime/Maya.app/Contents/Frameworks/Python.framework/Versions/Current/lib/libpython3.10.dylib', '-DBUILD_WITH_PYTHON_3=ON', '-DBUILD_WITH_PYTHON_3_VERSION=3.10', '-DBUILD_UB2=ON', '-DCMAKE_WANT_MATERIALX_BUILD=ON', '-DCMAKE_PREFIX_PATH=/local/S/jenkins/workspace/shared/Artifactory/OSX/USD/a9d0dd1']
[2023-11-09T20:02:03.899Z]           Stages arguments          ['build']
[2023-11-09T20:02:03.899Z]           CTest arguments           ['--parallel 8']
[2023-11-09T20:02:03.899Z]     Success MayaHydra build and install !!!!
[2023-11-09T20:02:03.899Z]     Elapsed time: 00:01:04
[Pipeline] sh
[2023-11-09T20:02:05.474Z] + python ecg-maya-hydra/build.py --stages=build --workspace-dir=/local/S/jenkins/workspace/ECP/ecg-maya-hydra/ecg-maya-hydra-branch-preflight-python3-osx --artifactory-dir=/local/S/jenkins/workspace/shared/Artifactory --build-dir=/local/S/jenkins/workspace/ECP/ecg-maya-hydra/ecg-maya-hydra-branch-preflight-python3-osx/build --install-dir=/local/S/jenkins/workspace/ECP/ecg-maya-hydra/ecg-maya-hydra-branch-preflight-python3-osx/install --signing-dir=/local/S/jenkins/workspace/ECP/ecg-maya-hydra/ecg-maya-hydra-branch-preflight-python3-osx/signing --package-dir=/local/S/jenkins/workspace/ECP/ecg-maya-hydra/ecg-maya-hydra-branch-preflight-python3-osx/package --output-dir=/local/S/jenkins/workspace/ECP/ecg-maya-hydra/ecg-maya-hydra-branch-preflight-python3-osx/output --stash-dir=/local/S/jenkins/workspace/ECP/ecg-maya-hydra/ecg-maya-hydra-branch-preflight-python3-osx/stash --jenkins-build=377 --git-commit=e5498a2f05daf96993fc42e0de56ba872d810562 --git-branch=master --variants=RelWithDebInfo --interactive-tests=true --post-zips=false --osx-binary-architecture-target=ub2 --osx-deployment-target=11.0 --osx-base-sdk=CurrentActiveSDK --build-retry=3 --maya-cut-config=maya-rundev-master.yaml --maya-package=rundev-master --stage-banner
[2023-11-09T20:02:05.474Z] Using Maya cut from /local/S/jenkins/workspace/shared/Artifactory/OSX/rundev-master/202311060140/runtime/e9a5ae1
[2023-11-09T20:02:05.474Z] Using Maya ADSK Signatures from /local/S/jenkins/workspace/shared/Artifactory/OSX/adsk-plugin-signatures-maya/2023/3ae1ae7
[2023-11-09T20:02:05.474Z] Using Maya Security Library from /local/S/jenkins/workspace/shared/Artifactory/OSX/maya-security-library/3.4.0/5e08f3e
[2023-11-09T20:02:05.474Z] 
[2023-11-09T20:02:05.475Z] ================================================================================
[2023-11-09T20:02:05.475Z]                              build (RelWithDebInfo)
[2023-11-09T20:02:05.475Z] ================================================================================
[2023-11-09T20:02:05.475Z] Maya Python RelWithDebInfo Info:
[2023-11-09T20:02:05.475Z]   mayapy executable   = /local/S/jenkins/workspace/shared/Artifactory/OSX/rundev-master/202311060140/runtime/e9a5ae1/runTime/Maya.app/Contents/bin/mayapy
[2023-11-09T20:02:05.475Z]   Include Folder      = /local/S/jenkins/workspace/shared/Artifactory/OSX/rundev-master/202311060140/runtime/e9a5ae1/runTime/Maya.app/Contents/Frameworks/Python.framework/Versions/Current/include/python3.10
[2023-11-09T20:02:05.475Z]   Library             = /local/S/jenkins/workspace/shared/Artifactory/OSX/rundev-master/202311060140/runtime/e9a5ae1/runTime/Maya.app/Contents/Frameworks/Python.framework/Versions/Current/lib/libpython3.10.dylib
[2023-11-09T20:02:05.475Z]   site-package Folder = /local/S/jenkins/workspace/shared/Artifactory/OSX/rundev-master/202311060140/runtime/e9a5ae1/runTime/Maya.app/Contents/Frameworks/Python.framework/Versions/Current/lib/python3.10/site-packages
[2023-11-09T20:02:05.475Z] In workdir: /Volumes/DATA/local/S/jenkins/workspace/ECP/ecg-maya-hydra/ecg-maya-hydra-branch-preflight-python3-osx/ecg-maya-hydra/maya-hydra
[2023-11-09T20:02:05.475Z] Executing: arch -arch arm64 /local/S/jenkins/workspace/shared/Artifactory/OSX/rundev-master/202311060140/runtime/e9a5ae1/runTime/Maya.app/Contents/bin/mayapy /Volumes/DATA/local/S/jenkins/workspace/ECP/ecg-maya-hydra/ecg-maya-hydra-branch-preflight-python3-osx/ecg-maya-hydra/maya-hydra/build.py --generator Ninja --build-relwithdebug --maya-location /local/S/jenkins/workspace/shared/Artifactory/OSX/rundev-master/202311060140/runtime/e9a5ae1/runTime --devkit-location /local/S/jenkins/workspace/shared/Artifactory/OSX/rundev-master/202311060140/runtime/e9a5ae1/devkitBase --pxrusd-location /local/S/jenkins/workspace/shared/Artifactory/OSX/USD/b595ab2 --build-args=-DCMAKE_MAKE_PROGRAM=/local/S/jenkins/workspace/shared/Artifactory/OSX/ninja/1.10.2/95d0ca5/ninja,-DPYTHON_INCLUDE_DIR=/local/S/jenkins/workspace/shared/Artifactory/OSX/rundev-master/202311060140/runtime/e9a5ae1/runTime/Maya.app/Contents/Frameworks/Python.framework/Versions/Current/include/python3.10,-DPython_EXECUTABLE=/local/S/jenkins/workspace/shared/Artifactory/OSX/rundev-master/202311060140/runtime/e9a5ae1/runTime/Maya.app/Contents/bin/mayapy,-DPYTHON_LIBRARIES=/local/S/jenkins/workspace/shared/Artifactory/OSX/rundev-master/202311060140/runtime/e9a5ae1/runTime/Maya.app/Contents/Frameworks/Python.framework/Versions/Current/lib/libpython3.10.dylib,-DBUILD_WITH_PYTHON_3=ON,-DBUILD_WITH_PYTHON_3_VERSION=3.10,-DBUILD_UB2=ON,-DCMAKE_WANT_MATERIALX_BUILD=ON,-DCMAKE_PREFIX_PATH=/local/S/jenkins/workspace/shared/Artifactory/OSX/USD/b595ab2 '--ctest-args=--parallel 8' --stages=build --redirect-outstream-file=False --install-location /local/S/jenkins/workspace/ECP/ecg-maya-hydra/ecg-maya-hydra-branch-preflight-python3-osx/install/RelWithDebInfo/MayaHydra /local/S/jenkins/workspace/ECP/ecg-maya-hydra/ecg-maya-hydra-branch-preflight-python3-osx
[2023-11-09T20:02:05.475Z] Modified environment variables:
[2023-11-09T20:02:05.475Z]     PATH=/local/S/jenkins/workspace/shared/Artifactory/OSX/cmake/3.20.3/2594509/bin:/opt/homebrew/bin:/usr/local/bin:/bin:/usr/sbin:/sbin:/usr/bin:/usr/bin:/bin:/usr/sbin:/sbin
[2023-11-09T20:02:06.651Z]     [1/100] Building CXX object lib/flowViewport/CMakeFiles/flowViewport.dir/debugCodes.cpp.o
[2023-11-09T20:02:06.651Z]     [2/100] Building CXX object lib/flowViewport/CMakeFiles/flowViewport.dir/sceneIndex/fvpPathInterface.cpp.o
[2023-11-09T20:02:06.651Z]     [3/100] Building CXX object lib/flowViewport/CMakeFiles/flowViewport.dir/tokens.cpp.o
[2023-11-09T20:02:06.651Z]     [4/100] Building CXX object lib/flowViewport/CMakeFiles/flowViewport.dir/colorPreferences/fvpColorPreferencesTokens.cpp.o
[2023-11-09T20:02:07.206Z]     [5/100] Building CXX object lib/flowViewport/CMakeFiles/flowViewport.dir/colorPreferences/fvpColorChanged.cpp.o
[2023-11-09T20:02:07.206Z]     [6/100] Building CXX object lib/flowViewport/CMakeFiles/flowViewport.dir/global.cpp.o
[2023-11-09T20:02:07.206Z]     [7/100] Building CXX object lib/flowViewport/CMakeFiles/flowViewport.dir/sceneIndex/fvpSelectionInterface.cpp.o
[2023-11-09T20:02:07.206Z]     [8/100] Building CXX object lib/flowViewport/CMakeFiles/flowViewport.dir/colorPreferences/fvpColorPreferences.cpp.o
[2023-11-09T20:02:07.206Z]     [9/100] Building CXX object lib/flowViewport/CMakeFiles/flowViewport.dir/API/interfacesImp/fvpVersionInterfaceImp.cpp.o
[2023-11-09T20:02:07.767Z]     [10/100] Building CXX object lib/mayaHydra/ufeExtensions/CMakeFiles/ufeExtensions.dir/Global.cpp.o
[2023-11-09T20:02:07.767Z]     [11/100] Linking CXX shared library lib/mayaHydra/ufeExtensions/libufeExtensions.dylib
[2023-11-09T20:02:08.933Z]     [12/100] Building CXX object lib/flowViewport/CMakeFiles/flowViewport.dir/API/interfacesImp/fvpSelectionInterfaceImp.cpp.o
[2023-11-09T20:02:08.933Z]     [13/100] Building CXX object lib/flowViewport/CMakeFiles/flowViewport.dir/API/samples/fvpSelectionClientExample.cpp.o
[2023-11-09T20:02:09.496Z]     [14/100] Building CXX object lib/flowViewport/CMakeFiles/flowViewport.dir/sceneIndex/fvpMergingSceneIndex.cpp.o
[2023-11-09T20:02:10.631Z]     [15/100] Building CXX object lib/flowViewport/CMakeFiles/flowViewport.dir/sceneIndex/fvpPathInterfaceSceneIndex.cpp.o
[2023-11-09T20:02:11.173Z]     [16/100] Building CXX object lib/flowViewport/CMakeFiles/flowViewport.dir/sceneIndex/fvpPassThroughSelectionInterfaceSceneIndex.cpp.o
[2023-11-09T20:02:11.715Z]     [17/100] Building CXX object lib/flowViewport/CMakeFiles/flowViewport.dir/sceneIndex/fvpRenderIndexProxy.cpp.o
[2023-11-09T20:02:13.513Z]     [18/100] Building CXX object test/lib/mayaUsd/render/mayaToHydra/cpp/CMakeFiles/mayaHydraCppTests.dir/mayaHydraCppTestsCmd.cpp.o
[2023-11-09T20:02:13.513Z]     [19/100] Automatic MOC for target adskHydraSceneBrowser
[2023-11-09T20:02:14.078Z]     [20/100] Building CXX object lib/flowViewport/CMakeFiles/flowViewport.dir/sceneIndex/fvpSelectionSceneIndex.cpp.o
[2023-11-09T20:02:14.648Z]     [21/100] Building CXX object lib/flowViewport/CMakeFiles/flowViewport.dir/sceneIndex/fvpWireframeSelectionHighlightSceneIndex.cpp.o
[2023-11-09T20:02:15.216Z]     [22/100] Building CXX object test/lib/mayaUsd/render/mayaToHydra/cpp/CMakeFiles/mayaHydraCppTests.dir/testCppFramework.cpp.o
[2023-11-09T20:02:15.794Z]     [23/100] Building CXX object lib/flowViewport/CMakeFiles/flowViewport.dir/selection/fvpSelectionTracker.cpp.o
[2023-11-09T20:02:15.794Z]     [24/100] Building CXX object test/lib/mayaUsd/render/mayaToHydra/cpp/CMakeFiles/mayaHydraCppTests.dir/testColorPreferences.cpp.o
[2023-11-09T20:02:16.374Z]     [25/100] Building CXX object lib/flowViewport/CMakeFiles/flowViewport.dir/selection/fvpSelectionTask.cpp.o
[2023-11-09T20:02:16.942Z]     [26/100] Linking CXX shared library lib/flowViewport/libflowViewport.dylib
[2023-11-09T20:02:16.942Z]     [27/100] Building CXX object test/lib/mayaUsd/render/mayaToHydra/cpp/CMakeFiles/mayaHydraCppTests.dir/testUtils.cpp.o
[2023-11-09T20:02:20.409Z]     [28/100] Building CXX object lib/adskHydraSceneBrowser/lib/CMakeFiles/adskHydraSceneBrowser.dir/src/patch/sceneIndexObserverLoggingTreeView.cpp.o
[2023-11-09T20:02:20.409Z]     [29/100] Building CXX object lib/adskHydraSceneBrowser/lib/CMakeFiles/adskHydraSceneBrowser.dir/adskHydraSceneBrowser_autogen/mocs_compilation.cpp.o
[2023-11-09T20:02:20.409Z]     [30/100] Building CXX object lib/adskHydraSceneBrowser/lib/CMakeFiles/adskHydraSceneBrowser.dir/src/patch/registeredSceneIndexChooser.cpp.o
[2023-11-09T20:02:21.583Z]     [31/100] Building CXX object lib/adskHydraSceneBrowser/lib/CMakeFiles/adskHydraSceneBrowser.dir/src/patch/sceneIndexObserverLoggingWidget.cpp.o
[2023-11-09T20:02:22.144Z]     [32/100] Building CXX object lib/adskHydraSceneBrowser/lib/CMakeFiles/adskHydraSceneBrowser.dir/src/patch/dataSourceValueTreeView.cpp.o
[2023-11-09T20:02:22.715Z]     [33/100] Building CXX object lib/adskHydraSceneBrowser/lib/CMakeFiles/adskHydraSceneBrowser.dir/src/patch/sceneIndexDebuggerWidget.cpp.o
[2023-11-09T20:02:22.715Z]     [34/100] Building CXX object lib/adskHydraSceneBrowser/lib/CMakeFiles/adskHydraSceneBrowser.dir/src/patch/dataSourceTreeWidget.cpp.o
[2023-11-09T20:02:23.883Z]     [35/100] Building CXX object lib/adskHydraSceneBrowser/lib/CMakeFiles/adskHydraSceneBrowser.dir/src/patch/sceneIndexTreeWidget.cpp.o
[2023-11-09T20:02:24.444Z]     [36/100] Linking CXX shared library lib/adskHydraSceneBrowser/lib/libadskHydraSceneBrowser.dylib
[2023-11-09T20:02:25.019Z]     [37/100] Building CXX object plugin/mayaHydraSceneBrowserTest/CMakeFiles/mayaHydraSceneBrowserTest.dir/mayaHydraSceneBrowserTestCmd.cpp.o
[2023-11-09T20:02:26.204Z]     [38/100] Building CXX object plugin/mayaHydraSceneBrowser/CMakeFiles/mayaHydraSceneBrowser.dir/mayaHydraSceneBrowser.cpp.o
[2023-11-09T20:02:26.776Z]     [39/100] Building CXX object lib/adskHydraSceneBrowser/test/CMakeFiles/adskHydraSceneBrowserTesting.dir/adskHydraSceneBrowserTesting.cpp.o
[2023-11-09T20:02:27.352Z]     [40/100] Building CXX object lib/mayaHydra/mayaPlugin/CMakeFiles/mayaHydra.dir/colorNotFoundException.cpp.o
[2023-11-09T20:02:27.906Z]     [41/100] Building CXX object test/lib/mayaUsd/render/mayaToHydra/cpp/CMakeFiles/mayaHydraCppTests.dir/testMayaSceneFlattening.cpp.o
[2023-11-09T20:02:28.479Z]     [42/100] Building CXX object test/lib/mayaUsd/render/mayaToHydra/cpp/CMakeFiles/mayaHydraCppTests.dir/testMayaUsdUfeItems.cpp.o
[2023-11-09T20:02:29.044Z]     [43/100] Building CXX object lib/mayaHydra/mayaPlugin/CMakeFiles/mayaHydra.dir/pluginDebugCodes.cpp.o
[2023-11-09T20:02:29.044Z]     [44/100] Building CXX object lib/mayaHydra/mayaPlugin/CMakeFiles/mayaHydra.dir/mayaColorPreferencesTranslator.cpp.o
[2023-11-09T20:02:32.484Z]     [45/100] Building CXX object test/lib/mayaUsd/render/mayaToHydra/cpp/CMakeFiles/mayaHydraCppTests.dir/testSelectionSceneIndex.cpp.o
[2023-11-09T20:02:32.484Z]     [46/100] Building CXX object test/lib/mayaUsd/render/mayaToHydra/cpp/CMakeFiles/mayaHydraCppTests.dir/testWireframeSelectionHighlightSceneIndex.cpp.o
[2023-11-09T20:02:32.484Z]     [47/100] Building CXX object test/lib/mayaUsd/render/mayaToHydra/cpp/CMakeFiles/mayaHydraCppTests.dir/testMergingSceneIndex.cpp.o
[2023-11-09T20:02:33.047Z]     [48/100] Building CXX object lib/adskHydraSceneBrowser/test/CMakeFiles/adskHydraSceneBrowserTesting.dir/adskHydraSceneBrowserTestFixture.cpp.o
[2023-11-09T20:02:33.047Z]     [49/100] Building CXX object lib/mayaHydra/mayaPlugin/CMakeFiles/mayaHydra.dir/tokens.cpp.o
[2023-11-09T20:02:33.047Z]     [50/100] Linking CXX shared library lib/adskHydraSceneBrowser/test/libadskHydraSceneBrowserTesting.dylib
[2023-11-09T20:02:33.047Z]     [51/100] Building CXX object lib/mayaHydra/hydraExtensions/CMakeFiles/mayaHydraLib.dir/debugCodes.cpp.o
[2023-11-09T20:02:34.212Z]     [52/100] Building CXX object lib/mayaHydra/hydraExtensions/CMakeFiles/mayaHydraLib.dir/mayaUtils.cpp.o
[2023-11-09T20:02:34.779Z]     [53/100] Building CXX object lib/mayaHydra/mayaPlugin/CMakeFiles/mayaHydra.dir/plugin.cpp.o
[2023-11-09T20:02:35.342Z]     [54/100] Building CXX object lib/mayaHydra/mayaPlugin/CMakeFiles/mayaHydra.dir/pluginUtils.cpp.o
[2023-11-09T20:02:37.216Z]     [55/100] Building CXX object lib/mayaHydra/hydraExtensions/CMakeFiles/mayaHydraLib.dir/interfaceImp.cpp.o
[2023-11-09T20:02:37.778Z]     [56/100] Building CXX object lib/mayaHydra/hydraExtensions/CMakeFiles/mayaHydraLib.dir/adapters/adapterDebugCodes.cpp.o
[2023-11-09T20:02:38.331Z]     [57/100] Building CXX object lib/mayaHydra/hydraExtensions/CMakeFiles/mayaHydraLib.dir/mixedUtils.cpp.o
[2023-11-09T20:02:38.905Z]     [58/100] Building CXX object lib/mayaHydra/hydraExtensions/CMakeFiles/mayaHydraLib.dir/hydraUtils.cpp.o
[2023-11-09T20:02:39.476Z]     [59/100] Building CXX object lib/mayaHydra/mayaPlugin/CMakeFiles/mayaHydra.dir/viewCommand.cpp.o
[2023-11-09T20:02:39.476Z]     /Volumes/DATA/local/S/jenkins/workspace/ECP/ecg-maya-hydra/ecg-maya-hydra-branch-preflight-python3-osx/ecg-maya-hydra/maya-hydra/lib/mayaHydra/mayaPlugin/viewCommand.cpp:33:9: warning: MAYAHYDRA_CUT_ID is not defined [-W#pragma-messages]
[2023-11-09T20:02:39.476Z]     #pragma message("MAYAHYDRA_CUT_ID is not defined")
[2023-11-09T20:02:39.476Z]             ^
[2023-11-09T20:02:39.476Z]     1 warning generated.
[2023-11-09T20:02:39.476Z]     /Volumes/DATA/local/S/jenkins/workspace/ECP/ecg-maya-hydra/ecg-maya-hydra-branch-preflight-python3-osx/ecg-maya-hydra/maya-hydra/lib/mayaHydra/mayaPlugin/viewCommand.cpp:33:9: warning: MAYAHYDRA_CUT_ID is not defined [-W#pragma-messages]
[2023-11-09T20:02:39.476Z]     #pragma message("MAYAHYDRA_CUT_ID is not defined")
[2023-11-09T20:02:39.476Z]             ^
[2023-11-09T20:02:39.476Z]     1 warning generated.
[2023-11-09T20:02:42.127Z]     [60/100] Building CXX object lib/mayaHydra/mayaPlugin/CMakeFiles/mayaHydra.dir/renderOverride.cpp.o
[2023-11-09T20:02:42.685Z]     [61/100] Building CXX object lib/mayaHydra/hydraExtensions/CMakeFiles/mayaHydraLib.dir/adapters/adapter.cpp.o
[2023-11-09T20:02:43.246Z]     [62/100] Building CXX object lib/mayaHydra/mayaPlugin/CMakeFiles/mayaHydra.dir/renderGlobals.cpp.o
[2023-11-09T20:02:46.712Z]     [63/100] Building CXX object lib/mayaHydra/hydraExtensions/CMakeFiles/mayaHydraLib.dir/adapters/adapterRegistry.cpp.o
[2023-11-09T20:02:46.712Z]     [64/100] Building CXX object lib/mayaHydra/hydraExtensions/CMakeFiles/mayaHydraLib.dir/adapters/areaLightAdapter.cpp.o
[2023-11-09T20:02:46.712Z]     [65/100] Building CXX object lib/mayaHydra/hydraExtensions/CMakeFiles/mayaHydraLib.dir/mayaHydraSceneProducer.cpp.o
[2023-11-09T20:02:47.269Z]     [66/100] Building CXX object lib/mayaHydra/hydraExtensions/CMakeFiles/mayaHydraLib.dir/adapters/aiSkydomeLightAdapter.cpp.o
[2023-11-09T20:02:47.841Z]     [67/100] Building CXX object lib/mayaHydra/hydraExtensions/CMakeFiles/mayaHydraLib.dir/adapters/cameraAdapter.cpp.o
[2023-11-09T20:02:48.402Z]     [68/100] Building CXX object lib/mayaHydra/hydraExtensions/CMakeFiles/mayaHydraLib.dir/adapters/mayaAttrs.cpp.o
[2023-11-09T20:02:50.253Z]     [69/100] Building CXX object lib/mayaHydra/hydraExtensions/CMakeFiles/mayaHydraLib.dir/adapters/dagAdapter.cpp.o
[2023-11-09T20:02:52.102Z]     [70/100] Building CXX object lib/mayaHydra/hydraExtensions/CMakeFiles/mayaHydraLib.dir/adapters/lightAdapter.cpp.o
[2023-11-09T20:02:52.669Z]     [71/100] Building CXX object lib/mayaHydra/hydraExtensions/CMakeFiles/mayaHydraLib.dir/adapters/renderItemAdapter.cpp.o
[2023-11-09T20:02:54.501Z]     [72/100] Building CXX object lib/mayaHydra/hydraExtensions/CMakeFiles/mayaHydraLib.dir/adapters/directionalLightAdapter.cpp.o
[2023-11-09T20:02:56.359Z]     [73/100] Building CXX object lib/mayaHydra/hydraExtensions/CMakeFiles/mayaHydraLib.dir/adapters/tokens.cpp.o
[2023-11-09T20:02:56.929Z]     [74/100] Building CXX object lib/mayaHydra/hydraExtensions/CMakeFiles/mayaHydraLib.dir/adapters/materialAdapter.cpp.o
[2023-11-09T20:02:56.929Z]     [75/100] Building CXX object lib/mayaHydra/hydraExtensions/CMakeFiles/mayaHydraLib.dir/adapters/nurbsCurveAdapter.cpp.o
[2023-11-09T20:02:58.099Z]     [76/100] Building CXX object lib/mayaHydra/hydraExtensions/CMakeFiles/mayaHydraLib.dir/adapters/meshAdapter.cpp.o
[2023-11-09T20:02:58.099Z]     [77/100] Building CXX object lib/mayaHydra/hydraExtensions/CMakeFiles/mayaHydraLib.dir/delegates/delegateDebugCodes.cpp.o
[2023-11-09T20:02:58.672Z]     [78/100] Building CXX object lib/mayaHydra/hydraExtensions/CMakeFiles/mayaHydraLib.dir/adapters/pointLightAdapter.cpp.o
[2023-11-09T20:02:59.237Z]     [79/100] Building CXX object lib/mayaHydra/hydraExtensions/CMakeFiles/mayaHydraLib.dir/adapters/shapeAdapter.cpp.o
[2023-11-09T20:03:01.101Z]     [80/100] Building CXX object lib/mayaHydra/hydraExtensions/CMakeFiles/mayaHydraLib.dir/adapters/spotLightAdapter.cpp.o
[2023-11-09T20:03:01.101Z]     [81/100] Building CXX object lib/mayaHydra/hydraExtensions/CMakeFiles/mayaHydraLib.dir/adapters/materialNetworkConverter.cpp.o
[2023-11-09T20:03:02.969Z]     [82/100] Building CXX object lib/mayaHydra/hydraExtensions/CMakeFiles/mayaHydraLib.dir/delegates/delegate.cpp.o
[2023-11-09T20:03:03.607Z]     [83/100] Building CXX object lib/mayaHydra/hydraExtensions/CMakeFiles/mayaHydraLib.dir/delegates/delegateCtx.cpp.o
[2023-11-09T20:03:06.197Z]     [84/100] Building CXX object lib/mayaHydra/hydraExtensions/CMakeFiles/mayaHydraLib.dir/delegates/delegateRegistry.cpp.o
[2023-11-09T20:03:08.156Z]     [85/100] Building CXX object lib/mayaHydra/hydraExtensions/CMakeFiles/mayaHydraLib.dir/sceneIndex/registration.cpp.o
[2023-11-09T20:03:10.705Z]     [86/100] Building CXX object lib/mayaHydra/hydraExtensions/CMakeFiles/mayaHydraLib.dir/delegates/defaultLightDelegate.cpp.o
[2023-11-09T20:03:10.705Z]     [87/100] Building CXX object lib/mayaHydra/hydraExtensions/CMakeFiles/mayaHydraLib.dir/delegates/testDelegate.cpp.o
[2023-11-09T20:03:11.251Z]     [88/100] Building CXX object lib/mayaHydra/hydraExtensions/CMakeFiles/mayaHydraLib.dir/sceneIndex/mayaHydraPrimvarDataSource.cpp.o
[2023-11-09T20:03:13.747Z]     [89/100] Building CXX object lib/mayaHydra/hydraExtensions/CMakeFiles/mayaHydraLib.dir/delegates/sceneDelegate.cpp.o
[2023-11-09T20:03:13.747Z]     [90/100] Building CXX object lib/mayaHydra/hydraExtensions/CMakeFiles/mayaHydraLib.dir/sceneIndex/mayaHydraDisplayStyleDataSource.cpp.o
[2023-11-09T20:03:14.873Z]     [91/100] Building CXX object lib/mayaHydra/hydraExtensions/CMakeFiles/mayaHydraLib.dir/sceneIndex/mayaHydraDataSource.cpp.o
[2023-11-09T20:03:15.998Z]     [92/100] Building CXX object lib/mayaHydra/hydraExtensions/CMakeFiles/mayaHydraLib.dir/sceneIndex/mayaHydraCameraDataSource.cpp.o
[2023-11-09T20:03:15.998Z]     [93/100] Building CXX object lib/mayaHydra/hydraExtensions/CMakeFiles/mayaHydraLib.dir/sceneIndex/mayaHydraSceneIndex.cpp.o
[2023-11-09T20:03:15.998Z]     [94/100] Building CXX object lib/mayaHydra/hydraExtensions/CMakeFiles/mayaHydraLib.dir/sceneIndex/mayaHydraLightDataSource.cpp.o
[2023-11-09T20:03:17.850Z]     [95/100] Building CXX object lib/mayaHydra/hydraExtensions/CMakeFiles/mayaHydraLib.dir/sceneIndex/mayaHydraDefaultLightDataSource.cpp.o
[2023-11-09T20:03:17.850Z]     [96/100] Linking CXX shared library lib/mayaHydra/hydraExtensions/libmayaHydraLib.dylib
[2023-11-09T20:03:18.417Z]     [97/100] Linking CXX shared library plugin/mayaHydraSceneBrowser/mayaHydraSceneBrowser.bundle
[2023-11-09T20:03:18.417Z]     [98/100] Linking CXX shared library plugin/mayaHydraSceneBrowserTest/mayaHydraSceneBrowserTest.bundle
[2023-11-09T20:03:18.417Z]     [99/100] Linking CXX shared library test/lib/mayaUsd/render/mayaToHydra/cpp/mayaHydraCppTests.bundle
[2023-11-09T20:03:18.417Z]     [100/100] Linking CXX shared library lib/mayaHydra/mayaPlugin/mayaHydra.bundle
[2023-11-09T20:03:18.417Z]     
[2023-11-09T20:03:18.417Z]         Building with settings:
[2023-11-09T20:03:18.417Z]           Source directory          /Volumes/DATA/local/S/jenkins/workspace/ECP/ecg-maya-hydra/ecg-maya-hydra-branch-preflight-python3-osx/ecg-maya-hydra/maya-hydra
[2023-11-09T20:03:18.418Z]           Workspace directory       /local/S/jenkins/workspace/ECP/ecg-maya-hydra/ecg-maya-hydra-branch-preflight-python3-osx
[2023-11-09T20:03:18.418Z]           Build directory           /local/S/jenkins/workspace/ECP/ecg-maya-hydra/ecg-maya-hydra-branch-preflight-python3-osx/build/RelWithDebInfo
[2023-11-09T20:03:18.418Z]           Install directory         /local/S/jenkins/workspace/ECP/ecg-maya-hydra/ecg-maya-hydra-branch-preflight-python3-osx/install/RelWithDebInfo/MayaHydra
[2023-11-09T20:03:18.418Z]           Variant                   RelWithDebInfo
[2023-11-09T20:03:18.418Z]           Python Debug              Off
[2023-11-09T20:03:18.418Z]           CMake generator           Ninja
[2023-11-09T20:03:18.418Z]           Build arguments           ['-DCMAKE_MAKE_PROGRAM=/local/S/jenkins/workspace/shared/Artifactory/OSX/ninja/1.10.2/95d0ca5/ninja', '-DPYTHON_INCLUDE_DIR=/local/S/jenkins/workspace/shared/Artifactory/OSX/rundev-master/202311060140/runtime/e9a5ae1/runTime/Maya.app/Contents/Frameworks/Python.framework/Versions/Current/include/python3.10', '-DPython_EXECUTABLE=/local/S/jenkins/workspace/shared/Artifactory/OSX/rundev-master/202311060140/runtime/e9a5ae1/runTime/Maya.app/Contents/bin/mayapy', '-DPYTHON_LIBRARIES=/local/S/jenkins/workspace/shared/Artifactory/OSX/rundev-master/202311060140/runtime/e9a5ae1/runTime/Maya.app/Contents/Frameworks/Python.framework/Versions/Current/lib/libpython3.10.dylib', '-DBUILD_WITH_PYTHON_3=ON', '-DBUILD_WITH_PYTHON_3_VERSION=3.10', '-DBUILD_UB2=ON', '-DCMAKE_WANT_MATERIALX_BUILD=ON', '-DCMAKE_PREFIX_PATH=/local/S/jenkins/workspace/shared/Artifactory/OSX/USD/b595ab2']
[2023-11-09T20:03:18.418Z]           Stages arguments          ['build']
[2023-11-09T20:03:18.418Z]           CTest arguments           ['--parallel 8']
[2023-11-09T20:03:18.418Z]     Success MayaHydra build and install !!!!
[2023-11-09T20:03:18.418Z]     Elapsed time: 00:01:12
[Pipeline] }
[Pipeline] // withEnv
[Pipeline] }
[Pipeline] // timeout
[Pipeline] }
[Pipeline] // stage
[Pipeline] }
[Pipeline] // timestamps
[Pipeline] timestamps
[Pipeline] {
[Pipeline] stage
[Pipeline] { (Install)
[Pipeline] timeout
[2023-11-09T20:03:18.809Z] Timeout set to expire in 6 hr 0 min
[Pipeline] {
[Pipeline] withEnv
[Pipeline] {
[Pipeline] sh
[2023-11-09T20:03:20.191Z] + python ecg-maya-hydra/build.py --stages=install --workspace-dir=/local/S/jenkins/workspace/ECP/ecg-maya-hydra/ecg-maya-hydra-branch-preflight-python3-osx --artifactory-dir=/local/S/jenkins/workspace/shared/Artifactory --build-dir=/local/S/jenkins/workspace/ECP/ecg-maya-hydra/ecg-maya-hydra-branch-preflight-python3-osx/build --install-dir=/local/S/jenkins/workspace/ECP/ecg-maya-hydra/ecg-maya-hydra-branch-preflight-python3-osx/install --signing-dir=/local/S/jenkins/workspace/ECP/ecg-maya-hydra/ecg-maya-hydra-branch-preflight-python3-osx/signing --package-dir=/local/S/jenkins/workspace/ECP/ecg-maya-hydra/ecg-maya-hydra-branch-preflight-python3-osx/package --output-dir=/local/S/jenkins/workspace/ECP/ecg-maya-hydra/ecg-maya-hydra-branch-preflight-python3-osx/output --stash-dir=/local/S/jenkins/workspace/ECP/ecg-maya-hydra/ecg-maya-hydra-branch-preflight-python3-osx/stash --jenkins-build=377 --git-commit=e5498a2f05daf96993fc42e0de56ba872d810562 --git-branch=master --variants=Debug --interactive-tests=true --post-zips=false --osx-binary-architecture-target=ub2 --osx-deployment-target=11.0 --osx-base-sdk=CurrentActiveSDK --maya-cut-config=maya-rundev-master-debug.yaml --maya-package=rundev-master-debug --stage-banner
[2023-11-09T20:03:20.191Z] Using Maya cut from /local/S/jenkins/workspace/shared/Artifactory/OSX/rundev-master-debug/202310260154/runtime/3fe4f1c
[2023-11-09T20:03:20.191Z] Using Maya ADSK Signatures from /local/S/jenkins/workspace/shared/Artifactory/OSX/adsk-plugin-signatures-maya/2023/3ae1ae7
[2023-11-09T20:03:20.191Z] Using Maya Security Library from /local/S/jenkins/workspace/shared/Artifactory/OSX/maya-security-library/3.4.0/5e08f3e
[2023-11-09T20:03:20.191Z] 
[2023-11-09T20:03:20.191Z] ================================================================================
[2023-11-09T20:03:20.191Z]                                 install (Debug)
[2023-11-09T20:03:20.191Z] ================================================================================
[2023-11-09T20:03:20.191Z] Maya Python Debug Info:
[2023-11-09T20:03:20.191Z]   mayapy executable   = /local/S/jenkins/workspace/shared/Artifactory/OSX/rundev-master-debug/202310260154/runtime/3fe4f1c/runTime/Maya.app/Contents/bin/mayapy
[2023-11-09T20:03:20.191Z]   Include Folder      = /local/S/jenkins/workspace/shared/Artifactory/OSX/rundev-master-debug/202310260154/runtime/3fe4f1c/runTime/Maya.app/Contents/Frameworks/Python.framework/Versions/Current/include/python3.10
[2023-11-09T20:03:20.191Z]   Library             = /local/S/jenkins/workspace/shared/Artifactory/OSX/rundev-master-debug/202310260154/runtime/3fe4f1c/runTime/Maya.app/Contents/Frameworks/Python.framework/Versions/Current/lib/libpython3.10.dylib
[2023-11-09T20:03:20.191Z]   site-package Folder = /local/S/jenkins/workspace/shared/Artifactory/OSX/rundev-master-debug/202310260154/runtime/3fe4f1c/runTime/Maya.app/Contents/Frameworks/Python.framework/Versions/Current/lib/python3.10/site-packages
[2023-11-09T20:03:20.191Z] In workdir: /Volumes/DATA/local/S/jenkins/workspace/ECP/ecg-maya-hydra/ecg-maya-hydra-branch-preflight-python3-osx/ecg-maya-hydra/maya-hydra
[2023-11-09T20:03:20.191Z] Executing: arch -arch arm64 /local/S/jenkins/workspace/shared/Artifactory/OSX/rundev-master-debug/202310260154/runtime/3fe4f1c/runTime/Maya.app/Contents/bin/mayapy /Volumes/DATA/local/S/jenkins/workspace/ECP/ecg-maya-hydra/ecg-maya-hydra-branch-preflight-python3-osx/ecg-maya-hydra/maya-hydra/build.py --generator Ninja --build-debug --maya-location /local/S/jenkins/workspace/shared/Artifactory/OSX/rundev-master-debug/202310260154/runtime/3fe4f1c/runTime --devkit-location /local/S/jenkins/workspace/shared/Artifactory/OSX/rundev-master-debug/202310260154/runtime/3fe4f1c/devkitBase --pxrusd-location /local/S/jenkins/workspace/shared/Artifactory/OSX/USD/a9d0dd1 --build-args=-DCMAKE_MAKE_PROGRAM=/local/S/jenkins/workspace/shared/Artifactory/OSX/ninja/1.10.2/95d0ca5/ninja,-DPYTHON_INCLUDE_DIR=/local/S/jenkins/workspace/shared/Artifactory/OSX/rundev-master-debug/202310260154/runtime/3fe4f1c/runTime/Maya.app/Contents/Frameworks/Python.framework/Versions/Current/include/python3.10,-DPython_EXECUTABLE=/local/S/jenkins/workspace/shared/Artifactory/OSX/rundev-master-debug/202310260154/runtime/3fe4f1c/runTime/Maya.app/Contents/bin/mayapy,-DPYTHON_LIBRARIES=/local/S/jenkins/workspace/shared/Artifactory/OSX/rundev-master-debug/202310260154/runtime/3fe4f1c/runTime/Maya.app/Contents/Frameworks/Python.framework/Versions/Current/lib/libpython3.10.dylib,-DBUILD_WITH_PYTHON_3=ON,-DBUILD_WITH_PYTHON_3_VERSION=3.10,-DBUILD_UB2=ON,-DCMAKE_WANT_MATERIALX_BUILD=ON,-DCMAKE_PREFIX_PATH=/local/S/jenkins/workspace/shared/Artifactory/OSX/USD/a9d0dd1 '--ctest-args=--parallel 8' --stages=install --redirect-outstream-file=False --install-location /local/S/jenkins/workspace/ECP/ecg-maya-hydra/ecg-maya-hydra-branch-preflight-python3-osx/install/Debug/MayaHydra /local/S/jenkins/workspace/ECP/ecg-maya-hydra/ecg-maya-hydra-branch-preflight-python3-osx
[2023-11-09T20:03:20.191Z] Modified environment variables:
[2023-11-09T20:03:20.191Z]     PATH=/local/S/jenkins/workspace/shared/Artifactory/OSX/cmake/3.20.3/2594509/bin:/opt/homebrew/bin:/usr/local/bin:/bin:/usr/sbin:/sbin:/usr/bin:/usr/bin:/bin:/usr/sbin:/sbin
[2023-11-09T20:03:20.731Z]     [0/1] Install the project...
[2023-11-09T20:03:20.731Z]     -- Install configuration: "Debug"
[2023-11-09T20:03:21.274Z]     
[2023-11-09T20:03:21.274Z]         Building with settings:
[2023-11-09T20:03:21.274Z]           Source directory          /Volumes/DATA/local/S/jenkins/workspace/ECP/ecg-maya-hydra/ecg-maya-hydra-branch-preflight-python3-osx/ecg-maya-hydra/maya-hydra
[2023-11-09T20:03:21.274Z]           Workspace directory       /local/S/jenkins/workspace/ECP/ecg-maya-hydra/ecg-maya-hydra-branch-preflight-python3-osx
[2023-11-09T20:03:21.274Z]           Build directory           /local/S/jenkins/workspace/ECP/ecg-maya-hydra/ecg-maya-hydra-branch-preflight-python3-osx/build/Debug
[2023-11-09T20:03:21.274Z]           Install directory         /local/S/jenkins/workspace/ECP/ecg-maya-hydra/ecg-maya-hydra-branch-preflight-python3-osx/install/Debug/MayaHydra
[2023-11-09T20:03:21.274Z]           Variant                   Debug
[2023-11-09T20:03:21.274Z]           Python Debug              Off
[2023-11-09T20:03:21.274Z]           CMake generator           Ninja
[2023-11-09T20:03:21.274Z]           Build arguments           ['-DCMAKE_MAKE_PROGRAM=/local/S/jenkins/workspace/shared/Artifactory/OSX/ninja/1.10.2/95d0ca5/ninja', '-DPYTHON_INCLUDE_DIR=/local/S/jenkins/workspace/shared/Artifactory/OSX/rundev-master-debug/202310260154/runtime/3fe4f1c/runTime/Maya.app/Contents/Frameworks/Python.framework/Versions/Current/include/python3.10', '-DPython_EXECUTABLE=/local/S/jenkins/workspace/shared/Artifactory/OSX/rundev-master-debug/202310260154/runtime/3fe4f1c/runTime/Maya.app/Contents/bin/mayapy', '-DPYTHON_LIBRARIES=/local/S/jenkins/workspace/shared/Artifactory/OSX/rundev-master-debug/202310260154/runtime/3fe4f1c/runTime/Maya.app/Contents/Frameworks/Python.framework/Versions/Current/lib/libpython3.10.dylib', '-DBUILD_WITH_PYTHON_3=ON', '-DBUILD_WITH_PYTHON_3_VERSION=3.10', '-DBUILD_UB2=ON', '-DCMAKE_WANT_MATERIALX_BUILD=ON', '-DCMAKE_PREFIX_PATH=/local/S/jenkins/workspace/shared/Artifactory/OSX/USD/a9d0dd1']
[2023-11-09T20:03:21.274Z]           Stages arguments          ['install']
[2023-11-09T20:03:21.274Z]           CTest arguments           ['--parallel 8']
[2023-11-09T20:03:21.274Z]     Success MayaHydra build and install !!!!
[2023-11-09T20:03:21.274Z]     Elapsed time: 00:00:00
[Pipeline] sh
[2023-11-09T20:03:22.746Z] + python ecg-maya-hydra/build.py --stages=install --workspace-dir=/local/S/jenkins/workspace/ECP/ecg-maya-hydra/ecg-maya-hydra-branch-preflight-python3-osx --artifactory-dir=/local/S/jenkins/workspace/shared/Artifactory --build-dir=/local/S/jenkins/workspace/ECP/ecg-maya-hydra/ecg-maya-hydra-branch-preflight-python3-osx/build --install-dir=/local/S/jenkins/workspace/ECP/ecg-maya-hydra/ecg-maya-hydra-branch-preflight-python3-osx/install --signing-dir=/local/S/jenkins/workspace/ECP/ecg-maya-hydra/ecg-maya-hydra-branch-preflight-python3-osx/signing --package-dir=/local/S/jenkins/workspace/ECP/ecg-maya-hydra/ecg-maya-hydra-branch-preflight-python3-osx/package --output-dir=/local/S/jenkins/workspace/ECP/ecg-maya-hydra/ecg-maya-hydra-branch-preflight-python3-osx/output --stash-dir=/local/S/jenkins/workspace/ECP/ecg-maya-hydra/ecg-maya-hydra-branch-preflight-python3-osx/stash --jenkins-build=377 --git-commit=e5498a2f05daf96993fc42e0de56ba872d810562 --git-branch=master --variants=RelWithDebInfo --interactive-tests=true --post-zips=false --osx-binary-architecture-target=ub2 --osx-deployment-target=11.0 --osx-base-sdk=CurrentActiveSDK --maya-cut-config=maya-rundev-master.yaml --maya-package=rundev-master --stage-banner
[2023-11-09T20:03:22.746Z] Using Maya cut from /local/S/jenkins/workspace/shared/Artifactory/OSX/rundev-master/202311060140/runtime/e9a5ae1
[2023-11-09T20:03:22.746Z] Using Maya ADSK Signatures from /local/S/jenkins/workspace/shared/Artifactory/OSX/adsk-plugin-signatures-maya/2023/3ae1ae7
[2023-11-09T20:03:22.746Z] Using Maya Security Library from /local/S/jenkins/workspace/shared/Artifactory/OSX/maya-security-library/3.4.0/5e08f3e
[2023-11-09T20:03:22.746Z] 
[2023-11-09T20:03:22.746Z] ================================================================================
[2023-11-09T20:03:22.746Z]                             install (RelWithDebInfo)
[2023-11-09T20:03:22.746Z] ================================================================================
[2023-11-09T20:03:22.746Z] Maya Python RelWithDebInfo Info:
[2023-11-09T20:03:22.746Z]   mayapy executable   = /local/S/jenkins/workspace/shared/Artifactory/OSX/rundev-master/202311060140/runtime/e9a5ae1/runTime/Maya.app/Contents/bin/mayapy
[2023-11-09T20:03:22.746Z]   Include Folder      = /local/S/jenkins/workspace/shared/Artifactory/OSX/rundev-master/202311060140/runtime/e9a5ae1/runTime/Maya.app/Contents/Frameworks/Python.framework/Versions/Current/include/python3.10
[2023-11-09T20:03:22.746Z]   Library             = /local/S/jenkins/workspace/shared/Artifactory/OSX/rundev-master/202311060140/runtime/e9a5ae1/runTime/Maya.app/Contents/Frameworks/Python.framework/Versions/Current/lib/libpython3.10.dylib
[2023-11-09T20:03:22.746Z]   site-package Folder = /local/S/jenkins/workspace/shared/Artifactory/OSX/rundev-master/202311060140/runtime/e9a5ae1/runTime/Maya.app/Contents/Frameworks/Python.framework/Versions/Current/lib/python3.10/site-packages
[2023-11-09T20:03:22.746Z] In workdir: /Volumes/DATA/local/S/jenkins/workspace/ECP/ecg-maya-hydra/ecg-maya-hydra-branch-preflight-python3-osx/ecg-maya-hydra/maya-hydra
[2023-11-09T20:03:22.746Z] Executing: arch -arch arm64 /local/S/jenkins/workspace/shared/Artifactory/OSX/rundev-master/202311060140/runtime/e9a5ae1/runTime/Maya.app/Contents/bin/mayapy /Volumes/DATA/local/S/jenkins/workspace/ECP/ecg-maya-hydra/ecg-maya-hydra-branch-preflight-python3-osx/ecg-maya-hydra/maya-hydra/build.py --generator Ninja --build-relwithdebug --maya-location /local/S/jenkins/workspace/shared/Artifactory/OSX/rundev-master/202311060140/runtime/e9a5ae1/runTime --devkit-location /local/S/jenkins/workspace/shared/Artifactory/OSX/rundev-master/202311060140/runtime/e9a5ae1/devkitBase --pxrusd-location /local/S/jenkins/workspace/shared/Artifactory/OSX/USD/b595ab2 --build-args=-DCMAKE_MAKE_PROGRAM=/local/S/jenkins/workspace/shared/Artifactory/OSX/ninja/1.10.2/95d0ca5/ninja,-DPYTHON_INCLUDE_DIR=/local/S/jenkins/workspace/shared/Artifactory/OSX/rundev-master/202311060140/runtime/e9a5ae1/runTime/Maya.app/Contents/Frameworks/Python.framework/Versions/Current/include/python3.10,-DPython_EXECUTABLE=/local/S/jenkins/workspace/shared/Artifactory/OSX/rundev-master/202311060140/runtime/e9a5ae1/runTime/Maya.app/Contents/bin/mayapy,-DPYTHON_LIBRARIES=/local/S/jenkins/workspace/shared/Artifactory/OSX/rundev-master/202311060140/runtime/e9a5ae1/runTime/Maya.app/Contents/Frameworks/Python.framework/Versions/Current/lib/libpython3.10.dylib,-DBUILD_WITH_PYTHON_3=ON,-DBUILD_WITH_PYTHON_3_VERSION=3.10,-DBUILD_UB2=ON,-DCMAKE_WANT_MATERIALX_BUILD=ON,-DCMAKE_PREFIX_PATH=/local/S/jenkins/workspace/shared/Artifactory/OSX/USD/b595ab2 '--ctest-args=--parallel 8' --stages=install --redirect-outstream-file=False --install-location /local/S/jenkins/workspace/ECP/ecg-maya-hydra/ecg-maya-hydra-branch-preflight-python3-osx/install/RelWithDebInfo/MayaHydra /local/S/jenkins/workspace/ECP/ecg-maya-hydra/ecg-maya-hydra-branch-preflight-python3-osx
[2023-11-09T20:03:22.746Z] Modified environment variables:
[2023-11-09T20:03:22.746Z]     PATH=/local/S/jenkins/workspace/shared/Artifactory/OSX/cmake/3.20.3/2594509/bin:/opt/homebrew/bin:/usr/local/bin:/bin:/usr/sbin:/sbin:/usr/bin:/usr/bin:/bin:/usr/sbin:/sbin
[2023-11-09T20:03:23.281Z]     [0/1] Install the project...
[2023-11-09T20:03:23.281Z]     -- Install configuration: "RelWithDebInfo"
[2023-11-09T20:03:23.496Z]     
[2023-11-09T20:03:23.496Z]         Building with settings:
[2023-11-09T20:03:23.496Z]           Source directory          /Volumes/DATA/local/S/jenkins/workspace/ECP/ecg-maya-hydra/ecg-maya-hydra-branch-preflight-python3-osx/ecg-maya-hydra/maya-hydra
[2023-11-09T20:03:23.496Z]           Workspace directory       /local/S/jenkins/workspace/ECP/ecg-maya-hydra/ecg-maya-hydra-branch-preflight-python3-osx
[2023-11-09T20:03:23.496Z]           Build directory           /local/S/jenkins/workspace/ECP/ecg-maya-hydra/ecg-maya-hydra-branch-preflight-python3-osx/build/RelWithDebInfo
[2023-11-09T20:03:23.496Z]           Install directory         /local/S/jenkins/workspace/ECP/ecg-maya-hydra/ecg-maya-hydra-branch-preflight-python3-osx/install/RelWithDebInfo/MayaHydra
[2023-11-09T20:03:23.496Z]           Variant                   RelWithDebInfo
[2023-11-09T20:03:23.496Z]           Python Debug              Off
[2023-11-09T20:03:23.496Z]           CMake generator           Ninja
[2023-11-09T20:03:23.496Z]           Build arguments           ['-DCMAKE_MAKE_PROGRAM=/local/S/jenkins/workspace/shared/Artifactory/OSX/ninja/1.10.2/95d0ca5/ninja', '-DPYTHON_INCLUDE_DIR=/local/S/jenkins/workspace/shared/Artifactory/OSX/rundev-master/202311060140/runtime/e9a5ae1/runTime/Maya.app/Contents/Frameworks/Python.framework/Versions/Current/include/python3.10', '-DPython_EXECUTABLE=/local/S/jenkins/workspace/shared/Artifactory/OSX/rundev-master/202311060140/runtime/e9a5ae1/runTime/Maya.app/Contents/bin/mayapy', '-DPYTHON_LIBRARIES=/local/S/jenkins/workspace/shared/Artifactory/OSX/rundev-master/202311060140/runtime/e9a5ae1/runTime/Maya.app/Contents/Frameworks/Python.framework/Versions/Current/lib/libpython3.10.dylib', '-DBUILD_WITH_PYTHON_3=ON', '-DBUILD_WITH_PYTHON_3_VERSION=3.10', '-DBUILD_UB2=ON', '-DCMAKE_WANT_MATERIALX_BUILD=ON', '-DCMAKE_PREFIX_PATH=/local/S/jenkins/workspace/shared/Artifactory/OSX/USD/b595ab2']
[2023-11-09T20:03:23.496Z]           Stages arguments          ['install']
[2023-11-09T20:03:23.496Z]           CTest arguments           ['--parallel 8']
[2023-11-09T20:03:23.496Z]     Success MayaHydra build and install !!!!
[2023-11-09T20:03:23.496Z]     Elapsed time: 00:00:00
[Pipeline] }
[Pipeline] // withEnv
[Pipeline] }
[Pipeline] // timeout
[Pipeline] }
[Pipeline] // stage
[Pipeline] }
[Pipeline] // timestamps
[Pipeline] timestamps
[Pipeline] {
[Pipeline] stage
[Pipeline] { (Test)
[Pipeline] timeout
[2023-11-09T20:03:23.632Z] Timeout set to expire in 6 hr 0 min
[Pipeline] {
[Pipeline] withEnv
[Pipeline] {
[Pipeline] sh
[2023-11-09T20:03:24.906Z] + python ecg-maya-hydra/build.py --stages=test --workspace-dir=/local/S/jenkins/workspace/ECP/ecg-maya-hydra/ecg-maya-hydra-branch-preflight-python3-osx --artifactory-dir=/local/S/jenkins/workspace/shared/Artifactory --build-dir=/local/S/jenkins/workspace/ECP/ecg-maya-hydra/ecg-maya-hydra-branch-preflight-python3-osx/build --install-dir=/local/S/jenkins/workspace/ECP/ecg-maya-hydra/ecg-maya-hydra-branch-preflight-python3-osx/install --signing-dir=/local/S/jenkins/workspace/ECP/ecg-maya-hydra/ecg-maya-hydra-branch-preflight-python3-osx/signing --package-dir=/local/S/jenkins/workspace/ECP/ecg-maya-hydra/ecg-maya-hydra-branch-preflight-python3-osx/package --output-dir=/local/S/jenkins/workspace/ECP/ecg-maya-hydra/ecg-maya-hydra-branch-preflight-python3-osx/output --stash-dir=/local/S/jenkins/workspace/ECP/ecg-maya-hydra/ecg-maya-hydra-branch-preflight-python3-osx/stash --jenkins-build=377 --git-commit=e5498a2f05daf96993fc42e0de56ba872d810562 --git-branch=master --variants=RelWithDebInfo --interactive-tests=true --post-zips=false --osx-binary-architecture-target=ub2 --osx-deployment-target=11.0 --osx-base-sdk=CurrentActiveSDK --test-jobs=0 --failed-test-retry=3 --maya-cut-config=maya-rundev-master.yaml --maya-package=rundev-master --stage-banner --progressive-timeout
[2023-11-09T20:03:24.906Z] Using Maya cut from /local/S/jenkins/workspace/shared/Artifactory/OSX/rundev-master/202311060140/runtime/e9a5ae1
[2023-11-09T20:03:24.906Z] Using Maya ADSK Signatures from /local/S/jenkins/workspace/shared/Artifactory/OSX/adsk-plugin-signatures-maya/2023/3ae1ae7
[2023-11-09T20:03:24.906Z] Using Maya Security Library from /local/S/jenkins/workspace/shared/Artifactory/OSX/maya-security-library/3.4.0/5e08f3e
[2023-11-09T20:03:24.906Z] 
[2023-11-09T20:03:24.906Z] ================================================================================
[2023-11-09T20:03:24.906Z]                              test (RelWithDebInfo)
[2023-11-09T20:03:24.906Z] ================================================================================
[2023-11-09T20:03:24.906Z] Maya Python RelWithDebInfo Info:
[2023-11-09T20:03:24.906Z]   mayapy executable   = /local/S/jenkins/workspace/shared/Artifactory/OSX/rundev-master/202311060140/runtime/e9a5ae1/runTime/Maya.app/Contents/bin/mayapy
[2023-11-09T20:03:24.906Z]   Include Folder      = /local/S/jenkins/workspace/shared/Artifactory/OSX/rundev-master/202311060140/runtime/e9a5ae1/runTime/Maya.app/Contents/Frameworks/Python.framework/Versions/Current/include/python3.10
[2023-11-09T20:03:24.906Z]   Library             = /local/S/jenkins/workspace/shared/Artifactory/OSX/rundev-master/202311060140/runtime/e9a5ae1/runTime/Maya.app/Contents/Frameworks/Python.framework/Versions/Current/lib/libpython3.10.dylib
[2023-11-09T20:03:24.906Z]   site-package Folder = /local/S/jenkins/workspace/shared/Artifactory/OSX/rundev-master/202311060140/runtime/e9a5ae1/runTime/Maya.app/Contents/Frameworks/Python.framework/Versions/Current/lib/python3.10/site-packages
[2023-11-09T20:03:24.906Z] In workdir: /Volumes/DATA/local/S/jenkins/workspace/ECP/ecg-maya-hydra/ecg-maya-hydra-branch-preflight-python3-osx/ecg-maya-hydra/maya-hydra
[2023-11-09T20:03:24.906Z] Executing: arch -arch arm64 /local/S/jenkins/workspace/shared/Artifactory/OSX/rundev-master/202311060140/runtime/e9a5ae1/runTime/Maya.app/Contents/bin/mayapy /Volumes/DATA/local/S/jenkins/workspace/ECP/ecg-maya-hydra/ecg-maya-hydra-branch-preflight-python3-osx/ecg-maya-hydra/maya-hydra/build.py --generator Ninja --build-relwithdebug --maya-location /local/S/jenkins/workspace/shared/Artifactory/OSX/rundev-master/202311060140/runtime/e9a5ae1/runTime --devkit-location /local/S/jenkins/workspace/shared/Artifactory/OSX/rundev-master/202311060140/runtime/e9a5ae1/devkitBase --pxrusd-location /local/S/jenkins/workspace/shared/Artifactory/OSX/USD/b595ab2 --build-args=-DCMAKE_MAKE_PROGRAM=/local/S/jenkins/workspace/shared/Artifactory/OSX/ninja/1.10.2/95d0ca5/ninja,-DPYTHON_INCLUDE_DIR=/local/S/jenkins/workspace/shared/Artifactory/OSX/rundev-master/202311060140/runtime/e9a5ae1/runTime/Maya.app/Contents/Frameworks/Python.framework/Versions/Current/include/python3.10,-DPython_EXECUTABLE=/local/S/jenkins/workspace/shared/Artifactory/OSX/rundev-master/202311060140/runtime/e9a5ae1/runTime/Maya.app/Contents/bin/mayapy,-DPYTHON_LIBRARIES=/local/S/jenkins/workspace/shared/Artifactory/OSX/rundev-master/202311060140/runtime/e9a5ae1/runTime/Maya.app/Contents/Frameworks/Python.framework/Versions/Current/lib/libpython3.10.dylib,-DBUILD_WITH_PYTHON_3=ON,-DBUILD_WITH_PYTHON_3_VERSION=3.10,-DBUILD_UB2=ON,-DCMAKE_WANT_MATERIALX_BUILD=ON,-DCMAKE_PREFIX_PATH=/local/S/jenkins/workspace/shared/Artifactory/OSX/USD/b595ab2 '--ctest-args=--parallel 8' --stages=test --redirect-outstream-file=False --install-location /local/S/jenkins/workspace/ECP/ecg-maya-hydra/ecg-maya-hydra-branch-preflight-python3-osx/install/RelWithDebInfo/MayaHydra /local/S/jenkins/workspace/ECP/ecg-maya-hydra/ecg-maya-hydra-branch-preflight-python3-osx
[2023-11-09T20:03:24.906Z] Modified environment variables:
[2023-11-09T20:03:24.906Z]     PATH=/local/S/jenkins/workspace/shared/Artifactory/OSX/cmake/3.20.3/2594509/bin:/opt/homebrew/bin:/usr/local/bin:/bin:/usr/sbin:/sbin:/usr/bin:/usr/bin:/bin:/usr/sbin:/sbin
[2023-11-09T20:03:25.460Z]     Test project /Volumes/DATA/local/S/jenkins/workspace/ECP/ecg-maya-hydra/ecg-maya-hydra-branch-preflight-python3-osx/build/RelWithDebInfo
[2023-11-09T20:03:25.460Z]           Start  1: _Interactive_Maya
[2023-11-09T20:03:25.460Z]      1/18 Test  #1: _Interactive_Maya ...........................***Not Run (Disabled)   0.00 sec
[2023-11-09T20:03:25.460Z]           Start  2: testImageDiffing
[2023-11-09T20:03:25.460Z]           Start  3: testMtohCommand
[2023-11-09T20:03:25.460Z]           Start  4: testMeshes
[2023-11-09T20:03:25.460Z]           Start  5: testNamespaces
[2023-11-09T20:03:25.460Z]           Start  6: testVisibility
[2023-11-09T20:03:25.460Z]           Start  7: testRendererSwitching
[2023-11-09T20:03:25.460Z]           Start  8: testSceneBrowser
[2023-11-09T20:03:25.460Z]           Start  9: testStageAddPrim
[2023-11-09T20:03:33.336Z]      2/18 Test  #9: testStageAddPrim ............................   Passed    7.46 sec
[2023-11-09T20:03:33.336Z]           Start 10: testNewSceneWithStage
[2023-11-09T20:03:33.336Z]      3/18 Test  #3: testMtohCommand .............................   Passed    7.56 sec
[2023-11-09T20:03:33.336Z]           Start 11: testColorPreferences
[2023-11-09T20:03:33.336Z]      4/18 Test  #5: testNamespaces ..............................   Passed    7.56 sec
[2023-11-09T20:03:33.336Z]           Start 12: testCppFramework
[2023-11-09T20:03:33.336Z]      5/18 Test  #8: testSceneBrowser ............................   Passed    7.59 sec
[2023-11-09T20:03:33.336Z]           Start 13: testMayaSceneFlattening
[2023-11-09T20:03:33.336Z]      6/18 Test  #7: testRendererSwitching .......................   Passed    7.75 sec
[2023-11-09T20:03:33.336Z]           Start 14: testMayaUsdUfeItems
[2023-11-09T20:03:33.336Z]      7/18 Test  #4: testMeshes ..................................   Passed    7.84 sec
[2023-11-09T20:03:33.336Z]           Start 15: testMergingSceneIndex
[2023-11-09T20:03:33.336Z]      8/18 Test  #2: testImageDiffing ............................   Passed    8.27 sec
[2023-11-09T20:03:33.336Z]           Start 16: testSelectionSceneIndex
[2023-11-09T20:03:34.478Z]      9/18 Test  #6: testVisibility ..............................   Passed    9.22 sec
[2023-11-09T20:03:34.478Z]           Start 17: testWireframeSelectionHighlightSceneIndex
[2023-11-09T20:03:39.787Z]     10/18 Test #10: testNewSceneWithStage .......................   Passed    7.28 sec
[2023-11-09T20:03:39.787Z]           Start 18: testMeshes_meshAdapter
[2023-11-09T20:03:40.326Z]     11/18 Test #14: testMayaUsdUfeItems .........................   Passed    7.15 sec
[2023-11-09T20:03:40.326Z]     12/18 Test #15: testMergingSceneIndex .......................   Passed    7.26 sec
[2023-11-09T20:03:40.326Z]     13/18 Test #13: testMayaSceneFlattening .....................   Passed    7.51 sec
[2023-11-09T20:03:40.326Z]     14/18 Test #12: testCppFramework ............................   Passed    7.63 sec
[2023-11-09T20:03:40.326Z]     15/18 Test #16: testSelectionSceneIndex .....................   Passed    7.02 sec
[2023-11-09T20:03:40.326Z]     16/18 Test #11: testColorPreferences ........................   Passed    7.76 sec
[2023-11-09T20:03:40.862Z]     17/18 Test #17: testWireframeSelectionHighlightSceneIndex ...   Passed    6.57 sec
[2023-11-09T20:03:45.064Z]     18/18 Test #18: testMeshes_meshAdapter ......................   Passed    4.66 sec
[2023-11-09T20:03:45.064Z]     
[2023-11-09T20:03:45.064Z]     100% tests passed, 0 tests failed out of 17
[2023-11-09T20:03:45.064Z]     
[2023-11-09T20:03:45.064Z]     Label Time Summary:
[2023-11-09T20:03:45.064Z]     Debugging      =   0.00 sec*proc (1 test)
[2023-11-09T20:03:45.064Z]     interactive    = 126.08 sec*proc (17 tests)
[2023-11-09T20:03:45.064Z]     mayaHydra      = 126.08 sec*proc (17 tests)
[2023-11-09T20:03:45.064Z]     
[2023-11-09T20:03:45.064Z]     Total Test time (real) =  19.41 sec
[2023-11-09T20:03:45.064Z]     
[2023-11-09T20:03:45.064Z]     The following tests did not run:
[2023-11-09T20:03:45.064Z]     	  1 - _Interactive_Maya (Disabled)
[2023-11-09T20:03:45.064Z]     
[2023-11-09T20:03:45.064Z]         Building with settings:
[2023-11-09T20:03:45.064Z]           Source directory          /Volumes/DATA/local/S/jenkins/workspace/ECP/ecg-maya-hydra/ecg-maya-hydra-branch-preflight-python3-osx/ecg-maya-hydra/maya-hydra
[2023-11-09T20:03:45.064Z]           Workspace directory       /local/S/jenkins/workspace/ECP/ecg-maya-hydra/ecg-maya-hydra-branch-preflight-python3-osx
[2023-11-09T20:03:45.064Z]           Build directory           /local/S/jenkins/workspace/ECP/ecg-maya-hydra/ecg-maya-hydra-branch-preflight-python3-osx/build/RelWithDebInfo
[2023-11-09T20:03:45.064Z]           Install directory         /local/S/jenkins/workspace/ECP/ecg-maya-hydra/ecg-maya-hydra-branch-preflight-python3-osx/install/RelWithDebInfo/MayaHydra
[2023-11-09T20:03:45.064Z]           Variant                   RelWithDebInfo
[2023-11-09T20:03:45.064Z]           Python Debug              Off
[2023-11-09T20:03:45.064Z]           CMake generator           Ninja
[2023-11-09T20:03:45.064Z]           Build arguments           ['-DCMAKE_MAKE_PROGRAM=/local/S/jenkins/workspace/shared/Artifactory/OSX/ninja/1.10.2/95d0ca5/ninja', '-DPYTHON_INCLUDE_DIR=/local/S/jenkins/workspace/shared/Artifactory/OSX/rundev-master/202311060140/runtime/e9a5ae1/runTime/Maya.app/Contents/Frameworks/Python.framework/Versions/Current/include/python3.10', '-DPython_EXECUTABLE=/local/S/jenkins/workspace/shared/Artifactory/OSX/rundev-master/202311060140/runtime/e9a5ae1/runTime/Maya.app/Contents/bin/mayapy', '-DPYTHON_LIBRARIES=/local/S/jenkins/workspace/shared/Artifactory/OSX/rundev-master/202311060140/runtime/e9a5ae1/runTime/Maya.app/Contents/Frameworks/Python.framework/Versions/Current/lib/libpython3.10.dylib', '-DBUILD_WITH_PYTHON_3=ON', '-DBUILD_WITH_PYTHON_3_VERSION=3.10', '-DBUILD_UB2=ON', '-DCMAKE_WANT_MATERIALX_BUILD=ON', '-DCMAKE_PREFIX_PATH=/local/S/jenkins/workspace/shared/Artifactory/OSX/USD/b595ab2']
[2023-11-09T20:03:45.064Z]           Stages arguments          ['test']
[2023-11-09T20:03:45.064Z]           CTest arguments           ['--parallel 8']
[2023-11-09T20:03:45.064Z]     Success running MayaHydra tests !!!!
[Pipeline] }
[Pipeline] // withEnv
[Pipeline] }
[Pipeline] // timeout
[Pipeline] }
[Pipeline] // stage
[Pipeline] }
[Pipeline] // timestamps
[Pipeline] timestamps
[Pipeline] {
[Pipeline] stage
[Pipeline] { (Cleanup)
[Pipeline] timeout
[2023-11-09T20:03:45.433Z] Timeout set to expire in 6 hr 0 min
[Pipeline] {
[Pipeline] withEnv
[Pipeline] {
[Pipeline] sh
[2023-11-09T20:03:46.763Z] + python ecg-maya-hydra/build.py --stages=cleanup --workspace-dir=/local/S/jenkins/workspace/ECP/ecg-maya-hydra/ecg-maya-hydra-branch-preflight-python3-osx --artifactory-dir=/local/S/jenkins/workspace/shared/Artifactory --build-dir=/local/S/jenkins/workspace/ECP/ecg-maya-hydra/ecg-maya-hydra-branch-preflight-python3-osx/build --install-dir=/local/S/jenkins/workspace/ECP/ecg-maya-hydra/ecg-maya-hydra-branch-preflight-python3-osx/install --signing-dir=/local/S/jenkins/workspace/ECP/ecg-maya-hydra/ecg-maya-hydra-branch-preflight-python3-osx/signing --package-dir=/local/S/jenkins/workspace/ECP/ecg-maya-hydra/ecg-maya-hydra-branch-preflight-python3-osx/package --output-dir=/local/S/jenkins/workspace/ECP/ecg-maya-hydra/ecg-maya-hydra-branch-preflight-python3-osx/output --stash-dir=/local/S/jenkins/workspace/ECP/ecg-maya-hydra/ecg-maya-hydra-branch-preflight-python3-osx/stash --jenkins-build=377 --git-commit=e5498a2f05daf96993fc42e0de56ba872d810562 --git-branch=master --variants=Debug --interactive-tests=true --post-zips=false --osx-binary-architecture-target=ub2 --osx-deployment-target=11.0 --osx-base-sdk=CurrentActiveSDK --maya-cut-config=maya-rundev-master-debug.yaml --maya-package=rundev-master-debug --stage-banner
[2023-11-09T20:03:46.763Z] Using Maya cut from /local/S/jenkins/workspace/shared/Artifactory/OSX/rundev-master-debug/202310260154/runtime/3fe4f1c
[2023-11-09T20:03:46.763Z] Using Maya ADSK Signatures from /local/S/jenkins/workspace/shared/Artifactory/OSX/adsk-plugin-signatures-maya/2023/3ae1ae7
[2023-11-09T20:03:46.763Z] Using Maya Security Library from /local/S/jenkins/workspace/shared/Artifactory/OSX/maya-security-library/3.4.0/5e08f3e
[2023-11-09T20:03:46.763Z] 
[2023-11-09T20:03:46.763Z] ================================================================================
[2023-11-09T20:03:46.763Z]                                cleanup (Finalize)
[2023-11-09T20:03:46.763Z] ================================================================================
[2023-11-09T20:03:46.763Z] Cleaning up workspace
[2023-11-09T20:03:46.763Z] Removing directory: /local/S/jenkins/workspace/ECP/ecg-maya-hydra/ecg-maya-hydra-branch-preflight-python3-osx/build
[2023-11-09T20:03:46.763Z] Removing directory: /local/S/jenkins/workspace/ECP/ecg-maya-hydra/ecg-maya-hydra-branch-preflight-python3-osx/install
[Pipeline] sh
[2023-11-09T20:03:48.280Z] + python ecg-maya-hydra/build.py --stages=cleanup --workspace-dir=/local/S/jenkins/workspace/ECP/ecg-maya-hydra/ecg-maya-hydra-branch-preflight-python3-osx --artifactory-dir=/local/S/jenkins/workspace/shared/Artifactory --build-dir=/local/S/jenkins/workspace/ECP/ecg-maya-hydra/ecg-maya-hydra-branch-preflight-python3-osx/build --install-dir=/local/S/jenkins/workspace/ECP/ecg-maya-hydra/ecg-maya-hydra-branch-preflight-python3-osx/install --signing-dir=/local/S/jenkins/workspace/ECP/ecg-maya-hydra/ecg-maya-hydra-branch-preflight-python3-osx/signing --package-dir=/local/S/jenkins/workspace/ECP/ecg-maya-hydra/ecg-maya-hydra-branch-preflight-python3-osx/package --output-dir=/local/S/jenkins/workspace/ECP/ecg-maya-hydra/ecg-maya-hydra-branch-preflight-python3-osx/output --stash-dir=/local/S/jenkins/workspace/ECP/ecg-maya-hydra/ecg-maya-hydra-branch-preflight-python3-osx/stash --jenkins-build=377 --git-commit=e5498a2f05daf96993fc42e0de56ba872d810562 --git-branch=master --variants=RelWithDebInfo --interactive-tests=true --post-zips=false --osx-binary-architecture-target=ub2 --osx-deployment-target=11.0 --osx-base-sdk=CurrentActiveSDK --maya-cut-config=maya-rundev-master.yaml --maya-package=rundev-master --stage-banner
[2023-11-09T20:03:48.280Z] Using Maya cut from /local/S/jenkins/workspace/shared/Artifactory/OSX/rundev-master/202311060140/runtime/e9a5ae1
[2023-11-09T20:03:48.280Z] Using Maya ADSK Signatures from /local/S/jenkins/workspace/shared/Artifactory/OSX/adsk-plugin-signatures-maya/2023/3ae1ae7
[2023-11-09T20:03:48.280Z] Using Maya Security Library from /local/S/jenkins/workspace/shared/Artifactory/OSX/maya-security-library/3.4.0/5e08f3e
[2023-11-09T20:03:48.280Z] 
[2023-11-09T20:03:48.280Z] ================================================================================
[2023-11-09T20:03:48.280Z]                                cleanup (Finalize)
[2023-11-09T20:03:48.280Z] ================================================================================
[2023-11-09T20:03:48.280Z] Cleaning up workspace
[Pipeline] }
[Pipeline] // withEnv
[Pipeline] }
[Pipeline] // timeout
[Pipeline] }
[Pipeline] // stage
[Pipeline] }
[Pipeline] // timestamps
[Pipeline] emailextrecipients
Not sending mail to unregistered user notifications@git.autodesk.com because your SCM claimed this was associated with a user ID ‘notifications' which your security realm does not recognize; you may need changes in your SCM plugin
Not sending mail to unregistered user ecg.jenkins@autodesk.com because your SCM claimed this was associated with a user ID ‘ecg.jenkins' which your security realm does not recognize; you may need changes in your SCM plugin
Not sending mail to unregistered user rakesh.roopavataram@autodesk.com because your SCM claimed this was associated with a user ID ‘rakesh.roopavataram' which your security realm does not recognize; you may need changes in your SCM plugin
Not sending mail to unregistered user notifications@git.autodesk.com because your SCM claimed this was associated with a user ID ‘notifications' which your security realm does not recognize; you may need changes in your SCM plugin
Not sending mail to unregistered user ecg.jenkins@autodesk.com because your SCM claimed this was associated with a user ID ‘ecg.jenkins' which your security realm does not recognize; you may need changes in your SCM plugin
Not sending mail to unregistered user rakesh.roopavataram@autodesk.com because your SCM claimed this was associated with a user ID ‘rakesh.roopavataram' which your security realm does not recognize; you may need changes in your SCM plugin
[Pipeline] echo
No recipients to send notification.
[Pipeline] }
[Pipeline] // node
[Pipeline] End of Pipeline
[Checks API] No suitable checks publisher found.
Finished: SUCCESS
