[2023-11-10T17:16:59.118Z] ================================================================================
[2023-11-10T17:16:59.118Z]                                  setup (Debug)
[2023-11-10T17:16:59.118Z] ================================================================================
[Pipeline] sh
[2023-11-10T17:17:01.190Z] + scl enable gcc-toolset-11 -
[2023-11-10T17:17:01.190Z] + '[' enable = load -o enable = unload ']'
[2023-11-10T17:17:01.190Z] + /usr/bin/scl enable gcc-toolset-11 -
[2023-11-10T17:17:01.190Z] python ecg-maya-hydra/build.py --stages=setup --workspace-dir=/local/S/jenkins/workspace/ECP/ecg-maya-hydra/ecg-maya-hydra-branch-preflight-python3-linux --artifactory-dir=/local/S/jenkins/workspace/shared/Artifactory --build-dir=/local/S/jenkins/workspace/ECP/ecg-maya-hydra/ecg-maya-hydra-branch-preflight-python3-linux/build --install-dir=/local/S/jenkins/workspace/ECP/ecg-maya-hydra/ecg-maya-hydra-branch-preflight-python3-linux/install --signing-dir=/local/S/jenkins/workspace/ECP/ecg-maya-hydra/ecg-maya-hydra-branch-preflight-python3-linux/signing --package-dir=/local/S/jenkins/workspace/ECP/ecg-maya-hydra/ecg-maya-hydra-branch-preflight-python3-linux/package --output-dir=/local/S/jenkins/workspace/ECP/ecg-maya-hydra/ecg-maya-hydra-branch-preflight-python3-linux/output --stash-dir=/local/S/jenkins/workspace/ECP/ecg-maya-hydra/ecg-maya-hydra-branch-preflight-python3-linux/stash --jenkins-build=380 --git-commit=d494b7bf36c921c5620c0010b361b42c2d02bc71 --git-branch=master --variants=RelWithDebInfo --interactive-tests=true --post-zips=false --osx-binary-architecture-target=ub2 --osx-deployment-target=11.0 --osx-base-sdk=CurrentActiveSDK --extra-license-file=ecg-maya-hydra/jenkins-o03-cot/melicense.lic --prune-versions=3 --prune-revisions=3 --maya-cut-config=maya-rundev-master.yaml --maya-package=rundev-master --stage-banner --prune-artifacts --force-pruning
[2023-11-10T17:17:01.190Z] Getting rundev-master download URL from Maya SHA-1 hash
[2023-11-10T17:17:01.190Z] Finding Artifactory servers response times
[2023-11-10T17:17:03.247Z] [VERBOSE] Start loading URL (CURL): https://art-bear.autodesk.com/artifactory/api/system/ping
[2023-11-10T17:17:03.247Z] [DEBUG] Running: /usr/bin/curl -s -X GET --keepalive-time 10 --connect-timeout 60 --speed-limit 10000 --speed-time 120 --max-time 3600 --retry 5 --retry-max-time 2400 -H Connection:close https://art-bear.autodesk.com/artifactory/api/system/ping
[2023-11-10T17:17:03.247Z] [DEBUG] Output:
[2023-11-10T17:17:03.247Z] OK
[2023-11-10T17:17:03.247Z] [VERBOSE] End loading URL (CURL): https://art-bear.autodesk.com/artifactory/api/system/ping
[2023-11-10T17:17:04.006Z] [VERBOSE] Start loading URL (CURL): https://art-marmotte.autodesk.com/artifactory/api/system/ping
[2023-11-10T17:17:04.006Z] [DEBUG] Running: /usr/bin/curl -s -X GET --keepalive-time 10 --connect-timeout 60 --speed-limit 10000 --speed-time 120 --max-time 3600 --retry 5 --retry-max-time 2400 -H Connection:close https://art-marmotte.autodesk.com/artifactory/api/system/ping
[2023-11-10T17:17:04.006Z] [DEBUG] Output:
[2023-11-10T17:17:04.006Z] OK
[2023-11-10T17:17:04.006Z] [VERBOSE] End loading URL (CURL): https://art-marmotte.autodesk.com/artifactory/api/system/ping
[2023-11-10T17:17:04.006Z] [VERBOSE] Start loading URL (CURL): https://art-bobcat.autodesk.com/artifactory/api/system/ping
[2023-11-10T17:17:04.006Z] [DEBUG] Running: /usr/bin/curl -s -X GET --keepalive-time 10 --connect-timeout 60 --speed-limit 10000 --speed-time 120 --max-time 3600 --retry 5 --retry-max-time 2400 -H Connection:close https://art-bobcat.autodesk.com/artifactory/api/system/ping
[2023-11-10T17:17:04.006Z] [DEBUG] Output:
[2023-11-10T17:17:04.006Z] OK
[2023-11-10T17:17:04.006Z] [VERBOSE] End loading URL (CURL): https://art-bobcat.autodesk.com/artifactory/api/system/ping
[2023-11-10T17:17:04.006Z] [VERBOSE] Start loading URL (CURL): https://art-bear.autodesk.com/artifactory/api/search/checksum?repos=autodesk-3p-generic,adsk-build-tools-generic,team-ecg-generic,team-maya-generic,oss-stg-generic&sha1=33fa670efb8a2e6e0fe7cf43f43781754a0452be
[2023-11-10T17:17:04.006Z] [DEBUG] Running: /usr/bin/curl -s -X GET --keepalive-time 10 --connect-timeout 60 --speed-limit 10000 --speed-time 120 --max-time 3600 --retry 5 --retry-max-time 2400 -H Connection:close -H Authorization:Basic ZWNnYmlmcm9zdDpvcGUqKjAw https://art-bear.autodesk.com/artifactory/api/search/checksum?repos=autodesk-3p-generic,adsk-build-tools-generic,team-ecg-generic,team-maya-generic,oss-stg-generic&sha1=33fa670efb8a2e6e0fe7cf43f43781754a0452be
[2023-11-10T17:17:04.006Z] [DEBUG] Output:
[2023-11-10T17:17:04.006Z] {
[2023-11-10T17:17:04.006Z]   "results" : [ {
[2023-11-10T17:17:04.006Z]     "uri" : "https://art-bear.autodesk.com:443/artifactory/api/storage/team-maya-generic/Maya/master/plnx/2023-11-06-01-40_068e1a5022/202311060140-068e1a5022-RUNDEV.tgz"
[2023-11-10T17:17:04.006Z]   } ]
[2023-11-10T17:17:04.006Z] }
[2023-11-10T17:17:04.006Z] [VERBOSE] End loading URL (CURL): https://art-bear.autodesk.com/artifactory/api/search/checksum?repos=autodesk-3p-generic,adsk-build-tools-generic,team-ecg-generic,team-maya-generic,oss-stg-generic&sha1=33fa670efb8a2e6e0fe7cf43f43781754a0452be
[2023-11-10T17:17:04.006Z] [VERBOSE] Start loading URL (CURL): https://art-bear.autodesk.com:443/artifactory/api/storage/team-maya-generic/Maya/master/plnx/2023-11-06-01-40_068e1a5022/202311060140-068e1a5022-RUNDEV.tgz
[2023-11-10T17:17:04.006Z] [DEBUG] Running: /usr/bin/curl -s -X GET --keepalive-time 10 --connect-timeout 60 --speed-limit 10000 --speed-time 120 --max-time 3600 --retry 5 --retry-max-time 2400 -H Connection:close -H Authorization:Basic ZWNnYmlmcm9zdDpvcGUqKjAw https://art-bear.autodesk.com:443/artifactory/api/storage/team-maya-generic/Maya/master/plnx/2023-11-06-01-40_068e1a5022/202311060140-068e1a5022-RUNDEV.tgz
[2023-11-10T17:17:04.006Z] [DEBUG] Output:
[2023-11-10T17:17:04.006Z] {
[2023-11-10T17:17:04.006Z]   "repo" : "team-maya-generic",
[2023-11-10T17:17:04.006Z]   "path" : "/Maya/master/plnx/2023-11-06-01-40_068e1a5022/202311060140-068e1a5022-RUNDEV.tgz",
[2023-11-10T17:17:04.006Z]   "created" : "2023-11-06T06:08:42.594-05:00",
[2023-11-10T17:17:04.006Z]   "createdBy" : "token:art-bear.autodesk.com",
[2023-11-10T17:17:04.006Z]   "lastModified" : "2023-11-06T06:08:42.586-05:00",
[2023-11-10T17:17:04.006Z]   "modifiedBy" : "token:art-bear.autodesk.com",
[2023-11-10T17:17:04.006Z]   "lastUpdated" : "2023-11-06T06:08:42.595-05:00",
[2023-11-10T17:17:04.007Z]   "downloadUri" : "https://art-bear.autodesk.com:443/artifactory/team-maya-generic/Maya/master/plnx/2023-11-06-01-40_068e1a5022/202311060140-068e1a5022-RUNDEV.tgz",
[2023-11-10T17:17:04.007Z]   "mimeType" : "application/x-gzip",
[2023-11-10T17:17:04.007Z]   "size" : "2638320878",
[2023-11-10T17:17:04.007Z]   "checksums" : {
[2023-11-10T17:17:04.007Z]     "sha1" : "33fa670efb8a2e6e0fe7cf43f43781754a0452be",
[2023-11-10T17:17:04.007Z]     "md5" : "b1b7b29034b5d3c2e8db81b177964673",
[2023-11-10T17:17:04.007Z]     "sha256" : "140f43d5f3a0a154fad2afe7cb7c09843019dfc72124c0e6e13f2e00c6808fd8"
[2023-11-10T17:17:04.007Z]   },
[2023-11-10T17:17:04.007Z]   "originalChecksums" : {
[2023-11-10T17:17:04.007Z]     "sha1" : "33fa670efb8a2e6e0fe7cf43f43781754a0452be",
[2023-11-10T17:17:04.007Z]     "md5" : "b1b7b29034b5d3c2e8db81b177964673",
[2023-11-10T17:17:04.007Z]     "sha256" : "140f43d5f3a0a154fad2afe7cb7c09843019dfc72124c0e6e13f2e00c6808fd8"
[2023-11-10T17:17:04.007Z]   },
[2023-11-10T17:17:04.007Z]   "uri" : "https://art-bear.autodesk.com:443/artifactory/api/storage/team-maya-generic/Maya/master/plnx/2023-11-06-01-40_068e1a5022/202311060140-068e1a5022-RUNDEV.tgz"
[2023-11-10T17:17:04.007Z] }
[2023-11-10T17:17:04.007Z] [VERBOSE] End loading URL (CURL): https://art-bear.autodesk.com:443/artifactory/api/storage/team-maya-generic/Maya/master/plnx/2023-11-06-01-40_068e1a5022/202311060140-068e1a5022-RUNDEV.tgz
[2023-11-10T17:17:04.007Z] Using Maya cut from /local/S/jenkins/workspace/shared/Artifactory/Linux/rundev-master/202311060140/runtime/33fa670
[2023-11-10T17:17:04.007Z] [VERBOSE] Start loading URL (CURL): https://art-bear.autodesk.com:443/artifactory/api/storage/team-maya-generic/Maya/master/plnx/2023-11-06-01-40_068e1a5022/202311060140-068e1a5022-RUNDEV.tgz.multipart
[2023-11-10T17:17:04.007Z] [DEBUG] Running: /usr/bin/curl -s -X GET --keepalive-time 10 --connect-timeout 60 --speed-limit 10000 --speed-time 120 --max-time 3600 --retry 5 --retry-max-time 2400 -H Connection:close -H Authorization:Basic ZWNnYmlmcm9zdDpvcGUqKjAw https://art-bear.autodesk.com:443/artifactory/api/storage/team-maya-generic/Maya/master/plnx/2023-11-06-01-40_068e1a5022/202311060140-068e1a5022-RUNDEV.tgz.multipart
[2023-11-10T17:17:04.007Z] [DEBUG] Output:
[2023-11-10T17:17:04.007Z] {
[2023-11-10T17:17:04.007Z]   "errors" : [ {
[2023-11-10T17:17:04.007Z]     "status" : 404,
[2023-11-10T17:17:04.007Z]     "message" : "Unable to find item"
[2023-11-10T17:17:04.007Z]   } ]
[2023-11-10T17:17:04.007Z] }
[2023-11-10T17:17:04.007Z] [VERBOSE] End loading URL (CURL): https://art-bear.autodesk.com:443/artifactory/api/storage/team-maya-generic/Maya/master/plnx/2023-11-06-01-40_068e1a5022/202311060140-068e1a5022-RUNDEV.tgz.multipart
[2023-11-10T17:17:04.007Z] Downloading https://art-bear.autodesk.com:443/artifactory/team-maya-generic/Maya/master/plnx/2023-11-06-01-40_068e1a5022/202311060140-068e1a5022-RUNDEV.tgz to /local/S/jenkins/workspace/shared/Artifactory/Linux/tmp/tmp67swm3ac
[2023-11-10T17:17:04.007Z] [VERBOSE] Start downloading file (CURL): https://art-bear.autodesk.com:443/artifactory/team-maya-generic/Maya/master/plnx/2023-11-06-01-40_068e1a5022/202311060140-068e1a5022-RUNDEV.tgz
[2023-11-10T17:17:04.007Z] [DEBUG] Running: /usr/bin/curl -sI -X GET --keepalive-time 10 --connect-timeout 60 --speed-limit 10000 --speed-time 120 --max-time 3600 --retry 5 --retry-max-time 2400 -H Connection:close -H Authorization:Basic ZWNnYmlmcm9zdDpvcGUqKjAw https://art-bear.autodesk.com:443/artifactory/team-maya-generic/Maya/master/plnx/2023-11-06-01-40_068e1a5022/202311060140-068e1a5022-RUNDEV.tgz
[2023-11-10T17:17:04.007Z] [DEBUG] Header:
[2023-11-10T17:17:04.007Z] HTTP/1.1 200 
[2023-11-10T17:17:04.007Z] Date: Fri, 10 Nov 2023 17:17:03 GMT
[2023-11-10T17:17:04.007Z] Content-Type: application/x-gzip
[2023-11-10T17:17:04.007Z] Content-Length: 2638320878
[2023-11-10T17:17:04.007Z] Connection: close
[2023-11-10T17:17:04.007Z] X-JFrog-Version: Artifactory/7.55.9 75509900
[2023-11-10T17:17:04.007Z] X-Artifactory-Id: b34d77a078656c59:3eb030b6:18a7ab126d6:-8000
[2023-11-10T17:17:04.007Z] X-Artifactory-Node-Id: uscrlpdrsync006.autodesk.com
[2023-11-10T17:17:04.007Z] Last-Modified: Mon, 06 Nov 2023 11:08:42 GMT
[2023-11-10T17:17:04.007Z] ETag: 33fa670efb8a2e6e0fe7cf43f43781754a0452be
[2023-11-10T17:17:04.007Z] X-Checksum-Sha1: 33fa670efb8a2e6e0fe7cf43f43781754a0452be
[2023-11-10T17:17:04.007Z] X-Checksum-Sha256: 140f43d5f3a0a154fad2afe7cb7c09843019dfc72124c0e6e13f2e00c6808fd8
[2023-11-10T17:17:04.007Z] X-Checksum-Md5: b1b7b29034b5d3c2e8db81b177964673
[2023-11-10T17:17:04.007Z] Accept-Ranges: bytes
[2023-11-10T17:17:04.007Z] X-Artifactory-Filename: 202311060140-068e1a5022-RUNDEV.tgz
[2023-11-10T17:17:04.007Z] Content-Disposition: attachment; filename="202311060140-068e1a5022-RUNDEV.tgz"; filename*=UTF-8''"202311060140-068e1a5022-RUNDEV.tgz"
[2023-11-10T17:17:04.007Z] [DEBUG] Running: /usr/bin/curl --progress-bar -X GET --keepalive-time 10 --connect-timeout 60 --speed-limit 10000 --speed-time 120 --max-time 3600 --retry 5 --retry-max-time 2400 -H Connection:close -H Authorization:Basic ZWNnYmlmcm9zdDpvcGUqKjAw https://art-bear.autodesk.com:443/artifactory/team-maya-generic/Maya/master/plnx/2023-11-06-01-40_068e1a5022/202311060140-068e1a5022-RUNDEV.tgz -o /local/S/jenkins/workspace/shared/Artifactory/Linux/tmp/tmp67swm3ac/202311060140-068e1a5022-RUNDEV.tgz
[2023-11-10T17:17:04.007Z]       0% complete.
[2023-11-10T17:17:04.007Z]       1% complete.
[2023-11-10T17:17:04.007Z]       2% complete.
[2023-11-10T17:17:04.007Z]       3% complete.
[2023-11-10T17:17:04.634Z]       5% complete.
[2023-11-10T17:17:04.634Z]       6% complete.
[2023-11-10T17:17:04.634Z]       7% complete.
[2023-11-10T17:17:04.634Z]       8% complete.
[2023-11-10T17:17:04.634Z]       9% complete.
[2023-11-10T17:17:04.634Z]      11% complete.
[2023-11-10T17:17:04.634Z]      12% complete.
[2023-11-10T17:17:05.192Z]      13% complete.
[2023-11-10T17:17:05.192Z]      15% complete.
[2023-11-10T17:17:05.192Z]      16% complete.
[2023-11-10T17:17:05.192Z]      18% complete.
[2023-11-10T17:17:05.192Z]      19% complete.
[2023-11-10T17:17:05.736Z]      21% complete.
[2023-11-10T17:17:05.736Z]      22% complete.
[2023-11-10T17:17:05.736Z]      24% complete.
[2023-11-10T17:17:05.736Z]      26% complete.
[2023-11-10T17:17:05.736Z]      27% complete.
[2023-11-10T17:17:05.736Z]      28% complete.
[2023-11-10T17:17:06.280Z]      30% complete.
[2023-11-10T17:17:06.280Z]      31% complete.
[2023-11-10T17:17:06.280Z]      33% complete.
[2023-11-10T17:17:06.280Z]      34% complete.
[2023-11-10T17:17:06.280Z]      36% complete.
[2023-11-10T17:17:06.824Z]      37% complete.
[2023-11-10T17:17:06.824Z]      39% complete.
[2023-11-10T17:17:06.824Z]      41% complete.
[2023-11-10T17:17:06.824Z]      42% complete.
[2023-11-10T17:17:06.824Z]      43% complete.
[2023-11-10T17:17:06.824Z]      44% complete.
[2023-11-10T17:17:07.364Z]      45% complete.
[2023-11-10T17:17:07.913Z]      46% complete.
[2023-11-10T17:17:07.913Z]      47% complete.
[2023-11-10T17:17:07.913Z]      48% complete.
[2023-11-10T17:17:07.913Z]      49% complete.
[2023-11-10T17:17:07.913Z]      51% complete.
[2023-11-10T17:17:08.459Z]      52% complete.
[2023-11-10T17:17:08.459Z]      53% complete.
[2023-11-10T17:17:08.459Z]      54% complete.
[2023-11-10T17:17:08.459Z]      56% complete.
[2023-11-10T17:17:08.459Z]      57% complete.
[2023-11-10T17:17:08.459Z]      58% complete.
[2023-11-10T17:17:09.044Z]      59% complete.
[2023-11-10T17:17:09.044Z]      60% complete.
[2023-11-10T17:17:09.044Z]      61% complete.
[2023-11-10T17:17:09.044Z]      62% complete.
[2023-11-10T17:17:09.044Z]      64% complete.
[2023-11-10T17:17:09.044Z]      65% complete.
[2023-11-10T17:17:09.601Z]      66% complete.
[2023-11-10T17:17:09.601Z]      67% complete.
[2023-11-10T17:17:09.601Z]      68% complete.
[2023-11-10T17:17:09.601Z]      69% complete.
[2023-11-10T17:17:09.601Z]      70% complete.
[2023-11-10T17:17:10.140Z]      71% complete.
[2023-11-10T17:17:10.140Z]      73% complete.
[2023-11-10T17:17:10.140Z]      74% complete.
[2023-11-10T17:17:10.140Z]      75% complete.
[2023-11-10T17:17:10.678Z]      77% complete.
[2023-11-10T17:17:10.678Z]      78% complete.
[2023-11-10T17:17:10.678Z]      79% complete.
[2023-11-10T17:17:10.678Z]      80% complete.
[2023-11-10T17:17:11.250Z]      81% complete.
[2023-11-10T17:17:11.250Z]      82% complete.
[2023-11-10T17:17:11.250Z]      83% complete.
[2023-11-10T17:17:11.250Z]      85% complete.
[2023-11-10T17:17:11.806Z]      86% complete.
[2023-11-10T17:17:11.806Z]      87% complete.
[2023-11-10T17:17:11.806Z]      88% complete.
[2023-11-10T17:17:11.806Z]      89% complete.
[2023-11-10T17:17:11.806Z]      90% complete.
[2023-11-10T17:17:12.344Z]      91% complete.
[2023-11-10T17:17:12.344Z]      92% complete.
[2023-11-10T17:17:12.344Z]      93% complete.
[2023-11-10T17:17:12.344Z]      94% complete.
[2023-11-10T17:17:12.344Z]      96% complete.
[2023-11-10T17:17:12.344Z]      97% complete.
[2023-11-10T17:17:12.887Z]      98% complete.
[2023-11-10T17:17:12.887Z]      99% complete.
[2023-11-10T17:17:12.887Z]     100% complete.
[2023-11-10T17:17:12.887Z] [VERBOSE] End downloading file (CURL): https://art-bear.autodesk.com:443/artifactory/team-maya-generic/Maya/master/plnx/2023-11-06-01-40_068e1a5022/202311060140-068e1a5022-RUNDEV.tgz
[2023-11-10T17:17:12.887Z] Extracting 202311060140-068e1a5022-RUNDEV.tgz to /local/S/jenkins/workspace/shared/Artifactory/Linux/tmp/tmpl4a5swle
[2023-11-10T17:17:57.551Z] Installing on /local/S/jenkins/workspace/shared/Artifactory/Linux/rundev-master/202311060140/runtime/33fa670
[2023-11-10T17:17:57.551Z] 
[2023-11-10T17:17:57.551Z] ================================================================================
[2023-11-10T17:17:57.551Z]                              setup (RelWithDebInfo)
[2023-11-10T17:17:57.551Z] ================================================================================
[2023-11-10T17:17:57.551Z] Installing license file 'melicense.lic'.
[Pipeline] }
[Pipeline] // withEnv
[Pipeline] }
[Pipeline] // timeout
[Pipeline] }
[Pipeline] // stage
[Pipeline] }
[Pipeline] // timestamps
[Pipeline] timestamps
[Pipeline] {
[Pipeline] stage
[Pipeline] { (Clean)
[Pipeline] timeout
[2023-11-10T17:17:57.968Z] Timeout set to expire in 6 hr 0 min
[Pipeline] {
[Pipeline] withEnv
[Pipeline] {
[Pipeline] sh
[2023-11-10T17:17:59.383Z] + scl enable gcc-toolset-11 -
[2023-11-10T17:17:59.383Z] + '[' enable = load -o enable = unload ']'
[2023-11-10T17:17:59.383Z] + /usr/bin/scl enable gcc-toolset-11 -
[2023-11-10T17:17:59.383Z] python ecg-maya-hydra/build.py --stages=clean --workspace-dir=/local/S/jenkins/workspace/ECP/ecg-maya-hydra/ecg-maya-hydra-branch-preflight-python3-linux --artifactory-dir=/local/S/jenkins/workspace/shared/Artifactory --build-dir=/local/S/jenkins/workspace/ECP/ecg-maya-hydra/ecg-maya-hydra-branch-preflight-python3-linux/build --install-dir=/local/S/jenkins/workspace/ECP/ecg-maya-hydra/ecg-maya-hydra-branch-preflight-python3-linux/install --signing-dir=/local/S/jenkins/workspace/ECP/ecg-maya-hydra/ecg-maya-hydra-branch-preflight-python3-linux/signing --package-dir=/local/S/jenkins/workspace/ECP/ecg-maya-hydra/ecg-maya-hydra-branch-preflight-python3-linux/package --output-dir=/local/S/jenkins/workspace/ECP/ecg-maya-hydra/ecg-maya-hydra-branch-preflight-python3-linux/output --stash-dir=/local/S/jenkins/workspace/ECP/ecg-maya-hydra/ecg-maya-hydra-branch-preflight-python3-linux/stash --jenkins-build=380 --git-commit=d494b7bf36c921c5620c0010b361b42c2d02bc71 --git-branch=master --variants=Debug --interactive-tests=true --post-zips=false --osx-binary-architecture-target=ub2 --osx-deployment-target=11.0 --osx-base-sdk=CurrentActiveSDK --maya-cut-config=maya-rundev-master-debug.yaml --maya-package=rundev-master-debug --stage-banner
[2023-11-10T17:17:59.383Z] Using Maya cut from /local/S/jenkins/workspace/shared/Artifactory/Linux/rundev-master-debug/202310260154/runtime/7d60df0
[2023-11-10T17:17:59.383Z] 
[2023-11-10T17:17:59.383Z] ================================================================================
[2023-11-10T17:17:59.383Z]                                  clean (Debug)
[2023-11-10T17:17:59.383Z] ================================================================================
[2023-11-10T17:17:59.383Z] Maya Python Debug Info:
[2023-11-10T17:17:59.383Z]   mayapy executable   = /local/S/jenkins/workspace/shared/Artifactory/Linux/rundev-master-debug/202310260154/runtime/7d60df0/runTime/bin/mayapy
[2023-11-10T17:17:59.383Z]   Include Folder      = /local/S/jenkins/workspace/shared/Artifactory/Linux/rundev-master-debug/202310260154/runtime/7d60df0/runTime/include/Python310/Python
[2023-11-10T17:17:59.383Z]   Library             = /local/S/jenkins/workspace/shared/Artifactory/Linux/rundev-master-debug/202310260154/runtime/7d60df0/runTime/lib/libpython3.10d.so.1.0
[2023-11-10T17:17:59.383Z]   site-package Folder = /local/S/jenkins/workspace/shared/Artifactory/Linux/rundev-master-debug/202310260154/runtime/7d60df0/runTime/lib/python3.10/site-packages
[2023-11-10T17:18:00.509Z] In workdir: /home/S/jenkins/workspace/ECP/ecg-maya-hydra/ecg-maya-hydra-branch-preflight-python3-linux/ecg-maya-hydra/maya-hydra
[2023-11-10T17:18:00.509Z] Executing: /local/S/jenkins/workspace/shared/Artifactory/Linux/rundev-master-debug/202310260154/runtime/7d60df0/runTime/bin/mayapy /home/S/jenkins/workspace/ECP/ecg-maya-hydra/ecg-maya-hydra-branch-preflight-python3-linux/ecg-maya-hydra/maya-hydra/build.py --generator Ninja --build-debug --maya-location /local/S/jenkins/workspace/shared/Artifactory/Linux/rundev-master-debug/202310260154/runtime/7d60df0/runTime --devkit-location /local/S/jenkins/workspace/shared/Artifactory/Linux/rundev-master-debug/202310260154/runtime/7d60df0/devkitBase --pxrusd-location /local/S/jenkins/workspace/shared/Artifactory/Linux/USD/8e4fe45 --build-args=-DCMAKE_MAKE_PROGRAM=/local/S/jenkins/workspace/shared/Artifactory/Linux/ninja/1.10.2/9ab399b/ninja,-DPYTHON_INCLUDE_DIR=/local/S/jenkins/workspace/shared/Artifactory/Linux/rundev-master-debug/202310260154/runtime/7d60df0/runTime/include/Python310/Python,-DPython_EXECUTABLE=/local/S/jenkins/workspace/shared/Artifactory/Linux/rundev-master-debug/202310260154/runtime/7d60df0/runTime/bin/mayapy,-DPYTHON_LIBRARIES=/local/S/jenkins/workspace/shared/Artifactory/Linux/rundev-master-debug/202310260154/runtime/7d60df0/runTime/lib/libpython3.10d.so.1.0,-DBUILD_WITH_PYTHON_3=ON,-DBUILD_WITH_PYTHON_3_VERSION=3.10,-DCMAKE_WANT_MATERIALX_BUILD=ON,-DCMAKE_PREFIX_PATH=/local/S/jenkins/workspace/shared/Artifactory/Linux/USD/8e4fe45 --debug-python '--ctest-args=--parallel 16' --stages=clean --redirect-outstream-file=False --install-location /local/S/jenkins/workspace/ECP/ecg-maya-hydra/ecg-maya-hydra-branch-preflight-python3-linux/install/Debug/MayaHydra /local/S/jenkins/workspace/ECP/ecg-maya-hydra/ecg-maya-hydra-branch-preflight-python3-linux
[2023-11-10T17:18:00.509Z] Modified environment variables:
[2023-11-10T17:18:00.509Z]     LD_LIBRARY_PATH=/opt/rh/gcc-toolset-11/root/usr/lib64:/opt/rh/gcc-toolset-11/root/usr/lib64:/opt/rh/gcc-toolset-11/root/usr/lib:/opt/rh/gcc-toolset-11/root/usr/lib64/dyninst:/opt/rh/gcc-toolset-11/root/usr/lib/dyninst
[2023-11-10T17:18:00.509Z]     PATH=/local/S/jenkins/workspace/shared/Artifactory/Linux/cmake/3.20.3/ab685d7/bin:/opt/rh/gcc-toolset-11/root/usr/bin:/home/administrator/.local/bin:/home/administrator/bin:/usr/share/Modules/bin:/usr/local/bin:/usr/local/sbin:/usr/bin:/usr/sbin
[2023-11-10T17:18:00.509Z]     
[2023-11-10T17:18:00.509Z]         Building with settings:
[2023-11-10T17:18:00.509Z]           Source directory          /home/S/jenkins/workspace/ECP/ecg-maya-hydra/ecg-maya-hydra-branch-preflight-python3-linux/ecg-maya-hydra/maya-hydra
[2023-11-10T17:18:00.509Z]           Workspace directory       /local/S/jenkins/workspace/ECP/ecg-maya-hydra/ecg-maya-hydra-branch-preflight-python3-linux
[2023-11-10T17:18:00.509Z]           Build directory           /local/S/jenkins/workspace/ECP/ecg-maya-hydra/ecg-maya-hydra-branch-preflight-python3-linux/build/Debug
[2023-11-10T17:18:00.509Z]           Install directory         /local/S/jenkins/workspace/ECP/ecg-maya-hydra/ecg-maya-hydra-branch-preflight-python3-linux/install/Debug/MayaHydra
[2023-11-10T17:18:00.509Z]           Variant                   Debug
[2023-11-10T17:18:00.509Z]           Python Debug              On
[2023-11-10T17:18:00.509Z]           CMake generator           Ninja
[2023-11-10T17:18:00.509Z]           Build arguments           ['-DCMAKE_MAKE_PROGRAM=/local/S/jenkins/workspace/shared/Artifactory/Linux/ninja/1.10.2/9ab399b/ninja', '-DPYTHON_INCLUDE_DIR=/local/S/jenkins/workspace/shared/Artifactory/Linux/rundev-master-debug/202310260154/runtime/7d60df0/runTime/include/Python310/Python', '-DPython_EXECUTABLE=/local/S/jenkins/workspace/shared/Artifactory/Linux/rundev-master-debug/202310260154/runtime/7d60df0/runTime/bin/mayapy', '-DPYTHON_LIBRARIES=/local/S/jenkins/workspace/shared/Artifactory/Linux/rundev-master-debug/202310260154/runtime/7d60df0/runTime/lib/libpython3.10d.so.1.0', '-DBUILD_WITH_PYTHON_3=ON', '-DBUILD_WITH_PYTHON_3_VERSION=3.10', '-DCMAKE_WANT_MATERIALX_BUILD=ON', '-DCMAKE_PREFIX_PATH=/local/S/jenkins/workspace/shared/Artifactory/Linux/USD/8e4fe45']
[2023-11-10T17:18:00.509Z]           Stages arguments          ['clean']
[2023-11-10T17:18:00.509Z]           CTest arguments           ['--parallel 16']
[2023-11-10T17:18:00.509Z]     Success MayaHydra build and install !!!!
[2023-11-10T17:18:00.509Z]     Elapsed time: 00:00:00
[Pipeline] sh
[2023-11-10T17:18:02.195Z] + scl enable gcc-toolset-11 -
[2023-11-10T17:18:02.195Z] + '[' enable = load -o enable = unload ']'
[2023-11-10T17:18:02.195Z] + /usr/bin/scl enable gcc-toolset-11 -
[2023-11-10T17:18:02.195Z] python ecg-maya-hydra/build.py --stages=clean --workspace-dir=/local/S/jenkins/workspace/ECP/ecg-maya-hydra/ecg-maya-hydra-branch-preflight-python3-linux --artifactory-dir=/local/S/jenkins/workspace/shared/Artifactory --build-dir=/local/S/jenkins/workspace/ECP/ecg-maya-hydra/ecg-maya-hydra-branch-preflight-python3-linux/build --install-dir=/local/S/jenkins/workspace/ECP/ecg-maya-hydra/ecg-maya-hydra-branch-preflight-python3-linux/install --signing-dir=/local/S/jenkins/workspace/ECP/ecg-maya-hydra/ecg-maya-hydra-branch-preflight-python3-linux/signing --package-dir=/local/S/jenkins/workspace/ECP/ecg-maya-hydra/ecg-maya-hydra-branch-preflight-python3-linux/package --output-dir=/local/S/jenkins/workspace/ECP/ecg-maya-hydra/ecg-maya-hydra-branch-preflight-python3-linux/output --stash-dir=/local/S/jenkins/workspace/ECP/ecg-maya-hydra/ecg-maya-hydra-branch-preflight-python3-linux/stash --jenkins-build=380 --git-commit=d494b7bf36c921c5620c0010b361b42c2d02bc71 --git-branch=master --variants=RelWithDebInfo --interactive-tests=true --post-zips=false --osx-binary-architecture-target=ub2 --osx-deployment-target=11.0 --osx-base-sdk=CurrentActiveSDK --maya-cut-config=maya-rundev-master.yaml --maya-package=rundev-master --stage-banner
[2023-11-10T17:18:02.195Z] Using Maya cut from /local/S/jenkins/workspace/shared/Artifactory/Linux/rundev-master/202311060140/runtime/33fa670
[2023-11-10T17:18:02.195Z] 
[2023-11-10T17:18:02.195Z] ================================================================================
[2023-11-10T17:18:02.195Z]                              clean (RelWithDebInfo)
[2023-11-10T17:18:02.195Z] ================================================================================
[2023-11-10T17:18:02.195Z] Maya Python RelWithDebInfo Info:
[2023-11-10T17:18:02.195Z]   mayapy executable   = /local/S/jenkins/workspace/shared/Artifactory/Linux/rundev-master/202311060140/runtime/33fa670/runTime/bin/mayapy
[2023-11-10T17:18:02.195Z]   Include Folder      = /local/S/jenkins/workspace/shared/Artifactory/Linux/rundev-master/202311060140/runtime/33fa670/runTime/include/Python310/Python
[2023-11-10T17:18:02.195Z]   Library             = /local/S/jenkins/workspace/shared/Artifactory/Linux/rundev-master/202311060140/runtime/33fa670/runTime/lib/libpython3.10.so.1.0
[2023-11-10T17:18:02.195Z]   site-package Folder = /local/S/jenkins/workspace/shared/Artifactory/Linux/rundev-master/202311060140/runtime/33fa670/runTime/lib/python3.10/site-packages
[2023-11-10T17:18:03.993Z] Adding Python package requirements: ['/local/S/jenkins/workspace/shared/Artifactory/Linux/rundev-master/202311060140/runtime/33fa670/runTime/bin/mayapy', '-m', 'pip', 'install', '-t', '/local/S/jenkins/workspace/shared/Artifactory/Linux/rundev-master/202311060140/runtime/33fa670/runTime/lib/python3.10/site-packages', '-r', 'python_requirements.txt']
[2023-11-10T17:18:07.314Z] In workdir: /home/S/jenkins/workspace/ECP/ecg-maya-hydra/ecg-maya-hydra-branch-preflight-python3-linux/ecg-maya-hydra/maya-hydra
[2023-11-10T17:18:07.314Z] Executing: /local/S/jenkins/workspace/shared/Artifactory/Linux/rundev-master/202311060140/runtime/33fa670/runTime/bin/mayapy /home/S/jenkins/workspace/ECP/ecg-maya-hydra/ecg-maya-hydra-branch-preflight-python3-linux/ecg-maya-hydra/maya-hydra/build.py --generator Ninja --build-relwithdebug --maya-location /local/S/jenkins/workspace/shared/Artifactory/Linux/rundev-master/202311060140/runtime/33fa670/runTime --devkit-location /local/S/jenkins/workspace/shared/Artifactory/Linux/rundev-master/202311060140/runtime/33fa670/devkitBase --pxrusd-location /local/S/jenkins/workspace/shared/Artifactory/Linux/USD/13e6029 --build-args=-DCMAKE_MAKE_PROGRAM=/local/S/jenkins/workspace/shared/Artifactory/Linux/ninja/1.10.2/9ab399b/ninja,-DPYTHON_INCLUDE_DIR=/local/S/jenkins/workspace/shared/Artifactory/Linux/rundev-master/202311060140/runtime/33fa670/runTime/include/Python310/Python,-DPython_EXECUTABLE=/local/S/jenkins/workspace/shared/Artifactory/Linux/rundev-master/202311060140/runtime/33fa670/runTime/bin/mayapy,-DPYTHON_LIBRARIES=/local/S/jenkins/workspace/shared/Artifactory/Linux/rundev-master/202311060140/runtime/33fa670/runTime/lib/libpython3.10.so.1.0,-DBUILD_WITH_PYTHON_3=ON,-DBUILD_WITH_PYTHON_3_VERSION=3.10,-DCMAKE_WANT_MATERIALX_BUILD=ON,-DCMAKE_PREFIX_PATH=/local/S/jenkins/workspace/shared/Artifactory/Linux/USD/13e6029 '--ctest-args=--parallel 16' --stages=clean --redirect-outstream-file=False --install-location /local/S/jenkins/workspace/ECP/ecg-maya-hydra/ecg-maya-hydra-branch-preflight-python3-linux/install/RelWithDebInfo/MayaHydra /local/S/jenkins/workspace/ECP/ecg-maya-hydra/ecg-maya-hydra-branch-preflight-python3-linux
[2023-11-10T17:18:07.314Z] Modified environment variables:
[2023-11-10T17:18:07.314Z]     LD_LIBRARY_PATH=/opt/rh/gcc-toolset-11/root/usr/lib64:/opt/rh/gcc-toolset-11/root/usr/lib64:/opt/rh/gcc-toolset-11/root/usr/lib:/opt/rh/gcc-toolset-11/root/usr/lib64/dyninst:/opt/rh/gcc-toolset-11/root/usr/lib/dyninst
[2023-11-10T17:18:07.314Z]     PATH=/local/S/jenkins/workspace/shared/Artifactory/Linux/cmake/3.20.3/ab685d7/bin:/opt/rh/gcc-toolset-11/root/usr/bin:/home/administrator/.local/bin:/home/administrator/bin:/usr/share/Modules/bin:/usr/local/bin:/usr/local/sbin:/usr/bin:/usr/sbin
[2023-11-10T17:18:07.314Z]     
[2023-11-10T17:18:07.314Z]         Building with settings:
[2023-11-10T17:18:07.314Z]           Source directory          /home/S/jenkins/workspace/ECP/ecg-maya-hydra/ecg-maya-hydra-branch-preflight-python3-linux/ecg-maya-hydra/maya-hydra
[2023-11-10T17:18:07.314Z]           Workspace directory       /local/S/jenkins/workspace/ECP/ecg-maya-hydra/ecg-maya-hydra-branch-preflight-python3-linux
[2023-11-10T17:18:07.314Z]           Build directory           /local/S/jenkins/workspace/ECP/ecg-maya-hydra/ecg-maya-hydra-branch-preflight-python3-linux/build/RelWithDebInfo
[2023-11-10T17:18:07.314Z]           Install directory         /local/S/jenkins/workspace/ECP/ecg-maya-hydra/ecg-maya-hydra-branch-preflight-python3-linux/install/RelWithDebInfo/MayaHydra
[2023-11-10T17:18:07.314Z]           Variant                   RelWithDebInfo
[2023-11-10T17:18:07.314Z]           Python Debug              Off
[2023-11-10T17:18:07.314Z]           CMake generator           Ninja
[2023-11-10T17:18:07.314Z]           Build arguments           ['-DCMAKE_MAKE_PROGRAM=/local/S/jenkins/workspace/shared/Artifactory/Linux/ninja/1.10.2/9ab399b/ninja', '-DPYTHON_INCLUDE_DIR=/local/S/jenkins/workspace/shared/Artifactory/Linux/rundev-master/202311060140/runtime/33fa670/runTime/include/Python310/Python', '-DPython_EXECUTABLE=/local/S/jenkins/workspace/shared/Artifactory/Linux/rundev-master/202311060140/runtime/33fa670/runTime/bin/mayapy', '-DPYTHON_LIBRARIES=/local/S/jenkins/workspace/shared/Artifactory/Linux/rundev-master/202311060140/runtime/33fa670/runTime/lib/libpython3.10.so.1.0', '-DBUILD_WITH_PYTHON_3=ON', '-DBUILD_WITH_PYTHON_3_VERSION=3.10', '-DCMAKE_WANT_MATERIALX_BUILD=ON', '-DCMAKE_PREFIX_PATH=/local/S/jenkins/workspace/shared/Artifactory/Linux/USD/13e6029']
[2023-11-10T17:18:07.314Z]           Stages arguments          ['clean']
[2023-11-10T17:18:07.314Z]           CTest arguments           ['--parallel 16']
[2023-11-10T17:18:07.314Z]     Success MayaHydra build and install !!!!
[2023-11-10T17:18:07.314Z]     Elapsed time: 00:00:00
[Pipeline] }
[Pipeline] // withEnv
[Pipeline] }
[Pipeline] // timeout
[Pipeline] }
[Pipeline] // stage
[Pipeline] }
[Pipeline] // timestamps
[Pipeline] timestamps
[Pipeline] {
[Pipeline] stage
[Pipeline] { (Configure)
[Pipeline] timeout
[2023-11-10T17:18:07.689Z] Timeout set to expire in 6 hr 0 min
[Pipeline] {
[Pipeline] withEnv
[Pipeline] {
[Pipeline] sh
[2023-11-10T17:18:09.106Z] + scl enable gcc-toolset-11 -
[2023-11-10T17:18:09.106Z] + '[' enable = load -o enable = unload ']'
[2023-11-10T17:18:09.106Z] + /usr/bin/scl enable gcc-toolset-11 -
[2023-11-10T17:18:09.106Z] python ecg-maya-hydra/build.py --stages=configure --workspace-dir=/local/S/jenkins/workspace/ECP/ecg-maya-hydra/ecg-maya-hydra-branch-preflight-python3-linux --artifactory-dir=/local/S/jenkins/workspace/shared/Artifactory --build-dir=/local/S/jenkins/workspace/ECP/ecg-maya-hydra/ecg-maya-hydra-branch-preflight-python3-linux/build --install-dir=/local/S/jenkins/workspace/ECP/ecg-maya-hydra/ecg-maya-hydra-branch-preflight-python3-linux/install --signing-dir=/local/S/jenkins/workspace/ECP/ecg-maya-hydra/ecg-maya-hydra-branch-preflight-python3-linux/signing --package-dir=/local/S/jenkins/workspace/ECP/ecg-maya-hydra/ecg-maya-hydra-branch-preflight-python3-linux/package --output-dir=/local/S/jenkins/workspace/ECP/ecg-maya-hydra/ecg-maya-hydra-branch-preflight-python3-linux/output --stash-dir=/local/S/jenkins/workspace/ECP/ecg-maya-hydra/ecg-maya-hydra-branch-preflight-python3-linux/stash --jenkins-build=380 --git-commit=d494b7bf36c921c5620c0010b361b42c2d02bc71 --git-branch=master --variants=Debug --interactive-tests=true --post-zips=false --osx-binary-architecture-target=ub2 --osx-deployment-target=11.0 --osx-base-sdk=CurrentActiveSDK --maya-cut-config=maya-rundev-master-debug.yaml --maya-package=rundev-master-debug --stage-banner
[2023-11-10T17:18:09.106Z] Using Maya cut from /local/S/jenkins/workspace/shared/Artifactory/Linux/rundev-master-debug/202310260154/runtime/7d60df0
[2023-11-10T17:18:09.106Z] 
[2023-11-10T17:18:09.106Z] ================================================================================
[2023-11-10T17:18:09.106Z]                                configure (Debug)
[2023-11-10T17:18:09.106Z] ================================================================================
[2023-11-10T17:18:09.106Z] Maya Python Debug Info:
[2023-11-10T17:18:09.106Z]   mayapy executable   = /local/S/jenkins/workspace/shared/Artifactory/Linux/rundev-master-debug/202310260154/runtime/7d60df0/runTime/bin/mayapy
[2023-11-10T17:18:09.106Z]   Include Folder      = /local/S/jenkins/workspace/shared/Artifactory/Linux/rundev-master-debug/202310260154/runtime/7d60df0/runTime/include/Python310/Python
[2023-11-10T17:18:09.106Z]   Library             = /local/S/jenkins/workspace/shared/Artifactory/Linux/rundev-master-debug/202310260154/runtime/7d60df0/runTime/lib/libpython3.10d.so.1.0
[2023-11-10T17:18:09.106Z]   site-package Folder = /local/S/jenkins/workspace/shared/Artifactory/Linux/rundev-master-debug/202310260154/runtime/7d60df0/runTime/lib/python3.10/site-packages
[2023-11-10T17:18:10.234Z] In workdir: /home/S/jenkins/workspace/ECP/ecg-maya-hydra/ecg-maya-hydra-branch-preflight-python3-linux/ecg-maya-hydra/maya-hydra
[2023-11-10T17:18:10.234Z] Executing: /local/S/jenkins/workspace/shared/Artifactory/Linux/rundev-master-debug/202310260154/runtime/7d60df0/runTime/bin/mayapy /home/S/jenkins/workspace/ECP/ecg-maya-hydra/ecg-maya-hydra-branch-preflight-python3-linux/ecg-maya-hydra/maya-hydra/build.py --generator Ninja --build-debug --maya-location /local/S/jenkins/workspace/shared/Artifactory/Linux/rundev-master-debug/202310260154/runtime/7d60df0/runTime --devkit-location /local/S/jenkins/workspace/shared/Artifactory/Linux/rundev-master-debug/202310260154/runtime/7d60df0/devkitBase --pxrusd-location /local/S/jenkins/workspace/shared/Artifactory/Linux/USD/8e4fe45 --build-args=-DCMAKE_MAKE_PROGRAM=/local/S/jenkins/workspace/shared/Artifactory/Linux/ninja/1.10.2/9ab399b/ninja,-DPYTHON_INCLUDE_DIR=/local/S/jenkins/workspace/shared/Artifactory/Linux/rundev-master-debug/202310260154/runtime/7d60df0/runTime/include/Python310/Python,-DPython_EXECUTABLE=/local/S/jenkins/workspace/shared/Artifactory/Linux/rundev-master-debug/202310260154/runtime/7d60df0/runTime/bin/mayapy,-DPYTHON_LIBRARIES=/local/S/jenkins/workspace/shared/Artifactory/Linux/rundev-master-debug/202310260154/runtime/7d60df0/runTime/lib/libpython3.10d.so.1.0,-DBUILD_WITH_PYTHON_3=ON,-DBUILD_WITH_PYTHON_3_VERSION=3.10,-DCMAKE_WANT_MATERIALX_BUILD=ON,-DCMAKE_PREFIX_PATH=/local/S/jenkins/workspace/shared/Artifactory/Linux/USD/8e4fe45 --debug-python '--ctest-args=--parallel 16' --stages=configure --redirect-outstream-file=False --install-location /local/S/jenkins/workspace/ECP/ecg-maya-hydra/ecg-maya-hydra-branch-preflight-python3-linux/install/Debug/MayaHydra /local/S/jenkins/workspace/ECP/ecg-maya-hydra/ecg-maya-hydra-branch-preflight-python3-linux
[2023-11-10T17:18:10.234Z] Modified environment variables:
[2023-11-10T17:18:10.234Z]     LD_LIBRARY_PATH=/opt/rh/gcc-toolset-11/root/usr/lib64:/opt/rh/gcc-toolset-11/root/usr/lib64:/opt/rh/gcc-toolset-11/root/usr/lib:/opt/rh/gcc-toolset-11/root/usr/lib64/dyninst:/opt/rh/gcc-toolset-11/root/usr/lib/dyninst
[2023-11-10T17:18:10.234Z]     PATH=/local/S/jenkins/workspace/shared/Artifactory/Linux/cmake/3.20.3/ab685d7/bin:/opt/rh/gcc-toolset-11/root/usr/bin:/home/administrator/.local/bin:/home/administrator/bin:/usr/share/Modules/bin:/usr/local/bin:/usr/local/sbin:/usr/bin:/usr/sbin
[2023-11-10T17:18:10.234Z]     -- The C compiler identification is GNU 11.2.1
[2023-11-10T17:18:10.234Z]     -- The CXX compiler identification is GNU 11.2.1
[2023-11-10T17:18:10.234Z]     -- Detecting C compiler ABI info
[2023-11-10T17:18:10.234Z]     -- Detecting C compiler ABI info - done
[2023-11-10T17:18:10.234Z]     -- Check for working C compiler: /opt/rh/gcc-toolset-11/root/usr/bin/cc - skipped
[2023-11-10T17:18:10.234Z]     -- Detecting C compile features
[2023-11-10T17:18:10.234Z]     -- Detecting C compile features - done
[2023-11-10T17:18:10.773Z]     -- Detecting CXX compiler ABI info
[2023-11-10T17:18:10.773Z]     -- Detecting CXX compiler ABI info - done
[2023-11-10T17:18:10.773Z]     -- Check for working CXX compiler: /opt/rh/gcc-toolset-11/root/usr/bin/c++ - skipped
[2023-11-10T17:18:10.773Z]     -- Detecting CXX compile features
[2023-11-10T17:18:10.773Z]     -- Detecting CXX compile features - done
[2023-11-10T17:18:11.312Z]     -- Using Maya Light API Version 3
[2023-11-10T17:18:11.312Z]     -- Maya has setDefaultMaterialHandling API
[2023-11-10T17:18:11.312Z]     -- Maya has new point snapping API
[2023-11-10T17:18:11.312Z]     -- Maya has isInCrashHandler API
[2023-11-10T17:18:11.312Z]     -- Maya has getDisplayStyleOfAllViewports API
[2023-11-10T17:18:11.312Z]     -- Maya array iterator has difference_type trait
[2023-11-10T17:18:11.312Z]     -- MFnSet has getMemberPaths function
[2023-11-10T17:18:11.312Z]     -- MFnDisplayLayer exists
[2023-11-10T17:18:11.312Z]     -- MDisplayLayerMessage has MDisplayLayerMemberChangedFunction
[2023-11-10T17:18:11.312Z]     -- MRenderItem has HideOnPlayback API
[2023-11-10T17:18:11.312Z]     -- Linux: Maya was built with new cxx11 ABI
[2023-11-10T17:18:11.312Z]     -- Found Maya: /local/S/jenkins/workspace/shared/Artifactory/Linux/rundev-master-debug/202310260154/runtime/7d60df0/runTime/bin/maya (found suitable version "2025", minimum required is "2024")
[2023-11-10T17:18:12.438Z]     -- Found Python: /local/S/jenkins/workspace/shared/Artifactory/Linux/rundev-master-debug/202310260154/runtime/7d60df0/runTime/bin/mayapy (found suitable exact version "3.10.8") found components: Interpreter
[2023-11-10T17:18:12.438Z]     -- Build mayaHydra with Python3 = ON
[2023-11-10T17:18:12.438Z]     --    PYTHON_INCLUDE_DIRS = /local/S/jenkins/workspace/shared/Artifactory/Linux/rundev-master-debug/202310260154/runtime/7d60df0/runTime/include/Python310/Python
[2023-11-10T17:18:12.438Z]     --    PYTHON_LIBRARIES    = /local/S/jenkins/workspace/shared/Artifactory/Linux/rundev-master-debug/202310260154/runtime/7d60df0/runTime/lib/libpython3.10d.so.1.0
[2023-11-10T17:18:12.438Z]     --    Python_EXECUTABLE   = /local/S/jenkins/workspace/shared/Artifactory/Linux/rundev-master-debug/202310260154/runtime/7d60df0/runTime/bin/mayapy
[2023-11-10T17:18:12.438Z]     -- Found Python3: /local/S/jenkins/workspace/shared/Artifactory/Linux/rundev-master-debug/202310260154/runtime/7d60df0/runTime/include/Python310/Python (found suitable exact version "3.10.8") found components: Development Development.Module Development.Embed
[2023-11-10T17:18:12.438Z]     -- USD has new Sdr.PropertyTypes.Color4
[2023-11-10T17:18:12.976Z]     -- USD has MaterialX metadata support
[2023-11-10T17:18:12.976Z]     -- USD include dir: /local/S/jenkins/workspace/shared/Artifactory/Linux/USD/8e4fe45/include
[2023-11-10T17:18:12.976Z]     -- USD library dir: /local/S/jenkins/workspace/shared/Artifactory/Linux/USD/8e4fe45/lib
[2023-11-10T17:18:12.976Z]     -- USD version: 0.23.8
[2023-11-10T17:18:12.976Z]     -- Found USD: /local/S/jenkins/workspace/shared/Artifactory/Linux/USD/8e4fe45 (found suitable version "0.23.8", minimum required is "0.22.11")
[2023-11-10T17:18:12.976Z]     Updated PYTHONPATH: /local/S/jenkins/workspace/shared/Artifactory/Linux/USD/8e4fe45/lib/python
[2023-11-10T17:18:12.976Z]     -- Found UFE: /local/S/jenkins/workspace/shared/Artifactory/Linux/rundev-master-debug/202310260154/runtime/7d60df0/devkitBase/devkit/ufe/include (found version "0.5.11")
[2023-11-10T17:18:12.976Z]     -- UFE include dir: /local/S/jenkins/workspace/shared/Artifactory/Linux/rundev-master-debug/202310260154/runtime/7d60df0/devkitBase/devkit/ufe/include
[2023-11-10T17:18:12.976Z]     -- UFE library: /local/S/jenkins/workspace/shared/Artifactory/Linux/rundev-master-debug/202310260154/runtime/7d60df0/devkitBase/devkit/ufe/lib/libufe_0.so
[2023-11-10T17:18:12.976Z]     -- UFE version: 0.5.11
[2023-11-10T17:18:12.976Z]     -- Maya has UFE lights API
[2023-11-10T17:18:12.976Z]     -- Maya has UFE scene segment API
[2023-11-10T17:18:12.976Z]     -- Maya has UFE TrieNode childrenComponents accessor
[2023-11-10T17:18:12.976Z]     -- Building with UFE 0.5.11.
[2023-11-10T17:18:12.976Z]     -- Found MaterialX
[2023-11-10T17:18:12.976Z]     -- Check if compiler accepts -pthread
[2023-11-10T17:18:12.976Z]     -- Check if compiler accepts -pthread - yes
[2023-11-10T17:18:12.976Z]     -- Performing Test HAVE_STDATOMIC
[2023-11-10T17:18:12.976Z]     -- Performing Test HAVE_STDATOMIC - Success
[2023-11-10T17:18:12.976Z]     -- Found OpenGL: /usr/lib64/libOpenGL.so
[2023-11-10T17:18:13.514Z]     -- Check if linker can resolve circular dependencies - FALSE
[2023-11-10T17:18:13.514Z]     -- Found Qt 6.5.2 in Maya devkit. Hydra Scene Browser will be built.
[2023-11-10T17:18:13.514Z]     -- **** Building Gulrak From Github Repository.
[2023-11-10T17:18:13.514Z]     -- Populating gulrak
[2023-11-10T17:18:13.514Z]     -- Configuring done
[2023-11-10T17:18:13.514Z]     -- Generating done
[2023-11-10T17:18:13.514Z]     -- Build files have been written to: /home/S/jenkins/workspace/ECP/ecg-maya-hydra/ecg-maya-hydra-branch-preflight-python3-linux/build/Debug/_deps/gulrak-subbuild
[2023-11-10T17:18:13.514Z]     [1/9] Creating directories for 'gulrak-populate'
[2023-11-10T17:18:13.514Z]     [1/9] Performing download step (git clone) for 'gulrak-populate'
[2023-11-10T17:18:13.514Z]     Cloning into 'gulrak-src'...
[2023-11-10T17:18:14.060Z]     HEAD is now at 4e21ab3 Version bump and updated readme.
[2023-11-10T17:18:14.060Z]     [2/9] Performing update step for 'gulrak-populate'
[2023-11-10T17:18:14.060Z]     [4/9] No patch step for 'gulrak-populate'
[2023-11-10T17:18:14.060Z]     [5/9] No configure step for 'gulrak-populate'
[2023-11-10T17:18:14.060Z]     [6/9] No build step for 'gulrak-populate'
[2023-11-10T17:18:14.060Z]     [7/9] No install step for 'gulrak-populate'
[2023-11-10T17:18:14.060Z]     [8/9] No test step for 'gulrak-populate'
[2023-11-10T17:18:14.060Z]     [9/9] Completed 'gulrak-populate'
[2023-11-10T17:18:14.060Z]     -- ========== Installing GoogleTest... ==========
[2023-11-10T17:18:14.060Z]     -- Configuring done
[2023-11-10T17:18:14.060Z]     -- Generating done
[2023-11-10T17:18:14.060Z]     -- Build files have been written to: /home/S/jenkins/workspace/ECP/ecg-maya-hydra/ecg-maya-hydra-branch-preflight-python3-linux/build/Debug/googletest-config
[2023-11-10T17:18:14.060Z]     [1/8] Creating directories for 'googletest'
[2023-11-10T17:18:15.186Z]     [2/8] Performing download step (git clone) for 'googletest'
[2023-11-10T17:18:15.186Z]     Cloning into 'googletest-src'...
[2023-11-10T17:18:15.186Z]     HEAD is now at 703bd9ca Googletest export
[2023-11-10T17:18:15.186Z]     [3/8] Performing update step for 'googletest'
[2023-11-10T17:18:15.186Z]     [4/8] No patch step for 'googletest'
[2023-11-10T17:18:15.724Z]     [5/8] Performing configure step for 'googletest'
[2023-11-10T17:18:15.724Z]     Not searching for unused variables given on the command line.
[2023-11-10T17:18:15.724Z]     CMake Deprecation Warning at CMakeLists.txt:4 (cmake_minimum_required):
[2023-11-10T17:18:15.724Z]       Compatibility with CMake < 2.8.12 will be removed from a future version of
[2023-11-10T17:18:15.724Z]       CMake.
[2023-11-10T17:18:15.724Z]     
[2023-11-10T17:18:15.724Z]       Update the VERSION argument <min> value or use a ...<max> suffix to tell
[2023-11-10T17:18:15.724Z]       CMake that the project does not need compatibility with older versions.
[2023-11-10T17:18:15.724Z]     
[2023-11-10T17:18:15.724Z]     
[2023-11-10T17:18:15.724Z]     -- The C compiler identification is GNU 11.2.1
[2023-11-10T17:18:15.724Z]     -- The CXX compiler identification is GNU 11.2.1
[2023-11-10T17:18:15.724Z]     -- Detecting C compiler ABI info
[2023-11-10T17:18:15.724Z]     -- Detecting C compiler ABI info - done
[2023-11-10T17:18:15.724Z]     -- Check for working C compiler: /opt/rh/gcc-toolset-11/root/usr/bin/cc - skipped
[2023-11-10T17:18:15.724Z]     -- Detecting C compile features
[2023-11-10T17:18:15.724Z]     -- Detecting C compile features - done
[2023-11-10T17:18:15.724Z]     -- Detecting CXX compiler ABI info
[2023-11-10T17:18:15.724Z]     -- Detecting CXX compiler ABI info - done
[2023-11-10T17:18:15.724Z]     -- Check for working CXX compiler: /opt/rh/gcc-toolset-11/root/usr/bin/c++ - skipped
[2023-11-10T17:18:15.724Z]     -- Detecting CXX compile features
[2023-11-10T17:18:15.724Z]     -- Detecting CXX compile features - done
[2023-11-10T17:18:15.724Z]     CMake Deprecation Warning at googletest/CMakeLists.txt:56 (cmake_minimum_required):
[2023-11-10T17:18:15.724Z]       Compatibility with CMake < 2.8.12 will be removed from a future version of
[2023-11-10T17:18:15.724Z]       CMake.
[2023-11-10T17:18:15.724Z]     
[2023-11-10T17:18:15.724Z]       Update the VERSION argument <min> value or use a ...<max> suffix to tell
[2023-11-10T17:18:15.725Z]       CMake that the project does not need compatibility with older versions.
[2023-11-10T17:18:15.725Z]     
[2023-11-10T17:18:15.725Z]     
[2023-11-10T17:18:15.725Z]     -- Found PythonInterp: /usr/local/bin/python (found version "3.9.7")
[2023-11-10T17:18:15.725Z]     -- Looking for pthread.h
[2023-11-10T17:18:15.725Z]     -- Looking for pthread.h - found
[2023-11-10T17:18:15.725Z]     -- Performing Test CMAKE_HAVE_LIBC_PTHREAD
[2023-11-10T17:18:15.725Z]     -- Performing Test CMAKE_HAVE_LIBC_PTHREAD - Failed
[2023-11-10T17:18:15.725Z]     -- Looking for pthread_create in pthreads
[2023-11-10T17:18:15.725Z]     -- Looking for pthread_create in pthreads - not found
[2023-11-10T17:18:15.725Z]     -- Looking for pthread_create in pthread
[2023-11-10T17:18:15.725Z]     -- Looking for pthread_create in pthread - found
[2023-11-10T17:18:15.725Z]     -- Found Threads: TRUE
[2023-11-10T17:18:15.725Z]     -- Configuring done
[2023-11-10T17:18:15.725Z]     -- Generating done
[2023-11-10T17:18:15.725Z]     -- Build files have been written to: /home/S/jenkins/workspace/ECP/ecg-maya-hydra/ecg-maya-hydra-branch-preflight-python3-linux/build/Debug/googletest-build
[2023-11-10T17:18:19.025Z]     [6/8] Performing build step for 'googletest'
[2023-11-10T17:18:19.025Z]     [1/4] Building CXX object googletest/CMakeFiles/gtest_main.dir/src/gtest_main.cc.o
[2023-11-10T17:18:19.025Z]     [2/4] Building CXX object googletest/CMakeFiles/gtest.dir/src/gtest-all.cc.o
[2023-11-10T17:18:19.025Z]     [3/4] Linking CXX shared library lib/libgtestd.so
[2023-11-10T17:18:19.025Z]     [4/4] Linking CXX shared library lib/libgtest_maind.so
[2023-11-10T17:18:20.112Z]     [7/8] Performing install step for 'googletest'
[2023-11-10T17:18:20.112Z]     [0/1] Install the project...
[2023-11-10T17:18:20.112Z]     -- Install configuration: "Debug"
[2023-11-10T17:18:20.112Z]     -- Set runtime path of "/home/S/jenkins/workspace/ECP/ecg-maya-hydra/ecg-maya-hydra-branch-preflight-python3-linux/build/Debug/googletest-install/lib64/libgtest_maind.so" to ""
[2023-11-10T17:18:20.112Z]     [8/8] Completed 'googletest'
[2023-11-10T17:18:20.112Z]     -- ========== ...  GoogleTest installed. ==========
[2023-11-10T17:18:20.112Z]     -- Found GTest: /home/S/jenkins/workspace/ECP/ecg-maya-hydra/ecg-maya-hydra-branch-preflight-python3-linux/build/Debug/googletest-install/lib64/libgtestd.so
[2023-11-10T17:18:20.112Z]     -- promoting: /home/S/jenkins/workspace/ECP/ecg-maya-hydra/ecg-maya-hydra-branch-preflight-python3-linux/ecg-maya-hydra/maya-hydra/lib/mayaHydra/mayaPlugin/pluginUtils.h
[2023-11-10T17:18:20.112Z]     -- promoting: /home/S/jenkins/workspace/ECP/ecg-maya-hydra/ecg-maya-hydra-branch-preflight-python3-linux/ecg-maya-hydra/maya-hydra/lib/mayaHydra/hydraExtensions/api.h
[2023-11-10T17:18:20.112Z]     -- promoting: /home/S/jenkins/workspace/ECP/ecg-maya-hydra/ecg-maya-hydra-branch-preflight-python3-linux/ecg-maya-hydra/maya-hydra/lib/mayaHydra/hydraExtensions/debugCodes.h
[2023-11-10T17:18:20.112Z]     -- promoting: /home/S/jenkins/workspace/ECP/ecg-maya-hydra/ecg-maya-hydra-branch-preflight-python3-linux/ecg-maya-hydra/maya-hydra/lib/mayaHydra/hydraExtensions/hydraUtils.h
[2023-11-10T17:18:20.112Z]     -- promoting: /home/S/jenkins/workspace/ECP/ecg-maya-hydra/ecg-maya-hydra-branch-preflight-python3-linux/ecg-maya-hydra/maya-hydra/lib/mayaHydra/hydraExtensions/interface.h
[2023-11-10T17:18:20.112Z]     -- promoting: /home/S/jenkins/workspace/ECP/ecg-maya-hydra/ecg-maya-hydra-branch-preflight-python3-linux/ecg-maya-hydra/maya-hydra/lib/mayaHydra/hydraExtensions/interfaceImp.h
[2023-11-10T17:18:20.113Z]     -- promoting: /home/S/jenkins/workspace/ECP/ecg-maya-hydra/ecg-maya-hydra-branch-preflight-python3-linux/ecg-maya-hydra/maya-hydra/lib/mayaHydra/hydraExtensions/mayaUtils.h
[2023-11-10T17:18:20.113Z]     -- promoting: /home/S/jenkins/workspace/ECP/ecg-maya-hydra/ecg-maya-hydra-branch-preflight-python3-linux/ecg-maya-hydra/maya-hydra/lib/mayaHydra/hydraExtensions/mixedUtils.h
[2023-11-10T17:18:20.113Z]     -- promoting: /home/S/jenkins/workspace/ECP/ecg-maya-hydra/ecg-maya-hydra-branch-preflight-python3-linux/ecg-maya-hydra/maya-hydra/lib/mayaHydra/hydraExtensions/mayaHydraSceneProducer.h
[2023-11-10T17:18:20.113Z]     -- promoting: /home/S/jenkins/workspace/ECP/ecg-maya-hydra/ecg-maya-hydra-branch-preflight-python3-linux/ecg-maya-hydra/maya-hydra/lib/mayaHydra/hydraExtensions/adapters/adapter.h
[2023-11-10T17:18:20.113Z]     -- promoting: /home/S/jenkins/workspace/ECP/ecg-maya-hydra/ecg-maya-hydra-branch-preflight-python3-linux/ecg-maya-hydra/maya-hydra/lib/mayaHydra/hydraExtensions/adapters/adapterDebugCodes.h
[2023-11-10T17:18:20.113Z]     -- promoting: /home/S/jenkins/workspace/ECP/ecg-maya-hydra/ecg-maya-hydra-branch-preflight-python3-linux/ecg-maya-hydra/maya-hydra/lib/mayaHydra/hydraExtensions/adapters/adapterRegistry.h
[2023-11-10T17:18:20.113Z]     -- promoting: /home/S/jenkins/workspace/ECP/ecg-maya-hydra/ecg-maya-hydra-branch-preflight-python3-linux/ecg-maya-hydra/maya-hydra/lib/mayaHydra/hydraExtensions/adapters/cameraAdapter.h
[2023-11-10T17:18:20.113Z]     -- promoting: /home/S/jenkins/workspace/ECP/ecg-maya-hydra/ecg-maya-hydra-branch-preflight-python3-linux/ecg-maya-hydra/maya-hydra/lib/mayaHydra/hydraExtensions/adapters/constantShadowMatrix.h
[2023-11-10T17:18:20.113Z]     -- promoting: /home/S/jenkins/workspace/ECP/ecg-maya-hydra/ecg-maya-hydra-branch-preflight-python3-linux/ecg-maya-hydra/maya-hydra/lib/mayaHydra/hydraExtensions/adapters/dagAdapter.h
[2023-11-10T17:18:20.113Z]     -- promoting: /home/S/jenkins/workspace/ECP/ecg-maya-hydra/ecg-maya-hydra-branch-preflight-python3-linux/ecg-maya-hydra/maya-hydra/lib/mayaHydra/hydraExtensions/adapters/renderItemAdapter.h
[2023-11-10T17:18:20.113Z]     -- promoting: /home/S/jenkins/workspace/ECP/ecg-maya-hydra/ecg-maya-hydra-branch-preflight-python3-linux/ecg-maya-hydra/maya-hydra/lib/mayaHydra/hydraExtensions/adapters/lightAdapter.h
[2023-11-10T17:18:20.113Z]     -- promoting: /home/S/jenkins/workspace/ECP/ecg-maya-hydra/ecg-maya-hydra-branch-preflight-python3-linux/ecg-maya-hydra/maya-hydra/lib/mayaHydra/hydraExtensions/adapters/materialAdapter.h
[2023-11-10T17:18:20.113Z]     -- promoting: /home/S/jenkins/workspace/ECP/ecg-maya-hydra/ecg-maya-hydra-branch-preflight-python3-linux/ecg-maya-hydra/maya-hydra/lib/mayaHydra/hydraExtensions/adapters/materialNetworkConverter.h
[2023-11-10T17:18:20.113Z]     -- promoting: /home/S/jenkins/workspace/ECP/ecg-maya-hydra/ecg-maya-hydra-branch-preflight-python3-linux/ecg-maya-hydra/maya-hydra/lib/mayaHydra/hydraExtensions/adapters/mayaAttrs.h
[2023-11-10T17:18:20.113Z]     -- promoting: /home/S/jenkins/workspace/ECP/ecg-maya-hydra/ecg-maya-hydra-branch-preflight-python3-linux/ecg-maya-hydra/maya-hydra/lib/mayaHydra/hydraExtensions/adapters/shapeAdapter.h
[2023-11-10T17:18:20.113Z]     -- promoting: /home/S/jenkins/workspace/ECP/ecg-maya-hydra/ecg-maya-hydra-branch-preflight-python3-linux/ecg-maya-hydra/maya-hydra/lib/mayaHydra/hydraExtensions/adapters/tokens.h
[2023-11-10T17:18:20.113Z]     -- promoting: /home/S/jenkins/workspace/ECP/ecg-maya-hydra/ecg-maya-hydra-branch-preflight-python3-linux/ecg-maya-hydra/maya-hydra/lib/mayaHydra/hydraExtensions/delegates/delegate.h
[2023-11-10T17:18:20.113Z]     -- promoting: /home/S/jenkins/workspace/ECP/ecg-maya-hydra/ecg-maya-hydra-branch-preflight-python3-linux/ecg-maya-hydra/maya-hydra/lib/mayaHydra/hydraExtensions/delegates/delegateCtx.h
[2023-11-10T17:18:20.113Z]     -- promoting: /home/S/jenkins/workspace/ECP/ecg-maya-hydra/ecg-maya-hydra-branch-preflight-python3-linux/ecg-maya-hydra/maya-hydra/lib/mayaHydra/hydraExtensions/delegates/delegateDebugCodes.h
[2023-11-10T17:18:20.113Z]     -- promoting: /home/S/jenkins/workspace/ECP/ecg-maya-hydra/ecg-maya-hydra-branch-preflight-python3-linux/ecg-maya-hydra/maya-hydra/lib/mayaHydra/hydraExtensions/delegates/delegateRegistry.h
[2023-11-10T17:18:20.113Z]     -- promoting: /home/S/jenkins/workspace/ECP/ecg-maya-hydra/ecg-maya-hydra-branch-preflight-python3-linux/ecg-maya-hydra/maya-hydra/lib/mayaHydra/hydraExtensions/delegates/params.h
[2023-11-10T17:18:20.113Z]     -- promoting: /home/S/jenkins/workspace/ECP/ecg-maya-hydra/ecg-maya-hydra-branch-preflight-python3-linux/ecg-maya-hydra/maya-hydra/lib/mayaHydra/hydraExtensions/delegates/sceneDelegate.h
[2023-11-10T17:18:20.113Z]     -- promoting: /home/S/jenkins/workspace/ECP/ecg-maya-hydra/ecg-maya-hydra-branch-preflight-python3-linux/ecg-maya-hydra/maya-hydra/lib/mayaHydra/hydraExtensions/delegates/defaultLightDelegate.h
[2023-11-10T17:18:20.113Z]     -- promoting: /home/S/jenkins/workspace/ECP/ecg-maya-hydra/ecg-maya-hydra-branch-preflight-python3-linux/ecg-maya-hydra/maya-hydra/lib/mayaHydra/hydraExtensions/delegates/testDelegate.h
[2023-11-10T17:18:20.113Z]     -- promoting: /home/S/jenkins/workspace/ECP/ecg-maya-hydra/ecg-maya-hydra-branch-preflight-python3-linux/ecg-maya-hydra/maya-hydra/lib/mayaHydra/hydraExtensions/sceneIndex/registration.h
[2023-11-10T17:18:20.113Z]     -- promoting: /home/S/jenkins/workspace/ECP/ecg-maya-hydra/ecg-maya-hydra-branch-preflight-python3-linux/ecg-maya-hydra/maya-hydra/lib/mayaHydra/hydraExtensions/sceneIndex/mayaHydraSceneIndex.h
[2023-11-10T17:18:20.113Z]     -- promoting: /home/S/jenkins/workspace/ECP/ecg-maya-hydra/ecg-maya-hydra-branch-preflight-python3-linux/ecg-maya-hydra/maya-hydra/lib/mayaHydra/hydraExtensions/sceneIndex/mayaHydraDataSource.h
[2023-11-10T17:18:20.113Z]     -- promoting: /home/S/jenkins/workspace/ECP/ecg-maya-hydra/ecg-maya-hydra-branch-preflight-python3-linux/ecg-maya-hydra/maya-hydra/lib/mayaHydra/hydraExtensions/sceneIndex/mayaHydraPrimvarDataSource.h
[2023-11-10T17:18:20.113Z]     -- promoting: /home/S/jenkins/workspace/ECP/ecg-maya-hydra/ecg-maya-hydra-branch-preflight-python3-linux/ecg-maya-hydra/maya-hydra/lib/mayaHydra/hydraExtensions/sceneIndex/mayaHydraDisplayStyleDataSource.h
[2023-11-10T17:18:20.113Z]     -- promoting: /home/S/jenkins/workspace/ECP/ecg-maya-hydra/ecg-maya-hydra-branch-preflight-python3-linux/ecg-maya-hydra/maya-hydra/lib/mayaHydra/hydraExtensions/sceneIndex/mayaHydraCameraDataSource.h
[2023-11-10T17:18:20.113Z]     -- promoting: /home/S/jenkins/workspace/ECP/ecg-maya-hydra/ecg-maya-hydra-branch-preflight-python3-linux/ecg-maya-hydra/maya-hydra/lib/mayaHydra/hydraExtensions/sceneIndex/mayaHydraLightDataSource.h
[2023-11-10T17:18:20.113Z]     -- promoting: /home/S/jenkins/workspace/ECP/ecg-maya-hydra/ecg-maya-hydra-branch-preflight-python3-linux/ecg-maya-hydra/maya-hydra/lib/mayaHydra/hydraExtensions/sceneIndex/mayaHydraDefaultLightDataSource.h
[2023-11-10T17:18:20.113Z]     -- promoting: /home/S/jenkins/workspace/ECP/ecg-maya-hydra/ecg-maya-hydra-branch-preflight-python3-linux/ecg-maya-hydra/maya-hydra/lib/mayaHydra/ufeExtensions/api.h
[2023-11-10T17:18:20.113Z]     -- promoting: /home/S/jenkins/workspace/ECP/ecg-maya-hydra/ecg-maya-hydra-branch-preflight-python3-linux/ecg-maya-hydra/maya-hydra/lib/mayaHydra/ufeExtensions/Global.h
[2023-11-10T17:18:20.113Z]     -- promoting: /home/S/jenkins/workspace/ECP/ecg-maya-hydra/ecg-maya-hydra-branch-preflight-python3-linux/ecg-maya-hydra/maya-hydra/lib/flowViewport/api.h
[2023-11-10T17:18:20.113Z]     -- promoting: /home/S/jenkins/workspace/ECP/ecg-maya-hydra/ecg-maya-hydra-branch-preflight-python3-linux/ecg-maya-hydra/maya-hydra/lib/flowViewport/debugCodes.h
[2023-11-10T17:18:20.113Z]     -- promoting: /home/S/jenkins/workspace/ECP/ecg-maya-hydra/ecg-maya-hydra-branch-preflight-python3-linux/ecg-maya-hydra/maya-hydra/lib/flowViewport/global.h
[2023-11-10T17:18:20.113Z]     -- promoting: /home/S/jenkins/workspace/ECP/ecg-maya-hydra/ecg-maya-hydra-branch-preflight-python3-linux/ecg-maya-hydra/maya-hydra/lib/flowViewport/tokens.h
[2023-11-10T17:18:20.113Z]     -- promoting: /home/S/jenkins/workspace/ECP/ecg-maya-hydra/ecg-maya-hydra-branch-preflight-python3-linux/ecg-maya-hydra/maya-hydra/lib/flowViewport/colorPreferences/fvpColorChanged.h
[2023-11-10T17:18:20.113Z]     -- promoting: /home/S/jenkins/workspace/ECP/ecg-maya-hydra/ecg-maya-hydra-branch-preflight-python3-linux/ecg-maya-hydra/maya-hydra/lib/flowViewport/colorPreferences/fvpColorPreferences.h
[2023-11-10T17:18:20.113Z]     -- promoting: /home/S/jenkins/workspace/ECP/ecg-maya-hydra/ecg-maya-hydra-branch-preflight-python3-linux/ecg-maya-hydra/maya-hydra/lib/flowViewport/colorPreferences/fvpColorPreferencesTokens.h
[2023-11-10T17:18:20.113Z]     -- promoting: /home/S/jenkins/workspace/ECP/ecg-maya-hydra/ecg-maya-hydra-branch-preflight-python3-linux/ecg-maya-hydra/maya-hydra/lib/flowViewport/colorPreferences/fvpColorPreferencesTranslator.h
[2023-11-10T17:18:20.113Z]     -- promoting: /home/S/jenkins/workspace/ECP/ecg-maya-hydra/ecg-maya-hydra-branch-preflight-python3-linux/ecg-maya-hydra/maya-hydra/lib/flowViewport/sceneIndex/fvpMergingSceneIndex.h
[2023-11-10T17:18:20.113Z]     -- promoting: /home/S/jenkins/workspace/ECP/ecg-maya-hydra/ecg-maya-hydra-branch-preflight-python3-linux/ecg-maya-hydra/maya-hydra/lib/flowViewport/sceneIndex/fvpPassThroughSelectionInterfaceSceneIndex.h
[2023-11-10T17:18:20.113Z]     -- promoting: /home/S/jenkins/workspace/ECP/ecg-maya-hydra/ecg-maya-hydra-branch-preflight-python3-linux/ecg-maya-hydra/maya-hydra/lib/flowViewport/sceneIndex/fvpPathInterface.h
[2023-11-10T17:18:20.113Z]     -- promoting: /home/S/jenkins/workspace/ECP/ecg-maya-hydra/ecg-maya-hydra-branch-preflight-python3-linux/ecg-maya-hydra/maya-hydra/lib/flowViewport/sceneIndex/fvpPathInterfaceSceneIndex.h
[2023-11-10T17:18:20.113Z]     -- promoting: /home/S/jenkins/workspace/ECP/ecg-maya-hydra/ecg-maya-hydra-branch-preflight-python3-linux/ecg-maya-hydra/maya-hydra/lib/flowViewport/sceneIndex/fvpRenderIndexProxy.h
[2023-11-10T17:18:20.113Z]     -- promoting: /home/S/jenkins/workspace/ECP/ecg-maya-hydra/ecg-maya-hydra-branch-preflight-python3-linux/ecg-maya-hydra/maya-hydra/lib/flowViewport/sceneIndex/fvpSelectionInterface.h
[2023-11-10T17:18:20.113Z]     -- promoting: /home/S/jenkins/workspace/ECP/ecg-maya-hydra/ecg-maya-hydra-branch-preflight-python3-linux/ecg-maya-hydra/maya-hydra/lib/flowViewport/sceneIndex/fvpSelectionSceneIndex.h
[2023-11-10T17:18:20.113Z]     -- promoting: /home/S/jenkins/workspace/ECP/ecg-maya-hydra/ecg-maya-hydra-branch-preflight-python3-linux/ecg-maya-hydra/maya-hydra/lib/flowViewport/sceneIndex/fvpWireframeSelectionHighlightSceneIndex.h
[2023-11-10T17:18:20.113Z]     -- promoting: /home/S/jenkins/workspace/ECP/ecg-maya-hydra/ecg-maya-hydra-branch-preflight-python3-linux/ecg-maya-hydra/maya-hydra/lib/flowViewport/API/fvpSelectionClient.h
[2023-11-10T17:18:20.113Z]     -- promoting: /home/S/jenkins/workspace/ECP/ecg-maya-hydra/ecg-maya-hydra-branch-preflight-python3-linux/ecg-maya-hydra/maya-hydra/lib/flowViewport/API/fvpFlowSelectionInterface.h
[2023-11-10T17:18:20.113Z]     -- promoting: /home/S/jenkins/workspace/ECP/ecg-maya-hydra/ecg-maya-hydra-branch-preflight-python3-linux/ecg-maya-hydra/maya-hydra/lib/flowViewport/API/fvpVersionInterface.h
[2023-11-10T17:18:20.113Z]     -- promoting: /home/S/jenkins/workspace/ECP/ecg-maya-hydra/ecg-maya-hydra-branch-preflight-python3-linux/ecg-maya-hydra/maya-hydra/lib/flowViewport/API/interfacesImp/fvpSelectionInterfaceImp.h
[2023-11-10T17:18:20.113Z]     -- promoting: /home/S/jenkins/workspace/ECP/ecg-maya-hydra/ecg-maya-hydra-branch-preflight-python3-linux/ecg-maya-hydra/maya-hydra/lib/flowViewport/API/interfacesImp/fvpVersionInterfaceImp.h
[2023-11-10T17:18:20.113Z]     -- promoting: /home/S/jenkins/workspace/ECP/ecg-maya-hydra/ecg-maya-hydra-branch-preflight-python3-linux/ecg-maya-hydra/maya-hydra/lib/flowViewport/API/samples/fvpSelectionClientExample.h
[2023-11-10T17:18:20.113Z]     -- promoting: /home/S/jenkins/workspace/ECP/ecg-maya-hydra/ecg-maya-hydra-branch-preflight-python3-linux/ecg-maya-hydra/maya-hydra/lib/flowViewport/selection/fvpSelectionTracker.h
[2023-11-10T17:18:20.113Z]     -- promoting: /home/S/jenkins/workspace/ECP/ecg-maya-hydra/ecg-maya-hydra-branch-preflight-python3-linux/ecg-maya-hydra/maya-hydra/lib/flowViewport/selection/fvpSelectionTask.h
[2023-11-10T17:18:20.113Z]     -- Configuring done
[2023-11-10T17:18:20.113Z]     -- Generating done
[2023-11-10T17:18:20.113Z]     -- Build files have been written to: /home/S/jenkins/workspace/ECP/ecg-maya-hydra/ecg-maya-hydra-branch-preflight-python3-linux/build/Debug
[2023-11-10T17:18:20.113Z]     
[2023-11-10T17:18:20.113Z]         Building with settings:
[2023-11-10T17:18:20.113Z]           Source directory          /home/S/jenkins/workspace/ECP/ecg-maya-hydra/ecg-maya-hydra-branch-preflight-python3-linux/ecg-maya-hydra/maya-hydra
[2023-11-10T17:18:20.113Z]           Workspace directory       /local/S/jenkins/workspace/ECP/ecg-maya-hydra/ecg-maya-hydra-branch-preflight-python3-linux
[2023-11-10T17:18:20.113Z]           Build directory           /local/S/jenkins/workspace/ECP/ecg-maya-hydra/ecg-maya-hydra-branch-preflight-python3-linux/build/Debug
[2023-11-10T17:18:20.113Z]           Install directory         /local/S/jenkins/workspace/ECP/ecg-maya-hydra/ecg-maya-hydra-branch-preflight-python3-linux/install/Debug/MayaHydra
[2023-11-10T17:18:20.113Z]           Variant                   Debug
[2023-11-10T17:18:20.113Z]           Python Debug              On
[2023-11-10T17:18:20.113Z]           CMake generator           Ninja
[2023-11-10T17:18:20.113Z]           Build arguments           ['-DCMAKE_MAKE_PROGRAM=/local/S/jenkins/workspace/shared/Artifactory/Linux/ninja/1.10.2/9ab399b/ninja', '-DPYTHON_INCLUDE_DIR=/local/S/jenkins/workspace/shared/Artifactory/Linux/rundev-master-debug/202310260154/runtime/7d60df0/runTime/include/Python310/Python', '-DPython_EXECUTABLE=/local/S/jenkins/workspace/shared/Artifactory/Linux/rundev-master-debug/202310260154/runtime/7d60df0/runTime/bin/mayapy', '-DPYTHON_LIBRARIES=/local/S/jenkins/workspace/shared/Artifactory/Linux/rundev-master-debug/202310260154/runtime/7d60df0/runTime/lib/libpython3.10d.so.1.0', '-DBUILD_WITH_PYTHON_3=ON', '-DBUILD_WITH_PYTHON_3_VERSION=3.10', '-DCMAKE_WANT_MATERIALX_BUILD=ON', '-DCMAKE_PREFIX_PATH=/local/S/jenkins/workspace/shared/Artifactory/Linux/USD/8e4fe45']
[2023-11-10T17:18:20.113Z]           Stages arguments          ['configure']
[2023-11-10T17:18:20.113Z]           CTest arguments           ['--parallel 16']
[2023-11-10T17:18:20.113Z]     STATUS: Found Maya Qt headers in: /local/S/jenkins/workspace/shared/Artifactory/Linux/rundev-master-debug/202310260154/runtime/7d60df0/devkitBase
[2023-11-10T17:18:20.113Z]     Success MayaHydra build and install !!!!
[2023-11-10T17:18:20.113Z]     Elapsed time: 00:00:09
[Pipeline] sh
[2023-11-10T17:18:21.704Z] + scl enable gcc-toolset-11 -
[2023-11-10T17:18:21.704Z] + '[' enable = load -o enable = unload ']'
[2023-11-10T17:18:21.704Z] + /usr/bin/scl enable gcc-toolset-11 -
[2023-11-10T17:18:21.704Z] python ecg-maya-hydra/build.py --stages=configure --workspace-dir=/local/S/jenkins/workspace/ECP/ecg-maya-hydra/ecg-maya-hydra-branch-preflight-python3-linux --artifactory-dir=/local/S/jenkins/workspace/shared/Artifactory --build-dir=/local/S/jenkins/workspace/ECP/ecg-maya-hydra/ecg-maya-hydra-branch-preflight-python3-linux/build --install-dir=/local/S/jenkins/workspace/ECP/ecg-maya-hydra/ecg-maya-hydra-branch-preflight-python3-linux/install --signing-dir=/local/S/jenkins/workspace/ECP/ecg-maya-hydra/ecg-maya-hydra-branch-preflight-python3-linux/signing --package-dir=/local/S/jenkins/workspace/ECP/ecg-maya-hydra/ecg-maya-hydra-branch-preflight-python3-linux/package --output-dir=/local/S/jenkins/workspace/ECP/ecg-maya-hydra/ecg-maya-hydra-branch-preflight-python3-linux/output --stash-dir=/local/S/jenkins/workspace/ECP/ecg-maya-hydra/ecg-maya-hydra-branch-preflight-python3-linux/stash --jenkins-build=380 --git-commit=d494b7bf36c921c5620c0010b361b42c2d02bc71 --git-branch=master --variants=RelWithDebInfo --interactive-tests=true --post-zips=false --osx-binary-architecture-target=ub2 --osx-deployment-target=11.0 --osx-base-sdk=CurrentActiveSDK --maya-cut-config=maya-rundev-master.yaml --maya-package=rundev-master --stage-banner
[2023-11-10T17:18:21.704Z] Using Maya cut from /local/S/jenkins/workspace/shared/Artifactory/Linux/rundev-master/202311060140/runtime/33fa670
[2023-11-10T17:18:21.704Z] 
[2023-11-10T17:18:21.704Z] ================================================================================
[2023-11-10T17:18:21.704Z]                            configure (RelWithDebInfo)
[2023-11-10T17:18:21.704Z] ================================================================================
[2023-11-10T17:18:21.704Z] Maya Python RelWithDebInfo Info:
[2023-11-10T17:18:21.704Z]   mayapy executable   = /local/S/jenkins/workspace/shared/Artifactory/Linux/rundev-master/202311060140/runtime/33fa670/runTime/bin/mayapy
[2023-11-10T17:18:21.704Z]   Include Folder      = /local/S/jenkins/workspace/shared/Artifactory/Linux/rundev-master/202311060140/runtime/33fa670/runTime/include/Python310/Python
[2023-11-10T17:18:21.704Z]   Library             = /local/S/jenkins/workspace/shared/Artifactory/Linux/rundev-master/202311060140/runtime/33fa670/runTime/lib/libpython3.10.so.1.0
[2023-11-10T17:18:21.704Z]   site-package Folder = /local/S/jenkins/workspace/shared/Artifactory/Linux/rundev-master/202311060140/runtime/33fa670/runTime/lib/python3.10/site-packages
[2023-11-10T17:18:22.256Z] In workdir: /home/S/jenkins/workspace/ECP/ecg-maya-hydra/ecg-maya-hydra-branch-preflight-python3-linux/ecg-maya-hydra/maya-hydra
[2023-11-10T17:18:22.256Z] Executing: /local/S/jenkins/workspace/shared/Artifactory/Linux/rundev-master/202311060140/runtime/33fa670/runTime/bin/mayapy /home/S/jenkins/workspace/ECP/ecg-maya-hydra/ecg-maya-hydra-branch-preflight-python3-linux/ecg-maya-hydra/maya-hydra/build.py --generator Ninja --build-relwithdebug --maya-location /local/S/jenkins/workspace/shared/Artifactory/Linux/rundev-master/202311060140/runtime/33fa670/runTime --devkit-location /local/S/jenkins/workspace/shared/Artifactory/Linux/rundev-master/202311060140/runtime/33fa670/devkitBase --pxrusd-location /local/S/jenkins/workspace/shared/Artifactory/Linux/USD/13e6029 --build-args=-DCMAKE_MAKE_PROGRAM=/local/S/jenkins/workspace/shared/Artifactory/Linux/ninja/1.10.2/9ab399b/ninja,-DPYTHON_INCLUDE_DIR=/local/S/jenkins/workspace/shared/Artifactory/Linux/rundev-master/202311060140/runtime/33fa670/runTime/include/Python310/Python,-DPython_EXECUTABLE=/local/S/jenkins/workspace/shared/Artifactory/Linux/rundev-master/202311060140/runtime/33fa670/runTime/bin/mayapy,-DPYTHON_LIBRARIES=/local/S/jenkins/workspace/shared/Artifactory/Linux/rundev-master/202311060140/runtime/33fa670/runTime/lib/libpython3.10.so.1.0,-DBUILD_WITH_PYTHON_3=ON,-DBUILD_WITH_PYTHON_3_VERSION=3.10,-DCMAKE_WANT_MATERIALX_BUILD=ON,-DCMAKE_PREFIX_PATH=/local/S/jenkins/workspace/shared/Artifactory/Linux/USD/13e6029 '--ctest-args=--parallel 16' --stages=configure --redirect-outstream-file=False --install-location /local/S/jenkins/workspace/ECP/ecg-maya-hydra/ecg-maya-hydra-branch-preflight-python3-linux/install/RelWithDebInfo/MayaHydra /local/S/jenkins/workspace/ECP/ecg-maya-hydra/ecg-maya-hydra-branch-preflight-python3-linux
[2023-11-10T17:18:22.256Z] Modified environment variables:
[2023-11-10T17:18:22.256Z]     LD_LIBRARY_PATH=/opt/rh/gcc-toolset-11/root/usr/lib64:/opt/rh/gcc-toolset-11/root/usr/lib64:/opt/rh/gcc-toolset-11/root/usr/lib:/opt/rh/gcc-toolset-11/root/usr/lib64/dyninst:/opt/rh/gcc-toolset-11/root/usr/lib/dyninst
[2023-11-10T17:18:22.256Z]     PATH=/local/S/jenkins/workspace/shared/Artifactory/Linux/cmake/3.20.3/ab685d7/bin:/opt/rh/gcc-toolset-11/root/usr/bin:/home/administrator/.local/bin:/home/administrator/bin:/usr/share/Modules/bin:/usr/local/bin:/usr/local/sbin:/usr/bin:/usr/sbin
[2023-11-10T17:18:36.055Z]     -- The C compiler identification is GNU 11.2.1
[2023-11-10T17:18:36.055Z]     -- The CXX compiler identification is GNU 11.2.1
[2023-11-10T17:18:36.055Z]     -- Detecting C compiler ABI info
[2023-11-10T17:18:36.055Z]     -- Detecting C compiler ABI info - done
[2023-11-10T17:18:36.055Z]     -- Check for working C compiler: /opt/rh/gcc-toolset-11/root/usr/bin/cc - skipped
[2023-11-10T17:18:36.055Z]     -- Detecting C compile features
[2023-11-10T17:18:36.055Z]     -- Detecting C compile features - done
[2023-11-10T17:18:36.055Z]     -- Detecting CXX compiler ABI info
[2023-11-10T17:18:36.055Z]     -- Detecting CXX compiler ABI info - done
[2023-11-10T17:18:36.055Z]     -- Check for working CXX compiler: /opt/rh/gcc-toolset-11/root/usr/bin/c++ - skipped
[2023-11-10T17:18:36.055Z]     -- Detecting CXX compile features
[2023-11-10T17:18:36.055Z]     -- Detecting CXX compile features - done
[2023-11-10T17:18:36.055Z]     -- Using Maya Light API Version 3
[2023-11-10T17:18:36.055Z]     -- Maya has setDefaultMaterialHandling API
[2023-11-10T17:18:36.055Z]     -- Maya has new point snapping API
[2023-11-10T17:18:36.055Z]     -- Maya has isInCrashHandler API
[2023-11-10T17:18:36.055Z]     -- Maya has getDisplayStyleOfAllViewports API
[2023-11-10T17:18:36.055Z]     -- Maya array iterator has difference_type trait
[2023-11-10T17:18:36.055Z]     -- MFnSet has getMemberPaths function
[2023-11-10T17:18:36.055Z]     -- MFnDisplayLayer exists
[2023-11-10T17:18:36.055Z]     -- MDisplayLayerMessage has MDisplayLayerMemberChangedFunction
[2023-11-10T17:18:36.055Z]     -- MRenderItem has HideOnPlayback API
[2023-11-10T17:18:36.055Z]     -- Linux: Maya was built with new cxx11 ABI
[2023-11-10T17:18:36.055Z]     -- Found Maya: /local/S/jenkins/workspace/shared/Artifactory/Linux/rundev-master/202311060140/runtime/33fa670/runTime/bin/maya (found suitable version "2025", minimum required is "2024")
[2023-11-10T17:18:36.055Z]     -- Found Python: /local/S/jenkins/workspace/shared/Artifactory/Linux/rundev-master/202311060140/runtime/33fa670/runTime/bin/mayapy (found suitable exact version "3.10.8") found components: Interpreter
[2023-11-10T17:18:36.055Z]     -- Build mayaHydra with Python3 = ON
[2023-11-10T17:18:36.055Z]     --    PYTHON_INCLUDE_DIRS = /local/S/jenkins/workspace/shared/Artifactory/Linux/rundev-master/202311060140/runtime/33fa670/runTime/include/Python310/Python
[2023-11-10T17:18:36.055Z]     --    PYTHON_LIBRARIES    = /local/S/jenkins/workspace/shared/Artifactory/Linux/rundev-master/202311060140/runtime/33fa670/runTime/lib/libpython3.10.so.1.0
[2023-11-10T17:18:36.055Z]     --    Python_EXECUTABLE   = /local/S/jenkins/workspace/shared/Artifactory/Linux/rundev-master/202311060140/runtime/33fa670/runTime/bin/mayapy
[2023-11-10T17:18:36.592Z]     -- Found Python3: /local/S/jenkins/workspace/shared/Artifactory/Linux/rundev-master/202311060140/runtime/33fa670/runTime/include/Python310/Python (found suitable exact version "3.10.8") found components: Development Development.Module Development.Embed
[2023-11-10T17:18:36.592Z]     -- USD has new Sdr.PropertyTypes.Color4
[2023-11-10T17:18:37.129Z]     -- USD has MaterialX metadata support
[2023-11-10T17:18:37.129Z]     -- USD include dir: /local/S/jenkins/workspace/shared/Artifactory/Linux/USD/13e6029/include
[2023-11-10T17:18:37.129Z]     -- USD library dir: /local/S/jenkins/workspace/shared/Artifactory/Linux/USD/13e6029/lib
[2023-11-10T17:18:37.129Z]     -- USD version: 0.23.8
[2023-11-10T17:18:37.129Z]     -- Found USD: /local/S/jenkins/workspace/shared/Artifactory/Linux/USD/13e6029 (found suitable version "0.23.8", minimum required is "0.22.11")
[2023-11-10T17:18:37.129Z]     Updated PYTHONPATH: /local/S/jenkins/workspace/shared/Artifactory/Linux/USD/13e6029/lib/python
[2023-11-10T17:18:37.129Z]     -- Found UFE: /local/S/jenkins/workspace/shared/Artifactory/Linux/rundev-master/202311060140/runtime/33fa670/devkitBase/devkit/ufe/include (found version "0.5.11")
[2023-11-10T17:18:37.129Z]     -- UFE include dir: /local/S/jenkins/workspace/shared/Artifactory/Linux/rundev-master/202311060140/runtime/33fa670/devkitBase/devkit/ufe/include
[2023-11-10T17:18:37.129Z]     -- UFE library: /local/S/jenkins/workspace/shared/Artifactory/Linux/rundev-master/202311060140/runtime/33fa670/devkitBase/devkit/ufe/lib/libufe_0.so
[2023-11-10T17:18:37.129Z]     -- UFE version: 0.5.11
[2023-11-10T17:18:37.129Z]     -- Maya has UFE lights API
[2023-11-10T17:18:37.129Z]     -- Maya has UFE scene segment API
[2023-11-10T17:18:37.129Z]     -- Maya has UFE TrieNode childrenComponents accessor
[2023-11-10T17:18:37.129Z]     -- Building with UFE 0.5.11.
[2023-11-10T17:18:37.129Z]     -- Found MaterialX
[2023-11-10T17:18:37.129Z]     -- Check if compiler accepts -pthread
[2023-11-10T17:18:37.129Z]     -- Check if compiler accepts -pthread - yes
[2023-11-10T17:18:37.129Z]     -- Performing Test HAVE_STDATOMIC
[2023-11-10T17:18:37.129Z]     -- Performing Test HAVE_STDATOMIC - Success
[2023-11-10T17:18:37.129Z]     -- Found OpenGL: /usr/lib64/libOpenGL.so
[2023-11-10T17:18:37.667Z]     -- Check if linker can resolve circular dependencies - FALSE
[2023-11-10T17:18:37.667Z]     -- Found Qt 6.5.2 in Maya devkit. Hydra Scene Browser will be built.
[2023-11-10T17:18:37.667Z]     -- **** Building Gulrak From Github Repository.
[2023-11-10T17:18:37.667Z]     -- Populating gulrak
[2023-11-10T17:18:37.667Z]     -- Configuring done
[2023-11-10T17:18:37.667Z]     -- Generating done
[2023-11-10T17:18:37.667Z]     -- Build files have been written to: /home/S/jenkins/workspace/ECP/ecg-maya-hydra/ecg-maya-hydra-branch-preflight-python3-linux/build/RelWithDebInfo/_deps/gulrak-subbuild
[2023-11-10T17:18:37.667Z]     [1/9] Creating directories for 'gulrak-populate'
[2023-11-10T17:18:37.667Z]     [1/9] Performing download step (git clone) for 'gulrak-populate'
[2023-11-10T17:18:37.667Z]     Cloning into 'gulrak-src'...
[2023-11-10T17:18:38.204Z]     HEAD is now at 4e21ab3 Version bump and updated readme.
[2023-11-10T17:18:38.204Z]     [2/9] Performing update step for 'gulrak-populate'
[2023-11-10T17:18:38.204Z]     [4/9] No patch step for 'gulrak-populate'
[2023-11-10T17:18:38.204Z]     [5/9] No configure step for 'gulrak-populate'
[2023-11-10T17:18:38.204Z]     [6/9] No build step for 'gulrak-populate'
[2023-11-10T17:18:38.204Z]     [7/9] No install step for 'gulrak-populate'
[2023-11-10T17:18:38.204Z]     [8/9] No test step for 'gulrak-populate'
[2023-11-10T17:18:38.204Z]     [9/9] Completed 'gulrak-populate'
[2023-11-10T17:18:38.204Z]     -- ========== Installing GoogleTest... ==========
[2023-11-10T17:18:38.204Z]     -- Configuring done
[2023-11-10T17:18:38.204Z]     -- Generating done
[2023-11-10T17:18:38.204Z]     -- Build files have been written to: /home/S/jenkins/workspace/ECP/ecg-maya-hydra/ecg-maya-hydra-branch-preflight-python3-linux/build/RelWithDebInfo/googletest-config
[2023-11-10T17:18:38.204Z]     [1/8] Creating directories for 'googletest'
[2023-11-10T17:18:39.328Z]     [2/8] Performing download step (git clone) for 'googletest'
[2023-11-10T17:18:39.328Z]     Cloning into 'googletest-src'...
[2023-11-10T17:18:39.328Z]     HEAD is now at 703bd9ca Googletest export
[2023-11-10T17:18:39.328Z]     [3/8] Performing update step for 'googletest'
[2023-11-10T17:18:39.328Z]     [4/8] No patch step for 'googletest'
[2023-11-10T17:18:39.866Z]     [5/8] Performing configure step for 'googletest'
[2023-11-10T17:18:39.866Z]     Not searching for unused variables given on the command line.
[2023-11-10T17:18:39.866Z]     CMake Deprecation Warning at CMakeLists.txt:4 (cmake_minimum_required):
[2023-11-10T17:18:39.866Z]       Compatibility with CMake < 2.8.12 will be removed from a future version of
[2023-11-10T17:18:39.866Z]       CMake.
[2023-11-10T17:18:39.866Z]     
[2023-11-10T17:18:39.866Z]       Update the VERSION argument <min> value or use a ...<max> suffix to tell
[2023-11-10T17:18:39.866Z]       CMake that the project does not need compatibility with older versions.
[2023-11-10T17:18:39.866Z]     
[2023-11-10T17:18:39.866Z]     
[2023-11-10T17:18:39.866Z]     -- The C compiler identification is GNU 11.2.1
[2023-11-10T17:18:39.866Z]     -- The CXX compiler identification is GNU 11.2.1
[2023-11-10T17:18:39.866Z]     -- Detecting C compiler ABI info
[2023-11-10T17:18:39.866Z]     -- Detecting C compiler ABI info - done
[2023-11-10T17:18:39.866Z]     -- Check for working C compiler: /opt/rh/gcc-toolset-11/root/usr/bin/cc - skipped
[2023-11-10T17:18:39.866Z]     -- Detecting C compile features
[2023-11-10T17:18:39.866Z]     -- Detecting C compile features - done
[2023-11-10T17:18:39.866Z]     -- Detecting CXX compiler ABI info
[2023-11-10T17:18:39.866Z]     -- Detecting CXX compiler ABI info - done
[2023-11-10T17:18:39.866Z]     -- Check for working CXX compiler: /opt/rh/gcc-toolset-11/root/usr/bin/c++ - skipped
[2023-11-10T17:18:39.866Z]     -- Detecting CXX compile features
[2023-11-10T17:18:39.866Z]     -- Detecting CXX compile features - done
[2023-11-10T17:18:39.866Z]     CMake Deprecation Warning at googletest/CMakeLists.txt:56 (cmake_minimum_required):
[2023-11-10T17:18:39.866Z]       Compatibility with CMake < 2.8.12 will be removed from a future version of
[2023-11-10T17:18:39.866Z]       CMake.
[2023-11-10T17:18:39.866Z]     
[2023-11-10T17:18:39.866Z]       Update the VERSION argument <min> value or use a ...<max> suffix to tell
[2023-11-10T17:18:39.866Z]       CMake that the project does not need compatibility with older versions.
[2023-11-10T17:18:39.866Z]     
[2023-11-10T17:18:39.866Z]     
[2023-11-10T17:18:39.866Z]     -- Found PythonInterp: /usr/local/bin/python (found version "3.9.7")
[2023-11-10T17:18:39.866Z]     -- Looking for pthread.h
[2023-11-10T17:18:39.866Z]     -- Looking for pthread.h - found
[2023-11-10T17:18:39.866Z]     -- Performing Test CMAKE_HAVE_LIBC_PTHREAD
[2023-11-10T17:18:39.866Z]     -- Performing Test CMAKE_HAVE_LIBC_PTHREAD - Failed
[2023-11-10T17:18:39.866Z]     -- Looking for pthread_create in pthreads
[2023-11-10T17:18:39.866Z]     -- Looking for pthread_create in pthreads - not found
[2023-11-10T17:18:39.866Z]     -- Looking for pthread_create in pthread
[2023-11-10T17:18:39.866Z]     -- Looking for pthread_create in pthread - found
[2023-11-10T17:18:39.866Z]     -- Found Threads: TRUE
[2023-11-10T17:18:39.866Z]     -- Configuring done
[2023-11-10T17:18:39.866Z]     -- Generating done
[2023-11-10T17:18:39.866Z]     -- Build files have been written to: /home/S/jenkins/workspace/ECP/ecg-maya-hydra/ecg-maya-hydra-branch-preflight-python3-linux/build/RelWithDebInfo/googletest-build
[2023-11-10T17:18:51.244Z]     [6/8] Performing build step for 'googletest'
[2023-11-10T17:18:51.244Z]     [1/4] Building CXX object googletest/CMakeFiles/gtest_main.dir/src/gtest_main.cc.o
[2023-11-10T17:18:51.244Z]     [2/4] Building CXX object googletest/CMakeFiles/gtest.dir/src/gtest-all.cc.o
[2023-11-10T17:18:51.244Z]     [3/4] Linking CXX shared library lib/libgtest.so
[2023-11-10T17:18:51.244Z]     [4/4] Linking CXX shared library lib/libgtest_main.so
[2023-11-10T17:18:51.244Z]     [7/8] Performing install step for 'googletest'
[2023-11-10T17:18:51.244Z]     [0/1] Install the project...
[2023-11-10T17:18:51.244Z]     -- Install configuration: "RelWithDebInfo"
[2023-11-10T17:18:51.244Z]     -- Set runtime path of "/home/S/jenkins/workspace/ECP/ecg-maya-hydra/ecg-maya-hydra-branch-preflight-python3-linux/build/RelWithDebInfo/googletest-install/lib64/libgtest_main.so" to ""
[2023-11-10T17:18:51.244Z]     [8/8] Completed 'googletest'
[2023-11-10T17:18:51.244Z]     -- ========== ...  GoogleTest installed. ==========
[2023-11-10T17:18:51.244Z]     -- Found GTest: /home/S/jenkins/workspace/ECP/ecg-maya-hydra/ecg-maya-hydra-branch-preflight-python3-linux/build/RelWithDebInfo/googletest-install/lib64/libgtest.so
[2023-11-10T17:18:51.244Z]     -- promoting: /home/S/jenkins/workspace/ECP/ecg-maya-hydra/ecg-maya-hydra-branch-preflight-python3-linux/ecg-maya-hydra/maya-hydra/lib/mayaHydra/mayaPlugin/pluginUtils.h
[2023-11-10T17:18:51.244Z]     -- promoting: /home/S/jenkins/workspace/ECP/ecg-maya-hydra/ecg-maya-hydra-branch-preflight-python3-linux/ecg-maya-hydra/maya-hydra/lib/mayaHydra/hydraExtensions/api.h
[2023-11-10T17:18:51.244Z]     -- promoting: /home/S/jenkins/workspace/ECP/ecg-maya-hydra/ecg-maya-hydra-branch-preflight-python3-linux/ecg-maya-hydra/maya-hydra/lib/mayaHydra/hydraExtensions/debugCodes.h
[2023-11-10T17:18:51.244Z]     -- promoting: /home/S/jenkins/workspace/ECP/ecg-maya-hydra/ecg-maya-hydra-branch-preflight-python3-linux/ecg-maya-hydra/maya-hydra/lib/mayaHydra/hydraExtensions/hydraUtils.h
[2023-11-10T17:18:51.244Z]     -- promoting: /home/S/jenkins/workspace/ECP/ecg-maya-hydra/ecg-maya-hydra-branch-preflight-python3-linux/ecg-maya-hydra/maya-hydra/lib/mayaHydra/hydraExtensions/interface.h
[2023-11-10T17:18:51.244Z]     -- promoting: /home/S/jenkins/workspace/ECP/ecg-maya-hydra/ecg-maya-hydra-branch-preflight-python3-linux/ecg-maya-hydra/maya-hydra/lib/mayaHydra/hydraExtensions/interfaceImp.h
[2023-11-10T17:18:51.244Z]     -- promoting: /home/S/jenkins/workspace/ECP/ecg-maya-hydra/ecg-maya-hydra-branch-preflight-python3-linux/ecg-maya-hydra/maya-hydra/lib/mayaHydra/hydraExtensions/mayaUtils.h
[2023-11-10T17:18:51.244Z]     -- promoting: /home/S/jenkins/workspace/ECP/ecg-maya-hydra/ecg-maya-hydra-branch-preflight-python3-linux/ecg-maya-hydra/maya-hydra/lib/mayaHydra/hydraExtensions/mixedUtils.h
[2023-11-10T17:18:51.244Z]     -- promoting: /home/S/jenkins/workspace/ECP/ecg-maya-hydra/ecg-maya-hydra-branch-preflight-python3-linux/ecg-maya-hydra/maya-hydra/lib/mayaHydra/hydraExtensions/mayaHydraSceneProducer.h
[2023-11-10T17:18:51.244Z]     -- promoting: /home/S/jenkins/workspace/ECP/ecg-maya-hydra/ecg-maya-hydra-branch-preflight-python3-linux/ecg-maya-hydra/maya-hydra/lib/mayaHydra/hydraExtensions/adapters/adapter.h
[2023-11-10T17:18:51.244Z]     -- promoting: /home/S/jenkins/workspace/ECP/ecg-maya-hydra/ecg-maya-hydra-branch-preflight-python3-linux/ecg-maya-hydra/maya-hydra/lib/mayaHydra/hydraExtensions/adapters/adapterDebugCodes.h
[2023-11-10T17:18:51.244Z]     -- promoting: /home/S/jenkins/workspace/ECP/ecg-maya-hydra/ecg-maya-hydra-branch-preflight-python3-linux/ecg-maya-hydra/maya-hydra/lib/mayaHydra/hydraExtensions/adapters/adapterRegistry.h
[2023-11-10T17:18:51.244Z]     -- promoting: /home/S/jenkins/workspace/ECP/ecg-maya-hydra/ecg-maya-hydra-branch-preflight-python3-linux/ecg-maya-hydra/maya-hydra/lib/mayaHydra/hydraExtensions/adapters/cameraAdapter.h
[2023-11-10T17:18:51.244Z]     -- promoting: /home/S/jenkins/workspace/ECP/ecg-maya-hydra/ecg-maya-hydra-branch-preflight-python3-linux/ecg-maya-hydra/maya-hydra/lib/mayaHydra/hydraExtensions/adapters/constantShadowMatrix.h
[2023-11-10T17:18:51.245Z]     -- promoting: /home/S/jenkins/workspace/ECP/ecg-maya-hydra/ecg-maya-hydra-branch-preflight-python3-linux/ecg-maya-hydra/maya-hydra/lib/mayaHydra/hydraExtensions/adapters/dagAdapter.h
[2023-11-10T17:18:51.245Z]     -- promoting: /home/S/jenkins/workspace/ECP/ecg-maya-hydra/ecg-maya-hydra-branch-preflight-python3-linux/ecg-maya-hydra/maya-hydra/lib/mayaHydra/hydraExtensions/adapters/renderItemAdapter.h
[2023-11-10T17:18:51.245Z]     -- promoting: /home/S/jenkins/workspace/ECP/ecg-maya-hydra/ecg-maya-hydra-branch-preflight-python3-linux/ecg-maya-hydra/maya-hydra/lib/mayaHydra/hydraExtensions/adapters/lightAdapter.h
[2023-11-10T17:18:51.245Z]     -- promoting: /home/S/jenkins/workspace/ECP/ecg-maya-hydra/ecg-maya-hydra-branch-preflight-python3-linux/ecg-maya-hydra/maya-hydra/lib/mayaHydra/hydraExtensions/adapters/materialAdapter.h
[2023-11-10T17:18:51.245Z]     -- promoting: /home/S/jenkins/workspace/ECP/ecg-maya-hydra/ecg-maya-hydra-branch-preflight-python3-linux/ecg-maya-hydra/maya-hydra/lib/mayaHydra/hydraExtensions/adapters/materialNetworkConverter.h
[2023-11-10T17:18:51.245Z]     -- promoting: /home/S/jenkins/workspace/ECP/ecg-maya-hydra/ecg-maya-hydra-branch-preflight-python3-linux/ecg-maya-hydra/maya-hydra/lib/mayaHydra/hydraExtensions/adapters/mayaAttrs.h
[2023-11-10T17:18:51.245Z]     -- promoting: /home/S/jenkins/workspace/ECP/ecg-maya-hydra/ecg-maya-hydra-branch-preflight-python3-linux/ecg-maya-hydra/maya-hydra/lib/mayaHydra/hydraExtensions/adapters/shapeAdapter.h
[2023-11-10T17:18:51.245Z]     -- promoting: /home/S/jenkins/workspace/ECP/ecg-maya-hydra/ecg-maya-hydra-branch-preflight-python3-linux/ecg-maya-hydra/maya-hydra/lib/mayaHydra/hydraExtensions/adapters/tokens.h
[2023-11-10T17:18:51.245Z]     -- promoting: /home/S/jenkins/workspace/ECP/ecg-maya-hydra/ecg-maya-hydra-branch-preflight-python3-linux/ecg-maya-hydra/maya-hydra/lib/mayaHydra/hydraExtensions/delegates/delegate.h
[2023-11-10T17:18:51.245Z]     -- promoting: /home/S/jenkins/workspace/ECP/ecg-maya-hydra/ecg-maya-hydra-branch-preflight-python3-linux/ecg-maya-hydra/maya-hydra/lib/mayaHydra/hydraExtensions/delegates/delegateCtx.h
[2023-11-10T17:18:51.245Z]     -- promoting: /home/S/jenkins/workspace/ECP/ecg-maya-hydra/ecg-maya-hydra-branch-preflight-python3-linux/ecg-maya-hydra/maya-hydra/lib/mayaHydra/hydraExtensions/delegates/delegateDebugCodes.h
[2023-11-10T17:18:51.245Z]     -- promoting: /home/S/jenkins/workspace/ECP/ecg-maya-hydra/ecg-maya-hydra-branch-preflight-python3-linux/ecg-maya-hydra/maya-hydra/lib/mayaHydra/hydraExtensions/delegates/delegateRegistry.h
[2023-11-10T17:18:51.245Z]     -- promoting: /home/S/jenkins/workspace/ECP/ecg-maya-hydra/ecg-maya-hydra-branch-preflight-python3-linux/ecg-maya-hydra/maya-hydra/lib/mayaHydra/hydraExtensions/delegates/params.h
[2023-11-10T17:18:51.245Z]     -- promoting: /home/S/jenkins/workspace/ECP/ecg-maya-hydra/ecg-maya-hydra-branch-preflight-python3-linux/ecg-maya-hydra/maya-hydra/lib/mayaHydra/hydraExtensions/delegates/sceneDelegate.h
[2023-11-10T17:18:51.245Z]     -- promoting: /home/S/jenkins/workspace/ECP/ecg-maya-hydra/ecg-maya-hydra-branch-preflight-python3-linux/ecg-maya-hydra/maya-hydra/lib/mayaHydra/hydraExtensions/delegates/defaultLightDelegate.h
[2023-11-10T17:18:51.245Z]     -- promoting: /home/S/jenkins/workspace/ECP/ecg-maya-hydra/ecg-maya-hydra-branch-preflight-python3-linux/ecg-maya-hydra/maya-hydra/lib/mayaHydra/hydraExtensions/delegates/testDelegate.h
[2023-11-10T17:18:51.245Z]     -- promoting: /home/S/jenkins/workspace/ECP/ecg-maya-hydra/ecg-maya-hydra-branch-preflight-python3-linux/ecg-maya-hydra/maya-hydra/lib/mayaHydra/hydraExtensions/sceneIndex/registration.h
[2023-11-10T17:18:51.245Z]     -- promoting: /home/S/jenkins/workspace/ECP/ecg-maya-hydra/ecg-maya-hydra-branch-preflight-python3-linux/ecg-maya-hydra/maya-hydra/lib/mayaHydra/hydraExtensions/sceneIndex/mayaHydraSceneIndex.h
[2023-11-10T17:18:51.245Z]     -- promoting: /home/S/jenkins/workspace/ECP/ecg-maya-hydra/ecg-maya-hydra-branch-preflight-python3-linux/ecg-maya-hydra/maya-hydra/lib/mayaHydra/hydraExtensions/sceneIndex/mayaHydraDataSource.h
[2023-11-10T17:18:51.245Z]     -- promoting: /home/S/jenkins/workspace/ECP/ecg-maya-hydra/ecg-maya-hydra-branch-preflight-python3-linux/ecg-maya-hydra/maya-hydra/lib/mayaHydra/hydraExtensions/sceneIndex/mayaHydraPrimvarDataSource.h
[2023-11-10T17:18:51.245Z]     -- promoting: /home/S/jenkins/workspace/ECP/ecg-maya-hydra/ecg-maya-hydra-branch-preflight-python3-linux/ecg-maya-hydra/maya-hydra/lib/mayaHydra/hydraExtensions/sceneIndex/mayaHydraDisplayStyleDataSource.h
[2023-11-10T17:18:51.245Z]     -- promoting: /home/S/jenkins/workspace/ECP/ecg-maya-hydra/ecg-maya-hydra-branch-preflight-python3-linux/ecg-maya-hydra/maya-hydra/lib/mayaHydra/hydraExtensions/sceneIndex/mayaHydraCameraDataSource.h
[2023-11-10T17:18:51.245Z]     -- promoting: /home/S/jenkins/workspace/ECP/ecg-maya-hydra/ecg-maya-hydra-branch-preflight-python3-linux/ecg-maya-hydra/maya-hydra/lib/mayaHydra/hydraExtensions/sceneIndex/mayaHydraLightDataSource.h
[2023-11-10T17:18:51.245Z]     -- promoting: /home/S/jenkins/workspace/ECP/ecg-maya-hydra/ecg-maya-hydra-branch-preflight-python3-linux/ecg-maya-hydra/maya-hydra/lib/mayaHydra/hydraExtensions/sceneIndex/mayaHydraDefaultLightDataSource.h
[2023-11-10T17:18:51.245Z]     -- promoting: /home/S/jenkins/workspace/ECP/ecg-maya-hydra/ecg-maya-hydra-branch-preflight-python3-linux/ecg-maya-hydra/maya-hydra/lib/mayaHydra/ufeExtensions/api.h
[2023-11-10T17:18:51.245Z]     -- promoting: /home/S/jenkins/workspace/ECP/ecg-maya-hydra/ecg-maya-hydra-branch-preflight-python3-linux/ecg-maya-hydra/maya-hydra/lib/mayaHydra/ufeExtensions/Global.h
[2023-11-10T17:18:51.245Z]     -- promoting: /home/S/jenkins/workspace/ECP/ecg-maya-hydra/ecg-maya-hydra-branch-preflight-python3-linux/ecg-maya-hydra/maya-hydra/lib/flowViewport/api.h
[2023-11-10T17:18:51.245Z]     -- promoting: /home/S/jenkins/workspace/ECP/ecg-maya-hydra/ecg-maya-hydra-branch-preflight-python3-linux/ecg-maya-hydra/maya-hydra/lib/flowViewport/debugCodes.h
[2023-11-10T17:18:51.245Z]     -- promoting: /home/S/jenkins/workspace/ECP/ecg-maya-hydra/ecg-maya-hydra-branch-preflight-python3-linux/ecg-maya-hydra/maya-hydra/lib/flowViewport/global.h
[2023-11-10T17:18:51.245Z]     -- promoting: /home/S/jenkins/workspace/ECP/ecg-maya-hydra/ecg-maya-hydra-branch-preflight-python3-linux/ecg-maya-hydra/maya-hydra/lib/flowViewport/tokens.h
[2023-11-10T17:18:51.245Z]     -- promoting: /home/S/jenkins/workspace/ECP/ecg-maya-hydra/ecg-maya-hydra-branch-preflight-python3-linux/ecg-maya-hydra/maya-hydra/lib/flowViewport/colorPreferences/fvpColorChanged.h
[2023-11-10T17:18:51.245Z]     -- promoting: /home/S/jenkins/workspace/ECP/ecg-maya-hydra/ecg-maya-hydra-branch-preflight-python3-linux/ecg-maya-hydra/maya-hydra/lib/flowViewport/colorPreferences/fvpColorPreferences.h
[2023-11-10T17:18:51.245Z]     -- promoting: /home/S/jenkins/workspace/ECP/ecg-maya-hydra/ecg-maya-hydra-branch-preflight-python3-linux/ecg-maya-hydra/maya-hydra/lib/flowViewport/colorPreferences/fvpColorPreferencesTokens.h
[2023-11-10T17:18:51.245Z]     -- promoting: /home/S/jenkins/workspace/ECP/ecg-maya-hydra/ecg-maya-hydra-branch-preflight-python3-linux/ecg-maya-hydra/maya-hydra/lib/flowViewport/colorPreferences/fvpColorPreferencesTranslator.h
[2023-11-10T17:18:51.245Z]     -- promoting: /home/S/jenkins/workspace/ECP/ecg-maya-hydra/ecg-maya-hydra-branch-preflight-python3-linux/ecg-maya-hydra/maya-hydra/lib/flowViewport/sceneIndex/fvpMergingSceneIndex.h
[2023-11-10T17:18:51.245Z]     -- promoting: /home/S/jenkins/workspace/ECP/ecg-maya-hydra/ecg-maya-hydra-branch-preflight-python3-linux/ecg-maya-hydra/maya-hydra/lib/flowViewport/sceneIndex/fvpPassThroughSelectionInterfaceSceneIndex.h
[2023-11-10T17:18:51.245Z]     -- promoting: /home/S/jenkins/workspace/ECP/ecg-maya-hydra/ecg-maya-hydra-branch-preflight-python3-linux/ecg-maya-hydra/maya-hydra/lib/flowViewport/sceneIndex/fvpPathInterface.h
[2023-11-10T17:18:51.245Z]     -- promoting: /home/S/jenkins/workspace/ECP/ecg-maya-hydra/ecg-maya-hydra-branch-preflight-python3-linux/ecg-maya-hydra/maya-hydra/lib/flowViewport/sceneIndex/fvpPathInterfaceSceneIndex.h
[2023-11-10T17:18:51.245Z]     -- promoting: /home/S/jenkins/workspace/ECP/ecg-maya-hydra/ecg-maya-hydra-branch-preflight-python3-linux/ecg-maya-hydra/maya-hydra/lib/flowViewport/sceneIndex/fvpRenderIndexProxy.h
[2023-11-10T17:18:51.245Z]     -- promoting: /home/S/jenkins/workspace/ECP/ecg-maya-hydra/ecg-maya-hydra-branch-preflight-python3-linux/ecg-maya-hydra/maya-hydra/lib/flowViewport/sceneIndex/fvpSelectionInterface.h
[2023-11-10T17:18:51.245Z]     -- promoting: /home/S/jenkins/workspace/ECP/ecg-maya-hydra/ecg-maya-hydra-branch-preflight-python3-linux/ecg-maya-hydra/maya-hydra/lib/flowViewport/sceneIndex/fvpSelectionSceneIndex.h
[2023-11-10T17:18:51.245Z]     -- promoting: /home/S/jenkins/workspace/ECP/ecg-maya-hydra/ecg-maya-hydra-branch-preflight-python3-linux/ecg-maya-hydra/maya-hydra/lib/flowViewport/sceneIndex/fvpWireframeSelectionHighlightSceneIndex.h
[2023-11-10T17:18:51.245Z]     -- promoting: /home/S/jenkins/workspace/ECP/ecg-maya-hydra/ecg-maya-hydra-branch-preflight-python3-linux/ecg-maya-hydra/maya-hydra/lib/flowViewport/API/fvpSelectionClient.h
[2023-11-10T17:18:51.245Z]     -- promoting: /home/S/jenkins/workspace/ECP/ecg-maya-hydra/ecg-maya-hydra-branch-preflight-python3-linux/ecg-maya-hydra/maya-hydra/lib/flowViewport/API/fvpFlowSelectionInterface.h
[2023-11-10T17:18:51.245Z]     -- promoting: /home/S/jenkins/workspace/ECP/ecg-maya-hydra/ecg-maya-hydra-branch-preflight-python3-linux/ecg-maya-hydra/maya-hydra/lib/flowViewport/API/fvpVersionInterface.h
[2023-11-10T17:18:51.245Z]     -- promoting: /home/S/jenkins/workspace/ECP/ecg-maya-hydra/ecg-maya-hydra-branch-preflight-python3-linux/ecg-maya-hydra/maya-hydra/lib/flowViewport/API/interfacesImp/fvpSelectionInterfaceImp.h
[2023-11-10T17:18:51.245Z]     -- promoting: /home/S/jenkins/workspace/ECP/ecg-maya-hydra/ecg-maya-hydra-branch-preflight-python3-linux/ecg-maya-hydra/maya-hydra/lib/flowViewport/API/interfacesImp/fvpVersionInterfaceImp.h
[2023-11-10T17:18:51.245Z]     -- promoting: /home/S/jenkins/workspace/ECP/ecg-maya-hydra/ecg-maya-hydra-branch-preflight-python3-linux/ecg-maya-hydra/maya-hydra/lib/flowViewport/API/samples/fvpSelectionClientExample.h
[2023-11-10T17:18:51.245Z]     -- promoting: /home/S/jenkins/workspace/ECP/ecg-maya-hydra/ecg-maya-hydra-branch-preflight-python3-linux/ecg-maya-hydra/maya-hydra/lib/flowViewport/selection/fvpSelectionTracker.h
[2023-11-10T17:18:51.245Z]     -- promoting: /home/S/jenkins/workspace/ECP/ecg-maya-hydra/ecg-maya-hydra-branch-preflight-python3-linux/ecg-maya-hydra/maya-hydra/lib/flowViewport/selection/fvpSelectionTask.h
[2023-11-10T17:18:51.245Z]     -- Configuring done
[2023-11-10T17:18:51.245Z]     -- Generating done
[2023-11-10T17:18:51.245Z]     -- Build files have been written to: /home/S/jenkins/workspace/ECP/ecg-maya-hydra/ecg-maya-hydra-branch-preflight-python3-linux/build/RelWithDebInfo
[2023-11-10T17:18:51.245Z]     
[2023-11-10T17:18:51.245Z]         Building with settings:
[2023-11-10T17:18:51.245Z]           Source directory          /home/S/jenkins/workspace/ECP/ecg-maya-hydra/ecg-maya-hydra-branch-preflight-python3-linux/ecg-maya-hydra/maya-hydra
[2023-11-10T17:18:51.245Z]           Workspace directory       /local/S/jenkins/workspace/ECP/ecg-maya-hydra/ecg-maya-hydra-branch-preflight-python3-linux
[2023-11-10T17:18:51.245Z]           Build directory           /local/S/jenkins/workspace/ECP/ecg-maya-hydra/ecg-maya-hydra-branch-preflight-python3-linux/build/RelWithDebInfo
[2023-11-10T17:18:51.245Z]           Install directory         /local/S/jenkins/workspace/ECP/ecg-maya-hydra/ecg-maya-hydra-branch-preflight-python3-linux/install/RelWithDebInfo/MayaHydra
[2023-11-10T17:18:51.245Z]           Variant                   RelWithDebInfo
[2023-11-10T17:18:51.245Z]           Python Debug              Off
[2023-11-10T17:18:51.245Z]           CMake generator           Ninja
[2023-11-10T17:18:51.245Z]           Build arguments           ['-DCMAKE_MAKE_PROGRAM=/local/S/jenkins/workspace/shared/Artifactory/Linux/ninja/1.10.2/9ab399b/ninja', '-DPYTHON_INCLUDE_DIR=/local/S/jenkins/workspace/shared/Artifactory/Linux/rundev-master/202311060140/runtime/33fa670/runTime/include/Python310/Python', '-DPython_EXECUTABLE=/local/S/jenkins/workspace/shared/Artifactory/Linux/rundev-master/202311060140/runtime/33fa670/runTime/bin/mayapy', '-DPYTHON_LIBRARIES=/local/S/jenkins/workspace/shared/Artifactory/Linux/rundev-master/202311060140/runtime/33fa670/runTime/lib/libpython3.10.so.1.0', '-DBUILD_WITH_PYTHON_3=ON', '-DBUILD_WITH_PYTHON_3_VERSION=3.10', '-DCMAKE_WANT_MATERIALX_BUILD=ON', '-DCMAKE_PREFIX_PATH=/local/S/jenkins/workspace/shared/Artifactory/Linux/USD/13e6029']
[2023-11-10T17:18:51.245Z]           Stages arguments          ['configure']
[2023-11-10T17:18:51.245Z]           CTest arguments           ['--parallel 16']
[2023-11-10T17:18:51.245Z]     STATUS: Could not find Maya Qt6.
[2023-11-10T17:18:51.245Z]     STATUS:   Extracting '/local/S/jenkins/workspace/shared/Artifactory/Linux/rundev-master/202311060140/runtime/33fa670/devkitBase/Qt.tgz' to '/local/S/jenkins/workspace/shared/Artifactory/Linux/rundev-master/202311060140/runtime/33fa670/devkitBase'
[2023-11-10T17:18:51.245Z]     Success MayaHydra build and install !!!!
[2023-11-10T17:18:51.245Z]     Elapsed time: 00:00:15
[Pipeline] }
[Pipeline] // withEnv
[Pipeline] }
[Pipeline] // timeout
[Pipeline] }
[Pipeline] // stage
[Pipeline] }
[Pipeline] // timestamps
[Pipeline] timestamps
[Pipeline] {
[Pipeline] stage
[Pipeline] { (Build)
[Pipeline] timeout
[2023-11-10T17:18:51.620Z] Timeout set to expire in 6 hr 0 min
[Pipeline] {
[Pipeline] withEnv
[Pipeline] {
[Pipeline] sh
[2023-11-10T17:18:52.998Z] + scl enable gcc-toolset-11 -
[2023-11-10T17:18:52.998Z] + '[' enable = load -o enable = unload ']'
[2023-11-10T17:18:52.998Z] + /usr/bin/scl enable gcc-toolset-11 -
[2023-11-10T17:18:52.998Z] python ecg-maya-hydra/build.py --stages=build --workspace-dir=/local/S/jenkins/workspace/ECP/ecg-maya-hydra/ecg-maya-hydra-branch-preflight-python3-linux --artifactory-dir=/local/S/jenkins/workspace/shared/Artifactory --build-dir=/local/S/jenkins/workspace/ECP/ecg-maya-hydra/ecg-maya-hydra-branch-preflight-python3-linux/build --install-dir=/local/S/jenkins/workspace/ECP/ecg-maya-hydra/ecg-maya-hydra-branch-preflight-python3-linux/install --signing-dir=/local/S/jenkins/workspace/ECP/ecg-maya-hydra/ecg-maya-hydra-branch-preflight-python3-linux/signing --package-dir=/local/S/jenkins/workspace/ECP/ecg-maya-hydra/ecg-maya-hydra-branch-preflight-python3-linux/package --output-dir=/local/S/jenkins/workspace/ECP/ecg-maya-hydra/ecg-maya-hydra-branch-preflight-python3-linux/output --stash-dir=/local/S/jenkins/workspace/ECP/ecg-maya-hydra/ecg-maya-hydra-branch-preflight-python3-linux/stash --jenkins-build=380 --git-commit=d494b7bf36c921c5620c0010b361b42c2d02bc71 --git-branch=master --variants=Debug --interactive-tests=true --post-zips=false --osx-binary-architecture-target=ub2 --osx-deployment-target=11.0 --osx-base-sdk=CurrentActiveSDK --build-retry=3 --maya-cut-config=maya-rundev-master-debug.yaml --maya-package=rundev-master-debug --stage-banner
[2023-11-10T17:18:52.998Z] Using Maya cut from /local/S/jenkins/workspace/shared/Artifactory/Linux/rundev-master-debug/202310260154/runtime/7d60df0
[2023-11-10T17:18:52.998Z] 
[2023-11-10T17:18:52.998Z] ================================================================================
[2023-11-10T17:18:52.998Z]                                  build (Debug)
[2023-11-10T17:18:52.998Z] ================================================================================
[2023-11-10T17:18:52.998Z] Maya Python Debug Info:
[2023-11-10T17:18:52.998Z]   mayapy executable   = /local/S/jenkins/workspace/shared/Artifactory/Linux/rundev-master-debug/202310260154/runtime/7d60df0/runTime/bin/mayapy
[2023-11-10T17:18:52.998Z]   Include Folder      = /local/S/jenkins/workspace/shared/Artifactory/Linux/rundev-master-debug/202310260154/runtime/7d60df0/runTime/include/Python310/Python
[2023-11-10T17:18:52.998Z]   Library             = /local/S/jenkins/workspace/shared/Artifactory/Linux/rundev-master-debug/202310260154/runtime/7d60df0/runTime/lib/libpython3.10d.so.1.0
[2023-11-10T17:18:52.998Z]   site-package Folder = /local/S/jenkins/workspace/shared/Artifactory/Linux/rundev-master-debug/202310260154/runtime/7d60df0/runTime/lib/python3.10/site-packages
[2023-11-10T17:18:54.170Z] In workdir: /home/S/jenkins/workspace/ECP/ecg-maya-hydra/ecg-maya-hydra-branch-preflight-python3-linux/ecg-maya-hydra/maya-hydra
[2023-11-10T17:18:54.170Z] Executing: /local/S/jenkins/workspace/shared/Artifactory/Linux/rundev-master-debug/202310260154/runtime/7d60df0/runTime/bin/mayapy /home/S/jenkins/workspace/ECP/ecg-maya-hydra/ecg-maya-hydra-branch-preflight-python3-linux/ecg-maya-hydra/maya-hydra/build.py --generator Ninja --build-debug --maya-location /local/S/jenkins/workspace/shared/Artifactory/Linux/rundev-master-debug/202310260154/runtime/7d60df0/runTime --devkit-location /local/S/jenkins/workspace/shared/Artifactory/Linux/rundev-master-debug/202310260154/runtime/7d60df0/devkitBase --pxrusd-location /local/S/jenkins/workspace/shared/Artifactory/Linux/USD/8e4fe45 --build-args=-DCMAKE_MAKE_PROGRAM=/local/S/jenkins/workspace/shared/Artifactory/Linux/ninja/1.10.2/9ab399b/ninja,-DPYTHON_INCLUDE_DIR=/local/S/jenkins/workspace/shared/Artifactory/Linux/rundev-master-debug/202310260154/runtime/7d60df0/runTime/include/Python310/Python,-DPython_EXECUTABLE=/local/S/jenkins/workspace/shared/Artifactory/Linux/rundev-master-debug/202310260154/runtime/7d60df0/runTime/bin/mayapy,-DPYTHON_LIBRARIES=/local/S/jenkins/workspace/shared/Artifactory/Linux/rundev-master-debug/202310260154/runtime/7d60df0/runTime/lib/libpython3.10d.so.1.0,-DBUILD_WITH_PYTHON_3=ON,-DBUILD_WITH_PYTHON_3_VERSION=3.10,-DCMAKE_WANT_MATERIALX_BUILD=ON,-DCMAKE_PREFIX_PATH=/local/S/jenkins/workspace/shared/Artifactory/Linux/USD/8e4fe45 --debug-python '--ctest-args=--parallel 16' --stages=build --redirect-outstream-file=False --install-location /local/S/jenkins/workspace/ECP/ecg-maya-hydra/ecg-maya-hydra-branch-preflight-python3-linux/install/Debug/MayaHydra /local/S/jenkins/workspace/ECP/ecg-maya-hydra/ecg-maya-hydra-branch-preflight-python3-linux
[2023-11-10T17:18:54.170Z] Modified environment variables:
[2023-11-10T17:18:54.170Z]     LD_LIBRARY_PATH=/opt/rh/gcc-toolset-11/root/usr/lib64:/opt/rh/gcc-toolset-11/root/usr/lib64:/opt/rh/gcc-toolset-11/root/usr/lib:/opt/rh/gcc-toolset-11/root/usr/lib64/dyninst:/opt/rh/gcc-toolset-11/root/usr/lib/dyninst
[2023-11-10T17:18:54.171Z]     PATH=/local/S/jenkins/workspace/shared/Artifactory/Linux/cmake/3.20.3/ab685d7/bin:/opt/rh/gcc-toolset-11/root/usr/bin:/home/administrator/.local/bin:/home/administrator/bin:/usr/share/Modules/bin:/usr/local/bin:/usr/local/sbin:/usr/bin:/usr/sbin
[2023-11-10T17:18:54.801Z]     [1/100] Building CXX object lib/mayaHydra/mayaPlugin/CMakeFiles/mayaHydra.dir/colorNotFoundException.cpp.o
[2023-11-10T17:18:54.801Z]     [2/100] Building CXX object lib/mayaHydra/mayaPlugin/CMakeFiles/mayaHydra.dir/tokens.cpp.o
[2023-11-10T17:18:55.405Z]     [3/100] Building CXX object lib/mayaHydra/mayaPlugin/CMakeFiles/mayaHydra.dir/pluginDebugCodes.cpp.o
[2023-11-10T17:18:55.405Z]     [4/100] Building CXX object test/lib/mayaUsd/render/mayaToHydra/cpp/CMakeFiles/mayaHydraCppTests.dir/testCppFramework.cpp.o
[2023-11-10T17:18:55.405Z]     [5/100] Building CXX object test/lib/mayaUsd/render/mayaToHydra/cpp/CMakeFiles/mayaHydraCppTests.dir/mayaHydraCppTestsCmd.cpp.o
[2023-11-10T17:18:55.999Z]     [6/100] Building CXX object lib/mayaHydra/mayaPlugin/CMakeFiles/mayaHydra.dir/mayaColorPreferencesTranslator.cpp.o
[2023-11-10T17:18:55.999Z]     [7/100] Building CXX object lib/mayaHydra/hydraExtensions/CMakeFiles/mayaHydraLib.dir/adapters/adapterDebugCodes.cpp.o
[2023-11-10T17:18:55.999Z]     [8/100] Building CXX object test/lib/mayaUsd/render/mayaToHydra/cpp/CMakeFiles/mayaHydraCppTests.dir/testColorPreferences.cpp.o
[2023-11-10T17:18:56.582Z]     [9/100] Building CXX object lib/mayaHydra/hydraExtensions/CMakeFiles/mayaHydraLib.dir/debugCodes.cpp.o
[2023-11-10T17:18:57.219Z]     [10/100] Building CXX object lib/mayaHydra/hydraExtensions/CMakeFiles/mayaHydraLib.dir/mayaUtils.cpp.o
[2023-11-10T17:18:57.785Z]     [11/100] Building CXX object test/lib/mayaUsd/render/mayaToHydra/cpp/CMakeFiles/mayaHydraCppTests.dir/testUtils.cpp.o
[2023-11-10T17:18:58.338Z]     [12/100] Building CXX object test/lib/mayaUsd/render/mayaToHydra/cpp/CMakeFiles/mayaHydraCppTests.dir/testMayaUsdUfeItems.cpp.o
[2023-11-10T17:18:58.338Z]     [13/100] Building CXX object test/lib/mayaUsd/render/mayaToHydra/cpp/CMakeFiles/mayaHydraCppTests.dir/testSelectionSceneIndex.cpp.o
[2023-11-10T17:18:58.923Z]     [14/100] Building CXX object test/lib/mayaUsd/render/mayaToHydra/cpp/CMakeFiles/mayaHydraCppTests.dir/testWireframeSelectionHighlightSceneIndex.cpp.o
[2023-11-10T17:18:58.923Z]     [15/100] Building CXX object lib/mayaHydra/hydraExtensions/CMakeFiles/mayaHydraLib.dir/interfaceImp.cpp.o
[2023-11-10T17:18:59.478Z]     [16/100] Building CXX object test/lib/mayaUsd/render/mayaToHydra/cpp/CMakeFiles/mayaHydraCppTests.dir/testMayaSceneFlattening.cpp.o
[2023-11-10T17:19:00.035Z]     [17/100] Building CXX object lib/mayaHydra/hydraExtensions/CMakeFiles/mayaHydraLib.dir/hydraUtils.cpp.o
[2023-11-10T17:19:00.035Z]     [18/100] Building CXX object lib/mayaHydra/mayaPlugin/CMakeFiles/mayaHydra.dir/pluginUtils.cpp.o
[2023-11-10T17:19:00.035Z]     [19/100] Building CXX object lib/mayaHydra/hydraExtensions/CMakeFiles/mayaHydraLib.dir/mixedUtils.cpp.o
[2023-11-10T17:19:01.182Z]     [20/100] Building CXX object lib/mayaHydra/mayaPlugin/CMakeFiles/mayaHydra.dir/plugin.cpp.o
[2023-11-10T17:19:01.182Z]     [21/100] Building CXX object test/lib/mayaUsd/render/mayaToHydra/cpp/CMakeFiles/mayaHydraCppTests.dir/testMergingSceneIndex.cpp.o
[2023-11-10T17:19:01.726Z]     [22/100] Building CXX object lib/mayaHydra/mayaPlugin/CMakeFiles/mayaHydra.dir/viewCommand.cpp.o
[2023-11-10T17:19:01.726Z]     /home/S/jenkins/workspace/ECP/ecg-maya-hydra/ecg-maya-hydra-branch-preflight-python3-linux/ecg-maya-hydra/maya-hydra/lib/mayaHydra/mayaPlugin/viewCommand.cpp:33:50: note: ‘#pragma message: MAYAHYDRA_CUT_ID is not defined’
[2023-11-10T17:19:01.726Z]        33 | #pragma message("MAYAHYDRA_CUT_ID is not defined")
[2023-11-10T17:19:01.726Z]           |                                                  ^
[2023-11-10T17:19:01.726Z]     [23/100] Building CXX object lib/mayaHydra/hydraExtensions/CMakeFiles/mayaHydraLib.dir/adapters/mayaAttrs.cpp.o
[2023-11-10T17:19:02.276Z]     [24/100] Building CXX object lib/mayaHydra/hydraExtensions/CMakeFiles/mayaHydraLib.dir/adapters/adapterRegistry.cpp.o
[2023-11-10T17:19:04.128Z]     [25/100] Building CXX object lib/mayaHydra/hydraExtensions/CMakeFiles/mayaHydraLib.dir/adapters/adapter.cpp.o
[2023-11-10T17:19:04.128Z]     [26/100] Building CXX object lib/mayaHydra/mayaPlugin/CMakeFiles/mayaHydra.dir/renderOverride.cpp.o
[2023-11-10T17:19:04.689Z]     [27/100] Building CXX object lib/mayaHydra/mayaPlugin/CMakeFiles/mayaHydra.dir/renderGlobals.cpp.o
[2023-11-10T17:19:05.247Z]     [28/100] Building CXX object lib/mayaHydra/hydraExtensions/CMakeFiles/mayaHydraLib.dir/adapters/areaLightAdapter.cpp.o
[2023-11-10T17:19:05.819Z]     [29/100] Building CXX object lib/mayaHydra/hydraExtensions/CMakeFiles/mayaHydraLib.dir/adapters/aiSkydomeLightAdapter.cpp.o
[2023-11-10T17:19:05.819Z]     [30/100] Building CXX object lib/mayaHydra/hydraExtensions/CMakeFiles/mayaHydraLib.dir/adapters/cameraAdapter.cpp.o
[2023-11-10T17:19:05.819Z]     [31/100] Building CXX object lib/mayaHydra/hydraExtensions/CMakeFiles/mayaHydraLib.dir/adapters/tokens.cpp.o
[2023-11-10T17:19:05.819Z]     [32/100] Building CXX object lib/mayaHydra/hydraExtensions/CMakeFiles/mayaHydraLib.dir/adapters/dagAdapter.cpp.o
[2023-11-10T17:19:06.375Z]     [33/100] Building CXX object lib/mayaHydra/hydraExtensions/CMakeFiles/mayaHydraLib.dir/delegates/delegateDebugCodes.cpp.o
[2023-11-10T17:19:06.989Z]     [34/100] Building CXX object lib/mayaHydra/hydraExtensions/CMakeFiles/mayaHydraLib.dir/adapters/directionalLightAdapter.cpp.o
[2023-11-10T17:19:06.989Z]     [35/100] Building CXX object lib/mayaHydra/hydraExtensions/CMakeFiles/mayaHydraLib.dir/adapters/renderItemAdapter.cpp.o
[2023-11-10T17:19:06.989Z]     [36/100] Building CXX object lib/mayaHydra/hydraExtensions/CMakeFiles/mayaHydraLib.dir/mayaHydraSceneProducer.cpp.o
[2023-11-10T17:19:08.531Z]     [37/100] Building CXX object lib/mayaHydra/hydraExtensions/CMakeFiles/mayaHydraLib.dir/adapters/lightAdapter.cpp.o
[2023-11-10T17:19:08.531Z]     [38/100] Building CXX object lib/mayaHydra/hydraExtensions/CMakeFiles/mayaHydraLib.dir/adapters/materialAdapter.cpp.o
[2023-11-10T17:19:08.531Z]     [39/100] Building CXX object lib/mayaHydra/hydraExtensions/CMakeFiles/mayaHydraLib.dir/adapters/nurbsCurveAdapter.cpp.o
[2023-11-10T17:19:08.531Z]     [40/100] Building CXX object lib/mayaHydra/hydraExtensions/CMakeFiles/mayaHydraLib.dir/adapters/pointLightAdapter.cpp.o
[2023-11-10T17:19:09.076Z]     [41/100] Building CXX object lib/mayaHydra/hydraExtensions/CMakeFiles/mayaHydraLib.dir/adapters/meshAdapter.cpp.o
[2023-11-10T17:19:10.354Z]     [42/100] Building CXX object lib/mayaHydra/hydraExtensions/CMakeFiles/mayaHydraLib.dir/adapters/materialNetworkConverter.cpp.o
[2023-11-10T17:19:10.355Z]     [43/100] Building CXX object lib/mayaHydra/hydraExtensions/CMakeFiles/mayaHydraLib.dir/adapters/shapeAdapter.cpp.o
[2023-11-10T17:19:10.355Z]     [44/100] Building CXX object lib/mayaHydra/hydraExtensions/CMakeFiles/mayaHydraLib.dir/delegates/delegate.cpp.o
[2023-11-10T17:19:11.521Z]     [45/100] Building CXX object lib/flowViewport/CMakeFiles/flowViewport.dir/debugCodes.cpp.o
[2023-11-10T17:19:11.521Z]     [46/100] Building CXX object lib/mayaHydra/hydraExtensions/CMakeFiles/mayaHydraLib.dir/adapters/spotLightAdapter.cpp.o
[2023-11-10T17:19:11.521Z]     [47/100] Building CXX object lib/mayaHydra/hydraExtensions/CMakeFiles/mayaHydraLib.dir/delegates/delegateCtx.cpp.o
[2023-11-10T17:19:11.521Z]     [48/100] Building CXX object lib/mayaHydra/ufeExtensions/CMakeFiles/ufeExtensions.dir/Global.cpp.o
[2023-11-10T17:19:12.119Z]     [49/100] Building CXX object lib/flowViewport/CMakeFiles/flowViewport.dir/tokens.cpp.o
[2023-11-10T17:19:12.119Z]     [50/100] Building CXX object lib/flowViewport/CMakeFiles/flowViewport.dir/global.cpp.o
[2023-11-10T17:19:12.119Z]     [51/100] Building CXX object lib/flowViewport/CMakeFiles/flowViewport.dir/colorPreferences/fvpColorChanged.cpp.o
[2023-11-10T17:19:12.119Z]     [52/100] Building CXX object lib/mayaHydra/hydraExtensions/CMakeFiles/mayaHydraLib.dir/delegates/delegateRegistry.cpp.o
[2023-11-10T17:19:12.119Z]     [53/100] Linking CXX shared library lib/mayaHydra/ufeExtensions/libufeExtensions.so
[2023-11-10T17:19:12.685Z]     [54/100] Building CXX object lib/mayaHydra/hydraExtensions/CMakeFiles/mayaHydraLib.dir/sceneIndex/registration.cpp.o
[2023-11-10T17:19:12.685Z]     [55/100] Building CXX object lib/flowViewport/CMakeFiles/flowViewport.dir/sceneIndex/fvpPathInterface.cpp.o
[2023-11-10T17:19:12.685Z]     [56/100] Building CXX object lib/flowViewport/CMakeFiles/flowViewport.dir/colorPreferences/fvpColorPreferences.cpp.o
[2023-11-10T17:19:12.685Z]     [57/100] Building CXX object lib/flowViewport/CMakeFiles/flowViewport.dir/colorPreferences/fvpColorPreferencesTokens.cpp.o
[2023-11-10T17:19:12.685Z]     [58/100] Building CXX object lib/flowViewport/CMakeFiles/flowViewport.dir/sceneIndex/fvpSelectionInterface.cpp.o
[2023-11-10T17:19:15.253Z]     [59/100] Building CXX object lib/flowViewport/CMakeFiles/flowViewport.dir/sceneIndex/fvpPathInterfaceSceneIndex.cpp.o
[2023-11-10T17:19:15.253Z]     [60/100] Building CXX object lib/mayaHydra/hydraExtensions/CMakeFiles/mayaHydraLib.dir/sceneIndex/mayaHydraLightDataSource.cpp.o
[2023-11-10T17:19:15.253Z]     [61/100] Building CXX object lib/flowViewport/CMakeFiles/flowViewport.dir/API/interfacesImp/fvpVersionInterfaceImp.cpp.o
[2023-11-10T17:19:15.253Z]     [62/100] Building CXX object lib/mayaHydra/hydraExtensions/CMakeFiles/mayaHydraLib.dir/sceneIndex/mayaHydraPrimvarDataSource.cpp.o
[2023-11-10T17:19:15.253Z]     [63/100] Building CXX object lib/flowViewport/CMakeFiles/flowViewport.dir/sceneIndex/fvpPassThroughSelectionInterfaceSceneIndex.cpp.o
[2023-11-10T17:19:15.253Z]     [64/100] Building CXX object lib/flowViewport/CMakeFiles/flowViewport.dir/sceneIndex/fvpRenderIndexProxy.cpp.o
[2023-11-10T17:19:15.253Z]     [65/100] Building CXX object lib/mayaHydra/hydraExtensions/CMakeFiles/mayaHydraLib.dir/sceneIndex/mayaHydraCameraDataSource.cpp.o
[2023-11-10T17:19:15.253Z]     [66/100] Building CXX object lib/flowViewport/CMakeFiles/flowViewport.dir/sceneIndex/fvpMergingSceneIndex.cpp.o
[2023-11-10T17:19:15.253Z]     [67/100] Building CXX object lib/mayaHydra/hydraExtensions/CMakeFiles/mayaHydraLib.dir/sceneIndex/mayaHydraDisplayStyleDataSource.cpp.o
[2023-11-10T17:19:15.801Z]     [68/100] Building CXX object lib/mayaHydra/hydraExtensions/CMakeFiles/mayaHydraLib.dir/delegates/sceneDelegate.cpp.o
[2023-11-10T17:19:15.801Z]     [69/100] Building CXX object lib/flowViewport/CMakeFiles/flowViewport.dir/API/samples/fvpSelectionClientExample.cpp.o
[2023-11-10T17:19:15.801Z]     [70/100] Building CXX object lib/flowViewport/CMakeFiles/flowViewport.dir/API/interfacesImp/fvpSelectionInterfaceImp.cpp.o
[2023-11-10T17:19:15.801Z]     [71/100] Building CXX object lib/mayaHydra/hydraExtensions/CMakeFiles/mayaHydraLib.dir/sceneIndex/mayaHydraDataSource.cpp.o
[2023-11-10T17:19:16.957Z]     [72/100] Building CXX object lib/flowViewport/CMakeFiles/flowViewport.dir/sceneIndex/fvpSelectionSceneIndex.cpp.o
[2023-11-10T17:19:17.521Z]     [73/100] Building CXX object lib/mayaHydra/hydraExtensions/CMakeFiles/mayaHydraLib.dir/sceneIndex/mayaHydraSceneIndex.cpp.o
[2023-11-10T17:19:17.521Z]     [74/100] Building CXX object lib/flowViewport/CMakeFiles/flowViewport.dir/sceneIndex/fvpWireframeSelectionHighlightSceneIndex.cpp.o
[2023-11-10T17:19:17.521Z]     [75/100] Building CXX object lib/mayaHydra/hydraExtensions/CMakeFiles/mayaHydraLib.dir/sceneIndex/mayaHydraDefaultLightDataSource.cpp.o
[2023-11-10T17:19:17.521Z]     [76/100] Automatic MOC for target adskHydraSceneBrowser
[2023-11-10T17:19:17.521Z]     [77/100] Building CXX object lib/mayaHydra/hydraExtensions/CMakeFiles/mayaHydraLib.dir/delegates/testDelegate.cpp.o
[2023-11-10T17:19:17.521Z]     [78/100] Building CXX object lib/mayaHydra/hydraExtensions/CMakeFiles/mayaHydraLib.dir/delegates/defaultLightDelegate.cpp.o
[2023-11-10T17:19:20.058Z]     [79/100] Building CXX object lib/flowViewport/CMakeFiles/flowViewport.dir/selection/fvpSelectionTracker.cpp.o
[2023-11-10T17:19:20.058Z]     [80/100] Building CXX object lib/flowViewport/CMakeFiles/flowViewport.dir/selection/fvpSelectionTask.cpp.o
[2023-11-10T17:19:20.597Z]     [81/100] Building CXX object plugin/mayaHydraSceneBrowserTest/CMakeFiles/mayaHydraSceneBrowserTest.dir/mayaHydraSceneBrowserTestCmd.cpp.o
[2023-11-10T17:19:21.136Z]     [82/100] Linking CXX shared library lib/flowViewport/libflowViewport.so
[2023-11-10T17:19:22.263Z]     [83/100] Building CXX object lib/adskHydraSceneBrowser/lib/CMakeFiles/adskHydraSceneBrowser.dir/src/patch/sceneIndexObserverLoggingWidget.cpp.o
[2023-11-10T17:19:22.264Z]     [84/100] Building CXX object lib/adskHydraSceneBrowser/lib/CMakeFiles/adskHydraSceneBrowser.dir/src/patch/registeredSceneIndexChooser.cpp.o
[2023-11-10T17:19:22.264Z]     [85/100] Building CXX object plugin/mayaHydraSceneBrowser/CMakeFiles/mayaHydraSceneBrowser.dir/mayaHydraSceneBrowser.cpp.o
[2023-11-10T17:19:22.264Z]     [86/100] Building CXX object lib/adskHydraSceneBrowser/lib/CMakeFiles/adskHydraSceneBrowser.dir/src/patch/dataSourceValueTreeView.cpp.o
[2023-11-10T17:19:22.802Z]     [87/100] Building CXX object lib/adskHydraSceneBrowser/lib/CMakeFiles/adskHydraSceneBrowser.dir/src/patch/sceneIndexDebuggerWidget.cpp.o
[2023-11-10T17:19:22.802Z]     [88/100] Building CXX object lib/adskHydraSceneBrowser/lib/CMakeFiles/adskHydraSceneBrowser.dir/src/patch/sceneIndexObserverLoggingTreeView.cpp.o
[2023-11-10T17:19:23.356Z]     [89/100] Building CXX object lib/adskHydraSceneBrowser/lib/CMakeFiles/adskHydraSceneBrowser.dir/adskHydraSceneBrowser_autogen/mocs_compilation.cpp.o
[2023-11-10T17:19:23.356Z]     [90/100] Building CXX object lib/adskHydraSceneBrowser/lib/CMakeFiles/adskHydraSceneBrowser.dir/src/patch/sceneIndexTreeWidget.cpp.o
[2023-11-10T17:19:23.356Z]     [91/100] Building CXX object lib/adskHydraSceneBrowser/test/CMakeFiles/adskHydraSceneBrowserTesting.dir/adskHydraSceneBrowserTesting.cpp.o
[2023-11-10T17:19:23.356Z]     [92/100] Building CXX object lib/adskHydraSceneBrowser/lib/CMakeFiles/adskHydraSceneBrowser.dir/src/patch/dataSourceTreeWidget.cpp.o
[2023-11-10T17:19:23.356Z]     [93/100] Linking CXX shared library lib/mayaHydra/hydraExtensions/libmayaHydraLib.so
[2023-11-10T17:19:24.483Z]     [94/100] Linking CXX shared library lib/adskHydraSceneBrowser/lib/libadskHydraSceneBrowser.so
[2023-11-10T17:19:25.020Z]     [95/100] Linking CXX shared library test/lib/mayaUsd/render/mayaToHydra/cpp/mayaHydraCppTests.so
[2023-11-10T17:19:25.020Z]     [96/100] Linking CXX shared library lib/mayaHydra/mayaPlugin/mayaHydra.so
[2023-11-10T17:19:26.336Z]     [97/100] Linking CXX shared library plugin/mayaHydraSceneBrowser/mayaHydraSceneBrowser.so
[2023-11-10T17:19:26.336Z]     [98/100] Building CXX object lib/adskHydraSceneBrowser/test/CMakeFiles/adskHydraSceneBrowserTesting.dir/adskHydraSceneBrowserTestFixture.cpp.o
[2023-11-10T17:19:27.202Z]     [99/100] Linking CXX shared library lib/adskHydraSceneBrowser/test/libadskHydraSceneBrowserTesting.so
[2023-11-10T17:19:28.329Z]     [100/100] Linking CXX shared library plugin/mayaHydraSceneBrowserTest/mayaHydraSceneBrowserTest.so
[2023-11-10T17:19:28.329Z]     
[2023-11-10T17:19:28.329Z]         Building with settings:
[2023-11-10T17:19:28.329Z]           Source directory          /home/S/jenkins/workspace/ECP/ecg-maya-hydra/ecg-maya-hydra-branch-preflight-python3-linux/ecg-maya-hydra/maya-hydra
[2023-11-10T17:19:28.329Z]           Workspace directory       /local/S/jenkins/workspace/ECP/ecg-maya-hydra/ecg-maya-hydra-branch-preflight-python3-linux
[2023-11-10T17:19:28.329Z]           Build directory           /local/S/jenkins/workspace/ECP/ecg-maya-hydra/ecg-maya-hydra-branch-preflight-python3-linux/build/Debug
[2023-11-10T17:19:28.329Z]           Install directory         /local/S/jenkins/workspace/ECP/ecg-maya-hydra/ecg-maya-hydra-branch-preflight-python3-linux/install/Debug/MayaHydra
[2023-11-10T17:19:28.329Z]           Variant                   Debug
[2023-11-10T17:19:28.329Z]           Python Debug              On
[2023-11-10T17:19:28.329Z]           CMake generator           Ninja
[2023-11-10T17:19:28.329Z]           Build arguments           ['-DCMAKE_MAKE_PROGRAM=/local/S/jenkins/workspace/shared/Artifactory/Linux/ninja/1.10.2/9ab399b/ninja', '-DPYTHON_INCLUDE_DIR=/local/S/jenkins/workspace/shared/Artifactory/Linux/rundev-master-debug/202310260154/runtime/7d60df0/runTime/include/Python310/Python', '-DPython_EXECUTABLE=/local/S/jenkins/workspace/shared/Artifactory/Linux/rundev-master-debug/202310260154/runtime/7d60df0/runTime/bin/mayapy', '-DPYTHON_LIBRARIES=/local/S/jenkins/workspace/shared/Artifactory/Linux/rundev-master-debug/202310260154/runtime/7d60df0/runTime/lib/libpython3.10d.so.1.0', '-DBUILD_WITH_PYTHON_3=ON', '-DBUILD_WITH_PYTHON_3_VERSION=3.10', '-DCMAKE_WANT_MATERIALX_BUILD=ON', '-DCMAKE_PREFIX_PATH=/local/S/jenkins/workspace/shared/Artifactory/Linux/USD/8e4fe45']
[2023-11-10T17:19:28.329Z]           Stages arguments          ['build']
[2023-11-10T17:19:28.329Z]           CTest arguments           ['--parallel 16']
[2023-11-10T17:19:28.329Z]     Success MayaHydra build and install !!!!
[2023-11-10T17:19:28.329Z]     Elapsed time: 00:00:34
[Pipeline] sh
[2023-11-10T17:19:30.164Z] + scl enable gcc-toolset-11 -
[2023-11-10T17:19:30.164Z] + '[' enable = load -o enable = unload ']'
[2023-11-10T17:19:30.164Z] + /usr/bin/scl enable gcc-toolset-11 -
[2023-11-10T17:19:30.164Z] python ecg-maya-hydra/build.py --stages=build --workspace-dir=/local/S/jenkins/workspace/ECP/ecg-maya-hydra/ecg-maya-hydra-branch-preflight-python3-linux --artifactory-dir=/local/S/jenkins/workspace/shared/Artifactory --build-dir=/local/S/jenkins/workspace/ECP/ecg-maya-hydra/ecg-maya-hydra-branch-preflight-python3-linux/build --install-dir=/local/S/jenkins/workspace/ECP/ecg-maya-hydra/ecg-maya-hydra-branch-preflight-python3-linux/install --signing-dir=/local/S/jenkins/workspace/ECP/ecg-maya-hydra/ecg-maya-hydra-branch-preflight-python3-linux/signing --package-dir=/local/S/jenkins/workspace/ECP/ecg-maya-hydra/ecg-maya-hydra-branch-preflight-python3-linux/package --output-dir=/local/S/jenkins/workspace/ECP/ecg-maya-hydra/ecg-maya-hydra-branch-preflight-python3-linux/output --stash-dir=/local/S/jenkins/workspace/ECP/ecg-maya-hydra/ecg-maya-hydra-branch-preflight-python3-linux/stash --jenkins-build=380 --git-commit=d494b7bf36c921c5620c0010b361b42c2d02bc71 --git-branch=master --variants=RelWithDebInfo --interactive-tests=true --post-zips=false --osx-binary-architecture-target=ub2 --osx-deployment-target=11.0 --osx-base-sdk=CurrentActiveSDK --build-retry=3 --maya-cut-config=maya-rundev-master.yaml --maya-package=rundev-master --stage-banner
[2023-11-10T17:19:30.164Z] Using Maya cut from /local/S/jenkins/workspace/shared/Artifactory/Linux/rundev-master/202311060140/runtime/33fa670
[2023-11-10T17:19:30.164Z] 
[2023-11-10T17:19:30.164Z] ================================================================================
[2023-11-10T17:19:30.164Z]                              build (RelWithDebInfo)
[2023-11-10T17:19:30.164Z] ================================================================================
[2023-11-10T17:19:30.164Z] Maya Python RelWithDebInfo Info:
[2023-11-10T17:19:30.164Z]   mayapy executable   = /local/S/jenkins/workspace/shared/Artifactory/Linux/rundev-master/202311060140/runtime/33fa670/runTime/bin/mayapy
[2023-11-10T17:19:30.164Z]   Include Folder      = /local/S/jenkins/workspace/shared/Artifactory/Linux/rundev-master/202311060140/runtime/33fa670/runTime/include/Python310/Python
[2023-11-10T17:19:30.164Z]   Library             = /local/S/jenkins/workspace/shared/Artifactory/Linux/rundev-master/202311060140/runtime/33fa670/runTime/lib/libpython3.10.so.1.0
[2023-11-10T17:19:30.164Z]   site-package Folder = /local/S/jenkins/workspace/shared/Artifactory/Linux/rundev-master/202311060140/runtime/33fa670/runTime/lib/python3.10/site-packages
[2023-11-10T17:19:30.710Z] In workdir: /home/S/jenkins/workspace/ECP/ecg-maya-hydra/ecg-maya-hydra-branch-preflight-python3-linux/ecg-maya-hydra/maya-hydra
[2023-11-10T17:19:30.710Z] Executing: /local/S/jenkins/workspace/shared/Artifactory/Linux/rundev-master/202311060140/runtime/33fa670/runTime/bin/mayapy /home/S/jenkins/workspace/ECP/ecg-maya-hydra/ecg-maya-hydra-branch-preflight-python3-linux/ecg-maya-hydra/maya-hydra/build.py --generator Ninja --build-relwithdebug --maya-location /local/S/jenkins/workspace/shared/Artifactory/Linux/rundev-master/202311060140/runtime/33fa670/runTime --devkit-location /local/S/jenkins/workspace/shared/Artifactory/Linux/rundev-master/202311060140/runtime/33fa670/devkitBase --pxrusd-location /local/S/jenkins/workspace/shared/Artifactory/Linux/USD/13e6029 --build-args=-DCMAKE_MAKE_PROGRAM=/local/S/jenkins/workspace/shared/Artifactory/Linux/ninja/1.10.2/9ab399b/ninja,-DPYTHON_INCLUDE_DIR=/local/S/jenkins/workspace/shared/Artifactory/Linux/rundev-master/202311060140/runtime/33fa670/runTime/include/Python310/Python,-DPython_EXECUTABLE=/local/S/jenkins/workspace/shared/Artifactory/Linux/rundev-master/202311060140/runtime/33fa670/runTime/bin/mayapy,-DPYTHON_LIBRARIES=/local/S/jenkins/workspace/shared/Artifactory/Linux/rundev-master/202311060140/runtime/33fa670/runTime/lib/libpython3.10.so.1.0,-DBUILD_WITH_PYTHON_3=ON,-DBUILD_WITH_PYTHON_3_VERSION=3.10,-DCMAKE_WANT_MATERIALX_BUILD=ON,-DCMAKE_PREFIX_PATH=/local/S/jenkins/workspace/shared/Artifactory/Linux/USD/13e6029 '--ctest-args=--parallel 16' --stages=build --redirect-outstream-file=False --install-location /local/S/jenkins/workspace/ECP/ecg-maya-hydra/ecg-maya-hydra-branch-preflight-python3-linux/install/RelWithDebInfo/MayaHydra /local/S/jenkins/workspace/ECP/ecg-maya-hydra/ecg-maya-hydra-branch-preflight-python3-linux
[2023-11-10T17:19:30.710Z] Modified environment variables:
[2023-11-10T17:19:30.710Z]     LD_LIBRARY_PATH=/opt/rh/gcc-toolset-11/root/usr/lib64:/opt/rh/gcc-toolset-11/root/usr/lib64:/opt/rh/gcc-toolset-11/root/usr/lib:/opt/rh/gcc-toolset-11/root/usr/lib64/dyninst:/opt/rh/gcc-toolset-11/root/usr/lib/dyninst
[2023-11-10T17:19:30.710Z]     PATH=/local/S/jenkins/workspace/shared/Artifactory/Linux/cmake/3.20.3/ab685d7/bin:/opt/rh/gcc-toolset-11/root/usr/bin:/home/administrator/.local/bin:/home/administrator/bin:/usr/share/Modules/bin:/usr/local/bin:/usr/local/sbin:/usr/bin:/usr/sbin
[2023-11-10T17:19:31.931Z]     [1/100] Building CXX object lib/mayaHydra/mayaPlugin/CMakeFiles/mayaHydra.dir/colorNotFoundException.cpp.o
[2023-11-10T17:19:31.931Z]     [2/100] Building CXX object lib/mayaHydra/mayaPlugin/CMakeFiles/mayaHydra.dir/tokens.cpp.o
[2023-11-10T17:19:31.931Z]     [3/100] Building CXX object test/lib/mayaUsd/render/mayaToHydra/cpp/CMakeFiles/mayaHydraCppTests.dir/mayaHydraCppTestsCmd.cpp.o
[2023-11-10T17:19:32.488Z]     [4/100] Building CXX object lib/mayaHydra/mayaPlugin/CMakeFiles/mayaHydra.dir/pluginDebugCodes.cpp.o
[2023-11-10T17:19:32.488Z]     [5/100] Building CXX object test/lib/mayaUsd/render/mayaToHydra/cpp/CMakeFiles/mayaHydraCppTests.dir/testCppFramework.cpp.o
[2023-11-10T17:19:32.488Z]     [6/100] Building CXX object lib/mayaHydra/mayaPlugin/CMakeFiles/mayaHydra.dir/mayaColorPreferencesTranslator.cpp.o
[2023-11-10T17:19:33.651Z]     [7/100] Building CXX object lib/mayaHydra/hydraExtensions/CMakeFiles/mayaHydraLib.dir/debugCodes.cpp.o
[2023-11-10T17:19:34.212Z]     [8/100] Building CXX object test/lib/mayaUsd/render/mayaToHydra/cpp/CMakeFiles/mayaHydraCppTests.dir/testColorPreferences.cpp.o
[2023-11-10T17:19:34.767Z]     [9/100] Building CXX object lib/mayaHydra/hydraExtensions/CMakeFiles/mayaHydraLib.dir/mayaUtils.cpp.o
[2023-11-10T17:19:35.332Z]     [10/100] Building CXX object test/lib/mayaUsd/render/mayaToHydra/cpp/CMakeFiles/mayaHydraCppTests.dir/testMayaUsdUfeItems.cpp.o
[2023-11-10T17:19:35.332Z]     [11/100] Building CXX object test/lib/mayaUsd/render/mayaToHydra/cpp/CMakeFiles/mayaHydraCppTests.dir/testUtils.cpp.o
[2023-11-10T17:19:35.896Z]     [12/100] Building CXX object test/lib/mayaUsd/render/mayaToHydra/cpp/CMakeFiles/mayaHydraCppTests.dir/testMayaSceneFlattening.cpp.o
[2023-11-10T17:19:36.458Z]     [13/100] Building CXX object lib/mayaHydra/hydraExtensions/CMakeFiles/mayaHydraLib.dir/interfaceImp.cpp.o
[2023-11-10T17:19:36.458Z]     [14/100] Building CXX object lib/mayaHydra/hydraExtensions/CMakeFiles/mayaHydraLib.dir/adapters/adapterDebugCodes.cpp.o
[2023-11-10T17:19:37.009Z]     [15/100] Building CXX object test/lib/mayaUsd/render/mayaToHydra/cpp/CMakeFiles/mayaHydraCppTests.dir/testSelectionSceneIndex.cpp.o
[2023-11-10T17:19:37.009Z]     [16/100] Building CXX object lib/mayaHydra/hydraExtensions/CMakeFiles/mayaHydraLib.dir/hydraUtils.cpp.o
[2023-11-10T17:19:37.571Z]     [17/100] Building CXX object lib/mayaHydra/mayaPlugin/CMakeFiles/mayaHydra.dir/pluginUtils.cpp.o
[2023-11-10T17:19:37.571Z]     [18/100] Building CXX object test/lib/mayaUsd/render/mayaToHydra/cpp/CMakeFiles/mayaHydraCppTests.dir/testWireframeSelectionHighlightSceneIndex.cpp.o
[2023-11-10T17:19:38.130Z]     [19/100] Building CXX object lib/mayaHydra/hydraExtensions/CMakeFiles/mayaHydraLib.dir/mixedUtils.cpp.o
[2023-11-10T17:19:38.130Z]     [20/100] Building CXX object lib/mayaHydra/mayaPlugin/CMakeFiles/mayaHydra.dir/plugin.cpp.o
[2023-11-10T17:19:38.672Z]     [21/100] Building CXX object lib/mayaHydra/mayaPlugin/CMakeFiles/mayaHydra.dir/viewCommand.cpp.o
[2023-11-10T17:19:38.672Z]     /home/S/jenkins/workspace/ECP/ecg-maya-hydra/ecg-maya-hydra-branch-preflight-python3-linux/ecg-maya-hydra/maya-hydra/lib/mayaHydra/mayaPlugin/viewCommand.cpp:33:50: note: ‘#pragma message: MAYAHYDRA_CUT_ID is not defined’
[2023-11-10T17:19:38.672Z]        33 | #pragma message("MAYAHYDRA_CUT_ID is not defined")
[2023-11-10T17:19:38.672Z]           |                                                  ^
[2023-11-10T17:19:39.226Z]     [22/100] Building CXX object lib/mayaHydra/hydraExtensions/CMakeFiles/mayaHydraLib.dir/adapters/adapterRegistry.cpp.o
[2023-11-10T17:19:39.226Z]     [23/100] Building CXX object lib/mayaHydra/hydraExtensions/CMakeFiles/mayaHydraLib.dir/adapters/mayaAttrs.cpp.o
[2023-11-10T17:19:41.043Z]     [24/100] Building CXX object test/lib/mayaUsd/render/mayaToHydra/cpp/CMakeFiles/mayaHydraCppTests.dir/testMergingSceneIndex.cpp.o
[2023-11-10T17:19:42.185Z]     [25/100] Building CXX object lib/mayaHydra/hydraExtensions/CMakeFiles/mayaHydraLib.dir/adapters/adapter.cpp.o
[2023-11-10T17:19:43.341Z]     [26/100] Building CXX object lib/mayaHydra/hydraExtensions/CMakeFiles/mayaHydraLib.dir/adapters/areaLightAdapter.cpp.o
[2023-11-10T17:19:43.341Z]     [27/100] Building CXX object lib/mayaHydra/mayaPlugin/CMakeFiles/mayaHydra.dir/renderOverride.cpp.o
[2023-11-10T17:19:43.889Z]     [28/100] Building CXX object lib/mayaHydra/hydraExtensions/CMakeFiles/mayaHydraLib.dir/mayaHydraSceneProducer.cpp.o
[2023-11-10T17:19:43.889Z]     [29/100] Building CXX object lib/mayaHydra/hydraExtensions/CMakeFiles/mayaHydraLib.dir/adapters/aiSkydomeLightAdapter.cpp.o
[2023-11-10T17:19:44.436Z]     [30/100] Building CXX object lib/mayaHydra/hydraExtensions/CMakeFiles/mayaHydraLib.dir/adapters/cameraAdapter.cpp.o
[2023-11-10T17:19:44.436Z]     [31/100] Building CXX object lib/mayaHydra/hydraExtensions/CMakeFiles/mayaHydraLib.dir/adapters/dagAdapter.cpp.o
[2023-11-10T17:19:44.436Z]     [32/100] Building CXX object lib/mayaHydra/mayaPlugin/CMakeFiles/mayaHydra.dir/renderGlobals.cpp.o
[2023-11-10T17:19:44.436Z]     [33/100] Building CXX object lib/mayaHydra/hydraExtensions/CMakeFiles/mayaHydraLib.dir/adapters/directionalLightAdapter.cpp.o
[2023-11-10T17:19:44.985Z]     [34/100] Building CXX object lib/mayaHydra/hydraExtensions/CMakeFiles/mayaHydraLib.dir/adapters/tokens.cpp.o
[2023-11-10T17:19:45.531Z]     [35/100] Building CXX object lib/mayaHydra/hydraExtensions/CMakeFiles/mayaHydraLib.dir/delegates/delegateDebugCodes.cpp.o
[2023-11-10T17:19:45.531Z]     [36/100] Building CXX object lib/mayaHydra/hydraExtensions/CMakeFiles/mayaHydraLib.dir/adapters/lightAdapter.cpp.o
[2023-11-10T17:19:46.781Z]     [37/100] Building CXX object lib/mayaHydra/hydraExtensions/CMakeFiles/mayaHydraLib.dir/adapters/renderItemAdapter.cpp.o
[2023-11-10T17:19:47.336Z]     [38/100] Building CXX object lib/mayaHydra/hydraExtensions/CMakeFiles/mayaHydraLib.dir/adapters/nurbsCurveAdapter.cpp.o
[2023-11-10T17:19:47.336Z]     [39/100] Building CXX object lib/mayaHydra/hydraExtensions/CMakeFiles/mayaHydraLib.dir/adapters/materialAdapter.cpp.o
[2023-11-10T17:19:47.883Z]     [40/100] Building CXX object lib/mayaHydra/hydraExtensions/CMakeFiles/mayaHydraLib.dir/adapters/pointLightAdapter.cpp.o
[2023-11-10T17:19:48.435Z]     [41/100] Building CXX object lib/mayaHydra/hydraExtensions/CMakeFiles/mayaHydraLib.dir/adapters/shapeAdapter.cpp.o
[2023-11-10T17:19:48.435Z]     [42/100] Building CXX object lib/mayaHydra/hydraExtensions/CMakeFiles/mayaHydraLib.dir/adapters/meshAdapter.cpp.o
[2023-11-10T17:19:49.613Z]     [43/100] Building CXX object lib/mayaHydra/hydraExtensions/CMakeFiles/mayaHydraLib.dir/delegates/delegate.cpp.o
[2023-11-10T17:19:49.613Z]     [44/100] Building CXX object lib/mayaHydra/hydraExtensions/CMakeFiles/mayaHydraLib.dir/adapters/materialNetworkConverter.cpp.o
[2023-11-10T17:19:50.162Z]     [45/100] Building CXX object lib/mayaHydra/hydraExtensions/CMakeFiles/mayaHydraLib.dir/delegates/delegateCtx.cpp.o
[2023-11-10T17:19:50.706Z]     [46/100] Building CXX object lib/flowViewport/CMakeFiles/flowViewport.dir/debugCodes.cpp.o
[2023-11-10T17:19:50.706Z]     [47/100] Building CXX object lib/mayaHydra/hydraExtensions/CMakeFiles/mayaHydraLib.dir/adapters/spotLightAdapter.cpp.o
[2023-11-10T17:19:50.706Z]     [48/100] Building CXX object lib/flowViewport/CMakeFiles/flowViewport.dir/global.cpp.o
[2023-11-10T17:19:50.706Z]     [49/100] Building CXX object lib/mayaHydra/ufeExtensions/CMakeFiles/ufeExtensions.dir/Global.cpp.o
[2023-11-10T17:19:51.257Z]     [50/100] Building CXX object lib/mayaHydra/hydraExtensions/CMakeFiles/mayaHydraLib.dir/delegates/delegateRegistry.cpp.o
[2023-11-10T17:19:51.257Z]     [51/100] Linking CXX shared library lib/mayaHydra/ufeExtensions/libufeExtensions.so
[2023-11-10T17:19:51.257Z]     [52/100] Building CXX object lib/flowViewport/CMakeFiles/flowViewport.dir/tokens.cpp.o
[2023-11-10T17:19:51.257Z]     [53/100] Building CXX object lib/flowViewport/CMakeFiles/flowViewport.dir/colorPreferences/fvpColorChanged.cpp.o
[2023-11-10T17:19:51.808Z]     [54/100] Building CXX object lib/mayaHydra/hydraExtensions/CMakeFiles/mayaHydraLib.dir/sceneIndex/registration.cpp.o
[2023-11-10T17:19:51.808Z]     [55/100] Building CXX object lib/flowViewport/CMakeFiles/flowViewport.dir/sceneIndex/fvpPathInterface.cpp.o
[2023-11-10T17:19:51.808Z]     [56/100] Building CXX object lib/flowViewport/CMakeFiles/flowViewport.dir/colorPreferences/fvpColorPreferences.cpp.o
[2023-11-10T17:19:51.808Z]     [57/100] Building CXX object lib/flowViewport/CMakeFiles/flowViewport.dir/colorPreferences/fvpColorPreferencesTokens.cpp.o
[2023-11-10T17:19:51.808Z]     [58/100] Building CXX object lib/flowViewport/CMakeFiles/flowViewport.dir/sceneIndex/fvpSelectionInterface.cpp.o
[2023-11-10T17:19:54.342Z]     [59/100] Building CXX object lib/mayaHydra/hydraExtensions/CMakeFiles/mayaHydraLib.dir/sceneIndex/mayaHydraPrimvarDataSource.cpp.o
[2023-11-10T17:19:54.342Z]     [60/100] Building CXX object lib/flowViewport/CMakeFiles/flowViewport.dir/sceneIndex/fvpPathInterfaceSceneIndex.cpp.o
[2023-11-10T17:19:54.342Z]     [61/100] Building CXX object lib/flowViewport/CMakeFiles/flowViewport.dir/API/interfacesImp/fvpVersionInterfaceImp.cpp.o
[2023-11-10T17:19:54.342Z]     [62/100] Building CXX object lib/flowViewport/CMakeFiles/flowViewport.dir/sceneIndex/fvpPassThroughSelectionInterfaceSceneIndex.cpp.o
[2023-11-10T17:19:54.342Z]     [63/100] Building CXX object lib/flowViewport/CMakeFiles/flowViewport.dir/sceneIndex/fvpRenderIndexProxy.cpp.o
[2023-11-10T17:19:54.343Z]     [64/100] Building CXX object lib/flowViewport/CMakeFiles/flowViewport.dir/sceneIndex/fvpMergingSceneIndex.cpp.o
[2023-11-10T17:19:54.904Z]     [65/100] Building CXX object lib/mayaHydra/hydraExtensions/CMakeFiles/mayaHydraLib.dir/sceneIndex/mayaHydraDisplayStyleDataSource.cpp.o
[2023-11-10T17:19:54.904Z]     [66/100] Building CXX object lib/flowViewport/CMakeFiles/flowViewport.dir/API/samples/fvpSelectionClientExample.cpp.o
[2023-11-10T17:19:54.904Z]     [67/100] Building CXX object lib/mayaHydra/hydraExtensions/CMakeFiles/mayaHydraLib.dir/sceneIndex/mayaHydraLightDataSource.cpp.o
[2023-11-10T17:19:56.187Z]     [68/100] Building CXX object lib/mayaHydra/hydraExtensions/CMakeFiles/mayaHydraLib.dir/sceneIndex/mayaHydraCameraDataSource.cpp.o
[2023-11-10T17:19:56.187Z]     [69/100] Building CXX object lib/flowViewport/CMakeFiles/flowViewport.dir/API/interfacesImp/fvpSelectionInterfaceImp.cpp.o
[2023-11-10T17:19:56.187Z]     [70/100] Building CXX object lib/mayaHydra/hydraExtensions/CMakeFiles/mayaHydraLib.dir/delegates/testDelegate.cpp.o
[2023-11-10T17:19:56.187Z]     [71/100] Building CXX object lib/mayaHydra/hydraExtensions/CMakeFiles/mayaHydraLib.dir/delegates/defaultLightDelegate.cpp.o
[2023-11-10T17:19:56.765Z]     [72/100] Building CXX object lib/mayaHydra/hydraExtensions/CMakeFiles/mayaHydraLib.dir/sceneIndex/mayaHydraDefaultLightDataSource.cpp.o
[2023-11-10T17:19:56.765Z]     [73/100] Building CXX object lib/flowViewport/CMakeFiles/flowViewport.dir/sceneIndex/fvpSelectionSceneIndex.cpp.o
[2023-11-10T17:19:56.765Z]     [74/100] Building CXX object lib/flowViewport/CMakeFiles/flowViewport.dir/sceneIndex/fvpWireframeSelectionHighlightSceneIndex.cpp.o
[2023-11-10T17:19:56.766Z]     [75/100] Automatic MOC for target adskHydraSceneBrowser
[2023-11-10T17:19:57.330Z]     [76/100] Building CXX object lib/mayaHydra/hydraExtensions/CMakeFiles/mayaHydraLib.dir/delegates/sceneDelegate.cpp.o
[2023-11-10T17:19:57.883Z]     [77/100] Building CXX object lib/mayaHydra/hydraExtensions/CMakeFiles/mayaHydraLib.dir/sceneIndex/mayaHydraDataSource.cpp.o
[2023-11-10T17:19:58.424Z]     [78/100] Building CXX object lib/mayaHydra/hydraExtensions/CMakeFiles/mayaHydraLib.dir/sceneIndex/mayaHydraSceneIndex.cpp.o
[2023-11-10T17:19:58.969Z]     [79/100] Building CXX object lib/flowViewport/CMakeFiles/flowViewport.dir/selection/fvpSelectionTracker.cpp.o
[2023-11-10T17:19:58.969Z]     [80/100] Building CXX object lib/flowViewport/CMakeFiles/flowViewport.dir/selection/fvpSelectionTask.cpp.o
[2023-11-10T17:19:59.506Z]     [81/100] Linking CXX shared library lib/flowViewport/libflowViewport.so
[2023-11-10T17:20:00.044Z]     [82/100] Building CXX object plugin/mayaHydraSceneBrowserTest/CMakeFiles/mayaHydraSceneBrowserTest.dir/mayaHydraSceneBrowserTestCmd.cpp.o
[2023-11-10T17:20:00.582Z]     [83/100] Linking CXX shared library lib/mayaHydra/hydraExtensions/libmayaHydraLib.so
[2023-11-10T17:20:01.120Z]     [84/100] Building CXX object lib/adskHydraSceneBrowser/lib/CMakeFiles/adskHydraSceneBrowser.dir/src/patch/registeredSceneIndexChooser.cpp.o
[2023-11-10T17:20:01.120Z]     [85/100] Linking CXX shared library test/lib/mayaUsd/render/mayaToHydra/cpp/mayaHydraCppTests.so
[2023-11-10T17:20:01.120Z]     [86/100] Building CXX object lib/adskHydraSceneBrowser/lib/CMakeFiles/adskHydraSceneBrowser.dir/src/patch/sceneIndexObserverLoggingWidget.cpp.o
[2023-11-10T17:20:01.120Z]     [87/100] Linking CXX shared library lib/mayaHydra/mayaPlugin/mayaHydra.so
[2023-11-10T17:20:01.684Z]     [88/100] Building CXX object plugin/mayaHydraSceneBrowser/CMakeFiles/mayaHydraSceneBrowser.dir/mayaHydraSceneBrowser.cpp.o
[2023-11-10T17:20:02.251Z]     [89/100] Building CXX object lib/adskHydraSceneBrowser/lib/CMakeFiles/adskHydraSceneBrowser.dir/src/patch/sceneIndexDebuggerWidget.cpp.o
[2023-11-10T17:20:02.801Z]     [90/100] Building CXX object lib/adskHydraSceneBrowser/lib/CMakeFiles/adskHydraSceneBrowser.dir/adskHydraSceneBrowser_autogen/mocs_compilation.cpp.o
[2023-11-10T17:20:02.801Z]     [91/100] Building CXX object lib/adskHydraSceneBrowser/test/CMakeFiles/adskHydraSceneBrowserTesting.dir/adskHydraSceneBrowserTesting.cpp.o
[2023-11-10T17:20:02.801Z]     [92/100] Building CXX object lib/adskHydraSceneBrowser/lib/CMakeFiles/adskHydraSceneBrowser.dir/src/patch/sceneIndexObserverLoggingTreeView.cpp.o
[2023-11-10T17:20:02.801Z]     [93/100] Building CXX object lib/adskHydraSceneBrowser/lib/CMakeFiles/adskHydraSceneBrowser.dir/src/patch/sceneIndexTreeWidget.cpp.o
[2023-11-10T17:20:03.339Z]     [94/100] Building CXX object lib/adskHydraSceneBrowser/lib/CMakeFiles/adskHydraSceneBrowser.dir/src/patch/dataSourceValueTreeView.cpp.o
[2023-11-10T17:20:03.339Z]     [95/100] Building CXX object lib/adskHydraSceneBrowser/lib/CMakeFiles/adskHydraSceneBrowser.dir/src/patch/dataSourceTreeWidget.cpp.o
[2023-11-10T17:20:03.876Z]     [96/100] Linking CXX shared library lib/adskHydraSceneBrowser/lib/libadskHydraSceneBrowser.so
[2023-11-10T17:20:04.654Z]     [97/100] Linking CXX shared library plugin/mayaHydraSceneBrowser/mayaHydraSceneBrowser.so
[2023-11-10T17:20:09.117Z]     [98/100] Building CXX object lib/adskHydraSceneBrowser/test/CMakeFiles/adskHydraSceneBrowserTesting.dir/adskHydraSceneBrowserTestFixture.cpp.o
[2023-11-10T17:20:09.117Z]     [99/100] Linking CXX shared library lib/adskHydraSceneBrowser/test/libadskHydraSceneBrowserTesting.so
[2023-11-10T17:20:09.656Z]     [100/100] Linking CXX shared library plugin/mayaHydraSceneBrowserTest/mayaHydraSceneBrowserTest.so
[2023-11-10T17:20:09.656Z]     
[2023-11-10T17:20:09.656Z]         Building with settings:
[2023-11-10T17:20:09.656Z]           Source directory          /home/S/jenkins/workspace/ECP/ecg-maya-hydra/ecg-maya-hydra-branch-preflight-python3-linux/ecg-maya-hydra/maya-hydra
[2023-11-10T17:20:09.656Z]           Workspace directory       /local/S/jenkins/workspace/ECP/ecg-maya-hydra/ecg-maya-hydra-branch-preflight-python3-linux
[2023-11-10T17:20:09.656Z]           Build directory           /local/S/jenkins/workspace/ECP/ecg-maya-hydra/ecg-maya-hydra-branch-preflight-python3-linux/build/RelWithDebInfo
[2023-11-10T17:20:09.656Z]           Install directory         /local/S/jenkins/workspace/ECP/ecg-maya-hydra/ecg-maya-hydra-branch-preflight-python3-linux/install/RelWithDebInfo/MayaHydra
[2023-11-10T17:20:09.656Z]           Variant                   RelWithDebInfo
[2023-11-10T17:20:09.656Z]           Python Debug              Off
[2023-11-10T17:20:09.656Z]           CMake generator           Ninja
[2023-11-10T17:20:09.656Z]           Build arguments           ['-DCMAKE_MAKE_PROGRAM=/local/S/jenkins/workspace/shared/Artifactory/Linux/ninja/1.10.2/9ab399b/ninja', '-DPYTHON_INCLUDE_DIR=/local/S/jenkins/workspace/shared/Artifactory/Linux/rundev-master/202311060140/runtime/33fa670/runTime/include/Python310/Python', '-DPython_EXECUTABLE=/local/S/jenkins/workspace/shared/Artifactory/Linux/rundev-master/202311060140/runtime/33fa670/runTime/bin/mayapy', '-DPYTHON_LIBRARIES=/local/S/jenkins/workspace/shared/Artifactory/Linux/rundev-master/202311060140/runtime/33fa670/runTime/lib/libpython3.10.so.1.0', '-DBUILD_WITH_PYTHON_3=ON', '-DBUILD_WITH_PYTHON_3_VERSION=3.10', '-DCMAKE_WANT_MATERIALX_BUILD=ON', '-DCMAKE_PREFIX_PATH=/local/S/jenkins/workspace/shared/Artifactory/Linux/USD/13e6029']
[2023-11-10T17:20:09.656Z]           Stages arguments          ['build']
[2023-11-10T17:20:09.656Z]           CTest arguments           ['--parallel 16']
[2023-11-10T17:20:09.656Z]     Success MayaHydra build and install !!!!
[2023-11-10T17:20:09.656Z]     Elapsed time: 00:00:38
[Pipeline] }
[Pipeline] // withEnv
[Pipeline] }
[Pipeline] // timeout
[Pipeline] }
[Pipeline] // stage
[Pipeline] }
[Pipeline] // timestamps
[Pipeline] timestamps
[Pipeline] {
[Pipeline] stage
[Pipeline] { (Install)
[Pipeline] timeout
[2023-11-10T17:20:10.017Z] Timeout set to expire in 6 hr 0 min
[Pipeline] {
[Pipeline] withEnv
[Pipeline] {
[Pipeline] sh
[2023-11-10T17:20:11.470Z] + scl enable gcc-toolset-11 -
[2023-11-10T17:20:11.471Z] + '[' enable = load -o enable = unload ']'
[2023-11-10T17:20:11.471Z] + /usr/bin/scl enable gcc-toolset-11 -
[2023-11-10T17:20:11.471Z] python ecg-maya-hydra/build.py --stages=install --workspace-dir=/local/S/jenkins/workspace/ECP/ecg-maya-hydra/ecg-maya-hydra-branch-preflight-python3-linux --artifactory-dir=/local/S/jenkins/workspace/shared/Artifactory --build-dir=/local/S/jenkins/workspace/ECP/ecg-maya-hydra/ecg-maya-hydra-branch-preflight-python3-linux/build --install-dir=/local/S/jenkins/workspace/ECP/ecg-maya-hydra/ecg-maya-hydra-branch-preflight-python3-linux/install --signing-dir=/local/S/jenkins/workspace/ECP/ecg-maya-hydra/ecg-maya-hydra-branch-preflight-python3-linux/signing --package-dir=/local/S/jenkins/workspace/ECP/ecg-maya-hydra/ecg-maya-hydra-branch-preflight-python3-linux/package --output-dir=/local/S/jenkins/workspace/ECP/ecg-maya-hydra/ecg-maya-hydra-branch-preflight-python3-linux/output --stash-dir=/local/S/jenkins/workspace/ECP/ecg-maya-hydra/ecg-maya-hydra-branch-preflight-python3-linux/stash --jenkins-build=380 --git-commit=d494b7bf36c921c5620c0010b361b42c2d02bc71 --git-branch=master --variants=Debug --interactive-tests=true --post-zips=false --osx-binary-architecture-target=ub2 --osx-deployment-target=11.0 --osx-base-sdk=CurrentActiveSDK --maya-cut-config=maya-rundev-master-debug.yaml --maya-package=rundev-master-debug --stage-banner
[2023-11-10T17:20:11.471Z] Using Maya cut from /local/S/jenkins/workspace/shared/Artifactory/Linux/rundev-master-debug/202310260154/runtime/7d60df0
[2023-11-10T17:20:11.471Z] 
[2023-11-10T17:20:11.471Z] ================================================================================
[2023-11-10T17:20:11.471Z]                                 install (Debug)
[2023-11-10T17:20:11.471Z] ================================================================================
[2023-11-10T17:20:11.471Z] Maya Python Debug Info:
[2023-11-10T17:20:11.471Z]   mayapy executable   = /local/S/jenkins/workspace/shared/Artifactory/Linux/rundev-master-debug/202310260154/runtime/7d60df0/runTime/bin/mayapy
[2023-11-10T17:20:11.471Z]   Include Folder      = /local/S/jenkins/workspace/shared/Artifactory/Linux/rundev-master-debug/202310260154/runtime/7d60df0/runTime/include/Python310/Python
[2023-11-10T17:20:11.471Z]   Library             = /local/S/jenkins/workspace/shared/Artifactory/Linux/rundev-master-debug/202310260154/runtime/7d60df0/runTime/lib/libpython3.10d.so.1.0
[2023-11-10T17:20:11.471Z]   site-package Folder = /local/S/jenkins/workspace/shared/Artifactory/Linux/rundev-master-debug/202310260154/runtime/7d60df0/runTime/lib/python3.10/site-packages
[2023-11-10T17:20:12.600Z] In workdir: /home/S/jenkins/workspace/ECP/ecg-maya-hydra/ecg-maya-hydra-branch-preflight-python3-linux/ecg-maya-hydra/maya-hydra
[2023-11-10T17:20:12.600Z] Executing: /local/S/jenkins/workspace/shared/Artifactory/Linux/rundev-master-debug/202310260154/runtime/7d60df0/runTime/bin/mayapy /home/S/jenkins/workspace/ECP/ecg-maya-hydra/ecg-maya-hydra-branch-preflight-python3-linux/ecg-maya-hydra/maya-hydra/build.py --generator Ninja --build-debug --maya-location /local/S/jenkins/workspace/shared/Artifactory/Linux/rundev-master-debug/202310260154/runtime/7d60df0/runTime --devkit-location /local/S/jenkins/workspace/shared/Artifactory/Linux/rundev-master-debug/202310260154/runtime/7d60df0/devkitBase --pxrusd-location /local/S/jenkins/workspace/shared/Artifactory/Linux/USD/8e4fe45 --build-args=-DCMAKE_MAKE_PROGRAM=/local/S/jenkins/workspace/shared/Artifactory/Linux/ninja/1.10.2/9ab399b/ninja,-DPYTHON_INCLUDE_DIR=/local/S/jenkins/workspace/shared/Artifactory/Linux/rundev-master-debug/202310260154/runtime/7d60df0/runTime/include/Python310/Python,-DPython_EXECUTABLE=/local/S/jenkins/workspace/shared/Artifactory/Linux/rundev-master-debug/202310260154/runtime/7d60df0/runTime/bin/mayapy,-DPYTHON_LIBRARIES=/local/S/jenkins/workspace/shared/Artifactory/Linux/rundev-master-debug/202310260154/runtime/7d60df0/runTime/lib/libpython3.10d.so.1.0,-DBUILD_WITH_PYTHON_3=ON,-DBUILD_WITH_PYTHON_3_VERSION=3.10,-DCMAKE_WANT_MATERIALX_BUILD=ON,-DCMAKE_PREFIX_PATH=/local/S/jenkins/workspace/shared/Artifactory/Linux/USD/8e4fe45 --debug-python '--ctest-args=--parallel 16' --stages=install --redirect-outstream-file=False --install-location /local/S/jenkins/workspace/ECP/ecg-maya-hydra/ecg-maya-hydra-branch-preflight-python3-linux/install/Debug/MayaHydra /local/S/jenkins/workspace/ECP/ecg-maya-hydra/ecg-maya-hydra-branch-preflight-python3-linux
[2023-11-10T17:20:12.601Z] Modified environment variables:
[2023-11-10T17:20:12.601Z]     LD_LIBRARY_PATH=/opt/rh/gcc-toolset-11/root/usr/lib64:/opt/rh/gcc-toolset-11/root/usr/lib64:/opt/rh/gcc-toolset-11/root/usr/lib:/opt/rh/gcc-toolset-11/root/usr/lib64/dyninst:/opt/rh/gcc-toolset-11/root/usr/lib/dyninst
[2023-11-10T17:20:12.601Z]     PATH=/local/S/jenkins/workspace/shared/Artifactory/Linux/cmake/3.20.3/ab685d7/bin:/opt/rh/gcc-toolset-11/root/usr/bin:/home/administrator/.local/bin:/home/administrator/bin:/usr/share/Modules/bin:/usr/local/bin:/usr/local/sbin:/usr/bin:/usr/sbin
[2023-11-10T17:20:12.601Z]     [0/1] Install the project...
[2023-11-10T17:20:12.601Z]     -- Install configuration: "Debug"
[2023-11-10T17:20:12.601Z]     -- Set runtime path of "/local/S/jenkins/workspace/ECP/ecg-maya-hydra/ecg-maya-hydra-branch-preflight-python3-linux/install/Debug/MayaHydra/lib/maya/mayaHydraCppTests.so" to "$ORIGIN/../gtest:/local/S/jenkins/workspace/shared/Artifactory/Linux/USD/8e4fe45/lib:/local/S/jenkins/workspace/shared/Artifactory/Linux/rundev-master-debug/202310260154/runtime/7d60df0/devkitBase/devkit/ufe/lib:/local/S/jenkins/workspace/shared/Artifactory/Linux/rundev-master-debug/202310260154/runtime/7d60df0/runTime/lib"
[2023-11-10T17:20:12.601Z]     -- Set runtime path of "/local/S/jenkins/workspace/ECP/ecg-maya-hydra/ecg-maya-hydra-branch-preflight-python3-linux/install/Debug/MayaHydra/lib/maya/mayaHydra.so" to "$ORIGIN/../../../../../../../../../../../../home/S/jenkins/workspace/shared/Artifactory/Linux/USD/8e4fe45/lib:$ORIGIN/..:/local/S/jenkins/workspace/shared/Artifactory/Linux/rundev-master-debug/202310260154/runtime/7d60df0/devkitBase/devkit/ufe/lib:/local/S/jenkins/workspace/shared/Artifactory/Linux/USD/8e4fe45/lib:/local/S/jenkins/workspace/shared/Artifactory/Linux/rundev-master-debug/202310260154/runtime/7d60df0/runTime/lib"
[2023-11-10T17:20:12.601Z]     -- Set runtime path of "/local/S/jenkins/workspace/ECP/ecg-maya-hydra/ecg-maya-hydra-branch-preflight-python3-linux/install/Debug/MayaHydra/lib/libmayaHydraLib.so" to ""
[2023-11-10T17:20:12.601Z]     -- Set runtime path of "/local/S/jenkins/workspace/ECP/ecg-maya-hydra/ecg-maya-hydra-branch-preflight-python3-linux/install/Debug/MayaHydra/lib/libufeExtensions.so" to ""
[2023-11-10T17:20:12.601Z]     -- Set runtime path of "/local/S/jenkins/workspace/ECP/ecg-maya-hydra/ecg-maya-hydra-branch-preflight-python3-linux/install/Debug/MayaHydra/lib/libflowViewport.so" to ""
[2023-11-10T17:20:12.601Z]     -- Set runtime path of "/local/S/jenkins/workspace/ECP/ecg-maya-hydra/ecg-maya-hydra-branch-preflight-python3-linux/install/Debug/MayaHydra/lib/libadskHydraSceneBrowser.so" to ""
[2023-11-10T17:20:12.601Z]     -- Set runtime path of "/local/S/jenkins/workspace/ECP/ecg-maya-hydra/ecg-maya-hydra-branch-preflight-python3-linux/install/Debug/MayaHydra/lib/libadskHydraSceneBrowserTesting.so" to "$ORIGIN/gtest:/local/S/jenkins/workspace/shared/Artifactory/Linux/USD/8e4fe45/lib:/local/S/jenkins/workspace/shared/Artifactory/Linux/rundev-master-debug/202310260154/runtime/7d60df0/devkitBase/Qt/lib"
[2023-11-10T17:20:12.601Z]     -- Set runtime path of "/local/S/jenkins/workspace/ECP/ecg-maya-hydra/ecg-maya-hydra-branch-preflight-python3-linux/install/Debug/MayaHydra/lib/maya/mayaHydraSceneBrowser.so" to "$ORIGIN/..:/local/S/jenkins/workspace/shared/Artifactory/Linux/USD/8e4fe45/lib:/local/S/jenkins/workspace/shared/Artifactory/Linux/rundev-master-debug/202310260154/runtime/7d60df0/devkitBase/devkit/ufe/lib:/local/S/jenkins/workspace/shared/Artifactory/Linux/rundev-master-debug/202310260154/runtime/7d60df0/devkitBase/Qt/lib:/local/S/jenkins/workspace/shared/Artifactory/Linux/rundev-master-debug/202310260154/runtime/7d60df0/runTime/lib"
[2023-11-10T17:20:12.601Z]     -- Set runtime path of "/local/S/jenkins/workspace/ECP/ecg-maya-hydra/ecg-maya-hydra-branch-preflight-python3-linux/install/Debug/MayaHydra/lib/maya/mayaHydraSceneBrowserTest.so" to "$ORIGIN/..:$ORIGIN/../gtest:/local/S/jenkins/workspace/shared/Artifactory/Linux/USD/8e4fe45/lib:/local/S/jenkins/workspace/shared/Artifactory/Linux/rundev-master-debug/202310260154/runtime/7d60df0/devkitBase/Qt/lib:/local/S/jenkins/workspace/shared/Artifactory/Linux/rundev-master-debug/202310260154/runtime/7d60df0/devkitBase/devkit/ufe/lib:/local/S/jenkins/workspace/shared/Artifactory/Linux/rundev-master-debug/202310260154/runtime/7d60df0/runTime/lib"
[2023-11-10T17:20:12.601Z]     
[2023-11-10T17:20:12.601Z]         Building with settings:
[2023-11-10T17:20:12.601Z]           Source directory          /home/S/jenkins/workspace/ECP/ecg-maya-hydra/ecg-maya-hydra-branch-preflight-python3-linux/ecg-maya-hydra/maya-hydra
[2023-11-10T17:20:12.601Z]           Workspace directory       /local/S/jenkins/workspace/ECP/ecg-maya-hydra/ecg-maya-hydra-branch-preflight-python3-linux
[2023-11-10T17:20:12.601Z]           Build directory           /local/S/jenkins/workspace/ECP/ecg-maya-hydra/ecg-maya-hydra-branch-preflight-python3-linux/build/Debug
[2023-11-10T17:20:12.601Z]           Install directory         /local/S/jenkins/workspace/ECP/ecg-maya-hydra/ecg-maya-hydra-branch-preflight-python3-linux/install/Debug/MayaHydra
[2023-11-10T17:20:12.601Z]           Variant                   Debug
[2023-11-10T17:20:12.601Z]           Python Debug              On
[2023-11-10T17:20:12.601Z]           CMake generator           Ninja
[2023-11-10T17:20:12.601Z]           Build arguments           ['-DCMAKE_MAKE_PROGRAM=/local/S/jenkins/workspace/shared/Artifactory/Linux/ninja/1.10.2/9ab399b/ninja', '-DPYTHON_INCLUDE_DIR=/local/S/jenkins/workspace/shared/Artifactory/Linux/rundev-master-debug/202310260154/runtime/7d60df0/runTime/include/Python310/Python', '-DPython_EXECUTABLE=/local/S/jenkins/workspace/shared/Artifactory/Linux/rundev-master-debug/202310260154/runtime/7d60df0/runTime/bin/mayapy', '-DPYTHON_LIBRARIES=/local/S/jenkins/workspace/shared/Artifactory/Linux/rundev-master-debug/202310260154/runtime/7d60df0/runTime/lib/libpython3.10d.so.1.0', '-DBUILD_WITH_PYTHON_3=ON', '-DBUILD_WITH_PYTHON_3_VERSION=3.10', '-DCMAKE_WANT_MATERIALX_BUILD=ON', '-DCMAKE_PREFIX_PATH=/local/S/jenkins/workspace/shared/Artifactory/Linux/USD/8e4fe45']
[2023-11-10T17:20:12.601Z]           Stages arguments          ['install']
[2023-11-10T17:20:12.601Z]           CTest arguments           ['--parallel 16']
[2023-11-10T17:20:12.601Z]     Success MayaHydra build and install !!!!
[2023-11-10T17:20:12.601Z]     Elapsed time: 00:00:00
[Pipeline] sh
[2023-11-10T17:20:14.296Z] + scl enable gcc-toolset-11 -
[2023-11-10T17:20:14.296Z] + '[' enable = load -o enable = unload ']'
[2023-11-10T17:20:14.296Z] + /usr/bin/scl enable gcc-toolset-11 -
[2023-11-10T17:20:14.296Z] python ecg-maya-hydra/build.py --stages=install --workspace-dir=/local/S/jenkins/workspace/ECP/ecg-maya-hydra/ecg-maya-hydra-branch-preflight-python3-linux --artifactory-dir=/local/S/jenkins/workspace/shared/Artifactory --build-dir=/local/S/jenkins/workspace/ECP/ecg-maya-hydra/ecg-maya-hydra-branch-preflight-python3-linux/build --install-dir=/local/S/jenkins/workspace/ECP/ecg-maya-hydra/ecg-maya-hydra-branch-preflight-python3-linux/install --signing-dir=/local/S/jenkins/workspace/ECP/ecg-maya-hydra/ecg-maya-hydra-branch-preflight-python3-linux/signing --package-dir=/local/S/jenkins/workspace/ECP/ecg-maya-hydra/ecg-maya-hydra-branch-preflight-python3-linux/package --output-dir=/local/S/jenkins/workspace/ECP/ecg-maya-hydra/ecg-maya-hydra-branch-preflight-python3-linux/output --stash-dir=/local/S/jenkins/workspace/ECP/ecg-maya-hydra/ecg-maya-hydra-branch-preflight-python3-linux/stash --jenkins-build=380 --git-commit=d494b7bf36c921c5620c0010b361b42c2d02bc71 --git-branch=master --variants=RelWithDebInfo --interactive-tests=true --post-zips=false --osx-binary-architecture-target=ub2 --osx-deployment-target=11.0 --osx-base-sdk=CurrentActiveSDK --maya-cut-config=maya-rundev-master.yaml --maya-package=rundev-master --stage-banner
[2023-11-10T17:20:14.296Z] Using Maya cut from /local/S/jenkins/workspace/shared/Artifactory/Linux/rundev-master/202311060140/runtime/33fa670
[2023-11-10T17:20:14.296Z] 
[2023-11-10T17:20:14.296Z] ================================================================================
[2023-11-10T17:20:14.296Z]                             install (RelWithDebInfo)
[2023-11-10T17:20:14.296Z] ================================================================================
[2023-11-10T17:20:14.296Z] Maya Python RelWithDebInfo Info:
[2023-11-10T17:20:14.296Z]   mayapy executable   = /local/S/jenkins/workspace/shared/Artifactory/Linux/rundev-master/202311060140/runtime/33fa670/runTime/bin/mayapy
[2023-11-10T17:20:14.296Z]   Include Folder      = /local/S/jenkins/workspace/shared/Artifactory/Linux/rundev-master/202311060140/runtime/33fa670/runTime/include/Python310/Python
[2023-11-10T17:20:14.296Z]   Library             = /local/S/jenkins/workspace/shared/Artifactory/Linux/rundev-master/202311060140/runtime/33fa670/runTime/lib/libpython3.10.so.1.0
[2023-11-10T17:20:14.296Z]   site-package Folder = /local/S/jenkins/workspace/shared/Artifactory/Linux/rundev-master/202311060140/runtime/33fa670/runTime/lib/python3.10/site-packages
[2023-11-10T17:20:14.836Z] In workdir: /home/S/jenkins/workspace/ECP/ecg-maya-hydra/ecg-maya-hydra-branch-preflight-python3-linux/ecg-maya-hydra/maya-hydra
[2023-11-10T17:20:14.836Z] Executing: /local/S/jenkins/workspace/shared/Artifactory/Linux/rundev-master/202311060140/runtime/33fa670/runTime/bin/mayapy /home/S/jenkins/workspace/ECP/ecg-maya-hydra/ecg-maya-hydra-branch-preflight-python3-linux/ecg-maya-hydra/maya-hydra/build.py --generator Ninja --build-relwithdebug --maya-location /local/S/jenkins/workspace/shared/Artifactory/Linux/rundev-master/202311060140/runtime/33fa670/runTime --devkit-location /local/S/jenkins/workspace/shared/Artifactory/Linux/rundev-master/202311060140/runtime/33fa670/devkitBase --pxrusd-location /local/S/jenkins/workspace/shared/Artifactory/Linux/USD/13e6029 --build-args=-DCMAKE_MAKE_PROGRAM=/local/S/jenkins/workspace/shared/Artifactory/Linux/ninja/1.10.2/9ab399b/ninja,-DPYTHON_INCLUDE_DIR=/local/S/jenkins/workspace/shared/Artifactory/Linux/rundev-master/202311060140/runtime/33fa670/runTime/include/Python310/Python,-DPython_EXECUTABLE=/local/S/jenkins/workspace/shared/Artifactory/Linux/rundev-master/202311060140/runtime/33fa670/runTime/bin/mayapy,-DPYTHON_LIBRARIES=/local/S/jenkins/workspace/shared/Artifactory/Linux/rundev-master/202311060140/runtime/33fa670/runTime/lib/libpython3.10.so.1.0,-DBUILD_WITH_PYTHON_3=ON,-DBUILD_WITH_PYTHON_3_VERSION=3.10,-DCMAKE_WANT_MATERIALX_BUILD=ON,-DCMAKE_PREFIX_PATH=/local/S/jenkins/workspace/shared/Artifactory/Linux/USD/13e6029 '--ctest-args=--parallel 16' --stages=install --redirect-outstream-file=False --install-location /local/S/jenkins/workspace/ECP/ecg-maya-hydra/ecg-maya-hydra-branch-preflight-python3-linux/install/RelWithDebInfo/MayaHydra /local/S/jenkins/workspace/ECP/ecg-maya-hydra/ecg-maya-hydra-branch-preflight-python3-linux
[2023-11-10T17:20:14.836Z] Modified environment variables:
[2023-11-10T17:20:14.836Z]     LD_LIBRARY_PATH=/opt/rh/gcc-toolset-11/root/usr/lib64:/opt/rh/gcc-toolset-11/root/usr/lib64:/opt/rh/gcc-toolset-11/root/usr/lib:/opt/rh/gcc-toolset-11/root/usr/lib64/dyninst:/opt/rh/gcc-toolset-11/root/usr/lib/dyninst
[2023-11-10T17:20:14.836Z]     PATH=/local/S/jenkins/workspace/shared/Artifactory/Linux/cmake/3.20.3/ab685d7/bin:/opt/rh/gcc-toolset-11/root/usr/bin:/home/administrator/.local/bin:/home/administrator/bin:/usr/share/Modules/bin:/usr/local/bin:/usr/local/sbin:/usr/bin:/usr/sbin
[2023-11-10T17:20:14.836Z]     [0/1] Install the project...
[2023-11-10T17:20:14.836Z]     -- Install configuration: "RelWithDebInfo"
[2023-11-10T17:20:14.836Z]     -- Set runtime path of "/local/S/jenkins/workspace/ECP/ecg-maya-hydra/ecg-maya-hydra-branch-preflight-python3-linux/install/RelWithDebInfo/MayaHydra/lib/maya/mayaHydraCppTests.so" to "$ORIGIN/../gtest:/local/S/jenkins/workspace/shared/Artifactory/Linux/USD/13e6029/lib:/local/S/jenkins/workspace/shared/Artifactory/Linux/rundev-master/202311060140/runtime/33fa670/devkitBase/devkit/ufe/lib:/local/S/jenkins/workspace/shared/Artifactory/Linux/rundev-master/202311060140/runtime/33fa670/runTime/lib"
[2023-11-10T17:20:14.836Z]     -- Set runtime path of "/local/S/jenkins/workspace/ECP/ecg-maya-hydra/ecg-maya-hydra-branch-preflight-python3-linux/install/RelWithDebInfo/MayaHydra/lib/maya/mayaHydra.so" to "$ORIGIN/../../../../../../../../../../../../home/S/jenkins/workspace/shared/Artifactory/Linux/USD/13e6029/lib:$ORIGIN/..:/local/S/jenkins/workspace/shared/Artifactory/Linux/rundev-master/202311060140/runtime/33fa670/devkitBase/devkit/ufe/lib:/local/S/jenkins/workspace/shared/Artifactory/Linux/USD/13e6029/lib:/local/S/jenkins/workspace/shared/Artifactory/Linux/rundev-master/202311060140/runtime/33fa670/runTime/lib"
[2023-11-10T17:20:15.375Z]     -- Set runtime path of "/local/S/jenkins/workspace/ECP/ecg-maya-hydra/ecg-maya-hydra-branch-preflight-python3-linux/install/RelWithDebInfo/MayaHydra/lib/libmayaHydraLib.so" to ""
[2023-11-10T17:20:15.375Z]     -- Set runtime path of "/local/S/jenkins/workspace/ECP/ecg-maya-hydra/ecg-maya-hydra-branch-preflight-python3-linux/install/RelWithDebInfo/MayaHydra/lib/libufeExtensions.so" to ""
[2023-11-10T17:20:15.375Z]     -- Set runtime path of "/local/S/jenkins/workspace/ECP/ecg-maya-hydra/ecg-maya-hydra-branch-preflight-python3-linux/install/RelWithDebInfo/MayaHydra/lib/libflowViewport.so" to ""
[2023-11-10T17:20:15.375Z]     -- Set runtime path of "/local/S/jenkins/workspace/ECP/ecg-maya-hydra/ecg-maya-hydra-branch-preflight-python3-linux/install/RelWithDebInfo/MayaHydra/lib/libadskHydraSceneBrowser.so" to ""
[2023-11-10T17:20:15.376Z]     -- Set runtime path of "/local/S/jenkins/workspace/ECP/ecg-maya-hydra/ecg-maya-hydra-branch-preflight-python3-linux/install/RelWithDebInfo/MayaHydra/lib/libadskHydraSceneBrowserTesting.so" to "$ORIGIN/gtest:/local/S/jenkins/workspace/shared/Artifactory/Linux/USD/13e6029/lib:/local/S/jenkins/workspace/shared/Artifactory/Linux/rundev-master/202311060140/runtime/33fa670/devkitBase/Qt/lib"
[2023-11-10T17:20:15.376Z]     -- Set runtime path of "/local/S/jenkins/workspace/ECP/ecg-maya-hydra/ecg-maya-hydra-branch-preflight-python3-linux/install/RelWithDebInfo/MayaHydra/lib/maya/mayaHydraSceneBrowser.so" to "$ORIGIN/..:/local/S/jenkins/workspace/shared/Artifactory/Linux/USD/13e6029/lib:/local/S/jenkins/workspace/shared/Artifactory/Linux/rundev-master/202311060140/runtime/33fa670/devkitBase/devkit/ufe/lib:/local/S/jenkins/workspace/shared/Artifactory/Linux/rundev-master/202311060140/runtime/33fa670/devkitBase/Qt/lib:/local/S/jenkins/workspace/shared/Artifactory/Linux/rundev-master/202311060140/runtime/33fa670/runTime/lib"
[2023-11-10T17:20:15.376Z]     -- Set runtime path of "/local/S/jenkins/workspace/ECP/ecg-maya-hydra/ecg-maya-hydra-branch-preflight-python3-linux/install/RelWithDebInfo/MayaHydra/lib/maya/mayaHydraSceneBrowserTest.so" to "$ORIGIN/..:$ORIGIN/../gtest:/local/S/jenkins/workspace/shared/Artifactory/Linux/USD/13e6029/lib:/local/S/jenkins/workspace/shared/Artifactory/Linux/rundev-master/202311060140/runtime/33fa670/devkitBase/Qt/lib:/local/S/jenkins/workspace/shared/Artifactory/Linux/rundev-master/202311060140/runtime/33fa670/devkitBase/devkit/ufe/lib:/local/S/jenkins/workspace/shared/Artifactory/Linux/rundev-master/202311060140/runtime/33fa670/runTime/lib"
[2023-11-10T17:20:15.376Z]     
[2023-11-10T17:20:15.376Z]         Building with settings:
[2023-11-10T17:20:15.376Z]           Source directory          /home/S/jenkins/workspace/ECP/ecg-maya-hydra/ecg-maya-hydra-branch-preflight-python3-linux/ecg-maya-hydra/maya-hydra
[2023-11-10T17:20:15.376Z]           Workspace directory       /local/S/jenkins/workspace/ECP/ecg-maya-hydra/ecg-maya-hydra-branch-preflight-python3-linux
[2023-11-10T17:20:15.376Z]           Build directory           /local/S/jenkins/workspace/ECP/ecg-maya-hydra/ecg-maya-hydra-branch-preflight-python3-linux/build/RelWithDebInfo
[2023-11-10T17:20:15.376Z]           Install directory         /local/S/jenkins/workspace/ECP/ecg-maya-hydra/ecg-maya-hydra-branch-preflight-python3-linux/install/RelWithDebInfo/MayaHydra
[2023-11-10T17:20:15.376Z]           Variant                   RelWithDebInfo
[2023-11-10T17:20:15.376Z]           Python Debug              Off
[2023-11-10T17:20:15.376Z]           CMake generator           Ninja
[2023-11-10T17:20:15.376Z]           Build arguments           ['-DCMAKE_MAKE_PROGRAM=/local/S/jenkins/workspace/shared/Artifactory/Linux/ninja/1.10.2/9ab399b/ninja', '-DPYTHON_INCLUDE_DIR=/local/S/jenkins/workspace/shared/Artifactory/Linux/rundev-master/202311060140/runtime/33fa670/runTime/include/Python310/Python', '-DPython_EXECUTABLE=/local/S/jenkins/workspace/shared/Artifactory/Linux/rundev-master/202311060140/runtime/33fa670/runTime/bin/mayapy', '-DPYTHON_LIBRARIES=/local/S/jenkins/workspace/shared/Artifactory/Linux/rundev-master/202311060140/runtime/33fa670/runTime/lib/libpython3.10.so.1.0', '-DBUILD_WITH_PYTHON_3=ON', '-DBUILD_WITH_PYTHON_3_VERSION=3.10', '-DCMAKE_WANT_MATERIALX_BUILD=ON', '-DCMAKE_PREFIX_PATH=/local/S/jenkins/workspace/shared/Artifactory/Linux/USD/13e6029']
[2023-11-10T17:20:15.376Z]           Stages arguments          ['install']
[2023-11-10T17:20:15.376Z]           CTest arguments           ['--parallel 16']
[2023-11-10T17:20:15.376Z]     Success MayaHydra build and install !!!!
[2023-11-10T17:20:15.376Z]     Elapsed time: 00:00:00
[Pipeline] }
[Pipeline] // withEnv
[Pipeline] }
[Pipeline] // timeout
[Pipeline] }
[Pipeline] // stage
[Pipeline] }
[Pipeline] // timestamps
[Pipeline] timestamps
[Pipeline] {
[Pipeline] stage
[Pipeline] { (Test)
[Pipeline] timeout
[2023-11-10T17:20:15.734Z] Timeout set to expire in 6 hr 0 min
[Pipeline] {
[Pipeline] withEnv
[Pipeline] {
[Pipeline] sh
[2023-11-10T17:20:17.161Z] + scl enable gcc-toolset-11 -
[2023-11-10T17:20:17.161Z] + '[' enable = load -o enable = unload ']'
[2023-11-10T17:20:17.161Z] + /usr/bin/scl enable gcc-toolset-11 -
[2023-11-10T17:20:17.161Z] python ecg-maya-hydra/build.py --stages=test --workspace-dir=/local/S/jenkins/workspace/ECP/ecg-maya-hydra/ecg-maya-hydra-branch-preflight-python3-linux --artifactory-dir=/local/S/jenkins/workspace/shared/Artifactory --build-dir=/local/S/jenkins/workspace/ECP/ecg-maya-hydra/ecg-maya-hydra-branch-preflight-python3-linux/build --install-dir=/local/S/jenkins/workspace/ECP/ecg-maya-hydra/ecg-maya-hydra-branch-preflight-python3-linux/install --signing-dir=/local/S/jenkins/workspace/ECP/ecg-maya-hydra/ecg-maya-hydra-branch-preflight-python3-linux/signing --package-dir=/local/S/jenkins/workspace/ECP/ecg-maya-hydra/ecg-maya-hydra-branch-preflight-python3-linux/package --output-dir=/local/S/jenkins/workspace/ECP/ecg-maya-hydra/ecg-maya-hydra-branch-preflight-python3-linux/output --stash-dir=/local/S/jenkins/workspace/ECP/ecg-maya-hydra/ecg-maya-hydra-branch-preflight-python3-linux/stash --jenkins-build=380 --git-commit=d494b7bf36c921c5620c0010b361b42c2d02bc71 --git-branch=master --variants=RelWithDebInfo --interactive-tests=true --post-zips=false --osx-binary-architecture-target=ub2 --osx-deployment-target=11.0 --osx-base-sdk=CurrentActiveSDK --test-jobs=0 --failed-test-retry=3 --maya-cut-config=maya-rundev-master.yaml --maya-package=rundev-master --stage-banner --progressive-timeout
[2023-11-10T17:20:17.161Z] Using Maya cut from /local/S/jenkins/workspace/shared/Artifactory/Linux/rundev-master/202311060140/runtime/33fa670
[2023-11-10T17:20:17.161Z] 
[2023-11-10T17:20:17.161Z] ================================================================================
[2023-11-10T17:20:17.161Z]                              test (RelWithDebInfo)
[2023-11-10T17:20:17.161Z] ================================================================================
[2023-11-10T17:20:17.161Z] Maya Python RelWithDebInfo Info:
[2023-11-10T17:20:17.161Z]   mayapy executable   = /local/S/jenkins/workspace/shared/Artifactory/Linux/rundev-master/202311060140/runtime/33fa670/runTime/bin/mayapy
[2023-11-10T17:20:17.161Z]   Include Folder      = /local/S/jenkins/workspace/shared/Artifactory/Linux/rundev-master/202311060140/runtime/33fa670/runTime/include/Python310/Python
[2023-11-10T17:20:17.161Z]   Library             = /local/S/jenkins/workspace/shared/Artifactory/Linux/rundev-master/202311060140/runtime/33fa670/runTime/lib/libpython3.10.so.1.0
[2023-11-10T17:20:17.161Z]   site-package Folder = /local/S/jenkins/workspace/shared/Artifactory/Linux/rundev-master/202311060140/runtime/33fa670/runTime/lib/python3.10/site-packages
[2023-11-10T17:20:17.713Z] In workdir: /home/S/jenkins/workspace/ECP/ecg-maya-hydra/ecg-maya-hydra-branch-preflight-python3-linux/ecg-maya-hydra/maya-hydra
[2023-11-10T17:20:17.713Z] Executing: /local/S/jenkins/workspace/shared/Artifactory/Linux/rundev-master/202311060140/runtime/33fa670/runTime/bin/mayapy /home/S/jenkins/workspace/ECP/ecg-maya-hydra/ecg-maya-hydra-branch-preflight-python3-linux/ecg-maya-hydra/maya-hydra/build.py --generator Ninja --build-relwithdebug --maya-location /local/S/jenkins/workspace/shared/Artifactory/Linux/rundev-master/202311060140/runtime/33fa670/runTime --devkit-location /local/S/jenkins/workspace/shared/Artifactory/Linux/rundev-master/202311060140/runtime/33fa670/devkitBase --pxrusd-location /local/S/jenkins/workspace/shared/Artifactory/Linux/USD/13e6029 --build-args=-DCMAKE_MAKE_PROGRAM=/local/S/jenkins/workspace/shared/Artifactory/Linux/ninja/1.10.2/9ab399b/ninja,-DPYTHON_INCLUDE_DIR=/local/S/jenkins/workspace/shared/Artifactory/Linux/rundev-master/202311060140/runtime/33fa670/runTime/include/Python310/Python,-DPython_EXECUTABLE=/local/S/jenkins/workspace/shared/Artifactory/Linux/rundev-master/202311060140/runtime/33fa670/runTime/bin/mayapy,-DPYTHON_LIBRARIES=/local/S/jenkins/workspace/shared/Artifactory/Linux/rundev-master/202311060140/runtime/33fa670/runTime/lib/libpython3.10.so.1.0,-DBUILD_WITH_PYTHON_3=ON,-DBUILD_WITH_PYTHON_3_VERSION=3.10,-DCMAKE_WANT_MATERIALX_BUILD=ON,-DCMAKE_PREFIX_PATH=/local/S/jenkins/workspace/shared/Artifactory/Linux/USD/13e6029 '--ctest-args=--parallel 16' --stages=test --redirect-outstream-file=False --install-location /local/S/jenkins/workspace/ECP/ecg-maya-hydra/ecg-maya-hydra-branch-preflight-python3-linux/install/RelWithDebInfo/MayaHydra /local/S/jenkins/workspace/ECP/ecg-maya-hydra/ecg-maya-hydra-branch-preflight-python3-linux
[2023-11-10T17:20:17.713Z] Modified environment variables:
[2023-11-10T17:20:17.713Z]     LD_LIBRARY_PATH=/opt/rh/gcc-toolset-11/root/usr/lib64:/opt/rh/gcc-toolset-11/root/usr/lib64:/opt/rh/gcc-toolset-11/root/usr/lib:/opt/rh/gcc-toolset-11/root/usr/lib64/dyninst:/opt/rh/gcc-toolset-11/root/usr/lib/dyninst
[2023-11-10T17:20:17.713Z]     PATH=/local/S/jenkins/workspace/shared/Artifactory/Linux/cmake/3.20.3/ab685d7/bin:/opt/rh/gcc-toolset-11/root/usr/bin:/home/administrator/.local/bin:/home/administrator/bin:/usr/share/Modules/bin:/usr/local/bin:/usr/local/sbin:/usr/bin:/usr/sbin
[2023-11-10T17:20:17.713Z]     Test project /home/S/jenkins/workspace/ECP/ecg-maya-hydra/ecg-maya-hydra-branch-preflight-python3-linux/build/RelWithDebInfo
[2023-11-10T17:20:17.713Z]           Start  1: _Interactive_Maya
[2023-11-10T17:20:17.713Z]      1/18 Test  #1: _Interactive_Maya ...........................***Not Run (Disabled)   0.00 sec
[2023-11-10T17:20:17.713Z]           Start  2: testImageDiffing
[2023-11-10T17:20:17.713Z]           Start  3: testMtohCommand
[2023-11-10T17:20:17.713Z]           Start  4: testMeshes
[2023-11-10T17:20:17.714Z]           Start  5: testNamespaces
[2023-11-10T17:20:17.714Z]           Start  6: testVisibility
[2023-11-10T17:20:17.714Z]           Start  7: testRendererSwitching
[2023-11-10T17:20:17.714Z]           Start  8: testSceneBrowser
[2023-11-10T17:20:17.714Z]           Start  9: testStageAddPrim
[2023-11-10T17:20:17.714Z]           Start 10: testNewSceneWithStage
[2023-11-10T17:20:17.714Z]           Start 11: testColorPreferences
[2023-11-10T17:20:17.714Z]           Start 12: testCppFramework
[2023-11-10T17:20:17.714Z]           Start 13: testMayaSceneFlattening
[2023-11-10T17:20:17.714Z]           Start 14: testMayaUsdUfeItems
[2023-11-10T17:20:17.714Z]           Start 15: testMergingSceneIndex
[2023-11-10T17:20:17.714Z]           Start 16: testSelectionSceneIndex
[2023-11-10T17:20:17.714Z]           Start 17: testWireframeSelectionHighlightSceneIndex
[2023-11-10T17:20:28.975Z]      2/18 Test  #8: testSceneBrowser ............................   Passed    9.66 sec
[2023-11-10T17:20:28.975Z]           Start 18: testMeshes_meshAdapter
[2023-11-10T17:20:28.975Z]      3/18 Test  #3: testMtohCommand .............................   Passed    9.80 sec
[2023-11-10T17:20:28.975Z]      4/18 Test #15: testMergingSceneIndex .......................   Passed    9.98 sec
[2023-11-10T17:20:28.975Z]      5/18 Test #14: testMayaUsdUfeItems .........................   Passed   10.11 sec
[2023-11-10T17:20:28.975Z]      6/18 Test #12: testCppFramework ............................   Passed   10.17 sec
[2023-11-10T17:20:28.975Z]      7/18 Test  #5: testNamespaces ..............................   Passed   10.24 sec
[2023-11-10T17:20:28.975Z]      8/18 Test  #9: testStageAddPrim ............................   Passed   10.64 sec
[2023-11-10T17:20:28.975Z]      9/18 Test  #7: testRendererSwitching .......................   Passed   10.70 sec
[2023-11-10T17:20:28.975Z]     10/18 Test #16: testSelectionSceneIndex .....................   Passed   10.75 sec
[2023-11-10T17:20:28.975Z]     11/18 Test #17: testWireframeSelectionHighlightSceneIndex ...   Passed   10.90 sec
[2023-11-10T17:20:28.975Z]     12/18 Test #10: testNewSceneWithStage .......................   Passed   10.97 sec
[2023-11-10T17:20:28.975Z]     13/18 Test #13: testMayaSceneFlattening .....................   Passed   11.02 sec
[2023-11-10T17:20:28.975Z]     14/18 Test  #4: testMeshes ..................................   Passed   11.08 sec
[2023-11-10T17:20:28.975Z]     15/18 Test #11: testColorPreferences ........................   Passed   11.12 sec
[2023-11-10T17:20:29.513Z]     16/18 Test  #2: testImageDiffing ............................   Passed   11.49 sec
[2023-11-10T17:20:30.076Z]     17/18 Test  #6: testVisibility ..............................   Passed   12.15 sec
[2023-11-10T17:20:35.484Z]     18/18 Test #18: testMeshes_meshAdapter ......................   Passed    7.29 sec
[2023-11-10T17:20:35.484Z]     
[2023-11-10T17:20:35.484Z]     100% tests passed, 0 tests failed out of 17
[2023-11-10T17:20:35.484Z]     
[2023-11-10T17:20:35.484Z]     Label Time Summary:
[2023-11-10T17:20:35.484Z]     Debugging      =   0.00 sec*proc (1 test)
[2023-11-10T17:20:35.484Z]     interactive    = 178.07 sec*proc (17 tests)
[2023-11-10T17:20:35.484Z]     mayaHydra      = 178.07 sec*proc (17 tests)
[2023-11-10T17:20:35.484Z]     
[2023-11-10T17:20:35.484Z]     Total Test time (real) =  16.96 sec
[2023-11-10T17:20:35.484Z]     
[2023-11-10T17:20:35.484Z]     The following tests did not run:
[2023-11-10T17:20:35.484Z]     	  1 - _Interactive_Maya (Disabled)
[2023-11-10T17:20:35.484Z]     
[2023-11-10T17:20:35.484Z]         Building with settings:
[2023-11-10T17:20:35.484Z]           Source directory          /home/S/jenkins/workspace/ECP/ecg-maya-hydra/ecg-maya-hydra-branch-preflight-python3-linux/ecg-maya-hydra/maya-hydra
[2023-11-10T17:20:35.484Z]           Workspace directory       /local/S/jenkins/workspace/ECP/ecg-maya-hydra/ecg-maya-hydra-branch-preflight-python3-linux
[2023-11-10T17:20:35.484Z]           Build directory           /local/S/jenkins/workspace/ECP/ecg-maya-hydra/ecg-maya-hydra-branch-preflight-python3-linux/build/RelWithDebInfo
[2023-11-10T17:20:35.484Z]           Install directory         /local/S/jenkins/workspace/ECP/ecg-maya-hydra/ecg-maya-hydra-branch-preflight-python3-linux/install/RelWithDebInfo/MayaHydra
[2023-11-10T17:20:35.484Z]           Variant                   RelWithDebInfo
[2023-11-10T17:20:35.484Z]           Python Debug              Off
[2023-11-10T17:20:35.484Z]           CMake generator           Ninja
[2023-11-10T17:20:35.484Z]           Build arguments           ['-DCMAKE_MAKE_PROGRAM=/local/S/jenkins/workspace/shared/Artifactory/Linux/ninja/1.10.2/9ab399b/ninja', '-DPYTHON_INCLUDE_DIR=/local/S/jenkins/workspace/shared/Artifactory/Linux/rundev-master/202311060140/runtime/33fa670/runTime/include/Python310/Python', '-DPython_EXECUTABLE=/local/S/jenkins/workspace/shared/Artifactory/Linux/rundev-master/202311060140/runtime/33fa670/runTime/bin/mayapy', '-DPYTHON_LIBRARIES=/local/S/jenkins/workspace/shared/Artifactory/Linux/rundev-master/202311060140/runtime/33fa670/runTime/lib/libpython3.10.so.1.0', '-DBUILD_WITH_PYTHON_3=ON', '-DBUILD_WITH_PYTHON_3_VERSION=3.10', '-DCMAKE_WANT_MATERIALX_BUILD=ON', '-DCMAKE_PREFIX_PATH=/local/S/jenkins/workspace/shared/Artifactory/Linux/USD/13e6029']
[2023-11-10T17:20:35.484Z]           Stages arguments          ['test']
[2023-11-10T17:20:35.484Z]           CTest arguments           ['--parallel 16']
[2023-11-10T17:20:35.484Z]     Success running MayaHydra tests !!!!
[Pipeline] }
[Pipeline] // withEnv
[Pipeline] }
[Pipeline] // timeout
[Pipeline] }
[Pipeline] // stage
[Pipeline] }
[Pipeline] // timestamps
[Pipeline] timestamps
[Pipeline] {
[Pipeline] stage
[Pipeline] { (Cleanup)
[Pipeline] timeout
[2023-11-10T17:20:35.839Z] Timeout set to expire in 6 hr 0 min
[Pipeline] {
[Pipeline] withEnv
[Pipeline] {
[Pipeline] sh
[2023-11-10T17:20:37.211Z] + scl enable gcc-toolset-11 -
[2023-11-10T17:20:37.211Z] + '[' enable = load -o enable = unload ']'
[2023-11-10T17:20:37.211Z] + /usr/bin/scl enable gcc-toolset-11 -
[2023-11-10T17:20:37.212Z] python ecg-maya-hydra/build.py --stages=cleanup --workspace-dir=/local/S/jenkins/workspace/ECP/ecg-maya-hydra/ecg-maya-hydra-branch-preflight-python3-linux --artifactory-dir=/local/S/jenkins/workspace/shared/Artifactory --build-dir=/local/S/jenkins/workspace/ECP/ecg-maya-hydra/ecg-maya-hydra-branch-preflight-python3-linux/build --install-dir=/local/S/jenkins/workspace/ECP/ecg-maya-hydra/ecg-maya-hydra-branch-preflight-python3-linux/install --signing-dir=/local/S/jenkins/workspace/ECP/ecg-maya-hydra/ecg-maya-hydra-branch-preflight-python3-linux/signing --package-dir=/local/S/jenkins/workspace/ECP/ecg-maya-hydra/ecg-maya-hydra-branch-preflight-python3-linux/package --output-dir=/local/S/jenkins/workspace/ECP/ecg-maya-hydra/ecg-maya-hydra-branch-preflight-python3-linux/output --stash-dir=/local/S/jenkins/workspace/ECP/ecg-maya-hydra/ecg-maya-hydra-branch-preflight-python3-linux/stash --jenkins-build=380 --git-commit=d494b7bf36c921c5620c0010b361b42c2d02bc71 --git-branch=master --variants=Debug --interactive-tests=true --post-zips=false --osx-binary-architecture-target=ub2 --osx-deployment-target=11.0 --osx-base-sdk=CurrentActiveSDK --maya-cut-config=maya-rundev-master-debug.yaml --maya-package=rundev-master-debug --stage-banner
[2023-11-10T17:20:37.212Z] Using Maya cut from /local/S/jenkins/workspace/shared/Artifactory/Linux/rundev-master-debug/202310260154/runtime/7d60df0
[2023-11-10T17:20:37.212Z] 
[2023-11-10T17:20:37.212Z] ================================================================================
[2023-11-10T17:20:37.212Z]                                cleanup (Finalize)
[2023-11-10T17:20:37.212Z] ================================================================================
[2023-11-10T17:20:37.212Z] Cleaning up workspace
[2023-11-10T17:20:37.212Z] Removing directory: /local/S/jenkins/workspace/ECP/ecg-maya-hydra/ecg-maya-hydra-branch-preflight-python3-linux/build
[2023-11-10T17:20:37.748Z] Removing directory: /local/S/jenkins/workspace/ECP/ecg-maya-hydra/ecg-maya-hydra-branch-preflight-python3-linux/install
[Pipeline] sh
[2023-11-10T17:20:39.338Z] + scl enable gcc-toolset-11 -
[2023-11-10T17:20:39.338Z] + '[' enable = load -o enable = unload ']'
[2023-11-10T17:20:39.338Z] + /usr/bin/scl enable gcc-toolset-11 -
[2023-11-10T17:20:39.338Z] python ecg-maya-hydra/build.py --stages=cleanup --workspace-dir=/local/S/jenkins/workspace/ECP/ecg-maya-hydra/ecg-maya-hydra-branch-preflight-python3-linux --artifactory-dir=/local/S/jenkins/workspace/shared/Artifactory --build-dir=/local/S/jenkins/workspace/ECP/ecg-maya-hydra/ecg-maya-hydra-branch-preflight-python3-linux/build --install-dir=/local/S/jenkins/workspace/ECP/ecg-maya-hydra/ecg-maya-hydra-branch-preflight-python3-linux/install --signing-dir=/local/S/jenkins/workspace/ECP/ecg-maya-hydra/ecg-maya-hydra-branch-preflight-python3-linux/signing --package-dir=/local/S/jenkins/workspace/ECP/ecg-maya-hydra/ecg-maya-hydra-branch-preflight-python3-linux/package --output-dir=/local/S/jenkins/workspace/ECP/ecg-maya-hydra/ecg-maya-hydra-branch-preflight-python3-linux/output --stash-dir=/local/S/jenkins/workspace/ECP/ecg-maya-hydra/ecg-maya-hydra-branch-preflight-python3-linux/stash --jenkins-build=380 --git-commit=d494b7bf36c921c5620c0010b361b42c2d02bc71 --git-branch=master --variants=RelWithDebInfo --interactive-tests=true --post-zips=false --osx-binary-architecture-target=ub2 --osx-deployment-target=11.0 --osx-base-sdk=CurrentActiveSDK --maya-cut-config=maya-rundev-master.yaml --maya-package=rundev-master --stage-banner
[2023-11-10T17:20:39.338Z] Using Maya cut from /local/S/jenkins/workspace/shared/Artifactory/Linux/rundev-master/202311060140/runtime/33fa670
[2023-11-10T17:20:39.338Z] 
[2023-11-10T17:20:39.338Z] ================================================================================
[2023-11-10T17:20:39.338Z]                                cleanup (Finalize)
[2023-11-10T17:20:39.338Z] ================================================================================
[2023-11-10T17:20:39.338Z] Cleaning up workspace
[Pipeline] }
[Pipeline] // withEnv
[Pipeline] }
[Pipeline] // timeout
[Pipeline] }
[Pipeline] // stage
[Pipeline] }
[Pipeline] // timestamps
[Pipeline] }
[Pipeline] // node
[Pipeline] End of Pipeline
[2023-11-10T17:20:39.724Z] sh: line 1: 609659 Terminated              sleep 3
[Checks API] No suitable checks publisher found.
Finished: SUCCESS
