[2023-11-13T21:00:03.327Z] ================================================================================
[2023-11-13T21:00:03.327Z]                                  setup (Debug)
[2023-11-13T21:00:03.327Z] ================================================================================
[2023-11-13T21:00:03.327Z] Installing license file 'melicense.lic'.
[Pipeline] bat
[2023-11-13T21:00:03.950Z] Deleting alias drive W:
[Pipeline] bat
[2023-11-13T21:00:04.574Z] Deleting alias drive P:
[Pipeline] bat
[2023-11-13T21:00:05.242Z] Creating alias drive P: to S:\jenkins\workspace
[Pipeline] bat
[2023-11-13T21:00:05.884Z] Creating alias drive W: to S:\jenkins\workspace\ECP\ecg-maya-hydra\ecg-maya-hydra-branch-preflight-python3-windows
[Pipeline] bat
[2023-11-13T21:00:06.896Z] "C:\Program Files\Microsoft Visual Studio\2022\Professional\VC\Auxiliary\Build\vcvarsall.bat" x64
[2023-11-13T21:00:06.896Z] **********************************************************************
[2023-11-13T21:00:06.896Z] ** Visual Studio 2022 Developer Command Prompt v17.3.2
[2023-11-13T21:00:06.896Z] ** Copyright (c) 2022 Microsoft Corporation
[2023-11-13T21:00:06.896Z] **********************************************************************
[2023-11-13T21:00:08.074Z] [vcvarsall.bat] Environment initialized for: 'x64'
[2023-11-13T21:00:08.074Z] python ecg-maya-hydra/build.py --stages=setup --workspace-dir=W:\ --artifactory-dir=P:\shared\Artifactory --build-dir=W:\build --install-dir=W:\install --signing-dir=W:\signing --package-dir=W:\package --output-dir=W:\output --stash-dir=W:\stash --jenkins-build=389 --git-commit=4fe99ace41393792dbfde32b706541f5894d5ee3 --git-branch=master --variants=RelWithDebInfo --interactive-tests=true --post-zips=false --osx-binary-architecture-target=ub2 --osx-deployment-target=11.0 --osx-base-sdk=CurrentActiveSDK --extra-license-file=ecg-maya-hydra/jenkins-o03-cot/melicense.lic --prune-versions=3 --prune-revisions=3 --maya-cut-config=maya-rundev-master.yaml --maya-package=rundev-master --stage-banner --prune-artifacts --force-pruning
[2023-11-13T21:00:09.254Z] Getting rundev-master download URL from Maya SHA-1 hash
[2023-11-13T21:00:09.254Z] Finding Artifactory servers response times
[2023-11-13T21:00:11.563Z] [VERBOSE] Start loading URL (CURL): https://art-bobcat.autodesk.com/artifactory/api/system/ping
[2023-11-13T21:00:11.563Z] [DEBUG] Running: C:\WINDOWS\system32\curl.exe -s -X GET --keepalive-time 10 --connect-timeout 60 --speed-limit 10000 --speed-time 120 --max-time 1800 --retry 5 --retry-max-time 2400 -H Connection:close https://art-bobcat.autodesk.com/artifactory/api/system/ping
[2023-11-13T21:00:11.563Z] [DEBUG] Output:
[2023-11-13T21:00:11.563Z] OK
[2023-11-13T21:00:11.563Z] [VERBOSE] End loading URL (CURL): https://art-bobcat.autodesk.com/artifactory/api/system/ping
[2023-11-13T21:00:11.563Z] [VERBOSE] Start loading URL (CURL): https://art-marmotte.autodesk.com/artifactory/api/system/ping
[2023-11-13T21:00:11.563Z] [DEBUG] Running: C:\WINDOWS\system32\curl.exe -s -X GET --keepalive-time 10 --connect-timeout 60 --speed-limit 10000 --speed-time 120 --max-time 1800 --retry 5 --retry-max-time 2400 -H Connection:close https://art-marmotte.autodesk.com/artifactory/api/system/ping
[2023-11-13T21:00:11.563Z] [DEBUG] Output:
[2023-11-13T21:00:11.563Z] OK
[2023-11-13T21:00:11.563Z] [VERBOSE] End loading URL (CURL): https://art-marmotte.autodesk.com/artifactory/api/system/ping
[2023-11-13T21:00:11.903Z] [VERBOSE] Start loading URL (CURL): https://art-bear.autodesk.com/artifactory/api/system/ping
[2023-11-13T21:00:11.903Z] [DEBUG] Running: C:\WINDOWS\system32\curl.exe -s -X GET --keepalive-time 10 --connect-timeout 60 --speed-limit 10000 --speed-time 120 --max-time 1800 --retry 5 --retry-max-time 2400 -H Connection:close https://art-bear.autodesk.com/artifactory/api/system/ping
[2023-11-13T21:00:11.903Z] [DEBUG] Output:
[2023-11-13T21:00:11.903Z] OK
[2023-11-13T21:00:11.903Z] [VERBOSE] End loading URL (CURL): https://art-bear.autodesk.com/artifactory/api/system/ping
[2023-11-13T21:00:11.903Z] [VERBOSE] Start loading URL (CURL): https://art-bobcat.autodesk.com/artifactory/api/search/checksum?repos=autodesk-3p-generic,adsk-build-tools-generic,team-ecg-generic,team-maya-generic,oss-stg-generic&sha1=1cbda2fc236e88e5c132daa7c59dc6ac3046350c
[2023-11-13T21:00:11.903Z] [DEBUG] Running: C:\WINDOWS\system32\curl.exe -s -X GET --keepalive-time 10 --connect-timeout 60 --speed-limit 10000 --speed-time 120 --max-time 1800 --retry 5 --retry-max-time 2400 -H Connection:close -H Authorization:Basic ZWNnYmlmcm9zdDpvcGUqKjAw https://art-bobcat.autodesk.com/artifactory/api/search/checksum?repos=autodesk-3p-generic,adsk-build-tools-generic,team-ecg-generic,team-maya-generic,oss-stg-generic&sha1=1cbda2fc236e88e5c132daa7c59dc6ac3046350c
[2023-11-13T21:00:11.903Z] [DEBUG] Output:
[2023-11-13T21:00:11.903Z] {
[2023-11-13T21:00:11.903Z]   "results" : [ {
[2023-11-13T21:00:11.903Z]     "uri" : "https://art-bobcat.autodesk.com:443/artifactory/api/storage/team-maya-generic/Maya/master/px64/2023-11-06-01-40_068e1a5022/202311060140-068e1a5022-RUNDEV.zip"
[2023-11-13T21:00:11.903Z]   } ]
[2023-11-13T21:00:11.903Z] }
[2023-11-13T21:00:11.903Z] [VERBOSE] End loading URL (CURL): https://art-bobcat.autodesk.com/artifactory/api/search/checksum?repos=autodesk-3p-generic,adsk-build-tools-generic,team-ecg-generic,team-maya-generic,oss-stg-generic&sha1=1cbda2fc236e88e5c132daa7c59dc6ac3046350c
[2023-11-13T21:00:11.903Z] [VERBOSE] Start loading URL (CURL): https://art-bobcat.autodesk.com:443/artifactory/api/storage/team-maya-generic/Maya/master/px64/2023-11-06-01-40_068e1a5022/202311060140-068e1a5022-RUNDEV.zip
[2023-11-13T21:00:11.903Z] [DEBUG] Running: C:\WINDOWS\system32\curl.exe -s -X GET --keepalive-time 10 --connect-timeout 60 --speed-limit 10000 --speed-time 120 --max-time 1800 --retry 5 --retry-max-time 2400 -H Connection:close -H Authorization:Basic ZWNnYmlmcm9zdDpvcGUqKjAw https://art-bobcat.autodesk.com:443/artifactory/api/storage/team-maya-generic/Maya/master/px64/2023-11-06-01-40_068e1a5022/202311060140-068e1a5022-RUNDEV.zip
[2023-11-13T21:00:11.903Z] [DEBUG] Output:
[2023-11-13T21:00:11.903Z] {
[2023-11-13T21:00:11.903Z]   "repo" : "team-maya-generic",
[2023-11-13T21:00:11.903Z]   "path" : "/Maya/master/px64/2023-11-06-01-40_068e1a5022/202311060140-068e1a5022-RUNDEV.zip",
[2023-11-13T21:00:11.903Z]   "created" : "2023-11-06T03:57:20.399-08:00",
[2023-11-13T21:00:11.903Z]   "createdBy" : "svc_p_mescm",
[2023-11-13T21:00:11.903Z]   "lastModified" : "2023-11-06T03:51:15.132-08:00",
[2023-11-13T21:00:11.903Z]   "modifiedBy" : "svc_p_mescm",
[2023-11-13T21:00:11.903Z]   "lastUpdated" : "2023-11-06T03:57:20.400-08:00",
[2023-11-13T21:00:11.903Z]   "downloadUri" : "https://art-bobcat.autodesk.com:443/artifactory/team-maya-generic/Maya/master/px64/2023-11-06-01-40_068e1a5022/202311060140-068e1a5022-RUNDEV.zip",
[2023-11-13T21:00:11.903Z]   "mimeType" : "application/zip",
[2023-11-13T21:00:11.903Z]   "size" : "2587351375",
[2023-11-13T21:00:11.903Z]   "checksums" : {
[2023-11-13T21:00:11.903Z]     "sha1" : "1cbda2fc236e88e5c132daa7c59dc6ac3046350c",
[2023-11-13T21:00:11.903Z]     "md5" : "ee839e72ff4822c38c086e8cc45884de",
[2023-11-13T21:00:11.903Z]     "sha256" : "554e1734b6ab61a8a047de80c11f3ce0606416e84895edd6f4c347f02f8ecec8"
[2023-11-13T21:00:11.903Z]   },
[2023-11-13T21:00:11.903Z]   "originalChecksums" : {
[2023-11-13T21:00:11.903Z]     "sha1" : "1cbda2fc236e88e5c132daa7c59dc6ac3046350c",
[2023-11-13T21:00:11.903Z]     "md5" : "ee839e72ff4822c38c086e8cc45884de",
[2023-11-13T21:00:11.903Z]     "sha256" : "554e1734b6ab61a8a047de80c11f3ce0606416e84895edd6f4c347f02f8ecec8"
[2023-11-13T21:00:11.903Z]   },
[2023-11-13T21:00:11.903Z]   "uri" : "https://art-bobcat.autodesk.com:443/artifactory/api/storage/team-maya-generic/Maya/master/px64/2023-11-06-01-40_068e1a5022/202311060140-068e1a5022-RUNDEV.zip"
[2023-11-13T21:00:11.903Z] }
[2023-11-13T21:00:11.903Z] [VERBOSE] End loading URL (CURL): https://art-bobcat.autodesk.com:443/artifactory/api/storage/team-maya-generic/Maya/master/px64/2023-11-06-01-40_068e1a5022/202311060140-068e1a5022-RUNDEV.zip
[2023-11-13T21:00:11.903Z] Using Maya cut from P:\shared\Artifactory\Windows\rundev-master\202311060140\runtime\1cbda2f
[2023-11-13T21:00:11.903Z] Using Maya ADSK Signatures from P:\shared\Artifactory\Windows\adsk-plugin-signatures-maya\2023\3ae1ae7
[2023-11-13T21:00:11.903Z] Using Maya Security Library from P:\shared\Artifactory\Windows\maya-security-library\3.4.0\284407f
[2023-11-13T21:00:11.903Z] 
[2023-11-13T21:00:11.903Z] ================================================================================
[2023-11-13T21:00:11.903Z]                              setup (RelWithDebInfo)
[2023-11-13T21:00:11.903Z] ================================================================================
[2023-11-13T21:00:11.903Z] Installing license file 'melicense.lic'.
[Pipeline] bat
[2023-11-13T21:00:12.527Z] Deleting alias drive W:
[Pipeline] bat
[2023-11-13T21:00:13.146Z] Deleting alias drive P:
[Pipeline] }
[Pipeline] // withEnv
[Pipeline] }
[Pipeline] // timeout
[Pipeline] }
[Pipeline] // stage
[Pipeline] }
[Pipeline] // timestamps
[Pipeline] timestamps
[Pipeline] {
[Pipeline] stage
[Pipeline] { (Clean)
[Pipeline] timeout
[2023-11-13T21:00:13.437Z] Timeout set to expire in 6 hr 0 min
[Pipeline] {
[Pipeline] withEnv
[Pipeline] {
[Pipeline] bat
[2023-11-13T21:00:14.088Z] Creating alias drive P: to S:\jenkins\workspace
[Pipeline] bat
[2023-11-13T21:00:14.742Z] Creating alias drive W: to S:\jenkins\workspace\ECP\ecg-maya-hydra\ecg-maya-hydra-branch-preflight-python3-windows
[Pipeline] bat
[2023-11-13T21:00:15.849Z] "C:\Program Files\Microsoft Visual Studio\2022\Professional\VC\Auxiliary\Build\vcvarsall.bat" x64
[2023-11-13T21:00:15.849Z] **********************************************************************
[2023-11-13T21:00:15.849Z] ** Visual Studio 2022 Developer Command Prompt v17.3.2
[2023-11-13T21:00:15.849Z] ** Copyright (c) 2022 Microsoft Corporation
[2023-11-13T21:00:15.849Z] **********************************************************************
[2023-11-13T21:00:17.548Z] [vcvarsall.bat] Environment initialized for: 'x64'
[2023-11-13T21:00:17.548Z] python ecg-maya-hydra/build.py --stages=clean --workspace-dir=W:\ --artifactory-dir=P:\shared\Artifactory --build-dir=W:\build --install-dir=W:\install --signing-dir=W:\signing --package-dir=W:\package --output-dir=W:\output --stash-dir=W:\stash --jenkins-build=389 --git-commit=4fe99ace41393792dbfde32b706541f5894d5ee3 --git-branch=master --variants=Debug --interactive-tests=true --post-zips=false --osx-binary-architecture-target=ub2 --osx-deployment-target=11.0 --osx-base-sdk=CurrentActiveSDK --maya-cut-config=maya-rundev-master-debug.yaml --maya-package=rundev-master-debug --stage-banner
[2023-11-13T21:00:18.039Z] Using Maya cut from P:\shared\Artifactory\Windows\rundev-master-debug\202310260154\runtime\2caf91a
[2023-11-13T21:00:18.039Z] Using Maya ADSK Signatures from P:\shared\Artifactory\Windows\adsk-plugin-signatures-maya\2023\3ae1ae7
[2023-11-13T21:00:18.039Z] Using Maya Security Library from P:\shared\Artifactory\Windows\maya-security-library\3.4.0\284407f
[2023-11-13T21:00:18.039Z] 
[2023-11-13T21:00:18.039Z] ================================================================================
[2023-11-13T21:00:18.039Z]                                  clean (Debug)
[2023-11-13T21:00:18.039Z] ================================================================================
[2023-11-13T21:00:18.039Z] Maya Python Debug Info:
[2023-11-13T21:00:18.039Z]   mayapy executable   = P:\shared\Artifactory\Windows\rundev-master-debug\202310260154\runtime\2caf91a\runTime\bin\mayapy.exe
[2023-11-13T21:00:18.039Z]   Include Folder      = P:\shared\Artifactory\Windows\rundev-master-debug\202310260154\runtime\2caf91a\runTime\include\Python310\Python
[2023-11-13T21:00:18.039Z]   Library             = P:\shared\Artifactory\Windows\rundev-master-debug\202310260154\runtime\2caf91a\runTime\lib\python310_d.lib
[2023-11-13T21:00:18.039Z]   site-package Folder = P:\shared\Artifactory\Windows\rundev-master-debug\202310260154\runtime\2caf91a\runTime\Python\Lib\site-packages
[2023-11-13T21:00:20.412Z] In workdir: S:\jenkins\workspace\ECP\ecg-maya-hydra\ecg-maya-hydra-branch-preflight-python3-windows\ecg-maya-hydra\maya-hydra
[2023-11-13T21:00:20.413Z] Executing: 'P:\\shared\\Artifactory\\Windows\\rundev-master-debug\\202310260154\\runtime\\2caf91a\\runTime\\bin\\mayapy.exe' 'S:\\jenkins\\workspace\\ECP\\ecg-maya-hydra\\ecg-maya-hydra-branch-preflight-python3-windows\\ecg-maya-hydra\\maya-hydra\\build.py' --generator Ninja --build-debug --maya-location 'P:\\shared\\Artifactory\\Windows\\rundev-master-debug\\202310260154\\runtime\\2caf91a\\runTime' --devkit-location 'P:\\shared\\Artifactory\\Windows\\rundev-master-debug\\202310260154\\runtime\\2caf91a\\devkitBase' --pxrusd-location 'P:\\shared\\Artifactory\\Windows\\USD\\972e371' '--build-args=-DCMAKE_MAKE_PROGRAM=P:/shared/Artifactory/Windows/ninja/1.10.2/ccacdf8/ninja.exe,-DPYTHON_INCLUDE_DIR=P:/shared/Artifactory/Windows/rundev-master-debug/202310260154/runtime/2caf91a/runTime/include/Python310/Python,-DPython_EXECUTABLE=P:/shared/Artifactory/Windows/rundev-master-debug/202310260154/runtime/2caf91a/runTime/bin/mayapy.exe,-DPYTHON_LIBRARIES=P:/shared/Artifactory/Windows/rundev-master-debug/202310260154/runtime/2caf91a/runTime/lib/python310_d.lib,-DBUILD_WITH_PYTHON_3=ON,-DBUILD_WITH_PYTHON_3_VERSION=3.10,-DCMAKE_WANT_MATERIALX_BUILD=ON,-DCMAKE_PREFIX_PATH=P:\\shared\\Artifactory\\Windows\\USD\\972e371' --debug-python '--ctest-args=--parallel 16' --stages=clean --redirect-outstream-file=False --install-location 'W:\\install\\Debug\\MayaHydra' 'W:\\'
[2023-11-13T21:00:20.413Z] Modified environment variables:
[2023-11-13T21:00:20.413Z]     PATH=P:\shared\Artifactory\Windows\cmake\3.20.3\afe857a\bin;C:\Python27\lib\site-packages\pywin32_system32;C:\Program Files\Microsoft Visual Studio\2022\Professional\VC\Tools\MSVC\14.33.31629\bin\HostX64\x64;C:\Program Files\Microsoft Visual Studio\2022\Professional\Common7\IDE\VC\VCPackages;C:\Program Files\Microsoft Visual Studio\2022\Professional\Common7\IDE\CommonExtensions\Microsoft\TestWindow;C:\Program Files\Microsoft Visual Studio\2022\Professional\Common7\IDE\CommonExtensions\Microsoft\TeamFoundation\Team Explorer;C:\Program Files\Microsoft Visual Studio\2022\Professional\MSBuild\Current\bin\Roslyn;C:\Program Files\Microsoft Visual Studio\2022\Professional\Team Tools\Performance Tools\x64;C:\Program Files\Microsoft Visual Studio\2022\Professional\Team Tools\Performance Tools;C:\Program Files (x86)\Microsoft Visual Studio\Shared\Common\VSPerfCollectionTools\vs2019\\x64;C:\Program Files (x86)\Microsoft Visual Studio\Shared\Common\VSPerfCollectionTools\vs2019\;C:\Program Files (x86)\Microsoft SDKs\Windows\v10.0A\bin\NETFX 4.8 Tools\x64\;C:\Program Files (x86)\HTML Help Workshop;C:\Program Files\Microsoft Visual Studio\2022\Professional\Common7\IDE\CommonExtensions\Microsoft\FSharp\Tools;C:\Program Files (x86)\Windows Kits\10\bin\10.0.19041.0\\x64;C:\Program Files (x86)\Windows Kits\10\bin\\x64;C:\Program Files\Microsoft Visual Studio\2022\Professional\\MSBuild\Current\Bin\amd64;C:\WINDOWS\Microsoft.NET\Framework64\v4.0.30319;C:\Program Files\Microsoft Visual Studio\2022\Professional\Common7\IDE\;C:\Program Files\Microsoft Visual Studio\2022\Professional\Common7\Tools\;C:\Python27\;C:\Python27\Scripts;C:\WINDOWS\system32;C:\WINDOWS;C:\WINDOWS\System32\Wbem;C:\WINDOWS\System32\WindowsPowerShell\v1.0\;C:\WINDOWS\System32\OpenSSH\;C:\ProgramData\chocolatey\bin;C:\Program Files (x86)\WiX Toolset v3.7\bin;C:\Program Files\dotnet\;C:\Program Files (x86)\Windows Kits\10\bin\10.0.18362.0\x64;C:\Program Files\Zulu\zulu-11\bin\;C:\Program Files (x86)\Windows Kits\10\bin\10.0.17763.0\x64;C:\Program Files (x86)\Windows Kits\10\bin\x64;C:\Program Files\Git\cmd;C:\Program Files\Git\usr\bin;C:\Program Files\Git\mingw64\bin;C:\Program Files\Git\bin;C:\Python38\;C:\Python38\Scripts;C:\StoreBoxClientWindows;C:\Program Files\Electric Cloud\ElectricCommander\bin;C:\Program Files\WinRAR;C:\Program Files\7-Zip;C:\Program Files (x86)\Windows Kits\10\bin\10.0.19041.0\x64;C:\Users\Administrator\AppData\Local\Microsoft\WindowsApps;C:\Users\Administrator\.dotnet\tools;C:\Program Files\Microsoft Visual Studio\2022\Professional\Common7\IDE\CommonExtensions\Microsoft\CMake\CMake\bin;C:\Program Files\Microsoft Visual Studio\2022\Professional\Common7\IDE\CommonExtensions\Microsoft\CMake\Ninja;C:\Program Files\Microsoft Visual Studio\2022\Professional\Common7\IDE\VC\Linux\bin\ConnectionManagerExe
[2023-11-13T21:00:21.143Z]     
[2023-11-13T21:00:21.143Z]         Building with settings:
[2023-11-13T21:00:21.143Z]           Source directory          S:\jenkins\workspace\ECP\ecg-maya-hydra\ecg-maya-hydra-branch-preflight-python3-windows\ecg-maya-hydra\maya-hydra
[2023-11-13T21:00:21.143Z]           Workspace directory       W:\
[2023-11-13T21:00:21.143Z]           Build directory           W:\build\Debug
[2023-11-13T21:00:21.143Z]           Install directory         W:\install\Debug\MayaHydra
[2023-11-13T21:00:21.143Z]           Variant                   Debug
[2023-11-13T21:00:21.143Z]           Python Debug              On
[2023-11-13T21:00:21.143Z]           CMake generator           Ninja
[2023-11-13T21:00:21.143Z]           Build arguments           ['-DCMAKE_MAKE_PROGRAM=P:/shared/Artifactory/Windows/ninja/1.10.2/ccacdf8/ninja.exe', '-DPYTHON_INCLUDE_DIR=P:/shared/Artifactory/Windows/rundev-master-debug/202310260154/runtime/2caf91a/runTime/include/Python310/Python', '-DPython_EXECUTABLE=P:/shared/Artifactory/Windows/rundev-master-debug/202310260154/runtime/2caf91a/runTime/bin/mayapy.exe', '-DPYTHON_LIBRARIES=P:/shared/Artifactory/Windows/rundev-master-debug/202310260154/runtime/2caf91a/runTime/lib/python310_d.lib', '-DBUILD_WITH_PYTHON_3=ON', '-DBUILD_WITH_PYTHON_3_VERSION=3.10', '-DCMAKE_WANT_MATERIALX_BUILD=ON', '-DCMAKE_PREFIX_PATH=P:\\shared\\Artifactory\\Windows\\USD\\972e371']
[2023-11-13T21:00:21.143Z]           Stages arguments          ['clean']
[2023-11-13T21:00:21.143Z]           CTest arguments           ['--parallel 16']
[2023-11-13T21:00:21.143Z]     Success MayaHydra build and install !!!!
[2023-11-13T21:00:21.143Z]     Elapsed time: 00:00:00
[Pipeline] bat
[2023-11-13T21:00:21.781Z] Deleting alias drive W:
[Pipeline] bat
[2023-11-13T21:00:22.417Z] Deleting alias drive P:
[Pipeline] bat
[2023-11-13T21:00:23.123Z] Creating alias drive P: to S:\jenkins\workspace
[Pipeline] bat
[2023-11-13T21:00:23.796Z] Creating alias drive W: to S:\jenkins\workspace\ECP\ecg-maya-hydra\ecg-maya-hydra-branch-preflight-python3-windows
[Pipeline] bat
[2023-11-13T21:00:24.779Z] "C:\Program Files\Microsoft Visual Studio\2022\Professional\VC\Auxiliary\Build\vcvarsall.bat" x64
[2023-11-13T21:00:24.779Z] **********************************************************************
[2023-11-13T21:00:24.779Z] ** Visual Studio 2022 Developer Command Prompt v17.3.2
[2023-11-13T21:00:24.779Z] ** Copyright (c) 2022 Microsoft Corporation
[2023-11-13T21:00:24.779Z] **********************************************************************
[2023-11-13T21:00:26.478Z] [vcvarsall.bat] Environment initialized for: 'x64'
[2023-11-13T21:00:26.478Z] python ecg-maya-hydra/build.py --stages=clean --workspace-dir=W:\ --artifactory-dir=P:\shared\Artifactory --build-dir=W:\build --install-dir=W:\install --signing-dir=W:\signing --package-dir=W:\package --output-dir=W:\output --stash-dir=W:\stash --jenkins-build=389 --git-commit=4fe99ace41393792dbfde32b706541f5894d5ee3 --git-branch=master --variants=RelWithDebInfo --interactive-tests=true --post-zips=false --osx-binary-architecture-target=ub2 --osx-deployment-target=11.0 --osx-base-sdk=CurrentActiveSDK --maya-cut-config=maya-rundev-master.yaml --maya-package=rundev-master --stage-banner
[2023-11-13T21:00:27.209Z] Using Maya cut from P:\shared\Artifactory\Windows\rundev-master\202311060140\runtime\1cbda2f
[2023-11-13T21:00:27.209Z] Using Maya ADSK Signatures from P:\shared\Artifactory\Windows\adsk-plugin-signatures-maya\2023\3ae1ae7
[2023-11-13T21:00:27.209Z] Using Maya Security Library from P:\shared\Artifactory\Windows\maya-security-library\3.4.0\284407f
[2023-11-13T21:00:27.209Z] 
[2023-11-13T21:00:27.209Z] ================================================================================
[2023-11-13T21:00:27.209Z]                              clean (RelWithDebInfo)
[2023-11-13T21:00:27.209Z] ================================================================================
[2023-11-13T21:00:27.209Z] Maya Python RelWithDebInfo Info:
[2023-11-13T21:00:27.209Z]   mayapy executable   = P:\shared\Artifactory\Windows\rundev-master\202311060140\runtime\1cbda2f\runTime\bin\mayapy.exe
[2023-11-13T21:00:27.209Z]   Include Folder      = P:\shared\Artifactory\Windows\rundev-master\202311060140\runtime\1cbda2f\runTime\include\Python310\Python
[2023-11-13T21:00:27.209Z]   Library             = P:\shared\Artifactory\Windows\rundev-master\202311060140\runtime\1cbda2f\runTime\lib\python310.lib
[2023-11-13T21:00:27.209Z]   site-package Folder = P:\shared\Artifactory\Windows\rundev-master\202311060140\runtime\1cbda2f\runTime\Python\Lib\site-packages
[2023-11-13T21:00:28.390Z] In workdir: S:\jenkins\workspace\ECP\ecg-maya-hydra\ecg-maya-hydra-branch-preflight-python3-windows\ecg-maya-hydra\maya-hydra
[2023-11-13T21:00:28.390Z] Executing: 'P:\\shared\\Artifactory\\Windows\\rundev-master\\202311060140\\runtime\\1cbda2f\\runTime\\bin\\mayapy.exe' 'S:\\jenkins\\workspace\\ECP\\ecg-maya-hydra\\ecg-maya-hydra-branch-preflight-python3-windows\\ecg-maya-hydra\\maya-hydra\\build.py' --generator Ninja --build-relwithdebug --maya-location 'P:\\shared\\Artifactory\\Windows\\rundev-master\\202311060140\\runtime\\1cbda2f\\runTime' --devkit-location 'P:\\shared\\Artifactory\\Windows\\rundev-master\\202311060140\\runtime\\1cbda2f\\devkitBase' --pxrusd-location 'P:\\shared\\Artifactory\\Windows\\USD\\ce619c6' '--build-args=-DCMAKE_MAKE_PROGRAM=P:/shared/Artifactory/Windows/ninja/1.10.2/ccacdf8/ninja.exe,-DPYTHON_INCLUDE_DIR=P:/shared/Artifactory/Windows/rundev-master/202311060140/runtime/1cbda2f/runTime/include/Python310/Python,-DPython_EXECUTABLE=P:/shared/Artifactory/Windows/rundev-master/202311060140/runtime/1cbda2f/runTime/bin/mayapy.exe,-DPYTHON_LIBRARIES=P:/shared/Artifactory/Windows/rundev-master/202311060140/runtime/1cbda2f/runTime/lib/python310.lib,-DBUILD_WITH_PYTHON_3=ON,-DBUILD_WITH_PYTHON_3_VERSION=3.10,-DCMAKE_WANT_MATERIALX_BUILD=ON,-DCMAKE_PREFIX_PATH=P:\\shared\\Artifactory\\Windows\\USD\\ce619c6' '--ctest-args=--parallel 16' --stages=clean --redirect-outstream-file=False --install-location 'W:\\install\\RelWithDebInfo\\MayaHydra' 'W:\\'
[2023-11-13T21:00:28.390Z] Modified environment variables:
[2023-11-13T21:00:28.390Z]     PATH=P:\shared\Artifactory\Windows\cmake\3.20.3\afe857a\bin;C:\Python27\lib\site-packages\pywin32_system32;C:\Program Files\Microsoft Visual Studio\2022\Professional\VC\Tools\MSVC\14.33.31629\bin\HostX64\x64;C:\Program Files\Microsoft Visual Studio\2022\Professional\Common7\IDE\VC\VCPackages;C:\Program Files\Microsoft Visual Studio\2022\Professional\Common7\IDE\CommonExtensions\Microsoft\TestWindow;C:\Program Files\Microsoft Visual Studio\2022\Professional\Common7\IDE\CommonExtensions\Microsoft\TeamFoundation\Team Explorer;C:\Program Files\Microsoft Visual Studio\2022\Professional\MSBuild\Current\bin\Roslyn;C:\Program Files\Microsoft Visual Studio\2022\Professional\Team Tools\Performance Tools\x64;C:\Program Files\Microsoft Visual Studio\2022\Professional\Team Tools\Performance Tools;C:\Program Files (x86)\Microsoft Visual Studio\Shared\Common\VSPerfCollectionTools\vs2019\\x64;C:\Program Files (x86)\Microsoft Visual Studio\Shared\Common\VSPerfCollectionTools\vs2019\;C:\Program Files (x86)\Microsoft SDKs\Windows\v10.0A\bin\NETFX 4.8 Tools\x64\;C:\Program Files (x86)\HTML Help Workshop;C:\Program Files\Microsoft Visual Studio\2022\Professional\Common7\IDE\CommonExtensions\Microsoft\FSharp\Tools;C:\Program Files (x86)\Windows Kits\10\bin\10.0.19041.0\\x64;C:\Program Files (x86)\Windows Kits\10\bin\\x64;C:\Program Files\Microsoft Visual Studio\2022\Professional\\MSBuild\Current\Bin\amd64;C:\WINDOWS\Microsoft.NET\Framework64\v4.0.30319;C:\Program Files\Microsoft Visual Studio\2022\Professional\Common7\IDE\;C:\Program Files\Microsoft Visual Studio\2022\Professional\Common7\Tools\;C:\Python27\;C:\Python27\Scripts;C:\WINDOWS\system32;C:\WINDOWS;C:\WINDOWS\System32\Wbem;C:\WINDOWS\System32\WindowsPowerShell\v1.0\;C:\WINDOWS\System32\OpenSSH\;C:\ProgramData\chocolatey\bin;C:\Program Files (x86)\WiX Toolset v3.7\bin;C:\Program Files\dotnet\;C:\Program Files (x86)\Windows Kits\10\bin\10.0.18362.0\x64;C:\Program Files\Zulu\zulu-11\bin\;C:\Program Files (x86)\Windows Kits\10\bin\10.0.17763.0\x64;C:\Program Files (x86)\Windows Kits\10\bin\x64;C:\Program Files\Git\cmd;C:\Program Files\Git\usr\bin;C:\Program Files\Git\mingw64\bin;C:\Program Files\Git\bin;C:\Python38\;C:\Python38\Scripts;C:\StoreBoxClientWindows;C:\Program Files\Electric Cloud\ElectricCommander\bin;C:\Program Files\WinRAR;C:\Program Files\7-Zip;C:\Program Files (x86)\Windows Kits\10\bin\10.0.19041.0\x64;C:\Users\Administrator\AppData\Local\Microsoft\WindowsApps;C:\Users\Administrator\.dotnet\tools;C:\Program Files\Microsoft Visual Studio\2022\Professional\Common7\IDE\CommonExtensions\Microsoft\CMake\CMake\bin;C:\Program Files\Microsoft Visual Studio\2022\Professional\Common7\IDE\CommonExtensions\Microsoft\CMake\Ninja;C:\Program Files\Microsoft Visual Studio\2022\Professional\Common7\IDE\VC\Linux\bin\ConnectionManagerExe
[2023-11-13T21:00:28.730Z]     
[2023-11-13T21:00:28.730Z]         Building with settings:
[2023-11-13T21:00:28.730Z]           Source directory          S:\jenkins\workspace\ECP\ecg-maya-hydra\ecg-maya-hydra-branch-preflight-python3-windows\ecg-maya-hydra\maya-hydra
[2023-11-13T21:00:28.730Z]           Workspace directory       W:\
[2023-11-13T21:00:28.730Z]           Build directory           W:\build\RelWithDebInfo
[2023-11-13T21:00:28.730Z]           Install directory         W:\install\RelWithDebInfo\MayaHydra
[2023-11-13T21:00:28.730Z]           Variant                   RelWithDebInfo
[2023-11-13T21:00:28.730Z]           Python Debug              Off
[2023-11-13T21:00:28.730Z]           CMake generator           Ninja
[2023-11-13T21:00:28.730Z]           Build arguments           ['-DCMAKE_MAKE_PROGRAM=P:/shared/Artifactory/Windows/ninja/1.10.2/ccacdf8/ninja.exe', '-DPYTHON_INCLUDE_DIR=P:/shared/Artifactory/Windows/rundev-master/202311060140/runtime/1cbda2f/runTime/include/Python310/Python', '-DPython_EXECUTABLE=P:/shared/Artifactory/Windows/rundev-master/202311060140/runtime/1cbda2f/runTime/bin/mayapy.exe', '-DPYTHON_LIBRARIES=P:/shared/Artifactory/Windows/rundev-master/202311060140/runtime/1cbda2f/runTime/lib/python310.lib', '-DBUILD_WITH_PYTHON_3=ON', '-DBUILD_WITH_PYTHON_3_VERSION=3.10', '-DCMAKE_WANT_MATERIALX_BUILD=ON', '-DCMAKE_PREFIX_PATH=P:\\shared\\Artifactory\\Windows\\USD\\ce619c6']
[2023-11-13T21:00:28.730Z]           Stages arguments          ['clean']
[2023-11-13T21:00:28.730Z]           CTest arguments           ['--parallel 16']
[2023-11-13T21:00:28.730Z]     Success MayaHydra build and install !!!!
[2023-11-13T21:00:28.730Z]     Elapsed time: 00:00:00
[Pipeline] bat
[2023-11-13T21:00:29.363Z] Deleting alias drive W:
[Pipeline] bat
[2023-11-13T21:00:29.988Z] Deleting alias drive P:
[Pipeline] }
[Pipeline] // withEnv
[Pipeline] }
[Pipeline] // timeout
[Pipeline] }
[Pipeline] // stage
[Pipeline] }
[Pipeline] // timestamps
[Pipeline] timestamps
[Pipeline] {
[Pipeline] stage
[Pipeline] { (Configure)
[Pipeline] timeout
[2023-11-13T21:00:30.295Z] Timeout set to expire in 6 hr 0 min
[Pipeline] {
[Pipeline] withEnv
[Pipeline] {
[Pipeline] bat
[2023-11-13T21:00:30.946Z] Creating alias drive P: to S:\jenkins\workspace
[Pipeline] bat
[2023-11-13T21:00:31.595Z] Creating alias drive W: to S:\jenkins\workspace\ECP\ecg-maya-hydra\ecg-maya-hydra-branch-preflight-python3-windows
[Pipeline] bat
[2023-11-13T21:00:32.586Z] "C:\Program Files\Microsoft Visual Studio\2022\Professional\VC\Auxiliary\Build\vcvarsall.bat" x64
[2023-11-13T21:00:32.926Z] **********************************************************************
[2023-11-13T21:00:32.926Z] ** Visual Studio 2022 Developer Command Prompt v17.3.2
[2023-11-13T21:00:32.926Z] ** Copyright (c) 2022 Microsoft Corporation
[2023-11-13T21:00:32.926Z] **********************************************************************
[2023-11-13T21:00:34.170Z] [vcvarsall.bat] Environment initialized for: 'x64'
[2023-11-13T21:00:34.170Z] python ecg-maya-hydra/build.py --stages=configure --workspace-dir=W:\ --artifactory-dir=P:\shared\Artifactory --build-dir=W:\build --install-dir=W:\install --signing-dir=W:\signing --package-dir=W:\package --output-dir=W:\output --stash-dir=W:\stash --jenkins-build=389 --git-commit=4fe99ace41393792dbfde32b706541f5894d5ee3 --git-branch=master --variants=Debug --interactive-tests=true --post-zips=false --osx-binary-architecture-target=ub2 --osx-deployment-target=11.0 --osx-base-sdk=CurrentActiveSDK --maya-cut-config=maya-rundev-master-debug.yaml --maya-package=rundev-master-debug --stage-banner
[2023-11-13T21:00:35.349Z] Using Maya cut from P:\shared\Artifactory\Windows\rundev-master-debug\202310260154\runtime\2caf91a
[2023-11-13T21:00:35.349Z] Using Maya ADSK Signatures from P:\shared\Artifactory\Windows\adsk-plugin-signatures-maya\2023\3ae1ae7
[2023-11-13T21:00:35.349Z] Using Maya Security Library from P:\shared\Artifactory\Windows\maya-security-library\3.4.0\284407f
[2023-11-13T21:00:35.349Z] 
[2023-11-13T21:00:35.349Z] ================================================================================
[2023-11-13T21:00:35.349Z]                                configure (Debug)
[2023-11-13T21:00:35.349Z] ================================================================================
[2023-11-13T21:00:35.349Z] Maya Python Debug Info:
[2023-11-13T21:00:35.349Z]   mayapy executable   = P:\shared\Artifactory\Windows\rundev-master-debug\202310260154\runtime\2caf91a\runTime\bin\mayapy.exe
[2023-11-13T21:00:35.349Z]   Include Folder      = P:\shared\Artifactory\Windows\rundev-master-debug\202310260154\runtime\2caf91a\runTime\include\Python310\Python
[2023-11-13T21:00:35.349Z]   Library             = P:\shared\Artifactory\Windows\rundev-master-debug\202310260154\runtime\2caf91a\runTime\lib\python310_d.lib
[2023-11-13T21:00:35.349Z]   site-package Folder = P:\shared\Artifactory\Windows\rundev-master-debug\202310260154\runtime\2caf91a\runTime\Python\Lib\site-packages
[2023-11-13T21:00:37.754Z] In workdir: S:\jenkins\workspace\ECP\ecg-maya-hydra\ecg-maya-hydra-branch-preflight-python3-windows\ecg-maya-hydra\maya-hydra
[2023-11-13T21:00:37.754Z] Executing: 'P:\\shared\\Artifactory\\Windows\\rundev-master-debug\\202310260154\\runtime\\2caf91a\\runTime\\bin\\mayapy.exe' 'S:\\jenkins\\workspace\\ECP\\ecg-maya-hydra\\ecg-maya-hydra-branch-preflight-python3-windows\\ecg-maya-hydra\\maya-hydra\\build.py' --generator Ninja --build-debug --maya-location 'P:\\shared\\Artifactory\\Windows\\rundev-master-debug\\202310260154\\runtime\\2caf91a\\runTime' --devkit-location 'P:\\shared\\Artifactory\\Windows\\rundev-master-debug\\202310260154\\runtime\\2caf91a\\devkitBase' --pxrusd-location 'P:\\shared\\Artifactory\\Windows\\USD\\972e371' '--build-args=-DCMAKE_MAKE_PROGRAM=P:/shared/Artifactory/Windows/ninja/1.10.2/ccacdf8/ninja.exe,-DPYTHON_INCLUDE_DIR=P:/shared/Artifactory/Windows/rundev-master-debug/202310260154/runtime/2caf91a/runTime/include/Python310/Python,-DPython_EXECUTABLE=P:/shared/Artifactory/Windows/rundev-master-debug/202310260154/runtime/2caf91a/runTime/bin/mayapy.exe,-DPYTHON_LIBRARIES=P:/shared/Artifactory/Windows/rundev-master-debug/202310260154/runtime/2caf91a/runTime/lib/python310_d.lib,-DBUILD_WITH_PYTHON_3=ON,-DBUILD_WITH_PYTHON_3_VERSION=3.10,-DCMAKE_WANT_MATERIALX_BUILD=ON,-DCMAKE_PREFIX_PATH=P:\\shared\\Artifactory\\Windows\\USD\\972e371' --debug-python '--ctest-args=--parallel 16' --stages=configure --redirect-outstream-file=False --install-location 'W:\\install\\Debug\\MayaHydra' 'W:\\'
[2023-11-13T21:00:37.754Z] Modified environment variables:
[2023-11-13T21:00:37.754Z]     PATH=P:\shared\Artifactory\Windows\cmake\3.20.3\afe857a\bin;C:\Python27\lib\site-packages\pywin32_system32;C:\Program Files\Microsoft Visual Studio\2022\Professional\VC\Tools\MSVC\14.33.31629\bin\HostX64\x64;C:\Program Files\Microsoft Visual Studio\2022\Professional\Common7\IDE\VC\VCPackages;C:\Program Files\Microsoft Visual Studio\2022\Professional\Common7\IDE\CommonExtensions\Microsoft\TestWindow;C:\Program Files\Microsoft Visual Studio\2022\Professional\Common7\IDE\CommonExtensions\Microsoft\TeamFoundation\Team Explorer;C:\Program Files\Microsoft Visual Studio\2022\Professional\MSBuild\Current\bin\Roslyn;C:\Program Files\Microsoft Visual Studio\2022\Professional\Team Tools\Performance Tools\x64;C:\Program Files\Microsoft Visual Studio\2022\Professional\Team Tools\Performance Tools;C:\Program Files (x86)\Microsoft Visual Studio\Shared\Common\VSPerfCollectionTools\vs2019\\x64;C:\Program Files (x86)\Microsoft Visual Studio\Shared\Common\VSPerfCollectionTools\vs2019\;C:\Program Files (x86)\Microsoft SDKs\Windows\v10.0A\bin\NETFX 4.8 Tools\x64\;C:\Program Files (x86)\HTML Help Workshop;C:\Program Files\Microsoft Visual Studio\2022\Professional\Common7\IDE\CommonExtensions\Microsoft\FSharp\Tools;C:\Program Files (x86)\Windows Kits\10\bin\10.0.19041.0\\x64;C:\Program Files (x86)\Windows Kits\10\bin\\x64;C:\Program Files\Microsoft Visual Studio\2022\Professional\\MSBuild\Current\Bin\amd64;C:\WINDOWS\Microsoft.NET\Framework64\v4.0.30319;C:\Program Files\Microsoft Visual Studio\2022\Professional\Common7\IDE\;C:\Program Files\Microsoft Visual Studio\2022\Professional\Common7\Tools\;C:\Python27\;C:\Python27\Scripts;C:\WINDOWS\system32;C:\WINDOWS;C:\WINDOWS\System32\Wbem;C:\WINDOWS\System32\WindowsPowerShell\v1.0\;C:\WINDOWS\System32\OpenSSH\;C:\ProgramData\chocolatey\bin;C:\Program Files (x86)\WiX Toolset v3.7\bin;C:\Program Files\dotnet\;C:\Program Files (x86)\Windows Kits\10\bin\10.0.18362.0\x64;C:\Program Files\Zulu\zulu-11\bin\;C:\Program Files (x86)\Windows Kits\10\bin\10.0.17763.0\x64;C:\Program Files (x86)\Windows Kits\10\bin\x64;C:\Program Files\Git\cmd;C:\Program Files\Git\usr\bin;C:\Program Files\Git\mingw64\bin;C:\Program Files\Git\bin;C:\Python38\;C:\Python38\Scripts;C:\StoreBoxClientWindows;C:\Program Files\Electric Cloud\ElectricCommander\bin;C:\Program Files\WinRAR;C:\Program Files\7-Zip;C:\Program Files (x86)\Windows Kits\10\bin\10.0.19041.0\x64;C:\Users\Administrator\AppData\Local\Microsoft\WindowsApps;C:\Users\Administrator\.dotnet\tools;C:\Program Files\Microsoft Visual Studio\2022\Professional\Common7\IDE\CommonExtensions\Microsoft\CMake\CMake\bin;C:\Program Files\Microsoft Visual Studio\2022\Professional\Common7\IDE\CommonExtensions\Microsoft\CMake\Ninja;C:\Program Files\Microsoft Visual Studio\2022\Professional\Common7\IDE\VC\Linux\bin\ConnectionManagerExe
[2023-11-13T21:00:40.061Z]     -- The C compiler identification is MSVC 19.33.31629.0
[2023-11-13T21:00:40.401Z]     -- The CXX compiler identification is MSVC 19.33.31629.0
[2023-11-13T21:00:40.741Z]     -- Detecting C compiler ABI info
[2023-11-13T21:00:41.921Z]     -- Detecting C compiler ABI info - done
[2023-11-13T21:00:41.921Z]     -- Check for working C compiler: C:/Program Files/Microsoft Visual Studio/2022/Professional/VC/Tools/MSVC/14.33.31629/bin/Hostx64/x64/cl.exe - skipped
[2023-11-13T21:00:41.921Z]     -- Detecting C compile features
[2023-11-13T21:00:41.921Z]     -- Detecting C compile features - done
[2023-11-13T21:00:41.921Z]     -- Detecting CXX compiler ABI info
[2023-11-13T21:00:42.650Z]     -- Detecting CXX compiler ABI info - done
[2023-11-13T21:00:42.651Z]     -- Check for working CXX compiler: C:/Program Files/Microsoft Visual Studio/2022/Professional/VC/Tools/MSVC/14.33.31629/bin/Hostx64/x64/cl.exe - skipped
[2023-11-13T21:00:42.651Z]     -- Detecting CXX compile features
[2023-11-13T21:00:42.651Z]     -- Detecting CXX compile features - done
[2023-11-13T21:00:43.831Z]     -- Using Maya Light API Version 3
[2023-11-13T21:00:43.831Z]     -- Maya has setDefaultMaterialHandling API
[2023-11-13T21:00:43.831Z]     -- Maya has new point snapping API
[2023-11-13T21:00:43.831Z]     -- Maya has isInCrashHandler API
[2023-11-13T21:00:43.831Z]     -- Maya has getDisplayStyleOfAllViewports API
[2023-11-13T21:00:43.831Z]     -- Maya array iterator has difference_type trait
[2023-11-13T21:00:43.831Z]     -- MFnSet has getMemberPaths function
[2023-11-13T21:00:43.831Z]     -- MFnDisplayLayer exists
[2023-11-13T21:00:43.831Z]     -- MDisplayLayerMessage has MDisplayLayerMemberChangedFunction
[2023-11-13T21:00:43.831Z]     -- MRenderItem has HideOnPlayback API
[2023-11-13T21:00:43.831Z]     -- Found Maya: P:/shared/Artifactory/Windows/rundev-master-debug/202310260154/runtime/2caf91a/runTime/bin/maya.exe (found suitable version "2025", minimum required is "2024")
[2023-11-13T21:00:46.853Z]     -- Found Python: P:/shared/Artifactory/Windows/rundev-master-debug/202310260154/runtime/2caf91a/runTime/bin/mayapy.exe (found suitable exact version "3.10.8") found components: Interpreter
[2023-11-13T21:00:46.853Z]     -- Build mayaHydra with Python3 = ON
[2023-11-13T21:00:46.853Z]     --    PYTHON_INCLUDE_DIRS = P:/shared/Artifactory/Windows/rundev-master-debug/202310260154/runtime/2caf91a/runTime/include/Python310/Python
[2023-11-13T21:00:46.853Z]     --    PYTHON_LIBRARIES    = P:/shared/Artifactory/Windows/rundev-master-debug/202310260154/runtime/2caf91a/runTime/lib/python310_d.lib
[2023-11-13T21:00:46.853Z]     --    Python_EXECUTABLE   = P:/shared/Artifactory/Windows/rundev-master-debug/202310260154/runtime/2caf91a/runTime/bin/mayapy.exe
[2023-11-13T21:00:47.585Z]     -- Found Python3: optimized;P:\shared\Artifactory\Windows\rundev-master-debug\202310260154\runtime\2caf91a\runTime/lib/python310_d.lib;debug;P:/shared/Artifactory/Windows/rundev-master-debug/202310260154/runtime/2caf91a/runTime/lib/python310_d.lib (found suitable exact version "3.10.8") found components: Development Development.Module Development.Embed
[2023-11-13T21:00:47.585Z]     -- USD has new Sdr.PropertyTypes.Color4
[2023-11-13T21:00:47.585Z]     -- USD has MaterialX metadata support
[2023-11-13T21:00:47.585Z]     -- USD include dir: P:/shared/Artifactory/Windows/USD/972e371/include
[2023-11-13T21:00:47.585Z]     -- USD library dir: P:/shared/Artifactory/Windows/USD/972e371/lib
[2023-11-13T21:00:47.585Z]     -- USD version: 0.23.8
[2023-11-13T21:00:47.585Z]     -- USD Boost::boost version: 107800
[2023-11-13T21:00:47.585Z]     -- Found USD: P:/shared/Artifactory/Windows/USD/972e371 (found suitable version "0.23.8", minimum required is "0.22.11")
[2023-11-13T21:00:47.585Z]     Updated PYTHONPATH: P:\shared\Artifactory\Windows\USD\972e371\lib\python
[2023-11-13T21:00:47.585Z]     Updated PATH: P:\shared\Artifactory\Windows\cmake\3.20.3\afe857a\bin;C:\Python27\lib\site-packages\pywin32_system32;C:\Program Files\Microsoft Visual Studio\2022\Professional\VC\Tools\MSVC\14.33.31629\bin\HostX64\x64;C:\Program Files\Microsoft Visual Studio\2022\Professional\Common7\IDE\VC\VCPackages;C:\Program Files\Microsoft Visual Studio\2022\Professional\Common7\IDE\CommonExtensions\Microsoft\TestWindow;C:\Program Files\Microsoft Visual Studio\2022\Professional\Common7\IDE\CommonExtensions\Microsoft\TeamFoundation\Team Explorer;C:\Program Files\Microsoft Visual Studio\2022\Professional\MSBuild\Current\bin\Roslyn;C:\Program Files\Microsoft Visual Studio\2022\Professional\Team Tools\Performance Tools\x64;C:\Program Files\Microsoft Visual Studio\2022\Professional\Team Tools\Performance Tools;C:\Program Files (x86)\Microsoft Visual Studio\Shared\Common\VSPerfCollectionTools\vs2019\\x64;C:\Program Files (x86)\Microsoft Visual Studio\Shared\Common\VSPerfCollectionTools\vs2019\;C:\Program Files (x86)\Microsoft SDKs\Windows\v10.0A\bin\NETFX 4.8 Tools\x64\;C:\Program Files (x86)\HTML Help Workshop;C:\Program Files\Microsoft Visual Studio\2022\Professional\Common7\IDE\CommonExtensions\Microsoft\FSharp\Tools;C:\Program Files (x86)\Windows Kits\10\bin\10.0.19041.0\\x64;C:\Program Files (x86)\Windows Kits\10\bin\\x64;C:\Program Files\Microsoft Visual Studio\2022\Professional\\MSBuild\Current\Bin\amd64;C:\WINDOWS\Microsoft.NET\Framework64\v4.0.30319;C:\Program Files\Microsoft Visual Studio\2022\Professional\Common7\IDE\;C:\Program Files\Microsoft Visual Studio\2022\Professional\Common7\Tools\;C:\Python27\;C:\Python27\Scripts;C:\WINDOWS\system32;C:\WINDOWS;C:\WINDOWS\System32\Wbem;C:\WINDOWS\System32\WindowsPowerShell\v1.0\;C:\WINDOWS\System32\OpenSSH\;C:\ProgramData\chocolatey\bin;C:\Program Files (x86)\WiX Toolset v3.7\bin;C:\Program Files\dotnet\;C:\Program Files (x86)\Windows Kits\10\bin\10.0.18362.0\x64;C:\Program Files\Zulu\zulu-11\bin\;C:\Program Files (x86)\Windows Kits\10\bin\10.0.17763.0\x64;C:\Program Files (x86)\Windows Kits\10\bin\x64;C:\Program Files\Git\cmd;C:\Program Files\Git\usr\bin;C:\Program Files\Git\mingw64\bin;C:\Program Files\Git\bin;C:\Python38\;C:\Python38\Scripts;C:\StoreBoxClientWindows;C:\Program Files\Electric Cloud\ElectricCommander\bin;C:\Program Files\WinRAR;C:\Program Files\7-Zip;C:\Program Files (x86)\Windows Kits\10\bin\10.0.19041.0\x64;C:\Users\Administrator\AppData\Local\Microsoft\WindowsApps;C:\Users\Administrator\.dotnet\tools;C:\Program Files\Microsoft Visual Studio\2022\Professional\Common7\IDE\CommonExtensions\Microsoft\CMake\CMake\bin;C:\Program Files\Microsoft Visual Studio\2022\Professional\Common7\IDE\CommonExtensions\Microsoft\CMake\Ninja;C:\Program Files\Microsoft Visual Studio\2022\Professional\Common7\IDE\VC\Linux\bin\ConnectionManagerExe;P:\shared\Artifactory\Windows\USD\972e371\bin;P:\shared\Artifactory\Windows\USD\972e371\lib
[2023-11-13T21:00:47.585Z]     -- Found UFE: P:/shared/Artifactory/Windows/rundev-master-debug/202310260154/runtime/2caf91a/devkitBase/devkit/ufe/include (found version "0.5.11")
[2023-11-13T21:00:47.585Z]     -- UFE include dir: P:/shared/Artifactory/Windows/rundev-master-debug/202310260154/runtime/2caf91a/devkitBase/devkit/ufe/include
[2023-11-13T21:00:47.585Z]     -- UFE library: P:/shared/Artifactory/Windows/rundev-master-debug/202310260154/runtime/2caf91a/devkitBase/devkit/ufe/lib/ufe_0.lib
[2023-11-13T21:00:47.585Z]     -- UFE version: 0.5.11
[2023-11-13T21:00:47.586Z]     -- Maya has UFE lights API
[2023-11-13T21:00:47.586Z]     -- Maya has UFE scene segment API
[2023-11-13T21:00:47.586Z]     -- Maya has UFE TrieNode childrenComponents accessor
[2023-11-13T21:00:47.586Z]     -- Building with UFE 0.5.11.
[2023-11-13T21:00:47.586Z]     -- Found MaterialX
[2023-11-13T21:00:47.928Z]     -- Performing Test HAVE_STDATOMIC
[2023-11-13T21:00:48.659Z]     -- Performing Test HAVE_STDATOMIC - Success
[2023-11-13T21:00:48.999Z]     -- Found OpenGL: opengl32
[2023-11-13T21:00:49.729Z]     -- Check if linker can resolve circular dependencies - TRUE
[2023-11-13T21:00:49.729Z]     -- Found Qt 6.5.2 in Maya devkit. Hydra Scene Browser will be built.
[2023-11-13T21:00:49.729Z]     -- **** Building Gulrak From Github Repository.
[2023-11-13T21:00:49.729Z]     -- Populating gulrak
[2023-11-13T21:00:50.460Z]     -- Configuring done
[2023-11-13T21:00:50.460Z]     -- Generating done
[2023-11-13T21:00:50.460Z]     -- Build files have been written to: W:/build/Debug/_deps/gulrak-subbuild
[2023-11-13T21:00:50.800Z]     [1/9] Creating directories for 'gulrak-populate'
[2023-11-13T21:00:50.800Z]     [1/9] Performing download step (git clone) for 'gulrak-populate'
[2023-11-13T21:00:51.140Z]     Cloning into 'gulrak-src'...
[2023-11-13T21:00:52.321Z]     HEAD is now at 4e21ab3 Version bump and updated readme.
[2023-11-13T21:00:54.632Z]     [2/9] Performing update step for 'gulrak-populate'
[2023-11-13T21:00:54.971Z]     [4/9] No patch step for 'gulrak-populate'
[2023-11-13T21:00:54.971Z]     [5/9] No configure step for 'gulrak-populate'
[2023-11-13T21:00:54.971Z]     [6/9] No build step for 'gulrak-populate'
[2023-11-13T21:00:55.312Z]     [7/9] No install step for 'gulrak-populate'
[2023-11-13T21:00:55.312Z]     [8/9] No test step for 'gulrak-populate'
[2023-11-13T21:00:55.652Z]     [9/9] Completed 'gulrak-populate'
[2023-11-13T21:00:56.381Z]     -- ========== Installing GoogleTest... ==========
[2023-11-13T21:00:56.720Z]     -- Configuring done
[2023-11-13T21:00:56.720Z]     -- Generating done
[2023-11-13T21:00:56.720Z]     -- Build files have been written to: W:/build/Debug/googletest-config
[2023-11-13T21:00:57.449Z]     [1/8] Creating directories for 'googletest'
[2023-11-13T21:01:02.285Z]     [2/8] Performing download step (git clone) for 'googletest'
[2023-11-13T21:01:02.285Z]     Cloning into 'googletest-src'...
[2023-11-13T21:01:02.285Z]     HEAD is now at 703bd9ca Googletest export
[2023-11-13T21:01:02.285Z]     [3/8] Performing update step for 'googletest'
[2023-11-13T21:01:02.285Z]     [4/8] No patch step for 'googletest'
[2023-11-13T21:01:04.636Z]     [5/8] Performing configure step for 'googletest'
[2023-11-13T21:01:04.636Z]     Not searching for unused variables given on the command line.
[2023-11-13T21:01:04.636Z]     CMake Deprecation Warning at CMakeLists.txt:4 (cmake_minimum_required):
[2023-11-13T21:01:04.636Z]       Compatibility with CMake < 2.8.12 will be removed from a future version of
[2023-11-13T21:01:04.636Z]       CMake.
[2023-11-13T21:01:04.636Z]     
[2023-11-13T21:01:04.636Z]       Update the VERSION argument <min> value or use a ...<max> suffix to tell
[2023-11-13T21:01:04.636Z]       CMake that the project does not need compatibility with older versions.
[2023-11-13T21:01:04.636Z]     
[2023-11-13T21:01:04.636Z]     
[2023-11-13T21:01:04.636Z]     -- The C compiler identification is MSVC 19.33.31629.0
[2023-11-13T21:01:04.636Z]     -- The CXX compiler identification is MSVC 19.33.31629.0
[2023-11-13T21:01:04.636Z]     -- Detecting C compiler ABI info
[2023-11-13T21:01:04.636Z]     -- Detecting C compiler ABI info - done
[2023-11-13T21:01:04.636Z]     -- Check for working C compiler: C:/Program Files/Microsoft Visual Studio/2022/Professional/VC/Tools/MSVC/14.33.31629/bin/Hostx64/x64/cl.exe - skipped
[2023-11-13T21:01:04.636Z]     -- Detecting C compile features
[2023-11-13T21:01:04.636Z]     -- Detecting C compile features - done
[2023-11-13T21:01:04.636Z]     -- Detecting CXX compiler ABI info
[2023-11-13T21:01:04.636Z]     -- Detecting CXX compiler ABI info - done
[2023-11-13T21:01:04.636Z]     -- Check for working CXX compiler: C:/Program Files/Microsoft Visual Studio/2022/Professional/VC/Tools/MSVC/14.33.31629/bin/Hostx64/x64/cl.exe - skipped
[2023-11-13T21:01:04.636Z]     -- Detecting CXX compile features
[2023-11-13T21:01:04.636Z]     -- Detecting CXX compile features - done
[2023-11-13T21:01:04.636Z]     CMake Deprecation Warning at googletest/CMakeLists.txt:56 (cmake_minimum_required):
[2023-11-13T21:01:04.636Z]       Compatibility with CMake < 2.8.12 will be removed from a future version of
[2023-11-13T21:01:04.636Z]       CMake.
[2023-11-13T21:01:04.636Z]     
[2023-11-13T21:01:04.636Z]       Update the VERSION argument <min> value or use a ...<max> suffix to tell
[2023-11-13T21:01:04.636Z]       CMake that the project does not need compatibility with older versions.
[2023-11-13T21:01:04.636Z]     
[2023-11-13T21:01:04.636Z]     
[2023-11-13T21:01:04.636Z]     -- Found PythonInterp: C:/Python27/python.exe (found version "2.7.18")
[2023-11-13T21:01:04.636Z]     -- Looking for pthread.h
[2023-11-13T21:01:04.636Z]     -- Looking for pthread.h - not found
[2023-11-13T21:01:04.636Z]     -- Found Threads: TRUE
[2023-11-13T21:01:04.636Z]     -- Configuring done
[2023-11-13T21:01:04.636Z]     -- Generating done
[2023-11-13T21:01:04.636Z]     -- Build files have been written to: W:/build/Debug/googletest-build
[2023-11-13T21:01:07.658Z]     [6/8] Performing build step for 'googletest'
[2023-11-13T21:01:07.658Z]     [1/4] Building CXX object googletest\CMakeFiles\gtest_main.dir\src\gtest_main.cc.obj
[2023-11-13T21:01:07.658Z]     [2/4] Building CXX object googletest\CMakeFiles\gtest.dir\src\gtest-all.cc.obj
[2023-11-13T21:01:07.658Z]     [3/4] Linking CXX shared library bin\gtestd.dll
[2023-11-13T21:01:07.658Z]     [4/4] Linking CXX shared library bin\gtest_maind.dll
[2023-11-13T21:01:07.998Z]     [7/8] Performing install step for 'googletest'
[2023-11-13T21:01:07.998Z]     [0/1] Install the project...
[2023-11-13T21:01:07.998Z]     -- Install configuration: "Debug"
[2023-11-13T21:01:07.998Z]     [8/8] Completed 'googletest'
[2023-11-13T21:01:07.998Z]     -- ========== ...  GoogleTest installed. ==========
[2023-11-13T21:01:10.310Z]     -- Found GTest: W:/build/Debug/googletest-install/lib/gtestd.lib
[2023-11-13T21:01:10.310Z]     -- promoting: S:/jenkins/workspace/ECP/ecg-maya-hydra/ecg-maya-hydra-branch-preflight-python3-windows/ecg-maya-hydra/maya-hydra/lib/mayaHydra/mayaPlugin/pluginUtils.h
[2023-11-13T21:01:10.310Z]     -- promoting: S:/jenkins/workspace/ECP/ecg-maya-hydra/ecg-maya-hydra-branch-preflight-python3-windows/ecg-maya-hydra/maya-hydra/lib/mayaHydra/hydraExtensions/api.h
[2023-11-13T21:01:10.310Z]     -- promoting: S:/jenkins/workspace/ECP/ecg-maya-hydra/ecg-maya-hydra-branch-preflight-python3-windows/ecg-maya-hydra/maya-hydra/lib/mayaHydra/hydraExtensions/debugCodes.h
[2023-11-13T21:01:10.310Z]     -- promoting: S:/jenkins/workspace/ECP/ecg-maya-hydra/ecg-maya-hydra-branch-preflight-python3-windows/ecg-maya-hydra/maya-hydra/lib/mayaHydra/hydraExtensions/hydraUtils.h
[2023-11-13T21:01:10.310Z]     -- promoting: S:/jenkins/workspace/ECP/ecg-maya-hydra/ecg-maya-hydra-branch-preflight-python3-windows/ecg-maya-hydra/maya-hydra/lib/mayaHydra/hydraExtensions/interface.h
[2023-11-13T21:01:10.310Z]     -- promoting: S:/jenkins/workspace/ECP/ecg-maya-hydra/ecg-maya-hydra-branch-preflight-python3-windows/ecg-maya-hydra/maya-hydra/lib/mayaHydra/hydraExtensions/interfaceImp.h
[2023-11-13T21:01:10.310Z]     -- promoting: S:/jenkins/workspace/ECP/ecg-maya-hydra/ecg-maya-hydra-branch-preflight-python3-windows/ecg-maya-hydra/maya-hydra/lib/mayaHydra/hydraExtensions/mayaUtils.h
[2023-11-13T21:01:10.310Z]     -- promoting: S:/jenkins/workspace/ECP/ecg-maya-hydra/ecg-maya-hydra-branch-preflight-python3-windows/ecg-maya-hydra/maya-hydra/lib/mayaHydra/hydraExtensions/mixedUtils.h
[2023-11-13T21:01:10.310Z]     -- promoting: S:/jenkins/workspace/ECP/ecg-maya-hydra/ecg-maya-hydra-branch-preflight-python3-windows/ecg-maya-hydra/maya-hydra/lib/mayaHydra/hydraExtensions/mayaHydraSceneProducer.h
[2023-11-13T21:01:10.310Z]     -- promoting: S:/jenkins/workspace/ECP/ecg-maya-hydra/ecg-maya-hydra-branch-preflight-python3-windows/ecg-maya-hydra/maya-hydra/lib/mayaHydra/hydraExtensions/adapters/adapter.h
[2023-11-13T21:01:10.310Z]     -- promoting: S:/jenkins/workspace/ECP/ecg-maya-hydra/ecg-maya-hydra-branch-preflight-python3-windows/ecg-maya-hydra/maya-hydra/lib/mayaHydra/hydraExtensions/adapters/adapterDebugCodes.h
[2023-11-13T21:01:10.310Z]     -- promoting: S:/jenkins/workspace/ECP/ecg-maya-hydra/ecg-maya-hydra-branch-preflight-python3-windows/ecg-maya-hydra/maya-hydra/lib/mayaHydra/hydraExtensions/adapters/adapterRegistry.h
[2023-11-13T21:01:10.310Z]     -- promoting: S:/jenkins/workspace/ECP/ecg-maya-hydra/ecg-maya-hydra-branch-preflight-python3-windows/ecg-maya-hydra/maya-hydra/lib/mayaHydra/hydraExtensions/adapters/cameraAdapter.h
[2023-11-13T21:01:10.310Z]     -- promoting: S:/jenkins/workspace/ECP/ecg-maya-hydra/ecg-maya-hydra-branch-preflight-python3-windows/ecg-maya-hydra/maya-hydra/lib/mayaHydra/hydraExtensions/adapters/constantShadowMatrix.h
[2023-11-13T21:01:10.310Z]     -- promoting: S:/jenkins/workspace/ECP/ecg-maya-hydra/ecg-maya-hydra-branch-preflight-python3-windows/ecg-maya-hydra/maya-hydra/lib/mayaHydra/hydraExtensions/adapters/dagAdapter.h
[2023-11-13T21:01:10.310Z]     -- promoting: S:/jenkins/workspace/ECP/ecg-maya-hydra/ecg-maya-hydra-branch-preflight-python3-windows/ecg-maya-hydra/maya-hydra/lib/mayaHydra/hydraExtensions/adapters/renderItemAdapter.h
[2023-11-13T21:01:10.310Z]     -- promoting: S:/jenkins/workspace/ECP/ecg-maya-hydra/ecg-maya-hydra-branch-preflight-python3-windows/ecg-maya-hydra/maya-hydra/lib/mayaHydra/hydraExtensions/adapters/lightAdapter.h
[2023-11-13T21:01:10.310Z]     -- promoting: S:/jenkins/workspace/ECP/ecg-maya-hydra/ecg-maya-hydra-branch-preflight-python3-windows/ecg-maya-hydra/maya-hydra/lib/mayaHydra/hydraExtensions/adapters/materialAdapter.h
[2023-11-13T21:01:10.310Z]     -- promoting: S:/jenkins/workspace/ECP/ecg-maya-hydra/ecg-maya-hydra-branch-preflight-python3-windows/ecg-maya-hydra/maya-hydra/lib/mayaHydra/hydraExtensions/adapters/materialNetworkConverter.h
[2023-11-13T21:01:10.310Z]     -- promoting: S:/jenkins/workspace/ECP/ecg-maya-hydra/ecg-maya-hydra-branch-preflight-python3-windows/ecg-maya-hydra/maya-hydra/lib/mayaHydra/hydraExtensions/adapters/mayaAttrs.h
[2023-11-13T21:01:10.310Z]     -- promoting: S:/jenkins/workspace/ECP/ecg-maya-hydra/ecg-maya-hydra-branch-preflight-python3-windows/ecg-maya-hydra/maya-hydra/lib/mayaHydra/hydraExtensions/adapters/shapeAdapter.h
[2023-11-13T21:01:10.310Z]     -- promoting: S:/jenkins/workspace/ECP/ecg-maya-hydra/ecg-maya-hydra-branch-preflight-python3-windows/ecg-maya-hydra/maya-hydra/lib/mayaHydra/hydraExtensions/adapters/tokens.h
[2023-11-13T21:01:10.310Z]     -- promoting: S:/jenkins/workspace/ECP/ecg-maya-hydra/ecg-maya-hydra-branch-preflight-python3-windows/ecg-maya-hydra/maya-hydra/lib/mayaHydra/hydraExtensions/delegates/delegate.h
[2023-11-13T21:01:10.310Z]     -- promoting: S:/jenkins/workspace/ECP/ecg-maya-hydra/ecg-maya-hydra-branch-preflight-python3-windows/ecg-maya-hydra/maya-hydra/lib/mayaHydra/hydraExtensions/delegates/delegateCtx.h
[2023-11-13T21:01:10.310Z]     -- promoting: S:/jenkins/workspace/ECP/ecg-maya-hydra/ecg-maya-hydra-branch-preflight-python3-windows/ecg-maya-hydra/maya-hydra/lib/mayaHydra/hydraExtensions/delegates/delegateDebugCodes.h
[2023-11-13T21:01:10.310Z]     -- promoting: S:/jenkins/workspace/ECP/ecg-maya-hydra/ecg-maya-hydra-branch-preflight-python3-windows/ecg-maya-hydra/maya-hydra/lib/mayaHydra/hydraExtensions/delegates/delegateRegistry.h
[2023-11-13T21:01:10.310Z]     -- promoting: S:/jenkins/workspace/ECP/ecg-maya-hydra/ecg-maya-hydra-branch-preflight-python3-windows/ecg-maya-hydra/maya-hydra/lib/mayaHydra/hydraExtensions/delegates/params.h
[2023-11-13T21:01:10.310Z]     -- promoting: S:/jenkins/workspace/ECP/ecg-maya-hydra/ecg-maya-hydra-branch-preflight-python3-windows/ecg-maya-hydra/maya-hydra/lib/mayaHydra/hydraExtensions/delegates/sceneDelegate.h
[2023-11-13T21:01:10.310Z]     -- promoting: S:/jenkins/workspace/ECP/ecg-maya-hydra/ecg-maya-hydra-branch-preflight-python3-windows/ecg-maya-hydra/maya-hydra/lib/mayaHydra/hydraExtensions/delegates/defaultLightDelegate.h
[2023-11-13T21:01:10.310Z]     -- promoting: S:/jenkins/workspace/ECP/ecg-maya-hydra/ecg-maya-hydra-branch-preflight-python3-windows/ecg-maya-hydra/maya-hydra/lib/mayaHydra/hydraExtensions/delegates/testDelegate.h
[2023-11-13T21:01:10.310Z]     -- promoting: S:/jenkins/workspace/ECP/ecg-maya-hydra/ecg-maya-hydra-branch-preflight-python3-windows/ecg-maya-hydra/maya-hydra/lib/mayaHydra/hydraExtensions/sceneIndex/registration.h
[2023-11-13T21:01:10.310Z]     -- promoting: S:/jenkins/workspace/ECP/ecg-maya-hydra/ecg-maya-hydra-branch-preflight-python3-windows/ecg-maya-hydra/maya-hydra/lib/mayaHydra/hydraExtensions/sceneIndex/mayaHydraSceneIndex.h
[2023-11-13T21:01:10.310Z]     -- promoting: S:/jenkins/workspace/ECP/ecg-maya-hydra/ecg-maya-hydra-branch-preflight-python3-windows/ecg-maya-hydra/maya-hydra/lib/mayaHydra/hydraExtensions/sceneIndex/mayaHydraDataSource.h
[2023-11-13T21:01:10.310Z]     -- promoting: S:/jenkins/workspace/ECP/ecg-maya-hydra/ecg-maya-hydra-branch-preflight-python3-windows/ecg-maya-hydra/maya-hydra/lib/mayaHydra/hydraExtensions/sceneIndex/mayaHydraPrimvarDataSource.h
[2023-11-13T21:01:10.310Z]     -- promoting: S:/jenkins/workspace/ECP/ecg-maya-hydra/ecg-maya-hydra-branch-preflight-python3-windows/ecg-maya-hydra/maya-hydra/lib/mayaHydra/hydraExtensions/sceneIndex/mayaHydraDisplayStyleDataSource.h
[2023-11-13T21:01:10.310Z]     -- promoting: S:/jenkins/workspace/ECP/ecg-maya-hydra/ecg-maya-hydra-branch-preflight-python3-windows/ecg-maya-hydra/maya-hydra/lib/mayaHydra/hydraExtensions/sceneIndex/mayaHydraCameraDataSource.h
[2023-11-13T21:01:10.310Z]     -- promoting: S:/jenkins/workspace/ECP/ecg-maya-hydra/ecg-maya-hydra-branch-preflight-python3-windows/ecg-maya-hydra/maya-hydra/lib/mayaHydra/hydraExtensions/sceneIndex/mayaHydraLightDataSource.h
[2023-11-13T21:01:10.310Z]     -- promoting: S:/jenkins/workspace/ECP/ecg-maya-hydra/ecg-maya-hydra-branch-preflight-python3-windows/ecg-maya-hydra/maya-hydra/lib/mayaHydra/hydraExtensions/sceneIndex/mayaHydraDefaultLightDataSource.h
[2023-11-13T21:01:10.310Z]     -- promoting: S:/jenkins/workspace/ECP/ecg-maya-hydra/ecg-maya-hydra-branch-preflight-python3-windows/ecg-maya-hydra/maya-hydra/lib/mayaHydra/ufeExtensions/api.h
[2023-11-13T21:01:10.310Z]     -- promoting: S:/jenkins/workspace/ECP/ecg-maya-hydra/ecg-maya-hydra-branch-preflight-python3-windows/ecg-maya-hydra/maya-hydra/lib/mayaHydra/ufeExtensions/Global.h
[2023-11-13T21:01:10.310Z]     -- promoting: S:/jenkins/workspace/ECP/ecg-maya-hydra/ecg-maya-hydra-branch-preflight-python3-windows/ecg-maya-hydra/maya-hydra/lib/flowViewport/api.h
[2023-11-13T21:01:10.310Z]     -- promoting: S:/jenkins/workspace/ECP/ecg-maya-hydra/ecg-maya-hydra-branch-preflight-python3-windows/ecg-maya-hydra/maya-hydra/lib/flowViewport/debugCodes.h
[2023-11-13T21:01:10.310Z]     -- promoting: S:/jenkins/workspace/ECP/ecg-maya-hydra/ecg-maya-hydra-branch-preflight-python3-windows/ecg-maya-hydra/maya-hydra/lib/flowViewport/global.h
[2023-11-13T21:01:10.311Z]     -- promoting: S:/jenkins/workspace/ECP/ecg-maya-hydra/ecg-maya-hydra-branch-preflight-python3-windows/ecg-maya-hydra/maya-hydra/lib/flowViewport/tokens.h
[2023-11-13T21:01:10.311Z]     -- promoting: S:/jenkins/workspace/ECP/ecg-maya-hydra/ecg-maya-hydra-branch-preflight-python3-windows/ecg-maya-hydra/maya-hydra/lib/flowViewport/colorPreferences/fvpColorChanged.h
[2023-11-13T21:01:10.311Z]     -- promoting: S:/jenkins/workspace/ECP/ecg-maya-hydra/ecg-maya-hydra-branch-preflight-python3-windows/ecg-maya-hydra/maya-hydra/lib/flowViewport/colorPreferences/fvpColorPreferences.h
[2023-11-13T21:01:10.311Z]     -- promoting: S:/jenkins/workspace/ECP/ecg-maya-hydra/ecg-maya-hydra-branch-preflight-python3-windows/ecg-maya-hydra/maya-hydra/lib/flowViewport/colorPreferences/fvpColorPreferencesTokens.h
[2023-11-13T21:01:10.311Z]     -- promoting: S:/jenkins/workspace/ECP/ecg-maya-hydra/ecg-maya-hydra-branch-preflight-python3-windows/ecg-maya-hydra/maya-hydra/lib/flowViewport/colorPreferences/fvpColorPreferencesTranslator.h
[2023-11-13T21:01:10.311Z]     -- promoting: S:/jenkins/workspace/ECP/ecg-maya-hydra/ecg-maya-hydra-branch-preflight-python3-windows/ecg-maya-hydra/maya-hydra/lib/flowViewport/sceneIndex/fvpMergingSceneIndex.h
[2023-11-13T21:01:10.311Z]     -- promoting: S:/jenkins/workspace/ECP/ecg-maya-hydra/ecg-maya-hydra-branch-preflight-python3-windows/ecg-maya-hydra/maya-hydra/lib/flowViewport/sceneIndex/fvpPassThroughSelectionInterfaceSceneIndex.h
[2023-11-13T21:01:10.311Z]     -- promoting: S:/jenkins/workspace/ECP/ecg-maya-hydra/ecg-maya-hydra-branch-preflight-python3-windows/ecg-maya-hydra/maya-hydra/lib/flowViewport/sceneIndex/fvpPathInterface.h
[2023-11-13T21:01:10.311Z]     -- promoting: S:/jenkins/workspace/ECP/ecg-maya-hydra/ecg-maya-hydra-branch-preflight-python3-windows/ecg-maya-hydra/maya-hydra/lib/flowViewport/sceneIndex/fvpPathInterfaceSceneIndex.h
[2023-11-13T21:01:10.311Z]     -- promoting: S:/jenkins/workspace/ECP/ecg-maya-hydra/ecg-maya-hydra-branch-preflight-python3-windows/ecg-maya-hydra/maya-hydra/lib/flowViewport/sceneIndex/fvpRenderIndexProxy.h
[2023-11-13T21:01:10.311Z]     -- promoting: S:/jenkins/workspace/ECP/ecg-maya-hydra/ecg-maya-hydra-branch-preflight-python3-windows/ecg-maya-hydra/maya-hydra/lib/flowViewport/sceneIndex/fvpSelectionInterface.h
[2023-11-13T21:01:10.311Z]     -- promoting: S:/jenkins/workspace/ECP/ecg-maya-hydra/ecg-maya-hydra-branch-preflight-python3-windows/ecg-maya-hydra/maya-hydra/lib/flowViewport/sceneIndex/fvpSelectionSceneIndex.h
[2023-11-13T21:01:10.311Z]     -- promoting: S:/jenkins/workspace/ECP/ecg-maya-hydra/ecg-maya-hydra-branch-preflight-python3-windows/ecg-maya-hydra/maya-hydra/lib/flowViewport/sceneIndex/fvpWireframeSelectionHighlightSceneIndex.h
[2023-11-13T21:01:10.311Z]     -- promoting: S:/jenkins/workspace/ECP/ecg-maya-hydra/ecg-maya-hydra-branch-preflight-python3-windows/ecg-maya-hydra/maya-hydra/lib/flowViewport/API/fvpSelectionClient.h
[2023-11-13T21:01:10.311Z]     -- promoting: S:/jenkins/workspace/ECP/ecg-maya-hydra/ecg-maya-hydra-branch-preflight-python3-windows/ecg-maya-hydra/maya-hydra/lib/flowViewport/API/fvpFlowSelectionInterface.h
[2023-11-13T21:01:10.311Z]     -- promoting: S:/jenkins/workspace/ECP/ecg-maya-hydra/ecg-maya-hydra-branch-preflight-python3-windows/ecg-maya-hydra/maya-hydra/lib/flowViewport/API/fvpVersionInterface.h
[2023-11-13T21:01:10.311Z]     -- promoting: S:/jenkins/workspace/ECP/ecg-maya-hydra/ecg-maya-hydra-branch-preflight-python3-windows/ecg-maya-hydra/maya-hydra/lib/flowViewport/API/interfacesImp/fvpSelectionInterfaceImp.h
[2023-11-13T21:01:10.311Z]     -- promoting: S:/jenkins/workspace/ECP/ecg-maya-hydra/ecg-maya-hydra-branch-preflight-python3-windows/ecg-maya-hydra/maya-hydra/lib/flowViewport/API/interfacesImp/fvpVersionInterfaceImp.h
[2023-11-13T21:01:10.311Z]     -- promoting: S:/jenkins/workspace/ECP/ecg-maya-hydra/ecg-maya-hydra-branch-preflight-python3-windows/ecg-maya-hydra/maya-hydra/lib/flowViewport/API/samples/fvpSelectionClientExample.h
[2023-11-13T21:01:10.311Z]     -- promoting: S:/jenkins/workspace/ECP/ecg-maya-hydra/ecg-maya-hydra-branch-preflight-python3-windows/ecg-maya-hydra/maya-hydra/lib/flowViewport/selection/fvpSelectionTracker.h
[2023-11-13T21:01:10.311Z]     -- promoting: S:/jenkins/workspace/ECP/ecg-maya-hydra/ecg-maya-hydra-branch-preflight-python3-windows/ecg-maya-hydra/maya-hydra/lib/flowViewport/selection/fvpSelectionTask.h
[2023-11-13T21:01:13.327Z]     -- Configuring done
[2023-11-13T21:01:13.667Z]     -- Generating done
[2023-11-13T21:01:13.667Z]     -- Build files have been written to: W:/build/Debug
[2023-11-13T21:01:13.667Z]     
[2023-11-13T21:01:13.667Z]         Building with settings:
[2023-11-13T21:01:13.667Z]           Source directory          S:\jenkins\workspace\ECP\ecg-maya-hydra\ecg-maya-hydra-branch-preflight-python3-windows\ecg-maya-hydra\maya-hydra
[2023-11-13T21:01:13.667Z]           Workspace directory       W:\
[2023-11-13T21:01:13.667Z]           Build directory           W:\build\Debug
[2023-11-13T21:01:13.667Z]           Install directory         W:\install\Debug\MayaHydra
[2023-11-13T21:01:13.667Z]           Variant                   Debug
[2023-11-13T21:01:13.667Z]           Python Debug              On
[2023-11-13T21:01:13.667Z]           CMake generator           Ninja
[2023-11-13T21:01:13.667Z]           Build arguments           ['-DCMAKE_MAKE_PROGRAM=P:/shared/Artifactory/Windows/ninja/1.10.2/ccacdf8/ninja.exe', '-DPYTHON_INCLUDE_DIR=P:/shared/Artifactory/Windows/rundev-master-debug/202310260154/runtime/2caf91a/runTime/include/Python310/Python', '-DPython_EXECUTABLE=P:/shared/Artifactory/Windows/rundev-master-debug/202310260154/runtime/2caf91a/runTime/bin/mayapy.exe', '-DPYTHON_LIBRARIES=P:/shared/Artifactory/Windows/rundev-master-debug/202310260154/runtime/2caf91a/runTime/lib/python310_d.lib', '-DBUILD_WITH_PYTHON_3=ON', '-DBUILD_WITH_PYTHON_3_VERSION=3.10', '-DCMAKE_WANT_MATERIALX_BUILD=ON', '-DCMAKE_PREFIX_PATH=P:\\shared\\Artifactory\\Windows\\USD\\972e371']
[2023-11-13T21:01:13.667Z]           Stages arguments          ['configure']
[2023-11-13T21:01:13.667Z]           CTest arguments           ['--parallel 16']
[2023-11-13T21:01:13.667Z]     STATUS: Found Maya Qt headers in: P:\shared\Artifactory\Windows\rundev-master-debug\202310260154\runtime\2caf91a\devkitBase
[2023-11-13T21:01:13.667Z]     Success MayaHydra build and install !!!!
[2023-11-13T21:01:13.667Z]     Elapsed time: 00:00:34
[Pipeline] bat
[2023-11-13T21:01:14.644Z] Deleting alias drive W:
[Pipeline] bat
[2023-11-13T21:01:15.287Z] Deleting alias drive P:
[Pipeline] bat
[2023-11-13T21:01:15.960Z] Creating alias drive P: to S:\jenkins\workspace
[Pipeline] bat
[2023-11-13T21:01:16.644Z] Creating alias drive W: to S:\jenkins\workspace\ECP\ecg-maya-hydra\ecg-maya-hydra-branch-preflight-python3-windows
[Pipeline] bat
[2023-11-13T21:01:17.774Z] "C:\Program Files\Microsoft Visual Studio\2022\Professional\VC\Auxiliary\Build\vcvarsall.bat" x64
[2023-11-13T21:01:18.115Z] **********************************************************************
[2023-11-13T21:01:18.115Z] ** Visual Studio 2022 Developer Command Prompt v17.3.2
[2023-11-13T21:01:18.115Z] ** Copyright (c) 2022 Microsoft Corporation
[2023-11-13T21:01:18.115Z] **********************************************************************
[2023-11-13T21:01:19.294Z] [vcvarsall.bat] Environment initialized for: 'x64'
[2023-11-13T21:01:19.294Z] python ecg-maya-hydra/build.py --stages=configure --workspace-dir=W:\ --artifactory-dir=P:\shared\Artifactory --build-dir=W:\build --install-dir=W:\install --signing-dir=W:\signing --package-dir=W:\package --output-dir=W:\output --stash-dir=W:\stash --jenkins-build=389 --git-commit=4fe99ace41393792dbfde32b706541f5894d5ee3 --git-branch=master --variants=RelWithDebInfo --interactive-tests=true --post-zips=false --osx-binary-architecture-target=ub2 --osx-deployment-target=11.0 --osx-base-sdk=CurrentActiveSDK --maya-cut-config=maya-rundev-master.yaml --maya-package=rundev-master --stage-banner
[2023-11-13T21:01:20.473Z] Using Maya cut from P:\shared\Artifactory\Windows\rundev-master\202311060140\runtime\1cbda2f
[2023-11-13T21:01:20.473Z] Using Maya ADSK Signatures from P:\shared\Artifactory\Windows\adsk-plugin-signatures-maya\2023\3ae1ae7
[2023-11-13T21:01:20.473Z] Using Maya Security Library from P:\shared\Artifactory\Windows\maya-security-library\3.4.0\284407f
[2023-11-13T21:01:20.473Z] 
[2023-11-13T21:01:20.473Z] ================================================================================
[2023-11-13T21:01:20.473Z]                            configure (RelWithDebInfo)
[2023-11-13T21:01:20.473Z] ================================================================================
[2023-11-13T21:01:20.473Z] Maya Python RelWithDebInfo Info:
[2023-11-13T21:01:20.473Z]   mayapy executable   = P:\shared\Artifactory\Windows\rundev-master\202311060140\runtime\1cbda2f\runTime\bin\mayapy.exe
[2023-11-13T21:01:20.473Z]   Include Folder      = P:\shared\Artifactory\Windows\rundev-master\202311060140\runtime\1cbda2f\runTime\include\Python310\Python
[2023-11-13T21:01:20.473Z]   Library             = P:\shared\Artifactory\Windows\rundev-master\202311060140\runtime\1cbda2f\runTime\lib\python310.lib
[2023-11-13T21:01:20.473Z]   site-package Folder = P:\shared\Artifactory\Windows\rundev-master\202311060140\runtime\1cbda2f\runTime\Python\Lib\site-packages
[2023-11-13T21:01:21.654Z] In workdir: S:\jenkins\workspace\ECP\ecg-maya-hydra\ecg-maya-hydra-branch-preflight-python3-windows\ecg-maya-hydra\maya-hydra
[2023-11-13T21:01:21.654Z] Executing: 'P:\\shared\\Artifactory\\Windows\\rundev-master\\202311060140\\runtime\\1cbda2f\\runTime\\bin\\mayapy.exe' 'S:\\jenkins\\workspace\\ECP\\ecg-maya-hydra\\ecg-maya-hydra-branch-preflight-python3-windows\\ecg-maya-hydra\\maya-hydra\\build.py' --generator Ninja --build-relwithdebug --maya-location 'P:\\shared\\Artifactory\\Windows\\rundev-master\\202311060140\\runtime\\1cbda2f\\runTime' --devkit-location 'P:\\shared\\Artifactory\\Windows\\rundev-master\\202311060140\\runtime\\1cbda2f\\devkitBase' --pxrusd-location 'P:\\shared\\Artifactory\\Windows\\USD\\ce619c6' '--build-args=-DCMAKE_MAKE_PROGRAM=P:/shared/Artifactory/Windows/ninja/1.10.2/ccacdf8/ninja.exe,-DPYTHON_INCLUDE_DIR=P:/shared/Artifactory/Windows/rundev-master/202311060140/runtime/1cbda2f/runTime/include/Python310/Python,-DPython_EXECUTABLE=P:/shared/Artifactory/Windows/rundev-master/202311060140/runtime/1cbda2f/runTime/bin/mayapy.exe,-DPYTHON_LIBRARIES=P:/shared/Artifactory/Windows/rundev-master/202311060140/runtime/1cbda2f/runTime/lib/python310.lib,-DBUILD_WITH_PYTHON_3=ON,-DBUILD_WITH_PYTHON_3_VERSION=3.10,-DCMAKE_WANT_MATERIALX_BUILD=ON,-DCMAKE_PREFIX_PATH=P:\\shared\\Artifactory\\Windows\\USD\\ce619c6' '--ctest-args=--parallel 16' --stages=configure --redirect-outstream-file=False --install-location 'W:\\install\\RelWithDebInfo\\MayaHydra' 'W:\\'
[2023-11-13T21:01:21.654Z] Modified environment variables:
[2023-11-13T21:01:21.654Z]     PATH=P:\shared\Artifactory\Windows\cmake\3.20.3\afe857a\bin;C:\Python27\lib\site-packages\pywin32_system32;C:\Program Files\Microsoft Visual Studio\2022\Professional\VC\Tools\MSVC\14.33.31629\bin\HostX64\x64;C:\Program Files\Microsoft Visual Studio\2022\Professional\Common7\IDE\VC\VCPackages;C:\Program Files\Microsoft Visual Studio\2022\Professional\Common7\IDE\CommonExtensions\Microsoft\TestWindow;C:\Program Files\Microsoft Visual Studio\2022\Professional\Common7\IDE\CommonExtensions\Microsoft\TeamFoundation\Team Explorer;C:\Program Files\Microsoft Visual Studio\2022\Professional\MSBuild\Current\bin\Roslyn;C:\Program Files\Microsoft Visual Studio\2022\Professional\Team Tools\Performance Tools\x64;C:\Program Files\Microsoft Visual Studio\2022\Professional\Team Tools\Performance Tools;C:\Program Files (x86)\Microsoft Visual Studio\Shared\Common\VSPerfCollectionTools\vs2019\\x64;C:\Program Files (x86)\Microsoft Visual Studio\Shared\Common\VSPerfCollectionTools\vs2019\;C:\Program Files (x86)\Microsoft SDKs\Windows\v10.0A\bin\NETFX 4.8 Tools\x64\;C:\Program Files (x86)\HTML Help Workshop;C:\Program Files\Microsoft Visual Studio\2022\Professional\Common7\IDE\CommonExtensions\Microsoft\FSharp\Tools;C:\Program Files (x86)\Windows Kits\10\bin\10.0.19041.0\\x64;C:\Program Files (x86)\Windows Kits\10\bin\\x64;C:\Program Files\Microsoft Visual Studio\2022\Professional\\MSBuild\Current\Bin\amd64;C:\WINDOWS\Microsoft.NET\Framework64\v4.0.30319;C:\Program Files\Microsoft Visual Studio\2022\Professional\Common7\IDE\;C:\Program Files\Microsoft Visual Studio\2022\Professional\Common7\Tools\;C:\Python27\;C:\Python27\Scripts;C:\WINDOWS\system32;C:\WINDOWS;C:\WINDOWS\System32\Wbem;C:\WINDOWS\System32\WindowsPowerShell\v1.0\;C:\WINDOWS\System32\OpenSSH\;C:\ProgramData\chocolatey\bin;C:\Program Files (x86)\WiX Toolset v3.7\bin;C:\Program Files\dotnet\;C:\Program Files (x86)\Windows Kits\10\bin\10.0.18362.0\x64;C:\Program Files\Zulu\zulu-11\bin\;C:\Program Files (x86)\Windows Kits\10\bin\10.0.17763.0\x64;C:\Program Files (x86)\Windows Kits\10\bin\x64;C:\Program Files\Git\cmd;C:\Program Files\Git\usr\bin;C:\Program Files\Git\mingw64\bin;C:\Program Files\Git\bin;C:\Python38\;C:\Python38\Scripts;C:\StoreBoxClientWindows;C:\Program Files\Electric Cloud\ElectricCommander\bin;C:\Program Files\WinRAR;C:\Program Files\7-Zip;C:\Program Files (x86)\Windows Kits\10\bin\10.0.19041.0\x64;C:\Users\Administrator\AppData\Local\Microsoft\WindowsApps;C:\Users\Administrator\.dotnet\tools;C:\Program Files\Microsoft Visual Studio\2022\Professional\Common7\IDE\CommonExtensions\Microsoft\CMake\CMake\bin;C:\Program Files\Microsoft Visual Studio\2022\Professional\Common7\IDE\CommonExtensions\Microsoft\CMake\Ninja;C:\Program Files\Microsoft Visual Studio\2022\Professional\Common7\IDE\VC\Linux\bin\ConnectionManagerExe
[2023-11-13T21:01:23.354Z]     -- The C compiler identification is MSVC 19.33.31629.0
[2023-11-13T21:01:23.354Z]     -- The CXX compiler identification is MSVC 19.33.31629.0
[2023-11-13T21:01:23.694Z]     -- Detecting C compiler ABI info
[2023-11-13T21:01:24.423Z]     -- Detecting C compiler ABI info - done
[2023-11-13T21:01:24.423Z]     -- Check for working C compiler: C:/Program Files/Microsoft Visual Studio/2022/Professional/VC/Tools/MSVC/14.33.31629/bin/Hostx64/x64/cl.exe - skipped
[2023-11-13T21:01:24.423Z]     -- Detecting C compile features
[2023-11-13T21:01:24.423Z]     -- Detecting C compile features - done
[2023-11-13T21:01:24.423Z]     -- Detecting CXX compiler ABI info
[2023-11-13T21:01:25.152Z]     -- Detecting CXX compiler ABI info - done
[2023-11-13T21:01:25.152Z]     -- Check for working CXX compiler: C:/Program Files/Microsoft Visual Studio/2022/Professional/VC/Tools/MSVC/14.33.31629/bin/Hostx64/x64/cl.exe - skipped
[2023-11-13T21:01:25.152Z]     -- Detecting CXX compile features
[2023-11-13T21:01:25.152Z]     -- Detecting CXX compile features - done
[2023-11-13T21:01:25.882Z]     -- Using Maya Light API Version 3
[2023-11-13T21:01:25.882Z]     -- Maya has setDefaultMaterialHandling API
[2023-11-13T21:01:25.882Z]     -- Maya has new point snapping API
[2023-11-13T21:01:25.882Z]     -- Maya has isInCrashHandler API
[2023-11-13T21:01:25.882Z]     -- Maya has getDisplayStyleOfAllViewports API
[2023-11-13T21:01:25.882Z]     -- Maya array iterator has difference_type trait
[2023-11-13T21:01:25.882Z]     -- MFnSet has getMemberPaths function
[2023-11-13T21:01:25.882Z]     -- MFnDisplayLayer exists
[2023-11-13T21:01:25.882Z]     -- MDisplayLayerMessage has MDisplayLayerMemberChangedFunction
[2023-11-13T21:01:25.882Z]     -- MRenderItem has HideOnPlayback API
[2023-11-13T21:01:25.882Z]     -- Found Maya: P:/shared/Artifactory/Windows/rundev-master/202311060140/runtime/1cbda2f/runTime/bin/maya.exe (found suitable version "2025", minimum required is "2024")
[2023-11-13T21:01:27.584Z]     -- Found Python: P:/shared/Artifactory/Windows/rundev-master/202311060140/runtime/1cbda2f/runTime/bin/mayapy.exe (found suitable exact version "3.10.8") found components: Interpreter
[2023-11-13T21:01:27.584Z]     -- Build mayaHydra with Python3 = ON
[2023-11-13T21:01:27.584Z]     --    PYTHON_INCLUDE_DIRS = P:/shared/Artifactory/Windows/rundev-master/202311060140/runtime/1cbda2f/runTime/include/Python310/Python
[2023-11-13T21:01:27.584Z]     --    PYTHON_LIBRARIES    = P:/shared/Artifactory/Windows/rundev-master/202311060140/runtime/1cbda2f/runTime/lib/python310.lib
[2023-11-13T21:01:27.584Z]     --    Python_EXECUTABLE   = P:/shared/Artifactory/Windows/rundev-master/202311060140/runtime/1cbda2f/runTime/bin/mayapy.exe
[2023-11-13T21:01:27.584Z]     -- Found Python3: P:\shared\Artifactory\Windows\rundev-master\202311060140\runtime\1cbda2f\runTime/lib/python310.lib (found suitable exact version "3.10.8") found components: Development Development.Module Development.Embed
[2023-11-13T21:01:27.925Z]     -- USD has new Sdr.PropertyTypes.Color4
[2023-11-13T21:01:27.925Z]     -- USD has MaterialX metadata support
[2023-11-13T21:01:27.925Z]     -- USD include dir: P:/shared/Artifactory/Windows/USD/ce619c6/include
[2023-11-13T21:01:27.925Z]     -- USD library dir: P:/shared/Artifactory/Windows/USD/ce619c6/lib
[2023-11-13T21:01:27.926Z]     -- USD version: 0.23.8
[2023-11-13T21:01:27.926Z]     -- USD Boost::boost version: 107800
[2023-11-13T21:01:27.926Z]     -- Found USD: P:/shared/Artifactory/Windows/USD/ce619c6 (found suitable version "0.23.8", minimum required is "0.22.11")
[2023-11-13T21:01:27.926Z]     Updated PYTHONPATH: P:\shared\Artifactory\Windows\USD\ce619c6\lib\python
[2023-11-13T21:01:27.926Z]     Updated PATH: P:\shared\Artifactory\Windows\cmake\3.20.3\afe857a\bin;C:\Python27\lib\site-packages\pywin32_system32;C:\Program Files\Microsoft Visual Studio\2022\Professional\VC\Tools\MSVC\14.33.31629\bin\HostX64\x64;C:\Program Files\Microsoft Visual Studio\2022\Professional\Common7\IDE\VC\VCPackages;C:\Program Files\Microsoft Visual Studio\2022\Professional\Common7\IDE\CommonExtensions\Microsoft\TestWindow;C:\Program Files\Microsoft Visual Studio\2022\Professional\Common7\IDE\CommonExtensions\Microsoft\TeamFoundation\Team Explorer;C:\Program Files\Microsoft Visual Studio\2022\Professional\MSBuild\Current\bin\Roslyn;C:\Program Files\Microsoft Visual Studio\2022\Professional\Team Tools\Performance Tools\x64;C:\Program Files\Microsoft Visual Studio\2022\Professional\Team Tools\Performance Tools;C:\Program Files (x86)\Microsoft Visual Studio\Shared\Common\VSPerfCollectionTools\vs2019\\x64;C:\Program Files (x86)\Microsoft Visual Studio\Shared\Common\VSPerfCollectionTools\vs2019\;C:\Program Files (x86)\Microsoft SDKs\Windows\v10.0A\bin\NETFX 4.8 Tools\x64\;C:\Program Files (x86)\HTML Help Workshop;C:\Program Files\Microsoft Visual Studio\2022\Professional\Common7\IDE\CommonExtensions\Microsoft\FSharp\Tools;C:\Program Files (x86)\Windows Kits\10\bin\10.0.19041.0\\x64;C:\Program Files (x86)\Windows Kits\10\bin\\x64;C:\Program Files\Microsoft Visual Studio\2022\Professional\\MSBuild\Current\Bin\amd64;C:\WINDOWS\Microsoft.NET\Framework64\v4.0.30319;C:\Program Files\Microsoft Visual Studio\2022\Professional\Common7\IDE\;C:\Program Files\Microsoft Visual Studio\2022\Professional\Common7\Tools\;C:\Python27\;C:\Python27\Scripts;C:\WINDOWS\system32;C:\WINDOWS;C:\WINDOWS\System32\Wbem;C:\WINDOWS\System32\WindowsPowerShell\v1.0\;C:\WINDOWS\System32\OpenSSH\;C:\ProgramData\chocolatey\bin;C:\Program Files (x86)\WiX Toolset v3.7\bin;C:\Program Files\dotnet\;C:\Program Files (x86)\Windows Kits\10\bin\10.0.18362.0\x64;C:\Program Files\Zulu\zulu-11\bin\;C:\Program Files (x86)\Windows Kits\10\bin\10.0.17763.0\x64;C:\Program Files (x86)\Windows Kits\10\bin\x64;C:\Program Files\Git\cmd;C:\Program Files\Git\usr\bin;C:\Program Files\Git\mingw64\bin;C:\Program Files\Git\bin;C:\Python38\;C:\Python38\Scripts;C:\StoreBoxClientWindows;C:\Program Files\Electric Cloud\ElectricCommander\bin;C:\Program Files\WinRAR;C:\Program Files\7-Zip;C:\Program Files (x86)\Windows Kits\10\bin\10.0.19041.0\x64;C:\Users\Administrator\AppData\Local\Microsoft\WindowsApps;C:\Users\Administrator\.dotnet\tools;C:\Program Files\Microsoft Visual Studio\2022\Professional\Common7\IDE\CommonExtensions\Microsoft\CMake\CMake\bin;C:\Program Files\Microsoft Visual Studio\2022\Professional\Common7\IDE\CommonExtensions\Microsoft\CMake\Ninja;C:\Program Files\Microsoft Visual Studio\2022\Professional\Common7\IDE\VC\Linux\bin\ConnectionManagerExe;P:\shared\Artifactory\Windows\USD\ce619c6\bin;P:\shared\Artifactory\Windows\USD\ce619c6\lib
[2023-11-13T21:01:27.926Z]     -- Found UFE: P:/shared/Artifactory/Windows/rundev-master/202311060140/runtime/1cbda2f/devkitBase/devkit/ufe/include (found version "0.5.11")
[2023-11-13T21:01:27.926Z]     -- UFE include dir: P:/shared/Artifactory/Windows/rundev-master/202311060140/runtime/1cbda2f/devkitBase/devkit/ufe/include
[2023-11-13T21:01:27.926Z]     -- UFE library: P:/shared/Artifactory/Windows/rundev-master/202311060140/runtime/1cbda2f/devkitBase/devkit/ufe/lib/ufe_0.lib
[2023-11-13T21:01:27.926Z]     -- UFE version: 0.5.11
[2023-11-13T21:01:27.926Z]     -- Maya has UFE lights API
[2023-11-13T21:01:27.926Z]     -- Maya has UFE scene segment API
[2023-11-13T21:01:27.926Z]     -- Maya has UFE TrieNode childrenComponents accessor
[2023-11-13T21:01:27.926Z]     -- Building with UFE 0.5.11.
[2023-11-13T21:01:27.926Z]     -- Found MaterialX
[2023-11-13T21:01:28.267Z]     -- Performing Test HAVE_STDATOMIC
[2023-11-13T21:01:28.996Z]     -- Performing Test HAVE_STDATOMIC - Success
[2023-11-13T21:01:28.996Z]     -- Found OpenGL: opengl32
[2023-11-13T21:01:30.175Z]     -- Check if linker can resolve circular dependencies - TRUE
[2023-11-13T21:01:30.175Z]     -- Found Qt 6.5.2 in Maya devkit. Hydra Scene Browser will be built.
[2023-11-13T21:01:30.175Z]     -- **** Building Gulrak From Github Repository.
[2023-11-13T21:01:30.175Z]     -- Populating gulrak
[2023-11-13T21:01:30.516Z]     -- Configuring done
[2023-11-13T21:01:30.516Z]     -- Generating done
[2023-11-13T21:01:30.516Z]     -- Build files have been written to: W:/build/RelWithDebInfo/_deps/gulrak-subbuild
[2023-11-13T21:01:31.245Z]     [1/9] Creating directories for 'gulrak-populate'
[2023-11-13T21:01:31.245Z]     [1/9] Performing download step (git clone) for 'gulrak-populate'
[2023-11-13T21:01:31.245Z]     Cloning into 'gulrak-src'...
[2023-11-13T21:01:32.947Z]     HEAD is now at 4e21ab3 Version bump and updated readme.
[2023-11-13T21:01:34.653Z]     [2/9] Performing update step for 'gulrak-populate'
[2023-11-13T21:01:34.994Z]     [4/9] No patch step for 'gulrak-populate'
[2023-11-13T21:01:35.334Z]     [5/9] No configure step for 'gulrak-populate'
[2023-11-13T21:01:35.334Z]     [6/9] No build step for 'gulrak-populate'
[2023-11-13T21:01:35.334Z]     [7/9] No install step for 'gulrak-populate'
[2023-11-13T21:01:35.674Z]     [8/9] No test step for 'gulrak-populate'
[2023-11-13T21:01:35.674Z]     [9/9] Completed 'gulrak-populate'
[2023-11-13T21:01:36.854Z]     -- ========== Installing GoogleTest... ==========
[2023-11-13T21:01:37.194Z]     -- Configuring done
[2023-11-13T21:01:37.194Z]     -- Generating done
[2023-11-13T21:01:37.194Z]     -- Build files have been written to: W:/build/RelWithDebInfo/googletest-config
[2023-11-13T21:01:37.924Z]     [1/8] Creating directories for 'googletest'
[2023-11-13T21:01:42.795Z]     [2/8] Performing download step (git clone) for 'googletest'
[2023-11-13T21:01:42.795Z]     Cloning into 'googletest-src'...
[2023-11-13T21:01:42.795Z]     HEAD is now at 703bd9ca Googletest export
[2023-11-13T21:01:43.134Z]     [3/8] Performing update step for 'googletest'
[2023-11-13T21:01:43.134Z]     [4/8] No patch step for 'googletest'
[2023-11-13T21:01:46.153Z]     [5/8] Performing configure step for 'googletest'
[2023-11-13T21:01:46.153Z]     Not searching for unused variables given on the command line.
[2023-11-13T21:01:46.153Z]     CMake Deprecation Warning at CMakeLists.txt:4 (cmake_minimum_required):
[2023-11-13T21:01:46.154Z]       Compatibility with CMake < 2.8.12 will be removed from a future version of
[2023-11-13T21:01:46.154Z]       CMake.
[2023-11-13T21:01:46.154Z]     
[2023-11-13T21:01:46.154Z]       Update the VERSION argument <min> value or use a ...<max> suffix to tell
[2023-11-13T21:01:46.154Z]       CMake that the project does not need compatibility with older versions.
[2023-11-13T21:01:46.154Z]     
[2023-11-13T21:01:46.154Z]     
[2023-11-13T21:01:46.154Z]     -- The C compiler identification is MSVC 19.33.31629.0
[2023-11-13T21:01:46.154Z]     -- The CXX compiler identification is MSVC 19.33.31629.0
[2023-11-13T21:01:46.154Z]     -- Detecting C compiler ABI info
[2023-11-13T21:01:46.154Z]     -- Detecting C compiler ABI info - done
[2023-11-13T21:01:46.154Z]     -- Check for working C compiler: C:/Program Files/Microsoft Visual Studio/2022/Professional/VC/Tools/MSVC/14.33.31629/bin/Hostx64/x64/cl.exe - skipped
[2023-11-13T21:01:46.154Z]     -- Detecting C compile features
[2023-11-13T21:01:46.154Z]     -- Detecting C compile features - done
[2023-11-13T21:01:46.154Z]     -- Detecting CXX compiler ABI info
[2023-11-13T21:01:46.154Z]     -- Detecting CXX compiler ABI info - done
[2023-11-13T21:01:46.154Z]     -- Check for working CXX compiler: C:/Program Files/Microsoft Visual Studio/2022/Professional/VC/Tools/MSVC/14.33.31629/bin/Hostx64/x64/cl.exe - skipped
[2023-11-13T21:01:46.154Z]     -- Detecting CXX compile features
[2023-11-13T21:01:46.154Z]     -- Detecting CXX compile features - done
[2023-11-13T21:01:46.154Z]     CMake Deprecation Warning at googletest/CMakeLists.txt:56 (cmake_minimum_required):
[2023-11-13T21:01:46.154Z]       Compatibility with CMake < 2.8.12 will be removed from a future version of
[2023-11-13T21:01:46.154Z]       CMake.
[2023-11-13T21:01:46.154Z]     
[2023-11-13T21:01:46.154Z]       Update the VERSION argument <min> value or use a ...<max> suffix to tell
[2023-11-13T21:01:46.154Z]       CMake that the project does not need compatibility with older versions.
[2023-11-13T21:01:46.154Z]     
[2023-11-13T21:01:46.154Z]     
[2023-11-13T21:01:46.154Z]     -- Found PythonInterp: C:/Python27/python.exe (found version "2.7.18")
[2023-11-13T21:01:46.154Z]     -- Looking for pthread.h
[2023-11-13T21:01:46.154Z]     -- Looking for pthread.h - not found
[2023-11-13T21:01:46.154Z]     -- Found Threads: TRUE
[2023-11-13T21:01:46.154Z]     -- Configuring done
[2023-11-13T21:01:46.154Z]     -- Generating done
[2023-11-13T21:01:46.154Z]     -- Build files have been written to: W:/build/RelWithDebInfo/googletest-build
[2023-11-13T21:01:50.994Z]     [6/8] Performing build step for 'googletest'
[2023-11-13T21:01:50.994Z]     [1/4] Building CXX object googletest\CMakeFiles\gtest_main.dir\src\gtest_main.cc.obj
[2023-11-13T21:01:50.994Z]     [2/4] Building CXX object googletest\CMakeFiles\gtest.dir\src\gtest-all.cc.obj
[2023-11-13T21:01:50.994Z]     [3/4] Linking CXX shared library bin\gtest.dll
[2023-11-13T21:01:50.994Z]     [4/4] Linking CXX shared library bin\gtest_main.dll
[2023-11-13T21:01:50.994Z]     [7/8] Performing install step for 'googletest'
[2023-11-13T21:01:50.994Z]     [0/1] Install the project...
[2023-11-13T21:01:50.994Z]     -- Install configuration: "RelWithDebInfo"
[2023-11-13T21:01:50.994Z]     [8/8] Completed 'googletest'
[2023-11-13T21:01:50.994Z]     -- ========== ...  GoogleTest installed. ==========
[2023-11-13T21:01:52.695Z]     -- Found GTest: W:/build/RelWithDebInfo/googletest-install/lib/gtest.lib
[2023-11-13T21:01:52.695Z]     -- promoting: S:/jenkins/workspace/ECP/ecg-maya-hydra/ecg-maya-hydra-branch-preflight-python3-windows/ecg-maya-hydra/maya-hydra/lib/mayaHydra/mayaPlugin/pluginUtils.h
[2023-11-13T21:01:52.695Z]     -- promoting: S:/jenkins/workspace/ECP/ecg-maya-hydra/ecg-maya-hydra-branch-preflight-python3-windows/ecg-maya-hydra/maya-hydra/lib/mayaHydra/hydraExtensions/api.h
[2023-11-13T21:01:52.695Z]     -- promoting: S:/jenkins/workspace/ECP/ecg-maya-hydra/ecg-maya-hydra-branch-preflight-python3-windows/ecg-maya-hydra/maya-hydra/lib/mayaHydra/hydraExtensions/debugCodes.h
[2023-11-13T21:01:52.695Z]     -- promoting: S:/jenkins/workspace/ECP/ecg-maya-hydra/ecg-maya-hydra-branch-preflight-python3-windows/ecg-maya-hydra/maya-hydra/lib/mayaHydra/hydraExtensions/hydraUtils.h
[2023-11-13T21:01:52.695Z]     -- promoting: S:/jenkins/workspace/ECP/ecg-maya-hydra/ecg-maya-hydra-branch-preflight-python3-windows/ecg-maya-hydra/maya-hydra/lib/mayaHydra/hydraExtensions/interface.h
[2023-11-13T21:01:52.695Z]     -- promoting: S:/jenkins/workspace/ECP/ecg-maya-hydra/ecg-maya-hydra-branch-preflight-python3-windows/ecg-maya-hydra/maya-hydra/lib/mayaHydra/hydraExtensions/interfaceImp.h
[2023-11-13T21:01:52.695Z]     -- promoting: S:/jenkins/workspace/ECP/ecg-maya-hydra/ecg-maya-hydra-branch-preflight-python3-windows/ecg-maya-hydra/maya-hydra/lib/mayaHydra/hydraExtensions/mayaUtils.h
[2023-11-13T21:01:52.695Z]     -- promoting: S:/jenkins/workspace/ECP/ecg-maya-hydra/ecg-maya-hydra-branch-preflight-python3-windows/ecg-maya-hydra/maya-hydra/lib/mayaHydra/hydraExtensions/mixedUtils.h
[2023-11-13T21:01:52.695Z]     -- promoting: S:/jenkins/workspace/ECP/ecg-maya-hydra/ecg-maya-hydra-branch-preflight-python3-windows/ecg-maya-hydra/maya-hydra/lib/mayaHydra/hydraExtensions/mayaHydraSceneProducer.h
[2023-11-13T21:01:52.695Z]     -- promoting: S:/jenkins/workspace/ECP/ecg-maya-hydra/ecg-maya-hydra-branch-preflight-python3-windows/ecg-maya-hydra/maya-hydra/lib/mayaHydra/hydraExtensions/adapters/adapter.h
[2023-11-13T21:01:52.695Z]     -- promoting: S:/jenkins/workspace/ECP/ecg-maya-hydra/ecg-maya-hydra-branch-preflight-python3-windows/ecg-maya-hydra/maya-hydra/lib/mayaHydra/hydraExtensions/adapters/adapterDebugCodes.h
[2023-11-13T21:01:52.695Z]     -- promoting: S:/jenkins/workspace/ECP/ecg-maya-hydra/ecg-maya-hydra-branch-preflight-python3-windows/ecg-maya-hydra/maya-hydra/lib/mayaHydra/hydraExtensions/adapters/adapterRegistry.h
[2023-11-13T21:01:52.695Z]     -- promoting: S:/jenkins/workspace/ECP/ecg-maya-hydra/ecg-maya-hydra-branch-preflight-python3-windows/ecg-maya-hydra/maya-hydra/lib/mayaHydra/hydraExtensions/adapters/cameraAdapter.h
[2023-11-13T21:01:52.695Z]     -- promoting: S:/jenkins/workspace/ECP/ecg-maya-hydra/ecg-maya-hydra-branch-preflight-python3-windows/ecg-maya-hydra/maya-hydra/lib/mayaHydra/hydraExtensions/adapters/constantShadowMatrix.h
[2023-11-13T21:01:52.695Z]     -- promoting: S:/jenkins/workspace/ECP/ecg-maya-hydra/ecg-maya-hydra-branch-preflight-python3-windows/ecg-maya-hydra/maya-hydra/lib/mayaHydra/hydraExtensions/adapters/dagAdapter.h
[2023-11-13T21:01:52.695Z]     -- promoting: S:/jenkins/workspace/ECP/ecg-maya-hydra/ecg-maya-hydra-branch-preflight-python3-windows/ecg-maya-hydra/maya-hydra/lib/mayaHydra/hydraExtensions/adapters/renderItemAdapter.h
[2023-11-13T21:01:52.695Z]     -- promoting: S:/jenkins/workspace/ECP/ecg-maya-hydra/ecg-maya-hydra-branch-preflight-python3-windows/ecg-maya-hydra/maya-hydra/lib/mayaHydra/hydraExtensions/adapters/lightAdapter.h
[2023-11-13T21:01:52.695Z]     -- promoting: S:/jenkins/workspace/ECP/ecg-maya-hydra/ecg-maya-hydra-branch-preflight-python3-windows/ecg-maya-hydra/maya-hydra/lib/mayaHydra/hydraExtensions/adapters/materialAdapter.h
[2023-11-13T21:01:52.695Z]     -- promoting: S:/jenkins/workspace/ECP/ecg-maya-hydra/ecg-maya-hydra-branch-preflight-python3-windows/ecg-maya-hydra/maya-hydra/lib/mayaHydra/hydraExtensions/adapters/materialNetworkConverter.h
[2023-11-13T21:01:52.695Z]     -- promoting: S:/jenkins/workspace/ECP/ecg-maya-hydra/ecg-maya-hydra-branch-preflight-python3-windows/ecg-maya-hydra/maya-hydra/lib/mayaHydra/hydraExtensions/adapters/mayaAttrs.h
[2023-11-13T21:01:52.695Z]     -- promoting: S:/jenkins/workspace/ECP/ecg-maya-hydra/ecg-maya-hydra-branch-preflight-python3-windows/ecg-maya-hydra/maya-hydra/lib/mayaHydra/hydraExtensions/adapters/shapeAdapter.h
[2023-11-13T21:01:52.695Z]     -- promoting: S:/jenkins/workspace/ECP/ecg-maya-hydra/ecg-maya-hydra-branch-preflight-python3-windows/ecg-maya-hydra/maya-hydra/lib/mayaHydra/hydraExtensions/adapters/tokens.h
[2023-11-13T21:01:52.695Z]     -- promoting: S:/jenkins/workspace/ECP/ecg-maya-hydra/ecg-maya-hydra-branch-preflight-python3-windows/ecg-maya-hydra/maya-hydra/lib/mayaHydra/hydraExtensions/delegates/delegate.h
[2023-11-13T21:01:52.695Z]     -- promoting: S:/jenkins/workspace/ECP/ecg-maya-hydra/ecg-maya-hydra-branch-preflight-python3-windows/ecg-maya-hydra/maya-hydra/lib/mayaHydra/hydraExtensions/delegates/delegateCtx.h
[2023-11-13T21:01:52.695Z]     -- promoting: S:/jenkins/workspace/ECP/ecg-maya-hydra/ecg-maya-hydra-branch-preflight-python3-windows/ecg-maya-hydra/maya-hydra/lib/mayaHydra/hydraExtensions/delegates/delegateDebugCodes.h
[2023-11-13T21:01:52.695Z]     -- promoting: S:/jenkins/workspace/ECP/ecg-maya-hydra/ecg-maya-hydra-branch-preflight-python3-windows/ecg-maya-hydra/maya-hydra/lib/mayaHydra/hydraExtensions/delegates/delegateRegistry.h
[2023-11-13T21:01:52.695Z]     -- promoting: S:/jenkins/workspace/ECP/ecg-maya-hydra/ecg-maya-hydra-branch-preflight-python3-windows/ecg-maya-hydra/maya-hydra/lib/mayaHydra/hydraExtensions/delegates/params.h
[2023-11-13T21:01:52.695Z]     -- promoting: S:/jenkins/workspace/ECP/ecg-maya-hydra/ecg-maya-hydra-branch-preflight-python3-windows/ecg-maya-hydra/maya-hydra/lib/mayaHydra/hydraExtensions/delegates/sceneDelegate.h
[2023-11-13T21:01:52.695Z]     -- promoting: S:/jenkins/workspace/ECP/ecg-maya-hydra/ecg-maya-hydra-branch-preflight-python3-windows/ecg-maya-hydra/maya-hydra/lib/mayaHydra/hydraExtensions/delegates/defaultLightDelegate.h
[2023-11-13T21:01:52.695Z]     -- promoting: S:/jenkins/workspace/ECP/ecg-maya-hydra/ecg-maya-hydra-branch-preflight-python3-windows/ecg-maya-hydra/maya-hydra/lib/mayaHydra/hydraExtensions/delegates/testDelegate.h
[2023-11-13T21:01:52.696Z]     -- promoting: S:/jenkins/workspace/ECP/ecg-maya-hydra/ecg-maya-hydra-branch-preflight-python3-windows/ecg-maya-hydra/maya-hydra/lib/mayaHydra/hydraExtensions/sceneIndex/registration.h
[2023-11-13T21:01:52.696Z]     -- promoting: S:/jenkins/workspace/ECP/ecg-maya-hydra/ecg-maya-hydra-branch-preflight-python3-windows/ecg-maya-hydra/maya-hydra/lib/mayaHydra/hydraExtensions/sceneIndex/mayaHydraSceneIndex.h
[2023-11-13T21:01:52.696Z]     -- promoting: S:/jenkins/workspace/ECP/ecg-maya-hydra/ecg-maya-hydra-branch-preflight-python3-windows/ecg-maya-hydra/maya-hydra/lib/mayaHydra/hydraExtensions/sceneIndex/mayaHydraDataSource.h
[2023-11-13T21:01:52.696Z]     -- promoting: S:/jenkins/workspace/ECP/ecg-maya-hydra/ecg-maya-hydra-branch-preflight-python3-windows/ecg-maya-hydra/maya-hydra/lib/mayaHydra/hydraExtensions/sceneIndex/mayaHydraPrimvarDataSource.h
[2023-11-13T21:01:52.696Z]     -- promoting: S:/jenkins/workspace/ECP/ecg-maya-hydra/ecg-maya-hydra-branch-preflight-python3-windows/ecg-maya-hydra/maya-hydra/lib/mayaHydra/hydraExtensions/sceneIndex/mayaHydraDisplayStyleDataSource.h
[2023-11-13T21:01:52.696Z]     -- promoting: S:/jenkins/workspace/ECP/ecg-maya-hydra/ecg-maya-hydra-branch-preflight-python3-windows/ecg-maya-hydra/maya-hydra/lib/mayaHydra/hydraExtensions/sceneIndex/mayaHydraCameraDataSource.h
[2023-11-13T21:01:52.696Z]     -- promoting: S:/jenkins/workspace/ECP/ecg-maya-hydra/ecg-maya-hydra-branch-preflight-python3-windows/ecg-maya-hydra/maya-hydra/lib/mayaHydra/hydraExtensions/sceneIndex/mayaHydraLightDataSource.h
[2023-11-13T21:01:52.696Z]     -- promoting: S:/jenkins/workspace/ECP/ecg-maya-hydra/ecg-maya-hydra-branch-preflight-python3-windows/ecg-maya-hydra/maya-hydra/lib/mayaHydra/hydraExtensions/sceneIndex/mayaHydraDefaultLightDataSource.h
[2023-11-13T21:01:52.696Z]     -- promoting: S:/jenkins/workspace/ECP/ecg-maya-hydra/ecg-maya-hydra-branch-preflight-python3-windows/ecg-maya-hydra/maya-hydra/lib/mayaHydra/ufeExtensions/api.h
[2023-11-13T21:01:52.696Z]     -- promoting: S:/jenkins/workspace/ECP/ecg-maya-hydra/ecg-maya-hydra-branch-preflight-python3-windows/ecg-maya-hydra/maya-hydra/lib/mayaHydra/ufeExtensions/Global.h
[2023-11-13T21:01:52.696Z]     -- promoting: S:/jenkins/workspace/ECP/ecg-maya-hydra/ecg-maya-hydra-branch-preflight-python3-windows/ecg-maya-hydra/maya-hydra/lib/flowViewport/api.h
[2023-11-13T21:01:53.035Z]     -- promoting: S:/jenkins/workspace/ECP/ecg-maya-hydra/ecg-maya-hydra-branch-preflight-python3-windows/ecg-maya-hydra/maya-hydra/lib/flowViewport/debugCodes.h
[2023-11-13T21:01:53.035Z]     -- promoting: S:/jenkins/workspace/ECP/ecg-maya-hydra/ecg-maya-hydra-branch-preflight-python3-windows/ecg-maya-hydra/maya-hydra/lib/flowViewport/global.h
[2023-11-13T21:01:53.035Z]     -- promoting: S:/jenkins/workspace/ECP/ecg-maya-hydra/ecg-maya-hydra-branch-preflight-python3-windows/ecg-maya-hydra/maya-hydra/lib/flowViewport/tokens.h
[2023-11-13T21:01:53.035Z]     -- promoting: S:/jenkins/workspace/ECP/ecg-maya-hydra/ecg-maya-hydra-branch-preflight-python3-windows/ecg-maya-hydra/maya-hydra/lib/flowViewport/colorPreferences/fvpColorChanged.h
[2023-11-13T21:01:53.035Z]     -- promoting: S:/jenkins/workspace/ECP/ecg-maya-hydra/ecg-maya-hydra-branch-preflight-python3-windows/ecg-maya-hydra/maya-hydra/lib/flowViewport/colorPreferences/fvpColorPreferences.h
[2023-11-13T21:01:53.035Z]     -- promoting: S:/jenkins/workspace/ECP/ecg-maya-hydra/ecg-maya-hydra-branch-preflight-python3-windows/ecg-maya-hydra/maya-hydra/lib/flowViewport/colorPreferences/fvpColorPreferencesTokens.h
[2023-11-13T21:01:53.035Z]     -- promoting: S:/jenkins/workspace/ECP/ecg-maya-hydra/ecg-maya-hydra-branch-preflight-python3-windows/ecg-maya-hydra/maya-hydra/lib/flowViewport/colorPreferences/fvpColorPreferencesTranslator.h
[2023-11-13T21:01:53.035Z]     -- promoting: S:/jenkins/workspace/ECP/ecg-maya-hydra/ecg-maya-hydra-branch-preflight-python3-windows/ecg-maya-hydra/maya-hydra/lib/flowViewport/sceneIndex/fvpMergingSceneIndex.h
[2023-11-13T21:01:53.035Z]     -- promoting: S:/jenkins/workspace/ECP/ecg-maya-hydra/ecg-maya-hydra-branch-preflight-python3-windows/ecg-maya-hydra/maya-hydra/lib/flowViewport/sceneIndex/fvpPassThroughSelectionInterfaceSceneIndex.h
[2023-11-13T21:01:53.036Z]     -- promoting: S:/jenkins/workspace/ECP/ecg-maya-hydra/ecg-maya-hydra-branch-preflight-python3-windows/ecg-maya-hydra/maya-hydra/lib/flowViewport/sceneIndex/fvpPathInterface.h
[2023-11-13T21:01:53.036Z]     -- promoting: S:/jenkins/workspace/ECP/ecg-maya-hydra/ecg-maya-hydra-branch-preflight-python3-windows/ecg-maya-hydra/maya-hydra/lib/flowViewport/sceneIndex/fvpPathInterfaceSceneIndex.h
[2023-11-13T21:01:53.036Z]     -- promoting: S:/jenkins/workspace/ECP/ecg-maya-hydra/ecg-maya-hydra-branch-preflight-python3-windows/ecg-maya-hydra/maya-hydra/lib/flowViewport/sceneIndex/fvpRenderIndexProxy.h
[2023-11-13T21:01:53.036Z]     -- promoting: S:/jenkins/workspace/ECP/ecg-maya-hydra/ecg-maya-hydra-branch-preflight-python3-windows/ecg-maya-hydra/maya-hydra/lib/flowViewport/sceneIndex/fvpSelectionInterface.h
[2023-11-13T21:01:53.036Z]     -- promoting: S:/jenkins/workspace/ECP/ecg-maya-hydra/ecg-maya-hydra-branch-preflight-python3-windows/ecg-maya-hydra/maya-hydra/lib/flowViewport/sceneIndex/fvpSelectionSceneIndex.h
[2023-11-13T21:01:53.036Z]     -- promoting: S:/jenkins/workspace/ECP/ecg-maya-hydra/ecg-maya-hydra-branch-preflight-python3-windows/ecg-maya-hydra/maya-hydra/lib/flowViewport/sceneIndex/fvpWireframeSelectionHighlightSceneIndex.h
[2023-11-13T21:01:53.036Z]     -- promoting: S:/jenkins/workspace/ECP/ecg-maya-hydra/ecg-maya-hydra-branch-preflight-python3-windows/ecg-maya-hydra/maya-hydra/lib/flowViewport/API/fvpSelectionClient.h
[2023-11-13T21:01:53.036Z]     -- promoting: S:/jenkins/workspace/ECP/ecg-maya-hydra/ecg-maya-hydra-branch-preflight-python3-windows/ecg-maya-hydra/maya-hydra/lib/flowViewport/API/fvpFlowSelectionInterface.h
[2023-11-13T21:01:53.036Z]     -- promoting: S:/jenkins/workspace/ECP/ecg-maya-hydra/ecg-maya-hydra-branch-preflight-python3-windows/ecg-maya-hydra/maya-hydra/lib/flowViewport/API/fvpVersionInterface.h
[2023-11-13T21:01:53.036Z]     -- promoting: S:/jenkins/workspace/ECP/ecg-maya-hydra/ecg-maya-hydra-branch-preflight-python3-windows/ecg-maya-hydra/maya-hydra/lib/flowViewport/API/interfacesImp/fvpSelectionInterfaceImp.h
[2023-11-13T21:01:53.036Z]     -- promoting: S:/jenkins/workspace/ECP/ecg-maya-hydra/ecg-maya-hydra-branch-preflight-python3-windows/ecg-maya-hydra/maya-hydra/lib/flowViewport/API/interfacesImp/fvpVersionInterfaceImp.h
[2023-11-13T21:01:53.036Z]     -- promoting: S:/jenkins/workspace/ECP/ecg-maya-hydra/ecg-maya-hydra-branch-preflight-python3-windows/ecg-maya-hydra/maya-hydra/lib/flowViewport/API/samples/fvpSelectionClientExample.h
[2023-11-13T21:01:53.036Z]     -- promoting: S:/jenkins/workspace/ECP/ecg-maya-hydra/ecg-maya-hydra-branch-preflight-python3-windows/ecg-maya-hydra/maya-hydra/lib/flowViewport/selection/fvpSelectionTracker.h
[2023-11-13T21:01:53.036Z]     -- promoting: S:/jenkins/workspace/ECP/ecg-maya-hydra/ecg-maya-hydra-branch-preflight-python3-windows/ecg-maya-hydra/maya-hydra/lib/flowViewport/selection/fvpSelectionTask.h
[2023-11-13T21:01:54.737Z]     -- Configuring done
[2023-11-13T21:01:55.468Z]     -- Generating done
[2023-11-13T21:01:55.468Z]     -- Build files have been written to: W:/build/RelWithDebInfo
[2023-11-13T21:01:55.468Z]     
[2023-11-13T21:01:55.468Z]         Building with settings:
[2023-11-13T21:01:55.468Z]           Source directory          S:\jenkins\workspace\ECP\ecg-maya-hydra\ecg-maya-hydra-branch-preflight-python3-windows\ecg-maya-hydra\maya-hydra
[2023-11-13T21:01:55.468Z]           Workspace directory       W:\
[2023-11-13T21:01:55.468Z]           Build directory           W:\build\RelWithDebInfo
[2023-11-13T21:01:55.468Z]           Install directory         W:\install\RelWithDebInfo\MayaHydra
[2023-11-13T21:01:55.468Z]           Variant                   RelWithDebInfo
[2023-11-13T21:01:55.468Z]           Python Debug              Off
[2023-11-13T21:01:55.468Z]           CMake generator           Ninja
[2023-11-13T21:01:55.468Z]           Build arguments           ['-DCMAKE_MAKE_PROGRAM=P:/shared/Artifactory/Windows/ninja/1.10.2/ccacdf8/ninja.exe', '-DPYTHON_INCLUDE_DIR=P:/shared/Artifactory/Windows/rundev-master/202311060140/runtime/1cbda2f/runTime/include/Python310/Python', '-DPython_EXECUTABLE=P:/shared/Artifactory/Windows/rundev-master/202311060140/runtime/1cbda2f/runTime/bin/mayapy.exe', '-DPYTHON_LIBRARIES=P:/shared/Artifactory/Windows/rundev-master/202311060140/runtime/1cbda2f/runTime/lib/python310.lib', '-DBUILD_WITH_PYTHON_3=ON', '-DBUILD_WITH_PYTHON_3_VERSION=3.10', '-DCMAKE_WANT_MATERIALX_BUILD=ON', '-DCMAKE_PREFIX_PATH=P:\\shared\\Artifactory\\Windows\\USD\\ce619c6']
[2023-11-13T21:01:55.468Z]           Stages arguments          ['configure']
[2023-11-13T21:01:55.468Z]           CTest arguments           ['--parallel 16']
[2023-11-13T21:01:55.468Z]     STATUS: Found Maya Qt headers in: P:\shared\Artifactory\Windows\rundev-master\202311060140\runtime\1cbda2f\devkitBase
[2023-11-13T21:01:55.468Z]     Success MayaHydra build and install !!!!
[2023-11-13T21:01:55.468Z]     Elapsed time: 00:00:33
[Pipeline] bat
[2023-11-13T21:01:56.103Z] Deleting alias drive W:
[Pipeline] bat
[2023-11-13T21:01:56.756Z] Deleting alias drive P:
[Pipeline] }
[Pipeline] // withEnv
[Pipeline] }
[Pipeline] // timeout
[Pipeline] }
[Pipeline] // stage
[Pipeline] }
[Pipeline] // timestamps
[Pipeline] timestamps
[Pipeline] {
[Pipeline] stage
[Pipeline] { (Build)
[Pipeline] timeout
[2023-11-13T21:01:56.962Z] Timeout set to expire in 6 hr 0 min
[Pipeline] {
[Pipeline] withEnv
[Pipeline] {
[Pipeline] bat
[2023-11-13T21:01:57.595Z] Creating alias drive P: to S:\jenkins\workspace
[Pipeline] bat
[2023-11-13T21:01:58.245Z] Creating alias drive W: to S:\jenkins\workspace\ECP\ecg-maya-hydra\ecg-maya-hydra-branch-preflight-python3-windows
[Pipeline] bat
[2023-11-13T21:01:59.266Z] "C:\Program Files\Microsoft Visual Studio\2022\Professional\VC\Auxiliary\Build\vcvarsall.bat" x64
[2023-11-13T21:01:59.606Z] **********************************************************************
[2023-11-13T21:01:59.606Z] ** Visual Studio 2022 Developer Command Prompt v17.3.2
[2023-11-13T21:01:59.606Z] ** Copyright (c) 2022 Microsoft Corporation
[2023-11-13T21:01:59.606Z] **********************************************************************
[2023-11-13T21:02:00.790Z] [vcvarsall.bat] Environment initialized for: 'x64'
[2023-11-13T21:02:00.790Z] python ecg-maya-hydra/build.py --stages=build --workspace-dir=W:\ --artifactory-dir=P:\shared\Artifactory --build-dir=W:\build --install-dir=W:\install --signing-dir=W:\signing --package-dir=W:\package --output-dir=W:\output --stash-dir=W:\stash --jenkins-build=389 --git-commit=4fe99ace41393792dbfde32b706541f5894d5ee3 --git-branch=master --variants=Debug --interactive-tests=true --post-zips=false --osx-binary-architecture-target=ub2 --osx-deployment-target=11.0 --osx-base-sdk=CurrentActiveSDK --build-retry=3 --maya-cut-config=maya-rundev-master-debug.yaml --maya-package=rundev-master-debug --stage-banner
[2023-11-13T21:02:01.971Z] Using Maya cut from P:\shared\Artifactory\Windows\rundev-master-debug\202310260154\runtime\2caf91a
[2023-11-13T21:02:01.971Z] Using Maya ADSK Signatures from P:\shared\Artifactory\Windows\adsk-plugin-signatures-maya\2023\3ae1ae7
[2023-11-13T21:02:01.971Z] Using Maya Security Library from P:\shared\Artifactory\Windows\maya-security-library\3.4.0\284407f
[2023-11-13T21:02:01.971Z] 
[2023-11-13T21:02:01.971Z] ================================================================================
[2023-11-13T21:02:01.971Z]                                  build (Debug)
[2023-11-13T21:02:01.971Z] ================================================================================
[2023-11-13T21:02:01.971Z] Maya Python Debug Info:
[2023-11-13T21:02:01.971Z]   mayapy executable   = P:\shared\Artifactory\Windows\rundev-master-debug\202310260154\runtime\2caf91a\runTime\bin\mayapy.exe
[2023-11-13T21:02:01.971Z]   Include Folder      = P:\shared\Artifactory\Windows\rundev-master-debug\202310260154\runtime\2caf91a\runTime\include\Python310\Python
[2023-11-13T21:02:01.971Z]   Library             = P:\shared\Artifactory\Windows\rundev-master-debug\202310260154\runtime\2caf91a\runTime\lib\python310_d.lib
[2023-11-13T21:02:01.971Z]   site-package Folder = P:\shared\Artifactory\Windows\rundev-master-debug\202310260154\runtime\2caf91a\runTime\Python\Lib\site-packages
[2023-11-13T21:02:04.288Z] In workdir: S:\jenkins\workspace\ECP\ecg-maya-hydra\ecg-maya-hydra-branch-preflight-python3-windows\ecg-maya-hydra\maya-hydra
[2023-11-13T21:02:04.288Z] Executing: 'P:\\shared\\Artifactory\\Windows\\rundev-master-debug\\202310260154\\runtime\\2caf91a\\runTime\\bin\\mayapy.exe' 'S:\\jenkins\\workspace\\ECP\\ecg-maya-hydra\\ecg-maya-hydra-branch-preflight-python3-windows\\ecg-maya-hydra\\maya-hydra\\build.py' --generator Ninja --build-debug --maya-location 'P:\\shared\\Artifactory\\Windows\\rundev-master-debug\\202310260154\\runtime\\2caf91a\\runTime' --devkit-location 'P:\\shared\\Artifactory\\Windows\\rundev-master-debug\\202310260154\\runtime\\2caf91a\\devkitBase' --pxrusd-location 'P:\\shared\\Artifactory\\Windows\\USD\\972e371' '--build-args=-DCMAKE_MAKE_PROGRAM=P:/shared/Artifactory/Windows/ninja/1.10.2/ccacdf8/ninja.exe,-DPYTHON_INCLUDE_DIR=P:/shared/Artifactory/Windows/rundev-master-debug/202310260154/runtime/2caf91a/runTime/include/Python310/Python,-DPython_EXECUTABLE=P:/shared/Artifactory/Windows/rundev-master-debug/202310260154/runtime/2caf91a/runTime/bin/mayapy.exe,-DPYTHON_LIBRARIES=P:/shared/Artifactory/Windows/rundev-master-debug/202310260154/runtime/2caf91a/runTime/lib/python310_d.lib,-DBUILD_WITH_PYTHON_3=ON,-DBUILD_WITH_PYTHON_3_VERSION=3.10,-DCMAKE_WANT_MATERIALX_BUILD=ON,-DCMAKE_PREFIX_PATH=P:\\shared\\Artifactory\\Windows\\USD\\972e371' --debug-python '--ctest-args=--parallel 16' --stages=build --redirect-outstream-file=False --install-location 'W:\\install\\Debug\\MayaHydra' 'W:\\'
[2023-11-13T21:02:04.288Z] Modified environment variables:
[2023-11-13T21:02:04.289Z]     PATH=P:\shared\Artifactory\Windows\cmake\3.20.3\afe857a\bin;C:\Python27\lib\site-packages\pywin32_system32;C:\Program Files\Microsoft Visual Studio\2022\Professional\VC\Tools\MSVC\14.33.31629\bin\HostX64\x64;C:\Program Files\Microsoft Visual Studio\2022\Professional\Common7\IDE\VC\VCPackages;C:\Program Files\Microsoft Visual Studio\2022\Professional\Common7\IDE\CommonExtensions\Microsoft\TestWindow;C:\Program Files\Microsoft Visual Studio\2022\Professional\Common7\IDE\CommonExtensions\Microsoft\TeamFoundation\Team Explorer;C:\Program Files\Microsoft Visual Studio\2022\Professional\MSBuild\Current\bin\Roslyn;C:\Program Files\Microsoft Visual Studio\2022\Professional\Team Tools\Performance Tools\x64;C:\Program Files\Microsoft Visual Studio\2022\Professional\Team Tools\Performance Tools;C:\Program Files (x86)\Microsoft Visual Studio\Shared\Common\VSPerfCollectionTools\vs2019\\x64;C:\Program Files (x86)\Microsoft Visual Studio\Shared\Common\VSPerfCollectionTools\vs2019\;C:\Program Files (x86)\Microsoft SDKs\Windows\v10.0A\bin\NETFX 4.8 Tools\x64\;C:\Program Files (x86)\HTML Help Workshop;C:\Program Files\Microsoft Visual Studio\2022\Professional\Common7\IDE\CommonExtensions\Microsoft\FSharp\Tools;C:\Program Files (x86)\Windows Kits\10\bin\10.0.19041.0\\x64;C:\Program Files (x86)\Windows Kits\10\bin\\x64;C:\Program Files\Microsoft Visual Studio\2022\Professional\\MSBuild\Current\Bin\amd64;C:\WINDOWS\Microsoft.NET\Framework64\v4.0.30319;C:\Program Files\Microsoft Visual Studio\2022\Professional\Common7\IDE\;C:\Program Files\Microsoft Visual Studio\2022\Professional\Common7\Tools\;C:\Python27\;C:\Python27\Scripts;C:\WINDOWS\system32;C:\WINDOWS;C:\WINDOWS\System32\Wbem;C:\WINDOWS\System32\WindowsPowerShell\v1.0\;C:\WINDOWS\System32\OpenSSH\;C:\ProgramData\chocolatey\bin;C:\Program Files (x86)\WiX Toolset v3.7\bin;C:\Program Files\dotnet\;C:\Program Files (x86)\Windows Kits\10\bin\10.0.18362.0\x64;C:\Program Files\Zulu\zulu-11\bin\;C:\Program Files (x86)\Windows Kits\10\bin\10.0.17763.0\x64;C:\Program Files (x86)\Windows Kits\10\bin\x64;C:\Program Files\Git\cmd;C:\Program Files\Git\usr\bin;C:\Program Files\Git\mingw64\bin;C:\Program Files\Git\bin;C:\Python38\;C:\Python38\Scripts;C:\StoreBoxClientWindows;C:\Program Files\Electric Cloud\ElectricCommander\bin;C:\Program Files\WinRAR;C:\Program Files\7-Zip;C:\Program Files (x86)\Windows Kits\10\bin\10.0.19041.0\x64;C:\Users\Administrator\AppData\Local\Microsoft\WindowsApps;C:\Users\Administrator\.dotnet\tools;C:\Program Files\Microsoft Visual Studio\2022\Professional\Common7\IDE\CommonExtensions\Microsoft\CMake\CMake\bin;C:\Program Files\Microsoft Visual Studio\2022\Professional\Common7\IDE\CommonExtensions\Microsoft\CMake\Ninja;C:\Program Files\Microsoft Visual Studio\2022\Professional\Common7\IDE\VC\Linux\bin\ConnectionManagerExe
[2023-11-13T21:02:06.002Z]     [1/101] Building CXX object lib\flowViewport\CMakeFiles\flowViewport.dir\API\interfacesImp\fvpVersionInterfaceImp.cpp.obj
[2023-11-13T21:02:06.002Z]     [2/101] Building CXX object lib\flowViewport\CMakeFiles\flowViewport.dir\sceneIndex\fvpSelectionInterface.cpp.obj
[2023-11-13T21:02:06.343Z]     [3/101] Building CXX object lib\flowViewport\CMakeFiles\flowViewport.dir\sceneIndex\fvpPathInterface.cpp.obj
[2023-11-13T21:02:06.683Z]     [4/101] Building CXX object lib\flowViewport\CMakeFiles\flowViewport.dir\debugCodes.cpp.obj
[2023-11-13T21:02:06.683Z]     [5/101] Building CXX object lib\flowViewport\CMakeFiles\flowViewport.dir\colorPreferences\fvpColorPreferencesTokens.cpp.obj
[2023-11-13T21:02:07.022Z]     [6/101] Building CXX object lib\flowViewport\CMakeFiles\flowViewport.dir\colorPreferences\fvpColorPreferences.cpp.obj
[2023-11-13T21:02:07.022Z]     [7/101] Building CXX object lib\flowViewport\CMakeFiles\flowViewport.dir\global.cpp.obj
[2023-11-13T21:02:07.362Z]     [8/101] Building CXX object lib\flowViewport\CMakeFiles\flowViewport.dir\API\samples\fvpSelectionClientExample.cpp.obj
[2023-11-13T21:02:07.707Z]     [9/101] Building CXX object lib\flowViewport\CMakeFiles\flowViewport.dir\API\interfacesImp\fvpSelectionInterfaceImp.cpp.obj
[2023-11-13T21:02:07.707Z]     [10/101] Building CXX object lib\mayaHydra\ufeExtensions\CMakeFiles\ufeExtensions.dir\Global.cpp.obj
[2023-11-13T21:02:08.436Z]     [11/101] Building CXX object test\lib\mayaUsd\render\mayaToHydra\cpp\CMakeFiles\mayaHydraCppTests.dir\testCppFramework.cpp.obj
[2023-11-13T21:02:08.436Z]     [12/101] Linking CXX shared library lib\mayaHydra\ufeExtensions\ufeExtensions.dll
[2023-11-13T21:02:08.436Z]     [13/101] Building CXX object test\lib\mayaUsd\render\mayaToHydra\cpp\CMakeFiles\mayaHydraCppTests.dir\mayaHydraCppTestsCmd.cpp.obj
[2023-11-13T21:02:09.166Z]     [14/101] Building CXX object test\lib\mayaUsd\render\mayaToHydra\cpp\CMakeFiles\mayaHydraCppTests.dir\testColorPreferences.cpp.obj
[2023-11-13T21:02:09.507Z]     [15/101] Building CXX object lib\mayaHydra\mayaPlugin\CMakeFiles\mayaHydra.dir\tokens.cpp.obj
[2023-11-13T21:02:10.235Z]     [16/101] Building CXX object lib\mayaHydra\mayaPlugin\CMakeFiles\mayaHydra.dir\pluginDebugCodes.cpp.obj
[2023-11-13T21:02:10.965Z]     [17/101] Building CXX object lib\flowViewport\CMakeFiles\flowViewport.dir\sceneIndex\fvpPassThroughSelectionInterfaceSceneIndex.cpp.obj
[2023-11-13T21:02:10.965Z]     [18/101] Building CXX object lib\flowViewport\CMakeFiles\flowViewport.dir\sceneIndex\fvpPathInterfaceSceneIndex.cpp.obj
[2023-11-13T21:02:11.305Z]     [19/101] Building CXX object lib\flowViewport\CMakeFiles\flowViewport.dir\sceneIndex\fvpRenderIndexProxy.cpp.obj
[2023-11-13T21:02:11.305Z]     [20/101] Building CXX object lib\flowViewport\CMakeFiles\flowViewport.dir\sceneIndex\fvpMergingSceneIndex.cpp.obj
[2023-11-13T21:02:11.645Z]     [21/101] Building CXX object lib\flowViewport\CMakeFiles\flowViewport.dir\sceneIndex\fvpSelectionSceneIndex.cpp.obj
[2023-11-13T21:02:11.987Z]     [22/101] Building CXX object lib\mayaHydra\mayaPlugin\CMakeFiles\mayaHydra.dir\colorNotFoundException.cpp.obj
[2023-11-13T21:02:11.987Z]     [23/101] Building CXX object lib\mayaHydra\hydraExtensions\CMakeFiles\mayaHydraLib.dir\mhBuildInfo.cpp.obj
[2023-11-13T21:02:12.326Z]     [24/101] Building CXX object lib\flowViewport\CMakeFiles\flowViewport.dir\sceneIndex\fvpWireframeSelectionHighlightSceneIndex.cpp.obj
[2023-11-13T21:02:12.666Z]     [25/101] Building CXX object test\lib\mayaUsd\render\mayaToHydra\cpp\CMakeFiles\mayaHydraCppTests.dir\testMayaUsdUfeItems.cpp.obj
[2023-11-13T21:02:13.006Z]     [26/101] Building CXX object lib\mayaHydra\mayaPlugin\CMakeFiles\mayaHydra.dir\mayaColorPreferencesTranslator.cpp.obj
[2023-11-13T21:02:13.006Z]     [27/101] Building CXX object lib\mayaHydra\hydraExtensions\CMakeFiles\mayaHydraLib.dir\mayaUtils.cpp.obj
[2023-11-13T21:02:13.346Z]     [28/101] Building CXX object test\lib\mayaUsd\render\mayaToHydra\cpp\CMakeFiles\mayaHydraCppTests.dir\testMayaSceneFlattening.cpp.obj
[2023-11-13T21:02:13.686Z]     [29/101] Building CXX object test\lib\mayaUsd\render\mayaToHydra\cpp\CMakeFiles\mayaHydraCppTests.dir\testUtils.cpp.obj
[2023-11-13T21:02:13.686Z]     [30/101] Building CXX object lib\flowViewport\CMakeFiles\flowViewport.dir\selection\fvpSelectionTracker.cpp.obj
[2023-11-13T21:02:14.026Z]     [31/101] Building CXX object lib\mayaHydra\hydraExtensions\CMakeFiles\mayaHydraLib.dir\debugCodes.cpp.obj
[2023-11-13T21:02:14.026Z]     [32/101] Building CXX object lib\flowViewport\CMakeFiles\flowViewport.dir\selection\fvpSelectionTask.cpp.obj
[2023-11-13T21:02:14.778Z]     [33/101] Building CXX object test\lib\mayaUsd\render\mayaToHydra\cpp\CMakeFiles\mayaHydraCppTests.dir\testSelectionSceneIndex.cpp.obj
[2023-11-13T21:02:15.509Z]     [34/101] Building CXX object test\lib\mayaUsd\render\mayaToHydra\cpp\CMakeFiles\mayaHydraCppTests.dir\testWireframeSelectionHighlightSceneIndex.cpp.obj
[2023-11-13T21:02:17.208Z]     [35/101] Building CXX object test\lib\mayaUsd\render\mayaToHydra\cpp\CMakeFiles\mayaHydraCppTests.dir\testMergingSceneIndex.cpp.obj
[2023-11-13T21:02:17.548Z]     [36/101] Building CXX object lib\mayaHydra\hydraExtensions\CMakeFiles\mayaHydraLib.dir\mixedUtils.cpp.obj
[2023-11-13T21:02:18.283Z]     [37/101] Building CXX object lib\mayaHydra\mayaPlugin\CMakeFiles\mayaHydra.dir\pluginUtils.cpp.obj
[2023-11-13T21:02:18.283Z]     [38/101] Building CXX object lib\mayaHydra\hydraExtensions\CMakeFiles\mayaHydraLib.dir\adapters\adapterDebugCodes.cpp.obj
[2023-11-13T21:02:18.283Z]     [39/101] Building CXX object lib\mayaHydra\hydraExtensions\CMakeFiles\mayaHydraLib.dir\interfaceImp.cpp.obj
[2023-11-13T21:02:18.625Z]     [40/101] Building CXX object lib\mayaHydra\hydraExtensions\CMakeFiles\mayaHydraLib.dir\hydraUtils.cpp.obj
[2023-11-13T21:02:19.356Z]     [41/101] Building CXX object lib\mayaHydra\mayaPlugin\CMakeFiles\mayaHydra.dir\renderOverride.cpp.obj
[2023-11-13T21:02:21.125Z]     [42/101] Building CXX object lib\mayaHydra\mayaPlugin\CMakeFiles\mayaHydra.dir\plugin.cpp.obj
[2023-11-13T21:02:21.853Z]     [43/101] Building CXX object lib\mayaHydra\hydraExtensions\CMakeFiles\mayaHydraLib.dir\adapters\mayaAttrs.cpp.obj
[2023-11-13T21:02:22.582Z]     [44/101] Building CXX object lib\mayaHydra\mayaPlugin\CMakeFiles\mayaHydra.dir\viewCommand.cpp.obj
[2023-11-13T21:02:23.311Z]     [45/101] Building CXX object lib\mayaHydra\mayaPlugin\CMakeFiles\mayaHydra.dir\renderGlobals.cpp.obj
[2023-11-13T21:02:24.043Z]     [46/101] Building CXX object lib\mayaHydra\hydraExtensions\CMakeFiles\mayaHydraLib.dir\adapters\materialNetworkConverter.cpp.obj
[2023-11-13T21:02:24.043Z]     [47/101] Building CXX object lib\mayaHydra\hydraExtensions\CMakeFiles\mayaHydraLib.dir\adapters\dagAdapter.cpp.obj
[2023-11-13T21:02:24.772Z]     [48/101] Building CXX object lib\mayaHydra\hydraExtensions\CMakeFiles\mayaHydraLib.dir\adapters\directionalLightAdapter.cpp.obj
[2023-11-13T21:02:25.501Z]     [49/101] Building CXX object lib\mayaHydra\hydraExtensions\CMakeFiles\mayaHydraLib.dir\adapters\materialAdapter.cpp.obj
[2023-11-13T21:02:26.230Z]     [50/101] Building CXX object lib\mayaHydra\hydraExtensions\CMakeFiles\mayaHydraLib.dir\adapters\renderItemAdapter.cpp.obj
[2023-11-13T21:02:26.230Z]     [51/101] Building CXX object lib\mayaHydra\hydraExtensions\CMakeFiles\mayaHydraLib.dir\adapters\lightAdapter.cpp.obj
[2023-11-13T21:02:26.570Z]     [52/101] Building CXX object lib\mayaHydra\hydraExtensions\CMakeFiles\mayaHydraLib.dir\adapters\tokens.cpp.obj
[2023-11-13T21:02:26.910Z]     [53/101] Building CXX object lib\mayaHydra\hydraExtensions\CMakeFiles\mayaHydraLib.dir\delegates\delegateDebugCodes.cpp.obj
[2023-11-13T21:02:27.638Z]     [54/101] Building CXX object lib\mayaHydra\hydraExtensions\CMakeFiles\mayaHydraLib.dir\mayaHydraSceneProducer.cpp.obj
[2023-11-13T21:02:27.639Z]     [55/101] Building CXX object lib\mayaHydra\hydraExtensions\CMakeFiles\mayaHydraLib.dir\adapters\adapterRegistry.cpp.obj
[2023-11-13T21:02:27.978Z]     [56/101] Building CXX object lib\flowViewport\CMakeFiles\flowViewport.dir\tokens.cpp.obj
[2023-11-13T21:02:28.707Z]     [57/101] Building CXX object lib\mayaHydra\hydraExtensions\CMakeFiles\mayaHydraLib.dir\adapters\shapeAdapter.cpp.obj
[2023-11-13T21:02:28.707Z]     [58/101] Building CXX object lib\flowViewport\CMakeFiles\flowViewport.dir\colorPreferences\fvpColorChanged.cpp.obj
[2023-11-13T21:02:29.047Z]     [59/101] Building CXX object lib\mayaHydra\hydraExtensions\CMakeFiles\mayaHydraLib.dir\adapters\adapter.cpp.obj
[2023-11-13T21:02:29.391Z]     [60/101] Building CXX object lib\mayaHydra\hydraExtensions\CMakeFiles\mayaHydraLib.dir\adapters\areaLightAdapter.cpp.obj
[2023-11-13T21:02:29.391Z]     [61/101] Linking CXX shared library lib\flowViewport\flowViewport.dll
[2023-11-13T21:02:29.391Z]     [62/101] Building CXX object lib\mayaHydra\hydraExtensions\CMakeFiles\mayaHydraLib.dir\adapters\aiSkydomeLightAdapter.cpp.obj
[2023-11-13T21:02:29.731Z]     [63/101] Building CXX object lib\mayaHydra\hydraExtensions\CMakeFiles\mayaHydraLib.dir\adapters\cameraAdapter.cpp.obj
[2023-11-13T21:02:33.583Z]     [64/101] Building CXX object lib\mayaHydra\hydraExtensions\CMakeFiles\mayaHydraLib.dir\adapters\nurbsCurveAdapter.cpp.obj
[2023-11-13T21:02:33.923Z]     [65/101] Building CXX object lib\mayaHydra\hydraExtensions\CMakeFiles\mayaHydraLib.dir\delegates\delegateCtx.cpp.obj
[2023-11-13T21:02:34.263Z]     [66/101] Building CXX object lib\mayaHydra\hydraExtensions\CMakeFiles\mayaHydraLib.dir\delegates\delegate.cpp.obj
[2023-11-13T21:02:34.263Z]     [67/101] Building CXX object lib\mayaHydra\hydraExtensions\CMakeFiles\mayaHydraLib.dir\adapters\meshAdapter.cpp.obj
[2023-11-13T21:02:34.603Z]     [68/101] Building CXX object lib\mayaHydra\hydraExtensions\CMakeFiles\mayaHydraLib.dir\adapters\pointLightAdapter.cpp.obj
[2023-11-13T21:02:35.361Z]     [69/101] Building CXX object lib\mayaHydra\hydraExtensions\CMakeFiles\mayaHydraLib.dir\adapters\spotLightAdapter.cpp.obj
[2023-11-13T21:02:37.062Z]     [70/101] Building CXX object lib\mayaHydra\hydraExtensions\CMakeFiles\mayaHydraLib.dir\delegates\delegateRegistry.cpp.obj
[2023-11-13T21:02:37.792Z]     [71/101] Building CXX object lib\mayaHydra\hydraExtensions\CMakeFiles\mayaHydraLib.dir\sceneIndex\registration.cpp.obj
[2023-11-13T21:02:38.131Z]     [72/101] Building CXX object lib\mayaHydra\hydraExtensions\CMakeFiles\mayaHydraLib.dir\delegates\sceneDelegate.cpp.obj
[2023-11-13T21:02:38.471Z]     [73/101] Building CXX object lib\mayaHydra\hydraExtensions\CMakeFiles\mayaHydraLib.dir\sceneIndex\mayaHydraLightDataSource.cpp.obj
[2023-11-13T21:02:38.813Z]     [74/101] Building CXX object lib\mayaHydra\hydraExtensions\CMakeFiles\mayaHydraLib.dir\sceneIndex\mayaHydraCameraDataSource.cpp.obj
[2023-11-13T21:02:39.543Z]     [75/101] Automatic MOC for target adskHydraSceneBrowser
[2023-11-13T21:02:39.883Z]     [76/101] Building CXX object lib\mayaHydra\hydraExtensions\CMakeFiles\mayaHydraLib.dir\sceneIndex\mayaHydraPrimvarDataSource.cpp.obj
[2023-11-13T21:02:40.612Z]     [77/101] Building CXX object lib\mayaHydra\hydraExtensions\CMakeFiles\mayaHydraLib.dir\sceneIndex\mayaHydraDefaultLightDataSource.cpp.obj
[2023-11-13T21:02:41.791Z]     [78/101] Building CXX object lib\mayaHydra\hydraExtensions\CMakeFiles\mayaHydraLib.dir\sceneIndex\mayaHydraDataSource.cpp.obj
[2023-11-13T21:02:41.791Z]     [79/101] Building CXX object lib\mayaHydra\hydraExtensions\CMakeFiles\mayaHydraLib.dir\sceneIndex\mayaHydraSceneIndex.cpp.obj
[2023-11-13T21:02:44.811Z]     [80/101] Building CXX object lib\mayaHydra\hydraExtensions\CMakeFiles\mayaHydraLib.dir\delegates\testDelegate.cpp.obj
[2023-11-13T21:02:46.513Z]     [81/101] Building CXX object lib\mayaHydra\hydraExtensions\CMakeFiles\mayaHydraLib.dir\sceneIndex\mayaHydraDisplayStyleDataSource.cpp.obj
[2023-11-13T21:02:46.513Z]     [82/101] Building CXX object lib\adskHydraSceneBrowser\lib\CMakeFiles\adskHydraSceneBrowser.dir\src\patch\registeredSceneIndexChooser.cpp.obj
[2023-11-13T21:02:46.853Z]     [83/101] Building CXX object lib\adskHydraSceneBrowser\lib\CMakeFiles\adskHydraSceneBrowser.dir\src\patch\sceneIndexObserverLoggingWidget.cpp.obj
[2023-11-13T21:02:46.853Z]     [84/101] Building CXX object lib\adskHydraSceneBrowser\lib\CMakeFiles\adskHydraSceneBrowser.dir\src\patch\sceneIndexObserverLoggingTreeView.cpp.obj
[2023-11-13T21:02:47.196Z]     [85/101] Building CXX object lib\adskHydraSceneBrowser\lib\CMakeFiles\adskHydraSceneBrowser.dir\src\patch\dataSourceValueTreeView.cpp.obj
[2023-11-13T21:02:47.196Z]     [86/101] Building CXX object lib\adskHydraSceneBrowser\lib\CMakeFiles\adskHydraSceneBrowser.dir\src\patch\sceneIndexDebuggerWidget.cpp.obj
[2023-11-13T21:02:47.196Z]     [87/101] Building CXX object plugin\mayaHydraSceneBrowser\CMakeFiles\mayaHydraSceneBrowser.dir\mayaHydraSceneBrowser.cpp.obj
[2023-11-13T21:02:47.196Z]     [88/101] Building CXX object plugin\mayaHydraSceneBrowserTest\CMakeFiles\mayaHydraSceneBrowserTest.dir\mayaHydraSceneBrowserTestCmd.cpp.obj
[2023-11-13T21:02:47.541Z]     [89/101] Building CXX object lib\adskHydraSceneBrowser\lib\CMakeFiles\adskHydraSceneBrowser.dir\src\patch\sceneIndexTreeWidget.cpp.obj
[2023-11-13T21:02:47.541Z]     [90/101] Building CXX object lib\adskHydraSceneBrowser\lib\CMakeFiles\adskHydraSceneBrowser.dir\adskHydraSceneBrowser_autogen\mocs_compilation.cpp.obj
[2023-11-13T21:02:47.889Z]     [91/101] Building CXX object lib\adskHydraSceneBrowser\lib\CMakeFiles\adskHydraSceneBrowser.dir\src\patch\dataSourceTreeWidget.cpp.obj
[2023-11-13T21:02:48.233Z]     [92/101] Building CXX object lib\mayaHydra\hydraExtensions\CMakeFiles\mayaHydraLib.dir\delegates\defaultLightDelegate.cpp.obj
[2023-11-13T21:02:48.574Z]     [93/101] Linking CXX shared library lib\adskHydraSceneBrowser\lib\adskHydraSceneBrowser.dll
[2023-11-13T21:02:48.574Z]     [94/101] Building CXX object lib\adskHydraSceneBrowser\test\CMakeFiles\adskHydraSceneBrowserTesting.dir\adskHydraSceneBrowserTesting.cpp.obj
[2023-11-13T21:02:48.917Z]     [95/101] Building CXX object lib\adskHydraSceneBrowser\test\CMakeFiles\adskHydraSceneBrowserTesting.dir\adskHydraSceneBrowserTestFixture.cpp.obj
[2023-11-13T21:02:49.648Z]     [96/101] Linking CXX shared library lib\mayaHydra\hydraExtensions\mayaHydraLib.dll
[2023-11-13T21:02:49.648Z]     [97/101] Linking CXX shared library lib\adskHydraSceneBrowser\test\adskHydraSceneBrowserTesting.dll
[2023-11-13T21:02:49.988Z]     [98/101] Linking CXX shared library plugin\mayaHydraSceneBrowser\mayaHydraSceneBrowser.mll
[2023-11-13T21:02:49.988Z]     [99/101] Linking CXX shared library test\lib\mayaUsd\render\mayaToHydra\cpp\mayaHydraCppTests.mll
[2023-11-13T21:02:50.329Z]     [100/101] Linking CXX shared library lib\mayaHydra\mayaPlugin\mayaHydra.mll
[2023-11-13T21:02:50.329Z]     [101/101] Linking CXX shared library plugin\mayaHydraSceneBrowserTest\mayaHydraSceneBrowserTest.mll
[2023-11-13T21:02:50.329Z]     
[2023-11-13T21:02:50.329Z]         Building with settings:
[2023-11-13T21:02:50.329Z]           Source directory          S:\jenkins\workspace\ECP\ecg-maya-hydra\ecg-maya-hydra-branch-preflight-python3-windows\ecg-maya-hydra\maya-hydra
[2023-11-13T21:02:50.329Z]           Workspace directory       W:\
[2023-11-13T21:02:50.329Z]           Build directory           W:\build\Debug
[2023-11-13T21:02:50.329Z]           Install directory         W:\install\Debug\MayaHydra
[2023-11-13T21:02:50.329Z]           Variant                   Debug
[2023-11-13T21:02:50.329Z]           Python Debug              On
[2023-11-13T21:02:50.329Z]           CMake generator           Ninja
[2023-11-13T21:02:50.329Z]           Build arguments           ['-DCMAKE_MAKE_PROGRAM=P:/shared/Artifactory/Windows/ninja/1.10.2/ccacdf8/ninja.exe', '-DPYTHON_INCLUDE_DIR=P:/shared/Artifactory/Windows/rundev-master-debug/202310260154/runtime/2caf91a/runTime/include/Python310/Python', '-DPython_EXECUTABLE=P:/shared/Artifactory/Windows/rundev-master-debug/202310260154/runtime/2caf91a/runTime/bin/mayapy.exe', '-DPYTHON_LIBRARIES=P:/shared/Artifactory/Windows/rundev-master-debug/202310260154/runtime/2caf91a/runTime/lib/python310_d.lib', '-DBUILD_WITH_PYTHON_3=ON', '-DBUILD_WITH_PYTHON_3_VERSION=3.10', '-DCMAKE_WANT_MATERIALX_BUILD=ON', '-DCMAKE_PREFIX_PATH=P:\\shared\\Artifactory\\Windows\\USD\\972e371']
[2023-11-13T21:02:50.329Z]           Stages arguments          ['build']
[2023-11-13T21:02:50.329Z]           CTest arguments           ['--parallel 16']
[2023-11-13T21:02:50.329Z]     Success MayaHydra build and install !!!!
[2023-11-13T21:02:50.329Z]     Elapsed time: 00:00:44
[Pipeline] bat
[2023-11-13T21:02:50.959Z] Deleting alias drive W:
[Pipeline] bat
[2023-11-13T21:02:51.590Z] Deleting alias drive P:
[Pipeline] bat
[2023-11-13T21:02:52.300Z] Creating alias drive P: to S:\jenkins\workspace
[Pipeline] bat
[2023-11-13T21:02:52.945Z] Creating alias drive W: to S:\jenkins\workspace\ECP\ecg-maya-hydra\ecg-maya-hydra-branch-preflight-python3-windows
[Pipeline] bat
[2023-11-13T21:02:53.987Z] "C:\Program Files\Microsoft Visual Studio\2022\Professional\VC\Auxiliary\Build\vcvarsall.bat" x64
[2023-11-13T21:02:53.988Z] **********************************************************************
[2023-11-13T21:02:53.988Z] ** Visual Studio 2022 Developer Command Prompt v17.3.2
[2023-11-13T21:02:53.988Z] ** Copyright (c) 2022 Microsoft Corporation
[2023-11-13T21:02:53.988Z] **********************************************************************
[2023-11-13T21:02:55.690Z] [vcvarsall.bat] Environment initialized for: 'x64'
[2023-11-13T21:02:55.690Z] python ecg-maya-hydra/build.py --stages=build --workspace-dir=W:\ --artifactory-dir=P:\shared\Artifactory --build-dir=W:\build --install-dir=W:\install --signing-dir=W:\signing --package-dir=W:\package --output-dir=W:\output --stash-dir=W:\stash --jenkins-build=389 --git-commit=4fe99ace41393792dbfde32b706541f5894d5ee3 --git-branch=master --variants=RelWithDebInfo --interactive-tests=true --post-zips=false --osx-binary-architecture-target=ub2 --osx-deployment-target=11.0 --osx-base-sdk=CurrentActiveSDK --build-retry=3 --maya-cut-config=maya-rundev-master.yaml --maya-package=rundev-master --stage-banner
[2023-11-13T21:02:56.420Z] Using Maya cut from P:\shared\Artifactory\Windows\rundev-master\202311060140\runtime\1cbda2f
[2023-11-13T21:02:56.420Z] Using Maya ADSK Signatures from P:\shared\Artifactory\Windows\adsk-plugin-signatures-maya\2023\3ae1ae7
[2023-11-13T21:02:56.420Z] Using Maya Security Library from P:\shared\Artifactory\Windows\maya-security-library\3.4.0\284407f
[2023-11-13T21:02:56.420Z] 
[2023-11-13T21:02:56.420Z] ================================================================================
[2023-11-13T21:02:56.420Z]                              build (RelWithDebInfo)
[2023-11-13T21:02:56.420Z] ================================================================================
[2023-11-13T21:02:56.420Z] Maya Python RelWithDebInfo Info:
[2023-11-13T21:02:56.420Z]   mayapy executable   = P:\shared\Artifactory\Windows\rundev-master\202311060140\runtime\1cbda2f\runTime\bin\mayapy.exe
[2023-11-13T21:02:56.421Z]   Include Folder      = P:\shared\Artifactory\Windows\rundev-master\202311060140\runtime\1cbda2f\runTime\include\Python310\Python
[2023-11-13T21:02:56.421Z]   Library             = P:\shared\Artifactory\Windows\rundev-master\202311060140\runtime\1cbda2f\runTime\lib\python310.lib
[2023-11-13T21:02:56.421Z]   site-package Folder = P:\shared\Artifactory\Windows\rundev-master\202311060140\runtime\1cbda2f\runTime\Python\Lib\site-packages
[2023-11-13T21:02:57.600Z] In workdir: S:\jenkins\workspace\ECP\ecg-maya-hydra\ecg-maya-hydra-branch-preflight-python3-windows\ecg-maya-hydra\maya-hydra
[2023-11-13T21:02:57.600Z] Executing: 'P:\\shared\\Artifactory\\Windows\\rundev-master\\202311060140\\runtime\\1cbda2f\\runTime\\bin\\mayapy.exe' 'S:\\jenkins\\workspace\\ECP\\ecg-maya-hydra\\ecg-maya-hydra-branch-preflight-python3-windows\\ecg-maya-hydra\\maya-hydra\\build.py' --generator Ninja --build-relwithdebug --maya-location 'P:\\shared\\Artifactory\\Windows\\rundev-master\\202311060140\\runtime\\1cbda2f\\runTime' --devkit-location 'P:\\shared\\Artifactory\\Windows\\rundev-master\\202311060140\\runtime\\1cbda2f\\devkitBase' --pxrusd-location 'P:\\shared\\Artifactory\\Windows\\USD\\ce619c6' '--build-args=-DCMAKE_MAKE_PROGRAM=P:/shared/Artifactory/Windows/ninja/1.10.2/ccacdf8/ninja.exe,-DPYTHON_INCLUDE_DIR=P:/shared/Artifactory/Windows/rundev-master/202311060140/runtime/1cbda2f/runTime/include/Python310/Python,-DPython_EXECUTABLE=P:/shared/Artifactory/Windows/rundev-master/202311060140/runtime/1cbda2f/runTime/bin/mayapy.exe,-DPYTHON_LIBRARIES=P:/shared/Artifactory/Windows/rundev-master/202311060140/runtime/1cbda2f/runTime/lib/python310.lib,-DBUILD_WITH_PYTHON_3=ON,-DBUILD_WITH_PYTHON_3_VERSION=3.10,-DCMAKE_WANT_MATERIALX_BUILD=ON,-DCMAKE_PREFIX_PATH=P:\\shared\\Artifactory\\Windows\\USD\\ce619c6' '--ctest-args=--parallel 16' --stages=build --redirect-outstream-file=False --install-location 'W:\\install\\RelWithDebInfo\\MayaHydra' 'W:\\'
[2023-11-13T21:02:57.600Z] Modified environment variables:
[2023-11-13T21:02:57.601Z]     PATH=P:\shared\Artifactory\Windows\cmake\3.20.3\afe857a\bin;C:\Python27\lib\site-packages\pywin32_system32;C:\Program Files\Microsoft Visual Studio\2022\Professional\VC\Tools\MSVC\14.33.31629\bin\HostX64\x64;C:\Program Files\Microsoft Visual Studio\2022\Professional\Common7\IDE\VC\VCPackages;C:\Program Files\Microsoft Visual Studio\2022\Professional\Common7\IDE\CommonExtensions\Microsoft\TestWindow;C:\Program Files\Microsoft Visual Studio\2022\Professional\Common7\IDE\CommonExtensions\Microsoft\TeamFoundation\Team Explorer;C:\Program Files\Microsoft Visual Studio\2022\Professional\MSBuild\Current\bin\Roslyn;C:\Program Files\Microsoft Visual Studio\2022\Professional\Team Tools\Performance Tools\x64;C:\Program Files\Microsoft Visual Studio\2022\Professional\Team Tools\Performance Tools;C:\Program Files (x86)\Microsoft Visual Studio\Shared\Common\VSPerfCollectionTools\vs2019\\x64;C:\Program Files (x86)\Microsoft Visual Studio\Shared\Common\VSPerfCollectionTools\vs2019\;C:\Program Files (x86)\Microsoft SDKs\Windows\v10.0A\bin\NETFX 4.8 Tools\x64\;C:\Program Files (x86)\HTML Help Workshop;C:\Program Files\Microsoft Visual Studio\2022\Professional\Common7\IDE\CommonExtensions\Microsoft\FSharp\Tools;C:\Program Files (x86)\Windows Kits\10\bin\10.0.19041.0\\x64;C:\Program Files (x86)\Windows Kits\10\bin\\x64;C:\Program Files\Microsoft Visual Studio\2022\Professional\\MSBuild\Current\Bin\amd64;C:\WINDOWS\Microsoft.NET\Framework64\v4.0.30319;C:\Program Files\Microsoft Visual Studio\2022\Professional\Common7\IDE\;C:\Program Files\Microsoft Visual Studio\2022\Professional\Common7\Tools\;C:\Python27\;C:\Python27\Scripts;C:\WINDOWS\system32;C:\WINDOWS;C:\WINDOWS\System32\Wbem;C:\WINDOWS\System32\WindowsPowerShell\v1.0\;C:\WINDOWS\System32\OpenSSH\;C:\ProgramData\chocolatey\bin;C:\Program Files (x86)\WiX Toolset v3.7\bin;C:\Program Files\dotnet\;C:\Program Files (x86)\Windows Kits\10\bin\10.0.18362.0\x64;C:\Program Files\Zulu\zulu-11\bin\;C:\Program Files (x86)\Windows Kits\10\bin\10.0.17763.0\x64;C:\Program Files (x86)\Windows Kits\10\bin\x64;C:\Program Files\Git\cmd;C:\Program Files\Git\usr\bin;C:\Program Files\Git\mingw64\bin;C:\Program Files\Git\bin;C:\Python38\;C:\Python38\Scripts;C:\StoreBoxClientWindows;C:\Program Files\Electric Cloud\ElectricCommander\bin;C:\Program Files\WinRAR;C:\Program Files\7-Zip;C:\Program Files (x86)\Windows Kits\10\bin\10.0.19041.0\x64;C:\Users\Administrator\AppData\Local\Microsoft\WindowsApps;C:\Users\Administrator\.dotnet\tools;C:\Program Files\Microsoft Visual Studio\2022\Professional\Common7\IDE\CommonExtensions\Microsoft\CMake\CMake\bin;C:\Program Files\Microsoft Visual Studio\2022\Professional\Common7\IDE\CommonExtensions\Microsoft\CMake\Ninja;C:\Program Files\Microsoft Visual Studio\2022\Professional\Common7\IDE\VC\Linux\bin\ConnectionManagerExe
[2023-11-13T21:02:58.780Z]     [1/101] Building CXX object lib\flowViewport\CMakeFiles\flowViewport.dir\sceneIndex\fvpSelectionInterface.cpp.obj
[2023-11-13T21:02:58.780Z]     [2/101] Building CXX object lib\flowViewport\CMakeFiles\flowViewport.dir\sceneIndex\fvpPathInterface.cpp.obj
[2023-11-13T21:02:58.781Z]     [3/101] Building CXX object lib\flowViewport\CMakeFiles\flowViewport.dir\API\interfacesImp\fvpVersionInterfaceImp.cpp.obj
[2023-11-13T21:02:59.511Z]     [4/101] Building CXX object lib\flowViewport\CMakeFiles\flowViewport.dir\debugCodes.cpp.obj
[2023-11-13T21:02:59.511Z]     [5/101] Building CXX object lib\flowViewport\CMakeFiles\flowViewport.dir\colorPreferences\fvpColorPreferencesTokens.cpp.obj
[2023-11-13T21:02:59.511Z]     [6/101] Building CXX object lib\flowViewport\CMakeFiles\flowViewport.dir\colorPreferences\fvpColorChanged.cpp.obj
[2023-11-13T21:02:59.851Z]     [7/101] Building CXX object lib\flowViewport\CMakeFiles\flowViewport.dir\colorPreferences\fvpColorPreferences.cpp.obj
[2023-11-13T21:03:00.192Z]     [8/101] Building CXX object lib\flowViewport\CMakeFiles\flowViewport.dir\API\samples\fvpSelectionClientExample.cpp.obj
[2023-11-13T21:03:00.192Z]     [9/101] Building CXX object lib\flowViewport\CMakeFiles\flowViewport.dir\API\interfacesImp\fvpSelectionInterfaceImp.cpp.obj
[2023-11-13T21:03:00.533Z]     [10/101] Building CXX object lib\mayaHydra\ufeExtensions\CMakeFiles\ufeExtensions.dir\Global.cpp.obj
[2023-11-13T21:03:00.875Z]     [11/101] Building CXX object test\lib\mayaUsd\render\mayaToHydra\cpp\CMakeFiles\mayaHydraCppTests.dir\mayaHydraCppTestsCmd.cpp.obj
[2023-11-13T21:03:01.260Z]     [12/101] Building CXX object test\lib\mayaUsd\render\mayaToHydra\cpp\CMakeFiles\mayaHydraCppTests.dir\testCppFramework.cpp.obj
[2023-11-13T21:03:01.260Z]     [13/101] Building CXX object test\lib\mayaUsd\render\mayaToHydra\cpp\CMakeFiles\mayaHydraCppTests.dir\testColorPreferences.cpp.obj
[2023-11-13T21:03:01.260Z]     [14/101] Linking CXX shared library lib\mayaHydra\ufeExtensions\ufeExtensions.dll
[2023-11-13T21:03:01.990Z]     [15/101] Building CXX object lib\mayaHydra\mayaPlugin\CMakeFiles\mayaHydra.dir\colorNotFoundException.cpp.obj
[2023-11-13T21:03:01.990Z]     [16/101] Building CXX object lib\mayaHydra\mayaPlugin\CMakeFiles\mayaHydra.dir\pluginDebugCodes.cpp.obj
[2023-11-13T21:03:03.691Z]     [17/101] Building CXX object lib\flowViewport\CMakeFiles\flowViewport.dir\sceneIndex\fvpMergingSceneIndex.cpp.obj
[2023-11-13T21:03:03.691Z]     [18/101] Building CXX object lib\flowViewport\CMakeFiles\flowViewport.dir\sceneIndex\fvpRenderIndexProxy.cpp.obj
[2023-11-13T21:03:04.031Z]     [19/101] Building CXX object lib\flowViewport\CMakeFiles\flowViewport.dir\sceneIndex\fvpPathInterfaceSceneIndex.cpp.obj
[2023-11-13T21:03:04.031Z]     [20/101] Building CXX object lib\flowViewport\CMakeFiles\flowViewport.dir\sceneIndex\fvpPassThroughSelectionInterfaceSceneIndex.cpp.obj
[2023-11-13T21:03:04.371Z]     [21/101] Building CXX object lib\flowViewport\CMakeFiles\flowViewport.dir\sceneIndex\fvpSelectionSceneIndex.cpp.obj
[2023-11-13T21:03:04.714Z]     [22/101] Building CXX object lib\mayaHydra\mayaPlugin\CMakeFiles\mayaHydra.dir\tokens.cpp.obj
[2023-11-13T21:03:05.054Z]     [23/101] Building CXX object lib\flowViewport\CMakeFiles\flowViewport.dir\sceneIndex\fvpWireframeSelectionHighlightSceneIndex.cpp.obj
[2023-11-13T21:03:05.394Z]     [24/101] Building CXX object lib\mayaHydra\hydraExtensions\CMakeFiles\mayaHydraLib.dir\mayaUtils.cpp.obj
[2023-11-13T21:03:06.124Z]     [25/101] Building CXX object lib\mayaHydra\hydraExtensions\CMakeFiles\mayaHydraLib.dir\debugCodes.cpp.obj
[2023-11-13T21:03:06.124Z]     [26/101] Building CXX object test\lib\mayaUsd\render\mayaToHydra\cpp\CMakeFiles\mayaHydraCppTests.dir\testUtils.cpp.obj
[2023-11-13T21:03:06.124Z]     [27/101] Building CXX object lib\mayaHydra\mayaPlugin\CMakeFiles\mayaHydra.dir\mayaColorPreferencesTranslator.cpp.obj
[2023-11-13T21:03:06.124Z]     [28/101] Building CXX object lib\mayaHydra\hydraExtensions\CMakeFiles\mayaHydraLib.dir\mhBuildInfo.cpp.obj
[2023-11-13T21:03:06.464Z]     [29/101] Building CXX object lib\flowViewport\CMakeFiles\flowViewport.dir\selection\fvpSelectionTracker.cpp.obj
[2023-11-13T21:03:06.464Z]     [30/101] Building CXX object test\lib\mayaUsd\render\mayaToHydra\cpp\CMakeFiles\mayaHydraCppTests.dir\testMayaSceneFlattening.cpp.obj
[2023-11-13T21:03:06.804Z]     [31/101] Building CXX object lib\flowViewport\CMakeFiles\flowViewport.dir\selection\fvpSelectionTask.cpp.obj
[2023-11-13T21:03:06.804Z]     [32/101] Building CXX object test\lib\mayaUsd\render\mayaToHydra\cpp\CMakeFiles\mayaHydraCppTests.dir\testMayaUsdUfeItems.cpp.obj
[2023-11-13T21:03:07.982Z]     [33/101] Building CXX object test\lib\mayaUsd\render\mayaToHydra\cpp\CMakeFiles\mayaHydraCppTests.dir\testSelectionSceneIndex.cpp.obj
[2023-11-13T21:03:08.734Z]     [34/101] Building CXX object lib\mayaHydra\hydraExtensions\CMakeFiles\mayaHydraLib.dir\adapters\adapterDebugCodes.cpp.obj
[2023-11-13T21:03:09.464Z]     [35/101] Building CXX object test\lib\mayaUsd\render\mayaToHydra\cpp\CMakeFiles\mayaHydraCppTests.dir\testWireframeSelectionHighlightSceneIndex.cpp.obj
[2023-11-13T21:03:10.193Z]     [36/101] Building CXX object lib\mayaHydra\mayaPlugin\CMakeFiles\mayaHydra.dir\pluginUtils.cpp.obj
[2023-11-13T21:03:11.373Z]     [37/101] Building CXX object test\lib\mayaUsd\render\mayaToHydra\cpp\CMakeFiles\mayaHydraCppTests.dir\testMergingSceneIndex.cpp.obj
[2023-11-13T21:03:11.373Z]     [38/101] Building CXX object lib\mayaHydra\hydraExtensions\CMakeFiles\mayaHydraLib.dir\interfaceImp.cpp.obj
[2023-11-13T21:03:11.712Z]     [39/101] Building CXX object lib\mayaHydra\hydraExtensions\CMakeFiles\mayaHydraLib.dir\mixedUtils.cpp.obj
[2023-11-13T21:03:12.442Z]     [40/101] Building CXX object lib\mayaHydra\hydraExtensions\CMakeFiles\mayaHydraLib.dir\hydraUtils.cpp.obj
[2023-11-13T21:03:13.621Z]     [41/101] Building CXX object lib\mayaHydra\hydraExtensions\CMakeFiles\mayaHydraLib.dir\delegates\delegateDebugCodes.cpp.obj
[2023-11-13T21:03:13.621Z]     [42/101] Building CXX object lib\mayaHydra\mayaPlugin\CMakeFiles\mayaHydra.dir\plugin.cpp.obj
[2023-11-13T21:03:23.207Z]     [43/101] Building CXX object lib\mayaHydra\mayaPlugin\CMakeFiles\mayaHydra.dir\viewCommand.cpp.obj
[2023-11-13T21:03:23.207Z]     [44/101] Building CXX object lib\mayaHydra\mayaPlugin\CMakeFiles\mayaHydra.dir\renderOverride.cpp.obj
[2023-11-13T21:03:23.207Z]     [45/101] Building CXX object lib\mayaHydra\mayaPlugin\CMakeFiles\mayaHydra.dir\renderGlobals.cpp.obj
[2023-11-13T21:03:23.207Z]     [46/101] Building CXX object lib\mayaHydra\hydraExtensions\CMakeFiles\mayaHydraLib.dir\adapters\dagAdapter.cpp.obj
[2023-11-13T21:03:23.207Z]     [47/101] Building CXX object lib\mayaHydra\hydraExtensions\CMakeFiles\mayaHydraLib.dir\adapters\tokens.cpp.obj
[2023-11-13T21:03:23.207Z]     [48/101] Building CXX object lib\mayaHydra\hydraExtensions\CMakeFiles\mayaHydraLib.dir\adapters\materialAdapter.cpp.obj
[2023-11-13T21:03:23.207Z]     [49/101] Building CXX object lib\mayaHydra\hydraExtensions\CMakeFiles\mayaHydraLib.dir\adapters\directionalLightAdapter.cpp.obj
[2023-11-13T21:03:23.207Z]     [50/101] Building CXX object lib\mayaHydra\hydraExtensions\CMakeFiles\mayaHydraLib.dir\adapters\lightAdapter.cpp.obj
[2023-11-13T21:03:23.207Z]     [51/101] Building CXX object lib\mayaHydra\hydraExtensions\CMakeFiles\mayaHydraLib.dir\adapters\adapterRegistry.cpp.obj
[2023-11-13T21:03:23.207Z]     [52/101] Building CXX object lib\mayaHydra\hydraExtensions\CMakeFiles\mayaHydraLib.dir\adapters\renderItemAdapter.cpp.obj
[2023-11-13T21:03:23.207Z]     [53/101] Building CXX object lib\mayaHydra\hydraExtensions\CMakeFiles\mayaHydraLib.dir\adapters\mayaAttrs.cpp.obj
[2023-11-13T21:03:23.549Z]     [54/101] Building CXX object lib\mayaHydra\hydraExtensions\CMakeFiles\mayaHydraLib.dir\adapters\adapter.cpp.obj
[2023-11-13T21:03:23.890Z]     [55/101] Building CXX object lib\mayaHydra\hydraExtensions\CMakeFiles\mayaHydraLib.dir\adapters\areaLightAdapter.cpp.obj
[2023-11-13T21:03:25.076Z]     [56/101] Building CXX object lib\flowViewport\CMakeFiles\flowViewport.dir\tokens.cpp.obj
[2023-11-13T21:03:25.416Z]     [57/101] Building CXX object lib\mayaHydra\hydraExtensions\CMakeFiles\mayaHydraLib.dir\adapters\aiSkydomeLightAdapter.cpp.obj
[2023-11-13T21:03:25.756Z]     [58/101] Building CXX object lib\mayaHydra\hydraExtensions\CMakeFiles\mayaHydraLib.dir\delegates\delegateRegistry.cpp.obj
[2023-11-13T21:03:25.756Z]     [59/101] Building CXX object lib\mayaHydra\hydraExtensions\CMakeFiles\mayaHydraLib.dir\adapters\cameraAdapter.cpp.obj
[2023-11-13T21:03:26.486Z]     [60/101] Building CXX object lib\flowViewport\CMakeFiles\flowViewport.dir\global.cpp.obj
[2023-11-13T21:03:27.216Z]     [61/101] Building CXX object lib\mayaHydra\hydraExtensions\CMakeFiles\mayaHydraLib.dir\delegates\delegate.cpp.obj
[2023-11-13T21:03:27.216Z]     [62/101] Linking CXX shared library lib\flowViewport\flowViewport.dll
[2023-11-13T21:03:27.555Z]     [63/101] Building CXX object lib\mayaHydra\hydraExtensions\CMakeFiles\mayaHydraLib.dir\delegates\delegateCtx.cpp.obj
[2023-11-13T21:03:28.736Z]     [64/101] Building CXX object lib\mayaHydra\hydraExtensions\CMakeFiles\mayaHydraLib.dir\mayaHydraSceneProducer.cpp.obj
[2023-11-13T21:03:29.916Z]     [65/101] Building CXX object lib\mayaHydra\hydraExtensions\CMakeFiles\mayaHydraLib.dir\adapters\shapeAdapter.cpp.obj
[2023-11-13T21:03:30.256Z]     [66/101] Building CXX object lib\mayaHydra\hydraExtensions\CMakeFiles\mayaHydraLib.dir\adapters\meshAdapter.cpp.obj
[2023-11-13T21:03:30.985Z]     [67/101] Building CXX object lib\mayaHydra\hydraExtensions\CMakeFiles\mayaHydraLib.dir\adapters\pointLightAdapter.cpp.obj
[2023-11-13T21:03:33.319Z]     [68/101] Building CXX object lib\mayaHydra\hydraExtensions\CMakeFiles\mayaHydraLib.dir\adapters\materialNetworkConverter.cpp.obj
[2023-11-13T21:03:34.048Z]     [69/101] Building CXX object lib\mayaHydra\hydraExtensions\CMakeFiles\mayaHydraLib.dir\adapters\nurbsCurveAdapter.cpp.obj
[2023-11-13T21:03:34.778Z]     [70/101] Building CXX object lib\mayaHydra\hydraExtensions\CMakeFiles\mayaHydraLib.dir\adapters\spotLightAdapter.cpp.obj
[2023-11-13T21:03:35.508Z]     [71/101] Building CXX object lib\mayaHydra\hydraExtensions\CMakeFiles\mayaHydraLib.dir\sceneIndex\mayaHydraLightDataSource.cpp.obj
[2023-11-13T21:03:35.847Z]     [72/101] Automatic MOC for target adskHydraSceneBrowser
[2023-11-13T21:03:36.186Z]     [73/101] Building CXX object lib\mayaHydra\hydraExtensions\CMakeFiles\mayaHydraLib.dir\sceneIndex\mayaHydraDefaultLightDataSource.cpp.obj
[2023-11-13T21:03:37.369Z]     [74/101] Building CXX object lib\mayaHydra\hydraExtensions\CMakeFiles\mayaHydraLib.dir\sceneIndex\registration.cpp.obj
[2023-11-13T21:03:38.126Z]     [75/101] Building CXX object lib\mayaHydra\hydraExtensions\CMakeFiles\mayaHydraLib.dir\sceneIndex\mayaHydraCameraDataSource.cpp.obj
[2023-11-13T21:03:41.148Z]     [76/101] Building CXX object lib\mayaHydra\hydraExtensions\CMakeFiles\mayaHydraLib.dir\delegates\sceneDelegate.cpp.obj
[2023-11-13T21:03:42.327Z]     [77/101] Building CXX object lib\mayaHydra\hydraExtensions\CMakeFiles\mayaHydraLib.dir\sceneIndex\mayaHydraPrimvarDataSource.cpp.obj
[2023-11-13T21:03:43.056Z]     [78/101] Building CXX object lib\mayaHydra\hydraExtensions\CMakeFiles\mayaHydraLib.dir\sceneIndex\mayaHydraDataSource.cpp.obj
[2023-11-13T21:03:43.056Z]     [79/101] Building CXX object lib\mayaHydra\hydraExtensions\CMakeFiles\mayaHydraLib.dir\delegates\testDelegate.cpp.obj
[2023-11-13T21:03:43.397Z]     [80/101] Building CXX object lib\mayaHydra\hydraExtensions\CMakeFiles\mayaHydraLib.dir\sceneIndex\mayaHydraSceneIndex.cpp.obj
[2023-11-13T21:03:44.126Z]     [81/101] Building CXX object lib\adskHydraSceneBrowser\lib\CMakeFiles\adskHydraSceneBrowser.dir\src\patch\registeredSceneIndexChooser.cpp.obj
[2023-11-13T21:03:44.855Z]     [82/101] Building CXX object lib\adskHydraSceneBrowser\lib\CMakeFiles\adskHydraSceneBrowser.dir\src\patch\sceneIndexDebuggerWidget.cpp.obj
[2023-11-13T21:03:45.199Z]     [83/101] Building CXX object lib\adskHydraSceneBrowser\lib\CMakeFiles\adskHydraSceneBrowser.dir\src\patch\sceneIndexTreeWidget.cpp.obj
[2023-11-13T21:03:45.199Z]     [84/101] Building CXX object lib\adskHydraSceneBrowser\lib\CMakeFiles\adskHydraSceneBrowser.dir\src\patch\dataSourceValueTreeView.cpp.obj
[2023-11-13T21:03:45.549Z]     [85/101] Building CXX object plugin\mayaHydraSceneBrowser\CMakeFiles\mayaHydraSceneBrowser.dir\mayaHydraSceneBrowser.cpp.obj
[2023-11-13T21:03:45.895Z]     [86/101] Building CXX object lib\adskHydraSceneBrowser\lib\CMakeFiles\adskHydraSceneBrowser.dir\src\patch\dataSourceTreeWidget.cpp.obj
[2023-11-13T21:03:45.895Z]     [87/101] Building CXX object lib\adskHydraSceneBrowser\lib\CMakeFiles\adskHydraSceneBrowser.dir\adskHydraSceneBrowser_autogen\mocs_compilation.cpp.obj
[2023-11-13T21:03:46.625Z]     [88/101] Building CXX object lib\mayaHydra\hydraExtensions\CMakeFiles\mayaHydraLib.dir\sceneIndex\mayaHydraDisplayStyleDataSource.cpp.obj
[2023-11-13T21:03:47.806Z]     [89/101] Building CXX object lib\adskHydraSceneBrowser\lib\CMakeFiles\adskHydraSceneBrowser.dir\src\patch\sceneIndexObserverLoggingTreeView.cpp.obj
[2023-11-13T21:03:47.806Z]     [90/101] Building CXX object lib\mayaHydra\hydraExtensions\CMakeFiles\mayaHydraLib.dir\delegates\defaultLightDelegate.cpp.obj
[2023-11-13T21:03:47.806Z]     [91/101] Building CXX object lib\adskHydraSceneBrowser\lib\CMakeFiles\adskHydraSceneBrowser.dir\src\patch\sceneIndexObserverLoggingWidget.cpp.obj
[2023-11-13T21:03:48.986Z]     [92/101] Linking CXX shared library lib\adskHydraSceneBrowser\lib\adskHydraSceneBrowser.dll
[2023-11-13T21:03:48.986Z]     [93/101] Building CXX object plugin\mayaHydraSceneBrowserTest\CMakeFiles\mayaHydraSceneBrowserTest.dir\mayaHydraSceneBrowserTestCmd.cpp.obj
[2023-11-13T21:03:48.986Z]     [94/101] Linking CXX shared library lib\mayaHydra\hydraExtensions\mayaHydraLib.dll
[2023-11-13T21:03:49.717Z]     [95/101] Linking CXX shared library plugin\mayaHydraSceneBrowser\mayaHydraSceneBrowser.mll
[2023-11-13T21:03:50.058Z]     [96/101] Linking CXX shared library test\lib\mayaUsd\render\mayaToHydra\cpp\mayaHydraCppTests.mll
[2023-11-13T21:03:50.058Z]     [97/101] Linking CXX shared library lib\mayaHydra\mayaPlugin\mayaHydra.mll
[2023-11-13T21:03:51.238Z]     [98/101] Building CXX object lib\adskHydraSceneBrowser\test\CMakeFiles\adskHydraSceneBrowserTesting.dir\adskHydraSceneBrowserTesting.cpp.obj
[2023-11-13T21:03:51.581Z]     [99/101] Building CXX object lib\adskHydraSceneBrowser\test\CMakeFiles\adskHydraSceneBrowserTesting.dir\adskHydraSceneBrowserTestFixture.cpp.obj
[2023-11-13T21:03:52.313Z]     [100/101] Linking CXX shared library lib\adskHydraSceneBrowser\test\adskHydraSceneBrowserTesting.dll
[2023-11-13T21:03:53.043Z]     [101/101] Linking CXX shared library plugin\mayaHydraSceneBrowserTest\mayaHydraSceneBrowserTest.mll
[2023-11-13T21:03:53.043Z]     
[2023-11-13T21:03:53.043Z]         Building with settings:
[2023-11-13T21:03:53.043Z]           Source directory          S:\jenkins\workspace\ECP\ecg-maya-hydra\ecg-maya-hydra-branch-preflight-python3-windows\ecg-maya-hydra\maya-hydra
[2023-11-13T21:03:53.043Z]           Workspace directory       W:\
[2023-11-13T21:03:53.043Z]           Build directory           W:\build\RelWithDebInfo
[2023-11-13T21:03:53.043Z]           Install directory         W:\install\RelWithDebInfo\MayaHydra
[2023-11-13T21:03:53.043Z]           Variant                   RelWithDebInfo
[2023-11-13T21:03:53.043Z]           Python Debug              Off
[2023-11-13T21:03:53.043Z]           CMake generator           Ninja
[2023-11-13T21:03:53.043Z]           Build arguments           ['-DCMAKE_MAKE_PROGRAM=P:/shared/Artifactory/Windows/ninja/1.10.2/ccacdf8/ninja.exe', '-DPYTHON_INCLUDE_DIR=P:/shared/Artifactory/Windows/rundev-master/202311060140/runtime/1cbda2f/runTime/include/Python310/Python', '-DPython_EXECUTABLE=P:/shared/Artifactory/Windows/rundev-master/202311060140/runtime/1cbda2f/runTime/bin/mayapy.exe', '-DPYTHON_LIBRARIES=P:/shared/Artifactory/Windows/rundev-master/202311060140/runtime/1cbda2f/runTime/lib/python310.lib', '-DBUILD_WITH_PYTHON_3=ON', '-DBUILD_WITH_PYTHON_3_VERSION=3.10', '-DCMAKE_WANT_MATERIALX_BUILD=ON', '-DCMAKE_PREFIX_PATH=P:\\shared\\Artifactory\\Windows\\USD\\ce619c6']
[2023-11-13T21:03:53.043Z]           Stages arguments          ['build']
[2023-11-13T21:03:53.043Z]           CTest arguments           ['--parallel 16']
[2023-11-13T21:03:53.043Z]     Success MayaHydra build and install !!!!
[2023-11-13T21:03:53.043Z]     Elapsed time: 00:00:55
[Pipeline] bat
[2023-11-13T21:03:53.671Z] Deleting alias drive W:
[Pipeline] bat
[2023-11-13T21:03:54.326Z] Deleting alias drive P:
[Pipeline] }
[Pipeline] // withEnv
[Pipeline] }
[Pipeline] // timeout
[Pipeline] }
[Pipeline] // stage
[Pipeline] }
[Pipeline] // timestamps
[Pipeline] timestamps
[Pipeline] {
[Pipeline] stage
[Pipeline] { (Install)
[Pipeline] timeout
[2023-11-13T21:03:54.533Z] Timeout set to expire in 6 hr 0 min
[Pipeline] {
[Pipeline] withEnv
[Pipeline] {
[Pipeline] bat
[2023-11-13T21:03:55.165Z] Creating alias drive P: to S:\jenkins\workspace
[Pipeline] bat
[2023-11-13T21:03:56.332Z] Creating alias drive W: to S:\jenkins\workspace\ECP\ecg-maya-hydra\ecg-maya-hydra-branch-preflight-python3-windows
[Pipeline] bat
[2023-11-13T21:03:57.300Z] "C:\Program Files\Microsoft Visual Studio\2022\Professional\VC\Auxiliary\Build\vcvarsall.bat" x64
[2023-11-13T21:03:57.300Z] **********************************************************************
[2023-11-13T21:03:57.300Z] ** Visual Studio 2022 Developer Command Prompt v17.3.2
[2023-11-13T21:03:57.300Z] ** Copyright (c) 2022 Microsoft Corporation
[2023-11-13T21:03:57.300Z] **********************************************************************
[2023-11-13T21:03:59.002Z] [vcvarsall.bat] Environment initialized for: 'x64'
[2023-11-13T21:03:59.002Z] python ecg-maya-hydra/build.py --stages=install --workspace-dir=W:\ --artifactory-dir=P:\shared\Artifactory --build-dir=W:\build --install-dir=W:\install --signing-dir=W:\signing --package-dir=W:\package --output-dir=W:\output --stash-dir=W:\stash --jenkins-build=389 --git-commit=4fe99ace41393792dbfde32b706541f5894d5ee3 --git-branch=master --variants=Debug --interactive-tests=true --post-zips=false --osx-binary-architecture-target=ub2 --osx-deployment-target=11.0 --osx-base-sdk=CurrentActiveSDK --maya-cut-config=maya-rundev-master-debug.yaml --maya-package=rundev-master-debug --stage-banner
[2023-11-13T21:04:00.181Z] Using Maya cut from P:\shared\Artifactory\Windows\rundev-master-debug\202310260154\runtime\2caf91a
[2023-11-13T21:04:00.181Z] Using Maya ADSK Signatures from P:\shared\Artifactory\Windows\adsk-plugin-signatures-maya\2023\3ae1ae7
[2023-11-13T21:04:00.181Z] Using Maya Security Library from P:\shared\Artifactory\Windows\maya-security-library\3.4.0\284407f
[2023-11-13T21:04:00.181Z] 
[2023-11-13T21:04:00.181Z] ================================================================================
[2023-11-13T21:04:00.181Z]                                 install (Debug)
[2023-11-13T21:04:00.181Z] ================================================================================
[2023-11-13T21:04:00.181Z] Maya Python Debug Info:
[2023-11-13T21:04:00.181Z]   mayapy executable   = P:\shared\Artifactory\Windows\rundev-master-debug\202310260154\runtime\2caf91a\runTime\bin\mayapy.exe
[2023-11-13T21:04:00.181Z]   Include Folder      = P:\shared\Artifactory\Windows\rundev-master-debug\202310260154\runtime\2caf91a\runTime\include\Python310\Python
[2023-11-13T21:04:00.181Z]   Library             = P:\shared\Artifactory\Windows\rundev-master-debug\202310260154\runtime\2caf91a\runTime\lib\python310_d.lib
[2023-11-13T21:04:00.181Z]   site-package Folder = P:\shared\Artifactory\Windows\rundev-master-debug\202310260154\runtime\2caf91a\runTime\Python\Lib\site-packages
[2023-11-13T21:04:02.492Z] In workdir: S:\jenkins\workspace\ECP\ecg-maya-hydra\ecg-maya-hydra-branch-preflight-python3-windows\ecg-maya-hydra\maya-hydra
[2023-11-13T21:04:02.492Z] Executing: 'P:\\shared\\Artifactory\\Windows\\rundev-master-debug\\202310260154\\runtime\\2caf91a\\runTime\\bin\\mayapy.exe' 'S:\\jenkins\\workspace\\ECP\\ecg-maya-hydra\\ecg-maya-hydra-branch-preflight-python3-windows\\ecg-maya-hydra\\maya-hydra\\build.py' --generator Ninja --build-debug --maya-location 'P:\\shared\\Artifactory\\Windows\\rundev-master-debug\\202310260154\\runtime\\2caf91a\\runTime' --devkit-location 'P:\\shared\\Artifactory\\Windows\\rundev-master-debug\\202310260154\\runtime\\2caf91a\\devkitBase' --pxrusd-location 'P:\\shared\\Artifactory\\Windows\\USD\\972e371' '--build-args=-DCMAKE_MAKE_PROGRAM=P:/shared/Artifactory/Windows/ninja/1.10.2/ccacdf8/ninja.exe,-DPYTHON_INCLUDE_DIR=P:/shared/Artifactory/Windows/rundev-master-debug/202310260154/runtime/2caf91a/runTime/include/Python310/Python,-DPython_EXECUTABLE=P:/shared/Artifactory/Windows/rundev-master-debug/202310260154/runtime/2caf91a/runTime/bin/mayapy.exe,-DPYTHON_LIBRARIES=P:/shared/Artifactory/Windows/rundev-master-debug/202310260154/runtime/2caf91a/runTime/lib/python310_d.lib,-DBUILD_WITH_PYTHON_3=ON,-DBUILD_WITH_PYTHON_3_VERSION=3.10,-DCMAKE_WANT_MATERIALX_BUILD=ON,-DCMAKE_PREFIX_PATH=P:\\shared\\Artifactory\\Windows\\USD\\972e371' --debug-python '--ctest-args=--parallel 16' --stages=install --redirect-outstream-file=False --install-location 'W:\\install\\Debug\\MayaHydra' 'W:\\'
[2023-11-13T21:04:02.492Z] Modified environment variables:
[2023-11-13T21:04:02.492Z]     PATH=P:\shared\Artifactory\Windows\cmake\3.20.3\afe857a\bin;C:\Python27\lib\site-packages\pywin32_system32;C:\Program Files\Microsoft Visual Studio\2022\Professional\VC\Tools\MSVC\14.33.31629\bin\HostX64\x64;C:\Program Files\Microsoft Visual Studio\2022\Professional\Common7\IDE\VC\VCPackages;C:\Program Files\Microsoft Visual Studio\2022\Professional\Common7\IDE\CommonExtensions\Microsoft\TestWindow;C:\Program Files\Microsoft Visual Studio\2022\Professional\Common7\IDE\CommonExtensions\Microsoft\TeamFoundation\Team Explorer;C:\Program Files\Microsoft Visual Studio\2022\Professional\MSBuild\Current\bin\Roslyn;C:\Program Files\Microsoft Visual Studio\2022\Professional\Team Tools\Performance Tools\x64;C:\Program Files\Microsoft Visual Studio\2022\Professional\Team Tools\Performance Tools;C:\Program Files (x86)\Microsoft Visual Studio\Shared\Common\VSPerfCollectionTools\vs2019\\x64;C:\Program Files (x86)\Microsoft Visual Studio\Shared\Common\VSPerfCollectionTools\vs2019\;C:\Program Files (x86)\Microsoft SDKs\Windows\v10.0A\bin\NETFX 4.8 Tools\x64\;C:\Program Files (x86)\HTML Help Workshop;C:\Program Files\Microsoft Visual Studio\2022\Professional\Common7\IDE\CommonExtensions\Microsoft\FSharp\Tools;C:\Program Files (x86)\Windows Kits\10\bin\10.0.19041.0\\x64;C:\Program Files (x86)\Windows Kits\10\bin\\x64;C:\Program Files\Microsoft Visual Studio\2022\Professional\\MSBuild\Current\Bin\amd64;C:\WINDOWS\Microsoft.NET\Framework64\v4.0.30319;C:\Program Files\Microsoft Visual Studio\2022\Professional\Common7\IDE\;C:\Program Files\Microsoft Visual Studio\2022\Professional\Common7\Tools\;C:\Python27\;C:\Python27\Scripts;C:\WINDOWS\system32;C:\WINDOWS;C:\WINDOWS\System32\Wbem;C:\WINDOWS\System32\WindowsPowerShell\v1.0\;C:\WINDOWS\System32\OpenSSH\;C:\ProgramData\chocolatey\bin;C:\Program Files (x86)\WiX Toolset v3.7\bin;C:\Program Files\dotnet\;C:\Program Files (x86)\Windows Kits\10\bin\10.0.18362.0\x64;C:\Program Files\Zulu\zulu-11\bin\;C:\Program Files (x86)\Windows Kits\10\bin\10.0.17763.0\x64;C:\Program Files (x86)\Windows Kits\10\bin\x64;C:\Program Files\Git\cmd;C:\Program Files\Git\usr\bin;C:\Program Files\Git\mingw64\bin;C:\Program Files\Git\bin;C:\Python38\;C:\Python38\Scripts;C:\StoreBoxClientWindows;C:\Program Files\Electric Cloud\ElectricCommander\bin;C:\Program Files\WinRAR;C:\Program Files\7-Zip;C:\Program Files (x86)\Windows Kits\10\bin\10.0.19041.0\x64;C:\Users\Administrator\AppData\Local\Microsoft\WindowsApps;C:\Users\Administrator\.dotnet\tools;C:\Program Files\Microsoft Visual Studio\2022\Professional\Common7\IDE\CommonExtensions\Microsoft\CMake\CMake\bin;C:\Program Files\Microsoft Visual Studio\2022\Professional\Common7\IDE\CommonExtensions\Microsoft\CMake\Ninja;C:\Program Files\Microsoft Visual Studio\2022\Professional\Common7\IDE\VC\Linux\bin\ConnectionManagerExe
[2023-11-13T21:04:04.194Z]     [0/1] Install the project...
[2023-11-13T21:04:04.194Z]     -- Install configuration: "Debug"
[2023-11-13T21:04:05.374Z]     
[2023-11-13T21:04:05.374Z]         Building with settings:
[2023-11-13T21:04:05.374Z]           Source directory          S:\jenkins\workspace\ECP\ecg-maya-hydra\ecg-maya-hydra-branch-preflight-python3-windows\ecg-maya-hydra\maya-hydra
[2023-11-13T21:04:05.374Z]           Workspace directory       W:\
[2023-11-13T21:04:05.374Z]           Build directory           W:\build\Debug
[2023-11-13T21:04:05.374Z]           Install directory         W:\install\Debug\MayaHydra
[2023-11-13T21:04:05.374Z]           Variant                   Debug
[2023-11-13T21:04:05.374Z]           Python Debug              On
[2023-11-13T21:04:05.374Z]           CMake generator           Ninja
[2023-11-13T21:04:05.374Z]           Build arguments           ['-DCMAKE_MAKE_PROGRAM=P:/shared/Artifactory/Windows/ninja/1.10.2/ccacdf8/ninja.exe', '-DPYTHON_INCLUDE_DIR=P:/shared/Artifactory/Windows/rundev-master-debug/202310260154/runtime/2caf91a/runTime/include/Python310/Python', '-DPython_EXECUTABLE=P:/shared/Artifactory/Windows/rundev-master-debug/202310260154/runtime/2caf91a/runTime/bin/mayapy.exe', '-DPYTHON_LIBRARIES=P:/shared/Artifactory/Windows/rundev-master-debug/202310260154/runtime/2caf91a/runTime/lib/python310_d.lib', '-DBUILD_WITH_PYTHON_3=ON', '-DBUILD_WITH_PYTHON_3_VERSION=3.10', '-DCMAKE_WANT_MATERIALX_BUILD=ON', '-DCMAKE_PREFIX_PATH=P:\\shared\\Artifactory\\Windows\\USD\\972e371']
[2023-11-13T21:04:05.374Z]           Stages arguments          ['install']
[2023-11-13T21:04:05.374Z]           CTest arguments           ['--parallel 16']
[2023-11-13T21:04:05.374Z]     Success MayaHydra build and install !!!!
[2023-11-13T21:04:05.374Z]     Elapsed time: 00:00:01
[Pipeline] bat
[2023-11-13T21:04:05.998Z] Deleting alias drive W:
[Pipeline] bat
[2023-11-13T21:04:06.622Z] Deleting alias drive P:
[Pipeline] bat
[2023-11-13T21:04:07.308Z] Creating alias drive P: to S:\jenkins\workspace
[Pipeline] bat
[2023-11-13T21:04:07.954Z] Creating alias drive W: to S:\jenkins\workspace\ECP\ecg-maya-hydra\ecg-maya-hydra-branch-preflight-python3-windows
[Pipeline] bat
[2023-11-13T21:04:08.961Z] "C:\Program Files\Microsoft Visual Studio\2022\Professional\VC\Auxiliary\Build\vcvarsall.bat" x64
[2023-11-13T21:04:09.302Z] **********************************************************************
[2023-11-13T21:04:09.302Z] ** Visual Studio 2022 Developer Command Prompt v17.3.2
[2023-11-13T21:04:09.302Z] ** Copyright (c) 2022 Microsoft Corporation
[2023-11-13T21:04:09.302Z] **********************************************************************
[2023-11-13T21:04:10.798Z] [vcvarsall.bat] Environment initialized for: 'x64'
[2023-11-13T21:04:10.798Z] python ecg-maya-hydra/build.py --stages=install --workspace-dir=W:\ --artifactory-dir=P:\shared\Artifactory --build-dir=W:\build --install-dir=W:\install --signing-dir=W:\signing --package-dir=W:\package --output-dir=W:\output --stash-dir=W:\stash --jenkins-build=389 --git-commit=4fe99ace41393792dbfde32b706541f5894d5ee3 --git-branch=master --variants=RelWithDebInfo --interactive-tests=true --post-zips=false --osx-binary-architecture-target=ub2 --osx-deployment-target=11.0 --osx-base-sdk=CurrentActiveSDK --maya-cut-config=maya-rundev-master.yaml --maya-package=rundev-master --stage-banner
[2023-11-13T21:04:11.527Z] Using Maya cut from P:\shared\Artifactory\Windows\rundev-master\202311060140\runtime\1cbda2f
[2023-11-13T21:04:11.527Z] Using Maya ADSK Signatures from P:\shared\Artifactory\Windows\adsk-plugin-signatures-maya\2023\3ae1ae7
[2023-11-13T21:04:11.527Z] Using Maya Security Library from P:\shared\Artifactory\Windows\maya-security-library\3.4.0\284407f
[2023-11-13T21:04:11.527Z] 
[2023-11-13T21:04:11.527Z] ================================================================================
[2023-11-13T21:04:11.527Z]                             install (RelWithDebInfo)
[2023-11-13T21:04:11.527Z] ================================================================================
[2023-11-13T21:04:11.527Z] Maya Python RelWithDebInfo Info:
[2023-11-13T21:04:11.527Z]   mayapy executable   = P:\shared\Artifactory\Windows\rundev-master\202311060140\runtime\1cbda2f\runTime\bin\mayapy.exe
[2023-11-13T21:04:11.527Z]   Include Folder      = P:\shared\Artifactory\Windows\rundev-master\202311060140\runtime\1cbda2f\runTime\include\Python310\Python
[2023-11-13T21:04:11.527Z]   Library             = P:\shared\Artifactory\Windows\rundev-master\202311060140\runtime\1cbda2f\runTime\lib\python310.lib
[2023-11-13T21:04:11.527Z]   site-package Folder = P:\shared\Artifactory\Windows\rundev-master\202311060140\runtime\1cbda2f\runTime\Python\Lib\site-packages
[2023-11-13T21:04:12.707Z] In workdir: S:\jenkins\workspace\ECP\ecg-maya-hydra\ecg-maya-hydra-branch-preflight-python3-windows\ecg-maya-hydra\maya-hydra
[2023-11-13T21:04:12.707Z] Executing: 'P:\\shared\\Artifactory\\Windows\\rundev-master\\202311060140\\runtime\\1cbda2f\\runTime\\bin\\mayapy.exe' 'S:\\jenkins\\workspace\\ECP\\ecg-maya-hydra\\ecg-maya-hydra-branch-preflight-python3-windows\\ecg-maya-hydra\\maya-hydra\\build.py' --generator Ninja --build-relwithdebug --maya-location 'P:\\shared\\Artifactory\\Windows\\rundev-master\\202311060140\\runtime\\1cbda2f\\runTime' --devkit-location 'P:\\shared\\Artifactory\\Windows\\rundev-master\\202311060140\\runtime\\1cbda2f\\devkitBase' --pxrusd-location 'P:\\shared\\Artifactory\\Windows\\USD\\ce619c6' '--build-args=-DCMAKE_MAKE_PROGRAM=P:/shared/Artifactory/Windows/ninja/1.10.2/ccacdf8/ninja.exe,-DPYTHON_INCLUDE_DIR=P:/shared/Artifactory/Windows/rundev-master/202311060140/runtime/1cbda2f/runTime/include/Python310/Python,-DPython_EXECUTABLE=P:/shared/Artifactory/Windows/rundev-master/202311060140/runtime/1cbda2f/runTime/bin/mayapy.exe,-DPYTHON_LIBRARIES=P:/shared/Artifactory/Windows/rundev-master/202311060140/runtime/1cbda2f/runTime/lib/python310.lib,-DBUILD_WITH_PYTHON_3=ON,-DBUILD_WITH_PYTHON_3_VERSION=3.10,-DCMAKE_WANT_MATERIALX_BUILD=ON,-DCMAKE_PREFIX_PATH=P:\\shared\\Artifactory\\Windows\\USD\\ce619c6' '--ctest-args=--parallel 16' --stages=install --redirect-outstream-file=False --install-location 'W:\\install\\RelWithDebInfo\\MayaHydra' 'W:\\'
[2023-11-13T21:04:12.707Z] Modified environment variables:
[2023-11-13T21:04:12.707Z]     PATH=P:\shared\Artifactory\Windows\cmake\3.20.3\afe857a\bin;C:\Python27\lib\site-packages\pywin32_system32;C:\Program Files\Microsoft Visual Studio\2022\Professional\VC\Tools\MSVC\14.33.31629\bin\HostX64\x64;C:\Program Files\Microsoft Visual Studio\2022\Professional\Common7\IDE\VC\VCPackages;C:\Program Files\Microsoft Visual Studio\2022\Professional\Common7\IDE\CommonExtensions\Microsoft\TestWindow;C:\Program Files\Microsoft Visual Studio\2022\Professional\Common7\IDE\CommonExtensions\Microsoft\TeamFoundation\Team Explorer;C:\Program Files\Microsoft Visual Studio\2022\Professional\MSBuild\Current\bin\Roslyn;C:\Program Files\Microsoft Visual Studio\2022\Professional\Team Tools\Performance Tools\x64;C:\Program Files\Microsoft Visual Studio\2022\Professional\Team Tools\Performance Tools;C:\Program Files (x86)\Microsoft Visual Studio\Shared\Common\VSPerfCollectionTools\vs2019\\x64;C:\Program Files (x86)\Microsoft Visual Studio\Shared\Common\VSPerfCollectionTools\vs2019\;C:\Program Files (x86)\Microsoft SDKs\Windows\v10.0A\bin\NETFX 4.8 Tools\x64\;C:\Program Files (x86)\HTML Help Workshop;C:\Program Files\Microsoft Visual Studio\2022\Professional\Common7\IDE\CommonExtensions\Microsoft\FSharp\Tools;C:\Program Files (x86)\Windows Kits\10\bin\10.0.19041.0\\x64;C:\Program Files (x86)\Windows Kits\10\bin\\x64;C:\Program Files\Microsoft Visual Studio\2022\Professional\\MSBuild\Current\Bin\amd64;C:\WINDOWS\Microsoft.NET\Framework64\v4.0.30319;C:\Program Files\Microsoft Visual Studio\2022\Professional\Common7\IDE\;C:\Program Files\Microsoft Visual Studio\2022\Professional\Common7\Tools\;C:\Python27\;C:\Python27\Scripts;C:\WINDOWS\system32;C:\WINDOWS;C:\WINDOWS\System32\Wbem;C:\WINDOWS\System32\WindowsPowerShell\v1.0\;C:\WINDOWS\System32\OpenSSH\;C:\ProgramData\chocolatey\bin;C:\Program Files (x86)\WiX Toolset v3.7\bin;C:\Program Files\dotnet\;C:\Program Files (x86)\Windows Kits\10\bin\10.0.18362.0\x64;C:\Program Files\Zulu\zulu-11\bin\;C:\Program Files (x86)\Windows Kits\10\bin\10.0.17763.0\x64;C:\Program Files (x86)\Windows Kits\10\bin\x64;C:\Program Files\Git\cmd;C:\Program Files\Git\usr\bin;C:\Program Files\Git\mingw64\bin;C:\Program Files\Git\bin;C:\Python38\;C:\Python38\Scripts;C:\StoreBoxClientWindows;C:\Program Files\Electric Cloud\ElectricCommander\bin;C:\Program Files\WinRAR;C:\Program Files\7-Zip;C:\Program Files (x86)\Windows Kits\10\bin\10.0.19041.0\x64;C:\Users\Administrator\AppData\Local\Microsoft\WindowsApps;C:\Users\Administrator\.dotnet\tools;C:\Program Files\Microsoft Visual Studio\2022\Professional\Common7\IDE\CommonExtensions\Microsoft\CMake\CMake\bin;C:\Program Files\Microsoft Visual Studio\2022\Professional\Common7\IDE\CommonExtensions\Microsoft\CMake\Ninja;C:\Program Files\Microsoft Visual Studio\2022\Professional\Common7\IDE\VC\Linux\bin\ConnectionManagerExe
[2023-11-13T21:04:13.437Z]     [0/1] Install the project...
[2023-11-13T21:04:13.437Z]     -- Install configuration: "RelWithDebInfo"
[2023-11-13T21:04:14.615Z]     
[2023-11-13T21:04:14.615Z]         Building with settings:
[2023-11-13T21:04:14.615Z]           Source directory          S:\jenkins\workspace\ECP\ecg-maya-hydra\ecg-maya-hydra-branch-preflight-python3-windows\ecg-maya-hydra\maya-hydra
[2023-11-13T21:04:14.615Z]           Workspace directory       W:\
[2023-11-13T21:04:14.615Z]           Build directory           W:\build\RelWithDebInfo
[2023-11-13T21:04:14.615Z]           Install directory         W:\install\RelWithDebInfo\MayaHydra
[2023-11-13T21:04:14.615Z]           Variant                   RelWithDebInfo
[2023-11-13T21:04:14.615Z]           Python Debug              Off
[2023-11-13T21:04:14.615Z]           CMake generator           Ninja
[2023-11-13T21:04:14.615Z]           Build arguments           ['-DCMAKE_MAKE_PROGRAM=P:/shared/Artifactory/Windows/ninja/1.10.2/ccacdf8/ninja.exe', '-DPYTHON_INCLUDE_DIR=P:/shared/Artifactory/Windows/rundev-master/202311060140/runtime/1cbda2f/runTime/include/Python310/Python', '-DPython_EXECUTABLE=P:/shared/Artifactory/Windows/rundev-master/202311060140/runtime/1cbda2f/runTime/bin/mayapy.exe', '-DPYTHON_LIBRARIES=P:/shared/Artifactory/Windows/rundev-master/202311060140/runtime/1cbda2f/runTime/lib/python310.lib', '-DBUILD_WITH_PYTHON_3=ON', '-DBUILD_WITH_PYTHON_3_VERSION=3.10', '-DCMAKE_WANT_MATERIALX_BUILD=ON', '-DCMAKE_PREFIX_PATH=P:\\shared\\Artifactory\\Windows\\USD\\ce619c6']
[2023-11-13T21:04:14.615Z]           Stages arguments          ['install']
[2023-11-13T21:04:14.615Z]           CTest arguments           ['--parallel 16']
[2023-11-13T21:04:14.615Z]     Success MayaHydra build and install !!!!
[2023-11-13T21:04:14.615Z]     Elapsed time: 00:00:01
[Pipeline] bat
[2023-11-13T21:04:15.240Z] Deleting alias drive W:
[Pipeline] bat
[2023-11-13T21:04:15.864Z] Deleting alias drive P:
[Pipeline] }
[Pipeline] // withEnv
[Pipeline] }
[Pipeline] // timeout
[Pipeline] }
[Pipeline] // stage
[Pipeline] }
[Pipeline] // timestamps
[Pipeline] timestamps
[Pipeline] {
[Pipeline] stage
[Pipeline] { (Test)
[Pipeline] timeout
[2023-11-13T21:04:16.067Z] Timeout set to expire in 6 hr 0 min
[Pipeline] {
[Pipeline] withEnv
[Pipeline] {
[Pipeline] bat
[2023-11-13T21:04:16.699Z] Creating alias drive P: to S:\jenkins\workspace
[Pipeline] bat
[2023-11-13T21:04:17.342Z] Creating alias drive W: to S:\jenkins\workspace\ECP\ecg-maya-hydra\ecg-maya-hydra-branch-preflight-python3-windows
[Pipeline] bat
[2023-11-13T21:04:18.419Z] "C:\Program Files\Microsoft Visual Studio\2022\Professional\VC\Auxiliary\Build\vcvarsall.bat" x64
[2023-11-13T21:04:18.420Z] **********************************************************************
[2023-11-13T21:04:18.420Z] ** Visual Studio 2022 Developer Command Prompt v17.3.2
[2023-11-13T21:04:18.420Z] ** Copyright (c) 2022 Microsoft Corporation
[2023-11-13T21:04:18.420Z] **********************************************************************
[2023-11-13T21:04:20.123Z] [vcvarsall.bat] Environment initialized for: 'x64'
[2023-11-13T21:04:20.123Z] python ecg-maya-hydra/build.py --stages=test --workspace-dir=W:\ --artifactory-dir=P:\shared\Artifactory --build-dir=W:\build --install-dir=W:\install --signing-dir=W:\signing --package-dir=W:\package --output-dir=W:\output --stash-dir=W:\stash --jenkins-build=389 --git-commit=4fe99ace41393792dbfde32b706541f5894d5ee3 --git-branch=master --variants=RelWithDebInfo --interactive-tests=true --post-zips=false --osx-binary-architecture-target=ub2 --osx-deployment-target=11.0 --osx-base-sdk=CurrentActiveSDK --test-jobs=0 --failed-test-retry=3 --maya-cut-config=maya-rundev-master.yaml --maya-package=rundev-master --stage-banner --progressive-timeout
[2023-11-13T21:04:20.852Z] Using Maya cut from P:\shared\Artifactory\Windows\rundev-master\202311060140\runtime\1cbda2f
[2023-11-13T21:04:20.852Z] Using Maya ADSK Signatures from P:\shared\Artifactory\Windows\adsk-plugin-signatures-maya\2023\3ae1ae7
[2023-11-13T21:04:20.852Z] Using Maya Security Library from P:\shared\Artifactory\Windows\maya-security-library\3.4.0\284407f
[2023-11-13T21:04:21.193Z] 
[2023-11-13T21:04:21.193Z] ================================================================================
[2023-11-13T21:04:21.193Z]                              test (RelWithDebInfo)
[2023-11-13T21:04:21.193Z] ================================================================================
[2023-11-13T21:04:21.193Z] Maya Python RelWithDebInfo Info:
[2023-11-13T21:04:21.193Z]   mayapy executable   = P:\shared\Artifactory\Windows\rundev-master\202311060140\runtime\1cbda2f\runTime\bin\mayapy.exe
[2023-11-13T21:04:21.193Z]   Include Folder      = P:\shared\Artifactory\Windows\rundev-master\202311060140\runtime\1cbda2f\runTime\include\Python310\Python
[2023-11-13T21:04:21.193Z]   Library             = P:\shared\Artifactory\Windows\rundev-master\202311060140\runtime\1cbda2f\runTime\lib\python310.lib
[2023-11-13T21:04:21.193Z]   site-package Folder = P:\shared\Artifactory\Windows\rundev-master\202311060140\runtime\1cbda2f\runTime\Python\Lib\site-packages
[2023-11-13T21:04:21.923Z] In workdir: S:\jenkins\workspace\ECP\ecg-maya-hydra\ecg-maya-hydra-branch-preflight-python3-windows\ecg-maya-hydra\maya-hydra
[2023-11-13T21:04:21.923Z] Executing: 'P:\\shared\\Artifactory\\Windows\\rundev-master\\202311060140\\runtime\\1cbda2f\\runTime\\bin\\mayapy.exe' 'S:\\jenkins\\workspace\\ECP\\ecg-maya-hydra\\ecg-maya-hydra-branch-preflight-python3-windows\\ecg-maya-hydra\\maya-hydra\\build.py' --generator Ninja --build-relwithdebug --maya-location 'P:\\shared\\Artifactory\\Windows\\rundev-master\\202311060140\\runtime\\1cbda2f\\runTime' --devkit-location 'P:\\shared\\Artifactory\\Windows\\rundev-master\\202311060140\\runtime\\1cbda2f\\devkitBase' --pxrusd-location 'P:\\shared\\Artifactory\\Windows\\USD\\ce619c6' '--build-args=-DCMAKE_MAKE_PROGRAM=P:/shared/Artifactory/Windows/ninja/1.10.2/ccacdf8/ninja.exe,-DPYTHON_INCLUDE_DIR=P:/shared/Artifactory/Windows/rundev-master/202311060140/runtime/1cbda2f/runTime/include/Python310/Python,-DPython_EXECUTABLE=P:/shared/Artifactory/Windows/rundev-master/202311060140/runtime/1cbda2f/runTime/bin/mayapy.exe,-DPYTHON_LIBRARIES=P:/shared/Artifactory/Windows/rundev-master/202311060140/runtime/1cbda2f/runTime/lib/python310.lib,-DBUILD_WITH_PYTHON_3=ON,-DBUILD_WITH_PYTHON_3_VERSION=3.10,-DCMAKE_WANT_MATERIALX_BUILD=ON,-DCMAKE_PREFIX_PATH=P:\\shared\\Artifactory\\Windows\\USD\\ce619c6' '--ctest-args=--parallel 16' --stages=test --redirect-outstream-file=False --install-location 'W:\\install\\RelWithDebInfo\\MayaHydra' 'W:\\'
[2023-11-13T21:04:21.923Z] Modified environment variables:
[2023-11-13T21:04:21.923Z]     PATH=P:\shared\Artifactory\Windows\cmake\3.20.3\afe857a\bin;C:\Python27\lib\site-packages\pywin32_system32;C:\Program Files\Microsoft Visual Studio\2022\Professional\VC\Tools\MSVC\14.33.31629\bin\HostX64\x64;C:\Program Files\Microsoft Visual Studio\2022\Professional\Common7\IDE\VC\VCPackages;C:\Program Files\Microsoft Visual Studio\2022\Professional\Common7\IDE\CommonExtensions\Microsoft\TestWindow;C:\Program Files\Microsoft Visual Studio\2022\Professional\Common7\IDE\CommonExtensions\Microsoft\TeamFoundation\Team Explorer;C:\Program Files\Microsoft Visual Studio\2022\Professional\MSBuild\Current\bin\Roslyn;C:\Program Files\Microsoft Visual Studio\2022\Professional\Team Tools\Performance Tools\x64;C:\Program Files\Microsoft Visual Studio\2022\Professional\Team Tools\Performance Tools;C:\Program Files (x86)\Microsoft Visual Studio\Shared\Common\VSPerfCollectionTools\vs2019\\x64;C:\Program Files (x86)\Microsoft Visual Studio\Shared\Common\VSPerfCollectionTools\vs2019\;C:\Program Files (x86)\Microsoft SDKs\Windows\v10.0A\bin\NETFX 4.8 Tools\x64\;C:\Program Files (x86)\HTML Help Workshop;C:\Program Files\Microsoft Visual Studio\2022\Professional\Common7\IDE\CommonExtensions\Microsoft\FSharp\Tools;C:\Program Files (x86)\Windows Kits\10\bin\10.0.19041.0\\x64;C:\Program Files (x86)\Windows Kits\10\bin\\x64;C:\Program Files\Microsoft Visual Studio\2022\Professional\\MSBuild\Current\Bin\amd64;C:\WINDOWS\Microsoft.NET\Framework64\v4.0.30319;C:\Program Files\Microsoft Visual Studio\2022\Professional\Common7\IDE\;C:\Program Files\Microsoft Visual Studio\2022\Professional\Common7\Tools\;C:\Python27\;C:\Python27\Scripts;C:\WINDOWS\system32;C:\WINDOWS;C:\WINDOWS\System32\Wbem;C:\WINDOWS\System32\WindowsPowerShell\v1.0\;C:\WINDOWS\System32\OpenSSH\;C:\ProgramData\chocolatey\bin;C:\Program Files (x86)\WiX Toolset v3.7\bin;C:\Program Files\dotnet\;C:\Program Files (x86)\Windows Kits\10\bin\10.0.18362.0\x64;C:\Program Files\Zulu\zulu-11\bin\;C:\Program Files (x86)\Windows Kits\10\bin\10.0.17763.0\x64;C:\Program Files (x86)\Windows Kits\10\bin\x64;C:\Program Files\Git\cmd;C:\Program Files\Git\usr\bin;C:\Program Files\Git\mingw64\bin;C:\Program Files\Git\bin;C:\Python38\;C:\Python38\Scripts;C:\StoreBoxClientWindows;C:\Program Files\Electric Cloud\ElectricCommander\bin;C:\Program Files\WinRAR;C:\Program Files\7-Zip;C:\Program Files (x86)\Windows Kits\10\bin\10.0.19041.0\x64;C:\Users\Administrator\AppData\Local\Microsoft\WindowsApps;C:\Users\Administrator\.dotnet\tools;C:\Program Files\Microsoft Visual Studio\2022\Professional\Common7\IDE\CommonExtensions\Microsoft\CMake\CMake\bin;C:\Program Files\Microsoft Visual Studio\2022\Professional\Common7\IDE\CommonExtensions\Microsoft\CMake\Ninja;C:\Program Files\Microsoft Visual Studio\2022\Professional\Common7\IDE\VC\Linux\bin\ConnectionManagerExe
[2023-11-13T21:04:22.654Z]     Test project W:/build/RelWithDebInfo
[2023-11-13T21:04:22.995Z]           Start  1: _Interactive_Maya
[2023-11-13T21:04:22.995Z]      1/18 Test  #1: _Interactive_Maya ...........................***Not Run (Disabled)   0.00 sec
[2023-11-13T21:04:22.995Z]           Start  2: testImageDiffing
[2023-11-13T21:04:22.995Z]           Start  3: testMtohCommand
[2023-11-13T21:04:22.995Z]           Start  4: testMeshes
[2023-11-13T21:04:22.995Z]           Start  5: testNamespaces
[2023-11-13T21:04:22.995Z]           Start  6: testVisibility
[2023-11-13T21:04:22.995Z]           Start  7: testRendererSwitching
[2023-11-13T21:04:22.995Z]           Start  8: testSceneBrowser
[2023-11-13T21:04:23.335Z]           Start  9: testStageAddPrim
[2023-11-13T21:04:23.335Z]           Start 10: testNewSceneWithStage
[2023-11-13T21:04:23.335Z]           Start 11: testColorPreferences
[2023-11-13T21:04:23.335Z]           Start 12: testCppFramework
[2023-11-13T21:04:23.335Z]           Start 13: testMayaSceneFlattening
[2023-11-13T21:04:23.335Z]           Start 14: testMayaUsdUfeItems
[2023-11-13T21:04:23.335Z]           Start 15: testMergingSceneIndex
[2023-11-13T21:04:23.335Z]           Start 16: testSelectionSceneIndex
[2023-11-13T21:04:23.335Z]           Start 17: testWireframeSelectionHighlightSceneIndex
[2023-11-13T21:04:56.874Z]      2/18 Test  #9: testStageAddPrim ............................   Passed   28.70 sec
[2023-11-13T21:04:56.874Z]           Start 18: testMeshes_meshAdapter
[2023-11-13T21:04:56.874Z]      3/18 Test  #3: testMtohCommand .............................   Passed   29.61 sec
[2023-11-13T21:04:56.874Z]      4/18 Test #14: testMayaUsdUfeItems .........................   Passed   33.27 sec
[2023-11-13T21:04:57.214Z]      5/18 Test #12: testCppFramework ............................   Passed   33.85 sec
[2023-11-13T21:04:57.554Z]      6/18 Test #17: testWireframeSelectionHighlightSceneIndex ...   Passed   33.91 sec
[2023-11-13T21:04:57.554Z]      7/18 Test  #4: testMeshes ..................................   Passed   34.61 sec
[2023-11-13T21:04:57.894Z]      8/18 Test  #8: testSceneBrowser ............................   Passed   34.88 sec
[2023-11-13T21:04:58.234Z]      9/18 Test #13: testMayaSceneFlattening .....................   Passed   34.80 sec
[2023-11-13T21:04:58.574Z]     10/18 Test  #7: testRendererSwitching .......................   Passed   35.31 sec
[2023-11-13T21:04:58.574Z]     11/18 Test #15: testMergingSceneIndex .......................   Passed   35.19 sec
[2023-11-13T21:04:58.914Z]     12/18 Test  #5: testNamespaces ..............................   Passed   35.73 sec
[2023-11-13T21:04:58.914Z]     13/18 Test #10: testNewSceneWithStage .......................   Passed   35.75 sec
[2023-11-13T21:04:59.255Z]     14/18 Test  #2: testImageDiffing ............................   Passed   36.32 sec
[2023-11-13T21:04:59.255Z]     15/18 Test #16: testSelectionSceneIndex .....................   Passed   35.95 sec
[2023-11-13T21:04:59.598Z]     16/18 Test #11: testColorPreferences ........................   Passed   36.27 sec
[2023-11-13T21:05:00.777Z]     17/18 Test  #6: testVisibility ..............................   Passed   37.84 sec
[2023-11-13T21:05:06.784Z]     18/18 Test #18: testMeshes_meshAdapter ......................   Passed   14.26 sec
[2023-11-13T21:05:06.784Z]     
[2023-11-13T21:05:06.784Z]     100% tests passed, 0 tests failed out of 17
[2023-11-13T21:05:06.784Z]     
[2023-11-13T21:05:06.784Z]     Label Time Summary:
[2023-11-13T21:05:06.784Z]     Debugging      =   0.00 sec*proc (1 test)
[2023-11-13T21:05:06.784Z]     interactive    = 566.25 sec*proc (17 tests)
[2023-11-13T21:05:06.784Z]     mayaHydra      = 566.25 sec*proc (17 tests)
[2023-11-13T21:05:06.784Z]     
[2023-11-13T21:05:06.784Z]     Total Test time (real) =  43.42 sec
[2023-11-13T21:05:06.784Z]     
[2023-11-13T21:05:06.784Z]     The following tests did not run:
[2023-11-13T21:05:06.784Z]     	  1 - _Interactive_Maya (Disabled)
[2023-11-13T21:05:06.784Z]     
[2023-11-13T21:05:06.784Z]         Building with settings:
[2023-11-13T21:05:06.784Z]           Source directory          S:\jenkins\workspace\ECP\ecg-maya-hydra\ecg-maya-hydra-branch-preflight-python3-windows\ecg-maya-hydra\maya-hydra
[2023-11-13T21:05:06.784Z]           Workspace directory       W:\
[2023-11-13T21:05:06.784Z]           Build directory           W:\build\RelWithDebInfo
[2023-11-13T21:05:06.784Z]           Install directory         W:\install\RelWithDebInfo\MayaHydra
[2023-11-13T21:05:06.784Z]           Variant                   RelWithDebInfo
[2023-11-13T21:05:06.784Z]           Python Debug              Off
[2023-11-13T21:05:06.784Z]           CMake generator           Ninja
[2023-11-13T21:05:06.784Z]           Build arguments           ['-DCMAKE_MAKE_PROGRAM=P:/shared/Artifactory/Windows/ninja/1.10.2/ccacdf8/ninja.exe', '-DPYTHON_INCLUDE_DIR=P:/shared/Artifactory/Windows/rundev-master/202311060140/runtime/1cbda2f/runTime/include/Python310/Python', '-DPython_EXECUTABLE=P:/shared/Artifactory/Windows/rundev-master/202311060140/runtime/1cbda2f/runTime/bin/mayapy.exe', '-DPYTHON_LIBRARIES=P:/shared/Artifactory/Windows/rundev-master/202311060140/runtime/1cbda2f/runTime/lib/python310.lib', '-DBUILD_WITH_PYTHON_3=ON', '-DBUILD_WITH_PYTHON_3_VERSION=3.10', '-DCMAKE_WANT_MATERIALX_BUILD=ON', '-DCMAKE_PREFIX_PATH=P:\\shared\\Artifactory\\Windows\\USD\\ce619c6']
[2023-11-13T21:05:06.784Z]           Stages arguments          ['test']
[2023-11-13T21:05:06.784Z]           CTest arguments           ['--parallel 16']
[2023-11-13T21:05:06.784Z]     Success running MayaHydra tests !!!!
[Pipeline] bat
[2023-11-13T21:05:07.428Z] Deleting alias drive W:
[Pipeline] bat
[2023-11-13T21:05:08.049Z] Deleting alias drive P:
[Pipeline] }
[Pipeline] // withEnv
[Pipeline] }
[Pipeline] // timeout
[Pipeline] }
[Pipeline] // stage
[Pipeline] }
[Pipeline] // timestamps
[Pipeline] timestamps
[Pipeline] {
[Pipeline] stage
[Pipeline] { (Cleanup)
[Pipeline] timeout
[2023-11-13T21:05:08.255Z] Timeout set to expire in 6 hr 0 min
[Pipeline] {
[Pipeline] withEnv
[Pipeline] {
[Pipeline] bat
[2023-11-13T21:05:08.886Z] Creating alias drive P: to S:\jenkins\workspace
[Pipeline] bat
[2023-11-13T21:05:09.536Z] Creating alias drive W: to S:\jenkins\workspace\ECP\ecg-maya-hydra\ecg-maya-hydra-branch-preflight-python3-windows
[Pipeline] bat
[2023-11-13T21:05:10.536Z] "C:\Program Files\Microsoft Visual Studio\2022\Professional\VC\Auxiliary\Build\vcvarsall.bat" x64
[2023-11-13T21:05:10.536Z] **********************************************************************
[2023-11-13T21:05:10.536Z] ** Visual Studio 2022 Developer Command Prompt v17.3.2
[2023-11-13T21:05:10.536Z] ** Copyright (c) 2022 Microsoft Corporation
[2023-11-13T21:05:10.536Z] **********************************************************************
[2023-11-13T21:05:12.236Z] [vcvarsall.bat] Environment initialized for: 'x64'
[2023-11-13T21:05:12.236Z] python ecg-maya-hydra/build.py --stages=cleanup --workspace-dir=W:\ --artifactory-dir=P:\shared\Artifactory --build-dir=W:\build --install-dir=W:\install --signing-dir=W:\signing --package-dir=W:\package --output-dir=W:\output --stash-dir=W:\stash --jenkins-build=389 --git-commit=4fe99ace41393792dbfde32b706541f5894d5ee3 --git-branch=master --variants=Debug --interactive-tests=true --post-zips=false --osx-binary-architecture-target=ub2 --osx-deployment-target=11.0 --osx-base-sdk=CurrentActiveSDK --maya-cut-config=maya-rundev-master-debug.yaml --maya-package=rundev-master-debug --stage-banner
[2023-11-13T21:05:12.966Z] Using Maya cut from P:\shared\Artifactory\Windows\rundev-master-debug\202310260154\runtime\2caf91a
[2023-11-13T21:05:12.966Z] Using Maya ADSK Signatures from P:\shared\Artifactory\Windows\adsk-plugin-signatures-maya\2023\3ae1ae7
[2023-11-13T21:05:12.966Z] Using Maya Security Library from P:\shared\Artifactory\Windows\maya-security-library\3.4.0\284407f
[2023-11-13T21:05:12.966Z] 
[2023-11-13T21:05:12.966Z] ================================================================================
[2023-11-13T21:05:12.966Z]                                cleanup (Finalize)
[2023-11-13T21:05:12.966Z] ================================================================================
[2023-11-13T21:05:12.966Z] Cleaning up workspace
[2023-11-13T21:05:12.966Z] Removing directory: W:\build
[2023-11-13T21:05:14.672Z] Removing directory: W:\install
[Pipeline] bat
[2023-11-13T21:05:15.298Z] Deleting alias drive W:
[Pipeline] bat
[2023-11-13T21:05:15.927Z] Deleting alias drive P:
[Pipeline] bat
[2023-11-13T21:05:16.635Z] Creating alias drive P: to S:\jenkins\workspace
[Pipeline] bat
[2023-11-13T21:05:17.297Z] Creating alias drive W: to S:\jenkins\workspace\ECP\ecg-maya-hydra\ecg-maya-hydra-branch-preflight-python3-windows
[Pipeline] bat
[2023-11-13T21:05:18.381Z] "C:\Program Files\Microsoft Visual Studio\2022\Professional\VC\Auxiliary\Build\vcvarsall.bat" x64
[2023-11-13T21:05:18.381Z] **********************************************************************
[2023-11-13T21:05:18.381Z] ** Visual Studio 2022 Developer Command Prompt v17.3.2
[2023-11-13T21:05:18.381Z] ** Copyright (c) 2022 Microsoft Corporation
[2023-11-13T21:05:18.381Z] **********************************************************************
[2023-11-13T21:05:20.098Z] [vcvarsall.bat] Environment initialized for: 'x64'
[2023-11-13T21:05:20.098Z] python ecg-maya-hydra/build.py --stages=cleanup --workspace-dir=W:\ --artifactory-dir=P:\shared\Artifactory --build-dir=W:\build --install-dir=W:\install --signing-dir=W:\signing --package-dir=W:\package --output-dir=W:\output --stash-dir=W:\stash --jenkins-build=389 --git-commit=4fe99ace41393792dbfde32b706541f5894d5ee3 --git-branch=master --variants=RelWithDebInfo --interactive-tests=true --post-zips=false --osx-binary-architecture-target=ub2 --osx-deployment-target=11.0 --osx-base-sdk=CurrentActiveSDK --maya-cut-config=maya-rundev-master.yaml --maya-package=rundev-master --stage-banner
[2023-11-13T21:05:20.831Z] Using Maya cut from P:\shared\Artifactory\Windows\rundev-master\202311060140\runtime\1cbda2f
[2023-11-13T21:05:20.831Z] Using Maya ADSK Signatures from P:\shared\Artifactory\Windows\adsk-plugin-signatures-maya\2023\3ae1ae7
[2023-11-13T21:05:20.831Z] Using Maya Security Library from P:\shared\Artifactory\Windows\maya-security-library\3.4.0\284407f
[2023-11-13T21:05:20.831Z] 
[2023-11-13T21:05:20.831Z] ================================================================================
[2023-11-13T21:05:20.831Z]                                cleanup (Finalize)
[2023-11-13T21:05:20.831Z] ================================================================================
[2023-11-13T21:05:20.831Z] Cleaning up workspace
[Pipeline] bat
[2023-11-13T21:05:21.473Z] Deleting alias drive W:
[Pipeline] bat
[2023-11-13T21:05:22.105Z] Deleting alias drive P:
[Pipeline] }
[Pipeline] // withEnv
[Pipeline] }
[Pipeline] // timeout
[Pipeline] }
[Pipeline] // stage
[Pipeline] }
[Pipeline] // timestamps
[Pipeline] }
[Pipeline] // node
[Pipeline] End of Pipeline
[Checks API] No suitable checks publisher found.
Finished: SUCCESS
