[2023-11-14T09:49:36.167Z] ================================================================================
[2023-11-14T09:49:36.167Z]                                  setup (Debug)
[2023-11-14T09:49:36.167Z] ================================================================================
[Pipeline] sh
[2023-11-14T09:49:37.767Z] + scl enable gcc-toolset-11 -
[2023-11-14T09:49:37.767Z] + '[' enable = load -o enable = unload ']'
[2023-11-14T09:49:37.767Z] + /usr/bin/scl enable gcc-toolset-11 -
[2023-11-14T09:49:37.768Z] python ecg-maya-hydra/build.py --stages=setup --workspace-dir=/local/S/jenkins/workspace/ECP/ecg-maya-hydra/ecg-maya-hydra-branch-preflight-python3-linux --artifactory-dir=/local/S/jenkins/workspace/shared/Artifactory --build-dir=/local/S/jenkins/workspace/ECP/ecg-maya-hydra/ecg-maya-hydra-branch-preflight-python3-linux/build --install-dir=/local/S/jenkins/workspace/ECP/ecg-maya-hydra/ecg-maya-hydra-branch-preflight-python3-linux/install --signing-dir=/local/S/jenkins/workspace/ECP/ecg-maya-hydra/ecg-maya-hydra-branch-preflight-python3-linux/signing --package-dir=/local/S/jenkins/workspace/ECP/ecg-maya-hydra/ecg-maya-hydra-branch-preflight-python3-linux/package --output-dir=/local/S/jenkins/workspace/ECP/ecg-maya-hydra/ecg-maya-hydra-branch-preflight-python3-linux/output --stash-dir=/local/S/jenkins/workspace/ECP/ecg-maya-hydra/ecg-maya-hydra-branch-preflight-python3-linux/stash --jenkins-build=390 --git-commit=ccc5b63e3f62de6f3a58f8d35940367a98e66aa4 --git-branch=master --variants=RelWithDebInfo --interactive-tests=true --post-zips=false --osx-binary-architecture-target=ub2 --osx-deployment-target=11.0 --osx-base-sdk=CurrentActiveSDK --extra-license-file=ecg-maya-hydra/jenkins-o03-cot/melicense.lic --prune-versions=3 --prune-revisions=3 --maya-cut-config=maya-rundev-master.yaml --maya-package=rundev-master --stage-banner --prune-artifacts --force-pruning
[2023-11-14T09:49:37.768Z] Getting rundev-master download URL from Maya SHA-1 hash
[2023-11-14T09:49:37.768Z] Finding Artifactory servers response times
[2023-11-14T09:49:40.247Z] [VERBOSE] Start loading URL (CURL): https://art-bear.autodesk.com/artifactory/api/system/ping
[2023-11-14T09:49:40.247Z] [DEBUG] Running: /usr/bin/curl -s -X GET --keepalive-time 10 --connect-timeout 60 --speed-limit 10000 --speed-time 120 --max-time 3600 --retry 5 --retry-max-time 2400 -H Connection:close https://art-bear.autodesk.com/artifactory/api/system/ping
[2023-11-14T09:49:40.247Z] [DEBUG] Output:
[2023-11-14T09:49:40.247Z] OK
[2023-11-14T09:49:40.247Z] [VERBOSE] End loading URL (CURL): https://art-bear.autodesk.com/artifactory/api/system/ping
[2023-11-14T09:49:40.247Z] [VERBOSE] Start loading URL (CURL): https://art-marmotte.autodesk.com/artifactory/api/system/ping
[2023-11-14T09:49:40.247Z] [DEBUG] Running: /usr/bin/curl -s -X GET --keepalive-time 10 --connect-timeout 60 --speed-limit 10000 --speed-time 120 --max-time 3600 --retry 5 --retry-max-time 2400 -H Connection:close https://art-marmotte.autodesk.com/artifactory/api/system/ping
[2023-11-14T09:49:40.247Z] [DEBUG] Output:
[2023-11-14T09:49:40.247Z] OK
[2023-11-14T09:49:40.247Z] [VERBOSE] End loading URL (CURL): https://art-marmotte.autodesk.com/artifactory/api/system/ping
[2023-11-14T09:49:40.247Z] [VERBOSE] Start loading URL (CURL): https://art-bobcat.autodesk.com/artifactory/api/system/ping
[2023-11-14T09:49:40.247Z] [DEBUG] Running: /usr/bin/curl -s -X GET --keepalive-time 10 --connect-timeout 60 --speed-limit 10000 --speed-time 120 --max-time 3600 --retry 5 --retry-max-time 2400 -H Connection:close https://art-bobcat.autodesk.com/artifactory/api/system/ping
[2023-11-14T09:49:40.247Z] [DEBUG] Output:
[2023-11-14T09:49:40.247Z] OK
[2023-11-14T09:49:40.247Z] [VERBOSE] End loading URL (CURL): https://art-bobcat.autodesk.com/artifactory/api/system/ping
[2023-11-14T09:49:40.247Z] [VERBOSE] Start loading URL (CURL): https://art-bear.autodesk.com/artifactory/api/search/checksum?repos=autodesk-3p-generic,adsk-build-tools-generic,team-ecg-generic,team-maya-generic,oss-stg-generic&sha1=33fa670efb8a2e6e0fe7cf43f43781754a0452be
[2023-11-14T09:49:40.247Z] [DEBUG] Running: /usr/bin/curl -s -X GET --keepalive-time 10 --connect-timeout 60 --speed-limit 10000 --speed-time 120 --max-time 3600 --retry 5 --retry-max-time 2400 -H Connection:close -H Authorization:Basic ZWNnYmlmcm9zdDpvcGUqKjAw https://art-bear.autodesk.com/artifactory/api/search/checksum?repos=autodesk-3p-generic,adsk-build-tools-generic,team-ecg-generic,team-maya-generic,oss-stg-generic&sha1=33fa670efb8a2e6e0fe7cf43f43781754a0452be
[2023-11-14T09:49:40.247Z] [DEBUG] Output:
[2023-11-14T09:49:40.247Z] {
[2023-11-14T09:49:40.247Z]   "results" : [ {
[2023-11-14T09:49:40.247Z]     "uri" : "https://art-bear.autodesk.com:443/artifactory/api/storage/team-maya-generic/Maya/master/plnx/2023-11-06-01-40_068e1a5022/202311060140-068e1a5022-RUNDEV.tgz"
[2023-11-14T09:49:40.247Z]   } ]
[2023-11-14T09:49:40.247Z] }
[2023-11-14T09:49:40.247Z] [VERBOSE] End loading URL (CURL): https://art-bear.autodesk.com/artifactory/api/search/checksum?repos=autodesk-3p-generic,adsk-build-tools-generic,team-ecg-generic,team-maya-generic,oss-stg-generic&sha1=33fa670efb8a2e6e0fe7cf43f43781754a0452be
[2023-11-14T09:49:40.247Z] [VERBOSE] Start loading URL (CURL): https://art-bear.autodesk.com:443/artifactory/api/storage/team-maya-generic/Maya/master/plnx/2023-11-06-01-40_068e1a5022/202311060140-068e1a5022-RUNDEV.tgz
[2023-11-14T09:49:40.247Z] [DEBUG] Running: /usr/bin/curl -s -X GET --keepalive-time 10 --connect-timeout 60 --speed-limit 10000 --speed-time 120 --max-time 3600 --retry 5 --retry-max-time 2400 -H Connection:close -H Authorization:Basic ZWNnYmlmcm9zdDpvcGUqKjAw https://art-bear.autodesk.com:443/artifactory/api/storage/team-maya-generic/Maya/master/plnx/2023-11-06-01-40_068e1a5022/202311060140-068e1a5022-RUNDEV.tgz
[2023-11-14T09:49:40.247Z] [DEBUG] Output:
[2023-11-14T09:49:40.247Z] {
[2023-11-14T09:49:40.247Z]   "repo" : "team-maya-generic",
[2023-11-14T09:49:40.247Z]   "path" : "/Maya/master/plnx/2023-11-06-01-40_068e1a5022/202311060140-068e1a5022-RUNDEV.tgz",
[2023-11-14T09:49:40.247Z]   "created" : "2023-11-06T06:08:42.594-05:00",
[2023-11-14T09:49:40.247Z]   "createdBy" : "token:art-bear.autodesk.com",
[2023-11-14T09:49:40.247Z]   "lastModified" : "2023-11-06T06:08:42.586-05:00",
[2023-11-14T09:49:40.247Z]   "modifiedBy" : "token:art-bear.autodesk.com",
[2023-11-14T09:49:40.247Z]   "lastUpdated" : "2023-11-06T06:08:42.595-05:00",
[2023-11-14T09:49:40.247Z]   "downloadUri" : "https://art-bear.autodesk.com:443/artifactory/team-maya-generic/Maya/master/plnx/2023-11-06-01-40_068e1a5022/202311060140-068e1a5022-RUNDEV.tgz",
[2023-11-14T09:49:40.247Z]   "mimeType" : "application/x-gzip",
[2023-11-14T09:49:40.247Z]   "size" : "2638320878",
[2023-11-14T09:49:40.247Z]   "checksums" : {
[2023-11-14T09:49:40.247Z]     "sha1" : "33fa670efb8a2e6e0fe7cf43f43781754a0452be",
[2023-11-14T09:49:40.247Z]     "md5" : "b1b7b29034b5d3c2e8db81b177964673",
[2023-11-14T09:49:40.247Z]     "sha256" : "140f43d5f3a0a154fad2afe7cb7c09843019dfc72124c0e6e13f2e00c6808fd8"
[2023-11-14T09:49:40.247Z]   },
[2023-11-14T09:49:40.247Z]   "originalChecksums" : {
[2023-11-14T09:49:40.247Z]     "sha1" : "33fa670efb8a2e6e0fe7cf43f43781754a0452be",
[2023-11-14T09:49:40.247Z]     "md5" : "b1b7b29034b5d3c2e8db81b177964673",
[2023-11-14T09:49:40.247Z]     "sha256" : "140f43d5f3a0a154fad2afe7cb7c09843019dfc72124c0e6e13f2e00c6808fd8"
[2023-11-14T09:49:40.247Z]   },
[2023-11-14T09:49:40.247Z]   "uri" : "https://art-bear.autodesk.com:443/artifactory/api/storage/team-maya-generic/Maya/master/plnx/2023-11-06-01-40_068e1a5022/202311060140-068e1a5022-RUNDEV.tgz"
[2023-11-14T09:49:40.247Z] }
[2023-11-14T09:49:40.247Z] [VERBOSE] End loading URL (CURL): https://art-bear.autodesk.com:443/artifactory/api/storage/team-maya-generic/Maya/master/plnx/2023-11-06-01-40_068e1a5022/202311060140-068e1a5022-RUNDEV.tgz
[2023-11-14T09:49:40.247Z] Using Maya cut from /local/S/jenkins/workspace/shared/Artifactory/Linux/rundev-master/202311060140/runtime/33fa670
[2023-11-14T09:49:40.247Z] 
[2023-11-14T09:49:40.247Z] ================================================================================
[2023-11-14T09:49:40.247Z]                              setup (RelWithDebInfo)
[2023-11-14T09:49:40.247Z] ================================================================================
[Pipeline] }
[Pipeline] // withEnv
[Pipeline] }
[Pipeline] // timeout
[Pipeline] }
[Pipeline] // stage
[Pipeline] }
[Pipeline] // timestamps
[Pipeline] timestamps
[Pipeline] {
[Pipeline] stage
[Pipeline] { (Clean)
[Pipeline] timeout
[2023-11-14T09:49:40.596Z] Timeout set to expire in 6 hr 0 min
[Pipeline] {
[Pipeline] withEnv
[Pipeline] {
[Pipeline] sh
[2023-11-14T09:49:42.259Z] + scl enable gcc-toolset-11 -
[2023-11-14T09:49:42.259Z] + '[' enable = load -o enable = unload ']'
[2023-11-14T09:49:42.259Z] + /usr/bin/scl enable gcc-toolset-11 -
[2023-11-14T09:49:42.259Z] python ecg-maya-hydra/build.py --stages=clean --workspace-dir=/local/S/jenkins/workspace/ECP/ecg-maya-hydra/ecg-maya-hydra-branch-preflight-python3-linux --artifactory-dir=/local/S/jenkins/workspace/shared/Artifactory --build-dir=/local/S/jenkins/workspace/ECP/ecg-maya-hydra/ecg-maya-hydra-branch-preflight-python3-linux/build --install-dir=/local/S/jenkins/workspace/ECP/ecg-maya-hydra/ecg-maya-hydra-branch-preflight-python3-linux/install --signing-dir=/local/S/jenkins/workspace/ECP/ecg-maya-hydra/ecg-maya-hydra-branch-preflight-python3-linux/signing --package-dir=/local/S/jenkins/workspace/ECP/ecg-maya-hydra/ecg-maya-hydra-branch-preflight-python3-linux/package --output-dir=/local/S/jenkins/workspace/ECP/ecg-maya-hydra/ecg-maya-hydra-branch-preflight-python3-linux/output --stash-dir=/local/S/jenkins/workspace/ECP/ecg-maya-hydra/ecg-maya-hydra-branch-preflight-python3-linux/stash --jenkins-build=390 --git-commit=ccc5b63e3f62de6f3a58f8d35940367a98e66aa4 --git-branch=master --variants=Debug --interactive-tests=true --post-zips=false --osx-binary-architecture-target=ub2 --osx-deployment-target=11.0 --osx-base-sdk=CurrentActiveSDK --maya-cut-config=maya-rundev-master-debug.yaml --maya-package=rundev-master-debug --stage-banner
[2023-11-14T09:49:42.259Z] Using Maya cut from /local/S/jenkins/workspace/shared/Artifactory/Linux/rundev-master-debug/202310260154/runtime/7d60df0
[2023-11-14T09:49:42.259Z] 
[2023-11-14T09:49:42.259Z] ================================================================================
[2023-11-14T09:49:42.259Z]                                  clean (Debug)
[2023-11-14T09:49:42.259Z] ================================================================================
[2023-11-14T09:49:42.259Z] Maya Python Debug Info:
[2023-11-14T09:49:42.259Z]   mayapy executable   = /local/S/jenkins/workspace/shared/Artifactory/Linux/rundev-master-debug/202310260154/runtime/7d60df0/runTime/bin/mayapy
[2023-11-14T09:49:42.259Z]   Include Folder      = /local/S/jenkins/workspace/shared/Artifactory/Linux/rundev-master-debug/202310260154/runtime/7d60df0/runTime/include/Python310/Python
[2023-11-14T09:49:42.259Z]   Library             = /local/S/jenkins/workspace/shared/Artifactory/Linux/rundev-master-debug/202310260154/runtime/7d60df0/runTime/lib/libpython3.10d.so.1.0
[2023-11-14T09:49:42.259Z]   site-package Folder = /local/S/jenkins/workspace/shared/Artifactory/Linux/rundev-master-debug/202310260154/runtime/7d60df0/runTime/lib/python3.10/site-packages
[2023-11-14T09:49:42.793Z] In workdir: /home/S/jenkins/workspace/ECP/ecg-maya-hydra/ecg-maya-hydra-branch-preflight-python3-linux/ecg-maya-hydra/maya-hydra
[2023-11-14T09:49:42.793Z] Executing: /local/S/jenkins/workspace/shared/Artifactory/Linux/rundev-master-debug/202310260154/runtime/7d60df0/runTime/bin/mayapy /home/S/jenkins/workspace/ECP/ecg-maya-hydra/ecg-maya-hydra-branch-preflight-python3-linux/ecg-maya-hydra/maya-hydra/build.py --generator Ninja --build-debug --maya-location /local/S/jenkins/workspace/shared/Artifactory/Linux/rundev-master-debug/202310260154/runtime/7d60df0/runTime --devkit-location /local/S/jenkins/workspace/shared/Artifactory/Linux/rundev-master-debug/202310260154/runtime/7d60df0/devkitBase --pxrusd-location /local/S/jenkins/workspace/shared/Artifactory/Linux/USD/8e4fe45 --build-args=-DCMAKE_MAKE_PROGRAM=/local/S/jenkins/workspace/shared/Artifactory/Linux/ninja/1.10.2/9ab399b/ninja,-DPYTHON_INCLUDE_DIR=/local/S/jenkins/workspace/shared/Artifactory/Linux/rundev-master-debug/202310260154/runtime/7d60df0/runTime/include/Python310/Python,-DPython_EXECUTABLE=/local/S/jenkins/workspace/shared/Artifactory/Linux/rundev-master-debug/202310260154/runtime/7d60df0/runTime/bin/mayapy,-DPYTHON_LIBRARIES=/local/S/jenkins/workspace/shared/Artifactory/Linux/rundev-master-debug/202310260154/runtime/7d60df0/runTime/lib/libpython3.10d.so.1.0,-DBUILD_WITH_PYTHON_3=ON,-DBUILD_WITH_PYTHON_3_VERSION=3.10,-DCMAKE_WANT_MATERIALX_BUILD=ON,-DCMAKE_PREFIX_PATH=/local/S/jenkins/workspace/shared/Artifactory/Linux/USD/8e4fe45 --debug-python '--ctest-args=--parallel 16' --stages=clean --redirect-outstream-file=False --install-location /local/S/jenkins/workspace/ECP/ecg-maya-hydra/ecg-maya-hydra-branch-preflight-python3-linux/install/Debug/MayaHydra /local/S/jenkins/workspace/ECP/ecg-maya-hydra/ecg-maya-hydra-branch-preflight-python3-linux
[2023-11-14T09:49:42.793Z] Modified environment variables:
[2023-11-14T09:49:42.793Z]     LD_LIBRARY_PATH=/opt/rh/gcc-toolset-11/root/usr/lib64:/opt/rh/gcc-toolset-11/root/usr/lib64:/opt/rh/gcc-toolset-11/root/usr/lib:/opt/rh/gcc-toolset-11/root/usr/lib64/dyninst:/opt/rh/gcc-toolset-11/root/usr/lib/dyninst
[2023-11-14T09:49:42.793Z]     PATH=/local/S/jenkins/workspace/shared/Artifactory/Linux/cmake/3.20.3/ab685d7/bin:/opt/rh/gcc-toolset-11/root/usr/bin:/home/administrator/.local/bin:/home/administrator/bin:/usr/share/Modules/bin:/usr/local/bin:/usr/local/sbin:/usr/bin:/usr/sbin
[2023-11-14T09:49:43.327Z]     
[2023-11-14T09:49:43.327Z]         Building with settings:
[2023-11-14T09:49:43.327Z]           Source directory          /home/S/jenkins/workspace/ECP/ecg-maya-hydra/ecg-maya-hydra-branch-preflight-python3-linux/ecg-maya-hydra/maya-hydra
[2023-11-14T09:49:43.327Z]           Workspace directory       /local/S/jenkins/workspace/ECP/ecg-maya-hydra/ecg-maya-hydra-branch-preflight-python3-linux
[2023-11-14T09:49:43.327Z]           Build directory           /local/S/jenkins/workspace/ECP/ecg-maya-hydra/ecg-maya-hydra-branch-preflight-python3-linux/build/Debug
[2023-11-14T09:49:43.327Z]           Install directory         /local/S/jenkins/workspace/ECP/ecg-maya-hydra/ecg-maya-hydra-branch-preflight-python3-linux/install/Debug/MayaHydra
[2023-11-14T09:49:43.327Z]           Variant                   Debug
[2023-11-14T09:49:43.327Z]           Python Debug              On
[2023-11-14T09:49:43.327Z]           CMake generator           Ninja
[2023-11-14T09:49:43.327Z]           Build arguments           ['-DCMAKE_MAKE_PROGRAM=/local/S/jenkins/workspace/shared/Artifactory/Linux/ninja/1.10.2/9ab399b/ninja', '-DPYTHON_INCLUDE_DIR=/local/S/jenkins/workspace/shared/Artifactory/Linux/rundev-master-debug/202310260154/runtime/7d60df0/runTime/include/Python310/Python', '-DPython_EXECUTABLE=/local/S/jenkins/workspace/shared/Artifactory/Linux/rundev-master-debug/202310260154/runtime/7d60df0/runTime/bin/mayapy', '-DPYTHON_LIBRARIES=/local/S/jenkins/workspace/shared/Artifactory/Linux/rundev-master-debug/202310260154/runtime/7d60df0/runTime/lib/libpython3.10d.so.1.0', '-DBUILD_WITH_PYTHON_3=ON', '-DBUILD_WITH_PYTHON_3_VERSION=3.10', '-DCMAKE_WANT_MATERIALX_BUILD=ON', '-DCMAKE_PREFIX_PATH=/local/S/jenkins/workspace/shared/Artifactory/Linux/USD/8e4fe45']
[2023-11-14T09:49:43.327Z]           Stages arguments          ['clean']
[2023-11-14T09:49:43.327Z]           CTest arguments           ['--parallel 16']
[2023-11-14T09:49:43.327Z]     Success MayaHydra build and install !!!!
[2023-11-14T09:49:43.327Z]     Elapsed time: 00:00:00
[Pipeline] sh
[2023-11-14T09:49:44.885Z] + scl enable gcc-toolset-11 -
[2023-11-14T09:49:44.885Z] + '[' enable = load -o enable = unload ']'
[2023-11-14T09:49:44.885Z] + /usr/bin/scl enable gcc-toolset-11 -
[2023-11-14T09:49:44.885Z] python ecg-maya-hydra/build.py --stages=clean --workspace-dir=/local/S/jenkins/workspace/ECP/ecg-maya-hydra/ecg-maya-hydra-branch-preflight-python3-linux --artifactory-dir=/local/S/jenkins/workspace/shared/Artifactory --build-dir=/local/S/jenkins/workspace/ECP/ecg-maya-hydra/ecg-maya-hydra-branch-preflight-python3-linux/build --install-dir=/local/S/jenkins/workspace/ECP/ecg-maya-hydra/ecg-maya-hydra-branch-preflight-python3-linux/install --signing-dir=/local/S/jenkins/workspace/ECP/ecg-maya-hydra/ecg-maya-hydra-branch-preflight-python3-linux/signing --package-dir=/local/S/jenkins/workspace/ECP/ecg-maya-hydra/ecg-maya-hydra-branch-preflight-python3-linux/package --output-dir=/local/S/jenkins/workspace/ECP/ecg-maya-hydra/ecg-maya-hydra-branch-preflight-python3-linux/output --stash-dir=/local/S/jenkins/workspace/ECP/ecg-maya-hydra/ecg-maya-hydra-branch-preflight-python3-linux/stash --jenkins-build=390 --git-commit=ccc5b63e3f62de6f3a58f8d35940367a98e66aa4 --git-branch=master --variants=RelWithDebInfo --interactive-tests=true --post-zips=false --osx-binary-architecture-target=ub2 --osx-deployment-target=11.0 --osx-base-sdk=CurrentActiveSDK --maya-cut-config=maya-rundev-master.yaml --maya-package=rundev-master --stage-banner
[2023-11-14T09:49:44.885Z] Using Maya cut from /local/S/jenkins/workspace/shared/Artifactory/Linux/rundev-master/202311060140/runtime/33fa670
[2023-11-14T09:49:44.885Z] 
[2023-11-14T09:49:44.885Z] ================================================================================
[2023-11-14T09:49:44.885Z]                              clean (RelWithDebInfo)
[2023-11-14T09:49:44.885Z] ================================================================================
[2023-11-14T09:49:44.885Z] Maya Python RelWithDebInfo Info:
[2023-11-14T09:49:44.885Z]   mayapy executable   = /local/S/jenkins/workspace/shared/Artifactory/Linux/rundev-master/202311060140/runtime/33fa670/runTime/bin/mayapy
[2023-11-14T09:49:44.885Z]   Include Folder      = /local/S/jenkins/workspace/shared/Artifactory/Linux/rundev-master/202311060140/runtime/33fa670/runTime/include/Python310/Python
[2023-11-14T09:49:44.885Z]   Library             = /local/S/jenkins/workspace/shared/Artifactory/Linux/rundev-master/202311060140/runtime/33fa670/runTime/lib/libpython3.10.so.1.0
[2023-11-14T09:49:44.885Z]   site-package Folder = /local/S/jenkins/workspace/shared/Artifactory/Linux/rundev-master/202311060140/runtime/33fa670/runTime/lib/python3.10/site-packages
[2023-11-14T09:49:45.419Z] In workdir: /home/S/jenkins/workspace/ECP/ecg-maya-hydra/ecg-maya-hydra-branch-preflight-python3-linux/ecg-maya-hydra/maya-hydra
[2023-11-14T09:49:45.419Z] Executing: /local/S/jenkins/workspace/shared/Artifactory/Linux/rundev-master/202311060140/runtime/33fa670/runTime/bin/mayapy /home/S/jenkins/workspace/ECP/ecg-maya-hydra/ecg-maya-hydra-branch-preflight-python3-linux/ecg-maya-hydra/maya-hydra/build.py --generator Ninja --build-relwithdebug --maya-location /local/S/jenkins/workspace/shared/Artifactory/Linux/rundev-master/202311060140/runtime/33fa670/runTime --devkit-location /local/S/jenkins/workspace/shared/Artifactory/Linux/rundev-master/202311060140/runtime/33fa670/devkitBase --pxrusd-location /local/S/jenkins/workspace/shared/Artifactory/Linux/USD/13e6029 --build-args=-DCMAKE_MAKE_PROGRAM=/local/S/jenkins/workspace/shared/Artifactory/Linux/ninja/1.10.2/9ab399b/ninja,-DPYTHON_INCLUDE_DIR=/local/S/jenkins/workspace/shared/Artifactory/Linux/rundev-master/202311060140/runtime/33fa670/runTime/include/Python310/Python,-DPython_EXECUTABLE=/local/S/jenkins/workspace/shared/Artifactory/Linux/rundev-master/202311060140/runtime/33fa670/runTime/bin/mayapy,-DPYTHON_LIBRARIES=/local/S/jenkins/workspace/shared/Artifactory/Linux/rundev-master/202311060140/runtime/33fa670/runTime/lib/libpython3.10.so.1.0,-DBUILD_WITH_PYTHON_3=ON,-DBUILD_WITH_PYTHON_3_VERSION=3.10,-DCMAKE_WANT_MATERIALX_BUILD=ON,-DCMAKE_PREFIX_PATH=/local/S/jenkins/workspace/shared/Artifactory/Linux/USD/13e6029 '--ctest-args=--parallel 16' --stages=clean --redirect-outstream-file=False --install-location /local/S/jenkins/workspace/ECP/ecg-maya-hydra/ecg-maya-hydra-branch-preflight-python3-linux/install/RelWithDebInfo/MayaHydra /local/S/jenkins/workspace/ECP/ecg-maya-hydra/ecg-maya-hydra-branch-preflight-python3-linux
[2023-11-14T09:49:45.419Z] Modified environment variables:
[2023-11-14T09:49:45.419Z]     LD_LIBRARY_PATH=/opt/rh/gcc-toolset-11/root/usr/lib64:/opt/rh/gcc-toolset-11/root/usr/lib64:/opt/rh/gcc-toolset-11/root/usr/lib:/opt/rh/gcc-toolset-11/root/usr/lib64/dyninst:/opt/rh/gcc-toolset-11/root/usr/lib/dyninst
[2023-11-14T09:49:45.420Z]     PATH=/local/S/jenkins/workspace/shared/Artifactory/Linux/cmake/3.20.3/ab685d7/bin:/opt/rh/gcc-toolset-11/root/usr/bin:/home/administrator/.local/bin:/home/administrator/bin:/usr/share/Modules/bin:/usr/local/bin:/usr/local/sbin:/usr/bin:/usr/sbin
[2023-11-14T09:49:45.420Z]     
[2023-11-14T09:49:45.420Z]         Building with settings:
[2023-11-14T09:49:45.420Z]           Source directory          /home/S/jenkins/workspace/ECP/ecg-maya-hydra/ecg-maya-hydra-branch-preflight-python3-linux/ecg-maya-hydra/maya-hydra
[2023-11-14T09:49:45.420Z]           Workspace directory       /local/S/jenkins/workspace/ECP/ecg-maya-hydra/ecg-maya-hydra-branch-preflight-python3-linux
[2023-11-14T09:49:45.420Z]           Build directory           /local/S/jenkins/workspace/ECP/ecg-maya-hydra/ecg-maya-hydra-branch-preflight-python3-linux/build/RelWithDebInfo
[2023-11-14T09:49:45.420Z]           Install directory         /local/S/jenkins/workspace/ECP/ecg-maya-hydra/ecg-maya-hydra-branch-preflight-python3-linux/install/RelWithDebInfo/MayaHydra
[2023-11-14T09:49:45.420Z]           Variant                   RelWithDebInfo
[2023-11-14T09:49:45.420Z]           Python Debug              Off
[2023-11-14T09:49:45.420Z]           CMake generator           Ninja
[2023-11-14T09:49:45.420Z]           Build arguments           ['-DCMAKE_MAKE_PROGRAM=/local/S/jenkins/workspace/shared/Artifactory/Linux/ninja/1.10.2/9ab399b/ninja', '-DPYTHON_INCLUDE_DIR=/local/S/jenkins/workspace/shared/Artifactory/Linux/rundev-master/202311060140/runtime/33fa670/runTime/include/Python310/Python', '-DPython_EXECUTABLE=/local/S/jenkins/workspace/shared/Artifactory/Linux/rundev-master/202311060140/runtime/33fa670/runTime/bin/mayapy', '-DPYTHON_LIBRARIES=/local/S/jenkins/workspace/shared/Artifactory/Linux/rundev-master/202311060140/runtime/33fa670/runTime/lib/libpython3.10.so.1.0', '-DBUILD_WITH_PYTHON_3=ON', '-DBUILD_WITH_PYTHON_3_VERSION=3.10', '-DCMAKE_WANT_MATERIALX_BUILD=ON', '-DCMAKE_PREFIX_PATH=/local/S/jenkins/workspace/shared/Artifactory/Linux/USD/13e6029']
[2023-11-14T09:49:45.420Z]           Stages arguments          ['clean']
[2023-11-14T09:49:45.420Z]           CTest arguments           ['--parallel 16']
[2023-11-14T09:49:45.420Z]     Success MayaHydra build and install !!!!
[2023-11-14T09:49:45.420Z]     Elapsed time: 00:00:00
[Pipeline] }
[Pipeline] // withEnv
[Pipeline] }
[Pipeline] // timeout
[Pipeline] }
[Pipeline] // stage
[Pipeline] }
[Pipeline] // timestamps
[Pipeline] timestamps
[Pipeline] {
[Pipeline] stage
[Pipeline] { (Configure)
[Pipeline] timeout
[2023-11-14T09:49:45.766Z] Timeout set to expire in 6 hr 0 min
[Pipeline] {
[Pipeline] withEnv
[Pipeline] {
[Pipeline] sh
[2023-11-14T09:49:47.132Z] + scl enable gcc-toolset-11 -
[2023-11-14T09:49:47.132Z] + '[' enable = load -o enable = unload ']'
[2023-11-14T09:49:47.132Z] + /usr/bin/scl enable gcc-toolset-11 -
[2023-11-14T09:49:47.132Z] python ecg-maya-hydra/build.py --stages=configure --workspace-dir=/local/S/jenkins/workspace/ECP/ecg-maya-hydra/ecg-maya-hydra-branch-preflight-python3-linux --artifactory-dir=/local/S/jenkins/workspace/shared/Artifactory --build-dir=/local/S/jenkins/workspace/ECP/ecg-maya-hydra/ecg-maya-hydra-branch-preflight-python3-linux/build --install-dir=/local/S/jenkins/workspace/ECP/ecg-maya-hydra/ecg-maya-hydra-branch-preflight-python3-linux/install --signing-dir=/local/S/jenkins/workspace/ECP/ecg-maya-hydra/ecg-maya-hydra-branch-preflight-python3-linux/signing --package-dir=/local/S/jenkins/workspace/ECP/ecg-maya-hydra/ecg-maya-hydra-branch-preflight-python3-linux/package --output-dir=/local/S/jenkins/workspace/ECP/ecg-maya-hydra/ecg-maya-hydra-branch-preflight-python3-linux/output --stash-dir=/local/S/jenkins/workspace/ECP/ecg-maya-hydra/ecg-maya-hydra-branch-preflight-python3-linux/stash --jenkins-build=390 --git-commit=ccc5b63e3f62de6f3a58f8d35940367a98e66aa4 --git-branch=master --variants=Debug --interactive-tests=true --post-zips=false --osx-binary-architecture-target=ub2 --osx-deployment-target=11.0 --osx-base-sdk=CurrentActiveSDK --maya-cut-config=maya-rundev-master-debug.yaml --maya-package=rundev-master-debug --stage-banner
[2023-11-14T09:49:47.132Z] Using Maya cut from /local/S/jenkins/workspace/shared/Artifactory/Linux/rundev-master-debug/202310260154/runtime/7d60df0
[2023-11-14T09:49:47.132Z] 
[2023-11-14T09:49:47.132Z] ================================================================================
[2023-11-14T09:49:47.132Z]                                configure (Debug)
[2023-11-14T09:49:47.132Z] ================================================================================
[2023-11-14T09:49:47.132Z] Maya Python Debug Info:
[2023-11-14T09:49:47.132Z]   mayapy executable   = /local/S/jenkins/workspace/shared/Artifactory/Linux/rundev-master-debug/202310260154/runtime/7d60df0/runTime/bin/mayapy
[2023-11-14T09:49:47.132Z]   Include Folder      = /local/S/jenkins/workspace/shared/Artifactory/Linux/rundev-master-debug/202310260154/runtime/7d60df0/runTime/include/Python310/Python
[2023-11-14T09:49:47.132Z]   Library             = /local/S/jenkins/workspace/shared/Artifactory/Linux/rundev-master-debug/202310260154/runtime/7d60df0/runTime/lib/libpython3.10d.so.1.0
[2023-11-14T09:49:47.132Z]   site-package Folder = /local/S/jenkins/workspace/shared/Artifactory/Linux/rundev-master-debug/202310260154/runtime/7d60df0/runTime/lib/python3.10/site-packages
[2023-11-14T09:49:48.251Z] In workdir: /home/S/jenkins/workspace/ECP/ecg-maya-hydra/ecg-maya-hydra-branch-preflight-python3-linux/ecg-maya-hydra/maya-hydra
[2023-11-14T09:49:48.251Z] Executing: /local/S/jenkins/workspace/shared/Artifactory/Linux/rundev-master-debug/202310260154/runtime/7d60df0/runTime/bin/mayapy /home/S/jenkins/workspace/ECP/ecg-maya-hydra/ecg-maya-hydra-branch-preflight-python3-linux/ecg-maya-hydra/maya-hydra/build.py --generator Ninja --build-debug --maya-location /local/S/jenkins/workspace/shared/Artifactory/Linux/rundev-master-debug/202310260154/runtime/7d60df0/runTime --devkit-location /local/S/jenkins/workspace/shared/Artifactory/Linux/rundev-master-debug/202310260154/runtime/7d60df0/devkitBase --pxrusd-location /local/S/jenkins/workspace/shared/Artifactory/Linux/USD/8e4fe45 --build-args=-DCMAKE_MAKE_PROGRAM=/local/S/jenkins/workspace/shared/Artifactory/Linux/ninja/1.10.2/9ab399b/ninja,-DPYTHON_INCLUDE_DIR=/local/S/jenkins/workspace/shared/Artifactory/Linux/rundev-master-debug/202310260154/runtime/7d60df0/runTime/include/Python310/Python,-DPython_EXECUTABLE=/local/S/jenkins/workspace/shared/Artifactory/Linux/rundev-master-debug/202310260154/runtime/7d60df0/runTime/bin/mayapy,-DPYTHON_LIBRARIES=/local/S/jenkins/workspace/shared/Artifactory/Linux/rundev-master-debug/202310260154/runtime/7d60df0/runTime/lib/libpython3.10d.so.1.0,-DBUILD_WITH_PYTHON_3=ON,-DBUILD_WITH_PYTHON_3_VERSION=3.10,-DCMAKE_WANT_MATERIALX_BUILD=ON,-DCMAKE_PREFIX_PATH=/local/S/jenkins/workspace/shared/Artifactory/Linux/USD/8e4fe45 --debug-python '--ctest-args=--parallel 16' --stages=configure --redirect-outstream-file=False --install-location /local/S/jenkins/workspace/ECP/ecg-maya-hydra/ecg-maya-hydra-branch-preflight-python3-linux/install/Debug/MayaHydra /local/S/jenkins/workspace/ECP/ecg-maya-hydra/ecg-maya-hydra-branch-preflight-python3-linux
[2023-11-14T09:49:48.251Z] Modified environment variables:
[2023-11-14T09:49:48.251Z]     LD_LIBRARY_PATH=/opt/rh/gcc-toolset-11/root/usr/lib64:/opt/rh/gcc-toolset-11/root/usr/lib64:/opt/rh/gcc-toolset-11/root/usr/lib:/opt/rh/gcc-toolset-11/root/usr/lib64/dyninst:/opt/rh/gcc-toolset-11/root/usr/lib/dyninst
[2023-11-14T09:49:48.251Z]     PATH=/local/S/jenkins/workspace/shared/Artifactory/Linux/cmake/3.20.3/ab685d7/bin:/opt/rh/gcc-toolset-11/root/usr/bin:/home/administrator/.local/bin:/home/administrator/bin:/usr/share/Modules/bin:/usr/local/bin:/usr/local/sbin:/usr/bin:/usr/sbin
[2023-11-14T09:49:48.251Z]     -- The C compiler identification is GNU 11.2.1
[2023-11-14T09:49:48.251Z]     -- The CXX compiler identification is GNU 11.2.1
[2023-11-14T09:49:48.251Z]     -- Detecting C compiler ABI info
[2023-11-14T09:49:48.251Z]     -- Detecting C compiler ABI info - done
[2023-11-14T09:49:48.251Z]     -- Check for working C compiler: /opt/rh/gcc-toolset-11/root/usr/bin/cc - skipped
[2023-11-14T09:49:48.251Z]     -- Detecting C compile features
[2023-11-14T09:49:48.251Z]     -- Detecting C compile features - done
[2023-11-14T09:49:48.251Z]     -- Detecting CXX compiler ABI info
[2023-11-14T09:49:48.785Z]     -- Detecting CXX compiler ABI info - done
[2023-11-14T09:49:48.785Z]     -- Check for working CXX compiler: /opt/rh/gcc-toolset-11/root/usr/bin/c++ - skipped
[2023-11-14T09:49:48.785Z]     -- Detecting CXX compile features
[2023-11-14T09:49:48.785Z]     -- Detecting CXX compile features - done
[2023-11-14T09:49:49.318Z]     -- Using Maya Light API Version 3
[2023-11-14T09:49:49.318Z]     -- Maya has setDefaultMaterialHandling API
[2023-11-14T09:49:49.318Z]     -- Maya has new point snapping API
[2023-11-14T09:49:49.318Z]     -- Maya has isInCrashHandler API
[2023-11-14T09:49:49.318Z]     -- Maya has getDisplayStyleOfAllViewports API
[2023-11-14T09:49:49.318Z]     -- Maya array iterator has difference_type trait
[2023-11-14T09:49:49.318Z]     -- MFnSet has getMemberPaths function
[2023-11-14T09:49:49.318Z]     -- MFnDisplayLayer exists
[2023-11-14T09:49:49.318Z]     -- MDisplayLayerMessage has MDisplayLayerMemberChangedFunction
[2023-11-14T09:49:49.318Z]     -- MRenderItem has HideOnPlayback API
[2023-11-14T09:49:49.318Z]     -- Linux: Maya was built with new cxx11 ABI
[2023-11-14T09:49:49.318Z]     -- Found Maya: /local/S/jenkins/workspace/shared/Artifactory/Linux/rundev-master-debug/202310260154/runtime/7d60df0/runTime/bin/maya (found suitable version "2025", minimum required is "2024")
[2023-11-14T09:49:50.436Z]     -- Found Python: /local/S/jenkins/workspace/shared/Artifactory/Linux/rundev-master-debug/202310260154/runtime/7d60df0/runTime/bin/mayapy (found suitable exact version "3.10.8") found components: Interpreter
[2023-11-14T09:49:50.436Z]     -- Build mayaHydra with Python3 = ON
[2023-11-14T09:49:50.436Z]     --    PYTHON_INCLUDE_DIRS = /local/S/jenkins/workspace/shared/Artifactory/Linux/rundev-master-debug/202310260154/runtime/7d60df0/runTime/include/Python310/Python
[2023-11-14T09:49:50.436Z]     --    PYTHON_LIBRARIES    = /local/S/jenkins/workspace/shared/Artifactory/Linux/rundev-master-debug/202310260154/runtime/7d60df0/runTime/lib/libpython3.10d.so.1.0
[2023-11-14T09:49:50.436Z]     --    Python_EXECUTABLE   = /local/S/jenkins/workspace/shared/Artifactory/Linux/rundev-master-debug/202310260154/runtime/7d60df0/runTime/bin/mayapy
[2023-11-14T09:49:50.436Z]     -- Found Python3: /local/S/jenkins/workspace/shared/Artifactory/Linux/rundev-master-debug/202310260154/runtime/7d60df0/runTime/include/Python310/Python (found suitable exact version "3.10.8") found components: Development Development.Module Development.Embed
[2023-11-14T09:49:50.436Z]     -- USD has new Sdr.PropertyTypes.Color4
[2023-11-14T09:49:50.970Z]     -- USD has MaterialX metadata support
[2023-11-14T09:49:50.970Z]     -- USD include dir: /local/S/jenkins/workspace/shared/Artifactory/Linux/USD/8e4fe45/include
[2023-11-14T09:49:50.970Z]     -- USD library dir: /local/S/jenkins/workspace/shared/Artifactory/Linux/USD/8e4fe45/lib
[2023-11-14T09:49:50.970Z]     -- USD version: 0.23.8
[2023-11-14T09:49:50.970Z]     -- Found USD: /local/S/jenkins/workspace/shared/Artifactory/Linux/USD/8e4fe45 (found suitable version "0.23.8", minimum required is "0.22.11")
[2023-11-14T09:49:50.970Z]     Updated PYTHONPATH: /local/S/jenkins/workspace/shared/Artifactory/Linux/USD/8e4fe45/lib/python
[2023-11-14T09:49:50.970Z]     -- Found UFE: /local/S/jenkins/workspace/shared/Artifactory/Linux/rundev-master-debug/202310260154/runtime/7d60df0/devkitBase/devkit/ufe/include (found version "0.5.11")
[2023-11-14T09:49:50.970Z]     -- UFE include dir: /local/S/jenkins/workspace/shared/Artifactory/Linux/rundev-master-debug/202310260154/runtime/7d60df0/devkitBase/devkit/ufe/include
[2023-11-14T09:49:50.970Z]     -- UFE library: /local/S/jenkins/workspace/shared/Artifactory/Linux/rundev-master-debug/202310260154/runtime/7d60df0/devkitBase/devkit/ufe/lib/libufe_0.so
[2023-11-14T09:49:50.970Z]     -- UFE version: 0.5.11
[2023-11-14T09:49:50.970Z]     -- Maya has UFE lights API
[2023-11-14T09:49:50.970Z]     -- Maya has UFE scene segment API
[2023-11-14T09:49:50.970Z]     -- Maya has UFE TrieNode childrenComponents accessor
[2023-11-14T09:49:50.970Z]     -- Building with UFE 0.5.11.
[2023-11-14T09:49:50.970Z]     -- Found MaterialX
[2023-11-14T09:49:50.970Z]     -- Check if compiler accepts -pthread
[2023-11-14T09:49:50.970Z]     -- Check if compiler accepts -pthread - yes
[2023-11-14T09:49:50.970Z]     -- Performing Test HAVE_STDATOMIC
[2023-11-14T09:49:50.970Z]     -- Performing Test HAVE_STDATOMIC - Success
[2023-11-14T09:49:50.970Z]     -- Found OpenGL: /usr/lib64/libOpenGL.so
[2023-11-14T09:49:50.970Z]     -- Check if linker can resolve circular dependencies - FALSE
[2023-11-14T09:49:50.970Z]     -- Found Qt 6.5.2 in Maya devkit. Hydra Scene Browser will be built.
[2023-11-14T09:49:50.970Z]     -- **** Building Gulrak From Github Repository.
[2023-11-14T09:49:50.970Z]     -- Populating gulrak
[2023-11-14T09:49:51.504Z]     -- Configuring done
[2023-11-14T09:49:51.504Z]     -- Generating done
[2023-11-14T09:49:51.504Z]     -- Build files have been written to: /home/S/jenkins/workspace/ECP/ecg-maya-hydra/ecg-maya-hydra-branch-preflight-python3-linux/build/Debug/_deps/gulrak-subbuild
[2023-11-14T09:49:51.504Z]     [1/9] Creating directories for 'gulrak-populate'
[2023-11-14T09:49:51.504Z]     [1/9] Performing download step (git clone) for 'gulrak-populate'
[2023-11-14T09:49:51.504Z]     Cloning into 'gulrak-src'...
[2023-11-14T09:49:51.504Z]     HEAD is now at 4e21ab3 Version bump and updated readme.
[2023-11-14T09:49:51.504Z]     [2/9] Performing update step for 'gulrak-populate'
[2023-11-14T09:49:51.504Z]     [4/9] No patch step for 'gulrak-populate'
[2023-11-14T09:49:51.504Z]     [5/9] No configure step for 'gulrak-populate'
[2023-11-14T09:49:51.504Z]     [6/9] No build step for 'gulrak-populate'
[2023-11-14T09:49:51.504Z]     [7/9] No install step for 'gulrak-populate'
[2023-11-14T09:49:52.038Z]     [8/9] No test step for 'gulrak-populate'
[2023-11-14T09:49:52.038Z]     [9/9] Completed 'gulrak-populate'
[2023-11-14T09:49:52.038Z]     -- ========== Installing GoogleTest... ==========
[2023-11-14T09:49:52.038Z]     -- Configuring done
[2023-11-14T09:49:52.038Z]     -- Generating done
[2023-11-14T09:49:52.038Z]     -- Build files have been written to: /home/S/jenkins/workspace/ECP/ecg-maya-hydra/ecg-maya-hydra-branch-preflight-python3-linux/build/Debug/googletest-config
[2023-11-14T09:49:52.038Z]     [1/8] Creating directories for 'googletest'
[2023-11-14T09:49:53.801Z]     [2/8] Performing download step (git clone) for 'googletest'
[2023-11-14T09:49:53.801Z]     Cloning into 'googletest-src'...
[2023-11-14T09:49:53.801Z]     HEAD is now at 703bd9ca Googletest export
[2023-11-14T09:49:53.801Z]     [3/8] Performing update step for 'googletest'
[2023-11-14T09:49:53.801Z]     [4/8] No patch step for 'googletest'
[2023-11-14T09:49:53.801Z]     [5/8] Performing configure step for 'googletest'
[2023-11-14T09:49:53.801Z]     Not searching for unused variables given on the command line.
[2023-11-14T09:49:53.801Z]     CMake Deprecation Warning at CMakeLists.txt:4 (cmake_minimum_required):
[2023-11-14T09:49:53.801Z]       Compatibility with CMake < 2.8.12 will be removed from a future version of
[2023-11-14T09:49:53.801Z]       CMake.
[2023-11-14T09:49:53.801Z]     
[2023-11-14T09:49:53.801Z]       Update the VERSION argument <min> value or use a ...<max> suffix to tell
[2023-11-14T09:49:53.801Z]       CMake that the project does not need compatibility with older versions.
[2023-11-14T09:49:53.801Z]     
[2023-11-14T09:49:53.801Z]     
[2023-11-14T09:49:53.801Z]     -- The C compiler identification is GNU 11.2.1
[2023-11-14T09:49:53.801Z]     -- The CXX compiler identification is GNU 11.2.1
[2023-11-14T09:49:53.801Z]     -- Detecting C compiler ABI info
[2023-11-14T09:49:53.801Z]     -- Detecting C compiler ABI info - done
[2023-11-14T09:49:53.801Z]     -- Check for working C compiler: /opt/rh/gcc-toolset-11/root/usr/bin/cc - skipped
[2023-11-14T09:49:53.801Z]     -- Detecting C compile features
[2023-11-14T09:49:53.801Z]     -- Detecting C compile features - done
[2023-11-14T09:49:53.801Z]     -- Detecting CXX compiler ABI info
[2023-11-14T09:49:53.801Z]     -- Detecting CXX compiler ABI info - done
[2023-11-14T09:49:53.801Z]     -- Check for working CXX compiler: /opt/rh/gcc-toolset-11/root/usr/bin/c++ - skipped
[2023-11-14T09:49:53.801Z]     -- Detecting CXX compile features
[2023-11-14T09:49:53.801Z]     -- Detecting CXX compile features - done
[2023-11-14T09:49:53.801Z]     CMake Deprecation Warning at googletest/CMakeLists.txt:56 (cmake_minimum_required):
[2023-11-14T09:49:53.801Z]       Compatibility with CMake < 2.8.12 will be removed from a future version of
[2023-11-14T09:49:53.801Z]       CMake.
[2023-11-14T09:49:53.801Z]     
[2023-11-14T09:49:53.801Z]       Update the VERSION argument <min> value or use a ...<max> suffix to tell
[2023-11-14T09:49:53.802Z]       CMake that the project does not need compatibility with older versions.
[2023-11-14T09:49:53.802Z]     
[2023-11-14T09:49:53.802Z]     
[2023-11-14T09:49:53.802Z]     -- Found PythonInterp: /usr/local/bin/python (found version "3.9.7")
[2023-11-14T09:49:53.802Z]     -- Looking for pthread.h
[2023-11-14T09:49:53.802Z]     -- Looking for pthread.h - found
[2023-11-14T09:49:53.802Z]     -- Performing Test CMAKE_HAVE_LIBC_PTHREAD
[2023-11-14T09:49:53.802Z]     -- Performing Test CMAKE_HAVE_LIBC_PTHREAD - Failed
[2023-11-14T09:49:53.802Z]     -- Looking for pthread_create in pthreads
[2023-11-14T09:49:53.802Z]     -- Looking for pthread_create in pthreads - not found
[2023-11-14T09:49:53.802Z]     -- Looking for pthread_create in pthread
[2023-11-14T09:49:53.802Z]     -- Looking for pthread_create in pthread - found
[2023-11-14T09:49:53.802Z]     -- Found Threads: TRUE
[2023-11-14T09:49:53.802Z]     -- Configuring done
[2023-11-14T09:49:53.802Z]     -- Generating done
[2023-11-14T09:49:53.802Z]     -- Build files have been written to: /home/S/jenkins/workspace/ECP/ecg-maya-hydra/ecg-maya-hydra-branch-preflight-python3-linux/build/Debug/googletest-build
[2023-11-14T09:49:57.081Z]     [6/8] Performing build step for 'googletest'
[2023-11-14T09:49:57.081Z]     [1/4] Building CXX object googletest/CMakeFiles/gtest_main.dir/src/gtest_main.cc.o
[2023-11-14T09:49:57.081Z]     [2/4] Building CXX object googletest/CMakeFiles/gtest.dir/src/gtest-all.cc.o
[2023-11-14T09:49:57.081Z]     [3/4] Linking CXX shared library lib/libgtestd.so
[2023-11-14T09:49:57.081Z]     [4/4] Linking CXX shared library lib/libgtest_maind.so
[2023-11-14T09:49:57.081Z]     [7/8] Performing install step for 'googletest'
[2023-11-14T09:49:57.081Z]     [0/1] Install the project...
[2023-11-14T09:49:57.081Z]     -- Install configuration: "Debug"
[2023-11-14T09:49:57.081Z]     -- Set runtime path of "/home/S/jenkins/workspace/ECP/ecg-maya-hydra/ecg-maya-hydra-branch-preflight-python3-linux/build/Debug/googletest-install/lib64/libgtest_maind.so" to ""
[2023-11-14T09:49:57.081Z]     [8/8] Completed 'googletest'
[2023-11-14T09:49:57.081Z]     -- ========== ...  GoogleTest installed. ==========
[2023-11-14T09:49:57.616Z]     -- Found GTest: /home/S/jenkins/workspace/ECP/ecg-maya-hydra/ecg-maya-hydra-branch-preflight-python3-linux/build/Debug/googletest-install/lib64/libgtestd.so
[2023-11-14T09:49:57.616Z]     -- promoting: /home/S/jenkins/workspace/ECP/ecg-maya-hydra/ecg-maya-hydra-branch-preflight-python3-linux/ecg-maya-hydra/maya-hydra/lib/mayaHydra/mayaPlugin/pluginUtils.h
[2023-11-14T09:49:57.616Z]     -- promoting: /home/S/jenkins/workspace/ECP/ecg-maya-hydra/ecg-maya-hydra-branch-preflight-python3-linux/ecg-maya-hydra/maya-hydra/lib/mayaHydra/hydraExtensions/api.h
[2023-11-14T09:49:57.616Z]     -- promoting: /home/S/jenkins/workspace/ECP/ecg-maya-hydra/ecg-maya-hydra-branch-preflight-python3-linux/ecg-maya-hydra/maya-hydra/lib/mayaHydra/hydraExtensions/debugCodes.h
[2023-11-14T09:49:57.616Z]     -- promoting: /home/S/jenkins/workspace/ECP/ecg-maya-hydra/ecg-maya-hydra-branch-preflight-python3-linux/ecg-maya-hydra/maya-hydra/lib/mayaHydra/hydraExtensions/hydraUtils.h
[2023-11-14T09:49:57.616Z]     -- promoting: /home/S/jenkins/workspace/ECP/ecg-maya-hydra/ecg-maya-hydra-branch-preflight-python3-linux/ecg-maya-hydra/maya-hydra/lib/mayaHydra/hydraExtensions/interface.h
[2023-11-14T09:49:57.616Z]     -- promoting: /home/S/jenkins/workspace/ECP/ecg-maya-hydra/ecg-maya-hydra-branch-preflight-python3-linux/ecg-maya-hydra/maya-hydra/lib/mayaHydra/hydraExtensions/interfaceImp.h
[2023-11-14T09:49:57.616Z]     -- promoting: /home/S/jenkins/workspace/ECP/ecg-maya-hydra/ecg-maya-hydra-branch-preflight-python3-linux/ecg-maya-hydra/maya-hydra/lib/mayaHydra/hydraExtensions/mayaUtils.h
[2023-11-14T09:49:57.616Z]     -- promoting: /home/S/jenkins/workspace/ECP/ecg-maya-hydra/ecg-maya-hydra-branch-preflight-python3-linux/ecg-maya-hydra/maya-hydra/lib/mayaHydra/hydraExtensions/mixedUtils.h
[2023-11-14T09:49:57.616Z]     -- promoting: /home/S/jenkins/workspace/ECP/ecg-maya-hydra/ecg-maya-hydra-branch-preflight-python3-linux/ecg-maya-hydra/maya-hydra/lib/mayaHydra/hydraExtensions/mayaHydraSceneProducer.h
[2023-11-14T09:49:57.616Z]     -- promoting: /home/S/jenkins/workspace/ECP/ecg-maya-hydra/ecg-maya-hydra-branch-preflight-python3-linux/ecg-maya-hydra/maya-hydra/lib/mayaHydra/hydraExtensions/adapters/adapter.h
[2023-11-14T09:49:57.616Z]     -- promoting: /home/S/jenkins/workspace/ECP/ecg-maya-hydra/ecg-maya-hydra-branch-preflight-python3-linux/ecg-maya-hydra/maya-hydra/lib/mayaHydra/hydraExtensions/adapters/adapterDebugCodes.h
[2023-11-14T09:49:57.616Z]     -- promoting: /home/S/jenkins/workspace/ECP/ecg-maya-hydra/ecg-maya-hydra-branch-preflight-python3-linux/ecg-maya-hydra/maya-hydra/lib/mayaHydra/hydraExtensions/adapters/adapterRegistry.h
[2023-11-14T09:49:57.616Z]     -- promoting: /home/S/jenkins/workspace/ECP/ecg-maya-hydra/ecg-maya-hydra-branch-preflight-python3-linux/ecg-maya-hydra/maya-hydra/lib/mayaHydra/hydraExtensions/adapters/cameraAdapter.h
[2023-11-14T09:49:57.616Z]     -- promoting: /home/S/jenkins/workspace/ECP/ecg-maya-hydra/ecg-maya-hydra-branch-preflight-python3-linux/ecg-maya-hydra/maya-hydra/lib/mayaHydra/hydraExtensions/adapters/constantShadowMatrix.h
[2023-11-14T09:49:57.616Z]     -- promoting: /home/S/jenkins/workspace/ECP/ecg-maya-hydra/ecg-maya-hydra-branch-preflight-python3-linux/ecg-maya-hydra/maya-hydra/lib/mayaHydra/hydraExtensions/adapters/dagAdapter.h
[2023-11-14T09:49:57.616Z]     -- promoting: /home/S/jenkins/workspace/ECP/ecg-maya-hydra/ecg-maya-hydra-branch-preflight-python3-linux/ecg-maya-hydra/maya-hydra/lib/mayaHydra/hydraExtensions/adapters/renderItemAdapter.h
[2023-11-14T09:49:57.616Z]     -- promoting: /home/S/jenkins/workspace/ECP/ecg-maya-hydra/ecg-maya-hydra-branch-preflight-python3-linux/ecg-maya-hydra/maya-hydra/lib/mayaHydra/hydraExtensions/adapters/lightAdapter.h
[2023-11-14T09:49:57.616Z]     -- promoting: /home/S/jenkins/workspace/ECP/ecg-maya-hydra/ecg-maya-hydra-branch-preflight-python3-linux/ecg-maya-hydra/maya-hydra/lib/mayaHydra/hydraExtensions/adapters/materialAdapter.h
[2023-11-14T09:49:57.616Z]     -- promoting: /home/S/jenkins/workspace/ECP/ecg-maya-hydra/ecg-maya-hydra-branch-preflight-python3-linux/ecg-maya-hydra/maya-hydra/lib/mayaHydra/hydraExtensions/adapters/materialNetworkConverter.h
[2023-11-14T09:49:57.616Z]     -- promoting: /home/S/jenkins/workspace/ECP/ecg-maya-hydra/ecg-maya-hydra-branch-preflight-python3-linux/ecg-maya-hydra/maya-hydra/lib/mayaHydra/hydraExtensions/adapters/mayaAttrs.h
[2023-11-14T09:49:57.616Z]     -- promoting: /home/S/jenkins/workspace/ECP/ecg-maya-hydra/ecg-maya-hydra-branch-preflight-python3-linux/ecg-maya-hydra/maya-hydra/lib/mayaHydra/hydraExtensions/adapters/shapeAdapter.h
[2023-11-14T09:49:57.616Z]     -- promoting: /home/S/jenkins/workspace/ECP/ecg-maya-hydra/ecg-maya-hydra-branch-preflight-python3-linux/ecg-maya-hydra/maya-hydra/lib/mayaHydra/hydraExtensions/adapters/tokens.h
[2023-11-14T09:49:57.616Z]     -- promoting: /home/S/jenkins/workspace/ECP/ecg-maya-hydra/ecg-maya-hydra-branch-preflight-python3-linux/ecg-maya-hydra/maya-hydra/lib/mayaHydra/hydraExtensions/delegates/delegate.h
[2023-11-14T09:49:57.616Z]     -- promoting: /home/S/jenkins/workspace/ECP/ecg-maya-hydra/ecg-maya-hydra-branch-preflight-python3-linux/ecg-maya-hydra/maya-hydra/lib/mayaHydra/hydraExtensions/delegates/delegateCtx.h
[2023-11-14T09:49:57.616Z]     -- promoting: /home/S/jenkins/workspace/ECP/ecg-maya-hydra/ecg-maya-hydra-branch-preflight-python3-linux/ecg-maya-hydra/maya-hydra/lib/mayaHydra/hydraExtensions/delegates/delegateDebugCodes.h
[2023-11-14T09:49:57.616Z]     -- promoting: /home/S/jenkins/workspace/ECP/ecg-maya-hydra/ecg-maya-hydra-branch-preflight-python3-linux/ecg-maya-hydra/maya-hydra/lib/mayaHydra/hydraExtensions/delegates/delegateRegistry.h
[2023-11-14T09:49:57.616Z]     -- promoting: /home/S/jenkins/workspace/ECP/ecg-maya-hydra/ecg-maya-hydra-branch-preflight-python3-linux/ecg-maya-hydra/maya-hydra/lib/mayaHydra/hydraExtensions/delegates/params.h
[2023-11-14T09:49:57.616Z]     -- promoting: /home/S/jenkins/workspace/ECP/ecg-maya-hydra/ecg-maya-hydra-branch-preflight-python3-linux/ecg-maya-hydra/maya-hydra/lib/mayaHydra/hydraExtensions/delegates/sceneDelegate.h
[2023-11-14T09:49:57.616Z]     -- promoting: /home/S/jenkins/workspace/ECP/ecg-maya-hydra/ecg-maya-hydra-branch-preflight-python3-linux/ecg-maya-hydra/maya-hydra/lib/mayaHydra/hydraExtensions/delegates/defaultLightDelegate.h
[2023-11-14T09:49:57.616Z]     -- promoting: /home/S/jenkins/workspace/ECP/ecg-maya-hydra/ecg-maya-hydra-branch-preflight-python3-linux/ecg-maya-hydra/maya-hydra/lib/mayaHydra/hydraExtensions/delegates/testDelegate.h
[2023-11-14T09:49:57.616Z]     -- promoting: /home/S/jenkins/workspace/ECP/ecg-maya-hydra/ecg-maya-hydra-branch-preflight-python3-linux/ecg-maya-hydra/maya-hydra/lib/mayaHydra/hydraExtensions/sceneIndex/registration.h
[2023-11-14T09:49:57.616Z]     -- promoting: /home/S/jenkins/workspace/ECP/ecg-maya-hydra/ecg-maya-hydra-branch-preflight-python3-linux/ecg-maya-hydra/maya-hydra/lib/mayaHydra/hydraExtensions/sceneIndex/mayaHydraSceneIndex.h
[2023-11-14T09:49:57.616Z]     -- promoting: /home/S/jenkins/workspace/ECP/ecg-maya-hydra/ecg-maya-hydra-branch-preflight-python3-linux/ecg-maya-hydra/maya-hydra/lib/mayaHydra/hydraExtensions/sceneIndex/mayaHydraDataSource.h
[2023-11-14T09:49:57.616Z]     -- promoting: /home/S/jenkins/workspace/ECP/ecg-maya-hydra/ecg-maya-hydra-branch-preflight-python3-linux/ecg-maya-hydra/maya-hydra/lib/mayaHydra/hydraExtensions/sceneIndex/mayaHydraPrimvarDataSource.h
[2023-11-14T09:49:57.616Z]     -- promoting: /home/S/jenkins/workspace/ECP/ecg-maya-hydra/ecg-maya-hydra-branch-preflight-python3-linux/ecg-maya-hydra/maya-hydra/lib/mayaHydra/hydraExtensions/sceneIndex/mayaHydraDisplayStyleDataSource.h
[2023-11-14T09:49:57.616Z]     -- promoting: /home/S/jenkins/workspace/ECP/ecg-maya-hydra/ecg-maya-hydra-branch-preflight-python3-linux/ecg-maya-hydra/maya-hydra/lib/mayaHydra/hydraExtensions/sceneIndex/mayaHydraCameraDataSource.h
[2023-11-14T09:49:57.616Z]     -- promoting: /home/S/jenkins/workspace/ECP/ecg-maya-hydra/ecg-maya-hydra-branch-preflight-python3-linux/ecg-maya-hydra/maya-hydra/lib/mayaHydra/hydraExtensions/sceneIndex/mayaHydraLightDataSource.h
[2023-11-14T09:49:57.616Z]     -- promoting: /home/S/jenkins/workspace/ECP/ecg-maya-hydra/ecg-maya-hydra-branch-preflight-python3-linux/ecg-maya-hydra/maya-hydra/lib/mayaHydra/hydraExtensions/sceneIndex/mayaHydraDefaultLightDataSource.h
[2023-11-14T09:49:57.616Z]     -- promoting: /home/S/jenkins/workspace/ECP/ecg-maya-hydra/ecg-maya-hydra-branch-preflight-python3-linux/ecg-maya-hydra/maya-hydra/lib/mayaHydra/ufeExtensions/api.h
[2023-11-14T09:49:57.616Z]     -- promoting: /home/S/jenkins/workspace/ECP/ecg-maya-hydra/ecg-maya-hydra-branch-preflight-python3-linux/ecg-maya-hydra/maya-hydra/lib/mayaHydra/ufeExtensions/Global.h
[2023-11-14T09:49:57.616Z]     -- promoting: /home/S/jenkins/workspace/ECP/ecg-maya-hydra/ecg-maya-hydra-branch-preflight-python3-linux/ecg-maya-hydra/maya-hydra/lib/flowViewport/api.h
[2023-11-14T09:49:57.616Z]     -- promoting: /home/S/jenkins/workspace/ECP/ecg-maya-hydra/ecg-maya-hydra-branch-preflight-python3-linux/ecg-maya-hydra/maya-hydra/lib/flowViewport/debugCodes.h
[2023-11-14T09:49:57.616Z]     -- promoting: /home/S/jenkins/workspace/ECP/ecg-maya-hydra/ecg-maya-hydra-branch-preflight-python3-linux/ecg-maya-hydra/maya-hydra/lib/flowViewport/global.h
[2023-11-14T09:49:57.616Z]     -- promoting: /home/S/jenkins/workspace/ECP/ecg-maya-hydra/ecg-maya-hydra-branch-preflight-python3-linux/ecg-maya-hydra/maya-hydra/lib/flowViewport/tokens.h
[2023-11-14T09:49:57.616Z]     -- promoting: /home/S/jenkins/workspace/ECP/ecg-maya-hydra/ecg-maya-hydra-branch-preflight-python3-linux/ecg-maya-hydra/maya-hydra/lib/flowViewport/colorPreferences/fvpColorChanged.h
[2023-11-14T09:49:57.616Z]     -- promoting: /home/S/jenkins/workspace/ECP/ecg-maya-hydra/ecg-maya-hydra-branch-preflight-python3-linux/ecg-maya-hydra/maya-hydra/lib/flowViewport/colorPreferences/fvpColorPreferences.h
[2023-11-14T09:49:57.616Z]     -- promoting: /home/S/jenkins/workspace/ECP/ecg-maya-hydra/ecg-maya-hydra-branch-preflight-python3-linux/ecg-maya-hydra/maya-hydra/lib/flowViewport/colorPreferences/fvpColorPreferencesTokens.h
[2023-11-14T09:49:57.616Z]     -- promoting: /home/S/jenkins/workspace/ECP/ecg-maya-hydra/ecg-maya-hydra-branch-preflight-python3-linux/ecg-maya-hydra/maya-hydra/lib/flowViewport/colorPreferences/fvpColorPreferencesTranslator.h
[2023-11-14T09:49:57.616Z]     -- promoting: /home/S/jenkins/workspace/ECP/ecg-maya-hydra/ecg-maya-hydra-branch-preflight-python3-linux/ecg-maya-hydra/maya-hydra/lib/flowViewport/sceneIndex/fvpMergingSceneIndex.h
[2023-11-14T09:49:57.616Z]     -- promoting: /home/S/jenkins/workspace/ECP/ecg-maya-hydra/ecg-maya-hydra-branch-preflight-python3-linux/ecg-maya-hydra/maya-hydra/lib/flowViewport/sceneIndex/fvpPassThroughSelectionInterfaceSceneIndex.h
[2023-11-14T09:49:57.616Z]     -- promoting: /home/S/jenkins/workspace/ECP/ecg-maya-hydra/ecg-maya-hydra-branch-preflight-python3-linux/ecg-maya-hydra/maya-hydra/lib/flowViewport/sceneIndex/fvpPathInterface.h
[2023-11-14T09:49:57.616Z]     -- promoting: /home/S/jenkins/workspace/ECP/ecg-maya-hydra/ecg-maya-hydra-branch-preflight-python3-linux/ecg-maya-hydra/maya-hydra/lib/flowViewport/sceneIndex/fvpPathInterfaceSceneIndex.h
[2023-11-14T09:49:57.616Z]     -- promoting: /home/S/jenkins/workspace/ECP/ecg-maya-hydra/ecg-maya-hydra-branch-preflight-python3-linux/ecg-maya-hydra/maya-hydra/lib/flowViewport/sceneIndex/fvpRenderIndexProxy.h
[2023-11-14T09:49:57.616Z]     -- promoting: /home/S/jenkins/workspace/ECP/ecg-maya-hydra/ecg-maya-hydra-branch-preflight-python3-linux/ecg-maya-hydra/maya-hydra/lib/flowViewport/sceneIndex/fvpSelectionInterface.h
[2023-11-14T09:49:57.616Z]     -- promoting: /home/S/jenkins/workspace/ECP/ecg-maya-hydra/ecg-maya-hydra-branch-preflight-python3-linux/ecg-maya-hydra/maya-hydra/lib/flowViewport/sceneIndex/fvpSelectionSceneIndex.h
[2023-11-14T09:49:57.616Z]     -- promoting: /home/S/jenkins/workspace/ECP/ecg-maya-hydra/ecg-maya-hydra-branch-preflight-python3-linux/ecg-maya-hydra/maya-hydra/lib/flowViewport/sceneIndex/fvpWireframeSelectionHighlightSceneIndex.h
[2023-11-14T09:49:57.617Z]     -- promoting: /home/S/jenkins/workspace/ECP/ecg-maya-hydra/ecg-maya-hydra-branch-preflight-python3-linux/ecg-maya-hydra/maya-hydra/lib/flowViewport/API/fvpSelectionClient.h
[2023-11-14T09:49:57.617Z]     -- promoting: /home/S/jenkins/workspace/ECP/ecg-maya-hydra/ecg-maya-hydra-branch-preflight-python3-linux/ecg-maya-hydra/maya-hydra/lib/flowViewport/API/fvpFlowSelectionInterface.h
[2023-11-14T09:49:57.617Z]     -- promoting: /home/S/jenkins/workspace/ECP/ecg-maya-hydra/ecg-maya-hydra-branch-preflight-python3-linux/ecg-maya-hydra/maya-hydra/lib/flowViewport/API/fvpVersionInterface.h
[2023-11-14T09:49:57.617Z]     -- promoting: /home/S/jenkins/workspace/ECP/ecg-maya-hydra/ecg-maya-hydra-branch-preflight-python3-linux/ecg-maya-hydra/maya-hydra/lib/flowViewport/API/interfacesImp/fvpSelectionInterfaceImp.h
[2023-11-14T09:49:57.617Z]     -- promoting: /home/S/jenkins/workspace/ECP/ecg-maya-hydra/ecg-maya-hydra-branch-preflight-python3-linux/ecg-maya-hydra/maya-hydra/lib/flowViewport/API/interfacesImp/fvpVersionInterfaceImp.h
[2023-11-14T09:49:57.617Z]     -- promoting: /home/S/jenkins/workspace/ECP/ecg-maya-hydra/ecg-maya-hydra-branch-preflight-python3-linux/ecg-maya-hydra/maya-hydra/lib/flowViewport/API/samples/fvpSelectionClientExample.h
[2023-11-14T09:49:57.617Z]     -- promoting: /home/S/jenkins/workspace/ECP/ecg-maya-hydra/ecg-maya-hydra-branch-preflight-python3-linux/ecg-maya-hydra/maya-hydra/lib/flowViewport/selection/fvpSelectionTracker.h
[2023-11-14T09:49:57.617Z]     -- promoting: /home/S/jenkins/workspace/ECP/ecg-maya-hydra/ecg-maya-hydra-branch-preflight-python3-linux/ecg-maya-hydra/maya-hydra/lib/flowViewport/selection/fvpSelectionTask.h
[2023-11-14T09:49:58.803Z]     -- Configuring done
[2023-11-14T09:49:59.337Z]     -- Generating done
[2023-11-14T09:49:59.337Z]     -- Build files have been written to: /home/S/jenkins/workspace/ECP/ecg-maya-hydra/ecg-maya-hydra-branch-preflight-python3-linux/build/Debug
[2023-11-14T09:49:59.337Z]     
[2023-11-14T09:49:59.337Z]         Building with settings:
[2023-11-14T09:49:59.337Z]           Source directory          /home/S/jenkins/workspace/ECP/ecg-maya-hydra/ecg-maya-hydra-branch-preflight-python3-linux/ecg-maya-hydra/maya-hydra
[2023-11-14T09:49:59.337Z]           Workspace directory       /local/S/jenkins/workspace/ECP/ecg-maya-hydra/ecg-maya-hydra-branch-preflight-python3-linux
[2023-11-14T09:49:59.337Z]           Build directory           /local/S/jenkins/workspace/ECP/ecg-maya-hydra/ecg-maya-hydra-branch-preflight-python3-linux/build/Debug
[2023-11-14T09:49:59.337Z]           Install directory         /local/S/jenkins/workspace/ECP/ecg-maya-hydra/ecg-maya-hydra-branch-preflight-python3-linux/install/Debug/MayaHydra
[2023-11-14T09:49:59.337Z]           Variant                   Debug
[2023-11-14T09:49:59.337Z]           Python Debug              On
[2023-11-14T09:49:59.337Z]           CMake generator           Ninja
[2023-11-14T09:49:59.337Z]           Build arguments           ['-DCMAKE_MAKE_PROGRAM=/local/S/jenkins/workspace/shared/Artifactory/Linux/ninja/1.10.2/9ab399b/ninja', '-DPYTHON_INCLUDE_DIR=/local/S/jenkins/workspace/shared/Artifactory/Linux/rundev-master-debug/202310260154/runtime/7d60df0/runTime/include/Python310/Python', '-DPython_EXECUTABLE=/local/S/jenkins/workspace/shared/Artifactory/Linux/rundev-master-debug/202310260154/runtime/7d60df0/runTime/bin/mayapy', '-DPYTHON_LIBRARIES=/local/S/jenkins/workspace/shared/Artifactory/Linux/rundev-master-debug/202310260154/runtime/7d60df0/runTime/lib/libpython3.10d.so.1.0', '-DBUILD_WITH_PYTHON_3=ON', '-DBUILD_WITH_PYTHON_3_VERSION=3.10', '-DCMAKE_WANT_MATERIALX_BUILD=ON', '-DCMAKE_PREFIX_PATH=/local/S/jenkins/workspace/shared/Artifactory/Linux/USD/8e4fe45']
[2023-11-14T09:49:59.337Z]           Stages arguments          ['configure']
[2023-11-14T09:49:59.337Z]           CTest arguments           ['--parallel 16']
[2023-11-14T09:49:59.337Z]     STATUS: Found Maya Qt headers in: /local/S/jenkins/workspace/shared/Artifactory/Linux/rundev-master-debug/202310260154/runtime/7d60df0/devkitBase
[2023-11-14T09:49:59.337Z]     Success MayaHydra build and install !!!!
[2023-11-14T09:49:59.337Z]     Elapsed time: 00:00:10
[Pipeline] sh
[2023-11-14T09:50:01.261Z] + scl enable gcc-toolset-11 -
[2023-11-14T09:50:01.261Z] + '[' enable = load -o enable = unload ']'
[2023-11-14T09:50:01.261Z] + /usr/bin/scl enable gcc-toolset-11 -
[2023-11-14T09:50:01.261Z] python ecg-maya-hydra/build.py --stages=configure --workspace-dir=/local/S/jenkins/workspace/ECP/ecg-maya-hydra/ecg-maya-hydra-branch-preflight-python3-linux --artifactory-dir=/local/S/jenkins/workspace/shared/Artifactory --build-dir=/local/S/jenkins/workspace/ECP/ecg-maya-hydra/ecg-maya-hydra-branch-preflight-python3-linux/build --install-dir=/local/S/jenkins/workspace/ECP/ecg-maya-hydra/ecg-maya-hydra-branch-preflight-python3-linux/install --signing-dir=/local/S/jenkins/workspace/ECP/ecg-maya-hydra/ecg-maya-hydra-branch-preflight-python3-linux/signing --package-dir=/local/S/jenkins/workspace/ECP/ecg-maya-hydra/ecg-maya-hydra-branch-preflight-python3-linux/package --output-dir=/local/S/jenkins/workspace/ECP/ecg-maya-hydra/ecg-maya-hydra-branch-preflight-python3-linux/output --stash-dir=/local/S/jenkins/workspace/ECP/ecg-maya-hydra/ecg-maya-hydra-branch-preflight-python3-linux/stash --jenkins-build=390 --git-commit=ccc5b63e3f62de6f3a58f8d35940367a98e66aa4 --git-branch=master --variants=RelWithDebInfo --interactive-tests=true --post-zips=false --osx-binary-architecture-target=ub2 --osx-deployment-target=11.0 --osx-base-sdk=CurrentActiveSDK --maya-cut-config=maya-rundev-master.yaml --maya-package=rundev-master --stage-banner
[2023-11-14T09:50:01.261Z] Using Maya cut from /local/S/jenkins/workspace/shared/Artifactory/Linux/rundev-master/202311060140/runtime/33fa670
[2023-11-14T09:50:01.261Z] 
[2023-11-14T09:50:01.261Z] ================================================================================
[2023-11-14T09:50:01.261Z]                            configure (RelWithDebInfo)
[2023-11-14T09:50:01.261Z] ================================================================================
[2023-11-14T09:50:01.261Z] Maya Python RelWithDebInfo Info:
[2023-11-14T09:50:01.261Z]   mayapy executable   = /local/S/jenkins/workspace/shared/Artifactory/Linux/rundev-master/202311060140/runtime/33fa670/runTime/bin/mayapy
[2023-11-14T09:50:01.261Z]   Include Folder      = /local/S/jenkins/workspace/shared/Artifactory/Linux/rundev-master/202311060140/runtime/33fa670/runTime/include/Python310/Python
[2023-11-14T09:50:01.261Z]   Library             = /local/S/jenkins/workspace/shared/Artifactory/Linux/rundev-master/202311060140/runtime/33fa670/runTime/lib/libpython3.10.so.1.0
[2023-11-14T09:50:01.261Z]   site-package Folder = /local/S/jenkins/workspace/shared/Artifactory/Linux/rundev-master/202311060140/runtime/33fa670/runTime/lib/python3.10/site-packages
[2023-11-14T09:50:01.796Z] In workdir: /home/S/jenkins/workspace/ECP/ecg-maya-hydra/ecg-maya-hydra-branch-preflight-python3-linux/ecg-maya-hydra/maya-hydra
[2023-11-14T09:50:01.796Z] Executing: /local/S/jenkins/workspace/shared/Artifactory/Linux/rundev-master/202311060140/runtime/33fa670/runTime/bin/mayapy /home/S/jenkins/workspace/ECP/ecg-maya-hydra/ecg-maya-hydra-branch-preflight-python3-linux/ecg-maya-hydra/maya-hydra/build.py --generator Ninja --build-relwithdebug --maya-location /local/S/jenkins/workspace/shared/Artifactory/Linux/rundev-master/202311060140/runtime/33fa670/runTime --devkit-location /local/S/jenkins/workspace/shared/Artifactory/Linux/rundev-master/202311060140/runtime/33fa670/devkitBase --pxrusd-location /local/S/jenkins/workspace/shared/Artifactory/Linux/USD/13e6029 --build-args=-DCMAKE_MAKE_PROGRAM=/local/S/jenkins/workspace/shared/Artifactory/Linux/ninja/1.10.2/9ab399b/ninja,-DPYTHON_INCLUDE_DIR=/local/S/jenkins/workspace/shared/Artifactory/Linux/rundev-master/202311060140/runtime/33fa670/runTime/include/Python310/Python,-DPython_EXECUTABLE=/local/S/jenkins/workspace/shared/Artifactory/Linux/rundev-master/202311060140/runtime/33fa670/runTime/bin/mayapy,-DPYTHON_LIBRARIES=/local/S/jenkins/workspace/shared/Artifactory/Linux/rundev-master/202311060140/runtime/33fa670/runTime/lib/libpython3.10.so.1.0,-DBUILD_WITH_PYTHON_3=ON,-DBUILD_WITH_PYTHON_3_VERSION=3.10,-DCMAKE_WANT_MATERIALX_BUILD=ON,-DCMAKE_PREFIX_PATH=/local/S/jenkins/workspace/shared/Artifactory/Linux/USD/13e6029 '--ctest-args=--parallel 16' --stages=configure --redirect-outstream-file=False --install-location /local/S/jenkins/workspace/ECP/ecg-maya-hydra/ecg-maya-hydra-branch-preflight-python3-linux/install/RelWithDebInfo/MayaHydra /local/S/jenkins/workspace/ECP/ecg-maya-hydra/ecg-maya-hydra-branch-preflight-python3-linux
[2023-11-14T09:50:01.796Z] Modified environment variables:
[2023-11-14T09:50:01.796Z]     LD_LIBRARY_PATH=/opt/rh/gcc-toolset-11/root/usr/lib64:/opt/rh/gcc-toolset-11/root/usr/lib64:/opt/rh/gcc-toolset-11/root/usr/lib:/opt/rh/gcc-toolset-11/root/usr/lib64/dyninst:/opt/rh/gcc-toolset-11/root/usr/lib/dyninst
[2023-11-14T09:50:01.796Z]     PATH=/local/S/jenkins/workspace/shared/Artifactory/Linux/cmake/3.20.3/ab685d7/bin:/opt/rh/gcc-toolset-11/root/usr/bin:/home/administrator/.local/bin:/home/administrator/bin:/usr/share/Modules/bin:/usr/local/bin:/usr/local/sbin:/usr/bin:/usr/sbin
[2023-11-14T09:50:01.796Z]     -- The C compiler identification is GNU 11.2.1
[2023-11-14T09:50:02.329Z]     -- The CXX compiler identification is GNU 11.2.1
[2023-11-14T09:50:02.329Z]     -- Detecting C compiler ABI info
[2023-11-14T09:50:02.329Z]     -- Detecting C compiler ABI info - done
[2023-11-14T09:50:02.329Z]     -- Check for working C compiler: /opt/rh/gcc-toolset-11/root/usr/bin/cc - skipped
[2023-11-14T09:50:02.329Z]     -- Detecting C compile features
[2023-11-14T09:50:02.329Z]     -- Detecting C compile features - done
[2023-11-14T09:50:02.329Z]     -- Detecting CXX compiler ABI info
[2023-11-14T09:50:02.329Z]     -- Detecting CXX compiler ABI info - done
[2023-11-14T09:50:02.329Z]     -- Check for working CXX compiler: /opt/rh/gcc-toolset-11/root/usr/bin/c++ - skipped
[2023-11-14T09:50:02.329Z]     -- Detecting CXX compile features
[2023-11-14T09:50:02.329Z]     -- Detecting CXX compile features - done
[2023-11-14T09:50:02.863Z]     -- Using Maya Light API Version 3
[2023-11-14T09:50:02.863Z]     -- Maya has setDefaultMaterialHandling API
[2023-11-14T09:50:02.863Z]     -- Maya has new point snapping API
[2023-11-14T09:50:02.863Z]     -- Maya has isInCrashHandler API
[2023-11-14T09:50:02.863Z]     -- Maya has getDisplayStyleOfAllViewports API
[2023-11-14T09:50:02.863Z]     -- Maya array iterator has difference_type trait
[2023-11-14T09:50:02.863Z]     -- MFnSet has getMemberPaths function
[2023-11-14T09:50:02.863Z]     -- MFnDisplayLayer exists
[2023-11-14T09:50:02.863Z]     -- MDisplayLayerMessage has MDisplayLayerMemberChangedFunction
[2023-11-14T09:50:02.863Z]     -- MRenderItem has HideOnPlayback API
[2023-11-14T09:50:02.863Z]     -- Linux: Maya was built with new cxx11 ABI
[2023-11-14T09:50:02.863Z]     -- Found Maya: /local/S/jenkins/workspace/shared/Artifactory/Linux/rundev-master/202311060140/runtime/33fa670/runTime/bin/maya (found suitable version "2025", minimum required is "2024")
[2023-11-14T09:50:03.398Z]     -- Found Python: /local/S/jenkins/workspace/shared/Artifactory/Linux/rundev-master/202311060140/runtime/33fa670/runTime/bin/mayapy (found suitable exact version "3.10.8") found components: Interpreter
[2023-11-14T09:50:03.398Z]     -- Build mayaHydra with Python3 = ON
[2023-11-14T09:50:03.398Z]     --    PYTHON_INCLUDE_DIRS = /local/S/jenkins/workspace/shared/Artifactory/Linux/rundev-master/202311060140/runtime/33fa670/runTime/include/Python310/Python
[2023-11-14T09:50:03.398Z]     --    PYTHON_LIBRARIES    = /local/S/jenkins/workspace/shared/Artifactory/Linux/rundev-master/202311060140/runtime/33fa670/runTime/lib/libpython3.10.so.1.0
[2023-11-14T09:50:03.398Z]     --    Python_EXECUTABLE   = /local/S/jenkins/workspace/shared/Artifactory/Linux/rundev-master/202311060140/runtime/33fa670/runTime/bin/mayapy
[2023-11-14T09:50:03.398Z]     -- Found Python3: /local/S/jenkins/workspace/shared/Artifactory/Linux/rundev-master/202311060140/runtime/33fa670/runTime/include/Python310/Python (found suitable exact version "3.10.8") found components: Development Development.Module Development.Embed
[2023-11-14T09:50:03.398Z]     -- USD has new Sdr.PropertyTypes.Color4
[2023-11-14T09:50:03.935Z]     -- USD has MaterialX metadata support
[2023-11-14T09:50:03.935Z]     -- USD include dir: /local/S/jenkins/workspace/shared/Artifactory/Linux/USD/13e6029/include
[2023-11-14T09:50:03.935Z]     -- USD library dir: /local/S/jenkins/workspace/shared/Artifactory/Linux/USD/13e6029/lib
[2023-11-14T09:50:03.935Z]     -- USD version: 0.23.8
[2023-11-14T09:50:03.935Z]     -- Found USD: /local/S/jenkins/workspace/shared/Artifactory/Linux/USD/13e6029 (found suitable version "0.23.8", minimum required is "0.22.11")
[2023-11-14T09:50:03.935Z]     Updated PYTHONPATH: /local/S/jenkins/workspace/shared/Artifactory/Linux/USD/13e6029/lib/python
[2023-11-14T09:50:03.935Z]     -- Found UFE: /local/S/jenkins/workspace/shared/Artifactory/Linux/rundev-master/202311060140/runtime/33fa670/devkitBase/devkit/ufe/include (found version "0.5.11")
[2023-11-14T09:50:03.935Z]     -- UFE include dir: /local/S/jenkins/workspace/shared/Artifactory/Linux/rundev-master/202311060140/runtime/33fa670/devkitBase/devkit/ufe/include
[2023-11-14T09:50:03.935Z]     -- UFE library: /local/S/jenkins/workspace/shared/Artifactory/Linux/rundev-master/202311060140/runtime/33fa670/devkitBase/devkit/ufe/lib/libufe_0.so
[2023-11-14T09:50:03.935Z]     -- UFE version: 0.5.11
[2023-11-14T09:50:03.935Z]     -- Maya has UFE lights API
[2023-11-14T09:50:03.935Z]     -- Maya has UFE scene segment API
[2023-11-14T09:50:03.935Z]     -- Maya has UFE TrieNode childrenComponents accessor
[2023-11-14T09:50:03.935Z]     -- Building with UFE 0.5.11.
[2023-11-14T09:50:03.935Z]     -- Found MaterialX
[2023-11-14T09:50:03.935Z]     -- Check if compiler accepts -pthread
[2023-11-14T09:50:03.935Z]     -- Check if compiler accepts -pthread - yes
[2023-11-14T09:50:03.935Z]     -- Performing Test HAVE_STDATOMIC
[2023-11-14T09:50:03.935Z]     -- Performing Test HAVE_STDATOMIC - Success
[2023-11-14T09:50:03.935Z]     -- Found OpenGL: /usr/lib64/libOpenGL.so
[2023-11-14T09:50:04.469Z]     -- Check if linker can resolve circular dependencies - FALSE
[2023-11-14T09:50:04.469Z]     -- Found Qt 6.5.2 in Maya devkit. Hydra Scene Browser will be built.
[2023-11-14T09:50:04.469Z]     -- **** Building Gulrak From Github Repository.
[2023-11-14T09:50:04.469Z]     -- Populating gulrak
[2023-11-14T09:50:04.469Z]     -- Configuring done
[2023-11-14T09:50:04.469Z]     -- Generating done
[2023-11-14T09:50:04.469Z]     -- Build files have been written to: /home/S/jenkins/workspace/ECP/ecg-maya-hydra/ecg-maya-hydra-branch-preflight-python3-linux/build/RelWithDebInfo/_deps/gulrak-subbuild
[2023-11-14T09:50:04.469Z]     [1/9] Creating directories for 'gulrak-populate'
[2023-11-14T09:50:04.469Z]     [1/9] Performing download step (git clone) for 'gulrak-populate'
[2023-11-14T09:50:04.469Z]     Cloning into 'gulrak-src'...
[2023-11-14T09:50:04.469Z]     HEAD is now at 4e21ab3 Version bump and updated readme.
[2023-11-14T09:50:05.003Z]     [2/9] Performing update step for 'gulrak-populate'
[2023-11-14T09:50:05.003Z]     [4/9] No patch step for 'gulrak-populate'
[2023-11-14T09:50:05.003Z]     [5/9] No configure step for 'gulrak-populate'
[2023-11-14T09:50:05.003Z]     [6/9] No build step for 'gulrak-populate'
[2023-11-14T09:50:05.003Z]     [7/9] No install step for 'gulrak-populate'
[2023-11-14T09:50:05.003Z]     [8/9] No test step for 'gulrak-populate'
[2023-11-14T09:50:05.003Z]     [9/9] Completed 'gulrak-populate'
[2023-11-14T09:50:05.003Z]     -- ========== Installing GoogleTest... ==========
[2023-11-14T09:50:05.003Z]     -- Configuring done
[2023-11-14T09:50:05.003Z]     -- Generating done
[2023-11-14T09:50:05.003Z]     -- Build files have been written to: /home/S/jenkins/workspace/ECP/ecg-maya-hydra/ecg-maya-hydra-branch-preflight-python3-linux/build/RelWithDebInfo/googletest-config
[2023-11-14T09:50:05.003Z]     [1/8] Creating directories for 'googletest'
[2023-11-14T09:50:06.123Z]     [2/8] Performing download step (git clone) for 'googletest'
[2023-11-14T09:50:06.123Z]     Cloning into 'googletest-src'...
[2023-11-14T09:50:06.123Z]     HEAD is now at 703bd9ca Googletest export
[2023-11-14T09:50:06.123Z]     [3/8] Performing update step for 'googletest'
[2023-11-14T09:50:06.123Z]     [4/8] No patch step for 'googletest'
[2023-11-14T09:50:06.658Z]     [5/8] Performing configure step for 'googletest'
[2023-11-14T09:50:06.658Z]     Not searching for unused variables given on the command line.
[2023-11-14T09:50:06.658Z]     CMake Deprecation Warning at CMakeLists.txt:4 (cmake_minimum_required):
[2023-11-14T09:50:06.658Z]       Compatibility with CMake < 2.8.12 will be removed from a future version of
[2023-11-14T09:50:06.658Z]       CMake.
[2023-11-14T09:50:06.658Z]     
[2023-11-14T09:50:06.658Z]       Update the VERSION argument <min> value or use a ...<max> suffix to tell
[2023-11-14T09:50:06.658Z]       CMake that the project does not need compatibility with older versions.
[2023-11-14T09:50:06.658Z]     
[2023-11-14T09:50:06.658Z]     
[2023-11-14T09:50:06.658Z]     -- The C compiler identification is GNU 11.2.1
[2023-11-14T09:50:06.658Z]     -- The CXX compiler identification is GNU 11.2.1
[2023-11-14T09:50:06.658Z]     -- Detecting C compiler ABI info
[2023-11-14T09:50:06.658Z]     -- Detecting C compiler ABI info - done
[2023-11-14T09:50:06.658Z]     -- Check for working C compiler: /opt/rh/gcc-toolset-11/root/usr/bin/cc - skipped
[2023-11-14T09:50:06.658Z]     -- Detecting C compile features
[2023-11-14T09:50:06.658Z]     -- Detecting C compile features - done
[2023-11-14T09:50:06.658Z]     -- Detecting CXX compiler ABI info
[2023-11-14T09:50:06.658Z]     -- Detecting CXX compiler ABI info - done
[2023-11-14T09:50:06.658Z]     -- Check for working CXX compiler: /opt/rh/gcc-toolset-11/root/usr/bin/c++ - skipped
[2023-11-14T09:50:06.658Z]     -- Detecting CXX compile features
[2023-11-14T09:50:06.658Z]     -- Detecting CXX compile features - done
[2023-11-14T09:50:06.658Z]     CMake Deprecation Warning at googletest/CMakeLists.txt:56 (cmake_minimum_required):
[2023-11-14T09:50:06.658Z]       Compatibility with CMake < 2.8.12 will be removed from a future version of
[2023-11-14T09:50:06.658Z]       CMake.
[2023-11-14T09:50:06.658Z]     
[2023-11-14T09:50:06.658Z]       Update the VERSION argument <min> value or use a ...<max> suffix to tell
[2023-11-14T09:50:06.658Z]       CMake that the project does not need compatibility with older versions.
[2023-11-14T09:50:06.658Z]     
[2023-11-14T09:50:06.658Z]     
[2023-11-14T09:50:06.658Z]     -- Found PythonInterp: /usr/local/bin/python (found version "3.9.7")
[2023-11-14T09:50:06.658Z]     -- Looking for pthread.h
[2023-11-14T09:50:06.658Z]     -- Looking for pthread.h - found
[2023-11-14T09:50:06.658Z]     -- Performing Test CMAKE_HAVE_LIBC_PTHREAD
[2023-11-14T09:50:06.658Z]     -- Performing Test CMAKE_HAVE_LIBC_PTHREAD - Failed
[2023-11-14T09:50:06.658Z]     -- Looking for pthread_create in pthreads
[2023-11-14T09:50:06.658Z]     -- Looking for pthread_create in pthreads - not found
[2023-11-14T09:50:06.658Z]     -- Looking for pthread_create in pthread
[2023-11-14T09:50:06.658Z]     -- Looking for pthread_create in pthread - found
[2023-11-14T09:50:06.658Z]     -- Found Threads: TRUE
[2023-11-14T09:50:06.658Z]     -- Configuring done
[2023-11-14T09:50:06.658Z]     -- Generating done
[2023-11-14T09:50:06.658Z]     -- Build files have been written to: /home/S/jenkins/workspace/ECP/ecg-maya-hydra/ecg-maya-hydra-branch-preflight-python3-linux/build/RelWithDebInfo/googletest-build
[2023-11-14T09:50:16.048Z]     [6/8] Performing build step for 'googletest'
[2023-11-14T09:50:16.048Z]     [1/4] Building CXX object googletest/CMakeFiles/gtest_main.dir/src/gtest_main.cc.o
[2023-11-14T09:50:16.048Z]     [2/4] Building CXX object googletest/CMakeFiles/gtest.dir/src/gtest-all.cc.o
[2023-11-14T09:50:16.048Z]     [3/4] Linking CXX shared library lib/libgtest.so
[2023-11-14T09:50:16.048Z]     [4/4] Linking CXX shared library lib/libgtest_main.so
[2023-11-14T09:50:16.048Z]     [7/8] Performing install step for 'googletest'
[2023-11-14T09:50:16.048Z]     [0/1] Install the project...
[2023-11-14T09:50:16.048Z]     -- Install configuration: "RelWithDebInfo"
[2023-11-14T09:50:16.048Z]     -- Set runtime path of "/home/S/jenkins/workspace/ECP/ecg-maya-hydra/ecg-maya-hydra-branch-preflight-python3-linux/build/RelWithDebInfo/googletest-install/lib64/libgtest_main.so" to ""
[2023-11-14T09:50:16.048Z]     [8/8] Completed 'googletest'
[2023-11-14T09:50:16.048Z]     -- ========== ...  GoogleTest installed. ==========
[2023-11-14T09:50:16.048Z]     -- Found GTest: /home/S/jenkins/workspace/ECP/ecg-maya-hydra/ecg-maya-hydra-branch-preflight-python3-linux/build/RelWithDebInfo/googletest-install/lib64/libgtest.so
[2023-11-14T09:50:16.048Z]     -- promoting: /home/S/jenkins/workspace/ECP/ecg-maya-hydra/ecg-maya-hydra-branch-preflight-python3-linux/ecg-maya-hydra/maya-hydra/lib/mayaHydra/mayaPlugin/pluginUtils.h
[2023-11-14T09:50:16.048Z]     -- promoting: /home/S/jenkins/workspace/ECP/ecg-maya-hydra/ecg-maya-hydra-branch-preflight-python3-linux/ecg-maya-hydra/maya-hydra/lib/mayaHydra/hydraExtensions/api.h
[2023-11-14T09:50:16.048Z]     -- promoting: /home/S/jenkins/workspace/ECP/ecg-maya-hydra/ecg-maya-hydra-branch-preflight-python3-linux/ecg-maya-hydra/maya-hydra/lib/mayaHydra/hydraExtensions/debugCodes.h
[2023-11-14T09:50:16.048Z]     -- promoting: /home/S/jenkins/workspace/ECP/ecg-maya-hydra/ecg-maya-hydra-branch-preflight-python3-linux/ecg-maya-hydra/maya-hydra/lib/mayaHydra/hydraExtensions/hydraUtils.h
[2023-11-14T09:50:16.048Z]     -- promoting: /home/S/jenkins/workspace/ECP/ecg-maya-hydra/ecg-maya-hydra-branch-preflight-python3-linux/ecg-maya-hydra/maya-hydra/lib/mayaHydra/hydraExtensions/interface.h
[2023-11-14T09:50:16.048Z]     -- promoting: /home/S/jenkins/workspace/ECP/ecg-maya-hydra/ecg-maya-hydra-branch-preflight-python3-linux/ecg-maya-hydra/maya-hydra/lib/mayaHydra/hydraExtensions/interfaceImp.h
[2023-11-14T09:50:16.048Z]     -- promoting: /home/S/jenkins/workspace/ECP/ecg-maya-hydra/ecg-maya-hydra-branch-preflight-python3-linux/ecg-maya-hydra/maya-hydra/lib/mayaHydra/hydraExtensions/mayaUtils.h
[2023-11-14T09:50:16.048Z]     -- promoting: /home/S/jenkins/workspace/ECP/ecg-maya-hydra/ecg-maya-hydra-branch-preflight-python3-linux/ecg-maya-hydra/maya-hydra/lib/mayaHydra/hydraExtensions/mixedUtils.h
[2023-11-14T09:50:16.048Z]     -- promoting: /home/S/jenkins/workspace/ECP/ecg-maya-hydra/ecg-maya-hydra-branch-preflight-python3-linux/ecg-maya-hydra/maya-hydra/lib/mayaHydra/hydraExtensions/mayaHydraSceneProducer.h
[2023-11-14T09:50:16.048Z]     -- promoting: /home/S/jenkins/workspace/ECP/ecg-maya-hydra/ecg-maya-hydra-branch-preflight-python3-linux/ecg-maya-hydra/maya-hydra/lib/mayaHydra/hydraExtensions/adapters/adapter.h
[2023-11-14T09:50:16.048Z]     -- promoting: /home/S/jenkins/workspace/ECP/ecg-maya-hydra/ecg-maya-hydra-branch-preflight-python3-linux/ecg-maya-hydra/maya-hydra/lib/mayaHydra/hydraExtensions/adapters/adapterDebugCodes.h
[2023-11-14T09:50:16.048Z]     -- promoting: /home/S/jenkins/workspace/ECP/ecg-maya-hydra/ecg-maya-hydra-branch-preflight-python3-linux/ecg-maya-hydra/maya-hydra/lib/mayaHydra/hydraExtensions/adapters/adapterRegistry.h
[2023-11-14T09:50:16.048Z]     -- promoting: /home/S/jenkins/workspace/ECP/ecg-maya-hydra/ecg-maya-hydra-branch-preflight-python3-linux/ecg-maya-hydra/maya-hydra/lib/mayaHydra/hydraExtensions/adapters/cameraAdapter.h
[2023-11-14T09:50:16.048Z]     -- promoting: /home/S/jenkins/workspace/ECP/ecg-maya-hydra/ecg-maya-hydra-branch-preflight-python3-linux/ecg-maya-hydra/maya-hydra/lib/mayaHydra/hydraExtensions/adapters/constantShadowMatrix.h
[2023-11-14T09:50:16.048Z]     -- promoting: /home/S/jenkins/workspace/ECP/ecg-maya-hydra/ecg-maya-hydra-branch-preflight-python3-linux/ecg-maya-hydra/maya-hydra/lib/mayaHydra/hydraExtensions/adapters/dagAdapter.h
[2023-11-14T09:50:16.048Z]     -- promoting: /home/S/jenkins/workspace/ECP/ecg-maya-hydra/ecg-maya-hydra-branch-preflight-python3-linux/ecg-maya-hydra/maya-hydra/lib/mayaHydra/hydraExtensions/adapters/renderItemAdapter.h
[2023-11-14T09:50:16.048Z]     -- promoting: /home/S/jenkins/workspace/ECP/ecg-maya-hydra/ecg-maya-hydra-branch-preflight-python3-linux/ecg-maya-hydra/maya-hydra/lib/mayaHydra/hydraExtensions/adapters/lightAdapter.h
[2023-11-14T09:50:16.048Z]     -- promoting: /home/S/jenkins/workspace/ECP/ecg-maya-hydra/ecg-maya-hydra-branch-preflight-python3-linux/ecg-maya-hydra/maya-hydra/lib/mayaHydra/hydraExtensions/adapters/materialAdapter.h
[2023-11-14T09:50:16.048Z]     -- promoting: /home/S/jenkins/workspace/ECP/ecg-maya-hydra/ecg-maya-hydra-branch-preflight-python3-linux/ecg-maya-hydra/maya-hydra/lib/mayaHydra/hydraExtensions/adapters/materialNetworkConverter.h
[2023-11-14T09:50:16.048Z]     -- promoting: /home/S/jenkins/workspace/ECP/ecg-maya-hydra/ecg-maya-hydra-branch-preflight-python3-linux/ecg-maya-hydra/maya-hydra/lib/mayaHydra/hydraExtensions/adapters/mayaAttrs.h
[2023-11-14T09:50:16.048Z]     -- promoting: /home/S/jenkins/workspace/ECP/ecg-maya-hydra/ecg-maya-hydra-branch-preflight-python3-linux/ecg-maya-hydra/maya-hydra/lib/mayaHydra/hydraExtensions/adapters/shapeAdapter.h
[2023-11-14T09:50:16.048Z]     -- promoting: /home/S/jenkins/workspace/ECP/ecg-maya-hydra/ecg-maya-hydra-branch-preflight-python3-linux/ecg-maya-hydra/maya-hydra/lib/mayaHydra/hydraExtensions/adapters/tokens.h
[2023-11-14T09:50:16.048Z]     -- promoting: /home/S/jenkins/workspace/ECP/ecg-maya-hydra/ecg-maya-hydra-branch-preflight-python3-linux/ecg-maya-hydra/maya-hydra/lib/mayaHydra/hydraExtensions/delegates/delegate.h
[2023-11-14T09:50:16.048Z]     -- promoting: /home/S/jenkins/workspace/ECP/ecg-maya-hydra/ecg-maya-hydra-branch-preflight-python3-linux/ecg-maya-hydra/maya-hydra/lib/mayaHydra/hydraExtensions/delegates/delegateCtx.h
[2023-11-14T09:50:16.048Z]     -- promoting: /home/S/jenkins/workspace/ECP/ecg-maya-hydra/ecg-maya-hydra-branch-preflight-python3-linux/ecg-maya-hydra/maya-hydra/lib/mayaHydra/hydraExtensions/delegates/delegateDebugCodes.h
[2023-11-14T09:50:16.048Z]     -- promoting: /home/S/jenkins/workspace/ECP/ecg-maya-hydra/ecg-maya-hydra-branch-preflight-python3-linux/ecg-maya-hydra/maya-hydra/lib/mayaHydra/hydraExtensions/delegates/delegateRegistry.h
[2023-11-14T09:50:16.048Z]     -- promoting: /home/S/jenkins/workspace/ECP/ecg-maya-hydra/ecg-maya-hydra-branch-preflight-python3-linux/ecg-maya-hydra/maya-hydra/lib/mayaHydra/hydraExtensions/delegates/params.h
[2023-11-14T09:50:16.048Z]     -- promoting: /home/S/jenkins/workspace/ECP/ecg-maya-hydra/ecg-maya-hydra-branch-preflight-python3-linux/ecg-maya-hydra/maya-hydra/lib/mayaHydra/hydraExtensions/delegates/sceneDelegate.h
[2023-11-14T09:50:16.048Z]     -- promoting: /home/S/jenkins/workspace/ECP/ecg-maya-hydra/ecg-maya-hydra-branch-preflight-python3-linux/ecg-maya-hydra/maya-hydra/lib/mayaHydra/hydraExtensions/delegates/defaultLightDelegate.h
[2023-11-14T09:50:16.048Z]     -- promoting: /home/S/jenkins/workspace/ECP/ecg-maya-hydra/ecg-maya-hydra-branch-preflight-python3-linux/ecg-maya-hydra/maya-hydra/lib/mayaHydra/hydraExtensions/delegates/testDelegate.h
[2023-11-14T09:50:16.048Z]     -- promoting: /home/S/jenkins/workspace/ECP/ecg-maya-hydra/ecg-maya-hydra-branch-preflight-python3-linux/ecg-maya-hydra/maya-hydra/lib/mayaHydra/hydraExtensions/sceneIndex/registration.h
[2023-11-14T09:50:16.048Z]     -- promoting: /home/S/jenkins/workspace/ECP/ecg-maya-hydra/ecg-maya-hydra-branch-preflight-python3-linux/ecg-maya-hydra/maya-hydra/lib/mayaHydra/hydraExtensions/sceneIndex/mayaHydraSceneIndex.h
[2023-11-14T09:50:16.048Z]     -- promoting: /home/S/jenkins/workspace/ECP/ecg-maya-hydra/ecg-maya-hydra-branch-preflight-python3-linux/ecg-maya-hydra/maya-hydra/lib/mayaHydra/hydraExtensions/sceneIndex/mayaHydraDataSource.h
[2023-11-14T09:50:16.048Z]     -- promoting: /home/S/jenkins/workspace/ECP/ecg-maya-hydra/ecg-maya-hydra-branch-preflight-python3-linux/ecg-maya-hydra/maya-hydra/lib/mayaHydra/hydraExtensions/sceneIndex/mayaHydraPrimvarDataSource.h
[2023-11-14T09:50:16.048Z]     -- promoting: /home/S/jenkins/workspace/ECP/ecg-maya-hydra/ecg-maya-hydra-branch-preflight-python3-linux/ecg-maya-hydra/maya-hydra/lib/mayaHydra/hydraExtensions/sceneIndex/mayaHydraDisplayStyleDataSource.h
[2023-11-14T09:50:16.048Z]     -- promoting: /home/S/jenkins/workspace/ECP/ecg-maya-hydra/ecg-maya-hydra-branch-preflight-python3-linux/ecg-maya-hydra/maya-hydra/lib/mayaHydra/hydraExtensions/sceneIndex/mayaHydraCameraDataSource.h
[2023-11-14T09:50:16.048Z]     -- promoting: /home/S/jenkins/workspace/ECP/ecg-maya-hydra/ecg-maya-hydra-branch-preflight-python3-linux/ecg-maya-hydra/maya-hydra/lib/mayaHydra/hydraExtensions/sceneIndex/mayaHydraLightDataSource.h
[2023-11-14T09:50:16.048Z]     -- promoting: /home/S/jenkins/workspace/ECP/ecg-maya-hydra/ecg-maya-hydra-branch-preflight-python3-linux/ecg-maya-hydra/maya-hydra/lib/mayaHydra/hydraExtensions/sceneIndex/mayaHydraDefaultLightDataSource.h
[2023-11-14T09:50:16.048Z]     -- promoting: /home/S/jenkins/workspace/ECP/ecg-maya-hydra/ecg-maya-hydra-branch-preflight-python3-linux/ecg-maya-hydra/maya-hydra/lib/mayaHydra/ufeExtensions/api.h
[2023-11-14T09:50:16.048Z]     -- promoting: /home/S/jenkins/workspace/ECP/ecg-maya-hydra/ecg-maya-hydra-branch-preflight-python3-linux/ecg-maya-hydra/maya-hydra/lib/mayaHydra/ufeExtensions/Global.h
[2023-11-14T09:50:16.048Z]     -- promoting: /home/S/jenkins/workspace/ECP/ecg-maya-hydra/ecg-maya-hydra-branch-preflight-python3-linux/ecg-maya-hydra/maya-hydra/lib/flowViewport/api.h
[2023-11-14T09:50:16.048Z]     -- promoting: /home/S/jenkins/workspace/ECP/ecg-maya-hydra/ecg-maya-hydra-branch-preflight-python3-linux/ecg-maya-hydra/maya-hydra/lib/flowViewport/debugCodes.h
[2023-11-14T09:50:16.048Z]     -- promoting: /home/S/jenkins/workspace/ECP/ecg-maya-hydra/ecg-maya-hydra-branch-preflight-python3-linux/ecg-maya-hydra/maya-hydra/lib/flowViewport/global.h
[2023-11-14T09:50:16.048Z]     -- promoting: /home/S/jenkins/workspace/ECP/ecg-maya-hydra/ecg-maya-hydra-branch-preflight-python3-linux/ecg-maya-hydra/maya-hydra/lib/flowViewport/tokens.h
[2023-11-14T09:50:16.048Z]     -- promoting: /home/S/jenkins/workspace/ECP/ecg-maya-hydra/ecg-maya-hydra-branch-preflight-python3-linux/ecg-maya-hydra/maya-hydra/lib/flowViewport/colorPreferences/fvpColorChanged.h
[2023-11-14T09:50:16.048Z]     -- promoting: /home/S/jenkins/workspace/ECP/ecg-maya-hydra/ecg-maya-hydra-branch-preflight-python3-linux/ecg-maya-hydra/maya-hydra/lib/flowViewport/colorPreferences/fvpColorPreferences.h
[2023-11-14T09:50:16.048Z]     -- promoting: /home/S/jenkins/workspace/ECP/ecg-maya-hydra/ecg-maya-hydra-branch-preflight-python3-linux/ecg-maya-hydra/maya-hydra/lib/flowViewport/colorPreferences/fvpColorPreferencesTokens.h
[2023-11-14T09:50:16.048Z]     -- promoting: /home/S/jenkins/workspace/ECP/ecg-maya-hydra/ecg-maya-hydra-branch-preflight-python3-linux/ecg-maya-hydra/maya-hydra/lib/flowViewport/colorPreferences/fvpColorPreferencesTranslator.h
[2023-11-14T09:50:16.048Z]     -- promoting: /home/S/jenkins/workspace/ECP/ecg-maya-hydra/ecg-maya-hydra-branch-preflight-python3-linux/ecg-maya-hydra/maya-hydra/lib/flowViewport/sceneIndex/fvpMergingSceneIndex.h
[2023-11-14T09:50:16.048Z]     -- promoting: /home/S/jenkins/workspace/ECP/ecg-maya-hydra/ecg-maya-hydra-branch-preflight-python3-linux/ecg-maya-hydra/maya-hydra/lib/flowViewport/sceneIndex/fvpPassThroughSelectionInterfaceSceneIndex.h
[2023-11-14T09:50:16.048Z]     -- promoting: /home/S/jenkins/workspace/ECP/ecg-maya-hydra/ecg-maya-hydra-branch-preflight-python3-linux/ecg-maya-hydra/maya-hydra/lib/flowViewport/sceneIndex/fvpPathInterface.h
[2023-11-14T09:50:16.048Z]     -- promoting: /home/S/jenkins/workspace/ECP/ecg-maya-hydra/ecg-maya-hydra-branch-preflight-python3-linux/ecg-maya-hydra/maya-hydra/lib/flowViewport/sceneIndex/fvpPathInterfaceSceneIndex.h
[2023-11-14T09:50:16.048Z]     -- promoting: /home/S/jenkins/workspace/ECP/ecg-maya-hydra/ecg-maya-hydra-branch-preflight-python3-linux/ecg-maya-hydra/maya-hydra/lib/flowViewport/sceneIndex/fvpRenderIndexProxy.h
[2023-11-14T09:50:16.048Z]     -- promoting: /home/S/jenkins/workspace/ECP/ecg-maya-hydra/ecg-maya-hydra-branch-preflight-python3-linux/ecg-maya-hydra/maya-hydra/lib/flowViewport/sceneIndex/fvpSelectionInterface.h
[2023-11-14T09:50:16.048Z]     -- promoting: /home/S/jenkins/workspace/ECP/ecg-maya-hydra/ecg-maya-hydra-branch-preflight-python3-linux/ecg-maya-hydra/maya-hydra/lib/flowViewport/sceneIndex/fvpSelectionSceneIndex.h
[2023-11-14T09:50:16.048Z]     -- promoting: /home/S/jenkins/workspace/ECP/ecg-maya-hydra/ecg-maya-hydra-branch-preflight-python3-linux/ecg-maya-hydra/maya-hydra/lib/flowViewport/sceneIndex/fvpWireframeSelectionHighlightSceneIndex.h
[2023-11-14T09:50:16.048Z]     -- promoting: /home/S/jenkins/workspace/ECP/ecg-maya-hydra/ecg-maya-hydra-branch-preflight-python3-linux/ecg-maya-hydra/maya-hydra/lib/flowViewport/API/fvpSelectionClient.h
[2023-11-14T09:50:16.048Z]     -- promoting: /home/S/jenkins/workspace/ECP/ecg-maya-hydra/ecg-maya-hydra-branch-preflight-python3-linux/ecg-maya-hydra/maya-hydra/lib/flowViewport/API/fvpFlowSelectionInterface.h
[2023-11-14T09:50:16.048Z]     -- promoting: /home/S/jenkins/workspace/ECP/ecg-maya-hydra/ecg-maya-hydra-branch-preflight-python3-linux/ecg-maya-hydra/maya-hydra/lib/flowViewport/API/fvpVersionInterface.h
[2023-11-14T09:50:16.048Z]     -- promoting: /home/S/jenkins/workspace/ECP/ecg-maya-hydra/ecg-maya-hydra-branch-preflight-python3-linux/ecg-maya-hydra/maya-hydra/lib/flowViewport/API/interfacesImp/fvpSelectionInterfaceImp.h
[2023-11-14T09:50:16.048Z]     -- promoting: /home/S/jenkins/workspace/ECP/ecg-maya-hydra/ecg-maya-hydra-branch-preflight-python3-linux/ecg-maya-hydra/maya-hydra/lib/flowViewport/API/interfacesImp/fvpVersionInterfaceImp.h
[2023-11-14T09:50:16.048Z]     -- promoting: /home/S/jenkins/workspace/ECP/ecg-maya-hydra/ecg-maya-hydra-branch-preflight-python3-linux/ecg-maya-hydra/maya-hydra/lib/flowViewport/API/samples/fvpSelectionClientExample.h
[2023-11-14T09:50:16.048Z]     -- promoting: /home/S/jenkins/workspace/ECP/ecg-maya-hydra/ecg-maya-hydra-branch-preflight-python3-linux/ecg-maya-hydra/maya-hydra/lib/flowViewport/selection/fvpSelectionTracker.h
[2023-11-14T09:50:16.048Z]     -- promoting: /home/S/jenkins/workspace/ECP/ecg-maya-hydra/ecg-maya-hydra-branch-preflight-python3-linux/ecg-maya-hydra/maya-hydra/lib/flowViewport/selection/fvpSelectionTask.h
[2023-11-14T09:50:16.605Z]     -- Configuring done
[2023-11-14T09:50:16.605Z]     -- Generating done
[2023-11-14T09:50:16.605Z]     -- Build files have been written to: /home/S/jenkins/workspace/ECP/ecg-maya-hydra/ecg-maya-hydra-branch-preflight-python3-linux/build/RelWithDebInfo
[2023-11-14T09:50:16.605Z]     
[2023-11-14T09:50:16.605Z]         Building with settings:
[2023-11-14T09:50:16.605Z]           Source directory          /home/S/jenkins/workspace/ECP/ecg-maya-hydra/ecg-maya-hydra-branch-preflight-python3-linux/ecg-maya-hydra/maya-hydra
[2023-11-14T09:50:16.605Z]           Workspace directory       /local/S/jenkins/workspace/ECP/ecg-maya-hydra/ecg-maya-hydra-branch-preflight-python3-linux
[2023-11-14T09:50:16.605Z]           Build directory           /local/S/jenkins/workspace/ECP/ecg-maya-hydra/ecg-maya-hydra-branch-preflight-python3-linux/build/RelWithDebInfo
[2023-11-14T09:50:16.605Z]           Install directory         /local/S/jenkins/workspace/ECP/ecg-maya-hydra/ecg-maya-hydra-branch-preflight-python3-linux/install/RelWithDebInfo/MayaHydra
[2023-11-14T09:50:16.605Z]           Variant                   RelWithDebInfo
[2023-11-14T09:50:16.605Z]           Python Debug              Off
[2023-11-14T09:50:16.605Z]           CMake generator           Ninja
[2023-11-14T09:50:16.605Z]           Build arguments           ['-DCMAKE_MAKE_PROGRAM=/local/S/jenkins/workspace/shared/Artifactory/Linux/ninja/1.10.2/9ab399b/ninja', '-DPYTHON_INCLUDE_DIR=/local/S/jenkins/workspace/shared/Artifactory/Linux/rundev-master/202311060140/runtime/33fa670/runTime/include/Python310/Python', '-DPython_EXECUTABLE=/local/S/jenkins/workspace/shared/Artifactory/Linux/rundev-master/202311060140/runtime/33fa670/runTime/bin/mayapy', '-DPYTHON_LIBRARIES=/local/S/jenkins/workspace/shared/Artifactory/Linux/rundev-master/202311060140/runtime/33fa670/runTime/lib/libpython3.10.so.1.0', '-DBUILD_WITH_PYTHON_3=ON', '-DBUILD_WITH_PYTHON_3_VERSION=3.10', '-DCMAKE_WANT_MATERIALX_BUILD=ON', '-DCMAKE_PREFIX_PATH=/local/S/jenkins/workspace/shared/Artifactory/Linux/USD/13e6029']
[2023-11-14T09:50:16.605Z]           Stages arguments          ['configure']
[2023-11-14T09:50:16.605Z]           CTest arguments           ['--parallel 16']
[2023-11-14T09:50:16.605Z]     STATUS: Found Maya Qt headers in: /local/S/jenkins/workspace/shared/Artifactory/Linux/rundev-master/202311060140/runtime/33fa670/devkitBase
[2023-11-14T09:50:16.605Z]     Success MayaHydra build and install !!!!
[2023-11-14T09:50:16.605Z]     Elapsed time: 00:00:14
[Pipeline] }
[Pipeline] // withEnv
[Pipeline] }
[Pipeline] // timeout
[Pipeline] }
[Pipeline] // stage
[Pipeline] }
[Pipeline] // timestamps
[Pipeline] timestamps
[Pipeline] {
[Pipeline] stage
[Pipeline] { (Build)
[Pipeline] timeout
[2023-11-14T09:50:16.955Z] Timeout set to expire in 6 hr 0 min
[Pipeline] {
[Pipeline] withEnv
[Pipeline] {
[Pipeline] sh
[2023-11-14T09:50:18.425Z] + scl enable gcc-toolset-11 -
[2023-11-14T09:50:18.425Z] + '[' enable = load -o enable = unload ']'
[2023-11-14T09:50:18.425Z] + /usr/bin/scl enable gcc-toolset-11 -
[2023-11-14T09:50:18.425Z] python ecg-maya-hydra/build.py --stages=build --workspace-dir=/local/S/jenkins/workspace/ECP/ecg-maya-hydra/ecg-maya-hydra-branch-preflight-python3-linux --artifactory-dir=/local/S/jenkins/workspace/shared/Artifactory --build-dir=/local/S/jenkins/workspace/ECP/ecg-maya-hydra/ecg-maya-hydra-branch-preflight-python3-linux/build --install-dir=/local/S/jenkins/workspace/ECP/ecg-maya-hydra/ecg-maya-hydra-branch-preflight-python3-linux/install --signing-dir=/local/S/jenkins/workspace/ECP/ecg-maya-hydra/ecg-maya-hydra-branch-preflight-python3-linux/signing --package-dir=/local/S/jenkins/workspace/ECP/ecg-maya-hydra/ecg-maya-hydra-branch-preflight-python3-linux/package --output-dir=/local/S/jenkins/workspace/ECP/ecg-maya-hydra/ecg-maya-hydra-branch-preflight-python3-linux/output --stash-dir=/local/S/jenkins/workspace/ECP/ecg-maya-hydra/ecg-maya-hydra-branch-preflight-python3-linux/stash --jenkins-build=390 --git-commit=ccc5b63e3f62de6f3a58f8d35940367a98e66aa4 --git-branch=master --variants=Debug --interactive-tests=true --post-zips=false --osx-binary-architecture-target=ub2 --osx-deployment-target=11.0 --osx-base-sdk=CurrentActiveSDK --build-retry=3 --maya-cut-config=maya-rundev-master-debug.yaml --maya-package=rundev-master-debug --stage-banner
[2023-11-14T09:50:18.425Z] Using Maya cut from /local/S/jenkins/workspace/shared/Artifactory/Linux/rundev-master-debug/202310260154/runtime/7d60df0
[2023-11-14T09:50:18.425Z] 
[2023-11-14T09:50:18.425Z] ================================================================================
[2023-11-14T09:50:18.425Z]                                  build (Debug)
[2023-11-14T09:50:18.425Z] ================================================================================
[2023-11-14T09:50:18.425Z] Maya Python Debug Info:
[2023-11-14T09:50:18.425Z]   mayapy executable   = /local/S/jenkins/workspace/shared/Artifactory/Linux/rundev-master-debug/202310260154/runtime/7d60df0/runTime/bin/mayapy
[2023-11-14T09:50:18.425Z]   Include Folder      = /local/S/jenkins/workspace/shared/Artifactory/Linux/rundev-master-debug/202310260154/runtime/7d60df0/runTime/include/Python310/Python
[2023-11-14T09:50:18.425Z]   Library             = /local/S/jenkins/workspace/shared/Artifactory/Linux/rundev-master-debug/202310260154/runtime/7d60df0/runTime/lib/libpython3.10d.so.1.0
[2023-11-14T09:50:18.425Z]   site-package Folder = /local/S/jenkins/workspace/shared/Artifactory/Linux/rundev-master-debug/202310260154/runtime/7d60df0/runTime/lib/python3.10/site-packages
[2023-11-14T09:50:18.962Z] In workdir: /home/S/jenkins/workspace/ECP/ecg-maya-hydra/ecg-maya-hydra-branch-preflight-python3-linux/ecg-maya-hydra/maya-hydra
[2023-11-14T09:50:18.962Z] Executing: /local/S/jenkins/workspace/shared/Artifactory/Linux/rundev-master-debug/202310260154/runtime/7d60df0/runTime/bin/mayapy /home/S/jenkins/workspace/ECP/ecg-maya-hydra/ecg-maya-hydra-branch-preflight-python3-linux/ecg-maya-hydra/maya-hydra/build.py --generator Ninja --build-debug --maya-location /local/S/jenkins/workspace/shared/Artifactory/Linux/rundev-master-debug/202310260154/runtime/7d60df0/runTime --devkit-location /local/S/jenkins/workspace/shared/Artifactory/Linux/rundev-master-debug/202310260154/runtime/7d60df0/devkitBase --pxrusd-location /local/S/jenkins/workspace/shared/Artifactory/Linux/USD/8e4fe45 --build-args=-DCMAKE_MAKE_PROGRAM=/local/S/jenkins/workspace/shared/Artifactory/Linux/ninja/1.10.2/9ab399b/ninja,-DPYTHON_INCLUDE_DIR=/local/S/jenkins/workspace/shared/Artifactory/Linux/rundev-master-debug/202310260154/runtime/7d60df0/runTime/include/Python310/Python,-DPython_EXECUTABLE=/local/S/jenkins/workspace/shared/Artifactory/Linux/rundev-master-debug/202310260154/runtime/7d60df0/runTime/bin/mayapy,-DPYTHON_LIBRARIES=/local/S/jenkins/workspace/shared/Artifactory/Linux/rundev-master-debug/202310260154/runtime/7d60df0/runTime/lib/libpython3.10d.so.1.0,-DBUILD_WITH_PYTHON_3=ON,-DBUILD_WITH_PYTHON_3_VERSION=3.10,-DCMAKE_WANT_MATERIALX_BUILD=ON,-DCMAKE_PREFIX_PATH=/local/S/jenkins/workspace/shared/Artifactory/Linux/USD/8e4fe45 --debug-python '--ctest-args=--parallel 16' --stages=build --redirect-outstream-file=False --install-location /local/S/jenkins/workspace/ECP/ecg-maya-hydra/ecg-maya-hydra-branch-preflight-python3-linux/install/Debug/MayaHydra /local/S/jenkins/workspace/ECP/ecg-maya-hydra/ecg-maya-hydra-branch-preflight-python3-linux
[2023-11-14T09:50:18.962Z] Modified environment variables:
[2023-11-14T09:50:18.962Z]     LD_LIBRARY_PATH=/opt/rh/gcc-toolset-11/root/usr/lib64:/opt/rh/gcc-toolset-11/root/usr/lib64:/opt/rh/gcc-toolset-11/root/usr/lib:/opt/rh/gcc-toolset-11/root/usr/lib64/dyninst:/opt/rh/gcc-toolset-11/root/usr/lib/dyninst
[2023-11-14T09:50:18.962Z]     PATH=/local/S/jenkins/workspace/shared/Artifactory/Linux/cmake/3.20.3/ab685d7/bin:/opt/rh/gcc-toolset-11/root/usr/bin:/home/administrator/.local/bin:/home/administrator/bin:/usr/share/Modules/bin:/usr/local/bin:/usr/local/sbin:/usr/bin:/usr/sbin
[2023-11-14T09:50:20.247Z]     [1/100] Building CXX object lib/mayaHydra/mayaPlugin/CMakeFiles/mayaHydra.dir/colorNotFoundException.cpp.o
[2023-11-14T09:50:20.247Z]     [2/100] Building CXX object lib/mayaHydra/mayaPlugin/CMakeFiles/mayaHydra.dir/tokens.cpp.o
[2023-11-14T09:50:20.247Z]     [3/100] Building CXX object test/lib/mayaUsd/render/mayaToHydra/cpp/CMakeFiles/mayaHydraCppTests.dir/testCppFramework.cpp.o
[2023-11-14T09:50:20.247Z]     [4/100] Building CXX object lib/mayaHydra/mayaPlugin/CMakeFiles/mayaHydra.dir/pluginDebugCodes.cpp.o
[2023-11-14T09:50:20.247Z]     [5/100] Building CXX object test/lib/mayaUsd/render/mayaToHydra/cpp/CMakeFiles/mayaHydraCppTests.dir/mayaHydraCppTestsCmd.cpp.o
[2023-11-14T09:50:20.874Z]     [6/100] Building CXX object lib/mayaHydra/mayaPlugin/CMakeFiles/mayaHydra.dir/mayaColorPreferencesTranslator.cpp.o
[2023-11-14T09:50:20.874Z]     [7/100] Building CXX object lib/mayaHydra/hydraExtensions/CMakeFiles/mayaHydraLib.dir/adapters/adapterDebugCodes.cpp.o
[2023-11-14T09:50:21.427Z]     [8/100] Building CXX object test/lib/mayaUsd/render/mayaToHydra/cpp/CMakeFiles/mayaHydraCppTests.dir/testColorPreferences.cpp.o
[2023-11-14T09:50:21.427Z]     [9/100] Building CXX object lib/mayaHydra/hydraExtensions/CMakeFiles/mayaHydraLib.dir/debugCodes.cpp.o
[2023-11-14T09:50:21.967Z]     [10/100] Building CXX object lib/mayaHydra/hydraExtensions/CMakeFiles/mayaHydraLib.dir/mayaUtils.cpp.o
[2023-11-14T09:50:22.524Z]     [11/100] Building CXX object test/lib/mayaUsd/render/mayaToHydra/cpp/CMakeFiles/mayaHydraCppTests.dir/testUtils.cpp.o
[2023-11-14T09:50:23.084Z]     [12/100] Building CXX object test/lib/mayaUsd/render/mayaToHydra/cpp/CMakeFiles/mayaHydraCppTests.dir/testMayaUsdUfeItems.cpp.o
[2023-11-14T09:50:23.084Z]     [13/100] Building CXX object test/lib/mayaUsd/render/mayaToHydra/cpp/CMakeFiles/mayaHydraCppTests.dir/testSelectionSceneIndex.cpp.o
[2023-11-14T09:50:23.084Z]     [14/100] Building CXX object test/lib/mayaUsd/render/mayaToHydra/cpp/CMakeFiles/mayaHydraCppTests.dir/testMayaSceneFlattening.cpp.o
[2023-11-14T09:50:23.705Z]     [15/100] Building CXX object test/lib/mayaUsd/render/mayaToHydra/cpp/CMakeFiles/mayaHydraCppTests.dir/testWireframeSelectionHighlightSceneIndex.cpp.o
[2023-11-14T09:50:23.705Z]     [16/100] Building CXX object lib/mayaHydra/hydraExtensions/CMakeFiles/mayaHydraLib.dir/interfaceImp.cpp.o
[2023-11-14T09:50:24.246Z]     [17/100] Building CXX object lib/mayaHydra/hydraExtensions/CMakeFiles/mayaHydraLib.dir/hydraUtils.cpp.o
[2023-11-14T09:50:24.806Z]     [18/100] Building CXX object lib/mayaHydra/hydraExtensions/CMakeFiles/mayaHydraLib.dir/mixedUtils.cpp.o
[2023-11-14T09:50:24.806Z]     [19/100] Building CXX object lib/mayaHydra/mayaPlugin/CMakeFiles/mayaHydra.dir/pluginUtils.cpp.o
[2023-11-14T09:50:25.979Z]     [20/100] Building CXX object lib/mayaHydra/mayaPlugin/CMakeFiles/mayaHydra.dir/plugin.cpp.o
[2023-11-14T09:50:25.979Z]     [21/100] Building CXX object test/lib/mayaUsd/render/mayaToHydra/cpp/CMakeFiles/mayaHydraCppTests.dir/testMergingSceneIndex.cpp.o
[2023-11-14T09:50:25.979Z]     [22/100] Building CXX object lib/mayaHydra/mayaPlugin/CMakeFiles/mayaHydra.dir/viewCommand.cpp.o
[2023-11-14T09:50:25.979Z]     /home/S/jenkins/workspace/ECP/ecg-maya-hydra/ecg-maya-hydra-branch-preflight-python3-linux/ecg-maya-hydra/maya-hydra/lib/mayaHydra/mayaPlugin/viewCommand.cpp:33:50: note: ‘#pragma message: MAYAHYDRA_CUT_ID is not defined’
[2023-11-14T09:50:25.979Z]        33 | #pragma message("MAYAHYDRA_CUT_ID is not defined")
[2023-11-14T09:50:25.979Z]           |                                                  ^
[2023-11-14T09:50:26.531Z]     [23/100] Building CXX object lib/mayaHydra/hydraExtensions/CMakeFiles/mayaHydraLib.dir/adapters/mayaAttrs.cpp.o
[2023-11-14T09:50:26.531Z]     [24/100] Building CXX object lib/mayaHydra/hydraExtensions/CMakeFiles/mayaHydraLib.dir/adapters/adapterRegistry.cpp.o
[2023-11-14T09:50:29.092Z]     [25/100] Building CXX object lib/mayaHydra/mayaPlugin/CMakeFiles/mayaHydra.dir/renderOverride.cpp.o
[2023-11-14T09:50:29.092Z]     [26/100] Building CXX object lib/mayaHydra/hydraExtensions/CMakeFiles/mayaHydraLib.dir/adapters/adapter.cpp.o
[2023-11-14T09:50:29.092Z]     [27/100] Building CXX object lib/mayaHydra/mayaPlugin/CMakeFiles/mayaHydra.dir/renderGlobals.cpp.o
[2023-11-14T09:50:29.671Z]     [28/100] Building CXX object lib/mayaHydra/hydraExtensions/CMakeFiles/mayaHydraLib.dir/adapters/areaLightAdapter.cpp.o
[2023-11-14T09:50:29.671Z]     [29/100] Building CXX object lib/mayaHydra/hydraExtensions/CMakeFiles/mayaHydraLib.dir/adapters/aiSkydomeLightAdapter.cpp.o
[2023-11-14T09:50:29.671Z]     [30/100] Building CXX object lib/mayaHydra/hydraExtensions/CMakeFiles/mayaHydraLib.dir/adapters/cameraAdapter.cpp.o
[2023-11-14T09:50:29.671Z]     [31/100] Building CXX object lib/mayaHydra/hydraExtensions/CMakeFiles/mayaHydraLib.dir/adapters/dagAdapter.cpp.o
[2023-11-14T09:50:30.220Z]     [32/100] Building CXX object lib/mayaHydra/hydraExtensions/CMakeFiles/mayaHydraLib.dir/adapters/tokens.cpp.o
[2023-11-14T09:50:30.767Z]     [33/100] Building CXX object lib/mayaHydra/hydraExtensions/CMakeFiles/mayaHydraLib.dir/adapters/directionalLightAdapter.cpp.o
[2023-11-14T09:50:30.767Z]     [34/100] Building CXX object lib/mayaHydra/hydraExtensions/CMakeFiles/mayaHydraLib.dir/delegates/delegateDebugCodes.cpp.o
[2023-11-14T09:50:30.767Z]     [35/100] Building CXX object lib/mayaHydra/hydraExtensions/CMakeFiles/mayaHydraLib.dir/adapters/renderItemAdapter.cpp.o
[2023-11-14T09:50:31.318Z]     [36/100] Building CXX object lib/mayaHydra/hydraExtensions/CMakeFiles/mayaHydraLib.dir/adapters/lightAdapter.cpp.o
[2023-11-14T09:50:31.318Z]     [37/100] Building CXX object lib/mayaHydra/hydraExtensions/CMakeFiles/mayaHydraLib.dir/mayaHydraSceneProducer.cpp.o
[2023-11-14T09:50:31.859Z]     [38/100] Building CXX object lib/mayaHydra/hydraExtensions/CMakeFiles/mayaHydraLib.dir/adapters/materialAdapter.cpp.o
[2023-11-14T09:50:32.399Z]     [39/100] Building CXX object lib/mayaHydra/hydraExtensions/CMakeFiles/mayaHydraLib.dir/adapters/nurbsCurveAdapter.cpp.o
[2023-11-14T09:50:32.399Z]     [40/100] Building CXX object lib/mayaHydra/hydraExtensions/CMakeFiles/mayaHydraLib.dir/adapters/pointLightAdapter.cpp.o
[2023-11-14T09:50:32.938Z]     [41/100] Building CXX object lib/mayaHydra/hydraExtensions/CMakeFiles/mayaHydraLib.dir/adapters/meshAdapter.cpp.o
[2023-11-14T09:50:34.088Z]     [42/100] Building CXX object lib/mayaHydra/hydraExtensions/CMakeFiles/mayaHydraLib.dir/adapters/materialNetworkConverter.cpp.o
[2023-11-14T09:50:34.088Z]     [43/100] Building CXX object lib/mayaHydra/hydraExtensions/CMakeFiles/mayaHydraLib.dir/adapters/shapeAdapter.cpp.o
[2023-11-14T09:50:34.642Z]     [44/100] Building CXX object lib/mayaHydra/hydraExtensions/CMakeFiles/mayaHydraLib.dir/delegates/delegate.cpp.o
[2023-11-14T09:50:34.642Z]     [45/100] Building CXX object lib/mayaHydra/hydraExtensions/CMakeFiles/mayaHydraLib.dir/adapters/spotLightAdapter.cpp.o
[2023-11-14T09:50:34.642Z]     [46/100] Building CXX object lib/mayaHydra/hydraExtensions/CMakeFiles/mayaHydraLib.dir/delegates/delegateCtx.cpp.o
[2023-11-14T09:50:35.198Z]     [47/100] Building CXX object lib/mayaHydra/ufeExtensions/CMakeFiles/ufeExtensions.dir/Global.cpp.o
[2023-11-14T09:50:35.198Z]     [48/100] Building CXX object lib/flowViewport/CMakeFiles/flowViewport.dir/tokens.cpp.o
[2023-11-14T09:50:35.743Z]     [49/100] Building CXX object lib/flowViewport/CMakeFiles/flowViewport.dir/global.cpp.o
[2023-11-14T09:50:35.743Z]     [50/100] Building CXX object lib/mayaHydra/hydraExtensions/CMakeFiles/mayaHydraLib.dir/delegates/delegateRegistry.cpp.o
[2023-11-14T09:50:35.743Z]     [51/100] Building CXX object lib/flowViewport/CMakeFiles/flowViewport.dir/debugCodes.cpp.o
[2023-11-14T09:50:35.743Z]     [52/100] Building CXX object lib/mayaHydra/hydraExtensions/CMakeFiles/mayaHydraLib.dir/sceneIndex/registration.cpp.o
[2023-11-14T09:50:35.743Z]     [53/100] Building CXX object lib/flowViewport/CMakeFiles/flowViewport.dir/colorPreferences/fvpColorChanged.cpp.o
[2023-11-14T09:50:36.294Z]     [54/100] Linking CXX shared library lib/mayaHydra/ufeExtensions/libufeExtensions.so
[2023-11-14T09:50:36.294Z]     [55/100] Building CXX object lib/flowViewport/CMakeFiles/flowViewport.dir/sceneIndex/fvpPathInterface.cpp.o
[2023-11-14T09:50:36.294Z]     [56/100] Building CXX object lib/flowViewport/CMakeFiles/flowViewport.dir/colorPreferences/fvpColorPreferencesTokens.cpp.o
[2023-11-14T09:50:36.294Z]     [57/100] Building CXX object lib/flowViewport/CMakeFiles/flowViewport.dir/sceneIndex/fvpSelectionInterface.cpp.o
[2023-11-14T09:50:36.294Z]     [58/100] Building CXX object lib/flowViewport/CMakeFiles/flowViewport.dir/colorPreferences/fvpColorPreferences.cpp.o
[2023-11-14T09:50:37.919Z]     [59/100] Building CXX object lib/mayaHydra/hydraExtensions/CMakeFiles/mayaHydraLib.dir/sceneIndex/mayaHydraPrimvarDataSource.cpp.o
[2023-11-14T09:50:38.489Z]     [60/100] Building CXX object lib/flowViewport/CMakeFiles/flowViewport.dir/API/interfacesImp/fvpSelectionInterfaceImp.cpp.o
[2023-11-14T09:50:38.489Z]     [61/100] Building CXX object lib/flowViewport/CMakeFiles/flowViewport.dir/API/interfacesImp/fvpVersionInterfaceImp.cpp.o
[2023-11-14T09:50:38.489Z]     [62/100] Building CXX object lib/mayaHydra/hydraExtensions/CMakeFiles/mayaHydraLib.dir/sceneIndex/mayaHydraCameraDataSource.cpp.o
[2023-11-14T09:50:38.489Z]     [63/100] Building CXX object lib/mayaHydra/hydraExtensions/CMakeFiles/mayaHydraLib.dir/sceneIndex/mayaHydraDisplayStyleDataSource.cpp.o
[2023-11-14T09:50:38.489Z]     [64/100] Building CXX object lib/flowViewport/CMakeFiles/flowViewport.dir/sceneIndex/fvpPathInterfaceSceneIndex.cpp.o
[2023-11-14T09:50:38.489Z]     [65/100] Building CXX object lib/mayaHydra/hydraExtensions/CMakeFiles/mayaHydraLib.dir/sceneIndex/mayaHydraLightDataSource.cpp.o
[2023-11-14T09:50:38.489Z]     [66/100] Building CXX object lib/flowViewport/CMakeFiles/flowViewport.dir/sceneIndex/fvpMergingSceneIndex.cpp.o
[2023-11-14T09:50:38.489Z]     [67/100] Building CXX object lib/flowViewport/CMakeFiles/flowViewport.dir/sceneIndex/fvpRenderIndexProxy.cpp.o
[2023-11-14T09:50:39.044Z]     [68/100] Building CXX object lib/flowViewport/CMakeFiles/flowViewport.dir/sceneIndex/fvpPassThroughSelectionInterfaceSceneIndex.cpp.o
[2023-11-14T09:50:39.044Z]     [69/100] Building CXX object lib/mayaHydra/hydraExtensions/CMakeFiles/mayaHydraLib.dir/sceneIndex/mayaHydraDataSource.cpp.o
[2023-11-14T09:50:39.044Z]     [70/100] Building CXX object lib/mayaHydra/hydraExtensions/CMakeFiles/mayaHydraLib.dir/delegates/sceneDelegate.cpp.o
[2023-11-14T09:50:39.044Z]     [71/100] Building CXX object lib/flowViewport/CMakeFiles/flowViewport.dir/API/samples/fvpSelectionClientExample.cpp.o
[2023-11-14T09:50:40.172Z]     [72/100] Building CXX object lib/flowViewport/CMakeFiles/flowViewport.dir/sceneIndex/fvpSelectionSceneIndex.cpp.o
[2023-11-14T09:50:40.172Z]     [73/100] Building CXX object lib/flowViewport/CMakeFiles/flowViewport.dir/sceneIndex/fvpWireframeSelectionHighlightSceneIndex.cpp.o
[2023-11-14T09:50:40.172Z]     [74/100] Building CXX object lib/mayaHydra/hydraExtensions/CMakeFiles/mayaHydraLib.dir/sceneIndex/mayaHydraDefaultLightDataSource.cpp.o
[2023-11-14T09:50:40.712Z]     [75/100] Building CXX object lib/mayaHydra/hydraExtensions/CMakeFiles/mayaHydraLib.dir/delegates/testDelegate.cpp.o
[2023-11-14T09:50:40.712Z]     [76/100] Building CXX object lib/mayaHydra/hydraExtensions/CMakeFiles/mayaHydraLib.dir/sceneIndex/mayaHydraSceneIndex.cpp.o
[2023-11-14T09:50:40.712Z]     [77/100] Automatic MOC for target adskHydraSceneBrowser
[2023-11-14T09:50:40.712Z]     [78/100] Building CXX object lib/mayaHydra/hydraExtensions/CMakeFiles/mayaHydraLib.dir/delegates/defaultLightDelegate.cpp.o
[2023-11-14T09:50:42.476Z]     [79/100] Building CXX object lib/flowViewport/CMakeFiles/flowViewport.dir/selection/fvpSelectionTracker.cpp.o
[2023-11-14T09:50:42.476Z]     [80/100] Building CXX object lib/flowViewport/CMakeFiles/flowViewport.dir/selection/fvpSelectionTask.cpp.o
[2023-11-14T09:50:43.010Z]     [81/100] Building CXX object plugin/mayaHydraSceneBrowserTest/CMakeFiles/mayaHydraSceneBrowserTest.dir/mayaHydraSceneBrowserTestCmd.cpp.o
[2023-11-14T09:50:43.544Z]     [82/100] Linking CXX shared library lib/flowViewport/libflowViewport.so
[2023-11-14T09:50:44.080Z]     [83/100] Building CXX object lib/adskHydraSceneBrowser/lib/CMakeFiles/adskHydraSceneBrowser.dir/src/patch/registeredSceneIndexChooser.cpp.o
[2023-11-14T09:50:44.615Z]     [84/100] Building CXX object lib/adskHydraSceneBrowser/lib/CMakeFiles/adskHydraSceneBrowser.dir/src/patch/sceneIndexObserverLoggingWidget.cpp.o
[2023-11-14T09:50:44.615Z]     [85/100] Building CXX object lib/adskHydraSceneBrowser/lib/CMakeFiles/adskHydraSceneBrowser.dir/src/patch/dataSourceValueTreeView.cpp.o
[2023-11-14T09:50:44.615Z]     [86/100] Building CXX object plugin/mayaHydraSceneBrowser/CMakeFiles/mayaHydraSceneBrowser.dir/mayaHydraSceneBrowser.cpp.o
[2023-11-14T09:50:45.149Z]     [87/100] Building CXX object lib/adskHydraSceneBrowser/lib/CMakeFiles/adskHydraSceneBrowser.dir/src/patch/sceneIndexObserverLoggingTreeView.cpp.o
[2023-11-14T09:50:45.149Z]     [88/100] Building CXX object lib/adskHydraSceneBrowser/lib/CMakeFiles/adskHydraSceneBrowser.dir/src/patch/sceneIndexDebuggerWidget.cpp.o
[2023-11-14T09:50:45.149Z]     [89/100] Building CXX object lib/adskHydraSceneBrowser/lib/CMakeFiles/adskHydraSceneBrowser.dir/adskHydraSceneBrowser_autogen/mocs_compilation.cpp.o
[2023-11-14T09:50:45.683Z]     [90/100] Building CXX object lib/adskHydraSceneBrowser/lib/CMakeFiles/adskHydraSceneBrowser.dir/src/patch/sceneIndexTreeWidget.cpp.o
[2023-11-14T09:50:45.683Z]     [91/100] Building CXX object lib/adskHydraSceneBrowser/test/CMakeFiles/adskHydraSceneBrowserTesting.dir/adskHydraSceneBrowserTesting.cpp.o
[2023-11-14T09:50:45.683Z]     [92/100] Linking CXX shared library lib/mayaHydra/hydraExtensions/libmayaHydraLib.so
[2023-11-14T09:50:45.683Z]     [93/100] Building CXX object lib/adskHydraSceneBrowser/lib/CMakeFiles/adskHydraSceneBrowser.dir/src/patch/dataSourceTreeWidget.cpp.o
[2023-11-14T09:50:46.802Z]     [94/100] Linking CXX shared library lib/adskHydraSceneBrowser/lib/libadskHydraSceneBrowser.so
[2023-11-14T09:50:46.802Z]     [95/100] Linking CXX shared library test/lib/mayaUsd/render/mayaToHydra/cpp/mayaHydraCppTests.so
[2023-11-14T09:50:46.802Z]     [96/100] Linking CXX shared library lib/mayaHydra/mayaPlugin/mayaHydra.so
[2023-11-14T09:50:47.920Z]     [97/100] Building CXX object lib/adskHydraSceneBrowser/test/CMakeFiles/adskHydraSceneBrowserTesting.dir/adskHydraSceneBrowserTestFixture.cpp.o
[2023-11-14T09:50:47.920Z]     [98/100] Linking CXX shared library plugin/mayaHydraSceneBrowser/mayaHydraSceneBrowser.so
[2023-11-14T09:50:49.038Z]     [99/100] Linking CXX shared library lib/adskHydraSceneBrowser/test/libadskHydraSceneBrowserTesting.so
[2023-11-14T09:50:50.395Z]     [100/100] Linking CXX shared library plugin/mayaHydraSceneBrowserTest/mayaHydraSceneBrowserTest.so
[2023-11-14T09:50:50.395Z]     
[2023-11-14T09:50:50.395Z]         Building with settings:
[2023-11-14T09:50:50.395Z]           Source directory          /home/S/jenkins/workspace/ECP/ecg-maya-hydra/ecg-maya-hydra-branch-preflight-python3-linux/ecg-maya-hydra/maya-hydra
[2023-11-14T09:50:50.395Z]           Workspace directory       /local/S/jenkins/workspace/ECP/ecg-maya-hydra/ecg-maya-hydra-branch-preflight-python3-linux
[2023-11-14T09:50:50.395Z]           Build directory           /local/S/jenkins/workspace/ECP/ecg-maya-hydra/ecg-maya-hydra-branch-preflight-python3-linux/build/Debug
[2023-11-14T09:50:50.395Z]           Install directory         /local/S/jenkins/workspace/ECP/ecg-maya-hydra/ecg-maya-hydra-branch-preflight-python3-linux/install/Debug/MayaHydra
[2023-11-14T09:50:50.395Z]           Variant                   Debug
[2023-11-14T09:50:50.395Z]           Python Debug              On
[2023-11-14T09:50:50.395Z]           CMake generator           Ninja
[2023-11-14T09:50:50.395Z]           Build arguments           ['-DCMAKE_MAKE_PROGRAM=/local/S/jenkins/workspace/shared/Artifactory/Linux/ninja/1.10.2/9ab399b/ninja', '-DPYTHON_INCLUDE_DIR=/local/S/jenkins/workspace/shared/Artifactory/Linux/rundev-master-debug/202310260154/runtime/7d60df0/runTime/include/Python310/Python', '-DPython_EXECUTABLE=/local/S/jenkins/workspace/shared/Artifactory/Linux/rundev-master-debug/202310260154/runtime/7d60df0/runTime/bin/mayapy', '-DPYTHON_LIBRARIES=/local/S/jenkins/workspace/shared/Artifactory/Linux/rundev-master-debug/202310260154/runtime/7d60df0/runTime/lib/libpython3.10d.so.1.0', '-DBUILD_WITH_PYTHON_3=ON', '-DBUILD_WITH_PYTHON_3_VERSION=3.10', '-DCMAKE_WANT_MATERIALX_BUILD=ON', '-DCMAKE_PREFIX_PATH=/local/S/jenkins/workspace/shared/Artifactory/Linux/USD/8e4fe45']
[2023-11-14T09:50:50.395Z]           Stages arguments          ['build']
[2023-11-14T09:50:50.395Z]           CTest arguments           ['--parallel 16']
[2023-11-14T09:50:50.395Z]     Success MayaHydra build and install !!!!
[2023-11-14T09:50:50.395Z]     Elapsed time: 00:00:30
[Pipeline] sh
[2023-11-14T09:50:51.999Z] + scl enable gcc-toolset-11 -
[2023-11-14T09:50:51.999Z] + '[' enable = load -o enable = unload ']'
[2023-11-14T09:50:51.999Z] + /usr/bin/scl enable gcc-toolset-11 -
[2023-11-14T09:50:51.999Z] python ecg-maya-hydra/build.py --stages=build --workspace-dir=/local/S/jenkins/workspace/ECP/ecg-maya-hydra/ecg-maya-hydra-branch-preflight-python3-linux --artifactory-dir=/local/S/jenkins/workspace/shared/Artifactory --build-dir=/local/S/jenkins/workspace/ECP/ecg-maya-hydra/ecg-maya-hydra-branch-preflight-python3-linux/build --install-dir=/local/S/jenkins/workspace/ECP/ecg-maya-hydra/ecg-maya-hydra-branch-preflight-python3-linux/install --signing-dir=/local/S/jenkins/workspace/ECP/ecg-maya-hydra/ecg-maya-hydra-branch-preflight-python3-linux/signing --package-dir=/local/S/jenkins/workspace/ECP/ecg-maya-hydra/ecg-maya-hydra-branch-preflight-python3-linux/package --output-dir=/local/S/jenkins/workspace/ECP/ecg-maya-hydra/ecg-maya-hydra-branch-preflight-python3-linux/output --stash-dir=/local/S/jenkins/workspace/ECP/ecg-maya-hydra/ecg-maya-hydra-branch-preflight-python3-linux/stash --jenkins-build=390 --git-commit=ccc5b63e3f62de6f3a58f8d35940367a98e66aa4 --git-branch=master --variants=RelWithDebInfo --interactive-tests=true --post-zips=false --osx-binary-architecture-target=ub2 --osx-deployment-target=11.0 --osx-base-sdk=CurrentActiveSDK --build-retry=3 --maya-cut-config=maya-rundev-master.yaml --maya-package=rundev-master --stage-banner
[2023-11-14T09:50:51.999Z] Using Maya cut from /local/S/jenkins/workspace/shared/Artifactory/Linux/rundev-master/202311060140/runtime/33fa670
[2023-11-14T09:50:51.999Z] 
[2023-11-14T09:50:51.999Z] ================================================================================
[2023-11-14T09:50:51.999Z]                              build (RelWithDebInfo)
[2023-11-14T09:50:51.999Z] ================================================================================
[2023-11-14T09:50:51.999Z] Maya Python RelWithDebInfo Info:
[2023-11-14T09:50:51.999Z]   mayapy executable   = /local/S/jenkins/workspace/shared/Artifactory/Linux/rundev-master/202311060140/runtime/33fa670/runTime/bin/mayapy
[2023-11-14T09:50:51.999Z]   Include Folder      = /local/S/jenkins/workspace/shared/Artifactory/Linux/rundev-master/202311060140/runtime/33fa670/runTime/include/Python310/Python
[2023-11-14T09:50:51.999Z]   Library             = /local/S/jenkins/workspace/shared/Artifactory/Linux/rundev-master/202311060140/runtime/33fa670/runTime/lib/libpython3.10.so.1.0
[2023-11-14T09:50:51.999Z]   site-package Folder = /local/S/jenkins/workspace/shared/Artifactory/Linux/rundev-master/202311060140/runtime/33fa670/runTime/lib/python3.10/site-packages
[2023-11-14T09:50:52.566Z] In workdir: /home/S/jenkins/workspace/ECP/ecg-maya-hydra/ecg-maya-hydra-branch-preflight-python3-linux/ecg-maya-hydra/maya-hydra
[2023-11-14T09:50:52.566Z] Executing: /local/S/jenkins/workspace/shared/Artifactory/Linux/rundev-master/202311060140/runtime/33fa670/runTime/bin/mayapy /home/S/jenkins/workspace/ECP/ecg-maya-hydra/ecg-maya-hydra-branch-preflight-python3-linux/ecg-maya-hydra/maya-hydra/build.py --generator Ninja --build-relwithdebug --maya-location /local/S/jenkins/workspace/shared/Artifactory/Linux/rundev-master/202311060140/runtime/33fa670/runTime --devkit-location /local/S/jenkins/workspace/shared/Artifactory/Linux/rundev-master/202311060140/runtime/33fa670/devkitBase --pxrusd-location /local/S/jenkins/workspace/shared/Artifactory/Linux/USD/13e6029 --build-args=-DCMAKE_MAKE_PROGRAM=/local/S/jenkins/workspace/shared/Artifactory/Linux/ninja/1.10.2/9ab399b/ninja,-DPYTHON_INCLUDE_DIR=/local/S/jenkins/workspace/shared/Artifactory/Linux/rundev-master/202311060140/runtime/33fa670/runTime/include/Python310/Python,-DPython_EXECUTABLE=/local/S/jenkins/workspace/shared/Artifactory/Linux/rundev-master/202311060140/runtime/33fa670/runTime/bin/mayapy,-DPYTHON_LIBRARIES=/local/S/jenkins/workspace/shared/Artifactory/Linux/rundev-master/202311060140/runtime/33fa670/runTime/lib/libpython3.10.so.1.0,-DBUILD_WITH_PYTHON_3=ON,-DBUILD_WITH_PYTHON_3_VERSION=3.10,-DCMAKE_WANT_MATERIALX_BUILD=ON,-DCMAKE_PREFIX_PATH=/local/S/jenkins/workspace/shared/Artifactory/Linux/USD/13e6029 '--ctest-args=--parallel 16' --stages=build --redirect-outstream-file=False --install-location /local/S/jenkins/workspace/ECP/ecg-maya-hydra/ecg-maya-hydra-branch-preflight-python3-linux/install/RelWithDebInfo/MayaHydra /local/S/jenkins/workspace/ECP/ecg-maya-hydra/ecg-maya-hydra-branch-preflight-python3-linux
[2023-11-14T09:50:52.566Z] Modified environment variables:
[2023-11-14T09:50:52.566Z]     LD_LIBRARY_PATH=/opt/rh/gcc-toolset-11/root/usr/lib64:/opt/rh/gcc-toolset-11/root/usr/lib64:/opt/rh/gcc-toolset-11/root/usr/lib:/opt/rh/gcc-toolset-11/root/usr/lib64/dyninst:/opt/rh/gcc-toolset-11/root/usr/lib/dyninst
[2023-11-14T09:50:52.566Z]     PATH=/local/S/jenkins/workspace/shared/Artifactory/Linux/cmake/3.20.3/ab685d7/bin:/opt/rh/gcc-toolset-11/root/usr/bin:/home/administrator/.local/bin:/home/administrator/bin:/usr/share/Modules/bin:/usr/local/bin:/usr/local/sbin:/usr/bin:/usr/sbin
[2023-11-14T09:50:53.120Z]     [1/100] Building CXX object lib/mayaHydra/mayaPlugin/CMakeFiles/mayaHydra.dir/colorNotFoundException.cpp.o
[2023-11-14T09:50:53.120Z]     [2/100] Building CXX object lib/mayaHydra/mayaPlugin/CMakeFiles/mayaHydra.dir/tokens.cpp.o
[2023-11-14T09:50:53.690Z]     [3/100] Building CXX object lib/mayaHydra/mayaPlugin/CMakeFiles/mayaHydra.dir/pluginDebugCodes.cpp.o
[2023-11-14T09:50:53.690Z]     [4/100] Building CXX object test/lib/mayaUsd/render/mayaToHydra/cpp/CMakeFiles/mayaHydraCppTests.dir/mayaHydraCppTestsCmd.cpp.o
[2023-11-14T09:50:53.690Z]     [5/100] Building CXX object test/lib/mayaUsd/render/mayaToHydra/cpp/CMakeFiles/mayaHydraCppTests.dir/testCppFramework.cpp.o
[2023-11-14T09:50:54.227Z]     [6/100] Building CXX object lib/mayaHydra/mayaPlugin/CMakeFiles/mayaHydra.dir/mayaColorPreferencesTranslator.cpp.o
[2023-11-14T09:50:54.227Z]     [7/100] Building CXX object lib/mayaHydra/hydraExtensions/CMakeFiles/mayaHydraLib.dir/debugCodes.cpp.o
[2023-11-14T09:50:55.357Z]     [8/100] Building CXX object test/lib/mayaUsd/render/mayaToHydra/cpp/CMakeFiles/mayaHydraCppTests.dir/testColorPreferences.cpp.o
[2023-11-14T09:50:55.906Z]     [9/100] Building CXX object lib/mayaHydra/hydraExtensions/CMakeFiles/mayaHydraLib.dir/mayaUtils.cpp.o
[2023-11-14T09:50:56.445Z]     [10/100] Building CXX object test/lib/mayaUsd/render/mayaToHydra/cpp/CMakeFiles/mayaHydraCppTests.dir/testUtils.cpp.o
[2023-11-14T09:50:56.445Z]     [11/100] Building CXX object test/lib/mayaUsd/render/mayaToHydra/cpp/CMakeFiles/mayaHydraCppTests.dir/testMayaUsdUfeItems.cpp.o
[2023-11-14T09:50:56.992Z]     [12/100] Building CXX object test/lib/mayaUsd/render/mayaToHydra/cpp/CMakeFiles/mayaHydraCppTests.dir/testMayaSceneFlattening.cpp.o
[2023-11-14T09:50:56.992Z]     [13/100] Building CXX object lib/mayaHydra/hydraExtensions/CMakeFiles/mayaHydraLib.dir/interfaceImp.cpp.o
[2023-11-14T09:50:57.545Z]     [14/100] Building CXX object lib/mayaHydra/hydraExtensions/CMakeFiles/mayaHydraLib.dir/adapters/adapterDebugCodes.cpp.o
[2023-11-14T09:50:58.086Z]     [15/100] Building CXX object test/lib/mayaUsd/render/mayaToHydra/cpp/CMakeFiles/mayaHydraCppTests.dir/testSelectionSceneIndex.cpp.o
[2023-11-14T09:50:58.086Z]     [16/100] Building CXX object lib/mayaHydra/mayaPlugin/CMakeFiles/mayaHydra.dir/pluginUtils.cpp.o
[2023-11-14T09:50:58.086Z]     [17/100] Building CXX object lib/mayaHydra/hydraExtensions/CMakeFiles/mayaHydraLib.dir/hydraUtils.cpp.o
[2023-11-14T09:50:58.645Z]     [18/100] Building CXX object lib/mayaHydra/hydraExtensions/CMakeFiles/mayaHydraLib.dir/mixedUtils.cpp.o
[2023-11-14T09:50:58.645Z]     [19/100] Building CXX object test/lib/mayaUsd/render/mayaToHydra/cpp/CMakeFiles/mayaHydraCppTests.dir/testWireframeSelectionHighlightSceneIndex.cpp.o
[2023-11-14T09:50:59.189Z]     [20/100] Building CXX object lib/mayaHydra/mayaPlugin/CMakeFiles/mayaHydra.dir/plugin.cpp.o
[2023-11-14T09:50:59.726Z]     [21/100] Building CXX object lib/mayaHydra/mayaPlugin/CMakeFiles/mayaHydra.dir/viewCommand.cpp.o
[2023-11-14T09:50:59.726Z]     /home/S/jenkins/workspace/ECP/ecg-maya-hydra/ecg-maya-hydra-branch-preflight-python3-linux/ecg-maya-hydra/maya-hydra/lib/mayaHydra/mayaPlugin/viewCommand.cpp:33:50: note: ‘#pragma message: MAYAHYDRA_CUT_ID is not defined’
[2023-11-14T09:50:59.726Z]        33 | #pragma message("MAYAHYDRA_CUT_ID is not defined")
[2023-11-14T09:50:59.726Z]           |                                                  ^
[2023-11-14T09:51:00.276Z]     [22/100] Building CXX object lib/mayaHydra/hydraExtensions/CMakeFiles/mayaHydraLib.dir/adapters/adapterRegistry.cpp.o
[2023-11-14T09:51:00.276Z]     [23/100] Building CXX object lib/mayaHydra/hydraExtensions/CMakeFiles/mayaHydraLib.dir/adapters/mayaAttrs.cpp.o
[2023-11-14T09:51:01.452Z]     [24/100] Building CXX object test/lib/mayaUsd/render/mayaToHydra/cpp/CMakeFiles/mayaHydraCppTests.dir/testMergingSceneIndex.cpp.o
[2023-11-14T09:51:02.614Z]     [25/100] Building CXX object lib/mayaHydra/hydraExtensions/CMakeFiles/mayaHydraLib.dir/adapters/adapter.cpp.o
[2023-11-14T09:51:03.254Z]     [26/100] Building CXX object lib/mayaHydra/hydraExtensions/CMakeFiles/mayaHydraLib.dir/adapters/areaLightAdapter.cpp.o
[2023-11-14T09:51:03.808Z]     [27/100] Building CXX object lib/mayaHydra/mayaPlugin/CMakeFiles/mayaHydra.dir/renderOverride.cpp.o
[2023-11-14T09:51:04.357Z]     [28/100] Building CXX object lib/mayaHydra/hydraExtensions/CMakeFiles/mayaHydraLib.dir/adapters/cameraAdapter.cpp.o
[2023-11-14T09:51:04.357Z]     [29/100] Building CXX object lib/mayaHydra/hydraExtensions/CMakeFiles/mayaHydraLib.dir/mayaHydraSceneProducer.cpp.o
[2023-11-14T09:51:04.357Z]     [30/100] Building CXX object lib/mayaHydra/hydraExtensions/CMakeFiles/mayaHydraLib.dir/adapters/aiSkydomeLightAdapter.cpp.o
[2023-11-14T09:51:04.357Z]     [31/100] Building CXX object lib/mayaHydra/mayaPlugin/CMakeFiles/mayaHydra.dir/renderGlobals.cpp.o
[2023-11-14T09:51:04.357Z]     [32/100] Building CXX object lib/mayaHydra/hydraExtensions/CMakeFiles/mayaHydraLib.dir/adapters/directionalLightAdapter.cpp.o
[2023-11-14T09:51:04.905Z]     [33/100] Building CXX object lib/mayaHydra/hydraExtensions/CMakeFiles/mayaHydraLib.dir/adapters/dagAdapter.cpp.o
[2023-11-14T09:51:04.905Z]     [34/100] Building CXX object lib/mayaHydra/hydraExtensions/CMakeFiles/mayaHydraLib.dir/adapters/tokens.cpp.o
[2023-11-14T09:51:05.466Z]     [35/100] Building CXX object lib/mayaHydra/hydraExtensions/CMakeFiles/mayaHydraLib.dir/delegates/delegateDebugCodes.cpp.o
[2023-11-14T09:51:05.466Z]     [36/100] Building CXX object lib/mayaHydra/hydraExtensions/CMakeFiles/mayaHydraLib.dir/adapters/lightAdapter.cpp.o
[2023-11-14T09:51:06.599Z]     [37/100] Building CXX object lib/mayaHydra/hydraExtensions/CMakeFiles/mayaHydraLib.dir/adapters/renderItemAdapter.cpp.o
[2023-11-14T09:51:07.137Z]     [38/100] Building CXX object lib/mayaHydra/hydraExtensions/CMakeFiles/mayaHydraLib.dir/adapters/materialAdapter.cpp.o
[2023-11-14T09:51:07.686Z]     [39/100] Building CXX object lib/mayaHydra/hydraExtensions/CMakeFiles/mayaHydraLib.dir/adapters/nurbsCurveAdapter.cpp.o
[2023-11-14T09:51:07.686Z]     [40/100] Building CXX object lib/mayaHydra/hydraExtensions/CMakeFiles/mayaHydraLib.dir/adapters/pointLightAdapter.cpp.o
[2023-11-14T09:51:08.238Z]     [41/100] Building CXX object lib/mayaHydra/hydraExtensions/CMakeFiles/mayaHydraLib.dir/adapters/shapeAdapter.cpp.o
[2023-11-14T09:51:08.238Z]     [42/100] Building CXX object lib/mayaHydra/hydraExtensions/CMakeFiles/mayaHydraLib.dir/adapters/meshAdapter.cpp.o
[2023-11-14T09:51:09.091Z]     [43/100] Building CXX object lib/mayaHydra/hydraExtensions/CMakeFiles/mayaHydraLib.dir/delegates/delegate.cpp.o
[2023-11-14T09:51:09.670Z]     [44/100] Building CXX object lib/mayaHydra/hydraExtensions/CMakeFiles/mayaHydraLib.dir/adapters/materialNetworkConverter.cpp.o
[2023-11-14T09:51:09.670Z]     [45/100] Building CXX object lib/mayaHydra/hydraExtensions/CMakeFiles/mayaHydraLib.dir/adapters/spotLightAdapter.cpp.o
[2023-11-14T09:51:10.246Z]     [46/100] Building CXX object lib/mayaHydra/hydraExtensions/CMakeFiles/mayaHydraLib.dir/delegates/delegateCtx.cpp.o
[2023-11-14T09:51:10.246Z]     [47/100] Building CXX object lib/mayaHydra/hydraExtensions/CMakeFiles/mayaHydraLib.dir/delegates/delegateRegistry.cpp.o
[2023-11-14T09:51:10.246Z]     [48/100] Building CXX object lib/flowViewport/CMakeFiles/flowViewport.dir/global.cpp.o
[2023-11-14T09:51:10.794Z]     [49/100] Building CXX object lib/flowViewport/CMakeFiles/flowViewport.dir/debugCodes.cpp.o
[2023-11-14T09:51:10.794Z]     [50/100] Building CXX object lib/flowViewport/CMakeFiles/flowViewport.dir/tokens.cpp.o
[2023-11-14T09:51:10.794Z]     [51/100] Building CXX object lib/mayaHydra/ufeExtensions/CMakeFiles/ufeExtensions.dir/Global.cpp.o
[2023-11-14T09:51:10.794Z]     [52/100] Building CXX object lib/mayaHydra/hydraExtensions/CMakeFiles/mayaHydraLib.dir/sceneIndex/registration.cpp.o
[2023-11-14T09:51:10.794Z]     [53/100] Building CXX object lib/flowViewport/CMakeFiles/flowViewport.dir/colorPreferences/fvpColorChanged.cpp.o
[2023-11-14T09:51:10.794Z]     [54/100] Linking CXX shared library lib/mayaHydra/ufeExtensions/libufeExtensions.so
[2023-11-14T09:51:10.794Z]     [55/100] Building CXX object lib/flowViewport/CMakeFiles/flowViewport.dir/sceneIndex/fvpPathInterface.cpp.o
[2023-11-14T09:51:11.344Z]     [56/100] Building CXX object lib/flowViewport/CMakeFiles/flowViewport.dir/colorPreferences/fvpColorPreferencesTokens.cpp.o
[2023-11-14T09:51:11.344Z]     [57/100] Building CXX object lib/flowViewport/CMakeFiles/flowViewport.dir/colorPreferences/fvpColorPreferences.cpp.o
[2023-11-14T09:51:11.344Z]     [58/100] Building CXX object lib/flowViewport/CMakeFiles/flowViewport.dir/sceneIndex/fvpSelectionInterface.cpp.o
[2023-11-14T09:51:13.143Z]     [59/100] Building CXX object lib/mayaHydra/hydraExtensions/CMakeFiles/mayaHydraLib.dir/sceneIndex/mayaHydraPrimvarDataSource.cpp.o
[2023-11-14T09:51:13.690Z]     [60/100] Building CXX object lib/flowViewport/CMakeFiles/flowViewport.dir/sceneIndex/fvpPathInterfaceSceneIndex.cpp.o
[2023-11-14T09:51:13.690Z]     [61/100] Building CXX object lib/flowViewport/CMakeFiles/flowViewport.dir/API/interfacesImp/fvpVersionInterfaceImp.cpp.o
[2023-11-14T09:51:13.690Z]     [62/100] Building CXX object lib/flowViewport/CMakeFiles/flowViewport.dir/sceneIndex/fvpMergingSceneIndex.cpp.o
[2023-11-14T09:51:13.690Z]     [63/100] Building CXX object lib/flowViewport/CMakeFiles/flowViewport.dir/sceneIndex/fvpPassThroughSelectionInterfaceSceneIndex.cpp.o
[2023-11-14T09:51:13.690Z]     [64/100] Building CXX object lib/flowViewport/CMakeFiles/flowViewport.dir/sceneIndex/fvpRenderIndexProxy.cpp.o
[2023-11-14T09:51:13.690Z]     [65/100] Building CXX object lib/mayaHydra/hydraExtensions/CMakeFiles/mayaHydraLib.dir/sceneIndex/mayaHydraLightDataSource.cpp.o
[2023-11-14T09:51:14.228Z]     [66/100] Building CXX object lib/mayaHydra/hydraExtensions/CMakeFiles/mayaHydraLib.dir/sceneIndex/mayaHydraCameraDataSource.cpp.o
[2023-11-14T09:51:14.228Z]     [67/100] Building CXX object lib/flowViewport/CMakeFiles/flowViewport.dir/API/interfacesImp/fvpSelectionInterfaceImp.cpp.o
[2023-11-14T09:51:14.228Z]     [68/100] Building CXX object lib/flowViewport/CMakeFiles/flowViewport.dir/API/samples/fvpSelectionClientExample.cpp.o
[2023-11-14T09:51:14.766Z]     [69/100] Building CXX object lib/mayaHydra/hydraExtensions/CMakeFiles/mayaHydraLib.dir/sceneIndex/mayaHydraDisplayStyleDataSource.cpp.o
[2023-11-14T09:51:14.766Z]     [70/100] Building CXX object lib/mayaHydra/hydraExtensions/CMakeFiles/mayaHydraLib.dir/delegates/testDelegate.cpp.o
[2023-11-14T09:51:15.902Z]     [71/100] Building CXX object lib/flowViewport/CMakeFiles/flowViewport.dir/sceneIndex/fvpSelectionSceneIndex.cpp.o
[2023-11-14T09:51:15.902Z]     [72/100] Building CXX object lib/mayaHydra/hydraExtensions/CMakeFiles/mayaHydraLib.dir/sceneIndex/mayaHydraDefaultLightDataSource.cpp.o
[2023-11-14T09:51:15.902Z]     [73/100] Automatic MOC for target adskHydraSceneBrowser
[2023-11-14T09:51:15.902Z]     [74/100] Building CXX object lib/flowViewport/CMakeFiles/flowViewport.dir/sceneIndex/fvpWireframeSelectionHighlightSceneIndex.cpp.o
[2023-11-14T09:51:16.441Z]     [75/100] Building CXX object lib/mayaHydra/hydraExtensions/CMakeFiles/mayaHydraLib.dir/delegates/sceneDelegate.cpp.o
[2023-11-14T09:51:16.441Z]     [76/100] Building CXX object lib/mayaHydra/hydraExtensions/CMakeFiles/mayaHydraLib.dir/delegates/defaultLightDelegate.cpp.o
[2023-11-14T09:51:16.984Z]     [77/100] Building CXX object lib/mayaHydra/hydraExtensions/CMakeFiles/mayaHydraLib.dir/sceneIndex/mayaHydraDataSource.cpp.o
[2023-11-14T09:51:16.984Z]     [78/100] Building CXX object lib/mayaHydra/hydraExtensions/CMakeFiles/mayaHydraLib.dir/sceneIndex/mayaHydraSceneIndex.cpp.o
[2023-11-14T09:51:17.519Z]     [79/100] Building CXX object lib/flowViewport/CMakeFiles/flowViewport.dir/selection/fvpSelectionTracker.cpp.o
[2023-11-14T09:51:18.054Z]     [80/100] Building CXX object lib/flowViewport/CMakeFiles/flowViewport.dir/selection/fvpSelectionTask.cpp.o
[2023-11-14T09:51:18.054Z]     [81/100] Linking CXX shared library lib/flowViewport/libflowViewport.so
[2023-11-14T09:51:19.175Z]     [82/100] Building CXX object plugin/mayaHydraSceneBrowserTest/CMakeFiles/mayaHydraSceneBrowserTest.dir/mayaHydraSceneBrowserTestCmd.cpp.o
[2023-11-14T09:51:19.709Z]     [83/100] Linking CXX shared library lib/mayaHydra/hydraExtensions/libmayaHydraLib.so
[2023-11-14T09:51:19.709Z]     [84/100] Building CXX object lib/adskHydraSceneBrowser/lib/CMakeFiles/adskHydraSceneBrowser.dir/src/patch/registeredSceneIndexChooser.cpp.o
[2023-11-14T09:51:19.709Z]     [85/100] Linking CXX shared library test/lib/mayaUsd/render/mayaToHydra/cpp/mayaHydraCppTests.so
[2023-11-14T09:51:20.243Z]     [86/100] Linking CXX shared library lib/mayaHydra/mayaPlugin/mayaHydra.so
[2023-11-14T09:51:20.243Z]     [87/100] Building CXX object lib/adskHydraSceneBrowser/lib/CMakeFiles/adskHydraSceneBrowser.dir/src/patch/sceneIndexObserverLoggingWidget.cpp.o
[2023-11-14T09:51:20.777Z]     [88/100] Building CXX object plugin/mayaHydraSceneBrowser/CMakeFiles/mayaHydraSceneBrowser.dir/mayaHydraSceneBrowser.cpp.o
[2023-11-14T09:51:21.311Z]     [89/100] Building CXX object lib/adskHydraSceneBrowser/lib/CMakeFiles/adskHydraSceneBrowser.dir/adskHydraSceneBrowser_autogen/mocs_compilation.cpp.o
[2023-11-14T09:51:21.312Z]     [90/100] Building CXX object lib/adskHydraSceneBrowser/lib/CMakeFiles/adskHydraSceneBrowser.dir/src/patch/sceneIndexObserverLoggingTreeView.cpp.o
[2023-11-14T09:51:21.312Z]     [91/100] Building CXX object lib/adskHydraSceneBrowser/lib/CMakeFiles/adskHydraSceneBrowser.dir/src/patch/sceneIndexDebuggerWidget.cpp.o
[2023-11-14T09:51:21.312Z]     [92/100] Building CXX object lib/adskHydraSceneBrowser/test/CMakeFiles/adskHydraSceneBrowserTesting.dir/adskHydraSceneBrowserTesting.cpp.o
[2023-11-14T09:51:22.132Z]     [93/100] Building CXX object lib/adskHydraSceneBrowser/lib/CMakeFiles/adskHydraSceneBrowser.dir/src/patch/sceneIndexTreeWidget.cpp.o
[2023-11-14T09:51:22.132Z]     [94/100] Building CXX object lib/adskHydraSceneBrowser/lib/CMakeFiles/adskHydraSceneBrowser.dir/src/patch/dataSourceValueTreeView.cpp.o
[2023-11-14T09:51:22.132Z]     [95/100] Building CXX object lib/adskHydraSceneBrowser/lib/CMakeFiles/adskHydraSceneBrowser.dir/src/patch/dataSourceTreeWidget.cpp.o
[2023-11-14T09:51:22.666Z]     [96/100] Linking CXX shared library lib/adskHydraSceneBrowser/lib/libadskHydraSceneBrowser.so
[2023-11-14T09:51:23.200Z]     [97/100] Linking CXX shared library plugin/mayaHydraSceneBrowser/mayaHydraSceneBrowser.so
[2023-11-14T09:51:27.388Z]     [98/100] Building CXX object lib/adskHydraSceneBrowser/test/CMakeFiles/adskHydraSceneBrowserTesting.dir/adskHydraSceneBrowserTestFixture.cpp.o
[2023-11-14T09:51:27.388Z]     [99/100] Linking CXX shared library lib/adskHydraSceneBrowser/test/libadskHydraSceneBrowserTesting.so
[2023-11-14T09:51:27.601Z]     [100/100] Linking CXX shared library plugin/mayaHydraSceneBrowserTest/mayaHydraSceneBrowserTest.so
[2023-11-14T09:51:27.601Z]     
[2023-11-14T09:51:27.601Z]         Building with settings:
[2023-11-14T09:51:27.601Z]           Source directory          /home/S/jenkins/workspace/ECP/ecg-maya-hydra/ecg-maya-hydra-branch-preflight-python3-linux/ecg-maya-hydra/maya-hydra
[2023-11-14T09:51:27.601Z]           Workspace directory       /local/S/jenkins/workspace/ECP/ecg-maya-hydra/ecg-maya-hydra-branch-preflight-python3-linux
[2023-11-14T09:51:27.601Z]           Build directory           /local/S/jenkins/workspace/ECP/ecg-maya-hydra/ecg-maya-hydra-branch-preflight-python3-linux/build/RelWithDebInfo
[2023-11-14T09:51:27.601Z]           Install directory         /local/S/jenkins/workspace/ECP/ecg-maya-hydra/ecg-maya-hydra-branch-preflight-python3-linux/install/RelWithDebInfo/MayaHydra
[2023-11-14T09:51:27.601Z]           Variant                   RelWithDebInfo
[2023-11-14T09:51:27.601Z]           Python Debug              Off
[2023-11-14T09:51:27.601Z]           CMake generator           Ninja
[2023-11-14T09:51:27.601Z]           Build arguments           ['-DCMAKE_MAKE_PROGRAM=/local/S/jenkins/workspace/shared/Artifactory/Linux/ninja/1.10.2/9ab399b/ninja', '-DPYTHON_INCLUDE_DIR=/local/S/jenkins/workspace/shared/Artifactory/Linux/rundev-master/202311060140/runtime/33fa670/runTime/include/Python310/Python', '-DPython_EXECUTABLE=/local/S/jenkins/workspace/shared/Artifactory/Linux/rundev-master/202311060140/runtime/33fa670/runTime/bin/mayapy', '-DPYTHON_LIBRARIES=/local/S/jenkins/workspace/shared/Artifactory/Linux/rundev-master/202311060140/runtime/33fa670/runTime/lib/libpython3.10.so.1.0', '-DBUILD_WITH_PYTHON_3=ON', '-DBUILD_WITH_PYTHON_3_VERSION=3.10', '-DCMAKE_WANT_MATERIALX_BUILD=ON', '-DCMAKE_PREFIX_PATH=/local/S/jenkins/workspace/shared/Artifactory/Linux/USD/13e6029']
[2023-11-14T09:51:27.601Z]           Stages arguments          ['build']
[2023-11-14T09:51:27.601Z]           CTest arguments           ['--parallel 16']
[2023-11-14T09:51:27.601Z]     Success MayaHydra build and install !!!!
[2023-11-14T09:51:27.601Z]     Elapsed time: 00:00:35
[Pipeline] }
[Pipeline] // withEnv
[Pipeline] }
[Pipeline] // timeout
[Pipeline] }
[Pipeline] // stage
[Pipeline] }
[Pipeline] // timestamps
[Pipeline] timestamps
[Pipeline] {
[Pipeline] stage
[Pipeline] { (Install)
[Pipeline] timeout
[2023-11-14T09:51:27.738Z] Timeout set to expire in 6 hr 0 min
[Pipeline] {
[Pipeline] withEnv
[Pipeline] {
[Pipeline] sh
[2023-11-14T09:51:29.104Z] + scl enable gcc-toolset-11 -
[2023-11-14T09:51:29.104Z] + '[' enable = load -o enable = unload ']'
[2023-11-14T09:51:29.104Z] + /usr/bin/scl enable gcc-toolset-11 -
[2023-11-14T09:51:29.105Z] python ecg-maya-hydra/build.py --stages=install --workspace-dir=/local/S/jenkins/workspace/ECP/ecg-maya-hydra/ecg-maya-hydra-branch-preflight-python3-linux --artifactory-dir=/local/S/jenkins/workspace/shared/Artifactory --build-dir=/local/S/jenkins/workspace/ECP/ecg-maya-hydra/ecg-maya-hydra-branch-preflight-python3-linux/build --install-dir=/local/S/jenkins/workspace/ECP/ecg-maya-hydra/ecg-maya-hydra-branch-preflight-python3-linux/install --signing-dir=/local/S/jenkins/workspace/ECP/ecg-maya-hydra/ecg-maya-hydra-branch-preflight-python3-linux/signing --package-dir=/local/S/jenkins/workspace/ECP/ecg-maya-hydra/ecg-maya-hydra-branch-preflight-python3-linux/package --output-dir=/local/S/jenkins/workspace/ECP/ecg-maya-hydra/ecg-maya-hydra-branch-preflight-python3-linux/output --stash-dir=/local/S/jenkins/workspace/ECP/ecg-maya-hydra/ecg-maya-hydra-branch-preflight-python3-linux/stash --jenkins-build=390 --git-commit=ccc5b63e3f62de6f3a58f8d35940367a98e66aa4 --git-branch=master --variants=Debug --interactive-tests=true --post-zips=false --osx-binary-architecture-target=ub2 --osx-deployment-target=11.0 --osx-base-sdk=CurrentActiveSDK --maya-cut-config=maya-rundev-master-debug.yaml --maya-package=rundev-master-debug --stage-banner
[2023-11-14T09:51:29.105Z] Using Maya cut from /local/S/jenkins/workspace/shared/Artifactory/Linux/rundev-master-debug/202310260154/runtime/7d60df0
[2023-11-14T09:51:29.105Z] 
[2023-11-14T09:51:29.105Z] ================================================================================
[2023-11-14T09:51:29.105Z]                                 install (Debug)
[2023-11-14T09:51:29.105Z] ================================================================================
[2023-11-14T09:51:29.105Z] Maya Python Debug Info:
[2023-11-14T09:51:29.105Z]   mayapy executable   = /local/S/jenkins/workspace/shared/Artifactory/Linux/rundev-master-debug/202310260154/runtime/7d60df0/runTime/bin/mayapy
[2023-11-14T09:51:29.105Z]   Include Folder      = /local/S/jenkins/workspace/shared/Artifactory/Linux/rundev-master-debug/202310260154/runtime/7d60df0/runTime/include/Python310/Python
[2023-11-14T09:51:29.105Z]   Library             = /local/S/jenkins/workspace/shared/Artifactory/Linux/rundev-master-debug/202310260154/runtime/7d60df0/runTime/lib/libpython3.10d.so.1.0
[2023-11-14T09:51:29.105Z]   site-package Folder = /local/S/jenkins/workspace/shared/Artifactory/Linux/rundev-master-debug/202310260154/runtime/7d60df0/runTime/lib/python3.10/site-packages
[2023-11-14T09:51:30.222Z] In workdir: /home/S/jenkins/workspace/ECP/ecg-maya-hydra/ecg-maya-hydra-branch-preflight-python3-linux/ecg-maya-hydra/maya-hydra
[2023-11-14T09:51:30.222Z] Executing: /local/S/jenkins/workspace/shared/Artifactory/Linux/rundev-master-debug/202310260154/runtime/7d60df0/runTime/bin/mayapy /home/S/jenkins/workspace/ECP/ecg-maya-hydra/ecg-maya-hydra-branch-preflight-python3-linux/ecg-maya-hydra/maya-hydra/build.py --generator Ninja --build-debug --maya-location /local/S/jenkins/workspace/shared/Artifactory/Linux/rundev-master-debug/202310260154/runtime/7d60df0/runTime --devkit-location /local/S/jenkins/workspace/shared/Artifactory/Linux/rundev-master-debug/202310260154/runtime/7d60df0/devkitBase --pxrusd-location /local/S/jenkins/workspace/shared/Artifactory/Linux/USD/8e4fe45 --build-args=-DCMAKE_MAKE_PROGRAM=/local/S/jenkins/workspace/shared/Artifactory/Linux/ninja/1.10.2/9ab399b/ninja,-DPYTHON_INCLUDE_DIR=/local/S/jenkins/workspace/shared/Artifactory/Linux/rundev-master-debug/202310260154/runtime/7d60df0/runTime/include/Python310/Python,-DPython_EXECUTABLE=/local/S/jenkins/workspace/shared/Artifactory/Linux/rundev-master-debug/202310260154/runtime/7d60df0/runTime/bin/mayapy,-DPYTHON_LIBRARIES=/local/S/jenkins/workspace/shared/Artifactory/Linux/rundev-master-debug/202310260154/runtime/7d60df0/runTime/lib/libpython3.10d.so.1.0,-DBUILD_WITH_PYTHON_3=ON,-DBUILD_WITH_PYTHON_3_VERSION=3.10,-DCMAKE_WANT_MATERIALX_BUILD=ON,-DCMAKE_PREFIX_PATH=/local/S/jenkins/workspace/shared/Artifactory/Linux/USD/8e4fe45 --debug-python '--ctest-args=--parallel 16' --stages=install --redirect-outstream-file=False --install-location /local/S/jenkins/workspace/ECP/ecg-maya-hydra/ecg-maya-hydra-branch-preflight-python3-linux/install/Debug/MayaHydra /local/S/jenkins/workspace/ECP/ecg-maya-hydra/ecg-maya-hydra-branch-preflight-python3-linux
[2023-11-14T09:51:30.222Z] Modified environment variables:
[2023-11-14T09:51:30.222Z]     LD_LIBRARY_PATH=/opt/rh/gcc-toolset-11/root/usr/lib64:/opt/rh/gcc-toolset-11/root/usr/lib64:/opt/rh/gcc-toolset-11/root/usr/lib:/opt/rh/gcc-toolset-11/root/usr/lib64/dyninst:/opt/rh/gcc-toolset-11/root/usr/lib/dyninst
[2023-11-14T09:51:30.222Z]     PATH=/local/S/jenkins/workspace/shared/Artifactory/Linux/cmake/3.20.3/ab685d7/bin:/opt/rh/gcc-toolset-11/root/usr/bin:/home/administrator/.local/bin:/home/administrator/bin:/usr/share/Modules/bin:/usr/local/bin:/usr/local/sbin:/usr/bin:/usr/sbin
[2023-11-14T09:51:30.222Z]     [0/1] Install the project...
[2023-11-14T09:51:30.222Z]     -- Install configuration: "Debug"
[2023-11-14T09:51:30.222Z]     -- Set runtime path of "/local/S/jenkins/workspace/ECP/ecg-maya-hydra/ecg-maya-hydra-branch-preflight-python3-linux/install/Debug/MayaHydra/lib/maya/mayaHydraCppTests.so" to "$ORIGIN/../gtest:/local/S/jenkins/workspace/shared/Artifactory/Linux/USD/8e4fe45/lib:/local/S/jenkins/workspace/shared/Artifactory/Linux/rundev-master-debug/202310260154/runtime/7d60df0/devkitBase/devkit/ufe/lib:/local/S/jenkins/workspace/shared/Artifactory/Linux/rundev-master-debug/202310260154/runtime/7d60df0/runTime/lib"
[2023-11-14T09:51:30.222Z]     -- Set runtime path of "/local/S/jenkins/workspace/ECP/ecg-maya-hydra/ecg-maya-hydra-branch-preflight-python3-linux/install/Debug/MayaHydra/lib/maya/mayaHydra.so" to "$ORIGIN/../../../../../../../../../../../../home/S/jenkins/workspace/shared/Artifactory/Linux/USD/8e4fe45/lib:$ORIGIN/..:/local/S/jenkins/workspace/shared/Artifactory/Linux/rundev-master-debug/202310260154/runtime/7d60df0/devkitBase/devkit/ufe/lib:/local/S/jenkins/workspace/shared/Artifactory/Linux/USD/8e4fe45/lib:/local/S/jenkins/workspace/shared/Artifactory/Linux/rundev-master-debug/202310260154/runtime/7d60df0/runTime/lib"
[2023-11-14T09:51:30.222Z]     -- Set runtime path of "/local/S/jenkins/workspace/ECP/ecg-maya-hydra/ecg-maya-hydra-branch-preflight-python3-linux/install/Debug/MayaHydra/lib/libmayaHydraLib.so" to ""
[2023-11-14T09:51:30.223Z]     -- Set runtime path of "/local/S/jenkins/workspace/ECP/ecg-maya-hydra/ecg-maya-hydra-branch-preflight-python3-linux/install/Debug/MayaHydra/lib/libufeExtensions.so" to ""
[2023-11-14T09:51:30.223Z]     -- Set runtime path of "/local/S/jenkins/workspace/ECP/ecg-maya-hydra/ecg-maya-hydra-branch-preflight-python3-linux/install/Debug/MayaHydra/lib/libflowViewport.so" to ""
[2023-11-14T09:51:30.223Z]     -- Set runtime path of "/local/S/jenkins/workspace/ECP/ecg-maya-hydra/ecg-maya-hydra-branch-preflight-python3-linux/install/Debug/MayaHydra/lib/libadskHydraSceneBrowser.so" to ""
[2023-11-14T09:51:30.223Z]     -- Set runtime path of "/local/S/jenkins/workspace/ECP/ecg-maya-hydra/ecg-maya-hydra-branch-preflight-python3-linux/install/Debug/MayaHydra/lib/libadskHydraSceneBrowserTesting.so" to "$ORIGIN/gtest:/local/S/jenkins/workspace/shared/Artifactory/Linux/USD/8e4fe45/lib:/local/S/jenkins/workspace/shared/Artifactory/Linux/rundev-master-debug/202310260154/runtime/7d60df0/devkitBase/Qt/lib"
[2023-11-14T09:51:30.223Z]     -- Set runtime path of "/local/S/jenkins/workspace/ECP/ecg-maya-hydra/ecg-maya-hydra-branch-preflight-python3-linux/install/Debug/MayaHydra/lib/maya/mayaHydraSceneBrowser.so" to "$ORIGIN/..:/local/S/jenkins/workspace/shared/Artifactory/Linux/USD/8e4fe45/lib:/local/S/jenkins/workspace/shared/Artifactory/Linux/rundev-master-debug/202310260154/runtime/7d60df0/devkitBase/devkit/ufe/lib:/local/S/jenkins/workspace/shared/Artifactory/Linux/rundev-master-debug/202310260154/runtime/7d60df0/devkitBase/Qt/lib:/local/S/jenkins/workspace/shared/Artifactory/Linux/rundev-master-debug/202310260154/runtime/7d60df0/runTime/lib"
[2023-11-14T09:51:30.223Z]     -- Set runtime path of "/local/S/jenkins/workspace/ECP/ecg-maya-hydra/ecg-maya-hydra-branch-preflight-python3-linux/install/Debug/MayaHydra/lib/maya/mayaHydraSceneBrowserTest.so" to "$ORIGIN/..:$ORIGIN/../gtest:/local/S/jenkins/workspace/shared/Artifactory/Linux/USD/8e4fe45/lib:/local/S/jenkins/workspace/shared/Artifactory/Linux/rundev-master-debug/202310260154/runtime/7d60df0/devkitBase/Qt/lib:/local/S/jenkins/workspace/shared/Artifactory/Linux/rundev-master-debug/202310260154/runtime/7d60df0/devkitBase/devkit/ufe/lib:/local/S/jenkins/workspace/shared/Artifactory/Linux/rundev-master-debug/202310260154/runtime/7d60df0/runTime/lib"
[2023-11-14T09:51:30.223Z]     
[2023-11-14T09:51:30.223Z]         Building with settings:
[2023-11-14T09:51:30.223Z]           Source directory          /home/S/jenkins/workspace/ECP/ecg-maya-hydra/ecg-maya-hydra-branch-preflight-python3-linux/ecg-maya-hydra/maya-hydra
[2023-11-14T09:51:30.223Z]           Workspace directory       /local/S/jenkins/workspace/ECP/ecg-maya-hydra/ecg-maya-hydra-branch-preflight-python3-linux
[2023-11-14T09:51:30.223Z]           Build directory           /local/S/jenkins/workspace/ECP/ecg-maya-hydra/ecg-maya-hydra-branch-preflight-python3-linux/build/Debug
[2023-11-14T09:51:30.223Z]           Install directory         /local/S/jenkins/workspace/ECP/ecg-maya-hydra/ecg-maya-hydra-branch-preflight-python3-linux/install/Debug/MayaHydra
[2023-11-14T09:51:30.223Z]           Variant                   Debug
[2023-11-14T09:51:30.223Z]           Python Debug              On
[2023-11-14T09:51:30.223Z]           CMake generator           Ninja
[2023-11-14T09:51:30.223Z]           Build arguments           ['-DCMAKE_MAKE_PROGRAM=/local/S/jenkins/workspace/shared/Artifactory/Linux/ninja/1.10.2/9ab399b/ninja', '-DPYTHON_INCLUDE_DIR=/local/S/jenkins/workspace/shared/Artifactory/Linux/rundev-master-debug/202310260154/runtime/7d60df0/runTime/include/Python310/Python', '-DPython_EXECUTABLE=/local/S/jenkins/workspace/shared/Artifactory/Linux/rundev-master-debug/202310260154/runtime/7d60df0/runTime/bin/mayapy', '-DPYTHON_LIBRARIES=/local/S/jenkins/workspace/shared/Artifactory/Linux/rundev-master-debug/202310260154/runtime/7d60df0/runTime/lib/libpython3.10d.so.1.0', '-DBUILD_WITH_PYTHON_3=ON', '-DBUILD_WITH_PYTHON_3_VERSION=3.10', '-DCMAKE_WANT_MATERIALX_BUILD=ON', '-DCMAKE_PREFIX_PATH=/local/S/jenkins/workspace/shared/Artifactory/Linux/USD/8e4fe45']
[2023-11-14T09:51:30.223Z]           Stages arguments          ['install']
[2023-11-14T09:51:30.223Z]           CTest arguments           ['--parallel 16']
[2023-11-14T09:51:30.223Z]     Success MayaHydra build and install !!!!
[2023-11-14T09:51:30.223Z]     Elapsed time: 00:00:00
[Pipeline] sh
[2023-11-14T09:51:31.795Z] + scl enable gcc-toolset-11 -
[2023-11-14T09:51:31.795Z] + '[' enable = load -o enable = unload ']'
[2023-11-14T09:51:31.795Z] + /usr/bin/scl enable gcc-toolset-11 -
[2023-11-14T09:51:31.795Z] python ecg-maya-hydra/build.py --stages=install --workspace-dir=/local/S/jenkins/workspace/ECP/ecg-maya-hydra/ecg-maya-hydra-branch-preflight-python3-linux --artifactory-dir=/local/S/jenkins/workspace/shared/Artifactory --build-dir=/local/S/jenkins/workspace/ECP/ecg-maya-hydra/ecg-maya-hydra-branch-preflight-python3-linux/build --install-dir=/local/S/jenkins/workspace/ECP/ecg-maya-hydra/ecg-maya-hydra-branch-preflight-python3-linux/install --signing-dir=/local/S/jenkins/workspace/ECP/ecg-maya-hydra/ecg-maya-hydra-branch-preflight-python3-linux/signing --package-dir=/local/S/jenkins/workspace/ECP/ecg-maya-hydra/ecg-maya-hydra-branch-preflight-python3-linux/package --output-dir=/local/S/jenkins/workspace/ECP/ecg-maya-hydra/ecg-maya-hydra-branch-preflight-python3-linux/output --stash-dir=/local/S/jenkins/workspace/ECP/ecg-maya-hydra/ecg-maya-hydra-branch-preflight-python3-linux/stash --jenkins-build=390 --git-commit=ccc5b63e3f62de6f3a58f8d35940367a98e66aa4 --git-branch=master --variants=RelWithDebInfo --interactive-tests=true --post-zips=false --osx-binary-architecture-target=ub2 --osx-deployment-target=11.0 --osx-base-sdk=CurrentActiveSDK --maya-cut-config=maya-rundev-master.yaml --maya-package=rundev-master --stage-banner
[2023-11-14T09:51:31.795Z] Using Maya cut from /local/S/jenkins/workspace/shared/Artifactory/Linux/rundev-master/202311060140/runtime/33fa670
[2023-11-14T09:51:31.795Z] 
[2023-11-14T09:51:31.795Z] ================================================================================
[2023-11-14T09:51:31.795Z]                             install (RelWithDebInfo)
[2023-11-14T09:51:31.795Z] ================================================================================
[2023-11-14T09:51:31.795Z] Maya Python RelWithDebInfo Info:
[2023-11-14T09:51:31.795Z]   mayapy executable   = /local/S/jenkins/workspace/shared/Artifactory/Linux/rundev-master/202311060140/runtime/33fa670/runTime/bin/mayapy
[2023-11-14T09:51:31.795Z]   Include Folder      = /local/S/jenkins/workspace/shared/Artifactory/Linux/rundev-master/202311060140/runtime/33fa670/runTime/include/Python310/Python
[2023-11-14T09:51:31.795Z]   Library             = /local/S/jenkins/workspace/shared/Artifactory/Linux/rundev-master/202311060140/runtime/33fa670/runTime/lib/libpython3.10.so.1.0
[2023-11-14T09:51:31.795Z]   site-package Folder = /local/S/jenkins/workspace/shared/Artifactory/Linux/rundev-master/202311060140/runtime/33fa670/runTime/lib/python3.10/site-packages
[2023-11-14T09:51:32.329Z] In workdir: /home/S/jenkins/workspace/ECP/ecg-maya-hydra/ecg-maya-hydra-branch-preflight-python3-linux/ecg-maya-hydra/maya-hydra
[2023-11-14T09:51:32.329Z] Executing: /local/S/jenkins/workspace/shared/Artifactory/Linux/rundev-master/202311060140/runtime/33fa670/runTime/bin/mayapy /home/S/jenkins/workspace/ECP/ecg-maya-hydra/ecg-maya-hydra-branch-preflight-python3-linux/ecg-maya-hydra/maya-hydra/build.py --generator Ninja --build-relwithdebug --maya-location /local/S/jenkins/workspace/shared/Artifactory/Linux/rundev-master/202311060140/runtime/33fa670/runTime --devkit-location /local/S/jenkins/workspace/shared/Artifactory/Linux/rundev-master/202311060140/runtime/33fa670/devkitBase --pxrusd-location /local/S/jenkins/workspace/shared/Artifactory/Linux/USD/13e6029 --build-args=-DCMAKE_MAKE_PROGRAM=/local/S/jenkins/workspace/shared/Artifactory/Linux/ninja/1.10.2/9ab399b/ninja,-DPYTHON_INCLUDE_DIR=/local/S/jenkins/workspace/shared/Artifactory/Linux/rundev-master/202311060140/runtime/33fa670/runTime/include/Python310/Python,-DPython_EXECUTABLE=/local/S/jenkins/workspace/shared/Artifactory/Linux/rundev-master/202311060140/runtime/33fa670/runTime/bin/mayapy,-DPYTHON_LIBRARIES=/local/S/jenkins/workspace/shared/Artifactory/Linux/rundev-master/202311060140/runtime/33fa670/runTime/lib/libpython3.10.so.1.0,-DBUILD_WITH_PYTHON_3=ON,-DBUILD_WITH_PYTHON_3_VERSION=3.10,-DCMAKE_WANT_MATERIALX_BUILD=ON,-DCMAKE_PREFIX_PATH=/local/S/jenkins/workspace/shared/Artifactory/Linux/USD/13e6029 '--ctest-args=--parallel 16' --stages=install --redirect-outstream-file=False --install-location /local/S/jenkins/workspace/ECP/ecg-maya-hydra/ecg-maya-hydra-branch-preflight-python3-linux/install/RelWithDebInfo/MayaHydra /local/S/jenkins/workspace/ECP/ecg-maya-hydra/ecg-maya-hydra-branch-preflight-python3-linux
[2023-11-14T09:51:32.329Z] Modified environment variables:
[2023-11-14T09:51:32.329Z]     LD_LIBRARY_PATH=/opt/rh/gcc-toolset-11/root/usr/lib64:/opt/rh/gcc-toolset-11/root/usr/lib64:/opt/rh/gcc-toolset-11/root/usr/lib:/opt/rh/gcc-toolset-11/root/usr/lib64/dyninst:/opt/rh/gcc-toolset-11/root/usr/lib/dyninst
[2023-11-14T09:51:32.329Z]     PATH=/local/S/jenkins/workspace/shared/Artifactory/Linux/cmake/3.20.3/ab685d7/bin:/opt/rh/gcc-toolset-11/root/usr/bin:/home/administrator/.local/bin:/home/administrator/bin:/usr/share/Modules/bin:/usr/local/bin:/usr/local/sbin:/usr/bin:/usr/sbin
[2023-11-14T09:51:32.329Z]     [0/1] Install the project...
[2023-11-14T09:51:32.329Z]     -- Install configuration: "RelWithDebInfo"
[2023-11-14T09:51:32.330Z]     -- Set runtime path of "/local/S/jenkins/workspace/ECP/ecg-maya-hydra/ecg-maya-hydra-branch-preflight-python3-linux/install/RelWithDebInfo/MayaHydra/lib/maya/mayaHydraCppTests.so" to "$ORIGIN/../gtest:/local/S/jenkins/workspace/shared/Artifactory/Linux/USD/13e6029/lib:/local/S/jenkins/workspace/shared/Artifactory/Linux/rundev-master/202311060140/runtime/33fa670/devkitBase/devkit/ufe/lib:/local/S/jenkins/workspace/shared/Artifactory/Linux/rundev-master/202311060140/runtime/33fa670/runTime/lib"
[2023-11-14T09:51:32.330Z]     -- Set runtime path of "/local/S/jenkins/workspace/ECP/ecg-maya-hydra/ecg-maya-hydra-branch-preflight-python3-linux/install/RelWithDebInfo/MayaHydra/lib/maya/mayaHydra.so" to "$ORIGIN/../../../../../../../../../../../../home/S/jenkins/workspace/shared/Artifactory/Linux/USD/13e6029/lib:$ORIGIN/..:/local/S/jenkins/workspace/shared/Artifactory/Linux/rundev-master/202311060140/runtime/33fa670/devkitBase/devkit/ufe/lib:/local/S/jenkins/workspace/shared/Artifactory/Linux/USD/13e6029/lib:/local/S/jenkins/workspace/shared/Artifactory/Linux/rundev-master/202311060140/runtime/33fa670/runTime/lib"
[2023-11-14T09:51:32.863Z]     -- Set runtime path of "/local/S/jenkins/workspace/ECP/ecg-maya-hydra/ecg-maya-hydra-branch-preflight-python3-linux/install/RelWithDebInfo/MayaHydra/lib/libmayaHydraLib.so" to ""
[2023-11-14T09:51:32.863Z]     -- Set runtime path of "/local/S/jenkins/workspace/ECP/ecg-maya-hydra/ecg-maya-hydra-branch-preflight-python3-linux/install/RelWithDebInfo/MayaHydra/lib/libufeExtensions.so" to ""
[2023-11-14T09:51:32.863Z]     -- Set runtime path of "/local/S/jenkins/workspace/ECP/ecg-maya-hydra/ecg-maya-hydra-branch-preflight-python3-linux/install/RelWithDebInfo/MayaHydra/lib/libflowViewport.so" to ""
[2023-11-14T09:51:32.863Z]     -- Set runtime path of "/local/S/jenkins/workspace/ECP/ecg-maya-hydra/ecg-maya-hydra-branch-preflight-python3-linux/install/RelWithDebInfo/MayaHydra/lib/libadskHydraSceneBrowser.so" to ""
[2023-11-14T09:51:32.863Z]     -- Set runtime path of "/local/S/jenkins/workspace/ECP/ecg-maya-hydra/ecg-maya-hydra-branch-preflight-python3-linux/install/RelWithDebInfo/MayaHydra/lib/libadskHydraSceneBrowserTesting.so" to "$ORIGIN/gtest:/local/S/jenkins/workspace/shared/Artifactory/Linux/USD/13e6029/lib:/local/S/jenkins/workspace/shared/Artifactory/Linux/rundev-master/202311060140/runtime/33fa670/devkitBase/Qt/lib"
[2023-11-14T09:51:32.863Z]     -- Set runtime path of "/local/S/jenkins/workspace/ECP/ecg-maya-hydra/ecg-maya-hydra-branch-preflight-python3-linux/install/RelWithDebInfo/MayaHydra/lib/maya/mayaHydraSceneBrowser.so" to "$ORIGIN/..:/local/S/jenkins/workspace/shared/Artifactory/Linux/USD/13e6029/lib:/local/S/jenkins/workspace/shared/Artifactory/Linux/rundev-master/202311060140/runtime/33fa670/devkitBase/devkit/ufe/lib:/local/S/jenkins/workspace/shared/Artifactory/Linux/rundev-master/202311060140/runtime/33fa670/devkitBase/Qt/lib:/local/S/jenkins/workspace/shared/Artifactory/Linux/rundev-master/202311060140/runtime/33fa670/runTime/lib"
[2023-11-14T09:51:32.863Z]     -- Set runtime path of "/local/S/jenkins/workspace/ECP/ecg-maya-hydra/ecg-maya-hydra-branch-preflight-python3-linux/install/RelWithDebInfo/MayaHydra/lib/maya/mayaHydraSceneBrowserTest.so" to "$ORIGIN/..:$ORIGIN/../gtest:/local/S/jenkins/workspace/shared/Artifactory/Linux/USD/13e6029/lib:/local/S/jenkins/workspace/shared/Artifactory/Linux/rundev-master/202311060140/runtime/33fa670/devkitBase/Qt/lib:/local/S/jenkins/workspace/shared/Artifactory/Linux/rundev-master/202311060140/runtime/33fa670/devkitBase/devkit/ufe/lib:/local/S/jenkins/workspace/shared/Artifactory/Linux/rundev-master/202311060140/runtime/33fa670/runTime/lib"
[2023-11-14T09:51:32.863Z]     
[2023-11-14T09:51:32.863Z]         Building with settings:
[2023-11-14T09:51:32.863Z]           Source directory          /home/S/jenkins/workspace/ECP/ecg-maya-hydra/ecg-maya-hydra-branch-preflight-python3-linux/ecg-maya-hydra/maya-hydra
[2023-11-14T09:51:32.863Z]           Workspace directory       /local/S/jenkins/workspace/ECP/ecg-maya-hydra/ecg-maya-hydra-branch-preflight-python3-linux
[2023-11-14T09:51:32.863Z]           Build directory           /local/S/jenkins/workspace/ECP/ecg-maya-hydra/ecg-maya-hydra-branch-preflight-python3-linux/build/RelWithDebInfo
[2023-11-14T09:51:32.863Z]           Install directory         /local/S/jenkins/workspace/ECP/ecg-maya-hydra/ecg-maya-hydra-branch-preflight-python3-linux/install/RelWithDebInfo/MayaHydra
[2023-11-14T09:51:32.863Z]           Variant                   RelWithDebInfo
[2023-11-14T09:51:32.863Z]           Python Debug              Off
[2023-11-14T09:51:32.863Z]           CMake generator           Ninja
[2023-11-14T09:51:32.863Z]           Build arguments           ['-DCMAKE_MAKE_PROGRAM=/local/S/jenkins/workspace/shared/Artifactory/Linux/ninja/1.10.2/9ab399b/ninja', '-DPYTHON_INCLUDE_DIR=/local/S/jenkins/workspace/shared/Artifactory/Linux/rundev-master/202311060140/runtime/33fa670/runTime/include/Python310/Python', '-DPython_EXECUTABLE=/local/S/jenkins/workspace/shared/Artifactory/Linux/rundev-master/202311060140/runtime/33fa670/runTime/bin/mayapy', '-DPYTHON_LIBRARIES=/local/S/jenkins/workspace/shared/Artifactory/Linux/rundev-master/202311060140/runtime/33fa670/runTime/lib/libpython3.10.so.1.0', '-DBUILD_WITH_PYTHON_3=ON', '-DBUILD_WITH_PYTHON_3_VERSION=3.10', '-DCMAKE_WANT_MATERIALX_BUILD=ON', '-DCMAKE_PREFIX_PATH=/local/S/jenkins/workspace/shared/Artifactory/Linux/USD/13e6029']
[2023-11-14T09:51:32.863Z]           Stages arguments          ['install']
[2023-11-14T09:51:32.863Z]           CTest arguments           ['--parallel 16']
[2023-11-14T09:51:32.863Z]     Success MayaHydra build and install !!!!
[2023-11-14T09:51:32.863Z]     Elapsed time: 00:00:00
[Pipeline] }
[Pipeline] // withEnv
[Pipeline] }
[Pipeline] // timeout
[Pipeline] }
[Pipeline] // stage
[Pipeline] }
[Pipeline] // timestamps
[Pipeline] timestamps
[Pipeline] {
[Pipeline] stage
[Pipeline] { (Test)
[Pipeline] timeout
[2023-11-14T09:51:33.217Z] Timeout set to expire in 6 hr 0 min
[Pipeline] {
[Pipeline] withEnv
[Pipeline] {
[Pipeline] sh
[2023-11-14T09:51:34.680Z] + scl enable gcc-toolset-11 -
[2023-11-14T09:51:34.680Z] + '[' enable = load -o enable = unload ']'
[2023-11-14T09:51:34.680Z] + /usr/bin/scl enable gcc-toolset-11 -
[2023-11-14T09:51:34.680Z] python ecg-maya-hydra/build.py --stages=test --workspace-dir=/local/S/jenkins/workspace/ECP/ecg-maya-hydra/ecg-maya-hydra-branch-preflight-python3-linux --artifactory-dir=/local/S/jenkins/workspace/shared/Artifactory --build-dir=/local/S/jenkins/workspace/ECP/ecg-maya-hydra/ecg-maya-hydra-branch-preflight-python3-linux/build --install-dir=/local/S/jenkins/workspace/ECP/ecg-maya-hydra/ecg-maya-hydra-branch-preflight-python3-linux/install --signing-dir=/local/S/jenkins/workspace/ECP/ecg-maya-hydra/ecg-maya-hydra-branch-preflight-python3-linux/signing --package-dir=/local/S/jenkins/workspace/ECP/ecg-maya-hydra/ecg-maya-hydra-branch-preflight-python3-linux/package --output-dir=/local/S/jenkins/workspace/ECP/ecg-maya-hydra/ecg-maya-hydra-branch-preflight-python3-linux/output --stash-dir=/local/S/jenkins/workspace/ECP/ecg-maya-hydra/ecg-maya-hydra-branch-preflight-python3-linux/stash --jenkins-build=390 --git-commit=ccc5b63e3f62de6f3a58f8d35940367a98e66aa4 --git-branch=master --variants=RelWithDebInfo --interactive-tests=true --post-zips=false --osx-binary-architecture-target=ub2 --osx-deployment-target=11.0 --osx-base-sdk=CurrentActiveSDK --test-jobs=0 --failed-test-retry=3 --maya-cut-config=maya-rundev-master.yaml --maya-package=rundev-master --stage-banner --progressive-timeout
[2023-11-14T09:51:34.680Z] Using Maya cut from /local/S/jenkins/workspace/shared/Artifactory/Linux/rundev-master/202311060140/runtime/33fa670
[2023-11-14T09:51:34.680Z] 
[2023-11-14T09:51:34.680Z] ================================================================================
[2023-11-14T09:51:34.680Z]                              test (RelWithDebInfo)
[2023-11-14T09:51:34.680Z] ================================================================================
[2023-11-14T09:51:34.680Z] Maya Python RelWithDebInfo Info:
[2023-11-14T09:51:34.680Z]   mayapy executable   = /local/S/jenkins/workspace/shared/Artifactory/Linux/rundev-master/202311060140/runtime/33fa670/runTime/bin/mayapy
[2023-11-14T09:51:34.680Z]   Include Folder      = /local/S/jenkins/workspace/shared/Artifactory/Linux/rundev-master/202311060140/runtime/33fa670/runTime/include/Python310/Python
[2023-11-14T09:51:34.680Z]   Library             = /local/S/jenkins/workspace/shared/Artifactory/Linux/rundev-master/202311060140/runtime/33fa670/runTime/lib/libpython3.10.so.1.0
[2023-11-14T09:51:34.680Z]   site-package Folder = /local/S/jenkins/workspace/shared/Artifactory/Linux/rundev-master/202311060140/runtime/33fa670/runTime/lib/python3.10/site-packages
[2023-11-14T09:51:35.220Z] In workdir: /home/S/jenkins/workspace/ECP/ecg-maya-hydra/ecg-maya-hydra-branch-preflight-python3-linux/ecg-maya-hydra/maya-hydra
[2023-11-14T09:51:35.220Z] Executing: /local/S/jenkins/workspace/shared/Artifactory/Linux/rundev-master/202311060140/runtime/33fa670/runTime/bin/mayapy /home/S/jenkins/workspace/ECP/ecg-maya-hydra/ecg-maya-hydra-branch-preflight-python3-linux/ecg-maya-hydra/maya-hydra/build.py --generator Ninja --build-relwithdebug --maya-location /local/S/jenkins/workspace/shared/Artifactory/Linux/rundev-master/202311060140/runtime/33fa670/runTime --devkit-location /local/S/jenkins/workspace/shared/Artifactory/Linux/rundev-master/202311060140/runtime/33fa670/devkitBase --pxrusd-location /local/S/jenkins/workspace/shared/Artifactory/Linux/USD/13e6029 --build-args=-DCMAKE_MAKE_PROGRAM=/local/S/jenkins/workspace/shared/Artifactory/Linux/ninja/1.10.2/9ab399b/ninja,-DPYTHON_INCLUDE_DIR=/local/S/jenkins/workspace/shared/Artifactory/Linux/rundev-master/202311060140/runtime/33fa670/runTime/include/Python310/Python,-DPython_EXECUTABLE=/local/S/jenkins/workspace/shared/Artifactory/Linux/rundev-master/202311060140/runtime/33fa670/runTime/bin/mayapy,-DPYTHON_LIBRARIES=/local/S/jenkins/workspace/shared/Artifactory/Linux/rundev-master/202311060140/runtime/33fa670/runTime/lib/libpython3.10.so.1.0,-DBUILD_WITH_PYTHON_3=ON,-DBUILD_WITH_PYTHON_3_VERSION=3.10,-DCMAKE_WANT_MATERIALX_BUILD=ON,-DCMAKE_PREFIX_PATH=/local/S/jenkins/workspace/shared/Artifactory/Linux/USD/13e6029 '--ctest-args=--parallel 16' --stages=test --redirect-outstream-file=False --install-location /local/S/jenkins/workspace/ECP/ecg-maya-hydra/ecg-maya-hydra-branch-preflight-python3-linux/install/RelWithDebInfo/MayaHydra /local/S/jenkins/workspace/ECP/ecg-maya-hydra/ecg-maya-hydra-branch-preflight-python3-linux
[2023-11-14T09:51:35.220Z] Modified environment variables:
[2023-11-14T09:51:35.220Z]     LD_LIBRARY_PATH=/opt/rh/gcc-toolset-11/root/usr/lib64:/opt/rh/gcc-toolset-11/root/usr/lib64:/opt/rh/gcc-toolset-11/root/usr/lib:/opt/rh/gcc-toolset-11/root/usr/lib64/dyninst:/opt/rh/gcc-toolset-11/root/usr/lib/dyninst
[2023-11-14T09:51:35.220Z]     PATH=/local/S/jenkins/workspace/shared/Artifactory/Linux/cmake/3.20.3/ab685d7/bin:/opt/rh/gcc-toolset-11/root/usr/bin:/home/administrator/.local/bin:/home/administrator/bin:/usr/share/Modules/bin:/usr/local/bin:/usr/local/sbin:/usr/bin:/usr/sbin
[2023-11-14T09:51:35.220Z]     Test project /home/S/jenkins/workspace/ECP/ecg-maya-hydra/ecg-maya-hydra-branch-preflight-python3-linux/build/RelWithDebInfo
[2023-11-14T09:51:35.220Z]           Start  1: _Interactive_Maya
[2023-11-14T09:51:35.220Z]      1/19 Test  #1: _Interactive_Maya ...........................***Not Run (Disabled)   0.00 sec
[2023-11-14T09:51:35.220Z]           Start  2: testImageDiffing
[2023-11-14T09:51:35.220Z]           Start  3: testMtohCommand
[2023-11-14T09:51:35.220Z]           Start  4: testMeshes
[2023-11-14T09:51:35.220Z]           Start  5: testNamespaces
[2023-11-14T09:51:35.220Z]           Start  6: testVisibility
[2023-11-14T09:51:35.220Z]           Start  7: testRendererSwitching
[2023-11-14T09:51:35.220Z]           Start  8: testSceneBrowser
[2023-11-14T09:51:35.220Z]           Start  9: testStageAddPrim
[2023-11-14T09:51:35.220Z]           Start 10: testNewSceneWithStage
[2023-11-14T09:51:35.220Z]           Start 11: testDirectionalLights
[2023-11-14T09:51:35.220Z]           Start 12: testColorPreferences
[2023-11-14T09:51:35.220Z]           Start 13: testCppFramework
[2023-11-14T09:51:35.220Z]           Start 14: testMayaSceneFlattening
[2023-11-14T09:51:35.220Z]           Start 15: testMayaUsdUfeItems
[2023-11-14T09:51:35.220Z]           Start 16: testMergingSceneIndex
[2023-11-14T09:51:35.220Z]           Start 17: testSelectionSceneIndex
[2023-11-14T09:51:44.901Z]      2/19 Test #15: testMayaUsdUfeItems .........................   Passed    8.31 sec
[2023-11-14T09:51:44.901Z]           Start 18: testWireframeSelectionHighlightSceneIndex
[2023-11-14T09:51:44.901Z]      3/19 Test  #7: testRendererSwitching .......................   Passed    8.52 sec
[2023-11-14T09:51:44.901Z]           Start 19: testMeshes_meshAdapter
[2023-11-14T09:51:44.901Z]      4/19 Test  #9: testStageAddPrim ............................   Passed    8.59 sec
[2023-11-14T09:51:44.901Z]      5/19 Test  #3: testMtohCommand .............................   Passed    8.65 sec
[2023-11-14T09:51:44.901Z]      6/19 Test  #8: testSceneBrowser ............................   Passed    8.68 sec
[2023-11-14T09:51:44.901Z]      7/19 Test #11: testDirectionalLights .......................   Passed    8.71 sec
[2023-11-14T09:51:44.901Z]      8/19 Test #10: testNewSceneWithStage .......................   Passed    8.88 sec
[2023-11-14T09:51:44.901Z]      9/19 Test  #5: testNamespaces ..............................   Passed    9.16 sec
[2023-11-14T09:51:44.901Z]     10/19 Test #14: testMayaSceneFlattening .....................   Passed    9.28 sec
[2023-11-14T09:51:44.901Z]     11/19 Test #16: testMergingSceneIndex .......................   Passed    9.32 sec
[2023-11-14T09:51:44.901Z]     12/19 Test #13: testCppFramework ............................   Passed    9.45 sec
[2023-11-14T09:51:44.901Z]     13/19 Test  #4: testMeshes ..................................   Passed    9.49 sec
[2023-11-14T09:51:44.901Z]     14/19 Test #17: testSelectionSceneIndex .....................   Passed    9.53 sec
[2023-11-14T09:51:45.435Z]     15/19 Test #12: testColorPreferences ........................   Passed   10.02 sec
[2023-11-14T09:51:45.435Z]     16/19 Test  #2: testImageDiffing ............................   Passed   10.07 sec
[2023-11-14T09:51:46.553Z]     17/19 Test  #6: testVisibility ..............................   Passed   11.08 sec
[2023-11-14T09:51:49.835Z]     18/19 Test #18: testWireframeSelectionHighlightSceneIndex ...   Passed    6.23 sec
[2023-11-14T09:51:50.449Z]     19/19 Test #19: testMeshes_meshAdapter ......................   Passed    6.54 sec
[2023-11-14T09:51:50.449Z]     
[2023-11-14T09:51:50.449Z]     100% tests passed, 0 tests failed out of 18
[2023-11-14T09:51:50.449Z]     
[2023-11-14T09:51:50.449Z]     Label Time Summary:
[2023-11-14T09:51:50.449Z]     Debugging      =   0.00 sec*proc (1 test)
[2023-11-14T09:51:50.449Z]     interactive    = 160.50 sec*proc (18 tests)
[2023-11-14T09:51:50.449Z]     mayaHydra      = 160.50 sec*proc (18 tests)
[2023-11-14T09:51:50.449Z]     
[2023-11-14T09:51:50.449Z]     Total Test time (real) =  15.07 sec
[2023-11-14T09:51:50.449Z]     
[2023-11-14T09:51:50.449Z]     The following tests did not run:
[2023-11-14T09:51:50.449Z]     	  1 - _Interactive_Maya (Disabled)
[2023-11-14T09:51:50.449Z]     
[2023-11-14T09:51:50.449Z]         Building with settings:
[2023-11-14T09:51:50.449Z]           Source directory          /home/S/jenkins/workspace/ECP/ecg-maya-hydra/ecg-maya-hydra-branch-preflight-python3-linux/ecg-maya-hydra/maya-hydra
[2023-11-14T09:51:50.449Z]           Workspace directory       /local/S/jenkins/workspace/ECP/ecg-maya-hydra/ecg-maya-hydra-branch-preflight-python3-linux
[2023-11-14T09:51:50.449Z]           Build directory           /local/S/jenkins/workspace/ECP/ecg-maya-hydra/ecg-maya-hydra-branch-preflight-python3-linux/build/RelWithDebInfo
[2023-11-14T09:51:50.449Z]           Install directory         /local/S/jenkins/workspace/ECP/ecg-maya-hydra/ecg-maya-hydra-branch-preflight-python3-linux/install/RelWithDebInfo/MayaHydra
[2023-11-14T09:51:50.449Z]           Variant                   RelWithDebInfo
[2023-11-14T09:51:50.449Z]           Python Debug              Off
[2023-11-14T09:51:50.449Z]           CMake generator           Ninja
[2023-11-14T09:51:50.449Z]           Build arguments           ['-DCMAKE_MAKE_PROGRAM=/local/S/jenkins/workspace/shared/Artifactory/Linux/ninja/1.10.2/9ab399b/ninja', '-DPYTHON_INCLUDE_DIR=/local/S/jenkins/workspace/shared/Artifactory/Linux/rundev-master/202311060140/runtime/33fa670/runTime/include/Python310/Python', '-DPython_EXECUTABLE=/local/S/jenkins/workspace/shared/Artifactory/Linux/rundev-master/202311060140/runtime/33fa670/runTime/bin/mayapy', '-DPYTHON_LIBRARIES=/local/S/jenkins/workspace/shared/Artifactory/Linux/rundev-master/202311060140/runtime/33fa670/runTime/lib/libpython3.10.so.1.0', '-DBUILD_WITH_PYTHON_3=ON', '-DBUILD_WITH_PYTHON_3_VERSION=3.10', '-DCMAKE_WANT_MATERIALX_BUILD=ON', '-DCMAKE_PREFIX_PATH=/local/S/jenkins/workspace/shared/Artifactory/Linux/USD/13e6029']
[2023-11-14T09:51:50.449Z]           Stages arguments          ['test']
[2023-11-14T09:51:50.449Z]           CTest arguments           ['--parallel 16']
[2023-11-14T09:51:50.449Z]     Success running MayaHydra tests !!!!
[Pipeline] }
[Pipeline] // withEnv
[Pipeline] }
[Pipeline] // timeout
[Pipeline] }
[Pipeline] // stage
[Pipeline] }
[Pipeline] // timestamps
[Pipeline] timestamps
[Pipeline] {
[Pipeline] stage
[Pipeline] { (Cleanup)
[Pipeline] timeout
[2023-11-14T09:51:50.804Z] Timeout set to expire in 6 hr 0 min
[Pipeline] {
[Pipeline] withEnv
[Pipeline] {
[Pipeline] sh
[2023-11-14T09:51:52.209Z] + scl enable gcc-toolset-11 -
[2023-11-14T09:51:52.209Z] + '[' enable = load -o enable = unload ']'
[2023-11-14T09:51:52.209Z] + /usr/bin/scl enable gcc-toolset-11 -
[2023-11-14T09:51:52.209Z] python ecg-maya-hydra/build.py --stages=cleanup --workspace-dir=/local/S/jenkins/workspace/ECP/ecg-maya-hydra/ecg-maya-hydra-branch-preflight-python3-linux --artifactory-dir=/local/S/jenkins/workspace/shared/Artifactory --build-dir=/local/S/jenkins/workspace/ECP/ecg-maya-hydra/ecg-maya-hydra-branch-preflight-python3-linux/build --install-dir=/local/S/jenkins/workspace/ECP/ecg-maya-hydra/ecg-maya-hydra-branch-preflight-python3-linux/install --signing-dir=/local/S/jenkins/workspace/ECP/ecg-maya-hydra/ecg-maya-hydra-branch-preflight-python3-linux/signing --package-dir=/local/S/jenkins/workspace/ECP/ecg-maya-hydra/ecg-maya-hydra-branch-preflight-python3-linux/package --output-dir=/local/S/jenkins/workspace/ECP/ecg-maya-hydra/ecg-maya-hydra-branch-preflight-python3-linux/output --stash-dir=/local/S/jenkins/workspace/ECP/ecg-maya-hydra/ecg-maya-hydra-branch-preflight-python3-linux/stash --jenkins-build=390 --git-commit=ccc5b63e3f62de6f3a58f8d35940367a98e66aa4 --git-branch=master --variants=Debug --interactive-tests=true --post-zips=false --osx-binary-architecture-target=ub2 --osx-deployment-target=11.0 --osx-base-sdk=CurrentActiveSDK --maya-cut-config=maya-rundev-master-debug.yaml --maya-package=rundev-master-debug --stage-banner
[2023-11-14T09:51:52.209Z] Using Maya cut from /local/S/jenkins/workspace/shared/Artifactory/Linux/rundev-master-debug/202310260154/runtime/7d60df0
[2023-11-14T09:51:52.209Z] 
[2023-11-14T09:51:52.209Z] ================================================================================
[2023-11-14T09:51:52.209Z]                                cleanup (Finalize)
[2023-11-14T09:51:52.209Z] ================================================================================
[2023-11-14T09:51:52.209Z] Cleaning up workspace
[2023-11-14T09:51:52.209Z] Removing directory: /local/S/jenkins/workspace/ECP/ecg-maya-hydra/ecg-maya-hydra-branch-preflight-python3-linux/build
[2023-11-14T09:51:52.209Z] Removing directory: /local/S/jenkins/workspace/ECP/ecg-maya-hydra/ecg-maya-hydra-branch-preflight-python3-linux/install
[Pipeline] sh
[2023-11-14T09:51:53.786Z] + scl enable gcc-toolset-11 -
[2023-11-14T09:51:53.786Z] + '[' enable = load -o enable = unload ']'
[2023-11-14T09:51:53.786Z] + /usr/bin/scl enable gcc-toolset-11 -
[2023-11-14T09:51:53.786Z] python ecg-maya-hydra/build.py --stages=cleanup --workspace-dir=/local/S/jenkins/workspace/ECP/ecg-maya-hydra/ecg-maya-hydra-branch-preflight-python3-linux --artifactory-dir=/local/S/jenkins/workspace/shared/Artifactory --build-dir=/local/S/jenkins/workspace/ECP/ecg-maya-hydra/ecg-maya-hydra-branch-preflight-python3-linux/build --install-dir=/local/S/jenkins/workspace/ECP/ecg-maya-hydra/ecg-maya-hydra-branch-preflight-python3-linux/install --signing-dir=/local/S/jenkins/workspace/ECP/ecg-maya-hydra/ecg-maya-hydra-branch-preflight-python3-linux/signing --package-dir=/local/S/jenkins/workspace/ECP/ecg-maya-hydra/ecg-maya-hydra-branch-preflight-python3-linux/package --output-dir=/local/S/jenkins/workspace/ECP/ecg-maya-hydra/ecg-maya-hydra-branch-preflight-python3-linux/output --stash-dir=/local/S/jenkins/workspace/ECP/ecg-maya-hydra/ecg-maya-hydra-branch-preflight-python3-linux/stash --jenkins-build=390 --git-commit=ccc5b63e3f62de6f3a58f8d35940367a98e66aa4 --git-branch=master --variants=RelWithDebInfo --interactive-tests=true --post-zips=false --osx-binary-architecture-target=ub2 --osx-deployment-target=11.0 --osx-base-sdk=CurrentActiveSDK --maya-cut-config=maya-rundev-master.yaml --maya-package=rundev-master --stage-banner
[2023-11-14T09:51:53.786Z] Using Maya cut from /local/S/jenkins/workspace/shared/Artifactory/Linux/rundev-master/202311060140/runtime/33fa670
[2023-11-14T09:51:53.786Z] 
[2023-11-14T09:51:53.786Z] ================================================================================
[2023-11-14T09:51:53.786Z]                                cleanup (Finalize)
[2023-11-14T09:51:53.786Z] ================================================================================
[2023-11-14T09:51:53.786Z] Cleaning up workspace
[Pipeline] }
[Pipeline] // withEnv
[Pipeline] }
[Pipeline] // timeout
[Pipeline] }
[Pipeline] // stage
[Pipeline] }
[Pipeline] // timestamps
[Pipeline] }
[Pipeline] // node
[Pipeline] End of Pipeline
[Checks API] No suitable checks publisher found.
[2023-11-14T09:51:54.158Z] sh: line 1: 203356 Terminated              sleep 3
Finished: SUCCESS
