[2023-11-15T18:29:30.710Z] ================================================================================
[2023-11-15T18:29:30.710Z]                                  setup (Debug)
[2023-11-15T18:29:30.710Z] ================================================================================
[Pipeline] sh
[2023-11-15T18:29:32.087Z] + python ecg-maya-hydra/build.py --stages=setup --workspace-dir=/local/S/jenkins/workspace/ECP/ecg-maya-hydra/ecg-maya-hydra-branch-preflight-python3-osx --artifactory-dir=/local/S/jenkins/workspace/shared/Artifactory --build-dir=/local/S/jenkins/workspace/ECP/ecg-maya-hydra/ecg-maya-hydra-branch-preflight-python3-osx/build --install-dir=/local/S/jenkins/workspace/ECP/ecg-maya-hydra/ecg-maya-hydra-branch-preflight-python3-osx/install --signing-dir=/local/S/jenkins/workspace/ECP/ecg-maya-hydra/ecg-maya-hydra-branch-preflight-python3-osx/signing --package-dir=/local/S/jenkins/workspace/ECP/ecg-maya-hydra/ecg-maya-hydra-branch-preflight-python3-osx/package --output-dir=/local/S/jenkins/workspace/ECP/ecg-maya-hydra/ecg-maya-hydra-branch-preflight-python3-osx/output --stash-dir=/local/S/jenkins/workspace/ECP/ecg-maya-hydra/ecg-maya-hydra-branch-preflight-python3-osx/stash --jenkins-build=397 --git-commit=851bc817175b30fdfb09180171639e397c7baf14 --git-branch=master --variants=RelWithDebInfo --interactive-tests=true --post-zips=false --osx-binary-architecture-target=ub2 --osx-deployment-target=11.0 --osx-base-sdk=CurrentActiveSDK --extra-license-file=ecg-maya-hydra/jenkins-o03-cot/melicense.lic --prune-versions=3 --prune-revisions=3 --maya-cut-config=maya-rundev-master.yaml --maya-package=rundev-master --stage-banner --prune-artifacts --force-pruning
[2023-11-15T18:29:32.087Z] Getting rundev-master download URL from Maya SHA-1 hash
[2023-11-15T18:29:32.087Z] Finding Artifactory servers response times
[2023-11-15T18:29:35.488Z] [VERBOSE] Start loading URL (CURL): https://art-bobcat.autodesk.com/artifactory/api/search/checksum?repos=autodesk-3p-generic,adsk-build-tools-generic,team-ecg-generic,team-maya-generic,oss-stg-generic&sha1=e9a5ae1f0dc869d1ce266337cce0bfcafc9f93bd
[2023-11-15T18:29:35.488Z] [DEBUG] Running: /usr/bin/curl -s -X GET --keepalive-time 10 --connect-timeout 60 --speed-limit 10000 --speed-time 120 --max-time 3600 --retry 5 --retry-max-time 2400 -H Connection:close -H Authorization:Basic ZWNnYmlmcm9zdDpvcGUqKjAw https://art-bobcat.autodesk.com/artifactory/api/search/checksum?repos=autodesk-3p-generic,adsk-build-tools-generic,team-ecg-generic,team-maya-generic,oss-stg-generic&sha1=e9a5ae1f0dc869d1ce266337cce0bfcafc9f93bd
[2023-11-15T18:29:35.488Z] [DEBUG] Output:
[2023-11-15T18:29:35.488Z] {
[2023-11-15T18:29:35.488Z]   "results" : [ {
[2023-11-15T18:29:35.488Z]     "uri" : "https://art-bobcat.autodesk.com:443/artifactory/api/storage/team-maya-generic/Maya/master/pmac/2023-11-06-01-40_068e1a5022/202311060140-068e1a5022-RUNDEV.dmg"
[2023-11-15T18:29:35.488Z]   } ]
[2023-11-15T18:29:35.488Z] }
[2023-11-15T18:29:35.488Z] [VERBOSE] End loading URL (CURL): https://art-bobcat.autodesk.com/artifactory/api/search/checksum?repos=autodesk-3p-generic,adsk-build-tools-generic,team-ecg-generic,team-maya-generic,oss-stg-generic&sha1=e9a5ae1f0dc869d1ce266337cce0bfcafc9f93bd
[2023-11-15T18:29:35.488Z] [VERBOSE] Start loading URL (CURL): https://art-bobcat.autodesk.com:443/artifactory/api/storage/team-maya-generic/Maya/master/pmac/2023-11-06-01-40_068e1a5022/202311060140-068e1a5022-RUNDEV.dmg
[2023-11-15T18:29:35.488Z] [DEBUG] Running: /usr/bin/curl -s -X GET --keepalive-time 10 --connect-timeout 60 --speed-limit 10000 --speed-time 120 --max-time 3600 --retry 5 --retry-max-time 2400 -H Connection:close -H Authorization:Basic ZWNnYmlmcm9zdDpvcGUqKjAw https://art-bobcat.autodesk.com:443/artifactory/api/storage/team-maya-generic/Maya/master/pmac/2023-11-06-01-40_068e1a5022/202311060140-068e1a5022-RUNDEV.dmg
[2023-11-15T18:29:35.488Z] [DEBUG] Output:
[2023-11-15T18:29:35.488Z] {
[2023-11-15T18:29:35.488Z]   "repo" : "team-maya-generic",
[2023-11-15T18:29:35.488Z]   "path" : "/Maya/master/pmac/2023-11-06-01-40_068e1a5022/202311060140-068e1a5022-RUNDEV.dmg",
[2023-11-15T18:29:35.488Z]   "created" : "2023-11-06T02:58:12.280-08:00",
[2023-11-15T18:29:35.488Z]   "createdBy" : "svc_p_mescm",
[2023-11-15T18:29:35.488Z]   "lastModified" : "2023-11-06T02:53:16.851-08:00",
[2023-11-15T18:29:35.488Z]   "modifiedBy" : "svc_p_mescm",
[2023-11-15T18:29:35.488Z]   "lastUpdated" : "2023-11-06T02:58:12.281-08:00",
[2023-11-15T18:29:35.488Z]   "downloadUri" : "https://art-bobcat.autodesk.com:443/artifactory/team-maya-generic/Maya/master/pmac/2023-11-06-01-40_068e1a5022/202311060140-068e1a5022-RUNDEV.dmg",
[2023-11-15T18:29:35.488Z]   "mimeType" : "application/octet-stream",
[2023-11-15T18:29:35.488Z]   "size" : "2830276139",
[2023-11-15T18:29:35.488Z]   "checksums" : {
[2023-11-15T18:29:35.488Z]     "sha1" : "e9a5ae1f0dc869d1ce266337cce0bfcafc9f93bd",
[2023-11-15T18:29:35.488Z]     "md5" : "4f6452550f423ef50a9a210d0e260173",
[2023-11-15T18:29:35.488Z]     "sha256" : "c874ff1ba95f9b674422bbe75abe72228217a6a938f93062d0b641b2609332cc"
[2023-11-15T18:29:35.488Z]   },
[2023-11-15T18:29:35.488Z]   "originalChecksums" : {
[2023-11-15T18:29:35.488Z]     "sha1" : "e9a5ae1f0dc869d1ce266337cce0bfcafc9f93bd",
[2023-11-15T18:29:35.488Z]     "md5" : "4f6452550f423ef50a9a210d0e260173",
[2023-11-15T18:29:35.488Z]     "sha256" : "c874ff1ba95f9b674422bbe75abe72228217a6a938f93062d0b641b2609332cc"
[2023-11-15T18:29:35.488Z]   },
[2023-11-15T18:29:35.488Z]   "uri" : "https://art-bobcat.autodesk.com:443/artifactory/api/storage/team-maya-generic/Maya/master/pmac/2023-11-06-01-40_068e1a5022/202311060140-068e1a5022-RUNDEV.dmg"
[2023-11-15T18:29:35.488Z] }
[2023-11-15T18:29:35.488Z] [VERBOSE] End loading URL (CURL): https://art-bobcat.autodesk.com:443/artifactory/api/storage/team-maya-generic/Maya/master/pmac/2023-11-06-01-40_068e1a5022/202311060140-068e1a5022-RUNDEV.dmg
[2023-11-15T18:29:35.488Z] Using Maya cut from /local/S/jenkins/workspace/shared/Artifactory/OSX/rundev-master/202311060140/runtime/e9a5ae1
[2023-11-15T18:29:35.488Z] Using Maya ADSK Signatures from /local/S/jenkins/workspace/shared/Artifactory/OSX/adsk-plugin-signatures-maya/2023/3ae1ae7
[2023-11-15T18:29:35.488Z] Using Maya Security Library from /local/S/jenkins/workspace/shared/Artifactory/OSX/maya-security-library/3.4.0/5e08f3e
[2023-11-15T18:29:35.488Z] 
[2023-11-15T18:29:35.488Z] ================================================================================
[2023-11-15T18:29:35.488Z]                              setup (RelWithDebInfo)
[2023-11-15T18:29:35.488Z] ================================================================================
[Pipeline] }
[Pipeline] // withEnv
[Pipeline] }
[Pipeline] // timeout
[Pipeline] }
[Pipeline] // stage
[Pipeline] }
[Pipeline] // timestamps
[Pipeline] timestamps
[Pipeline] {
[Pipeline] stage
[Pipeline] { (Clean)
[Pipeline] timeout
[2023-11-15T18:29:35.844Z] Timeout set to expire in 6 hr 0 min
[Pipeline] {
[Pipeline] withEnv
[Pipeline] {
[Pipeline] sh
[2023-11-15T18:29:36.993Z] + python ecg-maya-hydra/build.py --stages=clean --workspace-dir=/local/S/jenkins/workspace/ECP/ecg-maya-hydra/ecg-maya-hydra-branch-preflight-python3-osx --artifactory-dir=/local/S/jenkins/workspace/shared/Artifactory --build-dir=/local/S/jenkins/workspace/ECP/ecg-maya-hydra/ecg-maya-hydra-branch-preflight-python3-osx/build --install-dir=/local/S/jenkins/workspace/ECP/ecg-maya-hydra/ecg-maya-hydra-branch-preflight-python3-osx/install --signing-dir=/local/S/jenkins/workspace/ECP/ecg-maya-hydra/ecg-maya-hydra-branch-preflight-python3-osx/signing --package-dir=/local/S/jenkins/workspace/ECP/ecg-maya-hydra/ecg-maya-hydra-branch-preflight-python3-osx/package --output-dir=/local/S/jenkins/workspace/ECP/ecg-maya-hydra/ecg-maya-hydra-branch-preflight-python3-osx/output --stash-dir=/local/S/jenkins/workspace/ECP/ecg-maya-hydra/ecg-maya-hydra-branch-preflight-python3-osx/stash --jenkins-build=397 --git-commit=851bc817175b30fdfb09180171639e397c7baf14 --git-branch=master --variants=Debug --interactive-tests=true --post-zips=false --osx-binary-architecture-target=ub2 --osx-deployment-target=11.0 --osx-base-sdk=CurrentActiveSDK --maya-cut-config=maya-rundev-master-debug.yaml --maya-package=rundev-master-debug --stage-banner
[2023-11-15T18:29:36.993Z] Using Maya cut from /local/S/jenkins/workspace/shared/Artifactory/OSX/rundev-master-debug/202310260154/runtime/3fe4f1c
[2023-11-15T18:29:36.993Z] Using Maya ADSK Signatures from /local/S/jenkins/workspace/shared/Artifactory/OSX/adsk-plugin-signatures-maya/2023/3ae1ae7
[2023-11-15T18:29:36.993Z] Using Maya Security Library from /local/S/jenkins/workspace/shared/Artifactory/OSX/maya-security-library/3.4.0/5e08f3e
[2023-11-15T18:29:36.993Z] 
[2023-11-15T18:29:36.993Z] ================================================================================
[2023-11-15T18:29:36.993Z]                                  clean (Debug)
[2023-11-15T18:29:36.993Z] ================================================================================
[2023-11-15T18:29:36.993Z] Maya Python Debug Info:
[2023-11-15T18:29:36.993Z]   mayapy executable   = /local/S/jenkins/workspace/shared/Artifactory/OSX/rundev-master-debug/202310260154/runtime/3fe4f1c/runTime/Maya.app/Contents/bin/mayapy
[2023-11-15T18:29:36.993Z]   Include Folder      = /local/S/jenkins/workspace/shared/Artifactory/OSX/rundev-master-debug/202310260154/runtime/3fe4f1c/runTime/Maya.app/Contents/Frameworks/Python.framework/Versions/Current/include/python3.10
[2023-11-15T18:29:36.993Z]   Library             = /local/S/jenkins/workspace/shared/Artifactory/OSX/rundev-master-debug/202310260154/runtime/3fe4f1c/runTime/Maya.app/Contents/Frameworks/Python.framework/Versions/Current/lib/libpython3.10.dylib
[2023-11-15T18:29:36.993Z]   site-package Folder = /local/S/jenkins/workspace/shared/Artifactory/OSX/rundev-master-debug/202310260154/runtime/3fe4f1c/runTime/Maya.app/Contents/Frameworks/Python.framework/Versions/Current/lib/python3.10/site-packages
[2023-11-15T18:29:37.550Z] In workdir: /Volumes/DATA/local/S/jenkins/workspace/ECP/ecg-maya-hydra/ecg-maya-hydra-branch-preflight-python3-osx/ecg-maya-hydra/maya-hydra
[2023-11-15T18:29:37.550Z] Executing: arch -arch arm64 /local/S/jenkins/workspace/shared/Artifactory/OSX/rundev-master-debug/202310260154/runtime/3fe4f1c/runTime/Maya.app/Contents/bin/mayapy /Volumes/DATA/local/S/jenkins/workspace/ECP/ecg-maya-hydra/ecg-maya-hydra-branch-preflight-python3-osx/ecg-maya-hydra/maya-hydra/build.py --generator Ninja --build-debug --maya-location /local/S/jenkins/workspace/shared/Artifactory/OSX/rundev-master-debug/202310260154/runtime/3fe4f1c/runTime --devkit-location /local/S/jenkins/workspace/shared/Artifactory/OSX/rundev-master-debug/202310260154/runtime/3fe4f1c/devkitBase --pxrusd-location /local/S/jenkins/workspace/shared/Artifactory/OSX/USD/a9d0dd1 --build-args=-DCMAKE_MAKE_PROGRAM=/local/S/jenkins/workspace/shared/Artifactory/OSX/ninja/1.10.2/95d0ca5/ninja,-DPYTHON_INCLUDE_DIR=/local/S/jenkins/workspace/shared/Artifactory/OSX/rundev-master-debug/202310260154/runtime/3fe4f1c/runTime/Maya.app/Contents/Frameworks/Python.framework/Versions/Current/include/python3.10,-DPython_EXECUTABLE=/local/S/jenkins/workspace/shared/Artifactory/OSX/rundev-master-debug/202310260154/runtime/3fe4f1c/runTime/Maya.app/Contents/bin/mayapy,-DPYTHON_LIBRARIES=/local/S/jenkins/workspace/shared/Artifactory/OSX/rundev-master-debug/202310260154/runtime/3fe4f1c/runTime/Maya.app/Contents/Frameworks/Python.framework/Versions/Current/lib/libpython3.10.dylib,-DBUILD_WITH_PYTHON_3=ON,-DBUILD_WITH_PYTHON_3_VERSION=3.10,-DBUILD_UB2=ON,-DCMAKE_WANT_MATERIALX_BUILD=ON,-DCMAKE_PREFIX_PATH=/local/S/jenkins/workspace/shared/Artifactory/OSX/USD/a9d0dd1,-DMAYAHYDRA_BUILD_NUMBER=397,-DMAYAHYDRA_GIT_COMMIT=851bc817175b30fdfb09180171639e397c7baf14,-DMAYAHYDRA_GIT_BRANCH=master '--ctest-args=--parallel 8' --stages=clean --redirect-outstream-file=False --install-location /local/S/jenkins/workspace/ECP/ecg-maya-hydra/ecg-maya-hydra-branch-preflight-python3-osx/install/Debug/MayaHydra /local/S/jenkins/workspace/ECP/ecg-maya-hydra/ecg-maya-hydra-branch-preflight-python3-osx
[2023-11-15T18:29:37.550Z] Modified environment variables:
[2023-11-15T18:29:37.550Z]     PATH=/local/S/jenkins/workspace/shared/Artifactory/OSX/cmake/3.20.3/2594509/bin:/opt/homebrew/bin:/usr/local/bin:/bin:/usr/sbin:/sbin:/usr/bin:/usr/bin:/bin:/usr/sbin:/sbin
[2023-11-15T18:29:37.550Z]     
[2023-11-15T18:29:37.550Z]         Building with settings:
[2023-11-15T18:29:37.550Z]           Source directory          /Volumes/DATA/local/S/jenkins/workspace/ECP/ecg-maya-hydra/ecg-maya-hydra-branch-preflight-python3-osx/ecg-maya-hydra/maya-hydra
[2023-11-15T18:29:37.550Z]           Workspace directory       /local/S/jenkins/workspace/ECP/ecg-maya-hydra/ecg-maya-hydra-branch-preflight-python3-osx
[2023-11-15T18:29:37.550Z]           Build directory           /local/S/jenkins/workspace/ECP/ecg-maya-hydra/ecg-maya-hydra-branch-preflight-python3-osx/build/Debug
[2023-11-15T18:29:37.550Z]           Install directory         /local/S/jenkins/workspace/ECP/ecg-maya-hydra/ecg-maya-hydra-branch-preflight-python3-osx/install/Debug/MayaHydra
[2023-11-15T18:29:37.550Z]           Variant                   Debug
[2023-11-15T18:29:37.550Z]           Python Debug              Off
[2023-11-15T18:29:37.550Z]           CMake generator           Ninja
[2023-11-15T18:29:37.550Z]           Build arguments           ['-DCMAKE_MAKE_PROGRAM=/local/S/jenkins/workspace/shared/Artifactory/OSX/ninja/1.10.2/95d0ca5/ninja', '-DPYTHON_INCLUDE_DIR=/local/S/jenkins/workspace/shared/Artifactory/OSX/rundev-master-debug/202310260154/runtime/3fe4f1c/runTime/Maya.app/Contents/Frameworks/Python.framework/Versions/Current/include/python3.10', '-DPython_EXECUTABLE=/local/S/jenkins/workspace/shared/Artifactory/OSX/rundev-master-debug/202310260154/runtime/3fe4f1c/runTime/Maya.app/Contents/bin/mayapy', '-DPYTHON_LIBRARIES=/local/S/jenkins/workspace/shared/Artifactory/OSX/rundev-master-debug/202310260154/runtime/3fe4f1c/runTime/Maya.app/Contents/Frameworks/Python.framework/Versions/Current/lib/libpython3.10.dylib', '-DBUILD_WITH_PYTHON_3=ON', '-DBUILD_WITH_PYTHON_3_VERSION=3.10', '-DBUILD_UB2=ON', '-DCMAKE_WANT_MATERIALX_BUILD=ON', '-DCMAKE_PREFIX_PATH=/local/S/jenkins/workspace/shared/Artifactory/OSX/USD/a9d0dd1', '-DMAYAHYDRA_BUILD_NUMBER=397', '-DMAYAHYDRA_GIT_COMMIT=851bc817175b30fdfb09180171639e397c7baf14', '-DMAYAHYDRA_GIT_BRANCH=master']
[2023-11-15T18:29:37.550Z]           Stages arguments          ['clean']
[2023-11-15T18:29:37.550Z]           CTest arguments           ['--parallel 8']
[2023-11-15T18:29:37.550Z]     Success MayaHydra build and install !!!!
[2023-11-15T18:29:37.550Z]     Elapsed time: 00:00:00
[Pipeline] sh
[2023-11-15T18:29:38.919Z] + python ecg-maya-hydra/build.py --stages=clean --workspace-dir=/local/S/jenkins/workspace/ECP/ecg-maya-hydra/ecg-maya-hydra-branch-preflight-python3-osx --artifactory-dir=/local/S/jenkins/workspace/shared/Artifactory --build-dir=/local/S/jenkins/workspace/ECP/ecg-maya-hydra/ecg-maya-hydra-branch-preflight-python3-osx/build --install-dir=/local/S/jenkins/workspace/ECP/ecg-maya-hydra/ecg-maya-hydra-branch-preflight-python3-osx/install --signing-dir=/local/S/jenkins/workspace/ECP/ecg-maya-hydra/ecg-maya-hydra-branch-preflight-python3-osx/signing --package-dir=/local/S/jenkins/workspace/ECP/ecg-maya-hydra/ecg-maya-hydra-branch-preflight-python3-osx/package --output-dir=/local/S/jenkins/workspace/ECP/ecg-maya-hydra/ecg-maya-hydra-branch-preflight-python3-osx/output --stash-dir=/local/S/jenkins/workspace/ECP/ecg-maya-hydra/ecg-maya-hydra-branch-preflight-python3-osx/stash --jenkins-build=397 --git-commit=851bc817175b30fdfb09180171639e397c7baf14 --git-branch=master --variants=RelWithDebInfo --interactive-tests=true --post-zips=false --osx-binary-architecture-target=ub2 --osx-deployment-target=11.0 --osx-base-sdk=CurrentActiveSDK --maya-cut-config=maya-rundev-master.yaml --maya-package=rundev-master --stage-banner
[2023-11-15T18:29:38.919Z] Using Maya cut from /local/S/jenkins/workspace/shared/Artifactory/OSX/rundev-master/202311060140/runtime/e9a5ae1
[2023-11-15T18:29:38.919Z] Using Maya ADSK Signatures from /local/S/jenkins/workspace/shared/Artifactory/OSX/adsk-plugin-signatures-maya/2023/3ae1ae7
[2023-11-15T18:29:38.919Z] Using Maya Security Library from /local/S/jenkins/workspace/shared/Artifactory/OSX/maya-security-library/3.4.0/5e08f3e
[2023-11-15T18:29:38.919Z] 
[2023-11-15T18:29:38.919Z] ================================================================================
[2023-11-15T18:29:38.919Z]                              clean (RelWithDebInfo)
[2023-11-15T18:29:38.919Z] ================================================================================
[2023-11-15T18:29:38.919Z] Maya Python RelWithDebInfo Info:
[2023-11-15T18:29:38.919Z]   mayapy executable   = /local/S/jenkins/workspace/shared/Artifactory/OSX/rundev-master/202311060140/runtime/e9a5ae1/runTime/Maya.app/Contents/bin/mayapy
[2023-11-15T18:29:38.919Z]   Include Folder      = /local/S/jenkins/workspace/shared/Artifactory/OSX/rundev-master/202311060140/runtime/e9a5ae1/runTime/Maya.app/Contents/Frameworks/Python.framework/Versions/Current/include/python3.10
[2023-11-15T18:29:38.919Z]   Library             = /local/S/jenkins/workspace/shared/Artifactory/OSX/rundev-master/202311060140/runtime/e9a5ae1/runTime/Maya.app/Contents/Frameworks/Python.framework/Versions/Current/lib/libpython3.10.dylib
[2023-11-15T18:29:38.919Z]   site-package Folder = /local/S/jenkins/workspace/shared/Artifactory/OSX/rundev-master/202311060140/runtime/e9a5ae1/runTime/Maya.app/Contents/Frameworks/Python.framework/Versions/Current/lib/python3.10/site-packages
[2023-11-15T18:29:39.475Z] In workdir: /Volumes/DATA/local/S/jenkins/workspace/ECP/ecg-maya-hydra/ecg-maya-hydra-branch-preflight-python3-osx/ecg-maya-hydra/maya-hydra
[2023-11-15T18:29:39.475Z] Executing: arch -arch arm64 /local/S/jenkins/workspace/shared/Artifactory/OSX/rundev-master/202311060140/runtime/e9a5ae1/runTime/Maya.app/Contents/bin/mayapy /Volumes/DATA/local/S/jenkins/workspace/ECP/ecg-maya-hydra/ecg-maya-hydra-branch-preflight-python3-osx/ecg-maya-hydra/maya-hydra/build.py --generator Ninja --build-relwithdebug --maya-location /local/S/jenkins/workspace/shared/Artifactory/OSX/rundev-master/202311060140/runtime/e9a5ae1/runTime --devkit-location /local/S/jenkins/workspace/shared/Artifactory/OSX/rundev-master/202311060140/runtime/e9a5ae1/devkitBase --pxrusd-location /local/S/jenkins/workspace/shared/Artifactory/OSX/USD/b595ab2 --build-args=-DCMAKE_MAKE_PROGRAM=/local/S/jenkins/workspace/shared/Artifactory/OSX/ninja/1.10.2/95d0ca5/ninja,-DPYTHON_INCLUDE_DIR=/local/S/jenkins/workspace/shared/Artifactory/OSX/rundev-master/202311060140/runtime/e9a5ae1/runTime/Maya.app/Contents/Frameworks/Python.framework/Versions/Current/include/python3.10,-DPython_EXECUTABLE=/local/S/jenkins/workspace/shared/Artifactory/OSX/rundev-master/202311060140/runtime/e9a5ae1/runTime/Maya.app/Contents/bin/mayapy,-DPYTHON_LIBRARIES=/local/S/jenkins/workspace/shared/Artifactory/OSX/rundev-master/202311060140/runtime/e9a5ae1/runTime/Maya.app/Contents/Frameworks/Python.framework/Versions/Current/lib/libpython3.10.dylib,-DBUILD_WITH_PYTHON_3=ON,-DBUILD_WITH_PYTHON_3_VERSION=3.10,-DBUILD_UB2=ON,-DCMAKE_WANT_MATERIALX_BUILD=ON,-DCMAKE_PREFIX_PATH=/local/S/jenkins/workspace/shared/Artifactory/OSX/USD/b595ab2,-DMAYAHYDRA_BUILD_NUMBER=397,-DMAYAHYDRA_GIT_COMMIT=851bc817175b30fdfb09180171639e397c7baf14,-DMAYAHYDRA_GIT_BRANCH=master '--ctest-args=--parallel 8' --stages=clean --redirect-outstream-file=False --install-location /local/S/jenkins/workspace/ECP/ecg-maya-hydra/ecg-maya-hydra-branch-preflight-python3-osx/install/RelWithDebInfo/MayaHydra /local/S/jenkins/workspace/ECP/ecg-maya-hydra/ecg-maya-hydra-branch-preflight-python3-osx
[2023-11-15T18:29:39.475Z] Modified environment variables:
[2023-11-15T18:29:39.475Z]     PATH=/local/S/jenkins/workspace/shared/Artifactory/OSX/cmake/3.20.3/2594509/bin:/opt/homebrew/bin:/usr/local/bin:/bin:/usr/sbin:/sbin:/usr/bin:/usr/bin:/bin:/usr/sbin:/sbin
[2023-11-15T18:29:39.475Z]     
[2023-11-15T18:29:39.475Z]         Building with settings:
[2023-11-15T18:29:39.475Z]           Source directory          /Volumes/DATA/local/S/jenkins/workspace/ECP/ecg-maya-hydra/ecg-maya-hydra-branch-preflight-python3-osx/ecg-maya-hydra/maya-hydra
[2023-11-15T18:29:39.475Z]           Workspace directory       /local/S/jenkins/workspace/ECP/ecg-maya-hydra/ecg-maya-hydra-branch-preflight-python3-osx
[2023-11-15T18:29:39.475Z]           Build directory           /local/S/jenkins/workspace/ECP/ecg-maya-hydra/ecg-maya-hydra-branch-preflight-python3-osx/build/RelWithDebInfo
[2023-11-15T18:29:39.475Z]           Install directory         /local/S/jenkins/workspace/ECP/ecg-maya-hydra/ecg-maya-hydra-branch-preflight-python3-osx/install/RelWithDebInfo/MayaHydra
[2023-11-15T18:29:39.475Z]           Variant                   RelWithDebInfo
[2023-11-15T18:29:39.475Z]           Python Debug              Off
[2023-11-15T18:29:39.475Z]           CMake generator           Ninja
[2023-11-15T18:29:39.475Z]           Build arguments           ['-DCMAKE_MAKE_PROGRAM=/local/S/jenkins/workspace/shared/Artifactory/OSX/ninja/1.10.2/95d0ca5/ninja', '-DPYTHON_INCLUDE_DIR=/local/S/jenkins/workspace/shared/Artifactory/OSX/rundev-master/202311060140/runtime/e9a5ae1/runTime/Maya.app/Contents/Frameworks/Python.framework/Versions/Current/include/python3.10', '-DPython_EXECUTABLE=/local/S/jenkins/workspace/shared/Artifactory/OSX/rundev-master/202311060140/runtime/e9a5ae1/runTime/Maya.app/Contents/bin/mayapy', '-DPYTHON_LIBRARIES=/local/S/jenkins/workspace/shared/Artifactory/OSX/rundev-master/202311060140/runtime/e9a5ae1/runTime/Maya.app/Contents/Frameworks/Python.framework/Versions/Current/lib/libpython3.10.dylib', '-DBUILD_WITH_PYTHON_3=ON', '-DBUILD_WITH_PYTHON_3_VERSION=3.10', '-DBUILD_UB2=ON', '-DCMAKE_WANT_MATERIALX_BUILD=ON', '-DCMAKE_PREFIX_PATH=/local/S/jenkins/workspace/shared/Artifactory/OSX/USD/b595ab2', '-DMAYAHYDRA_BUILD_NUMBER=397', '-DMAYAHYDRA_GIT_COMMIT=851bc817175b30fdfb09180171639e397c7baf14', '-DMAYAHYDRA_GIT_BRANCH=master']
[2023-11-15T18:29:39.475Z]           Stages arguments          ['clean']
[2023-11-15T18:29:39.475Z]           CTest arguments           ['--parallel 8']
[2023-11-15T18:29:39.475Z]     Success MayaHydra build and install !!!!
[2023-11-15T18:29:39.475Z]     Elapsed time: 00:00:00
[Pipeline] }
[Pipeline] // withEnv
[Pipeline] }
[Pipeline] // timeout
[Pipeline] }
[Pipeline] // stage
[Pipeline] }
[Pipeline] // timestamps
[Pipeline] timestamps
[Pipeline] {
[Pipeline] stage
[Pipeline] { (Configure)
[Pipeline] timeout
[2023-11-15T18:29:39.832Z] Timeout set to expire in 6 hr 0 min
[Pipeline] {
[Pipeline] withEnv
[Pipeline] {
[Pipeline] sh
[2023-11-15T18:29:40.990Z] + python ecg-maya-hydra/build.py --stages=configure --workspace-dir=/local/S/jenkins/workspace/ECP/ecg-maya-hydra/ecg-maya-hydra-branch-preflight-python3-osx --artifactory-dir=/local/S/jenkins/workspace/shared/Artifactory --build-dir=/local/S/jenkins/workspace/ECP/ecg-maya-hydra/ecg-maya-hydra-branch-preflight-python3-osx/build --install-dir=/local/S/jenkins/workspace/ECP/ecg-maya-hydra/ecg-maya-hydra-branch-preflight-python3-osx/install --signing-dir=/local/S/jenkins/workspace/ECP/ecg-maya-hydra/ecg-maya-hydra-branch-preflight-python3-osx/signing --package-dir=/local/S/jenkins/workspace/ECP/ecg-maya-hydra/ecg-maya-hydra-branch-preflight-python3-osx/package --output-dir=/local/S/jenkins/workspace/ECP/ecg-maya-hydra/ecg-maya-hydra-branch-preflight-python3-osx/output --stash-dir=/local/S/jenkins/workspace/ECP/ecg-maya-hydra/ecg-maya-hydra-branch-preflight-python3-osx/stash --jenkins-build=397 --git-commit=851bc817175b30fdfb09180171639e397c7baf14 --git-branch=master --variants=Debug --interactive-tests=true --post-zips=false --osx-binary-architecture-target=ub2 --osx-deployment-target=11.0 --osx-base-sdk=CurrentActiveSDK --maya-cut-config=maya-rundev-master-debug.yaml --maya-package=rundev-master-debug --stage-banner
[2023-11-15T18:29:40.990Z] Using Maya cut from /local/S/jenkins/workspace/shared/Artifactory/OSX/rundev-master-debug/202310260154/runtime/3fe4f1c
[2023-11-15T18:29:40.990Z] Using Maya ADSK Signatures from /local/S/jenkins/workspace/shared/Artifactory/OSX/adsk-plugin-signatures-maya/2023/3ae1ae7
[2023-11-15T18:29:40.990Z] Using Maya Security Library from /local/S/jenkins/workspace/shared/Artifactory/OSX/maya-security-library/3.4.0/5e08f3e
[2023-11-15T18:29:40.990Z] 
[2023-11-15T18:29:40.990Z] ================================================================================
[2023-11-15T18:29:40.990Z]                                configure (Debug)
[2023-11-15T18:29:40.990Z] ================================================================================
[2023-11-15T18:29:40.990Z] Maya Python Debug Info:
[2023-11-15T18:29:40.990Z]   mayapy executable   = /local/S/jenkins/workspace/shared/Artifactory/OSX/rundev-master-debug/202310260154/runtime/3fe4f1c/runTime/Maya.app/Contents/bin/mayapy
[2023-11-15T18:29:40.990Z]   Include Folder      = /local/S/jenkins/workspace/shared/Artifactory/OSX/rundev-master-debug/202310260154/runtime/3fe4f1c/runTime/Maya.app/Contents/Frameworks/Python.framework/Versions/Current/include/python3.10
[2023-11-15T18:29:40.990Z]   Library             = /local/S/jenkins/workspace/shared/Artifactory/OSX/rundev-master-debug/202310260154/runtime/3fe4f1c/runTime/Maya.app/Contents/Frameworks/Python.framework/Versions/Current/lib/libpython3.10.dylib
[2023-11-15T18:29:40.990Z]   site-package Folder = /local/S/jenkins/workspace/shared/Artifactory/OSX/rundev-master-debug/202310260154/runtime/3fe4f1c/runTime/Maya.app/Contents/Frameworks/Python.framework/Versions/Current/lib/python3.10/site-packages
[2023-11-15T18:29:40.990Z] In workdir: /Volumes/DATA/local/S/jenkins/workspace/ECP/ecg-maya-hydra/ecg-maya-hydra-branch-preflight-python3-osx/ecg-maya-hydra/maya-hydra
[2023-11-15T18:29:40.990Z] Executing: arch -arch arm64 /local/S/jenkins/workspace/shared/Artifactory/OSX/rundev-master-debug/202310260154/runtime/3fe4f1c/runTime/Maya.app/Contents/bin/mayapy /Volumes/DATA/local/S/jenkins/workspace/ECP/ecg-maya-hydra/ecg-maya-hydra-branch-preflight-python3-osx/ecg-maya-hydra/maya-hydra/build.py --generator Ninja --build-debug --maya-location /local/S/jenkins/workspace/shared/Artifactory/OSX/rundev-master-debug/202310260154/runtime/3fe4f1c/runTime --devkit-location /local/S/jenkins/workspace/shared/Artifactory/OSX/rundev-master-debug/202310260154/runtime/3fe4f1c/devkitBase --pxrusd-location /local/S/jenkins/workspace/shared/Artifactory/OSX/USD/a9d0dd1 --build-args=-DCMAKE_MAKE_PROGRAM=/local/S/jenkins/workspace/shared/Artifactory/OSX/ninja/1.10.2/95d0ca5/ninja,-DPYTHON_INCLUDE_DIR=/local/S/jenkins/workspace/shared/Artifactory/OSX/rundev-master-debug/202310260154/runtime/3fe4f1c/runTime/Maya.app/Contents/Frameworks/Python.framework/Versions/Current/include/python3.10,-DPython_EXECUTABLE=/local/S/jenkins/workspace/shared/Artifactory/OSX/rundev-master-debug/202310260154/runtime/3fe4f1c/runTime/Maya.app/Contents/bin/mayapy,-DPYTHON_LIBRARIES=/local/S/jenkins/workspace/shared/Artifactory/OSX/rundev-master-debug/202310260154/runtime/3fe4f1c/runTime/Maya.app/Contents/Frameworks/Python.framework/Versions/Current/lib/libpython3.10.dylib,-DBUILD_WITH_PYTHON_3=ON,-DBUILD_WITH_PYTHON_3_VERSION=3.10,-DBUILD_UB2=ON,-DCMAKE_WANT_MATERIALX_BUILD=ON,-DCMAKE_PREFIX_PATH=/local/S/jenkins/workspace/shared/Artifactory/OSX/USD/a9d0dd1,-DMAYAHYDRA_BUILD_NUMBER=397,-DMAYAHYDRA_GIT_COMMIT=851bc817175b30fdfb09180171639e397c7baf14,-DMAYAHYDRA_GIT_BRANCH=master '--ctest-args=--parallel 8' --stages=configure --redirect-outstream-file=False --install-location /local/S/jenkins/workspace/ECP/ecg-maya-hydra/ecg-maya-hydra-branch-preflight-python3-osx/install/Debug/MayaHydra /local/S/jenkins/workspace/ECP/ecg-maya-hydra/ecg-maya-hydra-branch-preflight-python3-osx
[2023-11-15T18:29:40.990Z] Modified environment variables:
[2023-11-15T18:29:40.990Z]     PATH=/local/S/jenkins/workspace/shared/Artifactory/OSX/cmake/3.20.3/2594509/bin:/opt/homebrew/bin:/usr/local/bin:/bin:/usr/sbin:/sbin:/usr/bin:/usr/bin:/bin:/usr/sbin:/sbin
[2023-11-15T18:29:52.351Z]     -- The C compiler identification is AppleClang 13.1.6.13160021
[2023-11-15T18:29:52.351Z]     -- The CXX compiler identification is AppleClang 13.1.6.13160021
[2023-11-15T18:29:52.351Z]     -- Detecting C compiler ABI info
[2023-11-15T18:29:52.351Z]     -- Detecting C compiler ABI info - done
[2023-11-15T18:29:52.351Z]     -- Check for working C compiler: /Applications/Xcode.app/Contents/Developer/Toolchains/XcodeDefault.xctoolchain/usr/bin/cc - skipped
[2023-11-15T18:29:52.351Z]     -- Detecting C compile features
[2023-11-15T18:29:52.351Z]     -- Detecting C compile features - done
[2023-11-15T18:29:52.351Z]     -- Detecting CXX compiler ABI info
[2023-11-15T18:29:52.351Z]     -- Detecting CXX compiler ABI info - done
[2023-11-15T18:29:52.351Z]     -- Check for working CXX compiler: /Applications/Xcode.app/Contents/Developer/Toolchains/XcodeDefault.xctoolchain/usr/bin/c++ - skipped
[2023-11-15T18:29:52.351Z]     -- Detecting CXX compile features
[2023-11-15T18:29:52.351Z]     -- Detecting CXX compile features - done
[2023-11-15T18:29:52.351Z]     -- Building with Universal Binary 2
[2023-11-15T18:29:53.505Z]     -- Using Maya Light API Version 3
[2023-11-15T18:29:53.505Z]     -- Maya has setDefaultMaterialHandling API
[2023-11-15T18:29:53.505Z]     -- Maya has new point snapping API
[2023-11-15T18:29:53.505Z]     -- Maya has isInCrashHandler API
[2023-11-15T18:29:53.505Z]     -- Maya has getDisplayStyleOfAllViewports API
[2023-11-15T18:29:53.505Z]     -- Maya array iterator has difference_type trait
[2023-11-15T18:29:53.505Z]     -- MFnSet has getMemberPaths function
[2023-11-15T18:29:53.505Z]     -- MFnDisplayLayer exists
[2023-11-15T18:29:53.505Z]     -- MDisplayLayerMessage has MDisplayLayerMemberChangedFunction
[2023-11-15T18:29:53.505Z]     -- MRenderItem has HideOnPlayback API
[2023-11-15T18:29:53.505Z]     -- MacOSX: Maya was built with Universal Binary 2 (x86_64/arm64)
[2023-11-15T18:29:53.505Z]     -- Found Maya: /local/S/jenkins/workspace/shared/Artifactory/OSX/rundev-master-debug/202310260154/runtime/3fe4f1c/runTime/maya.app/Contents/MacOS/Maya (found suitable version "2025", minimum required is "2024")
[2023-11-15T18:29:54.057Z]     -- Found Python: /local/S/jenkins/workspace/shared/Artifactory/OSX/rundev-master-debug/202310260154/runtime/3fe4f1c/runTime/Maya.app/Contents/bin/mayapy (found suitable exact version "3.10.8") found components: Interpreter
[2023-11-15T18:29:54.057Z]     -- Build mayaHydra with Python3 = 3.10
[2023-11-15T18:29:54.057Z]     --    PYTHON_INCLUDE_DIRS = /local/S/jenkins/workspace/shared/Artifactory/OSX/rundev-master-debug/202310260154/runtime/3fe4f1c/runTime/Maya.app/Contents/Frameworks/Python.framework/Versions/Current/include/python3.10
[2023-11-15T18:29:54.057Z]     --    PYTHON_LIBRARIES    = /local/S/jenkins/workspace/shared/Artifactory/OSX/rundev-master-debug/202310260154/runtime/3fe4f1c/runTime/Maya.app/Contents/Frameworks/Python.framework/Versions/Current/lib/libpython3.10.dylib
[2023-11-15T18:29:54.057Z]     --    Python_EXECUTABLE   = /local/S/jenkins/workspace/shared/Artifactory/OSX/rundev-master-debug/202310260154/runtime/3fe4f1c/runTime/Maya.app/Contents/bin/mayapy
[2023-11-15T18:29:54.057Z]     -- Found Python3: /local/S/jenkins/workspace/shared/Artifactory/OSX/rundev-master-debug/202310260154/runtime/3fe4f1c/runTime/Maya.app/Contents/Frameworks/Python.framework/Versions/Current/include/python3.10 (found suitable exact version "3.10.8") found components: Development Development.Module Development.Embed
[2023-11-15T18:29:54.057Z]     -- USD has new Sdr.PropertyTypes.Color4
[2023-11-15T18:29:54.057Z]     -- USD has MaterialX metadata support
[2023-11-15T18:29:54.057Z]     -- USD include dir: /local/S/jenkins/workspace/shared/Artifactory/OSX/USD/a9d0dd1/include
[2023-11-15T18:29:54.057Z]     -- USD library dir: /local/S/jenkins/workspace/shared/Artifactory/OSX/USD/a9d0dd1/lib
[2023-11-15T18:29:54.057Z]     -- USD version: 0.23.8
[2023-11-15T18:29:54.057Z]     -- Found USD: /local/S/jenkins/workspace/shared/Artifactory/OSX/USD/a9d0dd1 (found suitable version "0.23.8", minimum required is "0.22.11")
[2023-11-15T18:29:54.057Z]     Updated PYTHONPATH: /local/S/jenkins/workspace/shared/Artifactory/OSX/USD/a9d0dd1/lib/python
[2023-11-15T18:29:54.608Z]     -- Found UFE: /local/S/jenkins/workspace/shared/Artifactory/OSX/rundev-master-debug/202310260154/runtime/3fe4f1c/devkitBase/devkit/ufe/include (found version "0.5.11")
[2023-11-15T18:29:54.608Z]     -- UFE include dir: /local/S/jenkins/workspace/shared/Artifactory/OSX/rundev-master-debug/202310260154/runtime/3fe4f1c/devkitBase/devkit/ufe/include
[2023-11-15T18:29:54.608Z]     -- UFE library: /local/S/jenkins/workspace/shared/Artifactory/OSX/rundev-master-debug/202310260154/runtime/3fe4f1c/devkitBase/devkit/ufe/lib/libufe_0.dylib
[2023-11-15T18:29:54.608Z]     -- UFE version: 0.5.11
[2023-11-15T18:29:54.608Z]     -- Maya has UFE lights API
[2023-11-15T18:29:54.608Z]     -- Maya has UFE scene segment API
[2023-11-15T18:29:54.608Z]     -- Maya has UFE TrieNode childrenComponents accessor
[2023-11-15T18:29:54.608Z]     -- Building with UFE 0.5.11.
[2023-11-15T18:29:54.608Z]     -- Found MaterialX
[2023-11-15T18:29:54.608Z]     -- Performing Test HAVE_STDATOMIC
[2023-11-15T18:29:54.608Z]     -- Performing Test HAVE_STDATOMIC - Success
[2023-11-15T18:29:54.608Z]     -- Found OpenGL: /Applications/Xcode.app/Contents/Developer/Platforms/MacOSX.platform/Developer/SDKs/MacOSX12.3.sdk/System/Library/Frameworks/OpenGL.framework
[2023-11-15T18:29:55.162Z]     -- Check if linker can resolve circular dependencies - TRUE
[2023-11-15T18:29:55.162Z]     -- Found Qt 6.5.2 in Maya devkit. Hydra Scene Browser will be built.
[2023-11-15T18:29:55.162Z]     -- **** Building Gulrak From Github Repository.
[2023-11-15T18:29:55.162Z]     -- Populating gulrak
[2023-11-15T18:29:55.162Z]     -- Configuring done
[2023-11-15T18:29:55.162Z]     -- Generating done
[2023-11-15T18:29:55.162Z]     -- Build files have been written to: /Volumes/DATA/local/S/jenkins/workspace/ECP/ecg-maya-hydra/ecg-maya-hydra-branch-preflight-python3-osx/build/Debug/_deps/gulrak-subbuild
[2023-11-15T18:29:55.162Z]     [1/9] Creating directories for 'gulrak-populate'
[2023-11-15T18:29:55.162Z]     [1/9] Performing download step (git clone) for 'gulrak-populate'
[2023-11-15T18:29:55.162Z]     Cloning into 'gulrak-src'...
[2023-11-15T18:29:55.162Z]     HEAD is now at 4e21ab3 Version bump and updated readme.
[2023-11-15T18:29:55.715Z]     [2/9] Performing update step for 'gulrak-populate'
[2023-11-15T18:29:55.715Z]     [4/9] No patch step for 'gulrak-populate'
[2023-11-15T18:29:55.715Z]     [5/9] No configure step for 'gulrak-populate'
[2023-11-15T18:29:55.715Z]     [6/9] No build step for 'gulrak-populate'
[2023-11-15T18:29:55.715Z]     [7/9] No install step for 'gulrak-populate'
[2023-11-15T18:29:55.715Z]     [8/9] No test step for 'gulrak-populate'
[2023-11-15T18:29:55.715Z]     [9/9] Completed 'gulrak-populate'
[2023-11-15T18:29:55.715Z]     -- ========== Installing GoogleTest... ==========
[2023-11-15T18:29:55.715Z]     -- Configuring done
[2023-11-15T18:29:55.715Z]     -- Generating done
[2023-11-15T18:29:55.715Z]     -- Build files have been written to: /Volumes/DATA/local/S/jenkins/workspace/ECP/ecg-maya-hydra/ecg-maya-hydra-branch-preflight-python3-osx/build/Debug/googletest-config
[2023-11-15T18:29:55.715Z]     [1/8] Creating directories for 'googletest'
[2023-11-15T18:29:59.104Z]     [2/8] Performing download step (git clone) for 'googletest'
[2023-11-15T18:29:59.104Z]     Cloning into 'googletest-src'...
[2023-11-15T18:29:59.104Z]     HEAD is now at 703bd9ca Googletest export
[2023-11-15T18:29:59.104Z]     [3/8] Performing update step for 'googletest'
[2023-11-15T18:29:59.104Z]     [4/8] No patch step for 'googletest'
[2023-11-15T18:30:00.258Z]     [5/8] Performing configure step for 'googletest'
[2023-11-15T18:30:00.258Z]     Not searching for unused variables given on the command line.
[2023-11-15T18:30:00.258Z]     CMake Deprecation Warning at CMakeLists.txt:4 (cmake_minimum_required):
[2023-11-15T18:30:00.258Z]       Compatibility with CMake < 2.8.12 will be removed from a future version of
[2023-11-15T18:30:00.258Z]       CMake.
[2023-11-15T18:30:00.258Z]     
[2023-11-15T18:30:00.258Z]       Update the VERSION argument <min> value or use a ...<max> suffix to tell
[2023-11-15T18:30:00.258Z]       CMake that the project does not need compatibility with older versions.
[2023-11-15T18:30:00.258Z]     
[2023-11-15T18:30:00.258Z]     
[2023-11-15T18:30:00.258Z]     -- The C compiler identification is AppleClang 13.1.6.13160021
[2023-11-15T18:30:00.258Z]     -- The CXX compiler identification is AppleClang 13.1.6.13160021
[2023-11-15T18:30:00.258Z]     -- Detecting C compiler ABI info
[2023-11-15T18:30:00.258Z]     -- Detecting C compiler ABI info - done
[2023-11-15T18:30:00.258Z]     -- Check for working C compiler: /Applications/Xcode.app/Contents/Developer/Toolchains/XcodeDefault.xctoolchain/usr/bin/cc - skipped
[2023-11-15T18:30:00.258Z]     -- Detecting C compile features
[2023-11-15T18:30:00.258Z]     -- Detecting C compile features - done
[2023-11-15T18:30:00.258Z]     -- Detecting CXX compiler ABI info
[2023-11-15T18:30:00.258Z]     -- Detecting CXX compiler ABI info - done
[2023-11-15T18:30:00.258Z]     -- Check for working CXX compiler: /Applications/Xcode.app/Contents/Developer/Toolchains/XcodeDefault.xctoolchain/usr/bin/c++ - skipped
[2023-11-15T18:30:00.258Z]     -- Detecting CXX compile features
[2023-11-15T18:30:00.258Z]     -- Detecting CXX compile features - done
[2023-11-15T18:30:00.258Z]     CMake Deprecation Warning at googletest/CMakeLists.txt:56 (cmake_minimum_required):
[2023-11-15T18:30:00.258Z]       Compatibility with CMake < 2.8.12 will be removed from a future version of
[2023-11-15T18:30:00.258Z]       CMake.
[2023-11-15T18:30:00.258Z]     
[2023-11-15T18:30:00.258Z]       Update the VERSION argument <min> value or use a ...<max> suffix to tell
[2023-11-15T18:30:00.258Z]       CMake that the project does not need compatibility with older versions.
[2023-11-15T18:30:00.258Z]     
[2023-11-15T18:30:00.258Z]     
[2023-11-15T18:30:00.258Z]     -- Found PythonInterp: /usr/local/bin/python (found version "3.10.6")
[2023-11-15T18:30:00.258Z]     -- Looking for pthread.h
[2023-11-15T18:30:00.258Z]     -- Looking for pthread.h - found
[2023-11-15T18:30:00.258Z]     -- Performing Test CMAKE_HAVE_LIBC_PTHREAD
[2023-11-15T18:30:00.258Z]     -- Performing Test CMAKE_HAVE_LIBC_PTHREAD - Success
[2023-11-15T18:30:00.258Z]     -- Found Threads: TRUE
[2023-11-15T18:30:00.258Z]     -- Configuring done
[2023-11-15T18:30:00.258Z]     -- Generating done
[2023-11-15T18:30:00.258Z]     -- Build files have been written to: /Volumes/DATA/local/S/jenkins/workspace/ECP/ecg-maya-hydra/ecg-maya-hydra-branch-preflight-python3-osx/build/Debug/googletest-build
[2023-11-15T18:30:02.815Z]     [6/8] Performing build step for 'googletest'
[2023-11-15T18:30:02.815Z]     [1/4] Building CXX object googletest/CMakeFiles/gtest_main.dir/src/gtest_main.cc.o
[2023-11-15T18:30:02.815Z]     [2/4] Building CXX object googletest/CMakeFiles/gtest.dir/src/gtest-all.cc.o
[2023-11-15T18:30:02.815Z]     [3/4] Linking CXX shared library lib/libgtestd.dylib
[2023-11-15T18:30:02.815Z]     [4/4] Linking CXX shared library lib/libgtest_maind.dylib
[2023-11-15T18:30:02.815Z]     [7/8] Performing install step for 'googletest'
[2023-11-15T18:30:02.815Z]     [0/1] Install the project...
[2023-11-15T18:30:02.815Z]     -- Install configuration: "Debug"
[2023-11-15T18:30:02.815Z]     [8/8] Completed 'googletest'
[2023-11-15T18:30:02.815Z]     -- ========== ...  GoogleTest installed. ==========
[2023-11-15T18:30:02.815Z]     -- Found GTest: /Volumes/DATA/local/S/jenkins/workspace/ECP/ecg-maya-hydra/ecg-maya-hydra-branch-preflight-python3-osx/build/Debug/googletest-install/lib/libgtestd.dylib
[2023-11-15T18:30:02.815Z]     -- promoting: /Volumes/DATA/local/S/jenkins/workspace/ECP/ecg-maya-hydra/ecg-maya-hydra-branch-preflight-python3-osx/ecg-maya-hydra/maya-hydra/lib/mayaHydra/mayaPlugin/pluginUtils.h
[2023-11-15T18:30:02.815Z]     -- promoting: /Volumes/DATA/local/S/jenkins/workspace/ECP/ecg-maya-hydra/ecg-maya-hydra-branch-preflight-python3-osx/ecg-maya-hydra/maya-hydra/lib/mayaHydra/hydraExtensions/api.h
[2023-11-15T18:30:02.815Z]     -- promoting: /Volumes/DATA/local/S/jenkins/workspace/ECP/ecg-maya-hydra/ecg-maya-hydra-branch-preflight-python3-osx/ecg-maya-hydra/maya-hydra/lib/mayaHydra/hydraExtensions/debugCodes.h
[2023-11-15T18:30:02.815Z]     -- promoting: /Volumes/DATA/local/S/jenkins/workspace/ECP/ecg-maya-hydra/ecg-maya-hydra-branch-preflight-python3-osx/ecg-maya-hydra/maya-hydra/lib/mayaHydra/hydraExtensions/hydraUtils.h
[2023-11-15T18:30:02.815Z]     -- promoting: /Volumes/DATA/local/S/jenkins/workspace/ECP/ecg-maya-hydra/ecg-maya-hydra-branch-preflight-python3-osx/ecg-maya-hydra/maya-hydra/lib/mayaHydra/hydraExtensions/mayaHydraLibInterface.h
[2023-11-15T18:30:02.815Z]     -- promoting: /Volumes/DATA/local/S/jenkins/workspace/ECP/ecg-maya-hydra/ecg-maya-hydra-branch-preflight-python3-osx/ecg-maya-hydra/maya-hydra/lib/mayaHydra/hydraExtensions/mayaHydraLibInterfaceImp.h
[2023-11-15T18:30:02.815Z]     -- promoting: /Volumes/DATA/local/S/jenkins/workspace/ECP/ecg-maya-hydra/ecg-maya-hydra-branch-preflight-python3-osx/ecg-maya-hydra/maya-hydra/lib/mayaHydra/hydraExtensions/mayaUtils.h
[2023-11-15T18:30:02.815Z]     -- promoting: /Volumes/DATA/local/S/jenkins/workspace/ECP/ecg-maya-hydra/ecg-maya-hydra-branch-preflight-python3-osx/ecg-maya-hydra/maya-hydra/lib/mayaHydra/hydraExtensions/mixedUtils.h
[2023-11-15T18:30:02.815Z]     -- promoting: /Volumes/DATA/local/S/jenkins/workspace/ECP/ecg-maya-hydra/ecg-maya-hydra-branch-preflight-python3-osx/ecg-maya-hydra/maya-hydra/lib/mayaHydra/hydraExtensions/mayaHydraSceneProducer.h
[2023-11-15T18:30:02.815Z]     -- promoting: /Volumes/DATA/local/S/jenkins/workspace/ECP/ecg-maya-hydra/ecg-maya-hydra-branch-preflight-python3-osx/ecg-maya-hydra/maya-hydra/lib/mayaHydra/hydraExtensions/adapters/adapter.h
[2023-11-15T18:30:02.815Z]     -- promoting: /Volumes/DATA/local/S/jenkins/workspace/ECP/ecg-maya-hydra/ecg-maya-hydra-branch-preflight-python3-osx/ecg-maya-hydra/maya-hydra/lib/mayaHydra/hydraExtensions/adapters/adapterDebugCodes.h
[2023-11-15T18:30:02.815Z]     -- promoting: /Volumes/DATA/local/S/jenkins/workspace/ECP/ecg-maya-hydra/ecg-maya-hydra-branch-preflight-python3-osx/ecg-maya-hydra/maya-hydra/lib/mayaHydra/hydraExtensions/adapters/adapterRegistry.h
[2023-11-15T18:30:02.815Z]     -- promoting: /Volumes/DATA/local/S/jenkins/workspace/ECP/ecg-maya-hydra/ecg-maya-hydra-branch-preflight-python3-osx/ecg-maya-hydra/maya-hydra/lib/mayaHydra/hydraExtensions/adapters/cameraAdapter.h
[2023-11-15T18:30:02.815Z]     -- promoting: /Volumes/DATA/local/S/jenkins/workspace/ECP/ecg-maya-hydra/ecg-maya-hydra-branch-preflight-python3-osx/ecg-maya-hydra/maya-hydra/lib/mayaHydra/hydraExtensions/adapters/constantShadowMatrix.h
[2023-11-15T18:30:02.815Z]     -- promoting: /Volumes/DATA/local/S/jenkins/workspace/ECP/ecg-maya-hydra/ecg-maya-hydra-branch-preflight-python3-osx/ecg-maya-hydra/maya-hydra/lib/mayaHydra/hydraExtensions/adapters/dagAdapter.h
[2023-11-15T18:30:02.815Z]     -- promoting: /Volumes/DATA/local/S/jenkins/workspace/ECP/ecg-maya-hydra/ecg-maya-hydra-branch-preflight-python3-osx/ecg-maya-hydra/maya-hydra/lib/mayaHydra/hydraExtensions/adapters/renderItemAdapter.h
[2023-11-15T18:30:02.815Z]     -- promoting: /Volumes/DATA/local/S/jenkins/workspace/ECP/ecg-maya-hydra/ecg-maya-hydra-branch-preflight-python3-osx/ecg-maya-hydra/maya-hydra/lib/mayaHydra/hydraExtensions/adapters/lightAdapter.h
[2023-11-15T18:30:02.815Z]     -- promoting: /Volumes/DATA/local/S/jenkins/workspace/ECP/ecg-maya-hydra/ecg-maya-hydra-branch-preflight-python3-osx/ecg-maya-hydra/maya-hydra/lib/mayaHydra/hydraExtensions/adapters/materialAdapter.h
[2023-11-15T18:30:02.815Z]     -- promoting: /Volumes/DATA/local/S/jenkins/workspace/ECP/ecg-maya-hydra/ecg-maya-hydra-branch-preflight-python3-osx/ecg-maya-hydra/maya-hydra/lib/mayaHydra/hydraExtensions/adapters/materialNetworkConverter.h
[2023-11-15T18:30:02.815Z]     -- promoting: /Volumes/DATA/local/S/jenkins/workspace/ECP/ecg-maya-hydra/ecg-maya-hydra-branch-preflight-python3-osx/ecg-maya-hydra/maya-hydra/lib/mayaHydra/hydraExtensions/adapters/mayaAttrs.h
[2023-11-15T18:30:02.815Z]     -- promoting: /Volumes/DATA/local/S/jenkins/workspace/ECP/ecg-maya-hydra/ecg-maya-hydra-branch-preflight-python3-osx/ecg-maya-hydra/maya-hydra/lib/mayaHydra/hydraExtensions/adapters/shapeAdapter.h
[2023-11-15T18:30:02.815Z]     -- promoting: /Volumes/DATA/local/S/jenkins/workspace/ECP/ecg-maya-hydra/ecg-maya-hydra-branch-preflight-python3-osx/ecg-maya-hydra/maya-hydra/lib/mayaHydra/hydraExtensions/adapters/tokens.h
[2023-11-15T18:30:02.816Z]     -- promoting: /Volumes/DATA/local/S/jenkins/workspace/ECP/ecg-maya-hydra/ecg-maya-hydra-branch-preflight-python3-osx/ecg-maya-hydra/maya-hydra/lib/mayaHydra/hydraExtensions/delegates/delegate.h
[2023-11-15T18:30:02.816Z]     -- promoting: /Volumes/DATA/local/S/jenkins/workspace/ECP/ecg-maya-hydra/ecg-maya-hydra-branch-preflight-python3-osx/ecg-maya-hydra/maya-hydra/lib/mayaHydra/hydraExtensions/delegates/delegateCtx.h
[2023-11-15T18:30:02.816Z]     -- promoting: /Volumes/DATA/local/S/jenkins/workspace/ECP/ecg-maya-hydra/ecg-maya-hydra-branch-preflight-python3-osx/ecg-maya-hydra/maya-hydra/lib/mayaHydra/hydraExtensions/delegates/delegateDebugCodes.h
[2023-11-15T18:30:02.816Z]     -- promoting: /Volumes/DATA/local/S/jenkins/workspace/ECP/ecg-maya-hydra/ecg-maya-hydra-branch-preflight-python3-osx/ecg-maya-hydra/maya-hydra/lib/mayaHydra/hydraExtensions/delegates/delegateRegistry.h
[2023-11-15T18:30:02.816Z]     -- promoting: /Volumes/DATA/local/S/jenkins/workspace/ECP/ecg-maya-hydra/ecg-maya-hydra-branch-preflight-python3-osx/ecg-maya-hydra/maya-hydra/lib/mayaHydra/hydraExtensions/delegates/params.h
[2023-11-15T18:30:02.816Z]     -- promoting: /Volumes/DATA/local/S/jenkins/workspace/ECP/ecg-maya-hydra/ecg-maya-hydra-branch-preflight-python3-osx/ecg-maya-hydra/maya-hydra/lib/mayaHydra/hydraExtensions/delegates/sceneDelegate.h
[2023-11-15T18:30:02.816Z]     -- promoting: /Volumes/DATA/local/S/jenkins/workspace/ECP/ecg-maya-hydra/ecg-maya-hydra-branch-preflight-python3-osx/ecg-maya-hydra/maya-hydra/lib/mayaHydra/hydraExtensions/delegates/defaultLightDelegate.h
[2023-11-15T18:30:02.816Z]     -- promoting: /Volumes/DATA/local/S/jenkins/workspace/ECP/ecg-maya-hydra/ecg-maya-hydra-branch-preflight-python3-osx/ecg-maya-hydra/maya-hydra/lib/mayaHydra/hydraExtensions/delegates/testDelegate.h
[2023-11-15T18:30:02.816Z]     -- promoting: /Volumes/DATA/local/S/jenkins/workspace/ECP/ecg-maya-hydra/ecg-maya-hydra-branch-preflight-python3-osx/ecg-maya-hydra/maya-hydra/lib/mayaHydra/hydraExtensions/sceneIndex/registration.h
[2023-11-15T18:30:02.816Z]     -- promoting: /Volumes/DATA/local/S/jenkins/workspace/ECP/ecg-maya-hydra/ecg-maya-hydra-branch-preflight-python3-osx/ecg-maya-hydra/maya-hydra/lib/mayaHydra/hydraExtensions/sceneIndex/mayaHydraSceneIndex.h
[2023-11-15T18:30:02.816Z]     -- promoting: /Volumes/DATA/local/S/jenkins/workspace/ECP/ecg-maya-hydra/ecg-maya-hydra-branch-preflight-python3-osx/ecg-maya-hydra/maya-hydra/lib/mayaHydra/hydraExtensions/sceneIndex/mayaHydraDataSource.h
[2023-11-15T18:30:02.816Z]     -- promoting: /Volumes/DATA/local/S/jenkins/workspace/ECP/ecg-maya-hydra/ecg-maya-hydra-branch-preflight-python3-osx/ecg-maya-hydra/maya-hydra/lib/mayaHydra/hydraExtensions/sceneIndex/mayaHydraPrimvarDataSource.h
[2023-11-15T18:30:02.816Z]     -- promoting: /Volumes/DATA/local/S/jenkins/workspace/ECP/ecg-maya-hydra/ecg-maya-hydra-branch-preflight-python3-osx/ecg-maya-hydra/maya-hydra/lib/mayaHydra/hydraExtensions/sceneIndex/mayaHydraDisplayStyleDataSource.h
[2023-11-15T18:30:02.816Z]     -- promoting: /Volumes/DATA/local/S/jenkins/workspace/ECP/ecg-maya-hydra/ecg-maya-hydra-branch-preflight-python3-osx/ecg-maya-hydra/maya-hydra/lib/mayaHydra/hydraExtensions/sceneIndex/mayaHydraCameraDataSource.h
[2023-11-15T18:30:02.816Z]     -- promoting: /Volumes/DATA/local/S/jenkins/workspace/ECP/ecg-maya-hydra/ecg-maya-hydra-branch-preflight-python3-osx/ecg-maya-hydra/maya-hydra/lib/mayaHydra/hydraExtensions/sceneIndex/mayaHydraLightDataSource.h
[2023-11-15T18:30:02.816Z]     -- promoting: /Volumes/DATA/local/S/jenkins/workspace/ECP/ecg-maya-hydra/ecg-maya-hydra-branch-preflight-python3-osx/ecg-maya-hydra/maya-hydra/lib/mayaHydra/hydraExtensions/sceneIndex/mayaHydraDefaultLightDataSource.h
[2023-11-15T18:30:02.816Z]     -- promoting: /Volumes/DATA/local/S/jenkins/workspace/ECP/ecg-maya-hydra/ecg-maya-hydra-branch-preflight-python3-osx/ecg-maya-hydra/maya-hydra/lib/mayaHydra/ufeExtensions/api.h
[2023-11-15T18:30:02.816Z]     -- promoting: /Volumes/DATA/local/S/jenkins/workspace/ECP/ecg-maya-hydra/ecg-maya-hydra-branch-preflight-python3-osx/ecg-maya-hydra/maya-hydra/lib/mayaHydra/ufeExtensions/Global.h
[2023-11-15T18:30:02.816Z]     -- promoting: /Volumes/DATA/local/S/jenkins/workspace/ECP/ecg-maya-hydra/ecg-maya-hydra-branch-preflight-python3-osx/ecg-maya-hydra/maya-hydra/lib/flowViewport/api.h
[2023-11-15T18:30:02.816Z]     -- promoting: /Volumes/DATA/local/S/jenkins/workspace/ECP/ecg-maya-hydra/ecg-maya-hydra-branch-preflight-python3-osx/ecg-maya-hydra/maya-hydra/lib/flowViewport/debugCodes.h
[2023-11-15T18:30:02.816Z]     -- promoting: /Volumes/DATA/local/S/jenkins/workspace/ECP/ecg-maya-hydra/ecg-maya-hydra-branch-preflight-python3-osx/ecg-maya-hydra/maya-hydra/lib/flowViewport/global.h
[2023-11-15T18:30:02.816Z]     -- promoting: /Volumes/DATA/local/S/jenkins/workspace/ECP/ecg-maya-hydra/ecg-maya-hydra-branch-preflight-python3-osx/ecg-maya-hydra/maya-hydra/lib/flowViewport/tokens.h
[2023-11-15T18:30:02.816Z]     -- promoting: /Volumes/DATA/local/S/jenkins/workspace/ECP/ecg-maya-hydra/ecg-maya-hydra-branch-preflight-python3-osx/ecg-maya-hydra/maya-hydra/lib/flowViewport/colorPreferences/fvpColorChanged.h
[2023-11-15T18:30:02.816Z]     -- promoting: /Volumes/DATA/local/S/jenkins/workspace/ECP/ecg-maya-hydra/ecg-maya-hydra-branch-preflight-python3-osx/ecg-maya-hydra/maya-hydra/lib/flowViewport/colorPreferences/fvpColorPreferences.h
[2023-11-15T18:30:02.816Z]     -- promoting: /Volumes/DATA/local/S/jenkins/workspace/ECP/ecg-maya-hydra/ecg-maya-hydra-branch-preflight-python3-osx/ecg-maya-hydra/maya-hydra/lib/flowViewport/colorPreferences/fvpColorPreferencesTokens.h
[2023-11-15T18:30:02.816Z]     -- promoting: /Volumes/DATA/local/S/jenkins/workspace/ECP/ecg-maya-hydra/ecg-maya-hydra-branch-preflight-python3-osx/ecg-maya-hydra/maya-hydra/lib/flowViewport/colorPreferences/fvpColorPreferencesTranslator.h
[2023-11-15T18:30:02.816Z]     -- promoting: /Volumes/DATA/local/S/jenkins/workspace/ECP/ecg-maya-hydra/ecg-maya-hydra-branch-preflight-python3-osx/ecg-maya-hydra/maya-hydra/lib/flowViewport/sceneIndex/fvpMergingSceneIndex.h
[2023-11-15T18:30:02.816Z]     -- promoting: /Volumes/DATA/local/S/jenkins/workspace/ECP/ecg-maya-hydra/ecg-maya-hydra-branch-preflight-python3-osx/ecg-maya-hydra/maya-hydra/lib/flowViewport/sceneIndex/fvpPathInterface.h
[2023-11-15T18:30:02.816Z]     -- promoting: /Volumes/DATA/local/S/jenkins/workspace/ECP/ecg-maya-hydra/ecg-maya-hydra-branch-preflight-python3-osx/ecg-maya-hydra/maya-hydra/lib/flowViewport/sceneIndex/fvpPathInterfaceSceneIndex.h
[2023-11-15T18:30:02.816Z]     -- promoting: /Volumes/DATA/local/S/jenkins/workspace/ECP/ecg-maya-hydra/ecg-maya-hydra-branch-preflight-python3-osx/ecg-maya-hydra/maya-hydra/lib/flowViewport/sceneIndex/fvpRenderIndexProxy.h
[2023-11-15T18:30:02.816Z]     -- promoting: /Volumes/DATA/local/S/jenkins/workspace/ECP/ecg-maya-hydra/ecg-maya-hydra-branch-preflight-python3-osx/ecg-maya-hydra/maya-hydra/lib/flowViewport/sceneIndex/fvpSelectionSceneIndex.h
[2023-11-15T18:30:02.816Z]     -- promoting: /Volumes/DATA/local/S/jenkins/workspace/ECP/ecg-maya-hydra/ecg-maya-hydra-branch-preflight-python3-osx/ecg-maya-hydra/maya-hydra/lib/flowViewport/sceneIndex/fvpWireframeSelectionHighlightSceneIndex.h
[2023-11-15T18:30:02.816Z]     -- promoting: /Volumes/DATA/local/S/jenkins/workspace/ECP/ecg-maya-hydra/ecg-maya-hydra-branch-preflight-python3-osx/ecg-maya-hydra/maya-hydra/lib/flowViewport/API/fvpSelectionClient.h
[2023-11-15T18:30:02.816Z]     -- promoting: /Volumes/DATA/local/S/jenkins/workspace/ECP/ecg-maya-hydra/ecg-maya-hydra-branch-preflight-python3-osx/ecg-maya-hydra/maya-hydra/lib/flowViewport/API/fvpFlowSelectionInterface.h
[2023-11-15T18:30:02.816Z]     -- promoting: /Volumes/DATA/local/S/jenkins/workspace/ECP/ecg-maya-hydra/ecg-maya-hydra-branch-preflight-python3-osx/ecg-maya-hydra/maya-hydra/lib/flowViewport/API/fvpVersionInterface.h
[2023-11-15T18:30:02.816Z]     -- promoting: /Volumes/DATA/local/S/jenkins/workspace/ECP/ecg-maya-hydra/ecg-maya-hydra-branch-preflight-python3-osx/ecg-maya-hydra/maya-hydra/lib/flowViewport/API/fvpInformationInterface.h
[2023-11-15T18:30:02.816Z]     -- promoting: /Volumes/DATA/local/S/jenkins/workspace/ECP/ecg-maya-hydra/ecg-maya-hydra-branch-preflight-python3-osx/ecg-maya-hydra/maya-hydra/lib/flowViewport/API/fvpInformationClient.h
[2023-11-15T18:30:02.816Z]     -- promoting: /Volumes/DATA/local/S/jenkins/workspace/ECP/ecg-maya-hydra/ecg-maya-hydra-branch-preflight-python3-osx/ecg-maya-hydra/maya-hydra/lib/flowViewport/API/interfacesImp/fvpSelectionInterfaceImp.h
[2023-11-15T18:30:02.816Z]     -- promoting: /Volumes/DATA/local/S/jenkins/workspace/ECP/ecg-maya-hydra/ecg-maya-hydra-branch-preflight-python3-osx/ecg-maya-hydra/maya-hydra/lib/flowViewport/API/interfacesImp/fvpVersionInterfaceImp.h
[2023-11-15T18:30:02.816Z]     -- promoting: /Volumes/DATA/local/S/jenkins/workspace/ECP/ecg-maya-hydra/ecg-maya-hydra-branch-preflight-python3-osx/ecg-maya-hydra/maya-hydra/lib/flowViewport/API/interfacesImp/fvpInformationInterfaceImp.h
[2023-11-15T18:30:02.816Z]     -- promoting: /Volumes/DATA/local/S/jenkins/workspace/ECP/ecg-maya-hydra/ecg-maya-hydra-branch-preflight-python3-osx/ecg-maya-hydra/maya-hydra/lib/flowViewport/API/samples/fvpSelectionClientExample.h
[2023-11-15T18:30:02.816Z]     -- promoting: /Volumes/DATA/local/S/jenkins/workspace/ECP/ecg-maya-hydra/ecg-maya-hydra-branch-preflight-python3-osx/ecg-maya-hydra/maya-hydra/lib/flowViewport/API/samples/fvpInformationClientExample.h
[2023-11-15T18:30:02.816Z]     -- promoting: /Volumes/DATA/local/S/jenkins/workspace/ECP/ecg-maya-hydra/ecg-maya-hydra-branch-preflight-python3-osx/ecg-maya-hydra/maya-hydra/lib/flowViewport/API/perViewportSceneIndicesData/fvpViewportInformationAndSceneIndicesPerViewportData.h
[2023-11-15T18:30:02.816Z]     -- promoting: /Volumes/DATA/local/S/jenkins/workspace/ECP/ecg-maya-hydra/ecg-maya-hydra-branch-preflight-python3-osx/ecg-maya-hydra/maya-hydra/lib/flowViewport/API/perViewportSceneIndicesData/fvpViewportInformationAndSceneIndicesPerViewportDataManager.h
[2023-11-15T18:30:02.816Z]     -- promoting: /Volumes/DATA/local/S/jenkins/workspace/ECP/ecg-maya-hydra/ecg-maya-hydra-branch-preflight-python3-osx/ecg-maya-hydra/maya-hydra/lib/flowViewport/selection/fvpSelection.h
[2023-11-15T18:30:02.816Z]     -- promoting: /Volumes/DATA/local/S/jenkins/workspace/ECP/ecg-maya-hydra/ecg-maya-hydra-branch-preflight-python3-osx/ecg-maya-hydra/maya-hydra/lib/flowViewport/selection/fvpSelectionFwd.h
[2023-11-15T18:30:02.816Z]     -- promoting: /Volumes/DATA/local/S/jenkins/workspace/ECP/ecg-maya-hydra/ecg-maya-hydra-branch-preflight-python3-osx/ecg-maya-hydra/maya-hydra/lib/flowViewport/selection/fvpSelectionTask.h
[2023-11-15T18:30:02.816Z]     -- promoting: /Volumes/DATA/local/S/jenkins/workspace/ECP/ecg-maya-hydra/ecg-maya-hydra-branch-preflight-python3-osx/ecg-maya-hydra/maya-hydra/lib/flowViewport/selection/fvpSelectionTracker.h
[2023-11-15T18:30:04.658Z]     -- Configuring done
[2023-11-15T18:30:04.658Z]     -- Generating done
[2023-11-15T18:30:04.658Z]     CMake Warning:
[2023-11-15T18:30:04.658Z]       Manually-specified variables were not used by the project:
[2023-11-15T18:30:04.658Z]     
[2023-11-15T18:30:04.658Z]         BUILD_WITH_PYTHON_3
[2023-11-15T18:30:04.658Z]         MAYAHYDRA_BUILD_NUMBER
[2023-11-15T18:30:04.658Z]         MAYAHYDRA_GIT_BRANCH
[2023-11-15T18:30:04.658Z]         MAYAHYDRA_GIT_COMMIT
[2023-11-15T18:30:04.658Z]     
[2023-11-15T18:30:04.658Z]     
[2023-11-15T18:30:04.658Z]     -- Build files have been written to: /Volumes/DATA/local/S/jenkins/workspace/ECP/ecg-maya-hydra/ecg-maya-hydra-branch-preflight-python3-osx/build/Debug
[2023-11-15T18:30:04.658Z]     
[2023-11-15T18:30:04.658Z]         Building with settings:
[2023-11-15T18:30:04.658Z]           Source directory          /Volumes/DATA/local/S/jenkins/workspace/ECP/ecg-maya-hydra/ecg-maya-hydra-branch-preflight-python3-osx/ecg-maya-hydra/maya-hydra
[2023-11-15T18:30:04.658Z]           Workspace directory       /local/S/jenkins/workspace/ECP/ecg-maya-hydra/ecg-maya-hydra-branch-preflight-python3-osx
[2023-11-15T18:30:04.658Z]           Build directory           /local/S/jenkins/workspace/ECP/ecg-maya-hydra/ecg-maya-hydra-branch-preflight-python3-osx/build/Debug
[2023-11-15T18:30:04.658Z]           Install directory         /local/S/jenkins/workspace/ECP/ecg-maya-hydra/ecg-maya-hydra-branch-preflight-python3-osx/install/Debug/MayaHydra
[2023-11-15T18:30:04.658Z]           Variant                   Debug
[2023-11-15T18:30:04.658Z]           Python Debug              Off
[2023-11-15T18:30:04.658Z]           CMake generator           Ninja
[2023-11-15T18:30:04.658Z]           Build arguments           ['-DCMAKE_MAKE_PROGRAM=/local/S/jenkins/workspace/shared/Artifactory/OSX/ninja/1.10.2/95d0ca5/ninja', '-DPYTHON_INCLUDE_DIR=/local/S/jenkins/workspace/shared/Artifactory/OSX/rundev-master-debug/202310260154/runtime/3fe4f1c/runTime/Maya.app/Contents/Frameworks/Python.framework/Versions/Current/include/python3.10', '-DPython_EXECUTABLE=/local/S/jenkins/workspace/shared/Artifactory/OSX/rundev-master-debug/202310260154/runtime/3fe4f1c/runTime/Maya.app/Contents/bin/mayapy', '-DPYTHON_LIBRARIES=/local/S/jenkins/workspace/shared/Artifactory/OSX/rundev-master-debug/202310260154/runtime/3fe4f1c/runTime/Maya.app/Contents/Frameworks/Python.framework/Versions/Current/lib/libpython3.10.dylib', '-DBUILD_WITH_PYTHON_3=ON', '-DBUILD_WITH_PYTHON_3_VERSION=3.10', '-DBUILD_UB2=ON', '-DCMAKE_WANT_MATERIALX_BUILD=ON', '-DCMAKE_PREFIX_PATH=/local/S/jenkins/workspace/shared/Artifactory/OSX/USD/a9d0dd1', '-DMAYAHYDRA_BUILD_NUMBER=397', '-DMAYAHYDRA_GIT_COMMIT=851bc817175b30fdfb09180171639e397c7baf14', '-DMAYAHYDRA_GIT_BRANCH=master']
[2023-11-15T18:30:04.658Z]           Stages arguments          ['configure']
[2023-11-15T18:30:04.658Z]           CTest arguments           ['--parallel 8']
[2023-11-15T18:30:04.658Z]     STATUS: Could not find Maya Qt6.
[2023-11-15T18:30:04.658Z]     STATUS:   Extracting '/local/S/jenkins/workspace/shared/Artifactory/OSX/rundev-master-debug/202310260154/runtime/3fe4f1c/devkitBase/Qt.tgz' to '/local/S/jenkins/workspace/shared/Artifactory/OSX/rundev-master-debug/202310260154/runtime/3fe4f1c/devkitBase'
[2023-11-15T18:30:04.658Z]     Success MayaHydra build and install !!!!
[2023-11-15T18:30:04.658Z]     Elapsed time: 00:00:12
[Pipeline] sh
[2023-11-15T18:30:06.034Z] + python ecg-maya-hydra/build.py --stages=configure --workspace-dir=/local/S/jenkins/workspace/ECP/ecg-maya-hydra/ecg-maya-hydra-branch-preflight-python3-osx --artifactory-dir=/local/S/jenkins/workspace/shared/Artifactory --build-dir=/local/S/jenkins/workspace/ECP/ecg-maya-hydra/ecg-maya-hydra-branch-preflight-python3-osx/build --install-dir=/local/S/jenkins/workspace/ECP/ecg-maya-hydra/ecg-maya-hydra-branch-preflight-python3-osx/install --signing-dir=/local/S/jenkins/workspace/ECP/ecg-maya-hydra/ecg-maya-hydra-branch-preflight-python3-osx/signing --package-dir=/local/S/jenkins/workspace/ECP/ecg-maya-hydra/ecg-maya-hydra-branch-preflight-python3-osx/package --output-dir=/local/S/jenkins/workspace/ECP/ecg-maya-hydra/ecg-maya-hydra-branch-preflight-python3-osx/output --stash-dir=/local/S/jenkins/workspace/ECP/ecg-maya-hydra/ecg-maya-hydra-branch-preflight-python3-osx/stash --jenkins-build=397 --git-commit=851bc817175b30fdfb09180171639e397c7baf14 --git-branch=master --variants=RelWithDebInfo --interactive-tests=true --post-zips=false --osx-binary-architecture-target=ub2 --osx-deployment-target=11.0 --osx-base-sdk=CurrentActiveSDK --maya-cut-config=maya-rundev-master.yaml --maya-package=rundev-master --stage-banner
[2023-11-15T18:30:06.034Z] Using Maya cut from /local/S/jenkins/workspace/shared/Artifactory/OSX/rundev-master/202311060140/runtime/e9a5ae1
[2023-11-15T18:30:06.034Z] Using Maya ADSK Signatures from /local/S/jenkins/workspace/shared/Artifactory/OSX/adsk-plugin-signatures-maya/2023/3ae1ae7
[2023-11-15T18:30:06.034Z] Using Maya Security Library from /local/S/jenkins/workspace/shared/Artifactory/OSX/maya-security-library/3.4.0/5e08f3e
[2023-11-15T18:30:06.034Z] 
[2023-11-15T18:30:06.034Z] ================================================================================
[2023-11-15T18:30:06.034Z]                            configure (RelWithDebInfo)
[2023-11-15T18:30:06.034Z] ================================================================================
[2023-11-15T18:30:06.034Z] Maya Python RelWithDebInfo Info:
[2023-11-15T18:30:06.034Z]   mayapy executable   = /local/S/jenkins/workspace/shared/Artifactory/OSX/rundev-master/202311060140/runtime/e9a5ae1/runTime/Maya.app/Contents/bin/mayapy
[2023-11-15T18:30:06.034Z]   Include Folder      = /local/S/jenkins/workspace/shared/Artifactory/OSX/rundev-master/202311060140/runtime/e9a5ae1/runTime/Maya.app/Contents/Frameworks/Python.framework/Versions/Current/include/python3.10
[2023-11-15T18:30:06.034Z]   Library             = /local/S/jenkins/workspace/shared/Artifactory/OSX/rundev-master/202311060140/runtime/e9a5ae1/runTime/Maya.app/Contents/Frameworks/Python.framework/Versions/Current/lib/libpython3.10.dylib
[2023-11-15T18:30:06.034Z]   site-package Folder = /local/S/jenkins/workspace/shared/Artifactory/OSX/rundev-master/202311060140/runtime/e9a5ae1/runTime/Maya.app/Contents/Frameworks/Python.framework/Versions/Current/lib/python3.10/site-packages
[2023-11-15T18:30:06.034Z] In workdir: /Volumes/DATA/local/S/jenkins/workspace/ECP/ecg-maya-hydra/ecg-maya-hydra-branch-preflight-python3-osx/ecg-maya-hydra/maya-hydra
[2023-11-15T18:30:06.035Z] Executing: arch -arch arm64 /local/S/jenkins/workspace/shared/Artifactory/OSX/rundev-master/202311060140/runtime/e9a5ae1/runTime/Maya.app/Contents/bin/mayapy /Volumes/DATA/local/S/jenkins/workspace/ECP/ecg-maya-hydra/ecg-maya-hydra-branch-preflight-python3-osx/ecg-maya-hydra/maya-hydra/build.py --generator Ninja --build-relwithdebug --maya-location /local/S/jenkins/workspace/shared/Artifactory/OSX/rundev-master/202311060140/runtime/e9a5ae1/runTime --devkit-location /local/S/jenkins/workspace/shared/Artifactory/OSX/rundev-master/202311060140/runtime/e9a5ae1/devkitBase --pxrusd-location /local/S/jenkins/workspace/shared/Artifactory/OSX/USD/b595ab2 --build-args=-DCMAKE_MAKE_PROGRAM=/local/S/jenkins/workspace/shared/Artifactory/OSX/ninja/1.10.2/95d0ca5/ninja,-DPYTHON_INCLUDE_DIR=/local/S/jenkins/workspace/shared/Artifactory/OSX/rundev-master/202311060140/runtime/e9a5ae1/runTime/Maya.app/Contents/Frameworks/Python.framework/Versions/Current/include/python3.10,-DPython_EXECUTABLE=/local/S/jenkins/workspace/shared/Artifactory/OSX/rundev-master/202311060140/runtime/e9a5ae1/runTime/Maya.app/Contents/bin/mayapy,-DPYTHON_LIBRARIES=/local/S/jenkins/workspace/shared/Artifactory/OSX/rundev-master/202311060140/runtime/e9a5ae1/runTime/Maya.app/Contents/Frameworks/Python.framework/Versions/Current/lib/libpython3.10.dylib,-DBUILD_WITH_PYTHON_3=ON,-DBUILD_WITH_PYTHON_3_VERSION=3.10,-DBUILD_UB2=ON,-DCMAKE_WANT_MATERIALX_BUILD=ON,-DCMAKE_PREFIX_PATH=/local/S/jenkins/workspace/shared/Artifactory/OSX/USD/b595ab2,-DMAYAHYDRA_BUILD_NUMBER=397,-DMAYAHYDRA_GIT_COMMIT=851bc817175b30fdfb09180171639e397c7baf14,-DMAYAHYDRA_GIT_BRANCH=master '--ctest-args=--parallel 8' --stages=configure --redirect-outstream-file=False --install-location /local/S/jenkins/workspace/ECP/ecg-maya-hydra/ecg-maya-hydra-branch-preflight-python3-osx/install/RelWithDebInfo/MayaHydra /local/S/jenkins/workspace/ECP/ecg-maya-hydra/ecg-maya-hydra-branch-preflight-python3-osx
[2023-11-15T18:30:06.035Z] Modified environment variables:
[2023-11-15T18:30:06.035Z]     PATH=/local/S/jenkins/workspace/shared/Artifactory/OSX/cmake/3.20.3/2594509/bin:/opt/homebrew/bin:/usr/local/bin:/bin:/usr/sbin:/sbin:/usr/bin:/usr/bin:/bin:/usr/sbin:/sbin
[2023-11-15T18:30:17.606Z]     -- The C compiler identification is AppleClang 13.1.6.13160021
[2023-11-15T18:30:17.606Z]     -- The CXX compiler identification is AppleClang 13.1.6.13160021
[2023-11-15T18:30:17.606Z]     -- Detecting C compiler ABI info
[2023-11-15T18:30:17.606Z]     -- Detecting C compiler ABI info - done
[2023-11-15T18:30:17.606Z]     -- Check for working C compiler: /Applications/Xcode.app/Contents/Developer/Toolchains/XcodeDefault.xctoolchain/usr/bin/cc - skipped
[2023-11-15T18:30:17.606Z]     -- Detecting C compile features
[2023-11-15T18:30:17.606Z]     -- Detecting C compile features - done
[2023-11-15T18:30:17.606Z]     -- Detecting CXX compiler ABI info
[2023-11-15T18:30:17.606Z]     -- Detecting CXX compiler ABI info - done
[2023-11-15T18:30:17.606Z]     -- Check for working CXX compiler: /Applications/Xcode.app/Contents/Developer/Toolchains/XcodeDefault.xctoolchain/usr/bin/c++ - skipped
[2023-11-15T18:30:17.606Z]     -- Detecting CXX compile features
[2023-11-15T18:30:17.606Z]     -- Detecting CXX compile features - done
[2023-11-15T18:30:17.606Z]     -- Building with Universal Binary 2
[2023-11-15T18:30:18.159Z]     -- Using Maya Light API Version 3
[2023-11-15T18:30:18.159Z]     -- Maya has setDefaultMaterialHandling API
[2023-11-15T18:30:18.159Z]     -- Maya has new point snapping API
[2023-11-15T18:30:18.159Z]     -- Maya has isInCrashHandler API
[2023-11-15T18:30:18.159Z]     -- Maya has getDisplayStyleOfAllViewports API
[2023-11-15T18:30:18.159Z]     -- Maya array iterator has difference_type trait
[2023-11-15T18:30:18.159Z]     -- MFnSet has getMemberPaths function
[2023-11-15T18:30:18.159Z]     -- MFnDisplayLayer exists
[2023-11-15T18:30:18.159Z]     -- MDisplayLayerMessage has MDisplayLayerMemberChangedFunction
[2023-11-15T18:30:18.159Z]     -- MRenderItem has HideOnPlayback API
[2023-11-15T18:30:18.159Z]     -- MacOSX: Maya was built with Universal Binary 2 (x86_64/arm64)
[2023-11-15T18:30:18.159Z]     -- Found Maya: /local/S/jenkins/workspace/shared/Artifactory/OSX/rundev-master/202311060140/runtime/e9a5ae1/runTime/maya.app/Contents/MacOS/Maya (found suitable version "2025", minimum required is "2024")
[2023-11-15T18:30:18.159Z]     -- Found Python: /local/S/jenkins/workspace/shared/Artifactory/OSX/rundev-master/202311060140/runtime/e9a5ae1/runTime/Maya.app/Contents/bin/mayapy (found suitable exact version "3.10.8") found components: Interpreter
[2023-11-15T18:30:18.159Z]     -- Build mayaHydra with Python3 = 3.10
[2023-11-15T18:30:18.159Z]     --    PYTHON_INCLUDE_DIRS = /local/S/jenkins/workspace/shared/Artifactory/OSX/rundev-master/202311060140/runtime/e9a5ae1/runTime/Maya.app/Contents/Frameworks/Python.framework/Versions/Current/include/python3.10
[2023-11-15T18:30:18.159Z]     --    PYTHON_LIBRARIES    = /local/S/jenkins/workspace/shared/Artifactory/OSX/rundev-master/202311060140/runtime/e9a5ae1/runTime/Maya.app/Contents/Frameworks/Python.framework/Versions/Current/lib/libpython3.10.dylib
[2023-11-15T18:30:18.159Z]     --    Python_EXECUTABLE   = /local/S/jenkins/workspace/shared/Artifactory/OSX/rundev-master/202311060140/runtime/e9a5ae1/runTime/Maya.app/Contents/bin/mayapy
[2023-11-15T18:30:18.711Z]     -- Found Python3: /local/S/jenkins/workspace/shared/Artifactory/OSX/rundev-master/202311060140/runtime/e9a5ae1/runTime/Maya.app/Contents/Frameworks/Python.framework/Versions/Current/include/python3.10 (found suitable exact version "3.10.8") found components: Development Development.Module Development.Embed
[2023-11-15T18:30:18.711Z]     -- USD has new Sdr.PropertyTypes.Color4
[2023-11-15T18:30:18.711Z]     -- USD has MaterialX metadata support
[2023-11-15T18:30:18.711Z]     -- USD include dir: /local/S/jenkins/workspace/shared/Artifactory/OSX/USD/b595ab2/include
[2023-11-15T18:30:18.711Z]     -- USD library dir: /local/S/jenkins/workspace/shared/Artifactory/OSX/USD/b595ab2/lib
[2023-11-15T18:30:18.711Z]     -- USD version: 0.23.8
[2023-11-15T18:30:18.711Z]     -- Found USD: /local/S/jenkins/workspace/shared/Artifactory/OSX/USD/b595ab2 (found suitable version "0.23.8", minimum required is "0.22.11")
[2023-11-15T18:30:18.711Z]     Updated PYTHONPATH: /local/S/jenkins/workspace/shared/Artifactory/OSX/USD/b595ab2/lib/python
[2023-11-15T18:30:18.711Z]     -- Found UFE: /local/S/jenkins/workspace/shared/Artifactory/OSX/rundev-master/202311060140/runtime/e9a5ae1/devkitBase/devkit/ufe/include (found version "0.5.11")
[2023-11-15T18:30:18.711Z]     -- UFE include dir: /local/S/jenkins/workspace/shared/Artifactory/OSX/rundev-master/202311060140/runtime/e9a5ae1/devkitBase/devkit/ufe/include
[2023-11-15T18:30:18.711Z]     -- UFE library: /local/S/jenkins/workspace/shared/Artifactory/OSX/rundev-master/202311060140/runtime/e9a5ae1/devkitBase/devkit/ufe/lib/libufe_0.dylib
[2023-11-15T18:30:18.711Z]     -- UFE version: 0.5.11
[2023-11-15T18:30:18.711Z]     -- Maya has UFE lights API
[2023-11-15T18:30:18.711Z]     -- Maya has UFE scene segment API
[2023-11-15T18:30:18.711Z]     -- Maya has UFE TrieNode childrenComponents accessor
[2023-11-15T18:30:18.711Z]     -- Building with UFE 0.5.11.
[2023-11-15T18:30:18.711Z]     -- Found MaterialX
[2023-11-15T18:30:18.711Z]     -- Performing Test HAVE_STDATOMIC
[2023-11-15T18:30:19.265Z]     -- Performing Test HAVE_STDATOMIC - Success
[2023-11-15T18:30:19.265Z]     -- Found OpenGL: /Applications/Xcode.app/Contents/Developer/Platforms/MacOSX.platform/Developer/SDKs/MacOSX12.3.sdk/System/Library/Frameworks/OpenGL.framework
[2023-11-15T18:30:19.265Z]     -- Check if linker can resolve circular dependencies - TRUE
[2023-11-15T18:30:19.265Z]     -- Found Qt 6.5.2 in Maya devkit. Hydra Scene Browser will be built.
[2023-11-15T18:30:19.265Z]     -- **** Building Gulrak From Github Repository.
[2023-11-15T18:30:19.265Z]     -- Populating gulrak
[2023-11-15T18:30:19.265Z]     -- Configuring done
[2023-11-15T18:30:19.265Z]     -- Generating done
[2023-11-15T18:30:19.265Z]     -- Build files have been written to: /Volumes/DATA/local/S/jenkins/workspace/ECP/ecg-maya-hydra/ecg-maya-hydra-branch-preflight-python3-osx/build/RelWithDebInfo/_deps/gulrak-subbuild
[2023-11-15T18:30:19.265Z]     [1/9] Creating directories for 'gulrak-populate'
[2023-11-15T18:30:19.265Z]     [1/9] Performing download step (git clone) for 'gulrak-populate'
[2023-11-15T18:30:19.265Z]     Cloning into 'gulrak-src'...
[2023-11-15T18:30:20.972Z]     HEAD is now at 4e21ab3 Version bump and updated readme.
[2023-11-15T18:30:20.972Z]     [2/9] Performing update step for 'gulrak-populate'
[2023-11-15T18:30:20.972Z]     [4/9] No patch step for 'gulrak-populate'
[2023-11-15T18:30:20.972Z]     [5/9] No configure step for 'gulrak-populate'
[2023-11-15T18:30:20.972Z]     [6/9] No build step for 'gulrak-populate'
[2023-11-15T18:30:20.972Z]     [7/9] No install step for 'gulrak-populate'
[2023-11-15T18:30:20.972Z]     [8/9] No test step for 'gulrak-populate'
[2023-11-15T18:30:20.972Z]     [9/9] Completed 'gulrak-populate'
[2023-11-15T18:30:20.972Z]     -- ========== Installing GoogleTest... ==========
[2023-11-15T18:30:20.972Z]     -- Configuring done
[2023-11-15T18:30:20.972Z]     -- Generating done
[2023-11-15T18:30:20.972Z]     -- Build files have been written to: /Volumes/DATA/local/S/jenkins/workspace/ECP/ecg-maya-hydra/ecg-maya-hydra-branch-preflight-python3-osx/build/RelWithDebInfo/googletest-config
[2023-11-15T18:30:20.972Z]     [1/8] Creating directories for 'googletest'
[2023-11-15T18:30:25.285Z]     [2/8] Performing download step (git clone) for 'googletest'
[2023-11-15T18:30:25.285Z]     Cloning into 'googletest-src'...
[2023-11-15T18:30:25.285Z]     HEAD is now at 703bd9ca Googletest export
[2023-11-15T18:30:25.285Z]     [3/8] Performing update step for 'googletest'
[2023-11-15T18:30:25.285Z]     [4/8] No patch step for 'googletest'
[2023-11-15T18:30:25.838Z]     [5/8] Performing configure step for 'googletest'
[2023-11-15T18:30:25.838Z]     Not searching for unused variables given on the command line.
[2023-11-15T18:30:25.838Z]     CMake Deprecation Warning at CMakeLists.txt:4 (cmake_minimum_required):
[2023-11-15T18:30:25.838Z]       Compatibility with CMake < 2.8.12 will be removed from a future version of
[2023-11-15T18:30:25.838Z]       CMake.
[2023-11-15T18:30:25.838Z]     
[2023-11-15T18:30:25.838Z]       Update the VERSION argument <min> value or use a ...<max> suffix to tell
[2023-11-15T18:30:25.838Z]       CMake that the project does not need compatibility with older versions.
[2023-11-15T18:30:25.838Z]     
[2023-11-15T18:30:25.838Z]     
[2023-11-15T18:30:25.838Z]     -- The C compiler identification is AppleClang 13.1.6.13160021
[2023-11-15T18:30:25.838Z]     -- The CXX compiler identification is AppleClang 13.1.6.13160021
[2023-11-15T18:30:25.838Z]     -- Detecting C compiler ABI info
[2023-11-15T18:30:25.838Z]     -- Detecting C compiler ABI info - done
[2023-11-15T18:30:25.838Z]     -- Check for working C compiler: /Applications/Xcode.app/Contents/Developer/Toolchains/XcodeDefault.xctoolchain/usr/bin/cc - skipped
[2023-11-15T18:30:25.838Z]     -- Detecting C compile features
[2023-11-15T18:30:25.838Z]     -- Detecting C compile features - done
[2023-11-15T18:30:25.838Z]     -- Detecting CXX compiler ABI info
[2023-11-15T18:30:25.838Z]     -- Detecting CXX compiler ABI info - done
[2023-11-15T18:30:25.838Z]     -- Check for working CXX compiler: /Applications/Xcode.app/Contents/Developer/Toolchains/XcodeDefault.xctoolchain/usr/bin/c++ - skipped
[2023-11-15T18:30:25.838Z]     -- Detecting CXX compile features
[2023-11-15T18:30:25.838Z]     -- Detecting CXX compile features - done
[2023-11-15T18:30:25.838Z]     CMake Deprecation Warning at googletest/CMakeLists.txt:56 (cmake_minimum_required):
[2023-11-15T18:30:25.838Z]       Compatibility with CMake < 2.8.12 will be removed from a future version of
[2023-11-15T18:30:25.838Z]       CMake.
[2023-11-15T18:30:25.838Z]     
[2023-11-15T18:30:25.838Z]       Update the VERSION argument <min> value or use a ...<max> suffix to tell
[2023-11-15T18:30:25.838Z]       CMake that the project does not need compatibility with older versions.
[2023-11-15T18:30:25.838Z]     
[2023-11-15T18:30:25.838Z]     
[2023-11-15T18:30:25.838Z]     -- Found PythonInterp: /usr/local/bin/python (found version "3.10.6")
[2023-11-15T18:30:25.838Z]     -- Looking for pthread.h
[2023-11-15T18:30:25.838Z]     -- Looking for pthread.h - found
[2023-11-15T18:30:25.838Z]     -- Performing Test CMAKE_HAVE_LIBC_PTHREAD
[2023-11-15T18:30:25.838Z]     -- Performing Test CMAKE_HAVE_LIBC_PTHREAD - Success
[2023-11-15T18:30:25.838Z]     -- Found Threads: TRUE
[2023-11-15T18:30:25.838Z]     -- Configuring done
[2023-11-15T18:30:25.838Z]     -- Generating done
[2023-11-15T18:30:25.838Z]     -- Build files have been written to: /Volumes/DATA/local/S/jenkins/workspace/ECP/ecg-maya-hydra/ecg-maya-hydra-branch-preflight-python3-osx/build/RelWithDebInfo/googletest-build
[2023-11-15T18:30:33.759Z]     [6/8] Performing build step for 'googletest'
[2023-11-15T18:30:33.759Z]     [1/4] Building CXX object googletest/CMakeFiles/gtest_main.dir/src/gtest_main.cc.o
[2023-11-15T18:30:33.759Z]     [2/4] Building CXX object googletest/CMakeFiles/gtest.dir/src/gtest-all.cc.o
[2023-11-15T18:30:33.759Z]     [3/4] Linking CXX shared library lib/libgtest.dylib
[2023-11-15T18:30:33.759Z]     [4/4] Linking CXX shared library lib/libgtest_main.dylib
[2023-11-15T18:30:33.759Z]     [7/8] Performing install step for 'googletest'
[2023-11-15T18:30:33.759Z]     [0/1] Install the project...
[2023-11-15T18:30:33.759Z]     -- Install configuration: "RelWithDebInfo"
[2023-11-15T18:30:33.759Z]     [8/8] Completed 'googletest'
[2023-11-15T18:30:33.759Z]     -- ========== ...  GoogleTest installed. ==========
[2023-11-15T18:30:33.759Z]     -- Found GTest: /Volumes/DATA/local/S/jenkins/workspace/ECP/ecg-maya-hydra/ecg-maya-hydra-branch-preflight-python3-osx/build/RelWithDebInfo/googletest-install/lib/libgtest.dylib
[2023-11-15T18:30:33.759Z]     -- promoting: /Volumes/DATA/local/S/jenkins/workspace/ECP/ecg-maya-hydra/ecg-maya-hydra-branch-preflight-python3-osx/ecg-maya-hydra/maya-hydra/lib/mayaHydra/mayaPlugin/pluginUtils.h
[2023-11-15T18:30:33.759Z]     -- promoting: /Volumes/DATA/local/S/jenkins/workspace/ECP/ecg-maya-hydra/ecg-maya-hydra-branch-preflight-python3-osx/ecg-maya-hydra/maya-hydra/lib/mayaHydra/hydraExtensions/api.h
[2023-11-15T18:30:33.759Z]     -- promoting: /Volumes/DATA/local/S/jenkins/workspace/ECP/ecg-maya-hydra/ecg-maya-hydra-branch-preflight-python3-osx/ecg-maya-hydra/maya-hydra/lib/mayaHydra/hydraExtensions/debugCodes.h
[2023-11-15T18:30:33.759Z]     -- promoting: /Volumes/DATA/local/S/jenkins/workspace/ECP/ecg-maya-hydra/ecg-maya-hydra-branch-preflight-python3-osx/ecg-maya-hydra/maya-hydra/lib/mayaHydra/hydraExtensions/hydraUtils.h
[2023-11-15T18:30:33.759Z]     -- promoting: /Volumes/DATA/local/S/jenkins/workspace/ECP/ecg-maya-hydra/ecg-maya-hydra-branch-preflight-python3-osx/ecg-maya-hydra/maya-hydra/lib/mayaHydra/hydraExtensions/mayaHydraLibInterface.h
[2023-11-15T18:30:33.759Z]     -- promoting: /Volumes/DATA/local/S/jenkins/workspace/ECP/ecg-maya-hydra/ecg-maya-hydra-branch-preflight-python3-osx/ecg-maya-hydra/maya-hydra/lib/mayaHydra/hydraExtensions/mayaHydraLibInterfaceImp.h
[2023-11-15T18:30:33.759Z]     -- promoting: /Volumes/DATA/local/S/jenkins/workspace/ECP/ecg-maya-hydra/ecg-maya-hydra-branch-preflight-python3-osx/ecg-maya-hydra/maya-hydra/lib/mayaHydra/hydraExtensions/mayaUtils.h
[2023-11-15T18:30:33.759Z]     -- promoting: /Volumes/DATA/local/S/jenkins/workspace/ECP/ecg-maya-hydra/ecg-maya-hydra-branch-preflight-python3-osx/ecg-maya-hydra/maya-hydra/lib/mayaHydra/hydraExtensions/mixedUtils.h
[2023-11-15T18:30:33.759Z]     -- promoting: /Volumes/DATA/local/S/jenkins/workspace/ECP/ecg-maya-hydra/ecg-maya-hydra-branch-preflight-python3-osx/ecg-maya-hydra/maya-hydra/lib/mayaHydra/hydraExtensions/mayaHydraSceneProducer.h
[2023-11-15T18:30:33.759Z]     -- promoting: /Volumes/DATA/local/S/jenkins/workspace/ECP/ecg-maya-hydra/ecg-maya-hydra-branch-preflight-python3-osx/ecg-maya-hydra/maya-hydra/lib/mayaHydra/hydraExtensions/adapters/adapter.h
[2023-11-15T18:30:33.759Z]     -- promoting: /Volumes/DATA/local/S/jenkins/workspace/ECP/ecg-maya-hydra/ecg-maya-hydra-branch-preflight-python3-osx/ecg-maya-hydra/maya-hydra/lib/mayaHydra/hydraExtensions/adapters/adapterDebugCodes.h
[2023-11-15T18:30:33.759Z]     -- promoting: /Volumes/DATA/local/S/jenkins/workspace/ECP/ecg-maya-hydra/ecg-maya-hydra-branch-preflight-python3-osx/ecg-maya-hydra/maya-hydra/lib/mayaHydra/hydraExtensions/adapters/adapterRegistry.h
[2023-11-15T18:30:33.759Z]     -- promoting: /Volumes/DATA/local/S/jenkins/workspace/ECP/ecg-maya-hydra/ecg-maya-hydra-branch-preflight-python3-osx/ecg-maya-hydra/maya-hydra/lib/mayaHydra/hydraExtensions/adapters/cameraAdapter.h
[2023-11-15T18:30:33.759Z]     -- promoting: /Volumes/DATA/local/S/jenkins/workspace/ECP/ecg-maya-hydra/ecg-maya-hydra-branch-preflight-python3-osx/ecg-maya-hydra/maya-hydra/lib/mayaHydra/hydraExtensions/adapters/constantShadowMatrix.h
[2023-11-15T18:30:33.759Z]     -- promoting: /Volumes/DATA/local/S/jenkins/workspace/ECP/ecg-maya-hydra/ecg-maya-hydra-branch-preflight-python3-osx/ecg-maya-hydra/maya-hydra/lib/mayaHydra/hydraExtensions/adapters/dagAdapter.h
[2023-11-15T18:30:33.759Z]     -- promoting: /Volumes/DATA/local/S/jenkins/workspace/ECP/ecg-maya-hydra/ecg-maya-hydra-branch-preflight-python3-osx/ecg-maya-hydra/maya-hydra/lib/mayaHydra/hydraExtensions/adapters/renderItemAdapter.h
[2023-11-15T18:30:33.759Z]     -- promoting: /Volumes/DATA/local/S/jenkins/workspace/ECP/ecg-maya-hydra/ecg-maya-hydra-branch-preflight-python3-osx/ecg-maya-hydra/maya-hydra/lib/mayaHydra/hydraExtensions/adapters/lightAdapter.h
[2023-11-15T18:30:33.759Z]     -- promoting: /Volumes/DATA/local/S/jenkins/workspace/ECP/ecg-maya-hydra/ecg-maya-hydra-branch-preflight-python3-osx/ecg-maya-hydra/maya-hydra/lib/mayaHydra/hydraExtensions/adapters/materialAdapter.h
[2023-11-15T18:30:33.759Z]     -- promoting: /Volumes/DATA/local/S/jenkins/workspace/ECP/ecg-maya-hydra/ecg-maya-hydra-branch-preflight-python3-osx/ecg-maya-hydra/maya-hydra/lib/mayaHydra/hydraExtensions/adapters/materialNetworkConverter.h
[2023-11-15T18:30:33.759Z]     -- promoting: /Volumes/DATA/local/S/jenkins/workspace/ECP/ecg-maya-hydra/ecg-maya-hydra-branch-preflight-python3-osx/ecg-maya-hydra/maya-hydra/lib/mayaHydra/hydraExtensions/adapters/mayaAttrs.h
[2023-11-15T18:30:33.760Z]     -- promoting: /Volumes/DATA/local/S/jenkins/workspace/ECP/ecg-maya-hydra/ecg-maya-hydra-branch-preflight-python3-osx/ecg-maya-hydra/maya-hydra/lib/mayaHydra/hydraExtensions/adapters/shapeAdapter.h
[2023-11-15T18:30:33.760Z]     -- promoting: /Volumes/DATA/local/S/jenkins/workspace/ECP/ecg-maya-hydra/ecg-maya-hydra-branch-preflight-python3-osx/ecg-maya-hydra/maya-hydra/lib/mayaHydra/hydraExtensions/adapters/tokens.h
[2023-11-15T18:30:33.760Z]     -- promoting: /Volumes/DATA/local/S/jenkins/workspace/ECP/ecg-maya-hydra/ecg-maya-hydra-branch-preflight-python3-osx/ecg-maya-hydra/maya-hydra/lib/mayaHydra/hydraExtensions/delegates/delegate.h
[2023-11-15T18:30:33.760Z]     -- promoting: /Volumes/DATA/local/S/jenkins/workspace/ECP/ecg-maya-hydra/ecg-maya-hydra-branch-preflight-python3-osx/ecg-maya-hydra/maya-hydra/lib/mayaHydra/hydraExtensions/delegates/delegateCtx.h
[2023-11-15T18:30:33.760Z]     -- promoting: /Volumes/DATA/local/S/jenkins/workspace/ECP/ecg-maya-hydra/ecg-maya-hydra-branch-preflight-python3-osx/ecg-maya-hydra/maya-hydra/lib/mayaHydra/hydraExtensions/delegates/delegateDebugCodes.h
[2023-11-15T18:30:33.760Z]     -- promoting: /Volumes/DATA/local/S/jenkins/workspace/ECP/ecg-maya-hydra/ecg-maya-hydra-branch-preflight-python3-osx/ecg-maya-hydra/maya-hydra/lib/mayaHydra/hydraExtensions/delegates/delegateRegistry.h
[2023-11-15T18:30:33.760Z]     -- promoting: /Volumes/DATA/local/S/jenkins/workspace/ECP/ecg-maya-hydra/ecg-maya-hydra-branch-preflight-python3-osx/ecg-maya-hydra/maya-hydra/lib/mayaHydra/hydraExtensions/delegates/params.h
[2023-11-15T18:30:33.760Z]     -- promoting: /Volumes/DATA/local/S/jenkins/workspace/ECP/ecg-maya-hydra/ecg-maya-hydra-branch-preflight-python3-osx/ecg-maya-hydra/maya-hydra/lib/mayaHydra/hydraExtensions/delegates/sceneDelegate.h
[2023-11-15T18:30:33.760Z]     -- promoting: /Volumes/DATA/local/S/jenkins/workspace/ECP/ecg-maya-hydra/ecg-maya-hydra-branch-preflight-python3-osx/ecg-maya-hydra/maya-hydra/lib/mayaHydra/hydraExtensions/delegates/defaultLightDelegate.h
[2023-11-15T18:30:33.760Z]     -- promoting: /Volumes/DATA/local/S/jenkins/workspace/ECP/ecg-maya-hydra/ecg-maya-hydra-branch-preflight-python3-osx/ecg-maya-hydra/maya-hydra/lib/mayaHydra/hydraExtensions/delegates/testDelegate.h
[2023-11-15T18:30:33.760Z]     -- promoting: /Volumes/DATA/local/S/jenkins/workspace/ECP/ecg-maya-hydra/ecg-maya-hydra-branch-preflight-python3-osx/ecg-maya-hydra/maya-hydra/lib/mayaHydra/hydraExtensions/sceneIndex/registration.h
[2023-11-15T18:30:33.760Z]     -- promoting: /Volumes/DATA/local/S/jenkins/workspace/ECP/ecg-maya-hydra/ecg-maya-hydra-branch-preflight-python3-osx/ecg-maya-hydra/maya-hydra/lib/mayaHydra/hydraExtensions/sceneIndex/mayaHydraSceneIndex.h
[2023-11-15T18:30:33.760Z]     -- promoting: /Volumes/DATA/local/S/jenkins/workspace/ECP/ecg-maya-hydra/ecg-maya-hydra-branch-preflight-python3-osx/ecg-maya-hydra/maya-hydra/lib/mayaHydra/hydraExtensions/sceneIndex/mayaHydraDataSource.h
[2023-11-15T18:30:33.760Z]     -- promoting: /Volumes/DATA/local/S/jenkins/workspace/ECP/ecg-maya-hydra/ecg-maya-hydra-branch-preflight-python3-osx/ecg-maya-hydra/maya-hydra/lib/mayaHydra/hydraExtensions/sceneIndex/mayaHydraPrimvarDataSource.h
[2023-11-15T18:30:33.760Z]     -- promoting: /Volumes/DATA/local/S/jenkins/workspace/ECP/ecg-maya-hydra/ecg-maya-hydra-branch-preflight-python3-osx/ecg-maya-hydra/maya-hydra/lib/mayaHydra/hydraExtensions/sceneIndex/mayaHydraDisplayStyleDataSource.h
[2023-11-15T18:30:33.760Z]     -- promoting: /Volumes/DATA/local/S/jenkins/workspace/ECP/ecg-maya-hydra/ecg-maya-hydra-branch-preflight-python3-osx/ecg-maya-hydra/maya-hydra/lib/mayaHydra/hydraExtensions/sceneIndex/mayaHydraCameraDataSource.h
[2023-11-15T18:30:33.760Z]     -- promoting: /Volumes/DATA/local/S/jenkins/workspace/ECP/ecg-maya-hydra/ecg-maya-hydra-branch-preflight-python3-osx/ecg-maya-hydra/maya-hydra/lib/mayaHydra/hydraExtensions/sceneIndex/mayaHydraLightDataSource.h
[2023-11-15T18:30:33.760Z]     -- promoting: /Volumes/DATA/local/S/jenkins/workspace/ECP/ecg-maya-hydra/ecg-maya-hydra-branch-preflight-python3-osx/ecg-maya-hydra/maya-hydra/lib/mayaHydra/hydraExtensions/sceneIndex/mayaHydraDefaultLightDataSource.h
[2023-11-15T18:30:33.760Z]     -- promoting: /Volumes/DATA/local/S/jenkins/workspace/ECP/ecg-maya-hydra/ecg-maya-hydra-branch-preflight-python3-osx/ecg-maya-hydra/maya-hydra/lib/mayaHydra/ufeExtensions/api.h
[2023-11-15T18:30:33.760Z]     -- promoting: /Volumes/DATA/local/S/jenkins/workspace/ECP/ecg-maya-hydra/ecg-maya-hydra-branch-preflight-python3-osx/ecg-maya-hydra/maya-hydra/lib/mayaHydra/ufeExtensions/Global.h
[2023-11-15T18:30:33.760Z]     -- promoting: /Volumes/DATA/local/S/jenkins/workspace/ECP/ecg-maya-hydra/ecg-maya-hydra-branch-preflight-python3-osx/ecg-maya-hydra/maya-hydra/lib/flowViewport/api.h
[2023-11-15T18:30:33.760Z]     -- promoting: /Volumes/DATA/local/S/jenkins/workspace/ECP/ecg-maya-hydra/ecg-maya-hydra-branch-preflight-python3-osx/ecg-maya-hydra/maya-hydra/lib/flowViewport/debugCodes.h
[2023-11-15T18:30:33.760Z]     -- promoting: /Volumes/DATA/local/S/jenkins/workspace/ECP/ecg-maya-hydra/ecg-maya-hydra-branch-preflight-python3-osx/ecg-maya-hydra/maya-hydra/lib/flowViewport/global.h
[2023-11-15T18:30:33.760Z]     -- promoting: /Volumes/DATA/local/S/jenkins/workspace/ECP/ecg-maya-hydra/ecg-maya-hydra-branch-preflight-python3-osx/ecg-maya-hydra/maya-hydra/lib/flowViewport/tokens.h
[2023-11-15T18:30:33.760Z]     -- promoting: /Volumes/DATA/local/S/jenkins/workspace/ECP/ecg-maya-hydra/ecg-maya-hydra-branch-preflight-python3-osx/ecg-maya-hydra/maya-hydra/lib/flowViewport/colorPreferences/fvpColorChanged.h
[2023-11-15T18:30:33.760Z]     -- promoting: /Volumes/DATA/local/S/jenkins/workspace/ECP/ecg-maya-hydra/ecg-maya-hydra-branch-preflight-python3-osx/ecg-maya-hydra/maya-hydra/lib/flowViewport/colorPreferences/fvpColorPreferences.h
[2023-11-15T18:30:33.760Z]     -- promoting: /Volumes/DATA/local/S/jenkins/workspace/ECP/ecg-maya-hydra/ecg-maya-hydra-branch-preflight-python3-osx/ecg-maya-hydra/maya-hydra/lib/flowViewport/colorPreferences/fvpColorPreferencesTokens.h
[2023-11-15T18:30:33.760Z]     -- promoting: /Volumes/DATA/local/S/jenkins/workspace/ECP/ecg-maya-hydra/ecg-maya-hydra-branch-preflight-python3-osx/ecg-maya-hydra/maya-hydra/lib/flowViewport/colorPreferences/fvpColorPreferencesTranslator.h
[2023-11-15T18:30:33.760Z]     -- promoting: /Volumes/DATA/local/S/jenkins/workspace/ECP/ecg-maya-hydra/ecg-maya-hydra-branch-preflight-python3-osx/ecg-maya-hydra/maya-hydra/lib/flowViewport/sceneIndex/fvpMergingSceneIndex.h
[2023-11-15T18:30:33.760Z]     -- promoting: /Volumes/DATA/local/S/jenkins/workspace/ECP/ecg-maya-hydra/ecg-maya-hydra-branch-preflight-python3-osx/ecg-maya-hydra/maya-hydra/lib/flowViewport/sceneIndex/fvpPathInterface.h
[2023-11-15T18:30:33.760Z]     -- promoting: /Volumes/DATA/local/S/jenkins/workspace/ECP/ecg-maya-hydra/ecg-maya-hydra-branch-preflight-python3-osx/ecg-maya-hydra/maya-hydra/lib/flowViewport/sceneIndex/fvpPathInterfaceSceneIndex.h
[2023-11-15T18:30:33.760Z]     -- promoting: /Volumes/DATA/local/S/jenkins/workspace/ECP/ecg-maya-hydra/ecg-maya-hydra-branch-preflight-python3-osx/ecg-maya-hydra/maya-hydra/lib/flowViewport/sceneIndex/fvpRenderIndexProxy.h
[2023-11-15T18:30:33.760Z]     -- promoting: /Volumes/DATA/local/S/jenkins/workspace/ECP/ecg-maya-hydra/ecg-maya-hydra-branch-preflight-python3-osx/ecg-maya-hydra/maya-hydra/lib/flowViewport/sceneIndex/fvpSelectionSceneIndex.h
[2023-11-15T18:30:33.760Z]     -- promoting: /Volumes/DATA/local/S/jenkins/workspace/ECP/ecg-maya-hydra/ecg-maya-hydra-branch-preflight-python3-osx/ecg-maya-hydra/maya-hydra/lib/flowViewport/sceneIndex/fvpWireframeSelectionHighlightSceneIndex.h
[2023-11-15T18:30:33.760Z]     -- promoting: /Volumes/DATA/local/S/jenkins/workspace/ECP/ecg-maya-hydra/ecg-maya-hydra-branch-preflight-python3-osx/ecg-maya-hydra/maya-hydra/lib/flowViewport/API/fvpSelectionClient.h
[2023-11-15T18:30:33.760Z]     -- promoting: /Volumes/DATA/local/S/jenkins/workspace/ECP/ecg-maya-hydra/ecg-maya-hydra-branch-preflight-python3-osx/ecg-maya-hydra/maya-hydra/lib/flowViewport/API/fvpFlowSelectionInterface.h
[2023-11-15T18:30:33.760Z]     -- promoting: /Volumes/DATA/local/S/jenkins/workspace/ECP/ecg-maya-hydra/ecg-maya-hydra-branch-preflight-python3-osx/ecg-maya-hydra/maya-hydra/lib/flowViewport/API/fvpVersionInterface.h
[2023-11-15T18:30:33.760Z]     -- promoting: /Volumes/DATA/local/S/jenkins/workspace/ECP/ecg-maya-hydra/ecg-maya-hydra-branch-preflight-python3-osx/ecg-maya-hydra/maya-hydra/lib/flowViewport/API/fvpInformationInterface.h
[2023-11-15T18:30:33.760Z]     -- promoting: /Volumes/DATA/local/S/jenkins/workspace/ECP/ecg-maya-hydra/ecg-maya-hydra-branch-preflight-python3-osx/ecg-maya-hydra/maya-hydra/lib/flowViewport/API/fvpInformationClient.h
[2023-11-15T18:30:33.760Z]     -- promoting: /Volumes/DATA/local/S/jenkins/workspace/ECP/ecg-maya-hydra/ecg-maya-hydra-branch-preflight-python3-osx/ecg-maya-hydra/maya-hydra/lib/flowViewport/API/interfacesImp/fvpSelectionInterfaceImp.h
[2023-11-15T18:30:33.760Z]     -- promoting: /Volumes/DATA/local/S/jenkins/workspace/ECP/ecg-maya-hydra/ecg-maya-hydra-branch-preflight-python3-osx/ecg-maya-hydra/maya-hydra/lib/flowViewport/API/interfacesImp/fvpVersionInterfaceImp.h
[2023-11-15T18:30:33.760Z]     -- promoting: /Volumes/DATA/local/S/jenkins/workspace/ECP/ecg-maya-hydra/ecg-maya-hydra-branch-preflight-python3-osx/ecg-maya-hydra/maya-hydra/lib/flowViewport/API/interfacesImp/fvpInformationInterfaceImp.h
[2023-11-15T18:30:33.760Z]     -- promoting: /Volumes/DATA/local/S/jenkins/workspace/ECP/ecg-maya-hydra/ecg-maya-hydra-branch-preflight-python3-osx/ecg-maya-hydra/maya-hydra/lib/flowViewport/API/samples/fvpSelectionClientExample.h
[2023-11-15T18:30:33.760Z]     -- promoting: /Volumes/DATA/local/S/jenkins/workspace/ECP/ecg-maya-hydra/ecg-maya-hydra-branch-preflight-python3-osx/ecg-maya-hydra/maya-hydra/lib/flowViewport/API/samples/fvpInformationClientExample.h
[2023-11-15T18:30:33.760Z]     -- promoting: /Volumes/DATA/local/S/jenkins/workspace/ECP/ecg-maya-hydra/ecg-maya-hydra-branch-preflight-python3-osx/ecg-maya-hydra/maya-hydra/lib/flowViewport/API/perViewportSceneIndicesData/fvpViewportInformationAndSceneIndicesPerViewportData.h
[2023-11-15T18:30:33.760Z]     -- promoting: /Volumes/DATA/local/S/jenkins/workspace/ECP/ecg-maya-hydra/ecg-maya-hydra-branch-preflight-python3-osx/ecg-maya-hydra/maya-hydra/lib/flowViewport/API/perViewportSceneIndicesData/fvpViewportInformationAndSceneIndicesPerViewportDataManager.h
[2023-11-15T18:30:33.760Z]     -- promoting: /Volumes/DATA/local/S/jenkins/workspace/ECP/ecg-maya-hydra/ecg-maya-hydra-branch-preflight-python3-osx/ecg-maya-hydra/maya-hydra/lib/flowViewport/selection/fvpSelection.h
[2023-11-15T18:30:33.760Z]     -- promoting: /Volumes/DATA/local/S/jenkins/workspace/ECP/ecg-maya-hydra/ecg-maya-hydra-branch-preflight-python3-osx/ecg-maya-hydra/maya-hydra/lib/flowViewport/selection/fvpSelectionFwd.h
[2023-11-15T18:30:33.760Z]     -- promoting: /Volumes/DATA/local/S/jenkins/workspace/ECP/ecg-maya-hydra/ecg-maya-hydra-branch-preflight-python3-osx/ecg-maya-hydra/maya-hydra/lib/flowViewport/selection/fvpSelectionTask.h
[2023-11-15T18:30:33.760Z]     -- promoting: /Volumes/DATA/local/S/jenkins/workspace/ECP/ecg-maya-hydra/ecg-maya-hydra-branch-preflight-python3-osx/ecg-maya-hydra/maya-hydra/lib/flowViewport/selection/fvpSelectionTracker.h
[2023-11-15T18:30:34.918Z]     -- Configuring done
[2023-11-15T18:30:35.474Z]     -- Generating done
[2023-11-15T18:30:35.474Z]     CMake Warning:
[2023-11-15T18:30:35.474Z]       Manually-specified variables were not used by the project:
[2023-11-15T18:30:35.474Z]     
[2023-11-15T18:30:35.474Z]         BUILD_WITH_PYTHON_3
[2023-11-15T18:30:35.474Z]         MAYAHYDRA_BUILD_NUMBER
[2023-11-15T18:30:35.474Z]         MAYAHYDRA_GIT_BRANCH
[2023-11-15T18:30:35.474Z]         MAYAHYDRA_GIT_COMMIT
[2023-11-15T18:30:35.474Z]     
[2023-11-15T18:30:35.474Z]     
[2023-11-15T18:30:35.474Z]     -- Build files have been written to: /Volumes/DATA/local/S/jenkins/workspace/ECP/ecg-maya-hydra/ecg-maya-hydra-branch-preflight-python3-osx/build/RelWithDebInfo
[2023-11-15T18:30:35.474Z]     
[2023-11-15T18:30:35.474Z]         Building with settings:
[2023-11-15T18:30:35.474Z]           Source directory          /Volumes/DATA/local/S/jenkins/workspace/ECP/ecg-maya-hydra/ecg-maya-hydra-branch-preflight-python3-osx/ecg-maya-hydra/maya-hydra
[2023-11-15T18:30:35.474Z]           Workspace directory       /local/S/jenkins/workspace/ECP/ecg-maya-hydra/ecg-maya-hydra-branch-preflight-python3-osx
[2023-11-15T18:30:35.474Z]           Build directory           /local/S/jenkins/workspace/ECP/ecg-maya-hydra/ecg-maya-hydra-branch-preflight-python3-osx/build/RelWithDebInfo
[2023-11-15T18:30:35.474Z]           Install directory         /local/S/jenkins/workspace/ECP/ecg-maya-hydra/ecg-maya-hydra-branch-preflight-python3-osx/install/RelWithDebInfo/MayaHydra
[2023-11-15T18:30:35.474Z]           Variant                   RelWithDebInfo
[2023-11-15T18:30:35.474Z]           Python Debug              Off
[2023-11-15T18:30:35.474Z]           CMake generator           Ninja
[2023-11-15T18:30:35.474Z]           Build arguments           ['-DCMAKE_MAKE_PROGRAM=/local/S/jenkins/workspace/shared/Artifactory/OSX/ninja/1.10.2/95d0ca5/ninja', '-DPYTHON_INCLUDE_DIR=/local/S/jenkins/workspace/shared/Artifactory/OSX/rundev-master/202311060140/runtime/e9a5ae1/runTime/Maya.app/Contents/Frameworks/Python.framework/Versions/Current/include/python3.10', '-DPython_EXECUTABLE=/local/S/jenkins/workspace/shared/Artifactory/OSX/rundev-master/202311060140/runtime/e9a5ae1/runTime/Maya.app/Contents/bin/mayapy', '-DPYTHON_LIBRARIES=/local/S/jenkins/workspace/shared/Artifactory/OSX/rundev-master/202311060140/runtime/e9a5ae1/runTime/Maya.app/Contents/Frameworks/Python.framework/Versions/Current/lib/libpython3.10.dylib', '-DBUILD_WITH_PYTHON_3=ON', '-DBUILD_WITH_PYTHON_3_VERSION=3.10', '-DBUILD_UB2=ON', '-DCMAKE_WANT_MATERIALX_BUILD=ON', '-DCMAKE_PREFIX_PATH=/local/S/jenkins/workspace/shared/Artifactory/OSX/USD/b595ab2', '-DMAYAHYDRA_BUILD_NUMBER=397', '-DMAYAHYDRA_GIT_COMMIT=851bc817175b30fdfb09180171639e397c7baf14', '-DMAYAHYDRA_GIT_BRANCH=master']
[2023-11-15T18:30:35.474Z]           Stages arguments          ['configure']
[2023-11-15T18:30:35.474Z]           CTest arguments           ['--parallel 8']
[2023-11-15T18:30:35.474Z]     STATUS: Could not find Maya Qt6.
[2023-11-15T18:30:35.474Z]     STATUS:   Extracting '/local/S/jenkins/workspace/shared/Artifactory/OSX/rundev-master/202311060140/runtime/e9a5ae1/devkitBase/Qt.tgz' to '/local/S/jenkins/workspace/shared/Artifactory/OSX/rundev-master/202311060140/runtime/e9a5ae1/devkitBase'
[2023-11-15T18:30:35.474Z]     Success MayaHydra build and install !!!!
[2023-11-15T18:30:35.474Z]     Elapsed time: 00:00:18
[Pipeline] }
[Pipeline] // withEnv
[Pipeline] }
[Pipeline] // timeout
[Pipeline] }
[Pipeline] // stage
[Pipeline] }
[Pipeline] // timestamps
[Pipeline] timestamps
[Pipeline] {
[Pipeline] stage
[Pipeline] { (Build)
[Pipeline] timeout
[2023-11-15T18:30:35.837Z] Timeout set to expire in 6 hr 0 min
[Pipeline] {
[Pipeline] withEnv
[Pipeline] {
[Pipeline] sh
[2023-11-15T18:30:36.995Z] + python ecg-maya-hydra/build.py --stages=build --workspace-dir=/local/S/jenkins/workspace/ECP/ecg-maya-hydra/ecg-maya-hydra-branch-preflight-python3-osx --artifactory-dir=/local/S/jenkins/workspace/shared/Artifactory --build-dir=/local/S/jenkins/workspace/ECP/ecg-maya-hydra/ecg-maya-hydra-branch-preflight-python3-osx/build --install-dir=/local/S/jenkins/workspace/ECP/ecg-maya-hydra/ecg-maya-hydra-branch-preflight-python3-osx/install --signing-dir=/local/S/jenkins/workspace/ECP/ecg-maya-hydra/ecg-maya-hydra-branch-preflight-python3-osx/signing --package-dir=/local/S/jenkins/workspace/ECP/ecg-maya-hydra/ecg-maya-hydra-branch-preflight-python3-osx/package --output-dir=/local/S/jenkins/workspace/ECP/ecg-maya-hydra/ecg-maya-hydra-branch-preflight-python3-osx/output --stash-dir=/local/S/jenkins/workspace/ECP/ecg-maya-hydra/ecg-maya-hydra-branch-preflight-python3-osx/stash --jenkins-build=397 --git-commit=851bc817175b30fdfb09180171639e397c7baf14 --git-branch=master --variants=Debug --interactive-tests=true --post-zips=false --osx-binary-architecture-target=ub2 --osx-deployment-target=11.0 --osx-base-sdk=CurrentActiveSDK --build-retry=3 --maya-cut-config=maya-rundev-master-debug.yaml --maya-package=rundev-master-debug --stage-banner
[2023-11-15T18:30:36.995Z] Using Maya cut from /local/S/jenkins/workspace/shared/Artifactory/OSX/rundev-master-debug/202310260154/runtime/3fe4f1c
[2023-11-15T18:30:36.995Z] Using Maya ADSK Signatures from /local/S/jenkins/workspace/shared/Artifactory/OSX/adsk-plugin-signatures-maya/2023/3ae1ae7
[2023-11-15T18:30:36.995Z] Using Maya Security Library from /local/S/jenkins/workspace/shared/Artifactory/OSX/maya-security-library/3.4.0/5e08f3e
[2023-11-15T18:30:36.995Z] 
[2023-11-15T18:30:36.995Z] ================================================================================
[2023-11-15T18:30:36.995Z]                                  build (Debug)
[2023-11-15T18:30:36.995Z] ================================================================================
[2023-11-15T18:30:36.995Z] Maya Python Debug Info:
[2023-11-15T18:30:36.995Z]   mayapy executable   = /local/S/jenkins/workspace/shared/Artifactory/OSX/rundev-master-debug/202310260154/runtime/3fe4f1c/runTime/Maya.app/Contents/bin/mayapy
[2023-11-15T18:30:36.995Z]   Include Folder      = /local/S/jenkins/workspace/shared/Artifactory/OSX/rundev-master-debug/202310260154/runtime/3fe4f1c/runTime/Maya.app/Contents/Frameworks/Python.framework/Versions/Current/include/python3.10
[2023-11-15T18:30:36.995Z]   Library             = /local/S/jenkins/workspace/shared/Artifactory/OSX/rundev-master-debug/202310260154/runtime/3fe4f1c/runTime/Maya.app/Contents/Frameworks/Python.framework/Versions/Current/lib/libpython3.10.dylib
[2023-11-15T18:30:36.995Z]   site-package Folder = /local/S/jenkins/workspace/shared/Artifactory/OSX/rundev-master-debug/202310260154/runtime/3fe4f1c/runTime/Maya.app/Contents/Frameworks/Python.framework/Versions/Current/lib/python3.10/site-packages
[2023-11-15T18:30:37.570Z] In workdir: /Volumes/DATA/local/S/jenkins/workspace/ECP/ecg-maya-hydra/ecg-maya-hydra-branch-preflight-python3-osx/ecg-maya-hydra/maya-hydra
[2023-11-15T18:30:37.570Z] Executing: arch -arch arm64 /local/S/jenkins/workspace/shared/Artifactory/OSX/rundev-master-debug/202310260154/runtime/3fe4f1c/runTime/Maya.app/Contents/bin/mayapy /Volumes/DATA/local/S/jenkins/workspace/ECP/ecg-maya-hydra/ecg-maya-hydra-branch-preflight-python3-osx/ecg-maya-hydra/maya-hydra/build.py --generator Ninja --build-debug --maya-location /local/S/jenkins/workspace/shared/Artifactory/OSX/rundev-master-debug/202310260154/runtime/3fe4f1c/runTime --devkit-location /local/S/jenkins/workspace/shared/Artifactory/OSX/rundev-master-debug/202310260154/runtime/3fe4f1c/devkitBase --pxrusd-location /local/S/jenkins/workspace/shared/Artifactory/OSX/USD/a9d0dd1 --build-args=-DCMAKE_MAKE_PROGRAM=/local/S/jenkins/workspace/shared/Artifactory/OSX/ninja/1.10.2/95d0ca5/ninja,-DPYTHON_INCLUDE_DIR=/local/S/jenkins/workspace/shared/Artifactory/OSX/rundev-master-debug/202310260154/runtime/3fe4f1c/runTime/Maya.app/Contents/Frameworks/Python.framework/Versions/Current/include/python3.10,-DPython_EXECUTABLE=/local/S/jenkins/workspace/shared/Artifactory/OSX/rundev-master-debug/202310260154/runtime/3fe4f1c/runTime/Maya.app/Contents/bin/mayapy,-DPYTHON_LIBRARIES=/local/S/jenkins/workspace/shared/Artifactory/OSX/rundev-master-debug/202310260154/runtime/3fe4f1c/runTime/Maya.app/Contents/Frameworks/Python.framework/Versions/Current/lib/libpython3.10.dylib,-DBUILD_WITH_PYTHON_3=ON,-DBUILD_WITH_PYTHON_3_VERSION=3.10,-DBUILD_UB2=ON,-DCMAKE_WANT_MATERIALX_BUILD=ON,-DCMAKE_PREFIX_PATH=/local/S/jenkins/workspace/shared/Artifactory/OSX/USD/a9d0dd1,-DMAYAHYDRA_BUILD_NUMBER=397,-DMAYAHYDRA_GIT_COMMIT=851bc817175b30fdfb09180171639e397c7baf14,-DMAYAHYDRA_GIT_BRANCH=master '--ctest-args=--parallel 8' --stages=build --redirect-outstream-file=False --install-location /local/S/jenkins/workspace/ECP/ecg-maya-hydra/ecg-maya-hydra-branch-preflight-python3-osx/install/Debug/MayaHydra /local/S/jenkins/workspace/ECP/ecg-maya-hydra/ecg-maya-hydra-branch-preflight-python3-osx
[2023-11-15T18:30:37.570Z] Modified environment variables:
[2023-11-15T18:30:37.570Z]     PATH=/local/S/jenkins/workspace/shared/Artifactory/OSX/cmake/3.20.3/2594509/bin:/opt/homebrew/bin:/usr/local/bin:/bin:/usr/sbin:/sbin:/usr/bin:/usr/bin:/bin:/usr/sbin:/sbin
[2023-11-15T18:30:38.781Z]     [1/105] Building CXX object test/lib/mayaUsd/render/mayaToHydra/cpp/CMakeFiles/mayaHydraCppTests.dir/testCppFramework.cpp.o
[2023-11-15T18:30:38.781Z]     [2/105] Building CXX object test/lib/mayaUsd/render/mayaToHydra/cpp/CMakeFiles/mayaHydraCppTests.dir/mayaHydraCppTestsCmd.cpp.o
[2023-11-15T18:30:39.968Z]     [3/105] Building CXX object test/lib/mayaUsd/render/mayaToHydra/cpp/CMakeFiles/mayaHydraCppTests.dir/testColorPreferences.cpp.o
[2023-11-15T18:30:41.206Z]     [4/105] Building CXX object lib/mayaHydra/mayaPlugin/CMakeFiles/mayaHydra.dir/colorNotFoundException.cpp.o
[2023-11-15T18:30:41.800Z]     [5/105] Building CXX object test/lib/mayaUsd/render/mayaToHydra/cpp/CMakeFiles/mayaHydraCppTests.dir/testUtils.cpp.o
[2023-11-15T18:30:43.025Z]     [6/105] Building CXX object test/lib/mayaUsd/render/mayaToHydra/cpp/CMakeFiles/mayaHydraCppTests.dir/testMayaSceneFlattening.cpp.o
[2023-11-15T18:30:43.025Z]     [7/105] Building CXX object test/lib/mayaUsd/render/mayaToHydra/cpp/CMakeFiles/mayaHydraCppTests.dir/testMayaUsdUfeItems.cpp.o
[2023-11-15T18:30:43.025Z]     [8/105] Building CXX object lib/mayaHydra/mayaPlugin/CMakeFiles/mayaHydra.dir/mayaColorPreferencesTranslator.cpp.o
[2023-11-15T18:30:43.025Z]     [9/105] Building CXX object test/lib/mayaUsd/render/mayaToHydra/cpp/CMakeFiles/mayaHydraCppTests.dir/testWireframeSelectionHighlightSceneIndex.cpp.o
[2023-11-15T18:30:43.025Z]     [10/105] Building CXX object test/lib/mayaUsd/render/mayaToHydra/cpp/CMakeFiles/mayaHydraCppTests.dir/testFlowViewportAPIViewportInformation.cpp.o
[2023-11-15T18:30:43.598Z]     [11/105] Building CXX object lib/mayaHydra/mayaPlugin/CMakeFiles/mayaHydra.dir/pluginDebugCodes.cpp.o
[2023-11-15T18:30:43.598Z]     [12/105] Building CXX object test/lib/mayaUsd/render/mayaToHydra/cpp/CMakeFiles/mayaHydraCppTests.dir/testSelectionSceneIndex.cpp.o
[2023-11-15T18:30:44.199Z]     [13/105] Building CXX object lib/mayaHydra/mayaPlugin/CMakeFiles/mayaHydra.dir/tokens.cpp.o
[2023-11-15T18:30:44.786Z]     [14/105] Building CXX object lib/mayaHydra/hydraExtensions/CMakeFiles/mayaHydraLib.dir/debugCodes.cpp.o
[2023-11-15T18:30:45.362Z]     [15/105] Building CXX object test/lib/mayaUsd/render/mayaToHydra/cpp/CMakeFiles/mayaHydraCppTests.dir/testMergingSceneIndex.cpp.o
[2023-11-15T18:30:46.554Z]     [16/105] Building CXX object lib/mayaHydra/hydraExtensions/CMakeFiles/mayaHydraLib.dir/mayaUtils.cpp.o
[2023-11-15T18:30:48.464Z]     [17/105] Building CXX object lib/mayaHydra/hydraExtensions/CMakeFiles/mayaHydraLib.dir/mayaHydraLibInterfaceImp.cpp.o
[2023-11-15T18:30:48.464Z]     [18/105] Building CXX object lib/mayaHydra/hydraExtensions/CMakeFiles/mayaHydraLib.dir/hydraUtils.cpp.o
[2023-11-15T18:30:49.046Z]     [19/105] Building CXX object lib/mayaHydra/mayaPlugin/CMakeFiles/mayaHydra.dir/pluginUtils.cpp.o
[2023-11-15T18:30:49.626Z]     [20/105] Building CXX object lib/mayaHydra/mayaPlugin/CMakeFiles/mayaHydra.dir/plugin.cpp.o
[2023-11-15T18:30:50.203Z]     [21/105] Building CXX object lib/mayaHydra/hydraExtensions/CMakeFiles/mayaHydraLib.dir/adapters/adapterDebugCodes.cpp.o
[2023-11-15T18:30:50.203Z]     [22/105] Building CXX object lib/mayaHydra/hydraExtensions/CMakeFiles/mayaHydraLib.dir/mixedUtils.cpp.o
[2023-11-15T18:30:50.777Z]     [23/105] Building CXX object lib/mayaHydra/mayaPlugin/CMakeFiles/mayaHydra.dir/viewCommand.cpp.o
[2023-11-15T18:30:50.777Z]     /Volumes/DATA/local/S/jenkins/workspace/ECP/ecg-maya-hydra/ecg-maya-hydra-branch-preflight-python3-osx/ecg-maya-hydra/maya-hydra/lib/mayaHydra/mayaPlugin/viewCommand.cpp:33:9: warning: MAYAHYDRA_CUT_ID is not defined [-W#pragma-messages]
[2023-11-15T18:30:50.777Z]     #pragma message("MAYAHYDRA_CUT_ID is not defined")
[2023-11-15T18:30:50.777Z]             ^
[2023-11-15T18:30:50.777Z]     1 warning generated.
[2023-11-15T18:30:50.777Z]     /Volumes/DATA/local/S/jenkins/workspace/ECP/ecg-maya-hydra/ecg-maya-hydra-branch-preflight-python3-osx/ecg-maya-hydra/maya-hydra/lib/mayaHydra/mayaPlugin/viewCommand.cpp:33:9: warning: MAYAHYDRA_CUT_ID is not defined [-W#pragma-messages]
[2023-11-15T18:30:50.777Z]     #pragma message("MAYAHYDRA_CUT_ID is not defined")
[2023-11-15T18:30:50.777Z]             ^
[2023-11-15T18:30:50.777Z]     1 warning generated.
[2023-11-15T18:30:53.413Z]     [24/105] Building CXX object lib/mayaHydra/mayaPlugin/CMakeFiles/mayaHydra.dir/renderOverride.cpp.o
[2023-11-15T18:30:53.977Z]     [25/105] Building CXX object lib/mayaHydra/mayaPlugin/CMakeFiles/mayaHydra.dir/renderGlobals.cpp.o
[2023-11-15T18:30:55.878Z]     [26/105] Building CXX object lib/mayaHydra/hydraExtensions/CMakeFiles/mayaHydraLib.dir/adapters/adapter.cpp.o
[2023-11-15T18:30:57.112Z]     [27/105] Building CXX object lib/mayaHydra/hydraExtensions/CMakeFiles/mayaHydraLib.dir/adapters/adapterRegistry.cpp.o
[2023-11-15T18:30:57.705Z]     [28/105] Building CXX object lib/mayaHydra/hydraExtensions/CMakeFiles/mayaHydraLib.dir/adapters/areaLightAdapter.cpp.o
[2023-11-15T18:30:58.291Z]     [29/105] Building CXX object lib/mayaHydra/hydraExtensions/CMakeFiles/mayaHydraLib.dir/adapters/aiSkydomeLightAdapter.cpp.o
[2023-11-15T18:30:58.870Z]     [30/105] Building CXX object lib/mayaHydra/hydraExtensions/CMakeFiles/mayaHydraLib.dir/adapters/cameraAdapter.cpp.o
[2023-11-15T18:30:59.439Z]     [31/105] Building CXX object lib/mayaHydra/hydraExtensions/CMakeFiles/mayaHydraLib.dir/adapters/mayaAttrs.cpp.o
[2023-11-15T18:30:59.439Z]     [32/105] Building CXX object lib/mayaHydra/hydraExtensions/CMakeFiles/mayaHydraLib.dir/mayaHydraSceneProducer.cpp.o
[2023-11-15T18:31:01.343Z]     [33/105] Building CXX object lib/mayaHydra/hydraExtensions/CMakeFiles/mayaHydraLib.dir/adapters/dagAdapter.cpp.o
[2023-11-15T18:31:02.584Z]     [34/105] Building CXX object lib/mayaHydra/hydraExtensions/CMakeFiles/mayaHydraLib.dir/adapters/renderItemAdapter.cpp.o
[2023-11-15T18:31:03.808Z]     [35/105] Building CXX object lib/mayaHydra/hydraExtensions/CMakeFiles/mayaHydraLib.dir/adapters/lightAdapter.cpp.o
[2023-11-15T18:31:05.711Z]     [36/105] Building CXX object lib/mayaHydra/hydraExtensions/CMakeFiles/mayaHydraLib.dir/adapters/directionalLightAdapter.cpp.o
[2023-11-15T18:31:05.711Z]     [37/105] Building CXX object lib/mayaHydra/hydraExtensions/CMakeFiles/mayaHydraLib.dir/adapters/materialAdapter.cpp.o
[2023-11-15T18:31:06.923Z]     [38/105] Building CXX object lib/mayaHydra/hydraExtensions/CMakeFiles/mayaHydraLib.dir/adapters/tokens.cpp.o
[2023-11-15T18:31:06.923Z]     [39/105] Building CXX object lib/mayaHydra/hydraExtensions/CMakeFiles/mayaHydraLib.dir/adapters/meshAdapter.cpp.o
[2023-11-15T18:31:06.923Z]     [40/105] Building CXX object lib/mayaHydra/hydraExtensions/CMakeFiles/mayaHydraLib.dir/adapters/nurbsCurveAdapter.cpp.o
[2023-11-15T18:31:07.494Z]     [41/105] Building CXX object lib/mayaHydra/hydraExtensions/CMakeFiles/mayaHydraLib.dir/delegates/delegateDebugCodes.cpp.o
[2023-11-15T18:31:08.091Z]     [42/105] Building CXX object lib/mayaHydra/hydraExtensions/CMakeFiles/mayaHydraLib.dir/adapters/materialNetworkConverter.cpp.o
[2023-11-15T18:31:08.674Z]     [43/105] Building CXX object lib/mayaHydra/hydraExtensions/CMakeFiles/mayaHydraLib.dir/adapters/pointLightAdapter.cpp.o
[2023-11-15T18:31:09.271Z]     [44/105] Building CXX object lib/mayaHydra/hydraExtensions/CMakeFiles/mayaHydraLib.dir/adapters/shapeAdapter.cpp.o
[2023-11-15T18:31:11.927Z]     [45/105] Building CXX object lib/mayaHydra/hydraExtensions/CMakeFiles/mayaHydraLib.dir/adapters/spotLightAdapter.cpp.o
[2023-11-15T18:31:12.681Z]     [46/105] Building CXX object lib/mayaHydra/hydraExtensions/CMakeFiles/mayaHydraLib.dir/delegates/delegate.cpp.o
[2023-11-15T18:31:13.637Z]     [47/105] Building CXX object lib/mayaHydra/hydraExtensions/CMakeFiles/mayaHydraLib.dir/delegates/delegateCtx.cpp.o
[2023-11-15T18:31:14.260Z]     [48/105] Building CXX object lib/mayaHydra/hydraExtensions/CMakeFiles/mayaHydraLib.dir/delegates/delegateRegistry.cpp.o
[2023-11-15T18:31:14.827Z]     [49/105] Building CXX object lib/mayaHydra/hydraExtensions/CMakeFiles/mayaHydraLib.dir/sceneIndex/registration.cpp.o
[2023-11-15T18:31:17.516Z]     [50/105] Building CXX object lib/mayaHydra/hydraExtensions/CMakeFiles/mayaHydraLib.dir/delegates/sceneDelegate.cpp.o
[2023-11-15T18:31:19.424Z]     [51/105] Building CXX object lib/mayaHydra/hydraExtensions/CMakeFiles/mayaHydraLib.dir/delegates/testDelegate.cpp.o
[2023-11-15T18:31:20.006Z]     [52/105] Building CXX object lib/mayaHydra/hydraExtensions/CMakeFiles/mayaHydraLib.dir/delegates/defaultLightDelegate.cpp.o
[2023-11-15T18:31:20.006Z]     [53/105] Building CXX object lib/mayaHydra/hydraExtensions/CMakeFiles/mayaHydraLib.dir/sceneIndex/mayaHydraPrimvarDataSource.cpp.o
[2023-11-15T18:31:21.222Z]     [54/105] Building CXX object lib/flowViewport/CMakeFiles/flowViewport.dir/debugCodes.cpp.o
[2023-11-15T18:31:21.800Z]     [55/105] Building CXX object lib/mayaHydra/hydraExtensions/CMakeFiles/mayaHydraLib.dir/sceneIndex/mayaHydraDataSource.cpp.o
[2023-11-15T18:31:21.800Z]     [56/105] Building CXX object lib/mayaHydra/ufeExtensions/CMakeFiles/ufeExtensions.dir/Global.cpp.o
[2023-11-15T18:31:21.800Z]     [57/105] Building CXX object lib/mayaHydra/hydraExtensions/CMakeFiles/mayaHydraLib.dir/sceneIndex/mayaHydraSceneIndex.cpp.o
[2023-11-15T18:31:21.800Z]     [58/105] Building CXX object lib/mayaHydra/hydraExtensions/CMakeFiles/mayaHydraLib.dir/sceneIndex/mayaHydraDisplayStyleDataSource.cpp.o
[2023-11-15T18:31:22.376Z]     [59/105] Linking CXX shared library lib/mayaHydra/ufeExtensions/libufeExtensions.dylib
[2023-11-15T18:31:22.376Z]     [60/105] Building CXX object lib/flowViewport/CMakeFiles/flowViewport.dir/global.cpp.o
[2023-11-15T18:31:22.376Z]     [61/105] Building CXX object lib/mayaHydra/hydraExtensions/CMakeFiles/mayaHydraLib.dir/sceneIndex/mayaHydraCameraDataSource.cpp.o
[2023-11-15T18:31:22.376Z]     [62/105] Building CXX object lib/flowViewport/CMakeFiles/flowViewport.dir/sceneIndex/fvpPathInterface.cpp.o
[2023-11-15T18:31:22.943Z]     [63/105] Building CXX object lib/flowViewport/CMakeFiles/flowViewport.dir/tokens.cpp.o
[2023-11-15T18:31:22.943Z]     [64/105] Building CXX object lib/flowViewport/CMakeFiles/flowViewport.dir/colorPreferences/fvpColorPreferencesTokens.cpp.o
[2023-11-15T18:31:22.943Z]     [65/105] Building CXX object lib/flowViewport/CMakeFiles/flowViewport.dir/colorPreferences/fvpColorChanged.cpp.o
[2023-11-15T18:31:23.501Z]     [66/105] Building CXX object lib/flowViewport/CMakeFiles/flowViewport.dir/colorPreferences/fvpColorPreferences.cpp.o
[2023-11-15T18:31:23.501Z]     [67/105] Building CXX object lib/flowViewport/CMakeFiles/flowViewport.dir/API/interfacesImp/fvpVersionInterfaceImp.cpp.o
[2023-11-15T18:31:24.705Z]     [68/105] Building CXX object lib/mayaHydra/hydraExtensions/CMakeFiles/mayaHydraLib.dir/sceneIndex/mayaHydraLightDataSource.cpp.o
[2023-11-15T18:31:24.705Z]     [69/105] Building CXX object lib/flowViewport/CMakeFiles/flowViewport.dir/API/interfacesImp/fvpSelectionInterfaceImp.cpp.o
[2023-11-15T18:31:25.918Z]     [70/105] Building CXX object lib/flowViewport/CMakeFiles/flowViewport.dir/API/samples/fvpSelectionClientExample.cpp.o
[2023-11-15T18:31:25.918Z]     [71/105] Building CXX object lib/flowViewport/CMakeFiles/flowViewport.dir/sceneIndex/fvpPathInterfaceSceneIndex.cpp.o
[2023-11-15T18:31:25.918Z]     [72/105] Building CXX object lib/flowViewport/CMakeFiles/flowViewport.dir/sceneIndex/fvpMergingSceneIndex.cpp.o
[2023-11-15T18:31:27.153Z]     [73/105] Building CXX object lib/flowViewport/CMakeFiles/flowViewport.dir/sceneIndex/fvpSelectionSceneIndex.cpp.o
[2023-11-15T18:31:27.724Z]     [74/105] Building CXX object lib/mayaHydra/hydraExtensions/CMakeFiles/mayaHydraLib.dir/sceneIndex/mayaHydraDefaultLightDataSource.cpp.o
[2023-11-15T18:31:27.724Z]     [75/105] Building CXX object lib/flowViewport/CMakeFiles/flowViewport.dir/sceneIndex/fvpRenderIndexProxy.cpp.o
[2023-11-15T18:31:28.289Z]     [76/105] Building CXX object lib/flowViewport/CMakeFiles/flowViewport.dir/selection/fvpSelectionFwd.cpp.o
[2023-11-15T18:31:28.289Z]     [77/105] Building CXX object lib/flowViewport/CMakeFiles/flowViewport.dir/sceneIndex/fvpWireframeSelectionHighlightSceneIndex.cpp.o
[2023-11-15T18:31:28.289Z]     [78/105] Building CXX object lib/flowViewport/CMakeFiles/flowViewport.dir/API/interfacesImp/fvpInformationInterfaceImp.cpp.o
[2023-11-15T18:31:30.114Z]     [79/105] Building CXX object lib/flowViewport/CMakeFiles/flowViewport.dir/API/perViewportSceneIndicesData/fvpViewportInformationAndSceneIndicesPerViewportData.cpp.o
[2023-11-15T18:31:30.114Z]     [80/105] Building CXX object lib/flowViewport/CMakeFiles/flowViewport.dir/API/samples/fvpInformationClientExample.cpp.o
[2023-11-15T18:31:31.979Z]     [81/105] Automatic MOC for target adskHydraSceneBrowser
[2023-11-15T18:31:31.979Z]     [82/105] Building CXX object lib/flowViewport/CMakeFiles/flowViewport.dir/API/perViewportSceneIndicesData/fvpViewportInformationAndSceneIndicesPerViewportDataManager.cpp.o
[2023-11-15T18:31:31.979Z]     [83/105] Building CXX object lib/flowViewport/CMakeFiles/flowViewport.dir/selection/fvpSelection.cpp.o
[2023-11-15T18:31:33.887Z]     [84/105] Building CXX object lib/flowViewport/CMakeFiles/flowViewport.dir/selection/fvpSelectionTracker.cpp.o
[2023-11-15T18:31:34.464Z]     [85/105] Building CXX object lib/flowViewport/CMakeFiles/flowViewport.dir/selection/fvpSelectionTask.cpp.o
[2023-11-15T18:31:35.036Z]     [86/105] Linking CXX shared library lib/flowViewport/libflowViewport.dylib
[2023-11-15T18:31:36.241Z]     [87/105] Linking CXX shared library lib/mayaHydra/hydraExtensions/libmayaHydraLib.dylib
[2023-11-15T18:31:36.241Z]     [88/105] Linking CXX shared library test/lib/mayaUsd/render/mayaToHydra/cpp/mayaHydraCppTests.bundle
[2023-11-15T18:31:36.808Z]     [89/105] Linking CXX shared library lib/mayaHydra/mayaPlugin/mayaHydra.bundle
[2023-11-15T18:31:37.391Z]     [90/105] Building CXX object lib/adskHydraSceneBrowser/lib/CMakeFiles/adskHydraSceneBrowser.dir/src/patch/registeredSceneIndexChooser.cpp.o
[2023-11-15T18:31:37.391Z]     [91/105] Building CXX object lib/adskHydraSceneBrowser/lib/CMakeFiles/adskHydraSceneBrowser.dir/src/patch/sceneIndexObserverLoggingWidget.cpp.o
[2023-11-15T18:31:37.391Z]     [92/105] Building CXX object lib/adskHydraSceneBrowser/lib/CMakeFiles/adskHydraSceneBrowser.dir/src/patch/dataSourceValueTreeView.cpp.o
[2023-11-15T18:31:37.956Z]     [93/105] Building CXX object lib/adskHydraSceneBrowser/lib/CMakeFiles/adskHydraSceneBrowser.dir/src/patch/sceneIndexObserverLoggingTreeView.cpp.o
[2023-11-15T18:31:37.956Z]     [94/105] Building CXX object lib/adskHydraSceneBrowser/lib/CMakeFiles/adskHydraSceneBrowser.dir/adskHydraSceneBrowser_autogen/mocs_compilation.cpp.o
[2023-11-15T18:31:37.956Z]     [95/105] Building CXX object lib/adskHydraSceneBrowser/lib/CMakeFiles/adskHydraSceneBrowser.dir/src/patch/dataSourceTreeWidget.cpp.o
[2023-11-15T18:31:39.787Z]     [96/105] Building CXX object lib/adskHydraSceneBrowser/lib/CMakeFiles/adskHydraSceneBrowser.dir/src/patch/sceneIndexDebuggerWidget.cpp.o
[2023-11-15T18:31:40.945Z]     [97/105] Building CXX object plugin/mayaHydraSceneBrowserTest/CMakeFiles/mayaHydraSceneBrowserTest.dir/mayaHydraSceneBrowserTestCmd.cpp.o
[2023-11-15T18:31:41.502Z]     [98/105] Building CXX object lib/adskHydraSceneBrowser/lib/CMakeFiles/adskHydraSceneBrowser.dir/src/patch/sceneIndexTreeWidget.cpp.o
[2023-11-15T18:31:42.057Z]     [99/105] Building CXX object plugin/mayaHydraSceneBrowser/CMakeFiles/mayaHydraSceneBrowser.dir/mayaHydraSceneBrowser.cpp.o
[2023-11-15T18:31:42.057Z]     [100/105] Linking CXX shared library lib/adskHydraSceneBrowser/lib/libadskHydraSceneBrowser.dylib
[2023-11-15T18:31:42.057Z]     [101/105] Building CXX object lib/adskHydraSceneBrowser/test/CMakeFiles/adskHydraSceneBrowserTesting.dir/adskHydraSceneBrowserTesting.cpp.o
[2023-11-15T18:31:42.057Z]     [102/105] Linking CXX shared library plugin/mayaHydraSceneBrowser/mayaHydraSceneBrowser.bundle
[2023-11-15T18:31:43.218Z]     [103/105] Building CXX object lib/adskHydraSceneBrowser/test/CMakeFiles/adskHydraSceneBrowserTesting.dir/adskHydraSceneBrowserTestFixture.cpp.o
[2023-11-15T18:31:43.218Z]     [104/105] Linking CXX shared library lib/adskHydraSceneBrowser/test/libadskHydraSceneBrowserTesting.dylib
[2023-11-15T18:31:43.779Z]     [105/105] Linking CXX shared library plugin/mayaHydraSceneBrowserTest/mayaHydraSceneBrowserTest.bundle
[2023-11-15T18:31:43.779Z]     
[2023-11-15T18:31:43.779Z]         Building with settings:
[2023-11-15T18:31:43.779Z]           Source directory          /Volumes/DATA/local/S/jenkins/workspace/ECP/ecg-maya-hydra/ecg-maya-hydra-branch-preflight-python3-osx/ecg-maya-hydra/maya-hydra
[2023-11-15T18:31:43.779Z]           Workspace directory       /local/S/jenkins/workspace/ECP/ecg-maya-hydra/ecg-maya-hydra-branch-preflight-python3-osx
[2023-11-15T18:31:43.779Z]           Build directory           /local/S/jenkins/workspace/ECP/ecg-maya-hydra/ecg-maya-hydra-branch-preflight-python3-osx/build/Debug
[2023-11-15T18:31:43.779Z]           Install directory         /local/S/jenkins/workspace/ECP/ecg-maya-hydra/ecg-maya-hydra-branch-preflight-python3-osx/install/Debug/MayaHydra
[2023-11-15T18:31:43.779Z]           Variant                   Debug
[2023-11-15T18:31:43.779Z]           Python Debug              Off
[2023-11-15T18:31:43.779Z]           CMake generator           Ninja
[2023-11-15T18:31:43.779Z]           Build arguments           ['-DCMAKE_MAKE_PROGRAM=/local/S/jenkins/workspace/shared/Artifactory/OSX/ninja/1.10.2/95d0ca5/ninja', '-DPYTHON_INCLUDE_DIR=/local/S/jenkins/workspace/shared/Artifactory/OSX/rundev-master-debug/202310260154/runtime/3fe4f1c/runTime/Maya.app/Contents/Frameworks/Python.framework/Versions/Current/include/python3.10', '-DPython_EXECUTABLE=/local/S/jenkins/workspace/shared/Artifactory/OSX/rundev-master-debug/202310260154/runtime/3fe4f1c/runTime/Maya.app/Contents/bin/mayapy', '-DPYTHON_LIBRARIES=/local/S/jenkins/workspace/shared/Artifactory/OSX/rundev-master-debug/202310260154/runtime/3fe4f1c/runTime/Maya.app/Contents/Frameworks/Python.framework/Versions/Current/lib/libpython3.10.dylib', '-DBUILD_WITH_PYTHON_3=ON', '-DBUILD_WITH_PYTHON_3_VERSION=3.10', '-DBUILD_UB2=ON', '-DCMAKE_WANT_MATERIALX_BUILD=ON', '-DCMAKE_PREFIX_PATH=/local/S/jenkins/workspace/shared/Artifactory/OSX/USD/a9d0dd1', '-DMAYAHYDRA_BUILD_NUMBER=397', '-DMAYAHYDRA_GIT_COMMIT=851bc817175b30fdfb09180171639e397c7baf14', '-DMAYAHYDRA_GIT_BRANCH=master']
[2023-11-15T18:31:43.779Z]           Stages arguments          ['build']
[2023-11-15T18:31:43.779Z]           CTest arguments           ['--parallel 8']
[2023-11-15T18:31:43.779Z]     Success MayaHydra build and install !!!!
[2023-11-15T18:31:43.779Z]     Elapsed time: 00:01:06
[Pipeline] sh
[2023-11-15T18:31:45.150Z] + python ecg-maya-hydra/build.py --stages=build --workspace-dir=/local/S/jenkins/workspace/ECP/ecg-maya-hydra/ecg-maya-hydra-branch-preflight-python3-osx --artifactory-dir=/local/S/jenkins/workspace/shared/Artifactory --build-dir=/local/S/jenkins/workspace/ECP/ecg-maya-hydra/ecg-maya-hydra-branch-preflight-python3-osx/build --install-dir=/local/S/jenkins/workspace/ECP/ecg-maya-hydra/ecg-maya-hydra-branch-preflight-python3-osx/install --signing-dir=/local/S/jenkins/workspace/ECP/ecg-maya-hydra/ecg-maya-hydra-branch-preflight-python3-osx/signing --package-dir=/local/S/jenkins/workspace/ECP/ecg-maya-hydra/ecg-maya-hydra-branch-preflight-python3-osx/package --output-dir=/local/S/jenkins/workspace/ECP/ecg-maya-hydra/ecg-maya-hydra-branch-preflight-python3-osx/output --stash-dir=/local/S/jenkins/workspace/ECP/ecg-maya-hydra/ecg-maya-hydra-branch-preflight-python3-osx/stash --jenkins-build=397 --git-commit=851bc817175b30fdfb09180171639e397c7baf14 --git-branch=master --variants=RelWithDebInfo --interactive-tests=true --post-zips=false --osx-binary-architecture-target=ub2 --osx-deployment-target=11.0 --osx-base-sdk=CurrentActiveSDK --build-retry=3 --maya-cut-config=maya-rundev-master.yaml --maya-package=rundev-master --stage-banner
[2023-11-15T18:31:45.150Z] Using Maya cut from /local/S/jenkins/workspace/shared/Artifactory/OSX/rundev-master/202311060140/runtime/e9a5ae1
[2023-11-15T18:31:45.150Z] Using Maya ADSK Signatures from /local/S/jenkins/workspace/shared/Artifactory/OSX/adsk-plugin-signatures-maya/2023/3ae1ae7
[2023-11-15T18:31:45.150Z] Using Maya Security Library from /local/S/jenkins/workspace/shared/Artifactory/OSX/maya-security-library/3.4.0/5e08f3e
[2023-11-15T18:31:45.150Z] 
[2023-11-15T18:31:45.150Z] ================================================================================
[2023-11-15T18:31:45.150Z]                              build (RelWithDebInfo)
[2023-11-15T18:31:45.150Z] ================================================================================
[2023-11-15T18:31:45.150Z] Maya Python RelWithDebInfo Info:
[2023-11-15T18:31:45.150Z]   mayapy executable   = /local/S/jenkins/workspace/shared/Artifactory/OSX/rundev-master/202311060140/runtime/e9a5ae1/runTime/Maya.app/Contents/bin/mayapy
[2023-11-15T18:31:45.150Z]   Include Folder      = /local/S/jenkins/workspace/shared/Artifactory/OSX/rundev-master/202311060140/runtime/e9a5ae1/runTime/Maya.app/Contents/Frameworks/Python.framework/Versions/Current/include/python3.10
[2023-11-15T18:31:45.150Z]   Library             = /local/S/jenkins/workspace/shared/Artifactory/OSX/rundev-master/202311060140/runtime/e9a5ae1/runTime/Maya.app/Contents/Frameworks/Python.framework/Versions/Current/lib/libpython3.10.dylib
[2023-11-15T18:31:45.150Z]   site-package Folder = /local/S/jenkins/workspace/shared/Artifactory/OSX/rundev-master/202311060140/runtime/e9a5ae1/runTime/Maya.app/Contents/Frameworks/Python.framework/Versions/Current/lib/python3.10/site-packages
[2023-11-15T18:31:45.150Z] In workdir: /Volumes/DATA/local/S/jenkins/workspace/ECP/ecg-maya-hydra/ecg-maya-hydra-branch-preflight-python3-osx/ecg-maya-hydra/maya-hydra
[2023-11-15T18:31:45.150Z] Executing: arch -arch arm64 /local/S/jenkins/workspace/shared/Artifactory/OSX/rundev-master/202311060140/runtime/e9a5ae1/runTime/Maya.app/Contents/bin/mayapy /Volumes/DATA/local/S/jenkins/workspace/ECP/ecg-maya-hydra/ecg-maya-hydra-branch-preflight-python3-osx/ecg-maya-hydra/maya-hydra/build.py --generator Ninja --build-relwithdebug --maya-location /local/S/jenkins/workspace/shared/Artifactory/OSX/rundev-master/202311060140/runtime/e9a5ae1/runTime --devkit-location /local/S/jenkins/workspace/shared/Artifactory/OSX/rundev-master/202311060140/runtime/e9a5ae1/devkitBase --pxrusd-location /local/S/jenkins/workspace/shared/Artifactory/OSX/USD/b595ab2 --build-args=-DCMAKE_MAKE_PROGRAM=/local/S/jenkins/workspace/shared/Artifactory/OSX/ninja/1.10.2/95d0ca5/ninja,-DPYTHON_INCLUDE_DIR=/local/S/jenkins/workspace/shared/Artifactory/OSX/rundev-master/202311060140/runtime/e9a5ae1/runTime/Maya.app/Contents/Frameworks/Python.framework/Versions/Current/include/python3.10,-DPython_EXECUTABLE=/local/S/jenkins/workspace/shared/Artifactory/OSX/rundev-master/202311060140/runtime/e9a5ae1/runTime/Maya.app/Contents/bin/mayapy,-DPYTHON_LIBRARIES=/local/S/jenkins/workspace/shared/Artifactory/OSX/rundev-master/202311060140/runtime/e9a5ae1/runTime/Maya.app/Contents/Frameworks/Python.framework/Versions/Current/lib/libpython3.10.dylib,-DBUILD_WITH_PYTHON_3=ON,-DBUILD_WITH_PYTHON_3_VERSION=3.10,-DBUILD_UB2=ON,-DCMAKE_WANT_MATERIALX_BUILD=ON,-DCMAKE_PREFIX_PATH=/local/S/jenkins/workspace/shared/Artifactory/OSX/USD/b595ab2,-DMAYAHYDRA_BUILD_NUMBER=397,-DMAYAHYDRA_GIT_COMMIT=851bc817175b30fdfb09180171639e397c7baf14,-DMAYAHYDRA_GIT_BRANCH=master '--ctest-args=--parallel 8' --stages=build --redirect-outstream-file=False --install-location /local/S/jenkins/workspace/ECP/ecg-maya-hydra/ecg-maya-hydra-branch-preflight-python3-osx/install/RelWithDebInfo/MayaHydra /local/S/jenkins/workspace/ECP/ecg-maya-hydra/ecg-maya-hydra-branch-preflight-python3-osx
[2023-11-15T18:31:45.150Z] Modified environment variables:
[2023-11-15T18:31:45.150Z]     PATH=/local/S/jenkins/workspace/shared/Artifactory/OSX/cmake/3.20.3/2594509/bin:/opt/homebrew/bin:/usr/local/bin:/bin:/usr/sbin:/sbin:/usr/bin:/usr/bin:/bin:/usr/sbin:/sbin
[2023-11-15T18:31:46.323Z]     [1/105] Building CXX object lib/flowViewport/CMakeFiles/flowViewport.dir/debugCodes.cpp.o
[2023-11-15T18:31:46.323Z]     [2/105] Building CXX object lib/flowViewport/CMakeFiles/flowViewport.dir/sceneIndex/fvpPathInterface.cpp.o
[2023-11-15T18:31:46.897Z]     [3/105] Building CXX object lib/flowViewport/CMakeFiles/flowViewport.dir/colorPreferences/fvpColorPreferencesTokens.cpp.o
[2023-11-15T18:31:46.897Z]     [4/105] Building CXX object lib/flowViewport/CMakeFiles/flowViewport.dir/tokens.cpp.o
[2023-11-15T18:31:46.897Z]     [5/105] Building CXX object lib/flowViewport/CMakeFiles/flowViewport.dir/colorPreferences/fvpColorChanged.cpp.o
[2023-11-15T18:31:46.897Z]     [6/105] Building CXX object lib/flowViewport/CMakeFiles/flowViewport.dir/global.cpp.o
[2023-11-15T18:31:46.897Z]     [7/105] Building CXX object lib/flowViewport/CMakeFiles/flowViewport.dir/API/interfacesImp/fvpVersionInterfaceImp.cpp.o
[2023-11-15T18:31:46.897Z]     [8/105] Building CXX object lib/flowViewport/CMakeFiles/flowViewport.dir/colorPreferences/fvpColorPreferences.cpp.o
[2023-11-15T18:31:47.467Z]     [9/105] Building CXX object lib/mayaHydra/ufeExtensions/CMakeFiles/ufeExtensions.dir/Global.cpp.o
[2023-11-15T18:31:47.467Z]     [10/105] Linking CXX shared library lib/mayaHydra/ufeExtensions/libufeExtensions.dylib
[2023-11-15T18:31:48.654Z]     [11/105] Building CXX object lib/flowViewport/CMakeFiles/flowViewport.dir/API/interfacesImp/fvpSelectionInterfaceImp.cpp.o
[2023-11-15T18:31:48.654Z]     [12/105] Building CXX object lib/flowViewport/CMakeFiles/flowViewport.dir/API/samples/fvpSelectionClientExample.cpp.o
[2023-11-15T18:31:49.241Z]     [13/105] Building CXX object lib/flowViewport/CMakeFiles/flowViewport.dir/sceneIndex/fvpMergingSceneIndex.cpp.o
[2023-11-15T18:31:49.830Z]     [14/105] Building CXX object lib/flowViewport/CMakeFiles/flowViewport.dir/sceneIndex/fvpPathInterfaceSceneIndex.cpp.o
[2023-11-15T18:31:51.723Z]     [15/105] Building CXX object lib/flowViewport/CMakeFiles/flowViewport.dir/API/interfacesImp/fvpInformationInterfaceImp.cpp.o
[2023-11-15T18:31:51.723Z]     [16/105] Building CXX object lib/flowViewport/CMakeFiles/flowViewport.dir/sceneIndex/fvpSelectionSceneIndex.cpp.o
[2023-11-15T18:31:52.277Z]     [17/105] Building CXX object lib/flowViewport/CMakeFiles/flowViewport.dir/selection/fvpSelectionFwd.cpp.o
[2023-11-15T18:31:52.277Z]     [18/105] Building CXX object lib/flowViewport/CMakeFiles/flowViewport.dir/API/samples/fvpInformationClientExample.cpp.o
[2023-11-15T18:31:52.277Z]     [19/105] Building CXX object lib/flowViewport/CMakeFiles/flowViewport.dir/sceneIndex/fvpRenderIndexProxy.cpp.o
[2023-11-15T18:31:52.277Z]     [20/105] Building CXX object lib/flowViewport/CMakeFiles/flowViewport.dir/API/perViewportSceneIndicesData/fvpViewportInformationAndSceneIndicesPerViewportData.cpp.o
[2023-11-15T18:31:53.433Z]     [21/105] Building CXX object lib/flowViewport/CMakeFiles/flowViewport.dir/sceneIndex/fvpWireframeSelectionHighlightSceneIndex.cpp.o
[2023-11-15T18:31:54.591Z]     [22/105] Building CXX object test/lib/mayaUsd/render/mayaToHydra/cpp/CMakeFiles/mayaHydraCppTests.dir/mayaHydraCppTestsCmd.cpp.o
[2023-11-15T18:31:56.460Z]     [23/105] Automatic MOC for target adskHydraSceneBrowser
[2023-11-15T18:31:56.460Z]     [24/105] Building CXX object lib/flowViewport/CMakeFiles/flowViewport.dir/selection/fvpSelection.cpp.o
[2023-11-15T18:31:56.460Z]     [25/105] Building CXX object lib/flowViewport/CMakeFiles/flowViewport.dir/API/perViewportSceneIndicesData/fvpViewportInformationAndSceneIndicesPerViewportDataManager.cpp.o
[2023-11-15T18:31:56.460Z]     [26/105] Building CXX object test/lib/mayaUsd/render/mayaToHydra/cpp/CMakeFiles/mayaHydraCppTests.dir/testCppFramework.cpp.o
[2023-11-15T18:31:58.968Z]     [27/105] Building CXX object test/lib/mayaUsd/render/mayaToHydra/cpp/CMakeFiles/mayaHydraCppTests.dir/testColorPreferences.cpp.o
[2023-11-15T18:31:58.968Z]     [28/105] Building CXX object test/lib/mayaUsd/render/mayaToHydra/cpp/CMakeFiles/mayaHydraCppTests.dir/testUtils.cpp.o
[2023-11-15T18:31:58.968Z]     [29/105] Building CXX object lib/flowViewport/CMakeFiles/flowViewport.dir/selection/fvpSelectionTracker.cpp.o
[2023-11-15T18:31:59.569Z]     [30/105] Building CXX object lib/flowViewport/CMakeFiles/flowViewport.dir/selection/fvpSelectionTask.cpp.o
[2023-11-15T18:31:59.569Z]     [31/105] Linking CXX shared library lib/flowViewport/libflowViewport.dylib
[2023-11-15T18:32:03.070Z]     [32/105] Building CXX object lib/adskHydraSceneBrowser/lib/CMakeFiles/adskHydraSceneBrowser.dir/src/patch/sceneIndexObserverLoggingTreeView.cpp.o
[2023-11-15T18:32:03.070Z]     [33/105] Building CXX object lib/adskHydraSceneBrowser/lib/CMakeFiles/adskHydraSceneBrowser.dir/adskHydraSceneBrowser_autogen/mocs_compilation.cpp.o
[2023-11-15T18:32:03.070Z]     [34/105] Building CXX object lib/adskHydraSceneBrowser/lib/CMakeFiles/adskHydraSceneBrowser.dir/src/patch/registeredSceneIndexChooser.cpp.o
[2023-11-15T18:32:03.649Z]     [35/105] Building CXX object lib/adskHydraSceneBrowser/lib/CMakeFiles/adskHydraSceneBrowser.dir/src/patch/dataSourceValueTreeView.cpp.o
[2023-11-15T18:32:04.238Z]     [36/105] Building CXX object lib/adskHydraSceneBrowser/lib/CMakeFiles/adskHydraSceneBrowser.dir/src/patch/sceneIndexObserverLoggingWidget.cpp.o
[2023-11-15T18:32:04.238Z]     [37/105] Building CXX object lib/adskHydraSceneBrowser/lib/CMakeFiles/adskHydraSceneBrowser.dir/src/patch/dataSourceTreeWidget.cpp.o
[2023-11-15T18:32:05.466Z]     [38/105] Building CXX object lib/adskHydraSceneBrowser/lib/CMakeFiles/adskHydraSceneBrowser.dir/src/patch/sceneIndexDebuggerWidget.cpp.o
[2023-11-15T18:32:06.697Z]     [39/105] Building CXX object lib/adskHydraSceneBrowser/lib/CMakeFiles/adskHydraSceneBrowser.dir/src/patch/sceneIndexTreeWidget.cpp.o
[2023-11-15T18:32:06.697Z]     [40/105] Linking CXX shared library lib/adskHydraSceneBrowser/lib/libadskHydraSceneBrowser.dylib
[2023-11-15T18:32:07.269Z]     [41/105] Building CXX object plugin/mayaHydraSceneBrowserTest/CMakeFiles/mayaHydraSceneBrowserTest.dir/mayaHydraSceneBrowserTestCmd.cpp.o
[2023-11-15T18:32:08.652Z]     [42/105] Building CXX object plugin/mayaHydraSceneBrowser/CMakeFiles/mayaHydraSceneBrowser.dir/mayaHydraSceneBrowser.cpp.o
[2023-11-15T18:32:08.652Z]     [43/105] Building CXX object lib/adskHydraSceneBrowser/test/CMakeFiles/adskHydraSceneBrowserTesting.dir/adskHydraSceneBrowserTesting.cpp.o
[2023-11-15T18:32:09.838Z]     [44/105] Building CXX object lib/mayaHydra/mayaPlugin/CMakeFiles/mayaHydra.dir/colorNotFoundException.cpp.o
[2023-11-15T18:32:09.838Z]     [45/105] Building CXX object test/lib/mayaUsd/render/mayaToHydra/cpp/CMakeFiles/mayaHydraCppTests.dir/testMayaSceneFlattening.cpp.o
[2023-11-15T18:32:09.838Z]     [46/105] Building CXX object test/lib/mayaUsd/render/mayaToHydra/cpp/CMakeFiles/mayaHydraCppTests.dir/testMayaUsdUfeItems.cpp.o
[2023-11-15T18:32:11.038Z]     [47/105] Building CXX object lib/mayaHydra/mayaPlugin/CMakeFiles/mayaHydra.dir/pluginDebugCodes.cpp.o
[2023-11-15T18:32:12.241Z]     [48/105] Building CXX object lib/mayaHydra/mayaPlugin/CMakeFiles/mayaHydra.dir/mayaColorPreferencesTranslator.cpp.o
[2023-11-15T18:32:13.459Z]     [49/105] Building CXX object test/lib/mayaUsd/render/mayaToHydra/cpp/CMakeFiles/mayaHydraCppTests.dir/testFlowViewportAPIViewportInformation.cpp.o
[2023-11-15T18:32:14.043Z]     [50/105] Building CXX object test/lib/mayaUsd/render/mayaToHydra/cpp/CMakeFiles/mayaHydraCppTests.dir/testSelectionSceneIndex.cpp.o
[2023-11-15T18:32:14.615Z]     [51/105] Building CXX object test/lib/mayaUsd/render/mayaToHydra/cpp/CMakeFiles/mayaHydraCppTests.dir/testWireframeSelectionHighlightSceneIndex.cpp.o
[2023-11-15T18:32:14.615Z]     [52/105] Building CXX object test/lib/mayaUsd/render/mayaToHydra/cpp/CMakeFiles/mayaHydraCppTests.dir/testMergingSceneIndex.cpp.o
[2023-11-15T18:32:15.196Z]     [53/105] Building CXX object lib/mayaHydra/mayaPlugin/CMakeFiles/mayaHydra.dir/tokens.cpp.o
[2023-11-15T18:32:15.775Z]     [54/105] Building CXX object lib/adskHydraSceneBrowser/test/CMakeFiles/adskHydraSceneBrowserTesting.dir/adskHydraSceneBrowserTestFixture.cpp.o
[2023-11-15T18:32:15.775Z]     [55/105] Building CXX object lib/mayaHydra/hydraExtensions/CMakeFiles/mayaHydraLib.dir/debugCodes.cpp.o
[2023-11-15T18:32:15.775Z]     [56/105] Linking CXX shared library lib/adskHydraSceneBrowser/test/libadskHydraSceneBrowserTesting.dylib
[2023-11-15T18:32:17.000Z]     [57/105] Building CXX object lib/mayaHydra/hydraExtensions/CMakeFiles/mayaHydraLib.dir/mayaUtils.cpp.o
[2023-11-15T18:32:17.574Z]     [58/105] Building CXX object lib/mayaHydra/mayaPlugin/CMakeFiles/mayaHydra.dir/plugin.cpp.o
[2023-11-15T18:32:17.574Z]     [59/105] Building CXX object lib/mayaHydra/mayaPlugin/CMakeFiles/mayaHydra.dir/pluginUtils.cpp.o
[2023-11-15T18:32:19.476Z]     [60/105] Building CXX object lib/mayaHydra/hydraExtensions/CMakeFiles/mayaHydraLib.dir/mayaHydraLibInterfaceImp.cpp.o
[2023-11-15T18:32:20.680Z]     [61/105] Building CXX object lib/mayaHydra/hydraExtensions/CMakeFiles/mayaHydraLib.dir/adapters/adapterDebugCodes.cpp.o
[2023-11-15T18:32:20.680Z]     [62/105] Building CXX object lib/mayaHydra/hydraExtensions/CMakeFiles/mayaHydraLib.dir/hydraUtils.cpp.o
[2023-11-15T18:32:20.680Z]     [63/105] Building CXX object lib/mayaHydra/hydraExtensions/CMakeFiles/mayaHydraLib.dir/mixedUtils.cpp.o
[2023-11-15T18:32:22.572Z]     [64/105] Building CXX object lib/mayaHydra/mayaPlugin/CMakeFiles/mayaHydra.dir/viewCommand.cpp.o
[2023-11-15T18:32:22.572Z]     /Volumes/DATA/local/S/jenkins/workspace/ECP/ecg-maya-hydra/ecg-maya-hydra-branch-preflight-python3-osx/ecg-maya-hydra/maya-hydra/lib/mayaHydra/mayaPlugin/viewCommand.cpp:33:9: warning: MAYAHYDRA_CUT_ID is not defined [-W#pragma-messages]
[2023-11-15T18:32:22.572Z]     #pragma message("MAYAHYDRA_CUT_ID is not defined")
[2023-11-15T18:32:22.572Z]             ^
[2023-11-15T18:32:22.572Z]     1 warning generated.
[2023-11-15T18:32:22.572Z]     /Volumes/DATA/local/S/jenkins/workspace/ECP/ecg-maya-hydra/ecg-maya-hydra-branch-preflight-python3-osx/ecg-maya-hydra/maya-hydra/lib/mayaHydra/mayaPlugin/viewCommand.cpp:33:9: warning: MAYAHYDRA_CUT_ID is not defined [-W#pragma-messages]
[2023-11-15T18:32:22.572Z]     #pragma message("MAYAHYDRA_CUT_ID is not defined")
[2023-11-15T18:32:22.572Z]             ^
[2023-11-15T18:32:22.572Z]     1 warning generated.
[2023-11-15T18:32:25.219Z]     [65/105] Building CXX object lib/mayaHydra/hydraExtensions/CMakeFiles/mayaHydraLib.dir/adapters/adapter.cpp.o
[2023-11-15T18:32:26.435Z]     [66/105] Building CXX object lib/mayaHydra/mayaPlugin/CMakeFiles/mayaHydra.dir/renderGlobals.cpp.o
[2023-11-15T18:32:27.024Z]     [67/105] Building CXX object lib/mayaHydra/mayaPlugin/CMakeFiles/mayaHydra.dir/renderOverride.cpp.o
[2023-11-15T18:32:28.916Z]     [68/105] Building CXX object lib/mayaHydra/hydraExtensions/CMakeFiles/mayaHydraLib.dir/adapters/areaLightAdapter.cpp.o
[2023-11-15T18:32:29.493Z]     [69/105] Building CXX object lib/mayaHydra/hydraExtensions/CMakeFiles/mayaHydraLib.dir/adapters/adapterRegistry.cpp.o
[2023-11-15T18:32:29.493Z]     [70/105] Building CXX object lib/mayaHydra/hydraExtensions/CMakeFiles/mayaHydraLib.dir/mayaHydraSceneProducer.cpp.o
[2023-11-15T18:32:30.065Z]     [71/105] Building CXX object lib/mayaHydra/hydraExtensions/CMakeFiles/mayaHydraLib.dir/adapters/aiSkydomeLightAdapter.cpp.o
[2023-11-15T18:32:30.644Z]     [72/105] Building CXX object lib/mayaHydra/hydraExtensions/CMakeFiles/mayaHydraLib.dir/adapters/cameraAdapter.cpp.o
[2023-11-15T18:32:31.226Z]     [73/105] Building CXX object lib/mayaHydra/hydraExtensions/CMakeFiles/mayaHydraLib.dir/adapters/mayaAttrs.cpp.o
[2023-11-15T18:32:33.947Z]     [74/105] Building CXX object lib/mayaHydra/hydraExtensions/CMakeFiles/mayaHydraLib.dir/adapters/dagAdapter.cpp.o
[2023-11-15T18:32:35.859Z]     [75/105] Building CXX object lib/mayaHydra/hydraExtensions/CMakeFiles/mayaHydraLib.dir/adapters/lightAdapter.cpp.o
[2023-11-15T18:32:36.441Z]     [76/105] Building CXX object lib/mayaHydra/hydraExtensions/CMakeFiles/mayaHydraLib.dir/adapters/renderItemAdapter.cpp.o
[2023-11-15T18:32:36.441Z]     [77/105] Building CXX object lib/mayaHydra/hydraExtensions/CMakeFiles/mayaHydraLib.dir/adapters/directionalLightAdapter.cpp.o
[2023-11-15T18:32:38.329Z]     [78/105] Building CXX object lib/mayaHydra/hydraExtensions/CMakeFiles/mayaHydraLib.dir/adapters/tokens.cpp.o
[2023-11-15T18:32:39.536Z]     [79/105] Building CXX object lib/mayaHydra/hydraExtensions/CMakeFiles/mayaHydraLib.dir/adapters/materialAdapter.cpp.o
[2023-11-15T18:32:40.107Z]     [80/105] Building CXX object lib/mayaHydra/hydraExtensions/CMakeFiles/mayaHydraLib.dir/adapters/nurbsCurveAdapter.cpp.o
[2023-11-15T18:32:40.700Z]     [81/105] Building CXX object lib/mayaHydra/hydraExtensions/CMakeFiles/mayaHydraLib.dir/adapters/meshAdapter.cpp.o
[2023-11-15T18:32:41.273Z]     [82/105] Building CXX object lib/mayaHydra/hydraExtensions/CMakeFiles/mayaHydraLib.dir/delegates/delegateDebugCodes.cpp.o
[2023-11-15T18:32:41.856Z]     [83/105] Building CXX object lib/mayaHydra/hydraExtensions/CMakeFiles/mayaHydraLib.dir/adapters/pointLightAdapter.cpp.o
[2023-11-15T18:32:43.067Z]     [84/105] Building CXX object lib/mayaHydra/hydraExtensions/CMakeFiles/mayaHydraLib.dir/adapters/shapeAdapter.cpp.o
[2023-11-15T18:32:43.652Z]     [85/105] Building CXX object lib/mayaHydra/hydraExtensions/CMakeFiles/mayaHydraLib.dir/adapters/materialNetworkConverter.cpp.o
[2023-11-15T18:32:44.842Z]     [86/105] Building CXX object lib/mayaHydra/hydraExtensions/CMakeFiles/mayaHydraLib.dir/adapters/spotLightAdapter.cpp.o
[2023-11-15T18:32:44.842Z]     [87/105] Building CXX object lib/mayaHydra/hydraExtensions/CMakeFiles/mayaHydraLib.dir/delegates/delegate.cpp.o
[2023-11-15T18:32:46.731Z]     [88/105] Building CXX object lib/mayaHydra/hydraExtensions/CMakeFiles/mayaHydraLib.dir/delegates/delegateCtx.cpp.o
[2023-11-15T18:32:48.639Z]     [89/105] Building CXX object lib/mayaHydra/hydraExtensions/CMakeFiles/mayaHydraLib.dir/delegates/delegateRegistry.cpp.o
[2023-11-15T18:32:50.865Z]     [90/105] Building CXX object lib/mayaHydra/hydraExtensions/CMakeFiles/mayaHydraLib.dir/sceneIndex/registration.cpp.o
[2023-11-15T18:32:53.550Z]     [91/105] Building CXX object lib/mayaHydra/hydraExtensions/CMakeFiles/mayaHydraLib.dir/delegates/defaultLightDelegate.cpp.o
[2023-11-15T18:32:54.135Z]     [92/105] Building CXX object lib/mayaHydra/hydraExtensions/CMakeFiles/mayaHydraLib.dir/sceneIndex/mayaHydraPrimvarDataSource.cpp.o
[2023-11-15T18:32:54.694Z]     [93/105] Building CXX object lib/mayaHydra/hydraExtensions/CMakeFiles/mayaHydraLib.dir/delegates/testDelegate.cpp.o
[2023-11-15T18:32:57.251Z]     [94/105] Building CXX object lib/mayaHydra/hydraExtensions/CMakeFiles/mayaHydraLib.dir/sceneIndex/mayaHydraDisplayStyleDataSource.cpp.o
[2023-11-15T18:32:57.251Z]     [95/105] Building CXX object lib/mayaHydra/hydraExtensions/CMakeFiles/mayaHydraLib.dir/delegates/sceneDelegate.cpp.o
[2023-11-15T18:32:57.251Z]     [96/105] Building CXX object lib/mayaHydra/hydraExtensions/CMakeFiles/mayaHydraLib.dir/sceneIndex/mayaHydraDataSource.cpp.o
[2023-11-15T18:32:58.409Z]     [97/105] Building CXX object lib/mayaHydra/hydraExtensions/CMakeFiles/mayaHydraLib.dir/sceneIndex/mayaHydraCameraDataSource.cpp.o
[2023-11-15T18:32:58.961Z]     [98/105] Building CXX object lib/mayaHydra/hydraExtensions/CMakeFiles/mayaHydraLib.dir/sceneIndex/mayaHydraSceneIndex.cpp.o
[2023-11-15T18:32:59.514Z]     [99/105] Building CXX object lib/mayaHydra/hydraExtensions/CMakeFiles/mayaHydraLib.dir/sceneIndex/mayaHydraLightDataSource.cpp.o
[2023-11-15T18:33:00.669Z]     [100/105] Building CXX object lib/mayaHydra/hydraExtensions/CMakeFiles/mayaHydraLib.dir/sceneIndex/mayaHydraDefaultLightDataSource.cpp.o
[2023-11-15T18:33:01.225Z]     [101/105] Linking CXX shared library lib/mayaHydra/hydraExtensions/libmayaHydraLib.dylib
[2023-11-15T18:33:01.225Z]     [102/105] Linking CXX shared library plugin/mayaHydraSceneBrowser/mayaHydraSceneBrowser.bundle
[2023-11-15T18:33:01.225Z]     [103/105] Linking CXX shared library plugin/mayaHydraSceneBrowserTest/mayaHydraSceneBrowserTest.bundle
[2023-11-15T18:33:01.225Z]     [104/105] Linking CXX shared library test/lib/mayaUsd/render/mayaToHydra/cpp/mayaHydraCppTests.bundle
[2023-11-15T18:33:01.225Z]     [105/105] Linking CXX shared library lib/mayaHydra/mayaPlugin/mayaHydra.bundle
[2023-11-15T18:33:01.225Z]     
[2023-11-15T18:33:01.225Z]         Building with settings:
[2023-11-15T18:33:01.225Z]           Source directory          /Volumes/DATA/local/S/jenkins/workspace/ECP/ecg-maya-hydra/ecg-maya-hydra-branch-preflight-python3-osx/ecg-maya-hydra/maya-hydra
[2023-11-15T18:33:01.225Z]           Workspace directory       /local/S/jenkins/workspace/ECP/ecg-maya-hydra/ecg-maya-hydra-branch-preflight-python3-osx
[2023-11-15T18:33:01.225Z]           Build directory           /local/S/jenkins/workspace/ECP/ecg-maya-hydra/ecg-maya-hydra-branch-preflight-python3-osx/build/RelWithDebInfo
[2023-11-15T18:33:01.225Z]           Install directory         /local/S/jenkins/workspace/ECP/ecg-maya-hydra/ecg-maya-hydra-branch-preflight-python3-osx/install/RelWithDebInfo/MayaHydra
[2023-11-15T18:33:01.225Z]           Variant                   RelWithDebInfo
[2023-11-15T18:33:01.225Z]           Python Debug              Off
[2023-11-15T18:33:01.225Z]           CMake generator           Ninja
[2023-11-15T18:33:01.225Z]           Build arguments           ['-DCMAKE_MAKE_PROGRAM=/local/S/jenkins/workspace/shared/Artifactory/OSX/ninja/1.10.2/95d0ca5/ninja', '-DPYTHON_INCLUDE_DIR=/local/S/jenkins/workspace/shared/Artifactory/OSX/rundev-master/202311060140/runtime/e9a5ae1/runTime/Maya.app/Contents/Frameworks/Python.framework/Versions/Current/include/python3.10', '-DPython_EXECUTABLE=/local/S/jenkins/workspace/shared/Artifactory/OSX/rundev-master/202311060140/runtime/e9a5ae1/runTime/Maya.app/Contents/bin/mayapy', '-DPYTHON_LIBRARIES=/local/S/jenkins/workspace/shared/Artifactory/OSX/rundev-master/202311060140/runtime/e9a5ae1/runTime/Maya.app/Contents/Frameworks/Python.framework/Versions/Current/lib/libpython3.10.dylib', '-DBUILD_WITH_PYTHON_3=ON', '-DBUILD_WITH_PYTHON_3_VERSION=3.10', '-DBUILD_UB2=ON', '-DCMAKE_WANT_MATERIALX_BUILD=ON', '-DCMAKE_PREFIX_PATH=/local/S/jenkins/workspace/shared/Artifactory/OSX/USD/b595ab2', '-DMAYAHYDRA_BUILD_NUMBER=397', '-DMAYAHYDRA_GIT_COMMIT=851bc817175b30fdfb09180171639e397c7baf14', '-DMAYAHYDRA_GIT_BRANCH=master']
[2023-11-15T18:33:01.225Z]           Stages arguments          ['build']
[2023-11-15T18:33:01.225Z]           CTest arguments           ['--parallel 8']
[2023-11-15T18:33:01.225Z]     Success MayaHydra build and install !!!!
[2023-11-15T18:33:01.225Z]     Elapsed time: 00:01:15
[Pipeline] }
[Pipeline] // withEnv
[Pipeline] }
[Pipeline] // timeout
[Pipeline] }
[Pipeline] // stage
[Pipeline] }
[Pipeline] // timestamps
[Pipeline] timestamps
[Pipeline] {
[Pipeline] stage
[Pipeline] { (Install)
[Pipeline] timeout
[2023-11-15T18:33:01.596Z] Timeout set to expire in 6 hr 0 min
[Pipeline] {
[Pipeline] withEnv
[Pipeline] {
[Pipeline] sh
[2023-11-15T18:33:02.747Z] + python ecg-maya-hydra/build.py --stages=install --workspace-dir=/local/S/jenkins/workspace/ECP/ecg-maya-hydra/ecg-maya-hydra-branch-preflight-python3-osx --artifactory-dir=/local/S/jenkins/workspace/shared/Artifactory --build-dir=/local/S/jenkins/workspace/ECP/ecg-maya-hydra/ecg-maya-hydra-branch-preflight-python3-osx/build --install-dir=/local/S/jenkins/workspace/ECP/ecg-maya-hydra/ecg-maya-hydra-branch-preflight-python3-osx/install --signing-dir=/local/S/jenkins/workspace/ECP/ecg-maya-hydra/ecg-maya-hydra-branch-preflight-python3-osx/signing --package-dir=/local/S/jenkins/workspace/ECP/ecg-maya-hydra/ecg-maya-hydra-branch-preflight-python3-osx/package --output-dir=/local/S/jenkins/workspace/ECP/ecg-maya-hydra/ecg-maya-hydra-branch-preflight-python3-osx/output --stash-dir=/local/S/jenkins/workspace/ECP/ecg-maya-hydra/ecg-maya-hydra-branch-preflight-python3-osx/stash --jenkins-build=397 --git-commit=851bc817175b30fdfb09180171639e397c7baf14 --git-branch=master --variants=Debug --interactive-tests=true --post-zips=false --osx-binary-architecture-target=ub2 --osx-deployment-target=11.0 --osx-base-sdk=CurrentActiveSDK --maya-cut-config=maya-rundev-master-debug.yaml --maya-package=rundev-master-debug --stage-banner
[2023-11-15T18:33:02.747Z] Using Maya cut from /local/S/jenkins/workspace/shared/Artifactory/OSX/rundev-master-debug/202310260154/runtime/3fe4f1c
[2023-11-15T18:33:02.747Z] Using Maya ADSK Signatures from /local/S/jenkins/workspace/shared/Artifactory/OSX/adsk-plugin-signatures-maya/2023/3ae1ae7
[2023-11-15T18:33:02.747Z] Using Maya Security Library from /local/S/jenkins/workspace/shared/Artifactory/OSX/maya-security-library/3.4.0/5e08f3e
[2023-11-15T18:33:02.747Z] 
[2023-11-15T18:33:02.747Z] ================================================================================
[2023-11-15T18:33:02.747Z]                                 install (Debug)
[2023-11-15T18:33:02.747Z] ================================================================================
[2023-11-15T18:33:02.747Z] Maya Python Debug Info:
[2023-11-15T18:33:02.747Z]   mayapy executable   = /local/S/jenkins/workspace/shared/Artifactory/OSX/rundev-master-debug/202310260154/runtime/3fe4f1c/runTime/Maya.app/Contents/bin/mayapy
[2023-11-15T18:33:02.747Z]   Include Folder      = /local/S/jenkins/workspace/shared/Artifactory/OSX/rundev-master-debug/202310260154/runtime/3fe4f1c/runTime/Maya.app/Contents/Frameworks/Python.framework/Versions/Current/include/python3.10
[2023-11-15T18:33:02.747Z]   Library             = /local/S/jenkins/workspace/shared/Artifactory/OSX/rundev-master-debug/202310260154/runtime/3fe4f1c/runTime/Maya.app/Contents/Frameworks/Python.framework/Versions/Current/lib/libpython3.10.dylib
[2023-11-15T18:33:02.747Z]   site-package Folder = /local/S/jenkins/workspace/shared/Artifactory/OSX/rundev-master-debug/202310260154/runtime/3fe4f1c/runTime/Maya.app/Contents/Frameworks/Python.framework/Versions/Current/lib/python3.10/site-packages
[2023-11-15T18:33:03.299Z] In workdir: /Volumes/DATA/local/S/jenkins/workspace/ECP/ecg-maya-hydra/ecg-maya-hydra-branch-preflight-python3-osx/ecg-maya-hydra/maya-hydra
[2023-11-15T18:33:03.299Z] Executing: arch -arch arm64 /local/S/jenkins/workspace/shared/Artifactory/OSX/rundev-master-debug/202310260154/runtime/3fe4f1c/runTime/Maya.app/Contents/bin/mayapy /Volumes/DATA/local/S/jenkins/workspace/ECP/ecg-maya-hydra/ecg-maya-hydra-branch-preflight-python3-osx/ecg-maya-hydra/maya-hydra/build.py --generator Ninja --build-debug --maya-location /local/S/jenkins/workspace/shared/Artifactory/OSX/rundev-master-debug/202310260154/runtime/3fe4f1c/runTime --devkit-location /local/S/jenkins/workspace/shared/Artifactory/OSX/rundev-master-debug/202310260154/runtime/3fe4f1c/devkitBase --pxrusd-location /local/S/jenkins/workspace/shared/Artifactory/OSX/USD/a9d0dd1 --build-args=-DCMAKE_MAKE_PROGRAM=/local/S/jenkins/workspace/shared/Artifactory/OSX/ninja/1.10.2/95d0ca5/ninja,-DPYTHON_INCLUDE_DIR=/local/S/jenkins/workspace/shared/Artifactory/OSX/rundev-master-debug/202310260154/runtime/3fe4f1c/runTime/Maya.app/Contents/Frameworks/Python.framework/Versions/Current/include/python3.10,-DPython_EXECUTABLE=/local/S/jenkins/workspace/shared/Artifactory/OSX/rundev-master-debug/202310260154/runtime/3fe4f1c/runTime/Maya.app/Contents/bin/mayapy,-DPYTHON_LIBRARIES=/local/S/jenkins/workspace/shared/Artifactory/OSX/rundev-master-debug/202310260154/runtime/3fe4f1c/runTime/Maya.app/Contents/Frameworks/Python.framework/Versions/Current/lib/libpython3.10.dylib,-DBUILD_WITH_PYTHON_3=ON,-DBUILD_WITH_PYTHON_3_VERSION=3.10,-DBUILD_UB2=ON,-DCMAKE_WANT_MATERIALX_BUILD=ON,-DCMAKE_PREFIX_PATH=/local/S/jenkins/workspace/shared/Artifactory/OSX/USD/a9d0dd1,-DMAYAHYDRA_BUILD_NUMBER=397,-DMAYAHYDRA_GIT_COMMIT=851bc817175b30fdfb09180171639e397c7baf14,-DMAYAHYDRA_GIT_BRANCH=master '--ctest-args=--parallel 8' --stages=install --redirect-outstream-file=False --install-location /local/S/jenkins/workspace/ECP/ecg-maya-hydra/ecg-maya-hydra-branch-preflight-python3-osx/install/Debug/MayaHydra /local/S/jenkins/workspace/ECP/ecg-maya-hydra/ecg-maya-hydra-branch-preflight-python3-osx
[2023-11-15T18:33:03.299Z] Modified environment variables:
[2023-11-15T18:33:03.299Z]     PATH=/local/S/jenkins/workspace/shared/Artifactory/OSX/cmake/3.20.3/2594509/bin:/opt/homebrew/bin:/usr/local/bin:/bin:/usr/sbin:/sbin:/usr/bin:/usr/bin:/bin:/usr/sbin:/sbin
[2023-11-15T18:33:03.299Z]     [0/1] Install the project...
[2023-11-15T18:33:03.299Z]     -- Install configuration: "Debug"
[2023-11-15T18:33:03.852Z]     
[2023-11-15T18:33:03.852Z]         Building with settings:
[2023-11-15T18:33:03.852Z]           Source directory          /Volumes/DATA/local/S/jenkins/workspace/ECP/ecg-maya-hydra/ecg-maya-hydra-branch-preflight-python3-osx/ecg-maya-hydra/maya-hydra
[2023-11-15T18:33:03.852Z]           Workspace directory       /local/S/jenkins/workspace/ECP/ecg-maya-hydra/ecg-maya-hydra-branch-preflight-python3-osx
[2023-11-15T18:33:03.852Z]           Build directory           /local/S/jenkins/workspace/ECP/ecg-maya-hydra/ecg-maya-hydra-branch-preflight-python3-osx/build/Debug
[2023-11-15T18:33:03.852Z]           Install directory         /local/S/jenkins/workspace/ECP/ecg-maya-hydra/ecg-maya-hydra-branch-preflight-python3-osx/install/Debug/MayaHydra
[2023-11-15T18:33:03.852Z]           Variant                   Debug
[2023-11-15T18:33:03.852Z]           Python Debug              Off
[2023-11-15T18:33:03.852Z]           CMake generator           Ninja
[2023-11-15T18:33:03.852Z]           Build arguments           ['-DCMAKE_MAKE_PROGRAM=/local/S/jenkins/workspace/shared/Artifactory/OSX/ninja/1.10.2/95d0ca5/ninja', '-DPYTHON_INCLUDE_DIR=/local/S/jenkins/workspace/shared/Artifactory/OSX/rundev-master-debug/202310260154/runtime/3fe4f1c/runTime/Maya.app/Contents/Frameworks/Python.framework/Versions/Current/include/python3.10', '-DPython_EXECUTABLE=/local/S/jenkins/workspace/shared/Artifactory/OSX/rundev-master-debug/202310260154/runtime/3fe4f1c/runTime/Maya.app/Contents/bin/mayapy', '-DPYTHON_LIBRARIES=/local/S/jenkins/workspace/shared/Artifactory/OSX/rundev-master-debug/202310260154/runtime/3fe4f1c/runTime/Maya.app/Contents/Frameworks/Python.framework/Versions/Current/lib/libpython3.10.dylib', '-DBUILD_WITH_PYTHON_3=ON', '-DBUILD_WITH_PYTHON_3_VERSION=3.10', '-DBUILD_UB2=ON', '-DCMAKE_WANT_MATERIALX_BUILD=ON', '-DCMAKE_PREFIX_PATH=/local/S/jenkins/workspace/shared/Artifactory/OSX/USD/a9d0dd1', '-DMAYAHYDRA_BUILD_NUMBER=397', '-DMAYAHYDRA_GIT_COMMIT=851bc817175b30fdfb09180171639e397c7baf14', '-DMAYAHYDRA_GIT_BRANCH=master']
[2023-11-15T18:33:03.852Z]           Stages arguments          ['install']
[2023-11-15T18:33:03.852Z]           CTest arguments           ['--parallel 8']
[2023-11-15T18:33:03.852Z]     Success MayaHydra build and install !!!!
[2023-11-15T18:33:03.852Z]     Elapsed time: 00:00:00
[Pipeline] sh
[2023-11-15T18:33:05.216Z] + python ecg-maya-hydra/build.py --stages=install --workspace-dir=/local/S/jenkins/workspace/ECP/ecg-maya-hydra/ecg-maya-hydra-branch-preflight-python3-osx --artifactory-dir=/local/S/jenkins/workspace/shared/Artifactory --build-dir=/local/S/jenkins/workspace/ECP/ecg-maya-hydra/ecg-maya-hydra-branch-preflight-python3-osx/build --install-dir=/local/S/jenkins/workspace/ECP/ecg-maya-hydra/ecg-maya-hydra-branch-preflight-python3-osx/install --signing-dir=/local/S/jenkins/workspace/ECP/ecg-maya-hydra/ecg-maya-hydra-branch-preflight-python3-osx/signing --package-dir=/local/S/jenkins/workspace/ECP/ecg-maya-hydra/ecg-maya-hydra-branch-preflight-python3-osx/package --output-dir=/local/S/jenkins/workspace/ECP/ecg-maya-hydra/ecg-maya-hydra-branch-preflight-python3-osx/output --stash-dir=/local/S/jenkins/workspace/ECP/ecg-maya-hydra/ecg-maya-hydra-branch-preflight-python3-osx/stash --jenkins-build=397 --git-commit=851bc817175b30fdfb09180171639e397c7baf14 --git-branch=master --variants=RelWithDebInfo --interactive-tests=true --post-zips=false --osx-binary-architecture-target=ub2 --osx-deployment-target=11.0 --osx-base-sdk=CurrentActiveSDK --maya-cut-config=maya-rundev-master.yaml --maya-package=rundev-master --stage-banner
[2023-11-15T18:33:05.216Z] Using Maya cut from /local/S/jenkins/workspace/shared/Artifactory/OSX/rundev-master/202311060140/runtime/e9a5ae1
[2023-11-15T18:33:05.216Z] Using Maya ADSK Signatures from /local/S/jenkins/workspace/shared/Artifactory/OSX/adsk-plugin-signatures-maya/2023/3ae1ae7
[2023-11-15T18:33:05.216Z] Using Maya Security Library from /local/S/jenkins/workspace/shared/Artifactory/OSX/maya-security-library/3.4.0/5e08f3e
[2023-11-15T18:33:05.216Z] 
[2023-11-15T18:33:05.216Z] ================================================================================
[2023-11-15T18:33:05.216Z]                             install (RelWithDebInfo)
[2023-11-15T18:33:05.216Z] ================================================================================
[2023-11-15T18:33:05.216Z] Maya Python RelWithDebInfo Info:
[2023-11-15T18:33:05.216Z]   mayapy executable   = /local/S/jenkins/workspace/shared/Artifactory/OSX/rundev-master/202311060140/runtime/e9a5ae1/runTime/Maya.app/Contents/bin/mayapy
[2023-11-15T18:33:05.216Z]   Include Folder      = /local/S/jenkins/workspace/shared/Artifactory/OSX/rundev-master/202311060140/runtime/e9a5ae1/runTime/Maya.app/Contents/Frameworks/Python.framework/Versions/Current/include/python3.10
[2023-11-15T18:33:05.216Z]   Library             = /local/S/jenkins/workspace/shared/Artifactory/OSX/rundev-master/202311060140/runtime/e9a5ae1/runTime/Maya.app/Contents/Frameworks/Python.framework/Versions/Current/lib/libpython3.10.dylib
[2023-11-15T18:33:05.216Z]   site-package Folder = /local/S/jenkins/workspace/shared/Artifactory/OSX/rundev-master/202311060140/runtime/e9a5ae1/runTime/Maya.app/Contents/Frameworks/Python.framework/Versions/Current/lib/python3.10/site-packages
[2023-11-15T18:33:05.216Z] In workdir: /Volumes/DATA/local/S/jenkins/workspace/ECP/ecg-maya-hydra/ecg-maya-hydra-branch-preflight-python3-osx/ecg-maya-hydra/maya-hydra
[2023-11-15T18:33:05.216Z] Executing: arch -arch arm64 /local/S/jenkins/workspace/shared/Artifactory/OSX/rundev-master/202311060140/runtime/e9a5ae1/runTime/Maya.app/Contents/bin/mayapy /Volumes/DATA/local/S/jenkins/workspace/ECP/ecg-maya-hydra/ecg-maya-hydra-branch-preflight-python3-osx/ecg-maya-hydra/maya-hydra/build.py --generator Ninja --build-relwithdebug --maya-location /local/S/jenkins/workspace/shared/Artifactory/OSX/rundev-master/202311060140/runtime/e9a5ae1/runTime --devkit-location /local/S/jenkins/workspace/shared/Artifactory/OSX/rundev-master/202311060140/runtime/e9a5ae1/devkitBase --pxrusd-location /local/S/jenkins/workspace/shared/Artifactory/OSX/USD/b595ab2 --build-args=-DCMAKE_MAKE_PROGRAM=/local/S/jenkins/workspace/shared/Artifactory/OSX/ninja/1.10.2/95d0ca5/ninja,-DPYTHON_INCLUDE_DIR=/local/S/jenkins/workspace/shared/Artifactory/OSX/rundev-master/202311060140/runtime/e9a5ae1/runTime/Maya.app/Contents/Frameworks/Python.framework/Versions/Current/include/python3.10,-DPython_EXECUTABLE=/local/S/jenkins/workspace/shared/Artifactory/OSX/rundev-master/202311060140/runtime/e9a5ae1/runTime/Maya.app/Contents/bin/mayapy,-DPYTHON_LIBRARIES=/local/S/jenkins/workspace/shared/Artifactory/OSX/rundev-master/202311060140/runtime/e9a5ae1/runTime/Maya.app/Contents/Frameworks/Python.framework/Versions/Current/lib/libpython3.10.dylib,-DBUILD_WITH_PYTHON_3=ON,-DBUILD_WITH_PYTHON_3_VERSION=3.10,-DBUILD_UB2=ON,-DCMAKE_WANT_MATERIALX_BUILD=ON,-DCMAKE_PREFIX_PATH=/local/S/jenkins/workspace/shared/Artifactory/OSX/USD/b595ab2,-DMAYAHYDRA_BUILD_NUMBER=397,-DMAYAHYDRA_GIT_COMMIT=851bc817175b30fdfb09180171639e397c7baf14,-DMAYAHYDRA_GIT_BRANCH=master '--ctest-args=--parallel 8' --stages=install --redirect-outstream-file=False --install-location /local/S/jenkins/workspace/ECP/ecg-maya-hydra/ecg-maya-hydra-branch-preflight-python3-osx/install/RelWithDebInfo/MayaHydra /local/S/jenkins/workspace/ECP/ecg-maya-hydra/ecg-maya-hydra-branch-preflight-python3-osx
[2023-11-15T18:33:05.216Z] Modified environment variables:
[2023-11-15T18:33:05.216Z]     PATH=/local/S/jenkins/workspace/shared/Artifactory/OSX/cmake/3.20.3/2594509/bin:/opt/homebrew/bin:/usr/local/bin:/bin:/usr/sbin:/sbin:/usr/bin:/usr/bin:/bin:/usr/sbin:/sbin
[2023-11-15T18:33:05.767Z]     [0/1] Install the project...
[2023-11-15T18:33:05.767Z]     -- Install configuration: "RelWithDebInfo"
[2023-11-15T18:33:05.767Z]     
[2023-11-15T18:33:05.767Z]         Building with settings:
[2023-11-15T18:33:05.767Z]           Source directory          /Volumes/DATA/local/S/jenkins/workspace/ECP/ecg-maya-hydra/ecg-maya-hydra-branch-preflight-python3-osx/ecg-maya-hydra/maya-hydra
[2023-11-15T18:33:05.767Z]           Workspace directory       /local/S/jenkins/workspace/ECP/ecg-maya-hydra/ecg-maya-hydra-branch-preflight-python3-osx
[2023-11-15T18:33:05.767Z]           Build directory           /local/S/jenkins/workspace/ECP/ecg-maya-hydra/ecg-maya-hydra-branch-preflight-python3-osx/build/RelWithDebInfo
[2023-11-15T18:33:05.768Z]           Install directory         /local/S/jenkins/workspace/ECP/ecg-maya-hydra/ecg-maya-hydra-branch-preflight-python3-osx/install/RelWithDebInfo/MayaHydra
[2023-11-15T18:33:05.768Z]           Variant                   RelWithDebInfo
[2023-11-15T18:33:05.768Z]           Python Debug              Off
[2023-11-15T18:33:05.768Z]           CMake generator           Ninja
[2023-11-15T18:33:05.768Z]           Build arguments           ['-DCMAKE_MAKE_PROGRAM=/local/S/jenkins/workspace/shared/Artifactory/OSX/ninja/1.10.2/95d0ca5/ninja', '-DPYTHON_INCLUDE_DIR=/local/S/jenkins/workspace/shared/Artifactory/OSX/rundev-master/202311060140/runtime/e9a5ae1/runTime/Maya.app/Contents/Frameworks/Python.framework/Versions/Current/include/python3.10', '-DPython_EXECUTABLE=/local/S/jenkins/workspace/shared/Artifactory/OSX/rundev-master/202311060140/runtime/e9a5ae1/runTime/Maya.app/Contents/bin/mayapy', '-DPYTHON_LIBRARIES=/local/S/jenkins/workspace/shared/Artifactory/OSX/rundev-master/202311060140/runtime/e9a5ae1/runTime/Maya.app/Contents/Frameworks/Python.framework/Versions/Current/lib/libpython3.10.dylib', '-DBUILD_WITH_PYTHON_3=ON', '-DBUILD_WITH_PYTHON_3_VERSION=3.10', '-DBUILD_UB2=ON', '-DCMAKE_WANT_MATERIALX_BUILD=ON', '-DCMAKE_PREFIX_PATH=/local/S/jenkins/workspace/shared/Artifactory/OSX/USD/b595ab2', '-DMAYAHYDRA_BUILD_NUMBER=397', '-DMAYAHYDRA_GIT_COMMIT=851bc817175b30fdfb09180171639e397c7baf14', '-DMAYAHYDRA_GIT_BRANCH=master']
[2023-11-15T18:33:05.768Z]           Stages arguments          ['install']
[2023-11-15T18:33:05.768Z]           CTest arguments           ['--parallel 8']
[2023-11-15T18:33:05.768Z]     Success MayaHydra build and install !!!!
[2023-11-15T18:33:05.768Z]     Elapsed time: 00:00:00
[Pipeline] }
[Pipeline] // withEnv
[Pipeline] }
[Pipeline] // timeout
[Pipeline] }
[Pipeline] // stage
[Pipeline] }
[Pipeline] // timestamps
[Pipeline] timestamps
[Pipeline] {
[Pipeline] stage
[Pipeline] { (Test)
[Pipeline] timeout
[2023-11-15T18:33:06.132Z] Timeout set to expire in 6 hr 0 min
[Pipeline] {
[Pipeline] withEnv
[Pipeline] {
[Pipeline] sh
[2023-11-15T18:33:07.416Z] + python ecg-maya-hydra/build.py --stages=test --workspace-dir=/local/S/jenkins/workspace/ECP/ecg-maya-hydra/ecg-maya-hydra-branch-preflight-python3-osx --artifactory-dir=/local/S/jenkins/workspace/shared/Artifactory --build-dir=/local/S/jenkins/workspace/ECP/ecg-maya-hydra/ecg-maya-hydra-branch-preflight-python3-osx/build --install-dir=/local/S/jenkins/workspace/ECP/ecg-maya-hydra/ecg-maya-hydra-branch-preflight-python3-osx/install --signing-dir=/local/S/jenkins/workspace/ECP/ecg-maya-hydra/ecg-maya-hydra-branch-preflight-python3-osx/signing --package-dir=/local/S/jenkins/workspace/ECP/ecg-maya-hydra/ecg-maya-hydra-branch-preflight-python3-osx/package --output-dir=/local/S/jenkins/workspace/ECP/ecg-maya-hydra/ecg-maya-hydra-branch-preflight-python3-osx/output --stash-dir=/local/S/jenkins/workspace/ECP/ecg-maya-hydra/ecg-maya-hydra-branch-preflight-python3-osx/stash --jenkins-build=397 --git-commit=851bc817175b30fdfb09180171639e397c7baf14 --git-branch=master --variants=RelWithDebInfo --interactive-tests=true --post-zips=false --osx-binary-architecture-target=ub2 --osx-deployment-target=11.0 --osx-base-sdk=CurrentActiveSDK --test-jobs=0 --failed-test-retry=3 --maya-cut-config=maya-rundev-master.yaml --maya-package=rundev-master --stage-banner --progressive-timeout
[2023-11-15T18:33:07.416Z] Using Maya cut from /local/S/jenkins/workspace/shared/Artifactory/OSX/rundev-master/202311060140/runtime/e9a5ae1
[2023-11-15T18:33:07.416Z] Using Maya ADSK Signatures from /local/S/jenkins/workspace/shared/Artifactory/OSX/adsk-plugin-signatures-maya/2023/3ae1ae7
[2023-11-15T18:33:07.416Z] Using Maya Security Library from /local/S/jenkins/workspace/shared/Artifactory/OSX/maya-security-library/3.4.0/5e08f3e
[2023-11-15T18:33:07.416Z] 
[2023-11-15T18:33:07.416Z] ================================================================================
[2023-11-15T18:33:07.416Z]                              test (RelWithDebInfo)
[2023-11-15T18:33:07.416Z] ================================================================================
[2023-11-15T18:33:07.416Z] Maya Python RelWithDebInfo Info:
[2023-11-15T18:33:07.416Z]   mayapy executable   = /local/S/jenkins/workspace/shared/Artifactory/OSX/rundev-master/202311060140/runtime/e9a5ae1/runTime/Maya.app/Contents/bin/mayapy
[2023-11-15T18:33:07.416Z]   Include Folder      = /local/S/jenkins/workspace/shared/Artifactory/OSX/rundev-master/202311060140/runtime/e9a5ae1/runTime/Maya.app/Contents/Frameworks/Python.framework/Versions/Current/include/python3.10
[2023-11-15T18:33:07.416Z]   Library             = /local/S/jenkins/workspace/shared/Artifactory/OSX/rundev-master/202311060140/runtime/e9a5ae1/runTime/Maya.app/Contents/Frameworks/Python.framework/Versions/Current/lib/libpython3.10.dylib
[2023-11-15T18:33:07.416Z]   site-package Folder = /local/S/jenkins/workspace/shared/Artifactory/OSX/rundev-master/202311060140/runtime/e9a5ae1/runTime/Maya.app/Contents/Frameworks/Python.framework/Versions/Current/lib/python3.10/site-packages
[2023-11-15T18:33:07.416Z] In workdir: /Volumes/DATA/local/S/jenkins/workspace/ECP/ecg-maya-hydra/ecg-maya-hydra-branch-preflight-python3-osx/ecg-maya-hydra/maya-hydra
[2023-11-15T18:33:07.416Z] Executing: arch -arch arm64 /local/S/jenkins/workspace/shared/Artifactory/OSX/rundev-master/202311060140/runtime/e9a5ae1/runTime/Maya.app/Contents/bin/mayapy /Volumes/DATA/local/S/jenkins/workspace/ECP/ecg-maya-hydra/ecg-maya-hydra-branch-preflight-python3-osx/ecg-maya-hydra/maya-hydra/build.py --generator Ninja --build-relwithdebug --maya-location /local/S/jenkins/workspace/shared/Artifactory/OSX/rundev-master/202311060140/runtime/e9a5ae1/runTime --devkit-location /local/S/jenkins/workspace/shared/Artifactory/OSX/rundev-master/202311060140/runtime/e9a5ae1/devkitBase --pxrusd-location /local/S/jenkins/workspace/shared/Artifactory/OSX/USD/b595ab2 --build-args=-DCMAKE_MAKE_PROGRAM=/local/S/jenkins/workspace/shared/Artifactory/OSX/ninja/1.10.2/95d0ca5/ninja,-DPYTHON_INCLUDE_DIR=/local/S/jenkins/workspace/shared/Artifactory/OSX/rundev-master/202311060140/runtime/e9a5ae1/runTime/Maya.app/Contents/Frameworks/Python.framework/Versions/Current/include/python3.10,-DPython_EXECUTABLE=/local/S/jenkins/workspace/shared/Artifactory/OSX/rundev-master/202311060140/runtime/e9a5ae1/runTime/Maya.app/Contents/bin/mayapy,-DPYTHON_LIBRARIES=/local/S/jenkins/workspace/shared/Artifactory/OSX/rundev-master/202311060140/runtime/e9a5ae1/runTime/Maya.app/Contents/Frameworks/Python.framework/Versions/Current/lib/libpython3.10.dylib,-DBUILD_WITH_PYTHON_3=ON,-DBUILD_WITH_PYTHON_3_VERSION=3.10,-DBUILD_UB2=ON,-DCMAKE_WANT_MATERIALX_BUILD=ON,-DCMAKE_PREFIX_PATH=/local/S/jenkins/workspace/shared/Artifactory/OSX/USD/b595ab2,-DMAYAHYDRA_BUILD_NUMBER=397,-DMAYAHYDRA_GIT_COMMIT=851bc817175b30fdfb09180171639e397c7baf14,-DMAYAHYDRA_GIT_BRANCH=master '--ctest-args=--parallel 8' --stages=test --redirect-outstream-file=False --install-location /local/S/jenkins/workspace/ECP/ecg-maya-hydra/ecg-maya-hydra-branch-preflight-python3-osx/install/RelWithDebInfo/MayaHydra /local/S/jenkins/workspace/ECP/ecg-maya-hydra/ecg-maya-hydra-branch-preflight-python3-osx
[2023-11-15T18:33:07.416Z] Modified environment variables:
[2023-11-15T18:33:07.416Z]     PATH=/local/S/jenkins/workspace/shared/Artifactory/OSX/cmake/3.20.3/2594509/bin:/opt/homebrew/bin:/usr/local/bin:/bin:/usr/sbin:/sbin:/usr/bin:/usr/bin:/bin:/usr/sbin:/sbin
[2023-11-15T18:33:07.975Z]     Test project /Volumes/DATA/local/S/jenkins/workspace/ECP/ecg-maya-hydra/ecg-maya-hydra-branch-preflight-python3-osx/build/RelWithDebInfo
[2023-11-15T18:33:07.975Z]           Start  1: _Interactive_Maya
[2023-11-15T18:33:07.975Z]      1/20 Test  #1: _Interactive_Maya ...........................***Not Run (Disabled)   0.00 sec
[2023-11-15T18:33:07.975Z]           Start  2: testImageDiffing
[2023-11-15T18:33:07.975Z]           Start  3: testMtohCommand
[2023-11-15T18:33:07.975Z]           Start  4: testMeshes
[2023-11-15T18:33:07.975Z]           Start  5: testNamespaces
[2023-11-15T18:33:07.975Z]           Start  6: testVisibility
[2023-11-15T18:33:07.975Z]           Start  7: testRendererSwitching
[2023-11-15T18:33:07.975Z]           Start  8: testSceneBrowser
[2023-11-15T18:33:07.975Z]           Start  9: testStageAddPrim
[2023-11-15T18:33:17.610Z]      2/20 Test  #8: testSceneBrowser ............................   Passed    8.70 sec
[2023-11-15T18:33:17.610Z]           Start 10: testNewSceneWithStage
[2023-11-15T18:33:17.610Z]      3/20 Test  #9: testStageAddPrim ............................   Passed    8.76 sec
[2023-11-15T18:33:17.610Z]           Start 11: testDirectionalLights
[2023-11-15T18:33:17.610Z]      4/20 Test  #3: testMtohCommand .............................   Passed    8.83 sec
[2023-11-15T18:33:17.610Z]           Start 12: testColorPreferences
[2023-11-15T18:33:17.610Z]      5/20 Test  #5: testNamespaces ..............................   Passed    8.90 sec
[2023-11-15T18:33:17.610Z]           Start 13: testCppFramework
[2023-11-15T18:33:17.610Z]      6/20 Test  #4: testMeshes ..................................   Passed    9.05 sec
[2023-11-15T18:33:17.610Z]           Start 14: testMayaSceneFlattening
[2023-11-15T18:33:17.610Z]      7/20 Test  #7: testRendererSwitching .......................   Passed    9.10 sec
[2023-11-15T18:33:17.610Z]           Start 15: testMayaUsdUfeItems
[2023-11-15T18:33:17.610Z]      8/20 Test  #2: testImageDiffing ............................   Passed    9.60 sec
[2023-11-15T18:33:17.610Z]           Start 16: testMergingSceneIndex
[2023-11-15T18:33:18.169Z]      9/20 Test  #6: testVisibility ..............................   Passed   10.52 sec
[2023-11-15T18:33:18.169Z]           Start 17: testSelectionSceneIndex
[2023-11-15T18:33:23.576Z]     10/20 Test #10: testNewSceneWithStage .......................   Passed    7.14 sec
[2023-11-15T18:33:23.576Z]           Start 18: testWireframeSelectionHighlightSceneIndex
[2023-11-15T18:33:23.576Z]     11/20 Test #11: testDirectionalLights .......................   Passed    7.25 sec
[2023-11-15T18:33:23.576Z]           Start 19: testFlowViewportAPIViewportInformation
[2023-11-15T18:33:24.130Z]     12/20 Test #15: testMayaUsdUfeItems .........................   Passed    6.99 sec
[2023-11-15T18:33:24.130Z]           Start 20: testMeshes_meshAdapter
[2023-11-15T18:33:24.130Z]     13/20 Test #13: testCppFramework ............................   Passed    7.47 sec
[2023-11-15T18:33:24.130Z]     14/20 Test #14: testMayaSceneFlattening .....................   Passed    7.34 sec
[2023-11-15T18:33:24.130Z]     15/20 Test #16: testMergingSceneIndex .......................   Passed    6.97 sec
[2023-11-15T18:33:24.683Z]     16/20 Test #12: testColorPreferences ........................   Passed    7.78 sec
[2023-11-15T18:33:25.235Z]     17/20 Test #17: testSelectionSceneIndex .....................   Passed    6.85 sec
[2023-11-15T18:33:28.612Z]     18/20 Test #18: testWireframeSelectionHighlightSceneIndex ...   Passed    4.93 sec
[2023-11-15T18:33:28.612Z]     19/20 Test #19: testFlowViewportAPIViewportInformation ......   Passed    4.95 sec
[2023-11-15T18:33:28.612Z]     20/20 Test #20: testMeshes_meshAdapter ......................   Passed    4.92 sec
[2023-11-15T18:33:28.612Z]     
[2023-11-15T18:33:28.612Z]     100% tests passed, 0 tests failed out of 19
[2023-11-15T18:33:28.612Z]     
[2023-11-15T18:33:28.612Z]     Label Time Summary:
[2023-11-15T18:33:28.612Z]     Debugging      =   0.00 sec*proc (1 test)
[2023-11-15T18:33:28.612Z]     interactive    = 146.06 sec*proc (19 tests)
[2023-11-15T18:33:28.612Z]     mayaHydra      = 146.06 sec*proc (19 tests)
[2023-11-15T18:33:28.612Z]     
[2023-11-15T18:33:28.612Z]     Total Test time (real) =  21.03 sec
[2023-11-15T18:33:28.612Z]     
[2023-11-15T18:33:28.612Z]     The following tests did not run:
[2023-11-15T18:33:28.612Z]     	  1 - _Interactive_Maya (Disabled)
[2023-11-15T18:33:28.612Z]     
[2023-11-15T18:33:28.612Z]         Building with settings:
[2023-11-15T18:33:28.612Z]           Source directory          /Volumes/DATA/local/S/jenkins/workspace/ECP/ecg-maya-hydra/ecg-maya-hydra-branch-preflight-python3-osx/ecg-maya-hydra/maya-hydra
[2023-11-15T18:33:28.612Z]           Workspace directory       /local/S/jenkins/workspace/ECP/ecg-maya-hydra/ecg-maya-hydra-branch-preflight-python3-osx
[2023-11-15T18:33:28.612Z]           Build directory           /local/S/jenkins/workspace/ECP/ecg-maya-hydra/ecg-maya-hydra-branch-preflight-python3-osx/build/RelWithDebInfo
[2023-11-15T18:33:28.612Z]           Install directory         /local/S/jenkins/workspace/ECP/ecg-maya-hydra/ecg-maya-hydra-branch-preflight-python3-osx/install/RelWithDebInfo/MayaHydra
[2023-11-15T18:33:28.612Z]           Variant                   RelWithDebInfo
[2023-11-15T18:33:28.612Z]           Python Debug              Off
[2023-11-15T18:33:28.612Z]           CMake generator           Ninja
[2023-11-15T18:33:28.612Z]           Build arguments           ['-DCMAKE_MAKE_PROGRAM=/local/S/jenkins/workspace/shared/Artifactory/OSX/ninja/1.10.2/95d0ca5/ninja', '-DPYTHON_INCLUDE_DIR=/local/S/jenkins/workspace/shared/Artifactory/OSX/rundev-master/202311060140/runtime/e9a5ae1/runTime/Maya.app/Contents/Frameworks/Python.framework/Versions/Current/include/python3.10', '-DPython_EXECUTABLE=/local/S/jenkins/workspace/shared/Artifactory/OSX/rundev-master/202311060140/runtime/e9a5ae1/runTime/Maya.app/Contents/bin/mayapy', '-DPYTHON_LIBRARIES=/local/S/jenkins/workspace/shared/Artifactory/OSX/rundev-master/202311060140/runtime/e9a5ae1/runTime/Maya.app/Contents/Frameworks/Python.framework/Versions/Current/lib/libpython3.10.dylib', '-DBUILD_WITH_PYTHON_3=ON', '-DBUILD_WITH_PYTHON_3_VERSION=3.10', '-DBUILD_UB2=ON', '-DCMAKE_WANT_MATERIALX_BUILD=ON', '-DCMAKE_PREFIX_PATH=/local/S/jenkins/workspace/shared/Artifactory/OSX/USD/b595ab2', '-DMAYAHYDRA_BUILD_NUMBER=397', '-DMAYAHYDRA_GIT_COMMIT=851bc817175b30fdfb09180171639e397c7baf14', '-DMAYAHYDRA_GIT_BRANCH=master']
[2023-11-15T18:33:28.612Z]           Stages arguments          ['test']
[2023-11-15T18:33:28.612Z]           CTest arguments           ['--parallel 8']
[2023-11-15T18:33:28.612Z]     Success running MayaHydra tests !!!!
[Pipeline] }
[Pipeline] // withEnv
[Pipeline] }
[Pipeline] // timeout
[Pipeline] }
[Pipeline] // stage
[Pipeline] }
[Pipeline] // timestamps
[Pipeline] timestamps
[Pipeline] {
[Pipeline] stage
[Pipeline] { (Cleanup)
[Pipeline] timeout
[2023-11-15T18:33:28.974Z] Timeout set to expire in 6 hr 0 min
[Pipeline] {
[Pipeline] withEnv
[Pipeline] {
[Pipeline] sh
[2023-11-15T18:33:30.127Z] + python ecg-maya-hydra/build.py --stages=cleanup --workspace-dir=/local/S/jenkins/workspace/ECP/ecg-maya-hydra/ecg-maya-hydra-branch-preflight-python3-osx --artifactory-dir=/local/S/jenkins/workspace/shared/Artifactory --build-dir=/local/S/jenkins/workspace/ECP/ecg-maya-hydra/ecg-maya-hydra-branch-preflight-python3-osx/build --install-dir=/local/S/jenkins/workspace/ECP/ecg-maya-hydra/ecg-maya-hydra-branch-preflight-python3-osx/install --signing-dir=/local/S/jenkins/workspace/ECP/ecg-maya-hydra/ecg-maya-hydra-branch-preflight-python3-osx/signing --package-dir=/local/S/jenkins/workspace/ECP/ecg-maya-hydra/ecg-maya-hydra-branch-preflight-python3-osx/package --output-dir=/local/S/jenkins/workspace/ECP/ecg-maya-hydra/ecg-maya-hydra-branch-preflight-python3-osx/output --stash-dir=/local/S/jenkins/workspace/ECP/ecg-maya-hydra/ecg-maya-hydra-branch-preflight-python3-osx/stash --jenkins-build=397 --git-commit=851bc817175b30fdfb09180171639e397c7baf14 --git-branch=master --variants=Debug --interactive-tests=true --post-zips=false --osx-binary-architecture-target=ub2 --osx-deployment-target=11.0 --osx-base-sdk=CurrentActiveSDK --maya-cut-config=maya-rundev-master-debug.yaml --maya-package=rundev-master-debug --stage-banner
[2023-11-15T18:33:30.127Z] Using Maya cut from /local/S/jenkins/workspace/shared/Artifactory/OSX/rundev-master-debug/202310260154/runtime/3fe4f1c
[2023-11-15T18:33:30.127Z] Using Maya ADSK Signatures from /local/S/jenkins/workspace/shared/Artifactory/OSX/adsk-plugin-signatures-maya/2023/3ae1ae7
[2023-11-15T18:33:30.127Z] Using Maya Security Library from /local/S/jenkins/workspace/shared/Artifactory/OSX/maya-security-library/3.4.0/5e08f3e
[2023-11-15T18:33:30.127Z] 
[2023-11-15T18:33:30.127Z] ================================================================================
[2023-11-15T18:33:30.127Z]                                cleanup (Finalize)
[2023-11-15T18:33:30.127Z] ================================================================================
[2023-11-15T18:33:30.127Z] Cleaning up workspace
[2023-11-15T18:33:30.127Z] Removing directory: /local/S/jenkins/workspace/ECP/ecg-maya-hydra/ecg-maya-hydra-branch-preflight-python3-osx/build
[2023-11-15T18:33:30.127Z] Removing directory: /local/S/jenkins/workspace/ECP/ecg-maya-hydra/ecg-maya-hydra-branch-preflight-python3-osx/install
[Pipeline] sh
[2023-11-15T18:33:31.488Z] + python ecg-maya-hydra/build.py --stages=cleanup --workspace-dir=/local/S/jenkins/workspace/ECP/ecg-maya-hydra/ecg-maya-hydra-branch-preflight-python3-osx --artifactory-dir=/local/S/jenkins/workspace/shared/Artifactory --build-dir=/local/S/jenkins/workspace/ECP/ecg-maya-hydra/ecg-maya-hydra-branch-preflight-python3-osx/build --install-dir=/local/S/jenkins/workspace/ECP/ecg-maya-hydra/ecg-maya-hydra-branch-preflight-python3-osx/install --signing-dir=/local/S/jenkins/workspace/ECP/ecg-maya-hydra/ecg-maya-hydra-branch-preflight-python3-osx/signing --package-dir=/local/S/jenkins/workspace/ECP/ecg-maya-hydra/ecg-maya-hydra-branch-preflight-python3-osx/package --output-dir=/local/S/jenkins/workspace/ECP/ecg-maya-hydra/ecg-maya-hydra-branch-preflight-python3-osx/output --stash-dir=/local/S/jenkins/workspace/ECP/ecg-maya-hydra/ecg-maya-hydra-branch-preflight-python3-osx/stash --jenkins-build=397 --git-commit=851bc817175b30fdfb09180171639e397c7baf14 --git-branch=master --variants=RelWithDebInfo --interactive-tests=true --post-zips=false --osx-binary-architecture-target=ub2 --osx-deployment-target=11.0 --osx-base-sdk=CurrentActiveSDK --maya-cut-config=maya-rundev-master.yaml --maya-package=rundev-master --stage-banner
[2023-11-15T18:33:31.488Z] Using Maya cut from /local/S/jenkins/workspace/shared/Artifactory/OSX/rundev-master/202311060140/runtime/e9a5ae1
[2023-11-15T18:33:31.488Z] Using Maya ADSK Signatures from /local/S/jenkins/workspace/shared/Artifactory/OSX/adsk-plugin-signatures-maya/2023/3ae1ae7
[2023-11-15T18:33:31.489Z] Using Maya Security Library from /local/S/jenkins/workspace/shared/Artifactory/OSX/maya-security-library/3.4.0/5e08f3e
[2023-11-15T18:33:31.489Z] 
[2023-11-15T18:33:31.489Z] ================================================================================
[2023-11-15T18:33:31.489Z]                                cleanup (Finalize)
[2023-11-15T18:33:31.489Z] ================================================================================
[2023-11-15T18:33:31.489Z] Cleaning up workspace
[Pipeline] }
[Pipeline] // withEnv
[Pipeline] }
[Pipeline] // timeout
[Pipeline] }
[Pipeline] // stage
[Pipeline] }
[Pipeline] // timestamps
[Pipeline] }
[Pipeline] // node
[Pipeline] End of Pipeline
[Checks API] No suitable checks publisher found.
Finished: SUCCESS
