[2023-11-16T13:09:35.493Z] ================================================================================
[2023-11-16T13:09:35.493Z]                                  setup (Debug)
[2023-11-16T13:09:35.493Z] ================================================================================
[Pipeline] sh
[2023-11-16T13:09:36.870Z] + python ecg-maya-hydra/build.py --stages=setup --workspace-dir=/local/S/jenkins/workspace/ECP/ecg-maya-hydra/ecg-maya-hydra-branch-preflight-python3-osx --artifactory-dir=/local/S/jenkins/workspace/shared/Artifactory --build-dir=/local/S/jenkins/workspace/ECP/ecg-maya-hydra/ecg-maya-hydra-branch-preflight-python3-osx/build --install-dir=/local/S/jenkins/workspace/ECP/ecg-maya-hydra/ecg-maya-hydra-branch-preflight-python3-osx/install --signing-dir=/local/S/jenkins/workspace/ECP/ecg-maya-hydra/ecg-maya-hydra-branch-preflight-python3-osx/signing --package-dir=/local/S/jenkins/workspace/ECP/ecg-maya-hydra/ecg-maya-hydra-branch-preflight-python3-osx/package --output-dir=/local/S/jenkins/workspace/ECP/ecg-maya-hydra/ecg-maya-hydra-branch-preflight-python3-osx/output --stash-dir=/local/S/jenkins/workspace/ECP/ecg-maya-hydra/ecg-maya-hydra-branch-preflight-python3-osx/stash --jenkins-build=401 --git-commit=ec1adbcb663ba0620f97086097d51cc6f06a4681 --git-branch=master --variants=RelWithDebInfo --interactive-tests=true --post-zips=false --osx-binary-architecture-target=ub2 --osx-deployment-target=11.0 --osx-base-sdk=CurrentActiveSDK --extra-license-file=ecg-maya-hydra/jenkins-o03-cot/melicense.lic --prune-versions=3 --prune-revisions=3 --maya-cut-config=maya-rundev-master.yaml --maya-package=rundev-master --stage-banner --prune-artifacts --force-pruning
[2023-11-16T13:09:36.870Z] Getting rundev-master download URL from Maya SHA-1 hash
[2023-11-16T13:09:36.870Z] Finding Artifactory servers response times
[2023-11-16T13:09:41.280Z] [VERBOSE] Start loading URL (CURL): https://art-bobcat.autodesk.com/artifactory/api/search/checksum?repos=autodesk-3p-generic,adsk-build-tools-generic,team-ecg-generic,team-maya-generic,oss-stg-generic&sha1=e9a5ae1f0dc869d1ce266337cce0bfcafc9f93bd
[2023-11-16T13:09:41.280Z] [DEBUG] Running: /usr/bin/curl -s -X GET --keepalive-time 10 --connect-timeout 60 --speed-limit 10000 --speed-time 120 --max-time 3600 --retry 5 --retry-max-time 2400 -H Connection:close -H Authorization:Basic ZWNnYmlmcm9zdDpvcGUqKjAw https://art-bobcat.autodesk.com/artifactory/api/search/checksum?repos=autodesk-3p-generic,adsk-build-tools-generic,team-ecg-generic,team-maya-generic,oss-stg-generic&sha1=e9a5ae1f0dc869d1ce266337cce0bfcafc9f93bd
[2023-11-16T13:09:41.280Z] [DEBUG] Output:
[2023-11-16T13:09:41.280Z] {
[2023-11-16T13:09:41.280Z]   "results" : [ {
[2023-11-16T13:09:41.280Z]     "uri" : "https://art-bobcat.autodesk.com:443/artifactory/api/storage/team-maya-generic/Maya/master/pmac/2023-11-06-01-40_068e1a5022/202311060140-068e1a5022-RUNDEV.dmg"
[2023-11-16T13:09:41.280Z]   } ]
[2023-11-16T13:09:41.280Z] }
[2023-11-16T13:09:41.280Z] [VERBOSE] End loading URL (CURL): https://art-bobcat.autodesk.com/artifactory/api/search/checksum?repos=autodesk-3p-generic,adsk-build-tools-generic,team-ecg-generic,team-maya-generic,oss-stg-generic&sha1=e9a5ae1f0dc869d1ce266337cce0bfcafc9f93bd
[2023-11-16T13:09:41.280Z] [VERBOSE] Start loading URL (CURL): https://art-bobcat.autodesk.com:443/artifactory/api/storage/team-maya-generic/Maya/master/pmac/2023-11-06-01-40_068e1a5022/202311060140-068e1a5022-RUNDEV.dmg
[2023-11-16T13:09:41.280Z] [DEBUG] Running: /usr/bin/curl -s -X GET --keepalive-time 10 --connect-timeout 60 --speed-limit 10000 --speed-time 120 --max-time 3600 --retry 5 --retry-max-time 2400 -H Connection:close -H Authorization:Basic ZWNnYmlmcm9zdDpvcGUqKjAw https://art-bobcat.autodesk.com:443/artifactory/api/storage/team-maya-generic/Maya/master/pmac/2023-11-06-01-40_068e1a5022/202311060140-068e1a5022-RUNDEV.dmg
[2023-11-16T13:09:41.280Z] [DEBUG] Output:
[2023-11-16T13:09:41.280Z] {
[2023-11-16T13:09:41.280Z]   "repo" : "team-maya-generic",
[2023-11-16T13:09:41.280Z]   "path" : "/Maya/master/pmac/2023-11-06-01-40_068e1a5022/202311060140-068e1a5022-RUNDEV.dmg",
[2023-11-16T13:09:41.280Z]   "created" : "2023-11-06T02:58:12.280-08:00",
[2023-11-16T13:09:41.280Z]   "createdBy" : "svc_p_mescm",
[2023-11-16T13:09:41.280Z]   "lastModified" : "2023-11-06T02:53:16.851-08:00",
[2023-11-16T13:09:41.280Z]   "modifiedBy" : "svc_p_mescm",
[2023-11-16T13:09:41.280Z]   "lastUpdated" : "2023-11-06T02:58:12.281-08:00",
[2023-11-16T13:09:41.280Z]   "downloadUri" : "https://art-bobcat.autodesk.com:443/artifactory/team-maya-generic/Maya/master/pmac/2023-11-06-01-40_068e1a5022/202311060140-068e1a5022-RUNDEV.dmg",
[2023-11-16T13:09:41.280Z]   "mimeType" : "application/octet-stream",
[2023-11-16T13:09:41.280Z]   "size" : "2830276139",
[2023-11-16T13:09:41.280Z]   "checksums" : {
[2023-11-16T13:09:41.280Z]     "sha1" : "e9a5ae1f0dc869d1ce266337cce0bfcafc9f93bd",
[2023-11-16T13:09:41.280Z]     "md5" : "4f6452550f423ef50a9a210d0e260173",
[2023-11-16T13:09:41.280Z]     "sha256" : "c874ff1ba95f9b674422bbe75abe72228217a6a938f93062d0b641b2609332cc"
[2023-11-16T13:09:41.280Z]   },
[2023-11-16T13:09:41.280Z]   "originalChecksums" : {
[2023-11-16T13:09:41.280Z]     "sha1" : "e9a5ae1f0dc869d1ce266337cce0bfcafc9f93bd",
[2023-11-16T13:09:41.280Z]     "md5" : "4f6452550f423ef50a9a210d0e260173",
[2023-11-16T13:09:41.280Z]     "sha256" : "c874ff1ba95f9b674422bbe75abe72228217a6a938f93062d0b641b2609332cc"
[2023-11-16T13:09:41.280Z]   },
[2023-11-16T13:09:41.280Z]   "uri" : "https://art-bobcat.autodesk.com:443/artifactory/api/storage/team-maya-generic/Maya/master/pmac/2023-11-06-01-40_068e1a5022/202311060140-068e1a5022-RUNDEV.dmg"
[2023-11-16T13:09:41.280Z] }
[2023-11-16T13:09:41.280Z] [VERBOSE] End loading URL (CURL): https://art-bobcat.autodesk.com:443/artifactory/api/storage/team-maya-generic/Maya/master/pmac/2023-11-06-01-40_068e1a5022/202311060140-068e1a5022-RUNDEV.dmg
[2023-11-16T13:09:41.280Z] Using Maya cut from /local/S/jenkins/workspace/shared/Artifactory/OSX/rundev-master/202311060140/runtime/e9a5ae1
[2023-11-16T13:09:41.280Z] Using Maya ADSK Signatures from /local/S/jenkins/workspace/shared/Artifactory/OSX/adsk-plugin-signatures-maya/2023/3ae1ae7
[2023-11-16T13:09:41.280Z] Using Maya Security Library from /local/S/jenkins/workspace/shared/Artifactory/OSX/maya-security-library/3.4.0/5e08f3e
[2023-11-16T13:09:41.280Z] 
[2023-11-16T13:09:41.280Z] ================================================================================
[2023-11-16T13:09:41.280Z]                              setup (RelWithDebInfo)
[2023-11-16T13:09:41.280Z] ================================================================================
[Pipeline] }
[Pipeline] // withEnv
[Pipeline] }
[Pipeline] // timeout
[Pipeline] }
[Pipeline] // stage
[Pipeline] }
[Pipeline] // timestamps
[Pipeline] timestamps
[Pipeline] {
[Pipeline] stage
[Pipeline] { (Clean)
[Pipeline] timeout
[2023-11-16T13:09:41.653Z] Timeout set to expire in 6 hr 0 min
[Pipeline] {
[Pipeline] withEnv
[Pipeline] {
[Pipeline] sh
[2023-11-16T13:09:42.930Z] + python ecg-maya-hydra/build.py --stages=clean --workspace-dir=/local/S/jenkins/workspace/ECP/ecg-maya-hydra/ecg-maya-hydra-branch-preflight-python3-osx --artifactory-dir=/local/S/jenkins/workspace/shared/Artifactory --build-dir=/local/S/jenkins/workspace/ECP/ecg-maya-hydra/ecg-maya-hydra-branch-preflight-python3-osx/build --install-dir=/local/S/jenkins/workspace/ECP/ecg-maya-hydra/ecg-maya-hydra-branch-preflight-python3-osx/install --signing-dir=/local/S/jenkins/workspace/ECP/ecg-maya-hydra/ecg-maya-hydra-branch-preflight-python3-osx/signing --package-dir=/local/S/jenkins/workspace/ECP/ecg-maya-hydra/ecg-maya-hydra-branch-preflight-python3-osx/package --output-dir=/local/S/jenkins/workspace/ECP/ecg-maya-hydra/ecg-maya-hydra-branch-preflight-python3-osx/output --stash-dir=/local/S/jenkins/workspace/ECP/ecg-maya-hydra/ecg-maya-hydra-branch-preflight-python3-osx/stash --jenkins-build=401 --git-commit=ec1adbcb663ba0620f97086097d51cc6f06a4681 --git-branch=master --variants=Debug --interactive-tests=true --post-zips=false --osx-binary-architecture-target=ub2 --osx-deployment-target=11.0 --osx-base-sdk=CurrentActiveSDK --maya-cut-config=maya-rundev-master-debug.yaml --maya-package=rundev-master-debug --stage-banner
[2023-11-16T13:09:42.930Z] Using Maya cut from /local/S/jenkins/workspace/shared/Artifactory/OSX/rundev-master-debug/202310260154/runtime/3fe4f1c
[2023-11-16T13:09:42.930Z] Using Maya ADSK Signatures from /local/S/jenkins/workspace/shared/Artifactory/OSX/adsk-plugin-signatures-maya/2023/3ae1ae7
[2023-11-16T13:09:42.930Z] Using Maya Security Library from /local/S/jenkins/workspace/shared/Artifactory/OSX/maya-security-library/3.4.0/5e08f3e
[2023-11-16T13:09:42.930Z] 
[2023-11-16T13:09:42.930Z] ================================================================================
[2023-11-16T13:09:42.930Z]                                  clean (Debug)
[2023-11-16T13:09:42.930Z] ================================================================================
[2023-11-16T13:09:42.930Z] Maya Python Debug Info:
[2023-11-16T13:09:42.930Z]   mayapy executable   = /local/S/jenkins/workspace/shared/Artifactory/OSX/rundev-master-debug/202310260154/runtime/3fe4f1c/runTime/Maya.app/Contents/bin/mayapy
[2023-11-16T13:09:42.930Z]   Include Folder      = /local/S/jenkins/workspace/shared/Artifactory/OSX/rundev-master-debug/202310260154/runtime/3fe4f1c/runTime/Maya.app/Contents/Frameworks/Python.framework/Versions/Current/include/python3.10
[2023-11-16T13:09:42.930Z]   Library             = /local/S/jenkins/workspace/shared/Artifactory/OSX/rundev-master-debug/202310260154/runtime/3fe4f1c/runTime/Maya.app/Contents/Frameworks/Python.framework/Versions/Current/lib/libpython3.10.dylib
[2023-11-16T13:09:42.930Z]   site-package Folder = /local/S/jenkins/workspace/shared/Artifactory/OSX/rundev-master-debug/202310260154/runtime/3fe4f1c/runTime/Maya.app/Contents/Frameworks/Python.framework/Versions/Current/lib/python3.10/site-packages
[2023-11-16T13:09:43.484Z] In workdir: /Volumes/DATA/local/S/jenkins/workspace/ECP/ecg-maya-hydra/ecg-maya-hydra-branch-preflight-python3-osx/ecg-maya-hydra/maya-hydra
[2023-11-16T13:09:43.484Z] Executing: arch -arch arm64 /local/S/jenkins/workspace/shared/Artifactory/OSX/rundev-master-debug/202310260154/runtime/3fe4f1c/runTime/Maya.app/Contents/bin/mayapy /Volumes/DATA/local/S/jenkins/workspace/ECP/ecg-maya-hydra/ecg-maya-hydra-branch-preflight-python3-osx/ecg-maya-hydra/maya-hydra/build.py --generator Ninja --build-debug --maya-location /local/S/jenkins/workspace/shared/Artifactory/OSX/rundev-master-debug/202310260154/runtime/3fe4f1c/runTime --devkit-location /local/S/jenkins/workspace/shared/Artifactory/OSX/rundev-master-debug/202310260154/runtime/3fe4f1c/devkitBase --pxrusd-location /local/S/jenkins/workspace/shared/Artifactory/OSX/USD/a9d0dd1 --build-args=-DCMAKE_MAKE_PROGRAM=/local/S/jenkins/workspace/shared/Artifactory/OSX/ninja/1.10.2/95d0ca5/ninja,-DPYTHON_INCLUDE_DIR=/local/S/jenkins/workspace/shared/Artifactory/OSX/rundev-master-debug/202310260154/runtime/3fe4f1c/runTime/Maya.app/Contents/Frameworks/Python.framework/Versions/Current/include/python3.10,-DPython_EXECUTABLE=/local/S/jenkins/workspace/shared/Artifactory/OSX/rundev-master-debug/202310260154/runtime/3fe4f1c/runTime/Maya.app/Contents/bin/mayapy,-DPYTHON_LIBRARIES=/local/S/jenkins/workspace/shared/Artifactory/OSX/rundev-master-debug/202310260154/runtime/3fe4f1c/runTime/Maya.app/Contents/Frameworks/Python.framework/Versions/Current/lib/libpython3.10.dylib,-DBUILD_WITH_PYTHON_3=ON,-DBUILD_WITH_PYTHON_3_VERSION=3.10,-DBUILD_UB2=ON,-DCMAKE_WANT_MATERIALX_BUILD=ON,-DCMAKE_PREFIX_PATH=/local/S/jenkins/workspace/shared/Artifactory/OSX/USD/a9d0dd1,-DMAYAHYDRA_BUILD_NUMBER=401,-DMAYAHYDRA_GIT_COMMIT=ec1adbcb663ba0620f97086097d51cc6f06a4681,-DMAYAHYDRA_GIT_BRANCH=master '--ctest-args=--parallel 8' --stages=clean --redirect-outstream-file=False --install-location /local/S/jenkins/workspace/ECP/ecg-maya-hydra/ecg-maya-hydra-branch-preflight-python3-osx/install/Debug/MayaHydra /local/S/jenkins/workspace/ECP/ecg-maya-hydra/ecg-maya-hydra-branch-preflight-python3-osx
[2023-11-16T13:09:43.484Z] Modified environment variables:
[2023-11-16T13:09:43.484Z]     PATH=/local/S/jenkins/workspace/shared/Artifactory/OSX/cmake/3.20.3/2594509/bin:/opt/homebrew/bin:/usr/local/bin:/bin:/usr/sbin:/sbin:/usr/bin:/usr/bin:/bin:/usr/sbin:/sbin
[2023-11-16T13:09:43.484Z]     
[2023-11-16T13:09:43.484Z]         Building with settings:
[2023-11-16T13:09:43.484Z]           Source directory          /Volumes/DATA/local/S/jenkins/workspace/ECP/ecg-maya-hydra/ecg-maya-hydra-branch-preflight-python3-osx/ecg-maya-hydra/maya-hydra
[2023-11-16T13:09:43.484Z]           Workspace directory       /local/S/jenkins/workspace/ECP/ecg-maya-hydra/ecg-maya-hydra-branch-preflight-python3-osx
[2023-11-16T13:09:43.484Z]           Build directory           /local/S/jenkins/workspace/ECP/ecg-maya-hydra/ecg-maya-hydra-branch-preflight-python3-osx/build/Debug
[2023-11-16T13:09:43.484Z]           Install directory         /local/S/jenkins/workspace/ECP/ecg-maya-hydra/ecg-maya-hydra-branch-preflight-python3-osx/install/Debug/MayaHydra
[2023-11-16T13:09:43.484Z]           Variant                   Debug
[2023-11-16T13:09:43.484Z]           Python Debug              Off
[2023-11-16T13:09:43.484Z]           CMake generator           Ninja
[2023-11-16T13:09:43.484Z]           Build arguments           ['-DCMAKE_MAKE_PROGRAM=/local/S/jenkins/workspace/shared/Artifactory/OSX/ninja/1.10.2/95d0ca5/ninja', '-DPYTHON_INCLUDE_DIR=/local/S/jenkins/workspace/shared/Artifactory/OSX/rundev-master-debug/202310260154/runtime/3fe4f1c/runTime/Maya.app/Contents/Frameworks/Python.framework/Versions/Current/include/python3.10', '-DPython_EXECUTABLE=/local/S/jenkins/workspace/shared/Artifactory/OSX/rundev-master-debug/202310260154/runtime/3fe4f1c/runTime/Maya.app/Contents/bin/mayapy', '-DPYTHON_LIBRARIES=/local/S/jenkins/workspace/shared/Artifactory/OSX/rundev-master-debug/202310260154/runtime/3fe4f1c/runTime/Maya.app/Contents/Frameworks/Python.framework/Versions/Current/lib/libpython3.10.dylib', '-DBUILD_WITH_PYTHON_3=ON', '-DBUILD_WITH_PYTHON_3_VERSION=3.10', '-DBUILD_UB2=ON', '-DCMAKE_WANT_MATERIALX_BUILD=ON', '-DCMAKE_PREFIX_PATH=/local/S/jenkins/workspace/shared/Artifactory/OSX/USD/a9d0dd1', '-DMAYAHYDRA_BUILD_NUMBER=401', '-DMAYAHYDRA_GIT_COMMIT=ec1adbcb663ba0620f97086097d51cc6f06a4681', '-DMAYAHYDRA_GIT_BRANCH=master']
[2023-11-16T13:09:43.484Z]           Stages arguments          ['clean']
[2023-11-16T13:09:43.484Z]           CTest arguments           ['--parallel 8']
[2023-11-16T13:09:43.484Z]     Success MayaHydra build and install !!!!
[2023-11-16T13:09:43.484Z]     Elapsed time: 00:00:00
[Pipeline] sh
[2023-11-16T13:09:44.888Z] + python ecg-maya-hydra/build.py --stages=clean --workspace-dir=/local/S/jenkins/workspace/ECP/ecg-maya-hydra/ecg-maya-hydra-branch-preflight-python3-osx --artifactory-dir=/local/S/jenkins/workspace/shared/Artifactory --build-dir=/local/S/jenkins/workspace/ECP/ecg-maya-hydra/ecg-maya-hydra-branch-preflight-python3-osx/build --install-dir=/local/S/jenkins/workspace/ECP/ecg-maya-hydra/ecg-maya-hydra-branch-preflight-python3-osx/install --signing-dir=/local/S/jenkins/workspace/ECP/ecg-maya-hydra/ecg-maya-hydra-branch-preflight-python3-osx/signing --package-dir=/local/S/jenkins/workspace/ECP/ecg-maya-hydra/ecg-maya-hydra-branch-preflight-python3-osx/package --output-dir=/local/S/jenkins/workspace/ECP/ecg-maya-hydra/ecg-maya-hydra-branch-preflight-python3-osx/output --stash-dir=/local/S/jenkins/workspace/ECP/ecg-maya-hydra/ecg-maya-hydra-branch-preflight-python3-osx/stash --jenkins-build=401 --git-commit=ec1adbcb663ba0620f97086097d51cc6f06a4681 --git-branch=master --variants=RelWithDebInfo --interactive-tests=true --post-zips=false --osx-binary-architecture-target=ub2 --osx-deployment-target=11.0 --osx-base-sdk=CurrentActiveSDK --maya-cut-config=maya-rundev-master.yaml --maya-package=rundev-master --stage-banner
[2023-11-16T13:09:44.888Z] Using Maya cut from /local/S/jenkins/workspace/shared/Artifactory/OSX/rundev-master/202311060140/runtime/e9a5ae1
[2023-11-16T13:09:44.888Z] Using Maya ADSK Signatures from /local/S/jenkins/workspace/shared/Artifactory/OSX/adsk-plugin-signatures-maya/2023/3ae1ae7
[2023-11-16T13:09:44.888Z] Using Maya Security Library from /local/S/jenkins/workspace/shared/Artifactory/OSX/maya-security-library/3.4.0/5e08f3e
[2023-11-16T13:09:44.888Z] 
[2023-11-16T13:09:44.888Z] ================================================================================
[2023-11-16T13:09:44.888Z]                              clean (RelWithDebInfo)
[2023-11-16T13:09:44.888Z] ================================================================================
[2023-11-16T13:09:44.888Z] Maya Python RelWithDebInfo Info:
[2023-11-16T13:09:44.888Z]   mayapy executable   = /local/S/jenkins/workspace/shared/Artifactory/OSX/rundev-master/202311060140/runtime/e9a5ae1/runTime/Maya.app/Contents/bin/mayapy
[2023-11-16T13:09:44.888Z]   Include Folder      = /local/S/jenkins/workspace/shared/Artifactory/OSX/rundev-master/202311060140/runtime/e9a5ae1/runTime/Maya.app/Contents/Frameworks/Python.framework/Versions/Current/include/python3.10
[2023-11-16T13:09:44.888Z]   Library             = /local/S/jenkins/workspace/shared/Artifactory/OSX/rundev-master/202311060140/runtime/e9a5ae1/runTime/Maya.app/Contents/Frameworks/Python.framework/Versions/Current/lib/libpython3.10.dylib
[2023-11-16T13:09:44.888Z]   site-package Folder = /local/S/jenkins/workspace/shared/Artifactory/OSX/rundev-master/202311060140/runtime/e9a5ae1/runTime/Maya.app/Contents/Frameworks/Python.framework/Versions/Current/lib/python3.10/site-packages
[2023-11-16T13:09:45.442Z] In workdir: /Volumes/DATA/local/S/jenkins/workspace/ECP/ecg-maya-hydra/ecg-maya-hydra-branch-preflight-python3-osx/ecg-maya-hydra/maya-hydra
[2023-11-16T13:09:45.442Z] Executing: arch -arch arm64 /local/S/jenkins/workspace/shared/Artifactory/OSX/rundev-master/202311060140/runtime/e9a5ae1/runTime/Maya.app/Contents/bin/mayapy /Volumes/DATA/local/S/jenkins/workspace/ECP/ecg-maya-hydra/ecg-maya-hydra-branch-preflight-python3-osx/ecg-maya-hydra/maya-hydra/build.py --generator Ninja --build-relwithdebug --maya-location /local/S/jenkins/workspace/shared/Artifactory/OSX/rundev-master/202311060140/runtime/e9a5ae1/runTime --devkit-location /local/S/jenkins/workspace/shared/Artifactory/OSX/rundev-master/202311060140/runtime/e9a5ae1/devkitBase --pxrusd-location /local/S/jenkins/workspace/shared/Artifactory/OSX/USD/b595ab2 --build-args=-DCMAKE_MAKE_PROGRAM=/local/S/jenkins/workspace/shared/Artifactory/OSX/ninja/1.10.2/95d0ca5/ninja,-DPYTHON_INCLUDE_DIR=/local/S/jenkins/workspace/shared/Artifactory/OSX/rundev-master/202311060140/runtime/e9a5ae1/runTime/Maya.app/Contents/Frameworks/Python.framework/Versions/Current/include/python3.10,-DPython_EXECUTABLE=/local/S/jenkins/workspace/shared/Artifactory/OSX/rundev-master/202311060140/runtime/e9a5ae1/runTime/Maya.app/Contents/bin/mayapy,-DPYTHON_LIBRARIES=/local/S/jenkins/workspace/shared/Artifactory/OSX/rundev-master/202311060140/runtime/e9a5ae1/runTime/Maya.app/Contents/Frameworks/Python.framework/Versions/Current/lib/libpython3.10.dylib,-DBUILD_WITH_PYTHON_3=ON,-DBUILD_WITH_PYTHON_3_VERSION=3.10,-DBUILD_UB2=ON,-DCMAKE_WANT_MATERIALX_BUILD=ON,-DCMAKE_PREFIX_PATH=/local/S/jenkins/workspace/shared/Artifactory/OSX/USD/b595ab2,-DMAYAHYDRA_BUILD_NUMBER=401,-DMAYAHYDRA_GIT_COMMIT=ec1adbcb663ba0620f97086097d51cc6f06a4681,-DMAYAHYDRA_GIT_BRANCH=master '--ctest-args=--parallel 8' --stages=clean --redirect-outstream-file=False --install-location /local/S/jenkins/workspace/ECP/ecg-maya-hydra/ecg-maya-hydra-branch-preflight-python3-osx/install/RelWithDebInfo/MayaHydra /local/S/jenkins/workspace/ECP/ecg-maya-hydra/ecg-maya-hydra-branch-preflight-python3-osx
[2023-11-16T13:09:45.442Z] Modified environment variables:
[2023-11-16T13:09:45.442Z]     PATH=/local/S/jenkins/workspace/shared/Artifactory/OSX/cmake/3.20.3/2594509/bin:/opt/homebrew/bin:/usr/local/bin:/bin:/usr/sbin:/sbin:/usr/bin:/usr/bin:/bin:/usr/sbin:/sbin
[2023-11-16T13:09:45.442Z]     
[2023-11-16T13:09:45.442Z]         Building with settings:
[2023-11-16T13:09:45.442Z]           Source directory          /Volumes/DATA/local/S/jenkins/workspace/ECP/ecg-maya-hydra/ecg-maya-hydra-branch-preflight-python3-osx/ecg-maya-hydra/maya-hydra
[2023-11-16T13:09:45.442Z]           Workspace directory       /local/S/jenkins/workspace/ECP/ecg-maya-hydra/ecg-maya-hydra-branch-preflight-python3-osx
[2023-11-16T13:09:45.442Z]           Build directory           /local/S/jenkins/workspace/ECP/ecg-maya-hydra/ecg-maya-hydra-branch-preflight-python3-osx/build/RelWithDebInfo
[2023-11-16T13:09:45.442Z]           Install directory         /local/S/jenkins/workspace/ECP/ecg-maya-hydra/ecg-maya-hydra-branch-preflight-python3-osx/install/RelWithDebInfo/MayaHydra
[2023-11-16T13:09:45.442Z]           Variant                   RelWithDebInfo
[2023-11-16T13:09:45.442Z]           Python Debug              Off
[2023-11-16T13:09:45.442Z]           CMake generator           Ninja
[2023-11-16T13:09:45.442Z]           Build arguments           ['-DCMAKE_MAKE_PROGRAM=/local/S/jenkins/workspace/shared/Artifactory/OSX/ninja/1.10.2/95d0ca5/ninja', '-DPYTHON_INCLUDE_DIR=/local/S/jenkins/workspace/shared/Artifactory/OSX/rundev-master/202311060140/runtime/e9a5ae1/runTime/Maya.app/Contents/Frameworks/Python.framework/Versions/Current/include/python3.10', '-DPython_EXECUTABLE=/local/S/jenkins/workspace/shared/Artifactory/OSX/rundev-master/202311060140/runtime/e9a5ae1/runTime/Maya.app/Contents/bin/mayapy', '-DPYTHON_LIBRARIES=/local/S/jenkins/workspace/shared/Artifactory/OSX/rundev-master/202311060140/runtime/e9a5ae1/runTime/Maya.app/Contents/Frameworks/Python.framework/Versions/Current/lib/libpython3.10.dylib', '-DBUILD_WITH_PYTHON_3=ON', '-DBUILD_WITH_PYTHON_3_VERSION=3.10', '-DBUILD_UB2=ON', '-DCMAKE_WANT_MATERIALX_BUILD=ON', '-DCMAKE_PREFIX_PATH=/local/S/jenkins/workspace/shared/Artifactory/OSX/USD/b595ab2', '-DMAYAHYDRA_BUILD_NUMBER=401', '-DMAYAHYDRA_GIT_COMMIT=ec1adbcb663ba0620f97086097d51cc6f06a4681', '-DMAYAHYDRA_GIT_BRANCH=master']
[2023-11-16T13:09:45.442Z]           Stages arguments          ['clean']
[2023-11-16T13:09:45.442Z]           CTest arguments           ['--parallel 8']
[2023-11-16T13:09:45.442Z]     Success MayaHydra build and install !!!!
[2023-11-16T13:09:45.442Z]     Elapsed time: 00:00:00
[Pipeline] }
[Pipeline] // withEnv
[Pipeline] }
[Pipeline] // timeout
[Pipeline] }
[Pipeline] // stage
[Pipeline] }
[Pipeline] // timestamps
[Pipeline] timestamps
[Pipeline] {
[Pipeline] stage
[Pipeline] { (Configure)
[Pipeline] timeout
[2023-11-16T13:09:45.812Z] Timeout set to expire in 6 hr 0 min
[Pipeline] {
[Pipeline] withEnv
[Pipeline] {
[Pipeline] sh
[2023-11-16T13:09:47.083Z] + python ecg-maya-hydra/build.py --stages=configure --workspace-dir=/local/S/jenkins/workspace/ECP/ecg-maya-hydra/ecg-maya-hydra-branch-preflight-python3-osx --artifactory-dir=/local/S/jenkins/workspace/shared/Artifactory --build-dir=/local/S/jenkins/workspace/ECP/ecg-maya-hydra/ecg-maya-hydra-branch-preflight-python3-osx/build --install-dir=/local/S/jenkins/workspace/ECP/ecg-maya-hydra/ecg-maya-hydra-branch-preflight-python3-osx/install --signing-dir=/local/S/jenkins/workspace/ECP/ecg-maya-hydra/ecg-maya-hydra-branch-preflight-python3-osx/signing --package-dir=/local/S/jenkins/workspace/ECP/ecg-maya-hydra/ecg-maya-hydra-branch-preflight-python3-osx/package --output-dir=/local/S/jenkins/workspace/ECP/ecg-maya-hydra/ecg-maya-hydra-branch-preflight-python3-osx/output --stash-dir=/local/S/jenkins/workspace/ECP/ecg-maya-hydra/ecg-maya-hydra-branch-preflight-python3-osx/stash --jenkins-build=401 --git-commit=ec1adbcb663ba0620f97086097d51cc6f06a4681 --git-branch=master --variants=Debug --interactive-tests=true --post-zips=false --osx-binary-architecture-target=ub2 --osx-deployment-target=11.0 --osx-base-sdk=CurrentActiveSDK --maya-cut-config=maya-rundev-master-debug.yaml --maya-package=rundev-master-debug --stage-banner
[2023-11-16T13:09:47.083Z] Using Maya cut from /local/S/jenkins/workspace/shared/Artifactory/OSX/rundev-master-debug/202310260154/runtime/3fe4f1c
[2023-11-16T13:09:47.083Z] Using Maya ADSK Signatures from /local/S/jenkins/workspace/shared/Artifactory/OSX/adsk-plugin-signatures-maya/2023/3ae1ae7
[2023-11-16T13:09:47.083Z] Using Maya Security Library from /local/S/jenkins/workspace/shared/Artifactory/OSX/maya-security-library/3.4.0/5e08f3e
[2023-11-16T13:09:47.083Z] 
[2023-11-16T13:09:47.083Z] ================================================================================
[2023-11-16T13:09:47.083Z]                                configure (Debug)
[2023-11-16T13:09:47.083Z] ================================================================================
[2023-11-16T13:09:47.083Z] Maya Python Debug Info:
[2023-11-16T13:09:47.083Z]   mayapy executable   = /local/S/jenkins/workspace/shared/Artifactory/OSX/rundev-master-debug/202310260154/runtime/3fe4f1c/runTime/Maya.app/Contents/bin/mayapy
[2023-11-16T13:09:47.083Z]   Include Folder      = /local/S/jenkins/workspace/shared/Artifactory/OSX/rundev-master-debug/202310260154/runtime/3fe4f1c/runTime/Maya.app/Contents/Frameworks/Python.framework/Versions/Current/include/python3.10
[2023-11-16T13:09:47.083Z]   Library             = /local/S/jenkins/workspace/shared/Artifactory/OSX/rundev-master-debug/202310260154/runtime/3fe4f1c/runTime/Maya.app/Contents/Frameworks/Python.framework/Versions/Current/lib/libpython3.10.dylib
[2023-11-16T13:09:47.083Z]   site-package Folder = /local/S/jenkins/workspace/shared/Artifactory/OSX/rundev-master-debug/202310260154/runtime/3fe4f1c/runTime/Maya.app/Contents/Frameworks/Python.framework/Versions/Current/lib/python3.10/site-packages
[2023-11-16T13:09:47.083Z] In workdir: /Volumes/DATA/local/S/jenkins/workspace/ECP/ecg-maya-hydra/ecg-maya-hydra-branch-preflight-python3-osx/ecg-maya-hydra/maya-hydra
[2023-11-16T13:09:47.083Z] Executing: arch -arch arm64 /local/S/jenkins/workspace/shared/Artifactory/OSX/rundev-master-debug/202310260154/runtime/3fe4f1c/runTime/Maya.app/Contents/bin/mayapy /Volumes/DATA/local/S/jenkins/workspace/ECP/ecg-maya-hydra/ecg-maya-hydra-branch-preflight-python3-osx/ecg-maya-hydra/maya-hydra/build.py --generator Ninja --build-debug --maya-location /local/S/jenkins/workspace/shared/Artifactory/OSX/rundev-master-debug/202310260154/runtime/3fe4f1c/runTime --devkit-location /local/S/jenkins/workspace/shared/Artifactory/OSX/rundev-master-debug/202310260154/runtime/3fe4f1c/devkitBase --pxrusd-location /local/S/jenkins/workspace/shared/Artifactory/OSX/USD/a9d0dd1 --build-args=-DCMAKE_MAKE_PROGRAM=/local/S/jenkins/workspace/shared/Artifactory/OSX/ninja/1.10.2/95d0ca5/ninja,-DPYTHON_INCLUDE_DIR=/local/S/jenkins/workspace/shared/Artifactory/OSX/rundev-master-debug/202310260154/runtime/3fe4f1c/runTime/Maya.app/Contents/Frameworks/Python.framework/Versions/Current/include/python3.10,-DPython_EXECUTABLE=/local/S/jenkins/workspace/shared/Artifactory/OSX/rundev-master-debug/202310260154/runtime/3fe4f1c/runTime/Maya.app/Contents/bin/mayapy,-DPYTHON_LIBRARIES=/local/S/jenkins/workspace/shared/Artifactory/OSX/rundev-master-debug/202310260154/runtime/3fe4f1c/runTime/Maya.app/Contents/Frameworks/Python.framework/Versions/Current/lib/libpython3.10.dylib,-DBUILD_WITH_PYTHON_3=ON,-DBUILD_WITH_PYTHON_3_VERSION=3.10,-DBUILD_UB2=ON,-DCMAKE_WANT_MATERIALX_BUILD=ON,-DCMAKE_PREFIX_PATH=/local/S/jenkins/workspace/shared/Artifactory/OSX/USD/a9d0dd1,-DMAYAHYDRA_BUILD_NUMBER=401,-DMAYAHYDRA_GIT_COMMIT=ec1adbcb663ba0620f97086097d51cc6f06a4681,-DMAYAHYDRA_GIT_BRANCH=master '--ctest-args=--parallel 8' --stages=configure --redirect-outstream-file=False --install-location /local/S/jenkins/workspace/ECP/ecg-maya-hydra/ecg-maya-hydra-branch-preflight-python3-osx/install/Debug/MayaHydra /local/S/jenkins/workspace/ECP/ecg-maya-hydra/ecg-maya-hydra-branch-preflight-python3-osx
[2023-11-16T13:09:47.083Z] Modified environment variables:
[2023-11-16T13:09:47.083Z]     PATH=/local/S/jenkins/workspace/shared/Artifactory/OSX/cmake/3.20.3/2594509/bin:/opt/homebrew/bin:/usr/local/bin:/bin:/usr/sbin:/sbin:/usr/bin:/usr/bin:/bin:/usr/sbin:/sbin
[2023-11-16T13:10:00.663Z]     -- The C compiler identification is AppleClang 13.1.6.13160021
[2023-11-16T13:10:00.663Z]     -- The CXX compiler identification is AppleClang 13.1.6.13160021
[2023-11-16T13:10:00.663Z]     -- Detecting C compiler ABI info
[2023-11-16T13:10:00.663Z]     -- Detecting C compiler ABI info - done
[2023-11-16T13:10:00.663Z]     -- Check for working C compiler: /Applications/Xcode.app/Contents/Developer/Toolchains/XcodeDefault.xctoolchain/usr/bin/cc - skipped
[2023-11-16T13:10:00.663Z]     -- Detecting C compile features
[2023-11-16T13:10:00.663Z]     -- Detecting C compile features - done
[2023-11-16T13:10:00.663Z]     -- Detecting CXX compiler ABI info
[2023-11-16T13:10:00.663Z]     -- Detecting CXX compiler ABI info - done
[2023-11-16T13:10:00.663Z]     -- Check for working CXX compiler: /Applications/Xcode.app/Contents/Developer/Toolchains/XcodeDefault.xctoolchain/usr/bin/c++ - skipped
[2023-11-16T13:10:00.663Z]     -- Detecting CXX compile features
[2023-11-16T13:10:00.663Z]     -- Detecting CXX compile features - done
[2023-11-16T13:10:00.663Z]     -- Building with Universal Binary 2
[2023-11-16T13:10:00.663Z]     -- Using Maya Light API Version 3
[2023-11-16T13:10:00.663Z]     -- Maya has setDefaultMaterialHandling API
[2023-11-16T13:10:00.663Z]     -- Maya has new point snapping API
[2023-11-16T13:10:00.663Z]     -- Maya has isInCrashHandler API
[2023-11-16T13:10:00.663Z]     -- Maya has getDisplayStyleOfAllViewports API
[2023-11-16T13:10:00.663Z]     -- Maya array iterator has difference_type trait
[2023-11-16T13:10:00.663Z]     -- MFnSet has getMemberPaths function
[2023-11-16T13:10:00.663Z]     -- MFnDisplayLayer exists
[2023-11-16T13:10:00.663Z]     -- MDisplayLayerMessage has MDisplayLayerMemberChangedFunction
[2023-11-16T13:10:00.663Z]     -- MRenderItem has HideOnPlayback API
[2023-11-16T13:10:00.663Z]     -- MacOSX: Maya was built with Universal Binary 2 (x86_64/arm64)
[2023-11-16T13:10:00.663Z]     -- Found Maya: /local/S/jenkins/workspace/shared/Artifactory/OSX/rundev-master-debug/202310260154/runtime/3fe4f1c/runTime/maya.app/Contents/MacOS/Maya (found suitable version "2025", minimum required is "2024")
[2023-11-16T13:10:00.663Z]     -- Found Python: /local/S/jenkins/workspace/shared/Artifactory/OSX/rundev-master-debug/202310260154/runtime/3fe4f1c/runTime/Maya.app/Contents/bin/mayapy (found suitable exact version "3.10.8") found components: Interpreter
[2023-11-16T13:10:00.663Z]     -- Build mayaHydra with Python3 = 3.10
[2023-11-16T13:10:00.663Z]     --    PYTHON_INCLUDE_DIRS = /local/S/jenkins/workspace/shared/Artifactory/OSX/rundev-master-debug/202310260154/runtime/3fe4f1c/runTime/Maya.app/Contents/Frameworks/Python.framework/Versions/Current/include/python3.10
[2023-11-16T13:10:00.663Z]     --    PYTHON_LIBRARIES    = /local/S/jenkins/workspace/shared/Artifactory/OSX/rundev-master-debug/202310260154/runtime/3fe4f1c/runTime/Maya.app/Contents/Frameworks/Python.framework/Versions/Current/lib/libpython3.10.dylib
[2023-11-16T13:10:00.663Z]     --    Python_EXECUTABLE   = /local/S/jenkins/workspace/shared/Artifactory/OSX/rundev-master-debug/202310260154/runtime/3fe4f1c/runTime/Maya.app/Contents/bin/mayapy
[2023-11-16T13:10:00.663Z]     -- Found Python3: /local/S/jenkins/workspace/shared/Artifactory/OSX/rundev-master-debug/202310260154/runtime/3fe4f1c/runTime/Maya.app/Contents/Frameworks/Python.framework/Versions/Current/include/python3.10 (found suitable exact version "3.10.8") found components: Development Development.Module Development.Embed
[2023-11-16T13:10:00.663Z]     -- USD has new Sdr.PropertyTypes.Color4
[2023-11-16T13:10:00.663Z]     -- USD has MaterialX metadata support
[2023-11-16T13:10:00.663Z]     -- USD include dir: /local/S/jenkins/workspace/shared/Artifactory/OSX/USD/a9d0dd1/include
[2023-11-16T13:10:00.663Z]     -- USD library dir: /local/S/jenkins/workspace/shared/Artifactory/OSX/USD/a9d0dd1/lib
[2023-11-16T13:10:00.663Z]     -- USD version: 0.23.8
[2023-11-16T13:10:00.663Z]     -- Found USD: /local/S/jenkins/workspace/shared/Artifactory/OSX/USD/a9d0dd1 (found suitable version "0.23.8", minimum required is "0.22.11")
[2023-11-16T13:10:00.663Z]     Updated PYTHONPATH: /local/S/jenkins/workspace/shared/Artifactory/OSX/USD/a9d0dd1/lib/python
[2023-11-16T13:10:00.663Z]     -- Found UFE: /local/S/jenkins/workspace/shared/Artifactory/OSX/rundev-master-debug/202310260154/runtime/3fe4f1c/devkitBase/devkit/ufe/include (found version "0.5.11")
[2023-11-16T13:10:00.663Z]     -- UFE include dir: /local/S/jenkins/workspace/shared/Artifactory/OSX/rundev-master-debug/202310260154/runtime/3fe4f1c/devkitBase/devkit/ufe/include
[2023-11-16T13:10:00.663Z]     -- UFE library: /local/S/jenkins/workspace/shared/Artifactory/OSX/rundev-master-debug/202310260154/runtime/3fe4f1c/devkitBase/devkit/ufe/lib/libufe_0.dylib
[2023-11-16T13:10:00.663Z]     -- UFE version: 0.5.11
[2023-11-16T13:10:00.663Z]     -- Maya has UFE lights API
[2023-11-16T13:10:00.663Z]     -- Maya has UFE scene segment API
[2023-11-16T13:10:00.663Z]     -- Maya has UFE TrieNode childrenComponents accessor
[2023-11-16T13:10:00.663Z]     -- Building with UFE 0.5.11.
[2023-11-16T13:10:00.663Z]     -- Found MaterialX
[2023-11-16T13:10:01.215Z]     -- Performing Test HAVE_STDATOMIC
[2023-11-16T13:10:01.215Z]     -- Performing Test HAVE_STDATOMIC - Success
[2023-11-16T13:10:01.215Z]     -- Found OpenGL: /Applications/Xcode.app/Contents/Developer/Platforms/MacOSX.platform/Developer/SDKs/MacOSX12.3.sdk/System/Library/Frameworks/OpenGL.framework
[2023-11-16T13:10:01.215Z]     -- Check if linker can resolve circular dependencies - TRUE
[2023-11-16T13:10:01.215Z]     -- Found Qt 6.5.2 in Maya devkit. Hydra Scene Browser will be built.
[2023-11-16T13:10:01.215Z]     -- **** Building Gulrak From Github Repository.
[2023-11-16T13:10:01.215Z]     -- Populating gulrak
[2023-11-16T13:10:01.767Z]     -- Configuring done
[2023-11-16T13:10:01.767Z]     -- Generating done
[2023-11-16T13:10:01.767Z]     -- Build files have been written to: /Volumes/DATA/local/S/jenkins/workspace/ECP/ecg-maya-hydra/ecg-maya-hydra-branch-preflight-python3-osx/build/Debug/_deps/gulrak-subbuild
[2023-11-16T13:10:01.767Z]     [1/9] Creating directories for 'gulrak-populate'
[2023-11-16T13:10:01.767Z]     [1/9] Performing download step (git clone) for 'gulrak-populate'
[2023-11-16T13:10:01.767Z]     Cloning into 'gulrak-src'...
[2023-11-16T13:10:01.767Z]     HEAD is now at 4e21ab3 Version bump and updated readme.
[2023-11-16T13:10:01.767Z]     [2/9] Performing update step for 'gulrak-populate'
[2023-11-16T13:10:01.767Z]     [4/9] No patch step for 'gulrak-populate'
[2023-11-16T13:10:02.323Z]     [5/9] No configure step for 'gulrak-populate'
[2023-11-16T13:10:02.323Z]     [6/9] No build step for 'gulrak-populate'
[2023-11-16T13:10:02.323Z]     [7/9] No install step for 'gulrak-populate'
[2023-11-16T13:10:02.323Z]     [8/9] No test step for 'gulrak-populate'
[2023-11-16T13:10:02.323Z]     [9/9] Completed 'gulrak-populate'
[2023-11-16T13:10:02.323Z]     -- ========== Installing GoogleTest... ==========
[2023-11-16T13:10:02.323Z]     -- Configuring done
[2023-11-16T13:10:02.323Z]     -- Generating done
[2023-11-16T13:10:02.323Z]     -- Build files have been written to: /Volumes/DATA/local/S/jenkins/workspace/ECP/ecg-maya-hydra/ecg-maya-hydra-branch-preflight-python3-osx/build/Debug/googletest-config
[2023-11-16T13:10:02.323Z]     [1/8] Creating directories for 'googletest'
[2023-11-16T13:10:03.479Z]     [2/8] Performing download step (git clone) for 'googletest'
[2023-11-16T13:10:03.479Z]     Cloning into 'googletest-src'...
[2023-11-16T13:10:03.479Z]     HEAD is now at 703bd9ca Googletest export
[2023-11-16T13:10:03.479Z]     [3/8] Performing update step for 'googletest'
[2023-11-16T13:10:03.479Z]     [4/8] No patch step for 'googletest'
[2023-11-16T13:10:04.031Z]     [5/8] Performing configure step for 'googletest'
[2023-11-16T13:10:04.032Z]     Not searching for unused variables given on the command line.
[2023-11-16T13:10:04.032Z]     CMake Deprecation Warning at CMakeLists.txt:4 (cmake_minimum_required):
[2023-11-16T13:10:04.032Z]       Compatibility with CMake < 2.8.12 will be removed from a future version of
[2023-11-16T13:10:04.032Z]       CMake.
[2023-11-16T13:10:04.032Z]     
[2023-11-16T13:10:04.032Z]       Update the VERSION argument <min> value or use a ...<max> suffix to tell
[2023-11-16T13:10:04.032Z]       CMake that the project does not need compatibility with older versions.
[2023-11-16T13:10:04.032Z]     
[2023-11-16T13:10:04.032Z]     
[2023-11-16T13:10:04.032Z]     -- The C compiler identification is AppleClang 13.1.6.13160021
[2023-11-16T13:10:04.032Z]     -- The CXX compiler identification is AppleClang 13.1.6.13160021
[2023-11-16T13:10:04.032Z]     -- Detecting C compiler ABI info
[2023-11-16T13:10:04.032Z]     -- Detecting C compiler ABI info - done
[2023-11-16T13:10:04.032Z]     -- Check for working C compiler: /Applications/Xcode.app/Contents/Developer/Toolchains/XcodeDefault.xctoolchain/usr/bin/cc - skipped
[2023-11-16T13:10:04.032Z]     -- Detecting C compile features
[2023-11-16T13:10:04.032Z]     -- Detecting C compile features - done
[2023-11-16T13:10:04.032Z]     -- Detecting CXX compiler ABI info
[2023-11-16T13:10:04.032Z]     -- Detecting CXX compiler ABI info - done
[2023-11-16T13:10:04.032Z]     -- Check for working CXX compiler: /Applications/Xcode.app/Contents/Developer/Toolchains/XcodeDefault.xctoolchain/usr/bin/c++ - skipped
[2023-11-16T13:10:04.032Z]     -- Detecting CXX compile features
[2023-11-16T13:10:04.032Z]     -- Detecting CXX compile features - done
[2023-11-16T13:10:04.032Z]     CMake Deprecation Warning at googletest/CMakeLists.txt:56 (cmake_minimum_required):
[2023-11-16T13:10:04.032Z]       Compatibility with CMake < 2.8.12 will be removed from a future version of
[2023-11-16T13:10:04.032Z]       CMake.
[2023-11-16T13:10:04.032Z]     
[2023-11-16T13:10:04.032Z]       Update the VERSION argument <min> value or use a ...<max> suffix to tell
[2023-11-16T13:10:04.032Z]       CMake that the project does not need compatibility with older versions.
[2023-11-16T13:10:04.032Z]     
[2023-11-16T13:10:04.032Z]     
[2023-11-16T13:10:04.032Z]     -- Found PythonInterp: /usr/local/bin/python (found version "3.10.6")
[2023-11-16T13:10:04.032Z]     -- Looking for pthread.h
[2023-11-16T13:10:04.032Z]     -- Looking for pthread.h - found
[2023-11-16T13:10:04.032Z]     -- Performing Test CMAKE_HAVE_LIBC_PTHREAD
[2023-11-16T13:10:04.032Z]     -- Performing Test CMAKE_HAVE_LIBC_PTHREAD - Success
[2023-11-16T13:10:04.032Z]     -- Found Threads: TRUE
[2023-11-16T13:10:04.032Z]     -- Configuring done
[2023-11-16T13:10:04.032Z]     -- Generating done
[2023-11-16T13:10:04.032Z]     -- Build files have been written to: /Volumes/DATA/local/S/jenkins/workspace/ECP/ecg-maya-hydra/ecg-maya-hydra-branch-preflight-python3-osx/build/Debug/googletest-build
[2023-11-16T13:10:06.588Z]     [6/8] Performing build step for 'googletest'
[2023-11-16T13:10:06.588Z]     [1/4] Building CXX object googletest/CMakeFiles/gtest_main.dir/src/gtest_main.cc.o
[2023-11-16T13:10:06.588Z]     [2/4] Building CXX object googletest/CMakeFiles/gtest.dir/src/gtest-all.cc.o
[2023-11-16T13:10:06.588Z]     [3/4] Linking CXX shared library lib/libgtestd.dylib
[2023-11-16T13:10:06.588Z]     [4/4] Linking CXX shared library lib/libgtest_maind.dylib
[2023-11-16T13:10:06.588Z]     [7/8] Performing install step for 'googletest'
[2023-11-16T13:10:06.588Z]     [0/1] Install the project...
[2023-11-16T13:10:06.588Z]     -- Install configuration: "Debug"
[2023-11-16T13:10:06.588Z]     [8/8] Completed 'googletest'
[2023-11-16T13:10:06.588Z]     -- ========== ...  GoogleTest installed. ==========
[2023-11-16T13:10:06.588Z]     -- Found GTest: /Volumes/DATA/local/S/jenkins/workspace/ECP/ecg-maya-hydra/ecg-maya-hydra-branch-preflight-python3-osx/build/Debug/googletest-install/lib/libgtestd.dylib
[2023-11-16T13:10:06.588Z]     -- promoting: /Volumes/DATA/local/S/jenkins/workspace/ECP/ecg-maya-hydra/ecg-maya-hydra-branch-preflight-python3-osx/ecg-maya-hydra/maya-hydra/lib/mayaHydra/mayaPlugin/pluginUtils.h
[2023-11-16T13:10:06.588Z]     -- promoting: /Volumes/DATA/local/S/jenkins/workspace/ECP/ecg-maya-hydra/ecg-maya-hydra-branch-preflight-python3-osx/ecg-maya-hydra/maya-hydra/lib/mayaHydra/hydraExtensions/api.h
[2023-11-16T13:10:06.588Z]     -- promoting: /Volumes/DATA/local/S/jenkins/workspace/ECP/ecg-maya-hydra/ecg-maya-hydra-branch-preflight-python3-osx/ecg-maya-hydra/maya-hydra/lib/mayaHydra/hydraExtensions/debugCodes.h
[2023-11-16T13:10:06.588Z]     -- promoting: /Volumes/DATA/local/S/jenkins/workspace/ECP/ecg-maya-hydra/ecg-maya-hydra-branch-preflight-python3-osx/ecg-maya-hydra/maya-hydra/lib/mayaHydra/hydraExtensions/hydraUtils.h
[2023-11-16T13:10:06.588Z]     -- promoting: /Volumes/DATA/local/S/jenkins/workspace/ECP/ecg-maya-hydra/ecg-maya-hydra-branch-preflight-python3-osx/ecg-maya-hydra/maya-hydra/lib/mayaHydra/hydraExtensions/mayaHydraLibInterface.h
[2023-11-16T13:10:06.588Z]     -- promoting: /Volumes/DATA/local/S/jenkins/workspace/ECP/ecg-maya-hydra/ecg-maya-hydra-branch-preflight-python3-osx/ecg-maya-hydra/maya-hydra/lib/mayaHydra/hydraExtensions/mayaHydraLibInterfaceImp.h
[2023-11-16T13:10:06.588Z]     -- promoting: /Volumes/DATA/local/S/jenkins/workspace/ECP/ecg-maya-hydra/ecg-maya-hydra-branch-preflight-python3-osx/ecg-maya-hydra/maya-hydra/lib/mayaHydra/hydraExtensions/mayaUtils.h
[2023-11-16T13:10:06.588Z]     -- promoting: /Volumes/DATA/local/S/jenkins/workspace/ECP/ecg-maya-hydra/ecg-maya-hydra-branch-preflight-python3-osx/ecg-maya-hydra/maya-hydra/lib/mayaHydra/hydraExtensions/mixedUtils.h
[2023-11-16T13:10:06.588Z]     -- promoting: /Volumes/DATA/local/S/jenkins/workspace/ECP/ecg-maya-hydra/ecg-maya-hydra-branch-preflight-python3-osx/ecg-maya-hydra/maya-hydra/lib/mayaHydra/hydraExtensions/mayaHydraSceneProducer.h
[2023-11-16T13:10:06.588Z]     -- promoting: /Volumes/DATA/local/S/jenkins/workspace/ECP/ecg-maya-hydra/ecg-maya-hydra-branch-preflight-python3-osx/ecg-maya-hydra/maya-hydra/lib/mayaHydra/hydraExtensions/adapters/adapter.h
[2023-11-16T13:10:06.588Z]     -- promoting: /Volumes/DATA/local/S/jenkins/workspace/ECP/ecg-maya-hydra/ecg-maya-hydra-branch-preflight-python3-osx/ecg-maya-hydra/maya-hydra/lib/mayaHydra/hydraExtensions/adapters/adapterDebugCodes.h
[2023-11-16T13:10:06.588Z]     -- promoting: /Volumes/DATA/local/S/jenkins/workspace/ECP/ecg-maya-hydra/ecg-maya-hydra-branch-preflight-python3-osx/ecg-maya-hydra/maya-hydra/lib/mayaHydra/hydraExtensions/adapters/adapterRegistry.h
[2023-11-16T13:10:06.588Z]     -- promoting: /Volumes/DATA/local/S/jenkins/workspace/ECP/ecg-maya-hydra/ecg-maya-hydra-branch-preflight-python3-osx/ecg-maya-hydra/maya-hydra/lib/mayaHydra/hydraExtensions/adapters/cameraAdapter.h
[2023-11-16T13:10:06.588Z]     -- promoting: /Volumes/DATA/local/S/jenkins/workspace/ECP/ecg-maya-hydra/ecg-maya-hydra-branch-preflight-python3-osx/ecg-maya-hydra/maya-hydra/lib/mayaHydra/hydraExtensions/adapters/constantShadowMatrix.h
[2023-11-16T13:10:06.588Z]     -- promoting: /Volumes/DATA/local/S/jenkins/workspace/ECP/ecg-maya-hydra/ecg-maya-hydra-branch-preflight-python3-osx/ecg-maya-hydra/maya-hydra/lib/mayaHydra/hydraExtensions/adapters/dagAdapter.h
[2023-11-16T13:10:06.588Z]     -- promoting: /Volumes/DATA/local/S/jenkins/workspace/ECP/ecg-maya-hydra/ecg-maya-hydra-branch-preflight-python3-osx/ecg-maya-hydra/maya-hydra/lib/mayaHydra/hydraExtensions/adapters/renderItemAdapter.h
[2023-11-16T13:10:06.588Z]     -- promoting: /Volumes/DATA/local/S/jenkins/workspace/ECP/ecg-maya-hydra/ecg-maya-hydra-branch-preflight-python3-osx/ecg-maya-hydra/maya-hydra/lib/mayaHydra/hydraExtensions/adapters/lightAdapter.h
[2023-11-16T13:10:06.588Z]     -- promoting: /Volumes/DATA/local/S/jenkins/workspace/ECP/ecg-maya-hydra/ecg-maya-hydra-branch-preflight-python3-osx/ecg-maya-hydra/maya-hydra/lib/mayaHydra/hydraExtensions/adapters/materialAdapter.h
[2023-11-16T13:10:06.588Z]     -- promoting: /Volumes/DATA/local/S/jenkins/workspace/ECP/ecg-maya-hydra/ecg-maya-hydra-branch-preflight-python3-osx/ecg-maya-hydra/maya-hydra/lib/mayaHydra/hydraExtensions/adapters/materialNetworkConverter.h
[2023-11-16T13:10:06.588Z]     -- promoting: /Volumes/DATA/local/S/jenkins/workspace/ECP/ecg-maya-hydra/ecg-maya-hydra-branch-preflight-python3-osx/ecg-maya-hydra/maya-hydra/lib/mayaHydra/hydraExtensions/adapters/mayaAttrs.h
[2023-11-16T13:10:06.588Z]     -- promoting: /Volumes/DATA/local/S/jenkins/workspace/ECP/ecg-maya-hydra/ecg-maya-hydra-branch-preflight-python3-osx/ecg-maya-hydra/maya-hydra/lib/mayaHydra/hydraExtensions/adapters/shapeAdapter.h
[2023-11-16T13:10:06.588Z]     -- promoting: /Volumes/DATA/local/S/jenkins/workspace/ECP/ecg-maya-hydra/ecg-maya-hydra-branch-preflight-python3-osx/ecg-maya-hydra/maya-hydra/lib/mayaHydra/hydraExtensions/adapters/tokens.h
[2023-11-16T13:10:06.588Z]     -- promoting: /Volumes/DATA/local/S/jenkins/workspace/ECP/ecg-maya-hydra/ecg-maya-hydra-branch-preflight-python3-osx/ecg-maya-hydra/maya-hydra/lib/mayaHydra/hydraExtensions/delegates/delegate.h
[2023-11-16T13:10:06.588Z]     -- promoting: /Volumes/DATA/local/S/jenkins/workspace/ECP/ecg-maya-hydra/ecg-maya-hydra-branch-preflight-python3-osx/ecg-maya-hydra/maya-hydra/lib/mayaHydra/hydraExtensions/delegates/delegateCtx.h
[2023-11-16T13:10:06.588Z]     -- promoting: /Volumes/DATA/local/S/jenkins/workspace/ECP/ecg-maya-hydra/ecg-maya-hydra-branch-preflight-python3-osx/ecg-maya-hydra/maya-hydra/lib/mayaHydra/hydraExtensions/delegates/delegateDebugCodes.h
[2023-11-16T13:10:06.588Z]     -- promoting: /Volumes/DATA/local/S/jenkins/workspace/ECP/ecg-maya-hydra/ecg-maya-hydra-branch-preflight-python3-osx/ecg-maya-hydra/maya-hydra/lib/mayaHydra/hydraExtensions/delegates/delegateRegistry.h
[2023-11-16T13:10:06.588Z]     -- promoting: /Volumes/DATA/local/S/jenkins/workspace/ECP/ecg-maya-hydra/ecg-maya-hydra-branch-preflight-python3-osx/ecg-maya-hydra/maya-hydra/lib/mayaHydra/hydraExtensions/delegates/params.h
[2023-11-16T13:10:06.588Z]     -- promoting: /Volumes/DATA/local/S/jenkins/workspace/ECP/ecg-maya-hydra/ecg-maya-hydra-branch-preflight-python3-osx/ecg-maya-hydra/maya-hydra/lib/mayaHydra/hydraExtensions/delegates/sceneDelegate.h
[2023-11-16T13:10:06.588Z]     -- promoting: /Volumes/DATA/local/S/jenkins/workspace/ECP/ecg-maya-hydra/ecg-maya-hydra-branch-preflight-python3-osx/ecg-maya-hydra/maya-hydra/lib/mayaHydra/hydraExtensions/delegates/defaultLightDelegate.h
[2023-11-16T13:10:06.588Z]     -- promoting: /Volumes/DATA/local/S/jenkins/workspace/ECP/ecg-maya-hydra/ecg-maya-hydra-branch-preflight-python3-osx/ecg-maya-hydra/maya-hydra/lib/mayaHydra/hydraExtensions/delegates/testDelegate.h
[2023-11-16T13:10:06.588Z]     -- promoting: /Volumes/DATA/local/S/jenkins/workspace/ECP/ecg-maya-hydra/ecg-maya-hydra-branch-preflight-python3-osx/ecg-maya-hydra/maya-hydra/lib/mayaHydra/hydraExtensions/sceneIndex/registration.h
[2023-11-16T13:10:06.588Z]     -- promoting: /Volumes/DATA/local/S/jenkins/workspace/ECP/ecg-maya-hydra/ecg-maya-hydra-branch-preflight-python3-osx/ecg-maya-hydra/maya-hydra/lib/mayaHydra/hydraExtensions/sceneIndex/mayaHydraSceneIndex.h
[2023-11-16T13:10:06.588Z]     -- promoting: /Volumes/DATA/local/S/jenkins/workspace/ECP/ecg-maya-hydra/ecg-maya-hydra-branch-preflight-python3-osx/ecg-maya-hydra/maya-hydra/lib/mayaHydra/hydraExtensions/sceneIndex/mayaHydraDataSource.h
[2023-11-16T13:10:06.588Z]     -- promoting: /Volumes/DATA/local/S/jenkins/workspace/ECP/ecg-maya-hydra/ecg-maya-hydra-branch-preflight-python3-osx/ecg-maya-hydra/maya-hydra/lib/mayaHydra/hydraExtensions/sceneIndex/mayaHydraPrimvarDataSource.h
[2023-11-16T13:10:06.588Z]     -- promoting: /Volumes/DATA/local/S/jenkins/workspace/ECP/ecg-maya-hydra/ecg-maya-hydra-branch-preflight-python3-osx/ecg-maya-hydra/maya-hydra/lib/mayaHydra/hydraExtensions/sceneIndex/mayaHydraDisplayStyleDataSource.h
[2023-11-16T13:10:06.588Z]     -- promoting: /Volumes/DATA/local/S/jenkins/workspace/ECP/ecg-maya-hydra/ecg-maya-hydra-branch-preflight-python3-osx/ecg-maya-hydra/maya-hydra/lib/mayaHydra/hydraExtensions/sceneIndex/mayaHydraCameraDataSource.h
[2023-11-16T13:10:06.588Z]     -- promoting: /Volumes/DATA/local/S/jenkins/workspace/ECP/ecg-maya-hydra/ecg-maya-hydra-branch-preflight-python3-osx/ecg-maya-hydra/maya-hydra/lib/mayaHydra/hydraExtensions/sceneIndex/mayaHydraLightDataSource.h
[2023-11-16T13:10:06.588Z]     -- promoting: /Volumes/DATA/local/S/jenkins/workspace/ECP/ecg-maya-hydra/ecg-maya-hydra-branch-preflight-python3-osx/ecg-maya-hydra/maya-hydra/lib/mayaHydra/hydraExtensions/sceneIndex/mayaHydraDefaultLightDataSource.h
[2023-11-16T13:10:06.588Z]     -- promoting: /Volumes/DATA/local/S/jenkins/workspace/ECP/ecg-maya-hydra/ecg-maya-hydra-branch-preflight-python3-osx/ecg-maya-hydra/maya-hydra/lib/mayaHydra/ufeExtensions/api.h
[2023-11-16T13:10:06.588Z]     -- promoting: /Volumes/DATA/local/S/jenkins/workspace/ECP/ecg-maya-hydra/ecg-maya-hydra-branch-preflight-python3-osx/ecg-maya-hydra/maya-hydra/lib/mayaHydra/ufeExtensions/Global.h
[2023-11-16T13:10:06.588Z]     -- promoting: /Volumes/DATA/local/S/jenkins/workspace/ECP/ecg-maya-hydra/ecg-maya-hydra-branch-preflight-python3-osx/ecg-maya-hydra/maya-hydra/lib/flowViewport/api.h
[2023-11-16T13:10:06.588Z]     -- promoting: /Volumes/DATA/local/S/jenkins/workspace/ECP/ecg-maya-hydra/ecg-maya-hydra-branch-preflight-python3-osx/ecg-maya-hydra/maya-hydra/lib/flowViewport/debugCodes.h
[2023-11-16T13:10:06.588Z]     -- promoting: /Volumes/DATA/local/S/jenkins/workspace/ECP/ecg-maya-hydra/ecg-maya-hydra-branch-preflight-python3-osx/ecg-maya-hydra/maya-hydra/lib/flowViewport/global.h
[2023-11-16T13:10:06.588Z]     -- promoting: /Volumes/DATA/local/S/jenkins/workspace/ECP/ecg-maya-hydra/ecg-maya-hydra-branch-preflight-python3-osx/ecg-maya-hydra/maya-hydra/lib/flowViewport/tokens.h
[2023-11-16T13:10:06.588Z]     -- promoting: /Volumes/DATA/local/S/jenkins/workspace/ECP/ecg-maya-hydra/ecg-maya-hydra-branch-preflight-python3-osx/ecg-maya-hydra/maya-hydra/lib/flowViewport/colorPreferences/fvpColorChanged.h
[2023-11-16T13:10:06.588Z]     -- promoting: /Volumes/DATA/local/S/jenkins/workspace/ECP/ecg-maya-hydra/ecg-maya-hydra-branch-preflight-python3-osx/ecg-maya-hydra/maya-hydra/lib/flowViewport/colorPreferences/fvpColorPreferences.h
[2023-11-16T13:10:06.588Z]     -- promoting: /Volumes/DATA/local/S/jenkins/workspace/ECP/ecg-maya-hydra/ecg-maya-hydra-branch-preflight-python3-osx/ecg-maya-hydra/maya-hydra/lib/flowViewport/colorPreferences/fvpColorPreferencesTokens.h
[2023-11-16T13:10:06.588Z]     -- promoting: /Volumes/DATA/local/S/jenkins/workspace/ECP/ecg-maya-hydra/ecg-maya-hydra-branch-preflight-python3-osx/ecg-maya-hydra/maya-hydra/lib/flowViewport/colorPreferences/fvpColorPreferencesTranslator.h
[2023-11-16T13:10:06.588Z]     -- promoting: /Volumes/DATA/local/S/jenkins/workspace/ECP/ecg-maya-hydra/ecg-maya-hydra-branch-preflight-python3-osx/ecg-maya-hydra/maya-hydra/lib/flowViewport/sceneIndex/fvpMergingSceneIndex.h
[2023-11-16T13:10:06.588Z]     -- promoting: /Volumes/DATA/local/S/jenkins/workspace/ECP/ecg-maya-hydra/ecg-maya-hydra-branch-preflight-python3-osx/ecg-maya-hydra/maya-hydra/lib/flowViewport/sceneIndex/fvpPathInterface.h
[2023-11-16T13:10:06.588Z]     -- promoting: /Volumes/DATA/local/S/jenkins/workspace/ECP/ecg-maya-hydra/ecg-maya-hydra-branch-preflight-python3-osx/ecg-maya-hydra/maya-hydra/lib/flowViewport/sceneIndex/fvpPathInterfaceSceneIndex.h
[2023-11-16T13:10:06.588Z]     -- promoting: /Volumes/DATA/local/S/jenkins/workspace/ECP/ecg-maya-hydra/ecg-maya-hydra-branch-preflight-python3-osx/ecg-maya-hydra/maya-hydra/lib/flowViewport/sceneIndex/fvpRenderIndexProxy.h
[2023-11-16T13:10:06.588Z]     -- promoting: /Volumes/DATA/local/S/jenkins/workspace/ECP/ecg-maya-hydra/ecg-maya-hydra-branch-preflight-python3-osx/ecg-maya-hydra/maya-hydra/lib/flowViewport/sceneIndex/fvpSelectionSceneIndex.h
[2023-11-16T13:10:06.588Z]     -- promoting: /Volumes/DATA/local/S/jenkins/workspace/ECP/ecg-maya-hydra/ecg-maya-hydra-branch-preflight-python3-osx/ecg-maya-hydra/maya-hydra/lib/flowViewport/sceneIndex/fvpWireframeSelectionHighlightSceneIndex.h
[2023-11-16T13:10:06.588Z]     -- promoting: /Volumes/DATA/local/S/jenkins/workspace/ECP/ecg-maya-hydra/ecg-maya-hydra-branch-preflight-python3-osx/ecg-maya-hydra/maya-hydra/lib/flowViewport/API/fvpSelectionClient.h
[2023-11-16T13:10:06.588Z]     -- promoting: /Volumes/DATA/local/S/jenkins/workspace/ECP/ecg-maya-hydra/ecg-maya-hydra-branch-preflight-python3-osx/ecg-maya-hydra/maya-hydra/lib/flowViewport/API/fvpFlowSelectionInterface.h
[2023-11-16T13:10:06.588Z]     -- promoting: /Volumes/DATA/local/S/jenkins/workspace/ECP/ecg-maya-hydra/ecg-maya-hydra-branch-preflight-python3-osx/ecg-maya-hydra/maya-hydra/lib/flowViewport/API/fvpVersionInterface.h
[2023-11-16T13:10:06.588Z]     -- promoting: /Volumes/DATA/local/S/jenkins/workspace/ECP/ecg-maya-hydra/ecg-maya-hydra-branch-preflight-python3-osx/ecg-maya-hydra/maya-hydra/lib/flowViewport/API/fvpInformationInterface.h
[2023-11-16T13:10:06.588Z]     -- promoting: /Volumes/DATA/local/S/jenkins/workspace/ECP/ecg-maya-hydra/ecg-maya-hydra-branch-preflight-python3-osx/ecg-maya-hydra/maya-hydra/lib/flowViewport/API/fvpInformationClient.h
[2023-11-16T13:10:06.588Z]     -- promoting: /Volumes/DATA/local/S/jenkins/workspace/ECP/ecg-maya-hydra/ecg-maya-hydra-branch-preflight-python3-osx/ecg-maya-hydra/maya-hydra/lib/flowViewport/API/interfacesImp/fvpSelectionInterfaceImp.h
[2023-11-16T13:10:06.588Z]     -- promoting: /Volumes/DATA/local/S/jenkins/workspace/ECP/ecg-maya-hydra/ecg-maya-hydra-branch-preflight-python3-osx/ecg-maya-hydra/maya-hydra/lib/flowViewport/API/interfacesImp/fvpVersionInterfaceImp.h
[2023-11-16T13:10:06.588Z]     -- promoting: /Volumes/DATA/local/S/jenkins/workspace/ECP/ecg-maya-hydra/ecg-maya-hydra-branch-preflight-python3-osx/ecg-maya-hydra/maya-hydra/lib/flowViewport/API/interfacesImp/fvpInformationInterfaceImp.h
[2023-11-16T13:10:06.588Z]     -- promoting: /Volumes/DATA/local/S/jenkins/workspace/ECP/ecg-maya-hydra/ecg-maya-hydra-branch-preflight-python3-osx/ecg-maya-hydra/maya-hydra/lib/flowViewport/API/samples/fvpSelectionClientExample.h
[2023-11-16T13:10:06.588Z]     -- promoting: /Volumes/DATA/local/S/jenkins/workspace/ECP/ecg-maya-hydra/ecg-maya-hydra-branch-preflight-python3-osx/ecg-maya-hydra/maya-hydra/lib/flowViewport/API/samples/fvpInformationClientExample.h
[2023-11-16T13:10:06.588Z]     -- promoting: /Volumes/DATA/local/S/jenkins/workspace/ECP/ecg-maya-hydra/ecg-maya-hydra-branch-preflight-python3-osx/ecg-maya-hydra/maya-hydra/lib/flowViewport/API/perViewportSceneIndicesData/fvpViewportInformationAndSceneIndicesPerViewportData.h
[2023-11-16T13:10:06.588Z]     -- promoting: /Volumes/DATA/local/S/jenkins/workspace/ECP/ecg-maya-hydra/ecg-maya-hydra-branch-preflight-python3-osx/ecg-maya-hydra/maya-hydra/lib/flowViewport/API/perViewportSceneIndicesData/fvpViewportInformationAndSceneIndicesPerViewportDataManager.h
[2023-11-16T13:10:06.588Z]     -- promoting: /Volumes/DATA/local/S/jenkins/workspace/ECP/ecg-maya-hydra/ecg-maya-hydra-branch-preflight-python3-osx/ecg-maya-hydra/maya-hydra/lib/flowViewport/selection/fvpSelection.h
[2023-11-16T13:10:06.588Z]     -- promoting: /Volumes/DATA/local/S/jenkins/workspace/ECP/ecg-maya-hydra/ecg-maya-hydra-branch-preflight-python3-osx/ecg-maya-hydra/maya-hydra/lib/flowViewport/selection/fvpSelectionFwd.h
[2023-11-16T13:10:06.588Z]     -- promoting: /Volumes/DATA/local/S/jenkins/workspace/ECP/ecg-maya-hydra/ecg-maya-hydra-branch-preflight-python3-osx/ecg-maya-hydra/maya-hydra/lib/flowViewport/selection/fvpSelectionTask.h
[2023-11-16T13:10:06.588Z]     -- promoting: /Volumes/DATA/local/S/jenkins/workspace/ECP/ecg-maya-hydra/ecg-maya-hydra-branch-preflight-python3-osx/ecg-maya-hydra/maya-hydra/lib/flowViewport/selection/fvpSelectionTracker.h
[2023-11-16T13:10:08.421Z]     -- Configuring done
[2023-11-16T13:10:08.977Z]     -- Generating done
[2023-11-16T13:10:08.977Z]     CMake Warning:
[2023-11-16T13:10:08.977Z]       Manually-specified variables were not used by the project:
[2023-11-16T13:10:08.977Z]     
[2023-11-16T13:10:08.977Z]         BUILD_WITH_PYTHON_3
[2023-11-16T13:10:08.977Z]         MAYAHYDRA_BUILD_NUMBER
[2023-11-16T13:10:08.977Z]         MAYAHYDRA_GIT_BRANCH
[2023-11-16T13:10:08.977Z]         MAYAHYDRA_GIT_COMMIT
[2023-11-16T13:10:08.977Z]     
[2023-11-16T13:10:08.977Z]     
[2023-11-16T13:10:08.977Z]     -- Build files have been written to: /Volumes/DATA/local/S/jenkins/workspace/ECP/ecg-maya-hydra/ecg-maya-hydra-branch-preflight-python3-osx/build/Debug
[2023-11-16T13:10:08.977Z]     
[2023-11-16T13:10:08.977Z]         Building with settings:
[2023-11-16T13:10:08.977Z]           Source directory          /Volumes/DATA/local/S/jenkins/workspace/ECP/ecg-maya-hydra/ecg-maya-hydra-branch-preflight-python3-osx/ecg-maya-hydra/maya-hydra
[2023-11-16T13:10:08.977Z]           Workspace directory       /local/S/jenkins/workspace/ECP/ecg-maya-hydra/ecg-maya-hydra-branch-preflight-python3-osx
[2023-11-16T13:10:08.977Z]           Build directory           /local/S/jenkins/workspace/ECP/ecg-maya-hydra/ecg-maya-hydra-branch-preflight-python3-osx/build/Debug
[2023-11-16T13:10:08.977Z]           Install directory         /local/S/jenkins/workspace/ECP/ecg-maya-hydra/ecg-maya-hydra-branch-preflight-python3-osx/install/Debug/MayaHydra
[2023-11-16T13:10:08.977Z]           Variant                   Debug
[2023-11-16T13:10:08.977Z]           Python Debug              Off
[2023-11-16T13:10:08.977Z]           CMake generator           Ninja
[2023-11-16T13:10:08.977Z]           Build arguments           ['-DCMAKE_MAKE_PROGRAM=/local/S/jenkins/workspace/shared/Artifactory/OSX/ninja/1.10.2/95d0ca5/ninja', '-DPYTHON_INCLUDE_DIR=/local/S/jenkins/workspace/shared/Artifactory/OSX/rundev-master-debug/202310260154/runtime/3fe4f1c/runTime/Maya.app/Contents/Frameworks/Python.framework/Versions/Current/include/python3.10', '-DPython_EXECUTABLE=/local/S/jenkins/workspace/shared/Artifactory/OSX/rundev-master-debug/202310260154/runtime/3fe4f1c/runTime/Maya.app/Contents/bin/mayapy', '-DPYTHON_LIBRARIES=/local/S/jenkins/workspace/shared/Artifactory/OSX/rundev-master-debug/202310260154/runtime/3fe4f1c/runTime/Maya.app/Contents/Frameworks/Python.framework/Versions/Current/lib/libpython3.10.dylib', '-DBUILD_WITH_PYTHON_3=ON', '-DBUILD_WITH_PYTHON_3_VERSION=3.10', '-DBUILD_UB2=ON', '-DCMAKE_WANT_MATERIALX_BUILD=ON', '-DCMAKE_PREFIX_PATH=/local/S/jenkins/workspace/shared/Artifactory/OSX/USD/a9d0dd1', '-DMAYAHYDRA_BUILD_NUMBER=401', '-DMAYAHYDRA_GIT_COMMIT=ec1adbcb663ba0620f97086097d51cc6f06a4681', '-DMAYAHYDRA_GIT_BRANCH=master']
[2023-11-16T13:10:08.977Z]           Stages arguments          ['configure']
[2023-11-16T13:10:08.977Z]           CTest arguments           ['--parallel 8']
[2023-11-16T13:10:08.977Z]     STATUS: Could not find Maya Qt6.
[2023-11-16T13:10:08.977Z]     STATUS:   Extracting '/local/S/jenkins/workspace/shared/Artifactory/OSX/rundev-master-debug/202310260154/runtime/3fe4f1c/devkitBase/Qt.tgz' to '/local/S/jenkins/workspace/shared/Artifactory/OSX/rundev-master-debug/202310260154/runtime/3fe4f1c/devkitBase'
[2023-11-16T13:10:08.977Z]     Success MayaHydra build and install !!!!
[2023-11-16T13:10:08.977Z]     Elapsed time: 00:00:10
[Pipeline] sh
[2023-11-16T13:10:10.337Z] + python ecg-maya-hydra/build.py --stages=configure --workspace-dir=/local/S/jenkins/workspace/ECP/ecg-maya-hydra/ecg-maya-hydra-branch-preflight-python3-osx --artifactory-dir=/local/S/jenkins/workspace/shared/Artifactory --build-dir=/local/S/jenkins/workspace/ECP/ecg-maya-hydra/ecg-maya-hydra-branch-preflight-python3-osx/build --install-dir=/local/S/jenkins/workspace/ECP/ecg-maya-hydra/ecg-maya-hydra-branch-preflight-python3-osx/install --signing-dir=/local/S/jenkins/workspace/ECP/ecg-maya-hydra/ecg-maya-hydra-branch-preflight-python3-osx/signing --package-dir=/local/S/jenkins/workspace/ECP/ecg-maya-hydra/ecg-maya-hydra-branch-preflight-python3-osx/package --output-dir=/local/S/jenkins/workspace/ECP/ecg-maya-hydra/ecg-maya-hydra-branch-preflight-python3-osx/output --stash-dir=/local/S/jenkins/workspace/ECP/ecg-maya-hydra/ecg-maya-hydra-branch-preflight-python3-osx/stash --jenkins-build=401 --git-commit=ec1adbcb663ba0620f97086097d51cc6f06a4681 --git-branch=master --variants=RelWithDebInfo --interactive-tests=true --post-zips=false --osx-binary-architecture-target=ub2 --osx-deployment-target=11.0 --osx-base-sdk=CurrentActiveSDK --maya-cut-config=maya-rundev-master.yaml --maya-package=rundev-master --stage-banner
[2023-11-16T13:10:10.337Z] Using Maya cut from /local/S/jenkins/workspace/shared/Artifactory/OSX/rundev-master/202311060140/runtime/e9a5ae1
[2023-11-16T13:10:10.337Z] Using Maya ADSK Signatures from /local/S/jenkins/workspace/shared/Artifactory/OSX/adsk-plugin-signatures-maya/2023/3ae1ae7
[2023-11-16T13:10:10.337Z] Using Maya Security Library from /local/S/jenkins/workspace/shared/Artifactory/OSX/maya-security-library/3.4.0/5e08f3e
[2023-11-16T13:10:10.337Z] 
[2023-11-16T13:10:10.337Z] ================================================================================
[2023-11-16T13:10:10.337Z]                            configure (RelWithDebInfo)
[2023-11-16T13:10:10.337Z] ================================================================================
[2023-11-16T13:10:10.337Z] Maya Python RelWithDebInfo Info:
[2023-11-16T13:10:10.337Z]   mayapy executable   = /local/S/jenkins/workspace/shared/Artifactory/OSX/rundev-master/202311060140/runtime/e9a5ae1/runTime/Maya.app/Contents/bin/mayapy
[2023-11-16T13:10:10.337Z]   Include Folder      = /local/S/jenkins/workspace/shared/Artifactory/OSX/rundev-master/202311060140/runtime/e9a5ae1/runTime/Maya.app/Contents/Frameworks/Python.framework/Versions/Current/include/python3.10
[2023-11-16T13:10:10.337Z]   Library             = /local/S/jenkins/workspace/shared/Artifactory/OSX/rundev-master/202311060140/runtime/e9a5ae1/runTime/Maya.app/Contents/Frameworks/Python.framework/Versions/Current/lib/libpython3.10.dylib
[2023-11-16T13:10:10.337Z]   site-package Folder = /local/S/jenkins/workspace/shared/Artifactory/OSX/rundev-master/202311060140/runtime/e9a5ae1/runTime/Maya.app/Contents/Frameworks/Python.framework/Versions/Current/lib/python3.10/site-packages
[2023-11-16T13:10:10.337Z] In workdir: /Volumes/DATA/local/S/jenkins/workspace/ECP/ecg-maya-hydra/ecg-maya-hydra-branch-preflight-python3-osx/ecg-maya-hydra/maya-hydra
[2023-11-16T13:10:10.337Z] Executing: arch -arch arm64 /local/S/jenkins/workspace/shared/Artifactory/OSX/rundev-master/202311060140/runtime/e9a5ae1/runTime/Maya.app/Contents/bin/mayapy /Volumes/DATA/local/S/jenkins/workspace/ECP/ecg-maya-hydra/ecg-maya-hydra-branch-preflight-python3-osx/ecg-maya-hydra/maya-hydra/build.py --generator Ninja --build-relwithdebug --maya-location /local/S/jenkins/workspace/shared/Artifactory/OSX/rundev-master/202311060140/runtime/e9a5ae1/runTime --devkit-location /local/S/jenkins/workspace/shared/Artifactory/OSX/rundev-master/202311060140/runtime/e9a5ae1/devkitBase --pxrusd-location /local/S/jenkins/workspace/shared/Artifactory/OSX/USD/b595ab2 --build-args=-DCMAKE_MAKE_PROGRAM=/local/S/jenkins/workspace/shared/Artifactory/OSX/ninja/1.10.2/95d0ca5/ninja,-DPYTHON_INCLUDE_DIR=/local/S/jenkins/workspace/shared/Artifactory/OSX/rundev-master/202311060140/runtime/e9a5ae1/runTime/Maya.app/Contents/Frameworks/Python.framework/Versions/Current/include/python3.10,-DPython_EXECUTABLE=/local/S/jenkins/workspace/shared/Artifactory/OSX/rundev-master/202311060140/runtime/e9a5ae1/runTime/Maya.app/Contents/bin/mayapy,-DPYTHON_LIBRARIES=/local/S/jenkins/workspace/shared/Artifactory/OSX/rundev-master/202311060140/runtime/e9a5ae1/runTime/Maya.app/Contents/Frameworks/Python.framework/Versions/Current/lib/libpython3.10.dylib,-DBUILD_WITH_PYTHON_3=ON,-DBUILD_WITH_PYTHON_3_VERSION=3.10,-DBUILD_UB2=ON,-DCMAKE_WANT_MATERIALX_BUILD=ON,-DCMAKE_PREFIX_PATH=/local/S/jenkins/workspace/shared/Artifactory/OSX/USD/b595ab2,-DMAYAHYDRA_BUILD_NUMBER=401,-DMAYAHYDRA_GIT_COMMIT=ec1adbcb663ba0620f97086097d51cc6f06a4681,-DMAYAHYDRA_GIT_BRANCH=master '--ctest-args=--parallel 8' --stages=configure --redirect-outstream-file=False --install-location /local/S/jenkins/workspace/ECP/ecg-maya-hydra/ecg-maya-hydra-branch-preflight-python3-osx/install/RelWithDebInfo/MayaHydra /local/S/jenkins/workspace/ECP/ecg-maya-hydra/ecg-maya-hydra-branch-preflight-python3-osx
[2023-11-16T13:10:10.337Z] Modified environment variables:
[2023-11-16T13:10:10.337Z]     PATH=/local/S/jenkins/workspace/shared/Artifactory/OSX/cmake/3.20.3/2594509/bin:/opt/homebrew/bin:/usr/local/bin:/bin:/usr/sbin:/sbin:/usr/bin:/usr/bin:/bin:/usr/sbin:/sbin
[2023-11-16T13:10:21.720Z]     -- The C compiler identification is AppleClang 13.1.6.13160021
[2023-11-16T13:10:21.721Z]     -- The CXX compiler identification is AppleClang 13.1.6.13160021
[2023-11-16T13:10:21.721Z]     -- Detecting C compiler ABI info
[2023-11-16T13:10:21.721Z]     -- Detecting C compiler ABI info - done
[2023-11-16T13:10:21.721Z]     -- Check for working C compiler: /Applications/Xcode.app/Contents/Developer/Toolchains/XcodeDefault.xctoolchain/usr/bin/cc - skipped
[2023-11-16T13:10:21.721Z]     -- Detecting C compile features
[2023-11-16T13:10:21.721Z]     -- Detecting C compile features - done
[2023-11-16T13:10:21.721Z]     -- Detecting CXX compiler ABI info
[2023-11-16T13:10:21.721Z]     -- Detecting CXX compiler ABI info - done
[2023-11-16T13:10:21.721Z]     -- Check for working CXX compiler: /Applications/Xcode.app/Contents/Developer/Toolchains/XcodeDefault.xctoolchain/usr/bin/c++ - skipped
[2023-11-16T13:10:21.721Z]     -- Detecting CXX compile features
[2023-11-16T13:10:21.721Z]     -- Detecting CXX compile features - done
[2023-11-16T13:10:21.721Z]     -- Building with Universal Binary 2
[2023-11-16T13:10:22.882Z]     -- Using Maya Light API Version 3
[2023-11-16T13:10:22.882Z]     -- Maya has setDefaultMaterialHandling API
[2023-11-16T13:10:22.882Z]     -- Maya has new point snapping API
[2023-11-16T13:10:22.882Z]     -- Maya has isInCrashHandler API
[2023-11-16T13:10:22.882Z]     -- Maya has getDisplayStyleOfAllViewports API
[2023-11-16T13:10:22.882Z]     -- Maya array iterator has difference_type trait
[2023-11-16T13:10:22.882Z]     -- MFnSet has getMemberPaths function
[2023-11-16T13:10:22.882Z]     -- MFnDisplayLayer exists
[2023-11-16T13:10:22.882Z]     -- MDisplayLayerMessage has MDisplayLayerMemberChangedFunction
[2023-11-16T13:10:22.882Z]     -- MRenderItem has HideOnPlayback API
[2023-11-16T13:10:22.882Z]     -- MacOSX: Maya was built with Universal Binary 2 (x86_64/arm64)
[2023-11-16T13:10:22.882Z]     -- Found Maya: /local/S/jenkins/workspace/shared/Artifactory/OSX/rundev-master/202311060140/runtime/e9a5ae1/runTime/maya.app/Contents/MacOS/Maya (found suitable version "2025", minimum required is "2024")
[2023-11-16T13:10:22.882Z]     -- Found Python: /local/S/jenkins/workspace/shared/Artifactory/OSX/rundev-master/202311060140/runtime/e9a5ae1/runTime/Maya.app/Contents/bin/mayapy (found suitable exact version "3.10.8") found components: Interpreter
[2023-11-16T13:10:22.882Z]     -- Build mayaHydra with Python3 = 3.10
[2023-11-16T13:10:22.882Z]     --    PYTHON_INCLUDE_DIRS = /local/S/jenkins/workspace/shared/Artifactory/OSX/rundev-master/202311060140/runtime/e9a5ae1/runTime/Maya.app/Contents/Frameworks/Python.framework/Versions/Current/include/python3.10
[2023-11-16T13:10:22.882Z]     --    PYTHON_LIBRARIES    = /local/S/jenkins/workspace/shared/Artifactory/OSX/rundev-master/202311060140/runtime/e9a5ae1/runTime/Maya.app/Contents/Frameworks/Python.framework/Versions/Current/lib/libpython3.10.dylib
[2023-11-16T13:10:22.882Z]     --    Python_EXECUTABLE   = /local/S/jenkins/workspace/shared/Artifactory/OSX/rundev-master/202311060140/runtime/e9a5ae1/runTime/Maya.app/Contents/bin/mayapy
[2023-11-16T13:10:22.882Z]     -- Found Python3: /local/S/jenkins/workspace/shared/Artifactory/OSX/rundev-master/202311060140/runtime/e9a5ae1/runTime/Maya.app/Contents/Frameworks/Python.framework/Versions/Current/include/python3.10 (found suitable exact version "3.10.8") found components: Development Development.Module Development.Embed
[2023-11-16T13:10:22.882Z]     -- USD has new Sdr.PropertyTypes.Color4
[2023-11-16T13:10:22.882Z]     -- USD has MaterialX metadata support
[2023-11-16T13:10:22.882Z]     -- USD include dir: /local/S/jenkins/workspace/shared/Artifactory/OSX/USD/b595ab2/include
[2023-11-16T13:10:22.882Z]     -- USD library dir: /local/S/jenkins/workspace/shared/Artifactory/OSX/USD/b595ab2/lib
[2023-11-16T13:10:22.882Z]     -- USD version: 0.23.8
[2023-11-16T13:10:22.882Z]     -- Found USD: /local/S/jenkins/workspace/shared/Artifactory/OSX/USD/b595ab2 (found suitable version "0.23.8", minimum required is "0.22.11")
[2023-11-16T13:10:22.882Z]     Updated PYTHONPATH: /local/S/jenkins/workspace/shared/Artifactory/OSX/USD/b595ab2/lib/python
[2023-11-16T13:10:22.882Z]     -- Found UFE: /local/S/jenkins/workspace/shared/Artifactory/OSX/rundev-master/202311060140/runtime/e9a5ae1/devkitBase/devkit/ufe/include (found version "0.5.11")
[2023-11-16T13:10:22.882Z]     -- UFE include dir: /local/S/jenkins/workspace/shared/Artifactory/OSX/rundev-master/202311060140/runtime/e9a5ae1/devkitBase/devkit/ufe/include
[2023-11-16T13:10:22.882Z]     -- UFE library: /local/S/jenkins/workspace/shared/Artifactory/OSX/rundev-master/202311060140/runtime/e9a5ae1/devkitBase/devkit/ufe/lib/libufe_0.dylib
[2023-11-16T13:10:22.882Z]     -- UFE version: 0.5.11
[2023-11-16T13:10:22.882Z]     -- Maya has UFE lights API
[2023-11-16T13:10:22.882Z]     -- Maya has UFE scene segment API
[2023-11-16T13:10:22.882Z]     -- Maya has UFE TrieNode childrenComponents accessor
[2023-11-16T13:10:22.882Z]     -- Building with UFE 0.5.11.
[2023-11-16T13:10:22.882Z]     -- Found MaterialX
[2023-11-16T13:10:23.435Z]     -- Performing Test HAVE_STDATOMIC
[2023-11-16T13:10:23.435Z]     -- Performing Test HAVE_STDATOMIC - Success
[2023-11-16T13:10:23.435Z]     -- Found OpenGL: /Applications/Xcode.app/Contents/Developer/Platforms/MacOSX.platform/Developer/SDKs/MacOSX12.3.sdk/System/Library/Frameworks/OpenGL.framework
[2023-11-16T13:10:23.435Z]     -- Check if linker can resolve circular dependencies - TRUE
[2023-11-16T13:10:23.435Z]     -- Found Qt 6.5.2 in Maya devkit. Hydra Scene Browser will be built.
[2023-11-16T13:10:23.435Z]     -- **** Building Gulrak From Github Repository.
[2023-11-16T13:10:23.435Z]     -- Populating gulrak
[2023-11-16T13:10:23.435Z]     -- Configuring done
[2023-11-16T13:10:23.435Z]     -- Generating done
[2023-11-16T13:10:23.435Z]     -- Build files have been written to: /Volumes/DATA/local/S/jenkins/workspace/ECP/ecg-maya-hydra/ecg-maya-hydra-branch-preflight-python3-osx/build/RelWithDebInfo/_deps/gulrak-subbuild
[2023-11-16T13:10:23.435Z]     [1/9] Creating directories for 'gulrak-populate'
[2023-11-16T13:10:23.435Z]     [1/9] Performing download step (git clone) for 'gulrak-populate'
[2023-11-16T13:10:23.435Z]     Cloning into 'gulrak-src'...
[2023-11-16T13:10:23.987Z]     HEAD is now at 4e21ab3 Version bump and updated readme.
[2023-11-16T13:10:23.987Z]     [2/9] Performing update step for 'gulrak-populate'
[2023-11-16T13:10:23.987Z]     [4/9] No patch step for 'gulrak-populate'
[2023-11-16T13:10:23.987Z]     [5/9] No configure step for 'gulrak-populate'
[2023-11-16T13:10:23.987Z]     [6/9] No build step for 'gulrak-populate'
[2023-11-16T13:10:23.987Z]     [7/9] No install step for 'gulrak-populate'
[2023-11-16T13:10:23.987Z]     [8/9] No test step for 'gulrak-populate'
[2023-11-16T13:10:23.987Z]     [9/9] Completed 'gulrak-populate'
[2023-11-16T13:10:23.987Z]     -- ========== Installing GoogleTest... ==========
[2023-11-16T13:10:23.987Z]     -- Configuring done
[2023-11-16T13:10:23.987Z]     -- Generating done
[2023-11-16T13:10:23.987Z]     -- Build files have been written to: /Volumes/DATA/local/S/jenkins/workspace/ECP/ecg-maya-hydra/ecg-maya-hydra-branch-preflight-python3-osx/build/RelWithDebInfo/googletest-config
[2023-11-16T13:10:24.539Z]     [1/8] Creating directories for 'googletest'
[2023-11-16T13:10:25.091Z]     [2/8] Performing download step (git clone) for 'googletest'
[2023-11-16T13:10:25.091Z]     Cloning into 'googletest-src'...
[2023-11-16T13:10:25.091Z]     HEAD is now at 703bd9ca Googletest export
[2023-11-16T13:10:25.091Z]     [3/8] Performing update step for 'googletest'
[2023-11-16T13:10:25.091Z]     [4/8] No patch step for 'googletest'
[2023-11-16T13:10:25.643Z]     [5/8] Performing configure step for 'googletest'
[2023-11-16T13:10:25.643Z]     Not searching for unused variables given on the command line.
[2023-11-16T13:10:25.643Z]     CMake Deprecation Warning at CMakeLists.txt:4 (cmake_minimum_required):
[2023-11-16T13:10:25.643Z]       Compatibility with CMake < 2.8.12 will be removed from a future version of
[2023-11-16T13:10:25.643Z]       CMake.
[2023-11-16T13:10:25.643Z]     
[2023-11-16T13:10:25.643Z]       Update the VERSION argument <min> value or use a ...<max> suffix to tell
[2023-11-16T13:10:25.643Z]       CMake that the project does not need compatibility with older versions.
[2023-11-16T13:10:25.643Z]     
[2023-11-16T13:10:25.643Z]     
[2023-11-16T13:10:25.643Z]     -- The C compiler identification is AppleClang 13.1.6.13160021
[2023-11-16T13:10:25.643Z]     -- The CXX compiler identification is AppleClang 13.1.6.13160021
[2023-11-16T13:10:25.643Z]     -- Detecting C compiler ABI info
[2023-11-16T13:10:25.643Z]     -- Detecting C compiler ABI info - done
[2023-11-16T13:10:25.643Z]     -- Check for working C compiler: /Applications/Xcode.app/Contents/Developer/Toolchains/XcodeDefault.xctoolchain/usr/bin/cc - skipped
[2023-11-16T13:10:25.643Z]     -- Detecting C compile features
[2023-11-16T13:10:25.643Z]     -- Detecting C compile features - done
[2023-11-16T13:10:25.643Z]     -- Detecting CXX compiler ABI info
[2023-11-16T13:10:25.643Z]     -- Detecting CXX compiler ABI info - done
[2023-11-16T13:10:25.643Z]     -- Check for working CXX compiler: /Applications/Xcode.app/Contents/Developer/Toolchains/XcodeDefault.xctoolchain/usr/bin/c++ - skipped
[2023-11-16T13:10:25.643Z]     -- Detecting CXX compile features
[2023-11-16T13:10:25.643Z]     -- Detecting CXX compile features - done
[2023-11-16T13:10:25.643Z]     CMake Deprecation Warning at googletest/CMakeLists.txt:56 (cmake_minimum_required):
[2023-11-16T13:10:25.643Z]       Compatibility with CMake < 2.8.12 will be removed from a future version of
[2023-11-16T13:10:25.643Z]       CMake.
[2023-11-16T13:10:25.643Z]     
[2023-11-16T13:10:25.643Z]       Update the VERSION argument <min> value or use a ...<max> suffix to tell
[2023-11-16T13:10:25.643Z]       CMake that the project does not need compatibility with older versions.
[2023-11-16T13:10:25.643Z]     
[2023-11-16T13:10:25.643Z]     
[2023-11-16T13:10:25.643Z]     -- Found PythonInterp: /usr/local/bin/python (found version "3.10.6")
[2023-11-16T13:10:25.643Z]     -- Looking for pthread.h
[2023-11-16T13:10:25.643Z]     -- Looking for pthread.h - found
[2023-11-16T13:10:25.643Z]     -- Performing Test CMAKE_HAVE_LIBC_PTHREAD
[2023-11-16T13:10:25.643Z]     -- Performing Test CMAKE_HAVE_LIBC_PTHREAD - Success
[2023-11-16T13:10:25.643Z]     -- Found Threads: TRUE
[2023-11-16T13:10:25.643Z]     -- Configuring done
[2023-11-16T13:10:25.643Z]     -- Generating done
[2023-11-16T13:10:25.643Z]     -- Build files have been written to: /Volumes/DATA/local/S/jenkins/workspace/ECP/ecg-maya-hydra/ecg-maya-hydra-branch-preflight-python3-osx/build/RelWithDebInfo/googletest-build
[2023-11-16T13:10:33.568Z]     [6/8] Performing build step for 'googletest'
[2023-11-16T13:10:33.568Z]     [1/4] Building CXX object googletest/CMakeFiles/gtest_main.dir/src/gtest_main.cc.o
[2023-11-16T13:10:33.568Z]     [2/4] Building CXX object googletest/CMakeFiles/gtest.dir/src/gtest-all.cc.o
[2023-11-16T13:10:33.568Z]     [3/4] Linking CXX shared library lib/libgtest.dylib
[2023-11-16T13:10:33.568Z]     [4/4] Linking CXX shared library lib/libgtest_main.dylib
[2023-11-16T13:10:33.568Z]     [7/8] Performing install step for 'googletest'
[2023-11-16T13:10:33.568Z]     [0/1] Install the project...
[2023-11-16T13:10:33.568Z]     -- Install configuration: "RelWithDebInfo"
[2023-11-16T13:10:33.568Z]     [8/8] Completed 'googletest'
[2023-11-16T13:10:33.568Z]     -- ========== ...  GoogleTest installed. ==========
[2023-11-16T13:10:33.568Z]     -- Found GTest: /Volumes/DATA/local/S/jenkins/workspace/ECP/ecg-maya-hydra/ecg-maya-hydra-branch-preflight-python3-osx/build/RelWithDebInfo/googletest-install/lib/libgtest.dylib
[2023-11-16T13:10:33.568Z]     -- promoting: /Volumes/DATA/local/S/jenkins/workspace/ECP/ecg-maya-hydra/ecg-maya-hydra-branch-preflight-python3-osx/ecg-maya-hydra/maya-hydra/lib/mayaHydra/mayaPlugin/pluginUtils.h
[2023-11-16T13:10:33.568Z]     -- promoting: /Volumes/DATA/local/S/jenkins/workspace/ECP/ecg-maya-hydra/ecg-maya-hydra-branch-preflight-python3-osx/ecg-maya-hydra/maya-hydra/lib/mayaHydra/hydraExtensions/api.h
[2023-11-16T13:10:33.568Z]     -- promoting: /Volumes/DATA/local/S/jenkins/workspace/ECP/ecg-maya-hydra/ecg-maya-hydra-branch-preflight-python3-osx/ecg-maya-hydra/maya-hydra/lib/mayaHydra/hydraExtensions/debugCodes.h
[2023-11-16T13:10:33.568Z]     -- promoting: /Volumes/DATA/local/S/jenkins/workspace/ECP/ecg-maya-hydra/ecg-maya-hydra-branch-preflight-python3-osx/ecg-maya-hydra/maya-hydra/lib/mayaHydra/hydraExtensions/hydraUtils.h
[2023-11-16T13:10:33.568Z]     -- promoting: /Volumes/DATA/local/S/jenkins/workspace/ECP/ecg-maya-hydra/ecg-maya-hydra-branch-preflight-python3-osx/ecg-maya-hydra/maya-hydra/lib/mayaHydra/hydraExtensions/mayaHydraLibInterface.h
[2023-11-16T13:10:33.568Z]     -- promoting: /Volumes/DATA/local/S/jenkins/workspace/ECP/ecg-maya-hydra/ecg-maya-hydra-branch-preflight-python3-osx/ecg-maya-hydra/maya-hydra/lib/mayaHydra/hydraExtensions/mayaHydraLibInterfaceImp.h
[2023-11-16T13:10:33.568Z]     -- promoting: /Volumes/DATA/local/S/jenkins/workspace/ECP/ecg-maya-hydra/ecg-maya-hydra-branch-preflight-python3-osx/ecg-maya-hydra/maya-hydra/lib/mayaHydra/hydraExtensions/mayaUtils.h
[2023-11-16T13:10:33.568Z]     -- promoting: /Volumes/DATA/local/S/jenkins/workspace/ECP/ecg-maya-hydra/ecg-maya-hydra-branch-preflight-python3-osx/ecg-maya-hydra/maya-hydra/lib/mayaHydra/hydraExtensions/mixedUtils.h
[2023-11-16T13:10:33.568Z]     -- promoting: /Volumes/DATA/local/S/jenkins/workspace/ECP/ecg-maya-hydra/ecg-maya-hydra-branch-preflight-python3-osx/ecg-maya-hydra/maya-hydra/lib/mayaHydra/hydraExtensions/mayaHydraSceneProducer.h
[2023-11-16T13:10:33.568Z]     -- promoting: /Volumes/DATA/local/S/jenkins/workspace/ECP/ecg-maya-hydra/ecg-maya-hydra-branch-preflight-python3-osx/ecg-maya-hydra/maya-hydra/lib/mayaHydra/hydraExtensions/adapters/adapter.h
[2023-11-16T13:10:33.568Z]     -- promoting: /Volumes/DATA/local/S/jenkins/workspace/ECP/ecg-maya-hydra/ecg-maya-hydra-branch-preflight-python3-osx/ecg-maya-hydra/maya-hydra/lib/mayaHydra/hydraExtensions/adapters/adapterDebugCodes.h
[2023-11-16T13:10:33.568Z]     -- promoting: /Volumes/DATA/local/S/jenkins/workspace/ECP/ecg-maya-hydra/ecg-maya-hydra-branch-preflight-python3-osx/ecg-maya-hydra/maya-hydra/lib/mayaHydra/hydraExtensions/adapters/adapterRegistry.h
[2023-11-16T13:10:33.568Z]     -- promoting: /Volumes/DATA/local/S/jenkins/workspace/ECP/ecg-maya-hydra/ecg-maya-hydra-branch-preflight-python3-osx/ecg-maya-hydra/maya-hydra/lib/mayaHydra/hydraExtensions/adapters/cameraAdapter.h
[2023-11-16T13:10:33.568Z]     -- promoting: /Volumes/DATA/local/S/jenkins/workspace/ECP/ecg-maya-hydra/ecg-maya-hydra-branch-preflight-python3-osx/ecg-maya-hydra/maya-hydra/lib/mayaHydra/hydraExtensions/adapters/constantShadowMatrix.h
[2023-11-16T13:10:33.568Z]     -- promoting: /Volumes/DATA/local/S/jenkins/workspace/ECP/ecg-maya-hydra/ecg-maya-hydra-branch-preflight-python3-osx/ecg-maya-hydra/maya-hydra/lib/mayaHydra/hydraExtensions/adapters/dagAdapter.h
[2023-11-16T13:10:33.568Z]     -- promoting: /Volumes/DATA/local/S/jenkins/workspace/ECP/ecg-maya-hydra/ecg-maya-hydra-branch-preflight-python3-osx/ecg-maya-hydra/maya-hydra/lib/mayaHydra/hydraExtensions/adapters/renderItemAdapter.h
[2023-11-16T13:10:33.568Z]     -- promoting: /Volumes/DATA/local/S/jenkins/workspace/ECP/ecg-maya-hydra/ecg-maya-hydra-branch-preflight-python3-osx/ecg-maya-hydra/maya-hydra/lib/mayaHydra/hydraExtensions/adapters/lightAdapter.h
[2023-11-16T13:10:33.568Z]     -- promoting: /Volumes/DATA/local/S/jenkins/workspace/ECP/ecg-maya-hydra/ecg-maya-hydra-branch-preflight-python3-osx/ecg-maya-hydra/maya-hydra/lib/mayaHydra/hydraExtensions/adapters/materialAdapter.h
[2023-11-16T13:10:33.568Z]     -- promoting: /Volumes/DATA/local/S/jenkins/workspace/ECP/ecg-maya-hydra/ecg-maya-hydra-branch-preflight-python3-osx/ecg-maya-hydra/maya-hydra/lib/mayaHydra/hydraExtensions/adapters/materialNetworkConverter.h
[2023-11-16T13:10:33.568Z]     -- promoting: /Volumes/DATA/local/S/jenkins/workspace/ECP/ecg-maya-hydra/ecg-maya-hydra-branch-preflight-python3-osx/ecg-maya-hydra/maya-hydra/lib/mayaHydra/hydraExtensions/adapters/mayaAttrs.h
[2023-11-16T13:10:33.568Z]     -- promoting: /Volumes/DATA/local/S/jenkins/workspace/ECP/ecg-maya-hydra/ecg-maya-hydra-branch-preflight-python3-osx/ecg-maya-hydra/maya-hydra/lib/mayaHydra/hydraExtensions/adapters/shapeAdapter.h
[2023-11-16T13:10:33.568Z]     -- promoting: /Volumes/DATA/local/S/jenkins/workspace/ECP/ecg-maya-hydra/ecg-maya-hydra-branch-preflight-python3-osx/ecg-maya-hydra/maya-hydra/lib/mayaHydra/hydraExtensions/adapters/tokens.h
[2023-11-16T13:10:33.568Z]     -- promoting: /Volumes/DATA/local/S/jenkins/workspace/ECP/ecg-maya-hydra/ecg-maya-hydra-branch-preflight-python3-osx/ecg-maya-hydra/maya-hydra/lib/mayaHydra/hydraExtensions/delegates/delegate.h
[2023-11-16T13:10:33.568Z]     -- promoting: /Volumes/DATA/local/S/jenkins/workspace/ECP/ecg-maya-hydra/ecg-maya-hydra-branch-preflight-python3-osx/ecg-maya-hydra/maya-hydra/lib/mayaHydra/hydraExtensions/delegates/delegateCtx.h
[2023-11-16T13:10:33.568Z]     -- promoting: /Volumes/DATA/local/S/jenkins/workspace/ECP/ecg-maya-hydra/ecg-maya-hydra-branch-preflight-python3-osx/ecg-maya-hydra/maya-hydra/lib/mayaHydra/hydraExtensions/delegates/delegateDebugCodes.h
[2023-11-16T13:10:33.568Z]     -- promoting: /Volumes/DATA/local/S/jenkins/workspace/ECP/ecg-maya-hydra/ecg-maya-hydra-branch-preflight-python3-osx/ecg-maya-hydra/maya-hydra/lib/mayaHydra/hydraExtensions/delegates/delegateRegistry.h
[2023-11-16T13:10:33.568Z]     -- promoting: /Volumes/DATA/local/S/jenkins/workspace/ECP/ecg-maya-hydra/ecg-maya-hydra-branch-preflight-python3-osx/ecg-maya-hydra/maya-hydra/lib/mayaHydra/hydraExtensions/delegates/params.h
[2023-11-16T13:10:33.568Z]     -- promoting: /Volumes/DATA/local/S/jenkins/workspace/ECP/ecg-maya-hydra/ecg-maya-hydra-branch-preflight-python3-osx/ecg-maya-hydra/maya-hydra/lib/mayaHydra/hydraExtensions/delegates/sceneDelegate.h
[2023-11-16T13:10:33.568Z]     -- promoting: /Volumes/DATA/local/S/jenkins/workspace/ECP/ecg-maya-hydra/ecg-maya-hydra-branch-preflight-python3-osx/ecg-maya-hydra/maya-hydra/lib/mayaHydra/hydraExtensions/delegates/defaultLightDelegate.h
[2023-11-16T13:10:33.568Z]     -- promoting: /Volumes/DATA/local/S/jenkins/workspace/ECP/ecg-maya-hydra/ecg-maya-hydra-branch-preflight-python3-osx/ecg-maya-hydra/maya-hydra/lib/mayaHydra/hydraExtensions/delegates/testDelegate.h
[2023-11-16T13:10:33.568Z]     -- promoting: /Volumes/DATA/local/S/jenkins/workspace/ECP/ecg-maya-hydra/ecg-maya-hydra-branch-preflight-python3-osx/ecg-maya-hydra/maya-hydra/lib/mayaHydra/hydraExtensions/sceneIndex/registration.h
[2023-11-16T13:10:33.568Z]     -- promoting: /Volumes/DATA/local/S/jenkins/workspace/ECP/ecg-maya-hydra/ecg-maya-hydra-branch-preflight-python3-osx/ecg-maya-hydra/maya-hydra/lib/mayaHydra/hydraExtensions/sceneIndex/mayaHydraSceneIndex.h
[2023-11-16T13:10:33.568Z]     -- promoting: /Volumes/DATA/local/S/jenkins/workspace/ECP/ecg-maya-hydra/ecg-maya-hydra-branch-preflight-python3-osx/ecg-maya-hydra/maya-hydra/lib/mayaHydra/hydraExtensions/sceneIndex/mayaHydraDataSource.h
[2023-11-16T13:10:33.568Z]     -- promoting: /Volumes/DATA/local/S/jenkins/workspace/ECP/ecg-maya-hydra/ecg-maya-hydra-branch-preflight-python3-osx/ecg-maya-hydra/maya-hydra/lib/mayaHydra/hydraExtensions/sceneIndex/mayaHydraPrimvarDataSource.h
[2023-11-16T13:10:33.568Z]     -- promoting: /Volumes/DATA/local/S/jenkins/workspace/ECP/ecg-maya-hydra/ecg-maya-hydra-branch-preflight-python3-osx/ecg-maya-hydra/maya-hydra/lib/mayaHydra/hydraExtensions/sceneIndex/mayaHydraDisplayStyleDataSource.h
[2023-11-16T13:10:33.568Z]     -- promoting: /Volumes/DATA/local/S/jenkins/workspace/ECP/ecg-maya-hydra/ecg-maya-hydra-branch-preflight-python3-osx/ecg-maya-hydra/maya-hydra/lib/mayaHydra/hydraExtensions/sceneIndex/mayaHydraCameraDataSource.h
[2023-11-16T13:10:33.568Z]     -- promoting: /Volumes/DATA/local/S/jenkins/workspace/ECP/ecg-maya-hydra/ecg-maya-hydra-branch-preflight-python3-osx/ecg-maya-hydra/maya-hydra/lib/mayaHydra/hydraExtensions/sceneIndex/mayaHydraLightDataSource.h
[2023-11-16T13:10:33.568Z]     -- promoting: /Volumes/DATA/local/S/jenkins/workspace/ECP/ecg-maya-hydra/ecg-maya-hydra-branch-preflight-python3-osx/ecg-maya-hydra/maya-hydra/lib/mayaHydra/hydraExtensions/sceneIndex/mayaHydraDefaultLightDataSource.h
[2023-11-16T13:10:33.568Z]     -- promoting: /Volumes/DATA/local/S/jenkins/workspace/ECP/ecg-maya-hydra/ecg-maya-hydra-branch-preflight-python3-osx/ecg-maya-hydra/maya-hydra/lib/mayaHydra/ufeExtensions/api.h
[2023-11-16T13:10:33.568Z]     -- promoting: /Volumes/DATA/local/S/jenkins/workspace/ECP/ecg-maya-hydra/ecg-maya-hydra-branch-preflight-python3-osx/ecg-maya-hydra/maya-hydra/lib/mayaHydra/ufeExtensions/Global.h
[2023-11-16T13:10:33.568Z]     -- promoting: /Volumes/DATA/local/S/jenkins/workspace/ECP/ecg-maya-hydra/ecg-maya-hydra-branch-preflight-python3-osx/ecg-maya-hydra/maya-hydra/lib/flowViewport/api.h
[2023-11-16T13:10:33.568Z]     -- promoting: /Volumes/DATA/local/S/jenkins/workspace/ECP/ecg-maya-hydra/ecg-maya-hydra-branch-preflight-python3-osx/ecg-maya-hydra/maya-hydra/lib/flowViewport/debugCodes.h
[2023-11-16T13:10:33.568Z]     -- promoting: /Volumes/DATA/local/S/jenkins/workspace/ECP/ecg-maya-hydra/ecg-maya-hydra-branch-preflight-python3-osx/ecg-maya-hydra/maya-hydra/lib/flowViewport/global.h
[2023-11-16T13:10:33.569Z]     -- promoting: /Volumes/DATA/local/S/jenkins/workspace/ECP/ecg-maya-hydra/ecg-maya-hydra-branch-preflight-python3-osx/ecg-maya-hydra/maya-hydra/lib/flowViewport/tokens.h
[2023-11-16T13:10:33.569Z]     -- promoting: /Volumes/DATA/local/S/jenkins/workspace/ECP/ecg-maya-hydra/ecg-maya-hydra-branch-preflight-python3-osx/ecg-maya-hydra/maya-hydra/lib/flowViewport/colorPreferences/fvpColorChanged.h
[2023-11-16T13:10:33.569Z]     -- promoting: /Volumes/DATA/local/S/jenkins/workspace/ECP/ecg-maya-hydra/ecg-maya-hydra-branch-preflight-python3-osx/ecg-maya-hydra/maya-hydra/lib/flowViewport/colorPreferences/fvpColorPreferences.h
[2023-11-16T13:10:33.569Z]     -- promoting: /Volumes/DATA/local/S/jenkins/workspace/ECP/ecg-maya-hydra/ecg-maya-hydra-branch-preflight-python3-osx/ecg-maya-hydra/maya-hydra/lib/flowViewport/colorPreferences/fvpColorPreferencesTokens.h
[2023-11-16T13:10:33.569Z]     -- promoting: /Volumes/DATA/local/S/jenkins/workspace/ECP/ecg-maya-hydra/ecg-maya-hydra-branch-preflight-python3-osx/ecg-maya-hydra/maya-hydra/lib/flowViewport/colorPreferences/fvpColorPreferencesTranslator.h
[2023-11-16T13:10:33.569Z]     -- promoting: /Volumes/DATA/local/S/jenkins/workspace/ECP/ecg-maya-hydra/ecg-maya-hydra-branch-preflight-python3-osx/ecg-maya-hydra/maya-hydra/lib/flowViewport/sceneIndex/fvpMergingSceneIndex.h
[2023-11-16T13:10:33.569Z]     -- promoting: /Volumes/DATA/local/S/jenkins/workspace/ECP/ecg-maya-hydra/ecg-maya-hydra-branch-preflight-python3-osx/ecg-maya-hydra/maya-hydra/lib/flowViewport/sceneIndex/fvpPathInterface.h
[2023-11-16T13:10:33.569Z]     -- promoting: /Volumes/DATA/local/S/jenkins/workspace/ECP/ecg-maya-hydra/ecg-maya-hydra-branch-preflight-python3-osx/ecg-maya-hydra/maya-hydra/lib/flowViewport/sceneIndex/fvpPathInterfaceSceneIndex.h
[2023-11-16T13:10:33.569Z]     -- promoting: /Volumes/DATA/local/S/jenkins/workspace/ECP/ecg-maya-hydra/ecg-maya-hydra-branch-preflight-python3-osx/ecg-maya-hydra/maya-hydra/lib/flowViewport/sceneIndex/fvpRenderIndexProxy.h
[2023-11-16T13:10:33.569Z]     -- promoting: /Volumes/DATA/local/S/jenkins/workspace/ECP/ecg-maya-hydra/ecg-maya-hydra-branch-preflight-python3-osx/ecg-maya-hydra/maya-hydra/lib/flowViewport/sceneIndex/fvpSelectionSceneIndex.h
[2023-11-16T13:10:33.569Z]     -- promoting: /Volumes/DATA/local/S/jenkins/workspace/ECP/ecg-maya-hydra/ecg-maya-hydra-branch-preflight-python3-osx/ecg-maya-hydra/maya-hydra/lib/flowViewport/sceneIndex/fvpWireframeSelectionHighlightSceneIndex.h
[2023-11-16T13:10:33.569Z]     -- promoting: /Volumes/DATA/local/S/jenkins/workspace/ECP/ecg-maya-hydra/ecg-maya-hydra-branch-preflight-python3-osx/ecg-maya-hydra/maya-hydra/lib/flowViewport/API/fvpSelectionClient.h
[2023-11-16T13:10:33.569Z]     -- promoting: /Volumes/DATA/local/S/jenkins/workspace/ECP/ecg-maya-hydra/ecg-maya-hydra-branch-preflight-python3-osx/ecg-maya-hydra/maya-hydra/lib/flowViewport/API/fvpFlowSelectionInterface.h
[2023-11-16T13:10:33.569Z]     -- promoting: /Volumes/DATA/local/S/jenkins/workspace/ECP/ecg-maya-hydra/ecg-maya-hydra-branch-preflight-python3-osx/ecg-maya-hydra/maya-hydra/lib/flowViewport/API/fvpVersionInterface.h
[2023-11-16T13:10:33.569Z]     -- promoting: /Volumes/DATA/local/S/jenkins/workspace/ECP/ecg-maya-hydra/ecg-maya-hydra-branch-preflight-python3-osx/ecg-maya-hydra/maya-hydra/lib/flowViewport/API/fvpInformationInterface.h
[2023-11-16T13:10:33.569Z]     -- promoting: /Volumes/DATA/local/S/jenkins/workspace/ECP/ecg-maya-hydra/ecg-maya-hydra-branch-preflight-python3-osx/ecg-maya-hydra/maya-hydra/lib/flowViewport/API/fvpInformationClient.h
[2023-11-16T13:10:33.569Z]     -- promoting: /Volumes/DATA/local/S/jenkins/workspace/ECP/ecg-maya-hydra/ecg-maya-hydra-branch-preflight-python3-osx/ecg-maya-hydra/maya-hydra/lib/flowViewport/API/interfacesImp/fvpSelectionInterfaceImp.h
[2023-11-16T13:10:33.569Z]     -- promoting: /Volumes/DATA/local/S/jenkins/workspace/ECP/ecg-maya-hydra/ecg-maya-hydra-branch-preflight-python3-osx/ecg-maya-hydra/maya-hydra/lib/flowViewport/API/interfacesImp/fvpVersionInterfaceImp.h
[2023-11-16T13:10:33.569Z]     -- promoting: /Volumes/DATA/local/S/jenkins/workspace/ECP/ecg-maya-hydra/ecg-maya-hydra-branch-preflight-python3-osx/ecg-maya-hydra/maya-hydra/lib/flowViewport/API/interfacesImp/fvpInformationInterfaceImp.h
[2023-11-16T13:10:33.569Z]     -- promoting: /Volumes/DATA/local/S/jenkins/workspace/ECP/ecg-maya-hydra/ecg-maya-hydra-branch-preflight-python3-osx/ecg-maya-hydra/maya-hydra/lib/flowViewport/API/samples/fvpSelectionClientExample.h
[2023-11-16T13:10:33.569Z]     -- promoting: /Volumes/DATA/local/S/jenkins/workspace/ECP/ecg-maya-hydra/ecg-maya-hydra-branch-preflight-python3-osx/ecg-maya-hydra/maya-hydra/lib/flowViewport/API/samples/fvpInformationClientExample.h
[2023-11-16T13:10:33.569Z]     -- promoting: /Volumes/DATA/local/S/jenkins/workspace/ECP/ecg-maya-hydra/ecg-maya-hydra-branch-preflight-python3-osx/ecg-maya-hydra/maya-hydra/lib/flowViewport/API/perViewportSceneIndicesData/fvpViewportInformationAndSceneIndicesPerViewportData.h
[2023-11-16T13:10:33.569Z]     -- promoting: /Volumes/DATA/local/S/jenkins/workspace/ECP/ecg-maya-hydra/ecg-maya-hydra-branch-preflight-python3-osx/ecg-maya-hydra/maya-hydra/lib/flowViewport/API/perViewportSceneIndicesData/fvpViewportInformationAndSceneIndicesPerViewportDataManager.h
[2023-11-16T13:10:33.569Z]     -- promoting: /Volumes/DATA/local/S/jenkins/workspace/ECP/ecg-maya-hydra/ecg-maya-hydra-branch-preflight-python3-osx/ecg-maya-hydra/maya-hydra/lib/flowViewport/selection/fvpSelection.h
[2023-11-16T13:10:33.569Z]     -- promoting: /Volumes/DATA/local/S/jenkins/workspace/ECP/ecg-maya-hydra/ecg-maya-hydra-branch-preflight-python3-osx/ecg-maya-hydra/maya-hydra/lib/flowViewport/selection/fvpSelectionFwd.h
[2023-11-16T13:10:33.569Z]     -- promoting: /Volumes/DATA/local/S/jenkins/workspace/ECP/ecg-maya-hydra/ecg-maya-hydra-branch-preflight-python3-osx/ecg-maya-hydra/maya-hydra/lib/flowViewport/selection/fvpSelectionTask.h
[2023-11-16T13:10:33.569Z]     -- promoting: /Volumes/DATA/local/S/jenkins/workspace/ECP/ecg-maya-hydra/ecg-maya-hydra-branch-preflight-python3-osx/ecg-maya-hydra/maya-hydra/lib/flowViewport/selection/fvpSelectionTracker.h
[2023-11-16T13:10:34.730Z]     -- Configuring done
[2023-11-16T13:10:34.730Z]     -- Generating done
[2023-11-16T13:10:34.730Z]     CMake Warning:
[2023-11-16T13:10:34.730Z]       Manually-specified variables were not used by the project:
[2023-11-16T13:10:34.730Z]     
[2023-11-16T13:10:34.730Z]         BUILD_WITH_PYTHON_3
[2023-11-16T13:10:34.730Z]         MAYAHYDRA_BUILD_NUMBER
[2023-11-16T13:10:34.730Z]         MAYAHYDRA_GIT_BRANCH
[2023-11-16T13:10:34.730Z]         MAYAHYDRA_GIT_COMMIT
[2023-11-16T13:10:34.730Z]     
[2023-11-16T13:10:34.730Z]     
[2023-11-16T13:10:34.730Z]     -- Build files have been written to: /Volumes/DATA/local/S/jenkins/workspace/ECP/ecg-maya-hydra/ecg-maya-hydra-branch-preflight-python3-osx/build/RelWithDebInfo
[2023-11-16T13:10:34.730Z]     
[2023-11-16T13:10:34.730Z]         Building with settings:
[2023-11-16T13:10:34.730Z]           Source directory          /Volumes/DATA/local/S/jenkins/workspace/ECP/ecg-maya-hydra/ecg-maya-hydra-branch-preflight-python3-osx/ecg-maya-hydra/maya-hydra
[2023-11-16T13:10:34.730Z]           Workspace directory       /local/S/jenkins/workspace/ECP/ecg-maya-hydra/ecg-maya-hydra-branch-preflight-python3-osx
[2023-11-16T13:10:34.730Z]           Build directory           /local/S/jenkins/workspace/ECP/ecg-maya-hydra/ecg-maya-hydra-branch-preflight-python3-osx/build/RelWithDebInfo
[2023-11-16T13:10:34.730Z]           Install directory         /local/S/jenkins/workspace/ECP/ecg-maya-hydra/ecg-maya-hydra-branch-preflight-python3-osx/install/RelWithDebInfo/MayaHydra
[2023-11-16T13:10:34.730Z]           Variant                   RelWithDebInfo
[2023-11-16T13:10:34.730Z]           Python Debug              Off
[2023-11-16T13:10:34.730Z]           CMake generator           Ninja
[2023-11-16T13:10:34.730Z]           Build arguments           ['-DCMAKE_MAKE_PROGRAM=/local/S/jenkins/workspace/shared/Artifactory/OSX/ninja/1.10.2/95d0ca5/ninja', '-DPYTHON_INCLUDE_DIR=/local/S/jenkins/workspace/shared/Artifactory/OSX/rundev-master/202311060140/runtime/e9a5ae1/runTime/Maya.app/Contents/Frameworks/Python.framework/Versions/Current/include/python3.10', '-DPython_EXECUTABLE=/local/S/jenkins/workspace/shared/Artifactory/OSX/rundev-master/202311060140/runtime/e9a5ae1/runTime/Maya.app/Contents/bin/mayapy', '-DPYTHON_LIBRARIES=/local/S/jenkins/workspace/shared/Artifactory/OSX/rundev-master/202311060140/runtime/e9a5ae1/runTime/Maya.app/Contents/Frameworks/Python.framework/Versions/Current/lib/libpython3.10.dylib', '-DBUILD_WITH_PYTHON_3=ON', '-DBUILD_WITH_PYTHON_3_VERSION=3.10', '-DBUILD_UB2=ON', '-DCMAKE_WANT_MATERIALX_BUILD=ON', '-DCMAKE_PREFIX_PATH=/local/S/jenkins/workspace/shared/Artifactory/OSX/USD/b595ab2', '-DMAYAHYDRA_BUILD_NUMBER=401', '-DMAYAHYDRA_GIT_COMMIT=ec1adbcb663ba0620f97086097d51cc6f06a4681', '-DMAYAHYDRA_GIT_BRANCH=master']
[2023-11-16T13:10:34.730Z]           Stages arguments          ['configure']
[2023-11-16T13:10:34.730Z]           CTest arguments           ['--parallel 8']
[2023-11-16T13:10:34.730Z]     STATUS: Could not find Maya Qt6.
[2023-11-16T13:10:34.730Z]     STATUS:   Extracting '/local/S/jenkins/workspace/shared/Artifactory/OSX/rundev-master/202311060140/runtime/e9a5ae1/devkitBase/Qt.tgz' to '/local/S/jenkins/workspace/shared/Artifactory/OSX/rundev-master/202311060140/runtime/e9a5ae1/devkitBase'
[2023-11-16T13:10:34.730Z]     Success MayaHydra build and install !!!!
[2023-11-16T13:10:34.730Z]     Elapsed time: 00:00:13
[Pipeline] }
[Pipeline] // withEnv
[Pipeline] }
[Pipeline] // timeout
[Pipeline] }
[Pipeline] // stage
[Pipeline] }
[Pipeline] // timestamps
[Pipeline] timestamps
[Pipeline] {
[Pipeline] stage
[Pipeline] { (Build)
[Pipeline] timeout
[2023-11-16T13:10:35.098Z] Timeout set to expire in 6 hr 0 min
[Pipeline] {
[Pipeline] withEnv
[Pipeline] {
[Pipeline] sh
[2023-11-16T13:10:36.250Z] + python ecg-maya-hydra/build.py --stages=build --workspace-dir=/local/S/jenkins/workspace/ECP/ecg-maya-hydra/ecg-maya-hydra-branch-preflight-python3-osx --artifactory-dir=/local/S/jenkins/workspace/shared/Artifactory --build-dir=/local/S/jenkins/workspace/ECP/ecg-maya-hydra/ecg-maya-hydra-branch-preflight-python3-osx/build --install-dir=/local/S/jenkins/workspace/ECP/ecg-maya-hydra/ecg-maya-hydra-branch-preflight-python3-osx/install --signing-dir=/local/S/jenkins/workspace/ECP/ecg-maya-hydra/ecg-maya-hydra-branch-preflight-python3-osx/signing --package-dir=/local/S/jenkins/workspace/ECP/ecg-maya-hydra/ecg-maya-hydra-branch-preflight-python3-osx/package --output-dir=/local/S/jenkins/workspace/ECP/ecg-maya-hydra/ecg-maya-hydra-branch-preflight-python3-osx/output --stash-dir=/local/S/jenkins/workspace/ECP/ecg-maya-hydra/ecg-maya-hydra-branch-preflight-python3-osx/stash --jenkins-build=401 --git-commit=ec1adbcb663ba0620f97086097d51cc6f06a4681 --git-branch=master --variants=Debug --interactive-tests=true --post-zips=false --osx-binary-architecture-target=ub2 --osx-deployment-target=11.0 --osx-base-sdk=CurrentActiveSDK --build-retry=3 --maya-cut-config=maya-rundev-master-debug.yaml --maya-package=rundev-master-debug --stage-banner
[2023-11-16T13:10:36.250Z] Using Maya cut from /local/S/jenkins/workspace/shared/Artifactory/OSX/rundev-master-debug/202310260154/runtime/3fe4f1c
[2023-11-16T13:10:36.250Z] Using Maya ADSK Signatures from /local/S/jenkins/workspace/shared/Artifactory/OSX/adsk-plugin-signatures-maya/2023/3ae1ae7
[2023-11-16T13:10:36.250Z] Using Maya Security Library from /local/S/jenkins/workspace/shared/Artifactory/OSX/maya-security-library/3.4.0/5e08f3e
[2023-11-16T13:10:36.250Z] 
[2023-11-16T13:10:36.250Z] ================================================================================
[2023-11-16T13:10:36.250Z]                                  build (Debug)
[2023-11-16T13:10:36.250Z] ================================================================================
[2023-11-16T13:10:36.250Z] Maya Python Debug Info:
[2023-11-16T13:10:36.250Z]   mayapy executable   = /local/S/jenkins/workspace/shared/Artifactory/OSX/rundev-master-debug/202310260154/runtime/3fe4f1c/runTime/Maya.app/Contents/bin/mayapy
[2023-11-16T13:10:36.250Z]   Include Folder      = /local/S/jenkins/workspace/shared/Artifactory/OSX/rundev-master-debug/202310260154/runtime/3fe4f1c/runTime/Maya.app/Contents/Frameworks/Python.framework/Versions/Current/include/python3.10
[2023-11-16T13:10:36.250Z]   Library             = /local/S/jenkins/workspace/shared/Artifactory/OSX/rundev-master-debug/202310260154/runtime/3fe4f1c/runTime/Maya.app/Contents/Frameworks/Python.framework/Versions/Current/lib/libpython3.10.dylib
[2023-11-16T13:10:36.251Z]   site-package Folder = /local/S/jenkins/workspace/shared/Artifactory/OSX/rundev-master-debug/202310260154/runtime/3fe4f1c/runTime/Maya.app/Contents/Frameworks/Python.framework/Versions/Current/lib/python3.10/site-packages
[2023-11-16T13:10:36.821Z] In workdir: /Volumes/DATA/local/S/jenkins/workspace/ECP/ecg-maya-hydra/ecg-maya-hydra-branch-preflight-python3-osx/ecg-maya-hydra/maya-hydra
[2023-11-16T13:10:36.821Z] Executing: arch -arch arm64 /local/S/jenkins/workspace/shared/Artifactory/OSX/rundev-master-debug/202310260154/runtime/3fe4f1c/runTime/Maya.app/Contents/bin/mayapy /Volumes/DATA/local/S/jenkins/workspace/ECP/ecg-maya-hydra/ecg-maya-hydra-branch-preflight-python3-osx/ecg-maya-hydra/maya-hydra/build.py --generator Ninja --build-debug --maya-location /local/S/jenkins/workspace/shared/Artifactory/OSX/rundev-master-debug/202310260154/runtime/3fe4f1c/runTime --devkit-location /local/S/jenkins/workspace/shared/Artifactory/OSX/rundev-master-debug/202310260154/runtime/3fe4f1c/devkitBase --pxrusd-location /local/S/jenkins/workspace/shared/Artifactory/OSX/USD/a9d0dd1 --build-args=-DCMAKE_MAKE_PROGRAM=/local/S/jenkins/workspace/shared/Artifactory/OSX/ninja/1.10.2/95d0ca5/ninja,-DPYTHON_INCLUDE_DIR=/local/S/jenkins/workspace/shared/Artifactory/OSX/rundev-master-debug/202310260154/runtime/3fe4f1c/runTime/Maya.app/Contents/Frameworks/Python.framework/Versions/Current/include/python3.10,-DPython_EXECUTABLE=/local/S/jenkins/workspace/shared/Artifactory/OSX/rundev-master-debug/202310260154/runtime/3fe4f1c/runTime/Maya.app/Contents/bin/mayapy,-DPYTHON_LIBRARIES=/local/S/jenkins/workspace/shared/Artifactory/OSX/rundev-master-debug/202310260154/runtime/3fe4f1c/runTime/Maya.app/Contents/Frameworks/Python.framework/Versions/Current/lib/libpython3.10.dylib,-DBUILD_WITH_PYTHON_3=ON,-DBUILD_WITH_PYTHON_3_VERSION=3.10,-DBUILD_UB2=ON,-DCMAKE_WANT_MATERIALX_BUILD=ON,-DCMAKE_PREFIX_PATH=/local/S/jenkins/workspace/shared/Artifactory/OSX/USD/a9d0dd1,-DMAYAHYDRA_BUILD_NUMBER=401,-DMAYAHYDRA_GIT_COMMIT=ec1adbcb663ba0620f97086097d51cc6f06a4681,-DMAYAHYDRA_GIT_BRANCH=master '--ctest-args=--parallel 8' --stages=build --redirect-outstream-file=False --install-location /local/S/jenkins/workspace/ECP/ecg-maya-hydra/ecg-maya-hydra-branch-preflight-python3-osx/install/Debug/MayaHydra /local/S/jenkins/workspace/ECP/ecg-maya-hydra/ecg-maya-hydra-branch-preflight-python3-osx
[2023-11-16T13:10:36.821Z] Modified environment variables:
[2023-11-16T13:10:36.821Z]     PATH=/local/S/jenkins/workspace/shared/Artifactory/OSX/cmake/3.20.3/2594509/bin:/opt/homebrew/bin:/usr/local/bin:/bin:/usr/sbin:/sbin:/usr/bin:/usr/bin:/bin:/usr/sbin:/sbin
[2023-11-16T13:10:38.308Z]     [1/105] Building CXX object test/lib/mayaUsd/render/mayaToHydra/cpp/CMakeFiles/mayaHydraCppTests.dir/testCppFramework.cpp.o
[2023-11-16T13:10:38.308Z]     [2/105] Building CXX object test/lib/mayaUsd/render/mayaToHydra/cpp/CMakeFiles/mayaHydraCppTests.dir/mayaHydraCppTestsCmd.cpp.o
[2023-11-16T13:10:39.511Z]     [3/105] Building CXX object test/lib/mayaUsd/render/mayaToHydra/cpp/CMakeFiles/mayaHydraCppTests.dir/testColorPreferences.cpp.o
[2023-11-16T13:10:40.076Z]     [4/105] Building CXX object lib/mayaHydra/mayaPlugin/CMakeFiles/mayaHydra.dir/colorNotFoundException.cpp.o
[2023-11-16T13:10:41.281Z]     [5/105] Building CXX object test/lib/mayaUsd/render/mayaToHydra/cpp/CMakeFiles/mayaHydraCppTests.dir/testUtils.cpp.o
[2023-11-16T13:10:41.854Z]     [6/105] Building CXX object lib/mayaHydra/mayaPlugin/CMakeFiles/mayaHydra.dir/mayaColorPreferencesTranslator.cpp.o
[2023-11-16T13:10:42.434Z]     [7/105] Building CXX object test/lib/mayaUsd/render/mayaToHydra/cpp/CMakeFiles/mayaHydraCppTests.dir/testMayaUsdUfeItems.cpp.o
[2023-11-16T13:10:42.434Z]     [8/105] Building CXX object test/lib/mayaUsd/render/mayaToHydra/cpp/CMakeFiles/mayaHydraCppTests.dir/testMayaSceneFlattening.cpp.o
[2023-11-16T13:10:42.434Z]     [9/105] Building CXX object test/lib/mayaUsd/render/mayaToHydra/cpp/CMakeFiles/mayaHydraCppTests.dir/testWireframeSelectionHighlightSceneIndex.cpp.o
[2023-11-16T13:10:42.434Z]     [10/105] Building CXX object test/lib/mayaUsd/render/mayaToHydra/cpp/CMakeFiles/mayaHydraCppTests.dir/testFlowViewportAPIViewportInformation.cpp.o
[2023-11-16T13:10:43.003Z]     [11/105] Building CXX object lib/mayaHydra/mayaPlugin/CMakeFiles/mayaHydra.dir/pluginDebugCodes.cpp.o
[2023-11-16T13:10:43.575Z]     [12/105] Building CXX object test/lib/mayaUsd/render/mayaToHydra/cpp/CMakeFiles/mayaHydraCppTests.dir/testSelectionSceneIndex.cpp.o
[2023-11-16T13:10:43.575Z]     [13/105] Building CXX object lib/mayaHydra/mayaPlugin/CMakeFiles/mayaHydra.dir/tokens.cpp.o
[2023-11-16T13:10:44.168Z]     [14/105] Building CXX object lib/mayaHydra/hydraExtensions/CMakeFiles/mayaHydraLib.dir/debugCodes.cpp.o
[2023-11-16T13:10:44.745Z]     [15/105] Building CXX object test/lib/mayaUsd/render/mayaToHydra/cpp/CMakeFiles/mayaHydraCppTests.dir/testMergingSceneIndex.cpp.o
[2023-11-16T13:10:45.953Z]     [16/105] Building CXX object lib/mayaHydra/hydraExtensions/CMakeFiles/mayaHydraLib.dir/mayaUtils.cpp.o
[2023-11-16T13:10:47.839Z]     [17/105] Building CXX object lib/mayaHydra/hydraExtensions/CMakeFiles/mayaHydraLib.dir/mayaHydraLibInterfaceImp.cpp.o
[2023-11-16T13:10:47.839Z]     [18/105] Building CXX object lib/mayaHydra/hydraExtensions/CMakeFiles/mayaHydraLib.dir/hydraUtils.cpp.o
[2023-11-16T13:10:48.431Z]     [19/105] Building CXX object lib/mayaHydra/mayaPlugin/CMakeFiles/mayaHydra.dir/pluginUtils.cpp.o
[2023-11-16T13:10:48.431Z]     [20/105] Building CXX object lib/mayaHydra/mayaPlugin/CMakeFiles/mayaHydra.dir/plugin.cpp.o
[2023-11-16T13:10:49.648Z]     [21/105] Building CXX object lib/mayaHydra/hydraExtensions/CMakeFiles/mayaHydraLib.dir/adapters/adapterDebugCodes.cpp.o
[2023-11-16T13:10:49.648Z]     [22/105] Building CXX object lib/mayaHydra/hydraExtensions/CMakeFiles/mayaHydraLib.dir/mixedUtils.cpp.o
[2023-11-16T13:10:50.233Z]     [23/105] Building CXX object lib/mayaHydra/mayaPlugin/CMakeFiles/mayaHydra.dir/viewCommand.cpp.o
[2023-11-16T13:10:50.233Z]     /Volumes/DATA/local/S/jenkins/workspace/ECP/ecg-maya-hydra/ecg-maya-hydra-branch-preflight-python3-osx/ecg-maya-hydra/maya-hydra/lib/mayaHydra/mayaPlugin/viewCommand.cpp:33:9: warning: MAYAHYDRA_CUT_ID is not defined [-W#pragma-messages]
[2023-11-16T13:10:50.233Z]     #pragma message("MAYAHYDRA_CUT_ID is not defined")
[2023-11-16T13:10:50.233Z]             ^
[2023-11-16T13:10:50.233Z]     1 warning generated.
[2023-11-16T13:10:50.233Z]     /Volumes/DATA/local/S/jenkins/workspace/ECP/ecg-maya-hydra/ecg-maya-hydra-branch-preflight-python3-osx/ecg-maya-hydra/maya-hydra/lib/mayaHydra/mayaPlugin/viewCommand.cpp:33:9: warning: MAYAHYDRA_CUT_ID is not defined [-W#pragma-messages]
[2023-11-16T13:10:50.233Z]     #pragma message("MAYAHYDRA_CUT_ID is not defined")
[2023-11-16T13:10:50.233Z]             ^
[2023-11-16T13:10:50.233Z]     1 warning generated.
[2023-11-16T13:10:52.889Z]     [24/105] Building CXX object lib/mayaHydra/mayaPlugin/CMakeFiles/mayaHydra.dir/renderOverride.cpp.o
[2023-11-16T13:10:53.462Z]     [25/105] Building CXX object lib/mayaHydra/mayaPlugin/CMakeFiles/mayaHydra.dir/renderGlobals.cpp.o
[2023-11-16T13:10:55.396Z]     [26/105] Building CXX object lib/mayaHydra/hydraExtensions/CMakeFiles/mayaHydraLib.dir/adapters/adapter.cpp.o
[2023-11-16T13:10:55.969Z]     [27/105] Building CXX object lib/mayaHydra/hydraExtensions/CMakeFiles/mayaHydraLib.dir/adapters/adapterRegistry.cpp.o
[2023-11-16T13:10:57.160Z]     [28/105] Building CXX object lib/mayaHydra/hydraExtensions/CMakeFiles/mayaHydraLib.dir/adapters/areaLightAdapter.cpp.o
[2023-11-16T13:10:57.739Z]     [29/105] Building CXX object lib/mayaHydra/hydraExtensions/CMakeFiles/mayaHydraLib.dir/adapters/aiSkydomeLightAdapter.cpp.o
[2023-11-16T13:10:58.317Z]     [30/105] Building CXX object lib/mayaHydra/hydraExtensions/CMakeFiles/mayaHydraLib.dir/adapters/cameraAdapter.cpp.o
[2023-11-16T13:10:58.888Z]     [31/105] Building CXX object lib/mayaHydra/hydraExtensions/CMakeFiles/mayaHydraLib.dir/adapters/mayaAttrs.cpp.o
[2023-11-16T13:10:58.888Z]     [32/105] Building CXX object lib/mayaHydra/hydraExtensions/CMakeFiles/mayaHydraLib.dir/mayaHydraSceneProducer.cpp.o
[2023-11-16T13:11:00.081Z]     [33/105] Building CXX object lib/mayaHydra/hydraExtensions/CMakeFiles/mayaHydraLib.dir/adapters/dagAdapter.cpp.o
[2023-11-16T13:11:01.987Z]     [34/105] Building CXX object lib/mayaHydra/hydraExtensions/CMakeFiles/mayaHydraLib.dir/adapters/renderItemAdapter.cpp.o
[2023-11-16T13:11:03.203Z]     [35/105] Building CXX object lib/mayaHydra/hydraExtensions/CMakeFiles/mayaHydraLib.dir/adapters/lightAdapter.cpp.o
[2023-11-16T13:11:04.406Z]     [36/105] Building CXX object lib/mayaHydra/hydraExtensions/CMakeFiles/mayaHydraLib.dir/adapters/directionalLightAdapter.cpp.o
[2023-11-16T13:11:04.406Z]     [37/105] Building CXX object lib/mayaHydra/hydraExtensions/CMakeFiles/mayaHydraLib.dir/adapters/materialAdapter.cpp.o
[2023-11-16T13:11:05.605Z]     [38/105] Building CXX object lib/mayaHydra/hydraExtensions/CMakeFiles/mayaHydraLib.dir/adapters/tokens.cpp.o
[2023-11-16T13:11:06.185Z]     [39/105] Building CXX object lib/mayaHydra/hydraExtensions/CMakeFiles/mayaHydraLib.dir/adapters/meshAdapter.cpp.o
[2023-11-16T13:11:06.752Z]     [40/105] Building CXX object lib/mayaHydra/hydraExtensions/CMakeFiles/mayaHydraLib.dir/adapters/nurbsCurveAdapter.cpp.o
[2023-11-16T13:11:07.336Z]     [41/105] Building CXX object lib/mayaHydra/hydraExtensions/CMakeFiles/mayaHydraLib.dir/delegates/delegateDebugCodes.cpp.o
[2023-11-16T13:11:07.913Z]     [42/105] Building CXX object lib/mayaHydra/hydraExtensions/CMakeFiles/mayaHydraLib.dir/adapters/materialNetworkConverter.cpp.o
[2023-11-16T13:11:07.913Z]     [43/105] Building CXX object lib/mayaHydra/hydraExtensions/CMakeFiles/mayaHydraLib.dir/adapters/pointLightAdapter.cpp.o
[2023-11-16T13:11:08.503Z]     [44/105] Building CXX object lib/mayaHydra/hydraExtensions/CMakeFiles/mayaHydraLib.dir/adapters/shapeAdapter.cpp.o
[2023-11-16T13:11:10.411Z]     [45/105] Building CXX object lib/mayaHydra/hydraExtensions/CMakeFiles/mayaHydraLib.dir/adapters/spotLightAdapter.cpp.o
[2023-11-16T13:11:10.995Z]     [46/105] Building CXX object lib/mayaHydra/hydraExtensions/CMakeFiles/mayaHydraLib.dir/delegates/delegate.cpp.o
[2023-11-16T13:11:12.881Z]     [47/105] Building CXX object lib/mayaHydra/hydraExtensions/CMakeFiles/mayaHydraLib.dir/delegates/delegateCtx.cpp.o
[2023-11-16T13:11:14.096Z]     [48/105] Building CXX object lib/mayaHydra/hydraExtensions/CMakeFiles/mayaHydraLib.dir/delegates/delegateRegistry.cpp.o
[2023-11-16T13:11:14.671Z]     [49/105] Building CXX object lib/mayaHydra/hydraExtensions/CMakeFiles/mayaHydraLib.dir/sceneIndex/registration.cpp.o
[2023-11-16T13:11:17.318Z]     [50/105] Building CXX object lib/mayaHydra/hydraExtensions/CMakeFiles/mayaHydraLib.dir/delegates/sceneDelegate.cpp.o
[2023-11-16T13:11:19.237Z]     [51/105] Building CXX object lib/mayaHydra/hydraExtensions/CMakeFiles/mayaHydraLib.dir/delegates/defaultLightDelegate.cpp.o
[2023-11-16T13:11:19.237Z]     [52/105] Building CXX object lib/mayaHydra/hydraExtensions/CMakeFiles/mayaHydraLib.dir/delegates/testDelegate.cpp.o
[2023-11-16T13:11:19.237Z]     [53/105] Building CXX object lib/mayaHydra/hydraExtensions/CMakeFiles/mayaHydraLib.dir/sceneIndex/mayaHydraPrimvarDataSource.cpp.o
[2023-11-16T13:11:20.444Z]     [54/105] Building CXX object lib/flowViewport/CMakeFiles/flowViewport.dir/debugCodes.cpp.o
[2023-11-16T13:11:20.444Z]     [55/105] Building CXX object lib/mayaHydra/hydraExtensions/CMakeFiles/mayaHydraLib.dir/sceneIndex/mayaHydraDataSource.cpp.o
[2023-11-16T13:11:21.031Z]     [56/105] Building CXX object lib/mayaHydra/hydraExtensions/CMakeFiles/mayaHydraLib.dir/sceneIndex/mayaHydraSceneIndex.cpp.o
[2023-11-16T13:11:21.031Z]     [57/105] Building CXX object lib/mayaHydra/ufeExtensions/CMakeFiles/ufeExtensions.dir/Global.cpp.o
[2023-11-16T13:11:21.031Z]     [58/105] Linking CXX shared library lib/mayaHydra/ufeExtensions/libufeExtensions.dylib
[2023-11-16T13:11:21.612Z]     [59/105] Building CXX object lib/flowViewport/CMakeFiles/flowViewport.dir/global.cpp.o
[2023-11-16T13:11:21.612Z]     [60/105] Building CXX object lib/flowViewport/CMakeFiles/flowViewport.dir/tokens.cpp.o
[2023-11-16T13:11:21.612Z]     [61/105] Building CXX object lib/mayaHydra/hydraExtensions/CMakeFiles/mayaHydraLib.dir/sceneIndex/mayaHydraDisplayStyleDataSource.cpp.o
[2023-11-16T13:11:21.612Z]     [62/105] Building CXX object lib/flowViewport/CMakeFiles/flowViewport.dir/sceneIndex/fvpPathInterface.cpp.o
[2023-11-16T13:11:21.612Z]     [63/105] Building CXX object lib/mayaHydra/hydraExtensions/CMakeFiles/mayaHydraLib.dir/sceneIndex/mayaHydraCameraDataSource.cpp.o
[2023-11-16T13:11:22.185Z]     [64/105] Building CXX object lib/flowViewport/CMakeFiles/flowViewport.dir/colorPreferences/fvpColorChanged.cpp.o
[2023-11-16T13:11:22.185Z]     [65/105] Building CXX object lib/flowViewport/CMakeFiles/flowViewport.dir/colorPreferences/fvpColorPreferencesTokens.cpp.o
[2023-11-16T13:11:22.774Z]     [66/105] Building CXX object lib/flowViewport/CMakeFiles/flowViewport.dir/colorPreferences/fvpColorPreferences.cpp.o
[2023-11-16T13:11:22.774Z]     [67/105] Building CXX object lib/flowViewport/CMakeFiles/flowViewport.dir/API/interfacesImp/fvpVersionInterfaceImp.cpp.o
[2023-11-16T13:11:23.973Z]     [68/105] Building CXX object lib/flowViewport/CMakeFiles/flowViewport.dir/API/interfacesImp/fvpSelectionInterfaceImp.cpp.o
[2023-11-16T13:11:23.973Z]     [69/105] Building CXX object lib/mayaHydra/hydraExtensions/CMakeFiles/mayaHydraLib.dir/sceneIndex/mayaHydraLightDataSource.cpp.o
[2023-11-16T13:11:25.184Z]     [70/105] Building CXX object lib/flowViewport/CMakeFiles/flowViewport.dir/sceneIndex/fvpPathInterfaceSceneIndex.cpp.o
[2023-11-16T13:11:25.184Z]     [71/105] Building CXX object lib/flowViewport/CMakeFiles/flowViewport.dir/sceneIndex/fvpMergingSceneIndex.cpp.o
[2023-11-16T13:11:25.184Z]     [72/105] Building CXX object lib/flowViewport/CMakeFiles/flowViewport.dir/API/samples/fvpSelectionClientExample.cpp.o
[2023-11-16T13:11:26.405Z]     [73/105] Building CXX object lib/flowViewport/CMakeFiles/flowViewport.dir/sceneIndex/fvpSelectionSceneIndex.cpp.o
[2023-11-16T13:11:26.998Z]     [74/105] Building CXX object lib/mayaHydra/hydraExtensions/CMakeFiles/mayaHydraLib.dir/sceneIndex/mayaHydraDefaultLightDataSource.cpp.o
[2023-11-16T13:11:26.998Z]     [75/105] Building CXX object lib/flowViewport/CMakeFiles/flowViewport.dir/sceneIndex/fvpRenderIndexProxy.cpp.o
[2023-11-16T13:11:26.998Z]     [76/105] Building CXX object lib/flowViewport/CMakeFiles/flowViewport.dir/selection/fvpSelectionFwd.cpp.o
[2023-11-16T13:11:27.569Z]     [77/105] Building CXX object lib/flowViewport/CMakeFiles/flowViewport.dir/sceneIndex/fvpWireframeSelectionHighlightSceneIndex.cpp.o
[2023-11-16T13:11:28.123Z]     [78/105] Building CXX object lib/flowViewport/CMakeFiles/flowViewport.dir/API/interfacesImp/fvpInformationInterfaceImp.cpp.o
[2023-11-16T13:11:29.284Z]     [79/105] Building CXX object lib/flowViewport/CMakeFiles/flowViewport.dir/API/samples/fvpInformationClientExample.cpp.o
[2023-11-16T13:11:29.284Z]     [80/105] Building CXX object lib/flowViewport/CMakeFiles/flowViewport.dir/API/perViewportSceneIndicesData/fvpViewportInformationAndSceneIndicesPerViewportData.cpp.o
[2023-11-16T13:11:31.414Z]     [81/105] Automatic MOC for target adskHydraSceneBrowser
[2023-11-16T13:11:31.414Z]     [82/105] Building CXX object lib/flowViewport/CMakeFiles/flowViewport.dir/selection/fvpSelection.cpp.o
[2023-11-16T13:11:31.414Z]     [83/105] Building CXX object lib/flowViewport/CMakeFiles/flowViewport.dir/API/perViewportSceneIndicesData/fvpViewportInformationAndSceneIndicesPerViewportDataManager.cpp.o
[2023-11-16T13:11:33.318Z]     [84/105] Building CXX object lib/flowViewport/CMakeFiles/flowViewport.dir/selection/fvpSelectionTracker.cpp.o
[2023-11-16T13:11:33.903Z]     [85/105] Building CXX object lib/flowViewport/CMakeFiles/flowViewport.dir/selection/fvpSelectionTask.cpp.o
[2023-11-16T13:11:33.903Z]     [86/105] Linking CXX shared library lib/flowViewport/libflowViewport.dylib
[2023-11-16T13:11:35.123Z]     [87/105] Linking CXX shared library lib/mayaHydra/hydraExtensions/libmayaHydraLib.dylib
[2023-11-16T13:11:35.683Z]     [88/105] Linking CXX shared library test/lib/mayaUsd/render/mayaToHydra/cpp/mayaHydraCppTests.bundle
[2023-11-16T13:11:36.250Z]     [89/105] Linking CXX shared library lib/mayaHydra/mayaPlugin/mayaHydra.bundle
[2023-11-16T13:11:36.250Z]     [90/105] Building CXX object lib/adskHydraSceneBrowser/lib/CMakeFiles/adskHydraSceneBrowser.dir/src/patch/registeredSceneIndexChooser.cpp.o
[2023-11-16T13:11:36.822Z]     [91/105] Building CXX object lib/adskHydraSceneBrowser/lib/CMakeFiles/adskHydraSceneBrowser.dir/src/patch/sceneIndexObserverLoggingTreeView.cpp.o
[2023-11-16T13:11:36.822Z]     [92/105] Building CXX object lib/adskHydraSceneBrowser/lib/CMakeFiles/adskHydraSceneBrowser.dir/src/patch/dataSourceValueTreeView.cpp.o
[2023-11-16T13:11:36.822Z]     [93/105] Building CXX object lib/adskHydraSceneBrowser/lib/CMakeFiles/adskHydraSceneBrowser.dir/src/patch/sceneIndexObserverLoggingWidget.cpp.o
[2023-11-16T13:11:36.822Z]     [94/105] Building CXX object lib/adskHydraSceneBrowser/lib/CMakeFiles/adskHydraSceneBrowser.dir/adskHydraSceneBrowser_autogen/mocs_compilation.cpp.o
[2023-11-16T13:11:37.981Z]     [95/105] Building CXX object lib/adskHydraSceneBrowser/lib/CMakeFiles/adskHydraSceneBrowser.dir/src/patch/dataSourceTreeWidget.cpp.o
[2023-11-16T13:11:39.140Z]     [96/105] Building CXX object lib/adskHydraSceneBrowser/lib/CMakeFiles/adskHydraSceneBrowser.dir/src/patch/sceneIndexDebuggerWidget.cpp.o
[2023-11-16T13:11:40.303Z]     [97/105] Building CXX object plugin/mayaHydraSceneBrowserTest/CMakeFiles/mayaHydraSceneBrowserTest.dir/mayaHydraSceneBrowserTestCmd.cpp.o
[2023-11-16T13:11:40.860Z]     [98/105] Building CXX object lib/adskHydraSceneBrowser/lib/CMakeFiles/adskHydraSceneBrowser.dir/src/patch/sceneIndexTreeWidget.cpp.o
[2023-11-16T13:11:40.860Z]     [99/105] Building CXX object plugin/mayaHydraSceneBrowser/CMakeFiles/mayaHydraSceneBrowser.dir/mayaHydraSceneBrowser.cpp.o
[2023-11-16T13:11:41.414Z]     [100/105] Linking CXX shared library lib/adskHydraSceneBrowser/lib/libadskHydraSceneBrowser.dylib
[2023-11-16T13:11:41.414Z]     [101/105] Building CXX object lib/adskHydraSceneBrowser/test/CMakeFiles/adskHydraSceneBrowserTesting.dir/adskHydraSceneBrowserTesting.cpp.o
[2023-11-16T13:11:41.414Z]     [102/105] Linking CXX shared library plugin/mayaHydraSceneBrowser/mayaHydraSceneBrowser.bundle
[2023-11-16T13:11:42.571Z]     [103/105] Building CXX object lib/adskHydraSceneBrowser/test/CMakeFiles/adskHydraSceneBrowserTesting.dir/adskHydraSceneBrowserTestFixture.cpp.o
[2023-11-16T13:11:42.571Z]     [104/105] Linking CXX shared library lib/adskHydraSceneBrowser/test/libadskHydraSceneBrowserTesting.dylib
[2023-11-16T13:11:42.798Z]     [105/105] Linking CXX shared library plugin/mayaHydraSceneBrowserTest/mayaHydraSceneBrowserTest.bundle
[2023-11-16T13:11:42.799Z]     
[2023-11-16T13:11:42.799Z]         Building with settings:
[2023-11-16T13:11:42.799Z]           Source directory          /Volumes/DATA/local/S/jenkins/workspace/ECP/ecg-maya-hydra/ecg-maya-hydra-branch-preflight-python3-osx/ecg-maya-hydra/maya-hydra
[2023-11-16T13:11:42.799Z]           Workspace directory       /local/S/jenkins/workspace/ECP/ecg-maya-hydra/ecg-maya-hydra-branch-preflight-python3-osx
[2023-11-16T13:11:42.799Z]           Build directory           /local/S/jenkins/workspace/ECP/ecg-maya-hydra/ecg-maya-hydra-branch-preflight-python3-osx/build/Debug
[2023-11-16T13:11:42.799Z]           Install directory         /local/S/jenkins/workspace/ECP/ecg-maya-hydra/ecg-maya-hydra-branch-preflight-python3-osx/install/Debug/MayaHydra
[2023-11-16T13:11:42.799Z]           Variant                   Debug
[2023-11-16T13:11:42.799Z]           Python Debug              Off
[2023-11-16T13:11:42.799Z]           CMake generator           Ninja
[2023-11-16T13:11:42.799Z]           Build arguments           ['-DCMAKE_MAKE_PROGRAM=/local/S/jenkins/workspace/shared/Artifactory/OSX/ninja/1.10.2/95d0ca5/ninja', '-DPYTHON_INCLUDE_DIR=/local/S/jenkins/workspace/shared/Artifactory/OSX/rundev-master-debug/202310260154/runtime/3fe4f1c/runTime/Maya.app/Contents/Frameworks/Python.framework/Versions/Current/include/python3.10', '-DPython_EXECUTABLE=/local/S/jenkins/workspace/shared/Artifactory/OSX/rundev-master-debug/202310260154/runtime/3fe4f1c/runTime/Maya.app/Contents/bin/mayapy', '-DPYTHON_LIBRARIES=/local/S/jenkins/workspace/shared/Artifactory/OSX/rundev-master-debug/202310260154/runtime/3fe4f1c/runTime/Maya.app/Contents/Frameworks/Python.framework/Versions/Current/lib/libpython3.10.dylib', '-DBUILD_WITH_PYTHON_3=ON', '-DBUILD_WITH_PYTHON_3_VERSION=3.10', '-DBUILD_UB2=ON', '-DCMAKE_WANT_MATERIALX_BUILD=ON', '-DCMAKE_PREFIX_PATH=/local/S/jenkins/workspace/shared/Artifactory/OSX/USD/a9d0dd1', '-DMAYAHYDRA_BUILD_NUMBER=401', '-DMAYAHYDRA_GIT_COMMIT=ec1adbcb663ba0620f97086097d51cc6f06a4681', '-DMAYAHYDRA_GIT_BRANCH=master']
[2023-11-16T13:11:42.799Z]           Stages arguments          ['build']
[2023-11-16T13:11:42.799Z]           CTest arguments           ['--parallel 8']
[2023-11-16T13:11:42.799Z]     Success MayaHydra build and install !!!!
[2023-11-16T13:11:42.799Z]     Elapsed time: 00:01:06
[Pipeline] sh
[2023-11-16T13:11:43.935Z] + python ecg-maya-hydra/build.py --stages=build --workspace-dir=/local/S/jenkins/workspace/ECP/ecg-maya-hydra/ecg-maya-hydra-branch-preflight-python3-osx --artifactory-dir=/local/S/jenkins/workspace/shared/Artifactory --build-dir=/local/S/jenkins/workspace/ECP/ecg-maya-hydra/ecg-maya-hydra-branch-preflight-python3-osx/build --install-dir=/local/S/jenkins/workspace/ECP/ecg-maya-hydra/ecg-maya-hydra-branch-preflight-python3-osx/install --signing-dir=/local/S/jenkins/workspace/ECP/ecg-maya-hydra/ecg-maya-hydra-branch-preflight-python3-osx/signing --package-dir=/local/S/jenkins/workspace/ECP/ecg-maya-hydra/ecg-maya-hydra-branch-preflight-python3-osx/package --output-dir=/local/S/jenkins/workspace/ECP/ecg-maya-hydra/ecg-maya-hydra-branch-preflight-python3-osx/output --stash-dir=/local/S/jenkins/workspace/ECP/ecg-maya-hydra/ecg-maya-hydra-branch-preflight-python3-osx/stash --jenkins-build=401 --git-commit=ec1adbcb663ba0620f97086097d51cc6f06a4681 --git-branch=master --variants=RelWithDebInfo --interactive-tests=true --post-zips=false --osx-binary-architecture-target=ub2 --osx-deployment-target=11.0 --osx-base-sdk=CurrentActiveSDK --build-retry=3 --maya-cut-config=maya-rundev-master.yaml --maya-package=rundev-master --stage-banner
[2023-11-16T13:11:43.935Z] Using Maya cut from /local/S/jenkins/workspace/shared/Artifactory/OSX/rundev-master/202311060140/runtime/e9a5ae1
[2023-11-16T13:11:43.935Z] Using Maya ADSK Signatures from /local/S/jenkins/workspace/shared/Artifactory/OSX/adsk-plugin-signatures-maya/2023/3ae1ae7
[2023-11-16T13:11:43.935Z] Using Maya Security Library from /local/S/jenkins/workspace/shared/Artifactory/OSX/maya-security-library/3.4.0/5e08f3e
[2023-11-16T13:11:43.935Z] 
[2023-11-16T13:11:43.935Z] ================================================================================
[2023-11-16T13:11:43.935Z]                              build (RelWithDebInfo)
[2023-11-16T13:11:43.935Z] ================================================================================
[2023-11-16T13:11:43.935Z] Maya Python RelWithDebInfo Info:
[2023-11-16T13:11:43.935Z]   mayapy executable   = /local/S/jenkins/workspace/shared/Artifactory/OSX/rundev-master/202311060140/runtime/e9a5ae1/runTime/Maya.app/Contents/bin/mayapy
[2023-11-16T13:11:43.935Z]   Include Folder      = /local/S/jenkins/workspace/shared/Artifactory/OSX/rundev-master/202311060140/runtime/e9a5ae1/runTime/Maya.app/Contents/Frameworks/Python.framework/Versions/Current/include/python3.10
[2023-11-16T13:11:43.935Z]   Library             = /local/S/jenkins/workspace/shared/Artifactory/OSX/rundev-master/202311060140/runtime/e9a5ae1/runTime/Maya.app/Contents/Frameworks/Python.framework/Versions/Current/lib/libpython3.10.dylib
[2023-11-16T13:11:43.935Z]   site-package Folder = /local/S/jenkins/workspace/shared/Artifactory/OSX/rundev-master/202311060140/runtime/e9a5ae1/runTime/Maya.app/Contents/Frameworks/Python.framework/Versions/Current/lib/python3.10/site-packages
[2023-11-16T13:11:43.935Z] In workdir: /Volumes/DATA/local/S/jenkins/workspace/ECP/ecg-maya-hydra/ecg-maya-hydra-branch-preflight-python3-osx/ecg-maya-hydra/maya-hydra
[2023-11-16T13:11:43.935Z] Executing: arch -arch arm64 /local/S/jenkins/workspace/shared/Artifactory/OSX/rundev-master/202311060140/runtime/e9a5ae1/runTime/Maya.app/Contents/bin/mayapy /Volumes/DATA/local/S/jenkins/workspace/ECP/ecg-maya-hydra/ecg-maya-hydra-branch-preflight-python3-osx/ecg-maya-hydra/maya-hydra/build.py --generator Ninja --build-relwithdebug --maya-location /local/S/jenkins/workspace/shared/Artifactory/OSX/rundev-master/202311060140/runtime/e9a5ae1/runTime --devkit-location /local/S/jenkins/workspace/shared/Artifactory/OSX/rundev-master/202311060140/runtime/e9a5ae1/devkitBase --pxrusd-location /local/S/jenkins/workspace/shared/Artifactory/OSX/USD/b595ab2 --build-args=-DCMAKE_MAKE_PROGRAM=/local/S/jenkins/workspace/shared/Artifactory/OSX/ninja/1.10.2/95d0ca5/ninja,-DPYTHON_INCLUDE_DIR=/local/S/jenkins/workspace/shared/Artifactory/OSX/rundev-master/202311060140/runtime/e9a5ae1/runTime/Maya.app/Contents/Frameworks/Python.framework/Versions/Current/include/python3.10,-DPython_EXECUTABLE=/local/S/jenkins/workspace/shared/Artifactory/OSX/rundev-master/202311060140/runtime/e9a5ae1/runTime/Maya.app/Contents/bin/mayapy,-DPYTHON_LIBRARIES=/local/S/jenkins/workspace/shared/Artifactory/OSX/rundev-master/202311060140/runtime/e9a5ae1/runTime/Maya.app/Contents/Frameworks/Python.framework/Versions/Current/lib/libpython3.10.dylib,-DBUILD_WITH_PYTHON_3=ON,-DBUILD_WITH_PYTHON_3_VERSION=3.10,-DBUILD_UB2=ON,-DCMAKE_WANT_MATERIALX_BUILD=ON,-DCMAKE_PREFIX_PATH=/local/S/jenkins/workspace/shared/Artifactory/OSX/USD/b595ab2,-DMAYAHYDRA_BUILD_NUMBER=401,-DMAYAHYDRA_GIT_COMMIT=ec1adbcb663ba0620f97086097d51cc6f06a4681,-DMAYAHYDRA_GIT_BRANCH=master '--ctest-args=--parallel 8' --stages=build --redirect-outstream-file=False --install-location /local/S/jenkins/workspace/ECP/ecg-maya-hydra/ecg-maya-hydra-branch-preflight-python3-osx/install/RelWithDebInfo/MayaHydra /local/S/jenkins/workspace/ECP/ecg-maya-hydra/ecg-maya-hydra-branch-preflight-python3-osx
[2023-11-16T13:11:43.935Z] Modified environment variables:
[2023-11-16T13:11:43.935Z]     PATH=/local/S/jenkins/workspace/shared/Artifactory/OSX/cmake/3.20.3/2594509/bin:/opt/homebrew/bin:/usr/local/bin:/bin:/usr/sbin:/sbin:/usr/bin:/usr/bin:/bin:/usr/sbin:/sbin
[2023-11-16T13:11:45.762Z]     [1/105] Building CXX object lib/flowViewport/CMakeFiles/flowViewport.dir/debugCodes.cpp.o
[2023-11-16T13:11:46.316Z]     [2/105] Building CXX object lib/flowViewport/CMakeFiles/flowViewport.dir/tokens.cpp.o
[2023-11-16T13:11:46.316Z]     [3/105] Building CXX object lib/flowViewport/CMakeFiles/flowViewport.dir/colorPreferences/fvpColorPreferencesTokens.cpp.o
[2023-11-16T13:11:46.316Z]     [4/105] Building CXX object lib/flowViewport/CMakeFiles/flowViewport.dir/sceneIndex/fvpPathInterface.cpp.o
[2023-11-16T13:11:46.316Z]     [5/105] Building CXX object lib/flowViewport/CMakeFiles/flowViewport.dir/colorPreferences/fvpColorChanged.cpp.o
[2023-11-16T13:11:46.316Z]     [6/105] Building CXX object lib/flowViewport/CMakeFiles/flowViewport.dir/global.cpp.o
[2023-11-16T13:11:46.876Z]     [7/105] Building CXX object lib/flowViewport/CMakeFiles/flowViewport.dir/colorPreferences/fvpColorPreferences.cpp.o
[2023-11-16T13:11:46.876Z]     [8/105] Building CXX object lib/flowViewport/CMakeFiles/flowViewport.dir/API/interfacesImp/fvpVersionInterfaceImp.cpp.o
[2023-11-16T13:11:47.430Z]     [9/105] Building CXX object lib/mayaHydra/ufeExtensions/CMakeFiles/ufeExtensions.dir/Global.cpp.o
[2023-11-16T13:11:47.431Z]     [10/105] Linking CXX shared library lib/mayaHydra/ufeExtensions/libufeExtensions.dylib
[2023-11-16T13:11:48.607Z]     [11/105] Automatic MOC for target adskHydraSceneBrowser
[2023-11-16T13:11:49.172Z]     [12/105] Building CXX object lib/flowViewport/CMakeFiles/flowViewport.dir/API/interfacesImp/fvpSelectionInterfaceImp.cpp.o
[2023-11-16T13:11:49.172Z]     [13/105] Building CXX object lib/flowViewport/CMakeFiles/flowViewport.dir/API/samples/fvpSelectionClientExample.cpp.o
[2023-11-16T13:11:50.367Z]     [14/105] Building CXX object lib/flowViewport/CMakeFiles/flowViewport.dir/sceneIndex/fvpPathInterfaceSceneIndex.cpp.o
[2023-11-16T13:11:50.949Z]     [15/105] Building CXX object lib/flowViewport/CMakeFiles/flowViewport.dir/sceneIndex/fvpMergingSceneIndex.cpp.o
[2023-11-16T13:11:52.147Z]     [16/105] Building CXX object lib/flowViewport/CMakeFiles/flowViewport.dir/sceneIndex/fvpSelectionSceneIndex.cpp.o
[2023-11-16T13:11:52.147Z]     [17/105] Building CXX object lib/flowViewport/CMakeFiles/flowViewport.dir/sceneIndex/fvpRenderIndexProxy.cpp.o
[2023-11-16T13:11:53.354Z]     [18/105] Building CXX object lib/flowViewport/CMakeFiles/flowViewport.dir/sceneIndex/fvpWireframeSelectionHighlightSceneIndex.cpp.o
[2023-11-16T13:11:55.256Z]     [19/105] Building CXX object lib/adskHydraSceneBrowser/lib/CMakeFiles/adskHydraSceneBrowser.dir/src/patch/sceneIndexObserverLoggingTreeView.cpp.o
[2023-11-16T13:11:55.256Z]     [20/105] Building CXX object lib/adskHydraSceneBrowser/lib/CMakeFiles/adskHydraSceneBrowser.dir/adskHydraSceneBrowser_autogen/mocs_compilation.cpp.o
[2023-11-16T13:11:55.817Z]     [21/105] Building CXX object lib/adskHydraSceneBrowser/lib/CMakeFiles/adskHydraSceneBrowser.dir/src/patch/registeredSceneIndexChooser.cpp.o
[2023-11-16T13:11:57.033Z]     [22/105] Building CXX object lib/adskHydraSceneBrowser/lib/CMakeFiles/adskHydraSceneBrowser.dir/src/patch/dataSourceValueTreeView.cpp.o
[2023-11-16T13:11:57.033Z]     [23/105] Building CXX object lib/adskHydraSceneBrowser/lib/CMakeFiles/adskHydraSceneBrowser.dir/src/patch/dataSourceTreeWidget.cpp.o
[2023-11-16T13:11:57.610Z]     [24/105] Building CXX object lib/adskHydraSceneBrowser/lib/CMakeFiles/adskHydraSceneBrowser.dir/src/patch/sceneIndexObserverLoggingWidget.cpp.o
[2023-11-16T13:11:58.801Z]     [25/105] Building CXX object lib/adskHydraSceneBrowser/lib/CMakeFiles/adskHydraSceneBrowser.dir/src/patch/sceneIndexDebuggerWidget.cpp.o
[2023-11-16T13:12:00.711Z]     [26/105] Building CXX object lib/adskHydraSceneBrowser/lib/CMakeFiles/adskHydraSceneBrowser.dir/src/patch/sceneIndexTreeWidget.cpp.o
[2023-11-16T13:12:00.711Z]     [27/105] Linking CXX shared library lib/adskHydraSceneBrowser/lib/libadskHydraSceneBrowser.dylib
[2023-11-16T13:12:01.282Z]     [28/105] Building CXX object plugin/mayaHydraSceneBrowserTest/CMakeFiles/mayaHydraSceneBrowserTest.dir/mayaHydraSceneBrowserTestCmd.cpp.o
[2023-11-16T13:12:01.282Z]     [29/105] Building CXX object lib/flowViewport/CMakeFiles/flowViewport.dir/API/samples/fvpInformationClientExample.cpp.o
[2023-11-16T13:12:01.282Z]     [30/105] Building CXX object lib/flowViewport/CMakeFiles/flowViewport.dir/API/interfacesImp/fvpInformationInterfaceImp.cpp.o
[2023-11-16T13:12:01.282Z]     [31/105] Building CXX object plugin/mayaHydraSceneBrowser/CMakeFiles/mayaHydraSceneBrowser.dir/mayaHydraSceneBrowser.cpp.o
[2023-11-16T13:12:01.282Z]     [32/105] Building CXX object lib/flowViewport/CMakeFiles/flowViewport.dir/selection/fvpSelectionFwd.cpp.o
[2023-11-16T13:12:01.282Z]     [33/105] Building CXX object lib/adskHydraSceneBrowser/test/CMakeFiles/adskHydraSceneBrowserTesting.dir/adskHydraSceneBrowserTesting.cpp.o
[2023-11-16T13:12:02.511Z]     [34/105] Building CXX object lib/flowViewport/CMakeFiles/flowViewport.dir/API/perViewportSceneIndicesData/fvpViewportInformationAndSceneIndicesPerViewportData.cpp.o
[2023-11-16T13:12:02.511Z]     [35/105] Building CXX object lib/mayaHydra/mayaPlugin/CMakeFiles/mayaHydra.dir/colorNotFoundException.cpp.o
[2023-11-16T13:12:03.097Z]     [36/105] Building CXX object lib/mayaHydra/mayaPlugin/CMakeFiles/mayaHydra.dir/pluginDebugCodes.cpp.o
[2023-11-16T13:12:04.300Z]     [37/105] Building CXX object lib/mayaHydra/mayaPlugin/CMakeFiles/mayaHydra.dir/mayaColorPreferencesTranslator.cpp.o
[2023-11-16T13:12:05.482Z]     [38/105] Building CXX object lib/flowViewport/CMakeFiles/flowViewport.dir/selection/fvpSelection.cpp.o
[2023-11-16T13:12:06.057Z]     [39/105] Building CXX object lib/flowViewport/CMakeFiles/flowViewport.dir/API/perViewportSceneIndicesData/fvpViewportInformationAndSceneIndicesPerViewportDataManager.cpp.o
[2023-11-16T13:12:06.630Z]     [40/105] Building CXX object lib/flowViewport/CMakeFiles/flowViewport.dir/selection/fvpSelectionTask.cpp.o
[2023-11-16T13:12:06.630Z]     [41/105] Building CXX object lib/flowViewport/CMakeFiles/flowViewport.dir/selection/fvpSelectionTracker.cpp.o
[2023-11-16T13:12:07.201Z]     [42/105] Linking CXX shared library lib/flowViewport/libflowViewport.dylib
[2023-11-16T13:12:07.201Z]     [43/105] Building CXX object lib/mayaHydra/mayaPlugin/CMakeFiles/mayaHydra.dir/tokens.cpp.o
[2023-11-16T13:12:07.777Z]     [44/105] Building CXX object lib/mayaHydra/hydraExtensions/CMakeFiles/mayaHydraLib.dir/debugCodes.cpp.o
[2023-11-16T13:12:08.350Z]     [45/105] Building CXX object lib/adskHydraSceneBrowser/test/CMakeFiles/adskHydraSceneBrowserTesting.dir/adskHydraSceneBrowserTestFixture.cpp.o
[2023-11-16T13:12:08.350Z]     [46/105] Linking CXX shared library lib/adskHydraSceneBrowser/test/libadskHydraSceneBrowserTesting.dylib
[2023-11-16T13:12:09.549Z]     [47/105] Building CXX object lib/mayaHydra/hydraExtensions/CMakeFiles/mayaHydraLib.dir/mayaUtils.cpp.o
[2023-11-16T13:12:10.136Z]     [48/105] Building CXX object lib/mayaHydra/mayaPlugin/CMakeFiles/mayaHydra.dir/pluginUtils.cpp.o
[2023-11-16T13:12:10.136Z]     [49/105] Building CXX object lib/mayaHydra/mayaPlugin/CMakeFiles/mayaHydra.dir/plugin.cpp.o
[2023-11-16T13:12:12.045Z]     [50/105] Building CXX object lib/mayaHydra/hydraExtensions/CMakeFiles/mayaHydraLib.dir/mayaHydraLibInterfaceImp.cpp.o
[2023-11-16T13:12:12.626Z]     [51/105] Building CXX object lib/mayaHydra/hydraExtensions/CMakeFiles/mayaHydraLib.dir/hydraUtils.cpp.o
[2023-11-16T13:12:12.626Z]     [52/105] Building CXX object lib/mayaHydra/hydraExtensions/CMakeFiles/mayaHydraLib.dir/adapters/adapterDebugCodes.cpp.o
[2023-11-16T13:12:13.204Z]     [53/105] Building CXX object lib/mayaHydra/hydraExtensions/CMakeFiles/mayaHydraLib.dir/mixedUtils.cpp.o
[2023-11-16T13:12:14.392Z]     [54/105] Building CXX object lib/mayaHydra/mayaPlugin/CMakeFiles/mayaHydra.dir/viewCommand.cpp.o
[2023-11-16T13:12:14.392Z]     /Volumes/DATA/local/S/jenkins/workspace/ECP/ecg-maya-hydra/ecg-maya-hydra-branch-preflight-python3-osx/ecg-maya-hydra/maya-hydra/lib/mayaHydra/mayaPlugin/viewCommand.cpp:33:9: warning: MAYAHYDRA_CUT_ID is not defined [-W#pragma-messages]
[2023-11-16T13:12:14.392Z]     #pragma message("MAYAHYDRA_CUT_ID is not defined")
[2023-11-16T13:12:14.392Z]             ^
[2023-11-16T13:12:14.392Z]     1 warning generated.
[2023-11-16T13:12:14.392Z]     /Volumes/DATA/local/S/jenkins/workspace/ECP/ecg-maya-hydra/ecg-maya-hydra-branch-preflight-python3-osx/ecg-maya-hydra/maya-hydra/lib/mayaHydra/mayaPlugin/viewCommand.cpp:33:9: warning: MAYAHYDRA_CUT_ID is not defined [-W#pragma-messages]
[2023-11-16T13:12:14.392Z]     #pragma message("MAYAHYDRA_CUT_ID is not defined")
[2023-11-16T13:12:14.392Z]             ^
[2023-11-16T13:12:14.392Z]     1 warning generated.
[2023-11-16T13:12:17.893Z]     [55/105] Building CXX object lib/mayaHydra/hydraExtensions/CMakeFiles/mayaHydraLib.dir/adapters/adapter.cpp.o
[2023-11-16T13:12:17.893Z]     [56/105] Building CXX object lib/mayaHydra/mayaPlugin/CMakeFiles/mayaHydra.dir/renderGlobals.cpp.o
[2023-11-16T13:12:19.115Z]     [57/105] Building CXX object lib/mayaHydra/mayaPlugin/CMakeFiles/mayaHydra.dir/renderOverride.cpp.o
[2023-11-16T13:12:21.770Z]     [58/105] Building CXX object lib/mayaHydra/hydraExtensions/CMakeFiles/mayaHydraLib.dir/adapters/areaLightAdapter.cpp.o
[2023-11-16T13:12:21.770Z]     [59/105] Building CXX object lib/mayaHydra/hydraExtensions/CMakeFiles/mayaHydraLib.dir/adapters/adapterRegistry.cpp.o
[2023-11-16T13:12:21.770Z]     [60/105] Building CXX object lib/mayaHydra/hydraExtensions/CMakeFiles/mayaHydraLib.dir/adapters/aiSkydomeLightAdapter.cpp.o
[2023-11-16T13:12:21.770Z]     [61/105] Building CXX object lib/mayaHydra/hydraExtensions/CMakeFiles/mayaHydraLib.dir/mayaHydraSceneProducer.cpp.o
[2023-11-16T13:12:22.984Z]     [62/105] Building CXX object lib/mayaHydra/hydraExtensions/CMakeFiles/mayaHydraLib.dir/adapters/cameraAdapter.cpp.o
[2023-11-16T13:12:22.984Z]     [63/105] Building CXX object lib/mayaHydra/hydraExtensions/CMakeFiles/mayaHydraLib.dir/adapters/mayaAttrs.cpp.o
[2023-11-16T13:12:26.541Z]     [64/105] Building CXX object lib/mayaHydra/hydraExtensions/CMakeFiles/mayaHydraLib.dir/adapters/dagAdapter.cpp.o
[2023-11-16T13:12:27.756Z]     [65/105] Building CXX object lib/mayaHydra/hydraExtensions/CMakeFiles/mayaHydraLib.dir/adapters/lightAdapter.cpp.o
[2023-11-16T13:12:28.336Z]     [66/105] Building CXX object lib/mayaHydra/hydraExtensions/CMakeFiles/mayaHydraLib.dir/adapters/renderItemAdapter.cpp.o
[2023-11-16T13:12:29.539Z]     [67/105] Building CXX object lib/mayaHydra/hydraExtensions/CMakeFiles/mayaHydraLib.dir/adapters/directionalLightAdapter.cpp.o
[2023-11-16T13:12:30.748Z]     [68/105] Building CXX object lib/mayaHydra/hydraExtensions/CMakeFiles/mayaHydraLib.dir/adapters/tokens.cpp.o
[2023-11-16T13:12:31.326Z]     [69/105] Building CXX object lib/mayaHydra/hydraExtensions/CMakeFiles/mayaHydraLib.dir/adapters/materialAdapter.cpp.o
[2023-11-16T13:12:31.903Z]     [70/105] Building CXX object lib/mayaHydra/hydraExtensions/CMakeFiles/mayaHydraLib.dir/adapters/nurbsCurveAdapter.cpp.o
[2023-11-16T13:12:32.466Z]     [71/105] Building CXX object lib/mayaHydra/hydraExtensions/CMakeFiles/mayaHydraLib.dir/adapters/meshAdapter.cpp.o
[2023-11-16T13:12:33.045Z]     [72/105] Building CXX object lib/mayaHydra/hydraExtensions/CMakeFiles/mayaHydraLib.dir/delegates/delegateDebugCodes.cpp.o
[2023-11-16T13:12:34.256Z]     [73/105] Building CXX object lib/mayaHydra/hydraExtensions/CMakeFiles/mayaHydraLib.dir/adapters/pointLightAdapter.cpp.o
[2023-11-16T13:12:34.836Z]     [74/105] Building CXX object lib/mayaHydra/hydraExtensions/CMakeFiles/mayaHydraLib.dir/adapters/shapeAdapter.cpp.o
[2023-11-16T13:12:35.416Z]     [75/105] Building CXX object lib/mayaHydra/hydraExtensions/CMakeFiles/mayaHydraLib.dir/adapters/materialNetworkConverter.cpp.o
[2023-11-16T13:12:36.617Z]     [76/105] Building CXX object lib/mayaHydra/hydraExtensions/CMakeFiles/mayaHydraLib.dir/adapters/spotLightAdapter.cpp.o
[2023-11-16T13:12:37.840Z]     [77/105] Building CXX object lib/mayaHydra/hydraExtensions/CMakeFiles/mayaHydraLib.dir/delegates/delegate.cpp.o
[2023-11-16T13:12:38.411Z]     [78/105] Building CXX object lib/mayaHydra/hydraExtensions/CMakeFiles/mayaHydraLib.dir/delegates/delegateCtx.cpp.o
[2023-11-16T13:12:40.303Z]     [79/105] Building CXX object lib/mayaHydra/hydraExtensions/CMakeFiles/mayaHydraLib.dir/delegates/delegateRegistry.cpp.o
[2023-11-16T13:12:42.931Z]     [80/105] Building CXX object lib/mayaHydra/hydraExtensions/CMakeFiles/mayaHydraLib.dir/sceneIndex/registration.cpp.o
[2023-11-16T13:12:46.417Z]     [81/105] Building CXX object lib/mayaHydra/hydraExtensions/CMakeFiles/mayaHydraLib.dir/sceneIndex/mayaHydraPrimvarDataSource.cpp.o
[2023-11-16T13:12:46.417Z]     [82/105] Building CXX object lib/mayaHydra/hydraExtensions/CMakeFiles/mayaHydraLib.dir/delegates/defaultLightDelegate.cpp.o
[2023-11-16T13:12:46.417Z]     [83/105] Building CXX object lib/mayaHydra/hydraExtensions/CMakeFiles/mayaHydraLib.dir/delegates/testDelegate.cpp.o
[2023-11-16T13:12:49.099Z]     [84/105] Building CXX object lib/mayaHydra/hydraExtensions/CMakeFiles/mayaHydraLib.dir/sceneIndex/mayaHydraDisplayStyleDataSource.cpp.o
[2023-11-16T13:12:49.099Z]     [85/105] Building CXX object lib/mayaHydra/hydraExtensions/CMakeFiles/mayaHydraLib.dir/delegates/sceneDelegate.cpp.o
[2023-11-16T13:12:50.301Z]     [86/105] Building CXX object lib/mayaHydra/hydraExtensions/CMakeFiles/mayaHydraLib.dir/sceneIndex/mayaHydraDataSource.cpp.o
[2023-11-16T13:12:50.301Z]     [87/105] Building CXX object test/lib/mayaUsd/render/mayaToHydra/cpp/CMakeFiles/mayaHydraCppTests.dir/mayaHydraCppTestsCmd.cpp.o
[2023-11-16T13:12:51.508Z]     [88/105] Building CXX object lib/mayaHydra/hydraExtensions/CMakeFiles/mayaHydraLib.dir/sceneIndex/mayaHydraCameraDataSource.cpp.o
[2023-11-16T13:12:51.508Z]     [89/105] Building CXX object test/lib/mayaUsd/render/mayaToHydra/cpp/CMakeFiles/mayaHydraCppTests.dir/testUtils.cpp.o
[2023-11-16T13:12:51.508Z]     [90/105] Building CXX object test/lib/mayaUsd/render/mayaToHydra/cpp/CMakeFiles/mayaHydraCppTests.dir/testCppFramework.cpp.o
[2023-11-16T13:12:52.087Z]     [91/105] Building CXX object lib/mayaHydra/hydraExtensions/CMakeFiles/mayaHydraLib.dir/sceneIndex/mayaHydraSceneIndex.cpp.o
[2023-11-16T13:12:52.673Z]     [92/105] Building CXX object test/lib/mayaUsd/render/mayaToHydra/cpp/CMakeFiles/mayaHydraCppTests.dir/testColorPreferences.cpp.o
[2023-11-16T13:12:52.673Z]     [93/105] Building CXX object lib/mayaHydra/hydraExtensions/CMakeFiles/mayaHydraLib.dir/sceneIndex/mayaHydraLightDataSource.cpp.o
[2023-11-16T13:12:55.245Z]     [94/105] Building CXX object lib/mayaHydra/hydraExtensions/CMakeFiles/mayaHydraLib.dir/sceneIndex/mayaHydraDefaultLightDataSource.cpp.o
[2023-11-16T13:12:55.799Z]     [95/105] Linking CXX shared library lib/mayaHydra/hydraExtensions/libmayaHydraLib.dylib
[2023-11-16T13:12:55.799Z]     [96/105] Linking CXX shared library plugin/mayaHydraSceneBrowserTest/mayaHydraSceneBrowserTest.bundle
[2023-11-16T13:12:55.799Z]     [97/105] Linking CXX shared library plugin/mayaHydraSceneBrowser/mayaHydraSceneBrowser.bundle
[2023-11-16T13:12:56.362Z]     [98/105] Linking CXX shared library lib/mayaHydra/mayaPlugin/mayaHydra.bundle
[2023-11-16T13:12:56.362Z]     [99/105] Building CXX object test/lib/mayaUsd/render/mayaToHydra/cpp/CMakeFiles/mayaHydraCppTests.dir/testMayaSceneFlattening.cpp.o
[2023-11-16T13:12:56.915Z]     [100/105] Building CXX object test/lib/mayaUsd/render/mayaToHydra/cpp/CMakeFiles/mayaHydraCppTests.dir/testMayaUsdUfeItems.cpp.o
[2023-11-16T13:12:57.468Z]     [101/105] Building CXX object test/lib/mayaUsd/render/mayaToHydra/cpp/CMakeFiles/mayaHydraCppTests.dir/testFlowViewportAPIViewportInformation.cpp.o
[2023-11-16T13:12:58.019Z]     [102/105] Building CXX object test/lib/mayaUsd/render/mayaToHydra/cpp/CMakeFiles/mayaHydraCppTests.dir/testSelectionSceneIndex.cpp.o
[2023-11-16T13:12:58.019Z]     [103/105] Building CXX object test/lib/mayaUsd/render/mayaToHydra/cpp/CMakeFiles/mayaHydraCppTests.dir/testWireframeSelectionHighlightSceneIndex.cpp.o
[2023-11-16T13:12:59.174Z]     [104/105] Building CXX object test/lib/mayaUsd/render/mayaToHydra/cpp/CMakeFiles/mayaHydraCppTests.dir/testMergingSceneIndex.cpp.o
[2023-11-16T13:12:59.174Z]     [105/105] Linking CXX shared library test/lib/mayaUsd/render/mayaToHydra/cpp/mayaHydraCppTests.bundle
[2023-11-16T13:12:59.174Z]     
[2023-11-16T13:12:59.174Z]         Building with settings:
[2023-11-16T13:12:59.174Z]           Source directory          /Volumes/DATA/local/S/jenkins/workspace/ECP/ecg-maya-hydra/ecg-maya-hydra-branch-preflight-python3-osx/ecg-maya-hydra/maya-hydra
[2023-11-16T13:12:59.174Z]           Workspace directory       /local/S/jenkins/workspace/ECP/ecg-maya-hydra/ecg-maya-hydra-branch-preflight-python3-osx
[2023-11-16T13:12:59.174Z]           Build directory           /local/S/jenkins/workspace/ECP/ecg-maya-hydra/ecg-maya-hydra-branch-preflight-python3-osx/build/RelWithDebInfo
[2023-11-16T13:12:59.174Z]           Install directory         /local/S/jenkins/workspace/ECP/ecg-maya-hydra/ecg-maya-hydra-branch-preflight-python3-osx/install/RelWithDebInfo/MayaHydra
[2023-11-16T13:12:59.174Z]           Variant                   RelWithDebInfo
[2023-11-16T13:12:59.174Z]           Python Debug              Off
[2023-11-16T13:12:59.174Z]           CMake generator           Ninja
[2023-11-16T13:12:59.174Z]           Build arguments           ['-DCMAKE_MAKE_PROGRAM=/local/S/jenkins/workspace/shared/Artifactory/OSX/ninja/1.10.2/95d0ca5/ninja', '-DPYTHON_INCLUDE_DIR=/local/S/jenkins/workspace/shared/Artifactory/OSX/rundev-master/202311060140/runtime/e9a5ae1/runTime/Maya.app/Contents/Frameworks/Python.framework/Versions/Current/include/python3.10', '-DPython_EXECUTABLE=/local/S/jenkins/workspace/shared/Artifactory/OSX/rundev-master/202311060140/runtime/e9a5ae1/runTime/Maya.app/Contents/bin/mayapy', '-DPYTHON_LIBRARIES=/local/S/jenkins/workspace/shared/Artifactory/OSX/rundev-master/202311060140/runtime/e9a5ae1/runTime/Maya.app/Contents/Frameworks/Python.framework/Versions/Current/lib/libpython3.10.dylib', '-DBUILD_WITH_PYTHON_3=ON', '-DBUILD_WITH_PYTHON_3_VERSION=3.10', '-DBUILD_UB2=ON', '-DCMAKE_WANT_MATERIALX_BUILD=ON', '-DCMAKE_PREFIX_PATH=/local/S/jenkins/workspace/shared/Artifactory/OSX/USD/b595ab2', '-DMAYAHYDRA_BUILD_NUMBER=401', '-DMAYAHYDRA_GIT_COMMIT=ec1adbcb663ba0620f97086097d51cc6f06a4681', '-DMAYAHYDRA_GIT_BRANCH=master']
[2023-11-16T13:12:59.174Z]           Stages arguments          ['build']
[2023-11-16T13:12:59.174Z]           CTest arguments           ['--parallel 8']
[2023-11-16T13:12:59.174Z]     Success MayaHydra build and install !!!!
[2023-11-16T13:12:59.174Z]     Elapsed time: 00:01:14
[Pipeline] }
[Pipeline] // withEnv
[Pipeline] }
[Pipeline] // timeout
[Pipeline] }
[Pipeline] // stage
[Pipeline] }
[Pipeline] // timestamps
[Pipeline] timestamps
[Pipeline] {
[Pipeline] stage
[Pipeline] { (Install)
[Pipeline] timeout
[2023-11-16T13:12:59.544Z] Timeout set to expire in 6 hr 0 min
[Pipeline] {
[Pipeline] withEnv
[Pipeline] {
[Pipeline] sh
[2023-11-16T13:13:00.701Z] + python ecg-maya-hydra/build.py --stages=install --workspace-dir=/local/S/jenkins/workspace/ECP/ecg-maya-hydra/ecg-maya-hydra-branch-preflight-python3-osx --artifactory-dir=/local/S/jenkins/workspace/shared/Artifactory --build-dir=/local/S/jenkins/workspace/ECP/ecg-maya-hydra/ecg-maya-hydra-branch-preflight-python3-osx/build --install-dir=/local/S/jenkins/workspace/ECP/ecg-maya-hydra/ecg-maya-hydra-branch-preflight-python3-osx/install --signing-dir=/local/S/jenkins/workspace/ECP/ecg-maya-hydra/ecg-maya-hydra-branch-preflight-python3-osx/signing --package-dir=/local/S/jenkins/workspace/ECP/ecg-maya-hydra/ecg-maya-hydra-branch-preflight-python3-osx/package --output-dir=/local/S/jenkins/workspace/ECP/ecg-maya-hydra/ecg-maya-hydra-branch-preflight-python3-osx/output --stash-dir=/local/S/jenkins/workspace/ECP/ecg-maya-hydra/ecg-maya-hydra-branch-preflight-python3-osx/stash --jenkins-build=401 --git-commit=ec1adbcb663ba0620f97086097d51cc6f06a4681 --git-branch=master --variants=Debug --interactive-tests=true --post-zips=false --osx-binary-architecture-target=ub2 --osx-deployment-target=11.0 --osx-base-sdk=CurrentActiveSDK --maya-cut-config=maya-rundev-master-debug.yaml --maya-package=rundev-master-debug --stage-banner
[2023-11-16T13:13:00.701Z] Using Maya cut from /local/S/jenkins/workspace/shared/Artifactory/OSX/rundev-master-debug/202310260154/runtime/3fe4f1c
[2023-11-16T13:13:00.701Z] Using Maya ADSK Signatures from /local/S/jenkins/workspace/shared/Artifactory/OSX/adsk-plugin-signatures-maya/2023/3ae1ae7
[2023-11-16T13:13:00.701Z] Using Maya Security Library from /local/S/jenkins/workspace/shared/Artifactory/OSX/maya-security-library/3.4.0/5e08f3e
[2023-11-16T13:13:00.701Z] 
[2023-11-16T13:13:00.701Z] ================================================================================
[2023-11-16T13:13:00.701Z]                                 install (Debug)
[2023-11-16T13:13:00.701Z] ================================================================================
[2023-11-16T13:13:00.701Z] Maya Python Debug Info:
[2023-11-16T13:13:00.701Z]   mayapy executable   = /local/S/jenkins/workspace/shared/Artifactory/OSX/rundev-master-debug/202310260154/runtime/3fe4f1c/runTime/Maya.app/Contents/bin/mayapy
[2023-11-16T13:13:00.701Z]   Include Folder      = /local/S/jenkins/workspace/shared/Artifactory/OSX/rundev-master-debug/202310260154/runtime/3fe4f1c/runTime/Maya.app/Contents/Frameworks/Python.framework/Versions/Current/include/python3.10
[2023-11-16T13:13:00.701Z]   Library             = /local/S/jenkins/workspace/shared/Artifactory/OSX/rundev-master-debug/202310260154/runtime/3fe4f1c/runTime/Maya.app/Contents/Frameworks/Python.framework/Versions/Current/lib/libpython3.10.dylib
[2023-11-16T13:13:00.701Z]   site-package Folder = /local/S/jenkins/workspace/shared/Artifactory/OSX/rundev-master-debug/202310260154/runtime/3fe4f1c/runTime/Maya.app/Contents/Frameworks/Python.framework/Versions/Current/lib/python3.10/site-packages
[2023-11-16T13:13:01.256Z] In workdir: /Volumes/DATA/local/S/jenkins/workspace/ECP/ecg-maya-hydra/ecg-maya-hydra-branch-preflight-python3-osx/ecg-maya-hydra/maya-hydra
[2023-11-16T13:13:01.256Z] Executing: arch -arch arm64 /local/S/jenkins/workspace/shared/Artifactory/OSX/rundev-master-debug/202310260154/runtime/3fe4f1c/runTime/Maya.app/Contents/bin/mayapy /Volumes/DATA/local/S/jenkins/workspace/ECP/ecg-maya-hydra/ecg-maya-hydra-branch-preflight-python3-osx/ecg-maya-hydra/maya-hydra/build.py --generator Ninja --build-debug --maya-location /local/S/jenkins/workspace/shared/Artifactory/OSX/rundev-master-debug/202310260154/runtime/3fe4f1c/runTime --devkit-location /local/S/jenkins/workspace/shared/Artifactory/OSX/rundev-master-debug/202310260154/runtime/3fe4f1c/devkitBase --pxrusd-location /local/S/jenkins/workspace/shared/Artifactory/OSX/USD/a9d0dd1 --build-args=-DCMAKE_MAKE_PROGRAM=/local/S/jenkins/workspace/shared/Artifactory/OSX/ninja/1.10.2/95d0ca5/ninja,-DPYTHON_INCLUDE_DIR=/local/S/jenkins/workspace/shared/Artifactory/OSX/rundev-master-debug/202310260154/runtime/3fe4f1c/runTime/Maya.app/Contents/Frameworks/Python.framework/Versions/Current/include/python3.10,-DPython_EXECUTABLE=/local/S/jenkins/workspace/shared/Artifactory/OSX/rundev-master-debug/202310260154/runtime/3fe4f1c/runTime/Maya.app/Contents/bin/mayapy,-DPYTHON_LIBRARIES=/local/S/jenkins/workspace/shared/Artifactory/OSX/rundev-master-debug/202310260154/runtime/3fe4f1c/runTime/Maya.app/Contents/Frameworks/Python.framework/Versions/Current/lib/libpython3.10.dylib,-DBUILD_WITH_PYTHON_3=ON,-DBUILD_WITH_PYTHON_3_VERSION=3.10,-DBUILD_UB2=ON,-DCMAKE_WANT_MATERIALX_BUILD=ON,-DCMAKE_PREFIX_PATH=/local/S/jenkins/workspace/shared/Artifactory/OSX/USD/a9d0dd1,-DMAYAHYDRA_BUILD_NUMBER=401,-DMAYAHYDRA_GIT_COMMIT=ec1adbcb663ba0620f97086097d51cc6f06a4681,-DMAYAHYDRA_GIT_BRANCH=master '--ctest-args=--parallel 8' --stages=install --redirect-outstream-file=False --install-location /local/S/jenkins/workspace/ECP/ecg-maya-hydra/ecg-maya-hydra-branch-preflight-python3-osx/install/Debug/MayaHydra /local/S/jenkins/workspace/ECP/ecg-maya-hydra/ecg-maya-hydra-branch-preflight-python3-osx
[2023-11-16T13:13:01.256Z] Modified environment variables:
[2023-11-16T13:13:01.256Z]     PATH=/local/S/jenkins/workspace/shared/Artifactory/OSX/cmake/3.20.3/2594509/bin:/opt/homebrew/bin:/usr/local/bin:/bin:/usr/sbin:/sbin:/usr/bin:/usr/bin:/bin:/usr/sbin:/sbin
[2023-11-16T13:13:01.256Z]     [0/1] Install the project...
[2023-11-16T13:13:01.256Z]     -- Install configuration: "Debug"
[2023-11-16T13:13:01.809Z]     
[2023-11-16T13:13:01.809Z]         Building with settings:
[2023-11-16T13:13:01.809Z]           Source directory          /Volumes/DATA/local/S/jenkins/workspace/ECP/ecg-maya-hydra/ecg-maya-hydra-branch-preflight-python3-osx/ecg-maya-hydra/maya-hydra
[2023-11-16T13:13:01.809Z]           Workspace directory       /local/S/jenkins/workspace/ECP/ecg-maya-hydra/ecg-maya-hydra-branch-preflight-python3-osx
[2023-11-16T13:13:01.809Z]           Build directory           /local/S/jenkins/workspace/ECP/ecg-maya-hydra/ecg-maya-hydra-branch-preflight-python3-osx/build/Debug
[2023-11-16T13:13:01.809Z]           Install directory         /local/S/jenkins/workspace/ECP/ecg-maya-hydra/ecg-maya-hydra-branch-preflight-python3-osx/install/Debug/MayaHydra
[2023-11-16T13:13:01.809Z]           Variant                   Debug
[2023-11-16T13:13:01.809Z]           Python Debug              Off
[2023-11-16T13:13:01.809Z]           CMake generator           Ninja
[2023-11-16T13:13:01.809Z]           Build arguments           ['-DCMAKE_MAKE_PROGRAM=/local/S/jenkins/workspace/shared/Artifactory/OSX/ninja/1.10.2/95d0ca5/ninja', '-DPYTHON_INCLUDE_DIR=/local/S/jenkins/workspace/shared/Artifactory/OSX/rundev-master-debug/202310260154/runtime/3fe4f1c/runTime/Maya.app/Contents/Frameworks/Python.framework/Versions/Current/include/python3.10', '-DPython_EXECUTABLE=/local/S/jenkins/workspace/shared/Artifactory/OSX/rundev-master-debug/202310260154/runtime/3fe4f1c/runTime/Maya.app/Contents/bin/mayapy', '-DPYTHON_LIBRARIES=/local/S/jenkins/workspace/shared/Artifactory/OSX/rundev-master-debug/202310260154/runtime/3fe4f1c/runTime/Maya.app/Contents/Frameworks/Python.framework/Versions/Current/lib/libpython3.10.dylib', '-DBUILD_WITH_PYTHON_3=ON', '-DBUILD_WITH_PYTHON_3_VERSION=3.10', '-DBUILD_UB2=ON', '-DCMAKE_WANT_MATERIALX_BUILD=ON', '-DCMAKE_PREFIX_PATH=/local/S/jenkins/workspace/shared/Artifactory/OSX/USD/a9d0dd1', '-DMAYAHYDRA_BUILD_NUMBER=401', '-DMAYAHYDRA_GIT_COMMIT=ec1adbcb663ba0620f97086097d51cc6f06a4681', '-DMAYAHYDRA_GIT_BRANCH=master']
[2023-11-16T13:13:01.809Z]           Stages arguments          ['install']
[2023-11-16T13:13:01.809Z]           CTest arguments           ['--parallel 8']
[2023-11-16T13:13:01.809Z]     Success MayaHydra build and install !!!!
[2023-11-16T13:13:01.809Z]     Elapsed time: 00:00:00
[Pipeline] sh
[2023-11-16T13:13:03.172Z] + python ecg-maya-hydra/build.py --stages=install --workspace-dir=/local/S/jenkins/workspace/ECP/ecg-maya-hydra/ecg-maya-hydra-branch-preflight-python3-osx --artifactory-dir=/local/S/jenkins/workspace/shared/Artifactory --build-dir=/local/S/jenkins/workspace/ECP/ecg-maya-hydra/ecg-maya-hydra-branch-preflight-python3-osx/build --install-dir=/local/S/jenkins/workspace/ECP/ecg-maya-hydra/ecg-maya-hydra-branch-preflight-python3-osx/install --signing-dir=/local/S/jenkins/workspace/ECP/ecg-maya-hydra/ecg-maya-hydra-branch-preflight-python3-osx/signing --package-dir=/local/S/jenkins/workspace/ECP/ecg-maya-hydra/ecg-maya-hydra-branch-preflight-python3-osx/package --output-dir=/local/S/jenkins/workspace/ECP/ecg-maya-hydra/ecg-maya-hydra-branch-preflight-python3-osx/output --stash-dir=/local/S/jenkins/workspace/ECP/ecg-maya-hydra/ecg-maya-hydra-branch-preflight-python3-osx/stash --jenkins-build=401 --git-commit=ec1adbcb663ba0620f97086097d51cc6f06a4681 --git-branch=master --variants=RelWithDebInfo --interactive-tests=true --post-zips=false --osx-binary-architecture-target=ub2 --osx-deployment-target=11.0 --osx-base-sdk=CurrentActiveSDK --maya-cut-config=maya-rundev-master.yaml --maya-package=rundev-master --stage-banner
[2023-11-16T13:13:03.172Z] Using Maya cut from /local/S/jenkins/workspace/shared/Artifactory/OSX/rundev-master/202311060140/runtime/e9a5ae1
[2023-11-16T13:13:03.172Z] Using Maya ADSK Signatures from /local/S/jenkins/workspace/shared/Artifactory/OSX/adsk-plugin-signatures-maya/2023/3ae1ae7
[2023-11-16T13:13:03.172Z] Using Maya Security Library from /local/S/jenkins/workspace/shared/Artifactory/OSX/maya-security-library/3.4.0/5e08f3e
[2023-11-16T13:13:03.172Z] 
[2023-11-16T13:13:03.172Z] ================================================================================
[2023-11-16T13:13:03.172Z]                             install (RelWithDebInfo)
[2023-11-16T13:13:03.172Z] ================================================================================
[2023-11-16T13:13:03.172Z] Maya Python RelWithDebInfo Info:
[2023-11-16T13:13:03.172Z]   mayapy executable   = /local/S/jenkins/workspace/shared/Artifactory/OSX/rundev-master/202311060140/runtime/e9a5ae1/runTime/Maya.app/Contents/bin/mayapy
[2023-11-16T13:13:03.172Z]   Include Folder      = /local/S/jenkins/workspace/shared/Artifactory/OSX/rundev-master/202311060140/runtime/e9a5ae1/runTime/Maya.app/Contents/Frameworks/Python.framework/Versions/Current/include/python3.10
[2023-11-16T13:13:03.172Z]   Library             = /local/S/jenkins/workspace/shared/Artifactory/OSX/rundev-master/202311060140/runtime/e9a5ae1/runTime/Maya.app/Contents/Frameworks/Python.framework/Versions/Current/lib/libpython3.10.dylib
[2023-11-16T13:13:03.173Z]   site-package Folder = /local/S/jenkins/workspace/shared/Artifactory/OSX/rundev-master/202311060140/runtime/e9a5ae1/runTime/Maya.app/Contents/Frameworks/Python.framework/Versions/Current/lib/python3.10/site-packages
[2023-11-16T13:13:03.173Z] In workdir: /Volumes/DATA/local/S/jenkins/workspace/ECP/ecg-maya-hydra/ecg-maya-hydra-branch-preflight-python3-osx/ecg-maya-hydra/maya-hydra
[2023-11-16T13:13:03.173Z] Executing: arch -arch arm64 /local/S/jenkins/workspace/shared/Artifactory/OSX/rundev-master/202311060140/runtime/e9a5ae1/runTime/Maya.app/Contents/bin/mayapy /Volumes/DATA/local/S/jenkins/workspace/ECP/ecg-maya-hydra/ecg-maya-hydra-branch-preflight-python3-osx/ecg-maya-hydra/maya-hydra/build.py --generator Ninja --build-relwithdebug --maya-location /local/S/jenkins/workspace/shared/Artifactory/OSX/rundev-master/202311060140/runtime/e9a5ae1/runTime --devkit-location /local/S/jenkins/workspace/shared/Artifactory/OSX/rundev-master/202311060140/runtime/e9a5ae1/devkitBase --pxrusd-location /local/S/jenkins/workspace/shared/Artifactory/OSX/USD/b595ab2 --build-args=-DCMAKE_MAKE_PROGRAM=/local/S/jenkins/workspace/shared/Artifactory/OSX/ninja/1.10.2/95d0ca5/ninja,-DPYTHON_INCLUDE_DIR=/local/S/jenkins/workspace/shared/Artifactory/OSX/rundev-master/202311060140/runtime/e9a5ae1/runTime/Maya.app/Contents/Frameworks/Python.framework/Versions/Current/include/python3.10,-DPython_EXECUTABLE=/local/S/jenkins/workspace/shared/Artifactory/OSX/rundev-master/202311060140/runtime/e9a5ae1/runTime/Maya.app/Contents/bin/mayapy,-DPYTHON_LIBRARIES=/local/S/jenkins/workspace/shared/Artifactory/OSX/rundev-master/202311060140/runtime/e9a5ae1/runTime/Maya.app/Contents/Frameworks/Python.framework/Versions/Current/lib/libpython3.10.dylib,-DBUILD_WITH_PYTHON_3=ON,-DBUILD_WITH_PYTHON_3_VERSION=3.10,-DBUILD_UB2=ON,-DCMAKE_WANT_MATERIALX_BUILD=ON,-DCMAKE_PREFIX_PATH=/local/S/jenkins/workspace/shared/Artifactory/OSX/USD/b595ab2,-DMAYAHYDRA_BUILD_NUMBER=401,-DMAYAHYDRA_GIT_COMMIT=ec1adbcb663ba0620f97086097d51cc6f06a4681,-DMAYAHYDRA_GIT_BRANCH=master '--ctest-args=--parallel 8' --stages=install --redirect-outstream-file=False --install-location /local/S/jenkins/workspace/ECP/ecg-maya-hydra/ecg-maya-hydra-branch-preflight-python3-osx/install/RelWithDebInfo/MayaHydra /local/S/jenkins/workspace/ECP/ecg-maya-hydra/ecg-maya-hydra-branch-preflight-python3-osx
[2023-11-16T13:13:03.173Z] Modified environment variables:
[2023-11-16T13:13:03.173Z]     PATH=/local/S/jenkins/workspace/shared/Artifactory/OSX/cmake/3.20.3/2594509/bin:/opt/homebrew/bin:/usr/local/bin:/bin:/usr/sbin:/sbin:/usr/bin:/usr/bin:/bin:/usr/sbin:/sbin
[2023-11-16T13:13:03.725Z]     [0/1] Install the project...
[2023-11-16T13:13:03.725Z]     -- Install configuration: "RelWithDebInfo"
[2023-11-16T13:13:03.725Z]     
[2023-11-16T13:13:03.725Z]         Building with settings:
[2023-11-16T13:13:03.725Z]           Source directory          /Volumes/DATA/local/S/jenkins/workspace/ECP/ecg-maya-hydra/ecg-maya-hydra-branch-preflight-python3-osx/ecg-maya-hydra/maya-hydra
[2023-11-16T13:13:03.725Z]           Workspace directory       /local/S/jenkins/workspace/ECP/ecg-maya-hydra/ecg-maya-hydra-branch-preflight-python3-osx
[2023-11-16T13:13:03.725Z]           Build directory           /local/S/jenkins/workspace/ECP/ecg-maya-hydra/ecg-maya-hydra-branch-preflight-python3-osx/build/RelWithDebInfo
[2023-11-16T13:13:03.725Z]           Install directory         /local/S/jenkins/workspace/ECP/ecg-maya-hydra/ecg-maya-hydra-branch-preflight-python3-osx/install/RelWithDebInfo/MayaHydra
[2023-11-16T13:13:03.725Z]           Variant                   RelWithDebInfo
[2023-11-16T13:13:03.725Z]           Python Debug              Off
[2023-11-16T13:13:03.725Z]           CMake generator           Ninja
[2023-11-16T13:13:03.725Z]           Build arguments           ['-DCMAKE_MAKE_PROGRAM=/local/S/jenkins/workspace/shared/Artifactory/OSX/ninja/1.10.2/95d0ca5/ninja', '-DPYTHON_INCLUDE_DIR=/local/S/jenkins/workspace/shared/Artifactory/OSX/rundev-master/202311060140/runtime/e9a5ae1/runTime/Maya.app/Contents/Frameworks/Python.framework/Versions/Current/include/python3.10', '-DPython_EXECUTABLE=/local/S/jenkins/workspace/shared/Artifactory/OSX/rundev-master/202311060140/runtime/e9a5ae1/runTime/Maya.app/Contents/bin/mayapy', '-DPYTHON_LIBRARIES=/local/S/jenkins/workspace/shared/Artifactory/OSX/rundev-master/202311060140/runtime/e9a5ae1/runTime/Maya.app/Contents/Frameworks/Python.framework/Versions/Current/lib/libpython3.10.dylib', '-DBUILD_WITH_PYTHON_3=ON', '-DBUILD_WITH_PYTHON_3_VERSION=3.10', '-DBUILD_UB2=ON', '-DCMAKE_WANT_MATERIALX_BUILD=ON', '-DCMAKE_PREFIX_PATH=/local/S/jenkins/workspace/shared/Artifactory/OSX/USD/b595ab2', '-DMAYAHYDRA_BUILD_NUMBER=401', '-DMAYAHYDRA_GIT_COMMIT=ec1adbcb663ba0620f97086097d51cc6f06a4681', '-DMAYAHYDRA_GIT_BRANCH=master']
[2023-11-16T13:13:03.725Z]           Stages arguments          ['install']
[2023-11-16T13:13:03.725Z]           CTest arguments           ['--parallel 8']
[2023-11-16T13:13:03.725Z]     Success MayaHydra build and install !!!!
[2023-11-16T13:13:03.725Z]     Elapsed time: 00:00:00
[Pipeline] }
[Pipeline] // withEnv
[Pipeline] }
[Pipeline] // timeout
[Pipeline] }
[Pipeline] // stage
[Pipeline] }
[Pipeline] // timestamps
[Pipeline] timestamps
[Pipeline] {
[Pipeline] stage
[Pipeline] { (Test)
[Pipeline] timeout
[2023-11-16T13:13:04.091Z] Timeout set to expire in 6 hr 0 min
[Pipeline] {
[Pipeline] withEnv
[Pipeline] {
[Pipeline] sh
[2023-11-16T13:13:05.255Z] + python ecg-maya-hydra/build.py --stages=test --workspace-dir=/local/S/jenkins/workspace/ECP/ecg-maya-hydra/ecg-maya-hydra-branch-preflight-python3-osx --artifactory-dir=/local/S/jenkins/workspace/shared/Artifactory --build-dir=/local/S/jenkins/workspace/ECP/ecg-maya-hydra/ecg-maya-hydra-branch-preflight-python3-osx/build --install-dir=/local/S/jenkins/workspace/ECP/ecg-maya-hydra/ecg-maya-hydra-branch-preflight-python3-osx/install --signing-dir=/local/S/jenkins/workspace/ECP/ecg-maya-hydra/ecg-maya-hydra-branch-preflight-python3-osx/signing --package-dir=/local/S/jenkins/workspace/ECP/ecg-maya-hydra/ecg-maya-hydra-branch-preflight-python3-osx/package --output-dir=/local/S/jenkins/workspace/ECP/ecg-maya-hydra/ecg-maya-hydra-branch-preflight-python3-osx/output --stash-dir=/local/S/jenkins/workspace/ECP/ecg-maya-hydra/ecg-maya-hydra-branch-preflight-python3-osx/stash --jenkins-build=401 --git-commit=ec1adbcb663ba0620f97086097d51cc6f06a4681 --git-branch=master --variants=RelWithDebInfo --interactive-tests=true --post-zips=false --osx-binary-architecture-target=ub2 --osx-deployment-target=11.0 --osx-base-sdk=CurrentActiveSDK --test-jobs=0 --failed-test-retry=3 --maya-cut-config=maya-rundev-master.yaml --maya-package=rundev-master --stage-banner --progressive-timeout
[2023-11-16T13:13:05.255Z] Using Maya cut from /local/S/jenkins/workspace/shared/Artifactory/OSX/rundev-master/202311060140/runtime/e9a5ae1
[2023-11-16T13:13:05.255Z] Using Maya ADSK Signatures from /local/S/jenkins/workspace/shared/Artifactory/OSX/adsk-plugin-signatures-maya/2023/3ae1ae7
[2023-11-16T13:13:05.255Z] Using Maya Security Library from /local/S/jenkins/workspace/shared/Artifactory/OSX/maya-security-library/3.4.0/5e08f3e
[2023-11-16T13:13:05.255Z] 
[2023-11-16T13:13:05.255Z] ================================================================================
[2023-11-16T13:13:05.255Z]                              test (RelWithDebInfo)
[2023-11-16T13:13:05.255Z] ================================================================================
[2023-11-16T13:13:05.255Z] Maya Python RelWithDebInfo Info:
[2023-11-16T13:13:05.256Z]   mayapy executable   = /local/S/jenkins/workspace/shared/Artifactory/OSX/rundev-master/202311060140/runtime/e9a5ae1/runTime/Maya.app/Contents/bin/mayapy
[2023-11-16T13:13:05.256Z]   Include Folder      = /local/S/jenkins/workspace/shared/Artifactory/OSX/rundev-master/202311060140/runtime/e9a5ae1/runTime/Maya.app/Contents/Frameworks/Python.framework/Versions/Current/include/python3.10
[2023-11-16T13:13:05.256Z]   Library             = /local/S/jenkins/workspace/shared/Artifactory/OSX/rundev-master/202311060140/runtime/e9a5ae1/runTime/Maya.app/Contents/Frameworks/Python.framework/Versions/Current/lib/libpython3.10.dylib
[2023-11-16T13:13:05.256Z]   site-package Folder = /local/S/jenkins/workspace/shared/Artifactory/OSX/rundev-master/202311060140/runtime/e9a5ae1/runTime/Maya.app/Contents/Frameworks/Python.framework/Versions/Current/lib/python3.10/site-packages
[2023-11-16T13:13:05.256Z] In workdir: /Volumes/DATA/local/S/jenkins/workspace/ECP/ecg-maya-hydra/ecg-maya-hydra-branch-preflight-python3-osx/ecg-maya-hydra/maya-hydra
[2023-11-16T13:13:05.256Z] Executing: arch -arch arm64 /local/S/jenkins/workspace/shared/Artifactory/OSX/rundev-master/202311060140/runtime/e9a5ae1/runTime/Maya.app/Contents/bin/mayapy /Volumes/DATA/local/S/jenkins/workspace/ECP/ecg-maya-hydra/ecg-maya-hydra-branch-preflight-python3-osx/ecg-maya-hydra/maya-hydra/build.py --generator Ninja --build-relwithdebug --maya-location /local/S/jenkins/workspace/shared/Artifactory/OSX/rundev-master/202311060140/runtime/e9a5ae1/runTime --devkit-location /local/S/jenkins/workspace/shared/Artifactory/OSX/rundev-master/202311060140/runtime/e9a5ae1/devkitBase --pxrusd-location /local/S/jenkins/workspace/shared/Artifactory/OSX/USD/b595ab2 --build-args=-DCMAKE_MAKE_PROGRAM=/local/S/jenkins/workspace/shared/Artifactory/OSX/ninja/1.10.2/95d0ca5/ninja,-DPYTHON_INCLUDE_DIR=/local/S/jenkins/workspace/shared/Artifactory/OSX/rundev-master/202311060140/runtime/e9a5ae1/runTime/Maya.app/Contents/Frameworks/Python.framework/Versions/Current/include/python3.10,-DPython_EXECUTABLE=/local/S/jenkins/workspace/shared/Artifactory/OSX/rundev-master/202311060140/runtime/e9a5ae1/runTime/Maya.app/Contents/bin/mayapy,-DPYTHON_LIBRARIES=/local/S/jenkins/workspace/shared/Artifactory/OSX/rundev-master/202311060140/runtime/e9a5ae1/runTime/Maya.app/Contents/Frameworks/Python.framework/Versions/Current/lib/libpython3.10.dylib,-DBUILD_WITH_PYTHON_3=ON,-DBUILD_WITH_PYTHON_3_VERSION=3.10,-DBUILD_UB2=ON,-DCMAKE_WANT_MATERIALX_BUILD=ON,-DCMAKE_PREFIX_PATH=/local/S/jenkins/workspace/shared/Artifactory/OSX/USD/b595ab2,-DMAYAHYDRA_BUILD_NUMBER=401,-DMAYAHYDRA_GIT_COMMIT=ec1adbcb663ba0620f97086097d51cc6f06a4681,-DMAYAHYDRA_GIT_BRANCH=master '--ctest-args=--parallel 8' --stages=test --redirect-outstream-file=False --install-location /local/S/jenkins/workspace/ECP/ecg-maya-hydra/ecg-maya-hydra-branch-preflight-python3-osx/install/RelWithDebInfo/MayaHydra /local/S/jenkins/workspace/ECP/ecg-maya-hydra/ecg-maya-hydra-branch-preflight-python3-osx
[2023-11-16T13:13:05.256Z] Modified environment variables:
[2023-11-16T13:13:05.256Z]     PATH=/local/S/jenkins/workspace/shared/Artifactory/OSX/cmake/3.20.3/2594509/bin:/opt/homebrew/bin:/usr/local/bin:/bin:/usr/sbin:/sbin:/usr/bin:/usr/bin:/bin:/usr/sbin:/sbin
[2023-11-16T13:13:05.814Z]     Test project /Volumes/DATA/local/S/jenkins/workspace/ECP/ecg-maya-hydra/ecg-maya-hydra-branch-preflight-python3-osx/build/RelWithDebInfo
[2023-11-16T13:13:05.814Z]           Start  1: _Interactive_Maya
[2023-11-16T13:13:05.814Z]      1/20 Test  #1: _Interactive_Maya ...........................***Not Run (Disabled)   0.00 sec
[2023-11-16T13:13:05.814Z]           Start  2: testImageDiffing
[2023-11-16T13:13:05.814Z]           Start  3: testMtohCommand
[2023-11-16T13:13:05.814Z]           Start  4: testMeshes
[2023-11-16T13:13:05.814Z]           Start  5: testNamespaces
[2023-11-16T13:13:05.814Z]           Start  6: testVisibility
[2023-11-16T13:13:05.814Z]           Start  7: testRendererSwitching
[2023-11-16T13:13:05.814Z]           Start  8: testSceneBrowser
[2023-11-16T13:13:05.814Z]           Start  9: testStageAddPrim
[2023-11-16T13:13:15.429Z]      2/20 Test  #9: testStageAddPrim ............................   Passed    8.80 sec
[2023-11-16T13:13:15.429Z]           Start 10: testNewSceneWithStage
[2023-11-16T13:13:15.429Z]      3/20 Test  #8: testSceneBrowser ............................   Passed    8.81 sec
[2023-11-16T13:13:15.429Z]           Start 11: testDirectionalLights
[2023-11-16T13:13:15.429Z]      4/20 Test  #3: testMtohCommand .............................   Passed    8.98 sec
[2023-11-16T13:13:15.429Z]           Start 12: testColorPreferences
[2023-11-16T13:13:15.429Z]      5/20 Test  #5: testNamespaces ..............................   Passed    9.01 sec
[2023-11-16T13:13:15.429Z]           Start 13: testCppFramework
[2023-11-16T13:13:15.429Z]      6/20 Test  #7: testRendererSwitching .......................   Passed    9.14 sec
[2023-11-16T13:13:15.429Z]           Start 14: testMayaSceneFlattening
[2023-11-16T13:13:15.429Z]      7/20 Test  #4: testMeshes ..................................   Passed    9.24 sec
[2023-11-16T13:13:15.429Z]           Start 15: testMayaUsdUfeItems
[2023-11-16T13:13:15.429Z]      8/20 Test  #2: testImageDiffing ............................   Passed    9.64 sec
[2023-11-16T13:13:15.429Z]           Start 16: testMergingSceneIndex
[2023-11-16T13:13:15.986Z]      9/20 Test  #6: testVisibility ..............................   Passed   10.59 sec
[2023-11-16T13:13:15.986Z]           Start 17: testSelectionSceneIndex
[2023-11-16T13:13:21.721Z]     10/20 Test #10: testNewSceneWithStage .......................   Passed    7.33 sec
[2023-11-16T13:13:21.721Z]           Start 18: testWireframeSelectionHighlightSceneIndex
[2023-11-16T13:13:21.721Z]     11/20 Test #11: testDirectionalLights .......................   Passed    7.38 sec
[2023-11-16T13:13:21.721Z]           Start 19: testFlowViewportAPIViewportInformation
[2023-11-16T13:13:21.721Z]     12/20 Test #15: testMayaUsdUfeItems .........................   Passed    7.06 sec
[2023-11-16T13:13:21.721Z]           Start 20: testMeshes_meshAdapter
[2023-11-16T13:13:22.284Z]     13/20 Test #13: testCppFramework ............................   Passed    7.36 sec
[2023-11-16T13:13:22.284Z]     14/20 Test #14: testMayaSceneFlattening .....................   Passed    7.37 sec
[2023-11-16T13:13:22.284Z]     15/20 Test #12: testColorPreferences ........................   Passed    7.74 sec
[2023-11-16T13:13:22.284Z]     16/20 Test #16: testMergingSceneIndex .......................   Passed    7.19 sec
[2023-11-16T13:13:23.440Z]     17/20 Test #17: testSelectionSceneIndex .....................   Passed    6.87 sec
[2023-11-16T13:13:26.823Z]     18/20 Test #18: testWireframeSelectionHighlightSceneIndex ...   Passed    4.83 sec
[2023-11-16T13:13:26.823Z]     19/20 Test #19: testFlowViewportAPIViewportInformation ......   Passed    4.92 sec
[2023-11-16T13:13:26.823Z]     20/20 Test #20: testMeshes_meshAdapter ......................   Passed    4.96 sec
[2023-11-16T13:13:26.823Z]     
[2023-11-16T13:13:26.823Z]     100% tests passed, 0 tests failed out of 19
[2023-11-16T13:13:26.823Z]     
[2023-11-16T13:13:26.823Z]     Label Time Summary:
[2023-11-16T13:13:26.823Z]     Debugging      =   0.00 sec*proc (1 test)
[2023-11-16T13:13:26.823Z]     interactive    = 147.21 sec*proc (19 tests)
[2023-11-16T13:13:26.823Z]     mayaHydra      = 147.21 sec*proc (19 tests)
[2023-11-16T13:13:26.823Z]     
[2023-11-16T13:13:26.823Z]     Total Test time (real) =  21.27 sec
[2023-11-16T13:13:26.823Z]     
[2023-11-16T13:13:26.823Z]     The following tests did not run:
[2023-11-16T13:13:26.823Z]     	  1 - _Interactive_Maya (Disabled)
[2023-11-16T13:13:26.823Z]     
[2023-11-16T13:13:26.823Z]         Building with settings:
[2023-11-16T13:13:26.823Z]           Source directory          /Volumes/DATA/local/S/jenkins/workspace/ECP/ecg-maya-hydra/ecg-maya-hydra-branch-preflight-python3-osx/ecg-maya-hydra/maya-hydra
[2023-11-16T13:13:26.823Z]           Workspace directory       /local/S/jenkins/workspace/ECP/ecg-maya-hydra/ecg-maya-hydra-branch-preflight-python3-osx
[2023-11-16T13:13:26.823Z]           Build directory           /local/S/jenkins/workspace/ECP/ecg-maya-hydra/ecg-maya-hydra-branch-preflight-python3-osx/build/RelWithDebInfo
[2023-11-16T13:13:26.823Z]           Install directory         /local/S/jenkins/workspace/ECP/ecg-maya-hydra/ecg-maya-hydra-branch-preflight-python3-osx/install/RelWithDebInfo/MayaHydra
[2023-11-16T13:13:26.823Z]           Variant                   RelWithDebInfo
[2023-11-16T13:13:26.823Z]           Python Debug              Off
[2023-11-16T13:13:26.823Z]           CMake generator           Ninja
[2023-11-16T13:13:26.823Z]           Build arguments           ['-DCMAKE_MAKE_PROGRAM=/local/S/jenkins/workspace/shared/Artifactory/OSX/ninja/1.10.2/95d0ca5/ninja', '-DPYTHON_INCLUDE_DIR=/local/S/jenkins/workspace/shared/Artifactory/OSX/rundev-master/202311060140/runtime/e9a5ae1/runTime/Maya.app/Contents/Frameworks/Python.framework/Versions/Current/include/python3.10', '-DPython_EXECUTABLE=/local/S/jenkins/workspace/shared/Artifactory/OSX/rundev-master/202311060140/runtime/e9a5ae1/runTime/Maya.app/Contents/bin/mayapy', '-DPYTHON_LIBRARIES=/local/S/jenkins/workspace/shared/Artifactory/OSX/rundev-master/202311060140/runtime/e9a5ae1/runTime/Maya.app/Contents/Frameworks/Python.framework/Versions/Current/lib/libpython3.10.dylib', '-DBUILD_WITH_PYTHON_3=ON', '-DBUILD_WITH_PYTHON_3_VERSION=3.10', '-DBUILD_UB2=ON', '-DCMAKE_WANT_MATERIALX_BUILD=ON', '-DCMAKE_PREFIX_PATH=/local/S/jenkins/workspace/shared/Artifactory/OSX/USD/b595ab2', '-DMAYAHYDRA_BUILD_NUMBER=401', '-DMAYAHYDRA_GIT_COMMIT=ec1adbcb663ba0620f97086097d51cc6f06a4681', '-DMAYAHYDRA_GIT_BRANCH=master']
[2023-11-16T13:13:26.823Z]           Stages arguments          ['test']
[2023-11-16T13:13:26.823Z]           CTest arguments           ['--parallel 8']
[2023-11-16T13:13:26.823Z]     Success running MayaHydra tests !!!!
[Pipeline] }
[Pipeline] // withEnv
[Pipeline] }
[Pipeline] // timeout
[Pipeline] }
[Pipeline] // stage
[Pipeline] }
[Pipeline] // timestamps
[Pipeline] timestamps
[Pipeline] {
[Pipeline] stage
[Pipeline] { (Cleanup)
[Pipeline] timeout
[2023-11-16T13:13:27.189Z] Timeout set to expire in 6 hr 0 min
[Pipeline] {
[Pipeline] withEnv
[Pipeline] {
[Pipeline] sh
[2023-11-16T13:13:28.352Z] + python ecg-maya-hydra/build.py --stages=cleanup --workspace-dir=/local/S/jenkins/workspace/ECP/ecg-maya-hydra/ecg-maya-hydra-branch-preflight-python3-osx --artifactory-dir=/local/S/jenkins/workspace/shared/Artifactory --build-dir=/local/S/jenkins/workspace/ECP/ecg-maya-hydra/ecg-maya-hydra-branch-preflight-python3-osx/build --install-dir=/local/S/jenkins/workspace/ECP/ecg-maya-hydra/ecg-maya-hydra-branch-preflight-python3-osx/install --signing-dir=/local/S/jenkins/workspace/ECP/ecg-maya-hydra/ecg-maya-hydra-branch-preflight-python3-osx/signing --package-dir=/local/S/jenkins/workspace/ECP/ecg-maya-hydra/ecg-maya-hydra-branch-preflight-python3-osx/package --output-dir=/local/S/jenkins/workspace/ECP/ecg-maya-hydra/ecg-maya-hydra-branch-preflight-python3-osx/output --stash-dir=/local/S/jenkins/workspace/ECP/ecg-maya-hydra/ecg-maya-hydra-branch-preflight-python3-osx/stash --jenkins-build=401 --git-commit=ec1adbcb663ba0620f97086097d51cc6f06a4681 --git-branch=master --variants=Debug --interactive-tests=true --post-zips=false --osx-binary-architecture-target=ub2 --osx-deployment-target=11.0 --osx-base-sdk=CurrentActiveSDK --maya-cut-config=maya-rundev-master-debug.yaml --maya-package=rundev-master-debug --stage-banner
[2023-11-16T13:13:28.352Z] Using Maya cut from /local/S/jenkins/workspace/shared/Artifactory/OSX/rundev-master-debug/202310260154/runtime/3fe4f1c
[2023-11-16T13:13:28.352Z] Using Maya ADSK Signatures from /local/S/jenkins/workspace/shared/Artifactory/OSX/adsk-plugin-signatures-maya/2023/3ae1ae7
[2023-11-16T13:13:28.352Z] Using Maya Security Library from /local/S/jenkins/workspace/shared/Artifactory/OSX/maya-security-library/3.4.0/5e08f3e
[2023-11-16T13:13:28.352Z] 
[2023-11-16T13:13:28.352Z] ================================================================================
[2023-11-16T13:13:28.352Z]                                cleanup (Finalize)
[2023-11-16T13:13:28.352Z] ================================================================================
[2023-11-16T13:13:28.352Z] Cleaning up workspace
[2023-11-16T13:13:28.352Z] Removing directory: /local/S/jenkins/workspace/ECP/ecg-maya-hydra/ecg-maya-hydra-branch-preflight-python3-osx/build
[2023-11-16T13:13:28.352Z] Removing directory: /local/S/jenkins/workspace/ECP/ecg-maya-hydra/ecg-maya-hydra-branch-preflight-python3-osx/install
[Pipeline] sh
[2023-11-16T13:13:29.721Z] + python ecg-maya-hydra/build.py --stages=cleanup --workspace-dir=/local/S/jenkins/workspace/ECP/ecg-maya-hydra/ecg-maya-hydra-branch-preflight-python3-osx --artifactory-dir=/local/S/jenkins/workspace/shared/Artifactory --build-dir=/local/S/jenkins/workspace/ECP/ecg-maya-hydra/ecg-maya-hydra-branch-preflight-python3-osx/build --install-dir=/local/S/jenkins/workspace/ECP/ecg-maya-hydra/ecg-maya-hydra-branch-preflight-python3-osx/install --signing-dir=/local/S/jenkins/workspace/ECP/ecg-maya-hydra/ecg-maya-hydra-branch-preflight-python3-osx/signing --package-dir=/local/S/jenkins/workspace/ECP/ecg-maya-hydra/ecg-maya-hydra-branch-preflight-python3-osx/package --output-dir=/local/S/jenkins/workspace/ECP/ecg-maya-hydra/ecg-maya-hydra-branch-preflight-python3-osx/output --stash-dir=/local/S/jenkins/workspace/ECP/ecg-maya-hydra/ecg-maya-hydra-branch-preflight-python3-osx/stash --jenkins-build=401 --git-commit=ec1adbcb663ba0620f97086097d51cc6f06a4681 --git-branch=master --variants=RelWithDebInfo --interactive-tests=true --post-zips=false --osx-binary-architecture-target=ub2 --osx-deployment-target=11.0 --osx-base-sdk=CurrentActiveSDK --maya-cut-config=maya-rundev-master.yaml --maya-package=rundev-master --stage-banner
[2023-11-16T13:13:29.721Z] Using Maya cut from /local/S/jenkins/workspace/shared/Artifactory/OSX/rundev-master/202311060140/runtime/e9a5ae1
[2023-11-16T13:13:29.721Z] Using Maya ADSK Signatures from /local/S/jenkins/workspace/shared/Artifactory/OSX/adsk-plugin-signatures-maya/2023/3ae1ae7
[2023-11-16T13:13:29.721Z] Using Maya Security Library from /local/S/jenkins/workspace/shared/Artifactory/OSX/maya-security-library/3.4.0/5e08f3e
[2023-11-16T13:13:29.721Z] 
[2023-11-16T13:13:29.721Z] ================================================================================
[2023-11-16T13:13:29.721Z]                                cleanup (Finalize)
[2023-11-16T13:13:29.721Z] ================================================================================
[2023-11-16T13:13:29.721Z] Cleaning up workspace
[Pipeline] }
[Pipeline] // withEnv
[Pipeline] }
[Pipeline] // timeout
[Pipeline] }
[Pipeline] // stage
[Pipeline] }
[Pipeline] // timestamps
[Pipeline] }
[Pipeline] // node
[Pipeline] End of Pipeline
[Checks API] No suitable checks publisher found.
Finished: SUCCESS
