[2023-11-16T16:41:23.566Z] ================================================================================
[2023-11-16T16:41:23.566Z]                                  setup (Debug)
[2023-11-16T16:41:23.566Z] ================================================================================
[2023-11-16T16:41:23.566Z] Installing license file 'melicense.lic'.
[Pipeline] sh
[2023-11-16T16:41:24.906Z] + scl enable gcc-toolset-11 -
[2023-11-16T16:41:24.906Z] + '[' enable = load -o enable = unload ']'
[2023-11-16T16:41:24.906Z] + /usr/bin/scl enable gcc-toolset-11 -
[2023-11-16T16:41:24.906Z] python ecg-maya-hydra/build.py --stages=setup --workspace-dir=/local/S/jenkins/workspace/ECP/ecg-maya-hydra/ecg-maya-hydra-branch-preflight-python3-linux --artifactory-dir=/local/S/jenkins/workspace/shared/Artifactory --build-dir=/local/S/jenkins/workspace/ECP/ecg-maya-hydra/ecg-maya-hydra-branch-preflight-python3-linux/build --install-dir=/local/S/jenkins/workspace/ECP/ecg-maya-hydra/ecg-maya-hydra-branch-preflight-python3-linux/install --signing-dir=/local/S/jenkins/workspace/ECP/ecg-maya-hydra/ecg-maya-hydra-branch-preflight-python3-linux/signing --package-dir=/local/S/jenkins/workspace/ECP/ecg-maya-hydra/ecg-maya-hydra-branch-preflight-python3-linux/package --output-dir=/local/S/jenkins/workspace/ECP/ecg-maya-hydra/ecg-maya-hydra-branch-preflight-python3-linux/output --stash-dir=/local/S/jenkins/workspace/ECP/ecg-maya-hydra/ecg-maya-hydra-branch-preflight-python3-linux/stash --jenkins-build=401 --git-commit=2e666b0e615b7aee74291ec1d141fa3458af2970 --git-branch=master --variants=RelWithDebInfo --interactive-tests=true --post-zips=false --osx-binary-architecture-target=ub2 --osx-deployment-target=11.0 --osx-base-sdk=CurrentActiveSDK --extra-license-file=ecg-maya-hydra/jenkins-o03-cot/melicense.lic --prune-versions=3 --prune-revisions=3 --maya-cut-config=maya-rundev-master.yaml --maya-package=rundev-master --stage-banner --prune-artifacts --force-pruning
[2023-11-16T16:41:24.906Z] Getting rundev-master download URL from Maya SHA-1 hash
[2023-11-16T16:41:24.906Z] Finding Artifactory servers response times
[2023-11-16T16:41:27.413Z] [VERBOSE] Start loading URL (CURL): https://art-bear.autodesk.com/artifactory/api/system/ping
[2023-11-16T16:41:27.413Z] [DEBUG] Running: /usr/bin/curl -s -X GET --keepalive-time 10 --connect-timeout 60 --speed-limit 10000 --speed-time 120 --max-time 3600 --retry 5 --retry-max-time 2400 -H Connection:close https://art-bear.autodesk.com/artifactory/api/system/ping
[2023-11-16T16:41:27.413Z] [DEBUG] Output:
[2023-11-16T16:41:27.413Z] OK
[2023-11-16T16:41:27.413Z] [VERBOSE] End loading URL (CURL): https://art-bear.autodesk.com/artifactory/api/system/ping
[2023-11-16T16:41:27.413Z] [VERBOSE] Start loading URL (CURL): https://art-marmotte.autodesk.com/artifactory/api/system/ping
[2023-11-16T16:41:27.413Z] [DEBUG] Running: /usr/bin/curl -s -X GET --keepalive-time 10 --connect-timeout 60 --speed-limit 10000 --speed-time 120 --max-time 3600 --retry 5 --retry-max-time 2400 -H Connection:close https://art-marmotte.autodesk.com/artifactory/api/system/ping
[2023-11-16T16:41:27.413Z] [DEBUG] Output:
[2023-11-16T16:41:27.413Z] OK
[2023-11-16T16:41:27.413Z] [VERBOSE] End loading URL (CURL): https://art-marmotte.autodesk.com/artifactory/api/system/ping
[2023-11-16T16:41:27.413Z] [VERBOSE] Start loading URL (CURL): https://art-bobcat.autodesk.com/artifactory/api/system/ping
[2023-11-16T16:41:27.413Z] [DEBUG] Running: /usr/bin/curl -s -X GET --keepalive-time 10 --connect-timeout 60 --speed-limit 10000 --speed-time 120 --max-time 3600 --retry 5 --retry-max-time 2400 -H Connection:close https://art-bobcat.autodesk.com/artifactory/api/system/ping
[2023-11-16T16:41:27.413Z] [DEBUG] Output:
[2023-11-16T16:41:27.413Z] OK
[2023-11-16T16:41:27.413Z] [VERBOSE] End loading URL (CURL): https://art-bobcat.autodesk.com/artifactory/api/system/ping
[2023-11-16T16:41:27.413Z] [VERBOSE] Start loading URL (CURL): https://art-bear.autodesk.com/artifactory/api/search/checksum?repos=autodesk-3p-generic,adsk-build-tools-generic,team-ecg-generic,team-maya-generic,oss-stg-generic&sha1=33fa670efb8a2e6e0fe7cf43f43781754a0452be
[2023-11-16T16:41:27.413Z] [DEBUG] Running: /usr/bin/curl -s -X GET --keepalive-time 10 --connect-timeout 60 --speed-limit 10000 --speed-time 120 --max-time 3600 --retry 5 --retry-max-time 2400 -H Connection:close -H Authorization:Basic ZWNnYmlmcm9zdDpvcGUqKjAw https://art-bear.autodesk.com/artifactory/api/search/checksum?repos=autodesk-3p-generic,adsk-build-tools-generic,team-ecg-generic,team-maya-generic,oss-stg-generic&sha1=33fa670efb8a2e6e0fe7cf43f43781754a0452be
[2023-11-16T16:41:27.413Z] [DEBUG] Output:
[2023-11-16T16:41:27.413Z] {
[2023-11-16T16:41:27.413Z]   "results" : [ {
[2023-11-16T16:41:27.413Z]     "uri" : "https://art-bear.autodesk.com:443/artifactory/api/storage/team-maya-generic/Maya/master/plnx/2023-11-06-01-40_068e1a5022/202311060140-068e1a5022-RUNDEV.tgz"
[2023-11-16T16:41:27.413Z]   } ]
[2023-11-16T16:41:27.413Z] }
[2023-11-16T16:41:27.414Z] [VERBOSE] End loading URL (CURL): https://art-bear.autodesk.com/artifactory/api/search/checksum?repos=autodesk-3p-generic,adsk-build-tools-generic,team-ecg-generic,team-maya-generic,oss-stg-generic&sha1=33fa670efb8a2e6e0fe7cf43f43781754a0452be
[2023-11-16T16:41:27.414Z] [VERBOSE] Start loading URL (CURL): https://art-bear.autodesk.com:443/artifactory/api/storage/team-maya-generic/Maya/master/plnx/2023-11-06-01-40_068e1a5022/202311060140-068e1a5022-RUNDEV.tgz
[2023-11-16T16:41:27.414Z] [DEBUG] Running: /usr/bin/curl -s -X GET --keepalive-time 10 --connect-timeout 60 --speed-limit 10000 --speed-time 120 --max-time 3600 --retry 5 --retry-max-time 2400 -H Connection:close -H Authorization:Basic ZWNnYmlmcm9zdDpvcGUqKjAw https://art-bear.autodesk.com:443/artifactory/api/storage/team-maya-generic/Maya/master/plnx/2023-11-06-01-40_068e1a5022/202311060140-068e1a5022-RUNDEV.tgz
[2023-11-16T16:41:27.414Z] [DEBUG] Output:
[2023-11-16T16:41:27.414Z] {
[2023-11-16T16:41:27.414Z]   "repo" : "team-maya-generic",
[2023-11-16T16:41:27.414Z]   "path" : "/Maya/master/plnx/2023-11-06-01-40_068e1a5022/202311060140-068e1a5022-RUNDEV.tgz",
[2023-11-16T16:41:27.414Z]   "created" : "2023-11-06T06:08:42.594-05:00",
[2023-11-16T16:41:27.414Z]   "createdBy" : "token:art-bear.autodesk.com",
[2023-11-16T16:41:27.414Z]   "lastModified" : "2023-11-06T06:08:42.586-05:00",
[2023-11-16T16:41:27.414Z]   "modifiedBy" : "token:art-bear.autodesk.com",
[2023-11-16T16:41:27.414Z]   "lastUpdated" : "2023-11-06T06:08:42.595-05:00",
[2023-11-16T16:41:27.414Z]   "downloadUri" : "https://art-bear.autodesk.com:443/artifactory/team-maya-generic/Maya/master/plnx/2023-11-06-01-40_068e1a5022/202311060140-068e1a5022-RUNDEV.tgz",
[2023-11-16T16:41:27.414Z]   "mimeType" : "application/x-gzip",
[2023-11-16T16:41:27.414Z]   "size" : "2638320878",
[2023-11-16T16:41:27.414Z]   "checksums" : {
[2023-11-16T16:41:27.414Z]     "sha1" : "33fa670efb8a2e6e0fe7cf43f43781754a0452be",
[2023-11-16T16:41:27.414Z]     "md5" : "b1b7b29034b5d3c2e8db81b177964673",
[2023-11-16T16:41:27.414Z]     "sha256" : "140f43d5f3a0a154fad2afe7cb7c09843019dfc72124c0e6e13f2e00c6808fd8"
[2023-11-16T16:41:27.414Z]   },
[2023-11-16T16:41:27.414Z]   "originalChecksums" : {
[2023-11-16T16:41:27.414Z]     "sha1" : "33fa670efb8a2e6e0fe7cf43f43781754a0452be",
[2023-11-16T16:41:27.414Z]     "md5" : "b1b7b29034b5d3c2e8db81b177964673",
[2023-11-16T16:41:27.414Z]     "sha256" : "140f43d5f3a0a154fad2afe7cb7c09843019dfc72124c0e6e13f2e00c6808fd8"
[2023-11-16T16:41:27.414Z]   },
[2023-11-16T16:41:27.414Z]   "uri" : "https://art-bear.autodesk.com:443/artifactory/api/storage/team-maya-generic/Maya/master/plnx/2023-11-06-01-40_068e1a5022/202311060140-068e1a5022-RUNDEV.tgz"
[2023-11-16T16:41:27.414Z] }
[2023-11-16T16:41:27.414Z] [VERBOSE] End loading URL (CURL): https://art-bear.autodesk.com:443/artifactory/api/storage/team-maya-generic/Maya/master/plnx/2023-11-06-01-40_068e1a5022/202311060140-068e1a5022-RUNDEV.tgz
[2023-11-16T16:41:27.414Z] Using Maya cut from /local/S/jenkins/workspace/shared/Artifactory/Linux/rundev-master/202311060140/runtime/33fa670
[2023-11-16T16:41:27.414Z] Pruning artifacts in /local/S/jenkins/workspace/shared/Artifactory/Linux
[2023-11-16T16:41:27.414Z] The following artifact versions will be pruned:
[2023-11-16T16:41:27.414Z] 	rundev-master-debug/202310260154
[2023-11-16T16:41:27.414Z] Removing directory: /local/S/jenkins/workspace/shared/Artifactory/Linux/rundev-master-debug/202310260154
[2023-11-16T16:41:29.196Z] [VERBOSE] Start loading URL (CURL): https://art-bear.autodesk.com:443/artifactory/api/storage/team-maya-generic/Maya/master/plnx/2023-11-06-01-40_068e1a5022/202311060140-068e1a5022-RUNDEV.tgz.multipart
[2023-11-16T16:41:29.196Z] [DEBUG] Running: /usr/bin/curl -s -X GET --keepalive-time 10 --connect-timeout 60 --speed-limit 10000 --speed-time 120 --max-time 3600 --retry 5 --retry-max-time 2400 -H Connection:close -H Authorization:Basic ZWNnYmlmcm9zdDpvcGUqKjAw https://art-bear.autodesk.com:443/artifactory/api/storage/team-maya-generic/Maya/master/plnx/2023-11-06-01-40_068e1a5022/202311060140-068e1a5022-RUNDEV.tgz.multipart
[2023-11-16T16:41:29.196Z] [DEBUG] Output:
[2023-11-16T16:41:29.196Z] {
[2023-11-16T16:41:29.196Z]   "errors" : [ {
[2023-11-16T16:41:29.196Z]     "status" : 404,
[2023-11-16T16:41:29.196Z]     "message" : "Unable to find item"
[2023-11-16T16:41:29.196Z]   } ]
[2023-11-16T16:41:29.196Z] }
[2023-11-16T16:41:29.196Z] [VERBOSE] End loading URL (CURL): https://art-bear.autodesk.com:443/artifactory/api/storage/team-maya-generic/Maya/master/plnx/2023-11-06-01-40_068e1a5022/202311060140-068e1a5022-RUNDEV.tgz.multipart
[2023-11-16T16:41:29.196Z] Downloading https://art-bear.autodesk.com:443/artifactory/team-maya-generic/Maya/master/plnx/2023-11-06-01-40_068e1a5022/202311060140-068e1a5022-RUNDEV.tgz to /local/S/jenkins/workspace/shared/Artifactory/Linux/tmp/tmplyksd2_3
[2023-11-16T16:41:29.196Z] [VERBOSE] Start downloading file (CURL): https://art-bear.autodesk.com:443/artifactory/team-maya-generic/Maya/master/plnx/2023-11-06-01-40_068e1a5022/202311060140-068e1a5022-RUNDEV.tgz
[2023-11-16T16:41:29.196Z] [DEBUG] Running: /usr/bin/curl -sI -X GET --keepalive-time 10 --connect-timeout 60 --speed-limit 10000 --speed-time 120 --max-time 3600 --retry 5 --retry-max-time 2400 -H Connection:close -H Authorization:Basic ZWNnYmlmcm9zdDpvcGUqKjAw https://art-bear.autodesk.com:443/artifactory/team-maya-generic/Maya/master/plnx/2023-11-06-01-40_068e1a5022/202311060140-068e1a5022-RUNDEV.tgz
[2023-11-16T16:41:29.196Z] [DEBUG] Header:
[2023-11-16T16:41:29.196Z] HTTP/1.1 200 
[2023-11-16T16:41:29.196Z] Date: Thu, 16 Nov 2023 16:41:28 GMT
[2023-11-16T16:41:29.196Z] Content-Type: application/x-gzip
[2023-11-16T16:41:29.196Z] Content-Length: 2638320878
[2023-11-16T16:41:29.196Z] Connection: close
[2023-11-16T16:41:29.196Z] X-JFrog-Version: Artifactory/7.55.9 75509900
[2023-11-16T16:41:29.196Z] X-Artifactory-Id: b34d77a078656c59:3eb030b6:18a7ab126d6:-8000
[2023-11-16T16:41:29.196Z] X-Artifactory-Node-Id: uscrlpdrsync006.autodesk.com
[2023-11-16T16:41:29.196Z] Last-Modified: Mon, 06 Nov 2023 11:08:42 GMT
[2023-11-16T16:41:29.196Z] ETag: 33fa670efb8a2e6e0fe7cf43f43781754a0452be
[2023-11-16T16:41:29.196Z] X-Checksum-Sha1: 33fa670efb8a2e6e0fe7cf43f43781754a0452be
[2023-11-16T16:41:29.196Z] X-Checksum-Sha256: 140f43d5f3a0a154fad2afe7cb7c09843019dfc72124c0e6e13f2e00c6808fd8
[2023-11-16T16:41:29.196Z] X-Checksum-Md5: b1b7b29034b5d3c2e8db81b177964673
[2023-11-16T16:41:29.196Z] Accept-Ranges: bytes
[2023-11-16T16:41:29.196Z] X-Artifactory-Filename: 202311060140-068e1a5022-RUNDEV.tgz
[2023-11-16T16:41:29.196Z] Content-Disposition: attachment; filename="202311060140-068e1a5022-RUNDEV.tgz"; filename*=UTF-8''"202311060140-068e1a5022-RUNDEV.tgz"
[2023-11-16T16:41:29.196Z] [DEBUG] Running: /usr/bin/curl --progress-bar -X GET --keepalive-time 10 --connect-timeout 60 --speed-limit 10000 --speed-time 120 --max-time 3600 --retry 5 --retry-max-time 2400 -H Connection:close -H Authorization:Basic ZWNnYmlmcm9zdDpvcGUqKjAw https://art-bear.autodesk.com:443/artifactory/team-maya-generic/Maya/master/plnx/2023-11-06-01-40_068e1a5022/202311060140-068e1a5022-RUNDEV.tgz -o /local/S/jenkins/workspace/shared/Artifactory/Linux/tmp/tmplyksd2_3/202311060140-068e1a5022-RUNDEV.tgz
[2023-11-16T16:41:29.196Z]       0% complete.
[2023-11-16T16:41:29.196Z]       1% complete.
[2023-11-16T16:41:29.196Z]       2% complete.
[2023-11-16T16:41:29.196Z]       4% complete.
[2023-11-16T16:41:29.196Z]       5% complete.
[2023-11-16T16:41:29.737Z]       6% complete.
[2023-11-16T16:41:29.737Z]       8% complete.
[2023-11-16T16:41:29.737Z]      10% complete.
[2023-11-16T16:41:29.737Z]      12% complete.
[2023-11-16T16:41:29.737Z]      14% complete.
[2023-11-16T16:41:29.737Z]      15% complete.
[2023-11-16T16:41:30.907Z]      17% complete.
[2023-11-16T16:41:30.907Z]      18% complete.
[2023-11-16T16:41:30.907Z]      20% complete.
[2023-11-16T16:41:30.907Z]      22% complete.
[2023-11-16T16:41:30.907Z]      23% complete.
[2023-11-16T16:41:30.907Z]      25% complete.
[2023-11-16T16:41:30.907Z]      26% complete.
[2023-11-16T16:41:30.907Z]      27% complete.
[2023-11-16T16:41:30.907Z]      29% complete.
[2023-11-16T16:41:30.907Z]      30% complete.
[2023-11-16T16:41:30.907Z]      31% complete.
[2023-11-16T16:41:31.447Z]      33% complete.
[2023-11-16T16:41:31.447Z]      34% complete.
[2023-11-16T16:41:31.447Z]      36% complete.
[2023-11-16T16:41:31.447Z]      37% complete.
[2023-11-16T16:41:31.447Z]      39% complete.
[2023-11-16T16:41:31.447Z]      40% complete.
[2023-11-16T16:41:31.988Z]      42% complete.
[2023-11-16T16:41:31.988Z]      43% complete.
[2023-11-16T16:41:31.988Z]      44% complete.
[2023-11-16T16:41:31.988Z]      46% complete.
[2023-11-16T16:41:31.988Z]      47% complete.
[2023-11-16T16:41:32.529Z]      49% complete.
[2023-11-16T16:41:32.529Z]      50% complete.
[2023-11-16T16:41:32.529Z]      52% complete.
[2023-11-16T16:41:32.529Z]      53% complete.
[2023-11-16T16:41:32.529Z]      55% complete.
[2023-11-16T16:41:33.071Z]      57% complete.
[2023-11-16T16:41:33.071Z]      58% complete.
[2023-11-16T16:41:33.071Z]      60% complete.
[2023-11-16T16:41:33.071Z]      62% complete.
[2023-11-16T16:41:33.071Z]      63% complete.
[2023-11-16T16:41:33.071Z]      65% complete.
[2023-11-16T16:41:33.612Z]      66% complete.
[2023-11-16T16:41:33.612Z]      68% complete.
[2023-11-16T16:41:33.612Z]      69% complete.
[2023-11-16T16:41:33.612Z]      71% complete.
[2023-11-16T16:41:33.612Z]      72% complete.
[2023-11-16T16:41:34.157Z]      74% complete.
[2023-11-16T16:41:34.157Z]      76% complete.
[2023-11-16T16:41:34.157Z]      77% complete.
[2023-11-16T16:41:34.157Z]      79% complete.
[2023-11-16T16:41:34.157Z]      80% complete.
[2023-11-16T16:41:34.157Z]      82% complete.
[2023-11-16T16:41:34.698Z]      84% complete.
[2023-11-16T16:41:34.698Z]      85% complete.
[2023-11-16T16:41:34.698Z]      87% complete.
[2023-11-16T16:41:34.698Z]      88% complete.
[2023-11-16T16:41:34.698Z]      90% complete.
[2023-11-16T16:41:35.240Z]      91% complete.
[2023-11-16T16:41:35.240Z]      93% complete.
[2023-11-16T16:41:35.240Z]      94% complete.
[2023-11-16T16:41:35.240Z]      96% complete.
[2023-11-16T16:41:35.240Z]      97% complete.
[2023-11-16T16:41:35.240Z]      99% complete.
[2023-11-16T16:41:35.781Z]     100% complete.
[2023-11-16T16:41:35.781Z] [VERBOSE] End downloading file (CURL): https://art-bear.autodesk.com:443/artifactory/team-maya-generic/Maya/master/plnx/2023-11-06-01-40_068e1a5022/202311060140-068e1a5022-RUNDEV.tgz
[2023-11-16T16:41:35.781Z] Extracting 202311060140-068e1a5022-RUNDEV.tgz to /local/S/jenkins/workspace/shared/Artifactory/Linux/tmp/tmpqz2n4m3g
[2023-11-16T16:42:20.421Z] Installing on /local/S/jenkins/workspace/shared/Artifactory/Linux/rundev-master/202311060140/runtime/33fa670
[2023-11-16T16:42:20.421Z] 
[2023-11-16T16:42:20.421Z] ================================================================================
[2023-11-16T16:42:20.421Z]                              setup (RelWithDebInfo)
[2023-11-16T16:42:20.421Z] ================================================================================
[2023-11-16T16:42:20.421Z] Installing license file 'melicense.lic'.
[Pipeline] }
[Pipeline] // withEnv
[Pipeline] }
[Pipeline] // timeout
[Pipeline] }
[Pipeline] // stage
[Pipeline] }
[Pipeline] // timestamps
[Pipeline] timestamps
[Pipeline] {
[Pipeline] stage
[Pipeline] { (Clean)
[Pipeline] timeout
[2023-11-16T16:42:20.782Z] Timeout set to expire in 6 hr 0 min
[Pipeline] {
[Pipeline] withEnv
[Pipeline] {
[Pipeline] sh
[2023-11-16T16:42:21.898Z] + scl enable gcc-toolset-11 -
[2023-11-16T16:42:21.898Z] + '[' enable = load -o enable = unload ']'
[2023-11-16T16:42:21.898Z] + /usr/bin/scl enable gcc-toolset-11 -
[2023-11-16T16:42:21.898Z] python ecg-maya-hydra/build.py --stages=clean --workspace-dir=/local/S/jenkins/workspace/ECP/ecg-maya-hydra/ecg-maya-hydra-branch-preflight-python3-linux --artifactory-dir=/local/S/jenkins/workspace/shared/Artifactory --build-dir=/local/S/jenkins/workspace/ECP/ecg-maya-hydra/ecg-maya-hydra-branch-preflight-python3-linux/build --install-dir=/local/S/jenkins/workspace/ECP/ecg-maya-hydra/ecg-maya-hydra-branch-preflight-python3-linux/install --signing-dir=/local/S/jenkins/workspace/ECP/ecg-maya-hydra/ecg-maya-hydra-branch-preflight-python3-linux/signing --package-dir=/local/S/jenkins/workspace/ECP/ecg-maya-hydra/ecg-maya-hydra-branch-preflight-python3-linux/package --output-dir=/local/S/jenkins/workspace/ECP/ecg-maya-hydra/ecg-maya-hydra-branch-preflight-python3-linux/output --stash-dir=/local/S/jenkins/workspace/ECP/ecg-maya-hydra/ecg-maya-hydra-branch-preflight-python3-linux/stash --jenkins-build=401 --git-commit=2e666b0e615b7aee74291ec1d141fa3458af2970 --git-branch=master --variants=Debug --interactive-tests=true --post-zips=false --osx-binary-architecture-target=ub2 --osx-deployment-target=11.0 --osx-base-sdk=CurrentActiveSDK --maya-cut-config=maya-rundev-master-debug.yaml --maya-package=rundev-master-debug --stage-banner
[2023-11-16T16:42:21.898Z] Getting rundev-master-debug download URL from Maya SHA-1 hash
[2023-11-16T16:42:21.898Z] Finding Artifactory servers response times
[2023-11-16T16:42:24.451Z] [VERBOSE] Start loading URL (CURL): https://art-bear.autodesk.com/artifactory/api/system/ping
[2023-11-16T16:42:24.451Z] [DEBUG] Running: /usr/bin/curl -s -X GET --keepalive-time 10 --connect-timeout 60 --speed-limit 10000 --speed-time 120 --max-time 3600 --retry 5 --retry-max-time 2400 -H Connection:close https://art-bear.autodesk.com/artifactory/api/system/ping
[2023-11-16T16:42:24.451Z] [DEBUG] Output:
[2023-11-16T16:42:24.451Z] OK
[2023-11-16T16:42:24.451Z] [VERBOSE] End loading URL (CURL): https://art-bear.autodesk.com/artifactory/api/system/ping
[2023-11-16T16:42:24.451Z] [VERBOSE] Start loading URL (CURL): https://art-marmotte.autodesk.com/artifactory/api/system/ping
[2023-11-16T16:42:24.451Z] [DEBUG] Running: /usr/bin/curl -s -X GET --keepalive-time 10 --connect-timeout 60 --speed-limit 10000 --speed-time 120 --max-time 3600 --retry 5 --retry-max-time 2400 -H Connection:close https://art-marmotte.autodesk.com/artifactory/api/system/ping
[2023-11-16T16:42:24.451Z] [DEBUG] Output:
[2023-11-16T16:42:24.451Z] OK
[2023-11-16T16:42:24.451Z] [VERBOSE] End loading URL (CURL): https://art-marmotte.autodesk.com/artifactory/api/system/ping
[2023-11-16T16:42:24.451Z] [VERBOSE] Start loading URL (CURL): https://art-bobcat.autodesk.com/artifactory/api/system/ping
[2023-11-16T16:42:24.451Z] [DEBUG] Running: /usr/bin/curl -s -X GET --keepalive-time 10 --connect-timeout 60 --speed-limit 10000 --speed-time 120 --max-time 3600 --retry 5 --retry-max-time 2400 -H Connection:close https://art-bobcat.autodesk.com/artifactory/api/system/ping
[2023-11-16T16:42:24.451Z] [DEBUG] Output:
[2023-11-16T16:42:24.451Z] OK
[2023-11-16T16:42:24.451Z] [VERBOSE] End loading URL (CURL): https://art-bobcat.autodesk.com/artifactory/api/system/ping
[2023-11-16T16:42:24.451Z] [VERBOSE] Start loading URL (CURL): https://art-bear.autodesk.com/artifactory/api/search/checksum?repos=autodesk-3p-generic,adsk-build-tools-generic,team-ecg-generic,team-maya-generic,oss-stg-generic&sha1=7d60df019370eaf2e95196d7d23133f0ea36c041
[2023-11-16T16:42:24.451Z] [DEBUG] Running: /usr/bin/curl -s -X GET --keepalive-time 10 --connect-timeout 60 --speed-limit 10000 --speed-time 120 --max-time 3600 --retry 5 --retry-max-time 2400 -H Connection:close -H Authorization:Basic ZWNnYmlmcm9zdDpvcGUqKjAw https://art-bear.autodesk.com/artifactory/api/search/checksum?repos=autodesk-3p-generic,adsk-build-tools-generic,team-ecg-generic,team-maya-generic,oss-stg-generic&sha1=7d60df019370eaf2e95196d7d23133f0ea36c041
[2023-11-16T16:42:24.451Z] [DEBUG] Output:
[2023-11-16T16:42:24.451Z] {
[2023-11-16T16:42:24.451Z]   "results" : [ {
[2023-11-16T16:42:24.451Z]     "uri" : "https://art-bear.autodesk.com:443/artifactory/api/storage/team-maya-generic/Maya/master-debug/plnx/202310260154-3f8c4361a8-RUNDEV.tgz"
[2023-11-16T16:42:24.451Z]   } ]
[2023-11-16T16:42:24.451Z] }
[2023-11-16T16:42:24.451Z] [VERBOSE] End loading URL (CURL): https://art-bear.autodesk.com/artifactory/api/search/checksum?repos=autodesk-3p-generic,adsk-build-tools-generic,team-ecg-generic,team-maya-generic,oss-stg-generic&sha1=7d60df019370eaf2e95196d7d23133f0ea36c041
[2023-11-16T16:42:24.451Z] [VERBOSE] Start loading URL (CURL): https://art-bear.autodesk.com:443/artifactory/api/storage/team-maya-generic/Maya/master-debug/plnx/202310260154-3f8c4361a8-RUNDEV.tgz
[2023-11-16T16:42:24.451Z] [DEBUG] Running: /usr/bin/curl -s -X GET --keepalive-time 10 --connect-timeout 60 --speed-limit 10000 --speed-time 120 --max-time 3600 --retry 5 --retry-max-time 2400 -H Connection:close -H Authorization:Basic ZWNnYmlmcm9zdDpvcGUqKjAw https://art-bear.autodesk.com:443/artifactory/api/storage/team-maya-generic/Maya/master-debug/plnx/202310260154-3f8c4361a8-RUNDEV.tgz
[2023-11-16T16:42:24.451Z] [DEBUG] Output:
[2023-11-16T16:42:24.451Z] {
[2023-11-16T16:42:24.451Z]   "repo" : "team-maya-generic",
[2023-11-16T16:42:24.451Z]   "path" : "/Maya/master-debug/plnx/202310260154-3f8c4361a8-RUNDEV.tgz",
[2023-11-16T16:42:24.451Z]   "created" : "2023-11-13T10:52:10.504-05:00",
[2023-11-16T16:42:24.451Z]   "createdBy" : "token:art-bear.autodesk.com",
[2023-11-16T16:42:24.451Z]   "lastModified" : "2023-11-13T10:52:10.494-05:00",
[2023-11-16T16:42:24.451Z]   "modifiedBy" : "token:art-bear.autodesk.com",
[2023-11-16T16:42:24.451Z]   "lastUpdated" : "2023-11-13T10:52:10.504-05:00",
[2023-11-16T16:42:24.451Z]   "downloadUri" : "https://art-bear.autodesk.com:443/artifactory/team-maya-generic/Maya/master-debug/plnx/202310260154-3f8c4361a8-RUNDEV.tgz",
[2023-11-16T16:42:24.451Z]   "mimeType" : "application/x-gzip",
[2023-11-16T16:42:24.451Z]   "size" : "3189595088",
[2023-11-16T16:42:24.451Z]   "checksums" : {
[2023-11-16T16:42:24.451Z]     "sha1" : "7d60df019370eaf2e95196d7d23133f0ea36c041",
[2023-11-16T16:42:24.451Z]     "md5" : "e557968f8eabcdbfa8447bec19da700b",
[2023-11-16T16:42:24.451Z]     "sha256" : "3c9d96c6cef104bfd0347e71e191919041e2225d1e07aab46a06948a8c6c51b5"
[2023-11-16T16:42:24.451Z]   },
[2023-11-16T16:42:24.451Z]   "originalChecksums" : {
[2023-11-16T16:42:24.451Z]     "sha1" : "7d60df019370eaf2e95196d7d23133f0ea36c041",
[2023-11-16T16:42:24.451Z]     "md5" : "e557968f8eabcdbfa8447bec19da700b",
[2023-11-16T16:42:24.451Z]     "sha256" : "3c9d96c6cef104bfd0347e71e191919041e2225d1e07aab46a06948a8c6c51b5"
[2023-11-16T16:42:24.451Z]   },
[2023-11-16T16:42:24.451Z]   "uri" : "https://art-bear.autodesk.com:443/artifactory/api/storage/team-maya-generic/Maya/master-debug/plnx/202310260154-3f8c4361a8-RUNDEV.tgz"
[2023-11-16T16:42:24.451Z] }
[2023-11-16T16:42:24.451Z] [VERBOSE] End loading URL (CURL): https://art-bear.autodesk.com:443/artifactory/api/storage/team-maya-generic/Maya/master-debug/plnx/202310260154-3f8c4361a8-RUNDEV.tgz
[2023-11-16T16:42:24.451Z] Using Maya cut from /local/S/jenkins/workspace/shared/Artifactory/Linux/rundev-master-debug/202310260154/runtime/7d60df0
[2023-11-16T16:42:24.451Z] [VERBOSE] Start loading URL (CURL): https://art-bear.autodesk.com:443/artifactory/api/storage/team-maya-generic/Maya/master-debug/plnx/202310260154-3f8c4361a8-RUNDEV.tgz.multipart
[2023-11-16T16:42:24.451Z] [DEBUG] Running: /usr/bin/curl -s -X GET --keepalive-time 10 --connect-timeout 60 --speed-limit 10000 --speed-time 120 --max-time 3600 --retry 5 --retry-max-time 2400 -H Connection:close -H Authorization:Basic ZWNnYmlmcm9zdDpvcGUqKjAw https://art-bear.autodesk.com:443/artifactory/api/storage/team-maya-generic/Maya/master-debug/plnx/202310260154-3f8c4361a8-RUNDEV.tgz.multipart
[2023-11-16T16:42:24.451Z] [DEBUG] Output:
[2023-11-16T16:42:24.451Z] {
[2023-11-16T16:42:24.451Z]   "errors" : [ {
[2023-11-16T16:42:24.451Z]     "status" : 404,
[2023-11-16T16:42:24.451Z]     "message" : "Unable to find item"
[2023-11-16T16:42:24.451Z]   } ]
[2023-11-16T16:42:24.451Z] }
[2023-11-16T16:42:24.451Z] [VERBOSE] End loading URL (CURL): https://art-bear.autodesk.com:443/artifactory/api/storage/team-maya-generic/Maya/master-debug/plnx/202310260154-3f8c4361a8-RUNDEV.tgz.multipart
[2023-11-16T16:42:24.451Z] Downloading https://art-bear.autodesk.com:443/artifactory/team-maya-generic/Maya/master-debug/plnx/202310260154-3f8c4361a8-RUNDEV.tgz to /local/S/jenkins/workspace/shared/Artifactory/Linux/tmp/tmpuhdq4_43
[2023-11-16T16:42:24.451Z] [VERBOSE] Start downloading file (CURL): https://art-bear.autodesk.com:443/artifactory/team-maya-generic/Maya/master-debug/plnx/202310260154-3f8c4361a8-RUNDEV.tgz
[2023-11-16T16:42:24.451Z] [DEBUG] Running: /usr/bin/curl -sI -X GET --keepalive-time 10 --connect-timeout 60 --speed-limit 10000 --speed-time 120 --max-time 3600 --retry 5 --retry-max-time 2400 -H Connection:close -H Authorization:Basic ZWNnYmlmcm9zdDpvcGUqKjAw https://art-bear.autodesk.com:443/artifactory/team-maya-generic/Maya/master-debug/plnx/202310260154-3f8c4361a8-RUNDEV.tgz
[2023-11-16T16:42:24.451Z] [DEBUG] Header:
[2023-11-16T16:42:24.451Z] HTTP/1.1 200 
[2023-11-16T16:42:24.451Z] Date: Thu, 16 Nov 2023 16:42:24 GMT
[2023-11-16T16:42:24.451Z] Content-Type: application/x-gzip
[2023-11-16T16:42:24.451Z] Content-Length: 3189595088
[2023-11-16T16:42:24.451Z] Connection: close
[2023-11-16T16:42:24.451Z] X-JFrog-Version: Artifactory/7.55.9 75509900
[2023-11-16T16:42:24.451Z] X-Artifactory-Id: b34d77a078656c59:3eb030b6:18a7ab126d6:-8000
[2023-11-16T16:42:24.451Z] X-Artifactory-Node-Id: uscrlpdrsync006.autodesk.com
[2023-11-16T16:42:24.451Z] Last-Modified: Mon, 13 Nov 2023 15:52:10 GMT
[2023-11-16T16:42:24.451Z] ETag: 7d60df019370eaf2e95196d7d23133f0ea36c041
[2023-11-16T16:42:24.451Z] X-Checksum-Sha1: 7d60df019370eaf2e95196d7d23133f0ea36c041
[2023-11-16T16:42:24.451Z] X-Checksum-Sha256: 3c9d96c6cef104bfd0347e71e191919041e2225d1e07aab46a06948a8c6c51b5
[2023-11-16T16:42:24.451Z] X-Checksum-Md5: e557968f8eabcdbfa8447bec19da700b
[2023-11-16T16:42:24.451Z] Accept-Ranges: bytes
[2023-11-16T16:42:24.451Z] X-Artifactory-Filename: 202310260154-3f8c4361a8-RUNDEV.tgz
[2023-11-16T16:42:24.451Z] Content-Disposition: attachment; filename="202310260154-3f8c4361a8-RUNDEV.tgz"; filename*=UTF-8''"202310260154-3f8c4361a8-RUNDEV.tgz"
[2023-11-16T16:42:24.451Z] [DEBUG] Running: /usr/bin/curl --progress-bar -X GET --keepalive-time 10 --connect-timeout 60 --speed-limit 10000 --speed-time 120 --max-time 3600 --retry 5 --retry-max-time 2400 -H Connection:close -H Authorization:Basic ZWNnYmlmcm9zdDpvcGUqKjAw https://art-bear.autodesk.com:443/artifactory/team-maya-generic/Maya/master-debug/plnx/202310260154-3f8c4361a8-RUNDEV.tgz -o /local/S/jenkins/workspace/shared/Artifactory/Linux/tmp/tmpuhdq4_43/202310260154-3f8c4361a8-RUNDEV.tgz
[2023-11-16T16:42:24.451Z]       0% complete.
[2023-11-16T16:42:24.993Z]       1% complete.
[2023-11-16T16:42:24.993Z]       2% complete.
[2023-11-16T16:42:24.993Z]       3% complete.
[2023-11-16T16:42:24.993Z]       5% complete.
[2023-11-16T16:42:24.993Z]       6% complete.
[2023-11-16T16:42:25.535Z]       7% complete.
[2023-11-16T16:42:25.535Z]       8% complete.
[2023-11-16T16:42:25.535Z]      10% complete.
[2023-11-16T16:42:25.535Z]      11% complete.
[2023-11-16T16:42:25.535Z]      12% complete.
[2023-11-16T16:42:25.535Z]      14% complete.
[2023-11-16T16:42:26.077Z]      16% complete.
[2023-11-16T16:42:26.077Z]      17% complete.
[2023-11-16T16:42:26.077Z]      18% complete.
[2023-11-16T16:42:26.077Z]      19% complete.
[2023-11-16T16:42:26.077Z]      21% complete.
[2023-11-16T16:42:26.619Z]      22% complete.
[2023-11-16T16:42:26.619Z]      23% complete.
[2023-11-16T16:42:26.619Z]      25% complete.
[2023-11-16T16:42:26.619Z]      26% complete.
[2023-11-16T16:42:26.619Z]      27% complete.
[2023-11-16T16:42:26.619Z]      29% complete.
[2023-11-16T16:42:27.164Z]      30% complete.
[2023-11-16T16:42:27.164Z]      31% complete.
[2023-11-16T16:42:27.164Z]      33% complete.
[2023-11-16T16:42:27.164Z]      34% complete.
[2023-11-16T16:42:27.164Z]      35% complete.
[2023-11-16T16:42:27.705Z]      37% complete.
[2023-11-16T16:42:27.705Z]      38% complete.
[2023-11-16T16:42:27.705Z]      39% complete.
[2023-11-16T16:42:27.705Z]      41% complete.
[2023-11-16T16:42:27.705Z]      42% complete.
[2023-11-16T16:42:27.705Z]      43% complete.
[2023-11-16T16:42:28.315Z]      45% complete.
[2023-11-16T16:42:28.315Z]      46% complete.
[2023-11-16T16:42:28.315Z]      47% complete.
[2023-11-16T16:42:28.315Z]      49% complete.
[2023-11-16T16:42:28.315Z]      50% complete.
[2023-11-16T16:42:28.315Z]      51% complete.
[2023-11-16T16:42:28.856Z]      52% complete.
[2023-11-16T16:42:28.856Z]      54% complete.
[2023-11-16T16:42:28.856Z]      55% complete.
[2023-11-16T16:42:28.856Z]      57% complete.
[2023-11-16T16:42:28.856Z]      58% complete.
[2023-11-16T16:42:29.398Z]      59% complete.
[2023-11-16T16:42:29.398Z]      61% complete.
[2023-11-16T16:42:29.398Z]      62% complete.
[2023-11-16T16:42:29.398Z]      64% complete.
[2023-11-16T16:42:29.398Z]      65% complete.
[2023-11-16T16:42:29.939Z]      66% complete.
[2023-11-16T16:42:29.939Z]      68% complete.
[2023-11-16T16:42:29.939Z]      69% complete.
[2023-11-16T16:42:29.939Z]      70% complete.
[2023-11-16T16:42:29.939Z]      71% complete.
[2023-11-16T16:42:29.939Z]      72% complete.
[2023-11-16T16:42:30.480Z]      74% complete.
[2023-11-16T16:42:30.480Z]      75% complete.
[2023-11-16T16:42:30.480Z]      76% complete.
[2023-11-16T16:42:30.480Z]      78% complete.
[2023-11-16T16:42:30.480Z]      79% complete.
[2023-11-16T16:42:31.021Z]      80% complete.
[2023-11-16T16:42:31.021Z]      82% complete.
[2023-11-16T16:42:31.021Z]      83% complete.
[2023-11-16T16:42:31.021Z]      85% complete.
[2023-11-16T16:42:31.021Z]      86% complete.
[2023-11-16T16:42:31.021Z]      88% complete.
[2023-11-16T16:42:31.562Z]      89% complete.
[2023-11-16T16:42:31.562Z]      91% complete.
[2023-11-16T16:42:31.562Z]      92% complete.
[2023-11-16T16:42:31.562Z]      93% complete.
[2023-11-16T16:42:31.562Z]      95% complete.
[2023-11-16T16:42:32.103Z]      96% complete.
[2023-11-16T16:42:32.103Z]      98% complete.
[2023-11-16T16:42:32.103Z]      99% complete.
[2023-11-16T16:42:32.103Z]     100% complete.
[2023-11-16T16:42:32.103Z] [VERBOSE] End downloading file (CURL): https://art-bear.autodesk.com:443/artifactory/team-maya-generic/Maya/master-debug/plnx/202310260154-3f8c4361a8-RUNDEV.tgz
[2023-11-16T16:42:32.103Z] Extracting 202310260154-3f8c4361a8-RUNDEV.tgz to /local/S/jenkins/workspace/shared/Artifactory/Linux/tmp/tmpavk9954p
[2023-11-16T16:43:25.021Z] Installing on /local/S/jenkins/workspace/shared/Artifactory/Linux/rundev-master-debug/202310260154/runtime/7d60df0
[2023-11-16T16:43:25.021Z] 
[2023-11-16T16:43:25.021Z] ================================================================================
[2023-11-16T16:43:25.021Z]                                  clean (Debug)
[2023-11-16T16:43:25.021Z] ================================================================================
[2023-11-16T16:43:25.021Z] Maya Python Debug Info:
[2023-11-16T16:43:25.021Z]   mayapy executable   = /local/S/jenkins/workspace/shared/Artifactory/Linux/rundev-master-debug/202310260154/runtime/7d60df0/runTime/bin/mayapy
[2023-11-16T16:43:25.021Z]   Include Folder      = /local/S/jenkins/workspace/shared/Artifactory/Linux/rundev-master-debug/202310260154/runtime/7d60df0/runTime/include/Python310/Python
[2023-11-16T16:43:25.021Z]   Library             = /local/S/jenkins/workspace/shared/Artifactory/Linux/rundev-master-debug/202310260154/runtime/7d60df0/runTime/lib/libpython3.10d.so.1.0
[2023-11-16T16:43:25.021Z]   site-package Folder = /local/S/jenkins/workspace/shared/Artifactory/Linux/rundev-master-debug/202310260154/runtime/7d60df0/runTime/lib/python3.10/site-packages
[2023-11-16T16:43:25.021Z] Adding Python package requirements: ['/local/S/jenkins/workspace/shared/Artifactory/Linux/rundev-master-debug/202310260154/runtime/7d60df0/runTime/bin/mayapy', '-m', 'pip', 'install', '-t', '/local/S/jenkins/workspace/shared/Artifactory/Linux/rundev-master-debug/202310260154/runtime/7d60df0/runTime/lib/python3.10/site-packages', '-r', 'python_requirements.txt']
[2023-11-16T16:43:26.152Z] In workdir: /home/S/jenkins/workspace/ECP/ecg-maya-hydra/ecg-maya-hydra-branch-preflight-python3-linux/ecg-maya-hydra/maya-hydra
[2023-11-16T16:43:26.152Z] Executing: /local/S/jenkins/workspace/shared/Artifactory/Linux/rundev-master-debug/202310260154/runtime/7d60df0/runTime/bin/mayapy /home/S/jenkins/workspace/ECP/ecg-maya-hydra/ecg-maya-hydra-branch-preflight-python3-linux/ecg-maya-hydra/maya-hydra/build.py --generator Ninja --build-debug --maya-location /local/S/jenkins/workspace/shared/Artifactory/Linux/rundev-master-debug/202310260154/runtime/7d60df0/runTime --devkit-location /local/S/jenkins/workspace/shared/Artifactory/Linux/rundev-master-debug/202310260154/runtime/7d60df0/devkitBase --pxrusd-location /local/S/jenkins/workspace/shared/Artifactory/Linux/USD/8e4fe45 --build-args=-DCMAKE_MAKE_PROGRAM=/local/S/jenkins/workspace/shared/Artifactory/Linux/ninja/1.10.2/9ab399b/ninja,-DPYTHON_INCLUDE_DIR=/local/S/jenkins/workspace/shared/Artifactory/Linux/rundev-master-debug/202310260154/runtime/7d60df0/runTime/include/Python310/Python,-DPython_EXECUTABLE=/local/S/jenkins/workspace/shared/Artifactory/Linux/rundev-master-debug/202310260154/runtime/7d60df0/runTime/bin/mayapy,-DPYTHON_LIBRARIES=/local/S/jenkins/workspace/shared/Artifactory/Linux/rundev-master-debug/202310260154/runtime/7d60df0/runTime/lib/libpython3.10d.so.1.0,-DBUILD_WITH_PYTHON_3=ON,-DBUILD_WITH_PYTHON_3_VERSION=3.10,-DCMAKE_WANT_MATERIALX_BUILD=ON,-DCMAKE_PREFIX_PATH=/local/S/jenkins/workspace/shared/Artifactory/Linux/USD/8e4fe45,-DMAYAHYDRA_BUILD_NUMBER=401,-DMAYAHYDRA_GIT_COMMIT=2e666b0e615b7aee74291ec1d141fa3458af2970,-DMAYAHYDRA_GIT_BRANCH=master --debug-python '--ctest-args=--parallel 16' --stages=clean --redirect-outstream-file=False --install-location /local/S/jenkins/workspace/ECP/ecg-maya-hydra/ecg-maya-hydra-branch-preflight-python3-linux/install/Debug/MayaHydra /local/S/jenkins/workspace/ECP/ecg-maya-hydra/ecg-maya-hydra-branch-preflight-python3-linux
[2023-11-16T16:43:26.152Z] Modified environment variables:
[2023-11-16T16:43:26.152Z]     LD_LIBRARY_PATH=/opt/rh/gcc-toolset-11/root/usr/lib64:/opt/rh/gcc-toolset-11/root/usr/lib64:/opt/rh/gcc-toolset-11/root/usr/lib:/opt/rh/gcc-toolset-11/root/usr/lib64/dyninst:/opt/rh/gcc-toolset-11/root/usr/lib/dyninst
[2023-11-16T16:43:26.152Z]     PATH=/local/S/jenkins/workspace/shared/Artifactory/Linux/cmake/3.20.3/ab685d7/bin:/opt/rh/gcc-toolset-11/root/usr/bin:/home/administrator/.local/bin:/home/administrator/bin:/usr/share/Modules/bin:/usr/local/bin:/usr/local/sbin:/usr/bin:/usr/sbin
[2023-11-16T16:43:26.696Z]     
[2023-11-16T16:43:26.696Z]         Building with settings:
[2023-11-16T16:43:26.696Z]           Source directory          /home/S/jenkins/workspace/ECP/ecg-maya-hydra/ecg-maya-hydra-branch-preflight-python3-linux/ecg-maya-hydra/maya-hydra
[2023-11-16T16:43:26.696Z]           Workspace directory       /local/S/jenkins/workspace/ECP/ecg-maya-hydra/ecg-maya-hydra-branch-preflight-python3-linux
[2023-11-16T16:43:26.696Z]           Build directory           /local/S/jenkins/workspace/ECP/ecg-maya-hydra/ecg-maya-hydra-branch-preflight-python3-linux/build/Debug
[2023-11-16T16:43:26.696Z]           Install directory         /local/S/jenkins/workspace/ECP/ecg-maya-hydra/ecg-maya-hydra-branch-preflight-python3-linux/install/Debug/MayaHydra
[2023-11-16T16:43:26.696Z]           Variant                   Debug
[2023-11-16T16:43:26.696Z]           Python Debug              On
[2023-11-16T16:43:26.696Z]           CMake generator           Ninja
[2023-11-16T16:43:26.697Z]           Build arguments           ['-DCMAKE_MAKE_PROGRAM=/local/S/jenkins/workspace/shared/Artifactory/Linux/ninja/1.10.2/9ab399b/ninja', '-DPYTHON_INCLUDE_DIR=/local/S/jenkins/workspace/shared/Artifactory/Linux/rundev-master-debug/202310260154/runtime/7d60df0/runTime/include/Python310/Python', '-DPython_EXECUTABLE=/local/S/jenkins/workspace/shared/Artifactory/Linux/rundev-master-debug/202310260154/runtime/7d60df0/runTime/bin/mayapy', '-DPYTHON_LIBRARIES=/local/S/jenkins/workspace/shared/Artifactory/Linux/rundev-master-debug/202310260154/runtime/7d60df0/runTime/lib/libpython3.10d.so.1.0', '-DBUILD_WITH_PYTHON_3=ON', '-DBUILD_WITH_PYTHON_3_VERSION=3.10', '-DCMAKE_WANT_MATERIALX_BUILD=ON', '-DCMAKE_PREFIX_PATH=/local/S/jenkins/workspace/shared/Artifactory/Linux/USD/8e4fe45', '-DMAYAHYDRA_BUILD_NUMBER=401', '-DMAYAHYDRA_GIT_COMMIT=2e666b0e615b7aee74291ec1d141fa3458af2970', '-DMAYAHYDRA_GIT_BRANCH=master']
[2023-11-16T16:43:26.697Z]           Stages arguments          ['clean']
[2023-11-16T16:43:26.697Z]           CTest arguments           ['--parallel 16']
[2023-11-16T16:43:26.697Z]     Success MayaHydra build and install !!!!
[2023-11-16T16:43:26.697Z]     Elapsed time: 00:00:00
[Pipeline] sh
[2023-11-16T16:43:28.003Z] + scl enable gcc-toolset-11 -
[2023-11-16T16:43:28.003Z] + '[' enable = load -o enable = unload ']'
[2023-11-16T16:43:28.003Z] + /usr/bin/scl enable gcc-toolset-11 -
[2023-11-16T16:43:28.003Z] python ecg-maya-hydra/build.py --stages=clean --workspace-dir=/local/S/jenkins/workspace/ECP/ecg-maya-hydra/ecg-maya-hydra-branch-preflight-python3-linux --artifactory-dir=/local/S/jenkins/workspace/shared/Artifactory --build-dir=/local/S/jenkins/workspace/ECP/ecg-maya-hydra/ecg-maya-hydra-branch-preflight-python3-linux/build --install-dir=/local/S/jenkins/workspace/ECP/ecg-maya-hydra/ecg-maya-hydra-branch-preflight-python3-linux/install --signing-dir=/local/S/jenkins/workspace/ECP/ecg-maya-hydra/ecg-maya-hydra-branch-preflight-python3-linux/signing --package-dir=/local/S/jenkins/workspace/ECP/ecg-maya-hydra/ecg-maya-hydra-branch-preflight-python3-linux/package --output-dir=/local/S/jenkins/workspace/ECP/ecg-maya-hydra/ecg-maya-hydra-branch-preflight-python3-linux/output --stash-dir=/local/S/jenkins/workspace/ECP/ecg-maya-hydra/ecg-maya-hydra-branch-preflight-python3-linux/stash --jenkins-build=401 --git-commit=2e666b0e615b7aee74291ec1d141fa3458af2970 --git-branch=master --variants=RelWithDebInfo --interactive-tests=true --post-zips=false --osx-binary-architecture-target=ub2 --osx-deployment-target=11.0 --osx-base-sdk=CurrentActiveSDK --maya-cut-config=maya-rundev-master.yaml --maya-package=rundev-master --stage-banner
[2023-11-16T16:43:28.003Z] Using Maya cut from /local/S/jenkins/workspace/shared/Artifactory/Linux/rundev-master/202311060140/runtime/33fa670
[2023-11-16T16:43:28.003Z] 
[2023-11-16T16:43:28.003Z] ================================================================================
[2023-11-16T16:43:28.003Z]                              clean (RelWithDebInfo)
[2023-11-16T16:43:28.003Z] ================================================================================
[2023-11-16T16:43:28.003Z] Maya Python RelWithDebInfo Info:
[2023-11-16T16:43:28.003Z]   mayapy executable   = /local/S/jenkins/workspace/shared/Artifactory/Linux/rundev-master/202311060140/runtime/33fa670/runTime/bin/mayapy
[2023-11-16T16:43:28.003Z]   Include Folder      = /local/S/jenkins/workspace/shared/Artifactory/Linux/rundev-master/202311060140/runtime/33fa670/runTime/include/Python310/Python
[2023-11-16T16:43:28.003Z]   Library             = /local/S/jenkins/workspace/shared/Artifactory/Linux/rundev-master/202311060140/runtime/33fa670/runTime/lib/libpython3.10.so.1.0
[2023-11-16T16:43:28.003Z]   site-package Folder = /local/S/jenkins/workspace/shared/Artifactory/Linux/rundev-master/202311060140/runtime/33fa670/runTime/lib/python3.10/site-packages
[2023-11-16T16:43:29.790Z] Adding Python package requirements: ['/local/S/jenkins/workspace/shared/Artifactory/Linux/rundev-master/202311060140/runtime/33fa670/runTime/bin/mayapy', '-m', 'pip', 'install', '-t', '/local/S/jenkins/workspace/shared/Artifactory/Linux/rundev-master/202311060140/runtime/33fa670/runTime/lib/python3.10/site-packages', '-r', 'python_requirements.txt']
[2023-11-16T16:43:33.409Z] In workdir: /home/S/jenkins/workspace/ECP/ecg-maya-hydra/ecg-maya-hydra-branch-preflight-python3-linux/ecg-maya-hydra/maya-hydra
[2023-11-16T16:43:33.409Z] Executing: /local/S/jenkins/workspace/shared/Artifactory/Linux/rundev-master/202311060140/runtime/33fa670/runTime/bin/mayapy /home/S/jenkins/workspace/ECP/ecg-maya-hydra/ecg-maya-hydra-branch-preflight-python3-linux/ecg-maya-hydra/maya-hydra/build.py --generator Ninja --build-relwithdebug --maya-location /local/S/jenkins/workspace/shared/Artifactory/Linux/rundev-master/202311060140/runtime/33fa670/runTime --devkit-location /local/S/jenkins/workspace/shared/Artifactory/Linux/rundev-master/202311060140/runtime/33fa670/devkitBase --pxrusd-location /local/S/jenkins/workspace/shared/Artifactory/Linux/USD/13e6029 --build-args=-DCMAKE_MAKE_PROGRAM=/local/S/jenkins/workspace/shared/Artifactory/Linux/ninja/1.10.2/9ab399b/ninja,-DPYTHON_INCLUDE_DIR=/local/S/jenkins/workspace/shared/Artifactory/Linux/rundev-master/202311060140/runtime/33fa670/runTime/include/Python310/Python,-DPython_EXECUTABLE=/local/S/jenkins/workspace/shared/Artifactory/Linux/rundev-master/202311060140/runtime/33fa670/runTime/bin/mayapy,-DPYTHON_LIBRARIES=/local/S/jenkins/workspace/shared/Artifactory/Linux/rundev-master/202311060140/runtime/33fa670/runTime/lib/libpython3.10.so.1.0,-DBUILD_WITH_PYTHON_3=ON,-DBUILD_WITH_PYTHON_3_VERSION=3.10,-DCMAKE_WANT_MATERIALX_BUILD=ON,-DCMAKE_PREFIX_PATH=/local/S/jenkins/workspace/shared/Artifactory/Linux/USD/13e6029,-DMAYAHYDRA_BUILD_NUMBER=401,-DMAYAHYDRA_GIT_COMMIT=2e666b0e615b7aee74291ec1d141fa3458af2970,-DMAYAHYDRA_GIT_BRANCH=master '--ctest-args=--parallel 16' --stages=clean --redirect-outstream-file=False --install-location /local/S/jenkins/workspace/ECP/ecg-maya-hydra/ecg-maya-hydra-branch-preflight-python3-linux/install/RelWithDebInfo/MayaHydra /local/S/jenkins/workspace/ECP/ecg-maya-hydra/ecg-maya-hydra-branch-preflight-python3-linux
[2023-11-16T16:43:33.409Z] Modified environment variables:
[2023-11-16T16:43:33.409Z]     LD_LIBRARY_PATH=/opt/rh/gcc-toolset-11/root/usr/lib64:/opt/rh/gcc-toolset-11/root/usr/lib64:/opt/rh/gcc-toolset-11/root/usr/lib:/opt/rh/gcc-toolset-11/root/usr/lib64/dyninst:/opt/rh/gcc-toolset-11/root/usr/lib/dyninst
[2023-11-16T16:43:33.409Z]     PATH=/local/S/jenkins/workspace/shared/Artifactory/Linux/cmake/3.20.3/ab685d7/bin:/opt/rh/gcc-toolset-11/root/usr/bin:/home/administrator/.local/bin:/home/administrator/bin:/usr/share/Modules/bin:/usr/local/bin:/usr/local/sbin:/usr/bin:/usr/sbin
[2023-11-16T16:43:33.409Z]     
[2023-11-16T16:43:33.409Z]         Building with settings:
[2023-11-16T16:43:33.409Z]           Source directory          /home/S/jenkins/workspace/ECP/ecg-maya-hydra/ecg-maya-hydra-branch-preflight-python3-linux/ecg-maya-hydra/maya-hydra
[2023-11-16T16:43:33.409Z]           Workspace directory       /local/S/jenkins/workspace/ECP/ecg-maya-hydra/ecg-maya-hydra-branch-preflight-python3-linux
[2023-11-16T16:43:33.409Z]           Build directory           /local/S/jenkins/workspace/ECP/ecg-maya-hydra/ecg-maya-hydra-branch-preflight-python3-linux/build/RelWithDebInfo
[2023-11-16T16:43:33.409Z]           Install directory         /local/S/jenkins/workspace/ECP/ecg-maya-hydra/ecg-maya-hydra-branch-preflight-python3-linux/install/RelWithDebInfo/MayaHydra
[2023-11-16T16:43:33.409Z]           Variant                   RelWithDebInfo
[2023-11-16T16:43:33.409Z]           Python Debug              Off
[2023-11-16T16:43:33.409Z]           CMake generator           Ninja
[2023-11-16T16:43:33.409Z]           Build arguments           ['-DCMAKE_MAKE_PROGRAM=/local/S/jenkins/workspace/shared/Artifactory/Linux/ninja/1.10.2/9ab399b/ninja', '-DPYTHON_INCLUDE_DIR=/local/S/jenkins/workspace/shared/Artifactory/Linux/rundev-master/202311060140/runtime/33fa670/runTime/include/Python310/Python', '-DPython_EXECUTABLE=/local/S/jenkins/workspace/shared/Artifactory/Linux/rundev-master/202311060140/runtime/33fa670/runTime/bin/mayapy', '-DPYTHON_LIBRARIES=/local/S/jenkins/workspace/shared/Artifactory/Linux/rundev-master/202311060140/runtime/33fa670/runTime/lib/libpython3.10.so.1.0', '-DBUILD_WITH_PYTHON_3=ON', '-DBUILD_WITH_PYTHON_3_VERSION=3.10', '-DCMAKE_WANT_MATERIALX_BUILD=ON', '-DCMAKE_PREFIX_PATH=/local/S/jenkins/workspace/shared/Artifactory/Linux/USD/13e6029', '-DMAYAHYDRA_BUILD_NUMBER=401', '-DMAYAHYDRA_GIT_COMMIT=2e666b0e615b7aee74291ec1d141fa3458af2970', '-DMAYAHYDRA_GIT_BRANCH=master']
[2023-11-16T16:43:33.409Z]           Stages arguments          ['clean']
[2023-11-16T16:43:33.409Z]           CTest arguments           ['--parallel 16']
[2023-11-16T16:43:33.409Z]     Success MayaHydra build and install !!!!
[2023-11-16T16:43:33.409Z]     Elapsed time: 00:00:00
[Pipeline] }
[Pipeline] // withEnv
[Pipeline] }
[Pipeline] // timeout
[Pipeline] }
[Pipeline] // stage
[Pipeline] }
[Pipeline] // timestamps
[Pipeline] timestamps
[Pipeline] {
[Pipeline] stage
[Pipeline] { (Configure)
[Pipeline] timeout
[2023-11-16T16:43:33.762Z] Timeout set to expire in 6 hr 0 min
[Pipeline] {
[Pipeline] withEnv
[Pipeline] {
[Pipeline] sh
[2023-11-16T16:43:34.876Z] + scl enable gcc-toolset-11 -
[2023-11-16T16:43:34.876Z] + '[' enable = load -o enable = unload ']'
[2023-11-16T16:43:34.876Z] + /usr/bin/scl enable gcc-toolset-11 -
[2023-11-16T16:43:34.876Z] python ecg-maya-hydra/build.py --stages=configure --workspace-dir=/local/S/jenkins/workspace/ECP/ecg-maya-hydra/ecg-maya-hydra-branch-preflight-python3-linux --artifactory-dir=/local/S/jenkins/workspace/shared/Artifactory --build-dir=/local/S/jenkins/workspace/ECP/ecg-maya-hydra/ecg-maya-hydra-branch-preflight-python3-linux/build --install-dir=/local/S/jenkins/workspace/ECP/ecg-maya-hydra/ecg-maya-hydra-branch-preflight-python3-linux/install --signing-dir=/local/S/jenkins/workspace/ECP/ecg-maya-hydra/ecg-maya-hydra-branch-preflight-python3-linux/signing --package-dir=/local/S/jenkins/workspace/ECP/ecg-maya-hydra/ecg-maya-hydra-branch-preflight-python3-linux/package --output-dir=/local/S/jenkins/workspace/ECP/ecg-maya-hydra/ecg-maya-hydra-branch-preflight-python3-linux/output --stash-dir=/local/S/jenkins/workspace/ECP/ecg-maya-hydra/ecg-maya-hydra-branch-preflight-python3-linux/stash --jenkins-build=401 --git-commit=2e666b0e615b7aee74291ec1d141fa3458af2970 --git-branch=master --variants=Debug --interactive-tests=true --post-zips=false --osx-binary-architecture-target=ub2 --osx-deployment-target=11.0 --osx-base-sdk=CurrentActiveSDK --maya-cut-config=maya-rundev-master-debug.yaml --maya-package=rundev-master-debug --stage-banner
[2023-11-16T16:43:34.876Z] Using Maya cut from /local/S/jenkins/workspace/shared/Artifactory/Linux/rundev-master-debug/202310260154/runtime/7d60df0
[2023-11-16T16:43:34.876Z] 
[2023-11-16T16:43:34.876Z] ================================================================================
[2023-11-16T16:43:34.876Z]                                configure (Debug)
[2023-11-16T16:43:34.876Z] ================================================================================
[2023-11-16T16:43:34.876Z] Maya Python Debug Info:
[2023-11-16T16:43:34.876Z]   mayapy executable   = /local/S/jenkins/workspace/shared/Artifactory/Linux/rundev-master-debug/202310260154/runtime/7d60df0/runTime/bin/mayapy
[2023-11-16T16:43:34.876Z]   Include Folder      = /local/S/jenkins/workspace/shared/Artifactory/Linux/rundev-master-debug/202310260154/runtime/7d60df0/runTime/include/Python310/Python
[2023-11-16T16:43:34.876Z]   Library             = /local/S/jenkins/workspace/shared/Artifactory/Linux/rundev-master-debug/202310260154/runtime/7d60df0/runTime/lib/libpython3.10d.so.1.0
[2023-11-16T16:43:34.876Z]   site-package Folder = /local/S/jenkins/workspace/shared/Artifactory/Linux/rundev-master-debug/202310260154/runtime/7d60df0/runTime/lib/python3.10/site-packages
[2023-11-16T16:43:36.009Z] In workdir: /home/S/jenkins/workspace/ECP/ecg-maya-hydra/ecg-maya-hydra-branch-preflight-python3-linux/ecg-maya-hydra/maya-hydra
[2023-11-16T16:43:36.009Z] Executing: /local/S/jenkins/workspace/shared/Artifactory/Linux/rundev-master-debug/202310260154/runtime/7d60df0/runTime/bin/mayapy /home/S/jenkins/workspace/ECP/ecg-maya-hydra/ecg-maya-hydra-branch-preflight-python3-linux/ecg-maya-hydra/maya-hydra/build.py --generator Ninja --build-debug --maya-location /local/S/jenkins/workspace/shared/Artifactory/Linux/rundev-master-debug/202310260154/runtime/7d60df0/runTime --devkit-location /local/S/jenkins/workspace/shared/Artifactory/Linux/rundev-master-debug/202310260154/runtime/7d60df0/devkitBase --pxrusd-location /local/S/jenkins/workspace/shared/Artifactory/Linux/USD/8e4fe45 --build-args=-DCMAKE_MAKE_PROGRAM=/local/S/jenkins/workspace/shared/Artifactory/Linux/ninja/1.10.2/9ab399b/ninja,-DPYTHON_INCLUDE_DIR=/local/S/jenkins/workspace/shared/Artifactory/Linux/rundev-master-debug/202310260154/runtime/7d60df0/runTime/include/Python310/Python,-DPython_EXECUTABLE=/local/S/jenkins/workspace/shared/Artifactory/Linux/rundev-master-debug/202310260154/runtime/7d60df0/runTime/bin/mayapy,-DPYTHON_LIBRARIES=/local/S/jenkins/workspace/shared/Artifactory/Linux/rundev-master-debug/202310260154/runtime/7d60df0/runTime/lib/libpython3.10d.so.1.0,-DBUILD_WITH_PYTHON_3=ON,-DBUILD_WITH_PYTHON_3_VERSION=3.10,-DCMAKE_WANT_MATERIALX_BUILD=ON,-DCMAKE_PREFIX_PATH=/local/S/jenkins/workspace/shared/Artifactory/Linux/USD/8e4fe45,-DMAYAHYDRA_BUILD_NUMBER=401,-DMAYAHYDRA_GIT_COMMIT=2e666b0e615b7aee74291ec1d141fa3458af2970,-DMAYAHYDRA_GIT_BRANCH=master --debug-python '--ctest-args=--parallel 16' --stages=configure --redirect-outstream-file=False --install-location /local/S/jenkins/workspace/ECP/ecg-maya-hydra/ecg-maya-hydra-branch-preflight-python3-linux/install/Debug/MayaHydra /local/S/jenkins/workspace/ECP/ecg-maya-hydra/ecg-maya-hydra-branch-preflight-python3-linux
[2023-11-16T16:43:36.009Z] Modified environment variables:
[2023-11-16T16:43:36.009Z]     LD_LIBRARY_PATH=/opt/rh/gcc-toolset-11/root/usr/lib64:/opt/rh/gcc-toolset-11/root/usr/lib64:/opt/rh/gcc-toolset-11/root/usr/lib:/opt/rh/gcc-toolset-11/root/usr/lib64/dyninst:/opt/rh/gcc-toolset-11/root/usr/lib/dyninst
[2023-11-16T16:43:36.009Z]     PATH=/local/S/jenkins/workspace/shared/Artifactory/Linux/cmake/3.20.3/ab685d7/bin:/opt/rh/gcc-toolset-11/root/usr/bin:/home/administrator/.local/bin:/home/administrator/bin:/usr/share/Modules/bin:/usr/local/bin:/usr/local/sbin:/usr/bin:/usr/sbin
[2023-11-16T16:44:28.383Z]     -- The C compiler identification is GNU 11.2.1
[2023-11-16T16:44:28.383Z]     -- The CXX compiler identification is GNU 11.2.1
[2023-11-16T16:44:28.383Z]     -- Detecting C compiler ABI info
[2023-11-16T16:44:28.383Z]     -- Detecting C compiler ABI info - done
[2023-11-16T16:44:28.383Z]     -- Check for working C compiler: /opt/rh/gcc-toolset-11/root/usr/bin/cc - skipped
[2023-11-16T16:44:28.383Z]     -- Detecting C compile features
[2023-11-16T16:44:28.383Z]     -- Detecting C compile features - done
[2023-11-16T16:44:28.383Z]     -- Detecting CXX compiler ABI info
[2023-11-16T16:44:28.383Z]     -- Detecting CXX compiler ABI info - done
[2023-11-16T16:44:28.383Z]     -- Check for working CXX compiler: /opt/rh/gcc-toolset-11/root/usr/bin/c++ - skipped
[2023-11-16T16:44:28.383Z]     -- Detecting CXX compile features
[2023-11-16T16:44:28.383Z]     -- Detecting CXX compile features - done
[2023-11-16T16:44:28.383Z]     -- Using Maya Light API Version 3
[2023-11-16T16:44:28.383Z]     -- Maya has setDefaultMaterialHandling API
[2023-11-16T16:44:28.383Z]     -- Maya has new point snapping API
[2023-11-16T16:44:28.383Z]     -- Maya has isInCrashHandler API
[2023-11-16T16:44:28.383Z]     -- Maya has getDisplayStyleOfAllViewports API
[2023-11-16T16:44:28.383Z]     -- Maya array iterator has difference_type trait
[2023-11-16T16:44:28.383Z]     -- MFnSet has getMemberPaths function
[2023-11-16T16:44:28.383Z]     -- MFnDisplayLayer exists
[2023-11-16T16:44:28.383Z]     -- MDisplayLayerMessage has MDisplayLayerMemberChangedFunction
[2023-11-16T16:44:28.383Z]     -- MRenderItem has HideOnPlayback API
[2023-11-16T16:44:28.383Z]     -- Linux: Maya was built with new cxx11 ABI
[2023-11-16T16:44:28.383Z]     -- Found Maya: /local/S/jenkins/workspace/shared/Artifactory/Linux/rundev-master-debug/202310260154/runtime/7d60df0/runTime/bin/maya (found suitable version "2025", minimum required is "2024")
[2023-11-16T16:44:28.383Z]     -- Found Python: /local/S/jenkins/workspace/shared/Artifactory/Linux/rundev-master-debug/202310260154/runtime/7d60df0/runTime/bin/mayapy (found suitable exact version "3.10.8") found components: Interpreter
[2023-11-16T16:44:28.383Z]     -- Build mayaHydra with Python3 = 3.10
[2023-11-16T16:44:28.383Z]     --    PYTHON_INCLUDE_DIRS = /local/S/jenkins/workspace/shared/Artifactory/Linux/rundev-master-debug/202310260154/runtime/7d60df0/runTime/include/Python310/Python
[2023-11-16T16:44:28.383Z]     --    PYTHON_LIBRARIES    = /local/S/jenkins/workspace/shared/Artifactory/Linux/rundev-master-debug/202310260154/runtime/7d60df0/runTime/lib/libpython3.10d.so.1.0
[2023-11-16T16:44:28.383Z]     --    Python_EXECUTABLE   = /local/S/jenkins/workspace/shared/Artifactory/Linux/rundev-master-debug/202310260154/runtime/7d60df0/runTime/bin/mayapy
[2023-11-16T16:44:28.383Z]     -- Found Python3: /local/S/jenkins/workspace/shared/Artifactory/Linux/rundev-master-debug/202310260154/runtime/7d60df0/runTime/include/Python310/Python (found suitable exact version "3.10.8") found components: Development Development.Module Development.Embed
[2023-11-16T16:44:28.383Z]     -- USD has new Sdr.PropertyTypes.Color4
[2023-11-16T16:44:28.383Z]     -- USD has MaterialX metadata support
[2023-11-16T16:44:28.383Z]     -- USD include dir: /local/S/jenkins/workspace/shared/Artifactory/Linux/USD/8e4fe45/include
[2023-11-16T16:44:28.383Z]     -- USD library dir: /local/S/jenkins/workspace/shared/Artifactory/Linux/USD/8e4fe45/lib
[2023-11-16T16:44:28.383Z]     -- USD version: 0.23.8
[2023-11-16T16:44:28.383Z]     -- Found USD: /local/S/jenkins/workspace/shared/Artifactory/Linux/USD/8e4fe45 (found suitable version "0.23.8", minimum required is "0.22.11")
[2023-11-16T16:44:28.383Z]     Updated PYTHONPATH: /local/S/jenkins/workspace/shared/Artifactory/Linux/USD/8e4fe45/lib/python
[2023-11-16T16:44:28.383Z]     -- Found UFE: /local/S/jenkins/workspace/shared/Artifactory/Linux/rundev-master-debug/202310260154/runtime/7d60df0/devkitBase/devkit/ufe/include (found version "0.5.11")
[2023-11-16T16:44:28.383Z]     -- UFE include dir: /local/S/jenkins/workspace/shared/Artifactory/Linux/rundev-master-debug/202310260154/runtime/7d60df0/devkitBase/devkit/ufe/include
[2023-11-16T16:44:28.383Z]     -- UFE library: /local/S/jenkins/workspace/shared/Artifactory/Linux/rundev-master-debug/202310260154/runtime/7d60df0/devkitBase/devkit/ufe/lib/libufe_0.so
[2023-11-16T16:44:28.383Z]     -- UFE version: 0.5.11
[2023-11-16T16:44:28.383Z]     -- Maya has UFE lights API
[2023-11-16T16:44:28.383Z]     -- Maya has UFE scene segment API
[2023-11-16T16:44:28.383Z]     -- Maya has UFE TrieNode childrenComponents accessor
[2023-11-16T16:44:28.383Z]     -- Building with UFE 0.5.11.
[2023-11-16T16:44:28.383Z]     -- Found MaterialX
[2023-11-16T16:44:28.383Z]     -- Check if compiler accepts -pthread
[2023-11-16T16:44:28.383Z]     -- Check if compiler accepts -pthread - yes
[2023-11-16T16:44:28.383Z]     -- Performing Test HAVE_STDATOMIC
[2023-11-16T16:44:28.383Z]     -- Performing Test HAVE_STDATOMIC - Success
[2023-11-16T16:44:28.383Z]     -- Found OpenGL: /usr/lib64/libOpenGL.so
[2023-11-16T16:44:28.383Z]     -- Check if linker can resolve circular dependencies - FALSE
[2023-11-16T16:44:28.383Z]     -- Found Qt 6.5.2 in Maya devkit. Hydra Scene Browser will be built.
[2023-11-16T16:44:28.383Z]     -- **** Building Gulrak From Github Repository.
[2023-11-16T16:44:28.383Z]     -- Populating gulrak
[2023-11-16T16:44:28.383Z]     -- Configuring done
[2023-11-16T16:44:28.383Z]     -- Generating done
[2023-11-16T16:44:28.383Z]     -- Build files have been written to: /home/S/jenkins/workspace/ECP/ecg-maya-hydra/ecg-maya-hydra-branch-preflight-python3-linux/build/Debug/_deps/gulrak-subbuild
[2023-11-16T16:44:28.383Z]     [1/9] Creating directories for 'gulrak-populate'
[2023-11-16T16:44:28.383Z]     [1/9] Performing download step (git clone) for 'gulrak-populate'
[2023-11-16T16:44:28.383Z]     Cloning into 'gulrak-src'...
[2023-11-16T16:44:28.383Z]     HEAD is now at 4e21ab3 Version bump and updated readme.
[2023-11-16T16:44:28.383Z]     [2/9] Performing update step for 'gulrak-populate'
[2023-11-16T16:44:28.383Z]     [4/9] No patch step for 'gulrak-populate'
[2023-11-16T16:44:28.383Z]     [5/9] No configure step for 'gulrak-populate'
[2023-11-16T16:44:28.383Z]     [6/9] No build step for 'gulrak-populate'
[2023-11-16T16:44:28.383Z]     [7/9] No install step for 'gulrak-populate'
[2023-11-16T16:44:28.383Z]     [8/9] No test step for 'gulrak-populate'
[2023-11-16T16:44:28.383Z]     [9/9] Completed 'gulrak-populate'
[2023-11-16T16:44:28.938Z]     -- ========== Installing GoogleTest... ==========
[2023-11-16T16:44:28.938Z]     -- Configuring done
[2023-11-16T16:44:28.938Z]     -- Generating done
[2023-11-16T16:44:28.938Z]     -- Build files have been written to: /home/S/jenkins/workspace/ECP/ecg-maya-hydra/ecg-maya-hydra-branch-preflight-python3-linux/build/Debug/googletest-config
[2023-11-16T16:44:28.938Z]     [1/8] Creating directories for 'googletest'
[2023-11-16T16:44:30.084Z]     [2/8] Performing download step (git clone) for 'googletest'
[2023-11-16T16:44:30.084Z]     Cloning into 'googletest-src'...
[2023-11-16T16:44:30.084Z]     HEAD is now at 703bd9ca Googletest export
[2023-11-16T16:44:30.084Z]     [3/8] Performing update step for 'googletest'
[2023-11-16T16:44:30.084Z]     [4/8] No patch step for 'googletest'
[2023-11-16T16:44:30.630Z]     [5/8] Performing configure step for 'googletest'
[2023-11-16T16:44:30.630Z]     Not searching for unused variables given on the command line.
[2023-11-16T16:44:30.630Z]     CMake Deprecation Warning at CMakeLists.txt:4 (cmake_minimum_required):
[2023-11-16T16:44:30.630Z]       Compatibility with CMake < 2.8.12 will be removed from a future version of
[2023-11-16T16:44:30.630Z]       CMake.
[2023-11-16T16:44:30.630Z]     
[2023-11-16T16:44:30.630Z]       Update the VERSION argument <min> value or use a ...<max> suffix to tell
[2023-11-16T16:44:30.630Z]       CMake that the project does not need compatibility with older versions.
[2023-11-16T16:44:30.630Z]     
[2023-11-16T16:44:30.630Z]     
[2023-11-16T16:44:30.630Z]     -- The C compiler identification is GNU 11.2.1
[2023-11-16T16:44:30.630Z]     -- The CXX compiler identification is GNU 11.2.1
[2023-11-16T16:44:30.630Z]     -- Detecting C compiler ABI info
[2023-11-16T16:44:30.630Z]     -- Detecting C compiler ABI info - done
[2023-11-16T16:44:30.630Z]     -- Check for working C compiler: /opt/rh/gcc-toolset-11/root/usr/bin/cc - skipped
[2023-11-16T16:44:30.630Z]     -- Detecting C compile features
[2023-11-16T16:44:30.630Z]     -- Detecting C compile features - done
[2023-11-16T16:44:30.630Z]     -- Detecting CXX compiler ABI info
[2023-11-16T16:44:30.630Z]     -- Detecting CXX compiler ABI info - done
[2023-11-16T16:44:30.630Z]     -- Check for working CXX compiler: /opt/rh/gcc-toolset-11/root/usr/bin/c++ - skipped
[2023-11-16T16:44:30.630Z]     -- Detecting CXX compile features
[2023-11-16T16:44:30.630Z]     -- Detecting CXX compile features - done
[2023-11-16T16:44:30.630Z]     CMake Deprecation Warning at googletest/CMakeLists.txt:56 (cmake_minimum_required):
[2023-11-16T16:44:30.630Z]       Compatibility with CMake < 2.8.12 will be removed from a future version of
[2023-11-16T16:44:30.630Z]       CMake.
[2023-11-16T16:44:30.630Z]     
[2023-11-16T16:44:30.630Z]       Update the VERSION argument <min> value or use a ...<max> suffix to tell
[2023-11-16T16:44:30.630Z]       CMake that the project does not need compatibility with older versions.
[2023-11-16T16:44:30.630Z]     
[2023-11-16T16:44:30.630Z]     
[2023-11-16T16:44:30.630Z]     -- Found PythonInterp: /usr/local/bin/python (found version "3.9.7")
[2023-11-16T16:44:30.630Z]     -- Looking for pthread.h
[2023-11-16T16:44:30.630Z]     -- Looking for pthread.h - found
[2023-11-16T16:44:30.630Z]     -- Performing Test CMAKE_HAVE_LIBC_PTHREAD
[2023-11-16T16:44:30.630Z]     -- Performing Test CMAKE_HAVE_LIBC_PTHREAD - Failed
[2023-11-16T16:44:30.630Z]     -- Looking for pthread_create in pthreads
[2023-11-16T16:44:30.630Z]     -- Looking for pthread_create in pthreads - not found
[2023-11-16T16:44:30.630Z]     -- Looking for pthread_create in pthread
[2023-11-16T16:44:30.630Z]     -- Looking for pthread_create in pthread - found
[2023-11-16T16:44:30.630Z]     -- Found Threads: TRUE
[2023-11-16T16:44:30.630Z]     -- Configuring done
[2023-11-16T16:44:30.630Z]     -- Generating done
[2023-11-16T16:44:30.630Z]     -- Build files have been written to: /home/S/jenkins/workspace/ECP/ecg-maya-hydra/ecg-maya-hydra-branch-preflight-python3-linux/build/Debug/googletest-build
[2023-11-16T16:44:34.049Z]     [6/8] Performing build step for 'googletest'
[2023-11-16T16:44:34.049Z]     [1/4] Building CXX object googletest/CMakeFiles/gtest_main.dir/src/gtest_main.cc.o
[2023-11-16T16:44:34.049Z]     [2/4] Building CXX object googletest/CMakeFiles/gtest.dir/src/gtest-all.cc.o
[2023-11-16T16:44:34.049Z]     [3/4] Linking CXX shared library lib/libgtestd.so
[2023-11-16T16:44:34.049Z]     [4/4] Linking CXX shared library lib/libgtest_maind.so
[2023-11-16T16:44:34.049Z]     [7/8] Performing install step for 'googletest'
[2023-11-16T16:44:34.049Z]     [0/1] Install the project...
[2023-11-16T16:44:34.049Z]     -- Install configuration: "Debug"
[2023-11-16T16:44:34.049Z]     -- Set runtime path of "/home/S/jenkins/workspace/ECP/ecg-maya-hydra/ecg-maya-hydra-branch-preflight-python3-linux/build/Debug/googletest-install/lib64/libgtest_maind.so" to ""
[2023-11-16T16:44:34.049Z]     [8/8] Completed 'googletest'
[2023-11-16T16:44:34.049Z]     -- ========== ...  GoogleTest installed. ==========
[2023-11-16T16:44:34.049Z]     -- Found GTest: /home/S/jenkins/workspace/ECP/ecg-maya-hydra/ecg-maya-hydra-branch-preflight-python3-linux/build/Debug/googletest-install/lib64/libgtestd.so
[2023-11-16T16:44:34.049Z]     -- promoting: /home/S/jenkins/workspace/ECP/ecg-maya-hydra/ecg-maya-hydra-branch-preflight-python3-linux/ecg-maya-hydra/maya-hydra/lib/mayaHydra/mayaPlugin/pluginUtils.h
[2023-11-16T16:44:34.049Z]     -- promoting: /home/S/jenkins/workspace/ECP/ecg-maya-hydra/ecg-maya-hydra-branch-preflight-python3-linux/ecg-maya-hydra/maya-hydra/lib/mayaHydra/hydraExtensions/api.h
[2023-11-16T16:44:34.049Z]     -- promoting: /home/S/jenkins/workspace/ECP/ecg-maya-hydra/ecg-maya-hydra-branch-preflight-python3-linux/ecg-maya-hydra/maya-hydra/lib/mayaHydra/hydraExtensions/debugCodes.h
[2023-11-16T16:44:34.049Z]     -- promoting: /home/S/jenkins/workspace/ECP/ecg-maya-hydra/ecg-maya-hydra-branch-preflight-python3-linux/ecg-maya-hydra/maya-hydra/lib/mayaHydra/hydraExtensions/hydraUtils.h
[2023-11-16T16:44:34.049Z]     -- promoting: /home/S/jenkins/workspace/ECP/ecg-maya-hydra/ecg-maya-hydra-branch-preflight-python3-linux/ecg-maya-hydra/maya-hydra/lib/mayaHydra/hydraExtensions/interface.h
[2023-11-16T16:44:34.049Z]     -- promoting: /home/S/jenkins/workspace/ECP/ecg-maya-hydra/ecg-maya-hydra-branch-preflight-python3-linux/ecg-maya-hydra/maya-hydra/lib/mayaHydra/hydraExtensions/interfaceImp.h
[2023-11-16T16:44:34.049Z]     -- promoting: /home/S/jenkins/workspace/ECP/ecg-maya-hydra/ecg-maya-hydra-branch-preflight-python3-linux/ecg-maya-hydra/maya-hydra/lib/mayaHydra/hydraExtensions/mayaUtils.h
[2023-11-16T16:44:34.049Z]     -- promoting: /home/S/jenkins/workspace/ECP/ecg-maya-hydra/ecg-maya-hydra-branch-preflight-python3-linux/ecg-maya-hydra/maya-hydra/lib/mayaHydra/hydraExtensions/mixedUtils.h
[2023-11-16T16:44:34.049Z]     -- promoting: /home/S/jenkins/workspace/ECP/ecg-maya-hydra/ecg-maya-hydra-branch-preflight-python3-linux/ecg-maya-hydra/maya-hydra/lib/mayaHydra/hydraExtensions/mayaHydraSceneProducer.h
[2023-11-16T16:44:34.049Z]     -- promoting: /home/S/jenkins/workspace/ECP/ecg-maya-hydra/ecg-maya-hydra-branch-preflight-python3-linux/ecg-maya-hydra/maya-hydra/lib/mayaHydra/hydraExtensions/adapters/adapter.h
[2023-11-16T16:44:34.049Z]     -- promoting: /home/S/jenkins/workspace/ECP/ecg-maya-hydra/ecg-maya-hydra-branch-preflight-python3-linux/ecg-maya-hydra/maya-hydra/lib/mayaHydra/hydraExtensions/adapters/adapterDebugCodes.h
[2023-11-16T16:44:34.049Z]     -- promoting: /home/S/jenkins/workspace/ECP/ecg-maya-hydra/ecg-maya-hydra-branch-preflight-python3-linux/ecg-maya-hydra/maya-hydra/lib/mayaHydra/hydraExtensions/adapters/adapterRegistry.h
[2023-11-16T16:44:34.049Z]     -- promoting: /home/S/jenkins/workspace/ECP/ecg-maya-hydra/ecg-maya-hydra-branch-preflight-python3-linux/ecg-maya-hydra/maya-hydra/lib/mayaHydra/hydraExtensions/adapters/cameraAdapter.h
[2023-11-16T16:44:34.049Z]     -- promoting: /home/S/jenkins/workspace/ECP/ecg-maya-hydra/ecg-maya-hydra-branch-preflight-python3-linux/ecg-maya-hydra/maya-hydra/lib/mayaHydra/hydraExtensions/adapters/constantShadowMatrix.h
[2023-11-16T16:44:34.049Z]     -- promoting: /home/S/jenkins/workspace/ECP/ecg-maya-hydra/ecg-maya-hydra-branch-preflight-python3-linux/ecg-maya-hydra/maya-hydra/lib/mayaHydra/hydraExtensions/adapters/dagAdapter.h
[2023-11-16T16:44:34.049Z]     -- promoting: /home/S/jenkins/workspace/ECP/ecg-maya-hydra/ecg-maya-hydra-branch-preflight-python3-linux/ecg-maya-hydra/maya-hydra/lib/mayaHydra/hydraExtensions/adapters/renderItemAdapter.h
[2023-11-16T16:44:34.049Z]     -- promoting: /home/S/jenkins/workspace/ECP/ecg-maya-hydra/ecg-maya-hydra-branch-preflight-python3-linux/ecg-maya-hydra/maya-hydra/lib/mayaHydra/hydraExtensions/adapters/lightAdapter.h
[2023-11-16T16:44:34.049Z]     -- promoting: /home/S/jenkins/workspace/ECP/ecg-maya-hydra/ecg-maya-hydra-branch-preflight-python3-linux/ecg-maya-hydra/maya-hydra/lib/mayaHydra/hydraExtensions/adapters/materialAdapter.h
[2023-11-16T16:44:34.049Z]     -- promoting: /home/S/jenkins/workspace/ECP/ecg-maya-hydra/ecg-maya-hydra-branch-preflight-python3-linux/ecg-maya-hydra/maya-hydra/lib/mayaHydra/hydraExtensions/adapters/materialNetworkConverter.h
[2023-11-16T16:44:34.049Z]     -- promoting: /home/S/jenkins/workspace/ECP/ecg-maya-hydra/ecg-maya-hydra-branch-preflight-python3-linux/ecg-maya-hydra/maya-hydra/lib/mayaHydra/hydraExtensions/adapters/mayaAttrs.h
[2023-11-16T16:44:34.049Z]     -- promoting: /home/S/jenkins/workspace/ECP/ecg-maya-hydra/ecg-maya-hydra-branch-preflight-python3-linux/ecg-maya-hydra/maya-hydra/lib/mayaHydra/hydraExtensions/adapters/shapeAdapter.h
[2023-11-16T16:44:34.049Z]     -- promoting: /home/S/jenkins/workspace/ECP/ecg-maya-hydra/ecg-maya-hydra-branch-preflight-python3-linux/ecg-maya-hydra/maya-hydra/lib/mayaHydra/hydraExtensions/adapters/tokens.h
[2023-11-16T16:44:34.049Z]     -- promoting: /home/S/jenkins/workspace/ECP/ecg-maya-hydra/ecg-maya-hydra-branch-preflight-python3-linux/ecg-maya-hydra/maya-hydra/lib/mayaHydra/hydraExtensions/delegates/delegate.h
[2023-11-16T16:44:34.049Z]     -- promoting: /home/S/jenkins/workspace/ECP/ecg-maya-hydra/ecg-maya-hydra-branch-preflight-python3-linux/ecg-maya-hydra/maya-hydra/lib/mayaHydra/hydraExtensions/delegates/delegateCtx.h
[2023-11-16T16:44:34.049Z]     -- promoting: /home/S/jenkins/workspace/ECP/ecg-maya-hydra/ecg-maya-hydra-branch-preflight-python3-linux/ecg-maya-hydra/maya-hydra/lib/mayaHydra/hydraExtensions/delegates/delegateDebugCodes.h
[2023-11-16T16:44:34.049Z]     -- promoting: /home/S/jenkins/workspace/ECP/ecg-maya-hydra/ecg-maya-hydra-branch-preflight-python3-linux/ecg-maya-hydra/maya-hydra/lib/mayaHydra/hydraExtensions/delegates/delegateRegistry.h
[2023-11-16T16:44:34.049Z]     -- promoting: /home/S/jenkins/workspace/ECP/ecg-maya-hydra/ecg-maya-hydra-branch-preflight-python3-linux/ecg-maya-hydra/maya-hydra/lib/mayaHydra/hydraExtensions/delegates/params.h
[2023-11-16T16:44:34.049Z]     -- promoting: /home/S/jenkins/workspace/ECP/ecg-maya-hydra/ecg-maya-hydra-branch-preflight-python3-linux/ecg-maya-hydra/maya-hydra/lib/mayaHydra/hydraExtensions/delegates/sceneDelegate.h
[2023-11-16T16:44:34.049Z]     -- promoting: /home/S/jenkins/workspace/ECP/ecg-maya-hydra/ecg-maya-hydra-branch-preflight-python3-linux/ecg-maya-hydra/maya-hydra/lib/mayaHydra/hydraExtensions/delegates/defaultLightDelegate.h
[2023-11-16T16:44:34.049Z]     -- promoting: /home/S/jenkins/workspace/ECP/ecg-maya-hydra/ecg-maya-hydra-branch-preflight-python3-linux/ecg-maya-hydra/maya-hydra/lib/mayaHydra/hydraExtensions/delegates/testDelegate.h
[2023-11-16T16:44:34.049Z]     -- promoting: /home/S/jenkins/workspace/ECP/ecg-maya-hydra/ecg-maya-hydra-branch-preflight-python3-linux/ecg-maya-hydra/maya-hydra/lib/mayaHydra/hydraExtensions/sceneIndex/registration.h
[2023-11-16T16:44:34.049Z]     -- promoting: /home/S/jenkins/workspace/ECP/ecg-maya-hydra/ecg-maya-hydra-branch-preflight-python3-linux/ecg-maya-hydra/maya-hydra/lib/mayaHydra/hydraExtensions/sceneIndex/mayaHydraSceneIndex.h
[2023-11-16T16:44:34.049Z]     -- promoting: /home/S/jenkins/workspace/ECP/ecg-maya-hydra/ecg-maya-hydra-branch-preflight-python3-linux/ecg-maya-hydra/maya-hydra/lib/mayaHydra/hydraExtensions/sceneIndex/mayaHydraDataSource.h
[2023-11-16T16:44:34.049Z]     -- promoting: /home/S/jenkins/workspace/ECP/ecg-maya-hydra/ecg-maya-hydra-branch-preflight-python3-linux/ecg-maya-hydra/maya-hydra/lib/mayaHydra/hydraExtensions/sceneIndex/mayaHydraPrimvarDataSource.h
[2023-11-16T16:44:34.049Z]     -- promoting: /home/S/jenkins/workspace/ECP/ecg-maya-hydra/ecg-maya-hydra-branch-preflight-python3-linux/ecg-maya-hydra/maya-hydra/lib/mayaHydra/hydraExtensions/sceneIndex/mayaHydraDisplayStyleDataSource.h
[2023-11-16T16:44:34.049Z]     -- promoting: /home/S/jenkins/workspace/ECP/ecg-maya-hydra/ecg-maya-hydra-branch-preflight-python3-linux/ecg-maya-hydra/maya-hydra/lib/mayaHydra/hydraExtensions/sceneIndex/mayaHydraCameraDataSource.h
[2023-11-16T16:44:34.049Z]     -- promoting: /home/S/jenkins/workspace/ECP/ecg-maya-hydra/ecg-maya-hydra-branch-preflight-python3-linux/ecg-maya-hydra/maya-hydra/lib/mayaHydra/hydraExtensions/sceneIndex/mayaHydraLightDataSource.h
[2023-11-16T16:44:34.049Z]     -- promoting: /home/S/jenkins/workspace/ECP/ecg-maya-hydra/ecg-maya-hydra-branch-preflight-python3-linux/ecg-maya-hydra/maya-hydra/lib/mayaHydra/hydraExtensions/sceneIndex/mayaHydraDefaultLightDataSource.h
[2023-11-16T16:44:34.049Z]     -- promoting: /home/S/jenkins/workspace/ECP/ecg-maya-hydra/ecg-maya-hydra-branch-preflight-python3-linux/ecg-maya-hydra/maya-hydra/lib/mayaHydra/ufeExtensions/api.h
[2023-11-16T16:44:34.049Z]     -- promoting: /home/S/jenkins/workspace/ECP/ecg-maya-hydra/ecg-maya-hydra-branch-preflight-python3-linux/ecg-maya-hydra/maya-hydra/lib/mayaHydra/ufeExtensions/Global.h
[2023-11-16T16:44:34.049Z]     -- promoting: /home/S/jenkins/workspace/ECP/ecg-maya-hydra/ecg-maya-hydra-branch-preflight-python3-linux/ecg-maya-hydra/maya-hydra/lib/flowViewport/api.h
[2023-11-16T16:44:34.049Z]     -- promoting: /home/S/jenkins/workspace/ECP/ecg-maya-hydra/ecg-maya-hydra-branch-preflight-python3-linux/ecg-maya-hydra/maya-hydra/lib/flowViewport/debugCodes.h
[2023-11-16T16:44:34.049Z]     -- promoting: /home/S/jenkins/workspace/ECP/ecg-maya-hydra/ecg-maya-hydra-branch-preflight-python3-linux/ecg-maya-hydra/maya-hydra/lib/flowViewport/global.h
[2023-11-16T16:44:34.049Z]     -- promoting: /home/S/jenkins/workspace/ECP/ecg-maya-hydra/ecg-maya-hydra-branch-preflight-python3-linux/ecg-maya-hydra/maya-hydra/lib/flowViewport/tokens.h
[2023-11-16T16:44:34.049Z]     -- promoting: /home/S/jenkins/workspace/ECP/ecg-maya-hydra/ecg-maya-hydra-branch-preflight-python3-linux/ecg-maya-hydra/maya-hydra/lib/flowViewport/colorPreferences/fvpColorChanged.h
[2023-11-16T16:44:34.049Z]     -- promoting: /home/S/jenkins/workspace/ECP/ecg-maya-hydra/ecg-maya-hydra-branch-preflight-python3-linux/ecg-maya-hydra/maya-hydra/lib/flowViewport/colorPreferences/fvpColorPreferences.h
[2023-11-16T16:44:34.049Z]     -- promoting: /home/S/jenkins/workspace/ECP/ecg-maya-hydra/ecg-maya-hydra-branch-preflight-python3-linux/ecg-maya-hydra/maya-hydra/lib/flowViewport/colorPreferences/fvpColorPreferencesTokens.h
[2023-11-16T16:44:34.049Z]     -- promoting: /home/S/jenkins/workspace/ECP/ecg-maya-hydra/ecg-maya-hydra-branch-preflight-python3-linux/ecg-maya-hydra/maya-hydra/lib/flowViewport/colorPreferences/fvpColorPreferencesTranslator.h
[2023-11-16T16:44:34.049Z]     -- promoting: /home/S/jenkins/workspace/ECP/ecg-maya-hydra/ecg-maya-hydra-branch-preflight-python3-linux/ecg-maya-hydra/maya-hydra/lib/flowViewport/sceneIndex/fvpMergingSceneIndex.h
[2023-11-16T16:44:34.049Z]     -- promoting: /home/S/jenkins/workspace/ECP/ecg-maya-hydra/ecg-maya-hydra-branch-preflight-python3-linux/ecg-maya-hydra/maya-hydra/lib/flowViewport/sceneIndex/fvpPathInterface.h
[2023-11-16T16:44:34.049Z]     -- promoting: /home/S/jenkins/workspace/ECP/ecg-maya-hydra/ecg-maya-hydra-branch-preflight-python3-linux/ecg-maya-hydra/maya-hydra/lib/flowViewport/sceneIndex/fvpPathInterfaceSceneIndex.h
[2023-11-16T16:44:34.049Z]     -- promoting: /home/S/jenkins/workspace/ECP/ecg-maya-hydra/ecg-maya-hydra-branch-preflight-python3-linux/ecg-maya-hydra/maya-hydra/lib/flowViewport/sceneIndex/fvpRenderIndexProxy.h
[2023-11-16T16:44:34.049Z]     -- promoting: /home/S/jenkins/workspace/ECP/ecg-maya-hydra/ecg-maya-hydra-branch-preflight-python3-linux/ecg-maya-hydra/maya-hydra/lib/flowViewport/sceneIndex/fvpSelectionSceneIndex.h
[2023-11-16T16:44:34.049Z]     -- promoting: /home/S/jenkins/workspace/ECP/ecg-maya-hydra/ecg-maya-hydra-branch-preflight-python3-linux/ecg-maya-hydra/maya-hydra/lib/flowViewport/sceneIndex/fvpWireframeSelectionHighlightSceneIndex.h
[2023-11-16T16:44:34.049Z]     -- promoting: /home/S/jenkins/workspace/ECP/ecg-maya-hydra/ecg-maya-hydra-branch-preflight-python3-linux/ecg-maya-hydra/maya-hydra/lib/flowViewport/API/fvpSelectionClient.h
[2023-11-16T16:44:34.049Z]     -- promoting: /home/S/jenkins/workspace/ECP/ecg-maya-hydra/ecg-maya-hydra-branch-preflight-python3-linux/ecg-maya-hydra/maya-hydra/lib/flowViewport/API/fvpFlowSelectionInterface.h
[2023-11-16T16:44:34.049Z]     -- promoting: /home/S/jenkins/workspace/ECP/ecg-maya-hydra/ecg-maya-hydra-branch-preflight-python3-linux/ecg-maya-hydra/maya-hydra/lib/flowViewport/API/fvpVersionInterface.h
[2023-11-16T16:44:34.049Z]     -- promoting: /home/S/jenkins/workspace/ECP/ecg-maya-hydra/ecg-maya-hydra-branch-preflight-python3-linux/ecg-maya-hydra/maya-hydra/lib/flowViewport/API/interfacesImp/fvpSelectionInterfaceImp.h
[2023-11-16T16:44:34.049Z]     -- promoting: /home/S/jenkins/workspace/ECP/ecg-maya-hydra/ecg-maya-hydra-branch-preflight-python3-linux/ecg-maya-hydra/maya-hydra/lib/flowViewport/API/interfacesImp/fvpVersionInterfaceImp.h
[2023-11-16T16:44:34.049Z]     -- promoting: /home/S/jenkins/workspace/ECP/ecg-maya-hydra/ecg-maya-hydra-branch-preflight-python3-linux/ecg-maya-hydra/maya-hydra/lib/flowViewport/API/samples/fvpSelectionClientExample.h
[2023-11-16T16:44:34.049Z]     -- promoting: /home/S/jenkins/workspace/ECP/ecg-maya-hydra/ecg-maya-hydra-branch-preflight-python3-linux/ecg-maya-hydra/maya-hydra/lib/flowViewport/selection/fvpSelection.h
[2023-11-16T16:44:34.049Z]     -- promoting: /home/S/jenkins/workspace/ECP/ecg-maya-hydra/ecg-maya-hydra-branch-preflight-python3-linux/ecg-maya-hydra/maya-hydra/lib/flowViewport/selection/fvpSelectionFwd.h
[2023-11-16T16:44:34.049Z]     -- promoting: /home/S/jenkins/workspace/ECP/ecg-maya-hydra/ecg-maya-hydra-branch-preflight-python3-linux/ecg-maya-hydra/maya-hydra/lib/flowViewport/selection/fvpSelectionTask.h
[2023-11-16T16:44:34.049Z]     -- promoting: /home/S/jenkins/workspace/ECP/ecg-maya-hydra/ecg-maya-hydra-branch-preflight-python3-linux/ecg-maya-hydra/maya-hydra/lib/flowViewport/selection/fvpSelectionTracker.h
[2023-11-16T16:44:34.049Z]     -- Configuring done
[2023-11-16T16:44:34.275Z]     -- Generating done
[2023-11-16T16:44:34.275Z]     CMake Warning:
[2023-11-16T16:44:34.275Z]       Manually-specified variables were not used by the project:
[2023-11-16T16:44:34.275Z]     
[2023-11-16T16:44:34.275Z]         BUILD_WITH_PYTHON_3
[2023-11-16T16:44:34.275Z]     
[2023-11-16T16:44:34.275Z]     
[2023-11-16T16:44:34.275Z]     -- Build files have been written to: /home/S/jenkins/workspace/ECP/ecg-maya-hydra/ecg-maya-hydra-branch-preflight-python3-linux/build/Debug
[2023-11-16T16:44:34.275Z]     
[2023-11-16T16:44:34.275Z]         Building with settings:
[2023-11-16T16:44:34.275Z]           Source directory          /home/S/jenkins/workspace/ECP/ecg-maya-hydra/ecg-maya-hydra-branch-preflight-python3-linux/ecg-maya-hydra/maya-hydra
[2023-11-16T16:44:34.275Z]           Workspace directory       /local/S/jenkins/workspace/ECP/ecg-maya-hydra/ecg-maya-hydra-branch-preflight-python3-linux
[2023-11-16T16:44:34.275Z]           Build directory           /local/S/jenkins/workspace/ECP/ecg-maya-hydra/ecg-maya-hydra-branch-preflight-python3-linux/build/Debug
[2023-11-16T16:44:34.275Z]           Install directory         /local/S/jenkins/workspace/ECP/ecg-maya-hydra/ecg-maya-hydra-branch-preflight-python3-linux/install/Debug/MayaHydra
[2023-11-16T16:44:34.275Z]           Variant                   Debug
[2023-11-16T16:44:34.275Z]           Python Debug              On
[2023-11-16T16:44:34.275Z]           CMake generator           Ninja
[2023-11-16T16:44:34.275Z]           Build arguments           ['-DCMAKE_MAKE_PROGRAM=/local/S/jenkins/workspace/shared/Artifactory/Linux/ninja/1.10.2/9ab399b/ninja', '-DPYTHON_INCLUDE_DIR=/local/S/jenkins/workspace/shared/Artifactory/Linux/rundev-master-debug/202310260154/runtime/7d60df0/runTime/include/Python310/Python', '-DPython_EXECUTABLE=/local/S/jenkins/workspace/shared/Artifactory/Linux/rundev-master-debug/202310260154/runtime/7d60df0/runTime/bin/mayapy', '-DPYTHON_LIBRARIES=/local/S/jenkins/workspace/shared/Artifactory/Linux/rundev-master-debug/202310260154/runtime/7d60df0/runTime/lib/libpython3.10d.so.1.0', '-DBUILD_WITH_PYTHON_3=ON', '-DBUILD_WITH_PYTHON_3_VERSION=3.10', '-DCMAKE_WANT_MATERIALX_BUILD=ON', '-DCMAKE_PREFIX_PATH=/local/S/jenkins/workspace/shared/Artifactory/Linux/USD/8e4fe45', '-DMAYAHYDRA_BUILD_NUMBER=401', '-DMAYAHYDRA_GIT_COMMIT=2e666b0e615b7aee74291ec1d141fa3458af2970', '-DMAYAHYDRA_GIT_BRANCH=master']
[2023-11-16T16:44:34.275Z]           Stages arguments          ['configure']
[2023-11-16T16:44:34.275Z]           CTest arguments           ['--parallel 16']
[2023-11-16T16:44:34.275Z]     STATUS: Could not find Maya Qt6.
[2023-11-16T16:44:34.275Z]     STATUS:   Extracting '/local/S/jenkins/workspace/shared/Artifactory/Linux/rundev-master-debug/202310260154/runtime/7d60df0/devkitBase/Qt.tgz' to '/local/S/jenkins/workspace/shared/Artifactory/Linux/rundev-master-debug/202310260154/runtime/7d60df0/devkitBase'
[2023-11-16T16:44:34.275Z]     Success MayaHydra build and install !!!!
[2023-11-16T16:44:34.275Z]     Elapsed time: 00:00:11
[Pipeline] sh
[2023-11-16T16:44:35.802Z] + scl enable gcc-toolset-11 -
[2023-11-16T16:44:35.802Z] + '[' enable = load -o enable = unload ']'
[2023-11-16T16:44:35.802Z] + /usr/bin/scl enable gcc-toolset-11 -
[2023-11-16T16:44:35.802Z] python ecg-maya-hydra/build.py --stages=configure --workspace-dir=/local/S/jenkins/workspace/ECP/ecg-maya-hydra/ecg-maya-hydra-branch-preflight-python3-linux --artifactory-dir=/local/S/jenkins/workspace/shared/Artifactory --build-dir=/local/S/jenkins/workspace/ECP/ecg-maya-hydra/ecg-maya-hydra-branch-preflight-python3-linux/build --install-dir=/local/S/jenkins/workspace/ECP/ecg-maya-hydra/ecg-maya-hydra-branch-preflight-python3-linux/install --signing-dir=/local/S/jenkins/workspace/ECP/ecg-maya-hydra/ecg-maya-hydra-branch-preflight-python3-linux/signing --package-dir=/local/S/jenkins/workspace/ECP/ecg-maya-hydra/ecg-maya-hydra-branch-preflight-python3-linux/package --output-dir=/local/S/jenkins/workspace/ECP/ecg-maya-hydra/ecg-maya-hydra-branch-preflight-python3-linux/output --stash-dir=/local/S/jenkins/workspace/ECP/ecg-maya-hydra/ecg-maya-hydra-branch-preflight-python3-linux/stash --jenkins-build=401 --git-commit=2e666b0e615b7aee74291ec1d141fa3458af2970 --git-branch=master --variants=RelWithDebInfo --interactive-tests=true --post-zips=false --osx-binary-architecture-target=ub2 --osx-deployment-target=11.0 --osx-base-sdk=CurrentActiveSDK --maya-cut-config=maya-rundev-master.yaml --maya-package=rundev-master --stage-banner
[2023-11-16T16:44:35.802Z] Using Maya cut from /local/S/jenkins/workspace/shared/Artifactory/Linux/rundev-master/202311060140/runtime/33fa670
[2023-11-16T16:44:35.802Z] 
[2023-11-16T16:44:35.802Z] ================================================================================
[2023-11-16T16:44:35.802Z]                            configure (RelWithDebInfo)
[2023-11-16T16:44:35.802Z] ================================================================================
[2023-11-16T16:44:35.802Z] Maya Python RelWithDebInfo Info:
[2023-11-16T16:44:35.802Z]   mayapy executable   = /local/S/jenkins/workspace/shared/Artifactory/Linux/rundev-master/202311060140/runtime/33fa670/runTime/bin/mayapy
[2023-11-16T16:44:35.802Z]   Include Folder      = /local/S/jenkins/workspace/shared/Artifactory/Linux/rundev-master/202311060140/runtime/33fa670/runTime/include/Python310/Python
[2023-11-16T16:44:35.802Z]   Library             = /local/S/jenkins/workspace/shared/Artifactory/Linux/rundev-master/202311060140/runtime/33fa670/runTime/lib/libpython3.10.so.1.0
[2023-11-16T16:44:35.802Z]   site-package Folder = /local/S/jenkins/workspace/shared/Artifactory/Linux/rundev-master/202311060140/runtime/33fa670/runTime/lib/python3.10/site-packages
[2023-11-16T16:44:35.802Z] In workdir: /home/S/jenkins/workspace/ECP/ecg-maya-hydra/ecg-maya-hydra-branch-preflight-python3-linux/ecg-maya-hydra/maya-hydra
[2023-11-16T16:44:35.802Z] Executing: /local/S/jenkins/workspace/shared/Artifactory/Linux/rundev-master/202311060140/runtime/33fa670/runTime/bin/mayapy /home/S/jenkins/workspace/ECP/ecg-maya-hydra/ecg-maya-hydra-branch-preflight-python3-linux/ecg-maya-hydra/maya-hydra/build.py --generator Ninja --build-relwithdebug --maya-location /local/S/jenkins/workspace/shared/Artifactory/Linux/rundev-master/202311060140/runtime/33fa670/runTime --devkit-location /local/S/jenkins/workspace/shared/Artifactory/Linux/rundev-master/202311060140/runtime/33fa670/devkitBase --pxrusd-location /local/S/jenkins/workspace/shared/Artifactory/Linux/USD/13e6029 --build-args=-DCMAKE_MAKE_PROGRAM=/local/S/jenkins/workspace/shared/Artifactory/Linux/ninja/1.10.2/9ab399b/ninja,-DPYTHON_INCLUDE_DIR=/local/S/jenkins/workspace/shared/Artifactory/Linux/rundev-master/202311060140/runtime/33fa670/runTime/include/Python310/Python,-DPython_EXECUTABLE=/local/S/jenkins/workspace/shared/Artifactory/Linux/rundev-master/202311060140/runtime/33fa670/runTime/bin/mayapy,-DPYTHON_LIBRARIES=/local/S/jenkins/workspace/shared/Artifactory/Linux/rundev-master/202311060140/runtime/33fa670/runTime/lib/libpython3.10.so.1.0,-DBUILD_WITH_PYTHON_3=ON,-DBUILD_WITH_PYTHON_3_VERSION=3.10,-DCMAKE_WANT_MATERIALX_BUILD=ON,-DCMAKE_PREFIX_PATH=/local/S/jenkins/workspace/shared/Artifactory/Linux/USD/13e6029,-DMAYAHYDRA_BUILD_NUMBER=401,-DMAYAHYDRA_GIT_COMMIT=2e666b0e615b7aee74291ec1d141fa3458af2970,-DMAYAHYDRA_GIT_BRANCH=master '--ctest-args=--parallel 16' --stages=configure --redirect-outstream-file=False --install-location /local/S/jenkins/workspace/ECP/ecg-maya-hydra/ecg-maya-hydra-branch-preflight-python3-linux/install/RelWithDebInfo/MayaHydra /local/S/jenkins/workspace/ECP/ecg-maya-hydra/ecg-maya-hydra-branch-preflight-python3-linux
[2023-11-16T16:44:35.802Z] Modified environment variables:
[2023-11-16T16:44:35.802Z]     LD_LIBRARY_PATH=/opt/rh/gcc-toolset-11/root/usr/lib64:/opt/rh/gcc-toolset-11/root/usr/lib64:/opt/rh/gcc-toolset-11/root/usr/lib:/opt/rh/gcc-toolset-11/root/usr/lib64/dyninst:/opt/rh/gcc-toolset-11/root/usr/lib/dyninst
[2023-11-16T16:44:35.802Z]     PATH=/local/S/jenkins/workspace/shared/Artifactory/Linux/cmake/3.20.3/ab685d7/bin:/opt/rh/gcc-toolset-11/root/usr/bin:/home/administrator/.local/bin:/home/administrator/bin:/usr/share/Modules/bin:/usr/local/bin:/usr/local/sbin:/usr/bin:/usr/sbin
[2023-11-16T16:44:49.227Z]     -- The C compiler identification is GNU 11.2.1
[2023-11-16T16:44:49.227Z]     -- The CXX compiler identification is GNU 11.2.1
[2023-11-16T16:44:49.227Z]     -- Detecting C compiler ABI info
[2023-11-16T16:44:49.227Z]     -- Detecting C compiler ABI info - done
[2023-11-16T16:44:49.227Z]     -- Check for working C compiler: /opt/rh/gcc-toolset-11/root/usr/bin/cc - skipped
[2023-11-16T16:44:49.227Z]     -- Detecting C compile features
[2023-11-16T16:44:49.227Z]     -- Detecting C compile features - done
[2023-11-16T16:44:49.227Z]     -- Detecting CXX compiler ABI info
[2023-11-16T16:44:49.227Z]     -- Detecting CXX compiler ABI info - done
[2023-11-16T16:44:49.227Z]     -- Check for working CXX compiler: /opt/rh/gcc-toolset-11/root/usr/bin/c++ - skipped
[2023-11-16T16:44:49.227Z]     -- Detecting CXX compile features
[2023-11-16T16:44:49.227Z]     -- Detecting CXX compile features - done
[2023-11-16T16:44:49.227Z]     -- Using Maya Light API Version 3
[2023-11-16T16:44:49.227Z]     -- Maya has setDefaultMaterialHandling API
[2023-11-16T16:44:49.227Z]     -- Maya has new point snapping API
[2023-11-16T16:44:49.227Z]     -- Maya has isInCrashHandler API
[2023-11-16T16:44:49.227Z]     -- Maya has getDisplayStyleOfAllViewports API
[2023-11-16T16:44:49.227Z]     -- Maya array iterator has difference_type trait
[2023-11-16T16:44:49.227Z]     -- MFnSet has getMemberPaths function
[2023-11-16T16:44:49.227Z]     -- MFnDisplayLayer exists
[2023-11-16T16:44:49.227Z]     -- MDisplayLayerMessage has MDisplayLayerMemberChangedFunction
[2023-11-16T16:44:49.227Z]     -- MRenderItem has HideOnPlayback API
[2023-11-16T16:44:49.227Z]     -- Linux: Maya was built with new cxx11 ABI
[2023-11-16T16:44:49.227Z]     -- Found Maya: /local/S/jenkins/workspace/shared/Artifactory/Linux/rundev-master/202311060140/runtime/33fa670/runTime/bin/maya (found suitable version "2025", minimum required is "2024")
[2023-11-16T16:44:49.767Z]     -- Found Python: /local/S/jenkins/workspace/shared/Artifactory/Linux/rundev-master/202311060140/runtime/33fa670/runTime/bin/mayapy (found suitable exact version "3.10.8") found components: Interpreter
[2023-11-16T16:44:49.767Z]     -- Build mayaHydra with Python3 = 3.10
[2023-11-16T16:44:49.767Z]     --    PYTHON_INCLUDE_DIRS = /local/S/jenkins/workspace/shared/Artifactory/Linux/rundev-master/202311060140/runtime/33fa670/runTime/include/Python310/Python
[2023-11-16T16:44:49.767Z]     --    PYTHON_LIBRARIES    = /local/S/jenkins/workspace/shared/Artifactory/Linux/rundev-master/202311060140/runtime/33fa670/runTime/lib/libpython3.10.so.1.0
[2023-11-16T16:44:49.767Z]     --    Python_EXECUTABLE   = /local/S/jenkins/workspace/shared/Artifactory/Linux/rundev-master/202311060140/runtime/33fa670/runTime/bin/mayapy
[2023-11-16T16:44:49.767Z]     -- Found Python3: /local/S/jenkins/workspace/shared/Artifactory/Linux/rundev-master/202311060140/runtime/33fa670/runTime/include/Python310/Python (found suitable exact version "3.10.8") found components: Development Development.Module Development.Embed
[2023-11-16T16:44:49.767Z]     -- USD has new Sdr.PropertyTypes.Color4
[2023-11-16T16:44:50.316Z]     -- USD has MaterialX metadata support
[2023-11-16T16:44:50.316Z]     -- USD include dir: /local/S/jenkins/workspace/shared/Artifactory/Linux/USD/13e6029/include
[2023-11-16T16:44:50.316Z]     -- USD library dir: /local/S/jenkins/workspace/shared/Artifactory/Linux/USD/13e6029/lib
[2023-11-16T16:44:50.316Z]     -- USD version: 0.23.8
[2023-11-16T16:44:50.316Z]     -- Found USD: /local/S/jenkins/workspace/shared/Artifactory/Linux/USD/13e6029 (found suitable version "0.23.8", minimum required is "0.22.11")
[2023-11-16T16:44:50.316Z]     Updated PYTHONPATH: /local/S/jenkins/workspace/shared/Artifactory/Linux/USD/13e6029/lib/python
[2023-11-16T16:44:50.316Z]     -- Found UFE: /local/S/jenkins/workspace/shared/Artifactory/Linux/rundev-master/202311060140/runtime/33fa670/devkitBase/devkit/ufe/include (found version "0.5.11")
[2023-11-16T16:44:50.316Z]     -- UFE include dir: /local/S/jenkins/workspace/shared/Artifactory/Linux/rundev-master/202311060140/runtime/33fa670/devkitBase/devkit/ufe/include
[2023-11-16T16:44:50.316Z]     -- UFE library: /local/S/jenkins/workspace/shared/Artifactory/Linux/rundev-master/202311060140/runtime/33fa670/devkitBase/devkit/ufe/lib/libufe_0.so
[2023-11-16T16:44:50.316Z]     -- UFE version: 0.5.11
[2023-11-16T16:44:50.316Z]     -- Maya has UFE lights API
[2023-11-16T16:44:50.316Z]     -- Maya has UFE scene segment API
[2023-11-16T16:44:50.316Z]     -- Maya has UFE TrieNode childrenComponents accessor
[2023-11-16T16:44:50.316Z]     -- Building with UFE 0.5.11.
[2023-11-16T16:44:50.316Z]     -- Found MaterialX
[2023-11-16T16:44:50.316Z]     -- Check if compiler accepts -pthread
[2023-11-16T16:44:50.316Z]     -- Check if compiler accepts -pthread - yes
[2023-11-16T16:44:50.316Z]     -- Performing Test HAVE_STDATOMIC
[2023-11-16T16:44:50.316Z]     -- Performing Test HAVE_STDATOMIC - Success
[2023-11-16T16:44:50.316Z]     -- Found OpenGL: /usr/lib64/libOpenGL.so
[2023-11-16T16:44:50.861Z]     -- Check if linker can resolve circular dependencies - FALSE
[2023-11-16T16:44:50.861Z]     -- Found Qt 6.5.2 in Maya devkit. Hydra Scene Browser will be built.
[2023-11-16T16:44:50.861Z]     -- **** Building Gulrak From Github Repository.
[2023-11-16T16:44:50.861Z]     -- Populating gulrak
[2023-11-16T16:44:50.861Z]     -- Configuring done
[2023-11-16T16:44:50.861Z]     -- Generating done
[2023-11-16T16:44:50.861Z]     -- Build files have been written to: /home/S/jenkins/workspace/ECP/ecg-maya-hydra/ecg-maya-hydra-branch-preflight-python3-linux/build/RelWithDebInfo/_deps/gulrak-subbuild
[2023-11-16T16:44:50.861Z]     [1/9] Creating directories for 'gulrak-populate'
[2023-11-16T16:44:50.861Z]     [1/9] Performing download step (git clone) for 'gulrak-populate'
[2023-11-16T16:44:50.861Z]     Cloning into 'gulrak-src'...
[2023-11-16T16:44:51.402Z]     HEAD is now at 4e21ab3 Version bump and updated readme.
[2023-11-16T16:44:51.402Z]     [2/9] Performing update step for 'gulrak-populate'
[2023-11-16T16:44:51.402Z]     [4/9] No patch step for 'gulrak-populate'
[2023-11-16T16:44:51.402Z]     [5/9] No configure step for 'gulrak-populate'
[2023-11-16T16:44:51.402Z]     [6/9] No build step for 'gulrak-populate'
[2023-11-16T16:44:51.402Z]     [7/9] No install step for 'gulrak-populate'
[2023-11-16T16:44:51.402Z]     [8/9] No test step for 'gulrak-populate'
[2023-11-16T16:44:51.402Z]     [9/9] Completed 'gulrak-populate'
[2023-11-16T16:44:51.402Z]     -- ========== Installing GoogleTest... ==========
[2023-11-16T16:44:51.402Z]     -- Configuring done
[2023-11-16T16:44:51.402Z]     -- Generating done
[2023-11-16T16:44:51.402Z]     -- Build files have been written to: /home/S/jenkins/workspace/ECP/ecg-maya-hydra/ecg-maya-hydra-branch-preflight-python3-linux/build/RelWithDebInfo/googletest-config
[2023-11-16T16:44:51.402Z]     [1/8] Creating directories for 'googletest'
[2023-11-16T16:44:52.534Z]     [2/8] Performing download step (git clone) for 'googletest'
[2023-11-16T16:44:52.534Z]     Cloning into 'googletest-src'...
[2023-11-16T16:44:52.534Z]     HEAD is now at 703bd9ca Googletest export
[2023-11-16T16:44:52.534Z]     [3/8] Performing update step for 'googletest'
[2023-11-16T16:44:52.534Z]     [4/8] No patch step for 'googletest'
[2023-11-16T16:44:53.076Z]     [5/8] Performing configure step for 'googletest'
[2023-11-16T16:44:53.076Z]     Not searching for unused variables given on the command line.
[2023-11-16T16:44:53.076Z]     CMake Deprecation Warning at CMakeLists.txt:4 (cmake_minimum_required):
[2023-11-16T16:44:53.076Z]       Compatibility with CMake < 2.8.12 will be removed from a future version of
[2023-11-16T16:44:53.076Z]       CMake.
[2023-11-16T16:44:53.076Z]     
[2023-11-16T16:44:53.076Z]       Update the VERSION argument <min> value or use a ...<max> suffix to tell
[2023-11-16T16:44:53.076Z]       CMake that the project does not need compatibility with older versions.
[2023-11-16T16:44:53.076Z]     
[2023-11-16T16:44:53.076Z]     
[2023-11-16T16:44:53.076Z]     -- The C compiler identification is GNU 11.2.1
[2023-11-16T16:44:53.076Z]     -- The CXX compiler identification is GNU 11.2.1
[2023-11-16T16:44:53.076Z]     -- Detecting C compiler ABI info
[2023-11-16T16:44:53.076Z]     -- Detecting C compiler ABI info - done
[2023-11-16T16:44:53.076Z]     -- Check for working C compiler: /opt/rh/gcc-toolset-11/root/usr/bin/cc - skipped
[2023-11-16T16:44:53.076Z]     -- Detecting C compile features
[2023-11-16T16:44:53.076Z]     -- Detecting C compile features - done
[2023-11-16T16:44:53.076Z]     -- Detecting CXX compiler ABI info
[2023-11-16T16:44:53.076Z]     -- Detecting CXX compiler ABI info - done
[2023-11-16T16:44:53.076Z]     -- Check for working CXX compiler: /opt/rh/gcc-toolset-11/root/usr/bin/c++ - skipped
[2023-11-16T16:44:53.076Z]     -- Detecting CXX compile features
[2023-11-16T16:44:53.076Z]     -- Detecting CXX compile features - done
[2023-11-16T16:44:53.076Z]     CMake Deprecation Warning at googletest/CMakeLists.txt:56 (cmake_minimum_required):
[2023-11-16T16:44:53.076Z]       Compatibility with CMake < 2.8.12 will be removed from a future version of
[2023-11-16T16:44:53.076Z]       CMake.
[2023-11-16T16:44:53.076Z]     
[2023-11-16T16:44:53.076Z]       Update the VERSION argument <min> value or use a ...<max> suffix to tell
[2023-11-16T16:44:53.076Z]       CMake that the project does not need compatibility with older versions.
[2023-11-16T16:44:53.076Z]     
[2023-11-16T16:44:53.076Z]     
[2023-11-16T16:44:53.076Z]     -- Found PythonInterp: /usr/local/bin/python (found version "3.9.7")
[2023-11-16T16:44:53.076Z]     -- Looking for pthread.h
[2023-11-16T16:44:53.076Z]     -- Looking for pthread.h - found
[2023-11-16T16:44:53.076Z]     -- Performing Test CMAKE_HAVE_LIBC_PTHREAD
[2023-11-16T16:44:53.076Z]     -- Performing Test CMAKE_HAVE_LIBC_PTHREAD - Failed
[2023-11-16T16:44:53.076Z]     -- Looking for pthread_create in pthreads
[2023-11-16T16:44:53.076Z]     -- Looking for pthread_create in pthreads - not found
[2023-11-16T16:44:53.076Z]     -- Looking for pthread_create in pthread
[2023-11-16T16:44:53.076Z]     -- Looking for pthread_create in pthread - found
[2023-11-16T16:44:53.076Z]     -- Found Threads: TRUE
[2023-11-16T16:44:53.076Z]     -- Configuring done
[2023-11-16T16:44:53.076Z]     -- Generating done
[2023-11-16T16:44:53.076Z]     -- Build files have been written to: /home/S/jenkins/workspace/ECP/ecg-maya-hydra/ecg-maya-hydra-branch-preflight-python3-linux/build/RelWithDebInfo/googletest-build
[2023-11-16T16:45:02.547Z]     [6/8] Performing build step for 'googletest'
[2023-11-16T16:45:02.547Z]     [1/4] Building CXX object googletest/CMakeFiles/gtest_main.dir/src/gtest_main.cc.o
[2023-11-16T16:45:02.547Z]     [2/4] Building CXX object googletest/CMakeFiles/gtest.dir/src/gtest-all.cc.o
[2023-11-16T16:45:02.547Z]     [3/4] Linking CXX shared library lib/libgtest.so
[2023-11-16T16:45:02.547Z]     [4/4] Linking CXX shared library lib/libgtest_main.so
[2023-11-16T16:45:02.547Z]     [7/8] Performing install step for 'googletest'
[2023-11-16T16:45:02.547Z]     [0/1] Install the project...
[2023-11-16T16:45:02.547Z]     -- Install configuration: "RelWithDebInfo"
[2023-11-16T16:45:02.547Z]     -- Set runtime path of "/home/S/jenkins/workspace/ECP/ecg-maya-hydra/ecg-maya-hydra-branch-preflight-python3-linux/build/RelWithDebInfo/googletest-install/lib64/libgtest_main.so" to ""
[2023-11-16T16:45:02.547Z]     [8/8] Completed 'googletest'
[2023-11-16T16:45:02.547Z]     -- ========== ...  GoogleTest installed. ==========
[2023-11-16T16:45:02.547Z]     -- Found GTest: /home/S/jenkins/workspace/ECP/ecg-maya-hydra/ecg-maya-hydra-branch-preflight-python3-linux/build/RelWithDebInfo/googletest-install/lib64/libgtest.so
[2023-11-16T16:45:02.547Z]     -- promoting: /home/S/jenkins/workspace/ECP/ecg-maya-hydra/ecg-maya-hydra-branch-preflight-python3-linux/ecg-maya-hydra/maya-hydra/lib/mayaHydra/mayaPlugin/pluginUtils.h
[2023-11-16T16:45:02.547Z]     -- promoting: /home/S/jenkins/workspace/ECP/ecg-maya-hydra/ecg-maya-hydra-branch-preflight-python3-linux/ecg-maya-hydra/maya-hydra/lib/mayaHydra/hydraExtensions/api.h
[2023-11-16T16:45:02.547Z]     -- promoting: /home/S/jenkins/workspace/ECP/ecg-maya-hydra/ecg-maya-hydra-branch-preflight-python3-linux/ecg-maya-hydra/maya-hydra/lib/mayaHydra/hydraExtensions/debugCodes.h
[2023-11-16T16:45:02.547Z]     -- promoting: /home/S/jenkins/workspace/ECP/ecg-maya-hydra/ecg-maya-hydra-branch-preflight-python3-linux/ecg-maya-hydra/maya-hydra/lib/mayaHydra/hydraExtensions/hydraUtils.h
[2023-11-16T16:45:02.547Z]     -- promoting: /home/S/jenkins/workspace/ECP/ecg-maya-hydra/ecg-maya-hydra-branch-preflight-python3-linux/ecg-maya-hydra/maya-hydra/lib/mayaHydra/hydraExtensions/interface.h
[2023-11-16T16:45:02.547Z]     -- promoting: /home/S/jenkins/workspace/ECP/ecg-maya-hydra/ecg-maya-hydra-branch-preflight-python3-linux/ecg-maya-hydra/maya-hydra/lib/mayaHydra/hydraExtensions/interfaceImp.h
[2023-11-16T16:45:02.547Z]     -- promoting: /home/S/jenkins/workspace/ECP/ecg-maya-hydra/ecg-maya-hydra-branch-preflight-python3-linux/ecg-maya-hydra/maya-hydra/lib/mayaHydra/hydraExtensions/mayaUtils.h
[2023-11-16T16:45:02.547Z]     -- promoting: /home/S/jenkins/workspace/ECP/ecg-maya-hydra/ecg-maya-hydra-branch-preflight-python3-linux/ecg-maya-hydra/maya-hydra/lib/mayaHydra/hydraExtensions/mixedUtils.h
[2023-11-16T16:45:02.547Z]     -- promoting: /home/S/jenkins/workspace/ECP/ecg-maya-hydra/ecg-maya-hydra-branch-preflight-python3-linux/ecg-maya-hydra/maya-hydra/lib/mayaHydra/hydraExtensions/mayaHydraSceneProducer.h
[2023-11-16T16:45:02.547Z]     -- promoting: /home/S/jenkins/workspace/ECP/ecg-maya-hydra/ecg-maya-hydra-branch-preflight-python3-linux/ecg-maya-hydra/maya-hydra/lib/mayaHydra/hydraExtensions/adapters/adapter.h
[2023-11-16T16:45:02.547Z]     -- promoting: /home/S/jenkins/workspace/ECP/ecg-maya-hydra/ecg-maya-hydra-branch-preflight-python3-linux/ecg-maya-hydra/maya-hydra/lib/mayaHydra/hydraExtensions/adapters/adapterDebugCodes.h
[2023-11-16T16:45:02.547Z]     -- promoting: /home/S/jenkins/workspace/ECP/ecg-maya-hydra/ecg-maya-hydra-branch-preflight-python3-linux/ecg-maya-hydra/maya-hydra/lib/mayaHydra/hydraExtensions/adapters/adapterRegistry.h
[2023-11-16T16:45:02.547Z]     -- promoting: /home/S/jenkins/workspace/ECP/ecg-maya-hydra/ecg-maya-hydra-branch-preflight-python3-linux/ecg-maya-hydra/maya-hydra/lib/mayaHydra/hydraExtensions/adapters/cameraAdapter.h
[2023-11-16T16:45:02.547Z]     -- promoting: /home/S/jenkins/workspace/ECP/ecg-maya-hydra/ecg-maya-hydra-branch-preflight-python3-linux/ecg-maya-hydra/maya-hydra/lib/mayaHydra/hydraExtensions/adapters/constantShadowMatrix.h
[2023-11-16T16:45:02.547Z]     -- promoting: /home/S/jenkins/workspace/ECP/ecg-maya-hydra/ecg-maya-hydra-branch-preflight-python3-linux/ecg-maya-hydra/maya-hydra/lib/mayaHydra/hydraExtensions/adapters/dagAdapter.h
[2023-11-16T16:45:02.547Z]     -- promoting: /home/S/jenkins/workspace/ECP/ecg-maya-hydra/ecg-maya-hydra-branch-preflight-python3-linux/ecg-maya-hydra/maya-hydra/lib/mayaHydra/hydraExtensions/adapters/renderItemAdapter.h
[2023-11-16T16:45:02.547Z]     -- promoting: /home/S/jenkins/workspace/ECP/ecg-maya-hydra/ecg-maya-hydra-branch-preflight-python3-linux/ecg-maya-hydra/maya-hydra/lib/mayaHydra/hydraExtensions/adapters/lightAdapter.h
[2023-11-16T16:45:02.547Z]     -- promoting: /home/S/jenkins/workspace/ECP/ecg-maya-hydra/ecg-maya-hydra-branch-preflight-python3-linux/ecg-maya-hydra/maya-hydra/lib/mayaHydra/hydraExtensions/adapters/materialAdapter.h
[2023-11-16T16:45:02.547Z]     -- promoting: /home/S/jenkins/workspace/ECP/ecg-maya-hydra/ecg-maya-hydra-branch-preflight-python3-linux/ecg-maya-hydra/maya-hydra/lib/mayaHydra/hydraExtensions/adapters/materialNetworkConverter.h
[2023-11-16T16:45:02.547Z]     -- promoting: /home/S/jenkins/workspace/ECP/ecg-maya-hydra/ecg-maya-hydra-branch-preflight-python3-linux/ecg-maya-hydra/maya-hydra/lib/mayaHydra/hydraExtensions/adapters/mayaAttrs.h
[2023-11-16T16:45:02.547Z]     -- promoting: /home/S/jenkins/workspace/ECP/ecg-maya-hydra/ecg-maya-hydra-branch-preflight-python3-linux/ecg-maya-hydra/maya-hydra/lib/mayaHydra/hydraExtensions/adapters/shapeAdapter.h
[2023-11-16T16:45:02.547Z]     -- promoting: /home/S/jenkins/workspace/ECP/ecg-maya-hydra/ecg-maya-hydra-branch-preflight-python3-linux/ecg-maya-hydra/maya-hydra/lib/mayaHydra/hydraExtensions/adapters/tokens.h
[2023-11-16T16:45:02.547Z]     -- promoting: /home/S/jenkins/workspace/ECP/ecg-maya-hydra/ecg-maya-hydra-branch-preflight-python3-linux/ecg-maya-hydra/maya-hydra/lib/mayaHydra/hydraExtensions/delegates/delegate.h
[2023-11-16T16:45:02.547Z]     -- promoting: /home/S/jenkins/workspace/ECP/ecg-maya-hydra/ecg-maya-hydra-branch-preflight-python3-linux/ecg-maya-hydra/maya-hydra/lib/mayaHydra/hydraExtensions/delegates/delegateCtx.h
[2023-11-16T16:45:02.547Z]     -- promoting: /home/S/jenkins/workspace/ECP/ecg-maya-hydra/ecg-maya-hydra-branch-preflight-python3-linux/ecg-maya-hydra/maya-hydra/lib/mayaHydra/hydraExtensions/delegates/delegateDebugCodes.h
[2023-11-16T16:45:02.547Z]     -- promoting: /home/S/jenkins/workspace/ECP/ecg-maya-hydra/ecg-maya-hydra-branch-preflight-python3-linux/ecg-maya-hydra/maya-hydra/lib/mayaHydra/hydraExtensions/delegates/delegateRegistry.h
[2023-11-16T16:45:02.547Z]     -- promoting: /home/S/jenkins/workspace/ECP/ecg-maya-hydra/ecg-maya-hydra-branch-preflight-python3-linux/ecg-maya-hydra/maya-hydra/lib/mayaHydra/hydraExtensions/delegates/params.h
[2023-11-16T16:45:02.547Z]     -- promoting: /home/S/jenkins/workspace/ECP/ecg-maya-hydra/ecg-maya-hydra-branch-preflight-python3-linux/ecg-maya-hydra/maya-hydra/lib/mayaHydra/hydraExtensions/delegates/sceneDelegate.h
[2023-11-16T16:45:02.547Z]     -- promoting: /home/S/jenkins/workspace/ECP/ecg-maya-hydra/ecg-maya-hydra-branch-preflight-python3-linux/ecg-maya-hydra/maya-hydra/lib/mayaHydra/hydraExtensions/delegates/defaultLightDelegate.h
[2023-11-16T16:45:02.547Z]     -- promoting: /home/S/jenkins/workspace/ECP/ecg-maya-hydra/ecg-maya-hydra-branch-preflight-python3-linux/ecg-maya-hydra/maya-hydra/lib/mayaHydra/hydraExtensions/delegates/testDelegate.h
[2023-11-16T16:45:02.547Z]     -- promoting: /home/S/jenkins/workspace/ECP/ecg-maya-hydra/ecg-maya-hydra-branch-preflight-python3-linux/ecg-maya-hydra/maya-hydra/lib/mayaHydra/hydraExtensions/sceneIndex/registration.h
[2023-11-16T16:45:02.547Z]     -- promoting: /home/S/jenkins/workspace/ECP/ecg-maya-hydra/ecg-maya-hydra-branch-preflight-python3-linux/ecg-maya-hydra/maya-hydra/lib/mayaHydra/hydraExtensions/sceneIndex/mayaHydraSceneIndex.h
[2023-11-16T16:45:02.547Z]     -- promoting: /home/S/jenkins/workspace/ECP/ecg-maya-hydra/ecg-maya-hydra-branch-preflight-python3-linux/ecg-maya-hydra/maya-hydra/lib/mayaHydra/hydraExtensions/sceneIndex/mayaHydraDataSource.h
[2023-11-16T16:45:02.547Z]     -- promoting: /home/S/jenkins/workspace/ECP/ecg-maya-hydra/ecg-maya-hydra-branch-preflight-python3-linux/ecg-maya-hydra/maya-hydra/lib/mayaHydra/hydraExtensions/sceneIndex/mayaHydraPrimvarDataSource.h
[2023-11-16T16:45:02.547Z]     -- promoting: /home/S/jenkins/workspace/ECP/ecg-maya-hydra/ecg-maya-hydra-branch-preflight-python3-linux/ecg-maya-hydra/maya-hydra/lib/mayaHydra/hydraExtensions/sceneIndex/mayaHydraDisplayStyleDataSource.h
[2023-11-16T16:45:02.548Z]     -- promoting: /home/S/jenkins/workspace/ECP/ecg-maya-hydra/ecg-maya-hydra-branch-preflight-python3-linux/ecg-maya-hydra/maya-hydra/lib/mayaHydra/hydraExtensions/sceneIndex/mayaHydraCameraDataSource.h
[2023-11-16T16:45:02.548Z]     -- promoting: /home/S/jenkins/workspace/ECP/ecg-maya-hydra/ecg-maya-hydra-branch-preflight-python3-linux/ecg-maya-hydra/maya-hydra/lib/mayaHydra/hydraExtensions/sceneIndex/mayaHydraLightDataSource.h
[2023-11-16T16:45:02.548Z]     -- promoting: /home/S/jenkins/workspace/ECP/ecg-maya-hydra/ecg-maya-hydra-branch-preflight-python3-linux/ecg-maya-hydra/maya-hydra/lib/mayaHydra/hydraExtensions/sceneIndex/mayaHydraDefaultLightDataSource.h
[2023-11-16T16:45:02.548Z]     -- promoting: /home/S/jenkins/workspace/ECP/ecg-maya-hydra/ecg-maya-hydra-branch-preflight-python3-linux/ecg-maya-hydra/maya-hydra/lib/mayaHydra/ufeExtensions/api.h
[2023-11-16T16:45:02.548Z]     -- promoting: /home/S/jenkins/workspace/ECP/ecg-maya-hydra/ecg-maya-hydra-branch-preflight-python3-linux/ecg-maya-hydra/maya-hydra/lib/mayaHydra/ufeExtensions/Global.h
[2023-11-16T16:45:02.548Z]     -- promoting: /home/S/jenkins/workspace/ECP/ecg-maya-hydra/ecg-maya-hydra-branch-preflight-python3-linux/ecg-maya-hydra/maya-hydra/lib/flowViewport/api.h
[2023-11-16T16:45:02.548Z]     -- promoting: /home/S/jenkins/workspace/ECP/ecg-maya-hydra/ecg-maya-hydra-branch-preflight-python3-linux/ecg-maya-hydra/maya-hydra/lib/flowViewport/debugCodes.h
[2023-11-16T16:45:02.548Z]     -- promoting: /home/S/jenkins/workspace/ECP/ecg-maya-hydra/ecg-maya-hydra-branch-preflight-python3-linux/ecg-maya-hydra/maya-hydra/lib/flowViewport/global.h
[2023-11-16T16:45:02.548Z]     -- promoting: /home/S/jenkins/workspace/ECP/ecg-maya-hydra/ecg-maya-hydra-branch-preflight-python3-linux/ecg-maya-hydra/maya-hydra/lib/flowViewport/tokens.h
[2023-11-16T16:45:02.548Z]     -- promoting: /home/S/jenkins/workspace/ECP/ecg-maya-hydra/ecg-maya-hydra-branch-preflight-python3-linux/ecg-maya-hydra/maya-hydra/lib/flowViewport/colorPreferences/fvpColorChanged.h
[2023-11-16T16:45:02.548Z]     -- promoting: /home/S/jenkins/workspace/ECP/ecg-maya-hydra/ecg-maya-hydra-branch-preflight-python3-linux/ecg-maya-hydra/maya-hydra/lib/flowViewport/colorPreferences/fvpColorPreferences.h
[2023-11-16T16:45:02.548Z]     -- promoting: /home/S/jenkins/workspace/ECP/ecg-maya-hydra/ecg-maya-hydra-branch-preflight-python3-linux/ecg-maya-hydra/maya-hydra/lib/flowViewport/colorPreferences/fvpColorPreferencesTokens.h
[2023-11-16T16:45:02.548Z]     -- promoting: /home/S/jenkins/workspace/ECP/ecg-maya-hydra/ecg-maya-hydra-branch-preflight-python3-linux/ecg-maya-hydra/maya-hydra/lib/flowViewport/colorPreferences/fvpColorPreferencesTranslator.h
[2023-11-16T16:45:02.548Z]     -- promoting: /home/S/jenkins/workspace/ECP/ecg-maya-hydra/ecg-maya-hydra-branch-preflight-python3-linux/ecg-maya-hydra/maya-hydra/lib/flowViewport/sceneIndex/fvpMergingSceneIndex.h
[2023-11-16T16:45:02.548Z]     -- promoting: /home/S/jenkins/workspace/ECP/ecg-maya-hydra/ecg-maya-hydra-branch-preflight-python3-linux/ecg-maya-hydra/maya-hydra/lib/flowViewport/sceneIndex/fvpPathInterface.h
[2023-11-16T16:45:02.548Z]     -- promoting: /home/S/jenkins/workspace/ECP/ecg-maya-hydra/ecg-maya-hydra-branch-preflight-python3-linux/ecg-maya-hydra/maya-hydra/lib/flowViewport/sceneIndex/fvpPathInterfaceSceneIndex.h
[2023-11-16T16:45:02.548Z]     -- promoting: /home/S/jenkins/workspace/ECP/ecg-maya-hydra/ecg-maya-hydra-branch-preflight-python3-linux/ecg-maya-hydra/maya-hydra/lib/flowViewport/sceneIndex/fvpRenderIndexProxy.h
[2023-11-16T16:45:02.548Z]     -- promoting: /home/S/jenkins/workspace/ECP/ecg-maya-hydra/ecg-maya-hydra-branch-preflight-python3-linux/ecg-maya-hydra/maya-hydra/lib/flowViewport/sceneIndex/fvpSelectionSceneIndex.h
[2023-11-16T16:45:02.548Z]     -- promoting: /home/S/jenkins/workspace/ECP/ecg-maya-hydra/ecg-maya-hydra-branch-preflight-python3-linux/ecg-maya-hydra/maya-hydra/lib/flowViewport/sceneIndex/fvpWireframeSelectionHighlightSceneIndex.h
[2023-11-16T16:45:02.548Z]     -- promoting: /home/S/jenkins/workspace/ECP/ecg-maya-hydra/ecg-maya-hydra-branch-preflight-python3-linux/ecg-maya-hydra/maya-hydra/lib/flowViewport/API/fvpSelectionClient.h
[2023-11-16T16:45:02.548Z]     -- promoting: /home/S/jenkins/workspace/ECP/ecg-maya-hydra/ecg-maya-hydra-branch-preflight-python3-linux/ecg-maya-hydra/maya-hydra/lib/flowViewport/API/fvpFlowSelectionInterface.h
[2023-11-16T16:45:02.548Z]     -- promoting: /home/S/jenkins/workspace/ECP/ecg-maya-hydra/ecg-maya-hydra-branch-preflight-python3-linux/ecg-maya-hydra/maya-hydra/lib/flowViewport/API/fvpVersionInterface.h
[2023-11-16T16:45:02.548Z]     -- promoting: /home/S/jenkins/workspace/ECP/ecg-maya-hydra/ecg-maya-hydra-branch-preflight-python3-linux/ecg-maya-hydra/maya-hydra/lib/flowViewport/API/interfacesImp/fvpSelectionInterfaceImp.h
[2023-11-16T16:45:02.548Z]     -- promoting: /home/S/jenkins/workspace/ECP/ecg-maya-hydra/ecg-maya-hydra-branch-preflight-python3-linux/ecg-maya-hydra/maya-hydra/lib/flowViewport/API/interfacesImp/fvpVersionInterfaceImp.h
[2023-11-16T16:45:02.548Z]     -- promoting: /home/S/jenkins/workspace/ECP/ecg-maya-hydra/ecg-maya-hydra-branch-preflight-python3-linux/ecg-maya-hydra/maya-hydra/lib/flowViewport/API/samples/fvpSelectionClientExample.h
[2023-11-16T16:45:02.548Z]     -- promoting: /home/S/jenkins/workspace/ECP/ecg-maya-hydra/ecg-maya-hydra-branch-preflight-python3-linux/ecg-maya-hydra/maya-hydra/lib/flowViewport/selection/fvpSelection.h
[2023-11-16T16:45:02.548Z]     -- promoting: /home/S/jenkins/workspace/ECP/ecg-maya-hydra/ecg-maya-hydra-branch-preflight-python3-linux/ecg-maya-hydra/maya-hydra/lib/flowViewport/selection/fvpSelectionFwd.h
[2023-11-16T16:45:02.548Z]     -- promoting: /home/S/jenkins/workspace/ECP/ecg-maya-hydra/ecg-maya-hydra-branch-preflight-python3-linux/ecg-maya-hydra/maya-hydra/lib/flowViewport/selection/fvpSelectionTask.h
[2023-11-16T16:45:02.548Z]     -- promoting: /home/S/jenkins/workspace/ECP/ecg-maya-hydra/ecg-maya-hydra-branch-preflight-python3-linux/ecg-maya-hydra/maya-hydra/lib/flowViewport/selection/fvpSelectionTracker.h
[2023-11-16T16:45:03.680Z]     -- Configuring done
[2023-11-16T16:45:03.680Z]     -- Generating done
[2023-11-16T16:45:03.680Z]     CMake Warning:
[2023-11-16T16:45:03.680Z]       Manually-specified variables were not used by the project:
[2023-11-16T16:45:03.680Z]     
[2023-11-16T16:45:03.680Z]         BUILD_WITH_PYTHON_3
[2023-11-16T16:45:03.680Z]     
[2023-11-16T16:45:03.680Z]     
[2023-11-16T16:45:03.680Z]     -- Build files have been written to: /home/S/jenkins/workspace/ECP/ecg-maya-hydra/ecg-maya-hydra-branch-preflight-python3-linux/build/RelWithDebInfo
[2023-11-16T16:45:03.680Z]     
[2023-11-16T16:45:03.680Z]         Building with settings:
[2023-11-16T16:45:03.680Z]           Source directory          /home/S/jenkins/workspace/ECP/ecg-maya-hydra/ecg-maya-hydra-branch-preflight-python3-linux/ecg-maya-hydra/maya-hydra
[2023-11-16T16:45:03.680Z]           Workspace directory       /local/S/jenkins/workspace/ECP/ecg-maya-hydra/ecg-maya-hydra-branch-preflight-python3-linux
[2023-11-16T16:45:03.680Z]           Build directory           /local/S/jenkins/workspace/ECP/ecg-maya-hydra/ecg-maya-hydra-branch-preflight-python3-linux/build/RelWithDebInfo
[2023-11-16T16:45:03.680Z]           Install directory         /local/S/jenkins/workspace/ECP/ecg-maya-hydra/ecg-maya-hydra-branch-preflight-python3-linux/install/RelWithDebInfo/MayaHydra
[2023-11-16T16:45:03.680Z]           Variant                   RelWithDebInfo
[2023-11-16T16:45:03.680Z]           Python Debug              Off
[2023-11-16T16:45:03.680Z]           CMake generator           Ninja
[2023-11-16T16:45:03.680Z]           Build arguments           ['-DCMAKE_MAKE_PROGRAM=/local/S/jenkins/workspace/shared/Artifactory/Linux/ninja/1.10.2/9ab399b/ninja', '-DPYTHON_INCLUDE_DIR=/local/S/jenkins/workspace/shared/Artifactory/Linux/rundev-master/202311060140/runtime/33fa670/runTime/include/Python310/Python', '-DPython_EXECUTABLE=/local/S/jenkins/workspace/shared/Artifactory/Linux/rundev-master/202311060140/runtime/33fa670/runTime/bin/mayapy', '-DPYTHON_LIBRARIES=/local/S/jenkins/workspace/shared/Artifactory/Linux/rundev-master/202311060140/runtime/33fa670/runTime/lib/libpython3.10.so.1.0', '-DBUILD_WITH_PYTHON_3=ON', '-DBUILD_WITH_PYTHON_3_VERSION=3.10', '-DCMAKE_WANT_MATERIALX_BUILD=ON', '-DCMAKE_PREFIX_PATH=/local/S/jenkins/workspace/shared/Artifactory/Linux/USD/13e6029', '-DMAYAHYDRA_BUILD_NUMBER=401', '-DMAYAHYDRA_GIT_COMMIT=2e666b0e615b7aee74291ec1d141fa3458af2970', '-DMAYAHYDRA_GIT_BRANCH=master']
[2023-11-16T16:45:03.680Z]           Stages arguments          ['configure']
[2023-11-16T16:45:03.680Z]           CTest arguments           ['--parallel 16']
[2023-11-16T16:45:03.680Z]     STATUS: Could not find Maya Qt6.
[2023-11-16T16:45:03.680Z]     STATUS:   Extracting '/local/S/jenkins/workspace/shared/Artifactory/Linux/rundev-master/202311060140/runtime/33fa670/devkitBase/Qt.tgz' to '/local/S/jenkins/workspace/shared/Artifactory/Linux/rundev-master/202311060140/runtime/33fa670/devkitBase'
[2023-11-16T16:45:03.680Z]     Success MayaHydra build and install !!!!
[2023-11-16T16:45:03.680Z]     Elapsed time: 00:00:15
[Pipeline] }
[Pipeline] // withEnv
[Pipeline] }
[Pipeline] // timeout
[Pipeline] }
[Pipeline] // stage
[Pipeline] }
[Pipeline] // timestamps
[Pipeline] timestamps
[Pipeline] {
[Pipeline] stage
[Pipeline] { (Build)
[Pipeline] timeout
[2023-11-16T16:45:04.033Z] Timeout set to expire in 6 hr 0 min
[Pipeline] {
[Pipeline] withEnv
[Pipeline] {
[Pipeline] sh
[2023-11-16T16:45:05.166Z] + scl enable gcc-toolset-11 -
[2023-11-16T16:45:05.167Z] + '[' enable = load -o enable = unload ']'
[2023-11-16T16:45:05.167Z] + /usr/bin/scl enable gcc-toolset-11 -
[2023-11-16T16:45:05.167Z] python ecg-maya-hydra/build.py --stages=build --workspace-dir=/local/S/jenkins/workspace/ECP/ecg-maya-hydra/ecg-maya-hydra-branch-preflight-python3-linux --artifactory-dir=/local/S/jenkins/workspace/shared/Artifactory --build-dir=/local/S/jenkins/workspace/ECP/ecg-maya-hydra/ecg-maya-hydra-branch-preflight-python3-linux/build --install-dir=/local/S/jenkins/workspace/ECP/ecg-maya-hydra/ecg-maya-hydra-branch-preflight-python3-linux/install --signing-dir=/local/S/jenkins/workspace/ECP/ecg-maya-hydra/ecg-maya-hydra-branch-preflight-python3-linux/signing --package-dir=/local/S/jenkins/workspace/ECP/ecg-maya-hydra/ecg-maya-hydra-branch-preflight-python3-linux/package --output-dir=/local/S/jenkins/workspace/ECP/ecg-maya-hydra/ecg-maya-hydra-branch-preflight-python3-linux/output --stash-dir=/local/S/jenkins/workspace/ECP/ecg-maya-hydra/ecg-maya-hydra-branch-preflight-python3-linux/stash --jenkins-build=401 --git-commit=2e666b0e615b7aee74291ec1d141fa3458af2970 --git-branch=master --variants=Debug --interactive-tests=true --post-zips=false --osx-binary-architecture-target=ub2 --osx-deployment-target=11.0 --osx-base-sdk=CurrentActiveSDK --build-retry=3 --maya-cut-config=maya-rundev-master-debug.yaml --maya-package=rundev-master-debug --stage-banner
[2023-11-16T16:45:05.167Z] Using Maya cut from /local/S/jenkins/workspace/shared/Artifactory/Linux/rundev-master-debug/202310260154/runtime/7d60df0
[2023-11-16T16:45:05.167Z] 
[2023-11-16T16:45:05.167Z] ================================================================================
[2023-11-16T16:45:05.167Z]                                  build (Debug)
[2023-11-16T16:45:05.167Z] ================================================================================
[2023-11-16T16:45:05.167Z] Maya Python Debug Info:
[2023-11-16T16:45:05.167Z]   mayapy executable   = /local/S/jenkins/workspace/shared/Artifactory/Linux/rundev-master-debug/202310260154/runtime/7d60df0/runTime/bin/mayapy
[2023-11-16T16:45:05.167Z]   Include Folder      = /local/S/jenkins/workspace/shared/Artifactory/Linux/rundev-master-debug/202310260154/runtime/7d60df0/runTime/include/Python310/Python
[2023-11-16T16:45:05.167Z]   Library             = /local/S/jenkins/workspace/shared/Artifactory/Linux/rundev-master-debug/202310260154/runtime/7d60df0/runTime/lib/libpython3.10d.so.1.0
[2023-11-16T16:45:05.167Z]   site-package Folder = /local/S/jenkins/workspace/shared/Artifactory/Linux/rundev-master-debug/202310260154/runtime/7d60df0/runTime/lib/python3.10/site-packages
[2023-11-16T16:45:06.299Z] In workdir: /home/S/jenkins/workspace/ECP/ecg-maya-hydra/ecg-maya-hydra-branch-preflight-python3-linux/ecg-maya-hydra/maya-hydra
[2023-11-16T16:45:06.299Z] Executing: /local/S/jenkins/workspace/shared/Artifactory/Linux/rundev-master-debug/202310260154/runtime/7d60df0/runTime/bin/mayapy /home/S/jenkins/workspace/ECP/ecg-maya-hydra/ecg-maya-hydra-branch-preflight-python3-linux/ecg-maya-hydra/maya-hydra/build.py --generator Ninja --build-debug --maya-location /local/S/jenkins/workspace/shared/Artifactory/Linux/rundev-master-debug/202310260154/runtime/7d60df0/runTime --devkit-location /local/S/jenkins/workspace/shared/Artifactory/Linux/rundev-master-debug/202310260154/runtime/7d60df0/devkitBase --pxrusd-location /local/S/jenkins/workspace/shared/Artifactory/Linux/USD/8e4fe45 --build-args=-DCMAKE_MAKE_PROGRAM=/local/S/jenkins/workspace/shared/Artifactory/Linux/ninja/1.10.2/9ab399b/ninja,-DPYTHON_INCLUDE_DIR=/local/S/jenkins/workspace/shared/Artifactory/Linux/rundev-master-debug/202310260154/runtime/7d60df0/runTime/include/Python310/Python,-DPython_EXECUTABLE=/local/S/jenkins/workspace/shared/Artifactory/Linux/rundev-master-debug/202310260154/runtime/7d60df0/runTime/bin/mayapy,-DPYTHON_LIBRARIES=/local/S/jenkins/workspace/shared/Artifactory/Linux/rundev-master-debug/202310260154/runtime/7d60df0/runTime/lib/libpython3.10d.so.1.0,-DBUILD_WITH_PYTHON_3=ON,-DBUILD_WITH_PYTHON_3_VERSION=3.10,-DCMAKE_WANT_MATERIALX_BUILD=ON,-DCMAKE_PREFIX_PATH=/local/S/jenkins/workspace/shared/Artifactory/Linux/USD/8e4fe45,-DMAYAHYDRA_BUILD_NUMBER=401,-DMAYAHYDRA_GIT_COMMIT=2e666b0e615b7aee74291ec1d141fa3458af2970,-DMAYAHYDRA_GIT_BRANCH=master --debug-python '--ctest-args=--parallel 16' --stages=build --redirect-outstream-file=False --install-location /local/S/jenkins/workspace/ECP/ecg-maya-hydra/ecg-maya-hydra-branch-preflight-python3-linux/install/Debug/MayaHydra /local/S/jenkins/workspace/ECP/ecg-maya-hydra/ecg-maya-hydra-branch-preflight-python3-linux
[2023-11-16T16:45:06.299Z] Modified environment variables:
[2023-11-16T16:45:06.299Z]     LD_LIBRARY_PATH=/opt/rh/gcc-toolset-11/root/usr/lib64:/opt/rh/gcc-toolset-11/root/usr/lib64:/opt/rh/gcc-toolset-11/root/usr/lib:/opt/rh/gcc-toolset-11/root/usr/lib64/dyninst:/opt/rh/gcc-toolset-11/root/usr/lib/dyninst
[2023-11-16T16:45:06.299Z]     PATH=/local/S/jenkins/workspace/shared/Artifactory/Linux/cmake/3.20.3/ab685d7/bin:/opt/rh/gcc-toolset-11/root/usr/bin:/home/administrator/.local/bin:/home/administrator/bin:/usr/share/Modules/bin:/usr/local/bin:/usr/local/sbin:/usr/bin:/usr/sbin
[2023-11-16T16:45:06.871Z]     [1/101] Building CXX object lib/mayaHydra/mayaPlugin/CMakeFiles/mayaHydra.dir/colorNotFoundException.cpp.o
[2023-11-16T16:45:06.871Z]     [2/101] Building CXX object lib/mayaHydra/mayaPlugin/CMakeFiles/mayaHydra.dir/tokens.cpp.o
[2023-11-16T16:45:06.871Z]     [3/101] Building CXX object test/lib/mayaUsd/render/mayaToHydra/cpp/CMakeFiles/mayaHydraCppTests.dir/testCppFramework.cpp.o
[2023-11-16T16:45:07.476Z]     [4/101] Building CXX object lib/mayaHydra/mayaPlugin/CMakeFiles/mayaHydra.dir/pluginDebugCodes.cpp.o
[2023-11-16T16:45:07.476Z]     [5/101] Building CXX object test/lib/mayaUsd/render/mayaToHydra/cpp/CMakeFiles/mayaHydraCppTests.dir/mayaHydraCppTestsCmd.cpp.o
[2023-11-16T16:45:07.476Z]     [6/101] Building CXX object lib/mayaHydra/ufeExtensions/CMakeFiles/ufeExtensions.dir/Global.cpp.o
[2023-11-16T16:45:08.095Z]     [7/101] Building CXX object lib/mayaHydra/mayaPlugin/CMakeFiles/mayaHydra.dir/mayaColorPreferencesTranslator.cpp.o
[2023-11-16T16:45:08.095Z]     [8/101] Building CXX object lib/mayaHydra/hydraExtensions/CMakeFiles/mayaHydraLib.dir/adapters/adapterDebugCodes.cpp.o
[2023-11-16T16:45:08.095Z]     [9/101] Building CXX object test/lib/mayaUsd/render/mayaToHydra/cpp/CMakeFiles/mayaHydraCppTests.dir/testColorPreferences.cpp.o
[2023-11-16T16:45:08.681Z]     [10/101] Building CXX object lib/mayaHydra/hydraExtensions/CMakeFiles/mayaHydraLib.dir/debugCodes.cpp.o
[2023-11-16T16:45:08.681Z]     [11/101] Building CXX object lib/mayaHydra/hydraExtensions/CMakeFiles/mayaHydraLib.dir/mhBuildInfo.cpp.o
[2023-11-16T16:45:08.681Z]     [12/101] Building CXX object lib/mayaHydra/hydraExtensions/CMakeFiles/mayaHydraLib.dir/mayaUtils.cpp.o
[2023-11-16T16:45:09.856Z]     [13/101] Building CXX object test/lib/mayaUsd/render/mayaToHydra/cpp/CMakeFiles/mayaHydraCppTests.dir/testUtils.cpp.o
[2023-11-16T16:45:10.411Z]     [14/101] Building CXX object test/lib/mayaUsd/render/mayaToHydra/cpp/CMakeFiles/mayaHydraCppTests.dir/testSelectionSceneIndex.cpp.o
[2023-11-16T16:45:10.411Z]     [15/101] Building CXX object test/lib/mayaUsd/render/mayaToHydra/cpp/CMakeFiles/mayaHydraCppTests.dir/testMayaSceneFlattening.cpp.o
[2023-11-16T16:45:10.411Z]     [16/101] Building CXX object test/lib/mayaUsd/render/mayaToHydra/cpp/CMakeFiles/mayaHydraCppTests.dir/testMayaUsdUfeItems.cpp.o
[2023-11-16T16:45:10.411Z]     [17/101] Building CXX object lib/mayaHydra/hydraExtensions/CMakeFiles/mayaHydraLib.dir/interfaceImp.cpp.o
[2023-11-16T16:45:10.961Z]     [18/101] Building CXX object test/lib/mayaUsd/render/mayaToHydra/cpp/CMakeFiles/mayaHydraCppTests.dir/testWireframeSelectionHighlightSceneIndex.cpp.o
[2023-11-16T16:45:10.961Z]     [19/101] Building CXX object lib/mayaHydra/hydraExtensions/CMakeFiles/mayaHydraLib.dir/hydraUtils.cpp.o
[2023-11-16T16:45:10.961Z]     [20/101] Building CXX object lib/mayaHydra/hydraExtensions/CMakeFiles/mayaHydraLib.dir/mixedUtils.cpp.o
[2023-11-16T16:45:12.111Z]     [21/101] Building CXX object lib/mayaHydra/mayaPlugin/CMakeFiles/mayaHydra.dir/pluginUtils.cpp.o
[2023-11-16T16:45:13.292Z]     [22/101] Building CXX object lib/mayaHydra/mayaPlugin/CMakeFiles/mayaHydra.dir/plugin.cpp.o
[2023-11-16T16:45:13.292Z]     [23/101] Building CXX object lib/mayaHydra/mayaPlugin/CMakeFiles/mayaHydra.dir/viewCommand.cpp.o
[2023-11-16T16:45:13.292Z]     [24/101] Building CXX object test/lib/mayaUsd/render/mayaToHydra/cpp/CMakeFiles/mayaHydraCppTests.dir/testMergingSceneIndex.cpp.o
[2023-11-16T16:45:13.292Z]     [25/101] Building CXX object lib/mayaHydra/hydraExtensions/CMakeFiles/mayaHydraLib.dir/adapters/mayaAttrs.cpp.o
[2023-11-16T16:45:14.451Z]     [26/101] Building CXX object lib/mayaHydra/hydraExtensions/CMakeFiles/mayaHydraLib.dir/adapters/adapter.cpp.o
[2023-11-16T16:45:15.604Z]     [27/101] Building CXX object lib/mayaHydra/mayaPlugin/CMakeFiles/mayaHydra.dir/renderOverride.cpp.o
[2023-11-16T16:45:15.604Z]     [28/101] Building CXX object lib/mayaHydra/hydraExtensions/CMakeFiles/mayaHydraLib.dir/adapters/adapterRegistry.cpp.o
[2023-11-16T16:45:16.149Z]     [29/101] Building CXX object lib/mayaHydra/hydraExtensions/CMakeFiles/mayaHydraLib.dir/adapters/areaLightAdapter.cpp.o
[2023-11-16T16:45:16.699Z]     [30/101] Building CXX object lib/mayaHydra/hydraExtensions/CMakeFiles/mayaHydraLib.dir/adapters/cameraAdapter.cpp.o
[2023-11-16T16:45:16.699Z]     [31/101] Building CXX object lib/mayaHydra/mayaPlugin/CMakeFiles/mayaHydra.dir/renderGlobals.cpp.o
[2023-11-16T16:45:16.699Z]     [32/101] Building CXX object lib/mayaHydra/hydraExtensions/CMakeFiles/mayaHydraLib.dir/adapters/dagAdapter.cpp.o
[2023-11-16T16:45:16.699Z]     [33/101] Building CXX object lib/mayaHydra/hydraExtensions/CMakeFiles/mayaHydraLib.dir/adapters/aiSkydomeLightAdapter.cpp.o
[2023-11-16T16:45:17.272Z]     [34/101] Building CXX object lib/mayaHydra/hydraExtensions/CMakeFiles/mayaHydraLib.dir/adapters/directionalLightAdapter.cpp.o
[2023-11-16T16:45:17.272Z]     [35/101] Building CXX object lib/mayaHydra/hydraExtensions/CMakeFiles/mayaHydraLib.dir/adapters/tokens.cpp.o
[2023-11-16T16:45:17.272Z]     [36/101] Building CXX object lib/mayaHydra/hydraExtensions/CMakeFiles/mayaHydraLib.dir/delegates/delegateDebugCodes.cpp.o
[2023-11-16T16:45:17.272Z]     [37/101] Building CXX object lib/mayaHydra/hydraExtensions/CMakeFiles/mayaHydraLib.dir/adapters/lightAdapter.cpp.o
[2023-11-16T16:45:17.827Z]     [38/101] Building CXX object lib/mayaHydra/hydraExtensions/CMakeFiles/mayaHydraLib.dir/adapters/renderItemAdapter.cpp.o
[2023-11-16T16:45:18.381Z]     [39/101] Building CXX object lib/mayaHydra/hydraExtensions/CMakeFiles/mayaHydraLib.dir/mayaHydraSceneProducer.cpp.o
[2023-11-16T16:45:18.958Z]     [40/101] Building CXX object lib/mayaHydra/hydraExtensions/CMakeFiles/mayaHydraLib.dir/adapters/materialAdapter.cpp.o
[2023-11-16T16:45:19.514Z]     [41/101] Building CXX object lib/mayaHydra/hydraExtensions/CMakeFiles/mayaHydraLib.dir/adapters/nurbsCurveAdapter.cpp.o
[2023-11-16T16:45:20.069Z]     [42/101] Building CXX object lib/mayaHydra/hydraExtensions/CMakeFiles/mayaHydraLib.dir/adapters/meshAdapter.cpp.o
[2023-11-16T16:45:20.634Z]     [43/101] Building CXX object lib/mayaHydra/hydraExtensions/CMakeFiles/mayaHydraLib.dir/adapters/pointLightAdapter.cpp.o
[2023-11-16T16:45:21.441Z]     [44/101] Building CXX object lib/mayaHydra/hydraExtensions/CMakeFiles/mayaHydraLib.dir/adapters/shapeAdapter.cpp.o
[2023-11-16T16:45:21.441Z]     [45/101] Building CXX object lib/mayaHydra/hydraExtensions/CMakeFiles/mayaHydraLib.dir/adapters/materialNetworkConverter.cpp.o
[2023-11-16T16:45:21.441Z]     [46/101] Building CXX object lib/mayaHydra/hydraExtensions/CMakeFiles/mayaHydraLib.dir/delegates/delegate.cpp.o
[2023-11-16T16:45:21.994Z]     [47/101] Building CXX object lib/mayaHydra/hydraExtensions/CMakeFiles/mayaHydraLib.dir/adapters/spotLightAdapter.cpp.o
[2023-11-16T16:45:21.994Z]     [48/101] Building CXX object lib/mayaHydra/hydraExtensions/CMakeFiles/mayaHydraLib.dir/delegates/delegateCtx.cpp.o
[2023-11-16T16:45:22.548Z]     [49/101] Linking CXX shared library lib/mayaHydra/ufeExtensions/libufeExtensions.so
[2023-11-16T16:45:22.548Z]     [50/101] Building CXX object lib/mayaHydra/hydraExtensions/CMakeFiles/mayaHydraLib.dir/sceneIndex/registration.cpp.o
[2023-11-16T16:45:22.548Z]     [51/101] Building CXX object lib/flowViewport/CMakeFiles/flowViewport.dir/debugCodes.cpp.o
[2023-11-16T16:45:22.548Z]     [52/101] Building CXX object lib/mayaHydra/hydraExtensions/CMakeFiles/mayaHydraLib.dir/delegates/delegateRegistry.cpp.o
[2023-11-16T16:45:22.548Z]     [53/101] Building CXX object lib/flowViewport/CMakeFiles/flowViewport.dir/global.cpp.o
[2023-11-16T16:45:22.548Z]     [54/101] Building CXX object lib/flowViewport/CMakeFiles/flowViewport.dir/tokens.cpp.o
[2023-11-16T16:45:22.548Z]     [55/101] Building CXX object lib/flowViewport/CMakeFiles/flowViewport.dir/sceneIndex/fvpPathInterface.cpp.o
[2023-11-16T16:45:23.100Z]     [56/101] Building CXX object lib/flowViewport/CMakeFiles/flowViewport.dir/colorPreferences/fvpColorChanged.cpp.o
[2023-11-16T16:45:23.100Z]     [57/101] Building CXX object lib/flowViewport/CMakeFiles/flowViewport.dir/colorPreferences/fvpColorPreferencesTokens.cpp.o
[2023-11-16T16:45:23.100Z]     [58/101] Building CXX object lib/flowViewport/CMakeFiles/flowViewport.dir/colorPreferences/fvpColorPreferences.cpp.o
[2023-11-16T16:45:24.243Z]     [59/101] Building CXX object lib/flowViewport/CMakeFiles/flowViewport.dir/API/interfacesImp/fvpSelectionInterfaceImp.cpp.o
[2023-11-16T16:45:24.243Z]     [60/101] Building CXX object lib/flowViewport/CMakeFiles/flowViewport.dir/API/interfacesImp/fvpVersionInterfaceImp.cpp.o
[2023-11-16T16:45:24.791Z]     [61/101] Building CXX object lib/flowViewport/CMakeFiles/flowViewport.dir/sceneIndex/fvpPathInterfaceSceneIndex.cpp.o
[2023-11-16T16:45:24.791Z]     [62/101] Building CXX object lib/mayaHydra/hydraExtensions/CMakeFiles/mayaHydraLib.dir/sceneIndex/mayaHydraPrimvarDataSource.cpp.o
[2023-11-16T16:45:25.366Z]     [63/101] Building CXX object lib/flowViewport/CMakeFiles/flowViewport.dir/sceneIndex/fvpRenderIndexProxy.cpp.o
[2023-11-16T16:45:25.366Z]     [64/101] Building CXX object lib/flowViewport/CMakeFiles/flowViewport.dir/API/samples/fvpSelectionClientExample.cpp.o
[2023-11-16T16:45:25.366Z]     [65/101] Building CXX object lib/flowViewport/CMakeFiles/flowViewport.dir/selection/fvpSelectionFwd.cpp.o
[2023-11-16T16:45:25.366Z]     [66/101] Building CXX object lib/flowViewport/CMakeFiles/flowViewport.dir/sceneIndex/fvpMergingSceneIndex.cpp.o
[2023-11-16T16:45:25.926Z]     [67/101] Building CXX object lib/mayaHydra/hydraExtensions/CMakeFiles/mayaHydraLib.dir/sceneIndex/mayaHydraDataSource.cpp.o
[2023-11-16T16:45:25.926Z]     [68/101] Building CXX object lib/mayaHydra/hydraExtensions/CMakeFiles/mayaHydraLib.dir/delegates/sceneDelegate.cpp.o
[2023-11-16T16:45:25.926Z]     [69/101] Building CXX object lib/mayaHydra/hydraExtensions/CMakeFiles/mayaHydraLib.dir/sceneIndex/mayaHydraDisplayStyleDataSource.cpp.o
[2023-11-16T16:45:25.926Z]     [70/101] Building CXX object lib/mayaHydra/hydraExtensions/CMakeFiles/mayaHydraLib.dir/sceneIndex/mayaHydraLightDataSource.cpp.o
[2023-11-16T16:45:25.926Z]     [71/101] Building CXX object lib/mayaHydra/hydraExtensions/CMakeFiles/mayaHydraLib.dir/sceneIndex/mayaHydraCameraDataSource.cpp.o
[2023-11-16T16:45:26.469Z]     [72/101] Building CXX object lib/flowViewport/CMakeFiles/flowViewport.dir/sceneIndex/fvpSelectionSceneIndex.cpp.o
[2023-11-16T16:45:27.011Z]     [73/101] Building CXX object lib/flowViewport/CMakeFiles/flowViewport.dir/sceneIndex/fvpWireframeSelectionHighlightSceneIndex.cpp.o
[2023-11-16T16:45:27.011Z]     [74/101] Building CXX object lib/mayaHydra/hydraExtensions/CMakeFiles/mayaHydraLib.dir/sceneIndex/mayaHydraSceneIndex.cpp.o
[2023-11-16T16:45:27.011Z]     [75/101] Building CXX object lib/mayaHydra/hydraExtensions/CMakeFiles/mayaHydraLib.dir/delegates/testDelegate.cpp.o
[2023-11-16T16:45:27.011Z]     [76/101] Building CXX object lib/mayaHydra/hydraExtensions/CMakeFiles/mayaHydraLib.dir/delegates/defaultLightDelegate.cpp.o
[2023-11-16T16:45:27.561Z]     [77/101] Building CXX object lib/mayaHydra/hydraExtensions/CMakeFiles/mayaHydraLib.dir/sceneIndex/mayaHydraDefaultLightDataSource.cpp.o
[2023-11-16T16:45:27.561Z]     [78/101] Automatic MOC for target adskHydraSceneBrowser
[2023-11-16T16:45:28.102Z]     [79/101] Building CXX object lib/flowViewport/CMakeFiles/flowViewport.dir/selection/fvpSelection.cpp.o
[2023-11-16T16:45:29.236Z]     [80/101] Building CXX object lib/flowViewport/CMakeFiles/flowViewport.dir/selection/fvpSelectionTracker.cpp.o
[2023-11-16T16:45:29.780Z]     [81/101] Building CXX object lib/flowViewport/CMakeFiles/flowViewport.dir/selection/fvpSelectionTask.cpp.o
[2023-11-16T16:45:30.322Z]     [82/101] Building CXX object plugin/mayaHydraSceneBrowserTest/CMakeFiles/mayaHydraSceneBrowserTest.dir/mayaHydraSceneBrowserTestCmd.cpp.o
[2023-11-16T16:45:31.455Z]     [83/101] Building CXX object lib/adskHydraSceneBrowser/lib/CMakeFiles/adskHydraSceneBrowser.dir/src/patch/registeredSceneIndexChooser.cpp.o
[2023-11-16T16:45:31.455Z]     [84/101] Building CXX object lib/adskHydraSceneBrowser/lib/CMakeFiles/adskHydraSceneBrowser.dir/src/patch/sceneIndexObserverLoggingWidget.cpp.o
[2023-11-16T16:45:31.455Z]     [85/101] Building CXX object plugin/mayaHydraSceneBrowser/CMakeFiles/mayaHydraSceneBrowser.dir/mayaHydraSceneBrowser.cpp.o
[2023-11-16T16:45:31.996Z]     [86/101] Linking CXX shared library lib/flowViewport/libflowViewport.so
[2023-11-16T16:45:31.996Z]     [87/101] Building CXX object lib/adskHydraSceneBrowser/lib/CMakeFiles/adskHydraSceneBrowser.dir/src/patch/dataSourceValueTreeView.cpp.o
[2023-11-16T16:45:31.996Z]     [88/101] Building CXX object lib/adskHydraSceneBrowser/lib/CMakeFiles/adskHydraSceneBrowser.dir/src/patch/sceneIndexDebuggerWidget.cpp.o
[2023-11-16T16:45:31.996Z]     [89/101] Building CXX object lib/adskHydraSceneBrowser/lib/CMakeFiles/adskHydraSceneBrowser.dir/src/patch/sceneIndexObserverLoggingTreeView.cpp.o
[2023-11-16T16:45:32.538Z]     [90/101] Building CXX object lib/adskHydraSceneBrowser/lib/CMakeFiles/adskHydraSceneBrowser.dir/adskHydraSceneBrowser_autogen/mocs_compilation.cpp.o
[2023-11-16T16:45:32.538Z]     [91/101] Building CXX object lib/adskHydraSceneBrowser/test/CMakeFiles/adskHydraSceneBrowserTesting.dir/adskHydraSceneBrowserTesting.cpp.o
[2023-11-16T16:45:32.538Z]     [92/101] Building CXX object lib/adskHydraSceneBrowser/lib/CMakeFiles/adskHydraSceneBrowser.dir/src/patch/sceneIndexTreeWidget.cpp.o
[2023-11-16T16:45:32.538Z]     [93/101] Building CXX object lib/adskHydraSceneBrowser/lib/CMakeFiles/adskHydraSceneBrowser.dir/src/patch/dataSourceTreeWidget.cpp.o
[2023-11-16T16:45:33.700Z]     [94/101] Linking CXX shared library lib/adskHydraSceneBrowser/lib/libadskHydraSceneBrowser.so
[2023-11-16T16:45:34.314Z]     [95/101] Linking CXX shared library lib/mayaHydra/hydraExtensions/libmayaHydraLib.so
[2023-11-16T16:45:34.855Z]     [96/101] Building CXX object lib/adskHydraSceneBrowser/test/CMakeFiles/adskHydraSceneBrowserTesting.dir/adskHydraSceneBrowserTestFixture.cpp.o
[2023-11-16T16:45:35.396Z]     [97/101] Linking CXX shared library test/lib/mayaUsd/render/mayaToHydra/cpp/mayaHydraCppTests.so
[2023-11-16T16:45:35.396Z]     [98/101] Linking CXX shared library plugin/mayaHydraSceneBrowser/mayaHydraSceneBrowser.so
[2023-11-16T16:45:35.396Z]     [99/101] Linking CXX shared library lib/mayaHydra/mayaPlugin/mayaHydra.so
[2023-11-16T16:45:35.936Z]     [100/101] Linking CXX shared library lib/adskHydraSceneBrowser/test/libadskHydraSceneBrowserTesting.so
[2023-11-16T16:45:37.069Z]     [101/101] Linking CXX shared library plugin/mayaHydraSceneBrowserTest/mayaHydraSceneBrowserTest.so
[2023-11-16T16:45:37.069Z]     
[2023-11-16T16:45:37.069Z]         Building with settings:
[2023-11-16T16:45:37.069Z]           Source directory          /home/S/jenkins/workspace/ECP/ecg-maya-hydra/ecg-maya-hydra-branch-preflight-python3-linux/ecg-maya-hydra/maya-hydra
[2023-11-16T16:45:37.069Z]           Workspace directory       /local/S/jenkins/workspace/ECP/ecg-maya-hydra/ecg-maya-hydra-branch-preflight-python3-linux
[2023-11-16T16:45:37.069Z]           Build directory           /local/S/jenkins/workspace/ECP/ecg-maya-hydra/ecg-maya-hydra-branch-preflight-python3-linux/build/Debug
[2023-11-16T16:45:37.069Z]           Install directory         /local/S/jenkins/workspace/ECP/ecg-maya-hydra/ecg-maya-hydra-branch-preflight-python3-linux/install/Debug/MayaHydra
[2023-11-16T16:45:37.069Z]           Variant                   Debug
[2023-11-16T16:45:37.069Z]           Python Debug              On
[2023-11-16T16:45:37.069Z]           CMake generator           Ninja
[2023-11-16T16:45:37.069Z]           Build arguments           ['-DCMAKE_MAKE_PROGRAM=/local/S/jenkins/workspace/shared/Artifactory/Linux/ninja/1.10.2/9ab399b/ninja', '-DPYTHON_INCLUDE_DIR=/local/S/jenkins/workspace/shared/Artifactory/Linux/rundev-master-debug/202310260154/runtime/7d60df0/runTime/include/Python310/Python', '-DPython_EXECUTABLE=/local/S/jenkins/workspace/shared/Artifactory/Linux/rundev-master-debug/202310260154/runtime/7d60df0/runTime/bin/mayapy', '-DPYTHON_LIBRARIES=/local/S/jenkins/workspace/shared/Artifactory/Linux/rundev-master-debug/202310260154/runtime/7d60df0/runTime/lib/libpython3.10d.so.1.0', '-DBUILD_WITH_PYTHON_3=ON', '-DBUILD_WITH_PYTHON_3_VERSION=3.10', '-DCMAKE_WANT_MATERIALX_BUILD=ON', '-DCMAKE_PREFIX_PATH=/local/S/jenkins/workspace/shared/Artifactory/Linux/USD/8e4fe45', '-DMAYAHYDRA_BUILD_NUMBER=401', '-DMAYAHYDRA_GIT_COMMIT=2e666b0e615b7aee74291ec1d141fa3458af2970', '-DMAYAHYDRA_GIT_BRANCH=master']
[2023-11-16T16:45:37.069Z]           Stages arguments          ['build']
[2023-11-16T16:45:37.069Z]           CTest arguments           ['--parallel 16']
[2023-11-16T16:45:37.069Z]     Success MayaHydra build and install !!!!
[2023-11-16T16:45:37.069Z]     Elapsed time: 00:00:30
[Pipeline] sh
[2023-11-16T16:45:38.562Z] + scl enable gcc-toolset-11 -
[2023-11-16T16:45:38.562Z] + '[' enable = load -o enable = unload ']'
[2023-11-16T16:45:38.562Z] + /usr/bin/scl enable gcc-toolset-11 -
[2023-11-16T16:45:38.562Z] python ecg-maya-hydra/build.py --stages=build --workspace-dir=/local/S/jenkins/workspace/ECP/ecg-maya-hydra/ecg-maya-hydra-branch-preflight-python3-linux --artifactory-dir=/local/S/jenkins/workspace/shared/Artifactory --build-dir=/local/S/jenkins/workspace/ECP/ecg-maya-hydra/ecg-maya-hydra-branch-preflight-python3-linux/build --install-dir=/local/S/jenkins/workspace/ECP/ecg-maya-hydra/ecg-maya-hydra-branch-preflight-python3-linux/install --signing-dir=/local/S/jenkins/workspace/ECP/ecg-maya-hydra/ecg-maya-hydra-branch-preflight-python3-linux/signing --package-dir=/local/S/jenkins/workspace/ECP/ecg-maya-hydra/ecg-maya-hydra-branch-preflight-python3-linux/package --output-dir=/local/S/jenkins/workspace/ECP/ecg-maya-hydra/ecg-maya-hydra-branch-preflight-python3-linux/output --stash-dir=/local/S/jenkins/workspace/ECP/ecg-maya-hydra/ecg-maya-hydra-branch-preflight-python3-linux/stash --jenkins-build=401 --git-commit=2e666b0e615b7aee74291ec1d141fa3458af2970 --git-branch=master --variants=RelWithDebInfo --interactive-tests=true --post-zips=false --osx-binary-architecture-target=ub2 --osx-deployment-target=11.0 --osx-base-sdk=CurrentActiveSDK --build-retry=3 --maya-cut-config=maya-rundev-master.yaml --maya-package=rundev-master --stage-banner
[2023-11-16T16:45:38.562Z] Using Maya cut from /local/S/jenkins/workspace/shared/Artifactory/Linux/rundev-master/202311060140/runtime/33fa670
[2023-11-16T16:45:38.562Z] 
[2023-11-16T16:45:38.562Z] ================================================================================
[2023-11-16T16:45:38.562Z]                              build (RelWithDebInfo)
[2023-11-16T16:45:38.562Z] ================================================================================
[2023-11-16T16:45:38.562Z] Maya Python RelWithDebInfo Info:
[2023-11-16T16:45:38.562Z]   mayapy executable   = /local/S/jenkins/workspace/shared/Artifactory/Linux/rundev-master/202311060140/runtime/33fa670/runTime/bin/mayapy
[2023-11-16T16:45:38.562Z]   Include Folder      = /local/S/jenkins/workspace/shared/Artifactory/Linux/rundev-master/202311060140/runtime/33fa670/runTime/include/Python310/Python
[2023-11-16T16:45:38.562Z]   Library             = /local/S/jenkins/workspace/shared/Artifactory/Linux/rundev-master/202311060140/runtime/33fa670/runTime/lib/libpython3.10.so.1.0
[2023-11-16T16:45:38.562Z]   site-package Folder = /local/S/jenkins/workspace/shared/Artifactory/Linux/rundev-master/202311060140/runtime/33fa670/runTime/lib/python3.10/site-packages
[2023-11-16T16:45:39.104Z] In workdir: /home/S/jenkins/workspace/ECP/ecg-maya-hydra/ecg-maya-hydra-branch-preflight-python3-linux/ecg-maya-hydra/maya-hydra
[2023-11-16T16:45:39.104Z] Executing: /local/S/jenkins/workspace/shared/Artifactory/Linux/rundev-master/202311060140/runtime/33fa670/runTime/bin/mayapy /home/S/jenkins/workspace/ECP/ecg-maya-hydra/ecg-maya-hydra-branch-preflight-python3-linux/ecg-maya-hydra/maya-hydra/build.py --generator Ninja --build-relwithdebug --maya-location /local/S/jenkins/workspace/shared/Artifactory/Linux/rundev-master/202311060140/runtime/33fa670/runTime --devkit-location /local/S/jenkins/workspace/shared/Artifactory/Linux/rundev-master/202311060140/runtime/33fa670/devkitBase --pxrusd-location /local/S/jenkins/workspace/shared/Artifactory/Linux/USD/13e6029 --build-args=-DCMAKE_MAKE_PROGRAM=/local/S/jenkins/workspace/shared/Artifactory/Linux/ninja/1.10.2/9ab399b/ninja,-DPYTHON_INCLUDE_DIR=/local/S/jenkins/workspace/shared/Artifactory/Linux/rundev-master/202311060140/runtime/33fa670/runTime/include/Python310/Python,-DPython_EXECUTABLE=/local/S/jenkins/workspace/shared/Artifactory/Linux/rundev-master/202311060140/runtime/33fa670/runTime/bin/mayapy,-DPYTHON_LIBRARIES=/local/S/jenkins/workspace/shared/Artifactory/Linux/rundev-master/202311060140/runtime/33fa670/runTime/lib/libpython3.10.so.1.0,-DBUILD_WITH_PYTHON_3=ON,-DBUILD_WITH_PYTHON_3_VERSION=3.10,-DCMAKE_WANT_MATERIALX_BUILD=ON,-DCMAKE_PREFIX_PATH=/local/S/jenkins/workspace/shared/Artifactory/Linux/USD/13e6029,-DMAYAHYDRA_BUILD_NUMBER=401,-DMAYAHYDRA_GIT_COMMIT=2e666b0e615b7aee74291ec1d141fa3458af2970,-DMAYAHYDRA_GIT_BRANCH=master '--ctest-args=--parallel 16' --stages=build --redirect-outstream-file=False --install-location /local/S/jenkins/workspace/ECP/ecg-maya-hydra/ecg-maya-hydra-branch-preflight-python3-linux/install/RelWithDebInfo/MayaHydra /local/S/jenkins/workspace/ECP/ecg-maya-hydra/ecg-maya-hydra-branch-preflight-python3-linux
[2023-11-16T16:45:39.104Z] Modified environment variables:
[2023-11-16T16:45:39.104Z]     LD_LIBRARY_PATH=/opt/rh/gcc-toolset-11/root/usr/lib64:/opt/rh/gcc-toolset-11/root/usr/lib64:/opt/rh/gcc-toolset-11/root/usr/lib:/opt/rh/gcc-toolset-11/root/usr/lib64/dyninst:/opt/rh/gcc-toolset-11/root/usr/lib/dyninst
[2023-11-16T16:45:39.104Z]     PATH=/local/S/jenkins/workspace/shared/Artifactory/Linux/cmake/3.20.3/ab685d7/bin:/opt/rh/gcc-toolset-11/root/usr/bin:/home/administrator/.local/bin:/home/administrator/bin:/usr/share/Modules/bin:/usr/local/bin:/usr/local/sbin:/usr/bin:/usr/sbin
[2023-11-16T16:45:39.647Z]     [1/101] Building CXX object lib/mayaHydra/mayaPlugin/CMakeFiles/mayaHydra.dir/colorNotFoundException.cpp.o
[2023-11-16T16:45:40.197Z]     [2/101] Building CXX object lib/mayaHydra/mayaPlugin/CMakeFiles/mayaHydra.dir/tokens.cpp.o
[2023-11-16T16:45:40.197Z]     [3/101] Building CXX object test/lib/mayaUsd/render/mayaToHydra/cpp/CMakeFiles/mayaHydraCppTests.dir/testCppFramework.cpp.o
[2023-11-16T16:45:40.197Z]     [4/101] Building CXX object lib/mayaHydra/mayaPlugin/CMakeFiles/mayaHydra.dir/pluginDebugCodes.cpp.o
[2023-11-16T16:45:40.197Z]     [5/101] Building CXX object test/lib/mayaUsd/render/mayaToHydra/cpp/CMakeFiles/mayaHydraCppTests.dir/mayaHydraCppTestsCmd.cpp.o
[2023-11-16T16:45:41.339Z]     [6/101] Building CXX object lib/mayaHydra/mayaPlugin/CMakeFiles/mayaHydra.dir/mayaColorPreferencesTranslator.cpp.o
[2023-11-16T16:45:41.339Z]     [7/101] Building CXX object lib/mayaHydra/ufeExtensions/CMakeFiles/ufeExtensions.dir/Global.cpp.o
[2023-11-16T16:45:41.339Z]     [8/101] Building CXX object lib/mayaHydra/hydraExtensions/CMakeFiles/mayaHydraLib.dir/adapters/adapterDebugCodes.cpp.o
[2023-11-16T16:45:41.883Z]     [9/101] Building CXX object lib/mayaHydra/hydraExtensions/CMakeFiles/mayaHydraLib.dir/debugCodes.cpp.o
[2023-11-16T16:45:42.428Z]     [10/101] Building CXX object lib/mayaHydra/hydraExtensions/CMakeFiles/mayaHydraLib.dir/mayaUtils.cpp.o
[2023-11-16T16:45:42.428Z]     [11/101] Building CXX object lib/mayaHydra/hydraExtensions/CMakeFiles/mayaHydraLib.dir/mhBuildInfo.cpp.o
[2023-11-16T16:45:42.428Z]     [12/101] Building CXX object test/lib/mayaUsd/render/mayaToHydra/cpp/CMakeFiles/mayaHydraCppTests.dir/testColorPreferences.cpp.o
[2023-11-16T16:45:43.570Z]     [13/101] Building CXX object test/lib/mayaUsd/render/mayaToHydra/cpp/CMakeFiles/mayaHydraCppTests.dir/testUtils.cpp.o
[2023-11-16T16:45:43.570Z]     [14/101] Building CXX object test/lib/mayaUsd/render/mayaToHydra/cpp/CMakeFiles/mayaHydraCppTests.dir/testMayaUsdUfeItems.cpp.o
[2023-11-16T16:45:43.570Z]     [15/101] Building CXX object lib/mayaHydra/hydraExtensions/CMakeFiles/mayaHydraLib.dir/interfaceImp.cpp.o
[2023-11-16T16:45:44.115Z]     [16/101] Building CXX object test/lib/mayaUsd/render/mayaToHydra/cpp/CMakeFiles/mayaHydraCppTests.dir/testMayaSceneFlattening.cpp.o
[2023-11-16T16:45:45.273Z]     [17/101] Building CXX object lib/mayaHydra/hydraExtensions/CMakeFiles/mayaHydraLib.dir/mixedUtils.cpp.o
[2023-11-16T16:45:45.273Z]     [18/101] Building CXX object lib/mayaHydra/hydraExtensions/CMakeFiles/mayaHydraLib.dir/hydraUtils.cpp.o
[2023-11-16T16:45:45.273Z]     [19/101] Building CXX object test/lib/mayaUsd/render/mayaToHydra/cpp/CMakeFiles/mayaHydraCppTests.dir/testSelectionSceneIndex.cpp.o
[2023-11-16T16:45:45.816Z]     [20/101] Building CXX object lib/mayaHydra/mayaPlugin/CMakeFiles/mayaHydra.dir/pluginUtils.cpp.o
[2023-11-16T16:45:45.816Z]     [21/101] Building CXX object test/lib/mayaUsd/render/mayaToHydra/cpp/CMakeFiles/mayaHydraCppTests.dir/testWireframeSelectionHighlightSceneIndex.cpp.o
[2023-11-16T16:45:46.361Z]     [22/101] Building CXX object lib/mayaHydra/mayaPlugin/CMakeFiles/mayaHydra.dir/viewCommand.cpp.o
[2023-11-16T16:45:46.361Z]     [23/101] Building CXX object lib/mayaHydra/mayaPlugin/CMakeFiles/mayaHydra.dir/plugin.cpp.o
[2023-11-16T16:45:46.906Z]     [24/101] Building CXX object lib/mayaHydra/hydraExtensions/CMakeFiles/mayaHydraLib.dir/adapters/mayaAttrs.cpp.o
[2023-11-16T16:45:48.072Z]     [25/101] Building CXX object test/lib/mayaUsd/render/mayaToHydra/cpp/CMakeFiles/mayaHydraCppTests.dir/testMergingSceneIndex.cpp.o
[2023-11-16T16:45:48.630Z]     [26/101] Building CXX object lib/mayaHydra/hydraExtensions/CMakeFiles/mayaHydraLib.dir/adapters/adapter.cpp.o
[2023-11-16T16:45:49.776Z]     [27/101] Building CXX object lib/mayaHydra/hydraExtensions/CMakeFiles/mayaHydraLib.dir/adapters/areaLightAdapter.cpp.o
[2023-11-16T16:45:50.330Z]     [28/101] Building CXX object lib/mayaHydra/hydraExtensions/CMakeFiles/mayaHydraLib.dir/adapters/adapterRegistry.cpp.o
[2023-11-16T16:45:50.330Z]     [29/101] Building CXX object lib/mayaHydra/hydraExtensions/CMakeFiles/mayaHydraLib.dir/adapters/cameraAdapter.cpp.o
[2023-11-16T16:45:50.330Z]     [30/101] Building CXX object lib/mayaHydra/mayaPlugin/CMakeFiles/mayaHydra.dir/renderOverride.cpp.o
[2023-11-16T16:45:50.879Z]     [31/101] Building CXX object lib/mayaHydra/hydraExtensions/CMakeFiles/mayaHydraLib.dir/adapters/aiSkydomeLightAdapter.cpp.o
[2023-11-16T16:45:51.426Z]     [32/101] Building CXX object lib/mayaHydra/hydraExtensions/CMakeFiles/mayaHydraLib.dir/mayaHydraSceneProducer.cpp.o
[2023-11-16T16:45:51.426Z]     [33/101] Building CXX object lib/mayaHydra/hydraExtensions/CMakeFiles/mayaHydraLib.dir/adapters/directionalLightAdapter.cpp.o
[2023-11-16T16:45:51.426Z]     [34/101] Building CXX object lib/mayaHydra/hydraExtensions/CMakeFiles/mayaHydraLib.dir/adapters/tokens.cpp.o
[2023-11-16T16:45:51.987Z]     [35/101] Building CXX object lib/mayaHydra/hydraExtensions/CMakeFiles/mayaHydraLib.dir/adapters/dagAdapter.cpp.o
[2023-11-16T16:45:51.987Z]     [36/101] Building CXX object lib/mayaHydra/mayaPlugin/CMakeFiles/mayaHydra.dir/renderGlobals.cpp.o
[2023-11-16T16:45:52.539Z]     [37/101] Building CXX object lib/mayaHydra/hydraExtensions/CMakeFiles/mayaHydraLib.dir/delegates/delegateDebugCodes.cpp.o
[2023-11-16T16:45:52.539Z]     [38/101] Building CXX object lib/mayaHydra/hydraExtensions/CMakeFiles/mayaHydraLib.dir/adapters/lightAdapter.cpp.o
[2023-11-16T16:45:53.696Z]     [39/101] Building CXX object lib/mayaHydra/hydraExtensions/CMakeFiles/mayaHydraLib.dir/adapters/renderItemAdapter.cpp.o
[2023-11-16T16:45:53.696Z]     [40/101] Building CXX object lib/mayaHydra/hydraExtensions/CMakeFiles/mayaHydraLib.dir/adapters/materialAdapter.cpp.o
[2023-11-16T16:45:54.673Z]     [41/101] Building CXX object lib/mayaHydra/hydraExtensions/CMakeFiles/mayaHydraLib.dir/adapters/pointLightAdapter.cpp.o
[2023-11-16T16:45:55.927Z]     [42/101] Building CXX object lib/mayaHydra/hydraExtensions/CMakeFiles/mayaHydraLib.dir/adapters/meshAdapter.cpp.o
[2023-11-16T16:45:55.927Z]     [43/101] Building CXX object lib/mayaHydra/hydraExtensions/CMakeFiles/mayaHydraLib.dir/adapters/nurbsCurveAdapter.cpp.o
[2023-11-16T16:45:55.927Z]     [44/101] Building CXX object lib/mayaHydra/hydraExtensions/CMakeFiles/mayaHydraLib.dir/adapters/shapeAdapter.cpp.o
[2023-11-16T16:45:55.927Z]     [45/101] Building CXX object lib/mayaHydra/hydraExtensions/CMakeFiles/mayaHydraLib.dir/delegates/delegate.cpp.o
[2023-11-16T16:45:55.927Z]     [46/101] Building CXX object lib/mayaHydra/hydraExtensions/CMakeFiles/mayaHydraLib.dir/delegates/delegateCtx.cpp.o
[2023-11-16T16:45:56.484Z]     [47/101] Linking CXX shared library lib/mayaHydra/ufeExtensions/libufeExtensions.so
[2023-11-16T16:45:56.484Z]     [48/101] Building CXX object lib/mayaHydra/hydraExtensions/CMakeFiles/mayaHydraLib.dir/adapters/materialNetworkConverter.cpp.o
[2023-11-16T16:45:56.484Z]     [49/101] Building CXX object lib/mayaHydra/hydraExtensions/CMakeFiles/mayaHydraLib.dir/adapters/spotLightAdapter.cpp.o
[2023-11-16T16:45:57.032Z]     [50/101] Building CXX object lib/flowViewport/CMakeFiles/flowViewport.dir/tokens.cpp.o
[2023-11-16T16:45:57.032Z]     [51/101] Building CXX object lib/flowViewport/CMakeFiles/flowViewport.dir/debugCodes.cpp.o
[2023-11-16T16:45:57.032Z]     [52/101] Building CXX object lib/flowViewport/CMakeFiles/flowViewport.dir/global.cpp.o
[2023-11-16T16:45:57.032Z]     [53/101] Building CXX object lib/flowViewport/CMakeFiles/flowViewport.dir/colorPreferences/fvpColorChanged.cpp.o
[2023-11-16T16:45:57.581Z]     [54/101] Building CXX object lib/mayaHydra/hydraExtensions/CMakeFiles/mayaHydraLib.dir/delegates/delegateRegistry.cpp.o
[2023-11-16T16:45:57.581Z]     [55/101] Building CXX object lib/flowViewport/CMakeFiles/flowViewport.dir/sceneIndex/fvpPathInterface.cpp.o
[2023-11-16T16:45:57.581Z]     [56/101] Building CXX object lib/flowViewport/CMakeFiles/flowViewport.dir/colorPreferences/fvpColorPreferencesTokens.cpp.o
[2023-11-16T16:45:57.581Z]     [57/101] Building CXX object lib/flowViewport/CMakeFiles/flowViewport.dir/colorPreferences/fvpColorPreferences.cpp.o
[2023-11-16T16:45:58.132Z]     [58/101] Building CXX object lib/mayaHydra/hydraExtensions/CMakeFiles/mayaHydraLib.dir/sceneIndex/registration.cpp.o
[2023-11-16T16:45:58.687Z]     [59/101] Building CXX object lib/flowViewport/CMakeFiles/flowViewport.dir/API/interfacesImp/fvpSelectionInterfaceImp.cpp.o
[2023-11-16T16:45:59.259Z]     [60/101] Building CXX object lib/flowViewport/CMakeFiles/flowViewport.dir/API/interfacesImp/fvpVersionInterfaceImp.cpp.o
[2023-11-16T16:45:59.817Z]     [61/101] Building CXX object lib/flowViewport/CMakeFiles/flowViewport.dir/sceneIndex/fvpPathInterfaceSceneIndex.cpp.o
[2023-11-16T16:45:59.817Z]     [62/101] Building CXX object lib/flowViewport/CMakeFiles/flowViewport.dir/API/samples/fvpSelectionClientExample.cpp.o
[2023-11-16T16:45:59.817Z]     [63/101] Building CXX object lib/mayaHydra/hydraExtensions/CMakeFiles/mayaHydraLib.dir/sceneIndex/mayaHydraPrimvarDataSource.cpp.o
[2023-11-16T16:45:59.817Z]     [64/101] Building CXX object lib/flowViewport/CMakeFiles/flowViewport.dir/sceneIndex/fvpRenderIndexProxy.cpp.o
[2023-11-16T16:45:59.817Z]     [65/101] Building CXX object lib/flowViewport/CMakeFiles/flowViewport.dir/selection/fvpSelectionFwd.cpp.o
[2023-11-16T16:46:00.361Z]     [66/101] Building CXX object lib/flowViewport/CMakeFiles/flowViewport.dir/sceneIndex/fvpMergingSceneIndex.cpp.o
[2023-11-16T16:46:00.907Z]     [67/101] Building CXX object lib/mayaHydra/hydraExtensions/CMakeFiles/mayaHydraLib.dir/sceneIndex/mayaHydraLightDataSource.cpp.o
[2023-11-16T16:46:01.454Z]     [68/101] Building CXX object lib/mayaHydra/hydraExtensions/CMakeFiles/mayaHydraLib.dir/sceneIndex/mayaHydraDisplayStyleDataSource.cpp.o
[2023-11-16T16:46:01.454Z]     [69/101] Building CXX object lib/mayaHydra/hydraExtensions/CMakeFiles/mayaHydraLib.dir/delegates/testDelegate.cpp.o
[2023-11-16T16:46:01.998Z]     [70/101] Building CXX object lib/flowViewport/CMakeFiles/flowViewport.dir/sceneIndex/fvpSelectionSceneIndex.cpp.o
[2023-11-16T16:46:02.556Z]     [71/101] Building CXX object lib/mayaHydra/hydraExtensions/CMakeFiles/mayaHydraLib.dir/sceneIndex/mayaHydraCameraDataSource.cpp.o
[2023-11-16T16:46:02.556Z]     [72/101] Automatic MOC for target adskHydraSceneBrowser
[2023-11-16T16:46:02.556Z]     [73/101] Building CXX object lib/flowViewport/CMakeFiles/flowViewport.dir/sceneIndex/fvpWireframeSelectionHighlightSceneIndex.cpp.o
[2023-11-16T16:46:03.143Z]     [74/101] Building CXX object lib/flowViewport/CMakeFiles/flowViewport.dir/selection/fvpSelection.cpp.o
[2023-11-16T16:46:03.143Z]     [75/101] Building CXX object lib/mayaHydra/hydraExtensions/CMakeFiles/mayaHydraLib.dir/sceneIndex/mayaHydraDefaultLightDataSource.cpp.o
[2023-11-16T16:46:03.143Z]     [76/101] Building CXX object lib/mayaHydra/hydraExtensions/CMakeFiles/mayaHydraLib.dir/delegates/sceneDelegate.cpp.o
[2023-11-16T16:46:03.143Z]     [77/101] Building CXX object lib/mayaHydra/hydraExtensions/CMakeFiles/mayaHydraLib.dir/delegates/defaultLightDelegate.cpp.o
[2023-11-16T16:46:03.685Z]     [78/101] Building CXX object lib/mayaHydra/hydraExtensions/CMakeFiles/mayaHydraLib.dir/sceneIndex/mayaHydraSceneIndex.cpp.o
[2023-11-16T16:46:04.229Z]     [79/101] Building CXX object lib/flowViewport/CMakeFiles/flowViewport.dir/selection/fvpSelectionTracker.cpp.o
[2023-11-16T16:46:04.229Z]     [80/101] Building CXX object lib/mayaHydra/hydraExtensions/CMakeFiles/mayaHydraLib.dir/sceneIndex/mayaHydraDataSource.cpp.o
[2023-11-16T16:46:04.229Z]     [81/101] Building CXX object lib/flowViewport/CMakeFiles/flowViewport.dir/selection/fvpSelectionTask.cpp.o
[2023-11-16T16:46:05.376Z]     [82/101] Linking CXX shared library lib/flowViewport/libflowViewport.so
[2023-11-16T16:46:05.918Z]     [83/101] Building CXX object plugin/mayaHydraSceneBrowserTest/CMakeFiles/mayaHydraSceneBrowserTest.dir/mayaHydraSceneBrowserTestCmd.cpp.o
[2023-11-16T16:46:06.460Z]     [84/101] Building CXX object lib/adskHydraSceneBrowser/lib/CMakeFiles/adskHydraSceneBrowser.dir/src/patch/registeredSceneIndexChooser.cpp.o
[2023-11-16T16:46:06.460Z]     [85/101] Building CXX object lib/adskHydraSceneBrowser/lib/CMakeFiles/adskHydraSceneBrowser.dir/src/patch/sceneIndexObserverLoggingWidget.cpp.o
[2023-11-16T16:46:07.002Z]     [86/101] Linking CXX shared library lib/mayaHydra/hydraExtensions/libmayaHydraLib.so
[2023-11-16T16:46:07.002Z]     [87/101] Linking CXX shared library test/lib/mayaUsd/render/mayaToHydra/cpp/mayaHydraCppTests.so
[2023-11-16T16:46:07.002Z]     [88/101] Linking CXX shared library lib/mayaHydra/mayaPlugin/mayaHydra.so
[2023-11-16T16:46:07.549Z]     [89/101] Building CXX object plugin/mayaHydraSceneBrowser/CMakeFiles/mayaHydraSceneBrowser.dir/mayaHydraSceneBrowser.cpp.o
[2023-11-16T16:46:07.549Z]     [90/101] Building CXX object lib/adskHydraSceneBrowser/lib/CMakeFiles/adskHydraSceneBrowser.dir/src/patch/sceneIndexDebuggerWidget.cpp.o
[2023-11-16T16:46:07.549Z]     [91/101] Building CXX object lib/adskHydraSceneBrowser/lib/CMakeFiles/adskHydraSceneBrowser.dir/src/patch/sceneIndexObserverLoggingTreeView.cpp.o
[2023-11-16T16:46:07.549Z]     [92/101] Building CXX object lib/adskHydraSceneBrowser/lib/CMakeFiles/adskHydraSceneBrowser.dir/adskHydraSceneBrowser_autogen/mocs_compilation.cpp.o
[2023-11-16T16:46:08.090Z]     [93/101] Building CXX object lib/adskHydraSceneBrowser/test/CMakeFiles/adskHydraSceneBrowserTesting.dir/adskHydraSceneBrowserTesting.cpp.o
[2023-11-16T16:46:08.090Z]     [94/101] Building CXX object lib/adskHydraSceneBrowser/lib/CMakeFiles/adskHydraSceneBrowser.dir/src/patch/dataSourceValueTreeView.cpp.o
[2023-11-16T16:46:08.090Z]     [95/101] Building CXX object lib/adskHydraSceneBrowser/lib/CMakeFiles/adskHydraSceneBrowser.dir/src/patch/sceneIndexTreeWidget.cpp.o
[2023-11-16T16:46:08.706Z]     [96/101] Building CXX object lib/adskHydraSceneBrowser/lib/CMakeFiles/adskHydraSceneBrowser.dir/src/patch/dataSourceTreeWidget.cpp.o
[2023-11-16T16:46:09.468Z]     [97/101] Linking CXX shared library lib/adskHydraSceneBrowser/lib/libadskHydraSceneBrowser.so
[2023-11-16T16:46:10.009Z]     [98/101] Linking CXX shared library plugin/mayaHydraSceneBrowser/mayaHydraSceneBrowser.so
[2023-11-16T16:46:14.239Z]     [99/101] Building CXX object lib/adskHydraSceneBrowser/test/CMakeFiles/adskHydraSceneBrowserTesting.dir/adskHydraSceneBrowserTestFixture.cpp.o
[2023-11-16T16:46:14.239Z]     [100/101] Linking CXX shared library lib/adskHydraSceneBrowser/test/libadskHydraSceneBrowserTesting.so
[2023-11-16T16:46:14.788Z]     [101/101] Linking CXX shared library plugin/mayaHydraSceneBrowserTest/mayaHydraSceneBrowserTest.so
[2023-11-16T16:46:14.788Z]     
[2023-11-16T16:46:14.788Z]         Building with settings:
[2023-11-16T16:46:14.788Z]           Source directory          /home/S/jenkins/workspace/ECP/ecg-maya-hydra/ecg-maya-hydra-branch-preflight-python3-linux/ecg-maya-hydra/maya-hydra
[2023-11-16T16:46:14.788Z]           Workspace directory       /local/S/jenkins/workspace/ECP/ecg-maya-hydra/ecg-maya-hydra-branch-preflight-python3-linux
[2023-11-16T16:46:14.788Z]           Build directory           /local/S/jenkins/workspace/ECP/ecg-maya-hydra/ecg-maya-hydra-branch-preflight-python3-linux/build/RelWithDebInfo
[2023-11-16T16:46:14.788Z]           Install directory         /local/S/jenkins/workspace/ECP/ecg-maya-hydra/ecg-maya-hydra-branch-preflight-python3-linux/install/RelWithDebInfo/MayaHydra
[2023-11-16T16:46:14.788Z]           Variant                   RelWithDebInfo
[2023-11-16T16:46:14.788Z]           Python Debug              Off
[2023-11-16T16:46:14.788Z]           CMake generator           Ninja
[2023-11-16T16:46:14.788Z]           Build arguments           ['-DCMAKE_MAKE_PROGRAM=/local/S/jenkins/workspace/shared/Artifactory/Linux/ninja/1.10.2/9ab399b/ninja', '-DPYTHON_INCLUDE_DIR=/local/S/jenkins/workspace/shared/Artifactory/Linux/rundev-master/202311060140/runtime/33fa670/runTime/include/Python310/Python', '-DPython_EXECUTABLE=/local/S/jenkins/workspace/shared/Artifactory/Linux/rundev-master/202311060140/runtime/33fa670/runTime/bin/mayapy', '-DPYTHON_LIBRARIES=/local/S/jenkins/workspace/shared/Artifactory/Linux/rundev-master/202311060140/runtime/33fa670/runTime/lib/libpython3.10.so.1.0', '-DBUILD_WITH_PYTHON_3=ON', '-DBUILD_WITH_PYTHON_3_VERSION=3.10', '-DCMAKE_WANT_MATERIALX_BUILD=ON', '-DCMAKE_PREFIX_PATH=/local/S/jenkins/workspace/shared/Artifactory/Linux/USD/13e6029', '-DMAYAHYDRA_BUILD_NUMBER=401', '-DMAYAHYDRA_GIT_COMMIT=2e666b0e615b7aee74291ec1d141fa3458af2970', '-DMAYAHYDRA_GIT_BRANCH=master']
[2023-11-16T16:46:14.788Z]           Stages arguments          ['build']
[2023-11-16T16:46:14.788Z]           CTest arguments           ['--parallel 16']
[2023-11-16T16:46:14.788Z]     Success MayaHydra build and install !!!!
[2023-11-16T16:46:14.788Z]     Elapsed time: 00:00:35
[Pipeline] }
[Pipeline] // withEnv
[Pipeline] }
[Pipeline] // timeout
[Pipeline] }
[Pipeline] // stage
[Pipeline] }
[Pipeline] // timestamps
[Pipeline] timestamps
[Pipeline] {
[Pipeline] stage
[Pipeline] { (Install)
[Pipeline] timeout
[2023-11-16T16:46:15.180Z] Timeout set to expire in 6 hr 0 min
[Pipeline] {
[Pipeline] withEnv
[Pipeline] {
[Pipeline] sh
[2023-11-16T16:46:16.321Z] + scl enable gcc-toolset-11 -
[2023-11-16T16:46:16.321Z] + '[' enable = load -o enable = unload ']'
[2023-11-16T16:46:16.321Z] + /usr/bin/scl enable gcc-toolset-11 -
[2023-11-16T16:46:16.321Z] python ecg-maya-hydra/build.py --stages=install --workspace-dir=/local/S/jenkins/workspace/ECP/ecg-maya-hydra/ecg-maya-hydra-branch-preflight-python3-linux --artifactory-dir=/local/S/jenkins/workspace/shared/Artifactory --build-dir=/local/S/jenkins/workspace/ECP/ecg-maya-hydra/ecg-maya-hydra-branch-preflight-python3-linux/build --install-dir=/local/S/jenkins/workspace/ECP/ecg-maya-hydra/ecg-maya-hydra-branch-preflight-python3-linux/install --signing-dir=/local/S/jenkins/workspace/ECP/ecg-maya-hydra/ecg-maya-hydra-branch-preflight-python3-linux/signing --package-dir=/local/S/jenkins/workspace/ECP/ecg-maya-hydra/ecg-maya-hydra-branch-preflight-python3-linux/package --output-dir=/local/S/jenkins/workspace/ECP/ecg-maya-hydra/ecg-maya-hydra-branch-preflight-python3-linux/output --stash-dir=/local/S/jenkins/workspace/ECP/ecg-maya-hydra/ecg-maya-hydra-branch-preflight-python3-linux/stash --jenkins-build=401 --git-commit=2e666b0e615b7aee74291ec1d141fa3458af2970 --git-branch=master --variants=Debug --interactive-tests=true --post-zips=false --osx-binary-architecture-target=ub2 --osx-deployment-target=11.0 --osx-base-sdk=CurrentActiveSDK --maya-cut-config=maya-rundev-master-debug.yaml --maya-package=rundev-master-debug --stage-banner
[2023-11-16T16:46:16.321Z] Using Maya cut from /local/S/jenkins/workspace/shared/Artifactory/Linux/rundev-master-debug/202310260154/runtime/7d60df0
[2023-11-16T16:46:16.321Z] 
[2023-11-16T16:46:16.321Z] ================================================================================
[2023-11-16T16:46:16.321Z]                                 install (Debug)
[2023-11-16T16:46:16.321Z] ================================================================================
[2023-11-16T16:46:16.321Z] Maya Python Debug Info:
[2023-11-16T16:46:16.321Z]   mayapy executable   = /local/S/jenkins/workspace/shared/Artifactory/Linux/rundev-master-debug/202310260154/runtime/7d60df0/runTime/bin/mayapy
[2023-11-16T16:46:16.321Z]   Include Folder      = /local/S/jenkins/workspace/shared/Artifactory/Linux/rundev-master-debug/202310260154/runtime/7d60df0/runTime/include/Python310/Python
[2023-11-16T16:46:16.321Z]   Library             = /local/S/jenkins/workspace/shared/Artifactory/Linux/rundev-master-debug/202310260154/runtime/7d60df0/runTime/lib/libpython3.10d.so.1.0
[2023-11-16T16:46:16.321Z]   site-package Folder = /local/S/jenkins/workspace/shared/Artifactory/Linux/rundev-master-debug/202310260154/runtime/7d60df0/runTime/lib/python3.10/site-packages
[2023-11-16T16:46:17.453Z] In workdir: /home/S/jenkins/workspace/ECP/ecg-maya-hydra/ecg-maya-hydra-branch-preflight-python3-linux/ecg-maya-hydra/maya-hydra
[2023-11-16T16:46:17.453Z] Executing: /local/S/jenkins/workspace/shared/Artifactory/Linux/rundev-master-debug/202310260154/runtime/7d60df0/runTime/bin/mayapy /home/S/jenkins/workspace/ECP/ecg-maya-hydra/ecg-maya-hydra-branch-preflight-python3-linux/ecg-maya-hydra/maya-hydra/build.py --generator Ninja --build-debug --maya-location /local/S/jenkins/workspace/shared/Artifactory/Linux/rundev-master-debug/202310260154/runtime/7d60df0/runTime --devkit-location /local/S/jenkins/workspace/shared/Artifactory/Linux/rundev-master-debug/202310260154/runtime/7d60df0/devkitBase --pxrusd-location /local/S/jenkins/workspace/shared/Artifactory/Linux/USD/8e4fe45 --build-args=-DCMAKE_MAKE_PROGRAM=/local/S/jenkins/workspace/shared/Artifactory/Linux/ninja/1.10.2/9ab399b/ninja,-DPYTHON_INCLUDE_DIR=/local/S/jenkins/workspace/shared/Artifactory/Linux/rundev-master-debug/202310260154/runtime/7d60df0/runTime/include/Python310/Python,-DPython_EXECUTABLE=/local/S/jenkins/workspace/shared/Artifactory/Linux/rundev-master-debug/202310260154/runtime/7d60df0/runTime/bin/mayapy,-DPYTHON_LIBRARIES=/local/S/jenkins/workspace/shared/Artifactory/Linux/rundev-master-debug/202310260154/runtime/7d60df0/runTime/lib/libpython3.10d.so.1.0,-DBUILD_WITH_PYTHON_3=ON,-DBUILD_WITH_PYTHON_3_VERSION=3.10,-DCMAKE_WANT_MATERIALX_BUILD=ON,-DCMAKE_PREFIX_PATH=/local/S/jenkins/workspace/shared/Artifactory/Linux/USD/8e4fe45,-DMAYAHYDRA_BUILD_NUMBER=401,-DMAYAHYDRA_GIT_COMMIT=2e666b0e615b7aee74291ec1d141fa3458af2970,-DMAYAHYDRA_GIT_BRANCH=master --debug-python '--ctest-args=--parallel 16' --stages=install --redirect-outstream-file=False --install-location /local/S/jenkins/workspace/ECP/ecg-maya-hydra/ecg-maya-hydra-branch-preflight-python3-linux/install/Debug/MayaHydra /local/S/jenkins/workspace/ECP/ecg-maya-hydra/ecg-maya-hydra-branch-preflight-python3-linux
[2023-11-16T16:46:17.453Z] Modified environment variables:
[2023-11-16T16:46:17.453Z]     LD_LIBRARY_PATH=/opt/rh/gcc-toolset-11/root/usr/lib64:/opt/rh/gcc-toolset-11/root/usr/lib64:/opt/rh/gcc-toolset-11/root/usr/lib:/opt/rh/gcc-toolset-11/root/usr/lib64/dyninst:/opt/rh/gcc-toolset-11/root/usr/lib/dyninst
[2023-11-16T16:46:17.453Z]     PATH=/local/S/jenkins/workspace/shared/Artifactory/Linux/cmake/3.20.3/ab685d7/bin:/opt/rh/gcc-toolset-11/root/usr/bin:/home/administrator/.local/bin:/home/administrator/bin:/usr/share/Modules/bin:/usr/local/bin:/usr/local/sbin:/usr/bin:/usr/sbin
[2023-11-16T16:46:17.453Z]     [0/1] Install the project...
[2023-11-16T16:46:17.453Z]     -- Install configuration: "Debug"
[2023-11-16T16:46:17.453Z]     -- Set runtime path of "/local/S/jenkins/workspace/ECP/ecg-maya-hydra/ecg-maya-hydra-branch-preflight-python3-linux/install/Debug/MayaHydra/lib/maya/mayaHydraCppTests.so" to "$ORIGIN/../gtest:/local/S/jenkins/workspace/shared/Artifactory/Linux/USD/8e4fe45/lib:/local/S/jenkins/workspace/shared/Artifactory/Linux/rundev-master-debug/202310260154/runtime/7d60df0/devkitBase/devkit/ufe/lib:/local/S/jenkins/workspace/shared/Artifactory/Linux/rundev-master-debug/202310260154/runtime/7d60df0/runTime/lib"
[2023-11-16T16:46:17.454Z]     -- Set runtime path of "/local/S/jenkins/workspace/ECP/ecg-maya-hydra/ecg-maya-hydra-branch-preflight-python3-linux/install/Debug/MayaHydra/lib/maya/mayaHydra.so" to "$ORIGIN/../../../../../../../../../../../../home/S/jenkins/workspace/shared/Artifactory/Linux/USD/8e4fe45/lib:$ORIGIN/..:/local/S/jenkins/workspace/shared/Artifactory/Linux/rundev-master-debug/202310260154/runtime/7d60df0/devkitBase/devkit/ufe/lib:/local/S/jenkins/workspace/shared/Artifactory/Linux/USD/8e4fe45/lib:/local/S/jenkins/workspace/shared/Artifactory/Linux/rundev-master-debug/202310260154/runtime/7d60df0/runTime/lib"
[2023-11-16T16:46:17.454Z]     -- Set runtime path of "/local/S/jenkins/workspace/ECP/ecg-maya-hydra/ecg-maya-hydra-branch-preflight-python3-linux/install/Debug/MayaHydra/lib/libmayaHydraLib.so" to ""
[2023-11-16T16:46:17.454Z]     -- Set runtime path of "/local/S/jenkins/workspace/ECP/ecg-maya-hydra/ecg-maya-hydra-branch-preflight-python3-linux/install/Debug/MayaHydra/lib/libufeExtensions.so" to ""
[2023-11-16T16:46:17.454Z]     -- Set runtime path of "/local/S/jenkins/workspace/ECP/ecg-maya-hydra/ecg-maya-hydra-branch-preflight-python3-linux/install/Debug/MayaHydra/lib/libflowViewport.so" to ""
[2023-11-16T16:46:17.454Z]     -- Set runtime path of "/local/S/jenkins/workspace/ECP/ecg-maya-hydra/ecg-maya-hydra-branch-preflight-python3-linux/install/Debug/MayaHydra/lib/libadskHydraSceneBrowser.so" to ""
[2023-11-16T16:46:17.454Z]     -- Set runtime path of "/local/S/jenkins/workspace/ECP/ecg-maya-hydra/ecg-maya-hydra-branch-preflight-python3-linux/install/Debug/MayaHydra/lib/libadskHydraSceneBrowserTesting.so" to "$ORIGIN/gtest:/local/S/jenkins/workspace/shared/Artifactory/Linux/USD/8e4fe45/lib:/local/S/jenkins/workspace/shared/Artifactory/Linux/rundev-master-debug/202310260154/runtime/7d60df0/devkitBase/Qt/lib"
[2023-11-16T16:46:17.454Z]     -- Set runtime path of "/local/S/jenkins/workspace/ECP/ecg-maya-hydra/ecg-maya-hydra-branch-preflight-python3-linux/install/Debug/MayaHydra/lib/maya/mayaHydraSceneBrowser.so" to "$ORIGIN/..:/local/S/jenkins/workspace/shared/Artifactory/Linux/USD/8e4fe45/lib:/local/S/jenkins/workspace/shared/Artifactory/Linux/rundev-master-debug/202310260154/runtime/7d60df0/devkitBase/devkit/ufe/lib:/local/S/jenkins/workspace/shared/Artifactory/Linux/rundev-master-debug/202310260154/runtime/7d60df0/devkitBase/Qt/lib:/local/S/jenkins/workspace/shared/Artifactory/Linux/rundev-master-debug/202310260154/runtime/7d60df0/runTime/lib"
[2023-11-16T16:46:17.454Z]     -- Set runtime path of "/local/S/jenkins/workspace/ECP/ecg-maya-hydra/ecg-maya-hydra-branch-preflight-python3-linux/install/Debug/MayaHydra/lib/maya/mayaHydraSceneBrowserTest.so" to "$ORIGIN/..:$ORIGIN/../gtest:/local/S/jenkins/workspace/shared/Artifactory/Linux/USD/8e4fe45/lib:/local/S/jenkins/workspace/shared/Artifactory/Linux/rundev-master-debug/202310260154/runtime/7d60df0/devkitBase/Qt/lib:/local/S/jenkins/workspace/shared/Artifactory/Linux/rundev-master-debug/202310260154/runtime/7d60df0/devkitBase/devkit/ufe/lib:/local/S/jenkins/workspace/shared/Artifactory/Linux/rundev-master-debug/202310260154/runtime/7d60df0/runTime/lib"
[2023-11-16T16:46:17.454Z]     
[2023-11-16T16:46:17.454Z]         Building with settings:
[2023-11-16T16:46:17.454Z]           Source directory          /home/S/jenkins/workspace/ECP/ecg-maya-hydra/ecg-maya-hydra-branch-preflight-python3-linux/ecg-maya-hydra/maya-hydra
[2023-11-16T16:46:17.454Z]           Workspace directory       /local/S/jenkins/workspace/ECP/ecg-maya-hydra/ecg-maya-hydra-branch-preflight-python3-linux
[2023-11-16T16:46:17.454Z]           Build directory           /local/S/jenkins/workspace/ECP/ecg-maya-hydra/ecg-maya-hydra-branch-preflight-python3-linux/build/Debug
[2023-11-16T16:46:17.454Z]           Install directory         /local/S/jenkins/workspace/ECP/ecg-maya-hydra/ecg-maya-hydra-branch-preflight-python3-linux/install/Debug/MayaHydra
[2023-11-16T16:46:17.454Z]           Variant                   Debug
[2023-11-16T16:46:17.454Z]           Python Debug              On
[2023-11-16T16:46:17.454Z]           CMake generator           Ninja
[2023-11-16T16:46:17.454Z]           Build arguments           ['-DCMAKE_MAKE_PROGRAM=/local/S/jenkins/workspace/shared/Artifactory/Linux/ninja/1.10.2/9ab399b/ninja', '-DPYTHON_INCLUDE_DIR=/local/S/jenkins/workspace/shared/Artifactory/Linux/rundev-master-debug/202310260154/runtime/7d60df0/runTime/include/Python310/Python', '-DPython_EXECUTABLE=/local/S/jenkins/workspace/shared/Artifactory/Linux/rundev-master-debug/202310260154/runtime/7d60df0/runTime/bin/mayapy', '-DPYTHON_LIBRARIES=/local/S/jenkins/workspace/shared/Artifactory/Linux/rundev-master-debug/202310260154/runtime/7d60df0/runTime/lib/libpython3.10d.so.1.0', '-DBUILD_WITH_PYTHON_3=ON', '-DBUILD_WITH_PYTHON_3_VERSION=3.10', '-DCMAKE_WANT_MATERIALX_BUILD=ON', '-DCMAKE_PREFIX_PATH=/local/S/jenkins/workspace/shared/Artifactory/Linux/USD/8e4fe45', '-DMAYAHYDRA_BUILD_NUMBER=401', '-DMAYAHYDRA_GIT_COMMIT=2e666b0e615b7aee74291ec1d141fa3458af2970', '-DMAYAHYDRA_GIT_BRANCH=master']
[2023-11-16T16:46:17.454Z]           Stages arguments          ['install']
[2023-11-16T16:46:17.454Z]           CTest arguments           ['--parallel 16']
[2023-11-16T16:46:17.454Z]     Success MayaHydra build and install !!!!
[2023-11-16T16:46:17.454Z]     Elapsed time: 00:00:00
[Pipeline] sh
[2023-11-16T16:46:18.879Z] + scl enable gcc-toolset-11 -
[2023-11-16T16:46:18.880Z] + '[' enable = load -o enable = unload ']'
[2023-11-16T16:46:18.880Z] + /usr/bin/scl enable gcc-toolset-11 -
[2023-11-16T16:46:18.880Z] python ecg-maya-hydra/build.py --stages=install --workspace-dir=/local/S/jenkins/workspace/ECP/ecg-maya-hydra/ecg-maya-hydra-branch-preflight-python3-linux --artifactory-dir=/local/S/jenkins/workspace/shared/Artifactory --build-dir=/local/S/jenkins/workspace/ECP/ecg-maya-hydra/ecg-maya-hydra-branch-preflight-python3-linux/build --install-dir=/local/S/jenkins/workspace/ECP/ecg-maya-hydra/ecg-maya-hydra-branch-preflight-python3-linux/install --signing-dir=/local/S/jenkins/workspace/ECP/ecg-maya-hydra/ecg-maya-hydra-branch-preflight-python3-linux/signing --package-dir=/local/S/jenkins/workspace/ECP/ecg-maya-hydra/ecg-maya-hydra-branch-preflight-python3-linux/package --output-dir=/local/S/jenkins/workspace/ECP/ecg-maya-hydra/ecg-maya-hydra-branch-preflight-python3-linux/output --stash-dir=/local/S/jenkins/workspace/ECP/ecg-maya-hydra/ecg-maya-hydra-branch-preflight-python3-linux/stash --jenkins-build=401 --git-commit=2e666b0e615b7aee74291ec1d141fa3458af2970 --git-branch=master --variants=RelWithDebInfo --interactive-tests=true --post-zips=false --osx-binary-architecture-target=ub2 --osx-deployment-target=11.0 --osx-base-sdk=CurrentActiveSDK --maya-cut-config=maya-rundev-master.yaml --maya-package=rundev-master --stage-banner
[2023-11-16T16:46:18.880Z] Using Maya cut from /local/S/jenkins/workspace/shared/Artifactory/Linux/rundev-master/202311060140/runtime/33fa670
[2023-11-16T16:46:18.880Z] 
[2023-11-16T16:46:18.880Z] ================================================================================
[2023-11-16T16:46:18.880Z]                             install (RelWithDebInfo)
[2023-11-16T16:46:18.880Z] ================================================================================
[2023-11-16T16:46:18.880Z] Maya Python RelWithDebInfo Info:
[2023-11-16T16:46:18.880Z]   mayapy executable   = /local/S/jenkins/workspace/shared/Artifactory/Linux/rundev-master/202311060140/runtime/33fa670/runTime/bin/mayapy
[2023-11-16T16:46:18.880Z]   Include Folder      = /local/S/jenkins/workspace/shared/Artifactory/Linux/rundev-master/202311060140/runtime/33fa670/runTime/include/Python310/Python
[2023-11-16T16:46:18.880Z]   Library             = /local/S/jenkins/workspace/shared/Artifactory/Linux/rundev-master/202311060140/runtime/33fa670/runTime/lib/libpython3.10.so.1.0
[2023-11-16T16:46:18.880Z]   site-package Folder = /local/S/jenkins/workspace/shared/Artifactory/Linux/rundev-master/202311060140/runtime/33fa670/runTime/lib/python3.10/site-packages
[2023-11-16T16:46:19.420Z] In workdir: /home/S/jenkins/workspace/ECP/ecg-maya-hydra/ecg-maya-hydra-branch-preflight-python3-linux/ecg-maya-hydra/maya-hydra
[2023-11-16T16:46:19.420Z] Executing: /local/S/jenkins/workspace/shared/Artifactory/Linux/rundev-master/202311060140/runtime/33fa670/runTime/bin/mayapy /home/S/jenkins/workspace/ECP/ecg-maya-hydra/ecg-maya-hydra-branch-preflight-python3-linux/ecg-maya-hydra/maya-hydra/build.py --generator Ninja --build-relwithdebug --maya-location /local/S/jenkins/workspace/shared/Artifactory/Linux/rundev-master/202311060140/runtime/33fa670/runTime --devkit-location /local/S/jenkins/workspace/shared/Artifactory/Linux/rundev-master/202311060140/runtime/33fa670/devkitBase --pxrusd-location /local/S/jenkins/workspace/shared/Artifactory/Linux/USD/13e6029 --build-args=-DCMAKE_MAKE_PROGRAM=/local/S/jenkins/workspace/shared/Artifactory/Linux/ninja/1.10.2/9ab399b/ninja,-DPYTHON_INCLUDE_DIR=/local/S/jenkins/workspace/shared/Artifactory/Linux/rundev-master/202311060140/runtime/33fa670/runTime/include/Python310/Python,-DPython_EXECUTABLE=/local/S/jenkins/workspace/shared/Artifactory/Linux/rundev-master/202311060140/runtime/33fa670/runTime/bin/mayapy,-DPYTHON_LIBRARIES=/local/S/jenkins/workspace/shared/Artifactory/Linux/rundev-master/202311060140/runtime/33fa670/runTime/lib/libpython3.10.so.1.0,-DBUILD_WITH_PYTHON_3=ON,-DBUILD_WITH_PYTHON_3_VERSION=3.10,-DCMAKE_WANT_MATERIALX_BUILD=ON,-DCMAKE_PREFIX_PATH=/local/S/jenkins/workspace/shared/Artifactory/Linux/USD/13e6029,-DMAYAHYDRA_BUILD_NUMBER=401,-DMAYAHYDRA_GIT_COMMIT=2e666b0e615b7aee74291ec1d141fa3458af2970,-DMAYAHYDRA_GIT_BRANCH=master '--ctest-args=--parallel 16' --stages=install --redirect-outstream-file=False --install-location /local/S/jenkins/workspace/ECP/ecg-maya-hydra/ecg-maya-hydra-branch-preflight-python3-linux/install/RelWithDebInfo/MayaHydra /local/S/jenkins/workspace/ECP/ecg-maya-hydra/ecg-maya-hydra-branch-preflight-python3-linux
[2023-11-16T16:46:19.420Z] Modified environment variables:
[2023-11-16T16:46:19.420Z]     LD_LIBRARY_PATH=/opt/rh/gcc-toolset-11/root/usr/lib64:/opt/rh/gcc-toolset-11/root/usr/lib64:/opt/rh/gcc-toolset-11/root/usr/lib:/opt/rh/gcc-toolset-11/root/usr/lib64/dyninst:/opt/rh/gcc-toolset-11/root/usr/lib/dyninst
[2023-11-16T16:46:19.420Z]     PATH=/local/S/jenkins/workspace/shared/Artifactory/Linux/cmake/3.20.3/ab685d7/bin:/opt/rh/gcc-toolset-11/root/usr/bin:/home/administrator/.local/bin:/home/administrator/bin:/usr/share/Modules/bin:/usr/local/bin:/usr/local/sbin:/usr/bin:/usr/sbin
[2023-11-16T16:46:19.420Z]     [0/1] Install the project...
[2023-11-16T16:46:19.420Z]     -- Install configuration: "RelWithDebInfo"
[2023-11-16T16:46:19.420Z]     -- Set runtime path of "/local/S/jenkins/workspace/ECP/ecg-maya-hydra/ecg-maya-hydra-branch-preflight-python3-linux/install/RelWithDebInfo/MayaHydra/lib/maya/mayaHydraCppTests.so" to "$ORIGIN/../gtest:/local/S/jenkins/workspace/shared/Artifactory/Linux/USD/13e6029/lib:/local/S/jenkins/workspace/shared/Artifactory/Linux/rundev-master/202311060140/runtime/33fa670/devkitBase/devkit/ufe/lib:/local/S/jenkins/workspace/shared/Artifactory/Linux/rundev-master/202311060140/runtime/33fa670/runTime/lib"
[2023-11-16T16:46:19.420Z]     -- Set runtime path of "/local/S/jenkins/workspace/ECP/ecg-maya-hydra/ecg-maya-hydra-branch-preflight-python3-linux/install/RelWithDebInfo/MayaHydra/lib/maya/mayaHydra.so" to "$ORIGIN/../../../../../../../../../../../../home/S/jenkins/workspace/shared/Artifactory/Linux/USD/13e6029/lib:$ORIGIN/..:/local/S/jenkins/workspace/shared/Artifactory/Linux/rundev-master/202311060140/runtime/33fa670/devkitBase/devkit/ufe/lib:/local/S/jenkins/workspace/shared/Artifactory/Linux/USD/13e6029/lib:/local/S/jenkins/workspace/shared/Artifactory/Linux/rundev-master/202311060140/runtime/33fa670/runTime/lib"
[2023-11-16T16:46:19.420Z]     -- Set runtime path of "/local/S/jenkins/workspace/ECP/ecg-maya-hydra/ecg-maya-hydra-branch-preflight-python3-linux/install/RelWithDebInfo/MayaHydra/lib/libmayaHydraLib.so" to ""
[2023-11-16T16:46:19.420Z]     -- Set runtime path of "/local/S/jenkins/workspace/ECP/ecg-maya-hydra/ecg-maya-hydra-branch-preflight-python3-linux/install/RelWithDebInfo/MayaHydra/lib/libufeExtensions.so" to ""
[2023-11-16T16:46:19.420Z]     -- Set runtime path of "/local/S/jenkins/workspace/ECP/ecg-maya-hydra/ecg-maya-hydra-branch-preflight-python3-linux/install/RelWithDebInfo/MayaHydra/lib/libflowViewport.so" to ""
[2023-11-16T16:46:19.639Z]     -- Set runtime path of "/local/S/jenkins/workspace/ECP/ecg-maya-hydra/ecg-maya-hydra-branch-preflight-python3-linux/install/RelWithDebInfo/MayaHydra/lib/libadskHydraSceneBrowser.so" to ""
[2023-11-16T16:46:19.639Z]     -- Set runtime path of "/local/S/jenkins/workspace/ECP/ecg-maya-hydra/ecg-maya-hydra-branch-preflight-python3-linux/install/RelWithDebInfo/MayaHydra/lib/libadskHydraSceneBrowserTesting.so" to "$ORIGIN/gtest:/local/S/jenkins/workspace/shared/Artifactory/Linux/USD/13e6029/lib:/local/S/jenkins/workspace/shared/Artifactory/Linux/rundev-master/202311060140/runtime/33fa670/devkitBase/Qt/lib"
[2023-11-16T16:46:19.639Z]     -- Set runtime path of "/local/S/jenkins/workspace/ECP/ecg-maya-hydra/ecg-maya-hydra-branch-preflight-python3-linux/install/RelWithDebInfo/MayaHydra/lib/maya/mayaHydraSceneBrowser.so" to "$ORIGIN/..:/local/S/jenkins/workspace/shared/Artifactory/Linux/USD/13e6029/lib:/local/S/jenkins/workspace/shared/Artifactory/Linux/rundev-master/202311060140/runtime/33fa670/devkitBase/devkit/ufe/lib:/local/S/jenkins/workspace/shared/Artifactory/Linux/rundev-master/202311060140/runtime/33fa670/devkitBase/Qt/lib:/local/S/jenkins/workspace/shared/Artifactory/Linux/rundev-master/202311060140/runtime/33fa670/runTime/lib"
[2023-11-16T16:46:19.639Z]     -- Set runtime path of "/local/S/jenkins/workspace/ECP/ecg-maya-hydra/ecg-maya-hydra-branch-preflight-python3-linux/install/RelWithDebInfo/MayaHydra/lib/maya/mayaHydraSceneBrowserTest.so" to "$ORIGIN/..:$ORIGIN/../gtest:/local/S/jenkins/workspace/shared/Artifactory/Linux/USD/13e6029/lib:/local/S/jenkins/workspace/shared/Artifactory/Linux/rundev-master/202311060140/runtime/33fa670/devkitBase/Qt/lib:/local/S/jenkins/workspace/shared/Artifactory/Linux/rundev-master/202311060140/runtime/33fa670/devkitBase/devkit/ufe/lib:/local/S/jenkins/workspace/shared/Artifactory/Linux/rundev-master/202311060140/runtime/33fa670/runTime/lib"
[2023-11-16T16:46:19.639Z]     
[2023-11-16T16:46:19.639Z]         Building with settings:
[2023-11-16T16:46:19.639Z]           Source directory          /home/S/jenkins/workspace/ECP/ecg-maya-hydra/ecg-maya-hydra-branch-preflight-python3-linux/ecg-maya-hydra/maya-hydra
[2023-11-16T16:46:19.639Z]           Workspace directory       /local/S/jenkins/workspace/ECP/ecg-maya-hydra/ecg-maya-hydra-branch-preflight-python3-linux
[2023-11-16T16:46:19.639Z]           Build directory           /local/S/jenkins/workspace/ECP/ecg-maya-hydra/ecg-maya-hydra-branch-preflight-python3-linux/build/RelWithDebInfo
[2023-11-16T16:46:19.639Z]           Install directory         /local/S/jenkins/workspace/ECP/ecg-maya-hydra/ecg-maya-hydra-branch-preflight-python3-linux/install/RelWithDebInfo/MayaHydra
[2023-11-16T16:46:19.639Z]           Variant                   RelWithDebInfo
[2023-11-16T16:46:19.639Z]           Python Debug              Off
[2023-11-16T16:46:19.639Z]           CMake generator           Ninja
[2023-11-16T16:46:19.639Z]           Build arguments           ['-DCMAKE_MAKE_PROGRAM=/local/S/jenkins/workspace/shared/Artifactory/Linux/ninja/1.10.2/9ab399b/ninja', '-DPYTHON_INCLUDE_DIR=/local/S/jenkins/workspace/shared/Artifactory/Linux/rundev-master/202311060140/runtime/33fa670/runTime/include/Python310/Python', '-DPython_EXECUTABLE=/local/S/jenkins/workspace/shared/Artifactory/Linux/rundev-master/202311060140/runtime/33fa670/runTime/bin/mayapy', '-DPYTHON_LIBRARIES=/local/S/jenkins/workspace/shared/Artifactory/Linux/rundev-master/202311060140/runtime/33fa670/runTime/lib/libpython3.10.so.1.0', '-DBUILD_WITH_PYTHON_3=ON', '-DBUILD_WITH_PYTHON_3_VERSION=3.10', '-DCMAKE_WANT_MATERIALX_BUILD=ON', '-DCMAKE_PREFIX_PATH=/local/S/jenkins/workspace/shared/Artifactory/Linux/USD/13e6029', '-DMAYAHYDRA_BUILD_NUMBER=401', '-DMAYAHYDRA_GIT_COMMIT=2e666b0e615b7aee74291ec1d141fa3458af2970', '-DMAYAHYDRA_GIT_BRANCH=master']
[2023-11-16T16:46:19.639Z]           Stages arguments          ['install']
[2023-11-16T16:46:19.639Z]           CTest arguments           ['--parallel 16']
[2023-11-16T16:46:19.639Z]     Success MayaHydra build and install !!!!
[2023-11-16T16:46:19.639Z]     Elapsed time: 00:00:00
[Pipeline] }
[Pipeline] // withEnv
[Pipeline] }
[Pipeline] // timeout
[Pipeline] }
[Pipeline] // stage
[Pipeline] }
[Pipeline] // timestamps
[Pipeline] timestamps
[Pipeline] {
[Pipeline] stage
[Pipeline] { (Test)
[Pipeline] timeout
[2023-11-16T16:46:19.790Z] Timeout set to expire in 6 hr 0 min
[Pipeline] {
[Pipeline] withEnv
[Pipeline] {
[Pipeline] sh
[2023-11-16T16:46:20.972Z] + scl enable gcc-toolset-11 -
[2023-11-16T16:46:20.972Z] + '[' enable = load -o enable = unload ']'
[2023-11-16T16:46:20.972Z] + /usr/bin/scl enable gcc-toolset-11 -
[2023-11-16T16:46:20.972Z] python ecg-maya-hydra/build.py --stages=test --workspace-dir=/local/S/jenkins/workspace/ECP/ecg-maya-hydra/ecg-maya-hydra-branch-preflight-python3-linux --artifactory-dir=/local/S/jenkins/workspace/shared/Artifactory --build-dir=/local/S/jenkins/workspace/ECP/ecg-maya-hydra/ecg-maya-hydra-branch-preflight-python3-linux/build --install-dir=/local/S/jenkins/workspace/ECP/ecg-maya-hydra/ecg-maya-hydra-branch-preflight-python3-linux/install --signing-dir=/local/S/jenkins/workspace/ECP/ecg-maya-hydra/ecg-maya-hydra-branch-preflight-python3-linux/signing --package-dir=/local/S/jenkins/workspace/ECP/ecg-maya-hydra/ecg-maya-hydra-branch-preflight-python3-linux/package --output-dir=/local/S/jenkins/workspace/ECP/ecg-maya-hydra/ecg-maya-hydra-branch-preflight-python3-linux/output --stash-dir=/local/S/jenkins/workspace/ECP/ecg-maya-hydra/ecg-maya-hydra-branch-preflight-python3-linux/stash --jenkins-build=401 --git-commit=2e666b0e615b7aee74291ec1d141fa3458af2970 --git-branch=master --variants=RelWithDebInfo --interactive-tests=true --post-zips=false --osx-binary-architecture-target=ub2 --osx-deployment-target=11.0 --osx-base-sdk=CurrentActiveSDK --test-jobs=0 --failed-test-retry=3 --maya-cut-config=maya-rundev-master.yaml --maya-package=rundev-master --stage-banner --progressive-timeout
[2023-11-16T16:46:20.972Z] Using Maya cut from /local/S/jenkins/workspace/shared/Artifactory/Linux/rundev-master/202311060140/runtime/33fa670
[2023-11-16T16:46:20.972Z] 
[2023-11-16T16:46:20.972Z] ================================================================================
[2023-11-16T16:46:20.972Z]                              test (RelWithDebInfo)
[2023-11-16T16:46:20.972Z] ================================================================================
[2023-11-16T16:46:20.972Z] Maya Python RelWithDebInfo Info:
[2023-11-16T16:46:20.972Z]   mayapy executable   = /local/S/jenkins/workspace/shared/Artifactory/Linux/rundev-master/202311060140/runtime/33fa670/runTime/bin/mayapy
[2023-11-16T16:46:20.972Z]   Include Folder      = /local/S/jenkins/workspace/shared/Artifactory/Linux/rundev-master/202311060140/runtime/33fa670/runTime/include/Python310/Python
[2023-11-16T16:46:20.972Z]   Library             = /local/S/jenkins/workspace/shared/Artifactory/Linux/rundev-master/202311060140/runtime/33fa670/runTime/lib/libpython3.10.so.1.0
[2023-11-16T16:46:20.972Z]   site-package Folder = /local/S/jenkins/workspace/shared/Artifactory/Linux/rundev-master/202311060140/runtime/33fa670/runTime/lib/python3.10/site-packages
[2023-11-16T16:46:21.513Z] In workdir: /home/S/jenkins/workspace/ECP/ecg-maya-hydra/ecg-maya-hydra-branch-preflight-python3-linux/ecg-maya-hydra/maya-hydra
[2023-11-16T16:46:21.513Z] Executing: /local/S/jenkins/workspace/shared/Artifactory/Linux/rundev-master/202311060140/runtime/33fa670/runTime/bin/mayapy /home/S/jenkins/workspace/ECP/ecg-maya-hydra/ecg-maya-hydra-branch-preflight-python3-linux/ecg-maya-hydra/maya-hydra/build.py --generator Ninja --build-relwithdebug --maya-location /local/S/jenkins/workspace/shared/Artifactory/Linux/rundev-master/202311060140/runtime/33fa670/runTime --devkit-location /local/S/jenkins/workspace/shared/Artifactory/Linux/rundev-master/202311060140/runtime/33fa670/devkitBase --pxrusd-location /local/S/jenkins/workspace/shared/Artifactory/Linux/USD/13e6029 --build-args=-DCMAKE_MAKE_PROGRAM=/local/S/jenkins/workspace/shared/Artifactory/Linux/ninja/1.10.2/9ab399b/ninja,-DPYTHON_INCLUDE_DIR=/local/S/jenkins/workspace/shared/Artifactory/Linux/rundev-master/202311060140/runtime/33fa670/runTime/include/Python310/Python,-DPython_EXECUTABLE=/local/S/jenkins/workspace/shared/Artifactory/Linux/rundev-master/202311060140/runtime/33fa670/runTime/bin/mayapy,-DPYTHON_LIBRARIES=/local/S/jenkins/workspace/shared/Artifactory/Linux/rundev-master/202311060140/runtime/33fa670/runTime/lib/libpython3.10.so.1.0,-DBUILD_WITH_PYTHON_3=ON,-DBUILD_WITH_PYTHON_3_VERSION=3.10,-DCMAKE_WANT_MATERIALX_BUILD=ON,-DCMAKE_PREFIX_PATH=/local/S/jenkins/workspace/shared/Artifactory/Linux/USD/13e6029,-DMAYAHYDRA_BUILD_NUMBER=401,-DMAYAHYDRA_GIT_COMMIT=2e666b0e615b7aee74291ec1d141fa3458af2970,-DMAYAHYDRA_GIT_BRANCH=master '--ctest-args=--parallel 16' --stages=test --redirect-outstream-file=False --install-location /local/S/jenkins/workspace/ECP/ecg-maya-hydra/ecg-maya-hydra-branch-preflight-python3-linux/install/RelWithDebInfo/MayaHydra /local/S/jenkins/workspace/ECP/ecg-maya-hydra/ecg-maya-hydra-branch-preflight-python3-linux
[2023-11-16T16:46:21.513Z] Modified environment variables:
[2023-11-16T16:46:21.513Z]     LD_LIBRARY_PATH=/opt/rh/gcc-toolset-11/root/usr/lib64:/opt/rh/gcc-toolset-11/root/usr/lib64:/opt/rh/gcc-toolset-11/root/usr/lib:/opt/rh/gcc-toolset-11/root/usr/lib64/dyninst:/opt/rh/gcc-toolset-11/root/usr/lib/dyninst
[2023-11-16T16:46:21.513Z]     PATH=/local/S/jenkins/workspace/shared/Artifactory/Linux/cmake/3.20.3/ab685d7/bin:/opt/rh/gcc-toolset-11/root/usr/bin:/home/administrator/.local/bin:/home/administrator/bin:/usr/share/Modules/bin:/usr/local/bin:/usr/local/sbin:/usr/bin:/usr/sbin
[2023-11-16T16:46:21.513Z]     Test project /home/S/jenkins/workspace/ECP/ecg-maya-hydra/ecg-maya-hydra-branch-preflight-python3-linux/build/RelWithDebInfo
[2023-11-16T16:46:21.513Z]           Start  1: _Interactive_Maya
[2023-11-16T16:46:21.513Z]      1/19 Test  #1: _Interactive_Maya ...........................***Not Run (Disabled)   0.00 sec
[2023-11-16T16:46:21.513Z]           Start  2: testImageDiffing
[2023-11-16T16:46:21.513Z]           Start  3: testMtohCommand
[2023-11-16T16:46:21.513Z]           Start  4: testMeshes
[2023-11-16T16:46:21.513Z]           Start  5: testNamespaces
[2023-11-16T16:46:21.513Z]           Start  6: testVisibility
[2023-11-16T16:46:21.513Z]           Start  7: testRendererSwitching
[2023-11-16T16:46:21.513Z]           Start  8: testSceneBrowser
[2023-11-16T16:46:21.513Z]           Start  9: testStageAddPrim
[2023-11-16T16:46:21.513Z]           Start 10: testNewSceneWithStage
[2023-11-16T16:46:21.513Z]           Start 11: testDirectionalLights
[2023-11-16T16:46:21.513Z]           Start 12: testColorPreferences
[2023-11-16T16:46:21.513Z]           Start 13: testCppFramework
[2023-11-16T16:46:21.513Z]           Start 14: testMayaSceneFlattening
[2023-11-16T16:46:21.513Z]           Start 15: testMayaUsdUfeItems
[2023-11-16T16:46:21.513Z]           Start 16: testMergingSceneIndex
[2023-11-16T16:46:21.513Z]           Start 17: testSelectionSceneIndex
[2023-11-16T16:46:35.279Z]      2/19 Test #11: testDirectionalLights .......................   Passed   11.62 sec
[2023-11-16T16:46:35.279Z]           Start 18: testWireframeSelectionHighlightSceneIndex
[2023-11-16T16:46:35.279Z]      3/19 Test  #9: testStageAddPrim ............................   Passed   11.67 sec
[2023-11-16T16:46:35.279Z]           Start 19: testMeshes_meshAdapter
[2023-11-16T16:46:35.279Z]      4/19 Test  #8: testSceneBrowser ............................   Passed   11.71 sec
[2023-11-16T16:46:35.279Z]      5/19 Test #10: testNewSceneWithStage .......................   Passed   11.89 sec
[2023-11-16T16:46:35.279Z]      6/19 Test #15: testMayaUsdUfeItems .........................   Passed   11.94 sec
[2023-11-16T16:46:35.279Z]      7/19 Test  #3: testMtohCommand .............................   Passed   11.99 sec
[2023-11-16T16:46:35.279Z]      8/19 Test #16: testMergingSceneIndex .......................   Passed   12.19 sec
[2023-11-16T16:46:35.279Z]      9/19 Test #14: testMayaSceneFlattening .....................   Passed   12.25 sec
[2023-11-16T16:46:35.279Z]     10/19 Test  #7: testRendererSwitching .......................   Passed   12.30 sec
[2023-11-16T16:46:35.279Z]     11/19 Test #13: testCppFramework ............................   Passed   12.34 sec
[2023-11-16T16:46:35.279Z]     12/19 Test  #4: testMeshes ..................................   Passed   12.56 sec
[2023-11-16T16:46:35.279Z]     13/19 Test #12: testColorPreferences ........................   Passed   12.60 sec
[2023-11-16T16:46:35.279Z]     14/19 Test  #5: testNamespaces ..............................   Passed   12.67 sec
[2023-11-16T16:46:35.279Z]     15/19 Test #17: testSelectionSceneIndex .....................   Passed   12.69 sec
[2023-11-16T16:46:35.279Z]     16/19 Test  #2: testImageDiffing ............................   Passed   13.12 sec
[2023-11-16T16:46:35.279Z]     17/19 Test  #6: testVisibility ..............................   Passed   13.89 sec
[2023-11-16T16:46:39.518Z]     18/19 Test #18: testWireframeSelectionHighlightSceneIndex ...   Passed    6.22 sec
[2023-11-16T16:46:40.063Z]     19/19 Test #19: testMeshes_meshAdapter ......................   Passed    6.59 sec
[2023-11-16T16:46:40.063Z]     
[2023-11-16T16:46:40.063Z]     100% tests passed, 0 tests failed out of 18
[2023-11-16T16:46:40.063Z]     
[2023-11-16T16:46:40.063Z]     Label Time Summary:
[2023-11-16T16:46:40.063Z]     Debugging      =   0.00 sec*proc (1 test)
[2023-11-16T16:46:40.063Z]     interactive    = 210.24 sec*proc (18 tests)
[2023-11-16T16:46:40.063Z]     mayaHydra      = 210.24 sec*proc (18 tests)
[2023-11-16T16:46:40.063Z]     
[2023-11-16T16:46:40.063Z]     Total Test time (real) =  18.27 sec
[2023-11-16T16:46:40.063Z]     
[2023-11-16T16:46:40.063Z]     The following tests did not run:
[2023-11-16T16:46:40.063Z]     	  1 - _Interactive_Maya (Disabled)
[2023-11-16T16:46:40.063Z]     
[2023-11-16T16:46:40.063Z]         Building with settings:
[2023-11-16T16:46:40.063Z]           Source directory          /home/S/jenkins/workspace/ECP/ecg-maya-hydra/ecg-maya-hydra-branch-preflight-python3-linux/ecg-maya-hydra/maya-hydra
[2023-11-16T16:46:40.063Z]           Workspace directory       /local/S/jenkins/workspace/ECP/ecg-maya-hydra/ecg-maya-hydra-branch-preflight-python3-linux
[2023-11-16T16:46:40.063Z]           Build directory           /local/S/jenkins/workspace/ECP/ecg-maya-hydra/ecg-maya-hydra-branch-preflight-python3-linux/build/RelWithDebInfo
[2023-11-16T16:46:40.063Z]           Install directory         /local/S/jenkins/workspace/ECP/ecg-maya-hydra/ecg-maya-hydra-branch-preflight-python3-linux/install/RelWithDebInfo/MayaHydra
[2023-11-16T16:46:40.063Z]           Variant                   RelWithDebInfo
[2023-11-16T16:46:40.063Z]           Python Debug              Off
[2023-11-16T16:46:40.063Z]           CMake generator           Ninja
[2023-11-16T16:46:40.063Z]           Build arguments           ['-DCMAKE_MAKE_PROGRAM=/local/S/jenkins/workspace/shared/Artifactory/Linux/ninja/1.10.2/9ab399b/ninja', '-DPYTHON_INCLUDE_DIR=/local/S/jenkins/workspace/shared/Artifactory/Linux/rundev-master/202311060140/runtime/33fa670/runTime/include/Python310/Python', '-DPython_EXECUTABLE=/local/S/jenkins/workspace/shared/Artifactory/Linux/rundev-master/202311060140/runtime/33fa670/runTime/bin/mayapy', '-DPYTHON_LIBRARIES=/local/S/jenkins/workspace/shared/Artifactory/Linux/rundev-master/202311060140/runtime/33fa670/runTime/lib/libpython3.10.so.1.0', '-DBUILD_WITH_PYTHON_3=ON', '-DBUILD_WITH_PYTHON_3_VERSION=3.10', '-DCMAKE_WANT_MATERIALX_BUILD=ON', '-DCMAKE_PREFIX_PATH=/local/S/jenkins/workspace/shared/Artifactory/Linux/USD/13e6029', '-DMAYAHYDRA_BUILD_NUMBER=401', '-DMAYAHYDRA_GIT_COMMIT=2e666b0e615b7aee74291ec1d141fa3458af2970', '-DMAYAHYDRA_GIT_BRANCH=master']
[2023-11-16T16:46:40.063Z]           Stages arguments          ['test']
[2023-11-16T16:46:40.063Z]           CTest arguments           ['--parallel 16']
[2023-11-16T16:46:40.063Z]     Success running MayaHydra tests !!!!
[Pipeline] }
[Pipeline] // withEnv
[Pipeline] }
[Pipeline] // timeout
[Pipeline] }
[Pipeline] // stage
[Pipeline] }
[Pipeline] // timestamps
[Pipeline] timestamps
[Pipeline] {
[Pipeline] stage
[Pipeline] { (Cleanup)
[Pipeline] timeout
[2023-11-16T16:46:40.419Z] Timeout set to expire in 6 hr 0 min
[Pipeline] {
[Pipeline] withEnv
[Pipeline] {
[Pipeline] sh
[2023-11-16T16:46:41.539Z] + scl enable gcc-toolset-11 -
[2023-11-16T16:46:41.539Z] + '[' enable = load -o enable = unload ']'
[2023-11-16T16:46:41.539Z] + /usr/bin/scl enable gcc-toolset-11 -
[2023-11-16T16:46:41.539Z] python ecg-maya-hydra/build.py --stages=cleanup --workspace-dir=/local/S/jenkins/workspace/ECP/ecg-maya-hydra/ecg-maya-hydra-branch-preflight-python3-linux --artifactory-dir=/local/S/jenkins/workspace/shared/Artifactory --build-dir=/local/S/jenkins/workspace/ECP/ecg-maya-hydra/ecg-maya-hydra-branch-preflight-python3-linux/build --install-dir=/local/S/jenkins/workspace/ECP/ecg-maya-hydra/ecg-maya-hydra-branch-preflight-python3-linux/install --signing-dir=/local/S/jenkins/workspace/ECP/ecg-maya-hydra/ecg-maya-hydra-branch-preflight-python3-linux/signing --package-dir=/local/S/jenkins/workspace/ECP/ecg-maya-hydra/ecg-maya-hydra-branch-preflight-python3-linux/package --output-dir=/local/S/jenkins/workspace/ECP/ecg-maya-hydra/ecg-maya-hydra-branch-preflight-python3-linux/output --stash-dir=/local/S/jenkins/workspace/ECP/ecg-maya-hydra/ecg-maya-hydra-branch-preflight-python3-linux/stash --jenkins-build=401 --git-commit=2e666b0e615b7aee74291ec1d141fa3458af2970 --git-branch=master --variants=Debug --interactive-tests=true --post-zips=false --osx-binary-architecture-target=ub2 --osx-deployment-target=11.0 --osx-base-sdk=CurrentActiveSDK --maya-cut-config=maya-rundev-master-debug.yaml --maya-package=rundev-master-debug --stage-banner
[2023-11-16T16:46:41.539Z] Using Maya cut from /local/S/jenkins/workspace/shared/Artifactory/Linux/rundev-master-debug/202310260154/runtime/7d60df0
[2023-11-16T16:46:41.539Z] 
[2023-11-16T16:46:41.539Z] ================================================================================
[2023-11-16T16:46:41.539Z]                                cleanup (Finalize)
[2023-11-16T16:46:41.539Z] ================================================================================
[2023-11-16T16:46:41.539Z] Cleaning up workspace
[2023-11-16T16:46:41.539Z] Removing directory: /local/S/jenkins/workspace/ECP/ecg-maya-hydra/ecg-maya-hydra-branch-preflight-python3-linux/build
[2023-11-16T16:46:41.539Z] Removing directory: /local/S/jenkins/workspace/ECP/ecg-maya-hydra/ecg-maya-hydra-branch-preflight-python3-linux/install
[Pipeline] sh
[2023-11-16T16:46:42.864Z] + scl enable gcc-toolset-11 -
[2023-11-16T16:46:42.864Z] + '[' enable = load -o enable = unload ']'
[2023-11-16T16:46:42.864Z] + /usr/bin/scl enable gcc-toolset-11 -
[2023-11-16T16:46:42.864Z] python ecg-maya-hydra/build.py --stages=cleanup --workspace-dir=/local/S/jenkins/workspace/ECP/ecg-maya-hydra/ecg-maya-hydra-branch-preflight-python3-linux --artifactory-dir=/local/S/jenkins/workspace/shared/Artifactory --build-dir=/local/S/jenkins/workspace/ECP/ecg-maya-hydra/ecg-maya-hydra-branch-preflight-python3-linux/build --install-dir=/local/S/jenkins/workspace/ECP/ecg-maya-hydra/ecg-maya-hydra-branch-preflight-python3-linux/install --signing-dir=/local/S/jenkins/workspace/ECP/ecg-maya-hydra/ecg-maya-hydra-branch-preflight-python3-linux/signing --package-dir=/local/S/jenkins/workspace/ECP/ecg-maya-hydra/ecg-maya-hydra-branch-preflight-python3-linux/package --output-dir=/local/S/jenkins/workspace/ECP/ecg-maya-hydra/ecg-maya-hydra-branch-preflight-python3-linux/output --stash-dir=/local/S/jenkins/workspace/ECP/ecg-maya-hydra/ecg-maya-hydra-branch-preflight-python3-linux/stash --jenkins-build=401 --git-commit=2e666b0e615b7aee74291ec1d141fa3458af2970 --git-branch=master --variants=RelWithDebInfo --interactive-tests=true --post-zips=false --osx-binary-architecture-target=ub2 --osx-deployment-target=11.0 --osx-base-sdk=CurrentActiveSDK --maya-cut-config=maya-rundev-master.yaml --maya-package=rundev-master --stage-banner
[2023-11-16T16:46:42.864Z] Using Maya cut from /local/S/jenkins/workspace/shared/Artifactory/Linux/rundev-master/202311060140/runtime/33fa670
[2023-11-16T16:46:42.864Z] 
[2023-11-16T16:46:42.864Z] ================================================================================
[2023-11-16T16:46:42.864Z]                                cleanup (Finalize)
[2023-11-16T16:46:42.864Z] ================================================================================
[2023-11-16T16:46:42.864Z] Cleaning up workspace
[Pipeline] }
[Pipeline] // withEnv
[Pipeline] }
[Pipeline] // timeout
[Pipeline] }
[Pipeline] // stage
[Pipeline] }
[Pipeline] // timestamps
[Pipeline] }
[Pipeline] // node
[Pipeline] End of Pipeline
[Checks API] No suitable checks publisher found.
Finished: SUCCESS
