[2023-11-16T19:19:31.232Z] ================================================================================
[2023-11-16T19:19:31.232Z]                                  setup (Debug)
[2023-11-16T19:19:31.232Z] ================================================================================
[2023-11-16T19:19:31.232Z] Installing license file 'melicense.lic'.
[Pipeline] sh
[2023-11-16T19:19:32.546Z] + scl enable gcc-toolset-11 -
[2023-11-16T19:19:32.546Z] + '[' enable = load -o enable = unload ']'
[2023-11-16T19:19:32.546Z] + /usr/bin/scl enable gcc-toolset-11 -
[2023-11-16T19:19:32.546Z] python ecg-maya-hydra/build.py --stages=setup --workspace-dir=/local/S/jenkins/workspace/ECP/ecg-maya-hydra/ecg-maya-hydra-branch-preflight-python3-linux --artifactory-dir=/local/S/jenkins/workspace/shared/Artifactory --build-dir=/local/S/jenkins/workspace/ECP/ecg-maya-hydra/ecg-maya-hydra-branch-preflight-python3-linux/build --install-dir=/local/S/jenkins/workspace/ECP/ecg-maya-hydra/ecg-maya-hydra-branch-preflight-python3-linux/install --signing-dir=/local/S/jenkins/workspace/ECP/ecg-maya-hydra/ecg-maya-hydra-branch-preflight-python3-linux/signing --package-dir=/local/S/jenkins/workspace/ECP/ecg-maya-hydra/ecg-maya-hydra-branch-preflight-python3-linux/package --output-dir=/local/S/jenkins/workspace/ECP/ecg-maya-hydra/ecg-maya-hydra-branch-preflight-python3-linux/output --stash-dir=/local/S/jenkins/workspace/ECP/ecg-maya-hydra/ecg-maya-hydra-branch-preflight-python3-linux/stash --jenkins-build=402 --git-commit=86220da922b9bf375540f17e48f7cae1dbba339c --git-branch=master --variants=RelWithDebInfo --interactive-tests=true --post-zips=false --osx-binary-architecture-target=ub2 --osx-deployment-target=11.0 --osx-base-sdk=CurrentActiveSDK --extra-license-file=ecg-maya-hydra/jenkins-o03-cot/melicense.lic --prune-versions=3 --prune-revisions=3 --maya-cut-config=maya-rundev-master.yaml --maya-package=rundev-master --stage-banner --prune-artifacts --force-pruning
[2023-11-16T19:19:32.546Z] Getting rundev-master download URL from Maya SHA-1 hash
[2023-11-16T19:19:32.546Z] Finding Artifactory servers response times
[2023-11-16T19:19:35.029Z] [VERBOSE] Start loading URL (CURL): https://art-bear.autodesk.com/artifactory/api/system/ping
[2023-11-16T19:19:35.029Z] [DEBUG] Running: /usr/bin/curl -s -X GET --keepalive-time 10 --connect-timeout 60 --speed-limit 10000 --speed-time 120 --max-time 3600 --retry 5 --retry-max-time 2400 -H Connection:close https://art-bear.autodesk.com/artifactory/api/system/ping
[2023-11-16T19:19:35.029Z] [DEBUG] Output:
[2023-11-16T19:19:35.029Z] OK
[2023-11-16T19:19:35.029Z] [VERBOSE] End loading URL (CURL): https://art-bear.autodesk.com/artifactory/api/system/ping
[2023-11-16T19:19:35.029Z] [VERBOSE] Start loading URL (CURL): https://art-marmotte.autodesk.com/artifactory/api/system/ping
[2023-11-16T19:19:35.029Z] [DEBUG] Running: /usr/bin/curl -s -X GET --keepalive-time 10 --connect-timeout 60 --speed-limit 10000 --speed-time 120 --max-time 3600 --retry 5 --retry-max-time 2400 -H Connection:close https://art-marmotte.autodesk.com/artifactory/api/system/ping
[2023-11-16T19:19:35.029Z] [DEBUG] Output:
[2023-11-16T19:19:35.029Z] OK
[2023-11-16T19:19:35.029Z] [VERBOSE] End loading URL (CURL): https://art-marmotte.autodesk.com/artifactory/api/system/ping
[2023-11-16T19:19:35.029Z] [VERBOSE] Start loading URL (CURL): https://art-bobcat.autodesk.com/artifactory/api/system/ping
[2023-11-16T19:19:35.029Z] [DEBUG] Running: /usr/bin/curl -s -X GET --keepalive-time 10 --connect-timeout 60 --speed-limit 10000 --speed-time 120 --max-time 3600 --retry 5 --retry-max-time 2400 -H Connection:close https://art-bobcat.autodesk.com/artifactory/api/system/ping
[2023-11-16T19:19:35.029Z] [DEBUG] Output:
[2023-11-16T19:19:35.029Z] OK
[2023-11-16T19:19:35.030Z] [VERBOSE] End loading URL (CURL): https://art-bobcat.autodesk.com/artifactory/api/system/ping
[2023-11-16T19:19:35.030Z] [VERBOSE] Start loading URL (CURL): https://art-bear.autodesk.com/artifactory/api/search/checksum?repos=autodesk-3p-generic,adsk-build-tools-generic,team-ecg-generic,team-maya-generic,oss-stg-generic&sha1=33fa670efb8a2e6e0fe7cf43f43781754a0452be
[2023-11-16T19:19:35.030Z] [DEBUG] Running: /usr/bin/curl -s -X GET --keepalive-time 10 --connect-timeout 60 --speed-limit 10000 --speed-time 120 --max-time 3600 --retry 5 --retry-max-time 2400 -H Connection:close -H Authorization:Basic ZWNnYmlmcm9zdDpvcGUqKjAw https://art-bear.autodesk.com/artifactory/api/search/checksum?repos=autodesk-3p-generic,adsk-build-tools-generic,team-ecg-generic,team-maya-generic,oss-stg-generic&sha1=33fa670efb8a2e6e0fe7cf43f43781754a0452be
[2023-11-16T19:19:35.030Z] [DEBUG] Output:
[2023-11-16T19:19:35.030Z] {
[2023-11-16T19:19:35.030Z]   "results" : [ {
[2023-11-16T19:19:35.030Z]     "uri" : "https://art-bear.autodesk.com:443/artifactory/api/storage/team-maya-generic/Maya/master/plnx/2023-11-06-01-40_068e1a5022/202311060140-068e1a5022-RUNDEV.tgz"
[2023-11-16T19:19:35.030Z]   } ]
[2023-11-16T19:19:35.030Z] }
[2023-11-16T19:19:35.030Z] [VERBOSE] End loading URL (CURL): https://art-bear.autodesk.com/artifactory/api/search/checksum?repos=autodesk-3p-generic,adsk-build-tools-generic,team-ecg-generic,team-maya-generic,oss-stg-generic&sha1=33fa670efb8a2e6e0fe7cf43f43781754a0452be
[2023-11-16T19:19:35.030Z] [VERBOSE] Start loading URL (CURL): https://art-bear.autodesk.com:443/artifactory/api/storage/team-maya-generic/Maya/master/plnx/2023-11-06-01-40_068e1a5022/202311060140-068e1a5022-RUNDEV.tgz
[2023-11-16T19:19:35.030Z] [DEBUG] Running: /usr/bin/curl -s -X GET --keepalive-time 10 --connect-timeout 60 --speed-limit 10000 --speed-time 120 --max-time 3600 --retry 5 --retry-max-time 2400 -H Connection:close -H Authorization:Basic ZWNnYmlmcm9zdDpvcGUqKjAw https://art-bear.autodesk.com:443/artifactory/api/storage/team-maya-generic/Maya/master/plnx/2023-11-06-01-40_068e1a5022/202311060140-068e1a5022-RUNDEV.tgz
[2023-11-16T19:19:35.030Z] [DEBUG] Output:
[2023-11-16T19:19:35.030Z] {
[2023-11-16T19:19:35.030Z]   "repo" : "team-maya-generic",
[2023-11-16T19:19:35.030Z]   "path" : "/Maya/master/plnx/2023-11-06-01-40_068e1a5022/202311060140-068e1a5022-RUNDEV.tgz",
[2023-11-16T19:19:35.030Z]   "created" : "2023-11-06T06:08:42.594-05:00",
[2023-11-16T19:19:35.030Z]   "createdBy" : "token:art-bear.autodesk.com",
[2023-11-16T19:19:35.030Z]   "lastModified" : "2023-11-06T06:08:42.586-05:00",
[2023-11-16T19:19:35.030Z]   "modifiedBy" : "token:art-bear.autodesk.com",
[2023-11-16T19:19:35.030Z]   "lastUpdated" : "2023-11-06T06:08:42.595-05:00",
[2023-11-16T19:19:35.030Z]   "downloadUri" : "https://art-bear.autodesk.com:443/artifactory/team-maya-generic/Maya/master/plnx/2023-11-06-01-40_068e1a5022/202311060140-068e1a5022-RUNDEV.tgz",
[2023-11-16T19:19:35.030Z]   "mimeType" : "application/x-gzip",
[2023-11-16T19:19:35.030Z]   "size" : "2638320878",
[2023-11-16T19:19:35.030Z]   "checksums" : {
[2023-11-16T19:19:35.030Z]     "sha1" : "33fa670efb8a2e6e0fe7cf43f43781754a0452be",
[2023-11-16T19:19:35.030Z]     "md5" : "b1b7b29034b5d3c2e8db81b177964673",
[2023-11-16T19:19:35.030Z]     "sha256" : "140f43d5f3a0a154fad2afe7cb7c09843019dfc72124c0e6e13f2e00c6808fd8"
[2023-11-16T19:19:35.030Z]   },
[2023-11-16T19:19:35.030Z]   "originalChecksums" : {
[2023-11-16T19:19:35.030Z]     "sha1" : "33fa670efb8a2e6e0fe7cf43f43781754a0452be",
[2023-11-16T19:19:35.030Z]     "md5" : "b1b7b29034b5d3c2e8db81b177964673",
[2023-11-16T19:19:35.030Z]     "sha256" : "140f43d5f3a0a154fad2afe7cb7c09843019dfc72124c0e6e13f2e00c6808fd8"
[2023-11-16T19:19:35.030Z]   },
[2023-11-16T19:19:35.030Z]   "uri" : "https://art-bear.autodesk.com:443/artifactory/api/storage/team-maya-generic/Maya/master/plnx/2023-11-06-01-40_068e1a5022/202311060140-068e1a5022-RUNDEV.tgz"
[2023-11-16T19:19:35.030Z] }
[2023-11-16T19:19:35.030Z] [VERBOSE] End loading URL (CURL): https://art-bear.autodesk.com:443/artifactory/api/storage/team-maya-generic/Maya/master/plnx/2023-11-06-01-40_068e1a5022/202311060140-068e1a5022-RUNDEV.tgz
[2023-11-16T19:19:35.030Z] Using Maya cut from /local/S/jenkins/workspace/shared/Artifactory/Linux/rundev-master/202311060140/runtime/33fa670
[2023-11-16T19:19:35.030Z] Pruning artifacts in /local/S/jenkins/workspace/shared/Artifactory/Linux
[2023-11-16T19:19:35.030Z] The following artifact versions will be pruned:
[2023-11-16T19:19:35.030Z] 	rundev-master-debug/202310260154
[2023-11-16T19:19:35.030Z] Removing directory: /local/S/jenkins/workspace/shared/Artifactory/Linux/rundev-master-debug/202310260154
[2023-11-16T19:19:37.510Z] [VERBOSE] Start loading URL (CURL): https://art-bear.autodesk.com:443/artifactory/api/storage/team-maya-generic/Maya/master/plnx/2023-11-06-01-40_068e1a5022/202311060140-068e1a5022-RUNDEV.tgz.multipart
[2023-11-16T19:19:37.511Z] [DEBUG] Running: /usr/bin/curl -s -X GET --keepalive-time 10 --connect-timeout 60 --speed-limit 10000 --speed-time 120 --max-time 3600 --retry 5 --retry-max-time 2400 -H Connection:close -H Authorization:Basic ZWNnYmlmcm9zdDpvcGUqKjAw https://art-bear.autodesk.com:443/artifactory/api/storage/team-maya-generic/Maya/master/plnx/2023-11-06-01-40_068e1a5022/202311060140-068e1a5022-RUNDEV.tgz.multipart
[2023-11-16T19:19:37.511Z] [DEBUG] Output:
[2023-11-16T19:19:37.511Z] {
[2023-11-16T19:19:37.511Z]   "errors" : [ {
[2023-11-16T19:19:37.511Z]     "status" : 404,
[2023-11-16T19:19:37.511Z]     "message" : "Unable to find item"
[2023-11-16T19:19:37.511Z]   } ]
[2023-11-16T19:19:37.511Z] }
[2023-11-16T19:19:37.511Z] [VERBOSE] End loading URL (CURL): https://art-bear.autodesk.com:443/artifactory/api/storage/team-maya-generic/Maya/master/plnx/2023-11-06-01-40_068e1a5022/202311060140-068e1a5022-RUNDEV.tgz.multipart
[2023-11-16T19:19:37.511Z] Downloading https://art-bear.autodesk.com:443/artifactory/team-maya-generic/Maya/master/plnx/2023-11-06-01-40_068e1a5022/202311060140-068e1a5022-RUNDEV.tgz to /local/S/jenkins/workspace/shared/Artifactory/Linux/tmp/tmplkyw4w9c
[2023-11-16T19:19:37.511Z] [VERBOSE] Start downloading file (CURL): https://art-bear.autodesk.com:443/artifactory/team-maya-generic/Maya/master/plnx/2023-11-06-01-40_068e1a5022/202311060140-068e1a5022-RUNDEV.tgz
[2023-11-16T19:19:37.511Z] [DEBUG] Running: /usr/bin/curl -sI -X GET --keepalive-time 10 --connect-timeout 60 --speed-limit 10000 --speed-time 120 --max-time 3600 --retry 5 --retry-max-time 2400 -H Connection:close -H Authorization:Basic ZWNnYmlmcm9zdDpvcGUqKjAw https://art-bear.autodesk.com:443/artifactory/team-maya-generic/Maya/master/plnx/2023-11-06-01-40_068e1a5022/202311060140-068e1a5022-RUNDEV.tgz
[2023-11-16T19:19:37.511Z] [DEBUG] Header:
[2023-11-16T19:19:37.511Z] HTTP/1.1 200 
[2023-11-16T19:19:37.511Z] Date: Thu, 16 Nov 2023 19:19:36 GMT
[2023-11-16T19:19:37.511Z] Content-Type: application/x-gzip
[2023-11-16T19:19:37.511Z] Content-Length: 2638320878
[2023-11-16T19:19:37.511Z] Connection: close
[2023-11-16T19:19:37.511Z] X-JFrog-Version: Artifactory/7.55.9 75509900
[2023-11-16T19:19:37.511Z] X-Artifactory-Id: b34d77a078656c59:3eb030b6:18a7ab126d6:-8000
[2023-11-16T19:19:37.511Z] X-Artifactory-Node-Id: uscrlpdrsync006.autodesk.com
[2023-11-16T19:19:37.511Z] Last-Modified: Mon, 06 Nov 2023 11:08:42 GMT
[2023-11-16T19:19:37.511Z] ETag: 33fa670efb8a2e6e0fe7cf43f43781754a0452be
[2023-11-16T19:19:37.511Z] X-Checksum-Sha1: 33fa670efb8a2e6e0fe7cf43f43781754a0452be
[2023-11-16T19:19:37.511Z] X-Checksum-Sha256: 140f43d5f3a0a154fad2afe7cb7c09843019dfc72124c0e6e13f2e00c6808fd8
[2023-11-16T19:19:37.511Z] X-Checksum-Md5: b1b7b29034b5d3c2e8db81b177964673
[2023-11-16T19:19:37.511Z] Accept-Ranges: bytes
[2023-11-16T19:19:37.511Z] X-Artifactory-Filename: 202311060140-068e1a5022-RUNDEV.tgz
[2023-11-16T19:19:37.511Z] Content-Disposition: attachment; filename="202311060140-068e1a5022-RUNDEV.tgz"; filename*=UTF-8''"202311060140-068e1a5022-RUNDEV.tgz"
[2023-11-16T19:19:37.511Z] [DEBUG] Running: /usr/bin/curl --progress-bar -X GET --keepalive-time 10 --connect-timeout 60 --speed-limit 10000 --speed-time 120 --max-time 3600 --retry 5 --retry-max-time 2400 -H Connection:close -H Authorization:Basic ZWNnYmlmcm9zdDpvcGUqKjAw https://art-bear.autodesk.com:443/artifactory/team-maya-generic/Maya/master/plnx/2023-11-06-01-40_068e1a5022/202311060140-068e1a5022-RUNDEV.tgz -o /local/S/jenkins/workspace/shared/Artifactory/Linux/tmp/tmplkyw4w9c/202311060140-068e1a5022-RUNDEV.tgz
[2023-11-16T19:19:37.511Z]       0% complete.
[2023-11-16T19:19:37.511Z]       1% complete.
[2023-11-16T19:19:37.511Z]       2% complete.
[2023-11-16T19:19:37.511Z]       4% complete.
[2023-11-16T19:19:37.511Z]       5% complete.
[2023-11-16T19:19:37.511Z]       7% complete.
[2023-11-16T19:19:38.045Z]       9% complete.
[2023-11-16T19:19:38.045Z]      11% complete.
[2023-11-16T19:19:38.045Z]      12% complete.
[2023-11-16T19:19:38.045Z]      14% complete.
[2023-11-16T19:19:38.045Z]      15% complete.
[2023-11-16T19:19:38.045Z]      17% complete.
[2023-11-16T19:19:38.580Z]      19% complete.
[2023-11-16T19:19:38.580Z]      21% complete.
[2023-11-16T19:19:38.580Z]      22% complete.
[2023-11-16T19:19:38.580Z]      24% complete.
[2023-11-16T19:19:38.580Z]      25% complete.
[2023-11-16T19:19:39.115Z]      26% complete.
[2023-11-16T19:19:39.115Z]      28% complete.
[2023-11-16T19:19:39.115Z]      29% complete.
[2023-11-16T19:19:39.115Z]      31% complete.
[2023-11-16T19:19:39.115Z]      32% complete.
[2023-11-16T19:19:39.650Z]      34% complete.
[2023-11-16T19:19:39.650Z]      35% complete.
[2023-11-16T19:19:39.650Z]      37% complete.
[2023-11-16T19:19:39.650Z]      38% complete.
[2023-11-16T19:19:39.650Z]      39% complete.
[2023-11-16T19:19:39.650Z]      41% complete.
[2023-11-16T19:19:40.186Z]      42% complete.
[2023-11-16T19:19:40.186Z]      44% complete.
[2023-11-16T19:19:40.186Z]      45% complete.
[2023-11-16T19:19:40.186Z]      46% complete.
[2023-11-16T19:19:40.186Z]      47% complete.
[2023-11-16T19:19:40.721Z]      49% complete.
[2023-11-16T19:19:40.721Z]      50% complete.
[2023-11-16T19:19:40.721Z]      52% complete.
[2023-11-16T19:19:40.721Z]      53% complete.
[2023-11-16T19:19:40.721Z]      55% complete.
[2023-11-16T19:19:41.256Z]      56% complete.
[2023-11-16T19:19:41.256Z]      57% complete.
[2023-11-16T19:19:41.256Z]      59% complete.
[2023-11-16T19:19:41.256Z]      60% complete.
[2023-11-16T19:19:41.256Z]      62% complete.
[2023-11-16T19:19:41.256Z]      63% complete.
[2023-11-16T19:19:41.791Z]      65% complete.
[2023-11-16T19:19:41.791Z]      66% complete.
[2023-11-16T19:19:41.791Z]      67% complete.
[2023-11-16T19:19:41.791Z]      69% complete.
[2023-11-16T19:19:41.791Z]      70% complete.
[2023-11-16T19:19:42.327Z]      72% complete.
[2023-11-16T19:19:42.327Z]      73% complete.
[2023-11-16T19:19:42.327Z]      75% complete.
[2023-11-16T19:19:42.327Z]      76% complete.
[2023-11-16T19:19:42.327Z]      78% complete.
[2023-11-16T19:19:42.933Z]      79% complete.
[2023-11-16T19:19:42.933Z]      81% complete.
[2023-11-16T19:19:42.933Z]      83% complete.
[2023-11-16T19:19:42.933Z]      84% complete.
[2023-11-16T19:19:42.933Z]      86% complete.
[2023-11-16T19:19:42.933Z]      87% complete.
[2023-11-16T19:19:43.469Z]      89% complete.
[2023-11-16T19:19:43.469Z]      91% complete.
[2023-11-16T19:19:43.469Z]      92% complete.
[2023-11-16T19:19:43.469Z]      94% complete.
[2023-11-16T19:19:43.469Z]      95% complete.
[2023-11-16T19:19:43.469Z]      97% complete.
[2023-11-16T19:19:44.007Z]      98% complete.
[2023-11-16T19:19:44.008Z]      99% complete.
[2023-11-16T19:19:44.008Z]     100% complete.
[2023-11-16T19:19:44.008Z] [VERBOSE] End downloading file (CURL): https://art-bear.autodesk.com:443/artifactory/team-maya-generic/Maya/master/plnx/2023-11-06-01-40_068e1a5022/202311060140-068e1a5022-RUNDEV.tgz
[2023-11-16T19:19:44.008Z] Extracting 202311060140-068e1a5022-RUNDEV.tgz to /local/S/jenkins/workspace/shared/Artifactory/Linux/tmp/tmpgxal660z
[2023-11-16T19:20:28.274Z] Installing on /local/S/jenkins/workspace/shared/Artifactory/Linux/rundev-master/202311060140/runtime/33fa670
[2023-11-16T19:20:28.274Z] 
[2023-11-16T19:20:28.274Z] ================================================================================
[2023-11-16T19:20:28.274Z]                              setup (RelWithDebInfo)
[2023-11-16T19:20:28.274Z] ================================================================================
[2023-11-16T19:20:28.274Z] Installing license file 'melicense.lic'.
[Pipeline] }
[Pipeline] // withEnv
[Pipeline] }
[Pipeline] // timeout
[Pipeline] }
[Pipeline] // stage
[Pipeline] }
[Pipeline] // timestamps
[Pipeline] timestamps
[Pipeline] {
[Pipeline] stage
[Pipeline] { (Clean)
[Pipeline] timeout
[2023-11-16T19:20:28.627Z] Timeout set to expire in 6 hr 0 min
[Pipeline] {
[Pipeline] withEnv
[Pipeline] {
[Pipeline] sh
[2023-11-16T19:20:29.728Z] + scl enable gcc-toolset-11 -
[2023-11-16T19:20:29.728Z] + '[' enable = load -o enable = unload ']'
[2023-11-16T19:20:29.728Z] + /usr/bin/scl enable gcc-toolset-11 -
[2023-11-16T19:20:29.728Z] python ecg-maya-hydra/build.py --stages=clean --workspace-dir=/local/S/jenkins/workspace/ECP/ecg-maya-hydra/ecg-maya-hydra-branch-preflight-python3-linux --artifactory-dir=/local/S/jenkins/workspace/shared/Artifactory --build-dir=/local/S/jenkins/workspace/ECP/ecg-maya-hydra/ecg-maya-hydra-branch-preflight-python3-linux/build --install-dir=/local/S/jenkins/workspace/ECP/ecg-maya-hydra/ecg-maya-hydra-branch-preflight-python3-linux/install --signing-dir=/local/S/jenkins/workspace/ECP/ecg-maya-hydra/ecg-maya-hydra-branch-preflight-python3-linux/signing --package-dir=/local/S/jenkins/workspace/ECP/ecg-maya-hydra/ecg-maya-hydra-branch-preflight-python3-linux/package --output-dir=/local/S/jenkins/workspace/ECP/ecg-maya-hydra/ecg-maya-hydra-branch-preflight-python3-linux/output --stash-dir=/local/S/jenkins/workspace/ECP/ecg-maya-hydra/ecg-maya-hydra-branch-preflight-python3-linux/stash --jenkins-build=402 --git-commit=86220da922b9bf375540f17e48f7cae1dbba339c --git-branch=master --variants=Debug --interactive-tests=true --post-zips=false --osx-binary-architecture-target=ub2 --osx-deployment-target=11.0 --osx-base-sdk=CurrentActiveSDK --maya-cut-config=maya-rundev-master-debug.yaml --maya-package=rundev-master-debug --stage-banner
[2023-11-16T19:20:29.728Z] Getting rundev-master-debug download URL from Maya SHA-1 hash
[2023-11-16T19:20:29.728Z] Finding Artifactory servers response times
[2023-11-16T19:20:32.217Z] [VERBOSE] Start loading URL (CURL): https://art-bear.autodesk.com/artifactory/api/system/ping
[2023-11-16T19:20:32.217Z] [DEBUG] Running: /usr/bin/curl -s -X GET --keepalive-time 10 --connect-timeout 60 --speed-limit 10000 --speed-time 120 --max-time 3600 --retry 5 --retry-max-time 2400 -H Connection:close https://art-bear.autodesk.com/artifactory/api/system/ping
[2023-11-16T19:20:32.217Z] [DEBUG] Output:
[2023-11-16T19:20:32.217Z] OK
[2023-11-16T19:20:32.217Z] [VERBOSE] End loading URL (CURL): https://art-bear.autodesk.com/artifactory/api/system/ping
[2023-11-16T19:20:32.217Z] [VERBOSE] Start loading URL (CURL): https://art-marmotte.autodesk.com/artifactory/api/system/ping
[2023-11-16T19:20:32.217Z] [DEBUG] Running: /usr/bin/curl -s -X GET --keepalive-time 10 --connect-timeout 60 --speed-limit 10000 --speed-time 120 --max-time 3600 --retry 5 --retry-max-time 2400 -H Connection:close https://art-marmotte.autodesk.com/artifactory/api/system/ping
[2023-11-16T19:20:32.217Z] [DEBUG] Output:
[2023-11-16T19:20:32.217Z] OK
[2023-11-16T19:20:32.217Z] [VERBOSE] End loading URL (CURL): https://art-marmotte.autodesk.com/artifactory/api/system/ping
[2023-11-16T19:20:32.217Z] [VERBOSE] Start loading URL (CURL): https://art-bobcat.autodesk.com/artifactory/api/system/ping
[2023-11-16T19:20:32.217Z] [DEBUG] Running: /usr/bin/curl -s -X GET --keepalive-time 10 --connect-timeout 60 --speed-limit 10000 --speed-time 120 --max-time 3600 --retry 5 --retry-max-time 2400 -H Connection:close https://art-bobcat.autodesk.com/artifactory/api/system/ping
[2023-11-16T19:20:32.217Z] [DEBUG] Output:
[2023-11-16T19:20:32.217Z] OK
[2023-11-16T19:20:32.217Z] [VERBOSE] End loading URL (CURL): https://art-bobcat.autodesk.com/artifactory/api/system/ping
[2023-11-16T19:20:32.217Z] [VERBOSE] Start loading URL (CURL): https://art-bear.autodesk.com/artifactory/api/search/checksum?repos=autodesk-3p-generic,adsk-build-tools-generic,team-ecg-generic,team-maya-generic,oss-stg-generic&sha1=7d60df019370eaf2e95196d7d23133f0ea36c041
[2023-11-16T19:20:32.217Z] [DEBUG] Running: /usr/bin/curl -s -X GET --keepalive-time 10 --connect-timeout 60 --speed-limit 10000 --speed-time 120 --max-time 3600 --retry 5 --retry-max-time 2400 -H Connection:close -H Authorization:Basic ZWNnYmlmcm9zdDpvcGUqKjAw https://art-bear.autodesk.com/artifactory/api/search/checksum?repos=autodesk-3p-generic,adsk-build-tools-generic,team-ecg-generic,team-maya-generic,oss-stg-generic&sha1=7d60df019370eaf2e95196d7d23133f0ea36c041
[2023-11-16T19:20:32.217Z] [DEBUG] Output:
[2023-11-16T19:20:32.217Z] {
[2023-11-16T19:20:32.218Z]   "results" : [ {
[2023-11-16T19:20:32.218Z]     "uri" : "https://art-bear.autodesk.com:443/artifactory/api/storage/team-maya-generic/Maya/master-debug/plnx/202310260154-3f8c4361a8-RUNDEV.tgz"
[2023-11-16T19:20:32.218Z]   } ]
[2023-11-16T19:20:32.218Z] }
[2023-11-16T19:20:32.218Z] [VERBOSE] End loading URL (CURL): https://art-bear.autodesk.com/artifactory/api/search/checksum?repos=autodesk-3p-generic,adsk-build-tools-generic,team-ecg-generic,team-maya-generic,oss-stg-generic&sha1=7d60df019370eaf2e95196d7d23133f0ea36c041
[2023-11-16T19:20:32.218Z] [VERBOSE] Start loading URL (CURL): https://art-bear.autodesk.com:443/artifactory/api/storage/team-maya-generic/Maya/master-debug/plnx/202310260154-3f8c4361a8-RUNDEV.tgz
[2023-11-16T19:20:32.218Z] [DEBUG] Running: /usr/bin/curl -s -X GET --keepalive-time 10 --connect-timeout 60 --speed-limit 10000 --speed-time 120 --max-time 3600 --retry 5 --retry-max-time 2400 -H Connection:close -H Authorization:Basic ZWNnYmlmcm9zdDpvcGUqKjAw https://art-bear.autodesk.com:443/artifactory/api/storage/team-maya-generic/Maya/master-debug/plnx/202310260154-3f8c4361a8-RUNDEV.tgz
[2023-11-16T19:20:32.218Z] [DEBUG] Output:
[2023-11-16T19:20:32.218Z] {
[2023-11-16T19:20:32.218Z]   "repo" : "team-maya-generic",
[2023-11-16T19:20:32.218Z]   "path" : "/Maya/master-debug/plnx/202310260154-3f8c4361a8-RUNDEV.tgz",
[2023-11-16T19:20:32.218Z]   "created" : "2023-11-13T10:52:10.504-05:00",
[2023-11-16T19:20:32.218Z]   "createdBy" : "token:art-bear.autodesk.com",
[2023-11-16T19:20:32.218Z]   "lastModified" : "2023-11-13T10:52:10.494-05:00",
[2023-11-16T19:20:32.218Z]   "modifiedBy" : "token:art-bear.autodesk.com",
[2023-11-16T19:20:32.218Z]   "lastUpdated" : "2023-11-13T10:52:10.504-05:00",
[2023-11-16T19:20:32.218Z]   "downloadUri" : "https://art-bear.autodesk.com:443/artifactory/team-maya-generic/Maya/master-debug/plnx/202310260154-3f8c4361a8-RUNDEV.tgz",
[2023-11-16T19:20:32.218Z]   "mimeType" : "application/x-gzip",
[2023-11-16T19:20:32.218Z]   "size" : "3189595088",
[2023-11-16T19:20:32.218Z]   "checksums" : {
[2023-11-16T19:20:32.218Z]     "sha1" : "7d60df019370eaf2e95196d7d23133f0ea36c041",
[2023-11-16T19:20:32.218Z]     "md5" : "e557968f8eabcdbfa8447bec19da700b",
[2023-11-16T19:20:32.218Z]     "sha256" : "3c9d96c6cef104bfd0347e71e191919041e2225d1e07aab46a06948a8c6c51b5"
[2023-11-16T19:20:32.218Z]   },
[2023-11-16T19:20:32.218Z]   "originalChecksums" : {
[2023-11-16T19:20:32.218Z]     "sha1" : "7d60df019370eaf2e95196d7d23133f0ea36c041",
[2023-11-16T19:20:32.218Z]     "md5" : "e557968f8eabcdbfa8447bec19da700b",
[2023-11-16T19:20:32.218Z]     "sha256" : "3c9d96c6cef104bfd0347e71e191919041e2225d1e07aab46a06948a8c6c51b5"
[2023-11-16T19:20:32.218Z]   },
[2023-11-16T19:20:32.218Z]   "uri" : "https://art-bear.autodesk.com:443/artifactory/api/storage/team-maya-generic/Maya/master-debug/plnx/202310260154-3f8c4361a8-RUNDEV.tgz"
[2023-11-16T19:20:32.218Z] }
[2023-11-16T19:20:32.218Z] [VERBOSE] End loading URL (CURL): https://art-bear.autodesk.com:443/artifactory/api/storage/team-maya-generic/Maya/master-debug/plnx/202310260154-3f8c4361a8-RUNDEV.tgz
[2023-11-16T19:20:32.218Z] Using Maya cut from /local/S/jenkins/workspace/shared/Artifactory/Linux/rundev-master-debug/202310260154/runtime/7d60df0
[2023-11-16T19:20:32.218Z] [VERBOSE] Start loading URL (CURL): https://art-bear.autodesk.com:443/artifactory/api/storage/team-maya-generic/Maya/master-debug/plnx/202310260154-3f8c4361a8-RUNDEV.tgz.multipart
[2023-11-16T19:20:32.218Z] [DEBUG] Running: /usr/bin/curl -s -X GET --keepalive-time 10 --connect-timeout 60 --speed-limit 10000 --speed-time 120 --max-time 3600 --retry 5 --retry-max-time 2400 -H Connection:close -H Authorization:Basic ZWNnYmlmcm9zdDpvcGUqKjAw https://art-bear.autodesk.com:443/artifactory/api/storage/team-maya-generic/Maya/master-debug/plnx/202310260154-3f8c4361a8-RUNDEV.tgz.multipart
[2023-11-16T19:20:32.218Z] [DEBUG] Output:
[2023-11-16T19:20:32.218Z] {
[2023-11-16T19:20:32.218Z]   "errors" : [ {
[2023-11-16T19:20:32.218Z]     "status" : 404,
[2023-11-16T19:20:32.218Z]     "message" : "Unable to find item"
[2023-11-16T19:20:32.218Z]   } ]
[2023-11-16T19:20:32.218Z] }
[2023-11-16T19:20:32.218Z] [VERBOSE] End loading URL (CURL): https://art-bear.autodesk.com:443/artifactory/api/storage/team-maya-generic/Maya/master-debug/plnx/202310260154-3f8c4361a8-RUNDEV.tgz.multipart
[2023-11-16T19:20:32.218Z] Downloading https://art-bear.autodesk.com:443/artifactory/team-maya-generic/Maya/master-debug/plnx/202310260154-3f8c4361a8-RUNDEV.tgz to /local/S/jenkins/workspace/shared/Artifactory/Linux/tmp/tmpavqd4y1a
[2023-11-16T19:20:32.218Z] [VERBOSE] Start downloading file (CURL): https://art-bear.autodesk.com:443/artifactory/team-maya-generic/Maya/master-debug/plnx/202310260154-3f8c4361a8-RUNDEV.tgz
[2023-11-16T19:20:32.218Z] [DEBUG] Running: /usr/bin/curl -sI -X GET --keepalive-time 10 --connect-timeout 60 --speed-limit 10000 --speed-time 120 --max-time 3600 --retry 5 --retry-max-time 2400 -H Connection:close -H Authorization:Basic ZWNnYmlmcm9zdDpvcGUqKjAw https://art-bear.autodesk.com:443/artifactory/team-maya-generic/Maya/master-debug/plnx/202310260154-3f8c4361a8-RUNDEV.tgz
[2023-11-16T19:20:32.218Z] [DEBUG] Header:
[2023-11-16T19:20:32.218Z] HTTP/1.1 200 
[2023-11-16T19:20:32.218Z] Date: Thu, 16 Nov 2023 19:20:32 GMT
[2023-11-16T19:20:32.218Z] Content-Type: application/x-gzip
[2023-11-16T19:20:32.218Z] Content-Length: 3189595088
[2023-11-16T19:20:32.218Z] Connection: close
[2023-11-16T19:20:32.218Z] X-JFrog-Version: Artifactory/7.55.9 75509900
[2023-11-16T19:20:32.218Z] X-Artifactory-Id: b34d77a078656c59:3eb030b6:18a7ab126d6:-8000
[2023-11-16T19:20:32.218Z] X-Artifactory-Node-Id: uscrlpdrsync006.autodesk.com
[2023-11-16T19:20:32.218Z] Last-Modified: Mon, 13 Nov 2023 15:52:10 GMT
[2023-11-16T19:20:32.218Z] ETag: 7d60df019370eaf2e95196d7d23133f0ea36c041
[2023-11-16T19:20:32.218Z] X-Checksum-Sha1: 7d60df019370eaf2e95196d7d23133f0ea36c041
[2023-11-16T19:20:32.218Z] X-Checksum-Sha256: 3c9d96c6cef104bfd0347e71e191919041e2225d1e07aab46a06948a8c6c51b5
[2023-11-16T19:20:32.218Z] X-Checksum-Md5: e557968f8eabcdbfa8447bec19da700b
[2023-11-16T19:20:32.218Z] Accept-Ranges: bytes
[2023-11-16T19:20:32.218Z] X-Artifactory-Filename: 202310260154-3f8c4361a8-RUNDEV.tgz
[2023-11-16T19:20:32.218Z] Content-Disposition: attachment; filename="202310260154-3f8c4361a8-RUNDEV.tgz"; filename*=UTF-8''"202310260154-3f8c4361a8-RUNDEV.tgz"
[2023-11-16T19:20:32.218Z] [DEBUG] Running: /usr/bin/curl --progress-bar -X GET --keepalive-time 10 --connect-timeout 60 --speed-limit 10000 --speed-time 120 --max-time 3600 --retry 5 --retry-max-time 2400 -H Connection:close -H Authorization:Basic ZWNnYmlmcm9zdDpvcGUqKjAw https://art-bear.autodesk.com:443/artifactory/team-maya-generic/Maya/master-debug/plnx/202310260154-3f8c4361a8-RUNDEV.tgz -o /local/S/jenkins/workspace/shared/Artifactory/Linux/tmp/tmpavqd4y1a/202310260154-3f8c4361a8-RUNDEV.tgz
[2023-11-16T19:20:32.218Z]       0% complete.
[2023-11-16T19:20:32.927Z]       1% complete.
[2023-11-16T19:20:32.927Z]       2% complete.
[2023-11-16T19:20:32.927Z]       3% complete.
[2023-11-16T19:20:32.927Z]       4% complete.
[2023-11-16T19:20:33.465Z]       5% complete.
[2023-11-16T19:20:33.465Z]       6% complete.
[2023-11-16T19:20:33.465Z]       7% complete.
[2023-11-16T19:20:33.465Z]       8% complete.
[2023-11-16T19:20:34.001Z]       9% complete.
[2023-11-16T19:20:34.001Z]      10% complete.
[2023-11-16T19:20:34.001Z]      12% complete.
[2023-11-16T19:20:34.001Z]      13% complete.
[2023-11-16T19:20:34.536Z]      15% complete.
[2023-11-16T19:20:34.536Z]      16% complete.
[2023-11-16T19:20:34.536Z]      17% complete.
[2023-11-16T19:20:34.536Z]      19% complete.
[2023-11-16T19:20:34.536Z]      20% complete.
[2023-11-16T19:20:34.536Z]      21% complete.
[2023-11-16T19:20:35.071Z]      22% complete.
[2023-11-16T19:20:35.071Z]      23% complete.
[2023-11-16T19:20:35.071Z]      24% complete.
[2023-11-16T19:20:35.071Z]      25% complete.
[2023-11-16T19:20:35.071Z]      26% complete.
[2023-11-16T19:20:35.606Z]      27% complete.
[2023-11-16T19:20:35.606Z]      28% complete.
[2023-11-16T19:20:35.606Z]      29% complete.
[2023-11-16T19:20:35.606Z]      31% complete.
[2023-11-16T19:20:35.606Z]      32% complete.
[2023-11-16T19:20:36.142Z]      33% complete.
[2023-11-16T19:20:36.142Z]      34% complete.
[2023-11-16T19:20:36.142Z]      35% complete.
[2023-11-16T19:20:36.142Z]      37% complete.
[2023-11-16T19:20:36.142Z]      38% complete.
[2023-11-16T19:20:36.679Z]      39% complete.
[2023-11-16T19:20:36.679Z]      40% complete.
[2023-11-16T19:20:36.679Z]      41% complete.
[2023-11-16T19:20:36.679Z]      42% complete.
[2023-11-16T19:20:36.679Z]      43% complete.
[2023-11-16T19:20:37.214Z]      45% complete.
[2023-11-16T19:20:37.214Z]      46% complete.
[2023-11-16T19:20:37.214Z]      47% complete.
[2023-11-16T19:20:37.214Z]      48% complete.
[2023-11-16T19:20:37.214Z]      49% complete.
[2023-11-16T19:20:37.749Z]      50% complete.
[2023-11-16T19:20:37.749Z]      52% complete.
[2023-11-16T19:20:37.749Z]      53% complete.
[2023-11-16T19:20:37.749Z]      54% complete.
[2023-11-16T19:20:37.749Z]      55% complete.
[2023-11-16T19:20:37.749Z]      56% complete.
[2023-11-16T19:20:38.284Z]      57% complete.
[2023-11-16T19:20:38.284Z]      59% complete.
[2023-11-16T19:20:38.284Z]      60% complete.
[2023-11-16T19:20:38.284Z]      61% complete.
[2023-11-16T19:20:38.820Z]      62% complete.
[2023-11-16T19:20:38.820Z]      63% complete.
[2023-11-16T19:20:38.820Z]      64% complete.
[2023-11-16T19:20:38.820Z]      66% complete.
[2023-11-16T19:20:38.820Z]      67% complete.
[2023-11-16T19:20:39.356Z]      68% complete.
[2023-11-16T19:20:39.356Z]      69% complete.
[2023-11-16T19:20:39.356Z]      70% complete.
[2023-11-16T19:20:39.356Z]      72% complete.
[2023-11-16T19:20:39.356Z]      73% complete.
[2023-11-16T19:20:39.891Z]      74% complete.
[2023-11-16T19:20:39.891Z]      75% complete.
[2023-11-16T19:20:39.891Z]      76% complete.
[2023-11-16T19:20:39.891Z]      77% complete.
[2023-11-16T19:20:39.891Z]      78% complete.
[2023-11-16T19:20:39.891Z]      80% complete.
[2023-11-16T19:20:40.426Z]      81% complete.
[2023-11-16T19:20:40.426Z]      82% complete.
[2023-11-16T19:20:40.426Z]      83% complete.
[2023-11-16T19:20:40.426Z]      84% complete.
[2023-11-16T19:20:40.426Z]      85% complete.
[2023-11-16T19:20:40.962Z]      86% complete.
[2023-11-16T19:20:40.962Z]      87% complete.
[2023-11-16T19:20:40.962Z]      89% complete.
[2023-11-16T19:20:40.962Z]      90% complete.
[2023-11-16T19:20:40.962Z]      91% complete.
[2023-11-16T19:20:40.962Z]      92% complete.
[2023-11-16T19:20:41.497Z]      93% complete.
[2023-11-16T19:20:41.497Z]      94% complete.
[2023-11-16T19:20:41.497Z]      95% complete.
[2023-11-16T19:20:41.497Z]      96% complete.
[2023-11-16T19:20:41.497Z]      97% complete.
[2023-11-16T19:20:42.034Z]      99% complete.
[2023-11-16T19:20:42.034Z]     100% complete.
[2023-11-16T19:20:42.034Z] [VERBOSE] End downloading file (CURL): https://art-bear.autodesk.com:443/artifactory/team-maya-generic/Maya/master-debug/plnx/202310260154-3f8c4361a8-RUNDEV.tgz
[2023-11-16T19:20:42.034Z] Extracting 202310260154-3f8c4361a8-RUNDEV.tgz to /local/S/jenkins/workspace/shared/Artifactory/Linux/tmp/tmp_ipqkipr
[2023-11-16T19:21:34.260Z] Installing on /local/S/jenkins/workspace/shared/Artifactory/Linux/rundev-master-debug/202310260154/runtime/7d60df0
[2023-11-16T19:21:34.260Z] 
[2023-11-16T19:21:34.260Z] ================================================================================
[2023-11-16T19:21:34.260Z]                                  clean (Debug)
[2023-11-16T19:21:34.260Z] ================================================================================
[2023-11-16T19:21:34.260Z] Maya Python Debug Info:
[2023-11-16T19:21:34.260Z]   mayapy executable   = /local/S/jenkins/workspace/shared/Artifactory/Linux/rundev-master-debug/202310260154/runtime/7d60df0/runTime/bin/mayapy
[2023-11-16T19:21:34.260Z]   Include Folder      = /local/S/jenkins/workspace/shared/Artifactory/Linux/rundev-master-debug/202310260154/runtime/7d60df0/runTime/include/Python310/Python
[2023-11-16T19:21:34.260Z]   Library             = /local/S/jenkins/workspace/shared/Artifactory/Linux/rundev-master-debug/202310260154/runtime/7d60df0/runTime/lib/libpython3.10d.so.1.0
[2023-11-16T19:21:34.260Z]   site-package Folder = /local/S/jenkins/workspace/shared/Artifactory/Linux/rundev-master-debug/202310260154/runtime/7d60df0/runTime/lib/python3.10/site-packages
[2023-11-16T19:21:34.260Z] Adding Python package requirements: ['/local/S/jenkins/workspace/shared/Artifactory/Linux/rundev-master-debug/202310260154/runtime/7d60df0/runTime/bin/mayapy', '-m', 'pip', 'install', '-t', '/local/S/jenkins/workspace/shared/Artifactory/Linux/rundev-master-debug/202310260154/runtime/7d60df0/runTime/lib/python3.10/site-packages', '-r', 'python_requirements.txt']
[2023-11-16T19:21:38.485Z] In workdir: /home/S/jenkins/workspace/ECP/ecg-maya-hydra/ecg-maya-hydra-branch-preflight-python3-linux/ecg-maya-hydra/maya-hydra
[2023-11-16T19:21:38.485Z] Executing: /local/S/jenkins/workspace/shared/Artifactory/Linux/rundev-master-debug/202310260154/runtime/7d60df0/runTime/bin/mayapy /home/S/jenkins/workspace/ECP/ecg-maya-hydra/ecg-maya-hydra-branch-preflight-python3-linux/ecg-maya-hydra/maya-hydra/build.py --generator Ninja --build-debug --maya-location /local/S/jenkins/workspace/shared/Artifactory/Linux/rundev-master-debug/202310260154/runtime/7d60df0/runTime --devkit-location /local/S/jenkins/workspace/shared/Artifactory/Linux/rundev-master-debug/202310260154/runtime/7d60df0/devkitBase --pxrusd-location /local/S/jenkins/workspace/shared/Artifactory/Linux/USD/8e4fe45 --build-args=-DCMAKE_MAKE_PROGRAM=/local/S/jenkins/workspace/shared/Artifactory/Linux/ninja/1.10.2/9ab399b/ninja,-DPYTHON_INCLUDE_DIR=/local/S/jenkins/workspace/shared/Artifactory/Linux/rundev-master-debug/202310260154/runtime/7d60df0/runTime/include/Python310/Python,-DPython_EXECUTABLE=/local/S/jenkins/workspace/shared/Artifactory/Linux/rundev-master-debug/202310260154/runtime/7d60df0/runTime/bin/mayapy,-DPYTHON_LIBRARIES=/local/S/jenkins/workspace/shared/Artifactory/Linux/rundev-master-debug/202310260154/runtime/7d60df0/runTime/lib/libpython3.10d.so.1.0,-DBUILD_WITH_PYTHON_3=ON,-DBUILD_WITH_PYTHON_3_VERSION=3.10,-DCMAKE_WANT_MATERIALX_BUILD=ON,-DCMAKE_PREFIX_PATH=/local/S/jenkins/workspace/shared/Artifactory/Linux/USD/8e4fe45,-DMAYAHYDRA_BUILD_NUMBER=402,-DMAYAHYDRA_GIT_COMMIT=86220da922b9bf375540f17e48f7cae1dbba339c,-DMAYAHYDRA_GIT_BRANCH=master --debug-python '--ctest-args=--parallel 16' --stages=clean --redirect-outstream-file=False --install-location /local/S/jenkins/workspace/ECP/ecg-maya-hydra/ecg-maya-hydra-branch-preflight-python3-linux/install/Debug/MayaHydra /local/S/jenkins/workspace/ECP/ecg-maya-hydra/ecg-maya-hydra-branch-preflight-python3-linux
[2023-11-16T19:21:38.485Z] Modified environment variables:
[2023-11-16T19:21:38.485Z]     LD_LIBRARY_PATH=/opt/rh/gcc-toolset-11/root/usr/lib64:/opt/rh/gcc-toolset-11/root/usr/lib64:/opt/rh/gcc-toolset-11/root/usr/lib:/opt/rh/gcc-toolset-11/root/usr/lib64/dyninst:/opt/rh/gcc-toolset-11/root/usr/lib/dyninst
[2023-11-16T19:21:38.485Z]     PATH=/local/S/jenkins/workspace/shared/Artifactory/Linux/cmake/3.20.3/ab685d7/bin:/opt/rh/gcc-toolset-11/root/usr/bin:/home/administrator/.local/bin:/home/administrator/bin:/usr/share/Modules/bin:/usr/local/bin:/usr/local/sbin:/usr/bin:/usr/sbin
[2023-11-16T19:21:38.485Z]     
[2023-11-16T19:21:38.485Z]         Building with settings:
[2023-11-16T19:21:38.485Z]           Source directory          /home/S/jenkins/workspace/ECP/ecg-maya-hydra/ecg-maya-hydra-branch-preflight-python3-linux/ecg-maya-hydra/maya-hydra
[2023-11-16T19:21:38.485Z]           Workspace directory       /local/S/jenkins/workspace/ECP/ecg-maya-hydra/ecg-maya-hydra-branch-preflight-python3-linux
[2023-11-16T19:21:38.485Z]           Build directory           /local/S/jenkins/workspace/ECP/ecg-maya-hydra/ecg-maya-hydra-branch-preflight-python3-linux/build/Debug
[2023-11-16T19:21:38.485Z]           Install directory         /local/S/jenkins/workspace/ECP/ecg-maya-hydra/ecg-maya-hydra-branch-preflight-python3-linux/install/Debug/MayaHydra
[2023-11-16T19:21:38.485Z]           Variant                   Debug
[2023-11-16T19:21:38.485Z]           Python Debug              On
[2023-11-16T19:21:38.485Z]           CMake generator           Ninja
[2023-11-16T19:21:38.485Z]           Build arguments           ['-DCMAKE_MAKE_PROGRAM=/local/S/jenkins/workspace/shared/Artifactory/Linux/ninja/1.10.2/9ab399b/ninja', '-DPYTHON_INCLUDE_DIR=/local/S/jenkins/workspace/shared/Artifactory/Linux/rundev-master-debug/202310260154/runtime/7d60df0/runTime/include/Python310/Python', '-DPython_EXECUTABLE=/local/S/jenkins/workspace/shared/Artifactory/Linux/rundev-master-debug/202310260154/runtime/7d60df0/runTime/bin/mayapy', '-DPYTHON_LIBRARIES=/local/S/jenkins/workspace/shared/Artifactory/Linux/rundev-master-debug/202310260154/runtime/7d60df0/runTime/lib/libpython3.10d.so.1.0', '-DBUILD_WITH_PYTHON_3=ON', '-DBUILD_WITH_PYTHON_3_VERSION=3.10', '-DCMAKE_WANT_MATERIALX_BUILD=ON', '-DCMAKE_PREFIX_PATH=/local/S/jenkins/workspace/shared/Artifactory/Linux/USD/8e4fe45', '-DMAYAHYDRA_BUILD_NUMBER=402', '-DMAYAHYDRA_GIT_COMMIT=86220da922b9bf375540f17e48f7cae1dbba339c', '-DMAYAHYDRA_GIT_BRANCH=master']
[2023-11-16T19:21:38.485Z]           Stages arguments          ['clean']
[2023-11-16T19:21:38.485Z]           CTest arguments           ['--parallel 16']
[2023-11-16T19:21:38.485Z]     Success MayaHydra build and install !!!!
[2023-11-16T19:21:38.485Z]     Elapsed time: 00:00:00
[Pipeline] sh
[2023-11-16T19:21:39.789Z] + scl enable gcc-toolset-11 -
[2023-11-16T19:21:39.789Z] + '[' enable = load -o enable = unload ']'
[2023-11-16T19:21:39.789Z] + /usr/bin/scl enable gcc-toolset-11 -
[2023-11-16T19:21:39.789Z] python ecg-maya-hydra/build.py --stages=clean --workspace-dir=/local/S/jenkins/workspace/ECP/ecg-maya-hydra/ecg-maya-hydra-branch-preflight-python3-linux --artifactory-dir=/local/S/jenkins/workspace/shared/Artifactory --build-dir=/local/S/jenkins/workspace/ECP/ecg-maya-hydra/ecg-maya-hydra-branch-preflight-python3-linux/build --install-dir=/local/S/jenkins/workspace/ECP/ecg-maya-hydra/ecg-maya-hydra-branch-preflight-python3-linux/install --signing-dir=/local/S/jenkins/workspace/ECP/ecg-maya-hydra/ecg-maya-hydra-branch-preflight-python3-linux/signing --package-dir=/local/S/jenkins/workspace/ECP/ecg-maya-hydra/ecg-maya-hydra-branch-preflight-python3-linux/package --output-dir=/local/S/jenkins/workspace/ECP/ecg-maya-hydra/ecg-maya-hydra-branch-preflight-python3-linux/output --stash-dir=/local/S/jenkins/workspace/ECP/ecg-maya-hydra/ecg-maya-hydra-branch-preflight-python3-linux/stash --jenkins-build=402 --git-commit=86220da922b9bf375540f17e48f7cae1dbba339c --git-branch=master --variants=RelWithDebInfo --interactive-tests=true --post-zips=false --osx-binary-architecture-target=ub2 --osx-deployment-target=11.0 --osx-base-sdk=CurrentActiveSDK --maya-cut-config=maya-rundev-master.yaml --maya-package=rundev-master --stage-banner
[2023-11-16T19:21:39.789Z] Using Maya cut from /local/S/jenkins/workspace/shared/Artifactory/Linux/rundev-master/202311060140/runtime/33fa670
[2023-11-16T19:21:39.789Z] 
[2023-11-16T19:21:39.789Z] ================================================================================
[2023-11-16T19:21:39.789Z]                              clean (RelWithDebInfo)
[2023-11-16T19:21:39.789Z] ================================================================================
[2023-11-16T19:21:39.789Z] Maya Python RelWithDebInfo Info:
[2023-11-16T19:21:39.789Z]   mayapy executable   = /local/S/jenkins/workspace/shared/Artifactory/Linux/rundev-master/202311060140/runtime/33fa670/runTime/bin/mayapy
[2023-11-16T19:21:39.789Z]   Include Folder      = /local/S/jenkins/workspace/shared/Artifactory/Linux/rundev-master/202311060140/runtime/33fa670/runTime/include/Python310/Python
[2023-11-16T19:21:39.789Z]   Library             = /local/S/jenkins/workspace/shared/Artifactory/Linux/rundev-master/202311060140/runtime/33fa670/runTime/lib/libpython3.10.so.1.0
[2023-11-16T19:21:39.789Z]   site-package Folder = /local/S/jenkins/workspace/shared/Artifactory/Linux/rundev-master/202311060140/runtime/33fa670/runTime/lib/python3.10/site-packages
[2023-11-16T19:21:41.554Z] Adding Python package requirements: ['/local/S/jenkins/workspace/shared/Artifactory/Linux/rundev-master/202311060140/runtime/33fa670/runTime/bin/mayapy', '-m', 'pip', 'install', '-t', '/local/S/jenkins/workspace/shared/Artifactory/Linux/rundev-master/202311060140/runtime/33fa670/runTime/lib/python3.10/site-packages', '-r', 'python_requirements.txt']
[2023-11-16T19:21:44.386Z] In workdir: /home/S/jenkins/workspace/ECP/ecg-maya-hydra/ecg-maya-hydra-branch-preflight-python3-linux/ecg-maya-hydra/maya-hydra
[2023-11-16T19:21:44.386Z] Executing: /local/S/jenkins/workspace/shared/Artifactory/Linux/rundev-master/202311060140/runtime/33fa670/runTime/bin/mayapy /home/S/jenkins/workspace/ECP/ecg-maya-hydra/ecg-maya-hydra-branch-preflight-python3-linux/ecg-maya-hydra/maya-hydra/build.py --generator Ninja --build-relwithdebug --maya-location /local/S/jenkins/workspace/shared/Artifactory/Linux/rundev-master/202311060140/runtime/33fa670/runTime --devkit-location /local/S/jenkins/workspace/shared/Artifactory/Linux/rundev-master/202311060140/runtime/33fa670/devkitBase --pxrusd-location /local/S/jenkins/workspace/shared/Artifactory/Linux/USD/13e6029 --build-args=-DCMAKE_MAKE_PROGRAM=/local/S/jenkins/workspace/shared/Artifactory/Linux/ninja/1.10.2/9ab399b/ninja,-DPYTHON_INCLUDE_DIR=/local/S/jenkins/workspace/shared/Artifactory/Linux/rundev-master/202311060140/runtime/33fa670/runTime/include/Python310/Python,-DPython_EXECUTABLE=/local/S/jenkins/workspace/shared/Artifactory/Linux/rundev-master/202311060140/runtime/33fa670/runTime/bin/mayapy,-DPYTHON_LIBRARIES=/local/S/jenkins/workspace/shared/Artifactory/Linux/rundev-master/202311060140/runtime/33fa670/runTime/lib/libpython3.10.so.1.0,-DBUILD_WITH_PYTHON_3=ON,-DBUILD_WITH_PYTHON_3_VERSION=3.10,-DCMAKE_WANT_MATERIALX_BUILD=ON,-DCMAKE_PREFIX_PATH=/local/S/jenkins/workspace/shared/Artifactory/Linux/USD/13e6029,-DMAYAHYDRA_BUILD_NUMBER=402,-DMAYAHYDRA_GIT_COMMIT=86220da922b9bf375540f17e48f7cae1dbba339c,-DMAYAHYDRA_GIT_BRANCH=master '--ctest-args=--parallel 16' --stages=clean --redirect-outstream-file=False --install-location /local/S/jenkins/workspace/ECP/ecg-maya-hydra/ecg-maya-hydra-branch-preflight-python3-linux/install/RelWithDebInfo/MayaHydra /local/S/jenkins/workspace/ECP/ecg-maya-hydra/ecg-maya-hydra-branch-preflight-python3-linux
[2023-11-16T19:21:44.386Z] Modified environment variables:
[2023-11-16T19:21:44.386Z]     LD_LIBRARY_PATH=/opt/rh/gcc-toolset-11/root/usr/lib64:/opt/rh/gcc-toolset-11/root/usr/lib64:/opt/rh/gcc-toolset-11/root/usr/lib:/opt/rh/gcc-toolset-11/root/usr/lib64/dyninst:/opt/rh/gcc-toolset-11/root/usr/lib/dyninst
[2023-11-16T19:21:44.386Z]     PATH=/local/S/jenkins/workspace/shared/Artifactory/Linux/cmake/3.20.3/ab685d7/bin:/opt/rh/gcc-toolset-11/root/usr/bin:/home/administrator/.local/bin:/home/administrator/bin:/usr/share/Modules/bin:/usr/local/bin:/usr/local/sbin:/usr/bin:/usr/sbin
[2023-11-16T19:21:44.386Z]     
[2023-11-16T19:21:44.386Z]         Building with settings:
[2023-11-16T19:21:44.386Z]           Source directory          /home/S/jenkins/workspace/ECP/ecg-maya-hydra/ecg-maya-hydra-branch-preflight-python3-linux/ecg-maya-hydra/maya-hydra
[2023-11-16T19:21:44.386Z]           Workspace directory       /local/S/jenkins/workspace/ECP/ecg-maya-hydra/ecg-maya-hydra-branch-preflight-python3-linux
[2023-11-16T19:21:44.386Z]           Build directory           /local/S/jenkins/workspace/ECP/ecg-maya-hydra/ecg-maya-hydra-branch-preflight-python3-linux/build/RelWithDebInfo
[2023-11-16T19:21:44.386Z]           Install directory         /local/S/jenkins/workspace/ECP/ecg-maya-hydra/ecg-maya-hydra-branch-preflight-python3-linux/install/RelWithDebInfo/MayaHydra
[2023-11-16T19:21:44.386Z]           Variant                   RelWithDebInfo
[2023-11-16T19:21:44.386Z]           Python Debug              Off
[2023-11-16T19:21:44.386Z]           CMake generator           Ninja
[2023-11-16T19:21:44.386Z]           Build arguments           ['-DCMAKE_MAKE_PROGRAM=/local/S/jenkins/workspace/shared/Artifactory/Linux/ninja/1.10.2/9ab399b/ninja', '-DPYTHON_INCLUDE_DIR=/local/S/jenkins/workspace/shared/Artifactory/Linux/rundev-master/202311060140/runtime/33fa670/runTime/include/Python310/Python', '-DPython_EXECUTABLE=/local/S/jenkins/workspace/shared/Artifactory/Linux/rundev-master/202311060140/runtime/33fa670/runTime/bin/mayapy', '-DPYTHON_LIBRARIES=/local/S/jenkins/workspace/shared/Artifactory/Linux/rundev-master/202311060140/runtime/33fa670/runTime/lib/libpython3.10.so.1.0', '-DBUILD_WITH_PYTHON_3=ON', '-DBUILD_WITH_PYTHON_3_VERSION=3.10', '-DCMAKE_WANT_MATERIALX_BUILD=ON', '-DCMAKE_PREFIX_PATH=/local/S/jenkins/workspace/shared/Artifactory/Linux/USD/13e6029', '-DMAYAHYDRA_BUILD_NUMBER=402', '-DMAYAHYDRA_GIT_COMMIT=86220da922b9bf375540f17e48f7cae1dbba339c', '-DMAYAHYDRA_GIT_BRANCH=master']
[2023-11-16T19:21:44.386Z]           Stages arguments          ['clean']
[2023-11-16T19:21:44.386Z]           CTest arguments           ['--parallel 16']
[2023-11-16T19:21:44.386Z]     Success MayaHydra build and install !!!!
[2023-11-16T19:21:44.386Z]     Elapsed time: 00:00:00
[Pipeline] }
[Pipeline] // withEnv
[Pipeline] }
[Pipeline] // timeout
[Pipeline] }
[Pipeline] // stage
[Pipeline] }
[Pipeline] // timestamps
[Pipeline] timestamps
[Pipeline] {
[Pipeline] stage
[Pipeline] { (Configure)
[Pipeline] timeout
[2023-11-16T19:21:44.749Z] Timeout set to expire in 6 hr 0 min
[Pipeline] {
[Pipeline] withEnv
[Pipeline] {
[Pipeline] sh
[2023-11-16T19:21:45.873Z] + scl enable gcc-toolset-11 -
[2023-11-16T19:21:45.873Z] + '[' enable = load -o enable = unload ']'
[2023-11-16T19:21:45.873Z] + /usr/bin/scl enable gcc-toolset-11 -
[2023-11-16T19:21:45.873Z] python ecg-maya-hydra/build.py --stages=configure --workspace-dir=/local/S/jenkins/workspace/ECP/ecg-maya-hydra/ecg-maya-hydra-branch-preflight-python3-linux --artifactory-dir=/local/S/jenkins/workspace/shared/Artifactory --build-dir=/local/S/jenkins/workspace/ECP/ecg-maya-hydra/ecg-maya-hydra-branch-preflight-python3-linux/build --install-dir=/local/S/jenkins/workspace/ECP/ecg-maya-hydra/ecg-maya-hydra-branch-preflight-python3-linux/install --signing-dir=/local/S/jenkins/workspace/ECP/ecg-maya-hydra/ecg-maya-hydra-branch-preflight-python3-linux/signing --package-dir=/local/S/jenkins/workspace/ECP/ecg-maya-hydra/ecg-maya-hydra-branch-preflight-python3-linux/package --output-dir=/local/S/jenkins/workspace/ECP/ecg-maya-hydra/ecg-maya-hydra-branch-preflight-python3-linux/output --stash-dir=/local/S/jenkins/workspace/ECP/ecg-maya-hydra/ecg-maya-hydra-branch-preflight-python3-linux/stash --jenkins-build=402 --git-commit=86220da922b9bf375540f17e48f7cae1dbba339c --git-branch=master --variants=Debug --interactive-tests=true --post-zips=false --osx-binary-architecture-target=ub2 --osx-deployment-target=11.0 --osx-base-sdk=CurrentActiveSDK --maya-cut-config=maya-rundev-master-debug.yaml --maya-package=rundev-master-debug --stage-banner
[2023-11-16T19:21:45.873Z] Using Maya cut from /local/S/jenkins/workspace/shared/Artifactory/Linux/rundev-master-debug/202310260154/runtime/7d60df0
[2023-11-16T19:21:45.873Z] 
[2023-11-16T19:21:45.873Z] ================================================================================
[2023-11-16T19:21:45.873Z]                                configure (Debug)
[2023-11-16T19:21:45.873Z] ================================================================================
[2023-11-16T19:21:45.873Z] Maya Python Debug Info:
[2023-11-16T19:21:45.873Z]   mayapy executable   = /local/S/jenkins/workspace/shared/Artifactory/Linux/rundev-master-debug/202310260154/runtime/7d60df0/runTime/bin/mayapy
[2023-11-16T19:21:45.873Z]   Include Folder      = /local/S/jenkins/workspace/shared/Artifactory/Linux/rundev-master-debug/202310260154/runtime/7d60df0/runTime/include/Python310/Python
[2023-11-16T19:21:45.873Z]   Library             = /local/S/jenkins/workspace/shared/Artifactory/Linux/rundev-master-debug/202310260154/runtime/7d60df0/runTime/lib/libpython3.10d.so.1.0
[2023-11-16T19:21:45.873Z]   site-package Folder = /local/S/jenkins/workspace/shared/Artifactory/Linux/rundev-master-debug/202310260154/runtime/7d60df0/runTime/lib/python3.10/site-packages
[2023-11-16T19:21:46.992Z] In workdir: /home/S/jenkins/workspace/ECP/ecg-maya-hydra/ecg-maya-hydra-branch-preflight-python3-linux/ecg-maya-hydra/maya-hydra
[2023-11-16T19:21:46.992Z] Executing: /local/S/jenkins/workspace/shared/Artifactory/Linux/rundev-master-debug/202310260154/runtime/7d60df0/runTime/bin/mayapy /home/S/jenkins/workspace/ECP/ecg-maya-hydra/ecg-maya-hydra-branch-preflight-python3-linux/ecg-maya-hydra/maya-hydra/build.py --generator Ninja --build-debug --maya-location /local/S/jenkins/workspace/shared/Artifactory/Linux/rundev-master-debug/202310260154/runtime/7d60df0/runTime --devkit-location /local/S/jenkins/workspace/shared/Artifactory/Linux/rundev-master-debug/202310260154/runtime/7d60df0/devkitBase --pxrusd-location /local/S/jenkins/workspace/shared/Artifactory/Linux/USD/8e4fe45 --build-args=-DCMAKE_MAKE_PROGRAM=/local/S/jenkins/workspace/shared/Artifactory/Linux/ninja/1.10.2/9ab399b/ninja,-DPYTHON_INCLUDE_DIR=/local/S/jenkins/workspace/shared/Artifactory/Linux/rundev-master-debug/202310260154/runtime/7d60df0/runTime/include/Python310/Python,-DPython_EXECUTABLE=/local/S/jenkins/workspace/shared/Artifactory/Linux/rundev-master-debug/202310260154/runtime/7d60df0/runTime/bin/mayapy,-DPYTHON_LIBRARIES=/local/S/jenkins/workspace/shared/Artifactory/Linux/rundev-master-debug/202310260154/runtime/7d60df0/runTime/lib/libpython3.10d.so.1.0,-DBUILD_WITH_PYTHON_3=ON,-DBUILD_WITH_PYTHON_3_VERSION=3.10,-DCMAKE_WANT_MATERIALX_BUILD=ON,-DCMAKE_PREFIX_PATH=/local/S/jenkins/workspace/shared/Artifactory/Linux/USD/8e4fe45,-DMAYAHYDRA_BUILD_NUMBER=402,-DMAYAHYDRA_GIT_COMMIT=86220da922b9bf375540f17e48f7cae1dbba339c,-DMAYAHYDRA_GIT_BRANCH=master --debug-python '--ctest-args=--parallel 16' --stages=configure --redirect-outstream-file=False --install-location /local/S/jenkins/workspace/ECP/ecg-maya-hydra/ecg-maya-hydra-branch-preflight-python3-linux/install/Debug/MayaHydra /local/S/jenkins/workspace/ECP/ecg-maya-hydra/ecg-maya-hydra-branch-preflight-python3-linux
[2023-11-16T19:21:46.992Z] Modified environment variables:
[2023-11-16T19:21:46.992Z]     LD_LIBRARY_PATH=/opt/rh/gcc-toolset-11/root/usr/lib64:/opt/rh/gcc-toolset-11/root/usr/lib64:/opt/rh/gcc-toolset-11/root/usr/lib:/opt/rh/gcc-toolset-11/root/usr/lib64/dyninst:/opt/rh/gcc-toolset-11/root/usr/lib/dyninst
[2023-11-16T19:21:46.992Z]     PATH=/local/S/jenkins/workspace/shared/Artifactory/Linux/cmake/3.20.3/ab685d7/bin:/opt/rh/gcc-toolset-11/root/usr/bin:/home/administrator/.local/bin:/home/administrator/bin:/usr/share/Modules/bin:/usr/local/bin:/usr/local/sbin:/usr/bin:/usr/sbin
[2023-11-16T19:22:36.078Z]     -- The C compiler identification is GNU 11.2.1
[2023-11-16T19:22:36.078Z]     -- The CXX compiler identification is GNU 11.2.1
[2023-11-16T19:22:36.078Z]     -- Detecting C compiler ABI info
[2023-11-16T19:22:36.078Z]     -- Detecting C compiler ABI info - done
[2023-11-16T19:22:36.078Z]     -- Check for working C compiler: /opt/rh/gcc-toolset-11/root/usr/bin/cc - skipped
[2023-11-16T19:22:36.078Z]     -- Detecting C compile features
[2023-11-16T19:22:36.078Z]     -- Detecting C compile features - done
[2023-11-16T19:22:36.078Z]     -- Detecting CXX compiler ABI info
[2023-11-16T19:22:36.078Z]     -- Detecting CXX compiler ABI info - done
[2023-11-16T19:22:36.078Z]     -- Check for working CXX compiler: /opt/rh/gcc-toolset-11/root/usr/bin/c++ - skipped
[2023-11-16T19:22:36.078Z]     -- Detecting CXX compile features
[2023-11-16T19:22:36.078Z]     -- Detecting CXX compile features - done
[2023-11-16T19:22:36.078Z]     -- Using Maya Light API Version 3
[2023-11-16T19:22:36.078Z]     -- Maya has setDefaultMaterialHandling API
[2023-11-16T19:22:36.078Z]     -- Maya has new point snapping API
[2023-11-16T19:22:36.078Z]     -- Maya has isInCrashHandler API
[2023-11-16T19:22:36.078Z]     -- Maya has getDisplayStyleOfAllViewports API
[2023-11-16T19:22:36.078Z]     -- Maya array iterator has difference_type trait
[2023-11-16T19:22:36.078Z]     -- MFnSet has getMemberPaths function
[2023-11-16T19:22:36.078Z]     -- MFnDisplayLayer exists
[2023-11-16T19:22:36.078Z]     -- MDisplayLayerMessage has MDisplayLayerMemberChangedFunction
[2023-11-16T19:22:36.078Z]     -- MRenderItem has HideOnPlayback API
[2023-11-16T19:22:36.078Z]     -- Linux: Maya was built with new cxx11 ABI
[2023-11-16T19:22:36.078Z]     -- Found Maya: /local/S/jenkins/workspace/shared/Artifactory/Linux/rundev-master-debug/202310260154/runtime/7d60df0/runTime/bin/maya (found suitable version "2025", minimum required is "2024")
[2023-11-16T19:22:36.613Z]     -- Found Python: /local/S/jenkins/workspace/shared/Artifactory/Linux/rundev-master-debug/202310260154/runtime/7d60df0/runTime/bin/mayapy (found suitable exact version "3.10.8") found components: Interpreter
[2023-11-16T19:22:36.613Z]     -- Build mayaHydra with Python3 = 3.10
[2023-11-16T19:22:36.613Z]     --    PYTHON_INCLUDE_DIRS = /local/S/jenkins/workspace/shared/Artifactory/Linux/rundev-master-debug/202310260154/runtime/7d60df0/runTime/include/Python310/Python
[2023-11-16T19:22:36.613Z]     --    PYTHON_LIBRARIES    = /local/S/jenkins/workspace/shared/Artifactory/Linux/rundev-master-debug/202310260154/runtime/7d60df0/runTime/lib/libpython3.10d.so.1.0
[2023-11-16T19:22:36.613Z]     --    Python_EXECUTABLE   = /local/S/jenkins/workspace/shared/Artifactory/Linux/rundev-master-debug/202310260154/runtime/7d60df0/runTime/bin/mayapy
[2023-11-16T19:22:36.613Z]     -- Found Python3: /local/S/jenkins/workspace/shared/Artifactory/Linux/rundev-master-debug/202310260154/runtime/7d60df0/runTime/include/Python310/Python (found suitable exact version "3.10.8") found components: Development Development.Module Development.Embed
[2023-11-16T19:22:36.613Z]     -- USD has new Sdr.PropertyTypes.Color4
[2023-11-16T19:22:37.148Z]     -- USD has MaterialX metadata support
[2023-11-16T19:22:37.148Z]     -- USD include dir: /local/S/jenkins/workspace/shared/Artifactory/Linux/USD/8e4fe45/include
[2023-11-16T19:22:37.148Z]     -- USD library dir: /local/S/jenkins/workspace/shared/Artifactory/Linux/USD/8e4fe45/lib
[2023-11-16T19:22:37.148Z]     -- USD version: 0.23.8
[2023-11-16T19:22:37.148Z]     -- Found USD: /local/S/jenkins/workspace/shared/Artifactory/Linux/USD/8e4fe45 (found suitable version "0.23.8", minimum required is "0.22.11")
[2023-11-16T19:22:37.148Z]     Updated PYTHONPATH: /local/S/jenkins/workspace/shared/Artifactory/Linux/USD/8e4fe45/lib/python
[2023-11-16T19:22:37.148Z]     -- Found UFE: /local/S/jenkins/workspace/shared/Artifactory/Linux/rundev-master-debug/202310260154/runtime/7d60df0/devkitBase/devkit/ufe/include (found version "0.5.11")
[2023-11-16T19:22:37.148Z]     -- UFE include dir: /local/S/jenkins/workspace/shared/Artifactory/Linux/rundev-master-debug/202310260154/runtime/7d60df0/devkitBase/devkit/ufe/include
[2023-11-16T19:22:37.148Z]     -- UFE library: /local/S/jenkins/workspace/shared/Artifactory/Linux/rundev-master-debug/202310260154/runtime/7d60df0/devkitBase/devkit/ufe/lib/libufe_0.so
[2023-11-16T19:22:37.148Z]     -- UFE version: 0.5.11
[2023-11-16T19:22:37.148Z]     -- Maya has UFE lights API
[2023-11-16T19:22:37.148Z]     -- Maya has UFE scene segment API
[2023-11-16T19:22:37.148Z]     -- Maya has UFE TrieNode childrenComponents accessor
[2023-11-16T19:22:37.148Z]     -- Building with UFE 0.5.11.
[2023-11-16T19:22:37.148Z]     -- Found MaterialX
[2023-11-16T19:22:37.148Z]     -- Check if compiler accepts -pthread
[2023-11-16T19:22:37.148Z]     -- Check if compiler accepts -pthread - yes
[2023-11-16T19:22:37.148Z]     -- Performing Test HAVE_STDATOMIC
[2023-11-16T19:22:37.683Z]     -- Performing Test HAVE_STDATOMIC - Success
[2023-11-16T19:22:37.683Z]     -- Found OpenGL: /usr/lib64/libOpenGL.so
[2023-11-16T19:22:37.683Z]     -- Check if linker can resolve circular dependencies - FALSE
[2023-11-16T19:22:37.683Z]     -- Found Qt 6.5.2 in Maya devkit. Hydra Scene Browser will be built.
[2023-11-16T19:22:37.683Z]     -- **** Building Gulrak From Github Repository.
[2023-11-16T19:22:37.683Z]     -- Populating gulrak
[2023-11-16T19:22:37.683Z]     -- Configuring done
[2023-11-16T19:22:37.683Z]     -- Generating done
[2023-11-16T19:22:37.683Z]     -- Build files have been written to: /home/S/jenkins/workspace/ECP/ecg-maya-hydra/ecg-maya-hydra-branch-preflight-python3-linux/build/Debug/_deps/gulrak-subbuild
[2023-11-16T19:22:37.683Z]     [1/9] Creating directories for 'gulrak-populate'
[2023-11-16T19:22:37.683Z]     [1/9] Performing download step (git clone) for 'gulrak-populate'
[2023-11-16T19:22:37.683Z]     Cloning into 'gulrak-src'...
[2023-11-16T19:22:38.217Z]     HEAD is now at 4e21ab3 Version bump and updated readme.
[2023-11-16T19:22:38.753Z]     [2/9] Performing update step for 'gulrak-populate'
[2023-11-16T19:22:38.753Z]     [4/9] No patch step for 'gulrak-populate'
[2023-11-16T19:22:38.753Z]     [5/9] No configure step for 'gulrak-populate'
[2023-11-16T19:22:38.753Z]     [6/9] No build step for 'gulrak-populate'
[2023-11-16T19:22:38.753Z]     [7/9] No install step for 'gulrak-populate'
[2023-11-16T19:22:38.753Z]     [8/9] No test step for 'gulrak-populate'
[2023-11-16T19:22:38.753Z]     [9/9] Completed 'gulrak-populate'
[2023-11-16T19:22:38.753Z]     -- ========== Installing GoogleTest... ==========
[2023-11-16T19:22:38.753Z]     -- Configuring done
[2023-11-16T19:22:38.753Z]     -- Generating done
[2023-11-16T19:22:38.753Z]     -- Build files have been written to: /home/S/jenkins/workspace/ECP/ecg-maya-hydra/ecg-maya-hydra-branch-preflight-python3-linux/build/Debug/googletest-config
[2023-11-16T19:22:38.753Z]     [1/8] Creating directories for 'googletest'
[2023-11-16T19:22:39.873Z]     [2/8] Performing download step (git clone) for 'googletest'
[2023-11-16T19:22:39.873Z]     Cloning into 'googletest-src'...
[2023-11-16T19:22:39.873Z]     HEAD is now at 703bd9ca Googletest export
[2023-11-16T19:22:39.873Z]     [3/8] Performing update step for 'googletest'
[2023-11-16T19:22:39.873Z]     [4/8] No patch step for 'googletest'
[2023-11-16T19:22:40.408Z]     [5/8] Performing configure step for 'googletest'
[2023-11-16T19:22:40.408Z]     Not searching for unused variables given on the command line.
[2023-11-16T19:22:40.408Z]     CMake Deprecation Warning at CMakeLists.txt:4 (cmake_minimum_required):
[2023-11-16T19:22:40.408Z]       Compatibility with CMake < 2.8.12 will be removed from a future version of
[2023-11-16T19:22:40.408Z]       CMake.
[2023-11-16T19:22:40.408Z]     
[2023-11-16T19:22:40.408Z]       Update the VERSION argument <min> value or use a ...<max> suffix to tell
[2023-11-16T19:22:40.408Z]       CMake that the project does not need compatibility with older versions.
[2023-11-16T19:22:40.408Z]     
[2023-11-16T19:22:40.408Z]     
[2023-11-16T19:22:40.408Z]     -- The C compiler identification is GNU 11.2.1
[2023-11-16T19:22:40.408Z]     -- The CXX compiler identification is GNU 11.2.1
[2023-11-16T19:22:40.408Z]     -- Detecting C compiler ABI info
[2023-11-16T19:22:40.408Z]     -- Detecting C compiler ABI info - done
[2023-11-16T19:22:40.408Z]     -- Check for working C compiler: /opt/rh/gcc-toolset-11/root/usr/bin/cc - skipped
[2023-11-16T19:22:40.408Z]     -- Detecting C compile features
[2023-11-16T19:22:40.408Z]     -- Detecting C compile features - done
[2023-11-16T19:22:40.408Z]     -- Detecting CXX compiler ABI info
[2023-11-16T19:22:40.408Z]     -- Detecting CXX compiler ABI info - done
[2023-11-16T19:22:40.408Z]     -- Check for working CXX compiler: /opt/rh/gcc-toolset-11/root/usr/bin/c++ - skipped
[2023-11-16T19:22:40.408Z]     -- Detecting CXX compile features
[2023-11-16T19:22:40.408Z]     -- Detecting CXX compile features - done
[2023-11-16T19:22:40.408Z]     CMake Deprecation Warning at googletest/CMakeLists.txt:56 (cmake_minimum_required):
[2023-11-16T19:22:40.408Z]       Compatibility with CMake < 2.8.12 will be removed from a future version of
[2023-11-16T19:22:40.408Z]       CMake.
[2023-11-16T19:22:40.408Z]     
[2023-11-16T19:22:40.408Z]       Update the VERSION argument <min> value or use a ...<max> suffix to tell
[2023-11-16T19:22:40.408Z]       CMake that the project does not need compatibility with older versions.
[2023-11-16T19:22:40.408Z]     
[2023-11-16T19:22:40.408Z]     
[2023-11-16T19:22:40.408Z]     -- Found PythonInterp: /usr/local/bin/python (found version "3.9.7")
[2023-11-16T19:22:40.408Z]     -- Looking for pthread.h
[2023-11-16T19:22:40.408Z]     -- Looking for pthread.h - found
[2023-11-16T19:22:40.408Z]     -- Performing Test CMAKE_HAVE_LIBC_PTHREAD
[2023-11-16T19:22:40.408Z]     -- Performing Test CMAKE_HAVE_LIBC_PTHREAD - Failed
[2023-11-16T19:22:40.408Z]     -- Looking for pthread_create in pthreads
[2023-11-16T19:22:40.408Z]     -- Looking for pthread_create in pthreads - not found
[2023-11-16T19:22:40.408Z]     -- Looking for pthread_create in pthread
[2023-11-16T19:22:40.408Z]     -- Looking for pthread_create in pthread - found
[2023-11-16T19:22:40.408Z]     -- Found Threads: TRUE
[2023-11-16T19:22:40.408Z]     -- Configuring done
[2023-11-16T19:22:40.408Z]     -- Generating done
[2023-11-16T19:22:40.408Z]     -- Build files have been written to: /home/S/jenkins/workspace/ECP/ecg-maya-hydra/ecg-maya-hydra-branch-preflight-python3-linux/build/Debug/googletest-build
[2023-11-16T19:22:43.766Z]     [6/8] Performing build step for 'googletest'
[2023-11-16T19:22:43.766Z]     [1/4] Building CXX object googletest/CMakeFiles/gtest_main.dir/src/gtest_main.cc.o
[2023-11-16T19:22:43.766Z]     [2/4] Building CXX object googletest/CMakeFiles/gtest.dir/src/gtest-all.cc.o
[2023-11-16T19:22:43.766Z]     [3/4] Linking CXX shared library lib/libgtestd.so
[2023-11-16T19:22:43.766Z]     [4/4] Linking CXX shared library lib/libgtest_maind.so
[2023-11-16T19:22:43.766Z]     [7/8] Performing install step for 'googletest'
[2023-11-16T19:22:43.766Z]     [0/1] Install the project...
[2023-11-16T19:22:43.766Z]     -- Install configuration: "Debug"
[2023-11-16T19:22:43.766Z]     -- Set runtime path of "/home/S/jenkins/workspace/ECP/ecg-maya-hydra/ecg-maya-hydra-branch-preflight-python3-linux/build/Debug/googletest-install/lib64/libgtest_maind.so" to ""
[2023-11-16T19:22:43.766Z]     [8/8] Completed 'googletest'
[2023-11-16T19:22:43.766Z]     -- ========== ...  GoogleTest installed. ==========
[2023-11-16T19:22:43.766Z]     -- Found GTest: /home/S/jenkins/workspace/ECP/ecg-maya-hydra/ecg-maya-hydra-branch-preflight-python3-linux/build/Debug/googletest-install/lib64/libgtestd.so
[2023-11-16T19:22:43.766Z]     -- promoting: /home/S/jenkins/workspace/ECP/ecg-maya-hydra/ecg-maya-hydra-branch-preflight-python3-linux/ecg-maya-hydra/maya-hydra/lib/mayaHydra/mayaPlugin/pluginUtils.h
[2023-11-16T19:22:43.766Z]     -- promoting: /home/S/jenkins/workspace/ECP/ecg-maya-hydra/ecg-maya-hydra-branch-preflight-python3-linux/ecg-maya-hydra/maya-hydra/lib/mayaHydra/hydraExtensions/api.h
[2023-11-16T19:22:43.766Z]     -- promoting: /home/S/jenkins/workspace/ECP/ecg-maya-hydra/ecg-maya-hydra-branch-preflight-python3-linux/ecg-maya-hydra/maya-hydra/lib/mayaHydra/hydraExtensions/debugCodes.h
[2023-11-16T19:22:43.766Z]     -- promoting: /home/S/jenkins/workspace/ECP/ecg-maya-hydra/ecg-maya-hydra-branch-preflight-python3-linux/ecg-maya-hydra/maya-hydra/lib/mayaHydra/hydraExtensions/hydraUtils.h
[2023-11-16T19:22:43.766Z]     -- promoting: /home/S/jenkins/workspace/ECP/ecg-maya-hydra/ecg-maya-hydra-branch-preflight-python3-linux/ecg-maya-hydra/maya-hydra/lib/mayaHydra/hydraExtensions/interface.h
[2023-11-16T19:22:43.767Z]     -- promoting: /home/S/jenkins/workspace/ECP/ecg-maya-hydra/ecg-maya-hydra-branch-preflight-python3-linux/ecg-maya-hydra/maya-hydra/lib/mayaHydra/hydraExtensions/interfaceImp.h
[2023-11-16T19:22:43.767Z]     -- promoting: /home/S/jenkins/workspace/ECP/ecg-maya-hydra/ecg-maya-hydra-branch-preflight-python3-linux/ecg-maya-hydra/maya-hydra/lib/mayaHydra/hydraExtensions/mayaUtils.h
[2023-11-16T19:22:43.767Z]     -- promoting: /home/S/jenkins/workspace/ECP/ecg-maya-hydra/ecg-maya-hydra-branch-preflight-python3-linux/ecg-maya-hydra/maya-hydra/lib/mayaHydra/hydraExtensions/mixedUtils.h
[2023-11-16T19:22:43.767Z]     -- promoting: /home/S/jenkins/workspace/ECP/ecg-maya-hydra/ecg-maya-hydra-branch-preflight-python3-linux/ecg-maya-hydra/maya-hydra/lib/mayaHydra/hydraExtensions/mayaHydraSceneProducer.h
[2023-11-16T19:22:43.767Z]     -- promoting: /home/S/jenkins/workspace/ECP/ecg-maya-hydra/ecg-maya-hydra-branch-preflight-python3-linux/ecg-maya-hydra/maya-hydra/lib/mayaHydra/hydraExtensions/adapters/adapter.h
[2023-11-16T19:22:43.767Z]     -- promoting: /home/S/jenkins/workspace/ECP/ecg-maya-hydra/ecg-maya-hydra-branch-preflight-python3-linux/ecg-maya-hydra/maya-hydra/lib/mayaHydra/hydraExtensions/adapters/adapterDebugCodes.h
[2023-11-16T19:22:43.767Z]     -- promoting: /home/S/jenkins/workspace/ECP/ecg-maya-hydra/ecg-maya-hydra-branch-preflight-python3-linux/ecg-maya-hydra/maya-hydra/lib/mayaHydra/hydraExtensions/adapters/adapterRegistry.h
[2023-11-16T19:22:43.767Z]     -- promoting: /home/S/jenkins/workspace/ECP/ecg-maya-hydra/ecg-maya-hydra-branch-preflight-python3-linux/ecg-maya-hydra/maya-hydra/lib/mayaHydra/hydraExtensions/adapters/cameraAdapter.h
[2023-11-16T19:22:43.767Z]     -- promoting: /home/S/jenkins/workspace/ECP/ecg-maya-hydra/ecg-maya-hydra-branch-preflight-python3-linux/ecg-maya-hydra/maya-hydra/lib/mayaHydra/hydraExtensions/adapters/constantShadowMatrix.h
[2023-11-16T19:22:43.767Z]     -- promoting: /home/S/jenkins/workspace/ECP/ecg-maya-hydra/ecg-maya-hydra-branch-preflight-python3-linux/ecg-maya-hydra/maya-hydra/lib/mayaHydra/hydraExtensions/adapters/dagAdapter.h
[2023-11-16T19:22:43.767Z]     -- promoting: /home/S/jenkins/workspace/ECP/ecg-maya-hydra/ecg-maya-hydra-branch-preflight-python3-linux/ecg-maya-hydra/maya-hydra/lib/mayaHydra/hydraExtensions/adapters/renderItemAdapter.h
[2023-11-16T19:22:43.767Z]     -- promoting: /home/S/jenkins/workspace/ECP/ecg-maya-hydra/ecg-maya-hydra-branch-preflight-python3-linux/ecg-maya-hydra/maya-hydra/lib/mayaHydra/hydraExtensions/adapters/lightAdapter.h
[2023-11-16T19:22:43.767Z]     -- promoting: /home/S/jenkins/workspace/ECP/ecg-maya-hydra/ecg-maya-hydra-branch-preflight-python3-linux/ecg-maya-hydra/maya-hydra/lib/mayaHydra/hydraExtensions/adapters/materialAdapter.h
[2023-11-16T19:22:43.767Z]     -- promoting: /home/S/jenkins/workspace/ECP/ecg-maya-hydra/ecg-maya-hydra-branch-preflight-python3-linux/ecg-maya-hydra/maya-hydra/lib/mayaHydra/hydraExtensions/adapters/materialNetworkConverter.h
[2023-11-16T19:22:43.767Z]     -- promoting: /home/S/jenkins/workspace/ECP/ecg-maya-hydra/ecg-maya-hydra-branch-preflight-python3-linux/ecg-maya-hydra/maya-hydra/lib/mayaHydra/hydraExtensions/adapters/mayaAttrs.h
[2023-11-16T19:22:43.767Z]     -- promoting: /home/S/jenkins/workspace/ECP/ecg-maya-hydra/ecg-maya-hydra-branch-preflight-python3-linux/ecg-maya-hydra/maya-hydra/lib/mayaHydra/hydraExtensions/adapters/shapeAdapter.h
[2023-11-16T19:22:43.767Z]     -- promoting: /home/S/jenkins/workspace/ECP/ecg-maya-hydra/ecg-maya-hydra-branch-preflight-python3-linux/ecg-maya-hydra/maya-hydra/lib/mayaHydra/hydraExtensions/adapters/tokens.h
[2023-11-16T19:22:43.767Z]     -- promoting: /home/S/jenkins/workspace/ECP/ecg-maya-hydra/ecg-maya-hydra-branch-preflight-python3-linux/ecg-maya-hydra/maya-hydra/lib/mayaHydra/hydraExtensions/delegates/delegate.h
[2023-11-16T19:22:43.767Z]     -- promoting: /home/S/jenkins/workspace/ECP/ecg-maya-hydra/ecg-maya-hydra-branch-preflight-python3-linux/ecg-maya-hydra/maya-hydra/lib/mayaHydra/hydraExtensions/delegates/delegateCtx.h
[2023-11-16T19:22:43.767Z]     -- promoting: /home/S/jenkins/workspace/ECP/ecg-maya-hydra/ecg-maya-hydra-branch-preflight-python3-linux/ecg-maya-hydra/maya-hydra/lib/mayaHydra/hydraExtensions/delegates/delegateDebugCodes.h
[2023-11-16T19:22:43.767Z]     -- promoting: /home/S/jenkins/workspace/ECP/ecg-maya-hydra/ecg-maya-hydra-branch-preflight-python3-linux/ecg-maya-hydra/maya-hydra/lib/mayaHydra/hydraExtensions/delegates/delegateRegistry.h
[2023-11-16T19:22:43.767Z]     -- promoting: /home/S/jenkins/workspace/ECP/ecg-maya-hydra/ecg-maya-hydra-branch-preflight-python3-linux/ecg-maya-hydra/maya-hydra/lib/mayaHydra/hydraExtensions/delegates/params.h
[2023-11-16T19:22:43.767Z]     -- promoting: /home/S/jenkins/workspace/ECP/ecg-maya-hydra/ecg-maya-hydra-branch-preflight-python3-linux/ecg-maya-hydra/maya-hydra/lib/mayaHydra/hydraExtensions/delegates/sceneDelegate.h
[2023-11-16T19:22:43.767Z]     -- promoting: /home/S/jenkins/workspace/ECP/ecg-maya-hydra/ecg-maya-hydra-branch-preflight-python3-linux/ecg-maya-hydra/maya-hydra/lib/mayaHydra/hydraExtensions/delegates/defaultLightDelegate.h
[2023-11-16T19:22:43.767Z]     -- promoting: /home/S/jenkins/workspace/ECP/ecg-maya-hydra/ecg-maya-hydra-branch-preflight-python3-linux/ecg-maya-hydra/maya-hydra/lib/mayaHydra/hydraExtensions/delegates/testDelegate.h
[2023-11-16T19:22:43.767Z]     -- promoting: /home/S/jenkins/workspace/ECP/ecg-maya-hydra/ecg-maya-hydra-branch-preflight-python3-linux/ecg-maya-hydra/maya-hydra/lib/mayaHydra/hydraExtensions/sceneIndex/registration.h
[2023-11-16T19:22:43.767Z]     -- promoting: /home/S/jenkins/workspace/ECP/ecg-maya-hydra/ecg-maya-hydra-branch-preflight-python3-linux/ecg-maya-hydra/maya-hydra/lib/mayaHydra/hydraExtensions/sceneIndex/mayaHydraSceneIndex.h
[2023-11-16T19:22:43.767Z]     -- promoting: /home/S/jenkins/workspace/ECP/ecg-maya-hydra/ecg-maya-hydra-branch-preflight-python3-linux/ecg-maya-hydra/maya-hydra/lib/mayaHydra/hydraExtensions/sceneIndex/mayaHydraDataSource.h
[2023-11-16T19:22:43.767Z]     -- promoting: /home/S/jenkins/workspace/ECP/ecg-maya-hydra/ecg-maya-hydra-branch-preflight-python3-linux/ecg-maya-hydra/maya-hydra/lib/mayaHydra/hydraExtensions/sceneIndex/mayaHydraPrimvarDataSource.h
[2023-11-16T19:22:43.767Z]     -- promoting: /home/S/jenkins/workspace/ECP/ecg-maya-hydra/ecg-maya-hydra-branch-preflight-python3-linux/ecg-maya-hydra/maya-hydra/lib/mayaHydra/hydraExtensions/sceneIndex/mayaHydraDisplayStyleDataSource.h
[2023-11-16T19:22:43.767Z]     -- promoting: /home/S/jenkins/workspace/ECP/ecg-maya-hydra/ecg-maya-hydra-branch-preflight-python3-linux/ecg-maya-hydra/maya-hydra/lib/mayaHydra/hydraExtensions/sceneIndex/mayaHydraCameraDataSource.h
[2023-11-16T19:22:43.767Z]     -- promoting: /home/S/jenkins/workspace/ECP/ecg-maya-hydra/ecg-maya-hydra-branch-preflight-python3-linux/ecg-maya-hydra/maya-hydra/lib/mayaHydra/hydraExtensions/sceneIndex/mayaHydraLightDataSource.h
[2023-11-16T19:22:43.767Z]     -- promoting: /home/S/jenkins/workspace/ECP/ecg-maya-hydra/ecg-maya-hydra-branch-preflight-python3-linux/ecg-maya-hydra/maya-hydra/lib/mayaHydra/hydraExtensions/sceneIndex/mayaHydraDefaultLightDataSource.h
[2023-11-16T19:22:43.767Z]     -- promoting: /home/S/jenkins/workspace/ECP/ecg-maya-hydra/ecg-maya-hydra-branch-preflight-python3-linux/ecg-maya-hydra/maya-hydra/lib/mayaHydra/ufeExtensions/api.h
[2023-11-16T19:22:43.767Z]     -- promoting: /home/S/jenkins/workspace/ECP/ecg-maya-hydra/ecg-maya-hydra-branch-preflight-python3-linux/ecg-maya-hydra/maya-hydra/lib/mayaHydra/ufeExtensions/Global.h
[2023-11-16T19:22:43.767Z]     -- promoting: /home/S/jenkins/workspace/ECP/ecg-maya-hydra/ecg-maya-hydra-branch-preflight-python3-linux/ecg-maya-hydra/maya-hydra/lib/flowViewport/api.h
[2023-11-16T19:22:43.767Z]     -- promoting: /home/S/jenkins/workspace/ECP/ecg-maya-hydra/ecg-maya-hydra-branch-preflight-python3-linux/ecg-maya-hydra/maya-hydra/lib/flowViewport/debugCodes.h
[2023-11-16T19:22:43.767Z]     -- promoting: /home/S/jenkins/workspace/ECP/ecg-maya-hydra/ecg-maya-hydra-branch-preflight-python3-linux/ecg-maya-hydra/maya-hydra/lib/flowViewport/global.h
[2023-11-16T19:22:43.767Z]     -- promoting: /home/S/jenkins/workspace/ECP/ecg-maya-hydra/ecg-maya-hydra-branch-preflight-python3-linux/ecg-maya-hydra/maya-hydra/lib/flowViewport/tokens.h
[2023-11-16T19:22:43.767Z]     -- promoting: /home/S/jenkins/workspace/ECP/ecg-maya-hydra/ecg-maya-hydra-branch-preflight-python3-linux/ecg-maya-hydra/maya-hydra/lib/flowViewport/colorPreferences/fvpColorChanged.h
[2023-11-16T19:22:43.767Z]     -- promoting: /home/S/jenkins/workspace/ECP/ecg-maya-hydra/ecg-maya-hydra-branch-preflight-python3-linux/ecg-maya-hydra/maya-hydra/lib/flowViewport/colorPreferences/fvpColorPreferences.h
[2023-11-16T19:22:43.767Z]     -- promoting: /home/S/jenkins/workspace/ECP/ecg-maya-hydra/ecg-maya-hydra-branch-preflight-python3-linux/ecg-maya-hydra/maya-hydra/lib/flowViewport/colorPreferences/fvpColorPreferencesTokens.h
[2023-11-16T19:22:43.767Z]     -- promoting: /home/S/jenkins/workspace/ECP/ecg-maya-hydra/ecg-maya-hydra-branch-preflight-python3-linux/ecg-maya-hydra/maya-hydra/lib/flowViewport/colorPreferences/fvpColorPreferencesTranslator.h
[2023-11-16T19:22:43.767Z]     -- promoting: /home/S/jenkins/workspace/ECP/ecg-maya-hydra/ecg-maya-hydra-branch-preflight-python3-linux/ecg-maya-hydra/maya-hydra/lib/flowViewport/sceneIndex/fvpMergingSceneIndex.h
[2023-11-16T19:22:43.767Z]     -- promoting: /home/S/jenkins/workspace/ECP/ecg-maya-hydra/ecg-maya-hydra-branch-preflight-python3-linux/ecg-maya-hydra/maya-hydra/lib/flowViewport/sceneIndex/fvpPathInterface.h
[2023-11-16T19:22:43.767Z]     -- promoting: /home/S/jenkins/workspace/ECP/ecg-maya-hydra/ecg-maya-hydra-branch-preflight-python3-linux/ecg-maya-hydra/maya-hydra/lib/flowViewport/sceneIndex/fvpPathInterfaceSceneIndex.h
[2023-11-16T19:22:43.767Z]     -- promoting: /home/S/jenkins/workspace/ECP/ecg-maya-hydra/ecg-maya-hydra-branch-preflight-python3-linux/ecg-maya-hydra/maya-hydra/lib/flowViewport/sceneIndex/fvpRenderIndexProxy.h
[2023-11-16T19:22:43.767Z]     -- promoting: /home/S/jenkins/workspace/ECP/ecg-maya-hydra/ecg-maya-hydra-branch-preflight-python3-linux/ecg-maya-hydra/maya-hydra/lib/flowViewport/sceneIndex/fvpSelectionSceneIndex.h
[2023-11-16T19:22:43.767Z]     -- promoting: /home/S/jenkins/workspace/ECP/ecg-maya-hydra/ecg-maya-hydra-branch-preflight-python3-linux/ecg-maya-hydra/maya-hydra/lib/flowViewport/sceneIndex/fvpWireframeSelectionHighlightSceneIndex.h
[2023-11-16T19:22:43.767Z]     -- promoting: /home/S/jenkins/workspace/ECP/ecg-maya-hydra/ecg-maya-hydra-branch-preflight-python3-linux/ecg-maya-hydra/maya-hydra/lib/flowViewport/API/fvpSelectionClient.h
[2023-11-16T19:22:43.767Z]     -- promoting: /home/S/jenkins/workspace/ECP/ecg-maya-hydra/ecg-maya-hydra-branch-preflight-python3-linux/ecg-maya-hydra/maya-hydra/lib/flowViewport/API/fvpFlowSelectionInterface.h
[2023-11-16T19:22:43.767Z]     -- promoting: /home/S/jenkins/workspace/ECP/ecg-maya-hydra/ecg-maya-hydra-branch-preflight-python3-linux/ecg-maya-hydra/maya-hydra/lib/flowViewport/API/fvpVersionInterface.h
[2023-11-16T19:22:43.767Z]     -- promoting: /home/S/jenkins/workspace/ECP/ecg-maya-hydra/ecg-maya-hydra-branch-preflight-python3-linux/ecg-maya-hydra/maya-hydra/lib/flowViewport/API/interfacesImp/fvpSelectionInterfaceImp.h
[2023-11-16T19:22:43.767Z]     -- promoting: /home/S/jenkins/workspace/ECP/ecg-maya-hydra/ecg-maya-hydra-branch-preflight-python3-linux/ecg-maya-hydra/maya-hydra/lib/flowViewport/API/interfacesImp/fvpVersionInterfaceImp.h
[2023-11-16T19:22:43.767Z]     -- promoting: /home/S/jenkins/workspace/ECP/ecg-maya-hydra/ecg-maya-hydra-branch-preflight-python3-linux/ecg-maya-hydra/maya-hydra/lib/flowViewport/API/samples/fvpSelectionClientExample.h
[2023-11-16T19:22:43.767Z]     -- promoting: /home/S/jenkins/workspace/ECP/ecg-maya-hydra/ecg-maya-hydra-branch-preflight-python3-linux/ecg-maya-hydra/maya-hydra/lib/flowViewport/selection/fvpSelection.h
[2023-11-16T19:22:43.767Z]     -- promoting: /home/S/jenkins/workspace/ECP/ecg-maya-hydra/ecg-maya-hydra-branch-preflight-python3-linux/ecg-maya-hydra/maya-hydra/lib/flowViewport/selection/fvpSelectionFwd.h
[2023-11-16T19:22:43.767Z]     -- promoting: /home/S/jenkins/workspace/ECP/ecg-maya-hydra/ecg-maya-hydra-branch-preflight-python3-linux/ecg-maya-hydra/maya-hydra/lib/flowViewport/selection/fvpSelectionTask.h
[2023-11-16T19:22:43.767Z]     -- promoting: /home/S/jenkins/workspace/ECP/ecg-maya-hydra/ecg-maya-hydra-branch-preflight-python3-linux/ecg-maya-hydra/maya-hydra/lib/flowViewport/selection/fvpSelectionTracker.h
[2023-11-16T19:22:44.302Z]     -- Configuring done
[2023-11-16T19:22:44.302Z]     -- Generating done
[2023-11-16T19:22:44.302Z]     CMake Warning:
[2023-11-16T19:22:44.302Z]       Manually-specified variables were not used by the project:
[2023-11-16T19:22:44.302Z]     
[2023-11-16T19:22:44.302Z]         BUILD_WITH_PYTHON_3
[2023-11-16T19:22:44.302Z]     
[2023-11-16T19:22:44.302Z]     
[2023-11-16T19:22:44.302Z]     -- Build files have been written to: /home/S/jenkins/workspace/ECP/ecg-maya-hydra/ecg-maya-hydra-branch-preflight-python3-linux/build/Debug
[2023-11-16T19:22:44.302Z]     
[2023-11-16T19:22:44.302Z]         Building with settings:
[2023-11-16T19:22:44.302Z]           Source directory          /home/S/jenkins/workspace/ECP/ecg-maya-hydra/ecg-maya-hydra-branch-preflight-python3-linux/ecg-maya-hydra/maya-hydra
[2023-11-16T19:22:44.302Z]           Workspace directory       /local/S/jenkins/workspace/ECP/ecg-maya-hydra/ecg-maya-hydra-branch-preflight-python3-linux
[2023-11-16T19:22:44.302Z]           Build directory           /local/S/jenkins/workspace/ECP/ecg-maya-hydra/ecg-maya-hydra-branch-preflight-python3-linux/build/Debug
[2023-11-16T19:22:44.302Z]           Install directory         /local/S/jenkins/workspace/ECP/ecg-maya-hydra/ecg-maya-hydra-branch-preflight-python3-linux/install/Debug/MayaHydra
[2023-11-16T19:22:44.302Z]           Variant                   Debug
[2023-11-16T19:22:44.302Z]           Python Debug              On
[2023-11-16T19:22:44.302Z]           CMake generator           Ninja
[2023-11-16T19:22:44.302Z]           Build arguments           ['-DCMAKE_MAKE_PROGRAM=/local/S/jenkins/workspace/shared/Artifactory/Linux/ninja/1.10.2/9ab399b/ninja', '-DPYTHON_INCLUDE_DIR=/local/S/jenkins/workspace/shared/Artifactory/Linux/rundev-master-debug/202310260154/runtime/7d60df0/runTime/include/Python310/Python', '-DPython_EXECUTABLE=/local/S/jenkins/workspace/shared/Artifactory/Linux/rundev-master-debug/202310260154/runtime/7d60df0/runTime/bin/mayapy', '-DPYTHON_LIBRARIES=/local/S/jenkins/workspace/shared/Artifactory/Linux/rundev-master-debug/202310260154/runtime/7d60df0/runTime/lib/libpython3.10d.so.1.0', '-DBUILD_WITH_PYTHON_3=ON', '-DBUILD_WITH_PYTHON_3_VERSION=3.10', '-DCMAKE_WANT_MATERIALX_BUILD=ON', '-DCMAKE_PREFIX_PATH=/local/S/jenkins/workspace/shared/Artifactory/Linux/USD/8e4fe45', '-DMAYAHYDRA_BUILD_NUMBER=402', '-DMAYAHYDRA_GIT_COMMIT=86220da922b9bf375540f17e48f7cae1dbba339c', '-DMAYAHYDRA_GIT_BRANCH=master']
[2023-11-16T19:22:44.302Z]           Stages arguments          ['configure']
[2023-11-16T19:22:44.302Z]           CTest arguments           ['--parallel 16']
[2023-11-16T19:22:44.302Z]     STATUS: Could not find Maya Qt6.
[2023-11-16T19:22:44.302Z]     STATUS:   Extracting '/local/S/jenkins/workspace/shared/Artifactory/Linux/rundev-master-debug/202310260154/runtime/7d60df0/devkitBase/Qt.tgz' to '/local/S/jenkins/workspace/shared/Artifactory/Linux/rundev-master-debug/202310260154/runtime/7d60df0/devkitBase'
[2023-11-16T19:22:44.302Z]     Success MayaHydra build and install !!!!
[2023-11-16T19:22:44.302Z]     Elapsed time: 00:00:09
[Pipeline] sh
[2023-11-16T19:22:45.619Z] + scl enable gcc-toolset-11 -
[2023-11-16T19:22:45.619Z] + '[' enable = load -o enable = unload ']'
[2023-11-16T19:22:45.619Z] + /usr/bin/scl enable gcc-toolset-11 -
[2023-11-16T19:22:45.619Z] python ecg-maya-hydra/build.py --stages=configure --workspace-dir=/local/S/jenkins/workspace/ECP/ecg-maya-hydra/ecg-maya-hydra-branch-preflight-python3-linux --artifactory-dir=/local/S/jenkins/workspace/shared/Artifactory --build-dir=/local/S/jenkins/workspace/ECP/ecg-maya-hydra/ecg-maya-hydra-branch-preflight-python3-linux/build --install-dir=/local/S/jenkins/workspace/ECP/ecg-maya-hydra/ecg-maya-hydra-branch-preflight-python3-linux/install --signing-dir=/local/S/jenkins/workspace/ECP/ecg-maya-hydra/ecg-maya-hydra-branch-preflight-python3-linux/signing --package-dir=/local/S/jenkins/workspace/ECP/ecg-maya-hydra/ecg-maya-hydra-branch-preflight-python3-linux/package --output-dir=/local/S/jenkins/workspace/ECP/ecg-maya-hydra/ecg-maya-hydra-branch-preflight-python3-linux/output --stash-dir=/local/S/jenkins/workspace/ECP/ecg-maya-hydra/ecg-maya-hydra-branch-preflight-python3-linux/stash --jenkins-build=402 --git-commit=86220da922b9bf375540f17e48f7cae1dbba339c --git-branch=master --variants=RelWithDebInfo --interactive-tests=true --post-zips=false --osx-binary-architecture-target=ub2 --osx-deployment-target=11.0 --osx-base-sdk=CurrentActiveSDK --maya-cut-config=maya-rundev-master.yaml --maya-package=rundev-master --stage-banner
[2023-11-16T19:22:45.619Z] Using Maya cut from /local/S/jenkins/workspace/shared/Artifactory/Linux/rundev-master/202311060140/runtime/33fa670
[2023-11-16T19:22:45.619Z] 
[2023-11-16T19:22:45.619Z] ================================================================================
[2023-11-16T19:22:45.619Z]                            configure (RelWithDebInfo)
[2023-11-16T19:22:45.619Z] ================================================================================
[2023-11-16T19:22:45.619Z] Maya Python RelWithDebInfo Info:
[2023-11-16T19:22:45.619Z]   mayapy executable   = /local/S/jenkins/workspace/shared/Artifactory/Linux/rundev-master/202311060140/runtime/33fa670/runTime/bin/mayapy
[2023-11-16T19:22:45.619Z]   Include Folder      = /local/S/jenkins/workspace/shared/Artifactory/Linux/rundev-master/202311060140/runtime/33fa670/runTime/include/Python310/Python
[2023-11-16T19:22:45.619Z]   Library             = /local/S/jenkins/workspace/shared/Artifactory/Linux/rundev-master/202311060140/runtime/33fa670/runTime/lib/libpython3.10.so.1.0
[2023-11-16T19:22:45.619Z]   site-package Folder = /local/S/jenkins/workspace/shared/Artifactory/Linux/rundev-master/202311060140/runtime/33fa670/runTime/lib/python3.10/site-packages
[2023-11-16T19:22:46.156Z] In workdir: /home/S/jenkins/workspace/ECP/ecg-maya-hydra/ecg-maya-hydra-branch-preflight-python3-linux/ecg-maya-hydra/maya-hydra
[2023-11-16T19:22:46.156Z] Executing: /local/S/jenkins/workspace/shared/Artifactory/Linux/rundev-master/202311060140/runtime/33fa670/runTime/bin/mayapy /home/S/jenkins/workspace/ECP/ecg-maya-hydra/ecg-maya-hydra-branch-preflight-python3-linux/ecg-maya-hydra/maya-hydra/build.py --generator Ninja --build-relwithdebug --maya-location /local/S/jenkins/workspace/shared/Artifactory/Linux/rundev-master/202311060140/runtime/33fa670/runTime --devkit-location /local/S/jenkins/workspace/shared/Artifactory/Linux/rundev-master/202311060140/runtime/33fa670/devkitBase --pxrusd-location /local/S/jenkins/workspace/shared/Artifactory/Linux/USD/13e6029 --build-args=-DCMAKE_MAKE_PROGRAM=/local/S/jenkins/workspace/shared/Artifactory/Linux/ninja/1.10.2/9ab399b/ninja,-DPYTHON_INCLUDE_DIR=/local/S/jenkins/workspace/shared/Artifactory/Linux/rundev-master/202311060140/runtime/33fa670/runTime/include/Python310/Python,-DPython_EXECUTABLE=/local/S/jenkins/workspace/shared/Artifactory/Linux/rundev-master/202311060140/runtime/33fa670/runTime/bin/mayapy,-DPYTHON_LIBRARIES=/local/S/jenkins/workspace/shared/Artifactory/Linux/rundev-master/202311060140/runtime/33fa670/runTime/lib/libpython3.10.so.1.0,-DBUILD_WITH_PYTHON_3=ON,-DBUILD_WITH_PYTHON_3_VERSION=3.10,-DCMAKE_WANT_MATERIALX_BUILD=ON,-DCMAKE_PREFIX_PATH=/local/S/jenkins/workspace/shared/Artifactory/Linux/USD/13e6029,-DMAYAHYDRA_BUILD_NUMBER=402,-DMAYAHYDRA_GIT_COMMIT=86220da922b9bf375540f17e48f7cae1dbba339c,-DMAYAHYDRA_GIT_BRANCH=master '--ctest-args=--parallel 16' --stages=configure --redirect-outstream-file=False --install-location /local/S/jenkins/workspace/ECP/ecg-maya-hydra/ecg-maya-hydra-branch-preflight-python3-linux/install/RelWithDebInfo/MayaHydra /local/S/jenkins/workspace/ECP/ecg-maya-hydra/ecg-maya-hydra-branch-preflight-python3-linux
[2023-11-16T19:22:46.156Z] Modified environment variables:
[2023-11-16T19:22:46.156Z]     LD_LIBRARY_PATH=/opt/rh/gcc-toolset-11/root/usr/lib64:/opt/rh/gcc-toolset-11/root/usr/lib64:/opt/rh/gcc-toolset-11/root/usr/lib:/opt/rh/gcc-toolset-11/root/usr/lib64/dyninst:/opt/rh/gcc-toolset-11/root/usr/lib/dyninst
[2023-11-16T19:22:46.156Z]     PATH=/local/S/jenkins/workspace/shared/Artifactory/Linux/cmake/3.20.3/ab685d7/bin:/opt/rh/gcc-toolset-11/root/usr/bin:/home/administrator/.local/bin:/home/administrator/bin:/usr/share/Modules/bin:/usr/local/bin:/usr/local/sbin:/usr/bin:/usr/sbin
[2023-11-16T19:22:59.450Z]     -- The C compiler identification is GNU 11.2.1
[2023-11-16T19:22:59.450Z]     -- The CXX compiler identification is GNU 11.2.1
[2023-11-16T19:22:59.450Z]     -- Detecting C compiler ABI info
[2023-11-16T19:22:59.450Z]     -- Detecting C compiler ABI info - done
[2023-11-16T19:22:59.450Z]     -- Check for working C compiler: /opt/rh/gcc-toolset-11/root/usr/bin/cc - skipped
[2023-11-16T19:22:59.450Z]     -- Detecting C compile features
[2023-11-16T19:22:59.450Z]     -- Detecting C compile features - done
[2023-11-16T19:22:59.450Z]     -- Detecting CXX compiler ABI info
[2023-11-16T19:22:59.450Z]     -- Detecting CXX compiler ABI info - done
[2023-11-16T19:22:59.450Z]     -- Check for working CXX compiler: /opt/rh/gcc-toolset-11/root/usr/bin/c++ - skipped
[2023-11-16T19:22:59.450Z]     -- Detecting CXX compile features
[2023-11-16T19:22:59.450Z]     -- Detecting CXX compile features - done
[2023-11-16T19:22:59.450Z]     -- Using Maya Light API Version 3
[2023-11-16T19:22:59.450Z]     -- Maya has setDefaultMaterialHandling API
[2023-11-16T19:22:59.450Z]     -- Maya has new point snapping API
[2023-11-16T19:22:59.450Z]     -- Maya has isInCrashHandler API
[2023-11-16T19:22:59.450Z]     -- Maya has getDisplayStyleOfAllViewports API
[2023-11-16T19:22:59.450Z]     -- Maya array iterator has difference_type trait
[2023-11-16T19:22:59.450Z]     -- MFnSet has getMemberPaths function
[2023-11-16T19:22:59.450Z]     -- MFnDisplayLayer exists
[2023-11-16T19:22:59.450Z]     -- MDisplayLayerMessage has MDisplayLayerMemberChangedFunction
[2023-11-16T19:22:59.450Z]     -- MRenderItem has HideOnPlayback API
[2023-11-16T19:22:59.450Z]     -- Linux: Maya was built with new cxx11 ABI
[2023-11-16T19:22:59.450Z]     -- Found Maya: /local/S/jenkins/workspace/shared/Artifactory/Linux/rundev-master/202311060140/runtime/33fa670/runTime/bin/maya (found suitable version "2025", minimum required is "2024")
[2023-11-16T19:22:59.450Z]     -- Found Python: /local/S/jenkins/workspace/shared/Artifactory/Linux/rundev-master/202311060140/runtime/33fa670/runTime/bin/mayapy (found suitable exact version "3.10.8") found components: Interpreter
[2023-11-16T19:22:59.450Z]     -- Build mayaHydra with Python3 = 3.10
[2023-11-16T19:22:59.450Z]     --    PYTHON_INCLUDE_DIRS = /local/S/jenkins/workspace/shared/Artifactory/Linux/rundev-master/202311060140/runtime/33fa670/runTime/include/Python310/Python
[2023-11-16T19:22:59.450Z]     --    PYTHON_LIBRARIES    = /local/S/jenkins/workspace/shared/Artifactory/Linux/rundev-master/202311060140/runtime/33fa670/runTime/lib/libpython3.10.so.1.0
[2023-11-16T19:22:59.450Z]     --    Python_EXECUTABLE   = /local/S/jenkins/workspace/shared/Artifactory/Linux/rundev-master/202311060140/runtime/33fa670/runTime/bin/mayapy
[2023-11-16T19:22:59.450Z]     -- Found Python3: /local/S/jenkins/workspace/shared/Artifactory/Linux/rundev-master/202311060140/runtime/33fa670/runTime/include/Python310/Python (found suitable exact version "3.10.8") found components: Development Development.Module Development.Embed
[2023-11-16T19:22:59.450Z]     -- USD has new Sdr.PropertyTypes.Color4
[2023-11-16T19:22:59.985Z]     -- USD has MaterialX metadata support
[2023-11-16T19:22:59.985Z]     -- USD include dir: /local/S/jenkins/workspace/shared/Artifactory/Linux/USD/13e6029/include
[2023-11-16T19:22:59.985Z]     -- USD library dir: /local/S/jenkins/workspace/shared/Artifactory/Linux/USD/13e6029/lib
[2023-11-16T19:22:59.985Z]     -- USD version: 0.23.8
[2023-11-16T19:22:59.985Z]     -- Found USD: /local/S/jenkins/workspace/shared/Artifactory/Linux/USD/13e6029 (found suitable version "0.23.8", minimum required is "0.22.11")
[2023-11-16T19:22:59.985Z]     Updated PYTHONPATH: /local/S/jenkins/workspace/shared/Artifactory/Linux/USD/13e6029/lib/python
[2023-11-16T19:22:59.985Z]     -- Found UFE: /local/S/jenkins/workspace/shared/Artifactory/Linux/rundev-master/202311060140/runtime/33fa670/devkitBase/devkit/ufe/include (found version "0.5.11")
[2023-11-16T19:22:59.985Z]     -- UFE include dir: /local/S/jenkins/workspace/shared/Artifactory/Linux/rundev-master/202311060140/runtime/33fa670/devkitBase/devkit/ufe/include
[2023-11-16T19:22:59.985Z]     -- UFE library: /local/S/jenkins/workspace/shared/Artifactory/Linux/rundev-master/202311060140/runtime/33fa670/devkitBase/devkit/ufe/lib/libufe_0.so
[2023-11-16T19:22:59.985Z]     -- UFE version: 0.5.11
[2023-11-16T19:22:59.985Z]     -- Maya has UFE lights API
[2023-11-16T19:22:59.985Z]     -- Maya has UFE scene segment API
[2023-11-16T19:22:59.985Z]     -- Maya has UFE TrieNode childrenComponents accessor
[2023-11-16T19:22:59.985Z]     -- Building with UFE 0.5.11.
[2023-11-16T19:22:59.985Z]     -- Found MaterialX
[2023-11-16T19:22:59.985Z]     -- Check if compiler accepts -pthread
[2023-11-16T19:22:59.985Z]     -- Check if compiler accepts -pthread - yes
[2023-11-16T19:22:59.985Z]     -- Performing Test HAVE_STDATOMIC
[2023-11-16T19:23:00.520Z]     -- Performing Test HAVE_STDATOMIC - Success
[2023-11-16T19:23:00.520Z]     -- Found OpenGL: /usr/lib64/libOpenGL.so
[2023-11-16T19:23:00.520Z]     -- Check if linker can resolve circular dependencies - FALSE
[2023-11-16T19:23:00.520Z]     -- Found Qt 6.5.2 in Maya devkit. Hydra Scene Browser will be built.
[2023-11-16T19:23:00.520Z]     -- **** Building Gulrak From Github Repository.
[2023-11-16T19:23:00.520Z]     -- Populating gulrak
[2023-11-16T19:23:00.520Z]     -- Configuring done
[2023-11-16T19:23:00.520Z]     -- Generating done
[2023-11-16T19:23:00.520Z]     -- Build files have been written to: /home/S/jenkins/workspace/ECP/ecg-maya-hydra/ecg-maya-hydra-branch-preflight-python3-linux/build/RelWithDebInfo/_deps/gulrak-subbuild
[2023-11-16T19:23:00.520Z]     [1/9] Creating directories for 'gulrak-populate'
[2023-11-16T19:23:00.520Z]     [1/9] Performing download step (git clone) for 'gulrak-populate'
[2023-11-16T19:23:00.520Z]     Cloning into 'gulrak-src'...
[2023-11-16T19:23:01.055Z]     HEAD is now at 4e21ab3 Version bump and updated readme.
[2023-11-16T19:23:01.055Z]     [2/9] Performing update step for 'gulrak-populate'
[2023-11-16T19:23:01.055Z]     [4/9] No patch step for 'gulrak-populate'
[2023-11-16T19:23:01.055Z]     [5/9] No configure step for 'gulrak-populate'
[2023-11-16T19:23:01.055Z]     [6/9] No build step for 'gulrak-populate'
[2023-11-16T19:23:01.055Z]     [7/9] No install step for 'gulrak-populate'
[2023-11-16T19:23:01.055Z]     [8/9] No test step for 'gulrak-populate'
[2023-11-16T19:23:01.055Z]     [9/9] Completed 'gulrak-populate'
[2023-11-16T19:23:01.055Z]     -- ========== Installing GoogleTest... ==========
[2023-11-16T19:23:01.055Z]     -- Configuring done
[2023-11-16T19:23:01.055Z]     -- Generating done
[2023-11-16T19:23:01.055Z]     -- Build files have been written to: /home/S/jenkins/workspace/ECP/ecg-maya-hydra/ecg-maya-hydra-branch-preflight-python3-linux/build/RelWithDebInfo/googletest-config
[2023-11-16T19:23:01.055Z]     [1/8] Creating directories for 'googletest'
[2023-11-16T19:23:02.175Z]     [2/8] Performing download step (git clone) for 'googletest'
[2023-11-16T19:23:02.175Z]     Cloning into 'googletest-src'...
[2023-11-16T19:23:02.175Z]     HEAD is now at 703bd9ca Googletest export
[2023-11-16T19:23:02.175Z]     [3/8] Performing update step for 'googletest'
[2023-11-16T19:23:02.175Z]     [4/8] No patch step for 'googletest'
[2023-11-16T19:23:02.709Z]     [5/8] Performing configure step for 'googletest'
[2023-11-16T19:23:02.709Z]     Not searching for unused variables given on the command line.
[2023-11-16T19:23:02.709Z]     CMake Deprecation Warning at CMakeLists.txt:4 (cmake_minimum_required):
[2023-11-16T19:23:02.709Z]       Compatibility with CMake < 2.8.12 will be removed from a future version of
[2023-11-16T19:23:02.709Z]       CMake.
[2023-11-16T19:23:02.709Z]     
[2023-11-16T19:23:02.709Z]       Update the VERSION argument <min> value or use a ...<max> suffix to tell
[2023-11-16T19:23:02.709Z]       CMake that the project does not need compatibility with older versions.
[2023-11-16T19:23:02.709Z]     
[2023-11-16T19:23:02.709Z]     
[2023-11-16T19:23:02.709Z]     -- The C compiler identification is GNU 11.2.1
[2023-11-16T19:23:02.709Z]     -- The CXX compiler identification is GNU 11.2.1
[2023-11-16T19:23:02.709Z]     -- Detecting C compiler ABI info
[2023-11-16T19:23:02.709Z]     -- Detecting C compiler ABI info - done
[2023-11-16T19:23:02.709Z]     -- Check for working C compiler: /opt/rh/gcc-toolset-11/root/usr/bin/cc - skipped
[2023-11-16T19:23:02.709Z]     -- Detecting C compile features
[2023-11-16T19:23:02.709Z]     -- Detecting C compile features - done
[2023-11-16T19:23:02.709Z]     -- Detecting CXX compiler ABI info
[2023-11-16T19:23:02.709Z]     -- Detecting CXX compiler ABI info - done
[2023-11-16T19:23:02.709Z]     -- Check for working CXX compiler: /opt/rh/gcc-toolset-11/root/usr/bin/c++ - skipped
[2023-11-16T19:23:02.709Z]     -- Detecting CXX compile features
[2023-11-16T19:23:02.709Z]     -- Detecting CXX compile features - done
[2023-11-16T19:23:02.709Z]     CMake Deprecation Warning at googletest/CMakeLists.txt:56 (cmake_minimum_required):
[2023-11-16T19:23:02.709Z]       Compatibility with CMake < 2.8.12 will be removed from a future version of
[2023-11-16T19:23:02.709Z]       CMake.
[2023-11-16T19:23:02.709Z]     
[2023-11-16T19:23:02.709Z]       Update the VERSION argument <min> value or use a ...<max> suffix to tell
[2023-11-16T19:23:02.709Z]       CMake that the project does not need compatibility with older versions.
[2023-11-16T19:23:02.709Z]     
[2023-11-16T19:23:02.709Z]     
[2023-11-16T19:23:02.709Z]     -- Found PythonInterp: /usr/local/bin/python (found version "3.9.7")
[2023-11-16T19:23:02.709Z]     -- Looking for pthread.h
[2023-11-16T19:23:02.709Z]     -- Looking for pthread.h - found
[2023-11-16T19:23:02.709Z]     -- Performing Test CMAKE_HAVE_LIBC_PTHREAD
[2023-11-16T19:23:02.709Z]     -- Performing Test CMAKE_HAVE_LIBC_PTHREAD - Failed
[2023-11-16T19:23:02.709Z]     -- Looking for pthread_create in pthreads
[2023-11-16T19:23:02.709Z]     -- Looking for pthread_create in pthreads - not found
[2023-11-16T19:23:02.709Z]     -- Looking for pthread_create in pthread
[2023-11-16T19:23:02.709Z]     -- Looking for pthread_create in pthread - found
[2023-11-16T19:23:02.709Z]     -- Found Threads: TRUE
[2023-11-16T19:23:02.709Z]     -- Configuring done
[2023-11-16T19:23:02.709Z]     -- Generating done
[2023-11-16T19:23:02.709Z]     -- Build files have been written to: /home/S/jenkins/workspace/ECP/ecg-maya-hydra/ecg-maya-hydra-branch-preflight-python3-linux/build/RelWithDebInfo/googletest-build
[2023-11-16T19:23:12.409Z]     [6/8] Performing build step for 'googletest'
[2023-11-16T19:23:12.409Z]     [1/4] Building CXX object googletest/CMakeFiles/gtest_main.dir/src/gtest_main.cc.o
[2023-11-16T19:23:12.409Z]     [2/4] Building CXX object googletest/CMakeFiles/gtest.dir/src/gtest-all.cc.o
[2023-11-16T19:23:12.409Z]     [3/4] Linking CXX shared library lib/libgtest.so
[2023-11-16T19:23:12.409Z]     [4/4] Linking CXX shared library lib/libgtest_main.so
[2023-11-16T19:23:12.409Z]     [7/8] Performing install step for 'googletest'
[2023-11-16T19:23:12.409Z]     [0/1] Install the project...
[2023-11-16T19:23:12.409Z]     -- Install configuration: "RelWithDebInfo"
[2023-11-16T19:23:12.409Z]     -- Set runtime path of "/home/S/jenkins/workspace/ECP/ecg-maya-hydra/ecg-maya-hydra-branch-preflight-python3-linux/build/RelWithDebInfo/googletest-install/lib64/libgtest_main.so" to ""
[2023-11-16T19:23:12.409Z]     [8/8] Completed 'googletest'
[2023-11-16T19:23:12.409Z]     -- ========== ...  GoogleTest installed. ==========
[2023-11-16T19:23:12.409Z]     -- Found GTest: /home/S/jenkins/workspace/ECP/ecg-maya-hydra/ecg-maya-hydra-branch-preflight-python3-linux/build/RelWithDebInfo/googletest-install/lib64/libgtest.so
[2023-11-16T19:23:12.409Z]     -- promoting: /home/S/jenkins/workspace/ECP/ecg-maya-hydra/ecg-maya-hydra-branch-preflight-python3-linux/ecg-maya-hydra/maya-hydra/lib/mayaHydra/mayaPlugin/pluginUtils.h
[2023-11-16T19:23:12.409Z]     -- promoting: /home/S/jenkins/workspace/ECP/ecg-maya-hydra/ecg-maya-hydra-branch-preflight-python3-linux/ecg-maya-hydra/maya-hydra/lib/mayaHydra/hydraExtensions/api.h
[2023-11-16T19:23:12.409Z]     -- promoting: /home/S/jenkins/workspace/ECP/ecg-maya-hydra/ecg-maya-hydra-branch-preflight-python3-linux/ecg-maya-hydra/maya-hydra/lib/mayaHydra/hydraExtensions/debugCodes.h
[2023-11-16T19:23:12.409Z]     -- promoting: /home/S/jenkins/workspace/ECP/ecg-maya-hydra/ecg-maya-hydra-branch-preflight-python3-linux/ecg-maya-hydra/maya-hydra/lib/mayaHydra/hydraExtensions/hydraUtils.h
[2023-11-16T19:23:12.409Z]     -- promoting: /home/S/jenkins/workspace/ECP/ecg-maya-hydra/ecg-maya-hydra-branch-preflight-python3-linux/ecg-maya-hydra/maya-hydra/lib/mayaHydra/hydraExtensions/interface.h
[2023-11-16T19:23:12.409Z]     -- promoting: /home/S/jenkins/workspace/ECP/ecg-maya-hydra/ecg-maya-hydra-branch-preflight-python3-linux/ecg-maya-hydra/maya-hydra/lib/mayaHydra/hydraExtensions/interfaceImp.h
[2023-11-16T19:23:12.409Z]     -- promoting: /home/S/jenkins/workspace/ECP/ecg-maya-hydra/ecg-maya-hydra-branch-preflight-python3-linux/ecg-maya-hydra/maya-hydra/lib/mayaHydra/hydraExtensions/mayaUtils.h
[2023-11-16T19:23:12.409Z]     -- promoting: /home/S/jenkins/workspace/ECP/ecg-maya-hydra/ecg-maya-hydra-branch-preflight-python3-linux/ecg-maya-hydra/maya-hydra/lib/mayaHydra/hydraExtensions/mixedUtils.h
[2023-11-16T19:23:12.409Z]     -- promoting: /home/S/jenkins/workspace/ECP/ecg-maya-hydra/ecg-maya-hydra-branch-preflight-python3-linux/ecg-maya-hydra/maya-hydra/lib/mayaHydra/hydraExtensions/mayaHydraSceneProducer.h
[2023-11-16T19:23:12.409Z]     -- promoting: /home/S/jenkins/workspace/ECP/ecg-maya-hydra/ecg-maya-hydra-branch-preflight-python3-linux/ecg-maya-hydra/maya-hydra/lib/mayaHydra/hydraExtensions/adapters/adapter.h
[2023-11-16T19:23:12.409Z]     -- promoting: /home/S/jenkins/workspace/ECP/ecg-maya-hydra/ecg-maya-hydra-branch-preflight-python3-linux/ecg-maya-hydra/maya-hydra/lib/mayaHydra/hydraExtensions/adapters/adapterDebugCodes.h
[2023-11-16T19:23:12.409Z]     -- promoting: /home/S/jenkins/workspace/ECP/ecg-maya-hydra/ecg-maya-hydra-branch-preflight-python3-linux/ecg-maya-hydra/maya-hydra/lib/mayaHydra/hydraExtensions/adapters/adapterRegistry.h
[2023-11-16T19:23:12.409Z]     -- promoting: /home/S/jenkins/workspace/ECP/ecg-maya-hydra/ecg-maya-hydra-branch-preflight-python3-linux/ecg-maya-hydra/maya-hydra/lib/mayaHydra/hydraExtensions/adapters/cameraAdapter.h
[2023-11-16T19:23:12.409Z]     -- promoting: /home/S/jenkins/workspace/ECP/ecg-maya-hydra/ecg-maya-hydra-branch-preflight-python3-linux/ecg-maya-hydra/maya-hydra/lib/mayaHydra/hydraExtensions/adapters/constantShadowMatrix.h
[2023-11-16T19:23:12.409Z]     -- promoting: /home/S/jenkins/workspace/ECP/ecg-maya-hydra/ecg-maya-hydra-branch-preflight-python3-linux/ecg-maya-hydra/maya-hydra/lib/mayaHydra/hydraExtensions/adapters/dagAdapter.h
[2023-11-16T19:23:12.409Z]     -- promoting: /home/S/jenkins/workspace/ECP/ecg-maya-hydra/ecg-maya-hydra-branch-preflight-python3-linux/ecg-maya-hydra/maya-hydra/lib/mayaHydra/hydraExtensions/adapters/renderItemAdapter.h
[2023-11-16T19:23:12.409Z]     -- promoting: /home/S/jenkins/workspace/ECP/ecg-maya-hydra/ecg-maya-hydra-branch-preflight-python3-linux/ecg-maya-hydra/maya-hydra/lib/mayaHydra/hydraExtensions/adapters/lightAdapter.h
[2023-11-16T19:23:12.409Z]     -- promoting: /home/S/jenkins/workspace/ECP/ecg-maya-hydra/ecg-maya-hydra-branch-preflight-python3-linux/ecg-maya-hydra/maya-hydra/lib/mayaHydra/hydraExtensions/adapters/materialAdapter.h
[2023-11-16T19:23:12.409Z]     -- promoting: /home/S/jenkins/workspace/ECP/ecg-maya-hydra/ecg-maya-hydra-branch-preflight-python3-linux/ecg-maya-hydra/maya-hydra/lib/mayaHydra/hydraExtensions/adapters/materialNetworkConverter.h
[2023-11-16T19:23:12.409Z]     -- promoting: /home/S/jenkins/workspace/ECP/ecg-maya-hydra/ecg-maya-hydra-branch-preflight-python3-linux/ecg-maya-hydra/maya-hydra/lib/mayaHydra/hydraExtensions/adapters/mayaAttrs.h
[2023-11-16T19:23:12.409Z]     -- promoting: /home/S/jenkins/workspace/ECP/ecg-maya-hydra/ecg-maya-hydra-branch-preflight-python3-linux/ecg-maya-hydra/maya-hydra/lib/mayaHydra/hydraExtensions/adapters/shapeAdapter.h
[2023-11-16T19:23:12.409Z]     -- promoting: /home/S/jenkins/workspace/ECP/ecg-maya-hydra/ecg-maya-hydra-branch-preflight-python3-linux/ecg-maya-hydra/maya-hydra/lib/mayaHydra/hydraExtensions/adapters/tokens.h
[2023-11-16T19:23:12.409Z]     -- promoting: /home/S/jenkins/workspace/ECP/ecg-maya-hydra/ecg-maya-hydra-branch-preflight-python3-linux/ecg-maya-hydra/maya-hydra/lib/mayaHydra/hydraExtensions/delegates/delegate.h
[2023-11-16T19:23:12.409Z]     -- promoting: /home/S/jenkins/workspace/ECP/ecg-maya-hydra/ecg-maya-hydra-branch-preflight-python3-linux/ecg-maya-hydra/maya-hydra/lib/mayaHydra/hydraExtensions/delegates/delegateCtx.h
[2023-11-16T19:23:12.409Z]     -- promoting: /home/S/jenkins/workspace/ECP/ecg-maya-hydra/ecg-maya-hydra-branch-preflight-python3-linux/ecg-maya-hydra/maya-hydra/lib/mayaHydra/hydraExtensions/delegates/delegateDebugCodes.h
[2023-11-16T19:23:12.409Z]     -- promoting: /home/S/jenkins/workspace/ECP/ecg-maya-hydra/ecg-maya-hydra-branch-preflight-python3-linux/ecg-maya-hydra/maya-hydra/lib/mayaHydra/hydraExtensions/delegates/delegateRegistry.h
[2023-11-16T19:23:12.409Z]     -- promoting: /home/S/jenkins/workspace/ECP/ecg-maya-hydra/ecg-maya-hydra-branch-preflight-python3-linux/ecg-maya-hydra/maya-hydra/lib/mayaHydra/hydraExtensions/delegates/params.h
[2023-11-16T19:23:12.409Z]     -- promoting: /home/S/jenkins/workspace/ECP/ecg-maya-hydra/ecg-maya-hydra-branch-preflight-python3-linux/ecg-maya-hydra/maya-hydra/lib/mayaHydra/hydraExtensions/delegates/sceneDelegate.h
[2023-11-16T19:23:12.409Z]     -- promoting: /home/S/jenkins/workspace/ECP/ecg-maya-hydra/ecg-maya-hydra-branch-preflight-python3-linux/ecg-maya-hydra/maya-hydra/lib/mayaHydra/hydraExtensions/delegates/defaultLightDelegate.h
[2023-11-16T19:23:12.409Z]     -- promoting: /home/S/jenkins/workspace/ECP/ecg-maya-hydra/ecg-maya-hydra-branch-preflight-python3-linux/ecg-maya-hydra/maya-hydra/lib/mayaHydra/hydraExtensions/delegates/testDelegate.h
[2023-11-16T19:23:12.409Z]     -- promoting: /home/S/jenkins/workspace/ECP/ecg-maya-hydra/ecg-maya-hydra-branch-preflight-python3-linux/ecg-maya-hydra/maya-hydra/lib/mayaHydra/hydraExtensions/sceneIndex/registration.h
[2023-11-16T19:23:12.409Z]     -- promoting: /home/S/jenkins/workspace/ECP/ecg-maya-hydra/ecg-maya-hydra-branch-preflight-python3-linux/ecg-maya-hydra/maya-hydra/lib/mayaHydra/hydraExtensions/sceneIndex/mayaHydraSceneIndex.h
[2023-11-16T19:23:12.409Z]     -- promoting: /home/S/jenkins/workspace/ECP/ecg-maya-hydra/ecg-maya-hydra-branch-preflight-python3-linux/ecg-maya-hydra/maya-hydra/lib/mayaHydra/hydraExtensions/sceneIndex/mayaHydraDataSource.h
[2023-11-16T19:23:12.409Z]     -- promoting: /home/S/jenkins/workspace/ECP/ecg-maya-hydra/ecg-maya-hydra-branch-preflight-python3-linux/ecg-maya-hydra/maya-hydra/lib/mayaHydra/hydraExtensions/sceneIndex/mayaHydraPrimvarDataSource.h
[2023-11-16T19:23:12.409Z]     -- promoting: /home/S/jenkins/workspace/ECP/ecg-maya-hydra/ecg-maya-hydra-branch-preflight-python3-linux/ecg-maya-hydra/maya-hydra/lib/mayaHydra/hydraExtensions/sceneIndex/mayaHydraDisplayStyleDataSource.h
[2023-11-16T19:23:12.409Z]     -- promoting: /home/S/jenkins/workspace/ECP/ecg-maya-hydra/ecg-maya-hydra-branch-preflight-python3-linux/ecg-maya-hydra/maya-hydra/lib/mayaHydra/hydraExtensions/sceneIndex/mayaHydraCameraDataSource.h
[2023-11-16T19:23:12.409Z]     -- promoting: /home/S/jenkins/workspace/ECP/ecg-maya-hydra/ecg-maya-hydra-branch-preflight-python3-linux/ecg-maya-hydra/maya-hydra/lib/mayaHydra/hydraExtensions/sceneIndex/mayaHydraLightDataSource.h
[2023-11-16T19:23:12.409Z]     -- promoting: /home/S/jenkins/workspace/ECP/ecg-maya-hydra/ecg-maya-hydra-branch-preflight-python3-linux/ecg-maya-hydra/maya-hydra/lib/mayaHydra/hydraExtensions/sceneIndex/mayaHydraDefaultLightDataSource.h
[2023-11-16T19:23:12.409Z]     -- promoting: /home/S/jenkins/workspace/ECP/ecg-maya-hydra/ecg-maya-hydra-branch-preflight-python3-linux/ecg-maya-hydra/maya-hydra/lib/mayaHydra/ufeExtensions/api.h
[2023-11-16T19:23:12.409Z]     -- promoting: /home/S/jenkins/workspace/ECP/ecg-maya-hydra/ecg-maya-hydra-branch-preflight-python3-linux/ecg-maya-hydra/maya-hydra/lib/mayaHydra/ufeExtensions/Global.h
[2023-11-16T19:23:12.409Z]     -- promoting: /home/S/jenkins/workspace/ECP/ecg-maya-hydra/ecg-maya-hydra-branch-preflight-python3-linux/ecg-maya-hydra/maya-hydra/lib/flowViewport/api.h
[2023-11-16T19:23:12.409Z]     -- promoting: /home/S/jenkins/workspace/ECP/ecg-maya-hydra/ecg-maya-hydra-branch-preflight-python3-linux/ecg-maya-hydra/maya-hydra/lib/flowViewport/debugCodes.h
[2023-11-16T19:23:12.409Z]     -- promoting: /home/S/jenkins/workspace/ECP/ecg-maya-hydra/ecg-maya-hydra-branch-preflight-python3-linux/ecg-maya-hydra/maya-hydra/lib/flowViewport/global.h
[2023-11-16T19:23:12.409Z]     -- promoting: /home/S/jenkins/workspace/ECP/ecg-maya-hydra/ecg-maya-hydra-branch-preflight-python3-linux/ecg-maya-hydra/maya-hydra/lib/flowViewport/tokens.h
[2023-11-16T19:23:12.409Z]     -- promoting: /home/S/jenkins/workspace/ECP/ecg-maya-hydra/ecg-maya-hydra-branch-preflight-python3-linux/ecg-maya-hydra/maya-hydra/lib/flowViewport/colorPreferences/fvpColorChanged.h
[2023-11-16T19:23:12.409Z]     -- promoting: /home/S/jenkins/workspace/ECP/ecg-maya-hydra/ecg-maya-hydra-branch-preflight-python3-linux/ecg-maya-hydra/maya-hydra/lib/flowViewport/colorPreferences/fvpColorPreferences.h
[2023-11-16T19:23:12.409Z]     -- promoting: /home/S/jenkins/workspace/ECP/ecg-maya-hydra/ecg-maya-hydra-branch-preflight-python3-linux/ecg-maya-hydra/maya-hydra/lib/flowViewport/colorPreferences/fvpColorPreferencesTokens.h
[2023-11-16T19:23:12.409Z]     -- promoting: /home/S/jenkins/workspace/ECP/ecg-maya-hydra/ecg-maya-hydra-branch-preflight-python3-linux/ecg-maya-hydra/maya-hydra/lib/flowViewport/colorPreferences/fvpColorPreferencesTranslator.h
[2023-11-16T19:23:12.409Z]     -- promoting: /home/S/jenkins/workspace/ECP/ecg-maya-hydra/ecg-maya-hydra-branch-preflight-python3-linux/ecg-maya-hydra/maya-hydra/lib/flowViewport/sceneIndex/fvpMergingSceneIndex.h
[2023-11-16T19:23:12.409Z]     -- promoting: /home/S/jenkins/workspace/ECP/ecg-maya-hydra/ecg-maya-hydra-branch-preflight-python3-linux/ecg-maya-hydra/maya-hydra/lib/flowViewport/sceneIndex/fvpPathInterface.h
[2023-11-16T19:23:12.409Z]     -- promoting: /home/S/jenkins/workspace/ECP/ecg-maya-hydra/ecg-maya-hydra-branch-preflight-python3-linux/ecg-maya-hydra/maya-hydra/lib/flowViewport/sceneIndex/fvpPathInterfaceSceneIndex.h
[2023-11-16T19:23:12.409Z]     -- promoting: /home/S/jenkins/workspace/ECP/ecg-maya-hydra/ecg-maya-hydra-branch-preflight-python3-linux/ecg-maya-hydra/maya-hydra/lib/flowViewport/sceneIndex/fvpRenderIndexProxy.h
[2023-11-16T19:23:12.409Z]     -- promoting: /home/S/jenkins/workspace/ECP/ecg-maya-hydra/ecg-maya-hydra-branch-preflight-python3-linux/ecg-maya-hydra/maya-hydra/lib/flowViewport/sceneIndex/fvpSelectionSceneIndex.h
[2023-11-16T19:23:12.409Z]     -- promoting: /home/S/jenkins/workspace/ECP/ecg-maya-hydra/ecg-maya-hydra-branch-preflight-python3-linux/ecg-maya-hydra/maya-hydra/lib/flowViewport/sceneIndex/fvpWireframeSelectionHighlightSceneIndex.h
[2023-11-16T19:23:12.409Z]     -- promoting: /home/S/jenkins/workspace/ECP/ecg-maya-hydra/ecg-maya-hydra-branch-preflight-python3-linux/ecg-maya-hydra/maya-hydra/lib/flowViewport/API/fvpSelectionClient.h
[2023-11-16T19:23:12.409Z]     -- promoting: /home/S/jenkins/workspace/ECP/ecg-maya-hydra/ecg-maya-hydra-branch-preflight-python3-linux/ecg-maya-hydra/maya-hydra/lib/flowViewport/API/fvpFlowSelectionInterface.h
[2023-11-16T19:23:12.409Z]     -- promoting: /home/S/jenkins/workspace/ECP/ecg-maya-hydra/ecg-maya-hydra-branch-preflight-python3-linux/ecg-maya-hydra/maya-hydra/lib/flowViewport/API/fvpVersionInterface.h
[2023-11-16T19:23:12.409Z]     -- promoting: /home/S/jenkins/workspace/ECP/ecg-maya-hydra/ecg-maya-hydra-branch-preflight-python3-linux/ecg-maya-hydra/maya-hydra/lib/flowViewport/API/interfacesImp/fvpSelectionInterfaceImp.h
[2023-11-16T19:23:12.409Z]     -- promoting: /home/S/jenkins/workspace/ECP/ecg-maya-hydra/ecg-maya-hydra-branch-preflight-python3-linux/ecg-maya-hydra/maya-hydra/lib/flowViewport/API/interfacesImp/fvpVersionInterfaceImp.h
[2023-11-16T19:23:12.409Z]     -- promoting: /home/S/jenkins/workspace/ECP/ecg-maya-hydra/ecg-maya-hydra-branch-preflight-python3-linux/ecg-maya-hydra/maya-hydra/lib/flowViewport/API/samples/fvpSelectionClientExample.h
[2023-11-16T19:23:12.409Z]     -- promoting: /home/S/jenkins/workspace/ECP/ecg-maya-hydra/ecg-maya-hydra-branch-preflight-python3-linux/ecg-maya-hydra/maya-hydra/lib/flowViewport/selection/fvpSelection.h
[2023-11-16T19:23:12.409Z]     -- promoting: /home/S/jenkins/workspace/ECP/ecg-maya-hydra/ecg-maya-hydra-branch-preflight-python3-linux/ecg-maya-hydra/maya-hydra/lib/flowViewport/selection/fvpSelectionFwd.h
[2023-11-16T19:23:12.409Z]     -- promoting: /home/S/jenkins/workspace/ECP/ecg-maya-hydra/ecg-maya-hydra-branch-preflight-python3-linux/ecg-maya-hydra/maya-hydra/lib/flowViewport/selection/fvpSelectionTask.h
[2023-11-16T19:23:12.409Z]     -- promoting: /home/S/jenkins/workspace/ECP/ecg-maya-hydra/ecg-maya-hydra-branch-preflight-python3-linux/ecg-maya-hydra/maya-hydra/lib/flowViewport/selection/fvpSelectionTracker.h
[2023-11-16T19:23:12.944Z]     -- Configuring done
[2023-11-16T19:23:12.944Z]     -- Generating done
[2023-11-16T19:23:12.944Z]     CMake Warning:
[2023-11-16T19:23:12.944Z]       Manually-specified variables were not used by the project:
[2023-11-16T19:23:12.944Z]     
[2023-11-16T19:23:12.944Z]         BUILD_WITH_PYTHON_3
[2023-11-16T19:23:12.944Z]     
[2023-11-16T19:23:12.944Z]     
[2023-11-16T19:23:12.944Z]     -- Build files have been written to: /home/S/jenkins/workspace/ECP/ecg-maya-hydra/ecg-maya-hydra-branch-preflight-python3-linux/build/RelWithDebInfo
[2023-11-16T19:23:12.944Z]     
[2023-11-16T19:23:12.944Z]         Building with settings:
[2023-11-16T19:23:12.944Z]           Source directory          /home/S/jenkins/workspace/ECP/ecg-maya-hydra/ecg-maya-hydra-branch-preflight-python3-linux/ecg-maya-hydra/maya-hydra
[2023-11-16T19:23:12.944Z]           Workspace directory       /local/S/jenkins/workspace/ECP/ecg-maya-hydra/ecg-maya-hydra-branch-preflight-python3-linux
[2023-11-16T19:23:12.944Z]           Build directory           /local/S/jenkins/workspace/ECP/ecg-maya-hydra/ecg-maya-hydra-branch-preflight-python3-linux/build/RelWithDebInfo
[2023-11-16T19:23:12.944Z]           Install directory         /local/S/jenkins/workspace/ECP/ecg-maya-hydra/ecg-maya-hydra-branch-preflight-python3-linux/install/RelWithDebInfo/MayaHydra
[2023-11-16T19:23:12.944Z]           Variant                   RelWithDebInfo
[2023-11-16T19:23:12.944Z]           Python Debug              Off
[2023-11-16T19:23:12.944Z]           CMake generator           Ninja
[2023-11-16T19:23:12.944Z]           Build arguments           ['-DCMAKE_MAKE_PROGRAM=/local/S/jenkins/workspace/shared/Artifactory/Linux/ninja/1.10.2/9ab399b/ninja', '-DPYTHON_INCLUDE_DIR=/local/S/jenkins/workspace/shared/Artifactory/Linux/rundev-master/202311060140/runtime/33fa670/runTime/include/Python310/Python', '-DPython_EXECUTABLE=/local/S/jenkins/workspace/shared/Artifactory/Linux/rundev-master/202311060140/runtime/33fa670/runTime/bin/mayapy', '-DPYTHON_LIBRARIES=/local/S/jenkins/workspace/shared/Artifactory/Linux/rundev-master/202311060140/runtime/33fa670/runTime/lib/libpython3.10.so.1.0', '-DBUILD_WITH_PYTHON_3=ON', '-DBUILD_WITH_PYTHON_3_VERSION=3.10', '-DCMAKE_WANT_MATERIALX_BUILD=ON', '-DCMAKE_PREFIX_PATH=/local/S/jenkins/workspace/shared/Artifactory/Linux/USD/13e6029', '-DMAYAHYDRA_BUILD_NUMBER=402', '-DMAYAHYDRA_GIT_COMMIT=86220da922b9bf375540f17e48f7cae1dbba339c', '-DMAYAHYDRA_GIT_BRANCH=master']
[2023-11-16T19:23:12.944Z]           Stages arguments          ['configure']
[2023-11-16T19:23:12.944Z]           CTest arguments           ['--parallel 16']
[2023-11-16T19:23:12.944Z]     STATUS: Could not find Maya Qt6.
[2023-11-16T19:23:12.944Z]     STATUS:   Extracting '/local/S/jenkins/workspace/shared/Artifactory/Linux/rundev-master/202311060140/runtime/33fa670/devkitBase/Qt.tgz' to '/local/S/jenkins/workspace/shared/Artifactory/Linux/rundev-master/202311060140/runtime/33fa670/devkitBase'
[2023-11-16T19:23:12.944Z]     Success MayaHydra build and install !!!!
[2023-11-16T19:23:12.944Z]     Elapsed time: 00:00:14
[Pipeline] }
[Pipeline] // withEnv
[Pipeline] }
[Pipeline] // timeout
[Pipeline] }
[Pipeline] // stage
[Pipeline] }
[Pipeline] // timestamps
[Pipeline] timestamps
[Pipeline] {
[Pipeline] stage
[Pipeline] { (Build)
[Pipeline] timeout
[2023-11-16T19:23:13.297Z] Timeout set to expire in 6 hr 0 min
[Pipeline] {
[Pipeline] withEnv
[Pipeline] {
[Pipeline] sh
[2023-11-16T19:23:14.554Z] + scl enable gcc-toolset-11 -
[2023-11-16T19:23:14.554Z] + '[' enable = load -o enable = unload ']'
[2023-11-16T19:23:14.554Z] + /usr/bin/scl enable gcc-toolset-11 -
[2023-11-16T19:23:14.554Z] python ecg-maya-hydra/build.py --stages=build --workspace-dir=/local/S/jenkins/workspace/ECP/ecg-maya-hydra/ecg-maya-hydra-branch-preflight-python3-linux --artifactory-dir=/local/S/jenkins/workspace/shared/Artifactory --build-dir=/local/S/jenkins/workspace/ECP/ecg-maya-hydra/ecg-maya-hydra-branch-preflight-python3-linux/build --install-dir=/local/S/jenkins/workspace/ECP/ecg-maya-hydra/ecg-maya-hydra-branch-preflight-python3-linux/install --signing-dir=/local/S/jenkins/workspace/ECP/ecg-maya-hydra/ecg-maya-hydra-branch-preflight-python3-linux/signing --package-dir=/local/S/jenkins/workspace/ECP/ecg-maya-hydra/ecg-maya-hydra-branch-preflight-python3-linux/package --output-dir=/local/S/jenkins/workspace/ECP/ecg-maya-hydra/ecg-maya-hydra-branch-preflight-python3-linux/output --stash-dir=/local/S/jenkins/workspace/ECP/ecg-maya-hydra/ecg-maya-hydra-branch-preflight-python3-linux/stash --jenkins-build=402 --git-commit=86220da922b9bf375540f17e48f7cae1dbba339c --git-branch=master --variants=Debug --interactive-tests=true --post-zips=false --osx-binary-architecture-target=ub2 --osx-deployment-target=11.0 --osx-base-sdk=CurrentActiveSDK --build-retry=3 --maya-cut-config=maya-rundev-master-debug.yaml --maya-package=rundev-master-debug --stage-banner
[2023-11-16T19:23:14.554Z] Using Maya cut from /local/S/jenkins/workspace/shared/Artifactory/Linux/rundev-master-debug/202310260154/runtime/7d60df0
[2023-11-16T19:23:14.554Z] 
[2023-11-16T19:23:14.554Z] ================================================================================
[2023-11-16T19:23:14.554Z]                                  build (Debug)
[2023-11-16T19:23:14.554Z] ================================================================================
[2023-11-16T19:23:14.554Z] Maya Python Debug Info:
[2023-11-16T19:23:14.554Z]   mayapy executable   = /local/S/jenkins/workspace/shared/Artifactory/Linux/rundev-master-debug/202310260154/runtime/7d60df0/runTime/bin/mayapy
[2023-11-16T19:23:14.554Z]   Include Folder      = /local/S/jenkins/workspace/shared/Artifactory/Linux/rundev-master-debug/202310260154/runtime/7d60df0/runTime/include/Python310/Python
[2023-11-16T19:23:14.554Z]   Library             = /local/S/jenkins/workspace/shared/Artifactory/Linux/rundev-master-debug/202310260154/runtime/7d60df0/runTime/lib/libpython3.10d.so.1.0
[2023-11-16T19:23:14.554Z]   site-package Folder = /local/S/jenkins/workspace/shared/Artifactory/Linux/rundev-master-debug/202310260154/runtime/7d60df0/runTime/lib/python3.10/site-packages
[2023-11-16T19:23:15.089Z] In workdir: /home/S/jenkins/workspace/ECP/ecg-maya-hydra/ecg-maya-hydra-branch-preflight-python3-linux/ecg-maya-hydra/maya-hydra
[2023-11-16T19:23:15.089Z] Executing: /local/S/jenkins/workspace/shared/Artifactory/Linux/rundev-master-debug/202310260154/runtime/7d60df0/runTime/bin/mayapy /home/S/jenkins/workspace/ECP/ecg-maya-hydra/ecg-maya-hydra-branch-preflight-python3-linux/ecg-maya-hydra/maya-hydra/build.py --generator Ninja --build-debug --maya-location /local/S/jenkins/workspace/shared/Artifactory/Linux/rundev-master-debug/202310260154/runtime/7d60df0/runTime --devkit-location /local/S/jenkins/workspace/shared/Artifactory/Linux/rundev-master-debug/202310260154/runtime/7d60df0/devkitBase --pxrusd-location /local/S/jenkins/workspace/shared/Artifactory/Linux/USD/8e4fe45 --build-args=-DCMAKE_MAKE_PROGRAM=/local/S/jenkins/workspace/shared/Artifactory/Linux/ninja/1.10.2/9ab399b/ninja,-DPYTHON_INCLUDE_DIR=/local/S/jenkins/workspace/shared/Artifactory/Linux/rundev-master-debug/202310260154/runtime/7d60df0/runTime/include/Python310/Python,-DPython_EXECUTABLE=/local/S/jenkins/workspace/shared/Artifactory/Linux/rundev-master-debug/202310260154/runtime/7d60df0/runTime/bin/mayapy,-DPYTHON_LIBRARIES=/local/S/jenkins/workspace/shared/Artifactory/Linux/rundev-master-debug/202310260154/runtime/7d60df0/runTime/lib/libpython3.10d.so.1.0,-DBUILD_WITH_PYTHON_3=ON,-DBUILD_WITH_PYTHON_3_VERSION=3.10,-DCMAKE_WANT_MATERIALX_BUILD=ON,-DCMAKE_PREFIX_PATH=/local/S/jenkins/workspace/shared/Artifactory/Linux/USD/8e4fe45,-DMAYAHYDRA_BUILD_NUMBER=402,-DMAYAHYDRA_GIT_COMMIT=86220da922b9bf375540f17e48f7cae1dbba339c,-DMAYAHYDRA_GIT_BRANCH=master --debug-python '--ctest-args=--parallel 16' --stages=build --redirect-outstream-file=False --install-location /local/S/jenkins/workspace/ECP/ecg-maya-hydra/ecg-maya-hydra-branch-preflight-python3-linux/install/Debug/MayaHydra /local/S/jenkins/workspace/ECP/ecg-maya-hydra/ecg-maya-hydra-branch-preflight-python3-linux
[2023-11-16T19:23:15.089Z] Modified environment variables:
[2023-11-16T19:23:15.089Z]     LD_LIBRARY_PATH=/opt/rh/gcc-toolset-11/root/usr/lib64:/opt/rh/gcc-toolset-11/root/usr/lib64:/opt/rh/gcc-toolset-11/root/usr/lib:/opt/rh/gcc-toolset-11/root/usr/lib64/dyninst:/opt/rh/gcc-toolset-11/root/usr/lib/dyninst
[2023-11-16T19:23:15.089Z]     PATH=/local/S/jenkins/workspace/shared/Artifactory/Linux/cmake/3.20.3/ab685d7/bin:/opt/rh/gcc-toolset-11/root/usr/bin:/home/administrator/.local/bin:/home/administrator/bin:/usr/share/Modules/bin:/usr/local/bin:/usr/local/sbin:/usr/bin:/usr/sbin
[2023-11-16T19:23:16.333Z]     [1/101] Building CXX object lib/mayaHydra/mayaPlugin/CMakeFiles/mayaHydra.dir/colorNotFoundException.cpp.o
[2023-11-16T19:23:16.333Z]     [2/101] Building CXX object lib/mayaHydra/mayaPlugin/CMakeFiles/mayaHydra.dir/tokens.cpp.o
[2023-11-16T19:23:16.333Z]     [3/101] Building CXX object test/lib/mayaUsd/render/mayaToHydra/cpp/CMakeFiles/mayaHydraCppTests.dir/testCppFramework.cpp.o
[2023-11-16T19:23:16.333Z]     [4/101] Building CXX object lib/mayaHydra/mayaPlugin/CMakeFiles/mayaHydra.dir/pluginDebugCodes.cpp.o
[2023-11-16T19:23:16.333Z]     [5/101] Building CXX object test/lib/mayaUsd/render/mayaToHydra/cpp/CMakeFiles/mayaHydraCppTests.dir/mayaHydraCppTestsCmd.cpp.o
[2023-11-16T19:23:16.906Z]     [6/101] Building CXX object lib/mayaHydra/mayaPlugin/CMakeFiles/mayaHydra.dir/mayaColorPreferencesTranslator.cpp.o
[2023-11-16T19:23:16.906Z]     [7/101] Building CXX object lib/mayaHydra/ufeExtensions/CMakeFiles/ufeExtensions.dir/Global.cpp.o
[2023-11-16T19:23:17.480Z]     [8/101] Building CXX object lib/mayaHydra/hydraExtensions/CMakeFiles/mayaHydraLib.dir/adapters/adapterDebugCodes.cpp.o
[2023-11-16T19:23:17.480Z]     [9/101] Building CXX object test/lib/mayaUsd/render/mayaToHydra/cpp/CMakeFiles/mayaHydraCppTests.dir/testColorPreferences.cpp.o
[2023-11-16T19:23:17.480Z]     [10/101] Building CXX object lib/mayaHydra/hydraExtensions/CMakeFiles/mayaHydraLib.dir/debugCodes.cpp.o
[2023-11-16T19:23:17.480Z]     [11/101] Building CXX object lib/mayaHydra/hydraExtensions/CMakeFiles/mayaHydraLib.dir/mhBuildInfo.cpp.o
[2023-11-16T19:23:17.480Z]     [12/101] Building CXX object lib/mayaHydra/hydraExtensions/CMakeFiles/mayaHydraLib.dir/mayaUtils.cpp.o
[2023-11-16T19:23:18.623Z]     [13/101] Building CXX object test/lib/mayaUsd/render/mayaToHydra/cpp/CMakeFiles/mayaHydraCppTests.dir/testUtils.cpp.o
[2023-11-16T19:23:19.172Z]     [14/101] Building CXX object test/lib/mayaUsd/render/mayaToHydra/cpp/CMakeFiles/mayaHydraCppTests.dir/testMayaUsdUfeItems.cpp.o
[2023-11-16T19:23:19.172Z]     [15/101] Building CXX object test/lib/mayaUsd/render/mayaToHydra/cpp/CMakeFiles/mayaHydraCppTests.dir/testSelectionSceneIndex.cpp.o
[2023-11-16T19:23:19.172Z]     [16/101] Building CXX object test/lib/mayaUsd/render/mayaToHydra/cpp/CMakeFiles/mayaHydraCppTests.dir/testMayaSceneFlattening.cpp.o
[2023-11-16T19:23:19.713Z]     [17/101] Building CXX object test/lib/mayaUsd/render/mayaToHydra/cpp/CMakeFiles/mayaHydraCppTests.dir/testWireframeSelectionHighlightSceneIndex.cpp.o
[2023-11-16T19:23:19.713Z]     [18/101] Building CXX object lib/mayaHydra/hydraExtensions/CMakeFiles/mayaHydraLib.dir/interfaceImp.cpp.o
[2023-11-16T19:23:20.254Z]     [19/101] Building CXX object lib/mayaHydra/hydraExtensions/CMakeFiles/mayaHydraLib.dir/hydraUtils.cpp.o
[2023-11-16T19:23:20.254Z]     [20/101] Building CXX object lib/mayaHydra/hydraExtensions/CMakeFiles/mayaHydraLib.dir/mixedUtils.cpp.o
[2023-11-16T19:23:20.794Z]     [21/101] Building CXX object lib/mayaHydra/mayaPlugin/CMakeFiles/mayaHydra.dir/pluginUtils.cpp.o
[2023-11-16T19:23:21.938Z]     [22/101] Building CXX object lib/mayaHydra/mayaPlugin/CMakeFiles/mayaHydra.dir/plugin.cpp.o
[2023-11-16T19:23:21.938Z]     [23/101] Building CXX object test/lib/mayaUsd/render/mayaToHydra/cpp/CMakeFiles/mayaHydraCppTests.dir/testMergingSceneIndex.cpp.o
[2023-11-16T19:23:22.477Z]     [24/101] Building CXX object lib/mayaHydra/hydraExtensions/CMakeFiles/mayaHydraLib.dir/adapters/mayaAttrs.cpp.o
[2023-11-16T19:23:22.477Z]     [25/101] Building CXX object lib/mayaHydra/mayaPlugin/CMakeFiles/mayaHydra.dir/viewCommand.cpp.o
[2023-11-16T19:23:23.618Z]     [26/101] Building CXX object lib/mayaHydra/hydraExtensions/CMakeFiles/mayaHydraLib.dir/adapters/adapter.cpp.o
[2023-11-16T19:23:25.421Z]     [27/101] Building CXX object lib/mayaHydra/mayaPlugin/CMakeFiles/mayaHydra.dir/renderOverride.cpp.o
[2023-11-16T19:23:25.421Z]     [28/101] Building CXX object lib/mayaHydra/hydraExtensions/CMakeFiles/mayaHydraLib.dir/adapters/adapterRegistry.cpp.o
[2023-11-16T19:23:25.421Z]     [29/101] Building CXX object lib/mayaHydra/hydraExtensions/CMakeFiles/mayaHydraLib.dir/adapters/aiSkydomeLightAdapter.cpp.o
[2023-11-16T19:23:25.421Z]     [30/101] Building CXX object lib/mayaHydra/mayaPlugin/CMakeFiles/mayaHydra.dir/renderGlobals.cpp.o
[2023-11-16T19:23:25.421Z]     [31/101] Building CXX object lib/mayaHydra/hydraExtensions/CMakeFiles/mayaHydraLib.dir/adapters/areaLightAdapter.cpp.o
[2023-11-16T19:23:26.076Z]     [32/101] Building CXX object lib/mayaHydra/hydraExtensions/CMakeFiles/mayaHydraLib.dir/adapters/cameraAdapter.cpp.o
[2023-11-16T19:23:26.076Z]     [33/101] Building CXX object lib/mayaHydra/hydraExtensions/CMakeFiles/mayaHydraLib.dir/adapters/tokens.cpp.o
[2023-11-16T19:23:26.076Z]     [34/101] Building CXX object lib/mayaHydra/hydraExtensions/CMakeFiles/mayaHydraLib.dir/adapters/dagAdapter.cpp.o
[2023-11-16T19:23:26.706Z]     [35/101] Building CXX object lib/mayaHydra/hydraExtensions/CMakeFiles/mayaHydraLib.dir/adapters/directionalLightAdapter.cpp.o
[2023-11-16T19:23:26.706Z]     [36/101] Building CXX object lib/mayaHydra/hydraExtensions/CMakeFiles/mayaHydraLib.dir/delegates/delegateDebugCodes.cpp.o
[2023-11-16T19:23:26.706Z]     [37/101] Building CXX object lib/mayaHydra/hydraExtensions/CMakeFiles/mayaHydraLib.dir/adapters/renderItemAdapter.cpp.o
[2023-11-16T19:23:27.244Z]     [38/101] Building CXX object lib/mayaHydra/hydraExtensions/CMakeFiles/mayaHydraLib.dir/adapters/lightAdapter.cpp.o
[2023-11-16T19:23:27.244Z]     [39/101] Building CXX object lib/mayaHydra/hydraExtensions/CMakeFiles/mayaHydraLib.dir/mayaHydraSceneProducer.cpp.o
[2023-11-16T19:23:27.784Z]     [40/101] Building CXX object lib/mayaHydra/hydraExtensions/CMakeFiles/mayaHydraLib.dir/adapters/materialAdapter.cpp.o
[2023-11-16T19:23:28.912Z]     [41/101] Building CXX object lib/mayaHydra/hydraExtensions/CMakeFiles/mayaHydraLib.dir/adapters/nurbsCurveAdapter.cpp.o
[2023-11-16T19:23:28.912Z]     [42/101] Building CXX object lib/mayaHydra/hydraExtensions/CMakeFiles/mayaHydraLib.dir/adapters/meshAdapter.cpp.o
[2023-11-16T19:23:29.462Z]     [43/101] Building CXX object lib/mayaHydra/hydraExtensions/CMakeFiles/mayaHydraLib.dir/adapters/pointLightAdapter.cpp.o
[2023-11-16T19:23:30.010Z]     [44/101] Building CXX object lib/mayaHydra/hydraExtensions/CMakeFiles/mayaHydraLib.dir/adapters/materialNetworkConverter.cpp.o
[2023-11-16T19:23:30.748Z]     [45/101] Building CXX object lib/mayaHydra/hydraExtensions/CMakeFiles/mayaHydraLib.dir/delegates/delegate.cpp.o
[2023-11-16T19:23:30.748Z]     [46/101] Building CXX object lib/mayaHydra/hydraExtensions/CMakeFiles/mayaHydraLib.dir/adapters/shapeAdapter.cpp.o
[2023-11-16T19:23:31.287Z]     [47/101] Building CXX object lib/mayaHydra/hydraExtensions/CMakeFiles/mayaHydraLib.dir/delegates/delegateCtx.cpp.o
[2023-11-16T19:23:31.287Z]     [48/101] Linking CXX shared library lib/mayaHydra/ufeExtensions/libufeExtensions.so
[2023-11-16T19:23:31.829Z]     [49/101] Building CXX object lib/mayaHydra/hydraExtensions/CMakeFiles/mayaHydraLib.dir/adapters/spotLightAdapter.cpp.o
[2023-11-16T19:23:31.829Z]     [50/101] Building CXX object lib/mayaHydra/hydraExtensions/CMakeFiles/mayaHydraLib.dir/sceneIndex/registration.cpp.o
[2023-11-16T19:23:31.829Z]     [51/101] Building CXX object lib/flowViewport/CMakeFiles/flowViewport.dir/debugCodes.cpp.o
[2023-11-16T19:23:31.829Z]     [52/101] Building CXX object lib/flowViewport/CMakeFiles/flowViewport.dir/global.cpp.o
[2023-11-16T19:23:31.829Z]     [53/101] Building CXX object lib/mayaHydra/hydraExtensions/CMakeFiles/mayaHydraLib.dir/delegates/delegateRegistry.cpp.o
[2023-11-16T19:23:31.829Z]     [54/101] Building CXX object lib/flowViewport/CMakeFiles/flowViewport.dir/tokens.cpp.o
[2023-11-16T19:23:31.829Z]     [55/101] Building CXX object lib/flowViewport/CMakeFiles/flowViewport.dir/sceneIndex/fvpPathInterface.cpp.o
[2023-11-16T19:23:32.370Z]     [56/101] Building CXX object lib/flowViewport/CMakeFiles/flowViewport.dir/colorPreferences/fvpColorChanged.cpp.o
[2023-11-16T19:23:32.370Z]     [57/101] Building CXX object lib/flowViewport/CMakeFiles/flowViewport.dir/colorPreferences/fvpColorPreferencesTokens.cpp.o
[2023-11-16T19:23:32.370Z]     [58/101] Building CXX object lib/flowViewport/CMakeFiles/flowViewport.dir/colorPreferences/fvpColorPreferences.cpp.o
[2023-11-16T19:23:33.512Z]     [59/101] Building CXX object lib/flowViewport/CMakeFiles/flowViewport.dir/API/interfacesImp/fvpSelectionInterfaceImp.cpp.o
[2023-11-16T19:23:33.512Z]     [60/101] Building CXX object lib/mayaHydra/hydraExtensions/CMakeFiles/mayaHydraLib.dir/sceneIndex/mayaHydraPrimvarDataSource.cpp.o
[2023-11-16T19:23:33.512Z]     [61/101] Building CXX object lib/flowViewport/CMakeFiles/flowViewport.dir/API/interfacesImp/fvpVersionInterfaceImp.cpp.o
[2023-11-16T19:23:34.059Z]     [62/101] Building CXX object lib/flowViewport/CMakeFiles/flowViewport.dir/API/samples/fvpSelectionClientExample.cpp.o
[2023-11-16T19:23:34.059Z]     [63/101] Building CXX object lib/flowViewport/CMakeFiles/flowViewport.dir/sceneIndex/fvpPathInterfaceSceneIndex.cpp.o
[2023-11-16T19:23:34.598Z]     [64/101] Building CXX object lib/flowViewport/CMakeFiles/flowViewport.dir/selection/fvpSelectionFwd.cpp.o
[2023-11-16T19:23:34.598Z]     [65/101] Building CXX object lib/flowViewport/CMakeFiles/flowViewport.dir/sceneIndex/fvpRenderIndexProxy.cpp.o
[2023-11-16T19:23:34.598Z]     [66/101] Building CXX object lib/flowViewport/CMakeFiles/flowViewport.dir/sceneIndex/fvpMergingSceneIndex.cpp.o
[2023-11-16T19:23:34.598Z]     [67/101] Building CXX object lib/mayaHydra/hydraExtensions/CMakeFiles/mayaHydraLib.dir/sceneIndex/mayaHydraCameraDataSource.cpp.o
[2023-11-16T19:23:35.234Z]     [68/101] Building CXX object lib/mayaHydra/hydraExtensions/CMakeFiles/mayaHydraLib.dir/sceneIndex/mayaHydraDisplayStyleDataSource.cpp.o
[2023-11-16T19:23:35.234Z]     [69/101] Building CXX object lib/mayaHydra/hydraExtensions/CMakeFiles/mayaHydraLib.dir/sceneIndex/mayaHydraLightDataSource.cpp.o
[2023-11-16T19:23:35.234Z]     [70/101] Building CXX object lib/mayaHydra/hydraExtensions/CMakeFiles/mayaHydraLib.dir/delegates/sceneDelegate.cpp.o
[2023-11-16T19:23:35.770Z]     [71/101] Building CXX object lib/mayaHydra/hydraExtensions/CMakeFiles/mayaHydraLib.dir/sceneIndex/mayaHydraDataSource.cpp.o
[2023-11-16T19:23:35.770Z]     [72/101] Building CXX object lib/flowViewport/CMakeFiles/flowViewport.dir/sceneIndex/fvpSelectionSceneIndex.cpp.o
[2023-11-16T19:23:36.305Z]     [73/101] Building CXX object lib/mayaHydra/hydraExtensions/CMakeFiles/mayaHydraLib.dir/delegates/testDelegate.cpp.o
[2023-11-16T19:23:36.305Z]     [74/101] Building CXX object lib/mayaHydra/hydraExtensions/CMakeFiles/mayaHydraLib.dir/sceneIndex/mayaHydraSceneIndex.cpp.o
[2023-11-16T19:23:36.305Z]     [75/101] Building CXX object lib/flowViewport/CMakeFiles/flowViewport.dir/sceneIndex/fvpWireframeSelectionHighlightSceneIndex.cpp.o
[2023-11-16T19:23:36.305Z]     [76/101] Building CXX object lib/mayaHydra/hydraExtensions/CMakeFiles/mayaHydraLib.dir/sceneIndex/mayaHydraDefaultLightDataSource.cpp.o
[2023-11-16T19:23:36.858Z]     [77/101] Automatic MOC for target adskHydraSceneBrowser
[2023-11-16T19:23:36.858Z]     [78/101] Building CXX object lib/flowViewport/CMakeFiles/flowViewport.dir/selection/fvpSelection.cpp.o
[2023-11-16T19:23:36.858Z]     [79/101] Building CXX object lib/mayaHydra/hydraExtensions/CMakeFiles/mayaHydraLib.dir/delegates/defaultLightDelegate.cpp.o
[2023-11-16T19:23:37.403Z]     [80/101] Building CXX object lib/flowViewport/CMakeFiles/flowViewport.dir/selection/fvpSelectionTracker.cpp.o
[2023-11-16T19:23:38.531Z]     [81/101] Building CXX object lib/flowViewport/CMakeFiles/flowViewport.dir/selection/fvpSelectionTask.cpp.o
[2023-11-16T19:23:39.655Z]     [82/101] Building CXX object plugin/mayaHydraSceneBrowserTest/CMakeFiles/mayaHydraSceneBrowserTest.dir/mayaHydraSceneBrowserTestCmd.cpp.o
[2023-11-16T19:23:39.655Z]     [83/101] Linking CXX shared library lib/flowViewport/libflowViewport.so
[2023-11-16T19:23:40.775Z]     [84/101] Building CXX object lib/adskHydraSceneBrowser/lib/CMakeFiles/adskHydraSceneBrowser.dir/src/patch/registeredSceneIndexChooser.cpp.o
[2023-11-16T19:23:40.775Z]     [85/101] Building CXX object lib/adskHydraSceneBrowser/lib/CMakeFiles/adskHydraSceneBrowser.dir/src/patch/sceneIndexObserverLoggingWidget.cpp.o
[2023-11-16T19:23:40.775Z]     [86/101] Building CXX object plugin/mayaHydraSceneBrowser/CMakeFiles/mayaHydraSceneBrowser.dir/mayaHydraSceneBrowser.cpp.o
[2023-11-16T19:23:41.311Z]     [87/101] Building CXX object lib/adskHydraSceneBrowser/lib/CMakeFiles/adskHydraSceneBrowser.dir/src/patch/dataSourceValueTreeView.cpp.o
[2023-11-16T19:23:41.311Z]     [88/101] Building CXX object lib/adskHydraSceneBrowser/lib/CMakeFiles/adskHydraSceneBrowser.dir/src/patch/sceneIndexDebuggerWidget.cpp.o
[2023-11-16T19:23:41.311Z]     [89/101] Building CXX object lib/adskHydraSceneBrowser/lib/CMakeFiles/adskHydraSceneBrowser.dir/src/patch/sceneIndexObserverLoggingTreeView.cpp.o
[2023-11-16T19:23:41.846Z]     [90/101] Linking CXX shared library lib/mayaHydra/hydraExtensions/libmayaHydraLib.so
[2023-11-16T19:23:41.846Z]     [91/101] Building CXX object lib/adskHydraSceneBrowser/lib/CMakeFiles/adskHydraSceneBrowser.dir/adskHydraSceneBrowser_autogen/mocs_compilation.cpp.o
[2023-11-16T19:23:41.846Z]     [92/101] Building CXX object lib/adskHydraSceneBrowser/lib/CMakeFiles/adskHydraSceneBrowser.dir/src/patch/sceneIndexTreeWidget.cpp.o
[2023-11-16T19:23:41.846Z]     [93/101] Building CXX object lib/adskHydraSceneBrowser/test/CMakeFiles/adskHydraSceneBrowserTesting.dir/adskHydraSceneBrowserTesting.cpp.o
[2023-11-16T19:23:42.382Z]     [94/101] Building CXX object lib/adskHydraSceneBrowser/lib/CMakeFiles/adskHydraSceneBrowser.dir/src/patch/dataSourceTreeWidget.cpp.o
[2023-11-16T19:23:42.918Z]     [95/101] Linking CXX shared library test/lib/mayaUsd/render/mayaToHydra/cpp/mayaHydraCppTests.so
[2023-11-16T19:23:42.918Z]     [96/101] Linking CXX shared library lib/mayaHydra/mayaPlugin/mayaHydra.so
[2023-11-16T19:23:42.918Z]     [97/101] Linking CXX shared library lib/adskHydraSceneBrowser/lib/libadskHydraSceneBrowser.so
[2023-11-16T19:23:44.685Z]     [98/101] Building CXX object lib/adskHydraSceneBrowser/test/CMakeFiles/adskHydraSceneBrowserTesting.dir/adskHydraSceneBrowserTestFixture.cpp.o
[2023-11-16T19:23:44.685Z]     [99/101] Linking CXX shared library plugin/mayaHydraSceneBrowser/mayaHydraSceneBrowser.so
[2023-11-16T19:23:45.220Z]     [100/101] Linking CXX shared library lib/adskHydraSceneBrowser/test/libadskHydraSceneBrowserTesting.so
[2023-11-16T19:23:46.341Z]     [101/101] Linking CXX shared library plugin/mayaHydraSceneBrowserTest/mayaHydraSceneBrowserTest.so
[2023-11-16T19:23:46.341Z]     
[2023-11-16T19:23:46.341Z]         Building with settings:
[2023-11-16T19:23:46.341Z]           Source directory          /home/S/jenkins/workspace/ECP/ecg-maya-hydra/ecg-maya-hydra-branch-preflight-python3-linux/ecg-maya-hydra/maya-hydra
[2023-11-16T19:23:46.341Z]           Workspace directory       /local/S/jenkins/workspace/ECP/ecg-maya-hydra/ecg-maya-hydra-branch-preflight-python3-linux
[2023-11-16T19:23:46.341Z]           Build directory           /local/S/jenkins/workspace/ECP/ecg-maya-hydra/ecg-maya-hydra-branch-preflight-python3-linux/build/Debug
[2023-11-16T19:23:46.341Z]           Install directory         /local/S/jenkins/workspace/ECP/ecg-maya-hydra/ecg-maya-hydra-branch-preflight-python3-linux/install/Debug/MayaHydra
[2023-11-16T19:23:46.341Z]           Variant                   Debug
[2023-11-16T19:23:46.341Z]           Python Debug              On
[2023-11-16T19:23:46.341Z]           CMake generator           Ninja
[2023-11-16T19:23:46.341Z]           Build arguments           ['-DCMAKE_MAKE_PROGRAM=/local/S/jenkins/workspace/shared/Artifactory/Linux/ninja/1.10.2/9ab399b/ninja', '-DPYTHON_INCLUDE_DIR=/local/S/jenkins/workspace/shared/Artifactory/Linux/rundev-master-debug/202310260154/runtime/7d60df0/runTime/include/Python310/Python', '-DPython_EXECUTABLE=/local/S/jenkins/workspace/shared/Artifactory/Linux/rundev-master-debug/202310260154/runtime/7d60df0/runTime/bin/mayapy', '-DPYTHON_LIBRARIES=/local/S/jenkins/workspace/shared/Artifactory/Linux/rundev-master-debug/202310260154/runtime/7d60df0/runTime/lib/libpython3.10d.so.1.0', '-DBUILD_WITH_PYTHON_3=ON', '-DBUILD_WITH_PYTHON_3_VERSION=3.10', '-DCMAKE_WANT_MATERIALX_BUILD=ON', '-DCMAKE_PREFIX_PATH=/local/S/jenkins/workspace/shared/Artifactory/Linux/USD/8e4fe45', '-DMAYAHYDRA_BUILD_NUMBER=402', '-DMAYAHYDRA_GIT_COMMIT=86220da922b9bf375540f17e48f7cae1dbba339c', '-DMAYAHYDRA_GIT_BRANCH=master']
[2023-11-16T19:23:46.341Z]           Stages arguments          ['build']
[2023-11-16T19:23:46.341Z]           CTest arguments           ['--parallel 16']
[2023-11-16T19:23:46.341Z]     Success MayaHydra build and install !!!!
[2023-11-16T19:23:46.341Z]     Elapsed time: 00:00:30
[Pipeline] sh
[2023-11-16T19:23:47.814Z] + scl enable gcc-toolset-11 -
[2023-11-16T19:23:47.815Z] + '[' enable = load -o enable = unload ']'
[2023-11-16T19:23:47.815Z] + /usr/bin/scl enable gcc-toolset-11 -
[2023-11-16T19:23:47.815Z] python ecg-maya-hydra/build.py --stages=build --workspace-dir=/local/S/jenkins/workspace/ECP/ecg-maya-hydra/ecg-maya-hydra-branch-preflight-python3-linux --artifactory-dir=/local/S/jenkins/workspace/shared/Artifactory --build-dir=/local/S/jenkins/workspace/ECP/ecg-maya-hydra/ecg-maya-hydra-branch-preflight-python3-linux/build --install-dir=/local/S/jenkins/workspace/ECP/ecg-maya-hydra/ecg-maya-hydra-branch-preflight-python3-linux/install --signing-dir=/local/S/jenkins/workspace/ECP/ecg-maya-hydra/ecg-maya-hydra-branch-preflight-python3-linux/signing --package-dir=/local/S/jenkins/workspace/ECP/ecg-maya-hydra/ecg-maya-hydra-branch-preflight-python3-linux/package --output-dir=/local/S/jenkins/workspace/ECP/ecg-maya-hydra/ecg-maya-hydra-branch-preflight-python3-linux/output --stash-dir=/local/S/jenkins/workspace/ECP/ecg-maya-hydra/ecg-maya-hydra-branch-preflight-python3-linux/stash --jenkins-build=402 --git-commit=86220da922b9bf375540f17e48f7cae1dbba339c --git-branch=master --variants=RelWithDebInfo --interactive-tests=true --post-zips=false --osx-binary-architecture-target=ub2 --osx-deployment-target=11.0 --osx-base-sdk=CurrentActiveSDK --build-retry=3 --maya-cut-config=maya-rundev-master.yaml --maya-package=rundev-master --stage-banner
[2023-11-16T19:23:47.815Z] Using Maya cut from /local/S/jenkins/workspace/shared/Artifactory/Linux/rundev-master/202311060140/runtime/33fa670
[2023-11-16T19:23:47.815Z] 
[2023-11-16T19:23:47.815Z] ================================================================================
[2023-11-16T19:23:47.815Z]                              build (RelWithDebInfo)
[2023-11-16T19:23:47.815Z] ================================================================================
[2023-11-16T19:23:47.815Z] Maya Python RelWithDebInfo Info:
[2023-11-16T19:23:47.815Z]   mayapy executable   = /local/S/jenkins/workspace/shared/Artifactory/Linux/rundev-master/202311060140/runtime/33fa670/runTime/bin/mayapy
[2023-11-16T19:23:47.815Z]   Include Folder      = /local/S/jenkins/workspace/shared/Artifactory/Linux/rundev-master/202311060140/runtime/33fa670/runTime/include/Python310/Python
[2023-11-16T19:23:47.815Z]   Library             = /local/S/jenkins/workspace/shared/Artifactory/Linux/rundev-master/202311060140/runtime/33fa670/runTime/lib/libpython3.10.so.1.0
[2023-11-16T19:23:47.815Z]   site-package Folder = /local/S/jenkins/workspace/shared/Artifactory/Linux/rundev-master/202311060140/runtime/33fa670/runTime/lib/python3.10/site-packages
[2023-11-16T19:23:48.350Z] In workdir: /home/S/jenkins/workspace/ECP/ecg-maya-hydra/ecg-maya-hydra-branch-preflight-python3-linux/ecg-maya-hydra/maya-hydra
[2023-11-16T19:23:48.350Z] Executing: /local/S/jenkins/workspace/shared/Artifactory/Linux/rundev-master/202311060140/runtime/33fa670/runTime/bin/mayapy /home/S/jenkins/workspace/ECP/ecg-maya-hydra/ecg-maya-hydra-branch-preflight-python3-linux/ecg-maya-hydra/maya-hydra/build.py --generator Ninja --build-relwithdebug --maya-location /local/S/jenkins/workspace/shared/Artifactory/Linux/rundev-master/202311060140/runtime/33fa670/runTime --devkit-location /local/S/jenkins/workspace/shared/Artifactory/Linux/rundev-master/202311060140/runtime/33fa670/devkitBase --pxrusd-location /local/S/jenkins/workspace/shared/Artifactory/Linux/USD/13e6029 --build-args=-DCMAKE_MAKE_PROGRAM=/local/S/jenkins/workspace/shared/Artifactory/Linux/ninja/1.10.2/9ab399b/ninja,-DPYTHON_INCLUDE_DIR=/local/S/jenkins/workspace/shared/Artifactory/Linux/rundev-master/202311060140/runtime/33fa670/runTime/include/Python310/Python,-DPython_EXECUTABLE=/local/S/jenkins/workspace/shared/Artifactory/Linux/rundev-master/202311060140/runtime/33fa670/runTime/bin/mayapy,-DPYTHON_LIBRARIES=/local/S/jenkins/workspace/shared/Artifactory/Linux/rundev-master/202311060140/runtime/33fa670/runTime/lib/libpython3.10.so.1.0,-DBUILD_WITH_PYTHON_3=ON,-DBUILD_WITH_PYTHON_3_VERSION=3.10,-DCMAKE_WANT_MATERIALX_BUILD=ON,-DCMAKE_PREFIX_PATH=/local/S/jenkins/workspace/shared/Artifactory/Linux/USD/13e6029,-DMAYAHYDRA_BUILD_NUMBER=402,-DMAYAHYDRA_GIT_COMMIT=86220da922b9bf375540f17e48f7cae1dbba339c,-DMAYAHYDRA_GIT_BRANCH=master '--ctest-args=--parallel 16' --stages=build --redirect-outstream-file=False --install-location /local/S/jenkins/workspace/ECP/ecg-maya-hydra/ecg-maya-hydra-branch-preflight-python3-linux/install/RelWithDebInfo/MayaHydra /local/S/jenkins/workspace/ECP/ecg-maya-hydra/ecg-maya-hydra-branch-preflight-python3-linux
[2023-11-16T19:23:48.350Z] Modified environment variables:
[2023-11-16T19:23:48.350Z]     LD_LIBRARY_PATH=/opt/rh/gcc-toolset-11/root/usr/lib64:/opt/rh/gcc-toolset-11/root/usr/lib64:/opt/rh/gcc-toolset-11/root/usr/lib:/opt/rh/gcc-toolset-11/root/usr/lib64/dyninst:/opt/rh/gcc-toolset-11/root/usr/lib/dyninst
[2023-11-16T19:23:48.350Z]     PATH=/local/S/jenkins/workspace/shared/Artifactory/Linux/cmake/3.20.3/ab685d7/bin:/opt/rh/gcc-toolset-11/root/usr/bin:/home/administrator/.local/bin:/home/administrator/bin:/usr/share/Modules/bin:/usr/local/bin:/usr/local/sbin:/usr/bin:/usr/sbin
[2023-11-16T19:23:48.909Z]     [1/101] Building CXX object lib/mayaHydra/mayaPlugin/CMakeFiles/mayaHydra.dir/colorNotFoundException.cpp.o
[2023-11-16T19:23:49.499Z]     [2/101] Building CXX object lib/mayaHydra/mayaPlugin/CMakeFiles/mayaHydra.dir/tokens.cpp.o
[2023-11-16T19:23:49.499Z]     [3/101] Building CXX object test/lib/mayaUsd/render/mayaToHydra/cpp/CMakeFiles/mayaHydraCppTests.dir/testCppFramework.cpp.o
[2023-11-16T19:23:49.499Z]     [4/101] Building CXX object lib/mayaHydra/mayaPlugin/CMakeFiles/mayaHydra.dir/pluginDebugCodes.cpp.o
[2023-11-16T19:23:49.499Z]     [5/101] Building CXX object test/lib/mayaUsd/render/mayaToHydra/cpp/CMakeFiles/mayaHydraCppTests.dir/mayaHydraCppTestsCmd.cpp.o
[2023-11-16T19:23:50.065Z]     [6/101] Building CXX object lib/mayaHydra/ufeExtensions/CMakeFiles/ufeExtensions.dir/Global.cpp.o
[2023-11-16T19:23:50.065Z]     [7/101] Building CXX object lib/mayaHydra/mayaPlugin/CMakeFiles/mayaHydra.dir/mayaColorPreferencesTranslator.cpp.o
[2023-11-16T19:23:50.625Z]     [8/101] Building CXX object lib/mayaHydra/hydraExtensions/CMakeFiles/mayaHydraLib.dir/adapters/adapterDebugCodes.cpp.o
[2023-11-16T19:23:51.165Z]     [9/101] Building CXX object lib/mayaHydra/hydraExtensions/CMakeFiles/mayaHydraLib.dir/debugCodes.cpp.o
[2023-11-16T19:23:51.165Z]     [10/101] Building CXX object test/lib/mayaUsd/render/mayaToHydra/cpp/CMakeFiles/mayaHydraCppTests.dir/testColorPreferences.cpp.o
[2023-11-16T19:23:51.165Z]     [11/101] Building CXX object lib/mayaHydra/hydraExtensions/CMakeFiles/mayaHydraLib.dir/mayaUtils.cpp.o
[2023-11-16T19:23:51.165Z]     [12/101] Building CXX object lib/mayaHydra/hydraExtensions/CMakeFiles/mayaHydraLib.dir/mhBuildInfo.cpp.o
[2023-11-16T19:23:52.308Z]     [13/101] Building CXX object test/lib/mayaUsd/render/mayaToHydra/cpp/CMakeFiles/mayaHydraCppTests.dir/testUtils.cpp.o
[2023-11-16T19:23:52.846Z]     [14/101] Building CXX object test/lib/mayaUsd/render/mayaToHydra/cpp/CMakeFiles/mayaHydraCppTests.dir/testMayaSceneFlattening.cpp.o
[2023-11-16T19:23:52.846Z]     [15/101] Building CXX object test/lib/mayaUsd/render/mayaToHydra/cpp/CMakeFiles/mayaHydraCppTests.dir/testMayaUsdUfeItems.cpp.o
[2023-11-16T19:23:52.846Z]     [16/101] Building CXX object lib/mayaHydra/hydraExtensions/CMakeFiles/mayaHydraLib.dir/interfaceImp.cpp.o
[2023-11-16T19:23:54.007Z]     [17/101] Building CXX object test/lib/mayaUsd/render/mayaToHydra/cpp/CMakeFiles/mayaHydraCppTests.dir/testSelectionSceneIndex.cpp.o
[2023-11-16T19:23:54.007Z]     [18/101] Building CXX object lib/mayaHydra/mayaPlugin/CMakeFiles/mayaHydra.dir/pluginUtils.cpp.o
[2023-11-16T19:23:54.556Z]     [19/101] Building CXX object lib/mayaHydra/hydraExtensions/CMakeFiles/mayaHydraLib.dir/mixedUtils.cpp.o
[2023-11-16T19:23:54.556Z]     [20/101] Building CXX object lib/mayaHydra/hydraExtensions/CMakeFiles/mayaHydraLib.dir/hydraUtils.cpp.o
[2023-11-16T19:23:54.556Z]     [21/101] Building CXX object test/lib/mayaUsd/render/mayaToHydra/cpp/CMakeFiles/mayaHydraCppTests.dir/testWireframeSelectionHighlightSceneIndex.cpp.o
[2023-11-16T19:23:55.094Z]     [22/101] Building CXX object lib/mayaHydra/mayaPlugin/CMakeFiles/mayaHydra.dir/plugin.cpp.o
[2023-11-16T19:23:55.642Z]     [23/101] Building CXX object lib/mayaHydra/mayaPlugin/CMakeFiles/mayaHydra.dir/viewCommand.cpp.o
[2023-11-16T19:23:56.193Z]     [24/101] Building CXX object lib/mayaHydra/hydraExtensions/CMakeFiles/mayaHydraLib.dir/adapters/mayaAttrs.cpp.o
[2023-11-16T19:23:57.323Z]     [25/101] Building CXX object test/lib/mayaUsd/render/mayaToHydra/cpp/CMakeFiles/mayaHydraCppTests.dir/testMergingSceneIndex.cpp.o
[2023-11-16T19:23:57.323Z]     [26/101] Building CXX object lib/mayaHydra/hydraExtensions/CMakeFiles/mayaHydraLib.dir/adapters/adapter.cpp.o
[2023-11-16T19:23:58.469Z]     [27/101] Building CXX object lib/mayaHydra/hydraExtensions/CMakeFiles/mayaHydraLib.dir/adapters/areaLightAdapter.cpp.o
[2023-11-16T19:23:59.019Z]     [28/101] Building CXX object lib/mayaHydra/hydraExtensions/CMakeFiles/mayaHydraLib.dir/adapters/adapterRegistry.cpp.o
[2023-11-16T19:23:59.558Z]     [29/101] Building CXX object lib/mayaHydra/hydraExtensions/CMakeFiles/mayaHydraLib.dir/adapters/cameraAdapter.cpp.o
[2023-11-16T19:23:59.558Z]     [30/101] Building CXX object lib/mayaHydra/mayaPlugin/CMakeFiles/mayaHydra.dir/renderOverride.cpp.o
[2023-11-16T19:23:59.558Z]     [31/101] Building CXX object lib/mayaHydra/hydraExtensions/CMakeFiles/mayaHydraLib.dir/adapters/aiSkydomeLightAdapter.cpp.o
[2023-11-16T19:24:00.113Z]     [32/101] Building CXX object lib/mayaHydra/hydraExtensions/CMakeFiles/mayaHydraLib.dir/mayaHydraSceneProducer.cpp.o
[2023-11-16T19:24:00.660Z]     [33/101] Building CXX object lib/mayaHydra/hydraExtensions/CMakeFiles/mayaHydraLib.dir/adapters/dagAdapter.cpp.o
[2023-11-16T19:24:00.660Z]     [34/101] Building CXX object lib/mayaHydra/mayaPlugin/CMakeFiles/mayaHydra.dir/renderGlobals.cpp.o
[2023-11-16T19:24:00.660Z]     [35/101] Building CXX object lib/mayaHydra/hydraExtensions/CMakeFiles/mayaHydraLib.dir/adapters/directionalLightAdapter.cpp.o
[2023-11-16T19:24:00.660Z]     [36/101] Building CXX object lib/mayaHydra/hydraExtensions/CMakeFiles/mayaHydraLib.dir/adapters/tokens.cpp.o
[2023-11-16T19:24:01.226Z]     [37/101] Building CXX object lib/mayaHydra/hydraExtensions/CMakeFiles/mayaHydraLib.dir/adapters/lightAdapter.cpp.o
[2023-11-16T19:24:01.226Z]     [38/101] Building CXX object lib/mayaHydra/hydraExtensions/CMakeFiles/mayaHydraLib.dir/delegates/delegateDebugCodes.cpp.o
[2023-11-16T19:24:03.019Z]     [39/101] Building CXX object lib/mayaHydra/hydraExtensions/CMakeFiles/mayaHydraLib.dir/adapters/renderItemAdapter.cpp.o
[2023-11-16T19:24:03.019Z]     [40/101] Building CXX object lib/mayaHydra/hydraExtensions/CMakeFiles/mayaHydraLib.dir/adapters/materialAdapter.cpp.o
[2023-11-16T19:24:03.559Z]     [41/101] Building CXX object lib/mayaHydra/hydraExtensions/CMakeFiles/mayaHydraLib.dir/adapters/pointLightAdapter.cpp.o
[2023-11-16T19:24:04.097Z]     [42/101] Building CXX object lib/mayaHydra/hydraExtensions/CMakeFiles/mayaHydraLib.dir/adapters/nurbsCurveAdapter.cpp.o
[2023-11-16T19:24:04.651Z]     [43/101] Building CXX object lib/mayaHydra/hydraExtensions/CMakeFiles/mayaHydraLib.dir/adapters/shapeAdapter.cpp.o
[2023-11-16T19:24:04.651Z]     [44/101] Building CXX object lib/mayaHydra/hydraExtensions/CMakeFiles/mayaHydraLib.dir/adapters/meshAdapter.cpp.o
[2023-11-16T19:24:04.651Z]     [45/101] Building CXX object lib/mayaHydra/hydraExtensions/CMakeFiles/mayaHydraLib.dir/delegates/delegate.cpp.o
[2023-11-16T19:24:05.189Z]     [46/101] Linking CXX shared library lib/mayaHydra/ufeExtensions/libufeExtensions.so
[2023-11-16T19:24:05.189Z]     [47/101] Building CXX object lib/mayaHydra/hydraExtensions/CMakeFiles/mayaHydraLib.dir/delegates/delegateCtx.cpp.o
[2023-11-16T19:24:05.190Z]     [48/101] Building CXX object lib/mayaHydra/hydraExtensions/CMakeFiles/mayaHydraLib.dir/adapters/materialNetworkConverter.cpp.o
[2023-11-16T19:24:05.731Z]     [49/101] Building CXX object lib/mayaHydra/hydraExtensions/CMakeFiles/mayaHydraLib.dir/adapters/spotLightAdapter.cpp.o
[2023-11-16T19:24:05.731Z]     [50/101] Building CXX object lib/flowViewport/CMakeFiles/flowViewport.dir/debugCodes.cpp.o
[2023-11-16T19:24:05.731Z]     [51/101] Building CXX object lib/flowViewport/CMakeFiles/flowViewport.dir/global.cpp.o
[2023-11-16T19:24:05.731Z]     [52/101] Building CXX object lib/flowViewport/CMakeFiles/flowViewport.dir/tokens.cpp.o
[2023-11-16T19:24:06.270Z]     [53/101] Building CXX object lib/flowViewport/CMakeFiles/flowViewport.dir/colorPreferences/fvpColorChanged.cpp.o
[2023-11-16T19:24:06.270Z]     [54/101] Building CXX object lib/mayaHydra/hydraExtensions/CMakeFiles/mayaHydraLib.dir/delegates/delegateRegistry.cpp.o
[2023-11-16T19:24:06.270Z]     [55/101] Building CXX object lib/flowViewport/CMakeFiles/flowViewport.dir/sceneIndex/fvpPathInterface.cpp.o
[2023-11-16T19:24:06.830Z]     [56/101] Building CXX object lib/flowViewport/CMakeFiles/flowViewport.dir/colorPreferences/fvpColorPreferencesTokens.cpp.o
[2023-11-16T19:24:06.830Z]     [57/101] Building CXX object lib/flowViewport/CMakeFiles/flowViewport.dir/colorPreferences/fvpColorPreferences.cpp.o
[2023-11-16T19:24:06.830Z]     [58/101] Building CXX object lib/mayaHydra/hydraExtensions/CMakeFiles/mayaHydraLib.dir/sceneIndex/registration.cpp.o
[2023-11-16T19:24:07.969Z]     [59/101] Building CXX object lib/flowViewport/CMakeFiles/flowViewport.dir/API/interfacesImp/fvpSelectionInterfaceImp.cpp.o
[2023-11-16T19:24:07.969Z]     [60/101] Building CXX object lib/flowViewport/CMakeFiles/flowViewport.dir/API/interfacesImp/fvpVersionInterfaceImp.cpp.o
[2023-11-16T19:24:08.511Z]     [61/101] Building CXX object lib/flowViewport/CMakeFiles/flowViewport.dir/sceneIndex/fvpPathInterfaceSceneIndex.cpp.o
[2023-11-16T19:24:08.511Z]     [62/101] Building CXX object lib/flowViewport/CMakeFiles/flowViewport.dir/API/samples/fvpSelectionClientExample.cpp.o
[2023-11-16T19:24:09.061Z]     [63/101] Building CXX object lib/flowViewport/CMakeFiles/flowViewport.dir/sceneIndex/fvpRenderIndexProxy.cpp.o
[2023-11-16T19:24:09.061Z]     [64/101] Building CXX object lib/mayaHydra/hydraExtensions/CMakeFiles/mayaHydraLib.dir/sceneIndex/mayaHydraPrimvarDataSource.cpp.o
[2023-11-16T19:24:09.061Z]     [65/101] Building CXX object lib/flowViewport/CMakeFiles/flowViewport.dir/sceneIndex/fvpMergingSceneIndex.cpp.o
[2023-11-16T19:24:09.061Z]     [66/101] Building CXX object lib/flowViewport/CMakeFiles/flowViewport.dir/selection/fvpSelectionFwd.cpp.o
[2023-11-16T19:24:10.205Z]     [67/101] Building CXX object lib/mayaHydra/hydraExtensions/CMakeFiles/mayaHydraLib.dir/sceneIndex/mayaHydraLightDataSource.cpp.o
[2023-11-16T19:24:10.205Z]     [68/101] Building CXX object lib/mayaHydra/hydraExtensions/CMakeFiles/mayaHydraLib.dir/sceneIndex/mayaHydraDisplayStyleDataSource.cpp.o
[2023-11-16T19:24:10.760Z]     [69/101] Building CXX object lib/mayaHydra/hydraExtensions/CMakeFiles/mayaHydraLib.dir/delegates/testDelegate.cpp.o
[2023-11-16T19:24:11.306Z]     [70/101] Building CXX object lib/mayaHydra/hydraExtensions/CMakeFiles/mayaHydraLib.dir/sceneIndex/mayaHydraCameraDataSource.cpp.o
[2023-11-16T19:24:11.306Z]     [71/101] Building CXX object lib/mayaHydra/hydraExtensions/CMakeFiles/mayaHydraLib.dir/delegates/defaultLightDelegate.cpp.o
[2023-11-16T19:24:11.306Z]     [72/101] Automatic MOC for target adskHydraSceneBrowser
[2023-11-16T19:24:11.306Z]     [73/101] Building CXX object lib/flowViewport/CMakeFiles/flowViewport.dir/sceneIndex/fvpSelectionSceneIndex.cpp.o
[2023-11-16T19:24:11.846Z]     [74/101] Building CXX object lib/flowViewport/CMakeFiles/flowViewport.dir/sceneIndex/fvpWireframeSelectionHighlightSceneIndex.cpp.o
[2023-11-16T19:24:11.846Z]     [75/101] Building CXX object lib/mayaHydra/hydraExtensions/CMakeFiles/mayaHydraLib.dir/sceneIndex/mayaHydraDefaultLightDataSource.cpp.o
[2023-11-16T19:24:11.846Z]     [76/101] Building CXX object lib/mayaHydra/hydraExtensions/CMakeFiles/mayaHydraLib.dir/delegates/sceneDelegate.cpp.o
[2023-11-16T19:24:12.391Z]     [77/101] Building CXX object lib/flowViewport/CMakeFiles/flowViewport.dir/selection/fvpSelection.cpp.o
[2023-11-16T19:24:12.934Z]     [78/101] Building CXX object lib/mayaHydra/hydraExtensions/CMakeFiles/mayaHydraLib.dir/sceneIndex/mayaHydraSceneIndex.cpp.o
[2023-11-16T19:24:12.934Z]     [79/101] Building CXX object lib/flowViewport/CMakeFiles/flowViewport.dir/selection/fvpSelectionTracker.cpp.o
[2023-11-16T19:24:12.934Z]     [80/101] Building CXX object lib/mayaHydra/hydraExtensions/CMakeFiles/mayaHydraLib.dir/sceneIndex/mayaHydraDataSource.cpp.o
[2023-11-16T19:24:13.470Z]     [81/101] Building CXX object lib/flowViewport/CMakeFiles/flowViewport.dir/selection/fvpSelectionTask.cpp.o
[2023-11-16T19:24:14.006Z]     [82/101] Linking CXX shared library lib/flowViewport/libflowViewport.so
[2023-11-16T19:24:15.128Z]     [83/101] Building CXX object plugin/mayaHydraSceneBrowserTest/CMakeFiles/mayaHydraSceneBrowserTest.dir/mayaHydraSceneBrowserTestCmd.cpp.o
[2023-11-16T19:24:15.128Z]     [84/101] Linking CXX shared library lib/mayaHydra/hydraExtensions/libmayaHydraLib.so
[2023-11-16T19:24:15.128Z]     [85/101] Building CXX object lib/adskHydraSceneBrowser/lib/CMakeFiles/adskHydraSceneBrowser.dir/src/patch/registeredSceneIndexChooser.cpp.o
[2023-11-16T19:24:15.663Z]     [86/101] Building CXX object lib/adskHydraSceneBrowser/lib/CMakeFiles/adskHydraSceneBrowser.dir/src/patch/sceneIndexObserverLoggingWidget.cpp.o
[2023-11-16T19:24:15.663Z]     [87/101] Linking CXX shared library test/lib/mayaUsd/render/mayaToHydra/cpp/mayaHydraCppTests.so
[2023-11-16T19:24:15.663Z]     [88/101] Linking CXX shared library lib/mayaHydra/mayaPlugin/mayaHydra.so
[2023-11-16T19:24:16.199Z]     [89/101] Building CXX object plugin/mayaHydraSceneBrowser/CMakeFiles/mayaHydraSceneBrowser.dir/mayaHydraSceneBrowser.cpp.o
[2023-11-16T19:24:16.199Z]     [90/101] Building CXX object lib/adskHydraSceneBrowser/lib/CMakeFiles/adskHydraSceneBrowser.dir/src/patch/sceneIndexDebuggerWidget.cpp.o
[2023-11-16T19:24:16.735Z]     [91/101] Building CXX object lib/adskHydraSceneBrowser/lib/CMakeFiles/adskHydraSceneBrowser.dir/src/patch/sceneIndexObserverLoggingTreeView.cpp.o
[2023-11-16T19:24:16.735Z]     [92/101] Building CXX object lib/adskHydraSceneBrowser/lib/CMakeFiles/adskHydraSceneBrowser.dir/adskHydraSceneBrowser_autogen/mocs_compilation.cpp.o
[2023-11-16T19:24:17.271Z]     [93/101] Building CXX object lib/adskHydraSceneBrowser/test/CMakeFiles/adskHydraSceneBrowserTesting.dir/adskHydraSceneBrowserTesting.cpp.o
[2023-11-16T19:24:17.271Z]     [94/101] Building CXX object lib/adskHydraSceneBrowser/lib/CMakeFiles/adskHydraSceneBrowser.dir/src/patch/dataSourceValueTreeView.cpp.o
[2023-11-16T19:24:17.271Z]     [95/101] Building CXX object lib/adskHydraSceneBrowser/lib/CMakeFiles/adskHydraSceneBrowser.dir/src/patch/sceneIndexTreeWidget.cpp.o
[2023-11-16T19:24:17.806Z]     [96/101] Building CXX object lib/adskHydraSceneBrowser/lib/CMakeFiles/adskHydraSceneBrowser.dir/src/patch/dataSourceTreeWidget.cpp.o
[2023-11-16T19:24:17.806Z]     [97/101] Linking CXX shared library lib/adskHydraSceneBrowser/lib/libadskHydraSceneBrowser.so
[2023-11-16T19:24:18.342Z]     [98/101] Linking CXX shared library plugin/mayaHydraSceneBrowser/mayaHydraSceneBrowser.so
[2023-11-16T19:24:22.534Z]     [99/101] Building CXX object lib/adskHydraSceneBrowser/test/CMakeFiles/adskHydraSceneBrowserTesting.dir/adskHydraSceneBrowserTestFixture.cpp.o
[2023-11-16T19:24:23.069Z]     [100/101] Linking CXX shared library lib/adskHydraSceneBrowser/test/libadskHydraSceneBrowserTesting.so
[2023-11-16T19:24:23.283Z]     [101/101] Linking CXX shared library plugin/mayaHydraSceneBrowserTest/mayaHydraSceneBrowserTest.so
[2023-11-16T19:24:23.283Z]     
[2023-11-16T19:24:23.283Z]         Building with settings:
[2023-11-16T19:24:23.283Z]           Source directory          /home/S/jenkins/workspace/ECP/ecg-maya-hydra/ecg-maya-hydra-branch-preflight-python3-linux/ecg-maya-hydra/maya-hydra
[2023-11-16T19:24:23.283Z]           Workspace directory       /local/S/jenkins/workspace/ECP/ecg-maya-hydra/ecg-maya-hydra-branch-preflight-python3-linux
[2023-11-16T19:24:23.283Z]           Build directory           /local/S/jenkins/workspace/ECP/ecg-maya-hydra/ecg-maya-hydra-branch-preflight-python3-linux/build/RelWithDebInfo
[2023-11-16T19:24:23.283Z]           Install directory         /local/S/jenkins/workspace/ECP/ecg-maya-hydra/ecg-maya-hydra-branch-preflight-python3-linux/install/RelWithDebInfo/MayaHydra
[2023-11-16T19:24:23.283Z]           Variant                   RelWithDebInfo
[2023-11-16T19:24:23.283Z]           Python Debug              Off
[2023-11-16T19:24:23.283Z]           CMake generator           Ninja
[2023-11-16T19:24:23.283Z]           Build arguments           ['-DCMAKE_MAKE_PROGRAM=/local/S/jenkins/workspace/shared/Artifactory/Linux/ninja/1.10.2/9ab399b/ninja', '-DPYTHON_INCLUDE_DIR=/local/S/jenkins/workspace/shared/Artifactory/Linux/rundev-master/202311060140/runtime/33fa670/runTime/include/Python310/Python', '-DPython_EXECUTABLE=/local/S/jenkins/workspace/shared/Artifactory/Linux/rundev-master/202311060140/runtime/33fa670/runTime/bin/mayapy', '-DPYTHON_LIBRARIES=/local/S/jenkins/workspace/shared/Artifactory/Linux/rundev-master/202311060140/runtime/33fa670/runTime/lib/libpython3.10.so.1.0', '-DBUILD_WITH_PYTHON_3=ON', '-DBUILD_WITH_PYTHON_3_VERSION=3.10', '-DCMAKE_WANT_MATERIALX_BUILD=ON', '-DCMAKE_PREFIX_PATH=/local/S/jenkins/workspace/shared/Artifactory/Linux/USD/13e6029', '-DMAYAHYDRA_BUILD_NUMBER=402', '-DMAYAHYDRA_GIT_COMMIT=86220da922b9bf375540f17e48f7cae1dbba339c', '-DMAYAHYDRA_GIT_BRANCH=master']
[2023-11-16T19:24:23.283Z]           Stages arguments          ['build']
[2023-11-16T19:24:23.283Z]           CTest arguments           ['--parallel 16']
[2023-11-16T19:24:23.283Z]     Success MayaHydra build and install !!!!
[2023-11-16T19:24:23.283Z]     Elapsed time: 00:00:34
[Pipeline] }
[Pipeline] // withEnv
[Pipeline] }
[Pipeline] // timeout
[Pipeline] }
[Pipeline] // stage
[Pipeline] }
[Pipeline] // timestamps
[Pipeline] timestamps
[Pipeline] {
[Pipeline] stage
[Pipeline] { (Install)
[Pipeline] timeout
[2023-11-16T19:24:23.436Z] Timeout set to expire in 6 hr 0 min
[Pipeline] {
[Pipeline] withEnv
[Pipeline] {
[Pipeline] sh
[2023-11-16T19:24:24.992Z] + scl enable gcc-toolset-11 -
[2023-11-16T19:24:24.992Z] + '[' enable = load -o enable = unload ']'
[2023-11-16T19:24:24.992Z] + /usr/bin/scl enable gcc-toolset-11 -
[2023-11-16T19:24:24.992Z] python ecg-maya-hydra/build.py --stages=install --workspace-dir=/local/S/jenkins/workspace/ECP/ecg-maya-hydra/ecg-maya-hydra-branch-preflight-python3-linux --artifactory-dir=/local/S/jenkins/workspace/shared/Artifactory --build-dir=/local/S/jenkins/workspace/ECP/ecg-maya-hydra/ecg-maya-hydra-branch-preflight-python3-linux/build --install-dir=/local/S/jenkins/workspace/ECP/ecg-maya-hydra/ecg-maya-hydra-branch-preflight-python3-linux/install --signing-dir=/local/S/jenkins/workspace/ECP/ecg-maya-hydra/ecg-maya-hydra-branch-preflight-python3-linux/signing --package-dir=/local/S/jenkins/workspace/ECP/ecg-maya-hydra/ecg-maya-hydra-branch-preflight-python3-linux/package --output-dir=/local/S/jenkins/workspace/ECP/ecg-maya-hydra/ecg-maya-hydra-branch-preflight-python3-linux/output --stash-dir=/local/S/jenkins/workspace/ECP/ecg-maya-hydra/ecg-maya-hydra-branch-preflight-python3-linux/stash --jenkins-build=402 --git-commit=86220da922b9bf375540f17e48f7cae1dbba339c --git-branch=master --variants=Debug --interactive-tests=true --post-zips=false --osx-binary-architecture-target=ub2 --osx-deployment-target=11.0 --osx-base-sdk=CurrentActiveSDK --maya-cut-config=maya-rundev-master-debug.yaml --maya-package=rundev-master-debug --stage-banner
[2023-11-16T19:24:24.992Z] Using Maya cut from /local/S/jenkins/workspace/shared/Artifactory/Linux/rundev-master-debug/202310260154/runtime/7d60df0
[2023-11-16T19:24:24.992Z] 
[2023-11-16T19:24:24.992Z] ================================================================================
[2023-11-16T19:24:24.992Z]                                 install (Debug)
[2023-11-16T19:24:24.992Z] ================================================================================
[2023-11-16T19:24:24.992Z] Maya Python Debug Info:
[2023-11-16T19:24:24.992Z]   mayapy executable   = /local/S/jenkins/workspace/shared/Artifactory/Linux/rundev-master-debug/202310260154/runtime/7d60df0/runTime/bin/mayapy
[2023-11-16T19:24:24.992Z]   Include Folder      = /local/S/jenkins/workspace/shared/Artifactory/Linux/rundev-master-debug/202310260154/runtime/7d60df0/runTime/include/Python310/Python
[2023-11-16T19:24:24.992Z]   Library             = /local/S/jenkins/workspace/shared/Artifactory/Linux/rundev-master-debug/202310260154/runtime/7d60df0/runTime/lib/libpython3.10d.so.1.0
[2023-11-16T19:24:24.992Z]   site-package Folder = /local/S/jenkins/workspace/shared/Artifactory/Linux/rundev-master-debug/202310260154/runtime/7d60df0/runTime/lib/python3.10/site-packages
[2023-11-16T19:24:25.587Z] In workdir: /home/S/jenkins/workspace/ECP/ecg-maya-hydra/ecg-maya-hydra-branch-preflight-python3-linux/ecg-maya-hydra/maya-hydra
[2023-11-16T19:24:25.587Z] Executing: /local/S/jenkins/workspace/shared/Artifactory/Linux/rundev-master-debug/202310260154/runtime/7d60df0/runTime/bin/mayapy /home/S/jenkins/workspace/ECP/ecg-maya-hydra/ecg-maya-hydra-branch-preflight-python3-linux/ecg-maya-hydra/maya-hydra/build.py --generator Ninja --build-debug --maya-location /local/S/jenkins/workspace/shared/Artifactory/Linux/rundev-master-debug/202310260154/runtime/7d60df0/runTime --devkit-location /local/S/jenkins/workspace/shared/Artifactory/Linux/rundev-master-debug/202310260154/runtime/7d60df0/devkitBase --pxrusd-location /local/S/jenkins/workspace/shared/Artifactory/Linux/USD/8e4fe45 --build-args=-DCMAKE_MAKE_PROGRAM=/local/S/jenkins/workspace/shared/Artifactory/Linux/ninja/1.10.2/9ab399b/ninja,-DPYTHON_INCLUDE_DIR=/local/S/jenkins/workspace/shared/Artifactory/Linux/rundev-master-debug/202310260154/runtime/7d60df0/runTime/include/Python310/Python,-DPython_EXECUTABLE=/local/S/jenkins/workspace/shared/Artifactory/Linux/rundev-master-debug/202310260154/runtime/7d60df0/runTime/bin/mayapy,-DPYTHON_LIBRARIES=/local/S/jenkins/workspace/shared/Artifactory/Linux/rundev-master-debug/202310260154/runtime/7d60df0/runTime/lib/libpython3.10d.so.1.0,-DBUILD_WITH_PYTHON_3=ON,-DBUILD_WITH_PYTHON_3_VERSION=3.10,-DCMAKE_WANT_MATERIALX_BUILD=ON,-DCMAKE_PREFIX_PATH=/local/S/jenkins/workspace/shared/Artifactory/Linux/USD/8e4fe45,-DMAYAHYDRA_BUILD_NUMBER=402,-DMAYAHYDRA_GIT_COMMIT=86220da922b9bf375540f17e48f7cae1dbba339c,-DMAYAHYDRA_GIT_BRANCH=master --debug-python '--ctest-args=--parallel 16' --stages=install --redirect-outstream-file=False --install-location /local/S/jenkins/workspace/ECP/ecg-maya-hydra/ecg-maya-hydra-branch-preflight-python3-linux/install/Debug/MayaHydra /local/S/jenkins/workspace/ECP/ecg-maya-hydra/ecg-maya-hydra-branch-preflight-python3-linux
[2023-11-16T19:24:25.587Z] Modified environment variables:
[2023-11-16T19:24:25.587Z]     LD_LIBRARY_PATH=/opt/rh/gcc-toolset-11/root/usr/lib64:/opt/rh/gcc-toolset-11/root/usr/lib64:/opt/rh/gcc-toolset-11/root/usr/lib:/opt/rh/gcc-toolset-11/root/usr/lib64/dyninst:/opt/rh/gcc-toolset-11/root/usr/lib/dyninst
[2023-11-16T19:24:25.587Z]     PATH=/local/S/jenkins/workspace/shared/Artifactory/Linux/cmake/3.20.3/ab685d7/bin:/opt/rh/gcc-toolset-11/root/usr/bin:/home/administrator/.local/bin:/home/administrator/bin:/usr/share/Modules/bin:/usr/local/bin:/usr/local/sbin:/usr/bin:/usr/sbin
[2023-11-16T19:24:25.587Z]     [0/1] Install the project...
[2023-11-16T19:24:25.587Z]     -- Install configuration: "Debug"
[2023-11-16T19:24:25.587Z]     -- Set runtime path of "/local/S/jenkins/workspace/ECP/ecg-maya-hydra/ecg-maya-hydra-branch-preflight-python3-linux/install/Debug/MayaHydra/lib/maya/mayaHydraCppTests.so" to "$ORIGIN/../gtest:/local/S/jenkins/workspace/shared/Artifactory/Linux/USD/8e4fe45/lib:/local/S/jenkins/workspace/shared/Artifactory/Linux/rundev-master-debug/202310260154/runtime/7d60df0/devkitBase/devkit/ufe/lib:/local/S/jenkins/workspace/shared/Artifactory/Linux/rundev-master-debug/202310260154/runtime/7d60df0/runTime/lib"
[2023-11-16T19:24:25.587Z]     -- Set runtime path of "/local/S/jenkins/workspace/ECP/ecg-maya-hydra/ecg-maya-hydra-branch-preflight-python3-linux/install/Debug/MayaHydra/lib/maya/mayaHydra.so" to "$ORIGIN/../../../../../../../../../../../../home/S/jenkins/workspace/shared/Artifactory/Linux/USD/8e4fe45/lib:$ORIGIN/..:/local/S/jenkins/workspace/shared/Artifactory/Linux/rundev-master-debug/202310260154/runtime/7d60df0/devkitBase/devkit/ufe/lib:/local/S/jenkins/workspace/shared/Artifactory/Linux/USD/8e4fe45/lib:/local/S/jenkins/workspace/shared/Artifactory/Linux/rundev-master-debug/202310260154/runtime/7d60df0/runTime/lib"
[2023-11-16T19:24:25.587Z]     -- Set runtime path of "/local/S/jenkins/workspace/ECP/ecg-maya-hydra/ecg-maya-hydra-branch-preflight-python3-linux/install/Debug/MayaHydra/lib/libmayaHydraLib.so" to ""
[2023-11-16T19:24:25.587Z]     -- Set runtime path of "/local/S/jenkins/workspace/ECP/ecg-maya-hydra/ecg-maya-hydra-branch-preflight-python3-linux/install/Debug/MayaHydra/lib/libufeExtensions.so" to ""
[2023-11-16T19:24:25.587Z]     -- Set runtime path of "/local/S/jenkins/workspace/ECP/ecg-maya-hydra/ecg-maya-hydra-branch-preflight-python3-linux/install/Debug/MayaHydra/lib/libflowViewport.so" to ""
[2023-11-16T19:24:25.587Z]     -- Set runtime path of "/local/S/jenkins/workspace/ECP/ecg-maya-hydra/ecg-maya-hydra-branch-preflight-python3-linux/install/Debug/MayaHydra/lib/libadskHydraSceneBrowser.so" to ""
[2023-11-16T19:24:25.587Z]     -- Set runtime path of "/local/S/jenkins/workspace/ECP/ecg-maya-hydra/ecg-maya-hydra-branch-preflight-python3-linux/install/Debug/MayaHydra/lib/libadskHydraSceneBrowserTesting.so" to "$ORIGIN/gtest:/local/S/jenkins/workspace/shared/Artifactory/Linux/USD/8e4fe45/lib:/local/S/jenkins/workspace/shared/Artifactory/Linux/rundev-master-debug/202310260154/runtime/7d60df0/devkitBase/Qt/lib"
[2023-11-16T19:24:25.587Z]     -- Set runtime path of "/local/S/jenkins/workspace/ECP/ecg-maya-hydra/ecg-maya-hydra-branch-preflight-python3-linux/install/Debug/MayaHydra/lib/maya/mayaHydraSceneBrowser.so" to "$ORIGIN/..:/local/S/jenkins/workspace/shared/Artifactory/Linux/USD/8e4fe45/lib:/local/S/jenkins/workspace/shared/Artifactory/Linux/rundev-master-debug/202310260154/runtime/7d60df0/devkitBase/devkit/ufe/lib:/local/S/jenkins/workspace/shared/Artifactory/Linux/rundev-master-debug/202310260154/runtime/7d60df0/devkitBase/Qt/lib:/local/S/jenkins/workspace/shared/Artifactory/Linux/rundev-master-debug/202310260154/runtime/7d60df0/runTime/lib"
[2023-11-16T19:24:25.587Z]     -- Set runtime path of "/local/S/jenkins/workspace/ECP/ecg-maya-hydra/ecg-maya-hydra-branch-preflight-python3-linux/install/Debug/MayaHydra/lib/maya/mayaHydraSceneBrowserTest.so" to "$ORIGIN/..:$ORIGIN/../gtest:/local/S/jenkins/workspace/shared/Artifactory/Linux/USD/8e4fe45/lib:/local/S/jenkins/workspace/shared/Artifactory/Linux/rundev-master-debug/202310260154/runtime/7d60df0/devkitBase/Qt/lib:/local/S/jenkins/workspace/shared/Artifactory/Linux/rundev-master-debug/202310260154/runtime/7d60df0/devkitBase/devkit/ufe/lib:/local/S/jenkins/workspace/shared/Artifactory/Linux/rundev-master-debug/202310260154/runtime/7d60df0/runTime/lib"
[2023-11-16T19:24:25.587Z]     
[2023-11-16T19:24:25.587Z]         Building with settings:
[2023-11-16T19:24:25.587Z]           Source directory          /home/S/jenkins/workspace/ECP/ecg-maya-hydra/ecg-maya-hydra-branch-preflight-python3-linux/ecg-maya-hydra/maya-hydra
[2023-11-16T19:24:25.587Z]           Workspace directory       /local/S/jenkins/workspace/ECP/ecg-maya-hydra/ecg-maya-hydra-branch-preflight-python3-linux
[2023-11-16T19:24:25.587Z]           Build directory           /local/S/jenkins/workspace/ECP/ecg-maya-hydra/ecg-maya-hydra-branch-preflight-python3-linux/build/Debug
[2023-11-16T19:24:25.587Z]           Install directory         /local/S/jenkins/workspace/ECP/ecg-maya-hydra/ecg-maya-hydra-branch-preflight-python3-linux/install/Debug/MayaHydra
[2023-11-16T19:24:25.587Z]           Variant                   Debug
[2023-11-16T19:24:25.587Z]           Python Debug              On
[2023-11-16T19:24:25.587Z]           CMake generator           Ninja
[2023-11-16T19:24:25.587Z]           Build arguments           ['-DCMAKE_MAKE_PROGRAM=/local/S/jenkins/workspace/shared/Artifactory/Linux/ninja/1.10.2/9ab399b/ninja', '-DPYTHON_INCLUDE_DIR=/local/S/jenkins/workspace/shared/Artifactory/Linux/rundev-master-debug/202310260154/runtime/7d60df0/runTime/include/Python310/Python', '-DPython_EXECUTABLE=/local/S/jenkins/workspace/shared/Artifactory/Linux/rundev-master-debug/202310260154/runtime/7d60df0/runTime/bin/mayapy', '-DPYTHON_LIBRARIES=/local/S/jenkins/workspace/shared/Artifactory/Linux/rundev-master-debug/202310260154/runtime/7d60df0/runTime/lib/libpython3.10d.so.1.0', '-DBUILD_WITH_PYTHON_3=ON', '-DBUILD_WITH_PYTHON_3_VERSION=3.10', '-DCMAKE_WANT_MATERIALX_BUILD=ON', '-DCMAKE_PREFIX_PATH=/local/S/jenkins/workspace/shared/Artifactory/Linux/USD/8e4fe45', '-DMAYAHYDRA_BUILD_NUMBER=402', '-DMAYAHYDRA_GIT_COMMIT=86220da922b9bf375540f17e48f7cae1dbba339c', '-DMAYAHYDRA_GIT_BRANCH=master']
[2023-11-16T19:24:25.587Z]           Stages arguments          ['install']
[2023-11-16T19:24:25.587Z]           CTest arguments           ['--parallel 16']
[2023-11-16T19:24:25.587Z]     Success MayaHydra build and install !!!!
[2023-11-16T19:24:25.587Z]     Elapsed time: 00:00:00
[Pipeline] sh
[2023-11-16T19:24:26.877Z] + scl enable gcc-toolset-11 -
[2023-11-16T19:24:26.877Z] + '[' enable = load -o enable = unload ']'
[2023-11-16T19:24:26.877Z] + /usr/bin/scl enable gcc-toolset-11 -
[2023-11-16T19:24:26.877Z] python ecg-maya-hydra/build.py --stages=install --workspace-dir=/local/S/jenkins/workspace/ECP/ecg-maya-hydra/ecg-maya-hydra-branch-preflight-python3-linux --artifactory-dir=/local/S/jenkins/workspace/shared/Artifactory --build-dir=/local/S/jenkins/workspace/ECP/ecg-maya-hydra/ecg-maya-hydra-branch-preflight-python3-linux/build --install-dir=/local/S/jenkins/workspace/ECP/ecg-maya-hydra/ecg-maya-hydra-branch-preflight-python3-linux/install --signing-dir=/local/S/jenkins/workspace/ECP/ecg-maya-hydra/ecg-maya-hydra-branch-preflight-python3-linux/signing --package-dir=/local/S/jenkins/workspace/ECP/ecg-maya-hydra/ecg-maya-hydra-branch-preflight-python3-linux/package --output-dir=/local/S/jenkins/workspace/ECP/ecg-maya-hydra/ecg-maya-hydra-branch-preflight-python3-linux/output --stash-dir=/local/S/jenkins/workspace/ECP/ecg-maya-hydra/ecg-maya-hydra-branch-preflight-python3-linux/stash --jenkins-build=402 --git-commit=86220da922b9bf375540f17e48f7cae1dbba339c --git-branch=master --variants=RelWithDebInfo --interactive-tests=true --post-zips=false --osx-binary-architecture-target=ub2 --osx-deployment-target=11.0 --osx-base-sdk=CurrentActiveSDK --maya-cut-config=maya-rundev-master.yaml --maya-package=rundev-master --stage-banner
[2023-11-16T19:24:26.877Z] Using Maya cut from /local/S/jenkins/workspace/shared/Artifactory/Linux/rundev-master/202311060140/runtime/33fa670
[2023-11-16T19:24:26.877Z] 
[2023-11-16T19:24:26.877Z] ================================================================================
[2023-11-16T19:24:26.877Z]                             install (RelWithDebInfo)
[2023-11-16T19:24:26.877Z] ================================================================================
[2023-11-16T19:24:26.877Z] Maya Python RelWithDebInfo Info:
[2023-11-16T19:24:26.877Z]   mayapy executable   = /local/S/jenkins/workspace/shared/Artifactory/Linux/rundev-master/202311060140/runtime/33fa670/runTime/bin/mayapy
[2023-11-16T19:24:26.877Z]   Include Folder      = /local/S/jenkins/workspace/shared/Artifactory/Linux/rundev-master/202311060140/runtime/33fa670/runTime/include/Python310/Python
[2023-11-16T19:24:26.877Z]   Library             = /local/S/jenkins/workspace/shared/Artifactory/Linux/rundev-master/202311060140/runtime/33fa670/runTime/lib/libpython3.10.so.1.0
[2023-11-16T19:24:26.877Z]   site-package Folder = /local/S/jenkins/workspace/shared/Artifactory/Linux/rundev-master/202311060140/runtime/33fa670/runTime/lib/python3.10/site-packages
[2023-11-16T19:24:27.412Z] In workdir: /home/S/jenkins/workspace/ECP/ecg-maya-hydra/ecg-maya-hydra-branch-preflight-python3-linux/ecg-maya-hydra/maya-hydra
[2023-11-16T19:24:27.412Z] Executing: /local/S/jenkins/workspace/shared/Artifactory/Linux/rundev-master/202311060140/runtime/33fa670/runTime/bin/mayapy /home/S/jenkins/workspace/ECP/ecg-maya-hydra/ecg-maya-hydra-branch-preflight-python3-linux/ecg-maya-hydra/maya-hydra/build.py --generator Ninja --build-relwithdebug --maya-location /local/S/jenkins/workspace/shared/Artifactory/Linux/rundev-master/202311060140/runtime/33fa670/runTime --devkit-location /local/S/jenkins/workspace/shared/Artifactory/Linux/rundev-master/202311060140/runtime/33fa670/devkitBase --pxrusd-location /local/S/jenkins/workspace/shared/Artifactory/Linux/USD/13e6029 --build-args=-DCMAKE_MAKE_PROGRAM=/local/S/jenkins/workspace/shared/Artifactory/Linux/ninja/1.10.2/9ab399b/ninja,-DPYTHON_INCLUDE_DIR=/local/S/jenkins/workspace/shared/Artifactory/Linux/rundev-master/202311060140/runtime/33fa670/runTime/include/Python310/Python,-DPython_EXECUTABLE=/local/S/jenkins/workspace/shared/Artifactory/Linux/rundev-master/202311060140/runtime/33fa670/runTime/bin/mayapy,-DPYTHON_LIBRARIES=/local/S/jenkins/workspace/shared/Artifactory/Linux/rundev-master/202311060140/runtime/33fa670/runTime/lib/libpython3.10.so.1.0,-DBUILD_WITH_PYTHON_3=ON,-DBUILD_WITH_PYTHON_3_VERSION=3.10,-DCMAKE_WANT_MATERIALX_BUILD=ON,-DCMAKE_PREFIX_PATH=/local/S/jenkins/workspace/shared/Artifactory/Linux/USD/13e6029,-DMAYAHYDRA_BUILD_NUMBER=402,-DMAYAHYDRA_GIT_COMMIT=86220da922b9bf375540f17e48f7cae1dbba339c,-DMAYAHYDRA_GIT_BRANCH=master '--ctest-args=--parallel 16' --stages=install --redirect-outstream-file=False --install-location /local/S/jenkins/workspace/ECP/ecg-maya-hydra/ecg-maya-hydra-branch-preflight-python3-linux/install/RelWithDebInfo/MayaHydra /local/S/jenkins/workspace/ECP/ecg-maya-hydra/ecg-maya-hydra-branch-preflight-python3-linux
[2023-11-16T19:24:27.412Z] Modified environment variables:
[2023-11-16T19:24:27.412Z]     LD_LIBRARY_PATH=/opt/rh/gcc-toolset-11/root/usr/lib64:/opt/rh/gcc-toolset-11/root/usr/lib64:/opt/rh/gcc-toolset-11/root/usr/lib:/opt/rh/gcc-toolset-11/root/usr/lib64/dyninst:/opt/rh/gcc-toolset-11/root/usr/lib/dyninst
[2023-11-16T19:24:27.412Z]     PATH=/local/S/jenkins/workspace/shared/Artifactory/Linux/cmake/3.20.3/ab685d7/bin:/opt/rh/gcc-toolset-11/root/usr/bin:/home/administrator/.local/bin:/home/administrator/bin:/usr/share/Modules/bin:/usr/local/bin:/usr/local/sbin:/usr/bin:/usr/sbin
[2023-11-16T19:24:27.412Z]     [0/1] Install the project...
[2023-11-16T19:24:27.412Z]     -- Install configuration: "RelWithDebInfo"
[2023-11-16T19:24:27.412Z]     -- Set runtime path of "/local/S/jenkins/workspace/ECP/ecg-maya-hydra/ecg-maya-hydra-branch-preflight-python3-linux/install/RelWithDebInfo/MayaHydra/lib/maya/mayaHydraCppTests.so" to "$ORIGIN/../gtest:/local/S/jenkins/workspace/shared/Artifactory/Linux/USD/13e6029/lib:/local/S/jenkins/workspace/shared/Artifactory/Linux/rundev-master/202311060140/runtime/33fa670/devkitBase/devkit/ufe/lib:/local/S/jenkins/workspace/shared/Artifactory/Linux/rundev-master/202311060140/runtime/33fa670/runTime/lib"
[2023-11-16T19:24:27.412Z]     -- Set runtime path of "/local/S/jenkins/workspace/ECP/ecg-maya-hydra/ecg-maya-hydra-branch-preflight-python3-linux/install/RelWithDebInfo/MayaHydra/lib/maya/mayaHydra.so" to "$ORIGIN/../../../../../../../../../../../../home/S/jenkins/workspace/shared/Artifactory/Linux/USD/13e6029/lib:$ORIGIN/..:/local/S/jenkins/workspace/shared/Artifactory/Linux/rundev-master/202311060140/runtime/33fa670/devkitBase/devkit/ufe/lib:/local/S/jenkins/workspace/shared/Artifactory/Linux/USD/13e6029/lib:/local/S/jenkins/workspace/shared/Artifactory/Linux/rundev-master/202311060140/runtime/33fa670/runTime/lib"
[2023-11-16T19:24:27.412Z]     -- Set runtime path of "/local/S/jenkins/workspace/ECP/ecg-maya-hydra/ecg-maya-hydra-branch-preflight-python3-linux/install/RelWithDebInfo/MayaHydra/lib/libmayaHydraLib.so" to ""
[2023-11-16T19:24:27.412Z]     -- Set runtime path of "/local/S/jenkins/workspace/ECP/ecg-maya-hydra/ecg-maya-hydra-branch-preflight-python3-linux/install/RelWithDebInfo/MayaHydra/lib/libufeExtensions.so" to ""
[2023-11-16T19:24:27.412Z]     -- Set runtime path of "/local/S/jenkins/workspace/ECP/ecg-maya-hydra/ecg-maya-hydra-branch-preflight-python3-linux/install/RelWithDebInfo/MayaHydra/lib/libflowViewport.so" to ""
[2023-11-16T19:24:27.412Z]     -- Set runtime path of "/local/S/jenkins/workspace/ECP/ecg-maya-hydra/ecg-maya-hydra-branch-preflight-python3-linux/install/RelWithDebInfo/MayaHydra/lib/libadskHydraSceneBrowser.so" to ""
[2023-11-16T19:24:27.412Z]     -- Set runtime path of "/local/S/jenkins/workspace/ECP/ecg-maya-hydra/ecg-maya-hydra-branch-preflight-python3-linux/install/RelWithDebInfo/MayaHydra/lib/libadskHydraSceneBrowserTesting.so" to "$ORIGIN/gtest:/local/S/jenkins/workspace/shared/Artifactory/Linux/USD/13e6029/lib:/local/S/jenkins/workspace/shared/Artifactory/Linux/rundev-master/202311060140/runtime/33fa670/devkitBase/Qt/lib"
[2023-11-16T19:24:27.412Z]     -- Set runtime path of "/local/S/jenkins/workspace/ECP/ecg-maya-hydra/ecg-maya-hydra-branch-preflight-python3-linux/install/RelWithDebInfo/MayaHydra/lib/maya/mayaHydraSceneBrowser.so" to "$ORIGIN/..:/local/S/jenkins/workspace/shared/Artifactory/Linux/USD/13e6029/lib:/local/S/jenkins/workspace/shared/Artifactory/Linux/rundev-master/202311060140/runtime/33fa670/devkitBase/devkit/ufe/lib:/local/S/jenkins/workspace/shared/Artifactory/Linux/rundev-master/202311060140/runtime/33fa670/devkitBase/Qt/lib:/local/S/jenkins/workspace/shared/Artifactory/Linux/rundev-master/202311060140/runtime/33fa670/runTime/lib"
[2023-11-16T19:24:27.412Z]     -- Set runtime path of "/local/S/jenkins/workspace/ECP/ecg-maya-hydra/ecg-maya-hydra-branch-preflight-python3-linux/install/RelWithDebInfo/MayaHydra/lib/maya/mayaHydraSceneBrowserTest.so" to "$ORIGIN/..:$ORIGIN/../gtest:/local/S/jenkins/workspace/shared/Artifactory/Linux/USD/13e6029/lib:/local/S/jenkins/workspace/shared/Artifactory/Linux/rundev-master/202311060140/runtime/33fa670/devkitBase/Qt/lib:/local/S/jenkins/workspace/shared/Artifactory/Linux/rundev-master/202311060140/runtime/33fa670/devkitBase/devkit/ufe/lib:/local/S/jenkins/workspace/shared/Artifactory/Linux/rundev-master/202311060140/runtime/33fa670/runTime/lib"
[2023-11-16T19:24:27.412Z]     
[2023-11-16T19:24:27.412Z]         Building with settings:
[2023-11-16T19:24:27.412Z]           Source directory          /home/S/jenkins/workspace/ECP/ecg-maya-hydra/ecg-maya-hydra-branch-preflight-python3-linux/ecg-maya-hydra/maya-hydra
[2023-11-16T19:24:27.412Z]           Workspace directory       /local/S/jenkins/workspace/ECP/ecg-maya-hydra/ecg-maya-hydra-branch-preflight-python3-linux
[2023-11-16T19:24:27.413Z]           Build directory           /local/S/jenkins/workspace/ECP/ecg-maya-hydra/ecg-maya-hydra-branch-preflight-python3-linux/build/RelWithDebInfo
[2023-11-16T19:24:27.413Z]           Install directory         /local/S/jenkins/workspace/ECP/ecg-maya-hydra/ecg-maya-hydra-branch-preflight-python3-linux/install/RelWithDebInfo/MayaHydra
[2023-11-16T19:24:27.413Z]           Variant                   RelWithDebInfo
[2023-11-16T19:24:27.413Z]           Python Debug              Off
[2023-11-16T19:24:27.413Z]           CMake generator           Ninja
[2023-11-16T19:24:27.413Z]           Build arguments           ['-DCMAKE_MAKE_PROGRAM=/local/S/jenkins/workspace/shared/Artifactory/Linux/ninja/1.10.2/9ab399b/ninja', '-DPYTHON_INCLUDE_DIR=/local/S/jenkins/workspace/shared/Artifactory/Linux/rundev-master/202311060140/runtime/33fa670/runTime/include/Python310/Python', '-DPython_EXECUTABLE=/local/S/jenkins/workspace/shared/Artifactory/Linux/rundev-master/202311060140/runtime/33fa670/runTime/bin/mayapy', '-DPYTHON_LIBRARIES=/local/S/jenkins/workspace/shared/Artifactory/Linux/rundev-master/202311060140/runtime/33fa670/runTime/lib/libpython3.10.so.1.0', '-DBUILD_WITH_PYTHON_3=ON', '-DBUILD_WITH_PYTHON_3_VERSION=3.10', '-DCMAKE_WANT_MATERIALX_BUILD=ON', '-DCMAKE_PREFIX_PATH=/local/S/jenkins/workspace/shared/Artifactory/Linux/USD/13e6029', '-DMAYAHYDRA_BUILD_NUMBER=402', '-DMAYAHYDRA_GIT_COMMIT=86220da922b9bf375540f17e48f7cae1dbba339c', '-DMAYAHYDRA_GIT_BRANCH=master']
[2023-11-16T19:24:27.413Z]           Stages arguments          ['install']
[2023-11-16T19:24:27.413Z]           CTest arguments           ['--parallel 16']
[2023-11-16T19:24:27.413Z]     Success MayaHydra build and install !!!!
[2023-11-16T19:24:27.413Z]     Elapsed time: 00:00:00
[Pipeline] }
[Pipeline] // withEnv
[Pipeline] }
[Pipeline] // timeout
[Pipeline] }
[Pipeline] // stage
[Pipeline] }
[Pipeline] // timestamps
[Pipeline] timestamps
[Pipeline] {
[Pipeline] stage
[Pipeline] { (Test)
[Pipeline] timeout
[2023-11-16T19:24:27.772Z] Timeout set to expire in 6 hr 0 min
[Pipeline] {
[Pipeline] withEnv
[Pipeline] {
[Pipeline] sh
[2023-11-16T19:24:28.875Z] + scl enable gcc-toolset-11 -
[2023-11-16T19:24:28.875Z] + '[' enable = load -o enable = unload ']'
[2023-11-16T19:24:28.875Z] + /usr/bin/scl enable gcc-toolset-11 -
[2023-11-16T19:24:28.875Z] python ecg-maya-hydra/build.py --stages=test --workspace-dir=/local/S/jenkins/workspace/ECP/ecg-maya-hydra/ecg-maya-hydra-branch-preflight-python3-linux --artifactory-dir=/local/S/jenkins/workspace/shared/Artifactory --build-dir=/local/S/jenkins/workspace/ECP/ecg-maya-hydra/ecg-maya-hydra-branch-preflight-python3-linux/build --install-dir=/local/S/jenkins/workspace/ECP/ecg-maya-hydra/ecg-maya-hydra-branch-preflight-python3-linux/install --signing-dir=/local/S/jenkins/workspace/ECP/ecg-maya-hydra/ecg-maya-hydra-branch-preflight-python3-linux/signing --package-dir=/local/S/jenkins/workspace/ECP/ecg-maya-hydra/ecg-maya-hydra-branch-preflight-python3-linux/package --output-dir=/local/S/jenkins/workspace/ECP/ecg-maya-hydra/ecg-maya-hydra-branch-preflight-python3-linux/output --stash-dir=/local/S/jenkins/workspace/ECP/ecg-maya-hydra/ecg-maya-hydra-branch-preflight-python3-linux/stash --jenkins-build=402 --git-commit=86220da922b9bf375540f17e48f7cae1dbba339c --git-branch=master --variants=RelWithDebInfo --interactive-tests=true --post-zips=false --osx-binary-architecture-target=ub2 --osx-deployment-target=11.0 --osx-base-sdk=CurrentActiveSDK --test-jobs=0 --failed-test-retry=3 --maya-cut-config=maya-rundev-master.yaml --maya-package=rundev-master --stage-banner --progressive-timeout
[2023-11-16T19:24:28.875Z] Using Maya cut from /local/S/jenkins/workspace/shared/Artifactory/Linux/rundev-master/202311060140/runtime/33fa670
[2023-11-16T19:24:28.875Z] 
[2023-11-16T19:24:28.875Z] ================================================================================
[2023-11-16T19:24:28.875Z]                              test (RelWithDebInfo)
[2023-11-16T19:24:28.875Z] ================================================================================
[2023-11-16T19:24:28.875Z] Maya Python RelWithDebInfo Info:
[2023-11-16T19:24:28.875Z]   mayapy executable   = /local/S/jenkins/workspace/shared/Artifactory/Linux/rundev-master/202311060140/runtime/33fa670/runTime/bin/mayapy
[2023-11-16T19:24:28.875Z]   Include Folder      = /local/S/jenkins/workspace/shared/Artifactory/Linux/rundev-master/202311060140/runtime/33fa670/runTime/include/Python310/Python
[2023-11-16T19:24:28.875Z]   Library             = /local/S/jenkins/workspace/shared/Artifactory/Linux/rundev-master/202311060140/runtime/33fa670/runTime/lib/libpython3.10.so.1.0
[2023-11-16T19:24:28.875Z]   site-package Folder = /local/S/jenkins/workspace/shared/Artifactory/Linux/rundev-master/202311060140/runtime/33fa670/runTime/lib/python3.10/site-packages
[2023-11-16T19:24:29.410Z] In workdir: /home/S/jenkins/workspace/ECP/ecg-maya-hydra/ecg-maya-hydra-branch-preflight-python3-linux/ecg-maya-hydra/maya-hydra
[2023-11-16T19:24:29.410Z] Executing: /local/S/jenkins/workspace/shared/Artifactory/Linux/rundev-master/202311060140/runtime/33fa670/runTime/bin/mayapy /home/S/jenkins/workspace/ECP/ecg-maya-hydra/ecg-maya-hydra-branch-preflight-python3-linux/ecg-maya-hydra/maya-hydra/build.py --generator Ninja --build-relwithdebug --maya-location /local/S/jenkins/workspace/shared/Artifactory/Linux/rundev-master/202311060140/runtime/33fa670/runTime --devkit-location /local/S/jenkins/workspace/shared/Artifactory/Linux/rundev-master/202311060140/runtime/33fa670/devkitBase --pxrusd-location /local/S/jenkins/workspace/shared/Artifactory/Linux/USD/13e6029 --build-args=-DCMAKE_MAKE_PROGRAM=/local/S/jenkins/workspace/shared/Artifactory/Linux/ninja/1.10.2/9ab399b/ninja,-DPYTHON_INCLUDE_DIR=/local/S/jenkins/workspace/shared/Artifactory/Linux/rundev-master/202311060140/runtime/33fa670/runTime/include/Python310/Python,-DPython_EXECUTABLE=/local/S/jenkins/workspace/shared/Artifactory/Linux/rundev-master/202311060140/runtime/33fa670/runTime/bin/mayapy,-DPYTHON_LIBRARIES=/local/S/jenkins/workspace/shared/Artifactory/Linux/rundev-master/202311060140/runtime/33fa670/runTime/lib/libpython3.10.so.1.0,-DBUILD_WITH_PYTHON_3=ON,-DBUILD_WITH_PYTHON_3_VERSION=3.10,-DCMAKE_WANT_MATERIALX_BUILD=ON,-DCMAKE_PREFIX_PATH=/local/S/jenkins/workspace/shared/Artifactory/Linux/USD/13e6029,-DMAYAHYDRA_BUILD_NUMBER=402,-DMAYAHYDRA_GIT_COMMIT=86220da922b9bf375540f17e48f7cae1dbba339c,-DMAYAHYDRA_GIT_BRANCH=master '--ctest-args=--parallel 16' --stages=test --redirect-outstream-file=False --install-location /local/S/jenkins/workspace/ECP/ecg-maya-hydra/ecg-maya-hydra-branch-preflight-python3-linux/install/RelWithDebInfo/MayaHydra /local/S/jenkins/workspace/ECP/ecg-maya-hydra/ecg-maya-hydra-branch-preflight-python3-linux
[2023-11-16T19:24:29.410Z] Modified environment variables:
[2023-11-16T19:24:29.410Z]     LD_LIBRARY_PATH=/opt/rh/gcc-toolset-11/root/usr/lib64:/opt/rh/gcc-toolset-11/root/usr/lib64:/opt/rh/gcc-toolset-11/root/usr/lib:/opt/rh/gcc-toolset-11/root/usr/lib64/dyninst:/opt/rh/gcc-toolset-11/root/usr/lib/dyninst
[2023-11-16T19:24:29.410Z]     PATH=/local/S/jenkins/workspace/shared/Artifactory/Linux/cmake/3.20.3/ab685d7/bin:/opt/rh/gcc-toolset-11/root/usr/bin:/home/administrator/.local/bin:/home/administrator/bin:/usr/share/Modules/bin:/usr/local/bin:/usr/local/sbin:/usr/bin:/usr/sbin
[2023-11-16T19:24:29.410Z]     Test project /home/S/jenkins/workspace/ECP/ecg-maya-hydra/ecg-maya-hydra-branch-preflight-python3-linux/build/RelWithDebInfo
[2023-11-16T19:24:29.410Z]           Start  1: _Interactive_Maya
[2023-11-16T19:24:29.410Z]      1/19 Test  #1: _Interactive_Maya ...........................***Not Run (Disabled)   0.00 sec
[2023-11-16T19:24:29.410Z]           Start  2: testImageDiffing
[2023-11-16T19:24:29.410Z]           Start  3: testMtohCommand
[2023-11-16T19:24:29.410Z]           Start  4: testMeshes
[2023-11-16T19:24:29.410Z]           Start  5: testNamespaces
[2023-11-16T19:24:29.410Z]           Start  6: testVisibility
[2023-11-16T19:24:29.410Z]           Start  7: testRendererSwitching
[2023-11-16T19:24:29.410Z]           Start  8: testSceneBrowser
[2023-11-16T19:24:29.410Z]           Start  9: testStageAddPrim
[2023-11-16T19:24:29.410Z]           Start 10: testNewSceneWithStage
[2023-11-16T19:24:29.410Z]           Start 11: testDirectionalLights
[2023-11-16T19:24:29.410Z]           Start 12: testColorPreferences
[2023-11-16T19:24:29.410Z]           Start 13: testCppFramework
[2023-11-16T19:24:29.410Z]           Start 14: testMayaSceneFlattening
[2023-11-16T19:24:29.410Z]           Start 15: testMayaUsdUfeItems
[2023-11-16T19:24:29.410Z]           Start 16: testMergingSceneIndex
[2023-11-16T19:24:29.410Z]           Start 17: testSelectionSceneIndex
[2023-11-16T19:24:42.801Z]      2/19 Test #11: testDirectionalLights .......................   Passed   11.48 sec
[2023-11-16T19:24:42.801Z]           Start 18: testWireframeSelectionHighlightSceneIndex
[2023-11-16T19:24:42.801Z]      3/19 Test #10: testNewSceneWithStage .......................   Passed   11.53 sec
[2023-11-16T19:24:42.801Z]           Start 19: testMeshes_meshAdapter
[2023-11-16T19:24:42.801Z]      4/19 Test  #9: testStageAddPrim ............................   Passed   11.67 sec
[2023-11-16T19:24:42.801Z]      5/19 Test #15: testMayaUsdUfeItems .........................   Passed   11.70 sec
[2023-11-16T19:24:42.801Z]      6/19 Test  #8: testSceneBrowser ............................   Passed   11.76 sec
[2023-11-16T19:24:42.801Z]      7/19 Test  #3: testMtohCommand .............................   Passed   11.94 sec
[2023-11-16T19:24:42.801Z]      8/19 Test #13: testCppFramework ............................   Passed   12.16 sec
[2023-11-16T19:24:42.801Z]      9/19 Test  #7: testRendererSwitching .......................   Passed   12.21 sec
[2023-11-16T19:24:42.801Z]     10/19 Test #16: testMergingSceneIndex .......................   Passed   12.24 sec
[2023-11-16T19:24:42.801Z]     11/19 Test #17: testSelectionSceneIndex .....................   Passed   12.28 sec
[2023-11-16T19:24:42.801Z]     12/19 Test  #4: testMeshes ..................................   Passed   12.33 sec
[2023-11-16T19:24:42.801Z]     13/19 Test #14: testMayaSceneFlattening .....................   Passed   12.38 sec
[2023-11-16T19:24:42.801Z]     14/19 Test  #5: testNamespaces ..............................   Passed   12.42 sec
[2023-11-16T19:24:42.801Z]     15/19 Test #12: testColorPreferences ........................   Passed   12.58 sec
[2023-11-16T19:24:42.801Z]     16/19 Test  #2: testImageDiffing ............................   Passed   12.82 sec
[2023-11-16T19:24:43.336Z]     17/19 Test  #6: testVisibility ..............................   Passed   13.64 sec
[2023-11-16T19:24:47.528Z]     18/19 Test #18: testWireframeSelectionHighlightSceneIndex ...   Passed    6.27 sec
[2023-11-16T19:24:47.528Z]     19/19 Test #19: testMeshes_meshAdapter ......................   Passed    6.57 sec
[2023-11-16T19:24:47.529Z]     
[2023-11-16T19:24:47.529Z]     100% tests passed, 0 tests failed out of 18
[2023-11-16T19:24:47.529Z]     
[2023-11-16T19:24:47.529Z]     Label Time Summary:
[2023-11-16T19:24:47.529Z]     Debugging      =   0.00 sec*proc (1 test)
[2023-11-16T19:24:47.529Z]     interactive    = 208.00 sec*proc (18 tests)
[2023-11-16T19:24:47.529Z]     mayaHydra      = 208.00 sec*proc (18 tests)
[2023-11-16T19:24:47.529Z]     
[2023-11-16T19:24:47.529Z]     Total Test time (real) =  18.11 sec
[2023-11-16T19:24:47.529Z]     
[2023-11-16T19:24:47.529Z]     The following tests did not run:
[2023-11-16T19:24:47.529Z]     	  1 - _Interactive_Maya (Disabled)
[2023-11-16T19:24:47.529Z]     
[2023-11-16T19:24:47.529Z]         Building with settings:
[2023-11-16T19:24:47.529Z]           Source directory          /home/S/jenkins/workspace/ECP/ecg-maya-hydra/ecg-maya-hydra-branch-preflight-python3-linux/ecg-maya-hydra/maya-hydra
[2023-11-16T19:24:47.529Z]           Workspace directory       /local/S/jenkins/workspace/ECP/ecg-maya-hydra/ecg-maya-hydra-branch-preflight-python3-linux
[2023-11-16T19:24:47.529Z]           Build directory           /local/S/jenkins/workspace/ECP/ecg-maya-hydra/ecg-maya-hydra-branch-preflight-python3-linux/build/RelWithDebInfo
[2023-11-16T19:24:47.529Z]           Install directory         /local/S/jenkins/workspace/ECP/ecg-maya-hydra/ecg-maya-hydra-branch-preflight-python3-linux/install/RelWithDebInfo/MayaHydra
[2023-11-16T19:24:47.529Z]           Variant                   RelWithDebInfo
[2023-11-16T19:24:47.529Z]           Python Debug              Off
[2023-11-16T19:24:47.529Z]           CMake generator           Ninja
[2023-11-16T19:24:47.529Z]           Build arguments           ['-DCMAKE_MAKE_PROGRAM=/local/S/jenkins/workspace/shared/Artifactory/Linux/ninja/1.10.2/9ab399b/ninja', '-DPYTHON_INCLUDE_DIR=/local/S/jenkins/workspace/shared/Artifactory/Linux/rundev-master/202311060140/runtime/33fa670/runTime/include/Python310/Python', '-DPython_EXECUTABLE=/local/S/jenkins/workspace/shared/Artifactory/Linux/rundev-master/202311060140/runtime/33fa670/runTime/bin/mayapy', '-DPYTHON_LIBRARIES=/local/S/jenkins/workspace/shared/Artifactory/Linux/rundev-master/202311060140/runtime/33fa670/runTime/lib/libpython3.10.so.1.0', '-DBUILD_WITH_PYTHON_3=ON', '-DBUILD_WITH_PYTHON_3_VERSION=3.10', '-DCMAKE_WANT_MATERIALX_BUILD=ON', '-DCMAKE_PREFIX_PATH=/local/S/jenkins/workspace/shared/Artifactory/Linux/USD/13e6029', '-DMAYAHYDRA_BUILD_NUMBER=402', '-DMAYAHYDRA_GIT_COMMIT=86220da922b9bf375540f17e48f7cae1dbba339c', '-DMAYAHYDRA_GIT_BRANCH=master']
[2023-11-16T19:24:47.529Z]           Stages arguments          ['test']
[2023-11-16T19:24:47.529Z]           CTest arguments           ['--parallel 16']
[2023-11-16T19:24:47.529Z]     Success running MayaHydra tests !!!!
[Pipeline] }
[Pipeline] // withEnv
[Pipeline] }
[Pipeline] // timeout
[Pipeline] }
[Pipeline] // stage
[Pipeline] }
[Pipeline] // timestamps
[Pipeline] timestamps
[Pipeline] {
[Pipeline] stage
[Pipeline] { (Cleanup)
[Pipeline] timeout
[2023-11-16T19:24:47.878Z] Timeout set to expire in 6 hr 0 min
[Pipeline] {
[Pipeline] withEnv
[Pipeline] {
[Pipeline] sh
[2023-11-16T19:24:48.985Z] + scl enable gcc-toolset-11 -
[2023-11-16T19:24:48.985Z] + '[' enable = load -o enable = unload ']'
[2023-11-16T19:24:48.985Z] + /usr/bin/scl enable gcc-toolset-11 -
[2023-11-16T19:24:48.985Z] python ecg-maya-hydra/build.py --stages=cleanup --workspace-dir=/local/S/jenkins/workspace/ECP/ecg-maya-hydra/ecg-maya-hydra-branch-preflight-python3-linux --artifactory-dir=/local/S/jenkins/workspace/shared/Artifactory --build-dir=/local/S/jenkins/workspace/ECP/ecg-maya-hydra/ecg-maya-hydra-branch-preflight-python3-linux/build --install-dir=/local/S/jenkins/workspace/ECP/ecg-maya-hydra/ecg-maya-hydra-branch-preflight-python3-linux/install --signing-dir=/local/S/jenkins/workspace/ECP/ecg-maya-hydra/ecg-maya-hydra-branch-preflight-python3-linux/signing --package-dir=/local/S/jenkins/workspace/ECP/ecg-maya-hydra/ecg-maya-hydra-branch-preflight-python3-linux/package --output-dir=/local/S/jenkins/workspace/ECP/ecg-maya-hydra/ecg-maya-hydra-branch-preflight-python3-linux/output --stash-dir=/local/S/jenkins/workspace/ECP/ecg-maya-hydra/ecg-maya-hydra-branch-preflight-python3-linux/stash --jenkins-build=402 --git-commit=86220da922b9bf375540f17e48f7cae1dbba339c --git-branch=master --variants=Debug --interactive-tests=true --post-zips=false --osx-binary-architecture-target=ub2 --osx-deployment-target=11.0 --osx-base-sdk=CurrentActiveSDK --maya-cut-config=maya-rundev-master-debug.yaml --maya-package=rundev-master-debug --stage-banner
[2023-11-16T19:24:48.985Z] Using Maya cut from /local/S/jenkins/workspace/shared/Artifactory/Linux/rundev-master-debug/202310260154/runtime/7d60df0
[2023-11-16T19:24:48.985Z] 
[2023-11-16T19:24:48.985Z] ================================================================================
[2023-11-16T19:24:48.985Z]                                cleanup (Finalize)
[2023-11-16T19:24:48.985Z] ================================================================================
[2023-11-16T19:24:48.985Z] Cleaning up workspace
[2023-11-16T19:24:48.985Z] Removing directory: /local/S/jenkins/workspace/ECP/ecg-maya-hydra/ecg-maya-hydra-branch-preflight-python3-linux/build
[2023-11-16T19:24:48.985Z] Removing directory: /local/S/jenkins/workspace/ECP/ecg-maya-hydra/ecg-maya-hydra-branch-preflight-python3-linux/install
[Pipeline] sh
[2023-11-16T19:24:50.276Z] + scl enable gcc-toolset-11 -
[2023-11-16T19:24:50.276Z] + '[' enable = load -o enable = unload ']'
[2023-11-16T19:24:50.276Z] + /usr/bin/scl enable gcc-toolset-11 -
[2023-11-16T19:24:50.276Z] python ecg-maya-hydra/build.py --stages=cleanup --workspace-dir=/local/S/jenkins/workspace/ECP/ecg-maya-hydra/ecg-maya-hydra-branch-preflight-python3-linux --artifactory-dir=/local/S/jenkins/workspace/shared/Artifactory --build-dir=/local/S/jenkins/workspace/ECP/ecg-maya-hydra/ecg-maya-hydra-branch-preflight-python3-linux/build --install-dir=/local/S/jenkins/workspace/ECP/ecg-maya-hydra/ecg-maya-hydra-branch-preflight-python3-linux/install --signing-dir=/local/S/jenkins/workspace/ECP/ecg-maya-hydra/ecg-maya-hydra-branch-preflight-python3-linux/signing --package-dir=/local/S/jenkins/workspace/ECP/ecg-maya-hydra/ecg-maya-hydra-branch-preflight-python3-linux/package --output-dir=/local/S/jenkins/workspace/ECP/ecg-maya-hydra/ecg-maya-hydra-branch-preflight-python3-linux/output --stash-dir=/local/S/jenkins/workspace/ECP/ecg-maya-hydra/ecg-maya-hydra-branch-preflight-python3-linux/stash --jenkins-build=402 --git-commit=86220da922b9bf375540f17e48f7cae1dbba339c --git-branch=master --variants=RelWithDebInfo --interactive-tests=true --post-zips=false --osx-binary-architecture-target=ub2 --osx-deployment-target=11.0 --osx-base-sdk=CurrentActiveSDK --maya-cut-config=maya-rundev-master.yaml --maya-package=rundev-master --stage-banner
[2023-11-16T19:24:50.276Z] Using Maya cut from /local/S/jenkins/workspace/shared/Artifactory/Linux/rundev-master/202311060140/runtime/33fa670
[2023-11-16T19:24:50.276Z] 
[2023-11-16T19:24:50.276Z] ================================================================================
[2023-11-16T19:24:50.276Z]                                cleanup (Finalize)
[2023-11-16T19:24:50.276Z] ================================================================================
[2023-11-16T19:24:50.276Z] Cleaning up workspace
[Pipeline] }
[Pipeline] // withEnv
[Pipeline] }
[Pipeline] // timeout
[Pipeline] }
[Pipeline] // stage
[Pipeline] }
[Pipeline] // timestamps
[Pipeline] }
[Pipeline] // node
[Pipeline] End of Pipeline
[Checks API] No suitable checks publisher found.
Finished: SUCCESS
