[2023-11-20T09:21:10.704Z] ================================================================================
[2023-11-20T09:21:10.704Z]                                  setup (Debug)
[2023-11-20T09:21:10.704Z] ================================================================================
[Pipeline] bat
[2023-11-20T09:21:11.307Z] Deleting alias drive W:
[Pipeline] bat
[2023-11-20T09:21:11.914Z] Deleting alias drive P:
[Pipeline] bat
[2023-11-20T09:21:12.539Z] Creating alias drive P: to S:\jenkins\workspace
[Pipeline] bat
[2023-11-20T09:21:13.157Z] Creating alias drive W: to S:\Jenkins\workspace\ECP\ecg-maya-hydra\ecg-maya-hydra-branch-preflight-python3-windows
[Pipeline] bat
[2023-11-20T09:21:13.907Z] "C:\Program Files\Microsoft Visual Studio\2022\Professional\VC\Auxiliary\Build\vcvarsall.bat" x64
[2023-11-20T09:21:14.246Z] **********************************************************************
[2023-11-20T09:21:14.246Z] ** Visual Studio 2022 Developer Command Prompt v17.3.2
[2023-11-20T09:21:14.246Z] ** Copyright (c) 2022 Microsoft Corporation
[2023-11-20T09:21:14.246Z] **********************************************************************
[2023-11-20T09:21:15.425Z] [vcvarsall.bat] Environment initialized for: 'x64'
[2023-11-20T09:21:15.425Z] python ecg-maya-hydra/build.py --stages=setup --workspace-dir=W:\ --artifactory-dir=P:\shared\Artifactory --build-dir=W:\build --install-dir=W:\install --signing-dir=W:\signing --package-dir=W:\package --output-dir=W:\output --stash-dir=W:\stash --jenkins-build=409 --git-commit=718e8e6b3be7d1b2da5c723cb67dbc73b14509ea --git-branch=master --variants=RelWithDebInfo --interactive-tests=true --post-zips=false --osx-binary-architecture-target=ub2 --osx-deployment-target=11.0 --osx-base-sdk=CurrentActiveSDK --extra-license-file=ecg-maya-hydra/jenkins-o03-cot/melicense.lic --prune-versions=3 --prune-revisions=3 --maya-cut-config=maya-rundev-master.yaml --maya-package=rundev-master --stage-banner --prune-artifacts --force-pruning
[2023-11-20T09:21:16.603Z] Getting rundev-master download URL from Maya SHA-1 hash
[2023-11-20T09:21:16.604Z] Finding Artifactory servers response times
[2023-11-20T09:21:18.914Z] [VERBOSE] Start loading URL (CURL): https://art-bobcat.autodesk.com/artifactory/api/system/ping
[2023-11-20T09:21:18.914Z] [DEBUG] Running: C:\WINDOWS\system32\curl.exe -s -X GET --keepalive-time 10 --connect-timeout 60 --speed-limit 10000 --speed-time 120 --max-time 1800 --retry 5 --retry-max-time 2400 -H Connection:close https://art-bobcat.autodesk.com/artifactory/api/system/ping
[2023-11-20T09:21:18.914Z] [DEBUG] Output:
[2023-11-20T09:21:18.914Z] OK
[2023-11-20T09:21:18.914Z] [VERBOSE] End loading URL (CURL): https://art-bobcat.autodesk.com/artifactory/api/system/ping
[2023-11-20T09:21:18.914Z] [VERBOSE] Start loading URL (CURL): https://art-marmotte.autodesk.com/artifactory/api/system/ping
[2023-11-20T09:21:18.914Z] [DEBUG] Running: C:\WINDOWS\system32\curl.exe -s -X GET --keepalive-time 10 --connect-timeout 60 --speed-limit 10000 --speed-time 120 --max-time 1800 --retry 5 --retry-max-time 2400 -H Connection:close https://art-marmotte.autodesk.com/artifactory/api/system/ping
[2023-11-20T09:21:18.914Z] [DEBUG] Output:
[2023-11-20T09:21:18.914Z] OK
[2023-11-20T09:21:18.914Z] [VERBOSE] End loading URL (CURL): https://art-marmotte.autodesk.com/artifactory/api/system/ping
[2023-11-20T09:21:19.253Z] [VERBOSE] Start loading URL (CURL): https://art-bear.autodesk.com/artifactory/api/system/ping
[2023-11-20T09:21:19.253Z] [DEBUG] Running: C:\WINDOWS\system32\curl.exe -s -X GET --keepalive-time 10 --connect-timeout 60 --speed-limit 10000 --speed-time 120 --max-time 1800 --retry 5 --retry-max-time 2400 -H Connection:close https://art-bear.autodesk.com/artifactory/api/system/ping
[2023-11-20T09:21:19.253Z] [DEBUG] Output:
[2023-11-20T09:21:19.253Z] OK
[2023-11-20T09:21:19.253Z] [VERBOSE] End loading URL (CURL): https://art-bear.autodesk.com/artifactory/api/system/ping
[2023-11-20T09:21:19.253Z] [VERBOSE] Start loading URL (CURL): https://art-bobcat.autodesk.com/artifactory/api/search/checksum?repos=autodesk-3p-generic,adsk-build-tools-generic,team-ecg-generic,team-maya-generic,oss-stg-generic&sha1=4053eca543a6131eab0d0df7f39bc356470f54a9
[2023-11-20T09:21:19.253Z] [DEBUG] Running: C:\WINDOWS\system32\curl.exe -s -X GET --keepalive-time 10 --connect-timeout 60 --speed-limit 10000 --speed-time 120 --max-time 1800 --retry 5 --retry-max-time 2400 -H Connection:close -H Authorization:Basic ZWNnYmlmcm9zdDpvcGUqKjAw https://art-bobcat.autodesk.com/artifactory/api/search/checksum?repos=autodesk-3p-generic,adsk-build-tools-generic,team-ecg-generic,team-maya-generic,oss-stg-generic&sha1=4053eca543a6131eab0d0df7f39bc356470f54a9
[2023-11-20T09:21:19.253Z] [DEBUG] Output:
[2023-11-20T09:21:19.253Z] {
[2023-11-20T09:21:19.253Z]   "results" : [ {
[2023-11-20T09:21:19.253Z]     "uri" : "https://art-bobcat.autodesk.com:443/artifactory/api/storage/team-maya-generic/Maya/master/px64/2023-11-13-08-12_72bdc70acd/202311130812-72bdc70acd-RUNDEV.zip"
[2023-11-20T09:21:19.253Z]   } ]
[2023-11-20T09:21:19.253Z] }
[2023-11-20T09:21:19.253Z] [VERBOSE] End loading URL (CURL): https://art-bobcat.autodesk.com/artifactory/api/search/checksum?repos=autodesk-3p-generic,adsk-build-tools-generic,team-ecg-generic,team-maya-generic,oss-stg-generic&sha1=4053eca543a6131eab0d0df7f39bc356470f54a9
[2023-11-20T09:21:19.253Z] [VERBOSE] Start loading URL (CURL): https://art-bobcat.autodesk.com:443/artifactory/api/storage/team-maya-generic/Maya/master/px64/2023-11-13-08-12_72bdc70acd/202311130812-72bdc70acd-RUNDEV.zip
[2023-11-20T09:21:19.253Z] [DEBUG] Running: C:\WINDOWS\system32\curl.exe -s -X GET --keepalive-time 10 --connect-timeout 60 --speed-limit 10000 --speed-time 120 --max-time 1800 --retry 5 --retry-max-time 2400 -H Connection:close -H Authorization:Basic ZWNnYmlmcm9zdDpvcGUqKjAw https://art-bobcat.autodesk.com:443/artifactory/api/storage/team-maya-generic/Maya/master/px64/2023-11-13-08-12_72bdc70acd/202311130812-72bdc70acd-RUNDEV.zip
[2023-11-20T09:21:19.253Z] [DEBUG] Output:
[2023-11-20T09:21:19.253Z] {
[2023-11-20T09:21:19.253Z]   "repo" : "team-maya-generic",
[2023-11-20T09:21:19.253Z]   "path" : "/Maya/master/px64/2023-11-13-08-12_72bdc70acd/202311130812-72bdc70acd-RUNDEV.zip",
[2023-11-20T09:21:19.253Z]   "created" : "2023-11-13T10:24:13.831-08:00",
[2023-11-20T09:21:19.253Z]   "createdBy" : "svc_p_mescm",
[2023-11-20T09:21:19.253Z]   "lastModified" : "2023-11-13T10:18:59.346-08:00",
[2023-11-20T09:21:19.253Z]   "modifiedBy" : "svc_p_mescm",
[2023-11-20T09:21:19.253Z]   "lastUpdated" : "2023-11-13T10:24:13.832-08:00",
[2023-11-20T09:21:19.253Z]   "downloadUri" : "https://art-bobcat.autodesk.com:443/artifactory/team-maya-generic/Maya/master/px64/2023-11-13-08-12_72bdc70acd/202311130812-72bdc70acd-RUNDEV.zip",
[2023-11-20T09:21:19.253Z]   "mimeType" : "application/zip",
[2023-11-20T09:21:19.253Z]   "size" : "2602753510",
[2023-11-20T09:21:19.253Z]   "checksums" : {
[2023-11-20T09:21:19.253Z]     "sha1" : "4053eca543a6131eab0d0df7f39bc356470f54a9",
[2023-11-20T09:21:19.253Z]     "md5" : "3fc9058fce9dacaabeb55329617dfad6",
[2023-11-20T09:21:19.253Z]     "sha256" : "196e267b78fc31539292b915f61013915c794194edab70739f857ffbc269bdec"
[2023-11-20T09:21:19.253Z]   },
[2023-11-20T09:21:19.253Z]   "originalChecksums" : {
[2023-11-20T09:21:19.253Z]     "sha1" : "4053eca543a6131eab0d0df7f39bc356470f54a9",
[2023-11-20T09:21:19.253Z]     "md5" : "3fc9058fce9dacaabeb55329617dfad6",
[2023-11-20T09:21:19.253Z]     "sha256" : "196e267b78fc31539292b915f61013915c794194edab70739f857ffbc269bdec"
[2023-11-20T09:21:19.253Z]   },
[2023-11-20T09:21:19.253Z]   "uri" : "https://art-bobcat.autodesk.com:443/artifactory/api/storage/team-maya-generic/Maya/master/px64/2023-11-13-08-12_72bdc70acd/202311130812-72bdc70acd-RUNDEV.zip"
[2023-11-20T09:21:19.253Z] }
[2023-11-20T09:21:19.253Z] [VERBOSE] End loading URL (CURL): https://art-bobcat.autodesk.com:443/artifactory/api/storage/team-maya-generic/Maya/master/px64/2023-11-13-08-12_72bdc70acd/202311130812-72bdc70acd-RUNDEV.zip
[2023-11-20T09:21:19.253Z] Using Maya cut from P:\shared\Artifactory\Windows\rundev-master\202311130812\runtime\4053eca
[2023-11-20T09:21:19.253Z] Using Maya ADSK Signatures from P:\shared\Artifactory\Windows\adsk-plugin-signatures-maya\2023\3ae1ae7
[2023-11-20T09:21:19.253Z] Using Maya Security Library from P:\shared\Artifactory\Windows\maya-security-library\3.4.0\284407f
[2023-11-20T09:21:19.253Z] 
[2023-11-20T09:21:19.253Z] ================================================================================
[2023-11-20T09:21:19.253Z]                              setup (RelWithDebInfo)
[2023-11-20T09:21:19.253Z] ================================================================================
[Pipeline] bat
[2023-11-20T09:21:19.857Z] Deleting alias drive W:
[Pipeline] bat
[2023-11-20T09:21:20.460Z] Deleting alias drive P:
[Pipeline] }
[Pipeline] // withEnv
[Pipeline] }
[Pipeline] // timeout
[Pipeline] }
[Pipeline] // stage
[Pipeline] }
[Pipeline] // timestamps
[Pipeline] timestamps
[Pipeline] {
[Pipeline] stage
[Pipeline] { (Clean)
[Pipeline] timeout
[2023-11-20T09:21:20.654Z] Timeout set to expire in 6 hr 0 min
[Pipeline] {
[Pipeline] withEnv
[Pipeline] {
[Pipeline] bat
[2023-11-20T09:21:21.238Z] Creating alias drive P: to S:\jenkins\workspace
[Pipeline] bat
[2023-11-20T09:21:21.854Z] Creating alias drive W: to S:\Jenkins\workspace\ECP\ecg-maya-hydra\ecg-maya-hydra-branch-preflight-python3-windows
[Pipeline] bat
[2023-11-20T09:21:22.584Z] "C:\Program Files\Microsoft Visual Studio\2022\Professional\VC\Auxiliary\Build\vcvarsall.bat" x64
[2023-11-20T09:21:22.584Z] **********************************************************************
[2023-11-20T09:21:22.584Z] ** Visual Studio 2022 Developer Command Prompt v17.3.2
[2023-11-20T09:21:22.584Z] ** Copyright (c) 2022 Microsoft Corporation
[2023-11-20T09:21:22.584Z] **********************************************************************
[2023-11-20T09:21:24.285Z] [vcvarsall.bat] Environment initialized for: 'x64'
[2023-11-20T09:21:24.285Z] python ecg-maya-hydra/build.py --stages=clean --workspace-dir=W:\ --artifactory-dir=P:\shared\Artifactory --build-dir=W:\build --install-dir=W:\install --signing-dir=W:\signing --package-dir=W:\package --output-dir=W:\output --stash-dir=W:\stash --jenkins-build=409 --git-commit=718e8e6b3be7d1b2da5c723cb67dbc73b14509ea --git-branch=master --variants=Debug --interactive-tests=true --post-zips=false --osx-binary-architecture-target=ub2 --osx-deployment-target=11.0 --osx-base-sdk=CurrentActiveSDK --maya-cut-config=maya-rundev-master-debug.yaml --maya-package=rundev-master-debug --stage-banner
[2023-11-20T09:21:25.013Z] Using Maya cut from P:\shared\Artifactory\Windows\rundev-master-debug\202311130621\runtime\229465b
[2023-11-20T09:21:25.013Z] Using Maya ADSK Signatures from P:\shared\Artifactory\Windows\adsk-plugin-signatures-maya\2023\3ae1ae7
[2023-11-20T09:21:25.013Z] Using Maya Security Library from P:\shared\Artifactory\Windows\maya-security-library\3.4.0\284407f
[2023-11-20T09:21:25.013Z] 
[2023-11-20T09:21:25.013Z] ================================================================================
[2023-11-20T09:21:25.013Z]                                  clean (Debug)
[2023-11-20T09:21:25.013Z] ================================================================================
[2023-11-20T09:21:25.013Z] Maya Python Debug Info:
[2023-11-20T09:21:25.013Z]   mayapy executable   = P:\shared\Artifactory\Windows\rundev-master-debug\202311130621\runtime\229465b\runTime\bin\mayapy.exe
[2023-11-20T09:21:25.013Z]   Include Folder      = P:\shared\Artifactory\Windows\rundev-master-debug\202311130621\runtime\229465b\runTime\include\Python311\Python
[2023-11-20T09:21:25.013Z]   Library             = P:\shared\Artifactory\Windows\rundev-master-debug\202311130621\runtime\229465b\runTime\lib\python311_d.lib
[2023-11-20T09:21:25.013Z]   site-package Folder = P:\shared\Artifactory\Windows\rundev-master-debug\202311130621\runtime\229465b\runTime\Python\Lib\site-packages
[2023-11-20T09:21:28.031Z] 
[2023-11-20T09:21:28.031Z]             WARNING: The 'psutil' python package isn't installed. Thus, Peptide
[2023-11-20T09:21:28.031Z]             won't be able to determine the amount of RAM available. It will assume
[2023-11-20T09:21:28.031Z]             that your machine has only 16GB available, and will limit the number
[2023-11-20T09:21:28.031Z]             the number of link jobs being performed in parallel. This can
[2023-11-20T09:21:28.031Z]             negatively affect your build times.
[2023-11-20T09:21:28.031Z] 
[2023-11-20T09:21:28.031Z]             Please 'pip(3) install psutil' to resolve this.
[2023-11-20T09:21:28.031Z]             
[2023-11-20T09:21:28.031Z] In workdir: S:\Jenkins\workspace\ECP\ecg-maya-hydra\ecg-maya-hydra-branch-preflight-python3-windows\ecg-maya-hydra\maya-hydra
[2023-11-20T09:21:28.031Z] Executing: 'P:\\shared\\Artifactory\\Windows\\rundev-master-debug\\202311130621\\runtime\\229465b\\runTime\\bin\\mayapy.exe' 'S:\\Jenkins\\workspace\\ECP\\ecg-maya-hydra\\ecg-maya-hydra-branch-preflight-python3-windows\\ecg-maya-hydra\\maya-hydra\\build.py' --generator Ninja --build-debug --maya-location 'P:\\shared\\Artifactory\\Windows\\rundev-master-debug\\202311130621\\runtime\\229465b\\runTime' --devkit-location 'P:\\shared\\Artifactory\\Windows\\rundev-master-debug\\202311130621\\runtime\\229465b\\devkitBase' --pxrusd-location 'P:\\shared\\Artifactory\\Windows\\USD\\01f407c' '--build-args=-DCMAKE_MAKE_PROGRAM=P:/shared/Artifactory/Windows/ninja/1.10.2/ccacdf8/ninja.exe,-DPYTHON_INCLUDE_DIR=P:/shared/Artifactory/Windows/rundev-master-debug/202311130621/runtime/229465b/runTime/include/Python311/Python,-DPython_EXECUTABLE=P:/shared/Artifactory/Windows/rundev-master-debug/202311130621/runtime/229465b/runTime/bin/mayapy.exe,-DPYTHON_LIBRARIES=P:/shared/Artifactory/Windows/rundev-master-debug/202311130621/runtime/229465b/runTime/lib/python311_d.lib,-DBUILD_WITH_PYTHON_3_VERSION=3.11,-DCMAKE_WANT_MATERIALX_BUILD=ON,-DCMAKE_PREFIX_PATH=P:\\shared\\Artifactory\\Windows\\USD\\01f407c,-DMAYAHYDRA_BUILD_NUMBER=409,-DMAYAHYDRA_GIT_COMMIT=718e8e6b3be7d1b2da5c723cb67dbc73b14509ea,-DMAYAHYDRA_GIT_BRANCH=master' --debug-python '--ctest-args=--parallel 16' --stages=clean --redirect-outstream-file=False --install-location 'W:\\install\\Debug\\MayaHydra' 'W:\\'
[2023-11-20T09:21:28.031Z] Modified environment variables:
[2023-11-20T09:21:28.031Z]     PATH=P:\shared\Artifactory\Windows\cmake\3.20.3\afe857a\bin;C:\Python27\lib\site-packages\pywin32_system32;C:\Program Files\Microsoft Visual Studio\2022\Professional\VC\Tools\MSVC\14.33.31629\bin\HostX64\x64;C:\Program Files\Microsoft Visual Studio\2022\Professional\Common7\IDE\VC\VCPackages;C:\Program Files\Microsoft Visual Studio\2022\Professional\Common7\IDE\CommonExtensions\Microsoft\TestWindow;C:\Program Files\Microsoft Visual Studio\2022\Professional\Common7\IDE\CommonExtensions\Microsoft\TeamFoundation\Team Explorer;C:\Program Files\Microsoft Visual Studio\2022\Professional\MSBuild\Current\bin\Roslyn;C:\Program Files\Microsoft Visual Studio\2022\Professional\Team Tools\Performance Tools\x64;C:\Program Files\Microsoft Visual Studio\2022\Professional\Team Tools\Performance Tools;C:\Program Files (x86)\Microsoft Visual Studio\Shared\Common\VSPerfCollectionTools\vs2019\\x64;C:\Program Files (x86)\Microsoft Visual Studio\Shared\Common\VSPerfCollectionTools\vs2019\;C:\Program Files (x86)\Microsoft SDKs\Windows\v10.0A\bin\NETFX 4.8 Tools\x64\;C:\Program Files (x86)\HTML Help Workshop;C:\Program Files\Microsoft Visual Studio\2022\Professional\Common7\IDE\CommonExtensions\Microsoft\FSharp\Tools;C:\Program Files (x86)\Windows Kits\10\bin\10.0.19041.0\\x64;C:\Program Files (x86)\Windows Kits\10\bin\\x64;C:\Program Files\Microsoft Visual Studio\2022\Professional\\MSBuild\Current\Bin\amd64;C:\WINDOWS\Microsoft.NET\Framework64\v4.0.30319;C:\Program Files\Microsoft Visual Studio\2022\Professional\Common7\IDE\;C:\Program Files\Microsoft Visual Studio\2022\Professional\Common7\Tools\;C:\Python27\;C:\Python27\Scripts;C:\WINDOWS\system32;C:\WINDOWS;C:\WINDOWS\System32\Wbem;C:\WINDOWS\System32\WindowsPowerShell\v1.0\;C:\WINDOWS\System32\OpenSSH\;C:\ProgramData\chocolatey\bin;C:\Program Files (x86)\WiX Toolset v3.7\bin;C:\Program Files\dotnet\;C:\Program Files\Zulu\zulu-11\bin\;C:\Program Files (x86)\Windows Kits\10\bin\10.0.19041.0\x64;C:\Program Files (x86)\Windows Kits\10\bin\10.0.18362.0\x64;C:\Program Files (x86)\Windows Kits\10\bin\10.0.17763.0\x64;C:\Program Files (x86)\Windows Kits\10\bin\x64;C:\Strawberry\c\bin;C:\Strawberry\perl\site\bin;C:\Strawberry\perl\bin;C:\Program Files\Git\cmd;C:\Program Files\Git\usr\bin;C:\Program Files\Git\mingw64\bin;C:\Program Files\Git\bin;C:\Python38\;C:\Python38\Scripts;C:\StoreBoxClientWindows;C:\Program Files\Electric Cloud\ElectricCommander\bin;C:\Program Files\WinRAR;C:\Program Files\7-Zip;C:\Users\Administrator\AppData\Local\Microsoft\WindowsApps;C:\Users\Administrator\.dotnet\tools;C:\Program Files\Microsoft Visual Studio\2022\Professional\Common7\IDE\CommonExtensions\Microsoft\CMake\CMake\bin;C:\Program Files\Microsoft Visual Studio\2022\Professional\Common7\IDE\CommonExtensions\Microsoft\CMake\Ninja;C:\Program Files\Microsoft Visual Studio\2022\Professional\Common7\IDE\VC\Linux\bin\ConnectionManagerExe
[2023-11-20T09:21:28.760Z]     
[2023-11-20T09:21:28.760Z]         Building with settings:
[2023-11-20T09:21:28.760Z]           Source directory          S:\Jenkins\workspace\ECP\ecg-maya-hydra\ecg-maya-hydra-branch-preflight-python3-windows\ecg-maya-hydra\maya-hydra
[2023-11-20T09:21:28.760Z]           Workspace directory       W:\
[2023-11-20T09:21:28.760Z]           Build directory           W:\build\Debug
[2023-11-20T09:21:28.760Z]           Install directory         W:\install\Debug\MayaHydra
[2023-11-20T09:21:28.760Z]           Variant                   Debug
[2023-11-20T09:21:28.760Z]           Python Debug              On
[2023-11-20T09:21:28.760Z]           CMake generator           Ninja
[2023-11-20T09:21:28.760Z]           Build arguments           ['-DCMAKE_MAKE_PROGRAM=P:/shared/Artifactory/Windows/ninja/1.10.2/ccacdf8/ninja.exe', '-DPYTHON_INCLUDE_DIR=P:/shared/Artifactory/Windows/rundev-master-debug/202311130621/runtime/229465b/runTime/include/Python311/Python', '-DPython_EXECUTABLE=P:/shared/Artifactory/Windows/rundev-master-debug/202311130621/runtime/229465b/runTime/bin/mayapy.exe', '-DPYTHON_LIBRARIES=P:/shared/Artifactory/Windows/rundev-master-debug/202311130621/runtime/229465b/runTime/lib/python311_d.lib', '-DBUILD_WITH_PYTHON_3_VERSION=3.11', '-DCMAKE_WANT_MATERIALX_BUILD=ON', '-DCMAKE_PREFIX_PATH=P:\\shared\\Artifactory\\Windows\\USD\\01f407c', '-DMAYAHYDRA_BUILD_NUMBER=409', '-DMAYAHYDRA_GIT_COMMIT=718e8e6b3be7d1b2da5c723cb67dbc73b14509ea', '-DMAYAHYDRA_GIT_BRANCH=master']
[2023-11-20T09:21:28.760Z]           Stages arguments          ['clean']
[2023-11-20T09:21:28.760Z]           CTest arguments           ['--parallel 16']
[2023-11-20T09:21:28.760Z]     Success MayaHydra build and install !!!!
[2023-11-20T09:21:28.760Z]     Elapsed time: 00:00:00
[Pipeline] bat
[2023-11-20T09:21:29.706Z] Deleting alias drive W:
[Pipeline] bat
[2023-11-20T09:21:30.322Z] Deleting alias drive P:
[Pipeline] bat
[2023-11-20T09:21:30.945Z] Creating alias drive P: to S:\jenkins\workspace
[Pipeline] bat
[2023-11-20T09:21:31.554Z] Creating alias drive W: to S:\Jenkins\workspace\ECP\ecg-maya-hydra\ecg-maya-hydra-branch-preflight-python3-windows
[Pipeline] bat
[2023-11-20T09:21:32.285Z] "C:\Program Files\Microsoft Visual Studio\2022\Professional\VC\Auxiliary\Build\vcvarsall.bat" x64
[2023-11-20T09:21:32.625Z] **********************************************************************
[2023-11-20T09:21:32.625Z] ** Visual Studio 2022 Developer Command Prompt v17.3.2
[2023-11-20T09:21:32.625Z] ** Copyright (c) 2022 Microsoft Corporation
[2023-11-20T09:21:32.625Z] **********************************************************************
[2023-11-20T09:21:33.804Z] [vcvarsall.bat] Environment initialized for: 'x64'
[2023-11-20T09:21:33.804Z] python ecg-maya-hydra/build.py --stages=clean --workspace-dir=W:\ --artifactory-dir=P:\shared\Artifactory --build-dir=W:\build --install-dir=W:\install --signing-dir=W:\signing --package-dir=W:\package --output-dir=W:\output --stash-dir=W:\stash --jenkins-build=409 --git-commit=718e8e6b3be7d1b2da5c723cb67dbc73b14509ea --git-branch=master --variants=RelWithDebInfo --interactive-tests=true --post-zips=false --osx-binary-architecture-target=ub2 --osx-deployment-target=11.0 --osx-base-sdk=CurrentActiveSDK --maya-cut-config=maya-rundev-master.yaml --maya-package=rundev-master --stage-banner
[2023-11-20T09:21:35.240Z] Using Maya cut from P:\shared\Artifactory\Windows\rundev-master\202311130812\runtime\4053eca
[2023-11-20T09:21:35.240Z] Using Maya ADSK Signatures from P:\shared\Artifactory\Windows\adsk-plugin-signatures-maya\2023\3ae1ae7
[2023-11-20T09:21:35.240Z] Using Maya Security Library from P:\shared\Artifactory\Windows\maya-security-library\3.4.0\284407f
[2023-11-20T09:21:35.240Z] 
[2023-11-20T09:21:35.240Z] ================================================================================
[2023-11-20T09:21:35.240Z]                              clean (RelWithDebInfo)
[2023-11-20T09:21:35.240Z] ================================================================================
[2023-11-20T09:21:35.240Z] Maya Python RelWithDebInfo Info:
[2023-11-20T09:21:35.240Z]   mayapy executable   = P:\shared\Artifactory\Windows\rundev-master\202311130812\runtime\4053eca\runTime\bin\mayapy.exe
[2023-11-20T09:21:35.240Z]   Include Folder      = P:\shared\Artifactory\Windows\rundev-master\202311130812\runtime\4053eca\runTime\include\Python311\Python
[2023-11-20T09:21:35.240Z]   Library             = P:\shared\Artifactory\Windows\rundev-master\202311130812\runtime\4053eca\runTime\lib\python311.lib
[2023-11-20T09:21:35.240Z]   site-package Folder = P:\shared\Artifactory\Windows\rundev-master\202311130812\runtime\4053eca\runTime\Python\Lib\site-packages
[2023-11-20T09:21:35.579Z] In workdir: S:\Jenkins\workspace\ECP\ecg-maya-hydra\ecg-maya-hydra-branch-preflight-python3-windows\ecg-maya-hydra\maya-hydra
[2023-11-20T09:21:35.579Z] Executing: 'P:\\shared\\Artifactory\\Windows\\rundev-master\\202311130812\\runtime\\4053eca\\runTime\\bin\\mayapy.exe' 'S:\\Jenkins\\workspace\\ECP\\ecg-maya-hydra\\ecg-maya-hydra-branch-preflight-python3-windows\\ecg-maya-hydra\\maya-hydra\\build.py' --generator Ninja --build-relwithdebug --maya-location 'P:\\shared\\Artifactory\\Windows\\rundev-master\\202311130812\\runtime\\4053eca\\runTime' --devkit-location 'P:\\shared\\Artifactory\\Windows\\rundev-master\\202311130812\\runtime\\4053eca\\devkitBase' --pxrusd-location 'P:\\shared\\Artifactory\\Windows\\USD\\6a9558d' '--build-args=-DCMAKE_MAKE_PROGRAM=P:/shared/Artifactory/Windows/ninja/1.10.2/ccacdf8/ninja.exe,-DPYTHON_INCLUDE_DIR=P:/shared/Artifactory/Windows/rundev-master/202311130812/runtime/4053eca/runTime/include/Python311/Python,-DPython_EXECUTABLE=P:/shared/Artifactory/Windows/rundev-master/202311130812/runtime/4053eca/runTime/bin/mayapy.exe,-DPYTHON_LIBRARIES=P:/shared/Artifactory/Windows/rundev-master/202311130812/runtime/4053eca/runTime/lib/python311.lib,-DBUILD_WITH_PYTHON_3_VERSION=3.11,-DCMAKE_WANT_MATERIALX_BUILD=ON,-DCMAKE_PREFIX_PATH=P:\\shared\\Artifactory\\Windows\\USD\\6a9558d,-DMAYAHYDRA_BUILD_NUMBER=409,-DMAYAHYDRA_GIT_COMMIT=718e8e6b3be7d1b2da5c723cb67dbc73b14509ea,-DMAYAHYDRA_GIT_BRANCH=master' '--ctest-args=--parallel 16' --stages=clean --redirect-outstream-file=False --install-location 'W:\\install\\RelWithDebInfo\\MayaHydra' 'W:\\'
[2023-11-20T09:21:35.579Z] Modified environment variables:
[2023-11-20T09:21:35.579Z]     PATH=P:\shared\Artifactory\Windows\cmake\3.20.3\afe857a\bin;C:\Python27\lib\site-packages\pywin32_system32;C:\Program Files\Microsoft Visual Studio\2022\Professional\VC\Tools\MSVC\14.33.31629\bin\HostX64\x64;C:\Program Files\Microsoft Visual Studio\2022\Professional\Common7\IDE\VC\VCPackages;C:\Program Files\Microsoft Visual Studio\2022\Professional\Common7\IDE\CommonExtensions\Microsoft\TestWindow;C:\Program Files\Microsoft Visual Studio\2022\Professional\Common7\IDE\CommonExtensions\Microsoft\TeamFoundation\Team Explorer;C:\Program Files\Microsoft Visual Studio\2022\Professional\MSBuild\Current\bin\Roslyn;C:\Program Files\Microsoft Visual Studio\2022\Professional\Team Tools\Performance Tools\x64;C:\Program Files\Microsoft Visual Studio\2022\Professional\Team Tools\Performance Tools;C:\Program Files (x86)\Microsoft Visual Studio\Shared\Common\VSPerfCollectionTools\vs2019\\x64;C:\Program Files (x86)\Microsoft Visual Studio\Shared\Common\VSPerfCollectionTools\vs2019\;C:\Program Files (x86)\Microsoft SDKs\Windows\v10.0A\bin\NETFX 4.8 Tools\x64\;C:\Program Files (x86)\HTML Help Workshop;C:\Program Files\Microsoft Visual Studio\2022\Professional\Common7\IDE\CommonExtensions\Microsoft\FSharp\Tools;C:\Program Files (x86)\Windows Kits\10\bin\10.0.19041.0\\x64;C:\Program Files (x86)\Windows Kits\10\bin\\x64;C:\Program Files\Microsoft Visual Studio\2022\Professional\\MSBuild\Current\Bin\amd64;C:\WINDOWS\Microsoft.NET\Framework64\v4.0.30319;C:\Program Files\Microsoft Visual Studio\2022\Professional\Common7\IDE\;C:\Program Files\Microsoft Visual Studio\2022\Professional\Common7\Tools\;C:\Python27\;C:\Python27\Scripts;C:\WINDOWS\system32;C:\WINDOWS;C:\WINDOWS\System32\Wbem;C:\WINDOWS\System32\WindowsPowerShell\v1.0\;C:\WINDOWS\System32\OpenSSH\;C:\ProgramData\chocolatey\bin;C:\Program Files (x86)\WiX Toolset v3.7\bin;C:\Program Files\dotnet\;C:\Program Files\Zulu\zulu-11\bin\;C:\Program Files (x86)\Windows Kits\10\bin\10.0.19041.0\x64;C:\Program Files (x86)\Windows Kits\10\bin\10.0.18362.0\x64;C:\Program Files (x86)\Windows Kits\10\bin\10.0.17763.0\x64;C:\Program Files (x86)\Windows Kits\10\bin\x64;C:\Strawberry\c\bin;C:\Strawberry\perl\site\bin;C:\Strawberry\perl\bin;C:\Program Files\Git\cmd;C:\Program Files\Git\usr\bin;C:\Program Files\Git\mingw64\bin;C:\Program Files\Git\bin;C:\Python38\;C:\Python38\Scripts;C:\StoreBoxClientWindows;C:\Program Files\Electric Cloud\ElectricCommander\bin;C:\Program Files\WinRAR;C:\Program Files\7-Zip;C:\Users\Administrator\AppData\Local\Microsoft\WindowsApps;C:\Users\Administrator\.dotnet\tools;C:\Program Files\Microsoft Visual Studio\2022\Professional\Common7\IDE\CommonExtensions\Microsoft\CMake\CMake\bin;C:\Program Files\Microsoft Visual Studio\2022\Professional\Common7\IDE\CommonExtensions\Microsoft\CMake\Ninja;C:\Program Files\Microsoft Visual Studio\2022\Professional\Common7\IDE\VC\Linux\bin\ConnectionManagerExe
[2023-11-20T09:21:36.344Z]     
[2023-11-20T09:21:36.344Z]         Building with settings:
[2023-11-20T09:21:36.344Z]           Source directory          S:\Jenkins\workspace\ECP\ecg-maya-hydra\ecg-maya-hydra-branch-preflight-python3-windows\ecg-maya-hydra\maya-hydra
[2023-11-20T09:21:36.344Z]           Workspace directory       W:\
[2023-11-20T09:21:36.344Z]           Build directory           W:\build\RelWithDebInfo
[2023-11-20T09:21:36.344Z]           Install directory         W:\install\RelWithDebInfo\MayaHydra
[2023-11-20T09:21:36.344Z]           Variant                   RelWithDebInfo
[2023-11-20T09:21:36.344Z]           Python Debug              Off
[2023-11-20T09:21:36.344Z]           CMake generator           Ninja
[2023-11-20T09:21:36.344Z]           Build arguments           ['-DCMAKE_MAKE_PROGRAM=P:/shared/Artifactory/Windows/ninja/1.10.2/ccacdf8/ninja.exe', '-DPYTHON_INCLUDE_DIR=P:/shared/Artifactory/Windows/rundev-master/202311130812/runtime/4053eca/runTime/include/Python311/Python', '-DPython_EXECUTABLE=P:/shared/Artifactory/Windows/rundev-master/202311130812/runtime/4053eca/runTime/bin/mayapy.exe', '-DPYTHON_LIBRARIES=P:/shared/Artifactory/Windows/rundev-master/202311130812/runtime/4053eca/runTime/lib/python311.lib', '-DBUILD_WITH_PYTHON_3_VERSION=3.11', '-DCMAKE_WANT_MATERIALX_BUILD=ON', '-DCMAKE_PREFIX_PATH=P:\\shared\\Artifactory\\Windows\\USD\\6a9558d', '-DMAYAHYDRA_BUILD_NUMBER=409', '-DMAYAHYDRA_GIT_COMMIT=718e8e6b3be7d1b2da5c723cb67dbc73b14509ea', '-DMAYAHYDRA_GIT_BRANCH=master']
[2023-11-20T09:21:36.344Z]           Stages arguments          ['clean']
[2023-11-20T09:21:36.344Z]           CTest arguments           ['--parallel 16']
[2023-11-20T09:21:36.344Z]     Success MayaHydra build and install !!!!
[2023-11-20T09:21:36.344Z]     Elapsed time: 00:00:00
[Pipeline] bat
[2023-11-20T09:21:37.037Z] Deleting alias drive W:
[Pipeline] bat
[2023-11-20T09:21:37.716Z] Deleting alias drive P:
[Pipeline] }
[Pipeline] // withEnv
[Pipeline] }
[Pipeline] // timeout
[Pipeline] }
[Pipeline] // stage
[Pipeline] }
[Pipeline] // timestamps
[Pipeline] timestamps
[Pipeline] {
[Pipeline] stage
[Pipeline] { (Configure)
[Pipeline] timeout
[2023-11-20T09:21:37.905Z] Timeout set to expire in 6 hr 0 min
[Pipeline] {
[Pipeline] withEnv
[Pipeline] {
[Pipeline] bat
[2023-11-20T09:21:38.546Z] Creating alias drive P: to S:\jenkins\workspace
[Pipeline] bat
[2023-11-20T09:21:39.235Z] Creating alias drive W: to S:\Jenkins\workspace\ECP\ecg-maya-hydra\ecg-maya-hydra-branch-preflight-python3-windows
[Pipeline] bat
[2023-11-20T09:21:39.994Z] "C:\Program Files\Microsoft Visual Studio\2022\Professional\VC\Auxiliary\Build\vcvarsall.bat" x64
[2023-11-20T09:21:39.994Z] **********************************************************************
[2023-11-20T09:21:39.994Z] ** Visual Studio 2022 Developer Command Prompt v17.3.2
[2023-11-20T09:21:39.994Z] ** Copyright (c) 2022 Microsoft Corporation
[2023-11-20T09:21:39.994Z] **********************************************************************
[2023-11-20T09:21:41.694Z] [vcvarsall.bat] Environment initialized for: 'x64'
[2023-11-20T09:21:41.694Z] python ecg-maya-hydra/build.py --stages=configure --workspace-dir=W:\ --artifactory-dir=P:\shared\Artifactory --build-dir=W:\build --install-dir=W:\install --signing-dir=W:\signing --package-dir=W:\package --output-dir=W:\output --stash-dir=W:\stash --jenkins-build=409 --git-commit=718e8e6b3be7d1b2da5c723cb67dbc73b14509ea --git-branch=master --variants=Debug --interactive-tests=true --post-zips=false --osx-binary-architecture-target=ub2 --osx-deployment-target=11.0 --osx-base-sdk=CurrentActiveSDK --maya-cut-config=maya-rundev-master-debug.yaml --maya-package=rundev-master-debug --stage-banner
[2023-11-20T09:21:42.422Z] Using Maya cut from P:\shared\Artifactory\Windows\rundev-master-debug\202311130621\runtime\229465b
[2023-11-20T09:21:42.422Z] Using Maya ADSK Signatures from P:\shared\Artifactory\Windows\adsk-plugin-signatures-maya\2023\3ae1ae7
[2023-11-20T09:21:42.422Z] Using Maya Security Library from P:\shared\Artifactory\Windows\maya-security-library\3.4.0\284407f
[2023-11-20T09:21:42.422Z] 
[2023-11-20T09:21:42.422Z] ================================================================================
[2023-11-20T09:21:42.422Z]                                configure (Debug)
[2023-11-20T09:21:42.422Z] ================================================================================
[2023-11-20T09:21:42.422Z] Maya Python Debug Info:
[2023-11-20T09:21:42.422Z]   mayapy executable   = P:\shared\Artifactory\Windows\rundev-master-debug\202311130621\runtime\229465b\runTime\bin\mayapy.exe
[2023-11-20T09:21:42.422Z]   Include Folder      = P:\shared\Artifactory\Windows\rundev-master-debug\202311130621\runtime\229465b\runTime\include\Python311\Python
[2023-11-20T09:21:42.422Z]   Library             = P:\shared\Artifactory\Windows\rundev-master-debug\202311130621\runtime\229465b\runTime\lib\python311_d.lib
[2023-11-20T09:21:42.422Z]   site-package Folder = P:\shared\Artifactory\Windows\rundev-master-debug\202311130621\runtime\229465b\runTime\Python\Lib\site-packages
[2023-11-20T09:21:44.728Z] 
[2023-11-20T09:21:44.728Z]             WARNING: The 'psutil' python package isn't installed. Thus, Peptide
[2023-11-20T09:21:44.728Z]             won't be able to determine the amount of RAM available. It will assume
[2023-11-20T09:21:44.728Z]             that your machine has only 16GB available, and will limit the number
[2023-11-20T09:21:44.728Z]             the number of link jobs being performed in parallel. This can
[2023-11-20T09:21:44.728Z]             negatively affect your build times.
[2023-11-20T09:21:44.728Z] 
[2023-11-20T09:21:44.728Z]             Please 'pip(3) install psutil' to resolve this.
[2023-11-20T09:21:44.728Z]             
[2023-11-20T09:21:44.728Z] In workdir: S:\Jenkins\workspace\ECP\ecg-maya-hydra\ecg-maya-hydra-branch-preflight-python3-windows\ecg-maya-hydra\maya-hydra
[2023-11-20T09:21:44.728Z] Executing: 'P:\\shared\\Artifactory\\Windows\\rundev-master-debug\\202311130621\\runtime\\229465b\\runTime\\bin\\mayapy.exe' 'S:\\Jenkins\\workspace\\ECP\\ecg-maya-hydra\\ecg-maya-hydra-branch-preflight-python3-windows\\ecg-maya-hydra\\maya-hydra\\build.py' --generator Ninja --build-debug --maya-location 'P:\\shared\\Artifactory\\Windows\\rundev-master-debug\\202311130621\\runtime\\229465b\\runTime' --devkit-location 'P:\\shared\\Artifactory\\Windows\\rundev-master-debug\\202311130621\\runtime\\229465b\\devkitBase' --pxrusd-location 'P:\\shared\\Artifactory\\Windows\\USD\\01f407c' '--build-args=-DCMAKE_MAKE_PROGRAM=P:/shared/Artifactory/Windows/ninja/1.10.2/ccacdf8/ninja.exe,-DPYTHON_INCLUDE_DIR=P:/shared/Artifactory/Windows/rundev-master-debug/202311130621/runtime/229465b/runTime/include/Python311/Python,-DPython_EXECUTABLE=P:/shared/Artifactory/Windows/rundev-master-debug/202311130621/runtime/229465b/runTime/bin/mayapy.exe,-DPYTHON_LIBRARIES=P:/shared/Artifactory/Windows/rundev-master-debug/202311130621/runtime/229465b/runTime/lib/python311_d.lib,-DBUILD_WITH_PYTHON_3_VERSION=3.11,-DCMAKE_WANT_MATERIALX_BUILD=ON,-DCMAKE_PREFIX_PATH=P:\\shared\\Artifactory\\Windows\\USD\\01f407c,-DMAYAHYDRA_BUILD_NUMBER=409,-DMAYAHYDRA_GIT_COMMIT=718e8e6b3be7d1b2da5c723cb67dbc73b14509ea,-DMAYAHYDRA_GIT_BRANCH=master' --debug-python '--ctest-args=--parallel 16' --stages=configure --redirect-outstream-file=False --install-location 'W:\\install\\Debug\\MayaHydra' 'W:\\'
[2023-11-20T09:21:44.728Z] Modified environment variables:
[2023-11-20T09:21:44.728Z]     PATH=P:\shared\Artifactory\Windows\cmake\3.20.3\afe857a\bin;C:\Python27\lib\site-packages\pywin32_system32;C:\Program Files\Microsoft Visual Studio\2022\Professional\VC\Tools\MSVC\14.33.31629\bin\HostX64\x64;C:\Program Files\Microsoft Visual Studio\2022\Professional\Common7\IDE\VC\VCPackages;C:\Program Files\Microsoft Visual Studio\2022\Professional\Common7\IDE\CommonExtensions\Microsoft\TestWindow;C:\Program Files\Microsoft Visual Studio\2022\Professional\Common7\IDE\CommonExtensions\Microsoft\TeamFoundation\Team Explorer;C:\Program Files\Microsoft Visual Studio\2022\Professional\MSBuild\Current\bin\Roslyn;C:\Program Files\Microsoft Visual Studio\2022\Professional\Team Tools\Performance Tools\x64;C:\Program Files\Microsoft Visual Studio\2022\Professional\Team Tools\Performance Tools;C:\Program Files (x86)\Microsoft Visual Studio\Shared\Common\VSPerfCollectionTools\vs2019\\x64;C:\Program Files (x86)\Microsoft Visual Studio\Shared\Common\VSPerfCollectionTools\vs2019\;C:\Program Files (x86)\Microsoft SDKs\Windows\v10.0A\bin\NETFX 4.8 Tools\x64\;C:\Program Files (x86)\HTML Help Workshop;C:\Program Files\Microsoft Visual Studio\2022\Professional\Common7\IDE\CommonExtensions\Microsoft\FSharp\Tools;C:\Program Files (x86)\Windows Kits\10\bin\10.0.19041.0\\x64;C:\Program Files (x86)\Windows Kits\10\bin\\x64;C:\Program Files\Microsoft Visual Studio\2022\Professional\\MSBuild\Current\Bin\amd64;C:\WINDOWS\Microsoft.NET\Framework64\v4.0.30319;C:\Program Files\Microsoft Visual Studio\2022\Professional\Common7\IDE\;C:\Program Files\Microsoft Visual Studio\2022\Professional\Common7\Tools\;C:\Python27\;C:\Python27\Scripts;C:\WINDOWS\system32;C:\WINDOWS;C:\WINDOWS\System32\Wbem;C:\WINDOWS\System32\WindowsPowerShell\v1.0\;C:\WINDOWS\System32\OpenSSH\;C:\ProgramData\chocolatey\bin;C:\Program Files (x86)\WiX Toolset v3.7\bin;C:\Program Files\dotnet\;C:\Program Files\Zulu\zulu-11\bin\;C:\Program Files (x86)\Windows Kits\10\bin\10.0.19041.0\x64;C:\Program Files (x86)\Windows Kits\10\bin\10.0.18362.0\x64;C:\Program Files (x86)\Windows Kits\10\bin\10.0.17763.0\x64;C:\Program Files (x86)\Windows Kits\10\bin\x64;C:\Strawberry\c\bin;C:\Strawberry\perl\site\bin;C:\Strawberry\perl\bin;C:\Program Files\Git\cmd;C:\Program Files\Git\usr\bin;C:\Program Files\Git\mingw64\bin;C:\Program Files\Git\bin;C:\Python38\;C:\Python38\Scripts;C:\StoreBoxClientWindows;C:\Program Files\Electric Cloud\ElectricCommander\bin;C:\Program Files\WinRAR;C:\Program Files\7-Zip;C:\Users\Administrator\AppData\Local\Microsoft\WindowsApps;C:\Users\Administrator\.dotnet\tools;C:\Program Files\Microsoft Visual Studio\2022\Professional\Common7\IDE\CommonExtensions\Microsoft\CMake\CMake\bin;C:\Program Files\Microsoft Visual Studio\2022\Professional\Common7\IDE\CommonExtensions\Microsoft\CMake\Ninja;C:\Program Files\Microsoft Visual Studio\2022\Professional\Common7\IDE\VC\Linux\bin\ConnectionManagerExe
[2023-11-20T09:21:47.746Z]     -- The C compiler identification is MSVC 19.33.31629.0
[2023-11-20T09:21:47.746Z]     -- The CXX compiler identification is MSVC 19.33.31629.0
[2023-11-20T09:21:47.746Z]     -- Detecting C compiler ABI info
[2023-11-20T09:21:48.925Z]     -- Detecting C compiler ABI info - done
[2023-11-20T09:21:48.925Z]     -- Check for working C compiler: C:/Program Files/Microsoft Visual Studio/2022/Professional/VC/Tools/MSVC/14.33.31629/bin/Hostx64/x64/cl.exe - skipped
[2023-11-20T09:21:48.925Z]     -- Detecting C compile features
[2023-11-20T09:21:48.925Z]     -- Detecting C compile features - done
[2023-11-20T09:21:48.925Z]     -- Detecting CXX compiler ABI info
[2023-11-20T09:21:49.654Z]     -- Detecting CXX compiler ABI info - done
[2023-11-20T09:21:49.654Z]     -- Check for working CXX compiler: C:/Program Files/Microsoft Visual Studio/2022/Professional/VC/Tools/MSVC/14.33.31629/bin/Hostx64/x64/cl.exe - skipped
[2023-11-20T09:21:49.654Z]     -- Detecting CXX compile features
[2023-11-20T09:21:49.654Z]     -- Detecting CXX compile features - done
[2023-11-20T09:21:50.832Z]     -- Using Maya Light API Version 3
[2023-11-20T09:21:50.832Z]     -- Maya has setDefaultMaterialHandling API
[2023-11-20T09:21:50.832Z]     -- Maya has new point snapping API
[2023-11-20T09:21:50.832Z]     -- Maya has isInCrashHandler API
[2023-11-20T09:21:50.832Z]     -- Maya has getDisplayStyleOfAllViewports API
[2023-11-20T09:21:50.832Z]     -- Maya array iterator has difference_type trait
[2023-11-20T09:21:50.832Z]     -- MFnSet has getMemberPaths function
[2023-11-20T09:21:50.832Z]     -- MFnDisplayLayer exists
[2023-11-20T09:21:50.832Z]     -- MDisplayLayerMessage has MDisplayLayerMemberChangedFunction
[2023-11-20T09:21:50.832Z]     -- MRenderItem has HideOnPlayback API
[2023-11-20T09:21:50.832Z]     -- Found Maya: P:/shared/Artifactory/Windows/rundev-master-debug/202311130621/runtime/229465b/runTime/bin/maya.exe (found suitable version "2025", minimum required is "2024")
[2023-11-20T09:21:53.849Z]     -- Found Python: P:/shared/Artifactory/Windows/rundev-master-debug/202311130621/runtime/229465b/runTime/bin/mayapy.exe (found suitable exact version "3.11.4") found components: Interpreter
[2023-11-20T09:21:53.849Z]     -- Build mayaHydra with Python3 = 3.11
[2023-11-20T09:21:53.849Z]     --    PYTHON_INCLUDE_DIRS = P:/shared/Artifactory/Windows/rundev-master-debug/202311130621/runtime/229465b/runTime/include/Python311/Python
[2023-11-20T09:21:53.849Z]     --    PYTHON_LIBRARIES    = P:/shared/Artifactory/Windows/rundev-master-debug/202311130621/runtime/229465b/runTime/lib/python311_d.lib
[2023-11-20T09:21:53.849Z]     --    Python_EXECUTABLE   = P:/shared/Artifactory/Windows/rundev-master-debug/202311130621/runtime/229465b/runTime/bin/mayapy.exe
[2023-11-20T09:21:54.580Z]     -- Found Python3: optimized;P:\shared\Artifactory\Windows\rundev-master-debug\202311130621\runtime\229465b\runTime/lib/python311_d.lib;debug;P:/shared/Artifactory/Windows/rundev-master-debug/202311130621/runtime/229465b/runTime/lib/python311_d.lib (found suitable exact version "3.11.4") found components: Development Development.Module Development.Embed
[2023-11-20T09:21:54.580Z]     -- USD has new Sdr.PropertyTypes.Color4
[2023-11-20T09:21:54.580Z]     -- USD has MaterialX metadata support
[2023-11-20T09:21:54.580Z]     -- USD include dir: P:/shared/Artifactory/Windows/USD/01f407c/include
[2023-11-20T09:21:54.580Z]     -- USD library dir: P:/shared/Artifactory/Windows/USD/01f407c/lib
[2023-11-20T09:21:54.580Z]     -- USD version: 0.23.11
[2023-11-20T09:21:54.580Z]     -- USD Boost::boost version: 108100
[2023-11-20T09:21:54.580Z]     -- Found USD: P:/shared/Artifactory/Windows/USD/01f407c (found suitable version "0.23.11", minimum required is "0.22.11")
[2023-11-20T09:21:54.580Z]     Updated PYTHONPATH: P:\shared\Artifactory\Windows\USD\01f407c\lib\python
[2023-11-20T09:21:54.580Z]     Updated PATH: P:\shared\Artifactory\Windows\cmake\3.20.3\afe857a\bin;C:\Python27\lib\site-packages\pywin32_system32;C:\Program Files\Microsoft Visual Studio\2022\Professional\VC\Tools\MSVC\14.33.31629\bin\HostX64\x64;C:\Program Files\Microsoft Visual Studio\2022\Professional\Common7\IDE\VC\VCPackages;C:\Program Files\Microsoft Visual Studio\2022\Professional\Common7\IDE\CommonExtensions\Microsoft\TestWindow;C:\Program Files\Microsoft Visual Studio\2022\Professional\Common7\IDE\CommonExtensions\Microsoft\TeamFoundation\Team Explorer;C:\Program Files\Microsoft Visual Studio\2022\Professional\MSBuild\Current\bin\Roslyn;C:\Program Files\Microsoft Visual Studio\2022\Professional\Team Tools\Performance Tools\x64;C:\Program Files\Microsoft Visual Studio\2022\Professional\Team Tools\Performance Tools;C:\Program Files (x86)\Microsoft Visual Studio\Shared\Common\VSPerfCollectionTools\vs2019\\x64;C:\Program Files (x86)\Microsoft Visual Studio\Shared\Common\VSPerfCollectionTools\vs2019\;C:\Program Files (x86)\Microsoft SDKs\Windows\v10.0A\bin\NETFX 4.8 Tools\x64\;C:\Program Files (x86)\HTML Help Workshop;C:\Program Files\Microsoft Visual Studio\2022\Professional\Common7\IDE\CommonExtensions\Microsoft\FSharp\Tools;C:\Program Files (x86)\Windows Kits\10\bin\10.0.19041.0\\x64;C:\Program Files (x86)\Windows Kits\10\bin\\x64;C:\Program Files\Microsoft Visual Studio\2022\Professional\\MSBuild\Current\Bin\amd64;C:\WINDOWS\Microsoft.NET\Framework64\v4.0.30319;C:\Program Files\Microsoft Visual Studio\2022\Professional\Common7\IDE\;C:\Program Files\Microsoft Visual Studio\2022\Professional\Common7\Tools\;C:\Python27\;C:\Python27\Scripts;C:\WINDOWS\system32;C:\WINDOWS;C:\WINDOWS\System32\Wbem;C:\WINDOWS\System32\WindowsPowerShell\v1.0\;C:\WINDOWS\System32\OpenSSH\;C:\ProgramData\chocolatey\bin;C:\Program Files (x86)\WiX Toolset v3.7\bin;C:\Program Files\dotnet\;C:\Program Files\Zulu\zulu-11\bin\;C:\Program Files (x86)\Windows Kits\10\bin\10.0.19041.0\x64;C:\Program Files (x86)\Windows Kits\10\bin\10.0.18362.0\x64;C:\Program Files (x86)\Windows Kits\10\bin\10.0.17763.0\x64;C:\Program Files (x86)\Windows Kits\10\bin\x64;C:\Strawberry\c\bin;C:\Strawberry\perl\site\bin;C:\Strawberry\perl\bin;C:\Program Files\Git\cmd;C:\Program Files\Git\usr\bin;C:\Program Files\Git\mingw64\bin;C:\Program Files\Git\bin;C:\Python38\;C:\Python38\Scripts;C:\StoreBoxClientWindows;C:\Program Files\Electric Cloud\ElectricCommander\bin;C:\Program Files\WinRAR;C:\Program Files\7-Zip;C:\Users\Administrator\AppData\Local\Microsoft\WindowsApps;C:\Users\Administrator\.dotnet\tools;C:\Program Files\Microsoft Visual Studio\2022\Professional\Common7\IDE\CommonExtensions\Microsoft\CMake\CMake\bin;C:\Program Files\Microsoft Visual Studio\2022\Professional\Common7\IDE\CommonExtensions\Microsoft\CMake\Ninja;C:\Program Files\Microsoft Visual Studio\2022\Professional\Common7\IDE\VC\Linux\bin\ConnectionManagerExe;P:\shared\Artifactory\Windows\USD\01f407c\bin;P:\shared\Artifactory\Windows\USD\01f407c\lib
[2023-11-20T09:21:54.580Z]     -- Found UFE: P:/shared/Artifactory/Windows/rundev-master-debug/202311130621/runtime/229465b/devkitBase/devkit/ufe/include (found version "0.5.11")
[2023-11-20T09:21:54.580Z]     -- UFE include dir: P:/shared/Artifactory/Windows/rundev-master-debug/202311130621/runtime/229465b/devkitBase/devkit/ufe/include
[2023-11-20T09:21:54.580Z]     -- UFE library: P:/shared/Artifactory/Windows/rundev-master-debug/202311130621/runtime/229465b/devkitBase/devkit/ufe/lib/ufe_0.lib
[2023-11-20T09:21:54.580Z]     -- UFE version: 0.5.11
[2023-11-20T09:21:54.580Z]     -- Maya has UFE lights API
[2023-11-20T09:21:54.580Z]     -- Maya has UFE scene segment API
[2023-11-20T09:21:54.580Z]     -- Maya has UFE TrieNode childrenComponents accessor
[2023-11-20T09:21:54.580Z]     -- Building with UFE 0.5.11.
[2023-11-20T09:21:54.580Z]     -- Found MaterialX
[2023-11-20T09:21:55.160Z]     -- Performing Test HAVE_STDATOMIC
[2023-11-20T09:21:55.889Z]     -- Performing Test HAVE_STDATOMIC - Success
[2023-11-20T09:21:55.889Z]     -- Found OpenGL: opengl32
[2023-11-20T09:21:56.618Z]     -- Check if linker can resolve circular dependencies - TRUE
[2023-11-20T09:21:56.618Z]     -- Found Qt 6.5.3 in Maya devkit. Hydra Scene Browser will be built.
[2023-11-20T09:21:56.618Z]     -- **** Building Gulrak From Github Repository.
[2023-11-20T09:21:56.618Z]     -- Populating gulrak
[2023-11-20T09:21:56.958Z]     -- Configuring done
[2023-11-20T09:21:57.298Z]     -- Generating done
[2023-11-20T09:21:57.298Z]     -- Build files have been written to: W:/build/Debug/_deps/gulrak-subbuild
[2023-11-20T09:21:57.637Z]     [1/9] Creating directories for 'gulrak-populate'
[2023-11-20T09:21:57.637Z]     [1/9] Performing download step (git clone) for 'gulrak-populate'
[2023-11-20T09:21:57.977Z]     Cloning into 'gulrak-src'...
[2023-11-20T09:21:59.154Z]     HEAD is now at 4e21ab3 Version bump and updated readme.
[2023-11-20T09:22:00.852Z]     [2/9] Performing update step for 'gulrak-populate'
[2023-11-20T09:22:01.192Z]     [4/9] No patch step for 'gulrak-populate'
[2023-11-20T09:22:01.192Z]     [5/9] No configure step for 'gulrak-populate'
[2023-11-20T09:22:01.192Z]     [6/9] No build step for 'gulrak-populate'
[2023-11-20T09:22:01.531Z]     [7/9] No install step for 'gulrak-populate'
[2023-11-20T09:22:01.531Z]     [8/9] No test step for 'gulrak-populate'
[2023-11-20T09:22:01.871Z]     [9/9] Completed 'gulrak-populate'
[2023-11-20T09:22:02.210Z]     -- ========== Installing GoogleTest... ==========
[2023-11-20T09:22:02.549Z]     -- Configuring done
[2023-11-20T09:22:02.549Z]     -- Generating done
[2023-11-20T09:22:02.890Z]     -- Build files have been written to: W:/build/Debug/googletest-config
[2023-11-20T09:22:03.230Z]     [1/8] Creating directories for 'googletest'
[2023-11-20T09:22:08.062Z]     [2/8] Performing download step (git clone) for 'googletest'
[2023-11-20T09:22:08.062Z]     Cloning into 'googletest-src'...
[2023-11-20T09:22:08.062Z]     HEAD is now at 703bd9ca Googletest export
[2023-11-20T09:22:08.062Z]     [3/8] Performing update step for 'googletest'
[2023-11-20T09:22:08.062Z]     [4/8] No patch step for 'googletest'
[2023-11-20T09:22:11.078Z]     [5/8] Performing configure step for 'googletest'
[2023-11-20T09:22:11.078Z]     Not searching for unused variables given on the command line.
[2023-11-20T09:22:11.078Z]     CMake Deprecation Warning at CMakeLists.txt:4 (cmake_minimum_required):
[2023-11-20T09:22:11.078Z]       Compatibility with CMake < 2.8.12 will be removed from a future version of
[2023-11-20T09:22:11.078Z]       CMake.
[2023-11-20T09:22:11.078Z]     
[2023-11-20T09:22:11.078Z]       Update the VERSION argument <min> value or use a ...<max> suffix to tell
[2023-11-20T09:22:11.078Z]       CMake that the project does not need compatibility with older versions.
[2023-11-20T09:22:11.078Z]     
[2023-11-20T09:22:11.078Z]     
[2023-11-20T09:22:11.078Z]     -- The C compiler identification is MSVC 19.33.31629.0
[2023-11-20T09:22:11.078Z]     -- The CXX compiler identification is MSVC 19.33.31629.0
[2023-11-20T09:22:11.078Z]     -- Detecting C compiler ABI info
[2023-11-20T09:22:11.078Z]     -- Detecting C compiler ABI info - done
[2023-11-20T09:22:11.078Z]     -- Check for working C compiler: C:/Program Files/Microsoft Visual Studio/2022/Professional/VC/Tools/MSVC/14.33.31629/bin/Hostx64/x64/cl.exe - skipped
[2023-11-20T09:22:11.078Z]     -- Detecting C compile features
[2023-11-20T09:22:11.078Z]     -- Detecting C compile features - done
[2023-11-20T09:22:11.078Z]     -- Detecting CXX compiler ABI info
[2023-11-20T09:22:11.078Z]     -- Detecting CXX compiler ABI info - done
[2023-11-20T09:22:11.078Z]     -- Check for working CXX compiler: C:/Program Files/Microsoft Visual Studio/2022/Professional/VC/Tools/MSVC/14.33.31629/bin/Hostx64/x64/cl.exe - skipped
[2023-11-20T09:22:11.078Z]     -- Detecting CXX compile features
[2023-11-20T09:22:11.078Z]     -- Detecting CXX compile features - done
[2023-11-20T09:22:11.078Z]     CMake Deprecation Warning at googletest/CMakeLists.txt:56 (cmake_minimum_required):
[2023-11-20T09:22:11.078Z]       Compatibility with CMake < 2.8.12 will be removed from a future version of
[2023-11-20T09:22:11.078Z]       CMake.
[2023-11-20T09:22:11.078Z]     
[2023-11-20T09:22:11.078Z]       Update the VERSION argument <min> value or use a ...<max> suffix to tell
[2023-11-20T09:22:11.078Z]       CMake that the project does not need compatibility with older versions.
[2023-11-20T09:22:11.078Z]     
[2023-11-20T09:22:11.078Z]     
[2023-11-20T09:22:11.078Z]     -- Found PythonInterp: C:/Python27/python.exe (found version "2.7.18")
[2023-11-20T09:22:11.078Z]     -- Looking for pthread.h
[2023-11-20T09:22:11.078Z]     -- Looking for pthread.h - not found
[2023-11-20T09:22:11.078Z]     -- Found Threads: TRUE
[2023-11-20T09:22:11.078Z]     -- Configuring done
[2023-11-20T09:22:11.078Z]     -- Generating done
[2023-11-20T09:22:11.078Z]     -- Build files have been written to: W:/build/Debug/googletest-build
[2023-11-20T09:22:14.928Z]     [6/8] Performing build step for 'googletest'
[2023-11-20T09:22:14.928Z]     [1/4] Building CXX object googletest\CMakeFiles\gtest_main.dir\src\gtest_main.cc.obj
[2023-11-20T09:22:14.928Z]     [2/4] Building CXX object googletest\CMakeFiles\gtest.dir\src\gtest-all.cc.obj
[2023-11-20T09:22:14.928Z]     [3/4] Linking CXX shared library bin\gtestd.dll
[2023-11-20T09:22:14.928Z]     [4/4] Linking CXX shared library bin\gtest_maind.dll
[2023-11-20T09:22:14.928Z]     [7/8] Performing install step for 'googletest'
[2023-11-20T09:22:14.928Z]     [0/1] Install the project...
[2023-11-20T09:22:14.928Z]     -- Install configuration: "Debug"
[2023-11-20T09:22:14.928Z]     [8/8] Completed 'googletest'
[2023-11-20T09:22:14.928Z]     -- ========== ...  GoogleTest installed. ==========
[2023-11-20T09:22:16.106Z]     -- Found GTest: W:/build/Debug/googletest-install/lib/gtestd.lib
[2023-11-20T09:22:16.445Z]     -- promoting: S:/Jenkins/workspace/ECP/ecg-maya-hydra/ecg-maya-hydra-branch-preflight-python3-windows/ecg-maya-hydra/maya-hydra/lib/mayaHydra/mayaPlugin/pluginUtils.h
[2023-11-20T09:22:16.445Z]     -- promoting: S:/Jenkins/workspace/ECP/ecg-maya-hydra/ecg-maya-hydra-branch-preflight-python3-windows/ecg-maya-hydra/maya-hydra/lib/mayaHydra/hydraExtensions/api.h
[2023-11-20T09:22:16.445Z]     -- promoting: S:/Jenkins/workspace/ECP/ecg-maya-hydra/ecg-maya-hydra-branch-preflight-python3-windows/ecg-maya-hydra/maya-hydra/lib/mayaHydra/hydraExtensions/debugCodes.h
[2023-11-20T09:22:16.445Z]     -- promoting: S:/Jenkins/workspace/ECP/ecg-maya-hydra/ecg-maya-hydra-branch-preflight-python3-windows/ecg-maya-hydra/maya-hydra/lib/mayaHydra/hydraExtensions/hydraUtils.h
[2023-11-20T09:22:16.445Z]     -- promoting: S:/Jenkins/workspace/ECP/ecg-maya-hydra/ecg-maya-hydra-branch-preflight-python3-windows/ecg-maya-hydra/maya-hydra/lib/mayaHydra/hydraExtensions/mayaHydraLibInterface.h
[2023-11-20T09:22:16.445Z]     -- promoting: S:/Jenkins/workspace/ECP/ecg-maya-hydra/ecg-maya-hydra-branch-preflight-python3-windows/ecg-maya-hydra/maya-hydra/lib/mayaHydra/hydraExtensions/mayaHydraLibInterfaceImp.h
[2023-11-20T09:22:16.445Z]     -- promoting: S:/Jenkins/workspace/ECP/ecg-maya-hydra/ecg-maya-hydra-branch-preflight-python3-windows/ecg-maya-hydra/maya-hydra/lib/mayaHydra/hydraExtensions/mayaUtils.h
[2023-11-20T09:22:16.445Z]     -- promoting: S:/Jenkins/workspace/ECP/ecg-maya-hydra/ecg-maya-hydra-branch-preflight-python3-windows/ecg-maya-hydra/maya-hydra/lib/mayaHydra/hydraExtensions/mixedUtils.h
[2023-11-20T09:22:16.445Z]     -- promoting: S:/Jenkins/workspace/ECP/ecg-maya-hydra/ecg-maya-hydra-branch-preflight-python3-windows/ecg-maya-hydra/maya-hydra/lib/mayaHydra/hydraExtensions/mayaHydraSceneProducer.h
[2023-11-20T09:22:16.445Z]     -- promoting: S:/Jenkins/workspace/ECP/ecg-maya-hydra/ecg-maya-hydra-branch-preflight-python3-windows/ecg-maya-hydra/maya-hydra/lib/mayaHydra/hydraExtensions/adapters/adapter.h
[2023-11-20T09:22:16.445Z]     -- promoting: S:/Jenkins/workspace/ECP/ecg-maya-hydra/ecg-maya-hydra-branch-preflight-python3-windows/ecg-maya-hydra/maya-hydra/lib/mayaHydra/hydraExtensions/adapters/adapterDebugCodes.h
[2023-11-20T09:22:16.445Z]     -- promoting: S:/Jenkins/workspace/ECP/ecg-maya-hydra/ecg-maya-hydra-branch-preflight-python3-windows/ecg-maya-hydra/maya-hydra/lib/mayaHydra/hydraExtensions/adapters/adapterRegistry.h
[2023-11-20T09:22:16.445Z]     -- promoting: S:/Jenkins/workspace/ECP/ecg-maya-hydra/ecg-maya-hydra-branch-preflight-python3-windows/ecg-maya-hydra/maya-hydra/lib/mayaHydra/hydraExtensions/adapters/cameraAdapter.h
[2023-11-20T09:22:16.445Z]     -- promoting: S:/Jenkins/workspace/ECP/ecg-maya-hydra/ecg-maya-hydra-branch-preflight-python3-windows/ecg-maya-hydra/maya-hydra/lib/mayaHydra/hydraExtensions/adapters/constantShadowMatrix.h
[2023-11-20T09:22:16.445Z]     -- promoting: S:/Jenkins/workspace/ECP/ecg-maya-hydra/ecg-maya-hydra-branch-preflight-python3-windows/ecg-maya-hydra/maya-hydra/lib/mayaHydra/hydraExtensions/adapters/dagAdapter.h
[2023-11-20T09:22:16.445Z]     -- promoting: S:/Jenkins/workspace/ECP/ecg-maya-hydra/ecg-maya-hydra-branch-preflight-python3-windows/ecg-maya-hydra/maya-hydra/lib/mayaHydra/hydraExtensions/adapters/renderItemAdapter.h
[2023-11-20T09:22:16.445Z]     -- promoting: S:/Jenkins/workspace/ECP/ecg-maya-hydra/ecg-maya-hydra-branch-preflight-python3-windows/ecg-maya-hydra/maya-hydra/lib/mayaHydra/hydraExtensions/adapters/lightAdapter.h
[2023-11-20T09:22:16.445Z]     -- promoting: S:/Jenkins/workspace/ECP/ecg-maya-hydra/ecg-maya-hydra-branch-preflight-python3-windows/ecg-maya-hydra/maya-hydra/lib/mayaHydra/hydraExtensions/adapters/materialAdapter.h
[2023-11-20T09:22:16.445Z]     -- promoting: S:/Jenkins/workspace/ECP/ecg-maya-hydra/ecg-maya-hydra-branch-preflight-python3-windows/ecg-maya-hydra/maya-hydra/lib/mayaHydra/hydraExtensions/adapters/materialNetworkConverter.h
[2023-11-20T09:22:16.445Z]     -- promoting: S:/Jenkins/workspace/ECP/ecg-maya-hydra/ecg-maya-hydra-branch-preflight-python3-windows/ecg-maya-hydra/maya-hydra/lib/mayaHydra/hydraExtensions/adapters/mayaAttrs.h
[2023-11-20T09:22:16.445Z]     -- promoting: S:/Jenkins/workspace/ECP/ecg-maya-hydra/ecg-maya-hydra-branch-preflight-python3-windows/ecg-maya-hydra/maya-hydra/lib/mayaHydra/hydraExtensions/adapters/shapeAdapter.h
[2023-11-20T09:22:16.445Z]     -- promoting: S:/Jenkins/workspace/ECP/ecg-maya-hydra/ecg-maya-hydra-branch-preflight-python3-windows/ecg-maya-hydra/maya-hydra/lib/mayaHydra/hydraExtensions/adapters/tokens.h
[2023-11-20T09:22:16.445Z]     -- promoting: S:/Jenkins/workspace/ECP/ecg-maya-hydra/ecg-maya-hydra-branch-preflight-python3-windows/ecg-maya-hydra/maya-hydra/lib/mayaHydra/hydraExtensions/delegates/delegate.h
[2023-11-20T09:22:16.445Z]     -- promoting: S:/Jenkins/workspace/ECP/ecg-maya-hydra/ecg-maya-hydra-branch-preflight-python3-windows/ecg-maya-hydra/maya-hydra/lib/mayaHydra/hydraExtensions/delegates/delegateCtx.h
[2023-11-20T09:22:16.445Z]     -- promoting: S:/Jenkins/workspace/ECP/ecg-maya-hydra/ecg-maya-hydra-branch-preflight-python3-windows/ecg-maya-hydra/maya-hydra/lib/mayaHydra/hydraExtensions/delegates/delegateDebugCodes.h
[2023-11-20T09:22:16.445Z]     -- promoting: S:/Jenkins/workspace/ECP/ecg-maya-hydra/ecg-maya-hydra-branch-preflight-python3-windows/ecg-maya-hydra/maya-hydra/lib/mayaHydra/hydraExtensions/delegates/delegateRegistry.h
[2023-11-20T09:22:16.446Z]     -- promoting: S:/Jenkins/workspace/ECP/ecg-maya-hydra/ecg-maya-hydra-branch-preflight-python3-windows/ecg-maya-hydra/maya-hydra/lib/mayaHydra/hydraExtensions/delegates/params.h
[2023-11-20T09:22:16.446Z]     -- promoting: S:/Jenkins/workspace/ECP/ecg-maya-hydra/ecg-maya-hydra-branch-preflight-python3-windows/ecg-maya-hydra/maya-hydra/lib/mayaHydra/hydraExtensions/delegates/sceneDelegate.h
[2023-11-20T09:22:16.446Z]     -- promoting: S:/Jenkins/workspace/ECP/ecg-maya-hydra/ecg-maya-hydra-branch-preflight-python3-windows/ecg-maya-hydra/maya-hydra/lib/mayaHydra/hydraExtensions/delegates/defaultLightDelegate.h
[2023-11-20T09:22:16.446Z]     -- promoting: S:/Jenkins/workspace/ECP/ecg-maya-hydra/ecg-maya-hydra-branch-preflight-python3-windows/ecg-maya-hydra/maya-hydra/lib/mayaHydra/hydraExtensions/delegates/testDelegate.h
[2023-11-20T09:22:16.446Z]     -- promoting: S:/Jenkins/workspace/ECP/ecg-maya-hydra/ecg-maya-hydra-branch-preflight-python3-windows/ecg-maya-hydra/maya-hydra/lib/mayaHydra/hydraExtensions/sceneIndex/registration.h
[2023-11-20T09:22:16.446Z]     -- promoting: S:/Jenkins/workspace/ECP/ecg-maya-hydra/ecg-maya-hydra-branch-preflight-python3-windows/ecg-maya-hydra/maya-hydra/lib/mayaHydra/hydraExtensions/sceneIndex/mayaHydraSceneIndex.h
[2023-11-20T09:22:16.446Z]     -- promoting: S:/Jenkins/workspace/ECP/ecg-maya-hydra/ecg-maya-hydra-branch-preflight-python3-windows/ecg-maya-hydra/maya-hydra/lib/mayaHydra/hydraExtensions/sceneIndex/mayaHydraDataSource.h
[2023-11-20T09:22:16.446Z]     -- promoting: S:/Jenkins/workspace/ECP/ecg-maya-hydra/ecg-maya-hydra-branch-preflight-python3-windows/ecg-maya-hydra/maya-hydra/lib/mayaHydra/hydraExtensions/sceneIndex/mayaHydraPrimvarDataSource.h
[2023-11-20T09:22:16.446Z]     -- promoting: S:/Jenkins/workspace/ECP/ecg-maya-hydra/ecg-maya-hydra-branch-preflight-python3-windows/ecg-maya-hydra/maya-hydra/lib/mayaHydra/hydraExtensions/sceneIndex/mayaHydraDisplayStyleDataSource.h
[2023-11-20T09:22:16.446Z]     -- promoting: S:/Jenkins/workspace/ECP/ecg-maya-hydra/ecg-maya-hydra-branch-preflight-python3-windows/ecg-maya-hydra/maya-hydra/lib/mayaHydra/hydraExtensions/sceneIndex/mayaHydraCameraDataSource.h
[2023-11-20T09:22:16.446Z]     -- promoting: S:/Jenkins/workspace/ECP/ecg-maya-hydra/ecg-maya-hydra-branch-preflight-python3-windows/ecg-maya-hydra/maya-hydra/lib/mayaHydra/hydraExtensions/sceneIndex/mayaHydraLightDataSource.h
[2023-11-20T09:22:16.446Z]     -- promoting: S:/Jenkins/workspace/ECP/ecg-maya-hydra/ecg-maya-hydra-branch-preflight-python3-windows/ecg-maya-hydra/maya-hydra/lib/mayaHydra/hydraExtensions/sceneIndex/mayaHydraDefaultLightDataSource.h
[2023-11-20T09:22:16.446Z]     -- promoting: S:/Jenkins/workspace/ECP/ecg-maya-hydra/ecg-maya-hydra-branch-preflight-python3-windows/ecg-maya-hydra/maya-hydra/lib/mayaHydra/ufeExtensions/api.h
[2023-11-20T09:22:16.446Z]     -- promoting: S:/Jenkins/workspace/ECP/ecg-maya-hydra/ecg-maya-hydra-branch-preflight-python3-windows/ecg-maya-hydra/maya-hydra/lib/mayaHydra/ufeExtensions/Global.h
[2023-11-20T09:22:16.446Z]     -- promoting: S:/Jenkins/workspace/ECP/ecg-maya-hydra/ecg-maya-hydra-branch-preflight-python3-windows/ecg-maya-hydra/maya-hydra/lib/flowViewport/api.h
[2023-11-20T09:22:16.446Z]     -- promoting: S:/Jenkins/workspace/ECP/ecg-maya-hydra/ecg-maya-hydra-branch-preflight-python3-windows/ecg-maya-hydra/maya-hydra/lib/flowViewport/debugCodes.h
[2023-11-20T09:22:16.446Z]     -- promoting: S:/Jenkins/workspace/ECP/ecg-maya-hydra/ecg-maya-hydra-branch-preflight-python3-windows/ecg-maya-hydra/maya-hydra/lib/flowViewport/global.h
[2023-11-20T09:22:16.446Z]     -- promoting: S:/Jenkins/workspace/ECP/ecg-maya-hydra/ecg-maya-hydra-branch-preflight-python3-windows/ecg-maya-hydra/maya-hydra/lib/flowViewport/tokens.h
[2023-11-20T09:22:16.446Z]     -- promoting: S:/Jenkins/workspace/ECP/ecg-maya-hydra/ecg-maya-hydra-branch-preflight-python3-windows/ecg-maya-hydra/maya-hydra/lib/flowViewport/colorPreferences/fvpColorChanged.h
[2023-11-20T09:22:16.446Z]     -- promoting: S:/Jenkins/workspace/ECP/ecg-maya-hydra/ecg-maya-hydra-branch-preflight-python3-windows/ecg-maya-hydra/maya-hydra/lib/flowViewport/colorPreferences/fvpColorPreferences.h
[2023-11-20T09:22:16.446Z]     -- promoting: S:/Jenkins/workspace/ECP/ecg-maya-hydra/ecg-maya-hydra-branch-preflight-python3-windows/ecg-maya-hydra/maya-hydra/lib/flowViewport/colorPreferences/fvpColorPreferencesTokens.h
[2023-11-20T09:22:16.446Z]     -- promoting: S:/Jenkins/workspace/ECP/ecg-maya-hydra/ecg-maya-hydra-branch-preflight-python3-windows/ecg-maya-hydra/maya-hydra/lib/flowViewport/colorPreferences/fvpColorPreferencesTranslator.h
[2023-11-20T09:22:16.446Z]     -- promoting: S:/Jenkins/workspace/ECP/ecg-maya-hydra/ecg-maya-hydra-branch-preflight-python3-windows/ecg-maya-hydra/maya-hydra/lib/flowViewport/sceneIndex/fvpMergingSceneIndex.h
[2023-11-20T09:22:16.446Z]     -- promoting: S:/Jenkins/workspace/ECP/ecg-maya-hydra/ecg-maya-hydra-branch-preflight-python3-windows/ecg-maya-hydra/maya-hydra/lib/flowViewport/sceneIndex/fvpPathInterface.h
[2023-11-20T09:22:16.446Z]     -- promoting: S:/Jenkins/workspace/ECP/ecg-maya-hydra/ecg-maya-hydra-branch-preflight-python3-windows/ecg-maya-hydra/maya-hydra/lib/flowViewport/sceneIndex/fvpPathInterfaceSceneIndex.h
[2023-11-20T09:22:16.446Z]     -- promoting: S:/Jenkins/workspace/ECP/ecg-maya-hydra/ecg-maya-hydra-branch-preflight-python3-windows/ecg-maya-hydra/maya-hydra/lib/flowViewport/sceneIndex/fvpRenderIndexProxy.h
[2023-11-20T09:22:16.446Z]     -- promoting: S:/Jenkins/workspace/ECP/ecg-maya-hydra/ecg-maya-hydra-branch-preflight-python3-windows/ecg-maya-hydra/maya-hydra/lib/flowViewport/sceneIndex/fvpRenderIndexProxyFwd.h
[2023-11-20T09:22:16.446Z]     -- promoting: S:/Jenkins/workspace/ECP/ecg-maya-hydra/ecg-maya-hydra-branch-preflight-python3-windows/ecg-maya-hydra/maya-hydra/lib/flowViewport/sceneIndex/fvpSelectionSceneIndex.h
[2023-11-20T09:22:16.446Z]     -- promoting: S:/Jenkins/workspace/ECP/ecg-maya-hydra/ecg-maya-hydra-branch-preflight-python3-windows/ecg-maya-hydra/maya-hydra/lib/flowViewport/sceneIndex/fvpWireframeSelectionHighlightSceneIndex.h
[2023-11-20T09:22:16.446Z]     -- promoting: S:/Jenkins/workspace/ECP/ecg-maya-hydra/ecg-maya-hydra-branch-preflight-python3-windows/ecg-maya-hydra/maya-hydra/lib/flowViewport/API/fvpSelectionClient.h
[2023-11-20T09:22:16.446Z]     -- promoting: S:/Jenkins/workspace/ECP/ecg-maya-hydra/ecg-maya-hydra-branch-preflight-python3-windows/ecg-maya-hydra/maya-hydra/lib/flowViewport/API/fvpFlowSelectionInterface.h
[2023-11-20T09:22:16.446Z]     -- promoting: S:/Jenkins/workspace/ECP/ecg-maya-hydra/ecg-maya-hydra-branch-preflight-python3-windows/ecg-maya-hydra/maya-hydra/lib/flowViewport/API/fvpVersionInterface.h
[2023-11-20T09:22:16.446Z]     -- promoting: S:/Jenkins/workspace/ECP/ecg-maya-hydra/ecg-maya-hydra-branch-preflight-python3-windows/ecg-maya-hydra/maya-hydra/lib/flowViewport/API/fvpInformationInterface.h
[2023-11-20T09:22:16.446Z]     -- promoting: S:/Jenkins/workspace/ECP/ecg-maya-hydra/ecg-maya-hydra-branch-preflight-python3-windows/ecg-maya-hydra/maya-hydra/lib/flowViewport/API/fvpInformationClient.h
[2023-11-20T09:22:16.446Z]     -- promoting: S:/Jenkins/workspace/ECP/ecg-maya-hydra/ecg-maya-hydra-branch-preflight-python3-windows/ecg-maya-hydra/maya-hydra/lib/flowViewport/API/interfacesImp/fvpSelectionInterfaceImp.h
[2023-11-20T09:22:16.446Z]     -- promoting: S:/Jenkins/workspace/ECP/ecg-maya-hydra/ecg-maya-hydra-branch-preflight-python3-windows/ecg-maya-hydra/maya-hydra/lib/flowViewport/API/interfacesImp/fvpVersionInterfaceImp.h
[2023-11-20T09:22:16.446Z]     -- promoting: S:/Jenkins/workspace/ECP/ecg-maya-hydra/ecg-maya-hydra-branch-preflight-python3-windows/ecg-maya-hydra/maya-hydra/lib/flowViewport/API/interfacesImp/fvpInformationInterfaceImp.h
[2023-11-20T09:22:16.446Z]     -- promoting: S:/Jenkins/workspace/ECP/ecg-maya-hydra/ecg-maya-hydra-branch-preflight-python3-windows/ecg-maya-hydra/maya-hydra/lib/flowViewport/API/samples/fvpSelectionClientExample.h
[2023-11-20T09:22:16.446Z]     -- promoting: S:/Jenkins/workspace/ECP/ecg-maya-hydra/ecg-maya-hydra-branch-preflight-python3-windows/ecg-maya-hydra/maya-hydra/lib/flowViewport/API/samples/fvpInformationClientExample.h
[2023-11-20T09:22:16.446Z]     -- promoting: S:/Jenkins/workspace/ECP/ecg-maya-hydra/ecg-maya-hydra-branch-preflight-python3-windows/ecg-maya-hydra/maya-hydra/lib/flowViewport/API/perViewportSceneIndicesData/fvpViewportInformationAndSceneIndicesPerViewportData.h
[2023-11-20T09:22:16.446Z]     -- promoting: S:/Jenkins/workspace/ECP/ecg-maya-hydra/ecg-maya-hydra-branch-preflight-python3-windows/ecg-maya-hydra/maya-hydra/lib/flowViewport/API/perViewportSceneIndicesData/fvpViewportInformationAndSceneIndicesPerViewportDataManager.h
[2023-11-20T09:22:16.446Z]     -- promoting: S:/Jenkins/workspace/ECP/ecg-maya-hydra/ecg-maya-hydra-branch-preflight-python3-windows/ecg-maya-hydra/maya-hydra/lib/flowViewport/selection/fvpSelection.h
[2023-11-20T09:22:16.446Z]     -- promoting: S:/Jenkins/workspace/ECP/ecg-maya-hydra/ecg-maya-hydra-branch-preflight-python3-windows/ecg-maya-hydra/maya-hydra/lib/flowViewport/selection/fvpSelectionFwd.h
[2023-11-20T09:22:16.446Z]     -- promoting: S:/Jenkins/workspace/ECP/ecg-maya-hydra/ecg-maya-hydra-branch-preflight-python3-windows/ecg-maya-hydra/maya-hydra/lib/flowViewport/selection/fvpSelectionTask.h
[2023-11-20T09:22:16.446Z]     -- promoting: S:/Jenkins/workspace/ECP/ecg-maya-hydra/ecg-maya-hydra-branch-preflight-python3-windows/ecg-maya-hydra/maya-hydra/lib/flowViewport/selection/fvpSelectionTracker.h
[2023-11-20T09:22:19.464Z]     -- Configuring done
[2023-11-20T09:22:19.803Z]     -- Generating done
[2023-11-20T09:22:19.803Z]     -- Build files have been written to: W:/build/Debug
[2023-11-20T09:22:19.803Z]     
[2023-11-20T09:22:19.803Z]         Building with settings:
[2023-11-20T09:22:19.803Z]           Source directory          S:\Jenkins\workspace\ECP\ecg-maya-hydra\ecg-maya-hydra-branch-preflight-python3-windows\ecg-maya-hydra\maya-hydra
[2023-11-20T09:22:19.803Z]           Workspace directory       W:\
[2023-11-20T09:22:19.803Z]           Build directory           W:\build\Debug
[2023-11-20T09:22:19.803Z]           Install directory         W:\install\Debug\MayaHydra
[2023-11-20T09:22:19.803Z]           Variant                   Debug
[2023-11-20T09:22:19.803Z]           Python Debug              On
[2023-11-20T09:22:19.803Z]           CMake generator           Ninja
[2023-11-20T09:22:19.803Z]           Build arguments           ['-DCMAKE_MAKE_PROGRAM=P:/shared/Artifactory/Windows/ninja/1.10.2/ccacdf8/ninja.exe', '-DPYTHON_INCLUDE_DIR=P:/shared/Artifactory/Windows/rundev-master-debug/202311130621/runtime/229465b/runTime/include/Python311/Python', '-DPython_EXECUTABLE=P:/shared/Artifactory/Windows/rundev-master-debug/202311130621/runtime/229465b/runTime/bin/mayapy.exe', '-DPYTHON_LIBRARIES=P:/shared/Artifactory/Windows/rundev-master-debug/202311130621/runtime/229465b/runTime/lib/python311_d.lib', '-DBUILD_WITH_PYTHON_3_VERSION=3.11', '-DCMAKE_WANT_MATERIALX_BUILD=ON', '-DCMAKE_PREFIX_PATH=P:\\shared\\Artifactory\\Windows\\USD\\01f407c', '-DMAYAHYDRA_BUILD_NUMBER=409', '-DMAYAHYDRA_GIT_COMMIT=718e8e6b3be7d1b2da5c723cb67dbc73b14509ea', '-DMAYAHYDRA_GIT_BRANCH=master']
[2023-11-20T09:22:19.803Z]           Stages arguments          ['configure']
[2023-11-20T09:22:19.803Z]           CTest arguments           ['--parallel 16']
[2023-11-20T09:22:19.803Z]     STATUS: Found Maya Qt headers in: P:\shared\Artifactory\Windows\rundev-master-debug\202311130621\runtime\229465b\devkitBase
[2023-11-20T09:22:19.803Z]     Success MayaHydra build and install !!!!
[2023-11-20T09:22:19.803Z]     Elapsed time: 00:00:33
[Pipeline] bat
[2023-11-20T09:22:20.750Z] Deleting alias drive W:
[Pipeline] bat
[2023-11-20T09:22:21.361Z] Deleting alias drive P:
[Pipeline] bat
[2023-11-20T09:22:22.000Z] Creating alias drive P: to S:\jenkins\workspace
[Pipeline] bat
[2023-11-20T09:22:22.611Z] Creating alias drive W: to S:\Jenkins\workspace\ECP\ecg-maya-hydra\ecg-maya-hydra-branch-preflight-python3-windows
[Pipeline] bat
[2023-11-20T09:22:23.344Z] "C:\Program Files\Microsoft Visual Studio\2022\Professional\VC\Auxiliary\Build\vcvarsall.bat" x64
[2023-11-20T09:22:23.344Z] **********************************************************************
[2023-11-20T09:22:23.344Z] ** Visual Studio 2022 Developer Command Prompt v17.3.2
[2023-11-20T09:22:23.344Z] ** Copyright (c) 2022 Microsoft Corporation
[2023-11-20T09:22:23.344Z] **********************************************************************
[2023-11-20T09:22:25.044Z] [vcvarsall.bat] Environment initialized for: 'x64'
[2023-11-20T09:22:25.044Z] python ecg-maya-hydra/build.py --stages=configure --workspace-dir=W:\ --artifactory-dir=P:\shared\Artifactory --build-dir=W:\build --install-dir=W:\install --signing-dir=W:\signing --package-dir=W:\package --output-dir=W:\output --stash-dir=W:\stash --jenkins-build=409 --git-commit=718e8e6b3be7d1b2da5c723cb67dbc73b14509ea --git-branch=master --variants=RelWithDebInfo --interactive-tests=true --post-zips=false --osx-binary-architecture-target=ub2 --osx-deployment-target=11.0 --osx-base-sdk=CurrentActiveSDK --maya-cut-config=maya-rundev-master.yaml --maya-package=rundev-master --stage-banner
[2023-11-20T09:22:25.774Z] Using Maya cut from P:\shared\Artifactory\Windows\rundev-master\202311130812\runtime\4053eca
[2023-11-20T09:22:25.774Z] Using Maya ADSK Signatures from P:\shared\Artifactory\Windows\adsk-plugin-signatures-maya\2023\3ae1ae7
[2023-11-20T09:22:25.774Z] Using Maya Security Library from P:\shared\Artifactory\Windows\maya-security-library\3.4.0\284407f
[2023-11-20T09:22:25.774Z] 
[2023-11-20T09:22:25.774Z] ================================================================================
[2023-11-20T09:22:25.774Z]                            configure (RelWithDebInfo)
[2023-11-20T09:22:25.774Z] ================================================================================
[2023-11-20T09:22:25.774Z] Maya Python RelWithDebInfo Info:
[2023-11-20T09:22:25.774Z]   mayapy executable   = P:\shared\Artifactory\Windows\rundev-master\202311130812\runtime\4053eca\runTime\bin\mayapy.exe
[2023-11-20T09:22:25.774Z]   Include Folder      = P:\shared\Artifactory\Windows\rundev-master\202311130812\runtime\4053eca\runTime\include\Python311\Python
[2023-11-20T09:22:25.774Z]   Library             = P:\shared\Artifactory\Windows\rundev-master\202311130812\runtime\4053eca\runTime\lib\python311.lib
[2023-11-20T09:22:25.774Z]   site-package Folder = P:\shared\Artifactory\Windows\rundev-master\202311130812\runtime\4053eca\runTime\Python\Lib\site-packages
[2023-11-20T09:22:26.953Z] In workdir: S:\Jenkins\workspace\ECP\ecg-maya-hydra\ecg-maya-hydra-branch-preflight-python3-windows\ecg-maya-hydra\maya-hydra
[2023-11-20T09:22:26.953Z] Executing: 'P:\\shared\\Artifactory\\Windows\\rundev-master\\202311130812\\runtime\\4053eca\\runTime\\bin\\mayapy.exe' 'S:\\Jenkins\\workspace\\ECP\\ecg-maya-hydra\\ecg-maya-hydra-branch-preflight-python3-windows\\ecg-maya-hydra\\maya-hydra\\build.py' --generator Ninja --build-relwithdebug --maya-location 'P:\\shared\\Artifactory\\Windows\\rundev-master\\202311130812\\runtime\\4053eca\\runTime' --devkit-location 'P:\\shared\\Artifactory\\Windows\\rundev-master\\202311130812\\runtime\\4053eca\\devkitBase' --pxrusd-location 'P:\\shared\\Artifactory\\Windows\\USD\\6a9558d' '--build-args=-DCMAKE_MAKE_PROGRAM=P:/shared/Artifactory/Windows/ninja/1.10.2/ccacdf8/ninja.exe,-DPYTHON_INCLUDE_DIR=P:/shared/Artifactory/Windows/rundev-master/202311130812/runtime/4053eca/runTime/include/Python311/Python,-DPython_EXECUTABLE=P:/shared/Artifactory/Windows/rundev-master/202311130812/runtime/4053eca/runTime/bin/mayapy.exe,-DPYTHON_LIBRARIES=P:/shared/Artifactory/Windows/rundev-master/202311130812/runtime/4053eca/runTime/lib/python311.lib,-DBUILD_WITH_PYTHON_3_VERSION=3.11,-DCMAKE_WANT_MATERIALX_BUILD=ON,-DCMAKE_PREFIX_PATH=P:\\shared\\Artifactory\\Windows\\USD\\6a9558d,-DMAYAHYDRA_BUILD_NUMBER=409,-DMAYAHYDRA_GIT_COMMIT=718e8e6b3be7d1b2da5c723cb67dbc73b14509ea,-DMAYAHYDRA_GIT_BRANCH=master' '--ctest-args=--parallel 16' --stages=configure --redirect-outstream-file=False --install-location 'W:\\install\\RelWithDebInfo\\MayaHydra' 'W:\\'
[2023-11-20T09:22:26.953Z] Modified environment variables:
[2023-11-20T09:22:26.953Z]     PATH=P:\shared\Artifactory\Windows\cmake\3.20.3\afe857a\bin;C:\Python27\lib\site-packages\pywin32_system32;C:\Program Files\Microsoft Visual Studio\2022\Professional\VC\Tools\MSVC\14.33.31629\bin\HostX64\x64;C:\Program Files\Microsoft Visual Studio\2022\Professional\Common7\IDE\VC\VCPackages;C:\Program Files\Microsoft Visual Studio\2022\Professional\Common7\IDE\CommonExtensions\Microsoft\TestWindow;C:\Program Files\Microsoft Visual Studio\2022\Professional\Common7\IDE\CommonExtensions\Microsoft\TeamFoundation\Team Explorer;C:\Program Files\Microsoft Visual Studio\2022\Professional\MSBuild\Current\bin\Roslyn;C:\Program Files\Microsoft Visual Studio\2022\Professional\Team Tools\Performance Tools\x64;C:\Program Files\Microsoft Visual Studio\2022\Professional\Team Tools\Performance Tools;C:\Program Files (x86)\Microsoft Visual Studio\Shared\Common\VSPerfCollectionTools\vs2019\\x64;C:\Program Files (x86)\Microsoft Visual Studio\Shared\Common\VSPerfCollectionTools\vs2019\;C:\Program Files (x86)\Microsoft SDKs\Windows\v10.0A\bin\NETFX 4.8 Tools\x64\;C:\Program Files (x86)\HTML Help Workshop;C:\Program Files\Microsoft Visual Studio\2022\Professional\Common7\IDE\CommonExtensions\Microsoft\FSharp\Tools;C:\Program Files (x86)\Windows Kits\10\bin\10.0.19041.0\\x64;C:\Program Files (x86)\Windows Kits\10\bin\\x64;C:\Program Files\Microsoft Visual Studio\2022\Professional\\MSBuild\Current\Bin\amd64;C:\WINDOWS\Microsoft.NET\Framework64\v4.0.30319;C:\Program Files\Microsoft Visual Studio\2022\Professional\Common7\IDE\;C:\Program Files\Microsoft Visual Studio\2022\Professional\Common7\Tools\;C:\Python27\;C:\Python27\Scripts;C:\WINDOWS\system32;C:\WINDOWS;C:\WINDOWS\System32\Wbem;C:\WINDOWS\System32\WindowsPowerShell\v1.0\;C:\WINDOWS\System32\OpenSSH\;C:\ProgramData\chocolatey\bin;C:\Program Files (x86)\WiX Toolset v3.7\bin;C:\Program Files\dotnet\;C:\Program Files\Zulu\zulu-11\bin\;C:\Program Files (x86)\Windows Kits\10\bin\10.0.19041.0\x64;C:\Program Files (x86)\Windows Kits\10\bin\10.0.18362.0\x64;C:\Program Files (x86)\Windows Kits\10\bin\10.0.17763.0\x64;C:\Program Files (x86)\Windows Kits\10\bin\x64;C:\Strawberry\c\bin;C:\Strawberry\perl\site\bin;C:\Strawberry\perl\bin;C:\Program Files\Git\cmd;C:\Program Files\Git\usr\bin;C:\Program Files\Git\mingw64\bin;C:\Program Files\Git\bin;C:\Python38\;C:\Python38\Scripts;C:\StoreBoxClientWindows;C:\Program Files\Electric Cloud\ElectricCommander\bin;C:\Program Files\WinRAR;C:\Program Files\7-Zip;C:\Users\Administrator\AppData\Local\Microsoft\WindowsApps;C:\Users\Administrator\.dotnet\tools;C:\Program Files\Microsoft Visual Studio\2022\Professional\Common7\IDE\CommonExtensions\Microsoft\CMake\CMake\bin;C:\Program Files\Microsoft Visual Studio\2022\Professional\Common7\IDE\CommonExtensions\Microsoft\CMake\Ninja;C:\Program Files\Microsoft Visual Studio\2022\Professional\Common7\IDE\VC\Linux\bin\ConnectionManagerExe
[2023-11-20T09:22:28.131Z]     -- The C compiler identification is MSVC 19.33.31629.0
[2023-11-20T09:22:28.470Z]     -- The CXX compiler identification is MSVC 19.33.31629.0
[2023-11-20T09:22:28.470Z]     -- Detecting C compiler ABI info
[2023-11-20T09:22:29.199Z]     -- Detecting C compiler ABI info - done
[2023-11-20T09:22:29.199Z]     -- Check for working C compiler: C:/Program Files/Microsoft Visual Studio/2022/Professional/VC/Tools/MSVC/14.33.31629/bin/Hostx64/x64/cl.exe - skipped
[2023-11-20T09:22:29.199Z]     -- Detecting C compile features
[2023-11-20T09:22:29.199Z]     -- Detecting C compile features - done
[2023-11-20T09:22:29.199Z]     -- Detecting CXX compiler ABI info
[2023-11-20T09:22:29.928Z]     -- Detecting CXX compiler ABI info - done
[2023-11-20T09:22:29.928Z]     -- Check for working CXX compiler: C:/Program Files/Microsoft Visual Studio/2022/Professional/VC/Tools/MSVC/14.33.31629/bin/Hostx64/x64/cl.exe - skipped
[2023-11-20T09:22:29.928Z]     -- Detecting CXX compile features
[2023-11-20T09:22:29.928Z]     -- Detecting CXX compile features - done
[2023-11-20T09:22:30.657Z]     -- Using Maya Light API Version 3
[2023-11-20T09:22:30.657Z]     -- Maya has setDefaultMaterialHandling API
[2023-11-20T09:22:30.657Z]     -- Maya has new point snapping API
[2023-11-20T09:22:30.657Z]     -- Maya has isInCrashHandler API
[2023-11-20T09:22:30.657Z]     -- Maya has getDisplayStyleOfAllViewports API
[2023-11-20T09:22:30.657Z]     -- Maya array iterator has difference_type trait
[2023-11-20T09:22:30.657Z]     -- MFnSet has getMemberPaths function
[2023-11-20T09:22:30.657Z]     -- MFnDisplayLayer exists
[2023-11-20T09:22:30.657Z]     -- MDisplayLayerMessage has MDisplayLayerMemberChangedFunction
[2023-11-20T09:22:30.657Z]     -- MRenderItem has HideOnPlayback API
[2023-11-20T09:22:30.657Z]     -- Found Maya: P:/shared/Artifactory/Windows/rundev-master/202311130812/runtime/4053eca/runTime/bin/maya.exe (found suitable version "2025", minimum required is "2024")
[2023-11-20T09:22:31.834Z]     -- Found Python: P:/shared/Artifactory/Windows/rundev-master/202311130812/runtime/4053eca/runTime/bin/mayapy.exe (found suitable exact version "3.11.4") found components: Interpreter
[2023-11-20T09:22:31.834Z]     -- Build mayaHydra with Python3 = 3.11
[2023-11-20T09:22:31.834Z]     --    PYTHON_INCLUDE_DIRS = P:/shared/Artifactory/Windows/rundev-master/202311130812/runtime/4053eca/runTime/include/Python311/Python
[2023-11-20T09:22:31.834Z]     --    PYTHON_LIBRARIES    = P:/shared/Artifactory/Windows/rundev-master/202311130812/runtime/4053eca/runTime/lib/python311.lib
[2023-11-20T09:22:31.834Z]     --    Python_EXECUTABLE   = P:/shared/Artifactory/Windows/rundev-master/202311130812/runtime/4053eca/runTime/bin/mayapy.exe
[2023-11-20T09:22:32.174Z]     -- Found Python3: P:\shared\Artifactory\Windows\rundev-master\202311130812\runtime\4053eca\runTime/lib/python311.lib (found suitable exact version "3.11.4") found components: Development Development.Module Development.Embed
[2023-11-20T09:22:32.174Z]     -- USD has new Sdr.PropertyTypes.Color4
[2023-11-20T09:22:32.174Z]     -- USD has MaterialX metadata support
[2023-11-20T09:22:32.174Z]     -- USD include dir: P:/shared/Artifactory/Windows/USD/6a9558d/include
[2023-11-20T09:22:32.174Z]     -- USD library dir: P:/shared/Artifactory/Windows/USD/6a9558d/lib
[2023-11-20T09:22:32.174Z]     -- USD version: 0.23.11
[2023-11-20T09:22:32.174Z]     -- USD Boost::boost version: 108100
[2023-11-20T09:22:32.174Z]     -- Found USD: P:/shared/Artifactory/Windows/USD/6a9558d (found suitable version "0.23.11", minimum required is "0.22.11")
[2023-11-20T09:22:32.174Z]     Updated PYTHONPATH: P:\shared\Artifactory\Windows\USD\6a9558d\lib\python
[2023-11-20T09:22:32.174Z]     Updated PATH: P:\shared\Artifactory\Windows\cmake\3.20.3\afe857a\bin;C:\Python27\lib\site-packages\pywin32_system32;C:\Program Files\Microsoft Visual Studio\2022\Professional\VC\Tools\MSVC\14.33.31629\bin\HostX64\x64;C:\Program Files\Microsoft Visual Studio\2022\Professional\Common7\IDE\VC\VCPackages;C:\Program Files\Microsoft Visual Studio\2022\Professional\Common7\IDE\CommonExtensions\Microsoft\TestWindow;C:\Program Files\Microsoft Visual Studio\2022\Professional\Common7\IDE\CommonExtensions\Microsoft\TeamFoundation\Team Explorer;C:\Program Files\Microsoft Visual Studio\2022\Professional\MSBuild\Current\bin\Roslyn;C:\Program Files\Microsoft Visual Studio\2022\Professional\Team Tools\Performance Tools\x64;C:\Program Files\Microsoft Visual Studio\2022\Professional\Team Tools\Performance Tools;C:\Program Files (x86)\Microsoft Visual Studio\Shared\Common\VSPerfCollectionTools\vs2019\\x64;C:\Program Files (x86)\Microsoft Visual Studio\Shared\Common\VSPerfCollectionTools\vs2019\;C:\Program Files (x86)\Microsoft SDKs\Windows\v10.0A\bin\NETFX 4.8 Tools\x64\;C:\Program Files (x86)\HTML Help Workshop;C:\Program Files\Microsoft Visual Studio\2022\Professional\Common7\IDE\CommonExtensions\Microsoft\FSharp\Tools;C:\Program Files (x86)\Windows Kits\10\bin\10.0.19041.0\\x64;C:\Program Files (x86)\Windows Kits\10\bin\\x64;C:\Program Files\Microsoft Visual Studio\2022\Professional\\MSBuild\Current\Bin\amd64;C:\WINDOWS\Microsoft.NET\Framework64\v4.0.30319;C:\Program Files\Microsoft Visual Studio\2022\Professional\Common7\IDE\;C:\Program Files\Microsoft Visual Studio\2022\Professional\Common7\Tools\;C:\Python27\;C:\Python27\Scripts;C:\WINDOWS\system32;C:\WINDOWS;C:\WINDOWS\System32\Wbem;C:\WINDOWS\System32\WindowsPowerShell\v1.0\;C:\WINDOWS\System32\OpenSSH\;C:\ProgramData\chocolatey\bin;C:\Program Files (x86)\WiX Toolset v3.7\bin;C:\Program Files\dotnet\;C:\Program Files\Zulu\zulu-11\bin\;C:\Program Files (x86)\Windows Kits\10\bin\10.0.19041.0\x64;C:\Program Files (x86)\Windows Kits\10\bin\10.0.18362.0\x64;C:\Program Files (x86)\Windows Kits\10\bin\10.0.17763.0\x64;C:\Program Files (x86)\Windows Kits\10\bin\x64;C:\Strawberry\c\bin;C:\Strawberry\perl\site\bin;C:\Strawberry\perl\bin;C:\Program Files\Git\cmd;C:\Program Files\Git\usr\bin;C:\Program Files\Git\mingw64\bin;C:\Program Files\Git\bin;C:\Python38\;C:\Python38\Scripts;C:\StoreBoxClientWindows;C:\Program Files\Electric Cloud\ElectricCommander\bin;C:\Program Files\WinRAR;C:\Program Files\7-Zip;C:\Users\Administrator\AppData\Local\Microsoft\WindowsApps;C:\Users\Administrator\.dotnet\tools;C:\Program Files\Microsoft Visual Studio\2022\Professional\Common7\IDE\CommonExtensions\Microsoft\CMake\CMake\bin;C:\Program Files\Microsoft Visual Studio\2022\Professional\Common7\IDE\CommonExtensions\Microsoft\CMake\Ninja;C:\Program Files\Microsoft Visual Studio\2022\Professional\Common7\IDE\VC\Linux\bin\ConnectionManagerExe;P:\shared\Artifactory\Windows\USD\6a9558d\bin;P:\shared\Artifactory\Windows\USD\6a9558d\lib
[2023-11-20T09:22:32.174Z]     -- Found UFE: P:/shared/Artifactory/Windows/rundev-master/202311130812/runtime/4053eca/devkitBase/devkit/ufe/include (found version "0.5.11")
[2023-11-20T09:22:32.174Z]     -- UFE include dir: P:/shared/Artifactory/Windows/rundev-master/202311130812/runtime/4053eca/devkitBase/devkit/ufe/include
[2023-11-20T09:22:32.174Z]     -- UFE library: P:/shared/Artifactory/Windows/rundev-master/202311130812/runtime/4053eca/devkitBase/devkit/ufe/lib/ufe_0.lib
[2023-11-20T09:22:32.174Z]     -- UFE version: 0.5.11
[2023-11-20T09:22:32.174Z]     -- Maya has UFE lights API
[2023-11-20T09:22:32.174Z]     -- Maya has UFE scene segment API
[2023-11-20T09:22:32.174Z]     -- Maya has UFE TrieNode childrenComponents accessor
[2023-11-20T09:22:32.174Z]     -- Building with UFE 0.5.11.
[2023-11-20T09:22:32.174Z]     -- Found MaterialX
[2023-11-20T09:22:32.514Z]     -- Performing Test HAVE_STDATOMIC
[2023-11-20T09:22:33.242Z]     -- Performing Test HAVE_STDATOMIC - Success
[2023-11-20T09:22:33.582Z]     -- Found OpenGL: opengl32
[2023-11-20T09:22:34.310Z]     -- Check if linker can resolve circular dependencies - TRUE
[2023-11-20T09:22:34.310Z]     -- Found Qt 6.5.3 in Maya devkit. Hydra Scene Browser will be built.
[2023-11-20T09:22:34.310Z]     -- **** Building Gulrak From Github Repository.
[2023-11-20T09:22:34.310Z]     -- Populating gulrak
[2023-11-20T09:22:34.650Z]     -- Configuring done
[2023-11-20T09:22:34.650Z]     -- Generating done
[2023-11-20T09:22:34.650Z]     -- Build files have been written to: W:/build/RelWithDebInfo/_deps/gulrak-subbuild
[2023-11-20T09:22:35.378Z]     [1/9] Creating directories for 'gulrak-populate'
[2023-11-20T09:22:35.378Z]     [1/9] Performing download step (git clone) for 'gulrak-populate'
[2023-11-20T09:22:35.378Z]     Cloning into 'gulrak-src'...
[2023-11-20T09:22:36.557Z]     HEAD is now at 4e21ab3 Version bump and updated readme.
[2023-11-20T09:22:38.255Z]     [2/9] Performing update step for 'gulrak-populate'
[2023-11-20T09:22:38.594Z]     [4/9] No patch step for 'gulrak-populate'
[2023-11-20T09:22:38.933Z]     [5/9] No configure step for 'gulrak-populate'
[2023-11-20T09:22:38.933Z]     [6/9] No build step for 'gulrak-populate'
[2023-11-20T09:22:38.933Z]     [7/9] No install step for 'gulrak-populate'
[2023-11-20T09:22:39.273Z]     [8/9] No test step for 'gulrak-populate'
[2023-11-20T09:22:39.273Z]     [9/9] Completed 'gulrak-populate'
[2023-11-20T09:22:40.001Z]     -- ========== Installing GoogleTest... ==========
[2023-11-20T09:22:40.340Z]     -- Configuring done
[2023-11-20T09:22:40.340Z]     -- Generating done
[2023-11-20T09:22:40.340Z]     -- Build files have been written to: W:/build/RelWithDebInfo/googletest-config
[2023-11-20T09:22:41.068Z]     [1/8] Creating directories for 'googletest'
[2023-11-20T09:22:45.901Z]     [2/8] Performing download step (git clone) for 'googletest'
[2023-11-20T09:22:45.901Z]     Cloning into 'googletest-src'...
[2023-11-20T09:22:45.901Z]     HEAD is now at 703bd9ca Googletest export
[2023-11-20T09:22:45.901Z]     [3/8] Performing update step for 'googletest'
[2023-11-20T09:22:45.901Z]     [4/8] No patch step for 'googletest'
[2023-11-20T09:22:48.918Z]     [5/8] Performing configure step for 'googletest'
[2023-11-20T09:22:48.918Z]     Not searching for unused variables given on the command line.
[2023-11-20T09:22:48.918Z]     CMake Deprecation Warning at CMakeLists.txt:4 (cmake_minimum_required):
[2023-11-20T09:22:48.918Z]       Compatibility with CMake < 2.8.12 will be removed from a future version of
[2023-11-20T09:22:48.918Z]       CMake.
[2023-11-20T09:22:48.918Z]     
[2023-11-20T09:22:48.918Z]       Update the VERSION argument <min> value or use a ...<max> suffix to tell
[2023-11-20T09:22:48.918Z]       CMake that the project does not need compatibility with older versions.
[2023-11-20T09:22:48.918Z]     
[2023-11-20T09:22:48.918Z]     
[2023-11-20T09:22:48.918Z]     -- The C compiler identification is MSVC 19.33.31629.0
[2023-11-20T09:22:48.918Z]     -- The CXX compiler identification is MSVC 19.33.31629.0
[2023-11-20T09:22:48.918Z]     -- Detecting C compiler ABI info
[2023-11-20T09:22:48.918Z]     -- Detecting C compiler ABI info - done
[2023-11-20T09:22:48.918Z]     -- Check for working C compiler: C:/Program Files/Microsoft Visual Studio/2022/Professional/VC/Tools/MSVC/14.33.31629/bin/Hostx64/x64/cl.exe - skipped
[2023-11-20T09:22:48.918Z]     -- Detecting C compile features
[2023-11-20T09:22:48.918Z]     -- Detecting C compile features - done
[2023-11-20T09:22:48.918Z]     -- Detecting CXX compiler ABI info
[2023-11-20T09:22:48.918Z]     -- Detecting CXX compiler ABI info - done
[2023-11-20T09:22:48.918Z]     -- Check for working CXX compiler: C:/Program Files/Microsoft Visual Studio/2022/Professional/VC/Tools/MSVC/14.33.31629/bin/Hostx64/x64/cl.exe - skipped
[2023-11-20T09:22:48.918Z]     -- Detecting CXX compile features
[2023-11-20T09:22:48.918Z]     -- Detecting CXX compile features - done
[2023-11-20T09:22:48.918Z]     CMake Deprecation Warning at googletest/CMakeLists.txt:56 (cmake_minimum_required):
[2023-11-20T09:22:48.918Z]       Compatibility with CMake < 2.8.12 will be removed from a future version of
[2023-11-20T09:22:48.918Z]       CMake.
[2023-11-20T09:22:48.918Z]     
[2023-11-20T09:22:48.918Z]       Update the VERSION argument <min> value or use a ...<max> suffix to tell
[2023-11-20T09:22:48.918Z]       CMake that the project does not need compatibility with older versions.
[2023-11-20T09:22:48.918Z]     
[2023-11-20T09:22:48.918Z]     
[2023-11-20T09:22:48.918Z]     -- Found PythonInterp: C:/Python27/python.exe (found version "2.7.18")
[2023-11-20T09:22:48.918Z]     -- Looking for pthread.h
[2023-11-20T09:22:48.918Z]     -- Looking for pthread.h - not found
[2023-11-20T09:22:48.918Z]     -- Found Threads: TRUE
[2023-11-20T09:22:48.918Z]     -- Configuring done
[2023-11-20T09:22:48.918Z]     -- Generating done
[2023-11-20T09:22:48.918Z]     -- Build files have been written to: W:/build/RelWithDebInfo/googletest-build
[2023-11-20T09:22:52.769Z]     [6/8] Performing build step for 'googletest'
[2023-11-20T09:22:52.769Z]     [1/4] Building CXX object googletest\CMakeFiles\gtest_main.dir\src\gtest_main.cc.obj
[2023-11-20T09:22:52.769Z]     [2/4] Building CXX object googletest\CMakeFiles\gtest.dir\src\gtest-all.cc.obj
[2023-11-20T09:22:52.769Z]     [3/4] Linking CXX shared library bin\gtest.dll
[2023-11-20T09:22:52.769Z]     [4/4] Linking CXX shared library bin\gtest_main.dll
[2023-11-20T09:22:53.497Z]     [7/8] Performing install step for 'googletest'
[2023-11-20T09:22:53.497Z]     [0/1] Install the project...
[2023-11-20T09:22:53.497Z]     -- Install configuration: "RelWithDebInfo"
[2023-11-20T09:22:53.497Z]     [8/8] Completed 'googletest'
[2023-11-20T09:22:53.497Z]     -- ========== ...  GoogleTest installed. ==========
[2023-11-20T09:22:54.676Z]     -- Found GTest: W:/build/RelWithDebInfo/googletest-install/lib/gtest.lib
[2023-11-20T09:22:54.676Z]     -- promoting: S:/Jenkins/workspace/ECP/ecg-maya-hydra/ecg-maya-hydra-branch-preflight-python3-windows/ecg-maya-hydra/maya-hydra/lib/mayaHydra/mayaPlugin/pluginUtils.h
[2023-11-20T09:22:54.676Z]     -- promoting: S:/Jenkins/workspace/ECP/ecg-maya-hydra/ecg-maya-hydra-branch-preflight-python3-windows/ecg-maya-hydra/maya-hydra/lib/mayaHydra/hydraExtensions/api.h
[2023-11-20T09:22:54.676Z]     -- promoting: S:/Jenkins/workspace/ECP/ecg-maya-hydra/ecg-maya-hydra-branch-preflight-python3-windows/ecg-maya-hydra/maya-hydra/lib/mayaHydra/hydraExtensions/debugCodes.h
[2023-11-20T09:22:54.676Z]     -- promoting: S:/Jenkins/workspace/ECP/ecg-maya-hydra/ecg-maya-hydra-branch-preflight-python3-windows/ecg-maya-hydra/maya-hydra/lib/mayaHydra/hydraExtensions/hydraUtils.h
[2023-11-20T09:22:54.676Z]     -- promoting: S:/Jenkins/workspace/ECP/ecg-maya-hydra/ecg-maya-hydra-branch-preflight-python3-windows/ecg-maya-hydra/maya-hydra/lib/mayaHydra/hydraExtensions/mayaHydraLibInterface.h
[2023-11-20T09:22:54.676Z]     -- promoting: S:/Jenkins/workspace/ECP/ecg-maya-hydra/ecg-maya-hydra-branch-preflight-python3-windows/ecg-maya-hydra/maya-hydra/lib/mayaHydra/hydraExtensions/mayaHydraLibInterfaceImp.h
[2023-11-20T09:22:54.676Z]     -- promoting: S:/Jenkins/workspace/ECP/ecg-maya-hydra/ecg-maya-hydra-branch-preflight-python3-windows/ecg-maya-hydra/maya-hydra/lib/mayaHydra/hydraExtensions/mayaUtils.h
[2023-11-20T09:22:54.676Z]     -- promoting: S:/Jenkins/workspace/ECP/ecg-maya-hydra/ecg-maya-hydra-branch-preflight-python3-windows/ecg-maya-hydra/maya-hydra/lib/mayaHydra/hydraExtensions/mixedUtils.h
[2023-11-20T09:22:54.676Z]     -- promoting: S:/Jenkins/workspace/ECP/ecg-maya-hydra/ecg-maya-hydra-branch-preflight-python3-windows/ecg-maya-hydra/maya-hydra/lib/mayaHydra/hydraExtensions/mayaHydraSceneProducer.h
[2023-11-20T09:22:54.676Z]     -- promoting: S:/Jenkins/workspace/ECP/ecg-maya-hydra/ecg-maya-hydra-branch-preflight-python3-windows/ecg-maya-hydra/maya-hydra/lib/mayaHydra/hydraExtensions/adapters/adapter.h
[2023-11-20T09:22:54.676Z]     -- promoting: S:/Jenkins/workspace/ECP/ecg-maya-hydra/ecg-maya-hydra-branch-preflight-python3-windows/ecg-maya-hydra/maya-hydra/lib/mayaHydra/hydraExtensions/adapters/adapterDebugCodes.h
[2023-11-20T09:22:54.676Z]     -- promoting: S:/Jenkins/workspace/ECP/ecg-maya-hydra/ecg-maya-hydra-branch-preflight-python3-windows/ecg-maya-hydra/maya-hydra/lib/mayaHydra/hydraExtensions/adapters/adapterRegistry.h
[2023-11-20T09:22:54.676Z]     -- promoting: S:/Jenkins/workspace/ECP/ecg-maya-hydra/ecg-maya-hydra-branch-preflight-python3-windows/ecg-maya-hydra/maya-hydra/lib/mayaHydra/hydraExtensions/adapters/cameraAdapter.h
[2023-11-20T09:22:54.676Z]     -- promoting: S:/Jenkins/workspace/ECP/ecg-maya-hydra/ecg-maya-hydra-branch-preflight-python3-windows/ecg-maya-hydra/maya-hydra/lib/mayaHydra/hydraExtensions/adapters/constantShadowMatrix.h
[2023-11-20T09:22:54.676Z]     -- promoting: S:/Jenkins/workspace/ECP/ecg-maya-hydra/ecg-maya-hydra-branch-preflight-python3-windows/ecg-maya-hydra/maya-hydra/lib/mayaHydra/hydraExtensions/adapters/dagAdapter.h
[2023-11-20T09:22:54.676Z]     -- promoting: S:/Jenkins/workspace/ECP/ecg-maya-hydra/ecg-maya-hydra-branch-preflight-python3-windows/ecg-maya-hydra/maya-hydra/lib/mayaHydra/hydraExtensions/adapters/renderItemAdapter.h
[2023-11-20T09:22:54.676Z]     -- promoting: S:/Jenkins/workspace/ECP/ecg-maya-hydra/ecg-maya-hydra-branch-preflight-python3-windows/ecg-maya-hydra/maya-hydra/lib/mayaHydra/hydraExtensions/adapters/lightAdapter.h
[2023-11-20T09:22:54.676Z]     -- promoting: S:/Jenkins/workspace/ECP/ecg-maya-hydra/ecg-maya-hydra-branch-preflight-python3-windows/ecg-maya-hydra/maya-hydra/lib/mayaHydra/hydraExtensions/adapters/materialAdapter.h
[2023-11-20T09:22:54.676Z]     -- promoting: S:/Jenkins/workspace/ECP/ecg-maya-hydra/ecg-maya-hydra-branch-preflight-python3-windows/ecg-maya-hydra/maya-hydra/lib/mayaHydra/hydraExtensions/adapters/materialNetworkConverter.h
[2023-11-20T09:22:54.676Z]     -- promoting: S:/Jenkins/workspace/ECP/ecg-maya-hydra/ecg-maya-hydra-branch-preflight-python3-windows/ecg-maya-hydra/maya-hydra/lib/mayaHydra/hydraExtensions/adapters/mayaAttrs.h
[2023-11-20T09:22:54.676Z]     -- promoting: S:/Jenkins/workspace/ECP/ecg-maya-hydra/ecg-maya-hydra-branch-preflight-python3-windows/ecg-maya-hydra/maya-hydra/lib/mayaHydra/hydraExtensions/adapters/shapeAdapter.h
[2023-11-20T09:22:54.676Z]     -- promoting: S:/Jenkins/workspace/ECP/ecg-maya-hydra/ecg-maya-hydra-branch-preflight-python3-windows/ecg-maya-hydra/maya-hydra/lib/mayaHydra/hydraExtensions/adapters/tokens.h
[2023-11-20T09:22:54.676Z]     -- promoting: S:/Jenkins/workspace/ECP/ecg-maya-hydra/ecg-maya-hydra-branch-preflight-python3-windows/ecg-maya-hydra/maya-hydra/lib/mayaHydra/hydraExtensions/delegates/delegate.h
[2023-11-20T09:22:54.676Z]     -- promoting: S:/Jenkins/workspace/ECP/ecg-maya-hydra/ecg-maya-hydra-branch-preflight-python3-windows/ecg-maya-hydra/maya-hydra/lib/mayaHydra/hydraExtensions/delegates/delegateCtx.h
[2023-11-20T09:22:54.676Z]     -- promoting: S:/Jenkins/workspace/ECP/ecg-maya-hydra/ecg-maya-hydra-branch-preflight-python3-windows/ecg-maya-hydra/maya-hydra/lib/mayaHydra/hydraExtensions/delegates/delegateDebugCodes.h
[2023-11-20T09:22:54.676Z]     -- promoting: S:/Jenkins/workspace/ECP/ecg-maya-hydra/ecg-maya-hydra-branch-preflight-python3-windows/ecg-maya-hydra/maya-hydra/lib/mayaHydra/hydraExtensions/delegates/delegateRegistry.h
[2023-11-20T09:22:54.676Z]     -- promoting: S:/Jenkins/workspace/ECP/ecg-maya-hydra/ecg-maya-hydra-branch-preflight-python3-windows/ecg-maya-hydra/maya-hydra/lib/mayaHydra/hydraExtensions/delegates/params.h
[2023-11-20T09:22:54.676Z]     -- promoting: S:/Jenkins/workspace/ECP/ecg-maya-hydra/ecg-maya-hydra-branch-preflight-python3-windows/ecg-maya-hydra/maya-hydra/lib/mayaHydra/hydraExtensions/delegates/sceneDelegate.h
[2023-11-20T09:22:54.676Z]     -- promoting: S:/Jenkins/workspace/ECP/ecg-maya-hydra/ecg-maya-hydra-branch-preflight-python3-windows/ecg-maya-hydra/maya-hydra/lib/mayaHydra/hydraExtensions/delegates/defaultLightDelegate.h
[2023-11-20T09:22:54.676Z]     -- promoting: S:/Jenkins/workspace/ECP/ecg-maya-hydra/ecg-maya-hydra-branch-preflight-python3-windows/ecg-maya-hydra/maya-hydra/lib/mayaHydra/hydraExtensions/delegates/testDelegate.h
[2023-11-20T09:22:54.676Z]     -- promoting: S:/Jenkins/workspace/ECP/ecg-maya-hydra/ecg-maya-hydra-branch-preflight-python3-windows/ecg-maya-hydra/maya-hydra/lib/mayaHydra/hydraExtensions/sceneIndex/registration.h
[2023-11-20T09:22:54.676Z]     -- promoting: S:/Jenkins/workspace/ECP/ecg-maya-hydra/ecg-maya-hydra-branch-preflight-python3-windows/ecg-maya-hydra/maya-hydra/lib/mayaHydra/hydraExtensions/sceneIndex/mayaHydraSceneIndex.h
[2023-11-20T09:22:54.676Z]     -- promoting: S:/Jenkins/workspace/ECP/ecg-maya-hydra/ecg-maya-hydra-branch-preflight-python3-windows/ecg-maya-hydra/maya-hydra/lib/mayaHydra/hydraExtensions/sceneIndex/mayaHydraDataSource.h
[2023-11-20T09:22:54.676Z]     -- promoting: S:/Jenkins/workspace/ECP/ecg-maya-hydra/ecg-maya-hydra-branch-preflight-python3-windows/ecg-maya-hydra/maya-hydra/lib/mayaHydra/hydraExtensions/sceneIndex/mayaHydraPrimvarDataSource.h
[2023-11-20T09:22:54.676Z]     -- promoting: S:/Jenkins/workspace/ECP/ecg-maya-hydra/ecg-maya-hydra-branch-preflight-python3-windows/ecg-maya-hydra/maya-hydra/lib/mayaHydra/hydraExtensions/sceneIndex/mayaHydraDisplayStyleDataSource.h
[2023-11-20T09:22:54.676Z]     -- promoting: S:/Jenkins/workspace/ECP/ecg-maya-hydra/ecg-maya-hydra-branch-preflight-python3-windows/ecg-maya-hydra/maya-hydra/lib/mayaHydra/hydraExtensions/sceneIndex/mayaHydraCameraDataSource.h
[2023-11-20T09:22:54.676Z]     -- promoting: S:/Jenkins/workspace/ECP/ecg-maya-hydra/ecg-maya-hydra-branch-preflight-python3-windows/ecg-maya-hydra/maya-hydra/lib/mayaHydra/hydraExtensions/sceneIndex/mayaHydraLightDataSource.h
[2023-11-20T09:22:54.676Z]     -- promoting: S:/Jenkins/workspace/ECP/ecg-maya-hydra/ecg-maya-hydra-branch-preflight-python3-windows/ecg-maya-hydra/maya-hydra/lib/mayaHydra/hydraExtensions/sceneIndex/mayaHydraDefaultLightDataSource.h
[2023-11-20T09:22:54.676Z]     -- promoting: S:/Jenkins/workspace/ECP/ecg-maya-hydra/ecg-maya-hydra-branch-preflight-python3-windows/ecg-maya-hydra/maya-hydra/lib/mayaHydra/ufeExtensions/api.h
[2023-11-20T09:22:54.676Z]     -- promoting: S:/Jenkins/workspace/ECP/ecg-maya-hydra/ecg-maya-hydra-branch-preflight-python3-windows/ecg-maya-hydra/maya-hydra/lib/mayaHydra/ufeExtensions/Global.h
[2023-11-20T09:22:54.676Z]     -- promoting: S:/Jenkins/workspace/ECP/ecg-maya-hydra/ecg-maya-hydra-branch-preflight-python3-windows/ecg-maya-hydra/maya-hydra/lib/flowViewport/api.h
[2023-11-20T09:22:54.676Z]     -- promoting: S:/Jenkins/workspace/ECP/ecg-maya-hydra/ecg-maya-hydra-branch-preflight-python3-windows/ecg-maya-hydra/maya-hydra/lib/flowViewport/debugCodes.h
[2023-11-20T09:22:54.676Z]     -- promoting: S:/Jenkins/workspace/ECP/ecg-maya-hydra/ecg-maya-hydra-branch-preflight-python3-windows/ecg-maya-hydra/maya-hydra/lib/flowViewport/global.h
[2023-11-20T09:22:54.676Z]     -- promoting: S:/Jenkins/workspace/ECP/ecg-maya-hydra/ecg-maya-hydra-branch-preflight-python3-windows/ecg-maya-hydra/maya-hydra/lib/flowViewport/tokens.h
[2023-11-20T09:22:54.676Z]     -- promoting: S:/Jenkins/workspace/ECP/ecg-maya-hydra/ecg-maya-hydra-branch-preflight-python3-windows/ecg-maya-hydra/maya-hydra/lib/flowViewport/colorPreferences/fvpColorChanged.h
[2023-11-20T09:22:54.676Z]     -- promoting: S:/Jenkins/workspace/ECP/ecg-maya-hydra/ecg-maya-hydra-branch-preflight-python3-windows/ecg-maya-hydra/maya-hydra/lib/flowViewport/colorPreferences/fvpColorPreferences.h
[2023-11-20T09:22:54.676Z]     -- promoting: S:/Jenkins/workspace/ECP/ecg-maya-hydra/ecg-maya-hydra-branch-preflight-python3-windows/ecg-maya-hydra/maya-hydra/lib/flowViewport/colorPreferences/fvpColorPreferencesTokens.h
[2023-11-20T09:22:54.676Z]     -- promoting: S:/Jenkins/workspace/ECP/ecg-maya-hydra/ecg-maya-hydra-branch-preflight-python3-windows/ecg-maya-hydra/maya-hydra/lib/flowViewport/colorPreferences/fvpColorPreferencesTranslator.h
[2023-11-20T09:22:54.676Z]     -- promoting: S:/Jenkins/workspace/ECP/ecg-maya-hydra/ecg-maya-hydra-branch-preflight-python3-windows/ecg-maya-hydra/maya-hydra/lib/flowViewport/sceneIndex/fvpMergingSceneIndex.h
[2023-11-20T09:22:54.677Z]     -- promoting: S:/Jenkins/workspace/ECP/ecg-maya-hydra/ecg-maya-hydra-branch-preflight-python3-windows/ecg-maya-hydra/maya-hydra/lib/flowViewport/sceneIndex/fvpPathInterface.h
[2023-11-20T09:22:54.677Z]     -- promoting: S:/Jenkins/workspace/ECP/ecg-maya-hydra/ecg-maya-hydra-branch-preflight-python3-windows/ecg-maya-hydra/maya-hydra/lib/flowViewport/sceneIndex/fvpPathInterfaceSceneIndex.h
[2023-11-20T09:22:54.677Z]     -- promoting: S:/Jenkins/workspace/ECP/ecg-maya-hydra/ecg-maya-hydra-branch-preflight-python3-windows/ecg-maya-hydra/maya-hydra/lib/flowViewport/sceneIndex/fvpRenderIndexProxy.h
[2023-11-20T09:22:54.677Z]     -- promoting: S:/Jenkins/workspace/ECP/ecg-maya-hydra/ecg-maya-hydra-branch-preflight-python3-windows/ecg-maya-hydra/maya-hydra/lib/flowViewport/sceneIndex/fvpRenderIndexProxyFwd.h
[2023-11-20T09:22:54.677Z]     -- promoting: S:/Jenkins/workspace/ECP/ecg-maya-hydra/ecg-maya-hydra-branch-preflight-python3-windows/ecg-maya-hydra/maya-hydra/lib/flowViewport/sceneIndex/fvpSelectionSceneIndex.h
[2023-11-20T09:22:54.677Z]     -- promoting: S:/Jenkins/workspace/ECP/ecg-maya-hydra/ecg-maya-hydra-branch-preflight-python3-windows/ecg-maya-hydra/maya-hydra/lib/flowViewport/sceneIndex/fvpWireframeSelectionHighlightSceneIndex.h
[2023-11-20T09:22:54.677Z]     -- promoting: S:/Jenkins/workspace/ECP/ecg-maya-hydra/ecg-maya-hydra-branch-preflight-python3-windows/ecg-maya-hydra/maya-hydra/lib/flowViewport/API/fvpSelectionClient.h
[2023-11-20T09:22:54.677Z]     -- promoting: S:/Jenkins/workspace/ECP/ecg-maya-hydra/ecg-maya-hydra-branch-preflight-python3-windows/ecg-maya-hydra/maya-hydra/lib/flowViewport/API/fvpFlowSelectionInterface.h
[2023-11-20T09:22:54.677Z]     -- promoting: S:/Jenkins/workspace/ECP/ecg-maya-hydra/ecg-maya-hydra-branch-preflight-python3-windows/ecg-maya-hydra/maya-hydra/lib/flowViewport/API/fvpVersionInterface.h
[2023-11-20T09:22:54.677Z]     -- promoting: S:/Jenkins/workspace/ECP/ecg-maya-hydra/ecg-maya-hydra-branch-preflight-python3-windows/ecg-maya-hydra/maya-hydra/lib/flowViewport/API/fvpInformationInterface.h
[2023-11-20T09:22:54.677Z]     -- promoting: S:/Jenkins/workspace/ECP/ecg-maya-hydra/ecg-maya-hydra-branch-preflight-python3-windows/ecg-maya-hydra/maya-hydra/lib/flowViewport/API/fvpInformationClient.h
[2023-11-20T09:22:54.677Z]     -- promoting: S:/Jenkins/workspace/ECP/ecg-maya-hydra/ecg-maya-hydra-branch-preflight-python3-windows/ecg-maya-hydra/maya-hydra/lib/flowViewport/API/interfacesImp/fvpSelectionInterfaceImp.h
[2023-11-20T09:22:54.677Z]     -- promoting: S:/Jenkins/workspace/ECP/ecg-maya-hydra/ecg-maya-hydra-branch-preflight-python3-windows/ecg-maya-hydra/maya-hydra/lib/flowViewport/API/interfacesImp/fvpVersionInterfaceImp.h
[2023-11-20T09:22:54.677Z]     -- promoting: S:/Jenkins/workspace/ECP/ecg-maya-hydra/ecg-maya-hydra-branch-preflight-python3-windows/ecg-maya-hydra/maya-hydra/lib/flowViewport/API/interfacesImp/fvpInformationInterfaceImp.h
[2023-11-20T09:22:54.677Z]     -- promoting: S:/Jenkins/workspace/ECP/ecg-maya-hydra/ecg-maya-hydra-branch-preflight-python3-windows/ecg-maya-hydra/maya-hydra/lib/flowViewport/API/samples/fvpSelectionClientExample.h
[2023-11-20T09:22:54.677Z]     -- promoting: S:/Jenkins/workspace/ECP/ecg-maya-hydra/ecg-maya-hydra-branch-preflight-python3-windows/ecg-maya-hydra/maya-hydra/lib/flowViewport/API/samples/fvpInformationClientExample.h
[2023-11-20T09:22:54.677Z]     -- promoting: S:/Jenkins/workspace/ECP/ecg-maya-hydra/ecg-maya-hydra-branch-preflight-python3-windows/ecg-maya-hydra/maya-hydra/lib/flowViewport/API/perViewportSceneIndicesData/fvpViewportInformationAndSceneIndicesPerViewportData.h
[2023-11-20T09:22:54.677Z]     -- promoting: S:/Jenkins/workspace/ECP/ecg-maya-hydra/ecg-maya-hydra-branch-preflight-python3-windows/ecg-maya-hydra/maya-hydra/lib/flowViewport/API/perViewportSceneIndicesData/fvpViewportInformationAndSceneIndicesPerViewportDataManager.h
[2023-11-20T09:22:54.677Z]     -- promoting: S:/Jenkins/workspace/ECP/ecg-maya-hydra/ecg-maya-hydra-branch-preflight-python3-windows/ecg-maya-hydra/maya-hydra/lib/flowViewport/selection/fvpSelection.h
[2023-11-20T09:22:54.677Z]     -- promoting: S:/Jenkins/workspace/ECP/ecg-maya-hydra/ecg-maya-hydra-branch-preflight-python3-windows/ecg-maya-hydra/maya-hydra/lib/flowViewport/selection/fvpSelectionFwd.h
[2023-11-20T09:22:54.677Z]     -- promoting: S:/Jenkins/workspace/ECP/ecg-maya-hydra/ecg-maya-hydra-branch-preflight-python3-windows/ecg-maya-hydra/maya-hydra/lib/flowViewport/selection/fvpSelectionTask.h
[2023-11-20T09:22:54.677Z]     -- promoting: S:/Jenkins/workspace/ECP/ecg-maya-hydra/ecg-maya-hydra-branch-preflight-python3-windows/ecg-maya-hydra/maya-hydra/lib/flowViewport/selection/fvpSelectionTracker.h
[2023-11-20T09:22:55.405Z]     -- Configuring done
[2023-11-20T09:22:56.133Z]     -- Generating done
[2023-11-20T09:22:56.133Z]     -- Build files have been written to: W:/build/RelWithDebInfo
[2023-11-20T09:22:56.133Z]     
[2023-11-20T09:22:56.133Z]         Building with settings:
[2023-11-20T09:22:56.134Z]           Source directory          S:\Jenkins\workspace\ECP\ecg-maya-hydra\ecg-maya-hydra-branch-preflight-python3-windows\ecg-maya-hydra\maya-hydra
[2023-11-20T09:22:56.134Z]           Workspace directory       W:\
[2023-11-20T09:22:56.134Z]           Build directory           W:\build\RelWithDebInfo
[2023-11-20T09:22:56.134Z]           Install directory         W:\install\RelWithDebInfo\MayaHydra
[2023-11-20T09:22:56.134Z]           Variant                   RelWithDebInfo
[2023-11-20T09:22:56.134Z]           Python Debug              Off
[2023-11-20T09:22:56.134Z]           CMake generator           Ninja
[2023-11-20T09:22:56.134Z]           Build arguments           ['-DCMAKE_MAKE_PROGRAM=P:/shared/Artifactory/Windows/ninja/1.10.2/ccacdf8/ninja.exe', '-DPYTHON_INCLUDE_DIR=P:/shared/Artifactory/Windows/rundev-master/202311130812/runtime/4053eca/runTime/include/Python311/Python', '-DPython_EXECUTABLE=P:/shared/Artifactory/Windows/rundev-master/202311130812/runtime/4053eca/runTime/bin/mayapy.exe', '-DPYTHON_LIBRARIES=P:/shared/Artifactory/Windows/rundev-master/202311130812/runtime/4053eca/runTime/lib/python311.lib', '-DBUILD_WITH_PYTHON_3_VERSION=3.11', '-DCMAKE_WANT_MATERIALX_BUILD=ON', '-DCMAKE_PREFIX_PATH=P:\\shared\\Artifactory\\Windows\\USD\\6a9558d', '-DMAYAHYDRA_BUILD_NUMBER=409', '-DMAYAHYDRA_GIT_COMMIT=718e8e6b3be7d1b2da5c723cb67dbc73b14509ea', '-DMAYAHYDRA_GIT_BRANCH=master']
[2023-11-20T09:22:56.134Z]           Stages arguments          ['configure']
[2023-11-20T09:22:56.134Z]           CTest arguments           ['--parallel 16']
[2023-11-20T09:22:56.134Z]     STATUS: Found Maya Qt headers in: P:\shared\Artifactory\Windows\rundev-master\202311130812\runtime\4053eca\devkitBase
[2023-11-20T09:22:56.134Z]     Success MayaHydra build and install !!!!
[2023-11-20T09:22:56.134Z]     Elapsed time: 00:00:28
[Pipeline] bat
[2023-11-20T09:22:56.741Z] Deleting alias drive W:
[Pipeline] bat
[2023-11-20T09:22:57.345Z] Deleting alias drive P:
[Pipeline] }
[Pipeline] // withEnv
[Pipeline] }
[Pipeline] // timeout
[Pipeline] }
[Pipeline] // stage
[Pipeline] }
[Pipeline] // timestamps
[Pipeline] timestamps
[Pipeline] {
[Pipeline] stage
[Pipeline] { (Build)
[Pipeline] timeout
[2023-11-20T09:22:57.534Z] Timeout set to expire in 6 hr 0 min
[Pipeline] {
[Pipeline] withEnv
[Pipeline] {
[Pipeline] bat
[2023-11-20T09:22:58.115Z] Creating alias drive P: to S:\jenkins\workspace
[Pipeline] bat
[2023-11-20T09:22:58.727Z] Creating alias drive W: to S:\Jenkins\workspace\ECP\ecg-maya-hydra\ecg-maya-hydra-branch-preflight-python3-windows
[Pipeline] bat
[2023-11-20T09:22:59.460Z] "C:\Program Files\Microsoft Visual Studio\2022\Professional\VC\Auxiliary\Build\vcvarsall.bat" x64
[2023-11-20T09:22:59.460Z] **********************************************************************
[2023-11-20T09:22:59.460Z] ** Visual Studio 2022 Developer Command Prompt v17.3.2
[2023-11-20T09:22:59.460Z] ** Copyright (c) 2022 Microsoft Corporation
[2023-11-20T09:22:59.460Z] **********************************************************************
[2023-11-20T09:23:01.159Z] [vcvarsall.bat] Environment initialized for: 'x64'
[2023-11-20T09:23:01.159Z] python ecg-maya-hydra/build.py --stages=build --workspace-dir=W:\ --artifactory-dir=P:\shared\Artifactory --build-dir=W:\build --install-dir=W:\install --signing-dir=W:\signing --package-dir=W:\package --output-dir=W:\output --stash-dir=W:\stash --jenkins-build=409 --git-commit=718e8e6b3be7d1b2da5c723cb67dbc73b14509ea --git-branch=master --variants=Debug --interactive-tests=true --post-zips=false --osx-binary-architecture-target=ub2 --osx-deployment-target=11.0 --osx-base-sdk=CurrentActiveSDK --build-retry=3 --maya-cut-config=maya-rundev-master-debug.yaml --maya-package=rundev-master-debug --stage-banner
[2023-11-20T09:23:01.887Z] Using Maya cut from P:\shared\Artifactory\Windows\rundev-master-debug\202311130621\runtime\229465b
[2023-11-20T09:23:01.887Z] Using Maya ADSK Signatures from P:\shared\Artifactory\Windows\adsk-plugin-signatures-maya\2023\3ae1ae7
[2023-11-20T09:23:01.887Z] Using Maya Security Library from P:\shared\Artifactory\Windows\maya-security-library\3.4.0\284407f
[2023-11-20T09:23:01.887Z] 
[2023-11-20T09:23:01.887Z] ================================================================================
[2023-11-20T09:23:01.887Z]                                  build (Debug)
[2023-11-20T09:23:01.887Z] ================================================================================
[2023-11-20T09:23:01.887Z] Maya Python Debug Info:
[2023-11-20T09:23:01.887Z]   mayapy executable   = P:\shared\Artifactory\Windows\rundev-master-debug\202311130621\runtime\229465b\runTime\bin\mayapy.exe
[2023-11-20T09:23:01.887Z]   Include Folder      = P:\shared\Artifactory\Windows\rundev-master-debug\202311130621\runtime\229465b\runTime\include\Python311\Python
[2023-11-20T09:23:01.887Z]   Library             = P:\shared\Artifactory\Windows\rundev-master-debug\202311130621\runtime\229465b\runTime\lib\python311_d.lib
[2023-11-20T09:23:01.887Z]   site-package Folder = P:\shared\Artifactory\Windows\rundev-master-debug\202311130621\runtime\229465b\runTime\Python\Lib\site-packages
[2023-11-20T09:23:04.903Z] 
[2023-11-20T09:23:04.903Z]             WARNING: The 'psutil' python package isn't installed. Thus, Peptide
[2023-11-20T09:23:04.903Z]             won't be able to determine the amount of RAM available. It will assume
[2023-11-20T09:23:04.903Z]             that your machine has only 16GB available, and will limit the number
[2023-11-20T09:23:04.903Z]             the number of link jobs being performed in parallel. This can
[2023-11-20T09:23:04.903Z]             negatively affect your build times.
[2023-11-20T09:23:04.903Z] 
[2023-11-20T09:23:04.904Z]             Please 'pip(3) install psutil' to resolve this.
[2023-11-20T09:23:04.904Z]             
[2023-11-20T09:23:04.904Z] In workdir: S:\Jenkins\workspace\ECP\ecg-maya-hydra\ecg-maya-hydra-branch-preflight-python3-windows\ecg-maya-hydra\maya-hydra
[2023-11-20T09:23:04.904Z] Executing: 'P:\\shared\\Artifactory\\Windows\\rundev-master-debug\\202311130621\\runtime\\229465b\\runTime\\bin\\mayapy.exe' 'S:\\Jenkins\\workspace\\ECP\\ecg-maya-hydra\\ecg-maya-hydra-branch-preflight-python3-windows\\ecg-maya-hydra\\maya-hydra\\build.py' --generator Ninja --build-debug --maya-location 'P:\\shared\\Artifactory\\Windows\\rundev-master-debug\\202311130621\\runtime\\229465b\\runTime' --devkit-location 'P:\\shared\\Artifactory\\Windows\\rundev-master-debug\\202311130621\\runtime\\229465b\\devkitBase' --pxrusd-location 'P:\\shared\\Artifactory\\Windows\\USD\\01f407c' '--build-args=-DCMAKE_MAKE_PROGRAM=P:/shared/Artifactory/Windows/ninja/1.10.2/ccacdf8/ninja.exe,-DPYTHON_INCLUDE_DIR=P:/shared/Artifactory/Windows/rundev-master-debug/202311130621/runtime/229465b/runTime/include/Python311/Python,-DPython_EXECUTABLE=P:/shared/Artifactory/Windows/rundev-master-debug/202311130621/runtime/229465b/runTime/bin/mayapy.exe,-DPYTHON_LIBRARIES=P:/shared/Artifactory/Windows/rundev-master-debug/202311130621/runtime/229465b/runTime/lib/python311_d.lib,-DBUILD_WITH_PYTHON_3_VERSION=3.11,-DCMAKE_WANT_MATERIALX_BUILD=ON,-DCMAKE_PREFIX_PATH=P:\\shared\\Artifactory\\Windows\\USD\\01f407c,-DMAYAHYDRA_BUILD_NUMBER=409,-DMAYAHYDRA_GIT_COMMIT=718e8e6b3be7d1b2da5c723cb67dbc73b14509ea,-DMAYAHYDRA_GIT_BRANCH=master' --debug-python '--ctest-args=--parallel 16' --stages=build --redirect-outstream-file=False --install-location 'W:\\install\\Debug\\MayaHydra' 'W:\\'
[2023-11-20T09:23:04.904Z] Modified environment variables:
[2023-11-20T09:23:04.904Z]     PATH=P:\shared\Artifactory\Windows\cmake\3.20.3\afe857a\bin;C:\Python27\lib\site-packages\pywin32_system32;C:\Program Files\Microsoft Visual Studio\2022\Professional\VC\Tools\MSVC\14.33.31629\bin\HostX64\x64;C:\Program Files\Microsoft Visual Studio\2022\Professional\Common7\IDE\VC\VCPackages;C:\Program Files\Microsoft Visual Studio\2022\Professional\Common7\IDE\CommonExtensions\Microsoft\TestWindow;C:\Program Files\Microsoft Visual Studio\2022\Professional\Common7\IDE\CommonExtensions\Microsoft\TeamFoundation\Team Explorer;C:\Program Files\Microsoft Visual Studio\2022\Professional\MSBuild\Current\bin\Roslyn;C:\Program Files\Microsoft Visual Studio\2022\Professional\Team Tools\Performance Tools\x64;C:\Program Files\Microsoft Visual Studio\2022\Professional\Team Tools\Performance Tools;C:\Program Files (x86)\Microsoft Visual Studio\Shared\Common\VSPerfCollectionTools\vs2019\\x64;C:\Program Files (x86)\Microsoft Visual Studio\Shared\Common\VSPerfCollectionTools\vs2019\;C:\Program Files (x86)\Microsoft SDKs\Windows\v10.0A\bin\NETFX 4.8 Tools\x64\;C:\Program Files (x86)\HTML Help Workshop;C:\Program Files\Microsoft Visual Studio\2022\Professional\Common7\IDE\CommonExtensions\Microsoft\FSharp\Tools;C:\Program Files (x86)\Windows Kits\10\bin\10.0.19041.0\\x64;C:\Program Files (x86)\Windows Kits\10\bin\\x64;C:\Program Files\Microsoft Visual Studio\2022\Professional\\MSBuild\Current\Bin\amd64;C:\WINDOWS\Microsoft.NET\Framework64\v4.0.30319;C:\Program Files\Microsoft Visual Studio\2022\Professional\Common7\IDE\;C:\Program Files\Microsoft Visual Studio\2022\Professional\Common7\Tools\;C:\Python27\;C:\Python27\Scripts;C:\WINDOWS\system32;C:\WINDOWS;C:\WINDOWS\System32\Wbem;C:\WINDOWS\System32\WindowsPowerShell\v1.0\;C:\WINDOWS\System32\OpenSSH\;C:\ProgramData\chocolatey\bin;C:\Program Files (x86)\WiX Toolset v3.7\bin;C:\Program Files\dotnet\;C:\Program Files\Zulu\zulu-11\bin\;C:\Program Files (x86)\Windows Kits\10\bin\10.0.19041.0\x64;C:\Program Files (x86)\Windows Kits\10\bin\10.0.18362.0\x64;C:\Program Files (x86)\Windows Kits\10\bin\10.0.17763.0\x64;C:\Program Files (x86)\Windows Kits\10\bin\x64;C:\Strawberry\c\bin;C:\Strawberry\perl\site\bin;C:\Strawberry\perl\bin;C:\Program Files\Git\cmd;C:\Program Files\Git\usr\bin;C:\Program Files\Git\mingw64\bin;C:\Program Files\Git\bin;C:\Python38\;C:\Python38\Scripts;C:\StoreBoxClientWindows;C:\Program Files\Electric Cloud\ElectricCommander\bin;C:\Program Files\WinRAR;C:\Program Files\7-Zip;C:\Users\Administrator\AppData\Local\Microsoft\WindowsApps;C:\Users\Administrator\.dotnet\tools;C:\Program Files\Microsoft Visual Studio\2022\Professional\Common7\IDE\CommonExtensions\Microsoft\CMake\CMake\bin;C:\Program Files\Microsoft Visual Studio\2022\Professional\Common7\IDE\CommonExtensions\Microsoft\CMake\Ninja;C:\Program Files\Microsoft Visual Studio\2022\Professional\Common7\IDE\VC\Linux\bin\ConnectionManagerExe
[2023-11-20T09:23:06.603Z]     [1/107] Building CXX object lib\flowViewport\CMakeFiles\flowViewport.dir\sceneIndex\fvpPathInterface.cpp.obj
[2023-11-20T09:23:06.603Z]     [2/107] Building CXX object lib\flowViewport\CMakeFiles\flowViewport.dir\API\interfacesImp\fvpVersionInterfaceImp.cpp.obj
[2023-11-20T09:23:06.942Z]     [3/107] Building CXX object lib\flowViewport\CMakeFiles\flowViewport.dir\debugCodes.cpp.obj
[2023-11-20T09:23:06.942Z]     [4/107] Building CXX object lib\flowViewport\CMakeFiles\flowViewport.dir\tokens.cpp.obj
[2023-11-20T09:23:06.942Z]     [5/107] Building CXX object lib\flowViewport\CMakeFiles\flowViewport.dir\colorPreferences\fvpColorPreferencesTokens.cpp.obj
[2023-11-20T09:23:07.281Z]     [6/107] Building CXX object lib\flowViewport\CMakeFiles\flowViewport.dir\colorPreferences\fvpColorChanged.cpp.obj
[2023-11-20T09:23:07.621Z]     [7/107] Building CXX object lib\flowViewport\CMakeFiles\flowViewport.dir\colorPreferences\fvpColorPreferences.cpp.obj
[2023-11-20T09:23:07.621Z]     [8/107] Building CXX object lib\flowViewport\CMakeFiles\flowViewport.dir\selection\fvpSelectionFwd.cpp.obj
[2023-11-20T09:23:07.963Z]     [9/107] Building CXX object lib\flowViewport\CMakeFiles\flowViewport.dir\API\interfacesImp\fvpSelectionInterfaceImp.cpp.obj
[2023-11-20T09:23:07.963Z]     [10/107] Building CXX object lib\flowViewport\CMakeFiles\flowViewport.dir\API\samples\fvpSelectionClientExample.cpp.obj
[2023-11-20T09:23:07.963Z]     [11/107] Building CXX object lib\mayaHydra\ufeExtensions\CMakeFiles\ufeExtensions.dir\Global.cpp.obj
[2023-11-20T09:23:08.693Z]     [12/107] Linking CXX shared library lib\mayaHydra\ufeExtensions\ufeExtensions.dll
[2023-11-20T09:23:09.421Z]     [13/107] Building CXX object test\lib\mayaUsd\render\mayaToHydra\cpp\CMakeFiles\mayaHydraCppTests.dir\mayaHydraCppTestsCmd.cpp.obj
[2023-11-20T09:23:10.150Z]     [14/107] Building CXX object test\lib\mayaUsd\render\mayaToHydra\cpp\CMakeFiles\mayaHydraCppTests.dir\testCppFramework.cpp.obj
[2023-11-20T09:23:10.150Z]     [15/107] Building CXX object test\lib\mayaUsd\render\mayaToHydra\cpp\CMakeFiles\mayaHydraCppTests.dir\testColorPreferences.cpp.obj
[2023-11-20T09:23:11.849Z]     [16/107] Building CXX object lib\flowViewport\CMakeFiles\flowViewport.dir\API\perViewportSceneIndicesData\fvpViewportInformationAndSceneIndicesPerViewportData.cpp.obj
[2023-11-20T09:23:11.849Z]     [17/107] Building CXX object lib\flowViewport\CMakeFiles\flowViewport.dir\API\interfacesImp\fvpInformationInterfaceImp.cpp.obj
[2023-11-20T09:23:11.849Z]     [18/107] Building CXX object lib\flowViewport\CMakeFiles\flowViewport.dir\API\samples\fvpInformationClientExample.cpp.obj
[2023-11-20T09:23:11.849Z]     [19/107] Building CXX object lib\flowViewport\CMakeFiles\flowViewport.dir\sceneIndex\fvpPathInterfaceSceneIndex.cpp.obj
[2023-11-20T09:23:11.849Z]     [20/107] Building CXX object lib\flowViewport\CMakeFiles\flowViewport.dir\sceneIndex\fvpMergingSceneIndex.cpp.obj
[2023-11-20T09:23:11.849Z]     [21/107] Building CXX object lib\flowViewport\CMakeFiles\flowViewport.dir\sceneIndex\fvpSelectionSceneIndex.cpp.obj
[2023-11-20T09:23:12.577Z]     [22/107] Building CXX object lib\flowViewport\CMakeFiles\flowViewport.dir\sceneIndex\fvpWireframeSelectionHighlightSceneIndex.cpp.obj
[2023-11-20T09:23:12.577Z]     [23/107] Building CXX object lib\mayaHydra\mayaPlugin\CMakeFiles\mayaHydra.dir\colorNotFoundException.cpp.obj
[2023-11-20T09:23:12.916Z]     [24/107] Building CXX object lib\flowViewport\CMakeFiles\flowViewport.dir\selection\fvpSelection.cpp.obj
[2023-11-20T09:23:13.256Z]     [25/107] Building CXX object lib\mayaHydra\mayaPlugin\CMakeFiles\mayaHydra.dir\pluginDebugCodes.cpp.obj
[2023-11-20T09:23:13.595Z]     [26/107] Building CXX object lib\flowViewport\CMakeFiles\flowViewport.dir\sceneIndex\fvpRenderIndexProxy.cpp.obj
[2023-11-20T09:23:13.934Z]     [27/107] Building CXX object lib\mayaHydra\mayaPlugin\CMakeFiles\mayaHydra.dir\mayaColorPreferencesTranslator.cpp.obj
[2023-11-20T09:23:14.274Z]     [28/107] Building CXX object lib\mayaHydra\hydraExtensions\CMakeFiles\mayaHydraLib.dir\debugCodes.cpp.obj
[2023-11-20T09:23:14.614Z]     [29/107] Building CXX object lib\mayaHydra\hydraExtensions\CMakeFiles\mayaHydraLib.dir\mayaUtils.cpp.obj
[2023-11-20T09:23:14.614Z]     [30/107] Building CXX object test\lib\mayaUsd\render\mayaToHydra\cpp\CMakeFiles\mayaHydraCppTests.dir\testMayaSceneFlattening.cpp.obj
[2023-11-20T09:23:14.614Z]     [31/107] Building CXX object lib\flowViewport\CMakeFiles\flowViewport.dir\API\perViewportSceneIndicesData\fvpViewportInformationAndSceneIndicesPerViewportDataManager.cpp.obj
[2023-11-20T09:23:14.953Z]     [32/107] Building CXX object lib\flowViewport\CMakeFiles\flowViewport.dir\selection\fvpSelectionTask.cpp.obj
[2023-11-20T09:23:14.953Z]     [33/107] Building CXX object lib\flowViewport\CMakeFiles\flowViewport.dir\selection\fvpSelectionTracker.cpp.obj
[2023-11-20T09:23:15.681Z]     [34/107] Building CXX object lib\mayaHydra\mayaPlugin\CMakeFiles\mayaHydra.dir\tokens.cpp.obj
[2023-11-20T09:23:15.681Z]     [35/107] Building CXX object test\lib\mayaUsd\render\mayaToHydra\cpp\CMakeFiles\mayaHydraCppTests.dir\testMayaUsdUfeItems.cpp.obj
[2023-11-20T09:23:15.681Z]     [36/107] Building CXX object lib\mayaHydra\hydraExtensions\CMakeFiles\mayaHydraLib.dir\adapters\adapterDebugCodes.cpp.obj
[2023-11-20T09:23:16.020Z]     [37/107] Building CXX object test\lib\mayaUsd\render\mayaToHydra\cpp\CMakeFiles\mayaHydraCppTests.dir\testUtils.cpp.obj
[2023-11-20T09:23:17.718Z]     [38/107] Building CXX object test\lib\mayaUsd\render\mayaToHydra\cpp\CMakeFiles\mayaHydraCppTests.dir\testFvpViewportInformationMultipleViewports.cpp.obj
[2023-11-20T09:23:17.718Z]     [39/107] Building CXX object lib\mayaHydra\hydraExtensions\CMakeFiles\mayaHydraLib.dir\mhBuildInfo.cpp.obj
[2023-11-20T09:23:18.057Z]     [40/107] Building CXX object test\lib\mayaUsd\render\mayaToHydra\cpp\CMakeFiles\mayaHydraCppTests.dir\testFvpViewportInformationRendererSwitching.cpp.obj
[2023-11-20T09:23:18.057Z]     [41/107] Building CXX object test\lib\mayaUsd\render\mayaToHydra\cpp\CMakeFiles\mayaHydraCppTests.dir\testSelectionSceneIndex.cpp.obj
[2023-11-20T09:23:18.785Z]     [42/107] Building CXX object test\lib\mayaUsd\render\mayaToHydra\cpp\CMakeFiles\mayaHydraCppTests.dir\testWireframeSelectionHighlightSceneIndex.cpp.obj
[2023-11-20T09:23:19.963Z]     [43/107] Building CXX object test\lib\mayaUsd\render\mayaToHydra\cpp\CMakeFiles\mayaHydraCppTests.dir\testMergingSceneIndex.cpp.obj
[2023-11-20T09:23:19.963Z]     [44/107] Building CXX object lib\mayaHydra\hydraExtensions\CMakeFiles\mayaHydraLib.dir\mayaHydraLibInterfaceImp.cpp.obj
[2023-11-20T09:23:20.302Z]     [45/107] Building CXX object lib\mayaHydra\mayaPlugin\CMakeFiles\mayaHydra.dir\pluginUtils.cpp.obj
[2023-11-20T09:23:20.302Z]     [46/107] Building CXX object lib\mayaHydra\hydraExtensions\CMakeFiles\mayaHydraLib.dir\hydraUtils.cpp.obj
[2023-11-20T09:23:21.031Z]     [47/107] Building CXX object lib\mayaHydra\hydraExtensions\CMakeFiles\mayaHydraLib.dir\mixedUtils.cpp.obj
[2023-11-20T09:23:22.208Z]     [48/107] Building CXX object lib\mayaHydra\hydraExtensions\CMakeFiles\mayaHydraLib.dir\adapters\mayaAttrs.cpp.obj
[2023-11-20T09:23:22.547Z]     [49/107] Building CXX object lib\mayaHydra\mayaPlugin\CMakeFiles\mayaHydra.dir\plugin.cpp.obj
[2023-11-20T09:23:23.725Z]     [50/107] Building CXX object lib\mayaHydra\mayaPlugin\CMakeFiles\mayaHydra.dir\viewCommand.cpp.obj
[2023-11-20T09:23:24.454Z]     [51/107] Building CXX object lib\mayaHydra\mayaPlugin\CMakeFiles\mayaHydra.dir\renderGlobals.cpp.obj
[2023-11-20T09:23:25.181Z]     [52/107] Building CXX object lib\mayaHydra\mayaPlugin\CMakeFiles\mayaHydra.dir\renderOverride.cpp.obj
[2023-11-20T09:23:25.521Z]     [53/107] Building CXX object lib\mayaHydra\hydraExtensions\CMakeFiles\mayaHydraLib.dir\adapters\adapterRegistry.cpp.obj
[2023-11-20T09:23:25.861Z]     [54/107] Building CXX object lib\mayaHydra\hydraExtensions\CMakeFiles\mayaHydraLib.dir\adapters\adapter.cpp.obj
[2023-11-20T09:23:26.589Z]     [55/107] Building CXX object lib\mayaHydra\hydraExtensions\CMakeFiles\mayaHydraLib.dir\adapters\tokens.cpp.obj
[2023-11-20T09:23:28.291Z]     [56/107] Building CXX object lib\mayaHydra\hydraExtensions\CMakeFiles\mayaHydraLib.dir\adapters\dagAdapter.cpp.obj
[2023-11-20T09:23:28.291Z]     [57/107] Building CXX object lib\mayaHydra\hydraExtensions\CMakeFiles\mayaHydraLib.dir\adapters\renderItemAdapter.cpp.obj
[2023-11-20T09:23:29.019Z]     [58/107] Building CXX object lib\mayaHydra\hydraExtensions\CMakeFiles\mayaHydraLib.dir\adapters\aiSkydomeLightAdapter.cpp.obj
[2023-11-20T09:23:29.359Z]     [59/107] Building CXX object lib\mayaHydra\hydraExtensions\CMakeFiles\mayaHydraLib.dir\delegates\delegateDebugCodes.cpp.obj
[2023-11-20T09:23:29.359Z]     [60/107] Building CXX object lib\mayaHydra\hydraExtensions\CMakeFiles\mayaHydraLib.dir\adapters\cameraAdapter.cpp.obj
[2023-11-20T09:23:30.088Z]     [61/107] Building CXX object lib\mayaHydra\hydraExtensions\CMakeFiles\mayaHydraLib.dir\mayaHydraSceneProducer.cpp.obj
[2023-11-20T09:23:30.088Z]     [62/107] Building CXX object lib\mayaHydra\hydraExtensions\CMakeFiles\mayaHydraLib.dir\adapters\areaLightAdapter.cpp.obj
[2023-11-20T09:23:30.817Z]     [63/107] Building CXX object lib\mayaHydra\hydraExtensions\CMakeFiles\mayaHydraLib.dir\adapters\directionalLightAdapter.cpp.obj
[2023-11-20T09:23:30.817Z]     [64/107] Building CXX object lib\mayaHydra\hydraExtensions\CMakeFiles\mayaHydraLib.dir\adapters\lightAdapter.cpp.obj
[2023-11-20T09:23:31.156Z]     [65/107] Building CXX object lib\mayaHydra\hydraExtensions\CMakeFiles\mayaHydraLib.dir\adapters\materialNetworkConverter.cpp.obj
[2023-11-20T09:23:31.495Z]     [66/107] Building CXX object lib\flowViewport\CMakeFiles\flowViewport.dir\global.cpp.obj
[2023-11-20T09:23:32.224Z]     [67/107] Linking CXX shared library lib\flowViewport\flowViewport.dll
[2023-11-20T09:23:33.401Z]     [68/107] Building CXX object lib\mayaHydra\hydraExtensions\CMakeFiles\mayaHydraLib.dir\adapters\materialAdapter.cpp.obj
[2023-11-20T09:23:33.401Z]     [69/107] Building CXX object lib\mayaHydra\hydraExtensions\CMakeFiles\mayaHydraLib.dir\adapters\nurbsCurveAdapter.cpp.obj
[2023-11-20T09:23:34.580Z]     [70/107] Building CXX object lib\mayaHydra\hydraExtensions\CMakeFiles\mayaHydraLib.dir\adapters\shapeAdapter.cpp.obj
[2023-11-20T09:23:35.309Z]     [71/107] Building CXX object lib\mayaHydra\hydraExtensions\CMakeFiles\mayaHydraLib.dir\adapters\pointLightAdapter.cpp.obj
[2023-11-20T09:23:35.309Z]     [72/107] Building CXX object lib\mayaHydra\hydraExtensions\CMakeFiles\mayaHydraLib.dir\delegates\delegate.cpp.obj
[2023-11-20T09:23:35.309Z]     [73/107] Building CXX object lib\mayaHydra\hydraExtensions\CMakeFiles\mayaHydraLib.dir\adapters\meshAdapter.cpp.obj
[2023-11-20T09:23:37.615Z]     [74/107] Building CXX object lib\mayaHydra\hydraExtensions\CMakeFiles\mayaHydraLib.dir\adapters\spotLightAdapter.cpp.obj
[2023-11-20T09:23:37.615Z]     [75/107] Building CXX object lib\mayaHydra\hydraExtensions\CMakeFiles\mayaHydraLib.dir\delegates\delegateCtx.cpp.obj
[2023-11-20T09:23:39.314Z]     [76/107] Building CXX object lib\mayaHydra\hydraExtensions\CMakeFiles\mayaHydraLib.dir\sceneIndex\mayaHydraLightDataSource.cpp.obj
[2023-11-20T09:23:39.314Z]     [77/107] Building CXX object lib\mayaHydra\hydraExtensions\CMakeFiles\mayaHydraLib.dir\sceneIndex\mayaHydraPrimvarDataSource.cpp.obj
[2023-11-20T09:23:39.653Z]     [78/107] Automatic MOC for target adskHydraSceneBrowser
[2023-11-20T09:23:39.993Z]     [79/107] Building CXX object lib\mayaHydra\hydraExtensions\CMakeFiles\mayaHydraLib.dir\sceneIndex\mayaHydraDisplayStyleDataSource.cpp.obj
[2023-11-20T09:23:40.333Z]     [80/107] Building CXX object lib\mayaHydra\hydraExtensions\CMakeFiles\mayaHydraLib.dir\sceneIndex\mayaHydraCameraDataSource.cpp.obj
[2023-11-20T09:23:41.511Z]     [81/107] Building CXX object lib\mayaHydra\hydraExtensions\CMakeFiles\mayaHydraLib.dir\sceneIndex\registration.cpp.obj
[2023-11-20T09:23:41.850Z]     [82/107] Building CXX object lib\mayaHydra\hydraExtensions\CMakeFiles\mayaHydraLib.dir\sceneIndex\mayaHydraDefaultLightDataSource.cpp.obj
[2023-11-20T09:23:42.189Z]     [83/107] Building CXX object lib\mayaHydra\hydraExtensions\CMakeFiles\mayaHydraLib.dir\delegates\delegateRegistry.cpp.obj
[2023-11-20T09:23:44.495Z]     [84/107] Building CXX object lib\mayaHydra\hydraExtensions\CMakeFiles\mayaHydraLib.dir\delegates\defaultLightDelegate.cpp.obj
[2023-11-20T09:23:45.223Z]     [85/107] Building CXX object lib\mayaHydra\hydraExtensions\CMakeFiles\mayaHydraLib.dir\delegates\testDelegate.cpp.obj
[2023-11-20T09:23:45.988Z]     [86/107] Building CXX object lib\mayaHydra\hydraExtensions\CMakeFiles\mayaHydraLib.dir\sceneIndex\mayaHydraSceneIndex.cpp.obj
[2023-11-20T09:23:46.423Z]     [87/107] Building CXX object lib\mayaHydra\hydraExtensions\CMakeFiles\mayaHydraLib.dir\delegates\sceneDelegate.cpp.obj
[2023-11-20T09:23:46.762Z]     [88/107] Building CXX object lib\adskHydraSceneBrowser\lib\CMakeFiles\adskHydraSceneBrowser.dir\src\patch\registeredSceneIndexChooser.cpp.obj
[2023-11-20T09:23:47.102Z]     [89/107] Building CXX object lib\adskHydraSceneBrowser\lib\CMakeFiles\adskHydraSceneBrowser.dir\src\patch\sceneIndexObserverLoggingTreeView.cpp.obj
[2023-11-20T09:23:47.102Z]     [90/107] Building CXX object lib\adskHydraSceneBrowser\lib\CMakeFiles\adskHydraSceneBrowser.dir\src\patch\dataSourceValueTreeView.cpp.obj
[2023-11-20T09:23:47.102Z]     [91/107] Building CXX object lib\adskHydraSceneBrowser\lib\CMakeFiles\adskHydraSceneBrowser.dir\src\patch\sceneIndexObserverLoggingWidget.cpp.obj
[2023-11-20T09:23:47.442Z]     [92/107] Building CXX object lib\adskHydraSceneBrowser\lib\CMakeFiles\adskHydraSceneBrowser.dir\src\patch\sceneIndexDebuggerWidget.cpp.obj
[2023-11-20T09:23:47.782Z]     [93/107] Building CXX object lib\adskHydraSceneBrowser\lib\CMakeFiles\adskHydraSceneBrowser.dir\adskHydraSceneBrowser_autogen\mocs_compilation.cpp.obj
[2023-11-20T09:23:48.122Z]     [94/107] Building CXX object lib\adskHydraSceneBrowser\lib\CMakeFiles\adskHydraSceneBrowser.dir\src\patch\dataSourceTreeWidget.cpp.obj
[2023-11-20T09:23:48.122Z]     [95/107] Building CXX object lib\adskHydraSceneBrowser\lib\CMakeFiles\adskHydraSceneBrowser.dir\src\patch\sceneIndexTreeWidget.cpp.obj
[2023-11-20T09:23:48.461Z]     [96/107] Building CXX object lib\mayaHydra\hydraExtensions\CMakeFiles\mayaHydraLib.dir\sceneIndex\mayaHydraDataSource.cpp.obj
[2023-11-20T09:23:48.800Z]     [97/107] Linking CXX shared library lib\adskHydraSceneBrowser\lib\adskHydraSceneBrowser.dll
[2023-11-20T09:23:49.140Z]     [98/107] Building CXX object lib\adskHydraSceneBrowser\test\CMakeFiles\adskHydraSceneBrowserTesting.dir\adskHydraSceneBrowserTesting.cpp.obj
[2023-11-20T09:23:49.479Z]     [99/107] Building CXX object plugin\mayaHydraSceneBrowser\CMakeFiles\mayaHydraSceneBrowser.dir\mayaHydraSceneBrowser.cpp.obj
[2023-11-20T09:23:49.479Z]     [100/107] Linking CXX shared library lib\mayaHydra\hydraExtensions\mayaHydraLib.dll
[2023-11-20T09:23:50.208Z]     [101/107] Building CXX object plugin\mayaHydraSceneBrowserTest\CMakeFiles\mayaHydraSceneBrowserTest.dir\mayaHydraSceneBrowserTestCmd.cpp.obj
[2023-11-20T09:23:50.208Z]     [102/107] Linking CXX shared library plugin\mayaHydraSceneBrowser\mayaHydraSceneBrowser.mll
[2023-11-20T09:23:50.208Z]     [103/107] Linking CXX shared library test\lib\mayaUsd\render\mayaToHydra\cpp\mayaHydraCppTests.mll
[2023-11-20T09:23:50.208Z]     [104/107] Building CXX object lib\adskHydraSceneBrowser\test\CMakeFiles\adskHydraSceneBrowserTesting.dir\adskHydraSceneBrowserTestFixture.cpp.obj
[2023-11-20T09:23:50.208Z]     [105/107] Linking CXX shared library lib\mayaHydra\mayaPlugin\mayaHydra.mll
[2023-11-20T09:23:50.936Z]     [106/107] Linking CXX shared library lib\adskHydraSceneBrowser\test\adskHydraSceneBrowserTesting.dll
[2023-11-20T09:23:51.276Z]     [107/107] Linking CXX shared library plugin\mayaHydraSceneBrowserTest\mayaHydraSceneBrowserTest.mll
[2023-11-20T09:23:51.615Z]     
[2023-11-20T09:23:51.615Z]         Building with settings:
[2023-11-20T09:23:51.615Z]           Source directory          S:\Jenkins\workspace\ECP\ecg-maya-hydra\ecg-maya-hydra-branch-preflight-python3-windows\ecg-maya-hydra\maya-hydra
[2023-11-20T09:23:51.615Z]           Workspace directory       W:\
[2023-11-20T09:23:51.615Z]           Build directory           W:\build\Debug
[2023-11-20T09:23:51.615Z]           Install directory         W:\install\Debug\MayaHydra
[2023-11-20T09:23:51.615Z]           Variant                   Debug
[2023-11-20T09:23:51.615Z]           Python Debug              On
[2023-11-20T09:23:51.615Z]           CMake generator           Ninja
[2023-11-20T09:23:51.615Z]           Build arguments           ['-DCMAKE_MAKE_PROGRAM=P:/shared/Artifactory/Windows/ninja/1.10.2/ccacdf8/ninja.exe', '-DPYTHON_INCLUDE_DIR=P:/shared/Artifactory/Windows/rundev-master-debug/202311130621/runtime/229465b/runTime/include/Python311/Python', '-DPython_EXECUTABLE=P:/shared/Artifactory/Windows/rundev-master-debug/202311130621/runtime/229465b/runTime/bin/mayapy.exe', '-DPYTHON_LIBRARIES=P:/shared/Artifactory/Windows/rundev-master-debug/202311130621/runtime/229465b/runTime/lib/python311_d.lib', '-DBUILD_WITH_PYTHON_3_VERSION=3.11', '-DCMAKE_WANT_MATERIALX_BUILD=ON', '-DCMAKE_PREFIX_PATH=P:\\shared\\Artifactory\\Windows\\USD\\01f407c', '-DMAYAHYDRA_BUILD_NUMBER=409', '-DMAYAHYDRA_GIT_COMMIT=718e8e6b3be7d1b2da5c723cb67dbc73b14509ea', '-DMAYAHYDRA_GIT_BRANCH=master']
[2023-11-20T09:23:51.615Z]           Stages arguments          ['build']
[2023-11-20T09:23:51.615Z]           CTest arguments           ['--parallel 16']
[2023-11-20T09:23:51.615Z]     Success MayaHydra build and install !!!!
[2023-11-20T09:23:51.615Z]     Elapsed time: 00:00:45
[Pipeline] bat
[2023-11-20T09:23:52.303Z] Deleting alias drive W:
[Pipeline] bat
[2023-11-20T09:23:52.982Z] Deleting alias drive P:
[Pipeline] bat
[2023-11-20T09:23:53.895Z] Creating alias drive P: to S:\jenkins\workspace
[Pipeline] bat
[2023-11-20T09:23:54.511Z] Creating alias drive W: to S:\Jenkins\workspace\ECP\ecg-maya-hydra\ecg-maya-hydra-branch-preflight-python3-windows
[Pipeline] bat
[2023-11-20T09:23:55.252Z] "C:\Program Files\Microsoft Visual Studio\2022\Professional\VC\Auxiliary\Build\vcvarsall.bat" x64
[2023-11-20T09:23:55.254Z] **********************************************************************
[2023-11-20T09:23:55.254Z] ** Visual Studio 2022 Developer Command Prompt v17.3.2
[2023-11-20T09:23:55.254Z] ** Copyright (c) 2022 Microsoft Corporation
[2023-11-20T09:23:55.254Z] **********************************************************************
[2023-11-20T09:23:56.953Z] [vcvarsall.bat] Environment initialized for: 'x64'
[2023-11-20T09:23:56.953Z] python ecg-maya-hydra/build.py --stages=build --workspace-dir=W:\ --artifactory-dir=P:\shared\Artifactory --build-dir=W:\build --install-dir=W:\install --signing-dir=W:\signing --package-dir=W:\package --output-dir=W:\output --stash-dir=W:\stash --jenkins-build=409 --git-commit=718e8e6b3be7d1b2da5c723cb67dbc73b14509ea --git-branch=master --variants=RelWithDebInfo --interactive-tests=true --post-zips=false --osx-binary-architecture-target=ub2 --osx-deployment-target=11.0 --osx-base-sdk=CurrentActiveSDK --build-retry=3 --maya-cut-config=maya-rundev-master.yaml --maya-package=rundev-master --stage-banner
[2023-11-20T09:23:57.681Z] Using Maya cut from P:\shared\Artifactory\Windows\rundev-master\202311130812\runtime\4053eca
[2023-11-20T09:23:57.681Z] Using Maya ADSK Signatures from P:\shared\Artifactory\Windows\adsk-plugin-signatures-maya\2023\3ae1ae7
[2023-11-20T09:23:57.681Z] Using Maya Security Library from P:\shared\Artifactory\Windows\maya-security-library\3.4.0\284407f
[2023-11-20T09:23:57.681Z] 
[2023-11-20T09:23:57.681Z] ================================================================================
[2023-11-20T09:23:57.681Z]                              build (RelWithDebInfo)
[2023-11-20T09:23:57.681Z] ================================================================================
[2023-11-20T09:23:57.681Z] Maya Python RelWithDebInfo Info:
[2023-11-20T09:23:57.681Z]   mayapy executable   = P:\shared\Artifactory\Windows\rundev-master\202311130812\runtime\4053eca\runTime\bin\mayapy.exe
[2023-11-20T09:23:57.681Z]   Include Folder      = P:\shared\Artifactory\Windows\rundev-master\202311130812\runtime\4053eca\runTime\include\Python311\Python
[2023-11-20T09:23:57.681Z]   Library             = P:\shared\Artifactory\Windows\rundev-master\202311130812\runtime\4053eca\runTime\lib\python311.lib
[2023-11-20T09:23:57.681Z]   site-package Folder = P:\shared\Artifactory\Windows\rundev-master\202311130812\runtime\4053eca\runTime\Python\Lib\site-packages
[2023-11-20T09:23:58.860Z] In workdir: S:\Jenkins\workspace\ECP\ecg-maya-hydra\ecg-maya-hydra-branch-preflight-python3-windows\ecg-maya-hydra\maya-hydra
[2023-11-20T09:23:58.860Z] Executing: 'P:\\shared\\Artifactory\\Windows\\rundev-master\\202311130812\\runtime\\4053eca\\runTime\\bin\\mayapy.exe' 'S:\\Jenkins\\workspace\\ECP\\ecg-maya-hydra\\ecg-maya-hydra-branch-preflight-python3-windows\\ecg-maya-hydra\\maya-hydra\\build.py' --generator Ninja --build-relwithdebug --maya-location 'P:\\shared\\Artifactory\\Windows\\rundev-master\\202311130812\\runtime\\4053eca\\runTime' --devkit-location 'P:\\shared\\Artifactory\\Windows\\rundev-master\\202311130812\\runtime\\4053eca\\devkitBase' --pxrusd-location 'P:\\shared\\Artifactory\\Windows\\USD\\6a9558d' '--build-args=-DCMAKE_MAKE_PROGRAM=P:/shared/Artifactory/Windows/ninja/1.10.2/ccacdf8/ninja.exe,-DPYTHON_INCLUDE_DIR=P:/shared/Artifactory/Windows/rundev-master/202311130812/runtime/4053eca/runTime/include/Python311/Python,-DPython_EXECUTABLE=P:/shared/Artifactory/Windows/rundev-master/202311130812/runtime/4053eca/runTime/bin/mayapy.exe,-DPYTHON_LIBRARIES=P:/shared/Artifactory/Windows/rundev-master/202311130812/runtime/4053eca/runTime/lib/python311.lib,-DBUILD_WITH_PYTHON_3_VERSION=3.11,-DCMAKE_WANT_MATERIALX_BUILD=ON,-DCMAKE_PREFIX_PATH=P:\\shared\\Artifactory\\Windows\\USD\\6a9558d,-DMAYAHYDRA_BUILD_NUMBER=409,-DMAYAHYDRA_GIT_COMMIT=718e8e6b3be7d1b2da5c723cb67dbc73b14509ea,-DMAYAHYDRA_GIT_BRANCH=master' '--ctest-args=--parallel 16' --stages=build --redirect-outstream-file=False --install-location 'W:\\install\\RelWithDebInfo\\MayaHydra' 'W:\\'
[2023-11-20T09:23:58.860Z] Modified environment variables:
[2023-11-20T09:23:58.860Z]     PATH=P:\shared\Artifactory\Windows\cmake\3.20.3\afe857a\bin;C:\Python27\lib\site-packages\pywin32_system32;C:\Program Files\Microsoft Visual Studio\2022\Professional\VC\Tools\MSVC\14.33.31629\bin\HostX64\x64;C:\Program Files\Microsoft Visual Studio\2022\Professional\Common7\IDE\VC\VCPackages;C:\Program Files\Microsoft Visual Studio\2022\Professional\Common7\IDE\CommonExtensions\Microsoft\TestWindow;C:\Program Files\Microsoft Visual Studio\2022\Professional\Common7\IDE\CommonExtensions\Microsoft\TeamFoundation\Team Explorer;C:\Program Files\Microsoft Visual Studio\2022\Professional\MSBuild\Current\bin\Roslyn;C:\Program Files\Microsoft Visual Studio\2022\Professional\Team Tools\Performance Tools\x64;C:\Program Files\Microsoft Visual Studio\2022\Professional\Team Tools\Performance Tools;C:\Program Files (x86)\Microsoft Visual Studio\Shared\Common\VSPerfCollectionTools\vs2019\\x64;C:\Program Files (x86)\Microsoft Visual Studio\Shared\Common\VSPerfCollectionTools\vs2019\;C:\Program Files (x86)\Microsoft SDKs\Windows\v10.0A\bin\NETFX 4.8 Tools\x64\;C:\Program Files (x86)\HTML Help Workshop;C:\Program Files\Microsoft Visual Studio\2022\Professional\Common7\IDE\CommonExtensions\Microsoft\FSharp\Tools;C:\Program Files (x86)\Windows Kits\10\bin\10.0.19041.0\\x64;C:\Program Files (x86)\Windows Kits\10\bin\\x64;C:\Program Files\Microsoft Visual Studio\2022\Professional\\MSBuild\Current\Bin\amd64;C:\WINDOWS\Microsoft.NET\Framework64\v4.0.30319;C:\Program Files\Microsoft Visual Studio\2022\Professional\Common7\IDE\;C:\Program Files\Microsoft Visual Studio\2022\Professional\Common7\Tools\;C:\Python27\;C:\Python27\Scripts;C:\WINDOWS\system32;C:\WINDOWS;C:\WINDOWS\System32\Wbem;C:\WINDOWS\System32\WindowsPowerShell\v1.0\;C:\WINDOWS\System32\OpenSSH\;C:\ProgramData\chocolatey\bin;C:\Program Files (x86)\WiX Toolset v3.7\bin;C:\Program Files\dotnet\;C:\Program Files\Zulu\zulu-11\bin\;C:\Program Files (x86)\Windows Kits\10\bin\10.0.19041.0\x64;C:\Program Files (x86)\Windows Kits\10\bin\10.0.18362.0\x64;C:\Program Files (x86)\Windows Kits\10\bin\10.0.17763.0\x64;C:\Program Files (x86)\Windows Kits\10\bin\x64;C:\Strawberry\c\bin;C:\Strawberry\perl\site\bin;C:\Strawberry\perl\bin;C:\Program Files\Git\cmd;C:\Program Files\Git\usr\bin;C:\Program Files\Git\mingw64\bin;C:\Program Files\Git\bin;C:\Python38\;C:\Python38\Scripts;C:\StoreBoxClientWindows;C:\Program Files\Electric Cloud\ElectricCommander\bin;C:\Program Files\WinRAR;C:\Program Files\7-Zip;C:\Users\Administrator\AppData\Local\Microsoft\WindowsApps;C:\Users\Administrator\.dotnet\tools;C:\Program Files\Microsoft Visual Studio\2022\Professional\Common7\IDE\CommonExtensions\Microsoft\CMake\CMake\bin;C:\Program Files\Microsoft Visual Studio\2022\Professional\Common7\IDE\CommonExtensions\Microsoft\CMake\Ninja;C:\Program Files\Microsoft Visual Studio\2022\Professional\Common7\IDE\VC\Linux\bin\ConnectionManagerExe
[2023-11-20T09:23:59.590Z]     [1/107] Building CXX object lib\flowViewport\CMakeFiles\flowViewport.dir\API\interfacesImp\fvpVersionInterfaceImp.cpp.obj
[2023-11-20T09:23:59.590Z]     [2/107] Building CXX object lib\flowViewport\CMakeFiles\flowViewport.dir\sceneIndex\fvpPathInterface.cpp.obj
[2023-11-20T09:23:59.929Z]     [3/107] Building CXX object lib\flowViewport\CMakeFiles\flowViewport.dir\selection\fvpSelectionFwd.cpp.obj
[2023-11-20T09:24:00.268Z]     [4/107] Building CXX object lib\flowViewport\CMakeFiles\flowViewport.dir\tokens.cpp.obj
[2023-11-20T09:24:00.608Z]     [5/107] Building CXX object lib\flowViewport\CMakeFiles\flowViewport.dir\colorPreferences\fvpColorPreferencesTokens.cpp.obj
[2023-11-20T09:24:00.949Z]     [6/107] Building CXX object lib\flowViewport\CMakeFiles\flowViewport.dir\global.cpp.obj
[2023-11-20T09:24:00.949Z]     [7/107] Building CXX object lib\flowViewport\CMakeFiles\flowViewport.dir\colorPreferences\fvpColorChanged.cpp.obj
[2023-11-20T09:24:00.949Z]     [8/107] Building CXX object lib\flowViewport\CMakeFiles\flowViewport.dir\colorPreferences\fvpColorPreferences.cpp.obj
[2023-11-20T09:24:01.289Z]     [9/107] Building CXX object lib\flowViewport\CMakeFiles\flowViewport.dir\API\samples\fvpSelectionClientExample.cpp.obj
[2023-11-20T09:24:01.289Z]     [10/107] Building CXX object lib\flowViewport\CMakeFiles\flowViewport.dir\API\interfacesImp\fvpSelectionInterfaceImp.cpp.obj
[2023-11-20T09:24:02.987Z]     [11/107] Building CXX object test\lib\mayaUsd\render\mayaToHydra\cpp\CMakeFiles\mayaHydraCppTests.dir\testCppFramework.cpp.obj
[2023-11-20T09:24:03.716Z]     [12/107] Building CXX object test\lib\mayaUsd\render\mayaToHydra\cpp\CMakeFiles\mayaHydraCppTests.dir\testColorPreferences.cpp.obj
[2023-11-20T09:24:04.444Z]     [13/107] Building CXX object test\lib\mayaUsd\render\mayaToHydra\cpp\CMakeFiles\mayaHydraCppTests.dir\mayaHydraCppTestsCmd.cpp.obj
[2023-11-20T09:24:05.173Z]     [14/107] Building CXX object lib\flowViewport\CMakeFiles\flowViewport.dir\sceneIndex\fvpMergingSceneIndex.cpp.obj
[2023-11-20T09:24:05.173Z]     [15/107] Building CXX object lib\flowViewport\CMakeFiles\flowViewport.dir\API\samples\fvpInformationClientExample.cpp.obj
[2023-11-20T09:24:05.173Z]     [16/107] Building CXX object lib\flowViewport\CMakeFiles\flowViewport.dir\sceneIndex\fvpPathInterfaceSceneIndex.cpp.obj
[2023-11-20T09:24:05.513Z]     [17/107] Building CXX object lib\flowViewport\CMakeFiles\flowViewport.dir\API\perViewportSceneIndicesData\fvpViewportInformationAndSceneIndicesPerViewportData.cpp.obj
[2023-11-20T09:24:05.513Z]     [18/107] Building CXX object lib\flowViewport\CMakeFiles\flowViewport.dir\API\interfacesImp\fvpInformationInterfaceImp.cpp.obj
[2023-11-20T09:24:05.852Z]     [19/107] Building CXX object lib\flowViewport\CMakeFiles\flowViewport.dir\sceneIndex\fvpSelectionSceneIndex.cpp.obj
[2023-11-20T09:24:06.581Z]     [20/107] Building CXX object lib\flowViewport\CMakeFiles\flowViewport.dir\sceneIndex\fvpWireframeSelectionHighlightSceneIndex.cpp.obj
[2023-11-20T09:24:06.921Z]     [21/107] Building CXX object lib\flowViewport\CMakeFiles\flowViewport.dir\sceneIndex\fvpRenderIndexProxy.cpp.obj
[2023-11-20T09:24:06.921Z]     [22/107] Building CXX object lib\flowViewport\CMakeFiles\flowViewport.dir\selection\fvpSelection.cpp.obj
[2023-11-20T09:24:07.261Z]     [23/107] Building CXX object lib\mayaHydra\mayaPlugin\CMakeFiles\mayaHydra.dir\mayaColorPreferencesTranslator.cpp.obj
[2023-11-20T09:24:07.261Z]     [24/107] Building CXX object test\lib\mayaUsd\render\mayaToHydra\cpp\CMakeFiles\mayaHydraCppTests.dir\testMayaUsdUfeItems.cpp.obj
[2023-11-20T09:24:08.002Z]     [25/107] Building CXX object lib\flowViewport\CMakeFiles\flowViewport.dir\selection\fvpSelectionTask.cpp.obj
[2023-11-20T09:24:08.002Z]     [26/107] Building CXX object lib\mayaHydra\mayaPlugin\CMakeFiles\mayaHydra.dir\colorNotFoundException.cpp.obj
[2023-11-20T09:24:08.342Z]     [27/107] Building CXX object lib\mayaHydra\mayaPlugin\CMakeFiles\mayaHydra.dir\pluginDebugCodes.cpp.obj
[2023-11-20T09:24:08.342Z]     [28/107] Building CXX object lib\mayaHydra\mayaPlugin\CMakeFiles\mayaHydra.dir\tokens.cpp.obj
[2023-11-20T09:24:08.342Z]     [29/107] Building CXX object lib\flowViewport\CMakeFiles\flowViewport.dir\API\perViewportSceneIndicesData\fvpViewportInformationAndSceneIndicesPerViewportDataManager.cpp.obj
[2023-11-20T09:24:08.342Z]     [30/107] Building CXX object lib\flowViewport\CMakeFiles\flowViewport.dir\selection\fvpSelectionTracker.cpp.obj
[2023-11-20T09:24:08.681Z]     [31/107] Building CXX object test\lib\mayaUsd\render\mayaToHydra\cpp\CMakeFiles\mayaHydraCppTests.dir\testMayaSceneFlattening.cpp.obj
[2023-11-20T09:24:09.021Z]     [32/107] Building CXX object lib\mayaHydra\hydraExtensions\CMakeFiles\mayaHydraLib.dir\debugCodes.cpp.obj
[2023-11-20T09:24:09.360Z]     [33/107] Building CXX object lib\mayaHydra\hydraExtensions\CMakeFiles\mayaHydraLib.dir\mayaUtils.cpp.obj
[2023-11-20T09:24:10.089Z]     [34/107] Building CXX object test\lib\mayaUsd\render\mayaToHydra\cpp\CMakeFiles\mayaHydraCppTests.dir\testFvpViewportInformationMultipleViewports.cpp.obj
[2023-11-20T09:24:11.787Z]     [35/107] Building CXX object test\lib\mayaUsd\render\mayaToHydra\cpp\CMakeFiles\mayaHydraCppTests.dir\testUtils.cpp.obj
[2023-11-20T09:24:12.127Z]     [36/107] Building CXX object test\lib\mayaUsd\render\mayaToHydra\cpp\CMakeFiles\mayaHydraCppTests.dir\testFvpViewportInformationRendererSwitching.cpp.obj
[2023-11-20T09:24:12.467Z]     [37/107] Building CXX object test\lib\mayaUsd\render\mayaToHydra\cpp\CMakeFiles\mayaHydraCppTests.dir\testSelectionSceneIndex.cpp.obj
[2023-11-20T09:24:13.195Z]     [38/107] Building CXX object test\lib\mayaUsd\render\mayaToHydra\cpp\CMakeFiles\mayaHydraCppTests.dir\testWireframeSelectionHighlightSceneIndex.cpp.obj
[2023-11-20T09:24:13.195Z]     [39/107] Building CXX object lib\mayaHydra\hydraExtensions\CMakeFiles\mayaHydraLib.dir\adapters\adapterDebugCodes.cpp.obj
[2023-11-20T09:24:13.534Z]     [40/107] Building CXX object lib\mayaHydra\hydraExtensions\CMakeFiles\mayaHydraLib.dir\mhBuildInfo.cpp.obj
[2023-11-20T09:24:13.882Z]     [41/107] Building CXX object lib\mayaHydra\hydraExtensions\CMakeFiles\mayaHydraLib.dir\mayaHydraLibInterfaceImp.cpp.obj
[2023-11-20T09:24:14.611Z]     [42/107] Building CXX object lib\mayaHydra\mayaPlugin\CMakeFiles\mayaHydra.dir\pluginUtils.cpp.obj
[2023-11-20T09:24:14.950Z]     [43/107] Building CXX object lib\mayaHydra\hydraExtensions\CMakeFiles\mayaHydraLib.dir\hydraUtils.cpp.obj
[2023-11-20T09:24:16.128Z]     [44/107] Building CXX object test\lib\mayaUsd\render\mayaToHydra\cpp\CMakeFiles\mayaHydraCppTests.dir\testMergingSceneIndex.cpp.obj
[2023-11-20T09:24:16.467Z]     [45/107] Building CXX object lib\mayaHydra\mayaPlugin\CMakeFiles\mayaHydra.dir\plugin.cpp.obj
[2023-11-20T09:24:17.195Z]     [46/107] Building CXX object lib\mayaHydra\hydraExtensions\CMakeFiles\mayaHydraLib.dir\adapters\mayaAttrs.cpp.obj
[2023-11-20T09:24:17.535Z]     [47/107] Building CXX object lib\mayaHydra\mayaPlugin\CMakeFiles\mayaHydra.dir\viewCommand.cpp.obj
[2023-11-20T09:24:17.875Z]     [48/107] Building CXX object lib\mayaHydra\hydraExtensions\CMakeFiles\mayaHydraLib.dir\mixedUtils.cpp.obj
[2023-11-20T09:24:19.575Z]     [49/107] Building CXX object lib\mayaHydra\mayaPlugin\CMakeFiles\mayaHydra.dir\renderOverride.cpp.obj
[2023-11-20T09:24:20.306Z]     [50/107] Building CXX object lib\mayaHydra\mayaPlugin\CMakeFiles\mayaHydra.dir\renderGlobals.cpp.obj
[2023-11-20T09:24:20.645Z]     [51/107] Building CXX object lib\mayaHydra\hydraExtensions\CMakeFiles\mayaHydraLib.dir\adapters\renderItemAdapter.cpp.obj
[2023-11-20T09:24:20.986Z]     [52/107] Building CXX object lib\mayaHydra\hydraExtensions\CMakeFiles\mayaHydraLib.dir\adapters\directionalLightAdapter.cpp.obj
[2023-11-20T09:24:21.325Z]     [53/107] Building CXX object lib\mayaHydra\hydraExtensions\CMakeFiles\mayaHydraLib.dir\adapters\dagAdapter.cpp.obj
[2023-11-20T09:24:21.665Z]     [54/107] Building CXX object lib\mayaHydra\hydraExtensions\CMakeFiles\mayaHydraLib.dir\adapters\cameraAdapter.cpp.obj
[2023-11-20T09:24:22.005Z]     [55/107] Building CXX object lib\mayaHydra\hydraExtensions\CMakeFiles\mayaHydraLib.dir\adapters\tokens.cpp.obj
[2023-11-20T09:24:25.021Z]     [56/107] Building CXX object lib\mayaHydra\hydraExtensions\CMakeFiles\mayaHydraLib.dir\adapters\adapter.cpp.obj
[2023-11-20T09:24:25.021Z]     [57/107] Building CXX object lib\mayaHydra\hydraExtensions\CMakeFiles\mayaHydraLib.dir\adapters\areaLightAdapter.cpp.obj
[2023-11-20T09:24:26.199Z]     [58/107] Building CXX object lib\mayaHydra\hydraExtensions\CMakeFiles\mayaHydraLib.dir\adapters\adapterRegistry.cpp.obj
[2023-11-20T09:24:26.538Z]     [59/107] Building CXX object lib\mayaHydra\hydraExtensions\CMakeFiles\mayaHydraLib.dir\adapters\aiSkydomeLightAdapter.cpp.obj
[2023-11-20T09:24:27.715Z]     [60/107] Building CXX object lib\mayaHydra\hydraExtensions\CMakeFiles\mayaHydraLib.dir\delegates\delegateDebugCodes.cpp.obj
[2023-11-20T09:24:28.893Z]     [61/107] Building CXX object lib\mayaHydra\hydraExtensions\CMakeFiles\mayaHydraLib.dir\adapters\meshAdapter.cpp.obj
[2023-11-20T09:24:29.622Z]     [62/107] Building CXX object lib\mayaHydra\hydraExtensions\CMakeFiles\mayaHydraLib.dir\mayaHydraSceneProducer.cpp.obj
[2023-11-20T09:24:29.961Z]     [63/107] Building CXX object lib\mayaHydra\hydraExtensions\CMakeFiles\mayaHydraLib.dir\adapters\materialNetworkConverter.cpp.obj
[2023-11-20T09:24:30.690Z]     [64/107] Building CXX object lib\mayaHydra\hydraExtensions\CMakeFiles\mayaHydraLib.dir\adapters\lightAdapter.cpp.obj
[2023-11-20T09:24:31.029Z]     [65/107] Building CXX object lib\mayaHydra\hydraExtensions\CMakeFiles\mayaHydraLib.dir\adapters\shapeAdapter.cpp.obj
[2023-11-20T09:24:31.029Z]     [66/107] Building CXX object lib\mayaHydra\hydraExtensions\CMakeFiles\mayaHydraLib.dir\adapters\nurbsCurveAdapter.cpp.obj
[2023-11-20T09:24:31.757Z]     [67/107] Building CXX object lib\mayaHydra\hydraExtensions\CMakeFiles\mayaHydraLib.dir\delegates\delegateCtx.cpp.obj
[2023-11-20T09:24:32.097Z]     [68/107] Building CXX object lib\mayaHydra\hydraExtensions\CMakeFiles\mayaHydraLib.dir\delegates\delegate.cpp.obj
[2023-11-20T09:24:33.796Z]     [69/107] Building CXX object lib\mayaHydra\hydraExtensions\CMakeFiles\mayaHydraLib.dir\adapters\materialAdapter.cpp.obj
[2023-11-20T09:24:34.136Z]     [70/107] Building CXX object lib\mayaHydra\ufeExtensions\CMakeFiles\ufeExtensions.dir\Global.cpp.obj
[2023-11-20T09:24:34.864Z]     [71/107] Building CXX object lib\mayaHydra\hydraExtensions\CMakeFiles\mayaHydraLib.dir\sceneIndex\registration.cpp.obj
[2023-11-20T09:24:34.864Z]     [72/107] Linking CXX shared library lib\mayaHydra\ufeExtensions\ufeExtensions.dll
[2023-11-20T09:24:35.204Z]     [73/107] Building CXX object lib\mayaHydra\hydraExtensions\CMakeFiles\mayaHydraLib.dir\delegates\delegateRegistry.cpp.obj
[2023-11-20T09:24:35.204Z]     [74/107] Building CXX object lib\mayaHydra\hydraExtensions\CMakeFiles\mayaHydraLib.dir\adapters\pointLightAdapter.cpp.obj
[2023-11-20T09:24:35.543Z]     [75/107] Building CXX object lib\flowViewport\CMakeFiles\flowViewport.dir\debugCodes.cpp.obj
[2023-11-20T09:24:36.272Z]     [76/107] Building CXX object lib\mayaHydra\hydraExtensions\CMakeFiles\mayaHydraLib.dir\adapters\spotLightAdapter.cpp.obj
[2023-11-20T09:24:36.611Z]     [77/107] Linking CXX shared library lib\flowViewport\flowViewport.dll
[2023-11-20T09:24:37.788Z]     [78/107] Building CXX object lib\mayaHydra\hydraExtensions\CMakeFiles\mayaHydraLib.dir\delegates\sceneDelegate.cpp.obj
[2023-11-20T09:24:40.094Z]     [79/107] Building CXX object lib\mayaHydra\hydraExtensions\CMakeFiles\mayaHydraLib.dir\sceneIndex\mayaHydraPrimvarDataSource.cpp.obj
[2023-11-20T09:24:40.094Z]     [80/107] Automatic MOC for target adskHydraSceneBrowser
[2023-11-20T09:24:41.276Z]     [81/107] Building CXX object lib\mayaHydra\hydraExtensions\CMakeFiles\mayaHydraLib.dir\sceneIndex\mayaHydraCameraDataSource.cpp.obj
[2023-11-20T09:24:42.007Z]     [82/107] Building CXX object lib\mayaHydra\hydraExtensions\CMakeFiles\mayaHydraLib.dir\sceneIndex\mayaHydraDataSource.cpp.obj
[2023-11-20T09:24:42.346Z]     [83/107] Building CXX object lib\mayaHydra\hydraExtensions\CMakeFiles\mayaHydraLib.dir\sceneIndex\mayaHydraDisplayStyleDataSource.cpp.obj
[2023-11-20T09:24:42.686Z]     [84/107] Building CXX object lib\mayaHydra\hydraExtensions\CMakeFiles\mayaHydraLib.dir\delegates\defaultLightDelegate.cpp.obj
[2023-11-20T09:24:42.686Z]     [85/107] Building CXX object lib\mayaHydra\hydraExtensions\CMakeFiles\mayaHydraLib.dir\sceneIndex\mayaHydraLightDataSource.cpp.obj
[2023-11-20T09:24:42.686Z]     [86/107] Building CXX object lib\mayaHydra\hydraExtensions\CMakeFiles\mayaHydraLib.dir\delegates\testDelegate.cpp.obj
[2023-11-20T09:24:47.523Z]     [87/107] Building CXX object lib\mayaHydra\hydraExtensions\CMakeFiles\mayaHydraLib.dir\sceneIndex\mayaHydraDefaultLightDataSource.cpp.obj
[2023-11-20T09:24:47.862Z]     [88/107] Building CXX object lib\mayaHydra\hydraExtensions\CMakeFiles\mayaHydraLib.dir\sceneIndex\mayaHydraSceneIndex.cpp.obj
[2023-11-20T09:24:47.862Z]     [89/107] Building CXX object lib\adskHydraSceneBrowser\lib\CMakeFiles\adskHydraSceneBrowser.dir\src\patch\dataSourceValueTreeView.cpp.obj
[2023-11-20T09:24:47.862Z]     [90/107] Building CXX object lib\adskHydraSceneBrowser\lib\CMakeFiles\adskHydraSceneBrowser.dir\src\patch\sceneIndexObserverLoggingWidget.cpp.obj
[2023-11-20T09:24:48.202Z]     [91/107] Building CXX object lib\adskHydraSceneBrowser\lib\CMakeFiles\adskHydraSceneBrowser.dir\src\patch\registeredSceneIndexChooser.cpp.obj
[2023-11-20T09:24:48.541Z]     [92/107] Building CXX object lib\adskHydraSceneBrowser\lib\CMakeFiles\adskHydraSceneBrowser.dir\src\patch\sceneIndexObserverLoggingTreeView.cpp.obj
[2023-11-20T09:24:48.541Z]     [93/107] Building CXX object lib\adskHydraSceneBrowser\lib\CMakeFiles\adskHydraSceneBrowser.dir\adskHydraSceneBrowser_autogen\mocs_compilation.cpp.obj
[2023-11-20T09:24:49.270Z]     [94/107] Building CXX object lib\adskHydraSceneBrowser\lib\CMakeFiles\adskHydraSceneBrowser.dir\src\patch\dataSourceTreeWidget.cpp.obj
[2023-11-20T09:24:49.270Z]     [95/107] Linking CXX shared library lib\mayaHydra\hydraExtensions\mayaHydraLib.dll
[2023-11-20T09:24:49.270Z]     [96/107] Building CXX object lib\adskHydraSceneBrowser\lib\CMakeFiles\adskHydraSceneBrowser.dir\src\patch\sceneIndexDebuggerWidget.cpp.obj
[2023-11-20T09:24:49.270Z]     [97/107] Building CXX object lib\adskHydraSceneBrowser\test\CMakeFiles\adskHydraSceneBrowserTesting.dir\adskHydraSceneBrowserTesting.cpp.obj
[2023-11-20T09:24:49.270Z]     [98/107] Building CXX object lib\adskHydraSceneBrowser\lib\CMakeFiles\adskHydraSceneBrowser.dir\src\patch\sceneIndexTreeWidget.cpp.obj
[2023-11-20T09:24:49.270Z]     [99/107] Building CXX object plugin\mayaHydraSceneBrowser\CMakeFiles\mayaHydraSceneBrowser.dir\mayaHydraSceneBrowser.cpp.obj
[2023-11-20T09:24:49.610Z]     [100/107] Building CXX object plugin\mayaHydraSceneBrowserTest\CMakeFiles\mayaHydraSceneBrowserTest.dir\mayaHydraSceneBrowserTestCmd.cpp.obj
[2023-11-20T09:24:49.610Z]     [101/107] Linking CXX shared library test\lib\mayaUsd\render\mayaToHydra\cpp\mayaHydraCppTests.mll
[2023-11-20T09:24:49.610Z]     [102/107] Linking CXX shared library lib\mayaHydra\mayaPlugin\mayaHydra.mll
[2023-11-20T09:24:49.950Z]     [103/107] Linking CXX shared library lib\adskHydraSceneBrowser\lib\adskHydraSceneBrowser.dll
[2023-11-20T09:24:50.678Z]     [104/107] Linking CXX shared library plugin\mayaHydraSceneBrowser\mayaHydraSceneBrowser.mll
[2023-11-20T09:24:51.857Z]     [105/107] Building CXX object lib\adskHydraSceneBrowser\test\CMakeFiles\adskHydraSceneBrowserTesting.dir\adskHydraSceneBrowserTestFixture.cpp.obj
[2023-11-20T09:24:52.586Z]     [106/107] Linking CXX shared library lib\adskHydraSceneBrowser\test\adskHydraSceneBrowserTesting.dll
[2023-11-20T09:24:52.925Z]     [107/107] Linking CXX shared library plugin\mayaHydraSceneBrowserTest\mayaHydraSceneBrowserTest.mll
[2023-11-20T09:24:52.925Z]     
[2023-11-20T09:24:52.925Z]         Building with settings:
[2023-11-20T09:24:52.925Z]           Source directory          S:\Jenkins\workspace\ECP\ecg-maya-hydra\ecg-maya-hydra-branch-preflight-python3-windows\ecg-maya-hydra\maya-hydra
[2023-11-20T09:24:52.925Z]           Workspace directory       W:\
[2023-11-20T09:24:52.925Z]           Build directory           W:\build\RelWithDebInfo
[2023-11-20T09:24:52.925Z]           Install directory         W:\install\RelWithDebInfo\MayaHydra
[2023-11-20T09:24:52.925Z]           Variant                   RelWithDebInfo
[2023-11-20T09:24:52.925Z]           Python Debug              Off
[2023-11-20T09:24:52.925Z]           CMake generator           Ninja
[2023-11-20T09:24:52.925Z]           Build arguments           ['-DCMAKE_MAKE_PROGRAM=P:/shared/Artifactory/Windows/ninja/1.10.2/ccacdf8/ninja.exe', '-DPYTHON_INCLUDE_DIR=P:/shared/Artifactory/Windows/rundev-master/202311130812/runtime/4053eca/runTime/include/Python311/Python', '-DPython_EXECUTABLE=P:/shared/Artifactory/Windows/rundev-master/202311130812/runtime/4053eca/runTime/bin/mayapy.exe', '-DPYTHON_LIBRARIES=P:/shared/Artifactory/Windows/rundev-master/202311130812/runtime/4053eca/runTime/lib/python311.lib', '-DBUILD_WITH_PYTHON_3_VERSION=3.11', '-DCMAKE_WANT_MATERIALX_BUILD=ON', '-DCMAKE_PREFIX_PATH=P:\\shared\\Artifactory\\Windows\\USD\\6a9558d', '-DMAYAHYDRA_BUILD_NUMBER=409', '-DMAYAHYDRA_GIT_COMMIT=718e8e6b3be7d1b2da5c723cb67dbc73b14509ea', '-DMAYAHYDRA_GIT_BRANCH=master']
[2023-11-20T09:24:52.925Z]           Stages arguments          ['build']
[2023-11-20T09:24:52.925Z]           CTest arguments           ['--parallel 16']
[2023-11-20T09:24:52.925Z]     Success MayaHydra build and install !!!!
[2023-11-20T09:24:52.925Z]     Elapsed time: 00:00:53
[Pipeline] bat
[2023-11-20T09:24:53.530Z] Deleting alias drive W:
[Pipeline] bat
[2023-11-20T09:24:54.137Z] Deleting alias drive P:
[Pipeline] }
[Pipeline] // withEnv
[Pipeline] }
[Pipeline] // timeout
[Pipeline] }
[Pipeline] // stage
[Pipeline] }
[Pipeline] // timestamps
[Pipeline] timestamps
[Pipeline] {
[Pipeline] stage
[Pipeline] { (Install)
[Pipeline] timeout
[2023-11-20T09:24:54.330Z] Timeout set to expire in 6 hr 0 min
[Pipeline] {
[Pipeline] withEnv
[Pipeline] {
[Pipeline] bat
[2023-11-20T09:24:54.915Z] Creating alias drive P: to S:\jenkins\workspace
[Pipeline] bat
[2023-11-20T09:24:55.528Z] Creating alias drive W: to S:\Jenkins\workspace\ECP\ecg-maya-hydra\ecg-maya-hydra-branch-preflight-python3-windows
[Pipeline] bat
[2023-11-20T09:24:56.259Z] "C:\Program Files\Microsoft Visual Studio\2022\Professional\VC\Auxiliary\Build\vcvarsall.bat" x64
[2023-11-20T09:24:56.259Z] **********************************************************************
[2023-11-20T09:24:56.259Z] ** Visual Studio 2022 Developer Command Prompt v17.3.2
[2023-11-20T09:24:56.259Z] ** Copyright (c) 2022 Microsoft Corporation
[2023-11-20T09:24:56.259Z] **********************************************************************
[2023-11-20T09:24:57.958Z] [vcvarsall.bat] Environment initialized for: 'x64'
[2023-11-20T09:24:57.958Z] python ecg-maya-hydra/build.py --stages=install --workspace-dir=W:\ --artifactory-dir=P:\shared\Artifactory --build-dir=W:\build --install-dir=W:\install --signing-dir=W:\signing --package-dir=W:\package --output-dir=W:\output --stash-dir=W:\stash --jenkins-build=409 --git-commit=718e8e6b3be7d1b2da5c723cb67dbc73b14509ea --git-branch=master --variants=Debug --interactive-tests=true --post-zips=false --osx-binary-architecture-target=ub2 --osx-deployment-target=11.0 --osx-base-sdk=CurrentActiveSDK --maya-cut-config=maya-rundev-master-debug.yaml --maya-package=rundev-master-debug --stage-banner
[2023-11-20T09:24:58.687Z] Using Maya cut from P:\shared\Artifactory\Windows\rundev-master-debug\202311130621\runtime\229465b
[2023-11-20T09:24:58.687Z] Using Maya ADSK Signatures from P:\shared\Artifactory\Windows\adsk-plugin-signatures-maya\2023\3ae1ae7
[2023-11-20T09:24:58.687Z] Using Maya Security Library from P:\shared\Artifactory\Windows\maya-security-library\3.4.0\284407f
[2023-11-20T09:24:58.687Z] 
[2023-11-20T09:24:58.687Z] ================================================================================
[2023-11-20T09:24:58.687Z]                                 install (Debug)
[2023-11-20T09:24:58.687Z] ================================================================================
[2023-11-20T09:24:58.687Z] Maya Python Debug Info:
[2023-11-20T09:24:58.687Z]   mayapy executable   = P:\shared\Artifactory\Windows\rundev-master-debug\202311130621\runtime\229465b\runTime\bin\mayapy.exe
[2023-11-20T09:24:58.687Z]   Include Folder      = P:\shared\Artifactory\Windows\rundev-master-debug\202311130621\runtime\229465b\runTime\include\Python311\Python
[2023-11-20T09:24:58.687Z]   Library             = P:\shared\Artifactory\Windows\rundev-master-debug\202311130621\runtime\229465b\runTime\lib\python311_d.lib
[2023-11-20T09:24:58.687Z]   site-package Folder = P:\shared\Artifactory\Windows\rundev-master-debug\202311130621\runtime\229465b\runTime\Python\Lib\site-packages
[2023-11-20T09:25:01.705Z] 
[2023-11-20T09:25:01.705Z]             WARNING: The 'psutil' python package isn't installed. Thus, Peptide
[2023-11-20T09:25:01.705Z]             won't be able to determine the amount of RAM available. It will assume
[2023-11-20T09:25:01.705Z]             that your machine has only 16GB available, and will limit the number
[2023-11-20T09:25:01.705Z]             the number of link jobs being performed in parallel. This can
[2023-11-20T09:25:01.705Z]             negatively affect your build times.
[2023-11-20T09:25:01.705Z] 
[2023-11-20T09:25:01.705Z]             Please 'pip(3) install psutil' to resolve this.
[2023-11-20T09:25:01.705Z]             
[2023-11-20T09:25:01.705Z] In workdir: S:\Jenkins\workspace\ECP\ecg-maya-hydra\ecg-maya-hydra-branch-preflight-python3-windows\ecg-maya-hydra\maya-hydra
[2023-11-20T09:25:01.705Z] Executing: 'P:\\shared\\Artifactory\\Windows\\rundev-master-debug\\202311130621\\runtime\\229465b\\runTime\\bin\\mayapy.exe' 'S:\\Jenkins\\workspace\\ECP\\ecg-maya-hydra\\ecg-maya-hydra-branch-preflight-python3-windows\\ecg-maya-hydra\\maya-hydra\\build.py' --generator Ninja --build-debug --maya-location 'P:\\shared\\Artifactory\\Windows\\rundev-master-debug\\202311130621\\runtime\\229465b\\runTime' --devkit-location 'P:\\shared\\Artifactory\\Windows\\rundev-master-debug\\202311130621\\runtime\\229465b\\devkitBase' --pxrusd-location 'P:\\shared\\Artifactory\\Windows\\USD\\01f407c' '--build-args=-DCMAKE_MAKE_PROGRAM=P:/shared/Artifactory/Windows/ninja/1.10.2/ccacdf8/ninja.exe,-DPYTHON_INCLUDE_DIR=P:/shared/Artifactory/Windows/rundev-master-debug/202311130621/runtime/229465b/runTime/include/Python311/Python,-DPython_EXECUTABLE=P:/shared/Artifactory/Windows/rundev-master-debug/202311130621/runtime/229465b/runTime/bin/mayapy.exe,-DPYTHON_LIBRARIES=P:/shared/Artifactory/Windows/rundev-master-debug/202311130621/runtime/229465b/runTime/lib/python311_d.lib,-DBUILD_WITH_PYTHON_3_VERSION=3.11,-DCMAKE_WANT_MATERIALX_BUILD=ON,-DCMAKE_PREFIX_PATH=P:\\shared\\Artifactory\\Windows\\USD\\01f407c,-DMAYAHYDRA_BUILD_NUMBER=409,-DMAYAHYDRA_GIT_COMMIT=718e8e6b3be7d1b2da5c723cb67dbc73b14509ea,-DMAYAHYDRA_GIT_BRANCH=master' --debug-python '--ctest-args=--parallel 16' --stages=install --redirect-outstream-file=False --install-location 'W:\\install\\Debug\\MayaHydra' 'W:\\'
[2023-11-20T09:25:01.705Z] Modified environment variables:
[2023-11-20T09:25:01.705Z]     PATH=P:\shared\Artifactory\Windows\cmake\3.20.3\afe857a\bin;C:\Python27\lib\site-packages\pywin32_system32;C:\Program Files\Microsoft Visual Studio\2022\Professional\VC\Tools\MSVC\14.33.31629\bin\HostX64\x64;C:\Program Files\Microsoft Visual Studio\2022\Professional\Common7\IDE\VC\VCPackages;C:\Program Files\Microsoft Visual Studio\2022\Professional\Common7\IDE\CommonExtensions\Microsoft\TestWindow;C:\Program Files\Microsoft Visual Studio\2022\Professional\Common7\IDE\CommonExtensions\Microsoft\TeamFoundation\Team Explorer;C:\Program Files\Microsoft Visual Studio\2022\Professional\MSBuild\Current\bin\Roslyn;C:\Program Files\Microsoft Visual Studio\2022\Professional\Team Tools\Performance Tools\x64;C:\Program Files\Microsoft Visual Studio\2022\Professional\Team Tools\Performance Tools;C:\Program Files (x86)\Microsoft Visual Studio\Shared\Common\VSPerfCollectionTools\vs2019\\x64;C:\Program Files (x86)\Microsoft Visual Studio\Shared\Common\VSPerfCollectionTools\vs2019\;C:\Program Files (x86)\Microsoft SDKs\Windows\v10.0A\bin\NETFX 4.8 Tools\x64\;C:\Program Files (x86)\HTML Help Workshop;C:\Program Files\Microsoft Visual Studio\2022\Professional\Common7\IDE\CommonExtensions\Microsoft\FSharp\Tools;C:\Program Files (x86)\Windows Kits\10\bin\10.0.19041.0\\x64;C:\Program Files (x86)\Windows Kits\10\bin\\x64;C:\Program Files\Microsoft Visual Studio\2022\Professional\\MSBuild\Current\Bin\amd64;C:\WINDOWS\Microsoft.NET\Framework64\v4.0.30319;C:\Program Files\Microsoft Visual Studio\2022\Professional\Common7\IDE\;C:\Program Files\Microsoft Visual Studio\2022\Professional\Common7\Tools\;C:\Python27\;C:\Python27\Scripts;C:\WINDOWS\system32;C:\WINDOWS;C:\WINDOWS\System32\Wbem;C:\WINDOWS\System32\WindowsPowerShell\v1.0\;C:\WINDOWS\System32\OpenSSH\;C:\ProgramData\chocolatey\bin;C:\Program Files (x86)\WiX Toolset v3.7\bin;C:\Program Files\dotnet\;C:\Program Files\Zulu\zulu-11\bin\;C:\Program Files (x86)\Windows Kits\10\bin\10.0.19041.0\x64;C:\Program Files (x86)\Windows Kits\10\bin\10.0.18362.0\x64;C:\Program Files (x86)\Windows Kits\10\bin\10.0.17763.0\x64;C:\Program Files (x86)\Windows Kits\10\bin\x64;C:\Strawberry\c\bin;C:\Strawberry\perl\site\bin;C:\Strawberry\perl\bin;C:\Program Files\Git\cmd;C:\Program Files\Git\usr\bin;C:\Program Files\Git\mingw64\bin;C:\Program Files\Git\bin;C:\Python38\;C:\Python38\Scripts;C:\StoreBoxClientWindows;C:\Program Files\Electric Cloud\ElectricCommander\bin;C:\Program Files\WinRAR;C:\Program Files\7-Zip;C:\Users\Administrator\AppData\Local\Microsoft\WindowsApps;C:\Users\Administrator\.dotnet\tools;C:\Program Files\Microsoft Visual Studio\2022\Professional\Common7\IDE\CommonExtensions\Microsoft\CMake\CMake\bin;C:\Program Files\Microsoft Visual Studio\2022\Professional\Common7\IDE\CommonExtensions\Microsoft\CMake\Ninja;C:\Program Files\Microsoft Visual Studio\2022\Professional\Common7\IDE\VC\Linux\bin\ConnectionManagerExe
[2023-11-20T09:25:02.884Z]     [0/1] Install the project...
[2023-11-20T09:25:03.223Z]     -- Install configuration: "Debug"
[2023-11-20T09:25:04.402Z]     
[2023-11-20T09:25:04.402Z]         Building with settings:
[2023-11-20T09:25:04.402Z]           Source directory          S:\Jenkins\workspace\ECP\ecg-maya-hydra\ecg-maya-hydra-branch-preflight-python3-windows\ecg-maya-hydra\maya-hydra
[2023-11-20T09:25:04.402Z]           Workspace directory       W:\
[2023-11-20T09:25:04.402Z]           Build directory           W:\build\Debug
[2023-11-20T09:25:04.402Z]           Install directory         W:\install\Debug\MayaHydra
[2023-11-20T09:25:04.402Z]           Variant                   Debug
[2023-11-20T09:25:04.402Z]           Python Debug              On
[2023-11-20T09:25:04.402Z]           CMake generator           Ninja
[2023-11-20T09:25:04.402Z]           Build arguments           ['-DCMAKE_MAKE_PROGRAM=P:/shared/Artifactory/Windows/ninja/1.10.2/ccacdf8/ninja.exe', '-DPYTHON_INCLUDE_DIR=P:/shared/Artifactory/Windows/rundev-master-debug/202311130621/runtime/229465b/runTime/include/Python311/Python', '-DPython_EXECUTABLE=P:/shared/Artifactory/Windows/rundev-master-debug/202311130621/runtime/229465b/runTime/bin/mayapy.exe', '-DPYTHON_LIBRARIES=P:/shared/Artifactory/Windows/rundev-master-debug/202311130621/runtime/229465b/runTime/lib/python311_d.lib', '-DBUILD_WITH_PYTHON_3_VERSION=3.11', '-DCMAKE_WANT_MATERIALX_BUILD=ON', '-DCMAKE_PREFIX_PATH=P:\\shared\\Artifactory\\Windows\\USD\\01f407c', '-DMAYAHYDRA_BUILD_NUMBER=409', '-DMAYAHYDRA_GIT_COMMIT=718e8e6b3be7d1b2da5c723cb67dbc73b14509ea', '-DMAYAHYDRA_GIT_BRANCH=master']
[2023-11-20T09:25:04.402Z]           Stages arguments          ['install']
[2023-11-20T09:25:04.402Z]           CTest arguments           ['--parallel 16']
[2023-11-20T09:25:04.402Z]     Success MayaHydra build and install !!!!
[2023-11-20T09:25:04.402Z]     Elapsed time: 00:00:01
[Pipeline] bat
[2023-11-20T09:25:05.007Z] Deleting alias drive W:
[Pipeline] bat
[2023-11-20T09:25:05.615Z] Deleting alias drive P:
[Pipeline] bat
[2023-11-20T09:25:06.238Z] Creating alias drive P: to S:\jenkins\workspace
[Pipeline] bat
[2023-11-20T09:25:06.849Z] Creating alias drive W: to S:\Jenkins\workspace\ECP\ecg-maya-hydra\ecg-maya-hydra-branch-preflight-python3-windows
[Pipeline] bat
[2023-11-20T09:25:07.963Z] "C:\Program Files\Microsoft Visual Studio\2022\Professional\VC\Auxiliary\Build\vcvarsall.bat" x64
[2023-11-20T09:25:07.963Z] **********************************************************************
[2023-11-20T09:25:07.963Z] ** Visual Studio 2022 Developer Command Prompt v17.3.2
[2023-11-20T09:25:07.963Z] ** Copyright (c) 2022 Microsoft Corporation
[2023-11-20T09:25:07.963Z] **********************************************************************
[2023-11-20T09:25:09.665Z] [vcvarsall.bat] Environment initialized for: 'x64'
[2023-11-20T09:25:09.665Z] python ecg-maya-hydra/build.py --stages=install --workspace-dir=W:\ --artifactory-dir=P:\shared\Artifactory --build-dir=W:\build --install-dir=W:\install --signing-dir=W:\signing --package-dir=W:\package --output-dir=W:\output --stash-dir=W:\stash --jenkins-build=409 --git-commit=718e8e6b3be7d1b2da5c723cb67dbc73b14509ea --git-branch=master --variants=RelWithDebInfo --interactive-tests=true --post-zips=false --osx-binary-architecture-target=ub2 --osx-deployment-target=11.0 --osx-base-sdk=CurrentActiveSDK --maya-cut-config=maya-rundev-master.yaml --maya-package=rundev-master --stage-banner
[2023-11-20T09:25:10.394Z] Using Maya cut from P:\shared\Artifactory\Windows\rundev-master\202311130812\runtime\4053eca
[2023-11-20T09:25:10.394Z] Using Maya ADSK Signatures from P:\shared\Artifactory\Windows\adsk-plugin-signatures-maya\2023\3ae1ae7
[2023-11-20T09:25:10.394Z] Using Maya Security Library from P:\shared\Artifactory\Windows\maya-security-library\3.4.0\284407f
[2023-11-20T09:25:10.394Z] 
[2023-11-20T09:25:10.394Z] ================================================================================
[2023-11-20T09:25:10.394Z]                             install (RelWithDebInfo)
[2023-11-20T09:25:10.394Z] ================================================================================
[2023-11-20T09:25:10.394Z] Maya Python RelWithDebInfo Info:
[2023-11-20T09:25:10.394Z]   mayapy executable   = P:\shared\Artifactory\Windows\rundev-master\202311130812\runtime\4053eca\runTime\bin\mayapy.exe
[2023-11-20T09:25:10.394Z]   Include Folder      = P:\shared\Artifactory\Windows\rundev-master\202311130812\runtime\4053eca\runTime\include\Python311\Python
[2023-11-20T09:25:10.394Z]   Library             = P:\shared\Artifactory\Windows\rundev-master\202311130812\runtime\4053eca\runTime\lib\python311.lib
[2023-11-20T09:25:10.394Z]   site-package Folder = P:\shared\Artifactory\Windows\rundev-master\202311130812\runtime\4053eca\runTime\Python\Lib\site-packages
[2023-11-20T09:25:11.573Z] In workdir: S:\Jenkins\workspace\ECP\ecg-maya-hydra\ecg-maya-hydra-branch-preflight-python3-windows\ecg-maya-hydra\maya-hydra
[2023-11-20T09:25:11.573Z] Executing: 'P:\\shared\\Artifactory\\Windows\\rundev-master\\202311130812\\runtime\\4053eca\\runTime\\bin\\mayapy.exe' 'S:\\Jenkins\\workspace\\ECP\\ecg-maya-hydra\\ecg-maya-hydra-branch-preflight-python3-windows\\ecg-maya-hydra\\maya-hydra\\build.py' --generator Ninja --build-relwithdebug --maya-location 'P:\\shared\\Artifactory\\Windows\\rundev-master\\202311130812\\runtime\\4053eca\\runTime' --devkit-location 'P:\\shared\\Artifactory\\Windows\\rundev-master\\202311130812\\runtime\\4053eca\\devkitBase' --pxrusd-location 'P:\\shared\\Artifactory\\Windows\\USD\\6a9558d' '--build-args=-DCMAKE_MAKE_PROGRAM=P:/shared/Artifactory/Windows/ninja/1.10.2/ccacdf8/ninja.exe,-DPYTHON_INCLUDE_DIR=P:/shared/Artifactory/Windows/rundev-master/202311130812/runtime/4053eca/runTime/include/Python311/Python,-DPython_EXECUTABLE=P:/shared/Artifactory/Windows/rundev-master/202311130812/runtime/4053eca/runTime/bin/mayapy.exe,-DPYTHON_LIBRARIES=P:/shared/Artifactory/Windows/rundev-master/202311130812/runtime/4053eca/runTime/lib/python311.lib,-DBUILD_WITH_PYTHON_3_VERSION=3.11,-DCMAKE_WANT_MATERIALX_BUILD=ON,-DCMAKE_PREFIX_PATH=P:\\shared\\Artifactory\\Windows\\USD\\6a9558d,-DMAYAHYDRA_BUILD_NUMBER=409,-DMAYAHYDRA_GIT_COMMIT=718e8e6b3be7d1b2da5c723cb67dbc73b14509ea,-DMAYAHYDRA_GIT_BRANCH=master' '--ctest-args=--parallel 16' --stages=install --redirect-outstream-file=False --install-location 'W:\\install\\RelWithDebInfo\\MayaHydra' 'W:\\'
[2023-11-20T09:25:11.573Z] Modified environment variables:
[2023-11-20T09:25:11.573Z]     PATH=P:\shared\Artifactory\Windows\cmake\3.20.3\afe857a\bin;C:\Python27\lib\site-packages\pywin32_system32;C:\Program Files\Microsoft Visual Studio\2022\Professional\VC\Tools\MSVC\14.33.31629\bin\HostX64\x64;C:\Program Files\Microsoft Visual Studio\2022\Professional\Common7\IDE\VC\VCPackages;C:\Program Files\Microsoft Visual Studio\2022\Professional\Common7\IDE\CommonExtensions\Microsoft\TestWindow;C:\Program Files\Microsoft Visual Studio\2022\Professional\Common7\IDE\CommonExtensions\Microsoft\TeamFoundation\Team Explorer;C:\Program Files\Microsoft Visual Studio\2022\Professional\MSBuild\Current\bin\Roslyn;C:\Program Files\Microsoft Visual Studio\2022\Professional\Team Tools\Performance Tools\x64;C:\Program Files\Microsoft Visual Studio\2022\Professional\Team Tools\Performance Tools;C:\Program Files (x86)\Microsoft Visual Studio\Shared\Common\VSPerfCollectionTools\vs2019\\x64;C:\Program Files (x86)\Microsoft Visual Studio\Shared\Common\VSPerfCollectionTools\vs2019\;C:\Program Files (x86)\Microsoft SDKs\Windows\v10.0A\bin\NETFX 4.8 Tools\x64\;C:\Program Files (x86)\HTML Help Workshop;C:\Program Files\Microsoft Visual Studio\2022\Professional\Common7\IDE\CommonExtensions\Microsoft\FSharp\Tools;C:\Program Files (x86)\Windows Kits\10\bin\10.0.19041.0\\x64;C:\Program Files (x86)\Windows Kits\10\bin\\x64;C:\Program Files\Microsoft Visual Studio\2022\Professional\\MSBuild\Current\Bin\amd64;C:\WINDOWS\Microsoft.NET\Framework64\v4.0.30319;C:\Program Files\Microsoft Visual Studio\2022\Professional\Common7\IDE\;C:\Program Files\Microsoft Visual Studio\2022\Professional\Common7\Tools\;C:\Python27\;C:\Python27\Scripts;C:\WINDOWS\system32;C:\WINDOWS;C:\WINDOWS\System32\Wbem;C:\WINDOWS\System32\WindowsPowerShell\v1.0\;C:\WINDOWS\System32\OpenSSH\;C:\ProgramData\chocolatey\bin;C:\Program Files (x86)\WiX Toolset v3.7\bin;C:\Program Files\dotnet\;C:\Program Files\Zulu\zulu-11\bin\;C:\Program Files (x86)\Windows Kits\10\bin\10.0.19041.0\x64;C:\Program Files (x86)\Windows Kits\10\bin\10.0.18362.0\x64;C:\Program Files (x86)\Windows Kits\10\bin\10.0.17763.0\x64;C:\Program Files (x86)\Windows Kits\10\bin\x64;C:\Strawberry\c\bin;C:\Strawberry\perl\site\bin;C:\Strawberry\perl\bin;C:\Program Files\Git\cmd;C:\Program Files\Git\usr\bin;C:\Program Files\Git\mingw64\bin;C:\Program Files\Git\bin;C:\Python38\;C:\Python38\Scripts;C:\StoreBoxClientWindows;C:\Program Files\Electric Cloud\ElectricCommander\bin;C:\Program Files\WinRAR;C:\Program Files\7-Zip;C:\Users\Administrator\AppData\Local\Microsoft\WindowsApps;C:\Users\Administrator\.dotnet\tools;C:\Program Files\Microsoft Visual Studio\2022\Professional\Common7\IDE\CommonExtensions\Microsoft\CMake\CMake\bin;C:\Program Files\Microsoft Visual Studio\2022\Professional\Common7\IDE\CommonExtensions\Microsoft\CMake\Ninja;C:\Program Files\Microsoft Visual Studio\2022\Professional\Common7\IDE\VC\Linux\bin\ConnectionManagerExe
[2023-11-20T09:25:12.302Z]     [0/1] Install the project...
[2023-11-20T09:25:12.302Z]     -- Install configuration: "RelWithDebInfo"
[2023-11-20T09:25:13.482Z]     
[2023-11-20T09:25:13.482Z]         Building with settings:
[2023-11-20T09:25:13.482Z]           Source directory          S:\Jenkins\workspace\ECP\ecg-maya-hydra\ecg-maya-hydra-branch-preflight-python3-windows\ecg-maya-hydra\maya-hydra
[2023-11-20T09:25:13.482Z]           Workspace directory       W:\
[2023-11-20T09:25:13.482Z]           Build directory           W:\build\RelWithDebInfo
[2023-11-20T09:25:13.482Z]           Install directory         W:\install\RelWithDebInfo\MayaHydra
[2023-11-20T09:25:13.482Z]           Variant                   RelWithDebInfo
[2023-11-20T09:25:13.482Z]           Python Debug              Off
[2023-11-20T09:25:13.482Z]           CMake generator           Ninja
[2023-11-20T09:25:13.482Z]           Build arguments           ['-DCMAKE_MAKE_PROGRAM=P:/shared/Artifactory/Windows/ninja/1.10.2/ccacdf8/ninja.exe', '-DPYTHON_INCLUDE_DIR=P:/shared/Artifactory/Windows/rundev-master/202311130812/runtime/4053eca/runTime/include/Python311/Python', '-DPython_EXECUTABLE=P:/shared/Artifactory/Windows/rundev-master/202311130812/runtime/4053eca/runTime/bin/mayapy.exe', '-DPYTHON_LIBRARIES=P:/shared/Artifactory/Windows/rundev-master/202311130812/runtime/4053eca/runTime/lib/python311.lib', '-DBUILD_WITH_PYTHON_3_VERSION=3.11', '-DCMAKE_WANT_MATERIALX_BUILD=ON', '-DCMAKE_PREFIX_PATH=P:\\shared\\Artifactory\\Windows\\USD\\6a9558d', '-DMAYAHYDRA_BUILD_NUMBER=409', '-DMAYAHYDRA_GIT_COMMIT=718e8e6b3be7d1b2da5c723cb67dbc73b14509ea', '-DMAYAHYDRA_GIT_BRANCH=master']
[2023-11-20T09:25:13.482Z]           Stages arguments          ['install']
[2023-11-20T09:25:13.482Z]           CTest arguments           ['--parallel 16']
[2023-11-20T09:25:13.482Z]     Success MayaHydra build and install !!!!
[2023-11-20T09:25:13.482Z]     Elapsed time: 00:00:01
[Pipeline] bat
[2023-11-20T09:25:14.173Z] Deleting alias drive W:
[Pipeline] bat
[2023-11-20T09:25:14.862Z] Deleting alias drive P:
[Pipeline] }
[Pipeline] // withEnv
[Pipeline] }
[Pipeline] // timeout
[Pipeline] }
[Pipeline] // stage
[Pipeline] }
[Pipeline] // timestamps
[Pipeline] timestamps
[Pipeline] {
[Pipeline] stage
[Pipeline] { (Test)
[Pipeline] timeout
[2023-11-20T09:25:15.055Z] Timeout set to expire in 6 hr 0 min
[Pipeline] {
[Pipeline] withEnv
[Pipeline] {
[Pipeline] bat
[2023-11-20T09:25:15.697Z] Creating alias drive P: to S:\jenkins\workspace
[Pipeline] bat
[2023-11-20T09:25:16.379Z] Creating alias drive W: to S:\Jenkins\workspace\ECP\ecg-maya-hydra\ecg-maya-hydra-branch-preflight-python3-windows
[Pipeline] bat
[2023-11-20T09:25:17.145Z] "C:\Program Files\Microsoft Visual Studio\2022\Professional\VC\Auxiliary\Build\vcvarsall.bat" x64
[2023-11-20T09:25:17.145Z] **********************************************************************
[2023-11-20T09:25:17.145Z] ** Visual Studio 2022 Developer Command Prompt v17.3.2
[2023-11-20T09:25:17.145Z] ** Copyright (c) 2022 Microsoft Corporation
[2023-11-20T09:25:17.145Z] **********************************************************************
[2023-11-20T09:25:18.844Z] [vcvarsall.bat] Environment initialized for: 'x64'
[2023-11-20T09:25:18.844Z] python ecg-maya-hydra/build.py --stages=test --workspace-dir=W:\ --artifactory-dir=P:\shared\Artifactory --build-dir=W:\build --install-dir=W:\install --signing-dir=W:\signing --package-dir=W:\package --output-dir=W:\output --stash-dir=W:\stash --jenkins-build=409 --git-commit=718e8e6b3be7d1b2da5c723cb67dbc73b14509ea --git-branch=master --variants=RelWithDebInfo --interactive-tests=true --post-zips=false --osx-binary-architecture-target=ub2 --osx-deployment-target=11.0 --osx-base-sdk=CurrentActiveSDK --test-jobs=0 --failed-test-retry=3 --maya-cut-config=maya-rundev-master.yaml --maya-package=rundev-master --stage-banner --progressive-timeout
[2023-11-20T09:25:19.574Z] Using Maya cut from P:\shared\Artifactory\Windows\rundev-master\202311130812\runtime\4053eca
[2023-11-20T09:25:19.574Z] Using Maya ADSK Signatures from P:\shared\Artifactory\Windows\adsk-plugin-signatures-maya\2023\3ae1ae7
[2023-11-20T09:25:19.574Z] Using Maya Security Library from P:\shared\Artifactory\Windows\maya-security-library\3.4.0\284407f
[2023-11-20T09:25:19.914Z] 
[2023-11-20T09:25:19.914Z] ================================================================================
[2023-11-20T09:25:19.914Z]                              test (RelWithDebInfo)
[2023-11-20T09:25:19.914Z] ================================================================================
[2023-11-20T09:25:19.914Z] Maya Python RelWithDebInfo Info:
[2023-11-20T09:25:19.914Z]   mayapy executable   = P:\shared\Artifactory\Windows\rundev-master\202311130812\runtime\4053eca\runTime\bin\mayapy.exe
[2023-11-20T09:25:19.914Z]   Include Folder      = P:\shared\Artifactory\Windows\rundev-master\202311130812\runtime\4053eca\runTime\include\Python311\Python
[2023-11-20T09:25:19.914Z]   Library             = P:\shared\Artifactory\Windows\rundev-master\202311130812\runtime\4053eca\runTime\lib\python311.lib
[2023-11-20T09:25:19.914Z]   site-package Folder = P:\shared\Artifactory\Windows\rundev-master\202311130812\runtime\4053eca\runTime\Python\Lib\site-packages
[2023-11-20T09:25:20.643Z] In workdir: S:\Jenkins\workspace\ECP\ecg-maya-hydra\ecg-maya-hydra-branch-preflight-python3-windows\ecg-maya-hydra\maya-hydra
[2023-11-20T09:25:20.643Z] Executing: 'P:\\shared\\Artifactory\\Windows\\rundev-master\\202311130812\\runtime\\4053eca\\runTime\\bin\\mayapy.exe' 'S:\\Jenkins\\workspace\\ECP\\ecg-maya-hydra\\ecg-maya-hydra-branch-preflight-python3-windows\\ecg-maya-hydra\\maya-hydra\\build.py' --generator Ninja --build-relwithdebug --maya-location 'P:\\shared\\Artifactory\\Windows\\rundev-master\\202311130812\\runtime\\4053eca\\runTime' --devkit-location 'P:\\shared\\Artifactory\\Windows\\rundev-master\\202311130812\\runtime\\4053eca\\devkitBase' --pxrusd-location 'P:\\shared\\Artifactory\\Windows\\USD\\6a9558d' '--build-args=-DCMAKE_MAKE_PROGRAM=P:/shared/Artifactory/Windows/ninja/1.10.2/ccacdf8/ninja.exe,-DPYTHON_INCLUDE_DIR=P:/shared/Artifactory/Windows/rundev-master/202311130812/runtime/4053eca/runTime/include/Python311/Python,-DPython_EXECUTABLE=P:/shared/Artifactory/Windows/rundev-master/202311130812/runtime/4053eca/runTime/bin/mayapy.exe,-DPYTHON_LIBRARIES=P:/shared/Artifactory/Windows/rundev-master/202311130812/runtime/4053eca/runTime/lib/python311.lib,-DBUILD_WITH_PYTHON_3_VERSION=3.11,-DCMAKE_WANT_MATERIALX_BUILD=ON,-DCMAKE_PREFIX_PATH=P:\\shared\\Artifactory\\Windows\\USD\\6a9558d,-DMAYAHYDRA_BUILD_NUMBER=409,-DMAYAHYDRA_GIT_COMMIT=718e8e6b3be7d1b2da5c723cb67dbc73b14509ea,-DMAYAHYDRA_GIT_BRANCH=master' '--ctest-args=--parallel 16' --stages=test --redirect-outstream-file=False --install-location 'W:\\install\\RelWithDebInfo\\MayaHydra' 'W:\\'
[2023-11-20T09:25:20.643Z] Modified environment variables:
[2023-11-20T09:25:20.643Z]     PATH=P:\shared\Artifactory\Windows\cmake\3.20.3\afe857a\bin;C:\Python27\lib\site-packages\pywin32_system32;C:\Program Files\Microsoft Visual Studio\2022\Professional\VC\Tools\MSVC\14.33.31629\bin\HostX64\x64;C:\Program Files\Microsoft Visual Studio\2022\Professional\Common7\IDE\VC\VCPackages;C:\Program Files\Microsoft Visual Studio\2022\Professional\Common7\IDE\CommonExtensions\Microsoft\TestWindow;C:\Program Files\Microsoft Visual Studio\2022\Professional\Common7\IDE\CommonExtensions\Microsoft\TeamFoundation\Team Explorer;C:\Program Files\Microsoft Visual Studio\2022\Professional\MSBuild\Current\bin\Roslyn;C:\Program Files\Microsoft Visual Studio\2022\Professional\Team Tools\Performance Tools\x64;C:\Program Files\Microsoft Visual Studio\2022\Professional\Team Tools\Performance Tools;C:\Program Files (x86)\Microsoft Visual Studio\Shared\Common\VSPerfCollectionTools\vs2019\\x64;C:\Program Files (x86)\Microsoft Visual Studio\Shared\Common\VSPerfCollectionTools\vs2019\;C:\Program Files (x86)\Microsoft SDKs\Windows\v10.0A\bin\NETFX 4.8 Tools\x64\;C:\Program Files (x86)\HTML Help Workshop;C:\Program Files\Microsoft Visual Studio\2022\Professional\Common7\IDE\CommonExtensions\Microsoft\FSharp\Tools;C:\Program Files (x86)\Windows Kits\10\bin\10.0.19041.0\\x64;C:\Program Files (x86)\Windows Kits\10\bin\\x64;C:\Program Files\Microsoft Visual Studio\2022\Professional\\MSBuild\Current\Bin\amd64;C:\WINDOWS\Microsoft.NET\Framework64\v4.0.30319;C:\Program Files\Microsoft Visual Studio\2022\Professional\Common7\IDE\;C:\Program Files\Microsoft Visual Studio\2022\Professional\Common7\Tools\;C:\Python27\;C:\Python27\Scripts;C:\WINDOWS\system32;C:\WINDOWS;C:\WINDOWS\System32\Wbem;C:\WINDOWS\System32\WindowsPowerShell\v1.0\;C:\WINDOWS\System32\OpenSSH\;C:\ProgramData\chocolatey\bin;C:\Program Files (x86)\WiX Toolset v3.7\bin;C:\Program Files\dotnet\;C:\Program Files\Zulu\zulu-11\bin\;C:\Program Files (x86)\Windows Kits\10\bin\10.0.19041.0\x64;C:\Program Files (x86)\Windows Kits\10\bin\10.0.18362.0\x64;C:\Program Files (x86)\Windows Kits\10\bin\10.0.17763.0\x64;C:\Program Files (x86)\Windows Kits\10\bin\x64;C:\Strawberry\c\bin;C:\Strawberry\perl\site\bin;C:\Strawberry\perl\bin;C:\Program Files\Git\cmd;C:\Program Files\Git\usr\bin;C:\Program Files\Git\mingw64\bin;C:\Program Files\Git\bin;C:\Python38\;C:\Python38\Scripts;C:\StoreBoxClientWindows;C:\Program Files\Electric Cloud\ElectricCommander\bin;C:\Program Files\WinRAR;C:\Program Files\7-Zip;C:\Users\Administrator\AppData\Local\Microsoft\WindowsApps;C:\Users\Administrator\.dotnet\tools;C:\Program Files\Microsoft Visual Studio\2022\Professional\Common7\IDE\CommonExtensions\Microsoft\CMake\CMake\bin;C:\Program Files\Microsoft Visual Studio\2022\Professional\Common7\IDE\CommonExtensions\Microsoft\CMake\Ninja;C:\Program Files\Microsoft Visual Studio\2022\Professional\Common7\IDE\VC\Linux\bin\ConnectionManagerExe
[2023-11-20T09:25:21.822Z]     Test project W:/build/RelWithDebInfo
[2023-11-20T09:25:21.822Z]           Start  1: _Interactive_Maya
[2023-11-20T09:25:21.822Z]      1/20 Test  #1: _Interactive_Maya ...........................***Not Run (Disabled)   0.00 sec
[2023-11-20T09:25:21.822Z]           Start  2: testImageDiffing
[2023-11-20T09:25:21.822Z]           Start  3: testMtohCommand
[2023-11-20T09:25:21.822Z]           Start  4: testMeshes
[2023-11-20T09:25:21.822Z]           Start  5: testNamespaces
[2023-11-20T09:25:21.822Z]           Start  6: testVisibility
[2023-11-20T09:25:21.822Z]           Start  7: testRendererSwitching
[2023-11-20T09:25:21.822Z]           Start  8: testSceneBrowser
[2023-11-20T09:25:21.822Z]           Start  9: testStageAddPrim
[2023-11-20T09:25:21.822Z]           Start 10: testNewSceneWithStage
[2023-11-20T09:25:21.822Z]           Start 11: testDirectionalLights
[2023-11-20T09:25:21.822Z]           Start 12: testColorPreferences
[2023-11-20T09:25:21.822Z]           Start 13: testCppFramework
[2023-11-20T09:25:22.162Z]           Start 14: testMayaSceneFlattening
[2023-11-20T09:25:22.162Z]           Start 15: testMayaUsdUfeItems
[2023-11-20T09:25:22.162Z]           Start 16: testMergingSceneIndex
[2023-11-20T09:25:22.162Z]           Start 17: testSelectionSceneIndex
[2023-11-20T09:25:45.384Z]      2/20 Test  #3: testMtohCommand .............................   Passed   22.96 sec
[2023-11-20T09:25:45.384Z]           Start 18: testWireframeSelectionHighlightSceneIndex
[2023-11-20T09:25:45.384Z]      3/20 Test  #5: testNamespaces ..............................   Passed   23.13 sec
[2023-11-20T09:25:45.384Z]           Start 19: testFlowViewportAPIViewportInformation
[2023-11-20T09:25:46.562Z]      4/20 Test  #4: testMeshes ..................................   Passed   24.76 sec
[2023-11-20T09:25:46.562Z]           Start 20: testMeshes_meshAdapter
[2023-11-20T09:25:46.902Z]      5/20 Test  #9: testStageAddPrim ............................   Passed   24.92 sec
[2023-11-20T09:25:46.902Z]      6/20 Test  #7: testRendererSwitching .......................   Passed   25.28 sec
[2023-11-20T09:25:47.241Z]      7/20 Test #11: testDirectionalLights .......................   Passed   25.25 sec
[2023-11-20T09:25:47.581Z]      8/20 Test #13: testCppFramework ............................   Passed   25.47 sec
[2023-11-20T09:25:50.598Z]      9/20 Test  #2: testImageDiffing ............................   Passed   28.94 sec
[2023-11-20T09:25:51.779Z]     10/20 Test #12: testColorPreferences ........................   Passed   29.62 sec
[2023-11-20T09:25:52.119Z]     11/20 Test  #8: testSceneBrowser ............................   Passed   30.31 sec
[2023-11-20T09:25:52.459Z]     12/20 Test #10: testNewSceneWithStage .......................   Passed   30.44 sec
[2023-11-20T09:25:52.459Z]     13/20 Test #15: testMayaUsdUfeItems .........................   Passed   30.44 sec
[2023-11-20T09:25:52.799Z]     14/20 Test #17: testSelectionSceneIndex .....................   Passed   30.61 sec
[2023-11-20T09:25:52.799Z]     15/20 Test #14: testMayaSceneFlattening .....................   Passed   30.85 sec
[2023-11-20T09:25:53.139Z]     16/20 Test #16: testMergingSceneIndex .......................   Passed   30.95 sec
[2023-11-20T09:25:55.449Z]     17/20 Test  #6: testVisibility ..............................   Passed   33.74 sec
[2023-11-20T09:26:01.448Z]     18/20 Test #18: testWireframeSelectionHighlightSceneIndex ...   Passed   16.49 sec
[2023-11-20T09:26:02.178Z]     19/20 Test #20: testMeshes_meshAdapter ......................   Passed   15.61 sec
[2023-11-20T09:26:02.517Z]     20/20 Test #19: testFlowViewportAPIViewportInformation ......   Passed   17.69 sec
[2023-11-20T09:26:02.517Z]     
[2023-11-20T09:26:02.517Z]     100% tests passed, 0 tests failed out of 19
[2023-11-20T09:26:02.517Z]     
[2023-11-20T09:26:02.517Z]     Label Time Summary:
[2023-11-20T09:26:02.517Z]     Debugging      =   0.00 sec*proc (1 test)
[2023-11-20T09:26:02.517Z]     interactive    = 497.47 sec*proc (19 tests)
[2023-11-20T09:26:02.517Z]     mayaHydra      = 497.47 sec*proc (19 tests)
[2023-11-20T09:26:02.517Z]     
[2023-11-20T09:26:02.517Z]     Total Test time (real) =  40.96 sec
[2023-11-20T09:26:02.517Z]     
[2023-11-20T09:26:02.517Z]     The following tests did not run:
[2023-11-20T09:26:02.517Z]     	  1 - _Interactive_Maya (Disabled)
[2023-11-20T09:26:02.517Z]     
[2023-11-20T09:26:02.517Z]         Building with settings:
[2023-11-20T09:26:02.517Z]           Source directory          S:\Jenkins\workspace\ECP\ecg-maya-hydra\ecg-maya-hydra-branch-preflight-python3-windows\ecg-maya-hydra\maya-hydra
[2023-11-20T09:26:02.517Z]           Workspace directory       W:\
[2023-11-20T09:26:02.517Z]           Build directory           W:\build\RelWithDebInfo
[2023-11-20T09:26:02.517Z]           Install directory         W:\install\RelWithDebInfo\MayaHydra
[2023-11-20T09:26:02.517Z]           Variant                   RelWithDebInfo
[2023-11-20T09:26:02.517Z]           Python Debug              Off
[2023-11-20T09:26:02.517Z]           CMake generator           Ninja
[2023-11-20T09:26:02.517Z]           Build arguments           ['-DCMAKE_MAKE_PROGRAM=P:/shared/Artifactory/Windows/ninja/1.10.2/ccacdf8/ninja.exe', '-DPYTHON_INCLUDE_DIR=P:/shared/Artifactory/Windows/rundev-master/202311130812/runtime/4053eca/runTime/include/Python311/Python', '-DPython_EXECUTABLE=P:/shared/Artifactory/Windows/rundev-master/202311130812/runtime/4053eca/runTime/bin/mayapy.exe', '-DPYTHON_LIBRARIES=P:/shared/Artifactory/Windows/rundev-master/202311130812/runtime/4053eca/runTime/lib/python311.lib', '-DBUILD_WITH_PYTHON_3_VERSION=3.11', '-DCMAKE_WANT_MATERIALX_BUILD=ON', '-DCMAKE_PREFIX_PATH=P:\\shared\\Artifactory\\Windows\\USD\\6a9558d', '-DMAYAHYDRA_BUILD_NUMBER=409', '-DMAYAHYDRA_GIT_COMMIT=718e8e6b3be7d1b2da5c723cb67dbc73b14509ea', '-DMAYAHYDRA_GIT_BRANCH=master']
[2023-11-20T09:26:02.517Z]           Stages arguments          ['test']
[2023-11-20T09:26:02.517Z]           CTest arguments           ['--parallel 16']
[2023-11-20T09:26:02.517Z]     Success running MayaHydra tests !!!!
[Pipeline] bat
[2023-11-20T09:26:03.123Z] Deleting alias drive W:
[Pipeline] bat
[2023-11-20T09:26:03.727Z] Deleting alias drive P:
[Pipeline] }
[Pipeline] // withEnv
[Pipeline] }
[Pipeline] // timeout
[Pipeline] }
[Pipeline] // stage
[Pipeline] }
[Pipeline] // timestamps
[Pipeline] timestamps
[Pipeline] {
[Pipeline] stage
[Pipeline] { (Cleanup)
[Pipeline] timeout
[2023-11-20T09:26:03.919Z] Timeout set to expire in 6 hr 0 min
[Pipeline] {
[Pipeline] withEnv
[Pipeline] {
[Pipeline] bat
[2023-11-20T09:26:04.504Z] Creating alias drive P: to S:\jenkins\workspace
[Pipeline] bat
[2023-11-20T09:26:05.115Z] Creating alias drive W: to S:\Jenkins\workspace\ECP\ecg-maya-hydra\ecg-maya-hydra-branch-preflight-python3-windows
[Pipeline] bat
[2023-11-20T09:26:05.848Z] "C:\Program Files\Microsoft Visual Studio\2022\Professional\VC\Auxiliary\Build\vcvarsall.bat" x64
[2023-11-20T09:26:06.187Z] **********************************************************************
[2023-11-20T09:26:06.187Z] ** Visual Studio 2022 Developer Command Prompt v17.3.2
[2023-11-20T09:26:06.187Z] ** Copyright (c) 2022 Microsoft Corporation
[2023-11-20T09:26:06.187Z] **********************************************************************
[2023-11-20T09:26:07.366Z] [vcvarsall.bat] Environment initialized for: 'x64'
[2023-11-20T09:26:07.366Z] python ecg-maya-hydra/build.py --stages=cleanup --workspace-dir=W:\ --artifactory-dir=P:\shared\Artifactory --build-dir=W:\build --install-dir=W:\install --signing-dir=W:\signing --package-dir=W:\package --output-dir=W:\output --stash-dir=W:\stash --jenkins-build=409 --git-commit=718e8e6b3be7d1b2da5c723cb67dbc73b14509ea --git-branch=master --variants=Debug --interactive-tests=true --post-zips=false --osx-binary-architecture-target=ub2 --osx-deployment-target=11.0 --osx-base-sdk=CurrentActiveSDK --maya-cut-config=maya-rundev-master-debug.yaml --maya-package=rundev-master-debug --stage-banner
[2023-11-20T09:26:08.545Z] Using Maya cut from P:\shared\Artifactory\Windows\rundev-master-debug\202311130621\runtime\229465b
[2023-11-20T09:26:08.545Z] Using Maya ADSK Signatures from P:\shared\Artifactory\Windows\adsk-plugin-signatures-maya\2023\3ae1ae7
[2023-11-20T09:26:08.545Z] Using Maya Security Library from P:\shared\Artifactory\Windows\maya-security-library\3.4.0\284407f
[2023-11-20T09:26:08.545Z] 
[2023-11-20T09:26:08.545Z] ================================================================================
[2023-11-20T09:26:08.545Z]                                cleanup (Finalize)
[2023-11-20T09:26:08.545Z] ================================================================================
[2023-11-20T09:26:08.545Z] Cleaning up workspace
[2023-11-20T09:26:08.545Z] Removing directory: W:\build
[2023-11-20T09:26:09.722Z] Removing directory: W:\install
[Pipeline] bat
[2023-11-20T09:26:10.666Z] Deleting alias drive W:
[Pipeline] bat
[2023-11-20T09:26:11.272Z] Deleting alias drive P:
[Pipeline] bat
[2023-11-20T09:26:12.142Z] Creating alias drive P: to S:\jenkins\workspace
[Pipeline] bat
[2023-11-20T09:26:12.752Z] Creating alias drive W: to S:\Jenkins\workspace\ECP\ecg-maya-hydra\ecg-maya-hydra-branch-preflight-python3-windows
[Pipeline] bat
[2023-11-20T09:26:13.505Z] "C:\Program Files\Microsoft Visual Studio\2022\Professional\VC\Auxiliary\Build\vcvarsall.bat" x64
[2023-11-20T09:26:13.505Z] **********************************************************************
[2023-11-20T09:26:13.505Z] ** Visual Studio 2022 Developer Command Prompt v17.3.2
[2023-11-20T09:26:13.505Z] ** Copyright (c) 2022 Microsoft Corporation
[2023-11-20T09:26:13.505Z] **********************************************************************
[2023-11-20T09:26:15.205Z] [vcvarsall.bat] Environment initialized for: 'x64'
[2023-11-20T09:26:15.206Z] python ecg-maya-hydra/build.py --stages=cleanup --workspace-dir=W:\ --artifactory-dir=P:\shared\Artifactory --build-dir=W:\build --install-dir=W:\install --signing-dir=W:\signing --package-dir=W:\package --output-dir=W:\output --stash-dir=W:\stash --jenkins-build=409 --git-commit=718e8e6b3be7d1b2da5c723cb67dbc73b14509ea --git-branch=master --variants=RelWithDebInfo --interactive-tests=true --post-zips=false --osx-binary-architecture-target=ub2 --osx-deployment-target=11.0 --osx-base-sdk=CurrentActiveSDK --maya-cut-config=maya-rundev-master.yaml --maya-package=rundev-master --stage-banner
[2023-11-20T09:26:15.935Z] Using Maya cut from P:\shared\Artifactory\Windows\rundev-master\202311130812\runtime\4053eca
[2023-11-20T09:26:15.935Z] Using Maya ADSK Signatures from P:\shared\Artifactory\Windows\adsk-plugin-signatures-maya\2023\3ae1ae7
[2023-11-20T09:26:15.935Z] Using Maya Security Library from P:\shared\Artifactory\Windows\maya-security-library\3.4.0\284407f
[2023-11-20T09:26:15.935Z] 
[2023-11-20T09:26:15.935Z] ================================================================================
[2023-11-20T09:26:15.935Z]                                cleanup (Finalize)
[2023-11-20T09:26:15.935Z] ================================================================================
[2023-11-20T09:26:15.935Z] Cleaning up workspace
[Pipeline] bat
[2023-11-20T09:26:16.556Z] Deleting alias drive W:
[Pipeline] bat
[2023-11-20T09:26:17.160Z] Deleting alias drive P:
[Pipeline] }
[Pipeline] // withEnv
[Pipeline] }
[Pipeline] // timeout
[Pipeline] }
[Pipeline] // stage
[Pipeline] }
[Pipeline] // timestamps
[Pipeline] }
[Pipeline] // node
[Pipeline] End of Pipeline
[Checks API] No suitable checks publisher found.
Finished: SUCCESS
