[2023-11-20T09:00:21.675Z] ================================================================================
[2023-11-20T09:00:21.675Z]                                  setup (Debug)
[2023-11-20T09:00:21.675Z] ================================================================================
[2023-11-20T09:00:21.675Z] Installing license file 'melicense.lic'.
[Pipeline] sh
[2023-11-20T09:00:22.983Z] + scl enable gcc-toolset-11 -
[2023-11-20T09:00:22.984Z] + '[' enable = load -o enable = unload ']'
[2023-11-20T09:00:22.984Z] + /usr/bin/scl enable gcc-toolset-11 -
[2023-11-20T09:00:22.984Z] python ecg-maya-hydra/build.py --stages=setup --workspace-dir=/local/S/jenkins/workspace/ECP/ecg-maya-hydra/ecg-maya-hydra-branch-preflight-python3-linux --artifactory-dir=/local/S/jenkins/workspace/shared/Artifactory --build-dir=/local/S/jenkins/workspace/ECP/ecg-maya-hydra/ecg-maya-hydra-branch-preflight-python3-linux/build --install-dir=/local/S/jenkins/workspace/ECP/ecg-maya-hydra/ecg-maya-hydra-branch-preflight-python3-linux/install --signing-dir=/local/S/jenkins/workspace/ECP/ecg-maya-hydra/ecg-maya-hydra-branch-preflight-python3-linux/signing --package-dir=/local/S/jenkins/workspace/ECP/ecg-maya-hydra/ecg-maya-hydra-branch-preflight-python3-linux/package --output-dir=/local/S/jenkins/workspace/ECP/ecg-maya-hydra/ecg-maya-hydra-branch-preflight-python3-linux/output --stash-dir=/local/S/jenkins/workspace/ECP/ecg-maya-hydra/ecg-maya-hydra-branch-preflight-python3-linux/stash --jenkins-build=408 --git-commit=f304bd14b6553a3ed7269eed1d947a294567bf41 --git-branch=master --variants=RelWithDebInfo --interactive-tests=true --post-zips=false --osx-binary-architecture-target=ub2 --osx-deployment-target=11.0 --osx-base-sdk=CurrentActiveSDK --extra-license-file=ecg-maya-hydra/jenkins-o03-cot/melicense.lic --prune-versions=3 --prune-revisions=3 --maya-cut-config=maya-rundev-master.yaml --maya-package=rundev-master --stage-banner --prune-artifacts --force-pruning
[2023-11-20T09:00:22.984Z] Getting rundev-master download URL from Maya SHA-1 hash
[2023-11-20T09:00:22.984Z] Finding Artifactory servers response times
[2023-11-20T09:00:25.489Z] [VERBOSE] Start loading URL (CURL): https://art-bear.autodesk.com/artifactory/api/system/ping
[2023-11-20T09:00:25.489Z] [DEBUG] Running: /usr/bin/curl -s -X GET --keepalive-time 10 --connect-timeout 60 --speed-limit 10000 --speed-time 120 --max-time 3600 --retry 5 --retry-max-time 2400 -H Connection:close https://art-bear.autodesk.com/artifactory/api/system/ping
[2023-11-20T09:00:25.489Z] [DEBUG] Output:
[2023-11-20T09:00:25.489Z] OK
[2023-11-20T09:00:25.489Z] [VERBOSE] End loading URL (CURL): https://art-bear.autodesk.com/artifactory/api/system/ping
[2023-11-20T09:00:25.489Z] [VERBOSE] Start loading URL (CURL): https://art-marmotte.autodesk.com/artifactory/api/system/ping
[2023-11-20T09:00:25.489Z] [DEBUG] Running: /usr/bin/curl -s -X GET --keepalive-time 10 --connect-timeout 60 --speed-limit 10000 --speed-time 120 --max-time 3600 --retry 5 --retry-max-time 2400 -H Connection:close https://art-marmotte.autodesk.com/artifactory/api/system/ping
[2023-11-20T09:00:25.489Z] [DEBUG] Output:
[2023-11-20T09:00:25.489Z] OK
[2023-11-20T09:00:25.489Z] [VERBOSE] End loading URL (CURL): https://art-marmotte.autodesk.com/artifactory/api/system/ping
[2023-11-20T09:00:25.489Z] [VERBOSE] Start loading URL (CURL): https://art-bobcat.autodesk.com/artifactory/api/system/ping
[2023-11-20T09:00:25.489Z] [DEBUG] Running: /usr/bin/curl -s -X GET --keepalive-time 10 --connect-timeout 60 --speed-limit 10000 --speed-time 120 --max-time 3600 --retry 5 --retry-max-time 2400 -H Connection:close https://art-bobcat.autodesk.com/artifactory/api/system/ping
[2023-11-20T09:00:25.489Z] [DEBUG] Output:
[2023-11-20T09:00:25.489Z] OK
[2023-11-20T09:00:25.489Z] [VERBOSE] End loading URL (CURL): https://art-bobcat.autodesk.com/artifactory/api/system/ping
[2023-11-20T09:00:25.489Z] [VERBOSE] Start loading URL (CURL): https://art-bear.autodesk.com/artifactory/api/search/checksum?repos=autodesk-3p-generic,adsk-build-tools-generic,team-ecg-generic,team-maya-generic,oss-stg-generic&sha1=48b82298c06eaf2c74970418eeb9a87d644b4f3c
[2023-11-20T09:00:25.489Z] [DEBUG] Running: /usr/bin/curl -s -X GET --keepalive-time 10 --connect-timeout 60 --speed-limit 10000 --speed-time 120 --max-time 3600 --retry 5 --retry-max-time 2400 -H Connection:close -H Authorization:Basic ZWNnYmlmcm9zdDpvcGUqKjAw https://art-bear.autodesk.com/artifactory/api/search/checksum?repos=autodesk-3p-generic,adsk-build-tools-generic,team-ecg-generic,team-maya-generic,oss-stg-generic&sha1=48b82298c06eaf2c74970418eeb9a87d644b4f3c
[2023-11-20T09:00:25.489Z] [DEBUG] Output:
[2023-11-20T09:00:25.489Z] {
[2023-11-20T09:00:25.489Z]   "results" : [ {
[2023-11-20T09:00:25.489Z]     "uri" : "https://art-bear.autodesk.com:443/artifactory/api/storage/team-maya-generic/Maya/master/plnx/2023-11-13-08-12_72bdc70acd/202311130812-72bdc70acd-RUNDEV.tgz"
[2023-11-20T09:00:25.489Z]   } ]
[2023-11-20T09:00:25.489Z] }
[2023-11-20T09:00:25.489Z] [VERBOSE] End loading URL (CURL): https://art-bear.autodesk.com/artifactory/api/search/checksum?repos=autodesk-3p-generic,adsk-build-tools-generic,team-ecg-generic,team-maya-generic,oss-stg-generic&sha1=48b82298c06eaf2c74970418eeb9a87d644b4f3c
[2023-11-20T09:00:25.489Z] [VERBOSE] Start loading URL (CURL): https://art-bear.autodesk.com:443/artifactory/api/storage/team-maya-generic/Maya/master/plnx/2023-11-13-08-12_72bdc70acd/202311130812-72bdc70acd-RUNDEV.tgz
[2023-11-20T09:00:25.489Z] [DEBUG] Running: /usr/bin/curl -s -X GET --keepalive-time 10 --connect-timeout 60 --speed-limit 10000 --speed-time 120 --max-time 3600 --retry 5 --retry-max-time 2400 -H Connection:close -H Authorization:Basic ZWNnYmlmcm9zdDpvcGUqKjAw https://art-bear.autodesk.com:443/artifactory/api/storage/team-maya-generic/Maya/master/plnx/2023-11-13-08-12_72bdc70acd/202311130812-72bdc70acd-RUNDEV.tgz
[2023-11-20T09:00:25.489Z] [DEBUG] Output:
[2023-11-20T09:00:25.489Z] {
[2023-11-20T09:00:25.489Z]   "repo" : "team-maya-generic",
[2023-11-20T09:00:25.489Z]   "path" : "/Maya/master/plnx/2023-11-13-08-12_72bdc70acd/202311130812-72bdc70acd-RUNDEV.tgz",
[2023-11-20T09:00:25.489Z]   "created" : "2023-11-13T13:10:31.649-05:00",
[2023-11-20T09:00:25.489Z]   "createdBy" : "token:art-bear.autodesk.com",
[2023-11-20T09:00:25.489Z]   "lastModified" : "2023-11-13T13:10:25.412-05:00",
[2023-11-20T09:00:25.489Z]   "modifiedBy" : "token:art-bear.autodesk.com",
[2023-11-20T09:00:25.489Z]   "lastUpdated" : "2023-11-13T13:10:31.650-05:00",
[2023-11-20T09:00:25.489Z]   "downloadUri" : "https://art-bear.autodesk.com:443/artifactory/team-maya-generic/Maya/master/plnx/2023-11-13-08-12_72bdc70acd/202311130812-72bdc70acd-RUNDEV.tgz",
[2023-11-20T09:00:25.489Z]   "mimeType" : "application/x-gzip",
[2023-11-20T09:00:25.489Z]   "size" : "2658637657",
[2023-11-20T09:00:25.489Z]   "checksums" : {
[2023-11-20T09:00:25.489Z]     "sha1" : "48b82298c06eaf2c74970418eeb9a87d644b4f3c",
[2023-11-20T09:00:25.489Z]     "md5" : "229ebf6ef8a97883913e0d9a148768a3",
[2023-11-20T09:00:25.489Z]     "sha256" : "cce53c6cd434f001b86a4f40c51ba67b276c3888be1e4023e30b97880853815e"
[2023-11-20T09:00:25.489Z]   },
[2023-11-20T09:00:25.489Z]   "originalChecksums" : {
[2023-11-20T09:00:25.489Z]     "sha1" : "48b82298c06eaf2c74970418eeb9a87d644b4f3c",
[2023-11-20T09:00:25.489Z]     "md5" : "229ebf6ef8a97883913e0d9a148768a3",
[2023-11-20T09:00:25.489Z]     "sha256" : "cce53c6cd434f001b86a4f40c51ba67b276c3888be1e4023e30b97880853815e"
[2023-11-20T09:00:25.489Z]   },
[2023-11-20T09:00:25.489Z]   "uri" : "https://art-bear.autodesk.com:443/artifactory/api/storage/team-maya-generic/Maya/master/plnx/2023-11-13-08-12_72bdc70acd/202311130812-72bdc70acd-RUNDEV.tgz"
[2023-11-20T09:00:25.489Z] }
[2023-11-20T09:00:25.489Z] [VERBOSE] End loading URL (CURL): https://art-bear.autodesk.com:443/artifactory/api/storage/team-maya-generic/Maya/master/plnx/2023-11-13-08-12_72bdc70acd/202311130812-72bdc70acd-RUNDEV.tgz
[2023-11-20T09:00:25.489Z] Using Maya cut from /local/S/jenkins/workspace/shared/Artifactory/Linux/rundev-master/202311130812/runtime/48b8229
[2023-11-20T09:00:25.489Z] [VERBOSE] Start loading URL (CURL): https://art-bear.autodesk.com:443/artifactory/api/storage/team-maya-generic/Maya/master/plnx/2023-11-13-08-12_72bdc70acd/202311130812-72bdc70acd-RUNDEV.tgz.multipart
[2023-11-20T09:00:25.489Z] [DEBUG] Running: /usr/bin/curl -s -X GET --keepalive-time 10 --connect-timeout 60 --speed-limit 10000 --speed-time 120 --max-time 3600 --retry 5 --retry-max-time 2400 -H Connection:close -H Authorization:Basic ZWNnYmlmcm9zdDpvcGUqKjAw https://art-bear.autodesk.com:443/artifactory/api/storage/team-maya-generic/Maya/master/plnx/2023-11-13-08-12_72bdc70acd/202311130812-72bdc70acd-RUNDEV.tgz.multipart
[2023-11-20T09:00:25.489Z] [DEBUG] Output:
[2023-11-20T09:00:25.489Z] {
[2023-11-20T09:00:25.489Z]   "errors" : [ {
[2023-11-20T09:00:25.489Z]     "status" : 404,
[2023-11-20T09:00:25.489Z]     "message" : "Unable to find item"
[2023-11-20T09:00:25.489Z]   } ]
[2023-11-20T09:00:25.489Z] }
[2023-11-20T09:00:25.489Z] [VERBOSE] End loading URL (CURL): https://art-bear.autodesk.com:443/artifactory/api/storage/team-maya-generic/Maya/master/plnx/2023-11-13-08-12_72bdc70acd/202311130812-72bdc70acd-RUNDEV.tgz.multipart
[2023-11-20T09:00:25.489Z] Downloading https://art-bear.autodesk.com:443/artifactory/team-maya-generic/Maya/master/plnx/2023-11-13-08-12_72bdc70acd/202311130812-72bdc70acd-RUNDEV.tgz to /local/S/jenkins/workspace/shared/Artifactory/Linux/tmp/tmpn6uz5wym
[2023-11-20T09:00:25.489Z] [VERBOSE] Start downloading file (CURL): https://art-bear.autodesk.com:443/artifactory/team-maya-generic/Maya/master/plnx/2023-11-13-08-12_72bdc70acd/202311130812-72bdc70acd-RUNDEV.tgz
[2023-11-20T09:00:25.489Z] [DEBUG] Running: /usr/bin/curl -sI -X GET --keepalive-time 10 --connect-timeout 60 --speed-limit 10000 --speed-time 120 --max-time 3600 --retry 5 --retry-max-time 2400 -H Connection:close -H Authorization:Basic ZWNnYmlmcm9zdDpvcGUqKjAw https://art-bear.autodesk.com:443/artifactory/team-maya-generic/Maya/master/plnx/2023-11-13-08-12_72bdc70acd/202311130812-72bdc70acd-RUNDEV.tgz
[2023-11-20T09:00:25.489Z] [DEBUG] Header:
[2023-11-20T09:00:25.489Z] HTTP/1.1 200 
[2023-11-20T09:00:25.489Z] Date: Mon, 20 Nov 2023 09:00:25 GMT
[2023-11-20T09:00:25.489Z] Content-Type: application/x-gzip
[2023-11-20T09:00:25.489Z] Content-Length: 2658637657
[2023-11-20T09:00:25.489Z] Connection: close
[2023-11-20T09:00:25.489Z] X-JFrog-Version: Artifactory/7.55.9 75509900
[2023-11-20T09:00:25.489Z] X-Artifactory-Id: b34d77a078656c59:3eb030b6:18a7ab126d6:-8000
[2023-11-20T09:00:25.489Z] X-Artifactory-Node-Id: uscrlpdrsync006.autodesk.com
[2023-11-20T09:00:25.489Z] Last-Modified: Mon, 13 Nov 2023 18:10:25 GMT
[2023-11-20T09:00:25.489Z] ETag: 48b82298c06eaf2c74970418eeb9a87d644b4f3c
[2023-11-20T09:00:25.489Z] X-Checksum-Sha1: 48b82298c06eaf2c74970418eeb9a87d644b4f3c
[2023-11-20T09:00:25.489Z] X-Checksum-Sha256: cce53c6cd434f001b86a4f40c51ba67b276c3888be1e4023e30b97880853815e
[2023-11-20T09:00:25.489Z] X-Checksum-Md5: 229ebf6ef8a97883913e0d9a148768a3
[2023-11-20T09:00:25.489Z] Accept-Ranges: bytes
[2023-11-20T09:00:25.489Z] X-Artifactory-Filename: 202311130812-72bdc70acd-RUNDEV.tgz
[2023-11-20T09:00:25.489Z] Content-Disposition: attachment; filename="202311130812-72bdc70acd-RUNDEV.tgz"; filename*=UTF-8''"202311130812-72bdc70acd-RUNDEV.tgz"
[2023-11-20T09:00:25.489Z] [DEBUG] Running: /usr/bin/curl --progress-bar -X GET --keepalive-time 10 --connect-timeout 60 --speed-limit 10000 --speed-time 120 --max-time 3600 --retry 5 --retry-max-time 2400 -H Connection:close -H Authorization:Basic ZWNnYmlmcm9zdDpvcGUqKjAw https://art-bear.autodesk.com:443/artifactory/team-maya-generic/Maya/master/plnx/2023-11-13-08-12_72bdc70acd/202311130812-72bdc70acd-RUNDEV.tgz -o /local/S/jenkins/workspace/shared/Artifactory/Linux/tmp/tmpn6uz5wym/202311130812-72bdc70acd-RUNDEV.tgz
[2023-11-20T09:00:25.489Z]       0% complete.
[2023-11-20T09:00:25.489Z]       1% complete.
[2023-11-20T09:00:26.031Z]       2% complete.
[2023-11-20T09:00:26.031Z]       4% complete.
[2023-11-20T09:00:26.031Z]       5% complete.
[2023-11-20T09:00:26.031Z]       7% complete.
[2023-11-20T09:00:26.031Z]       8% complete.
[2023-11-20T09:00:26.572Z]      10% complete.
[2023-11-20T09:00:26.572Z]      11% complete.
[2023-11-20T09:00:26.572Z]      13% complete.
[2023-11-20T09:00:26.572Z]      14% complete.
[2023-11-20T09:00:26.572Z]      16% complete.
[2023-11-20T09:00:26.572Z]      17% complete.
[2023-11-20T09:00:27.113Z]      19% complete.
[2023-11-20T09:00:27.113Z]      21% complete.
[2023-11-20T09:00:27.113Z]      22% complete.
[2023-11-20T09:00:27.113Z]      24% complete.
[2023-11-20T09:00:27.113Z]      25% complete.
[2023-11-20T09:00:27.653Z]      27% complete.
[2023-11-20T09:00:27.653Z]      28% complete.
[2023-11-20T09:00:27.653Z]      30% complete.
[2023-11-20T09:00:27.653Z]      31% complete.
[2023-11-20T09:00:27.654Z]      33% complete.
[2023-11-20T09:00:27.654Z]      34% complete.
[2023-11-20T09:00:28.195Z]      35% complete.
[2023-11-20T09:00:28.195Z]      37% complete.
[2023-11-20T09:00:28.195Z]      38% complete.
[2023-11-20T09:00:28.195Z]      40% complete.
[2023-11-20T09:00:28.195Z]      42% complete.
[2023-11-20T09:00:28.741Z]      43% complete.
[2023-11-20T09:00:28.741Z]      45% complete.
[2023-11-20T09:00:28.741Z]      46% complete.
[2023-11-20T09:00:28.741Z]      47% complete.
[2023-11-20T09:00:28.741Z]      49% complete.
[2023-11-20T09:00:28.741Z]      50% complete.
[2023-11-20T09:00:29.282Z]      52% complete.
[2023-11-20T09:00:29.282Z]      53% complete.
[2023-11-20T09:00:29.282Z]      55% complete.
[2023-11-20T09:00:29.282Z]      57% complete.
[2023-11-20T09:00:29.282Z]      58% complete.
[2023-11-20T09:00:29.822Z]      60% complete.
[2023-11-20T09:00:29.822Z]      61% complete.
[2023-11-20T09:00:29.822Z]      63% complete.
[2023-11-20T09:00:29.822Z]      64% complete.
[2023-11-20T09:00:29.822Z]      66% complete.
[2023-11-20T09:00:30.363Z]      67% complete.
[2023-11-20T09:00:30.363Z]      69% complete.
[2023-11-20T09:00:30.363Z]      70% complete.
[2023-11-20T09:00:30.363Z]      71% complete.
[2023-11-20T09:00:30.363Z]      72% complete.
[2023-11-20T09:00:30.363Z]      74% complete.
[2023-11-20T09:00:30.916Z]      75% complete.
[2023-11-20T09:00:30.916Z]      77% complete.
[2023-11-20T09:00:30.916Z]      78% complete.
[2023-11-20T09:00:30.916Z]      80% complete.
[2023-11-20T09:00:30.916Z]      82% complete.
[2023-11-20T09:00:31.461Z]      83% complete.
[2023-11-20T09:00:31.461Z]      85% complete.
[2023-11-20T09:00:31.461Z]      86% complete.
[2023-11-20T09:00:31.461Z]      88% complete.
[2023-11-20T09:00:31.461Z]      89% complete.
[2023-11-20T09:00:31.461Z]      91% complete.
[2023-11-20T09:00:32.010Z]      92% complete.
[2023-11-20T09:00:32.010Z]      94% complete.
[2023-11-20T09:00:32.010Z]      96% complete.
[2023-11-20T09:00:32.010Z]      97% complete.
[2023-11-20T09:00:32.010Z]      99% complete.
[2023-11-20T09:00:32.010Z]     100% complete.
[2023-11-20T09:00:32.010Z] [VERBOSE] End downloading file (CURL): https://art-bear.autodesk.com:443/artifactory/team-maya-generic/Maya/master/plnx/2023-11-13-08-12_72bdc70acd/202311130812-72bdc70acd-RUNDEV.tgz
[2023-11-20T09:00:32.010Z] Extracting 202311130812-72bdc70acd-RUNDEV.tgz to /local/S/jenkins/workspace/shared/Artifactory/Linux/tmp/tmp0aplz3fb
[2023-11-20T09:01:16.387Z] Installing on /local/S/jenkins/workspace/shared/Artifactory/Linux/rundev-master/202311130812/runtime/48b8229
[2023-11-20T09:01:16.387Z] 
[2023-11-20T09:01:16.387Z] ================================================================================
[2023-11-20T09:01:16.387Z]                              setup (RelWithDebInfo)
[2023-11-20T09:01:16.387Z] ================================================================================
[2023-11-20T09:01:16.387Z] Installing license file 'melicense.lic'.
[Pipeline] }
[Pipeline] // withEnv
[Pipeline] }
[Pipeline] // timeout
[Pipeline] }
[Pipeline] // stage
[Pipeline] }
[Pipeline] // timestamps
[Pipeline] timestamps
[Pipeline] {
[Pipeline] stage
[Pipeline] { (Clean)
[Pipeline] timeout
[2023-11-20T09:01:16.732Z] Timeout set to expire in 6 hr 0 min
[Pipeline] {
[Pipeline] withEnv
[Pipeline] {
[Pipeline] sh
[2023-11-20T09:01:17.830Z] + scl enable gcc-toolset-11 -
[2023-11-20T09:01:17.830Z] + '[' enable = load -o enable = unload ']'
[2023-11-20T09:01:17.830Z] + /usr/bin/scl enable gcc-toolset-11 -
[2023-11-20T09:01:17.830Z] python ecg-maya-hydra/build.py --stages=clean --workspace-dir=/local/S/jenkins/workspace/ECP/ecg-maya-hydra/ecg-maya-hydra-branch-preflight-python3-linux --artifactory-dir=/local/S/jenkins/workspace/shared/Artifactory --build-dir=/local/S/jenkins/workspace/ECP/ecg-maya-hydra/ecg-maya-hydra-branch-preflight-python3-linux/build --install-dir=/local/S/jenkins/workspace/ECP/ecg-maya-hydra/ecg-maya-hydra-branch-preflight-python3-linux/install --signing-dir=/local/S/jenkins/workspace/ECP/ecg-maya-hydra/ecg-maya-hydra-branch-preflight-python3-linux/signing --package-dir=/local/S/jenkins/workspace/ECP/ecg-maya-hydra/ecg-maya-hydra-branch-preflight-python3-linux/package --output-dir=/local/S/jenkins/workspace/ECP/ecg-maya-hydra/ecg-maya-hydra-branch-preflight-python3-linux/output --stash-dir=/local/S/jenkins/workspace/ECP/ecg-maya-hydra/ecg-maya-hydra-branch-preflight-python3-linux/stash --jenkins-build=408 --git-commit=f304bd14b6553a3ed7269eed1d947a294567bf41 --git-branch=master --variants=Debug --interactive-tests=true --post-zips=false --osx-binary-architecture-target=ub2 --osx-deployment-target=11.0 --osx-base-sdk=CurrentActiveSDK --maya-cut-config=maya-rundev-master-debug.yaml --maya-package=rundev-master-debug --stage-banner
[2023-11-20T09:01:17.830Z] Using Maya cut from /local/S/jenkins/workspace/shared/Artifactory/Linux/rundev-master-debug/202311130621/runtime/fb61367
[2023-11-20T09:01:17.830Z] 
[2023-11-20T09:01:17.830Z] ================================================================================
[2023-11-20T09:01:17.830Z]                                  clean (Debug)
[2023-11-20T09:01:17.830Z] ================================================================================
[2023-11-20T09:01:17.830Z] Maya Python Debug Info:
[2023-11-20T09:01:17.830Z]   mayapy executable   = /local/S/jenkins/workspace/shared/Artifactory/Linux/rundev-master-debug/202311130621/runtime/fb61367/runTime/bin/mayapy
[2023-11-20T09:01:17.830Z]   Include Folder      = /local/S/jenkins/workspace/shared/Artifactory/Linux/rundev-master-debug/202311130621/runtime/fb61367/runTime/include/Python311/Python
[2023-11-20T09:01:17.830Z]   Library             = /local/S/jenkins/workspace/shared/Artifactory/Linux/rundev-master-debug/202311130621/runtime/fb61367/runTime/lib/libpython3.11d.so.1.0
[2023-11-20T09:01:17.830Z]   site-package Folder = /local/S/jenkins/workspace/shared/Artifactory/Linux/rundev-master-debug/202311130621/runtime/fb61367/runTime/lib/python3.11/site-packages
[2023-11-20T09:01:22.054Z] Adding Python package requirements: ['/local/S/jenkins/workspace/shared/Artifactory/Linux/rundev-master-debug/202311130621/runtime/fb61367/runTime/bin/mayapy', '-m', 'pip', 'install', '-t', '/local/S/jenkins/workspace/shared/Artifactory/Linux/rundev-master-debug/202311130621/runtime/fb61367/runTime/lib/python3.11/site-packages', '-r', 'python_requirements.txt']
[2023-11-20T09:01:24.131Z] In workdir: /home/S/jenkins/workspace/ECP/ecg-maya-hydra/ecg-maya-hydra-branch-preflight-python3-linux/ecg-maya-hydra/maya-hydra
[2023-11-20T09:01:24.131Z] Executing: /local/S/jenkins/workspace/shared/Artifactory/Linux/rundev-master-debug/202311130621/runtime/fb61367/runTime/bin/mayapy /home/S/jenkins/workspace/ECP/ecg-maya-hydra/ecg-maya-hydra-branch-preflight-python3-linux/ecg-maya-hydra/maya-hydra/build.py --generator Ninja --build-debug --maya-location /local/S/jenkins/workspace/shared/Artifactory/Linux/rundev-master-debug/202311130621/runtime/fb61367/runTime --devkit-location /local/S/jenkins/workspace/shared/Artifactory/Linux/rundev-master-debug/202311130621/runtime/fb61367/devkitBase --pxrusd-location /local/S/jenkins/workspace/shared/Artifactory/Linux/USD/e5ad5df --build-args=-DCMAKE_MAKE_PROGRAM=/local/S/jenkins/workspace/shared/Artifactory/Linux/ninja/1.10.2/9ab399b/ninja,-DPYTHON_INCLUDE_DIR=/local/S/jenkins/workspace/shared/Artifactory/Linux/rundev-master-debug/202311130621/runtime/fb61367/runTime/include/Python311/Python,-DPython_EXECUTABLE=/local/S/jenkins/workspace/shared/Artifactory/Linux/rundev-master-debug/202311130621/runtime/fb61367/runTime/bin/mayapy,-DPYTHON_LIBRARIES=/local/S/jenkins/workspace/shared/Artifactory/Linux/rundev-master-debug/202311130621/runtime/fb61367/runTime/lib/libpython3.11d.so.1.0,-DBUILD_WITH_PYTHON_3_VERSION=3.11,-DCMAKE_WANT_MATERIALX_BUILD=ON,-DCMAKE_PREFIX_PATH=/local/S/jenkins/workspace/shared/Artifactory/Linux/USD/e5ad5df,-DMAYAHYDRA_BUILD_NUMBER=408,-DMAYAHYDRA_GIT_COMMIT=f304bd14b6553a3ed7269eed1d947a294567bf41,-DMAYAHYDRA_GIT_BRANCH=master --debug-python '--ctest-args=--parallel 16' --stages=clean --redirect-outstream-file=False --install-location /local/S/jenkins/workspace/ECP/ecg-maya-hydra/ecg-maya-hydra-branch-preflight-python3-linux/install/Debug/MayaHydra /local/S/jenkins/workspace/ECP/ecg-maya-hydra/ecg-maya-hydra-branch-preflight-python3-linux
[2023-11-20T09:01:24.131Z] Modified environment variables:
[2023-11-20T09:01:24.131Z]     LD_LIBRARY_PATH=/opt/rh/gcc-toolset-11/root/usr/lib64:/opt/rh/gcc-toolset-11/root/usr/lib64:/opt/rh/gcc-toolset-11/root/usr/lib:/opt/rh/gcc-toolset-11/root/usr/lib64/dyninst:/opt/rh/gcc-toolset-11/root/usr/lib/dyninst
[2023-11-20T09:01:24.131Z]     PATH=/local/S/jenkins/workspace/shared/Artifactory/Linux/cmake/3.20.3/ab685d7/bin:/opt/rh/gcc-toolset-11/root/usr/bin:/home/administrator/.local/bin:/home/administrator/bin:/usr/share/Modules/bin:/usr/local/bin:/usr/local/sbin:/usr/bin:/usr/sbin
[2023-11-20T09:01:25.264Z]     
[2023-11-20T09:01:25.264Z]         Building with settings:
[2023-11-20T09:01:25.264Z]           Source directory          /home/S/jenkins/workspace/ECP/ecg-maya-hydra/ecg-maya-hydra-branch-preflight-python3-linux/ecg-maya-hydra/maya-hydra
[2023-11-20T09:01:25.264Z]           Workspace directory       /local/S/jenkins/workspace/ECP/ecg-maya-hydra/ecg-maya-hydra-branch-preflight-python3-linux
[2023-11-20T09:01:25.264Z]           Build directory           /local/S/jenkins/workspace/ECP/ecg-maya-hydra/ecg-maya-hydra-branch-preflight-python3-linux/build/Debug
[2023-11-20T09:01:25.264Z]           Install directory         /local/S/jenkins/workspace/ECP/ecg-maya-hydra/ecg-maya-hydra-branch-preflight-python3-linux/install/Debug/MayaHydra
[2023-11-20T09:01:25.264Z]           Variant                   Debug
[2023-11-20T09:01:25.264Z]           Python Debug              On
[2023-11-20T09:01:25.264Z]           CMake generator           Ninja
[2023-11-20T09:01:25.264Z]           Build arguments           ['-DCMAKE_MAKE_PROGRAM=/local/S/jenkins/workspace/shared/Artifactory/Linux/ninja/1.10.2/9ab399b/ninja', '-DPYTHON_INCLUDE_DIR=/local/S/jenkins/workspace/shared/Artifactory/Linux/rundev-master-debug/202311130621/runtime/fb61367/runTime/include/Python311/Python', '-DPython_EXECUTABLE=/local/S/jenkins/workspace/shared/Artifactory/Linux/rundev-master-debug/202311130621/runtime/fb61367/runTime/bin/mayapy', '-DPYTHON_LIBRARIES=/local/S/jenkins/workspace/shared/Artifactory/Linux/rundev-master-debug/202311130621/runtime/fb61367/runTime/lib/libpython3.11d.so.1.0', '-DBUILD_WITH_PYTHON_3_VERSION=3.11', '-DCMAKE_WANT_MATERIALX_BUILD=ON', '-DCMAKE_PREFIX_PATH=/local/S/jenkins/workspace/shared/Artifactory/Linux/USD/e5ad5df', '-DMAYAHYDRA_BUILD_NUMBER=408', '-DMAYAHYDRA_GIT_COMMIT=f304bd14b6553a3ed7269eed1d947a294567bf41', '-DMAYAHYDRA_GIT_BRANCH=master']
[2023-11-20T09:01:25.264Z]           Stages arguments          ['clean']
[2023-11-20T09:01:25.264Z]           CTest arguments           ['--parallel 16']
[2023-11-20T09:01:25.264Z]     Success MayaHydra build and install !!!!
[2023-11-20T09:01:25.264Z]     Elapsed time: 00:00:00
[Pipeline] sh
[2023-11-20T09:01:26.565Z] + scl enable gcc-toolset-11 -
[2023-11-20T09:01:26.565Z] + '[' enable = load -o enable = unload ']'
[2023-11-20T09:01:26.565Z] + /usr/bin/scl enable gcc-toolset-11 -
[2023-11-20T09:01:26.565Z] python ecg-maya-hydra/build.py --stages=clean --workspace-dir=/local/S/jenkins/workspace/ECP/ecg-maya-hydra/ecg-maya-hydra-branch-preflight-python3-linux --artifactory-dir=/local/S/jenkins/workspace/shared/Artifactory --build-dir=/local/S/jenkins/workspace/ECP/ecg-maya-hydra/ecg-maya-hydra-branch-preflight-python3-linux/build --install-dir=/local/S/jenkins/workspace/ECP/ecg-maya-hydra/ecg-maya-hydra-branch-preflight-python3-linux/install --signing-dir=/local/S/jenkins/workspace/ECP/ecg-maya-hydra/ecg-maya-hydra-branch-preflight-python3-linux/signing --package-dir=/local/S/jenkins/workspace/ECP/ecg-maya-hydra/ecg-maya-hydra-branch-preflight-python3-linux/package --output-dir=/local/S/jenkins/workspace/ECP/ecg-maya-hydra/ecg-maya-hydra-branch-preflight-python3-linux/output --stash-dir=/local/S/jenkins/workspace/ECP/ecg-maya-hydra/ecg-maya-hydra-branch-preflight-python3-linux/stash --jenkins-build=408 --git-commit=f304bd14b6553a3ed7269eed1d947a294567bf41 --git-branch=master --variants=RelWithDebInfo --interactive-tests=true --post-zips=false --osx-binary-architecture-target=ub2 --osx-deployment-target=11.0 --osx-base-sdk=CurrentActiveSDK --maya-cut-config=maya-rundev-master.yaml --maya-package=rundev-master --stage-banner
[2023-11-20T09:01:26.565Z] Using Maya cut from /local/S/jenkins/workspace/shared/Artifactory/Linux/rundev-master/202311130812/runtime/48b8229
[2023-11-20T09:01:26.565Z] 
[2023-11-20T09:01:26.565Z] ================================================================================
[2023-11-20T09:01:26.565Z]                              clean (RelWithDebInfo)
[2023-11-20T09:01:26.565Z] ================================================================================
[2023-11-20T09:01:26.565Z] Maya Python RelWithDebInfo Info:
[2023-11-20T09:01:26.565Z]   mayapy executable   = /local/S/jenkins/workspace/shared/Artifactory/Linux/rundev-master/202311130812/runtime/48b8229/runTime/bin/mayapy
[2023-11-20T09:01:26.565Z]   Include Folder      = /local/S/jenkins/workspace/shared/Artifactory/Linux/rundev-master/202311130812/runtime/48b8229/runTime/include/Python311/Python
[2023-11-20T09:01:26.565Z]   Library             = /local/S/jenkins/workspace/shared/Artifactory/Linux/rundev-master/202311130812/runtime/48b8229/runTime/lib/libpython3.11.so.1.0
[2023-11-20T09:01:26.565Z]   site-package Folder = /local/S/jenkins/workspace/shared/Artifactory/Linux/rundev-master/202311130812/runtime/48b8229/runTime/lib/python3.11/site-packages
[2023-11-20T09:01:28.348Z] Adding Python package requirements: ['/local/S/jenkins/workspace/shared/Artifactory/Linux/rundev-master/202311130812/runtime/48b8229/runTime/bin/mayapy', '-m', 'pip', 'install', '-t', '/local/S/jenkins/workspace/shared/Artifactory/Linux/rundev-master/202311130812/runtime/48b8229/runTime/lib/python3.11/site-packages', '-r', 'python_requirements.txt']
[2023-11-20T09:01:29.480Z] In workdir: /home/S/jenkins/workspace/ECP/ecg-maya-hydra/ecg-maya-hydra-branch-preflight-python3-linux/ecg-maya-hydra/maya-hydra
[2023-11-20T09:01:29.480Z] Executing: /local/S/jenkins/workspace/shared/Artifactory/Linux/rundev-master/202311130812/runtime/48b8229/runTime/bin/mayapy /home/S/jenkins/workspace/ECP/ecg-maya-hydra/ecg-maya-hydra-branch-preflight-python3-linux/ecg-maya-hydra/maya-hydra/build.py --generator Ninja --build-relwithdebug --maya-location /local/S/jenkins/workspace/shared/Artifactory/Linux/rundev-master/202311130812/runtime/48b8229/runTime --devkit-location /local/S/jenkins/workspace/shared/Artifactory/Linux/rundev-master/202311130812/runtime/48b8229/devkitBase --pxrusd-location /local/S/jenkins/workspace/shared/Artifactory/Linux/USD/1a43c47 --build-args=-DCMAKE_MAKE_PROGRAM=/local/S/jenkins/workspace/shared/Artifactory/Linux/ninja/1.10.2/9ab399b/ninja,-DPYTHON_INCLUDE_DIR=/local/S/jenkins/workspace/shared/Artifactory/Linux/rundev-master/202311130812/runtime/48b8229/runTime/include/Python311/Python,-DPython_EXECUTABLE=/local/S/jenkins/workspace/shared/Artifactory/Linux/rundev-master/202311130812/runtime/48b8229/runTime/bin/mayapy,-DPYTHON_LIBRARIES=/local/S/jenkins/workspace/shared/Artifactory/Linux/rundev-master/202311130812/runtime/48b8229/runTime/lib/libpython3.11.so.1.0,-DBUILD_WITH_PYTHON_3_VERSION=3.11,-DCMAKE_WANT_MATERIALX_BUILD=ON,-DCMAKE_PREFIX_PATH=/local/S/jenkins/workspace/shared/Artifactory/Linux/USD/1a43c47,-DMAYAHYDRA_BUILD_NUMBER=408,-DMAYAHYDRA_GIT_COMMIT=f304bd14b6553a3ed7269eed1d947a294567bf41,-DMAYAHYDRA_GIT_BRANCH=master '--ctest-args=--parallel 16' --stages=clean --redirect-outstream-file=False --install-location /local/S/jenkins/workspace/ECP/ecg-maya-hydra/ecg-maya-hydra-branch-preflight-python3-linux/install/RelWithDebInfo/MayaHydra /local/S/jenkins/workspace/ECP/ecg-maya-hydra/ecg-maya-hydra-branch-preflight-python3-linux
[2023-11-20T09:01:29.480Z] Modified environment variables:
[2023-11-20T09:01:29.480Z]     LD_LIBRARY_PATH=/opt/rh/gcc-toolset-11/root/usr/lib64:/opt/rh/gcc-toolset-11/root/usr/lib64:/opt/rh/gcc-toolset-11/root/usr/lib:/opt/rh/gcc-toolset-11/root/usr/lib64/dyninst:/opt/rh/gcc-toolset-11/root/usr/lib/dyninst
[2023-11-20T09:01:29.480Z]     PATH=/local/S/jenkins/workspace/shared/Artifactory/Linux/cmake/3.20.3/ab685d7/bin:/opt/rh/gcc-toolset-11/root/usr/bin:/home/administrator/.local/bin:/home/administrator/bin:/usr/share/Modules/bin:/usr/local/bin:/usr/local/sbin:/usr/bin:/usr/sbin
[2023-11-20T09:01:30.020Z]     
[2023-11-20T09:01:30.020Z]         Building with settings:
[2023-11-20T09:01:30.020Z]           Source directory          /home/S/jenkins/workspace/ECP/ecg-maya-hydra/ecg-maya-hydra-branch-preflight-python3-linux/ecg-maya-hydra/maya-hydra
[2023-11-20T09:01:30.020Z]           Workspace directory       /local/S/jenkins/workspace/ECP/ecg-maya-hydra/ecg-maya-hydra-branch-preflight-python3-linux
[2023-11-20T09:01:30.020Z]           Build directory           /local/S/jenkins/workspace/ECP/ecg-maya-hydra/ecg-maya-hydra-branch-preflight-python3-linux/build/RelWithDebInfo
[2023-11-20T09:01:30.020Z]           Install directory         /local/S/jenkins/workspace/ECP/ecg-maya-hydra/ecg-maya-hydra-branch-preflight-python3-linux/install/RelWithDebInfo/MayaHydra
[2023-11-20T09:01:30.020Z]           Variant                   RelWithDebInfo
[2023-11-20T09:01:30.020Z]           Python Debug              Off
[2023-11-20T09:01:30.020Z]           CMake generator           Ninja
[2023-11-20T09:01:30.020Z]           Build arguments           ['-DCMAKE_MAKE_PROGRAM=/local/S/jenkins/workspace/shared/Artifactory/Linux/ninja/1.10.2/9ab399b/ninja', '-DPYTHON_INCLUDE_DIR=/local/S/jenkins/workspace/shared/Artifactory/Linux/rundev-master/202311130812/runtime/48b8229/runTime/include/Python311/Python', '-DPython_EXECUTABLE=/local/S/jenkins/workspace/shared/Artifactory/Linux/rundev-master/202311130812/runtime/48b8229/runTime/bin/mayapy', '-DPYTHON_LIBRARIES=/local/S/jenkins/workspace/shared/Artifactory/Linux/rundev-master/202311130812/runtime/48b8229/runTime/lib/libpython3.11.so.1.0', '-DBUILD_WITH_PYTHON_3_VERSION=3.11', '-DCMAKE_WANT_MATERIALX_BUILD=ON', '-DCMAKE_PREFIX_PATH=/local/S/jenkins/workspace/shared/Artifactory/Linux/USD/1a43c47', '-DMAYAHYDRA_BUILD_NUMBER=408', '-DMAYAHYDRA_GIT_COMMIT=f304bd14b6553a3ed7269eed1d947a294567bf41', '-DMAYAHYDRA_GIT_BRANCH=master']
[2023-11-20T09:01:30.020Z]           Stages arguments          ['clean']
[2023-11-20T09:01:30.020Z]           CTest arguments           ['--parallel 16']
[2023-11-20T09:01:30.020Z]     Success MayaHydra build and install !!!!
[2023-11-20T09:01:30.020Z]     Elapsed time: 00:00:00
[Pipeline] }
[Pipeline] // withEnv
[Pipeline] }
[Pipeline] // timeout
[Pipeline] }
[Pipeline] // stage
[Pipeline] }
[Pipeline] // timestamps
[Pipeline] timestamps
[Pipeline] {
[Pipeline] stage
[Pipeline] { (Configure)
[Pipeline] timeout
[2023-11-20T09:01:30.366Z] Timeout set to expire in 6 hr 0 min
[Pipeline] {
[Pipeline] withEnv
[Pipeline] {
[Pipeline] sh
[2023-11-20T09:01:31.462Z] + scl enable gcc-toolset-11 -
[2023-11-20T09:01:31.462Z] + '[' enable = load -o enable = unload ']'
[2023-11-20T09:01:31.462Z] + /usr/bin/scl enable gcc-toolset-11 -
[2023-11-20T09:01:31.462Z] python ecg-maya-hydra/build.py --stages=configure --workspace-dir=/local/S/jenkins/workspace/ECP/ecg-maya-hydra/ecg-maya-hydra-branch-preflight-python3-linux --artifactory-dir=/local/S/jenkins/workspace/shared/Artifactory --build-dir=/local/S/jenkins/workspace/ECP/ecg-maya-hydra/ecg-maya-hydra-branch-preflight-python3-linux/build --install-dir=/local/S/jenkins/workspace/ECP/ecg-maya-hydra/ecg-maya-hydra-branch-preflight-python3-linux/install --signing-dir=/local/S/jenkins/workspace/ECP/ecg-maya-hydra/ecg-maya-hydra-branch-preflight-python3-linux/signing --package-dir=/local/S/jenkins/workspace/ECP/ecg-maya-hydra/ecg-maya-hydra-branch-preflight-python3-linux/package --output-dir=/local/S/jenkins/workspace/ECP/ecg-maya-hydra/ecg-maya-hydra-branch-preflight-python3-linux/output --stash-dir=/local/S/jenkins/workspace/ECP/ecg-maya-hydra/ecg-maya-hydra-branch-preflight-python3-linux/stash --jenkins-build=408 --git-commit=f304bd14b6553a3ed7269eed1d947a294567bf41 --git-branch=master --variants=Debug --interactive-tests=true --post-zips=false --osx-binary-architecture-target=ub2 --osx-deployment-target=11.0 --osx-base-sdk=CurrentActiveSDK --maya-cut-config=maya-rundev-master-debug.yaml --maya-package=rundev-master-debug --stage-banner
[2023-11-20T09:01:31.462Z] Using Maya cut from /local/S/jenkins/workspace/shared/Artifactory/Linux/rundev-master-debug/202311130621/runtime/fb61367
[2023-11-20T09:01:31.462Z] 
[2023-11-20T09:01:31.462Z] ================================================================================
[2023-11-20T09:01:31.462Z]                                configure (Debug)
[2023-11-20T09:01:31.462Z] ================================================================================
[2023-11-20T09:01:31.462Z] Maya Python Debug Info:
[2023-11-20T09:01:31.462Z]   mayapy executable   = /local/S/jenkins/workspace/shared/Artifactory/Linux/rundev-master-debug/202311130621/runtime/fb61367/runTime/bin/mayapy
[2023-11-20T09:01:31.462Z]   Include Folder      = /local/S/jenkins/workspace/shared/Artifactory/Linux/rundev-master-debug/202311130621/runtime/fb61367/runTime/include/Python311/Python
[2023-11-20T09:01:31.462Z]   Library             = /local/S/jenkins/workspace/shared/Artifactory/Linux/rundev-master-debug/202311130621/runtime/fb61367/runTime/lib/libpython3.11d.so.1.0
[2023-11-20T09:01:31.463Z]   site-package Folder = /local/S/jenkins/workspace/shared/Artifactory/Linux/rundev-master-debug/202311130621/runtime/fb61367/runTime/lib/python3.11/site-packages
[2023-11-20T09:01:32.594Z] In workdir: /home/S/jenkins/workspace/ECP/ecg-maya-hydra/ecg-maya-hydra-branch-preflight-python3-linux/ecg-maya-hydra/maya-hydra
[2023-11-20T09:01:32.594Z] Executing: /local/S/jenkins/workspace/shared/Artifactory/Linux/rundev-master-debug/202311130621/runtime/fb61367/runTime/bin/mayapy /home/S/jenkins/workspace/ECP/ecg-maya-hydra/ecg-maya-hydra-branch-preflight-python3-linux/ecg-maya-hydra/maya-hydra/build.py --generator Ninja --build-debug --maya-location /local/S/jenkins/workspace/shared/Artifactory/Linux/rundev-master-debug/202311130621/runtime/fb61367/runTime --devkit-location /local/S/jenkins/workspace/shared/Artifactory/Linux/rundev-master-debug/202311130621/runtime/fb61367/devkitBase --pxrusd-location /local/S/jenkins/workspace/shared/Artifactory/Linux/USD/e5ad5df --build-args=-DCMAKE_MAKE_PROGRAM=/local/S/jenkins/workspace/shared/Artifactory/Linux/ninja/1.10.2/9ab399b/ninja,-DPYTHON_INCLUDE_DIR=/local/S/jenkins/workspace/shared/Artifactory/Linux/rundev-master-debug/202311130621/runtime/fb61367/runTime/include/Python311/Python,-DPython_EXECUTABLE=/local/S/jenkins/workspace/shared/Artifactory/Linux/rundev-master-debug/202311130621/runtime/fb61367/runTime/bin/mayapy,-DPYTHON_LIBRARIES=/local/S/jenkins/workspace/shared/Artifactory/Linux/rundev-master-debug/202311130621/runtime/fb61367/runTime/lib/libpython3.11d.so.1.0,-DBUILD_WITH_PYTHON_3_VERSION=3.11,-DCMAKE_WANT_MATERIALX_BUILD=ON,-DCMAKE_PREFIX_PATH=/local/S/jenkins/workspace/shared/Artifactory/Linux/USD/e5ad5df,-DMAYAHYDRA_BUILD_NUMBER=408,-DMAYAHYDRA_GIT_COMMIT=f304bd14b6553a3ed7269eed1d947a294567bf41,-DMAYAHYDRA_GIT_BRANCH=master --debug-python '--ctest-args=--parallel 16' --stages=configure --redirect-outstream-file=False --install-location /local/S/jenkins/workspace/ECP/ecg-maya-hydra/ecg-maya-hydra-branch-preflight-python3-linux/install/Debug/MayaHydra /local/S/jenkins/workspace/ECP/ecg-maya-hydra/ecg-maya-hydra-branch-preflight-python3-linux
[2023-11-20T09:01:32.594Z] Modified environment variables:
[2023-11-20T09:01:32.594Z]     LD_LIBRARY_PATH=/opt/rh/gcc-toolset-11/root/usr/lib64:/opt/rh/gcc-toolset-11/root/usr/lib64:/opt/rh/gcc-toolset-11/root/usr/lib:/opt/rh/gcc-toolset-11/root/usr/lib64/dyninst:/opt/rh/gcc-toolset-11/root/usr/lib/dyninst
[2023-11-20T09:01:32.594Z]     PATH=/local/S/jenkins/workspace/shared/Artifactory/Linux/cmake/3.20.3/ab685d7/bin:/opt/rh/gcc-toolset-11/root/usr/bin:/home/administrator/.local/bin:/home/administrator/bin:/usr/share/Modules/bin:/usr/local/bin:/usr/local/sbin:/usr/bin:/usr/sbin
[2023-11-20T09:01:51.423Z]     -- The C compiler identification is GNU 11.2.1
[2023-11-20T09:01:51.423Z]     -- The CXX compiler identification is GNU 11.2.1
[2023-11-20T09:01:51.423Z]     -- Detecting C compiler ABI info
[2023-11-20T09:01:51.423Z]     -- Detecting C compiler ABI info - done
[2023-11-20T09:01:51.423Z]     -- Check for working C compiler: /opt/rh/gcc-toolset-11/root/usr/bin/cc - skipped
[2023-11-20T09:01:51.423Z]     -- Detecting C compile features
[2023-11-20T09:01:51.423Z]     -- Detecting C compile features - done
[2023-11-20T09:01:51.423Z]     -- Detecting CXX compiler ABI info
[2023-11-20T09:01:51.423Z]     -- Detecting CXX compiler ABI info - done
[2023-11-20T09:01:51.423Z]     -- Check for working CXX compiler: /opt/rh/gcc-toolset-11/root/usr/bin/c++ - skipped
[2023-11-20T09:01:51.423Z]     -- Detecting CXX compile features
[2023-11-20T09:01:51.423Z]     -- Detecting CXX compile features - done
[2023-11-20T09:01:51.423Z]     -- Using Maya Light API Version 3
[2023-11-20T09:01:51.423Z]     -- Maya has setDefaultMaterialHandling API
[2023-11-20T09:01:51.423Z]     -- Maya has new point snapping API
[2023-11-20T09:01:51.423Z]     -- Maya has isInCrashHandler API
[2023-11-20T09:01:51.423Z]     -- Maya has getDisplayStyleOfAllViewports API
[2023-11-20T09:01:51.423Z]     -- Maya array iterator has difference_type trait
[2023-11-20T09:01:51.423Z]     -- MFnSet has getMemberPaths function
[2023-11-20T09:01:51.423Z]     -- MFnDisplayLayer exists
[2023-11-20T09:01:51.423Z]     -- MDisplayLayerMessage has MDisplayLayerMemberChangedFunction
[2023-11-20T09:01:51.423Z]     -- MRenderItem has HideOnPlayback API
[2023-11-20T09:01:51.423Z]     -- Linux: Maya was built with new cxx11 ABI
[2023-11-20T09:01:51.423Z]     -- Found Maya: /local/S/jenkins/workspace/shared/Artifactory/Linux/rundev-master-debug/202311130621/runtime/fb61367/runTime/bin/maya (found suitable version "2025", minimum required is "2024")
[2023-11-20T09:01:51.964Z]     -- Found Python: /local/S/jenkins/workspace/shared/Artifactory/Linux/rundev-master-debug/202311130621/runtime/fb61367/runTime/bin/mayapy (found suitable exact version "3.11.4") found components: Interpreter
[2023-11-20T09:01:51.964Z]     -- Build mayaHydra with Python3 = 3.11
[2023-11-20T09:01:51.964Z]     --    PYTHON_INCLUDE_DIRS = /local/S/jenkins/workspace/shared/Artifactory/Linux/rundev-master-debug/202311130621/runtime/fb61367/runTime/include/Python311/Python
[2023-11-20T09:01:51.964Z]     --    PYTHON_LIBRARIES    = /local/S/jenkins/workspace/shared/Artifactory/Linux/rundev-master-debug/202311130621/runtime/fb61367/runTime/lib/libpython3.11d.so.1.0
[2023-11-20T09:01:51.964Z]     --    Python_EXECUTABLE   = /local/S/jenkins/workspace/shared/Artifactory/Linux/rundev-master-debug/202311130621/runtime/fb61367/runTime/bin/mayapy
[2023-11-20T09:01:52.504Z]     -- Found Python3: /local/S/jenkins/workspace/shared/Artifactory/Linux/rundev-master-debug/202311130621/runtime/fb61367/runTime/include/Python311/Python (found suitable exact version "3.11.4") found components: Development Development.Module Development.Embed
[2023-11-20T09:01:52.504Z]     -- USD has new Sdr.PropertyTypes.Color4
[2023-11-20T09:01:53.045Z]     -- USD has MaterialX metadata support
[2023-11-20T09:01:53.045Z]     -- USD include dir: /local/S/jenkins/workspace/shared/Artifactory/Linux/USD/e5ad5df/include
[2023-11-20T09:01:53.045Z]     -- USD library dir: /local/S/jenkins/workspace/shared/Artifactory/Linux/USD/e5ad5df/lib
[2023-11-20T09:01:53.045Z]     -- USD version: 0.23.11
[2023-11-20T09:01:53.045Z]     -- Found USD: /local/S/jenkins/workspace/shared/Artifactory/Linux/USD/e5ad5df (found suitable version "0.23.11", minimum required is "0.22.11")
[2023-11-20T09:01:53.045Z]     Updated PYTHONPATH: /local/S/jenkins/workspace/shared/Artifactory/Linux/USD/e5ad5df/lib/python
[2023-11-20T09:01:53.045Z]     -- Found UFE: /local/S/jenkins/workspace/shared/Artifactory/Linux/rundev-master-debug/202311130621/runtime/fb61367/devkitBase/devkit/ufe/include (found version "0.5.11")
[2023-11-20T09:01:53.045Z]     -- UFE include dir: /local/S/jenkins/workspace/shared/Artifactory/Linux/rundev-master-debug/202311130621/runtime/fb61367/devkitBase/devkit/ufe/include
[2023-11-20T09:01:53.045Z]     -- UFE library: /local/S/jenkins/workspace/shared/Artifactory/Linux/rundev-master-debug/202311130621/runtime/fb61367/devkitBase/devkit/ufe/lib/libufe_0.so
[2023-11-20T09:01:53.045Z]     -- UFE version: 0.5.11
[2023-11-20T09:01:53.045Z]     -- Maya has UFE lights API
[2023-11-20T09:01:53.045Z]     -- Maya has UFE scene segment API
[2023-11-20T09:01:53.045Z]     -- Maya has UFE TrieNode childrenComponents accessor
[2023-11-20T09:01:53.045Z]     -- Building with UFE 0.5.11.
[2023-11-20T09:01:53.045Z]     -- Found MaterialX
[2023-11-20T09:01:53.045Z]     -- Check if compiler accepts -pthread
[2023-11-20T09:01:53.045Z]     -- Check if compiler accepts -pthread - yes
[2023-11-20T09:01:53.045Z]     -- Performing Test HAVE_STDATOMIC
[2023-11-20T09:01:53.045Z]     -- Performing Test HAVE_STDATOMIC - Success
[2023-11-20T09:01:53.045Z]     -- Found OpenGL: /usr/lib64/libOpenGL.so
[2023-11-20T09:01:53.045Z]     -- Check if linker can resolve circular dependencies - FALSE
[2023-11-20T09:01:53.045Z]     -- Found Qt 6.5.3 in Maya devkit. Hydra Scene Browser will be built.
[2023-11-20T09:01:53.045Z]     -- **** Building Gulrak From Github Repository.
[2023-11-20T09:01:53.045Z]     -- Populating gulrak
[2023-11-20T09:01:53.045Z]     -- Configuring done
[2023-11-20T09:01:53.045Z]     -- Generating done
[2023-11-20T09:01:53.045Z]     -- Build files have been written to: /home/S/jenkins/workspace/ECP/ecg-maya-hydra/ecg-maya-hydra-branch-preflight-python3-linux/build/Debug/_deps/gulrak-subbuild
[2023-11-20T09:01:53.586Z]     [1/9] Creating directories for 'gulrak-populate'
[2023-11-20T09:01:53.586Z]     [1/9] Performing download step (git clone) for 'gulrak-populate'
[2023-11-20T09:01:53.586Z]     Cloning into 'gulrak-src'...
[2023-11-20T09:01:53.586Z]     HEAD is now at 4e21ab3 Version bump and updated readme.
[2023-11-20T09:01:53.586Z]     [2/9] Performing update step for 'gulrak-populate'
[2023-11-20T09:01:54.127Z]     [4/9] No patch step for 'gulrak-populate'
[2023-11-20T09:01:54.127Z]     [5/9] No configure step for 'gulrak-populate'
[2023-11-20T09:01:54.127Z]     [6/9] No build step for 'gulrak-populate'
[2023-11-20T09:01:54.127Z]     [7/9] No install step for 'gulrak-populate'
[2023-11-20T09:01:54.127Z]     [8/9] No test step for 'gulrak-populate'
[2023-11-20T09:01:54.127Z]     [9/9] Completed 'gulrak-populate'
[2023-11-20T09:01:54.127Z]     -- ========== Installing GoogleTest... ==========
[2023-11-20T09:01:54.127Z]     -- Configuring done
[2023-11-20T09:01:54.127Z]     -- Generating done
[2023-11-20T09:01:54.127Z]     -- Build files have been written to: /home/S/jenkins/workspace/ECP/ecg-maya-hydra/ecg-maya-hydra-branch-preflight-python3-linux/build/Debug/googletest-config
[2023-11-20T09:01:54.127Z]     [1/8] Creating directories for 'googletest'
[2023-11-20T09:01:54.755Z]     [2/8] Performing download step (git clone) for 'googletest'
[2023-11-20T09:01:54.755Z]     Cloning into 'googletest-src'...
[2023-11-20T09:01:54.755Z]     HEAD is now at 703bd9ca Googletest export
[2023-11-20T09:01:54.755Z]     [3/8] Performing update step for 'googletest'
[2023-11-20T09:01:54.755Z]     [4/8] No patch step for 'googletest'
[2023-11-20T09:01:55.297Z]     [5/8] Performing configure step for 'googletest'
[2023-11-20T09:01:55.297Z]     Not searching for unused variables given on the command line.
[2023-11-20T09:01:55.297Z]     CMake Deprecation Warning at CMakeLists.txt:4 (cmake_minimum_required):
[2023-11-20T09:01:55.297Z]       Compatibility with CMake < 2.8.12 will be removed from a future version of
[2023-11-20T09:01:55.297Z]       CMake.
[2023-11-20T09:01:55.297Z]     
[2023-11-20T09:01:55.297Z]       Update the VERSION argument <min> value or use a ...<max> suffix to tell
[2023-11-20T09:01:55.297Z]       CMake that the project does not need compatibility with older versions.
[2023-11-20T09:01:55.297Z]     
[2023-11-20T09:01:55.297Z]     
[2023-11-20T09:01:55.297Z]     -- The C compiler identification is GNU 11.2.1
[2023-11-20T09:01:55.297Z]     -- The CXX compiler identification is GNU 11.2.1
[2023-11-20T09:01:55.297Z]     -- Detecting C compiler ABI info
[2023-11-20T09:01:55.297Z]     -- Detecting C compiler ABI info - done
[2023-11-20T09:01:55.297Z]     -- Check for working C compiler: /opt/rh/gcc-toolset-11/root/usr/bin/cc - skipped
[2023-11-20T09:01:55.297Z]     -- Detecting C compile features
[2023-11-20T09:01:55.297Z]     -- Detecting C compile features - done
[2023-11-20T09:01:55.297Z]     -- Detecting CXX compiler ABI info
[2023-11-20T09:01:55.297Z]     -- Detecting CXX compiler ABI info - done
[2023-11-20T09:01:55.297Z]     -- Check for working CXX compiler: /opt/rh/gcc-toolset-11/root/usr/bin/c++ - skipped
[2023-11-20T09:01:55.297Z]     -- Detecting CXX compile features
[2023-11-20T09:01:55.297Z]     -- Detecting CXX compile features - done
[2023-11-20T09:01:55.297Z]     CMake Deprecation Warning at googletest/CMakeLists.txt:56 (cmake_minimum_required):
[2023-11-20T09:01:55.297Z]       Compatibility with CMake < 2.8.12 will be removed from a future version of
[2023-11-20T09:01:55.297Z]       CMake.
[2023-11-20T09:01:55.297Z]     
[2023-11-20T09:01:55.297Z]       Update the VERSION argument <min> value or use a ...<max> suffix to tell
[2023-11-20T09:01:55.297Z]       CMake that the project does not need compatibility with older versions.
[2023-11-20T09:01:55.297Z]     
[2023-11-20T09:01:55.297Z]     
[2023-11-20T09:01:55.297Z]     -- Found PythonInterp: /usr/local/bin/python (found version "3.9.7")
[2023-11-20T09:01:55.297Z]     -- Looking for pthread.h
[2023-11-20T09:01:55.297Z]     -- Looking for pthread.h - found
[2023-11-20T09:01:55.297Z]     -- Performing Test CMAKE_HAVE_LIBC_PTHREAD
[2023-11-20T09:01:55.297Z]     -- Performing Test CMAKE_HAVE_LIBC_PTHREAD - Failed
[2023-11-20T09:01:55.297Z]     -- Looking for pthread_create in pthreads
[2023-11-20T09:01:55.297Z]     -- Looking for pthread_create in pthreads - not found
[2023-11-20T09:01:55.297Z]     -- Looking for pthread_create in pthread
[2023-11-20T09:01:55.297Z]     -- Looking for pthread_create in pthread - found
[2023-11-20T09:01:55.297Z]     -- Found Threads: TRUE
[2023-11-20T09:01:55.297Z]     -- Configuring done
[2023-11-20T09:01:55.297Z]     -- Generating done
[2023-11-20T09:01:55.297Z]     -- Build files have been written to: /home/S/jenkins/workspace/ECP/ecg-maya-hydra/ecg-maya-hydra-branch-preflight-python3-linux/build/Debug/googletest-build
[2023-11-20T09:01:58.687Z]     [6/8] Performing build step for 'googletest'
[2023-11-20T09:01:58.687Z]     [1/4] Building CXX object googletest/CMakeFiles/gtest_main.dir/src/gtest_main.cc.o
[2023-11-20T09:01:58.687Z]     [2/4] Building CXX object googletest/CMakeFiles/gtest.dir/src/gtest-all.cc.o
[2023-11-20T09:01:58.687Z]     [3/4] Linking CXX shared library lib/libgtestd.so
[2023-11-20T09:01:58.687Z]     [4/4] Linking CXX shared library lib/libgtest_maind.so
[2023-11-20T09:01:58.687Z]     [7/8] Performing install step for 'googletest'
[2023-11-20T09:01:58.687Z]     [0/1] Install the project...
[2023-11-20T09:01:58.687Z]     -- Install configuration: "Debug"
[2023-11-20T09:01:58.687Z]     -- Set runtime path of "/home/S/jenkins/workspace/ECP/ecg-maya-hydra/ecg-maya-hydra-branch-preflight-python3-linux/build/Debug/googletest-install/lib64/libgtest_maind.so" to ""
[2023-11-20T09:01:58.687Z]     [8/8] Completed 'googletest'
[2023-11-20T09:01:58.687Z]     -- ========== ...  GoogleTest installed. ==========
[2023-11-20T09:01:58.687Z]     -- Found GTest: /home/S/jenkins/workspace/ECP/ecg-maya-hydra/ecg-maya-hydra-branch-preflight-python3-linux/build/Debug/googletest-install/lib64/libgtestd.so
[2023-11-20T09:01:58.687Z]     -- promoting: /home/S/jenkins/workspace/ECP/ecg-maya-hydra/ecg-maya-hydra-branch-preflight-python3-linux/ecg-maya-hydra/maya-hydra/lib/mayaHydra/mayaPlugin/pluginUtils.h
[2023-11-20T09:01:58.687Z]     -- promoting: /home/S/jenkins/workspace/ECP/ecg-maya-hydra/ecg-maya-hydra-branch-preflight-python3-linux/ecg-maya-hydra/maya-hydra/lib/mayaHydra/hydraExtensions/api.h
[2023-11-20T09:01:58.687Z]     -- promoting: /home/S/jenkins/workspace/ECP/ecg-maya-hydra/ecg-maya-hydra-branch-preflight-python3-linux/ecg-maya-hydra/maya-hydra/lib/mayaHydra/hydraExtensions/debugCodes.h
[2023-11-20T09:01:58.687Z]     -- promoting: /home/S/jenkins/workspace/ECP/ecg-maya-hydra/ecg-maya-hydra-branch-preflight-python3-linux/ecg-maya-hydra/maya-hydra/lib/mayaHydra/hydraExtensions/hydraUtils.h
[2023-11-20T09:01:58.688Z]     -- promoting: /home/S/jenkins/workspace/ECP/ecg-maya-hydra/ecg-maya-hydra-branch-preflight-python3-linux/ecg-maya-hydra/maya-hydra/lib/mayaHydra/hydraExtensions/mayaHydraLibInterface.h
[2023-11-20T09:01:58.688Z]     -- promoting: /home/S/jenkins/workspace/ECP/ecg-maya-hydra/ecg-maya-hydra-branch-preflight-python3-linux/ecg-maya-hydra/maya-hydra/lib/mayaHydra/hydraExtensions/mayaHydraLibInterfaceImp.h
[2023-11-20T09:01:58.688Z]     -- promoting: /home/S/jenkins/workspace/ECP/ecg-maya-hydra/ecg-maya-hydra-branch-preflight-python3-linux/ecg-maya-hydra/maya-hydra/lib/mayaHydra/hydraExtensions/mayaUtils.h
[2023-11-20T09:01:58.688Z]     -- promoting: /home/S/jenkins/workspace/ECP/ecg-maya-hydra/ecg-maya-hydra-branch-preflight-python3-linux/ecg-maya-hydra/maya-hydra/lib/mayaHydra/hydraExtensions/mixedUtils.h
[2023-11-20T09:01:58.688Z]     -- promoting: /home/S/jenkins/workspace/ECP/ecg-maya-hydra/ecg-maya-hydra-branch-preflight-python3-linux/ecg-maya-hydra/maya-hydra/lib/mayaHydra/hydraExtensions/mayaHydraSceneProducer.h
[2023-11-20T09:01:58.688Z]     -- promoting: /home/S/jenkins/workspace/ECP/ecg-maya-hydra/ecg-maya-hydra-branch-preflight-python3-linux/ecg-maya-hydra/maya-hydra/lib/mayaHydra/hydraExtensions/adapters/adapter.h
[2023-11-20T09:01:58.688Z]     -- promoting: /home/S/jenkins/workspace/ECP/ecg-maya-hydra/ecg-maya-hydra-branch-preflight-python3-linux/ecg-maya-hydra/maya-hydra/lib/mayaHydra/hydraExtensions/adapters/adapterDebugCodes.h
[2023-11-20T09:01:58.688Z]     -- promoting: /home/S/jenkins/workspace/ECP/ecg-maya-hydra/ecg-maya-hydra-branch-preflight-python3-linux/ecg-maya-hydra/maya-hydra/lib/mayaHydra/hydraExtensions/adapters/adapterRegistry.h
[2023-11-20T09:01:58.688Z]     -- promoting: /home/S/jenkins/workspace/ECP/ecg-maya-hydra/ecg-maya-hydra-branch-preflight-python3-linux/ecg-maya-hydra/maya-hydra/lib/mayaHydra/hydraExtensions/adapters/cameraAdapter.h
[2023-11-20T09:01:58.688Z]     -- promoting: /home/S/jenkins/workspace/ECP/ecg-maya-hydra/ecg-maya-hydra-branch-preflight-python3-linux/ecg-maya-hydra/maya-hydra/lib/mayaHydra/hydraExtensions/adapters/constantShadowMatrix.h
[2023-11-20T09:01:58.688Z]     -- promoting: /home/S/jenkins/workspace/ECP/ecg-maya-hydra/ecg-maya-hydra-branch-preflight-python3-linux/ecg-maya-hydra/maya-hydra/lib/mayaHydra/hydraExtensions/adapters/dagAdapter.h
[2023-11-20T09:01:58.688Z]     -- promoting: /home/S/jenkins/workspace/ECP/ecg-maya-hydra/ecg-maya-hydra-branch-preflight-python3-linux/ecg-maya-hydra/maya-hydra/lib/mayaHydra/hydraExtensions/adapters/renderItemAdapter.h
[2023-11-20T09:01:58.688Z]     -- promoting: /home/S/jenkins/workspace/ECP/ecg-maya-hydra/ecg-maya-hydra-branch-preflight-python3-linux/ecg-maya-hydra/maya-hydra/lib/mayaHydra/hydraExtensions/adapters/lightAdapter.h
[2023-11-20T09:01:58.688Z]     -- promoting: /home/S/jenkins/workspace/ECP/ecg-maya-hydra/ecg-maya-hydra-branch-preflight-python3-linux/ecg-maya-hydra/maya-hydra/lib/mayaHydra/hydraExtensions/adapters/materialAdapter.h
[2023-11-20T09:01:58.688Z]     -- promoting: /home/S/jenkins/workspace/ECP/ecg-maya-hydra/ecg-maya-hydra-branch-preflight-python3-linux/ecg-maya-hydra/maya-hydra/lib/mayaHydra/hydraExtensions/adapters/materialNetworkConverter.h
[2023-11-20T09:01:58.688Z]     -- promoting: /home/S/jenkins/workspace/ECP/ecg-maya-hydra/ecg-maya-hydra-branch-preflight-python3-linux/ecg-maya-hydra/maya-hydra/lib/mayaHydra/hydraExtensions/adapters/mayaAttrs.h
[2023-11-20T09:01:58.688Z]     -- promoting: /home/S/jenkins/workspace/ECP/ecg-maya-hydra/ecg-maya-hydra-branch-preflight-python3-linux/ecg-maya-hydra/maya-hydra/lib/mayaHydra/hydraExtensions/adapters/shapeAdapter.h
[2023-11-20T09:01:58.688Z]     -- promoting: /home/S/jenkins/workspace/ECP/ecg-maya-hydra/ecg-maya-hydra-branch-preflight-python3-linux/ecg-maya-hydra/maya-hydra/lib/mayaHydra/hydraExtensions/adapters/tokens.h
[2023-11-20T09:01:58.688Z]     -- promoting: /home/S/jenkins/workspace/ECP/ecg-maya-hydra/ecg-maya-hydra-branch-preflight-python3-linux/ecg-maya-hydra/maya-hydra/lib/mayaHydra/hydraExtensions/delegates/delegate.h
[2023-11-20T09:01:58.688Z]     -- promoting: /home/S/jenkins/workspace/ECP/ecg-maya-hydra/ecg-maya-hydra-branch-preflight-python3-linux/ecg-maya-hydra/maya-hydra/lib/mayaHydra/hydraExtensions/delegates/delegateCtx.h
[2023-11-20T09:01:58.688Z]     -- promoting: /home/S/jenkins/workspace/ECP/ecg-maya-hydra/ecg-maya-hydra-branch-preflight-python3-linux/ecg-maya-hydra/maya-hydra/lib/mayaHydra/hydraExtensions/delegates/delegateDebugCodes.h
[2023-11-20T09:01:58.688Z]     -- promoting: /home/S/jenkins/workspace/ECP/ecg-maya-hydra/ecg-maya-hydra-branch-preflight-python3-linux/ecg-maya-hydra/maya-hydra/lib/mayaHydra/hydraExtensions/delegates/delegateRegistry.h
[2023-11-20T09:01:58.688Z]     -- promoting: /home/S/jenkins/workspace/ECP/ecg-maya-hydra/ecg-maya-hydra-branch-preflight-python3-linux/ecg-maya-hydra/maya-hydra/lib/mayaHydra/hydraExtensions/delegates/params.h
[2023-11-20T09:01:58.688Z]     -- promoting: /home/S/jenkins/workspace/ECP/ecg-maya-hydra/ecg-maya-hydra-branch-preflight-python3-linux/ecg-maya-hydra/maya-hydra/lib/mayaHydra/hydraExtensions/delegates/sceneDelegate.h
[2023-11-20T09:01:58.688Z]     -- promoting: /home/S/jenkins/workspace/ECP/ecg-maya-hydra/ecg-maya-hydra-branch-preflight-python3-linux/ecg-maya-hydra/maya-hydra/lib/mayaHydra/hydraExtensions/delegates/defaultLightDelegate.h
[2023-11-20T09:01:58.688Z]     -- promoting: /home/S/jenkins/workspace/ECP/ecg-maya-hydra/ecg-maya-hydra-branch-preflight-python3-linux/ecg-maya-hydra/maya-hydra/lib/mayaHydra/hydraExtensions/delegates/testDelegate.h
[2023-11-20T09:01:58.688Z]     -- promoting: /home/S/jenkins/workspace/ECP/ecg-maya-hydra/ecg-maya-hydra-branch-preflight-python3-linux/ecg-maya-hydra/maya-hydra/lib/mayaHydra/hydraExtensions/sceneIndex/registration.h
[2023-11-20T09:01:58.688Z]     -- promoting: /home/S/jenkins/workspace/ECP/ecg-maya-hydra/ecg-maya-hydra-branch-preflight-python3-linux/ecg-maya-hydra/maya-hydra/lib/mayaHydra/hydraExtensions/sceneIndex/mayaHydraSceneIndex.h
[2023-11-20T09:01:58.688Z]     -- promoting: /home/S/jenkins/workspace/ECP/ecg-maya-hydra/ecg-maya-hydra-branch-preflight-python3-linux/ecg-maya-hydra/maya-hydra/lib/mayaHydra/hydraExtensions/sceneIndex/mayaHydraDataSource.h
[2023-11-20T09:01:58.688Z]     -- promoting: /home/S/jenkins/workspace/ECP/ecg-maya-hydra/ecg-maya-hydra-branch-preflight-python3-linux/ecg-maya-hydra/maya-hydra/lib/mayaHydra/hydraExtensions/sceneIndex/mayaHydraPrimvarDataSource.h
[2023-11-20T09:01:58.688Z]     -- promoting: /home/S/jenkins/workspace/ECP/ecg-maya-hydra/ecg-maya-hydra-branch-preflight-python3-linux/ecg-maya-hydra/maya-hydra/lib/mayaHydra/hydraExtensions/sceneIndex/mayaHydraDisplayStyleDataSource.h
[2023-11-20T09:01:58.688Z]     -- promoting: /home/S/jenkins/workspace/ECP/ecg-maya-hydra/ecg-maya-hydra-branch-preflight-python3-linux/ecg-maya-hydra/maya-hydra/lib/mayaHydra/hydraExtensions/sceneIndex/mayaHydraCameraDataSource.h
[2023-11-20T09:01:58.688Z]     -- promoting: /home/S/jenkins/workspace/ECP/ecg-maya-hydra/ecg-maya-hydra-branch-preflight-python3-linux/ecg-maya-hydra/maya-hydra/lib/mayaHydra/hydraExtensions/sceneIndex/mayaHydraLightDataSource.h
[2023-11-20T09:01:58.688Z]     -- promoting: /home/S/jenkins/workspace/ECP/ecg-maya-hydra/ecg-maya-hydra-branch-preflight-python3-linux/ecg-maya-hydra/maya-hydra/lib/mayaHydra/hydraExtensions/sceneIndex/mayaHydraDefaultLightDataSource.h
[2023-11-20T09:01:58.688Z]     -- promoting: /home/S/jenkins/workspace/ECP/ecg-maya-hydra/ecg-maya-hydra-branch-preflight-python3-linux/ecg-maya-hydra/maya-hydra/lib/mayaHydra/ufeExtensions/api.h
[2023-11-20T09:01:58.688Z]     -- promoting: /home/S/jenkins/workspace/ECP/ecg-maya-hydra/ecg-maya-hydra-branch-preflight-python3-linux/ecg-maya-hydra/maya-hydra/lib/mayaHydra/ufeExtensions/Global.h
[2023-11-20T09:01:58.688Z]     -- promoting: /home/S/jenkins/workspace/ECP/ecg-maya-hydra/ecg-maya-hydra-branch-preflight-python3-linux/ecg-maya-hydra/maya-hydra/lib/flowViewport/api.h
[2023-11-20T09:01:58.688Z]     -- promoting: /home/S/jenkins/workspace/ECP/ecg-maya-hydra/ecg-maya-hydra-branch-preflight-python3-linux/ecg-maya-hydra/maya-hydra/lib/flowViewport/debugCodes.h
[2023-11-20T09:01:58.688Z]     -- promoting: /home/S/jenkins/workspace/ECP/ecg-maya-hydra/ecg-maya-hydra-branch-preflight-python3-linux/ecg-maya-hydra/maya-hydra/lib/flowViewport/global.h
[2023-11-20T09:01:58.688Z]     -- promoting: /home/S/jenkins/workspace/ECP/ecg-maya-hydra/ecg-maya-hydra-branch-preflight-python3-linux/ecg-maya-hydra/maya-hydra/lib/flowViewport/tokens.h
[2023-11-20T09:01:58.688Z]     -- promoting: /home/S/jenkins/workspace/ECP/ecg-maya-hydra/ecg-maya-hydra-branch-preflight-python3-linux/ecg-maya-hydra/maya-hydra/lib/flowViewport/colorPreferences/fvpColorChanged.h
[2023-11-20T09:01:58.688Z]     -- promoting: /home/S/jenkins/workspace/ECP/ecg-maya-hydra/ecg-maya-hydra-branch-preflight-python3-linux/ecg-maya-hydra/maya-hydra/lib/flowViewport/colorPreferences/fvpColorPreferences.h
[2023-11-20T09:01:58.688Z]     -- promoting: /home/S/jenkins/workspace/ECP/ecg-maya-hydra/ecg-maya-hydra-branch-preflight-python3-linux/ecg-maya-hydra/maya-hydra/lib/flowViewport/colorPreferences/fvpColorPreferencesTokens.h
[2023-11-20T09:01:58.688Z]     -- promoting: /home/S/jenkins/workspace/ECP/ecg-maya-hydra/ecg-maya-hydra-branch-preflight-python3-linux/ecg-maya-hydra/maya-hydra/lib/flowViewport/colorPreferences/fvpColorPreferencesTranslator.h
[2023-11-20T09:01:58.688Z]     -- promoting: /home/S/jenkins/workspace/ECP/ecg-maya-hydra/ecg-maya-hydra-branch-preflight-python3-linux/ecg-maya-hydra/maya-hydra/lib/flowViewport/sceneIndex/fvpMergingSceneIndex.h
[2023-11-20T09:01:58.688Z]     -- promoting: /home/S/jenkins/workspace/ECP/ecg-maya-hydra/ecg-maya-hydra-branch-preflight-python3-linux/ecg-maya-hydra/maya-hydra/lib/flowViewport/sceneIndex/fvpPathInterface.h
[2023-11-20T09:01:58.688Z]     -- promoting: /home/S/jenkins/workspace/ECP/ecg-maya-hydra/ecg-maya-hydra-branch-preflight-python3-linux/ecg-maya-hydra/maya-hydra/lib/flowViewport/sceneIndex/fvpPathInterfaceSceneIndex.h
[2023-11-20T09:01:58.688Z]     -- promoting: /home/S/jenkins/workspace/ECP/ecg-maya-hydra/ecg-maya-hydra-branch-preflight-python3-linux/ecg-maya-hydra/maya-hydra/lib/flowViewport/sceneIndex/fvpRenderIndexProxy.h
[2023-11-20T09:01:58.688Z]     -- promoting: /home/S/jenkins/workspace/ECP/ecg-maya-hydra/ecg-maya-hydra-branch-preflight-python3-linux/ecg-maya-hydra/maya-hydra/lib/flowViewport/sceneIndex/fvpRenderIndexProxyFwd.h
[2023-11-20T09:01:58.688Z]     -- promoting: /home/S/jenkins/workspace/ECP/ecg-maya-hydra/ecg-maya-hydra-branch-preflight-python3-linux/ecg-maya-hydra/maya-hydra/lib/flowViewport/sceneIndex/fvpSelectionSceneIndex.h
[2023-11-20T09:01:58.688Z]     -- promoting: /home/S/jenkins/workspace/ECP/ecg-maya-hydra/ecg-maya-hydra-branch-preflight-python3-linux/ecg-maya-hydra/maya-hydra/lib/flowViewport/sceneIndex/fvpWireframeSelectionHighlightSceneIndex.h
[2023-11-20T09:01:58.688Z]     -- promoting: /home/S/jenkins/workspace/ECP/ecg-maya-hydra/ecg-maya-hydra-branch-preflight-python3-linux/ecg-maya-hydra/maya-hydra/lib/flowViewport/API/fvpSelectionClient.h
[2023-11-20T09:01:58.688Z]     -- promoting: /home/S/jenkins/workspace/ECP/ecg-maya-hydra/ecg-maya-hydra-branch-preflight-python3-linux/ecg-maya-hydra/maya-hydra/lib/flowViewport/API/fvpFlowSelectionInterface.h
[2023-11-20T09:01:58.688Z]     -- promoting: /home/S/jenkins/workspace/ECP/ecg-maya-hydra/ecg-maya-hydra-branch-preflight-python3-linux/ecg-maya-hydra/maya-hydra/lib/flowViewport/API/fvpVersionInterface.h
[2023-11-20T09:01:58.688Z]     -- promoting: /home/S/jenkins/workspace/ECP/ecg-maya-hydra/ecg-maya-hydra-branch-preflight-python3-linux/ecg-maya-hydra/maya-hydra/lib/flowViewport/API/fvpInformationInterface.h
[2023-11-20T09:01:58.688Z]     -- promoting: /home/S/jenkins/workspace/ECP/ecg-maya-hydra/ecg-maya-hydra-branch-preflight-python3-linux/ecg-maya-hydra/maya-hydra/lib/flowViewport/API/fvpInformationClient.h
[2023-11-20T09:01:58.688Z]     -- promoting: /home/S/jenkins/workspace/ECP/ecg-maya-hydra/ecg-maya-hydra-branch-preflight-python3-linux/ecg-maya-hydra/maya-hydra/lib/flowViewport/API/interfacesImp/fvpSelectionInterfaceImp.h
[2023-11-20T09:01:58.688Z]     -- promoting: /home/S/jenkins/workspace/ECP/ecg-maya-hydra/ecg-maya-hydra-branch-preflight-python3-linux/ecg-maya-hydra/maya-hydra/lib/flowViewport/API/interfacesImp/fvpVersionInterfaceImp.h
[2023-11-20T09:01:58.688Z]     -- promoting: /home/S/jenkins/workspace/ECP/ecg-maya-hydra/ecg-maya-hydra-branch-preflight-python3-linux/ecg-maya-hydra/maya-hydra/lib/flowViewport/API/interfacesImp/fvpInformationInterfaceImp.h
[2023-11-20T09:01:58.688Z]     -- promoting: /home/S/jenkins/workspace/ECP/ecg-maya-hydra/ecg-maya-hydra-branch-preflight-python3-linux/ecg-maya-hydra/maya-hydra/lib/flowViewport/API/samples/fvpSelectionClientExample.h
[2023-11-20T09:01:58.688Z]     -- promoting: /home/S/jenkins/workspace/ECP/ecg-maya-hydra/ecg-maya-hydra-branch-preflight-python3-linux/ecg-maya-hydra/maya-hydra/lib/flowViewport/API/samples/fvpInformationClientExample.h
[2023-11-20T09:01:58.688Z]     -- promoting: /home/S/jenkins/workspace/ECP/ecg-maya-hydra/ecg-maya-hydra-branch-preflight-python3-linux/ecg-maya-hydra/maya-hydra/lib/flowViewport/API/perViewportSceneIndicesData/fvpViewportInformationAndSceneIndicesPerViewportData.h
[2023-11-20T09:01:58.688Z]     -- promoting: /home/S/jenkins/workspace/ECP/ecg-maya-hydra/ecg-maya-hydra-branch-preflight-python3-linux/ecg-maya-hydra/maya-hydra/lib/flowViewport/API/perViewportSceneIndicesData/fvpViewportInformationAndSceneIndicesPerViewportDataManager.h
[2023-11-20T09:01:58.688Z]     -- promoting: /home/S/jenkins/workspace/ECP/ecg-maya-hydra/ecg-maya-hydra-branch-preflight-python3-linux/ecg-maya-hydra/maya-hydra/lib/flowViewport/selection/fvpSelection.h
[2023-11-20T09:01:58.688Z]     -- promoting: /home/S/jenkins/workspace/ECP/ecg-maya-hydra/ecg-maya-hydra-branch-preflight-python3-linux/ecg-maya-hydra/maya-hydra/lib/flowViewport/selection/fvpSelectionFwd.h
[2023-11-20T09:01:58.688Z]     -- promoting: /home/S/jenkins/workspace/ECP/ecg-maya-hydra/ecg-maya-hydra-branch-preflight-python3-linux/ecg-maya-hydra/maya-hydra/lib/flowViewport/selection/fvpSelectionTask.h
[2023-11-20T09:01:58.688Z]     -- promoting: /home/S/jenkins/workspace/ECP/ecg-maya-hydra/ecg-maya-hydra-branch-preflight-python3-linux/ecg-maya-hydra/maya-hydra/lib/flowViewport/selection/fvpSelectionTracker.h
[2023-11-20T09:02:00.470Z]     -- Configuring done
[2023-11-20T09:02:00.470Z]     -- Generating done
[2023-11-20T09:02:00.470Z]     -- Build files have been written to: /home/S/jenkins/workspace/ECP/ecg-maya-hydra/ecg-maya-hydra-branch-preflight-python3-linux/build/Debug
[2023-11-20T09:02:00.470Z]     
[2023-11-20T09:02:00.470Z]         Building with settings:
[2023-11-20T09:02:00.470Z]           Source directory          /home/S/jenkins/workspace/ECP/ecg-maya-hydra/ecg-maya-hydra-branch-preflight-python3-linux/ecg-maya-hydra/maya-hydra
[2023-11-20T09:02:00.470Z]           Workspace directory       /local/S/jenkins/workspace/ECP/ecg-maya-hydra/ecg-maya-hydra-branch-preflight-python3-linux
[2023-11-20T09:02:00.470Z]           Build directory           /local/S/jenkins/workspace/ECP/ecg-maya-hydra/ecg-maya-hydra-branch-preflight-python3-linux/build/Debug
[2023-11-20T09:02:00.470Z]           Install directory         /local/S/jenkins/workspace/ECP/ecg-maya-hydra/ecg-maya-hydra-branch-preflight-python3-linux/install/Debug/MayaHydra
[2023-11-20T09:02:00.470Z]           Variant                   Debug
[2023-11-20T09:02:00.470Z]           Python Debug              On
[2023-11-20T09:02:00.470Z]           CMake generator           Ninja
[2023-11-20T09:02:00.470Z]           Build arguments           ['-DCMAKE_MAKE_PROGRAM=/local/S/jenkins/workspace/shared/Artifactory/Linux/ninja/1.10.2/9ab399b/ninja', '-DPYTHON_INCLUDE_DIR=/local/S/jenkins/workspace/shared/Artifactory/Linux/rundev-master-debug/202311130621/runtime/fb61367/runTime/include/Python311/Python', '-DPython_EXECUTABLE=/local/S/jenkins/workspace/shared/Artifactory/Linux/rundev-master-debug/202311130621/runtime/fb61367/runTime/bin/mayapy', '-DPYTHON_LIBRARIES=/local/S/jenkins/workspace/shared/Artifactory/Linux/rundev-master-debug/202311130621/runtime/fb61367/runTime/lib/libpython3.11d.so.1.0', '-DBUILD_WITH_PYTHON_3_VERSION=3.11', '-DCMAKE_WANT_MATERIALX_BUILD=ON', '-DCMAKE_PREFIX_PATH=/local/S/jenkins/workspace/shared/Artifactory/Linux/USD/e5ad5df', '-DMAYAHYDRA_BUILD_NUMBER=408', '-DMAYAHYDRA_GIT_COMMIT=f304bd14b6553a3ed7269eed1d947a294567bf41', '-DMAYAHYDRA_GIT_BRANCH=master']
[2023-11-20T09:02:00.470Z]           Stages arguments          ['configure']
[2023-11-20T09:02:00.470Z]           CTest arguments           ['--parallel 16']
[2023-11-20T09:02:00.470Z]     STATUS: Could not find Maya Qt6.
[2023-11-20T09:02:00.470Z]     STATUS:   Extracting '/local/S/jenkins/workspace/shared/Artifactory/Linux/rundev-master-debug/202311130621/runtime/fb61367/devkitBase/Qt.tgz' to '/local/S/jenkins/workspace/shared/Artifactory/Linux/rundev-master-debug/202311130621/runtime/fb61367/devkitBase'
[2023-11-20T09:02:00.470Z]     Success MayaHydra build and install !!!!
[2023-11-20T09:02:00.470Z]     Elapsed time: 00:00:10
[Pipeline] sh
[2023-11-20T09:02:01.906Z] + scl enable gcc-toolset-11 -
[2023-11-20T09:02:01.906Z] + '[' enable = load -o enable = unload ']'
[2023-11-20T09:02:01.906Z] + /usr/bin/scl enable gcc-toolset-11 -
[2023-11-20T09:02:01.906Z] python ecg-maya-hydra/build.py --stages=configure --workspace-dir=/local/S/jenkins/workspace/ECP/ecg-maya-hydra/ecg-maya-hydra-branch-preflight-python3-linux --artifactory-dir=/local/S/jenkins/workspace/shared/Artifactory --build-dir=/local/S/jenkins/workspace/ECP/ecg-maya-hydra/ecg-maya-hydra-branch-preflight-python3-linux/build --install-dir=/local/S/jenkins/workspace/ECP/ecg-maya-hydra/ecg-maya-hydra-branch-preflight-python3-linux/install --signing-dir=/local/S/jenkins/workspace/ECP/ecg-maya-hydra/ecg-maya-hydra-branch-preflight-python3-linux/signing --package-dir=/local/S/jenkins/workspace/ECP/ecg-maya-hydra/ecg-maya-hydra-branch-preflight-python3-linux/package --output-dir=/local/S/jenkins/workspace/ECP/ecg-maya-hydra/ecg-maya-hydra-branch-preflight-python3-linux/output --stash-dir=/local/S/jenkins/workspace/ECP/ecg-maya-hydra/ecg-maya-hydra-branch-preflight-python3-linux/stash --jenkins-build=408 --git-commit=f304bd14b6553a3ed7269eed1d947a294567bf41 --git-branch=master --variants=RelWithDebInfo --interactive-tests=true --post-zips=false --osx-binary-architecture-target=ub2 --osx-deployment-target=11.0 --osx-base-sdk=CurrentActiveSDK --maya-cut-config=maya-rundev-master.yaml --maya-package=rundev-master --stage-banner
[2023-11-20T09:02:01.906Z] Using Maya cut from /local/S/jenkins/workspace/shared/Artifactory/Linux/rundev-master/202311130812/runtime/48b8229
[2023-11-20T09:02:01.906Z] 
[2023-11-20T09:02:01.906Z] ================================================================================
[2023-11-20T09:02:01.906Z]                            configure (RelWithDebInfo)
[2023-11-20T09:02:01.906Z] ================================================================================
[2023-11-20T09:02:01.906Z] Maya Python RelWithDebInfo Info:
[2023-11-20T09:02:01.906Z]   mayapy executable   = /local/S/jenkins/workspace/shared/Artifactory/Linux/rundev-master/202311130812/runtime/48b8229/runTime/bin/mayapy
[2023-11-20T09:02:01.906Z]   Include Folder      = /local/S/jenkins/workspace/shared/Artifactory/Linux/rundev-master/202311130812/runtime/48b8229/runTime/include/Python311/Python
[2023-11-20T09:02:01.906Z]   Library             = /local/S/jenkins/workspace/shared/Artifactory/Linux/rundev-master/202311130812/runtime/48b8229/runTime/lib/libpython3.11.so.1.0
[2023-11-20T09:02:01.906Z]   site-package Folder = /local/S/jenkins/workspace/shared/Artifactory/Linux/rundev-master/202311130812/runtime/48b8229/runTime/lib/python3.11/site-packages
[2023-11-20T09:02:02.447Z] In workdir: /home/S/jenkins/workspace/ECP/ecg-maya-hydra/ecg-maya-hydra-branch-preflight-python3-linux/ecg-maya-hydra/maya-hydra
[2023-11-20T09:02:02.447Z] Executing: /local/S/jenkins/workspace/shared/Artifactory/Linux/rundev-master/202311130812/runtime/48b8229/runTime/bin/mayapy /home/S/jenkins/workspace/ECP/ecg-maya-hydra/ecg-maya-hydra-branch-preflight-python3-linux/ecg-maya-hydra/maya-hydra/build.py --generator Ninja --build-relwithdebug --maya-location /local/S/jenkins/workspace/shared/Artifactory/Linux/rundev-master/202311130812/runtime/48b8229/runTime --devkit-location /local/S/jenkins/workspace/shared/Artifactory/Linux/rundev-master/202311130812/runtime/48b8229/devkitBase --pxrusd-location /local/S/jenkins/workspace/shared/Artifactory/Linux/USD/1a43c47 --build-args=-DCMAKE_MAKE_PROGRAM=/local/S/jenkins/workspace/shared/Artifactory/Linux/ninja/1.10.2/9ab399b/ninja,-DPYTHON_INCLUDE_DIR=/local/S/jenkins/workspace/shared/Artifactory/Linux/rundev-master/202311130812/runtime/48b8229/runTime/include/Python311/Python,-DPython_EXECUTABLE=/local/S/jenkins/workspace/shared/Artifactory/Linux/rundev-master/202311130812/runtime/48b8229/runTime/bin/mayapy,-DPYTHON_LIBRARIES=/local/S/jenkins/workspace/shared/Artifactory/Linux/rundev-master/202311130812/runtime/48b8229/runTime/lib/libpython3.11.so.1.0,-DBUILD_WITH_PYTHON_3_VERSION=3.11,-DCMAKE_WANT_MATERIALX_BUILD=ON,-DCMAKE_PREFIX_PATH=/local/S/jenkins/workspace/shared/Artifactory/Linux/USD/1a43c47,-DMAYAHYDRA_BUILD_NUMBER=408,-DMAYAHYDRA_GIT_COMMIT=f304bd14b6553a3ed7269eed1d947a294567bf41,-DMAYAHYDRA_GIT_BRANCH=master '--ctest-args=--parallel 16' --stages=configure --redirect-outstream-file=False --install-location /local/S/jenkins/workspace/ECP/ecg-maya-hydra/ecg-maya-hydra-branch-preflight-python3-linux/install/RelWithDebInfo/MayaHydra /local/S/jenkins/workspace/ECP/ecg-maya-hydra/ecg-maya-hydra-branch-preflight-python3-linux
[2023-11-20T09:02:02.447Z] Modified environment variables:
[2023-11-20T09:02:02.447Z]     LD_LIBRARY_PATH=/opt/rh/gcc-toolset-11/root/usr/lib64:/opt/rh/gcc-toolset-11/root/usr/lib64:/opt/rh/gcc-toolset-11/root/usr/lib:/opt/rh/gcc-toolset-11/root/usr/lib64/dyninst:/opt/rh/gcc-toolset-11/root/usr/lib/dyninst
[2023-11-20T09:02:02.447Z]     PATH=/local/S/jenkins/workspace/shared/Artifactory/Linux/cmake/3.20.3/ab685d7/bin:/opt/rh/gcc-toolset-11/root/usr/bin:/home/administrator/.local/bin:/home/administrator/bin:/usr/share/Modules/bin:/usr/local/bin:/usr/local/sbin:/usr/bin:/usr/sbin
[2023-11-20T09:02:15.808Z]     -- The C compiler identification is GNU 11.2.1
[2023-11-20T09:02:15.808Z]     -- The CXX compiler identification is GNU 11.2.1
[2023-11-20T09:02:15.808Z]     -- Detecting C compiler ABI info
[2023-11-20T09:02:15.808Z]     -- Detecting C compiler ABI info - done
[2023-11-20T09:02:15.808Z]     -- Check for working C compiler: /opt/rh/gcc-toolset-11/root/usr/bin/cc - skipped
[2023-11-20T09:02:15.808Z]     -- Detecting C compile features
[2023-11-20T09:02:15.808Z]     -- Detecting C compile features - done
[2023-11-20T09:02:15.808Z]     -- Detecting CXX compiler ABI info
[2023-11-20T09:02:15.808Z]     -- Detecting CXX compiler ABI info - done
[2023-11-20T09:02:15.808Z]     -- Check for working CXX compiler: /opt/rh/gcc-toolset-11/root/usr/bin/c++ - skipped
[2023-11-20T09:02:15.808Z]     -- Detecting CXX compile features
[2023-11-20T09:02:15.808Z]     -- Detecting CXX compile features - done
[2023-11-20T09:02:15.808Z]     -- Using Maya Light API Version 3
[2023-11-20T09:02:15.808Z]     -- Maya has setDefaultMaterialHandling API
[2023-11-20T09:02:15.808Z]     -- Maya has new point snapping API
[2023-11-20T09:02:15.808Z]     -- Maya has isInCrashHandler API
[2023-11-20T09:02:15.808Z]     -- Maya has getDisplayStyleOfAllViewports API
[2023-11-20T09:02:15.808Z]     -- Maya array iterator has difference_type trait
[2023-11-20T09:02:15.808Z]     -- MFnSet has getMemberPaths function
[2023-11-20T09:02:15.808Z]     -- MFnDisplayLayer exists
[2023-11-20T09:02:15.808Z]     -- MDisplayLayerMessage has MDisplayLayerMemberChangedFunction
[2023-11-20T09:02:15.808Z]     -- MRenderItem has HideOnPlayback API
[2023-11-20T09:02:15.808Z]     -- Linux: Maya was built with new cxx11 ABI
[2023-11-20T09:02:15.808Z]     -- Found Maya: /local/S/jenkins/workspace/shared/Artifactory/Linux/rundev-master/202311130812/runtime/48b8229/runTime/bin/maya (found suitable version "2025", minimum required is "2024")
[2023-11-20T09:02:16.350Z]     -- Found Python: /local/S/jenkins/workspace/shared/Artifactory/Linux/rundev-master/202311130812/runtime/48b8229/runTime/bin/mayapy (found suitable exact version "3.11.4") found components: Interpreter
[2023-11-20T09:02:16.350Z]     -- Build mayaHydra with Python3 = 3.11
[2023-11-20T09:02:16.350Z]     --    PYTHON_INCLUDE_DIRS = /local/S/jenkins/workspace/shared/Artifactory/Linux/rundev-master/202311130812/runtime/48b8229/runTime/include/Python311/Python
[2023-11-20T09:02:16.350Z]     --    PYTHON_LIBRARIES    = /local/S/jenkins/workspace/shared/Artifactory/Linux/rundev-master/202311130812/runtime/48b8229/runTime/lib/libpython3.11.so.1.0
[2023-11-20T09:02:16.350Z]     --    Python_EXECUTABLE   = /local/S/jenkins/workspace/shared/Artifactory/Linux/rundev-master/202311130812/runtime/48b8229/runTime/bin/mayapy
[2023-11-20T09:02:16.350Z]     -- Found Python3: /local/S/jenkins/workspace/shared/Artifactory/Linux/rundev-master/202311130812/runtime/48b8229/runTime/include/Python311/Python (found suitable exact version "3.11.4") found components: Development Development.Module Development.Embed
[2023-11-20T09:02:16.350Z]     -- USD has new Sdr.PropertyTypes.Color4
[2023-11-20T09:02:16.891Z]     -- USD has MaterialX metadata support
[2023-11-20T09:02:16.891Z]     -- USD include dir: /local/S/jenkins/workspace/shared/Artifactory/Linux/USD/1a43c47/include
[2023-11-20T09:02:16.891Z]     -- USD library dir: /local/S/jenkins/workspace/shared/Artifactory/Linux/USD/1a43c47/lib
[2023-11-20T09:02:16.891Z]     -- USD version: 0.23.11
[2023-11-20T09:02:16.891Z]     -- Found USD: /local/S/jenkins/workspace/shared/Artifactory/Linux/USD/1a43c47 (found suitable version "0.23.11", minimum required is "0.22.11")
[2023-11-20T09:02:16.891Z]     Updated PYTHONPATH: /local/S/jenkins/workspace/shared/Artifactory/Linux/USD/1a43c47/lib/python
[2023-11-20T09:02:16.891Z]     -- Found UFE: /local/S/jenkins/workspace/shared/Artifactory/Linux/rundev-master/202311130812/runtime/48b8229/devkitBase/devkit/ufe/include (found version "0.5.11")
[2023-11-20T09:02:16.891Z]     -- UFE include dir: /local/S/jenkins/workspace/shared/Artifactory/Linux/rundev-master/202311130812/runtime/48b8229/devkitBase/devkit/ufe/include
[2023-11-20T09:02:16.891Z]     -- UFE library: /local/S/jenkins/workspace/shared/Artifactory/Linux/rundev-master/202311130812/runtime/48b8229/devkitBase/devkit/ufe/lib/libufe_0.so
[2023-11-20T09:02:16.891Z]     -- UFE version: 0.5.11
[2023-11-20T09:02:16.891Z]     -- Maya has UFE lights API
[2023-11-20T09:02:16.891Z]     -- Maya has UFE scene segment API
[2023-11-20T09:02:16.891Z]     -- Maya has UFE TrieNode childrenComponents accessor
[2023-11-20T09:02:16.891Z]     -- Building with UFE 0.5.11.
[2023-11-20T09:02:16.891Z]     -- Found MaterialX
[2023-11-20T09:02:16.891Z]     -- Check if compiler accepts -pthread
[2023-11-20T09:02:17.432Z]     -- Check if compiler accepts -pthread - yes
[2023-11-20T09:02:17.432Z]     -- Performing Test HAVE_STDATOMIC
[2023-11-20T09:02:17.432Z]     -- Performing Test HAVE_STDATOMIC - Success
[2023-11-20T09:02:17.432Z]     -- Found OpenGL: /usr/lib64/libOpenGL.so
[2023-11-20T09:02:17.432Z]     -- Check if linker can resolve circular dependencies - FALSE
[2023-11-20T09:02:17.432Z]     -- Found Qt 6.5.3 in Maya devkit. Hydra Scene Browser will be built.
[2023-11-20T09:02:17.432Z]     -- **** Building Gulrak From Github Repository.
[2023-11-20T09:02:17.432Z]     -- Populating gulrak
[2023-11-20T09:02:17.432Z]     -- Configuring done
[2023-11-20T09:02:17.432Z]     -- Generating done
[2023-11-20T09:02:17.432Z]     -- Build files have been written to: /home/S/jenkins/workspace/ECP/ecg-maya-hydra/ecg-maya-hydra-branch-preflight-python3-linux/build/RelWithDebInfo/_deps/gulrak-subbuild
[2023-11-20T09:02:17.432Z]     [1/9] Creating directories for 'gulrak-populate'
[2023-11-20T09:02:17.432Z]     [1/9] Performing download step (git clone) for 'gulrak-populate'
[2023-11-20T09:02:17.432Z]     Cloning into 'gulrak-src'...
[2023-11-20T09:02:17.972Z]     HEAD is now at 4e21ab3 Version bump and updated readme.
[2023-11-20T09:02:17.972Z]     [2/9] Performing update step for 'gulrak-populate'
[2023-11-20T09:02:17.972Z]     [4/9] No patch step for 'gulrak-populate'
[2023-11-20T09:02:17.972Z]     [5/9] No configure step for 'gulrak-populate'
[2023-11-20T09:02:17.972Z]     [6/9] No build step for 'gulrak-populate'
[2023-11-20T09:02:17.972Z]     [7/9] No install step for 'gulrak-populate'
[2023-11-20T09:02:17.972Z]     [8/9] No test step for 'gulrak-populate'
[2023-11-20T09:02:17.972Z]     [9/9] Completed 'gulrak-populate'
[2023-11-20T09:02:17.972Z]     -- ========== Installing GoogleTest... ==========
[2023-11-20T09:02:17.972Z]     -- Configuring done
[2023-11-20T09:02:17.972Z]     -- Generating done
[2023-11-20T09:02:17.972Z]     -- Build files have been written to: /home/S/jenkins/workspace/ECP/ecg-maya-hydra/ecg-maya-hydra-branch-preflight-python3-linux/build/RelWithDebInfo/googletest-config
[2023-11-20T09:02:17.972Z]     [1/8] Creating directories for 'googletest'
[2023-11-20T09:02:19.105Z]     [2/8] Performing download step (git clone) for 'googletest'
[2023-11-20T09:02:19.105Z]     Cloning into 'googletest-src'...
[2023-11-20T09:02:19.105Z]     HEAD is now at 703bd9ca Googletest export
[2023-11-20T09:02:19.105Z]     [3/8] Performing update step for 'googletest'
[2023-11-20T09:02:19.105Z]     [4/8] No patch step for 'googletest'
[2023-11-20T09:02:19.645Z]     [5/8] Performing configure step for 'googletest'
[2023-11-20T09:02:19.645Z]     Not searching for unused variables given on the command line.
[2023-11-20T09:02:19.645Z]     CMake Deprecation Warning at CMakeLists.txt:4 (cmake_minimum_required):
[2023-11-20T09:02:19.645Z]       Compatibility with CMake < 2.8.12 will be removed from a future version of
[2023-11-20T09:02:19.645Z]       CMake.
[2023-11-20T09:02:19.645Z]     
[2023-11-20T09:02:19.645Z]       Update the VERSION argument <min> value or use a ...<max> suffix to tell
[2023-11-20T09:02:19.645Z]       CMake that the project does not need compatibility with older versions.
[2023-11-20T09:02:19.645Z]     
[2023-11-20T09:02:19.645Z]     
[2023-11-20T09:02:19.645Z]     -- The C compiler identification is GNU 11.2.1
[2023-11-20T09:02:19.645Z]     -- The CXX compiler identification is GNU 11.2.1
[2023-11-20T09:02:19.645Z]     -- Detecting C compiler ABI info
[2023-11-20T09:02:19.645Z]     -- Detecting C compiler ABI info - done
[2023-11-20T09:02:19.645Z]     -- Check for working C compiler: /opt/rh/gcc-toolset-11/root/usr/bin/cc - skipped
[2023-11-20T09:02:19.645Z]     -- Detecting C compile features
[2023-11-20T09:02:19.645Z]     -- Detecting C compile features - done
[2023-11-20T09:02:19.645Z]     -- Detecting CXX compiler ABI info
[2023-11-20T09:02:19.646Z]     -- Detecting CXX compiler ABI info - done
[2023-11-20T09:02:19.646Z]     -- Check for working CXX compiler: /opt/rh/gcc-toolset-11/root/usr/bin/c++ - skipped
[2023-11-20T09:02:19.646Z]     -- Detecting CXX compile features
[2023-11-20T09:02:19.646Z]     -- Detecting CXX compile features - done
[2023-11-20T09:02:19.646Z]     CMake Deprecation Warning at googletest/CMakeLists.txt:56 (cmake_minimum_required):
[2023-11-20T09:02:19.646Z]       Compatibility with CMake < 2.8.12 will be removed from a future version of
[2023-11-20T09:02:19.646Z]       CMake.
[2023-11-20T09:02:19.646Z]     
[2023-11-20T09:02:19.646Z]       Update the VERSION argument <min> value or use a ...<max> suffix to tell
[2023-11-20T09:02:19.646Z]       CMake that the project does not need compatibility with older versions.
[2023-11-20T09:02:19.646Z]     
[2023-11-20T09:02:19.646Z]     
[2023-11-20T09:02:19.646Z]     -- Found PythonInterp: /usr/local/bin/python (found version "3.9.7")
[2023-11-20T09:02:19.646Z]     -- Looking for pthread.h
[2023-11-20T09:02:19.646Z]     -- Looking for pthread.h - found
[2023-11-20T09:02:19.646Z]     -- Performing Test CMAKE_HAVE_LIBC_PTHREAD
[2023-11-20T09:02:19.646Z]     -- Performing Test CMAKE_HAVE_LIBC_PTHREAD - Failed
[2023-11-20T09:02:19.646Z]     -- Looking for pthread_create in pthreads
[2023-11-20T09:02:19.646Z]     -- Looking for pthread_create in pthreads - not found
[2023-11-20T09:02:19.646Z]     -- Looking for pthread_create in pthread
[2023-11-20T09:02:19.646Z]     -- Looking for pthread_create in pthread - found
[2023-11-20T09:02:19.646Z]     -- Found Threads: TRUE
[2023-11-20T09:02:19.646Z]     -- Configuring done
[2023-11-20T09:02:19.646Z]     -- Generating done
[2023-11-20T09:02:19.646Z]     -- Build files have been written to: /home/S/jenkins/workspace/ECP/ecg-maya-hydra/ecg-maya-hydra-branch-preflight-python3-linux/build/RelWithDebInfo/googletest-build
[2023-11-20T09:02:29.407Z]     [6/8] Performing build step for 'googletest'
[2023-11-20T09:02:29.407Z]     [1/4] Building CXX object googletest/CMakeFiles/gtest_main.dir/src/gtest_main.cc.o
[2023-11-20T09:02:29.407Z]     [2/4] Building CXX object googletest/CMakeFiles/gtest.dir/src/gtest-all.cc.o
[2023-11-20T09:02:29.407Z]     [3/4] Linking CXX shared library lib/libgtest.so
[2023-11-20T09:02:29.407Z]     [4/4] Linking CXX shared library lib/libgtest_main.so
[2023-11-20T09:02:29.407Z]     [7/8] Performing install step for 'googletest'
[2023-11-20T09:02:29.407Z]     [0/1] Install the project...
[2023-11-20T09:02:29.407Z]     -- Install configuration: "RelWithDebInfo"
[2023-11-20T09:02:29.407Z]     -- Set runtime path of "/home/S/jenkins/workspace/ECP/ecg-maya-hydra/ecg-maya-hydra-branch-preflight-python3-linux/build/RelWithDebInfo/googletest-install/lib64/libgtest_main.so" to ""
[2023-11-20T09:02:29.407Z]     [8/8] Completed 'googletest'
[2023-11-20T09:02:29.407Z]     -- ========== ...  GoogleTest installed. ==========
[2023-11-20T09:02:29.407Z]     -- Found GTest: /home/S/jenkins/workspace/ECP/ecg-maya-hydra/ecg-maya-hydra-branch-preflight-python3-linux/build/RelWithDebInfo/googletest-install/lib64/libgtest.so
[2023-11-20T09:02:29.407Z]     -- promoting: /home/S/jenkins/workspace/ECP/ecg-maya-hydra/ecg-maya-hydra-branch-preflight-python3-linux/ecg-maya-hydra/maya-hydra/lib/mayaHydra/mayaPlugin/pluginUtils.h
[2023-11-20T09:02:29.407Z]     -- promoting: /home/S/jenkins/workspace/ECP/ecg-maya-hydra/ecg-maya-hydra-branch-preflight-python3-linux/ecg-maya-hydra/maya-hydra/lib/mayaHydra/hydraExtensions/api.h
[2023-11-20T09:02:29.407Z]     -- promoting: /home/S/jenkins/workspace/ECP/ecg-maya-hydra/ecg-maya-hydra-branch-preflight-python3-linux/ecg-maya-hydra/maya-hydra/lib/mayaHydra/hydraExtensions/debugCodes.h
[2023-11-20T09:02:29.407Z]     -- promoting: /home/S/jenkins/workspace/ECP/ecg-maya-hydra/ecg-maya-hydra-branch-preflight-python3-linux/ecg-maya-hydra/maya-hydra/lib/mayaHydra/hydraExtensions/hydraUtils.h
[2023-11-20T09:02:29.407Z]     -- promoting: /home/S/jenkins/workspace/ECP/ecg-maya-hydra/ecg-maya-hydra-branch-preflight-python3-linux/ecg-maya-hydra/maya-hydra/lib/mayaHydra/hydraExtensions/mayaHydraLibInterface.h
[2023-11-20T09:02:29.407Z]     -- promoting: /home/S/jenkins/workspace/ECP/ecg-maya-hydra/ecg-maya-hydra-branch-preflight-python3-linux/ecg-maya-hydra/maya-hydra/lib/mayaHydra/hydraExtensions/mayaHydraLibInterfaceImp.h
[2023-11-20T09:02:29.407Z]     -- promoting: /home/S/jenkins/workspace/ECP/ecg-maya-hydra/ecg-maya-hydra-branch-preflight-python3-linux/ecg-maya-hydra/maya-hydra/lib/mayaHydra/hydraExtensions/mayaUtils.h
[2023-11-20T09:02:29.407Z]     -- promoting: /home/S/jenkins/workspace/ECP/ecg-maya-hydra/ecg-maya-hydra-branch-preflight-python3-linux/ecg-maya-hydra/maya-hydra/lib/mayaHydra/hydraExtensions/mixedUtils.h
[2023-11-20T09:02:29.407Z]     -- promoting: /home/S/jenkins/workspace/ECP/ecg-maya-hydra/ecg-maya-hydra-branch-preflight-python3-linux/ecg-maya-hydra/maya-hydra/lib/mayaHydra/hydraExtensions/mayaHydraSceneProducer.h
[2023-11-20T09:02:29.407Z]     -- promoting: /home/S/jenkins/workspace/ECP/ecg-maya-hydra/ecg-maya-hydra-branch-preflight-python3-linux/ecg-maya-hydra/maya-hydra/lib/mayaHydra/hydraExtensions/adapters/adapter.h
[2023-11-20T09:02:29.407Z]     -- promoting: /home/S/jenkins/workspace/ECP/ecg-maya-hydra/ecg-maya-hydra-branch-preflight-python3-linux/ecg-maya-hydra/maya-hydra/lib/mayaHydra/hydraExtensions/adapters/adapterDebugCodes.h
[2023-11-20T09:02:29.407Z]     -- promoting: /home/S/jenkins/workspace/ECP/ecg-maya-hydra/ecg-maya-hydra-branch-preflight-python3-linux/ecg-maya-hydra/maya-hydra/lib/mayaHydra/hydraExtensions/adapters/adapterRegistry.h
[2023-11-20T09:02:29.407Z]     -- promoting: /home/S/jenkins/workspace/ECP/ecg-maya-hydra/ecg-maya-hydra-branch-preflight-python3-linux/ecg-maya-hydra/maya-hydra/lib/mayaHydra/hydraExtensions/adapters/cameraAdapter.h
[2023-11-20T09:02:29.407Z]     -- promoting: /home/S/jenkins/workspace/ECP/ecg-maya-hydra/ecg-maya-hydra-branch-preflight-python3-linux/ecg-maya-hydra/maya-hydra/lib/mayaHydra/hydraExtensions/adapters/constantShadowMatrix.h
[2023-11-20T09:02:29.407Z]     -- promoting: /home/S/jenkins/workspace/ECP/ecg-maya-hydra/ecg-maya-hydra-branch-preflight-python3-linux/ecg-maya-hydra/maya-hydra/lib/mayaHydra/hydraExtensions/adapters/dagAdapter.h
[2023-11-20T09:02:29.407Z]     -- promoting: /home/S/jenkins/workspace/ECP/ecg-maya-hydra/ecg-maya-hydra-branch-preflight-python3-linux/ecg-maya-hydra/maya-hydra/lib/mayaHydra/hydraExtensions/adapters/renderItemAdapter.h
[2023-11-20T09:02:29.407Z]     -- promoting: /home/S/jenkins/workspace/ECP/ecg-maya-hydra/ecg-maya-hydra-branch-preflight-python3-linux/ecg-maya-hydra/maya-hydra/lib/mayaHydra/hydraExtensions/adapters/lightAdapter.h
[2023-11-20T09:02:29.407Z]     -- promoting: /home/S/jenkins/workspace/ECP/ecg-maya-hydra/ecg-maya-hydra-branch-preflight-python3-linux/ecg-maya-hydra/maya-hydra/lib/mayaHydra/hydraExtensions/adapters/materialAdapter.h
[2023-11-20T09:02:29.407Z]     -- promoting: /home/S/jenkins/workspace/ECP/ecg-maya-hydra/ecg-maya-hydra-branch-preflight-python3-linux/ecg-maya-hydra/maya-hydra/lib/mayaHydra/hydraExtensions/adapters/materialNetworkConverter.h
[2023-11-20T09:02:29.407Z]     -- promoting: /home/S/jenkins/workspace/ECP/ecg-maya-hydra/ecg-maya-hydra-branch-preflight-python3-linux/ecg-maya-hydra/maya-hydra/lib/mayaHydra/hydraExtensions/adapters/mayaAttrs.h
[2023-11-20T09:02:29.407Z]     -- promoting: /home/S/jenkins/workspace/ECP/ecg-maya-hydra/ecg-maya-hydra-branch-preflight-python3-linux/ecg-maya-hydra/maya-hydra/lib/mayaHydra/hydraExtensions/adapters/shapeAdapter.h
[2023-11-20T09:02:29.407Z]     -- promoting: /home/S/jenkins/workspace/ECP/ecg-maya-hydra/ecg-maya-hydra-branch-preflight-python3-linux/ecg-maya-hydra/maya-hydra/lib/mayaHydra/hydraExtensions/adapters/tokens.h
[2023-11-20T09:02:29.407Z]     -- promoting: /home/S/jenkins/workspace/ECP/ecg-maya-hydra/ecg-maya-hydra-branch-preflight-python3-linux/ecg-maya-hydra/maya-hydra/lib/mayaHydra/hydraExtensions/delegates/delegate.h
[2023-11-20T09:02:29.407Z]     -- promoting: /home/S/jenkins/workspace/ECP/ecg-maya-hydra/ecg-maya-hydra-branch-preflight-python3-linux/ecg-maya-hydra/maya-hydra/lib/mayaHydra/hydraExtensions/delegates/delegateCtx.h
[2023-11-20T09:02:29.407Z]     -- promoting: /home/S/jenkins/workspace/ECP/ecg-maya-hydra/ecg-maya-hydra-branch-preflight-python3-linux/ecg-maya-hydra/maya-hydra/lib/mayaHydra/hydraExtensions/delegates/delegateDebugCodes.h
[2023-11-20T09:02:29.407Z]     -- promoting: /home/S/jenkins/workspace/ECP/ecg-maya-hydra/ecg-maya-hydra-branch-preflight-python3-linux/ecg-maya-hydra/maya-hydra/lib/mayaHydra/hydraExtensions/delegates/delegateRegistry.h
[2023-11-20T09:02:29.407Z]     -- promoting: /home/S/jenkins/workspace/ECP/ecg-maya-hydra/ecg-maya-hydra-branch-preflight-python3-linux/ecg-maya-hydra/maya-hydra/lib/mayaHydra/hydraExtensions/delegates/params.h
[2023-11-20T09:02:29.407Z]     -- promoting: /home/S/jenkins/workspace/ECP/ecg-maya-hydra/ecg-maya-hydra-branch-preflight-python3-linux/ecg-maya-hydra/maya-hydra/lib/mayaHydra/hydraExtensions/delegates/sceneDelegate.h
[2023-11-20T09:02:29.407Z]     -- promoting: /home/S/jenkins/workspace/ECP/ecg-maya-hydra/ecg-maya-hydra-branch-preflight-python3-linux/ecg-maya-hydra/maya-hydra/lib/mayaHydra/hydraExtensions/delegates/defaultLightDelegate.h
[2023-11-20T09:02:29.407Z]     -- promoting: /home/S/jenkins/workspace/ECP/ecg-maya-hydra/ecg-maya-hydra-branch-preflight-python3-linux/ecg-maya-hydra/maya-hydra/lib/mayaHydra/hydraExtensions/delegates/testDelegate.h
[2023-11-20T09:02:29.407Z]     -- promoting: /home/S/jenkins/workspace/ECP/ecg-maya-hydra/ecg-maya-hydra-branch-preflight-python3-linux/ecg-maya-hydra/maya-hydra/lib/mayaHydra/hydraExtensions/sceneIndex/registration.h
[2023-11-20T09:02:29.407Z]     -- promoting: /home/S/jenkins/workspace/ECP/ecg-maya-hydra/ecg-maya-hydra-branch-preflight-python3-linux/ecg-maya-hydra/maya-hydra/lib/mayaHydra/hydraExtensions/sceneIndex/mayaHydraSceneIndex.h
[2023-11-20T09:02:29.407Z]     -- promoting: /home/S/jenkins/workspace/ECP/ecg-maya-hydra/ecg-maya-hydra-branch-preflight-python3-linux/ecg-maya-hydra/maya-hydra/lib/mayaHydra/hydraExtensions/sceneIndex/mayaHydraDataSource.h
[2023-11-20T09:02:29.407Z]     -- promoting: /home/S/jenkins/workspace/ECP/ecg-maya-hydra/ecg-maya-hydra-branch-preflight-python3-linux/ecg-maya-hydra/maya-hydra/lib/mayaHydra/hydraExtensions/sceneIndex/mayaHydraPrimvarDataSource.h
[2023-11-20T09:02:29.407Z]     -- promoting: /home/S/jenkins/workspace/ECP/ecg-maya-hydra/ecg-maya-hydra-branch-preflight-python3-linux/ecg-maya-hydra/maya-hydra/lib/mayaHydra/hydraExtensions/sceneIndex/mayaHydraDisplayStyleDataSource.h
[2023-11-20T09:02:29.407Z]     -- promoting: /home/S/jenkins/workspace/ECP/ecg-maya-hydra/ecg-maya-hydra-branch-preflight-python3-linux/ecg-maya-hydra/maya-hydra/lib/mayaHydra/hydraExtensions/sceneIndex/mayaHydraCameraDataSource.h
[2023-11-20T09:02:29.407Z]     -- promoting: /home/S/jenkins/workspace/ECP/ecg-maya-hydra/ecg-maya-hydra-branch-preflight-python3-linux/ecg-maya-hydra/maya-hydra/lib/mayaHydra/hydraExtensions/sceneIndex/mayaHydraLightDataSource.h
[2023-11-20T09:02:29.407Z]     -- promoting: /home/S/jenkins/workspace/ECP/ecg-maya-hydra/ecg-maya-hydra-branch-preflight-python3-linux/ecg-maya-hydra/maya-hydra/lib/mayaHydra/hydraExtensions/sceneIndex/mayaHydraDefaultLightDataSource.h
[2023-11-20T09:02:29.407Z]     -- promoting: /home/S/jenkins/workspace/ECP/ecg-maya-hydra/ecg-maya-hydra-branch-preflight-python3-linux/ecg-maya-hydra/maya-hydra/lib/mayaHydra/ufeExtensions/api.h
[2023-11-20T09:02:29.407Z]     -- promoting: /home/S/jenkins/workspace/ECP/ecg-maya-hydra/ecg-maya-hydra-branch-preflight-python3-linux/ecg-maya-hydra/maya-hydra/lib/mayaHydra/ufeExtensions/Global.h
[2023-11-20T09:02:29.407Z]     -- promoting: /home/S/jenkins/workspace/ECP/ecg-maya-hydra/ecg-maya-hydra-branch-preflight-python3-linux/ecg-maya-hydra/maya-hydra/lib/flowViewport/api.h
[2023-11-20T09:02:29.407Z]     -- promoting: /home/S/jenkins/workspace/ECP/ecg-maya-hydra/ecg-maya-hydra-branch-preflight-python3-linux/ecg-maya-hydra/maya-hydra/lib/flowViewport/debugCodes.h
[2023-11-20T09:02:29.407Z]     -- promoting: /home/S/jenkins/workspace/ECP/ecg-maya-hydra/ecg-maya-hydra-branch-preflight-python3-linux/ecg-maya-hydra/maya-hydra/lib/flowViewport/global.h
[2023-11-20T09:02:29.407Z]     -- promoting: /home/S/jenkins/workspace/ECP/ecg-maya-hydra/ecg-maya-hydra-branch-preflight-python3-linux/ecg-maya-hydra/maya-hydra/lib/flowViewport/tokens.h
[2023-11-20T09:02:29.407Z]     -- promoting: /home/S/jenkins/workspace/ECP/ecg-maya-hydra/ecg-maya-hydra-branch-preflight-python3-linux/ecg-maya-hydra/maya-hydra/lib/flowViewport/colorPreferences/fvpColorChanged.h
[2023-11-20T09:02:29.407Z]     -- promoting: /home/S/jenkins/workspace/ECP/ecg-maya-hydra/ecg-maya-hydra-branch-preflight-python3-linux/ecg-maya-hydra/maya-hydra/lib/flowViewport/colorPreferences/fvpColorPreferences.h
[2023-11-20T09:02:29.407Z]     -- promoting: /home/S/jenkins/workspace/ECP/ecg-maya-hydra/ecg-maya-hydra-branch-preflight-python3-linux/ecg-maya-hydra/maya-hydra/lib/flowViewport/colorPreferences/fvpColorPreferencesTokens.h
[2023-11-20T09:02:29.407Z]     -- promoting: /home/S/jenkins/workspace/ECP/ecg-maya-hydra/ecg-maya-hydra-branch-preflight-python3-linux/ecg-maya-hydra/maya-hydra/lib/flowViewport/colorPreferences/fvpColorPreferencesTranslator.h
[2023-11-20T09:02:29.407Z]     -- promoting: /home/S/jenkins/workspace/ECP/ecg-maya-hydra/ecg-maya-hydra-branch-preflight-python3-linux/ecg-maya-hydra/maya-hydra/lib/flowViewport/sceneIndex/fvpMergingSceneIndex.h
[2023-11-20T09:02:29.407Z]     -- promoting: /home/S/jenkins/workspace/ECP/ecg-maya-hydra/ecg-maya-hydra-branch-preflight-python3-linux/ecg-maya-hydra/maya-hydra/lib/flowViewport/sceneIndex/fvpPathInterface.h
[2023-11-20T09:02:29.407Z]     -- promoting: /home/S/jenkins/workspace/ECP/ecg-maya-hydra/ecg-maya-hydra-branch-preflight-python3-linux/ecg-maya-hydra/maya-hydra/lib/flowViewport/sceneIndex/fvpPathInterfaceSceneIndex.h
[2023-11-20T09:02:29.407Z]     -- promoting: /home/S/jenkins/workspace/ECP/ecg-maya-hydra/ecg-maya-hydra-branch-preflight-python3-linux/ecg-maya-hydra/maya-hydra/lib/flowViewport/sceneIndex/fvpRenderIndexProxy.h
[2023-11-20T09:02:29.407Z]     -- promoting: /home/S/jenkins/workspace/ECP/ecg-maya-hydra/ecg-maya-hydra-branch-preflight-python3-linux/ecg-maya-hydra/maya-hydra/lib/flowViewport/sceneIndex/fvpRenderIndexProxyFwd.h
[2023-11-20T09:02:29.407Z]     -- promoting: /home/S/jenkins/workspace/ECP/ecg-maya-hydra/ecg-maya-hydra-branch-preflight-python3-linux/ecg-maya-hydra/maya-hydra/lib/flowViewport/sceneIndex/fvpSelectionSceneIndex.h
[2023-11-20T09:02:29.407Z]     -- promoting: /home/S/jenkins/workspace/ECP/ecg-maya-hydra/ecg-maya-hydra-branch-preflight-python3-linux/ecg-maya-hydra/maya-hydra/lib/flowViewport/sceneIndex/fvpWireframeSelectionHighlightSceneIndex.h
[2023-11-20T09:02:29.407Z]     -- promoting: /home/S/jenkins/workspace/ECP/ecg-maya-hydra/ecg-maya-hydra-branch-preflight-python3-linux/ecg-maya-hydra/maya-hydra/lib/flowViewport/API/fvpSelectionClient.h
[2023-11-20T09:02:29.407Z]     -- promoting: /home/S/jenkins/workspace/ECP/ecg-maya-hydra/ecg-maya-hydra-branch-preflight-python3-linux/ecg-maya-hydra/maya-hydra/lib/flowViewport/API/fvpFlowSelectionInterface.h
[2023-11-20T09:02:29.407Z]     -- promoting: /home/S/jenkins/workspace/ECP/ecg-maya-hydra/ecg-maya-hydra-branch-preflight-python3-linux/ecg-maya-hydra/maya-hydra/lib/flowViewport/API/fvpVersionInterface.h
[2023-11-20T09:02:29.407Z]     -- promoting: /home/S/jenkins/workspace/ECP/ecg-maya-hydra/ecg-maya-hydra-branch-preflight-python3-linux/ecg-maya-hydra/maya-hydra/lib/flowViewport/API/fvpInformationInterface.h
[2023-11-20T09:02:29.407Z]     -- promoting: /home/S/jenkins/workspace/ECP/ecg-maya-hydra/ecg-maya-hydra-branch-preflight-python3-linux/ecg-maya-hydra/maya-hydra/lib/flowViewport/API/fvpInformationClient.h
[2023-11-20T09:02:29.407Z]     -- promoting: /home/S/jenkins/workspace/ECP/ecg-maya-hydra/ecg-maya-hydra-branch-preflight-python3-linux/ecg-maya-hydra/maya-hydra/lib/flowViewport/API/interfacesImp/fvpSelectionInterfaceImp.h
[2023-11-20T09:02:29.407Z]     -- promoting: /home/S/jenkins/workspace/ECP/ecg-maya-hydra/ecg-maya-hydra-branch-preflight-python3-linux/ecg-maya-hydra/maya-hydra/lib/flowViewport/API/interfacesImp/fvpVersionInterfaceImp.h
[2023-11-20T09:02:29.407Z]     -- promoting: /home/S/jenkins/workspace/ECP/ecg-maya-hydra/ecg-maya-hydra-branch-preflight-python3-linux/ecg-maya-hydra/maya-hydra/lib/flowViewport/API/interfacesImp/fvpInformationInterfaceImp.h
[2023-11-20T09:02:29.407Z]     -- promoting: /home/S/jenkins/workspace/ECP/ecg-maya-hydra/ecg-maya-hydra-branch-preflight-python3-linux/ecg-maya-hydra/maya-hydra/lib/flowViewport/API/samples/fvpSelectionClientExample.h
[2023-11-20T09:02:29.407Z]     -- promoting: /home/S/jenkins/workspace/ECP/ecg-maya-hydra/ecg-maya-hydra-branch-preflight-python3-linux/ecg-maya-hydra/maya-hydra/lib/flowViewport/API/samples/fvpInformationClientExample.h
[2023-11-20T09:02:29.407Z]     -- promoting: /home/S/jenkins/workspace/ECP/ecg-maya-hydra/ecg-maya-hydra-branch-preflight-python3-linux/ecg-maya-hydra/maya-hydra/lib/flowViewport/API/perViewportSceneIndicesData/fvpViewportInformationAndSceneIndicesPerViewportData.h
[2023-11-20T09:02:29.407Z]     -- promoting: /home/S/jenkins/workspace/ECP/ecg-maya-hydra/ecg-maya-hydra-branch-preflight-python3-linux/ecg-maya-hydra/maya-hydra/lib/flowViewport/API/perViewportSceneIndicesData/fvpViewportInformationAndSceneIndicesPerViewportDataManager.h
[2023-11-20T09:02:29.407Z]     -- promoting: /home/S/jenkins/workspace/ECP/ecg-maya-hydra/ecg-maya-hydra-branch-preflight-python3-linux/ecg-maya-hydra/maya-hydra/lib/flowViewport/selection/fvpSelection.h
[2023-11-20T09:02:29.407Z]     -- promoting: /home/S/jenkins/workspace/ECP/ecg-maya-hydra/ecg-maya-hydra-branch-preflight-python3-linux/ecg-maya-hydra/maya-hydra/lib/flowViewport/selection/fvpSelectionFwd.h
[2023-11-20T09:02:29.407Z]     -- promoting: /home/S/jenkins/workspace/ECP/ecg-maya-hydra/ecg-maya-hydra-branch-preflight-python3-linux/ecg-maya-hydra/maya-hydra/lib/flowViewport/selection/fvpSelectionTask.h
[2023-11-20T09:02:29.407Z]     -- promoting: /home/S/jenkins/workspace/ECP/ecg-maya-hydra/ecg-maya-hydra-branch-preflight-python3-linux/ecg-maya-hydra/maya-hydra/lib/flowViewport/selection/fvpSelectionTracker.h
[2023-11-20T09:02:29.947Z]     -- Configuring done
[2023-11-20T09:02:29.947Z]     -- Generating done
[2023-11-20T09:02:29.947Z]     -- Build files have been written to: /home/S/jenkins/workspace/ECP/ecg-maya-hydra/ecg-maya-hydra-branch-preflight-python3-linux/build/RelWithDebInfo
[2023-11-20T09:02:29.947Z]     
[2023-11-20T09:02:29.948Z]         Building with settings:
[2023-11-20T09:02:29.948Z]           Source directory          /home/S/jenkins/workspace/ECP/ecg-maya-hydra/ecg-maya-hydra-branch-preflight-python3-linux/ecg-maya-hydra/maya-hydra
[2023-11-20T09:02:29.948Z]           Workspace directory       /local/S/jenkins/workspace/ECP/ecg-maya-hydra/ecg-maya-hydra-branch-preflight-python3-linux
[2023-11-20T09:02:29.948Z]           Build directory           /local/S/jenkins/workspace/ECP/ecg-maya-hydra/ecg-maya-hydra-branch-preflight-python3-linux/build/RelWithDebInfo
[2023-11-20T09:02:29.948Z]           Install directory         /local/S/jenkins/workspace/ECP/ecg-maya-hydra/ecg-maya-hydra-branch-preflight-python3-linux/install/RelWithDebInfo/MayaHydra
[2023-11-20T09:02:29.948Z]           Variant                   RelWithDebInfo
[2023-11-20T09:02:29.948Z]           Python Debug              Off
[2023-11-20T09:02:29.948Z]           CMake generator           Ninja
[2023-11-20T09:02:29.948Z]           Build arguments           ['-DCMAKE_MAKE_PROGRAM=/local/S/jenkins/workspace/shared/Artifactory/Linux/ninja/1.10.2/9ab399b/ninja', '-DPYTHON_INCLUDE_DIR=/local/S/jenkins/workspace/shared/Artifactory/Linux/rundev-master/202311130812/runtime/48b8229/runTime/include/Python311/Python', '-DPython_EXECUTABLE=/local/S/jenkins/workspace/shared/Artifactory/Linux/rundev-master/202311130812/runtime/48b8229/runTime/bin/mayapy', '-DPYTHON_LIBRARIES=/local/S/jenkins/workspace/shared/Artifactory/Linux/rundev-master/202311130812/runtime/48b8229/runTime/lib/libpython3.11.so.1.0', '-DBUILD_WITH_PYTHON_3_VERSION=3.11', '-DCMAKE_WANT_MATERIALX_BUILD=ON', '-DCMAKE_PREFIX_PATH=/local/S/jenkins/workspace/shared/Artifactory/Linux/USD/1a43c47', '-DMAYAHYDRA_BUILD_NUMBER=408', '-DMAYAHYDRA_GIT_COMMIT=f304bd14b6553a3ed7269eed1d947a294567bf41', '-DMAYAHYDRA_GIT_BRANCH=master']
[2023-11-20T09:02:29.948Z]           Stages arguments          ['configure']
[2023-11-20T09:02:29.948Z]           CTest arguments           ['--parallel 16']
[2023-11-20T09:02:29.948Z]     STATUS: Could not find Maya Qt6.
[2023-11-20T09:02:29.948Z]     STATUS:   Extracting '/local/S/jenkins/workspace/shared/Artifactory/Linux/rundev-master/202311130812/runtime/48b8229/devkitBase/Qt.tgz' to '/local/S/jenkins/workspace/shared/Artifactory/Linux/rundev-master/202311130812/runtime/48b8229/devkitBase'
[2023-11-20T09:02:29.948Z]     Success MayaHydra build and install !!!!
[2023-11-20T09:02:29.948Z]     Elapsed time: 00:00:15
[Pipeline] }
[Pipeline] // withEnv
[Pipeline] }
[Pipeline] // timeout
[Pipeline] }
[Pipeline] // stage
[Pipeline] }
[Pipeline] // timestamps
[Pipeline] timestamps
[Pipeline] {
[Pipeline] stage
[Pipeline] { (Build)
[Pipeline] timeout
[2023-11-20T09:02:30.295Z] Timeout set to expire in 6 hr 0 min
[Pipeline] {
[Pipeline] withEnv
[Pipeline] {
[Pipeline] sh
[2023-11-20T09:02:31.393Z] + scl enable gcc-toolset-11 -
[2023-11-20T09:02:31.393Z] + '[' enable = load -o enable = unload ']'
[2023-11-20T09:02:31.393Z] + /usr/bin/scl enable gcc-toolset-11 -
[2023-11-20T09:02:31.393Z] python ecg-maya-hydra/build.py --stages=build --workspace-dir=/local/S/jenkins/workspace/ECP/ecg-maya-hydra/ecg-maya-hydra-branch-preflight-python3-linux --artifactory-dir=/local/S/jenkins/workspace/shared/Artifactory --build-dir=/local/S/jenkins/workspace/ECP/ecg-maya-hydra/ecg-maya-hydra-branch-preflight-python3-linux/build --install-dir=/local/S/jenkins/workspace/ECP/ecg-maya-hydra/ecg-maya-hydra-branch-preflight-python3-linux/install --signing-dir=/local/S/jenkins/workspace/ECP/ecg-maya-hydra/ecg-maya-hydra-branch-preflight-python3-linux/signing --package-dir=/local/S/jenkins/workspace/ECP/ecg-maya-hydra/ecg-maya-hydra-branch-preflight-python3-linux/package --output-dir=/local/S/jenkins/workspace/ECP/ecg-maya-hydra/ecg-maya-hydra-branch-preflight-python3-linux/output --stash-dir=/local/S/jenkins/workspace/ECP/ecg-maya-hydra/ecg-maya-hydra-branch-preflight-python3-linux/stash --jenkins-build=408 --git-commit=f304bd14b6553a3ed7269eed1d947a294567bf41 --git-branch=master --variants=Debug --interactive-tests=true --post-zips=false --osx-binary-architecture-target=ub2 --osx-deployment-target=11.0 --osx-base-sdk=CurrentActiveSDK --build-retry=3 --maya-cut-config=maya-rundev-master-debug.yaml --maya-package=rundev-master-debug --stage-banner
[2023-11-20T09:02:31.393Z] Using Maya cut from /local/S/jenkins/workspace/shared/Artifactory/Linux/rundev-master-debug/202311130621/runtime/fb61367
[2023-11-20T09:02:31.393Z] 
[2023-11-20T09:02:31.393Z] ================================================================================
[2023-11-20T09:02:31.393Z]                                  build (Debug)
[2023-11-20T09:02:31.393Z] ================================================================================
[2023-11-20T09:02:31.393Z] Maya Python Debug Info:
[2023-11-20T09:02:31.394Z]   mayapy executable   = /local/S/jenkins/workspace/shared/Artifactory/Linux/rundev-master-debug/202311130621/runtime/fb61367/runTime/bin/mayapy
[2023-11-20T09:02:31.394Z]   Include Folder      = /local/S/jenkins/workspace/shared/Artifactory/Linux/rundev-master-debug/202311130621/runtime/fb61367/runTime/include/Python311/Python
[2023-11-20T09:02:31.394Z]   Library             = /local/S/jenkins/workspace/shared/Artifactory/Linux/rundev-master-debug/202311130621/runtime/fb61367/runTime/lib/libpython3.11d.so.1.0
[2023-11-20T09:02:31.394Z]   site-package Folder = /local/S/jenkins/workspace/shared/Artifactory/Linux/rundev-master-debug/202311130621/runtime/fb61367/runTime/lib/python3.11/site-packages
[2023-11-20T09:02:32.568Z] In workdir: /home/S/jenkins/workspace/ECP/ecg-maya-hydra/ecg-maya-hydra-branch-preflight-python3-linux/ecg-maya-hydra/maya-hydra
[2023-11-20T09:02:32.568Z] Executing: /local/S/jenkins/workspace/shared/Artifactory/Linux/rundev-master-debug/202311130621/runtime/fb61367/runTime/bin/mayapy /home/S/jenkins/workspace/ECP/ecg-maya-hydra/ecg-maya-hydra-branch-preflight-python3-linux/ecg-maya-hydra/maya-hydra/build.py --generator Ninja --build-debug --maya-location /local/S/jenkins/workspace/shared/Artifactory/Linux/rundev-master-debug/202311130621/runtime/fb61367/runTime --devkit-location /local/S/jenkins/workspace/shared/Artifactory/Linux/rundev-master-debug/202311130621/runtime/fb61367/devkitBase --pxrusd-location /local/S/jenkins/workspace/shared/Artifactory/Linux/USD/e5ad5df --build-args=-DCMAKE_MAKE_PROGRAM=/local/S/jenkins/workspace/shared/Artifactory/Linux/ninja/1.10.2/9ab399b/ninja,-DPYTHON_INCLUDE_DIR=/local/S/jenkins/workspace/shared/Artifactory/Linux/rundev-master-debug/202311130621/runtime/fb61367/runTime/include/Python311/Python,-DPython_EXECUTABLE=/local/S/jenkins/workspace/shared/Artifactory/Linux/rundev-master-debug/202311130621/runtime/fb61367/runTime/bin/mayapy,-DPYTHON_LIBRARIES=/local/S/jenkins/workspace/shared/Artifactory/Linux/rundev-master-debug/202311130621/runtime/fb61367/runTime/lib/libpython3.11d.so.1.0,-DBUILD_WITH_PYTHON_3_VERSION=3.11,-DCMAKE_WANT_MATERIALX_BUILD=ON,-DCMAKE_PREFIX_PATH=/local/S/jenkins/workspace/shared/Artifactory/Linux/USD/e5ad5df,-DMAYAHYDRA_BUILD_NUMBER=408,-DMAYAHYDRA_GIT_COMMIT=f304bd14b6553a3ed7269eed1d947a294567bf41,-DMAYAHYDRA_GIT_BRANCH=master --debug-python '--ctest-args=--parallel 16' --stages=build --redirect-outstream-file=False --install-location /local/S/jenkins/workspace/ECP/ecg-maya-hydra/ecg-maya-hydra-branch-preflight-python3-linux/install/Debug/MayaHydra /local/S/jenkins/workspace/ECP/ecg-maya-hydra/ecg-maya-hydra-branch-preflight-python3-linux
[2023-11-20T09:02:32.568Z] Modified environment variables:
[2023-11-20T09:02:32.568Z]     LD_LIBRARY_PATH=/opt/rh/gcc-toolset-11/root/usr/lib64:/opt/rh/gcc-toolset-11/root/usr/lib64:/opt/rh/gcc-toolset-11/root/usr/lib:/opt/rh/gcc-toolset-11/root/usr/lib64/dyninst:/opt/rh/gcc-toolset-11/root/usr/lib/dyninst
[2023-11-20T09:02:32.568Z]     PATH=/local/S/jenkins/workspace/shared/Artifactory/Linux/cmake/3.20.3/ab685d7/bin:/opt/rh/gcc-toolset-11/root/usr/bin:/home/administrator/.local/bin:/home/administrator/bin:/usr/share/Modules/bin:/usr/local/bin:/usr/local/sbin:/usr/bin:/usr/sbin
[2023-11-20T09:02:33.173Z]     [1/107] Building CXX object lib/mayaHydra/mayaPlugin/CMakeFiles/mayaHydra.dir/colorNotFoundException.cpp.o
[2023-11-20T09:02:33.173Z]     [2/107] Building CXX object lib/mayaHydra/mayaPlugin/CMakeFiles/mayaHydra.dir/tokens.cpp.o
[2023-11-20T09:02:33.780Z]     [3/107] Building CXX object lib/mayaHydra/mayaPlugin/CMakeFiles/mayaHydra.dir/pluginDebugCodes.cpp.o
[2023-11-20T09:02:33.780Z]     [4/107] Building CXX object test/lib/mayaUsd/render/mayaToHydra/cpp/CMakeFiles/mayaHydraCppTests.dir/testCppFramework.cpp.o
[2023-11-20T09:02:33.780Z]     [5/107] Building CXX object test/lib/mayaUsd/render/mayaToHydra/cpp/CMakeFiles/mayaHydraCppTests.dir/mayaHydraCppTestsCmd.cpp.o
[2023-11-20T09:02:34.449Z]     [6/107] Building CXX object lib/mayaHydra/mayaPlugin/CMakeFiles/mayaHydra.dir/mayaColorPreferencesTranslator.cpp.o
[2023-11-20T09:02:34.449Z]     [7/107] Building CXX object lib/mayaHydra/hydraExtensions/CMakeFiles/mayaHydraLib.dir/mhBuildInfo.cpp.o
[2023-11-20T09:02:34.449Z]     [8/107] Building CXX object test/lib/mayaUsd/render/mayaToHydra/cpp/CMakeFiles/mayaHydraCppTests.dir/testColorPreferences.cpp.o
[2023-11-20T09:02:35.621Z]     [9/107] Building CXX object lib/mayaHydra/hydraExtensions/CMakeFiles/mayaHydraLib.dir/debugCodes.cpp.o
[2023-11-20T09:02:36.171Z]     [10/107] Building CXX object test/lib/mayaUsd/render/mayaToHydra/cpp/CMakeFiles/mayaHydraCppTests.dir/testFvpViewportInformationRendererSwitching.cpp.o
[2023-11-20T09:02:36.171Z]     [11/107] Building CXX object test/lib/mayaUsd/render/mayaToHydra/cpp/CMakeFiles/mayaHydraCppTests.dir/testUtils.cpp.o
[2023-11-20T09:02:36.171Z]     [12/107] Building CXX object test/lib/mayaUsd/render/mayaToHydra/cpp/CMakeFiles/mayaHydraCppTests.dir/testMayaSceneFlattening.cpp.o
[2023-11-20T09:02:36.171Z]     [13/107] Building CXX object test/lib/mayaUsd/render/mayaToHydra/cpp/CMakeFiles/mayaHydraCppTests.dir/testFvpViewportInformationMultipleViewports.cpp.o
[2023-11-20T09:02:36.724Z]     [14/107] Building CXX object lib/mayaHydra/hydraExtensions/CMakeFiles/mayaHydraLib.dir/mayaUtils.cpp.o
[2023-11-20T09:02:36.725Z]     [15/107] Building CXX object test/lib/mayaUsd/render/mayaToHydra/cpp/CMakeFiles/mayaHydraCppTests.dir/testSelectionSceneIndex.cpp.o
[2023-11-20T09:02:36.725Z]     [16/107] Building CXX object test/lib/mayaUsd/render/mayaToHydra/cpp/CMakeFiles/mayaHydraCppTests.dir/testMayaUsdUfeItems.cpp.o
[2023-11-20T09:02:36.725Z]     [17/107] Building CXX object lib/mayaHydra/hydraExtensions/CMakeFiles/mayaHydraLib.dir/mixedUtils.cpp.o
[2023-11-20T09:02:37.283Z]     [18/107] Building CXX object lib/mayaHydra/hydraExtensions/CMakeFiles/mayaHydraLib.dir/mayaHydraLibInterfaceImp.cpp.o
[2023-11-20T09:02:37.283Z]     [19/107] Building CXX object test/lib/mayaUsd/render/mayaToHydra/cpp/CMakeFiles/mayaHydraCppTests.dir/testWireframeSelectionHighlightSceneIndex.cpp.o
[2023-11-20T09:02:37.283Z]     [20/107] Building CXX object lib/mayaHydra/hydraExtensions/CMakeFiles/mayaHydraLib.dir/adapters/adapterDebugCodes.cpp.o
[2023-11-20T09:02:39.097Z]     [21/107] Building CXX object lib/mayaHydra/mayaPlugin/CMakeFiles/mayaHydra.dir/pluginUtils.cpp.o
[2023-11-20T09:02:39.097Z]     [22/107] Building CXX object lib/mayaHydra/hydraExtensions/CMakeFiles/mayaHydraLib.dir/hydraUtils.cpp.o
[2023-11-20T09:02:39.097Z]     [23/107] Building CXX object lib/mayaHydra/mayaPlugin/CMakeFiles/mayaHydra.dir/plugin.cpp.o
[2023-11-20T09:02:39.653Z]     [24/107] Building CXX object test/lib/mayaUsd/render/mayaToHydra/cpp/CMakeFiles/mayaHydraCppTests.dir/testMergingSceneIndex.cpp.o
[2023-11-20T09:02:39.653Z]     [25/107] Building CXX object lib/mayaHydra/mayaPlugin/CMakeFiles/mayaHydra.dir/viewCommand.cpp.o
[2023-11-20T09:02:39.653Z]     [26/107] Building CXX object lib/mayaHydra/hydraExtensions/CMakeFiles/mayaHydraLib.dir/adapters/mayaAttrs.cpp.o
[2023-11-20T09:02:42.187Z]     [27/107] Building CXX object lib/mayaHydra/mayaPlugin/CMakeFiles/mayaHydra.dir/renderOverride.cpp.o
[2023-11-20T09:02:42.187Z]     [28/107] Building CXX object lib/mayaHydra/hydraExtensions/CMakeFiles/mayaHydraLib.dir/adapters/adapter.cpp.o
[2023-11-20T09:02:42.732Z]     [29/107] Building CXX object lib/mayaHydra/mayaPlugin/CMakeFiles/mayaHydra.dir/renderGlobals.cpp.o
[2023-11-20T09:02:43.279Z]     [30/107] Building CXX object lib/mayaHydra/hydraExtensions/CMakeFiles/mayaHydraLib.dir/adapters/adapterRegistry.cpp.o
[2023-11-20T09:02:43.279Z]     [31/107] Building CXX object lib/mayaHydra/hydraExtensions/CMakeFiles/mayaHydraLib.dir/adapters/aiSkydomeLightAdapter.cpp.o
[2023-11-20T09:02:43.279Z]     [32/107] Building CXX object lib/mayaHydra/hydraExtensions/CMakeFiles/mayaHydraLib.dir/adapters/areaLightAdapter.cpp.o
[2023-11-20T09:02:43.279Z]     [33/107] Building CXX object lib/mayaHydra/hydraExtensions/CMakeFiles/mayaHydraLib.dir/adapters/cameraAdapter.cpp.o
[2023-11-20T09:02:43.823Z]     [34/107] Building CXX object lib/mayaHydra/hydraExtensions/CMakeFiles/mayaHydraLib.dir/adapters/dagAdapter.cpp.o
[2023-11-20T09:02:43.823Z]     [35/107] Building CXX object lib/mayaHydra/hydraExtensions/CMakeFiles/mayaHydraLib.dir/adapters/directionalLightAdapter.cpp.o
[2023-11-20T09:02:43.823Z]     [36/107] Building CXX object lib/mayaHydra/hydraExtensions/CMakeFiles/mayaHydraLib.dir/adapters/renderItemAdapter.cpp.o
[2023-11-20T09:02:43.823Z]     [37/107] Building CXX object lib/mayaHydra/hydraExtensions/CMakeFiles/mayaHydraLib.dir/adapters/tokens.cpp.o
[2023-11-20T09:02:44.367Z]     [38/107] Building CXX object lib/mayaHydra/hydraExtensions/CMakeFiles/mayaHydraLib.dir/delegates/delegateDebugCodes.cpp.o
[2023-11-20T09:02:45.518Z]     [39/107] Building CXX object lib/mayaHydra/hydraExtensions/CMakeFiles/mayaHydraLib.dir/mayaHydraSceneProducer.cpp.o
[2023-11-20T09:02:45.518Z]     [40/107] Building CXX object lib/mayaHydra/hydraExtensions/CMakeFiles/mayaHydraLib.dir/adapters/lightAdapter.cpp.o
[2023-11-20T09:02:46.068Z]     [41/107] Building CXX object lib/mayaHydra/hydraExtensions/CMakeFiles/mayaHydraLib.dir/adapters/materialAdapter.cpp.o
[2023-11-20T09:02:46.639Z]     [42/107] Building CXX object lib/mayaHydra/hydraExtensions/CMakeFiles/mayaHydraLib.dir/adapters/nurbsCurveAdapter.cpp.o
[2023-11-20T09:02:46.639Z]     [43/107] Building CXX object lib/mayaHydra/hydraExtensions/CMakeFiles/mayaHydraLib.dir/adapters/meshAdapter.cpp.o
[2023-11-20T09:02:47.213Z]     [44/107] Building CXX object lib/mayaHydra/hydraExtensions/CMakeFiles/mayaHydraLib.dir/adapters/materialNetworkConverter.cpp.o
[2023-11-20T09:02:47.759Z]     [45/107] Building CXX object lib/mayaHydra/hydraExtensions/CMakeFiles/mayaHydraLib.dir/adapters/shapeAdapter.cpp.o
[2023-11-20T09:02:48.326Z]     [46/107] Building CXX object lib/mayaHydra/hydraExtensions/CMakeFiles/mayaHydraLib.dir/adapters/pointLightAdapter.cpp.o
[2023-11-20T09:02:48.326Z]     [47/107] Building CXX object lib/mayaHydra/hydraExtensions/CMakeFiles/mayaHydraLib.dir/delegates/delegate.cpp.o
[2023-11-20T09:02:48.934Z]     [48/107] Building CXX object lib/mayaHydra/hydraExtensions/CMakeFiles/mayaHydraLib.dir/delegates/delegateCtx.cpp.o
[2023-11-20T09:02:48.934Z]     [49/107] Building CXX object lib/mayaHydra/hydraExtensions/CMakeFiles/mayaHydraLib.dir/adapters/spotLightAdapter.cpp.o
[2023-11-20T09:02:49.483Z]     [50/107] Building CXX object lib/mayaHydra/hydraExtensions/CMakeFiles/mayaHydraLib.dir/sceneIndex/registration.cpp.o
[2023-11-20T09:02:49.483Z]     [51/107] Building CXX object lib/flowViewport/CMakeFiles/flowViewport.dir/debugCodes.cpp.o
[2023-11-20T09:02:49.483Z]     [52/107] Building CXX object lib/mayaHydra/hydraExtensions/CMakeFiles/mayaHydraLib.dir/delegates/delegateRegistry.cpp.o
[2023-11-20T09:02:49.483Z]     [53/107] Building CXX object lib/mayaHydra/ufeExtensions/CMakeFiles/ufeExtensions.dir/Global.cpp.o
[2023-11-20T09:02:49.483Z]     [54/107] Building CXX object lib/flowViewport/CMakeFiles/flowViewport.dir/global.cpp.o
[2023-11-20T09:02:49.483Z]     [55/107] Building CXX object lib/flowViewport/CMakeFiles/flowViewport.dir/tokens.cpp.o
[2023-11-20T09:02:50.036Z]     [56/107] Building CXX object lib/flowViewport/CMakeFiles/flowViewport.dir/colorPreferences/fvpColorChanged.cpp.o
[2023-11-20T09:02:50.036Z]     [57/107] Building CXX object lib/flowViewport/CMakeFiles/flowViewport.dir/sceneIndex/fvpPathInterface.cpp.o
[2023-11-20T09:02:50.036Z]     [58/107] Building CXX object lib/flowViewport/CMakeFiles/flowViewport.dir/colorPreferences/fvpColorPreferencesTokens.cpp.o
[2023-11-20T09:02:50.036Z]     [59/107] Building CXX object lib/flowViewport/CMakeFiles/flowViewport.dir/colorPreferences/fvpColorPreferences.cpp.o
[2023-11-20T09:02:50.036Z]     [60/107] Linking CXX shared library lib/mayaHydra/ufeExtensions/libufeExtensions.so
[2023-11-20T09:02:51.211Z]     [61/107] Building CXX object lib/flowViewport/CMakeFiles/flowViewport.dir/API/interfacesImp/fvpSelectionInterfaceImp.cpp.o
[2023-11-20T09:02:51.211Z]     [62/107] Building CXX object lib/flowViewport/CMakeFiles/flowViewport.dir/API/interfacesImp/fvpVersionInterfaceImp.cpp.o
[2023-11-20T09:02:51.780Z]     [63/107] Building CXX object lib/mayaHydra/hydraExtensions/CMakeFiles/mayaHydraLib.dir/sceneIndex/mayaHydraPrimvarDataSource.cpp.o
[2023-11-20T09:02:52.338Z]     [64/107] Building CXX object lib/flowViewport/CMakeFiles/flowViewport.dir/sceneIndex/fvpPathInterfaceSceneIndex.cpp.o
[2023-11-20T09:02:52.338Z]     [65/107] Building CXX object lib/flowViewport/CMakeFiles/flowViewport.dir/API/samples/fvpSelectionClientExample.cpp.o
[2023-11-20T09:02:52.338Z]     [66/107] Building CXX object lib/mayaHydra/hydraExtensions/CMakeFiles/mayaHydraLib.dir/sceneIndex/mayaHydraLightDataSource.cpp.o
[2023-11-20T09:02:52.338Z]     [67/107] Building CXX object lib/mayaHydra/hydraExtensions/CMakeFiles/mayaHydraLib.dir/delegates/sceneDelegate.cpp.o
[2023-11-20T09:02:52.897Z]     [68/107] Building CXX object lib/flowViewport/CMakeFiles/flowViewport.dir/sceneIndex/fvpMergingSceneIndex.cpp.o
[2023-11-20T09:02:52.898Z]     [69/107] Building CXX object lib/mayaHydra/hydraExtensions/CMakeFiles/mayaHydraLib.dir/delegates/testDelegate.cpp.o
[2023-11-20T09:02:52.898Z]     [70/107] Building CXX object lib/mayaHydra/hydraExtensions/CMakeFiles/mayaHydraLib.dir/sceneIndex/mayaHydraCameraDataSource.cpp.o
[2023-11-20T09:02:52.898Z]     [71/107] Building CXX object lib/flowViewport/CMakeFiles/flowViewport.dir/selection/fvpSelectionFwd.cpp.o
[2023-11-20T09:02:53.497Z]     [72/107] Building CXX object lib/mayaHydra/hydraExtensions/CMakeFiles/mayaHydraLib.dir/sceneIndex/mayaHydraDisplayStyleDataSource.cpp.o
[2023-11-20T09:02:53.497Z]     [73/107] Building CXX object lib/mayaHydra/hydraExtensions/CMakeFiles/mayaHydraLib.dir/sceneIndex/mayaHydraDataSource.cpp.o
[2023-11-20T09:02:53.497Z]     [74/107] Building CXX object lib/mayaHydra/hydraExtensions/CMakeFiles/mayaHydraLib.dir/delegates/defaultLightDelegate.cpp.o
[2023-11-20T09:02:53.497Z]     [75/107] Building CXX object lib/flowViewport/CMakeFiles/flowViewport.dir/sceneIndex/fvpSelectionSceneIndex.cpp.o
[2023-11-20T09:02:54.334Z]     [76/107] Building CXX object lib/flowViewport/CMakeFiles/flowViewport.dir/sceneIndex/fvpRenderIndexProxy.cpp.o
[2023-11-20T09:02:54.334Z]     [77/107] Building CXX object lib/flowViewport/CMakeFiles/flowViewport.dir/sceneIndex/fvpWireframeSelectionHighlightSceneIndex.cpp.o
[2023-11-20T09:02:54.335Z]     [78/107] Building CXX object lib/mayaHydra/hydraExtensions/CMakeFiles/mayaHydraLib.dir/sceneIndex/mayaHydraDefaultLightDataSource.cpp.o
[2023-11-20T09:02:54.335Z]     [79/107] Building CXX object lib/flowViewport/CMakeFiles/flowViewport.dir/API/interfacesImp/fvpInformationInterfaceImp.cpp.o
[2023-11-20T09:02:54.335Z]     [80/107] Building CXX object lib/mayaHydra/hydraExtensions/CMakeFiles/mayaHydraLib.dir/sceneIndex/mayaHydraSceneIndex.cpp.o
[2023-11-20T09:02:54.912Z]     [81/107] Building CXX object lib/flowViewport/CMakeFiles/flowViewport.dir/API/samples/fvpInformationClientExample.cpp.o
[2023-11-20T09:02:54.912Z]     [82/107] Automatic MOC for target adskHydraSceneBrowser
[2023-11-20T09:02:54.912Z]     [83/107] Building CXX object lib/flowViewport/CMakeFiles/flowViewport.dir/API/perViewportSceneIndicesData/fvpViewportInformationAndSceneIndicesPerViewportData.cpp.o
[2023-11-20T09:02:55.475Z]     [84/107] Building CXX object lib/flowViewport/CMakeFiles/flowViewport.dir/selection/fvpSelection.cpp.o
[2023-11-20T09:02:56.613Z]     [85/107] Building CXX object lib/flowViewport/CMakeFiles/flowViewport.dir/API/perViewportSceneIndicesData/fvpViewportInformationAndSceneIndicesPerViewportDataManager.cpp.o
[2023-11-20T09:02:56.613Z]     [86/107] Building CXX object lib/flowViewport/CMakeFiles/flowViewport.dir/selection/fvpSelectionTracker.cpp.o
[2023-11-20T09:02:57.155Z]     [87/107] Building CXX object lib/flowViewport/CMakeFiles/flowViewport.dir/selection/fvpSelectionTask.cpp.o
[2023-11-20T09:02:57.697Z]     [88/107] Building CXX object plugin/mayaHydraSceneBrowserTest/CMakeFiles/mayaHydraSceneBrowserTest.dir/mayaHydraSceneBrowserTestCmd.cpp.o
[2023-11-20T09:02:58.239Z]     [89/107] Linking CXX shared library lib/flowViewport/libflowViewport.so
[2023-11-20T09:02:58.779Z]     [90/107] Building CXX object lib/adskHydraSceneBrowser/lib/CMakeFiles/adskHydraSceneBrowser.dir/src/patch/registeredSceneIndexChooser.cpp.o
[2023-11-20T09:02:58.779Z]     [91/107] Building CXX object lib/adskHydraSceneBrowser/lib/CMakeFiles/adskHydraSceneBrowser.dir/src/patch/sceneIndexObserverLoggingWidget.cpp.o
[2023-11-20T09:02:59.321Z]     [92/107] Building CXX object lib/adskHydraSceneBrowser/lib/CMakeFiles/adskHydraSceneBrowser.dir/src/patch/dataSourceValueTreeView.cpp.o
[2023-11-20T09:02:59.321Z]     [93/107] Building CXX object plugin/mayaHydraSceneBrowser/CMakeFiles/mayaHydraSceneBrowser.dir/mayaHydraSceneBrowser.cpp.o
[2023-11-20T09:02:59.321Z]     [94/107] Building CXX object lib/adskHydraSceneBrowser/lib/CMakeFiles/adskHydraSceneBrowser.dir/src/patch/sceneIndexObserverLoggingTreeView.cpp.o
[2023-11-20T09:02:59.321Z]     [95/107] Building CXX object lib/adskHydraSceneBrowser/lib/CMakeFiles/adskHydraSceneBrowser.dir/adskHydraSceneBrowser_autogen/mocs_compilation.cpp.o
[2023-11-20T09:02:59.862Z]     [96/107] Building CXX object lib/adskHydraSceneBrowser/lib/CMakeFiles/adskHydraSceneBrowser.dir/src/patch/sceneIndexDebuggerWidget.cpp.o
[2023-11-20T09:02:59.862Z]     [97/107] Building CXX object lib/adskHydraSceneBrowser/lib/CMakeFiles/adskHydraSceneBrowser.dir/src/patch/sceneIndexTreeWidget.cpp.o
[2023-11-20T09:02:59.862Z]     [98/107] Building CXX object lib/adskHydraSceneBrowser/test/CMakeFiles/adskHydraSceneBrowserTesting.dir/adskHydraSceneBrowserTesting.cpp.o
[2023-11-20T09:03:00.403Z]     [99/107] Building CXX object lib/adskHydraSceneBrowser/lib/CMakeFiles/adskHydraSceneBrowser.dir/src/patch/dataSourceTreeWidget.cpp.o
[2023-11-20T09:03:00.403Z]     [100/107] Linking CXX shared library lib/mayaHydra/hydraExtensions/libmayaHydraLib.so
[2023-11-20T09:03:00.944Z]     [101/107] Linking CXX shared library lib/adskHydraSceneBrowser/lib/libadskHydraSceneBrowser.so
[2023-11-20T09:03:01.485Z]     [102/107] Linking CXX shared library test/lib/mayaUsd/render/mayaToHydra/cpp/mayaHydraCppTests.so
[2023-11-20T09:03:01.485Z]     [103/107] Linking CXX shared library lib/mayaHydra/mayaPlugin/mayaHydra.so
[2023-11-20T09:03:02.618Z]     [104/107] Building CXX object lib/adskHydraSceneBrowser/test/CMakeFiles/adskHydraSceneBrowserTesting.dir/adskHydraSceneBrowserTestFixture.cpp.o
[2023-11-20T09:03:02.618Z]     [105/107] Linking CXX shared library plugin/mayaHydraSceneBrowser/mayaHydraSceneBrowser.so
[2023-11-20T09:03:03.158Z]     [106/107] Linking CXX shared library lib/adskHydraSceneBrowser/test/libadskHydraSceneBrowserTesting.so
[2023-11-20T09:03:04.290Z]     [107/107] Linking CXX shared library plugin/mayaHydraSceneBrowserTest/mayaHydraSceneBrowserTest.so
[2023-11-20T09:03:04.290Z]     
[2023-11-20T09:03:04.290Z]         Building with settings:
[2023-11-20T09:03:04.290Z]           Source directory          /home/S/jenkins/workspace/ECP/ecg-maya-hydra/ecg-maya-hydra-branch-preflight-python3-linux/ecg-maya-hydra/maya-hydra
[2023-11-20T09:03:04.290Z]           Workspace directory       /local/S/jenkins/workspace/ECP/ecg-maya-hydra/ecg-maya-hydra-branch-preflight-python3-linux
[2023-11-20T09:03:04.290Z]           Build directory           /local/S/jenkins/workspace/ECP/ecg-maya-hydra/ecg-maya-hydra-branch-preflight-python3-linux/build/Debug
[2023-11-20T09:03:04.290Z]           Install directory         /local/S/jenkins/workspace/ECP/ecg-maya-hydra/ecg-maya-hydra-branch-preflight-python3-linux/install/Debug/MayaHydra
[2023-11-20T09:03:04.290Z]           Variant                   Debug
[2023-11-20T09:03:04.290Z]           Python Debug              On
[2023-11-20T09:03:04.290Z]           CMake generator           Ninja
[2023-11-20T09:03:04.290Z]           Build arguments           ['-DCMAKE_MAKE_PROGRAM=/local/S/jenkins/workspace/shared/Artifactory/Linux/ninja/1.10.2/9ab399b/ninja', '-DPYTHON_INCLUDE_DIR=/local/S/jenkins/workspace/shared/Artifactory/Linux/rundev-master-debug/202311130621/runtime/fb61367/runTime/include/Python311/Python', '-DPython_EXECUTABLE=/local/S/jenkins/workspace/shared/Artifactory/Linux/rundev-master-debug/202311130621/runtime/fb61367/runTime/bin/mayapy', '-DPYTHON_LIBRARIES=/local/S/jenkins/workspace/shared/Artifactory/Linux/rundev-master-debug/202311130621/runtime/fb61367/runTime/lib/libpython3.11d.so.1.0', '-DBUILD_WITH_PYTHON_3_VERSION=3.11', '-DCMAKE_WANT_MATERIALX_BUILD=ON', '-DCMAKE_PREFIX_PATH=/local/S/jenkins/workspace/shared/Artifactory/Linux/USD/e5ad5df', '-DMAYAHYDRA_BUILD_NUMBER=408', '-DMAYAHYDRA_GIT_COMMIT=f304bd14b6553a3ed7269eed1d947a294567bf41', '-DMAYAHYDRA_GIT_BRANCH=master']
[2023-11-20T09:03:04.290Z]           Stages arguments          ['build']
[2023-11-20T09:03:04.290Z]           CTest arguments           ['--parallel 16']
[2023-11-20T09:03:04.290Z]     Success MayaHydra build and install !!!!
[2023-11-20T09:03:04.290Z]     Elapsed time: 00:00:31
[Pipeline] sh
[2023-11-20T09:03:05.591Z] + scl enable gcc-toolset-11 -
[2023-11-20T09:03:05.591Z] + '[' enable = load -o enable = unload ']'
[2023-11-20T09:03:05.591Z] + /usr/bin/scl enable gcc-toolset-11 -
[2023-11-20T09:03:05.591Z] python ecg-maya-hydra/build.py --stages=build --workspace-dir=/local/S/jenkins/workspace/ECP/ecg-maya-hydra/ecg-maya-hydra-branch-preflight-python3-linux --artifactory-dir=/local/S/jenkins/workspace/shared/Artifactory --build-dir=/local/S/jenkins/workspace/ECP/ecg-maya-hydra/ecg-maya-hydra-branch-preflight-python3-linux/build --install-dir=/local/S/jenkins/workspace/ECP/ecg-maya-hydra/ecg-maya-hydra-branch-preflight-python3-linux/install --signing-dir=/local/S/jenkins/workspace/ECP/ecg-maya-hydra/ecg-maya-hydra-branch-preflight-python3-linux/signing --package-dir=/local/S/jenkins/workspace/ECP/ecg-maya-hydra/ecg-maya-hydra-branch-preflight-python3-linux/package --output-dir=/local/S/jenkins/workspace/ECP/ecg-maya-hydra/ecg-maya-hydra-branch-preflight-python3-linux/output --stash-dir=/local/S/jenkins/workspace/ECP/ecg-maya-hydra/ecg-maya-hydra-branch-preflight-python3-linux/stash --jenkins-build=408 --git-commit=f304bd14b6553a3ed7269eed1d947a294567bf41 --git-branch=master --variants=RelWithDebInfo --interactive-tests=true --post-zips=false --osx-binary-architecture-target=ub2 --osx-deployment-target=11.0 --osx-base-sdk=CurrentActiveSDK --build-retry=3 --maya-cut-config=maya-rundev-master.yaml --maya-package=rundev-master --stage-banner
[2023-11-20T09:03:05.591Z] Using Maya cut from /local/S/jenkins/workspace/shared/Artifactory/Linux/rundev-master/202311130812/runtime/48b8229
[2023-11-20T09:03:05.591Z] 
[2023-11-20T09:03:05.591Z] ================================================================================
[2023-11-20T09:03:05.591Z]                              build (RelWithDebInfo)
[2023-11-20T09:03:05.591Z] ================================================================================
[2023-11-20T09:03:05.591Z] Maya Python RelWithDebInfo Info:
[2023-11-20T09:03:05.591Z]   mayapy executable   = /local/S/jenkins/workspace/shared/Artifactory/Linux/rundev-master/202311130812/runtime/48b8229/runTime/bin/mayapy
[2023-11-20T09:03:05.591Z]   Include Folder      = /local/S/jenkins/workspace/shared/Artifactory/Linux/rundev-master/202311130812/runtime/48b8229/runTime/include/Python311/Python
[2023-11-20T09:03:05.591Z]   Library             = /local/S/jenkins/workspace/shared/Artifactory/Linux/rundev-master/202311130812/runtime/48b8229/runTime/lib/libpython3.11.so.1.0
[2023-11-20T09:03:05.591Z]   site-package Folder = /local/S/jenkins/workspace/shared/Artifactory/Linux/rundev-master/202311130812/runtime/48b8229/runTime/lib/python3.11/site-packages
[2023-11-20T09:03:06.137Z] In workdir: /home/S/jenkins/workspace/ECP/ecg-maya-hydra/ecg-maya-hydra-branch-preflight-python3-linux/ecg-maya-hydra/maya-hydra
[2023-11-20T09:03:06.137Z] Executing: /local/S/jenkins/workspace/shared/Artifactory/Linux/rundev-master/202311130812/runtime/48b8229/runTime/bin/mayapy /home/S/jenkins/workspace/ECP/ecg-maya-hydra/ecg-maya-hydra-branch-preflight-python3-linux/ecg-maya-hydra/maya-hydra/build.py --generator Ninja --build-relwithdebug --maya-location /local/S/jenkins/workspace/shared/Artifactory/Linux/rundev-master/202311130812/runtime/48b8229/runTime --devkit-location /local/S/jenkins/workspace/shared/Artifactory/Linux/rundev-master/202311130812/runtime/48b8229/devkitBase --pxrusd-location /local/S/jenkins/workspace/shared/Artifactory/Linux/USD/1a43c47 --build-args=-DCMAKE_MAKE_PROGRAM=/local/S/jenkins/workspace/shared/Artifactory/Linux/ninja/1.10.2/9ab399b/ninja,-DPYTHON_INCLUDE_DIR=/local/S/jenkins/workspace/shared/Artifactory/Linux/rundev-master/202311130812/runtime/48b8229/runTime/include/Python311/Python,-DPython_EXECUTABLE=/local/S/jenkins/workspace/shared/Artifactory/Linux/rundev-master/202311130812/runtime/48b8229/runTime/bin/mayapy,-DPYTHON_LIBRARIES=/local/S/jenkins/workspace/shared/Artifactory/Linux/rundev-master/202311130812/runtime/48b8229/runTime/lib/libpython3.11.so.1.0,-DBUILD_WITH_PYTHON_3_VERSION=3.11,-DCMAKE_WANT_MATERIALX_BUILD=ON,-DCMAKE_PREFIX_PATH=/local/S/jenkins/workspace/shared/Artifactory/Linux/USD/1a43c47,-DMAYAHYDRA_BUILD_NUMBER=408,-DMAYAHYDRA_GIT_COMMIT=f304bd14b6553a3ed7269eed1d947a294567bf41,-DMAYAHYDRA_GIT_BRANCH=master '--ctest-args=--parallel 16' --stages=build --redirect-outstream-file=False --install-location /local/S/jenkins/workspace/ECP/ecg-maya-hydra/ecg-maya-hydra-branch-preflight-python3-linux/install/RelWithDebInfo/MayaHydra /local/S/jenkins/workspace/ECP/ecg-maya-hydra/ecg-maya-hydra-branch-preflight-python3-linux
[2023-11-20T09:03:06.137Z] Modified environment variables:
[2023-11-20T09:03:06.137Z]     LD_LIBRARY_PATH=/opt/rh/gcc-toolset-11/root/usr/lib64:/opt/rh/gcc-toolset-11/root/usr/lib64:/opt/rh/gcc-toolset-11/root/usr/lib:/opt/rh/gcc-toolset-11/root/usr/lib64/dyninst:/opt/rh/gcc-toolset-11/root/usr/lib/dyninst
[2023-11-20T09:03:06.137Z]     PATH=/local/S/jenkins/workspace/shared/Artifactory/Linux/cmake/3.20.3/ab685d7/bin:/opt/rh/gcc-toolset-11/root/usr/bin:/home/administrator/.local/bin:/home/administrator/bin:/usr/share/Modules/bin:/usr/local/bin:/usr/local/sbin:/usr/bin:/usr/sbin
[2023-11-20T09:03:07.330Z]     [1/107] Building CXX object lib/mayaHydra/mayaPlugin/CMakeFiles/mayaHydra.dir/colorNotFoundException.cpp.o
[2023-11-20T09:03:07.330Z]     [2/107] Building CXX object lib/mayaHydra/mayaPlugin/CMakeFiles/mayaHydra.dir/tokens.cpp.o
[2023-11-20T09:03:07.330Z]     [3/107] Building CXX object lib/mayaHydra/mayaPlugin/CMakeFiles/mayaHydra.dir/pluginDebugCodes.cpp.o
[2023-11-20T09:03:07.330Z]     [4/107] Building CXX object test/lib/mayaUsd/render/mayaToHydra/cpp/CMakeFiles/mayaHydraCppTests.dir/testCppFramework.cpp.o
[2023-11-20T09:03:07.330Z]     [5/107] Building CXX object test/lib/mayaUsd/render/mayaToHydra/cpp/CMakeFiles/mayaHydraCppTests.dir/mayaHydraCppTestsCmd.cpp.o
[2023-11-20T09:03:07.895Z]     [6/107] Building CXX object lib/mayaHydra/mayaPlugin/CMakeFiles/mayaHydra.dir/mayaColorPreferencesTranslator.cpp.o
[2023-11-20T09:03:09.108Z]     [7/107] Building CXX object test/lib/mayaUsd/render/mayaToHydra/cpp/CMakeFiles/mayaHydraCppTests.dir/testColorPreferences.cpp.o
[2023-11-20T09:03:09.945Z]     [8/107] Building CXX object test/lib/mayaUsd/render/mayaToHydra/cpp/CMakeFiles/mayaHydraCppTests.dir/testUtils.cpp.o
[2023-11-20T09:03:10.511Z]     [9/107] Building CXX object test/lib/mayaUsd/render/mayaToHydra/cpp/CMakeFiles/mayaHydraCppTests.dir/testFvpViewportInformationMultipleViewports.cpp.o
[2023-11-20T09:03:10.511Z]     [10/107] Building CXX object test/lib/mayaUsd/render/mayaToHydra/cpp/CMakeFiles/mayaHydraCppTests.dir/testMayaUsdUfeItems.cpp.o
[2023-11-20T09:03:10.511Z]     [11/107] Building CXX object test/lib/mayaUsd/render/mayaToHydra/cpp/CMakeFiles/mayaHydraCppTests.dir/testFvpViewportInformationRendererSwitching.cpp.o
[2023-11-20T09:03:10.511Z]     [12/107] Building CXX object test/lib/mayaUsd/render/mayaToHydra/cpp/CMakeFiles/mayaHydraCppTests.dir/testMayaSceneFlattening.cpp.o
[2023-11-20T09:03:10.511Z]     [13/107] Building CXX object lib/mayaHydra/hydraExtensions/CMakeFiles/mayaHydraLib.dir/mhBuildInfo.cpp.o
[2023-11-20T09:03:10.511Z]     [14/107] Building CXX object lib/mayaHydra/hydraExtensions/CMakeFiles/mayaHydraLib.dir/mixedUtils.cpp.o
[2023-11-20T09:03:10.511Z]     [15/107] Building CXX object lib/mayaHydra/hydraExtensions/CMakeFiles/mayaHydraLib.dir/mayaUtils.cpp.o
[2023-11-20T09:03:11.085Z]     [16/107] Building CXX object lib/mayaHydra/hydraExtensions/CMakeFiles/mayaHydraLib.dir/debugCodes.cpp.o
[2023-11-20T09:03:11.638Z]     [17/107] Building CXX object lib/mayaHydra/hydraExtensions/CMakeFiles/mayaHydraLib.dir/adapters/adapterDebugCodes.cpp.o
[2023-11-20T09:03:12.184Z]     [18/107] Building CXX object lib/mayaHydra/hydraExtensions/CMakeFiles/mayaHydraLib.dir/mayaHydraLibInterfaceImp.cpp.o
[2023-11-20T09:03:12.770Z]     [19/107] Building CXX object lib/mayaHydra/mayaPlugin/CMakeFiles/mayaHydra.dir/pluginUtils.cpp.o
[2023-11-20T09:03:12.770Z]     [20/107] Building CXX object test/lib/mayaUsd/render/mayaToHydra/cpp/CMakeFiles/mayaHydraCppTests.dir/testSelectionSceneIndex.cpp.o
[2023-11-20T09:03:12.770Z]     [21/107] Building CXX object test/lib/mayaUsd/render/mayaToHydra/cpp/CMakeFiles/mayaHydraCppTests.dir/testWireframeSelectionHighlightSceneIndex.cpp.o
[2023-11-20T09:03:12.770Z]     [22/107] Building CXX object lib/mayaHydra/mayaPlugin/CMakeFiles/mayaHydra.dir/plugin.cpp.o
[2023-11-20T09:03:13.928Z]     [23/107] Building CXX object lib/mayaHydra/mayaPlugin/CMakeFiles/mayaHydra.dir/viewCommand.cpp.o
[2023-11-20T09:03:14.473Z]     [24/107] Building CXX object lib/mayaHydra/hydraExtensions/CMakeFiles/mayaHydraLib.dir/adapters/adapter.cpp.o
[2023-11-20T09:03:14.473Z]     [25/107] Building CXX object lib/mayaHydra/hydraExtensions/CMakeFiles/mayaHydraLib.dir/hydraUtils.cpp.o
[2023-11-20T09:03:14.473Z]     [26/107] Building CXX object test/lib/mayaUsd/render/mayaToHydra/cpp/CMakeFiles/mayaHydraCppTests.dir/testMergingSceneIndex.cpp.o
[2023-11-20T09:03:15.058Z]     [27/107] Building CXX object lib/mayaHydra/hydraExtensions/CMakeFiles/mayaHydraLib.dir/adapters/mayaAttrs.cpp.o
[2023-11-20T09:03:16.890Z]     [28/107] Building CXX object lib/mayaHydra/hydraExtensions/CMakeFiles/mayaHydraLib.dir/adapters/adapterRegistry.cpp.o
[2023-11-20T09:03:17.434Z]     [29/107] Building CXX object lib/mayaHydra/hydraExtensions/CMakeFiles/mayaHydraLib.dir/adapters/areaLightAdapter.cpp.o
[2023-11-20T09:03:17.977Z]     [30/107] Building CXX object lib/mayaHydra/mayaPlugin/CMakeFiles/mayaHydra.dir/renderOverride.cpp.o
[2023-11-20T09:03:17.977Z]     [31/107] Building CXX object lib/mayaHydra/hydraExtensions/CMakeFiles/mayaHydraLib.dir/adapters/cameraAdapter.cpp.o
[2023-11-20T09:03:17.977Z]     [32/107] Building CXX object lib/mayaHydra/mayaPlugin/CMakeFiles/mayaHydra.dir/renderGlobals.cpp.o
[2023-11-20T09:03:18.522Z]     [33/107] Building CXX object lib/mayaHydra/hydraExtensions/CMakeFiles/mayaHydraLib.dir/adapters/aiSkydomeLightAdapter.cpp.o
[2023-11-20T09:03:19.066Z]     [34/107] Building CXX object lib/mayaHydra/hydraExtensions/CMakeFiles/mayaHydraLib.dir/adapters/dagAdapter.cpp.o
[2023-11-20T09:03:19.066Z]     [35/107] Building CXX object lib/mayaHydra/hydraExtensions/CMakeFiles/mayaHydraLib.dir/adapters/tokens.cpp.o
[2023-11-20T09:03:19.637Z]     [36/107] Building CXX object lib/mayaHydra/hydraExtensions/CMakeFiles/mayaHydraLib.dir/adapters/directionalLightAdapter.cpp.o
[2023-11-20T09:03:19.637Z]     [37/107] Building CXX object lib/mayaHydra/hydraExtensions/CMakeFiles/mayaHydraLib.dir/delegates/delegateDebugCodes.cpp.o
[2023-11-20T09:03:19.637Z]     [38/107] Building CXX object lib/mayaHydra/hydraExtensions/CMakeFiles/mayaHydraLib.dir/adapters/lightAdapter.cpp.o
[2023-11-20T09:03:20.199Z]     [39/107] Building CXX object lib/mayaHydra/hydraExtensions/CMakeFiles/mayaHydraLib.dir/mayaHydraSceneProducer.cpp.o
[2023-11-20T09:03:20.745Z]     [40/107] Building CXX object lib/mayaHydra/hydraExtensions/CMakeFiles/mayaHydraLib.dir/adapters/materialAdapter.cpp.o
[2023-11-20T09:03:20.745Z]     [41/107] Building CXX object lib/mayaHydra/hydraExtensions/CMakeFiles/mayaHydraLib.dir/adapters/renderItemAdapter.cpp.o
[2023-11-20T09:03:21.885Z]     [42/107] Building CXX object lib/mayaHydra/hydraExtensions/CMakeFiles/mayaHydraLib.dir/adapters/pointLightAdapter.cpp.o
[2023-11-20T09:03:21.885Z]     [43/107] Building CXX object lib/mayaHydra/hydraExtensions/CMakeFiles/mayaHydraLib.dir/adapters/nurbsCurveAdapter.cpp.o
[2023-11-20T09:03:22.433Z]     [44/107] Building CXX object lib/mayaHydra/hydraExtensions/CMakeFiles/mayaHydraLib.dir/adapters/shapeAdapter.cpp.o
[2023-11-20T09:03:22.989Z]     [45/107] Building CXX object lib/mayaHydra/hydraExtensions/CMakeFiles/mayaHydraLib.dir/adapters/meshAdapter.cpp.o
[2023-11-20T09:03:23.535Z]     [46/107] Building CXX object lib/mayaHydra/hydraExtensions/CMakeFiles/mayaHydraLib.dir/adapters/materialNetworkConverter.cpp.o
[2023-11-20T09:03:23.535Z]     [47/107] Building CXX object lib/mayaHydra/hydraExtensions/CMakeFiles/mayaHydraLib.dir/delegates/delegate.cpp.o
[2023-11-20T09:03:24.101Z]     [48/107] Building CXX object lib/mayaHydra/hydraExtensions/CMakeFiles/mayaHydraLib.dir/delegates/delegateCtx.cpp.o
[2023-11-20T09:03:24.655Z]     [49/107] Building CXX object lib/flowViewport/CMakeFiles/flowViewport.dir/debugCodes.cpp.o
[2023-11-20T09:03:24.655Z]     [50/107] Building CXX object lib/mayaHydra/ufeExtensions/CMakeFiles/ufeExtensions.dir/Global.cpp.o
[2023-11-20T09:03:24.655Z]     [51/107] Building CXX object lib/flowViewport/CMakeFiles/flowViewport.dir/global.cpp.o
[2023-11-20T09:03:24.655Z]     [52/107] Building CXX object lib/mayaHydra/hydraExtensions/CMakeFiles/mayaHydraLib.dir/adapters/spotLightAdapter.cpp.o
[2023-11-20T09:03:24.655Z]     [53/107] Linking CXX shared library lib/mayaHydra/ufeExtensions/libufeExtensions.so
[2023-11-20T09:03:25.208Z]     [54/107] Building CXX object lib/mayaHydra/hydraExtensions/CMakeFiles/mayaHydraLib.dir/delegates/delegateRegistry.cpp.o
[2023-11-20T09:03:25.208Z]     [55/107] Building CXX object lib/mayaHydra/hydraExtensions/CMakeFiles/mayaHydraLib.dir/sceneIndex/registration.cpp.o
[2023-11-20T09:03:25.208Z]     [56/107] Building CXX object lib/flowViewport/CMakeFiles/flowViewport.dir/tokens.cpp.o
[2023-11-20T09:03:25.208Z]     [57/107] Building CXX object lib/flowViewport/CMakeFiles/flowViewport.dir/sceneIndex/fvpPathInterface.cpp.o
[2023-11-20T09:03:25.761Z]     [58/107] Building CXX object lib/flowViewport/CMakeFiles/flowViewport.dir/colorPreferences/fvpColorChanged.cpp.o
[2023-11-20T09:03:25.761Z]     [59/107] Building CXX object lib/flowViewport/CMakeFiles/flowViewport.dir/colorPreferences/fvpColorPreferencesTokens.cpp.o
[2023-11-20T09:03:25.761Z]     [60/107] Building CXX object lib/flowViewport/CMakeFiles/flowViewport.dir/colorPreferences/fvpColorPreferences.cpp.o
[2023-11-20T09:03:26.915Z]     [61/107] Building CXX object lib/flowViewport/CMakeFiles/flowViewport.dir/API/interfacesImp/fvpSelectionInterfaceImp.cpp.o
[2023-11-20T09:03:26.915Z]     [62/107] Building CXX object lib/flowViewport/CMakeFiles/flowViewport.dir/API/interfacesImp/fvpVersionInterfaceImp.cpp.o
[2023-11-20T09:03:27.459Z]     [63/107] Building CXX object lib/mayaHydra/hydraExtensions/CMakeFiles/mayaHydraLib.dir/sceneIndex/mayaHydraPrimvarDataSource.cpp.o
[2023-11-20T09:03:27.459Z]     [64/107] Building CXX object lib/flowViewport/CMakeFiles/flowViewport.dir/sceneIndex/fvpPathInterfaceSceneIndex.cpp.o
[2023-11-20T09:03:28.005Z]     [65/107] Building CXX object lib/mayaHydra/hydraExtensions/CMakeFiles/mayaHydraLib.dir/sceneIndex/mayaHydraLightDataSource.cpp.o
[2023-11-20T09:03:28.005Z]     [66/107] Building CXX object lib/flowViewport/CMakeFiles/flowViewport.dir/sceneIndex/fvpMergingSceneIndex.cpp.o
[2023-11-20T09:03:28.005Z]     [67/107] Building CXX object lib/flowViewport/CMakeFiles/flowViewport.dir/API/samples/fvpSelectionClientExample.cpp.o
[2023-11-20T09:03:28.562Z]     [68/107] Building CXX object lib/mayaHydra/hydraExtensions/CMakeFiles/mayaHydraLib.dir/sceneIndex/mayaHydraCameraDataSource.cpp.o
[2023-11-20T09:03:28.562Z]     [69/107] Building CXX object lib/mayaHydra/hydraExtensions/CMakeFiles/mayaHydraLib.dir/sceneIndex/mayaHydraDisplayStyleDataSource.cpp.o
[2023-11-20T09:03:28.562Z]     [70/107] Building CXX object lib/mayaHydra/hydraExtensions/CMakeFiles/mayaHydraLib.dir/delegates/testDelegate.cpp.o
[2023-11-20T09:03:28.562Z]     [71/107] Building CXX object lib/flowViewport/CMakeFiles/flowViewport.dir/selection/fvpSelectionFwd.cpp.o
[2023-11-20T09:03:29.725Z]     [72/107] Building CXX object lib/flowViewport/CMakeFiles/flowViewport.dir/sceneIndex/fvpSelectionSceneIndex.cpp.o
[2023-11-20T09:03:29.725Z]     [73/107] Building CXX object lib/flowViewport/CMakeFiles/flowViewport.dir/sceneIndex/fvpRenderIndexProxy.cpp.o
[2023-11-20T09:03:30.268Z]     [74/107] Building CXX object lib/flowViewport/CMakeFiles/flowViewport.dir/API/interfacesImp/fvpInformationInterfaceImp.cpp.o
[2023-11-20T09:03:30.268Z]     [75/107] Building CXX object lib/flowViewport/CMakeFiles/flowViewport.dir/API/samples/fvpInformationClientExample.cpp.o
[2023-11-20T09:03:30.268Z]     [76/107] Building CXX object lib/mayaHydra/hydraExtensions/CMakeFiles/mayaHydraLib.dir/delegates/defaultLightDelegate.cpp.o
[2023-11-20T09:03:30.268Z]     [77/107] Building CXX object lib/mayaHydra/hydraExtensions/CMakeFiles/mayaHydraLib.dir/delegates/sceneDelegate.cpp.o
[2023-11-20T09:03:30.268Z]     [78/107] Building CXX object lib/flowViewport/CMakeFiles/flowViewport.dir/sceneIndex/fvpWireframeSelectionHighlightSceneIndex.cpp.o
[2023-11-20T09:03:30.819Z]     [79/107] Building CXX object lib/mayaHydra/hydraExtensions/CMakeFiles/mayaHydraLib.dir/sceneIndex/mayaHydraDataSource.cpp.o
[2023-11-20T09:03:30.819Z]     [80/107] Automatic MOC for target adskHydraSceneBrowser
[2023-11-20T09:03:30.819Z]     [81/107] Building CXX object lib/flowViewport/CMakeFiles/flowViewport.dir/API/perViewportSceneIndicesData/fvpViewportInformationAndSceneIndicesPerViewportData.cpp.o
[2023-11-20T09:03:30.819Z]     [82/107] Building CXX object lib/mayaHydra/hydraExtensions/CMakeFiles/mayaHydraLib.dir/sceneIndex/mayaHydraDefaultLightDataSource.cpp.o
[2023-11-20T09:03:31.975Z]     [83/107] Building CXX object lib/flowViewport/CMakeFiles/flowViewport.dir/selection/fvpSelection.cpp.o
[2023-11-20T09:03:31.975Z]     [84/107] Building CXX object lib/mayaHydra/hydraExtensions/CMakeFiles/mayaHydraLib.dir/sceneIndex/mayaHydraSceneIndex.cpp.o
[2023-11-20T09:03:32.517Z]     [85/107] Building CXX object lib/flowViewport/CMakeFiles/flowViewport.dir/selection/fvpSelectionTracker.cpp.o
[2023-11-20T09:03:32.517Z]     [86/107] Building CXX object lib/flowViewport/CMakeFiles/flowViewport.dir/API/perViewportSceneIndicesData/fvpViewportInformationAndSceneIndicesPerViewportDataManager.cpp.o
[2023-11-20T09:03:32.517Z]     [87/107] Building CXX object lib/flowViewport/CMakeFiles/flowViewport.dir/selection/fvpSelectionTask.cpp.o
[2023-11-20T09:03:33.059Z]     [88/107] Linking CXX shared library lib/flowViewport/libflowViewport.so
[2023-11-20T09:03:34.203Z]     [89/107] Linking CXX shared library lib/mayaHydra/hydraExtensions/libmayaHydraLib.so
[2023-11-20T09:03:34.203Z]     [90/107] Building CXX object plugin/mayaHydraSceneBrowserTest/CMakeFiles/mayaHydraSceneBrowserTest.dir/mayaHydraSceneBrowserTestCmd.cpp.o
[2023-11-20T09:03:34.745Z]     [91/107] Linking CXX shared library test/lib/mayaUsd/render/mayaToHydra/cpp/mayaHydraCppTests.so
[2023-11-20T09:03:34.745Z]     [92/107] Building CXX object lib/adskHydraSceneBrowser/lib/CMakeFiles/adskHydraSceneBrowser.dir/src/patch/registeredSceneIndexChooser.cpp.o
[2023-11-20T09:03:34.745Z]     [93/107] Linking CXX shared library lib/mayaHydra/mayaPlugin/mayaHydra.so
[2023-11-20T09:03:34.745Z]     [94/107] Building CXX object lib/adskHydraSceneBrowser/lib/CMakeFiles/adskHydraSceneBrowser.dir/src/patch/sceneIndexObserverLoggingWidget.cpp.o
[2023-11-20T09:03:35.287Z]     [95/107] Building CXX object plugin/mayaHydraSceneBrowser/CMakeFiles/mayaHydraSceneBrowser.dir/mayaHydraSceneBrowser.cpp.o
[2023-11-20T09:03:35.827Z]     [96/107] Building CXX object lib/adskHydraSceneBrowser/lib/CMakeFiles/adskHydraSceneBrowser.dir/src/patch/sceneIndexObserverLoggingTreeView.cpp.o
[2023-11-20T09:03:35.827Z]     [97/107] Building CXX object lib/adskHydraSceneBrowser/lib/CMakeFiles/adskHydraSceneBrowser.dir/src/patch/sceneIndexDebuggerWidget.cpp.o
[2023-11-20T09:03:35.827Z]     [98/107] Building CXX object lib/adskHydraSceneBrowser/lib/CMakeFiles/adskHydraSceneBrowser.dir/adskHydraSceneBrowser_autogen/mocs_compilation.cpp.o
[2023-11-20T09:03:36.368Z]     [99/107] Building CXX object lib/adskHydraSceneBrowser/test/CMakeFiles/adskHydraSceneBrowserTesting.dir/adskHydraSceneBrowserTesting.cpp.o
[2023-11-20T09:03:36.368Z]     [100/107] Building CXX object lib/adskHydraSceneBrowser/lib/CMakeFiles/adskHydraSceneBrowser.dir/src/patch/sceneIndexTreeWidget.cpp.o
[2023-11-20T09:03:36.368Z]     [101/107] Building CXX object lib/adskHydraSceneBrowser/lib/CMakeFiles/adskHydraSceneBrowser.dir/src/patch/dataSourceValueTreeView.cpp.o
[2023-11-20T09:03:37.205Z]     [102/107] Building CXX object lib/adskHydraSceneBrowser/lib/CMakeFiles/adskHydraSceneBrowser.dir/src/patch/dataSourceTreeWidget.cpp.o
[2023-11-20T09:03:37.205Z]     [103/107] Linking CXX shared library lib/adskHydraSceneBrowser/lib/libadskHydraSceneBrowser.so
[2023-11-20T09:03:37.746Z]     [104/107] Linking CXX shared library plugin/mayaHydraSceneBrowser/mayaHydraSceneBrowser.so
[2023-11-20T09:03:41.971Z]     [105/107] Building CXX object lib/adskHydraSceneBrowser/test/CMakeFiles/adskHydraSceneBrowserTesting.dir/adskHydraSceneBrowserTestFixture.cpp.o
[2023-11-20T09:03:41.971Z]     [106/107] Linking CXX shared library lib/adskHydraSceneBrowser/test/libadskHydraSceneBrowserTesting.so
[2023-11-20T09:03:42.511Z]     [107/107] Linking CXX shared library plugin/mayaHydraSceneBrowserTest/mayaHydraSceneBrowserTest.so
[2023-11-20T09:03:42.511Z]     
[2023-11-20T09:03:42.511Z]         Building with settings:
[2023-11-20T09:03:42.511Z]           Source directory          /home/S/jenkins/workspace/ECP/ecg-maya-hydra/ecg-maya-hydra-branch-preflight-python3-linux/ecg-maya-hydra/maya-hydra
[2023-11-20T09:03:42.511Z]           Workspace directory       /local/S/jenkins/workspace/ECP/ecg-maya-hydra/ecg-maya-hydra-branch-preflight-python3-linux
[2023-11-20T09:03:42.511Z]           Build directory           /local/S/jenkins/workspace/ECP/ecg-maya-hydra/ecg-maya-hydra-branch-preflight-python3-linux/build/RelWithDebInfo
[2023-11-20T09:03:42.511Z]           Install directory         /local/S/jenkins/workspace/ECP/ecg-maya-hydra/ecg-maya-hydra-branch-preflight-python3-linux/install/RelWithDebInfo/MayaHydra
[2023-11-20T09:03:42.511Z]           Variant                   RelWithDebInfo
[2023-11-20T09:03:42.511Z]           Python Debug              Off
[2023-11-20T09:03:42.511Z]           CMake generator           Ninja
[2023-11-20T09:03:42.512Z]           Build arguments           ['-DCMAKE_MAKE_PROGRAM=/local/S/jenkins/workspace/shared/Artifactory/Linux/ninja/1.10.2/9ab399b/ninja', '-DPYTHON_INCLUDE_DIR=/local/S/jenkins/workspace/shared/Artifactory/Linux/rundev-master/202311130812/runtime/48b8229/runTime/include/Python311/Python', '-DPython_EXECUTABLE=/local/S/jenkins/workspace/shared/Artifactory/Linux/rundev-master/202311130812/runtime/48b8229/runTime/bin/mayapy', '-DPYTHON_LIBRARIES=/local/S/jenkins/workspace/shared/Artifactory/Linux/rundev-master/202311130812/runtime/48b8229/runTime/lib/libpython3.11.so.1.0', '-DBUILD_WITH_PYTHON_3_VERSION=3.11', '-DCMAKE_WANT_MATERIALX_BUILD=ON', '-DCMAKE_PREFIX_PATH=/local/S/jenkins/workspace/shared/Artifactory/Linux/USD/1a43c47', '-DMAYAHYDRA_BUILD_NUMBER=408', '-DMAYAHYDRA_GIT_COMMIT=f304bd14b6553a3ed7269eed1d947a294567bf41', '-DMAYAHYDRA_GIT_BRANCH=master']
[2023-11-20T09:03:42.512Z]           Stages arguments          ['build']
[2023-11-20T09:03:42.512Z]           CTest arguments           ['--parallel 16']
[2023-11-20T09:03:42.512Z]     Success MayaHydra build and install !!!!
[2023-11-20T09:03:42.512Z]     Elapsed time: 00:00:36
[Pipeline] }
[Pipeline] // withEnv
[Pipeline] }
[Pipeline] // timeout
[Pipeline] }
[Pipeline] // stage
[Pipeline] }
[Pipeline] // timestamps
[Pipeline] timestamps
[Pipeline] {
[Pipeline] stage
[Pipeline] { (Install)
[Pipeline] timeout
[2023-11-20T09:03:42.864Z] Timeout set to expire in 6 hr 0 min
[Pipeline] {
[Pipeline] withEnv
[Pipeline] {
[Pipeline] sh
[2023-11-20T09:03:43.963Z] + scl enable gcc-toolset-11 -
[2023-11-20T09:03:43.963Z] + '[' enable = load -o enable = unload ']'
[2023-11-20T09:03:43.963Z] + /usr/bin/scl enable gcc-toolset-11 -
[2023-11-20T09:03:43.963Z] python ecg-maya-hydra/build.py --stages=install --workspace-dir=/local/S/jenkins/workspace/ECP/ecg-maya-hydra/ecg-maya-hydra-branch-preflight-python3-linux --artifactory-dir=/local/S/jenkins/workspace/shared/Artifactory --build-dir=/local/S/jenkins/workspace/ECP/ecg-maya-hydra/ecg-maya-hydra-branch-preflight-python3-linux/build --install-dir=/local/S/jenkins/workspace/ECP/ecg-maya-hydra/ecg-maya-hydra-branch-preflight-python3-linux/install --signing-dir=/local/S/jenkins/workspace/ECP/ecg-maya-hydra/ecg-maya-hydra-branch-preflight-python3-linux/signing --package-dir=/local/S/jenkins/workspace/ECP/ecg-maya-hydra/ecg-maya-hydra-branch-preflight-python3-linux/package --output-dir=/local/S/jenkins/workspace/ECP/ecg-maya-hydra/ecg-maya-hydra-branch-preflight-python3-linux/output --stash-dir=/local/S/jenkins/workspace/ECP/ecg-maya-hydra/ecg-maya-hydra-branch-preflight-python3-linux/stash --jenkins-build=408 --git-commit=f304bd14b6553a3ed7269eed1d947a294567bf41 --git-branch=master --variants=Debug --interactive-tests=true --post-zips=false --osx-binary-architecture-target=ub2 --osx-deployment-target=11.0 --osx-base-sdk=CurrentActiveSDK --maya-cut-config=maya-rundev-master-debug.yaml --maya-package=rundev-master-debug --stage-banner
[2023-11-20T09:03:43.963Z] Using Maya cut from /local/S/jenkins/workspace/shared/Artifactory/Linux/rundev-master-debug/202311130621/runtime/fb61367
[2023-11-20T09:03:43.963Z] 
[2023-11-20T09:03:43.963Z] ================================================================================
[2023-11-20T09:03:43.963Z]                                 install (Debug)
[2023-11-20T09:03:43.963Z] ================================================================================
[2023-11-20T09:03:43.963Z] Maya Python Debug Info:
[2023-11-20T09:03:43.963Z]   mayapy executable   = /local/S/jenkins/workspace/shared/Artifactory/Linux/rundev-master-debug/202311130621/runtime/fb61367/runTime/bin/mayapy
[2023-11-20T09:03:43.963Z]   Include Folder      = /local/S/jenkins/workspace/shared/Artifactory/Linux/rundev-master-debug/202311130621/runtime/fb61367/runTime/include/Python311/Python
[2023-11-20T09:03:43.963Z]   Library             = /local/S/jenkins/workspace/shared/Artifactory/Linux/rundev-master-debug/202311130621/runtime/fb61367/runTime/lib/libpython3.11d.so.1.0
[2023-11-20T09:03:43.963Z]   site-package Folder = /local/S/jenkins/workspace/shared/Artifactory/Linux/rundev-master-debug/202311130621/runtime/fb61367/runTime/lib/python3.11/site-packages
[2023-11-20T09:03:45.093Z] In workdir: /home/S/jenkins/workspace/ECP/ecg-maya-hydra/ecg-maya-hydra-branch-preflight-python3-linux/ecg-maya-hydra/maya-hydra
[2023-11-20T09:03:45.093Z] Executing: /local/S/jenkins/workspace/shared/Artifactory/Linux/rundev-master-debug/202311130621/runtime/fb61367/runTime/bin/mayapy /home/S/jenkins/workspace/ECP/ecg-maya-hydra/ecg-maya-hydra-branch-preflight-python3-linux/ecg-maya-hydra/maya-hydra/build.py --generator Ninja --build-debug --maya-location /local/S/jenkins/workspace/shared/Artifactory/Linux/rundev-master-debug/202311130621/runtime/fb61367/runTime --devkit-location /local/S/jenkins/workspace/shared/Artifactory/Linux/rundev-master-debug/202311130621/runtime/fb61367/devkitBase --pxrusd-location /local/S/jenkins/workspace/shared/Artifactory/Linux/USD/e5ad5df --build-args=-DCMAKE_MAKE_PROGRAM=/local/S/jenkins/workspace/shared/Artifactory/Linux/ninja/1.10.2/9ab399b/ninja,-DPYTHON_INCLUDE_DIR=/local/S/jenkins/workspace/shared/Artifactory/Linux/rundev-master-debug/202311130621/runtime/fb61367/runTime/include/Python311/Python,-DPython_EXECUTABLE=/local/S/jenkins/workspace/shared/Artifactory/Linux/rundev-master-debug/202311130621/runtime/fb61367/runTime/bin/mayapy,-DPYTHON_LIBRARIES=/local/S/jenkins/workspace/shared/Artifactory/Linux/rundev-master-debug/202311130621/runtime/fb61367/runTime/lib/libpython3.11d.so.1.0,-DBUILD_WITH_PYTHON_3_VERSION=3.11,-DCMAKE_WANT_MATERIALX_BUILD=ON,-DCMAKE_PREFIX_PATH=/local/S/jenkins/workspace/shared/Artifactory/Linux/USD/e5ad5df,-DMAYAHYDRA_BUILD_NUMBER=408,-DMAYAHYDRA_GIT_COMMIT=f304bd14b6553a3ed7269eed1d947a294567bf41,-DMAYAHYDRA_GIT_BRANCH=master --debug-python '--ctest-args=--parallel 16' --stages=install --redirect-outstream-file=False --install-location /local/S/jenkins/workspace/ECP/ecg-maya-hydra/ecg-maya-hydra-branch-preflight-python3-linux/install/Debug/MayaHydra /local/S/jenkins/workspace/ECP/ecg-maya-hydra/ecg-maya-hydra-branch-preflight-python3-linux
[2023-11-20T09:03:45.093Z] Modified environment variables:
[2023-11-20T09:03:45.093Z]     LD_LIBRARY_PATH=/opt/rh/gcc-toolset-11/root/usr/lib64:/opt/rh/gcc-toolset-11/root/usr/lib64:/opt/rh/gcc-toolset-11/root/usr/lib:/opt/rh/gcc-toolset-11/root/usr/lib64/dyninst:/opt/rh/gcc-toolset-11/root/usr/lib/dyninst
[2023-11-20T09:03:45.093Z]     PATH=/local/S/jenkins/workspace/shared/Artifactory/Linux/cmake/3.20.3/ab685d7/bin:/opt/rh/gcc-toolset-11/root/usr/bin:/home/administrator/.local/bin:/home/administrator/bin:/usr/share/Modules/bin:/usr/local/bin:/usr/local/sbin:/usr/bin:/usr/sbin
[2023-11-20T09:03:45.093Z]     [0/1] Install the project...
[2023-11-20T09:03:45.093Z]     -- Install configuration: "Debug"
[2023-11-20T09:03:45.093Z]     -- Set runtime path of "/local/S/jenkins/workspace/ECP/ecg-maya-hydra/ecg-maya-hydra-branch-preflight-python3-linux/install/Debug/MayaHydra/lib/maya/mayaHydraCppTests.so" to "$ORIGIN/../gtest:/local/S/jenkins/workspace/shared/Artifactory/Linux/USD/e5ad5df/lib:/local/S/jenkins/workspace/shared/Artifactory/Linux/rundev-master-debug/202311130621/runtime/fb61367/devkitBase/devkit/ufe/lib:/local/S/jenkins/workspace/shared/Artifactory/Linux/rundev-master-debug/202311130621/runtime/fb61367/runTime/lib"
[2023-11-20T09:03:45.093Z]     -- Set runtime path of "/local/S/jenkins/workspace/ECP/ecg-maya-hydra/ecg-maya-hydra-branch-preflight-python3-linux/install/Debug/MayaHydra/lib/maya/mayaHydra.so" to "$ORIGIN/../../../../../../../../../../../../home/S/jenkins/workspace/shared/Artifactory/Linux/USD/e5ad5df/lib:$ORIGIN/..:/local/S/jenkins/workspace/shared/Artifactory/Linux/rundev-master-debug/202311130621/runtime/fb61367/devkitBase/devkit/ufe/lib:/local/S/jenkins/workspace/shared/Artifactory/Linux/USD/e5ad5df/lib:/local/S/jenkins/workspace/shared/Artifactory/Linux/rundev-master-debug/202311130621/runtime/fb61367/runTime/lib"
[2023-11-20T09:03:45.633Z]     -- Set runtime path of "/local/S/jenkins/workspace/ECP/ecg-maya-hydra/ecg-maya-hydra-branch-preflight-python3-linux/install/Debug/MayaHydra/lib/libmayaHydraLib.so" to ""
[2023-11-20T09:03:45.633Z]     -- Set runtime path of "/local/S/jenkins/workspace/ECP/ecg-maya-hydra/ecg-maya-hydra-branch-preflight-python3-linux/install/Debug/MayaHydra/lib/libufeExtensions.so" to ""
[2023-11-20T09:03:45.633Z]     -- Set runtime path of "/local/S/jenkins/workspace/ECP/ecg-maya-hydra/ecg-maya-hydra-branch-preflight-python3-linux/install/Debug/MayaHydra/lib/libflowViewport.so" to ""
[2023-11-20T09:03:45.633Z]     -- Set runtime path of "/local/S/jenkins/workspace/ECP/ecg-maya-hydra/ecg-maya-hydra-branch-preflight-python3-linux/install/Debug/MayaHydra/lib/libadskHydraSceneBrowser.so" to ""
[2023-11-20T09:03:45.633Z]     -- Set runtime path of "/local/S/jenkins/workspace/ECP/ecg-maya-hydra/ecg-maya-hydra-branch-preflight-python3-linux/install/Debug/MayaHydra/lib/libadskHydraSceneBrowserTesting.so" to "$ORIGIN/gtest:/local/S/jenkins/workspace/shared/Artifactory/Linux/USD/e5ad5df/lib:/local/S/jenkins/workspace/shared/Artifactory/Linux/rundev-master-debug/202311130621/runtime/fb61367/devkitBase/Qt/lib"
[2023-11-20T09:03:45.633Z]     -- Set runtime path of "/local/S/jenkins/workspace/ECP/ecg-maya-hydra/ecg-maya-hydra-branch-preflight-python3-linux/install/Debug/MayaHydra/lib/maya/mayaHydraSceneBrowser.so" to "$ORIGIN/..:/local/S/jenkins/workspace/shared/Artifactory/Linux/USD/e5ad5df/lib:/local/S/jenkins/workspace/shared/Artifactory/Linux/rundev-master-debug/202311130621/runtime/fb61367/devkitBase/devkit/ufe/lib:/local/S/jenkins/workspace/shared/Artifactory/Linux/rundev-master-debug/202311130621/runtime/fb61367/devkitBase/Qt/lib:/local/S/jenkins/workspace/shared/Artifactory/Linux/rundev-master-debug/202311130621/runtime/fb61367/runTime/lib"
[2023-11-20T09:03:45.633Z]     -- Set runtime path of "/local/S/jenkins/workspace/ECP/ecg-maya-hydra/ecg-maya-hydra-branch-preflight-python3-linux/install/Debug/MayaHydra/lib/maya/mayaHydraSceneBrowserTest.so" to "$ORIGIN/..:$ORIGIN/../gtest:/local/S/jenkins/workspace/shared/Artifactory/Linux/USD/e5ad5df/lib:/local/S/jenkins/workspace/shared/Artifactory/Linux/rundev-master-debug/202311130621/runtime/fb61367/devkitBase/Qt/lib:/local/S/jenkins/workspace/shared/Artifactory/Linux/rundev-master-debug/202311130621/runtime/fb61367/devkitBase/devkit/ufe/lib:/local/S/jenkins/workspace/shared/Artifactory/Linux/rundev-master-debug/202311130621/runtime/fb61367/runTime/lib"
[2023-11-20T09:03:45.633Z]     
[2023-11-20T09:03:45.633Z]         Building with settings:
[2023-11-20T09:03:45.633Z]           Source directory          /home/S/jenkins/workspace/ECP/ecg-maya-hydra/ecg-maya-hydra-branch-preflight-python3-linux/ecg-maya-hydra/maya-hydra
[2023-11-20T09:03:45.633Z]           Workspace directory       /local/S/jenkins/workspace/ECP/ecg-maya-hydra/ecg-maya-hydra-branch-preflight-python3-linux
[2023-11-20T09:03:45.633Z]           Build directory           /local/S/jenkins/workspace/ECP/ecg-maya-hydra/ecg-maya-hydra-branch-preflight-python3-linux/build/Debug
[2023-11-20T09:03:45.633Z]           Install directory         /local/S/jenkins/workspace/ECP/ecg-maya-hydra/ecg-maya-hydra-branch-preflight-python3-linux/install/Debug/MayaHydra
[2023-11-20T09:03:45.633Z]           Variant                   Debug
[2023-11-20T09:03:45.633Z]           Python Debug              On
[2023-11-20T09:03:45.633Z]           CMake generator           Ninja
[2023-11-20T09:03:45.633Z]           Build arguments           ['-DCMAKE_MAKE_PROGRAM=/local/S/jenkins/workspace/shared/Artifactory/Linux/ninja/1.10.2/9ab399b/ninja', '-DPYTHON_INCLUDE_DIR=/local/S/jenkins/workspace/shared/Artifactory/Linux/rundev-master-debug/202311130621/runtime/fb61367/runTime/include/Python311/Python', '-DPython_EXECUTABLE=/local/S/jenkins/workspace/shared/Artifactory/Linux/rundev-master-debug/202311130621/runtime/fb61367/runTime/bin/mayapy', '-DPYTHON_LIBRARIES=/local/S/jenkins/workspace/shared/Artifactory/Linux/rundev-master-debug/202311130621/runtime/fb61367/runTime/lib/libpython3.11d.so.1.0', '-DBUILD_WITH_PYTHON_3_VERSION=3.11', '-DCMAKE_WANT_MATERIALX_BUILD=ON', '-DCMAKE_PREFIX_PATH=/local/S/jenkins/workspace/shared/Artifactory/Linux/USD/e5ad5df', '-DMAYAHYDRA_BUILD_NUMBER=408', '-DMAYAHYDRA_GIT_COMMIT=f304bd14b6553a3ed7269eed1d947a294567bf41', '-DMAYAHYDRA_GIT_BRANCH=master']
[2023-11-20T09:03:45.633Z]           Stages arguments          ['install']
[2023-11-20T09:03:45.633Z]           CTest arguments           ['--parallel 16']
[2023-11-20T09:03:45.633Z]     Success MayaHydra build and install !!!!
[2023-11-20T09:03:45.633Z]     Elapsed time: 00:00:00
[Pipeline] sh
[2023-11-20T09:03:47.057Z] + scl enable gcc-toolset-11 -
[2023-11-20T09:03:47.057Z] + '[' enable = load -o enable = unload ']'
[2023-11-20T09:03:47.057Z] + /usr/bin/scl enable gcc-toolset-11 -
[2023-11-20T09:03:47.057Z] python ecg-maya-hydra/build.py --stages=install --workspace-dir=/local/S/jenkins/workspace/ECP/ecg-maya-hydra/ecg-maya-hydra-branch-preflight-python3-linux --artifactory-dir=/local/S/jenkins/workspace/shared/Artifactory --build-dir=/local/S/jenkins/workspace/ECP/ecg-maya-hydra/ecg-maya-hydra-branch-preflight-python3-linux/build --install-dir=/local/S/jenkins/workspace/ECP/ecg-maya-hydra/ecg-maya-hydra-branch-preflight-python3-linux/install --signing-dir=/local/S/jenkins/workspace/ECP/ecg-maya-hydra/ecg-maya-hydra-branch-preflight-python3-linux/signing --package-dir=/local/S/jenkins/workspace/ECP/ecg-maya-hydra/ecg-maya-hydra-branch-preflight-python3-linux/package --output-dir=/local/S/jenkins/workspace/ECP/ecg-maya-hydra/ecg-maya-hydra-branch-preflight-python3-linux/output --stash-dir=/local/S/jenkins/workspace/ECP/ecg-maya-hydra/ecg-maya-hydra-branch-preflight-python3-linux/stash --jenkins-build=408 --git-commit=f304bd14b6553a3ed7269eed1d947a294567bf41 --git-branch=master --variants=RelWithDebInfo --interactive-tests=true --post-zips=false --osx-binary-architecture-target=ub2 --osx-deployment-target=11.0 --osx-base-sdk=CurrentActiveSDK --maya-cut-config=maya-rundev-master.yaml --maya-package=rundev-master --stage-banner
[2023-11-20T09:03:47.057Z] Using Maya cut from /local/S/jenkins/workspace/shared/Artifactory/Linux/rundev-master/202311130812/runtime/48b8229
[2023-11-20T09:03:47.057Z] 
[2023-11-20T09:03:47.057Z] ================================================================================
[2023-11-20T09:03:47.057Z]                             install (RelWithDebInfo)
[2023-11-20T09:03:47.057Z] ================================================================================
[2023-11-20T09:03:47.057Z] Maya Python RelWithDebInfo Info:
[2023-11-20T09:03:47.057Z]   mayapy executable   = /local/S/jenkins/workspace/shared/Artifactory/Linux/rundev-master/202311130812/runtime/48b8229/runTime/bin/mayapy
[2023-11-20T09:03:47.057Z]   Include Folder      = /local/S/jenkins/workspace/shared/Artifactory/Linux/rundev-master/202311130812/runtime/48b8229/runTime/include/Python311/Python
[2023-11-20T09:03:47.057Z]   Library             = /local/S/jenkins/workspace/shared/Artifactory/Linux/rundev-master/202311130812/runtime/48b8229/runTime/lib/libpython3.11.so.1.0
[2023-11-20T09:03:47.057Z]   site-package Folder = /local/S/jenkins/workspace/shared/Artifactory/Linux/rundev-master/202311130812/runtime/48b8229/runTime/lib/python3.11/site-packages
[2023-11-20T09:03:47.598Z] In workdir: /home/S/jenkins/workspace/ECP/ecg-maya-hydra/ecg-maya-hydra-branch-preflight-python3-linux/ecg-maya-hydra/maya-hydra
[2023-11-20T09:03:47.598Z] Executing: /local/S/jenkins/workspace/shared/Artifactory/Linux/rundev-master/202311130812/runtime/48b8229/runTime/bin/mayapy /home/S/jenkins/workspace/ECP/ecg-maya-hydra/ecg-maya-hydra-branch-preflight-python3-linux/ecg-maya-hydra/maya-hydra/build.py --generator Ninja --build-relwithdebug --maya-location /local/S/jenkins/workspace/shared/Artifactory/Linux/rundev-master/202311130812/runtime/48b8229/runTime --devkit-location /local/S/jenkins/workspace/shared/Artifactory/Linux/rundev-master/202311130812/runtime/48b8229/devkitBase --pxrusd-location /local/S/jenkins/workspace/shared/Artifactory/Linux/USD/1a43c47 --build-args=-DCMAKE_MAKE_PROGRAM=/local/S/jenkins/workspace/shared/Artifactory/Linux/ninja/1.10.2/9ab399b/ninja,-DPYTHON_INCLUDE_DIR=/local/S/jenkins/workspace/shared/Artifactory/Linux/rundev-master/202311130812/runtime/48b8229/runTime/include/Python311/Python,-DPython_EXECUTABLE=/local/S/jenkins/workspace/shared/Artifactory/Linux/rundev-master/202311130812/runtime/48b8229/runTime/bin/mayapy,-DPYTHON_LIBRARIES=/local/S/jenkins/workspace/shared/Artifactory/Linux/rundev-master/202311130812/runtime/48b8229/runTime/lib/libpython3.11.so.1.0,-DBUILD_WITH_PYTHON_3_VERSION=3.11,-DCMAKE_WANT_MATERIALX_BUILD=ON,-DCMAKE_PREFIX_PATH=/local/S/jenkins/workspace/shared/Artifactory/Linux/USD/1a43c47,-DMAYAHYDRA_BUILD_NUMBER=408,-DMAYAHYDRA_GIT_COMMIT=f304bd14b6553a3ed7269eed1d947a294567bf41,-DMAYAHYDRA_GIT_BRANCH=master '--ctest-args=--parallel 16' --stages=install --redirect-outstream-file=False --install-location /local/S/jenkins/workspace/ECP/ecg-maya-hydra/ecg-maya-hydra-branch-preflight-python3-linux/install/RelWithDebInfo/MayaHydra /local/S/jenkins/workspace/ECP/ecg-maya-hydra/ecg-maya-hydra-branch-preflight-python3-linux
[2023-11-20T09:03:47.598Z] Modified environment variables:
[2023-11-20T09:03:47.598Z]     LD_LIBRARY_PATH=/opt/rh/gcc-toolset-11/root/usr/lib64:/opt/rh/gcc-toolset-11/root/usr/lib64:/opt/rh/gcc-toolset-11/root/usr/lib:/opt/rh/gcc-toolset-11/root/usr/lib64/dyninst:/opt/rh/gcc-toolset-11/root/usr/lib/dyninst
[2023-11-20T09:03:47.598Z]     PATH=/local/S/jenkins/workspace/shared/Artifactory/Linux/cmake/3.20.3/ab685d7/bin:/opt/rh/gcc-toolset-11/root/usr/bin:/home/administrator/.local/bin:/home/administrator/bin:/usr/share/Modules/bin:/usr/local/bin:/usr/local/sbin:/usr/bin:/usr/sbin
[2023-11-20T09:03:47.598Z]     [0/1] Install the project...
[2023-11-20T09:03:47.598Z]     -- Install configuration: "RelWithDebInfo"
[2023-11-20T09:03:47.598Z]     -- Set runtime path of "/local/S/jenkins/workspace/ECP/ecg-maya-hydra/ecg-maya-hydra-branch-preflight-python3-linux/install/RelWithDebInfo/MayaHydra/lib/maya/mayaHydraCppTests.so" to "$ORIGIN/../gtest:/local/S/jenkins/workspace/shared/Artifactory/Linux/USD/1a43c47/lib:/local/S/jenkins/workspace/shared/Artifactory/Linux/rundev-master/202311130812/runtime/48b8229/devkitBase/devkit/ufe/lib:/local/S/jenkins/workspace/shared/Artifactory/Linux/rundev-master/202311130812/runtime/48b8229/runTime/lib"
[2023-11-20T09:03:47.598Z]     -- Set runtime path of "/local/S/jenkins/workspace/ECP/ecg-maya-hydra/ecg-maya-hydra-branch-preflight-python3-linux/install/RelWithDebInfo/MayaHydra/lib/maya/mayaHydra.so" to "$ORIGIN/../../../../../../../../../../../../home/S/jenkins/workspace/shared/Artifactory/Linux/USD/1a43c47/lib:$ORIGIN/..:/local/S/jenkins/workspace/shared/Artifactory/Linux/rundev-master/202311130812/runtime/48b8229/devkitBase/devkit/ufe/lib:/local/S/jenkins/workspace/shared/Artifactory/Linux/USD/1a43c47/lib:/local/S/jenkins/workspace/shared/Artifactory/Linux/rundev-master/202311130812/runtime/48b8229/runTime/lib"
[2023-11-20T09:03:47.598Z]     -- Set runtime path of "/local/S/jenkins/workspace/ECP/ecg-maya-hydra/ecg-maya-hydra-branch-preflight-python3-linux/install/RelWithDebInfo/MayaHydra/lib/libmayaHydraLib.so" to ""
[2023-11-20T09:03:47.598Z]     -- Set runtime path of "/local/S/jenkins/workspace/ECP/ecg-maya-hydra/ecg-maya-hydra-branch-preflight-python3-linux/install/RelWithDebInfo/MayaHydra/lib/libufeExtensions.so" to ""
[2023-11-20T09:03:47.598Z]     -- Set runtime path of "/local/S/jenkins/workspace/ECP/ecg-maya-hydra/ecg-maya-hydra-branch-preflight-python3-linux/install/RelWithDebInfo/MayaHydra/lib/libflowViewport.so" to ""
[2023-11-20T09:03:47.598Z]     -- Set runtime path of "/local/S/jenkins/workspace/ECP/ecg-maya-hydra/ecg-maya-hydra-branch-preflight-python3-linux/install/RelWithDebInfo/MayaHydra/lib/libadskHydraSceneBrowser.so" to ""
[2023-11-20T09:03:47.598Z]     -- Set runtime path of "/local/S/jenkins/workspace/ECP/ecg-maya-hydra/ecg-maya-hydra-branch-preflight-python3-linux/install/RelWithDebInfo/MayaHydra/lib/libadskHydraSceneBrowserTesting.so" to "$ORIGIN/gtest:/local/S/jenkins/workspace/shared/Artifactory/Linux/USD/1a43c47/lib:/local/S/jenkins/workspace/shared/Artifactory/Linux/rundev-master/202311130812/runtime/48b8229/devkitBase/Qt/lib"
[2023-11-20T09:03:47.598Z]     -- Set runtime path of "/local/S/jenkins/workspace/ECP/ecg-maya-hydra/ecg-maya-hydra-branch-preflight-python3-linux/install/RelWithDebInfo/MayaHydra/lib/maya/mayaHydraSceneBrowser.so" to "$ORIGIN/..:/local/S/jenkins/workspace/shared/Artifactory/Linux/USD/1a43c47/lib:/local/S/jenkins/workspace/shared/Artifactory/Linux/rundev-master/202311130812/runtime/48b8229/devkitBase/devkit/ufe/lib:/local/S/jenkins/workspace/shared/Artifactory/Linux/rundev-master/202311130812/runtime/48b8229/devkitBase/Qt/lib:/local/S/jenkins/workspace/shared/Artifactory/Linux/rundev-master/202311130812/runtime/48b8229/runTime/lib"
[2023-11-20T09:03:47.598Z]     -- Set runtime path of "/local/S/jenkins/workspace/ECP/ecg-maya-hydra/ecg-maya-hydra-branch-preflight-python3-linux/install/RelWithDebInfo/MayaHydra/lib/maya/mayaHydraSceneBrowserTest.so" to "$ORIGIN/..:$ORIGIN/../gtest:/local/S/jenkins/workspace/shared/Artifactory/Linux/USD/1a43c47/lib:/local/S/jenkins/workspace/shared/Artifactory/Linux/rundev-master/202311130812/runtime/48b8229/devkitBase/Qt/lib:/local/S/jenkins/workspace/shared/Artifactory/Linux/rundev-master/202311130812/runtime/48b8229/devkitBase/devkit/ufe/lib:/local/S/jenkins/workspace/shared/Artifactory/Linux/rundev-master/202311130812/runtime/48b8229/runTime/lib"
[2023-11-20T09:03:47.598Z]     
[2023-11-20T09:03:47.598Z]         Building with settings:
[2023-11-20T09:03:47.598Z]           Source directory          /home/S/jenkins/workspace/ECP/ecg-maya-hydra/ecg-maya-hydra-branch-preflight-python3-linux/ecg-maya-hydra/maya-hydra
[2023-11-20T09:03:47.598Z]           Workspace directory       /local/S/jenkins/workspace/ECP/ecg-maya-hydra/ecg-maya-hydra-branch-preflight-python3-linux
[2023-11-20T09:03:47.598Z]           Build directory           /local/S/jenkins/workspace/ECP/ecg-maya-hydra/ecg-maya-hydra-branch-preflight-python3-linux/build/RelWithDebInfo
[2023-11-20T09:03:47.598Z]           Install directory         /local/S/jenkins/workspace/ECP/ecg-maya-hydra/ecg-maya-hydra-branch-preflight-python3-linux/install/RelWithDebInfo/MayaHydra
[2023-11-20T09:03:47.598Z]           Variant                   RelWithDebInfo
[2023-11-20T09:03:47.598Z]           Python Debug              Off
[2023-11-20T09:03:47.598Z]           CMake generator           Ninja
[2023-11-20T09:03:47.598Z]           Build arguments           ['-DCMAKE_MAKE_PROGRAM=/local/S/jenkins/workspace/shared/Artifactory/Linux/ninja/1.10.2/9ab399b/ninja', '-DPYTHON_INCLUDE_DIR=/local/S/jenkins/workspace/shared/Artifactory/Linux/rundev-master/202311130812/runtime/48b8229/runTime/include/Python311/Python', '-DPython_EXECUTABLE=/local/S/jenkins/workspace/shared/Artifactory/Linux/rundev-master/202311130812/runtime/48b8229/runTime/bin/mayapy', '-DPYTHON_LIBRARIES=/local/S/jenkins/workspace/shared/Artifactory/Linux/rundev-master/202311130812/runtime/48b8229/runTime/lib/libpython3.11.so.1.0', '-DBUILD_WITH_PYTHON_3_VERSION=3.11', '-DCMAKE_WANT_MATERIALX_BUILD=ON', '-DCMAKE_PREFIX_PATH=/local/S/jenkins/workspace/shared/Artifactory/Linux/USD/1a43c47', '-DMAYAHYDRA_BUILD_NUMBER=408', '-DMAYAHYDRA_GIT_COMMIT=f304bd14b6553a3ed7269eed1d947a294567bf41', '-DMAYAHYDRA_GIT_BRANCH=master']
[2023-11-20T09:03:47.598Z]           Stages arguments          ['install']
[2023-11-20T09:03:47.598Z]           CTest arguments           ['--parallel 16']
[2023-11-20T09:03:47.598Z]     Success MayaHydra build and install !!!!
[2023-11-20T09:03:47.598Z]     Elapsed time: 00:00:00
[Pipeline] }
[Pipeline] // withEnv
[Pipeline] }
[Pipeline] // timeout
[Pipeline] }
[Pipeline] // stage
[Pipeline] }
[Pipeline] // timestamps
[Pipeline] timestamps
[Pipeline] {
[Pipeline] stage
[Pipeline] { (Test)
[Pipeline] timeout
[2023-11-20T09:03:48.099Z] Timeout set to expire in 6 hr 0 min
[Pipeline] {
[Pipeline] withEnv
[Pipeline] {
[Pipeline] sh
[2023-11-20T09:03:49.202Z] + scl enable gcc-toolset-11 -
[2023-11-20T09:03:49.202Z] + '[' enable = load -o enable = unload ']'
[2023-11-20T09:03:49.202Z] + /usr/bin/scl enable gcc-toolset-11 -
[2023-11-20T09:03:49.202Z] python ecg-maya-hydra/build.py --stages=test --workspace-dir=/local/S/jenkins/workspace/ECP/ecg-maya-hydra/ecg-maya-hydra-branch-preflight-python3-linux --artifactory-dir=/local/S/jenkins/workspace/shared/Artifactory --build-dir=/local/S/jenkins/workspace/ECP/ecg-maya-hydra/ecg-maya-hydra-branch-preflight-python3-linux/build --install-dir=/local/S/jenkins/workspace/ECP/ecg-maya-hydra/ecg-maya-hydra-branch-preflight-python3-linux/install --signing-dir=/local/S/jenkins/workspace/ECP/ecg-maya-hydra/ecg-maya-hydra-branch-preflight-python3-linux/signing --package-dir=/local/S/jenkins/workspace/ECP/ecg-maya-hydra/ecg-maya-hydra-branch-preflight-python3-linux/package --output-dir=/local/S/jenkins/workspace/ECP/ecg-maya-hydra/ecg-maya-hydra-branch-preflight-python3-linux/output --stash-dir=/local/S/jenkins/workspace/ECP/ecg-maya-hydra/ecg-maya-hydra-branch-preflight-python3-linux/stash --jenkins-build=408 --git-commit=f304bd14b6553a3ed7269eed1d947a294567bf41 --git-branch=master --variants=RelWithDebInfo --interactive-tests=true --post-zips=false --osx-binary-architecture-target=ub2 --osx-deployment-target=11.0 --osx-base-sdk=CurrentActiveSDK --test-jobs=0 --failed-test-retry=3 --maya-cut-config=maya-rundev-master.yaml --maya-package=rundev-master --stage-banner --progressive-timeout
[2023-11-20T09:03:49.202Z] Using Maya cut from /local/S/jenkins/workspace/shared/Artifactory/Linux/rundev-master/202311130812/runtime/48b8229
[2023-11-20T09:03:49.202Z] 
[2023-11-20T09:03:49.202Z] ================================================================================
[2023-11-20T09:03:49.202Z]                              test (RelWithDebInfo)
[2023-11-20T09:03:49.202Z] ================================================================================
[2023-11-20T09:03:49.202Z] Maya Python RelWithDebInfo Info:
[2023-11-20T09:03:49.202Z]   mayapy executable   = /local/S/jenkins/workspace/shared/Artifactory/Linux/rundev-master/202311130812/runtime/48b8229/runTime/bin/mayapy
[2023-11-20T09:03:49.202Z]   Include Folder      = /local/S/jenkins/workspace/shared/Artifactory/Linux/rundev-master/202311130812/runtime/48b8229/runTime/include/Python311/Python
[2023-11-20T09:03:49.202Z]   Library             = /local/S/jenkins/workspace/shared/Artifactory/Linux/rundev-master/202311130812/runtime/48b8229/runTime/lib/libpython3.11.so.1.0
[2023-11-20T09:03:49.202Z]   site-package Folder = /local/S/jenkins/workspace/shared/Artifactory/Linux/rundev-master/202311130812/runtime/48b8229/runTime/lib/python3.11/site-packages
[2023-11-20T09:03:49.749Z] In workdir: /home/S/jenkins/workspace/ECP/ecg-maya-hydra/ecg-maya-hydra-branch-preflight-python3-linux/ecg-maya-hydra/maya-hydra
[2023-11-20T09:03:49.750Z] Executing: /local/S/jenkins/workspace/shared/Artifactory/Linux/rundev-master/202311130812/runtime/48b8229/runTime/bin/mayapy /home/S/jenkins/workspace/ECP/ecg-maya-hydra/ecg-maya-hydra-branch-preflight-python3-linux/ecg-maya-hydra/maya-hydra/build.py --generator Ninja --build-relwithdebug --maya-location /local/S/jenkins/workspace/shared/Artifactory/Linux/rundev-master/202311130812/runtime/48b8229/runTime --devkit-location /local/S/jenkins/workspace/shared/Artifactory/Linux/rundev-master/202311130812/runtime/48b8229/devkitBase --pxrusd-location /local/S/jenkins/workspace/shared/Artifactory/Linux/USD/1a43c47 --build-args=-DCMAKE_MAKE_PROGRAM=/local/S/jenkins/workspace/shared/Artifactory/Linux/ninja/1.10.2/9ab399b/ninja,-DPYTHON_INCLUDE_DIR=/local/S/jenkins/workspace/shared/Artifactory/Linux/rundev-master/202311130812/runtime/48b8229/runTime/include/Python311/Python,-DPython_EXECUTABLE=/local/S/jenkins/workspace/shared/Artifactory/Linux/rundev-master/202311130812/runtime/48b8229/runTime/bin/mayapy,-DPYTHON_LIBRARIES=/local/S/jenkins/workspace/shared/Artifactory/Linux/rundev-master/202311130812/runtime/48b8229/runTime/lib/libpython3.11.so.1.0,-DBUILD_WITH_PYTHON_3_VERSION=3.11,-DCMAKE_WANT_MATERIALX_BUILD=ON,-DCMAKE_PREFIX_PATH=/local/S/jenkins/workspace/shared/Artifactory/Linux/USD/1a43c47,-DMAYAHYDRA_BUILD_NUMBER=408,-DMAYAHYDRA_GIT_COMMIT=f304bd14b6553a3ed7269eed1d947a294567bf41,-DMAYAHYDRA_GIT_BRANCH=master '--ctest-args=--parallel 16' --stages=test --redirect-outstream-file=False --install-location /local/S/jenkins/workspace/ECP/ecg-maya-hydra/ecg-maya-hydra-branch-preflight-python3-linux/install/RelWithDebInfo/MayaHydra /local/S/jenkins/workspace/ECP/ecg-maya-hydra/ecg-maya-hydra-branch-preflight-python3-linux
[2023-11-20T09:03:49.750Z] Modified environment variables:
[2023-11-20T09:03:49.750Z]     LD_LIBRARY_PATH=/opt/rh/gcc-toolset-11/root/usr/lib64:/opt/rh/gcc-toolset-11/root/usr/lib64:/opt/rh/gcc-toolset-11/root/usr/lib:/opt/rh/gcc-toolset-11/root/usr/lib64/dyninst:/opt/rh/gcc-toolset-11/root/usr/lib/dyninst
[2023-11-20T09:03:49.750Z]     PATH=/local/S/jenkins/workspace/shared/Artifactory/Linux/cmake/3.20.3/ab685d7/bin:/opt/rh/gcc-toolset-11/root/usr/bin:/home/administrator/.local/bin:/home/administrator/bin:/usr/share/Modules/bin:/usr/local/bin:/usr/local/sbin:/usr/bin:/usr/sbin
[2023-11-20T09:03:49.750Z]     Test project /home/S/jenkins/workspace/ECP/ecg-maya-hydra/ecg-maya-hydra-branch-preflight-python3-linux/build/RelWithDebInfo
[2023-11-20T09:03:49.750Z]           Start  1: _Interactive_Maya
[2023-11-20T09:03:49.750Z]      1/20 Test  #1: _Interactive_Maya ...........................***Not Run (Disabled)   0.00 sec
[2023-11-20T09:03:49.750Z]           Start  2: testImageDiffing
[2023-11-20T09:03:49.750Z]           Start  3: testMtohCommand
[2023-11-20T09:03:49.750Z]           Start  4: testMeshes
[2023-11-20T09:03:49.750Z]           Start  5: testNamespaces
[2023-11-20T09:03:49.750Z]           Start  6: testVisibility
[2023-11-20T09:03:49.750Z]           Start  7: testRendererSwitching
[2023-11-20T09:03:49.750Z]           Start  8: testSceneBrowser
[2023-11-20T09:03:49.750Z]           Start  9: testStageAddPrim
[2023-11-20T09:03:49.750Z]           Start 10: testNewSceneWithStage
[2023-11-20T09:03:49.750Z]           Start 11: testDirectionalLights
[2023-11-20T09:03:49.750Z]           Start 12: testColorPreferences
[2023-11-20T09:03:49.750Z]           Start 13: testCppFramework
[2023-11-20T09:03:49.750Z]           Start 14: testMayaSceneFlattening
[2023-11-20T09:03:49.750Z]           Start 15: testMayaUsdUfeItems
[2023-11-20T09:03:49.750Z]           Start 16: testMergingSceneIndex
[2023-11-20T09:03:49.750Z]           Start 17: testSelectionSceneIndex
[2023-11-20T09:03:59.211Z]      2/20 Test #15: testMayaUsdUfeItems .........................   Passed    8.24 sec
[2023-11-20T09:03:59.211Z]           Start 18: testWireframeSelectionHighlightSceneIndex
[2023-11-20T09:03:59.211Z]      3/20 Test #10: testNewSceneWithStage .......................   Passed    8.30 sec
[2023-11-20T09:03:59.211Z]           Start 19: testFlowViewportAPIViewportInformation
[2023-11-20T09:03:59.211Z]      4/20 Test #11: testDirectionalLights .......................   Passed    8.34 sec
[2023-11-20T09:03:59.211Z]           Start 20: testMeshes_meshAdapter
[2023-11-20T09:03:59.211Z]      5/20 Test  #9: testStageAddPrim ............................   Passed    8.38 sec
[2023-11-20T09:03:59.211Z]      6/20 Test  #8: testSceneBrowser ............................   Passed    8.66 sec
[2023-11-20T09:03:59.211Z]      7/20 Test  #4: testMeshes ..................................   Passed    8.92 sec
[2023-11-20T09:03:59.211Z]      8/20 Test  #5: testNamespaces ..............................   Passed    8.96 sec
[2023-11-20T09:03:59.211Z]      9/20 Test #16: testMergingSceneIndex .......................   Passed    9.09 sec
[2023-11-20T09:03:59.211Z]     10/20 Test #12: testColorPreferences ........................   Passed    9.14 sec
[2023-11-20T09:03:59.211Z]     11/20 Test #17: testSelectionSceneIndex .....................   Passed    9.17 sec
[2023-11-20T09:03:59.211Z]     12/20 Test  #3: testMtohCommand .............................   Passed    9.22 sec
[2023-11-20T09:03:59.211Z]     13/20 Test #13: testCppFramework ............................   Passed    9.24 sec
[2023-11-20T09:03:59.211Z]     14/20 Test #14: testMayaSceneFlattening .....................   Passed    9.41 sec
[2023-11-20T09:03:59.211Z]     15/20 Test  #7: testRendererSwitching .......................   Passed    9.59 sec
[2023-11-20T09:03:59.752Z]     16/20 Test  #2: testImageDiffing ............................   Passed    9.73 sec
[2023-11-20T09:04:00.293Z]     17/20 Test  #6: testVisibility ..............................   Passed   10.47 sec
[2023-11-20T09:04:04.523Z]     18/20 Test #18: testWireframeSelectionHighlightSceneIndex ...   Passed    6.35 sec
[2023-11-20T09:04:04.523Z]     19/20 Test #20: testMeshes_meshAdapter ......................   Passed    6.53 sec
[2023-11-20T09:04:05.064Z]     20/20 Test #19: testFlowViewportAPIViewportInformation ......   Passed    6.83 sec
[2023-11-20T09:04:05.064Z]     
[2023-11-20T09:04:05.064Z]     100% tests passed, 0 tests failed out of 19
[2023-11-20T09:04:05.064Z]     
[2023-11-20T09:04:05.064Z]     Label Time Summary:
[2023-11-20T09:04:05.064Z]     Debugging      =   0.00 sec*proc (1 test)
[2023-11-20T09:04:05.064Z]     interactive    = 164.55 sec*proc (19 tests)
[2023-11-20T09:04:05.064Z]     mayaHydra      = 164.55 sec*proc (19 tests)
[2023-11-20T09:04:05.064Z]     
[2023-11-20T09:04:05.064Z]     Total Test time (real) =  15.14 sec
[2023-11-20T09:04:05.064Z]     
[2023-11-20T09:04:05.064Z]     The following tests did not run:
[2023-11-20T09:04:05.064Z]     	  1 - _Interactive_Maya (Disabled)
[2023-11-20T09:04:05.064Z]     
[2023-11-20T09:04:05.064Z]         Building with settings:
[2023-11-20T09:04:05.064Z]           Source directory          /home/S/jenkins/workspace/ECP/ecg-maya-hydra/ecg-maya-hydra-branch-preflight-python3-linux/ecg-maya-hydra/maya-hydra
[2023-11-20T09:04:05.064Z]           Workspace directory       /local/S/jenkins/workspace/ECP/ecg-maya-hydra/ecg-maya-hydra-branch-preflight-python3-linux
[2023-11-20T09:04:05.064Z]           Build directory           /local/S/jenkins/workspace/ECP/ecg-maya-hydra/ecg-maya-hydra-branch-preflight-python3-linux/build/RelWithDebInfo
[2023-11-20T09:04:05.064Z]           Install directory         /local/S/jenkins/workspace/ECP/ecg-maya-hydra/ecg-maya-hydra-branch-preflight-python3-linux/install/RelWithDebInfo/MayaHydra
[2023-11-20T09:04:05.064Z]           Variant                   RelWithDebInfo
[2023-11-20T09:04:05.064Z]           Python Debug              Off
[2023-11-20T09:04:05.064Z]           CMake generator           Ninja
[2023-11-20T09:04:05.064Z]           Build arguments           ['-DCMAKE_MAKE_PROGRAM=/local/S/jenkins/workspace/shared/Artifactory/Linux/ninja/1.10.2/9ab399b/ninja', '-DPYTHON_INCLUDE_DIR=/local/S/jenkins/workspace/shared/Artifactory/Linux/rundev-master/202311130812/runtime/48b8229/runTime/include/Python311/Python', '-DPython_EXECUTABLE=/local/S/jenkins/workspace/shared/Artifactory/Linux/rundev-master/202311130812/runtime/48b8229/runTime/bin/mayapy', '-DPYTHON_LIBRARIES=/local/S/jenkins/workspace/shared/Artifactory/Linux/rundev-master/202311130812/runtime/48b8229/runTime/lib/libpython3.11.so.1.0', '-DBUILD_WITH_PYTHON_3_VERSION=3.11', '-DCMAKE_WANT_MATERIALX_BUILD=ON', '-DCMAKE_PREFIX_PATH=/local/S/jenkins/workspace/shared/Artifactory/Linux/USD/1a43c47', '-DMAYAHYDRA_BUILD_NUMBER=408', '-DMAYAHYDRA_GIT_COMMIT=f304bd14b6553a3ed7269eed1d947a294567bf41', '-DMAYAHYDRA_GIT_BRANCH=master']
[2023-11-20T09:04:05.064Z]           Stages arguments          ['test']
[2023-11-20T09:04:05.064Z]           CTest arguments           ['--parallel 16']
[2023-11-20T09:04:05.064Z]     Success running MayaHydra tests !!!!
[Pipeline] }
[Pipeline] // withEnv
[Pipeline] }
[Pipeline] // timeout
[Pipeline] }
[Pipeline] // stage
[Pipeline] }
[Pipeline] // timestamps
[Pipeline] timestamps
[Pipeline] {
[Pipeline] stage
[Pipeline] { (Cleanup)
[Pipeline] timeout
[2023-11-20T09:04:05.423Z] Timeout set to expire in 6 hr 0 min
[Pipeline] {
[Pipeline] withEnv
[Pipeline] {
[Pipeline] sh
[2023-11-20T09:04:06.531Z] + scl enable gcc-toolset-11 -
[2023-11-20T09:04:06.531Z] + '[' enable = load -o enable = unload ']'
[2023-11-20T09:04:06.531Z] + /usr/bin/scl enable gcc-toolset-11 -
[2023-11-20T09:04:06.531Z] python ecg-maya-hydra/build.py --stages=cleanup --workspace-dir=/local/S/jenkins/workspace/ECP/ecg-maya-hydra/ecg-maya-hydra-branch-preflight-python3-linux --artifactory-dir=/local/S/jenkins/workspace/shared/Artifactory --build-dir=/local/S/jenkins/workspace/ECP/ecg-maya-hydra/ecg-maya-hydra-branch-preflight-python3-linux/build --install-dir=/local/S/jenkins/workspace/ECP/ecg-maya-hydra/ecg-maya-hydra-branch-preflight-python3-linux/install --signing-dir=/local/S/jenkins/workspace/ECP/ecg-maya-hydra/ecg-maya-hydra-branch-preflight-python3-linux/signing --package-dir=/local/S/jenkins/workspace/ECP/ecg-maya-hydra/ecg-maya-hydra-branch-preflight-python3-linux/package --output-dir=/local/S/jenkins/workspace/ECP/ecg-maya-hydra/ecg-maya-hydra-branch-preflight-python3-linux/output --stash-dir=/local/S/jenkins/workspace/ECP/ecg-maya-hydra/ecg-maya-hydra-branch-preflight-python3-linux/stash --jenkins-build=408 --git-commit=f304bd14b6553a3ed7269eed1d947a294567bf41 --git-branch=master --variants=Debug --interactive-tests=true --post-zips=false --osx-binary-architecture-target=ub2 --osx-deployment-target=11.0 --osx-base-sdk=CurrentActiveSDK --maya-cut-config=maya-rundev-master-debug.yaml --maya-package=rundev-master-debug --stage-banner
[2023-11-20T09:04:06.531Z] Using Maya cut from /local/S/jenkins/workspace/shared/Artifactory/Linux/rundev-master-debug/202311130621/runtime/fb61367
[2023-11-20T09:04:06.531Z] 
[2023-11-20T09:04:06.531Z] ================================================================================
[2023-11-20T09:04:06.531Z]                                cleanup (Finalize)
[2023-11-20T09:04:06.531Z] ================================================================================
[2023-11-20T09:04:06.531Z] Cleaning up workspace
[2023-11-20T09:04:06.531Z] Removing directory: /local/S/jenkins/workspace/ECP/ecg-maya-hydra/ecg-maya-hydra-branch-preflight-python3-linux/build
[2023-11-20T09:04:06.749Z] Removing directory: /local/S/jenkins/workspace/ECP/ecg-maya-hydra/ecg-maya-hydra-branch-preflight-python3-linux/install
[Pipeline] sh
[2023-11-20T09:04:07.823Z] + scl enable gcc-toolset-11 -
[2023-11-20T09:04:07.823Z] + '[' enable = load -o enable = unload ']'
[2023-11-20T09:04:07.823Z] + /usr/bin/scl enable gcc-toolset-11 -
[2023-11-20T09:04:07.823Z] python ecg-maya-hydra/build.py --stages=cleanup --workspace-dir=/local/S/jenkins/workspace/ECP/ecg-maya-hydra/ecg-maya-hydra-branch-preflight-python3-linux --artifactory-dir=/local/S/jenkins/workspace/shared/Artifactory --build-dir=/local/S/jenkins/workspace/ECP/ecg-maya-hydra/ecg-maya-hydra-branch-preflight-python3-linux/build --install-dir=/local/S/jenkins/workspace/ECP/ecg-maya-hydra/ecg-maya-hydra-branch-preflight-python3-linux/install --signing-dir=/local/S/jenkins/workspace/ECP/ecg-maya-hydra/ecg-maya-hydra-branch-preflight-python3-linux/signing --package-dir=/local/S/jenkins/workspace/ECP/ecg-maya-hydra/ecg-maya-hydra-branch-preflight-python3-linux/package --output-dir=/local/S/jenkins/workspace/ECP/ecg-maya-hydra/ecg-maya-hydra-branch-preflight-python3-linux/output --stash-dir=/local/S/jenkins/workspace/ECP/ecg-maya-hydra/ecg-maya-hydra-branch-preflight-python3-linux/stash --jenkins-build=408 --git-commit=f304bd14b6553a3ed7269eed1d947a294567bf41 --git-branch=master --variants=RelWithDebInfo --interactive-tests=true --post-zips=false --osx-binary-architecture-target=ub2 --osx-deployment-target=11.0 --osx-base-sdk=CurrentActiveSDK --maya-cut-config=maya-rundev-master.yaml --maya-package=rundev-master --stage-banner
[2023-11-20T09:04:07.823Z] Using Maya cut from /local/S/jenkins/workspace/shared/Artifactory/Linux/rundev-master/202311130812/runtime/48b8229
[2023-11-20T09:04:07.823Z] 
[2023-11-20T09:04:07.823Z] ================================================================================
[2023-11-20T09:04:07.823Z]                                cleanup (Finalize)
[2023-11-20T09:04:07.823Z] ================================================================================
[2023-11-20T09:04:07.823Z] Cleaning up workspace
[Pipeline] }
[Pipeline] // withEnv
[Pipeline] }
[Pipeline] // timeout
[Pipeline] }
[Pipeline] // stage
[Pipeline] }
[Pipeline] // timestamps
[Pipeline] }
[Pipeline] // node
[Pipeline] End of Pipeline
[Checks API] No suitable checks publisher found.
Finished: SUCCESS
