[2023-11-20T09:21:12.762Z] ================================================================================
[2023-11-20T09:21:12.762Z]                                  setup (Debug)
[2023-11-20T09:21:12.762Z] ================================================================================
[Pipeline] sh
[2023-11-20T09:21:14.083Z] + scl enable gcc-toolset-11 -
[2023-11-20T09:21:14.083Z] + '[' enable = load -o enable = unload ']'
[2023-11-20T09:21:14.083Z] + /usr/bin/scl enable gcc-toolset-11 -
[2023-11-20T09:21:14.083Z] python ecg-maya-hydra/build.py --stages=setup --workspace-dir=/local/S/jenkins/workspace/ECP/ecg-maya-hydra/ecg-maya-hydra-branch-preflight-python3-linux --artifactory-dir=/local/S/jenkins/workspace/shared/Artifactory --build-dir=/local/S/jenkins/workspace/ECP/ecg-maya-hydra/ecg-maya-hydra-branch-preflight-python3-linux/build --install-dir=/local/S/jenkins/workspace/ECP/ecg-maya-hydra/ecg-maya-hydra-branch-preflight-python3-linux/install --signing-dir=/local/S/jenkins/workspace/ECP/ecg-maya-hydra/ecg-maya-hydra-branch-preflight-python3-linux/signing --package-dir=/local/S/jenkins/workspace/ECP/ecg-maya-hydra/ecg-maya-hydra-branch-preflight-python3-linux/package --output-dir=/local/S/jenkins/workspace/ECP/ecg-maya-hydra/ecg-maya-hydra-branch-preflight-python3-linux/output --stash-dir=/local/S/jenkins/workspace/ECP/ecg-maya-hydra/ecg-maya-hydra-branch-preflight-python3-linux/stash --jenkins-build=409 --git-commit=718e8e6b3be7d1b2da5c723cb67dbc73b14509ea --git-branch=master --variants=RelWithDebInfo --interactive-tests=true --post-zips=false --osx-binary-architecture-target=ub2 --osx-deployment-target=11.0 --osx-base-sdk=CurrentActiveSDK --extra-license-file=ecg-maya-hydra/jenkins-o03-cot/melicense.lic --prune-versions=3 --prune-revisions=3 --maya-cut-config=maya-rundev-master.yaml --maya-package=rundev-master --stage-banner --prune-artifacts --force-pruning
[2023-11-20T09:21:14.083Z] Getting rundev-master download URL from Maya SHA-1 hash
[2023-11-20T09:21:14.083Z] Finding Artifactory servers response times
[2023-11-20T09:21:16.590Z] [VERBOSE] Start loading URL (CURL): https://art-bear.autodesk.com/artifactory/api/system/ping
[2023-11-20T09:21:16.590Z] [DEBUG] Running: /usr/bin/curl -s -X GET --keepalive-time 10 --connect-timeout 60 --speed-limit 10000 --speed-time 120 --max-time 3600 --retry 5 --retry-max-time 2400 -H Connection:close https://art-bear.autodesk.com/artifactory/api/system/ping
[2023-11-20T09:21:16.590Z] [DEBUG] Output:
[2023-11-20T09:21:16.590Z] OK
[2023-11-20T09:21:16.590Z] [VERBOSE] End loading URL (CURL): https://art-bear.autodesk.com/artifactory/api/system/ping
[2023-11-20T09:21:16.590Z] [VERBOSE] Start loading URL (CURL): https://art-marmotte.autodesk.com/artifactory/api/system/ping
[2023-11-20T09:21:16.590Z] [DEBUG] Running: /usr/bin/curl -s -X GET --keepalive-time 10 --connect-timeout 60 --speed-limit 10000 --speed-time 120 --max-time 3600 --retry 5 --retry-max-time 2400 -H Connection:close https://art-marmotte.autodesk.com/artifactory/api/system/ping
[2023-11-20T09:21:16.590Z] [DEBUG] Output:
[2023-11-20T09:21:16.590Z] OK
[2023-11-20T09:21:16.590Z] [VERBOSE] End loading URL (CURL): https://art-marmotte.autodesk.com/artifactory/api/system/ping
[2023-11-20T09:21:16.590Z] [VERBOSE] Start loading URL (CURL): https://art-bobcat.autodesk.com/artifactory/api/system/ping
[2023-11-20T09:21:16.590Z] [DEBUG] Running: /usr/bin/curl -s -X GET --keepalive-time 10 --connect-timeout 60 --speed-limit 10000 --speed-time 120 --max-time 3600 --retry 5 --retry-max-time 2400 -H Connection:close https://art-bobcat.autodesk.com/artifactory/api/system/ping
[2023-11-20T09:21:16.590Z] [DEBUG] Output:
[2023-11-20T09:21:16.590Z] OK
[2023-11-20T09:21:16.590Z] [VERBOSE] End loading URL (CURL): https://art-bobcat.autodesk.com/artifactory/api/system/ping
[2023-11-20T09:21:16.590Z] [VERBOSE] Start loading URL (CURL): https://art-bear.autodesk.com/artifactory/api/search/checksum?repos=autodesk-3p-generic,adsk-build-tools-generic,team-ecg-generic,team-maya-generic,oss-stg-generic&sha1=48b82298c06eaf2c74970418eeb9a87d644b4f3c
[2023-11-20T09:21:16.590Z] [DEBUG] Running: /usr/bin/curl -s -X GET --keepalive-time 10 --connect-timeout 60 --speed-limit 10000 --speed-time 120 --max-time 3600 --retry 5 --retry-max-time 2400 -H Connection:close -H Authorization:Basic ZWNnYmlmcm9zdDpvcGUqKjAw https://art-bear.autodesk.com/artifactory/api/search/checksum?repos=autodesk-3p-generic,adsk-build-tools-generic,team-ecg-generic,team-maya-generic,oss-stg-generic&sha1=48b82298c06eaf2c74970418eeb9a87d644b4f3c
[2023-11-20T09:21:16.590Z] [DEBUG] Output:
[2023-11-20T09:21:16.590Z] {
[2023-11-20T09:21:16.590Z]   "results" : [ {
[2023-11-20T09:21:16.590Z]     "uri" : "https://art-bear.autodesk.com:443/artifactory/api/storage/team-maya-generic/Maya/master/plnx/2023-11-13-08-12_72bdc70acd/202311130812-72bdc70acd-RUNDEV.tgz"
[2023-11-20T09:21:16.590Z]   } ]
[2023-11-20T09:21:16.590Z] }
[2023-11-20T09:21:16.590Z] [VERBOSE] End loading URL (CURL): https://art-bear.autodesk.com/artifactory/api/search/checksum?repos=autodesk-3p-generic,adsk-build-tools-generic,team-ecg-generic,team-maya-generic,oss-stg-generic&sha1=48b82298c06eaf2c74970418eeb9a87d644b4f3c
[2023-11-20T09:21:16.590Z] [VERBOSE] Start loading URL (CURL): https://art-bear.autodesk.com:443/artifactory/api/storage/team-maya-generic/Maya/master/plnx/2023-11-13-08-12_72bdc70acd/202311130812-72bdc70acd-RUNDEV.tgz
[2023-11-20T09:21:16.590Z] [DEBUG] Running: /usr/bin/curl -s -X GET --keepalive-time 10 --connect-timeout 60 --speed-limit 10000 --speed-time 120 --max-time 3600 --retry 5 --retry-max-time 2400 -H Connection:close -H Authorization:Basic ZWNnYmlmcm9zdDpvcGUqKjAw https://art-bear.autodesk.com:443/artifactory/api/storage/team-maya-generic/Maya/master/plnx/2023-11-13-08-12_72bdc70acd/202311130812-72bdc70acd-RUNDEV.tgz
[2023-11-20T09:21:16.590Z] [DEBUG] Output:
[2023-11-20T09:21:16.590Z] {
[2023-11-20T09:21:16.590Z]   "repo" : "team-maya-generic",
[2023-11-20T09:21:16.590Z]   "path" : "/Maya/master/plnx/2023-11-13-08-12_72bdc70acd/202311130812-72bdc70acd-RUNDEV.tgz",
[2023-11-20T09:21:16.590Z]   "created" : "2023-11-13T13:10:31.649-05:00",
[2023-11-20T09:21:16.590Z]   "createdBy" : "token:art-bear.autodesk.com",
[2023-11-20T09:21:16.590Z]   "lastModified" : "2023-11-13T13:10:25.412-05:00",
[2023-11-20T09:21:16.590Z]   "modifiedBy" : "token:art-bear.autodesk.com",
[2023-11-20T09:21:16.590Z]   "lastUpdated" : "2023-11-13T13:10:31.650-05:00",
[2023-11-20T09:21:16.590Z]   "downloadUri" : "https://art-bear.autodesk.com:443/artifactory/team-maya-generic/Maya/master/plnx/2023-11-13-08-12_72bdc70acd/202311130812-72bdc70acd-RUNDEV.tgz",
[2023-11-20T09:21:16.590Z]   "mimeType" : "application/x-gzip",
[2023-11-20T09:21:16.590Z]   "size" : "2658637657",
[2023-11-20T09:21:16.590Z]   "checksums" : {
[2023-11-20T09:21:16.590Z]     "sha1" : "48b82298c06eaf2c74970418eeb9a87d644b4f3c",
[2023-11-20T09:21:16.590Z]     "md5" : "229ebf6ef8a97883913e0d9a148768a3",
[2023-11-20T09:21:16.590Z]     "sha256" : "cce53c6cd434f001b86a4f40c51ba67b276c3888be1e4023e30b97880853815e"
[2023-11-20T09:21:16.590Z]   },
[2023-11-20T09:21:16.590Z]   "originalChecksums" : {
[2023-11-20T09:21:16.590Z]     "sha1" : "48b82298c06eaf2c74970418eeb9a87d644b4f3c",
[2023-11-20T09:21:16.590Z]     "md5" : "229ebf6ef8a97883913e0d9a148768a3",
[2023-11-20T09:21:16.590Z]     "sha256" : "cce53c6cd434f001b86a4f40c51ba67b276c3888be1e4023e30b97880853815e"
[2023-11-20T09:21:16.590Z]   },
[2023-11-20T09:21:16.590Z]   "uri" : "https://art-bear.autodesk.com:443/artifactory/api/storage/team-maya-generic/Maya/master/plnx/2023-11-13-08-12_72bdc70acd/202311130812-72bdc70acd-RUNDEV.tgz"
[2023-11-20T09:21:16.590Z] }
[2023-11-20T09:21:16.590Z] [VERBOSE] End loading URL (CURL): https://art-bear.autodesk.com:443/artifactory/api/storage/team-maya-generic/Maya/master/plnx/2023-11-13-08-12_72bdc70acd/202311130812-72bdc70acd-RUNDEV.tgz
[2023-11-20T09:21:16.590Z] Using Maya cut from /local/S/jenkins/workspace/shared/Artifactory/Linux/rundev-master/202311130812/runtime/48b8229
[2023-11-20T09:21:16.590Z] 
[2023-11-20T09:21:16.590Z] ================================================================================
[2023-11-20T09:21:16.590Z]                              setup (RelWithDebInfo)
[2023-11-20T09:21:16.590Z] ================================================================================
[Pipeline] }
[Pipeline] // withEnv
[Pipeline] }
[Pipeline] // timeout
[Pipeline] }
[Pipeline] // stage
[Pipeline] }
[Pipeline] // timestamps
[Pipeline] timestamps
[Pipeline] {
[Pipeline] stage
[Pipeline] { (Clean)
[Pipeline] timeout
[2023-11-20T09:21:16.936Z] Timeout set to expire in 6 hr 0 min
[Pipeline] {
[Pipeline] withEnv
[Pipeline] {
[Pipeline] sh
[2023-11-20T09:21:18.031Z] + scl enable gcc-toolset-11 -
[2023-11-20T09:21:18.031Z] + '[' enable = load -o enable = unload ']'
[2023-11-20T09:21:18.031Z] + /usr/bin/scl enable gcc-toolset-11 -
[2023-11-20T09:21:18.031Z] python ecg-maya-hydra/build.py --stages=clean --workspace-dir=/local/S/jenkins/workspace/ECP/ecg-maya-hydra/ecg-maya-hydra-branch-preflight-python3-linux --artifactory-dir=/local/S/jenkins/workspace/shared/Artifactory --build-dir=/local/S/jenkins/workspace/ECP/ecg-maya-hydra/ecg-maya-hydra-branch-preflight-python3-linux/build --install-dir=/local/S/jenkins/workspace/ECP/ecg-maya-hydra/ecg-maya-hydra-branch-preflight-python3-linux/install --signing-dir=/local/S/jenkins/workspace/ECP/ecg-maya-hydra/ecg-maya-hydra-branch-preflight-python3-linux/signing --package-dir=/local/S/jenkins/workspace/ECP/ecg-maya-hydra/ecg-maya-hydra-branch-preflight-python3-linux/package --output-dir=/local/S/jenkins/workspace/ECP/ecg-maya-hydra/ecg-maya-hydra-branch-preflight-python3-linux/output --stash-dir=/local/S/jenkins/workspace/ECP/ecg-maya-hydra/ecg-maya-hydra-branch-preflight-python3-linux/stash --jenkins-build=409 --git-commit=718e8e6b3be7d1b2da5c723cb67dbc73b14509ea --git-branch=master --variants=Debug --interactive-tests=true --post-zips=false --osx-binary-architecture-target=ub2 --osx-deployment-target=11.0 --osx-base-sdk=CurrentActiveSDK --maya-cut-config=maya-rundev-master-debug.yaml --maya-package=rundev-master-debug --stage-banner
[2023-11-20T09:21:18.031Z] Using Maya cut from /local/S/jenkins/workspace/shared/Artifactory/Linux/rundev-master-debug/202311130621/runtime/fb61367
[2023-11-20T09:21:18.031Z] 
[2023-11-20T09:21:18.031Z] ================================================================================
[2023-11-20T09:21:18.031Z]                                  clean (Debug)
[2023-11-20T09:21:18.031Z] ================================================================================
[2023-11-20T09:21:18.031Z] Maya Python Debug Info:
[2023-11-20T09:21:18.031Z]   mayapy executable   = /local/S/jenkins/workspace/shared/Artifactory/Linux/rundev-master-debug/202311130621/runtime/fb61367/runTime/bin/mayapy
[2023-11-20T09:21:18.031Z]   Include Folder      = /local/S/jenkins/workspace/shared/Artifactory/Linux/rundev-master-debug/202311130621/runtime/fb61367/runTime/include/Python311/Python
[2023-11-20T09:21:18.031Z]   Library             = /local/S/jenkins/workspace/shared/Artifactory/Linux/rundev-master-debug/202311130621/runtime/fb61367/runTime/lib/libpython3.11d.so.1.0
[2023-11-20T09:21:18.031Z]   site-package Folder = /local/S/jenkins/workspace/shared/Artifactory/Linux/rundev-master-debug/202311130621/runtime/fb61367/runTime/lib/python3.11/site-packages
[2023-11-20T09:21:19.163Z] In workdir: /home/S/jenkins/workspace/ECP/ecg-maya-hydra/ecg-maya-hydra-branch-preflight-python3-linux/ecg-maya-hydra/maya-hydra
[2023-11-20T09:21:19.163Z] Executing: /local/S/jenkins/workspace/shared/Artifactory/Linux/rundev-master-debug/202311130621/runtime/fb61367/runTime/bin/mayapy /home/S/jenkins/workspace/ECP/ecg-maya-hydra/ecg-maya-hydra-branch-preflight-python3-linux/ecg-maya-hydra/maya-hydra/build.py --generator Ninja --build-debug --maya-location /local/S/jenkins/workspace/shared/Artifactory/Linux/rundev-master-debug/202311130621/runtime/fb61367/runTime --devkit-location /local/S/jenkins/workspace/shared/Artifactory/Linux/rundev-master-debug/202311130621/runtime/fb61367/devkitBase --pxrusd-location /local/S/jenkins/workspace/shared/Artifactory/Linux/USD/e5ad5df --build-args=-DCMAKE_MAKE_PROGRAM=/local/S/jenkins/workspace/shared/Artifactory/Linux/ninja/1.10.2/9ab399b/ninja,-DPYTHON_INCLUDE_DIR=/local/S/jenkins/workspace/shared/Artifactory/Linux/rundev-master-debug/202311130621/runtime/fb61367/runTime/include/Python311/Python,-DPython_EXECUTABLE=/local/S/jenkins/workspace/shared/Artifactory/Linux/rundev-master-debug/202311130621/runtime/fb61367/runTime/bin/mayapy,-DPYTHON_LIBRARIES=/local/S/jenkins/workspace/shared/Artifactory/Linux/rundev-master-debug/202311130621/runtime/fb61367/runTime/lib/libpython3.11d.so.1.0,-DBUILD_WITH_PYTHON_3_VERSION=3.11,-DCMAKE_WANT_MATERIALX_BUILD=ON,-DCMAKE_PREFIX_PATH=/local/S/jenkins/workspace/shared/Artifactory/Linux/USD/e5ad5df,-DMAYAHYDRA_BUILD_NUMBER=409,-DMAYAHYDRA_GIT_COMMIT=718e8e6b3be7d1b2da5c723cb67dbc73b14509ea,-DMAYAHYDRA_GIT_BRANCH=master --debug-python '--ctest-args=--parallel 16' --stages=clean --redirect-outstream-file=False --install-location /local/S/jenkins/workspace/ECP/ecg-maya-hydra/ecg-maya-hydra-branch-preflight-python3-linux/install/Debug/MayaHydra /local/S/jenkins/workspace/ECP/ecg-maya-hydra/ecg-maya-hydra-branch-preflight-python3-linux
[2023-11-20T09:21:19.163Z] Modified environment variables:
[2023-11-20T09:21:19.163Z]     LD_LIBRARY_PATH=/opt/rh/gcc-toolset-11/root/usr/lib64:/opt/rh/gcc-toolset-11/root/usr/lib64:/opt/rh/gcc-toolset-11/root/usr/lib:/opt/rh/gcc-toolset-11/root/usr/lib64/dyninst:/opt/rh/gcc-toolset-11/root/usr/lib/dyninst
[2023-11-20T09:21:19.163Z]     PATH=/local/S/jenkins/workspace/shared/Artifactory/Linux/cmake/3.20.3/ab685d7/bin:/opt/rh/gcc-toolset-11/root/usr/bin:/home/administrator/.local/bin:/home/administrator/bin:/usr/share/Modules/bin:/usr/local/bin:/usr/local/sbin:/usr/bin:/usr/sbin
[2023-11-20T09:21:19.163Z]     
[2023-11-20T09:21:19.163Z]         Building with settings:
[2023-11-20T09:21:19.163Z]           Source directory          /home/S/jenkins/workspace/ECP/ecg-maya-hydra/ecg-maya-hydra-branch-preflight-python3-linux/ecg-maya-hydra/maya-hydra
[2023-11-20T09:21:19.163Z]           Workspace directory       /local/S/jenkins/workspace/ECP/ecg-maya-hydra/ecg-maya-hydra-branch-preflight-python3-linux
[2023-11-20T09:21:19.163Z]           Build directory           /local/S/jenkins/workspace/ECP/ecg-maya-hydra/ecg-maya-hydra-branch-preflight-python3-linux/build/Debug
[2023-11-20T09:21:19.163Z]           Install directory         /local/S/jenkins/workspace/ECP/ecg-maya-hydra/ecg-maya-hydra-branch-preflight-python3-linux/install/Debug/MayaHydra
[2023-11-20T09:21:19.163Z]           Variant                   Debug
[2023-11-20T09:21:19.163Z]           Python Debug              On
[2023-11-20T09:21:19.163Z]           CMake generator           Ninja
[2023-11-20T09:21:19.163Z]           Build arguments           ['-DCMAKE_MAKE_PROGRAM=/local/S/jenkins/workspace/shared/Artifactory/Linux/ninja/1.10.2/9ab399b/ninja', '-DPYTHON_INCLUDE_DIR=/local/S/jenkins/workspace/shared/Artifactory/Linux/rundev-master-debug/202311130621/runtime/fb61367/runTime/include/Python311/Python', '-DPython_EXECUTABLE=/local/S/jenkins/workspace/shared/Artifactory/Linux/rundev-master-debug/202311130621/runtime/fb61367/runTime/bin/mayapy', '-DPYTHON_LIBRARIES=/local/S/jenkins/workspace/shared/Artifactory/Linux/rundev-master-debug/202311130621/runtime/fb61367/runTime/lib/libpython3.11d.so.1.0', '-DBUILD_WITH_PYTHON_3_VERSION=3.11', '-DCMAKE_WANT_MATERIALX_BUILD=ON', '-DCMAKE_PREFIX_PATH=/local/S/jenkins/workspace/shared/Artifactory/Linux/USD/e5ad5df', '-DMAYAHYDRA_BUILD_NUMBER=409', '-DMAYAHYDRA_GIT_COMMIT=718e8e6b3be7d1b2da5c723cb67dbc73b14509ea', '-DMAYAHYDRA_GIT_BRANCH=master']
[2023-11-20T09:21:19.163Z]           Stages arguments          ['clean']
[2023-11-20T09:21:19.163Z]           CTest arguments           ['--parallel 16']
[2023-11-20T09:21:19.163Z]     Success MayaHydra build and install !!!!
[2023-11-20T09:21:19.163Z]     Elapsed time: 00:00:00
[Pipeline] sh
[2023-11-20T09:21:20.458Z] + scl enable gcc-toolset-11 -
[2023-11-20T09:21:20.458Z] + '[' enable = load -o enable = unload ']'
[2023-11-20T09:21:20.458Z] + /usr/bin/scl enable gcc-toolset-11 -
[2023-11-20T09:21:20.458Z] python ecg-maya-hydra/build.py --stages=clean --workspace-dir=/local/S/jenkins/workspace/ECP/ecg-maya-hydra/ecg-maya-hydra-branch-preflight-python3-linux --artifactory-dir=/local/S/jenkins/workspace/shared/Artifactory --build-dir=/local/S/jenkins/workspace/ECP/ecg-maya-hydra/ecg-maya-hydra-branch-preflight-python3-linux/build --install-dir=/local/S/jenkins/workspace/ECP/ecg-maya-hydra/ecg-maya-hydra-branch-preflight-python3-linux/install --signing-dir=/local/S/jenkins/workspace/ECP/ecg-maya-hydra/ecg-maya-hydra-branch-preflight-python3-linux/signing --package-dir=/local/S/jenkins/workspace/ECP/ecg-maya-hydra/ecg-maya-hydra-branch-preflight-python3-linux/package --output-dir=/local/S/jenkins/workspace/ECP/ecg-maya-hydra/ecg-maya-hydra-branch-preflight-python3-linux/output --stash-dir=/local/S/jenkins/workspace/ECP/ecg-maya-hydra/ecg-maya-hydra-branch-preflight-python3-linux/stash --jenkins-build=409 --git-commit=718e8e6b3be7d1b2da5c723cb67dbc73b14509ea --git-branch=master --variants=RelWithDebInfo --interactive-tests=true --post-zips=false --osx-binary-architecture-target=ub2 --osx-deployment-target=11.0 --osx-base-sdk=CurrentActiveSDK --maya-cut-config=maya-rundev-master.yaml --maya-package=rundev-master --stage-banner
[2023-11-20T09:21:20.458Z] Using Maya cut from /local/S/jenkins/workspace/shared/Artifactory/Linux/rundev-master/202311130812/runtime/48b8229
[2023-11-20T09:21:20.458Z] 
[2023-11-20T09:21:20.458Z] ================================================================================
[2023-11-20T09:21:20.458Z]                              clean (RelWithDebInfo)
[2023-11-20T09:21:20.458Z] ================================================================================
[2023-11-20T09:21:20.458Z] Maya Python RelWithDebInfo Info:
[2023-11-20T09:21:20.458Z]   mayapy executable   = /local/S/jenkins/workspace/shared/Artifactory/Linux/rundev-master/202311130812/runtime/48b8229/runTime/bin/mayapy
[2023-11-20T09:21:20.459Z]   Include Folder      = /local/S/jenkins/workspace/shared/Artifactory/Linux/rundev-master/202311130812/runtime/48b8229/runTime/include/Python311/Python
[2023-11-20T09:21:20.459Z]   Library             = /local/S/jenkins/workspace/shared/Artifactory/Linux/rundev-master/202311130812/runtime/48b8229/runTime/lib/libpython3.11.so.1.0
[2023-11-20T09:21:20.459Z]   site-package Folder = /local/S/jenkins/workspace/shared/Artifactory/Linux/rundev-master/202311130812/runtime/48b8229/runTime/lib/python3.11/site-packages
[2023-11-20T09:21:21.000Z] In workdir: /home/S/jenkins/workspace/ECP/ecg-maya-hydra/ecg-maya-hydra-branch-preflight-python3-linux/ecg-maya-hydra/maya-hydra
[2023-11-20T09:21:21.000Z] Executing: /local/S/jenkins/workspace/shared/Artifactory/Linux/rundev-master/202311130812/runtime/48b8229/runTime/bin/mayapy /home/S/jenkins/workspace/ECP/ecg-maya-hydra/ecg-maya-hydra-branch-preflight-python3-linux/ecg-maya-hydra/maya-hydra/build.py --generator Ninja --build-relwithdebug --maya-location /local/S/jenkins/workspace/shared/Artifactory/Linux/rundev-master/202311130812/runtime/48b8229/runTime --devkit-location /local/S/jenkins/workspace/shared/Artifactory/Linux/rundev-master/202311130812/runtime/48b8229/devkitBase --pxrusd-location /local/S/jenkins/workspace/shared/Artifactory/Linux/USD/1a43c47 --build-args=-DCMAKE_MAKE_PROGRAM=/local/S/jenkins/workspace/shared/Artifactory/Linux/ninja/1.10.2/9ab399b/ninja,-DPYTHON_INCLUDE_DIR=/local/S/jenkins/workspace/shared/Artifactory/Linux/rundev-master/202311130812/runtime/48b8229/runTime/include/Python311/Python,-DPython_EXECUTABLE=/local/S/jenkins/workspace/shared/Artifactory/Linux/rundev-master/202311130812/runtime/48b8229/runTime/bin/mayapy,-DPYTHON_LIBRARIES=/local/S/jenkins/workspace/shared/Artifactory/Linux/rundev-master/202311130812/runtime/48b8229/runTime/lib/libpython3.11.so.1.0,-DBUILD_WITH_PYTHON_3_VERSION=3.11,-DCMAKE_WANT_MATERIALX_BUILD=ON,-DCMAKE_PREFIX_PATH=/local/S/jenkins/workspace/shared/Artifactory/Linux/USD/1a43c47,-DMAYAHYDRA_BUILD_NUMBER=409,-DMAYAHYDRA_GIT_COMMIT=718e8e6b3be7d1b2da5c723cb67dbc73b14509ea,-DMAYAHYDRA_GIT_BRANCH=master '--ctest-args=--parallel 16' --stages=clean --redirect-outstream-file=False --install-location /local/S/jenkins/workspace/ECP/ecg-maya-hydra/ecg-maya-hydra-branch-preflight-python3-linux/install/RelWithDebInfo/MayaHydra /local/S/jenkins/workspace/ECP/ecg-maya-hydra/ecg-maya-hydra-branch-preflight-python3-linux
[2023-11-20T09:21:21.000Z] Modified environment variables:
[2023-11-20T09:21:21.000Z]     LD_LIBRARY_PATH=/opt/rh/gcc-toolset-11/root/usr/lib64:/opt/rh/gcc-toolset-11/root/usr/lib64:/opt/rh/gcc-toolset-11/root/usr/lib:/opt/rh/gcc-toolset-11/root/usr/lib64/dyninst:/opt/rh/gcc-toolset-11/root/usr/lib/dyninst
[2023-11-20T09:21:21.000Z]     PATH=/local/S/jenkins/workspace/shared/Artifactory/Linux/cmake/3.20.3/ab685d7/bin:/opt/rh/gcc-toolset-11/root/usr/bin:/home/administrator/.local/bin:/home/administrator/bin:/usr/share/Modules/bin:/usr/local/bin:/usr/local/sbin:/usr/bin:/usr/sbin
[2023-11-20T09:21:21.000Z]     
[2023-11-20T09:21:21.000Z]         Building with settings:
[2023-11-20T09:21:21.000Z]           Source directory          /home/S/jenkins/workspace/ECP/ecg-maya-hydra/ecg-maya-hydra-branch-preflight-python3-linux/ecg-maya-hydra/maya-hydra
[2023-11-20T09:21:21.000Z]           Workspace directory       /local/S/jenkins/workspace/ECP/ecg-maya-hydra/ecg-maya-hydra-branch-preflight-python3-linux
[2023-11-20T09:21:21.000Z]           Build directory           /local/S/jenkins/workspace/ECP/ecg-maya-hydra/ecg-maya-hydra-branch-preflight-python3-linux/build/RelWithDebInfo
[2023-11-20T09:21:21.000Z]           Install directory         /local/S/jenkins/workspace/ECP/ecg-maya-hydra/ecg-maya-hydra-branch-preflight-python3-linux/install/RelWithDebInfo/MayaHydra
[2023-11-20T09:21:21.000Z]           Variant                   RelWithDebInfo
[2023-11-20T09:21:21.000Z]           Python Debug              Off
[2023-11-20T09:21:21.000Z]           CMake generator           Ninja
[2023-11-20T09:21:21.000Z]           Build arguments           ['-DCMAKE_MAKE_PROGRAM=/local/S/jenkins/workspace/shared/Artifactory/Linux/ninja/1.10.2/9ab399b/ninja', '-DPYTHON_INCLUDE_DIR=/local/S/jenkins/workspace/shared/Artifactory/Linux/rundev-master/202311130812/runtime/48b8229/runTime/include/Python311/Python', '-DPython_EXECUTABLE=/local/S/jenkins/workspace/shared/Artifactory/Linux/rundev-master/202311130812/runtime/48b8229/runTime/bin/mayapy', '-DPYTHON_LIBRARIES=/local/S/jenkins/workspace/shared/Artifactory/Linux/rundev-master/202311130812/runtime/48b8229/runTime/lib/libpython3.11.so.1.0', '-DBUILD_WITH_PYTHON_3_VERSION=3.11', '-DCMAKE_WANT_MATERIALX_BUILD=ON', '-DCMAKE_PREFIX_PATH=/local/S/jenkins/workspace/shared/Artifactory/Linux/USD/1a43c47', '-DMAYAHYDRA_BUILD_NUMBER=409', '-DMAYAHYDRA_GIT_COMMIT=718e8e6b3be7d1b2da5c723cb67dbc73b14509ea', '-DMAYAHYDRA_GIT_BRANCH=master']
[2023-11-20T09:21:21.000Z]           Stages arguments          ['clean']
[2023-11-20T09:21:21.000Z]           CTest arguments           ['--parallel 16']
[2023-11-20T09:21:21.000Z]     Success MayaHydra build and install !!!!
[2023-11-20T09:21:21.000Z]     Elapsed time: 00:00:00
[Pipeline] }
[Pipeline] // withEnv
[Pipeline] }
[Pipeline] // timeout
[Pipeline] }
[Pipeline] // stage
[Pipeline] }
[Pipeline] // timestamps
[Pipeline] timestamps
[Pipeline] {
[Pipeline] stage
[Pipeline] { (Configure)
[Pipeline] timeout
[2023-11-20T09:21:21.353Z] Timeout set to expire in 6 hr 0 min
[Pipeline] {
[Pipeline] withEnv
[Pipeline] {
[Pipeline] sh
[2023-11-20T09:21:22.452Z] + scl enable gcc-toolset-11 -
[2023-11-20T09:21:22.452Z] + '[' enable = load -o enable = unload ']'
[2023-11-20T09:21:22.452Z] + /usr/bin/scl enable gcc-toolset-11 -
[2023-11-20T09:21:22.452Z] python ecg-maya-hydra/build.py --stages=configure --workspace-dir=/local/S/jenkins/workspace/ECP/ecg-maya-hydra/ecg-maya-hydra-branch-preflight-python3-linux --artifactory-dir=/local/S/jenkins/workspace/shared/Artifactory --build-dir=/local/S/jenkins/workspace/ECP/ecg-maya-hydra/ecg-maya-hydra-branch-preflight-python3-linux/build --install-dir=/local/S/jenkins/workspace/ECP/ecg-maya-hydra/ecg-maya-hydra-branch-preflight-python3-linux/install --signing-dir=/local/S/jenkins/workspace/ECP/ecg-maya-hydra/ecg-maya-hydra-branch-preflight-python3-linux/signing --package-dir=/local/S/jenkins/workspace/ECP/ecg-maya-hydra/ecg-maya-hydra-branch-preflight-python3-linux/package --output-dir=/local/S/jenkins/workspace/ECP/ecg-maya-hydra/ecg-maya-hydra-branch-preflight-python3-linux/output --stash-dir=/local/S/jenkins/workspace/ECP/ecg-maya-hydra/ecg-maya-hydra-branch-preflight-python3-linux/stash --jenkins-build=409 --git-commit=718e8e6b3be7d1b2da5c723cb67dbc73b14509ea --git-branch=master --variants=Debug --interactive-tests=true --post-zips=false --osx-binary-architecture-target=ub2 --osx-deployment-target=11.0 --osx-base-sdk=CurrentActiveSDK --maya-cut-config=maya-rundev-master-debug.yaml --maya-package=rundev-master-debug --stage-banner
[2023-11-20T09:21:22.452Z] Using Maya cut from /local/S/jenkins/workspace/shared/Artifactory/Linux/rundev-master-debug/202311130621/runtime/fb61367
[2023-11-20T09:21:22.452Z] 
[2023-11-20T09:21:22.452Z] ================================================================================
[2023-11-20T09:21:22.452Z]                                configure (Debug)
[2023-11-20T09:21:22.452Z] ================================================================================
[2023-11-20T09:21:22.452Z] Maya Python Debug Info:
[2023-11-20T09:21:22.452Z]   mayapy executable   = /local/S/jenkins/workspace/shared/Artifactory/Linux/rundev-master-debug/202311130621/runtime/fb61367/runTime/bin/mayapy
[2023-11-20T09:21:22.452Z]   Include Folder      = /local/S/jenkins/workspace/shared/Artifactory/Linux/rundev-master-debug/202311130621/runtime/fb61367/runTime/include/Python311/Python
[2023-11-20T09:21:22.452Z]   Library             = /local/S/jenkins/workspace/shared/Artifactory/Linux/rundev-master-debug/202311130621/runtime/fb61367/runTime/lib/libpython3.11d.so.1.0
[2023-11-20T09:21:22.452Z]   site-package Folder = /local/S/jenkins/workspace/shared/Artifactory/Linux/rundev-master-debug/202311130621/runtime/fb61367/runTime/lib/python3.11/site-packages
[2023-11-20T09:21:23.585Z] In workdir: /home/S/jenkins/workspace/ECP/ecg-maya-hydra/ecg-maya-hydra-branch-preflight-python3-linux/ecg-maya-hydra/maya-hydra
[2023-11-20T09:21:23.586Z] Executing: /local/S/jenkins/workspace/shared/Artifactory/Linux/rundev-master-debug/202311130621/runtime/fb61367/runTime/bin/mayapy /home/S/jenkins/workspace/ECP/ecg-maya-hydra/ecg-maya-hydra-branch-preflight-python3-linux/ecg-maya-hydra/maya-hydra/build.py --generator Ninja --build-debug --maya-location /local/S/jenkins/workspace/shared/Artifactory/Linux/rundev-master-debug/202311130621/runtime/fb61367/runTime --devkit-location /local/S/jenkins/workspace/shared/Artifactory/Linux/rundev-master-debug/202311130621/runtime/fb61367/devkitBase --pxrusd-location /local/S/jenkins/workspace/shared/Artifactory/Linux/USD/e5ad5df --build-args=-DCMAKE_MAKE_PROGRAM=/local/S/jenkins/workspace/shared/Artifactory/Linux/ninja/1.10.2/9ab399b/ninja,-DPYTHON_INCLUDE_DIR=/local/S/jenkins/workspace/shared/Artifactory/Linux/rundev-master-debug/202311130621/runtime/fb61367/runTime/include/Python311/Python,-DPython_EXECUTABLE=/local/S/jenkins/workspace/shared/Artifactory/Linux/rundev-master-debug/202311130621/runtime/fb61367/runTime/bin/mayapy,-DPYTHON_LIBRARIES=/local/S/jenkins/workspace/shared/Artifactory/Linux/rundev-master-debug/202311130621/runtime/fb61367/runTime/lib/libpython3.11d.so.1.0,-DBUILD_WITH_PYTHON_3_VERSION=3.11,-DCMAKE_WANT_MATERIALX_BUILD=ON,-DCMAKE_PREFIX_PATH=/local/S/jenkins/workspace/shared/Artifactory/Linux/USD/e5ad5df,-DMAYAHYDRA_BUILD_NUMBER=409,-DMAYAHYDRA_GIT_COMMIT=718e8e6b3be7d1b2da5c723cb67dbc73b14509ea,-DMAYAHYDRA_GIT_BRANCH=master --debug-python '--ctest-args=--parallel 16' --stages=configure --redirect-outstream-file=False --install-location /local/S/jenkins/workspace/ECP/ecg-maya-hydra/ecg-maya-hydra-branch-preflight-python3-linux/install/Debug/MayaHydra /local/S/jenkins/workspace/ECP/ecg-maya-hydra/ecg-maya-hydra-branch-preflight-python3-linux
[2023-11-20T09:21:23.586Z] Modified environment variables:
[2023-11-20T09:21:23.586Z]     LD_LIBRARY_PATH=/opt/rh/gcc-toolset-11/root/usr/lib64:/opt/rh/gcc-toolset-11/root/usr/lib64:/opt/rh/gcc-toolset-11/root/usr/lib:/opt/rh/gcc-toolset-11/root/usr/lib64/dyninst:/opt/rh/gcc-toolset-11/root/usr/lib/dyninst
[2023-11-20T09:21:23.586Z]     PATH=/local/S/jenkins/workspace/shared/Artifactory/Linux/cmake/3.20.3/ab685d7/bin:/opt/rh/gcc-toolset-11/root/usr/bin:/home/administrator/.local/bin:/home/administrator/bin:/usr/share/Modules/bin:/usr/local/bin:/usr/local/sbin:/usr/bin:/usr/sbin
[2023-11-20T09:21:24.419Z]     -- The C compiler identification is GNU 11.2.1
[2023-11-20T09:21:24.419Z]     -- The CXX compiler identification is GNU 11.2.1
[2023-11-20T09:21:24.420Z]     -- Detecting C compiler ABI info
[2023-11-20T09:21:24.420Z]     -- Detecting C compiler ABI info - done
[2023-11-20T09:21:24.420Z]     -- Check for working C compiler: /opt/rh/gcc-toolset-11/root/usr/bin/cc - skipped
[2023-11-20T09:21:24.420Z]     -- Detecting C compile features
[2023-11-20T09:21:24.420Z]     -- Detecting C compile features - done
[2023-11-20T09:21:24.420Z]     -- Detecting CXX compiler ABI info
[2023-11-20T09:21:24.420Z]     -- Detecting CXX compiler ABI info - done
[2023-11-20T09:21:24.420Z]     -- Check for working CXX compiler: /opt/rh/gcc-toolset-11/root/usr/bin/c++ - skipped
[2023-11-20T09:21:24.420Z]     -- Detecting CXX compile features
[2023-11-20T09:21:24.420Z]     -- Detecting CXX compile features - done
[2023-11-20T09:21:24.960Z]     -- Using Maya Light API Version 3
[2023-11-20T09:21:24.960Z]     -- Maya has setDefaultMaterialHandling API
[2023-11-20T09:21:24.960Z]     -- Maya has new point snapping API
[2023-11-20T09:21:24.960Z]     -- Maya has isInCrashHandler API
[2023-11-20T09:21:24.960Z]     -- Maya has getDisplayStyleOfAllViewports API
[2023-11-20T09:21:24.960Z]     -- Maya array iterator has difference_type trait
[2023-11-20T09:21:24.960Z]     -- MFnSet has getMemberPaths function
[2023-11-20T09:21:24.960Z]     -- MFnDisplayLayer exists
[2023-11-20T09:21:24.960Z]     -- MDisplayLayerMessage has MDisplayLayerMemberChangedFunction
[2023-11-20T09:21:24.960Z]     -- MRenderItem has HideOnPlayback API
[2023-11-20T09:21:24.960Z]     -- Linux: Maya was built with new cxx11 ABI
[2023-11-20T09:21:24.960Z]     -- Found Maya: /local/S/jenkins/workspace/shared/Artifactory/Linux/rundev-master-debug/202311130621/runtime/fb61367/runTime/bin/maya (found suitable version "2025", minimum required is "2024")
[2023-11-20T09:21:26.091Z]     -- Found Python: /local/S/jenkins/workspace/shared/Artifactory/Linux/rundev-master-debug/202311130621/runtime/fb61367/runTime/bin/mayapy (found suitable exact version "3.11.4") found components: Interpreter
[2023-11-20T09:21:26.091Z]     -- Build mayaHydra with Python3 = 3.11
[2023-11-20T09:21:26.091Z]     --    PYTHON_INCLUDE_DIRS = /local/S/jenkins/workspace/shared/Artifactory/Linux/rundev-master-debug/202311130621/runtime/fb61367/runTime/include/Python311/Python
[2023-11-20T09:21:26.091Z]     --    PYTHON_LIBRARIES    = /local/S/jenkins/workspace/shared/Artifactory/Linux/rundev-master-debug/202311130621/runtime/fb61367/runTime/lib/libpython3.11d.so.1.0
[2023-11-20T09:21:26.091Z]     --    Python_EXECUTABLE   = /local/S/jenkins/workspace/shared/Artifactory/Linux/rundev-master-debug/202311130621/runtime/fb61367/runTime/bin/mayapy
[2023-11-20T09:21:26.091Z]     -- Found Python3: /local/S/jenkins/workspace/shared/Artifactory/Linux/rundev-master-debug/202311130621/runtime/fb61367/runTime/include/Python311/Python (found suitable exact version "3.11.4") found components: Development Development.Module Development.Embed
[2023-11-20T09:21:26.091Z]     -- USD has new Sdr.PropertyTypes.Color4
[2023-11-20T09:21:26.632Z]     -- USD has MaterialX metadata support
[2023-11-20T09:21:26.632Z]     -- USD include dir: /local/S/jenkins/workspace/shared/Artifactory/Linux/USD/e5ad5df/include
[2023-11-20T09:21:26.632Z]     -- USD library dir: /local/S/jenkins/workspace/shared/Artifactory/Linux/USD/e5ad5df/lib
[2023-11-20T09:21:26.632Z]     -- USD version: 0.23.11
[2023-11-20T09:21:26.632Z]     -- Found USD: /local/S/jenkins/workspace/shared/Artifactory/Linux/USD/e5ad5df (found suitable version "0.23.11", minimum required is "0.22.11")
[2023-11-20T09:21:26.632Z]     Updated PYTHONPATH: /local/S/jenkins/workspace/shared/Artifactory/Linux/USD/e5ad5df/lib/python
[2023-11-20T09:21:26.632Z]     -- Found UFE: /local/S/jenkins/workspace/shared/Artifactory/Linux/rundev-master-debug/202311130621/runtime/fb61367/devkitBase/devkit/ufe/include (found version "0.5.11")
[2023-11-20T09:21:26.632Z]     -- UFE include dir: /local/S/jenkins/workspace/shared/Artifactory/Linux/rundev-master-debug/202311130621/runtime/fb61367/devkitBase/devkit/ufe/include
[2023-11-20T09:21:26.632Z]     -- UFE library: /local/S/jenkins/workspace/shared/Artifactory/Linux/rundev-master-debug/202311130621/runtime/fb61367/devkitBase/devkit/ufe/lib/libufe_0.so
[2023-11-20T09:21:26.632Z]     -- UFE version: 0.5.11
[2023-11-20T09:21:26.632Z]     -- Maya has UFE lights API
[2023-11-20T09:21:26.632Z]     -- Maya has UFE scene segment API
[2023-11-20T09:21:26.632Z]     -- Maya has UFE TrieNode childrenComponents accessor
[2023-11-20T09:21:26.632Z]     -- Building with UFE 0.5.11.
[2023-11-20T09:21:26.632Z]     -- Found MaterialX
[2023-11-20T09:21:26.632Z]     -- Check if compiler accepts -pthread
[2023-11-20T09:21:26.632Z]     -- Check if compiler accepts -pthread - yes
[2023-11-20T09:21:26.632Z]     -- Performing Test HAVE_STDATOMIC
[2023-11-20T09:21:26.632Z]     -- Performing Test HAVE_STDATOMIC - Success
[2023-11-20T09:21:26.632Z]     -- Found OpenGL: /usr/lib64/libOpenGL.so
[2023-11-20T09:21:27.172Z]     -- Check if linker can resolve circular dependencies - FALSE
[2023-11-20T09:21:27.172Z]     -- Found Qt 6.5.3 in Maya devkit. Hydra Scene Browser will be built.
[2023-11-20T09:21:27.172Z]     -- **** Building Gulrak From Github Repository.
[2023-11-20T09:21:27.172Z]     -- Populating gulrak
[2023-11-20T09:21:27.172Z]     -- Configuring done
[2023-11-20T09:21:27.172Z]     -- Generating done
[2023-11-20T09:21:27.172Z]     -- Build files have been written to: /home/S/jenkins/workspace/ECP/ecg-maya-hydra/ecg-maya-hydra-branch-preflight-python3-linux/build/Debug/_deps/gulrak-subbuild
[2023-11-20T09:21:27.172Z]     [1/9] Creating directories for 'gulrak-populate'
[2023-11-20T09:21:27.172Z]     [1/9] Performing download step (git clone) for 'gulrak-populate'
[2023-11-20T09:21:27.172Z]     Cloning into 'gulrak-src'...
[2023-11-20T09:21:27.712Z]     HEAD is now at 4e21ab3 Version bump and updated readme.
[2023-11-20T09:21:27.712Z]     [2/9] Performing update step for 'gulrak-populate'
[2023-11-20T09:21:27.712Z]     [4/9] No patch step for 'gulrak-populate'
[2023-11-20T09:21:27.712Z]     [5/9] No configure step for 'gulrak-populate'
[2023-11-20T09:21:27.712Z]     [6/9] No build step for 'gulrak-populate'
[2023-11-20T09:21:27.712Z]     [7/9] No install step for 'gulrak-populate'
[2023-11-20T09:21:27.712Z]     [8/9] No test step for 'gulrak-populate'
[2023-11-20T09:21:27.712Z]     [9/9] Completed 'gulrak-populate'
[2023-11-20T09:21:27.712Z]     -- ========== Installing GoogleTest... ==========
[2023-11-20T09:21:27.712Z]     -- Configuring done
[2023-11-20T09:21:27.712Z]     -- Generating done
[2023-11-20T09:21:27.712Z]     -- Build files have been written to: /home/S/jenkins/workspace/ECP/ecg-maya-hydra/ecg-maya-hydra-branch-preflight-python3-linux/build/Debug/googletest-config
[2023-11-20T09:21:27.712Z]     [1/8] Creating directories for 'googletest'
[2023-11-20T09:21:31.937Z]     [2/8] Performing download step (git clone) for 'googletest'
[2023-11-20T09:21:31.937Z]     Cloning into 'googletest-src'...
[2023-11-20T09:21:31.937Z]     HEAD is now at 703bd9ca Googletest export
[2023-11-20T09:21:31.937Z]     [3/8] Performing update step for 'googletest'
[2023-11-20T09:21:31.937Z]     [4/8] No patch step for 'googletest'
[2023-11-20T09:21:31.937Z]     [5/8] Performing configure step for 'googletest'
[2023-11-20T09:21:31.937Z]     Not searching for unused variables given on the command line.
[2023-11-20T09:21:31.937Z]     CMake Deprecation Warning at CMakeLists.txt:4 (cmake_minimum_required):
[2023-11-20T09:21:31.937Z]       Compatibility with CMake < 2.8.12 will be removed from a future version of
[2023-11-20T09:21:31.937Z]       CMake.
[2023-11-20T09:21:31.937Z]     
[2023-11-20T09:21:31.937Z]       Update the VERSION argument <min> value or use a ...<max> suffix to tell
[2023-11-20T09:21:31.937Z]       CMake that the project does not need compatibility with older versions.
[2023-11-20T09:21:31.937Z]     
[2023-11-20T09:21:31.937Z]     
[2023-11-20T09:21:31.937Z]     -- The C compiler identification is GNU 11.2.1
[2023-11-20T09:21:31.937Z]     -- The CXX compiler identification is GNU 11.2.1
[2023-11-20T09:21:31.937Z]     -- Detecting C compiler ABI info
[2023-11-20T09:21:31.937Z]     -- Detecting C compiler ABI info - done
[2023-11-20T09:21:31.937Z]     -- Check for working C compiler: /opt/rh/gcc-toolset-11/root/usr/bin/cc - skipped
[2023-11-20T09:21:31.937Z]     -- Detecting C compile features
[2023-11-20T09:21:31.937Z]     -- Detecting C compile features - done
[2023-11-20T09:21:31.937Z]     -- Detecting CXX compiler ABI info
[2023-11-20T09:21:31.937Z]     -- Detecting CXX compiler ABI info - done
[2023-11-20T09:21:31.937Z]     -- Check for working CXX compiler: /opt/rh/gcc-toolset-11/root/usr/bin/c++ - skipped
[2023-11-20T09:21:31.937Z]     -- Detecting CXX compile features
[2023-11-20T09:21:31.937Z]     -- Detecting CXX compile features - done
[2023-11-20T09:21:31.937Z]     CMake Deprecation Warning at googletest/CMakeLists.txt:56 (cmake_minimum_required):
[2023-11-20T09:21:31.937Z]       Compatibility with CMake < 2.8.12 will be removed from a future version of
[2023-11-20T09:21:31.937Z]       CMake.
[2023-11-20T09:21:31.937Z]     
[2023-11-20T09:21:31.937Z]       Update the VERSION argument <min> value or use a ...<max> suffix to tell
[2023-11-20T09:21:31.937Z]       CMake that the project does not need compatibility with older versions.
[2023-11-20T09:21:31.937Z]     
[2023-11-20T09:21:31.937Z]     
[2023-11-20T09:21:31.937Z]     -- Found PythonInterp: /usr/local/bin/python (found version "3.9.7")
[2023-11-20T09:21:31.937Z]     -- Looking for pthread.h
[2023-11-20T09:21:31.937Z]     -- Looking for pthread.h - found
[2023-11-20T09:21:31.937Z]     -- Performing Test CMAKE_HAVE_LIBC_PTHREAD
[2023-11-20T09:21:31.937Z]     -- Performing Test CMAKE_HAVE_LIBC_PTHREAD - Failed
[2023-11-20T09:21:31.937Z]     -- Looking for pthread_create in pthreads
[2023-11-20T09:21:31.937Z]     -- Looking for pthread_create in pthreads - not found
[2023-11-20T09:21:31.937Z]     -- Looking for pthread_create in pthread
[2023-11-20T09:21:31.937Z]     -- Looking for pthread_create in pthread - found
[2023-11-20T09:21:31.937Z]     -- Found Threads: TRUE
[2023-11-20T09:21:31.937Z]     -- Configuring done
[2023-11-20T09:21:31.937Z]     -- Generating done
[2023-11-20T09:21:31.937Z]     -- Build files have been written to: /home/S/jenkins/workspace/ECP/ecg-maya-hydra/ecg-maya-hydra-branch-preflight-python3-linux/build/Debug/googletest-build
[2023-11-20T09:21:35.325Z]     [6/8] Performing build step for 'googletest'
[2023-11-20T09:21:35.325Z]     [1/4] Building CXX object googletest/CMakeFiles/gtest_main.dir/src/gtest_main.cc.o
[2023-11-20T09:21:35.325Z]     [2/4] Building CXX object googletest/CMakeFiles/gtest.dir/src/gtest-all.cc.o
[2023-11-20T09:21:35.325Z]     [3/4] Linking CXX shared library lib/libgtestd.so
[2023-11-20T09:21:35.325Z]     [4/4] Linking CXX shared library lib/libgtest_maind.so
[2023-11-20T09:21:35.325Z]     [7/8] Performing install step for 'googletest'
[2023-11-20T09:21:35.325Z]     [0/1] Install the project...
[2023-11-20T09:21:35.325Z]     -- Install configuration: "Debug"
[2023-11-20T09:21:35.325Z]     -- Set runtime path of "/home/S/jenkins/workspace/ECP/ecg-maya-hydra/ecg-maya-hydra-branch-preflight-python3-linux/build/Debug/googletest-install/lib64/libgtest_maind.so" to ""
[2023-11-20T09:21:35.325Z]     [8/8] Completed 'googletest'
[2023-11-20T09:21:35.325Z]     -- ========== ...  GoogleTest installed. ==========
[2023-11-20T09:21:35.325Z]     -- Found GTest: /home/S/jenkins/workspace/ECP/ecg-maya-hydra/ecg-maya-hydra-branch-preflight-python3-linux/build/Debug/googletest-install/lib64/libgtestd.so
[2023-11-20T09:21:35.325Z]     -- promoting: /home/S/jenkins/workspace/ECP/ecg-maya-hydra/ecg-maya-hydra-branch-preflight-python3-linux/ecg-maya-hydra/maya-hydra/lib/mayaHydra/mayaPlugin/pluginUtils.h
[2023-11-20T09:21:35.325Z]     -- promoting: /home/S/jenkins/workspace/ECP/ecg-maya-hydra/ecg-maya-hydra-branch-preflight-python3-linux/ecg-maya-hydra/maya-hydra/lib/mayaHydra/hydraExtensions/api.h
[2023-11-20T09:21:35.325Z]     -- promoting: /home/S/jenkins/workspace/ECP/ecg-maya-hydra/ecg-maya-hydra-branch-preflight-python3-linux/ecg-maya-hydra/maya-hydra/lib/mayaHydra/hydraExtensions/debugCodes.h
[2023-11-20T09:21:35.325Z]     -- promoting: /home/S/jenkins/workspace/ECP/ecg-maya-hydra/ecg-maya-hydra-branch-preflight-python3-linux/ecg-maya-hydra/maya-hydra/lib/mayaHydra/hydraExtensions/hydraUtils.h
[2023-11-20T09:21:35.325Z]     -- promoting: /home/S/jenkins/workspace/ECP/ecg-maya-hydra/ecg-maya-hydra-branch-preflight-python3-linux/ecg-maya-hydra/maya-hydra/lib/mayaHydra/hydraExtensions/mayaHydraLibInterface.h
[2023-11-20T09:21:35.325Z]     -- promoting: /home/S/jenkins/workspace/ECP/ecg-maya-hydra/ecg-maya-hydra-branch-preflight-python3-linux/ecg-maya-hydra/maya-hydra/lib/mayaHydra/hydraExtensions/mayaHydraLibInterfaceImp.h
[2023-11-20T09:21:35.325Z]     -- promoting: /home/S/jenkins/workspace/ECP/ecg-maya-hydra/ecg-maya-hydra-branch-preflight-python3-linux/ecg-maya-hydra/maya-hydra/lib/mayaHydra/hydraExtensions/mayaUtils.h
[2023-11-20T09:21:35.325Z]     -- promoting: /home/S/jenkins/workspace/ECP/ecg-maya-hydra/ecg-maya-hydra-branch-preflight-python3-linux/ecg-maya-hydra/maya-hydra/lib/mayaHydra/hydraExtensions/mixedUtils.h
[2023-11-20T09:21:35.325Z]     -- promoting: /home/S/jenkins/workspace/ECP/ecg-maya-hydra/ecg-maya-hydra-branch-preflight-python3-linux/ecg-maya-hydra/maya-hydra/lib/mayaHydra/hydraExtensions/mayaHydraSceneProducer.h
[2023-11-20T09:21:35.325Z]     -- promoting: /home/S/jenkins/workspace/ECP/ecg-maya-hydra/ecg-maya-hydra-branch-preflight-python3-linux/ecg-maya-hydra/maya-hydra/lib/mayaHydra/hydraExtensions/adapters/adapter.h
[2023-11-20T09:21:35.325Z]     -- promoting: /home/S/jenkins/workspace/ECP/ecg-maya-hydra/ecg-maya-hydra-branch-preflight-python3-linux/ecg-maya-hydra/maya-hydra/lib/mayaHydra/hydraExtensions/adapters/adapterDebugCodes.h
[2023-11-20T09:21:35.325Z]     -- promoting: /home/S/jenkins/workspace/ECP/ecg-maya-hydra/ecg-maya-hydra-branch-preflight-python3-linux/ecg-maya-hydra/maya-hydra/lib/mayaHydra/hydraExtensions/adapters/adapterRegistry.h
[2023-11-20T09:21:35.325Z]     -- promoting: /home/S/jenkins/workspace/ECP/ecg-maya-hydra/ecg-maya-hydra-branch-preflight-python3-linux/ecg-maya-hydra/maya-hydra/lib/mayaHydra/hydraExtensions/adapters/cameraAdapter.h
[2023-11-20T09:21:35.325Z]     -- promoting: /home/S/jenkins/workspace/ECP/ecg-maya-hydra/ecg-maya-hydra-branch-preflight-python3-linux/ecg-maya-hydra/maya-hydra/lib/mayaHydra/hydraExtensions/adapters/constantShadowMatrix.h
[2023-11-20T09:21:35.325Z]     -- promoting: /home/S/jenkins/workspace/ECP/ecg-maya-hydra/ecg-maya-hydra-branch-preflight-python3-linux/ecg-maya-hydra/maya-hydra/lib/mayaHydra/hydraExtensions/adapters/dagAdapter.h
[2023-11-20T09:21:35.325Z]     -- promoting: /home/S/jenkins/workspace/ECP/ecg-maya-hydra/ecg-maya-hydra-branch-preflight-python3-linux/ecg-maya-hydra/maya-hydra/lib/mayaHydra/hydraExtensions/adapters/renderItemAdapter.h
[2023-11-20T09:21:35.325Z]     -- promoting: /home/S/jenkins/workspace/ECP/ecg-maya-hydra/ecg-maya-hydra-branch-preflight-python3-linux/ecg-maya-hydra/maya-hydra/lib/mayaHydra/hydraExtensions/adapters/lightAdapter.h
[2023-11-20T09:21:35.325Z]     -- promoting: /home/S/jenkins/workspace/ECP/ecg-maya-hydra/ecg-maya-hydra-branch-preflight-python3-linux/ecg-maya-hydra/maya-hydra/lib/mayaHydra/hydraExtensions/adapters/materialAdapter.h
[2023-11-20T09:21:35.325Z]     -- promoting: /home/S/jenkins/workspace/ECP/ecg-maya-hydra/ecg-maya-hydra-branch-preflight-python3-linux/ecg-maya-hydra/maya-hydra/lib/mayaHydra/hydraExtensions/adapters/materialNetworkConverter.h
[2023-11-20T09:21:35.325Z]     -- promoting: /home/S/jenkins/workspace/ECP/ecg-maya-hydra/ecg-maya-hydra-branch-preflight-python3-linux/ecg-maya-hydra/maya-hydra/lib/mayaHydra/hydraExtensions/adapters/mayaAttrs.h
[2023-11-20T09:21:35.325Z]     -- promoting: /home/S/jenkins/workspace/ECP/ecg-maya-hydra/ecg-maya-hydra-branch-preflight-python3-linux/ecg-maya-hydra/maya-hydra/lib/mayaHydra/hydraExtensions/adapters/shapeAdapter.h
[2023-11-20T09:21:35.325Z]     -- promoting: /home/S/jenkins/workspace/ECP/ecg-maya-hydra/ecg-maya-hydra-branch-preflight-python3-linux/ecg-maya-hydra/maya-hydra/lib/mayaHydra/hydraExtensions/adapters/tokens.h
[2023-11-20T09:21:35.325Z]     -- promoting: /home/S/jenkins/workspace/ECP/ecg-maya-hydra/ecg-maya-hydra-branch-preflight-python3-linux/ecg-maya-hydra/maya-hydra/lib/mayaHydra/hydraExtensions/delegates/delegate.h
[2023-11-20T09:21:35.325Z]     -- promoting: /home/S/jenkins/workspace/ECP/ecg-maya-hydra/ecg-maya-hydra-branch-preflight-python3-linux/ecg-maya-hydra/maya-hydra/lib/mayaHydra/hydraExtensions/delegates/delegateCtx.h
[2023-11-20T09:21:35.325Z]     -- promoting: /home/S/jenkins/workspace/ECP/ecg-maya-hydra/ecg-maya-hydra-branch-preflight-python3-linux/ecg-maya-hydra/maya-hydra/lib/mayaHydra/hydraExtensions/delegates/delegateDebugCodes.h
[2023-11-20T09:21:35.325Z]     -- promoting: /home/S/jenkins/workspace/ECP/ecg-maya-hydra/ecg-maya-hydra-branch-preflight-python3-linux/ecg-maya-hydra/maya-hydra/lib/mayaHydra/hydraExtensions/delegates/delegateRegistry.h
[2023-11-20T09:21:35.325Z]     -- promoting: /home/S/jenkins/workspace/ECP/ecg-maya-hydra/ecg-maya-hydra-branch-preflight-python3-linux/ecg-maya-hydra/maya-hydra/lib/mayaHydra/hydraExtensions/delegates/params.h
[2023-11-20T09:21:35.325Z]     -- promoting: /home/S/jenkins/workspace/ECP/ecg-maya-hydra/ecg-maya-hydra-branch-preflight-python3-linux/ecg-maya-hydra/maya-hydra/lib/mayaHydra/hydraExtensions/delegates/sceneDelegate.h
[2023-11-20T09:21:35.325Z]     -- promoting: /home/S/jenkins/workspace/ECP/ecg-maya-hydra/ecg-maya-hydra-branch-preflight-python3-linux/ecg-maya-hydra/maya-hydra/lib/mayaHydra/hydraExtensions/delegates/defaultLightDelegate.h
[2023-11-20T09:21:35.325Z]     -- promoting: /home/S/jenkins/workspace/ECP/ecg-maya-hydra/ecg-maya-hydra-branch-preflight-python3-linux/ecg-maya-hydra/maya-hydra/lib/mayaHydra/hydraExtensions/delegates/testDelegate.h
[2023-11-20T09:21:35.325Z]     -- promoting: /home/S/jenkins/workspace/ECP/ecg-maya-hydra/ecg-maya-hydra-branch-preflight-python3-linux/ecg-maya-hydra/maya-hydra/lib/mayaHydra/hydraExtensions/sceneIndex/registration.h
[2023-11-20T09:21:35.325Z]     -- promoting: /home/S/jenkins/workspace/ECP/ecg-maya-hydra/ecg-maya-hydra-branch-preflight-python3-linux/ecg-maya-hydra/maya-hydra/lib/mayaHydra/hydraExtensions/sceneIndex/mayaHydraSceneIndex.h
[2023-11-20T09:21:35.325Z]     -- promoting: /home/S/jenkins/workspace/ECP/ecg-maya-hydra/ecg-maya-hydra-branch-preflight-python3-linux/ecg-maya-hydra/maya-hydra/lib/mayaHydra/hydraExtensions/sceneIndex/mayaHydraDataSource.h
[2023-11-20T09:21:35.325Z]     -- promoting: /home/S/jenkins/workspace/ECP/ecg-maya-hydra/ecg-maya-hydra-branch-preflight-python3-linux/ecg-maya-hydra/maya-hydra/lib/mayaHydra/hydraExtensions/sceneIndex/mayaHydraPrimvarDataSource.h
[2023-11-20T09:21:35.325Z]     -- promoting: /home/S/jenkins/workspace/ECP/ecg-maya-hydra/ecg-maya-hydra-branch-preflight-python3-linux/ecg-maya-hydra/maya-hydra/lib/mayaHydra/hydraExtensions/sceneIndex/mayaHydraDisplayStyleDataSource.h
[2023-11-20T09:21:35.325Z]     -- promoting: /home/S/jenkins/workspace/ECP/ecg-maya-hydra/ecg-maya-hydra-branch-preflight-python3-linux/ecg-maya-hydra/maya-hydra/lib/mayaHydra/hydraExtensions/sceneIndex/mayaHydraCameraDataSource.h
[2023-11-20T09:21:35.325Z]     -- promoting: /home/S/jenkins/workspace/ECP/ecg-maya-hydra/ecg-maya-hydra-branch-preflight-python3-linux/ecg-maya-hydra/maya-hydra/lib/mayaHydra/hydraExtensions/sceneIndex/mayaHydraLightDataSource.h
[2023-11-20T09:21:35.325Z]     -- promoting: /home/S/jenkins/workspace/ECP/ecg-maya-hydra/ecg-maya-hydra-branch-preflight-python3-linux/ecg-maya-hydra/maya-hydra/lib/mayaHydra/hydraExtensions/sceneIndex/mayaHydraDefaultLightDataSource.h
[2023-11-20T09:21:35.325Z]     -- promoting: /home/S/jenkins/workspace/ECP/ecg-maya-hydra/ecg-maya-hydra-branch-preflight-python3-linux/ecg-maya-hydra/maya-hydra/lib/mayaHydra/ufeExtensions/api.h
[2023-11-20T09:21:35.325Z]     -- promoting: /home/S/jenkins/workspace/ECP/ecg-maya-hydra/ecg-maya-hydra-branch-preflight-python3-linux/ecg-maya-hydra/maya-hydra/lib/mayaHydra/ufeExtensions/Global.h
[2023-11-20T09:21:35.325Z]     -- promoting: /home/S/jenkins/workspace/ECP/ecg-maya-hydra/ecg-maya-hydra-branch-preflight-python3-linux/ecg-maya-hydra/maya-hydra/lib/flowViewport/api.h
[2023-11-20T09:21:35.325Z]     -- promoting: /home/S/jenkins/workspace/ECP/ecg-maya-hydra/ecg-maya-hydra-branch-preflight-python3-linux/ecg-maya-hydra/maya-hydra/lib/flowViewport/debugCodes.h
[2023-11-20T09:21:35.325Z]     -- promoting: /home/S/jenkins/workspace/ECP/ecg-maya-hydra/ecg-maya-hydra-branch-preflight-python3-linux/ecg-maya-hydra/maya-hydra/lib/flowViewport/global.h
[2023-11-20T09:21:35.325Z]     -- promoting: /home/S/jenkins/workspace/ECP/ecg-maya-hydra/ecg-maya-hydra-branch-preflight-python3-linux/ecg-maya-hydra/maya-hydra/lib/flowViewport/tokens.h
[2023-11-20T09:21:35.325Z]     -- promoting: /home/S/jenkins/workspace/ECP/ecg-maya-hydra/ecg-maya-hydra-branch-preflight-python3-linux/ecg-maya-hydra/maya-hydra/lib/flowViewport/colorPreferences/fvpColorChanged.h
[2023-11-20T09:21:35.325Z]     -- promoting: /home/S/jenkins/workspace/ECP/ecg-maya-hydra/ecg-maya-hydra-branch-preflight-python3-linux/ecg-maya-hydra/maya-hydra/lib/flowViewport/colorPreferences/fvpColorPreferences.h
[2023-11-20T09:21:35.325Z]     -- promoting: /home/S/jenkins/workspace/ECP/ecg-maya-hydra/ecg-maya-hydra-branch-preflight-python3-linux/ecg-maya-hydra/maya-hydra/lib/flowViewport/colorPreferences/fvpColorPreferencesTokens.h
[2023-11-20T09:21:35.325Z]     -- promoting: /home/S/jenkins/workspace/ECP/ecg-maya-hydra/ecg-maya-hydra-branch-preflight-python3-linux/ecg-maya-hydra/maya-hydra/lib/flowViewport/colorPreferences/fvpColorPreferencesTranslator.h
[2023-11-20T09:21:35.325Z]     -- promoting: /home/S/jenkins/workspace/ECP/ecg-maya-hydra/ecg-maya-hydra-branch-preflight-python3-linux/ecg-maya-hydra/maya-hydra/lib/flowViewport/sceneIndex/fvpMergingSceneIndex.h
[2023-11-20T09:21:35.325Z]     -- promoting: /home/S/jenkins/workspace/ECP/ecg-maya-hydra/ecg-maya-hydra-branch-preflight-python3-linux/ecg-maya-hydra/maya-hydra/lib/flowViewport/sceneIndex/fvpPathInterface.h
[2023-11-20T09:21:35.325Z]     -- promoting: /home/S/jenkins/workspace/ECP/ecg-maya-hydra/ecg-maya-hydra-branch-preflight-python3-linux/ecg-maya-hydra/maya-hydra/lib/flowViewport/sceneIndex/fvpPathInterfaceSceneIndex.h
[2023-11-20T09:21:35.325Z]     -- promoting: /home/S/jenkins/workspace/ECP/ecg-maya-hydra/ecg-maya-hydra-branch-preflight-python3-linux/ecg-maya-hydra/maya-hydra/lib/flowViewport/sceneIndex/fvpRenderIndexProxy.h
[2023-11-20T09:21:35.325Z]     -- promoting: /home/S/jenkins/workspace/ECP/ecg-maya-hydra/ecg-maya-hydra-branch-preflight-python3-linux/ecg-maya-hydra/maya-hydra/lib/flowViewport/sceneIndex/fvpRenderIndexProxyFwd.h
[2023-11-20T09:21:35.325Z]     -- promoting: /home/S/jenkins/workspace/ECP/ecg-maya-hydra/ecg-maya-hydra-branch-preflight-python3-linux/ecg-maya-hydra/maya-hydra/lib/flowViewport/sceneIndex/fvpSelectionSceneIndex.h
[2023-11-20T09:21:35.325Z]     -- promoting: /home/S/jenkins/workspace/ECP/ecg-maya-hydra/ecg-maya-hydra-branch-preflight-python3-linux/ecg-maya-hydra/maya-hydra/lib/flowViewport/sceneIndex/fvpWireframeSelectionHighlightSceneIndex.h
[2023-11-20T09:21:35.325Z]     -- promoting: /home/S/jenkins/workspace/ECP/ecg-maya-hydra/ecg-maya-hydra-branch-preflight-python3-linux/ecg-maya-hydra/maya-hydra/lib/flowViewport/API/fvpSelectionClient.h
[2023-11-20T09:21:35.325Z]     -- promoting: /home/S/jenkins/workspace/ECP/ecg-maya-hydra/ecg-maya-hydra-branch-preflight-python3-linux/ecg-maya-hydra/maya-hydra/lib/flowViewport/API/fvpFlowSelectionInterface.h
[2023-11-20T09:21:35.325Z]     -- promoting: /home/S/jenkins/workspace/ECP/ecg-maya-hydra/ecg-maya-hydra-branch-preflight-python3-linux/ecg-maya-hydra/maya-hydra/lib/flowViewport/API/fvpVersionInterface.h
[2023-11-20T09:21:35.325Z]     -- promoting: /home/S/jenkins/workspace/ECP/ecg-maya-hydra/ecg-maya-hydra-branch-preflight-python3-linux/ecg-maya-hydra/maya-hydra/lib/flowViewport/API/fvpInformationInterface.h
[2023-11-20T09:21:35.325Z]     -- promoting: /home/S/jenkins/workspace/ECP/ecg-maya-hydra/ecg-maya-hydra-branch-preflight-python3-linux/ecg-maya-hydra/maya-hydra/lib/flowViewport/API/fvpInformationClient.h
[2023-11-20T09:21:35.325Z]     -- promoting: /home/S/jenkins/workspace/ECP/ecg-maya-hydra/ecg-maya-hydra-branch-preflight-python3-linux/ecg-maya-hydra/maya-hydra/lib/flowViewport/API/interfacesImp/fvpSelectionInterfaceImp.h
[2023-11-20T09:21:35.325Z]     -- promoting: /home/S/jenkins/workspace/ECP/ecg-maya-hydra/ecg-maya-hydra-branch-preflight-python3-linux/ecg-maya-hydra/maya-hydra/lib/flowViewport/API/interfacesImp/fvpVersionInterfaceImp.h
[2023-11-20T09:21:35.325Z]     -- promoting: /home/S/jenkins/workspace/ECP/ecg-maya-hydra/ecg-maya-hydra-branch-preflight-python3-linux/ecg-maya-hydra/maya-hydra/lib/flowViewport/API/interfacesImp/fvpInformationInterfaceImp.h
[2023-11-20T09:21:35.325Z]     -- promoting: /home/S/jenkins/workspace/ECP/ecg-maya-hydra/ecg-maya-hydra-branch-preflight-python3-linux/ecg-maya-hydra/maya-hydra/lib/flowViewport/API/samples/fvpSelectionClientExample.h
[2023-11-20T09:21:35.325Z]     -- promoting: /home/S/jenkins/workspace/ECP/ecg-maya-hydra/ecg-maya-hydra-branch-preflight-python3-linux/ecg-maya-hydra/maya-hydra/lib/flowViewport/API/samples/fvpInformationClientExample.h
[2023-11-20T09:21:35.325Z]     -- promoting: /home/S/jenkins/workspace/ECP/ecg-maya-hydra/ecg-maya-hydra-branch-preflight-python3-linux/ecg-maya-hydra/maya-hydra/lib/flowViewport/API/perViewportSceneIndicesData/fvpViewportInformationAndSceneIndicesPerViewportData.h
[2023-11-20T09:21:35.325Z]     -- promoting: /home/S/jenkins/workspace/ECP/ecg-maya-hydra/ecg-maya-hydra-branch-preflight-python3-linux/ecg-maya-hydra/maya-hydra/lib/flowViewport/API/perViewportSceneIndicesData/fvpViewportInformationAndSceneIndicesPerViewportDataManager.h
[2023-11-20T09:21:35.325Z]     -- promoting: /home/S/jenkins/workspace/ECP/ecg-maya-hydra/ecg-maya-hydra-branch-preflight-python3-linux/ecg-maya-hydra/maya-hydra/lib/flowViewport/selection/fvpSelection.h
[2023-11-20T09:21:35.325Z]     -- promoting: /home/S/jenkins/workspace/ECP/ecg-maya-hydra/ecg-maya-hydra-branch-preflight-python3-linux/ecg-maya-hydra/maya-hydra/lib/flowViewport/selection/fvpSelectionFwd.h
[2023-11-20T09:21:35.325Z]     -- promoting: /home/S/jenkins/workspace/ECP/ecg-maya-hydra/ecg-maya-hydra-branch-preflight-python3-linux/ecg-maya-hydra/maya-hydra/lib/flowViewport/selection/fvpSelectionTask.h
[2023-11-20T09:21:35.325Z]     -- promoting: /home/S/jenkins/workspace/ECP/ecg-maya-hydra/ecg-maya-hydra-branch-preflight-python3-linux/ecg-maya-hydra/maya-hydra/lib/flowViewport/selection/fvpSelectionTracker.h
[2023-11-20T09:21:36.458Z]     -- Configuring done
[2023-11-20T09:21:36.998Z]     -- Generating done
[2023-11-20T09:21:36.998Z]     -- Build files have been written to: /home/S/jenkins/workspace/ECP/ecg-maya-hydra/ecg-maya-hydra-branch-preflight-python3-linux/build/Debug
[2023-11-20T09:21:36.998Z]     
[2023-11-20T09:21:36.998Z]         Building with settings:
[2023-11-20T09:21:36.998Z]           Source directory          /home/S/jenkins/workspace/ECP/ecg-maya-hydra/ecg-maya-hydra-branch-preflight-python3-linux/ecg-maya-hydra/maya-hydra
[2023-11-20T09:21:36.998Z]           Workspace directory       /local/S/jenkins/workspace/ECP/ecg-maya-hydra/ecg-maya-hydra-branch-preflight-python3-linux
[2023-11-20T09:21:36.998Z]           Build directory           /local/S/jenkins/workspace/ECP/ecg-maya-hydra/ecg-maya-hydra-branch-preflight-python3-linux/build/Debug
[2023-11-20T09:21:36.998Z]           Install directory         /local/S/jenkins/workspace/ECP/ecg-maya-hydra/ecg-maya-hydra-branch-preflight-python3-linux/install/Debug/MayaHydra
[2023-11-20T09:21:36.998Z]           Variant                   Debug
[2023-11-20T09:21:36.998Z]           Python Debug              On
[2023-11-20T09:21:36.998Z]           CMake generator           Ninja
[2023-11-20T09:21:36.998Z]           Build arguments           ['-DCMAKE_MAKE_PROGRAM=/local/S/jenkins/workspace/shared/Artifactory/Linux/ninja/1.10.2/9ab399b/ninja', '-DPYTHON_INCLUDE_DIR=/local/S/jenkins/workspace/shared/Artifactory/Linux/rundev-master-debug/202311130621/runtime/fb61367/runTime/include/Python311/Python', '-DPython_EXECUTABLE=/local/S/jenkins/workspace/shared/Artifactory/Linux/rundev-master-debug/202311130621/runtime/fb61367/runTime/bin/mayapy', '-DPYTHON_LIBRARIES=/local/S/jenkins/workspace/shared/Artifactory/Linux/rundev-master-debug/202311130621/runtime/fb61367/runTime/lib/libpython3.11d.so.1.0', '-DBUILD_WITH_PYTHON_3_VERSION=3.11', '-DCMAKE_WANT_MATERIALX_BUILD=ON', '-DCMAKE_PREFIX_PATH=/local/S/jenkins/workspace/shared/Artifactory/Linux/USD/e5ad5df', '-DMAYAHYDRA_BUILD_NUMBER=409', '-DMAYAHYDRA_GIT_COMMIT=718e8e6b3be7d1b2da5c723cb67dbc73b14509ea', '-DMAYAHYDRA_GIT_BRANCH=master']
[2023-11-20T09:21:36.998Z]           Stages arguments          ['configure']
[2023-11-20T09:21:36.998Z]           CTest arguments           ['--parallel 16']
[2023-11-20T09:21:36.998Z]     STATUS: Found Maya Qt headers in: /local/S/jenkins/workspace/shared/Artifactory/Linux/rundev-master-debug/202311130621/runtime/fb61367/devkitBase
[2023-11-20T09:21:36.998Z]     Success MayaHydra build and install !!!!
[2023-11-20T09:21:36.998Z]     Elapsed time: 00:00:12
[Pipeline] sh
[2023-11-20T09:21:38.292Z] + scl enable gcc-toolset-11 -
[2023-11-20T09:21:38.292Z] + '[' enable = load -o enable = unload ']'
[2023-11-20T09:21:38.292Z] + /usr/bin/scl enable gcc-toolset-11 -
[2023-11-20T09:21:38.292Z] python ecg-maya-hydra/build.py --stages=configure --workspace-dir=/local/S/jenkins/workspace/ECP/ecg-maya-hydra/ecg-maya-hydra-branch-preflight-python3-linux --artifactory-dir=/local/S/jenkins/workspace/shared/Artifactory --build-dir=/local/S/jenkins/workspace/ECP/ecg-maya-hydra/ecg-maya-hydra-branch-preflight-python3-linux/build --install-dir=/local/S/jenkins/workspace/ECP/ecg-maya-hydra/ecg-maya-hydra-branch-preflight-python3-linux/install --signing-dir=/local/S/jenkins/workspace/ECP/ecg-maya-hydra/ecg-maya-hydra-branch-preflight-python3-linux/signing --package-dir=/local/S/jenkins/workspace/ECP/ecg-maya-hydra/ecg-maya-hydra-branch-preflight-python3-linux/package --output-dir=/local/S/jenkins/workspace/ECP/ecg-maya-hydra/ecg-maya-hydra-branch-preflight-python3-linux/output --stash-dir=/local/S/jenkins/workspace/ECP/ecg-maya-hydra/ecg-maya-hydra-branch-preflight-python3-linux/stash --jenkins-build=409 --git-commit=718e8e6b3be7d1b2da5c723cb67dbc73b14509ea --git-branch=master --variants=RelWithDebInfo --interactive-tests=true --post-zips=false --osx-binary-architecture-target=ub2 --osx-deployment-target=11.0 --osx-base-sdk=CurrentActiveSDK --maya-cut-config=maya-rundev-master.yaml --maya-package=rundev-master --stage-banner
[2023-11-20T09:21:38.292Z] Using Maya cut from /local/S/jenkins/workspace/shared/Artifactory/Linux/rundev-master/202311130812/runtime/48b8229
[2023-11-20T09:21:38.292Z] 
[2023-11-20T09:21:38.292Z] ================================================================================
[2023-11-20T09:21:38.292Z]                            configure (RelWithDebInfo)
[2023-11-20T09:21:38.292Z] ================================================================================
[2023-11-20T09:21:38.292Z] Maya Python RelWithDebInfo Info:
[2023-11-20T09:21:38.292Z]   mayapy executable   = /local/S/jenkins/workspace/shared/Artifactory/Linux/rundev-master/202311130812/runtime/48b8229/runTime/bin/mayapy
[2023-11-20T09:21:38.292Z]   Include Folder      = /local/S/jenkins/workspace/shared/Artifactory/Linux/rundev-master/202311130812/runtime/48b8229/runTime/include/Python311/Python
[2023-11-20T09:21:38.292Z]   Library             = /local/S/jenkins/workspace/shared/Artifactory/Linux/rundev-master/202311130812/runtime/48b8229/runTime/lib/libpython3.11.so.1.0
[2023-11-20T09:21:38.292Z]   site-package Folder = /local/S/jenkins/workspace/shared/Artifactory/Linux/rundev-master/202311130812/runtime/48b8229/runTime/lib/python3.11/site-packages
[2023-11-20T09:21:38.832Z] In workdir: /home/S/jenkins/workspace/ECP/ecg-maya-hydra/ecg-maya-hydra-branch-preflight-python3-linux/ecg-maya-hydra/maya-hydra
[2023-11-20T09:21:38.832Z] Executing: /local/S/jenkins/workspace/shared/Artifactory/Linux/rundev-master/202311130812/runtime/48b8229/runTime/bin/mayapy /home/S/jenkins/workspace/ECP/ecg-maya-hydra/ecg-maya-hydra-branch-preflight-python3-linux/ecg-maya-hydra/maya-hydra/build.py --generator Ninja --build-relwithdebug --maya-location /local/S/jenkins/workspace/shared/Artifactory/Linux/rundev-master/202311130812/runtime/48b8229/runTime --devkit-location /local/S/jenkins/workspace/shared/Artifactory/Linux/rundev-master/202311130812/runtime/48b8229/devkitBase --pxrusd-location /local/S/jenkins/workspace/shared/Artifactory/Linux/USD/1a43c47 --build-args=-DCMAKE_MAKE_PROGRAM=/local/S/jenkins/workspace/shared/Artifactory/Linux/ninja/1.10.2/9ab399b/ninja,-DPYTHON_INCLUDE_DIR=/local/S/jenkins/workspace/shared/Artifactory/Linux/rundev-master/202311130812/runtime/48b8229/runTime/include/Python311/Python,-DPython_EXECUTABLE=/local/S/jenkins/workspace/shared/Artifactory/Linux/rundev-master/202311130812/runtime/48b8229/runTime/bin/mayapy,-DPYTHON_LIBRARIES=/local/S/jenkins/workspace/shared/Artifactory/Linux/rundev-master/202311130812/runtime/48b8229/runTime/lib/libpython3.11.so.1.0,-DBUILD_WITH_PYTHON_3_VERSION=3.11,-DCMAKE_WANT_MATERIALX_BUILD=ON,-DCMAKE_PREFIX_PATH=/local/S/jenkins/workspace/shared/Artifactory/Linux/USD/1a43c47,-DMAYAHYDRA_BUILD_NUMBER=409,-DMAYAHYDRA_GIT_COMMIT=718e8e6b3be7d1b2da5c723cb67dbc73b14509ea,-DMAYAHYDRA_GIT_BRANCH=master '--ctest-args=--parallel 16' --stages=configure --redirect-outstream-file=False --install-location /local/S/jenkins/workspace/ECP/ecg-maya-hydra/ecg-maya-hydra-branch-preflight-python3-linux/install/RelWithDebInfo/MayaHydra /local/S/jenkins/workspace/ECP/ecg-maya-hydra/ecg-maya-hydra-branch-preflight-python3-linux
[2023-11-20T09:21:38.832Z] Modified environment variables:
[2023-11-20T09:21:38.832Z]     LD_LIBRARY_PATH=/opt/rh/gcc-toolset-11/root/usr/lib64:/opt/rh/gcc-toolset-11/root/usr/lib64:/opt/rh/gcc-toolset-11/root/usr/lib:/opt/rh/gcc-toolset-11/root/usr/lib64/dyninst:/opt/rh/gcc-toolset-11/root/usr/lib/dyninst
[2023-11-20T09:21:38.832Z]     PATH=/local/S/jenkins/workspace/shared/Artifactory/Linux/cmake/3.20.3/ab685d7/bin:/opt/rh/gcc-toolset-11/root/usr/bin:/home/administrator/.local/bin:/home/administrator/bin:/usr/share/Modules/bin:/usr/local/bin:/usr/local/sbin:/usr/bin:/usr/sbin
[2023-11-20T09:21:38.832Z]     -- The C compiler identification is GNU 11.2.1
[2023-11-20T09:21:38.832Z]     -- The CXX compiler identification is GNU 11.2.1
[2023-11-20T09:21:38.832Z]     -- Detecting C compiler ABI info
[2023-11-20T09:21:39.373Z]     -- Detecting C compiler ABI info - done
[2023-11-20T09:21:39.373Z]     -- Check for working C compiler: /opt/rh/gcc-toolset-11/root/usr/bin/cc - skipped
[2023-11-20T09:21:39.373Z]     -- Detecting C compile features
[2023-11-20T09:21:39.373Z]     -- Detecting C compile features - done
[2023-11-20T09:21:39.373Z]     -- Detecting CXX compiler ABI info
[2023-11-20T09:21:39.373Z]     -- Detecting CXX compiler ABI info - done
[2023-11-20T09:21:39.373Z]     -- Check for working CXX compiler: /opt/rh/gcc-toolset-11/root/usr/bin/c++ - skipped
[2023-11-20T09:21:39.373Z]     -- Detecting CXX compile features
[2023-11-20T09:21:39.373Z]     -- Detecting CXX compile features - done
[2023-11-20T09:21:39.914Z]     -- Using Maya Light API Version 3
[2023-11-20T09:21:39.914Z]     -- Maya has setDefaultMaterialHandling API
[2023-11-20T09:21:39.914Z]     -- Maya has new point snapping API
[2023-11-20T09:21:39.914Z]     -- Maya has isInCrashHandler API
[2023-11-20T09:21:39.914Z]     -- Maya has getDisplayStyleOfAllViewports API
[2023-11-20T09:21:39.914Z]     -- Maya array iterator has difference_type trait
[2023-11-20T09:21:39.914Z]     -- MFnSet has getMemberPaths function
[2023-11-20T09:21:39.914Z]     -- MFnDisplayLayer exists
[2023-11-20T09:21:39.914Z]     -- MDisplayLayerMessage has MDisplayLayerMemberChangedFunction
[2023-11-20T09:21:39.914Z]     -- MRenderItem has HideOnPlayback API
[2023-11-20T09:21:39.914Z]     -- Linux: Maya was built with new cxx11 ABI
[2023-11-20T09:21:39.914Z]     -- Found Maya: /local/S/jenkins/workspace/shared/Artifactory/Linux/rundev-master/202311130812/runtime/48b8229/runTime/bin/maya (found suitable version "2025", minimum required is "2024")
[2023-11-20T09:21:40.455Z]     -- Found Python: /local/S/jenkins/workspace/shared/Artifactory/Linux/rundev-master/202311130812/runtime/48b8229/runTime/bin/mayapy (found suitable exact version "3.11.4") found components: Interpreter
[2023-11-20T09:21:40.455Z]     -- Build mayaHydra with Python3 = 3.11
[2023-11-20T09:21:40.455Z]     --    PYTHON_INCLUDE_DIRS = /local/S/jenkins/workspace/shared/Artifactory/Linux/rundev-master/202311130812/runtime/48b8229/runTime/include/Python311/Python
[2023-11-20T09:21:40.455Z]     --    PYTHON_LIBRARIES    = /local/S/jenkins/workspace/shared/Artifactory/Linux/rundev-master/202311130812/runtime/48b8229/runTime/lib/libpython3.11.so.1.0
[2023-11-20T09:21:40.455Z]     --    Python_EXECUTABLE   = /local/S/jenkins/workspace/shared/Artifactory/Linux/rundev-master/202311130812/runtime/48b8229/runTime/bin/mayapy
[2023-11-20T09:21:40.455Z]     -- Found Python3: /local/S/jenkins/workspace/shared/Artifactory/Linux/rundev-master/202311130812/runtime/48b8229/runTime/include/Python311/Python (found suitable exact version "3.11.4") found components: Development Development.Module Development.Embed
[2023-11-20T09:21:40.455Z]     -- USD has new Sdr.PropertyTypes.Color4
[2023-11-20T09:21:40.997Z]     -- USD has MaterialX metadata support
[2023-11-20T09:21:40.997Z]     -- USD include dir: /local/S/jenkins/workspace/shared/Artifactory/Linux/USD/1a43c47/include
[2023-11-20T09:21:40.997Z]     -- USD library dir: /local/S/jenkins/workspace/shared/Artifactory/Linux/USD/1a43c47/lib
[2023-11-20T09:21:40.997Z]     -- USD version: 0.23.11
[2023-11-20T09:21:40.997Z]     -- Found USD: /local/S/jenkins/workspace/shared/Artifactory/Linux/USD/1a43c47 (found suitable version "0.23.11", minimum required is "0.22.11")
[2023-11-20T09:21:40.997Z]     Updated PYTHONPATH: /local/S/jenkins/workspace/shared/Artifactory/Linux/USD/1a43c47/lib/python
[2023-11-20T09:21:40.997Z]     -- Found UFE: /local/S/jenkins/workspace/shared/Artifactory/Linux/rundev-master/202311130812/runtime/48b8229/devkitBase/devkit/ufe/include (found version "0.5.11")
[2023-11-20T09:21:40.997Z]     -- UFE include dir: /local/S/jenkins/workspace/shared/Artifactory/Linux/rundev-master/202311130812/runtime/48b8229/devkitBase/devkit/ufe/include
[2023-11-20T09:21:40.997Z]     -- UFE library: /local/S/jenkins/workspace/shared/Artifactory/Linux/rundev-master/202311130812/runtime/48b8229/devkitBase/devkit/ufe/lib/libufe_0.so
[2023-11-20T09:21:40.997Z]     -- UFE version: 0.5.11
[2023-11-20T09:21:40.997Z]     -- Maya has UFE lights API
[2023-11-20T09:21:40.997Z]     -- Maya has UFE scene segment API
[2023-11-20T09:21:40.997Z]     -- Maya has UFE TrieNode childrenComponents accessor
[2023-11-20T09:21:40.997Z]     -- Building with UFE 0.5.11.
[2023-11-20T09:21:40.997Z]     -- Found MaterialX
[2023-11-20T09:21:40.997Z]     -- Check if compiler accepts -pthread
[2023-11-20T09:21:40.997Z]     -- Check if compiler accepts -pthread - yes
[2023-11-20T09:21:40.997Z]     -- Performing Test HAVE_STDATOMIC
[2023-11-20T09:21:40.997Z]     -- Performing Test HAVE_STDATOMIC - Success
[2023-11-20T09:21:40.997Z]     -- Found OpenGL: /usr/lib64/libOpenGL.so
[2023-11-20T09:21:41.538Z]     -- Check if linker can resolve circular dependencies - FALSE
[2023-11-20T09:21:41.538Z]     -- Found Qt 6.5.3 in Maya devkit. Hydra Scene Browser will be built.
[2023-11-20T09:21:41.538Z]     -- **** Building Gulrak From Github Repository.
[2023-11-20T09:21:41.538Z]     -- Populating gulrak
[2023-11-20T09:21:41.538Z]     -- Configuring done
[2023-11-20T09:21:41.538Z]     -- Generating done
[2023-11-20T09:21:41.538Z]     -- Build files have been written to: /home/S/jenkins/workspace/ECP/ecg-maya-hydra/ecg-maya-hydra-branch-preflight-python3-linux/build/RelWithDebInfo/_deps/gulrak-subbuild
[2023-11-20T09:21:41.538Z]     [1/9] Creating directories for 'gulrak-populate'
[2023-11-20T09:21:41.538Z]     [1/9] Performing download step (git clone) for 'gulrak-populate'
[2023-11-20T09:21:41.538Z]     Cloning into 'gulrak-src'...
[2023-11-20T09:21:41.538Z]     HEAD is now at 4e21ab3 Version bump and updated readme.
[2023-11-20T09:21:42.078Z]     [2/9] Performing update step for 'gulrak-populate'
[2023-11-20T09:21:42.078Z]     [4/9] No patch step for 'gulrak-populate'
[2023-11-20T09:21:42.078Z]     [5/9] No configure step for 'gulrak-populate'
[2023-11-20T09:21:42.078Z]     [6/9] No build step for 'gulrak-populate'
[2023-11-20T09:21:42.078Z]     [7/9] No install step for 'gulrak-populate'
[2023-11-20T09:21:42.079Z]     [8/9] No test step for 'gulrak-populate'
[2023-11-20T09:21:42.079Z]     [9/9] Completed 'gulrak-populate'
[2023-11-20T09:21:42.079Z]     -- ========== Installing GoogleTest... ==========
[2023-11-20T09:21:42.079Z]     -- Configuring done
[2023-11-20T09:21:42.079Z]     -- Generating done
[2023-11-20T09:21:42.079Z]     -- Build files have been written to: /home/S/jenkins/workspace/ECP/ecg-maya-hydra/ecg-maya-hydra-branch-preflight-python3-linux/build/RelWithDebInfo/googletest-config
[2023-11-20T09:21:42.079Z]     [1/8] Creating directories for 'googletest'
[2023-11-20T09:21:43.505Z]     [2/8] Performing download step (git clone) for 'googletest'
[2023-11-20T09:21:43.505Z]     Cloning into 'googletest-src'...
[2023-11-20T09:21:43.505Z]     HEAD is now at 703bd9ca Googletest export
[2023-11-20T09:21:43.505Z]     [3/8] Performing update step for 'googletest'
[2023-11-20T09:21:43.505Z]     [4/8] No patch step for 'googletest'
[2023-11-20T09:21:44.046Z]     [5/8] Performing configure step for 'googletest'
[2023-11-20T09:21:44.046Z]     Not searching for unused variables given on the command line.
[2023-11-20T09:21:44.046Z]     CMake Deprecation Warning at CMakeLists.txt:4 (cmake_minimum_required):
[2023-11-20T09:21:44.046Z]       Compatibility with CMake < 2.8.12 will be removed from a future version of
[2023-11-20T09:21:44.046Z]       CMake.
[2023-11-20T09:21:44.046Z]     
[2023-11-20T09:21:44.046Z]       Update the VERSION argument <min> value or use a ...<max> suffix to tell
[2023-11-20T09:21:44.046Z]       CMake that the project does not need compatibility with older versions.
[2023-11-20T09:21:44.046Z]     
[2023-11-20T09:21:44.046Z]     
[2023-11-20T09:21:44.046Z]     -- The C compiler identification is GNU 11.2.1
[2023-11-20T09:21:44.046Z]     -- The CXX compiler identification is GNU 11.2.1
[2023-11-20T09:21:44.046Z]     -- Detecting C compiler ABI info
[2023-11-20T09:21:44.046Z]     -- Detecting C compiler ABI info - done
[2023-11-20T09:21:44.046Z]     -- Check for working C compiler: /opt/rh/gcc-toolset-11/root/usr/bin/cc - skipped
[2023-11-20T09:21:44.046Z]     -- Detecting C compile features
[2023-11-20T09:21:44.046Z]     -- Detecting C compile features - done
[2023-11-20T09:21:44.046Z]     -- Detecting CXX compiler ABI info
[2023-11-20T09:21:44.046Z]     -- Detecting CXX compiler ABI info - done
[2023-11-20T09:21:44.046Z]     -- Check for working CXX compiler: /opt/rh/gcc-toolset-11/root/usr/bin/c++ - skipped
[2023-11-20T09:21:44.046Z]     -- Detecting CXX compile features
[2023-11-20T09:21:44.046Z]     -- Detecting CXX compile features - done
[2023-11-20T09:21:44.046Z]     CMake Deprecation Warning at googletest/CMakeLists.txt:56 (cmake_minimum_required):
[2023-11-20T09:21:44.046Z]       Compatibility with CMake < 2.8.12 will be removed from a future version of
[2023-11-20T09:21:44.046Z]       CMake.
[2023-11-20T09:21:44.046Z]     
[2023-11-20T09:21:44.046Z]       Update the VERSION argument <min> value or use a ...<max> suffix to tell
[2023-11-20T09:21:44.046Z]       CMake that the project does not need compatibility with older versions.
[2023-11-20T09:21:44.046Z]     
[2023-11-20T09:21:44.046Z]     
[2023-11-20T09:21:44.046Z]     -- Found PythonInterp: /usr/local/bin/python (found version "3.9.7")
[2023-11-20T09:21:44.046Z]     -- Looking for pthread.h
[2023-11-20T09:21:44.046Z]     -- Looking for pthread.h - found
[2023-11-20T09:21:44.046Z]     -- Performing Test CMAKE_HAVE_LIBC_PTHREAD
[2023-11-20T09:21:44.046Z]     -- Performing Test CMAKE_HAVE_LIBC_PTHREAD - Failed
[2023-11-20T09:21:44.046Z]     -- Looking for pthread_create in pthreads
[2023-11-20T09:21:44.046Z]     -- Looking for pthread_create in pthreads - not found
[2023-11-20T09:21:44.046Z]     -- Looking for pthread_create in pthread
[2023-11-20T09:21:44.046Z]     -- Looking for pthread_create in pthread - found
[2023-11-20T09:21:44.046Z]     -- Found Threads: TRUE
[2023-11-20T09:21:44.046Z]     -- Configuring done
[2023-11-20T09:21:44.046Z]     -- Generating done
[2023-11-20T09:21:44.046Z]     -- Build files have been written to: /home/S/jenkins/workspace/ECP/ecg-maya-hydra/ecg-maya-hydra-branch-preflight-python3-linux/build/RelWithDebInfo/googletest-build
[2023-11-20T09:21:53.503Z]     [6/8] Performing build step for 'googletest'
[2023-11-20T09:21:53.503Z]     [1/4] Building CXX object googletest/CMakeFiles/gtest_main.dir/src/gtest_main.cc.o
[2023-11-20T09:21:53.503Z]     [2/4] Building CXX object googletest/CMakeFiles/gtest.dir/src/gtest-all.cc.o
[2023-11-20T09:21:53.503Z]     [3/4] Linking CXX shared library lib/libgtest.so
[2023-11-20T09:21:53.503Z]     [4/4] Linking CXX shared library lib/libgtest_main.so
[2023-11-20T09:21:53.503Z]     [7/8] Performing install step for 'googletest'
[2023-11-20T09:21:53.503Z]     [0/1] Install the project...
[2023-11-20T09:21:53.503Z]     -- Install configuration: "RelWithDebInfo"
[2023-11-20T09:21:53.503Z]     -- Set runtime path of "/home/S/jenkins/workspace/ECP/ecg-maya-hydra/ecg-maya-hydra-branch-preflight-python3-linux/build/RelWithDebInfo/googletest-install/lib64/libgtest_main.so" to ""
[2023-11-20T09:21:53.503Z]     [8/8] Completed 'googletest'
[2023-11-20T09:21:53.503Z]     -- ========== ...  GoogleTest installed. ==========
[2023-11-20T09:21:53.503Z]     -- Found GTest: /home/S/jenkins/workspace/ECP/ecg-maya-hydra/ecg-maya-hydra-branch-preflight-python3-linux/build/RelWithDebInfo/googletest-install/lib64/libgtest.so
[2023-11-20T09:21:53.503Z]     -- promoting: /home/S/jenkins/workspace/ECP/ecg-maya-hydra/ecg-maya-hydra-branch-preflight-python3-linux/ecg-maya-hydra/maya-hydra/lib/mayaHydra/mayaPlugin/pluginUtils.h
[2023-11-20T09:21:53.503Z]     -- promoting: /home/S/jenkins/workspace/ECP/ecg-maya-hydra/ecg-maya-hydra-branch-preflight-python3-linux/ecg-maya-hydra/maya-hydra/lib/mayaHydra/hydraExtensions/api.h
[2023-11-20T09:21:53.503Z]     -- promoting: /home/S/jenkins/workspace/ECP/ecg-maya-hydra/ecg-maya-hydra-branch-preflight-python3-linux/ecg-maya-hydra/maya-hydra/lib/mayaHydra/hydraExtensions/debugCodes.h
[2023-11-20T09:21:53.503Z]     -- promoting: /home/S/jenkins/workspace/ECP/ecg-maya-hydra/ecg-maya-hydra-branch-preflight-python3-linux/ecg-maya-hydra/maya-hydra/lib/mayaHydra/hydraExtensions/hydraUtils.h
[2023-11-20T09:21:53.503Z]     -- promoting: /home/S/jenkins/workspace/ECP/ecg-maya-hydra/ecg-maya-hydra-branch-preflight-python3-linux/ecg-maya-hydra/maya-hydra/lib/mayaHydra/hydraExtensions/mayaHydraLibInterface.h
[2023-11-20T09:21:53.503Z]     -- promoting: /home/S/jenkins/workspace/ECP/ecg-maya-hydra/ecg-maya-hydra-branch-preflight-python3-linux/ecg-maya-hydra/maya-hydra/lib/mayaHydra/hydraExtensions/mayaHydraLibInterfaceImp.h
[2023-11-20T09:21:53.503Z]     -- promoting: /home/S/jenkins/workspace/ECP/ecg-maya-hydra/ecg-maya-hydra-branch-preflight-python3-linux/ecg-maya-hydra/maya-hydra/lib/mayaHydra/hydraExtensions/mayaUtils.h
[2023-11-20T09:21:53.503Z]     -- promoting: /home/S/jenkins/workspace/ECP/ecg-maya-hydra/ecg-maya-hydra-branch-preflight-python3-linux/ecg-maya-hydra/maya-hydra/lib/mayaHydra/hydraExtensions/mixedUtils.h
[2023-11-20T09:21:53.503Z]     -- promoting: /home/S/jenkins/workspace/ECP/ecg-maya-hydra/ecg-maya-hydra-branch-preflight-python3-linux/ecg-maya-hydra/maya-hydra/lib/mayaHydra/hydraExtensions/mayaHydraSceneProducer.h
[2023-11-20T09:21:53.503Z]     -- promoting: /home/S/jenkins/workspace/ECP/ecg-maya-hydra/ecg-maya-hydra-branch-preflight-python3-linux/ecg-maya-hydra/maya-hydra/lib/mayaHydra/hydraExtensions/adapters/adapter.h
[2023-11-20T09:21:53.503Z]     -- promoting: /home/S/jenkins/workspace/ECP/ecg-maya-hydra/ecg-maya-hydra-branch-preflight-python3-linux/ecg-maya-hydra/maya-hydra/lib/mayaHydra/hydraExtensions/adapters/adapterDebugCodes.h
[2023-11-20T09:21:53.503Z]     -- promoting: /home/S/jenkins/workspace/ECP/ecg-maya-hydra/ecg-maya-hydra-branch-preflight-python3-linux/ecg-maya-hydra/maya-hydra/lib/mayaHydra/hydraExtensions/adapters/adapterRegistry.h
[2023-11-20T09:21:53.503Z]     -- promoting: /home/S/jenkins/workspace/ECP/ecg-maya-hydra/ecg-maya-hydra-branch-preflight-python3-linux/ecg-maya-hydra/maya-hydra/lib/mayaHydra/hydraExtensions/adapters/cameraAdapter.h
[2023-11-20T09:21:53.503Z]     -- promoting: /home/S/jenkins/workspace/ECP/ecg-maya-hydra/ecg-maya-hydra-branch-preflight-python3-linux/ecg-maya-hydra/maya-hydra/lib/mayaHydra/hydraExtensions/adapters/constantShadowMatrix.h
[2023-11-20T09:21:53.503Z]     -- promoting: /home/S/jenkins/workspace/ECP/ecg-maya-hydra/ecg-maya-hydra-branch-preflight-python3-linux/ecg-maya-hydra/maya-hydra/lib/mayaHydra/hydraExtensions/adapters/dagAdapter.h
[2023-11-20T09:21:53.503Z]     -- promoting: /home/S/jenkins/workspace/ECP/ecg-maya-hydra/ecg-maya-hydra-branch-preflight-python3-linux/ecg-maya-hydra/maya-hydra/lib/mayaHydra/hydraExtensions/adapters/renderItemAdapter.h
[2023-11-20T09:21:53.503Z]     -- promoting: /home/S/jenkins/workspace/ECP/ecg-maya-hydra/ecg-maya-hydra-branch-preflight-python3-linux/ecg-maya-hydra/maya-hydra/lib/mayaHydra/hydraExtensions/adapters/lightAdapter.h
[2023-11-20T09:21:53.503Z]     -- promoting: /home/S/jenkins/workspace/ECP/ecg-maya-hydra/ecg-maya-hydra-branch-preflight-python3-linux/ecg-maya-hydra/maya-hydra/lib/mayaHydra/hydraExtensions/adapters/materialAdapter.h
[2023-11-20T09:21:53.503Z]     -- promoting: /home/S/jenkins/workspace/ECP/ecg-maya-hydra/ecg-maya-hydra-branch-preflight-python3-linux/ecg-maya-hydra/maya-hydra/lib/mayaHydra/hydraExtensions/adapters/materialNetworkConverter.h
[2023-11-20T09:21:53.503Z]     -- promoting: /home/S/jenkins/workspace/ECP/ecg-maya-hydra/ecg-maya-hydra-branch-preflight-python3-linux/ecg-maya-hydra/maya-hydra/lib/mayaHydra/hydraExtensions/adapters/mayaAttrs.h
[2023-11-20T09:21:53.503Z]     -- promoting: /home/S/jenkins/workspace/ECP/ecg-maya-hydra/ecg-maya-hydra-branch-preflight-python3-linux/ecg-maya-hydra/maya-hydra/lib/mayaHydra/hydraExtensions/adapters/shapeAdapter.h
[2023-11-20T09:21:53.503Z]     -- promoting: /home/S/jenkins/workspace/ECP/ecg-maya-hydra/ecg-maya-hydra-branch-preflight-python3-linux/ecg-maya-hydra/maya-hydra/lib/mayaHydra/hydraExtensions/adapters/tokens.h
[2023-11-20T09:21:53.503Z]     -- promoting: /home/S/jenkins/workspace/ECP/ecg-maya-hydra/ecg-maya-hydra-branch-preflight-python3-linux/ecg-maya-hydra/maya-hydra/lib/mayaHydra/hydraExtensions/delegates/delegate.h
[2023-11-20T09:21:53.503Z]     -- promoting: /home/S/jenkins/workspace/ECP/ecg-maya-hydra/ecg-maya-hydra-branch-preflight-python3-linux/ecg-maya-hydra/maya-hydra/lib/mayaHydra/hydraExtensions/delegates/delegateCtx.h
[2023-11-20T09:21:53.503Z]     -- promoting: /home/S/jenkins/workspace/ECP/ecg-maya-hydra/ecg-maya-hydra-branch-preflight-python3-linux/ecg-maya-hydra/maya-hydra/lib/mayaHydra/hydraExtensions/delegates/delegateDebugCodes.h
[2023-11-20T09:21:53.503Z]     -- promoting: /home/S/jenkins/workspace/ECP/ecg-maya-hydra/ecg-maya-hydra-branch-preflight-python3-linux/ecg-maya-hydra/maya-hydra/lib/mayaHydra/hydraExtensions/delegates/delegateRegistry.h
[2023-11-20T09:21:53.503Z]     -- promoting: /home/S/jenkins/workspace/ECP/ecg-maya-hydra/ecg-maya-hydra-branch-preflight-python3-linux/ecg-maya-hydra/maya-hydra/lib/mayaHydra/hydraExtensions/delegates/params.h
[2023-11-20T09:21:53.503Z]     -- promoting: /home/S/jenkins/workspace/ECP/ecg-maya-hydra/ecg-maya-hydra-branch-preflight-python3-linux/ecg-maya-hydra/maya-hydra/lib/mayaHydra/hydraExtensions/delegates/sceneDelegate.h
[2023-11-20T09:21:53.503Z]     -- promoting: /home/S/jenkins/workspace/ECP/ecg-maya-hydra/ecg-maya-hydra-branch-preflight-python3-linux/ecg-maya-hydra/maya-hydra/lib/mayaHydra/hydraExtensions/delegates/defaultLightDelegate.h
[2023-11-20T09:21:53.503Z]     -- promoting: /home/S/jenkins/workspace/ECP/ecg-maya-hydra/ecg-maya-hydra-branch-preflight-python3-linux/ecg-maya-hydra/maya-hydra/lib/mayaHydra/hydraExtensions/delegates/testDelegate.h
[2023-11-20T09:21:53.503Z]     -- promoting: /home/S/jenkins/workspace/ECP/ecg-maya-hydra/ecg-maya-hydra-branch-preflight-python3-linux/ecg-maya-hydra/maya-hydra/lib/mayaHydra/hydraExtensions/sceneIndex/registration.h
[2023-11-20T09:21:53.503Z]     -- promoting: /home/S/jenkins/workspace/ECP/ecg-maya-hydra/ecg-maya-hydra-branch-preflight-python3-linux/ecg-maya-hydra/maya-hydra/lib/mayaHydra/hydraExtensions/sceneIndex/mayaHydraSceneIndex.h
[2023-11-20T09:21:53.503Z]     -- promoting: /home/S/jenkins/workspace/ECP/ecg-maya-hydra/ecg-maya-hydra-branch-preflight-python3-linux/ecg-maya-hydra/maya-hydra/lib/mayaHydra/hydraExtensions/sceneIndex/mayaHydraDataSource.h
[2023-11-20T09:21:53.503Z]     -- promoting: /home/S/jenkins/workspace/ECP/ecg-maya-hydra/ecg-maya-hydra-branch-preflight-python3-linux/ecg-maya-hydra/maya-hydra/lib/mayaHydra/hydraExtensions/sceneIndex/mayaHydraPrimvarDataSource.h
[2023-11-20T09:21:53.503Z]     -- promoting: /home/S/jenkins/workspace/ECP/ecg-maya-hydra/ecg-maya-hydra-branch-preflight-python3-linux/ecg-maya-hydra/maya-hydra/lib/mayaHydra/hydraExtensions/sceneIndex/mayaHydraDisplayStyleDataSource.h
[2023-11-20T09:21:53.503Z]     -- promoting: /home/S/jenkins/workspace/ECP/ecg-maya-hydra/ecg-maya-hydra-branch-preflight-python3-linux/ecg-maya-hydra/maya-hydra/lib/mayaHydra/hydraExtensions/sceneIndex/mayaHydraCameraDataSource.h
[2023-11-20T09:21:53.503Z]     -- promoting: /home/S/jenkins/workspace/ECP/ecg-maya-hydra/ecg-maya-hydra-branch-preflight-python3-linux/ecg-maya-hydra/maya-hydra/lib/mayaHydra/hydraExtensions/sceneIndex/mayaHydraLightDataSource.h
[2023-11-20T09:21:53.503Z]     -- promoting: /home/S/jenkins/workspace/ECP/ecg-maya-hydra/ecg-maya-hydra-branch-preflight-python3-linux/ecg-maya-hydra/maya-hydra/lib/mayaHydra/hydraExtensions/sceneIndex/mayaHydraDefaultLightDataSource.h
[2023-11-20T09:21:53.503Z]     -- promoting: /home/S/jenkins/workspace/ECP/ecg-maya-hydra/ecg-maya-hydra-branch-preflight-python3-linux/ecg-maya-hydra/maya-hydra/lib/mayaHydra/ufeExtensions/api.h
[2023-11-20T09:21:53.503Z]     -- promoting: /home/S/jenkins/workspace/ECP/ecg-maya-hydra/ecg-maya-hydra-branch-preflight-python3-linux/ecg-maya-hydra/maya-hydra/lib/mayaHydra/ufeExtensions/Global.h
[2023-11-20T09:21:53.503Z]     -- promoting: /home/S/jenkins/workspace/ECP/ecg-maya-hydra/ecg-maya-hydra-branch-preflight-python3-linux/ecg-maya-hydra/maya-hydra/lib/flowViewport/api.h
[2023-11-20T09:21:53.503Z]     -- promoting: /home/S/jenkins/workspace/ECP/ecg-maya-hydra/ecg-maya-hydra-branch-preflight-python3-linux/ecg-maya-hydra/maya-hydra/lib/flowViewport/debugCodes.h
[2023-11-20T09:21:53.503Z]     -- promoting: /home/S/jenkins/workspace/ECP/ecg-maya-hydra/ecg-maya-hydra-branch-preflight-python3-linux/ecg-maya-hydra/maya-hydra/lib/flowViewport/global.h
[2023-11-20T09:21:53.503Z]     -- promoting: /home/S/jenkins/workspace/ECP/ecg-maya-hydra/ecg-maya-hydra-branch-preflight-python3-linux/ecg-maya-hydra/maya-hydra/lib/flowViewport/tokens.h
[2023-11-20T09:21:53.503Z]     -- promoting: /home/S/jenkins/workspace/ECP/ecg-maya-hydra/ecg-maya-hydra-branch-preflight-python3-linux/ecg-maya-hydra/maya-hydra/lib/flowViewport/colorPreferences/fvpColorChanged.h
[2023-11-20T09:21:53.503Z]     -- promoting: /home/S/jenkins/workspace/ECP/ecg-maya-hydra/ecg-maya-hydra-branch-preflight-python3-linux/ecg-maya-hydra/maya-hydra/lib/flowViewport/colorPreferences/fvpColorPreferences.h
[2023-11-20T09:21:53.504Z]     -- promoting: /home/S/jenkins/workspace/ECP/ecg-maya-hydra/ecg-maya-hydra-branch-preflight-python3-linux/ecg-maya-hydra/maya-hydra/lib/flowViewport/colorPreferences/fvpColorPreferencesTokens.h
[2023-11-20T09:21:53.504Z]     -- promoting: /home/S/jenkins/workspace/ECP/ecg-maya-hydra/ecg-maya-hydra-branch-preflight-python3-linux/ecg-maya-hydra/maya-hydra/lib/flowViewport/colorPreferences/fvpColorPreferencesTranslator.h
[2023-11-20T09:21:53.504Z]     -- promoting: /home/S/jenkins/workspace/ECP/ecg-maya-hydra/ecg-maya-hydra-branch-preflight-python3-linux/ecg-maya-hydra/maya-hydra/lib/flowViewport/sceneIndex/fvpMergingSceneIndex.h
[2023-11-20T09:21:53.504Z]     -- promoting: /home/S/jenkins/workspace/ECP/ecg-maya-hydra/ecg-maya-hydra-branch-preflight-python3-linux/ecg-maya-hydra/maya-hydra/lib/flowViewport/sceneIndex/fvpPathInterface.h
[2023-11-20T09:21:53.504Z]     -- promoting: /home/S/jenkins/workspace/ECP/ecg-maya-hydra/ecg-maya-hydra-branch-preflight-python3-linux/ecg-maya-hydra/maya-hydra/lib/flowViewport/sceneIndex/fvpPathInterfaceSceneIndex.h
[2023-11-20T09:21:53.504Z]     -- promoting: /home/S/jenkins/workspace/ECP/ecg-maya-hydra/ecg-maya-hydra-branch-preflight-python3-linux/ecg-maya-hydra/maya-hydra/lib/flowViewport/sceneIndex/fvpRenderIndexProxy.h
[2023-11-20T09:21:53.504Z]     -- promoting: /home/S/jenkins/workspace/ECP/ecg-maya-hydra/ecg-maya-hydra-branch-preflight-python3-linux/ecg-maya-hydra/maya-hydra/lib/flowViewport/sceneIndex/fvpRenderIndexProxyFwd.h
[2023-11-20T09:21:53.504Z]     -- promoting: /home/S/jenkins/workspace/ECP/ecg-maya-hydra/ecg-maya-hydra-branch-preflight-python3-linux/ecg-maya-hydra/maya-hydra/lib/flowViewport/sceneIndex/fvpSelectionSceneIndex.h
[2023-11-20T09:21:53.504Z]     -- promoting: /home/S/jenkins/workspace/ECP/ecg-maya-hydra/ecg-maya-hydra-branch-preflight-python3-linux/ecg-maya-hydra/maya-hydra/lib/flowViewport/sceneIndex/fvpWireframeSelectionHighlightSceneIndex.h
[2023-11-20T09:21:53.504Z]     -- promoting: /home/S/jenkins/workspace/ECP/ecg-maya-hydra/ecg-maya-hydra-branch-preflight-python3-linux/ecg-maya-hydra/maya-hydra/lib/flowViewport/API/fvpSelectionClient.h
[2023-11-20T09:21:53.504Z]     -- promoting: /home/S/jenkins/workspace/ECP/ecg-maya-hydra/ecg-maya-hydra-branch-preflight-python3-linux/ecg-maya-hydra/maya-hydra/lib/flowViewport/API/fvpFlowSelectionInterface.h
[2023-11-20T09:21:53.504Z]     -- promoting: /home/S/jenkins/workspace/ECP/ecg-maya-hydra/ecg-maya-hydra-branch-preflight-python3-linux/ecg-maya-hydra/maya-hydra/lib/flowViewport/API/fvpVersionInterface.h
[2023-11-20T09:21:53.504Z]     -- promoting: /home/S/jenkins/workspace/ECP/ecg-maya-hydra/ecg-maya-hydra-branch-preflight-python3-linux/ecg-maya-hydra/maya-hydra/lib/flowViewport/API/fvpInformationInterface.h
[2023-11-20T09:21:53.504Z]     -- promoting: /home/S/jenkins/workspace/ECP/ecg-maya-hydra/ecg-maya-hydra-branch-preflight-python3-linux/ecg-maya-hydra/maya-hydra/lib/flowViewport/API/fvpInformationClient.h
[2023-11-20T09:21:53.504Z]     -- promoting: /home/S/jenkins/workspace/ECP/ecg-maya-hydra/ecg-maya-hydra-branch-preflight-python3-linux/ecg-maya-hydra/maya-hydra/lib/flowViewport/API/interfacesImp/fvpSelectionInterfaceImp.h
[2023-11-20T09:21:53.504Z]     -- promoting: /home/S/jenkins/workspace/ECP/ecg-maya-hydra/ecg-maya-hydra-branch-preflight-python3-linux/ecg-maya-hydra/maya-hydra/lib/flowViewport/API/interfacesImp/fvpVersionInterfaceImp.h
[2023-11-20T09:21:53.504Z]     -- promoting: /home/S/jenkins/workspace/ECP/ecg-maya-hydra/ecg-maya-hydra-branch-preflight-python3-linux/ecg-maya-hydra/maya-hydra/lib/flowViewport/API/interfacesImp/fvpInformationInterfaceImp.h
[2023-11-20T09:21:53.504Z]     -- promoting: /home/S/jenkins/workspace/ECP/ecg-maya-hydra/ecg-maya-hydra-branch-preflight-python3-linux/ecg-maya-hydra/maya-hydra/lib/flowViewport/API/samples/fvpSelectionClientExample.h
[2023-11-20T09:21:53.504Z]     -- promoting: /home/S/jenkins/workspace/ECP/ecg-maya-hydra/ecg-maya-hydra-branch-preflight-python3-linux/ecg-maya-hydra/maya-hydra/lib/flowViewport/API/samples/fvpInformationClientExample.h
[2023-11-20T09:21:53.504Z]     -- promoting: /home/S/jenkins/workspace/ECP/ecg-maya-hydra/ecg-maya-hydra-branch-preflight-python3-linux/ecg-maya-hydra/maya-hydra/lib/flowViewport/API/perViewportSceneIndicesData/fvpViewportInformationAndSceneIndicesPerViewportData.h
[2023-11-20T09:21:53.504Z]     -- promoting: /home/S/jenkins/workspace/ECP/ecg-maya-hydra/ecg-maya-hydra-branch-preflight-python3-linux/ecg-maya-hydra/maya-hydra/lib/flowViewport/API/perViewportSceneIndicesData/fvpViewportInformationAndSceneIndicesPerViewportDataManager.h
[2023-11-20T09:21:53.504Z]     -- promoting: /home/S/jenkins/workspace/ECP/ecg-maya-hydra/ecg-maya-hydra-branch-preflight-python3-linux/ecg-maya-hydra/maya-hydra/lib/flowViewport/selection/fvpSelection.h
[2023-11-20T09:21:53.504Z]     -- promoting: /home/S/jenkins/workspace/ECP/ecg-maya-hydra/ecg-maya-hydra-branch-preflight-python3-linux/ecg-maya-hydra/maya-hydra/lib/flowViewport/selection/fvpSelectionFwd.h
[2023-11-20T09:21:53.504Z]     -- promoting: /home/S/jenkins/workspace/ECP/ecg-maya-hydra/ecg-maya-hydra-branch-preflight-python3-linux/ecg-maya-hydra/maya-hydra/lib/flowViewport/selection/fvpSelectionTask.h
[2023-11-20T09:21:53.504Z]     -- promoting: /home/S/jenkins/workspace/ECP/ecg-maya-hydra/ecg-maya-hydra-branch-preflight-python3-linux/ecg-maya-hydra/maya-hydra/lib/flowViewport/selection/fvpSelectionTracker.h
[2023-11-20T09:21:53.504Z]     -- Configuring done
[2023-11-20T09:21:53.722Z]     -- Generating done
[2023-11-20T09:21:53.722Z]     -- Build files have been written to: /home/S/jenkins/workspace/ECP/ecg-maya-hydra/ecg-maya-hydra-branch-preflight-python3-linux/build/RelWithDebInfo
[2023-11-20T09:21:53.722Z]     
[2023-11-20T09:21:53.722Z]         Building with settings:
[2023-11-20T09:21:53.722Z]           Source directory          /home/S/jenkins/workspace/ECP/ecg-maya-hydra/ecg-maya-hydra-branch-preflight-python3-linux/ecg-maya-hydra/maya-hydra
[2023-11-20T09:21:53.722Z]           Workspace directory       /local/S/jenkins/workspace/ECP/ecg-maya-hydra/ecg-maya-hydra-branch-preflight-python3-linux
[2023-11-20T09:21:53.722Z]           Build directory           /local/S/jenkins/workspace/ECP/ecg-maya-hydra/ecg-maya-hydra-branch-preflight-python3-linux/build/RelWithDebInfo
[2023-11-20T09:21:53.722Z]           Install directory         /local/S/jenkins/workspace/ECP/ecg-maya-hydra/ecg-maya-hydra-branch-preflight-python3-linux/install/RelWithDebInfo/MayaHydra
[2023-11-20T09:21:53.722Z]           Variant                   RelWithDebInfo
[2023-11-20T09:21:53.722Z]           Python Debug              Off
[2023-11-20T09:21:53.722Z]           CMake generator           Ninja
[2023-11-20T09:21:53.722Z]           Build arguments           ['-DCMAKE_MAKE_PROGRAM=/local/S/jenkins/workspace/shared/Artifactory/Linux/ninja/1.10.2/9ab399b/ninja', '-DPYTHON_INCLUDE_DIR=/local/S/jenkins/workspace/shared/Artifactory/Linux/rundev-master/202311130812/runtime/48b8229/runTime/include/Python311/Python', '-DPython_EXECUTABLE=/local/S/jenkins/workspace/shared/Artifactory/Linux/rundev-master/202311130812/runtime/48b8229/runTime/bin/mayapy', '-DPYTHON_LIBRARIES=/local/S/jenkins/workspace/shared/Artifactory/Linux/rundev-master/202311130812/runtime/48b8229/runTime/lib/libpython3.11.so.1.0', '-DBUILD_WITH_PYTHON_3_VERSION=3.11', '-DCMAKE_WANT_MATERIALX_BUILD=ON', '-DCMAKE_PREFIX_PATH=/local/S/jenkins/workspace/shared/Artifactory/Linux/USD/1a43c47', '-DMAYAHYDRA_BUILD_NUMBER=409', '-DMAYAHYDRA_GIT_COMMIT=718e8e6b3be7d1b2da5c723cb67dbc73b14509ea', '-DMAYAHYDRA_GIT_BRANCH=master']
[2023-11-20T09:21:53.722Z]           Stages arguments          ['configure']
[2023-11-20T09:21:53.722Z]           CTest arguments           ['--parallel 16']
[2023-11-20T09:21:53.722Z]     STATUS: Found Maya Qt headers in: /local/S/jenkins/workspace/shared/Artifactory/Linux/rundev-master/202311130812/runtime/48b8229/devkitBase
[2023-11-20T09:21:53.722Z]     Success MayaHydra build and install !!!!
[2023-11-20T09:21:53.722Z]     Elapsed time: 00:00:14
[Pipeline] }
[Pipeline] // withEnv
[Pipeline] }
[Pipeline] // timeout
[Pipeline] }
[Pipeline] // stage
[Pipeline] }
[Pipeline] // timestamps
[Pipeline] timestamps
[Pipeline] {
[Pipeline] stage
[Pipeline] { (Build)
[Pipeline] timeout
[2023-11-20T09:21:53.849Z] Timeout set to expire in 6 hr 0 min
[Pipeline] {
[Pipeline] withEnv
[Pipeline] {
[Pipeline] sh
[2023-11-20T09:21:55.055Z] + scl enable gcc-toolset-11 -
[2023-11-20T09:21:55.055Z] + '[' enable = load -o enable = unload ']'
[2023-11-20T09:21:55.055Z] + /usr/bin/scl enable gcc-toolset-11 -
[2023-11-20T09:21:55.055Z] python ecg-maya-hydra/build.py --stages=build --workspace-dir=/local/S/jenkins/workspace/ECP/ecg-maya-hydra/ecg-maya-hydra-branch-preflight-python3-linux --artifactory-dir=/local/S/jenkins/workspace/shared/Artifactory --build-dir=/local/S/jenkins/workspace/ECP/ecg-maya-hydra/ecg-maya-hydra-branch-preflight-python3-linux/build --install-dir=/local/S/jenkins/workspace/ECP/ecg-maya-hydra/ecg-maya-hydra-branch-preflight-python3-linux/install --signing-dir=/local/S/jenkins/workspace/ECP/ecg-maya-hydra/ecg-maya-hydra-branch-preflight-python3-linux/signing --package-dir=/local/S/jenkins/workspace/ECP/ecg-maya-hydra/ecg-maya-hydra-branch-preflight-python3-linux/package --output-dir=/local/S/jenkins/workspace/ECP/ecg-maya-hydra/ecg-maya-hydra-branch-preflight-python3-linux/output --stash-dir=/local/S/jenkins/workspace/ECP/ecg-maya-hydra/ecg-maya-hydra-branch-preflight-python3-linux/stash --jenkins-build=409 --git-commit=718e8e6b3be7d1b2da5c723cb67dbc73b14509ea --git-branch=master --variants=Debug --interactive-tests=true --post-zips=false --osx-binary-architecture-target=ub2 --osx-deployment-target=11.0 --osx-base-sdk=CurrentActiveSDK --build-retry=3 --maya-cut-config=maya-rundev-master-debug.yaml --maya-package=rundev-master-debug --stage-banner
[2023-11-20T09:21:55.055Z] Using Maya cut from /local/S/jenkins/workspace/shared/Artifactory/Linux/rundev-master-debug/202311130621/runtime/fb61367
[2023-11-20T09:21:55.055Z] 
[2023-11-20T09:21:55.055Z] ================================================================================
[2023-11-20T09:21:55.055Z]                                  build (Debug)
[2023-11-20T09:21:55.055Z] ================================================================================
[2023-11-20T09:21:55.055Z] Maya Python Debug Info:
[2023-11-20T09:21:55.055Z]   mayapy executable   = /local/S/jenkins/workspace/shared/Artifactory/Linux/rundev-master-debug/202311130621/runtime/fb61367/runTime/bin/mayapy
[2023-11-20T09:21:55.055Z]   Include Folder      = /local/S/jenkins/workspace/shared/Artifactory/Linux/rundev-master-debug/202311130621/runtime/fb61367/runTime/include/Python311/Python
[2023-11-20T09:21:55.055Z]   Library             = /local/S/jenkins/workspace/shared/Artifactory/Linux/rundev-master-debug/202311130621/runtime/fb61367/runTime/lib/libpython3.11d.so.1.0
[2023-11-20T09:21:55.055Z]   site-package Folder = /local/S/jenkins/workspace/shared/Artifactory/Linux/rundev-master-debug/202311130621/runtime/fb61367/runTime/lib/python3.11/site-packages
[2023-11-20T09:21:56.251Z] In workdir: /home/S/jenkins/workspace/ECP/ecg-maya-hydra/ecg-maya-hydra-branch-preflight-python3-linux/ecg-maya-hydra/maya-hydra
[2023-11-20T09:21:56.251Z] Executing: /local/S/jenkins/workspace/shared/Artifactory/Linux/rundev-master-debug/202311130621/runtime/fb61367/runTime/bin/mayapy /home/S/jenkins/workspace/ECP/ecg-maya-hydra/ecg-maya-hydra-branch-preflight-python3-linux/ecg-maya-hydra/maya-hydra/build.py --generator Ninja --build-debug --maya-location /local/S/jenkins/workspace/shared/Artifactory/Linux/rundev-master-debug/202311130621/runtime/fb61367/runTime --devkit-location /local/S/jenkins/workspace/shared/Artifactory/Linux/rundev-master-debug/202311130621/runtime/fb61367/devkitBase --pxrusd-location /local/S/jenkins/workspace/shared/Artifactory/Linux/USD/e5ad5df --build-args=-DCMAKE_MAKE_PROGRAM=/local/S/jenkins/workspace/shared/Artifactory/Linux/ninja/1.10.2/9ab399b/ninja,-DPYTHON_INCLUDE_DIR=/local/S/jenkins/workspace/shared/Artifactory/Linux/rundev-master-debug/202311130621/runtime/fb61367/runTime/include/Python311/Python,-DPython_EXECUTABLE=/local/S/jenkins/workspace/shared/Artifactory/Linux/rundev-master-debug/202311130621/runtime/fb61367/runTime/bin/mayapy,-DPYTHON_LIBRARIES=/local/S/jenkins/workspace/shared/Artifactory/Linux/rundev-master-debug/202311130621/runtime/fb61367/runTime/lib/libpython3.11d.so.1.0,-DBUILD_WITH_PYTHON_3_VERSION=3.11,-DCMAKE_WANT_MATERIALX_BUILD=ON,-DCMAKE_PREFIX_PATH=/local/S/jenkins/workspace/shared/Artifactory/Linux/USD/e5ad5df,-DMAYAHYDRA_BUILD_NUMBER=409,-DMAYAHYDRA_GIT_COMMIT=718e8e6b3be7d1b2da5c723cb67dbc73b14509ea,-DMAYAHYDRA_GIT_BRANCH=master --debug-python '--ctest-args=--parallel 16' --stages=build --redirect-outstream-file=False --install-location /local/S/jenkins/workspace/ECP/ecg-maya-hydra/ecg-maya-hydra-branch-preflight-python3-linux/install/Debug/MayaHydra /local/S/jenkins/workspace/ECP/ecg-maya-hydra/ecg-maya-hydra-branch-preflight-python3-linux
[2023-11-20T09:21:56.251Z] Modified environment variables:
[2023-11-20T09:21:56.251Z]     LD_LIBRARY_PATH=/opt/rh/gcc-toolset-11/root/usr/lib64:/opt/rh/gcc-toolset-11/root/usr/lib64:/opt/rh/gcc-toolset-11/root/usr/lib:/opt/rh/gcc-toolset-11/root/usr/lib64/dyninst:/opt/rh/gcc-toolset-11/root/usr/lib/dyninst
[2023-11-20T09:21:56.251Z]     PATH=/local/S/jenkins/workspace/shared/Artifactory/Linux/cmake/3.20.3/ab685d7/bin:/opt/rh/gcc-toolset-11/root/usr/bin:/home/administrator/.local/bin:/home/administrator/bin:/usr/share/Modules/bin:/usr/local/bin:/usr/local/sbin:/usr/bin:/usr/sbin
[2023-11-20T09:21:56.960Z]     [1/107] Building CXX object lib/mayaHydra/mayaPlugin/CMakeFiles/mayaHydra.dir/colorNotFoundException.cpp.o
[2023-11-20T09:21:56.960Z]     [2/107] Building CXX object lib/mayaHydra/mayaPlugin/CMakeFiles/mayaHydra.dir/tokens.cpp.o
[2023-11-20T09:21:57.610Z]     [3/107] Building CXX object lib/mayaHydra/mayaPlugin/CMakeFiles/mayaHydra.dir/pluginDebugCodes.cpp.o
[2023-11-20T09:21:57.610Z]     [4/107] Building CXX object test/lib/mayaUsd/render/mayaToHydra/cpp/CMakeFiles/mayaHydraCppTests.dir/testCppFramework.cpp.o
[2023-11-20T09:21:57.610Z]     [5/107] Building CXX object test/lib/mayaUsd/render/mayaToHydra/cpp/CMakeFiles/mayaHydraCppTests.dir/mayaHydraCppTestsCmd.cpp.o
[2023-11-20T09:21:57.610Z]     [6/107] Building CXX object lib/mayaHydra/mayaPlugin/CMakeFiles/mayaHydra.dir/mayaColorPreferencesTranslator.cpp.o
[2023-11-20T09:21:58.190Z]     [7/107] Building CXX object lib/mayaHydra/hydraExtensions/CMakeFiles/mayaHydraLib.dir/mhBuildInfo.cpp.o
[2023-11-20T09:21:58.768Z]     [8/107] Building CXX object test/lib/mayaUsd/render/mayaToHydra/cpp/CMakeFiles/mayaHydraCppTests.dir/testColorPreferences.cpp.o
[2023-11-20T09:21:59.314Z]     [9/107] Building CXX object lib/mayaHydra/hydraExtensions/CMakeFiles/mayaHydraLib.dir/debugCodes.cpp.o
[2023-11-20T09:21:59.866Z]     [10/107] Building CXX object test/lib/mayaUsd/render/mayaToHydra/cpp/CMakeFiles/mayaHydraCppTests.dir/testUtils.cpp.o
[2023-11-20T09:21:59.866Z]     [11/107] Building CXX object test/lib/mayaUsd/render/mayaToHydra/cpp/CMakeFiles/mayaHydraCppTests.dir/testFvpViewportInformationMultipleViewports.cpp.o
[2023-11-20T09:21:59.866Z]     [12/107] Building CXX object test/lib/mayaUsd/render/mayaToHydra/cpp/CMakeFiles/mayaHydraCppTests.dir/testFvpViewportInformationRendererSwitching.cpp.o
[2023-11-20T09:21:59.866Z]     [13/107] Building CXX object test/lib/mayaUsd/render/mayaToHydra/cpp/CMakeFiles/mayaHydraCppTests.dir/testMayaUsdUfeItems.cpp.o
[2023-11-20T09:22:00.409Z]     [14/107] Building CXX object lib/mayaHydra/hydraExtensions/CMakeFiles/mayaHydraLib.dir/mayaUtils.cpp.o
[2023-11-20T09:22:00.409Z]     [15/107] Building CXX object test/lib/mayaUsd/render/mayaToHydra/cpp/CMakeFiles/mayaHydraCppTests.dir/testMayaSceneFlattening.cpp.o
[2023-11-20T09:22:00.409Z]     [16/107] Building CXX object test/lib/mayaUsd/render/mayaToHydra/cpp/CMakeFiles/mayaHydraCppTests.dir/testSelectionSceneIndex.cpp.o
[2023-11-20T09:22:00.409Z]     [17/107] Building CXX object test/lib/mayaUsd/render/mayaToHydra/cpp/CMakeFiles/mayaHydraCppTests.dir/testWireframeSelectionHighlightSceneIndex.cpp.o
[2023-11-20T09:22:00.409Z]     [18/107] Building CXX object lib/mayaHydra/hydraExtensions/CMakeFiles/mayaHydraLib.dir/mixedUtils.cpp.o
[2023-11-20T09:22:00.409Z]     [19/107] Building CXX object lib/mayaHydra/hydraExtensions/CMakeFiles/mayaHydraLib.dir/mayaHydraLibInterfaceImp.cpp.o
[2023-11-20T09:22:00.955Z]     [20/107] Building CXX object lib/mayaHydra/hydraExtensions/CMakeFiles/mayaHydraLib.dir/adapters/adapterDebugCodes.cpp.o
[2023-11-20T09:22:02.109Z]     [21/107] Building CXX object lib/mayaHydra/mayaPlugin/CMakeFiles/mayaHydra.dir/pluginUtils.cpp.o
[2023-11-20T09:22:02.663Z]     [22/107] Building CXX object lib/mayaHydra/hydraExtensions/CMakeFiles/mayaHydraLib.dir/hydraUtils.cpp.o
[2023-11-20T09:22:03.208Z]     [23/107] Building CXX object lib/mayaHydra/mayaPlugin/CMakeFiles/mayaHydra.dir/plugin.cpp.o
[2023-11-20T09:22:03.991Z]     [24/107] Building CXX object test/lib/mayaUsd/render/mayaToHydra/cpp/CMakeFiles/mayaHydraCppTests.dir/testMergingSceneIndex.cpp.o
[2023-11-20T09:22:03.991Z]     [25/107] Building CXX object lib/mayaHydra/mayaPlugin/CMakeFiles/mayaHydra.dir/viewCommand.cpp.o
[2023-11-20T09:22:03.991Z]     [26/107] Building CXX object lib/mayaHydra/hydraExtensions/CMakeFiles/mayaHydraLib.dir/adapters/mayaAttrs.cpp.o
[2023-11-20T09:22:05.946Z]     [27/107] Building CXX object lib/mayaHydra/mayaPlugin/CMakeFiles/mayaHydra.dir/renderGlobals.cpp.o
[2023-11-20T09:22:05.946Z]     [28/107] Building CXX object lib/mayaHydra/mayaPlugin/CMakeFiles/mayaHydra.dir/renderOverride.cpp.o
[2023-11-20T09:22:05.946Z]     [29/107] Building CXX object lib/mayaHydra/hydraExtensions/CMakeFiles/mayaHydraLib.dir/adapters/adapter.cpp.o
[2023-11-20T09:22:06.496Z]     [30/107] Building CXX object lib/mayaHydra/hydraExtensions/CMakeFiles/mayaHydraLib.dir/adapters/adapterRegistry.cpp.o
[2023-11-20T09:22:06.496Z]     [31/107] Building CXX object lib/mayaHydra/hydraExtensions/CMakeFiles/mayaHydraLib.dir/adapters/areaLightAdapter.cpp.o
[2023-11-20T09:22:07.042Z]     [32/107] Building CXX object lib/mayaHydra/hydraExtensions/CMakeFiles/mayaHydraLib.dir/adapters/cameraAdapter.cpp.o
[2023-11-20T09:22:07.042Z]     [33/107] Building CXX object lib/mayaHydra/hydraExtensions/CMakeFiles/mayaHydraLib.dir/adapters/aiSkydomeLightAdapter.cpp.o
[2023-11-20T09:22:07.042Z]     [34/107] Building CXX object lib/mayaHydra/hydraExtensions/CMakeFiles/mayaHydraLib.dir/adapters/dagAdapter.cpp.o
[2023-11-20T09:22:07.042Z]     [35/107] Building CXX object lib/mayaHydra/hydraExtensions/CMakeFiles/mayaHydraLib.dir/adapters/directionalLightAdapter.cpp.o
[2023-11-20T09:22:07.587Z]     [36/107] Building CXX object lib/mayaHydra/hydraExtensions/CMakeFiles/mayaHydraLib.dir/adapters/tokens.cpp.o
[2023-11-20T09:22:07.587Z]     [37/107] Building CXX object lib/mayaHydra/hydraExtensions/CMakeFiles/mayaHydraLib.dir/adapters/renderItemAdapter.cpp.o
[2023-11-20T09:22:08.133Z]     [38/107] Building CXX object lib/mayaHydra/hydraExtensions/CMakeFiles/mayaHydraLib.dir/delegates/delegateDebugCodes.cpp.o
[2023-11-20T09:22:09.312Z]     [39/107] Building CXX object lib/mayaHydra/hydraExtensions/CMakeFiles/mayaHydraLib.dir/mayaHydraSceneProducer.cpp.o
[2023-11-20T09:22:09.312Z]     [40/107] Building CXX object lib/mayaHydra/hydraExtensions/CMakeFiles/mayaHydraLib.dir/adapters/lightAdapter.cpp.o
[2023-11-20T09:22:09.858Z]     [41/107] Building CXX object lib/mayaHydra/hydraExtensions/CMakeFiles/mayaHydraLib.dir/adapters/materialAdapter.cpp.o
[2023-11-20T09:22:09.858Z]     [42/107] Building CXX object lib/mayaHydra/hydraExtensions/CMakeFiles/mayaHydraLib.dir/adapters/meshAdapter.cpp.o
[2023-11-20T09:22:11.032Z]     [43/107] Building CXX object lib/mayaHydra/hydraExtensions/CMakeFiles/mayaHydraLib.dir/adapters/nurbsCurveAdapter.cpp.o
[2023-11-20T09:22:11.032Z]     [44/107] Building CXX object lib/mayaHydra/hydraExtensions/CMakeFiles/mayaHydraLib.dir/adapters/materialNetworkConverter.cpp.o
[2023-11-20T09:22:11.577Z]     [45/107] Building CXX object lib/mayaHydra/hydraExtensions/CMakeFiles/mayaHydraLib.dir/adapters/shapeAdapter.cpp.o
[2023-11-20T09:22:11.577Z]     [46/107] Building CXX object lib/mayaHydra/hydraExtensions/CMakeFiles/mayaHydraLib.dir/adapters/pointLightAdapter.cpp.o
[2023-11-20T09:22:12.122Z]     [47/107] Building CXX object lib/mayaHydra/hydraExtensions/CMakeFiles/mayaHydraLib.dir/delegates/delegateCtx.cpp.o
[2023-11-20T09:22:12.669Z]     [48/107] Building CXX object lib/mayaHydra/hydraExtensions/CMakeFiles/mayaHydraLib.dir/adapters/spotLightAdapter.cpp.o
[2023-11-20T09:22:12.669Z]     [49/107] Building CXX object lib/mayaHydra/hydraExtensions/CMakeFiles/mayaHydraLib.dir/delegates/delegate.cpp.o
[2023-11-20T09:22:12.669Z]     [50/107] Building CXX object lib/mayaHydra/hydraExtensions/CMakeFiles/mayaHydraLib.dir/sceneIndex/registration.cpp.o
[2023-11-20T09:22:12.669Z]     [51/107] Building CXX object lib/mayaHydra/hydraExtensions/CMakeFiles/mayaHydraLib.dir/delegates/delegateRegistry.cpp.o
[2023-11-20T09:22:13.218Z]     [52/107] Building CXX object lib/mayaHydra/ufeExtensions/CMakeFiles/ufeExtensions.dir/Global.cpp.o
[2023-11-20T09:22:13.218Z]     [53/107] Building CXX object lib/flowViewport/CMakeFiles/flowViewport.dir/debugCodes.cpp.o
[2023-11-20T09:22:13.218Z]     [54/107] Building CXX object lib/flowViewport/CMakeFiles/flowViewport.dir/global.cpp.o
[2023-11-20T09:22:13.218Z]     [55/107] Building CXX object lib/flowViewport/CMakeFiles/flowViewport.dir/tokens.cpp.o
[2023-11-20T09:22:13.764Z]     [56/107] Building CXX object lib/flowViewport/CMakeFiles/flowViewport.dir/colorPreferences/fvpColorChanged.cpp.o
[2023-11-20T09:22:13.764Z]     [57/107] Building CXX object lib/flowViewport/CMakeFiles/flowViewport.dir/sceneIndex/fvpPathInterface.cpp.o
[2023-11-20T09:22:13.764Z]     [58/107] Linking CXX shared library lib/mayaHydra/ufeExtensions/libufeExtensions.so
[2023-11-20T09:22:13.764Z]     [59/107] Building CXX object lib/flowViewport/CMakeFiles/flowViewport.dir/colorPreferences/fvpColorPreferencesTokens.cpp.o
[2023-11-20T09:22:13.764Z]     [60/107] Building CXX object lib/flowViewport/CMakeFiles/flowViewport.dir/colorPreferences/fvpColorPreferences.cpp.o
[2023-11-20T09:22:14.942Z]     [61/107] Building CXX object lib/flowViewport/CMakeFiles/flowViewport.dir/API/interfacesImp/fvpSelectionInterfaceImp.cpp.o
[2023-11-20T09:22:14.942Z]     [62/107] Building CXX object lib/flowViewport/CMakeFiles/flowViewport.dir/API/interfacesImp/fvpVersionInterfaceImp.cpp.o
[2023-11-20T09:22:15.486Z]     [63/107] Building CXX object lib/mayaHydra/hydraExtensions/CMakeFiles/mayaHydraLib.dir/sceneIndex/mayaHydraPrimvarDataSource.cpp.o
[2023-11-20T09:22:16.031Z]     [64/107] Building CXX object lib/flowViewport/CMakeFiles/flowViewport.dir/sceneIndex/fvpPathInterfaceSceneIndex.cpp.o
[2023-11-20T09:22:16.031Z]     [65/107] Building CXX object lib/mayaHydra/hydraExtensions/CMakeFiles/mayaHydraLib.dir/delegates/sceneDelegate.cpp.o
[2023-11-20T09:22:16.031Z]     [66/107] Building CXX object lib/mayaHydra/hydraExtensions/CMakeFiles/mayaHydraLib.dir/sceneIndex/mayaHydraDisplayStyleDataSource.cpp.o
[2023-11-20T09:22:16.586Z]     [67/107] Building CXX object lib/flowViewport/CMakeFiles/flowViewport.dir/API/samples/fvpSelectionClientExample.cpp.o
[2023-11-20T09:22:16.586Z]     [68/107] Building CXX object lib/mayaHydra/hydraExtensions/CMakeFiles/mayaHydraLib.dir/delegates/testDelegate.cpp.o
[2023-11-20T09:22:16.586Z]     [69/107] Building CXX object lib/mayaHydra/hydraExtensions/CMakeFiles/mayaHydraLib.dir/sceneIndex/mayaHydraLightDataSource.cpp.o
[2023-11-20T09:22:16.586Z]     [70/107] Building CXX object lib/flowViewport/CMakeFiles/flowViewport.dir/selection/fvpSelectionFwd.cpp.o
[2023-11-20T09:22:16.586Z]     [71/107] Building CXX object lib/flowViewport/CMakeFiles/flowViewport.dir/sceneIndex/fvpMergingSceneIndex.cpp.o
[2023-11-20T09:22:16.586Z]     [72/107] Building CXX object lib/mayaHydra/hydraExtensions/CMakeFiles/mayaHydraLib.dir/sceneIndex/mayaHydraDataSource.cpp.o
[2023-11-20T09:22:17.131Z]     [73/107] Building CXX object lib/mayaHydra/hydraExtensions/CMakeFiles/mayaHydraLib.dir/sceneIndex/mayaHydraCameraDataSource.cpp.o
[2023-11-20T09:22:17.131Z]     [74/107] Building CXX object lib/mayaHydra/hydraExtensions/CMakeFiles/mayaHydraLib.dir/delegates/defaultLightDelegate.cpp.o
[2023-11-20T09:22:17.131Z]     [75/107] Building CXX object lib/flowViewport/CMakeFiles/flowViewport.dir/sceneIndex/fvpSelectionSceneIndex.cpp.o
[2023-11-20T09:22:17.674Z]     [76/107] Building CXX object lib/flowViewport/CMakeFiles/flowViewport.dir/API/interfacesImp/fvpInformationInterfaceImp.cpp.o
[2023-11-20T09:22:17.674Z]     [77/107] Building CXX object lib/flowViewport/CMakeFiles/flowViewport.dir/sceneIndex/fvpRenderIndexProxy.cpp.o
[2023-11-20T09:22:17.674Z]     [78/107] Building CXX object lib/flowViewport/CMakeFiles/flowViewport.dir/sceneIndex/fvpWireframeSelectionHighlightSceneIndex.cpp.o
[2023-11-20T09:22:17.674Z]     [79/107] Building CXX object lib/mayaHydra/hydraExtensions/CMakeFiles/mayaHydraLib.dir/sceneIndex/mayaHydraSceneIndex.cpp.o
[2023-11-20T09:22:18.216Z]     [80/107] Building CXX object lib/mayaHydra/hydraExtensions/CMakeFiles/mayaHydraLib.dir/sceneIndex/mayaHydraDefaultLightDataSource.cpp.o
[2023-11-20T09:22:18.216Z]     [81/107] Building CXX object lib/flowViewport/CMakeFiles/flowViewport.dir/API/perViewportSceneIndicesData/fvpViewportInformationAndSceneIndicesPerViewportData.cpp.o
[2023-11-20T09:22:18.780Z]     [82/107] Building CXX object lib/flowViewport/CMakeFiles/flowViewport.dir/API/samples/fvpInformationClientExample.cpp.o
[2023-11-20T09:22:18.780Z]     [83/107] Automatic MOC for target adskHydraSceneBrowser
[2023-11-20T09:22:19.322Z]     [84/107] Building CXX object lib/flowViewport/CMakeFiles/flowViewport.dir/selection/fvpSelection.cpp.o
[2023-11-20T09:22:20.457Z]     [85/107] Building CXX object lib/flowViewport/CMakeFiles/flowViewport.dir/API/perViewportSceneIndicesData/fvpViewportInformationAndSceneIndicesPerViewportDataManager.cpp.o
[2023-11-20T09:22:20.457Z]     [86/107] Building CXX object lib/flowViewport/CMakeFiles/flowViewport.dir/selection/fvpSelectionTracker.cpp.o
[2023-11-20T09:22:20.457Z]     [87/107] Building CXX object lib/flowViewport/CMakeFiles/flowViewport.dir/selection/fvpSelectionTask.cpp.o
[2023-11-20T09:22:21.592Z]     [88/107] Building CXX object plugin/mayaHydraSceneBrowserTest/CMakeFiles/mayaHydraSceneBrowserTest.dir/mayaHydraSceneBrowserTestCmd.cpp.o
[2023-11-20T09:22:21.592Z]     [89/107] Linking CXX shared library lib/flowViewport/libflowViewport.so
[2023-11-20T09:22:22.133Z]     [90/107] Building CXX object lib/adskHydraSceneBrowser/lib/CMakeFiles/adskHydraSceneBrowser.dir/src/patch/registeredSceneIndexChooser.cpp.o
[2023-11-20T09:22:22.674Z]     [91/107] Building CXX object lib/adskHydraSceneBrowser/lib/CMakeFiles/adskHydraSceneBrowser.dir/src/patch/sceneIndexObserverLoggingWidget.cpp.o
[2023-11-20T09:22:23.216Z]     [92/107] Building CXX object lib/adskHydraSceneBrowser/lib/CMakeFiles/adskHydraSceneBrowser.dir/src/patch/dataSourceValueTreeView.cpp.o
[2023-11-20T09:22:23.216Z]     [93/107] Building CXX object lib/adskHydraSceneBrowser/lib/CMakeFiles/adskHydraSceneBrowser.dir/src/patch/sceneIndexObserverLoggingTreeView.cpp.o
[2023-11-20T09:22:23.216Z]     [94/107] Building CXX object plugin/mayaHydraSceneBrowser/CMakeFiles/mayaHydraSceneBrowser.dir/mayaHydraSceneBrowser.cpp.o
[2023-11-20T09:22:23.216Z]     [95/107] Building CXX object lib/adskHydraSceneBrowser/lib/CMakeFiles/adskHydraSceneBrowser.dir/src/patch/sceneIndexDebuggerWidget.cpp.o
[2023-11-20T09:22:23.757Z]     [96/107] Building CXX object lib/adskHydraSceneBrowser/lib/CMakeFiles/adskHydraSceneBrowser.dir/adskHydraSceneBrowser_autogen/mocs_compilation.cpp.o
[2023-11-20T09:22:23.757Z]     [97/107] Building CXX object lib/adskHydraSceneBrowser/lib/CMakeFiles/adskHydraSceneBrowser.dir/src/patch/sceneIndexTreeWidget.cpp.o
[2023-11-20T09:22:23.757Z]     [98/107] Building CXX object lib/adskHydraSceneBrowser/test/CMakeFiles/adskHydraSceneBrowserTesting.dir/adskHydraSceneBrowserTesting.cpp.o
[2023-11-20T09:22:23.757Z]     [99/107] Building CXX object lib/adskHydraSceneBrowser/lib/CMakeFiles/adskHydraSceneBrowser.dir/src/patch/dataSourceTreeWidget.cpp.o
[2023-11-20T09:22:23.757Z]     [100/107] Linking CXX shared library lib/mayaHydra/hydraExtensions/libmayaHydraLib.so
[2023-11-20T09:22:24.888Z]     [101/107] Linking CXX shared library lib/adskHydraSceneBrowser/lib/libadskHydraSceneBrowser.so
[2023-11-20T09:22:24.888Z]     [102/107] Linking CXX shared library lib/mayaHydra/mayaPlugin/mayaHydra.so
[2023-11-20T09:22:24.888Z]     [103/107] Linking CXX shared library test/lib/mayaUsd/render/mayaToHydra/cpp/mayaHydraCppTests.so
[2023-11-20T09:22:26.019Z]     [104/107] Linking CXX shared library plugin/mayaHydraSceneBrowser/mayaHydraSceneBrowser.so
[2023-11-20T09:22:26.559Z]     [105/107] Building CXX object lib/adskHydraSceneBrowser/test/CMakeFiles/adskHydraSceneBrowserTesting.dir/adskHydraSceneBrowserTestFixture.cpp.o
[2023-11-20T09:22:27.100Z]     [106/107] Linking CXX shared library lib/adskHydraSceneBrowser/test/libadskHydraSceneBrowserTesting.so
[2023-11-20T09:22:28.528Z]     [107/107] Linking CXX shared library plugin/mayaHydraSceneBrowserTest/mayaHydraSceneBrowserTest.so
[2023-11-20T09:22:28.528Z]     
[2023-11-20T09:22:28.528Z]         Building with settings:
[2023-11-20T09:22:28.528Z]           Source directory          /home/S/jenkins/workspace/ECP/ecg-maya-hydra/ecg-maya-hydra-branch-preflight-python3-linux/ecg-maya-hydra/maya-hydra
[2023-11-20T09:22:28.528Z]           Workspace directory       /local/S/jenkins/workspace/ECP/ecg-maya-hydra/ecg-maya-hydra-branch-preflight-python3-linux
[2023-11-20T09:22:28.528Z]           Build directory           /local/S/jenkins/workspace/ECP/ecg-maya-hydra/ecg-maya-hydra-branch-preflight-python3-linux/build/Debug
[2023-11-20T09:22:28.528Z]           Install directory         /local/S/jenkins/workspace/ECP/ecg-maya-hydra/ecg-maya-hydra-branch-preflight-python3-linux/install/Debug/MayaHydra
[2023-11-20T09:22:28.528Z]           Variant                   Debug
[2023-11-20T09:22:28.528Z]           Python Debug              On
[2023-11-20T09:22:28.528Z]           CMake generator           Ninja
[2023-11-20T09:22:28.528Z]           Build arguments           ['-DCMAKE_MAKE_PROGRAM=/local/S/jenkins/workspace/shared/Artifactory/Linux/ninja/1.10.2/9ab399b/ninja', '-DPYTHON_INCLUDE_DIR=/local/S/jenkins/workspace/shared/Artifactory/Linux/rundev-master-debug/202311130621/runtime/fb61367/runTime/include/Python311/Python', '-DPython_EXECUTABLE=/local/S/jenkins/workspace/shared/Artifactory/Linux/rundev-master-debug/202311130621/runtime/fb61367/runTime/bin/mayapy', '-DPYTHON_LIBRARIES=/local/S/jenkins/workspace/shared/Artifactory/Linux/rundev-master-debug/202311130621/runtime/fb61367/runTime/lib/libpython3.11d.so.1.0', '-DBUILD_WITH_PYTHON_3_VERSION=3.11', '-DCMAKE_WANT_MATERIALX_BUILD=ON', '-DCMAKE_PREFIX_PATH=/local/S/jenkins/workspace/shared/Artifactory/Linux/USD/e5ad5df', '-DMAYAHYDRA_BUILD_NUMBER=409', '-DMAYAHYDRA_GIT_COMMIT=718e8e6b3be7d1b2da5c723cb67dbc73b14509ea', '-DMAYAHYDRA_GIT_BRANCH=master']
[2023-11-20T09:22:28.528Z]           Stages arguments          ['build']
[2023-11-20T09:22:28.528Z]           CTest arguments           ['--parallel 16']
[2023-11-20T09:22:28.528Z]     Success MayaHydra build and install !!!!
[2023-11-20T09:22:28.528Z]     Elapsed time: 00:00:32
[Pipeline] sh
[2023-11-20T09:22:29.826Z] + scl enable gcc-toolset-11 -
[2023-11-20T09:22:29.826Z] + '[' enable = load -o enable = unload ']'
[2023-11-20T09:22:29.826Z] + /usr/bin/scl enable gcc-toolset-11 -
[2023-11-20T09:22:29.826Z] python ecg-maya-hydra/build.py --stages=build --workspace-dir=/local/S/jenkins/workspace/ECP/ecg-maya-hydra/ecg-maya-hydra-branch-preflight-python3-linux --artifactory-dir=/local/S/jenkins/workspace/shared/Artifactory --build-dir=/local/S/jenkins/workspace/ECP/ecg-maya-hydra/ecg-maya-hydra-branch-preflight-python3-linux/build --install-dir=/local/S/jenkins/workspace/ECP/ecg-maya-hydra/ecg-maya-hydra-branch-preflight-python3-linux/install --signing-dir=/local/S/jenkins/workspace/ECP/ecg-maya-hydra/ecg-maya-hydra-branch-preflight-python3-linux/signing --package-dir=/local/S/jenkins/workspace/ECP/ecg-maya-hydra/ecg-maya-hydra-branch-preflight-python3-linux/package --output-dir=/local/S/jenkins/workspace/ECP/ecg-maya-hydra/ecg-maya-hydra-branch-preflight-python3-linux/output --stash-dir=/local/S/jenkins/workspace/ECP/ecg-maya-hydra/ecg-maya-hydra-branch-preflight-python3-linux/stash --jenkins-build=409 --git-commit=718e8e6b3be7d1b2da5c723cb67dbc73b14509ea --git-branch=master --variants=RelWithDebInfo --interactive-tests=true --post-zips=false --osx-binary-architecture-target=ub2 --osx-deployment-target=11.0 --osx-base-sdk=CurrentActiveSDK --build-retry=3 --maya-cut-config=maya-rundev-master.yaml --maya-package=rundev-master --stage-banner
[2023-11-20T09:22:29.826Z] Using Maya cut from /local/S/jenkins/workspace/shared/Artifactory/Linux/rundev-master/202311130812/runtime/48b8229
[2023-11-20T09:22:29.826Z] 
[2023-11-20T09:22:29.826Z] ================================================================================
[2023-11-20T09:22:29.826Z]                              build (RelWithDebInfo)
[2023-11-20T09:22:29.826Z] ================================================================================
[2023-11-20T09:22:29.826Z] Maya Python RelWithDebInfo Info:
[2023-11-20T09:22:29.826Z]   mayapy executable   = /local/S/jenkins/workspace/shared/Artifactory/Linux/rundev-master/202311130812/runtime/48b8229/runTime/bin/mayapy
[2023-11-20T09:22:29.826Z]   Include Folder      = /local/S/jenkins/workspace/shared/Artifactory/Linux/rundev-master/202311130812/runtime/48b8229/runTime/include/Python311/Python
[2023-11-20T09:22:29.826Z]   Library             = /local/S/jenkins/workspace/shared/Artifactory/Linux/rundev-master/202311130812/runtime/48b8229/runTime/lib/libpython3.11.so.1.0
[2023-11-20T09:22:29.826Z]   site-package Folder = /local/S/jenkins/workspace/shared/Artifactory/Linux/rundev-master/202311130812/runtime/48b8229/runTime/lib/python3.11/site-packages
[2023-11-20T09:22:30.383Z] In workdir: /home/S/jenkins/workspace/ECP/ecg-maya-hydra/ecg-maya-hydra-branch-preflight-python3-linux/ecg-maya-hydra/maya-hydra
[2023-11-20T09:22:30.384Z] Executing: /local/S/jenkins/workspace/shared/Artifactory/Linux/rundev-master/202311130812/runtime/48b8229/runTime/bin/mayapy /home/S/jenkins/workspace/ECP/ecg-maya-hydra/ecg-maya-hydra-branch-preflight-python3-linux/ecg-maya-hydra/maya-hydra/build.py --generator Ninja --build-relwithdebug --maya-location /local/S/jenkins/workspace/shared/Artifactory/Linux/rundev-master/202311130812/runtime/48b8229/runTime --devkit-location /local/S/jenkins/workspace/shared/Artifactory/Linux/rundev-master/202311130812/runtime/48b8229/devkitBase --pxrusd-location /local/S/jenkins/workspace/shared/Artifactory/Linux/USD/1a43c47 --build-args=-DCMAKE_MAKE_PROGRAM=/local/S/jenkins/workspace/shared/Artifactory/Linux/ninja/1.10.2/9ab399b/ninja,-DPYTHON_INCLUDE_DIR=/local/S/jenkins/workspace/shared/Artifactory/Linux/rundev-master/202311130812/runtime/48b8229/runTime/include/Python311/Python,-DPython_EXECUTABLE=/local/S/jenkins/workspace/shared/Artifactory/Linux/rundev-master/202311130812/runtime/48b8229/runTime/bin/mayapy,-DPYTHON_LIBRARIES=/local/S/jenkins/workspace/shared/Artifactory/Linux/rundev-master/202311130812/runtime/48b8229/runTime/lib/libpython3.11.so.1.0,-DBUILD_WITH_PYTHON_3_VERSION=3.11,-DCMAKE_WANT_MATERIALX_BUILD=ON,-DCMAKE_PREFIX_PATH=/local/S/jenkins/workspace/shared/Artifactory/Linux/USD/1a43c47,-DMAYAHYDRA_BUILD_NUMBER=409,-DMAYAHYDRA_GIT_COMMIT=718e8e6b3be7d1b2da5c723cb67dbc73b14509ea,-DMAYAHYDRA_GIT_BRANCH=master '--ctest-args=--parallel 16' --stages=build --redirect-outstream-file=False --install-location /local/S/jenkins/workspace/ECP/ecg-maya-hydra/ecg-maya-hydra-branch-preflight-python3-linux/install/RelWithDebInfo/MayaHydra /local/S/jenkins/workspace/ECP/ecg-maya-hydra/ecg-maya-hydra-branch-preflight-python3-linux
[2023-11-20T09:22:30.384Z] Modified environment variables:
[2023-11-20T09:22:30.384Z]     LD_LIBRARY_PATH=/opt/rh/gcc-toolset-11/root/usr/lib64:/opt/rh/gcc-toolset-11/root/usr/lib64:/opt/rh/gcc-toolset-11/root/usr/lib:/opt/rh/gcc-toolset-11/root/usr/lib64/dyninst:/opt/rh/gcc-toolset-11/root/usr/lib/dyninst
[2023-11-20T09:22:30.384Z]     PATH=/local/S/jenkins/workspace/shared/Artifactory/Linux/cmake/3.20.3/ab685d7/bin:/opt/rh/gcc-toolset-11/root/usr/bin:/home/administrator/.local/bin:/home/administrator/bin:/usr/share/Modules/bin:/usr/local/bin:/usr/local/sbin:/usr/bin:/usr/sbin
[2023-11-20T09:22:30.932Z]     [1/107] Building CXX object lib/mayaHydra/mayaPlugin/CMakeFiles/mayaHydra.dir/tokens.cpp.o
[2023-11-20T09:22:31.475Z]     [2/107] Building CXX object lib/mayaHydra/mayaPlugin/CMakeFiles/mayaHydra.dir/colorNotFoundException.cpp.o
[2023-11-20T09:22:31.475Z]     [3/107] Building CXX object lib/mayaHydra/mayaPlugin/CMakeFiles/mayaHydra.dir/pluginDebugCodes.cpp.o
[2023-11-20T09:22:31.475Z]     [4/107] Building CXX object test/lib/mayaUsd/render/mayaToHydra/cpp/CMakeFiles/mayaHydraCppTests.dir/testCppFramework.cpp.o
[2023-11-20T09:22:31.475Z]     [5/107] Building CXX object test/lib/mayaUsd/render/mayaToHydra/cpp/CMakeFiles/mayaHydraCppTests.dir/mayaHydraCppTestsCmd.cpp.o
[2023-11-20T09:22:32.035Z]     [6/107] Building CXX object lib/mayaHydra/mayaPlugin/CMakeFiles/mayaHydra.dir/mayaColorPreferencesTranslator.cpp.o
[2023-11-20T09:22:33.837Z]     [7/107] Building CXX object test/lib/mayaUsd/render/mayaToHydra/cpp/CMakeFiles/mayaHydraCppTests.dir/testColorPreferences.cpp.o
[2023-11-20T09:22:34.398Z]     [8/107] Building CXX object test/lib/mayaUsd/render/mayaToHydra/cpp/CMakeFiles/mayaHydraCppTests.dir/testFvpViewportInformationMultipleViewports.cpp.o
[2023-11-20T09:22:34.398Z]     [9/107] Building CXX object test/lib/mayaUsd/render/mayaToHydra/cpp/CMakeFiles/mayaHydraCppTests.dir/testMayaUsdUfeItems.cpp.o
[2023-11-20T09:22:34.398Z]     [10/107] Building CXX object test/lib/mayaUsd/render/mayaToHydra/cpp/CMakeFiles/mayaHydraCppTests.dir/testUtils.cpp.o
[2023-11-20T09:22:34.398Z]     [11/107] Building CXX object test/lib/mayaUsd/render/mayaToHydra/cpp/CMakeFiles/mayaHydraCppTests.dir/testMayaSceneFlattening.cpp.o
[2023-11-20T09:22:34.398Z]     [12/107] Building CXX object test/lib/mayaUsd/render/mayaToHydra/cpp/CMakeFiles/mayaHydraCppTests.dir/testFvpViewportInformationRendererSwitching.cpp.o
[2023-11-20T09:22:34.398Z]     [13/107] Building CXX object lib/mayaHydra/hydraExtensions/CMakeFiles/mayaHydraLib.dir/mhBuildInfo.cpp.o
[2023-11-20T09:22:34.953Z]     [14/107] Building CXX object lib/mayaHydra/hydraExtensions/CMakeFiles/mayaHydraLib.dir/mixedUtils.cpp.o
[2023-11-20T09:22:34.953Z]     [15/107] Building CXX object lib/mayaHydra/hydraExtensions/CMakeFiles/mayaHydraLib.dir/mayaUtils.cpp.o
[2023-11-20T09:22:35.498Z]     [16/107] Building CXX object lib/mayaHydra/hydraExtensions/CMakeFiles/mayaHydraLib.dir/debugCodes.cpp.o
[2023-11-20T09:22:35.498Z]     [17/107] Building CXX object lib/mayaHydra/hydraExtensions/CMakeFiles/mayaHydraLib.dir/adapters/adapterDebugCodes.cpp.o
[2023-11-20T09:22:36.092Z]     [18/107] Building CXX object lib/mayaHydra/hydraExtensions/CMakeFiles/mayaHydraLib.dir/mayaHydraLibInterfaceImp.cpp.o
[2023-11-20T09:22:36.675Z]     [19/107] Building CXX object lib/mayaHydra/mayaPlugin/CMakeFiles/mayaHydra.dir/pluginUtils.cpp.o
[2023-11-20T09:22:36.675Z]     [20/107] Building CXX object test/lib/mayaUsd/render/mayaToHydra/cpp/CMakeFiles/mayaHydraCppTests.dir/testSelectionSceneIndex.cpp.o
[2023-11-20T09:22:36.675Z]     [21/107] Building CXX object lib/mayaHydra/mayaPlugin/CMakeFiles/mayaHydra.dir/plugin.cpp.o
[2023-11-20T09:22:36.675Z]     [22/107] Building CXX object test/lib/mayaUsd/render/mayaToHydra/cpp/CMakeFiles/mayaHydraCppTests.dir/testWireframeSelectionHighlightSceneIndex.cpp.o
[2023-11-20T09:22:37.849Z]     [23/107] Building CXX object lib/mayaHydra/mayaPlugin/CMakeFiles/mayaHydra.dir/viewCommand.cpp.o
[2023-11-20T09:22:38.407Z]     [24/107] Building CXX object lib/mayaHydra/hydraExtensions/CMakeFiles/mayaHydraLib.dir/hydraUtils.cpp.o
[2023-11-20T09:22:38.407Z]     [25/107] Building CXX object lib/mayaHydra/hydraExtensions/CMakeFiles/mayaHydraLib.dir/adapters/adapter.cpp.o
[2023-11-20T09:22:38.407Z]     [26/107] Building CXX object test/lib/mayaUsd/render/mayaToHydra/cpp/CMakeFiles/mayaHydraCppTests.dir/testMergingSceneIndex.cpp.o
[2023-11-20T09:22:38.956Z]     [27/107] Building CXX object lib/mayaHydra/hydraExtensions/CMakeFiles/mayaHydraLib.dir/adapters/mayaAttrs.cpp.o
[2023-11-20T09:22:41.493Z]     [28/107] Building CXX object lib/mayaHydra/hydraExtensions/CMakeFiles/mayaHydraLib.dir/adapters/adapterRegistry.cpp.o
[2023-11-20T09:22:41.493Z]     [29/107] Building CXX object lib/mayaHydra/mayaPlugin/CMakeFiles/mayaHydra.dir/renderOverride.cpp.o
[2023-11-20T09:22:41.493Z]     [30/107] Building CXX object lib/mayaHydra/hydraExtensions/CMakeFiles/mayaHydraLib.dir/adapters/areaLightAdapter.cpp.o
[2023-11-20T09:22:42.038Z]     [31/107] Building CXX object lib/mayaHydra/hydraExtensions/CMakeFiles/mayaHydraLib.dir/adapters/cameraAdapter.cpp.o
[2023-11-20T09:22:42.592Z]     [32/107] Building CXX object lib/mayaHydra/mayaPlugin/CMakeFiles/mayaHydra.dir/renderGlobals.cpp.o
[2023-11-20T09:22:42.592Z]     [33/107] Building CXX object lib/mayaHydra/hydraExtensions/CMakeFiles/mayaHydraLib.dir/adapters/aiSkydomeLightAdapter.cpp.o
[2023-11-20T09:22:43.146Z]     [34/107] Building CXX object lib/mayaHydra/hydraExtensions/CMakeFiles/mayaHydraLib.dir/adapters/dagAdapter.cpp.o
[2023-11-20T09:22:43.146Z]     [35/107] Building CXX object lib/mayaHydra/hydraExtensions/CMakeFiles/mayaHydraLib.dir/adapters/directionalLightAdapter.cpp.o
[2023-11-20T09:22:43.146Z]     [36/107] Building CXX object lib/mayaHydra/hydraExtensions/CMakeFiles/mayaHydraLib.dir/adapters/tokens.cpp.o
[2023-11-20T09:22:44.302Z]     [37/107] Building CXX object lib/mayaHydra/hydraExtensions/CMakeFiles/mayaHydraLib.dir/adapters/lightAdapter.cpp.o
[2023-11-20T09:22:44.302Z]     [38/107] Building CXX object lib/mayaHydra/hydraExtensions/CMakeFiles/mayaHydraLib.dir/mayaHydraSceneProducer.cpp.o
[2023-11-20T09:22:44.302Z]     [39/107] Building CXX object lib/mayaHydra/hydraExtensions/CMakeFiles/mayaHydraLib.dir/delegates/delegateDebugCodes.cpp.o
[2023-11-20T09:22:44.949Z]     [40/107] Building CXX object lib/mayaHydra/hydraExtensions/CMakeFiles/mayaHydraLib.dir/adapters/renderItemAdapter.cpp.o
[2023-11-20T09:22:44.949Z]     [41/107] Building CXX object lib/mayaHydra/hydraExtensions/CMakeFiles/mayaHydraLib.dir/adapters/materialAdapter.cpp.o
[2023-11-20T09:22:45.529Z]     [42/107] Building CXX object lib/mayaHydra/hydraExtensions/CMakeFiles/mayaHydraLib.dir/adapters/pointLightAdapter.cpp.o
[2023-11-20T09:22:46.771Z]     [43/107] Building CXX object lib/mayaHydra/hydraExtensions/CMakeFiles/mayaHydraLib.dir/adapters/nurbsCurveAdapter.cpp.o
[2023-11-20T09:22:46.771Z]     [44/107] Building CXX object lib/mayaHydra/hydraExtensions/CMakeFiles/mayaHydraLib.dir/adapters/meshAdapter.cpp.o
[2023-11-20T09:22:47.336Z]     [45/107] Building CXX object lib/mayaHydra/hydraExtensions/CMakeFiles/mayaHydraLib.dir/delegates/delegate.cpp.o
[2023-11-20T09:22:47.336Z]     [46/107] Building CXX object lib/mayaHydra/hydraExtensions/CMakeFiles/mayaHydraLib.dir/adapters/shapeAdapter.cpp.o
[2023-11-20T09:22:47.898Z]     [47/107] Building CXX object lib/mayaHydra/hydraExtensions/CMakeFiles/mayaHydraLib.dir/delegates/delegateCtx.cpp.o
[2023-11-20T09:22:47.898Z]     [48/107] Building CXX object lib/mayaHydra/hydraExtensions/CMakeFiles/mayaHydraLib.dir/adapters/materialNetworkConverter.cpp.o
[2023-11-20T09:22:48.457Z]     [49/107] Building CXX object lib/mayaHydra/hydraExtensions/CMakeFiles/mayaHydraLib.dir/adapters/spotLightAdapter.cpp.o
[2023-11-20T09:22:48.457Z]     [50/107] Building CXX object lib/mayaHydra/ufeExtensions/CMakeFiles/ufeExtensions.dir/Global.cpp.o
[2023-11-20T09:22:48.457Z]     [51/107] Building CXX object lib/flowViewport/CMakeFiles/flowViewport.dir/global.cpp.o
[2023-11-20T09:22:49.006Z]     [52/107] Building CXX object lib/flowViewport/CMakeFiles/flowViewport.dir/debugCodes.cpp.o
[2023-11-20T09:22:49.006Z]     [53/107] Linking CXX shared library lib/mayaHydra/ufeExtensions/libufeExtensions.so
[2023-11-20T09:22:49.006Z]     [54/107] Building CXX object lib/flowViewport/CMakeFiles/flowViewport.dir/tokens.cpp.o
[2023-11-20T09:22:49.006Z]     [55/107] Building CXX object lib/mayaHydra/hydraExtensions/CMakeFiles/mayaHydraLib.dir/delegates/delegateRegistry.cpp.o
[2023-11-20T09:22:49.551Z]     [56/107] Building CXX object lib/flowViewport/CMakeFiles/flowViewport.dir/colorPreferences/fvpColorChanged.cpp.o
[2023-11-20T09:22:49.551Z]     [57/107] Building CXX object lib/flowViewport/CMakeFiles/flowViewport.dir/sceneIndex/fvpPathInterface.cpp.o
[2023-11-20T09:22:49.551Z]     [58/107] Building CXX object lib/flowViewport/CMakeFiles/flowViewport.dir/colorPreferences/fvpColorPreferencesTokens.cpp.o
[2023-11-20T09:22:49.551Z]     [59/107] Building CXX object lib/mayaHydra/hydraExtensions/CMakeFiles/mayaHydraLib.dir/sceneIndex/registration.cpp.o
[2023-11-20T09:22:49.551Z]     [60/107] Building CXX object lib/flowViewport/CMakeFiles/flowViewport.dir/colorPreferences/fvpColorPreferences.cpp.o
[2023-11-20T09:22:50.691Z]     [61/107] Building CXX object lib/flowViewport/CMakeFiles/flowViewport.dir/API/interfacesImp/fvpSelectionInterfaceImp.cpp.o
[2023-11-20T09:22:50.691Z]     [62/107] Building CXX object lib/flowViewport/CMakeFiles/flowViewport.dir/API/interfacesImp/fvpVersionInterfaceImp.cpp.o
[2023-11-20T09:22:51.237Z]     [63/107] Building CXX object lib/mayaHydra/hydraExtensions/CMakeFiles/mayaHydraLib.dir/sceneIndex/mayaHydraPrimvarDataSource.cpp.o
[2023-11-20T09:22:51.789Z]     [64/107] Building CXX object lib/flowViewport/CMakeFiles/flowViewport.dir/API/samples/fvpSelectionClientExample.cpp.o
[2023-11-20T09:22:51.789Z]     [65/107] Building CXX object lib/flowViewport/CMakeFiles/flowViewport.dir/sceneIndex/fvpPathInterfaceSceneIndex.cpp.o
[2023-11-20T09:22:52.334Z]     [66/107] Building CXX object lib/mayaHydra/hydraExtensions/CMakeFiles/mayaHydraLib.dir/sceneIndex/mayaHydraDisplayStyleDataSource.cpp.o
[2023-11-20T09:22:52.334Z]     [67/107] Building CXX object lib/flowViewport/CMakeFiles/flowViewport.dir/sceneIndex/fvpMergingSceneIndex.cpp.o
[2023-11-20T09:22:52.334Z]     [68/107] Building CXX object lib/mayaHydra/hydraExtensions/CMakeFiles/mayaHydraLib.dir/sceneIndex/mayaHydraLightDataSource.cpp.o
[2023-11-20T09:22:53.507Z]     [69/107] Building CXX object lib/mayaHydra/hydraExtensions/CMakeFiles/mayaHydraLib.dir/sceneIndex/mayaHydraCameraDataSource.cpp.o
[2023-11-20T09:22:53.507Z]     [70/107] Building CXX object lib/flowViewport/CMakeFiles/flowViewport.dir/selection/fvpSelectionFwd.cpp.o
[2023-11-20T09:22:53.507Z]     [71/107] Building CXX object lib/mayaHydra/hydraExtensions/CMakeFiles/mayaHydraLib.dir/delegates/testDelegate.cpp.o
[2023-11-20T09:22:53.507Z]     [72/107] Building CXX object lib/flowViewport/CMakeFiles/flowViewport.dir/API/interfacesImp/fvpInformationInterfaceImp.cpp.o
[2023-11-20T09:22:54.060Z]     [73/107] Building CXX object lib/flowViewport/CMakeFiles/flowViewport.dir/sceneIndex/fvpRenderIndexProxy.cpp.o
[2023-11-20T09:22:54.060Z]     [74/107] Building CXX object lib/flowViewport/CMakeFiles/flowViewport.dir/sceneIndex/fvpSelectionSceneIndex.cpp.o
[2023-11-20T09:22:54.060Z]     [75/107] Building CXX object lib/mayaHydra/hydraExtensions/CMakeFiles/mayaHydraLib.dir/sceneIndex/mayaHydraDataSource.cpp.o
[2023-11-20T09:22:54.060Z]     [76/107] Building CXX object lib/flowViewport/CMakeFiles/flowViewport.dir/sceneIndex/fvpWireframeSelectionHighlightSceneIndex.cpp.o
[2023-11-20T09:22:54.603Z]     [77/107] Building CXX object lib/flowViewport/CMakeFiles/flowViewport.dir/API/samples/fvpInformationClientExample.cpp.o
[2023-11-20T09:22:54.603Z]     [78/107] Building CXX object lib/mayaHydra/hydraExtensions/CMakeFiles/mayaHydraLib.dir/delegates/defaultLightDelegate.cpp.o
[2023-11-20T09:22:54.603Z]     [79/107] Building CXX object lib/flowViewport/CMakeFiles/flowViewport.dir/API/perViewportSceneIndicesData/fvpViewportInformationAndSceneIndicesPerViewportData.cpp.o
[2023-11-20T09:22:54.603Z]     [80/107] Building CXX object lib/mayaHydra/hydraExtensions/CMakeFiles/mayaHydraLib.dir/delegates/sceneDelegate.cpp.o
[2023-11-20T09:22:55.148Z]     [81/107] Building CXX object lib/mayaHydra/hydraExtensions/CMakeFiles/mayaHydraLib.dir/sceneIndex/mayaHydraDefaultLightDataSource.cpp.o
[2023-11-20T09:22:55.148Z]     [82/107] Building CXX object lib/mayaHydra/hydraExtensions/CMakeFiles/mayaHydraLib.dir/sceneIndex/mayaHydraSceneIndex.cpp.o
[2023-11-20T09:22:55.697Z]     [83/107] Automatic MOC for target adskHydraSceneBrowser
[2023-11-20T09:22:55.697Z]     [84/107] Building CXX object lib/flowViewport/CMakeFiles/flowViewport.dir/selection/fvpSelection.cpp.o
[2023-11-20T09:22:56.243Z]     [85/107] Building CXX object lib/flowViewport/CMakeFiles/flowViewport.dir/selection/fvpSelectionTracker.cpp.o
[2023-11-20T09:22:56.243Z]     [86/107] Building CXX object lib/flowViewport/CMakeFiles/flowViewport.dir/API/perViewportSceneIndicesData/fvpViewportInformationAndSceneIndicesPerViewportDataManager.cpp.o
[2023-11-20T09:22:58.031Z]     [87/107] Building CXX object lib/flowViewport/CMakeFiles/flowViewport.dir/selection/fvpSelectionTask.cpp.o
[2023-11-20T09:22:58.031Z]     [88/107] Building CXX object plugin/mayaHydraSceneBrowserTest/CMakeFiles/mayaHydraSceneBrowserTest.dir/mayaHydraSceneBrowserTestCmd.cpp.o
[2023-11-20T09:22:58.031Z]     [89/107] Linking CXX shared library lib/flowViewport/libflowViewport.so
[2023-11-20T09:22:59.163Z]     [90/107] Building CXX object lib/adskHydraSceneBrowser/lib/CMakeFiles/adskHydraSceneBrowser.dir/src/patch/registeredSceneIndexChooser.cpp.o
[2023-11-20T09:22:59.163Z]     [91/107] Building CXX object lib/adskHydraSceneBrowser/lib/CMakeFiles/adskHydraSceneBrowser.dir/src/patch/sceneIndexObserverLoggingWidget.cpp.o
[2023-11-20T09:22:59.704Z]     [92/107] Linking CXX shared library lib/mayaHydra/hydraExtensions/libmayaHydraLib.so
[2023-11-20T09:22:59.704Z]     [93/107] Building CXX object plugin/mayaHydraSceneBrowser/CMakeFiles/mayaHydraSceneBrowser.dir/mayaHydraSceneBrowser.cpp.o
[2023-11-20T09:22:59.704Z]     [94/107] Linking CXX shared library test/lib/mayaUsd/render/mayaToHydra/cpp/mayaHydraCppTests.so
[2023-11-20T09:22:59.704Z]     [95/107] Linking CXX shared library lib/mayaHydra/mayaPlugin/mayaHydra.so
[2023-11-20T09:23:00.245Z]     [96/107] Building CXX object lib/adskHydraSceneBrowser/lib/CMakeFiles/adskHydraSceneBrowser.dir/src/patch/sceneIndexDebuggerWidget.cpp.o
[2023-11-20T09:23:00.245Z]     [97/107] Building CXX object lib/adskHydraSceneBrowser/lib/CMakeFiles/adskHydraSceneBrowser.dir/src/patch/sceneIndexObserverLoggingTreeView.cpp.o
[2023-11-20T09:23:00.786Z]     [98/107] Building CXX object lib/adskHydraSceneBrowser/test/CMakeFiles/adskHydraSceneBrowserTesting.dir/adskHydraSceneBrowserTesting.cpp.o
[2023-11-20T09:23:00.786Z]     [99/107] Building CXX object lib/adskHydraSceneBrowser/lib/CMakeFiles/adskHydraSceneBrowser.dir/adskHydraSceneBrowser_autogen/mocs_compilation.cpp.o
[2023-11-20T09:23:01.327Z]     [100/107] Building CXX object lib/adskHydraSceneBrowser/lib/CMakeFiles/adskHydraSceneBrowser.dir/src/patch/dataSourceValueTreeView.cpp.o
[2023-11-20T09:23:01.327Z]     [101/107] Building CXX object lib/adskHydraSceneBrowser/lib/CMakeFiles/adskHydraSceneBrowser.dir/src/patch/sceneIndexTreeWidget.cpp.o
[2023-11-20T09:23:01.327Z]     [102/107] Building CXX object lib/adskHydraSceneBrowser/lib/CMakeFiles/adskHydraSceneBrowser.dir/src/patch/dataSourceTreeWidget.cpp.o
[2023-11-20T09:23:01.868Z]     [103/107] Linking CXX shared library lib/adskHydraSceneBrowser/lib/libadskHydraSceneBrowser.so
[2023-11-20T09:23:02.409Z]     [104/107] Linking CXX shared library plugin/mayaHydraSceneBrowser/mayaHydraSceneBrowser.so
[2023-11-20T09:23:06.634Z]     [105/107] Building CXX object lib/adskHydraSceneBrowser/test/CMakeFiles/adskHydraSceneBrowserTesting.dir/adskHydraSceneBrowserTestFixture.cpp.o
[2023-11-20T09:23:07.175Z]     [106/107] Linking CXX shared library lib/adskHydraSceneBrowser/test/libadskHydraSceneBrowserTesting.so
[2023-11-20T09:23:07.716Z]     [107/107] Linking CXX shared library plugin/mayaHydraSceneBrowserTest/mayaHydraSceneBrowserTest.so
[2023-11-20T09:23:07.716Z]     
[2023-11-20T09:23:07.716Z]         Building with settings:
[2023-11-20T09:23:07.716Z]           Source directory          /home/S/jenkins/workspace/ECP/ecg-maya-hydra/ecg-maya-hydra-branch-preflight-python3-linux/ecg-maya-hydra/maya-hydra
[2023-11-20T09:23:07.716Z]           Workspace directory       /local/S/jenkins/workspace/ECP/ecg-maya-hydra/ecg-maya-hydra-branch-preflight-python3-linux
[2023-11-20T09:23:07.716Z]           Build directory           /local/S/jenkins/workspace/ECP/ecg-maya-hydra/ecg-maya-hydra-branch-preflight-python3-linux/build/RelWithDebInfo
[2023-11-20T09:23:07.716Z]           Install directory         /local/S/jenkins/workspace/ECP/ecg-maya-hydra/ecg-maya-hydra-branch-preflight-python3-linux/install/RelWithDebInfo/MayaHydra
[2023-11-20T09:23:07.716Z]           Variant                   RelWithDebInfo
[2023-11-20T09:23:07.716Z]           Python Debug              Off
[2023-11-20T09:23:07.716Z]           CMake generator           Ninja
[2023-11-20T09:23:07.716Z]           Build arguments           ['-DCMAKE_MAKE_PROGRAM=/local/S/jenkins/workspace/shared/Artifactory/Linux/ninja/1.10.2/9ab399b/ninja', '-DPYTHON_INCLUDE_DIR=/local/S/jenkins/workspace/shared/Artifactory/Linux/rundev-master/202311130812/runtime/48b8229/runTime/include/Python311/Python', '-DPython_EXECUTABLE=/local/S/jenkins/workspace/shared/Artifactory/Linux/rundev-master/202311130812/runtime/48b8229/runTime/bin/mayapy', '-DPYTHON_LIBRARIES=/local/S/jenkins/workspace/shared/Artifactory/Linux/rundev-master/202311130812/runtime/48b8229/runTime/lib/libpython3.11.so.1.0', '-DBUILD_WITH_PYTHON_3_VERSION=3.11', '-DCMAKE_WANT_MATERIALX_BUILD=ON', '-DCMAKE_PREFIX_PATH=/local/S/jenkins/workspace/shared/Artifactory/Linux/USD/1a43c47', '-DMAYAHYDRA_BUILD_NUMBER=409', '-DMAYAHYDRA_GIT_COMMIT=718e8e6b3be7d1b2da5c723cb67dbc73b14509ea', '-DMAYAHYDRA_GIT_BRANCH=master']
[2023-11-20T09:23:07.716Z]           Stages arguments          ['build']
[2023-11-20T09:23:07.716Z]           CTest arguments           ['--parallel 16']
[2023-11-20T09:23:07.716Z]     Success MayaHydra build and install !!!!
[2023-11-20T09:23:07.716Z]     Elapsed time: 00:00:37
[Pipeline] }
[Pipeline] // withEnv
[Pipeline] }
[Pipeline] // timeout
[Pipeline] }
[Pipeline] // stage
[Pipeline] }
[Pipeline] // timestamps
[Pipeline] timestamps
[Pipeline] {
[Pipeline] stage
[Pipeline] { (Install)
[Pipeline] timeout
[2023-11-20T09:23:08.068Z] Timeout set to expire in 6 hr 0 min
[Pipeline] {
[Pipeline] withEnv
[Pipeline] {
[Pipeline] sh
[2023-11-20T09:23:09.512Z] + scl enable gcc-toolset-11 -
[2023-11-20T09:23:09.512Z] + '[' enable = load -o enable = unload ']'
[2023-11-20T09:23:09.512Z] + /usr/bin/scl enable gcc-toolset-11 -
[2023-11-20T09:23:09.512Z] python ecg-maya-hydra/build.py --stages=install --workspace-dir=/local/S/jenkins/workspace/ECP/ecg-maya-hydra/ecg-maya-hydra-branch-preflight-python3-linux --artifactory-dir=/local/S/jenkins/workspace/shared/Artifactory --build-dir=/local/S/jenkins/workspace/ECP/ecg-maya-hydra/ecg-maya-hydra-branch-preflight-python3-linux/build --install-dir=/local/S/jenkins/workspace/ECP/ecg-maya-hydra/ecg-maya-hydra-branch-preflight-python3-linux/install --signing-dir=/local/S/jenkins/workspace/ECP/ecg-maya-hydra/ecg-maya-hydra-branch-preflight-python3-linux/signing --package-dir=/local/S/jenkins/workspace/ECP/ecg-maya-hydra/ecg-maya-hydra-branch-preflight-python3-linux/package --output-dir=/local/S/jenkins/workspace/ECP/ecg-maya-hydra/ecg-maya-hydra-branch-preflight-python3-linux/output --stash-dir=/local/S/jenkins/workspace/ECP/ecg-maya-hydra/ecg-maya-hydra-branch-preflight-python3-linux/stash --jenkins-build=409 --git-commit=718e8e6b3be7d1b2da5c723cb67dbc73b14509ea --git-branch=master --variants=Debug --interactive-tests=true --post-zips=false --osx-binary-architecture-target=ub2 --osx-deployment-target=11.0 --osx-base-sdk=CurrentActiveSDK --maya-cut-config=maya-rundev-master-debug.yaml --maya-package=rundev-master-debug --stage-banner
[2023-11-20T09:23:09.512Z] Using Maya cut from /local/S/jenkins/workspace/shared/Artifactory/Linux/rundev-master-debug/202311130621/runtime/fb61367
[2023-11-20T09:23:09.512Z] 
[2023-11-20T09:23:09.512Z] ================================================================================
[2023-11-20T09:23:09.512Z]                                 install (Debug)
[2023-11-20T09:23:09.512Z] ================================================================================
[2023-11-20T09:23:09.512Z] Maya Python Debug Info:
[2023-11-20T09:23:09.512Z]   mayapy executable   = /local/S/jenkins/workspace/shared/Artifactory/Linux/rundev-master-debug/202311130621/runtime/fb61367/runTime/bin/mayapy
[2023-11-20T09:23:09.512Z]   Include Folder      = /local/S/jenkins/workspace/shared/Artifactory/Linux/rundev-master-debug/202311130621/runtime/fb61367/runTime/include/Python311/Python
[2023-11-20T09:23:09.512Z]   Library             = /local/S/jenkins/workspace/shared/Artifactory/Linux/rundev-master-debug/202311130621/runtime/fb61367/runTime/lib/libpython3.11d.so.1.0
[2023-11-20T09:23:09.512Z]   site-package Folder = /local/S/jenkins/workspace/shared/Artifactory/Linux/rundev-master-debug/202311130621/runtime/fb61367/runTime/lib/python3.11/site-packages
[2023-11-20T09:23:10.644Z] In workdir: /home/S/jenkins/workspace/ECP/ecg-maya-hydra/ecg-maya-hydra-branch-preflight-python3-linux/ecg-maya-hydra/maya-hydra
[2023-11-20T09:23:10.644Z] Executing: /local/S/jenkins/workspace/shared/Artifactory/Linux/rundev-master-debug/202311130621/runtime/fb61367/runTime/bin/mayapy /home/S/jenkins/workspace/ECP/ecg-maya-hydra/ecg-maya-hydra-branch-preflight-python3-linux/ecg-maya-hydra/maya-hydra/build.py --generator Ninja --build-debug --maya-location /local/S/jenkins/workspace/shared/Artifactory/Linux/rundev-master-debug/202311130621/runtime/fb61367/runTime --devkit-location /local/S/jenkins/workspace/shared/Artifactory/Linux/rundev-master-debug/202311130621/runtime/fb61367/devkitBase --pxrusd-location /local/S/jenkins/workspace/shared/Artifactory/Linux/USD/e5ad5df --build-args=-DCMAKE_MAKE_PROGRAM=/local/S/jenkins/workspace/shared/Artifactory/Linux/ninja/1.10.2/9ab399b/ninja,-DPYTHON_INCLUDE_DIR=/local/S/jenkins/workspace/shared/Artifactory/Linux/rundev-master-debug/202311130621/runtime/fb61367/runTime/include/Python311/Python,-DPython_EXECUTABLE=/local/S/jenkins/workspace/shared/Artifactory/Linux/rundev-master-debug/202311130621/runtime/fb61367/runTime/bin/mayapy,-DPYTHON_LIBRARIES=/local/S/jenkins/workspace/shared/Artifactory/Linux/rundev-master-debug/202311130621/runtime/fb61367/runTime/lib/libpython3.11d.so.1.0,-DBUILD_WITH_PYTHON_3_VERSION=3.11,-DCMAKE_WANT_MATERIALX_BUILD=ON,-DCMAKE_PREFIX_PATH=/local/S/jenkins/workspace/shared/Artifactory/Linux/USD/e5ad5df,-DMAYAHYDRA_BUILD_NUMBER=409,-DMAYAHYDRA_GIT_COMMIT=718e8e6b3be7d1b2da5c723cb67dbc73b14509ea,-DMAYAHYDRA_GIT_BRANCH=master --debug-python '--ctest-args=--parallel 16' --stages=install --redirect-outstream-file=False --install-location /local/S/jenkins/workspace/ECP/ecg-maya-hydra/ecg-maya-hydra-branch-preflight-python3-linux/install/Debug/MayaHydra /local/S/jenkins/workspace/ECP/ecg-maya-hydra/ecg-maya-hydra-branch-preflight-python3-linux
[2023-11-20T09:23:10.644Z] Modified environment variables:
[2023-11-20T09:23:10.644Z]     LD_LIBRARY_PATH=/opt/rh/gcc-toolset-11/root/usr/lib64:/opt/rh/gcc-toolset-11/root/usr/lib64:/opt/rh/gcc-toolset-11/root/usr/lib:/opt/rh/gcc-toolset-11/root/usr/lib64/dyninst:/opt/rh/gcc-toolset-11/root/usr/lib/dyninst
[2023-11-20T09:23:10.644Z]     PATH=/local/S/jenkins/workspace/shared/Artifactory/Linux/cmake/3.20.3/ab685d7/bin:/opt/rh/gcc-toolset-11/root/usr/bin:/home/administrator/.local/bin:/home/administrator/bin:/usr/share/Modules/bin:/usr/local/bin:/usr/local/sbin:/usr/bin:/usr/sbin
[2023-11-20T09:23:10.644Z]     [0/1] Install the project...
[2023-11-20T09:23:10.644Z]     -- Install configuration: "Debug"
[2023-11-20T09:23:10.644Z]     -- Set runtime path of "/local/S/jenkins/workspace/ECP/ecg-maya-hydra/ecg-maya-hydra-branch-preflight-python3-linux/install/Debug/MayaHydra/lib/maya/mayaHydraCppTests.so" to "$ORIGIN/../gtest:/local/S/jenkins/workspace/shared/Artifactory/Linux/USD/e5ad5df/lib:/local/S/jenkins/workspace/shared/Artifactory/Linux/rundev-master-debug/202311130621/runtime/fb61367/devkitBase/devkit/ufe/lib:/local/S/jenkins/workspace/shared/Artifactory/Linux/rundev-master-debug/202311130621/runtime/fb61367/runTime/lib"
[2023-11-20T09:23:10.644Z]     -- Set runtime path of "/local/S/jenkins/workspace/ECP/ecg-maya-hydra/ecg-maya-hydra-branch-preflight-python3-linux/install/Debug/MayaHydra/lib/maya/mayaHydra.so" to "$ORIGIN/../../../../../../../../../../../../home/S/jenkins/workspace/shared/Artifactory/Linux/USD/e5ad5df/lib:$ORIGIN/..:/local/S/jenkins/workspace/shared/Artifactory/Linux/rundev-master-debug/202311130621/runtime/fb61367/devkitBase/devkit/ufe/lib:/local/S/jenkins/workspace/shared/Artifactory/Linux/USD/e5ad5df/lib:/local/S/jenkins/workspace/shared/Artifactory/Linux/rundev-master-debug/202311130621/runtime/fb61367/runTime/lib"
[2023-11-20T09:23:10.644Z]     -- Set runtime path of "/local/S/jenkins/workspace/ECP/ecg-maya-hydra/ecg-maya-hydra-branch-preflight-python3-linux/install/Debug/MayaHydra/lib/libmayaHydraLib.so" to ""
[2023-11-20T09:23:11.184Z]     -- Set runtime path of "/local/S/jenkins/workspace/ECP/ecg-maya-hydra/ecg-maya-hydra-branch-preflight-python3-linux/install/Debug/MayaHydra/lib/libufeExtensions.so" to ""
[2023-11-20T09:23:11.184Z]     -- Set runtime path of "/local/S/jenkins/workspace/ECP/ecg-maya-hydra/ecg-maya-hydra-branch-preflight-python3-linux/install/Debug/MayaHydra/lib/libflowViewport.so" to ""
[2023-11-20T09:23:11.184Z]     -- Set runtime path of "/local/S/jenkins/workspace/ECP/ecg-maya-hydra/ecg-maya-hydra-branch-preflight-python3-linux/install/Debug/MayaHydra/lib/libadskHydraSceneBrowser.so" to ""
[2023-11-20T09:23:11.185Z]     -- Set runtime path of "/local/S/jenkins/workspace/ECP/ecg-maya-hydra/ecg-maya-hydra-branch-preflight-python3-linux/install/Debug/MayaHydra/lib/libadskHydraSceneBrowserTesting.so" to "$ORIGIN/gtest:/local/S/jenkins/workspace/shared/Artifactory/Linux/USD/e5ad5df/lib:/local/S/jenkins/workspace/shared/Artifactory/Linux/rundev-master-debug/202311130621/runtime/fb61367/devkitBase/Qt/lib"
[2023-11-20T09:23:11.185Z]     -- Set runtime path of "/local/S/jenkins/workspace/ECP/ecg-maya-hydra/ecg-maya-hydra-branch-preflight-python3-linux/install/Debug/MayaHydra/lib/maya/mayaHydraSceneBrowser.so" to "$ORIGIN/..:/local/S/jenkins/workspace/shared/Artifactory/Linux/USD/e5ad5df/lib:/local/S/jenkins/workspace/shared/Artifactory/Linux/rundev-master-debug/202311130621/runtime/fb61367/devkitBase/devkit/ufe/lib:/local/S/jenkins/workspace/shared/Artifactory/Linux/rundev-master-debug/202311130621/runtime/fb61367/devkitBase/Qt/lib:/local/S/jenkins/workspace/shared/Artifactory/Linux/rundev-master-debug/202311130621/runtime/fb61367/runTime/lib"
[2023-11-20T09:23:11.185Z]     -- Set runtime path of "/local/S/jenkins/workspace/ECP/ecg-maya-hydra/ecg-maya-hydra-branch-preflight-python3-linux/install/Debug/MayaHydra/lib/maya/mayaHydraSceneBrowserTest.so" to "$ORIGIN/..:$ORIGIN/../gtest:/local/S/jenkins/workspace/shared/Artifactory/Linux/USD/e5ad5df/lib:/local/S/jenkins/workspace/shared/Artifactory/Linux/rundev-master-debug/202311130621/runtime/fb61367/devkitBase/Qt/lib:/local/S/jenkins/workspace/shared/Artifactory/Linux/rundev-master-debug/202311130621/runtime/fb61367/devkitBase/devkit/ufe/lib:/local/S/jenkins/workspace/shared/Artifactory/Linux/rundev-master-debug/202311130621/runtime/fb61367/runTime/lib"
[2023-11-20T09:23:11.185Z]     
[2023-11-20T09:23:11.185Z]         Building with settings:
[2023-11-20T09:23:11.185Z]           Source directory          /home/S/jenkins/workspace/ECP/ecg-maya-hydra/ecg-maya-hydra-branch-preflight-python3-linux/ecg-maya-hydra/maya-hydra
[2023-11-20T09:23:11.185Z]           Workspace directory       /local/S/jenkins/workspace/ECP/ecg-maya-hydra/ecg-maya-hydra-branch-preflight-python3-linux
[2023-11-20T09:23:11.185Z]           Build directory           /local/S/jenkins/workspace/ECP/ecg-maya-hydra/ecg-maya-hydra-branch-preflight-python3-linux/build/Debug
[2023-11-20T09:23:11.185Z]           Install directory         /local/S/jenkins/workspace/ECP/ecg-maya-hydra/ecg-maya-hydra-branch-preflight-python3-linux/install/Debug/MayaHydra
[2023-11-20T09:23:11.185Z]           Variant                   Debug
[2023-11-20T09:23:11.185Z]           Python Debug              On
[2023-11-20T09:23:11.185Z]           CMake generator           Ninja
[2023-11-20T09:23:11.185Z]           Build arguments           ['-DCMAKE_MAKE_PROGRAM=/local/S/jenkins/workspace/shared/Artifactory/Linux/ninja/1.10.2/9ab399b/ninja', '-DPYTHON_INCLUDE_DIR=/local/S/jenkins/workspace/shared/Artifactory/Linux/rundev-master-debug/202311130621/runtime/fb61367/runTime/include/Python311/Python', '-DPython_EXECUTABLE=/local/S/jenkins/workspace/shared/Artifactory/Linux/rundev-master-debug/202311130621/runtime/fb61367/runTime/bin/mayapy', '-DPYTHON_LIBRARIES=/local/S/jenkins/workspace/shared/Artifactory/Linux/rundev-master-debug/202311130621/runtime/fb61367/runTime/lib/libpython3.11d.so.1.0', '-DBUILD_WITH_PYTHON_3_VERSION=3.11', '-DCMAKE_WANT_MATERIALX_BUILD=ON', '-DCMAKE_PREFIX_PATH=/local/S/jenkins/workspace/shared/Artifactory/Linux/USD/e5ad5df', '-DMAYAHYDRA_BUILD_NUMBER=409', '-DMAYAHYDRA_GIT_COMMIT=718e8e6b3be7d1b2da5c723cb67dbc73b14509ea', '-DMAYAHYDRA_GIT_BRANCH=master']
[2023-11-20T09:23:11.185Z]           Stages arguments          ['install']
[2023-11-20T09:23:11.185Z]           CTest arguments           ['--parallel 16']
[2023-11-20T09:23:11.185Z]     Success MayaHydra build and install !!!!
[2023-11-20T09:23:11.185Z]     Elapsed time: 00:00:00
[Pipeline] sh
[2023-11-20T09:23:12.483Z] + scl enable gcc-toolset-11 -
[2023-11-20T09:23:12.483Z] + '[' enable = load -o enable = unload ']'
[2023-11-20T09:23:12.483Z] + /usr/bin/scl enable gcc-toolset-11 -
[2023-11-20T09:23:12.483Z] python ecg-maya-hydra/build.py --stages=install --workspace-dir=/local/S/jenkins/workspace/ECP/ecg-maya-hydra/ecg-maya-hydra-branch-preflight-python3-linux --artifactory-dir=/local/S/jenkins/workspace/shared/Artifactory --build-dir=/local/S/jenkins/workspace/ECP/ecg-maya-hydra/ecg-maya-hydra-branch-preflight-python3-linux/build --install-dir=/local/S/jenkins/workspace/ECP/ecg-maya-hydra/ecg-maya-hydra-branch-preflight-python3-linux/install --signing-dir=/local/S/jenkins/workspace/ECP/ecg-maya-hydra/ecg-maya-hydra-branch-preflight-python3-linux/signing --package-dir=/local/S/jenkins/workspace/ECP/ecg-maya-hydra/ecg-maya-hydra-branch-preflight-python3-linux/package --output-dir=/local/S/jenkins/workspace/ECP/ecg-maya-hydra/ecg-maya-hydra-branch-preflight-python3-linux/output --stash-dir=/local/S/jenkins/workspace/ECP/ecg-maya-hydra/ecg-maya-hydra-branch-preflight-python3-linux/stash --jenkins-build=409 --git-commit=718e8e6b3be7d1b2da5c723cb67dbc73b14509ea --git-branch=master --variants=RelWithDebInfo --interactive-tests=true --post-zips=false --osx-binary-architecture-target=ub2 --osx-deployment-target=11.0 --osx-base-sdk=CurrentActiveSDK --maya-cut-config=maya-rundev-master.yaml --maya-package=rundev-master --stage-banner
[2023-11-20T09:23:12.483Z] Using Maya cut from /local/S/jenkins/workspace/shared/Artifactory/Linux/rundev-master/202311130812/runtime/48b8229
[2023-11-20T09:23:12.483Z] 
[2023-11-20T09:23:12.483Z] ================================================================================
[2023-11-20T09:23:12.483Z]                             install (RelWithDebInfo)
[2023-11-20T09:23:12.483Z] ================================================================================
[2023-11-20T09:23:12.483Z] Maya Python RelWithDebInfo Info:
[2023-11-20T09:23:12.483Z]   mayapy executable   = /local/S/jenkins/workspace/shared/Artifactory/Linux/rundev-master/202311130812/runtime/48b8229/runTime/bin/mayapy
[2023-11-20T09:23:12.483Z]   Include Folder      = /local/S/jenkins/workspace/shared/Artifactory/Linux/rundev-master/202311130812/runtime/48b8229/runTime/include/Python311/Python
[2023-11-20T09:23:12.483Z]   Library             = /local/S/jenkins/workspace/shared/Artifactory/Linux/rundev-master/202311130812/runtime/48b8229/runTime/lib/libpython3.11.so.1.0
[2023-11-20T09:23:12.483Z]   site-package Folder = /local/S/jenkins/workspace/shared/Artifactory/Linux/rundev-master/202311130812/runtime/48b8229/runTime/lib/python3.11/site-packages
[2023-11-20T09:23:13.024Z] In workdir: /home/S/jenkins/workspace/ECP/ecg-maya-hydra/ecg-maya-hydra-branch-preflight-python3-linux/ecg-maya-hydra/maya-hydra
[2023-11-20T09:23:13.024Z] Executing: /local/S/jenkins/workspace/shared/Artifactory/Linux/rundev-master/202311130812/runtime/48b8229/runTime/bin/mayapy /home/S/jenkins/workspace/ECP/ecg-maya-hydra/ecg-maya-hydra-branch-preflight-python3-linux/ecg-maya-hydra/maya-hydra/build.py --generator Ninja --build-relwithdebug --maya-location /local/S/jenkins/workspace/shared/Artifactory/Linux/rundev-master/202311130812/runtime/48b8229/runTime --devkit-location /local/S/jenkins/workspace/shared/Artifactory/Linux/rundev-master/202311130812/runtime/48b8229/devkitBase --pxrusd-location /local/S/jenkins/workspace/shared/Artifactory/Linux/USD/1a43c47 --build-args=-DCMAKE_MAKE_PROGRAM=/local/S/jenkins/workspace/shared/Artifactory/Linux/ninja/1.10.2/9ab399b/ninja,-DPYTHON_INCLUDE_DIR=/local/S/jenkins/workspace/shared/Artifactory/Linux/rundev-master/202311130812/runtime/48b8229/runTime/include/Python311/Python,-DPython_EXECUTABLE=/local/S/jenkins/workspace/shared/Artifactory/Linux/rundev-master/202311130812/runtime/48b8229/runTime/bin/mayapy,-DPYTHON_LIBRARIES=/local/S/jenkins/workspace/shared/Artifactory/Linux/rundev-master/202311130812/runtime/48b8229/runTime/lib/libpython3.11.so.1.0,-DBUILD_WITH_PYTHON_3_VERSION=3.11,-DCMAKE_WANT_MATERIALX_BUILD=ON,-DCMAKE_PREFIX_PATH=/local/S/jenkins/workspace/shared/Artifactory/Linux/USD/1a43c47,-DMAYAHYDRA_BUILD_NUMBER=409,-DMAYAHYDRA_GIT_COMMIT=718e8e6b3be7d1b2da5c723cb67dbc73b14509ea,-DMAYAHYDRA_GIT_BRANCH=master '--ctest-args=--parallel 16' --stages=install --redirect-outstream-file=False --install-location /local/S/jenkins/workspace/ECP/ecg-maya-hydra/ecg-maya-hydra-branch-preflight-python3-linux/install/RelWithDebInfo/MayaHydra /local/S/jenkins/workspace/ECP/ecg-maya-hydra/ecg-maya-hydra-branch-preflight-python3-linux
[2023-11-20T09:23:13.024Z] Modified environment variables:
[2023-11-20T09:23:13.024Z]     LD_LIBRARY_PATH=/opt/rh/gcc-toolset-11/root/usr/lib64:/opt/rh/gcc-toolset-11/root/usr/lib64:/opt/rh/gcc-toolset-11/root/usr/lib:/opt/rh/gcc-toolset-11/root/usr/lib64/dyninst:/opt/rh/gcc-toolset-11/root/usr/lib/dyninst
[2023-11-20T09:23:13.024Z]     PATH=/local/S/jenkins/workspace/shared/Artifactory/Linux/cmake/3.20.3/ab685d7/bin:/opt/rh/gcc-toolset-11/root/usr/bin:/home/administrator/.local/bin:/home/administrator/bin:/usr/share/Modules/bin:/usr/local/bin:/usr/local/sbin:/usr/bin:/usr/sbin
[2023-11-20T09:23:13.024Z]     [0/1] Install the project...
[2023-11-20T09:23:13.024Z]     -- Install configuration: "RelWithDebInfo"
[2023-11-20T09:23:13.024Z]     -- Set runtime path of "/local/S/jenkins/workspace/ECP/ecg-maya-hydra/ecg-maya-hydra-branch-preflight-python3-linux/install/RelWithDebInfo/MayaHydra/lib/maya/mayaHydraCppTests.so" to "$ORIGIN/../gtest:/local/S/jenkins/workspace/shared/Artifactory/Linux/USD/1a43c47/lib:/local/S/jenkins/workspace/shared/Artifactory/Linux/rundev-master/202311130812/runtime/48b8229/devkitBase/devkit/ufe/lib:/local/S/jenkins/workspace/shared/Artifactory/Linux/rundev-master/202311130812/runtime/48b8229/runTime/lib"
[2023-11-20T09:23:13.024Z]     -- Set runtime path of "/local/S/jenkins/workspace/ECP/ecg-maya-hydra/ecg-maya-hydra-branch-preflight-python3-linux/install/RelWithDebInfo/MayaHydra/lib/maya/mayaHydra.so" to "$ORIGIN/../../../../../../../../../../../../home/S/jenkins/workspace/shared/Artifactory/Linux/USD/1a43c47/lib:$ORIGIN/..:/local/S/jenkins/workspace/shared/Artifactory/Linux/rundev-master/202311130812/runtime/48b8229/devkitBase/devkit/ufe/lib:/local/S/jenkins/workspace/shared/Artifactory/Linux/USD/1a43c47/lib:/local/S/jenkins/workspace/shared/Artifactory/Linux/rundev-master/202311130812/runtime/48b8229/runTime/lib"
[2023-11-20T09:23:13.024Z]     -- Set runtime path of "/local/S/jenkins/workspace/ECP/ecg-maya-hydra/ecg-maya-hydra-branch-preflight-python3-linux/install/RelWithDebInfo/MayaHydra/lib/libmayaHydraLib.so" to ""
[2023-11-20T09:23:13.024Z]     -- Set runtime path of "/local/S/jenkins/workspace/ECP/ecg-maya-hydra/ecg-maya-hydra-branch-preflight-python3-linux/install/RelWithDebInfo/MayaHydra/lib/libufeExtensions.so" to ""
[2023-11-20T09:23:13.024Z]     -- Set runtime path of "/local/S/jenkins/workspace/ECP/ecg-maya-hydra/ecg-maya-hydra-branch-preflight-python3-linux/install/RelWithDebInfo/MayaHydra/lib/libflowViewport.so" to ""
[2023-11-20T09:23:13.024Z]     -- Set runtime path of "/local/S/jenkins/workspace/ECP/ecg-maya-hydra/ecg-maya-hydra-branch-preflight-python3-linux/install/RelWithDebInfo/MayaHydra/lib/libadskHydraSceneBrowser.so" to ""
[2023-11-20T09:23:13.024Z]     -- Set runtime path of "/local/S/jenkins/workspace/ECP/ecg-maya-hydra/ecg-maya-hydra-branch-preflight-python3-linux/install/RelWithDebInfo/MayaHydra/lib/libadskHydraSceneBrowserTesting.so" to "$ORIGIN/gtest:/local/S/jenkins/workspace/shared/Artifactory/Linux/USD/1a43c47/lib:/local/S/jenkins/workspace/shared/Artifactory/Linux/rundev-master/202311130812/runtime/48b8229/devkitBase/Qt/lib"
[2023-11-20T09:23:13.024Z]     -- Set runtime path of "/local/S/jenkins/workspace/ECP/ecg-maya-hydra/ecg-maya-hydra-branch-preflight-python3-linux/install/RelWithDebInfo/MayaHydra/lib/maya/mayaHydraSceneBrowser.so" to "$ORIGIN/..:/local/S/jenkins/workspace/shared/Artifactory/Linux/USD/1a43c47/lib:/local/S/jenkins/workspace/shared/Artifactory/Linux/rundev-master/202311130812/runtime/48b8229/devkitBase/devkit/ufe/lib:/local/S/jenkins/workspace/shared/Artifactory/Linux/rundev-master/202311130812/runtime/48b8229/devkitBase/Qt/lib:/local/S/jenkins/workspace/shared/Artifactory/Linux/rundev-master/202311130812/runtime/48b8229/runTime/lib"
[2023-11-20T09:23:13.024Z]     -- Set runtime path of "/local/S/jenkins/workspace/ECP/ecg-maya-hydra/ecg-maya-hydra-branch-preflight-python3-linux/install/RelWithDebInfo/MayaHydra/lib/maya/mayaHydraSceneBrowserTest.so" to "$ORIGIN/..:$ORIGIN/../gtest:/local/S/jenkins/workspace/shared/Artifactory/Linux/USD/1a43c47/lib:/local/S/jenkins/workspace/shared/Artifactory/Linux/rundev-master/202311130812/runtime/48b8229/devkitBase/Qt/lib:/local/S/jenkins/workspace/shared/Artifactory/Linux/rundev-master/202311130812/runtime/48b8229/devkitBase/devkit/ufe/lib:/local/S/jenkins/workspace/shared/Artifactory/Linux/rundev-master/202311130812/runtime/48b8229/runTime/lib"
[2023-11-20T09:23:13.024Z]     
[2023-11-20T09:23:13.024Z]         Building with settings:
[2023-11-20T09:23:13.024Z]           Source directory          /home/S/jenkins/workspace/ECP/ecg-maya-hydra/ecg-maya-hydra-branch-preflight-python3-linux/ecg-maya-hydra/maya-hydra
[2023-11-20T09:23:13.024Z]           Workspace directory       /local/S/jenkins/workspace/ECP/ecg-maya-hydra/ecg-maya-hydra-branch-preflight-python3-linux
[2023-11-20T09:23:13.024Z]           Build directory           /local/S/jenkins/workspace/ECP/ecg-maya-hydra/ecg-maya-hydra-branch-preflight-python3-linux/build/RelWithDebInfo
[2023-11-20T09:23:13.024Z]           Install directory         /local/S/jenkins/workspace/ECP/ecg-maya-hydra/ecg-maya-hydra-branch-preflight-python3-linux/install/RelWithDebInfo/MayaHydra
[2023-11-20T09:23:13.024Z]           Variant                   RelWithDebInfo
[2023-11-20T09:23:13.024Z]           Python Debug              Off
[2023-11-20T09:23:13.024Z]           CMake generator           Ninja
[2023-11-20T09:23:13.024Z]           Build arguments           ['-DCMAKE_MAKE_PROGRAM=/local/S/jenkins/workspace/shared/Artifactory/Linux/ninja/1.10.2/9ab399b/ninja', '-DPYTHON_INCLUDE_DIR=/local/S/jenkins/workspace/shared/Artifactory/Linux/rundev-master/202311130812/runtime/48b8229/runTime/include/Python311/Python', '-DPython_EXECUTABLE=/local/S/jenkins/workspace/shared/Artifactory/Linux/rundev-master/202311130812/runtime/48b8229/runTime/bin/mayapy', '-DPYTHON_LIBRARIES=/local/S/jenkins/workspace/shared/Artifactory/Linux/rundev-master/202311130812/runtime/48b8229/runTime/lib/libpython3.11.so.1.0', '-DBUILD_WITH_PYTHON_3_VERSION=3.11', '-DCMAKE_WANT_MATERIALX_BUILD=ON', '-DCMAKE_PREFIX_PATH=/local/S/jenkins/workspace/shared/Artifactory/Linux/USD/1a43c47', '-DMAYAHYDRA_BUILD_NUMBER=409', '-DMAYAHYDRA_GIT_COMMIT=718e8e6b3be7d1b2da5c723cb67dbc73b14509ea', '-DMAYAHYDRA_GIT_BRANCH=master']
[2023-11-20T09:23:13.024Z]           Stages arguments          ['install']
[2023-11-20T09:23:13.024Z]           CTest arguments           ['--parallel 16']
[2023-11-20T09:23:13.024Z]     Success MayaHydra build and install !!!!
[2023-11-20T09:23:13.024Z]     Elapsed time: 00:00:00
[Pipeline] }
[Pipeline] // withEnv
[Pipeline] }
[Pipeline] // timeout
[Pipeline] }
[Pipeline] // stage
[Pipeline] }
[Pipeline] // timestamps
[Pipeline] timestamps
[Pipeline] {
[Pipeline] stage
[Pipeline] { (Test)
[Pipeline] timeout
[2023-11-20T09:23:13.372Z] Timeout set to expire in 6 hr 0 min
[Pipeline] {
[Pipeline] withEnv
[Pipeline] {
[Pipeline] sh
[2023-11-20T09:23:14.474Z] + scl enable gcc-toolset-11 -
[2023-11-20T09:23:14.474Z] + '[' enable = load -o enable = unload ']'
[2023-11-20T09:23:14.474Z] + /usr/bin/scl enable gcc-toolset-11 -
[2023-11-20T09:23:14.474Z] python ecg-maya-hydra/build.py --stages=test --workspace-dir=/local/S/jenkins/workspace/ECP/ecg-maya-hydra/ecg-maya-hydra-branch-preflight-python3-linux --artifactory-dir=/local/S/jenkins/workspace/shared/Artifactory --build-dir=/local/S/jenkins/workspace/ECP/ecg-maya-hydra/ecg-maya-hydra-branch-preflight-python3-linux/build --install-dir=/local/S/jenkins/workspace/ECP/ecg-maya-hydra/ecg-maya-hydra-branch-preflight-python3-linux/install --signing-dir=/local/S/jenkins/workspace/ECP/ecg-maya-hydra/ecg-maya-hydra-branch-preflight-python3-linux/signing --package-dir=/local/S/jenkins/workspace/ECP/ecg-maya-hydra/ecg-maya-hydra-branch-preflight-python3-linux/package --output-dir=/local/S/jenkins/workspace/ECP/ecg-maya-hydra/ecg-maya-hydra-branch-preflight-python3-linux/output --stash-dir=/local/S/jenkins/workspace/ECP/ecg-maya-hydra/ecg-maya-hydra-branch-preflight-python3-linux/stash --jenkins-build=409 --git-commit=718e8e6b3be7d1b2da5c723cb67dbc73b14509ea --git-branch=master --variants=RelWithDebInfo --interactive-tests=true --post-zips=false --osx-binary-architecture-target=ub2 --osx-deployment-target=11.0 --osx-base-sdk=CurrentActiveSDK --test-jobs=0 --failed-test-retry=3 --maya-cut-config=maya-rundev-master.yaml --maya-package=rundev-master --stage-banner --progressive-timeout
[2023-11-20T09:23:14.474Z] Using Maya cut from /local/S/jenkins/workspace/shared/Artifactory/Linux/rundev-master/202311130812/runtime/48b8229
[2023-11-20T09:23:14.474Z] 
[2023-11-20T09:23:14.474Z] ================================================================================
[2023-11-20T09:23:14.474Z]                              test (RelWithDebInfo)
[2023-11-20T09:23:14.474Z] ================================================================================
[2023-11-20T09:23:14.474Z] Maya Python RelWithDebInfo Info:
[2023-11-20T09:23:14.474Z]   mayapy executable   = /local/S/jenkins/workspace/shared/Artifactory/Linux/rundev-master/202311130812/runtime/48b8229/runTime/bin/mayapy
[2023-11-20T09:23:14.474Z]   Include Folder      = /local/S/jenkins/workspace/shared/Artifactory/Linux/rundev-master/202311130812/runtime/48b8229/runTime/include/Python311/Python
[2023-11-20T09:23:14.474Z]   Library             = /local/S/jenkins/workspace/shared/Artifactory/Linux/rundev-master/202311130812/runtime/48b8229/runTime/lib/libpython3.11.so.1.0
[2023-11-20T09:23:14.474Z]   site-package Folder = /local/S/jenkins/workspace/shared/Artifactory/Linux/rundev-master/202311130812/runtime/48b8229/runTime/lib/python3.11/site-packages
[2023-11-20T09:23:15.024Z] In workdir: /home/S/jenkins/workspace/ECP/ecg-maya-hydra/ecg-maya-hydra-branch-preflight-python3-linux/ecg-maya-hydra/maya-hydra
[2023-11-20T09:23:15.024Z] Executing: /local/S/jenkins/workspace/shared/Artifactory/Linux/rundev-master/202311130812/runtime/48b8229/runTime/bin/mayapy /home/S/jenkins/workspace/ECP/ecg-maya-hydra/ecg-maya-hydra-branch-preflight-python3-linux/ecg-maya-hydra/maya-hydra/build.py --generator Ninja --build-relwithdebug --maya-location /local/S/jenkins/workspace/shared/Artifactory/Linux/rundev-master/202311130812/runtime/48b8229/runTime --devkit-location /local/S/jenkins/workspace/shared/Artifactory/Linux/rundev-master/202311130812/runtime/48b8229/devkitBase --pxrusd-location /local/S/jenkins/workspace/shared/Artifactory/Linux/USD/1a43c47 --build-args=-DCMAKE_MAKE_PROGRAM=/local/S/jenkins/workspace/shared/Artifactory/Linux/ninja/1.10.2/9ab399b/ninja,-DPYTHON_INCLUDE_DIR=/local/S/jenkins/workspace/shared/Artifactory/Linux/rundev-master/202311130812/runtime/48b8229/runTime/include/Python311/Python,-DPython_EXECUTABLE=/local/S/jenkins/workspace/shared/Artifactory/Linux/rundev-master/202311130812/runtime/48b8229/runTime/bin/mayapy,-DPYTHON_LIBRARIES=/local/S/jenkins/workspace/shared/Artifactory/Linux/rundev-master/202311130812/runtime/48b8229/runTime/lib/libpython3.11.so.1.0,-DBUILD_WITH_PYTHON_3_VERSION=3.11,-DCMAKE_WANT_MATERIALX_BUILD=ON,-DCMAKE_PREFIX_PATH=/local/S/jenkins/workspace/shared/Artifactory/Linux/USD/1a43c47,-DMAYAHYDRA_BUILD_NUMBER=409,-DMAYAHYDRA_GIT_COMMIT=718e8e6b3be7d1b2da5c723cb67dbc73b14509ea,-DMAYAHYDRA_GIT_BRANCH=master '--ctest-args=--parallel 16' --stages=test --redirect-outstream-file=False --install-location /local/S/jenkins/workspace/ECP/ecg-maya-hydra/ecg-maya-hydra-branch-preflight-python3-linux/install/RelWithDebInfo/MayaHydra /local/S/jenkins/workspace/ECP/ecg-maya-hydra/ecg-maya-hydra-branch-preflight-python3-linux
[2023-11-20T09:23:15.024Z] Modified environment variables:
[2023-11-20T09:23:15.024Z]     LD_LIBRARY_PATH=/opt/rh/gcc-toolset-11/root/usr/lib64:/opt/rh/gcc-toolset-11/root/usr/lib64:/opt/rh/gcc-toolset-11/root/usr/lib:/opt/rh/gcc-toolset-11/root/usr/lib64/dyninst:/opt/rh/gcc-toolset-11/root/usr/lib/dyninst
[2023-11-20T09:23:15.024Z]     PATH=/local/S/jenkins/workspace/shared/Artifactory/Linux/cmake/3.20.3/ab685d7/bin:/opt/rh/gcc-toolset-11/root/usr/bin:/home/administrator/.local/bin:/home/administrator/bin:/usr/share/Modules/bin:/usr/local/bin:/usr/local/sbin:/usr/bin:/usr/sbin
[2023-11-20T09:23:15.024Z]     Test project /home/S/jenkins/workspace/ECP/ecg-maya-hydra/ecg-maya-hydra-branch-preflight-python3-linux/build/RelWithDebInfo
[2023-11-20T09:23:15.024Z]           Start  1: _Interactive_Maya
[2023-11-20T09:23:15.024Z]      1/20 Test  #1: _Interactive_Maya ...........................***Not Run (Disabled)   0.00 sec
[2023-11-20T09:23:15.024Z]           Start  2: testImageDiffing
[2023-11-20T09:23:15.024Z]           Start  3: testMtohCommand
[2023-11-20T09:23:15.024Z]           Start  4: testMeshes
[2023-11-20T09:23:15.024Z]           Start  5: testNamespaces
[2023-11-20T09:23:15.024Z]           Start  6: testVisibility
[2023-11-20T09:23:15.024Z]           Start  7: testRendererSwitching
[2023-11-20T09:23:15.024Z]           Start  8: testSceneBrowser
[2023-11-20T09:23:15.024Z]           Start  9: testStageAddPrim
[2023-11-20T09:23:15.024Z]           Start 10: testNewSceneWithStage
[2023-11-20T09:23:15.024Z]           Start 11: testDirectionalLights
[2023-11-20T09:23:15.024Z]           Start 12: testColorPreferences
[2023-11-20T09:23:15.024Z]           Start 13: testCppFramework
[2023-11-20T09:23:15.024Z]           Start 14: testMayaSceneFlattening
[2023-11-20T09:23:15.024Z]           Start 15: testMayaUsdUfeItems
[2023-11-20T09:23:15.024Z]           Start 16: testMergingSceneIndex
[2023-11-20T09:23:15.024Z]           Start 17: testSelectionSceneIndex
[2023-11-20T09:23:22.962Z]      2/20 Test #11: testDirectionalLights .......................   Passed    7.95 sec
[2023-11-20T09:23:22.962Z]           Start 18: testWireframeSelectionHighlightSceneIndex
[2023-11-20T09:23:22.962Z]      3/20 Test  #7: testRendererSwitching .......................   Passed    8.00 sec
[2023-11-20T09:23:22.962Z]           Start 19: testFlowViewportAPIViewportInformation
[2023-11-20T09:23:22.962Z]      4/20 Test  #5: testNamespaces ..............................   Passed    8.05 sec
[2023-11-20T09:23:22.962Z]           Start 20: testMeshes_meshAdapter
[2023-11-20T09:23:23.503Z]      5/20 Test  #9: testStageAddPrim ............................   Passed    8.16 sec
[2023-11-20T09:23:23.503Z]      6/20 Test #15: testMayaUsdUfeItems .........................   Passed    8.53 sec
[2023-11-20T09:23:23.503Z]      7/20 Test #14: testMayaSceneFlattening .....................   Passed    8.57 sec
[2023-11-20T09:23:24.044Z]      8/20 Test #12: testColorPreferences ........................   Passed    8.69 sec
[2023-11-20T09:23:24.044Z]      9/20 Test #13: testCppFramework ............................   Passed    8.72 sec
[2023-11-20T09:23:24.044Z]     10/20 Test  #8: testSceneBrowser ............................   Passed    8.85 sec
[2023-11-20T09:23:24.044Z]     11/20 Test #16: testMergingSceneIndex .......................   Passed    8.88 sec
[2023-11-20T09:23:24.044Z]     12/20 Test #10: testNewSceneWithStage .......................   Passed    8.92 sec
[2023-11-20T09:23:24.044Z]     13/20 Test #17: testSelectionSceneIndex .....................   Passed    8.95 sec
[2023-11-20T09:23:24.044Z]     14/20 Test  #4: testMeshes ..................................   Passed    9.13 sec
[2023-11-20T09:23:24.584Z]     15/20 Test  #3: testMtohCommand .............................   Passed    9.16 sec
[2023-11-20T09:23:24.584Z]     16/20 Test  #2: testImageDiffing ............................   Passed    9.50 sec
[2023-11-20T09:23:25.715Z]     17/20 Test  #6: testVisibility ..............................   Passed   10.33 sec
[2023-11-20T09:23:29.985Z]     18/20 Test #18: testWireframeSelectionHighlightSceneIndex ...   Passed    6.31 sec
[2023-11-20T09:23:29.985Z]     19/20 Test #20: testMeshes_meshAdapter ......................   Passed    6.47 sec
[2023-11-20T09:23:29.985Z]     20/20 Test #19: testFlowViewportAPIViewportInformation ......   Passed    6.95 sec
[2023-11-20T09:23:29.985Z]     
[2023-11-20T09:23:29.985Z]     100% tests passed, 0 tests failed out of 19
[2023-11-20T09:23:29.985Z]     
[2023-11-20T09:23:29.985Z]     Label Time Summary:
[2023-11-20T09:23:29.985Z]     Debugging      =   0.00 sec*proc (1 test)
[2023-11-20T09:23:29.985Z]     interactive    = 160.12 sec*proc (19 tests)
[2023-11-20T09:23:29.985Z]     mayaHydra      = 160.12 sec*proc (19 tests)
[2023-11-20T09:23:29.985Z]     
[2023-11-20T09:23:29.985Z]     Total Test time (real) =  14.96 sec
[2023-11-20T09:23:29.985Z]     
[2023-11-20T09:23:29.985Z]     The following tests did not run:
[2023-11-20T09:23:29.985Z]     	  1 - _Interactive_Maya (Disabled)
[2023-11-20T09:23:29.985Z]     
[2023-11-20T09:23:29.985Z]         Building with settings:
[2023-11-20T09:23:29.985Z]           Source directory          /home/S/jenkins/workspace/ECP/ecg-maya-hydra/ecg-maya-hydra-branch-preflight-python3-linux/ecg-maya-hydra/maya-hydra
[2023-11-20T09:23:29.985Z]           Workspace directory       /local/S/jenkins/workspace/ECP/ecg-maya-hydra/ecg-maya-hydra-branch-preflight-python3-linux
[2023-11-20T09:23:29.985Z]           Build directory           /local/S/jenkins/workspace/ECP/ecg-maya-hydra/ecg-maya-hydra-branch-preflight-python3-linux/build/RelWithDebInfo
[2023-11-20T09:23:29.985Z]           Install directory         /local/S/jenkins/workspace/ECP/ecg-maya-hydra/ecg-maya-hydra-branch-preflight-python3-linux/install/RelWithDebInfo/MayaHydra
[2023-11-20T09:23:29.985Z]           Variant                   RelWithDebInfo
[2023-11-20T09:23:29.985Z]           Python Debug              Off
[2023-11-20T09:23:29.985Z]           CMake generator           Ninja
[2023-11-20T09:23:29.985Z]           Build arguments           ['-DCMAKE_MAKE_PROGRAM=/local/S/jenkins/workspace/shared/Artifactory/Linux/ninja/1.10.2/9ab399b/ninja', '-DPYTHON_INCLUDE_DIR=/local/S/jenkins/workspace/shared/Artifactory/Linux/rundev-master/202311130812/runtime/48b8229/runTime/include/Python311/Python', '-DPython_EXECUTABLE=/local/S/jenkins/workspace/shared/Artifactory/Linux/rundev-master/202311130812/runtime/48b8229/runTime/bin/mayapy', '-DPYTHON_LIBRARIES=/local/S/jenkins/workspace/shared/Artifactory/Linux/rundev-master/202311130812/runtime/48b8229/runTime/lib/libpython3.11.so.1.0', '-DBUILD_WITH_PYTHON_3_VERSION=3.11', '-DCMAKE_WANT_MATERIALX_BUILD=ON', '-DCMAKE_PREFIX_PATH=/local/S/jenkins/workspace/shared/Artifactory/Linux/USD/1a43c47', '-DMAYAHYDRA_BUILD_NUMBER=409', '-DMAYAHYDRA_GIT_COMMIT=718e8e6b3be7d1b2da5c723cb67dbc73b14509ea', '-DMAYAHYDRA_GIT_BRANCH=master']
[2023-11-20T09:23:29.985Z]           Stages arguments          ['test']
[2023-11-20T09:23:29.985Z]           CTest arguments           ['--parallel 16']
[2023-11-20T09:23:29.985Z]     Success running MayaHydra tests !!!!
[Pipeline] }
[Pipeline] // withEnv
[Pipeline] }
[Pipeline] // timeout
[Pipeline] }
[Pipeline] // stage
[Pipeline] }
[Pipeline] // timestamps
[Pipeline] timestamps
[Pipeline] {
[Pipeline] stage
[Pipeline] { (Cleanup)
[Pipeline] timeout
[2023-11-20T09:23:30.329Z] Timeout set to expire in 6 hr 0 min
[Pipeline] {
[Pipeline] withEnv
[Pipeline] {
[Pipeline] sh
[2023-11-20T09:23:31.425Z] + scl enable gcc-toolset-11 -
[2023-11-20T09:23:31.425Z] + '[' enable = load -o enable = unload ']'
[2023-11-20T09:23:31.425Z] + /usr/bin/scl enable gcc-toolset-11 -
[2023-11-20T09:23:31.425Z] python ecg-maya-hydra/build.py --stages=cleanup --workspace-dir=/local/S/jenkins/workspace/ECP/ecg-maya-hydra/ecg-maya-hydra-branch-preflight-python3-linux --artifactory-dir=/local/S/jenkins/workspace/shared/Artifactory --build-dir=/local/S/jenkins/workspace/ECP/ecg-maya-hydra/ecg-maya-hydra-branch-preflight-python3-linux/build --install-dir=/local/S/jenkins/workspace/ECP/ecg-maya-hydra/ecg-maya-hydra-branch-preflight-python3-linux/install --signing-dir=/local/S/jenkins/workspace/ECP/ecg-maya-hydra/ecg-maya-hydra-branch-preflight-python3-linux/signing --package-dir=/local/S/jenkins/workspace/ECP/ecg-maya-hydra/ecg-maya-hydra-branch-preflight-python3-linux/package --output-dir=/local/S/jenkins/workspace/ECP/ecg-maya-hydra/ecg-maya-hydra-branch-preflight-python3-linux/output --stash-dir=/local/S/jenkins/workspace/ECP/ecg-maya-hydra/ecg-maya-hydra-branch-preflight-python3-linux/stash --jenkins-build=409 --git-commit=718e8e6b3be7d1b2da5c723cb67dbc73b14509ea --git-branch=master --variants=Debug --interactive-tests=true --post-zips=false --osx-binary-architecture-target=ub2 --osx-deployment-target=11.0 --osx-base-sdk=CurrentActiveSDK --maya-cut-config=maya-rundev-master-debug.yaml --maya-package=rundev-master-debug --stage-banner
[2023-11-20T09:23:31.425Z] Using Maya cut from /local/S/jenkins/workspace/shared/Artifactory/Linux/rundev-master-debug/202311130621/runtime/fb61367
[2023-11-20T09:23:31.425Z] 
[2023-11-20T09:23:31.425Z] ================================================================================
[2023-11-20T09:23:31.425Z]                                cleanup (Finalize)
[2023-11-20T09:23:31.425Z] ================================================================================
[2023-11-20T09:23:31.425Z] Cleaning up workspace
[2023-11-20T09:23:31.425Z] Removing directory: /local/S/jenkins/workspace/ECP/ecg-maya-hydra/ecg-maya-hydra-branch-preflight-python3-linux/build
[2023-11-20T09:23:31.425Z] Removing directory: /local/S/jenkins/workspace/ECP/ecg-maya-hydra/ecg-maya-hydra-branch-preflight-python3-linux/install
[Pipeline] sh
[2023-11-20T09:23:32.717Z] + scl enable gcc-toolset-11 -
[2023-11-20T09:23:32.717Z] + '[' enable = load -o enable = unload ']'
[2023-11-20T09:23:32.717Z] + /usr/bin/scl enable gcc-toolset-11 -
[2023-11-20T09:23:32.717Z] python ecg-maya-hydra/build.py --stages=cleanup --workspace-dir=/local/S/jenkins/workspace/ECP/ecg-maya-hydra/ecg-maya-hydra-branch-preflight-python3-linux --artifactory-dir=/local/S/jenkins/workspace/shared/Artifactory --build-dir=/local/S/jenkins/workspace/ECP/ecg-maya-hydra/ecg-maya-hydra-branch-preflight-python3-linux/build --install-dir=/local/S/jenkins/workspace/ECP/ecg-maya-hydra/ecg-maya-hydra-branch-preflight-python3-linux/install --signing-dir=/local/S/jenkins/workspace/ECP/ecg-maya-hydra/ecg-maya-hydra-branch-preflight-python3-linux/signing --package-dir=/local/S/jenkins/workspace/ECP/ecg-maya-hydra/ecg-maya-hydra-branch-preflight-python3-linux/package --output-dir=/local/S/jenkins/workspace/ECP/ecg-maya-hydra/ecg-maya-hydra-branch-preflight-python3-linux/output --stash-dir=/local/S/jenkins/workspace/ECP/ecg-maya-hydra/ecg-maya-hydra-branch-preflight-python3-linux/stash --jenkins-build=409 --git-commit=718e8e6b3be7d1b2da5c723cb67dbc73b14509ea --git-branch=master --variants=RelWithDebInfo --interactive-tests=true --post-zips=false --osx-binary-architecture-target=ub2 --osx-deployment-target=11.0 --osx-base-sdk=CurrentActiveSDK --maya-cut-config=maya-rundev-master.yaml --maya-package=rundev-master --stage-banner
[2023-11-20T09:23:32.717Z] Using Maya cut from /local/S/jenkins/workspace/shared/Artifactory/Linux/rundev-master/202311130812/runtime/48b8229
[2023-11-20T09:23:32.717Z] 
[2023-11-20T09:23:32.717Z] ================================================================================
[2023-11-20T09:23:32.717Z]                                cleanup (Finalize)
[2023-11-20T09:23:32.717Z] ================================================================================
[2023-11-20T09:23:32.717Z] Cleaning up workspace
[Pipeline] }
[Pipeline] // withEnv
[Pipeline] }
[Pipeline] // timeout
[Pipeline] }
[Pipeline] // stage
[Pipeline] }
[Pipeline] // timestamps
[Pipeline] }
[Pipeline] // node
[Pipeline] End of Pipeline
[Checks API] No suitable checks publisher found.
Finished: SUCCESS
