[2023-11-20T14:49:54.814Z] ================================================================================
[2023-11-20T14:49:54.814Z]                                  setup (Debug)
[2023-11-20T14:49:54.814Z] ================================================================================
[Pipeline] sh
[2023-11-20T14:49:56.137Z] + scl enable gcc-toolset-11 -
[2023-11-20T14:49:56.137Z] + '[' enable = load -o enable = unload ']'
[2023-11-20T14:49:56.137Z] + /usr/bin/scl enable gcc-toolset-11 -
[2023-11-20T14:49:56.137Z] python ecg-maya-hydra/build.py --stages=setup --workspace-dir=/local/S/jenkins/workspace/ECP/ecg-maya-hydra/ecg-maya-hydra-branch-preflight-python3-linux --artifactory-dir=/local/S/jenkins/workspace/shared/Artifactory --build-dir=/local/S/jenkins/workspace/ECP/ecg-maya-hydra/ecg-maya-hydra-branch-preflight-python3-linux/build --install-dir=/local/S/jenkins/workspace/ECP/ecg-maya-hydra/ecg-maya-hydra-branch-preflight-python3-linux/install --signing-dir=/local/S/jenkins/workspace/ECP/ecg-maya-hydra/ecg-maya-hydra-branch-preflight-python3-linux/signing --package-dir=/local/S/jenkins/workspace/ECP/ecg-maya-hydra/ecg-maya-hydra-branch-preflight-python3-linux/package --output-dir=/local/S/jenkins/workspace/ECP/ecg-maya-hydra/ecg-maya-hydra-branch-preflight-python3-linux/output --stash-dir=/local/S/jenkins/workspace/ECP/ecg-maya-hydra/ecg-maya-hydra-branch-preflight-python3-linux/stash --jenkins-build=410 --git-commit=92cbd0d76b7ed18e4dc68a344103f1b9271b880a --git-branch=master --variants=RelWithDebInfo --interactive-tests=true --post-zips=false --osx-binary-architecture-target=ub2 --osx-deployment-target=11.0 --osx-base-sdk=CurrentActiveSDK --extra-license-file=ecg-maya-hydra/jenkins-o03-cot/melicense.lic --prune-versions=3 --prune-revisions=3 --maya-cut-config=maya-rundev-master.yaml --maya-package=rundev-master --stage-banner --prune-artifacts --force-pruning
[2023-11-20T14:49:56.137Z] Getting rundev-master download URL from Maya SHA-1 hash
[2023-11-20T14:49:56.137Z] Finding Artifactory servers response times
[2023-11-20T14:49:58.618Z] [VERBOSE] Start loading URL (CURL): https://art-bear.autodesk.com/artifactory/api/system/ping
[2023-11-20T14:49:58.618Z] [DEBUG] Running: /usr/bin/curl -s -X GET --keepalive-time 10 --connect-timeout 60 --speed-limit 10000 --speed-time 120 --max-time 3600 --retry 5 --retry-max-time 2400 -H Connection:close https://art-bear.autodesk.com/artifactory/api/system/ping
[2023-11-20T14:49:58.618Z] [DEBUG] Output:
[2023-11-20T14:49:58.618Z] OK
[2023-11-20T14:49:58.618Z] [VERBOSE] End loading URL (CURL): https://art-bear.autodesk.com/artifactory/api/system/ping
[2023-11-20T14:49:58.618Z] [VERBOSE] Start loading URL (CURL): https://art-marmotte.autodesk.com/artifactory/api/system/ping
[2023-11-20T14:49:58.618Z] [DEBUG] Running: /usr/bin/curl -s -X GET --keepalive-time 10 --connect-timeout 60 --speed-limit 10000 --speed-time 120 --max-time 3600 --retry 5 --retry-max-time 2400 -H Connection:close https://art-marmotte.autodesk.com/artifactory/api/system/ping
[2023-11-20T14:49:58.618Z] [DEBUG] Output:
[2023-11-20T14:49:58.618Z] OK
[2023-11-20T14:49:58.618Z] [VERBOSE] End loading URL (CURL): https://art-marmotte.autodesk.com/artifactory/api/system/ping
[2023-11-20T14:49:58.618Z] [VERBOSE] Start loading URL (CURL): https://art-bobcat.autodesk.com/artifactory/api/system/ping
[2023-11-20T14:49:58.618Z] [DEBUG] Running: /usr/bin/curl -s -X GET --keepalive-time 10 --connect-timeout 60 --speed-limit 10000 --speed-time 120 --max-time 3600 --retry 5 --retry-max-time 2400 -H Connection:close https://art-bobcat.autodesk.com/artifactory/api/system/ping
[2023-11-20T14:49:58.618Z] [DEBUG] Output:
[2023-11-20T14:49:58.618Z] OK
[2023-11-20T14:49:58.618Z] [VERBOSE] End loading URL (CURL): https://art-bobcat.autodesk.com/artifactory/api/system/ping
[2023-11-20T14:49:58.618Z] [VERBOSE] Start loading URL (CURL): https://art-bear.autodesk.com/artifactory/api/search/checksum?repos=autodesk-3p-generic,adsk-build-tools-generic,team-ecg-generic,team-maya-generic,oss-stg-generic&sha1=48b82298c06eaf2c74970418eeb9a87d644b4f3c
[2023-11-20T14:49:58.619Z] [DEBUG] Running: /usr/bin/curl -s -X GET --keepalive-time 10 --connect-timeout 60 --speed-limit 10000 --speed-time 120 --max-time 3600 --retry 5 --retry-max-time 2400 -H Connection:close -H Authorization:Basic ZWNnYmlmcm9zdDpvcGUqKjAw https://art-bear.autodesk.com/artifactory/api/search/checksum?repos=autodesk-3p-generic,adsk-build-tools-generic,team-ecg-generic,team-maya-generic,oss-stg-generic&sha1=48b82298c06eaf2c74970418eeb9a87d644b4f3c
[2023-11-20T14:49:58.619Z] [DEBUG] Output:
[2023-11-20T14:49:58.619Z] {
[2023-11-20T14:49:58.619Z]   "results" : [ {
[2023-11-20T14:49:58.619Z]     "uri" : "https://art-bear.autodesk.com:443/artifactory/api/storage/team-maya-generic/Maya/master/plnx/2023-11-13-08-12_72bdc70acd/202311130812-72bdc70acd-RUNDEV.tgz"
[2023-11-20T14:49:58.619Z]   } ]
[2023-11-20T14:49:58.619Z] }
[2023-11-20T14:49:58.619Z] [VERBOSE] End loading URL (CURL): https://art-bear.autodesk.com/artifactory/api/search/checksum?repos=autodesk-3p-generic,adsk-build-tools-generic,team-ecg-generic,team-maya-generic,oss-stg-generic&sha1=48b82298c06eaf2c74970418eeb9a87d644b4f3c
[2023-11-20T14:49:58.619Z] [VERBOSE] Start loading URL (CURL): https://art-bear.autodesk.com:443/artifactory/api/storage/team-maya-generic/Maya/master/plnx/2023-11-13-08-12_72bdc70acd/202311130812-72bdc70acd-RUNDEV.tgz
[2023-11-20T14:49:58.619Z] [DEBUG] Running: /usr/bin/curl -s -X GET --keepalive-time 10 --connect-timeout 60 --speed-limit 10000 --speed-time 120 --max-time 3600 --retry 5 --retry-max-time 2400 -H Connection:close -H Authorization:Basic ZWNnYmlmcm9zdDpvcGUqKjAw https://art-bear.autodesk.com:443/artifactory/api/storage/team-maya-generic/Maya/master/plnx/2023-11-13-08-12_72bdc70acd/202311130812-72bdc70acd-RUNDEV.tgz
[2023-11-20T14:49:58.619Z] [DEBUG] Output:
[2023-11-20T14:49:58.619Z] {
[2023-11-20T14:49:58.619Z]   "repo" : "team-maya-generic",
[2023-11-20T14:49:58.619Z]   "path" : "/Maya/master/plnx/2023-11-13-08-12_72bdc70acd/202311130812-72bdc70acd-RUNDEV.tgz",
[2023-11-20T14:49:58.619Z]   "created" : "2023-11-13T13:10:31.649-05:00",
[2023-11-20T14:49:58.619Z]   "createdBy" : "token:art-bear.autodesk.com",
[2023-11-20T14:49:58.619Z]   "lastModified" : "2023-11-13T13:10:25.412-05:00",
[2023-11-20T14:49:58.619Z]   "modifiedBy" : "token:art-bear.autodesk.com",
[2023-11-20T14:49:58.619Z]   "lastUpdated" : "2023-11-13T13:10:31.650-05:00",
[2023-11-20T14:49:58.619Z]   "downloadUri" : "https://art-bear.autodesk.com:443/artifactory/team-maya-generic/Maya/master/plnx/2023-11-13-08-12_72bdc70acd/202311130812-72bdc70acd-RUNDEV.tgz",
[2023-11-20T14:49:58.619Z]   "mimeType" : "application/x-gzip",
[2023-11-20T14:49:58.619Z]   "size" : "2658637657",
[2023-11-20T14:49:58.619Z]   "checksums" : {
[2023-11-20T14:49:58.619Z]     "sha1" : "48b82298c06eaf2c74970418eeb9a87d644b4f3c",
[2023-11-20T14:49:58.619Z]     "md5" : "229ebf6ef8a97883913e0d9a148768a3",
[2023-11-20T14:49:58.619Z]     "sha256" : "cce53c6cd434f001b86a4f40c51ba67b276c3888be1e4023e30b97880853815e"
[2023-11-20T14:49:58.619Z]   },
[2023-11-20T14:49:58.619Z]   "originalChecksums" : {
[2023-11-20T14:49:58.619Z]     "sha1" : "48b82298c06eaf2c74970418eeb9a87d644b4f3c",
[2023-11-20T14:49:58.619Z]     "md5" : "229ebf6ef8a97883913e0d9a148768a3",
[2023-11-20T14:49:58.619Z]     "sha256" : "cce53c6cd434f001b86a4f40c51ba67b276c3888be1e4023e30b97880853815e"
[2023-11-20T14:49:58.619Z]   },
[2023-11-20T14:49:58.619Z]   "uri" : "https://art-bear.autodesk.com:443/artifactory/api/storage/team-maya-generic/Maya/master/plnx/2023-11-13-08-12_72bdc70acd/202311130812-72bdc70acd-RUNDEV.tgz"
[2023-11-20T14:49:58.619Z] }
[2023-11-20T14:49:58.619Z] [VERBOSE] End loading URL (CURL): https://art-bear.autodesk.com:443/artifactory/api/storage/team-maya-generic/Maya/master/plnx/2023-11-13-08-12_72bdc70acd/202311130812-72bdc70acd-RUNDEV.tgz
[2023-11-20T14:49:58.619Z] Using Maya cut from /local/S/jenkins/workspace/shared/Artifactory/Linux/rundev-master/202311130812/runtime/48b8229
[2023-11-20T14:49:58.619Z] 
[2023-11-20T14:49:58.619Z] ================================================================================
[2023-11-20T14:49:58.619Z]                              setup (RelWithDebInfo)
[2023-11-20T14:49:58.619Z] ================================================================================
[Pipeline] }
[Pipeline] // withEnv
[Pipeline] }
[Pipeline] // timeout
[Pipeline] }
[Pipeline] // stage
[Pipeline] }
[Pipeline] // timestamps
[Pipeline] timestamps
[Pipeline] {
[Pipeline] stage
[Pipeline] { (Clean)
[Pipeline] timeout
[2023-11-20T14:49:58.958Z] Timeout set to expire in 6 hr 0 min
[Pipeline] {
[Pipeline] withEnv
[Pipeline] {
[Pipeline] sh
[2023-11-20T14:50:00.039Z] + scl enable gcc-toolset-11 -
[2023-11-20T14:50:00.039Z] + '[' enable = load -o enable = unload ']'
[2023-11-20T14:50:00.039Z] + /usr/bin/scl enable gcc-toolset-11 -
[2023-11-20T14:50:00.039Z] python ecg-maya-hydra/build.py --stages=clean --workspace-dir=/local/S/jenkins/workspace/ECP/ecg-maya-hydra/ecg-maya-hydra-branch-preflight-python3-linux --artifactory-dir=/local/S/jenkins/workspace/shared/Artifactory --build-dir=/local/S/jenkins/workspace/ECP/ecg-maya-hydra/ecg-maya-hydra-branch-preflight-python3-linux/build --install-dir=/local/S/jenkins/workspace/ECP/ecg-maya-hydra/ecg-maya-hydra-branch-preflight-python3-linux/install --signing-dir=/local/S/jenkins/workspace/ECP/ecg-maya-hydra/ecg-maya-hydra-branch-preflight-python3-linux/signing --package-dir=/local/S/jenkins/workspace/ECP/ecg-maya-hydra/ecg-maya-hydra-branch-preflight-python3-linux/package --output-dir=/local/S/jenkins/workspace/ECP/ecg-maya-hydra/ecg-maya-hydra-branch-preflight-python3-linux/output --stash-dir=/local/S/jenkins/workspace/ECP/ecg-maya-hydra/ecg-maya-hydra-branch-preflight-python3-linux/stash --jenkins-build=410 --git-commit=92cbd0d76b7ed18e4dc68a344103f1b9271b880a --git-branch=master --variants=Debug --interactive-tests=true --post-zips=false --osx-binary-architecture-target=ub2 --osx-deployment-target=11.0 --osx-base-sdk=CurrentActiveSDK --maya-cut-config=maya-rundev-master-debug.yaml --maya-package=rundev-master-debug --stage-banner
[2023-11-20T14:50:00.039Z] Using Maya cut from /local/S/jenkins/workspace/shared/Artifactory/Linux/rundev-master-debug/202311130621/runtime/fb61367
[2023-11-20T14:50:00.039Z] 
[2023-11-20T14:50:00.039Z] ================================================================================
[2023-11-20T14:50:00.039Z]                                  clean (Debug)
[2023-11-20T14:50:00.039Z] ================================================================================
[2023-11-20T14:50:00.039Z] Maya Python Debug Info:
[2023-11-20T14:50:00.039Z]   mayapy executable   = /local/S/jenkins/workspace/shared/Artifactory/Linux/rundev-master-debug/202311130621/runtime/fb61367/runTime/bin/mayapy
[2023-11-20T14:50:00.039Z]   Include Folder      = /local/S/jenkins/workspace/shared/Artifactory/Linux/rundev-master-debug/202311130621/runtime/fb61367/runTime/include/Python311/Python
[2023-11-20T14:50:00.039Z]   Library             = /local/S/jenkins/workspace/shared/Artifactory/Linux/rundev-master-debug/202311130621/runtime/fb61367/runTime/lib/libpython3.11d.so.1.0
[2023-11-20T14:50:00.039Z]   site-package Folder = /local/S/jenkins/workspace/shared/Artifactory/Linux/rundev-master-debug/202311130621/runtime/fb61367/runTime/lib/python3.11/site-packages
[2023-11-20T14:50:01.160Z] In workdir: /home/S/jenkins/workspace/ECP/ecg-maya-hydra/ecg-maya-hydra-branch-preflight-python3-linux/ecg-maya-hydra/maya-hydra
[2023-11-20T14:50:01.160Z] Executing: /local/S/jenkins/workspace/shared/Artifactory/Linux/rundev-master-debug/202311130621/runtime/fb61367/runTime/bin/mayapy /home/S/jenkins/workspace/ECP/ecg-maya-hydra/ecg-maya-hydra-branch-preflight-python3-linux/ecg-maya-hydra/maya-hydra/build.py --generator Ninja --build-debug --maya-location /local/S/jenkins/workspace/shared/Artifactory/Linux/rundev-master-debug/202311130621/runtime/fb61367/runTime --devkit-location /local/S/jenkins/workspace/shared/Artifactory/Linux/rundev-master-debug/202311130621/runtime/fb61367/devkitBase --pxrusd-location /local/S/jenkins/workspace/shared/Artifactory/Linux/USD/e5ad5df --build-args=-DCMAKE_MAKE_PROGRAM=/local/S/jenkins/workspace/shared/Artifactory/Linux/ninja/1.10.2/9ab399b/ninja,-DPYTHON_INCLUDE_DIR=/local/S/jenkins/workspace/shared/Artifactory/Linux/rundev-master-debug/202311130621/runtime/fb61367/runTime/include/Python311/Python,-DPython_EXECUTABLE=/local/S/jenkins/workspace/shared/Artifactory/Linux/rundev-master-debug/202311130621/runtime/fb61367/runTime/bin/mayapy,-DPYTHON_LIBRARIES=/local/S/jenkins/workspace/shared/Artifactory/Linux/rundev-master-debug/202311130621/runtime/fb61367/runTime/lib/libpython3.11d.so.1.0,-DBUILD_WITH_PYTHON_3_VERSION=3.11,-DCMAKE_WANT_MATERIALX_BUILD=ON,-DCMAKE_PREFIX_PATH=/local/S/jenkins/workspace/shared/Artifactory/Linux/USD/e5ad5df,-DMAYAHYDRA_BUILD_NUMBER=410,-DMAYAHYDRA_GIT_COMMIT=92cbd0d76b7ed18e4dc68a344103f1b9271b880a,-DMAYAHYDRA_GIT_BRANCH=master --debug-python '--ctest-args=--parallel 16' --stages=clean --redirect-outstream-file=False --install-location /local/S/jenkins/workspace/ECP/ecg-maya-hydra/ecg-maya-hydra-branch-preflight-python3-linux/install/Debug/MayaHydra /local/S/jenkins/workspace/ECP/ecg-maya-hydra/ecg-maya-hydra-branch-preflight-python3-linux
[2023-11-20T14:50:01.160Z] Modified environment variables:
[2023-11-20T14:50:01.160Z]     LD_LIBRARY_PATH=/opt/rh/gcc-toolset-11/root/usr/lib64:/opt/rh/gcc-toolset-11/root/usr/lib64:/opt/rh/gcc-toolset-11/root/usr/lib:/opt/rh/gcc-toolset-11/root/usr/lib64/dyninst:/opt/rh/gcc-toolset-11/root/usr/lib/dyninst
[2023-11-20T14:50:01.160Z]     PATH=/local/S/jenkins/workspace/shared/Artifactory/Linux/cmake/3.20.3/ab685d7/bin:/opt/rh/gcc-toolset-11/root/usr/bin:/home/administrator/.local/bin:/home/administrator/bin:/usr/share/Modules/bin:/usr/local/bin:/usr/local/sbin:/usr/bin:/usr/sbin
[2023-11-20T14:50:01.695Z]     
[2023-11-20T14:50:01.695Z]         Building with settings:
[2023-11-20T14:50:01.695Z]           Source directory          /home/S/jenkins/workspace/ECP/ecg-maya-hydra/ecg-maya-hydra-branch-preflight-python3-linux/ecg-maya-hydra/maya-hydra
[2023-11-20T14:50:01.695Z]           Workspace directory       /local/S/jenkins/workspace/ECP/ecg-maya-hydra/ecg-maya-hydra-branch-preflight-python3-linux
[2023-11-20T14:50:01.695Z]           Build directory           /local/S/jenkins/workspace/ECP/ecg-maya-hydra/ecg-maya-hydra-branch-preflight-python3-linux/build/Debug
[2023-11-20T14:50:01.695Z]           Install directory         /local/S/jenkins/workspace/ECP/ecg-maya-hydra/ecg-maya-hydra-branch-preflight-python3-linux/install/Debug/MayaHydra
[2023-11-20T14:50:01.695Z]           Variant                   Debug
[2023-11-20T14:50:01.695Z]           Python Debug              On
[2023-11-20T14:50:01.695Z]           CMake generator           Ninja
[2023-11-20T14:50:01.695Z]           Build arguments           ['-DCMAKE_MAKE_PROGRAM=/local/S/jenkins/workspace/shared/Artifactory/Linux/ninja/1.10.2/9ab399b/ninja', '-DPYTHON_INCLUDE_DIR=/local/S/jenkins/workspace/shared/Artifactory/Linux/rundev-master-debug/202311130621/runtime/fb61367/runTime/include/Python311/Python', '-DPython_EXECUTABLE=/local/S/jenkins/workspace/shared/Artifactory/Linux/rundev-master-debug/202311130621/runtime/fb61367/runTime/bin/mayapy', '-DPYTHON_LIBRARIES=/local/S/jenkins/workspace/shared/Artifactory/Linux/rundev-master-debug/202311130621/runtime/fb61367/runTime/lib/libpython3.11d.so.1.0', '-DBUILD_WITH_PYTHON_3_VERSION=3.11', '-DCMAKE_WANT_MATERIALX_BUILD=ON', '-DCMAKE_PREFIX_PATH=/local/S/jenkins/workspace/shared/Artifactory/Linux/USD/e5ad5df', '-DMAYAHYDRA_BUILD_NUMBER=410', '-DMAYAHYDRA_GIT_COMMIT=92cbd0d76b7ed18e4dc68a344103f1b9271b880a', '-DMAYAHYDRA_GIT_BRANCH=master']
[2023-11-20T14:50:01.695Z]           Stages arguments          ['clean']
[2023-11-20T14:50:01.695Z]           CTest arguments           ['--parallel 16']
[2023-11-20T14:50:01.695Z]     Success MayaHydra build and install !!!!
[2023-11-20T14:50:01.695Z]     Elapsed time: 00:00:00
[Pipeline] sh
[2023-11-20T14:50:02.977Z] + scl enable gcc-toolset-11 -
[2023-11-20T14:50:02.977Z] + '[' enable = load -o enable = unload ']'
[2023-11-20T14:50:02.977Z] + /usr/bin/scl enable gcc-toolset-11 -
[2023-11-20T14:50:02.977Z] python ecg-maya-hydra/build.py --stages=clean --workspace-dir=/local/S/jenkins/workspace/ECP/ecg-maya-hydra/ecg-maya-hydra-branch-preflight-python3-linux --artifactory-dir=/local/S/jenkins/workspace/shared/Artifactory --build-dir=/local/S/jenkins/workspace/ECP/ecg-maya-hydra/ecg-maya-hydra-branch-preflight-python3-linux/build --install-dir=/local/S/jenkins/workspace/ECP/ecg-maya-hydra/ecg-maya-hydra-branch-preflight-python3-linux/install --signing-dir=/local/S/jenkins/workspace/ECP/ecg-maya-hydra/ecg-maya-hydra-branch-preflight-python3-linux/signing --package-dir=/local/S/jenkins/workspace/ECP/ecg-maya-hydra/ecg-maya-hydra-branch-preflight-python3-linux/package --output-dir=/local/S/jenkins/workspace/ECP/ecg-maya-hydra/ecg-maya-hydra-branch-preflight-python3-linux/output --stash-dir=/local/S/jenkins/workspace/ECP/ecg-maya-hydra/ecg-maya-hydra-branch-preflight-python3-linux/stash --jenkins-build=410 --git-commit=92cbd0d76b7ed18e4dc68a344103f1b9271b880a --git-branch=master --variants=RelWithDebInfo --interactive-tests=true --post-zips=false --osx-binary-architecture-target=ub2 --osx-deployment-target=11.0 --osx-base-sdk=CurrentActiveSDK --maya-cut-config=maya-rundev-master.yaml --maya-package=rundev-master --stage-banner
[2023-11-20T14:50:02.977Z] Using Maya cut from /local/S/jenkins/workspace/shared/Artifactory/Linux/rundev-master/202311130812/runtime/48b8229
[2023-11-20T14:50:02.977Z] 
[2023-11-20T14:50:02.977Z] ================================================================================
[2023-11-20T14:50:02.977Z]                              clean (RelWithDebInfo)
[2023-11-20T14:50:02.977Z] ================================================================================
[2023-11-20T14:50:02.977Z] Maya Python RelWithDebInfo Info:
[2023-11-20T14:50:02.977Z]   mayapy executable   = /local/S/jenkins/workspace/shared/Artifactory/Linux/rundev-master/202311130812/runtime/48b8229/runTime/bin/mayapy
[2023-11-20T14:50:02.977Z]   Include Folder      = /local/S/jenkins/workspace/shared/Artifactory/Linux/rundev-master/202311130812/runtime/48b8229/runTime/include/Python311/Python
[2023-11-20T14:50:02.977Z]   Library             = /local/S/jenkins/workspace/shared/Artifactory/Linux/rundev-master/202311130812/runtime/48b8229/runTime/lib/libpython3.11.so.1.0
[2023-11-20T14:50:02.977Z]   site-package Folder = /local/S/jenkins/workspace/shared/Artifactory/Linux/rundev-master/202311130812/runtime/48b8229/runTime/lib/python3.11/site-packages
[2023-11-20T14:50:03.511Z] In workdir: /home/S/jenkins/workspace/ECP/ecg-maya-hydra/ecg-maya-hydra-branch-preflight-python3-linux/ecg-maya-hydra/maya-hydra
[2023-11-20T14:50:03.512Z] Executing: /local/S/jenkins/workspace/shared/Artifactory/Linux/rundev-master/202311130812/runtime/48b8229/runTime/bin/mayapy /home/S/jenkins/workspace/ECP/ecg-maya-hydra/ecg-maya-hydra-branch-preflight-python3-linux/ecg-maya-hydra/maya-hydra/build.py --generator Ninja --build-relwithdebug --maya-location /local/S/jenkins/workspace/shared/Artifactory/Linux/rundev-master/202311130812/runtime/48b8229/runTime --devkit-location /local/S/jenkins/workspace/shared/Artifactory/Linux/rundev-master/202311130812/runtime/48b8229/devkitBase --pxrusd-location /local/S/jenkins/workspace/shared/Artifactory/Linux/USD/1a43c47 --build-args=-DCMAKE_MAKE_PROGRAM=/local/S/jenkins/workspace/shared/Artifactory/Linux/ninja/1.10.2/9ab399b/ninja,-DPYTHON_INCLUDE_DIR=/local/S/jenkins/workspace/shared/Artifactory/Linux/rundev-master/202311130812/runtime/48b8229/runTime/include/Python311/Python,-DPython_EXECUTABLE=/local/S/jenkins/workspace/shared/Artifactory/Linux/rundev-master/202311130812/runtime/48b8229/runTime/bin/mayapy,-DPYTHON_LIBRARIES=/local/S/jenkins/workspace/shared/Artifactory/Linux/rundev-master/202311130812/runtime/48b8229/runTime/lib/libpython3.11.so.1.0,-DBUILD_WITH_PYTHON_3_VERSION=3.11,-DCMAKE_WANT_MATERIALX_BUILD=ON,-DCMAKE_PREFIX_PATH=/local/S/jenkins/workspace/shared/Artifactory/Linux/USD/1a43c47,-DMAYAHYDRA_BUILD_NUMBER=410,-DMAYAHYDRA_GIT_COMMIT=92cbd0d76b7ed18e4dc68a344103f1b9271b880a,-DMAYAHYDRA_GIT_BRANCH=master '--ctest-args=--parallel 16' --stages=clean --redirect-outstream-file=False --install-location /local/S/jenkins/workspace/ECP/ecg-maya-hydra/ecg-maya-hydra-branch-preflight-python3-linux/install/RelWithDebInfo/MayaHydra /local/S/jenkins/workspace/ECP/ecg-maya-hydra/ecg-maya-hydra-branch-preflight-python3-linux
[2023-11-20T14:50:03.512Z] Modified environment variables:
[2023-11-20T14:50:03.512Z]     LD_LIBRARY_PATH=/opt/rh/gcc-toolset-11/root/usr/lib64:/opt/rh/gcc-toolset-11/root/usr/lib64:/opt/rh/gcc-toolset-11/root/usr/lib:/opt/rh/gcc-toolset-11/root/usr/lib64/dyninst:/opt/rh/gcc-toolset-11/root/usr/lib/dyninst
[2023-11-20T14:50:03.512Z]     PATH=/local/S/jenkins/workspace/shared/Artifactory/Linux/cmake/3.20.3/ab685d7/bin:/opt/rh/gcc-toolset-11/root/usr/bin:/home/administrator/.local/bin:/home/administrator/bin:/usr/share/Modules/bin:/usr/local/bin:/usr/local/sbin:/usr/bin:/usr/sbin
[2023-11-20T14:50:03.512Z]     
[2023-11-20T14:50:03.512Z]         Building with settings:
[2023-11-20T14:50:03.512Z]           Source directory          /home/S/jenkins/workspace/ECP/ecg-maya-hydra/ecg-maya-hydra-branch-preflight-python3-linux/ecg-maya-hydra/maya-hydra
[2023-11-20T14:50:03.512Z]           Workspace directory       /local/S/jenkins/workspace/ECP/ecg-maya-hydra/ecg-maya-hydra-branch-preflight-python3-linux
[2023-11-20T14:50:03.512Z]           Build directory           /local/S/jenkins/workspace/ECP/ecg-maya-hydra/ecg-maya-hydra-branch-preflight-python3-linux/build/RelWithDebInfo
[2023-11-20T14:50:03.512Z]           Install directory         /local/S/jenkins/workspace/ECP/ecg-maya-hydra/ecg-maya-hydra-branch-preflight-python3-linux/install/RelWithDebInfo/MayaHydra
[2023-11-20T14:50:03.512Z]           Variant                   RelWithDebInfo
[2023-11-20T14:50:03.512Z]           Python Debug              Off
[2023-11-20T14:50:03.512Z]           CMake generator           Ninja
[2023-11-20T14:50:03.512Z]           Build arguments           ['-DCMAKE_MAKE_PROGRAM=/local/S/jenkins/workspace/shared/Artifactory/Linux/ninja/1.10.2/9ab399b/ninja', '-DPYTHON_INCLUDE_DIR=/local/S/jenkins/workspace/shared/Artifactory/Linux/rundev-master/202311130812/runtime/48b8229/runTime/include/Python311/Python', '-DPython_EXECUTABLE=/local/S/jenkins/workspace/shared/Artifactory/Linux/rundev-master/202311130812/runtime/48b8229/runTime/bin/mayapy', '-DPYTHON_LIBRARIES=/local/S/jenkins/workspace/shared/Artifactory/Linux/rundev-master/202311130812/runtime/48b8229/runTime/lib/libpython3.11.so.1.0', '-DBUILD_WITH_PYTHON_3_VERSION=3.11', '-DCMAKE_WANT_MATERIALX_BUILD=ON', '-DCMAKE_PREFIX_PATH=/local/S/jenkins/workspace/shared/Artifactory/Linux/USD/1a43c47', '-DMAYAHYDRA_BUILD_NUMBER=410', '-DMAYAHYDRA_GIT_COMMIT=92cbd0d76b7ed18e4dc68a344103f1b9271b880a', '-DMAYAHYDRA_GIT_BRANCH=master']
[2023-11-20T14:50:03.512Z]           Stages arguments          ['clean']
[2023-11-20T14:50:03.512Z]           CTest arguments           ['--parallel 16']
[2023-11-20T14:50:03.512Z]     Success MayaHydra build and install !!!!
[2023-11-20T14:50:03.512Z]     Elapsed time: 00:00:00
[Pipeline] }
[Pipeline] // withEnv
[Pipeline] }
[Pipeline] // timeout
[Pipeline] }
[Pipeline] // stage
[Pipeline] }
[Pipeline] // timestamps
[Pipeline] timestamps
[Pipeline] {
[Pipeline] stage
[Pipeline] { (Configure)
[Pipeline] timeout
[2023-11-20T14:50:03.858Z] Timeout set to expire in 6 hr 0 min
[Pipeline] {
[Pipeline] withEnv
[Pipeline] {
[Pipeline] sh
[2023-11-20T14:50:04.946Z] + scl enable gcc-toolset-11 -
[2023-11-20T14:50:04.947Z] + '[' enable = load -o enable = unload ']'
[2023-11-20T14:50:04.947Z] + /usr/bin/scl enable gcc-toolset-11 -
[2023-11-20T14:50:04.947Z] python ecg-maya-hydra/build.py --stages=configure --workspace-dir=/local/S/jenkins/workspace/ECP/ecg-maya-hydra/ecg-maya-hydra-branch-preflight-python3-linux --artifactory-dir=/local/S/jenkins/workspace/shared/Artifactory --build-dir=/local/S/jenkins/workspace/ECP/ecg-maya-hydra/ecg-maya-hydra-branch-preflight-python3-linux/build --install-dir=/local/S/jenkins/workspace/ECP/ecg-maya-hydra/ecg-maya-hydra-branch-preflight-python3-linux/install --signing-dir=/local/S/jenkins/workspace/ECP/ecg-maya-hydra/ecg-maya-hydra-branch-preflight-python3-linux/signing --package-dir=/local/S/jenkins/workspace/ECP/ecg-maya-hydra/ecg-maya-hydra-branch-preflight-python3-linux/package --output-dir=/local/S/jenkins/workspace/ECP/ecg-maya-hydra/ecg-maya-hydra-branch-preflight-python3-linux/output --stash-dir=/local/S/jenkins/workspace/ECP/ecg-maya-hydra/ecg-maya-hydra-branch-preflight-python3-linux/stash --jenkins-build=410 --git-commit=92cbd0d76b7ed18e4dc68a344103f1b9271b880a --git-branch=master --variants=Debug --interactive-tests=true --post-zips=false --osx-binary-architecture-target=ub2 --osx-deployment-target=11.0 --osx-base-sdk=CurrentActiveSDK --maya-cut-config=maya-rundev-master-debug.yaml --maya-package=rundev-master-debug --stage-banner
[2023-11-20T14:50:04.947Z] Using Maya cut from /local/S/jenkins/workspace/shared/Artifactory/Linux/rundev-master-debug/202311130621/runtime/fb61367
[2023-11-20T14:50:04.947Z] 
[2023-11-20T14:50:04.947Z] ================================================================================
[2023-11-20T14:50:04.947Z]                                configure (Debug)
[2023-11-20T14:50:04.947Z] ================================================================================
[2023-11-20T14:50:04.947Z] Maya Python Debug Info:
[2023-11-20T14:50:04.947Z]   mayapy executable   = /local/S/jenkins/workspace/shared/Artifactory/Linux/rundev-master-debug/202311130621/runtime/fb61367/runTime/bin/mayapy
[2023-11-20T14:50:04.947Z]   Include Folder      = /local/S/jenkins/workspace/shared/Artifactory/Linux/rundev-master-debug/202311130621/runtime/fb61367/runTime/include/Python311/Python
[2023-11-20T14:50:04.947Z]   Library             = /local/S/jenkins/workspace/shared/Artifactory/Linux/rundev-master-debug/202311130621/runtime/fb61367/runTime/lib/libpython3.11d.so.1.0
[2023-11-20T14:50:04.947Z]   site-package Folder = /local/S/jenkins/workspace/shared/Artifactory/Linux/rundev-master-debug/202311130621/runtime/fb61367/runTime/lib/python3.11/site-packages
[2023-11-20T14:50:06.066Z] In workdir: /home/S/jenkins/workspace/ECP/ecg-maya-hydra/ecg-maya-hydra-branch-preflight-python3-linux/ecg-maya-hydra/maya-hydra
[2023-11-20T14:50:06.066Z] Executing: /local/S/jenkins/workspace/shared/Artifactory/Linux/rundev-master-debug/202311130621/runtime/fb61367/runTime/bin/mayapy /home/S/jenkins/workspace/ECP/ecg-maya-hydra/ecg-maya-hydra-branch-preflight-python3-linux/ecg-maya-hydra/maya-hydra/build.py --generator Ninja --build-debug --maya-location /local/S/jenkins/workspace/shared/Artifactory/Linux/rundev-master-debug/202311130621/runtime/fb61367/runTime --devkit-location /local/S/jenkins/workspace/shared/Artifactory/Linux/rundev-master-debug/202311130621/runtime/fb61367/devkitBase --pxrusd-location /local/S/jenkins/workspace/shared/Artifactory/Linux/USD/e5ad5df --build-args=-DCMAKE_MAKE_PROGRAM=/local/S/jenkins/workspace/shared/Artifactory/Linux/ninja/1.10.2/9ab399b/ninja,-DPYTHON_INCLUDE_DIR=/local/S/jenkins/workspace/shared/Artifactory/Linux/rundev-master-debug/202311130621/runtime/fb61367/runTime/include/Python311/Python,-DPython_EXECUTABLE=/local/S/jenkins/workspace/shared/Artifactory/Linux/rundev-master-debug/202311130621/runtime/fb61367/runTime/bin/mayapy,-DPYTHON_LIBRARIES=/local/S/jenkins/workspace/shared/Artifactory/Linux/rundev-master-debug/202311130621/runtime/fb61367/runTime/lib/libpython3.11d.so.1.0,-DBUILD_WITH_PYTHON_3_VERSION=3.11,-DCMAKE_WANT_MATERIALX_BUILD=ON,-DCMAKE_PREFIX_PATH=/local/S/jenkins/workspace/shared/Artifactory/Linux/USD/e5ad5df,-DMAYAHYDRA_BUILD_NUMBER=410,-DMAYAHYDRA_GIT_COMMIT=92cbd0d76b7ed18e4dc68a344103f1b9271b880a,-DMAYAHYDRA_GIT_BRANCH=master --debug-python '--ctest-args=--parallel 16' --stages=configure --redirect-outstream-file=False --install-location /local/S/jenkins/workspace/ECP/ecg-maya-hydra/ecg-maya-hydra-branch-preflight-python3-linux/install/Debug/MayaHydra /local/S/jenkins/workspace/ECP/ecg-maya-hydra/ecg-maya-hydra-branch-preflight-python3-linux
[2023-11-20T14:50:06.066Z] Modified environment variables:
[2023-11-20T14:50:06.066Z]     LD_LIBRARY_PATH=/opt/rh/gcc-toolset-11/root/usr/lib64:/opt/rh/gcc-toolset-11/root/usr/lib64:/opt/rh/gcc-toolset-11/root/usr/lib:/opt/rh/gcc-toolset-11/root/usr/lib64/dyninst:/opt/rh/gcc-toolset-11/root/usr/lib/dyninst
[2023-11-20T14:50:06.066Z]     PATH=/local/S/jenkins/workspace/shared/Artifactory/Linux/cmake/3.20.3/ab685d7/bin:/opt/rh/gcc-toolset-11/root/usr/bin:/home/administrator/.local/bin:/home/administrator/bin:/usr/share/Modules/bin:/usr/local/bin:/usr/local/sbin:/usr/bin:/usr/sbin
[2023-11-20T14:50:06.601Z]     -- The C compiler identification is GNU 11.2.1
[2023-11-20T14:50:06.601Z]     -- The CXX compiler identification is GNU 11.2.1
[2023-11-20T14:50:06.601Z]     -- Detecting C compiler ABI info
[2023-11-20T14:50:06.601Z]     -- Detecting C compiler ABI info - done
[2023-11-20T14:50:06.601Z]     -- Check for working C compiler: /opt/rh/gcc-toolset-11/root/usr/bin/cc - skipped
[2023-11-20T14:50:06.601Z]     -- Detecting C compile features
[2023-11-20T14:50:06.601Z]     -- Detecting C compile features - done
[2023-11-20T14:50:06.601Z]     -- Detecting CXX compiler ABI info
[2023-11-20T14:50:06.601Z]     -- Detecting CXX compiler ABI info - done
[2023-11-20T14:50:06.601Z]     -- Check for working CXX compiler: /opt/rh/gcc-toolset-11/root/usr/bin/c++ - skipped
[2023-11-20T14:50:06.601Z]     -- Detecting CXX compile features
[2023-11-20T14:50:06.601Z]     -- Detecting CXX compile features - done
[2023-11-20T14:50:07.136Z]     -- Using Maya Light API Version 3
[2023-11-20T14:50:07.136Z]     -- Maya has setDefaultMaterialHandling API
[2023-11-20T14:50:07.136Z]     -- Maya has new point snapping API
[2023-11-20T14:50:07.136Z]     -- Maya has isInCrashHandler API
[2023-11-20T14:50:07.136Z]     -- Maya has getDisplayStyleOfAllViewports API
[2023-11-20T14:50:07.136Z]     -- Maya array iterator has difference_type trait
[2023-11-20T14:50:07.136Z]     -- MFnSet has getMemberPaths function
[2023-11-20T14:50:07.136Z]     -- MFnDisplayLayer exists
[2023-11-20T14:50:07.136Z]     -- MDisplayLayerMessage has MDisplayLayerMemberChangedFunction
[2023-11-20T14:50:07.136Z]     -- MRenderItem has HideOnPlayback API
[2023-11-20T14:50:07.136Z]     -- Linux: Maya was built with new cxx11 ABI
[2023-11-20T14:50:07.136Z]     -- Found Maya: /local/S/jenkins/workspace/shared/Artifactory/Linux/rundev-master-debug/202311130621/runtime/fb61367/runTime/bin/maya (found suitable version "2025", minimum required is "2024")
[2023-11-20T14:50:08.255Z]     -- Found Python: /local/S/jenkins/workspace/shared/Artifactory/Linux/rundev-master-debug/202311130621/runtime/fb61367/runTime/bin/mayapy (found suitable exact version "3.11.4") found components: Interpreter
[2023-11-20T14:50:08.255Z]     -- Build mayaHydra with Python3 = 3.11
[2023-11-20T14:50:08.255Z]     --    PYTHON_INCLUDE_DIRS = /local/S/jenkins/workspace/shared/Artifactory/Linux/rundev-master-debug/202311130621/runtime/fb61367/runTime/include/Python311/Python
[2023-11-20T14:50:08.255Z]     --    PYTHON_LIBRARIES    = /local/S/jenkins/workspace/shared/Artifactory/Linux/rundev-master-debug/202311130621/runtime/fb61367/runTime/lib/libpython3.11d.so.1.0
[2023-11-20T14:50:08.255Z]     --    Python_EXECUTABLE   = /local/S/jenkins/workspace/shared/Artifactory/Linux/rundev-master-debug/202311130621/runtime/fb61367/runTime/bin/mayapy
[2023-11-20T14:50:08.791Z]     -- Found Python3: /local/S/jenkins/workspace/shared/Artifactory/Linux/rundev-master-debug/202311130621/runtime/fb61367/runTime/include/Python311/Python (found suitable exact version "3.11.4") found components: Development Development.Module Development.Embed
[2023-11-20T14:50:08.791Z]     -- USD has new Sdr.PropertyTypes.Color4
[2023-11-20T14:50:08.791Z]     -- USD has MaterialX metadata support
[2023-11-20T14:50:08.791Z]     -- USD include dir: /local/S/jenkins/workspace/shared/Artifactory/Linux/USD/e5ad5df/include
[2023-11-20T14:50:08.791Z]     -- USD library dir: /local/S/jenkins/workspace/shared/Artifactory/Linux/USD/e5ad5df/lib
[2023-11-20T14:50:08.791Z]     -- USD version: 0.23.11
[2023-11-20T14:50:08.791Z]     -- Found USD: /local/S/jenkins/workspace/shared/Artifactory/Linux/USD/e5ad5df (found suitable version "0.23.11", minimum required is "0.22.11")
[2023-11-20T14:50:08.791Z]     Updated PYTHONPATH: /local/S/jenkins/workspace/shared/Artifactory/Linux/USD/e5ad5df/lib/python
[2023-11-20T14:50:08.791Z]     -- Found UFE: /local/S/jenkins/workspace/shared/Artifactory/Linux/rundev-master-debug/202311130621/runtime/fb61367/devkitBase/devkit/ufe/include (found version "0.5.11")
[2023-11-20T14:50:08.791Z]     -- UFE include dir: /local/S/jenkins/workspace/shared/Artifactory/Linux/rundev-master-debug/202311130621/runtime/fb61367/devkitBase/devkit/ufe/include
[2023-11-20T14:50:08.791Z]     -- UFE library: /local/S/jenkins/workspace/shared/Artifactory/Linux/rundev-master-debug/202311130621/runtime/fb61367/devkitBase/devkit/ufe/lib/libufe_0.so
[2023-11-20T14:50:08.791Z]     -- UFE version: 0.5.11
[2023-11-20T14:50:08.791Z]     -- Maya has UFE lights API
[2023-11-20T14:50:08.791Z]     -- Maya has UFE scene segment API
[2023-11-20T14:50:08.791Z]     -- Maya has UFE TrieNode childrenComponents accessor
[2023-11-20T14:50:08.791Z]     -- Building with UFE 0.5.11.
[2023-11-20T14:50:08.791Z]     -- Found MaterialX
[2023-11-20T14:50:09.326Z]     -- Check if compiler accepts -pthread
[2023-11-20T14:50:09.326Z]     -- Check if compiler accepts -pthread - yes
[2023-11-20T14:50:09.326Z]     -- Performing Test HAVE_STDATOMIC
[2023-11-20T14:50:09.326Z]     -- Performing Test HAVE_STDATOMIC - Success
[2023-11-20T14:50:09.326Z]     -- Found OpenGL: /usr/lib64/libOpenGL.so
[2023-11-20T14:50:09.860Z]     -- Check if linker can resolve circular dependencies - FALSE
[2023-11-20T14:50:09.860Z]     -- Found Qt 6.5.3 in Maya devkit. Hydra Scene Browser will be built.
[2023-11-20T14:50:09.860Z]     -- **** Building Gulrak From Github Repository.
[2023-11-20T14:50:09.860Z]     -- Populating gulrak
[2023-11-20T14:50:09.860Z]     -- Configuring done
[2023-11-20T14:50:09.860Z]     -- Generating done
[2023-11-20T14:50:09.860Z]     -- Build files have been written to: /home/S/jenkins/workspace/ECP/ecg-maya-hydra/ecg-maya-hydra-branch-preflight-python3-linux/build/Debug/_deps/gulrak-subbuild
[2023-11-20T14:50:09.860Z]     [1/9] Creating directories for 'gulrak-populate'
[2023-11-20T14:50:09.860Z]     [1/9] Performing download step (git clone) for 'gulrak-populate'
[2023-11-20T14:50:09.860Z]     Cloning into 'gulrak-src'...
[2023-11-20T14:50:10.394Z]     HEAD is now at 4e21ab3 Version bump and updated readme.
[2023-11-20T14:50:10.394Z]     [2/9] Performing update step for 'gulrak-populate'
[2023-11-20T14:50:10.394Z]     [4/9] No patch step for 'gulrak-populate'
[2023-11-20T14:50:10.394Z]     [5/9] No configure step for 'gulrak-populate'
[2023-11-20T14:50:10.395Z]     [6/9] No build step for 'gulrak-populate'
[2023-11-20T14:50:10.395Z]     [7/9] No install step for 'gulrak-populate'
[2023-11-20T14:50:10.395Z]     [8/9] No test step for 'gulrak-populate'
[2023-11-20T14:50:10.395Z]     [9/9] Completed 'gulrak-populate'
[2023-11-20T14:50:10.395Z]     -- ========== Installing GoogleTest... ==========
[2023-11-20T14:50:10.395Z]     -- Configuring done
[2023-11-20T14:50:10.395Z]     -- Generating done
[2023-11-20T14:50:10.395Z]     -- Build files have been written to: /home/S/jenkins/workspace/ECP/ecg-maya-hydra/ecg-maya-hydra-branch-preflight-python3-linux/build/Debug/googletest-config
[2023-11-20T14:50:10.395Z]     [1/8] Creating directories for 'googletest'
[2023-11-20T14:50:12.034Z]     [2/8] Performing download step (git clone) for 'googletest'
[2023-11-20T14:50:12.034Z]     Cloning into 'googletest-src'...
[2023-11-20T14:50:12.034Z]     HEAD is now at 703bd9ca Googletest export
[2023-11-20T14:50:12.034Z]     [3/8] Performing update step for 'googletest'
[2023-11-20T14:50:12.034Z]     [4/8] No patch step for 'googletest'
[2023-11-20T14:50:12.569Z]     [5/8] Performing configure step for 'googletest'
[2023-11-20T14:50:12.569Z]     Not searching for unused variables given on the command line.
[2023-11-20T14:50:12.569Z]     CMake Deprecation Warning at CMakeLists.txt:4 (cmake_minimum_required):
[2023-11-20T14:50:12.569Z]       Compatibility with CMake < 2.8.12 will be removed from a future version of
[2023-11-20T14:50:12.569Z]       CMake.
[2023-11-20T14:50:12.569Z]     
[2023-11-20T14:50:12.569Z]       Update the VERSION argument <min> value or use a ...<max> suffix to tell
[2023-11-20T14:50:12.569Z]       CMake that the project does not need compatibility with older versions.
[2023-11-20T14:50:12.569Z]     
[2023-11-20T14:50:12.569Z]     
[2023-11-20T14:50:12.569Z]     -- The C compiler identification is GNU 11.2.1
[2023-11-20T14:50:12.569Z]     -- The CXX compiler identification is GNU 11.2.1
[2023-11-20T14:50:12.569Z]     -- Detecting C compiler ABI info
[2023-11-20T14:50:12.569Z]     -- Detecting C compiler ABI info - done
[2023-11-20T14:50:12.569Z]     -- Check for working C compiler: /opt/rh/gcc-toolset-11/root/usr/bin/cc - skipped
[2023-11-20T14:50:12.569Z]     -- Detecting C compile features
[2023-11-20T14:50:12.569Z]     -- Detecting C compile features - done
[2023-11-20T14:50:12.569Z]     -- Detecting CXX compiler ABI info
[2023-11-20T14:50:12.569Z]     -- Detecting CXX compiler ABI info - done
[2023-11-20T14:50:12.569Z]     -- Check for working CXX compiler: /opt/rh/gcc-toolset-11/root/usr/bin/c++ - skipped
[2023-11-20T14:50:12.569Z]     -- Detecting CXX compile features
[2023-11-20T14:50:12.569Z]     -- Detecting CXX compile features - done
[2023-11-20T14:50:12.569Z]     CMake Deprecation Warning at googletest/CMakeLists.txt:56 (cmake_minimum_required):
[2023-11-20T14:50:12.569Z]       Compatibility with CMake < 2.8.12 will be removed from a future version of
[2023-11-20T14:50:12.569Z]       CMake.
[2023-11-20T14:50:12.569Z]     
[2023-11-20T14:50:12.569Z]       Update the VERSION argument <min> value or use a ...<max> suffix to tell
[2023-11-20T14:50:12.569Z]       CMake that the project does not need compatibility with older versions.
[2023-11-20T14:50:12.569Z]     
[2023-11-20T14:50:12.570Z]     
[2023-11-20T14:50:12.570Z]     -- Found PythonInterp: /usr/local/bin/python (found version "3.9.7")
[2023-11-20T14:50:12.570Z]     -- Looking for pthread.h
[2023-11-20T14:50:12.570Z]     -- Looking for pthread.h - found
[2023-11-20T14:50:12.570Z]     -- Performing Test CMAKE_HAVE_LIBC_PTHREAD
[2023-11-20T14:50:12.570Z]     -- Performing Test CMAKE_HAVE_LIBC_PTHREAD - Failed
[2023-11-20T14:50:12.570Z]     -- Looking for pthread_create in pthreads
[2023-11-20T14:50:12.570Z]     -- Looking for pthread_create in pthreads - not found
[2023-11-20T14:50:12.570Z]     -- Looking for pthread_create in pthread
[2023-11-20T14:50:12.570Z]     -- Looking for pthread_create in pthread - found
[2023-11-20T14:50:12.570Z]     -- Found Threads: TRUE
[2023-11-20T14:50:12.570Z]     -- Configuring done
[2023-11-20T14:50:12.570Z]     -- Generating done
[2023-11-20T14:50:12.570Z]     -- Build files have been written to: /home/S/jenkins/workspace/ECP/ecg-maya-hydra/ecg-maya-hydra-branch-preflight-python3-linux/build/Debug/googletest-build
[2023-11-20T14:50:15.928Z]     [6/8] Performing build step for 'googletest'
[2023-11-20T14:50:15.928Z]     [1/4] Building CXX object googletest/CMakeFiles/gtest_main.dir/src/gtest_main.cc.o
[2023-11-20T14:50:15.928Z]     [2/4] Building CXX object googletest/CMakeFiles/gtest.dir/src/gtest-all.cc.o
[2023-11-20T14:50:15.928Z]     [3/4] Linking CXX shared library lib/libgtestd.so
[2023-11-20T14:50:15.928Z]     [4/4] Linking CXX shared library lib/libgtest_maind.so
[2023-11-20T14:50:15.928Z]     [7/8] Performing install step for 'googletest'
[2023-11-20T14:50:15.928Z]     [0/1] Install the project...
[2023-11-20T14:50:15.928Z]     -- Install configuration: "Debug"
[2023-11-20T14:50:15.928Z]     -- Set runtime path of "/home/S/jenkins/workspace/ECP/ecg-maya-hydra/ecg-maya-hydra-branch-preflight-python3-linux/build/Debug/googletest-install/lib64/libgtest_maind.so" to ""
[2023-11-20T14:50:15.928Z]     [8/8] Completed 'googletest'
[2023-11-20T14:50:15.928Z]     -- ========== ...  GoogleTest installed. ==========
[2023-11-20T14:50:15.928Z]     -- Found GTest: /home/S/jenkins/workspace/ECP/ecg-maya-hydra/ecg-maya-hydra-branch-preflight-python3-linux/build/Debug/googletest-install/lib64/libgtestd.so
[2023-11-20T14:50:15.928Z]     -- promoting: /home/S/jenkins/workspace/ECP/ecg-maya-hydra/ecg-maya-hydra-branch-preflight-python3-linux/ecg-maya-hydra/maya-hydra/lib/mayaHydra/mayaPlugin/pluginUtils.h
[2023-11-20T14:50:15.928Z]     -- promoting: /home/S/jenkins/workspace/ECP/ecg-maya-hydra/ecg-maya-hydra-branch-preflight-python3-linux/ecg-maya-hydra/maya-hydra/lib/mayaHydra/hydraExtensions/api.h
[2023-11-20T14:50:15.928Z]     -- promoting: /home/S/jenkins/workspace/ECP/ecg-maya-hydra/ecg-maya-hydra-branch-preflight-python3-linux/ecg-maya-hydra/maya-hydra/lib/mayaHydra/hydraExtensions/debugCodes.h
[2023-11-20T14:50:15.928Z]     -- promoting: /home/S/jenkins/workspace/ECP/ecg-maya-hydra/ecg-maya-hydra-branch-preflight-python3-linux/ecg-maya-hydra/maya-hydra/lib/mayaHydra/hydraExtensions/hydraUtils.h
[2023-11-20T14:50:15.928Z]     -- promoting: /home/S/jenkins/workspace/ECP/ecg-maya-hydra/ecg-maya-hydra-branch-preflight-python3-linux/ecg-maya-hydra/maya-hydra/lib/mayaHydra/hydraExtensions/mayaHydraLibInterface.h
[2023-11-20T14:50:15.928Z]     -- promoting: /home/S/jenkins/workspace/ECP/ecg-maya-hydra/ecg-maya-hydra-branch-preflight-python3-linux/ecg-maya-hydra/maya-hydra/lib/mayaHydra/hydraExtensions/mayaHydraLibInterfaceImp.h
[2023-11-20T14:50:15.928Z]     -- promoting: /home/S/jenkins/workspace/ECP/ecg-maya-hydra/ecg-maya-hydra-branch-preflight-python3-linux/ecg-maya-hydra/maya-hydra/lib/mayaHydra/hydraExtensions/mayaUtils.h
[2023-11-20T14:50:15.928Z]     -- promoting: /home/S/jenkins/workspace/ECP/ecg-maya-hydra/ecg-maya-hydra-branch-preflight-python3-linux/ecg-maya-hydra/maya-hydra/lib/mayaHydra/hydraExtensions/mixedUtils.h
[2023-11-20T14:50:15.928Z]     -- promoting: /home/S/jenkins/workspace/ECP/ecg-maya-hydra/ecg-maya-hydra-branch-preflight-python3-linux/ecg-maya-hydra/maya-hydra/lib/mayaHydra/hydraExtensions/mayaHydraSceneProducer.h
[2023-11-20T14:50:15.928Z]     -- promoting: /home/S/jenkins/workspace/ECP/ecg-maya-hydra/ecg-maya-hydra-branch-preflight-python3-linux/ecg-maya-hydra/maya-hydra/lib/mayaHydra/hydraExtensions/adapters/adapter.h
[2023-11-20T14:50:15.928Z]     -- promoting: /home/S/jenkins/workspace/ECP/ecg-maya-hydra/ecg-maya-hydra-branch-preflight-python3-linux/ecg-maya-hydra/maya-hydra/lib/mayaHydra/hydraExtensions/adapters/adapterDebugCodes.h
[2023-11-20T14:50:15.928Z]     -- promoting: /home/S/jenkins/workspace/ECP/ecg-maya-hydra/ecg-maya-hydra-branch-preflight-python3-linux/ecg-maya-hydra/maya-hydra/lib/mayaHydra/hydraExtensions/adapters/adapterRegistry.h
[2023-11-20T14:50:15.928Z]     -- promoting: /home/S/jenkins/workspace/ECP/ecg-maya-hydra/ecg-maya-hydra-branch-preflight-python3-linux/ecg-maya-hydra/maya-hydra/lib/mayaHydra/hydraExtensions/adapters/cameraAdapter.h
[2023-11-20T14:50:15.928Z]     -- promoting: /home/S/jenkins/workspace/ECP/ecg-maya-hydra/ecg-maya-hydra-branch-preflight-python3-linux/ecg-maya-hydra/maya-hydra/lib/mayaHydra/hydraExtensions/adapters/constantShadowMatrix.h
[2023-11-20T14:50:15.928Z]     -- promoting: /home/S/jenkins/workspace/ECP/ecg-maya-hydra/ecg-maya-hydra-branch-preflight-python3-linux/ecg-maya-hydra/maya-hydra/lib/mayaHydra/hydraExtensions/adapters/dagAdapter.h
[2023-11-20T14:50:15.928Z]     -- promoting: /home/S/jenkins/workspace/ECP/ecg-maya-hydra/ecg-maya-hydra-branch-preflight-python3-linux/ecg-maya-hydra/maya-hydra/lib/mayaHydra/hydraExtensions/adapters/renderItemAdapter.h
[2023-11-20T14:50:15.928Z]     -- promoting: /home/S/jenkins/workspace/ECP/ecg-maya-hydra/ecg-maya-hydra-branch-preflight-python3-linux/ecg-maya-hydra/maya-hydra/lib/mayaHydra/hydraExtensions/adapters/lightAdapter.h
[2023-11-20T14:50:15.928Z]     -- promoting: /home/S/jenkins/workspace/ECP/ecg-maya-hydra/ecg-maya-hydra-branch-preflight-python3-linux/ecg-maya-hydra/maya-hydra/lib/mayaHydra/hydraExtensions/adapters/materialAdapter.h
[2023-11-20T14:50:15.928Z]     -- promoting: /home/S/jenkins/workspace/ECP/ecg-maya-hydra/ecg-maya-hydra-branch-preflight-python3-linux/ecg-maya-hydra/maya-hydra/lib/mayaHydra/hydraExtensions/adapters/materialNetworkConverter.h
[2023-11-20T14:50:15.928Z]     -- promoting: /home/S/jenkins/workspace/ECP/ecg-maya-hydra/ecg-maya-hydra-branch-preflight-python3-linux/ecg-maya-hydra/maya-hydra/lib/mayaHydra/hydraExtensions/adapters/mayaAttrs.h
[2023-11-20T14:50:15.928Z]     -- promoting: /home/S/jenkins/workspace/ECP/ecg-maya-hydra/ecg-maya-hydra-branch-preflight-python3-linux/ecg-maya-hydra/maya-hydra/lib/mayaHydra/hydraExtensions/adapters/shapeAdapter.h
[2023-11-20T14:50:15.928Z]     -- promoting: /home/S/jenkins/workspace/ECP/ecg-maya-hydra/ecg-maya-hydra-branch-preflight-python3-linux/ecg-maya-hydra/maya-hydra/lib/mayaHydra/hydraExtensions/adapters/tokens.h
[2023-11-20T14:50:15.928Z]     -- promoting: /home/S/jenkins/workspace/ECP/ecg-maya-hydra/ecg-maya-hydra-branch-preflight-python3-linux/ecg-maya-hydra/maya-hydra/lib/mayaHydra/hydraExtensions/delegates/delegate.h
[2023-11-20T14:50:15.928Z]     -- promoting: /home/S/jenkins/workspace/ECP/ecg-maya-hydra/ecg-maya-hydra-branch-preflight-python3-linux/ecg-maya-hydra/maya-hydra/lib/mayaHydra/hydraExtensions/delegates/delegateCtx.h
[2023-11-20T14:50:15.928Z]     -- promoting: /home/S/jenkins/workspace/ECP/ecg-maya-hydra/ecg-maya-hydra-branch-preflight-python3-linux/ecg-maya-hydra/maya-hydra/lib/mayaHydra/hydraExtensions/delegates/delegateDebugCodes.h
[2023-11-20T14:50:15.928Z]     -- promoting: /home/S/jenkins/workspace/ECP/ecg-maya-hydra/ecg-maya-hydra-branch-preflight-python3-linux/ecg-maya-hydra/maya-hydra/lib/mayaHydra/hydraExtensions/delegates/delegateRegistry.h
[2023-11-20T14:50:15.928Z]     -- promoting: /home/S/jenkins/workspace/ECP/ecg-maya-hydra/ecg-maya-hydra-branch-preflight-python3-linux/ecg-maya-hydra/maya-hydra/lib/mayaHydra/hydraExtensions/delegates/params.h
[2023-11-20T14:50:15.928Z]     -- promoting: /home/S/jenkins/workspace/ECP/ecg-maya-hydra/ecg-maya-hydra-branch-preflight-python3-linux/ecg-maya-hydra/maya-hydra/lib/mayaHydra/hydraExtensions/delegates/sceneDelegate.h
[2023-11-20T14:50:15.928Z]     -- promoting: /home/S/jenkins/workspace/ECP/ecg-maya-hydra/ecg-maya-hydra-branch-preflight-python3-linux/ecg-maya-hydra/maya-hydra/lib/mayaHydra/hydraExtensions/delegates/defaultLightDelegate.h
[2023-11-20T14:50:15.928Z]     -- promoting: /home/S/jenkins/workspace/ECP/ecg-maya-hydra/ecg-maya-hydra-branch-preflight-python3-linux/ecg-maya-hydra/maya-hydra/lib/mayaHydra/hydraExtensions/delegates/testDelegate.h
[2023-11-20T14:50:15.928Z]     -- promoting: /home/S/jenkins/workspace/ECP/ecg-maya-hydra/ecg-maya-hydra-branch-preflight-python3-linux/ecg-maya-hydra/maya-hydra/lib/mayaHydra/hydraExtensions/sceneIndex/registration.h
[2023-11-20T14:50:15.928Z]     -- promoting: /home/S/jenkins/workspace/ECP/ecg-maya-hydra/ecg-maya-hydra-branch-preflight-python3-linux/ecg-maya-hydra/maya-hydra/lib/mayaHydra/hydraExtensions/sceneIndex/mayaHydraSceneIndex.h
[2023-11-20T14:50:15.928Z]     -- promoting: /home/S/jenkins/workspace/ECP/ecg-maya-hydra/ecg-maya-hydra-branch-preflight-python3-linux/ecg-maya-hydra/maya-hydra/lib/mayaHydra/hydraExtensions/sceneIndex/mayaHydraDataSource.h
[2023-11-20T14:50:15.928Z]     -- promoting: /home/S/jenkins/workspace/ECP/ecg-maya-hydra/ecg-maya-hydra-branch-preflight-python3-linux/ecg-maya-hydra/maya-hydra/lib/mayaHydra/hydraExtensions/sceneIndex/mayaHydraPrimvarDataSource.h
[2023-11-20T14:50:15.928Z]     -- promoting: /home/S/jenkins/workspace/ECP/ecg-maya-hydra/ecg-maya-hydra-branch-preflight-python3-linux/ecg-maya-hydra/maya-hydra/lib/mayaHydra/hydraExtensions/sceneIndex/mayaHydraDisplayStyleDataSource.h
[2023-11-20T14:50:15.928Z]     -- promoting: /home/S/jenkins/workspace/ECP/ecg-maya-hydra/ecg-maya-hydra-branch-preflight-python3-linux/ecg-maya-hydra/maya-hydra/lib/mayaHydra/hydraExtensions/sceneIndex/mayaHydraCameraDataSource.h
[2023-11-20T14:50:15.928Z]     -- promoting: /home/S/jenkins/workspace/ECP/ecg-maya-hydra/ecg-maya-hydra-branch-preflight-python3-linux/ecg-maya-hydra/maya-hydra/lib/mayaHydra/hydraExtensions/sceneIndex/mayaHydraLightDataSource.h
[2023-11-20T14:50:15.928Z]     -- promoting: /home/S/jenkins/workspace/ECP/ecg-maya-hydra/ecg-maya-hydra-branch-preflight-python3-linux/ecg-maya-hydra/maya-hydra/lib/mayaHydra/hydraExtensions/sceneIndex/mayaHydraDefaultLightDataSource.h
[2023-11-20T14:50:15.928Z]     -- promoting: /home/S/jenkins/workspace/ECP/ecg-maya-hydra/ecg-maya-hydra-branch-preflight-python3-linux/ecg-maya-hydra/maya-hydra/lib/mayaHydra/ufeExtensions/api.h
[2023-11-20T14:50:15.928Z]     -- promoting: /home/S/jenkins/workspace/ECP/ecg-maya-hydra/ecg-maya-hydra-branch-preflight-python3-linux/ecg-maya-hydra/maya-hydra/lib/mayaHydra/ufeExtensions/Global.h
[2023-11-20T14:50:15.928Z]     -- promoting: /home/S/jenkins/workspace/ECP/ecg-maya-hydra/ecg-maya-hydra-branch-preflight-python3-linux/ecg-maya-hydra/maya-hydra/lib/flowViewport/api.h
[2023-11-20T14:50:15.928Z]     -- promoting: /home/S/jenkins/workspace/ECP/ecg-maya-hydra/ecg-maya-hydra-branch-preflight-python3-linux/ecg-maya-hydra/maya-hydra/lib/flowViewport/debugCodes.h
[2023-11-20T14:50:15.928Z]     -- promoting: /home/S/jenkins/workspace/ECP/ecg-maya-hydra/ecg-maya-hydra-branch-preflight-python3-linux/ecg-maya-hydra/maya-hydra/lib/flowViewport/global.h
[2023-11-20T14:50:15.928Z]     -- promoting: /home/S/jenkins/workspace/ECP/ecg-maya-hydra/ecg-maya-hydra-branch-preflight-python3-linux/ecg-maya-hydra/maya-hydra/lib/flowViewport/tokens.h
[2023-11-20T14:50:15.928Z]     -- promoting: /home/S/jenkins/workspace/ECP/ecg-maya-hydra/ecg-maya-hydra-branch-preflight-python3-linux/ecg-maya-hydra/maya-hydra/lib/flowViewport/colorPreferences/fvpColorChanged.h
[2023-11-20T14:50:15.928Z]     -- promoting: /home/S/jenkins/workspace/ECP/ecg-maya-hydra/ecg-maya-hydra-branch-preflight-python3-linux/ecg-maya-hydra/maya-hydra/lib/flowViewport/colorPreferences/fvpColorPreferences.h
[2023-11-20T14:50:15.928Z]     -- promoting: /home/S/jenkins/workspace/ECP/ecg-maya-hydra/ecg-maya-hydra-branch-preflight-python3-linux/ecg-maya-hydra/maya-hydra/lib/flowViewport/colorPreferences/fvpColorPreferencesTokens.h
[2023-11-20T14:50:15.928Z]     -- promoting: /home/S/jenkins/workspace/ECP/ecg-maya-hydra/ecg-maya-hydra-branch-preflight-python3-linux/ecg-maya-hydra/maya-hydra/lib/flowViewport/colorPreferences/fvpColorPreferencesTranslator.h
[2023-11-20T14:50:15.928Z]     -- promoting: /home/S/jenkins/workspace/ECP/ecg-maya-hydra/ecg-maya-hydra-branch-preflight-python3-linux/ecg-maya-hydra/maya-hydra/lib/flowViewport/sceneIndex/fvpMergingSceneIndex.h
[2023-11-20T14:50:15.928Z]     -- promoting: /home/S/jenkins/workspace/ECP/ecg-maya-hydra/ecg-maya-hydra-branch-preflight-python3-linux/ecg-maya-hydra/maya-hydra/lib/flowViewport/sceneIndex/fvpPathInterface.h
[2023-11-20T14:50:15.928Z]     -- promoting: /home/S/jenkins/workspace/ECP/ecg-maya-hydra/ecg-maya-hydra-branch-preflight-python3-linux/ecg-maya-hydra/maya-hydra/lib/flowViewport/sceneIndex/fvpPathInterfaceSceneIndex.h
[2023-11-20T14:50:15.928Z]     -- promoting: /home/S/jenkins/workspace/ECP/ecg-maya-hydra/ecg-maya-hydra-branch-preflight-python3-linux/ecg-maya-hydra/maya-hydra/lib/flowViewport/sceneIndex/fvpRenderIndexProxy.h
[2023-11-20T14:50:15.928Z]     -- promoting: /home/S/jenkins/workspace/ECP/ecg-maya-hydra/ecg-maya-hydra-branch-preflight-python3-linux/ecg-maya-hydra/maya-hydra/lib/flowViewport/sceneIndex/fvpRenderIndexProxyFwd.h
[2023-11-20T14:50:15.928Z]     -- promoting: /home/S/jenkins/workspace/ECP/ecg-maya-hydra/ecg-maya-hydra-branch-preflight-python3-linux/ecg-maya-hydra/maya-hydra/lib/flowViewport/sceneIndex/fvpSelectionSceneIndex.h
[2023-11-20T14:50:15.928Z]     -- promoting: /home/S/jenkins/workspace/ECP/ecg-maya-hydra/ecg-maya-hydra-branch-preflight-python3-linux/ecg-maya-hydra/maya-hydra/lib/flowViewport/sceneIndex/fvpWireframeSelectionHighlightSceneIndex.h
[2023-11-20T14:50:15.928Z]     -- promoting: /home/S/jenkins/workspace/ECP/ecg-maya-hydra/ecg-maya-hydra-branch-preflight-python3-linux/ecg-maya-hydra/maya-hydra/lib/flowViewport/API/fvpSelectionClient.h
[2023-11-20T14:50:15.928Z]     -- promoting: /home/S/jenkins/workspace/ECP/ecg-maya-hydra/ecg-maya-hydra-branch-preflight-python3-linux/ecg-maya-hydra/maya-hydra/lib/flowViewport/API/fvpFlowSelectionInterface.h
[2023-11-20T14:50:15.928Z]     -- promoting: /home/S/jenkins/workspace/ECP/ecg-maya-hydra/ecg-maya-hydra-branch-preflight-python3-linux/ecg-maya-hydra/maya-hydra/lib/flowViewport/API/fvpVersionInterface.h
[2023-11-20T14:50:15.928Z]     -- promoting: /home/S/jenkins/workspace/ECP/ecg-maya-hydra/ecg-maya-hydra-branch-preflight-python3-linux/ecg-maya-hydra/maya-hydra/lib/flowViewport/API/fvpInformationInterface.h
[2023-11-20T14:50:15.928Z]     -- promoting: /home/S/jenkins/workspace/ECP/ecg-maya-hydra/ecg-maya-hydra-branch-preflight-python3-linux/ecg-maya-hydra/maya-hydra/lib/flowViewport/API/fvpInformationClient.h
[2023-11-20T14:50:15.928Z]     -- promoting: /home/S/jenkins/workspace/ECP/ecg-maya-hydra/ecg-maya-hydra-branch-preflight-python3-linux/ecg-maya-hydra/maya-hydra/lib/flowViewport/API/interfacesImp/fvpSelectionInterfaceImp.h
[2023-11-20T14:50:15.928Z]     -- promoting: /home/S/jenkins/workspace/ECP/ecg-maya-hydra/ecg-maya-hydra-branch-preflight-python3-linux/ecg-maya-hydra/maya-hydra/lib/flowViewport/API/interfacesImp/fvpVersionInterfaceImp.h
[2023-11-20T14:50:15.928Z]     -- promoting: /home/S/jenkins/workspace/ECP/ecg-maya-hydra/ecg-maya-hydra-branch-preflight-python3-linux/ecg-maya-hydra/maya-hydra/lib/flowViewport/API/interfacesImp/fvpInformationInterfaceImp.h
[2023-11-20T14:50:15.928Z]     -- promoting: /home/S/jenkins/workspace/ECP/ecg-maya-hydra/ecg-maya-hydra-branch-preflight-python3-linux/ecg-maya-hydra/maya-hydra/lib/flowViewport/API/samples/fvpSelectionClientExample.h
[2023-11-20T14:50:15.928Z]     -- promoting: /home/S/jenkins/workspace/ECP/ecg-maya-hydra/ecg-maya-hydra-branch-preflight-python3-linux/ecg-maya-hydra/maya-hydra/lib/flowViewport/API/samples/fvpInformationClientExample.h
[2023-11-20T14:50:15.928Z]     -- promoting: /home/S/jenkins/workspace/ECP/ecg-maya-hydra/ecg-maya-hydra-branch-preflight-python3-linux/ecg-maya-hydra/maya-hydra/lib/flowViewport/API/perViewportSceneIndicesData/fvpViewportInformationAndSceneIndicesPerViewportData.h
[2023-11-20T14:50:15.928Z]     -- promoting: /home/S/jenkins/workspace/ECP/ecg-maya-hydra/ecg-maya-hydra-branch-preflight-python3-linux/ecg-maya-hydra/maya-hydra/lib/flowViewport/API/perViewportSceneIndicesData/fvpViewportInformationAndSceneIndicesPerViewportDataManager.h
[2023-11-20T14:50:15.928Z]     -- promoting: /home/S/jenkins/workspace/ECP/ecg-maya-hydra/ecg-maya-hydra-branch-preflight-python3-linux/ecg-maya-hydra/maya-hydra/lib/flowViewport/selection/fvpSelection.h
[2023-11-20T14:50:15.928Z]     -- promoting: /home/S/jenkins/workspace/ECP/ecg-maya-hydra/ecg-maya-hydra-branch-preflight-python3-linux/ecg-maya-hydra/maya-hydra/lib/flowViewport/selection/fvpSelectionFwd.h
[2023-11-20T14:50:15.928Z]     -- promoting: /home/S/jenkins/workspace/ECP/ecg-maya-hydra/ecg-maya-hydra-branch-preflight-python3-linux/ecg-maya-hydra/maya-hydra/lib/flowViewport/selection/fvpSelectionTask.h
[2023-11-20T14:50:15.928Z]     -- promoting: /home/S/jenkins/workspace/ECP/ecg-maya-hydra/ecg-maya-hydra-branch-preflight-python3-linux/ecg-maya-hydra/maya-hydra/lib/flowViewport/selection/fvpSelectionTracker.h
[2023-11-20T14:50:18.409Z]     -- Configuring done
[2023-11-20T14:50:18.409Z]     -- Generating done
[2023-11-20T14:50:18.409Z]     -- Build files have been written to: /home/S/jenkins/workspace/ECP/ecg-maya-hydra/ecg-maya-hydra-branch-preflight-python3-linux/build/Debug
[2023-11-20T14:50:18.409Z]     
[2023-11-20T14:50:18.409Z]         Building with settings:
[2023-11-20T14:50:18.409Z]           Source directory          /home/S/jenkins/workspace/ECP/ecg-maya-hydra/ecg-maya-hydra-branch-preflight-python3-linux/ecg-maya-hydra/maya-hydra
[2023-11-20T14:50:18.409Z]           Workspace directory       /local/S/jenkins/workspace/ECP/ecg-maya-hydra/ecg-maya-hydra-branch-preflight-python3-linux
[2023-11-20T14:50:18.409Z]           Build directory           /local/S/jenkins/workspace/ECP/ecg-maya-hydra/ecg-maya-hydra-branch-preflight-python3-linux/build/Debug
[2023-11-20T14:50:18.409Z]           Install directory         /local/S/jenkins/workspace/ECP/ecg-maya-hydra/ecg-maya-hydra-branch-preflight-python3-linux/install/Debug/MayaHydra
[2023-11-20T14:50:18.409Z]           Variant                   Debug
[2023-11-20T14:50:18.409Z]           Python Debug              On
[2023-11-20T14:50:18.409Z]           CMake generator           Ninja
[2023-11-20T14:50:18.409Z]           Build arguments           ['-DCMAKE_MAKE_PROGRAM=/local/S/jenkins/workspace/shared/Artifactory/Linux/ninja/1.10.2/9ab399b/ninja', '-DPYTHON_INCLUDE_DIR=/local/S/jenkins/workspace/shared/Artifactory/Linux/rundev-master-debug/202311130621/runtime/fb61367/runTime/include/Python311/Python', '-DPython_EXECUTABLE=/local/S/jenkins/workspace/shared/Artifactory/Linux/rundev-master-debug/202311130621/runtime/fb61367/runTime/bin/mayapy', '-DPYTHON_LIBRARIES=/local/S/jenkins/workspace/shared/Artifactory/Linux/rundev-master-debug/202311130621/runtime/fb61367/runTime/lib/libpython3.11d.so.1.0', '-DBUILD_WITH_PYTHON_3_VERSION=3.11', '-DCMAKE_WANT_MATERIALX_BUILD=ON', '-DCMAKE_PREFIX_PATH=/local/S/jenkins/workspace/shared/Artifactory/Linux/USD/e5ad5df', '-DMAYAHYDRA_BUILD_NUMBER=410', '-DMAYAHYDRA_GIT_COMMIT=92cbd0d76b7ed18e4dc68a344103f1b9271b880a', '-DMAYAHYDRA_GIT_BRANCH=master']
[2023-11-20T14:50:18.409Z]           Stages arguments          ['configure']
[2023-11-20T14:50:18.409Z]           CTest arguments           ['--parallel 16']
[2023-11-20T14:50:18.409Z]     STATUS: Found Maya Qt headers in: /local/S/jenkins/workspace/shared/Artifactory/Linux/rundev-master-debug/202311130621/runtime/fb61367/devkitBase
[2023-11-20T14:50:18.409Z]     Success MayaHydra build and install !!!!
[2023-11-20T14:50:18.409Z]     Elapsed time: 00:00:11
[Pipeline] sh
[2023-11-20T14:50:19.693Z] + scl enable gcc-toolset-11 -
[2023-11-20T14:50:19.693Z] + '[' enable = load -o enable = unload ']'
[2023-11-20T14:50:19.693Z] + /usr/bin/scl enable gcc-toolset-11 -
[2023-11-20T14:50:19.693Z] python ecg-maya-hydra/build.py --stages=configure --workspace-dir=/local/S/jenkins/workspace/ECP/ecg-maya-hydra/ecg-maya-hydra-branch-preflight-python3-linux --artifactory-dir=/local/S/jenkins/workspace/shared/Artifactory --build-dir=/local/S/jenkins/workspace/ECP/ecg-maya-hydra/ecg-maya-hydra-branch-preflight-python3-linux/build --install-dir=/local/S/jenkins/workspace/ECP/ecg-maya-hydra/ecg-maya-hydra-branch-preflight-python3-linux/install --signing-dir=/local/S/jenkins/workspace/ECP/ecg-maya-hydra/ecg-maya-hydra-branch-preflight-python3-linux/signing --package-dir=/local/S/jenkins/workspace/ECP/ecg-maya-hydra/ecg-maya-hydra-branch-preflight-python3-linux/package --output-dir=/local/S/jenkins/workspace/ECP/ecg-maya-hydra/ecg-maya-hydra-branch-preflight-python3-linux/output --stash-dir=/local/S/jenkins/workspace/ECP/ecg-maya-hydra/ecg-maya-hydra-branch-preflight-python3-linux/stash --jenkins-build=410 --git-commit=92cbd0d76b7ed18e4dc68a344103f1b9271b880a --git-branch=master --variants=RelWithDebInfo --interactive-tests=true --post-zips=false --osx-binary-architecture-target=ub2 --osx-deployment-target=11.0 --osx-base-sdk=CurrentActiveSDK --maya-cut-config=maya-rundev-master.yaml --maya-package=rundev-master --stage-banner
[2023-11-20T14:50:19.693Z] Using Maya cut from /local/S/jenkins/workspace/shared/Artifactory/Linux/rundev-master/202311130812/runtime/48b8229
[2023-11-20T14:50:19.693Z] 
[2023-11-20T14:50:19.693Z] ================================================================================
[2023-11-20T14:50:19.693Z]                            configure (RelWithDebInfo)
[2023-11-20T14:50:19.693Z] ================================================================================
[2023-11-20T14:50:19.693Z] Maya Python RelWithDebInfo Info:
[2023-11-20T14:50:19.693Z]   mayapy executable   = /local/S/jenkins/workspace/shared/Artifactory/Linux/rundev-master/202311130812/runtime/48b8229/runTime/bin/mayapy
[2023-11-20T14:50:19.693Z]   Include Folder      = /local/S/jenkins/workspace/shared/Artifactory/Linux/rundev-master/202311130812/runtime/48b8229/runTime/include/Python311/Python
[2023-11-20T14:50:19.693Z]   Library             = /local/S/jenkins/workspace/shared/Artifactory/Linux/rundev-master/202311130812/runtime/48b8229/runTime/lib/libpython3.11.so.1.0
[2023-11-20T14:50:19.693Z]   site-package Folder = /local/S/jenkins/workspace/shared/Artifactory/Linux/rundev-master/202311130812/runtime/48b8229/runTime/lib/python3.11/site-packages
[2023-11-20T14:50:20.249Z] In workdir: /home/S/jenkins/workspace/ECP/ecg-maya-hydra/ecg-maya-hydra-branch-preflight-python3-linux/ecg-maya-hydra/maya-hydra
[2023-11-20T14:50:20.249Z] Executing: /local/S/jenkins/workspace/shared/Artifactory/Linux/rundev-master/202311130812/runtime/48b8229/runTime/bin/mayapy /home/S/jenkins/workspace/ECP/ecg-maya-hydra/ecg-maya-hydra-branch-preflight-python3-linux/ecg-maya-hydra/maya-hydra/build.py --generator Ninja --build-relwithdebug --maya-location /local/S/jenkins/workspace/shared/Artifactory/Linux/rundev-master/202311130812/runtime/48b8229/runTime --devkit-location /local/S/jenkins/workspace/shared/Artifactory/Linux/rundev-master/202311130812/runtime/48b8229/devkitBase --pxrusd-location /local/S/jenkins/workspace/shared/Artifactory/Linux/USD/1a43c47 --build-args=-DCMAKE_MAKE_PROGRAM=/local/S/jenkins/workspace/shared/Artifactory/Linux/ninja/1.10.2/9ab399b/ninja,-DPYTHON_INCLUDE_DIR=/local/S/jenkins/workspace/shared/Artifactory/Linux/rundev-master/202311130812/runtime/48b8229/runTime/include/Python311/Python,-DPython_EXECUTABLE=/local/S/jenkins/workspace/shared/Artifactory/Linux/rundev-master/202311130812/runtime/48b8229/runTime/bin/mayapy,-DPYTHON_LIBRARIES=/local/S/jenkins/workspace/shared/Artifactory/Linux/rundev-master/202311130812/runtime/48b8229/runTime/lib/libpython3.11.so.1.0,-DBUILD_WITH_PYTHON_3_VERSION=3.11,-DCMAKE_WANT_MATERIALX_BUILD=ON,-DCMAKE_PREFIX_PATH=/local/S/jenkins/workspace/shared/Artifactory/Linux/USD/1a43c47,-DMAYAHYDRA_BUILD_NUMBER=410,-DMAYAHYDRA_GIT_COMMIT=92cbd0d76b7ed18e4dc68a344103f1b9271b880a,-DMAYAHYDRA_GIT_BRANCH=master '--ctest-args=--parallel 16' --stages=configure --redirect-outstream-file=False --install-location /local/S/jenkins/workspace/ECP/ecg-maya-hydra/ecg-maya-hydra-branch-preflight-python3-linux/install/RelWithDebInfo/MayaHydra /local/S/jenkins/workspace/ECP/ecg-maya-hydra/ecg-maya-hydra-branch-preflight-python3-linux
[2023-11-20T14:50:20.249Z] Modified environment variables:
[2023-11-20T14:50:20.249Z]     LD_LIBRARY_PATH=/opt/rh/gcc-toolset-11/root/usr/lib64:/opt/rh/gcc-toolset-11/root/usr/lib64:/opt/rh/gcc-toolset-11/root/usr/lib:/opt/rh/gcc-toolset-11/root/usr/lib64/dyninst:/opt/rh/gcc-toolset-11/root/usr/lib/dyninst
[2023-11-20T14:50:20.249Z]     PATH=/local/S/jenkins/workspace/shared/Artifactory/Linux/cmake/3.20.3/ab685d7/bin:/opt/rh/gcc-toolset-11/root/usr/bin:/home/administrator/.local/bin:/home/administrator/bin:/usr/share/Modules/bin:/usr/local/bin:/usr/local/sbin:/usr/bin:/usr/sbin
[2023-11-20T14:50:20.249Z]     -- The C compiler identification is GNU 11.2.1
[2023-11-20T14:50:20.249Z]     -- The CXX compiler identification is GNU 11.2.1
[2023-11-20T14:50:20.919Z]     -- Detecting C compiler ABI info
[2023-11-20T14:50:20.919Z]     -- Detecting C compiler ABI info - done
[2023-11-20T14:50:20.919Z]     -- Check for working C compiler: /opt/rh/gcc-toolset-11/root/usr/bin/cc - skipped
[2023-11-20T14:50:20.919Z]     -- Detecting C compile features
[2023-11-20T14:50:20.919Z]     -- Detecting C compile features - done
[2023-11-20T14:50:20.919Z]     -- Detecting CXX compiler ABI info
[2023-11-20T14:50:20.919Z]     -- Detecting CXX compiler ABI info - done
[2023-11-20T14:50:20.919Z]     -- Check for working CXX compiler: /opt/rh/gcc-toolset-11/root/usr/bin/c++ - skipped
[2023-11-20T14:50:20.919Z]     -- Detecting CXX compile features
[2023-11-20T14:50:20.919Z]     -- Detecting CXX compile features - done
[2023-11-20T14:50:20.919Z]     -- Using Maya Light API Version 3
[2023-11-20T14:50:20.919Z]     -- Maya has setDefaultMaterialHandling API
[2023-11-20T14:50:20.919Z]     -- Maya has new point snapping API
[2023-11-20T14:50:20.919Z]     -- Maya has isInCrashHandler API
[2023-11-20T14:50:20.919Z]     -- Maya has getDisplayStyleOfAllViewports API
[2023-11-20T14:50:20.919Z]     -- Maya array iterator has difference_type trait
[2023-11-20T14:50:20.919Z]     -- MFnSet has getMemberPaths function
[2023-11-20T14:50:20.919Z]     -- MFnDisplayLayer exists
[2023-11-20T14:50:20.919Z]     -- MDisplayLayerMessage has MDisplayLayerMemberChangedFunction
[2023-11-20T14:50:20.919Z]     -- MRenderItem has HideOnPlayback API
[2023-11-20T14:50:21.454Z]     -- Linux: Maya was built with new cxx11 ABI
[2023-11-20T14:50:21.454Z]     -- Found Maya: /local/S/jenkins/workspace/shared/Artifactory/Linux/rundev-master/202311130812/runtime/48b8229/runTime/bin/maya (found suitable version "2025", minimum required is "2024")
[2023-11-20T14:50:21.454Z]     -- Found Python: /local/S/jenkins/workspace/shared/Artifactory/Linux/rundev-master/202311130812/runtime/48b8229/runTime/bin/mayapy (found suitable exact version "3.11.4") found components: Interpreter
[2023-11-20T14:50:21.454Z]     -- Build mayaHydra with Python3 = 3.11
[2023-11-20T14:50:21.454Z]     --    PYTHON_INCLUDE_DIRS = /local/S/jenkins/workspace/shared/Artifactory/Linux/rundev-master/202311130812/runtime/48b8229/runTime/include/Python311/Python
[2023-11-20T14:50:21.454Z]     --    PYTHON_LIBRARIES    = /local/S/jenkins/workspace/shared/Artifactory/Linux/rundev-master/202311130812/runtime/48b8229/runTime/lib/libpython3.11.so.1.0
[2023-11-20T14:50:21.454Z]     --    Python_EXECUTABLE   = /local/S/jenkins/workspace/shared/Artifactory/Linux/rundev-master/202311130812/runtime/48b8229/runTime/bin/mayapy
[2023-11-20T14:50:21.989Z]     -- Found Python3: /local/S/jenkins/workspace/shared/Artifactory/Linux/rundev-master/202311130812/runtime/48b8229/runTime/include/Python311/Python (found suitable exact version "3.11.4") found components: Development Development.Module Development.Embed
[2023-11-20T14:50:21.989Z]     -- USD has new Sdr.PropertyTypes.Color4
[2023-11-20T14:50:21.989Z]     -- USD has MaterialX metadata support
[2023-11-20T14:50:21.989Z]     -- USD include dir: /local/S/jenkins/workspace/shared/Artifactory/Linux/USD/1a43c47/include
[2023-11-20T14:50:21.989Z]     -- USD library dir: /local/S/jenkins/workspace/shared/Artifactory/Linux/USD/1a43c47/lib
[2023-11-20T14:50:21.989Z]     -- USD version: 0.23.11
[2023-11-20T14:50:21.989Z]     -- Found USD: /local/S/jenkins/workspace/shared/Artifactory/Linux/USD/1a43c47 (found suitable version "0.23.11", minimum required is "0.22.11")
[2023-11-20T14:50:21.989Z]     Updated PYTHONPATH: /local/S/jenkins/workspace/shared/Artifactory/Linux/USD/1a43c47/lib/python
[2023-11-20T14:50:21.989Z]     -- Found UFE: /local/S/jenkins/workspace/shared/Artifactory/Linux/rundev-master/202311130812/runtime/48b8229/devkitBase/devkit/ufe/include (found version "0.5.11")
[2023-11-20T14:50:21.989Z]     -- UFE include dir: /local/S/jenkins/workspace/shared/Artifactory/Linux/rundev-master/202311130812/runtime/48b8229/devkitBase/devkit/ufe/include
[2023-11-20T14:50:21.989Z]     -- UFE library: /local/S/jenkins/workspace/shared/Artifactory/Linux/rundev-master/202311130812/runtime/48b8229/devkitBase/devkit/ufe/lib/libufe_0.so
[2023-11-20T14:50:21.989Z]     -- UFE version: 0.5.11
[2023-11-20T14:50:21.989Z]     -- Maya has UFE lights API
[2023-11-20T14:50:21.989Z]     -- Maya has UFE scene segment API
[2023-11-20T14:50:21.989Z]     -- Maya has UFE TrieNode childrenComponents accessor
[2023-11-20T14:50:21.989Z]     -- Building with UFE 0.5.11.
[2023-11-20T14:50:21.989Z]     -- Found MaterialX
[2023-11-20T14:50:23.109Z]     -- Check if compiler accepts -pthread
[2023-11-20T14:50:23.109Z]     -- Check if compiler accepts -pthread - yes
[2023-11-20T14:50:23.109Z]     -- Performing Test HAVE_STDATOMIC
[2023-11-20T14:50:23.109Z]     -- Performing Test HAVE_STDATOMIC - Success
[2023-11-20T14:50:23.109Z]     -- Found OpenGL: /usr/lib64/libOpenGL.so
[2023-11-20T14:50:23.109Z]     -- Check if linker can resolve circular dependencies - FALSE
[2023-11-20T14:50:23.109Z]     -- Found Qt 6.5.3 in Maya devkit. Hydra Scene Browser will be built.
[2023-11-20T14:50:23.109Z]     -- **** Building Gulrak From Github Repository.
[2023-11-20T14:50:23.109Z]     -- Populating gulrak
[2023-11-20T14:50:23.109Z]     -- Configuring done
[2023-11-20T14:50:23.109Z]     -- Generating done
[2023-11-20T14:50:23.109Z]     -- Build files have been written to: /home/S/jenkins/workspace/ECP/ecg-maya-hydra/ecg-maya-hydra-branch-preflight-python3-linux/build/RelWithDebInfo/_deps/gulrak-subbuild
[2023-11-20T14:50:23.109Z]     [1/9] Creating directories for 'gulrak-populate'
[2023-11-20T14:50:23.109Z]     [1/9] Performing download step (git clone) for 'gulrak-populate'
[2023-11-20T14:50:23.109Z]     Cloning into 'gulrak-src'...
[2023-11-20T14:50:23.709Z]     HEAD is now at 4e21ab3 Version bump and updated readme.
[2023-11-20T14:50:23.709Z]     [2/9] Performing update step for 'gulrak-populate'
[2023-11-20T14:50:23.709Z]     [4/9] No patch step for 'gulrak-populate'
[2023-11-20T14:50:23.709Z]     [5/9] No configure step for 'gulrak-populate'
[2023-11-20T14:50:23.709Z]     [6/9] No build step for 'gulrak-populate'
[2023-11-20T14:50:23.709Z]     [7/9] No install step for 'gulrak-populate'
[2023-11-20T14:50:23.709Z]     [8/9] No test step for 'gulrak-populate'
[2023-11-20T14:50:23.709Z]     [9/9] Completed 'gulrak-populate'
[2023-11-20T14:50:23.709Z]     -- ========== Installing GoogleTest... ==========
[2023-11-20T14:50:23.709Z]     -- Configuring done
[2023-11-20T14:50:23.709Z]     -- Generating done
[2023-11-20T14:50:23.709Z]     -- Build files have been written to: /home/S/jenkins/workspace/ECP/ecg-maya-hydra/ecg-maya-hydra-branch-preflight-python3-linux/build/RelWithDebInfo/googletest-config
[2023-11-20T14:50:23.709Z]     [1/8] Creating directories for 'googletest'
[2023-11-20T14:50:25.476Z]     [2/8] Performing download step (git clone) for 'googletest'
[2023-11-20T14:50:25.476Z]     Cloning into 'googletest-src'...
[2023-11-20T14:50:25.476Z]     HEAD is now at 703bd9ca Googletest export
[2023-11-20T14:50:25.476Z]     [3/8] Performing update step for 'googletest'
[2023-11-20T14:50:25.476Z]     [4/8] No patch step for 'googletest'
[2023-11-20T14:50:27.289Z]     [5/8] Performing configure step for 'googletest'
[2023-11-20T14:50:27.289Z]     Not searching for unused variables given on the command line.
[2023-11-20T14:50:27.290Z]     CMake Deprecation Warning at CMakeLists.txt:4 (cmake_minimum_required):
[2023-11-20T14:50:27.290Z]       Compatibility with CMake < 2.8.12 will be removed from a future version of
[2023-11-20T14:50:27.290Z]       CMake.
[2023-11-20T14:50:27.290Z]     
[2023-11-20T14:50:27.290Z]       Update the VERSION argument <min> value or use a ...<max> suffix to tell
[2023-11-20T14:50:27.290Z]       CMake that the project does not need compatibility with older versions.
[2023-11-20T14:50:27.290Z]     
[2023-11-20T14:50:27.290Z]     
[2023-11-20T14:50:27.290Z]     -- The C compiler identification is GNU 11.2.1
[2023-11-20T14:50:27.290Z]     -- The CXX compiler identification is GNU 11.2.1
[2023-11-20T14:50:27.290Z]     -- Detecting C compiler ABI info
[2023-11-20T14:50:27.290Z]     -- Detecting C compiler ABI info - done
[2023-11-20T14:50:27.290Z]     -- Check for working C compiler: /opt/rh/gcc-toolset-11/root/usr/bin/cc - skipped
[2023-11-20T14:50:27.290Z]     -- Detecting C compile features
[2023-11-20T14:50:27.290Z]     -- Detecting C compile features - done
[2023-11-20T14:50:27.290Z]     -- Detecting CXX compiler ABI info
[2023-11-20T14:50:27.290Z]     -- Detecting CXX compiler ABI info - done
[2023-11-20T14:50:27.290Z]     -- Check for working CXX compiler: /opt/rh/gcc-toolset-11/root/usr/bin/c++ - skipped
[2023-11-20T14:50:27.290Z]     -- Detecting CXX compile features
[2023-11-20T14:50:27.290Z]     -- Detecting CXX compile features - done
[2023-11-20T14:50:27.290Z]     CMake Deprecation Warning at googletest/CMakeLists.txt:56 (cmake_minimum_required):
[2023-11-20T14:50:27.290Z]       Compatibility with CMake < 2.8.12 will be removed from a future version of
[2023-11-20T14:50:27.290Z]       CMake.
[2023-11-20T14:50:27.290Z]     
[2023-11-20T14:50:27.290Z]       Update the VERSION argument <min> value or use a ...<max> suffix to tell
[2023-11-20T14:50:27.290Z]       CMake that the project does not need compatibility with older versions.
[2023-11-20T14:50:27.290Z]     
[2023-11-20T14:50:27.290Z]     
[2023-11-20T14:50:27.290Z]     -- Found PythonInterp: /usr/local/bin/python (found version "3.9.7")
[2023-11-20T14:50:27.290Z]     -- Looking for pthread.h
[2023-11-20T14:50:27.290Z]     -- Looking for pthread.h - found
[2023-11-20T14:50:27.290Z]     -- Performing Test CMAKE_HAVE_LIBC_PTHREAD
[2023-11-20T14:50:27.290Z]     -- Performing Test CMAKE_HAVE_LIBC_PTHREAD - Failed
[2023-11-20T14:50:27.290Z]     -- Looking for pthread_create in pthreads
[2023-11-20T14:50:27.290Z]     -- Looking for pthread_create in pthreads - not found
[2023-11-20T14:50:27.290Z]     -- Looking for pthread_create in pthread
[2023-11-20T14:50:27.290Z]     -- Looking for pthread_create in pthread - found
[2023-11-20T14:50:27.290Z]     -- Found Threads: TRUE
[2023-11-20T14:50:27.290Z]     -- Configuring done
[2023-11-20T14:50:27.290Z]     -- Generating done
[2023-11-20T14:50:27.290Z]     -- Build files have been written to: /home/S/jenkins/workspace/ECP/ecg-maya-hydra/ecg-maya-hydra-branch-preflight-python3-linux/build/RelWithDebInfo/googletest-build
[2023-11-20T14:50:36.984Z]     [6/8] Performing build step for 'googletest'
[2023-11-20T14:50:36.984Z]     [1/4] Building CXX object googletest/CMakeFiles/gtest_main.dir/src/gtest_main.cc.o
[2023-11-20T14:50:36.984Z]     [2/4] Building CXX object googletest/CMakeFiles/gtest.dir/src/gtest-all.cc.o
[2023-11-20T14:50:36.984Z]     [3/4] Linking CXX shared library lib/libgtest.so
[2023-11-20T14:50:36.984Z]     [4/4] Linking CXX shared library lib/libgtest_main.so
[2023-11-20T14:50:36.984Z]     [7/8] Performing install step for 'googletest'
[2023-11-20T14:50:36.984Z]     [0/1] Install the project...
[2023-11-20T14:50:36.984Z]     -- Install configuration: "RelWithDebInfo"
[2023-11-20T14:50:36.984Z]     -- Set runtime path of "/home/S/jenkins/workspace/ECP/ecg-maya-hydra/ecg-maya-hydra-branch-preflight-python3-linux/build/RelWithDebInfo/googletest-install/lib64/libgtest_main.so" to ""
[2023-11-20T14:50:36.984Z]     [8/8] Completed 'googletest'
[2023-11-20T14:50:36.984Z]     -- ========== ...  GoogleTest installed. ==========
[2023-11-20T14:50:36.984Z]     -- Found GTest: /home/S/jenkins/workspace/ECP/ecg-maya-hydra/ecg-maya-hydra-branch-preflight-python3-linux/build/RelWithDebInfo/googletest-install/lib64/libgtest.so
[2023-11-20T14:50:36.984Z]     -- promoting: /home/S/jenkins/workspace/ECP/ecg-maya-hydra/ecg-maya-hydra-branch-preflight-python3-linux/ecg-maya-hydra/maya-hydra/lib/mayaHydra/mayaPlugin/pluginUtils.h
[2023-11-20T14:50:36.984Z]     -- promoting: /home/S/jenkins/workspace/ECP/ecg-maya-hydra/ecg-maya-hydra-branch-preflight-python3-linux/ecg-maya-hydra/maya-hydra/lib/mayaHydra/hydraExtensions/api.h
[2023-11-20T14:50:36.984Z]     -- promoting: /home/S/jenkins/workspace/ECP/ecg-maya-hydra/ecg-maya-hydra-branch-preflight-python3-linux/ecg-maya-hydra/maya-hydra/lib/mayaHydra/hydraExtensions/debugCodes.h
[2023-11-20T14:50:36.984Z]     -- promoting: /home/S/jenkins/workspace/ECP/ecg-maya-hydra/ecg-maya-hydra-branch-preflight-python3-linux/ecg-maya-hydra/maya-hydra/lib/mayaHydra/hydraExtensions/hydraUtils.h
[2023-11-20T14:50:36.984Z]     -- promoting: /home/S/jenkins/workspace/ECP/ecg-maya-hydra/ecg-maya-hydra-branch-preflight-python3-linux/ecg-maya-hydra/maya-hydra/lib/mayaHydra/hydraExtensions/mayaHydraLibInterface.h
[2023-11-20T14:50:36.984Z]     -- promoting: /home/S/jenkins/workspace/ECP/ecg-maya-hydra/ecg-maya-hydra-branch-preflight-python3-linux/ecg-maya-hydra/maya-hydra/lib/mayaHydra/hydraExtensions/mayaHydraLibInterfaceImp.h
[2023-11-20T14:50:36.984Z]     -- promoting: /home/S/jenkins/workspace/ECP/ecg-maya-hydra/ecg-maya-hydra-branch-preflight-python3-linux/ecg-maya-hydra/maya-hydra/lib/mayaHydra/hydraExtensions/mayaUtils.h
[2023-11-20T14:50:36.984Z]     -- promoting: /home/S/jenkins/workspace/ECP/ecg-maya-hydra/ecg-maya-hydra-branch-preflight-python3-linux/ecg-maya-hydra/maya-hydra/lib/mayaHydra/hydraExtensions/mixedUtils.h
[2023-11-20T14:50:36.984Z]     -- promoting: /home/S/jenkins/workspace/ECP/ecg-maya-hydra/ecg-maya-hydra-branch-preflight-python3-linux/ecg-maya-hydra/maya-hydra/lib/mayaHydra/hydraExtensions/mayaHydraSceneProducer.h
[2023-11-20T14:50:36.984Z]     -- promoting: /home/S/jenkins/workspace/ECP/ecg-maya-hydra/ecg-maya-hydra-branch-preflight-python3-linux/ecg-maya-hydra/maya-hydra/lib/mayaHydra/hydraExtensions/adapters/adapter.h
[2023-11-20T14:50:36.984Z]     -- promoting: /home/S/jenkins/workspace/ECP/ecg-maya-hydra/ecg-maya-hydra-branch-preflight-python3-linux/ecg-maya-hydra/maya-hydra/lib/mayaHydra/hydraExtensions/adapters/adapterDebugCodes.h
[2023-11-20T14:50:36.984Z]     -- promoting: /home/S/jenkins/workspace/ECP/ecg-maya-hydra/ecg-maya-hydra-branch-preflight-python3-linux/ecg-maya-hydra/maya-hydra/lib/mayaHydra/hydraExtensions/adapters/adapterRegistry.h
[2023-11-20T14:50:36.984Z]     -- promoting: /home/S/jenkins/workspace/ECP/ecg-maya-hydra/ecg-maya-hydra-branch-preflight-python3-linux/ecg-maya-hydra/maya-hydra/lib/mayaHydra/hydraExtensions/adapters/cameraAdapter.h
[2023-11-20T14:50:36.984Z]     -- promoting: /home/S/jenkins/workspace/ECP/ecg-maya-hydra/ecg-maya-hydra-branch-preflight-python3-linux/ecg-maya-hydra/maya-hydra/lib/mayaHydra/hydraExtensions/adapters/constantShadowMatrix.h
[2023-11-20T14:50:36.984Z]     -- promoting: /home/S/jenkins/workspace/ECP/ecg-maya-hydra/ecg-maya-hydra-branch-preflight-python3-linux/ecg-maya-hydra/maya-hydra/lib/mayaHydra/hydraExtensions/adapters/dagAdapter.h
[2023-11-20T14:50:36.984Z]     -- promoting: /home/S/jenkins/workspace/ECP/ecg-maya-hydra/ecg-maya-hydra-branch-preflight-python3-linux/ecg-maya-hydra/maya-hydra/lib/mayaHydra/hydraExtensions/adapters/renderItemAdapter.h
[2023-11-20T14:50:36.984Z]     -- promoting: /home/S/jenkins/workspace/ECP/ecg-maya-hydra/ecg-maya-hydra-branch-preflight-python3-linux/ecg-maya-hydra/maya-hydra/lib/mayaHydra/hydraExtensions/adapters/lightAdapter.h
[2023-11-20T14:50:36.984Z]     -- promoting: /home/S/jenkins/workspace/ECP/ecg-maya-hydra/ecg-maya-hydra-branch-preflight-python3-linux/ecg-maya-hydra/maya-hydra/lib/mayaHydra/hydraExtensions/adapters/materialAdapter.h
[2023-11-20T14:50:36.984Z]     -- promoting: /home/S/jenkins/workspace/ECP/ecg-maya-hydra/ecg-maya-hydra-branch-preflight-python3-linux/ecg-maya-hydra/maya-hydra/lib/mayaHydra/hydraExtensions/adapters/materialNetworkConverter.h
[2023-11-20T14:50:36.984Z]     -- promoting: /home/S/jenkins/workspace/ECP/ecg-maya-hydra/ecg-maya-hydra-branch-preflight-python3-linux/ecg-maya-hydra/maya-hydra/lib/mayaHydra/hydraExtensions/adapters/mayaAttrs.h
[2023-11-20T14:50:36.984Z]     -- promoting: /home/S/jenkins/workspace/ECP/ecg-maya-hydra/ecg-maya-hydra-branch-preflight-python3-linux/ecg-maya-hydra/maya-hydra/lib/mayaHydra/hydraExtensions/adapters/shapeAdapter.h
[2023-11-20T14:50:36.984Z]     -- promoting: /home/S/jenkins/workspace/ECP/ecg-maya-hydra/ecg-maya-hydra-branch-preflight-python3-linux/ecg-maya-hydra/maya-hydra/lib/mayaHydra/hydraExtensions/adapters/tokens.h
[2023-11-20T14:50:36.984Z]     -- promoting: /home/S/jenkins/workspace/ECP/ecg-maya-hydra/ecg-maya-hydra-branch-preflight-python3-linux/ecg-maya-hydra/maya-hydra/lib/mayaHydra/hydraExtensions/delegates/delegate.h
[2023-11-20T14:50:36.984Z]     -- promoting: /home/S/jenkins/workspace/ECP/ecg-maya-hydra/ecg-maya-hydra-branch-preflight-python3-linux/ecg-maya-hydra/maya-hydra/lib/mayaHydra/hydraExtensions/delegates/delegateCtx.h
[2023-11-20T14:50:36.984Z]     -- promoting: /home/S/jenkins/workspace/ECP/ecg-maya-hydra/ecg-maya-hydra-branch-preflight-python3-linux/ecg-maya-hydra/maya-hydra/lib/mayaHydra/hydraExtensions/delegates/delegateDebugCodes.h
[2023-11-20T14:50:36.984Z]     -- promoting: /home/S/jenkins/workspace/ECP/ecg-maya-hydra/ecg-maya-hydra-branch-preflight-python3-linux/ecg-maya-hydra/maya-hydra/lib/mayaHydra/hydraExtensions/delegates/delegateRegistry.h
[2023-11-20T14:50:36.984Z]     -- promoting: /home/S/jenkins/workspace/ECP/ecg-maya-hydra/ecg-maya-hydra-branch-preflight-python3-linux/ecg-maya-hydra/maya-hydra/lib/mayaHydra/hydraExtensions/delegates/params.h
[2023-11-20T14:50:36.984Z]     -- promoting: /home/S/jenkins/workspace/ECP/ecg-maya-hydra/ecg-maya-hydra-branch-preflight-python3-linux/ecg-maya-hydra/maya-hydra/lib/mayaHydra/hydraExtensions/delegates/sceneDelegate.h
[2023-11-20T14:50:36.984Z]     -- promoting: /home/S/jenkins/workspace/ECP/ecg-maya-hydra/ecg-maya-hydra-branch-preflight-python3-linux/ecg-maya-hydra/maya-hydra/lib/mayaHydra/hydraExtensions/delegates/defaultLightDelegate.h
[2023-11-20T14:50:36.984Z]     -- promoting: /home/S/jenkins/workspace/ECP/ecg-maya-hydra/ecg-maya-hydra-branch-preflight-python3-linux/ecg-maya-hydra/maya-hydra/lib/mayaHydra/hydraExtensions/delegates/testDelegate.h
[2023-11-20T14:50:36.984Z]     -- promoting: /home/S/jenkins/workspace/ECP/ecg-maya-hydra/ecg-maya-hydra-branch-preflight-python3-linux/ecg-maya-hydra/maya-hydra/lib/mayaHydra/hydraExtensions/sceneIndex/registration.h
[2023-11-20T14:50:36.984Z]     -- promoting: /home/S/jenkins/workspace/ECP/ecg-maya-hydra/ecg-maya-hydra-branch-preflight-python3-linux/ecg-maya-hydra/maya-hydra/lib/mayaHydra/hydraExtensions/sceneIndex/mayaHydraSceneIndex.h
[2023-11-20T14:50:36.984Z]     -- promoting: /home/S/jenkins/workspace/ECP/ecg-maya-hydra/ecg-maya-hydra-branch-preflight-python3-linux/ecg-maya-hydra/maya-hydra/lib/mayaHydra/hydraExtensions/sceneIndex/mayaHydraDataSource.h
[2023-11-20T14:50:36.984Z]     -- promoting: /home/S/jenkins/workspace/ECP/ecg-maya-hydra/ecg-maya-hydra-branch-preflight-python3-linux/ecg-maya-hydra/maya-hydra/lib/mayaHydra/hydraExtensions/sceneIndex/mayaHydraPrimvarDataSource.h
[2023-11-20T14:50:36.984Z]     -- promoting: /home/S/jenkins/workspace/ECP/ecg-maya-hydra/ecg-maya-hydra-branch-preflight-python3-linux/ecg-maya-hydra/maya-hydra/lib/mayaHydra/hydraExtensions/sceneIndex/mayaHydraDisplayStyleDataSource.h
[2023-11-20T14:50:36.984Z]     -- promoting: /home/S/jenkins/workspace/ECP/ecg-maya-hydra/ecg-maya-hydra-branch-preflight-python3-linux/ecg-maya-hydra/maya-hydra/lib/mayaHydra/hydraExtensions/sceneIndex/mayaHydraCameraDataSource.h
[2023-11-20T14:50:36.984Z]     -- promoting: /home/S/jenkins/workspace/ECP/ecg-maya-hydra/ecg-maya-hydra-branch-preflight-python3-linux/ecg-maya-hydra/maya-hydra/lib/mayaHydra/hydraExtensions/sceneIndex/mayaHydraLightDataSource.h
[2023-11-20T14:50:36.984Z]     -- promoting: /home/S/jenkins/workspace/ECP/ecg-maya-hydra/ecg-maya-hydra-branch-preflight-python3-linux/ecg-maya-hydra/maya-hydra/lib/mayaHydra/hydraExtensions/sceneIndex/mayaHydraDefaultLightDataSource.h
[2023-11-20T14:50:36.984Z]     -- promoting: /home/S/jenkins/workspace/ECP/ecg-maya-hydra/ecg-maya-hydra-branch-preflight-python3-linux/ecg-maya-hydra/maya-hydra/lib/mayaHydra/ufeExtensions/api.h
[2023-11-20T14:50:36.984Z]     -- promoting: /home/S/jenkins/workspace/ECP/ecg-maya-hydra/ecg-maya-hydra-branch-preflight-python3-linux/ecg-maya-hydra/maya-hydra/lib/mayaHydra/ufeExtensions/Global.h
[2023-11-20T14:50:36.984Z]     -- promoting: /home/S/jenkins/workspace/ECP/ecg-maya-hydra/ecg-maya-hydra-branch-preflight-python3-linux/ecg-maya-hydra/maya-hydra/lib/flowViewport/api.h
[2023-11-20T14:50:36.984Z]     -- promoting: /home/S/jenkins/workspace/ECP/ecg-maya-hydra/ecg-maya-hydra-branch-preflight-python3-linux/ecg-maya-hydra/maya-hydra/lib/flowViewport/debugCodes.h
[2023-11-20T14:50:36.984Z]     -- promoting: /home/S/jenkins/workspace/ECP/ecg-maya-hydra/ecg-maya-hydra-branch-preflight-python3-linux/ecg-maya-hydra/maya-hydra/lib/flowViewport/global.h
[2023-11-20T14:50:36.984Z]     -- promoting: /home/S/jenkins/workspace/ECP/ecg-maya-hydra/ecg-maya-hydra-branch-preflight-python3-linux/ecg-maya-hydra/maya-hydra/lib/flowViewport/tokens.h
[2023-11-20T14:50:36.984Z]     -- promoting: /home/S/jenkins/workspace/ECP/ecg-maya-hydra/ecg-maya-hydra-branch-preflight-python3-linux/ecg-maya-hydra/maya-hydra/lib/flowViewport/colorPreferences/fvpColorChanged.h
[2023-11-20T14:50:36.984Z]     -- promoting: /home/S/jenkins/workspace/ECP/ecg-maya-hydra/ecg-maya-hydra-branch-preflight-python3-linux/ecg-maya-hydra/maya-hydra/lib/flowViewport/colorPreferences/fvpColorPreferences.h
[2023-11-20T14:50:36.984Z]     -- promoting: /home/S/jenkins/workspace/ECP/ecg-maya-hydra/ecg-maya-hydra-branch-preflight-python3-linux/ecg-maya-hydra/maya-hydra/lib/flowViewport/colorPreferences/fvpColorPreferencesTokens.h
[2023-11-20T14:50:36.984Z]     -- promoting: /home/S/jenkins/workspace/ECP/ecg-maya-hydra/ecg-maya-hydra-branch-preflight-python3-linux/ecg-maya-hydra/maya-hydra/lib/flowViewport/colorPreferences/fvpColorPreferencesTranslator.h
[2023-11-20T14:50:36.984Z]     -- promoting: /home/S/jenkins/workspace/ECP/ecg-maya-hydra/ecg-maya-hydra-branch-preflight-python3-linux/ecg-maya-hydra/maya-hydra/lib/flowViewport/sceneIndex/fvpMergingSceneIndex.h
[2023-11-20T14:50:36.984Z]     -- promoting: /home/S/jenkins/workspace/ECP/ecg-maya-hydra/ecg-maya-hydra-branch-preflight-python3-linux/ecg-maya-hydra/maya-hydra/lib/flowViewport/sceneIndex/fvpPathInterface.h
[2023-11-20T14:50:36.984Z]     -- promoting: /home/S/jenkins/workspace/ECP/ecg-maya-hydra/ecg-maya-hydra-branch-preflight-python3-linux/ecg-maya-hydra/maya-hydra/lib/flowViewport/sceneIndex/fvpPathInterfaceSceneIndex.h
[2023-11-20T14:50:36.984Z]     -- promoting: /home/S/jenkins/workspace/ECP/ecg-maya-hydra/ecg-maya-hydra-branch-preflight-python3-linux/ecg-maya-hydra/maya-hydra/lib/flowViewport/sceneIndex/fvpRenderIndexProxy.h
[2023-11-20T14:50:36.984Z]     -- promoting: /home/S/jenkins/workspace/ECP/ecg-maya-hydra/ecg-maya-hydra-branch-preflight-python3-linux/ecg-maya-hydra/maya-hydra/lib/flowViewport/sceneIndex/fvpRenderIndexProxyFwd.h
[2023-11-20T14:50:36.984Z]     -- promoting: /home/S/jenkins/workspace/ECP/ecg-maya-hydra/ecg-maya-hydra-branch-preflight-python3-linux/ecg-maya-hydra/maya-hydra/lib/flowViewport/sceneIndex/fvpSelectionSceneIndex.h
[2023-11-20T14:50:36.984Z]     -- promoting: /home/S/jenkins/workspace/ECP/ecg-maya-hydra/ecg-maya-hydra-branch-preflight-python3-linux/ecg-maya-hydra/maya-hydra/lib/flowViewport/sceneIndex/fvpWireframeSelectionHighlightSceneIndex.h
[2023-11-20T14:50:36.985Z]     -- promoting: /home/S/jenkins/workspace/ECP/ecg-maya-hydra/ecg-maya-hydra-branch-preflight-python3-linux/ecg-maya-hydra/maya-hydra/lib/flowViewport/API/fvpSelectionClient.h
[2023-11-20T14:50:36.985Z]     -- promoting: /home/S/jenkins/workspace/ECP/ecg-maya-hydra/ecg-maya-hydra-branch-preflight-python3-linux/ecg-maya-hydra/maya-hydra/lib/flowViewport/API/fvpFlowSelectionInterface.h
[2023-11-20T14:50:36.985Z]     -- promoting: /home/S/jenkins/workspace/ECP/ecg-maya-hydra/ecg-maya-hydra-branch-preflight-python3-linux/ecg-maya-hydra/maya-hydra/lib/flowViewport/API/fvpVersionInterface.h
[2023-11-20T14:50:36.985Z]     -- promoting: /home/S/jenkins/workspace/ECP/ecg-maya-hydra/ecg-maya-hydra-branch-preflight-python3-linux/ecg-maya-hydra/maya-hydra/lib/flowViewport/API/fvpInformationInterface.h
[2023-11-20T14:50:36.985Z]     -- promoting: /home/S/jenkins/workspace/ECP/ecg-maya-hydra/ecg-maya-hydra-branch-preflight-python3-linux/ecg-maya-hydra/maya-hydra/lib/flowViewport/API/fvpInformationClient.h
[2023-11-20T14:50:36.985Z]     -- promoting: /home/S/jenkins/workspace/ECP/ecg-maya-hydra/ecg-maya-hydra-branch-preflight-python3-linux/ecg-maya-hydra/maya-hydra/lib/flowViewport/API/interfacesImp/fvpSelectionInterfaceImp.h
[2023-11-20T14:50:36.985Z]     -- promoting: /home/S/jenkins/workspace/ECP/ecg-maya-hydra/ecg-maya-hydra-branch-preflight-python3-linux/ecg-maya-hydra/maya-hydra/lib/flowViewport/API/interfacesImp/fvpVersionInterfaceImp.h
[2023-11-20T14:50:36.985Z]     -- promoting: /home/S/jenkins/workspace/ECP/ecg-maya-hydra/ecg-maya-hydra-branch-preflight-python3-linux/ecg-maya-hydra/maya-hydra/lib/flowViewport/API/interfacesImp/fvpInformationInterfaceImp.h
[2023-11-20T14:50:36.985Z]     -- promoting: /home/S/jenkins/workspace/ECP/ecg-maya-hydra/ecg-maya-hydra-branch-preflight-python3-linux/ecg-maya-hydra/maya-hydra/lib/flowViewport/API/samples/fvpSelectionClientExample.h
[2023-11-20T14:50:36.985Z]     -- promoting: /home/S/jenkins/workspace/ECP/ecg-maya-hydra/ecg-maya-hydra-branch-preflight-python3-linux/ecg-maya-hydra/maya-hydra/lib/flowViewport/API/samples/fvpInformationClientExample.h
[2023-11-20T14:50:36.985Z]     -- promoting: /home/S/jenkins/workspace/ECP/ecg-maya-hydra/ecg-maya-hydra-branch-preflight-python3-linux/ecg-maya-hydra/maya-hydra/lib/flowViewport/API/perViewportSceneIndicesData/fvpViewportInformationAndSceneIndicesPerViewportData.h
[2023-11-20T14:50:36.985Z]     -- promoting: /home/S/jenkins/workspace/ECP/ecg-maya-hydra/ecg-maya-hydra-branch-preflight-python3-linux/ecg-maya-hydra/maya-hydra/lib/flowViewport/API/perViewportSceneIndicesData/fvpViewportInformationAndSceneIndicesPerViewportDataManager.h
[2023-11-20T14:50:36.985Z]     -- promoting: /home/S/jenkins/workspace/ECP/ecg-maya-hydra/ecg-maya-hydra-branch-preflight-python3-linux/ecg-maya-hydra/maya-hydra/lib/flowViewport/selection/fvpSelection.h
[2023-11-20T14:50:36.985Z]     -- promoting: /home/S/jenkins/workspace/ECP/ecg-maya-hydra/ecg-maya-hydra-branch-preflight-python3-linux/ecg-maya-hydra/maya-hydra/lib/flowViewport/selection/fvpSelectionFwd.h
[2023-11-20T14:50:36.985Z]     -- promoting: /home/S/jenkins/workspace/ECP/ecg-maya-hydra/ecg-maya-hydra-branch-preflight-python3-linux/ecg-maya-hydra/maya-hydra/lib/flowViewport/selection/fvpSelectionTask.h
[2023-11-20T14:50:36.985Z]     -- promoting: /home/S/jenkins/workspace/ECP/ecg-maya-hydra/ecg-maya-hydra-branch-preflight-python3-linux/ecg-maya-hydra/maya-hydra/lib/flowViewport/selection/fvpSelectionTracker.h
[2023-11-20T14:50:37.519Z]     -- Configuring done
[2023-11-20T14:50:38.054Z]     -- Generating done
[2023-11-20T14:50:38.054Z]     -- Build files have been written to: /home/S/jenkins/workspace/ECP/ecg-maya-hydra/ecg-maya-hydra-branch-preflight-python3-linux/build/RelWithDebInfo
[2023-11-20T14:50:38.054Z]     
[2023-11-20T14:50:38.054Z]         Building with settings:
[2023-11-20T14:50:38.054Z]           Source directory          /home/S/jenkins/workspace/ECP/ecg-maya-hydra/ecg-maya-hydra-branch-preflight-python3-linux/ecg-maya-hydra/maya-hydra
[2023-11-20T14:50:38.054Z]           Workspace directory       /local/S/jenkins/workspace/ECP/ecg-maya-hydra/ecg-maya-hydra-branch-preflight-python3-linux
[2023-11-20T14:50:38.054Z]           Build directory           /local/S/jenkins/workspace/ECP/ecg-maya-hydra/ecg-maya-hydra-branch-preflight-python3-linux/build/RelWithDebInfo
[2023-11-20T14:50:38.054Z]           Install directory         /local/S/jenkins/workspace/ECP/ecg-maya-hydra/ecg-maya-hydra-branch-preflight-python3-linux/install/RelWithDebInfo/MayaHydra
[2023-11-20T14:50:38.054Z]           Variant                   RelWithDebInfo
[2023-11-20T14:50:38.054Z]           Python Debug              Off
[2023-11-20T14:50:38.054Z]           CMake generator           Ninja
[2023-11-20T14:50:38.054Z]           Build arguments           ['-DCMAKE_MAKE_PROGRAM=/local/S/jenkins/workspace/shared/Artifactory/Linux/ninja/1.10.2/9ab399b/ninja', '-DPYTHON_INCLUDE_DIR=/local/S/jenkins/workspace/shared/Artifactory/Linux/rundev-master/202311130812/runtime/48b8229/runTime/include/Python311/Python', '-DPython_EXECUTABLE=/local/S/jenkins/workspace/shared/Artifactory/Linux/rundev-master/202311130812/runtime/48b8229/runTime/bin/mayapy', '-DPYTHON_LIBRARIES=/local/S/jenkins/workspace/shared/Artifactory/Linux/rundev-master/202311130812/runtime/48b8229/runTime/lib/libpython3.11.so.1.0', '-DBUILD_WITH_PYTHON_3_VERSION=3.11', '-DCMAKE_WANT_MATERIALX_BUILD=ON', '-DCMAKE_PREFIX_PATH=/local/S/jenkins/workspace/shared/Artifactory/Linux/USD/1a43c47', '-DMAYAHYDRA_BUILD_NUMBER=410', '-DMAYAHYDRA_GIT_COMMIT=92cbd0d76b7ed18e4dc68a344103f1b9271b880a', '-DMAYAHYDRA_GIT_BRANCH=master']
[2023-11-20T14:50:38.054Z]           Stages arguments          ['configure']
[2023-11-20T14:50:38.054Z]           CTest arguments           ['--parallel 16']
[2023-11-20T14:50:38.054Z]     STATUS: Found Maya Qt headers in: /local/S/jenkins/workspace/shared/Artifactory/Linux/rundev-master/202311130812/runtime/48b8229/devkitBase
[2023-11-20T14:50:38.054Z]     Success MayaHydra build and install !!!!
[2023-11-20T14:50:38.054Z]     Elapsed time: 00:00:17
[Pipeline] }
[Pipeline] // withEnv
[Pipeline] }
[Pipeline] // timeout
[Pipeline] }
[Pipeline] // stage
[Pipeline] }
[Pipeline] // timestamps
[Pipeline] timestamps
[Pipeline] {
[Pipeline] stage
[Pipeline] { (Build)
[Pipeline] timeout
[2023-11-20T14:50:38.391Z] Timeout set to expire in 6 hr 0 min
[Pipeline] {
[Pipeline] withEnv
[Pipeline] {
[Pipeline] sh
[2023-11-20T14:50:39.483Z] + scl enable gcc-toolset-11 -
[2023-11-20T14:50:39.483Z] + '[' enable = load -o enable = unload ']'
[2023-11-20T14:50:39.483Z] + /usr/bin/scl enable gcc-toolset-11 -
[2023-11-20T14:50:39.483Z] python ecg-maya-hydra/build.py --stages=build --workspace-dir=/local/S/jenkins/workspace/ECP/ecg-maya-hydra/ecg-maya-hydra-branch-preflight-python3-linux --artifactory-dir=/local/S/jenkins/workspace/shared/Artifactory --build-dir=/local/S/jenkins/workspace/ECP/ecg-maya-hydra/ecg-maya-hydra-branch-preflight-python3-linux/build --install-dir=/local/S/jenkins/workspace/ECP/ecg-maya-hydra/ecg-maya-hydra-branch-preflight-python3-linux/install --signing-dir=/local/S/jenkins/workspace/ECP/ecg-maya-hydra/ecg-maya-hydra-branch-preflight-python3-linux/signing --package-dir=/local/S/jenkins/workspace/ECP/ecg-maya-hydra/ecg-maya-hydra-branch-preflight-python3-linux/package --output-dir=/local/S/jenkins/workspace/ECP/ecg-maya-hydra/ecg-maya-hydra-branch-preflight-python3-linux/output --stash-dir=/local/S/jenkins/workspace/ECP/ecg-maya-hydra/ecg-maya-hydra-branch-preflight-python3-linux/stash --jenkins-build=410 --git-commit=92cbd0d76b7ed18e4dc68a344103f1b9271b880a --git-branch=master --variants=Debug --interactive-tests=true --post-zips=false --osx-binary-architecture-target=ub2 --osx-deployment-target=11.0 --osx-base-sdk=CurrentActiveSDK --build-retry=3 --maya-cut-config=maya-rundev-master-debug.yaml --maya-package=rundev-master-debug --stage-banner
[2023-11-20T14:50:39.483Z] Using Maya cut from /local/S/jenkins/workspace/shared/Artifactory/Linux/rundev-master-debug/202311130621/runtime/fb61367
[2023-11-20T14:50:39.483Z] 
[2023-11-20T14:50:39.483Z] ================================================================================
[2023-11-20T14:50:39.483Z]                                  build (Debug)
[2023-11-20T14:50:39.483Z] ================================================================================
[2023-11-20T14:50:39.483Z] Maya Python Debug Info:
[2023-11-20T14:50:39.483Z]   mayapy executable   = /local/S/jenkins/workspace/shared/Artifactory/Linux/rundev-master-debug/202311130621/runtime/fb61367/runTime/bin/mayapy
[2023-11-20T14:50:39.483Z]   Include Folder      = /local/S/jenkins/workspace/shared/Artifactory/Linux/rundev-master-debug/202311130621/runtime/fb61367/runTime/include/Python311/Python
[2023-11-20T14:50:39.483Z]   Library             = /local/S/jenkins/workspace/shared/Artifactory/Linux/rundev-master-debug/202311130621/runtime/fb61367/runTime/lib/libpython3.11d.so.1.0
[2023-11-20T14:50:39.483Z]   site-package Folder = /local/S/jenkins/workspace/shared/Artifactory/Linux/rundev-master-debug/202311130621/runtime/fb61367/runTime/lib/python3.11/site-packages
[2023-11-20T14:50:40.603Z] In workdir: /home/S/jenkins/workspace/ECP/ecg-maya-hydra/ecg-maya-hydra-branch-preflight-python3-linux/ecg-maya-hydra/maya-hydra
[2023-11-20T14:50:40.603Z] Executing: /local/S/jenkins/workspace/shared/Artifactory/Linux/rundev-master-debug/202311130621/runtime/fb61367/runTime/bin/mayapy /home/S/jenkins/workspace/ECP/ecg-maya-hydra/ecg-maya-hydra-branch-preflight-python3-linux/ecg-maya-hydra/maya-hydra/build.py --generator Ninja --build-debug --maya-location /local/S/jenkins/workspace/shared/Artifactory/Linux/rundev-master-debug/202311130621/runtime/fb61367/runTime --devkit-location /local/S/jenkins/workspace/shared/Artifactory/Linux/rundev-master-debug/202311130621/runtime/fb61367/devkitBase --pxrusd-location /local/S/jenkins/workspace/shared/Artifactory/Linux/USD/e5ad5df --build-args=-DCMAKE_MAKE_PROGRAM=/local/S/jenkins/workspace/shared/Artifactory/Linux/ninja/1.10.2/9ab399b/ninja,-DPYTHON_INCLUDE_DIR=/local/S/jenkins/workspace/shared/Artifactory/Linux/rundev-master-debug/202311130621/runtime/fb61367/runTime/include/Python311/Python,-DPython_EXECUTABLE=/local/S/jenkins/workspace/shared/Artifactory/Linux/rundev-master-debug/202311130621/runtime/fb61367/runTime/bin/mayapy,-DPYTHON_LIBRARIES=/local/S/jenkins/workspace/shared/Artifactory/Linux/rundev-master-debug/202311130621/runtime/fb61367/runTime/lib/libpython3.11d.so.1.0,-DBUILD_WITH_PYTHON_3_VERSION=3.11,-DCMAKE_WANT_MATERIALX_BUILD=ON,-DCMAKE_PREFIX_PATH=/local/S/jenkins/workspace/shared/Artifactory/Linux/USD/e5ad5df,-DMAYAHYDRA_BUILD_NUMBER=410,-DMAYAHYDRA_GIT_COMMIT=92cbd0d76b7ed18e4dc68a344103f1b9271b880a,-DMAYAHYDRA_GIT_BRANCH=master --debug-python '--ctest-args=--parallel 16' --stages=build --redirect-outstream-file=False --install-location /local/S/jenkins/workspace/ECP/ecg-maya-hydra/ecg-maya-hydra-branch-preflight-python3-linux/install/Debug/MayaHydra /local/S/jenkins/workspace/ECP/ecg-maya-hydra/ecg-maya-hydra-branch-preflight-python3-linux
[2023-11-20T14:50:40.603Z] Modified environment variables:
[2023-11-20T14:50:40.603Z]     LD_LIBRARY_PATH=/opt/rh/gcc-toolset-11/root/usr/lib64:/opt/rh/gcc-toolset-11/root/usr/lib64:/opt/rh/gcc-toolset-11/root/usr/lib:/opt/rh/gcc-toolset-11/root/usr/lib64/dyninst:/opt/rh/gcc-toolset-11/root/usr/lib/dyninst
[2023-11-20T14:50:40.603Z]     PATH=/local/S/jenkins/workspace/shared/Artifactory/Linux/cmake/3.20.3/ab685d7/bin:/opt/rh/gcc-toolset-11/root/usr/bin:/home/administrator/.local/bin:/home/administrator/bin:/usr/share/Modules/bin:/usr/local/bin:/usr/local/sbin:/usr/bin:/usr/sbin
[2023-11-20T14:50:41.346Z]     [1/107] Building CXX object lib/mayaHydra/mayaPlugin/CMakeFiles/mayaHydra.dir/colorNotFoundException.cpp.o
[2023-11-20T14:50:41.987Z]     [2/107] Building CXX object lib/mayaHydra/mayaPlugin/CMakeFiles/mayaHydra.dir/tokens.cpp.o
[2023-11-20T14:50:41.987Z]     [3/107] Building CXX object test/lib/mayaUsd/render/mayaToHydra/cpp/CMakeFiles/mayaHydraCppTests.dir/testCppFramework.cpp.o
[2023-11-20T14:50:41.987Z]     [4/107] Building CXX object test/lib/mayaUsd/render/mayaToHydra/cpp/CMakeFiles/mayaHydraCppTests.dir/mayaHydraCppTestsCmd.cpp.o
[2023-11-20T14:50:41.987Z]     [5/107] Building CXX object lib/mayaHydra/mayaPlugin/CMakeFiles/mayaHydra.dir/pluginDebugCodes.cpp.o
[2023-11-20T14:50:42.534Z]     [6/107] Building CXX object lib/mayaHydra/mayaPlugin/CMakeFiles/mayaHydra.dir/mayaColorPreferencesTranslator.cpp.o
[2023-11-20T14:50:42.534Z]     [7/107] Building CXX object lib/mayaHydra/hydraExtensions/CMakeFiles/mayaHydraLib.dir/mhBuildInfo.cpp.o
[2023-11-20T14:50:43.108Z]     [8/107] Building CXX object test/lib/mayaUsd/render/mayaToHydra/cpp/CMakeFiles/mayaHydraCppTests.dir/testColorPreferences.cpp.o
[2023-11-20T14:50:44.288Z]     [9/107] Building CXX object lib/mayaHydra/hydraExtensions/CMakeFiles/mayaHydraLib.dir/debugCodes.cpp.o
[2023-11-20T14:50:44.288Z]     [10/107] Building CXX object test/lib/mayaUsd/render/mayaToHydra/cpp/CMakeFiles/mayaHydraCppTests.dir/testUtils.cpp.o
[2023-11-20T14:50:44.288Z]     [11/107] Building CXX object test/lib/mayaUsd/render/mayaToHydra/cpp/CMakeFiles/mayaHydraCppTests.dir/testFvpViewportInformationMultipleViewports.cpp.o
[2023-11-20T14:50:44.850Z]     [12/107] Building CXX object test/lib/mayaUsd/render/mayaToHydra/cpp/CMakeFiles/mayaHydraCppTests.dir/testMayaSceneFlattening.cpp.o
[2023-11-20T14:50:44.850Z]     [13/107] Building CXX object test/lib/mayaUsd/render/mayaToHydra/cpp/CMakeFiles/mayaHydraCppTests.dir/testMayaUsdUfeItems.cpp.o
[2023-11-20T14:50:44.850Z]     [14/107] Building CXX object lib/mayaHydra/hydraExtensions/CMakeFiles/mayaHydraLib.dir/mayaUtils.cpp.o
[2023-11-20T14:50:44.850Z]     [15/107] Building CXX object test/lib/mayaUsd/render/mayaToHydra/cpp/CMakeFiles/mayaHydraCppTests.dir/testFvpViewportInformationRendererSwitching.cpp.o
[2023-11-20T14:50:44.850Z]     [16/107] Building CXX object lib/mayaHydra/hydraExtensions/CMakeFiles/mayaHydraLib.dir/mayaHydraLibInterfaceImp.cpp.o
[2023-11-20T14:50:44.850Z]     [17/107] Building CXX object test/lib/mayaUsd/render/mayaToHydra/cpp/CMakeFiles/mayaHydraCppTests.dir/testSelectionSceneIndex.cpp.o
[2023-11-20T14:50:45.393Z]     [18/107] Building CXX object lib/mayaHydra/hydraExtensions/CMakeFiles/mayaHydraLib.dir/mixedUtils.cpp.o
[2023-11-20T14:50:45.393Z]     [19/107] Building CXX object test/lib/mayaUsd/render/mayaToHydra/cpp/CMakeFiles/mayaHydraCppTests.dir/testWireframeSelectionHighlightSceneIndex.cpp.o
[2023-11-20T14:50:45.393Z]     [20/107] Building CXX object lib/mayaHydra/hydraExtensions/CMakeFiles/mayaHydraLib.dir/adapters/adapterDebugCodes.cpp.o
[2023-11-20T14:50:46.533Z]     [21/107] Building CXX object lib/mayaHydra/mayaPlugin/CMakeFiles/mayaHydra.dir/pluginUtils.cpp.o
[2023-11-20T14:50:47.072Z]     [22/107] Building CXX object lib/mayaHydra/hydraExtensions/CMakeFiles/mayaHydraLib.dir/hydraUtils.cpp.o
[2023-11-20T14:50:47.612Z]     [23/107] Building CXX object lib/mayaHydra/mayaPlugin/CMakeFiles/mayaHydra.dir/plugin.cpp.o
[2023-11-20T14:50:47.612Z]     [24/107] Building CXX object test/lib/mayaUsd/render/mayaToHydra/cpp/CMakeFiles/mayaHydraCppTests.dir/testMergingSceneIndex.cpp.o
[2023-11-20T14:50:48.154Z]     [25/107] Building CXX object lib/mayaHydra/hydraExtensions/CMakeFiles/mayaHydraLib.dir/adapters/mayaAttrs.cpp.o
[2023-11-20T14:50:48.154Z]     [26/107] Building CXX object lib/mayaHydra/mayaPlugin/CMakeFiles/mayaHydra.dir/viewCommand.cpp.o
[2023-11-20T14:50:50.680Z]     [27/107] Building CXX object lib/mayaHydra/hydraExtensions/CMakeFiles/mayaHydraLib.dir/adapters/adapter.cpp.o
[2023-11-20T14:50:50.680Z]     [28/107] Building CXX object lib/mayaHydra/mayaPlugin/CMakeFiles/mayaHydra.dir/renderGlobals.cpp.o
[2023-11-20T14:50:50.680Z]     [29/107] Building CXX object lib/mayaHydra/mayaPlugin/CMakeFiles/mayaHydra.dir/renderOverride.cpp.o
[2023-11-20T14:50:51.220Z]     [30/107] Building CXX object lib/mayaHydra/hydraExtensions/CMakeFiles/mayaHydraLib.dir/adapters/areaLightAdapter.cpp.o
[2023-11-20T14:50:51.220Z]     [31/107] Building CXX object lib/mayaHydra/hydraExtensions/CMakeFiles/mayaHydraLib.dir/adapters/adapterRegistry.cpp.o
[2023-11-20T14:50:51.784Z]     [32/107] Building CXX object lib/mayaHydra/hydraExtensions/CMakeFiles/mayaHydraLib.dir/adapters/aiSkydomeLightAdapter.cpp.o
[2023-11-20T14:50:51.784Z]     [33/107] Building CXX object lib/mayaHydra/hydraExtensions/CMakeFiles/mayaHydraLib.dir/adapters/cameraAdapter.cpp.o
[2023-11-20T14:50:51.784Z]     [34/107] Building CXX object lib/mayaHydra/hydraExtensions/CMakeFiles/mayaHydraLib.dir/adapters/dagAdapter.cpp.o
[2023-11-20T14:50:51.784Z]     [35/107] Building CXX object lib/mayaHydra/hydraExtensions/CMakeFiles/mayaHydraLib.dir/adapters/renderItemAdapter.cpp.o
[2023-11-20T14:50:51.784Z]     [36/107] Building CXX object lib/mayaHydra/hydraExtensions/CMakeFiles/mayaHydraLib.dir/adapters/tokens.cpp.o
[2023-11-20T14:50:52.329Z]     [37/107] Building CXX object lib/mayaHydra/hydraExtensions/CMakeFiles/mayaHydraLib.dir/adapters/directionalLightAdapter.cpp.o
[2023-11-20T14:50:53.105Z]     [38/107] Building CXX object lib/mayaHydra/hydraExtensions/CMakeFiles/mayaHydraLib.dir/delegates/delegateDebugCodes.cpp.o
[2023-11-20T14:50:53.106Z]     [39/107] Building CXX object lib/mayaHydra/hydraExtensions/CMakeFiles/mayaHydraLib.dir/adapters/lightAdapter.cpp.o
[2023-11-20T14:50:53.645Z]     [40/107] Building CXX object lib/mayaHydra/hydraExtensions/CMakeFiles/mayaHydraLib.dir/mayaHydraSceneProducer.cpp.o
[2023-11-20T14:50:54.184Z]     [41/107] Building CXX object lib/mayaHydra/hydraExtensions/CMakeFiles/mayaHydraLib.dir/adapters/materialAdapter.cpp.o
[2023-11-20T14:50:54.734Z]     [42/107] Building CXX object lib/mayaHydra/hydraExtensions/CMakeFiles/mayaHydraLib.dir/adapters/meshAdapter.cpp.o
[2023-11-20T14:50:54.734Z]     [43/107] Building CXX object lib/mayaHydra/hydraExtensions/CMakeFiles/mayaHydraLib.dir/adapters/nurbsCurveAdapter.cpp.o
[2023-11-20T14:50:55.290Z]     [44/107] Building CXX object lib/mayaHydra/hydraExtensions/CMakeFiles/mayaHydraLib.dir/adapters/materialNetworkConverter.cpp.o
[2023-11-20T14:50:55.831Z]     [45/107] Building CXX object lib/mayaHydra/hydraExtensions/CMakeFiles/mayaHydraLib.dir/adapters/shapeAdapter.cpp.o
[2023-11-20T14:50:56.372Z]     [46/107] Building CXX object lib/mayaHydra/hydraExtensions/CMakeFiles/mayaHydraLib.dir/delegates/delegate.cpp.o
[2023-11-20T14:50:56.913Z]     [47/107] Building CXX object lib/mayaHydra/hydraExtensions/CMakeFiles/mayaHydraLib.dir/adapters/pointLightAdapter.cpp.o
[2023-11-20T14:50:56.913Z]     [48/107] Building CXX object lib/mayaHydra/hydraExtensions/CMakeFiles/mayaHydraLib.dir/delegates/delegateCtx.cpp.o
[2023-11-20T14:50:56.913Z]     [49/107] Building CXX object lib/mayaHydra/hydraExtensions/CMakeFiles/mayaHydraLib.dir/adapters/spotLightAdapter.cpp.o
[2023-11-20T14:50:57.482Z]     [50/107] Building CXX object lib/mayaHydra/ufeExtensions/CMakeFiles/ufeExtensions.dir/Global.cpp.o
[2023-11-20T14:50:57.482Z]     [51/107] Building CXX object lib/mayaHydra/hydraExtensions/CMakeFiles/mayaHydraLib.dir/delegates/delegateRegistry.cpp.o
[2023-11-20T14:50:57.482Z]     [52/107] Building CXX object lib/mayaHydra/hydraExtensions/CMakeFiles/mayaHydraLib.dir/sceneIndex/registration.cpp.o
[2023-11-20T14:50:58.143Z]     [53/107] Building CXX object lib/flowViewport/CMakeFiles/flowViewport.dir/global.cpp.o
[2023-11-20T14:50:58.143Z]     [54/107] Building CXX object lib/flowViewport/CMakeFiles/flowViewport.dir/debugCodes.cpp.o
[2023-11-20T14:50:58.143Z]     [55/107] Building CXX object lib/flowViewport/CMakeFiles/flowViewport.dir/tokens.cpp.o
[2023-11-20T14:50:58.143Z]     [56/107] Linking CXX shared library lib/mayaHydra/ufeExtensions/libufeExtensions.so
[2023-11-20T14:50:58.143Z]     [57/107] Building CXX object lib/flowViewport/CMakeFiles/flowViewport.dir/sceneIndex/fvpPathInterface.cpp.o
[2023-11-20T14:50:58.143Z]     [58/107] Building CXX object lib/flowViewport/CMakeFiles/flowViewport.dir/colorPreferences/fvpColorChanged.cpp.o
[2023-11-20T14:50:58.704Z]     [59/107] Building CXX object lib/flowViewport/CMakeFiles/flowViewport.dir/colorPreferences/fvpColorPreferencesTokens.cpp.o
[2023-11-20T14:50:58.704Z]     [60/107] Building CXX object lib/flowViewport/CMakeFiles/flowViewport.dir/colorPreferences/fvpColorPreferences.cpp.o
[2023-11-20T14:50:59.248Z]     [61/107] Building CXX object lib/flowViewport/CMakeFiles/flowViewport.dir/API/interfacesImp/fvpSelectionInterfaceImp.cpp.o
[2023-11-20T14:50:59.802Z]     [62/107] Building CXX object lib/flowViewport/CMakeFiles/flowViewport.dir/API/interfacesImp/fvpVersionInterfaceImp.cpp.o
[2023-11-20T14:50:59.802Z]     [63/107] Building CXX object lib/mayaHydra/hydraExtensions/CMakeFiles/mayaHydraLib.dir/sceneIndex/mayaHydraPrimvarDataSource.cpp.o
[2023-11-20T14:51:00.348Z]     [64/107] Building CXX object lib/flowViewport/CMakeFiles/flowViewport.dir/sceneIndex/fvpPathInterfaceSceneIndex.cpp.o
[2023-11-20T14:51:00.349Z]     [65/107] Building CXX object lib/mayaHydra/hydraExtensions/CMakeFiles/mayaHydraLib.dir/delegates/sceneDelegate.cpp.o
[2023-11-20T14:51:00.349Z]     [66/107] Building CXX object lib/mayaHydra/hydraExtensions/CMakeFiles/mayaHydraLib.dir/sceneIndex/mayaHydraCameraDataSource.cpp.o
[2023-11-20T14:51:00.349Z]     [67/107] Building CXX object lib/mayaHydra/hydraExtensions/CMakeFiles/mayaHydraLib.dir/sceneIndex/mayaHydraDisplayStyleDataSource.cpp.o
[2023-11-20T14:51:00.898Z]     [68/107] Building CXX object lib/mayaHydra/hydraExtensions/CMakeFiles/mayaHydraLib.dir/sceneIndex/mayaHydraLightDataSource.cpp.o
[2023-11-20T14:51:00.898Z]     [69/107] Building CXX object lib/flowViewport/CMakeFiles/flowViewport.dir/API/samples/fvpSelectionClientExample.cpp.o
[2023-11-20T14:51:00.898Z]     [70/107] Building CXX object lib/flowViewport/CMakeFiles/flowViewport.dir/selection/fvpSelectionFwd.cpp.o
[2023-11-20T14:51:00.898Z]     [71/107] Building CXX object lib/flowViewport/CMakeFiles/flowViewport.dir/sceneIndex/fvpMergingSceneIndex.cpp.o
[2023-11-20T14:51:01.438Z]     [72/107] Building CXX object lib/mayaHydra/hydraExtensions/CMakeFiles/mayaHydraLib.dir/sceneIndex/mayaHydraDataSource.cpp.o
[2023-11-20T14:51:01.438Z]     [73/107] Building CXX object lib/mayaHydra/hydraExtensions/CMakeFiles/mayaHydraLib.dir/delegates/defaultLightDelegate.cpp.o
[2023-11-20T14:51:01.438Z]     [74/107] Building CXX object lib/mayaHydra/hydraExtensions/CMakeFiles/mayaHydraLib.dir/delegates/testDelegate.cpp.o
[2023-11-20T14:51:01.987Z]     [75/107] Building CXX object lib/flowViewport/CMakeFiles/flowViewport.dir/sceneIndex/fvpSelectionSceneIndex.cpp.o
[2023-11-20T14:51:01.987Z]     [76/107] Building CXX object lib/flowViewport/CMakeFiles/flowViewport.dir/sceneIndex/fvpRenderIndexProxy.cpp.o
[2023-11-20T14:51:02.524Z]     [77/107] Building CXX object lib/mayaHydra/hydraExtensions/CMakeFiles/mayaHydraLib.dir/sceneIndex/mayaHydraSceneIndex.cpp.o
[2023-11-20T14:51:02.524Z]     [78/107] Building CXX object lib/flowViewport/CMakeFiles/flowViewport.dir/API/interfacesImp/fvpInformationInterfaceImp.cpp.o
[2023-11-20T14:51:02.524Z]     [79/107] Building CXX object lib/flowViewport/CMakeFiles/flowViewport.dir/sceneIndex/fvpWireframeSelectionHighlightSceneIndex.cpp.o
[2023-11-20T14:51:02.524Z]     [80/107] Building CXX object lib/mayaHydra/hydraExtensions/CMakeFiles/mayaHydraLib.dir/sceneIndex/mayaHydraDefaultLightDataSource.cpp.o
[2023-11-20T14:51:03.067Z]     [81/107] Building CXX object lib/flowViewport/CMakeFiles/flowViewport.dir/API/samples/fvpInformationClientExample.cpp.o
[2023-11-20T14:51:03.067Z]     [82/107] Building CXX object lib/flowViewport/CMakeFiles/flowViewport.dir/API/perViewportSceneIndicesData/fvpViewportInformationAndSceneIndicesPerViewportData.cpp.o
[2023-11-20T14:51:03.067Z]     [83/107] Automatic MOC for target adskHydraSceneBrowser
[2023-11-20T14:51:03.611Z]     [84/107] Building CXX object lib/flowViewport/CMakeFiles/flowViewport.dir/selection/fvpSelection.cpp.o
[2023-11-20T14:51:04.155Z]     [85/107] Building CXX object lib/flowViewport/CMakeFiles/flowViewport.dir/API/perViewportSceneIndicesData/fvpViewportInformationAndSceneIndicesPerViewportDataManager.cpp.o
[2023-11-20T14:51:04.691Z]     [86/107] Building CXX object lib/flowViewport/CMakeFiles/flowViewport.dir/selection/fvpSelectionTracker.cpp.o
[2023-11-20T14:51:05.297Z]     [87/107] Building CXX object lib/flowViewport/CMakeFiles/flowViewport.dir/selection/fvpSelectionTask.cpp.o
[2023-11-20T14:51:05.833Z]     [88/107] Building CXX object plugin/mayaHydraSceneBrowserTest/CMakeFiles/mayaHydraSceneBrowserTest.dir/mayaHydraSceneBrowserTestCmd.cpp.o
[2023-11-20T14:51:05.833Z]     [89/107] Linking CXX shared library lib/flowViewport/libflowViewport.so
[2023-11-20T14:51:06.952Z]     [90/107] Building CXX object lib/adskHydraSceneBrowser/lib/CMakeFiles/adskHydraSceneBrowser.dir/src/patch/registeredSceneIndexChooser.cpp.o
[2023-11-20T14:51:06.952Z]     [91/107] Building CXX object lib/adskHydraSceneBrowser/lib/CMakeFiles/adskHydraSceneBrowser.dir/src/patch/sceneIndexObserverLoggingWidget.cpp.o
[2023-11-20T14:51:07.487Z]     [92/107] Building CXX object lib/adskHydraSceneBrowser/lib/CMakeFiles/adskHydraSceneBrowser.dir/src/patch/dataSourceValueTreeView.cpp.o
[2023-11-20T14:51:07.487Z]     [93/107] Building CXX object plugin/mayaHydraSceneBrowser/CMakeFiles/mayaHydraSceneBrowser.dir/mayaHydraSceneBrowser.cpp.o
[2023-11-20T14:51:07.487Z]     [94/107] Building CXX object lib/adskHydraSceneBrowser/lib/CMakeFiles/adskHydraSceneBrowser.dir/src/patch/sceneIndexObserverLoggingTreeView.cpp.o
[2023-11-20T14:51:07.487Z]     [95/107] Building CXX object lib/adskHydraSceneBrowser/lib/CMakeFiles/adskHydraSceneBrowser.dir/src/patch/sceneIndexDebuggerWidget.cpp.o
[2023-11-20T14:51:08.022Z]     [96/107] Building CXX object lib/adskHydraSceneBrowser/lib/CMakeFiles/adskHydraSceneBrowser.dir/adskHydraSceneBrowser_autogen/mocs_compilation.cpp.o
[2023-11-20T14:51:08.022Z]     [97/107] Building CXX object lib/adskHydraSceneBrowser/lib/CMakeFiles/adskHydraSceneBrowser.dir/src/patch/sceneIndexTreeWidget.cpp.o
[2023-11-20T14:51:08.022Z]     [98/107] Building CXX object lib/adskHydraSceneBrowser/test/CMakeFiles/adskHydraSceneBrowserTesting.dir/adskHydraSceneBrowserTesting.cpp.o
[2023-11-20T14:51:08.022Z]     [99/107] Linking CXX shared library lib/mayaHydra/hydraExtensions/libmayaHydraLib.so
[2023-11-20T14:51:08.022Z]     [100/107] Building CXX object lib/adskHydraSceneBrowser/lib/CMakeFiles/adskHydraSceneBrowser.dir/src/patch/dataSourceTreeWidget.cpp.o
[2023-11-20T14:51:09.141Z]     [101/107] Linking CXX shared library lib/adskHydraSceneBrowser/lib/libadskHydraSceneBrowser.so
[2023-11-20T14:51:09.141Z]     [102/107] Linking CXX shared library lib/mayaHydra/mayaPlugin/mayaHydra.so
[2023-11-20T14:51:09.141Z]     [103/107] Linking CXX shared library test/lib/mayaUsd/render/mayaToHydra/cpp/mayaHydraCppTests.so
[2023-11-20T14:51:10.904Z]     [104/107] Linking CXX shared library plugin/mayaHydraSceneBrowser/mayaHydraSceneBrowser.so
[2023-11-20T14:51:10.904Z]     [105/107] Building CXX object lib/adskHydraSceneBrowser/test/CMakeFiles/adskHydraSceneBrowserTesting.dir/adskHydraSceneBrowserTestFixture.cpp.o
[2023-11-20T14:51:11.438Z]     [106/107] Linking CXX shared library lib/adskHydraSceneBrowser/test/libadskHydraSceneBrowserTesting.so
[2023-11-20T14:51:12.556Z]     [107/107] Linking CXX shared library plugin/mayaHydraSceneBrowserTest/mayaHydraSceneBrowserTest.so
[2023-11-20T14:51:12.556Z]     
[2023-11-20T14:51:12.556Z]         Building with settings:
[2023-11-20T14:51:12.556Z]           Source directory          /home/S/jenkins/workspace/ECP/ecg-maya-hydra/ecg-maya-hydra-branch-preflight-python3-linux/ecg-maya-hydra/maya-hydra
[2023-11-20T14:51:12.556Z]           Workspace directory       /local/S/jenkins/workspace/ECP/ecg-maya-hydra/ecg-maya-hydra-branch-preflight-python3-linux
[2023-11-20T14:51:12.556Z]           Build directory           /local/S/jenkins/workspace/ECP/ecg-maya-hydra/ecg-maya-hydra-branch-preflight-python3-linux/build/Debug
[2023-11-20T14:51:12.556Z]           Install directory         /local/S/jenkins/workspace/ECP/ecg-maya-hydra/ecg-maya-hydra-branch-preflight-python3-linux/install/Debug/MayaHydra
[2023-11-20T14:51:12.556Z]           Variant                   Debug
[2023-11-20T14:51:12.556Z]           Python Debug              On
[2023-11-20T14:51:12.556Z]           CMake generator           Ninja
[2023-11-20T14:51:12.556Z]           Build arguments           ['-DCMAKE_MAKE_PROGRAM=/local/S/jenkins/workspace/shared/Artifactory/Linux/ninja/1.10.2/9ab399b/ninja', '-DPYTHON_INCLUDE_DIR=/local/S/jenkins/workspace/shared/Artifactory/Linux/rundev-master-debug/202311130621/runtime/fb61367/runTime/include/Python311/Python', '-DPython_EXECUTABLE=/local/S/jenkins/workspace/shared/Artifactory/Linux/rundev-master-debug/202311130621/runtime/fb61367/runTime/bin/mayapy', '-DPYTHON_LIBRARIES=/local/S/jenkins/workspace/shared/Artifactory/Linux/rundev-master-debug/202311130621/runtime/fb61367/runTime/lib/libpython3.11d.so.1.0', '-DBUILD_WITH_PYTHON_3_VERSION=3.11', '-DCMAKE_WANT_MATERIALX_BUILD=ON', '-DCMAKE_PREFIX_PATH=/local/S/jenkins/workspace/shared/Artifactory/Linux/USD/e5ad5df', '-DMAYAHYDRA_BUILD_NUMBER=410', '-DMAYAHYDRA_GIT_COMMIT=92cbd0d76b7ed18e4dc68a344103f1b9271b880a', '-DMAYAHYDRA_GIT_BRANCH=master']
[2023-11-20T14:51:12.556Z]           Stages arguments          ['build']
[2023-11-20T14:51:12.556Z]           CTest arguments           ['--parallel 16']
[2023-11-20T14:51:12.556Z]     Success MayaHydra build and install !!!!
[2023-11-20T14:51:12.556Z]     Elapsed time: 00:00:31
[Pipeline] sh
[2023-11-20T14:51:14.131Z] + scl enable gcc-toolset-11 -
[2023-11-20T14:51:14.131Z] + '[' enable = load -o enable = unload ']'
[2023-11-20T14:51:14.131Z] + /usr/bin/scl enable gcc-toolset-11 -
[2023-11-20T14:51:14.131Z] python ecg-maya-hydra/build.py --stages=build --workspace-dir=/local/S/jenkins/workspace/ECP/ecg-maya-hydra/ecg-maya-hydra-branch-preflight-python3-linux --artifactory-dir=/local/S/jenkins/workspace/shared/Artifactory --build-dir=/local/S/jenkins/workspace/ECP/ecg-maya-hydra/ecg-maya-hydra-branch-preflight-python3-linux/build --install-dir=/local/S/jenkins/workspace/ECP/ecg-maya-hydra/ecg-maya-hydra-branch-preflight-python3-linux/install --signing-dir=/local/S/jenkins/workspace/ECP/ecg-maya-hydra/ecg-maya-hydra-branch-preflight-python3-linux/signing --package-dir=/local/S/jenkins/workspace/ECP/ecg-maya-hydra/ecg-maya-hydra-branch-preflight-python3-linux/package --output-dir=/local/S/jenkins/workspace/ECP/ecg-maya-hydra/ecg-maya-hydra-branch-preflight-python3-linux/output --stash-dir=/local/S/jenkins/workspace/ECP/ecg-maya-hydra/ecg-maya-hydra-branch-preflight-python3-linux/stash --jenkins-build=410 --git-commit=92cbd0d76b7ed18e4dc68a344103f1b9271b880a --git-branch=master --variants=RelWithDebInfo --interactive-tests=true --post-zips=false --osx-binary-architecture-target=ub2 --osx-deployment-target=11.0 --osx-base-sdk=CurrentActiveSDK --build-retry=3 --maya-cut-config=maya-rundev-master.yaml --maya-package=rundev-master --stage-banner
[2023-11-20T14:51:14.131Z] Using Maya cut from /local/S/jenkins/workspace/shared/Artifactory/Linux/rundev-master/202311130812/runtime/48b8229
[2023-11-20T14:51:14.131Z] 
[2023-11-20T14:51:14.131Z] ================================================================================
[2023-11-20T14:51:14.131Z]                              build (RelWithDebInfo)
[2023-11-20T14:51:14.131Z] ================================================================================
[2023-11-20T14:51:14.131Z] Maya Python RelWithDebInfo Info:
[2023-11-20T14:51:14.131Z]   mayapy executable   = /local/S/jenkins/workspace/shared/Artifactory/Linux/rundev-master/202311130812/runtime/48b8229/runTime/bin/mayapy
[2023-11-20T14:51:14.131Z]   Include Folder      = /local/S/jenkins/workspace/shared/Artifactory/Linux/rundev-master/202311130812/runtime/48b8229/runTime/include/Python311/Python
[2023-11-20T14:51:14.131Z]   Library             = /local/S/jenkins/workspace/shared/Artifactory/Linux/rundev-master/202311130812/runtime/48b8229/runTime/lib/libpython3.11.so.1.0
[2023-11-20T14:51:14.131Z]   site-package Folder = /local/S/jenkins/workspace/shared/Artifactory/Linux/rundev-master/202311130812/runtime/48b8229/runTime/lib/python3.11/site-packages
[2023-11-20T14:51:14.131Z] In workdir: /home/S/jenkins/workspace/ECP/ecg-maya-hydra/ecg-maya-hydra-branch-preflight-python3-linux/ecg-maya-hydra/maya-hydra
[2023-11-20T14:51:14.131Z] Executing: /local/S/jenkins/workspace/shared/Artifactory/Linux/rundev-master/202311130812/runtime/48b8229/runTime/bin/mayapy /home/S/jenkins/workspace/ECP/ecg-maya-hydra/ecg-maya-hydra-branch-preflight-python3-linux/ecg-maya-hydra/maya-hydra/build.py --generator Ninja --build-relwithdebug --maya-location /local/S/jenkins/workspace/shared/Artifactory/Linux/rundev-master/202311130812/runtime/48b8229/runTime --devkit-location /local/S/jenkins/workspace/shared/Artifactory/Linux/rundev-master/202311130812/runtime/48b8229/devkitBase --pxrusd-location /local/S/jenkins/workspace/shared/Artifactory/Linux/USD/1a43c47 --build-args=-DCMAKE_MAKE_PROGRAM=/local/S/jenkins/workspace/shared/Artifactory/Linux/ninja/1.10.2/9ab399b/ninja,-DPYTHON_INCLUDE_DIR=/local/S/jenkins/workspace/shared/Artifactory/Linux/rundev-master/202311130812/runtime/48b8229/runTime/include/Python311/Python,-DPython_EXECUTABLE=/local/S/jenkins/workspace/shared/Artifactory/Linux/rundev-master/202311130812/runtime/48b8229/runTime/bin/mayapy,-DPYTHON_LIBRARIES=/local/S/jenkins/workspace/shared/Artifactory/Linux/rundev-master/202311130812/runtime/48b8229/runTime/lib/libpython3.11.so.1.0,-DBUILD_WITH_PYTHON_3_VERSION=3.11,-DCMAKE_WANT_MATERIALX_BUILD=ON,-DCMAKE_PREFIX_PATH=/local/S/jenkins/workspace/shared/Artifactory/Linux/USD/1a43c47,-DMAYAHYDRA_BUILD_NUMBER=410,-DMAYAHYDRA_GIT_COMMIT=92cbd0d76b7ed18e4dc68a344103f1b9271b880a,-DMAYAHYDRA_GIT_BRANCH=master '--ctest-args=--parallel 16' --stages=build --redirect-outstream-file=False --install-location /local/S/jenkins/workspace/ECP/ecg-maya-hydra/ecg-maya-hydra-branch-preflight-python3-linux/install/RelWithDebInfo/MayaHydra /local/S/jenkins/workspace/ECP/ecg-maya-hydra/ecg-maya-hydra-branch-preflight-python3-linux
[2023-11-20T14:51:14.131Z] Modified environment variables:
[2023-11-20T14:51:14.131Z]     LD_LIBRARY_PATH=/opt/rh/gcc-toolset-11/root/usr/lib64:/opt/rh/gcc-toolset-11/root/usr/lib64:/opt/rh/gcc-toolset-11/root/usr/lib:/opt/rh/gcc-toolset-11/root/usr/lib64/dyninst:/opt/rh/gcc-toolset-11/root/usr/lib/dyninst
[2023-11-20T14:51:14.131Z]     PATH=/local/S/jenkins/workspace/shared/Artifactory/Linux/cmake/3.20.3/ab685d7/bin:/opt/rh/gcc-toolset-11/root/usr/bin:/home/administrator/.local/bin:/home/administrator/bin:/usr/share/Modules/bin:/usr/local/bin:/usr/local/sbin:/usr/bin:/usr/sbin
[2023-11-20T14:51:15.272Z]     [1/107] Building CXX object lib/mayaHydra/mayaPlugin/CMakeFiles/mayaHydra.dir/colorNotFoundException.cpp.o
[2023-11-20T14:51:15.272Z]     [2/107] Building CXX object lib/mayaHydra/mayaPlugin/CMakeFiles/mayaHydra.dir/tokens.cpp.o
[2023-11-20T14:51:15.816Z]     [3/107] Building CXX object lib/mayaHydra/mayaPlugin/CMakeFiles/mayaHydra.dir/pluginDebugCodes.cpp.o
[2023-11-20T14:51:15.816Z]     [4/107] Building CXX object test/lib/mayaUsd/render/mayaToHydra/cpp/CMakeFiles/mayaHydraCppTests.dir/testCppFramework.cpp.o
[2023-11-20T14:51:15.816Z]     [5/107] Building CXX object test/lib/mayaUsd/render/mayaToHydra/cpp/CMakeFiles/mayaHydraCppTests.dir/mayaHydraCppTestsCmd.cpp.o
[2023-11-20T14:51:15.816Z]     [6/107] Building CXX object lib/mayaHydra/mayaPlugin/CMakeFiles/mayaHydra.dir/mayaColorPreferencesTranslator.cpp.o
[2023-11-20T14:51:17.598Z]     [7/107] Building CXX object test/lib/mayaUsd/render/mayaToHydra/cpp/CMakeFiles/mayaHydraCppTests.dir/testColorPreferences.cpp.o
[2023-11-20T14:51:18.135Z]     [8/107] Building CXX object test/lib/mayaUsd/render/mayaToHydra/cpp/CMakeFiles/mayaHydraCppTests.dir/testUtils.cpp.o
[2023-11-20T14:51:18.135Z]     [9/107] Building CXX object test/lib/mayaUsd/render/mayaToHydra/cpp/CMakeFiles/mayaHydraCppTests.dir/testFvpViewportInformationMultipleViewports.cpp.o
[2023-11-20T14:51:18.135Z]     [10/107] Building CXX object test/lib/mayaUsd/render/mayaToHydra/cpp/CMakeFiles/mayaHydraCppTests.dir/testMayaUsdUfeItems.cpp.o
[2023-11-20T14:51:18.679Z]     [11/107] Building CXX object test/lib/mayaUsd/render/mayaToHydra/cpp/CMakeFiles/mayaHydraCppTests.dir/testFvpViewportInformationRendererSwitching.cpp.o
[2023-11-20T14:51:18.679Z]     [12/107] Building CXX object test/lib/mayaUsd/render/mayaToHydra/cpp/CMakeFiles/mayaHydraCppTests.dir/testMayaSceneFlattening.cpp.o
[2023-11-20T14:51:18.679Z]     [13/107] Building CXX object lib/mayaHydra/hydraExtensions/CMakeFiles/mayaHydraLib.dir/mhBuildInfo.cpp.o
[2023-11-20T14:51:18.679Z]     [14/107] Building CXX object lib/mayaHydra/hydraExtensions/CMakeFiles/mayaHydraLib.dir/mixedUtils.cpp.o
[2023-11-20T14:51:18.679Z]     [15/107] Building CXX object lib/mayaHydra/hydraExtensions/CMakeFiles/mayaHydraLib.dir/mayaUtils.cpp.o
[2023-11-20T14:51:19.226Z]     [16/107] Building CXX object lib/mayaHydra/hydraExtensions/CMakeFiles/mayaHydraLib.dir/debugCodes.cpp.o
[2023-11-20T14:51:19.766Z]     [17/107] Building CXX object lib/mayaHydra/hydraExtensions/CMakeFiles/mayaHydraLib.dir/adapters/adapterDebugCodes.cpp.o
[2023-11-20T14:51:20.312Z]     [18/107] Building CXX object lib/mayaHydra/hydraExtensions/CMakeFiles/mayaHydraLib.dir/mayaHydraLibInterfaceImp.cpp.o
[2023-11-20T14:51:20.312Z]     [19/107] Building CXX object test/lib/mayaUsd/render/mayaToHydra/cpp/CMakeFiles/mayaHydraCppTests.dir/testSelectionSceneIndex.cpp.o
[2023-11-20T14:51:20.312Z]     [20/107] Building CXX object lib/mayaHydra/mayaPlugin/CMakeFiles/mayaHydra.dir/pluginUtils.cpp.o
[2023-11-20T14:51:20.862Z]     [21/107] Building CXX object lib/mayaHydra/mayaPlugin/CMakeFiles/mayaHydra.dir/plugin.cpp.o
[2023-11-20T14:51:20.862Z]     [22/107] Building CXX object test/lib/mayaUsd/render/mayaToHydra/cpp/CMakeFiles/mayaHydraCppTests.dir/testWireframeSelectionHighlightSceneIndex.cpp.o
[2023-11-20T14:51:21.990Z]     [23/107] Building CXX object lib/mayaHydra/mayaPlugin/CMakeFiles/mayaHydra.dir/viewCommand.cpp.o
[2023-11-20T14:51:21.990Z]     [24/107] Building CXX object lib/mayaHydra/hydraExtensions/CMakeFiles/mayaHydraLib.dir/adapters/adapter.cpp.o
[2023-11-20T14:51:22.539Z]     [25/107] Building CXX object lib/mayaHydra/hydraExtensions/CMakeFiles/mayaHydraLib.dir/hydraUtils.cpp.o
[2023-11-20T14:51:22.539Z]     [26/107] Building CXX object test/lib/mayaUsd/render/mayaToHydra/cpp/CMakeFiles/mayaHydraCppTests.dir/testMergingSceneIndex.cpp.o
[2023-11-20T14:51:23.078Z]     [27/107] Building CXX object lib/mayaHydra/hydraExtensions/CMakeFiles/mayaHydraLib.dir/adapters/mayaAttrs.cpp.o
[2023-11-20T14:51:25.630Z]     [28/107] Building CXX object lib/mayaHydra/hydraExtensions/CMakeFiles/mayaHydraLib.dir/adapters/adapterRegistry.cpp.o
[2023-11-20T14:51:25.630Z]     [29/107] Building CXX object lib/mayaHydra/hydraExtensions/CMakeFiles/mayaHydraLib.dir/adapters/areaLightAdapter.cpp.o
[2023-11-20T14:51:25.630Z]     [30/107] Building CXX object lib/mayaHydra/mayaPlugin/CMakeFiles/mayaHydra.dir/renderOverride.cpp.o
[2023-11-20T14:51:26.168Z]     [31/107] Building CXX object lib/mayaHydra/mayaPlugin/CMakeFiles/mayaHydra.dir/renderGlobals.cpp.o
[2023-11-20T14:51:26.168Z]     [32/107] Building CXX object lib/mayaHydra/hydraExtensions/CMakeFiles/mayaHydraLib.dir/adapters/cameraAdapter.cpp.o
[2023-11-20T14:51:26.168Z]     [33/107] Building CXX object lib/mayaHydra/hydraExtensions/CMakeFiles/mayaHydraLib.dir/adapters/aiSkydomeLightAdapter.cpp.o
[2023-11-20T14:51:26.718Z]     [34/107] Building CXX object lib/mayaHydra/hydraExtensions/CMakeFiles/mayaHydraLib.dir/adapters/dagAdapter.cpp.o
[2023-11-20T14:51:26.718Z]     [35/107] Building CXX object lib/mayaHydra/hydraExtensions/CMakeFiles/mayaHydraLib.dir/adapters/directionalLightAdapter.cpp.o
[2023-11-20T14:51:27.260Z]     [36/107] Building CXX object lib/mayaHydra/hydraExtensions/CMakeFiles/mayaHydraLib.dir/adapters/tokens.cpp.o
[2023-11-20T14:51:27.261Z]     [37/107] Building CXX object lib/mayaHydra/hydraExtensions/CMakeFiles/mayaHydraLib.dir/delegates/delegateDebugCodes.cpp.o
[2023-11-20T14:51:27.806Z]     [38/107] Building CXX object lib/mayaHydra/hydraExtensions/CMakeFiles/mayaHydraLib.dir/mayaHydraSceneProducer.cpp.o
[2023-11-20T14:51:28.351Z]     [39/107] Building CXX object lib/mayaHydra/hydraExtensions/CMakeFiles/mayaHydraLib.dir/adapters/lightAdapter.cpp.o
[2023-11-20T14:51:28.351Z]     [40/107] Building CXX object lib/mayaHydra/hydraExtensions/CMakeFiles/mayaHydraLib.dir/adapters/renderItemAdapter.cpp.o
[2023-11-20T14:51:28.898Z]     [41/107] Building CXX object lib/mayaHydra/hydraExtensions/CMakeFiles/mayaHydraLib.dir/adapters/materialAdapter.cpp.o
[2023-11-20T14:51:29.440Z]     [42/107] Building CXX object lib/mayaHydra/hydraExtensions/CMakeFiles/mayaHydraLib.dir/adapters/pointLightAdapter.cpp.o
[2023-11-20T14:51:29.990Z]     [43/107] Building CXX object lib/mayaHydra/hydraExtensions/CMakeFiles/mayaHydraLib.dir/adapters/nurbsCurveAdapter.cpp.o
[2023-11-20T14:51:30.542Z]     [44/107] Building CXX object lib/mayaHydra/hydraExtensions/CMakeFiles/mayaHydraLib.dir/adapters/meshAdapter.cpp.o
[2023-11-20T14:51:31.089Z]     [45/107] Building CXX object lib/mayaHydra/hydraExtensions/CMakeFiles/mayaHydraLib.dir/delegates/delegate.cpp.o
[2023-11-20T14:51:31.089Z]     [46/107] Building CXX object lib/mayaHydra/hydraExtensions/CMakeFiles/mayaHydraLib.dir/adapters/shapeAdapter.cpp.o
[2023-11-20T14:51:31.637Z]     [47/107] Building CXX object lib/mayaHydra/hydraExtensions/CMakeFiles/mayaHydraLib.dir/adapters/materialNetworkConverter.cpp.o
[2023-11-20T14:51:31.637Z]     [48/107] Building CXX object lib/mayaHydra/hydraExtensions/CMakeFiles/mayaHydraLib.dir/delegates/delegateCtx.cpp.o
[2023-11-20T14:51:32.189Z]     [49/107] Building CXX object lib/mayaHydra/ufeExtensions/CMakeFiles/ufeExtensions.dir/Global.cpp.o
[2023-11-20T14:51:32.729Z]     [50/107] Building CXX object lib/mayaHydra/hydraExtensions/CMakeFiles/mayaHydraLib.dir/adapters/spotLightAdapter.cpp.o
[2023-11-20T14:51:32.729Z]     [51/107] Building CXX object lib/flowViewport/CMakeFiles/flowViewport.dir/global.cpp.o
[2023-11-20T14:51:32.729Z]     [52/107] Linking CXX shared library lib/mayaHydra/ufeExtensions/libufeExtensions.so
[2023-11-20T14:51:32.729Z]     [53/107] Building CXX object lib/flowViewport/CMakeFiles/flowViewport.dir/debugCodes.cpp.o
[2023-11-20T14:51:32.729Z]     [54/107] Building CXX object lib/mayaHydra/hydraExtensions/CMakeFiles/mayaHydraLib.dir/delegates/delegateRegistry.cpp.o
[2023-11-20T14:51:33.280Z]     [55/107] Building CXX object lib/flowViewport/CMakeFiles/flowViewport.dir/tokens.cpp.o
[2023-11-20T14:51:33.280Z]     [56/107] Building CXX object lib/flowViewport/CMakeFiles/flowViewport.dir/colorPreferences/fvpColorChanged.cpp.o
[2023-11-20T14:51:33.280Z]     [57/107] Building CXX object lib/flowViewport/CMakeFiles/flowViewport.dir/sceneIndex/fvpPathInterface.cpp.o
[2023-11-20T14:51:33.280Z]     [58/107] Building CXX object lib/flowViewport/CMakeFiles/flowViewport.dir/colorPreferences/fvpColorPreferencesTokens.cpp.o
[2023-11-20T14:51:33.280Z]     [59/107] Building CXX object lib/flowViewport/CMakeFiles/flowViewport.dir/colorPreferences/fvpColorPreferences.cpp.o
[2023-11-20T14:51:33.901Z]     [60/107] Building CXX object lib/mayaHydra/hydraExtensions/CMakeFiles/mayaHydraLib.dir/sceneIndex/registration.cpp.o
[2023-11-20T14:51:35.029Z]     [61/107] Building CXX object lib/flowViewport/CMakeFiles/flowViewport.dir/API/interfacesImp/fvpSelectionInterfaceImp.cpp.o
[2023-11-20T14:51:35.029Z]     [62/107] Building CXX object lib/flowViewport/CMakeFiles/flowViewport.dir/API/interfacesImp/fvpVersionInterfaceImp.cpp.o
[2023-11-20T14:51:35.029Z]     [63/107] Building CXX object lib/mayaHydra/hydraExtensions/CMakeFiles/mayaHydraLib.dir/sceneIndex/mayaHydraPrimvarDataSource.cpp.o
[2023-11-20T14:51:35.569Z]     [64/107] Building CXX object lib/flowViewport/CMakeFiles/flowViewport.dir/sceneIndex/fvpMergingSceneIndex.cpp.o
[2023-11-20T14:51:35.569Z]     [65/107] Building CXX object lib/flowViewport/CMakeFiles/flowViewport.dir/sceneIndex/fvpPathInterfaceSceneIndex.cpp.o
[2023-11-20T14:51:35.569Z]     [66/107] Building CXX object lib/flowViewport/CMakeFiles/flowViewport.dir/API/samples/fvpSelectionClientExample.cpp.o
[2023-11-20T14:51:36.118Z]     [67/107] Building CXX object lib/mayaHydra/hydraExtensions/CMakeFiles/mayaHydraLib.dir/sceneIndex/mayaHydraLightDataSource.cpp.o
[2023-11-20T14:51:36.118Z]     [68/107] Building CXX object lib/mayaHydra/hydraExtensions/CMakeFiles/mayaHydraLib.dir/sceneIndex/mayaHydraDisplayStyleDataSource.cpp.o
[2023-11-20T14:51:36.670Z]     [69/107] Building CXX object lib/mayaHydra/hydraExtensions/CMakeFiles/mayaHydraLib.dir/sceneIndex/mayaHydraCameraDataSource.cpp.o
[2023-11-20T14:51:36.670Z]     [70/107] Building CXX object lib/mayaHydra/hydraExtensions/CMakeFiles/mayaHydraLib.dir/delegates/testDelegate.cpp.o
[2023-11-20T14:51:36.670Z]     [71/107] Building CXX object lib/flowViewport/CMakeFiles/flowViewport.dir/selection/fvpSelectionFwd.cpp.o
[2023-11-20T14:51:37.211Z]     [72/107] Building CXX object lib/mayaHydra/hydraExtensions/CMakeFiles/mayaHydraLib.dir/delegates/defaultLightDelegate.cpp.o
[2023-11-20T14:51:37.778Z]     [73/107] Building CXX object lib/flowViewport/CMakeFiles/flowViewport.dir/sceneIndex/fvpSelectionSceneIndex.cpp.o
[2023-11-20T14:51:37.778Z]     [74/107] Building CXX object lib/flowViewport/CMakeFiles/flowViewport.dir/API/interfacesImp/fvpInformationInterfaceImp.cpp.o
[2023-11-20T14:51:37.778Z]     [75/107] Building CXX object lib/mayaHydra/hydraExtensions/CMakeFiles/mayaHydraLib.dir/delegates/sceneDelegate.cpp.o
[2023-11-20T14:51:37.778Z]     [76/107] Building CXX object lib/flowViewport/CMakeFiles/flowViewport.dir/sceneIndex/fvpRenderIndexProxy.cpp.o
[2023-11-20T14:51:38.319Z]     [77/107] Building CXX object lib/flowViewport/CMakeFiles/flowViewport.dir/sceneIndex/fvpWireframeSelectionHighlightSceneIndex.cpp.o
[2023-11-20T14:51:38.319Z]     [78/107] Building CXX object lib/mayaHydra/hydraExtensions/CMakeFiles/mayaHydraLib.dir/sceneIndex/mayaHydraDataSource.cpp.o
[2023-11-20T14:51:38.319Z]     [79/107] Building CXX object lib/mayaHydra/hydraExtensions/CMakeFiles/mayaHydraLib.dir/sceneIndex/mayaHydraDefaultLightDataSource.cpp.o
[2023-11-20T14:51:38.883Z]     [80/107] Building CXX object lib/flowViewport/CMakeFiles/flowViewport.dir/API/samples/fvpInformationClientExample.cpp.o
[2023-11-20T14:51:38.883Z]     [81/107] Building CXX object lib/flowViewport/CMakeFiles/flowViewport.dir/API/perViewportSceneIndicesData/fvpViewportInformationAndSceneIndicesPerViewportData.cpp.o
[2023-11-20T14:51:38.883Z]     [82/107] Automatic MOC for target adskHydraSceneBrowser
[2023-11-20T14:51:39.440Z]     [83/107] Building CXX object lib/mayaHydra/hydraExtensions/CMakeFiles/mayaHydraLib.dir/sceneIndex/mayaHydraSceneIndex.cpp.o
[2023-11-20T14:51:40.280Z]     [84/107] Building CXX object lib/flowViewport/CMakeFiles/flowViewport.dir/API/perViewportSceneIndicesData/fvpViewportInformationAndSceneIndicesPerViewportDataManager.cpp.o
[2023-11-20T14:51:40.280Z]     [85/107] Building CXX object lib/flowViewport/CMakeFiles/flowViewport.dir/selection/fvpSelection.cpp.o
[2023-11-20T14:51:40.280Z]     [86/107] Building CXX object lib/flowViewport/CMakeFiles/flowViewport.dir/selection/fvpSelectionTracker.cpp.o
[2023-11-20T14:51:40.815Z]     [87/107] Building CXX object lib/flowViewport/CMakeFiles/flowViewport.dir/selection/fvpSelectionTask.cpp.o
[2023-11-20T14:51:41.351Z]     [88/107] Linking CXX shared library lib/flowViewport/libflowViewport.so
[2023-11-20T14:51:41.889Z]     [89/107] Building CXX object plugin/mayaHydraSceneBrowserTest/CMakeFiles/mayaHydraSceneBrowserTest.dir/mayaHydraSceneBrowserTestCmd.cpp.o
[2023-11-20T14:51:42.424Z]     [90/107] Linking CXX shared library lib/mayaHydra/hydraExtensions/libmayaHydraLib.so
[2023-11-20T14:51:42.424Z]     [91/107] Building CXX object lib/adskHydraSceneBrowser/lib/CMakeFiles/adskHydraSceneBrowser.dir/src/patch/registeredSceneIndexChooser.cpp.o
[2023-11-20T14:51:42.959Z]     [92/107] Building CXX object lib/adskHydraSceneBrowser/lib/CMakeFiles/adskHydraSceneBrowser.dir/src/patch/sceneIndexObserverLoggingWidget.cpp.o
[2023-11-20T14:51:42.959Z]     [93/107] Linking CXX shared library test/lib/mayaUsd/render/mayaToHydra/cpp/mayaHydraCppTests.so
[2023-11-20T14:51:42.959Z]     [94/107] Linking CXX shared library lib/mayaHydra/mayaPlugin/mayaHydra.so
[2023-11-20T14:51:43.495Z]     [95/107] Building CXX object plugin/mayaHydraSceneBrowser/CMakeFiles/mayaHydraSceneBrowser.dir/mayaHydraSceneBrowser.cpp.o
[2023-11-20T14:51:44.031Z]     [96/107] Building CXX object lib/adskHydraSceneBrowser/lib/CMakeFiles/adskHydraSceneBrowser.dir/src/patch/sceneIndexObserverLoggingTreeView.cpp.o
[2023-11-20T14:51:44.031Z]     [97/107] Building CXX object lib/adskHydraSceneBrowser/lib/CMakeFiles/adskHydraSceneBrowser.dir/src/patch/sceneIndexDebuggerWidget.cpp.o
[2023-11-20T14:51:44.031Z]     [98/107] Building CXX object lib/adskHydraSceneBrowser/lib/CMakeFiles/adskHydraSceneBrowser.dir/adskHydraSceneBrowser_autogen/mocs_compilation.cpp.o
[2023-11-20T14:51:44.031Z]     [99/107] Building CXX object lib/adskHydraSceneBrowser/test/CMakeFiles/adskHydraSceneBrowserTesting.dir/adskHydraSceneBrowserTesting.cpp.o
[2023-11-20T14:51:44.565Z]     [100/107] Building CXX object lib/adskHydraSceneBrowser/lib/CMakeFiles/adskHydraSceneBrowser.dir/src/patch/sceneIndexTreeWidget.cpp.o
[2023-11-20T14:51:44.565Z]     [101/107] Building CXX object lib/adskHydraSceneBrowser/lib/CMakeFiles/adskHydraSceneBrowser.dir/src/patch/dataSourceValueTreeView.cpp.o
[2023-11-20T14:51:45.100Z]     [102/107] Building CXX object lib/adskHydraSceneBrowser/lib/CMakeFiles/adskHydraSceneBrowser.dir/src/patch/dataSourceTreeWidget.cpp.o
[2023-11-20T14:51:45.100Z]     [103/107] Linking CXX shared library lib/adskHydraSceneBrowser/lib/libadskHydraSceneBrowser.so
[2023-11-20T14:51:45.634Z]     [104/107] Linking CXX shared library plugin/mayaHydraSceneBrowser/mayaHydraSceneBrowser.so
[2023-11-20T14:51:49.823Z]     [105/107] Building CXX object lib/adskHydraSceneBrowser/test/CMakeFiles/adskHydraSceneBrowserTesting.dir/adskHydraSceneBrowserTestFixture.cpp.o
[2023-11-20T14:51:49.823Z]     [106/107] Linking CXX shared library lib/adskHydraSceneBrowser/test/libadskHydraSceneBrowserTesting.so
[2023-11-20T14:51:50.358Z]     [107/107] Linking CXX shared library plugin/mayaHydraSceneBrowserTest/mayaHydraSceneBrowserTest.so
[2023-11-20T14:51:50.358Z]     
[2023-11-20T14:51:50.358Z]         Building with settings:
[2023-11-20T14:51:50.358Z]           Source directory          /home/S/jenkins/workspace/ECP/ecg-maya-hydra/ecg-maya-hydra-branch-preflight-python3-linux/ecg-maya-hydra/maya-hydra
[2023-11-20T14:51:50.358Z]           Workspace directory       /local/S/jenkins/workspace/ECP/ecg-maya-hydra/ecg-maya-hydra-branch-preflight-python3-linux
[2023-11-20T14:51:50.358Z]           Build directory           /local/S/jenkins/workspace/ECP/ecg-maya-hydra/ecg-maya-hydra-branch-preflight-python3-linux/build/RelWithDebInfo
[2023-11-20T14:51:50.358Z]           Install directory         /local/S/jenkins/workspace/ECP/ecg-maya-hydra/ecg-maya-hydra-branch-preflight-python3-linux/install/RelWithDebInfo/MayaHydra
[2023-11-20T14:51:50.358Z]           Variant                   RelWithDebInfo
[2023-11-20T14:51:50.358Z]           Python Debug              Off
[2023-11-20T14:51:50.358Z]           CMake generator           Ninja
[2023-11-20T14:51:50.358Z]           Build arguments           ['-DCMAKE_MAKE_PROGRAM=/local/S/jenkins/workspace/shared/Artifactory/Linux/ninja/1.10.2/9ab399b/ninja', '-DPYTHON_INCLUDE_DIR=/local/S/jenkins/workspace/shared/Artifactory/Linux/rundev-master/202311130812/runtime/48b8229/runTime/include/Python311/Python', '-DPython_EXECUTABLE=/local/S/jenkins/workspace/shared/Artifactory/Linux/rundev-master/202311130812/runtime/48b8229/runTime/bin/mayapy', '-DPYTHON_LIBRARIES=/local/S/jenkins/workspace/shared/Artifactory/Linux/rundev-master/202311130812/runtime/48b8229/runTime/lib/libpython3.11.so.1.0', '-DBUILD_WITH_PYTHON_3_VERSION=3.11', '-DCMAKE_WANT_MATERIALX_BUILD=ON', '-DCMAKE_PREFIX_PATH=/local/S/jenkins/workspace/shared/Artifactory/Linux/USD/1a43c47', '-DMAYAHYDRA_BUILD_NUMBER=410', '-DMAYAHYDRA_GIT_COMMIT=92cbd0d76b7ed18e4dc68a344103f1b9271b880a', '-DMAYAHYDRA_GIT_BRANCH=master']
[2023-11-20T14:51:50.358Z]           Stages arguments          ['build']
[2023-11-20T14:51:50.358Z]           CTest arguments           ['--parallel 16']
[2023-11-20T14:51:50.358Z]     Success MayaHydra build and install !!!!
[2023-11-20T14:51:50.358Z]     Elapsed time: 00:00:35
[Pipeline] }
[Pipeline] // withEnv
[Pipeline] }
[Pipeline] // timeout
[Pipeline] }
[Pipeline] // stage
[Pipeline] }
[Pipeline] // timestamps
[Pipeline] timestamps
[Pipeline] {
[Pipeline] stage
[Pipeline] { (Install)
[Pipeline] timeout
[2023-11-20T14:51:50.700Z] Timeout set to expire in 6 hr 0 min
[Pipeline] {
[Pipeline] withEnv
[Pipeline] {
[Pipeline] sh
[2023-11-20T14:51:51.799Z] + scl enable gcc-toolset-11 -
[2023-11-20T14:51:51.800Z] + '[' enable = load -o enable = unload ']'
[2023-11-20T14:51:51.800Z] + /usr/bin/scl enable gcc-toolset-11 -
[2023-11-20T14:51:51.800Z] python ecg-maya-hydra/build.py --stages=install --workspace-dir=/local/S/jenkins/workspace/ECP/ecg-maya-hydra/ecg-maya-hydra-branch-preflight-python3-linux --artifactory-dir=/local/S/jenkins/workspace/shared/Artifactory --build-dir=/local/S/jenkins/workspace/ECP/ecg-maya-hydra/ecg-maya-hydra-branch-preflight-python3-linux/build --install-dir=/local/S/jenkins/workspace/ECP/ecg-maya-hydra/ecg-maya-hydra-branch-preflight-python3-linux/install --signing-dir=/local/S/jenkins/workspace/ECP/ecg-maya-hydra/ecg-maya-hydra-branch-preflight-python3-linux/signing --package-dir=/local/S/jenkins/workspace/ECP/ecg-maya-hydra/ecg-maya-hydra-branch-preflight-python3-linux/package --output-dir=/local/S/jenkins/workspace/ECP/ecg-maya-hydra/ecg-maya-hydra-branch-preflight-python3-linux/output --stash-dir=/local/S/jenkins/workspace/ECP/ecg-maya-hydra/ecg-maya-hydra-branch-preflight-python3-linux/stash --jenkins-build=410 --git-commit=92cbd0d76b7ed18e4dc68a344103f1b9271b880a --git-branch=master --variants=Debug --interactive-tests=true --post-zips=false --osx-binary-architecture-target=ub2 --osx-deployment-target=11.0 --osx-base-sdk=CurrentActiveSDK --maya-cut-config=maya-rundev-master-debug.yaml --maya-package=rundev-master-debug --stage-banner
[2023-11-20T14:51:51.800Z] Using Maya cut from /local/S/jenkins/workspace/shared/Artifactory/Linux/rundev-master-debug/202311130621/runtime/fb61367
[2023-11-20T14:51:51.800Z] 
[2023-11-20T14:51:51.800Z] ================================================================================
[2023-11-20T14:51:51.800Z]                                 install (Debug)
[2023-11-20T14:51:51.800Z] ================================================================================
[2023-11-20T14:51:51.800Z] Maya Python Debug Info:
[2023-11-20T14:51:51.800Z]   mayapy executable   = /local/S/jenkins/workspace/shared/Artifactory/Linux/rundev-master-debug/202311130621/runtime/fb61367/runTime/bin/mayapy
[2023-11-20T14:51:51.800Z]   Include Folder      = /local/S/jenkins/workspace/shared/Artifactory/Linux/rundev-master-debug/202311130621/runtime/fb61367/runTime/include/Python311/Python
[2023-11-20T14:51:51.800Z]   Library             = /local/S/jenkins/workspace/shared/Artifactory/Linux/rundev-master-debug/202311130621/runtime/fb61367/runTime/lib/libpython3.11d.so.1.0
[2023-11-20T14:51:51.800Z]   site-package Folder = /local/S/jenkins/workspace/shared/Artifactory/Linux/rundev-master-debug/202311130621/runtime/fb61367/runTime/lib/python3.11/site-packages
[2023-11-20T14:51:52.919Z] In workdir: /home/S/jenkins/workspace/ECP/ecg-maya-hydra/ecg-maya-hydra-branch-preflight-python3-linux/ecg-maya-hydra/maya-hydra
[2023-11-20T14:51:52.919Z] Executing: /local/S/jenkins/workspace/shared/Artifactory/Linux/rundev-master-debug/202311130621/runtime/fb61367/runTime/bin/mayapy /home/S/jenkins/workspace/ECP/ecg-maya-hydra/ecg-maya-hydra-branch-preflight-python3-linux/ecg-maya-hydra/maya-hydra/build.py --generator Ninja --build-debug --maya-location /local/S/jenkins/workspace/shared/Artifactory/Linux/rundev-master-debug/202311130621/runtime/fb61367/runTime --devkit-location /local/S/jenkins/workspace/shared/Artifactory/Linux/rundev-master-debug/202311130621/runtime/fb61367/devkitBase --pxrusd-location /local/S/jenkins/workspace/shared/Artifactory/Linux/USD/e5ad5df --build-args=-DCMAKE_MAKE_PROGRAM=/local/S/jenkins/workspace/shared/Artifactory/Linux/ninja/1.10.2/9ab399b/ninja,-DPYTHON_INCLUDE_DIR=/local/S/jenkins/workspace/shared/Artifactory/Linux/rundev-master-debug/202311130621/runtime/fb61367/runTime/include/Python311/Python,-DPython_EXECUTABLE=/local/S/jenkins/workspace/shared/Artifactory/Linux/rundev-master-debug/202311130621/runtime/fb61367/runTime/bin/mayapy,-DPYTHON_LIBRARIES=/local/S/jenkins/workspace/shared/Artifactory/Linux/rundev-master-debug/202311130621/runtime/fb61367/runTime/lib/libpython3.11d.so.1.0,-DBUILD_WITH_PYTHON_3_VERSION=3.11,-DCMAKE_WANT_MATERIALX_BUILD=ON,-DCMAKE_PREFIX_PATH=/local/S/jenkins/workspace/shared/Artifactory/Linux/USD/e5ad5df,-DMAYAHYDRA_BUILD_NUMBER=410,-DMAYAHYDRA_GIT_COMMIT=92cbd0d76b7ed18e4dc68a344103f1b9271b880a,-DMAYAHYDRA_GIT_BRANCH=master --debug-python '--ctest-args=--parallel 16' --stages=install --redirect-outstream-file=False --install-location /local/S/jenkins/workspace/ECP/ecg-maya-hydra/ecg-maya-hydra-branch-preflight-python3-linux/install/Debug/MayaHydra /local/S/jenkins/workspace/ECP/ecg-maya-hydra/ecg-maya-hydra-branch-preflight-python3-linux
[2023-11-20T14:51:52.919Z] Modified environment variables:
[2023-11-20T14:51:52.919Z]     LD_LIBRARY_PATH=/opt/rh/gcc-toolset-11/root/usr/lib64:/opt/rh/gcc-toolset-11/root/usr/lib64:/opt/rh/gcc-toolset-11/root/usr/lib:/opt/rh/gcc-toolset-11/root/usr/lib64/dyninst:/opt/rh/gcc-toolset-11/root/usr/lib/dyninst
[2023-11-20T14:51:52.919Z]     PATH=/local/S/jenkins/workspace/shared/Artifactory/Linux/cmake/3.20.3/ab685d7/bin:/opt/rh/gcc-toolset-11/root/usr/bin:/home/administrator/.local/bin:/home/administrator/bin:/usr/share/Modules/bin:/usr/local/bin:/usr/local/sbin:/usr/bin:/usr/sbin
[2023-11-20T14:51:52.919Z]     [0/1] Install the project...
[2023-11-20T14:51:52.919Z]     -- Install configuration: "Debug"
[2023-11-20T14:51:52.919Z]     -- Set runtime path of "/local/S/jenkins/workspace/ECP/ecg-maya-hydra/ecg-maya-hydra-branch-preflight-python3-linux/install/Debug/MayaHydra/lib/maya/mayaHydraCppTests.so" to "$ORIGIN/../gtest:/local/S/jenkins/workspace/shared/Artifactory/Linux/USD/e5ad5df/lib:/local/S/jenkins/workspace/shared/Artifactory/Linux/rundev-master-debug/202311130621/runtime/fb61367/devkitBase/devkit/ufe/lib:/local/S/jenkins/workspace/shared/Artifactory/Linux/rundev-master-debug/202311130621/runtime/fb61367/runTime/lib"
[2023-11-20T14:51:52.919Z]     -- Set runtime path of "/local/S/jenkins/workspace/ECP/ecg-maya-hydra/ecg-maya-hydra-branch-preflight-python3-linux/install/Debug/MayaHydra/lib/maya/mayaHydra.so" to "$ORIGIN/../../../../../../../../../../../../home/S/jenkins/workspace/shared/Artifactory/Linux/USD/e5ad5df/lib:$ORIGIN/..:/local/S/jenkins/workspace/shared/Artifactory/Linux/rundev-master-debug/202311130621/runtime/fb61367/devkitBase/devkit/ufe/lib:/local/S/jenkins/workspace/shared/Artifactory/Linux/USD/e5ad5df/lib:/local/S/jenkins/workspace/shared/Artifactory/Linux/rundev-master-debug/202311130621/runtime/fb61367/runTime/lib"
[2023-11-20T14:51:52.919Z]     -- Set runtime path of "/local/S/jenkins/workspace/ECP/ecg-maya-hydra/ecg-maya-hydra-branch-preflight-python3-linux/install/Debug/MayaHydra/lib/libmayaHydraLib.so" to ""
[2023-11-20T14:51:52.919Z]     -- Set runtime path of "/local/S/jenkins/workspace/ECP/ecg-maya-hydra/ecg-maya-hydra-branch-preflight-python3-linux/install/Debug/MayaHydra/lib/libufeExtensions.so" to ""
[2023-11-20T14:51:53.456Z]     -- Set runtime path of "/local/S/jenkins/workspace/ECP/ecg-maya-hydra/ecg-maya-hydra-branch-preflight-python3-linux/install/Debug/MayaHydra/lib/libflowViewport.so" to ""
[2023-11-20T14:51:53.456Z]     -- Set runtime path of "/local/S/jenkins/workspace/ECP/ecg-maya-hydra/ecg-maya-hydra-branch-preflight-python3-linux/install/Debug/MayaHydra/lib/libadskHydraSceneBrowser.so" to ""
[2023-11-20T14:51:53.456Z]     -- Set runtime path of "/local/S/jenkins/workspace/ECP/ecg-maya-hydra/ecg-maya-hydra-branch-preflight-python3-linux/install/Debug/MayaHydra/lib/libadskHydraSceneBrowserTesting.so" to "$ORIGIN/gtest:/local/S/jenkins/workspace/shared/Artifactory/Linux/USD/e5ad5df/lib:/local/S/jenkins/workspace/shared/Artifactory/Linux/rundev-master-debug/202311130621/runtime/fb61367/devkitBase/Qt/lib"
[2023-11-20T14:51:53.456Z]     -- Set runtime path of "/local/S/jenkins/workspace/ECP/ecg-maya-hydra/ecg-maya-hydra-branch-preflight-python3-linux/install/Debug/MayaHydra/lib/maya/mayaHydraSceneBrowser.so" to "$ORIGIN/..:/local/S/jenkins/workspace/shared/Artifactory/Linux/USD/e5ad5df/lib:/local/S/jenkins/workspace/shared/Artifactory/Linux/rundev-master-debug/202311130621/runtime/fb61367/devkitBase/devkit/ufe/lib:/local/S/jenkins/workspace/shared/Artifactory/Linux/rundev-master-debug/202311130621/runtime/fb61367/devkitBase/Qt/lib:/local/S/jenkins/workspace/shared/Artifactory/Linux/rundev-master-debug/202311130621/runtime/fb61367/runTime/lib"
[2023-11-20T14:51:53.456Z]     -- Set runtime path of "/local/S/jenkins/workspace/ECP/ecg-maya-hydra/ecg-maya-hydra-branch-preflight-python3-linux/install/Debug/MayaHydra/lib/maya/mayaHydraSceneBrowserTest.so" to "$ORIGIN/..:$ORIGIN/../gtest:/local/S/jenkins/workspace/shared/Artifactory/Linux/USD/e5ad5df/lib:/local/S/jenkins/workspace/shared/Artifactory/Linux/rundev-master-debug/202311130621/runtime/fb61367/devkitBase/Qt/lib:/local/S/jenkins/workspace/shared/Artifactory/Linux/rundev-master-debug/202311130621/runtime/fb61367/devkitBase/devkit/ufe/lib:/local/S/jenkins/workspace/shared/Artifactory/Linux/rundev-master-debug/202311130621/runtime/fb61367/runTime/lib"
[2023-11-20T14:51:53.456Z]     
[2023-11-20T14:51:53.456Z]         Building with settings:
[2023-11-20T14:51:53.456Z]           Source directory          /home/S/jenkins/workspace/ECP/ecg-maya-hydra/ecg-maya-hydra-branch-preflight-python3-linux/ecg-maya-hydra/maya-hydra
[2023-11-20T14:51:53.456Z]           Workspace directory       /local/S/jenkins/workspace/ECP/ecg-maya-hydra/ecg-maya-hydra-branch-preflight-python3-linux
[2023-11-20T14:51:53.456Z]           Build directory           /local/S/jenkins/workspace/ECP/ecg-maya-hydra/ecg-maya-hydra-branch-preflight-python3-linux/build/Debug
[2023-11-20T14:51:53.456Z]           Install directory         /local/S/jenkins/workspace/ECP/ecg-maya-hydra/ecg-maya-hydra-branch-preflight-python3-linux/install/Debug/MayaHydra
[2023-11-20T14:51:53.456Z]           Variant                   Debug
[2023-11-20T14:51:53.456Z]           Python Debug              On
[2023-11-20T14:51:53.456Z]           CMake generator           Ninja
[2023-11-20T14:51:53.456Z]           Build arguments           ['-DCMAKE_MAKE_PROGRAM=/local/S/jenkins/workspace/shared/Artifactory/Linux/ninja/1.10.2/9ab399b/ninja', '-DPYTHON_INCLUDE_DIR=/local/S/jenkins/workspace/shared/Artifactory/Linux/rundev-master-debug/202311130621/runtime/fb61367/runTime/include/Python311/Python', '-DPython_EXECUTABLE=/local/S/jenkins/workspace/shared/Artifactory/Linux/rundev-master-debug/202311130621/runtime/fb61367/runTime/bin/mayapy', '-DPYTHON_LIBRARIES=/local/S/jenkins/workspace/shared/Artifactory/Linux/rundev-master-debug/202311130621/runtime/fb61367/runTime/lib/libpython3.11d.so.1.0', '-DBUILD_WITH_PYTHON_3_VERSION=3.11', '-DCMAKE_WANT_MATERIALX_BUILD=ON', '-DCMAKE_PREFIX_PATH=/local/S/jenkins/workspace/shared/Artifactory/Linux/USD/e5ad5df', '-DMAYAHYDRA_BUILD_NUMBER=410', '-DMAYAHYDRA_GIT_COMMIT=92cbd0d76b7ed18e4dc68a344103f1b9271b880a', '-DMAYAHYDRA_GIT_BRANCH=master']
[2023-11-20T14:51:53.456Z]           Stages arguments          ['install']
[2023-11-20T14:51:53.456Z]           CTest arguments           ['--parallel 16']
[2023-11-20T14:51:53.456Z]     Success MayaHydra build and install !!!!
[2023-11-20T14:51:53.456Z]     Elapsed time: 00:00:00
[Pipeline] sh
[2023-11-20T14:51:55.108Z] + scl enable gcc-toolset-11 -
[2023-11-20T14:51:55.108Z] + '[' enable = load -o enable = unload ']'
[2023-11-20T14:51:55.108Z] + /usr/bin/scl enable gcc-toolset-11 -
[2023-11-20T14:51:55.108Z] python ecg-maya-hydra/build.py --stages=install --workspace-dir=/local/S/jenkins/workspace/ECP/ecg-maya-hydra/ecg-maya-hydra-branch-preflight-python3-linux --artifactory-dir=/local/S/jenkins/workspace/shared/Artifactory --build-dir=/local/S/jenkins/workspace/ECP/ecg-maya-hydra/ecg-maya-hydra-branch-preflight-python3-linux/build --install-dir=/local/S/jenkins/workspace/ECP/ecg-maya-hydra/ecg-maya-hydra-branch-preflight-python3-linux/install --signing-dir=/local/S/jenkins/workspace/ECP/ecg-maya-hydra/ecg-maya-hydra-branch-preflight-python3-linux/signing --package-dir=/local/S/jenkins/workspace/ECP/ecg-maya-hydra/ecg-maya-hydra-branch-preflight-python3-linux/package --output-dir=/local/S/jenkins/workspace/ECP/ecg-maya-hydra/ecg-maya-hydra-branch-preflight-python3-linux/output --stash-dir=/local/S/jenkins/workspace/ECP/ecg-maya-hydra/ecg-maya-hydra-branch-preflight-python3-linux/stash --jenkins-build=410 --git-commit=92cbd0d76b7ed18e4dc68a344103f1b9271b880a --git-branch=master --variants=RelWithDebInfo --interactive-tests=true --post-zips=false --osx-binary-architecture-target=ub2 --osx-deployment-target=11.0 --osx-base-sdk=CurrentActiveSDK --maya-cut-config=maya-rundev-master.yaml --maya-package=rundev-master --stage-banner
[2023-11-20T14:51:55.108Z] Using Maya cut from /local/S/jenkins/workspace/shared/Artifactory/Linux/rundev-master/202311130812/runtime/48b8229
[2023-11-20T14:51:55.108Z] 
[2023-11-20T14:51:55.108Z] ================================================================================
[2023-11-20T14:51:55.108Z]                             install (RelWithDebInfo)
[2023-11-20T14:51:55.108Z] ================================================================================
[2023-11-20T14:51:55.108Z] Maya Python RelWithDebInfo Info:
[2023-11-20T14:51:55.108Z]   mayapy executable   = /local/S/jenkins/workspace/shared/Artifactory/Linux/rundev-master/202311130812/runtime/48b8229/runTime/bin/mayapy
[2023-11-20T14:51:55.108Z]   Include Folder      = /local/S/jenkins/workspace/shared/Artifactory/Linux/rundev-master/202311130812/runtime/48b8229/runTime/include/Python311/Python
[2023-11-20T14:51:55.108Z]   Library             = /local/S/jenkins/workspace/shared/Artifactory/Linux/rundev-master/202311130812/runtime/48b8229/runTime/lib/libpython3.11.so.1.0
[2023-11-20T14:51:55.108Z]   site-package Folder = /local/S/jenkins/workspace/shared/Artifactory/Linux/rundev-master/202311130812/runtime/48b8229/runTime/lib/python3.11/site-packages
[2023-11-20T14:51:55.643Z] In workdir: /home/S/jenkins/workspace/ECP/ecg-maya-hydra/ecg-maya-hydra-branch-preflight-python3-linux/ecg-maya-hydra/maya-hydra
[2023-11-20T14:51:55.643Z] Executing: /local/S/jenkins/workspace/shared/Artifactory/Linux/rundev-master/202311130812/runtime/48b8229/runTime/bin/mayapy /home/S/jenkins/workspace/ECP/ecg-maya-hydra/ecg-maya-hydra-branch-preflight-python3-linux/ecg-maya-hydra/maya-hydra/build.py --generator Ninja --build-relwithdebug --maya-location /local/S/jenkins/workspace/shared/Artifactory/Linux/rundev-master/202311130812/runtime/48b8229/runTime --devkit-location /local/S/jenkins/workspace/shared/Artifactory/Linux/rundev-master/202311130812/runtime/48b8229/devkitBase --pxrusd-location /local/S/jenkins/workspace/shared/Artifactory/Linux/USD/1a43c47 --build-args=-DCMAKE_MAKE_PROGRAM=/local/S/jenkins/workspace/shared/Artifactory/Linux/ninja/1.10.2/9ab399b/ninja,-DPYTHON_INCLUDE_DIR=/local/S/jenkins/workspace/shared/Artifactory/Linux/rundev-master/202311130812/runtime/48b8229/runTime/include/Python311/Python,-DPython_EXECUTABLE=/local/S/jenkins/workspace/shared/Artifactory/Linux/rundev-master/202311130812/runtime/48b8229/runTime/bin/mayapy,-DPYTHON_LIBRARIES=/local/S/jenkins/workspace/shared/Artifactory/Linux/rundev-master/202311130812/runtime/48b8229/runTime/lib/libpython3.11.so.1.0,-DBUILD_WITH_PYTHON_3_VERSION=3.11,-DCMAKE_WANT_MATERIALX_BUILD=ON,-DCMAKE_PREFIX_PATH=/local/S/jenkins/workspace/shared/Artifactory/Linux/USD/1a43c47,-DMAYAHYDRA_BUILD_NUMBER=410,-DMAYAHYDRA_GIT_COMMIT=92cbd0d76b7ed18e4dc68a344103f1b9271b880a,-DMAYAHYDRA_GIT_BRANCH=master '--ctest-args=--parallel 16' --stages=install --redirect-outstream-file=False --install-location /local/S/jenkins/workspace/ECP/ecg-maya-hydra/ecg-maya-hydra-branch-preflight-python3-linux/install/RelWithDebInfo/MayaHydra /local/S/jenkins/workspace/ECP/ecg-maya-hydra/ecg-maya-hydra-branch-preflight-python3-linux
[2023-11-20T14:51:55.643Z] Modified environment variables:
[2023-11-20T14:51:55.643Z]     LD_LIBRARY_PATH=/opt/rh/gcc-toolset-11/root/usr/lib64:/opt/rh/gcc-toolset-11/root/usr/lib64:/opt/rh/gcc-toolset-11/root/usr/lib:/opt/rh/gcc-toolset-11/root/usr/lib64/dyninst:/opt/rh/gcc-toolset-11/root/usr/lib/dyninst
[2023-11-20T14:51:55.643Z]     PATH=/local/S/jenkins/workspace/shared/Artifactory/Linux/cmake/3.20.3/ab685d7/bin:/opt/rh/gcc-toolset-11/root/usr/bin:/home/administrator/.local/bin:/home/administrator/bin:/usr/share/Modules/bin:/usr/local/bin:/usr/local/sbin:/usr/bin:/usr/sbin
[2023-11-20T14:51:55.643Z]     [0/1] Install the project...
[2023-11-20T14:51:55.643Z]     -- Install configuration: "RelWithDebInfo"
[2023-11-20T14:51:55.643Z]     -- Set runtime path of "/local/S/jenkins/workspace/ECP/ecg-maya-hydra/ecg-maya-hydra-branch-preflight-python3-linux/install/RelWithDebInfo/MayaHydra/lib/maya/mayaHydraCppTests.so" to "$ORIGIN/../gtest:/local/S/jenkins/workspace/shared/Artifactory/Linux/USD/1a43c47/lib:/local/S/jenkins/workspace/shared/Artifactory/Linux/rundev-master/202311130812/runtime/48b8229/devkitBase/devkit/ufe/lib:/local/S/jenkins/workspace/shared/Artifactory/Linux/rundev-master/202311130812/runtime/48b8229/runTime/lib"
[2023-11-20T14:51:55.643Z]     -- Set runtime path of "/local/S/jenkins/workspace/ECP/ecg-maya-hydra/ecg-maya-hydra-branch-preflight-python3-linux/install/RelWithDebInfo/MayaHydra/lib/maya/mayaHydra.so" to "$ORIGIN/../../../../../../../../../../../../home/S/jenkins/workspace/shared/Artifactory/Linux/USD/1a43c47/lib:$ORIGIN/..:/local/S/jenkins/workspace/shared/Artifactory/Linux/rundev-master/202311130812/runtime/48b8229/devkitBase/devkit/ufe/lib:/local/S/jenkins/workspace/shared/Artifactory/Linux/USD/1a43c47/lib:/local/S/jenkins/workspace/shared/Artifactory/Linux/rundev-master/202311130812/runtime/48b8229/runTime/lib"
[2023-11-20T14:51:55.643Z]     -- Set runtime path of "/local/S/jenkins/workspace/ECP/ecg-maya-hydra/ecg-maya-hydra-branch-preflight-python3-linux/install/RelWithDebInfo/MayaHydra/lib/libmayaHydraLib.so" to ""
[2023-11-20T14:51:55.643Z]     -- Set runtime path of "/local/S/jenkins/workspace/ECP/ecg-maya-hydra/ecg-maya-hydra-branch-preflight-python3-linux/install/RelWithDebInfo/MayaHydra/lib/libufeExtensions.so" to ""
[2023-11-20T14:51:55.643Z]     -- Set runtime path of "/local/S/jenkins/workspace/ECP/ecg-maya-hydra/ecg-maya-hydra-branch-preflight-python3-linux/install/RelWithDebInfo/MayaHydra/lib/libflowViewport.so" to ""
[2023-11-20T14:51:55.643Z]     -- Set runtime path of "/local/S/jenkins/workspace/ECP/ecg-maya-hydra/ecg-maya-hydra-branch-preflight-python3-linux/install/RelWithDebInfo/MayaHydra/lib/libadskHydraSceneBrowser.so" to ""
[2023-11-20T14:51:55.644Z]     -- Set runtime path of "/local/S/jenkins/workspace/ECP/ecg-maya-hydra/ecg-maya-hydra-branch-preflight-python3-linux/install/RelWithDebInfo/MayaHydra/lib/libadskHydraSceneBrowserTesting.so" to "$ORIGIN/gtest:/local/S/jenkins/workspace/shared/Artifactory/Linux/USD/1a43c47/lib:/local/S/jenkins/workspace/shared/Artifactory/Linux/rundev-master/202311130812/runtime/48b8229/devkitBase/Qt/lib"
[2023-11-20T14:51:55.644Z]     -- Set runtime path of "/local/S/jenkins/workspace/ECP/ecg-maya-hydra/ecg-maya-hydra-branch-preflight-python3-linux/install/RelWithDebInfo/MayaHydra/lib/maya/mayaHydraSceneBrowser.so" to "$ORIGIN/..:/local/S/jenkins/workspace/shared/Artifactory/Linux/USD/1a43c47/lib:/local/S/jenkins/workspace/shared/Artifactory/Linux/rundev-master/202311130812/runtime/48b8229/devkitBase/devkit/ufe/lib:/local/S/jenkins/workspace/shared/Artifactory/Linux/rundev-master/202311130812/runtime/48b8229/devkitBase/Qt/lib:/local/S/jenkins/workspace/shared/Artifactory/Linux/rundev-master/202311130812/runtime/48b8229/runTime/lib"
[2023-11-20T14:51:55.644Z]     -- Set runtime path of "/local/S/jenkins/workspace/ECP/ecg-maya-hydra/ecg-maya-hydra-branch-preflight-python3-linux/install/RelWithDebInfo/MayaHydra/lib/maya/mayaHydraSceneBrowserTest.so" to "$ORIGIN/..:$ORIGIN/../gtest:/local/S/jenkins/workspace/shared/Artifactory/Linux/USD/1a43c47/lib:/local/S/jenkins/workspace/shared/Artifactory/Linux/rundev-master/202311130812/runtime/48b8229/devkitBase/Qt/lib:/local/S/jenkins/workspace/shared/Artifactory/Linux/rundev-master/202311130812/runtime/48b8229/devkitBase/devkit/ufe/lib:/local/S/jenkins/workspace/shared/Artifactory/Linux/rundev-master/202311130812/runtime/48b8229/runTime/lib"
[2023-11-20T14:51:55.644Z]     
[2023-11-20T14:51:55.644Z]         Building with settings:
[2023-11-20T14:51:55.644Z]           Source directory          /home/S/jenkins/workspace/ECP/ecg-maya-hydra/ecg-maya-hydra-branch-preflight-python3-linux/ecg-maya-hydra/maya-hydra
[2023-11-20T14:51:55.644Z]           Workspace directory       /local/S/jenkins/workspace/ECP/ecg-maya-hydra/ecg-maya-hydra-branch-preflight-python3-linux
[2023-11-20T14:51:55.644Z]           Build directory           /local/S/jenkins/workspace/ECP/ecg-maya-hydra/ecg-maya-hydra-branch-preflight-python3-linux/build/RelWithDebInfo
[2023-11-20T14:51:55.644Z]           Install directory         /local/S/jenkins/workspace/ECP/ecg-maya-hydra/ecg-maya-hydra-branch-preflight-python3-linux/install/RelWithDebInfo/MayaHydra
[2023-11-20T14:51:55.644Z]           Variant                   RelWithDebInfo
[2023-11-20T14:51:55.644Z]           Python Debug              Off
[2023-11-20T14:51:55.644Z]           CMake generator           Ninja
[2023-11-20T14:51:55.644Z]           Build arguments           ['-DCMAKE_MAKE_PROGRAM=/local/S/jenkins/workspace/shared/Artifactory/Linux/ninja/1.10.2/9ab399b/ninja', '-DPYTHON_INCLUDE_DIR=/local/S/jenkins/workspace/shared/Artifactory/Linux/rundev-master/202311130812/runtime/48b8229/runTime/include/Python311/Python', '-DPython_EXECUTABLE=/local/S/jenkins/workspace/shared/Artifactory/Linux/rundev-master/202311130812/runtime/48b8229/runTime/bin/mayapy', '-DPYTHON_LIBRARIES=/local/S/jenkins/workspace/shared/Artifactory/Linux/rundev-master/202311130812/runtime/48b8229/runTime/lib/libpython3.11.so.1.0', '-DBUILD_WITH_PYTHON_3_VERSION=3.11', '-DCMAKE_WANT_MATERIALX_BUILD=ON', '-DCMAKE_PREFIX_PATH=/local/S/jenkins/workspace/shared/Artifactory/Linux/USD/1a43c47', '-DMAYAHYDRA_BUILD_NUMBER=410', '-DMAYAHYDRA_GIT_COMMIT=92cbd0d76b7ed18e4dc68a344103f1b9271b880a', '-DMAYAHYDRA_GIT_BRANCH=master']
[2023-11-20T14:51:55.644Z]           Stages arguments          ['install']
[2023-11-20T14:51:55.644Z]           CTest arguments           ['--parallel 16']
[2023-11-20T14:51:55.644Z]     Success MayaHydra build and install !!!!
[2023-11-20T14:51:55.644Z]     Elapsed time: 00:00:00
[Pipeline] }
[Pipeline] // withEnv
[Pipeline] }
[Pipeline] // timeout
[Pipeline] }
[Pipeline] // stage
[Pipeline] }
[Pipeline] // timestamps
[Pipeline] timestamps
[Pipeline] {
[Pipeline] stage
[Pipeline] { (Test)
[Pipeline] timeout
[2023-11-20T14:51:55.988Z] Timeout set to expire in 6 hr 0 min
[Pipeline] {
[Pipeline] withEnv
[Pipeline] {
[Pipeline] sh
[2023-11-20T14:51:57.091Z] + scl enable gcc-toolset-11 -
[2023-11-20T14:51:57.091Z] + '[' enable = load -o enable = unload ']'
[2023-11-20T14:51:57.091Z] + /usr/bin/scl enable gcc-toolset-11 -
[2023-11-20T14:51:57.091Z] python ecg-maya-hydra/build.py --stages=test --workspace-dir=/local/S/jenkins/workspace/ECP/ecg-maya-hydra/ecg-maya-hydra-branch-preflight-python3-linux --artifactory-dir=/local/S/jenkins/workspace/shared/Artifactory --build-dir=/local/S/jenkins/workspace/ECP/ecg-maya-hydra/ecg-maya-hydra-branch-preflight-python3-linux/build --install-dir=/local/S/jenkins/workspace/ECP/ecg-maya-hydra/ecg-maya-hydra-branch-preflight-python3-linux/install --signing-dir=/local/S/jenkins/workspace/ECP/ecg-maya-hydra/ecg-maya-hydra-branch-preflight-python3-linux/signing --package-dir=/local/S/jenkins/workspace/ECP/ecg-maya-hydra/ecg-maya-hydra-branch-preflight-python3-linux/package --output-dir=/local/S/jenkins/workspace/ECP/ecg-maya-hydra/ecg-maya-hydra-branch-preflight-python3-linux/output --stash-dir=/local/S/jenkins/workspace/ECP/ecg-maya-hydra/ecg-maya-hydra-branch-preflight-python3-linux/stash --jenkins-build=410 --git-commit=92cbd0d76b7ed18e4dc68a344103f1b9271b880a --git-branch=master --variants=RelWithDebInfo --interactive-tests=true --post-zips=false --osx-binary-architecture-target=ub2 --osx-deployment-target=11.0 --osx-base-sdk=CurrentActiveSDK --test-jobs=0 --failed-test-retry=3 --maya-cut-config=maya-rundev-master.yaml --maya-package=rundev-master --stage-banner --progressive-timeout
[2023-11-20T14:51:57.091Z] Using Maya cut from /local/S/jenkins/workspace/shared/Artifactory/Linux/rundev-master/202311130812/runtime/48b8229
[2023-11-20T14:51:57.091Z] 
[2023-11-20T14:51:57.091Z] ================================================================================
[2023-11-20T14:51:57.091Z]                              test (RelWithDebInfo)
[2023-11-20T14:51:57.091Z] ================================================================================
[2023-11-20T14:51:57.091Z] Maya Python RelWithDebInfo Info:
[2023-11-20T14:51:57.091Z]   mayapy executable   = /local/S/jenkins/workspace/shared/Artifactory/Linux/rundev-master/202311130812/runtime/48b8229/runTime/bin/mayapy
[2023-11-20T14:51:57.091Z]   Include Folder      = /local/S/jenkins/workspace/shared/Artifactory/Linux/rundev-master/202311130812/runtime/48b8229/runTime/include/Python311/Python
[2023-11-20T14:51:57.091Z]   Library             = /local/S/jenkins/workspace/shared/Artifactory/Linux/rundev-master/202311130812/runtime/48b8229/runTime/lib/libpython3.11.so.1.0
[2023-11-20T14:51:57.091Z]   site-package Folder = /local/S/jenkins/workspace/shared/Artifactory/Linux/rundev-master/202311130812/runtime/48b8229/runTime/lib/python3.11/site-packages
[2023-11-20T14:51:57.632Z] In workdir: /home/S/jenkins/workspace/ECP/ecg-maya-hydra/ecg-maya-hydra-branch-preflight-python3-linux/ecg-maya-hydra/maya-hydra
[2023-11-20T14:51:57.632Z] Executing: /local/S/jenkins/workspace/shared/Artifactory/Linux/rundev-master/202311130812/runtime/48b8229/runTime/bin/mayapy /home/S/jenkins/workspace/ECP/ecg-maya-hydra/ecg-maya-hydra-branch-preflight-python3-linux/ecg-maya-hydra/maya-hydra/build.py --generator Ninja --build-relwithdebug --maya-location /local/S/jenkins/workspace/shared/Artifactory/Linux/rundev-master/202311130812/runtime/48b8229/runTime --devkit-location /local/S/jenkins/workspace/shared/Artifactory/Linux/rundev-master/202311130812/runtime/48b8229/devkitBase --pxrusd-location /local/S/jenkins/workspace/shared/Artifactory/Linux/USD/1a43c47 --build-args=-DCMAKE_MAKE_PROGRAM=/local/S/jenkins/workspace/shared/Artifactory/Linux/ninja/1.10.2/9ab399b/ninja,-DPYTHON_INCLUDE_DIR=/local/S/jenkins/workspace/shared/Artifactory/Linux/rundev-master/202311130812/runtime/48b8229/runTime/include/Python311/Python,-DPython_EXECUTABLE=/local/S/jenkins/workspace/shared/Artifactory/Linux/rundev-master/202311130812/runtime/48b8229/runTime/bin/mayapy,-DPYTHON_LIBRARIES=/local/S/jenkins/workspace/shared/Artifactory/Linux/rundev-master/202311130812/runtime/48b8229/runTime/lib/libpython3.11.so.1.0,-DBUILD_WITH_PYTHON_3_VERSION=3.11,-DCMAKE_WANT_MATERIALX_BUILD=ON,-DCMAKE_PREFIX_PATH=/local/S/jenkins/workspace/shared/Artifactory/Linux/USD/1a43c47,-DMAYAHYDRA_BUILD_NUMBER=410,-DMAYAHYDRA_GIT_COMMIT=92cbd0d76b7ed18e4dc68a344103f1b9271b880a,-DMAYAHYDRA_GIT_BRANCH=master '--ctest-args=--parallel 16' --stages=test --redirect-outstream-file=False --install-location /local/S/jenkins/workspace/ECP/ecg-maya-hydra/ecg-maya-hydra-branch-preflight-python3-linux/install/RelWithDebInfo/MayaHydra /local/S/jenkins/workspace/ECP/ecg-maya-hydra/ecg-maya-hydra-branch-preflight-python3-linux
[2023-11-20T14:51:57.632Z] Modified environment variables:
[2023-11-20T14:51:57.632Z]     LD_LIBRARY_PATH=/opt/rh/gcc-toolset-11/root/usr/lib64:/opt/rh/gcc-toolset-11/root/usr/lib64:/opt/rh/gcc-toolset-11/root/usr/lib:/opt/rh/gcc-toolset-11/root/usr/lib64/dyninst:/opt/rh/gcc-toolset-11/root/usr/lib/dyninst
[2023-11-20T14:51:57.632Z]     PATH=/local/S/jenkins/workspace/shared/Artifactory/Linux/cmake/3.20.3/ab685d7/bin:/opt/rh/gcc-toolset-11/root/usr/bin:/home/administrator/.local/bin:/home/administrator/bin:/usr/share/Modules/bin:/usr/local/bin:/usr/local/sbin:/usr/bin:/usr/sbin
[2023-11-20T14:51:57.632Z]     Test project /home/S/jenkins/workspace/ECP/ecg-maya-hydra/ecg-maya-hydra-branch-preflight-python3-linux/build/RelWithDebInfo
[2023-11-20T14:51:57.632Z]           Start  1: _Interactive_Maya
[2023-11-20T14:51:57.632Z]      1/20 Test  #1: _Interactive_Maya ...........................***Not Run (Disabled)   0.00 sec
[2023-11-20T14:51:57.632Z]           Start  2: testImageDiffing
[2023-11-20T14:51:57.632Z]           Start  3: testMtohCommand
[2023-11-20T14:51:57.632Z]           Start  4: testMeshes
[2023-11-20T14:51:57.632Z]           Start  5: testNamespaces
[2023-11-20T14:51:57.632Z]           Start  6: testVisibility
[2023-11-20T14:51:57.632Z]           Start  7: testRendererSwitching
[2023-11-20T14:51:57.632Z]           Start  8: testSceneBrowser
[2023-11-20T14:51:57.632Z]           Start  9: testStageAddPrim
[2023-11-20T14:51:57.632Z]           Start 10: testNewSceneWithStage
[2023-11-20T14:51:57.632Z]           Start 11: testDirectionalLights
[2023-11-20T14:51:57.632Z]           Start 12: testColorPreferences
[2023-11-20T14:51:57.632Z]           Start 13: testCppFramework
[2023-11-20T14:51:57.632Z]           Start 14: testMayaSceneFlattening
[2023-11-20T14:51:57.632Z]           Start 15: testMayaUsdUfeItems
[2023-11-20T14:51:57.632Z]           Start 16: testMergingSceneIndex
[2023-11-20T14:51:57.632Z]           Start 17: testSelectionSceneIndex
[2023-11-20T14:52:08.891Z]      2/20 Test  #7: testRendererSwitching .......................   Passed    9.75 sec
[2023-11-20T14:52:08.891Z]           Start 18: testWireframeSelectionHighlightSceneIndex
[2023-11-20T14:52:08.891Z]      3/20 Test  #5: testNamespaces ..............................   Passed    9.80 sec
[2023-11-20T14:52:08.891Z]           Start 19: testFlowViewportAPIViewportInformation
[2023-11-20T14:52:08.891Z]      4/20 Test #15: testMayaUsdUfeItems .........................   Passed    9.81 sec
[2023-11-20T14:52:08.891Z]           Start 20: testMeshes_meshAdapter
[2023-11-20T14:52:08.891Z]      5/20 Test #13: testCppFramework ............................   Passed    9.97 sec
[2023-11-20T14:52:08.891Z]      6/20 Test #11: testDirectionalLights .......................   Passed   10.02 sec
[2023-11-20T14:52:08.891Z]      7/20 Test  #9: testStageAddPrim ............................   Passed   10.05 sec
[2023-11-20T14:52:08.891Z]      8/20 Test #17: testSelectionSceneIndex .....................   Passed   10.03 sec
[2023-11-20T14:52:08.891Z]      9/20 Test #10: testNewSceneWithStage .......................   Passed   10.13 sec
[2023-11-20T14:52:08.891Z]     10/20 Test  #8: testSceneBrowser ............................   Passed   10.17 sec
[2023-11-20T14:52:08.891Z]     11/20 Test  #3: testMtohCommand .............................   Passed   10.20 sec
[2023-11-20T14:52:08.891Z]     12/20 Test  #4: testMeshes ..................................   Passed   10.32 sec
[2023-11-20T14:52:08.891Z]     13/20 Test #12: testColorPreferences ........................   Passed   10.36 sec
[2023-11-20T14:52:08.891Z]     14/20 Test #14: testMayaSceneFlattening .....................   Passed   10.40 sec
[2023-11-20T14:52:08.891Z]     15/20 Test #16: testMergingSceneIndex .......................   Passed   10.38 sec
[2023-11-20T14:52:08.891Z]     16/20 Test  #2: testImageDiffing ............................   Passed   10.95 sec
[2023-11-20T14:52:08.891Z]     17/20 Test  #6: testVisibility ..............................   Passed   11.10 sec
[2023-11-20T14:52:16.677Z]     18/20 Test #18: testWireframeSelectionHighlightSceneIndex ...   Passed    9.14 sec
[2023-11-20T14:52:17.796Z]     19/20 Test #20: testMeshes_meshAdapter ......................   Passed    9.93 sec
[2023-11-20T14:52:17.796Z]     20/20 Test #19: testFlowViewportAPIViewportInformation ......   Passed   10.02 sec
[2023-11-20T14:52:17.796Z]     
[2023-11-20T14:52:17.796Z]     100% tests passed, 0 tests failed out of 19
[2023-11-20T14:52:17.796Z]     
[2023-11-20T14:52:17.796Z]     Label Time Summary:
[2023-11-20T14:52:17.796Z]     Debugging      =   0.00 sec*proc (1 test)
[2023-11-20T14:52:17.796Z]     interactive    = 192.54 sec*proc (19 tests)
[2023-11-20T14:52:17.796Z]     mayaHydra      = 192.54 sec*proc (19 tests)
[2023-11-20T14:52:17.796Z]     
[2023-11-20T14:52:17.796Z]     Total Test time (real) =  19.82 sec
[2023-11-20T14:52:17.796Z]     
[2023-11-20T14:52:17.796Z]     The following tests did not run:
[2023-11-20T14:52:17.796Z]     	  1 - _Interactive_Maya (Disabled)
[2023-11-20T14:52:17.796Z]     
[2023-11-20T14:52:17.796Z]         Building with settings:
[2023-11-20T14:52:17.796Z]           Source directory          /home/S/jenkins/workspace/ECP/ecg-maya-hydra/ecg-maya-hydra-branch-preflight-python3-linux/ecg-maya-hydra/maya-hydra
[2023-11-20T14:52:17.796Z]           Workspace directory       /local/S/jenkins/workspace/ECP/ecg-maya-hydra/ecg-maya-hydra-branch-preflight-python3-linux
[2023-11-20T14:52:17.796Z]           Build directory           /local/S/jenkins/workspace/ECP/ecg-maya-hydra/ecg-maya-hydra-branch-preflight-python3-linux/build/RelWithDebInfo
[2023-11-20T14:52:17.796Z]           Install directory         /local/S/jenkins/workspace/ECP/ecg-maya-hydra/ecg-maya-hydra-branch-preflight-python3-linux/install/RelWithDebInfo/MayaHydra
[2023-11-20T14:52:17.796Z]           Variant                   RelWithDebInfo
[2023-11-20T14:52:17.796Z]           Python Debug              Off
[2023-11-20T14:52:17.796Z]           CMake generator           Ninja
[2023-11-20T14:52:17.796Z]           Build arguments           ['-DCMAKE_MAKE_PROGRAM=/local/S/jenkins/workspace/shared/Artifactory/Linux/ninja/1.10.2/9ab399b/ninja', '-DPYTHON_INCLUDE_DIR=/local/S/jenkins/workspace/shared/Artifactory/Linux/rundev-master/202311130812/runtime/48b8229/runTime/include/Python311/Python', '-DPython_EXECUTABLE=/local/S/jenkins/workspace/shared/Artifactory/Linux/rundev-master/202311130812/runtime/48b8229/runTime/bin/mayapy', '-DPYTHON_LIBRARIES=/local/S/jenkins/workspace/shared/Artifactory/Linux/rundev-master/202311130812/runtime/48b8229/runTime/lib/libpython3.11.so.1.0', '-DBUILD_WITH_PYTHON_3_VERSION=3.11', '-DCMAKE_WANT_MATERIALX_BUILD=ON', '-DCMAKE_PREFIX_PATH=/local/S/jenkins/workspace/shared/Artifactory/Linux/USD/1a43c47', '-DMAYAHYDRA_BUILD_NUMBER=410', '-DMAYAHYDRA_GIT_COMMIT=92cbd0d76b7ed18e4dc68a344103f1b9271b880a', '-DMAYAHYDRA_GIT_BRANCH=master']
[2023-11-20T14:52:17.796Z]           Stages arguments          ['test']
[2023-11-20T14:52:17.796Z]           CTest arguments           ['--parallel 16']
[2023-11-20T14:52:17.796Z]     Success running MayaHydra tests !!!!
[Pipeline] }
[Pipeline] // withEnv
[Pipeline] }
[Pipeline] // timeout
[Pipeline] }
[Pipeline] // stage
[Pipeline] }
[Pipeline] // timestamps
[Pipeline] timestamps
[Pipeline] {
[Pipeline] stage
[Pipeline] { (Cleanup)
[Pipeline] timeout
[2023-11-20T14:52:18.140Z] Timeout set to expire in 6 hr 0 min
[Pipeline] {
[Pipeline] withEnv
[Pipeline] {
[Pipeline] sh
[2023-11-20T14:52:19.239Z] + scl enable gcc-toolset-11 -
[2023-11-20T14:52:19.239Z] + '[' enable = load -o enable = unload ']'
[2023-11-20T14:52:19.239Z] + /usr/bin/scl enable gcc-toolset-11 -
[2023-11-20T14:52:19.239Z] python ecg-maya-hydra/build.py --stages=cleanup --workspace-dir=/local/S/jenkins/workspace/ECP/ecg-maya-hydra/ecg-maya-hydra-branch-preflight-python3-linux --artifactory-dir=/local/S/jenkins/workspace/shared/Artifactory --build-dir=/local/S/jenkins/workspace/ECP/ecg-maya-hydra/ecg-maya-hydra-branch-preflight-python3-linux/build --install-dir=/local/S/jenkins/workspace/ECP/ecg-maya-hydra/ecg-maya-hydra-branch-preflight-python3-linux/install --signing-dir=/local/S/jenkins/workspace/ECP/ecg-maya-hydra/ecg-maya-hydra-branch-preflight-python3-linux/signing --package-dir=/local/S/jenkins/workspace/ECP/ecg-maya-hydra/ecg-maya-hydra-branch-preflight-python3-linux/package --output-dir=/local/S/jenkins/workspace/ECP/ecg-maya-hydra/ecg-maya-hydra-branch-preflight-python3-linux/output --stash-dir=/local/S/jenkins/workspace/ECP/ecg-maya-hydra/ecg-maya-hydra-branch-preflight-python3-linux/stash --jenkins-build=410 --git-commit=92cbd0d76b7ed18e4dc68a344103f1b9271b880a --git-branch=master --variants=Debug --interactive-tests=true --post-zips=false --osx-binary-architecture-target=ub2 --osx-deployment-target=11.0 --osx-base-sdk=CurrentActiveSDK --maya-cut-config=maya-rundev-master-debug.yaml --maya-package=rundev-master-debug --stage-banner
[2023-11-20T14:52:19.239Z] Using Maya cut from /local/S/jenkins/workspace/shared/Artifactory/Linux/rundev-master-debug/202311130621/runtime/fb61367
[2023-11-20T14:52:19.239Z] 
[2023-11-20T14:52:19.239Z] ================================================================================
[2023-11-20T14:52:19.239Z]                                cleanup (Finalize)
[2023-11-20T14:52:19.239Z] ================================================================================
[2023-11-20T14:52:19.239Z] Cleaning up workspace
[2023-11-20T14:52:19.239Z] Removing directory: /local/S/jenkins/workspace/ECP/ecg-maya-hydra/ecg-maya-hydra-branch-preflight-python3-linux/build
[2023-11-20T14:52:20.357Z] Removing directory: /local/S/jenkins/workspace/ECP/ecg-maya-hydra/ecg-maya-hydra-branch-preflight-python3-linux/install
[Pipeline] sh
[2023-11-20T14:52:21.642Z] + scl enable gcc-toolset-11 -
[2023-11-20T14:52:21.642Z] + '[' enable = load -o enable = unload ']'
[2023-11-20T14:52:21.642Z] + /usr/bin/scl enable gcc-toolset-11 -
[2023-11-20T14:52:21.642Z] python ecg-maya-hydra/build.py --stages=cleanup --workspace-dir=/local/S/jenkins/workspace/ECP/ecg-maya-hydra/ecg-maya-hydra-branch-preflight-python3-linux --artifactory-dir=/local/S/jenkins/workspace/shared/Artifactory --build-dir=/local/S/jenkins/workspace/ECP/ecg-maya-hydra/ecg-maya-hydra-branch-preflight-python3-linux/build --install-dir=/local/S/jenkins/workspace/ECP/ecg-maya-hydra/ecg-maya-hydra-branch-preflight-python3-linux/install --signing-dir=/local/S/jenkins/workspace/ECP/ecg-maya-hydra/ecg-maya-hydra-branch-preflight-python3-linux/signing --package-dir=/local/S/jenkins/workspace/ECP/ecg-maya-hydra/ecg-maya-hydra-branch-preflight-python3-linux/package --output-dir=/local/S/jenkins/workspace/ECP/ecg-maya-hydra/ecg-maya-hydra-branch-preflight-python3-linux/output --stash-dir=/local/S/jenkins/workspace/ECP/ecg-maya-hydra/ecg-maya-hydra-branch-preflight-python3-linux/stash --jenkins-build=410 --git-commit=92cbd0d76b7ed18e4dc68a344103f1b9271b880a --git-branch=master --variants=RelWithDebInfo --interactive-tests=true --post-zips=false --osx-binary-architecture-target=ub2 --osx-deployment-target=11.0 --osx-base-sdk=CurrentActiveSDK --maya-cut-config=maya-rundev-master.yaml --maya-package=rundev-master --stage-banner
[2023-11-20T14:52:21.642Z] Using Maya cut from /local/S/jenkins/workspace/shared/Artifactory/Linux/rundev-master/202311130812/runtime/48b8229
[2023-11-20T14:52:21.642Z] 
[2023-11-20T14:52:21.642Z] ================================================================================
[2023-11-20T14:52:21.642Z]                                cleanup (Finalize)
[2023-11-20T14:52:21.642Z] ================================================================================
[2023-11-20T14:52:21.642Z] Cleaning up workspace
[Pipeline] }
[Pipeline] // withEnv
[Pipeline] }
[Pipeline] // timeout
[Pipeline] }
[Pipeline] // stage
[Pipeline] }
[Pipeline] // timestamps
[Pipeline] }
[Pipeline] // node
[Pipeline] End of Pipeline
[Checks API] No suitable checks publisher found.
Finished: SUCCESS
