[2023-11-20T14:49:51.971Z] ================================================================================
[2023-11-20T14:49:51.971Z]                                  setup (Debug)
[2023-11-20T14:49:51.971Z] ================================================================================
[Pipeline] bat
[2023-11-20T14:49:52.611Z] Deleting alias drive W:
[Pipeline] bat
[2023-11-20T14:49:53.182Z] Deleting alias drive P:
[Pipeline] bat
[2023-11-20T14:49:53.776Z] Creating alias drive P: to S:\jenkins\workspace
[Pipeline] bat
[2023-11-20T14:49:54.364Z] Creating alias drive W: to S:\Jenkins\workspace\ECP\ecg-maya-hydra\ecg-maya-hydra-branch-preflight-python3-windows
[Pipeline] bat
[2023-11-20T14:49:55.084Z] "C:\Program Files\Microsoft Visual Studio\2022\Professional\VC\Auxiliary\Build\vcvarsall.bat" x64
[2023-11-20T14:49:55.084Z] **********************************************************************
[2023-11-20T14:49:55.084Z] ** Visual Studio 2022 Developer Command Prompt v17.3.2
[2023-11-20T14:49:55.084Z] ** Copyright (c) 2022 Microsoft Corporation
[2023-11-20T14:49:55.084Z] **********************************************************************
[2023-11-20T14:49:56.752Z] [vcvarsall.bat] Environment initialized for: 'x64'
[2023-11-20T14:49:56.752Z] python ecg-maya-hydra/build.py --stages=setup --workspace-dir=W:\ --artifactory-dir=P:\shared\Artifactory --build-dir=W:\build --install-dir=W:\install --signing-dir=W:\signing --package-dir=W:\package --output-dir=W:\output --stash-dir=W:\stash --jenkins-build=410 --git-commit=92cbd0d76b7ed18e4dc68a344103f1b9271b880a --git-branch=master --variants=RelWithDebInfo --interactive-tests=true --post-zips=false --osx-binary-architecture-target=ub2 --osx-deployment-target=11.0 --osx-base-sdk=CurrentActiveSDK --extra-license-file=ecg-maya-hydra/jenkins-o03-cot/melicense.lic --prune-versions=3 --prune-revisions=3 --maya-cut-config=maya-rundev-master.yaml --maya-package=rundev-master --stage-banner --prune-artifacts --force-pruning
[2023-11-20T14:49:57.462Z] Getting rundev-master download URL from Maya SHA-1 hash
[2023-11-20T14:49:57.462Z] Finding Artifactory servers response times
[2023-11-20T14:50:00.426Z] [VERBOSE] Start loading URL (CURL): https://art-bobcat.autodesk.com/artifactory/api/system/ping
[2023-11-20T14:50:00.426Z] [DEBUG] Running: C:\WINDOWS\system32\curl.exe -s -X GET --keepalive-time 10 --connect-timeout 60 --speed-limit 10000 --speed-time 120 --max-time 1800 --retry 5 --retry-max-time 2400 -H Connection:close https://art-bobcat.autodesk.com/artifactory/api/system/ping
[2023-11-20T14:50:00.426Z] [DEBUG] Output:
[2023-11-20T14:50:00.426Z] OK
[2023-11-20T14:50:00.426Z] [VERBOSE] End loading URL (CURL): https://art-bobcat.autodesk.com/artifactory/api/system/ping
[2023-11-20T14:50:00.426Z] [VERBOSE] Start loading URL (CURL): https://art-marmotte.autodesk.com/artifactory/api/system/ping
[2023-11-20T14:50:00.426Z] [DEBUG] Running: C:\WINDOWS\system32\curl.exe -s -X GET --keepalive-time 10 --connect-timeout 60 --speed-limit 10000 --speed-time 120 --max-time 1800 --retry 5 --retry-max-time 2400 -H Connection:close https://art-marmotte.autodesk.com/artifactory/api/system/ping
[2023-11-20T14:50:00.426Z] [DEBUG] Output:
[2023-11-20T14:50:00.426Z] OK
[2023-11-20T14:50:00.426Z] [VERBOSE] End loading URL (CURL): https://art-marmotte.autodesk.com/artifactory/api/system/ping
[2023-11-20T14:50:00.426Z] [VERBOSE] Start loading URL (CURL): https://art-bear.autodesk.com/artifactory/api/system/ping
[2023-11-20T14:50:00.426Z] [DEBUG] Running: C:\WINDOWS\system32\curl.exe -s -X GET --keepalive-time 10 --connect-timeout 60 --speed-limit 10000 --speed-time 120 --max-time 1800 --retry 5 --retry-max-time 2400 -H Connection:close https://art-bear.autodesk.com/artifactory/api/system/ping
[2023-11-20T14:50:00.426Z] [DEBUG] Output:
[2023-11-20T14:50:00.426Z] OK
[2023-11-20T14:50:00.426Z] [VERBOSE] End loading URL (CURL): https://art-bear.autodesk.com/artifactory/api/system/ping
[2023-11-20T14:50:00.426Z] [VERBOSE] Start loading URL (CURL): https://art-bobcat.autodesk.com/artifactory/api/search/checksum?repos=autodesk-3p-generic,adsk-build-tools-generic,team-ecg-generic,team-maya-generic,oss-stg-generic&sha1=4053eca543a6131eab0d0df7f39bc356470f54a9
[2023-11-20T14:50:00.426Z] [DEBUG] Running: C:\WINDOWS\system32\curl.exe -s -X GET --keepalive-time 10 --connect-timeout 60 --speed-limit 10000 --speed-time 120 --max-time 1800 --retry 5 --retry-max-time 2400 -H Connection:close -H Authorization:Basic ZWNnYmlmcm9zdDpvcGUqKjAw https://art-bobcat.autodesk.com/artifactory/api/search/checksum?repos=autodesk-3p-generic,adsk-build-tools-generic,team-ecg-generic,team-maya-generic,oss-stg-generic&sha1=4053eca543a6131eab0d0df7f39bc356470f54a9
[2023-11-20T14:50:00.426Z] [DEBUG] Output:
[2023-11-20T14:50:00.426Z] {
[2023-11-20T14:50:00.426Z]   "results" : [ {
[2023-11-20T14:50:00.426Z]     "uri" : "https://art-bobcat.autodesk.com:443/artifactory/api/storage/team-maya-generic/Maya/master/px64/2023-11-13-08-12_72bdc70acd/202311130812-72bdc70acd-RUNDEV.zip"
[2023-11-20T14:50:00.426Z]   } ]
[2023-11-20T14:50:00.426Z] }
[2023-11-20T14:50:00.426Z] [VERBOSE] End loading URL (CURL): https://art-bobcat.autodesk.com/artifactory/api/search/checksum?repos=autodesk-3p-generic,adsk-build-tools-generic,team-ecg-generic,team-maya-generic,oss-stg-generic&sha1=4053eca543a6131eab0d0df7f39bc356470f54a9
[2023-11-20T14:50:00.426Z] [VERBOSE] Start loading URL (CURL): https://art-bobcat.autodesk.com:443/artifactory/api/storage/team-maya-generic/Maya/master/px64/2023-11-13-08-12_72bdc70acd/202311130812-72bdc70acd-RUNDEV.zip
[2023-11-20T14:50:00.426Z] [DEBUG] Running: C:\WINDOWS\system32\curl.exe -s -X GET --keepalive-time 10 --connect-timeout 60 --speed-limit 10000 --speed-time 120 --max-time 1800 --retry 5 --retry-max-time 2400 -H Connection:close -H Authorization:Basic ZWNnYmlmcm9zdDpvcGUqKjAw https://art-bobcat.autodesk.com:443/artifactory/api/storage/team-maya-generic/Maya/master/px64/2023-11-13-08-12_72bdc70acd/202311130812-72bdc70acd-RUNDEV.zip
[2023-11-20T14:50:00.426Z] [DEBUG] Output:
[2023-11-20T14:50:00.426Z] {
[2023-11-20T14:50:00.426Z]   "repo" : "team-maya-generic",
[2023-11-20T14:50:00.426Z]   "path" : "/Maya/master/px64/2023-11-13-08-12_72bdc70acd/202311130812-72bdc70acd-RUNDEV.zip",
[2023-11-20T14:50:00.426Z]   "created" : "2023-11-13T10:24:13.831-08:00",
[2023-11-20T14:50:00.426Z]   "createdBy" : "svc_p_mescm",
[2023-11-20T14:50:00.426Z]   "lastModified" : "2023-11-13T10:18:59.346-08:00",
[2023-11-20T14:50:00.426Z]   "modifiedBy" : "svc_p_mescm",
[2023-11-20T14:50:00.426Z]   "lastUpdated" : "2023-11-13T10:24:13.832-08:00",
[2023-11-20T14:50:00.426Z]   "downloadUri" : "https://art-bobcat.autodesk.com:443/artifactory/team-maya-generic/Maya/master/px64/2023-11-13-08-12_72bdc70acd/202311130812-72bdc70acd-RUNDEV.zip",
[2023-11-20T14:50:00.426Z]   "mimeType" : "application/zip",
[2023-11-20T14:50:00.426Z]   "size" : "2602753510",
[2023-11-20T14:50:00.426Z]   "checksums" : {
[2023-11-20T14:50:00.426Z]     "sha1" : "4053eca543a6131eab0d0df7f39bc356470f54a9",
[2023-11-20T14:50:00.426Z]     "md5" : "3fc9058fce9dacaabeb55329617dfad6",
[2023-11-20T14:50:00.426Z]     "sha256" : "196e267b78fc31539292b915f61013915c794194edab70739f857ffbc269bdec"
[2023-11-20T14:50:00.426Z]   },
[2023-11-20T14:50:00.426Z]   "originalChecksums" : {
[2023-11-20T14:50:00.426Z]     "sha1" : "4053eca543a6131eab0d0df7f39bc356470f54a9",
[2023-11-20T14:50:00.426Z]     "md5" : "3fc9058fce9dacaabeb55329617dfad6",
[2023-11-20T14:50:00.426Z]     "sha256" : "196e267b78fc31539292b915f61013915c794194edab70739f857ffbc269bdec"
[2023-11-20T14:50:00.426Z]   },
[2023-11-20T14:50:00.426Z]   "uri" : "https://art-bobcat.autodesk.com:443/artifactory/api/storage/team-maya-generic/Maya/master/px64/2023-11-13-08-12_72bdc70acd/202311130812-72bdc70acd-RUNDEV.zip"
[2023-11-20T14:50:00.426Z] }
[2023-11-20T14:50:00.426Z] [VERBOSE] End loading URL (CURL): https://art-bobcat.autodesk.com:443/artifactory/api/storage/team-maya-generic/Maya/master/px64/2023-11-13-08-12_72bdc70acd/202311130812-72bdc70acd-RUNDEV.zip
[2023-11-20T14:50:00.426Z] Using Maya cut from P:\shared\Artifactory\Windows\rundev-master\202311130812\runtime\4053eca
[2023-11-20T14:50:00.426Z] Using Maya ADSK Signatures from P:\shared\Artifactory\Windows\adsk-plugin-signatures-maya\2023\3ae1ae7
[2023-11-20T14:50:00.426Z] Using Maya Security Library from P:\shared\Artifactory\Windows\maya-security-library\3.4.0\284407f
[2023-11-20T14:50:00.426Z] 
[2023-11-20T14:50:00.426Z] ================================================================================
[2023-11-20T14:50:00.426Z]                              setup (RelWithDebInfo)
[2023-11-20T14:50:00.426Z] ================================================================================
[Pipeline] bat
[2023-11-20T14:50:00.998Z] Deleting alias drive W:
[Pipeline] bat
[2023-11-20T14:50:01.571Z] Deleting alias drive P:
[Pipeline] }
[Pipeline] // withEnv
[Pipeline] }
[Pipeline] // timeout
[Pipeline] }
[Pipeline] // stage
[Pipeline] }
[Pipeline] // timestamps
[Pipeline] timestamps
[Pipeline] {
[Pipeline] stage
[Pipeline] { (Clean)
[Pipeline] timeout
[2023-11-20T14:50:01.760Z] Timeout set to expire in 6 hr 0 min
[Pipeline] {
[Pipeline] withEnv
[Pipeline] {
[Pipeline] bat
[2023-11-20T14:50:02.317Z] Creating alias drive P: to S:\jenkins\workspace
[Pipeline] bat
[2023-11-20T14:50:02.896Z] Creating alias drive W: to S:\Jenkins\workspace\ECP\ecg-maya-hydra\ecg-maya-hydra-branch-preflight-python3-windows
[Pipeline] bat
[2023-11-20T14:50:03.605Z] "C:\Program Files\Microsoft Visual Studio\2022\Professional\VC\Auxiliary\Build\vcvarsall.bat" x64
[2023-11-20T14:50:03.936Z] **********************************************************************
[2023-11-20T14:50:03.936Z] ** Visual Studio 2022 Developer Command Prompt v17.3.2
[2023-11-20T14:50:03.936Z] ** Copyright (c) 2022 Microsoft Corporation
[2023-11-20T14:50:03.936Z] **********************************************************************
[2023-11-20T14:50:05.087Z] [vcvarsall.bat] Environment initialized for: 'x64'
[2023-11-20T14:50:05.087Z] python ecg-maya-hydra/build.py --stages=clean --workspace-dir=W:\ --artifactory-dir=P:\shared\Artifactory --build-dir=W:\build --install-dir=W:\install --signing-dir=W:\signing --package-dir=W:\package --output-dir=W:\output --stash-dir=W:\stash --jenkins-build=410 --git-commit=92cbd0d76b7ed18e4dc68a344103f1b9271b880a --git-branch=master --variants=Debug --interactive-tests=true --post-zips=false --osx-binary-architecture-target=ub2 --osx-deployment-target=11.0 --osx-base-sdk=CurrentActiveSDK --maya-cut-config=maya-rundev-master-debug.yaml --maya-package=rundev-master-debug --stage-banner
[2023-11-20T14:50:06.238Z] Using Maya cut from P:\shared\Artifactory\Windows\rundev-master-debug\202311130621\runtime\229465b
[2023-11-20T14:50:06.238Z] Using Maya ADSK Signatures from P:\shared\Artifactory\Windows\adsk-plugin-signatures-maya\2023\3ae1ae7
[2023-11-20T14:50:06.238Z] Using Maya Security Library from P:\shared\Artifactory\Windows\maya-security-library\3.4.0\284407f
[2023-11-20T14:50:06.238Z] 
[2023-11-20T14:50:06.238Z] ================================================================================
[2023-11-20T14:50:06.238Z]                                  clean (Debug)
[2023-11-20T14:50:06.238Z] ================================================================================
[2023-11-20T14:50:06.238Z] Maya Python Debug Info:
[2023-11-20T14:50:06.238Z]   mayapy executable   = P:\shared\Artifactory\Windows\rundev-master-debug\202311130621\runtime\229465b\runTime\bin\mayapy.exe
[2023-11-20T14:50:06.238Z]   Include Folder      = P:\shared\Artifactory\Windows\rundev-master-debug\202311130621\runtime\229465b\runTime\include\Python311\Python
[2023-11-20T14:50:06.238Z]   Library             = P:\shared\Artifactory\Windows\rundev-master-debug\202311130621\runtime\229465b\runTime\lib\python311_d.lib
[2023-11-20T14:50:06.238Z]   site-package Folder = P:\shared\Artifactory\Windows\rundev-master-debug\202311130621\runtime\229465b\runTime\Python\Lib\site-packages
[2023-11-20T14:50:09.203Z] 
[2023-11-20T14:50:09.203Z]             WARNING: The 'psutil' python package isn't installed. Thus, Peptide
[2023-11-20T14:50:09.203Z]             won't be able to determine the amount of RAM available. It will assume
[2023-11-20T14:50:09.203Z]             that your machine has only 16GB available, and will limit the number
[2023-11-20T14:50:09.203Z]             the number of link jobs being performed in parallel. This can
[2023-11-20T14:50:09.203Z]             negatively affect your build times.
[2023-11-20T14:50:09.203Z] 
[2023-11-20T14:50:09.203Z]             Please 'pip(3) install psutil' to resolve this.
[2023-11-20T14:50:09.203Z]             
[2023-11-20T14:50:09.203Z] In workdir: S:\Jenkins\workspace\ECP\ecg-maya-hydra\ecg-maya-hydra-branch-preflight-python3-windows\ecg-maya-hydra\maya-hydra
[2023-11-20T14:50:09.203Z] Executing: 'P:\\shared\\Artifactory\\Windows\\rundev-master-debug\\202311130621\\runtime\\229465b\\runTime\\bin\\mayapy.exe' 'S:\\Jenkins\\workspace\\ECP\\ecg-maya-hydra\\ecg-maya-hydra-branch-preflight-python3-windows\\ecg-maya-hydra\\maya-hydra\\build.py' --generator Ninja --build-debug --maya-location 'P:\\shared\\Artifactory\\Windows\\rundev-master-debug\\202311130621\\runtime\\229465b\\runTime' --devkit-location 'P:\\shared\\Artifactory\\Windows\\rundev-master-debug\\202311130621\\runtime\\229465b\\devkitBase' --pxrusd-location 'P:\\shared\\Artifactory\\Windows\\USD\\01f407c' '--build-args=-DCMAKE_MAKE_PROGRAM=P:/shared/Artifactory/Windows/ninja/1.10.2/ccacdf8/ninja.exe,-DPYTHON_INCLUDE_DIR=P:/shared/Artifactory/Windows/rundev-master-debug/202311130621/runtime/229465b/runTime/include/Python311/Python,-DPython_EXECUTABLE=P:/shared/Artifactory/Windows/rundev-master-debug/202311130621/runtime/229465b/runTime/bin/mayapy.exe,-DPYTHON_LIBRARIES=P:/shared/Artifactory/Windows/rundev-master-debug/202311130621/runtime/229465b/runTime/lib/python311_d.lib,-DBUILD_WITH_PYTHON_3_VERSION=3.11,-DCMAKE_WANT_MATERIALX_BUILD=ON,-DCMAKE_PREFIX_PATH=P:\\shared\\Artifactory\\Windows\\USD\\01f407c,-DMAYAHYDRA_BUILD_NUMBER=410,-DMAYAHYDRA_GIT_COMMIT=92cbd0d76b7ed18e4dc68a344103f1b9271b880a,-DMAYAHYDRA_GIT_BRANCH=master' --debug-python '--ctest-args=--parallel 16' --stages=clean --redirect-outstream-file=False --install-location 'W:\\install\\Debug\\MayaHydra' 'W:\\'
[2023-11-20T14:50:09.203Z] Modified environment variables:
[2023-11-20T14:50:09.203Z]     PATH=P:\shared\Artifactory\Windows\cmake\3.20.3\afe857a\bin;C:\Python27\lib\site-packages\pywin32_system32;C:\Program Files\Microsoft Visual Studio\2022\Professional\VC\Tools\MSVC\14.33.31629\bin\HostX64\x64;C:\Program Files\Microsoft Visual Studio\2022\Professional\Common7\IDE\VC\VCPackages;C:\Program Files\Microsoft Visual Studio\2022\Professional\Common7\IDE\CommonExtensions\Microsoft\TestWindow;C:\Program Files\Microsoft Visual Studio\2022\Professional\Common7\IDE\CommonExtensions\Microsoft\TeamFoundation\Team Explorer;C:\Program Files\Microsoft Visual Studio\2022\Professional\MSBuild\Current\bin\Roslyn;C:\Program Files\Microsoft Visual Studio\2022\Professional\Team Tools\Performance Tools\x64;C:\Program Files\Microsoft Visual Studio\2022\Professional\Team Tools\Performance Tools;C:\Program Files (x86)\Microsoft Visual Studio\Shared\Common\VSPerfCollectionTools\vs2019\\x64;C:\Program Files (x86)\Microsoft Visual Studio\Shared\Common\VSPerfCollectionTools\vs2019\;C:\Program Files (x86)\Microsoft SDKs\Windows\v10.0A\bin\NETFX 4.8 Tools\x64\;C:\Program Files (x86)\HTML Help Workshop;C:\Program Files\Microsoft Visual Studio\2022\Professional\Common7\IDE\CommonExtensions\Microsoft\FSharp\Tools;C:\Program Files (x86)\Windows Kits\10\bin\10.0.19041.0\\x64;C:\Program Files (x86)\Windows Kits\10\bin\\x64;C:\Program Files\Microsoft Visual Studio\2022\Professional\\MSBuild\Current\Bin\amd64;C:\WINDOWS\Microsoft.NET\Framework64\v4.0.30319;C:\Program Files\Microsoft Visual Studio\2022\Professional\Common7\IDE\;C:\Program Files\Microsoft Visual Studio\2022\Professional\Common7\Tools\;C:\Python27\;C:\Python27\Scripts;C:\WINDOWS\system32;C:\WINDOWS;C:\WINDOWS\System32\Wbem;C:\WINDOWS\System32\WindowsPowerShell\v1.0\;C:\WINDOWS\System32\OpenSSH\;C:\ProgramData\chocolatey\bin;C:\Program Files (x86)\WiX Toolset v3.7\bin;C:\Program Files\dotnet\;C:\Program Files\Zulu\zulu-11\bin\;C:\Program Files (x86)\Windows Kits\10\bin\10.0.19041.0\x64;C:\Program Files (x86)\Windows Kits\10\bin\10.0.18362.0\x64;C:\Program Files (x86)\Windows Kits\10\bin\10.0.17763.0\x64;C:\Program Files (x86)\Windows Kits\10\bin\x64;C:\Strawberry\c\bin;C:\Strawberry\perl\site\bin;C:\Strawberry\perl\bin;C:\Program Files\Git\cmd;C:\Program Files\Git\usr\bin;C:\Program Files\Git\mingw64\bin;C:\Program Files\Git\bin;C:\Python38\;C:\Python38\Scripts;C:\StoreBoxClientWindows;C:\Program Files\Electric Cloud\ElectricCommander\bin;C:\Program Files\WinRAR;C:\Program Files\7-Zip;C:\Users\Administrator\AppData\Local\Microsoft\WindowsApps;C:\Users\Administrator\.dotnet\tools;C:\Program Files\Microsoft Visual Studio\2022\Professional\Common7\IDE\CommonExtensions\Microsoft\CMake\CMake\bin;C:\Program Files\Microsoft Visual Studio\2022\Professional\Common7\IDE\CommonExtensions\Microsoft\CMake\Ninja;C:\Program Files\Microsoft Visual Studio\2022\Professional\Common7\IDE\VC\Linux\bin\ConnectionManagerExe
[2023-11-20T14:50:10.354Z]     
[2023-11-20T14:50:10.354Z]         Building with settings:
[2023-11-20T14:50:10.354Z]           Source directory          S:\Jenkins\workspace\ECP\ecg-maya-hydra\ecg-maya-hydra-branch-preflight-python3-windows\ecg-maya-hydra\maya-hydra
[2023-11-20T14:50:10.354Z]           Workspace directory       W:\
[2023-11-20T14:50:10.354Z]           Build directory           W:\build\Debug
[2023-11-20T14:50:10.354Z]           Install directory         W:\install\Debug\MayaHydra
[2023-11-20T14:50:10.354Z]           Variant                   Debug
[2023-11-20T14:50:10.354Z]           Python Debug              On
[2023-11-20T14:50:10.354Z]           CMake generator           Ninja
[2023-11-20T14:50:10.354Z]           Build arguments           ['-DCMAKE_MAKE_PROGRAM=P:/shared/Artifactory/Windows/ninja/1.10.2/ccacdf8/ninja.exe', '-DPYTHON_INCLUDE_DIR=P:/shared/Artifactory/Windows/rundev-master-debug/202311130621/runtime/229465b/runTime/include/Python311/Python', '-DPython_EXECUTABLE=P:/shared/Artifactory/Windows/rundev-master-debug/202311130621/runtime/229465b/runTime/bin/mayapy.exe', '-DPYTHON_LIBRARIES=P:/shared/Artifactory/Windows/rundev-master-debug/202311130621/runtime/229465b/runTime/lib/python311_d.lib', '-DBUILD_WITH_PYTHON_3_VERSION=3.11', '-DCMAKE_WANT_MATERIALX_BUILD=ON', '-DCMAKE_PREFIX_PATH=P:\\shared\\Artifactory\\Windows\\USD\\01f407c', '-DMAYAHYDRA_BUILD_NUMBER=410', '-DMAYAHYDRA_GIT_COMMIT=92cbd0d76b7ed18e4dc68a344103f1b9271b880a', '-DMAYAHYDRA_GIT_BRANCH=master']
[2023-11-20T14:50:10.354Z]           Stages arguments          ['clean']
[2023-11-20T14:50:10.354Z]           CTest arguments           ['--parallel 16']
[2023-11-20T14:50:10.354Z]     Success MayaHydra build and install !!!!
[2023-11-20T14:50:10.354Z]     Elapsed time: 00:00:00
[Pipeline] bat
[2023-11-20T14:50:10.925Z] Deleting alias drive W:
[Pipeline] bat
[2023-11-20T14:50:11.500Z] Deleting alias drive P:
[Pipeline] bat
[2023-11-20T14:50:12.095Z] Creating alias drive P: to S:\jenkins\workspace
[Pipeline] bat
[2023-11-20T14:50:12.677Z] Creating alias drive W: to S:\Jenkins\workspace\ECP\ecg-maya-hydra\ecg-maya-hydra-branch-preflight-python3-windows
[Pipeline] bat
[2023-11-20T14:50:13.390Z] "C:\Program Files\Microsoft Visual Studio\2022\Professional\VC\Auxiliary\Build\vcvarsall.bat" x64
[2023-11-20T14:50:13.721Z] **********************************************************************
[2023-11-20T14:50:13.721Z] ** Visual Studio 2022 Developer Command Prompt v17.3.2
[2023-11-20T14:50:13.721Z] ** Copyright (c) 2022 Microsoft Corporation
[2023-11-20T14:50:13.721Z] **********************************************************************
[2023-11-20T14:50:14.872Z] [vcvarsall.bat] Environment initialized for: 'x64'
[2023-11-20T14:50:14.872Z] python ecg-maya-hydra/build.py --stages=clean --workspace-dir=W:\ --artifactory-dir=P:\shared\Artifactory --build-dir=W:\build --install-dir=W:\install --signing-dir=W:\signing --package-dir=W:\package --output-dir=W:\output --stash-dir=W:\stash --jenkins-build=410 --git-commit=92cbd0d76b7ed18e4dc68a344103f1b9271b880a --git-branch=master --variants=RelWithDebInfo --interactive-tests=true --post-zips=false --osx-binary-architecture-target=ub2 --osx-deployment-target=11.0 --osx-base-sdk=CurrentActiveSDK --maya-cut-config=maya-rundev-master.yaml --maya-package=rundev-master --stage-banner
[2023-11-20T14:50:16.024Z] Using Maya cut from P:\shared\Artifactory\Windows\rundev-master\202311130812\runtime\4053eca
[2023-11-20T14:50:16.024Z] Using Maya ADSK Signatures from P:\shared\Artifactory\Windows\adsk-plugin-signatures-maya\2023\3ae1ae7
[2023-11-20T14:50:16.024Z] Using Maya Security Library from P:\shared\Artifactory\Windows\maya-security-library\3.4.0\284407f
[2023-11-20T14:50:16.024Z] 
[2023-11-20T14:50:16.024Z] ================================================================================
[2023-11-20T14:50:16.024Z]                              clean (RelWithDebInfo)
[2023-11-20T14:50:16.024Z] ================================================================================
[2023-11-20T14:50:16.024Z] Maya Python RelWithDebInfo Info:
[2023-11-20T14:50:16.024Z]   mayapy executable   = P:\shared\Artifactory\Windows\rundev-master\202311130812\runtime\4053eca\runTime\bin\mayapy.exe
[2023-11-20T14:50:16.025Z]   Include Folder      = P:\shared\Artifactory\Windows\rundev-master\202311130812\runtime\4053eca\runTime\include\Python311\Python
[2023-11-20T14:50:16.025Z]   Library             = P:\shared\Artifactory\Windows\rundev-master\202311130812\runtime\4053eca\runTime\lib\python311.lib
[2023-11-20T14:50:16.025Z]   site-package Folder = P:\shared\Artifactory\Windows\rundev-master\202311130812\runtime\4053eca\runTime\Python\Lib\site-packages
[2023-11-20T14:50:17.176Z] In workdir: S:\Jenkins\workspace\ECP\ecg-maya-hydra\ecg-maya-hydra-branch-preflight-python3-windows\ecg-maya-hydra\maya-hydra
[2023-11-20T14:50:17.176Z] Executing: 'P:\\shared\\Artifactory\\Windows\\rundev-master\\202311130812\\runtime\\4053eca\\runTime\\bin\\mayapy.exe' 'S:\\Jenkins\\workspace\\ECP\\ecg-maya-hydra\\ecg-maya-hydra-branch-preflight-python3-windows\\ecg-maya-hydra\\maya-hydra\\build.py' --generator Ninja --build-relwithdebug --maya-location 'P:\\shared\\Artifactory\\Windows\\rundev-master\\202311130812\\runtime\\4053eca\\runTime' --devkit-location 'P:\\shared\\Artifactory\\Windows\\rundev-master\\202311130812\\runtime\\4053eca\\devkitBase' --pxrusd-location 'P:\\shared\\Artifactory\\Windows\\USD\\6a9558d' '--build-args=-DCMAKE_MAKE_PROGRAM=P:/shared/Artifactory/Windows/ninja/1.10.2/ccacdf8/ninja.exe,-DPYTHON_INCLUDE_DIR=P:/shared/Artifactory/Windows/rundev-master/202311130812/runtime/4053eca/runTime/include/Python311/Python,-DPython_EXECUTABLE=P:/shared/Artifactory/Windows/rundev-master/202311130812/runtime/4053eca/runTime/bin/mayapy.exe,-DPYTHON_LIBRARIES=P:/shared/Artifactory/Windows/rundev-master/202311130812/runtime/4053eca/runTime/lib/python311.lib,-DBUILD_WITH_PYTHON_3_VERSION=3.11,-DCMAKE_WANT_MATERIALX_BUILD=ON,-DCMAKE_PREFIX_PATH=P:\\shared\\Artifactory\\Windows\\USD\\6a9558d,-DMAYAHYDRA_BUILD_NUMBER=410,-DMAYAHYDRA_GIT_COMMIT=92cbd0d76b7ed18e4dc68a344103f1b9271b880a,-DMAYAHYDRA_GIT_BRANCH=master' '--ctest-args=--parallel 16' --stages=clean --redirect-outstream-file=False --install-location 'W:\\install\\RelWithDebInfo\\MayaHydra' 'W:\\'
[2023-11-20T14:50:17.176Z] Modified environment variables:
[2023-11-20T14:50:17.176Z]     PATH=P:\shared\Artifactory\Windows\cmake\3.20.3\afe857a\bin;C:\Python27\lib\site-packages\pywin32_system32;C:\Program Files\Microsoft Visual Studio\2022\Professional\VC\Tools\MSVC\14.33.31629\bin\HostX64\x64;C:\Program Files\Microsoft Visual Studio\2022\Professional\Common7\IDE\VC\VCPackages;C:\Program Files\Microsoft Visual Studio\2022\Professional\Common7\IDE\CommonExtensions\Microsoft\TestWindow;C:\Program Files\Microsoft Visual Studio\2022\Professional\Common7\IDE\CommonExtensions\Microsoft\TeamFoundation\Team Explorer;C:\Program Files\Microsoft Visual Studio\2022\Professional\MSBuild\Current\bin\Roslyn;C:\Program Files\Microsoft Visual Studio\2022\Professional\Team Tools\Performance Tools\x64;C:\Program Files\Microsoft Visual Studio\2022\Professional\Team Tools\Performance Tools;C:\Program Files (x86)\Microsoft Visual Studio\Shared\Common\VSPerfCollectionTools\vs2019\\x64;C:\Program Files (x86)\Microsoft Visual Studio\Shared\Common\VSPerfCollectionTools\vs2019\;C:\Program Files (x86)\Microsoft SDKs\Windows\v10.0A\bin\NETFX 4.8 Tools\x64\;C:\Program Files (x86)\HTML Help Workshop;C:\Program Files\Microsoft Visual Studio\2022\Professional\Common7\IDE\CommonExtensions\Microsoft\FSharp\Tools;C:\Program Files (x86)\Windows Kits\10\bin\10.0.19041.0\\x64;C:\Program Files (x86)\Windows Kits\10\bin\\x64;C:\Program Files\Microsoft Visual Studio\2022\Professional\\MSBuild\Current\Bin\amd64;C:\WINDOWS\Microsoft.NET\Framework64\v4.0.30319;C:\Program Files\Microsoft Visual Studio\2022\Professional\Common7\IDE\;C:\Program Files\Microsoft Visual Studio\2022\Professional\Common7\Tools\;C:\Python27\;C:\Python27\Scripts;C:\WINDOWS\system32;C:\WINDOWS;C:\WINDOWS\System32\Wbem;C:\WINDOWS\System32\WindowsPowerShell\v1.0\;C:\WINDOWS\System32\OpenSSH\;C:\ProgramData\chocolatey\bin;C:\Program Files (x86)\WiX Toolset v3.7\bin;C:\Program Files\dotnet\;C:\Program Files\Zulu\zulu-11\bin\;C:\Program Files (x86)\Windows Kits\10\bin\10.0.19041.0\x64;C:\Program Files (x86)\Windows Kits\10\bin\10.0.18362.0\x64;C:\Program Files (x86)\Windows Kits\10\bin\10.0.17763.0\x64;C:\Program Files (x86)\Windows Kits\10\bin\x64;C:\Strawberry\c\bin;C:\Strawberry\perl\site\bin;C:\Strawberry\perl\bin;C:\Program Files\Git\cmd;C:\Program Files\Git\usr\bin;C:\Program Files\Git\mingw64\bin;C:\Program Files\Git\bin;C:\Python38\;C:\Python38\Scripts;C:\StoreBoxClientWindows;C:\Program Files\Electric Cloud\ElectricCommander\bin;C:\Program Files\WinRAR;C:\Program Files\7-Zip;C:\Users\Administrator\AppData\Local\Microsoft\WindowsApps;C:\Users\Administrator\.dotnet\tools;C:\Program Files\Microsoft Visual Studio\2022\Professional\Common7\IDE\CommonExtensions\Microsoft\CMake\CMake\bin;C:\Program Files\Microsoft Visual Studio\2022\Professional\Common7\IDE\CommonExtensions\Microsoft\CMake\Ninja;C:\Program Files\Microsoft Visual Studio\2022\Professional\Common7\IDE\VC\Linux\bin\ConnectionManagerExe
[2023-11-20T14:50:17.507Z]     
[2023-11-20T14:50:17.507Z]         Building with settings:
[2023-11-20T14:50:17.507Z]           Source directory          S:\Jenkins\workspace\ECP\ecg-maya-hydra\ecg-maya-hydra-branch-preflight-python3-windows\ecg-maya-hydra\maya-hydra
[2023-11-20T14:50:17.507Z]           Workspace directory       W:\
[2023-11-20T14:50:17.507Z]           Build directory           W:\build\RelWithDebInfo
[2023-11-20T14:50:17.507Z]           Install directory         W:\install\RelWithDebInfo\MayaHydra
[2023-11-20T14:50:17.507Z]           Variant                   RelWithDebInfo
[2023-11-20T14:50:17.507Z]           Python Debug              Off
[2023-11-20T14:50:17.507Z]           CMake generator           Ninja
[2023-11-20T14:50:17.507Z]           Build arguments           ['-DCMAKE_MAKE_PROGRAM=P:/shared/Artifactory/Windows/ninja/1.10.2/ccacdf8/ninja.exe', '-DPYTHON_INCLUDE_DIR=P:/shared/Artifactory/Windows/rundev-master/202311130812/runtime/4053eca/runTime/include/Python311/Python', '-DPython_EXECUTABLE=P:/shared/Artifactory/Windows/rundev-master/202311130812/runtime/4053eca/runTime/bin/mayapy.exe', '-DPYTHON_LIBRARIES=P:/shared/Artifactory/Windows/rundev-master/202311130812/runtime/4053eca/runTime/lib/python311.lib', '-DBUILD_WITH_PYTHON_3_VERSION=3.11', '-DCMAKE_WANT_MATERIALX_BUILD=ON', '-DCMAKE_PREFIX_PATH=P:\\shared\\Artifactory\\Windows\\USD\\6a9558d', '-DMAYAHYDRA_BUILD_NUMBER=410', '-DMAYAHYDRA_GIT_COMMIT=92cbd0d76b7ed18e4dc68a344103f1b9271b880a', '-DMAYAHYDRA_GIT_BRANCH=master']
[2023-11-20T14:50:17.507Z]           Stages arguments          ['clean']
[2023-11-20T14:50:17.507Z]           CTest arguments           ['--parallel 16']
[2023-11-20T14:50:17.507Z]     Success MayaHydra build and install !!!!
[2023-11-20T14:50:17.507Z]     Elapsed time: 00:00:00
[Pipeline] bat
[2023-11-20T14:50:18.079Z] Deleting alias drive W:
[Pipeline] bat
[2023-11-20T14:50:18.651Z] Deleting alias drive P:
[Pipeline] }
[Pipeline] // withEnv
[Pipeline] }
[Pipeline] // timeout
[Pipeline] }
[Pipeline] // stage
[Pipeline] }
[Pipeline] // timestamps
[Pipeline] timestamps
[Pipeline] {
[Pipeline] stage
[Pipeline] { (Configure)
[Pipeline] timeout
[2023-11-20T14:50:18.844Z] Timeout set to expire in 6 hr 0 min
[Pipeline] {
[Pipeline] withEnv
[Pipeline] {
[Pipeline] bat
[2023-11-20T14:50:19.401Z] Creating alias drive P: to S:\jenkins\workspace
[Pipeline] bat
[2023-11-20T14:50:19.985Z] Creating alias drive W: to S:\Jenkins\workspace\ECP\ecg-maya-hydra\ecg-maya-hydra-branch-preflight-python3-windows
[Pipeline] bat
[2023-11-20T14:50:20.867Z] "C:\Program Files\Microsoft Visual Studio\2022\Professional\VC\Auxiliary\Build\vcvarsall.bat" x64
[2023-11-20T14:50:21.198Z] **********************************************************************
[2023-11-20T14:50:21.198Z] ** Visual Studio 2022 Developer Command Prompt v17.3.2
[2023-11-20T14:50:21.198Z] ** Copyright (c) 2022 Microsoft Corporation
[2023-11-20T14:50:21.198Z] **********************************************************************
[2023-11-20T14:50:22.350Z] [vcvarsall.bat] Environment initialized for: 'x64'
[2023-11-20T14:50:22.350Z] python ecg-maya-hydra/build.py --stages=configure --workspace-dir=W:\ --artifactory-dir=P:\shared\Artifactory --build-dir=W:\build --install-dir=W:\install --signing-dir=W:\signing --package-dir=W:\package --output-dir=W:\output --stash-dir=W:\stash --jenkins-build=410 --git-commit=92cbd0d76b7ed18e4dc68a344103f1b9271b880a --git-branch=master --variants=Debug --interactive-tests=true --post-zips=false --osx-binary-architecture-target=ub2 --osx-deployment-target=11.0 --osx-base-sdk=CurrentActiveSDK --maya-cut-config=maya-rundev-master-debug.yaml --maya-package=rundev-master-debug --stage-banner
[2023-11-20T14:50:23.501Z] Using Maya cut from P:\shared\Artifactory\Windows\rundev-master-debug\202311130621\runtime\229465b
[2023-11-20T14:50:23.501Z] Using Maya ADSK Signatures from P:\shared\Artifactory\Windows\adsk-plugin-signatures-maya\2023\3ae1ae7
[2023-11-20T14:50:23.501Z] Using Maya Security Library from P:\shared\Artifactory\Windows\maya-security-library\3.4.0\284407f
[2023-11-20T14:50:23.501Z] 
[2023-11-20T14:50:23.501Z] ================================================================================
[2023-11-20T14:50:23.501Z]                                configure (Debug)
[2023-11-20T14:50:23.501Z] ================================================================================
[2023-11-20T14:50:23.501Z] Maya Python Debug Info:
[2023-11-20T14:50:23.501Z]   mayapy executable   = P:\shared\Artifactory\Windows\rundev-master-debug\202311130621\runtime\229465b\runTime\bin\mayapy.exe
[2023-11-20T14:50:23.501Z]   Include Folder      = P:\shared\Artifactory\Windows\rundev-master-debug\202311130621\runtime\229465b\runTime\include\Python311\Python
[2023-11-20T14:50:23.501Z]   Library             = P:\shared\Artifactory\Windows\rundev-master-debug\202311130621\runtime\229465b\runTime\lib\python311_d.lib
[2023-11-20T14:50:23.501Z]   site-package Folder = P:\shared\Artifactory\Windows\rundev-master-debug\202311130621\runtime\229465b\runTime\Python\Lib\site-packages
[2023-11-20T14:50:25.765Z] 
[2023-11-20T14:50:25.765Z]             WARNING: The 'psutil' python package isn't installed. Thus, Peptide
[2023-11-20T14:50:25.765Z]             won't be able to determine the amount of RAM available. It will assume
[2023-11-20T14:50:25.765Z]             that your machine has only 16GB available, and will limit the number
[2023-11-20T14:50:25.765Z]             the number of link jobs being performed in parallel. This can
[2023-11-20T14:50:25.765Z]             negatively affect your build times.
[2023-11-20T14:50:25.765Z] 
[2023-11-20T14:50:25.765Z]             Please 'pip(3) install psutil' to resolve this.
[2023-11-20T14:50:25.765Z]             
[2023-11-20T14:50:25.765Z] In workdir: S:\Jenkins\workspace\ECP\ecg-maya-hydra\ecg-maya-hydra-branch-preflight-python3-windows\ecg-maya-hydra\maya-hydra
[2023-11-20T14:50:25.765Z] Executing: 'P:\\shared\\Artifactory\\Windows\\rundev-master-debug\\202311130621\\runtime\\229465b\\runTime\\bin\\mayapy.exe' 'S:\\Jenkins\\workspace\\ECP\\ecg-maya-hydra\\ecg-maya-hydra-branch-preflight-python3-windows\\ecg-maya-hydra\\maya-hydra\\build.py' --generator Ninja --build-debug --maya-location 'P:\\shared\\Artifactory\\Windows\\rundev-master-debug\\202311130621\\runtime\\229465b\\runTime' --devkit-location 'P:\\shared\\Artifactory\\Windows\\rundev-master-debug\\202311130621\\runtime\\229465b\\devkitBase' --pxrusd-location 'P:\\shared\\Artifactory\\Windows\\USD\\01f407c' '--build-args=-DCMAKE_MAKE_PROGRAM=P:/shared/Artifactory/Windows/ninja/1.10.2/ccacdf8/ninja.exe,-DPYTHON_INCLUDE_DIR=P:/shared/Artifactory/Windows/rundev-master-debug/202311130621/runtime/229465b/runTime/include/Python311/Python,-DPython_EXECUTABLE=P:/shared/Artifactory/Windows/rundev-master-debug/202311130621/runtime/229465b/runTime/bin/mayapy.exe,-DPYTHON_LIBRARIES=P:/shared/Artifactory/Windows/rundev-master-debug/202311130621/runtime/229465b/runTime/lib/python311_d.lib,-DBUILD_WITH_PYTHON_3_VERSION=3.11,-DCMAKE_WANT_MATERIALX_BUILD=ON,-DCMAKE_PREFIX_PATH=P:\\shared\\Artifactory\\Windows\\USD\\01f407c,-DMAYAHYDRA_BUILD_NUMBER=410,-DMAYAHYDRA_GIT_COMMIT=92cbd0d76b7ed18e4dc68a344103f1b9271b880a,-DMAYAHYDRA_GIT_BRANCH=master' --debug-python '--ctest-args=--parallel 16' --stages=configure --redirect-outstream-file=False --install-location 'W:\\install\\Debug\\MayaHydra' 'W:\\'
[2023-11-20T14:50:25.765Z] Modified environment variables:
[2023-11-20T14:50:25.765Z]     PATH=P:\shared\Artifactory\Windows\cmake\3.20.3\afe857a\bin;C:\Python27\lib\site-packages\pywin32_system32;C:\Program Files\Microsoft Visual Studio\2022\Professional\VC\Tools\MSVC\14.33.31629\bin\HostX64\x64;C:\Program Files\Microsoft Visual Studio\2022\Professional\Common7\IDE\VC\VCPackages;C:\Program Files\Microsoft Visual Studio\2022\Professional\Common7\IDE\CommonExtensions\Microsoft\TestWindow;C:\Program Files\Microsoft Visual Studio\2022\Professional\Common7\IDE\CommonExtensions\Microsoft\TeamFoundation\Team Explorer;C:\Program Files\Microsoft Visual Studio\2022\Professional\MSBuild\Current\bin\Roslyn;C:\Program Files\Microsoft Visual Studio\2022\Professional\Team Tools\Performance Tools\x64;C:\Program Files\Microsoft Visual Studio\2022\Professional\Team Tools\Performance Tools;C:\Program Files (x86)\Microsoft Visual Studio\Shared\Common\VSPerfCollectionTools\vs2019\\x64;C:\Program Files (x86)\Microsoft Visual Studio\Shared\Common\VSPerfCollectionTools\vs2019\;C:\Program Files (x86)\Microsoft SDKs\Windows\v10.0A\bin\NETFX 4.8 Tools\x64\;C:\Program Files (x86)\HTML Help Workshop;C:\Program Files\Microsoft Visual Studio\2022\Professional\Common7\IDE\CommonExtensions\Microsoft\FSharp\Tools;C:\Program Files (x86)\Windows Kits\10\bin\10.0.19041.0\\x64;C:\Program Files (x86)\Windows Kits\10\bin\\x64;C:\Program Files\Microsoft Visual Studio\2022\Professional\\MSBuild\Current\Bin\amd64;C:\WINDOWS\Microsoft.NET\Framework64\v4.0.30319;C:\Program Files\Microsoft Visual Studio\2022\Professional\Common7\IDE\;C:\Program Files\Microsoft Visual Studio\2022\Professional\Common7\Tools\;C:\Python27\;C:\Python27\Scripts;C:\WINDOWS\system32;C:\WINDOWS;C:\WINDOWS\System32\Wbem;C:\WINDOWS\System32\WindowsPowerShell\v1.0\;C:\WINDOWS\System32\OpenSSH\;C:\ProgramData\chocolatey\bin;C:\Program Files (x86)\WiX Toolset v3.7\bin;C:\Program Files\dotnet\;C:\Program Files\Zulu\zulu-11\bin\;C:\Program Files (x86)\Windows Kits\10\bin\10.0.19041.0\x64;C:\Program Files (x86)\Windows Kits\10\bin\10.0.18362.0\x64;C:\Program Files (x86)\Windows Kits\10\bin\10.0.17763.0\x64;C:\Program Files (x86)\Windows Kits\10\bin\x64;C:\Strawberry\c\bin;C:\Strawberry\perl\site\bin;C:\Strawberry\perl\bin;C:\Program Files\Git\cmd;C:\Program Files\Git\usr\bin;C:\Program Files\Git\mingw64\bin;C:\Program Files\Git\bin;C:\Python38\;C:\Python38\Scripts;C:\StoreBoxClientWindows;C:\Program Files\Electric Cloud\ElectricCommander\bin;C:\Program Files\WinRAR;C:\Program Files\7-Zip;C:\Users\Administrator\AppData\Local\Microsoft\WindowsApps;C:\Users\Administrator\.dotnet\tools;C:\Program Files\Microsoft Visual Studio\2022\Professional\Common7\IDE\CommonExtensions\Microsoft\CMake\CMake\bin;C:\Program Files\Microsoft Visual Studio\2022\Professional\Common7\IDE\CommonExtensions\Microsoft\CMake\Ninja;C:\Program Files\Microsoft Visual Studio\2022\Professional\Common7\IDE\VC\Linux\bin\ConnectionManagerExe
[2023-11-20T14:50:28.732Z]     -- The C compiler identification is MSVC 19.33.31629.0
[2023-11-20T14:50:29.063Z]     -- The CXX compiler identification is MSVC 19.33.31629.0
[2023-11-20T14:50:29.394Z]     -- Detecting C compiler ABI info
[2023-11-20T14:50:30.546Z]     -- Detecting C compiler ABI info - done
[2023-11-20T14:50:30.546Z]     -- Check for working C compiler: C:/Program Files/Microsoft Visual Studio/2022/Professional/VC/Tools/MSVC/14.33.31629/bin/Hostx64/x64/cl.exe - skipped
[2023-11-20T14:50:30.546Z]     -- Detecting C compile features
[2023-11-20T14:50:30.546Z]     -- Detecting C compile features - done
[2023-11-20T14:50:30.546Z]     -- Detecting CXX compiler ABI info
[2023-11-20T14:50:31.258Z]     -- Detecting CXX compiler ABI info - done
[2023-11-20T14:50:31.258Z]     -- Check for working CXX compiler: C:/Program Files/Microsoft Visual Studio/2022/Professional/VC/Tools/MSVC/14.33.31629/bin/Hostx64/x64/cl.exe - skipped
[2023-11-20T14:50:31.258Z]     -- Detecting CXX compile features
[2023-11-20T14:50:31.258Z]     -- Detecting CXX compile features - done
[2023-11-20T14:50:32.410Z]     -- Using Maya Light API Version 3
[2023-11-20T14:50:32.410Z]     -- Maya has setDefaultMaterialHandling API
[2023-11-20T14:50:32.410Z]     -- Maya has new point snapping API
[2023-11-20T14:50:32.410Z]     -- Maya has isInCrashHandler API
[2023-11-20T14:50:32.410Z]     -- Maya has getDisplayStyleOfAllViewports API
[2023-11-20T14:50:32.410Z]     -- Maya array iterator has difference_type trait
[2023-11-20T14:50:32.410Z]     -- MFnSet has getMemberPaths function
[2023-11-20T14:50:32.410Z]     -- MFnDisplayLayer exists
[2023-11-20T14:50:32.410Z]     -- MDisplayLayerMessage has MDisplayLayerMemberChangedFunction
[2023-11-20T14:50:32.410Z]     -- MRenderItem has HideOnPlayback API
[2023-11-20T14:50:32.410Z]     -- Found Maya: P:/shared/Artifactory/Windows/rundev-master-debug/202311130621/runtime/229465b/runTime/bin/maya.exe (found suitable version "2025", minimum required is "2024")
[2023-11-20T14:50:36.234Z]     -- Found Python: P:/shared/Artifactory/Windows/rundev-master-debug/202311130621/runtime/229465b/runTime/bin/mayapy.exe (found suitable exact version "3.11.4") found components: Interpreter
[2023-11-20T14:50:36.234Z]     -- Build mayaHydra with Python3 = 3.11
[2023-11-20T14:50:36.234Z]     --    PYTHON_INCLUDE_DIRS = P:/shared/Artifactory/Windows/rundev-master-debug/202311130621/runtime/229465b/runTime/include/Python311/Python
[2023-11-20T14:50:36.234Z]     --    PYTHON_LIBRARIES    = P:/shared/Artifactory/Windows/rundev-master-debug/202311130621/runtime/229465b/runTime/lib/python311_d.lib
[2023-11-20T14:50:36.234Z]     --    Python_EXECUTABLE   = P:/shared/Artifactory/Windows/rundev-master-debug/202311130621/runtime/229465b/runTime/bin/mayapy.exe
[2023-11-20T14:50:36.234Z]     -- Found Python3: optimized;P:\shared\Artifactory\Windows\rundev-master-debug\202311130621\runtime\229465b\runTime/lib/python311_d.lib;debug;P:/shared/Artifactory/Windows/rundev-master-debug/202311130621/runtime/229465b/runTime/lib/python311_d.lib (found suitable exact version "3.11.4") found components: Development Development.Module Development.Embed
[2023-11-20T14:50:36.234Z]     -- USD has new Sdr.PropertyTypes.Color4
[2023-11-20T14:50:36.564Z]     -- USD has MaterialX metadata support
[2023-11-20T14:50:36.564Z]     -- USD include dir: P:/shared/Artifactory/Windows/USD/01f407c/include
[2023-11-20T14:50:36.564Z]     -- USD library dir: P:/shared/Artifactory/Windows/USD/01f407c/lib
[2023-11-20T14:50:36.564Z]     -- USD version: 0.23.11
[2023-11-20T14:50:36.564Z]     -- USD Boost::boost version: 108100
[2023-11-20T14:50:36.564Z]     -- Found USD: P:/shared/Artifactory/Windows/USD/01f407c (found suitable version "0.23.11", minimum required is "0.22.11")
[2023-11-20T14:50:36.564Z]     Updated PYTHONPATH: P:\shared\Artifactory\Windows\USD\01f407c\lib\python
[2023-11-20T14:50:36.564Z]     Updated PATH: P:\shared\Artifactory\Windows\cmake\3.20.3\afe857a\bin;C:\Python27\lib\site-packages\pywin32_system32;C:\Program Files\Microsoft Visual Studio\2022\Professional\VC\Tools\MSVC\14.33.31629\bin\HostX64\x64;C:\Program Files\Microsoft Visual Studio\2022\Professional\Common7\IDE\VC\VCPackages;C:\Program Files\Microsoft Visual Studio\2022\Professional\Common7\IDE\CommonExtensions\Microsoft\TestWindow;C:\Program Files\Microsoft Visual Studio\2022\Professional\Common7\IDE\CommonExtensions\Microsoft\TeamFoundation\Team Explorer;C:\Program Files\Microsoft Visual Studio\2022\Professional\MSBuild\Current\bin\Roslyn;C:\Program Files\Microsoft Visual Studio\2022\Professional\Team Tools\Performance Tools\x64;C:\Program Files\Microsoft Visual Studio\2022\Professional\Team Tools\Performance Tools;C:\Program Files (x86)\Microsoft Visual Studio\Shared\Common\VSPerfCollectionTools\vs2019\\x64;C:\Program Files (x86)\Microsoft Visual Studio\Shared\Common\VSPerfCollectionTools\vs2019\;C:\Program Files (x86)\Microsoft SDKs\Windows\v10.0A\bin\NETFX 4.8 Tools\x64\;C:\Program Files (x86)\HTML Help Workshop;C:\Program Files\Microsoft Visual Studio\2022\Professional\Common7\IDE\CommonExtensions\Microsoft\FSharp\Tools;C:\Program Files (x86)\Windows Kits\10\bin\10.0.19041.0\\x64;C:\Program Files (x86)\Windows Kits\10\bin\\x64;C:\Program Files\Microsoft Visual Studio\2022\Professional\\MSBuild\Current\Bin\amd64;C:\WINDOWS\Microsoft.NET\Framework64\v4.0.30319;C:\Program Files\Microsoft Visual Studio\2022\Professional\Common7\IDE\;C:\Program Files\Microsoft Visual Studio\2022\Professional\Common7\Tools\;C:\Python27\;C:\Python27\Scripts;C:\WINDOWS\system32;C:\WINDOWS;C:\WINDOWS\System32\Wbem;C:\WINDOWS\System32\WindowsPowerShell\v1.0\;C:\WINDOWS\System32\OpenSSH\;C:\ProgramData\chocolatey\bin;C:\Program Files (x86)\WiX Toolset v3.7\bin;C:\Program Files\dotnet\;C:\Program Files\Zulu\zulu-11\bin\;C:\Program Files (x86)\Windows Kits\10\bin\10.0.19041.0\x64;C:\Program Files (x86)\Windows Kits\10\bin\10.0.18362.0\x64;C:\Program Files (x86)\Windows Kits\10\bin\10.0.17763.0\x64;C:\Program Files (x86)\Windows Kits\10\bin\x64;C:\Strawberry\c\bin;C:\Strawberry\perl\site\bin;C:\Strawberry\perl\bin;C:\Program Files\Git\cmd;C:\Program Files\Git\usr\bin;C:\Program Files\Git\mingw64\bin;C:\Program Files\Git\bin;C:\Python38\;C:\Python38\Scripts;C:\StoreBoxClientWindows;C:\Program Files\Electric Cloud\ElectricCommander\bin;C:\Program Files\WinRAR;C:\Program Files\7-Zip;C:\Users\Administrator\AppData\Local\Microsoft\WindowsApps;C:\Users\Administrator\.dotnet\tools;C:\Program Files\Microsoft Visual Studio\2022\Professional\Common7\IDE\CommonExtensions\Microsoft\CMake\CMake\bin;C:\Program Files\Microsoft Visual Studio\2022\Professional\Common7\IDE\CommonExtensions\Microsoft\CMake\Ninja;C:\Program Files\Microsoft Visual Studio\2022\Professional\Common7\IDE\VC\Linux\bin\ConnectionManagerExe;P:\shared\Artifactory\Windows\USD\01f407c\bin;P:\shared\Artifactory\Windows\USD\01f407c\lib
[2023-11-20T14:50:36.564Z]     -- Found UFE: P:/shared/Artifactory/Windows/rundev-master-debug/202311130621/runtime/229465b/devkitBase/devkit/ufe/include (found version "0.5.11")
[2023-11-20T14:50:36.564Z]     -- UFE include dir: P:/shared/Artifactory/Windows/rundev-master-debug/202311130621/runtime/229465b/devkitBase/devkit/ufe/include
[2023-11-20T14:50:36.564Z]     -- UFE library: P:/shared/Artifactory/Windows/rundev-master-debug/202311130621/runtime/229465b/devkitBase/devkit/ufe/lib/ufe_0.lib
[2023-11-20T14:50:36.564Z]     -- UFE version: 0.5.11
[2023-11-20T14:50:36.564Z]     -- Maya has UFE lights API
[2023-11-20T14:50:36.564Z]     -- Maya has UFE scene segment API
[2023-11-20T14:50:36.564Z]     -- Maya has UFE TrieNode childrenComponents accessor
[2023-11-20T14:50:36.564Z]     -- Building with UFE 0.5.11.
[2023-11-20T14:50:36.564Z]     -- Found MaterialX
[2023-11-20T14:50:36.896Z]     -- Performing Test HAVE_STDATOMIC
[2023-11-20T14:50:37.607Z]     -- Performing Test HAVE_STDATOMIC - Success
[2023-11-20T14:50:37.607Z]     -- Found OpenGL: opengl32
[2023-11-20T14:50:38.759Z]     -- Check if linker can resolve circular dependencies - TRUE
[2023-11-20T14:50:38.759Z]     -- Found Qt 6.5.3 in Maya devkit. Hydra Scene Browser will be built.
[2023-11-20T14:50:38.759Z]     -- **** Building Gulrak From Github Repository.
[2023-11-20T14:50:38.759Z]     -- Populating gulrak
[2023-11-20T14:50:39.089Z]     -- Configuring done
[2023-11-20T14:50:39.090Z]     -- Generating done
[2023-11-20T14:50:39.090Z]     -- Build files have been written to: W:/build/Debug/_deps/gulrak-subbuild
[2023-11-20T14:50:39.420Z]     [1/9] Creating directories for 'gulrak-populate'
[2023-11-20T14:50:39.420Z]     [1/9] Performing download step (git clone) for 'gulrak-populate'
[2023-11-20T14:50:39.751Z]     Cloning into 'gulrak-src'...
[2023-11-20T14:50:40.902Z]     HEAD is now at 4e21ab3 Version bump and updated readme.
[2023-11-20T14:50:42.566Z]     [2/9] Performing update step for 'gulrak-populate'
[2023-11-20T14:50:43.278Z]     [4/9] No patch step for 'gulrak-populate'
[2023-11-20T14:50:43.279Z]     [5/9] No configure step for 'gulrak-populate'
[2023-11-20T14:50:43.279Z]     [6/9] No build step for 'gulrak-populate'
[2023-11-20T14:50:43.610Z]     [7/9] No install step for 'gulrak-populate'
[2023-11-20T14:50:43.610Z]     [8/9] No test step for 'gulrak-populate'
[2023-11-20T14:50:43.610Z]     [9/9] Completed 'gulrak-populate'
[2023-11-20T14:50:44.321Z]     -- ========== Installing GoogleTest... ==========
[2023-11-20T14:50:44.651Z]     -- Configuring done
[2023-11-20T14:50:44.651Z]     -- Generating done
[2023-11-20T14:50:44.982Z]     -- Build files have been written to: W:/build/Debug/googletest-config
[2023-11-20T14:50:45.312Z]     [1/8] Creating directories for 'googletest'
[2023-11-20T14:50:50.110Z]     [2/8] Performing download step (git clone) for 'googletest'
[2023-11-20T14:50:50.110Z]     Cloning into 'googletest-src'...
[2023-11-20T14:50:50.110Z]     HEAD is now at 703bd9ca Googletest export
[2023-11-20T14:50:50.440Z]     [3/8] Performing update step for 'googletest'
[2023-11-20T14:50:50.440Z]     [4/8] No patch step for 'googletest'
[2023-11-20T14:50:53.404Z]     [5/8] Performing configure step for 'googletest'
[2023-11-20T14:50:53.404Z]     Not searching for unused variables given on the command line.
[2023-11-20T14:50:53.404Z]     CMake Deprecation Warning at CMakeLists.txt:4 (cmake_minimum_required):
[2023-11-20T14:50:53.404Z]       Compatibility with CMake < 2.8.12 will be removed from a future version of
[2023-11-20T14:50:53.404Z]       CMake.
[2023-11-20T14:50:53.404Z]     
[2023-11-20T14:50:53.404Z]       Update the VERSION argument <min> value or use a ...<max> suffix to tell
[2023-11-20T14:50:53.404Z]       CMake that the project does not need compatibility with older versions.
[2023-11-20T14:50:53.404Z]     
[2023-11-20T14:50:53.404Z]     
[2023-11-20T14:50:53.404Z]     -- The C compiler identification is MSVC 19.33.31629.0
[2023-11-20T14:50:53.404Z]     -- The CXX compiler identification is MSVC 19.33.31629.0
[2023-11-20T14:50:53.404Z]     -- Detecting C compiler ABI info
[2023-11-20T14:50:53.404Z]     -- Detecting C compiler ABI info - done
[2023-11-20T14:50:53.404Z]     -- Check for working C compiler: C:/Program Files/Microsoft Visual Studio/2022/Professional/VC/Tools/MSVC/14.33.31629/bin/Hostx64/x64/cl.exe - skipped
[2023-11-20T14:50:53.404Z]     -- Detecting C compile features
[2023-11-20T14:50:53.404Z]     -- Detecting C compile features - done
[2023-11-20T14:50:53.404Z]     -- Detecting CXX compiler ABI info
[2023-11-20T14:50:53.404Z]     -- Detecting CXX compiler ABI info - done
[2023-11-20T14:50:53.404Z]     -- Check for working CXX compiler: C:/Program Files/Microsoft Visual Studio/2022/Professional/VC/Tools/MSVC/14.33.31629/bin/Hostx64/x64/cl.exe - skipped
[2023-11-20T14:50:53.404Z]     -- Detecting CXX compile features
[2023-11-20T14:50:53.404Z]     -- Detecting CXX compile features - done
[2023-11-20T14:50:53.404Z]     CMake Deprecation Warning at googletest/CMakeLists.txt:56 (cmake_minimum_required):
[2023-11-20T14:50:53.404Z]       Compatibility with CMake < 2.8.12 will be removed from a future version of
[2023-11-20T14:50:53.404Z]       CMake.
[2023-11-20T14:50:53.404Z]     
[2023-11-20T14:50:53.404Z]       Update the VERSION argument <min> value or use a ...<max> suffix to tell
[2023-11-20T14:50:53.404Z]       CMake that the project does not need compatibility with older versions.
[2023-11-20T14:50:53.404Z]     
[2023-11-20T14:50:53.404Z]     
[2023-11-20T14:50:53.404Z]     -- Found PythonInterp: C:/Python27/python.exe (found version "2.7.18")
[2023-11-20T14:50:53.404Z]     -- Looking for pthread.h
[2023-11-20T14:50:53.404Z]     -- Looking for pthread.h - not found
[2023-11-20T14:50:53.404Z]     -- Found Threads: TRUE
[2023-11-20T14:50:53.404Z]     -- Configuring done
[2023-11-20T14:50:53.404Z]     -- Generating done
[2023-11-20T14:50:53.404Z]     -- Build files have been written to: W:/build/Debug/googletest-build
[2023-11-20T14:50:57.235Z]     [6/8] Performing build step for 'googletest'
[2023-11-20T14:50:57.235Z]     [1/4] Building CXX object googletest\CMakeFiles\gtest_main.dir\src\gtest_main.cc.obj
[2023-11-20T14:50:57.235Z]     [2/4] Building CXX object googletest\CMakeFiles\gtest.dir\src\gtest-all.cc.obj
[2023-11-20T14:50:57.235Z]     [3/4] Linking CXX shared library bin\gtestd.dll
[2023-11-20T14:50:57.235Z]     [4/4] Linking CXX shared library bin\gtest_maind.dll
[2023-11-20T14:50:57.566Z]     [7/8] Performing install step for 'googletest'
[2023-11-20T14:50:57.566Z]     [0/1] Install the project...
[2023-11-20T14:50:57.566Z]     -- Install configuration: "Debug"
[2023-11-20T14:50:57.897Z]     [8/8] Completed 'googletest'
[2023-11-20T14:50:57.897Z]     -- ========== ...  GoogleTest installed. ==========
[2023-11-20T14:50:59.049Z]     -- Found GTest: W:/build/Debug/googletest-install/lib/gtestd.lib
[2023-11-20T14:50:59.049Z]     -- promoting: S:/Jenkins/workspace/ECP/ecg-maya-hydra/ecg-maya-hydra-branch-preflight-python3-windows/ecg-maya-hydra/maya-hydra/lib/mayaHydra/mayaPlugin/pluginUtils.h
[2023-11-20T14:50:59.049Z]     -- promoting: S:/Jenkins/workspace/ECP/ecg-maya-hydra/ecg-maya-hydra-branch-preflight-python3-windows/ecg-maya-hydra/maya-hydra/lib/mayaHydra/hydraExtensions/api.h
[2023-11-20T14:50:59.049Z]     -- promoting: S:/Jenkins/workspace/ECP/ecg-maya-hydra/ecg-maya-hydra-branch-preflight-python3-windows/ecg-maya-hydra/maya-hydra/lib/mayaHydra/hydraExtensions/debugCodes.h
[2023-11-20T14:50:59.049Z]     -- promoting: S:/Jenkins/workspace/ECP/ecg-maya-hydra/ecg-maya-hydra-branch-preflight-python3-windows/ecg-maya-hydra/maya-hydra/lib/mayaHydra/hydraExtensions/hydraUtils.h
[2023-11-20T14:50:59.049Z]     -- promoting: S:/Jenkins/workspace/ECP/ecg-maya-hydra/ecg-maya-hydra-branch-preflight-python3-windows/ecg-maya-hydra/maya-hydra/lib/mayaHydra/hydraExtensions/mayaHydraLibInterface.h
[2023-11-20T14:50:59.049Z]     -- promoting: S:/Jenkins/workspace/ECP/ecg-maya-hydra/ecg-maya-hydra-branch-preflight-python3-windows/ecg-maya-hydra/maya-hydra/lib/mayaHydra/hydraExtensions/mayaHydraLibInterfaceImp.h
[2023-11-20T14:50:59.049Z]     -- promoting: S:/Jenkins/workspace/ECP/ecg-maya-hydra/ecg-maya-hydra-branch-preflight-python3-windows/ecg-maya-hydra/maya-hydra/lib/mayaHydra/hydraExtensions/mayaUtils.h
[2023-11-20T14:50:59.049Z]     -- promoting: S:/Jenkins/workspace/ECP/ecg-maya-hydra/ecg-maya-hydra-branch-preflight-python3-windows/ecg-maya-hydra/maya-hydra/lib/mayaHydra/hydraExtensions/mixedUtils.h
[2023-11-20T14:50:59.049Z]     -- promoting: S:/Jenkins/workspace/ECP/ecg-maya-hydra/ecg-maya-hydra-branch-preflight-python3-windows/ecg-maya-hydra/maya-hydra/lib/mayaHydra/hydraExtensions/mayaHydraSceneProducer.h
[2023-11-20T14:50:59.049Z]     -- promoting: S:/Jenkins/workspace/ECP/ecg-maya-hydra/ecg-maya-hydra-branch-preflight-python3-windows/ecg-maya-hydra/maya-hydra/lib/mayaHydra/hydraExtensions/adapters/adapter.h
[2023-11-20T14:50:59.049Z]     -- promoting: S:/Jenkins/workspace/ECP/ecg-maya-hydra/ecg-maya-hydra-branch-preflight-python3-windows/ecg-maya-hydra/maya-hydra/lib/mayaHydra/hydraExtensions/adapters/adapterDebugCodes.h
[2023-11-20T14:50:59.049Z]     -- promoting: S:/Jenkins/workspace/ECP/ecg-maya-hydra/ecg-maya-hydra-branch-preflight-python3-windows/ecg-maya-hydra/maya-hydra/lib/mayaHydra/hydraExtensions/adapters/adapterRegistry.h
[2023-11-20T14:50:59.049Z]     -- promoting: S:/Jenkins/workspace/ECP/ecg-maya-hydra/ecg-maya-hydra-branch-preflight-python3-windows/ecg-maya-hydra/maya-hydra/lib/mayaHydra/hydraExtensions/adapters/cameraAdapter.h
[2023-11-20T14:50:59.049Z]     -- promoting: S:/Jenkins/workspace/ECP/ecg-maya-hydra/ecg-maya-hydra-branch-preflight-python3-windows/ecg-maya-hydra/maya-hydra/lib/mayaHydra/hydraExtensions/adapters/constantShadowMatrix.h
[2023-11-20T14:50:59.049Z]     -- promoting: S:/Jenkins/workspace/ECP/ecg-maya-hydra/ecg-maya-hydra-branch-preflight-python3-windows/ecg-maya-hydra/maya-hydra/lib/mayaHydra/hydraExtensions/adapters/dagAdapter.h
[2023-11-20T14:50:59.049Z]     -- promoting: S:/Jenkins/workspace/ECP/ecg-maya-hydra/ecg-maya-hydra-branch-preflight-python3-windows/ecg-maya-hydra/maya-hydra/lib/mayaHydra/hydraExtensions/adapters/renderItemAdapter.h
[2023-11-20T14:50:59.049Z]     -- promoting: S:/Jenkins/workspace/ECP/ecg-maya-hydra/ecg-maya-hydra-branch-preflight-python3-windows/ecg-maya-hydra/maya-hydra/lib/mayaHydra/hydraExtensions/adapters/lightAdapter.h
[2023-11-20T14:50:59.049Z]     -- promoting: S:/Jenkins/workspace/ECP/ecg-maya-hydra/ecg-maya-hydra-branch-preflight-python3-windows/ecg-maya-hydra/maya-hydra/lib/mayaHydra/hydraExtensions/adapters/materialAdapter.h
[2023-11-20T14:50:59.049Z]     -- promoting: S:/Jenkins/workspace/ECP/ecg-maya-hydra/ecg-maya-hydra-branch-preflight-python3-windows/ecg-maya-hydra/maya-hydra/lib/mayaHydra/hydraExtensions/adapters/materialNetworkConverter.h
[2023-11-20T14:50:59.049Z]     -- promoting: S:/Jenkins/workspace/ECP/ecg-maya-hydra/ecg-maya-hydra-branch-preflight-python3-windows/ecg-maya-hydra/maya-hydra/lib/mayaHydra/hydraExtensions/adapters/mayaAttrs.h
[2023-11-20T14:50:59.049Z]     -- promoting: S:/Jenkins/workspace/ECP/ecg-maya-hydra/ecg-maya-hydra-branch-preflight-python3-windows/ecg-maya-hydra/maya-hydra/lib/mayaHydra/hydraExtensions/adapters/shapeAdapter.h
[2023-11-20T14:50:59.049Z]     -- promoting: S:/Jenkins/workspace/ECP/ecg-maya-hydra/ecg-maya-hydra-branch-preflight-python3-windows/ecg-maya-hydra/maya-hydra/lib/mayaHydra/hydraExtensions/adapters/tokens.h
[2023-11-20T14:50:59.049Z]     -- promoting: S:/Jenkins/workspace/ECP/ecg-maya-hydra/ecg-maya-hydra-branch-preflight-python3-windows/ecg-maya-hydra/maya-hydra/lib/mayaHydra/hydraExtensions/delegates/delegate.h
[2023-11-20T14:50:59.049Z]     -- promoting: S:/Jenkins/workspace/ECP/ecg-maya-hydra/ecg-maya-hydra-branch-preflight-python3-windows/ecg-maya-hydra/maya-hydra/lib/mayaHydra/hydraExtensions/delegates/delegateCtx.h
[2023-11-20T14:50:59.049Z]     -- promoting: S:/Jenkins/workspace/ECP/ecg-maya-hydra/ecg-maya-hydra-branch-preflight-python3-windows/ecg-maya-hydra/maya-hydra/lib/mayaHydra/hydraExtensions/delegates/delegateDebugCodes.h
[2023-11-20T14:50:59.049Z]     -- promoting: S:/Jenkins/workspace/ECP/ecg-maya-hydra/ecg-maya-hydra-branch-preflight-python3-windows/ecg-maya-hydra/maya-hydra/lib/mayaHydra/hydraExtensions/delegates/delegateRegistry.h
[2023-11-20T14:50:59.049Z]     -- promoting: S:/Jenkins/workspace/ECP/ecg-maya-hydra/ecg-maya-hydra-branch-preflight-python3-windows/ecg-maya-hydra/maya-hydra/lib/mayaHydra/hydraExtensions/delegates/params.h
[2023-11-20T14:50:59.050Z]     -- promoting: S:/Jenkins/workspace/ECP/ecg-maya-hydra/ecg-maya-hydra-branch-preflight-python3-windows/ecg-maya-hydra/maya-hydra/lib/mayaHydra/hydraExtensions/delegates/sceneDelegate.h
[2023-11-20T14:50:59.050Z]     -- promoting: S:/Jenkins/workspace/ECP/ecg-maya-hydra/ecg-maya-hydra-branch-preflight-python3-windows/ecg-maya-hydra/maya-hydra/lib/mayaHydra/hydraExtensions/delegates/defaultLightDelegate.h
[2023-11-20T14:50:59.050Z]     -- promoting: S:/Jenkins/workspace/ECP/ecg-maya-hydra/ecg-maya-hydra-branch-preflight-python3-windows/ecg-maya-hydra/maya-hydra/lib/mayaHydra/hydraExtensions/delegates/testDelegate.h
[2023-11-20T14:50:59.050Z]     -- promoting: S:/Jenkins/workspace/ECP/ecg-maya-hydra/ecg-maya-hydra-branch-preflight-python3-windows/ecg-maya-hydra/maya-hydra/lib/mayaHydra/hydraExtensions/sceneIndex/registration.h
[2023-11-20T14:50:59.050Z]     -- promoting: S:/Jenkins/workspace/ECP/ecg-maya-hydra/ecg-maya-hydra-branch-preflight-python3-windows/ecg-maya-hydra/maya-hydra/lib/mayaHydra/hydraExtensions/sceneIndex/mayaHydraSceneIndex.h
[2023-11-20T14:50:59.050Z]     -- promoting: S:/Jenkins/workspace/ECP/ecg-maya-hydra/ecg-maya-hydra-branch-preflight-python3-windows/ecg-maya-hydra/maya-hydra/lib/mayaHydra/hydraExtensions/sceneIndex/mayaHydraDataSource.h
[2023-11-20T14:50:59.050Z]     -- promoting: S:/Jenkins/workspace/ECP/ecg-maya-hydra/ecg-maya-hydra-branch-preflight-python3-windows/ecg-maya-hydra/maya-hydra/lib/mayaHydra/hydraExtensions/sceneIndex/mayaHydraPrimvarDataSource.h
[2023-11-20T14:50:59.050Z]     -- promoting: S:/Jenkins/workspace/ECP/ecg-maya-hydra/ecg-maya-hydra-branch-preflight-python3-windows/ecg-maya-hydra/maya-hydra/lib/mayaHydra/hydraExtensions/sceneIndex/mayaHydraDisplayStyleDataSource.h
[2023-11-20T14:50:59.050Z]     -- promoting: S:/Jenkins/workspace/ECP/ecg-maya-hydra/ecg-maya-hydra-branch-preflight-python3-windows/ecg-maya-hydra/maya-hydra/lib/mayaHydra/hydraExtensions/sceneIndex/mayaHydraCameraDataSource.h
[2023-11-20T14:50:59.050Z]     -- promoting: S:/Jenkins/workspace/ECP/ecg-maya-hydra/ecg-maya-hydra-branch-preflight-python3-windows/ecg-maya-hydra/maya-hydra/lib/mayaHydra/hydraExtensions/sceneIndex/mayaHydraLightDataSource.h
[2023-11-20T14:50:59.050Z]     -- promoting: S:/Jenkins/workspace/ECP/ecg-maya-hydra/ecg-maya-hydra-branch-preflight-python3-windows/ecg-maya-hydra/maya-hydra/lib/mayaHydra/hydraExtensions/sceneIndex/mayaHydraDefaultLightDataSource.h
[2023-11-20T14:50:59.050Z]     -- promoting: S:/Jenkins/workspace/ECP/ecg-maya-hydra/ecg-maya-hydra-branch-preflight-python3-windows/ecg-maya-hydra/maya-hydra/lib/mayaHydra/ufeExtensions/api.h
[2023-11-20T14:50:59.050Z]     -- promoting: S:/Jenkins/workspace/ECP/ecg-maya-hydra/ecg-maya-hydra-branch-preflight-python3-windows/ecg-maya-hydra/maya-hydra/lib/mayaHydra/ufeExtensions/Global.h
[2023-11-20T14:50:59.050Z]     -- promoting: S:/Jenkins/workspace/ECP/ecg-maya-hydra/ecg-maya-hydra-branch-preflight-python3-windows/ecg-maya-hydra/maya-hydra/lib/flowViewport/api.h
[2023-11-20T14:50:59.050Z]     -- promoting: S:/Jenkins/workspace/ECP/ecg-maya-hydra/ecg-maya-hydra-branch-preflight-python3-windows/ecg-maya-hydra/maya-hydra/lib/flowViewport/debugCodes.h
[2023-11-20T14:50:59.050Z]     -- promoting: S:/Jenkins/workspace/ECP/ecg-maya-hydra/ecg-maya-hydra-branch-preflight-python3-windows/ecg-maya-hydra/maya-hydra/lib/flowViewport/global.h
[2023-11-20T14:50:59.050Z]     -- promoting: S:/Jenkins/workspace/ECP/ecg-maya-hydra/ecg-maya-hydra-branch-preflight-python3-windows/ecg-maya-hydra/maya-hydra/lib/flowViewport/tokens.h
[2023-11-20T14:50:59.050Z]     -- promoting: S:/Jenkins/workspace/ECP/ecg-maya-hydra/ecg-maya-hydra-branch-preflight-python3-windows/ecg-maya-hydra/maya-hydra/lib/flowViewport/colorPreferences/fvpColorChanged.h
[2023-11-20T14:50:59.050Z]     -- promoting: S:/Jenkins/workspace/ECP/ecg-maya-hydra/ecg-maya-hydra-branch-preflight-python3-windows/ecg-maya-hydra/maya-hydra/lib/flowViewport/colorPreferences/fvpColorPreferences.h
[2023-11-20T14:50:59.050Z]     -- promoting: S:/Jenkins/workspace/ECP/ecg-maya-hydra/ecg-maya-hydra-branch-preflight-python3-windows/ecg-maya-hydra/maya-hydra/lib/flowViewport/colorPreferences/fvpColorPreferencesTokens.h
[2023-11-20T14:50:59.050Z]     -- promoting: S:/Jenkins/workspace/ECP/ecg-maya-hydra/ecg-maya-hydra-branch-preflight-python3-windows/ecg-maya-hydra/maya-hydra/lib/flowViewport/colorPreferences/fvpColorPreferencesTranslator.h
[2023-11-20T14:50:59.050Z]     -- promoting: S:/Jenkins/workspace/ECP/ecg-maya-hydra/ecg-maya-hydra-branch-preflight-python3-windows/ecg-maya-hydra/maya-hydra/lib/flowViewport/sceneIndex/fvpMergingSceneIndex.h
[2023-11-20T14:50:59.050Z]     -- promoting: S:/Jenkins/workspace/ECP/ecg-maya-hydra/ecg-maya-hydra-branch-preflight-python3-windows/ecg-maya-hydra/maya-hydra/lib/flowViewport/sceneIndex/fvpPathInterface.h
[2023-11-20T14:50:59.050Z]     -- promoting: S:/Jenkins/workspace/ECP/ecg-maya-hydra/ecg-maya-hydra-branch-preflight-python3-windows/ecg-maya-hydra/maya-hydra/lib/flowViewport/sceneIndex/fvpPathInterfaceSceneIndex.h
[2023-11-20T14:50:59.050Z]     -- promoting: S:/Jenkins/workspace/ECP/ecg-maya-hydra/ecg-maya-hydra-branch-preflight-python3-windows/ecg-maya-hydra/maya-hydra/lib/flowViewport/sceneIndex/fvpRenderIndexProxy.h
[2023-11-20T14:50:59.050Z]     -- promoting: S:/Jenkins/workspace/ECP/ecg-maya-hydra/ecg-maya-hydra-branch-preflight-python3-windows/ecg-maya-hydra/maya-hydra/lib/flowViewport/sceneIndex/fvpRenderIndexProxyFwd.h
[2023-11-20T14:50:59.050Z]     -- promoting: S:/Jenkins/workspace/ECP/ecg-maya-hydra/ecg-maya-hydra-branch-preflight-python3-windows/ecg-maya-hydra/maya-hydra/lib/flowViewport/sceneIndex/fvpSelectionSceneIndex.h
[2023-11-20T14:50:59.050Z]     -- promoting: S:/Jenkins/workspace/ECP/ecg-maya-hydra/ecg-maya-hydra-branch-preflight-python3-windows/ecg-maya-hydra/maya-hydra/lib/flowViewport/sceneIndex/fvpWireframeSelectionHighlightSceneIndex.h
[2023-11-20T14:50:59.050Z]     -- promoting: S:/Jenkins/workspace/ECP/ecg-maya-hydra/ecg-maya-hydra-branch-preflight-python3-windows/ecg-maya-hydra/maya-hydra/lib/flowViewport/API/fvpSelectionClient.h
[2023-11-20T14:50:59.050Z]     -- promoting: S:/Jenkins/workspace/ECP/ecg-maya-hydra/ecg-maya-hydra-branch-preflight-python3-windows/ecg-maya-hydra/maya-hydra/lib/flowViewport/API/fvpFlowSelectionInterface.h
[2023-11-20T14:50:59.050Z]     -- promoting: S:/Jenkins/workspace/ECP/ecg-maya-hydra/ecg-maya-hydra-branch-preflight-python3-windows/ecg-maya-hydra/maya-hydra/lib/flowViewport/API/fvpVersionInterface.h
[2023-11-20T14:50:59.050Z]     -- promoting: S:/Jenkins/workspace/ECP/ecg-maya-hydra/ecg-maya-hydra-branch-preflight-python3-windows/ecg-maya-hydra/maya-hydra/lib/flowViewport/API/fvpInformationInterface.h
[2023-11-20T14:50:59.050Z]     -- promoting: S:/Jenkins/workspace/ECP/ecg-maya-hydra/ecg-maya-hydra-branch-preflight-python3-windows/ecg-maya-hydra/maya-hydra/lib/flowViewport/API/fvpInformationClient.h
[2023-11-20T14:50:59.050Z]     -- promoting: S:/Jenkins/workspace/ECP/ecg-maya-hydra/ecg-maya-hydra-branch-preflight-python3-windows/ecg-maya-hydra/maya-hydra/lib/flowViewport/API/interfacesImp/fvpSelectionInterfaceImp.h
[2023-11-20T14:50:59.050Z]     -- promoting: S:/Jenkins/workspace/ECP/ecg-maya-hydra/ecg-maya-hydra-branch-preflight-python3-windows/ecg-maya-hydra/maya-hydra/lib/flowViewport/API/interfacesImp/fvpVersionInterfaceImp.h
[2023-11-20T14:50:59.050Z]     -- promoting: S:/Jenkins/workspace/ECP/ecg-maya-hydra/ecg-maya-hydra-branch-preflight-python3-windows/ecg-maya-hydra/maya-hydra/lib/flowViewport/API/interfacesImp/fvpInformationInterfaceImp.h
[2023-11-20T14:50:59.050Z]     -- promoting: S:/Jenkins/workspace/ECP/ecg-maya-hydra/ecg-maya-hydra-branch-preflight-python3-windows/ecg-maya-hydra/maya-hydra/lib/flowViewport/API/samples/fvpSelectionClientExample.h
[2023-11-20T14:50:59.050Z]     -- promoting: S:/Jenkins/workspace/ECP/ecg-maya-hydra/ecg-maya-hydra-branch-preflight-python3-windows/ecg-maya-hydra/maya-hydra/lib/flowViewport/API/samples/fvpInformationClientExample.h
[2023-11-20T14:50:59.050Z]     -- promoting: S:/Jenkins/workspace/ECP/ecg-maya-hydra/ecg-maya-hydra-branch-preflight-python3-windows/ecg-maya-hydra/maya-hydra/lib/flowViewport/API/perViewportSceneIndicesData/fvpViewportInformationAndSceneIndicesPerViewportData.h
[2023-11-20T14:50:59.050Z]     -- promoting: S:/Jenkins/workspace/ECP/ecg-maya-hydra/ecg-maya-hydra-branch-preflight-python3-windows/ecg-maya-hydra/maya-hydra/lib/flowViewport/API/perViewportSceneIndicesData/fvpViewportInformationAndSceneIndicesPerViewportDataManager.h
[2023-11-20T14:50:59.050Z]     -- promoting: S:/Jenkins/workspace/ECP/ecg-maya-hydra/ecg-maya-hydra-branch-preflight-python3-windows/ecg-maya-hydra/maya-hydra/lib/flowViewport/selection/fvpSelection.h
[2023-11-20T14:50:59.050Z]     -- promoting: S:/Jenkins/workspace/ECP/ecg-maya-hydra/ecg-maya-hydra-branch-preflight-python3-windows/ecg-maya-hydra/maya-hydra/lib/flowViewport/selection/fvpSelectionFwd.h
[2023-11-20T14:50:59.050Z]     -- promoting: S:/Jenkins/workspace/ECP/ecg-maya-hydra/ecg-maya-hydra-branch-preflight-python3-windows/ecg-maya-hydra/maya-hydra/lib/flowViewport/selection/fvpSelectionTask.h
[2023-11-20T14:50:59.050Z]     -- promoting: S:/Jenkins/workspace/ECP/ecg-maya-hydra/ecg-maya-hydra-branch-preflight-python3-windows/ecg-maya-hydra/maya-hydra/lib/flowViewport/selection/fvpSelectionTracker.h
[2023-11-20T14:51:02.018Z]     -- Configuring done
[2023-11-20T14:51:02.349Z]     -- Generating done
[2023-11-20T14:51:02.349Z]     -- Build files have been written to: W:/build/Debug
[2023-11-20T14:51:02.349Z]     
[2023-11-20T14:51:02.349Z]         Building with settings:
[2023-11-20T14:51:02.349Z]           Source directory          S:\Jenkins\workspace\ECP\ecg-maya-hydra\ecg-maya-hydra-branch-preflight-python3-windows\ecg-maya-hydra\maya-hydra
[2023-11-20T14:51:02.349Z]           Workspace directory       W:\
[2023-11-20T14:51:02.349Z]           Build directory           W:\build\Debug
[2023-11-20T14:51:02.349Z]           Install directory         W:\install\Debug\MayaHydra
[2023-11-20T14:51:02.349Z]           Variant                   Debug
[2023-11-20T14:51:02.349Z]           Python Debug              On
[2023-11-20T14:51:02.349Z]           CMake generator           Ninja
[2023-11-20T14:51:02.349Z]           Build arguments           ['-DCMAKE_MAKE_PROGRAM=P:/shared/Artifactory/Windows/ninja/1.10.2/ccacdf8/ninja.exe', '-DPYTHON_INCLUDE_DIR=P:/shared/Artifactory/Windows/rundev-master-debug/202311130621/runtime/229465b/runTime/include/Python311/Python', '-DPython_EXECUTABLE=P:/shared/Artifactory/Windows/rundev-master-debug/202311130621/runtime/229465b/runTime/bin/mayapy.exe', '-DPYTHON_LIBRARIES=P:/shared/Artifactory/Windows/rundev-master-debug/202311130621/runtime/229465b/runTime/lib/python311_d.lib', '-DBUILD_WITH_PYTHON_3_VERSION=3.11', '-DCMAKE_WANT_MATERIALX_BUILD=ON', '-DCMAKE_PREFIX_PATH=P:\\shared\\Artifactory\\Windows\\USD\\01f407c', '-DMAYAHYDRA_BUILD_NUMBER=410', '-DMAYAHYDRA_GIT_COMMIT=92cbd0d76b7ed18e4dc68a344103f1b9271b880a', '-DMAYAHYDRA_GIT_BRANCH=master']
[2023-11-20T14:51:02.349Z]           Stages arguments          ['configure']
[2023-11-20T14:51:02.349Z]           CTest arguments           ['--parallel 16']
[2023-11-20T14:51:02.349Z]     STATUS: Found Maya Qt headers in: P:\shared\Artifactory\Windows\rundev-master-debug\202311130621\runtime\229465b\devkitBase
[2023-11-20T14:51:02.349Z]     Success MayaHydra build and install !!!!
[2023-11-20T14:51:02.349Z]     Elapsed time: 00:00:34
[Pipeline] bat
[2023-11-20T14:51:03.330Z] Deleting alias drive W:
[Pipeline] bat
[2023-11-20T14:51:03.972Z] Deleting alias drive P:
[Pipeline] bat
[2023-11-20T14:51:04.637Z] Creating alias drive P: to S:\jenkins\workspace
[Pipeline] bat
[2023-11-20T14:51:05.277Z] Creating alias drive W: to S:\Jenkins\workspace\ECP\ecg-maya-hydra\ecg-maya-hydra-branch-preflight-python3-windows
[Pipeline] bat
[2023-11-20T14:51:05.984Z] "C:\Program Files\Microsoft Visual Studio\2022\Professional\VC\Auxiliary\Build\vcvarsall.bat" x64
[2023-11-20T14:51:05.984Z] **********************************************************************
[2023-11-20T14:51:05.984Z] ** Visual Studio 2022 Developer Command Prompt v17.3.2
[2023-11-20T14:51:05.984Z] ** Copyright (c) 2022 Microsoft Corporation
[2023-11-20T14:51:05.984Z] **********************************************************************
[2023-11-20T14:51:07.649Z] [vcvarsall.bat] Environment initialized for: 'x64'
[2023-11-20T14:51:07.649Z] python ecg-maya-hydra/build.py --stages=configure --workspace-dir=W:\ --artifactory-dir=P:\shared\Artifactory --build-dir=W:\build --install-dir=W:\install --signing-dir=W:\signing --package-dir=W:\package --output-dir=W:\output --stash-dir=W:\stash --jenkins-build=410 --git-commit=92cbd0d76b7ed18e4dc68a344103f1b9271b880a --git-branch=master --variants=RelWithDebInfo --interactive-tests=true --post-zips=false --osx-binary-architecture-target=ub2 --osx-deployment-target=11.0 --osx-base-sdk=CurrentActiveSDK --maya-cut-config=maya-rundev-master.yaml --maya-package=rundev-master --stage-banner
[2023-11-20T14:51:08.801Z] Using Maya cut from P:\shared\Artifactory\Windows\rundev-master\202311130812\runtime\4053eca
[2023-11-20T14:51:08.801Z] Using Maya ADSK Signatures from P:\shared\Artifactory\Windows\adsk-plugin-signatures-maya\2023\3ae1ae7
[2023-11-20T14:51:08.801Z] Using Maya Security Library from P:\shared\Artifactory\Windows\maya-security-library\3.4.0\284407f
[2023-11-20T14:51:08.801Z] 
[2023-11-20T14:51:08.801Z] ================================================================================
[2023-11-20T14:51:08.801Z]                            configure (RelWithDebInfo)
[2023-11-20T14:51:08.801Z] ================================================================================
[2023-11-20T14:51:08.801Z] Maya Python RelWithDebInfo Info:
[2023-11-20T14:51:08.801Z]   mayapy executable   = P:\shared\Artifactory\Windows\rundev-master\202311130812\runtime\4053eca\runTime\bin\mayapy.exe
[2023-11-20T14:51:08.801Z]   Include Folder      = P:\shared\Artifactory\Windows\rundev-master\202311130812\runtime\4053eca\runTime\include\Python311\Python
[2023-11-20T14:51:08.801Z]   Library             = P:\shared\Artifactory\Windows\rundev-master\202311130812\runtime\4053eca\runTime\lib\python311.lib
[2023-11-20T14:51:08.801Z]   site-package Folder = P:\shared\Artifactory\Windows\rundev-master\202311130812\runtime\4053eca\runTime\Python\Lib\site-packages
[2023-11-20T14:51:09.556Z] In workdir: S:\Jenkins\workspace\ECP\ecg-maya-hydra\ecg-maya-hydra-branch-preflight-python3-windows\ecg-maya-hydra\maya-hydra
[2023-11-20T14:51:09.556Z] Executing: 'P:\\shared\\Artifactory\\Windows\\rundev-master\\202311130812\\runtime\\4053eca\\runTime\\bin\\mayapy.exe' 'S:\\Jenkins\\workspace\\ECP\\ecg-maya-hydra\\ecg-maya-hydra-branch-preflight-python3-windows\\ecg-maya-hydra\\maya-hydra\\build.py' --generator Ninja --build-relwithdebug --maya-location 'P:\\shared\\Artifactory\\Windows\\rundev-master\\202311130812\\runtime\\4053eca\\runTime' --devkit-location 'P:\\shared\\Artifactory\\Windows\\rundev-master\\202311130812\\runtime\\4053eca\\devkitBase' --pxrusd-location 'P:\\shared\\Artifactory\\Windows\\USD\\6a9558d' '--build-args=-DCMAKE_MAKE_PROGRAM=P:/shared/Artifactory/Windows/ninja/1.10.2/ccacdf8/ninja.exe,-DPYTHON_INCLUDE_DIR=P:/shared/Artifactory/Windows/rundev-master/202311130812/runtime/4053eca/runTime/include/Python311/Python,-DPython_EXECUTABLE=P:/shared/Artifactory/Windows/rundev-master/202311130812/runtime/4053eca/runTime/bin/mayapy.exe,-DPYTHON_LIBRARIES=P:/shared/Artifactory/Windows/rundev-master/202311130812/runtime/4053eca/runTime/lib/python311.lib,-DBUILD_WITH_PYTHON_3_VERSION=3.11,-DCMAKE_WANT_MATERIALX_BUILD=ON,-DCMAKE_PREFIX_PATH=P:\\shared\\Artifactory\\Windows\\USD\\6a9558d,-DMAYAHYDRA_BUILD_NUMBER=410,-DMAYAHYDRA_GIT_COMMIT=92cbd0d76b7ed18e4dc68a344103f1b9271b880a,-DMAYAHYDRA_GIT_BRANCH=master' '--ctest-args=--parallel 16' --stages=configure --redirect-outstream-file=False --install-location 'W:\\install\\RelWithDebInfo\\MayaHydra' 'W:\\'
[2023-11-20T14:51:09.556Z] Modified environment variables:
[2023-11-20T14:51:09.557Z]     PATH=P:\shared\Artifactory\Windows\cmake\3.20.3\afe857a\bin;C:\Python27\lib\site-packages\pywin32_system32;C:\Program Files\Microsoft Visual Studio\2022\Professional\VC\Tools\MSVC\14.33.31629\bin\HostX64\x64;C:\Program Files\Microsoft Visual Studio\2022\Professional\Common7\IDE\VC\VCPackages;C:\Program Files\Microsoft Visual Studio\2022\Professional\Common7\IDE\CommonExtensions\Microsoft\TestWindow;C:\Program Files\Microsoft Visual Studio\2022\Professional\Common7\IDE\CommonExtensions\Microsoft\TeamFoundation\Team Explorer;C:\Program Files\Microsoft Visual Studio\2022\Professional\MSBuild\Current\bin\Roslyn;C:\Program Files\Microsoft Visual Studio\2022\Professional\Team Tools\Performance Tools\x64;C:\Program Files\Microsoft Visual Studio\2022\Professional\Team Tools\Performance Tools;C:\Program Files (x86)\Microsoft Visual Studio\Shared\Common\VSPerfCollectionTools\vs2019\\x64;C:\Program Files (x86)\Microsoft Visual Studio\Shared\Common\VSPerfCollectionTools\vs2019\;C:\Program Files (x86)\Microsoft SDKs\Windows\v10.0A\bin\NETFX 4.8 Tools\x64\;C:\Program Files (x86)\HTML Help Workshop;C:\Program Files\Microsoft Visual Studio\2022\Professional\Common7\IDE\CommonExtensions\Microsoft\FSharp\Tools;C:\Program Files (x86)\Windows Kits\10\bin\10.0.19041.0\\x64;C:\Program Files (x86)\Windows Kits\10\bin\\x64;C:\Program Files\Microsoft Visual Studio\2022\Professional\\MSBuild\Current\Bin\amd64;C:\WINDOWS\Microsoft.NET\Framework64\v4.0.30319;C:\Program Files\Microsoft Visual Studio\2022\Professional\Common7\IDE\;C:\Program Files\Microsoft Visual Studio\2022\Professional\Common7\Tools\;C:\Python27\;C:\Python27\Scripts;C:\WINDOWS\system32;C:\WINDOWS;C:\WINDOWS\System32\Wbem;C:\WINDOWS\System32\WindowsPowerShell\v1.0\;C:\WINDOWS\System32\OpenSSH\;C:\ProgramData\chocolatey\bin;C:\Program Files (x86)\WiX Toolset v3.7\bin;C:\Program Files\dotnet\;C:\Program Files\Zulu\zulu-11\bin\;C:\Program Files (x86)\Windows Kits\10\bin\10.0.19041.0\x64;C:\Program Files (x86)\Windows Kits\10\bin\10.0.18362.0\x64;C:\Program Files (x86)\Windows Kits\10\bin\10.0.17763.0\x64;C:\Program Files (x86)\Windows Kits\10\bin\x64;C:\Strawberry\c\bin;C:\Strawberry\perl\site\bin;C:\Strawberry\perl\bin;C:\Program Files\Git\cmd;C:\Program Files\Git\usr\bin;C:\Program Files\Git\mingw64\bin;C:\Program Files\Git\bin;C:\Python38\;C:\Python38\Scripts;C:\StoreBoxClientWindows;C:\Program Files\Electric Cloud\ElectricCommander\bin;C:\Program Files\WinRAR;C:\Program Files\7-Zip;C:\Users\Administrator\AppData\Local\Microsoft\WindowsApps;C:\Users\Administrator\.dotnet\tools;C:\Program Files\Microsoft Visual Studio\2022\Professional\Common7\IDE\CommonExtensions\Microsoft\CMake\CMake\bin;C:\Program Files\Microsoft Visual Studio\2022\Professional\Common7\IDE\CommonExtensions\Microsoft\CMake\Ninja;C:\Program Files\Microsoft Visual Studio\2022\Professional\Common7\IDE\VC\Linux\bin\ConnectionManagerExe
[2023-11-20T14:51:10.708Z]     -- The C compiler identification is MSVC 19.33.31629.0
[2023-11-20T14:51:11.419Z]     -- The CXX compiler identification is MSVC 19.33.31629.0
[2023-11-20T14:51:11.419Z]     -- Detecting C compiler ABI info
[2023-11-20T14:51:12.130Z]     -- Detecting C compiler ABI info - done
[2023-11-20T14:51:12.130Z]     -- Check for working C compiler: C:/Program Files/Microsoft Visual Studio/2022/Professional/VC/Tools/MSVC/14.33.31629/bin/Hostx64/x64/cl.exe - skipped
[2023-11-20T14:51:12.130Z]     -- Detecting C compile features
[2023-11-20T14:51:12.130Z]     -- Detecting C compile features - done
[2023-11-20T14:51:12.130Z]     -- Detecting CXX compiler ABI info
[2023-11-20T14:51:12.874Z]     -- Detecting CXX compiler ABI info - done
[2023-11-20T14:51:12.874Z]     -- Check for working CXX compiler: C:/Program Files/Microsoft Visual Studio/2022/Professional/VC/Tools/MSVC/14.33.31629/bin/Hostx64/x64/cl.exe - skipped
[2023-11-20T14:51:12.874Z]     -- Detecting CXX compile features
[2023-11-20T14:51:12.874Z]     -- Detecting CXX compile features - done
[2023-11-20T14:51:13.585Z]     -- Using Maya Light API Version 3
[2023-11-20T14:51:13.585Z]     -- Maya has setDefaultMaterialHandling API
[2023-11-20T14:51:13.585Z]     -- Maya has new point snapping API
[2023-11-20T14:51:13.585Z]     -- Maya has isInCrashHandler API
[2023-11-20T14:51:13.585Z]     -- Maya has getDisplayStyleOfAllViewports API
[2023-11-20T14:51:13.585Z]     -- Maya array iterator has difference_type trait
[2023-11-20T14:51:13.585Z]     -- MFnSet has getMemberPaths function
[2023-11-20T14:51:13.585Z]     -- MFnDisplayLayer exists
[2023-11-20T14:51:13.585Z]     -- MDisplayLayerMessage has MDisplayLayerMemberChangedFunction
[2023-11-20T14:51:13.585Z]     -- MRenderItem has HideOnPlayback API
[2023-11-20T14:51:13.585Z]     -- Found Maya: P:/shared/Artifactory/Windows/rundev-master/202311130812/runtime/4053eca/runTime/bin/maya.exe (found suitable version "2025", minimum required is "2024")
[2023-11-20T14:51:14.737Z]     -- Found Python: P:/shared/Artifactory/Windows/rundev-master/202311130812/runtime/4053eca/runTime/bin/mayapy.exe (found suitable exact version "3.11.4") found components: Interpreter
[2023-11-20T14:51:14.737Z]     -- Build mayaHydra with Python3 = 3.11
[2023-11-20T14:51:14.737Z]     --    PYTHON_INCLUDE_DIRS = P:/shared/Artifactory/Windows/rundev-master/202311130812/runtime/4053eca/runTime/include/Python311/Python
[2023-11-20T14:51:14.737Z]     --    PYTHON_LIBRARIES    = P:/shared/Artifactory/Windows/rundev-master/202311130812/runtime/4053eca/runTime/lib/python311.lib
[2023-11-20T14:51:14.737Z]     --    Python_EXECUTABLE   = P:/shared/Artifactory/Windows/rundev-master/202311130812/runtime/4053eca/runTime/bin/mayapy.exe
[2023-11-20T14:51:15.068Z]     -- Found Python3: P:\shared\Artifactory\Windows\rundev-master\202311130812\runtime\4053eca\runTime/lib/python311.lib (found suitable exact version "3.11.4") found components: Development Development.Module Development.Embed
[2023-11-20T14:51:15.068Z]     -- USD has new Sdr.PropertyTypes.Color4
[2023-11-20T14:51:15.068Z]     -- USD has MaterialX metadata support
[2023-11-20T14:51:15.068Z]     -- USD include dir: P:/shared/Artifactory/Windows/USD/6a9558d/include
[2023-11-20T14:51:15.068Z]     -- USD library dir: P:/shared/Artifactory/Windows/USD/6a9558d/lib
[2023-11-20T14:51:15.068Z]     -- USD version: 0.23.11
[2023-11-20T14:51:15.068Z]     -- USD Boost::boost version: 108100
[2023-11-20T14:51:15.068Z]     -- Found USD: P:/shared/Artifactory/Windows/USD/6a9558d (found suitable version "0.23.11", minimum required is "0.22.11")
[2023-11-20T14:51:15.068Z]     Updated PYTHONPATH: P:\shared\Artifactory\Windows\USD\6a9558d\lib\python
[2023-11-20T14:51:15.068Z]     Updated PATH: P:\shared\Artifactory\Windows\cmake\3.20.3\afe857a\bin;C:\Python27\lib\site-packages\pywin32_system32;C:\Program Files\Microsoft Visual Studio\2022\Professional\VC\Tools\MSVC\14.33.31629\bin\HostX64\x64;C:\Program Files\Microsoft Visual Studio\2022\Professional\Common7\IDE\VC\VCPackages;C:\Program Files\Microsoft Visual Studio\2022\Professional\Common7\IDE\CommonExtensions\Microsoft\TestWindow;C:\Program Files\Microsoft Visual Studio\2022\Professional\Common7\IDE\CommonExtensions\Microsoft\TeamFoundation\Team Explorer;C:\Program Files\Microsoft Visual Studio\2022\Professional\MSBuild\Current\bin\Roslyn;C:\Program Files\Microsoft Visual Studio\2022\Professional\Team Tools\Performance Tools\x64;C:\Program Files\Microsoft Visual Studio\2022\Professional\Team Tools\Performance Tools;C:\Program Files (x86)\Microsoft Visual Studio\Shared\Common\VSPerfCollectionTools\vs2019\\x64;C:\Program Files (x86)\Microsoft Visual Studio\Shared\Common\VSPerfCollectionTools\vs2019\;C:\Program Files (x86)\Microsoft SDKs\Windows\v10.0A\bin\NETFX 4.8 Tools\x64\;C:\Program Files (x86)\HTML Help Workshop;C:\Program Files\Microsoft Visual Studio\2022\Professional\Common7\IDE\CommonExtensions\Microsoft\FSharp\Tools;C:\Program Files (x86)\Windows Kits\10\bin\10.0.19041.0\\x64;C:\Program Files (x86)\Windows Kits\10\bin\\x64;C:\Program Files\Microsoft Visual Studio\2022\Professional\\MSBuild\Current\Bin\amd64;C:\WINDOWS\Microsoft.NET\Framework64\v4.0.30319;C:\Program Files\Microsoft Visual Studio\2022\Professional\Common7\IDE\;C:\Program Files\Microsoft Visual Studio\2022\Professional\Common7\Tools\;C:\Python27\;C:\Python27\Scripts;C:\WINDOWS\system32;C:\WINDOWS;C:\WINDOWS\System32\Wbem;C:\WINDOWS\System32\WindowsPowerShell\v1.0\;C:\WINDOWS\System32\OpenSSH\;C:\ProgramData\chocolatey\bin;C:\Program Files (x86)\WiX Toolset v3.7\bin;C:\Program Files\dotnet\;C:\Program Files\Zulu\zulu-11\bin\;C:\Program Files (x86)\Windows Kits\10\bin\10.0.19041.0\x64;C:\Program Files (x86)\Windows Kits\10\bin\10.0.18362.0\x64;C:\Program Files (x86)\Windows Kits\10\bin\10.0.17763.0\x64;C:\Program Files (x86)\Windows Kits\10\bin\x64;C:\Strawberry\c\bin;C:\Strawberry\perl\site\bin;C:\Strawberry\perl\bin;C:\Program Files\Git\cmd;C:\Program Files\Git\usr\bin;C:\Program Files\Git\mingw64\bin;C:\Program Files\Git\bin;C:\Python38\;C:\Python38\Scripts;C:\StoreBoxClientWindows;C:\Program Files\Electric Cloud\ElectricCommander\bin;C:\Program Files\WinRAR;C:\Program Files\7-Zip;C:\Users\Administrator\AppData\Local\Microsoft\WindowsApps;C:\Users\Administrator\.dotnet\tools;C:\Program Files\Microsoft Visual Studio\2022\Professional\Common7\IDE\CommonExtensions\Microsoft\CMake\CMake\bin;C:\Program Files\Microsoft Visual Studio\2022\Professional\Common7\IDE\CommonExtensions\Microsoft\CMake\Ninja;C:\Program Files\Microsoft Visual Studio\2022\Professional\Common7\IDE\VC\Linux\bin\ConnectionManagerExe;P:\shared\Artifactory\Windows\USD\6a9558d\bin;P:\shared\Artifactory\Windows\USD\6a9558d\lib
[2023-11-20T14:51:15.068Z]     -- Found UFE: P:/shared/Artifactory/Windows/rundev-master/202311130812/runtime/4053eca/devkitBase/devkit/ufe/include (found version "0.5.11")
[2023-11-20T14:51:15.068Z]     -- UFE include dir: P:/shared/Artifactory/Windows/rundev-master/202311130812/runtime/4053eca/devkitBase/devkit/ufe/include
[2023-11-20T14:51:15.068Z]     -- UFE library: P:/shared/Artifactory/Windows/rundev-master/202311130812/runtime/4053eca/devkitBase/devkit/ufe/lib/ufe_0.lib
[2023-11-20T14:51:15.068Z]     -- UFE version: 0.5.11
[2023-11-20T14:51:15.068Z]     -- Maya has UFE lights API
[2023-11-20T14:51:15.068Z]     -- Maya has UFE scene segment API
[2023-11-20T14:51:15.068Z]     -- Maya has UFE TrieNode childrenComponents accessor
[2023-11-20T14:51:15.068Z]     -- Building with UFE 0.5.11.
[2023-11-20T14:51:15.068Z]     -- Found MaterialX
[2023-11-20T14:51:15.399Z]     -- Performing Test HAVE_STDATOMIC
[2023-11-20T14:51:16.109Z]     -- Performing Test HAVE_STDATOMIC - Success
[2023-11-20T14:51:16.627Z]     -- Found OpenGL: opengl32
[2023-11-20T14:51:17.338Z]     -- Check if linker can resolve circular dependencies - TRUE
[2023-11-20T14:51:17.338Z]     -- Found Qt 6.5.3 in Maya devkit. Hydra Scene Browser will be built.
[2023-11-20T14:51:17.338Z]     -- **** Building Gulrak From Github Repository.
[2023-11-20T14:51:17.338Z]     -- Populating gulrak
[2023-11-20T14:51:17.669Z]     -- Configuring done
[2023-11-20T14:51:17.669Z]     -- Generating done
[2023-11-20T14:51:17.669Z]     -- Build files have been written to: W:/build/RelWithDebInfo/_deps/gulrak-subbuild
[2023-11-20T14:51:18.000Z]     [1/9] Creating directories for 'gulrak-populate'
[2023-11-20T14:51:18.000Z]     [1/9] Performing download step (git clone) for 'gulrak-populate'
[2023-11-20T14:51:18.331Z]     Cloning into 'gulrak-src'...
[2023-11-20T14:51:19.482Z]     HEAD is now at 4e21ab3 Version bump and updated readme.
[2023-11-20T14:51:21.146Z]     [2/9] Performing update step for 'gulrak-populate'
[2023-11-20T14:51:21.477Z]     [4/9] No patch step for 'gulrak-populate'
[2023-11-20T14:51:21.477Z]     [5/9] No configure step for 'gulrak-populate'
[2023-11-20T14:51:21.807Z]     [6/9] No build step for 'gulrak-populate'
[2023-11-20T14:51:21.807Z]     [7/9] No install step for 'gulrak-populate'
[2023-11-20T14:51:22.138Z]     [8/9] No test step for 'gulrak-populate'
[2023-11-20T14:51:22.138Z]     [9/9] Completed 'gulrak-populate'
[2023-11-20T14:51:22.849Z]     -- ========== Installing GoogleTest... ==========
[2023-11-20T14:51:23.212Z]     -- Configuring done
[2023-11-20T14:51:23.212Z]     -- Generating done
[2023-11-20T14:51:23.212Z]     -- Build files have been written to: W:/build/RelWithDebInfo/googletest-config
[2023-11-20T14:51:23.543Z]     [1/8] Creating directories for 'googletest'
[2023-11-20T14:51:29.459Z]     [2/8] Performing download step (git clone) for 'googletest'
[2023-11-20T14:51:29.459Z]     Cloning into 'googletest-src'...
[2023-11-20T14:51:29.459Z]     HEAD is now at 703bd9ca Googletest export
[2023-11-20T14:51:29.459Z]     [3/8] Performing update step for 'googletest'
[2023-11-20T14:51:29.459Z]     [4/8] No patch step for 'googletest'
[2023-11-20T14:51:32.424Z]     [5/8] Performing configure step for 'googletest'
[2023-11-20T14:51:32.424Z]     Not searching for unused variables given on the command line.
[2023-11-20T14:51:32.424Z]     CMake Deprecation Warning at CMakeLists.txt:4 (cmake_minimum_required):
[2023-11-20T14:51:32.424Z]       Compatibility with CMake < 2.8.12 will be removed from a future version of
[2023-11-20T14:51:32.424Z]       CMake.
[2023-11-20T14:51:32.424Z]     
[2023-11-20T14:51:32.424Z]       Update the VERSION argument <min> value or use a ...<max> suffix to tell
[2023-11-20T14:51:32.424Z]       CMake that the project does not need compatibility with older versions.
[2023-11-20T14:51:32.424Z]     
[2023-11-20T14:51:32.424Z]     
[2023-11-20T14:51:32.424Z]     -- The C compiler identification is MSVC 19.33.31629.0
[2023-11-20T14:51:32.424Z]     -- The CXX compiler identification is MSVC 19.33.31629.0
[2023-11-20T14:51:32.424Z]     -- Detecting C compiler ABI info
[2023-11-20T14:51:32.424Z]     -- Detecting C compiler ABI info - done
[2023-11-20T14:51:32.424Z]     -- Check for working C compiler: C:/Program Files/Microsoft Visual Studio/2022/Professional/VC/Tools/MSVC/14.33.31629/bin/Hostx64/x64/cl.exe - skipped
[2023-11-20T14:51:32.424Z]     -- Detecting C compile features
[2023-11-20T14:51:32.424Z]     -- Detecting C compile features - done
[2023-11-20T14:51:32.424Z]     -- Detecting CXX compiler ABI info
[2023-11-20T14:51:32.424Z]     -- Detecting CXX compiler ABI info - done
[2023-11-20T14:51:32.424Z]     -- Check for working CXX compiler: C:/Program Files/Microsoft Visual Studio/2022/Professional/VC/Tools/MSVC/14.33.31629/bin/Hostx64/x64/cl.exe - skipped
[2023-11-20T14:51:32.424Z]     -- Detecting CXX compile features
[2023-11-20T14:51:32.424Z]     -- Detecting CXX compile features - done
[2023-11-20T14:51:32.424Z]     CMake Deprecation Warning at googletest/CMakeLists.txt:56 (cmake_minimum_required):
[2023-11-20T14:51:32.424Z]       Compatibility with CMake < 2.8.12 will be removed from a future version of
[2023-11-20T14:51:32.424Z]       CMake.
[2023-11-20T14:51:32.424Z]     
[2023-11-20T14:51:32.424Z]       Update the VERSION argument <min> value or use a ...<max> suffix to tell
[2023-11-20T14:51:32.424Z]       CMake that the project does not need compatibility with older versions.
[2023-11-20T14:51:32.424Z]     
[2023-11-20T14:51:32.424Z]     
[2023-11-20T14:51:32.424Z]     -- Found PythonInterp: C:/Python27/python.exe (found version "2.7.18")
[2023-11-20T14:51:32.424Z]     -- Looking for pthread.h
[2023-11-20T14:51:32.424Z]     -- Looking for pthread.h - not found
[2023-11-20T14:51:32.424Z]     -- Found Threads: TRUE
[2023-11-20T14:51:32.424Z]     -- Configuring done
[2023-11-20T14:51:32.424Z]     -- Generating done
[2023-11-20T14:51:32.424Z]     -- Build files have been written to: W:/build/RelWithDebInfo/googletest-build
[2023-11-20T14:51:37.191Z]     [6/8] Performing build step for 'googletest'
[2023-11-20T14:51:37.191Z]     [1/4] Building CXX object googletest\CMakeFiles\gtest_main.dir\src\gtest_main.cc.obj
[2023-11-20T14:51:37.191Z]     [2/4] Building CXX object googletest\CMakeFiles\gtest.dir\src\gtest-all.cc.obj
[2023-11-20T14:51:37.191Z]     [3/4] Linking CXX shared library bin\gtest.dll
[2023-11-20T14:51:37.191Z]     [4/4] Linking CXX shared library bin\gtest_main.dll
[2023-11-20T14:51:37.191Z]     [7/8] Performing install step for 'googletest'
[2023-11-20T14:51:37.191Z]     [0/1] Install the project...
[2023-11-20T14:51:37.191Z]     -- Install configuration: "RelWithDebInfo"
[2023-11-20T14:51:37.191Z]     [8/8] Completed 'googletest'
[2023-11-20T14:51:37.191Z]     -- ========== ...  GoogleTest installed. ==========
[2023-11-20T14:51:38.343Z]     -- Found GTest: W:/build/RelWithDebInfo/googletest-install/lib/gtest.lib
[2023-11-20T14:51:38.343Z]     -- promoting: S:/Jenkins/workspace/ECP/ecg-maya-hydra/ecg-maya-hydra-branch-preflight-python3-windows/ecg-maya-hydra/maya-hydra/lib/mayaHydra/mayaPlugin/pluginUtils.h
[2023-11-20T14:51:38.343Z]     -- promoting: S:/Jenkins/workspace/ECP/ecg-maya-hydra/ecg-maya-hydra-branch-preflight-python3-windows/ecg-maya-hydra/maya-hydra/lib/mayaHydra/hydraExtensions/api.h
[2023-11-20T14:51:38.343Z]     -- promoting: S:/Jenkins/workspace/ECP/ecg-maya-hydra/ecg-maya-hydra-branch-preflight-python3-windows/ecg-maya-hydra/maya-hydra/lib/mayaHydra/hydraExtensions/debugCodes.h
[2023-11-20T14:51:38.343Z]     -- promoting: S:/Jenkins/workspace/ECP/ecg-maya-hydra/ecg-maya-hydra-branch-preflight-python3-windows/ecg-maya-hydra/maya-hydra/lib/mayaHydra/hydraExtensions/hydraUtils.h
[2023-11-20T14:51:38.343Z]     -- promoting: S:/Jenkins/workspace/ECP/ecg-maya-hydra/ecg-maya-hydra-branch-preflight-python3-windows/ecg-maya-hydra/maya-hydra/lib/mayaHydra/hydraExtensions/mayaHydraLibInterface.h
[2023-11-20T14:51:38.343Z]     -- promoting: S:/Jenkins/workspace/ECP/ecg-maya-hydra/ecg-maya-hydra-branch-preflight-python3-windows/ecg-maya-hydra/maya-hydra/lib/mayaHydra/hydraExtensions/mayaHydraLibInterfaceImp.h
[2023-11-20T14:51:38.343Z]     -- promoting: S:/Jenkins/workspace/ECP/ecg-maya-hydra/ecg-maya-hydra-branch-preflight-python3-windows/ecg-maya-hydra/maya-hydra/lib/mayaHydra/hydraExtensions/mayaUtils.h
[2023-11-20T14:51:38.343Z]     -- promoting: S:/Jenkins/workspace/ECP/ecg-maya-hydra/ecg-maya-hydra-branch-preflight-python3-windows/ecg-maya-hydra/maya-hydra/lib/mayaHydra/hydraExtensions/mixedUtils.h
[2023-11-20T14:51:38.343Z]     -- promoting: S:/Jenkins/workspace/ECP/ecg-maya-hydra/ecg-maya-hydra-branch-preflight-python3-windows/ecg-maya-hydra/maya-hydra/lib/mayaHydra/hydraExtensions/mayaHydraSceneProducer.h
[2023-11-20T14:51:38.343Z]     -- promoting: S:/Jenkins/workspace/ECP/ecg-maya-hydra/ecg-maya-hydra-branch-preflight-python3-windows/ecg-maya-hydra/maya-hydra/lib/mayaHydra/hydraExtensions/adapters/adapter.h
[2023-11-20T14:51:38.343Z]     -- promoting: S:/Jenkins/workspace/ECP/ecg-maya-hydra/ecg-maya-hydra-branch-preflight-python3-windows/ecg-maya-hydra/maya-hydra/lib/mayaHydra/hydraExtensions/adapters/adapterDebugCodes.h
[2023-11-20T14:51:38.343Z]     -- promoting: S:/Jenkins/workspace/ECP/ecg-maya-hydra/ecg-maya-hydra-branch-preflight-python3-windows/ecg-maya-hydra/maya-hydra/lib/mayaHydra/hydraExtensions/adapters/adapterRegistry.h
[2023-11-20T14:51:38.343Z]     -- promoting: S:/Jenkins/workspace/ECP/ecg-maya-hydra/ecg-maya-hydra-branch-preflight-python3-windows/ecg-maya-hydra/maya-hydra/lib/mayaHydra/hydraExtensions/adapters/cameraAdapter.h
[2023-11-20T14:51:38.343Z]     -- promoting: S:/Jenkins/workspace/ECP/ecg-maya-hydra/ecg-maya-hydra-branch-preflight-python3-windows/ecg-maya-hydra/maya-hydra/lib/mayaHydra/hydraExtensions/adapters/constantShadowMatrix.h
[2023-11-20T14:51:38.343Z]     -- promoting: S:/Jenkins/workspace/ECP/ecg-maya-hydra/ecg-maya-hydra-branch-preflight-python3-windows/ecg-maya-hydra/maya-hydra/lib/mayaHydra/hydraExtensions/adapters/dagAdapter.h
[2023-11-20T14:51:38.343Z]     -- promoting: S:/Jenkins/workspace/ECP/ecg-maya-hydra/ecg-maya-hydra-branch-preflight-python3-windows/ecg-maya-hydra/maya-hydra/lib/mayaHydra/hydraExtensions/adapters/renderItemAdapter.h
[2023-11-20T14:51:38.343Z]     -- promoting: S:/Jenkins/workspace/ECP/ecg-maya-hydra/ecg-maya-hydra-branch-preflight-python3-windows/ecg-maya-hydra/maya-hydra/lib/mayaHydra/hydraExtensions/adapters/lightAdapter.h
[2023-11-20T14:51:38.343Z]     -- promoting: S:/Jenkins/workspace/ECP/ecg-maya-hydra/ecg-maya-hydra-branch-preflight-python3-windows/ecg-maya-hydra/maya-hydra/lib/mayaHydra/hydraExtensions/adapters/materialAdapter.h
[2023-11-20T14:51:38.343Z]     -- promoting: S:/Jenkins/workspace/ECP/ecg-maya-hydra/ecg-maya-hydra-branch-preflight-python3-windows/ecg-maya-hydra/maya-hydra/lib/mayaHydra/hydraExtensions/adapters/materialNetworkConverter.h
[2023-11-20T14:51:38.343Z]     -- promoting: S:/Jenkins/workspace/ECP/ecg-maya-hydra/ecg-maya-hydra-branch-preflight-python3-windows/ecg-maya-hydra/maya-hydra/lib/mayaHydra/hydraExtensions/adapters/mayaAttrs.h
[2023-11-20T14:51:38.343Z]     -- promoting: S:/Jenkins/workspace/ECP/ecg-maya-hydra/ecg-maya-hydra-branch-preflight-python3-windows/ecg-maya-hydra/maya-hydra/lib/mayaHydra/hydraExtensions/adapters/shapeAdapter.h
[2023-11-20T14:51:38.343Z]     -- promoting: S:/Jenkins/workspace/ECP/ecg-maya-hydra/ecg-maya-hydra-branch-preflight-python3-windows/ecg-maya-hydra/maya-hydra/lib/mayaHydra/hydraExtensions/adapters/tokens.h
[2023-11-20T14:51:38.343Z]     -- promoting: S:/Jenkins/workspace/ECP/ecg-maya-hydra/ecg-maya-hydra-branch-preflight-python3-windows/ecg-maya-hydra/maya-hydra/lib/mayaHydra/hydraExtensions/delegates/delegate.h
[2023-11-20T14:51:38.343Z]     -- promoting: S:/Jenkins/workspace/ECP/ecg-maya-hydra/ecg-maya-hydra-branch-preflight-python3-windows/ecg-maya-hydra/maya-hydra/lib/mayaHydra/hydraExtensions/delegates/delegateCtx.h
[2023-11-20T14:51:38.343Z]     -- promoting: S:/Jenkins/workspace/ECP/ecg-maya-hydra/ecg-maya-hydra-branch-preflight-python3-windows/ecg-maya-hydra/maya-hydra/lib/mayaHydra/hydraExtensions/delegates/delegateDebugCodes.h
[2023-11-20T14:51:38.343Z]     -- promoting: S:/Jenkins/workspace/ECP/ecg-maya-hydra/ecg-maya-hydra-branch-preflight-python3-windows/ecg-maya-hydra/maya-hydra/lib/mayaHydra/hydraExtensions/delegates/delegateRegistry.h
[2023-11-20T14:51:38.343Z]     -- promoting: S:/Jenkins/workspace/ECP/ecg-maya-hydra/ecg-maya-hydra-branch-preflight-python3-windows/ecg-maya-hydra/maya-hydra/lib/mayaHydra/hydraExtensions/delegates/params.h
[2023-11-20T14:51:38.343Z]     -- promoting: S:/Jenkins/workspace/ECP/ecg-maya-hydra/ecg-maya-hydra-branch-preflight-python3-windows/ecg-maya-hydra/maya-hydra/lib/mayaHydra/hydraExtensions/delegates/sceneDelegate.h
[2023-11-20T14:51:38.343Z]     -- promoting: S:/Jenkins/workspace/ECP/ecg-maya-hydra/ecg-maya-hydra-branch-preflight-python3-windows/ecg-maya-hydra/maya-hydra/lib/mayaHydra/hydraExtensions/delegates/defaultLightDelegate.h
[2023-11-20T14:51:38.343Z]     -- promoting: S:/Jenkins/workspace/ECP/ecg-maya-hydra/ecg-maya-hydra-branch-preflight-python3-windows/ecg-maya-hydra/maya-hydra/lib/mayaHydra/hydraExtensions/delegates/testDelegate.h
[2023-11-20T14:51:38.343Z]     -- promoting: S:/Jenkins/workspace/ECP/ecg-maya-hydra/ecg-maya-hydra-branch-preflight-python3-windows/ecg-maya-hydra/maya-hydra/lib/mayaHydra/hydraExtensions/sceneIndex/registration.h
[2023-11-20T14:51:38.343Z]     -- promoting: S:/Jenkins/workspace/ECP/ecg-maya-hydra/ecg-maya-hydra-branch-preflight-python3-windows/ecg-maya-hydra/maya-hydra/lib/mayaHydra/hydraExtensions/sceneIndex/mayaHydraSceneIndex.h
[2023-11-20T14:51:38.343Z]     -- promoting: S:/Jenkins/workspace/ECP/ecg-maya-hydra/ecg-maya-hydra-branch-preflight-python3-windows/ecg-maya-hydra/maya-hydra/lib/mayaHydra/hydraExtensions/sceneIndex/mayaHydraDataSource.h
[2023-11-20T14:51:38.343Z]     -- promoting: S:/Jenkins/workspace/ECP/ecg-maya-hydra/ecg-maya-hydra-branch-preflight-python3-windows/ecg-maya-hydra/maya-hydra/lib/mayaHydra/hydraExtensions/sceneIndex/mayaHydraPrimvarDataSource.h
[2023-11-20T14:51:38.343Z]     -- promoting: S:/Jenkins/workspace/ECP/ecg-maya-hydra/ecg-maya-hydra-branch-preflight-python3-windows/ecg-maya-hydra/maya-hydra/lib/mayaHydra/hydraExtensions/sceneIndex/mayaHydraDisplayStyleDataSource.h
[2023-11-20T14:51:38.343Z]     -- promoting: S:/Jenkins/workspace/ECP/ecg-maya-hydra/ecg-maya-hydra-branch-preflight-python3-windows/ecg-maya-hydra/maya-hydra/lib/mayaHydra/hydraExtensions/sceneIndex/mayaHydraCameraDataSource.h
[2023-11-20T14:51:38.343Z]     -- promoting: S:/Jenkins/workspace/ECP/ecg-maya-hydra/ecg-maya-hydra-branch-preflight-python3-windows/ecg-maya-hydra/maya-hydra/lib/mayaHydra/hydraExtensions/sceneIndex/mayaHydraLightDataSource.h
[2023-11-20T14:51:38.343Z]     -- promoting: S:/Jenkins/workspace/ECP/ecg-maya-hydra/ecg-maya-hydra-branch-preflight-python3-windows/ecg-maya-hydra/maya-hydra/lib/mayaHydra/hydraExtensions/sceneIndex/mayaHydraDefaultLightDataSource.h
[2023-11-20T14:51:38.343Z]     -- promoting: S:/Jenkins/workspace/ECP/ecg-maya-hydra/ecg-maya-hydra-branch-preflight-python3-windows/ecg-maya-hydra/maya-hydra/lib/mayaHydra/ufeExtensions/api.h
[2023-11-20T14:51:38.343Z]     -- promoting: S:/Jenkins/workspace/ECP/ecg-maya-hydra/ecg-maya-hydra-branch-preflight-python3-windows/ecg-maya-hydra/maya-hydra/lib/mayaHydra/ufeExtensions/Global.h
[2023-11-20T14:51:38.343Z]     -- promoting: S:/Jenkins/workspace/ECP/ecg-maya-hydra/ecg-maya-hydra-branch-preflight-python3-windows/ecg-maya-hydra/maya-hydra/lib/flowViewport/api.h
[2023-11-20T14:51:38.343Z]     -- promoting: S:/Jenkins/workspace/ECP/ecg-maya-hydra/ecg-maya-hydra-branch-preflight-python3-windows/ecg-maya-hydra/maya-hydra/lib/flowViewport/debugCodes.h
[2023-11-20T14:51:38.343Z]     -- promoting: S:/Jenkins/workspace/ECP/ecg-maya-hydra/ecg-maya-hydra-branch-preflight-python3-windows/ecg-maya-hydra/maya-hydra/lib/flowViewport/global.h
[2023-11-20T14:51:38.343Z]     -- promoting: S:/Jenkins/workspace/ECP/ecg-maya-hydra/ecg-maya-hydra-branch-preflight-python3-windows/ecg-maya-hydra/maya-hydra/lib/flowViewport/tokens.h
[2023-11-20T14:51:38.343Z]     -- promoting: S:/Jenkins/workspace/ECP/ecg-maya-hydra/ecg-maya-hydra-branch-preflight-python3-windows/ecg-maya-hydra/maya-hydra/lib/flowViewport/colorPreferences/fvpColorChanged.h
[2023-11-20T14:51:38.343Z]     -- promoting: S:/Jenkins/workspace/ECP/ecg-maya-hydra/ecg-maya-hydra-branch-preflight-python3-windows/ecg-maya-hydra/maya-hydra/lib/flowViewport/colorPreferences/fvpColorPreferences.h
[2023-11-20T14:51:38.343Z]     -- promoting: S:/Jenkins/workspace/ECP/ecg-maya-hydra/ecg-maya-hydra-branch-preflight-python3-windows/ecg-maya-hydra/maya-hydra/lib/flowViewport/colorPreferences/fvpColorPreferencesTokens.h
[2023-11-20T14:51:38.343Z]     -- promoting: S:/Jenkins/workspace/ECP/ecg-maya-hydra/ecg-maya-hydra-branch-preflight-python3-windows/ecg-maya-hydra/maya-hydra/lib/flowViewport/colorPreferences/fvpColorPreferencesTranslator.h
[2023-11-20T14:51:38.343Z]     -- promoting: S:/Jenkins/workspace/ECP/ecg-maya-hydra/ecg-maya-hydra-branch-preflight-python3-windows/ecg-maya-hydra/maya-hydra/lib/flowViewport/sceneIndex/fvpMergingSceneIndex.h
[2023-11-20T14:51:38.343Z]     -- promoting: S:/Jenkins/workspace/ECP/ecg-maya-hydra/ecg-maya-hydra-branch-preflight-python3-windows/ecg-maya-hydra/maya-hydra/lib/flowViewport/sceneIndex/fvpPathInterface.h
[2023-11-20T14:51:38.343Z]     -- promoting: S:/Jenkins/workspace/ECP/ecg-maya-hydra/ecg-maya-hydra-branch-preflight-python3-windows/ecg-maya-hydra/maya-hydra/lib/flowViewport/sceneIndex/fvpPathInterfaceSceneIndex.h
[2023-11-20T14:51:38.343Z]     -- promoting: S:/Jenkins/workspace/ECP/ecg-maya-hydra/ecg-maya-hydra-branch-preflight-python3-windows/ecg-maya-hydra/maya-hydra/lib/flowViewport/sceneIndex/fvpRenderIndexProxy.h
[2023-11-20T14:51:38.343Z]     -- promoting: S:/Jenkins/workspace/ECP/ecg-maya-hydra/ecg-maya-hydra-branch-preflight-python3-windows/ecg-maya-hydra/maya-hydra/lib/flowViewport/sceneIndex/fvpRenderIndexProxyFwd.h
[2023-11-20T14:51:38.343Z]     -- promoting: S:/Jenkins/workspace/ECP/ecg-maya-hydra/ecg-maya-hydra-branch-preflight-python3-windows/ecg-maya-hydra/maya-hydra/lib/flowViewport/sceneIndex/fvpSelectionSceneIndex.h
[2023-11-20T14:51:38.343Z]     -- promoting: S:/Jenkins/workspace/ECP/ecg-maya-hydra/ecg-maya-hydra-branch-preflight-python3-windows/ecg-maya-hydra/maya-hydra/lib/flowViewport/sceneIndex/fvpWireframeSelectionHighlightSceneIndex.h
[2023-11-20T14:51:38.343Z]     -- promoting: S:/Jenkins/workspace/ECP/ecg-maya-hydra/ecg-maya-hydra-branch-preflight-python3-windows/ecg-maya-hydra/maya-hydra/lib/flowViewport/API/fvpSelectionClient.h
[2023-11-20T14:51:38.343Z]     -- promoting: S:/Jenkins/workspace/ECP/ecg-maya-hydra/ecg-maya-hydra-branch-preflight-python3-windows/ecg-maya-hydra/maya-hydra/lib/flowViewport/API/fvpFlowSelectionInterface.h
[2023-11-20T14:51:38.343Z]     -- promoting: S:/Jenkins/workspace/ECP/ecg-maya-hydra/ecg-maya-hydra-branch-preflight-python3-windows/ecg-maya-hydra/maya-hydra/lib/flowViewport/API/fvpVersionInterface.h
[2023-11-20T14:51:38.343Z]     -- promoting: S:/Jenkins/workspace/ECP/ecg-maya-hydra/ecg-maya-hydra-branch-preflight-python3-windows/ecg-maya-hydra/maya-hydra/lib/flowViewport/API/fvpInformationInterface.h
[2023-11-20T14:51:38.343Z]     -- promoting: S:/Jenkins/workspace/ECP/ecg-maya-hydra/ecg-maya-hydra-branch-preflight-python3-windows/ecg-maya-hydra/maya-hydra/lib/flowViewport/API/fvpInformationClient.h
[2023-11-20T14:51:38.343Z]     -- promoting: S:/Jenkins/workspace/ECP/ecg-maya-hydra/ecg-maya-hydra-branch-preflight-python3-windows/ecg-maya-hydra/maya-hydra/lib/flowViewport/API/interfacesImp/fvpSelectionInterfaceImp.h
[2023-11-20T14:51:38.343Z]     -- promoting: S:/Jenkins/workspace/ECP/ecg-maya-hydra/ecg-maya-hydra-branch-preflight-python3-windows/ecg-maya-hydra/maya-hydra/lib/flowViewport/API/interfacesImp/fvpVersionInterfaceImp.h
[2023-11-20T14:51:38.343Z]     -- promoting: S:/Jenkins/workspace/ECP/ecg-maya-hydra/ecg-maya-hydra-branch-preflight-python3-windows/ecg-maya-hydra/maya-hydra/lib/flowViewport/API/interfacesImp/fvpInformationInterfaceImp.h
[2023-11-20T14:51:38.343Z]     -- promoting: S:/Jenkins/workspace/ECP/ecg-maya-hydra/ecg-maya-hydra-branch-preflight-python3-windows/ecg-maya-hydra/maya-hydra/lib/flowViewport/API/samples/fvpSelectionClientExample.h
[2023-11-20T14:51:38.343Z]     -- promoting: S:/Jenkins/workspace/ECP/ecg-maya-hydra/ecg-maya-hydra-branch-preflight-python3-windows/ecg-maya-hydra/maya-hydra/lib/flowViewport/API/samples/fvpInformationClientExample.h
[2023-11-20T14:51:38.343Z]     -- promoting: S:/Jenkins/workspace/ECP/ecg-maya-hydra/ecg-maya-hydra-branch-preflight-python3-windows/ecg-maya-hydra/maya-hydra/lib/flowViewport/API/perViewportSceneIndicesData/fvpViewportInformationAndSceneIndicesPerViewportData.h
[2023-11-20T14:51:38.343Z]     -- promoting: S:/Jenkins/workspace/ECP/ecg-maya-hydra/ecg-maya-hydra-branch-preflight-python3-windows/ecg-maya-hydra/maya-hydra/lib/flowViewport/API/perViewportSceneIndicesData/fvpViewportInformationAndSceneIndicesPerViewportDataManager.h
[2023-11-20T14:51:38.343Z]     -- promoting: S:/Jenkins/workspace/ECP/ecg-maya-hydra/ecg-maya-hydra-branch-preflight-python3-windows/ecg-maya-hydra/maya-hydra/lib/flowViewport/selection/fvpSelection.h
[2023-11-20T14:51:38.343Z]     -- promoting: S:/Jenkins/workspace/ECP/ecg-maya-hydra/ecg-maya-hydra-branch-preflight-python3-windows/ecg-maya-hydra/maya-hydra/lib/flowViewport/selection/fvpSelectionFwd.h
[2023-11-20T14:51:38.343Z]     -- promoting: S:/Jenkins/workspace/ECP/ecg-maya-hydra/ecg-maya-hydra-branch-preflight-python3-windows/ecg-maya-hydra/maya-hydra/lib/flowViewport/selection/fvpSelectionTask.h
[2023-11-20T14:51:38.343Z]     -- promoting: S:/Jenkins/workspace/ECP/ecg-maya-hydra/ecg-maya-hydra-branch-preflight-python3-windows/ecg-maya-hydra/maya-hydra/lib/flowViewport/selection/fvpSelectionTracker.h
[2023-11-20T14:51:40.608Z]     -- Configuring done
[2023-11-20T14:51:40.940Z]     -- Generating done
[2023-11-20T14:51:40.940Z]     -- Build files have been written to: W:/build/RelWithDebInfo
[2023-11-20T14:51:40.940Z]     
[2023-11-20T14:51:40.940Z]         Building with settings:
[2023-11-20T14:51:40.940Z]           Source directory          S:\Jenkins\workspace\ECP\ecg-maya-hydra\ecg-maya-hydra-branch-preflight-python3-windows\ecg-maya-hydra\maya-hydra
[2023-11-20T14:51:40.940Z]           Workspace directory       W:\
[2023-11-20T14:51:40.940Z]           Build directory           W:\build\RelWithDebInfo
[2023-11-20T14:51:40.940Z]           Install directory         W:\install\RelWithDebInfo\MayaHydra
[2023-11-20T14:51:40.940Z]           Variant                   RelWithDebInfo
[2023-11-20T14:51:40.940Z]           Python Debug              Off
[2023-11-20T14:51:40.940Z]           CMake generator           Ninja
[2023-11-20T14:51:40.940Z]           Build arguments           ['-DCMAKE_MAKE_PROGRAM=P:/shared/Artifactory/Windows/ninja/1.10.2/ccacdf8/ninja.exe', '-DPYTHON_INCLUDE_DIR=P:/shared/Artifactory/Windows/rundev-master/202311130812/runtime/4053eca/runTime/include/Python311/Python', '-DPython_EXECUTABLE=P:/shared/Artifactory/Windows/rundev-master/202311130812/runtime/4053eca/runTime/bin/mayapy.exe', '-DPYTHON_LIBRARIES=P:/shared/Artifactory/Windows/rundev-master/202311130812/runtime/4053eca/runTime/lib/python311.lib', '-DBUILD_WITH_PYTHON_3_VERSION=3.11', '-DCMAKE_WANT_MATERIALX_BUILD=ON', '-DCMAKE_PREFIX_PATH=P:\\shared\\Artifactory\\Windows\\USD\\6a9558d', '-DMAYAHYDRA_BUILD_NUMBER=410', '-DMAYAHYDRA_GIT_COMMIT=92cbd0d76b7ed18e4dc68a344103f1b9271b880a', '-DMAYAHYDRA_GIT_BRANCH=master']
[2023-11-20T14:51:40.940Z]           Stages arguments          ['configure']
[2023-11-20T14:51:40.940Z]           CTest arguments           ['--parallel 16']
[2023-11-20T14:51:40.940Z]     STATUS: Found Maya Qt headers in: P:\shared\Artifactory\Windows\rundev-master\202311130812\runtime\4053eca\devkitBase
[2023-11-20T14:51:40.940Z]     Success MayaHydra build and install !!!!
[2023-11-20T14:51:40.940Z]     Elapsed time: 00:00:30
[Pipeline] bat
[2023-11-20T14:51:41.581Z] Deleting alias drive W:
[Pipeline] bat
[2023-11-20T14:51:42.178Z] Deleting alias drive P:
[Pipeline] }
[Pipeline] // withEnv
[Pipeline] }
[Pipeline] // timeout
[Pipeline] }
[Pipeline] // stage
[Pipeline] }
[Pipeline] // timestamps
[Pipeline] timestamps
[Pipeline] {
[Pipeline] stage
[Pipeline] { (Build)
[Pipeline] timeout
[2023-11-20T14:51:42.365Z] Timeout set to expire in 6 hr 0 min
[Pipeline] {
[Pipeline] withEnv
[Pipeline] {
[Pipeline] bat
[2023-11-20T14:51:42.923Z] Creating alias drive P: to S:\jenkins\workspace
[Pipeline] bat
[2023-11-20T14:51:43.501Z] Creating alias drive W: to S:\Jenkins\workspace\ECP\ecg-maya-hydra\ecg-maya-hydra-branch-preflight-python3-windows
[Pipeline] bat
[2023-11-20T14:51:44.212Z] "C:\Program Files\Microsoft Visual Studio\2022\Professional\VC\Auxiliary\Build\vcvarsall.bat" x64
[2023-11-20T14:51:44.543Z] **********************************************************************
[2023-11-20T14:51:44.543Z] ** Visual Studio 2022 Developer Command Prompt v17.3.2
[2023-11-20T14:51:44.543Z] ** Copyright (c) 2022 Microsoft Corporation
[2023-11-20T14:51:44.543Z] **********************************************************************
[2023-11-20T14:51:45.695Z] [vcvarsall.bat] Environment initialized for: 'x64'
[2023-11-20T14:51:45.695Z] python ecg-maya-hydra/build.py --stages=build --workspace-dir=W:\ --artifactory-dir=P:\shared\Artifactory --build-dir=W:\build --install-dir=W:\install --signing-dir=W:\signing --package-dir=W:\package --output-dir=W:\output --stash-dir=W:\stash --jenkins-build=410 --git-commit=92cbd0d76b7ed18e4dc68a344103f1b9271b880a --git-branch=master --variants=Debug --interactive-tests=true --post-zips=false --osx-binary-architecture-target=ub2 --osx-deployment-target=11.0 --osx-base-sdk=CurrentActiveSDK --build-retry=3 --maya-cut-config=maya-rundev-master-debug.yaml --maya-package=rundev-master-debug --stage-banner
[2023-11-20T14:51:46.845Z] Using Maya cut from P:\shared\Artifactory\Windows\rundev-master-debug\202311130621\runtime\229465b
[2023-11-20T14:51:46.846Z] Using Maya ADSK Signatures from P:\shared\Artifactory\Windows\adsk-plugin-signatures-maya\2023\3ae1ae7
[2023-11-20T14:51:46.846Z] Using Maya Security Library from P:\shared\Artifactory\Windows\maya-security-library\3.4.0\284407f
[2023-11-20T14:51:46.846Z] 
[2023-11-20T14:51:46.846Z] ================================================================================
[2023-11-20T14:51:46.846Z]                                  build (Debug)
[2023-11-20T14:51:46.846Z] ================================================================================
[2023-11-20T14:51:46.846Z] Maya Python Debug Info:
[2023-11-20T14:51:46.846Z]   mayapy executable   = P:\shared\Artifactory\Windows\rundev-master-debug\202311130621\runtime\229465b\runTime\bin\mayapy.exe
[2023-11-20T14:51:46.846Z]   Include Folder      = P:\shared\Artifactory\Windows\rundev-master-debug\202311130621\runtime\229465b\runTime\include\Python311\Python
[2023-11-20T14:51:46.846Z]   Library             = P:\shared\Artifactory\Windows\rundev-master-debug\202311130621\runtime\229465b\runTime\lib\python311_d.lib
[2023-11-20T14:51:46.846Z]   site-package Folder = P:\shared\Artifactory\Windows\rundev-master-debug\202311130621\runtime\229465b\runTime\Python\Lib\site-packages
[2023-11-20T14:51:49.109Z] 
[2023-11-20T14:51:49.109Z]             WARNING: The 'psutil' python package isn't installed. Thus, Peptide
[2023-11-20T14:51:49.109Z]             won't be able to determine the amount of RAM available. It will assume
[2023-11-20T14:51:49.109Z]             that your machine has only 16GB available, and will limit the number
[2023-11-20T14:51:49.109Z]             the number of link jobs being performed in parallel. This can
[2023-11-20T14:51:49.109Z]             negatively affect your build times.
[2023-11-20T14:51:49.109Z] 
[2023-11-20T14:51:49.109Z]             Please 'pip(3) install psutil' to resolve this.
[2023-11-20T14:51:49.109Z]             
[2023-11-20T14:51:49.109Z] In workdir: S:\Jenkins\workspace\ECP\ecg-maya-hydra\ecg-maya-hydra-branch-preflight-python3-windows\ecg-maya-hydra\maya-hydra
[2023-11-20T14:51:49.109Z] Executing: 'P:\\shared\\Artifactory\\Windows\\rundev-master-debug\\202311130621\\runtime\\229465b\\runTime\\bin\\mayapy.exe' 'S:\\Jenkins\\workspace\\ECP\\ecg-maya-hydra\\ecg-maya-hydra-branch-preflight-python3-windows\\ecg-maya-hydra\\maya-hydra\\build.py' --generator Ninja --build-debug --maya-location 'P:\\shared\\Artifactory\\Windows\\rundev-master-debug\\202311130621\\runtime\\229465b\\runTime' --devkit-location 'P:\\shared\\Artifactory\\Windows\\rundev-master-debug\\202311130621\\runtime\\229465b\\devkitBase' --pxrusd-location 'P:\\shared\\Artifactory\\Windows\\USD\\01f407c' '--build-args=-DCMAKE_MAKE_PROGRAM=P:/shared/Artifactory/Windows/ninja/1.10.2/ccacdf8/ninja.exe,-DPYTHON_INCLUDE_DIR=P:/shared/Artifactory/Windows/rundev-master-debug/202311130621/runtime/229465b/runTime/include/Python311/Python,-DPython_EXECUTABLE=P:/shared/Artifactory/Windows/rundev-master-debug/202311130621/runtime/229465b/runTime/bin/mayapy.exe,-DPYTHON_LIBRARIES=P:/shared/Artifactory/Windows/rundev-master-debug/202311130621/runtime/229465b/runTime/lib/python311_d.lib,-DBUILD_WITH_PYTHON_3_VERSION=3.11,-DCMAKE_WANT_MATERIALX_BUILD=ON,-DCMAKE_PREFIX_PATH=P:\\shared\\Artifactory\\Windows\\USD\\01f407c,-DMAYAHYDRA_BUILD_NUMBER=410,-DMAYAHYDRA_GIT_COMMIT=92cbd0d76b7ed18e4dc68a344103f1b9271b880a,-DMAYAHYDRA_GIT_BRANCH=master' --debug-python '--ctest-args=--parallel 16' --stages=build --redirect-outstream-file=False --install-location 'W:\\install\\Debug\\MayaHydra' 'W:\\'
[2023-11-20T14:51:49.109Z] Modified environment variables:
[2023-11-20T14:51:49.109Z]     PATH=P:\shared\Artifactory\Windows\cmake\3.20.3\afe857a\bin;C:\Python27\lib\site-packages\pywin32_system32;C:\Program Files\Microsoft Visual Studio\2022\Professional\VC\Tools\MSVC\14.33.31629\bin\HostX64\x64;C:\Program Files\Microsoft Visual Studio\2022\Professional\Common7\IDE\VC\VCPackages;C:\Program Files\Microsoft Visual Studio\2022\Professional\Common7\IDE\CommonExtensions\Microsoft\TestWindow;C:\Program Files\Microsoft Visual Studio\2022\Professional\Common7\IDE\CommonExtensions\Microsoft\TeamFoundation\Team Explorer;C:\Program Files\Microsoft Visual Studio\2022\Professional\MSBuild\Current\bin\Roslyn;C:\Program Files\Microsoft Visual Studio\2022\Professional\Team Tools\Performance Tools\x64;C:\Program Files\Microsoft Visual Studio\2022\Professional\Team Tools\Performance Tools;C:\Program Files (x86)\Microsoft Visual Studio\Shared\Common\VSPerfCollectionTools\vs2019\\x64;C:\Program Files (x86)\Microsoft Visual Studio\Shared\Common\VSPerfCollectionTools\vs2019\;C:\Program Files (x86)\Microsoft SDKs\Windows\v10.0A\bin\NETFX 4.8 Tools\x64\;C:\Program Files (x86)\HTML Help Workshop;C:\Program Files\Microsoft Visual Studio\2022\Professional\Common7\IDE\CommonExtensions\Microsoft\FSharp\Tools;C:\Program Files (x86)\Windows Kits\10\bin\10.0.19041.0\\x64;C:\Program Files (x86)\Windows Kits\10\bin\\x64;C:\Program Files\Microsoft Visual Studio\2022\Professional\\MSBuild\Current\Bin\amd64;C:\WINDOWS\Microsoft.NET\Framework64\v4.0.30319;C:\Program Files\Microsoft Visual Studio\2022\Professional\Common7\IDE\;C:\Program Files\Microsoft Visual Studio\2022\Professional\Common7\Tools\;C:\Python27\;C:\Python27\Scripts;C:\WINDOWS\system32;C:\WINDOWS;C:\WINDOWS\System32\Wbem;C:\WINDOWS\System32\WindowsPowerShell\v1.0\;C:\WINDOWS\System32\OpenSSH\;C:\ProgramData\chocolatey\bin;C:\Program Files (x86)\WiX Toolset v3.7\bin;C:\Program Files\dotnet\;C:\Program Files\Zulu\zulu-11\bin\;C:\Program Files (x86)\Windows Kits\10\bin\10.0.19041.0\x64;C:\Program Files (x86)\Windows Kits\10\bin\10.0.18362.0\x64;C:\Program Files (x86)\Windows Kits\10\bin\10.0.17763.0\x64;C:\Program Files (x86)\Windows Kits\10\bin\x64;C:\Strawberry\c\bin;C:\Strawberry\perl\site\bin;C:\Strawberry\perl\bin;C:\Program Files\Git\cmd;C:\Program Files\Git\usr\bin;C:\Program Files\Git\mingw64\bin;C:\Program Files\Git\bin;C:\Python38\;C:\Python38\Scripts;C:\StoreBoxClientWindows;C:\Program Files\Electric Cloud\ElectricCommander\bin;C:\Program Files\WinRAR;C:\Program Files\7-Zip;C:\Users\Administrator\AppData\Local\Microsoft\WindowsApps;C:\Users\Administrator\.dotnet\tools;C:\Program Files\Microsoft Visual Studio\2022\Professional\Common7\IDE\CommonExtensions\Microsoft\CMake\CMake\bin;C:\Program Files\Microsoft Visual Studio\2022\Professional\Common7\IDE\CommonExtensions\Microsoft\CMake\Ninja;C:\Program Files\Microsoft Visual Studio\2022\Professional\Common7\IDE\VC\Linux\bin\ConnectionManagerExe
[2023-11-20T14:51:51.371Z]     [1/107] Building CXX object lib\flowViewport\CMakeFiles\flowViewport.dir\sceneIndex\fvpPathInterface.cpp.obj
[2023-11-20T14:51:51.371Z]     [2/107] Building CXX object lib\flowViewport\CMakeFiles\flowViewport.dir\API\interfacesImp\fvpVersionInterfaceImp.cpp.obj
[2023-11-20T14:51:52.083Z]     [3/107] Building CXX object lib\flowViewport\CMakeFiles\flowViewport.dir\debugCodes.cpp.obj
[2023-11-20T14:51:52.083Z]     [4/107] Building CXX object lib\flowViewport\CMakeFiles\flowViewport.dir\colorPreferences\fvpColorPreferencesTokens.cpp.obj
[2023-11-20T14:51:52.083Z]     [5/107] Building CXX object lib\flowViewport\CMakeFiles\flowViewport.dir\tokens.cpp.obj
[2023-11-20T14:51:52.413Z]     [6/107] Building CXX object lib\flowViewport\CMakeFiles\flowViewport.dir\colorPreferences\fvpColorChanged.cpp.obj
[2023-11-20T14:51:52.413Z]     [7/107] Building CXX object lib\flowViewport\CMakeFiles\flowViewport.dir\selection\fvpSelectionFwd.cpp.obj
[2023-11-20T14:51:52.413Z]     [8/107] Building CXX object lib\flowViewport\CMakeFiles\flowViewport.dir\colorPreferences\fvpColorPreferences.cpp.obj
[2023-11-20T14:51:52.747Z]     [9/107] Building CXX object lib\flowViewport\CMakeFiles\flowViewport.dir\API\samples\fvpSelectionClientExample.cpp.obj
[2023-11-20T14:51:53.077Z]     [10/107] Building CXX object lib\flowViewport\CMakeFiles\flowViewport.dir\API\interfacesImp\fvpSelectionInterfaceImp.cpp.obj
[2023-11-20T14:51:53.077Z]     [11/107] Building CXX object lib\mayaHydra\ufeExtensions\CMakeFiles\ufeExtensions.dir\Global.cpp.obj
[2023-11-20T14:51:53.788Z]     [12/107] Linking CXX shared library lib\mayaHydra\ufeExtensions\ufeExtensions.dll
[2023-11-20T14:51:54.499Z]     [13/107] Building CXX object test\lib\mayaUsd\render\mayaToHydra\cpp\CMakeFiles\mayaHydraCppTests.dir\mayaHydraCppTestsCmd.cpp.obj
[2023-11-20T14:51:54.830Z]     [14/107] Building CXX object test\lib\mayaUsd\render\mayaToHydra\cpp\CMakeFiles\mayaHydraCppTests.dir\testColorPreferences.cpp.obj
[2023-11-20T14:51:55.981Z]     [15/107] Building CXX object test\lib\mayaUsd\render\mayaToHydra\cpp\CMakeFiles\mayaHydraCppTests.dir\testCppFramework.cpp.obj
[2023-11-20T14:51:56.691Z]     [16/107] Building CXX object lib\flowViewport\CMakeFiles\flowViewport.dir\API\samples\fvpInformationClientExample.cpp.obj
[2023-11-20T14:51:56.691Z]     [17/107] Building CXX object lib\flowViewport\CMakeFiles\flowViewport.dir\sceneIndex\fvpPathInterfaceSceneIndex.cpp.obj
[2023-11-20T14:51:56.691Z]     [18/107] Building CXX object lib\flowViewport\CMakeFiles\flowViewport.dir\sceneIndex\fvpMergingSceneIndex.cpp.obj
[2023-11-20T14:51:56.691Z]     [19/107] Building CXX object lib\flowViewport\CMakeFiles\flowViewport.dir\API\perViewportSceneIndicesData\fvpViewportInformationAndSceneIndicesPerViewportData.cpp.obj
[2023-11-20T14:51:56.691Z]     [20/107] Building CXX object lib\flowViewport\CMakeFiles\flowViewport.dir\API\interfacesImp\fvpInformationInterfaceImp.cpp.obj
[2023-11-20T14:51:57.021Z]     [21/107] Building CXX object lib\flowViewport\CMakeFiles\flowViewport.dir\sceneIndex\fvpSelectionSceneIndex.cpp.obj
[2023-11-20T14:51:57.736Z]     [22/107] Building CXX object lib\flowViewport\CMakeFiles\flowViewport.dir\sceneIndex\fvpWireframeSelectionHighlightSceneIndex.cpp.obj
[2023-11-20T14:51:57.736Z]     [23/107] Building CXX object lib\mayaHydra\mayaPlugin\CMakeFiles\mayaHydra.dir\pluginDebugCodes.cpp.obj
[2023-11-20T14:51:57.736Z]     [24/107] Building CXX object lib\flowViewport\CMakeFiles\flowViewport.dir\selection\fvpSelection.cpp.obj
[2023-11-20T14:51:58.446Z]     [25/107] Building CXX object lib\mayaHydra\mayaPlugin\CMakeFiles\mayaHydra.dir\colorNotFoundException.cpp.obj
[2023-11-20T14:51:58.777Z]     [26/107] Building CXX object lib\flowViewport\CMakeFiles\flowViewport.dir\sceneIndex\fvpRenderIndexProxy.cpp.obj
[2023-11-20T14:51:59.107Z]     [27/107] Building CXX object lib\mayaHydra\mayaPlugin\CMakeFiles\mayaHydra.dir\mayaColorPreferencesTranslator.cpp.obj
[2023-11-20T14:51:59.439Z]     [28/107] Building CXX object lib\flowViewport\CMakeFiles\flowViewport.dir\API\perViewportSceneIndicesData\fvpViewportInformationAndSceneIndicesPerViewportDataManager.cpp.obj
[2023-11-20T14:51:59.439Z]     [29/107] Building CXX object test\lib\mayaUsd\render\mayaToHydra\cpp\CMakeFiles\mayaHydraCppTests.dir\testMayaSceneFlattening.cpp.obj
[2023-11-20T14:51:59.770Z]     [30/107] Building CXX object lib\flowViewport\CMakeFiles\flowViewport.dir\selection\fvpSelectionTask.cpp.obj
[2023-11-20T14:51:59.770Z]     [31/107] Building CXX object lib\flowViewport\CMakeFiles\flowViewport.dir\selection\fvpSelectionTracker.cpp.obj
[2023-11-20T14:52:00.482Z]     [32/107] Building CXX object test\lib\mayaUsd\render\mayaToHydra\cpp\CMakeFiles\mayaHydraCppTests.dir\testMayaUsdUfeItems.cpp.obj
[2023-11-20T14:52:00.482Z]     [33/107] Building CXX object lib\mayaHydra\mayaPlugin\CMakeFiles\mayaHydra.dir\tokens.cpp.obj
[2023-11-20T14:52:00.813Z]     [34/107] Building CXX object lib\mayaHydra\hydraExtensions\CMakeFiles\mayaHydraLib.dir\debugCodes.cpp.obj
[2023-11-20T14:52:01.143Z]     [35/107] Building CXX object lib\mayaHydra\hydraExtensions\CMakeFiles\mayaHydraLib.dir\mayaUtils.cpp.obj
[2023-11-20T14:52:01.854Z]     [36/107] Building CXX object test\lib\mayaUsd\render\mayaToHydra\cpp\CMakeFiles\mayaHydraCppTests.dir\testWireframeSelectionHighlightSceneIndex.cpp.obj
[2023-11-20T14:52:02.185Z]     [37/107] Building CXX object test\lib\mayaUsd\render\mayaToHydra\cpp\CMakeFiles\mayaHydraCppTests.dir\testSelectionSceneIndex.cpp.obj
[2023-11-20T14:52:02.516Z]     [38/107] Building CXX object test\lib\mayaUsd\render\mayaToHydra\cpp\CMakeFiles\mayaHydraCppTests.dir\testUtils.cpp.obj
[2023-11-20T14:52:02.516Z]     [39/107] Building CXX object test\lib\mayaUsd\render\mayaToHydra\cpp\CMakeFiles\mayaHydraCppTests.dir\testFvpViewportInformationRendererSwitching.cpp.obj
[2023-11-20T14:52:02.516Z]     [40/107] Building CXX object test\lib\mayaUsd\render\mayaToHydra\cpp\CMakeFiles\mayaHydraCppTests.dir\testFvpViewportInformationMultipleViewports.cpp.obj
[2023-11-20T14:52:05.479Z]     [41/107] Building CXX object lib\mayaHydra\hydraExtensions\CMakeFiles\mayaHydraLib.dir\mayaHydraLibInterfaceImp.cpp.obj
[2023-11-20T14:52:05.479Z]     [42/107] Building CXX object lib\mayaHydra\hydraExtensions\CMakeFiles\mayaHydraLib.dir\hydraUtils.cpp.obj
[2023-11-20T14:52:05.479Z]     [43/107] Building CXX object lib\mayaHydra\mayaPlugin\CMakeFiles\mayaHydra.dir\pluginUtils.cpp.obj
[2023-11-20T14:52:06.216Z]     [44/107] Building CXX object lib\mayaHydra\hydraExtensions\CMakeFiles\mayaHydraLib.dir\adapters\adapterDebugCodes.cpp.obj
[2023-11-20T14:52:06.216Z]     [45/107] Building CXX object test\lib\mayaUsd\render\mayaToHydra\cpp\CMakeFiles\mayaHydraCppTests.dir\testMergingSceneIndex.cpp.obj
[2023-11-20T14:52:06.548Z]     [46/107] Building CXX object lib\mayaHydra\hydraExtensions\CMakeFiles\mayaHydraLib.dir\mhBuildInfo.cpp.obj
[2023-11-20T14:52:07.259Z]     [47/107] Building CXX object lib\mayaHydra\hydraExtensions\CMakeFiles\mayaHydraLib.dir\adapters\mayaAttrs.cpp.obj
[2023-11-20T14:52:07.589Z]     [48/107] Building CXX object lib\mayaHydra\mayaPlugin\CMakeFiles\mayaHydra.dir\plugin.cpp.obj
[2023-11-20T14:52:08.301Z]     [49/107] Building CXX object lib\mayaHydra\hydraExtensions\CMakeFiles\mayaHydraLib.dir\mixedUtils.cpp.obj
[2023-11-20T14:52:08.301Z]     [50/107] Building CXX object lib\mayaHydra\mayaPlugin\CMakeFiles\mayaHydra.dir\viewCommand.cpp.obj
[2023-11-20T14:52:09.012Z]     [51/107] Building CXX object lib\mayaHydra\mayaPlugin\CMakeFiles\mayaHydra.dir\renderOverride.cpp.obj
[2023-11-20T14:52:09.725Z]     [52/107] Building CXX object lib\mayaHydra\mayaPlugin\CMakeFiles\mayaHydra.dir\renderGlobals.cpp.obj
[2023-11-20T14:52:10.876Z]     [53/107] Building CXX object lib\mayaHydra\hydraExtensions\CMakeFiles\mayaHydraLib.dir\adapters\cameraAdapter.cpp.obj
[2023-11-20T14:52:11.209Z]     [54/107] Building CXX object lib\mayaHydra\hydraExtensions\CMakeFiles\mayaHydraLib.dir\adapters\dagAdapter.cpp.obj
[2023-11-20T14:52:11.539Z]     [55/107] Building CXX object lib\mayaHydra\hydraExtensions\CMakeFiles\mayaHydraLib.dir\adapters\areaLightAdapter.cpp.obj
[2023-11-20T14:52:12.402Z]     [56/107] Building CXX object lib\mayaHydra\hydraExtensions\CMakeFiles\mayaHydraLib.dir\adapters\adapterRegistry.cpp.obj
[2023-11-20T14:52:12.732Z]     [57/107] Building CXX object lib\mayaHydra\hydraExtensions\CMakeFiles\mayaHydraLib.dir\adapters\tokens.cpp.obj
[2023-11-20T14:52:13.064Z]     [58/107] Building CXX object lib\mayaHydra\hydraExtensions\CMakeFiles\mayaHydraLib.dir\adapters\renderItemAdapter.cpp.obj
[2023-11-20T14:52:13.064Z]     [59/107] Building CXX object lib\mayaHydra\hydraExtensions\CMakeFiles\mayaHydraLib.dir\adapters\directionalLightAdapter.cpp.obj
[2023-11-20T14:52:13.064Z]     [60/107] Building CXX object lib\mayaHydra\hydraExtensions\CMakeFiles\mayaHydraLib.dir\adapters\lightAdapter.cpp.obj
[2023-11-20T14:52:13.064Z]     [61/107] Building CXX object lib\mayaHydra\hydraExtensions\CMakeFiles\mayaHydraLib.dir\delegates\delegateDebugCodes.cpp.obj
[2023-11-20T14:52:16.032Z]     [62/107] Building CXX object lib\mayaHydra\hydraExtensions\CMakeFiles\mayaHydraLib.dir\adapters\adapter.cpp.obj
[2023-11-20T14:52:17.696Z]     [63/107] Building CXX object lib\mayaHydra\hydraExtensions\CMakeFiles\mayaHydraLib.dir\adapters\aiSkydomeLightAdapter.cpp.obj
[2023-11-20T14:52:18.407Z]     [64/107] Building CXX object lib\mayaHydra\hydraExtensions\CMakeFiles\mayaHydraLib.dir\adapters\meshAdapter.cpp.obj
[2023-11-20T14:52:18.739Z]     [65/107] Building CXX object lib\mayaHydra\hydraExtensions\CMakeFiles\mayaHydraLib.dir\adapters\materialAdapter.cpp.obj
[2023-11-20T14:52:18.739Z]     [66/107] Building CXX object lib\mayaHydra\hydraExtensions\CMakeFiles\mayaHydraLib.dir\adapters\nurbsCurveAdapter.cpp.obj
[2023-11-20T14:52:19.070Z]     [67/107] Building CXX object lib\mayaHydra\hydraExtensions\CMakeFiles\mayaHydraLib.dir\delegates\delegate.cpp.obj
[2023-11-20T14:52:19.070Z]     [68/107] Building CXX object lib\mayaHydra\hydraExtensions\CMakeFiles\mayaHydraLib.dir\adapters\materialNetworkConverter.cpp.obj
[2023-11-20T14:52:19.401Z]     [69/107] Building CXX object lib\mayaHydra\hydraExtensions\CMakeFiles\mayaHydraLib.dir\mayaHydraSceneProducer.cpp.obj
[2023-11-20T14:52:20.112Z]     [70/107] Building CXX object lib\mayaHydra\hydraExtensions\CMakeFiles\mayaHydraLib.dir\adapters\pointLightAdapter.cpp.obj
[2023-11-20T14:52:20.823Z]     [71/107] Building CXX object lib\mayaHydra\hydraExtensions\CMakeFiles\mayaHydraLib.dir\adapters\shapeAdapter.cpp.obj
[2023-11-20T14:52:20.823Z]     [72/107] Building CXX object lib\flowViewport\CMakeFiles\flowViewport.dir\global.cpp.obj
[2023-11-20T14:52:21.535Z]     [73/107] Building CXX object lib\mayaHydra\hydraExtensions\CMakeFiles\mayaHydraLib.dir\delegates\delegateCtx.cpp.obj
[2023-11-20T14:52:21.865Z]     [74/107] Linking CXX shared library lib\flowViewport\flowViewport.dll
[2023-11-20T14:52:21.865Z]     [75/107] Building CXX object lib\mayaHydra\hydraExtensions\CMakeFiles\mayaHydraLib.dir\adapters\spotLightAdapter.cpp.obj
[2023-11-20T14:52:22.196Z]     [76/107] Building CXX object lib\mayaHydra\hydraExtensions\CMakeFiles\mayaHydraLib.dir\delegates\delegateRegistry.cpp.obj
[2023-11-20T14:52:24.459Z]     [77/107] Building CXX object lib\mayaHydra\hydraExtensions\CMakeFiles\mayaHydraLib.dir\sceneIndex\registration.cpp.obj
[2023-11-20T14:52:24.459Z]     [78/107] Building CXX object lib\mayaHydra\hydraExtensions\CMakeFiles\mayaHydraLib.dir\delegates\sceneDelegate.cpp.obj
[2023-11-20T14:52:25.611Z]     [79/107] Automatic MOC for target adskHydraSceneBrowser
[2023-11-20T14:52:26.762Z]     [80/107] Building CXX object lib\mayaHydra\hydraExtensions\CMakeFiles\mayaHydraLib.dir\delegates\defaultLightDelegate.cpp.obj
[2023-11-20T14:52:26.763Z]     [81/107] Building CXX object lib\mayaHydra\hydraExtensions\CMakeFiles\mayaHydraLib.dir\delegates\testDelegate.cpp.obj
[2023-11-20T14:52:27.915Z]     [82/107] Building CXX object lib\mayaHydra\hydraExtensions\CMakeFiles\mayaHydraLib.dir\sceneIndex\mayaHydraPrimvarDataSource.cpp.obj
[2023-11-20T14:52:28.246Z]     [83/107] Building CXX object lib\mayaHydra\hydraExtensions\CMakeFiles\mayaHydraLib.dir\sceneIndex\mayaHydraCameraDataSource.cpp.obj
[2023-11-20T14:52:28.577Z]     [84/107] Building CXX object lib\mayaHydra\hydraExtensions\CMakeFiles\mayaHydraLib.dir\sceneIndex\mayaHydraLightDataSource.cpp.obj
[2023-11-20T14:52:30.242Z]     [85/107] Building CXX object lib\mayaHydra\hydraExtensions\CMakeFiles\mayaHydraLib.dir\sceneIndex\mayaHydraSceneIndex.cpp.obj
[2023-11-20T14:52:30.952Z]     [86/107] Building CXX object lib\mayaHydra\hydraExtensions\CMakeFiles\mayaHydraLib.dir\sceneIndex\mayaHydraDisplayStyleDataSource.cpp.obj
[2023-11-20T14:52:31.283Z]     [87/107] Building CXX object lib\mayaHydra\hydraExtensions\CMakeFiles\mayaHydraLib.dir\sceneIndex\mayaHydraDataSource.cpp.obj
[2023-11-20T14:52:31.615Z]     [88/107] Building CXX object lib\mayaHydra\hydraExtensions\CMakeFiles\mayaHydraLib.dir\sceneIndex\mayaHydraDefaultLightDataSource.cpp.obj
[2023-11-20T14:52:32.326Z]     [89/107] Building CXX object lib\adskHydraSceneBrowser\lib\CMakeFiles\adskHydraSceneBrowser.dir\src\patch\registeredSceneIndexChooser.cpp.obj
[2023-11-20T14:52:32.656Z]     [90/107] Building CXX object lib\adskHydraSceneBrowser\lib\CMakeFiles\adskHydraSceneBrowser.dir\src\patch\sceneIndexObserverLoggingWidget.cpp.obj
[2023-11-20T14:52:32.656Z]     [91/107] Building CXX object lib\adskHydraSceneBrowser\lib\CMakeFiles\adskHydraSceneBrowser.dir\src\patch\sceneIndexObserverLoggingTreeView.cpp.obj
[2023-11-20T14:52:32.987Z]     [92/107] Building CXX object lib\adskHydraSceneBrowser\lib\CMakeFiles\adskHydraSceneBrowser.dir\src\patch\dataSourceValueTreeView.cpp.obj
[2023-11-20T14:52:32.987Z]     [93/107] Linking CXX shared library lib\mayaHydra\hydraExtensions\mayaHydraLib.dll
[2023-11-20T14:52:32.987Z]     [94/107] Building CXX object lib\adskHydraSceneBrowser\lib\CMakeFiles\adskHydraSceneBrowser.dir\src\patch\sceneIndexDebuggerWidget.cpp.obj
[2023-11-20T14:52:33.318Z]     [95/107] Building CXX object lib\adskHydraSceneBrowser\lib\CMakeFiles\adskHydraSceneBrowser.dir\adskHydraSceneBrowser_autogen\mocs_compilation.cpp.obj
[2023-11-20T14:52:33.318Z]     [96/107] Building CXX object lib\adskHydraSceneBrowser\lib\CMakeFiles\adskHydraSceneBrowser.dir\src\patch\dataSourceTreeWidget.cpp.obj
[2023-11-20T14:52:33.649Z]     [97/107] Linking CXX shared library test\lib\mayaUsd\render\mayaToHydra\cpp\mayaHydraCppTests.mll
[2023-11-20T14:52:33.649Z]     [98/107] Linking CXX shared library lib\mayaHydra\mayaPlugin\mayaHydra.mll
[2023-11-20T14:52:34.361Z]     [99/107] Building CXX object lib\adskHydraSceneBrowser\lib\CMakeFiles\adskHydraSceneBrowser.dir\src\patch\sceneIndexTreeWidget.cpp.obj
[2023-11-20T14:52:34.361Z]     [100/107] Building CXX object plugin\mayaHydraSceneBrowserTest\CMakeFiles\mayaHydraSceneBrowserTest.dir\mayaHydraSceneBrowserTestCmd.cpp.obj
[2023-11-20T14:52:34.361Z]     [101/107] Building CXX object lib\adskHydraSceneBrowser\test\CMakeFiles\adskHydraSceneBrowserTesting.dir\adskHydraSceneBrowserTesting.cpp.obj
[2023-11-20T14:52:35.073Z]     [102/107] Linking CXX shared library lib\adskHydraSceneBrowser\lib\adskHydraSceneBrowser.dll
[2023-11-20T14:52:35.785Z]     [103/107] Building CXX object plugin\mayaHydraSceneBrowser\CMakeFiles\mayaHydraSceneBrowser.dir\mayaHydraSceneBrowser.cpp.obj
[2023-11-20T14:52:36.116Z]     [104/107] Building CXX object lib\adskHydraSceneBrowser\test\CMakeFiles\adskHydraSceneBrowserTesting.dir\adskHydraSceneBrowserTestFixture.cpp.obj
[2023-11-20T14:52:36.116Z]     [105/107] Linking CXX shared library plugin\mayaHydraSceneBrowser\mayaHydraSceneBrowser.mll
[2023-11-20T14:52:36.827Z]     [106/107] Linking CXX shared library lib\adskHydraSceneBrowser\test\adskHydraSceneBrowserTesting.dll
[2023-11-20T14:52:37.409Z]     [107/107] Linking CXX shared library plugin\mayaHydraSceneBrowserTest\mayaHydraSceneBrowserTest.mll
[2023-11-20T14:52:37.409Z]     
[2023-11-20T14:52:37.409Z]         Building with settings:
[2023-11-20T14:52:37.409Z]           Source directory          S:\Jenkins\workspace\ECP\ecg-maya-hydra\ecg-maya-hydra-branch-preflight-python3-windows\ecg-maya-hydra\maya-hydra
[2023-11-20T14:52:37.409Z]           Workspace directory       W:\
[2023-11-20T14:52:37.409Z]           Build directory           W:\build\Debug
[2023-11-20T14:52:37.409Z]           Install directory         W:\install\Debug\MayaHydra
[2023-11-20T14:52:37.409Z]           Variant                   Debug
[2023-11-20T14:52:37.409Z]           Python Debug              On
[2023-11-20T14:52:37.409Z]           CMake generator           Ninja
[2023-11-20T14:52:37.409Z]           Build arguments           ['-DCMAKE_MAKE_PROGRAM=P:/shared/Artifactory/Windows/ninja/1.10.2/ccacdf8/ninja.exe', '-DPYTHON_INCLUDE_DIR=P:/shared/Artifactory/Windows/rundev-master-debug/202311130621/runtime/229465b/runTime/include/Python311/Python', '-DPython_EXECUTABLE=P:/shared/Artifactory/Windows/rundev-master-debug/202311130621/runtime/229465b/runTime/bin/mayapy.exe', '-DPYTHON_LIBRARIES=P:/shared/Artifactory/Windows/rundev-master-debug/202311130621/runtime/229465b/runTime/lib/python311_d.lib', '-DBUILD_WITH_PYTHON_3_VERSION=3.11', '-DCMAKE_WANT_MATERIALX_BUILD=ON', '-DCMAKE_PREFIX_PATH=P:\\shared\\Artifactory\\Windows\\USD\\01f407c', '-DMAYAHYDRA_BUILD_NUMBER=410', '-DMAYAHYDRA_GIT_COMMIT=92cbd0d76b7ed18e4dc68a344103f1b9271b880a', '-DMAYAHYDRA_GIT_BRANCH=master']
[2023-11-20T14:52:37.409Z]           Stages arguments          ['build']
[2023-11-20T14:52:37.409Z]           CTest arguments           ['--parallel 16']
[2023-11-20T14:52:37.409Z]     Success MayaHydra build and install !!!!
[2023-11-20T14:52:37.409Z]     Elapsed time: 00:00:46
[Pipeline] bat
[2023-11-20T14:52:38.046Z] Deleting alias drive W:
[Pipeline] bat
[2023-11-20T14:52:38.644Z] Deleting alias drive P:
[Pipeline] bat
[2023-11-20T14:52:39.233Z] Creating alias drive P: to S:\jenkins\workspace
[Pipeline] bat
[2023-11-20T14:52:39.815Z] Creating alias drive W: to S:\Jenkins\workspace\ECP\ecg-maya-hydra\ecg-maya-hydra-branch-preflight-python3-windows
[Pipeline] bat
[2023-11-20T14:52:40.675Z] "C:\Program Files\Microsoft Visual Studio\2022\Professional\VC\Auxiliary\Build\vcvarsall.bat" x64
[2023-11-20T14:52:40.675Z] **********************************************************************
[2023-11-20T14:52:40.675Z] ** Visual Studio 2022 Developer Command Prompt v17.3.2
[2023-11-20T14:52:40.675Z] ** Copyright (c) 2022 Microsoft Corporation
[2023-11-20T14:52:40.675Z] **********************************************************************
[2023-11-20T14:52:42.340Z] [vcvarsall.bat] Environment initialized for: 'x64'
[2023-11-20T14:52:42.340Z] python ecg-maya-hydra/build.py --stages=build --workspace-dir=W:\ --artifactory-dir=P:\shared\Artifactory --build-dir=W:\build --install-dir=W:\install --signing-dir=W:\signing --package-dir=W:\package --output-dir=W:\output --stash-dir=W:\stash --jenkins-build=410 --git-commit=92cbd0d76b7ed18e4dc68a344103f1b9271b880a --git-branch=master --variants=RelWithDebInfo --interactive-tests=true --post-zips=false --osx-binary-architecture-target=ub2 --osx-deployment-target=11.0 --osx-base-sdk=CurrentActiveSDK --build-retry=3 --maya-cut-config=maya-rundev-master.yaml --maya-package=rundev-master --stage-banner
[2023-11-20T14:52:43.491Z] Using Maya cut from P:\shared\Artifactory\Windows\rundev-master\202311130812\runtime\4053eca
[2023-11-20T14:52:43.491Z] Using Maya ADSK Signatures from P:\shared\Artifactory\Windows\adsk-plugin-signatures-maya\2023\3ae1ae7
[2023-11-20T14:52:43.491Z] Using Maya Security Library from P:\shared\Artifactory\Windows\maya-security-library\3.4.0\284407f
[2023-11-20T14:52:43.491Z] 
[2023-11-20T14:52:43.491Z] ================================================================================
[2023-11-20T14:52:43.491Z]                              build (RelWithDebInfo)
[2023-11-20T14:52:43.491Z] ================================================================================
[2023-11-20T14:52:43.491Z] Maya Python RelWithDebInfo Info:
[2023-11-20T14:52:43.491Z]   mayapy executable   = P:\shared\Artifactory\Windows\rundev-master\202311130812\runtime\4053eca\runTime\bin\mayapy.exe
[2023-11-20T14:52:43.491Z]   Include Folder      = P:\shared\Artifactory\Windows\rundev-master\202311130812\runtime\4053eca\runTime\include\Python311\Python
[2023-11-20T14:52:43.491Z]   Library             = P:\shared\Artifactory\Windows\rundev-master\202311130812\runtime\4053eca\runTime\lib\python311.lib
[2023-11-20T14:52:43.491Z]   site-package Folder = P:\shared\Artifactory\Windows\rundev-master\202311130812\runtime\4053eca\runTime\Python\Lib\site-packages
[2023-11-20T14:52:44.203Z] In workdir: S:\Jenkins\workspace\ECP\ecg-maya-hydra\ecg-maya-hydra-branch-preflight-python3-windows\ecg-maya-hydra\maya-hydra
[2023-11-20T14:52:44.203Z] Executing: 'P:\\shared\\Artifactory\\Windows\\rundev-master\\202311130812\\runtime\\4053eca\\runTime\\bin\\mayapy.exe' 'S:\\Jenkins\\workspace\\ECP\\ecg-maya-hydra\\ecg-maya-hydra-branch-preflight-python3-windows\\ecg-maya-hydra\\maya-hydra\\build.py' --generator Ninja --build-relwithdebug --maya-location 'P:\\shared\\Artifactory\\Windows\\rundev-master\\202311130812\\runtime\\4053eca\\runTime' --devkit-location 'P:\\shared\\Artifactory\\Windows\\rundev-master\\202311130812\\runtime\\4053eca\\devkitBase' --pxrusd-location 'P:\\shared\\Artifactory\\Windows\\USD\\6a9558d' '--build-args=-DCMAKE_MAKE_PROGRAM=P:/shared/Artifactory/Windows/ninja/1.10.2/ccacdf8/ninja.exe,-DPYTHON_INCLUDE_DIR=P:/shared/Artifactory/Windows/rundev-master/202311130812/runtime/4053eca/runTime/include/Python311/Python,-DPython_EXECUTABLE=P:/shared/Artifactory/Windows/rundev-master/202311130812/runtime/4053eca/runTime/bin/mayapy.exe,-DPYTHON_LIBRARIES=P:/shared/Artifactory/Windows/rundev-master/202311130812/runtime/4053eca/runTime/lib/python311.lib,-DBUILD_WITH_PYTHON_3_VERSION=3.11,-DCMAKE_WANT_MATERIALX_BUILD=ON,-DCMAKE_PREFIX_PATH=P:\\shared\\Artifactory\\Windows\\USD\\6a9558d,-DMAYAHYDRA_BUILD_NUMBER=410,-DMAYAHYDRA_GIT_COMMIT=92cbd0d76b7ed18e4dc68a344103f1b9271b880a,-DMAYAHYDRA_GIT_BRANCH=master' '--ctest-args=--parallel 16' --stages=build --redirect-outstream-file=False --install-location 'W:\\install\\RelWithDebInfo\\MayaHydra' 'W:\\'
[2023-11-20T14:52:44.203Z] Modified environment variables:
[2023-11-20T14:52:44.203Z]     PATH=P:\shared\Artifactory\Windows\cmake\3.20.3\afe857a\bin;C:\Python27\lib\site-packages\pywin32_system32;C:\Program Files\Microsoft Visual Studio\2022\Professional\VC\Tools\MSVC\14.33.31629\bin\HostX64\x64;C:\Program Files\Microsoft Visual Studio\2022\Professional\Common7\IDE\VC\VCPackages;C:\Program Files\Microsoft Visual Studio\2022\Professional\Common7\IDE\CommonExtensions\Microsoft\TestWindow;C:\Program Files\Microsoft Visual Studio\2022\Professional\Common7\IDE\CommonExtensions\Microsoft\TeamFoundation\Team Explorer;C:\Program Files\Microsoft Visual Studio\2022\Professional\MSBuild\Current\bin\Roslyn;C:\Program Files\Microsoft Visual Studio\2022\Professional\Team Tools\Performance Tools\x64;C:\Program Files\Microsoft Visual Studio\2022\Professional\Team Tools\Performance Tools;C:\Program Files (x86)\Microsoft Visual Studio\Shared\Common\VSPerfCollectionTools\vs2019\\x64;C:\Program Files (x86)\Microsoft Visual Studio\Shared\Common\VSPerfCollectionTools\vs2019\;C:\Program Files (x86)\Microsoft SDKs\Windows\v10.0A\bin\NETFX 4.8 Tools\x64\;C:\Program Files (x86)\HTML Help Workshop;C:\Program Files\Microsoft Visual Studio\2022\Professional\Common7\IDE\CommonExtensions\Microsoft\FSharp\Tools;C:\Program Files (x86)\Windows Kits\10\bin\10.0.19041.0\\x64;C:\Program Files (x86)\Windows Kits\10\bin\\x64;C:\Program Files\Microsoft Visual Studio\2022\Professional\\MSBuild\Current\Bin\amd64;C:\WINDOWS\Microsoft.NET\Framework64\v4.0.30319;C:\Program Files\Microsoft Visual Studio\2022\Professional\Common7\IDE\;C:\Program Files\Microsoft Visual Studio\2022\Professional\Common7\Tools\;C:\Python27\;C:\Python27\Scripts;C:\WINDOWS\system32;C:\WINDOWS;C:\WINDOWS\System32\Wbem;C:\WINDOWS\System32\WindowsPowerShell\v1.0\;C:\WINDOWS\System32\OpenSSH\;C:\ProgramData\chocolatey\bin;C:\Program Files (x86)\WiX Toolset v3.7\bin;C:\Program Files\dotnet\;C:\Program Files\Zulu\zulu-11\bin\;C:\Program Files (x86)\Windows Kits\10\bin\10.0.19041.0\x64;C:\Program Files (x86)\Windows Kits\10\bin\10.0.18362.0\x64;C:\Program Files (x86)\Windows Kits\10\bin\10.0.17763.0\x64;C:\Program Files (x86)\Windows Kits\10\bin\x64;C:\Strawberry\c\bin;C:\Strawberry\perl\site\bin;C:\Strawberry\perl\bin;C:\Program Files\Git\cmd;C:\Program Files\Git\usr\bin;C:\Program Files\Git\mingw64\bin;C:\Program Files\Git\bin;C:\Python38\;C:\Python38\Scripts;C:\StoreBoxClientWindows;C:\Program Files\Electric Cloud\ElectricCommander\bin;C:\Program Files\WinRAR;C:\Program Files\7-Zip;C:\Users\Administrator\AppData\Local\Microsoft\WindowsApps;C:\Users\Administrator\.dotnet\tools;C:\Program Files\Microsoft Visual Studio\2022\Professional\Common7\IDE\CommonExtensions\Microsoft\CMake\CMake\bin;C:\Program Files\Microsoft Visual Studio\2022\Professional\Common7\IDE\CommonExtensions\Microsoft\CMake\Ninja;C:\Program Files\Microsoft Visual Studio\2022\Professional\Common7\IDE\VC\Linux\bin\ConnectionManagerExe
[2023-11-20T14:52:45.354Z]     [1/107] Building CXX object lib\flowViewport\CMakeFiles\flowViewport.dir\sceneIndex\fvpPathInterface.cpp.obj
[2023-11-20T14:52:45.354Z]     [2/107] Building CXX object lib\flowViewport\CMakeFiles\flowViewport.dir\API\interfacesImp\fvpVersionInterfaceImp.cpp.obj
[2023-11-20T14:52:46.065Z]     [3/107] Building CXX object lib\flowViewport\CMakeFiles\flowViewport.dir\tokens.cpp.obj
[2023-11-20T14:52:46.065Z]     [4/107] Building CXX object lib\flowViewport\CMakeFiles\flowViewport.dir\colorPreferences\fvpColorPreferencesTokens.cpp.obj
[2023-11-20T14:52:46.395Z]     [5/107] Building CXX object lib\flowViewport\CMakeFiles\flowViewport.dir\colorPreferences\fvpColorChanged.cpp.obj
[2023-11-20T14:52:46.395Z]     [6/107] Building CXX object lib\flowViewport\CMakeFiles\flowViewport.dir\global.cpp.obj
[2023-11-20T14:52:46.395Z]     [7/107] Building CXX object lib\flowViewport\CMakeFiles\flowViewport.dir\colorPreferences\fvpColorPreferences.cpp.obj
[2023-11-20T14:52:46.725Z]     [8/107] Building CXX object lib\flowViewport\CMakeFiles\flowViewport.dir\selection\fvpSelectionFwd.cpp.obj
[2023-11-20T14:52:46.725Z]     [9/107] Building CXX object lib\flowViewport\CMakeFiles\flowViewport.dir\API\samples\fvpSelectionClientExample.cpp.obj
[2023-11-20T14:52:46.725Z]     [10/107] Building CXX object lib\flowViewport\CMakeFiles\flowViewport.dir\API\interfacesImp\fvpSelectionInterfaceImp.cpp.obj
[2023-11-20T14:52:47.876Z]     [11/107] Building CXX object test\lib\mayaUsd\render\mayaToHydra\cpp\CMakeFiles\mayaHydraCppTests.dir\testCppFramework.cpp.obj
[2023-11-20T14:52:48.207Z]     [12/107] Building CXX object test\lib\mayaUsd\render\mayaToHydra\cpp\CMakeFiles\mayaHydraCppTests.dir\mayaHydraCppTestsCmd.cpp.obj
[2023-11-20T14:52:49.359Z]     [13/107] Building CXX object test\lib\mayaUsd\render\mayaToHydra\cpp\CMakeFiles\mayaHydraCppTests.dir\testColorPreferences.cpp.obj
[2023-11-20T14:52:50.510Z]     [14/107] Building CXX object lib\flowViewport\CMakeFiles\flowViewport.dir\sceneIndex\fvpPathInterfaceSceneIndex.cpp.obj
[2023-11-20T14:52:50.510Z]     [15/107] Building CXX object lib\flowViewport\CMakeFiles\flowViewport.dir\API\interfacesImp\fvpInformationInterfaceImp.cpp.obj
[2023-11-20T14:52:50.510Z]     [16/107] Building CXX object lib\flowViewport\CMakeFiles\flowViewport.dir\API\samples\fvpInformationClientExample.cpp.obj
[2023-11-20T14:52:50.510Z]     [17/107] Building CXX object lib\flowViewport\CMakeFiles\flowViewport.dir\sceneIndex\fvpMergingSceneIndex.cpp.obj
[2023-11-20T14:52:51.222Z]     [18/107] Building CXX object lib\flowViewport\CMakeFiles\flowViewport.dir\sceneIndex\fvpSelectionSceneIndex.cpp.obj
[2023-11-20T14:52:51.552Z]     [19/107] Building CXX object lib\flowViewport\CMakeFiles\flowViewport.dir\API\perViewportSceneIndicesData\fvpViewportInformationAndSceneIndicesPerViewportData.cpp.obj
[2023-11-20T14:52:51.552Z]     [20/107] Building CXX object lib\flowViewport\CMakeFiles\flowViewport.dir\sceneIndex\fvpWireframeSelectionHighlightSceneIndex.cpp.obj
[2023-11-20T14:52:51.883Z]     [21/107] Building CXX object lib\flowViewport\CMakeFiles\flowViewport.dir\selection\fvpSelection.cpp.obj
[2023-11-20T14:52:52.214Z]     [22/107] Building CXX object lib\mayaHydra\mayaPlugin\CMakeFiles\mayaHydra.dir\pluginDebugCodes.cpp.obj
[2023-11-20T14:52:52.545Z]     [23/107] Building CXX object lib\flowViewport\CMakeFiles\flowViewport.dir\sceneIndex\fvpRenderIndexProxy.cpp.obj
[2023-11-20T14:52:52.877Z]     [24/107] Building CXX object lib\flowViewport\CMakeFiles\flowViewport.dir\selection\fvpSelectionTask.cpp.obj
[2023-11-20T14:52:52.877Z]     [25/107] Building CXX object lib\mayaHydra\mayaPlugin\CMakeFiles\mayaHydra.dir\colorNotFoundException.cpp.obj
[2023-11-20T14:52:52.877Z]     [26/107] Building CXX object lib\flowViewport\CMakeFiles\flowViewport.dir\API\perViewportSceneIndicesData\fvpViewportInformationAndSceneIndicesPerViewportDataManager.cpp.obj
[2023-11-20T14:52:53.209Z]     [27/107] Building CXX object test\lib\mayaUsd\render\mayaToHydra\cpp\CMakeFiles\mayaHydraCppTests.dir\testMayaSceneFlattening.cpp.obj
[2023-11-20T14:52:53.540Z]     [28/107] Building CXX object lib\flowViewport\CMakeFiles\flowViewport.dir\selection\fvpSelectionTracker.cpp.obj
[2023-11-20T14:52:53.540Z]     [29/107] Building CXX object lib\mayaHydra\mayaPlugin\CMakeFiles\mayaHydra.dir\mayaColorPreferencesTranslator.cpp.obj
[2023-11-20T14:52:53.870Z]     [30/107] Building CXX object lib\mayaHydra\mayaPlugin\CMakeFiles\mayaHydra.dir\tokens.cpp.obj
[2023-11-20T14:52:54.201Z]     [31/107] Building CXX object lib\mayaHydra\hydraExtensions\CMakeFiles\mayaHydraLib.dir\debugCodes.cpp.obj
[2023-11-20T14:52:54.531Z]     [32/107] Building CXX object test\lib\mayaUsd\render\mayaToHydra\cpp\CMakeFiles\mayaHydraCppTests.dir\testFvpViewportInformationMultipleViewports.cpp.obj
[2023-11-20T14:52:54.862Z]     [33/107] Building CXX object lib\mayaHydra\hydraExtensions\CMakeFiles\mayaHydraLib.dir\mayaUtils.cpp.obj
[2023-11-20T14:52:54.862Z]     [34/107] Building CXX object test\lib\mayaUsd\render\mayaToHydra\cpp\CMakeFiles\mayaHydraCppTests.dir\testMayaUsdUfeItems.cpp.obj
[2023-11-20T14:52:54.862Z]     [35/107] Building CXX object lib\mayaHydra\hydraExtensions\CMakeFiles\mayaHydraLib.dir\mhBuildInfo.cpp.obj
[2023-11-20T14:52:55.574Z]     [36/107] Building CXX object lib\mayaHydra\hydraExtensions\CMakeFiles\mayaHydraLib.dir\adapters\adapterDebugCodes.cpp.obj
[2023-11-20T14:52:56.285Z]     [37/107] Building CXX object test\lib\mayaUsd\render\mayaToHydra\cpp\CMakeFiles\mayaHydraCppTests.dir\testUtils.cpp.obj
[2023-11-20T14:52:57.438Z]     [38/107] Building CXX object test\lib\mayaUsd\render\mayaToHydra\cpp\CMakeFiles\mayaHydraCppTests.dir\testFvpViewportInformationRendererSwitching.cpp.obj
[2023-11-20T14:52:58.589Z]     [39/107] Building CXX object test\lib\mayaUsd\render\mayaToHydra\cpp\CMakeFiles\mayaHydraCppTests.dir\testSelectionSceneIndex.cpp.obj
[2023-11-20T14:52:58.589Z]     [40/107] Building CXX object test\lib\mayaUsd\render\mayaToHydra\cpp\CMakeFiles\mayaHydraCppTests.dir\testWireframeSelectionHighlightSceneIndex.cpp.obj
[2023-11-20T14:52:59.741Z]     [41/107] Building CXX object lib\mayaHydra\hydraExtensions\CMakeFiles\mayaHydraLib.dir\mayaHydraLibInterfaceImp.cpp.obj
[2023-11-20T14:53:00.073Z]     [42/107] Building CXX object lib\mayaHydra\hydraExtensions\CMakeFiles\mayaHydraLib.dir\hydraUtils.cpp.obj
[2023-11-20T14:53:00.785Z]     [43/107] Building CXX object test\lib\mayaUsd\render\mayaToHydra\cpp\CMakeFiles\mayaHydraCppTests.dir\testMergingSceneIndex.cpp.obj
[2023-11-20T14:53:00.785Z]     [44/107] Building CXX object lib\mayaHydra\hydraExtensions\CMakeFiles\mayaHydraLib.dir\mixedUtils.cpp.obj
[2023-11-20T14:53:01.116Z]     [45/107] Building CXX object lib\mayaHydra\mayaPlugin\CMakeFiles\mayaHydra.dir\plugin.cpp.obj
[2023-11-20T14:53:01.116Z]     [46/107] Building CXX object lib\mayaHydra\mayaPlugin\CMakeFiles\mayaHydra.dir\pluginUtils.cpp.obj
[2023-11-20T14:53:01.828Z]     [47/107] Building CXX object lib\mayaHydra\hydraExtensions\CMakeFiles\mayaHydraLib.dir\adapters\tokens.cpp.obj
[2023-11-20T14:53:02.540Z]     [48/107] Building CXX object lib\mayaHydra\mayaPlugin\CMakeFiles\mayaHydra.dir\viewCommand.cpp.obj
[2023-11-20T14:53:04.805Z]     [49/107] Building CXX object lib\mayaHydra\mayaPlugin\CMakeFiles\mayaHydra.dir\renderGlobals.cpp.obj
[2023-11-20T14:53:04.805Z]     [50/107] Building CXX object lib\mayaHydra\mayaPlugin\CMakeFiles\mayaHydra.dir\renderOverride.cpp.obj
[2023-11-20T14:53:05.136Z]     [51/107] Building CXX object lib\mayaHydra\hydraExtensions\CMakeFiles\mayaHydraLib.dir\adapters\adapterRegistry.cpp.obj
[2023-11-20T14:53:05.848Z]     [52/107] Building CXX object lib\mayaHydra\hydraExtensions\CMakeFiles\mayaHydraLib.dir\adapters\mayaAttrs.cpp.obj
[2023-11-20T14:53:06.212Z]     [53/107] Building CXX object lib\mayaHydra\hydraExtensions\CMakeFiles\mayaHydraLib.dir\adapters\adapter.cpp.obj
[2023-11-20T14:53:08.474Z]     [54/107] Building CXX object lib\mayaHydra\hydraExtensions\CMakeFiles\mayaHydraLib.dir\adapters\areaLightAdapter.cpp.obj
[2023-11-20T14:53:09.189Z]     [55/107] Building CXX object lib\mayaHydra\hydraExtensions\CMakeFiles\mayaHydraLib.dir\adapters\aiSkydomeLightAdapter.cpp.obj
[2023-11-20T14:53:09.901Z]     [56/107] Building CXX object lib\mayaHydra\hydraExtensions\CMakeFiles\mayaHydraLib.dir\adapters\cameraAdapter.cpp.obj
[2023-11-20T14:53:10.612Z]     [57/107] Building CXX object lib\mayaHydra\hydraExtensions\CMakeFiles\mayaHydraLib.dir\mayaHydraSceneProducer.cpp.obj
[2023-11-20T14:53:11.765Z]     [58/107] Building CXX object lib\mayaHydra\hydraExtensions\CMakeFiles\mayaHydraLib.dir\adapters\dagAdapter.cpp.obj
[2023-11-20T14:53:11.765Z]     [59/107] Building CXX object lib\mayaHydra\hydraExtensions\CMakeFiles\mayaHydraLib.dir\adapters\shapeAdapter.cpp.obj
[2023-11-20T14:53:12.097Z]     [60/107] Building CXX object lib\mayaHydra\hydraExtensions\CMakeFiles\mayaHydraLib.dir\adapters\directionalLightAdapter.cpp.obj
[2023-11-20T14:53:12.810Z]     [61/107] Building CXX object lib\mayaHydra\hydraExtensions\CMakeFiles\mayaHydraLib.dir\adapters\spotLightAdapter.cpp.obj
[2023-11-20T14:53:13.141Z]     [62/107] Building CXX object lib\mayaHydra\hydraExtensions\CMakeFiles\mayaHydraLib.dir\adapters\renderItemAdapter.cpp.obj
[2023-11-20T14:53:13.472Z]     [63/107] Building CXX object lib\mayaHydra\hydraExtensions\CMakeFiles\mayaHydraLib.dir\delegates\delegate.cpp.obj
[2023-11-20T14:53:13.804Z]     [64/107] Building CXX object lib\mayaHydra\hydraExtensions\CMakeFiles\mayaHydraLib.dir\delegates\delegateDebugCodes.cpp.obj
[2023-11-20T14:53:14.516Z]     [65/107] Building CXX object lib\mayaHydra\hydraExtensions\CMakeFiles\mayaHydraLib.dir\delegates\delegateCtx.cpp.obj
[2023-11-20T14:53:15.227Z]     [66/107] Building CXX object lib\mayaHydra\hydraExtensions\CMakeFiles\mayaHydraLib.dir\adapters\nurbsCurveAdapter.cpp.obj
[2023-11-20T14:53:19.018Z]     [67/107] Building CXX object lib\mayaHydra\hydraExtensions\CMakeFiles\mayaHydraLib.dir\adapters\materialNetworkConverter.cpp.obj
[2023-11-20T14:53:19.018Z]     [68/107] Building CXX object lib\mayaHydra\hydraExtensions\CMakeFiles\mayaHydraLib.dir\adapters\meshAdapter.cpp.obj
[2023-11-20T14:53:20.174Z]     [69/107] Building CXX object lib\mayaHydra\hydraExtensions\CMakeFiles\mayaHydraLib.dir\adapters\lightAdapter.cpp.obj
[2023-11-20T14:53:20.886Z]     [70/107] Building CXX object lib\mayaHydra\hydraExtensions\CMakeFiles\mayaHydraLib.dir\adapters\pointLightAdapter.cpp.obj
[2023-11-20T14:53:21.597Z]     [71/107] Building CXX object lib\mayaHydra\ufeExtensions\CMakeFiles\ufeExtensions.dir\Global.cpp.obj
[2023-11-20T14:53:21.597Z]     [72/107] Building CXX object lib\mayaHydra\hydraExtensions\CMakeFiles\mayaHydraLib.dir\sceneIndex\registration.cpp.obj
[2023-11-20T14:53:21.597Z]     [73/107] Building CXX object lib\mayaHydra\hydraExtensions\CMakeFiles\mayaHydraLib.dir\adapters\materialAdapter.cpp.obj
[2023-11-20T14:53:22.308Z]     [74/107] Building CXX object lib\mayaHydra\hydraExtensions\CMakeFiles\mayaHydraLib.dir\delegates\delegateRegistry.cpp.obj
[2023-11-20T14:53:22.308Z]     [75/107] Linking CXX shared library lib\mayaHydra\ufeExtensions\ufeExtensions.dll
[2023-11-20T14:53:22.308Z]     [76/107] Building CXX object lib\flowViewport\CMakeFiles\flowViewport.dir\debugCodes.cpp.obj
[2023-11-20T14:53:23.019Z]     [77/107] Linking CXX shared library lib\flowViewport\flowViewport.dll
[2023-11-20T14:53:25.281Z]     [78/107] Building CXX object lib\mayaHydra\hydraExtensions\CMakeFiles\mayaHydraLib.dir\sceneIndex\mayaHydraLightDataSource.cpp.obj
[2023-11-20T14:53:25.281Z]     [79/107] Building CXX object lib\mayaHydra\hydraExtensions\CMakeFiles\mayaHydraLib.dir\sceneIndex\mayaHydraPrimvarDataSource.cpp.obj
[2023-11-20T14:53:25.998Z]     [80/107] Automatic MOC for target adskHydraSceneBrowser
[2023-11-20T14:53:26.716Z]     [81/107] Building CXX object lib\mayaHydra\hydraExtensions\CMakeFiles\mayaHydraLib.dir\sceneIndex\mayaHydraCameraDataSource.cpp.obj
[2023-11-20T14:53:26.716Z]     [82/107] Building CXX object lib\mayaHydra\hydraExtensions\CMakeFiles\mayaHydraLib.dir\sceneIndex\mayaHydraDisplayStyleDataSource.cpp.obj
[2023-11-20T14:53:27.049Z]     [83/107] Building CXX object lib\mayaHydra\hydraExtensions\CMakeFiles\mayaHydraLib.dir\delegates\sceneDelegate.cpp.obj
[2023-11-20T14:53:27.049Z]     [84/107] Building CXX object lib\mayaHydra\hydraExtensions\CMakeFiles\mayaHydraLib.dir\delegates\defaultLightDelegate.cpp.obj
[2023-11-20T14:53:27.379Z]     [85/107] Building CXX object lib\mayaHydra\hydraExtensions\CMakeFiles\mayaHydraLib.dir\delegates\testDelegate.cpp.obj
[2023-11-20T14:53:28.531Z]     [86/107] Building CXX object lib\mayaHydra\hydraExtensions\CMakeFiles\mayaHydraLib.dir\sceneIndex\mayaHydraDataSource.cpp.obj
[2023-11-20T14:53:28.861Z]     [87/107] Building CXX object lib\mayaHydra\hydraExtensions\CMakeFiles\mayaHydraLib.dir\sceneIndex\mayaHydraSceneIndex.cpp.obj
[2023-11-20T14:53:33.624Z]     [88/107] Building CXX object lib\mayaHydra\hydraExtensions\CMakeFiles\mayaHydraLib.dir\sceneIndex\mayaHydraDefaultLightDataSource.cpp.obj
[2023-11-20T14:53:33.624Z]     [89/107] Building CXX object plugin\mayaHydraSceneBrowserTest\CMakeFiles\mayaHydraSceneBrowserTest.dir\mayaHydraSceneBrowserTestCmd.cpp.obj
[2023-11-20T14:53:33.958Z]     [90/107] Building CXX object lib\adskHydraSceneBrowser\lib\CMakeFiles\adskHydraSceneBrowser.dir\src\patch\sceneIndexObserverLoggingTreeView.cpp.obj
[2023-11-20T14:53:34.289Z]     [91/107] Building CXX object lib\adskHydraSceneBrowser\lib\CMakeFiles\adskHydraSceneBrowser.dir\src\patch\sceneIndexDebuggerWidget.cpp.obj
[2023-11-20T14:53:34.289Z]     [92/107] Building CXX object lib\adskHydraSceneBrowser\lib\CMakeFiles\adskHydraSceneBrowser.dir\src\patch\sceneIndexObserverLoggingWidget.cpp.obj
[2023-11-20T14:53:34.289Z]     [93/107] Building CXX object lib\adskHydraSceneBrowser\lib\CMakeFiles\adskHydraSceneBrowser.dir\src\patch\sceneIndexTreeWidget.cpp.obj
[2023-11-20T14:53:34.289Z]     [94/107] Building CXX object lib\adskHydraSceneBrowser\lib\CMakeFiles\adskHydraSceneBrowser.dir\src\patch\registeredSceneIndexChooser.cpp.obj
[2023-11-20T14:53:34.620Z]     [95/107] Linking CXX shared library lib\mayaHydra\hydraExtensions\mayaHydraLib.dll
[2023-11-20T14:53:34.950Z]     [96/107] Building CXX object plugin\mayaHydraSceneBrowser\CMakeFiles\mayaHydraSceneBrowser.dir\mayaHydraSceneBrowser.cpp.obj
[2023-11-20T14:53:34.950Z]     [97/107] Building CXX object lib\adskHydraSceneBrowser\lib\CMakeFiles\adskHydraSceneBrowser.dir\src\patch\dataSourceTreeWidget.cpp.obj
[2023-11-20T14:53:35.281Z]     [98/107] Building CXX object lib\adskHydraSceneBrowser\test\CMakeFiles\adskHydraSceneBrowserTesting.dir\adskHydraSceneBrowserTesting.cpp.obj
[2023-11-20T14:53:35.281Z]     [99/107] Building CXX object lib\adskHydraSceneBrowser\lib\CMakeFiles\adskHydraSceneBrowser.dir\src\patch\dataSourceValueTreeView.cpp.obj
[2023-11-20T14:53:35.281Z]     [100/107] Linking CXX shared library test\lib\mayaUsd\render\mayaToHydra\cpp\mayaHydraCppTests.mll
[2023-11-20T14:53:35.281Z]     [101/107] Linking CXX shared library lib\mayaHydra\mayaPlugin\mayaHydra.mll
[2023-11-20T14:53:35.612Z]     [102/107] Building CXX object lib\adskHydraSceneBrowser\lib\CMakeFiles\adskHydraSceneBrowser.dir\adskHydraSceneBrowser_autogen\mocs_compilation.cpp.obj
[2023-11-20T14:53:36.324Z]     [103/107] Linking CXX shared library lib\adskHydraSceneBrowser\lib\adskHydraSceneBrowser.dll
[2023-11-20T14:53:36.655Z]     [104/107] Linking CXX shared library plugin\mayaHydraSceneBrowser\mayaHydraSceneBrowser.mll
[2023-11-20T14:53:36.985Z]     [105/107] Building CXX object lib\adskHydraSceneBrowser\test\CMakeFiles\adskHydraSceneBrowserTesting.dir\adskHydraSceneBrowserTestFixture.cpp.obj
[2023-11-20T14:53:37.698Z]     [106/107] Linking CXX shared library lib\adskHydraSceneBrowser\test\adskHydraSceneBrowserTesting.dll
[2023-11-20T14:53:38.028Z]     [107/107] Linking CXX shared library plugin\mayaHydraSceneBrowserTest\mayaHydraSceneBrowserTest.mll
[2023-11-20T14:53:38.028Z]     
[2023-11-20T14:53:38.028Z]         Building with settings:
[2023-11-20T14:53:38.028Z]           Source directory          S:\Jenkins\workspace\ECP\ecg-maya-hydra\ecg-maya-hydra-branch-preflight-python3-windows\ecg-maya-hydra\maya-hydra
[2023-11-20T14:53:38.028Z]           Workspace directory       W:\
[2023-11-20T14:53:38.028Z]           Build directory           W:\build\RelWithDebInfo
[2023-11-20T14:53:38.028Z]           Install directory         W:\install\RelWithDebInfo\MayaHydra
[2023-11-20T14:53:38.028Z]           Variant                   RelWithDebInfo
[2023-11-20T14:53:38.028Z]           Python Debug              Off
[2023-11-20T14:53:38.028Z]           CMake generator           Ninja
[2023-11-20T14:53:38.028Z]           Build arguments           ['-DCMAKE_MAKE_PROGRAM=P:/shared/Artifactory/Windows/ninja/1.10.2/ccacdf8/ninja.exe', '-DPYTHON_INCLUDE_DIR=P:/shared/Artifactory/Windows/rundev-master/202311130812/runtime/4053eca/runTime/include/Python311/Python', '-DPython_EXECUTABLE=P:/shared/Artifactory/Windows/rundev-master/202311130812/runtime/4053eca/runTime/bin/mayapy.exe', '-DPYTHON_LIBRARIES=P:/shared/Artifactory/Windows/rundev-master/202311130812/runtime/4053eca/runTime/lib/python311.lib', '-DBUILD_WITH_PYTHON_3_VERSION=3.11', '-DCMAKE_WANT_MATERIALX_BUILD=ON', '-DCMAKE_PREFIX_PATH=P:\\shared\\Artifactory\\Windows\\USD\\6a9558d', '-DMAYAHYDRA_BUILD_NUMBER=410', '-DMAYAHYDRA_GIT_COMMIT=92cbd0d76b7ed18e4dc68a344103f1b9271b880a', '-DMAYAHYDRA_GIT_BRANCH=master']
[2023-11-20T14:53:38.028Z]           Stages arguments          ['build']
[2023-11-20T14:53:38.028Z]           CTest arguments           ['--parallel 16']
[2023-11-20T14:53:38.028Z]     Success MayaHydra build and install !!!!
[2023-11-20T14:53:38.028Z]     Elapsed time: 00:00:53
[Pipeline] bat
[2023-11-20T14:53:38.932Z] Deleting alias drive W:
[Pipeline] bat
[2023-11-20T14:53:39.505Z] Deleting alias drive P:
[Pipeline] }
[Pipeline] // withEnv
[Pipeline] }
[Pipeline] // timeout
[Pipeline] }
[Pipeline] // stage
[Pipeline] }
[Pipeline] // timestamps
[Pipeline] timestamps
[Pipeline] {
[Pipeline] stage
[Pipeline] { (Install)
[Pipeline] timeout
[2023-11-20T14:53:39.686Z] Timeout set to expire in 6 hr 0 min
[Pipeline] {
[Pipeline] withEnv
[Pipeline] {
[Pipeline] bat
[2023-11-20T14:53:40.247Z] Creating alias drive P: to S:\jenkins\workspace
[Pipeline] bat
[2023-11-20T14:53:40.825Z] Creating alias drive W: to S:\Jenkins\workspace\ECP\ecg-maya-hydra\ecg-maya-hydra-branch-preflight-python3-windows
[Pipeline] bat
[2023-11-20T14:53:41.529Z] "C:\Program Files\Microsoft Visual Studio\2022\Professional\VC\Auxiliary\Build\vcvarsall.bat" x64
[2023-11-20T14:53:41.860Z] **********************************************************************
[2023-11-20T14:53:41.860Z] ** Visual Studio 2022 Developer Command Prompt v17.3.2
[2023-11-20T14:53:41.860Z] ** Copyright (c) 2022 Microsoft Corporation
[2023-11-20T14:53:41.860Z] **********************************************************************
[2023-11-20T14:53:43.011Z] [vcvarsall.bat] Environment initialized for: 'x64'
[2023-11-20T14:53:43.011Z] python ecg-maya-hydra/build.py --stages=install --workspace-dir=W:\ --artifactory-dir=P:\shared\Artifactory --build-dir=W:\build --install-dir=W:\install --signing-dir=W:\signing --package-dir=W:\package --output-dir=W:\output --stash-dir=W:\stash --jenkins-build=410 --git-commit=92cbd0d76b7ed18e4dc68a344103f1b9271b880a --git-branch=master --variants=Debug --interactive-tests=true --post-zips=false --osx-binary-architecture-target=ub2 --osx-deployment-target=11.0 --osx-base-sdk=CurrentActiveSDK --maya-cut-config=maya-rundev-master-debug.yaml --maya-package=rundev-master-debug --stage-banner
[2023-11-20T14:53:44.163Z] Using Maya cut from P:\shared\Artifactory\Windows\rundev-master-debug\202311130621\runtime\229465b
[2023-11-20T14:53:44.163Z] Using Maya ADSK Signatures from P:\shared\Artifactory\Windows\adsk-plugin-signatures-maya\2023\3ae1ae7
[2023-11-20T14:53:44.163Z] Using Maya Security Library from P:\shared\Artifactory\Windows\maya-security-library\3.4.0\284407f
[2023-11-20T14:53:44.163Z] 
[2023-11-20T14:53:44.163Z] ================================================================================
[2023-11-20T14:53:44.163Z]                                 install (Debug)
[2023-11-20T14:53:44.163Z] ================================================================================
[2023-11-20T14:53:44.163Z] Maya Python Debug Info:
[2023-11-20T14:53:44.163Z]   mayapy executable   = P:\shared\Artifactory\Windows\rundev-master-debug\202311130621\runtime\229465b\runTime\bin\mayapy.exe
[2023-11-20T14:53:44.163Z]   Include Folder      = P:\shared\Artifactory\Windows\rundev-master-debug\202311130621\runtime\229465b\runTime\include\Python311\Python
[2023-11-20T14:53:44.163Z]   Library             = P:\shared\Artifactory\Windows\rundev-master-debug\202311130621\runtime\229465b\runTime\lib\python311_d.lib
[2023-11-20T14:53:44.163Z]   site-package Folder = P:\shared\Artifactory\Windows\rundev-master-debug\202311130621\runtime\229465b\runTime\Python\Lib\site-packages
[2023-11-20T14:53:46.426Z] 
[2023-11-20T14:53:46.426Z]             WARNING: The 'psutil' python package isn't installed. Thus, Peptide
[2023-11-20T14:53:46.426Z]             won't be able to determine the amount of RAM available. It will assume
[2023-11-20T14:53:46.426Z]             that your machine has only 16GB available, and will limit the number
[2023-11-20T14:53:46.426Z]             the number of link jobs being performed in parallel. This can
[2023-11-20T14:53:46.426Z]             negatively affect your build times.
[2023-11-20T14:53:46.426Z] 
[2023-11-20T14:53:46.426Z]             Please 'pip(3) install psutil' to resolve this.
[2023-11-20T14:53:46.426Z]             
[2023-11-20T14:53:46.426Z] In workdir: S:\Jenkins\workspace\ECP\ecg-maya-hydra\ecg-maya-hydra-branch-preflight-python3-windows\ecg-maya-hydra\maya-hydra
[2023-11-20T14:53:46.426Z] Executing: 'P:\\shared\\Artifactory\\Windows\\rundev-master-debug\\202311130621\\runtime\\229465b\\runTime\\bin\\mayapy.exe' 'S:\\Jenkins\\workspace\\ECP\\ecg-maya-hydra\\ecg-maya-hydra-branch-preflight-python3-windows\\ecg-maya-hydra\\maya-hydra\\build.py' --generator Ninja --build-debug --maya-location 'P:\\shared\\Artifactory\\Windows\\rundev-master-debug\\202311130621\\runtime\\229465b\\runTime' --devkit-location 'P:\\shared\\Artifactory\\Windows\\rundev-master-debug\\202311130621\\runtime\\229465b\\devkitBase' --pxrusd-location 'P:\\shared\\Artifactory\\Windows\\USD\\01f407c' '--build-args=-DCMAKE_MAKE_PROGRAM=P:/shared/Artifactory/Windows/ninja/1.10.2/ccacdf8/ninja.exe,-DPYTHON_INCLUDE_DIR=P:/shared/Artifactory/Windows/rundev-master-debug/202311130621/runtime/229465b/runTime/include/Python311/Python,-DPython_EXECUTABLE=P:/shared/Artifactory/Windows/rundev-master-debug/202311130621/runtime/229465b/runTime/bin/mayapy.exe,-DPYTHON_LIBRARIES=P:/shared/Artifactory/Windows/rundev-master-debug/202311130621/runtime/229465b/runTime/lib/python311_d.lib,-DBUILD_WITH_PYTHON_3_VERSION=3.11,-DCMAKE_WANT_MATERIALX_BUILD=ON,-DCMAKE_PREFIX_PATH=P:\\shared\\Artifactory\\Windows\\USD\\01f407c,-DMAYAHYDRA_BUILD_NUMBER=410,-DMAYAHYDRA_GIT_COMMIT=92cbd0d76b7ed18e4dc68a344103f1b9271b880a,-DMAYAHYDRA_GIT_BRANCH=master' --debug-python '--ctest-args=--parallel 16' --stages=install --redirect-outstream-file=False --install-location 'W:\\install\\Debug\\MayaHydra' 'W:\\'
[2023-11-20T14:53:46.426Z] Modified environment variables:
[2023-11-20T14:53:46.427Z]     PATH=P:\shared\Artifactory\Windows\cmake\3.20.3\afe857a\bin;C:\Python27\lib\site-packages\pywin32_system32;C:\Program Files\Microsoft Visual Studio\2022\Professional\VC\Tools\MSVC\14.33.31629\bin\HostX64\x64;C:\Program Files\Microsoft Visual Studio\2022\Professional\Common7\IDE\VC\VCPackages;C:\Program Files\Microsoft Visual Studio\2022\Professional\Common7\IDE\CommonExtensions\Microsoft\TestWindow;C:\Program Files\Microsoft Visual Studio\2022\Professional\Common7\IDE\CommonExtensions\Microsoft\TeamFoundation\Team Explorer;C:\Program Files\Microsoft Visual Studio\2022\Professional\MSBuild\Current\bin\Roslyn;C:\Program Files\Microsoft Visual Studio\2022\Professional\Team Tools\Performance Tools\x64;C:\Program Files\Microsoft Visual Studio\2022\Professional\Team Tools\Performance Tools;C:\Program Files (x86)\Microsoft Visual Studio\Shared\Common\VSPerfCollectionTools\vs2019\\x64;C:\Program Files (x86)\Microsoft Visual Studio\Shared\Common\VSPerfCollectionTools\vs2019\;C:\Program Files (x86)\Microsoft SDKs\Windows\v10.0A\bin\NETFX 4.8 Tools\x64\;C:\Program Files (x86)\HTML Help Workshop;C:\Program Files\Microsoft Visual Studio\2022\Professional\Common7\IDE\CommonExtensions\Microsoft\FSharp\Tools;C:\Program Files (x86)\Windows Kits\10\bin\10.0.19041.0\\x64;C:\Program Files (x86)\Windows Kits\10\bin\\x64;C:\Program Files\Microsoft Visual Studio\2022\Professional\\MSBuild\Current\Bin\amd64;C:\WINDOWS\Microsoft.NET\Framework64\v4.0.30319;C:\Program Files\Microsoft Visual Studio\2022\Professional\Common7\IDE\;C:\Program Files\Microsoft Visual Studio\2022\Professional\Common7\Tools\;C:\Python27\;C:\Python27\Scripts;C:\WINDOWS\system32;C:\WINDOWS;C:\WINDOWS\System32\Wbem;C:\WINDOWS\System32\WindowsPowerShell\v1.0\;C:\WINDOWS\System32\OpenSSH\;C:\ProgramData\chocolatey\bin;C:\Program Files (x86)\WiX Toolset v3.7\bin;C:\Program Files\dotnet\;C:\Program Files\Zulu\zulu-11\bin\;C:\Program Files (x86)\Windows Kits\10\bin\10.0.19041.0\x64;C:\Program Files (x86)\Windows Kits\10\bin\10.0.18362.0\x64;C:\Program Files (x86)\Windows Kits\10\bin\10.0.17763.0\x64;C:\Program Files (x86)\Windows Kits\10\bin\x64;C:\Strawberry\c\bin;C:\Strawberry\perl\site\bin;C:\Strawberry\perl\bin;C:\Program Files\Git\cmd;C:\Program Files\Git\usr\bin;C:\Program Files\Git\mingw64\bin;C:\Program Files\Git\bin;C:\Python38\;C:\Python38\Scripts;C:\StoreBoxClientWindows;C:\Program Files\Electric Cloud\ElectricCommander\bin;C:\Program Files\WinRAR;C:\Program Files\7-Zip;C:\Users\Administrator\AppData\Local\Microsoft\WindowsApps;C:\Users\Administrator\.dotnet\tools;C:\Program Files\Microsoft Visual Studio\2022\Professional\Common7\IDE\CommonExtensions\Microsoft\CMake\CMake\bin;C:\Program Files\Microsoft Visual Studio\2022\Professional\Common7\IDE\CommonExtensions\Microsoft\CMake\Ninja;C:\Program Files\Microsoft Visual Studio\2022\Professional\Common7\IDE\VC\Linux\bin\ConnectionManagerExe
[2023-11-20T14:53:48.688Z]     [0/1] Install the project...
[2023-11-20T14:53:48.688Z]     -- Install configuration: "Debug"
[2023-11-20T14:53:49.399Z]     
[2023-11-20T14:53:49.399Z]         Building with settings:
[2023-11-20T14:53:49.399Z]           Source directory          S:\Jenkins\workspace\ECP\ecg-maya-hydra\ecg-maya-hydra-branch-preflight-python3-windows\ecg-maya-hydra\maya-hydra
[2023-11-20T14:53:49.399Z]           Workspace directory       W:\
[2023-11-20T14:53:49.399Z]           Build directory           W:\build\Debug
[2023-11-20T14:53:49.399Z]           Install directory         W:\install\Debug\MayaHydra
[2023-11-20T14:53:49.399Z]           Variant                   Debug
[2023-11-20T14:53:49.399Z]           Python Debug              On
[2023-11-20T14:53:49.399Z]           CMake generator           Ninja
[2023-11-20T14:53:49.399Z]           Build arguments           ['-DCMAKE_MAKE_PROGRAM=P:/shared/Artifactory/Windows/ninja/1.10.2/ccacdf8/ninja.exe', '-DPYTHON_INCLUDE_DIR=P:/shared/Artifactory/Windows/rundev-master-debug/202311130621/runtime/229465b/runTime/include/Python311/Python', '-DPython_EXECUTABLE=P:/shared/Artifactory/Windows/rundev-master-debug/202311130621/runtime/229465b/runTime/bin/mayapy.exe', '-DPYTHON_LIBRARIES=P:/shared/Artifactory/Windows/rundev-master-debug/202311130621/runtime/229465b/runTime/lib/python311_d.lib', '-DBUILD_WITH_PYTHON_3_VERSION=3.11', '-DCMAKE_WANT_MATERIALX_BUILD=ON', '-DCMAKE_PREFIX_PATH=P:\\shared\\Artifactory\\Windows\\USD\\01f407c', '-DMAYAHYDRA_BUILD_NUMBER=410', '-DMAYAHYDRA_GIT_COMMIT=92cbd0d76b7ed18e4dc68a344103f1b9271b880a', '-DMAYAHYDRA_GIT_BRANCH=master']
[2023-11-20T14:53:49.399Z]           Stages arguments          ['install']
[2023-11-20T14:53:49.399Z]           CTest arguments           ['--parallel 16']
[2023-11-20T14:53:49.399Z]     Success MayaHydra build and install !!!!
[2023-11-20T14:53:49.399Z]     Elapsed time: 00:00:01
[Pipeline] bat
[2023-11-20T14:53:49.969Z] Deleting alias drive W:
[Pipeline] bat
[2023-11-20T14:53:50.538Z] Deleting alias drive P:
[Pipeline] bat
[2023-11-20T14:53:51.136Z] Creating alias drive P: to S:\jenkins\workspace
[Pipeline] bat
[2023-11-20T14:53:51.714Z] Creating alias drive W: to S:\Jenkins\workspace\ECP\ecg-maya-hydra\ecg-maya-hydra-branch-preflight-python3-windows
[Pipeline] bat
[2023-11-20T14:53:52.415Z] "C:\Program Files\Microsoft Visual Studio\2022\Professional\VC\Auxiliary\Build\vcvarsall.bat" x64
[2023-11-20T14:53:52.415Z] **********************************************************************
[2023-11-20T14:53:52.415Z] ** Visual Studio 2022 Developer Command Prompt v17.3.2
[2023-11-20T14:53:52.415Z] ** Copyright (c) 2022 Microsoft Corporation
[2023-11-20T14:53:52.415Z] **********************************************************************
[2023-11-20T14:53:54.079Z] [vcvarsall.bat] Environment initialized for: 'x64'
[2023-11-20T14:53:54.079Z] python ecg-maya-hydra/build.py --stages=install --workspace-dir=W:\ --artifactory-dir=P:\shared\Artifactory --build-dir=W:\build --install-dir=W:\install --signing-dir=W:\signing --package-dir=W:\package --output-dir=W:\output --stash-dir=W:\stash --jenkins-build=410 --git-commit=92cbd0d76b7ed18e4dc68a344103f1b9271b880a --git-branch=master --variants=RelWithDebInfo --interactive-tests=true --post-zips=false --osx-binary-architecture-target=ub2 --osx-deployment-target=11.0 --osx-base-sdk=CurrentActiveSDK --maya-cut-config=maya-rundev-master.yaml --maya-package=rundev-master --stage-banner
[2023-11-20T14:53:54.829Z] Using Maya cut from P:\shared\Artifactory\Windows\rundev-master\202311130812\runtime\4053eca
[2023-11-20T14:53:54.829Z] Using Maya ADSK Signatures from P:\shared\Artifactory\Windows\adsk-plugin-signatures-maya\2023\3ae1ae7
[2023-11-20T14:53:54.829Z] Using Maya Security Library from P:\shared\Artifactory\Windows\maya-security-library\3.4.0\284407f
[2023-11-20T14:53:54.829Z] 
[2023-11-20T14:53:54.829Z] ================================================================================
[2023-11-20T14:53:54.829Z]                             install (RelWithDebInfo)
[2023-11-20T14:53:54.829Z] ================================================================================
[2023-11-20T14:53:54.829Z] Maya Python RelWithDebInfo Info:
[2023-11-20T14:53:54.829Z]   mayapy executable   = P:\shared\Artifactory\Windows\rundev-master\202311130812\runtime\4053eca\runTime\bin\mayapy.exe
[2023-11-20T14:53:54.829Z]   Include Folder      = P:\shared\Artifactory\Windows\rundev-master\202311130812\runtime\4053eca\runTime\include\Python311\Python
[2023-11-20T14:53:54.829Z]   Library             = P:\shared\Artifactory\Windows\rundev-master\202311130812\runtime\4053eca\runTime\lib\python311.lib
[2023-11-20T14:53:54.829Z]   site-package Folder = P:\shared\Artifactory\Windows\rundev-master\202311130812\runtime\4053eca\runTime\Python\Lib\site-packages
[2023-11-20T14:53:55.982Z] In workdir: S:\Jenkins\workspace\ECP\ecg-maya-hydra\ecg-maya-hydra-branch-preflight-python3-windows\ecg-maya-hydra\maya-hydra
[2023-11-20T14:53:55.982Z] Executing: 'P:\\shared\\Artifactory\\Windows\\rundev-master\\202311130812\\runtime\\4053eca\\runTime\\bin\\mayapy.exe' 'S:\\Jenkins\\workspace\\ECP\\ecg-maya-hydra\\ecg-maya-hydra-branch-preflight-python3-windows\\ecg-maya-hydra\\maya-hydra\\build.py' --generator Ninja --build-relwithdebug --maya-location 'P:\\shared\\Artifactory\\Windows\\rundev-master\\202311130812\\runtime\\4053eca\\runTime' --devkit-location 'P:\\shared\\Artifactory\\Windows\\rundev-master\\202311130812\\runtime\\4053eca\\devkitBase' --pxrusd-location 'P:\\shared\\Artifactory\\Windows\\USD\\6a9558d' '--build-args=-DCMAKE_MAKE_PROGRAM=P:/shared/Artifactory/Windows/ninja/1.10.2/ccacdf8/ninja.exe,-DPYTHON_INCLUDE_DIR=P:/shared/Artifactory/Windows/rundev-master/202311130812/runtime/4053eca/runTime/include/Python311/Python,-DPython_EXECUTABLE=P:/shared/Artifactory/Windows/rundev-master/202311130812/runtime/4053eca/runTime/bin/mayapy.exe,-DPYTHON_LIBRARIES=P:/shared/Artifactory/Windows/rundev-master/202311130812/runtime/4053eca/runTime/lib/python311.lib,-DBUILD_WITH_PYTHON_3_VERSION=3.11,-DCMAKE_WANT_MATERIALX_BUILD=ON,-DCMAKE_PREFIX_PATH=P:\\shared\\Artifactory\\Windows\\USD\\6a9558d,-DMAYAHYDRA_BUILD_NUMBER=410,-DMAYAHYDRA_GIT_COMMIT=92cbd0d76b7ed18e4dc68a344103f1b9271b880a,-DMAYAHYDRA_GIT_BRANCH=master' '--ctest-args=--parallel 16' --stages=install --redirect-outstream-file=False --install-location 'W:\\install\\RelWithDebInfo\\MayaHydra' 'W:\\'
[2023-11-20T14:53:55.982Z] Modified environment variables:
[2023-11-20T14:53:55.982Z]     PATH=P:\shared\Artifactory\Windows\cmake\3.20.3\afe857a\bin;C:\Python27\lib\site-packages\pywin32_system32;C:\Program Files\Microsoft Visual Studio\2022\Professional\VC\Tools\MSVC\14.33.31629\bin\HostX64\x64;C:\Program Files\Microsoft Visual Studio\2022\Professional\Common7\IDE\VC\VCPackages;C:\Program Files\Microsoft Visual Studio\2022\Professional\Common7\IDE\CommonExtensions\Microsoft\TestWindow;C:\Program Files\Microsoft Visual Studio\2022\Professional\Common7\IDE\CommonExtensions\Microsoft\TeamFoundation\Team Explorer;C:\Program Files\Microsoft Visual Studio\2022\Professional\MSBuild\Current\bin\Roslyn;C:\Program Files\Microsoft Visual Studio\2022\Professional\Team Tools\Performance Tools\x64;C:\Program Files\Microsoft Visual Studio\2022\Professional\Team Tools\Performance Tools;C:\Program Files (x86)\Microsoft Visual Studio\Shared\Common\VSPerfCollectionTools\vs2019\\x64;C:\Program Files (x86)\Microsoft Visual Studio\Shared\Common\VSPerfCollectionTools\vs2019\;C:\Program Files (x86)\Microsoft SDKs\Windows\v10.0A\bin\NETFX 4.8 Tools\x64\;C:\Program Files (x86)\HTML Help Workshop;C:\Program Files\Microsoft Visual Studio\2022\Professional\Common7\IDE\CommonExtensions\Microsoft\FSharp\Tools;C:\Program Files (x86)\Windows Kits\10\bin\10.0.19041.0\\x64;C:\Program Files (x86)\Windows Kits\10\bin\\x64;C:\Program Files\Microsoft Visual Studio\2022\Professional\\MSBuild\Current\Bin\amd64;C:\WINDOWS\Microsoft.NET\Framework64\v4.0.30319;C:\Program Files\Microsoft Visual Studio\2022\Professional\Common7\IDE\;C:\Program Files\Microsoft Visual Studio\2022\Professional\Common7\Tools\;C:\Python27\;C:\Python27\Scripts;C:\WINDOWS\system32;C:\WINDOWS;C:\WINDOWS\System32\Wbem;C:\WINDOWS\System32\WindowsPowerShell\v1.0\;C:\WINDOWS\System32\OpenSSH\;C:\ProgramData\chocolatey\bin;C:\Program Files (x86)\WiX Toolset v3.7\bin;C:\Program Files\dotnet\;C:\Program Files\Zulu\zulu-11\bin\;C:\Program Files (x86)\Windows Kits\10\bin\10.0.19041.0\x64;C:\Program Files (x86)\Windows Kits\10\bin\10.0.18362.0\x64;C:\Program Files (x86)\Windows Kits\10\bin\10.0.17763.0\x64;C:\Program Files (x86)\Windows Kits\10\bin\x64;C:\Strawberry\c\bin;C:\Strawberry\perl\site\bin;C:\Strawberry\perl\bin;C:\Program Files\Git\cmd;C:\Program Files\Git\usr\bin;C:\Program Files\Git\mingw64\bin;C:\Program Files\Git\bin;C:\Python38\;C:\Python38\Scripts;C:\StoreBoxClientWindows;C:\Program Files\Electric Cloud\ElectricCommander\bin;C:\Program Files\WinRAR;C:\Program Files\7-Zip;C:\Users\Administrator\AppData\Local\Microsoft\WindowsApps;C:\Users\Administrator\.dotnet\tools;C:\Program Files\Microsoft Visual Studio\2022\Professional\Common7\IDE\CommonExtensions\Microsoft\CMake\CMake\bin;C:\Program Files\Microsoft Visual Studio\2022\Professional\Common7\IDE\CommonExtensions\Microsoft\CMake\Ninja;C:\Program Files\Microsoft Visual Studio\2022\Professional\Common7\IDE\VC\Linux\bin\ConnectionManagerExe
[2023-11-20T14:53:56.695Z]     [0/1] Install the project...
[2023-11-20T14:53:56.695Z]     -- Install configuration: "RelWithDebInfo"
[2023-11-20T14:53:57.848Z]     
[2023-11-20T14:53:57.848Z]         Building with settings:
[2023-11-20T14:53:57.848Z]           Source directory          S:\Jenkins\workspace\ECP\ecg-maya-hydra\ecg-maya-hydra-branch-preflight-python3-windows\ecg-maya-hydra\maya-hydra
[2023-11-20T14:53:57.848Z]           Workspace directory       W:\
[2023-11-20T14:53:57.848Z]           Build directory           W:\build\RelWithDebInfo
[2023-11-20T14:53:57.848Z]           Install directory         W:\install\RelWithDebInfo\MayaHydra
[2023-11-20T14:53:57.848Z]           Variant                   RelWithDebInfo
[2023-11-20T14:53:57.848Z]           Python Debug              Off
[2023-11-20T14:53:57.848Z]           CMake generator           Ninja
[2023-11-20T14:53:57.848Z]           Build arguments           ['-DCMAKE_MAKE_PROGRAM=P:/shared/Artifactory/Windows/ninja/1.10.2/ccacdf8/ninja.exe', '-DPYTHON_INCLUDE_DIR=P:/shared/Artifactory/Windows/rundev-master/202311130812/runtime/4053eca/runTime/include/Python311/Python', '-DPython_EXECUTABLE=P:/shared/Artifactory/Windows/rundev-master/202311130812/runtime/4053eca/runTime/bin/mayapy.exe', '-DPYTHON_LIBRARIES=P:/shared/Artifactory/Windows/rundev-master/202311130812/runtime/4053eca/runTime/lib/python311.lib', '-DBUILD_WITH_PYTHON_3_VERSION=3.11', '-DCMAKE_WANT_MATERIALX_BUILD=ON', '-DCMAKE_PREFIX_PATH=P:\\shared\\Artifactory\\Windows\\USD\\6a9558d', '-DMAYAHYDRA_BUILD_NUMBER=410', '-DMAYAHYDRA_GIT_COMMIT=92cbd0d76b7ed18e4dc68a344103f1b9271b880a', '-DMAYAHYDRA_GIT_BRANCH=master']
[2023-11-20T14:53:57.848Z]           Stages arguments          ['install']
[2023-11-20T14:53:57.848Z]           CTest arguments           ['--parallel 16']
[2023-11-20T14:53:57.848Z]     Success MayaHydra build and install !!!!
[2023-11-20T14:53:57.848Z]     Elapsed time: 00:00:01
[Pipeline] bat
[2023-11-20T14:53:58.420Z] Deleting alias drive W:
[Pipeline] bat
[2023-11-20T14:53:58.993Z] Deleting alias drive P:
[Pipeline] }
[Pipeline] // withEnv
[Pipeline] }
[Pipeline] // timeout
[Pipeline] }
[Pipeline] // stage
[Pipeline] }
[Pipeline] // timestamps
[Pipeline] timestamps
[Pipeline] {
[Pipeline] stage
[Pipeline] { (Test)
[Pipeline] timeout
[2023-11-20T14:53:59.226Z] Timeout set to expire in 6 hr 0 min
[Pipeline] {
[Pipeline] withEnv
[Pipeline] {
[Pipeline] bat
[2023-11-20T14:53:59.794Z] Creating alias drive P: to S:\jenkins\workspace
[Pipeline] bat
[2023-11-20T14:54:00.378Z] Creating alias drive W: to S:\Jenkins\workspace\ECP\ecg-maya-hydra\ecg-maya-hydra-branch-preflight-python3-windows
[Pipeline] bat
[2023-11-20T14:54:01.253Z] "C:\Program Files\Microsoft Visual Studio\2022\Professional\VC\Auxiliary\Build\vcvarsall.bat" x64
[2023-11-20T14:54:01.584Z] **********************************************************************
[2023-11-20T14:54:01.584Z] ** Visual Studio 2022 Developer Command Prompt v17.3.2
[2023-11-20T14:54:01.584Z] ** Copyright (c) 2022 Microsoft Corporation
[2023-11-20T14:54:01.584Z] **********************************************************************
[2023-11-20T14:54:02.735Z] [vcvarsall.bat] Environment initialized for: 'x64'
[2023-11-20T14:54:02.735Z] python ecg-maya-hydra/build.py --stages=test --workspace-dir=W:\ --artifactory-dir=P:\shared\Artifactory --build-dir=W:\build --install-dir=W:\install --signing-dir=W:\signing --package-dir=W:\package --output-dir=W:\output --stash-dir=W:\stash --jenkins-build=410 --git-commit=92cbd0d76b7ed18e4dc68a344103f1b9271b880a --git-branch=master --variants=RelWithDebInfo --interactive-tests=true --post-zips=false --osx-binary-architecture-target=ub2 --osx-deployment-target=11.0 --osx-base-sdk=CurrentActiveSDK --test-jobs=0 --failed-test-retry=3 --maya-cut-config=maya-rundev-master.yaml --maya-package=rundev-master --stage-banner --progressive-timeout
[2023-11-20T14:54:03.886Z] Using Maya cut from P:\shared\Artifactory\Windows\rundev-master\202311130812\runtime\4053eca
[2023-11-20T14:54:03.886Z] Using Maya ADSK Signatures from P:\shared\Artifactory\Windows\adsk-plugin-signatures-maya\2023\3ae1ae7
[2023-11-20T14:54:03.886Z] Using Maya Security Library from P:\shared\Artifactory\Windows\maya-security-library\3.4.0\284407f
[2023-11-20T14:54:03.886Z] 
[2023-11-20T14:54:03.886Z] ================================================================================
[2023-11-20T14:54:03.886Z]                              test (RelWithDebInfo)
[2023-11-20T14:54:03.886Z] ================================================================================
[2023-11-20T14:54:03.886Z] Maya Python RelWithDebInfo Info:
[2023-11-20T14:54:03.886Z]   mayapy executable   = P:\shared\Artifactory\Windows\rundev-master\202311130812\runtime\4053eca\runTime\bin\mayapy.exe
[2023-11-20T14:54:03.886Z]   Include Folder      = P:\shared\Artifactory\Windows\rundev-master\202311130812\runtime\4053eca\runTime\include\Python311\Python
[2023-11-20T14:54:03.886Z]   Library             = P:\shared\Artifactory\Windows\rundev-master\202311130812\runtime\4053eca\runTime\lib\python311.lib
[2023-11-20T14:54:03.886Z]   site-package Folder = P:\shared\Artifactory\Windows\rundev-master\202311130812\runtime\4053eca\runTime\Python\Lib\site-packages
[2023-11-20T14:54:04.597Z] In workdir: S:\Jenkins\workspace\ECP\ecg-maya-hydra\ecg-maya-hydra-branch-preflight-python3-windows\ecg-maya-hydra\maya-hydra
[2023-11-20T14:54:04.597Z] Executing: 'P:\\shared\\Artifactory\\Windows\\rundev-master\\202311130812\\runtime\\4053eca\\runTime\\bin\\mayapy.exe' 'S:\\Jenkins\\workspace\\ECP\\ecg-maya-hydra\\ecg-maya-hydra-branch-preflight-python3-windows\\ecg-maya-hydra\\maya-hydra\\build.py' --generator Ninja --build-relwithdebug --maya-location 'P:\\shared\\Artifactory\\Windows\\rundev-master\\202311130812\\runtime\\4053eca\\runTime' --devkit-location 'P:\\shared\\Artifactory\\Windows\\rundev-master\\202311130812\\runtime\\4053eca\\devkitBase' --pxrusd-location 'P:\\shared\\Artifactory\\Windows\\USD\\6a9558d' '--build-args=-DCMAKE_MAKE_PROGRAM=P:/shared/Artifactory/Windows/ninja/1.10.2/ccacdf8/ninja.exe,-DPYTHON_INCLUDE_DIR=P:/shared/Artifactory/Windows/rundev-master/202311130812/runtime/4053eca/runTime/include/Python311/Python,-DPython_EXECUTABLE=P:/shared/Artifactory/Windows/rundev-master/202311130812/runtime/4053eca/runTime/bin/mayapy.exe,-DPYTHON_LIBRARIES=P:/shared/Artifactory/Windows/rundev-master/202311130812/runtime/4053eca/runTime/lib/python311.lib,-DBUILD_WITH_PYTHON_3_VERSION=3.11,-DCMAKE_WANT_MATERIALX_BUILD=ON,-DCMAKE_PREFIX_PATH=P:\\shared\\Artifactory\\Windows\\USD\\6a9558d,-DMAYAHYDRA_BUILD_NUMBER=410,-DMAYAHYDRA_GIT_COMMIT=92cbd0d76b7ed18e4dc68a344103f1b9271b880a,-DMAYAHYDRA_GIT_BRANCH=master' '--ctest-args=--parallel 16' --stages=test --redirect-outstream-file=False --install-location 'W:\\install\\RelWithDebInfo\\MayaHydra' 'W:\\'
[2023-11-20T14:54:04.597Z] Modified environment variables:
[2023-11-20T14:54:04.597Z]     PATH=P:\shared\Artifactory\Windows\cmake\3.20.3\afe857a\bin;C:\Python27\lib\site-packages\pywin32_system32;C:\Program Files\Microsoft Visual Studio\2022\Professional\VC\Tools\MSVC\14.33.31629\bin\HostX64\x64;C:\Program Files\Microsoft Visual Studio\2022\Professional\Common7\IDE\VC\VCPackages;C:\Program Files\Microsoft Visual Studio\2022\Professional\Common7\IDE\CommonExtensions\Microsoft\TestWindow;C:\Program Files\Microsoft Visual Studio\2022\Professional\Common7\IDE\CommonExtensions\Microsoft\TeamFoundation\Team Explorer;C:\Program Files\Microsoft Visual Studio\2022\Professional\MSBuild\Current\bin\Roslyn;C:\Program Files\Microsoft Visual Studio\2022\Professional\Team Tools\Performance Tools\x64;C:\Program Files\Microsoft Visual Studio\2022\Professional\Team Tools\Performance Tools;C:\Program Files (x86)\Microsoft Visual Studio\Shared\Common\VSPerfCollectionTools\vs2019\\x64;C:\Program Files (x86)\Microsoft Visual Studio\Shared\Common\VSPerfCollectionTools\vs2019\;C:\Program Files (x86)\Microsoft SDKs\Windows\v10.0A\bin\NETFX 4.8 Tools\x64\;C:\Program Files (x86)\HTML Help Workshop;C:\Program Files\Microsoft Visual Studio\2022\Professional\Common7\IDE\CommonExtensions\Microsoft\FSharp\Tools;C:\Program Files (x86)\Windows Kits\10\bin\10.0.19041.0\\x64;C:\Program Files (x86)\Windows Kits\10\bin\\x64;C:\Program Files\Microsoft Visual Studio\2022\Professional\\MSBuild\Current\Bin\amd64;C:\WINDOWS\Microsoft.NET\Framework64\v4.0.30319;C:\Program Files\Microsoft Visual Studio\2022\Professional\Common7\IDE\;C:\Program Files\Microsoft Visual Studio\2022\Professional\Common7\Tools\;C:\Python27\;C:\Python27\Scripts;C:\WINDOWS\system32;C:\WINDOWS;C:\WINDOWS\System32\Wbem;C:\WINDOWS\System32\WindowsPowerShell\v1.0\;C:\WINDOWS\System32\OpenSSH\;C:\ProgramData\chocolatey\bin;C:\Program Files (x86)\WiX Toolset v3.7\bin;C:\Program Files\dotnet\;C:\Program Files\Zulu\zulu-11\bin\;C:\Program Files (x86)\Windows Kits\10\bin\10.0.19041.0\x64;C:\Program Files (x86)\Windows Kits\10\bin\10.0.18362.0\x64;C:\Program Files (x86)\Windows Kits\10\bin\10.0.17763.0\x64;C:\Program Files (x86)\Windows Kits\10\bin\x64;C:\Strawberry\c\bin;C:\Strawberry\perl\site\bin;C:\Strawberry\perl\bin;C:\Program Files\Git\cmd;C:\Program Files\Git\usr\bin;C:\Program Files\Git\mingw64\bin;C:\Program Files\Git\bin;C:\Python38\;C:\Python38\Scripts;C:\StoreBoxClientWindows;C:\Program Files\Electric Cloud\ElectricCommander\bin;C:\Program Files\WinRAR;C:\Program Files\7-Zip;C:\Users\Administrator\AppData\Local\Microsoft\WindowsApps;C:\Users\Administrator\.dotnet\tools;C:\Program Files\Microsoft Visual Studio\2022\Professional\Common7\IDE\CommonExtensions\Microsoft\CMake\CMake\bin;C:\Program Files\Microsoft Visual Studio\2022\Professional\Common7\IDE\CommonExtensions\Microsoft\CMake\Ninja;C:\Program Files\Microsoft Visual Studio\2022\Professional\Common7\IDE\VC\Linux\bin\ConnectionManagerExe
[2023-11-20T14:54:05.748Z]     Test project W:/build/RelWithDebInfo
[2023-11-20T14:54:05.748Z]           Start  1: _Interactive_Maya
[2023-11-20T14:54:05.748Z]      1/20 Test  #1: _Interactive_Maya ...........................***Not Run (Disabled)   0.00 sec
[2023-11-20T14:54:05.748Z]           Start  2: testImageDiffing
[2023-11-20T14:54:05.748Z]           Start  3: testMtohCommand
[2023-11-20T14:54:05.748Z]           Start  4: testMeshes
[2023-11-20T14:54:05.748Z]           Start  5: testNamespaces
[2023-11-20T14:54:05.748Z]           Start  6: testVisibility
[2023-11-20T14:54:05.748Z]           Start  7: testRendererSwitching
[2023-11-20T14:54:05.748Z]           Start  8: testSceneBrowser
[2023-11-20T14:54:05.748Z]           Start  9: testStageAddPrim
[2023-11-20T14:54:05.748Z]           Start 10: testNewSceneWithStage
[2023-11-20T14:54:05.748Z]           Start 11: testDirectionalLights
[2023-11-20T14:54:05.748Z]           Start 12: testColorPreferences
[2023-11-20T14:54:05.748Z]           Start 13: testCppFramework
[2023-11-20T14:54:05.748Z]           Start 14: testMayaSceneFlattening
[2023-11-20T14:54:06.080Z]           Start 15: testMayaUsdUfeItems
[2023-11-20T14:54:06.080Z]           Start 16: testMergingSceneIndex
[2023-11-20T14:54:06.080Z]           Start 17: testSelectionSceneIndex
[2023-11-20T14:54:29.165Z]      2/20 Test  #5: testNamespaces ..............................   Passed   22.63 sec
[2023-11-20T14:54:29.165Z]           Start 18: testWireframeSelectionHighlightSceneIndex
[2023-11-20T14:54:29.165Z]      3/20 Test  #4: testMeshes ..................................   Passed   22.90 sec
[2023-11-20T14:54:29.165Z]           Start 19: testFlowViewportAPIViewportInformation
[2023-11-20T14:54:29.165Z]      4/20 Test  #3: testMtohCommand .............................   Passed   23.37 sec
[2023-11-20T14:54:29.165Z]           Start 20: testMeshes_meshAdapter
[2023-11-20T14:54:29.876Z]      5/20 Test  #7: testRendererSwitching .......................   Passed   24.14 sec
[2023-11-20T14:54:31.028Z]      6/20 Test  #9: testStageAddPrim ............................   Passed   25.20 sec
[2023-11-20T14:54:33.292Z]      7/20 Test #11: testDirectionalLights .......................   Passed   27.07 sec
[2023-11-20T14:54:33.623Z]      8/20 Test #13: testCppFramework ............................   Passed   27.77 sec
[2023-11-20T14:54:34.335Z]      9/20 Test  #6: testVisibility ..............................   Passed   28.79 sec
[2023-11-20T14:54:35.999Z]     10/20 Test #15: testMayaUsdUfeItems .........................   Passed   29.69 sec
[2023-11-20T14:54:35.999Z]     11/20 Test #10: testNewSceneWithStage .......................   Passed   30.11 sec
[2023-11-20T14:54:35.999Z]     12/20 Test  #8: testSceneBrowser ............................   Passed   30.46 sec
[2023-11-20T14:54:36.330Z]     13/20 Test #17: testSelectionSceneIndex .....................   Passed   30.39 sec
[2023-11-20T14:54:36.661Z]     14/20 Test  #2: testImageDiffing ............................   Passed   30.98 sec
[2023-11-20T14:54:36.661Z]     15/20 Test #16: testMergingSceneIndex .......................   Passed   30.71 sec
[2023-11-20T14:54:36.992Z]     16/20 Test #14: testMayaSceneFlattening .....................   Passed   30.93 sec
[2023-11-20T14:54:36.992Z]     17/20 Test #12: testColorPreferences ........................   Passed   31.18 sec
[2023-11-20T14:54:45.919Z]     18/20 Test #18: testWireframeSelectionHighlightSceneIndex ...   Passed   17.76 sec
[2023-11-20T14:54:46.631Z]     19/20 Test #20: testMeshes_meshAdapter ......................   Passed   17.63 sec
[2023-11-20T14:54:46.961Z]     20/20 Test #19: testFlowViewportAPIViewportInformation ......   Passed   18.54 sec
[2023-11-20T14:54:46.961Z]     
[2023-11-20T14:54:46.961Z]     100% tests passed, 0 tests failed out of 19
[2023-11-20T14:54:46.961Z]     
[2023-11-20T14:54:46.961Z]     Label Time Summary:
[2023-11-20T14:54:46.961Z]     Debugging      =   0.00 sec*proc (1 test)
[2023-11-20T14:54:46.961Z]     interactive    = 500.24 sec*proc (19 tests)
[2023-11-20T14:54:46.961Z]     mayaHydra      = 500.24 sec*proc (19 tests)
[2023-11-20T14:54:46.961Z]     
[2023-11-20T14:54:46.961Z]     Total Test time (real) =  41.57 sec
[2023-11-20T14:54:46.961Z]     
[2023-11-20T14:54:46.961Z]     The following tests did not run:
[2023-11-20T14:54:46.961Z]     	  1 - _Interactive_Maya (Disabled)
[2023-11-20T14:54:46.961Z]     
[2023-11-20T14:54:46.961Z]         Building with settings:
[2023-11-20T14:54:46.961Z]           Source directory          S:\Jenkins\workspace\ECP\ecg-maya-hydra\ecg-maya-hydra-branch-preflight-python3-windows\ecg-maya-hydra\maya-hydra
[2023-11-20T14:54:46.961Z]           Workspace directory       W:\
[2023-11-20T14:54:46.961Z]           Build directory           W:\build\RelWithDebInfo
[2023-11-20T14:54:46.961Z]           Install directory         W:\install\RelWithDebInfo\MayaHydra
[2023-11-20T14:54:46.961Z]           Variant                   RelWithDebInfo
[2023-11-20T14:54:46.961Z]           Python Debug              Off
[2023-11-20T14:54:46.961Z]           CMake generator           Ninja
[2023-11-20T14:54:46.961Z]           Build arguments           ['-DCMAKE_MAKE_PROGRAM=P:/shared/Artifactory/Windows/ninja/1.10.2/ccacdf8/ninja.exe', '-DPYTHON_INCLUDE_DIR=P:/shared/Artifactory/Windows/rundev-master/202311130812/runtime/4053eca/runTime/include/Python311/Python', '-DPython_EXECUTABLE=P:/shared/Artifactory/Windows/rundev-master/202311130812/runtime/4053eca/runTime/bin/mayapy.exe', '-DPYTHON_LIBRARIES=P:/shared/Artifactory/Windows/rundev-master/202311130812/runtime/4053eca/runTime/lib/python311.lib', '-DBUILD_WITH_PYTHON_3_VERSION=3.11', '-DCMAKE_WANT_MATERIALX_BUILD=ON', '-DCMAKE_PREFIX_PATH=P:\\shared\\Artifactory\\Windows\\USD\\6a9558d', '-DMAYAHYDRA_BUILD_NUMBER=410', '-DMAYAHYDRA_GIT_COMMIT=92cbd0d76b7ed18e4dc68a344103f1b9271b880a', '-DMAYAHYDRA_GIT_BRANCH=master']
[2023-11-20T14:54:46.961Z]           Stages arguments          ['test']
[2023-11-20T14:54:46.961Z]           CTest arguments           ['--parallel 16']
[2023-11-20T14:54:46.961Z]     Success running MayaHydra tests !!!!
[Pipeline] bat
[2023-11-20T14:54:47.864Z] Deleting alias drive W:
[Pipeline] bat
[2023-11-20T14:54:48.438Z] Deleting alias drive P:
[Pipeline] }
[Pipeline] // withEnv
[Pipeline] }
[Pipeline] // timeout
[Pipeline] }
[Pipeline] // stage
[Pipeline] }
[Pipeline] // timestamps
[Pipeline] timestamps
[Pipeline] {
[Pipeline] stage
[Pipeline] { (Cleanup)
[Pipeline] timeout
[2023-11-20T14:54:48.627Z] Timeout set to expire in 6 hr 0 min
[Pipeline] {
[Pipeline] withEnv
[Pipeline] {
[Pipeline] bat
[2023-11-20T14:54:49.191Z] Creating alias drive P: to S:\jenkins\workspace
[Pipeline] bat
[2023-11-20T14:54:49.779Z] Creating alias drive W: to S:\Jenkins\workspace\ECP\ecg-maya-hydra\ecg-maya-hydra-branch-preflight-python3-windows
[Pipeline] bat
[2023-11-20T14:54:50.487Z] "C:\Program Files\Microsoft Visual Studio\2022\Professional\VC\Auxiliary\Build\vcvarsall.bat" x64
[2023-11-20T14:54:50.818Z] **********************************************************************
[2023-11-20T14:54:50.818Z] ** Visual Studio 2022 Developer Command Prompt v17.3.2
[2023-11-20T14:54:50.818Z] ** Copyright (c) 2022 Microsoft Corporation
[2023-11-20T14:54:50.818Z] **********************************************************************
[2023-11-20T14:54:51.969Z] [vcvarsall.bat] Environment initialized for: 'x64'
[2023-11-20T14:54:51.969Z] python ecg-maya-hydra/build.py --stages=cleanup --workspace-dir=W:\ --artifactory-dir=P:\shared\Artifactory --build-dir=W:\build --install-dir=W:\install --signing-dir=W:\signing --package-dir=W:\package --output-dir=W:\output --stash-dir=W:\stash --jenkins-build=410 --git-commit=92cbd0d76b7ed18e4dc68a344103f1b9271b880a --git-branch=master --variants=Debug --interactive-tests=true --post-zips=false --osx-binary-architecture-target=ub2 --osx-deployment-target=11.0 --osx-base-sdk=CurrentActiveSDK --maya-cut-config=maya-rundev-master-debug.yaml --maya-package=rundev-master-debug --stage-banner
[2023-11-20T14:54:53.121Z] Using Maya cut from P:\shared\Artifactory\Windows\rundev-master-debug\202311130621\runtime\229465b
[2023-11-20T14:54:53.121Z] Using Maya ADSK Signatures from P:\shared\Artifactory\Windows\adsk-plugin-signatures-maya\2023\3ae1ae7
[2023-11-20T14:54:53.121Z] Using Maya Security Library from P:\shared\Artifactory\Windows\maya-security-library\3.4.0\284407f
[2023-11-20T14:54:53.121Z] 
[2023-11-20T14:54:53.121Z] ================================================================================
[2023-11-20T14:54:53.121Z]                                cleanup (Finalize)
[2023-11-20T14:54:53.121Z] ================================================================================
[2023-11-20T14:54:53.121Z] Cleaning up workspace
[2023-11-20T14:54:53.121Z] Removing directory: W:\build
[2023-11-20T14:54:54.273Z] Removing directory: W:\install
[Pipeline] bat
[2023-11-20T14:54:55.175Z] Deleting alias drive W:
[Pipeline] bat
[2023-11-20T14:54:55.746Z] Deleting alias drive P:
[Pipeline] bat
[2023-11-20T14:54:56.339Z] Creating alias drive P: to S:\jenkins\workspace
[Pipeline] bat
[2023-11-20T14:54:56.917Z] Creating alias drive W: to S:\Jenkins\workspace\ECP\ecg-maya-hydra\ecg-maya-hydra-branch-preflight-python3-windows
[Pipeline] bat
[2023-11-20T14:54:57.618Z] "C:\Program Files\Microsoft Visual Studio\2022\Professional\VC\Auxiliary\Build\vcvarsall.bat" x64
[2023-11-20T14:54:57.618Z] **********************************************************************
[2023-11-20T14:54:57.618Z] ** Visual Studio 2022 Developer Command Prompt v17.3.2
[2023-11-20T14:54:57.618Z] ** Copyright (c) 2022 Microsoft Corporation
[2023-11-20T14:54:57.618Z] **********************************************************************
[2023-11-20T14:54:59.281Z] [vcvarsall.bat] Environment initialized for: 'x64'
[2023-11-20T14:54:59.281Z] python ecg-maya-hydra/build.py --stages=cleanup --workspace-dir=W:\ --artifactory-dir=P:\shared\Artifactory --build-dir=W:\build --install-dir=W:\install --signing-dir=W:\signing --package-dir=W:\package --output-dir=W:\output --stash-dir=W:\stash --jenkins-build=410 --git-commit=92cbd0d76b7ed18e4dc68a344103f1b9271b880a --git-branch=master --variants=RelWithDebInfo --interactive-tests=true --post-zips=false --osx-binary-architecture-target=ub2 --osx-deployment-target=11.0 --osx-base-sdk=CurrentActiveSDK --maya-cut-config=maya-rundev-master.yaml --maya-package=rundev-master --stage-banner
[2023-11-20T14:54:59.992Z] Using Maya cut from P:\shared\Artifactory\Windows\rundev-master\202311130812\runtime\4053eca
[2023-11-20T14:54:59.992Z] Using Maya ADSK Signatures from P:\shared\Artifactory\Windows\adsk-plugin-signatures-maya\2023\3ae1ae7
[2023-11-20T14:54:59.992Z] Using Maya Security Library from P:\shared\Artifactory\Windows\maya-security-library\3.4.0\284407f
[2023-11-20T14:54:59.992Z] 
[2023-11-20T14:54:59.992Z] ================================================================================
[2023-11-20T14:54:59.992Z]                                cleanup (Finalize)
[2023-11-20T14:54:59.992Z] ================================================================================
[2023-11-20T14:54:59.992Z] Cleaning up workspace
[Pipeline] bat
[2023-11-20T14:55:00.573Z] Deleting alias drive W:
[Pipeline] bat
[2023-11-20T14:55:01.146Z] Deleting alias drive P:
[Pipeline] }
[Pipeline] // withEnv
[Pipeline] }
[Pipeline] // timeout
[Pipeline] }
[Pipeline] // stage
[Pipeline] }
[Pipeline] // timestamps
[Pipeline] }
[Pipeline] // node
[Pipeline] End of Pipeline
[Checks API] No suitable checks publisher found.
Finished: SUCCESS
