[2023-11-21T16:49:59.747Z] ================================================================================
[2023-11-21T16:49:59.747Z]                                  setup (Debug)
[2023-11-21T16:49:59.747Z] ================================================================================
[Pipeline] bat
[2023-11-21T16:50:00.346Z] Deleting alias drive W:
[Pipeline] bat
[2023-11-21T16:50:00.918Z] Deleting alias drive P:
[Pipeline] bat
[2023-11-21T16:50:01.514Z] Creating alias drive P: to S:\jenkins\workspace
[Pipeline] bat
[2023-11-21T16:50:02.099Z] Creating alias drive W: to S:\Jenkins\workspace\ECP\ecg-maya-hydra\ecg-maya-hydra-branch-preflight-python3-windows
[Pipeline] bat
[2023-11-21T16:50:02.836Z] "C:\Program Files\Microsoft Visual Studio\2022\Professional\VC\Auxiliary\Build\vcvarsall.bat" x64
[2023-11-21T16:50:03.168Z] **********************************************************************
[2023-11-21T16:50:03.168Z] ** Visual Studio 2022 Developer Command Prompt v17.3.2
[2023-11-21T16:50:03.168Z] ** Copyright (c) 2022 Microsoft Corporation
[2023-11-21T16:50:03.168Z] **********************************************************************
[2023-11-21T16:50:04.322Z] [vcvarsall.bat] Environment initialized for: 'x64'
[2023-11-21T16:50:04.322Z] python ecg-maya-hydra/build.py --stages=setup --workspace-dir=W:\ --artifactory-dir=P:\shared\Artifactory --build-dir=W:\build --install-dir=W:\install --signing-dir=W:\signing --package-dir=W:\package --output-dir=W:\output --stash-dir=W:\stash --jenkins-build=411 --git-commit=dc2f04ad856bbd718ecc1f9c48e6fc1b3807c687 --git-branch=master --variants=RelWithDebInfo --interactive-tests=true --post-zips=false --osx-binary-architecture-target=ub2 --osx-deployment-target=11.0 --osx-base-sdk=CurrentActiveSDK --extra-license-file=ecg-maya-hydra/jenkins-o03-cot/melicense.lic --prune-versions=3 --prune-revisions=3 --maya-cut-config=maya-rundev-master.yaml --maya-package=rundev-master --stage-banner --prune-artifacts --force-pruning
[2023-11-21T16:50:05.507Z] Getting rundev-master download URL from Maya SHA-1 hash
[2023-11-21T16:50:05.507Z] Finding Artifactory servers response times
[2023-11-21T16:50:07.924Z] [VERBOSE] Start loading URL (CURL): https://art-bobcat.autodesk.com/artifactory/api/system/ping
[2023-11-21T16:50:07.924Z] [DEBUG] Running: C:\WINDOWS\system32\curl.exe -s -X GET --keepalive-time 10 --connect-timeout 60 --speed-limit 10000 --speed-time 120 --max-time 1800 --retry 5 --retry-max-time 2400 -H Connection:close https://art-bobcat.autodesk.com/artifactory/api/system/ping
[2023-11-21T16:50:07.924Z] [DEBUG] Output:
[2023-11-21T16:50:07.924Z] OK
[2023-11-21T16:50:07.924Z] [VERBOSE] End loading URL (CURL): https://art-bobcat.autodesk.com/artifactory/api/system/ping
[2023-11-21T16:50:07.924Z] [VERBOSE] Start loading URL (CURL): https://art-marmotte.autodesk.com/artifactory/api/system/ping
[2023-11-21T16:50:07.924Z] [DEBUG] Running: C:\WINDOWS\system32\curl.exe -s -X GET --keepalive-time 10 --connect-timeout 60 --speed-limit 10000 --speed-time 120 --max-time 1800 --retry 5 --retry-max-time 2400 -H Connection:close https://art-marmotte.autodesk.com/artifactory/api/system/ping
[2023-11-21T16:50:07.924Z] [DEBUG] Output:
[2023-11-21T16:50:07.924Z] OK
[2023-11-21T16:50:07.924Z] [VERBOSE] End loading URL (CURL): https://art-marmotte.autodesk.com/artifactory/api/system/ping
[2023-11-21T16:50:08.271Z] [VERBOSE] Start loading URL (CURL): https://art-bear.autodesk.com/artifactory/api/system/ping
[2023-11-21T16:50:08.271Z] [DEBUG] Running: C:\WINDOWS\system32\curl.exe -s -X GET --keepalive-time 10 --connect-timeout 60 --speed-limit 10000 --speed-time 120 --max-time 1800 --retry 5 --retry-max-time 2400 -H Connection:close https://art-bear.autodesk.com/artifactory/api/system/ping
[2023-11-21T16:50:08.271Z] [DEBUG] Output:
[2023-11-21T16:50:08.271Z] OK
[2023-11-21T16:50:08.271Z] [VERBOSE] End loading URL (CURL): https://art-bear.autodesk.com/artifactory/api/system/ping
[2023-11-21T16:50:08.603Z] [VERBOSE] Start loading URL (CURL): https://art-bobcat.autodesk.com/artifactory/api/search/checksum?repos=autodesk-3p-generic,adsk-build-tools-generic,team-ecg-generic,team-maya-generic,oss-stg-generic&sha1=4053eca543a6131eab0d0df7f39bc356470f54a9
[2023-11-21T16:50:08.603Z] [DEBUG] Running: C:\WINDOWS\system32\curl.exe -s -X GET --keepalive-time 10 --connect-timeout 60 --speed-limit 10000 --speed-time 120 --max-time 1800 --retry 5 --retry-max-time 2400 -H Connection:close -H Authorization:Basic ZWNnYmlmcm9zdDpvcGUqKjAw https://art-bobcat.autodesk.com/artifactory/api/search/checksum?repos=autodesk-3p-generic,adsk-build-tools-generic,team-ecg-generic,team-maya-generic,oss-stg-generic&sha1=4053eca543a6131eab0d0df7f39bc356470f54a9
[2023-11-21T16:50:08.603Z] [DEBUG] Output:
[2023-11-21T16:50:08.603Z] {
[2023-11-21T16:50:08.603Z]   "results" : [ {
[2023-11-21T16:50:08.603Z]     "uri" : "https://art-bobcat.autodesk.com:443/artifactory/api/storage/team-maya-generic/Maya/master/px64/2023-11-13-08-12_72bdc70acd/202311130812-72bdc70acd-RUNDEV.zip"
[2023-11-21T16:50:08.603Z]   } ]
[2023-11-21T16:50:08.603Z] }
[2023-11-21T16:50:08.603Z] [VERBOSE] End loading URL (CURL): https://art-bobcat.autodesk.com/artifactory/api/search/checksum?repos=autodesk-3p-generic,adsk-build-tools-generic,team-ecg-generic,team-maya-generic,oss-stg-generic&sha1=4053eca543a6131eab0d0df7f39bc356470f54a9
[2023-11-21T16:50:08.603Z] [VERBOSE] Start loading URL (CURL): https://art-bobcat.autodesk.com:443/artifactory/api/storage/team-maya-generic/Maya/master/px64/2023-11-13-08-12_72bdc70acd/202311130812-72bdc70acd-RUNDEV.zip
[2023-11-21T16:50:08.603Z] [DEBUG] Running: C:\WINDOWS\system32\curl.exe -s -X GET --keepalive-time 10 --connect-timeout 60 --speed-limit 10000 --speed-time 120 --max-time 1800 --retry 5 --retry-max-time 2400 -H Connection:close -H Authorization:Basic ZWNnYmlmcm9zdDpvcGUqKjAw https://art-bobcat.autodesk.com:443/artifactory/api/storage/team-maya-generic/Maya/master/px64/2023-11-13-08-12_72bdc70acd/202311130812-72bdc70acd-RUNDEV.zip
[2023-11-21T16:50:08.603Z] [DEBUG] Output:
[2023-11-21T16:50:08.603Z] {
[2023-11-21T16:50:08.603Z]   "repo" : "team-maya-generic",
[2023-11-21T16:50:08.603Z]   "path" : "/Maya/master/px64/2023-11-13-08-12_72bdc70acd/202311130812-72bdc70acd-RUNDEV.zip",
[2023-11-21T16:50:08.603Z]   "created" : "2023-11-13T10:24:13.831-08:00",
[2023-11-21T16:50:08.603Z]   "createdBy" : "svc_p_mescm",
[2023-11-21T16:50:08.603Z]   "lastModified" : "2023-11-13T10:18:59.346-08:00",
[2023-11-21T16:50:08.603Z]   "modifiedBy" : "svc_p_mescm",
[2023-11-21T16:50:08.603Z]   "lastUpdated" : "2023-11-13T10:24:13.832-08:00",
[2023-11-21T16:50:08.603Z]   "downloadUri" : "https://art-bobcat.autodesk.com:443/artifactory/team-maya-generic/Maya/master/px64/2023-11-13-08-12_72bdc70acd/202311130812-72bdc70acd-RUNDEV.zip",
[2023-11-21T16:50:08.603Z]   "mimeType" : "application/zip",
[2023-11-21T16:50:08.603Z]   "size" : "2602753510",
[2023-11-21T16:50:08.603Z]   "checksums" : {
[2023-11-21T16:50:08.603Z]     "sha1" : "4053eca543a6131eab0d0df7f39bc356470f54a9",
[2023-11-21T16:50:08.603Z]     "md5" : "3fc9058fce9dacaabeb55329617dfad6",
[2023-11-21T16:50:08.603Z]     "sha256" : "196e267b78fc31539292b915f61013915c794194edab70739f857ffbc269bdec"
[2023-11-21T16:50:08.603Z]   },
[2023-11-21T16:50:08.603Z]   "originalChecksums" : {
[2023-11-21T16:50:08.603Z]     "sha1" : "4053eca543a6131eab0d0df7f39bc356470f54a9",
[2023-11-21T16:50:08.603Z]     "md5" : "3fc9058fce9dacaabeb55329617dfad6",
[2023-11-21T16:50:08.603Z]     "sha256" : "196e267b78fc31539292b915f61013915c794194edab70739f857ffbc269bdec"
[2023-11-21T16:50:08.603Z]   },
[2023-11-21T16:50:08.603Z]   "uri" : "https://art-bobcat.autodesk.com:443/artifactory/api/storage/team-maya-generic/Maya/master/px64/2023-11-13-08-12_72bdc70acd/202311130812-72bdc70acd-RUNDEV.zip"
[2023-11-21T16:50:08.603Z] }
[2023-11-21T16:50:08.603Z] [VERBOSE] End loading URL (CURL): https://art-bobcat.autodesk.com:443/artifactory/api/storage/team-maya-generic/Maya/master/px64/2023-11-13-08-12_72bdc70acd/202311130812-72bdc70acd-RUNDEV.zip
[2023-11-21T16:50:08.603Z] Using Maya cut from P:\shared\Artifactory\Windows\rundev-master\202311130812\runtime\4053eca
[2023-11-21T16:50:08.603Z] Using Maya ADSK Signatures from P:\shared\Artifactory\Windows\adsk-plugin-signatures-maya\2023\3ae1ae7
[2023-11-21T16:50:08.603Z] Using Maya Security Library from P:\shared\Artifactory\Windows\maya-security-library\3.4.0\284407f
[2023-11-21T16:50:08.603Z] 
[2023-11-21T16:50:08.603Z] ================================================================================
[2023-11-21T16:50:08.603Z]                              setup (RelWithDebInfo)
[2023-11-21T16:50:08.603Z] ================================================================================
[Pipeline] bat
[2023-11-21T16:50:09.181Z] Deleting alias drive W:
[Pipeline] bat
[2023-11-21T16:50:09.760Z] Deleting alias drive P:
[Pipeline] }
[Pipeline] // withEnv
[Pipeline] }
[Pipeline] // timeout
[Pipeline] }
[Pipeline] // stage
[Pipeline] }
[Pipeline] // timestamps
[Pipeline] timestamps
[Pipeline] {
[Pipeline] stage
[Pipeline] { (Clean)
[Pipeline] timeout
[2023-11-21T16:50:09.953Z] Timeout set to expire in 6 hr 0 min
[Pipeline] {
[Pipeline] withEnv
[Pipeline] {
[Pipeline] bat
[2023-11-21T16:50:10.519Z] Creating alias drive P: to S:\jenkins\workspace
[Pipeline] bat
[2023-11-21T16:50:11.122Z] Creating alias drive W: to S:\Jenkins\workspace\ECP\ecg-maya-hydra\ecg-maya-hydra-branch-preflight-python3-windows
[Pipeline] bat
[2023-11-21T16:50:11.858Z] "C:\Program Files\Microsoft Visual Studio\2022\Professional\VC\Auxiliary\Build\vcvarsall.bat" x64
[2023-11-21T16:50:12.190Z] **********************************************************************
[2023-11-21T16:50:12.190Z] ** Visual Studio 2022 Developer Command Prompt v17.3.2
[2023-11-21T16:50:12.190Z] ** Copyright (c) 2022 Microsoft Corporation
[2023-11-21T16:50:12.190Z] **********************************************************************
[2023-11-21T16:50:13.402Z] [vcvarsall.bat] Environment initialized for: 'x64'
[2023-11-21T16:50:13.402Z] python ecg-maya-hydra/build.py --stages=clean --workspace-dir=W:\ --artifactory-dir=P:\shared\Artifactory --build-dir=W:\build --install-dir=W:\install --signing-dir=W:\signing --package-dir=W:\package --output-dir=W:\output --stash-dir=W:\stash --jenkins-build=411 --git-commit=dc2f04ad856bbd718ecc1f9c48e6fc1b3807c687 --git-branch=master --variants=Debug --interactive-tests=true --post-zips=false --osx-binary-architecture-target=ub2 --osx-deployment-target=11.0 --osx-base-sdk=CurrentActiveSDK --maya-cut-config=maya-rundev-master-debug.yaml --maya-package=rundev-master-debug --stage-banner
[2023-11-21T16:50:14.558Z] Using Maya cut from P:\shared\Artifactory\Windows\rundev-master-debug\202311130621\runtime\229465b
[2023-11-21T16:50:14.558Z] Using Maya ADSK Signatures from P:\shared\Artifactory\Windows\adsk-plugin-signatures-maya\2023\3ae1ae7
[2023-11-21T16:50:14.558Z] Using Maya Security Library from P:\shared\Artifactory\Windows\maya-security-library\3.4.0\284407f
[2023-11-21T16:50:14.558Z] 
[2023-11-21T16:50:14.558Z] ================================================================================
[2023-11-21T16:50:14.558Z]                                  clean (Debug)
[2023-11-21T16:50:14.558Z] ================================================================================
[2023-11-21T16:50:14.558Z] Maya Python Debug Info:
[2023-11-21T16:50:14.558Z]   mayapy executable   = P:\shared\Artifactory\Windows\rundev-master-debug\202311130621\runtime\229465b\runTime\bin\mayapy.exe
[2023-11-21T16:50:14.558Z]   Include Folder      = P:\shared\Artifactory\Windows\rundev-master-debug\202311130621\runtime\229465b\runTime\include\Python311\Python
[2023-11-21T16:50:14.558Z]   Library             = P:\shared\Artifactory\Windows\rundev-master-debug\202311130621\runtime\229465b\runTime\lib\python311_d.lib
[2023-11-21T16:50:14.558Z]   site-package Folder = P:\shared\Artifactory\Windows\rundev-master-debug\202311130621\runtime\229465b\runTime\Python\Lib\site-packages
[2023-11-21T16:50:17.647Z] 
[2023-11-21T16:50:17.647Z]             WARNING: The 'psutil' python package isn't installed. Thus, Peptide
[2023-11-21T16:50:17.647Z]             won't be able to determine the amount of RAM available. It will assume
[2023-11-21T16:50:17.647Z]             that your machine has only 16GB available, and will limit the number
[2023-11-21T16:50:17.647Z]             the number of link jobs being performed in parallel. This can
[2023-11-21T16:50:17.647Z]             negatively affect your build times.
[2023-11-21T16:50:17.647Z] 
[2023-11-21T16:50:17.647Z]             Please 'pip(3) install psutil' to resolve this.
[2023-11-21T16:50:17.647Z]             
[2023-11-21T16:50:17.647Z] In workdir: S:\Jenkins\workspace\ECP\ecg-maya-hydra\ecg-maya-hydra-branch-preflight-python3-windows\ecg-maya-hydra\maya-hydra
[2023-11-21T16:50:17.648Z] Executing: 'P:\\shared\\Artifactory\\Windows\\rundev-master-debug\\202311130621\\runtime\\229465b\\runTime\\bin\\mayapy.exe' 'S:\\Jenkins\\workspace\\ECP\\ecg-maya-hydra\\ecg-maya-hydra-branch-preflight-python3-windows\\ecg-maya-hydra\\maya-hydra\\build.py' --generator Ninja --build-debug --maya-location 'P:\\shared\\Artifactory\\Windows\\rundev-master-debug\\202311130621\\runtime\\229465b\\runTime' --devkit-location 'P:\\shared\\Artifactory\\Windows\\rundev-master-debug\\202311130621\\runtime\\229465b\\devkitBase' --pxrusd-location 'P:\\shared\\Artifactory\\Windows\\USD\\01f407c' '--build-args=-DCMAKE_MAKE_PROGRAM=P:/shared/Artifactory/Windows/ninja/1.10.2/ccacdf8/ninja.exe,-DPYTHON_INCLUDE_DIR=P:/shared/Artifactory/Windows/rundev-master-debug/202311130621/runtime/229465b/runTime/include/Python311/Python,-DPython_EXECUTABLE=P:/shared/Artifactory/Windows/rundev-master-debug/202311130621/runtime/229465b/runTime/bin/mayapy.exe,-DPYTHON_LIBRARIES=P:/shared/Artifactory/Windows/rundev-master-debug/202311130621/runtime/229465b/runTime/lib/python311_d.lib,-DBUILD_WITH_PYTHON_3_VERSION=3.11,-DCMAKE_WANT_MATERIALX_BUILD=ON,-DCMAKE_PREFIX_PATH=P:\\shared\\Artifactory\\Windows\\USD\\01f407c,-DMAYAHYDRA_BUILD_NUMBER=411,-DMAYAHYDRA_GIT_COMMIT=dc2f04ad856bbd718ecc1f9c48e6fc1b3807c687,-DMAYAHYDRA_GIT_BRANCH=master' --debug-python '--ctest-args=--parallel 16' --stages=clean --redirect-outstream-file=False --install-location 'W:\\install\\Debug\\MayaHydra' 'W:\\'
[2023-11-21T16:50:17.648Z] Modified environment variables:
[2023-11-21T16:50:17.648Z]     PATH=P:\shared\Artifactory\Windows\cmake\3.20.3\afe857a\bin;C:\Python27\lib\site-packages\pywin32_system32;C:\Program Files\Microsoft Visual Studio\2022\Professional\VC\Tools\MSVC\14.33.31629\bin\HostX64\x64;C:\Program Files\Microsoft Visual Studio\2022\Professional\Common7\IDE\VC\VCPackages;C:\Program Files\Microsoft Visual Studio\2022\Professional\Common7\IDE\CommonExtensions\Microsoft\TestWindow;C:\Program Files\Microsoft Visual Studio\2022\Professional\Common7\IDE\CommonExtensions\Microsoft\TeamFoundation\Team Explorer;C:\Program Files\Microsoft Visual Studio\2022\Professional\MSBuild\Current\bin\Roslyn;C:\Program Files\Microsoft Visual Studio\2022\Professional\Team Tools\Performance Tools\x64;C:\Program Files\Microsoft Visual Studio\2022\Professional\Team Tools\Performance Tools;C:\Program Files (x86)\Microsoft Visual Studio\Shared\Common\VSPerfCollectionTools\vs2019\\x64;C:\Program Files (x86)\Microsoft Visual Studio\Shared\Common\VSPerfCollectionTools\vs2019\;C:\Program Files (x86)\Microsoft SDKs\Windows\v10.0A\bin\NETFX 4.8 Tools\x64\;C:\Program Files (x86)\HTML Help Workshop;C:\Program Files\Microsoft Visual Studio\2022\Professional\Common7\IDE\CommonExtensions\Microsoft\FSharp\Tools;C:\Program Files (x86)\Windows Kits\10\bin\10.0.19041.0\\x64;C:\Program Files (x86)\Windows Kits\10\bin\\x64;C:\Program Files\Microsoft Visual Studio\2022\Professional\\MSBuild\Current\Bin\amd64;C:\WINDOWS\Microsoft.NET\Framework64\v4.0.30319;C:\Program Files\Microsoft Visual Studio\2022\Professional\Common7\IDE\;C:\Program Files\Microsoft Visual Studio\2022\Professional\Common7\Tools\;C:\Python27\;C:\Python27\Scripts;C:\WINDOWS\system32;C:\WINDOWS;C:\WINDOWS\System32\Wbem;C:\WINDOWS\System32\WindowsPowerShell\v1.0\;C:\WINDOWS\System32\OpenSSH\;C:\ProgramData\chocolatey\bin;C:\Program Files (x86)\WiX Toolset v3.7\bin;C:\Program Files\dotnet\;C:\Program Files\Zulu\zulu-11\bin\;C:\Program Files (x86)\Windows Kits\10\bin\10.0.19041.0\x64;C:\Program Files (x86)\Windows Kits\10\bin\10.0.18362.0\x64;C:\Program Files (x86)\Windows Kits\10\bin\10.0.17763.0\x64;C:\Program Files (x86)\Windows Kits\10\bin\x64;C:\Strawberry\c\bin;C:\Strawberry\perl\site\bin;C:\Strawberry\perl\bin;C:\Program Files\Git\cmd;C:\Program Files\Git\usr\bin;C:\Program Files\Git\mingw64\bin;C:\Program Files\Git\bin;C:\Python38\;C:\Python38\Scripts;C:\StoreBoxClientWindows;C:\Program Files\Electric Cloud\ElectricCommander\bin;C:\Program Files\WinRAR;C:\Program Files\7-Zip;C:\Users\Administrator\AppData\Local\Microsoft\WindowsApps;C:\Users\Administrator\.dotnet\tools;C:\Program Files\Microsoft Visual Studio\2022\Professional\Common7\IDE\CommonExtensions\Microsoft\CMake\CMake\bin;C:\Program Files\Microsoft Visual Studio\2022\Professional\Common7\IDE\CommonExtensions\Microsoft\CMake\Ninja;C:\Program Files\Microsoft Visual Studio\2022\Professional\Common7\IDE\VC\Linux\bin\ConnectionManagerExe
[2023-11-21T16:50:18.824Z]     
[2023-11-21T16:50:18.824Z]         Building with settings:
[2023-11-21T16:50:18.824Z]           Source directory          S:\Jenkins\workspace\ECP\ecg-maya-hydra\ecg-maya-hydra-branch-preflight-python3-windows\ecg-maya-hydra\maya-hydra
[2023-11-21T16:50:18.824Z]           Workspace directory       W:\
[2023-11-21T16:50:18.824Z]           Build directory           W:\build\Debug
[2023-11-21T16:50:18.824Z]           Install directory         W:\install\Debug\MayaHydra
[2023-11-21T16:50:18.824Z]           Variant                   Debug
[2023-11-21T16:50:18.824Z]           Python Debug              On
[2023-11-21T16:50:18.824Z]           CMake generator           Ninja
[2023-11-21T16:50:18.824Z]           Build arguments           ['-DCMAKE_MAKE_PROGRAM=P:/shared/Artifactory/Windows/ninja/1.10.2/ccacdf8/ninja.exe', '-DPYTHON_INCLUDE_DIR=P:/shared/Artifactory/Windows/rundev-master-debug/202311130621/runtime/229465b/runTime/include/Python311/Python', '-DPython_EXECUTABLE=P:/shared/Artifactory/Windows/rundev-master-debug/202311130621/runtime/229465b/runTime/bin/mayapy.exe', '-DPYTHON_LIBRARIES=P:/shared/Artifactory/Windows/rundev-master-debug/202311130621/runtime/229465b/runTime/lib/python311_d.lib', '-DBUILD_WITH_PYTHON_3_VERSION=3.11', '-DCMAKE_WANT_MATERIALX_BUILD=ON', '-DCMAKE_PREFIX_PATH=P:\\shared\\Artifactory\\Windows\\USD\\01f407c', '-DMAYAHYDRA_BUILD_NUMBER=411', '-DMAYAHYDRA_GIT_COMMIT=dc2f04ad856bbd718ecc1f9c48e6fc1b3807c687', '-DMAYAHYDRA_GIT_BRANCH=master']
[2023-11-21T16:50:18.824Z]           Stages arguments          ['clean']
[2023-11-21T16:50:18.824Z]           CTest arguments           ['--parallel 16']
[2023-11-21T16:50:18.824Z]     Success MayaHydra build and install !!!!
[2023-11-21T16:50:18.824Z]     Elapsed time: 00:00:00
[Pipeline] bat
[2023-11-21T16:50:19.891Z] Deleting alias drive W:
[Pipeline] bat
[2023-11-21T16:50:20.476Z] Deleting alias drive P:
[Pipeline] bat
[2023-11-21T16:50:21.081Z] Creating alias drive P: to S:\jenkins\workspace
[Pipeline] bat
[2023-11-21T16:50:21.685Z] Creating alias drive W: to S:\Jenkins\workspace\ECP\ecg-maya-hydra\ecg-maya-hydra-branch-preflight-python3-windows
[Pipeline] bat
[2023-11-21T16:50:22.412Z] "C:\Program Files\Microsoft Visual Studio\2022\Professional\VC\Auxiliary\Build\vcvarsall.bat" x64
[2023-11-21T16:50:22.747Z] **********************************************************************
[2023-11-21T16:50:22.747Z] ** Visual Studio 2022 Developer Command Prompt v17.3.2
[2023-11-21T16:50:22.747Z] ** Copyright (c) 2022 Microsoft Corporation
[2023-11-21T16:50:22.747Z] **********************************************************************
[2023-11-21T16:50:23.922Z] [vcvarsall.bat] Environment initialized for: 'x64'
[2023-11-21T16:50:23.922Z] python ecg-maya-hydra/build.py --stages=clean --workspace-dir=W:\ --artifactory-dir=P:\shared\Artifactory --build-dir=W:\build --install-dir=W:\install --signing-dir=W:\signing --package-dir=W:\package --output-dir=W:\output --stash-dir=W:\stash --jenkins-build=411 --git-commit=dc2f04ad856bbd718ecc1f9c48e6fc1b3807c687 --git-branch=master --variants=RelWithDebInfo --interactive-tests=true --post-zips=false --osx-binary-architecture-target=ub2 --osx-deployment-target=11.0 --osx-base-sdk=CurrentActiveSDK --maya-cut-config=maya-rundev-master.yaml --maya-package=rundev-master --stage-banner
[2023-11-21T16:50:25.187Z] Using Maya cut from P:\shared\Artifactory\Windows\rundev-master\202311130812\runtime\4053eca
[2023-11-21T16:50:25.187Z] Using Maya ADSK Signatures from P:\shared\Artifactory\Windows\adsk-plugin-signatures-maya\2023\3ae1ae7
[2023-11-21T16:50:25.187Z] Using Maya Security Library from P:\shared\Artifactory\Windows\maya-security-library\3.4.0\284407f
[2023-11-21T16:50:25.187Z] 
[2023-11-21T16:50:25.187Z] ================================================================================
[2023-11-21T16:50:25.187Z]                              clean (RelWithDebInfo)
[2023-11-21T16:50:25.187Z] ================================================================================
[2023-11-21T16:50:25.187Z] Maya Python RelWithDebInfo Info:
[2023-11-21T16:50:25.187Z]   mayapy executable   = P:\shared\Artifactory\Windows\rundev-master\202311130812\runtime\4053eca\runTime\bin\mayapy.exe
[2023-11-21T16:50:25.187Z]   Include Folder      = P:\shared\Artifactory\Windows\rundev-master\202311130812\runtime\4053eca\runTime\include\Python311\Python
[2023-11-21T16:50:25.187Z]   Library             = P:\shared\Artifactory\Windows\rundev-master\202311130812\runtime\4053eca\runTime\lib\python311.lib
[2023-11-21T16:50:25.187Z]   site-package Folder = P:\shared\Artifactory\Windows\rundev-master\202311130812\runtime\4053eca\runTime\Python\Lib\site-packages
[2023-11-21T16:50:25.904Z] In workdir: S:\Jenkins\workspace\ECP\ecg-maya-hydra\ecg-maya-hydra-branch-preflight-python3-windows\ecg-maya-hydra\maya-hydra
[2023-11-21T16:50:25.904Z] Executing: 'P:\\shared\\Artifactory\\Windows\\rundev-master\\202311130812\\runtime\\4053eca\\runTime\\bin\\mayapy.exe' 'S:\\Jenkins\\workspace\\ECP\\ecg-maya-hydra\\ecg-maya-hydra-branch-preflight-python3-windows\\ecg-maya-hydra\\maya-hydra\\build.py' --generator Ninja --build-relwithdebug --maya-location 'P:\\shared\\Artifactory\\Windows\\rundev-master\\202311130812\\runtime\\4053eca\\runTime' --devkit-location 'P:\\shared\\Artifactory\\Windows\\rundev-master\\202311130812\\runtime\\4053eca\\devkitBase' --pxrusd-location 'P:\\shared\\Artifactory\\Windows\\USD\\6a9558d' '--build-args=-DCMAKE_MAKE_PROGRAM=P:/shared/Artifactory/Windows/ninja/1.10.2/ccacdf8/ninja.exe,-DPYTHON_INCLUDE_DIR=P:/shared/Artifactory/Windows/rundev-master/202311130812/runtime/4053eca/runTime/include/Python311/Python,-DPython_EXECUTABLE=P:/shared/Artifactory/Windows/rundev-master/202311130812/runtime/4053eca/runTime/bin/mayapy.exe,-DPYTHON_LIBRARIES=P:/shared/Artifactory/Windows/rundev-master/202311130812/runtime/4053eca/runTime/lib/python311.lib,-DBUILD_WITH_PYTHON_3_VERSION=3.11,-DCMAKE_WANT_MATERIALX_BUILD=ON,-DCMAKE_PREFIX_PATH=P:\\shared\\Artifactory\\Windows\\USD\\6a9558d,-DMAYAHYDRA_BUILD_NUMBER=411,-DMAYAHYDRA_GIT_COMMIT=dc2f04ad856bbd718ecc1f9c48e6fc1b3807c687,-DMAYAHYDRA_GIT_BRANCH=master' '--ctest-args=--parallel 16' --stages=clean --redirect-outstream-file=False --install-location 'W:\\install\\RelWithDebInfo\\MayaHydra' 'W:\\'
[2023-11-21T16:50:25.904Z] Modified environment variables:
[2023-11-21T16:50:25.904Z]     PATH=P:\shared\Artifactory\Windows\cmake\3.20.3\afe857a\bin;C:\Python27\lib\site-packages\pywin32_system32;C:\Program Files\Microsoft Visual Studio\2022\Professional\VC\Tools\MSVC\14.33.31629\bin\HostX64\x64;C:\Program Files\Microsoft Visual Studio\2022\Professional\Common7\IDE\VC\VCPackages;C:\Program Files\Microsoft Visual Studio\2022\Professional\Common7\IDE\CommonExtensions\Microsoft\TestWindow;C:\Program Files\Microsoft Visual Studio\2022\Professional\Common7\IDE\CommonExtensions\Microsoft\TeamFoundation\Team Explorer;C:\Program Files\Microsoft Visual Studio\2022\Professional\MSBuild\Current\bin\Roslyn;C:\Program Files\Microsoft Visual Studio\2022\Professional\Team Tools\Performance Tools\x64;C:\Program Files\Microsoft Visual Studio\2022\Professional\Team Tools\Performance Tools;C:\Program Files (x86)\Microsoft Visual Studio\Shared\Common\VSPerfCollectionTools\vs2019\\x64;C:\Program Files (x86)\Microsoft Visual Studio\Shared\Common\VSPerfCollectionTools\vs2019\;C:\Program Files (x86)\Microsoft SDKs\Windows\v10.0A\bin\NETFX 4.8 Tools\x64\;C:\Program Files (x86)\HTML Help Workshop;C:\Program Files\Microsoft Visual Studio\2022\Professional\Common7\IDE\CommonExtensions\Microsoft\FSharp\Tools;C:\Program Files (x86)\Windows Kits\10\bin\10.0.19041.0\\x64;C:\Program Files (x86)\Windows Kits\10\bin\\x64;C:\Program Files\Microsoft Visual Studio\2022\Professional\\MSBuild\Current\Bin\amd64;C:\WINDOWS\Microsoft.NET\Framework64\v4.0.30319;C:\Program Files\Microsoft Visual Studio\2022\Professional\Common7\IDE\;C:\Program Files\Microsoft Visual Studio\2022\Professional\Common7\Tools\;C:\Python27\;C:\Python27\Scripts;C:\WINDOWS\system32;C:\WINDOWS;C:\WINDOWS\System32\Wbem;C:\WINDOWS\System32\WindowsPowerShell\v1.0\;C:\WINDOWS\System32\OpenSSH\;C:\ProgramData\chocolatey\bin;C:\Program Files (x86)\WiX Toolset v3.7\bin;C:\Program Files\dotnet\;C:\Program Files\Zulu\zulu-11\bin\;C:\Program Files (x86)\Windows Kits\10\bin\10.0.19041.0\x64;C:\Program Files (x86)\Windows Kits\10\bin\10.0.18362.0\x64;C:\Program Files (x86)\Windows Kits\10\bin\10.0.17763.0\x64;C:\Program Files (x86)\Windows Kits\10\bin\x64;C:\Strawberry\c\bin;C:\Strawberry\perl\site\bin;C:\Strawberry\perl\bin;C:\Program Files\Git\cmd;C:\Program Files\Git\usr\bin;C:\Program Files\Git\mingw64\bin;C:\Program Files\Git\bin;C:\Python38\;C:\Python38\Scripts;C:\StoreBoxClientWindows;C:\Program Files\Electric Cloud\ElectricCommander\bin;C:\Program Files\WinRAR;C:\Program Files\7-Zip;C:\Users\Administrator\AppData\Local\Microsoft\WindowsApps;C:\Users\Administrator\.dotnet\tools;C:\Program Files\Microsoft Visual Studio\2022\Professional\Common7\IDE\CommonExtensions\Microsoft\CMake\CMake\bin;C:\Program Files\Microsoft Visual Studio\2022\Professional\Common7\IDE\CommonExtensions\Microsoft\CMake\Ninja;C:\Program Files\Microsoft Visual Studio\2022\Professional\Common7\IDE\VC\Linux\bin\ConnectionManagerExe
[2023-11-21T16:50:26.617Z]     
[2023-11-21T16:50:26.617Z]         Building with settings:
[2023-11-21T16:50:26.617Z]           Source directory          S:\Jenkins\workspace\ECP\ecg-maya-hydra\ecg-maya-hydra-branch-preflight-python3-windows\ecg-maya-hydra\maya-hydra
[2023-11-21T16:50:26.617Z]           Workspace directory       W:\
[2023-11-21T16:50:26.617Z]           Build directory           W:\build\RelWithDebInfo
[2023-11-21T16:50:26.617Z]           Install directory         W:\install\RelWithDebInfo\MayaHydra
[2023-11-21T16:50:26.617Z]           Variant                   RelWithDebInfo
[2023-11-21T16:50:26.617Z]           Python Debug              Off
[2023-11-21T16:50:26.617Z]           CMake generator           Ninja
[2023-11-21T16:50:26.617Z]           Build arguments           ['-DCMAKE_MAKE_PROGRAM=P:/shared/Artifactory/Windows/ninja/1.10.2/ccacdf8/ninja.exe', '-DPYTHON_INCLUDE_DIR=P:/shared/Artifactory/Windows/rundev-master/202311130812/runtime/4053eca/runTime/include/Python311/Python', '-DPython_EXECUTABLE=P:/shared/Artifactory/Windows/rundev-master/202311130812/runtime/4053eca/runTime/bin/mayapy.exe', '-DPYTHON_LIBRARIES=P:/shared/Artifactory/Windows/rundev-master/202311130812/runtime/4053eca/runTime/lib/python311.lib', '-DBUILD_WITH_PYTHON_3_VERSION=3.11', '-DCMAKE_WANT_MATERIALX_BUILD=ON', '-DCMAKE_PREFIX_PATH=P:\\shared\\Artifactory\\Windows\\USD\\6a9558d', '-DMAYAHYDRA_BUILD_NUMBER=411', '-DMAYAHYDRA_GIT_COMMIT=dc2f04ad856bbd718ecc1f9c48e6fc1b3807c687', '-DMAYAHYDRA_GIT_BRANCH=master']
[2023-11-21T16:50:26.617Z]           Stages arguments          ['clean']
[2023-11-21T16:50:26.617Z]           CTest arguments           ['--parallel 16']
[2023-11-21T16:50:26.617Z]     Success MayaHydra build and install !!!!
[2023-11-21T16:50:26.617Z]     Elapsed time: 00:00:00
[Pipeline] bat
[2023-11-21T16:50:27.198Z] Deleting alias drive W:
[Pipeline] bat
[2023-11-21T16:50:27.783Z] Deleting alias drive P:
[Pipeline] }
[Pipeline] // withEnv
[Pipeline] }
[Pipeline] // timeout
[Pipeline] }
[Pipeline] // stage
[Pipeline] }
[Pipeline] // timestamps
[Pipeline] timestamps
[Pipeline] {
[Pipeline] stage
[Pipeline] { (Configure)
[Pipeline] timeout
[2023-11-21T16:50:27.980Z] Timeout set to expire in 6 hr 0 min
[Pipeline] {
[Pipeline] withEnv
[Pipeline] {
[Pipeline] bat
[2023-11-21T16:50:28.566Z] Creating alias drive P: to S:\jenkins\workspace
[Pipeline] bat
[2023-11-21T16:50:29.158Z] Creating alias drive W: to S:\Jenkins\workspace\ECP\ecg-maya-hydra\ecg-maya-hydra-branch-preflight-python3-windows
[Pipeline] bat
[2023-11-21T16:50:29.916Z] "C:\Program Files\Microsoft Visual Studio\2022\Professional\VC\Auxiliary\Build\vcvarsall.bat" x64
[2023-11-21T16:50:30.248Z] **********************************************************************
[2023-11-21T16:50:30.248Z] ** Visual Studio 2022 Developer Command Prompt v17.3.2
[2023-11-21T16:50:30.248Z] ** Copyright (c) 2022 Microsoft Corporation
[2023-11-21T16:50:30.248Z] **********************************************************************
[2023-11-21T16:50:31.540Z] [vcvarsall.bat] Environment initialized for: 'x64'
[2023-11-21T16:50:31.540Z] python ecg-maya-hydra/build.py --stages=configure --workspace-dir=W:\ --artifactory-dir=P:\shared\Artifactory --build-dir=W:\build --install-dir=W:\install --signing-dir=W:\signing --package-dir=W:\package --output-dir=W:\output --stash-dir=W:\stash --jenkins-build=411 --git-commit=dc2f04ad856bbd718ecc1f9c48e6fc1b3807c687 --git-branch=master --variants=Debug --interactive-tests=true --post-zips=false --osx-binary-architecture-target=ub2 --osx-deployment-target=11.0 --osx-base-sdk=CurrentActiveSDK --maya-cut-config=maya-rundev-master-debug.yaml --maya-package=rundev-master-debug --stage-banner
[2023-11-21T16:50:32.695Z] Using Maya cut from P:\shared\Artifactory\Windows\rundev-master-debug\202311130621\runtime\229465b
[2023-11-21T16:50:32.695Z] Using Maya ADSK Signatures from P:\shared\Artifactory\Windows\adsk-plugin-signatures-maya\2023\3ae1ae7
[2023-11-21T16:50:32.695Z] Using Maya Security Library from P:\shared\Artifactory\Windows\maya-security-library\3.4.0\284407f
[2023-11-21T16:50:32.695Z] 
[2023-11-21T16:50:32.695Z] ================================================================================
[2023-11-21T16:50:32.696Z]                                configure (Debug)
[2023-11-21T16:50:32.696Z] ================================================================================
[2023-11-21T16:50:32.696Z] Maya Python Debug Info:
[2023-11-21T16:50:32.696Z]   mayapy executable   = P:\shared\Artifactory\Windows\rundev-master-debug\202311130621\runtime\229465b\runTime\bin\mayapy.exe
[2023-11-21T16:50:32.696Z]   Include Folder      = P:\shared\Artifactory\Windows\rundev-master-debug\202311130621\runtime\229465b\runTime\include\Python311\Python
[2023-11-21T16:50:32.696Z]   Library             = P:\shared\Artifactory\Windows\rundev-master-debug\202311130621\runtime\229465b\runTime\lib\python311_d.lib
[2023-11-21T16:50:32.696Z]   site-package Folder = P:\shared\Artifactory\Windows\rundev-master-debug\202311130621\runtime\229465b\runTime\Python\Lib\site-packages
[2023-11-21T16:50:35.666Z] 
[2023-11-21T16:50:35.666Z]             WARNING: The 'psutil' python package isn't installed. Thus, Peptide
[2023-11-21T16:50:35.666Z]             won't be able to determine the amount of RAM available. It will assume
[2023-11-21T16:50:35.666Z]             that your machine has only 16GB available, and will limit the number
[2023-11-21T16:50:35.666Z]             the number of link jobs being performed in parallel. This can
[2023-11-21T16:50:35.666Z]             negatively affect your build times.
[2023-11-21T16:50:35.666Z] 
[2023-11-21T16:50:35.666Z]             Please 'pip(3) install psutil' to resolve this.
[2023-11-21T16:50:35.666Z]             
[2023-11-21T16:50:35.666Z] In workdir: S:\Jenkins\workspace\ECP\ecg-maya-hydra\ecg-maya-hydra-branch-preflight-python3-windows\ecg-maya-hydra\maya-hydra
[2023-11-21T16:50:35.666Z] Executing: 'P:\\shared\\Artifactory\\Windows\\rundev-master-debug\\202311130621\\runtime\\229465b\\runTime\\bin\\mayapy.exe' 'S:\\Jenkins\\workspace\\ECP\\ecg-maya-hydra\\ecg-maya-hydra-branch-preflight-python3-windows\\ecg-maya-hydra\\maya-hydra\\build.py' --generator Ninja --build-debug --maya-location 'P:\\shared\\Artifactory\\Windows\\rundev-master-debug\\202311130621\\runtime\\229465b\\runTime' --devkit-location 'P:\\shared\\Artifactory\\Windows\\rundev-master-debug\\202311130621\\runtime\\229465b\\devkitBase' --pxrusd-location 'P:\\shared\\Artifactory\\Windows\\USD\\01f407c' '--build-args=-DCMAKE_MAKE_PROGRAM=P:/shared/Artifactory/Windows/ninja/1.10.2/ccacdf8/ninja.exe,-DPYTHON_INCLUDE_DIR=P:/shared/Artifactory/Windows/rundev-master-debug/202311130621/runtime/229465b/runTime/include/Python311/Python,-DPython_EXECUTABLE=P:/shared/Artifactory/Windows/rundev-master-debug/202311130621/runtime/229465b/runTime/bin/mayapy.exe,-DPYTHON_LIBRARIES=P:/shared/Artifactory/Windows/rundev-master-debug/202311130621/runtime/229465b/runTime/lib/python311_d.lib,-DBUILD_WITH_PYTHON_3_VERSION=3.11,-DCMAKE_WANT_MATERIALX_BUILD=ON,-DCMAKE_PREFIX_PATH=P:\\shared\\Artifactory\\Windows\\USD\\01f407c,-DMAYAHYDRA_BUILD_NUMBER=411,-DMAYAHYDRA_GIT_COMMIT=dc2f04ad856bbd718ecc1f9c48e6fc1b3807c687,-DMAYAHYDRA_GIT_BRANCH=master' --debug-python '--ctest-args=--parallel 16' --stages=configure --redirect-outstream-file=False --install-location 'W:\\install\\Debug\\MayaHydra' 'W:\\'
[2023-11-21T16:50:35.666Z] Modified environment variables:
[2023-11-21T16:50:35.666Z]     PATH=P:\shared\Artifactory\Windows\cmake\3.20.3\afe857a\bin;C:\Python27\lib\site-packages\pywin32_system32;C:\Program Files\Microsoft Visual Studio\2022\Professional\VC\Tools\MSVC\14.33.31629\bin\HostX64\x64;C:\Program Files\Microsoft Visual Studio\2022\Professional\Common7\IDE\VC\VCPackages;C:\Program Files\Microsoft Visual Studio\2022\Professional\Common7\IDE\CommonExtensions\Microsoft\TestWindow;C:\Program Files\Microsoft Visual Studio\2022\Professional\Common7\IDE\CommonExtensions\Microsoft\TeamFoundation\Team Explorer;C:\Program Files\Microsoft Visual Studio\2022\Professional\MSBuild\Current\bin\Roslyn;C:\Program Files\Microsoft Visual Studio\2022\Professional\Team Tools\Performance Tools\x64;C:\Program Files\Microsoft Visual Studio\2022\Professional\Team Tools\Performance Tools;C:\Program Files (x86)\Microsoft Visual Studio\Shared\Common\VSPerfCollectionTools\vs2019\\x64;C:\Program Files (x86)\Microsoft Visual Studio\Shared\Common\VSPerfCollectionTools\vs2019\;C:\Program Files (x86)\Microsoft SDKs\Windows\v10.0A\bin\NETFX 4.8 Tools\x64\;C:\Program Files (x86)\HTML Help Workshop;C:\Program Files\Microsoft Visual Studio\2022\Professional\Common7\IDE\CommonExtensions\Microsoft\FSharp\Tools;C:\Program Files (x86)\Windows Kits\10\bin\10.0.19041.0\\x64;C:\Program Files (x86)\Windows Kits\10\bin\\x64;C:\Program Files\Microsoft Visual Studio\2022\Professional\\MSBuild\Current\Bin\amd64;C:\WINDOWS\Microsoft.NET\Framework64\v4.0.30319;C:\Program Files\Microsoft Visual Studio\2022\Professional\Common7\IDE\;C:\Program Files\Microsoft Visual Studio\2022\Professional\Common7\Tools\;C:\Python27\;C:\Python27\Scripts;C:\WINDOWS\system32;C:\WINDOWS;C:\WINDOWS\System32\Wbem;C:\WINDOWS\System32\WindowsPowerShell\v1.0\;C:\WINDOWS\System32\OpenSSH\;C:\ProgramData\chocolatey\bin;C:\Program Files (x86)\WiX Toolset v3.7\bin;C:\Program Files\dotnet\;C:\Program Files\Zulu\zulu-11\bin\;C:\Program Files (x86)\Windows Kits\10\bin\10.0.19041.0\x64;C:\Program Files (x86)\Windows Kits\10\bin\10.0.18362.0\x64;C:\Program Files (x86)\Windows Kits\10\bin\10.0.17763.0\x64;C:\Program Files (x86)\Windows Kits\10\bin\x64;C:\Strawberry\c\bin;C:\Strawberry\perl\site\bin;C:\Strawberry\perl\bin;C:\Program Files\Git\cmd;C:\Program Files\Git\usr\bin;C:\Program Files\Git\mingw64\bin;C:\Program Files\Git\bin;C:\Python38\;C:\Python38\Scripts;C:\StoreBoxClientWindows;C:\Program Files\Electric Cloud\ElectricCommander\bin;C:\Program Files\WinRAR;C:\Program Files\7-Zip;C:\Users\Administrator\AppData\Local\Microsoft\WindowsApps;C:\Users\Administrator\.dotnet\tools;C:\Program Files\Microsoft Visual Studio\2022\Professional\Common7\IDE\CommonExtensions\Microsoft\CMake\CMake\bin;C:\Program Files\Microsoft Visual Studio\2022\Professional\Common7\IDE\CommonExtensions\Microsoft\CMake\Ninja;C:\Program Files\Microsoft Visual Studio\2022\Professional\Common7\IDE\VC\Linux\bin\ConnectionManagerExe
[2023-11-21T16:50:37.932Z]     -- The C compiler identification is MSVC 19.33.31629.0
[2023-11-21T16:50:38.263Z]     -- The CXX compiler identification is MSVC 19.33.31629.0
[2023-11-21T16:50:38.263Z]     -- Detecting C compiler ABI info
[2023-11-21T16:50:39.424Z]     -- Detecting C compiler ABI info - done
[2023-11-21T16:50:39.425Z]     -- Check for working C compiler: C:/Program Files/Microsoft Visual Studio/2022/Professional/VC/Tools/MSVC/14.33.31629/bin/Hostx64/x64/cl.exe - skipped
[2023-11-21T16:50:39.425Z]     -- Detecting C compile features
[2023-11-21T16:50:39.425Z]     -- Detecting C compile features - done
[2023-11-21T16:50:39.425Z]     -- Detecting CXX compiler ABI info
[2023-11-21T16:50:40.137Z]     -- Detecting CXX compiler ABI info - done
[2023-11-21T16:50:40.137Z]     -- Check for working CXX compiler: C:/Program Files/Microsoft Visual Studio/2022/Professional/VC/Tools/MSVC/14.33.31629/bin/Hostx64/x64/cl.exe - skipped
[2023-11-21T16:50:40.137Z]     -- Detecting CXX compile features
[2023-11-21T16:50:40.137Z]     -- Detecting CXX compile features - done
[2023-11-21T16:50:41.344Z]     -- Using Maya Light API Version 3
[2023-11-21T16:50:41.344Z]     -- Maya has setDefaultMaterialHandling API
[2023-11-21T16:50:41.344Z]     -- Maya has new point snapping API
[2023-11-21T16:50:41.344Z]     -- Maya has isInCrashHandler API
[2023-11-21T16:50:41.344Z]     -- Maya has getDisplayStyleOfAllViewports API
[2023-11-21T16:50:41.344Z]     -- Maya array iterator has difference_type trait
[2023-11-21T16:50:41.344Z]     -- MFnSet has getMemberPaths function
[2023-11-21T16:50:41.344Z]     -- MFnDisplayLayer exists
[2023-11-21T16:50:41.344Z]     -- MDisplayLayerMessage has MDisplayLayerMemberChangedFunction
[2023-11-21T16:50:41.344Z]     -- MRenderItem has HideOnPlayback API
[2023-11-21T16:50:41.344Z]     -- Found Maya: P:/shared/Artifactory/Windows/rundev-master-debug/202311130621/runtime/229465b/runTime/bin/maya.exe (found suitable version "2025", minimum required is "2024")
[2023-11-21T16:50:45.143Z]     -- Found Python: P:/shared/Artifactory/Windows/rundev-master-debug/202311130621/runtime/229465b/runTime/bin/mayapy.exe (found suitable exact version "3.11.4") found components: Interpreter
[2023-11-21T16:50:45.143Z]     -- Build mayaHydra with Python3 = 3.11
[2023-11-21T16:50:45.143Z]     --    PYTHON_INCLUDE_DIRS = P:/shared/Artifactory/Windows/rundev-master-debug/202311130621/runtime/229465b/runTime/include/Python311/Python
[2023-11-21T16:50:45.143Z]     --    PYTHON_LIBRARIES    = P:/shared/Artifactory/Windows/rundev-master-debug/202311130621/runtime/229465b/runTime/lib/python311_d.lib
[2023-11-21T16:50:45.143Z]     --    Python_EXECUTABLE   = P:/shared/Artifactory/Windows/rundev-master-debug/202311130621/runtime/229465b/runTime/bin/mayapy.exe
[2023-11-21T16:50:45.475Z]     -- Found Python3: optimized;P:\shared\Artifactory\Windows\rundev-master-debug\202311130621\runtime\229465b\runTime/lib/python311_d.lib;debug;P:/shared/Artifactory/Windows/rundev-master-debug/202311130621/runtime/229465b/runTime/lib/python311_d.lib (found suitable exact version "3.11.4") found components: Development Development.Module Development.Embed
[2023-11-21T16:50:45.475Z]     -- USD has new Sdr.PropertyTypes.Color4
[2023-11-21T16:50:45.475Z]     -- USD has MaterialX metadata support
[2023-11-21T16:50:45.475Z]     -- USD include dir: P:/shared/Artifactory/Windows/USD/01f407c/include
[2023-11-21T16:50:45.475Z]     -- USD library dir: P:/shared/Artifactory/Windows/USD/01f407c/lib
[2023-11-21T16:50:45.475Z]     -- USD version: 0.23.11
[2023-11-21T16:50:45.475Z]     -- USD Boost::boost version: 108100
[2023-11-21T16:50:45.475Z]     -- Found USD: P:/shared/Artifactory/Windows/USD/01f407c (found suitable version "0.23.11", minimum required is "0.22.11")
[2023-11-21T16:50:45.475Z]     Updated PYTHONPATH: P:\shared\Artifactory\Windows\USD\01f407c\lib\python
[2023-11-21T16:50:45.475Z]     Updated PATH: P:\shared\Artifactory\Windows\cmake\3.20.3\afe857a\bin;C:\Python27\lib\site-packages\pywin32_system32;C:\Program Files\Microsoft Visual Studio\2022\Professional\VC\Tools\MSVC\14.33.31629\bin\HostX64\x64;C:\Program Files\Microsoft Visual Studio\2022\Professional\Common7\IDE\VC\VCPackages;C:\Program Files\Microsoft Visual Studio\2022\Professional\Common7\IDE\CommonExtensions\Microsoft\TestWindow;C:\Program Files\Microsoft Visual Studio\2022\Professional\Common7\IDE\CommonExtensions\Microsoft\TeamFoundation\Team Explorer;C:\Program Files\Microsoft Visual Studio\2022\Professional\MSBuild\Current\bin\Roslyn;C:\Program Files\Microsoft Visual Studio\2022\Professional\Team Tools\Performance Tools\x64;C:\Program Files\Microsoft Visual Studio\2022\Professional\Team Tools\Performance Tools;C:\Program Files (x86)\Microsoft Visual Studio\Shared\Common\VSPerfCollectionTools\vs2019\\x64;C:\Program Files (x86)\Microsoft Visual Studio\Shared\Common\VSPerfCollectionTools\vs2019\;C:\Program Files (x86)\Microsoft SDKs\Windows\v10.0A\bin\NETFX 4.8 Tools\x64\;C:\Program Files (x86)\HTML Help Workshop;C:\Program Files\Microsoft Visual Studio\2022\Professional\Common7\IDE\CommonExtensions\Microsoft\FSharp\Tools;C:\Program Files (x86)\Windows Kits\10\bin\10.0.19041.0\\x64;C:\Program Files (x86)\Windows Kits\10\bin\\x64;C:\Program Files\Microsoft Visual Studio\2022\Professional\\MSBuild\Current\Bin\amd64;C:\WINDOWS\Microsoft.NET\Framework64\v4.0.30319;C:\Program Files\Microsoft Visual Studio\2022\Professional\Common7\IDE\;C:\Program Files\Microsoft Visual Studio\2022\Professional\Common7\Tools\;C:\Python27\;C:\Python27\Scripts;C:\WINDOWS\system32;C:\WINDOWS;C:\WINDOWS\System32\Wbem;C:\WINDOWS\System32\WindowsPowerShell\v1.0\;C:\WINDOWS\System32\OpenSSH\;C:\ProgramData\chocolatey\bin;C:\Program Files (x86)\WiX Toolset v3.7\bin;C:\Program Files\dotnet\;C:\Program Files\Zulu\zulu-11\bin\;C:\Program Files (x86)\Windows Kits\10\bin\10.0.19041.0\x64;C:\Program Files (x86)\Windows Kits\10\bin\10.0.18362.0\x64;C:\Program Files (x86)\Windows Kits\10\bin\10.0.17763.0\x64;C:\Program Files (x86)\Windows Kits\10\bin\x64;C:\Strawberry\c\bin;C:\Strawberry\perl\site\bin;C:\Strawberry\perl\bin;C:\Program Files\Git\cmd;C:\Program Files\Git\usr\bin;C:\Program Files\Git\mingw64\bin;C:\Program Files\Git\bin;C:\Python38\;C:\Python38\Scripts;C:\StoreBoxClientWindows;C:\Program Files\Electric Cloud\ElectricCommander\bin;C:\Program Files\WinRAR;C:\Program Files\7-Zip;C:\Users\Administrator\AppData\Local\Microsoft\WindowsApps;C:\Users\Administrator\.dotnet\tools;C:\Program Files\Microsoft Visual Studio\2022\Professional\Common7\IDE\CommonExtensions\Microsoft\CMake\CMake\bin;C:\Program Files\Microsoft Visual Studio\2022\Professional\Common7\IDE\CommonExtensions\Microsoft\CMake\Ninja;C:\Program Files\Microsoft Visual Studio\2022\Professional\Common7\IDE\VC\Linux\bin\ConnectionManagerExe;P:\shared\Artifactory\Windows\USD\01f407c\bin;P:\shared\Artifactory\Windows\USD\01f407c\lib
[2023-11-21T16:50:45.475Z]     -- Found UFE: P:/shared/Artifactory/Windows/rundev-master-debug/202311130621/runtime/229465b/devkitBase/devkit/ufe/include (found version "0.5.11")
[2023-11-21T16:50:45.475Z]     -- UFE include dir: P:/shared/Artifactory/Windows/rundev-master-debug/202311130621/runtime/229465b/devkitBase/devkit/ufe/include
[2023-11-21T16:50:45.475Z]     -- UFE library: P:/shared/Artifactory/Windows/rundev-master-debug/202311130621/runtime/229465b/devkitBase/devkit/ufe/lib/ufe_0.lib
[2023-11-21T16:50:45.475Z]     -- UFE version: 0.5.11
[2023-11-21T16:50:45.475Z]     -- Maya has UFE lights API
[2023-11-21T16:50:45.475Z]     -- Maya has UFE scene segment API
[2023-11-21T16:50:45.475Z]     -- Maya has UFE TrieNode childrenComponents accessor
[2023-11-21T16:50:45.475Z]     -- Building with UFE 0.5.11.
[2023-11-21T16:50:45.475Z]     -- Found MaterialX
[2023-11-21T16:50:45.827Z]     -- Performing Test HAVE_STDATOMIC
[2023-11-21T16:50:46.552Z]     -- Performing Test HAVE_STDATOMIC - Success
[2023-11-21T16:50:46.883Z]     -- Found OpenGL: opengl32
[2023-11-21T16:50:47.599Z]     -- Check if linker can resolve circular dependencies - TRUE
[2023-11-21T16:50:47.599Z]     -- Found Qt 6.5.3 in Maya devkit. Hydra Scene Browser will be built.
[2023-11-21T16:50:47.931Z]     -- **** Building Gulrak From Github Repository.
[2023-11-21T16:50:47.931Z]     -- Populating gulrak
[2023-11-21T16:50:48.262Z]     -- Configuring done
[2023-11-21T16:50:48.262Z]     -- Generating done
[2023-11-21T16:50:48.262Z]     -- Build files have been written to: W:/build/Debug/_deps/gulrak-subbuild
[2023-11-21T16:50:48.593Z]     [1/9] Creating directories for 'gulrak-populate'
[2023-11-21T16:50:48.924Z]     [1/9] Performing download step (git clone) for 'gulrak-populate'
[2023-11-21T16:50:48.924Z]     Cloning into 'gulrak-src'...
[2023-11-21T16:50:50.590Z]     HEAD is now at 4e21ab3 Version bump and updated readme.
[2023-11-21T16:50:51.782Z]     [2/9] Performing update step for 'gulrak-populate'
[2023-11-21T16:50:52.494Z]     [4/9] No patch step for 'gulrak-populate'
[2023-11-21T16:50:52.494Z]     [5/9] No configure step for 'gulrak-populate'
[2023-11-21T16:50:52.825Z]     [6/9] No build step for 'gulrak-populate'
[2023-11-21T16:50:52.825Z]     [7/9] No install step for 'gulrak-populate'
[2023-11-21T16:50:52.825Z]     [8/9] No test step for 'gulrak-populate'
[2023-11-21T16:50:53.156Z]     [9/9] Completed 'gulrak-populate'
[2023-11-21T16:50:53.869Z]     -- ========== Installing GoogleTest... ==========
[2023-11-21T16:50:54.200Z]     -- Configuring done
[2023-11-21T16:50:54.200Z]     -- Generating done
[2023-11-21T16:50:54.200Z]     -- Build files have been written to: W:/build/Debug/googletest-config
[2023-11-21T16:50:54.920Z]     [1/8] Creating directories for 'googletest'
[2023-11-21T16:51:02.227Z]     [2/8] Performing download step (git clone) for 'googletest'
[2023-11-21T16:51:02.227Z]     Cloning into 'googletest-src'...
[2023-11-21T16:51:02.227Z]     HEAD is now at 703bd9ca Googletest export
[2023-11-21T16:51:02.227Z]     [3/8] Performing update step for 'googletest'
[2023-11-21T16:51:02.227Z]     [4/8] No patch step for 'googletest'
[2023-11-21T16:51:05.301Z]     [5/8] Performing configure step for 'googletest'
[2023-11-21T16:51:05.301Z]     Not searching for unused variables given on the command line.
[2023-11-21T16:51:05.301Z]     CMake Deprecation Warning at CMakeLists.txt:4 (cmake_minimum_required):
[2023-11-21T16:51:05.301Z]       Compatibility with CMake < 2.8.12 will be removed from a future version of
[2023-11-21T16:51:05.301Z]       CMake.
[2023-11-21T16:51:05.301Z]     
[2023-11-21T16:51:05.301Z]       Update the VERSION argument <min> value or use a ...<max> suffix to tell
[2023-11-21T16:51:05.301Z]       CMake that the project does not need compatibility with older versions.
[2023-11-21T16:51:05.301Z]     
[2023-11-21T16:51:05.301Z]     
[2023-11-21T16:51:05.301Z]     -- The C compiler identification is MSVC 19.33.31629.0
[2023-11-21T16:51:05.301Z]     -- The CXX compiler identification is MSVC 19.33.31629.0
[2023-11-21T16:51:05.301Z]     -- Detecting C compiler ABI info
[2023-11-21T16:51:05.301Z]     -- Detecting C compiler ABI info - done
[2023-11-21T16:51:05.301Z]     -- Check for working C compiler: C:/Program Files/Microsoft Visual Studio/2022/Professional/VC/Tools/MSVC/14.33.31629/bin/Hostx64/x64/cl.exe - skipped
[2023-11-21T16:51:05.301Z]     -- Detecting C compile features
[2023-11-21T16:51:05.301Z]     -- Detecting C compile features - done
[2023-11-21T16:51:05.301Z]     -- Detecting CXX compiler ABI info
[2023-11-21T16:51:05.301Z]     -- Detecting CXX compiler ABI info - done
[2023-11-21T16:51:05.301Z]     -- Check for working CXX compiler: C:/Program Files/Microsoft Visual Studio/2022/Professional/VC/Tools/MSVC/14.33.31629/bin/Hostx64/x64/cl.exe - skipped
[2023-11-21T16:51:05.301Z]     -- Detecting CXX compile features
[2023-11-21T16:51:05.301Z]     -- Detecting CXX compile features - done
[2023-11-21T16:51:05.301Z]     CMake Deprecation Warning at googletest/CMakeLists.txt:56 (cmake_minimum_required):
[2023-11-21T16:51:05.301Z]       Compatibility with CMake < 2.8.12 will be removed from a future version of
[2023-11-21T16:51:05.301Z]       CMake.
[2023-11-21T16:51:05.301Z]     
[2023-11-21T16:51:05.301Z]       Update the VERSION argument <min> value or use a ...<max> suffix to tell
[2023-11-21T16:51:05.301Z]       CMake that the project does not need compatibility with older versions.
[2023-11-21T16:51:05.301Z]     
[2023-11-21T16:51:05.301Z]     
[2023-11-21T16:51:05.301Z]     -- Found PythonInterp: C:/Python27/python.exe (found version "2.7.18")
[2023-11-21T16:51:05.301Z]     -- Looking for pthread.h
[2023-11-21T16:51:05.301Z]     -- Looking for pthread.h - not found
[2023-11-21T16:51:05.301Z]     -- Found Threads: TRUE
[2023-11-21T16:51:05.301Z]     -- Configuring done
[2023-11-21T16:51:05.301Z]     -- Generating done
[2023-11-21T16:51:05.301Z]     -- Build files have been written to: W:/build/Debug/googletest-build
[2023-11-21T16:51:09.463Z]     [6/8] Performing build step for 'googletest'
[2023-11-21T16:51:09.463Z]     [1/4] Building CXX object googletest\CMakeFiles\gtest_main.dir\src\gtest_main.cc.obj
[2023-11-21T16:51:09.463Z]     [2/4] Building CXX object googletest\CMakeFiles\gtest.dir\src\gtest-all.cc.obj
[2023-11-21T16:51:09.463Z]     [3/4] Linking CXX shared library bin\gtestd.dll
[2023-11-21T16:51:09.463Z]     [4/4] Linking CXX shared library bin\gtest_maind.dll
[2023-11-21T16:51:09.796Z]     [7/8] Performing install step for 'googletest'
[2023-11-21T16:51:09.796Z]     [0/1] Install the project...
[2023-11-21T16:51:09.796Z]     -- Install configuration: "Debug"
[2023-11-21T16:51:09.796Z]     [8/8] Completed 'googletest'
[2023-11-21T16:51:09.796Z]     -- ========== ...  GoogleTest installed. ==========
[2023-11-21T16:51:10.976Z]     -- Found GTest: W:/build/Debug/googletest-install/lib/gtestd.lib
[2023-11-21T16:51:10.976Z]     -- promoting: S:/Jenkins/workspace/ECP/ecg-maya-hydra/ecg-maya-hydra-branch-preflight-python3-windows/ecg-maya-hydra/maya-hydra/lib/mayaHydra/mayaPlugin/pluginUtils.h
[2023-11-21T16:51:11.308Z]     -- promoting: S:/Jenkins/workspace/ECP/ecg-maya-hydra/ecg-maya-hydra-branch-preflight-python3-windows/ecg-maya-hydra/maya-hydra/lib/mayaHydra/hydraExtensions/api.h
[2023-11-21T16:51:11.308Z]     -- promoting: S:/Jenkins/workspace/ECP/ecg-maya-hydra/ecg-maya-hydra-branch-preflight-python3-windows/ecg-maya-hydra/maya-hydra/lib/mayaHydra/hydraExtensions/debugCodes.h
[2023-11-21T16:51:11.308Z]     -- promoting: S:/Jenkins/workspace/ECP/ecg-maya-hydra/ecg-maya-hydra-branch-preflight-python3-windows/ecg-maya-hydra/maya-hydra/lib/mayaHydra/hydraExtensions/hydraUtils.h
[2023-11-21T16:51:11.308Z]     -- promoting: S:/Jenkins/workspace/ECP/ecg-maya-hydra/ecg-maya-hydra-branch-preflight-python3-windows/ecg-maya-hydra/maya-hydra/lib/mayaHydra/hydraExtensions/mayaHydraLibInterface.h
[2023-11-21T16:51:11.308Z]     -- promoting: S:/Jenkins/workspace/ECP/ecg-maya-hydra/ecg-maya-hydra-branch-preflight-python3-windows/ecg-maya-hydra/maya-hydra/lib/mayaHydra/hydraExtensions/mayaHydraLibInterfaceImp.h
[2023-11-21T16:51:11.308Z]     -- promoting: S:/Jenkins/workspace/ECP/ecg-maya-hydra/ecg-maya-hydra-branch-preflight-python3-windows/ecg-maya-hydra/maya-hydra/lib/mayaHydra/hydraExtensions/mayaUtils.h
[2023-11-21T16:51:11.308Z]     -- promoting: S:/Jenkins/workspace/ECP/ecg-maya-hydra/ecg-maya-hydra-branch-preflight-python3-windows/ecg-maya-hydra/maya-hydra/lib/mayaHydra/hydraExtensions/mixedUtils.h
[2023-11-21T16:51:11.308Z]     -- promoting: S:/Jenkins/workspace/ECP/ecg-maya-hydra/ecg-maya-hydra-branch-preflight-python3-windows/ecg-maya-hydra/maya-hydra/lib/mayaHydra/hydraExtensions/mayaHydraSceneProducer.h
[2023-11-21T16:51:11.308Z]     -- promoting: S:/Jenkins/workspace/ECP/ecg-maya-hydra/ecg-maya-hydra-branch-preflight-python3-windows/ecg-maya-hydra/maya-hydra/lib/mayaHydra/hydraExtensions/adapters/adapter.h
[2023-11-21T16:51:11.308Z]     -- promoting: S:/Jenkins/workspace/ECP/ecg-maya-hydra/ecg-maya-hydra-branch-preflight-python3-windows/ecg-maya-hydra/maya-hydra/lib/mayaHydra/hydraExtensions/adapters/adapterDebugCodes.h
[2023-11-21T16:51:11.308Z]     -- promoting: S:/Jenkins/workspace/ECP/ecg-maya-hydra/ecg-maya-hydra-branch-preflight-python3-windows/ecg-maya-hydra/maya-hydra/lib/mayaHydra/hydraExtensions/adapters/adapterRegistry.h
[2023-11-21T16:51:11.308Z]     -- promoting: S:/Jenkins/workspace/ECP/ecg-maya-hydra/ecg-maya-hydra-branch-preflight-python3-windows/ecg-maya-hydra/maya-hydra/lib/mayaHydra/hydraExtensions/adapters/cameraAdapter.h
[2023-11-21T16:51:11.308Z]     -- promoting: S:/Jenkins/workspace/ECP/ecg-maya-hydra/ecg-maya-hydra-branch-preflight-python3-windows/ecg-maya-hydra/maya-hydra/lib/mayaHydra/hydraExtensions/adapters/constantShadowMatrix.h
[2023-11-21T16:51:11.308Z]     -- promoting: S:/Jenkins/workspace/ECP/ecg-maya-hydra/ecg-maya-hydra-branch-preflight-python3-windows/ecg-maya-hydra/maya-hydra/lib/mayaHydra/hydraExtensions/adapters/dagAdapter.h
[2023-11-21T16:51:11.308Z]     -- promoting: S:/Jenkins/workspace/ECP/ecg-maya-hydra/ecg-maya-hydra-branch-preflight-python3-windows/ecg-maya-hydra/maya-hydra/lib/mayaHydra/hydraExtensions/adapters/renderItemAdapter.h
[2023-11-21T16:51:11.308Z]     -- promoting: S:/Jenkins/workspace/ECP/ecg-maya-hydra/ecg-maya-hydra-branch-preflight-python3-windows/ecg-maya-hydra/maya-hydra/lib/mayaHydra/hydraExtensions/adapters/lightAdapter.h
[2023-11-21T16:51:11.308Z]     -- promoting: S:/Jenkins/workspace/ECP/ecg-maya-hydra/ecg-maya-hydra-branch-preflight-python3-windows/ecg-maya-hydra/maya-hydra/lib/mayaHydra/hydraExtensions/adapters/materialAdapter.h
[2023-11-21T16:51:11.308Z]     -- promoting: S:/Jenkins/workspace/ECP/ecg-maya-hydra/ecg-maya-hydra-branch-preflight-python3-windows/ecg-maya-hydra/maya-hydra/lib/mayaHydra/hydraExtensions/adapters/materialNetworkConverter.h
[2023-11-21T16:51:11.308Z]     -- promoting: S:/Jenkins/workspace/ECP/ecg-maya-hydra/ecg-maya-hydra-branch-preflight-python3-windows/ecg-maya-hydra/maya-hydra/lib/mayaHydra/hydraExtensions/adapters/mayaAttrs.h
[2023-11-21T16:51:11.308Z]     -- promoting: S:/Jenkins/workspace/ECP/ecg-maya-hydra/ecg-maya-hydra-branch-preflight-python3-windows/ecg-maya-hydra/maya-hydra/lib/mayaHydra/hydraExtensions/adapters/shapeAdapter.h
[2023-11-21T16:51:11.308Z]     -- promoting: S:/Jenkins/workspace/ECP/ecg-maya-hydra/ecg-maya-hydra-branch-preflight-python3-windows/ecg-maya-hydra/maya-hydra/lib/mayaHydra/hydraExtensions/adapters/tokens.h
[2023-11-21T16:51:11.308Z]     -- promoting: S:/Jenkins/workspace/ECP/ecg-maya-hydra/ecg-maya-hydra-branch-preflight-python3-windows/ecg-maya-hydra/maya-hydra/lib/mayaHydra/hydraExtensions/delegates/delegate.h
[2023-11-21T16:51:11.308Z]     -- promoting: S:/Jenkins/workspace/ECP/ecg-maya-hydra/ecg-maya-hydra-branch-preflight-python3-windows/ecg-maya-hydra/maya-hydra/lib/mayaHydra/hydraExtensions/delegates/delegateCtx.h
[2023-11-21T16:51:11.308Z]     -- promoting: S:/Jenkins/workspace/ECP/ecg-maya-hydra/ecg-maya-hydra-branch-preflight-python3-windows/ecg-maya-hydra/maya-hydra/lib/mayaHydra/hydraExtensions/delegates/delegateDebugCodes.h
[2023-11-21T16:51:11.308Z]     -- promoting: S:/Jenkins/workspace/ECP/ecg-maya-hydra/ecg-maya-hydra-branch-preflight-python3-windows/ecg-maya-hydra/maya-hydra/lib/mayaHydra/hydraExtensions/delegates/delegateRegistry.h
[2023-11-21T16:51:11.308Z]     -- promoting: S:/Jenkins/workspace/ECP/ecg-maya-hydra/ecg-maya-hydra-branch-preflight-python3-windows/ecg-maya-hydra/maya-hydra/lib/mayaHydra/hydraExtensions/delegates/params.h
[2023-11-21T16:51:11.308Z]     -- promoting: S:/Jenkins/workspace/ECP/ecg-maya-hydra/ecg-maya-hydra-branch-preflight-python3-windows/ecg-maya-hydra/maya-hydra/lib/mayaHydra/hydraExtensions/delegates/sceneDelegate.h
[2023-11-21T16:51:11.308Z]     -- promoting: S:/Jenkins/workspace/ECP/ecg-maya-hydra/ecg-maya-hydra-branch-preflight-python3-windows/ecg-maya-hydra/maya-hydra/lib/mayaHydra/hydraExtensions/delegates/defaultLightDelegate.h
[2023-11-21T16:51:11.308Z]     -- promoting: S:/Jenkins/workspace/ECP/ecg-maya-hydra/ecg-maya-hydra-branch-preflight-python3-windows/ecg-maya-hydra/maya-hydra/lib/mayaHydra/hydraExtensions/delegates/testDelegate.h
[2023-11-21T16:51:11.308Z]     -- promoting: S:/Jenkins/workspace/ECP/ecg-maya-hydra/ecg-maya-hydra-branch-preflight-python3-windows/ecg-maya-hydra/maya-hydra/lib/mayaHydra/hydraExtensions/sceneIndex/registration.h
[2023-11-21T16:51:11.308Z]     -- promoting: S:/Jenkins/workspace/ECP/ecg-maya-hydra/ecg-maya-hydra-branch-preflight-python3-windows/ecg-maya-hydra/maya-hydra/lib/mayaHydra/hydraExtensions/sceneIndex/mayaHydraSceneIndex.h
[2023-11-21T16:51:11.308Z]     -- promoting: S:/Jenkins/workspace/ECP/ecg-maya-hydra/ecg-maya-hydra-branch-preflight-python3-windows/ecg-maya-hydra/maya-hydra/lib/mayaHydra/hydraExtensions/sceneIndex/mayaHydraDataSource.h
[2023-11-21T16:51:11.308Z]     -- promoting: S:/Jenkins/workspace/ECP/ecg-maya-hydra/ecg-maya-hydra-branch-preflight-python3-windows/ecg-maya-hydra/maya-hydra/lib/mayaHydra/hydraExtensions/sceneIndex/mayaHydraPrimvarDataSource.h
[2023-11-21T16:51:11.308Z]     -- promoting: S:/Jenkins/workspace/ECP/ecg-maya-hydra/ecg-maya-hydra-branch-preflight-python3-windows/ecg-maya-hydra/maya-hydra/lib/mayaHydra/hydraExtensions/sceneIndex/mayaHydraDisplayStyleDataSource.h
[2023-11-21T16:51:11.308Z]     -- promoting: S:/Jenkins/workspace/ECP/ecg-maya-hydra/ecg-maya-hydra-branch-preflight-python3-windows/ecg-maya-hydra/maya-hydra/lib/mayaHydra/hydraExtensions/sceneIndex/mayaHydraCameraDataSource.h
[2023-11-21T16:51:11.308Z]     -- promoting: S:/Jenkins/workspace/ECP/ecg-maya-hydra/ecg-maya-hydra-branch-preflight-python3-windows/ecg-maya-hydra/maya-hydra/lib/mayaHydra/hydraExtensions/sceneIndex/mayaHydraLightDataSource.h
[2023-11-21T16:51:11.308Z]     -- promoting: S:/Jenkins/workspace/ECP/ecg-maya-hydra/ecg-maya-hydra-branch-preflight-python3-windows/ecg-maya-hydra/maya-hydra/lib/mayaHydra/hydraExtensions/sceneIndex/mayaHydraDefaultLightDataSource.h
[2023-11-21T16:51:11.308Z]     -- promoting: S:/Jenkins/workspace/ECP/ecg-maya-hydra/ecg-maya-hydra-branch-preflight-python3-windows/ecg-maya-hydra/maya-hydra/lib/mayaHydra/ufeExtensions/api.h
[2023-11-21T16:51:11.308Z]     -- promoting: S:/Jenkins/workspace/ECP/ecg-maya-hydra/ecg-maya-hydra-branch-preflight-python3-windows/ecg-maya-hydra/maya-hydra/lib/mayaHydra/ufeExtensions/Global.h
[2023-11-21T16:51:11.308Z]     -- promoting: S:/Jenkins/workspace/ECP/ecg-maya-hydra/ecg-maya-hydra-branch-preflight-python3-windows/ecg-maya-hydra/maya-hydra/lib/flowViewport/api.h
[2023-11-21T16:51:11.308Z]     -- promoting: S:/Jenkins/workspace/ECP/ecg-maya-hydra/ecg-maya-hydra-branch-preflight-python3-windows/ecg-maya-hydra/maya-hydra/lib/flowViewport/debugCodes.h
[2023-11-21T16:51:11.308Z]     -- promoting: S:/Jenkins/workspace/ECP/ecg-maya-hydra/ecg-maya-hydra-branch-preflight-python3-windows/ecg-maya-hydra/maya-hydra/lib/flowViewport/global.h
[2023-11-21T16:51:11.308Z]     -- promoting: S:/Jenkins/workspace/ECP/ecg-maya-hydra/ecg-maya-hydra-branch-preflight-python3-windows/ecg-maya-hydra/maya-hydra/lib/flowViewport/tokens.h
[2023-11-21T16:51:11.308Z]     -- promoting: S:/Jenkins/workspace/ECP/ecg-maya-hydra/ecg-maya-hydra-branch-preflight-python3-windows/ecg-maya-hydra/maya-hydra/lib/flowViewport/colorPreferences/fvpColorChanged.h
[2023-11-21T16:51:11.308Z]     -- promoting: S:/Jenkins/workspace/ECP/ecg-maya-hydra/ecg-maya-hydra-branch-preflight-python3-windows/ecg-maya-hydra/maya-hydra/lib/flowViewport/colorPreferences/fvpColorPreferences.h
[2023-11-21T16:51:11.308Z]     -- promoting: S:/Jenkins/workspace/ECP/ecg-maya-hydra/ecg-maya-hydra-branch-preflight-python3-windows/ecg-maya-hydra/maya-hydra/lib/flowViewport/colorPreferences/fvpColorPreferencesTokens.h
[2023-11-21T16:51:11.308Z]     -- promoting: S:/Jenkins/workspace/ECP/ecg-maya-hydra/ecg-maya-hydra-branch-preflight-python3-windows/ecg-maya-hydra/maya-hydra/lib/flowViewport/colorPreferences/fvpColorPreferencesTranslator.h
[2023-11-21T16:51:11.308Z]     -- promoting: S:/Jenkins/workspace/ECP/ecg-maya-hydra/ecg-maya-hydra-branch-preflight-python3-windows/ecg-maya-hydra/maya-hydra/lib/flowViewport/sceneIndex/fvpMergingSceneIndex.h
[2023-11-21T16:51:11.308Z]     -- promoting: S:/Jenkins/workspace/ECP/ecg-maya-hydra/ecg-maya-hydra-branch-preflight-python3-windows/ecg-maya-hydra/maya-hydra/lib/flowViewport/sceneIndex/fvpPathInterface.h
[2023-11-21T16:51:11.308Z]     -- promoting: S:/Jenkins/workspace/ECP/ecg-maya-hydra/ecg-maya-hydra-branch-preflight-python3-windows/ecg-maya-hydra/maya-hydra/lib/flowViewport/sceneIndex/fvpPathInterfaceSceneIndex.h
[2023-11-21T16:51:11.308Z]     -- promoting: S:/Jenkins/workspace/ECP/ecg-maya-hydra/ecg-maya-hydra-branch-preflight-python3-windows/ecg-maya-hydra/maya-hydra/lib/flowViewport/sceneIndex/fvpRenderIndexProxy.h
[2023-11-21T16:51:11.308Z]     -- promoting: S:/Jenkins/workspace/ECP/ecg-maya-hydra/ecg-maya-hydra-branch-preflight-python3-windows/ecg-maya-hydra/maya-hydra/lib/flowViewport/sceneIndex/fvpRenderIndexProxyFwd.h
[2023-11-21T16:51:11.308Z]     -- promoting: S:/Jenkins/workspace/ECP/ecg-maya-hydra/ecg-maya-hydra-branch-preflight-python3-windows/ecg-maya-hydra/maya-hydra/lib/flowViewport/sceneIndex/fvpSelectionSceneIndex.h
[2023-11-21T16:51:11.308Z]     -- promoting: S:/Jenkins/workspace/ECP/ecg-maya-hydra/ecg-maya-hydra-branch-preflight-python3-windows/ecg-maya-hydra/maya-hydra/lib/flowViewport/sceneIndex/fvpWireframeSelectionHighlightSceneIndex.h
[2023-11-21T16:51:11.308Z]     -- promoting: S:/Jenkins/workspace/ECP/ecg-maya-hydra/ecg-maya-hydra-branch-preflight-python3-windows/ecg-maya-hydra/maya-hydra/lib/flowViewport/API/fvpSelectionClient.h
[2023-11-21T16:51:11.308Z]     -- promoting: S:/Jenkins/workspace/ECP/ecg-maya-hydra/ecg-maya-hydra-branch-preflight-python3-windows/ecg-maya-hydra/maya-hydra/lib/flowViewport/API/fvpFlowSelectionInterface.h
[2023-11-21T16:51:11.308Z]     -- promoting: S:/Jenkins/workspace/ECP/ecg-maya-hydra/ecg-maya-hydra-branch-preflight-python3-windows/ecg-maya-hydra/maya-hydra/lib/flowViewport/API/fvpVersionInterface.h
[2023-11-21T16:51:11.308Z]     -- promoting: S:/Jenkins/workspace/ECP/ecg-maya-hydra/ecg-maya-hydra-branch-preflight-python3-windows/ecg-maya-hydra/maya-hydra/lib/flowViewport/API/fvpInformationInterface.h
[2023-11-21T16:51:11.308Z]     -- promoting: S:/Jenkins/workspace/ECP/ecg-maya-hydra/ecg-maya-hydra-branch-preflight-python3-windows/ecg-maya-hydra/maya-hydra/lib/flowViewport/API/fvpInformationClient.h
[2023-11-21T16:51:11.308Z]     -- promoting: S:/Jenkins/workspace/ECP/ecg-maya-hydra/ecg-maya-hydra-branch-preflight-python3-windows/ecg-maya-hydra/maya-hydra/lib/flowViewport/API/interfacesImp/fvpSelectionInterfaceImp.h
[2023-11-21T16:51:11.308Z]     -- promoting: S:/Jenkins/workspace/ECP/ecg-maya-hydra/ecg-maya-hydra-branch-preflight-python3-windows/ecg-maya-hydra/maya-hydra/lib/flowViewport/API/interfacesImp/fvpVersionInterfaceImp.h
[2023-11-21T16:51:11.308Z]     -- promoting: S:/Jenkins/workspace/ECP/ecg-maya-hydra/ecg-maya-hydra-branch-preflight-python3-windows/ecg-maya-hydra/maya-hydra/lib/flowViewport/API/interfacesImp/fvpInformationInterfaceImp.h
[2023-11-21T16:51:11.308Z]     -- promoting: S:/Jenkins/workspace/ECP/ecg-maya-hydra/ecg-maya-hydra-branch-preflight-python3-windows/ecg-maya-hydra/maya-hydra/lib/flowViewport/API/samples/fvpSelectionClientExample.h
[2023-11-21T16:51:11.308Z]     -- promoting: S:/Jenkins/workspace/ECP/ecg-maya-hydra/ecg-maya-hydra-branch-preflight-python3-windows/ecg-maya-hydra/maya-hydra/lib/flowViewport/API/samples/fvpInformationClientExample.h
[2023-11-21T16:51:11.308Z]     -- promoting: S:/Jenkins/workspace/ECP/ecg-maya-hydra/ecg-maya-hydra-branch-preflight-python3-windows/ecg-maya-hydra/maya-hydra/lib/flowViewport/API/perViewportSceneIndicesData/fvpViewportInformationAndSceneIndicesPerViewportData.h
[2023-11-21T16:51:11.308Z]     -- promoting: S:/Jenkins/workspace/ECP/ecg-maya-hydra/ecg-maya-hydra-branch-preflight-python3-windows/ecg-maya-hydra/maya-hydra/lib/flowViewport/API/perViewportSceneIndicesData/fvpViewportInformationAndSceneIndicesPerViewportDataManager.h
[2023-11-21T16:51:11.308Z]     -- promoting: S:/Jenkins/workspace/ECP/ecg-maya-hydra/ecg-maya-hydra-branch-preflight-python3-windows/ecg-maya-hydra/maya-hydra/lib/flowViewport/selection/fvpSelection.h
[2023-11-21T16:51:11.308Z]     -- promoting: S:/Jenkins/workspace/ECP/ecg-maya-hydra/ecg-maya-hydra-branch-preflight-python3-windows/ecg-maya-hydra/maya-hydra/lib/flowViewport/selection/fvpSelectionFwd.h
[2023-11-21T16:51:11.308Z]     -- promoting: S:/Jenkins/workspace/ECP/ecg-maya-hydra/ecg-maya-hydra-branch-preflight-python3-windows/ecg-maya-hydra/maya-hydra/lib/flowViewport/selection/fvpSelectionTask.h
[2023-11-21T16:51:11.308Z]     -- promoting: S:/Jenkins/workspace/ECP/ecg-maya-hydra/ecg-maya-hydra-branch-preflight-python3-windows/ecg-maya-hydra/maya-hydra/lib/flowViewport/selection/fvpSelectionTracker.h
[2023-11-21T16:51:14.619Z]     -- Configuring done
[2023-11-21T16:51:14.619Z]     -- Generating done
[2023-11-21T16:51:14.980Z]     -- Build files have been written to: W:/build/Debug
[2023-11-21T16:51:14.980Z]     
[2023-11-21T16:51:14.980Z]         Building with settings:
[2023-11-21T16:51:14.980Z]           Source directory          S:\Jenkins\workspace\ECP\ecg-maya-hydra\ecg-maya-hydra-branch-preflight-python3-windows\ecg-maya-hydra\maya-hydra
[2023-11-21T16:51:14.980Z]           Workspace directory       W:\
[2023-11-21T16:51:14.980Z]           Build directory           W:\build\Debug
[2023-11-21T16:51:14.980Z]           Install directory         W:\install\Debug\MayaHydra
[2023-11-21T16:51:14.980Z]           Variant                   Debug
[2023-11-21T16:51:14.980Z]           Python Debug              On
[2023-11-21T16:51:14.980Z]           CMake generator           Ninja
[2023-11-21T16:51:14.980Z]           Build arguments           ['-DCMAKE_MAKE_PROGRAM=P:/shared/Artifactory/Windows/ninja/1.10.2/ccacdf8/ninja.exe', '-DPYTHON_INCLUDE_DIR=P:/shared/Artifactory/Windows/rundev-master-debug/202311130621/runtime/229465b/runTime/include/Python311/Python', '-DPython_EXECUTABLE=P:/shared/Artifactory/Windows/rundev-master-debug/202311130621/runtime/229465b/runTime/bin/mayapy.exe', '-DPYTHON_LIBRARIES=P:/shared/Artifactory/Windows/rundev-master-debug/202311130621/runtime/229465b/runTime/lib/python311_d.lib', '-DBUILD_WITH_PYTHON_3_VERSION=3.11', '-DCMAKE_WANT_MATERIALX_BUILD=ON', '-DCMAKE_PREFIX_PATH=P:\\shared\\Artifactory\\Windows\\USD\\01f407c', '-DMAYAHYDRA_BUILD_NUMBER=411', '-DMAYAHYDRA_GIT_COMMIT=dc2f04ad856bbd718ecc1f9c48e6fc1b3807c687', '-DMAYAHYDRA_GIT_BRANCH=master']
[2023-11-21T16:51:14.980Z]           Stages arguments          ['configure']
[2023-11-21T16:51:14.980Z]           CTest arguments           ['--parallel 16']
[2023-11-21T16:51:14.980Z]     STATUS: Found Maya Qt headers in: P:\shared\Artifactory\Windows\rundev-master-debug\202311130621\runtime\229465b\devkitBase
[2023-11-21T16:51:14.980Z]     Success MayaHydra build and install !!!!
[2023-11-21T16:51:14.980Z]     Elapsed time: 00:00:38
[Pipeline] bat
[2023-11-21T16:51:15.558Z] Deleting alias drive W:
[Pipeline] bat
[2023-11-21T16:51:16.137Z] Deleting alias drive P:
[Pipeline] bat
[2023-11-21T16:51:16.741Z] Creating alias drive P: to S:\jenkins\workspace
[Pipeline] bat
[2023-11-21T16:51:17.358Z] Creating alias drive W: to S:\Jenkins\workspace\ECP\ecg-maya-hydra\ecg-maya-hydra-branch-preflight-python3-windows
[Pipeline] bat
[2023-11-21T16:51:18.148Z] "C:\Program Files\Microsoft Visual Studio\2022\Professional\VC\Auxiliary\Build\vcvarsall.bat" x64
[2023-11-21T16:51:18.148Z] **********************************************************************
[2023-11-21T16:51:18.148Z] ** Visual Studio 2022 Developer Command Prompt v17.3.2
[2023-11-21T16:51:18.148Z] ** Copyright (c) 2022 Microsoft Corporation
[2023-11-21T16:51:18.148Z] **********************************************************************
[2023-11-21T16:51:19.982Z] [vcvarsall.bat] Environment initialized for: 'x64'
[2023-11-21T16:51:19.983Z] python ecg-maya-hydra/build.py --stages=configure --workspace-dir=W:\ --artifactory-dir=P:\shared\Artifactory --build-dir=W:\build --install-dir=W:\install --signing-dir=W:\signing --package-dir=W:\package --output-dir=W:\output --stash-dir=W:\stash --jenkins-build=411 --git-commit=dc2f04ad856bbd718ecc1f9c48e6fc1b3807c687 --git-branch=master --variants=RelWithDebInfo --interactive-tests=true --post-zips=false --osx-binary-architecture-target=ub2 --osx-deployment-target=11.0 --osx-base-sdk=CurrentActiveSDK --maya-cut-config=maya-rundev-master.yaml --maya-package=rundev-master --stage-banner
[2023-11-21T16:51:20.858Z] Using Maya cut from P:\shared\Artifactory\Windows\rundev-master\202311130812\runtime\4053eca
[2023-11-21T16:51:20.858Z] Using Maya ADSK Signatures from P:\shared\Artifactory\Windows\adsk-plugin-signatures-maya\2023\3ae1ae7
[2023-11-21T16:51:20.858Z] Using Maya Security Library from P:\shared\Artifactory\Windows\maya-security-library\3.4.0\284407f
[2023-11-21T16:51:20.858Z] 
[2023-11-21T16:51:20.858Z] ================================================================================
[2023-11-21T16:51:20.858Z]                            configure (RelWithDebInfo)
[2023-11-21T16:51:20.858Z] ================================================================================
[2023-11-21T16:51:20.858Z] Maya Python RelWithDebInfo Info:
[2023-11-21T16:51:20.858Z]   mayapy executable   = P:\shared\Artifactory\Windows\rundev-master\202311130812\runtime\4053eca\runTime\bin\mayapy.exe
[2023-11-21T16:51:20.858Z]   Include Folder      = P:\shared\Artifactory\Windows\rundev-master\202311130812\runtime\4053eca\runTime\include\Python311\Python
[2023-11-21T16:51:20.858Z]   Library             = P:\shared\Artifactory\Windows\rundev-master\202311130812\runtime\4053eca\runTime\lib\python311.lib
[2023-11-21T16:51:20.858Z]   site-package Folder = P:\shared\Artifactory\Windows\rundev-master\202311130812\runtime\4053eca\runTime\Python\Lib\site-packages
[2023-11-21T16:51:21.791Z] In workdir: S:\Jenkins\workspace\ECP\ecg-maya-hydra\ecg-maya-hydra-branch-preflight-python3-windows\ecg-maya-hydra\maya-hydra
[2023-11-21T16:51:21.791Z] Executing: 'P:\\shared\\Artifactory\\Windows\\rundev-master\\202311130812\\runtime\\4053eca\\runTime\\bin\\mayapy.exe' 'S:\\Jenkins\\workspace\\ECP\\ecg-maya-hydra\\ecg-maya-hydra-branch-preflight-python3-windows\\ecg-maya-hydra\\maya-hydra\\build.py' --generator Ninja --build-relwithdebug --maya-location 'P:\\shared\\Artifactory\\Windows\\rundev-master\\202311130812\\runtime\\4053eca\\runTime' --devkit-location 'P:\\shared\\Artifactory\\Windows\\rundev-master\\202311130812\\runtime\\4053eca\\devkitBase' --pxrusd-location 'P:\\shared\\Artifactory\\Windows\\USD\\6a9558d' '--build-args=-DCMAKE_MAKE_PROGRAM=P:/shared/Artifactory/Windows/ninja/1.10.2/ccacdf8/ninja.exe,-DPYTHON_INCLUDE_DIR=P:/shared/Artifactory/Windows/rundev-master/202311130812/runtime/4053eca/runTime/include/Python311/Python,-DPython_EXECUTABLE=P:/shared/Artifactory/Windows/rundev-master/202311130812/runtime/4053eca/runTime/bin/mayapy.exe,-DPYTHON_LIBRARIES=P:/shared/Artifactory/Windows/rundev-master/202311130812/runtime/4053eca/runTime/lib/python311.lib,-DBUILD_WITH_PYTHON_3_VERSION=3.11,-DCMAKE_WANT_MATERIALX_BUILD=ON,-DCMAKE_PREFIX_PATH=P:\\shared\\Artifactory\\Windows\\USD\\6a9558d,-DMAYAHYDRA_BUILD_NUMBER=411,-DMAYAHYDRA_GIT_COMMIT=dc2f04ad856bbd718ecc1f9c48e6fc1b3807c687,-DMAYAHYDRA_GIT_BRANCH=master' '--ctest-args=--parallel 16' --stages=configure --redirect-outstream-file=False --install-location 'W:\\install\\RelWithDebInfo\\MayaHydra' 'W:\\'
[2023-11-21T16:51:21.791Z] Modified environment variables:
[2023-11-21T16:51:21.791Z]     PATH=P:\shared\Artifactory\Windows\cmake\3.20.3\afe857a\bin;C:\Python27\lib\site-packages\pywin32_system32;C:\Program Files\Microsoft Visual Studio\2022\Professional\VC\Tools\MSVC\14.33.31629\bin\HostX64\x64;C:\Program Files\Microsoft Visual Studio\2022\Professional\Common7\IDE\VC\VCPackages;C:\Program Files\Microsoft Visual Studio\2022\Professional\Common7\IDE\CommonExtensions\Microsoft\TestWindow;C:\Program Files\Microsoft Visual Studio\2022\Professional\Common7\IDE\CommonExtensions\Microsoft\TeamFoundation\Team Explorer;C:\Program Files\Microsoft Visual Studio\2022\Professional\MSBuild\Current\bin\Roslyn;C:\Program Files\Microsoft Visual Studio\2022\Professional\Team Tools\Performance Tools\x64;C:\Program Files\Microsoft Visual Studio\2022\Professional\Team Tools\Performance Tools;C:\Program Files (x86)\Microsoft Visual Studio\Shared\Common\VSPerfCollectionTools\vs2019\\x64;C:\Program Files (x86)\Microsoft Visual Studio\Shared\Common\VSPerfCollectionTools\vs2019\;C:\Program Files (x86)\Microsoft SDKs\Windows\v10.0A\bin\NETFX 4.8 Tools\x64\;C:\Program Files (x86)\HTML Help Workshop;C:\Program Files\Microsoft Visual Studio\2022\Professional\Common7\IDE\CommonExtensions\Microsoft\FSharp\Tools;C:\Program Files (x86)\Windows Kits\10\bin\10.0.19041.0\\x64;C:\Program Files (x86)\Windows Kits\10\bin\\x64;C:\Program Files\Microsoft Visual Studio\2022\Professional\\MSBuild\Current\Bin\amd64;C:\WINDOWS\Microsoft.NET\Framework64\v4.0.30319;C:\Program Files\Microsoft Visual Studio\2022\Professional\Common7\IDE\;C:\Program Files\Microsoft Visual Studio\2022\Professional\Common7\Tools\;C:\Python27\;C:\Python27\Scripts;C:\WINDOWS\system32;C:\WINDOWS;C:\WINDOWS\System32\Wbem;C:\WINDOWS\System32\WindowsPowerShell\v1.0\;C:\WINDOWS\System32\OpenSSH\;C:\ProgramData\chocolatey\bin;C:\Program Files (x86)\WiX Toolset v3.7\bin;C:\Program Files\dotnet\;C:\Program Files\Zulu\zulu-11\bin\;C:\Program Files (x86)\Windows Kits\10\bin\10.0.19041.0\x64;C:\Program Files (x86)\Windows Kits\10\bin\10.0.18362.0\x64;C:\Program Files (x86)\Windows Kits\10\bin\10.0.17763.0\x64;C:\Program Files (x86)\Windows Kits\10\bin\x64;C:\Strawberry\c\bin;C:\Strawberry\perl\site\bin;C:\Strawberry\perl\bin;C:\Program Files\Git\cmd;C:\Program Files\Git\usr\bin;C:\Program Files\Git\mingw64\bin;C:\Program Files\Git\bin;C:\Python38\;C:\Python38\Scripts;C:\StoreBoxClientWindows;C:\Program Files\Electric Cloud\ElectricCommander\bin;C:\Program Files\WinRAR;C:\Program Files\7-Zip;C:\Users\Administrator\AppData\Local\Microsoft\WindowsApps;C:\Users\Administrator\.dotnet\tools;C:\Program Files\Microsoft Visual Studio\2022\Professional\Common7\IDE\CommonExtensions\Microsoft\CMake\CMake\bin;C:\Program Files\Microsoft Visual Studio\2022\Professional\Common7\IDE\CommonExtensions\Microsoft\CMake\Ninja;C:\Program Files\Microsoft Visual Studio\2022\Professional\Common7\IDE\VC\Linux\bin\ConnectionManagerExe
[2023-11-21T16:51:23.187Z]     -- The C compiler identification is MSVC 19.33.31629.0
[2023-11-21T16:51:23.602Z]     -- The CXX compiler identification is MSVC 19.33.31629.0
[2023-11-21T16:51:23.602Z]     -- Detecting C compiler ABI info
[2023-11-21T16:51:24.535Z]     -- Detecting C compiler ABI info - done
[2023-11-21T16:51:24.535Z]     -- Check for working C compiler: C:/Program Files/Microsoft Visual Studio/2022/Professional/VC/Tools/MSVC/14.33.31629/bin/Hostx64/x64/cl.exe - skipped
[2023-11-21T16:51:24.535Z]     -- Detecting C compile features
[2023-11-21T16:51:24.535Z]     -- Detecting C compile features - done
[2023-11-21T16:51:24.535Z]     -- Detecting CXX compiler ABI info
[2023-11-21T16:51:25.360Z]     -- Detecting CXX compiler ABI info - done
[2023-11-21T16:51:25.360Z]     -- Check for working CXX compiler: C:/Program Files/Microsoft Visual Studio/2022/Professional/VC/Tools/MSVC/14.33.31629/bin/Hostx64/x64/cl.exe - skipped
[2023-11-21T16:51:25.360Z]     -- Detecting CXX compile features
[2023-11-21T16:51:25.360Z]     -- Detecting CXX compile features - done
[2023-11-21T16:51:26.243Z]     -- Using Maya Light API Version 3
[2023-11-21T16:51:26.243Z]     -- Maya has setDefaultMaterialHandling API
[2023-11-21T16:51:26.243Z]     -- Maya has new point snapping API
[2023-11-21T16:51:26.243Z]     -- Maya has isInCrashHandler API
[2023-11-21T16:51:26.243Z]     -- Maya has getDisplayStyleOfAllViewports API
[2023-11-21T16:51:26.243Z]     -- Maya array iterator has difference_type trait
[2023-11-21T16:51:26.243Z]     -- MFnSet has getMemberPaths function
[2023-11-21T16:51:26.243Z]     -- MFnDisplayLayer exists
[2023-11-21T16:51:26.243Z]     -- MDisplayLayerMessage has MDisplayLayerMemberChangedFunction
[2023-11-21T16:51:26.243Z]     -- MRenderItem has HideOnPlayback API
[2023-11-21T16:51:26.243Z]     -- Found Maya: P:/shared/Artifactory/Windows/rundev-master/202311130812/runtime/4053eca/runTime/bin/maya.exe (found suitable version "2025", minimum required is "2024")
[2023-11-21T16:51:27.715Z]     -- Found Python: P:/shared/Artifactory/Windows/rundev-master/202311130812/runtime/4053eca/runTime/bin/mayapy.exe (found suitable exact version "3.11.4") found components: Interpreter
[2023-11-21T16:51:27.715Z]     -- Build mayaHydra with Python3 = 3.11
[2023-11-21T16:51:27.715Z]     --    PYTHON_INCLUDE_DIRS = P:/shared/Artifactory/Windows/rundev-master/202311130812/runtime/4053eca/runTime/include/Python311/Python
[2023-11-21T16:51:27.715Z]     --    PYTHON_LIBRARIES    = P:/shared/Artifactory/Windows/rundev-master/202311130812/runtime/4053eca/runTime/lib/python311.lib
[2023-11-21T16:51:27.715Z]     --    Python_EXECUTABLE   = P:/shared/Artifactory/Windows/rundev-master/202311130812/runtime/4053eca/runTime/bin/mayapy.exe
[2023-11-21T16:51:27.716Z]     -- Found Python3: P:\shared\Artifactory\Windows\rundev-master\202311130812\runtime\4053eca\runTime/lib/python311.lib (found suitable exact version "3.11.4") found components: Development Development.Module Development.Embed
[2023-11-21T16:51:27.716Z]     -- USD has new Sdr.PropertyTypes.Color4
[2023-11-21T16:51:27.716Z]     -- USD has MaterialX metadata support
[2023-11-21T16:51:27.716Z]     -- USD include dir: P:/shared/Artifactory/Windows/USD/6a9558d/include
[2023-11-21T16:51:27.716Z]     -- USD library dir: P:/shared/Artifactory/Windows/USD/6a9558d/lib
[2023-11-21T16:51:27.716Z]     -- USD version: 0.23.11
[2023-11-21T16:51:27.716Z]     -- USD Boost::boost version: 108100
[2023-11-21T16:51:27.716Z]     -- Found USD: P:/shared/Artifactory/Windows/USD/6a9558d (found suitable version "0.23.11", minimum required is "0.22.11")
[2023-11-21T16:51:27.716Z]     Updated PYTHONPATH: P:\shared\Artifactory\Windows\USD\6a9558d\lib\python
[2023-11-21T16:51:27.716Z]     Updated PATH: P:\shared\Artifactory\Windows\cmake\3.20.3\afe857a\bin;C:\Python27\lib\site-packages\pywin32_system32;C:\Program Files\Microsoft Visual Studio\2022\Professional\VC\Tools\MSVC\14.33.31629\bin\HostX64\x64;C:\Program Files\Microsoft Visual Studio\2022\Professional\Common7\IDE\VC\VCPackages;C:\Program Files\Microsoft Visual Studio\2022\Professional\Common7\IDE\CommonExtensions\Microsoft\TestWindow;C:\Program Files\Microsoft Visual Studio\2022\Professional\Common7\IDE\CommonExtensions\Microsoft\TeamFoundation\Team Explorer;C:\Program Files\Microsoft Visual Studio\2022\Professional\MSBuild\Current\bin\Roslyn;C:\Program Files\Microsoft Visual Studio\2022\Professional\Team Tools\Performance Tools\x64;C:\Program Files\Microsoft Visual Studio\2022\Professional\Team Tools\Performance Tools;C:\Program Files (x86)\Microsoft Visual Studio\Shared\Common\VSPerfCollectionTools\vs2019\\x64;C:\Program Files (x86)\Microsoft Visual Studio\Shared\Common\VSPerfCollectionTools\vs2019\;C:\Program Files (x86)\Microsoft SDKs\Windows\v10.0A\bin\NETFX 4.8 Tools\x64\;C:\Program Files (x86)\HTML Help Workshop;C:\Program Files\Microsoft Visual Studio\2022\Professional\Common7\IDE\CommonExtensions\Microsoft\FSharp\Tools;C:\Program Files (x86)\Windows Kits\10\bin\10.0.19041.0\\x64;C:\Program Files (x86)\Windows Kits\10\bin\\x64;C:\Program Files\Microsoft Visual Studio\2022\Professional\\MSBuild\Current\Bin\amd64;C:\WINDOWS\Microsoft.NET\Framework64\v4.0.30319;C:\Program Files\Microsoft Visual Studio\2022\Professional\Common7\IDE\;C:\Program Files\Microsoft Visual Studio\2022\Professional\Common7\Tools\;C:\Python27\;C:\Python27\Scripts;C:\WINDOWS\system32;C:\WINDOWS;C:\WINDOWS\System32\Wbem;C:\WINDOWS\System32\WindowsPowerShell\v1.0\;C:\WINDOWS\System32\OpenSSH\;C:\ProgramData\chocolatey\bin;C:\Program Files (x86)\WiX Toolset v3.7\bin;C:\Program Files\dotnet\;C:\Program Files\Zulu\zulu-11\bin\;C:\Program Files (x86)\Windows Kits\10\bin\10.0.19041.0\x64;C:\Program Files (x86)\Windows Kits\10\bin\10.0.18362.0\x64;C:\Program Files (x86)\Windows Kits\10\bin\10.0.17763.0\x64;C:\Program Files (x86)\Windows Kits\10\bin\x64;C:\Strawberry\c\bin;C:\Strawberry\perl\site\bin;C:\Strawberry\perl\bin;C:\Program Files\Git\cmd;C:\Program Files\Git\usr\bin;C:\Program Files\Git\mingw64\bin;C:\Program Files\Git\bin;C:\Python38\;C:\Python38\Scripts;C:\StoreBoxClientWindows;C:\Program Files\Electric Cloud\ElectricCommander\bin;C:\Program Files\WinRAR;C:\Program Files\7-Zip;C:\Users\Administrator\AppData\Local\Microsoft\WindowsApps;C:\Users\Administrator\.dotnet\tools;C:\Program Files\Microsoft Visual Studio\2022\Professional\Common7\IDE\CommonExtensions\Microsoft\CMake\CMake\bin;C:\Program Files\Microsoft Visual Studio\2022\Professional\Common7\IDE\CommonExtensions\Microsoft\CMake\Ninja;C:\Program Files\Microsoft Visual Studio\2022\Professional\Common7\IDE\VC\Linux\bin\ConnectionManagerExe;P:\shared\Artifactory\Windows\USD\6a9558d\bin;P:\shared\Artifactory\Windows\USD\6a9558d\lib
[2023-11-21T16:51:27.716Z]     -- Found UFE: P:/shared/Artifactory/Windows/rundev-master/202311130812/runtime/4053eca/devkitBase/devkit/ufe/include (found version "0.5.11")
[2023-11-21T16:51:27.716Z]     -- UFE include dir: P:/shared/Artifactory/Windows/rundev-master/202311130812/runtime/4053eca/devkitBase/devkit/ufe/include
[2023-11-21T16:51:27.716Z]     -- UFE library: P:/shared/Artifactory/Windows/rundev-master/202311130812/runtime/4053eca/devkitBase/devkit/ufe/lib/ufe_0.lib
[2023-11-21T16:51:27.716Z]     -- UFE version: 0.5.11
[2023-11-21T16:51:27.716Z]     -- Maya has UFE lights API
[2023-11-21T16:51:27.716Z]     -- Maya has UFE scene segment API
[2023-11-21T16:51:27.716Z]     -- Maya has UFE TrieNode childrenComponents accessor
[2023-11-21T16:51:27.716Z]     -- Building with UFE 0.5.11.
[2023-11-21T16:51:27.716Z]     -- Found MaterialX
[2023-11-21T16:51:28.078Z]     -- Performing Test HAVE_STDATOMIC
[2023-11-21T16:51:28.893Z]     -- Performing Test HAVE_STDATOMIC - Success
[2023-11-21T16:51:28.893Z]     -- Found OpenGL: opengl32
[2023-11-21T16:51:30.224Z]     -- Check if linker can resolve circular dependencies - TRUE
[2023-11-21T16:51:30.224Z]     -- Found Qt 6.5.3 in Maya devkit. Hydra Scene Browser will be built.
[2023-11-21T16:51:30.224Z]     -- **** Building Gulrak From Github Repository.
[2023-11-21T16:51:30.224Z]     -- Populating gulrak
[2023-11-21T16:51:30.614Z]     -- Configuring done
[2023-11-21T16:51:30.614Z]     -- Generating done
[2023-11-21T16:51:30.614Z]     -- Build files have been written to: W:/build/RelWithDebInfo/_deps/gulrak-subbuild
[2023-11-21T16:51:31.033Z]     [1/9] Creating directories for 'gulrak-populate'
[2023-11-21T16:51:31.033Z]     [1/9] Performing download step (git clone) for 'gulrak-populate'
[2023-11-21T16:51:31.407Z]     Cloning into 'gulrak-src'...
[2023-11-21T16:51:32.714Z]     HEAD is now at 4e21ab3 Version bump and updated readme.
[2023-11-21T16:51:34.067Z]     [2/9] Performing update step for 'gulrak-populate'
[2023-11-21T16:51:34.917Z]     [4/9] No patch step for 'gulrak-populate'
[2023-11-21T16:51:34.917Z]     [5/9] No configure step for 'gulrak-populate'
[2023-11-21T16:51:34.917Z]     [6/9] No build step for 'gulrak-populate'
[2023-11-21T16:51:35.299Z]     [7/9] No install step for 'gulrak-populate'
[2023-11-21T16:51:35.299Z]     [8/9] No test step for 'gulrak-populate'
[2023-11-21T16:51:35.299Z]     [9/9] Completed 'gulrak-populate'
[2023-11-21T16:51:36.117Z]     -- ========== Installing GoogleTest... ==========
[2023-11-21T16:51:36.508Z]     -- Configuring done
[2023-11-21T16:51:36.508Z]     -- Generating done
[2023-11-21T16:51:36.508Z]     -- Build files have been written to: W:/build/RelWithDebInfo/googletest-config
[2023-11-21T16:51:36.839Z]     [1/8] Creating directories for 'googletest'
[2023-11-21T16:51:42.174Z]     [2/8] Performing download step (git clone) for 'googletest'
[2023-11-21T16:51:42.174Z]     Cloning into 'googletest-src'...
[2023-11-21T16:51:42.174Z]     HEAD is now at 703bd9ca Googletest export
[2023-11-21T16:51:42.174Z]     [3/8] Performing update step for 'googletest'
[2023-11-21T16:51:42.174Z]     [4/8] No patch step for 'googletest'
[2023-11-21T16:51:46.159Z]     [5/8] Performing configure step for 'googletest'
[2023-11-21T16:51:46.159Z]     Not searching for unused variables given on the command line.
[2023-11-21T16:51:46.159Z]     CMake Deprecation Warning at CMakeLists.txt:4 (cmake_minimum_required):
[2023-11-21T16:51:46.159Z]       Compatibility with CMake < 2.8.12 will be removed from a future version of
[2023-11-21T16:51:46.159Z]       CMake.
[2023-11-21T16:51:46.159Z]     
[2023-11-21T16:51:46.159Z]       Update the VERSION argument <min> value or use a ...<max> suffix to tell
[2023-11-21T16:51:46.159Z]       CMake that the project does not need compatibility with older versions.
[2023-11-21T16:51:46.159Z]     
[2023-11-21T16:51:46.159Z]     
[2023-11-21T16:51:46.159Z]     -- The C compiler identification is MSVC 19.33.31629.0
[2023-11-21T16:51:46.159Z]     -- The CXX compiler identification is MSVC 19.33.31629.0
[2023-11-21T16:51:46.159Z]     -- Detecting C compiler ABI info
[2023-11-21T16:51:46.159Z]     -- Detecting C compiler ABI info - done
[2023-11-21T16:51:46.159Z]     -- Check for working C compiler: C:/Program Files/Microsoft Visual Studio/2022/Professional/VC/Tools/MSVC/14.33.31629/bin/Hostx64/x64/cl.exe - skipped
[2023-11-21T16:51:46.159Z]     -- Detecting C compile features
[2023-11-21T16:51:46.159Z]     -- Detecting C compile features - done
[2023-11-21T16:51:46.159Z]     -- Detecting CXX compiler ABI info
[2023-11-21T16:51:46.159Z]     -- Detecting CXX compiler ABI info - done
[2023-11-21T16:51:46.159Z]     -- Check for working CXX compiler: C:/Program Files/Microsoft Visual Studio/2022/Professional/VC/Tools/MSVC/14.33.31629/bin/Hostx64/x64/cl.exe - skipped
[2023-11-21T16:51:46.159Z]     -- Detecting CXX compile features
[2023-11-21T16:51:46.159Z]     -- Detecting CXX compile features - done
[2023-11-21T16:51:46.159Z]     CMake Deprecation Warning at googletest/CMakeLists.txt:56 (cmake_minimum_required):
[2023-11-21T16:51:46.159Z]       Compatibility with CMake < 2.8.12 will be removed from a future version of
[2023-11-21T16:51:46.159Z]       CMake.
[2023-11-21T16:51:46.159Z]     
[2023-11-21T16:51:46.159Z]       Update the VERSION argument <min> value or use a ...<max> suffix to tell
[2023-11-21T16:51:46.159Z]       CMake that the project does not need compatibility with older versions.
[2023-11-21T16:51:46.159Z]     
[2023-11-21T16:51:46.159Z]     
[2023-11-21T16:51:46.159Z]     -- Found PythonInterp: C:/Python27/python.exe (found version "2.7.18")
[2023-11-21T16:51:46.159Z]     -- Looking for pthread.h
[2023-11-21T16:51:46.159Z]     -- Looking for pthread.h - not found
[2023-11-21T16:51:46.159Z]     -- Found Threads: TRUE
[2023-11-21T16:51:46.160Z]     -- Configuring done
[2023-11-21T16:51:46.160Z]     -- Generating done
[2023-11-21T16:51:46.160Z]     -- Build files have been written to: W:/build/RelWithDebInfo/googletest-build
[2023-11-21T16:51:51.299Z]     [6/8] Performing build step for 'googletest'
[2023-11-21T16:51:51.299Z]     [1/4] Building CXX object googletest\CMakeFiles\gtest_main.dir\src\gtest_main.cc.obj
[2023-11-21T16:51:51.299Z]     [2/4] Building CXX object googletest\CMakeFiles\gtest.dir\src\gtest-all.cc.obj
[2023-11-21T16:51:51.299Z]     [3/4] Linking CXX shared library bin\gtest.dll
[2023-11-21T16:51:51.299Z]     [4/4] Linking CXX shared library bin\gtest_main.dll
[2023-11-21T16:51:51.679Z]     [7/8] Performing install step for 'googletest'
[2023-11-21T16:51:51.679Z]     [0/1] Install the project...
[2023-11-21T16:51:51.679Z]     -- Install configuration: "RelWithDebInfo"
[2023-11-21T16:51:51.679Z]     [8/8] Completed 'googletest'
[2023-11-21T16:51:52.043Z]     -- ========== ...  GoogleTest installed. ==========
[2023-11-21T16:51:53.043Z]     -- Found GTest: W:/build/RelWithDebInfo/googletest-install/lib/gtest.lib
[2023-11-21T16:51:53.043Z]     -- promoting: S:/Jenkins/workspace/ECP/ecg-maya-hydra/ecg-maya-hydra-branch-preflight-python3-windows/ecg-maya-hydra/maya-hydra/lib/mayaHydra/mayaPlugin/pluginUtils.h
[2023-11-21T16:51:53.043Z]     -- promoting: S:/Jenkins/workspace/ECP/ecg-maya-hydra/ecg-maya-hydra-branch-preflight-python3-windows/ecg-maya-hydra/maya-hydra/lib/mayaHydra/hydraExtensions/api.h
[2023-11-21T16:51:53.043Z]     -- promoting: S:/Jenkins/workspace/ECP/ecg-maya-hydra/ecg-maya-hydra-branch-preflight-python3-windows/ecg-maya-hydra/maya-hydra/lib/mayaHydra/hydraExtensions/debugCodes.h
[2023-11-21T16:51:53.043Z]     -- promoting: S:/Jenkins/workspace/ECP/ecg-maya-hydra/ecg-maya-hydra-branch-preflight-python3-windows/ecg-maya-hydra/maya-hydra/lib/mayaHydra/hydraExtensions/hydraUtils.h
[2023-11-21T16:51:53.043Z]     -- promoting: S:/Jenkins/workspace/ECP/ecg-maya-hydra/ecg-maya-hydra-branch-preflight-python3-windows/ecg-maya-hydra/maya-hydra/lib/mayaHydra/hydraExtensions/mayaHydraLibInterface.h
[2023-11-21T16:51:53.043Z]     -- promoting: S:/Jenkins/workspace/ECP/ecg-maya-hydra/ecg-maya-hydra-branch-preflight-python3-windows/ecg-maya-hydra/maya-hydra/lib/mayaHydra/hydraExtensions/mayaHydraLibInterfaceImp.h
[2023-11-21T16:51:53.043Z]     -- promoting: S:/Jenkins/workspace/ECP/ecg-maya-hydra/ecg-maya-hydra-branch-preflight-python3-windows/ecg-maya-hydra/maya-hydra/lib/mayaHydra/hydraExtensions/mayaUtils.h
[2023-11-21T16:51:53.043Z]     -- promoting: S:/Jenkins/workspace/ECP/ecg-maya-hydra/ecg-maya-hydra-branch-preflight-python3-windows/ecg-maya-hydra/maya-hydra/lib/mayaHydra/hydraExtensions/mixedUtils.h
[2023-11-21T16:51:53.043Z]     -- promoting: S:/Jenkins/workspace/ECP/ecg-maya-hydra/ecg-maya-hydra-branch-preflight-python3-windows/ecg-maya-hydra/maya-hydra/lib/mayaHydra/hydraExtensions/mayaHydraSceneProducer.h
[2023-11-21T16:51:53.043Z]     -- promoting: S:/Jenkins/workspace/ECP/ecg-maya-hydra/ecg-maya-hydra-branch-preflight-python3-windows/ecg-maya-hydra/maya-hydra/lib/mayaHydra/hydraExtensions/adapters/adapter.h
[2023-11-21T16:51:53.043Z]     -- promoting: S:/Jenkins/workspace/ECP/ecg-maya-hydra/ecg-maya-hydra-branch-preflight-python3-windows/ecg-maya-hydra/maya-hydra/lib/mayaHydra/hydraExtensions/adapters/adapterDebugCodes.h
[2023-11-21T16:51:53.043Z]     -- promoting: S:/Jenkins/workspace/ECP/ecg-maya-hydra/ecg-maya-hydra-branch-preflight-python3-windows/ecg-maya-hydra/maya-hydra/lib/mayaHydra/hydraExtensions/adapters/adapterRegistry.h
[2023-11-21T16:51:53.043Z]     -- promoting: S:/Jenkins/workspace/ECP/ecg-maya-hydra/ecg-maya-hydra-branch-preflight-python3-windows/ecg-maya-hydra/maya-hydra/lib/mayaHydra/hydraExtensions/adapters/cameraAdapter.h
[2023-11-21T16:51:53.043Z]     -- promoting: S:/Jenkins/workspace/ECP/ecg-maya-hydra/ecg-maya-hydra-branch-preflight-python3-windows/ecg-maya-hydra/maya-hydra/lib/mayaHydra/hydraExtensions/adapters/constantShadowMatrix.h
[2023-11-21T16:51:53.043Z]     -- promoting: S:/Jenkins/workspace/ECP/ecg-maya-hydra/ecg-maya-hydra-branch-preflight-python3-windows/ecg-maya-hydra/maya-hydra/lib/mayaHydra/hydraExtensions/adapters/dagAdapter.h
[2023-11-21T16:51:53.043Z]     -- promoting: S:/Jenkins/workspace/ECP/ecg-maya-hydra/ecg-maya-hydra-branch-preflight-python3-windows/ecg-maya-hydra/maya-hydra/lib/mayaHydra/hydraExtensions/adapters/renderItemAdapter.h
[2023-11-21T16:51:53.043Z]     -- promoting: S:/Jenkins/workspace/ECP/ecg-maya-hydra/ecg-maya-hydra-branch-preflight-python3-windows/ecg-maya-hydra/maya-hydra/lib/mayaHydra/hydraExtensions/adapters/lightAdapter.h
[2023-11-21T16:51:53.043Z]     -- promoting: S:/Jenkins/workspace/ECP/ecg-maya-hydra/ecg-maya-hydra-branch-preflight-python3-windows/ecg-maya-hydra/maya-hydra/lib/mayaHydra/hydraExtensions/adapters/materialAdapter.h
[2023-11-21T16:51:53.043Z]     -- promoting: S:/Jenkins/workspace/ECP/ecg-maya-hydra/ecg-maya-hydra-branch-preflight-python3-windows/ecg-maya-hydra/maya-hydra/lib/mayaHydra/hydraExtensions/adapters/materialNetworkConverter.h
[2023-11-21T16:51:53.043Z]     -- promoting: S:/Jenkins/workspace/ECP/ecg-maya-hydra/ecg-maya-hydra-branch-preflight-python3-windows/ecg-maya-hydra/maya-hydra/lib/mayaHydra/hydraExtensions/adapters/mayaAttrs.h
[2023-11-21T16:51:53.043Z]     -- promoting: S:/Jenkins/workspace/ECP/ecg-maya-hydra/ecg-maya-hydra-branch-preflight-python3-windows/ecg-maya-hydra/maya-hydra/lib/mayaHydra/hydraExtensions/adapters/shapeAdapter.h
[2023-11-21T16:51:53.043Z]     -- promoting: S:/Jenkins/workspace/ECP/ecg-maya-hydra/ecg-maya-hydra-branch-preflight-python3-windows/ecg-maya-hydra/maya-hydra/lib/mayaHydra/hydraExtensions/adapters/tokens.h
[2023-11-21T16:51:53.043Z]     -- promoting: S:/Jenkins/workspace/ECP/ecg-maya-hydra/ecg-maya-hydra-branch-preflight-python3-windows/ecg-maya-hydra/maya-hydra/lib/mayaHydra/hydraExtensions/delegates/delegate.h
[2023-11-21T16:51:53.043Z]     -- promoting: S:/Jenkins/workspace/ECP/ecg-maya-hydra/ecg-maya-hydra-branch-preflight-python3-windows/ecg-maya-hydra/maya-hydra/lib/mayaHydra/hydraExtensions/delegates/delegateCtx.h
[2023-11-21T16:51:53.043Z]     -- promoting: S:/Jenkins/workspace/ECP/ecg-maya-hydra/ecg-maya-hydra-branch-preflight-python3-windows/ecg-maya-hydra/maya-hydra/lib/mayaHydra/hydraExtensions/delegates/delegateDebugCodes.h
[2023-11-21T16:51:53.043Z]     -- promoting: S:/Jenkins/workspace/ECP/ecg-maya-hydra/ecg-maya-hydra-branch-preflight-python3-windows/ecg-maya-hydra/maya-hydra/lib/mayaHydra/hydraExtensions/delegates/delegateRegistry.h
[2023-11-21T16:51:53.043Z]     -- promoting: S:/Jenkins/workspace/ECP/ecg-maya-hydra/ecg-maya-hydra-branch-preflight-python3-windows/ecg-maya-hydra/maya-hydra/lib/mayaHydra/hydraExtensions/delegates/params.h
[2023-11-21T16:51:53.043Z]     -- promoting: S:/Jenkins/workspace/ECP/ecg-maya-hydra/ecg-maya-hydra-branch-preflight-python3-windows/ecg-maya-hydra/maya-hydra/lib/mayaHydra/hydraExtensions/delegates/sceneDelegate.h
[2023-11-21T16:51:53.043Z]     -- promoting: S:/Jenkins/workspace/ECP/ecg-maya-hydra/ecg-maya-hydra-branch-preflight-python3-windows/ecg-maya-hydra/maya-hydra/lib/mayaHydra/hydraExtensions/delegates/defaultLightDelegate.h
[2023-11-21T16:51:53.043Z]     -- promoting: S:/Jenkins/workspace/ECP/ecg-maya-hydra/ecg-maya-hydra-branch-preflight-python3-windows/ecg-maya-hydra/maya-hydra/lib/mayaHydra/hydraExtensions/delegates/testDelegate.h
[2023-11-21T16:51:53.044Z]     -- promoting: S:/Jenkins/workspace/ECP/ecg-maya-hydra/ecg-maya-hydra-branch-preflight-python3-windows/ecg-maya-hydra/maya-hydra/lib/mayaHydra/hydraExtensions/sceneIndex/registration.h
[2023-11-21T16:51:53.044Z]     -- promoting: S:/Jenkins/workspace/ECP/ecg-maya-hydra/ecg-maya-hydra-branch-preflight-python3-windows/ecg-maya-hydra/maya-hydra/lib/mayaHydra/hydraExtensions/sceneIndex/mayaHydraSceneIndex.h
[2023-11-21T16:51:53.044Z]     -- promoting: S:/Jenkins/workspace/ECP/ecg-maya-hydra/ecg-maya-hydra-branch-preflight-python3-windows/ecg-maya-hydra/maya-hydra/lib/mayaHydra/hydraExtensions/sceneIndex/mayaHydraDataSource.h
[2023-11-21T16:51:53.044Z]     -- promoting: S:/Jenkins/workspace/ECP/ecg-maya-hydra/ecg-maya-hydra-branch-preflight-python3-windows/ecg-maya-hydra/maya-hydra/lib/mayaHydra/hydraExtensions/sceneIndex/mayaHydraPrimvarDataSource.h
[2023-11-21T16:51:53.044Z]     -- promoting: S:/Jenkins/workspace/ECP/ecg-maya-hydra/ecg-maya-hydra-branch-preflight-python3-windows/ecg-maya-hydra/maya-hydra/lib/mayaHydra/hydraExtensions/sceneIndex/mayaHydraDisplayStyleDataSource.h
[2023-11-21T16:51:53.044Z]     -- promoting: S:/Jenkins/workspace/ECP/ecg-maya-hydra/ecg-maya-hydra-branch-preflight-python3-windows/ecg-maya-hydra/maya-hydra/lib/mayaHydra/hydraExtensions/sceneIndex/mayaHydraCameraDataSource.h
[2023-11-21T16:51:53.044Z]     -- promoting: S:/Jenkins/workspace/ECP/ecg-maya-hydra/ecg-maya-hydra-branch-preflight-python3-windows/ecg-maya-hydra/maya-hydra/lib/mayaHydra/hydraExtensions/sceneIndex/mayaHydraLightDataSource.h
[2023-11-21T16:51:53.044Z]     -- promoting: S:/Jenkins/workspace/ECP/ecg-maya-hydra/ecg-maya-hydra-branch-preflight-python3-windows/ecg-maya-hydra/maya-hydra/lib/mayaHydra/hydraExtensions/sceneIndex/mayaHydraDefaultLightDataSource.h
[2023-11-21T16:51:53.044Z]     -- promoting: S:/Jenkins/workspace/ECP/ecg-maya-hydra/ecg-maya-hydra-branch-preflight-python3-windows/ecg-maya-hydra/maya-hydra/lib/mayaHydra/ufeExtensions/api.h
[2023-11-21T16:51:53.044Z]     -- promoting: S:/Jenkins/workspace/ECP/ecg-maya-hydra/ecg-maya-hydra-branch-preflight-python3-windows/ecg-maya-hydra/maya-hydra/lib/mayaHydra/ufeExtensions/Global.h
[2023-11-21T16:51:53.044Z]     -- promoting: S:/Jenkins/workspace/ECP/ecg-maya-hydra/ecg-maya-hydra-branch-preflight-python3-windows/ecg-maya-hydra/maya-hydra/lib/flowViewport/api.h
[2023-11-21T16:51:53.044Z]     -- promoting: S:/Jenkins/workspace/ECP/ecg-maya-hydra/ecg-maya-hydra-branch-preflight-python3-windows/ecg-maya-hydra/maya-hydra/lib/flowViewport/debugCodes.h
[2023-11-21T16:51:53.044Z]     -- promoting: S:/Jenkins/workspace/ECP/ecg-maya-hydra/ecg-maya-hydra-branch-preflight-python3-windows/ecg-maya-hydra/maya-hydra/lib/flowViewport/global.h
[2023-11-21T16:51:53.044Z]     -- promoting: S:/Jenkins/workspace/ECP/ecg-maya-hydra/ecg-maya-hydra-branch-preflight-python3-windows/ecg-maya-hydra/maya-hydra/lib/flowViewport/tokens.h
[2023-11-21T16:51:53.044Z]     -- promoting: S:/Jenkins/workspace/ECP/ecg-maya-hydra/ecg-maya-hydra-branch-preflight-python3-windows/ecg-maya-hydra/maya-hydra/lib/flowViewport/colorPreferences/fvpColorChanged.h
[2023-11-21T16:51:53.044Z]     -- promoting: S:/Jenkins/workspace/ECP/ecg-maya-hydra/ecg-maya-hydra-branch-preflight-python3-windows/ecg-maya-hydra/maya-hydra/lib/flowViewport/colorPreferences/fvpColorPreferences.h
[2023-11-21T16:51:53.044Z]     -- promoting: S:/Jenkins/workspace/ECP/ecg-maya-hydra/ecg-maya-hydra-branch-preflight-python3-windows/ecg-maya-hydra/maya-hydra/lib/flowViewport/colorPreferences/fvpColorPreferencesTokens.h
[2023-11-21T16:51:53.044Z]     -- promoting: S:/Jenkins/workspace/ECP/ecg-maya-hydra/ecg-maya-hydra-branch-preflight-python3-windows/ecg-maya-hydra/maya-hydra/lib/flowViewport/colorPreferences/fvpColorPreferencesTranslator.h
[2023-11-21T16:51:53.044Z]     -- promoting: S:/Jenkins/workspace/ECP/ecg-maya-hydra/ecg-maya-hydra-branch-preflight-python3-windows/ecg-maya-hydra/maya-hydra/lib/flowViewport/sceneIndex/fvpMergingSceneIndex.h
[2023-11-21T16:51:53.044Z]     -- promoting: S:/Jenkins/workspace/ECP/ecg-maya-hydra/ecg-maya-hydra-branch-preflight-python3-windows/ecg-maya-hydra/maya-hydra/lib/flowViewport/sceneIndex/fvpPathInterface.h
[2023-11-21T16:51:53.044Z]     -- promoting: S:/Jenkins/workspace/ECP/ecg-maya-hydra/ecg-maya-hydra-branch-preflight-python3-windows/ecg-maya-hydra/maya-hydra/lib/flowViewport/sceneIndex/fvpPathInterfaceSceneIndex.h
[2023-11-21T16:51:53.044Z]     -- promoting: S:/Jenkins/workspace/ECP/ecg-maya-hydra/ecg-maya-hydra-branch-preflight-python3-windows/ecg-maya-hydra/maya-hydra/lib/flowViewport/sceneIndex/fvpRenderIndexProxy.h
[2023-11-21T16:51:53.044Z]     -- promoting: S:/Jenkins/workspace/ECP/ecg-maya-hydra/ecg-maya-hydra-branch-preflight-python3-windows/ecg-maya-hydra/maya-hydra/lib/flowViewport/sceneIndex/fvpRenderIndexProxyFwd.h
[2023-11-21T16:51:53.044Z]     -- promoting: S:/Jenkins/workspace/ECP/ecg-maya-hydra/ecg-maya-hydra-branch-preflight-python3-windows/ecg-maya-hydra/maya-hydra/lib/flowViewport/sceneIndex/fvpSelectionSceneIndex.h
[2023-11-21T16:51:53.044Z]     -- promoting: S:/Jenkins/workspace/ECP/ecg-maya-hydra/ecg-maya-hydra-branch-preflight-python3-windows/ecg-maya-hydra/maya-hydra/lib/flowViewport/sceneIndex/fvpWireframeSelectionHighlightSceneIndex.h
[2023-11-21T16:51:53.044Z]     -- promoting: S:/Jenkins/workspace/ECP/ecg-maya-hydra/ecg-maya-hydra-branch-preflight-python3-windows/ecg-maya-hydra/maya-hydra/lib/flowViewport/API/fvpSelectionClient.h
[2023-11-21T16:51:53.044Z]     -- promoting: S:/Jenkins/workspace/ECP/ecg-maya-hydra/ecg-maya-hydra-branch-preflight-python3-windows/ecg-maya-hydra/maya-hydra/lib/flowViewport/API/fvpFlowSelectionInterface.h
[2023-11-21T16:51:53.044Z]     -- promoting: S:/Jenkins/workspace/ECP/ecg-maya-hydra/ecg-maya-hydra-branch-preflight-python3-windows/ecg-maya-hydra/maya-hydra/lib/flowViewport/API/fvpVersionInterface.h
[2023-11-21T16:51:53.044Z]     -- promoting: S:/Jenkins/workspace/ECP/ecg-maya-hydra/ecg-maya-hydra-branch-preflight-python3-windows/ecg-maya-hydra/maya-hydra/lib/flowViewport/API/fvpInformationInterface.h
[2023-11-21T16:51:53.044Z]     -- promoting: S:/Jenkins/workspace/ECP/ecg-maya-hydra/ecg-maya-hydra-branch-preflight-python3-windows/ecg-maya-hydra/maya-hydra/lib/flowViewport/API/fvpInformationClient.h
[2023-11-21T16:51:53.044Z]     -- promoting: S:/Jenkins/workspace/ECP/ecg-maya-hydra/ecg-maya-hydra-branch-preflight-python3-windows/ecg-maya-hydra/maya-hydra/lib/flowViewport/API/interfacesImp/fvpSelectionInterfaceImp.h
[2023-11-21T16:51:53.044Z]     -- promoting: S:/Jenkins/workspace/ECP/ecg-maya-hydra/ecg-maya-hydra-branch-preflight-python3-windows/ecg-maya-hydra/maya-hydra/lib/flowViewport/API/interfacesImp/fvpVersionInterfaceImp.h
[2023-11-21T16:51:53.044Z]     -- promoting: S:/Jenkins/workspace/ECP/ecg-maya-hydra/ecg-maya-hydra-branch-preflight-python3-windows/ecg-maya-hydra/maya-hydra/lib/flowViewport/API/interfacesImp/fvpInformationInterfaceImp.h
[2023-11-21T16:51:53.044Z]     -- promoting: S:/Jenkins/workspace/ECP/ecg-maya-hydra/ecg-maya-hydra-branch-preflight-python3-windows/ecg-maya-hydra/maya-hydra/lib/flowViewport/API/samples/fvpSelectionClientExample.h
[2023-11-21T16:51:53.044Z]     -- promoting: S:/Jenkins/workspace/ECP/ecg-maya-hydra/ecg-maya-hydra-branch-preflight-python3-windows/ecg-maya-hydra/maya-hydra/lib/flowViewport/API/samples/fvpInformationClientExample.h
[2023-11-21T16:51:53.044Z]     -- promoting: S:/Jenkins/workspace/ECP/ecg-maya-hydra/ecg-maya-hydra-branch-preflight-python3-windows/ecg-maya-hydra/maya-hydra/lib/flowViewport/API/perViewportSceneIndicesData/fvpViewportInformationAndSceneIndicesPerViewportData.h
[2023-11-21T16:51:53.044Z]     -- promoting: S:/Jenkins/workspace/ECP/ecg-maya-hydra/ecg-maya-hydra-branch-preflight-python3-windows/ecg-maya-hydra/maya-hydra/lib/flowViewport/API/perViewportSceneIndicesData/fvpViewportInformationAndSceneIndicesPerViewportDataManager.h
[2023-11-21T16:51:53.044Z]     -- promoting: S:/Jenkins/workspace/ECP/ecg-maya-hydra/ecg-maya-hydra-branch-preflight-python3-windows/ecg-maya-hydra/maya-hydra/lib/flowViewport/selection/fvpSelection.h
[2023-11-21T16:51:53.044Z]     -- promoting: S:/Jenkins/workspace/ECP/ecg-maya-hydra/ecg-maya-hydra-branch-preflight-python3-windows/ecg-maya-hydra/maya-hydra/lib/flowViewport/selection/fvpSelectionFwd.h
[2023-11-21T16:51:53.044Z]     -- promoting: S:/Jenkins/workspace/ECP/ecg-maya-hydra/ecg-maya-hydra-branch-preflight-python3-windows/ecg-maya-hydra/maya-hydra/lib/flowViewport/selection/fvpSelectionTask.h
[2023-11-21T16:51:53.044Z]     -- promoting: S:/Jenkins/workspace/ECP/ecg-maya-hydra/ecg-maya-hydra-branch-preflight-python3-windows/ecg-maya-hydra/maya-hydra/lib/flowViewport/selection/fvpSelectionTracker.h
[2023-11-21T16:51:53.936Z]     -- Configuring done
[2023-11-21T16:51:54.341Z]     -- Generating done
[2023-11-21T16:51:54.341Z]     -- Build files have been written to: W:/build/RelWithDebInfo
[2023-11-21T16:51:54.744Z]     
[2023-11-21T16:51:54.744Z]         Building with settings:
[2023-11-21T16:51:54.744Z]           Source directory          S:\Jenkins\workspace\ECP\ecg-maya-hydra\ecg-maya-hydra-branch-preflight-python3-windows\ecg-maya-hydra\maya-hydra
[2023-11-21T16:51:54.744Z]           Workspace directory       W:\
[2023-11-21T16:51:54.744Z]           Build directory           W:\build\RelWithDebInfo
[2023-11-21T16:51:54.744Z]           Install directory         W:\install\RelWithDebInfo\MayaHydra
[2023-11-21T16:51:54.744Z]           Variant                   RelWithDebInfo
[2023-11-21T16:51:54.744Z]           Python Debug              Off
[2023-11-21T16:51:54.744Z]           CMake generator           Ninja
[2023-11-21T16:51:54.744Z]           Build arguments           ['-DCMAKE_MAKE_PROGRAM=P:/shared/Artifactory/Windows/ninja/1.10.2/ccacdf8/ninja.exe', '-DPYTHON_INCLUDE_DIR=P:/shared/Artifactory/Windows/rundev-master/202311130812/runtime/4053eca/runTime/include/Python311/Python', '-DPython_EXECUTABLE=P:/shared/Artifactory/Windows/rundev-master/202311130812/runtime/4053eca/runTime/bin/mayapy.exe', '-DPYTHON_LIBRARIES=P:/shared/Artifactory/Windows/rundev-master/202311130812/runtime/4053eca/runTime/lib/python311.lib', '-DBUILD_WITH_PYTHON_3_VERSION=3.11', '-DCMAKE_WANT_MATERIALX_BUILD=ON', '-DCMAKE_PREFIX_PATH=P:\\shared\\Artifactory\\Windows\\USD\\6a9558d', '-DMAYAHYDRA_BUILD_NUMBER=411', '-DMAYAHYDRA_GIT_COMMIT=dc2f04ad856bbd718ecc1f9c48e6fc1b3807c687', '-DMAYAHYDRA_GIT_BRANCH=master']
[2023-11-21T16:51:54.744Z]           Stages arguments          ['configure']
[2023-11-21T16:51:54.744Z]           CTest arguments           ['--parallel 16']
[2023-11-21T16:51:54.744Z]     STATUS: Found Maya Qt headers in: P:\shared\Artifactory\Windows\rundev-master\202311130812\runtime\4053eca\devkitBase
[2023-11-21T16:51:54.744Z]     Success MayaHydra build and install !!!!
[2023-11-21T16:51:54.744Z]     Elapsed time: 00:00:32
[Pipeline] bat
[2023-11-21T16:51:55.333Z] Deleting alias drive W:
[Pipeline] bat
[2023-11-21T16:51:55.912Z] Deleting alias drive P:
[Pipeline] }
[Pipeline] // withEnv
[Pipeline] }
[Pipeline] // timeout
[Pipeline] }
[Pipeline] // stage
[Pipeline] }
[Pipeline] // timestamps
[Pipeline] timestamps
[Pipeline] {
[Pipeline] stage
[Pipeline] { (Build)
[Pipeline] timeout
[2023-11-21T16:51:56.098Z] Timeout set to expire in 6 hr 0 min
[Pipeline] {
[Pipeline] withEnv
[Pipeline] {
[Pipeline] bat
[2023-11-21T16:51:56.719Z] Creating alias drive P: to S:\jenkins\workspace
[Pipeline] bat
[2023-11-21T16:51:57.356Z] Creating alias drive W: to S:\Jenkins\workspace\ECP\ecg-maya-hydra\ecg-maya-hydra-branch-preflight-python3-windows
[Pipeline] bat
[2023-11-21T16:51:58.271Z] "C:\Program Files\Microsoft Visual Studio\2022\Professional\VC\Auxiliary\Build\vcvarsall.bat" x64
[2023-11-21T16:51:58.271Z] **********************************************************************
[2023-11-21T16:51:58.271Z] ** Visual Studio 2022 Developer Command Prompt v17.3.2
[2023-11-21T16:51:58.271Z] ** Copyright (c) 2022 Microsoft Corporation
[2023-11-21T16:51:58.271Z] **********************************************************************
[2023-11-21T16:52:00.110Z] [vcvarsall.bat] Environment initialized for: 'x64'
[2023-11-21T16:52:00.110Z] python ecg-maya-hydra/build.py --stages=build --workspace-dir=W:\ --artifactory-dir=P:\shared\Artifactory --build-dir=W:\build --install-dir=W:\install --signing-dir=W:\signing --package-dir=W:\package --output-dir=W:\output --stash-dir=W:\stash --jenkins-build=411 --git-commit=dc2f04ad856bbd718ecc1f9c48e6fc1b3807c687 --git-branch=master --variants=Debug --interactive-tests=true --post-zips=false --osx-binary-architecture-target=ub2 --osx-deployment-target=11.0 --osx-base-sdk=CurrentActiveSDK --build-retry=3 --maya-cut-config=maya-rundev-master-debug.yaml --maya-package=rundev-master-debug --stage-banner
[2023-11-21T16:52:01.052Z] Using Maya cut from P:\shared\Artifactory\Windows\rundev-master-debug\202311130621\runtime\229465b
[2023-11-21T16:52:01.052Z] Using Maya ADSK Signatures from P:\shared\Artifactory\Windows\adsk-plugin-signatures-maya\2023\3ae1ae7
[2023-11-21T16:52:01.052Z] Using Maya Security Library from P:\shared\Artifactory\Windows\maya-security-library\3.4.0\284407f
[2023-11-21T16:52:01.052Z] 
[2023-11-21T16:52:01.052Z] ================================================================================
[2023-11-21T16:52:01.052Z]                                  build (Debug)
[2023-11-21T16:52:01.052Z] ================================================================================
[2023-11-21T16:52:01.052Z] Maya Python Debug Info:
[2023-11-21T16:52:01.052Z]   mayapy executable   = P:\shared\Artifactory\Windows\rundev-master-debug\202311130621\runtime\229465b\runTime\bin\mayapy.exe
[2023-11-21T16:52:01.052Z]   Include Folder      = P:\shared\Artifactory\Windows\rundev-master-debug\202311130621\runtime\229465b\runTime\include\Python311\Python
[2023-11-21T16:52:01.052Z]   Library             = P:\shared\Artifactory\Windows\rundev-master-debug\202311130621\runtime\229465b\runTime\lib\python311_d.lib
[2023-11-21T16:52:01.052Z]   site-package Folder = P:\shared\Artifactory\Windows\rundev-master-debug\202311130621\runtime\229465b\runTime\Python\Lib\site-packages
[2023-11-21T16:52:04.289Z] 
[2023-11-21T16:52:04.289Z]             WARNING: The 'psutil' python package isn't installed. Thus, Peptide
[2023-11-21T16:52:04.289Z]             won't be able to determine the amount of RAM available. It will assume
[2023-11-21T16:52:04.289Z]             that your machine has only 16GB available, and will limit the number
[2023-11-21T16:52:04.289Z]             the number of link jobs being performed in parallel. This can
[2023-11-21T16:52:04.289Z]             negatively affect your build times.
[2023-11-21T16:52:04.289Z] 
[2023-11-21T16:52:04.289Z]             Please 'pip(3) install psutil' to resolve this.
[2023-11-21T16:52:04.289Z]             
[2023-11-21T16:52:04.289Z] In workdir: S:\Jenkins\workspace\ECP\ecg-maya-hydra\ecg-maya-hydra-branch-preflight-python3-windows\ecg-maya-hydra\maya-hydra
[2023-11-21T16:52:04.289Z] Executing: 'P:\\shared\\Artifactory\\Windows\\rundev-master-debug\\202311130621\\runtime\\229465b\\runTime\\bin\\mayapy.exe' 'S:\\Jenkins\\workspace\\ECP\\ecg-maya-hydra\\ecg-maya-hydra-branch-preflight-python3-windows\\ecg-maya-hydra\\maya-hydra\\build.py' --generator Ninja --build-debug --maya-location 'P:\\shared\\Artifactory\\Windows\\rundev-master-debug\\202311130621\\runtime\\229465b\\runTime' --devkit-location 'P:\\shared\\Artifactory\\Windows\\rundev-master-debug\\202311130621\\runtime\\229465b\\devkitBase' --pxrusd-location 'P:\\shared\\Artifactory\\Windows\\USD\\01f407c' '--build-args=-DCMAKE_MAKE_PROGRAM=P:/shared/Artifactory/Windows/ninja/1.10.2/ccacdf8/ninja.exe,-DPYTHON_INCLUDE_DIR=P:/shared/Artifactory/Windows/rundev-master-debug/202311130621/runtime/229465b/runTime/include/Python311/Python,-DPython_EXECUTABLE=P:/shared/Artifactory/Windows/rundev-master-debug/202311130621/runtime/229465b/runTime/bin/mayapy.exe,-DPYTHON_LIBRARIES=P:/shared/Artifactory/Windows/rundev-master-debug/202311130621/runtime/229465b/runTime/lib/python311_d.lib,-DBUILD_WITH_PYTHON_3_VERSION=3.11,-DCMAKE_WANT_MATERIALX_BUILD=ON,-DCMAKE_PREFIX_PATH=P:\\shared\\Artifactory\\Windows\\USD\\01f407c,-DMAYAHYDRA_BUILD_NUMBER=411,-DMAYAHYDRA_GIT_COMMIT=dc2f04ad856bbd718ecc1f9c48e6fc1b3807c687,-DMAYAHYDRA_GIT_BRANCH=master' --debug-python '--ctest-args=--parallel 16' --stages=build --redirect-outstream-file=False --install-location 'W:\\install\\Debug\\MayaHydra' 'W:\\'
[2023-11-21T16:52:04.289Z] Modified environment variables:
[2023-11-21T16:52:04.289Z]     PATH=P:\shared\Artifactory\Windows\cmake\3.20.3\afe857a\bin;C:\Python27\lib\site-packages\pywin32_system32;C:\Program Files\Microsoft Visual Studio\2022\Professional\VC\Tools\MSVC\14.33.31629\bin\HostX64\x64;C:\Program Files\Microsoft Visual Studio\2022\Professional\Common7\IDE\VC\VCPackages;C:\Program Files\Microsoft Visual Studio\2022\Professional\Common7\IDE\CommonExtensions\Microsoft\TestWindow;C:\Program Files\Microsoft Visual Studio\2022\Professional\Common7\IDE\CommonExtensions\Microsoft\TeamFoundation\Team Explorer;C:\Program Files\Microsoft Visual Studio\2022\Professional\MSBuild\Current\bin\Roslyn;C:\Program Files\Microsoft Visual Studio\2022\Professional\Team Tools\Performance Tools\x64;C:\Program Files\Microsoft Visual Studio\2022\Professional\Team Tools\Performance Tools;C:\Program Files (x86)\Microsoft Visual Studio\Shared\Common\VSPerfCollectionTools\vs2019\\x64;C:\Program Files (x86)\Microsoft Visual Studio\Shared\Common\VSPerfCollectionTools\vs2019\;C:\Program Files (x86)\Microsoft SDKs\Windows\v10.0A\bin\NETFX 4.8 Tools\x64\;C:\Program Files (x86)\HTML Help Workshop;C:\Program Files\Microsoft Visual Studio\2022\Professional\Common7\IDE\CommonExtensions\Microsoft\FSharp\Tools;C:\Program Files (x86)\Windows Kits\10\bin\10.0.19041.0\\x64;C:\Program Files (x86)\Windows Kits\10\bin\\x64;C:\Program Files\Microsoft Visual Studio\2022\Professional\\MSBuild\Current\Bin\amd64;C:\WINDOWS\Microsoft.NET\Framework64\v4.0.30319;C:\Program Files\Microsoft Visual Studio\2022\Professional\Common7\IDE\;C:\Program Files\Microsoft Visual Studio\2022\Professional\Common7\Tools\;C:\Python27\;C:\Python27\Scripts;C:\WINDOWS\system32;C:\WINDOWS;C:\WINDOWS\System32\Wbem;C:\WINDOWS\System32\WindowsPowerShell\v1.0\;C:\WINDOWS\System32\OpenSSH\;C:\ProgramData\chocolatey\bin;C:\Program Files (x86)\WiX Toolset v3.7\bin;C:\Program Files\dotnet\;C:\Program Files\Zulu\zulu-11\bin\;C:\Program Files (x86)\Windows Kits\10\bin\10.0.19041.0\x64;C:\Program Files (x86)\Windows Kits\10\bin\10.0.18362.0\x64;C:\Program Files (x86)\Windows Kits\10\bin\10.0.17763.0\x64;C:\Program Files (x86)\Windows Kits\10\bin\x64;C:\Strawberry\c\bin;C:\Strawberry\perl\site\bin;C:\Strawberry\perl\bin;C:\Program Files\Git\cmd;C:\Program Files\Git\usr\bin;C:\Program Files\Git\mingw64\bin;C:\Program Files\Git\bin;C:\Python38\;C:\Python38\Scripts;C:\StoreBoxClientWindows;C:\Program Files\Electric Cloud\ElectricCommander\bin;C:\Program Files\WinRAR;C:\Program Files\7-Zip;C:\Users\Administrator\AppData\Local\Microsoft\WindowsApps;C:\Users\Administrator\.dotnet\tools;C:\Program Files\Microsoft Visual Studio\2022\Professional\Common7\IDE\CommonExtensions\Microsoft\CMake\CMake\bin;C:\Program Files\Microsoft Visual Studio\2022\Professional\Common7\IDE\CommonExtensions\Microsoft\CMake\Ninja;C:\Program Files\Microsoft Visual Studio\2022\Professional\Common7\IDE\VC\Linux\bin\ConnectionManagerExe
[2023-11-21T16:52:06.295Z]     [1/107] Building CXX object lib\flowViewport\CMakeFiles\flowViewport.dir\sceneIndex\fvpPathInterface.cpp.obj
[2023-11-21T16:52:07.023Z]     [2/107] Building CXX object lib\flowViewport\CMakeFiles\flowViewport.dir\tokens.cpp.obj
[2023-11-21T16:52:07.023Z]     [3/107] Building CXX object lib\flowViewport\CMakeFiles\flowViewport.dir\colorPreferences\fvpColorPreferences.cpp.obj
[2023-11-21T16:52:07.023Z]     [4/107] Building CXX object lib\flowViewport\CMakeFiles\flowViewport.dir\debugCodes.cpp.obj
[2023-11-21T16:52:07.023Z]     [5/107] Building CXX object lib\flowViewport\CMakeFiles\flowViewport.dir\colorPreferences\fvpColorPreferencesTokens.cpp.obj
[2023-11-21T16:52:07.386Z]     [6/107] Building CXX object lib\flowViewport\CMakeFiles\flowViewport.dir\API\interfacesImp\fvpVersionInterfaceImp.cpp.obj
[2023-11-21T16:52:07.386Z]     [7/107] Building CXX object lib\flowViewport\CMakeFiles\flowViewport.dir\selection\fvpSelectionFwd.cpp.obj
[2023-11-21T16:52:07.763Z]     [8/107] Building CXX object lib\flowViewport\CMakeFiles\flowViewport.dir\colorPreferences\fvpColorChanged.cpp.obj
[2023-11-21T16:52:08.246Z]     [9/107] Building CXX object lib\flowViewport\CMakeFiles\flowViewport.dir\API\interfacesImp\fvpSelectionInterfaceImp.cpp.obj
[2023-11-21T16:52:08.246Z]     [10/107] Building CXX object lib\flowViewport\CMakeFiles\flowViewport.dir\API\samples\fvpSelectionClientExample.cpp.obj
[2023-11-21T16:52:08.246Z]     [11/107] Building CXX object lib\mayaHydra\ufeExtensions\CMakeFiles\ufeExtensions.dir\Global.cpp.obj
[2023-11-21T16:52:09.021Z]     [12/107] Building CXX object test\lib\mayaUsd\render\mayaToHydra\cpp\CMakeFiles\mayaHydraCppTests.dir\testCppFramework.cpp.obj
[2023-11-21T16:52:09.415Z]     [13/107] Linking CXX shared library lib\mayaHydra\ufeExtensions\ufeExtensions.dll
[2023-11-21T16:52:10.701Z]     [14/107] Building CXX object test\lib\mayaUsd\render\mayaToHydra\cpp\CMakeFiles\mayaHydraCppTests.dir\testColorPreferences.cpp.obj
[2023-11-21T16:52:11.129Z]     [15/107] Building CXX object test\lib\mayaUsd\render\mayaToHydra\cpp\CMakeFiles\mayaHydraCppTests.dir\mayaHydraCppTestsCmd.cpp.obj
[2023-11-21T16:52:11.868Z]     [16/107] Building CXX object lib\flowViewport\CMakeFiles\flowViewport.dir\sceneIndex\fvpMergingSceneIndex.cpp.obj
[2023-11-21T16:52:11.868Z]     [17/107] Building CXX object lib\flowViewport\CMakeFiles\flowViewport.dir\sceneIndex\fvpPathInterfaceSceneIndex.cpp.obj
[2023-11-21T16:52:12.302Z]     [18/107] Building CXX object lib\flowViewport\CMakeFiles\flowViewport.dir\API\samples\fvpInformationClientExample.cpp.obj
[2023-11-21T16:52:12.302Z]     [19/107] Building CXX object lib\flowViewport\CMakeFiles\flowViewport.dir\sceneIndex\fvpSelectionSceneIndex.cpp.obj
[2023-11-21T16:52:12.716Z]     [20/107] Building CXX object lib\flowViewport\CMakeFiles\flowViewport.dir\API\perViewportSceneIndicesData\fvpViewportInformationAndSceneIndicesPerViewportData.cpp.obj
[2023-11-21T16:52:13.132Z]     [21/107] Building CXX object lib\flowViewport\CMakeFiles\flowViewport.dir\API\interfacesImp\fvpInformationInterfaceImp.cpp.obj
[2023-11-21T16:52:13.132Z]     [22/107] Building CXX object lib\flowViewport\CMakeFiles\flowViewport.dir\selection\fvpSelection.cpp.obj
[2023-11-21T16:52:13.132Z]     [23/107] Building CXX object lib\flowViewport\CMakeFiles\flowViewport.dir\sceneIndex\fvpWireframeSelectionHighlightSceneIndex.cpp.obj
[2023-11-21T16:52:14.107Z]     [24/107] Building CXX object lib\mayaHydra\mayaPlugin\CMakeFiles\mayaHydra.dir\pluginDebugCodes.cpp.obj
[2023-11-21T16:52:14.107Z]     [25/107] Building CXX object lib\flowViewport\CMakeFiles\flowViewport.dir\selection\fvpSelectionTracker.cpp.obj
[2023-11-21T16:52:14.107Z]     [26/107] Building CXX object lib\flowViewport\CMakeFiles\flowViewport.dir\selection\fvpSelectionTask.cpp.obj
[2023-11-21T16:52:14.543Z]     [27/107] Building CXX object lib\flowViewport\CMakeFiles\flowViewport.dir\sceneIndex\fvpRenderIndexProxy.cpp.obj
[2023-11-21T16:52:14.543Z]     [28/107] Building CXX object test\lib\mayaUsd\render\mayaToHydra\cpp\CMakeFiles\mayaHydraCppTests.dir\testMayaSceneFlattening.cpp.obj
[2023-11-21T16:52:14.913Z]     [29/107] Building CXX object lib\mayaHydra\mayaPlugin\CMakeFiles\mayaHydra.dir\colorNotFoundException.cpp.obj
[2023-11-21T16:52:15.378Z]     [30/107] Building CXX object lib\mayaHydra\hydraExtensions\CMakeFiles\mayaHydraLib.dir\mayaUtils.cpp.obj
[2023-11-21T16:52:15.378Z]     [31/107] Building CXX object lib\mayaHydra\mayaPlugin\CMakeFiles\mayaHydra.dir\mayaColorPreferencesTranslator.cpp.obj
[2023-11-21T16:52:15.378Z]     [32/107] Building CXX object lib\flowViewport\CMakeFiles\flowViewport.dir\API\perViewportSceneIndicesData\fvpViewportInformationAndSceneIndicesPerViewportDataManager.cpp.obj
[2023-11-21T16:52:16.309Z]     [33/107] Building CXX object lib\mayaHydra\hydraExtensions\CMakeFiles\mayaHydraLib.dir\debugCodes.cpp.obj
[2023-11-21T16:52:16.309Z]     [34/107] Building CXX object lib\mayaHydra\mayaPlugin\CMakeFiles\mayaHydra.dir\tokens.cpp.obj
[2023-11-21T16:52:16.742Z]     [35/107] Building CXX object test\lib\mayaUsd\render\mayaToHydra\cpp\CMakeFiles\mayaHydraCppTests.dir\testMayaUsdUfeItems.cpp.obj
[2023-11-21T16:52:17.469Z]     [36/107] Building CXX object test\lib\mayaUsd\render\mayaToHydra\cpp\CMakeFiles\mayaHydraCppTests.dir\testFvpViewportInformationMultipleViewports.cpp.obj
[2023-11-21T16:52:17.469Z]     [37/107] Building CXX object test\lib\mayaUsd\render\mayaToHydra\cpp\CMakeFiles\mayaHydraCppTests.dir\testFvpViewportInformationRendererSwitching.cpp.obj
[2023-11-21T16:52:18.273Z]     [38/107] Building CXX object test\lib\mayaUsd\render\mayaToHydra\cpp\CMakeFiles\mayaHydraCppTests.dir\testUtils.cpp.obj
[2023-11-21T16:52:19.058Z]     [39/107] Building CXX object test\lib\mayaUsd\render\mayaToHydra\cpp\CMakeFiles\mayaHydraCppTests.dir\testSelectionSceneIndex.cpp.obj
[2023-11-21T16:52:19.440Z]     [40/107] Building CXX object test\lib\mayaUsd\render\mayaToHydra\cpp\CMakeFiles\mayaHydraCppTests.dir\testWireframeSelectionHighlightSceneIndex.cpp.obj
[2023-11-21T16:52:20.741Z]     [41/107] Building CXX object lib\mayaHydra\hydraExtensions\CMakeFiles\mayaHydraLib.dir\mayaHydraLibInterfaceImp.cpp.obj
[2023-11-21T16:52:20.741Z]     [42/107] Building CXX object lib\mayaHydra\hydraExtensions\CMakeFiles\mayaHydraLib.dir\hydraUtils.cpp.obj
[2023-11-21T16:52:20.741Z]     [43/107] Building CXX object lib\mayaHydra\hydraExtensions\CMakeFiles\mayaHydraLib.dir\mhBuildInfo.cpp.obj
[2023-11-21T16:52:21.553Z]     [44/107] Building CXX object lib\mayaHydra\mayaPlugin\CMakeFiles\mayaHydra.dir\pluginUtils.cpp.obj
[2023-11-21T16:52:21.553Z]     [45/107] Building CXX object lib\mayaHydra\hydraExtensions\CMakeFiles\mayaHydraLib.dir\adapters\adapterDebugCodes.cpp.obj
[2023-11-21T16:52:21.942Z]     [46/107] Building CXX object test\lib\mayaUsd\render\mayaToHydra\cpp\CMakeFiles\mayaHydraCppTests.dir\testMergingSceneIndex.cpp.obj
[2023-11-21T16:52:23.151Z]     [47/107] Building CXX object lib\mayaHydra\mayaPlugin\CMakeFiles\mayaHydra.dir\plugin.cpp.obj
[2023-11-21T16:52:26.246Z]     [48/107] Building CXX object lib\mayaHydra\mayaPlugin\CMakeFiles\mayaHydra.dir\viewCommand.cpp.obj
[2023-11-21T16:52:26.638Z]     [49/107] Building CXX object lib\mayaHydra\hydraExtensions\CMakeFiles\mayaHydraLib.dir\mixedUtils.cpp.obj
[2023-11-21T16:52:26.638Z]     [50/107] Building CXX object lib\mayaHydra\mayaPlugin\CMakeFiles\mayaHydra.dir\renderGlobals.cpp.obj
[2023-11-21T16:52:26.638Z]     [51/107] Building CXX object lib\mayaHydra\mayaPlugin\CMakeFiles\mayaHydra.dir\renderOverride.cpp.obj
[2023-11-21T16:52:27.596Z]     [52/107] Building CXX object lib\mayaHydra\hydraExtensions\CMakeFiles\mayaHydraLib.dir\adapters\lightAdapter.cpp.obj
[2023-11-21T16:52:27.965Z]     [53/107] Building CXX object lib\mayaHydra\hydraExtensions\CMakeFiles\mayaHydraLib.dir\adapters\renderItemAdapter.cpp.obj
[2023-11-21T16:52:27.965Z]     [54/107] Building CXX object lib\mayaHydra\hydraExtensions\CMakeFiles\mayaHydraLib.dir\adapters\cameraAdapter.cpp.obj
[2023-11-21T16:52:27.965Z]     [55/107] Building CXX object lib\mayaHydra\hydraExtensions\CMakeFiles\mayaHydraLib.dir\adapters\mayaAttrs.cpp.obj
[2023-11-21T16:52:28.682Z]     [56/107] Building CXX object lib\mayaHydra\hydraExtensions\CMakeFiles\mayaHydraLib.dir\adapters\directionalLightAdapter.cpp.obj
[2023-11-21T16:52:28.682Z]     [57/107] Building CXX object lib\mayaHydra\hydraExtensions\CMakeFiles\mayaHydraLib.dir\adapters\dagAdapter.cpp.obj
[2023-11-21T16:52:29.570Z]     [58/107] Building CXX object lib\mayaHydra\hydraExtensions\CMakeFiles\mayaHydraLib.dir\adapters\tokens.cpp.obj
[2023-11-21T16:52:29.570Z]     [59/107] Building CXX object lib\mayaHydra\hydraExtensions\CMakeFiles\mayaHydraLib.dir\delegates\delegateDebugCodes.cpp.obj
[2023-11-21T16:52:30.338Z]     [60/107] Building CXX object lib\mayaHydra\hydraExtensions\CMakeFiles\mayaHydraLib.dir\adapters\areaLightAdapter.cpp.obj
[2023-11-21T16:52:30.338Z]     [61/107] Building CXX object lib\mayaHydra\hydraExtensions\CMakeFiles\mayaHydraLib.dir\adapters\adapter.cpp.obj
[2023-11-21T16:52:31.050Z]     [62/107] Building CXX object lib\flowViewport\CMakeFiles\flowViewport.dir\global.cpp.obj
[2023-11-21T16:52:31.484Z]     [63/107] Linking CXX shared library lib\flowViewport\flowViewport.dll
[2023-11-21T16:52:32.743Z]     [64/107] Building CXX object lib\mayaHydra\hydraExtensions\CMakeFiles\mayaHydraLib.dir\adapters\adapterRegistry.cpp.obj
[2023-11-21T16:52:33.093Z]     [65/107] Building CXX object lib\mayaHydra\hydraExtensions\CMakeFiles\mayaHydraLib.dir\adapters\aiSkydomeLightAdapter.cpp.obj
[2023-11-21T16:52:33.807Z]     [66/107] Building CXX object lib\mayaHydra\hydraExtensions\CMakeFiles\mayaHydraLib.dir\adapters\materialNetworkConverter.cpp.obj
[2023-11-21T16:52:35.193Z]     [67/107] Building CXX object lib\mayaHydra\hydraExtensions\CMakeFiles\mayaHydraLib.dir\adapters\meshAdapter.cpp.obj
[2023-11-21T16:52:35.564Z]     [68/107] Building CXX object lib\mayaHydra\hydraExtensions\CMakeFiles\mayaHydraLib.dir\mayaHydraSceneProducer.cpp.obj
[2023-11-21T16:52:38.063Z]     [69/107] Building CXX object lib\mayaHydra\hydraExtensions\CMakeFiles\mayaHydraLib.dir\delegates\delegate.cpp.obj
[2023-11-21T16:52:38.063Z]     [70/107] Building CXX object lib\mayaHydra\hydraExtensions\CMakeFiles\mayaHydraLib.dir\adapters\shapeAdapter.cpp.obj
[2023-11-21T16:52:38.063Z]     [71/107] Building CXX object lib\mayaHydra\hydraExtensions\CMakeFiles\mayaHydraLib.dir\adapters\nurbsCurveAdapter.cpp.obj
[2023-11-21T16:52:38.460Z]     [72/107] Building CXX object lib\mayaHydra\hydraExtensions\CMakeFiles\mayaHydraLib.dir\adapters\pointLightAdapter.cpp.obj
[2023-11-21T16:52:38.460Z]     [73/107] Building CXX object lib\mayaHydra\hydraExtensions\CMakeFiles\mayaHydraLib.dir\delegates\delegateCtx.cpp.obj
[2023-11-21T16:52:38.460Z]     [74/107] Building CXX object lib\mayaHydra\hydraExtensions\CMakeFiles\mayaHydraLib.dir\adapters\materialAdapter.cpp.obj
[2023-11-21T16:52:39.219Z]     [75/107] Building CXX object lib\mayaHydra\hydraExtensions\CMakeFiles\mayaHydraLib.dir\sceneIndex\mayaHydraPrimvarDataSource.cpp.obj
[2023-11-21T16:52:39.554Z]     [76/107] Building CXX object lib\mayaHydra\hydraExtensions\CMakeFiles\mayaHydraLib.dir\adapters\spotLightAdapter.cpp.obj
[2023-11-21T16:52:41.274Z]     [77/107] Building CXX object lib\mayaHydra\hydraExtensions\CMakeFiles\mayaHydraLib.dir\sceneIndex\mayaHydraLightDataSource.cpp.obj
[2023-11-21T16:52:42.127Z]     [78/107] Building CXX object lib\mayaHydra\hydraExtensions\CMakeFiles\mayaHydraLib.dir\sceneIndex\mayaHydraDefaultLightDataSource.cpp.obj
[2023-11-21T16:52:42.459Z]     [79/107] Building CXX object lib\mayaHydra\hydraExtensions\CMakeFiles\mayaHydraLib.dir\sceneIndex\mayaHydraCameraDataSource.cpp.obj
[2023-11-21T16:52:43.270Z]     [80/107] Automatic MOC for target adskHydraSceneBrowser
[2023-11-21T16:52:43.601Z]     [81/107] Building CXX object lib\mayaHydra\hydraExtensions\CMakeFiles\mayaHydraLib.dir\sceneIndex\registration.cpp.obj
[2023-11-21T16:52:44.839Z]     [82/107] Building CXX object lib\mayaHydra\hydraExtensions\CMakeFiles\mayaHydraLib.dir\sceneIndex\mayaHydraDisplayStyleDataSource.cpp.obj
[2023-11-21T16:52:45.678Z]     [83/107] Building CXX object lib\mayaHydra\hydraExtensions\CMakeFiles\mayaHydraLib.dir\delegates\sceneDelegate.cpp.obj
[2023-11-21T16:52:48.064Z]     [84/107] Building CXX object lib\mayaHydra\hydraExtensions\CMakeFiles\mayaHydraLib.dir\delegates\testDelegate.cpp.obj
[2023-11-21T16:52:48.449Z]     [85/107] Building CXX object lib\mayaHydra\hydraExtensions\CMakeFiles\mayaHydraLib.dir\delegates\delegateRegistry.cpp.obj
[2023-11-21T16:52:50.324Z]     [86/107] Building CXX object lib\mayaHydra\hydraExtensions\CMakeFiles\mayaHydraLib.dir\sceneIndex\mayaHydraDataSource.cpp.obj
[2023-11-21T16:52:50.324Z]     [87/107] Building CXX object lib\adskHydraSceneBrowser\lib\CMakeFiles\adskHydraSceneBrowser.dir\src\patch\registeredSceneIndexChooser.cpp.obj
[2023-11-21T16:52:50.655Z]     [88/107] Building CXX object lib\adskHydraSceneBrowser\lib\CMakeFiles\adskHydraSceneBrowser.dir\src\patch\dataSourceValueTreeView.cpp.obj
[2023-11-21T16:52:50.655Z]     [89/107] Building CXX object lib\adskHydraSceneBrowser\lib\CMakeFiles\adskHydraSceneBrowser.dir\src\patch\sceneIndexObserverLoggingTreeView.cpp.obj
[2023-11-21T16:52:50.656Z]     [90/107] Building CXX object lib\adskHydraSceneBrowser\lib\CMakeFiles\adskHydraSceneBrowser.dir\src\patch\sceneIndexObserverLoggingWidget.cpp.obj
[2023-11-21T16:52:50.988Z]     [91/107] Building CXX object lib\mayaHydra\hydraExtensions\CMakeFiles\mayaHydraLib.dir\delegates\defaultLightDelegate.cpp.obj
[2023-11-21T16:52:51.322Z]     [92/107] Building CXX object lib\adskHydraSceneBrowser\lib\CMakeFiles\adskHydraSceneBrowser.dir\src\patch\sceneIndexDebuggerWidget.cpp.obj
[2023-11-21T16:52:51.322Z]     [93/107] Building CXX object lib\adskHydraSceneBrowser\lib\CMakeFiles\adskHydraSceneBrowser.dir\src\patch\sceneIndexTreeWidget.cpp.obj
[2023-11-21T16:52:51.322Z]     [94/107] Building CXX object lib\adskHydraSceneBrowser\lib\CMakeFiles\adskHydraSceneBrowser.dir\adskHydraSceneBrowser_autogen\mocs_compilation.cpp.obj
[2023-11-21T16:52:51.322Z]     [95/107] Building CXX object lib\adskHydraSceneBrowser\lib\CMakeFiles\adskHydraSceneBrowser.dir\src\patch\dataSourceTreeWidget.cpp.obj
[2023-11-21T16:52:51.702Z]     [96/107] Building CXX object lib\mayaHydra\hydraExtensions\CMakeFiles\mayaHydraLib.dir\sceneIndex\mayaHydraSceneIndex.cpp.obj
[2023-11-21T16:52:52.034Z]     [97/107] Building CXX object lib\adskHydraSceneBrowser\test\CMakeFiles\adskHydraSceneBrowserTesting.dir\adskHydraSceneBrowserTestFixture.cpp.obj
[2023-11-21T16:52:52.034Z]     [98/107] Linking CXX shared library lib\adskHydraSceneBrowser\lib\adskHydraSceneBrowser.dll
[2023-11-21T16:52:53.193Z]     [99/107] Building CXX object lib\adskHydraSceneBrowser\test\CMakeFiles\adskHydraSceneBrowserTesting.dir\adskHydraSceneBrowserTesting.cpp.obj
[2023-11-21T16:52:53.193Z]     [100/107] Linking CXX shared library lib\mayaHydra\hydraExtensions\mayaHydraLib.dll
[2023-11-21T16:52:53.193Z]     [101/107] Building CXX object plugin\mayaHydraSceneBrowser\CMakeFiles\mayaHydraSceneBrowser.dir\mayaHydraSceneBrowser.cpp.obj
[2023-11-21T16:52:53.978Z]     [102/107] Linking CXX shared library test\lib\mayaUsd\render\mayaToHydra\cpp\mayaHydraCppTests.mll
[2023-11-21T16:52:53.978Z]     [103/107] Linking CXX shared library lib\adskHydraSceneBrowser\test\adskHydraSceneBrowserTesting.dll
[2023-11-21T16:52:53.978Z]     [104/107] Linking CXX shared library lib\mayaHydra\mayaPlugin\mayaHydra.mll
[2023-11-21T16:52:53.978Z]     [105/107] Linking CXX shared library plugin\mayaHydraSceneBrowser\mayaHydraSceneBrowser.mll
[2023-11-21T16:52:53.978Z]     [106/107] Building CXX object plugin\mayaHydraSceneBrowserTest\CMakeFiles\mayaHydraSceneBrowserTest.dir\mayaHydraSceneBrowserTestCmd.cpp.obj
[2023-11-21T16:52:54.790Z]     [107/107] Linking CXX shared library plugin\mayaHydraSceneBrowserTest\mayaHydraSceneBrowserTest.mll
[2023-11-21T16:52:54.790Z]     
[2023-11-21T16:52:54.790Z]         Building with settings:
[2023-11-21T16:52:54.790Z]           Source directory          S:\Jenkins\workspace\ECP\ecg-maya-hydra\ecg-maya-hydra-branch-preflight-python3-windows\ecg-maya-hydra\maya-hydra
[2023-11-21T16:52:54.790Z]           Workspace directory       W:\
[2023-11-21T16:52:54.790Z]           Build directory           W:\build\Debug
[2023-11-21T16:52:54.790Z]           Install directory         W:\install\Debug\MayaHydra
[2023-11-21T16:52:54.790Z]           Variant                   Debug
[2023-11-21T16:52:54.790Z]           Python Debug              On
[2023-11-21T16:52:54.790Z]           CMake generator           Ninja
[2023-11-21T16:52:54.790Z]           Build arguments           ['-DCMAKE_MAKE_PROGRAM=P:/shared/Artifactory/Windows/ninja/1.10.2/ccacdf8/ninja.exe', '-DPYTHON_INCLUDE_DIR=P:/shared/Artifactory/Windows/rundev-master-debug/202311130621/runtime/229465b/runTime/include/Python311/Python', '-DPython_EXECUTABLE=P:/shared/Artifactory/Windows/rundev-master-debug/202311130621/runtime/229465b/runTime/bin/mayapy.exe', '-DPYTHON_LIBRARIES=P:/shared/Artifactory/Windows/rundev-master-debug/202311130621/runtime/229465b/runTime/lib/python311_d.lib', '-DBUILD_WITH_PYTHON_3_VERSION=3.11', '-DCMAKE_WANT_MATERIALX_BUILD=ON', '-DCMAKE_PREFIX_PATH=P:\\shared\\Artifactory\\Windows\\USD\\01f407c', '-DMAYAHYDRA_BUILD_NUMBER=411', '-DMAYAHYDRA_GIT_COMMIT=dc2f04ad856bbd718ecc1f9c48e6fc1b3807c687', '-DMAYAHYDRA_GIT_BRANCH=master']
[2023-11-21T16:52:54.790Z]           Stages arguments          ['build']
[2023-11-21T16:52:54.790Z]           CTest arguments           ['--parallel 16']
[2023-11-21T16:52:54.790Z]     Success MayaHydra build and install !!!!
[2023-11-21T16:52:54.790Z]     Elapsed time: 00:00:49
[Pipeline] bat
[2023-11-21T16:52:55.367Z] Deleting alias drive W:
[Pipeline] bat
[2023-11-21T16:52:55.948Z] Deleting alias drive P:
[Pipeline] bat
[2023-11-21T16:52:56.563Z] Creating alias drive P: to S:\jenkins\workspace
[Pipeline] bat
[2023-11-21T16:52:57.148Z] Creating alias drive W: to S:\Jenkins\workspace\ECP\ecg-maya-hydra\ecg-maya-hydra-branch-preflight-python3-windows
[Pipeline] bat
[2023-11-21T16:52:57.899Z] "C:\Program Files\Microsoft Visual Studio\2022\Professional\VC\Auxiliary\Build\vcvarsall.bat" x64
[2023-11-21T16:52:58.230Z] **********************************************************************
[2023-11-21T16:52:58.230Z] ** Visual Studio 2022 Developer Command Prompt v17.3.2
[2023-11-21T16:52:58.230Z] ** Copyright (c) 2022 Microsoft Corporation
[2023-11-21T16:52:58.230Z] **********************************************************************
[2023-11-21T16:52:59.385Z] [vcvarsall.bat] Environment initialized for: 'x64'
[2023-11-21T16:52:59.385Z] python ecg-maya-hydra/build.py --stages=build --workspace-dir=W:\ --artifactory-dir=P:\shared\Artifactory --build-dir=W:\build --install-dir=W:\install --signing-dir=W:\signing --package-dir=W:\package --output-dir=W:\output --stash-dir=W:\stash --jenkins-build=411 --git-commit=dc2f04ad856bbd718ecc1f9c48e6fc1b3807c687 --git-branch=master --variants=RelWithDebInfo --interactive-tests=true --post-zips=false --osx-binary-architecture-target=ub2 --osx-deployment-target=11.0 --osx-base-sdk=CurrentActiveSDK --build-retry=3 --maya-cut-config=maya-rundev-master.yaml --maya-package=rundev-master --stage-banner
[2023-11-21T16:53:00.538Z] Using Maya cut from P:\shared\Artifactory\Windows\rundev-master\202311130812\runtime\4053eca
[2023-11-21T16:53:00.538Z] Using Maya ADSK Signatures from P:\shared\Artifactory\Windows\adsk-plugin-signatures-maya\2023\3ae1ae7
[2023-11-21T16:53:00.538Z] Using Maya Security Library from P:\shared\Artifactory\Windows\maya-security-library\3.4.0\284407f
[2023-11-21T16:53:00.538Z] 
[2023-11-21T16:53:00.538Z] ================================================================================
[2023-11-21T16:53:00.538Z]                              build (RelWithDebInfo)
[2023-11-21T16:53:00.538Z] ================================================================================
[2023-11-21T16:53:00.538Z] Maya Python RelWithDebInfo Info:
[2023-11-21T16:53:00.538Z]   mayapy executable   = P:\shared\Artifactory\Windows\rundev-master\202311130812\runtime\4053eca\runTime\bin\mayapy.exe
[2023-11-21T16:53:00.538Z]   Include Folder      = P:\shared\Artifactory\Windows\rundev-master\202311130812\runtime\4053eca\runTime\include\Python311\Python
[2023-11-21T16:53:00.538Z]   Library             = P:\shared\Artifactory\Windows\rundev-master\202311130812\runtime\4053eca\runTime\lib\python311.lib
[2023-11-21T16:53:00.538Z]   site-package Folder = P:\shared\Artifactory\Windows\rundev-master\202311130812\runtime\4053eca\runTime\Python\Lib\site-packages
[2023-11-21T16:53:01.779Z] In workdir: S:\Jenkins\workspace\ECP\ecg-maya-hydra\ecg-maya-hydra-branch-preflight-python3-windows\ecg-maya-hydra\maya-hydra
[2023-11-21T16:53:01.779Z] Executing: 'P:\\shared\\Artifactory\\Windows\\rundev-master\\202311130812\\runtime\\4053eca\\runTime\\bin\\mayapy.exe' 'S:\\Jenkins\\workspace\\ECP\\ecg-maya-hydra\\ecg-maya-hydra-branch-preflight-python3-windows\\ecg-maya-hydra\\maya-hydra\\build.py' --generator Ninja --build-relwithdebug --maya-location 'P:\\shared\\Artifactory\\Windows\\rundev-master\\202311130812\\runtime\\4053eca\\runTime' --devkit-location 'P:\\shared\\Artifactory\\Windows\\rundev-master\\202311130812\\runtime\\4053eca\\devkitBase' --pxrusd-location 'P:\\shared\\Artifactory\\Windows\\USD\\6a9558d' '--build-args=-DCMAKE_MAKE_PROGRAM=P:/shared/Artifactory/Windows/ninja/1.10.2/ccacdf8/ninja.exe,-DPYTHON_INCLUDE_DIR=P:/shared/Artifactory/Windows/rundev-master/202311130812/runtime/4053eca/runTime/include/Python311/Python,-DPython_EXECUTABLE=P:/shared/Artifactory/Windows/rundev-master/202311130812/runtime/4053eca/runTime/bin/mayapy.exe,-DPYTHON_LIBRARIES=P:/shared/Artifactory/Windows/rundev-master/202311130812/runtime/4053eca/runTime/lib/python311.lib,-DBUILD_WITH_PYTHON_3_VERSION=3.11,-DCMAKE_WANT_MATERIALX_BUILD=ON,-DCMAKE_PREFIX_PATH=P:\\shared\\Artifactory\\Windows\\USD\\6a9558d,-DMAYAHYDRA_BUILD_NUMBER=411,-DMAYAHYDRA_GIT_COMMIT=dc2f04ad856bbd718ecc1f9c48e6fc1b3807c687,-DMAYAHYDRA_GIT_BRANCH=master' '--ctest-args=--parallel 16' --stages=build --redirect-outstream-file=False --install-location 'W:\\install\\RelWithDebInfo\\MayaHydra' 'W:\\'
[2023-11-21T16:53:01.779Z] Modified environment variables:
[2023-11-21T16:53:01.779Z]     PATH=P:\shared\Artifactory\Windows\cmake\3.20.3\afe857a\bin;C:\Python27\lib\site-packages\pywin32_system32;C:\Program Files\Microsoft Visual Studio\2022\Professional\VC\Tools\MSVC\14.33.31629\bin\HostX64\x64;C:\Program Files\Microsoft Visual Studio\2022\Professional\Common7\IDE\VC\VCPackages;C:\Program Files\Microsoft Visual Studio\2022\Professional\Common7\IDE\CommonExtensions\Microsoft\TestWindow;C:\Program Files\Microsoft Visual Studio\2022\Professional\Common7\IDE\CommonExtensions\Microsoft\TeamFoundation\Team Explorer;C:\Program Files\Microsoft Visual Studio\2022\Professional\MSBuild\Current\bin\Roslyn;C:\Program Files\Microsoft Visual Studio\2022\Professional\Team Tools\Performance Tools\x64;C:\Program Files\Microsoft Visual Studio\2022\Professional\Team Tools\Performance Tools;C:\Program Files (x86)\Microsoft Visual Studio\Shared\Common\VSPerfCollectionTools\vs2019\\x64;C:\Program Files (x86)\Microsoft Visual Studio\Shared\Common\VSPerfCollectionTools\vs2019\;C:\Program Files (x86)\Microsoft SDKs\Windows\v10.0A\bin\NETFX 4.8 Tools\x64\;C:\Program Files (x86)\HTML Help Workshop;C:\Program Files\Microsoft Visual Studio\2022\Professional\Common7\IDE\CommonExtensions\Microsoft\FSharp\Tools;C:\Program Files (x86)\Windows Kits\10\bin\10.0.19041.0\\x64;C:\Program Files (x86)\Windows Kits\10\bin\\x64;C:\Program Files\Microsoft Visual Studio\2022\Professional\\MSBuild\Current\Bin\amd64;C:\WINDOWS\Microsoft.NET\Framework64\v4.0.30319;C:\Program Files\Microsoft Visual Studio\2022\Professional\Common7\IDE\;C:\Program Files\Microsoft Visual Studio\2022\Professional\Common7\Tools\;C:\Python27\;C:\Python27\Scripts;C:\WINDOWS\system32;C:\WINDOWS;C:\WINDOWS\System32\Wbem;C:\WINDOWS\System32\WindowsPowerShell\v1.0\;C:\WINDOWS\System32\OpenSSH\;C:\ProgramData\chocolatey\bin;C:\Program Files (x86)\WiX Toolset v3.7\bin;C:\Program Files\dotnet\;C:\Program Files\Zulu\zulu-11\bin\;C:\Program Files (x86)\Windows Kits\10\bin\10.0.19041.0\x64;C:\Program Files (x86)\Windows Kits\10\bin\10.0.18362.0\x64;C:\Program Files (x86)\Windows Kits\10\bin\10.0.17763.0\x64;C:\Program Files (x86)\Windows Kits\10\bin\x64;C:\Strawberry\c\bin;C:\Strawberry\perl\site\bin;C:\Strawberry\perl\bin;C:\Program Files\Git\cmd;C:\Program Files\Git\usr\bin;C:\Program Files\Git\mingw64\bin;C:\Program Files\Git\bin;C:\Python38\;C:\Python38\Scripts;C:\StoreBoxClientWindows;C:\Program Files\Electric Cloud\ElectricCommander\bin;C:\Program Files\WinRAR;C:\Program Files\7-Zip;C:\Users\Administrator\AppData\Local\Microsoft\WindowsApps;C:\Users\Administrator\.dotnet\tools;C:\Program Files\Microsoft Visual Studio\2022\Professional\Common7\IDE\CommonExtensions\Microsoft\CMake\CMake\bin;C:\Program Files\Microsoft Visual Studio\2022\Professional\Common7\IDE\CommonExtensions\Microsoft\CMake\Ninja;C:\Program Files\Microsoft Visual Studio\2022\Professional\Common7\IDE\VC\Linux\bin\ConnectionManagerExe
[2023-11-21T16:53:02.493Z]     [1/107] Building CXX object lib\flowViewport\CMakeFiles\flowViewport.dir\sceneIndex\fvpPathInterface.cpp.obj
[2023-11-21T16:53:02.493Z]     [2/107] Building CXX object lib\flowViewport\CMakeFiles\flowViewport.dir\API\interfacesImp\fvpVersionInterfaceImp.cpp.obj
[2023-11-21T16:53:03.676Z]     [3/107] Building CXX object lib\flowViewport\CMakeFiles\flowViewport.dir\tokens.cpp.obj
[2023-11-21T16:53:03.676Z]     [4/107] Building CXX object lib\flowViewport\CMakeFiles\flowViewport.dir\colorPreferences\fvpColorPreferencesTokens.cpp.obj
[2023-11-21T16:53:04.007Z]     [5/107] Building CXX object lib\flowViewport\CMakeFiles\flowViewport.dir\colorPreferences\fvpColorChanged.cpp.obj
[2023-11-21T16:53:04.007Z]     [6/107] Building CXX object lib\flowViewport\CMakeFiles\flowViewport.dir\global.cpp.obj
[2023-11-21T16:53:04.007Z]     [7/107] Building CXX object lib\flowViewport\CMakeFiles\flowViewport.dir\colorPreferences\fvpColorPreferences.cpp.obj
[2023-11-21T16:53:04.339Z]     [8/107] Building CXX object lib\flowViewport\CMakeFiles\flowViewport.dir\API\samples\fvpSelectionClientExample.cpp.obj
[2023-11-21T16:53:04.339Z]     [9/107] Building CXX object lib\flowViewport\CMakeFiles\flowViewport.dir\API\interfacesImp\fvpSelectionInterfaceImp.cpp.obj
[2023-11-21T16:53:05.124Z]     [10/107] Building CXX object lib\flowViewport\CMakeFiles\flowViewport.dir\selection\fvpSelectionFwd.cpp.obj
[2023-11-21T16:53:06.442Z]     [11/107] Building CXX object test\lib\mayaUsd\render\mayaToHydra\cpp\CMakeFiles\mayaHydraCppTests.dir\testCppFramework.cpp.obj
[2023-11-21T16:53:06.442Z]     [12/107] Building CXX object test\lib\mayaUsd\render\mayaToHydra\cpp\CMakeFiles\mayaHydraCppTests.dir\mayaHydraCppTestsCmd.cpp.obj
[2023-11-21T16:53:08.110Z]     [13/107] Building CXX object test\lib\mayaUsd\render\mayaToHydra\cpp\CMakeFiles\mayaHydraCppTests.dir\testColorPreferences.cpp.obj
[2023-11-21T16:53:08.443Z]     [14/107] Building CXX object lib\flowViewport\CMakeFiles\flowViewport.dir\API\samples\fvpInformationClientExample.cpp.obj
[2023-11-21T16:53:08.443Z]     [15/107] Building CXX object lib\flowViewport\CMakeFiles\flowViewport.dir\sceneIndex\fvpPathInterfaceSceneIndex.cpp.obj
[2023-11-21T16:53:08.443Z]     [16/107] Building CXX object lib\flowViewport\CMakeFiles\flowViewport.dir\sceneIndex\fvpMergingSceneIndex.cpp.obj
[2023-11-21T16:53:09.158Z]     [17/107] Building CXX object lib\flowViewport\CMakeFiles\flowViewport.dir\sceneIndex\fvpSelectionSceneIndex.cpp.obj
[2023-11-21T16:53:09.158Z]     [18/107] Building CXX object lib\flowViewport\CMakeFiles\flowViewport.dir\API\perViewportSceneIndicesData\fvpViewportInformationAndSceneIndicesPerViewportData.cpp.obj
[2023-11-21T16:53:09.490Z]     [19/107] Building CXX object lib\flowViewport\CMakeFiles\flowViewport.dir\API\interfacesImp\fvpInformationInterfaceImp.cpp.obj
[2023-11-21T16:53:09.822Z]     [20/107] Building CXX object lib\flowViewport\CMakeFiles\flowViewport.dir\sceneIndex\fvpWireframeSelectionHighlightSceneIndex.cpp.obj
[2023-11-21T16:53:10.567Z]     [21/107] Building CXX object lib\flowViewport\CMakeFiles\flowViewport.dir\sceneIndex\fvpRenderIndexProxy.cpp.obj
[2023-11-21T16:53:10.931Z]     [22/107] Building CXX object lib\flowViewport\CMakeFiles\flowViewport.dir\selection\fvpSelectionTracker.cpp.obj
[2023-11-21T16:53:10.931Z]     [23/107] Building CXX object lib\flowViewport\CMakeFiles\flowViewport.dir\selection\fvpSelection.cpp.obj
[2023-11-21T16:53:11.262Z]     [24/107] Building CXX object lib\flowViewport\CMakeFiles\flowViewport.dir\selection\fvpSelectionTask.cpp.obj
[2023-11-21T16:53:11.262Z]     [25/107] Building CXX object lib\mayaHydra\mayaPlugin\CMakeFiles\mayaHydra.dir\mayaColorPreferencesTranslator.cpp.obj
[2023-11-21T16:53:11.262Z]     [26/107] Building CXX object lib\mayaHydra\mayaPlugin\CMakeFiles\mayaHydra.dir\colorNotFoundException.cpp.obj
[2023-11-21T16:53:11.262Z]     [27/107] Building CXX object lib\flowViewport\CMakeFiles\flowViewport.dir\API\perViewportSceneIndicesData\fvpViewportInformationAndSceneIndicesPerViewportDataManager.cpp.obj
[2023-11-21T16:53:12.064Z]     [28/107] Building CXX object lib\mayaHydra\mayaPlugin\CMakeFiles\mayaHydra.dir\pluginDebugCodes.cpp.obj
[2023-11-21T16:53:12.420Z]     [29/107] Building CXX object lib\mayaHydra\hydraExtensions\CMakeFiles\mayaHydraLib.dir\debugCodes.cpp.obj
[2023-11-21T16:53:12.420Z]     [30/107] Building CXX object lib\mayaHydra\hydraExtensions\CMakeFiles\mayaHydraLib.dir\mayaUtils.cpp.obj
[2023-11-21T16:53:14.149Z]     [31/107] Building CXX object test\lib\mayaUsd\render\mayaToHydra\cpp\CMakeFiles\mayaHydraCppTests.dir\testMayaSceneFlattening.cpp.obj
[2023-11-21T16:53:14.481Z]     [32/107] Building CXX object lib\mayaHydra\mayaPlugin\CMakeFiles\mayaHydra.dir\tokens.cpp.obj
[2023-11-21T16:53:14.481Z]     [33/107] Building CXX object test\lib\mayaUsd\render\mayaToHydra\cpp\CMakeFiles\mayaHydraCppTests.dir\testMayaUsdUfeItems.cpp.obj
[2023-11-21T16:53:14.815Z]     [34/107] Building CXX object test\lib\mayaUsd\render\mayaToHydra\cpp\CMakeFiles\mayaHydraCppTests.dir\testFvpViewportInformationMultipleViewports.cpp.obj
[2023-11-21T16:53:15.149Z]     [35/107] Building CXX object test\lib\mayaUsd\render\mayaToHydra\cpp\CMakeFiles\mayaHydraCppTests.dir\testFvpViewportInformationRendererSwitching.cpp.obj
[2023-11-21T16:53:15.488Z]     [36/107] Building CXX object test\lib\mayaUsd\render\mayaToHydra\cpp\CMakeFiles\mayaHydraCppTests.dir\testUtils.cpp.obj
[2023-11-21T16:53:15.488Z]     [37/107] Building CXX object test\lib\mayaUsd\render\mayaToHydra\cpp\CMakeFiles\mayaHydraCppTests.dir\testSelectionSceneIndex.cpp.obj
[2023-11-21T16:53:16.667Z]     [38/107] Building CXX object lib\mayaHydra\hydraExtensions\CMakeFiles\mayaHydraLib.dir\mhBuildInfo.cpp.obj
[2023-11-21T16:53:18.334Z]     [39/107] Building CXX object test\lib\mayaUsd\render\mayaToHydra\cpp\CMakeFiles\mayaHydraCppTests.dir\testWireframeSelectionHighlightSceneIndex.cpp.obj
[2023-11-21T16:53:18.334Z]     [40/107] Building CXX object lib\mayaHydra\hydraExtensions\CMakeFiles\mayaHydraLib.dir\mayaHydraLibInterfaceImp.cpp.obj
[2023-11-21T16:53:19.048Z]     [41/107] Building CXX object lib\mayaHydra\hydraExtensions\CMakeFiles\mayaHydraLib.dir\hydraUtils.cpp.obj
[2023-11-21T16:53:19.764Z]     [42/107] Building CXX object lib\mayaHydra\hydraExtensions\CMakeFiles\mayaHydraLib.dir\adapters\adapterDebugCodes.cpp.obj
[2023-11-21T16:53:20.112Z]     [43/107] Building CXX object lib\mayaHydra\mayaPlugin\CMakeFiles\mayaHydra.dir\pluginUtils.cpp.obj
[2023-11-21T16:53:20.826Z]     [44/107] Building CXX object test\lib\mayaUsd\render\mayaToHydra\cpp\CMakeFiles\mayaHydraCppTests.dir\testMergingSceneIndex.cpp.obj
[2023-11-21T16:53:21.552Z]     [45/107] Building CXX object lib\mayaHydra\mayaPlugin\CMakeFiles\mayaHydra.dir\plugin.cpp.obj
[2023-11-21T16:53:22.707Z]     [46/107] Building CXX object lib\mayaHydra\hydraExtensions\CMakeFiles\mayaHydraLib.dir\adapters\tokens.cpp.obj
[2023-11-21T16:53:22.707Z]     [47/107] Building CXX object lib\mayaHydra\hydraExtensions\CMakeFiles\mayaHydraLib.dir\mixedUtils.cpp.obj
[2023-11-21T16:53:24.374Z]     [48/107] Building CXX object lib\mayaHydra\mayaPlugin\CMakeFiles\mayaHydra.dir\renderOverride.cpp.obj
[2023-11-21T16:53:24.374Z]     [49/107] Building CXX object lib\mayaHydra\mayaPlugin\CMakeFiles\mayaHydra.dir\viewCommand.cpp.obj
[2023-11-21T16:53:25.132Z]     [50/107] Building CXX object lib\mayaHydra\mayaPlugin\CMakeFiles\mayaHydra.dir\renderGlobals.cpp.obj
[2023-11-21T16:53:25.464Z]     [51/107] Building CXX object lib\mayaHydra\hydraExtensions\CMakeFiles\mayaHydraLib.dir\adapters\mayaAttrs.cpp.obj
[2023-11-21T16:53:26.617Z]     [52/107] Building CXX object lib\mayaHydra\hydraExtensions\CMakeFiles\mayaHydraLib.dir\adapters\dagAdapter.cpp.obj
[2023-11-21T16:53:26.617Z]     [53/107] Building CXX object lib\mayaHydra\hydraExtensions\CMakeFiles\mayaHydraLib.dir\adapters\areaLightAdapter.cpp.obj
[2023-11-21T16:53:27.771Z]     [54/107] Building CXX object lib\mayaHydra\hydraExtensions\CMakeFiles\mayaHydraLib.dir\adapters\cameraAdapter.cpp.obj
[2023-11-21T16:53:28.102Z]     [55/107] Building CXX object lib\mayaHydra\hydraExtensions\CMakeFiles\mayaHydraLib.dir\adapters\renderItemAdapter.cpp.obj
[2023-11-21T16:53:29.256Z]     [56/107] Building CXX object lib\mayaHydra\hydraExtensions\CMakeFiles\mayaHydraLib.dir\adapters\adapter.cpp.obj
[2023-11-21T16:53:30.441Z]     [57/107] Building CXX object lib\mayaHydra\hydraExtensions\CMakeFiles\mayaHydraLib.dir\adapters\directionalLightAdapter.cpp.obj
[2023-11-21T16:53:32.183Z]     [58/107] Building CXX object lib\mayaHydra\hydraExtensions\CMakeFiles\mayaHydraLib.dir\adapters\shapeAdapter.cpp.obj
[2023-11-21T16:53:32.183Z]     [59/107] Building CXX object lib\mayaHydra\hydraExtensions\CMakeFiles\mayaHydraLib.dir\adapters\adapterRegistry.cpp.obj
[2023-11-21T16:53:33.339Z]     [60/107] Building CXX object lib\mayaHydra\hydraExtensions\CMakeFiles\mayaHydraLib.dir\delegates\delegate.cpp.obj
[2023-11-21T16:53:33.670Z]     [61/107] Building CXX object lib\mayaHydra\hydraExtensions\CMakeFiles\mayaHydraLib.dir\adapters\aiSkydomeLightAdapter.cpp.obj
[2023-11-21T16:53:34.383Z]     [62/107] Building CXX object lib\mayaHydra\hydraExtensions\CMakeFiles\mayaHydraLib.dir\delegates\delegateCtx.cpp.obj
[2023-11-21T16:53:36.697Z]     [63/107] Building CXX object lib\mayaHydra\hydraExtensions\CMakeFiles\mayaHydraLib.dir\adapters\spotLightAdapter.cpp.obj
[2023-11-21T16:53:37.869Z]     [64/107] Building CXX object lib\mayaHydra\hydraExtensions\CMakeFiles\mayaHydraLib.dir\mayaHydraSceneProducer.cpp.obj
[2023-11-21T16:53:39.081Z]     [65/107] Building CXX object lib\mayaHydra\hydraExtensions\CMakeFiles\mayaHydraLib.dir\adapters\nurbsCurveAdapter.cpp.obj
[2023-11-21T16:53:39.794Z]     [66/107] Building CXX object lib\mayaHydra\hydraExtensions\CMakeFiles\mayaHydraLib.dir\delegates\delegateDebugCodes.cpp.obj
[2023-11-21T16:53:40.240Z]     [67/107] Building CXX object lib\mayaHydra\hydraExtensions\CMakeFiles\mayaHydraLib.dir\adapters\materialAdapter.cpp.obj
[2023-11-21T16:53:40.954Z]     [68/107] Building CXX object lib\mayaHydra\hydraExtensions\CMakeFiles\mayaHydraLib.dir\adapters\meshAdapter.cpp.obj
[2023-11-21T16:53:40.954Z]     [69/107] Building CXX object lib\mayaHydra\hydraExtensions\CMakeFiles\mayaHydraLib.dir\adapters\pointLightAdapter.cpp.obj
[2023-11-21T16:53:41.533Z]     [70/107] Building CXX object lib\mayaHydra\hydraExtensions\CMakeFiles\mayaHydraLib.dir\adapters\lightAdapter.cpp.obj
[2023-11-21T16:53:42.249Z]     [71/107] Building CXX object lib\mayaHydra\hydraExtensions\CMakeFiles\mayaHydraLib.dir\sceneIndex\mayaHydraPrimvarDataSource.cpp.obj
[2023-11-21T16:53:42.249Z]     [72/107] Building CXX object lib\flowViewport\CMakeFiles\flowViewport.dir\debugCodes.cpp.obj
[2023-11-21T16:53:42.591Z]     [73/107] Building CXX object lib\mayaHydra\hydraExtensions\CMakeFiles\mayaHydraLib.dir\adapters\materialNetworkConverter.cpp.obj
[2023-11-21T16:53:43.303Z]     [74/107] Linking CXX shared library lib\flowViewport\flowViewport.dll
[2023-11-21T16:53:43.642Z]     [75/107] Building CXX object lib\mayaHydra\hydraExtensions\CMakeFiles\mayaHydraLib.dir\sceneIndex\mayaHydraLightDataSource.cpp.obj
[2023-11-21T16:53:43.976Z]     [76/107] Building CXX object lib\mayaHydra\hydraExtensions\CMakeFiles\mayaHydraLib.dir\sceneIndex\mayaHydraDataSource.cpp.obj
[2023-11-21T16:53:44.690Z]     [77/107] Building CXX object lib\mayaHydra\ufeExtensions\CMakeFiles\ufeExtensions.dir\Global.cpp.obj
[2023-11-21T16:53:45.402Z]     [78/107] Linking CXX shared library lib\mayaHydra\ufeExtensions\ufeExtensions.dll
[2023-11-21T16:53:45.734Z]     [79/107] Building CXX object lib\mayaHydra\hydraExtensions\CMakeFiles\mayaHydraLib.dir\sceneIndex\registration.cpp.obj
[2023-11-21T16:53:45.734Z]     [80/107] Building CXX object lib\mayaHydra\hydraExtensions\CMakeFiles\mayaHydraLib.dir\delegates\delegateRegistry.cpp.obj
[2023-11-21T16:53:46.888Z]     [81/107] Building CXX object lib\mayaHydra\hydraExtensions\CMakeFiles\mayaHydraLib.dir\sceneIndex\mayaHydraCameraDataSource.cpp.obj
[2023-11-21T16:53:46.888Z]     [82/107] Automatic MOC for target adskHydraSceneBrowser
[2023-11-21T16:53:47.601Z]     [83/107] Building CXX object lib\mayaHydra\hydraExtensions\CMakeFiles\mayaHydraLib.dir\sceneIndex\mayaHydraDefaultLightDataSource.cpp.obj
[2023-11-21T16:53:47.601Z]     [84/107] Building CXX object lib\mayaHydra\hydraExtensions\CMakeFiles\mayaHydraLib.dir\sceneIndex\mayaHydraDisplayStyleDataSource.cpp.obj
[2023-11-21T16:53:53.537Z]     [85/107] Building CXX object plugin\mayaHydraSceneBrowserTest\CMakeFiles\mayaHydraSceneBrowserTest.dir\mayaHydraSceneBrowserTestCmd.cpp.obj
[2023-11-21T16:53:54.350Z]     [86/107] Building CXX object lib\adskHydraSceneBrowser\lib\CMakeFiles\adskHydraSceneBrowser.dir\src\patch\registeredSceneIndexChooser.cpp.obj
[2023-11-21T16:53:54.350Z]     [87/107] Building CXX object lib\adskHydraSceneBrowser\lib\CMakeFiles\adskHydraSceneBrowser.dir\src\patch\sceneIndexObserverLoggingWidget.cpp.obj
[2023-11-21T16:53:54.689Z]     [88/107] Building CXX object lib\adskHydraSceneBrowser\lib\CMakeFiles\adskHydraSceneBrowser.dir\src\patch\sceneIndexObserverLoggingTreeView.cpp.obj
[2023-11-21T16:53:55.843Z]     [89/107] Building CXX object lib\adskHydraSceneBrowser\lib\CMakeFiles\adskHydraSceneBrowser.dir\src\patch\dataSourceValueTreeView.cpp.obj
[2023-11-21T16:53:55.843Z]     [90/107] Building CXX object plugin\mayaHydraSceneBrowser\CMakeFiles\mayaHydraSceneBrowser.dir\mayaHydraSceneBrowser.cpp.obj
[2023-11-21T16:53:55.843Z]     [91/107] Building CXX object lib\mayaHydra\hydraExtensions\CMakeFiles\mayaHydraLib.dir\delegates\sceneDelegate.cpp.obj
[2023-11-21T16:53:56.187Z]     [92/107] Building CXX object lib\adskHydraSceneBrowser\lib\CMakeFiles\adskHydraSceneBrowser.dir\src\patch\dataSourceTreeWidget.cpp.obj
[2023-11-21T16:53:56.187Z]     [93/107] Building CXX object lib\adskHydraSceneBrowser\lib\CMakeFiles\adskHydraSceneBrowser.dir\src\patch\sceneIndexTreeWidget.cpp.obj
[2023-11-21T16:53:56.187Z]     [94/107] Building CXX object lib\adskHydraSceneBrowser\lib\CMakeFiles\adskHydraSceneBrowser.dir\src\patch\sceneIndexDebuggerWidget.cpp.obj
[2023-11-21T16:53:56.187Z]     [95/107] Building CXX object lib\mayaHydra\hydraExtensions\CMakeFiles\mayaHydraLib.dir\delegates\testDelegate.cpp.obj
[2023-11-21T16:53:56.187Z]     [96/107] Building CXX object lib\adskHydraSceneBrowser\lib\CMakeFiles\adskHydraSceneBrowser.dir\adskHydraSceneBrowser_autogen\mocs_compilation.cpp.obj
[2023-11-21T16:53:56.519Z]     [97/107] Building CXX object lib\adskHydraSceneBrowser\test\CMakeFiles\adskHydraSceneBrowserTesting.dir\adskHydraSceneBrowserTesting.cpp.obj
[2023-11-21T16:53:56.860Z]     [98/107] Building CXX object lib\mayaHydra\hydraExtensions\CMakeFiles\mayaHydraLib.dir\sceneIndex\mayaHydraSceneIndex.cpp.obj
[2023-11-21T16:53:57.198Z]     [99/107] Building CXX object lib\adskHydraSceneBrowser\test\CMakeFiles\adskHydraSceneBrowserTesting.dir\adskHydraSceneBrowserTestFixture.cpp.obj
[2023-11-21T16:53:57.198Z]     [100/107] Linking CXX shared library lib\adskHydraSceneBrowser\lib\adskHydraSceneBrowser.dll
[2023-11-21T16:53:57.923Z]     [101/107] Building CXX object lib\mayaHydra\hydraExtensions\CMakeFiles\mayaHydraLib.dir\delegates\defaultLightDelegate.cpp.obj
[2023-11-21T16:53:57.923Z]     [102/107] Linking CXX shared library lib\adskHydraSceneBrowser\test\adskHydraSceneBrowserTesting.dll
[2023-11-21T16:53:59.082Z]     [103/107] Linking CXX shared library lib\mayaHydra\hydraExtensions\mayaHydraLib.dll
[2023-11-21T16:53:59.810Z]     [104/107] Linking CXX shared library plugin\mayaHydraSceneBrowserTest\mayaHydraSceneBrowserTest.mll
[2023-11-21T16:53:59.810Z]     [105/107] Linking CXX shared library plugin\mayaHydraSceneBrowser\mayaHydraSceneBrowser.mll
[2023-11-21T16:53:59.810Z]     [106/107] Linking CXX shared library test\lib\mayaUsd\render\mayaToHydra\cpp\mayaHydraCppTests.mll
[2023-11-21T16:53:59.810Z]     [107/107] Linking CXX shared library lib\mayaHydra\mayaPlugin\mayaHydra.mll
[2023-11-21T16:53:59.810Z]     
[2023-11-21T16:53:59.810Z]         Building with settings:
[2023-11-21T16:53:59.810Z]           Source directory          S:\Jenkins\workspace\ECP\ecg-maya-hydra\ecg-maya-hydra-branch-preflight-python3-windows\ecg-maya-hydra\maya-hydra
[2023-11-21T16:53:59.810Z]           Workspace directory       W:\
[2023-11-21T16:53:59.810Z]           Build directory           W:\build\RelWithDebInfo
[2023-11-21T16:53:59.810Z]           Install directory         W:\install\RelWithDebInfo\MayaHydra
[2023-11-21T16:53:59.810Z]           Variant                   RelWithDebInfo
[2023-11-21T16:53:59.810Z]           Python Debug              Off
[2023-11-21T16:53:59.810Z]           CMake generator           Ninja
[2023-11-21T16:53:59.810Z]           Build arguments           ['-DCMAKE_MAKE_PROGRAM=P:/shared/Artifactory/Windows/ninja/1.10.2/ccacdf8/ninja.exe', '-DPYTHON_INCLUDE_DIR=P:/shared/Artifactory/Windows/rundev-master/202311130812/runtime/4053eca/runTime/include/Python311/Python', '-DPython_EXECUTABLE=P:/shared/Artifactory/Windows/rundev-master/202311130812/runtime/4053eca/runTime/bin/mayapy.exe', '-DPYTHON_LIBRARIES=P:/shared/Artifactory/Windows/rundev-master/202311130812/runtime/4053eca/runTime/lib/python311.lib', '-DBUILD_WITH_PYTHON_3_VERSION=3.11', '-DCMAKE_WANT_MATERIALX_BUILD=ON', '-DCMAKE_PREFIX_PATH=P:\\shared\\Artifactory\\Windows\\USD\\6a9558d', '-DMAYAHYDRA_BUILD_NUMBER=411', '-DMAYAHYDRA_GIT_COMMIT=dc2f04ad856bbd718ecc1f9c48e6fc1b3807c687', '-DMAYAHYDRA_GIT_BRANCH=master']
[2023-11-21T16:53:59.810Z]           Stages arguments          ['build']
[2023-11-21T16:53:59.810Z]           CTest arguments           ['--parallel 16']
[2023-11-21T16:53:59.810Z]     Success MayaHydra build and install !!!!
[2023-11-21T16:53:59.810Z]     Elapsed time: 00:00:57
[Pipeline] bat
[2023-11-21T16:54:00.727Z] Deleting alias drive W:
[Pipeline] bat
[2023-11-21T16:54:01.309Z] Deleting alias drive P:
[Pipeline] }
[Pipeline] // withEnv
[Pipeline] }
[Pipeline] // timeout
[Pipeline] }
[Pipeline] // stage
[Pipeline] }
[Pipeline] // timestamps
[Pipeline] timestamps
[Pipeline] {
[Pipeline] stage
[Pipeline] { (Install)
[Pipeline] timeout
[2023-11-21T16:54:01.507Z] Timeout set to expire in 6 hr 0 min
[Pipeline] {
[Pipeline] withEnv
[Pipeline] {
[Pipeline] bat
[2023-11-21T16:54:02.079Z] Creating alias drive P: to S:\jenkins\workspace
[Pipeline] bat
[2023-11-21T16:54:02.707Z] Creating alias drive W: to S:\Jenkins\workspace\ECP\ecg-maya-hydra\ecg-maya-hydra-branch-preflight-python3-windows
[Pipeline] bat
[2023-11-21T16:54:03.431Z] "C:\Program Files\Microsoft Visual Studio\2022\Professional\VC\Auxiliary\Build\vcvarsall.bat" x64
[2023-11-21T16:54:03.431Z] **********************************************************************
[2023-11-21T16:54:03.431Z] ** Visual Studio 2022 Developer Command Prompt v17.3.2
[2023-11-21T16:54:03.431Z] ** Copyright (c) 2022 Microsoft Corporation
[2023-11-21T16:54:03.816Z] **********************************************************************
[2023-11-21T16:54:05.124Z] [vcvarsall.bat] Environment initialized for: 'x64'
[2023-11-21T16:54:05.124Z] python ecg-maya-hydra/build.py --stages=install --workspace-dir=W:\ --artifactory-dir=P:\shared\Artifactory --build-dir=W:\build --install-dir=W:\install --signing-dir=W:\signing --package-dir=W:\package --output-dir=W:\output --stash-dir=W:\stash --jenkins-build=411 --git-commit=dc2f04ad856bbd718ecc1f9c48e6fc1b3807c687 --git-branch=master --variants=Debug --interactive-tests=true --post-zips=false --osx-binary-architecture-target=ub2 --osx-deployment-target=11.0 --osx-base-sdk=CurrentActiveSDK --maya-cut-config=maya-rundev-master-debug.yaml --maya-package=rundev-master-debug --stage-banner
[2023-11-21T16:54:06.296Z] Using Maya cut from P:\shared\Artifactory\Windows\rundev-master-debug\202311130621\runtime\229465b
[2023-11-21T16:54:06.296Z] Using Maya ADSK Signatures from P:\shared\Artifactory\Windows\adsk-plugin-signatures-maya\2023\3ae1ae7
[2023-11-21T16:54:06.296Z] Using Maya Security Library from P:\shared\Artifactory\Windows\maya-security-library\3.4.0\284407f
[2023-11-21T16:54:06.296Z] 
[2023-11-21T16:54:06.296Z] ================================================================================
[2023-11-21T16:54:06.296Z]                                 install (Debug)
[2023-11-21T16:54:06.296Z] ================================================================================
[2023-11-21T16:54:06.296Z] Maya Python Debug Info:
[2023-11-21T16:54:06.296Z]   mayapy executable   = P:\shared\Artifactory\Windows\rundev-master-debug\202311130621\runtime\229465b\runTime\bin\mayapy.exe
[2023-11-21T16:54:06.296Z]   Include Folder      = P:\shared\Artifactory\Windows\rundev-master-debug\202311130621\runtime\229465b\runTime\include\Python311\Python
[2023-11-21T16:54:06.296Z]   Library             = P:\shared\Artifactory\Windows\rundev-master-debug\202311130621\runtime\229465b\runTime\lib\python311_d.lib
[2023-11-21T16:54:06.296Z]   site-package Folder = P:\shared\Artifactory\Windows\rundev-master-debug\202311130621\runtime\229465b\runTime\Python\Lib\site-packages
[2023-11-21T16:54:09.266Z] 
[2023-11-21T16:54:09.266Z]             WARNING: The 'psutil' python package isn't installed. Thus, Peptide
[2023-11-21T16:54:09.266Z]             won't be able to determine the amount of RAM available. It will assume
[2023-11-21T16:54:09.266Z]             that your machine has only 16GB available, and will limit the number
[2023-11-21T16:54:09.266Z]             the number of link jobs being performed in parallel. This can
[2023-11-21T16:54:09.266Z]             negatively affect your build times.
[2023-11-21T16:54:09.266Z] 
[2023-11-21T16:54:09.266Z]             Please 'pip(3) install psutil' to resolve this.
[2023-11-21T16:54:09.266Z]             
[2023-11-21T16:54:09.266Z] In workdir: S:\Jenkins\workspace\ECP\ecg-maya-hydra\ecg-maya-hydra-branch-preflight-python3-windows\ecg-maya-hydra\maya-hydra
[2023-11-21T16:54:09.266Z] Executing: 'P:\\shared\\Artifactory\\Windows\\rundev-master-debug\\202311130621\\runtime\\229465b\\runTime\\bin\\mayapy.exe' 'S:\\Jenkins\\workspace\\ECP\\ecg-maya-hydra\\ecg-maya-hydra-branch-preflight-python3-windows\\ecg-maya-hydra\\maya-hydra\\build.py' --generator Ninja --build-debug --maya-location 'P:\\shared\\Artifactory\\Windows\\rundev-master-debug\\202311130621\\runtime\\229465b\\runTime' --devkit-location 'P:\\shared\\Artifactory\\Windows\\rundev-master-debug\\202311130621\\runtime\\229465b\\devkitBase' --pxrusd-location 'P:\\shared\\Artifactory\\Windows\\USD\\01f407c' '--build-args=-DCMAKE_MAKE_PROGRAM=P:/shared/Artifactory/Windows/ninja/1.10.2/ccacdf8/ninja.exe,-DPYTHON_INCLUDE_DIR=P:/shared/Artifactory/Windows/rundev-master-debug/202311130621/runtime/229465b/runTime/include/Python311/Python,-DPython_EXECUTABLE=P:/shared/Artifactory/Windows/rundev-master-debug/202311130621/runtime/229465b/runTime/bin/mayapy.exe,-DPYTHON_LIBRARIES=P:/shared/Artifactory/Windows/rundev-master-debug/202311130621/runtime/229465b/runTime/lib/python311_d.lib,-DBUILD_WITH_PYTHON_3_VERSION=3.11,-DCMAKE_WANT_MATERIALX_BUILD=ON,-DCMAKE_PREFIX_PATH=P:\\shared\\Artifactory\\Windows\\USD\\01f407c,-DMAYAHYDRA_BUILD_NUMBER=411,-DMAYAHYDRA_GIT_COMMIT=dc2f04ad856bbd718ecc1f9c48e6fc1b3807c687,-DMAYAHYDRA_GIT_BRANCH=master' --debug-python '--ctest-args=--parallel 16' --stages=install --redirect-outstream-file=False --install-location 'W:\\install\\Debug\\MayaHydra' 'W:\\'
[2023-11-21T16:54:09.266Z] Modified environment variables:
[2023-11-21T16:54:09.266Z]     PATH=P:\shared\Artifactory\Windows\cmake\3.20.3\afe857a\bin;C:\Python27\lib\site-packages\pywin32_system32;C:\Program Files\Microsoft Visual Studio\2022\Professional\VC\Tools\MSVC\14.33.31629\bin\HostX64\x64;C:\Program Files\Microsoft Visual Studio\2022\Professional\Common7\IDE\VC\VCPackages;C:\Program Files\Microsoft Visual Studio\2022\Professional\Common7\IDE\CommonExtensions\Microsoft\TestWindow;C:\Program Files\Microsoft Visual Studio\2022\Professional\Common7\IDE\CommonExtensions\Microsoft\TeamFoundation\Team Explorer;C:\Program Files\Microsoft Visual Studio\2022\Professional\MSBuild\Current\bin\Roslyn;C:\Program Files\Microsoft Visual Studio\2022\Professional\Team Tools\Performance Tools\x64;C:\Program Files\Microsoft Visual Studio\2022\Professional\Team Tools\Performance Tools;C:\Program Files (x86)\Microsoft Visual Studio\Shared\Common\VSPerfCollectionTools\vs2019\\x64;C:\Program Files (x86)\Microsoft Visual Studio\Shared\Common\VSPerfCollectionTools\vs2019\;C:\Program Files (x86)\Microsoft SDKs\Windows\v10.0A\bin\NETFX 4.8 Tools\x64\;C:\Program Files (x86)\HTML Help Workshop;C:\Program Files\Microsoft Visual Studio\2022\Professional\Common7\IDE\CommonExtensions\Microsoft\FSharp\Tools;C:\Program Files (x86)\Windows Kits\10\bin\10.0.19041.0\\x64;C:\Program Files (x86)\Windows Kits\10\bin\\x64;C:\Program Files\Microsoft Visual Studio\2022\Professional\\MSBuild\Current\Bin\amd64;C:\WINDOWS\Microsoft.NET\Framework64\v4.0.30319;C:\Program Files\Microsoft Visual Studio\2022\Professional\Common7\IDE\;C:\Program Files\Microsoft Visual Studio\2022\Professional\Common7\Tools\;C:\Python27\;C:\Python27\Scripts;C:\WINDOWS\system32;C:\WINDOWS;C:\WINDOWS\System32\Wbem;C:\WINDOWS\System32\WindowsPowerShell\v1.0\;C:\WINDOWS\System32\OpenSSH\;C:\ProgramData\chocolatey\bin;C:\Program Files (x86)\WiX Toolset v3.7\bin;C:\Program Files\dotnet\;C:\Program Files\Zulu\zulu-11\bin\;C:\Program Files (x86)\Windows Kits\10\bin\10.0.19041.0\x64;C:\Program Files (x86)\Windows Kits\10\bin\10.0.18362.0\x64;C:\Program Files (x86)\Windows Kits\10\bin\10.0.17763.0\x64;C:\Program Files (x86)\Windows Kits\10\bin\x64;C:\Strawberry\c\bin;C:\Strawberry\perl\site\bin;C:\Strawberry\perl\bin;C:\Program Files\Git\cmd;C:\Program Files\Git\usr\bin;C:\Program Files\Git\mingw64\bin;C:\Program Files\Git\bin;C:\Python38\;C:\Python38\Scripts;C:\StoreBoxClientWindows;C:\Program Files\Electric Cloud\ElectricCommander\bin;C:\Program Files\WinRAR;C:\Program Files\7-Zip;C:\Users\Administrator\AppData\Local\Microsoft\WindowsApps;C:\Users\Administrator\.dotnet\tools;C:\Program Files\Microsoft Visual Studio\2022\Professional\Common7\IDE\CommonExtensions\Microsoft\CMake\CMake\bin;C:\Program Files\Microsoft Visual Studio\2022\Professional\Common7\IDE\CommonExtensions\Microsoft\CMake\Ninja;C:\Program Files\Microsoft Visual Studio\2022\Professional\Common7\IDE\VC\Linux\bin\ConnectionManagerExe
[2023-11-21T16:54:10.954Z]     [0/1] Install the project...
[2023-11-21T16:54:10.954Z]     -- Install configuration: "Debug"
[2023-11-21T16:54:12.108Z]     
[2023-11-21T16:54:12.108Z]         Building with settings:
[2023-11-21T16:54:12.108Z]           Source directory          S:\Jenkins\workspace\ECP\ecg-maya-hydra\ecg-maya-hydra-branch-preflight-python3-windows\ecg-maya-hydra\maya-hydra
[2023-11-21T16:54:12.108Z]           Workspace directory       W:\
[2023-11-21T16:54:12.108Z]           Build directory           W:\build\Debug
[2023-11-21T16:54:12.108Z]           Install directory         W:\install\Debug\MayaHydra
[2023-11-21T16:54:12.108Z]           Variant                   Debug
[2023-11-21T16:54:12.108Z]           Python Debug              On
[2023-11-21T16:54:12.108Z]           CMake generator           Ninja
[2023-11-21T16:54:12.108Z]           Build arguments           ['-DCMAKE_MAKE_PROGRAM=P:/shared/Artifactory/Windows/ninja/1.10.2/ccacdf8/ninja.exe', '-DPYTHON_INCLUDE_DIR=P:/shared/Artifactory/Windows/rundev-master-debug/202311130621/runtime/229465b/runTime/include/Python311/Python', '-DPython_EXECUTABLE=P:/shared/Artifactory/Windows/rundev-master-debug/202311130621/runtime/229465b/runTime/bin/mayapy.exe', '-DPYTHON_LIBRARIES=P:/shared/Artifactory/Windows/rundev-master-debug/202311130621/runtime/229465b/runTime/lib/python311_d.lib', '-DBUILD_WITH_PYTHON_3_VERSION=3.11', '-DCMAKE_WANT_MATERIALX_BUILD=ON', '-DCMAKE_PREFIX_PATH=P:\\shared\\Artifactory\\Windows\\USD\\01f407c', '-DMAYAHYDRA_BUILD_NUMBER=411', '-DMAYAHYDRA_GIT_COMMIT=dc2f04ad856bbd718ecc1f9c48e6fc1b3807c687', '-DMAYAHYDRA_GIT_BRANCH=master']
[2023-11-21T16:54:12.108Z]           Stages arguments          ['install']
[2023-11-21T16:54:12.108Z]           CTest arguments           ['--parallel 16']
[2023-11-21T16:54:12.108Z]     Success MayaHydra build and install !!!!
[2023-11-21T16:54:12.108Z]     Elapsed time: 00:00:01
[Pipeline] bat
[2023-11-21T16:54:12.694Z] Deleting alias drive W:
[Pipeline] bat
[2023-11-21T16:54:13.279Z] Deleting alias drive P:
[Pipeline] bat
[2023-11-21T16:54:13.918Z] Creating alias drive P: to S:\jenkins\workspace
[Pipeline] bat
[2023-11-21T16:54:14.566Z] Creating alias drive W: to S:\Jenkins\workspace\ECP\ecg-maya-hydra\ecg-maya-hydra-branch-preflight-python3-windows
[Pipeline] bat
[2023-11-21T16:54:15.358Z] "C:\Program Files\Microsoft Visual Studio\2022\Professional\VC\Auxiliary\Build\vcvarsall.bat" x64
[2023-11-21T16:54:15.691Z] **********************************************************************
[2023-11-21T16:54:15.691Z] ** Visual Studio 2022 Developer Command Prompt v17.3.2
[2023-11-21T16:54:15.691Z] ** Copyright (c) 2022 Microsoft Corporation
[2023-11-21T16:54:15.691Z] **********************************************************************
[2023-11-21T16:54:16.845Z] [vcvarsall.bat] Environment initialized for: 'x64'
[2023-11-21T16:54:16.845Z] python ecg-maya-hydra/build.py --stages=install --workspace-dir=W:\ --artifactory-dir=P:\shared\Artifactory --build-dir=W:\build --install-dir=W:\install --signing-dir=W:\signing --package-dir=W:\package --output-dir=W:\output --stash-dir=W:\stash --jenkins-build=411 --git-commit=dc2f04ad856bbd718ecc1f9c48e6fc1b3807c687 --git-branch=master --variants=RelWithDebInfo --interactive-tests=true --post-zips=false --osx-binary-architecture-target=ub2 --osx-deployment-target=11.0 --osx-base-sdk=CurrentActiveSDK --maya-cut-config=maya-rundev-master.yaml --maya-package=rundev-master --stage-banner
[2023-11-21T16:54:18.005Z] Using Maya cut from P:\shared\Artifactory\Windows\rundev-master\202311130812\runtime\4053eca
[2023-11-21T16:54:18.005Z] Using Maya ADSK Signatures from P:\shared\Artifactory\Windows\adsk-plugin-signatures-maya\2023\3ae1ae7
[2023-11-21T16:54:18.005Z] Using Maya Security Library from P:\shared\Artifactory\Windows\maya-security-library\3.4.0\284407f
[2023-11-21T16:54:18.005Z] 
[2023-11-21T16:54:18.005Z] ================================================================================
[2023-11-21T16:54:18.005Z]                             install (RelWithDebInfo)
[2023-11-21T16:54:18.005Z] ================================================================================
[2023-11-21T16:54:18.005Z] Maya Python RelWithDebInfo Info:
[2023-11-21T16:54:18.005Z]   mayapy executable   = P:\shared\Artifactory\Windows\rundev-master\202311130812\runtime\4053eca\runTime\bin\mayapy.exe
[2023-11-21T16:54:18.005Z]   Include Folder      = P:\shared\Artifactory\Windows\rundev-master\202311130812\runtime\4053eca\runTime\include\Python311\Python
[2023-11-21T16:54:18.005Z]   Library             = P:\shared\Artifactory\Windows\rundev-master\202311130812\runtime\4053eca\runTime\lib\python311.lib
[2023-11-21T16:54:18.005Z]   site-package Folder = P:\shared\Artifactory\Windows\rundev-master\202311130812\runtime\4053eca\runTime\Python\Lib\site-packages
[2023-11-21T16:54:19.165Z] In workdir: S:\Jenkins\workspace\ECP\ecg-maya-hydra\ecg-maya-hydra-branch-preflight-python3-windows\ecg-maya-hydra\maya-hydra
[2023-11-21T16:54:19.165Z] Executing: 'P:\\shared\\Artifactory\\Windows\\rundev-master\\202311130812\\runtime\\4053eca\\runTime\\bin\\mayapy.exe' 'S:\\Jenkins\\workspace\\ECP\\ecg-maya-hydra\\ecg-maya-hydra-branch-preflight-python3-windows\\ecg-maya-hydra\\maya-hydra\\build.py' --generator Ninja --build-relwithdebug --maya-location 'P:\\shared\\Artifactory\\Windows\\rundev-master\\202311130812\\runtime\\4053eca\\runTime' --devkit-location 'P:\\shared\\Artifactory\\Windows\\rundev-master\\202311130812\\runtime\\4053eca\\devkitBase' --pxrusd-location 'P:\\shared\\Artifactory\\Windows\\USD\\6a9558d' '--build-args=-DCMAKE_MAKE_PROGRAM=P:/shared/Artifactory/Windows/ninja/1.10.2/ccacdf8/ninja.exe,-DPYTHON_INCLUDE_DIR=P:/shared/Artifactory/Windows/rundev-master/202311130812/runtime/4053eca/runTime/include/Python311/Python,-DPython_EXECUTABLE=P:/shared/Artifactory/Windows/rundev-master/202311130812/runtime/4053eca/runTime/bin/mayapy.exe,-DPYTHON_LIBRARIES=P:/shared/Artifactory/Windows/rundev-master/202311130812/runtime/4053eca/runTime/lib/python311.lib,-DBUILD_WITH_PYTHON_3_VERSION=3.11,-DCMAKE_WANT_MATERIALX_BUILD=ON,-DCMAKE_PREFIX_PATH=P:\\shared\\Artifactory\\Windows\\USD\\6a9558d,-DMAYAHYDRA_BUILD_NUMBER=411,-DMAYAHYDRA_GIT_COMMIT=dc2f04ad856bbd718ecc1f9c48e6fc1b3807c687,-DMAYAHYDRA_GIT_BRANCH=master' '--ctest-args=--parallel 16' --stages=install --redirect-outstream-file=False --install-location 'W:\\install\\RelWithDebInfo\\MayaHydra' 'W:\\'
[2023-11-21T16:54:19.165Z] Modified environment variables:
[2023-11-21T16:54:19.165Z]     PATH=P:\shared\Artifactory\Windows\cmake\3.20.3\afe857a\bin;C:\Python27\lib\site-packages\pywin32_system32;C:\Program Files\Microsoft Visual Studio\2022\Professional\VC\Tools\MSVC\14.33.31629\bin\HostX64\x64;C:\Program Files\Microsoft Visual Studio\2022\Professional\Common7\IDE\VC\VCPackages;C:\Program Files\Microsoft Visual Studio\2022\Professional\Common7\IDE\CommonExtensions\Microsoft\TestWindow;C:\Program Files\Microsoft Visual Studio\2022\Professional\Common7\IDE\CommonExtensions\Microsoft\TeamFoundation\Team Explorer;C:\Program Files\Microsoft Visual Studio\2022\Professional\MSBuild\Current\bin\Roslyn;C:\Program Files\Microsoft Visual Studio\2022\Professional\Team Tools\Performance Tools\x64;C:\Program Files\Microsoft Visual Studio\2022\Professional\Team Tools\Performance Tools;C:\Program Files (x86)\Microsoft Visual Studio\Shared\Common\VSPerfCollectionTools\vs2019\\x64;C:\Program Files (x86)\Microsoft Visual Studio\Shared\Common\VSPerfCollectionTools\vs2019\;C:\Program Files (x86)\Microsoft SDKs\Windows\v10.0A\bin\NETFX 4.8 Tools\x64\;C:\Program Files (x86)\HTML Help Workshop;C:\Program Files\Microsoft Visual Studio\2022\Professional\Common7\IDE\CommonExtensions\Microsoft\FSharp\Tools;C:\Program Files (x86)\Windows Kits\10\bin\10.0.19041.0\\x64;C:\Program Files (x86)\Windows Kits\10\bin\\x64;C:\Program Files\Microsoft Visual Studio\2022\Professional\\MSBuild\Current\Bin\amd64;C:\WINDOWS\Microsoft.NET\Framework64\v4.0.30319;C:\Program Files\Microsoft Visual Studio\2022\Professional\Common7\IDE\;C:\Program Files\Microsoft Visual Studio\2022\Professional\Common7\Tools\;C:\Python27\;C:\Python27\Scripts;C:\WINDOWS\system32;C:\WINDOWS;C:\WINDOWS\System32\Wbem;C:\WINDOWS\System32\WindowsPowerShell\v1.0\;C:\WINDOWS\System32\OpenSSH\;C:\ProgramData\chocolatey\bin;C:\Program Files (x86)\WiX Toolset v3.7\bin;C:\Program Files\dotnet\;C:\Program Files\Zulu\zulu-11\bin\;C:\Program Files (x86)\Windows Kits\10\bin\10.0.19041.0\x64;C:\Program Files (x86)\Windows Kits\10\bin\10.0.18362.0\x64;C:\Program Files (x86)\Windows Kits\10\bin\10.0.17763.0\x64;C:\Program Files (x86)\Windows Kits\10\bin\x64;C:\Strawberry\c\bin;C:\Strawberry\perl\site\bin;C:\Strawberry\perl\bin;C:\Program Files\Git\cmd;C:\Program Files\Git\usr\bin;C:\Program Files\Git\mingw64\bin;C:\Program Files\Git\bin;C:\Python38\;C:\Python38\Scripts;C:\StoreBoxClientWindows;C:\Program Files\Electric Cloud\ElectricCommander\bin;C:\Program Files\WinRAR;C:\Program Files\7-Zip;C:\Users\Administrator\AppData\Local\Microsoft\WindowsApps;C:\Users\Administrator\.dotnet\tools;C:\Program Files\Microsoft Visual Studio\2022\Professional\Common7\IDE\CommonExtensions\Microsoft\CMake\CMake\bin;C:\Program Files\Microsoft Visual Studio\2022\Professional\Common7\IDE\CommonExtensions\Microsoft\CMake\Ninja;C:\Program Files\Microsoft Visual Studio\2022\Professional\Common7\IDE\VC\Linux\bin\ConnectionManagerExe
[2023-11-21T16:54:19.877Z]     [0/1] Install the project...
[2023-11-21T16:54:19.877Z]     -- Install configuration: "RelWithDebInfo"
[2023-11-21T16:54:21.031Z]     
[2023-11-21T16:54:21.031Z]         Building with settings:
[2023-11-21T16:54:21.031Z]           Source directory          S:\Jenkins\workspace\ECP\ecg-maya-hydra\ecg-maya-hydra-branch-preflight-python3-windows\ecg-maya-hydra\maya-hydra
[2023-11-21T16:54:21.031Z]           Workspace directory       W:\
[2023-11-21T16:54:21.031Z]           Build directory           W:\build\RelWithDebInfo
[2023-11-21T16:54:21.031Z]           Install directory         W:\install\RelWithDebInfo\MayaHydra
[2023-11-21T16:54:21.031Z]           Variant                   RelWithDebInfo
[2023-11-21T16:54:21.031Z]           Python Debug              Off
[2023-11-21T16:54:21.031Z]           CMake generator           Ninja
[2023-11-21T16:54:21.031Z]           Build arguments           ['-DCMAKE_MAKE_PROGRAM=P:/shared/Artifactory/Windows/ninja/1.10.2/ccacdf8/ninja.exe', '-DPYTHON_INCLUDE_DIR=P:/shared/Artifactory/Windows/rundev-master/202311130812/runtime/4053eca/runTime/include/Python311/Python', '-DPython_EXECUTABLE=P:/shared/Artifactory/Windows/rundev-master/202311130812/runtime/4053eca/runTime/bin/mayapy.exe', '-DPYTHON_LIBRARIES=P:/shared/Artifactory/Windows/rundev-master/202311130812/runtime/4053eca/runTime/lib/python311.lib', '-DBUILD_WITH_PYTHON_3_VERSION=3.11', '-DCMAKE_WANT_MATERIALX_BUILD=ON', '-DCMAKE_PREFIX_PATH=P:\\shared\\Artifactory\\Windows\\USD\\6a9558d', '-DMAYAHYDRA_BUILD_NUMBER=411', '-DMAYAHYDRA_GIT_COMMIT=dc2f04ad856bbd718ecc1f9c48e6fc1b3807c687', '-DMAYAHYDRA_GIT_BRANCH=master']
[2023-11-21T16:54:21.031Z]           Stages arguments          ['install']
[2023-11-21T16:54:21.031Z]           CTest arguments           ['--parallel 16']
[2023-11-21T16:54:21.031Z]     Success MayaHydra build and install !!!!
[2023-11-21T16:54:21.031Z]     Elapsed time: 00:00:01
[Pipeline] bat
[2023-11-21T16:54:21.616Z] Deleting alias drive W:
[Pipeline] bat
[2023-11-21T16:54:22.201Z] Deleting alias drive P:
[Pipeline] }
[Pipeline] // withEnv
[Pipeline] }
[Pipeline] // timeout
[Pipeline] }
[Pipeline] // stage
[Pipeline] }
[Pipeline] // timestamps
[Pipeline] timestamps
[Pipeline] {
[Pipeline] stage
[Pipeline] { (Test)
[Pipeline] timeout
[2023-11-21T16:54:22.422Z] Timeout set to expire in 6 hr 0 min
[Pipeline] {
[Pipeline] withEnv
[Pipeline] {
[Pipeline] bat
[2023-11-21T16:54:22.988Z] Creating alias drive P: to S:\jenkins\workspace
[Pipeline] bat
[2023-11-21T16:54:23.583Z] Creating alias drive W: to S:\Jenkins\workspace\ECP\ecg-maya-hydra\ecg-maya-hydra-branch-preflight-python3-windows
[Pipeline] bat
[2023-11-21T16:54:24.410Z] "C:\Program Files\Microsoft Visual Studio\2022\Professional\VC\Auxiliary\Build\vcvarsall.bat" x64
[2023-11-21T16:54:24.410Z] **********************************************************************
[2023-11-21T16:54:24.410Z] ** Visual Studio 2022 Developer Command Prompt v17.3.2
[2023-11-21T16:54:24.410Z] ** Copyright (c) 2022 Microsoft Corporation
[2023-11-21T16:54:24.410Z] **********************************************************************
[2023-11-21T16:54:26.124Z] [vcvarsall.bat] Environment initialized for: 'x64'
[2023-11-21T16:54:26.124Z] python ecg-maya-hydra/build.py --stages=test --workspace-dir=W:\ --artifactory-dir=P:\shared\Artifactory --build-dir=W:\build --install-dir=W:\install --signing-dir=W:\signing --package-dir=W:\package --output-dir=W:\output --stash-dir=W:\stash --jenkins-build=411 --git-commit=dc2f04ad856bbd718ecc1f9c48e6fc1b3807c687 --git-branch=master --variants=RelWithDebInfo --interactive-tests=true --post-zips=false --osx-binary-architecture-target=ub2 --osx-deployment-target=11.0 --osx-base-sdk=CurrentActiveSDK --test-jobs=0 --failed-test-retry=3 --maya-cut-config=maya-rundev-master.yaml --maya-package=rundev-master --stage-banner --progressive-timeout
[2023-11-21T16:54:27.279Z] Using Maya cut from P:\shared\Artifactory\Windows\rundev-master\202311130812\runtime\4053eca
[2023-11-21T16:54:27.279Z] Using Maya ADSK Signatures from P:\shared\Artifactory\Windows\adsk-plugin-signatures-maya\2023\3ae1ae7
[2023-11-21T16:54:27.279Z] Using Maya Security Library from P:\shared\Artifactory\Windows\maya-security-library\3.4.0\284407f
[2023-11-21T16:54:27.279Z] 
[2023-11-21T16:54:27.279Z] ================================================================================
[2023-11-21T16:54:27.279Z]                              test (RelWithDebInfo)
[2023-11-21T16:54:27.279Z] ================================================================================
[2023-11-21T16:54:27.279Z] Maya Python RelWithDebInfo Info:
[2023-11-21T16:54:27.279Z]   mayapy executable   = P:\shared\Artifactory\Windows\rundev-master\202311130812\runtime\4053eca\runTime\bin\mayapy.exe
[2023-11-21T16:54:27.279Z]   Include Folder      = P:\shared\Artifactory\Windows\rundev-master\202311130812\runtime\4053eca\runTime\include\Python311\Python
[2023-11-21T16:54:27.279Z]   Library             = P:\shared\Artifactory\Windows\rundev-master\202311130812\runtime\4053eca\runTime\lib\python311.lib
[2023-11-21T16:54:27.279Z]   site-package Folder = P:\shared\Artifactory\Windows\rundev-master\202311130812\runtime\4053eca\runTime\Python\Lib\site-packages
[2023-11-21T16:54:27.994Z] In workdir: S:\Jenkins\workspace\ECP\ecg-maya-hydra\ecg-maya-hydra-branch-preflight-python3-windows\ecg-maya-hydra\maya-hydra
[2023-11-21T16:54:27.994Z] Executing: 'P:\\shared\\Artifactory\\Windows\\rundev-master\\202311130812\\runtime\\4053eca\\runTime\\bin\\mayapy.exe' 'S:\\Jenkins\\workspace\\ECP\\ecg-maya-hydra\\ecg-maya-hydra-branch-preflight-python3-windows\\ecg-maya-hydra\\maya-hydra\\build.py' --generator Ninja --build-relwithdebug --maya-location 'P:\\shared\\Artifactory\\Windows\\rundev-master\\202311130812\\runtime\\4053eca\\runTime' --devkit-location 'P:\\shared\\Artifactory\\Windows\\rundev-master\\202311130812\\runtime\\4053eca\\devkitBase' --pxrusd-location 'P:\\shared\\Artifactory\\Windows\\USD\\6a9558d' '--build-args=-DCMAKE_MAKE_PROGRAM=P:/shared/Artifactory/Windows/ninja/1.10.2/ccacdf8/ninja.exe,-DPYTHON_INCLUDE_DIR=P:/shared/Artifactory/Windows/rundev-master/202311130812/runtime/4053eca/runTime/include/Python311/Python,-DPython_EXECUTABLE=P:/shared/Artifactory/Windows/rundev-master/202311130812/runtime/4053eca/runTime/bin/mayapy.exe,-DPYTHON_LIBRARIES=P:/shared/Artifactory/Windows/rundev-master/202311130812/runtime/4053eca/runTime/lib/python311.lib,-DBUILD_WITH_PYTHON_3_VERSION=3.11,-DCMAKE_WANT_MATERIALX_BUILD=ON,-DCMAKE_PREFIX_PATH=P:\\shared\\Artifactory\\Windows\\USD\\6a9558d,-DMAYAHYDRA_BUILD_NUMBER=411,-DMAYAHYDRA_GIT_COMMIT=dc2f04ad856bbd718ecc1f9c48e6fc1b3807c687,-DMAYAHYDRA_GIT_BRANCH=master' '--ctest-args=--parallel 16' --stages=test --redirect-outstream-file=False --install-location 'W:\\install\\RelWithDebInfo\\MayaHydra' 'W:\\'
[2023-11-21T16:54:27.994Z] Modified environment variables:
[2023-11-21T16:54:27.994Z]     PATH=P:\shared\Artifactory\Windows\cmake\3.20.3\afe857a\bin;C:\Python27\lib\site-packages\pywin32_system32;C:\Program Files\Microsoft Visual Studio\2022\Professional\VC\Tools\MSVC\14.33.31629\bin\HostX64\x64;C:\Program Files\Microsoft Visual Studio\2022\Professional\Common7\IDE\VC\VCPackages;C:\Program Files\Microsoft Visual Studio\2022\Professional\Common7\IDE\CommonExtensions\Microsoft\TestWindow;C:\Program Files\Microsoft Visual Studio\2022\Professional\Common7\IDE\CommonExtensions\Microsoft\TeamFoundation\Team Explorer;C:\Program Files\Microsoft Visual Studio\2022\Professional\MSBuild\Current\bin\Roslyn;C:\Program Files\Microsoft Visual Studio\2022\Professional\Team Tools\Performance Tools\x64;C:\Program Files\Microsoft Visual Studio\2022\Professional\Team Tools\Performance Tools;C:\Program Files (x86)\Microsoft Visual Studio\Shared\Common\VSPerfCollectionTools\vs2019\\x64;C:\Program Files (x86)\Microsoft Visual Studio\Shared\Common\VSPerfCollectionTools\vs2019\;C:\Program Files (x86)\Microsoft SDKs\Windows\v10.0A\bin\NETFX 4.8 Tools\x64\;C:\Program Files (x86)\HTML Help Workshop;C:\Program Files\Microsoft Visual Studio\2022\Professional\Common7\IDE\CommonExtensions\Microsoft\FSharp\Tools;C:\Program Files (x86)\Windows Kits\10\bin\10.0.19041.0\\x64;C:\Program Files (x86)\Windows Kits\10\bin\\x64;C:\Program Files\Microsoft Visual Studio\2022\Professional\\MSBuild\Current\Bin\amd64;C:\WINDOWS\Microsoft.NET\Framework64\v4.0.30319;C:\Program Files\Microsoft Visual Studio\2022\Professional\Common7\IDE\;C:\Program Files\Microsoft Visual Studio\2022\Professional\Common7\Tools\;C:\Python27\;C:\Python27\Scripts;C:\WINDOWS\system32;C:\WINDOWS;C:\WINDOWS\System32\Wbem;C:\WINDOWS\System32\WindowsPowerShell\v1.0\;C:\WINDOWS\System32\OpenSSH\;C:\ProgramData\chocolatey\bin;C:\Program Files (x86)\WiX Toolset v3.7\bin;C:\Program Files\dotnet\;C:\Program Files\Zulu\zulu-11\bin\;C:\Program Files (x86)\Windows Kits\10\bin\10.0.19041.0\x64;C:\Program Files (x86)\Windows Kits\10\bin\10.0.18362.0\x64;C:\Program Files (x86)\Windows Kits\10\bin\10.0.17763.0\x64;C:\Program Files (x86)\Windows Kits\10\bin\x64;C:\Strawberry\c\bin;C:\Strawberry\perl\site\bin;C:\Strawberry\perl\bin;C:\Program Files\Git\cmd;C:\Program Files\Git\usr\bin;C:\Program Files\Git\mingw64\bin;C:\Program Files\Git\bin;C:\Python38\;C:\Python38\Scripts;C:\StoreBoxClientWindows;C:\Program Files\Electric Cloud\ElectricCommander\bin;C:\Program Files\WinRAR;C:\Program Files\7-Zip;C:\Users\Administrator\AppData\Local\Microsoft\WindowsApps;C:\Users\Administrator\.dotnet\tools;C:\Program Files\Microsoft Visual Studio\2022\Professional\Common7\IDE\CommonExtensions\Microsoft\CMake\CMake\bin;C:\Program Files\Microsoft Visual Studio\2022\Professional\Common7\IDE\CommonExtensions\Microsoft\CMake\Ninja;C:\Program Files\Microsoft Visual Studio\2022\Professional\Common7\IDE\VC\Linux\bin\ConnectionManagerExe
[2023-11-21T16:54:29.149Z]     Test project W:/build/RelWithDebInfo
[2023-11-21T16:54:29.149Z]           Start  1: _Interactive_Maya
[2023-11-21T16:54:29.149Z]      1/20 Test  #1: _Interactive_Maya ...........................***Not Run (Disabled)   0.00 sec
[2023-11-21T16:54:29.149Z]           Start  2: testImageDiffing
[2023-11-21T16:54:29.149Z]           Start  3: testMtohCommand
[2023-11-21T16:54:29.149Z]           Start  4: testMeshes
[2023-11-21T16:54:29.149Z]           Start  5: testNamespaces
[2023-11-21T16:54:29.149Z]           Start  6: testVisibility
[2023-11-21T16:54:29.149Z]           Start  7: testRendererSwitching
[2023-11-21T16:54:29.149Z]           Start  8: testSceneBrowser
[2023-11-21T16:54:29.149Z]           Start  9: testStageAddPrim
[2023-11-21T16:54:29.150Z]           Start 10: testNewSceneWithStage
[2023-11-21T16:54:29.150Z]           Start 11: testDirectionalLights
[2023-11-21T16:54:29.481Z]           Start 12: testColorPreferences
[2023-11-21T16:54:29.481Z]           Start 13: testCppFramework
[2023-11-21T16:54:29.481Z]           Start 14: testMayaSceneFlattening
[2023-11-21T16:54:29.481Z]           Start 15: testMayaUsdUfeItems
[2023-11-21T16:54:29.481Z]           Start 16: testMergingSceneIndex
[2023-11-21T16:54:29.481Z]           Start 17: testSelectionSceneIndex
[2023-11-21T16:54:57.264Z]      2/20 Test #10: testNewSceneWithStage .......................   Passed   27.37 sec
[2023-11-21T16:54:57.264Z]           Start 18: testWireframeSelectionHighlightSceneIndex
[2023-11-21T16:54:58.934Z]      3/20 Test  #8: testSceneBrowser ............................   Passed   29.86 sec
[2023-11-21T16:54:58.934Z]           Start 19: testFlowViewportAPIViewportInformation
[2023-11-21T16:54:59.306Z]      4/20 Test  #4: testMeshes ..................................   Passed   30.24 sec
[2023-11-21T16:54:59.306Z]           Start 20: testMeshes_meshAdapter
[2023-11-21T16:55:00.019Z]      5/20 Test  #6: testVisibility ..............................   Passed   30.80 sec
[2023-11-21T16:55:00.351Z]      6/20 Test  #7: testRendererSwitching .......................   Passed   31.13 sec
[2023-11-21T16:55:00.683Z]      7/20 Test  #5: testNamespaces ..............................   Passed   31.45 sec
[2023-11-21T16:55:01.014Z]      8/20 Test #11: testDirectionalLights .......................   Passed   31.83 sec
[2023-11-21T16:55:01.727Z]      9/20 Test  #3: testMtohCommand .............................   Passed   32.61 sec
[2023-11-21T16:55:02.059Z]     10/20 Test #14: testMayaSceneFlattening .....................   Passed   32.50 sec
[2023-11-21T16:55:02.398Z]     11/20 Test #16: testMergingSceneIndex .......................   Passed   32.67 sec
[2023-11-21T16:55:02.398Z]     12/20 Test  #9: testStageAddPrim ............................   Passed   33.31 sec
[2023-11-21T16:55:02.730Z]     13/20 Test #13: testCppFramework ............................   Passed   33.26 sec
[2023-11-21T16:55:02.730Z]     14/20 Test  #2: testImageDiffing ............................   Passed   33.76 sec
[2023-11-21T16:55:03.069Z]     15/20 Test #17: testSelectionSceneIndex .....................   Passed   33.34 sec
[2023-11-21T16:55:03.069Z]     16/20 Test #12: testColorPreferences ........................   Passed   33.73 sec
[2023-11-21T16:55:03.069Z]     17/20 Test #15: testMayaUsdUfeItems .........................   Passed   33.70 sec
[2023-11-21T16:55:10.821Z]     18/20 Test #18: testWireframeSelectionHighlightSceneIndex ...   Passed   13.67 sec
[2023-11-21T16:55:13.801Z]     19/20 Test #19: testFlowViewportAPIViewportInformation ......   Passed   14.38 sec
[2023-11-21T16:55:13.801Z]     20/20 Test #20: testMeshes_meshAdapter ......................   Passed   14.37 sec
[2023-11-21T16:55:13.801Z]     
[2023-11-21T16:55:13.801Z]     100% tests passed, 0 tests failed out of 19
[2023-11-21T16:55:13.801Z]     
[2023-11-21T16:55:13.801Z]     Label Time Summary:
[2023-11-21T16:55:13.801Z]     Debugging      =   0.00 sec*proc (1 test)
[2023-11-21T16:55:13.801Z]     interactive    = 553.96 sec*proc (19 tests)
[2023-11-21T16:55:13.801Z]     mayaHydra      = 553.96 sec*proc (19 tests)
[2023-11-21T16:55:13.801Z]     
[2023-11-21T16:55:13.801Z]     Total Test time (real) =  44.75 sec
[2023-11-21T16:55:13.801Z]     
[2023-11-21T16:55:13.801Z]     The following tests did not run:
[2023-11-21T16:55:13.801Z]     	  1 - _Interactive_Maya (Disabled)
[2023-11-21T16:55:14.134Z]     
[2023-11-21T16:55:14.134Z]         Building with settings:
[2023-11-21T16:55:14.134Z]           Source directory          S:\Jenkins\workspace\ECP\ecg-maya-hydra\ecg-maya-hydra-branch-preflight-python3-windows\ecg-maya-hydra\maya-hydra
[2023-11-21T16:55:14.134Z]           Workspace directory       W:\
[2023-11-21T16:55:14.134Z]           Build directory           W:\build\RelWithDebInfo
[2023-11-21T16:55:14.134Z]           Install directory         W:\install\RelWithDebInfo\MayaHydra
[2023-11-21T16:55:14.134Z]           Variant                   RelWithDebInfo
[2023-11-21T16:55:14.134Z]           Python Debug              Off
[2023-11-21T16:55:14.134Z]           CMake generator           Ninja
[2023-11-21T16:55:14.134Z]           Build arguments           ['-DCMAKE_MAKE_PROGRAM=P:/shared/Artifactory/Windows/ninja/1.10.2/ccacdf8/ninja.exe', '-DPYTHON_INCLUDE_DIR=P:/shared/Artifactory/Windows/rundev-master/202311130812/runtime/4053eca/runTime/include/Python311/Python', '-DPython_EXECUTABLE=P:/shared/Artifactory/Windows/rundev-master/202311130812/runtime/4053eca/runTime/bin/mayapy.exe', '-DPYTHON_LIBRARIES=P:/shared/Artifactory/Windows/rundev-master/202311130812/runtime/4053eca/runTime/lib/python311.lib', '-DBUILD_WITH_PYTHON_3_VERSION=3.11', '-DCMAKE_WANT_MATERIALX_BUILD=ON', '-DCMAKE_PREFIX_PATH=P:\\shared\\Artifactory\\Windows\\USD\\6a9558d', '-DMAYAHYDRA_BUILD_NUMBER=411', '-DMAYAHYDRA_GIT_COMMIT=dc2f04ad856bbd718ecc1f9c48e6fc1b3807c687', '-DMAYAHYDRA_GIT_BRANCH=master']
[2023-11-21T16:55:14.134Z]           Stages arguments          ['test']
[2023-11-21T16:55:14.134Z]           CTest arguments           ['--parallel 16']
[2023-11-21T16:55:14.134Z]     Success running MayaHydra tests !!!!
[Pipeline] bat
[2023-11-21T16:55:14.713Z] Deleting alias drive W:
[Pipeline] bat
[2023-11-21T16:55:15.289Z] Deleting alias drive P:
[Pipeline] }
[Pipeline] // withEnv
[Pipeline] }
[Pipeline] // timeout
[Pipeline] }
[Pipeline] // stage
[Pipeline] }
[Pipeline] // timestamps
[Pipeline] timestamps
[Pipeline] {
[Pipeline] stage
[Pipeline] { (Cleanup)
[Pipeline] timeout
[2023-11-21T16:55:15.472Z] Timeout set to expire in 6 hr 0 min
[Pipeline] {
[Pipeline] withEnv
[Pipeline] {
[Pipeline] bat
[2023-11-21T16:55:16.036Z] Creating alias drive P: to S:\jenkins\workspace
[Pipeline] bat
[2023-11-21T16:55:16.620Z] Creating alias drive W: to S:\Jenkins\workspace\ECP\ecg-maya-hydra\ecg-maya-hydra-branch-preflight-python3-windows
[Pipeline] bat
[2023-11-21T16:55:17.332Z] "C:\Program Files\Microsoft Visual Studio\2022\Professional\VC\Auxiliary\Build\vcvarsall.bat" x64
[2023-11-21T16:55:17.663Z] **********************************************************************
[2023-11-21T16:55:17.663Z] ** Visual Studio 2022 Developer Command Prompt v17.3.2
[2023-11-21T16:55:17.663Z] ** Copyright (c) 2022 Microsoft Corporation
[2023-11-21T16:55:17.663Z] **********************************************************************
[2023-11-21T16:55:18.817Z] [vcvarsall.bat] Environment initialized for: 'x64'
[2023-11-21T16:55:18.817Z] python ecg-maya-hydra/build.py --stages=cleanup --workspace-dir=W:\ --artifactory-dir=P:\shared\Artifactory --build-dir=W:\build --install-dir=W:\install --signing-dir=W:\signing --package-dir=W:\package --output-dir=W:\output --stash-dir=W:\stash --jenkins-build=411 --git-commit=dc2f04ad856bbd718ecc1f9c48e6fc1b3807c687 --git-branch=master --variants=Debug --interactive-tests=true --post-zips=false --osx-binary-architecture-target=ub2 --osx-deployment-target=11.0 --osx-base-sdk=CurrentActiveSDK --maya-cut-config=maya-rundev-master-debug.yaml --maya-package=rundev-master-debug --stage-banner
[2023-11-21T16:55:19.975Z] Using Maya cut from P:\shared\Artifactory\Windows\rundev-master-debug\202311130621\runtime\229465b
[2023-11-21T16:55:19.975Z] Using Maya ADSK Signatures from P:\shared\Artifactory\Windows\adsk-plugin-signatures-maya\2023\3ae1ae7
[2023-11-21T16:55:19.975Z] Using Maya Security Library from P:\shared\Artifactory\Windows\maya-security-library\3.4.0\284407f
[2023-11-21T16:55:19.975Z] 
[2023-11-21T16:55:19.975Z] ================================================================================
[2023-11-21T16:55:19.975Z]                                cleanup (Finalize)
[2023-11-21T16:55:19.975Z] ================================================================================
[2023-11-21T16:55:19.975Z] Cleaning up workspace
[2023-11-21T16:55:19.975Z] Removing directory: W:\build
[2023-11-21T16:55:21.128Z] Removing directory: W:\install
[Pipeline] bat
[2023-11-21T16:55:22.039Z] Deleting alias drive W:
[Pipeline] bat
[2023-11-21T16:55:22.617Z] Deleting alias drive P:
[Pipeline] bat
[2023-11-21T16:55:23.216Z] Creating alias drive P: to S:\jenkins\workspace
[Pipeline] bat
[2023-11-21T16:55:23.800Z] Creating alias drive W: to S:\Jenkins\workspace\ECP\ecg-maya-hydra\ecg-maya-hydra-branch-preflight-python3-windows
[Pipeline] bat
[2023-11-21T16:55:24.547Z] "C:\Program Files\Microsoft Visual Studio\2022\Professional\VC\Auxiliary\Build\vcvarsall.bat" x64
[2023-11-21T16:55:24.886Z] **********************************************************************
[2023-11-21T16:55:24.886Z] ** Visual Studio 2022 Developer Command Prompt v17.3.2
[2023-11-21T16:55:24.886Z] ** Copyright (c) 2022 Microsoft Corporation
[2023-11-21T16:55:24.886Z] **********************************************************************
[2023-11-21T16:55:26.040Z] [vcvarsall.bat] Environment initialized for: 'x64'
[2023-11-21T16:55:26.040Z] python ecg-maya-hydra/build.py --stages=cleanup --workspace-dir=W:\ --artifactory-dir=P:\shared\Artifactory --build-dir=W:\build --install-dir=W:\install --signing-dir=W:\signing --package-dir=W:\package --output-dir=W:\output --stash-dir=W:\stash --jenkins-build=411 --git-commit=dc2f04ad856bbd718ecc1f9c48e6fc1b3807c687 --git-branch=master --variants=RelWithDebInfo --interactive-tests=true --post-zips=false --osx-binary-architecture-target=ub2 --osx-deployment-target=11.0 --osx-base-sdk=CurrentActiveSDK --maya-cut-config=maya-rundev-master.yaml --maya-package=rundev-master --stage-banner
[2023-11-21T16:55:27.195Z] Using Maya cut from P:\shared\Artifactory\Windows\rundev-master\202311130812\runtime\4053eca
[2023-11-21T16:55:27.195Z] Using Maya ADSK Signatures from P:\shared\Artifactory\Windows\adsk-plugin-signatures-maya\2023\3ae1ae7
[2023-11-21T16:55:27.195Z] Using Maya Security Library from P:\shared\Artifactory\Windows\maya-security-library\3.4.0\284407f
[2023-11-21T16:55:27.195Z] 
[2023-11-21T16:55:27.195Z] ================================================================================
[2023-11-21T16:55:27.195Z]                                cleanup (Finalize)
[2023-11-21T16:55:27.195Z] ================================================================================
[2023-11-21T16:55:27.195Z] Cleaning up workspace
[Pipeline] bat
[2023-11-21T16:55:27.779Z] Deleting alias drive W:
[Pipeline] bat
[2023-11-21T16:55:28.354Z] Deleting alias drive P:
[Pipeline] }
[Pipeline] // withEnv
[Pipeline] }
[Pipeline] // timeout
[Pipeline] }
[Pipeline] // stage
[Pipeline] }
[Pipeline] // timestamps
[Pipeline] }
[Pipeline] // node
[Pipeline] End of Pipeline
[Checks API] No suitable checks publisher found.
Finished: SUCCESS
