[2023-11-21T16:50:04.500Z] ================================================================================
[2023-11-21T16:50:04.500Z]                                  setup (Debug)
[2023-11-21T16:50:04.500Z] ================================================================================
[Pipeline] sh
[2023-11-21T16:50:05.630Z] + scl enable gcc-toolset-11 -
[2023-11-21T16:50:05.630Z] + '[' enable = load -o enable = unload ']'
[2023-11-21T16:50:05.630Z] + /usr/bin/scl enable gcc-toolset-11 -
[2023-11-21T16:50:05.630Z] python ecg-maya-hydra/build.py --stages=setup --workspace-dir=/local/S/jenkins/workspace/ECP/ecg-maya-hydra/ecg-maya-hydra-branch-preflight-python3-linux --artifactory-dir=/local/S/jenkins/workspace/shared/Artifactory --build-dir=/local/S/jenkins/workspace/ECP/ecg-maya-hydra/ecg-maya-hydra-branch-preflight-python3-linux/build --install-dir=/local/S/jenkins/workspace/ECP/ecg-maya-hydra/ecg-maya-hydra-branch-preflight-python3-linux/install --signing-dir=/local/S/jenkins/workspace/ECP/ecg-maya-hydra/ecg-maya-hydra-branch-preflight-python3-linux/signing --package-dir=/local/S/jenkins/workspace/ECP/ecg-maya-hydra/ecg-maya-hydra-branch-preflight-python3-linux/package --output-dir=/local/S/jenkins/workspace/ECP/ecg-maya-hydra/ecg-maya-hydra-branch-preflight-python3-linux/output --stash-dir=/local/S/jenkins/workspace/ECP/ecg-maya-hydra/ecg-maya-hydra-branch-preflight-python3-linux/stash --jenkins-build=411 --git-commit=dc2f04ad856bbd718ecc1f9c48e6fc1b3807c687 --git-branch=master --variants=RelWithDebInfo --interactive-tests=true --post-zips=false --osx-binary-architecture-target=ub2 --osx-deployment-target=11.0 --osx-base-sdk=CurrentActiveSDK --extra-license-file=ecg-maya-hydra/jenkins-o03-cot/melicense.lic --prune-versions=3 --prune-revisions=3 --maya-cut-config=maya-rundev-master.yaml --maya-package=rundev-master --stage-banner --prune-artifacts --force-pruning
[2023-11-21T16:50:05.630Z] Getting rundev-master download URL from Maya SHA-1 hash
[2023-11-21T16:50:05.630Z] Finding Artifactory servers response times
[2023-11-21T16:50:08.172Z] [VERBOSE] Start loading URL (CURL): https://art-bear.autodesk.com/artifactory/api/system/ping
[2023-11-21T16:50:08.172Z] [DEBUG] Running: /usr/bin/curl -s -X GET --keepalive-time 10 --connect-timeout 60 --speed-limit 10000 --speed-time 120 --max-time 3600 --retry 5 --retry-max-time 2400 -H Connection:close https://art-bear.autodesk.com/artifactory/api/system/ping
[2023-11-21T16:50:08.172Z] [DEBUG] Output:
[2023-11-21T16:50:08.172Z] OK
[2023-11-21T16:50:08.172Z] [VERBOSE] End loading URL (CURL): https://art-bear.autodesk.com/artifactory/api/system/ping
[2023-11-21T16:50:08.172Z] [VERBOSE] Start loading URL (CURL): https://art-marmotte.autodesk.com/artifactory/api/system/ping
[2023-11-21T16:50:08.172Z] [DEBUG] Running: /usr/bin/curl -s -X GET --keepalive-time 10 --connect-timeout 60 --speed-limit 10000 --speed-time 120 --max-time 3600 --retry 5 --retry-max-time 2400 -H Connection:close https://art-marmotte.autodesk.com/artifactory/api/system/ping
[2023-11-21T16:50:08.172Z] [DEBUG] Output:
[2023-11-21T16:50:08.172Z] OK
[2023-11-21T16:50:08.172Z] [VERBOSE] End loading URL (CURL): https://art-marmotte.autodesk.com/artifactory/api/system/ping
[2023-11-21T16:50:08.172Z] [VERBOSE] Start loading URL (CURL): https://art-bobcat.autodesk.com/artifactory/api/system/ping
[2023-11-21T16:50:08.172Z] [DEBUG] Running: /usr/bin/curl -s -X GET --keepalive-time 10 --connect-timeout 60 --speed-limit 10000 --speed-time 120 --max-time 3600 --retry 5 --retry-max-time 2400 -H Connection:close https://art-bobcat.autodesk.com/artifactory/api/system/ping
[2023-11-21T16:50:08.172Z] [DEBUG] Output:
[2023-11-21T16:50:08.172Z] OK
[2023-11-21T16:50:08.172Z] [VERBOSE] End loading URL (CURL): https://art-bobcat.autodesk.com/artifactory/api/system/ping
[2023-11-21T16:50:08.172Z] [VERBOSE] Start loading URL (CURL): https://art-bear.autodesk.com/artifactory/api/search/checksum?repos=autodesk-3p-generic,adsk-build-tools-generic,team-ecg-generic,team-maya-generic,oss-stg-generic&sha1=48b82298c06eaf2c74970418eeb9a87d644b4f3c
[2023-11-21T16:50:08.172Z] [DEBUG] Running: /usr/bin/curl -s -X GET --keepalive-time 10 --connect-timeout 60 --speed-limit 10000 --speed-time 120 --max-time 3600 --retry 5 --retry-max-time 2400 -H Connection:close -H Authorization:Basic ZWNnYmlmcm9zdDpvcGUqKjAw https://art-bear.autodesk.com/artifactory/api/search/checksum?repos=autodesk-3p-generic,adsk-build-tools-generic,team-ecg-generic,team-maya-generic,oss-stg-generic&sha1=48b82298c06eaf2c74970418eeb9a87d644b4f3c
[2023-11-21T16:50:08.172Z] [DEBUG] Output:
[2023-11-21T16:50:08.172Z] {
[2023-11-21T16:50:08.172Z]   "results" : [ {
[2023-11-21T16:50:08.172Z]     "uri" : "https://art-bear.autodesk.com:443/artifactory/api/storage/team-maya-generic/Maya/master/plnx/2023-11-13-08-12_72bdc70acd/202311130812-72bdc70acd-RUNDEV.tgz"
[2023-11-21T16:50:08.172Z]   } ]
[2023-11-21T16:50:08.172Z] }
[2023-11-21T16:50:08.172Z] [VERBOSE] End loading URL (CURL): https://art-bear.autodesk.com/artifactory/api/search/checksum?repos=autodesk-3p-generic,adsk-build-tools-generic,team-ecg-generic,team-maya-generic,oss-stg-generic&sha1=48b82298c06eaf2c74970418eeb9a87d644b4f3c
[2023-11-21T16:50:08.172Z] [VERBOSE] Start loading URL (CURL): https://art-bear.autodesk.com:443/artifactory/api/storage/team-maya-generic/Maya/master/plnx/2023-11-13-08-12_72bdc70acd/202311130812-72bdc70acd-RUNDEV.tgz
[2023-11-21T16:50:08.172Z] [DEBUG] Running: /usr/bin/curl -s -X GET --keepalive-time 10 --connect-timeout 60 --speed-limit 10000 --speed-time 120 --max-time 3600 --retry 5 --retry-max-time 2400 -H Connection:close -H Authorization:Basic ZWNnYmlmcm9zdDpvcGUqKjAw https://art-bear.autodesk.com:443/artifactory/api/storage/team-maya-generic/Maya/master/plnx/2023-11-13-08-12_72bdc70acd/202311130812-72bdc70acd-RUNDEV.tgz
[2023-11-21T16:50:08.172Z] [DEBUG] Output:
[2023-11-21T16:50:08.172Z] {
[2023-11-21T16:50:08.172Z]   "repo" : "team-maya-generic",
[2023-11-21T16:50:08.172Z]   "path" : "/Maya/master/plnx/2023-11-13-08-12_72bdc70acd/202311130812-72bdc70acd-RUNDEV.tgz",
[2023-11-21T16:50:08.172Z]   "created" : "2023-11-13T13:10:31.649-05:00",
[2023-11-21T16:50:08.172Z]   "createdBy" : "token:art-bear.autodesk.com",
[2023-11-21T16:50:08.172Z]   "lastModified" : "2023-11-13T13:10:25.412-05:00",
[2023-11-21T16:50:08.172Z]   "modifiedBy" : "token:art-bear.autodesk.com",
[2023-11-21T16:50:08.172Z]   "lastUpdated" : "2023-11-13T13:10:31.650-05:00",
[2023-11-21T16:50:08.172Z]   "downloadUri" : "https://art-bear.autodesk.com:443/artifactory/team-maya-generic/Maya/master/plnx/2023-11-13-08-12_72bdc70acd/202311130812-72bdc70acd-RUNDEV.tgz",
[2023-11-21T16:50:08.172Z]   "mimeType" : "application/x-gzip",
[2023-11-21T16:50:08.172Z]   "size" : "2658637657",
[2023-11-21T16:50:08.172Z]   "checksums" : {
[2023-11-21T16:50:08.172Z]     "sha1" : "48b82298c06eaf2c74970418eeb9a87d644b4f3c",
[2023-11-21T16:50:08.172Z]     "md5" : "229ebf6ef8a97883913e0d9a148768a3",
[2023-11-21T16:50:08.172Z]     "sha256" : "cce53c6cd434f001b86a4f40c51ba67b276c3888be1e4023e30b97880853815e"
[2023-11-21T16:50:08.172Z]   },
[2023-11-21T16:50:08.172Z]   "originalChecksums" : {
[2023-11-21T16:50:08.172Z]     "sha1" : "48b82298c06eaf2c74970418eeb9a87d644b4f3c",
[2023-11-21T16:50:08.172Z]     "md5" : "229ebf6ef8a97883913e0d9a148768a3",
[2023-11-21T16:50:08.172Z]     "sha256" : "cce53c6cd434f001b86a4f40c51ba67b276c3888be1e4023e30b97880853815e"
[2023-11-21T16:50:08.172Z]   },
[2023-11-21T16:50:08.172Z]   "uri" : "https://art-bear.autodesk.com:443/artifactory/api/storage/team-maya-generic/Maya/master/plnx/2023-11-13-08-12_72bdc70acd/202311130812-72bdc70acd-RUNDEV.tgz"
[2023-11-21T16:50:08.172Z] }
[2023-11-21T16:50:08.172Z] [VERBOSE] End loading URL (CURL): https://art-bear.autodesk.com:443/artifactory/api/storage/team-maya-generic/Maya/master/plnx/2023-11-13-08-12_72bdc70acd/202311130812-72bdc70acd-RUNDEV.tgz
[2023-11-21T16:50:08.172Z] Using Maya cut from /local/S/jenkins/workspace/shared/Artifactory/Linux/rundev-master/202311130812/runtime/48b8229
[2023-11-21T16:50:08.172Z] 
[2023-11-21T16:50:08.172Z] ================================================================================
[2023-11-21T16:50:08.172Z]                              setup (RelWithDebInfo)
[2023-11-21T16:50:08.172Z] ================================================================================
[Pipeline] }
[Pipeline] // withEnv
[Pipeline] }
[Pipeline] // timeout
[Pipeline] }
[Pipeline] // stage
[Pipeline] }
[Pipeline] // timestamps
[Pipeline] timestamps
[Pipeline] {
[Pipeline] stage
[Pipeline] { (Clean)
[Pipeline] timeout
[2023-11-21T16:50:08.521Z] Timeout set to expire in 6 hr 0 min
[Pipeline] {
[Pipeline] withEnv
[Pipeline] {
[Pipeline] sh
[2023-11-21T16:50:09.636Z] + scl enable gcc-toolset-11 -
[2023-11-21T16:50:09.636Z] + '[' enable = load -o enable = unload ']'
[2023-11-21T16:50:09.636Z] + /usr/bin/scl enable gcc-toolset-11 -
[2023-11-21T16:50:09.636Z] python ecg-maya-hydra/build.py --stages=clean --workspace-dir=/local/S/jenkins/workspace/ECP/ecg-maya-hydra/ecg-maya-hydra-branch-preflight-python3-linux --artifactory-dir=/local/S/jenkins/workspace/shared/Artifactory --build-dir=/local/S/jenkins/workspace/ECP/ecg-maya-hydra/ecg-maya-hydra-branch-preflight-python3-linux/build --install-dir=/local/S/jenkins/workspace/ECP/ecg-maya-hydra/ecg-maya-hydra-branch-preflight-python3-linux/install --signing-dir=/local/S/jenkins/workspace/ECP/ecg-maya-hydra/ecg-maya-hydra-branch-preflight-python3-linux/signing --package-dir=/local/S/jenkins/workspace/ECP/ecg-maya-hydra/ecg-maya-hydra-branch-preflight-python3-linux/package --output-dir=/local/S/jenkins/workspace/ECP/ecg-maya-hydra/ecg-maya-hydra-branch-preflight-python3-linux/output --stash-dir=/local/S/jenkins/workspace/ECP/ecg-maya-hydra/ecg-maya-hydra-branch-preflight-python3-linux/stash --jenkins-build=411 --git-commit=dc2f04ad856bbd718ecc1f9c48e6fc1b3807c687 --git-branch=master --variants=Debug --interactive-tests=true --post-zips=false --osx-binary-architecture-target=ub2 --osx-deployment-target=11.0 --osx-base-sdk=CurrentActiveSDK --maya-cut-config=maya-rundev-master-debug.yaml --maya-package=rundev-master-debug --stage-banner
[2023-11-21T16:50:09.636Z] Using Maya cut from /local/S/jenkins/workspace/shared/Artifactory/Linux/rundev-master-debug/202311130621/runtime/fb61367
[2023-11-21T16:50:09.636Z] 
[2023-11-21T16:50:09.636Z] ================================================================================
[2023-11-21T16:50:09.636Z]                                  clean (Debug)
[2023-11-21T16:50:09.636Z] ================================================================================
[2023-11-21T16:50:09.636Z] Maya Python Debug Info:
[2023-11-21T16:50:09.636Z]   mayapy executable   = /local/S/jenkins/workspace/shared/Artifactory/Linux/rundev-master-debug/202311130621/runtime/fb61367/runTime/bin/mayapy
[2023-11-21T16:50:09.636Z]   Include Folder      = /local/S/jenkins/workspace/shared/Artifactory/Linux/rundev-master-debug/202311130621/runtime/fb61367/runTime/include/Python311/Python
[2023-11-21T16:50:09.636Z]   Library             = /local/S/jenkins/workspace/shared/Artifactory/Linux/rundev-master-debug/202311130621/runtime/fb61367/runTime/lib/libpython3.11d.so.1.0
[2023-11-21T16:50:09.636Z]   site-package Folder = /local/S/jenkins/workspace/shared/Artifactory/Linux/rundev-master-debug/202311130621/runtime/fb61367/runTime/lib/python3.11/site-packages
[2023-11-21T16:50:11.446Z] In workdir: /home/S/jenkins/workspace/ECP/ecg-maya-hydra/ecg-maya-hydra-branch-preflight-python3-linux/ecg-maya-hydra/maya-hydra
[2023-11-21T16:50:11.446Z] Executing: /local/S/jenkins/workspace/shared/Artifactory/Linux/rundev-master-debug/202311130621/runtime/fb61367/runTime/bin/mayapy /home/S/jenkins/workspace/ECP/ecg-maya-hydra/ecg-maya-hydra-branch-preflight-python3-linux/ecg-maya-hydra/maya-hydra/build.py --generator Ninja --build-debug --maya-location /local/S/jenkins/workspace/shared/Artifactory/Linux/rundev-master-debug/202311130621/runtime/fb61367/runTime --devkit-location /local/S/jenkins/workspace/shared/Artifactory/Linux/rundev-master-debug/202311130621/runtime/fb61367/devkitBase --pxrusd-location /local/S/jenkins/workspace/shared/Artifactory/Linux/USD/e5ad5df --build-args=-DCMAKE_MAKE_PROGRAM=/local/S/jenkins/workspace/shared/Artifactory/Linux/ninja/1.10.2/9ab399b/ninja,-DPYTHON_INCLUDE_DIR=/local/S/jenkins/workspace/shared/Artifactory/Linux/rundev-master-debug/202311130621/runtime/fb61367/runTime/include/Python311/Python,-DPython_EXECUTABLE=/local/S/jenkins/workspace/shared/Artifactory/Linux/rundev-master-debug/202311130621/runtime/fb61367/runTime/bin/mayapy,-DPYTHON_LIBRARIES=/local/S/jenkins/workspace/shared/Artifactory/Linux/rundev-master-debug/202311130621/runtime/fb61367/runTime/lib/libpython3.11d.so.1.0,-DBUILD_WITH_PYTHON_3_VERSION=3.11,-DCMAKE_WANT_MATERIALX_BUILD=ON,-DCMAKE_PREFIX_PATH=/local/S/jenkins/workspace/shared/Artifactory/Linux/USD/e5ad5df,-DMAYAHYDRA_BUILD_NUMBER=411,-DMAYAHYDRA_GIT_COMMIT=dc2f04ad856bbd718ecc1f9c48e6fc1b3807c687,-DMAYAHYDRA_GIT_BRANCH=master --debug-python '--ctest-args=--parallel 16' --stages=clean --redirect-outstream-file=False --install-location /local/S/jenkins/workspace/ECP/ecg-maya-hydra/ecg-maya-hydra-branch-preflight-python3-linux/install/Debug/MayaHydra /local/S/jenkins/workspace/ECP/ecg-maya-hydra/ecg-maya-hydra-branch-preflight-python3-linux
[2023-11-21T16:50:11.446Z] Modified environment variables:
[2023-11-21T16:50:11.446Z]     LD_LIBRARY_PATH=/opt/rh/gcc-toolset-11/root/usr/lib64:/opt/rh/gcc-toolset-11/root/usr/lib64:/opt/rh/gcc-toolset-11/root/usr/lib:/opt/rh/gcc-toolset-11/root/usr/lib64/dyninst:/opt/rh/gcc-toolset-11/root/usr/lib/dyninst
[2023-11-21T16:50:11.446Z]     PATH=/local/S/jenkins/workspace/shared/Artifactory/Linux/cmake/3.20.3/ab685d7/bin:/opt/rh/gcc-toolset-11/root/usr/bin:/home/administrator/.local/bin:/home/administrator/bin:/usr/share/Modules/bin:/usr/local/bin:/usr/local/sbin:/usr/bin:/usr/sbin
[2023-11-21T16:50:12.002Z]     
[2023-11-21T16:50:12.002Z]         Building with settings:
[2023-11-21T16:50:12.002Z]           Source directory          /home/S/jenkins/workspace/ECP/ecg-maya-hydra/ecg-maya-hydra-branch-preflight-python3-linux/ecg-maya-hydra/maya-hydra
[2023-11-21T16:50:12.002Z]           Workspace directory       /local/S/jenkins/workspace/ECP/ecg-maya-hydra/ecg-maya-hydra-branch-preflight-python3-linux
[2023-11-21T16:50:12.002Z]           Build directory           /local/S/jenkins/workspace/ECP/ecg-maya-hydra/ecg-maya-hydra-branch-preflight-python3-linux/build/Debug
[2023-11-21T16:50:12.002Z]           Install directory         /local/S/jenkins/workspace/ECP/ecg-maya-hydra/ecg-maya-hydra-branch-preflight-python3-linux/install/Debug/MayaHydra
[2023-11-21T16:50:12.002Z]           Variant                   Debug
[2023-11-21T16:50:12.002Z]           Python Debug              On
[2023-11-21T16:50:12.002Z]           CMake generator           Ninja
[2023-11-21T16:50:12.003Z]           Build arguments           ['-DCMAKE_MAKE_PROGRAM=/local/S/jenkins/workspace/shared/Artifactory/Linux/ninja/1.10.2/9ab399b/ninja', '-DPYTHON_INCLUDE_DIR=/local/S/jenkins/workspace/shared/Artifactory/Linux/rundev-master-debug/202311130621/runtime/fb61367/runTime/include/Python311/Python', '-DPython_EXECUTABLE=/local/S/jenkins/workspace/shared/Artifactory/Linux/rundev-master-debug/202311130621/runtime/fb61367/runTime/bin/mayapy', '-DPYTHON_LIBRARIES=/local/S/jenkins/workspace/shared/Artifactory/Linux/rundev-master-debug/202311130621/runtime/fb61367/runTime/lib/libpython3.11d.so.1.0', '-DBUILD_WITH_PYTHON_3_VERSION=3.11', '-DCMAKE_WANT_MATERIALX_BUILD=ON', '-DCMAKE_PREFIX_PATH=/local/S/jenkins/workspace/shared/Artifactory/Linux/USD/e5ad5df', '-DMAYAHYDRA_BUILD_NUMBER=411', '-DMAYAHYDRA_GIT_COMMIT=dc2f04ad856bbd718ecc1f9c48e6fc1b3807c687', '-DMAYAHYDRA_GIT_BRANCH=master']
[2023-11-21T16:50:12.003Z]           Stages arguments          ['clean']
[2023-11-21T16:50:12.003Z]           CTest arguments           ['--parallel 16']
[2023-11-21T16:50:12.003Z]     Success MayaHydra build and install !!!!
[2023-11-21T16:50:12.003Z]     Elapsed time: 00:00:00
[Pipeline] sh
[2023-11-21T16:50:13.312Z] + scl enable gcc-toolset-11 -
[2023-11-21T16:50:13.312Z] + '[' enable = load -o enable = unload ']'
[2023-11-21T16:50:13.312Z] + /usr/bin/scl enable gcc-toolset-11 -
[2023-11-21T16:50:13.312Z] python ecg-maya-hydra/build.py --stages=clean --workspace-dir=/local/S/jenkins/workspace/ECP/ecg-maya-hydra/ecg-maya-hydra-branch-preflight-python3-linux --artifactory-dir=/local/S/jenkins/workspace/shared/Artifactory --build-dir=/local/S/jenkins/workspace/ECP/ecg-maya-hydra/ecg-maya-hydra-branch-preflight-python3-linux/build --install-dir=/local/S/jenkins/workspace/ECP/ecg-maya-hydra/ecg-maya-hydra-branch-preflight-python3-linux/install --signing-dir=/local/S/jenkins/workspace/ECP/ecg-maya-hydra/ecg-maya-hydra-branch-preflight-python3-linux/signing --package-dir=/local/S/jenkins/workspace/ECP/ecg-maya-hydra/ecg-maya-hydra-branch-preflight-python3-linux/package --output-dir=/local/S/jenkins/workspace/ECP/ecg-maya-hydra/ecg-maya-hydra-branch-preflight-python3-linux/output --stash-dir=/local/S/jenkins/workspace/ECP/ecg-maya-hydra/ecg-maya-hydra-branch-preflight-python3-linux/stash --jenkins-build=411 --git-commit=dc2f04ad856bbd718ecc1f9c48e6fc1b3807c687 --git-branch=master --variants=RelWithDebInfo --interactive-tests=true --post-zips=false --osx-binary-architecture-target=ub2 --osx-deployment-target=11.0 --osx-base-sdk=CurrentActiveSDK --maya-cut-config=maya-rundev-master.yaml --maya-package=rundev-master --stage-banner
[2023-11-21T16:50:13.312Z] Using Maya cut from /local/S/jenkins/workspace/shared/Artifactory/Linux/rundev-master/202311130812/runtime/48b8229
[2023-11-21T16:50:13.312Z] 
[2023-11-21T16:50:13.312Z] ================================================================================
[2023-11-21T16:50:13.312Z]                              clean (RelWithDebInfo)
[2023-11-21T16:50:13.312Z] ================================================================================
[2023-11-21T16:50:13.312Z] Maya Python RelWithDebInfo Info:
[2023-11-21T16:50:13.312Z]   mayapy executable   = /local/S/jenkins/workspace/shared/Artifactory/Linux/rundev-master/202311130812/runtime/48b8229/runTime/bin/mayapy
[2023-11-21T16:50:13.312Z]   Include Folder      = /local/S/jenkins/workspace/shared/Artifactory/Linux/rundev-master/202311130812/runtime/48b8229/runTime/include/Python311/Python
[2023-11-21T16:50:13.312Z]   Library             = /local/S/jenkins/workspace/shared/Artifactory/Linux/rundev-master/202311130812/runtime/48b8229/runTime/lib/libpython3.11.so.1.0
[2023-11-21T16:50:13.312Z]   site-package Folder = /local/S/jenkins/workspace/shared/Artifactory/Linux/rundev-master/202311130812/runtime/48b8229/runTime/lib/python3.11/site-packages
[2023-11-21T16:50:14.449Z] In workdir: /home/S/jenkins/workspace/ECP/ecg-maya-hydra/ecg-maya-hydra-branch-preflight-python3-linux/ecg-maya-hydra/maya-hydra
[2023-11-21T16:50:14.449Z] Executing: /local/S/jenkins/workspace/shared/Artifactory/Linux/rundev-master/202311130812/runtime/48b8229/runTime/bin/mayapy /home/S/jenkins/workspace/ECP/ecg-maya-hydra/ecg-maya-hydra-branch-preflight-python3-linux/ecg-maya-hydra/maya-hydra/build.py --generator Ninja --build-relwithdebug --maya-location /local/S/jenkins/workspace/shared/Artifactory/Linux/rundev-master/202311130812/runtime/48b8229/runTime --devkit-location /local/S/jenkins/workspace/shared/Artifactory/Linux/rundev-master/202311130812/runtime/48b8229/devkitBase --pxrusd-location /local/S/jenkins/workspace/shared/Artifactory/Linux/USD/1a43c47 --build-args=-DCMAKE_MAKE_PROGRAM=/local/S/jenkins/workspace/shared/Artifactory/Linux/ninja/1.10.2/9ab399b/ninja,-DPYTHON_INCLUDE_DIR=/local/S/jenkins/workspace/shared/Artifactory/Linux/rundev-master/202311130812/runtime/48b8229/runTime/include/Python311/Python,-DPython_EXECUTABLE=/local/S/jenkins/workspace/shared/Artifactory/Linux/rundev-master/202311130812/runtime/48b8229/runTime/bin/mayapy,-DPYTHON_LIBRARIES=/local/S/jenkins/workspace/shared/Artifactory/Linux/rundev-master/202311130812/runtime/48b8229/runTime/lib/libpython3.11.so.1.0,-DBUILD_WITH_PYTHON_3_VERSION=3.11,-DCMAKE_WANT_MATERIALX_BUILD=ON,-DCMAKE_PREFIX_PATH=/local/S/jenkins/workspace/shared/Artifactory/Linux/USD/1a43c47,-DMAYAHYDRA_BUILD_NUMBER=411,-DMAYAHYDRA_GIT_COMMIT=dc2f04ad856bbd718ecc1f9c48e6fc1b3807c687,-DMAYAHYDRA_GIT_BRANCH=master '--ctest-args=--parallel 16' --stages=clean --redirect-outstream-file=False --install-location /local/S/jenkins/workspace/ECP/ecg-maya-hydra/ecg-maya-hydra-branch-preflight-python3-linux/install/RelWithDebInfo/MayaHydra /local/S/jenkins/workspace/ECP/ecg-maya-hydra/ecg-maya-hydra-branch-preflight-python3-linux
[2023-11-21T16:50:14.449Z] Modified environment variables:
[2023-11-21T16:50:14.449Z]     LD_LIBRARY_PATH=/opt/rh/gcc-toolset-11/root/usr/lib64:/opt/rh/gcc-toolset-11/root/usr/lib64:/opt/rh/gcc-toolset-11/root/usr/lib:/opt/rh/gcc-toolset-11/root/usr/lib64/dyninst:/opt/rh/gcc-toolset-11/root/usr/lib/dyninst
[2023-11-21T16:50:14.449Z]     PATH=/local/S/jenkins/workspace/shared/Artifactory/Linux/cmake/3.20.3/ab685d7/bin:/opt/rh/gcc-toolset-11/root/usr/bin:/home/administrator/.local/bin:/home/administrator/bin:/usr/share/Modules/bin:/usr/local/bin:/usr/local/sbin:/usr/bin:/usr/sbin
[2023-11-21T16:50:14.990Z]     
[2023-11-21T16:50:14.990Z]         Building with settings:
[2023-11-21T16:50:14.990Z]           Source directory          /home/S/jenkins/workspace/ECP/ecg-maya-hydra/ecg-maya-hydra-branch-preflight-python3-linux/ecg-maya-hydra/maya-hydra
[2023-11-21T16:50:14.990Z]           Workspace directory       /local/S/jenkins/workspace/ECP/ecg-maya-hydra/ecg-maya-hydra-branch-preflight-python3-linux
[2023-11-21T16:50:14.990Z]           Build directory           /local/S/jenkins/workspace/ECP/ecg-maya-hydra/ecg-maya-hydra-branch-preflight-python3-linux/build/RelWithDebInfo
[2023-11-21T16:50:14.990Z]           Install directory         /local/S/jenkins/workspace/ECP/ecg-maya-hydra/ecg-maya-hydra-branch-preflight-python3-linux/install/RelWithDebInfo/MayaHydra
[2023-11-21T16:50:14.990Z]           Variant                   RelWithDebInfo
[2023-11-21T16:50:14.990Z]           Python Debug              Off
[2023-11-21T16:50:14.990Z]           CMake generator           Ninja
[2023-11-21T16:50:14.990Z]           Build arguments           ['-DCMAKE_MAKE_PROGRAM=/local/S/jenkins/workspace/shared/Artifactory/Linux/ninja/1.10.2/9ab399b/ninja', '-DPYTHON_INCLUDE_DIR=/local/S/jenkins/workspace/shared/Artifactory/Linux/rundev-master/202311130812/runtime/48b8229/runTime/include/Python311/Python', '-DPython_EXECUTABLE=/local/S/jenkins/workspace/shared/Artifactory/Linux/rundev-master/202311130812/runtime/48b8229/runTime/bin/mayapy', '-DPYTHON_LIBRARIES=/local/S/jenkins/workspace/shared/Artifactory/Linux/rundev-master/202311130812/runtime/48b8229/runTime/lib/libpython3.11.so.1.0', '-DBUILD_WITH_PYTHON_3_VERSION=3.11', '-DCMAKE_WANT_MATERIALX_BUILD=ON', '-DCMAKE_PREFIX_PATH=/local/S/jenkins/workspace/shared/Artifactory/Linux/USD/1a43c47', '-DMAYAHYDRA_BUILD_NUMBER=411', '-DMAYAHYDRA_GIT_COMMIT=dc2f04ad856bbd718ecc1f9c48e6fc1b3807c687', '-DMAYAHYDRA_GIT_BRANCH=master']
[2023-11-21T16:50:14.990Z]           Stages arguments          ['clean']
[2023-11-21T16:50:14.990Z]           CTest arguments           ['--parallel 16']
[2023-11-21T16:50:14.990Z]     Success MayaHydra build and install !!!!
[2023-11-21T16:50:14.990Z]     Elapsed time: 00:00:00
[Pipeline] }
[Pipeline] // withEnv
[Pipeline] }
[Pipeline] // timeout
[Pipeline] }
[Pipeline] // stage
[Pipeline] }
[Pipeline] // timestamps
[Pipeline] timestamps
[Pipeline] {
[Pipeline] stage
[Pipeline] { (Configure)
[Pipeline] timeout
[2023-11-21T16:50:15.375Z] Timeout set to expire in 6 hr 0 min
[Pipeline] {
[Pipeline] withEnv
[Pipeline] {
[Pipeline] sh
[2023-11-21T16:50:16.513Z] + scl enable gcc-toolset-11 -
[2023-11-21T16:50:16.513Z] + '[' enable = load -o enable = unload ']'
[2023-11-21T16:50:16.513Z] + /usr/bin/scl enable gcc-toolset-11 -
[2023-11-21T16:50:16.514Z] python ecg-maya-hydra/build.py --stages=configure --workspace-dir=/local/S/jenkins/workspace/ECP/ecg-maya-hydra/ecg-maya-hydra-branch-preflight-python3-linux --artifactory-dir=/local/S/jenkins/workspace/shared/Artifactory --build-dir=/local/S/jenkins/workspace/ECP/ecg-maya-hydra/ecg-maya-hydra-branch-preflight-python3-linux/build --install-dir=/local/S/jenkins/workspace/ECP/ecg-maya-hydra/ecg-maya-hydra-branch-preflight-python3-linux/install --signing-dir=/local/S/jenkins/workspace/ECP/ecg-maya-hydra/ecg-maya-hydra-branch-preflight-python3-linux/signing --package-dir=/local/S/jenkins/workspace/ECP/ecg-maya-hydra/ecg-maya-hydra-branch-preflight-python3-linux/package --output-dir=/local/S/jenkins/workspace/ECP/ecg-maya-hydra/ecg-maya-hydra-branch-preflight-python3-linux/output --stash-dir=/local/S/jenkins/workspace/ECP/ecg-maya-hydra/ecg-maya-hydra-branch-preflight-python3-linux/stash --jenkins-build=411 --git-commit=dc2f04ad856bbd718ecc1f9c48e6fc1b3807c687 --git-branch=master --variants=Debug --interactive-tests=true --post-zips=false --osx-binary-architecture-target=ub2 --osx-deployment-target=11.0 --osx-base-sdk=CurrentActiveSDK --maya-cut-config=maya-rundev-master-debug.yaml --maya-package=rundev-master-debug --stage-banner
[2023-11-21T16:50:16.514Z] Using Maya cut from /local/S/jenkins/workspace/shared/Artifactory/Linux/rundev-master-debug/202311130621/runtime/fb61367
[2023-11-21T16:50:16.514Z] 
[2023-11-21T16:50:16.514Z] ================================================================================
[2023-11-21T16:50:16.514Z]                                configure (Debug)
[2023-11-21T16:50:16.514Z] ================================================================================
[2023-11-21T16:50:16.514Z] Maya Python Debug Info:
[2023-11-21T16:50:16.514Z]   mayapy executable   = /local/S/jenkins/workspace/shared/Artifactory/Linux/rundev-master-debug/202311130621/runtime/fb61367/runTime/bin/mayapy
[2023-11-21T16:50:16.514Z]   Include Folder      = /local/S/jenkins/workspace/shared/Artifactory/Linux/rundev-master-debug/202311130621/runtime/fb61367/runTime/include/Python311/Python
[2023-11-21T16:50:16.514Z]   Library             = /local/S/jenkins/workspace/shared/Artifactory/Linux/rundev-master-debug/202311130621/runtime/fb61367/runTime/lib/libpython3.11d.so.1.0
[2023-11-21T16:50:16.514Z]   site-package Folder = /local/S/jenkins/workspace/shared/Artifactory/Linux/rundev-master-debug/202311130621/runtime/fb61367/runTime/lib/python3.11/site-packages
[2023-11-21T16:50:17.735Z] In workdir: /home/S/jenkins/workspace/ECP/ecg-maya-hydra/ecg-maya-hydra-branch-preflight-python3-linux/ecg-maya-hydra/maya-hydra
[2023-11-21T16:50:17.735Z] Executing: /local/S/jenkins/workspace/shared/Artifactory/Linux/rundev-master-debug/202311130621/runtime/fb61367/runTime/bin/mayapy /home/S/jenkins/workspace/ECP/ecg-maya-hydra/ecg-maya-hydra-branch-preflight-python3-linux/ecg-maya-hydra/maya-hydra/build.py --generator Ninja --build-debug --maya-location /local/S/jenkins/workspace/shared/Artifactory/Linux/rundev-master-debug/202311130621/runtime/fb61367/runTime --devkit-location /local/S/jenkins/workspace/shared/Artifactory/Linux/rundev-master-debug/202311130621/runtime/fb61367/devkitBase --pxrusd-location /local/S/jenkins/workspace/shared/Artifactory/Linux/USD/e5ad5df --build-args=-DCMAKE_MAKE_PROGRAM=/local/S/jenkins/workspace/shared/Artifactory/Linux/ninja/1.10.2/9ab399b/ninja,-DPYTHON_INCLUDE_DIR=/local/S/jenkins/workspace/shared/Artifactory/Linux/rundev-master-debug/202311130621/runtime/fb61367/runTime/include/Python311/Python,-DPython_EXECUTABLE=/local/S/jenkins/workspace/shared/Artifactory/Linux/rundev-master-debug/202311130621/runtime/fb61367/runTime/bin/mayapy,-DPYTHON_LIBRARIES=/local/S/jenkins/workspace/shared/Artifactory/Linux/rundev-master-debug/202311130621/runtime/fb61367/runTime/lib/libpython3.11d.so.1.0,-DBUILD_WITH_PYTHON_3_VERSION=3.11,-DCMAKE_WANT_MATERIALX_BUILD=ON,-DCMAKE_PREFIX_PATH=/local/S/jenkins/workspace/shared/Artifactory/Linux/USD/e5ad5df,-DMAYAHYDRA_BUILD_NUMBER=411,-DMAYAHYDRA_GIT_COMMIT=dc2f04ad856bbd718ecc1f9c48e6fc1b3807c687,-DMAYAHYDRA_GIT_BRANCH=master --debug-python '--ctest-args=--parallel 16' --stages=configure --redirect-outstream-file=False --install-location /local/S/jenkins/workspace/ECP/ecg-maya-hydra/ecg-maya-hydra-branch-preflight-python3-linux/install/Debug/MayaHydra /local/S/jenkins/workspace/ECP/ecg-maya-hydra/ecg-maya-hydra-branch-preflight-python3-linux
[2023-11-21T16:50:17.735Z] Modified environment variables:
[2023-11-21T16:50:17.735Z]     LD_LIBRARY_PATH=/opt/rh/gcc-toolset-11/root/usr/lib64:/opt/rh/gcc-toolset-11/root/usr/lib64:/opt/rh/gcc-toolset-11/root/usr/lib:/opt/rh/gcc-toolset-11/root/usr/lib64/dyninst:/opt/rh/gcc-toolset-11/root/usr/lib/dyninst
[2023-11-21T16:50:17.735Z]     PATH=/local/S/jenkins/workspace/shared/Artifactory/Linux/cmake/3.20.3/ab685d7/bin:/opt/rh/gcc-toolset-11/root/usr/bin:/home/administrator/.local/bin:/home/administrator/bin:/usr/share/Modules/bin:/usr/local/bin:/usr/local/sbin:/usr/bin:/usr/sbin
[2023-11-21T16:50:17.735Z]     -- The C compiler identification is GNU 11.2.1
[2023-11-21T16:50:18.352Z]     -- The CXX compiler identification is GNU 11.2.1
[2023-11-21T16:50:18.352Z]     -- Detecting C compiler ABI info
[2023-11-21T16:50:18.352Z]     -- Detecting C compiler ABI info - done
[2023-11-21T16:50:18.352Z]     -- Check for working C compiler: /opt/rh/gcc-toolset-11/root/usr/bin/cc - skipped
[2023-11-21T16:50:18.352Z]     -- Detecting C compile features
[2023-11-21T16:50:18.352Z]     -- Detecting C compile features - done
[2023-11-21T16:50:18.352Z]     -- Detecting CXX compiler ABI info
[2023-11-21T16:50:18.352Z]     -- Detecting CXX compiler ABI info - done
[2023-11-21T16:50:18.352Z]     -- Check for working CXX compiler: /opt/rh/gcc-toolset-11/root/usr/bin/c++ - skipped
[2023-11-21T16:50:18.352Z]     -- Detecting CXX compile features
[2023-11-21T16:50:18.352Z]     -- Detecting CXX compile features - done
[2023-11-21T16:50:18.894Z]     -- Using Maya Light API Version 3
[2023-11-21T16:50:18.894Z]     -- Maya has setDefaultMaterialHandling API
[2023-11-21T16:50:18.894Z]     -- Maya has new point snapping API
[2023-11-21T16:50:18.894Z]     -- Maya has isInCrashHandler API
[2023-11-21T16:50:18.894Z]     -- Maya has getDisplayStyleOfAllViewports API
[2023-11-21T16:50:18.894Z]     -- Maya array iterator has difference_type trait
[2023-11-21T16:50:18.894Z]     -- MFnSet has getMemberPaths function
[2023-11-21T16:50:18.894Z]     -- MFnDisplayLayer exists
[2023-11-21T16:50:18.894Z]     -- MDisplayLayerMessage has MDisplayLayerMemberChangedFunction
[2023-11-21T16:50:18.894Z]     -- MRenderItem has HideOnPlayback API
[2023-11-21T16:50:18.894Z]     -- Linux: Maya was built with new cxx11 ABI
[2023-11-21T16:50:18.894Z]     -- Found Maya: /local/S/jenkins/workspace/shared/Artifactory/Linux/rundev-master-debug/202311130621/runtime/fb61367/runTime/bin/maya (found suitable version "2025", minimum required is "2024")
[2023-11-21T16:50:20.434Z]     -- Found Python: /local/S/jenkins/workspace/shared/Artifactory/Linux/rundev-master-debug/202311130621/runtime/fb61367/runTime/bin/mayapy (found suitable exact version "3.11.4") found components: Interpreter
[2023-11-21T16:50:20.434Z]     -- Build mayaHydra with Python3 = 3.11
[2023-11-21T16:50:20.434Z]     --    PYTHON_INCLUDE_DIRS = /local/S/jenkins/workspace/shared/Artifactory/Linux/rundev-master-debug/202311130621/runtime/fb61367/runTime/include/Python311/Python
[2023-11-21T16:50:20.434Z]     --    PYTHON_LIBRARIES    = /local/S/jenkins/workspace/shared/Artifactory/Linux/rundev-master-debug/202311130621/runtime/fb61367/runTime/lib/libpython3.11d.so.1.0
[2023-11-21T16:50:20.434Z]     --    Python_EXECUTABLE   = /local/S/jenkins/workspace/shared/Artifactory/Linux/rundev-master-debug/202311130621/runtime/fb61367/runTime/bin/mayapy
[2023-11-21T16:50:20.434Z]     -- Found Python3: /local/S/jenkins/workspace/shared/Artifactory/Linux/rundev-master-debug/202311130621/runtime/fb61367/runTime/include/Python311/Python (found suitable exact version "3.11.4") found components: Development Development.Module Development.Embed
[2023-11-21T16:50:20.434Z]     -- USD has new Sdr.PropertyTypes.Color4
[2023-11-21T16:50:20.976Z]     -- USD has MaterialX metadata support
[2023-11-21T16:50:20.976Z]     -- USD include dir: /local/S/jenkins/workspace/shared/Artifactory/Linux/USD/e5ad5df/include
[2023-11-21T16:50:20.976Z]     -- USD library dir: /local/S/jenkins/workspace/shared/Artifactory/Linux/USD/e5ad5df/lib
[2023-11-21T16:50:20.976Z]     -- USD version: 0.23.11
[2023-11-21T16:50:20.976Z]     -- Found USD: /local/S/jenkins/workspace/shared/Artifactory/Linux/USD/e5ad5df (found suitable version "0.23.11", minimum required is "0.22.11")
[2023-11-21T16:50:20.976Z]     Updated PYTHONPATH: /local/S/jenkins/workspace/shared/Artifactory/Linux/USD/e5ad5df/lib/python
[2023-11-21T16:50:20.976Z]     -- Found UFE: /local/S/jenkins/workspace/shared/Artifactory/Linux/rundev-master-debug/202311130621/runtime/fb61367/devkitBase/devkit/ufe/include (found version "0.5.11")
[2023-11-21T16:50:20.976Z]     -- UFE include dir: /local/S/jenkins/workspace/shared/Artifactory/Linux/rundev-master-debug/202311130621/runtime/fb61367/devkitBase/devkit/ufe/include
[2023-11-21T16:50:20.976Z]     -- UFE library: /local/S/jenkins/workspace/shared/Artifactory/Linux/rundev-master-debug/202311130621/runtime/fb61367/devkitBase/devkit/ufe/lib/libufe_0.so
[2023-11-21T16:50:20.976Z]     -- UFE version: 0.5.11
[2023-11-21T16:50:20.976Z]     -- Maya has UFE lights API
[2023-11-21T16:50:20.976Z]     -- Maya has UFE scene segment API
[2023-11-21T16:50:20.976Z]     -- Maya has UFE TrieNode childrenComponents accessor
[2023-11-21T16:50:20.976Z]     -- Building with UFE 0.5.11.
[2023-11-21T16:50:20.976Z]     -- Found MaterialX
[2023-11-21T16:50:20.976Z]     -- Check if compiler accepts -pthread
[2023-11-21T16:50:20.976Z]     -- Check if compiler accepts -pthread - yes
[2023-11-21T16:50:20.976Z]     -- Performing Test HAVE_STDATOMIC
[2023-11-21T16:50:20.976Z]     -- Performing Test HAVE_STDATOMIC - Success
[2023-11-21T16:50:20.976Z]     -- Found OpenGL: /usr/lib64/libOpenGL.so
[2023-11-21T16:50:21.518Z]     -- Check if linker can resolve circular dependencies - FALSE
[2023-11-21T16:50:21.518Z]     -- Found Qt 6.5.3 in Maya devkit. Hydra Scene Browser will be built.
[2023-11-21T16:50:21.518Z]     -- **** Building Gulrak From Github Repository.
[2023-11-21T16:50:21.518Z]     -- Populating gulrak
[2023-11-21T16:50:21.518Z]     -- Configuring done
[2023-11-21T16:50:21.518Z]     -- Generating done
[2023-11-21T16:50:21.518Z]     -- Build files have been written to: /home/S/jenkins/workspace/ECP/ecg-maya-hydra/ecg-maya-hydra-branch-preflight-python3-linux/build/Debug/_deps/gulrak-subbuild
[2023-11-21T16:50:21.518Z]     [1/9] Creating directories for 'gulrak-populate'
[2023-11-21T16:50:21.518Z]     [1/9] Performing download step (git clone) for 'gulrak-populate'
[2023-11-21T16:50:22.059Z]     Cloning into 'gulrak-src'...
[2023-11-21T16:50:23.193Z]     HEAD is now at 4e21ab3 Version bump and updated readme.
[2023-11-21T16:50:23.736Z]     [2/9] Performing update step for 'gulrak-populate'
[2023-11-21T16:50:23.736Z]     [4/9] No patch step for 'gulrak-populate'
[2023-11-21T16:50:23.736Z]     [5/9] No configure step for 'gulrak-populate'
[2023-11-21T16:50:23.736Z]     [6/9] No build step for 'gulrak-populate'
[2023-11-21T16:50:23.736Z]     [7/9] No install step for 'gulrak-populate'
[2023-11-21T16:50:23.736Z]     [8/9] No test step for 'gulrak-populate'
[2023-11-21T16:50:23.736Z]     [9/9] Completed 'gulrak-populate'
[2023-11-21T16:50:23.736Z]     -- ========== Installing GoogleTest... ==========
[2023-11-21T16:50:23.736Z]     -- Configuring done
[2023-11-21T16:50:23.736Z]     -- Generating done
[2023-11-21T16:50:23.736Z]     -- Build files have been written to: /home/S/jenkins/workspace/ECP/ecg-maya-hydra/ecg-maya-hydra-branch-preflight-python3-linux/build/Debug/googletest-config
[2023-11-21T16:50:23.736Z]     [1/8] Creating directories for 'googletest'
[2023-11-21T16:50:25.614Z]     [2/8] Performing download step (git clone) for 'googletest'
[2023-11-21T16:50:25.614Z]     Cloning into 'googletest-src'...
[2023-11-21T16:50:25.614Z]     HEAD is now at 703bd9ca Googletest export
[2023-11-21T16:50:25.614Z]     [3/8] Performing update step for 'googletest'
[2023-11-21T16:50:25.614Z]     [4/8] No patch step for 'googletest'
[2023-11-21T16:50:25.614Z]     [5/8] Performing configure step for 'googletest'
[2023-11-21T16:50:25.614Z]     Not searching for unused variables given on the command line.
[2023-11-21T16:50:25.614Z]     CMake Deprecation Warning at CMakeLists.txt:4 (cmake_minimum_required):
[2023-11-21T16:50:25.614Z]       Compatibility with CMake < 2.8.12 will be removed from a future version of
[2023-11-21T16:50:25.614Z]       CMake.
[2023-11-21T16:50:25.614Z]     
[2023-11-21T16:50:25.614Z]       Update the VERSION argument <min> value or use a ...<max> suffix to tell
[2023-11-21T16:50:25.614Z]       CMake that the project does not need compatibility with older versions.
[2023-11-21T16:50:25.614Z]     
[2023-11-21T16:50:25.614Z]     
[2023-11-21T16:50:25.614Z]     -- The C compiler identification is GNU 11.2.1
[2023-11-21T16:50:25.614Z]     -- The CXX compiler identification is GNU 11.2.1
[2023-11-21T16:50:25.614Z]     -- Detecting C compiler ABI info
[2023-11-21T16:50:25.614Z]     -- Detecting C compiler ABI info - done
[2023-11-21T16:50:25.614Z]     -- Check for working C compiler: /opt/rh/gcc-toolset-11/root/usr/bin/cc - skipped
[2023-11-21T16:50:25.614Z]     -- Detecting C compile features
[2023-11-21T16:50:25.614Z]     -- Detecting C compile features - done
[2023-11-21T16:50:25.614Z]     -- Detecting CXX compiler ABI info
[2023-11-21T16:50:25.614Z]     -- Detecting CXX compiler ABI info - done
[2023-11-21T16:50:25.614Z]     -- Check for working CXX compiler: /opt/rh/gcc-toolset-11/root/usr/bin/c++ - skipped
[2023-11-21T16:50:25.614Z]     -- Detecting CXX compile features
[2023-11-21T16:50:25.614Z]     -- Detecting CXX compile features - done
[2023-11-21T16:50:25.614Z]     CMake Deprecation Warning at googletest/CMakeLists.txt:56 (cmake_minimum_required):
[2023-11-21T16:50:25.614Z]       Compatibility with CMake < 2.8.12 will be removed from a future version of
[2023-11-21T16:50:25.614Z]       CMake.
[2023-11-21T16:50:25.614Z]     
[2023-11-21T16:50:25.614Z]       Update the VERSION argument <min> value or use a ...<max> suffix to tell
[2023-11-21T16:50:25.614Z]       CMake that the project does not need compatibility with older versions.
[2023-11-21T16:50:25.614Z]     
[2023-11-21T16:50:25.614Z]     
[2023-11-21T16:50:25.614Z]     -- Found PythonInterp: /usr/local/bin/python (found version "3.9.7")
[2023-11-21T16:50:25.614Z]     -- Looking for pthread.h
[2023-11-21T16:50:25.614Z]     -- Looking for pthread.h - found
[2023-11-21T16:50:25.614Z]     -- Performing Test CMAKE_HAVE_LIBC_PTHREAD
[2023-11-21T16:50:25.614Z]     -- Performing Test CMAKE_HAVE_LIBC_PTHREAD - Failed
[2023-11-21T16:50:25.614Z]     -- Looking for pthread_create in pthreads
[2023-11-21T16:50:25.614Z]     -- Looking for pthread_create in pthreads - not found
[2023-11-21T16:50:25.614Z]     -- Looking for pthread_create in pthread
[2023-11-21T16:50:25.614Z]     -- Looking for pthread_create in pthread - found
[2023-11-21T16:50:25.614Z]     -- Found Threads: TRUE
[2023-11-21T16:50:25.614Z]     -- Configuring done
[2023-11-21T16:50:25.614Z]     -- Generating done
[2023-11-21T16:50:25.614Z]     -- Build files have been written to: /home/S/jenkins/workspace/ECP/ecg-maya-hydra/ecg-maya-hydra-branch-preflight-python3-linux/build/Debug/googletest-build
[2023-11-21T16:50:29.008Z]     [6/8] Performing build step for 'googletest'
[2023-11-21T16:50:29.008Z]     [1/4] Building CXX object googletest/CMakeFiles/gtest_main.dir/src/gtest_main.cc.o
[2023-11-21T16:50:29.008Z]     [2/4] Building CXX object googletest/CMakeFiles/gtest.dir/src/gtest-all.cc.o
[2023-11-21T16:50:29.008Z]     [3/4] Linking CXX shared library lib/libgtestd.so
[2023-11-21T16:50:29.008Z]     [4/4] Linking CXX shared library lib/libgtest_maind.so
[2023-11-21T16:50:29.008Z]     [7/8] Performing install step for 'googletest'
[2023-11-21T16:50:29.008Z]     [0/1] Install the project...
[2023-11-21T16:50:29.008Z]     -- Install configuration: "Debug"
[2023-11-21T16:50:29.008Z]     -- Set runtime path of "/home/S/jenkins/workspace/ECP/ecg-maya-hydra/ecg-maya-hydra-branch-preflight-python3-linux/build/Debug/googletest-install/lib64/libgtest_maind.so" to ""
[2023-11-21T16:50:29.008Z]     [8/8] Completed 'googletest'
[2023-11-21T16:50:29.008Z]     -- ========== ...  GoogleTest installed. ==========
[2023-11-21T16:50:29.008Z]     -- Found GTest: /home/S/jenkins/workspace/ECP/ecg-maya-hydra/ecg-maya-hydra-branch-preflight-python3-linux/build/Debug/googletest-install/lib64/libgtestd.so
[2023-11-21T16:50:29.008Z]     -- promoting: /home/S/jenkins/workspace/ECP/ecg-maya-hydra/ecg-maya-hydra-branch-preflight-python3-linux/ecg-maya-hydra/maya-hydra/lib/mayaHydra/mayaPlugin/pluginUtils.h
[2023-11-21T16:50:29.008Z]     -- promoting: /home/S/jenkins/workspace/ECP/ecg-maya-hydra/ecg-maya-hydra-branch-preflight-python3-linux/ecg-maya-hydra/maya-hydra/lib/mayaHydra/hydraExtensions/api.h
[2023-11-21T16:50:29.008Z]     -- promoting: /home/S/jenkins/workspace/ECP/ecg-maya-hydra/ecg-maya-hydra-branch-preflight-python3-linux/ecg-maya-hydra/maya-hydra/lib/mayaHydra/hydraExtensions/debugCodes.h
[2023-11-21T16:50:29.008Z]     -- promoting: /home/S/jenkins/workspace/ECP/ecg-maya-hydra/ecg-maya-hydra-branch-preflight-python3-linux/ecg-maya-hydra/maya-hydra/lib/mayaHydra/hydraExtensions/hydraUtils.h
[2023-11-21T16:50:29.008Z]     -- promoting: /home/S/jenkins/workspace/ECP/ecg-maya-hydra/ecg-maya-hydra-branch-preflight-python3-linux/ecg-maya-hydra/maya-hydra/lib/mayaHydra/hydraExtensions/mayaHydraLibInterface.h
[2023-11-21T16:50:29.008Z]     -- promoting: /home/S/jenkins/workspace/ECP/ecg-maya-hydra/ecg-maya-hydra-branch-preflight-python3-linux/ecg-maya-hydra/maya-hydra/lib/mayaHydra/hydraExtensions/mayaHydraLibInterfaceImp.h
[2023-11-21T16:50:29.008Z]     -- promoting: /home/S/jenkins/workspace/ECP/ecg-maya-hydra/ecg-maya-hydra-branch-preflight-python3-linux/ecg-maya-hydra/maya-hydra/lib/mayaHydra/hydraExtensions/mayaUtils.h
[2023-11-21T16:50:29.008Z]     -- promoting: /home/S/jenkins/workspace/ECP/ecg-maya-hydra/ecg-maya-hydra-branch-preflight-python3-linux/ecg-maya-hydra/maya-hydra/lib/mayaHydra/hydraExtensions/mixedUtils.h
[2023-11-21T16:50:29.008Z]     -- promoting: /home/S/jenkins/workspace/ECP/ecg-maya-hydra/ecg-maya-hydra-branch-preflight-python3-linux/ecg-maya-hydra/maya-hydra/lib/mayaHydra/hydraExtensions/mayaHydraSceneProducer.h
[2023-11-21T16:50:29.008Z]     -- promoting: /home/S/jenkins/workspace/ECP/ecg-maya-hydra/ecg-maya-hydra-branch-preflight-python3-linux/ecg-maya-hydra/maya-hydra/lib/mayaHydra/hydraExtensions/adapters/adapter.h
[2023-11-21T16:50:29.008Z]     -- promoting: /home/S/jenkins/workspace/ECP/ecg-maya-hydra/ecg-maya-hydra-branch-preflight-python3-linux/ecg-maya-hydra/maya-hydra/lib/mayaHydra/hydraExtensions/adapters/adapterDebugCodes.h
[2023-11-21T16:50:29.008Z]     -- promoting: /home/S/jenkins/workspace/ECP/ecg-maya-hydra/ecg-maya-hydra-branch-preflight-python3-linux/ecg-maya-hydra/maya-hydra/lib/mayaHydra/hydraExtensions/adapters/adapterRegistry.h
[2023-11-21T16:50:29.008Z]     -- promoting: /home/S/jenkins/workspace/ECP/ecg-maya-hydra/ecg-maya-hydra-branch-preflight-python3-linux/ecg-maya-hydra/maya-hydra/lib/mayaHydra/hydraExtensions/adapters/cameraAdapter.h
[2023-11-21T16:50:29.008Z]     -- promoting: /home/S/jenkins/workspace/ECP/ecg-maya-hydra/ecg-maya-hydra-branch-preflight-python3-linux/ecg-maya-hydra/maya-hydra/lib/mayaHydra/hydraExtensions/adapters/constantShadowMatrix.h
[2023-11-21T16:50:29.008Z]     -- promoting: /home/S/jenkins/workspace/ECP/ecg-maya-hydra/ecg-maya-hydra-branch-preflight-python3-linux/ecg-maya-hydra/maya-hydra/lib/mayaHydra/hydraExtensions/adapters/dagAdapter.h
[2023-11-21T16:50:29.008Z]     -- promoting: /home/S/jenkins/workspace/ECP/ecg-maya-hydra/ecg-maya-hydra-branch-preflight-python3-linux/ecg-maya-hydra/maya-hydra/lib/mayaHydra/hydraExtensions/adapters/renderItemAdapter.h
[2023-11-21T16:50:29.008Z]     -- promoting: /home/S/jenkins/workspace/ECP/ecg-maya-hydra/ecg-maya-hydra-branch-preflight-python3-linux/ecg-maya-hydra/maya-hydra/lib/mayaHydra/hydraExtensions/adapters/lightAdapter.h
[2023-11-21T16:50:29.008Z]     -- promoting: /home/S/jenkins/workspace/ECP/ecg-maya-hydra/ecg-maya-hydra-branch-preflight-python3-linux/ecg-maya-hydra/maya-hydra/lib/mayaHydra/hydraExtensions/adapters/materialAdapter.h
[2023-11-21T16:50:29.008Z]     -- promoting: /home/S/jenkins/workspace/ECP/ecg-maya-hydra/ecg-maya-hydra-branch-preflight-python3-linux/ecg-maya-hydra/maya-hydra/lib/mayaHydra/hydraExtensions/adapters/materialNetworkConverter.h
[2023-11-21T16:50:29.008Z]     -- promoting: /home/S/jenkins/workspace/ECP/ecg-maya-hydra/ecg-maya-hydra-branch-preflight-python3-linux/ecg-maya-hydra/maya-hydra/lib/mayaHydra/hydraExtensions/adapters/mayaAttrs.h
[2023-11-21T16:50:29.008Z]     -- promoting: /home/S/jenkins/workspace/ECP/ecg-maya-hydra/ecg-maya-hydra-branch-preflight-python3-linux/ecg-maya-hydra/maya-hydra/lib/mayaHydra/hydraExtensions/adapters/shapeAdapter.h
[2023-11-21T16:50:29.008Z]     -- promoting: /home/S/jenkins/workspace/ECP/ecg-maya-hydra/ecg-maya-hydra-branch-preflight-python3-linux/ecg-maya-hydra/maya-hydra/lib/mayaHydra/hydraExtensions/adapters/tokens.h
[2023-11-21T16:50:29.008Z]     -- promoting: /home/S/jenkins/workspace/ECP/ecg-maya-hydra/ecg-maya-hydra-branch-preflight-python3-linux/ecg-maya-hydra/maya-hydra/lib/mayaHydra/hydraExtensions/delegates/delegate.h
[2023-11-21T16:50:29.008Z]     -- promoting: /home/S/jenkins/workspace/ECP/ecg-maya-hydra/ecg-maya-hydra-branch-preflight-python3-linux/ecg-maya-hydra/maya-hydra/lib/mayaHydra/hydraExtensions/delegates/delegateCtx.h
[2023-11-21T16:50:29.008Z]     -- promoting: /home/S/jenkins/workspace/ECP/ecg-maya-hydra/ecg-maya-hydra-branch-preflight-python3-linux/ecg-maya-hydra/maya-hydra/lib/mayaHydra/hydraExtensions/delegates/delegateDebugCodes.h
[2023-11-21T16:50:29.008Z]     -- promoting: /home/S/jenkins/workspace/ECP/ecg-maya-hydra/ecg-maya-hydra-branch-preflight-python3-linux/ecg-maya-hydra/maya-hydra/lib/mayaHydra/hydraExtensions/delegates/delegateRegistry.h
[2023-11-21T16:50:29.008Z]     -- promoting: /home/S/jenkins/workspace/ECP/ecg-maya-hydra/ecg-maya-hydra-branch-preflight-python3-linux/ecg-maya-hydra/maya-hydra/lib/mayaHydra/hydraExtensions/delegates/params.h
[2023-11-21T16:50:29.008Z]     -- promoting: /home/S/jenkins/workspace/ECP/ecg-maya-hydra/ecg-maya-hydra-branch-preflight-python3-linux/ecg-maya-hydra/maya-hydra/lib/mayaHydra/hydraExtensions/delegates/sceneDelegate.h
[2023-11-21T16:50:29.008Z]     -- promoting: /home/S/jenkins/workspace/ECP/ecg-maya-hydra/ecg-maya-hydra-branch-preflight-python3-linux/ecg-maya-hydra/maya-hydra/lib/mayaHydra/hydraExtensions/delegates/defaultLightDelegate.h
[2023-11-21T16:50:29.008Z]     -- promoting: /home/S/jenkins/workspace/ECP/ecg-maya-hydra/ecg-maya-hydra-branch-preflight-python3-linux/ecg-maya-hydra/maya-hydra/lib/mayaHydra/hydraExtensions/delegates/testDelegate.h
[2023-11-21T16:50:29.009Z]     -- promoting: /home/S/jenkins/workspace/ECP/ecg-maya-hydra/ecg-maya-hydra-branch-preflight-python3-linux/ecg-maya-hydra/maya-hydra/lib/mayaHydra/hydraExtensions/sceneIndex/registration.h
[2023-11-21T16:50:29.009Z]     -- promoting: /home/S/jenkins/workspace/ECP/ecg-maya-hydra/ecg-maya-hydra-branch-preflight-python3-linux/ecg-maya-hydra/maya-hydra/lib/mayaHydra/hydraExtensions/sceneIndex/mayaHydraSceneIndex.h
[2023-11-21T16:50:29.009Z]     -- promoting: /home/S/jenkins/workspace/ECP/ecg-maya-hydra/ecg-maya-hydra-branch-preflight-python3-linux/ecg-maya-hydra/maya-hydra/lib/mayaHydra/hydraExtensions/sceneIndex/mayaHydraDataSource.h
[2023-11-21T16:50:29.009Z]     -- promoting: /home/S/jenkins/workspace/ECP/ecg-maya-hydra/ecg-maya-hydra-branch-preflight-python3-linux/ecg-maya-hydra/maya-hydra/lib/mayaHydra/hydraExtensions/sceneIndex/mayaHydraPrimvarDataSource.h
[2023-11-21T16:50:29.009Z]     -- promoting: /home/S/jenkins/workspace/ECP/ecg-maya-hydra/ecg-maya-hydra-branch-preflight-python3-linux/ecg-maya-hydra/maya-hydra/lib/mayaHydra/hydraExtensions/sceneIndex/mayaHydraDisplayStyleDataSource.h
[2023-11-21T16:50:29.009Z]     -- promoting: /home/S/jenkins/workspace/ECP/ecg-maya-hydra/ecg-maya-hydra-branch-preflight-python3-linux/ecg-maya-hydra/maya-hydra/lib/mayaHydra/hydraExtensions/sceneIndex/mayaHydraCameraDataSource.h
[2023-11-21T16:50:29.009Z]     -- promoting: /home/S/jenkins/workspace/ECP/ecg-maya-hydra/ecg-maya-hydra-branch-preflight-python3-linux/ecg-maya-hydra/maya-hydra/lib/mayaHydra/hydraExtensions/sceneIndex/mayaHydraLightDataSource.h
[2023-11-21T16:50:29.009Z]     -- promoting: /home/S/jenkins/workspace/ECP/ecg-maya-hydra/ecg-maya-hydra-branch-preflight-python3-linux/ecg-maya-hydra/maya-hydra/lib/mayaHydra/hydraExtensions/sceneIndex/mayaHydraDefaultLightDataSource.h
[2023-11-21T16:50:29.009Z]     -- promoting: /home/S/jenkins/workspace/ECP/ecg-maya-hydra/ecg-maya-hydra-branch-preflight-python3-linux/ecg-maya-hydra/maya-hydra/lib/mayaHydra/ufeExtensions/api.h
[2023-11-21T16:50:29.009Z]     -- promoting: /home/S/jenkins/workspace/ECP/ecg-maya-hydra/ecg-maya-hydra-branch-preflight-python3-linux/ecg-maya-hydra/maya-hydra/lib/mayaHydra/ufeExtensions/Global.h
[2023-11-21T16:50:29.009Z]     -- promoting: /home/S/jenkins/workspace/ECP/ecg-maya-hydra/ecg-maya-hydra-branch-preflight-python3-linux/ecg-maya-hydra/maya-hydra/lib/flowViewport/api.h
[2023-11-21T16:50:29.009Z]     -- promoting: /home/S/jenkins/workspace/ECP/ecg-maya-hydra/ecg-maya-hydra-branch-preflight-python3-linux/ecg-maya-hydra/maya-hydra/lib/flowViewport/debugCodes.h
[2023-11-21T16:50:29.009Z]     -- promoting: /home/S/jenkins/workspace/ECP/ecg-maya-hydra/ecg-maya-hydra-branch-preflight-python3-linux/ecg-maya-hydra/maya-hydra/lib/flowViewport/global.h
[2023-11-21T16:50:29.009Z]     -- promoting: /home/S/jenkins/workspace/ECP/ecg-maya-hydra/ecg-maya-hydra-branch-preflight-python3-linux/ecg-maya-hydra/maya-hydra/lib/flowViewport/tokens.h
[2023-11-21T16:50:29.009Z]     -- promoting: /home/S/jenkins/workspace/ECP/ecg-maya-hydra/ecg-maya-hydra-branch-preflight-python3-linux/ecg-maya-hydra/maya-hydra/lib/flowViewport/colorPreferences/fvpColorChanged.h
[2023-11-21T16:50:29.009Z]     -- promoting: /home/S/jenkins/workspace/ECP/ecg-maya-hydra/ecg-maya-hydra-branch-preflight-python3-linux/ecg-maya-hydra/maya-hydra/lib/flowViewport/colorPreferences/fvpColorPreferences.h
[2023-11-21T16:50:29.009Z]     -- promoting: /home/S/jenkins/workspace/ECP/ecg-maya-hydra/ecg-maya-hydra-branch-preflight-python3-linux/ecg-maya-hydra/maya-hydra/lib/flowViewport/colorPreferences/fvpColorPreferencesTokens.h
[2023-11-21T16:50:29.009Z]     -- promoting: /home/S/jenkins/workspace/ECP/ecg-maya-hydra/ecg-maya-hydra-branch-preflight-python3-linux/ecg-maya-hydra/maya-hydra/lib/flowViewport/colorPreferences/fvpColorPreferencesTranslator.h
[2023-11-21T16:50:29.009Z]     -- promoting: /home/S/jenkins/workspace/ECP/ecg-maya-hydra/ecg-maya-hydra-branch-preflight-python3-linux/ecg-maya-hydra/maya-hydra/lib/flowViewport/sceneIndex/fvpMergingSceneIndex.h
[2023-11-21T16:50:29.009Z]     -- promoting: /home/S/jenkins/workspace/ECP/ecg-maya-hydra/ecg-maya-hydra-branch-preflight-python3-linux/ecg-maya-hydra/maya-hydra/lib/flowViewport/sceneIndex/fvpPathInterface.h
[2023-11-21T16:50:29.009Z]     -- promoting: /home/S/jenkins/workspace/ECP/ecg-maya-hydra/ecg-maya-hydra-branch-preflight-python3-linux/ecg-maya-hydra/maya-hydra/lib/flowViewport/sceneIndex/fvpPathInterfaceSceneIndex.h
[2023-11-21T16:50:29.009Z]     -- promoting: /home/S/jenkins/workspace/ECP/ecg-maya-hydra/ecg-maya-hydra-branch-preflight-python3-linux/ecg-maya-hydra/maya-hydra/lib/flowViewport/sceneIndex/fvpRenderIndexProxy.h
[2023-11-21T16:50:29.009Z]     -- promoting: /home/S/jenkins/workspace/ECP/ecg-maya-hydra/ecg-maya-hydra-branch-preflight-python3-linux/ecg-maya-hydra/maya-hydra/lib/flowViewport/sceneIndex/fvpRenderIndexProxyFwd.h
[2023-11-21T16:50:29.009Z]     -- promoting: /home/S/jenkins/workspace/ECP/ecg-maya-hydra/ecg-maya-hydra-branch-preflight-python3-linux/ecg-maya-hydra/maya-hydra/lib/flowViewport/sceneIndex/fvpSelectionSceneIndex.h
[2023-11-21T16:50:29.009Z]     -- promoting: /home/S/jenkins/workspace/ECP/ecg-maya-hydra/ecg-maya-hydra-branch-preflight-python3-linux/ecg-maya-hydra/maya-hydra/lib/flowViewport/sceneIndex/fvpWireframeSelectionHighlightSceneIndex.h
[2023-11-21T16:50:29.009Z]     -- promoting: /home/S/jenkins/workspace/ECP/ecg-maya-hydra/ecg-maya-hydra-branch-preflight-python3-linux/ecg-maya-hydra/maya-hydra/lib/flowViewport/API/fvpSelectionClient.h
[2023-11-21T16:50:29.009Z]     -- promoting: /home/S/jenkins/workspace/ECP/ecg-maya-hydra/ecg-maya-hydra-branch-preflight-python3-linux/ecg-maya-hydra/maya-hydra/lib/flowViewport/API/fvpFlowSelectionInterface.h
[2023-11-21T16:50:29.009Z]     -- promoting: /home/S/jenkins/workspace/ECP/ecg-maya-hydra/ecg-maya-hydra-branch-preflight-python3-linux/ecg-maya-hydra/maya-hydra/lib/flowViewport/API/fvpVersionInterface.h
[2023-11-21T16:50:29.009Z]     -- promoting: /home/S/jenkins/workspace/ECP/ecg-maya-hydra/ecg-maya-hydra-branch-preflight-python3-linux/ecg-maya-hydra/maya-hydra/lib/flowViewport/API/fvpInformationInterface.h
[2023-11-21T16:50:29.009Z]     -- promoting: /home/S/jenkins/workspace/ECP/ecg-maya-hydra/ecg-maya-hydra-branch-preflight-python3-linux/ecg-maya-hydra/maya-hydra/lib/flowViewport/API/fvpInformationClient.h
[2023-11-21T16:50:29.009Z]     -- promoting: /home/S/jenkins/workspace/ECP/ecg-maya-hydra/ecg-maya-hydra-branch-preflight-python3-linux/ecg-maya-hydra/maya-hydra/lib/flowViewport/API/interfacesImp/fvpSelectionInterfaceImp.h
[2023-11-21T16:50:29.009Z]     -- promoting: /home/S/jenkins/workspace/ECP/ecg-maya-hydra/ecg-maya-hydra-branch-preflight-python3-linux/ecg-maya-hydra/maya-hydra/lib/flowViewport/API/interfacesImp/fvpVersionInterfaceImp.h
[2023-11-21T16:50:29.009Z]     -- promoting: /home/S/jenkins/workspace/ECP/ecg-maya-hydra/ecg-maya-hydra-branch-preflight-python3-linux/ecg-maya-hydra/maya-hydra/lib/flowViewport/API/interfacesImp/fvpInformationInterfaceImp.h
[2023-11-21T16:50:29.009Z]     -- promoting: /home/S/jenkins/workspace/ECP/ecg-maya-hydra/ecg-maya-hydra-branch-preflight-python3-linux/ecg-maya-hydra/maya-hydra/lib/flowViewport/API/samples/fvpSelectionClientExample.h
[2023-11-21T16:50:29.009Z]     -- promoting: /home/S/jenkins/workspace/ECP/ecg-maya-hydra/ecg-maya-hydra-branch-preflight-python3-linux/ecg-maya-hydra/maya-hydra/lib/flowViewport/API/samples/fvpInformationClientExample.h
[2023-11-21T16:50:29.009Z]     -- promoting: /home/S/jenkins/workspace/ECP/ecg-maya-hydra/ecg-maya-hydra-branch-preflight-python3-linux/ecg-maya-hydra/maya-hydra/lib/flowViewport/API/perViewportSceneIndicesData/fvpViewportInformationAndSceneIndicesPerViewportData.h
[2023-11-21T16:50:29.009Z]     -- promoting: /home/S/jenkins/workspace/ECP/ecg-maya-hydra/ecg-maya-hydra-branch-preflight-python3-linux/ecg-maya-hydra/maya-hydra/lib/flowViewport/API/perViewportSceneIndicesData/fvpViewportInformationAndSceneIndicesPerViewportDataManager.h
[2023-11-21T16:50:29.009Z]     -- promoting: /home/S/jenkins/workspace/ECP/ecg-maya-hydra/ecg-maya-hydra-branch-preflight-python3-linux/ecg-maya-hydra/maya-hydra/lib/flowViewport/selection/fvpSelection.h
[2023-11-21T16:50:29.009Z]     -- promoting: /home/S/jenkins/workspace/ECP/ecg-maya-hydra/ecg-maya-hydra-branch-preflight-python3-linux/ecg-maya-hydra/maya-hydra/lib/flowViewport/selection/fvpSelectionFwd.h
[2023-11-21T16:50:29.009Z]     -- promoting: /home/S/jenkins/workspace/ECP/ecg-maya-hydra/ecg-maya-hydra-branch-preflight-python3-linux/ecg-maya-hydra/maya-hydra/lib/flowViewport/selection/fvpSelectionTask.h
[2023-11-21T16:50:29.009Z]     -- promoting: /home/S/jenkins/workspace/ECP/ecg-maya-hydra/ecg-maya-hydra-branch-preflight-python3-linux/ecg-maya-hydra/maya-hydra/lib/flowViewport/selection/fvpSelectionTracker.h
[2023-11-21T16:50:30.866Z]     -- Configuring done
[2023-11-21T16:50:30.866Z]     -- Generating done
[2023-11-21T16:50:30.866Z]     -- Build files have been written to: /home/S/jenkins/workspace/ECP/ecg-maya-hydra/ecg-maya-hydra-branch-preflight-python3-linux/build/Debug
[2023-11-21T16:50:30.866Z]     
[2023-11-21T16:50:30.866Z]         Building with settings:
[2023-11-21T16:50:30.866Z]           Source directory          /home/S/jenkins/workspace/ECP/ecg-maya-hydra/ecg-maya-hydra-branch-preflight-python3-linux/ecg-maya-hydra/maya-hydra
[2023-11-21T16:50:30.866Z]           Workspace directory       /local/S/jenkins/workspace/ECP/ecg-maya-hydra/ecg-maya-hydra-branch-preflight-python3-linux
[2023-11-21T16:50:30.866Z]           Build directory           /local/S/jenkins/workspace/ECP/ecg-maya-hydra/ecg-maya-hydra-branch-preflight-python3-linux/build/Debug
[2023-11-21T16:50:30.866Z]           Install directory         /local/S/jenkins/workspace/ECP/ecg-maya-hydra/ecg-maya-hydra-branch-preflight-python3-linux/install/Debug/MayaHydra
[2023-11-21T16:50:30.866Z]           Variant                   Debug
[2023-11-21T16:50:30.866Z]           Python Debug              On
[2023-11-21T16:50:30.866Z]           CMake generator           Ninja
[2023-11-21T16:50:30.866Z]           Build arguments           ['-DCMAKE_MAKE_PROGRAM=/local/S/jenkins/workspace/shared/Artifactory/Linux/ninja/1.10.2/9ab399b/ninja', '-DPYTHON_INCLUDE_DIR=/local/S/jenkins/workspace/shared/Artifactory/Linux/rundev-master-debug/202311130621/runtime/fb61367/runTime/include/Python311/Python', '-DPython_EXECUTABLE=/local/S/jenkins/workspace/shared/Artifactory/Linux/rundev-master-debug/202311130621/runtime/fb61367/runTime/bin/mayapy', '-DPYTHON_LIBRARIES=/local/S/jenkins/workspace/shared/Artifactory/Linux/rundev-master-debug/202311130621/runtime/fb61367/runTime/lib/libpython3.11d.so.1.0', '-DBUILD_WITH_PYTHON_3_VERSION=3.11', '-DCMAKE_WANT_MATERIALX_BUILD=ON', '-DCMAKE_PREFIX_PATH=/local/S/jenkins/workspace/shared/Artifactory/Linux/USD/e5ad5df', '-DMAYAHYDRA_BUILD_NUMBER=411', '-DMAYAHYDRA_GIT_COMMIT=dc2f04ad856bbd718ecc1f9c48e6fc1b3807c687', '-DMAYAHYDRA_GIT_BRANCH=master']
[2023-11-21T16:50:30.866Z]           Stages arguments          ['configure']
[2023-11-21T16:50:30.866Z]           CTest arguments           ['--parallel 16']
[2023-11-21T16:50:30.866Z]     STATUS: Found Maya Qt headers in: /local/S/jenkins/workspace/shared/Artifactory/Linux/rundev-master-debug/202311130621/runtime/fb61367/devkitBase
[2023-11-21T16:50:30.866Z]     Success MayaHydra build and install !!!!
[2023-11-21T16:50:30.866Z]     Elapsed time: 00:00:13
[Pipeline] sh
[2023-11-21T16:50:32.183Z] + scl enable gcc-toolset-11 -
[2023-11-21T16:50:32.184Z] + '[' enable = load -o enable = unload ']'
[2023-11-21T16:50:32.184Z] + /usr/bin/scl enable gcc-toolset-11 -
[2023-11-21T16:50:32.184Z] python ecg-maya-hydra/build.py --stages=configure --workspace-dir=/local/S/jenkins/workspace/ECP/ecg-maya-hydra/ecg-maya-hydra-branch-preflight-python3-linux --artifactory-dir=/local/S/jenkins/workspace/shared/Artifactory --build-dir=/local/S/jenkins/workspace/ECP/ecg-maya-hydra/ecg-maya-hydra-branch-preflight-python3-linux/build --install-dir=/local/S/jenkins/workspace/ECP/ecg-maya-hydra/ecg-maya-hydra-branch-preflight-python3-linux/install --signing-dir=/local/S/jenkins/workspace/ECP/ecg-maya-hydra/ecg-maya-hydra-branch-preflight-python3-linux/signing --package-dir=/local/S/jenkins/workspace/ECP/ecg-maya-hydra/ecg-maya-hydra-branch-preflight-python3-linux/package --output-dir=/local/S/jenkins/workspace/ECP/ecg-maya-hydra/ecg-maya-hydra-branch-preflight-python3-linux/output --stash-dir=/local/S/jenkins/workspace/ECP/ecg-maya-hydra/ecg-maya-hydra-branch-preflight-python3-linux/stash --jenkins-build=411 --git-commit=dc2f04ad856bbd718ecc1f9c48e6fc1b3807c687 --git-branch=master --variants=RelWithDebInfo --interactive-tests=true --post-zips=false --osx-binary-architecture-target=ub2 --osx-deployment-target=11.0 --osx-base-sdk=CurrentActiveSDK --maya-cut-config=maya-rundev-master.yaml --maya-package=rundev-master --stage-banner
[2023-11-21T16:50:32.184Z] Using Maya cut from /local/S/jenkins/workspace/shared/Artifactory/Linux/rundev-master/202311130812/runtime/48b8229
[2023-11-21T16:50:32.184Z] 
[2023-11-21T16:50:32.184Z] ================================================================================
[2023-11-21T16:50:32.184Z]                            configure (RelWithDebInfo)
[2023-11-21T16:50:32.184Z] ================================================================================
[2023-11-21T16:50:32.184Z] Maya Python RelWithDebInfo Info:
[2023-11-21T16:50:32.184Z]   mayapy executable   = /local/S/jenkins/workspace/shared/Artifactory/Linux/rundev-master/202311130812/runtime/48b8229/runTime/bin/mayapy
[2023-11-21T16:50:32.184Z]   Include Folder      = /local/S/jenkins/workspace/shared/Artifactory/Linux/rundev-master/202311130812/runtime/48b8229/runTime/include/Python311/Python
[2023-11-21T16:50:32.184Z]   Library             = /local/S/jenkins/workspace/shared/Artifactory/Linux/rundev-master/202311130812/runtime/48b8229/runTime/lib/libpython3.11.so.1.0
[2023-11-21T16:50:32.184Z]   site-package Folder = /local/S/jenkins/workspace/shared/Artifactory/Linux/rundev-master/202311130812/runtime/48b8229/runTime/lib/python3.11/site-packages
[2023-11-21T16:50:32.725Z] In workdir: /home/S/jenkins/workspace/ECP/ecg-maya-hydra/ecg-maya-hydra-branch-preflight-python3-linux/ecg-maya-hydra/maya-hydra
[2023-11-21T16:50:32.725Z] Executing: /local/S/jenkins/workspace/shared/Artifactory/Linux/rundev-master/202311130812/runtime/48b8229/runTime/bin/mayapy /home/S/jenkins/workspace/ECP/ecg-maya-hydra/ecg-maya-hydra-branch-preflight-python3-linux/ecg-maya-hydra/maya-hydra/build.py --generator Ninja --build-relwithdebug --maya-location /local/S/jenkins/workspace/shared/Artifactory/Linux/rundev-master/202311130812/runtime/48b8229/runTime --devkit-location /local/S/jenkins/workspace/shared/Artifactory/Linux/rundev-master/202311130812/runtime/48b8229/devkitBase --pxrusd-location /local/S/jenkins/workspace/shared/Artifactory/Linux/USD/1a43c47 --build-args=-DCMAKE_MAKE_PROGRAM=/local/S/jenkins/workspace/shared/Artifactory/Linux/ninja/1.10.2/9ab399b/ninja,-DPYTHON_INCLUDE_DIR=/local/S/jenkins/workspace/shared/Artifactory/Linux/rundev-master/202311130812/runtime/48b8229/runTime/include/Python311/Python,-DPython_EXECUTABLE=/local/S/jenkins/workspace/shared/Artifactory/Linux/rundev-master/202311130812/runtime/48b8229/runTime/bin/mayapy,-DPYTHON_LIBRARIES=/local/S/jenkins/workspace/shared/Artifactory/Linux/rundev-master/202311130812/runtime/48b8229/runTime/lib/libpython3.11.so.1.0,-DBUILD_WITH_PYTHON_3_VERSION=3.11,-DCMAKE_WANT_MATERIALX_BUILD=ON,-DCMAKE_PREFIX_PATH=/local/S/jenkins/workspace/shared/Artifactory/Linux/USD/1a43c47,-DMAYAHYDRA_BUILD_NUMBER=411,-DMAYAHYDRA_GIT_COMMIT=dc2f04ad856bbd718ecc1f9c48e6fc1b3807c687,-DMAYAHYDRA_GIT_BRANCH=master '--ctest-args=--parallel 16' --stages=configure --redirect-outstream-file=False --install-location /local/S/jenkins/workspace/ECP/ecg-maya-hydra/ecg-maya-hydra-branch-preflight-python3-linux/install/RelWithDebInfo/MayaHydra /local/S/jenkins/workspace/ECP/ecg-maya-hydra/ecg-maya-hydra-branch-preflight-python3-linux
[2023-11-21T16:50:32.725Z] Modified environment variables:
[2023-11-21T16:50:32.725Z]     LD_LIBRARY_PATH=/opt/rh/gcc-toolset-11/root/usr/lib64:/opt/rh/gcc-toolset-11/root/usr/lib64:/opt/rh/gcc-toolset-11/root/usr/lib:/opt/rh/gcc-toolset-11/root/usr/lib64/dyninst:/opt/rh/gcc-toolset-11/root/usr/lib/dyninst
[2023-11-21T16:50:32.725Z]     PATH=/local/S/jenkins/workspace/shared/Artifactory/Linux/cmake/3.20.3/ab685d7/bin:/opt/rh/gcc-toolset-11/root/usr/bin:/home/administrator/.local/bin:/home/administrator/bin:/usr/share/Modules/bin:/usr/local/bin:/usr/local/sbin:/usr/bin:/usr/sbin
[2023-11-21T16:50:32.725Z]     -- The C compiler identification is GNU 11.2.1
[2023-11-21T16:50:33.267Z]     -- The CXX compiler identification is GNU 11.2.1
[2023-11-21T16:50:33.267Z]     -- Detecting C compiler ABI info
[2023-11-21T16:50:33.267Z]     -- Detecting C compiler ABI info - done
[2023-11-21T16:50:33.267Z]     -- Check for working C compiler: /opt/rh/gcc-toolset-11/root/usr/bin/cc - skipped
[2023-11-21T16:50:33.267Z]     -- Detecting C compile features
[2023-11-21T16:50:33.267Z]     -- Detecting C compile features - done
[2023-11-21T16:50:33.267Z]     -- Detecting CXX compiler ABI info
[2023-11-21T16:50:33.267Z]     -- Detecting CXX compiler ABI info - done
[2023-11-21T16:50:33.267Z]     -- Check for working CXX compiler: /opt/rh/gcc-toolset-11/root/usr/bin/c++ - skipped
[2023-11-21T16:50:33.267Z]     -- Detecting CXX compile features
[2023-11-21T16:50:33.267Z]     -- Detecting CXX compile features - done
[2023-11-21T16:50:33.809Z]     -- Using Maya Light API Version 3
[2023-11-21T16:50:33.809Z]     -- Maya has setDefaultMaterialHandling API
[2023-11-21T16:50:33.809Z]     -- Maya has new point snapping API
[2023-11-21T16:50:33.809Z]     -- Maya has isInCrashHandler API
[2023-11-21T16:50:33.809Z]     -- Maya has getDisplayStyleOfAllViewports API
[2023-11-21T16:50:33.809Z]     -- Maya array iterator has difference_type trait
[2023-11-21T16:50:33.809Z]     -- MFnSet has getMemberPaths function
[2023-11-21T16:50:33.809Z]     -- MFnDisplayLayer exists
[2023-11-21T16:50:33.809Z]     -- MDisplayLayerMessage has MDisplayLayerMemberChangedFunction
[2023-11-21T16:50:33.809Z]     -- MRenderItem has HideOnPlayback API
[2023-11-21T16:50:33.809Z]     -- Linux: Maya was built with new cxx11 ABI
[2023-11-21T16:50:33.809Z]     -- Found Maya: /local/S/jenkins/workspace/shared/Artifactory/Linux/rundev-master/202311130812/runtime/48b8229/runTime/bin/maya (found suitable version "2025", minimum required is "2024")
[2023-11-21T16:50:34.350Z]     -- Found Python: /local/S/jenkins/workspace/shared/Artifactory/Linux/rundev-master/202311130812/runtime/48b8229/runTime/bin/mayapy (found suitable exact version "3.11.4") found components: Interpreter
[2023-11-21T16:50:34.350Z]     -- Build mayaHydra with Python3 = 3.11
[2023-11-21T16:50:34.350Z]     --    PYTHON_INCLUDE_DIRS = /local/S/jenkins/workspace/shared/Artifactory/Linux/rundev-master/202311130812/runtime/48b8229/runTime/include/Python311/Python
[2023-11-21T16:50:34.350Z]     --    PYTHON_LIBRARIES    = /local/S/jenkins/workspace/shared/Artifactory/Linux/rundev-master/202311130812/runtime/48b8229/runTime/lib/libpython3.11.so.1.0
[2023-11-21T16:50:34.350Z]     --    Python_EXECUTABLE   = /local/S/jenkins/workspace/shared/Artifactory/Linux/rundev-master/202311130812/runtime/48b8229/runTime/bin/mayapy
[2023-11-21T16:50:34.350Z]     -- Found Python3: /local/S/jenkins/workspace/shared/Artifactory/Linux/rundev-master/202311130812/runtime/48b8229/runTime/include/Python311/Python (found suitable exact version "3.11.4") found components: Development Development.Module Development.Embed
[2023-11-21T16:50:34.350Z]     -- USD has new Sdr.PropertyTypes.Color4
[2023-11-21T16:50:34.892Z]     -- USD has MaterialX metadata support
[2023-11-21T16:50:34.892Z]     -- USD include dir: /local/S/jenkins/workspace/shared/Artifactory/Linux/USD/1a43c47/include
[2023-11-21T16:50:34.892Z]     -- USD library dir: /local/S/jenkins/workspace/shared/Artifactory/Linux/USD/1a43c47/lib
[2023-11-21T16:50:34.892Z]     -- USD version: 0.23.11
[2023-11-21T16:50:34.892Z]     -- Found USD: /local/S/jenkins/workspace/shared/Artifactory/Linux/USD/1a43c47 (found suitable version "0.23.11", minimum required is "0.22.11")
[2023-11-21T16:50:34.892Z]     Updated PYTHONPATH: /local/S/jenkins/workspace/shared/Artifactory/Linux/USD/1a43c47/lib/python
[2023-11-21T16:50:34.892Z]     -- Found UFE: /local/S/jenkins/workspace/shared/Artifactory/Linux/rundev-master/202311130812/runtime/48b8229/devkitBase/devkit/ufe/include (found version "0.5.11")
[2023-11-21T16:50:34.892Z]     -- UFE include dir: /local/S/jenkins/workspace/shared/Artifactory/Linux/rundev-master/202311130812/runtime/48b8229/devkitBase/devkit/ufe/include
[2023-11-21T16:50:34.892Z]     -- UFE library: /local/S/jenkins/workspace/shared/Artifactory/Linux/rundev-master/202311130812/runtime/48b8229/devkitBase/devkit/ufe/lib/libufe_0.so
[2023-11-21T16:50:34.892Z]     -- UFE version: 0.5.11
[2023-11-21T16:50:34.892Z]     -- Maya has UFE lights API
[2023-11-21T16:50:34.892Z]     -- Maya has UFE scene segment API
[2023-11-21T16:50:34.892Z]     -- Maya has UFE TrieNode childrenComponents accessor
[2023-11-21T16:50:34.892Z]     -- Building with UFE 0.5.11.
[2023-11-21T16:50:34.892Z]     -- Found MaterialX
[2023-11-21T16:50:34.892Z]     -- Check if compiler accepts -pthread
[2023-11-21T16:50:34.892Z]     -- Check if compiler accepts -pthread - yes
[2023-11-21T16:50:34.892Z]     -- Performing Test HAVE_STDATOMIC
[2023-11-21T16:50:35.719Z]     -- Performing Test HAVE_STDATOMIC - Success
[2023-11-21T16:50:35.719Z]     -- Found OpenGL: /usr/lib64/libOpenGL.so
[2023-11-21T16:50:35.719Z]     -- Check if linker can resolve circular dependencies - FALSE
[2023-11-21T16:50:35.720Z]     -- Found Qt 6.5.3 in Maya devkit. Hydra Scene Browser will be built.
[2023-11-21T16:50:35.720Z]     -- **** Building Gulrak From Github Repository.
[2023-11-21T16:50:35.720Z]     -- Populating gulrak
[2023-11-21T16:50:35.720Z]     -- Configuring done
[2023-11-21T16:50:35.720Z]     -- Generating done
[2023-11-21T16:50:35.720Z]     -- Build files have been written to: /home/S/jenkins/workspace/ECP/ecg-maya-hydra/ecg-maya-hydra-branch-preflight-python3-linux/build/RelWithDebInfo/_deps/gulrak-subbuild
[2023-11-21T16:50:35.720Z]     [1/9] Creating directories for 'gulrak-populate'
[2023-11-21T16:50:35.720Z]     [1/9] Performing download step (git clone) for 'gulrak-populate'
[2023-11-21T16:50:35.720Z]     Cloning into 'gulrak-src'...
[2023-11-21T16:50:36.261Z]     HEAD is now at 4e21ab3 Version bump and updated readme.
[2023-11-21T16:50:36.261Z]     [2/9] Performing update step for 'gulrak-populate'
[2023-11-21T16:50:36.261Z]     [4/9] No patch step for 'gulrak-populate'
[2023-11-21T16:50:36.261Z]     [5/9] No configure step for 'gulrak-populate'
[2023-11-21T16:50:36.261Z]     [6/9] No build step for 'gulrak-populate'
[2023-11-21T16:50:36.261Z]     [7/9] No install step for 'gulrak-populate'
[2023-11-21T16:50:36.261Z]     [8/9] No test step for 'gulrak-populate'
[2023-11-21T16:50:36.261Z]     [9/9] Completed 'gulrak-populate'
[2023-11-21T16:50:36.261Z]     -- ========== Installing GoogleTest... ==========
[2023-11-21T16:50:36.802Z]     -- Configuring done
[2023-11-21T16:50:36.802Z]     -- Generating done
[2023-11-21T16:50:36.802Z]     -- Build files have been written to: /home/S/jenkins/workspace/ECP/ecg-maya-hydra/ecg-maya-hydra-branch-preflight-python3-linux/build/RelWithDebInfo/googletest-config
[2023-11-21T16:50:36.802Z]     [1/8] Creating directories for 'googletest'
[2023-11-21T16:50:37.934Z]     [2/8] Performing download step (git clone) for 'googletest'
[2023-11-21T16:50:37.934Z]     Cloning into 'googletest-src'...
[2023-11-21T16:50:37.934Z]     HEAD is now at 703bd9ca Googletest export
[2023-11-21T16:50:37.934Z]     [3/8] Performing update step for 'googletest'
[2023-11-21T16:50:37.934Z]     [4/8] No patch step for 'googletest'
[2023-11-21T16:50:37.934Z]     [5/8] Performing configure step for 'googletest'
[2023-11-21T16:50:37.934Z]     Not searching for unused variables given on the command line.
[2023-11-21T16:50:37.934Z]     CMake Deprecation Warning at CMakeLists.txt:4 (cmake_minimum_required):
[2023-11-21T16:50:37.934Z]       Compatibility with CMake < 2.8.12 will be removed from a future version of
[2023-11-21T16:50:37.934Z]       CMake.
[2023-11-21T16:50:37.934Z]     
[2023-11-21T16:50:37.934Z]       Update the VERSION argument <min> value or use a ...<max> suffix to tell
[2023-11-21T16:50:37.934Z]       CMake that the project does not need compatibility with older versions.
[2023-11-21T16:50:37.934Z]     
[2023-11-21T16:50:37.934Z]     
[2023-11-21T16:50:37.934Z]     -- The C compiler identification is GNU 11.2.1
[2023-11-21T16:50:37.934Z]     -- The CXX compiler identification is GNU 11.2.1
[2023-11-21T16:50:37.934Z]     -- Detecting C compiler ABI info
[2023-11-21T16:50:37.934Z]     -- Detecting C compiler ABI info - done
[2023-11-21T16:50:37.934Z]     -- Check for working C compiler: /opt/rh/gcc-toolset-11/root/usr/bin/cc - skipped
[2023-11-21T16:50:37.934Z]     -- Detecting C compile features
[2023-11-21T16:50:37.934Z]     -- Detecting C compile features - done
[2023-11-21T16:50:37.934Z]     -- Detecting CXX compiler ABI info
[2023-11-21T16:50:37.934Z]     -- Detecting CXX compiler ABI info - done
[2023-11-21T16:50:37.934Z]     -- Check for working CXX compiler: /opt/rh/gcc-toolset-11/root/usr/bin/c++ - skipped
[2023-11-21T16:50:37.934Z]     -- Detecting CXX compile features
[2023-11-21T16:50:37.934Z]     -- Detecting CXX compile features - done
[2023-11-21T16:50:37.934Z]     CMake Deprecation Warning at googletest/CMakeLists.txt:56 (cmake_minimum_required):
[2023-11-21T16:50:37.934Z]       Compatibility with CMake < 2.8.12 will be removed from a future version of
[2023-11-21T16:50:37.934Z]       CMake.
[2023-11-21T16:50:37.934Z]     
[2023-11-21T16:50:37.934Z]       Update the VERSION argument <min> value or use a ...<max> suffix to tell
[2023-11-21T16:50:37.934Z]       CMake that the project does not need compatibility with older versions.
[2023-11-21T16:50:37.934Z]     
[2023-11-21T16:50:37.934Z]     
[2023-11-21T16:50:37.934Z]     -- Found PythonInterp: /usr/local/bin/python (found version "3.9.7")
[2023-11-21T16:50:37.934Z]     -- Looking for pthread.h
[2023-11-21T16:50:37.934Z]     -- Looking for pthread.h - found
[2023-11-21T16:50:37.934Z]     -- Performing Test CMAKE_HAVE_LIBC_PTHREAD
[2023-11-21T16:50:37.934Z]     -- Performing Test CMAKE_HAVE_LIBC_PTHREAD - Failed
[2023-11-21T16:50:37.934Z]     -- Looking for pthread_create in pthreads
[2023-11-21T16:50:37.934Z]     -- Looking for pthread_create in pthreads - not found
[2023-11-21T16:50:37.934Z]     -- Looking for pthread_create in pthread
[2023-11-21T16:50:37.934Z]     -- Looking for pthread_create in pthread - found
[2023-11-21T16:50:37.934Z]     -- Found Threads: TRUE
[2023-11-21T16:50:37.934Z]     -- Configuring done
[2023-11-21T16:50:37.934Z]     -- Generating done
[2023-11-21T16:50:37.934Z]     -- Build files have been written to: /home/S/jenkins/workspace/ECP/ecg-maya-hydra/ecg-maya-hydra-branch-preflight-python3-linux/build/RelWithDebInfo/googletest-build
[2023-11-21T16:50:49.264Z]     [6/8] Performing build step for 'googletest'
[2023-11-21T16:50:49.264Z]     [1/4] Building CXX object googletest/CMakeFiles/gtest_main.dir/src/gtest_main.cc.o
[2023-11-21T16:50:49.264Z]     [2/4] Building CXX object googletest/CMakeFiles/gtest.dir/src/gtest-all.cc.o
[2023-11-21T16:50:49.264Z]     [3/4] Linking CXX shared library lib/libgtest.so
[2023-11-21T16:50:49.264Z]     [4/4] Linking CXX shared library lib/libgtest_main.so
[2023-11-21T16:50:49.264Z]     [7/8] Performing install step for 'googletest'
[2023-11-21T16:50:49.264Z]     [0/1] Install the project...
[2023-11-21T16:50:49.264Z]     -- Install configuration: "RelWithDebInfo"
[2023-11-21T16:50:49.264Z]     -- Set runtime path of "/home/S/jenkins/workspace/ECP/ecg-maya-hydra/ecg-maya-hydra-branch-preflight-python3-linux/build/RelWithDebInfo/googletest-install/lib64/libgtest_main.so" to ""
[2023-11-21T16:50:49.264Z]     [8/8] Completed 'googletest'
[2023-11-21T16:50:49.264Z]     -- ========== ...  GoogleTest installed. ==========
[2023-11-21T16:50:49.264Z]     -- Found GTest: /home/S/jenkins/workspace/ECP/ecg-maya-hydra/ecg-maya-hydra-branch-preflight-python3-linux/build/RelWithDebInfo/googletest-install/lib64/libgtest.so
[2023-11-21T16:50:49.264Z]     -- promoting: /home/S/jenkins/workspace/ECP/ecg-maya-hydra/ecg-maya-hydra-branch-preflight-python3-linux/ecg-maya-hydra/maya-hydra/lib/mayaHydra/mayaPlugin/pluginUtils.h
[2023-11-21T16:50:49.264Z]     -- promoting: /home/S/jenkins/workspace/ECP/ecg-maya-hydra/ecg-maya-hydra-branch-preflight-python3-linux/ecg-maya-hydra/maya-hydra/lib/mayaHydra/hydraExtensions/api.h
[2023-11-21T16:50:49.264Z]     -- promoting: /home/S/jenkins/workspace/ECP/ecg-maya-hydra/ecg-maya-hydra-branch-preflight-python3-linux/ecg-maya-hydra/maya-hydra/lib/mayaHydra/hydraExtensions/debugCodes.h
[2023-11-21T16:50:49.264Z]     -- promoting: /home/S/jenkins/workspace/ECP/ecg-maya-hydra/ecg-maya-hydra-branch-preflight-python3-linux/ecg-maya-hydra/maya-hydra/lib/mayaHydra/hydraExtensions/hydraUtils.h
[2023-11-21T16:50:49.264Z]     -- promoting: /home/S/jenkins/workspace/ECP/ecg-maya-hydra/ecg-maya-hydra-branch-preflight-python3-linux/ecg-maya-hydra/maya-hydra/lib/mayaHydra/hydraExtensions/mayaHydraLibInterface.h
[2023-11-21T16:50:49.265Z]     -- promoting: /home/S/jenkins/workspace/ECP/ecg-maya-hydra/ecg-maya-hydra-branch-preflight-python3-linux/ecg-maya-hydra/maya-hydra/lib/mayaHydra/hydraExtensions/mayaHydraLibInterfaceImp.h
[2023-11-21T16:50:49.265Z]     -- promoting: /home/S/jenkins/workspace/ECP/ecg-maya-hydra/ecg-maya-hydra-branch-preflight-python3-linux/ecg-maya-hydra/maya-hydra/lib/mayaHydra/hydraExtensions/mayaUtils.h
[2023-11-21T16:50:49.265Z]     -- promoting: /home/S/jenkins/workspace/ECP/ecg-maya-hydra/ecg-maya-hydra-branch-preflight-python3-linux/ecg-maya-hydra/maya-hydra/lib/mayaHydra/hydraExtensions/mixedUtils.h
[2023-11-21T16:50:49.265Z]     -- promoting: /home/S/jenkins/workspace/ECP/ecg-maya-hydra/ecg-maya-hydra-branch-preflight-python3-linux/ecg-maya-hydra/maya-hydra/lib/mayaHydra/hydraExtensions/mayaHydraSceneProducer.h
[2023-11-21T16:50:49.265Z]     -- promoting: /home/S/jenkins/workspace/ECP/ecg-maya-hydra/ecg-maya-hydra-branch-preflight-python3-linux/ecg-maya-hydra/maya-hydra/lib/mayaHydra/hydraExtensions/adapters/adapter.h
[2023-11-21T16:50:49.265Z]     -- promoting: /home/S/jenkins/workspace/ECP/ecg-maya-hydra/ecg-maya-hydra-branch-preflight-python3-linux/ecg-maya-hydra/maya-hydra/lib/mayaHydra/hydraExtensions/adapters/adapterDebugCodes.h
[2023-11-21T16:50:49.265Z]     -- promoting: /home/S/jenkins/workspace/ECP/ecg-maya-hydra/ecg-maya-hydra-branch-preflight-python3-linux/ecg-maya-hydra/maya-hydra/lib/mayaHydra/hydraExtensions/adapters/adapterRegistry.h
[2023-11-21T16:50:49.265Z]     -- promoting: /home/S/jenkins/workspace/ECP/ecg-maya-hydra/ecg-maya-hydra-branch-preflight-python3-linux/ecg-maya-hydra/maya-hydra/lib/mayaHydra/hydraExtensions/adapters/cameraAdapter.h
[2023-11-21T16:50:49.265Z]     -- promoting: /home/S/jenkins/workspace/ECP/ecg-maya-hydra/ecg-maya-hydra-branch-preflight-python3-linux/ecg-maya-hydra/maya-hydra/lib/mayaHydra/hydraExtensions/adapters/constantShadowMatrix.h
[2023-11-21T16:50:49.265Z]     -- promoting: /home/S/jenkins/workspace/ECP/ecg-maya-hydra/ecg-maya-hydra-branch-preflight-python3-linux/ecg-maya-hydra/maya-hydra/lib/mayaHydra/hydraExtensions/adapters/dagAdapter.h
[2023-11-21T16:50:49.265Z]     -- promoting: /home/S/jenkins/workspace/ECP/ecg-maya-hydra/ecg-maya-hydra-branch-preflight-python3-linux/ecg-maya-hydra/maya-hydra/lib/mayaHydra/hydraExtensions/adapters/renderItemAdapter.h
[2023-11-21T16:50:49.265Z]     -- promoting: /home/S/jenkins/workspace/ECP/ecg-maya-hydra/ecg-maya-hydra-branch-preflight-python3-linux/ecg-maya-hydra/maya-hydra/lib/mayaHydra/hydraExtensions/adapters/lightAdapter.h
[2023-11-21T16:50:49.265Z]     -- promoting: /home/S/jenkins/workspace/ECP/ecg-maya-hydra/ecg-maya-hydra-branch-preflight-python3-linux/ecg-maya-hydra/maya-hydra/lib/mayaHydra/hydraExtensions/adapters/materialAdapter.h
[2023-11-21T16:50:49.265Z]     -- promoting: /home/S/jenkins/workspace/ECP/ecg-maya-hydra/ecg-maya-hydra-branch-preflight-python3-linux/ecg-maya-hydra/maya-hydra/lib/mayaHydra/hydraExtensions/adapters/materialNetworkConverter.h
[2023-11-21T16:50:49.265Z]     -- promoting: /home/S/jenkins/workspace/ECP/ecg-maya-hydra/ecg-maya-hydra-branch-preflight-python3-linux/ecg-maya-hydra/maya-hydra/lib/mayaHydra/hydraExtensions/adapters/mayaAttrs.h
[2023-11-21T16:50:49.265Z]     -- promoting: /home/S/jenkins/workspace/ECP/ecg-maya-hydra/ecg-maya-hydra-branch-preflight-python3-linux/ecg-maya-hydra/maya-hydra/lib/mayaHydra/hydraExtensions/adapters/shapeAdapter.h
[2023-11-21T16:50:49.265Z]     -- promoting: /home/S/jenkins/workspace/ECP/ecg-maya-hydra/ecg-maya-hydra-branch-preflight-python3-linux/ecg-maya-hydra/maya-hydra/lib/mayaHydra/hydraExtensions/adapters/tokens.h
[2023-11-21T16:50:49.265Z]     -- promoting: /home/S/jenkins/workspace/ECP/ecg-maya-hydra/ecg-maya-hydra-branch-preflight-python3-linux/ecg-maya-hydra/maya-hydra/lib/mayaHydra/hydraExtensions/delegates/delegate.h
[2023-11-21T16:50:49.265Z]     -- promoting: /home/S/jenkins/workspace/ECP/ecg-maya-hydra/ecg-maya-hydra-branch-preflight-python3-linux/ecg-maya-hydra/maya-hydra/lib/mayaHydra/hydraExtensions/delegates/delegateCtx.h
[2023-11-21T16:50:49.265Z]     -- promoting: /home/S/jenkins/workspace/ECP/ecg-maya-hydra/ecg-maya-hydra-branch-preflight-python3-linux/ecg-maya-hydra/maya-hydra/lib/mayaHydra/hydraExtensions/delegates/delegateDebugCodes.h
[2023-11-21T16:50:49.265Z]     -- promoting: /home/S/jenkins/workspace/ECP/ecg-maya-hydra/ecg-maya-hydra-branch-preflight-python3-linux/ecg-maya-hydra/maya-hydra/lib/mayaHydra/hydraExtensions/delegates/delegateRegistry.h
[2023-11-21T16:50:49.265Z]     -- promoting: /home/S/jenkins/workspace/ECP/ecg-maya-hydra/ecg-maya-hydra-branch-preflight-python3-linux/ecg-maya-hydra/maya-hydra/lib/mayaHydra/hydraExtensions/delegates/params.h
[2023-11-21T16:50:49.265Z]     -- promoting: /home/S/jenkins/workspace/ECP/ecg-maya-hydra/ecg-maya-hydra-branch-preflight-python3-linux/ecg-maya-hydra/maya-hydra/lib/mayaHydra/hydraExtensions/delegates/sceneDelegate.h
[2023-11-21T16:50:49.265Z]     -- promoting: /home/S/jenkins/workspace/ECP/ecg-maya-hydra/ecg-maya-hydra-branch-preflight-python3-linux/ecg-maya-hydra/maya-hydra/lib/mayaHydra/hydraExtensions/delegates/defaultLightDelegate.h
[2023-11-21T16:50:49.265Z]     -- promoting: /home/S/jenkins/workspace/ECP/ecg-maya-hydra/ecg-maya-hydra-branch-preflight-python3-linux/ecg-maya-hydra/maya-hydra/lib/mayaHydra/hydraExtensions/delegates/testDelegate.h
[2023-11-21T16:50:49.265Z]     -- promoting: /home/S/jenkins/workspace/ECP/ecg-maya-hydra/ecg-maya-hydra-branch-preflight-python3-linux/ecg-maya-hydra/maya-hydra/lib/mayaHydra/hydraExtensions/sceneIndex/registration.h
[2023-11-21T16:50:49.265Z]     -- promoting: /home/S/jenkins/workspace/ECP/ecg-maya-hydra/ecg-maya-hydra-branch-preflight-python3-linux/ecg-maya-hydra/maya-hydra/lib/mayaHydra/hydraExtensions/sceneIndex/mayaHydraSceneIndex.h
[2023-11-21T16:50:49.265Z]     -- promoting: /home/S/jenkins/workspace/ECP/ecg-maya-hydra/ecg-maya-hydra-branch-preflight-python3-linux/ecg-maya-hydra/maya-hydra/lib/mayaHydra/hydraExtensions/sceneIndex/mayaHydraDataSource.h
[2023-11-21T16:50:49.265Z]     -- promoting: /home/S/jenkins/workspace/ECP/ecg-maya-hydra/ecg-maya-hydra-branch-preflight-python3-linux/ecg-maya-hydra/maya-hydra/lib/mayaHydra/hydraExtensions/sceneIndex/mayaHydraPrimvarDataSource.h
[2023-11-21T16:50:49.265Z]     -- promoting: /home/S/jenkins/workspace/ECP/ecg-maya-hydra/ecg-maya-hydra-branch-preflight-python3-linux/ecg-maya-hydra/maya-hydra/lib/mayaHydra/hydraExtensions/sceneIndex/mayaHydraDisplayStyleDataSource.h
[2023-11-21T16:50:49.265Z]     -- promoting: /home/S/jenkins/workspace/ECP/ecg-maya-hydra/ecg-maya-hydra-branch-preflight-python3-linux/ecg-maya-hydra/maya-hydra/lib/mayaHydra/hydraExtensions/sceneIndex/mayaHydraCameraDataSource.h
[2023-11-21T16:50:49.265Z]     -- promoting: /home/S/jenkins/workspace/ECP/ecg-maya-hydra/ecg-maya-hydra-branch-preflight-python3-linux/ecg-maya-hydra/maya-hydra/lib/mayaHydra/hydraExtensions/sceneIndex/mayaHydraLightDataSource.h
[2023-11-21T16:50:49.265Z]     -- promoting: /home/S/jenkins/workspace/ECP/ecg-maya-hydra/ecg-maya-hydra-branch-preflight-python3-linux/ecg-maya-hydra/maya-hydra/lib/mayaHydra/hydraExtensions/sceneIndex/mayaHydraDefaultLightDataSource.h
[2023-11-21T16:50:49.265Z]     -- promoting: /home/S/jenkins/workspace/ECP/ecg-maya-hydra/ecg-maya-hydra-branch-preflight-python3-linux/ecg-maya-hydra/maya-hydra/lib/mayaHydra/ufeExtensions/api.h
[2023-11-21T16:50:49.265Z]     -- promoting: /home/S/jenkins/workspace/ECP/ecg-maya-hydra/ecg-maya-hydra-branch-preflight-python3-linux/ecg-maya-hydra/maya-hydra/lib/mayaHydra/ufeExtensions/Global.h
[2023-11-21T16:50:49.265Z]     -- promoting: /home/S/jenkins/workspace/ECP/ecg-maya-hydra/ecg-maya-hydra-branch-preflight-python3-linux/ecg-maya-hydra/maya-hydra/lib/flowViewport/api.h
[2023-11-21T16:50:49.265Z]     -- promoting: /home/S/jenkins/workspace/ECP/ecg-maya-hydra/ecg-maya-hydra-branch-preflight-python3-linux/ecg-maya-hydra/maya-hydra/lib/flowViewport/debugCodes.h
[2023-11-21T16:50:49.265Z]     -- promoting: /home/S/jenkins/workspace/ECP/ecg-maya-hydra/ecg-maya-hydra-branch-preflight-python3-linux/ecg-maya-hydra/maya-hydra/lib/flowViewport/global.h
[2023-11-21T16:50:49.265Z]     -- promoting: /home/S/jenkins/workspace/ECP/ecg-maya-hydra/ecg-maya-hydra-branch-preflight-python3-linux/ecg-maya-hydra/maya-hydra/lib/flowViewport/tokens.h
[2023-11-21T16:50:49.265Z]     -- promoting: /home/S/jenkins/workspace/ECP/ecg-maya-hydra/ecg-maya-hydra-branch-preflight-python3-linux/ecg-maya-hydra/maya-hydra/lib/flowViewport/colorPreferences/fvpColorChanged.h
[2023-11-21T16:50:49.265Z]     -- promoting: /home/S/jenkins/workspace/ECP/ecg-maya-hydra/ecg-maya-hydra-branch-preflight-python3-linux/ecg-maya-hydra/maya-hydra/lib/flowViewport/colorPreferences/fvpColorPreferences.h
[2023-11-21T16:50:49.265Z]     -- promoting: /home/S/jenkins/workspace/ECP/ecg-maya-hydra/ecg-maya-hydra-branch-preflight-python3-linux/ecg-maya-hydra/maya-hydra/lib/flowViewport/colorPreferences/fvpColorPreferencesTokens.h
[2023-11-21T16:50:49.265Z]     -- promoting: /home/S/jenkins/workspace/ECP/ecg-maya-hydra/ecg-maya-hydra-branch-preflight-python3-linux/ecg-maya-hydra/maya-hydra/lib/flowViewport/colorPreferences/fvpColorPreferencesTranslator.h
[2023-11-21T16:50:49.265Z]     -- promoting: /home/S/jenkins/workspace/ECP/ecg-maya-hydra/ecg-maya-hydra-branch-preflight-python3-linux/ecg-maya-hydra/maya-hydra/lib/flowViewport/sceneIndex/fvpMergingSceneIndex.h
[2023-11-21T16:50:49.265Z]     -- promoting: /home/S/jenkins/workspace/ECP/ecg-maya-hydra/ecg-maya-hydra-branch-preflight-python3-linux/ecg-maya-hydra/maya-hydra/lib/flowViewport/sceneIndex/fvpPathInterface.h
[2023-11-21T16:50:49.265Z]     -- promoting: /home/S/jenkins/workspace/ECP/ecg-maya-hydra/ecg-maya-hydra-branch-preflight-python3-linux/ecg-maya-hydra/maya-hydra/lib/flowViewport/sceneIndex/fvpPathInterfaceSceneIndex.h
[2023-11-21T16:50:49.265Z]     -- promoting: /home/S/jenkins/workspace/ECP/ecg-maya-hydra/ecg-maya-hydra-branch-preflight-python3-linux/ecg-maya-hydra/maya-hydra/lib/flowViewport/sceneIndex/fvpRenderIndexProxy.h
[2023-11-21T16:50:49.265Z]     -- promoting: /home/S/jenkins/workspace/ECP/ecg-maya-hydra/ecg-maya-hydra-branch-preflight-python3-linux/ecg-maya-hydra/maya-hydra/lib/flowViewport/sceneIndex/fvpRenderIndexProxyFwd.h
[2023-11-21T16:50:49.265Z]     -- promoting: /home/S/jenkins/workspace/ECP/ecg-maya-hydra/ecg-maya-hydra-branch-preflight-python3-linux/ecg-maya-hydra/maya-hydra/lib/flowViewport/sceneIndex/fvpSelectionSceneIndex.h
[2023-11-21T16:50:49.265Z]     -- promoting: /home/S/jenkins/workspace/ECP/ecg-maya-hydra/ecg-maya-hydra-branch-preflight-python3-linux/ecg-maya-hydra/maya-hydra/lib/flowViewport/sceneIndex/fvpWireframeSelectionHighlightSceneIndex.h
[2023-11-21T16:50:49.265Z]     -- promoting: /home/S/jenkins/workspace/ECP/ecg-maya-hydra/ecg-maya-hydra-branch-preflight-python3-linux/ecg-maya-hydra/maya-hydra/lib/flowViewport/API/fvpSelectionClient.h
[2023-11-21T16:50:49.265Z]     -- promoting: /home/S/jenkins/workspace/ECP/ecg-maya-hydra/ecg-maya-hydra-branch-preflight-python3-linux/ecg-maya-hydra/maya-hydra/lib/flowViewport/API/fvpFlowSelectionInterface.h
[2023-11-21T16:50:49.265Z]     -- promoting: /home/S/jenkins/workspace/ECP/ecg-maya-hydra/ecg-maya-hydra-branch-preflight-python3-linux/ecg-maya-hydra/maya-hydra/lib/flowViewport/API/fvpVersionInterface.h
[2023-11-21T16:50:49.265Z]     -- promoting: /home/S/jenkins/workspace/ECP/ecg-maya-hydra/ecg-maya-hydra-branch-preflight-python3-linux/ecg-maya-hydra/maya-hydra/lib/flowViewport/API/fvpInformationInterface.h
[2023-11-21T16:50:49.265Z]     -- promoting: /home/S/jenkins/workspace/ECP/ecg-maya-hydra/ecg-maya-hydra-branch-preflight-python3-linux/ecg-maya-hydra/maya-hydra/lib/flowViewport/API/fvpInformationClient.h
[2023-11-21T16:50:49.265Z]     -- promoting: /home/S/jenkins/workspace/ECP/ecg-maya-hydra/ecg-maya-hydra-branch-preflight-python3-linux/ecg-maya-hydra/maya-hydra/lib/flowViewport/API/interfacesImp/fvpSelectionInterfaceImp.h
[2023-11-21T16:50:49.265Z]     -- promoting: /home/S/jenkins/workspace/ECP/ecg-maya-hydra/ecg-maya-hydra-branch-preflight-python3-linux/ecg-maya-hydra/maya-hydra/lib/flowViewport/API/interfacesImp/fvpVersionInterfaceImp.h
[2023-11-21T16:50:49.265Z]     -- promoting: /home/S/jenkins/workspace/ECP/ecg-maya-hydra/ecg-maya-hydra-branch-preflight-python3-linux/ecg-maya-hydra/maya-hydra/lib/flowViewport/API/interfacesImp/fvpInformationInterfaceImp.h
[2023-11-21T16:50:49.265Z]     -- promoting: /home/S/jenkins/workspace/ECP/ecg-maya-hydra/ecg-maya-hydra-branch-preflight-python3-linux/ecg-maya-hydra/maya-hydra/lib/flowViewport/API/samples/fvpSelectionClientExample.h
[2023-11-21T16:50:49.265Z]     -- promoting: /home/S/jenkins/workspace/ECP/ecg-maya-hydra/ecg-maya-hydra-branch-preflight-python3-linux/ecg-maya-hydra/maya-hydra/lib/flowViewport/API/samples/fvpInformationClientExample.h
[2023-11-21T16:50:49.265Z]     -- promoting: /home/S/jenkins/workspace/ECP/ecg-maya-hydra/ecg-maya-hydra-branch-preflight-python3-linux/ecg-maya-hydra/maya-hydra/lib/flowViewport/API/perViewportSceneIndicesData/fvpViewportInformationAndSceneIndicesPerViewportData.h
[2023-11-21T16:50:49.265Z]     -- promoting: /home/S/jenkins/workspace/ECP/ecg-maya-hydra/ecg-maya-hydra-branch-preflight-python3-linux/ecg-maya-hydra/maya-hydra/lib/flowViewport/API/perViewportSceneIndicesData/fvpViewportInformationAndSceneIndicesPerViewportDataManager.h
[2023-11-21T16:50:49.265Z]     -- promoting: /home/S/jenkins/workspace/ECP/ecg-maya-hydra/ecg-maya-hydra-branch-preflight-python3-linux/ecg-maya-hydra/maya-hydra/lib/flowViewport/selection/fvpSelection.h
[2023-11-21T16:50:49.265Z]     -- promoting: /home/S/jenkins/workspace/ECP/ecg-maya-hydra/ecg-maya-hydra-branch-preflight-python3-linux/ecg-maya-hydra/maya-hydra/lib/flowViewport/selection/fvpSelectionFwd.h
[2023-11-21T16:50:49.265Z]     -- promoting: /home/S/jenkins/workspace/ECP/ecg-maya-hydra/ecg-maya-hydra-branch-preflight-python3-linux/ecg-maya-hydra/maya-hydra/lib/flowViewport/selection/fvpSelectionTask.h
[2023-11-21T16:50:49.265Z]     -- promoting: /home/S/jenkins/workspace/ECP/ecg-maya-hydra/ecg-maya-hydra-branch-preflight-python3-linux/ecg-maya-hydra/maya-hydra/lib/flowViewport/selection/fvpSelectionTracker.h
[2023-11-21T16:50:49.265Z]     -- Configuring done
[2023-11-21T16:50:49.265Z]     -- Generating done
[2023-11-21T16:50:49.265Z]     -- Build files have been written to: /home/S/jenkins/workspace/ECP/ecg-maya-hydra/ecg-maya-hydra-branch-preflight-python3-linux/build/RelWithDebInfo
[2023-11-21T16:50:49.265Z]     
[2023-11-21T16:50:49.265Z]         Building with settings:
[2023-11-21T16:50:49.265Z]           Source directory          /home/S/jenkins/workspace/ECP/ecg-maya-hydra/ecg-maya-hydra-branch-preflight-python3-linux/ecg-maya-hydra/maya-hydra
[2023-11-21T16:50:49.265Z]           Workspace directory       /local/S/jenkins/workspace/ECP/ecg-maya-hydra/ecg-maya-hydra-branch-preflight-python3-linux
[2023-11-21T16:50:49.265Z]           Build directory           /local/S/jenkins/workspace/ECP/ecg-maya-hydra/ecg-maya-hydra-branch-preflight-python3-linux/build/RelWithDebInfo
[2023-11-21T16:50:49.265Z]           Install directory         /local/S/jenkins/workspace/ECP/ecg-maya-hydra/ecg-maya-hydra-branch-preflight-python3-linux/install/RelWithDebInfo/MayaHydra
[2023-11-21T16:50:49.265Z]           Variant                   RelWithDebInfo
[2023-11-21T16:50:49.265Z]           Python Debug              Off
[2023-11-21T16:50:49.265Z]           CMake generator           Ninja
[2023-11-21T16:50:49.265Z]           Build arguments           ['-DCMAKE_MAKE_PROGRAM=/local/S/jenkins/workspace/shared/Artifactory/Linux/ninja/1.10.2/9ab399b/ninja', '-DPYTHON_INCLUDE_DIR=/local/S/jenkins/workspace/shared/Artifactory/Linux/rundev-master/202311130812/runtime/48b8229/runTime/include/Python311/Python', '-DPython_EXECUTABLE=/local/S/jenkins/workspace/shared/Artifactory/Linux/rundev-master/202311130812/runtime/48b8229/runTime/bin/mayapy', '-DPYTHON_LIBRARIES=/local/S/jenkins/workspace/shared/Artifactory/Linux/rundev-master/202311130812/runtime/48b8229/runTime/lib/libpython3.11.so.1.0', '-DBUILD_WITH_PYTHON_3_VERSION=3.11', '-DCMAKE_WANT_MATERIALX_BUILD=ON', '-DCMAKE_PREFIX_PATH=/local/S/jenkins/workspace/shared/Artifactory/Linux/USD/1a43c47', '-DMAYAHYDRA_BUILD_NUMBER=411', '-DMAYAHYDRA_GIT_COMMIT=dc2f04ad856bbd718ecc1f9c48e6fc1b3807c687', '-DMAYAHYDRA_GIT_BRANCH=master']
[2023-11-21T16:50:49.265Z]           Stages arguments          ['configure']
[2023-11-21T16:50:49.265Z]           CTest arguments           ['--parallel 16']
[2023-11-21T16:50:49.265Z]     STATUS: Found Maya Qt headers in: /local/S/jenkins/workspace/shared/Artifactory/Linux/rundev-master/202311130812/runtime/48b8229/devkitBase
[2023-11-21T16:50:49.265Z]     Success MayaHydra build and install !!!!
[2023-11-21T16:50:49.265Z]     Elapsed time: 00:00:16
[Pipeline] }
[Pipeline] // withEnv
[Pipeline] }
[Pipeline] // timeout
[Pipeline] }
[Pipeline] // stage
[Pipeline] }
[Pipeline] // timestamps
[Pipeline] timestamps
[Pipeline] {
[Pipeline] stage
[Pipeline] { (Build)
[Pipeline] timeout
[2023-11-21T16:50:49.606Z] Timeout set to expire in 6 hr 0 min
[Pipeline] {
[Pipeline] withEnv
[Pipeline] {
[Pipeline] sh
[2023-11-21T16:50:50.720Z] + scl enable gcc-toolset-11 -
[2023-11-21T16:50:50.720Z] + '[' enable = load -o enable = unload ']'
[2023-11-21T16:50:50.720Z] + /usr/bin/scl enable gcc-toolset-11 -
[2023-11-21T16:50:50.720Z] python ecg-maya-hydra/build.py --stages=build --workspace-dir=/local/S/jenkins/workspace/ECP/ecg-maya-hydra/ecg-maya-hydra-branch-preflight-python3-linux --artifactory-dir=/local/S/jenkins/workspace/shared/Artifactory --build-dir=/local/S/jenkins/workspace/ECP/ecg-maya-hydra/ecg-maya-hydra-branch-preflight-python3-linux/build --install-dir=/local/S/jenkins/workspace/ECP/ecg-maya-hydra/ecg-maya-hydra-branch-preflight-python3-linux/install --signing-dir=/local/S/jenkins/workspace/ECP/ecg-maya-hydra/ecg-maya-hydra-branch-preflight-python3-linux/signing --package-dir=/local/S/jenkins/workspace/ECP/ecg-maya-hydra/ecg-maya-hydra-branch-preflight-python3-linux/package --output-dir=/local/S/jenkins/workspace/ECP/ecg-maya-hydra/ecg-maya-hydra-branch-preflight-python3-linux/output --stash-dir=/local/S/jenkins/workspace/ECP/ecg-maya-hydra/ecg-maya-hydra-branch-preflight-python3-linux/stash --jenkins-build=411 --git-commit=dc2f04ad856bbd718ecc1f9c48e6fc1b3807c687 --git-branch=master --variants=Debug --interactive-tests=true --post-zips=false --osx-binary-architecture-target=ub2 --osx-deployment-target=11.0 --osx-base-sdk=CurrentActiveSDK --build-retry=3 --maya-cut-config=maya-rundev-master-debug.yaml --maya-package=rundev-master-debug --stage-banner
[2023-11-21T16:50:50.720Z] Using Maya cut from /local/S/jenkins/workspace/shared/Artifactory/Linux/rundev-master-debug/202311130621/runtime/fb61367
[2023-11-21T16:50:50.720Z] 
[2023-11-21T16:50:50.720Z] ================================================================================
[2023-11-21T16:50:50.720Z]                                  build (Debug)
[2023-11-21T16:50:50.720Z] ================================================================================
[2023-11-21T16:50:50.720Z] Maya Python Debug Info:
[2023-11-21T16:50:50.720Z]   mayapy executable   = /local/S/jenkins/workspace/shared/Artifactory/Linux/rundev-master-debug/202311130621/runtime/fb61367/runTime/bin/mayapy
[2023-11-21T16:50:50.720Z]   Include Folder      = /local/S/jenkins/workspace/shared/Artifactory/Linux/rundev-master-debug/202311130621/runtime/fb61367/runTime/include/Python311/Python
[2023-11-21T16:50:50.720Z]   Library             = /local/S/jenkins/workspace/shared/Artifactory/Linux/rundev-master-debug/202311130621/runtime/fb61367/runTime/lib/libpython3.11d.so.1.0
[2023-11-21T16:50:50.720Z]   site-package Folder = /local/S/jenkins/workspace/shared/Artifactory/Linux/rundev-master-debug/202311130621/runtime/fb61367/runTime/lib/python3.11/site-packages
[2023-11-21T16:50:51.854Z] In workdir: /home/S/jenkins/workspace/ECP/ecg-maya-hydra/ecg-maya-hydra-branch-preflight-python3-linux/ecg-maya-hydra/maya-hydra
[2023-11-21T16:50:51.854Z] Executing: /local/S/jenkins/workspace/shared/Artifactory/Linux/rundev-master-debug/202311130621/runtime/fb61367/runTime/bin/mayapy /home/S/jenkins/workspace/ECP/ecg-maya-hydra/ecg-maya-hydra-branch-preflight-python3-linux/ecg-maya-hydra/maya-hydra/build.py --generator Ninja --build-debug --maya-location /local/S/jenkins/workspace/shared/Artifactory/Linux/rundev-master-debug/202311130621/runtime/fb61367/runTime --devkit-location /local/S/jenkins/workspace/shared/Artifactory/Linux/rundev-master-debug/202311130621/runtime/fb61367/devkitBase --pxrusd-location /local/S/jenkins/workspace/shared/Artifactory/Linux/USD/e5ad5df --build-args=-DCMAKE_MAKE_PROGRAM=/local/S/jenkins/workspace/shared/Artifactory/Linux/ninja/1.10.2/9ab399b/ninja,-DPYTHON_INCLUDE_DIR=/local/S/jenkins/workspace/shared/Artifactory/Linux/rundev-master-debug/202311130621/runtime/fb61367/runTime/include/Python311/Python,-DPython_EXECUTABLE=/local/S/jenkins/workspace/shared/Artifactory/Linux/rundev-master-debug/202311130621/runtime/fb61367/runTime/bin/mayapy,-DPYTHON_LIBRARIES=/local/S/jenkins/workspace/shared/Artifactory/Linux/rundev-master-debug/202311130621/runtime/fb61367/runTime/lib/libpython3.11d.so.1.0,-DBUILD_WITH_PYTHON_3_VERSION=3.11,-DCMAKE_WANT_MATERIALX_BUILD=ON,-DCMAKE_PREFIX_PATH=/local/S/jenkins/workspace/shared/Artifactory/Linux/USD/e5ad5df,-DMAYAHYDRA_BUILD_NUMBER=411,-DMAYAHYDRA_GIT_COMMIT=dc2f04ad856bbd718ecc1f9c48e6fc1b3807c687,-DMAYAHYDRA_GIT_BRANCH=master --debug-python '--ctest-args=--parallel 16' --stages=build --redirect-outstream-file=False --install-location /local/S/jenkins/workspace/ECP/ecg-maya-hydra/ecg-maya-hydra-branch-preflight-python3-linux/install/Debug/MayaHydra /local/S/jenkins/workspace/ECP/ecg-maya-hydra/ecg-maya-hydra-branch-preflight-python3-linux
[2023-11-21T16:50:51.854Z] Modified environment variables:
[2023-11-21T16:50:51.854Z]     LD_LIBRARY_PATH=/opt/rh/gcc-toolset-11/root/usr/lib64:/opt/rh/gcc-toolset-11/root/usr/lib64:/opt/rh/gcc-toolset-11/root/usr/lib:/opt/rh/gcc-toolset-11/root/usr/lib64/dyninst:/opt/rh/gcc-toolset-11/root/usr/lib/dyninst
[2023-11-21T16:50:51.854Z]     PATH=/local/S/jenkins/workspace/shared/Artifactory/Linux/cmake/3.20.3/ab685d7/bin:/opt/rh/gcc-toolset-11/root/usr/bin:/home/administrator/.local/bin:/home/administrator/bin:/usr/share/Modules/bin:/usr/local/bin:/usr/local/sbin:/usr/bin:/usr/sbin
[2023-11-21T16:50:53.047Z]     [1/107] Building CXX object lib/mayaHydra/mayaPlugin/CMakeFiles/mayaHydra.dir/colorNotFoundException.cpp.o
[2023-11-21T16:50:53.047Z]     [2/107] Building CXX object lib/mayaHydra/mayaPlugin/CMakeFiles/mayaHydra.dir/tokens.cpp.o
[2023-11-21T16:50:53.047Z]     [3/107] Building CXX object lib/mayaHydra/mayaPlugin/CMakeFiles/mayaHydra.dir/pluginDebugCodes.cpp.o
[2023-11-21T16:50:53.047Z]     [4/107] Building CXX object test/lib/mayaUsd/render/mayaToHydra/cpp/CMakeFiles/mayaHydraCppTests.dir/testCppFramework.cpp.o
[2023-11-21T16:50:53.617Z]     [5/107] Building CXX object test/lib/mayaUsd/render/mayaToHydra/cpp/CMakeFiles/mayaHydraCppTests.dir/mayaHydraCppTestsCmd.cpp.o
[2023-11-21T16:50:53.617Z]     [6/107] Building CXX object lib/mayaHydra/mayaPlugin/CMakeFiles/mayaHydra.dir/mayaColorPreferencesTranslator.cpp.o
[2023-11-21T16:50:53.617Z]     [7/107] Building CXX object lib/mayaHydra/hydraExtensions/CMakeFiles/mayaHydraLib.dir/mhBuildInfo.cpp.o
[2023-11-21T16:50:54.201Z]     [8/107] Building CXX object test/lib/mayaUsd/render/mayaToHydra/cpp/CMakeFiles/mayaHydraCppTests.dir/testColorPreferences.cpp.o
[2023-11-21T16:50:55.387Z]     [9/107] Building CXX object lib/mayaHydra/hydraExtensions/CMakeFiles/mayaHydraLib.dir/debugCodes.cpp.o
[2023-11-21T16:50:55.387Z]     [10/107] Building CXX object test/lib/mayaUsd/render/mayaToHydra/cpp/CMakeFiles/mayaHydraCppTests.dir/testUtils.cpp.o
[2023-11-21T16:50:55.960Z]     [11/107] Building CXX object test/lib/mayaUsd/render/mayaToHydra/cpp/CMakeFiles/mayaHydraCppTests.dir/testFvpViewportInformationRendererSwitching.cpp.o
[2023-11-21T16:50:55.960Z]     [12/107] Building CXX object test/lib/mayaUsd/render/mayaToHydra/cpp/CMakeFiles/mayaHydraCppTests.dir/testFvpViewportInformationMultipleViewports.cpp.o
[2023-11-21T16:50:55.960Z]     [13/107] Building CXX object test/lib/mayaUsd/render/mayaToHydra/cpp/CMakeFiles/mayaHydraCppTests.dir/testMayaSceneFlattening.cpp.o
[2023-11-21T16:50:55.960Z]     [14/107] Building CXX object test/lib/mayaUsd/render/mayaToHydra/cpp/CMakeFiles/mayaHydraCppTests.dir/testMayaUsdUfeItems.cpp.o
[2023-11-21T16:50:56.511Z]     [15/107] Building CXX object lib/mayaHydra/hydraExtensions/CMakeFiles/mayaHydraLib.dir/mayaUtils.cpp.o
[2023-11-21T16:50:56.511Z]     [16/107] Building CXX object lib/mayaHydra/hydraExtensions/CMakeFiles/mayaHydraLib.dir/mixedUtils.cpp.o
[2023-11-21T16:50:56.511Z]     [17/107] Building CXX object lib/mayaHydra/hydraExtensions/CMakeFiles/mayaHydraLib.dir/mayaHydraLibInterfaceImp.cpp.o
[2023-11-21T16:50:56.511Z]     [18/107] Building CXX object test/lib/mayaUsd/render/mayaToHydra/cpp/CMakeFiles/mayaHydraCppTests.dir/testSelectionSceneIndex.cpp.o
[2023-11-21T16:50:56.511Z]     [19/107] Building CXX object test/lib/mayaUsd/render/mayaToHydra/cpp/CMakeFiles/mayaHydraCppTests.dir/testWireframeSelectionHighlightSceneIndex.cpp.o
[2023-11-21T16:50:57.063Z]     [20/107] Building CXX object lib/mayaHydra/hydraExtensions/CMakeFiles/mayaHydraLib.dir/adapters/adapterDebugCodes.cpp.o
[2023-11-21T16:50:58.279Z]     [21/107] Building CXX object lib/mayaHydra/mayaPlugin/CMakeFiles/mayaHydra.dir/pluginUtils.cpp.o
[2023-11-21T16:50:58.279Z]     [22/107] Building CXX object lib/mayaHydra/hydraExtensions/CMakeFiles/mayaHydraLib.dir/hydraUtils.cpp.o
[2023-11-21T16:50:58.868Z]     [23/107] Building CXX object lib/mayaHydra/mayaPlugin/CMakeFiles/mayaHydra.dir/plugin.cpp.o
[2023-11-21T16:50:59.439Z]     [24/107] Building CXX object lib/mayaHydra/mayaPlugin/CMakeFiles/mayaHydra.dir/viewCommand.cpp.o
[2023-11-21T16:50:59.439Z]     [25/107] Building CXX object test/lib/mayaUsd/render/mayaToHydra/cpp/CMakeFiles/mayaHydraCppTests.dir/testMergingSceneIndex.cpp.o
[2023-11-21T16:50:59.986Z]     [26/107] Building CXX object lib/mayaHydra/hydraExtensions/CMakeFiles/mayaHydraLib.dir/adapters/mayaAttrs.cpp.o
[2023-11-21T16:51:01.658Z]     [27/107] Building CXX object lib/mayaHydra/mayaPlugin/CMakeFiles/mayaHydra.dir/renderOverride.cpp.o
[2023-11-21T16:51:01.658Z]     [28/107] Building CXX object lib/mayaHydra/mayaPlugin/CMakeFiles/mayaHydra.dir/renderGlobals.cpp.o
[2023-11-21T16:51:02.259Z]     [29/107] Building CXX object lib/mayaHydra/hydraExtensions/CMakeFiles/mayaHydraLib.dir/adapters/adapter.cpp.o
[2023-11-21T16:51:02.843Z]     [30/107] Building CXX object lib/mayaHydra/hydraExtensions/CMakeFiles/mayaHydraLib.dir/adapters/areaLightAdapter.cpp.o
[2023-11-21T16:51:02.843Z]     [31/107] Building CXX object lib/mayaHydra/hydraExtensions/CMakeFiles/mayaHydraLib.dir/adapters/adapterRegistry.cpp.o
[2023-11-21T16:51:02.843Z]     [32/107] Building CXX object lib/mayaHydra/hydraExtensions/CMakeFiles/mayaHydraLib.dir/adapters/dagAdapter.cpp.o
[2023-11-21T16:51:02.843Z]     [33/107] Building CXX object lib/mayaHydra/hydraExtensions/CMakeFiles/mayaHydraLib.dir/adapters/cameraAdapter.cpp.o
[2023-11-21T16:51:03.409Z]     [34/107] Building CXX object lib/mayaHydra/hydraExtensions/CMakeFiles/mayaHydraLib.dir/adapters/aiSkydomeLightAdapter.cpp.o
[2023-11-21T16:51:03.409Z]     [35/107] Building CXX object lib/mayaHydra/hydraExtensions/CMakeFiles/mayaHydraLib.dir/adapters/directionalLightAdapter.cpp.o
[2023-11-21T16:51:03.409Z]     [36/107] Building CXX object lib/mayaHydra/hydraExtensions/CMakeFiles/mayaHydraLib.dir/adapters/renderItemAdapter.cpp.o
[2023-11-21T16:51:03.409Z]     [37/107] Building CXX object lib/mayaHydra/hydraExtensions/CMakeFiles/mayaHydraLib.dir/adapters/tokens.cpp.o
[2023-11-21T16:51:04.044Z]     [38/107] Building CXX object lib/mayaHydra/hydraExtensions/CMakeFiles/mayaHydraLib.dir/delegates/delegateDebugCodes.cpp.o
[2023-11-21T16:51:04.637Z]     [39/107] Building CXX object lib/mayaHydra/hydraExtensions/CMakeFiles/mayaHydraLib.dir/adapters/lightAdapter.cpp.o
[2023-11-21T16:51:05.215Z]     [40/107] Building CXX object lib/mayaHydra/hydraExtensions/CMakeFiles/mayaHydraLib.dir/adapters/materialAdapter.cpp.o
[2023-11-21T16:51:05.215Z]     [41/107] Building CXX object lib/mayaHydra/hydraExtensions/CMakeFiles/mayaHydraLib.dir/mayaHydraSceneProducer.cpp.o
[2023-11-21T16:51:06.717Z]     [42/107] Building CXX object lib/mayaHydra/hydraExtensions/CMakeFiles/mayaHydraLib.dir/adapters/nurbsCurveAdapter.cpp.o
[2023-11-21T16:51:06.717Z]     [43/107] Building CXX object lib/mayaHydra/hydraExtensions/CMakeFiles/mayaHydraLib.dir/adapters/meshAdapter.cpp.o
[2023-11-21T16:51:06.717Z]     [44/107] Building CXX object lib/mayaHydra/hydraExtensions/CMakeFiles/mayaHydraLib.dir/adapters/materialNetworkConverter.cpp.o
[2023-11-21T16:51:07.275Z]     [45/107] Building CXX object lib/mayaHydra/hydraExtensions/CMakeFiles/mayaHydraLib.dir/adapters/shapeAdapter.cpp.o
[2023-11-21T16:51:07.845Z]     [46/107] Building CXX object lib/mayaHydra/hydraExtensions/CMakeFiles/mayaHydraLib.dir/delegates/delegate.cpp.o
[2023-11-21T16:51:08.394Z]     [47/107] Building CXX object lib/mayaHydra/hydraExtensions/CMakeFiles/mayaHydraLib.dir/adapters/pointLightAdapter.cpp.o
[2023-11-21T16:51:08.394Z]     [48/107] Building CXX object lib/mayaHydra/hydraExtensions/CMakeFiles/mayaHydraLib.dir/delegates/delegateCtx.cpp.o
[2023-11-21T16:51:08.947Z]     [49/107] Building CXX object lib/mayaHydra/hydraExtensions/CMakeFiles/mayaHydraLib.dir/adapters/spotLightAdapter.cpp.o
[2023-11-21T16:51:08.947Z]     [50/107] Building CXX object lib/mayaHydra/hydraExtensions/CMakeFiles/mayaHydraLib.dir/delegates/delegateRegistry.cpp.o
[2023-11-21T16:51:08.947Z]     [51/107] Building CXX object lib/mayaHydra/ufeExtensions/CMakeFiles/ufeExtensions.dir/Global.cpp.o
[2023-11-21T16:51:08.947Z]     [52/107] Building CXX object lib/flowViewport/CMakeFiles/flowViewport.dir/debugCodes.cpp.o
[2023-11-21T16:51:08.947Z]     [53/107] Building CXX object lib/mayaHydra/hydraExtensions/CMakeFiles/mayaHydraLib.dir/sceneIndex/registration.cpp.o
[2023-11-21T16:51:09.491Z]     [54/107] Building CXX object lib/flowViewport/CMakeFiles/flowViewport.dir/global.cpp.o
[2023-11-21T16:51:09.491Z]     [55/107] Building CXX object lib/flowViewport/CMakeFiles/flowViewport.dir/tokens.cpp.o
[2023-11-21T16:51:10.038Z]     [56/107] Building CXX object lib/flowViewport/CMakeFiles/flowViewport.dir/colorPreferences/fvpColorChanged.cpp.o
[2023-11-21T16:51:10.038Z]     [57/107] Building CXX object lib/flowViewport/CMakeFiles/flowViewport.dir/sceneIndex/fvpPathInterface.cpp.o
[2023-11-21T16:51:10.038Z]     [58/107] Building CXX object lib/flowViewport/CMakeFiles/flowViewport.dir/colorPreferences/fvpColorPreferencesTokens.cpp.o
[2023-11-21T16:51:10.038Z]     [59/107] Building CXX object lib/flowViewport/CMakeFiles/flowViewport.dir/colorPreferences/fvpColorPreferences.cpp.o
[2023-11-21T16:51:10.038Z]     [60/107] Linking CXX shared library lib/mayaHydra/ufeExtensions/libufeExtensions.so
[2023-11-21T16:51:10.587Z]     [61/107] Building CXX object lib/mayaHydra/hydraExtensions/CMakeFiles/mayaHydraLib.dir/sceneIndex/mayaHydraPrimvarDataSource.cpp.o
[2023-11-21T16:51:10.587Z]     [62/107] Building CXX object lib/flowViewport/CMakeFiles/flowViewport.dir/API/interfacesImp/fvpVersionInterfaceImp.cpp.o
[2023-11-21T16:51:11.166Z]     [63/107] Building CXX object lib/flowViewport/CMakeFiles/flowViewport.dir/API/interfacesImp/fvpSelectionInterfaceImp.cpp.o
[2023-11-21T16:51:11.712Z]     [64/107] Building CXX object lib/mayaHydra/hydraExtensions/CMakeFiles/mayaHydraLib.dir/delegates/sceneDelegate.cpp.o
[2023-11-21T16:51:12.343Z]     [65/107] Building CXX object lib/flowViewport/CMakeFiles/flowViewport.dir/API/samples/fvpSelectionClientExample.cpp.o
[2023-11-21T16:51:12.343Z]     [66/107] Building CXX object lib/flowViewport/CMakeFiles/flowViewport.dir/sceneIndex/fvpPathInterfaceSceneIndex.cpp.o
[2023-11-21T16:51:12.343Z]     [67/107] Building CXX object lib/mayaHydra/hydraExtensions/CMakeFiles/mayaHydraLib.dir/sceneIndex/mayaHydraDataSource.cpp.o
[2023-11-21T16:51:12.343Z]     [68/107] Building CXX object lib/flowViewport/CMakeFiles/flowViewport.dir/sceneIndex/fvpMergingSceneIndex.cpp.o
[2023-11-21T16:51:12.343Z]     [69/107] Building CXX object lib/mayaHydra/hydraExtensions/CMakeFiles/mayaHydraLib.dir/sceneIndex/mayaHydraLightDataSource.cpp.o
[2023-11-21T16:51:12.343Z]     [70/107] Building CXX object lib/mayaHydra/hydraExtensions/CMakeFiles/mayaHydraLib.dir/delegates/defaultLightDelegate.cpp.o
[2023-11-21T16:51:12.922Z]     [71/107] Building CXX object lib/mayaHydra/hydraExtensions/CMakeFiles/mayaHydraLib.dir/sceneIndex/mayaHydraDisplayStyleDataSource.cpp.o
[2023-11-21T16:51:12.922Z]     [72/107] Building CXX object lib/flowViewport/CMakeFiles/flowViewport.dir/selection/fvpSelectionFwd.cpp.o
[2023-11-21T16:51:12.922Z]     [73/107] Building CXX object lib/mayaHydra/hydraExtensions/CMakeFiles/mayaHydraLib.dir/sceneIndex/mayaHydraCameraDataSource.cpp.o
[2023-11-21T16:51:13.581Z]     [74/107] Building CXX object lib/mayaHydra/hydraExtensions/CMakeFiles/mayaHydraLib.dir/delegates/testDelegate.cpp.o
[2023-11-21T16:51:13.581Z]     [75/107] Building CXX object lib/flowViewport/CMakeFiles/flowViewport.dir/API/interfacesImp/fvpInformationInterfaceImp.cpp.o
[2023-11-21T16:51:13.581Z]     [76/107] Building CXX object lib/flowViewport/CMakeFiles/flowViewport.dir/sceneIndex/fvpSelectionSceneIndex.cpp.o
[2023-11-21T16:51:13.581Z]     [77/107] Building CXX object lib/mayaHydra/hydraExtensions/CMakeFiles/mayaHydraLib.dir/sceneIndex/mayaHydraSceneIndex.cpp.o
[2023-11-21T16:51:14.344Z]     [78/107] Building CXX object lib/flowViewport/CMakeFiles/flowViewport.dir/sceneIndex/fvpRenderIndexProxy.cpp.o
[2023-11-21T16:51:14.344Z]     [79/107] Building CXX object lib/flowViewport/CMakeFiles/flowViewport.dir/sceneIndex/fvpWireframeSelectionHighlightSceneIndex.cpp.o
[2023-11-21T16:51:14.344Z]     [80/107] Building CXX object lib/mayaHydra/hydraExtensions/CMakeFiles/mayaHydraLib.dir/sceneIndex/mayaHydraDefaultLightDataSource.cpp.o
[2023-11-21T16:51:14.345Z]     [81/107] Building CXX object lib/flowViewport/CMakeFiles/flowViewport.dir/API/samples/fvpInformationClientExample.cpp.o
[2023-11-21T16:51:14.952Z]     [82/107] Automatic MOC for target adskHydraSceneBrowser
[2023-11-21T16:51:14.952Z]     [83/107] Building CXX object lib/flowViewport/CMakeFiles/flowViewport.dir/API/perViewportSceneIndicesData/fvpViewportInformationAndSceneIndicesPerViewportData.cpp.o
[2023-11-21T16:51:15.557Z]     [84/107] Building CXX object lib/flowViewport/CMakeFiles/flowViewport.dir/selection/fvpSelection.cpp.o
[2023-11-21T16:51:16.108Z]     [85/107] Building CXX object lib/flowViewport/CMakeFiles/flowViewport.dir/API/perViewportSceneIndicesData/fvpViewportInformationAndSceneIndicesPerViewportDataManager.cpp.o
[2023-11-21T16:51:16.108Z]     [86/107] Building CXX object lib/flowViewport/CMakeFiles/flowViewport.dir/selection/fvpSelectionTracker.cpp.o
[2023-11-21T16:51:16.649Z]     [87/107] Building CXX object lib/flowViewport/CMakeFiles/flowViewport.dir/selection/fvpSelectionTask.cpp.o
[2023-11-21T16:51:17.826Z]     [88/107] Building CXX object plugin/mayaHydraSceneBrowserTest/CMakeFiles/mayaHydraSceneBrowserTest.dir/mayaHydraSceneBrowserTestCmd.cpp.o
[2023-11-21T16:51:17.826Z]     [89/107] Linking CXX shared library lib/flowViewport/libflowViewport.so
[2023-11-21T16:51:18.368Z]     [90/107] Building CXX object lib/adskHydraSceneBrowser/lib/CMakeFiles/adskHydraSceneBrowser.dir/src/patch/registeredSceneIndexChooser.cpp.o
[2023-11-21T16:51:18.368Z]     [91/107] Building CXX object lib/adskHydraSceneBrowser/lib/CMakeFiles/adskHydraSceneBrowser.dir/src/patch/sceneIndexObserverLoggingWidget.cpp.o
[2023-11-21T16:51:18.910Z]     [92/107] Building CXX object plugin/mayaHydraSceneBrowser/CMakeFiles/mayaHydraSceneBrowser.dir/mayaHydraSceneBrowser.cpp.o
[2023-11-21T16:51:19.539Z]     [93/107] Building CXX object lib/adskHydraSceneBrowser/lib/CMakeFiles/adskHydraSceneBrowser.dir/src/patch/sceneIndexObserverLoggingTreeView.cpp.o
[2023-11-21T16:51:19.539Z]     [94/107] Building CXX object lib/adskHydraSceneBrowser/lib/CMakeFiles/adskHydraSceneBrowser.dir/src/patch/dataSourceValueTreeView.cpp.o
[2023-11-21T16:51:19.539Z]     [95/107] Building CXX object lib/adskHydraSceneBrowser/lib/CMakeFiles/adskHydraSceneBrowser.dir/src/patch/sceneIndexDebuggerWidget.cpp.o
[2023-11-21T16:51:19.539Z]     [96/107] Building CXX object lib/adskHydraSceneBrowser/lib/CMakeFiles/adskHydraSceneBrowser.dir/adskHydraSceneBrowser_autogen/mocs_compilation.cpp.o
[2023-11-21T16:51:19.539Z]     [97/107] Building CXX object lib/adskHydraSceneBrowser/lib/CMakeFiles/adskHydraSceneBrowser.dir/src/patch/sceneIndexTreeWidget.cpp.o
[2023-11-21T16:51:20.129Z]     [98/107] Building CXX object lib/adskHydraSceneBrowser/test/CMakeFiles/adskHydraSceneBrowserTesting.dir/adskHydraSceneBrowserTesting.cpp.o
[2023-11-21T16:51:20.129Z]     [99/107] Building CXX object lib/adskHydraSceneBrowser/lib/CMakeFiles/adskHydraSceneBrowser.dir/src/patch/dataSourceTreeWidget.cpp.o
[2023-11-21T16:51:20.129Z]     [100/107] Linking CXX shared library lib/mayaHydra/hydraExtensions/libmayaHydraLib.so
[2023-11-21T16:51:21.445Z]     [101/107] Linking CXX shared library lib/adskHydraSceneBrowser/lib/libadskHydraSceneBrowser.so
[2023-11-21T16:51:21.445Z]     [102/107] Linking CXX shared library test/lib/mayaUsd/render/mayaToHydra/cpp/mayaHydraCppTests.so
[2023-11-21T16:51:21.445Z]     [103/107] Linking CXX shared library lib/mayaHydra/mayaPlugin/mayaHydra.so
[2023-11-21T16:51:22.125Z]     [104/107] Building CXX object lib/adskHydraSceneBrowser/test/CMakeFiles/adskHydraSceneBrowserTesting.dir/adskHydraSceneBrowserTestFixture.cpp.o
[2023-11-21T16:51:22.708Z]     [105/107] Linking CXX shared library plugin/mayaHydraSceneBrowser/mayaHydraSceneBrowser.so
[2023-11-21T16:51:23.285Z]     [106/107] Linking CXX shared library lib/adskHydraSceneBrowser/test/libadskHydraSceneBrowserTesting.so
[2023-11-21T16:51:24.580Z]     [107/107] Linking CXX shared library plugin/mayaHydraSceneBrowserTest/mayaHydraSceneBrowserTest.so
[2023-11-21T16:51:24.580Z]     
[2023-11-21T16:51:24.580Z]         Building with settings:
[2023-11-21T16:51:24.580Z]           Source directory          /home/S/jenkins/workspace/ECP/ecg-maya-hydra/ecg-maya-hydra-branch-preflight-python3-linux/ecg-maya-hydra/maya-hydra
[2023-11-21T16:51:24.580Z]           Workspace directory       /local/S/jenkins/workspace/ECP/ecg-maya-hydra/ecg-maya-hydra-branch-preflight-python3-linux
[2023-11-21T16:51:24.580Z]           Build directory           /local/S/jenkins/workspace/ECP/ecg-maya-hydra/ecg-maya-hydra-branch-preflight-python3-linux/build/Debug
[2023-11-21T16:51:24.580Z]           Install directory         /local/S/jenkins/workspace/ECP/ecg-maya-hydra/ecg-maya-hydra-branch-preflight-python3-linux/install/Debug/MayaHydra
[2023-11-21T16:51:24.580Z]           Variant                   Debug
[2023-11-21T16:51:24.580Z]           Python Debug              On
[2023-11-21T16:51:24.580Z]           CMake generator           Ninja
[2023-11-21T16:51:24.580Z]           Build arguments           ['-DCMAKE_MAKE_PROGRAM=/local/S/jenkins/workspace/shared/Artifactory/Linux/ninja/1.10.2/9ab399b/ninja', '-DPYTHON_INCLUDE_DIR=/local/S/jenkins/workspace/shared/Artifactory/Linux/rundev-master-debug/202311130621/runtime/fb61367/runTime/include/Python311/Python', '-DPython_EXECUTABLE=/local/S/jenkins/workspace/shared/Artifactory/Linux/rundev-master-debug/202311130621/runtime/fb61367/runTime/bin/mayapy', '-DPYTHON_LIBRARIES=/local/S/jenkins/workspace/shared/Artifactory/Linux/rundev-master-debug/202311130621/runtime/fb61367/runTime/lib/libpython3.11d.so.1.0', '-DBUILD_WITH_PYTHON_3_VERSION=3.11', '-DCMAKE_WANT_MATERIALX_BUILD=ON', '-DCMAKE_PREFIX_PATH=/local/S/jenkins/workspace/shared/Artifactory/Linux/USD/e5ad5df', '-DMAYAHYDRA_BUILD_NUMBER=411', '-DMAYAHYDRA_GIT_COMMIT=dc2f04ad856bbd718ecc1f9c48e6fc1b3807c687', '-DMAYAHYDRA_GIT_BRANCH=master']
[2023-11-21T16:51:24.580Z]           Stages arguments          ['build']
[2023-11-21T16:51:24.580Z]           CTest arguments           ['--parallel 16']
[2023-11-21T16:51:24.580Z]     Success MayaHydra build and install !!!!
[2023-11-21T16:51:24.580Z]     Elapsed time: 00:00:32
[Pipeline] sh
[2023-11-21T16:51:26.008Z] + scl enable gcc-toolset-11 -
[2023-11-21T16:51:26.009Z] + '[' enable = load -o enable = unload ']'
[2023-11-21T16:51:26.009Z] + /usr/bin/scl enable gcc-toolset-11 -
[2023-11-21T16:51:26.009Z] python ecg-maya-hydra/build.py --stages=build --workspace-dir=/local/S/jenkins/workspace/ECP/ecg-maya-hydra/ecg-maya-hydra-branch-preflight-python3-linux --artifactory-dir=/local/S/jenkins/workspace/shared/Artifactory --build-dir=/local/S/jenkins/workspace/ECP/ecg-maya-hydra/ecg-maya-hydra-branch-preflight-python3-linux/build --install-dir=/local/S/jenkins/workspace/ECP/ecg-maya-hydra/ecg-maya-hydra-branch-preflight-python3-linux/install --signing-dir=/local/S/jenkins/workspace/ECP/ecg-maya-hydra/ecg-maya-hydra-branch-preflight-python3-linux/signing --package-dir=/local/S/jenkins/workspace/ECP/ecg-maya-hydra/ecg-maya-hydra-branch-preflight-python3-linux/package --output-dir=/local/S/jenkins/workspace/ECP/ecg-maya-hydra/ecg-maya-hydra-branch-preflight-python3-linux/output --stash-dir=/local/S/jenkins/workspace/ECP/ecg-maya-hydra/ecg-maya-hydra-branch-preflight-python3-linux/stash --jenkins-build=411 --git-commit=dc2f04ad856bbd718ecc1f9c48e6fc1b3807c687 --git-branch=master --variants=RelWithDebInfo --interactive-tests=true --post-zips=false --osx-binary-architecture-target=ub2 --osx-deployment-target=11.0 --osx-base-sdk=CurrentActiveSDK --build-retry=3 --maya-cut-config=maya-rundev-master.yaml --maya-package=rundev-master --stage-banner
[2023-11-21T16:51:26.009Z] Using Maya cut from /local/S/jenkins/workspace/shared/Artifactory/Linux/rundev-master/202311130812/runtime/48b8229
[2023-11-21T16:51:26.009Z] 
[2023-11-21T16:51:26.009Z] ================================================================================
[2023-11-21T16:51:26.009Z]                              build (RelWithDebInfo)
[2023-11-21T16:51:26.009Z] ================================================================================
[2023-11-21T16:51:26.009Z] Maya Python RelWithDebInfo Info:
[2023-11-21T16:51:26.009Z]   mayapy executable   = /local/S/jenkins/workspace/shared/Artifactory/Linux/rundev-master/202311130812/runtime/48b8229/runTime/bin/mayapy
[2023-11-21T16:51:26.009Z]   Include Folder      = /local/S/jenkins/workspace/shared/Artifactory/Linux/rundev-master/202311130812/runtime/48b8229/runTime/include/Python311/Python
[2023-11-21T16:51:26.009Z]   Library             = /local/S/jenkins/workspace/shared/Artifactory/Linux/rundev-master/202311130812/runtime/48b8229/runTime/lib/libpython3.11.so.1.0
[2023-11-21T16:51:26.009Z]   site-package Folder = /local/S/jenkins/workspace/shared/Artifactory/Linux/rundev-master/202311130812/runtime/48b8229/runTime/lib/python3.11/site-packages
[2023-11-21T16:51:26.599Z] In workdir: /home/S/jenkins/workspace/ECP/ecg-maya-hydra/ecg-maya-hydra-branch-preflight-python3-linux/ecg-maya-hydra/maya-hydra
[2023-11-21T16:51:26.599Z] Executing: /local/S/jenkins/workspace/shared/Artifactory/Linux/rundev-master/202311130812/runtime/48b8229/runTime/bin/mayapy /home/S/jenkins/workspace/ECP/ecg-maya-hydra/ecg-maya-hydra-branch-preflight-python3-linux/ecg-maya-hydra/maya-hydra/build.py --generator Ninja --build-relwithdebug --maya-location /local/S/jenkins/workspace/shared/Artifactory/Linux/rundev-master/202311130812/runtime/48b8229/runTime --devkit-location /local/S/jenkins/workspace/shared/Artifactory/Linux/rundev-master/202311130812/runtime/48b8229/devkitBase --pxrusd-location /local/S/jenkins/workspace/shared/Artifactory/Linux/USD/1a43c47 --build-args=-DCMAKE_MAKE_PROGRAM=/local/S/jenkins/workspace/shared/Artifactory/Linux/ninja/1.10.2/9ab399b/ninja,-DPYTHON_INCLUDE_DIR=/local/S/jenkins/workspace/shared/Artifactory/Linux/rundev-master/202311130812/runtime/48b8229/runTime/include/Python311/Python,-DPython_EXECUTABLE=/local/S/jenkins/workspace/shared/Artifactory/Linux/rundev-master/202311130812/runtime/48b8229/runTime/bin/mayapy,-DPYTHON_LIBRARIES=/local/S/jenkins/workspace/shared/Artifactory/Linux/rundev-master/202311130812/runtime/48b8229/runTime/lib/libpython3.11.so.1.0,-DBUILD_WITH_PYTHON_3_VERSION=3.11,-DCMAKE_WANT_MATERIALX_BUILD=ON,-DCMAKE_PREFIX_PATH=/local/S/jenkins/workspace/shared/Artifactory/Linux/USD/1a43c47,-DMAYAHYDRA_BUILD_NUMBER=411,-DMAYAHYDRA_GIT_COMMIT=dc2f04ad856bbd718ecc1f9c48e6fc1b3807c687,-DMAYAHYDRA_GIT_BRANCH=master '--ctest-args=--parallel 16' --stages=build --redirect-outstream-file=False --install-location /local/S/jenkins/workspace/ECP/ecg-maya-hydra/ecg-maya-hydra-branch-preflight-python3-linux/install/RelWithDebInfo/MayaHydra /local/S/jenkins/workspace/ECP/ecg-maya-hydra/ecg-maya-hydra-branch-preflight-python3-linux
[2023-11-21T16:51:26.599Z] Modified environment variables:
[2023-11-21T16:51:26.599Z]     LD_LIBRARY_PATH=/opt/rh/gcc-toolset-11/root/usr/lib64:/opt/rh/gcc-toolset-11/root/usr/lib64:/opt/rh/gcc-toolset-11/root/usr/lib:/opt/rh/gcc-toolset-11/root/usr/lib64/dyninst:/opt/rh/gcc-toolset-11/root/usr/lib/dyninst
[2023-11-21T16:51:26.599Z]     PATH=/local/S/jenkins/workspace/shared/Artifactory/Linux/cmake/3.20.3/ab685d7/bin:/opt/rh/gcc-toolset-11/root/usr/bin:/home/administrator/.local/bin:/home/administrator/bin:/usr/share/Modules/bin:/usr/local/bin:/usr/local/sbin:/usr/bin:/usr/sbin
[2023-11-21T16:51:27.307Z]     [1/107] Building CXX object lib/mayaHydra/mayaPlugin/CMakeFiles/mayaHydra.dir/colorNotFoundException.cpp.o
[2023-11-21T16:51:27.307Z]     [2/107] Building CXX object lib/mayaHydra/mayaPlugin/CMakeFiles/mayaHydra.dir/tokens.cpp.o
[2023-11-21T16:51:27.913Z]     [3/107] Building CXX object lib/mayaHydra/mayaPlugin/CMakeFiles/mayaHydra.dir/pluginDebugCodes.cpp.o
[2023-11-21T16:51:27.913Z]     [4/107] Building CXX object test/lib/mayaUsd/render/mayaToHydra/cpp/CMakeFiles/mayaHydraCppTests.dir/testCppFramework.cpp.o
[2023-11-21T16:51:27.913Z]     [5/107] Building CXX object test/lib/mayaUsd/render/mayaToHydra/cpp/CMakeFiles/mayaHydraCppTests.dir/mayaHydraCppTestsCmd.cpp.o
[2023-11-21T16:51:28.607Z]     [6/107] Building CXX object lib/mayaHydra/mayaPlugin/CMakeFiles/mayaHydra.dir/mayaColorPreferencesTranslator.cpp.o
[2023-11-21T16:51:29.846Z]     [7/107] Building CXX object test/lib/mayaUsd/render/mayaToHydra/cpp/CMakeFiles/mayaHydraCppTests.dir/testColorPreferences.cpp.o
[2023-11-21T16:51:30.475Z]     [8/107] Building CXX object test/lib/mayaUsd/render/mayaToHydra/cpp/CMakeFiles/mayaHydraCppTests.dir/testFvpViewportInformationMultipleViewports.cpp.o
[2023-11-21T16:51:31.139Z]     [9/107] Building CXX object test/lib/mayaUsd/render/mayaToHydra/cpp/CMakeFiles/mayaHydraCppTests.dir/testUtils.cpp.o
[2023-11-21T16:51:31.139Z]     [10/107] Building CXX object test/lib/mayaUsd/render/mayaToHydra/cpp/CMakeFiles/mayaHydraCppTests.dir/testMayaUsdUfeItems.cpp.o
[2023-11-21T16:51:31.139Z]     [11/107] Building CXX object test/lib/mayaUsd/render/mayaToHydra/cpp/CMakeFiles/mayaHydraCppTests.dir/testMayaSceneFlattening.cpp.o
[2023-11-21T16:51:31.139Z]     [12/107] Building CXX object test/lib/mayaUsd/render/mayaToHydra/cpp/CMakeFiles/mayaHydraCppTests.dir/testFvpViewportInformationRendererSwitching.cpp.o
[2023-11-21T16:51:31.139Z]     [13/107] Building CXX object lib/mayaHydra/hydraExtensions/CMakeFiles/mayaHydraLib.dir/mixedUtils.cpp.o
[2023-11-21T16:51:31.139Z]     [14/107] Building CXX object lib/mayaHydra/hydraExtensions/CMakeFiles/mayaHydraLib.dir/mhBuildInfo.cpp.o
[2023-11-21T16:51:31.139Z]     [15/107] Building CXX object lib/mayaHydra/hydraExtensions/CMakeFiles/mayaHydraLib.dir/mayaUtils.cpp.o
[2023-11-21T16:51:31.744Z]     [16/107] Building CXX object lib/mayaHydra/hydraExtensions/CMakeFiles/mayaHydraLib.dir/debugCodes.cpp.o
[2023-11-21T16:51:32.395Z]     [17/107] Building CXX object lib/mayaHydra/hydraExtensions/CMakeFiles/mayaHydraLib.dir/adapters/adapterDebugCodes.cpp.o
[2023-11-21T16:51:32.395Z]     [18/107] Building CXX object lib/mayaHydra/hydraExtensions/CMakeFiles/mayaHydraLib.dir/mayaHydraLibInterfaceImp.cpp.o
[2023-11-21T16:51:32.998Z]     [19/107] Building CXX object lib/mayaHydra/mayaPlugin/CMakeFiles/mayaHydra.dir/pluginUtils.cpp.o
[2023-11-21T16:51:32.998Z]     [20/107] Building CXX object test/lib/mayaUsd/render/mayaToHydra/cpp/CMakeFiles/mayaHydraCppTests.dir/testWireframeSelectionHighlightSceneIndex.cpp.o
[2023-11-21T16:51:32.998Z]     [21/107] Building CXX object test/lib/mayaUsd/render/mayaToHydra/cpp/CMakeFiles/mayaHydraCppTests.dir/testSelectionSceneIndex.cpp.o
[2023-11-21T16:51:33.769Z]     [22/107] Building CXX object lib/mayaHydra/mayaPlugin/CMakeFiles/mayaHydra.dir/plugin.cpp.o
[2023-11-21T16:51:34.396Z]     [23/107] Building CXX object lib/mayaHydra/mayaPlugin/CMakeFiles/mayaHydra.dir/viewCommand.cpp.o
[2023-11-21T16:51:34.396Z]     [24/107] Building CXX object lib/mayaHydra/hydraExtensions/CMakeFiles/mayaHydraLib.dir/adapters/adapter.cpp.o
[2023-11-21T16:51:35.013Z]     [25/107] Building CXX object lib/mayaHydra/hydraExtensions/CMakeFiles/mayaHydraLib.dir/hydraUtils.cpp.o
[2023-11-21T16:51:35.013Z]     [26/107] Building CXX object lib/mayaHydra/hydraExtensions/CMakeFiles/mayaHydraLib.dir/adapters/mayaAttrs.cpp.o
[2023-11-21T16:51:35.013Z]     [27/107] Building CXX object test/lib/mayaUsd/render/mayaToHydra/cpp/CMakeFiles/mayaHydraCppTests.dir/testMergingSceneIndex.cpp.o
[2023-11-21T16:51:37.858Z]     [28/107] Building CXX object lib/mayaHydra/mayaPlugin/CMakeFiles/mayaHydra.dir/renderOverride.cpp.o
[2023-11-21T16:51:37.858Z]     [29/107] Building CXX object lib/mayaHydra/hydraExtensions/CMakeFiles/mayaHydraLib.dir/adapters/adapterRegistry.cpp.o
[2023-11-21T16:51:38.451Z]     [30/107] Building CXX object lib/mayaHydra/hydraExtensions/CMakeFiles/mayaHydraLib.dir/adapters/areaLightAdapter.cpp.o
[2023-11-21T16:51:38.451Z]     [31/107] Building CXX object lib/mayaHydra/mayaPlugin/CMakeFiles/mayaHydra.dir/renderGlobals.cpp.o
[2023-11-21T16:51:39.031Z]     [32/107] Building CXX object lib/mayaHydra/hydraExtensions/CMakeFiles/mayaHydraLib.dir/adapters/aiSkydomeLightAdapter.cpp.o
[2023-11-21T16:51:39.031Z]     [33/107] Building CXX object lib/mayaHydra/hydraExtensions/CMakeFiles/mayaHydraLib.dir/adapters/cameraAdapter.cpp.o
[2023-11-21T16:51:39.649Z]     [34/107] Building CXX object lib/mayaHydra/hydraExtensions/CMakeFiles/mayaHydraLib.dir/adapters/tokens.cpp.o
[2023-11-21T16:51:39.649Z]     [35/107] Building CXX object lib/mayaHydra/hydraExtensions/CMakeFiles/mayaHydraLib.dir/adapters/directionalLightAdapter.cpp.o
[2023-11-21T16:51:39.649Z]     [36/107] Building CXX object lib/mayaHydra/hydraExtensions/CMakeFiles/mayaHydraLib.dir/adapters/dagAdapter.cpp.o
[2023-11-21T16:51:40.295Z]     [37/107] Building CXX object lib/mayaHydra/hydraExtensions/CMakeFiles/mayaHydraLib.dir/delegates/delegateDebugCodes.cpp.o
[2023-11-21T16:51:40.295Z]     [38/107] Building CXX object lib/mayaHydra/hydraExtensions/CMakeFiles/mayaHydraLib.dir/adapters/lightAdapter.cpp.o
[2023-11-21T16:51:40.911Z]     [39/107] Building CXX object lib/mayaHydra/hydraExtensions/CMakeFiles/mayaHydraLib.dir/mayaHydraSceneProducer.cpp.o
[2023-11-21T16:51:40.911Z]     [40/107] Building CXX object lib/mayaHydra/hydraExtensions/CMakeFiles/mayaHydraLib.dir/adapters/renderItemAdapter.cpp.o
[2023-11-21T16:51:41.500Z]     [41/107] Building CXX object lib/mayaHydra/hydraExtensions/CMakeFiles/mayaHydraLib.dir/adapters/materialAdapter.cpp.o
[2023-11-21T16:51:42.054Z]     [42/107] Building CXX object lib/mayaHydra/hydraExtensions/CMakeFiles/mayaHydraLib.dir/adapters/pointLightAdapter.cpp.o
[2023-11-21T16:51:42.609Z]     [43/107] Building CXX object lib/mayaHydra/hydraExtensions/CMakeFiles/mayaHydraLib.dir/adapters/nurbsCurveAdapter.cpp.o
[2023-11-21T16:51:43.197Z]     [44/107] Building CXX object lib/mayaHydra/hydraExtensions/CMakeFiles/mayaHydraLib.dir/adapters/meshAdapter.cpp.o
[2023-11-21T16:51:43.755Z]     [45/107] Building CXX object lib/mayaHydra/hydraExtensions/CMakeFiles/mayaHydraLib.dir/delegates/delegate.cpp.o
[2023-11-21T16:51:43.755Z]     [46/107] Building CXX object lib/mayaHydra/hydraExtensions/CMakeFiles/mayaHydraLib.dir/adapters/shapeAdapter.cpp.o
[2023-11-21T16:51:44.352Z]     [47/107] Building CXX object lib/mayaHydra/hydraExtensions/CMakeFiles/mayaHydraLib.dir/adapters/materialNetworkConverter.cpp.o
[2023-11-21T16:51:44.980Z]     [48/107] Building CXX object lib/mayaHydra/hydraExtensions/CMakeFiles/mayaHydraLib.dir/delegates/delegateCtx.cpp.o
[2023-11-21T16:51:44.980Z]     [49/107] Building CXX object lib/flowViewport/CMakeFiles/flowViewport.dir/debugCodes.cpp.o
[2023-11-21T16:51:44.980Z]     [50/107] Building CXX object lib/mayaHydra/hydraExtensions/CMakeFiles/mayaHydraLib.dir/adapters/spotLightAdapter.cpp.o
[2023-11-21T16:51:45.592Z]     [51/107] Building CXX object lib/mayaHydra/ufeExtensions/CMakeFiles/ufeExtensions.dir/Global.cpp.o
[2023-11-21T16:51:45.592Z]     [52/107] Building CXX object lib/flowViewport/CMakeFiles/flowViewport.dir/global.cpp.o
[2023-11-21T16:51:45.592Z]     [53/107] Linking CXX shared library lib/mayaHydra/ufeExtensions/libufeExtensions.so
[2023-11-21T16:51:45.592Z]     [54/107] Building CXX object lib/flowViewport/CMakeFiles/flowViewport.dir/tokens.cpp.o
[2023-11-21T16:51:46.198Z]     [55/107] Building CXX object lib/mayaHydra/hydraExtensions/CMakeFiles/mayaHydraLib.dir/delegates/delegateRegistry.cpp.o
[2023-11-21T16:51:46.198Z]     [56/107] Building CXX object lib/flowViewport/CMakeFiles/flowViewport.dir/colorPreferences/fvpColorChanged.cpp.o
[2023-11-21T16:51:46.198Z]     [57/107] Building CXX object lib/flowViewport/CMakeFiles/flowViewport.dir/sceneIndex/fvpPathInterface.cpp.o
[2023-11-21T16:51:46.198Z]     [58/107] Building CXX object lib/flowViewport/CMakeFiles/flowViewport.dir/colorPreferences/fvpColorPreferences.cpp.o
[2023-11-21T16:51:46.198Z]     [59/107] Building CXX object lib/mayaHydra/hydraExtensions/CMakeFiles/mayaHydraLib.dir/sceneIndex/registration.cpp.o
[2023-11-21T16:51:46.881Z]     [60/107] Building CXX object lib/flowViewport/CMakeFiles/flowViewport.dir/colorPreferences/fvpColorPreferencesTokens.cpp.o
[2023-11-21T16:51:47.448Z]     [61/107] Building CXX object lib/flowViewport/CMakeFiles/flowViewport.dir/API/interfacesImp/fvpSelectionInterfaceImp.cpp.o
[2023-11-21T16:51:47.448Z]     [62/107] Building CXX object lib/flowViewport/CMakeFiles/flowViewport.dir/API/interfacesImp/fvpVersionInterfaceImp.cpp.o
[2023-11-21T16:51:48.089Z]     [63/107] Building CXX object lib/mayaHydra/hydraExtensions/CMakeFiles/mayaHydraLib.dir/sceneIndex/mayaHydraPrimvarDataSource.cpp.o
[2023-11-21T16:51:48.671Z]     [64/107] Building CXX object lib/mayaHydra/hydraExtensions/CMakeFiles/mayaHydraLib.dir/sceneIndex/mayaHydraLightDataSource.cpp.o
[2023-11-21T16:51:48.671Z]     [65/107] Building CXX object lib/flowViewport/CMakeFiles/flowViewport.dir/sceneIndex/fvpPathInterfaceSceneIndex.cpp.o
[2023-11-21T16:51:48.671Z]     [66/107] Building CXX object lib/mayaHydra/hydraExtensions/CMakeFiles/mayaHydraLib.dir/sceneIndex/mayaHydraDisplayStyleDataSource.cpp.o
[2023-11-21T16:51:48.671Z]     [67/107] Building CXX object lib/flowViewport/CMakeFiles/flowViewport.dir/API/samples/fvpSelectionClientExample.cpp.o
[2023-11-21T16:51:49.322Z]     [68/107] Building CXX object lib/flowViewport/CMakeFiles/flowViewport.dir/sceneIndex/fvpMergingSceneIndex.cpp.o
[2023-11-21T16:51:49.322Z]     [69/107] Building CXX object lib/mayaHydra/hydraExtensions/CMakeFiles/mayaHydraLib.dir/sceneIndex/mayaHydraCameraDataSource.cpp.o
[2023-11-21T16:51:49.322Z]     [70/107] Building CXX object lib/flowViewport/CMakeFiles/flowViewport.dir/selection/fvpSelectionFwd.cpp.o
[2023-11-21T16:51:49.322Z]     [71/107] Building CXX object lib/mayaHydra/hydraExtensions/CMakeFiles/mayaHydraLib.dir/delegates/testDelegate.cpp.o
[2023-11-21T16:51:49.880Z]     [72/107] Building CXX object lib/mayaHydra/hydraExtensions/CMakeFiles/mayaHydraLib.dir/delegates/defaultLightDelegate.cpp.o
[2023-11-21T16:51:51.027Z]     [73/107] Building CXX object lib/flowViewport/CMakeFiles/flowViewport.dir/sceneIndex/fvpRenderIndexProxy.cpp.o
[2023-11-21T16:51:51.027Z]     [74/107] Building CXX object lib/flowViewport/CMakeFiles/flowViewport.dir/API/interfacesImp/fvpInformationInterfaceImp.cpp.o
[2023-11-21T16:51:51.027Z]     [75/107] Building CXX object lib/flowViewport/CMakeFiles/flowViewport.dir/API/samples/fvpInformationClientExample.cpp.o
[2023-11-21T16:51:51.027Z]     [76/107] Building CXX object lib/mayaHydra/hydraExtensions/CMakeFiles/mayaHydraLib.dir/delegates/sceneDelegate.cpp.o
[2023-11-21T16:51:51.027Z]     [77/107] Building CXX object lib/flowViewport/CMakeFiles/flowViewport.dir/sceneIndex/fvpWireframeSelectionHighlightSceneIndex.cpp.o
[2023-11-21T16:51:51.580Z]     [78/107] Building CXX object lib/flowViewport/CMakeFiles/flowViewport.dir/sceneIndex/fvpSelectionSceneIndex.cpp.o
[2023-11-21T16:51:51.580Z]     [79/107] Building CXX object lib/flowViewport/CMakeFiles/flowViewport.dir/API/perViewportSceneIndicesData/fvpViewportInformationAndSceneIndicesPerViewportData.cpp.o
[2023-11-21T16:51:51.580Z]     [80/107] Building CXX object lib/mayaHydra/hydraExtensions/CMakeFiles/mayaHydraLib.dir/sceneIndex/mayaHydraDataSource.cpp.o
[2023-11-21T16:51:51.580Z]     [81/107] Automatic MOC for target adskHydraSceneBrowser
[2023-11-21T16:51:52.148Z]     [82/107] Building CXX object lib/mayaHydra/hydraExtensions/CMakeFiles/mayaHydraLib.dir/sceneIndex/mayaHydraDefaultLightDataSource.cpp.o
[2023-11-21T16:51:52.148Z]     [83/107] Building CXX object lib/mayaHydra/hydraExtensions/CMakeFiles/mayaHydraLib.dir/sceneIndex/mayaHydraSceneIndex.cpp.o
[2023-11-21T16:51:52.995Z]     [84/107] Building CXX object lib/flowViewport/CMakeFiles/flowViewport.dir/selection/fvpSelection.cpp.o
[2023-11-21T16:51:52.995Z]     [85/107] Building CXX object lib/flowViewport/CMakeFiles/flowViewport.dir/selection/fvpSelectionTracker.cpp.o
[2023-11-21T16:51:53.680Z]     [86/107] Building CXX object lib/flowViewport/CMakeFiles/flowViewport.dir/API/perViewportSceneIndicesData/fvpViewportInformationAndSceneIndicesPerViewportDataManager.cpp.o
[2023-11-21T16:51:53.680Z]     [87/107] Building CXX object lib/flowViewport/CMakeFiles/flowViewport.dir/selection/fvpSelectionTask.cpp.o
[2023-11-21T16:51:54.304Z]     [88/107] Linking CXX shared library lib/flowViewport/libflowViewport.so
[2023-11-21T16:51:54.911Z]     [89/107] Building CXX object plugin/mayaHydraSceneBrowserTest/CMakeFiles/mayaHydraSceneBrowserTest.dir/mayaHydraSceneBrowserTestCmd.cpp.o
[2023-11-21T16:51:55.465Z]     [90/107] Linking CXX shared library lib/mayaHydra/hydraExtensions/libmayaHydraLib.so
[2023-11-21T16:51:55.465Z]     [91/107] Building CXX object lib/adskHydraSceneBrowser/lib/CMakeFiles/adskHydraSceneBrowser.dir/src/patch/registeredSceneIndexChooser.cpp.o
[2023-11-21T16:51:56.020Z]     [92/107] Building CXX object lib/adskHydraSceneBrowser/lib/CMakeFiles/adskHydraSceneBrowser.dir/src/patch/sceneIndexObserverLoggingWidget.cpp.o
[2023-11-21T16:51:56.020Z]     [93/107] Linking CXX shared library test/lib/mayaUsd/render/mayaToHydra/cpp/mayaHydraCppTests.so
[2023-11-21T16:51:56.020Z]     [94/107] Linking CXX shared library lib/mayaHydra/mayaPlugin/mayaHydra.so
[2023-11-21T16:51:56.658Z]     [95/107] Building CXX object plugin/mayaHydraSceneBrowser/CMakeFiles/mayaHydraSceneBrowser.dir/mayaHydraSceneBrowser.cpp.o
[2023-11-21T16:51:56.658Z]     [96/107] Building CXX object lib/adskHydraSceneBrowser/lib/CMakeFiles/adskHydraSceneBrowser.dir/src/patch/sceneIndexDebuggerWidget.cpp.o
[2023-11-21T16:51:56.658Z]     [97/107] Building CXX object lib/adskHydraSceneBrowser/lib/CMakeFiles/adskHydraSceneBrowser.dir/src/patch/sceneIndexObserverLoggingTreeView.cpp.o
[2023-11-21T16:51:57.200Z]     [98/107] Building CXX object lib/adskHydraSceneBrowser/lib/CMakeFiles/adskHydraSceneBrowser.dir/adskHydraSceneBrowser_autogen/mocs_compilation.cpp.o
[2023-11-21T16:51:57.200Z]     [99/107] Building CXX object lib/adskHydraSceneBrowser/test/CMakeFiles/adskHydraSceneBrowserTesting.dir/adskHydraSceneBrowserTesting.cpp.o
[2023-11-21T16:51:57.200Z]     [100/107] Building CXX object lib/adskHydraSceneBrowser/lib/CMakeFiles/adskHydraSceneBrowser.dir/src/patch/sceneIndexTreeWidget.cpp.o
[2023-11-21T16:51:57.810Z]     [101/107] Building CXX object lib/adskHydraSceneBrowser/lib/CMakeFiles/adskHydraSceneBrowser.dir/src/patch/dataSourceValueTreeView.cpp.o
[2023-11-21T16:51:57.810Z]     [102/107] Building CXX object lib/adskHydraSceneBrowser/lib/CMakeFiles/adskHydraSceneBrowser.dir/src/patch/dataSourceTreeWidget.cpp.o
[2023-11-21T16:51:58.397Z]     [103/107] Linking CXX shared library lib/adskHydraSceneBrowser/lib/libadskHydraSceneBrowser.so
[2023-11-21T16:51:58.993Z]     [104/107] Linking CXX shared library plugin/mayaHydraSceneBrowser/mayaHydraSceneBrowser.so
[2023-11-21T16:52:02.670Z]     [105/107] Building CXX object lib/adskHydraSceneBrowser/test/CMakeFiles/adskHydraSceneBrowserTesting.dir/adskHydraSceneBrowserTestFixture.cpp.o
[2023-11-21T16:52:02.670Z]     [106/107] Linking CXX shared library lib/adskHydraSceneBrowser/test/libadskHydraSceneBrowserTesting.so
[2023-11-21T16:52:03.261Z]     [107/107] Linking CXX shared library plugin/mayaHydraSceneBrowserTest/mayaHydraSceneBrowserTest.so
[2023-11-21T16:52:03.261Z]     
[2023-11-21T16:52:03.261Z]         Building with settings:
[2023-11-21T16:52:03.261Z]           Source directory          /home/S/jenkins/workspace/ECP/ecg-maya-hydra/ecg-maya-hydra-branch-preflight-python3-linux/ecg-maya-hydra/maya-hydra
[2023-11-21T16:52:03.261Z]           Workspace directory       /local/S/jenkins/workspace/ECP/ecg-maya-hydra/ecg-maya-hydra-branch-preflight-python3-linux
[2023-11-21T16:52:03.261Z]           Build directory           /local/S/jenkins/workspace/ECP/ecg-maya-hydra/ecg-maya-hydra-branch-preflight-python3-linux/build/RelWithDebInfo
[2023-11-21T16:52:03.261Z]           Install directory         /local/S/jenkins/workspace/ECP/ecg-maya-hydra/ecg-maya-hydra-branch-preflight-python3-linux/install/RelWithDebInfo/MayaHydra
[2023-11-21T16:52:03.261Z]           Variant                   RelWithDebInfo
[2023-11-21T16:52:03.261Z]           Python Debug              Off
[2023-11-21T16:52:03.261Z]           CMake generator           Ninja
[2023-11-21T16:52:03.261Z]           Build arguments           ['-DCMAKE_MAKE_PROGRAM=/local/S/jenkins/workspace/shared/Artifactory/Linux/ninja/1.10.2/9ab399b/ninja', '-DPYTHON_INCLUDE_DIR=/local/S/jenkins/workspace/shared/Artifactory/Linux/rundev-master/202311130812/runtime/48b8229/runTime/include/Python311/Python', '-DPython_EXECUTABLE=/local/S/jenkins/workspace/shared/Artifactory/Linux/rundev-master/202311130812/runtime/48b8229/runTime/bin/mayapy', '-DPYTHON_LIBRARIES=/local/S/jenkins/workspace/shared/Artifactory/Linux/rundev-master/202311130812/runtime/48b8229/runTime/lib/libpython3.11.so.1.0', '-DBUILD_WITH_PYTHON_3_VERSION=3.11', '-DCMAKE_WANT_MATERIALX_BUILD=ON', '-DCMAKE_PREFIX_PATH=/local/S/jenkins/workspace/shared/Artifactory/Linux/USD/1a43c47', '-DMAYAHYDRA_BUILD_NUMBER=411', '-DMAYAHYDRA_GIT_COMMIT=dc2f04ad856bbd718ecc1f9c48e6fc1b3807c687', '-DMAYAHYDRA_GIT_BRANCH=master']
[2023-11-21T16:52:03.261Z]           Stages arguments          ['build']
[2023-11-21T16:52:03.261Z]           CTest arguments           ['--parallel 16']
[2023-11-21T16:52:03.261Z]     Success MayaHydra build and install !!!!
[2023-11-21T16:52:03.261Z]     Elapsed time: 00:00:36
[Pipeline] }
[Pipeline] // withEnv
[Pipeline] }
[Pipeline] // timeout
[Pipeline] }
[Pipeline] // stage
[Pipeline] }
[Pipeline] // timestamps
[Pipeline] timestamps
[Pipeline] {
[Pipeline] stage
[Pipeline] { (Install)
[Pipeline] timeout
[2023-11-21T16:52:03.631Z] Timeout set to expire in 6 hr 0 min
[Pipeline] {
[Pipeline] withEnv
[Pipeline] {
[Pipeline] sh
[2023-11-21T16:52:04.816Z] + scl enable gcc-toolset-11 -
[2023-11-21T16:52:04.816Z] + '[' enable = load -o enable = unload ']'
[2023-11-21T16:52:04.816Z] + /usr/bin/scl enable gcc-toolset-11 -
[2023-11-21T16:52:04.816Z] python ecg-maya-hydra/build.py --stages=install --workspace-dir=/local/S/jenkins/workspace/ECP/ecg-maya-hydra/ecg-maya-hydra-branch-preflight-python3-linux --artifactory-dir=/local/S/jenkins/workspace/shared/Artifactory --build-dir=/local/S/jenkins/workspace/ECP/ecg-maya-hydra/ecg-maya-hydra-branch-preflight-python3-linux/build --install-dir=/local/S/jenkins/workspace/ECP/ecg-maya-hydra/ecg-maya-hydra-branch-preflight-python3-linux/install --signing-dir=/local/S/jenkins/workspace/ECP/ecg-maya-hydra/ecg-maya-hydra-branch-preflight-python3-linux/signing --package-dir=/local/S/jenkins/workspace/ECP/ecg-maya-hydra/ecg-maya-hydra-branch-preflight-python3-linux/package --output-dir=/local/S/jenkins/workspace/ECP/ecg-maya-hydra/ecg-maya-hydra-branch-preflight-python3-linux/output --stash-dir=/local/S/jenkins/workspace/ECP/ecg-maya-hydra/ecg-maya-hydra-branch-preflight-python3-linux/stash --jenkins-build=411 --git-commit=dc2f04ad856bbd718ecc1f9c48e6fc1b3807c687 --git-branch=master --variants=Debug --interactive-tests=true --post-zips=false --osx-binary-architecture-target=ub2 --osx-deployment-target=11.0 --osx-base-sdk=CurrentActiveSDK --maya-cut-config=maya-rundev-master-debug.yaml --maya-package=rundev-master-debug --stage-banner
[2023-11-21T16:52:04.816Z] Using Maya cut from /local/S/jenkins/workspace/shared/Artifactory/Linux/rundev-master-debug/202311130621/runtime/fb61367
[2023-11-21T16:52:04.816Z] 
[2023-11-21T16:52:04.816Z] ================================================================================
[2023-11-21T16:52:04.816Z]                                 install (Debug)
[2023-11-21T16:52:04.816Z] ================================================================================
[2023-11-21T16:52:04.816Z] Maya Python Debug Info:
[2023-11-21T16:52:04.816Z]   mayapy executable   = /local/S/jenkins/workspace/shared/Artifactory/Linux/rundev-master-debug/202311130621/runtime/fb61367/runTime/bin/mayapy
[2023-11-21T16:52:04.816Z]   Include Folder      = /local/S/jenkins/workspace/shared/Artifactory/Linux/rundev-master-debug/202311130621/runtime/fb61367/runTime/include/Python311/Python
[2023-11-21T16:52:04.816Z]   Library             = /local/S/jenkins/workspace/shared/Artifactory/Linux/rundev-master-debug/202311130621/runtime/fb61367/runTime/lib/libpython3.11d.so.1.0
[2023-11-21T16:52:04.816Z]   site-package Folder = /local/S/jenkins/workspace/shared/Artifactory/Linux/rundev-master-debug/202311130621/runtime/fb61367/runTime/lib/python3.11/site-packages
[2023-11-21T16:52:05.663Z] In workdir: /home/S/jenkins/workspace/ECP/ecg-maya-hydra/ecg-maya-hydra-branch-preflight-python3-linux/ecg-maya-hydra/maya-hydra
[2023-11-21T16:52:05.663Z] Executing: /local/S/jenkins/workspace/shared/Artifactory/Linux/rundev-master-debug/202311130621/runtime/fb61367/runTime/bin/mayapy /home/S/jenkins/workspace/ECP/ecg-maya-hydra/ecg-maya-hydra-branch-preflight-python3-linux/ecg-maya-hydra/maya-hydra/build.py --generator Ninja --build-debug --maya-location /local/S/jenkins/workspace/shared/Artifactory/Linux/rundev-master-debug/202311130621/runtime/fb61367/runTime --devkit-location /local/S/jenkins/workspace/shared/Artifactory/Linux/rundev-master-debug/202311130621/runtime/fb61367/devkitBase --pxrusd-location /local/S/jenkins/workspace/shared/Artifactory/Linux/USD/e5ad5df --build-args=-DCMAKE_MAKE_PROGRAM=/local/S/jenkins/workspace/shared/Artifactory/Linux/ninja/1.10.2/9ab399b/ninja,-DPYTHON_INCLUDE_DIR=/local/S/jenkins/workspace/shared/Artifactory/Linux/rundev-master-debug/202311130621/runtime/fb61367/runTime/include/Python311/Python,-DPython_EXECUTABLE=/local/S/jenkins/workspace/shared/Artifactory/Linux/rundev-master-debug/202311130621/runtime/fb61367/runTime/bin/mayapy,-DPYTHON_LIBRARIES=/local/S/jenkins/workspace/shared/Artifactory/Linux/rundev-master-debug/202311130621/runtime/fb61367/runTime/lib/libpython3.11d.so.1.0,-DBUILD_WITH_PYTHON_3_VERSION=3.11,-DCMAKE_WANT_MATERIALX_BUILD=ON,-DCMAKE_PREFIX_PATH=/local/S/jenkins/workspace/shared/Artifactory/Linux/USD/e5ad5df,-DMAYAHYDRA_BUILD_NUMBER=411,-DMAYAHYDRA_GIT_COMMIT=dc2f04ad856bbd718ecc1f9c48e6fc1b3807c687,-DMAYAHYDRA_GIT_BRANCH=master --debug-python '--ctest-args=--parallel 16' --stages=install --redirect-outstream-file=False --install-location /local/S/jenkins/workspace/ECP/ecg-maya-hydra/ecg-maya-hydra-branch-preflight-python3-linux/install/Debug/MayaHydra /local/S/jenkins/workspace/ECP/ecg-maya-hydra/ecg-maya-hydra-branch-preflight-python3-linux
[2023-11-21T16:52:05.663Z] Modified environment variables:
[2023-11-21T16:52:05.663Z]     LD_LIBRARY_PATH=/opt/rh/gcc-toolset-11/root/usr/lib64:/opt/rh/gcc-toolset-11/root/usr/lib64:/opt/rh/gcc-toolset-11/root/usr/lib:/opt/rh/gcc-toolset-11/root/usr/lib64/dyninst:/opt/rh/gcc-toolset-11/root/usr/lib/dyninst
[2023-11-21T16:52:05.663Z]     PATH=/local/S/jenkins/workspace/shared/Artifactory/Linux/cmake/3.20.3/ab685d7/bin:/opt/rh/gcc-toolset-11/root/usr/bin:/home/administrator/.local/bin:/home/administrator/bin:/usr/share/Modules/bin:/usr/local/bin:/usr/local/sbin:/usr/bin:/usr/sbin
[2023-11-21T16:52:06.308Z]     [0/1] Install the project...
[2023-11-21T16:52:06.308Z]     -- Install configuration: "Debug"
[2023-11-21T16:52:06.308Z]     -- Set runtime path of "/local/S/jenkins/workspace/ECP/ecg-maya-hydra/ecg-maya-hydra-branch-preflight-python3-linux/install/Debug/MayaHydra/lib/maya/mayaHydraCppTests.so" to "$ORIGIN/../gtest:/local/S/jenkins/workspace/shared/Artifactory/Linux/USD/e5ad5df/lib:/local/S/jenkins/workspace/shared/Artifactory/Linux/rundev-master-debug/202311130621/runtime/fb61367/devkitBase/devkit/ufe/lib:/local/S/jenkins/workspace/shared/Artifactory/Linux/rundev-master-debug/202311130621/runtime/fb61367/runTime/lib"
[2023-11-21T16:52:06.308Z]     -- Set runtime path of "/local/S/jenkins/workspace/ECP/ecg-maya-hydra/ecg-maya-hydra-branch-preflight-python3-linux/install/Debug/MayaHydra/lib/maya/mayaHydra.so" to "$ORIGIN/../../../../../../../../../../../../home/S/jenkins/workspace/shared/Artifactory/Linux/USD/e5ad5df/lib:$ORIGIN/..:/local/S/jenkins/workspace/shared/Artifactory/Linux/rundev-master-debug/202311130621/runtime/fb61367/devkitBase/devkit/ufe/lib:/local/S/jenkins/workspace/shared/Artifactory/Linux/USD/e5ad5df/lib:/local/S/jenkins/workspace/shared/Artifactory/Linux/rundev-master-debug/202311130621/runtime/fb61367/runTime/lib"
[2023-11-21T16:52:06.308Z]     -- Set runtime path of "/local/S/jenkins/workspace/ECP/ecg-maya-hydra/ecg-maya-hydra-branch-preflight-python3-linux/install/Debug/MayaHydra/lib/libmayaHydraLib.so" to ""
[2023-11-21T16:52:06.308Z]     -- Set runtime path of "/local/S/jenkins/workspace/ECP/ecg-maya-hydra/ecg-maya-hydra-branch-preflight-python3-linux/install/Debug/MayaHydra/lib/libufeExtensions.so" to ""
[2023-11-21T16:52:06.308Z]     -- Set runtime path of "/local/S/jenkins/workspace/ECP/ecg-maya-hydra/ecg-maya-hydra-branch-preflight-python3-linux/install/Debug/MayaHydra/lib/libflowViewport.so" to ""
[2023-11-21T16:52:06.308Z]     -- Set runtime path of "/local/S/jenkins/workspace/ECP/ecg-maya-hydra/ecg-maya-hydra-branch-preflight-python3-linux/install/Debug/MayaHydra/lib/libadskHydraSceneBrowser.so" to ""
[2023-11-21T16:52:06.308Z]     -- Set runtime path of "/local/S/jenkins/workspace/ECP/ecg-maya-hydra/ecg-maya-hydra-branch-preflight-python3-linux/install/Debug/MayaHydra/lib/libadskHydraSceneBrowserTesting.so" to "$ORIGIN/gtest:/local/S/jenkins/workspace/shared/Artifactory/Linux/USD/e5ad5df/lib:/local/S/jenkins/workspace/shared/Artifactory/Linux/rundev-master-debug/202311130621/runtime/fb61367/devkitBase/Qt/lib"
[2023-11-21T16:52:06.308Z]     -- Set runtime path of "/local/S/jenkins/workspace/ECP/ecg-maya-hydra/ecg-maya-hydra-branch-preflight-python3-linux/install/Debug/MayaHydra/lib/maya/mayaHydraSceneBrowser.so" to "$ORIGIN/..:/local/S/jenkins/workspace/shared/Artifactory/Linux/USD/e5ad5df/lib:/local/S/jenkins/workspace/shared/Artifactory/Linux/rundev-master-debug/202311130621/runtime/fb61367/devkitBase/devkit/ufe/lib:/local/S/jenkins/workspace/shared/Artifactory/Linux/rundev-master-debug/202311130621/runtime/fb61367/devkitBase/Qt/lib:/local/S/jenkins/workspace/shared/Artifactory/Linux/rundev-master-debug/202311130621/runtime/fb61367/runTime/lib"
[2023-11-21T16:52:06.308Z]     -- Set runtime path of "/local/S/jenkins/workspace/ECP/ecg-maya-hydra/ecg-maya-hydra-branch-preflight-python3-linux/install/Debug/MayaHydra/lib/maya/mayaHydraSceneBrowserTest.so" to "$ORIGIN/..:$ORIGIN/../gtest:/local/S/jenkins/workspace/shared/Artifactory/Linux/USD/e5ad5df/lib:/local/S/jenkins/workspace/shared/Artifactory/Linux/rundev-master-debug/202311130621/runtime/fb61367/devkitBase/Qt/lib:/local/S/jenkins/workspace/shared/Artifactory/Linux/rundev-master-debug/202311130621/runtime/fb61367/devkitBase/devkit/ufe/lib:/local/S/jenkins/workspace/shared/Artifactory/Linux/rundev-master-debug/202311130621/runtime/fb61367/runTime/lib"
[2023-11-21T16:52:06.308Z]     
[2023-11-21T16:52:06.308Z]         Building with settings:
[2023-11-21T16:52:06.308Z]           Source directory          /home/S/jenkins/workspace/ECP/ecg-maya-hydra/ecg-maya-hydra-branch-preflight-python3-linux/ecg-maya-hydra/maya-hydra
[2023-11-21T16:52:06.308Z]           Workspace directory       /local/S/jenkins/workspace/ECP/ecg-maya-hydra/ecg-maya-hydra-branch-preflight-python3-linux
[2023-11-21T16:52:06.308Z]           Build directory           /local/S/jenkins/workspace/ECP/ecg-maya-hydra/ecg-maya-hydra-branch-preflight-python3-linux/build/Debug
[2023-11-21T16:52:06.308Z]           Install directory         /local/S/jenkins/workspace/ECP/ecg-maya-hydra/ecg-maya-hydra-branch-preflight-python3-linux/install/Debug/MayaHydra
[2023-11-21T16:52:06.308Z]           Variant                   Debug
[2023-11-21T16:52:06.308Z]           Python Debug              On
[2023-11-21T16:52:06.308Z]           CMake generator           Ninja
[2023-11-21T16:52:06.308Z]           Build arguments           ['-DCMAKE_MAKE_PROGRAM=/local/S/jenkins/workspace/shared/Artifactory/Linux/ninja/1.10.2/9ab399b/ninja', '-DPYTHON_INCLUDE_DIR=/local/S/jenkins/workspace/shared/Artifactory/Linux/rundev-master-debug/202311130621/runtime/fb61367/runTime/include/Python311/Python', '-DPython_EXECUTABLE=/local/S/jenkins/workspace/shared/Artifactory/Linux/rundev-master-debug/202311130621/runtime/fb61367/runTime/bin/mayapy', '-DPYTHON_LIBRARIES=/local/S/jenkins/workspace/shared/Artifactory/Linux/rundev-master-debug/202311130621/runtime/fb61367/runTime/lib/libpython3.11d.so.1.0', '-DBUILD_WITH_PYTHON_3_VERSION=3.11', '-DCMAKE_WANT_MATERIALX_BUILD=ON', '-DCMAKE_PREFIX_PATH=/local/S/jenkins/workspace/shared/Artifactory/Linux/USD/e5ad5df', '-DMAYAHYDRA_BUILD_NUMBER=411', '-DMAYAHYDRA_GIT_COMMIT=dc2f04ad856bbd718ecc1f9c48e6fc1b3807c687', '-DMAYAHYDRA_GIT_BRANCH=master']
[2023-11-21T16:52:06.308Z]           Stages arguments          ['install']
[2023-11-21T16:52:06.308Z]           CTest arguments           ['--parallel 16']
[2023-11-21T16:52:06.308Z]     Success MayaHydra build and install !!!!
[2023-11-21T16:52:06.308Z]     Elapsed time: 00:00:00
[Pipeline] sh
[2023-11-21T16:52:07.883Z] + scl enable gcc-toolset-11 -
[2023-11-21T16:52:07.883Z] + '[' enable = load -o enable = unload ']'
[2023-11-21T16:52:07.883Z] + /usr/bin/scl enable gcc-toolset-11 -
[2023-11-21T16:52:07.884Z] python ecg-maya-hydra/build.py --stages=install --workspace-dir=/local/S/jenkins/workspace/ECP/ecg-maya-hydra/ecg-maya-hydra-branch-preflight-python3-linux --artifactory-dir=/local/S/jenkins/workspace/shared/Artifactory --build-dir=/local/S/jenkins/workspace/ECP/ecg-maya-hydra/ecg-maya-hydra-branch-preflight-python3-linux/build --install-dir=/local/S/jenkins/workspace/ECP/ecg-maya-hydra/ecg-maya-hydra-branch-preflight-python3-linux/install --signing-dir=/local/S/jenkins/workspace/ECP/ecg-maya-hydra/ecg-maya-hydra-branch-preflight-python3-linux/signing --package-dir=/local/S/jenkins/workspace/ECP/ecg-maya-hydra/ecg-maya-hydra-branch-preflight-python3-linux/package --output-dir=/local/S/jenkins/workspace/ECP/ecg-maya-hydra/ecg-maya-hydra-branch-preflight-python3-linux/output --stash-dir=/local/S/jenkins/workspace/ECP/ecg-maya-hydra/ecg-maya-hydra-branch-preflight-python3-linux/stash --jenkins-build=411 --git-commit=dc2f04ad856bbd718ecc1f9c48e6fc1b3807c687 --git-branch=master --variants=RelWithDebInfo --interactive-tests=true --post-zips=false --osx-binary-architecture-target=ub2 --osx-deployment-target=11.0 --osx-base-sdk=CurrentActiveSDK --maya-cut-config=maya-rundev-master.yaml --maya-package=rundev-master --stage-banner
[2023-11-21T16:52:07.884Z] Using Maya cut from /local/S/jenkins/workspace/shared/Artifactory/Linux/rundev-master/202311130812/runtime/48b8229
[2023-11-21T16:52:07.884Z] 
[2023-11-21T16:52:07.884Z] ================================================================================
[2023-11-21T16:52:07.884Z]                             install (RelWithDebInfo)
[2023-11-21T16:52:07.884Z] ================================================================================
[2023-11-21T16:52:07.884Z] Maya Python RelWithDebInfo Info:
[2023-11-21T16:52:07.884Z]   mayapy executable   = /local/S/jenkins/workspace/shared/Artifactory/Linux/rundev-master/202311130812/runtime/48b8229/runTime/bin/mayapy
[2023-11-21T16:52:07.884Z]   Include Folder      = /local/S/jenkins/workspace/shared/Artifactory/Linux/rundev-master/202311130812/runtime/48b8229/runTime/include/Python311/Python
[2023-11-21T16:52:07.884Z]   Library             = /local/S/jenkins/workspace/shared/Artifactory/Linux/rundev-master/202311130812/runtime/48b8229/runTime/lib/libpython3.11.so.1.0
[2023-11-21T16:52:07.884Z]   site-package Folder = /local/S/jenkins/workspace/shared/Artifactory/Linux/rundev-master/202311130812/runtime/48b8229/runTime/lib/python3.11/site-packages
[2023-11-21T16:52:08.491Z] In workdir: /home/S/jenkins/workspace/ECP/ecg-maya-hydra/ecg-maya-hydra-branch-preflight-python3-linux/ecg-maya-hydra/maya-hydra
[2023-11-21T16:52:08.492Z] Executing: /local/S/jenkins/workspace/shared/Artifactory/Linux/rundev-master/202311130812/runtime/48b8229/runTime/bin/mayapy /home/S/jenkins/workspace/ECP/ecg-maya-hydra/ecg-maya-hydra-branch-preflight-python3-linux/ecg-maya-hydra/maya-hydra/build.py --generator Ninja --build-relwithdebug --maya-location /local/S/jenkins/workspace/shared/Artifactory/Linux/rundev-master/202311130812/runtime/48b8229/runTime --devkit-location /local/S/jenkins/workspace/shared/Artifactory/Linux/rundev-master/202311130812/runtime/48b8229/devkitBase --pxrusd-location /local/S/jenkins/workspace/shared/Artifactory/Linux/USD/1a43c47 --build-args=-DCMAKE_MAKE_PROGRAM=/local/S/jenkins/workspace/shared/Artifactory/Linux/ninja/1.10.2/9ab399b/ninja,-DPYTHON_INCLUDE_DIR=/local/S/jenkins/workspace/shared/Artifactory/Linux/rundev-master/202311130812/runtime/48b8229/runTime/include/Python311/Python,-DPython_EXECUTABLE=/local/S/jenkins/workspace/shared/Artifactory/Linux/rundev-master/202311130812/runtime/48b8229/runTime/bin/mayapy,-DPYTHON_LIBRARIES=/local/S/jenkins/workspace/shared/Artifactory/Linux/rundev-master/202311130812/runtime/48b8229/runTime/lib/libpython3.11.so.1.0,-DBUILD_WITH_PYTHON_3_VERSION=3.11,-DCMAKE_WANT_MATERIALX_BUILD=ON,-DCMAKE_PREFIX_PATH=/local/S/jenkins/workspace/shared/Artifactory/Linux/USD/1a43c47,-DMAYAHYDRA_BUILD_NUMBER=411,-DMAYAHYDRA_GIT_COMMIT=dc2f04ad856bbd718ecc1f9c48e6fc1b3807c687,-DMAYAHYDRA_GIT_BRANCH=master '--ctest-args=--parallel 16' --stages=install --redirect-outstream-file=False --install-location /local/S/jenkins/workspace/ECP/ecg-maya-hydra/ecg-maya-hydra-branch-preflight-python3-linux/install/RelWithDebInfo/MayaHydra /local/S/jenkins/workspace/ECP/ecg-maya-hydra/ecg-maya-hydra-branch-preflight-python3-linux
[2023-11-21T16:52:08.492Z] Modified environment variables:
[2023-11-21T16:52:08.492Z]     LD_LIBRARY_PATH=/opt/rh/gcc-toolset-11/root/usr/lib64:/opt/rh/gcc-toolset-11/root/usr/lib64:/opt/rh/gcc-toolset-11/root/usr/lib:/opt/rh/gcc-toolset-11/root/usr/lib64/dyninst:/opt/rh/gcc-toolset-11/root/usr/lib/dyninst
[2023-11-21T16:52:08.492Z]     PATH=/local/S/jenkins/workspace/shared/Artifactory/Linux/cmake/3.20.3/ab685d7/bin:/opt/rh/gcc-toolset-11/root/usr/bin:/home/administrator/.local/bin:/home/administrator/bin:/usr/share/Modules/bin:/usr/local/bin:/usr/local/sbin:/usr/bin:/usr/sbin
[2023-11-21T16:52:08.492Z]     [0/1] Install the project...
[2023-11-21T16:52:08.492Z]     -- Install configuration: "RelWithDebInfo"
[2023-11-21T16:52:08.492Z]     -- Set runtime path of "/local/S/jenkins/workspace/ECP/ecg-maya-hydra/ecg-maya-hydra-branch-preflight-python3-linux/install/RelWithDebInfo/MayaHydra/lib/maya/mayaHydraCppTests.so" to "$ORIGIN/../gtest:/local/S/jenkins/workspace/shared/Artifactory/Linux/USD/1a43c47/lib:/local/S/jenkins/workspace/shared/Artifactory/Linux/rundev-master/202311130812/runtime/48b8229/devkitBase/devkit/ufe/lib:/local/S/jenkins/workspace/shared/Artifactory/Linux/rundev-master/202311130812/runtime/48b8229/runTime/lib"
[2023-11-21T16:52:08.492Z]     -- Set runtime path of "/local/S/jenkins/workspace/ECP/ecg-maya-hydra/ecg-maya-hydra-branch-preflight-python3-linux/install/RelWithDebInfo/MayaHydra/lib/maya/mayaHydra.so" to "$ORIGIN/../../../../../../../../../../../../home/S/jenkins/workspace/shared/Artifactory/Linux/USD/1a43c47/lib:$ORIGIN/..:/local/S/jenkins/workspace/shared/Artifactory/Linux/rundev-master/202311130812/runtime/48b8229/devkitBase/devkit/ufe/lib:/local/S/jenkins/workspace/shared/Artifactory/Linux/USD/1a43c47/lib:/local/S/jenkins/workspace/shared/Artifactory/Linux/rundev-master/202311130812/runtime/48b8229/runTime/lib"
[2023-11-21T16:52:08.492Z]     -- Set runtime path of "/local/S/jenkins/workspace/ECP/ecg-maya-hydra/ecg-maya-hydra-branch-preflight-python3-linux/install/RelWithDebInfo/MayaHydra/lib/libmayaHydraLib.so" to ""
[2023-11-21T16:52:08.492Z]     -- Set runtime path of "/local/S/jenkins/workspace/ECP/ecg-maya-hydra/ecg-maya-hydra-branch-preflight-python3-linux/install/RelWithDebInfo/MayaHydra/lib/libufeExtensions.so" to ""
[2023-11-21T16:52:08.492Z]     -- Set runtime path of "/local/S/jenkins/workspace/ECP/ecg-maya-hydra/ecg-maya-hydra-branch-preflight-python3-linux/install/RelWithDebInfo/MayaHydra/lib/libflowViewport.so" to ""
[2023-11-21T16:52:08.492Z]     -- Set runtime path of "/local/S/jenkins/workspace/ECP/ecg-maya-hydra/ecg-maya-hydra-branch-preflight-python3-linux/install/RelWithDebInfo/MayaHydra/lib/libadskHydraSceneBrowser.so" to ""
[2023-11-21T16:52:08.492Z]     -- Set runtime path of "/local/S/jenkins/workspace/ECP/ecg-maya-hydra/ecg-maya-hydra-branch-preflight-python3-linux/install/RelWithDebInfo/MayaHydra/lib/libadskHydraSceneBrowserTesting.so" to "$ORIGIN/gtest:/local/S/jenkins/workspace/shared/Artifactory/Linux/USD/1a43c47/lib:/local/S/jenkins/workspace/shared/Artifactory/Linux/rundev-master/202311130812/runtime/48b8229/devkitBase/Qt/lib"
[2023-11-21T16:52:08.492Z]     -- Set runtime path of "/local/S/jenkins/workspace/ECP/ecg-maya-hydra/ecg-maya-hydra-branch-preflight-python3-linux/install/RelWithDebInfo/MayaHydra/lib/maya/mayaHydraSceneBrowser.so" to "$ORIGIN/..:/local/S/jenkins/workspace/shared/Artifactory/Linux/USD/1a43c47/lib:/local/S/jenkins/workspace/shared/Artifactory/Linux/rundev-master/202311130812/runtime/48b8229/devkitBase/devkit/ufe/lib:/local/S/jenkins/workspace/shared/Artifactory/Linux/rundev-master/202311130812/runtime/48b8229/devkitBase/Qt/lib:/local/S/jenkins/workspace/shared/Artifactory/Linux/rundev-master/202311130812/runtime/48b8229/runTime/lib"
[2023-11-21T16:52:08.492Z]     -- Set runtime path of "/local/S/jenkins/workspace/ECP/ecg-maya-hydra/ecg-maya-hydra-branch-preflight-python3-linux/install/RelWithDebInfo/MayaHydra/lib/maya/mayaHydraSceneBrowserTest.so" to "$ORIGIN/..:$ORIGIN/../gtest:/local/S/jenkins/workspace/shared/Artifactory/Linux/USD/1a43c47/lib:/local/S/jenkins/workspace/shared/Artifactory/Linux/rundev-master/202311130812/runtime/48b8229/devkitBase/Qt/lib:/local/S/jenkins/workspace/shared/Artifactory/Linux/rundev-master/202311130812/runtime/48b8229/devkitBase/devkit/ufe/lib:/local/S/jenkins/workspace/shared/Artifactory/Linux/rundev-master/202311130812/runtime/48b8229/runTime/lib"
[2023-11-21T16:52:08.492Z]     
[2023-11-21T16:52:08.492Z]         Building with settings:
[2023-11-21T16:52:08.492Z]           Source directory          /home/S/jenkins/workspace/ECP/ecg-maya-hydra/ecg-maya-hydra-branch-preflight-python3-linux/ecg-maya-hydra/maya-hydra
[2023-11-21T16:52:08.492Z]           Workspace directory       /local/S/jenkins/workspace/ECP/ecg-maya-hydra/ecg-maya-hydra-branch-preflight-python3-linux
[2023-11-21T16:52:08.492Z]           Build directory           /local/S/jenkins/workspace/ECP/ecg-maya-hydra/ecg-maya-hydra-branch-preflight-python3-linux/build/RelWithDebInfo
[2023-11-21T16:52:08.492Z]           Install directory         /local/S/jenkins/workspace/ECP/ecg-maya-hydra/ecg-maya-hydra-branch-preflight-python3-linux/install/RelWithDebInfo/MayaHydra
[2023-11-21T16:52:08.492Z]           Variant                   RelWithDebInfo
[2023-11-21T16:52:08.492Z]           Python Debug              Off
[2023-11-21T16:52:08.492Z]           CMake generator           Ninja
[2023-11-21T16:52:08.492Z]           Build arguments           ['-DCMAKE_MAKE_PROGRAM=/local/S/jenkins/workspace/shared/Artifactory/Linux/ninja/1.10.2/9ab399b/ninja', '-DPYTHON_INCLUDE_DIR=/local/S/jenkins/workspace/shared/Artifactory/Linux/rundev-master/202311130812/runtime/48b8229/runTime/include/Python311/Python', '-DPython_EXECUTABLE=/local/S/jenkins/workspace/shared/Artifactory/Linux/rundev-master/202311130812/runtime/48b8229/runTime/bin/mayapy', '-DPYTHON_LIBRARIES=/local/S/jenkins/workspace/shared/Artifactory/Linux/rundev-master/202311130812/runtime/48b8229/runTime/lib/libpython3.11.so.1.0', '-DBUILD_WITH_PYTHON_3_VERSION=3.11', '-DCMAKE_WANT_MATERIALX_BUILD=ON', '-DCMAKE_PREFIX_PATH=/local/S/jenkins/workspace/shared/Artifactory/Linux/USD/1a43c47', '-DMAYAHYDRA_BUILD_NUMBER=411', '-DMAYAHYDRA_GIT_COMMIT=dc2f04ad856bbd718ecc1f9c48e6fc1b3807c687', '-DMAYAHYDRA_GIT_BRANCH=master']
[2023-11-21T16:52:08.492Z]           Stages arguments          ['install']
[2023-11-21T16:52:08.492Z]           CTest arguments           ['--parallel 16']
[2023-11-21T16:52:08.492Z]     Success MayaHydra build and install !!!!
[2023-11-21T16:52:08.492Z]     Elapsed time: 00:00:00
[Pipeline] }
[Pipeline] // withEnv
[Pipeline] }
[Pipeline] // timeout
[Pipeline] }
[Pipeline] // stage
[Pipeline] }
[Pipeline] // timestamps
[Pipeline] timestamps
[Pipeline] {
[Pipeline] stage
[Pipeline] { (Test)
[Pipeline] timeout
[2023-11-21T16:52:08.846Z] Timeout set to expire in 6 hr 0 min
[Pipeline] {
[Pipeline] withEnv
[Pipeline] {
[Pipeline] sh
[2023-11-21T16:52:10.021Z] + scl enable gcc-toolset-11 -
[2023-11-21T16:52:10.021Z] + '[' enable = load -o enable = unload ']'
[2023-11-21T16:52:10.021Z] + /usr/bin/scl enable gcc-toolset-11 -
[2023-11-21T16:52:10.021Z] python ecg-maya-hydra/build.py --stages=test --workspace-dir=/local/S/jenkins/workspace/ECP/ecg-maya-hydra/ecg-maya-hydra-branch-preflight-python3-linux --artifactory-dir=/local/S/jenkins/workspace/shared/Artifactory --build-dir=/local/S/jenkins/workspace/ECP/ecg-maya-hydra/ecg-maya-hydra-branch-preflight-python3-linux/build --install-dir=/local/S/jenkins/workspace/ECP/ecg-maya-hydra/ecg-maya-hydra-branch-preflight-python3-linux/install --signing-dir=/local/S/jenkins/workspace/ECP/ecg-maya-hydra/ecg-maya-hydra-branch-preflight-python3-linux/signing --package-dir=/local/S/jenkins/workspace/ECP/ecg-maya-hydra/ecg-maya-hydra-branch-preflight-python3-linux/package --output-dir=/local/S/jenkins/workspace/ECP/ecg-maya-hydra/ecg-maya-hydra-branch-preflight-python3-linux/output --stash-dir=/local/S/jenkins/workspace/ECP/ecg-maya-hydra/ecg-maya-hydra-branch-preflight-python3-linux/stash --jenkins-build=411 --git-commit=dc2f04ad856bbd718ecc1f9c48e6fc1b3807c687 --git-branch=master --variants=RelWithDebInfo --interactive-tests=true --post-zips=false --osx-binary-architecture-target=ub2 --osx-deployment-target=11.0 --osx-base-sdk=CurrentActiveSDK --test-jobs=0 --failed-test-retry=3 --maya-cut-config=maya-rundev-master.yaml --maya-package=rundev-master --stage-banner --progressive-timeout
[2023-11-21T16:52:10.021Z] Using Maya cut from /local/S/jenkins/workspace/shared/Artifactory/Linux/rundev-master/202311130812/runtime/48b8229
[2023-11-21T16:52:10.021Z] 
[2023-11-21T16:52:10.021Z] ================================================================================
[2023-11-21T16:52:10.021Z]                              test (RelWithDebInfo)
[2023-11-21T16:52:10.021Z] ================================================================================
[2023-11-21T16:52:10.021Z] Maya Python RelWithDebInfo Info:
[2023-11-21T16:52:10.021Z]   mayapy executable   = /local/S/jenkins/workspace/shared/Artifactory/Linux/rundev-master/202311130812/runtime/48b8229/runTime/bin/mayapy
[2023-11-21T16:52:10.021Z]   Include Folder      = /local/S/jenkins/workspace/shared/Artifactory/Linux/rundev-master/202311130812/runtime/48b8229/runTime/include/Python311/Python
[2023-11-21T16:52:10.021Z]   Library             = /local/S/jenkins/workspace/shared/Artifactory/Linux/rundev-master/202311130812/runtime/48b8229/runTime/lib/libpython3.11.so.1.0
[2023-11-21T16:52:10.021Z]   site-package Folder = /local/S/jenkins/workspace/shared/Artifactory/Linux/rundev-master/202311130812/runtime/48b8229/runTime/lib/python3.11/site-packages
[2023-11-21T16:52:10.570Z] In workdir: /home/S/jenkins/workspace/ECP/ecg-maya-hydra/ecg-maya-hydra-branch-preflight-python3-linux/ecg-maya-hydra/maya-hydra
[2023-11-21T16:52:10.570Z] Executing: /local/S/jenkins/workspace/shared/Artifactory/Linux/rundev-master/202311130812/runtime/48b8229/runTime/bin/mayapy /home/S/jenkins/workspace/ECP/ecg-maya-hydra/ecg-maya-hydra-branch-preflight-python3-linux/ecg-maya-hydra/maya-hydra/build.py --generator Ninja --build-relwithdebug --maya-location /local/S/jenkins/workspace/shared/Artifactory/Linux/rundev-master/202311130812/runtime/48b8229/runTime --devkit-location /local/S/jenkins/workspace/shared/Artifactory/Linux/rundev-master/202311130812/runtime/48b8229/devkitBase --pxrusd-location /local/S/jenkins/workspace/shared/Artifactory/Linux/USD/1a43c47 --build-args=-DCMAKE_MAKE_PROGRAM=/local/S/jenkins/workspace/shared/Artifactory/Linux/ninja/1.10.2/9ab399b/ninja,-DPYTHON_INCLUDE_DIR=/local/S/jenkins/workspace/shared/Artifactory/Linux/rundev-master/202311130812/runtime/48b8229/runTime/include/Python311/Python,-DPython_EXECUTABLE=/local/S/jenkins/workspace/shared/Artifactory/Linux/rundev-master/202311130812/runtime/48b8229/runTime/bin/mayapy,-DPYTHON_LIBRARIES=/local/S/jenkins/workspace/shared/Artifactory/Linux/rundev-master/202311130812/runtime/48b8229/runTime/lib/libpython3.11.so.1.0,-DBUILD_WITH_PYTHON_3_VERSION=3.11,-DCMAKE_WANT_MATERIALX_BUILD=ON,-DCMAKE_PREFIX_PATH=/local/S/jenkins/workspace/shared/Artifactory/Linux/USD/1a43c47,-DMAYAHYDRA_BUILD_NUMBER=411,-DMAYAHYDRA_GIT_COMMIT=dc2f04ad856bbd718ecc1f9c48e6fc1b3807c687,-DMAYAHYDRA_GIT_BRANCH=master '--ctest-args=--parallel 16' --stages=test --redirect-outstream-file=False --install-location /local/S/jenkins/workspace/ECP/ecg-maya-hydra/ecg-maya-hydra-branch-preflight-python3-linux/install/RelWithDebInfo/MayaHydra /local/S/jenkins/workspace/ECP/ecg-maya-hydra/ecg-maya-hydra-branch-preflight-python3-linux
[2023-11-21T16:52:10.570Z] Modified environment variables:
[2023-11-21T16:52:10.570Z]     LD_LIBRARY_PATH=/opt/rh/gcc-toolset-11/root/usr/lib64:/opt/rh/gcc-toolset-11/root/usr/lib64:/opt/rh/gcc-toolset-11/root/usr/lib:/opt/rh/gcc-toolset-11/root/usr/lib64/dyninst:/opt/rh/gcc-toolset-11/root/usr/lib/dyninst
[2023-11-21T16:52:10.570Z]     PATH=/local/S/jenkins/workspace/shared/Artifactory/Linux/cmake/3.20.3/ab685d7/bin:/opt/rh/gcc-toolset-11/root/usr/bin:/home/administrator/.local/bin:/home/administrator/bin:/usr/share/Modules/bin:/usr/local/bin:/usr/local/sbin:/usr/bin:/usr/sbin
[2023-11-21T16:52:10.570Z]     Test project /home/S/jenkins/workspace/ECP/ecg-maya-hydra/ecg-maya-hydra-branch-preflight-python3-linux/build/RelWithDebInfo
[2023-11-21T16:52:10.570Z]           Start  1: _Interactive_Maya
[2023-11-21T16:52:10.570Z]      1/20 Test  #1: _Interactive_Maya ...........................***Not Run (Disabled)   0.00 sec
[2023-11-21T16:52:10.570Z]           Start  2: testImageDiffing
[2023-11-21T16:52:10.570Z]           Start  3: testMtohCommand
[2023-11-21T16:52:10.570Z]           Start  4: testMeshes
[2023-11-21T16:52:10.570Z]           Start  5: testNamespaces
[2023-11-21T16:52:10.570Z]           Start  6: testVisibility
[2023-11-21T16:52:10.570Z]           Start  7: testRendererSwitching
[2023-11-21T16:52:10.570Z]           Start  8: testSceneBrowser
[2023-11-21T16:52:10.570Z]           Start  9: testStageAddPrim
[2023-11-21T16:52:10.570Z]           Start 10: testNewSceneWithStage
[2023-11-21T16:52:10.570Z]           Start 11: testDirectionalLights
[2023-11-21T16:52:10.570Z]           Start 12: testColorPreferences
[2023-11-21T16:52:10.570Z]           Start 13: testCppFramework
[2023-11-21T16:52:10.570Z]           Start 14: testMayaSceneFlattening
[2023-11-21T16:52:10.570Z]           Start 15: testMayaUsdUfeItems
[2023-11-21T16:52:10.570Z]           Start 16: testMergingSceneIndex
[2023-11-21T16:52:10.570Z]           Start 17: testSelectionSceneIndex
[2023-11-21T16:52:27.529Z]      2/20 Test #10: testNewSceneWithStage .......................   Passed   16.59 sec
[2023-11-21T16:52:27.529Z]           Start 18: testWireframeSelectionHighlightSceneIndex
[2023-11-21T16:52:27.529Z]      3/20 Test  #3: testMtohCommand .............................   Passed   16.65 sec
[2023-11-21T16:52:27.529Z]           Start 19: testFlowViewportAPIViewportInformation
[2023-11-21T16:52:27.529Z]      4/20 Test  #9: testStageAddPrim ............................   Passed   16.78 sec
[2023-11-21T16:52:27.529Z]           Start 20: testMeshes_meshAdapter
[2023-11-21T16:52:27.529Z]      5/20 Test  #5: testNamespaces ..............................   Passed   16.83 sec
[2023-11-21T16:52:27.529Z]      6/20 Test #11: testDirectionalLights .......................   Passed   16.88 sec
[2023-11-21T16:52:27.529Z]      7/20 Test #15: testMayaUsdUfeItems .........................   Passed   16.92 sec
[2023-11-21T16:52:27.529Z]      8/20 Test #13: testCppFramework ............................   Passed   17.07 sec
[2023-11-21T16:52:27.529Z]      9/20 Test #17: testSelectionSceneIndex .....................   Passed   17.12 sec
[2023-11-21T16:52:28.072Z]     10/20 Test  #8: testSceneBrowser ............................   Passed   17.17 sec
[2023-11-21T16:52:28.072Z]     11/20 Test  #4: testMeshes ..................................   Passed   17.40 sec
[2023-11-21T16:52:28.072Z]     12/20 Test #16: testMergingSceneIndex .......................   Passed   17.44 sec
[2023-11-21T16:52:28.072Z]     13/20 Test #14: testMayaSceneFlattening .....................   Passed   17.49 sec
[2023-11-21T16:52:28.072Z]     14/20 Test  #7: testRendererSwitching .......................   Passed   17.52 sec
[2023-11-21T16:52:28.673Z]     15/20 Test #12: testColorPreferences ........................   Passed   17.68 sec
[2023-11-21T16:52:28.673Z]     16/20 Test  #2: testImageDiffing ............................   Passed   18.05 sec
[2023-11-21T16:52:29.353Z]     17/20 Test  #6: testVisibility ..............................   Passed   18.79 sec
[2023-11-21T16:52:33.753Z]     18/20 Test #18: testWireframeSelectionHighlightSceneIndex ...   Passed    6.73 sec
[2023-11-21T16:52:34.421Z]     19/20 Test #20: testMeshes_meshAdapter ......................   Passed    6.76 sec
[2023-11-21T16:52:34.421Z]     20/20 Test #19: testFlowViewportAPIViewportInformation ......   Passed    7.25 sec
[2023-11-21T16:52:34.421Z]     
[2023-11-21T16:52:34.421Z]     100% tests passed, 0 tests failed out of 19
[2023-11-21T16:52:34.421Z]     
[2023-11-21T16:52:34.421Z]     Label Time Summary:
[2023-11-21T16:52:34.421Z]     Debugging      =   0.00 sec*proc (1 test)
[2023-11-21T16:52:34.421Z]     interactive    = 297.12 sec*proc (19 tests)
[2023-11-21T16:52:34.421Z]     mayaHydra      = 297.12 sec*proc (19 tests)
[2023-11-21T16:52:34.421Z]     
[2023-11-21T16:52:34.421Z]     Total Test time (real) =  23.90 sec
[2023-11-21T16:52:34.421Z]     
[2023-11-21T16:52:34.421Z]     The following tests did not run:
[2023-11-21T16:52:34.421Z]     	  1 - _Interactive_Maya (Disabled)
[2023-11-21T16:52:34.421Z]     
[2023-11-21T16:52:34.421Z]         Building with settings:
[2023-11-21T16:52:34.421Z]           Source directory          /home/S/jenkins/workspace/ECP/ecg-maya-hydra/ecg-maya-hydra-branch-preflight-python3-linux/ecg-maya-hydra/maya-hydra
[2023-11-21T16:52:34.421Z]           Workspace directory       /local/S/jenkins/workspace/ECP/ecg-maya-hydra/ecg-maya-hydra-branch-preflight-python3-linux
[2023-11-21T16:52:34.421Z]           Build directory           /local/S/jenkins/workspace/ECP/ecg-maya-hydra/ecg-maya-hydra-branch-preflight-python3-linux/build/RelWithDebInfo
[2023-11-21T16:52:34.421Z]           Install directory         /local/S/jenkins/workspace/ECP/ecg-maya-hydra/ecg-maya-hydra-branch-preflight-python3-linux/install/RelWithDebInfo/MayaHydra
[2023-11-21T16:52:34.421Z]           Variant                   RelWithDebInfo
[2023-11-21T16:52:34.421Z]           Python Debug              Off
[2023-11-21T16:52:34.421Z]           CMake generator           Ninja
[2023-11-21T16:52:34.421Z]           Build arguments           ['-DCMAKE_MAKE_PROGRAM=/local/S/jenkins/workspace/shared/Artifactory/Linux/ninja/1.10.2/9ab399b/ninja', '-DPYTHON_INCLUDE_DIR=/local/S/jenkins/workspace/shared/Artifactory/Linux/rundev-master/202311130812/runtime/48b8229/runTime/include/Python311/Python', '-DPython_EXECUTABLE=/local/S/jenkins/workspace/shared/Artifactory/Linux/rundev-master/202311130812/runtime/48b8229/runTime/bin/mayapy', '-DPYTHON_LIBRARIES=/local/S/jenkins/workspace/shared/Artifactory/Linux/rundev-master/202311130812/runtime/48b8229/runTime/lib/libpython3.11.so.1.0', '-DBUILD_WITH_PYTHON_3_VERSION=3.11', '-DCMAKE_WANT_MATERIALX_BUILD=ON', '-DCMAKE_PREFIX_PATH=/local/S/jenkins/workspace/shared/Artifactory/Linux/USD/1a43c47', '-DMAYAHYDRA_BUILD_NUMBER=411', '-DMAYAHYDRA_GIT_COMMIT=dc2f04ad856bbd718ecc1f9c48e6fc1b3807c687', '-DMAYAHYDRA_GIT_BRANCH=master']
[2023-11-21T16:52:34.421Z]           Stages arguments          ['test']
[2023-11-21T16:52:34.421Z]           CTest arguments           ['--parallel 16']
[2023-11-21T16:52:34.421Z]     Success running MayaHydra tests !!!!
[Pipeline] }
[Pipeline] // withEnv
[Pipeline] }
[Pipeline] // timeout
[Pipeline] }
[Pipeline] // stage
[Pipeline] }
[Pipeline] // timestamps
[Pipeline] timestamps
[Pipeline] {
[Pipeline] stage
[Pipeline] { (Cleanup)
[Pipeline] timeout
[2023-11-21T16:52:34.801Z] Timeout set to expire in 6 hr 0 min
[Pipeline] {
[Pipeline] withEnv
[Pipeline] {
[Pipeline] sh
[2023-11-21T16:52:35.933Z] + scl enable gcc-toolset-11 -
[2023-11-21T16:52:35.933Z] + '[' enable = load -o enable = unload ']'
[2023-11-21T16:52:35.933Z] + /usr/bin/scl enable gcc-toolset-11 -
[2023-11-21T16:52:35.933Z] python ecg-maya-hydra/build.py --stages=cleanup --workspace-dir=/local/S/jenkins/workspace/ECP/ecg-maya-hydra/ecg-maya-hydra-branch-preflight-python3-linux --artifactory-dir=/local/S/jenkins/workspace/shared/Artifactory --build-dir=/local/S/jenkins/workspace/ECP/ecg-maya-hydra/ecg-maya-hydra-branch-preflight-python3-linux/build --install-dir=/local/S/jenkins/workspace/ECP/ecg-maya-hydra/ecg-maya-hydra-branch-preflight-python3-linux/install --signing-dir=/local/S/jenkins/workspace/ECP/ecg-maya-hydra/ecg-maya-hydra-branch-preflight-python3-linux/signing --package-dir=/local/S/jenkins/workspace/ECP/ecg-maya-hydra/ecg-maya-hydra-branch-preflight-python3-linux/package --output-dir=/local/S/jenkins/workspace/ECP/ecg-maya-hydra/ecg-maya-hydra-branch-preflight-python3-linux/output --stash-dir=/local/S/jenkins/workspace/ECP/ecg-maya-hydra/ecg-maya-hydra-branch-preflight-python3-linux/stash --jenkins-build=411 --git-commit=dc2f04ad856bbd718ecc1f9c48e6fc1b3807c687 --git-branch=master --variants=Debug --interactive-tests=true --post-zips=false --osx-binary-architecture-target=ub2 --osx-deployment-target=11.0 --osx-base-sdk=CurrentActiveSDK --maya-cut-config=maya-rundev-master-debug.yaml --maya-package=rundev-master-debug --stage-banner
[2023-11-21T16:52:35.933Z] Using Maya cut from /local/S/jenkins/workspace/shared/Artifactory/Linux/rundev-master-debug/202311130621/runtime/fb61367
[2023-11-21T16:52:35.933Z] 
[2023-11-21T16:52:35.933Z] ================================================================================
[2023-11-21T16:52:35.933Z]                                cleanup (Finalize)
[2023-11-21T16:52:35.933Z] ================================================================================
[2023-11-21T16:52:35.933Z] Cleaning up workspace
[2023-11-21T16:52:35.933Z] Removing directory: /local/S/jenkins/workspace/ECP/ecg-maya-hydra/ecg-maya-hydra-branch-preflight-python3-linux/build
[2023-11-21T16:52:36.489Z] Removing directory: /local/S/jenkins/workspace/ECP/ecg-maya-hydra/ecg-maya-hydra-branch-preflight-python3-linux/install
[Pipeline] sh
[2023-11-21T16:52:37.867Z] + scl enable gcc-toolset-11 -
[2023-11-21T16:52:37.868Z] + '[' enable = load -o enable = unload ']'
[2023-11-21T16:52:37.868Z] + /usr/bin/scl enable gcc-toolset-11 -
[2023-11-21T16:52:37.868Z] python ecg-maya-hydra/build.py --stages=cleanup --workspace-dir=/local/S/jenkins/workspace/ECP/ecg-maya-hydra/ecg-maya-hydra-branch-preflight-python3-linux --artifactory-dir=/local/S/jenkins/workspace/shared/Artifactory --build-dir=/local/S/jenkins/workspace/ECP/ecg-maya-hydra/ecg-maya-hydra-branch-preflight-python3-linux/build --install-dir=/local/S/jenkins/workspace/ECP/ecg-maya-hydra/ecg-maya-hydra-branch-preflight-python3-linux/install --signing-dir=/local/S/jenkins/workspace/ECP/ecg-maya-hydra/ecg-maya-hydra-branch-preflight-python3-linux/signing --package-dir=/local/S/jenkins/workspace/ECP/ecg-maya-hydra/ecg-maya-hydra-branch-preflight-python3-linux/package --output-dir=/local/S/jenkins/workspace/ECP/ecg-maya-hydra/ecg-maya-hydra-branch-preflight-python3-linux/output --stash-dir=/local/S/jenkins/workspace/ECP/ecg-maya-hydra/ecg-maya-hydra-branch-preflight-python3-linux/stash --jenkins-build=411 --git-commit=dc2f04ad856bbd718ecc1f9c48e6fc1b3807c687 --git-branch=master --variants=RelWithDebInfo --interactive-tests=true --post-zips=false --osx-binary-architecture-target=ub2 --osx-deployment-target=11.0 --osx-base-sdk=CurrentActiveSDK --maya-cut-config=maya-rundev-master.yaml --maya-package=rundev-master --stage-banner
[2023-11-21T16:52:37.868Z] Using Maya cut from /local/S/jenkins/workspace/shared/Artifactory/Linux/rundev-master/202311130812/runtime/48b8229
[2023-11-21T16:52:37.868Z] 
[2023-11-21T16:52:37.868Z] ================================================================================
[2023-11-21T16:52:37.868Z]                                cleanup (Finalize)
[2023-11-21T16:52:37.868Z] ================================================================================
[2023-11-21T16:52:37.868Z] Cleaning up workspace
[Pipeline] }
[Pipeline] // withEnv
[Pipeline] }
[Pipeline] // timeout
[Pipeline] }
[Pipeline] // stage
[Pipeline] }
[Pipeline] // timestamps
[Pipeline] }
[Pipeline] // node
[Pipeline] End of Pipeline
[Checks API] No suitable checks publisher found.
Finished: SUCCESS
