[2023-11-23T16:24:42.279Z] ================================================================================
[2023-11-23T16:24:42.279Z]                                  setup (Debug)
[2023-11-23T16:24:42.279Z] ================================================================================
[Pipeline] sh
[2023-11-23T16:24:44.294Z] + scl enable gcc-toolset-11 -
[2023-11-23T16:24:44.294Z] + '[' enable = load -o enable = unload ']'
[2023-11-23T16:24:44.294Z] + /usr/bin/scl enable gcc-toolset-11 -
[2023-11-23T16:24:44.294Z] python ecg-maya-hydra/build.py --stages=setup --workspace-dir=/local/S/jenkins/workspace/ECP/ecg-maya-hydra/ecg-maya-hydra-branch-preflight-python3-linux --artifactory-dir=/local/S/jenkins/workspace/shared/Artifactory --build-dir=/local/S/jenkins/workspace/ECP/ecg-maya-hydra/ecg-maya-hydra-branch-preflight-python3-linux/build --install-dir=/local/S/jenkins/workspace/ECP/ecg-maya-hydra/ecg-maya-hydra-branch-preflight-python3-linux/install --signing-dir=/local/S/jenkins/workspace/ECP/ecg-maya-hydra/ecg-maya-hydra-branch-preflight-python3-linux/signing --package-dir=/local/S/jenkins/workspace/ECP/ecg-maya-hydra/ecg-maya-hydra-branch-preflight-python3-linux/package --output-dir=/local/S/jenkins/workspace/ECP/ecg-maya-hydra/ecg-maya-hydra-branch-preflight-python3-linux/output --stash-dir=/local/S/jenkins/workspace/ECP/ecg-maya-hydra/ecg-maya-hydra-branch-preflight-python3-linux/stash --jenkins-build=414 --git-commit=a6160e671d724cbd23348caec6efe576ee214353 --git-branch=master --variants=RelWithDebInfo --interactive-tests=true --post-zips=false --osx-binary-architecture-target=ub2 --osx-deployment-target=11.0 --osx-base-sdk=CurrentActiveSDK --extra-license-file=ecg-maya-hydra/jenkins-o03-cot/melicense.lic --prune-versions=3 --prune-revisions=3 --maya-cut-config=maya-rundev-master.yaml --maya-package=rundev-master --stage-banner --prune-artifacts --force-pruning
[2023-11-23T16:24:44.294Z] Getting rundev-master download URL from Maya SHA-1 hash
[2023-11-23T16:24:44.294Z] Finding Artifactory servers response times
[2023-11-23T16:24:46.366Z] [VERBOSE] Start loading URL (CURL): https://art-bear.autodesk.com/artifactory/api/system/ping
[2023-11-23T16:24:46.366Z] [DEBUG] Running: /usr/bin/curl -s -X GET --keepalive-time 10 --connect-timeout 60 --speed-limit 10000 --speed-time 120 --max-time 3600 --retry 5 --retry-max-time 2400 -H Connection:close https://art-bear.autodesk.com/artifactory/api/system/ping
[2023-11-23T16:24:46.366Z] [DEBUG] Output:
[2023-11-23T16:24:46.366Z] OK
[2023-11-23T16:24:46.366Z] [VERBOSE] End loading URL (CURL): https://art-bear.autodesk.com/artifactory/api/system/ping
[2023-11-23T16:24:46.366Z] [VERBOSE] Start loading URL (CURL): https://art-marmotte.autodesk.com/artifactory/api/system/ping
[2023-11-23T16:24:46.366Z] [DEBUG] Running: /usr/bin/curl -s -X GET --keepalive-time 10 --connect-timeout 60 --speed-limit 10000 --speed-time 120 --max-time 3600 --retry 5 --retry-max-time 2400 -H Connection:close https://art-marmotte.autodesk.com/artifactory/api/system/ping
[2023-11-23T16:24:46.366Z] [DEBUG] Output:
[2023-11-23T16:24:46.366Z] OK
[2023-11-23T16:24:46.366Z] [VERBOSE] End loading URL (CURL): https://art-marmotte.autodesk.com/artifactory/api/system/ping
[2023-11-23T16:24:47.164Z] [VERBOSE] Start loading URL (CURL): https://art-bobcat.autodesk.com/artifactory/api/system/ping
[2023-11-23T16:24:47.164Z] [DEBUG] Running: /usr/bin/curl -s -X GET --keepalive-time 10 --connect-timeout 60 --speed-limit 10000 --speed-time 120 --max-time 3600 --retry 5 --retry-max-time 2400 -H Connection:close https://art-bobcat.autodesk.com/artifactory/api/system/ping
[2023-11-23T16:24:47.164Z] [DEBUG] Output:
[2023-11-23T16:24:47.164Z] OK
[2023-11-23T16:24:47.164Z] [VERBOSE] End loading URL (CURL): https://art-bobcat.autodesk.com/artifactory/api/system/ping
[2023-11-23T16:24:47.164Z] [VERBOSE] Start loading URL (CURL): https://art-bear.autodesk.com/artifactory/api/search/checksum?repos=autodesk-3p-generic,adsk-build-tools-generic,team-ecg-generic,team-maya-generic,oss-stg-generic&sha1=51417e51946d878a0a981b2fc7c4226456f25fae
[2023-11-23T16:24:47.164Z] [DEBUG] Running: /usr/bin/curl -s -X GET --keepalive-time 10 --connect-timeout 60 --speed-limit 10000 --speed-time 120 --max-time 3600 --retry 5 --retry-max-time 2400 -H Connection:close -H Authorization:Basic ZWNnYmlmcm9zdDpvcGUqKjAw https://art-bear.autodesk.com/artifactory/api/search/checksum?repos=autodesk-3p-generic,adsk-build-tools-generic,team-ecg-generic,team-maya-generic,oss-stg-generic&sha1=51417e51946d878a0a981b2fc7c4226456f25fae
[2023-11-23T16:24:47.164Z] [DEBUG] Output:
[2023-11-23T16:24:47.164Z] {
[2023-11-23T16:24:47.164Z]   "results" : [ {
[2023-11-23T16:24:47.164Z]     "uri" : "https://art-bear.autodesk.com:443/artifactory/api/storage/team-maya-generic/Maya/master/plnx/2023-11-22-18-38_cd9ddcb480/202311221838-cd9ddcb480-RUNDEV.tgz"
[2023-11-23T16:24:47.164Z]   } ]
[2023-11-23T16:24:47.164Z] }
[2023-11-23T16:24:47.164Z] [VERBOSE] End loading URL (CURL): https://art-bear.autodesk.com/artifactory/api/search/checksum?repos=autodesk-3p-generic,adsk-build-tools-generic,team-ecg-generic,team-maya-generic,oss-stg-generic&sha1=51417e51946d878a0a981b2fc7c4226456f25fae
[2023-11-23T16:24:47.164Z] [VERBOSE] Start loading URL (CURL): https://art-bear.autodesk.com:443/artifactory/api/storage/team-maya-generic/Maya/master/plnx/2023-11-22-18-38_cd9ddcb480/202311221838-cd9ddcb480-RUNDEV.tgz
[2023-11-23T16:24:47.164Z] [DEBUG] Running: /usr/bin/curl -s -X GET --keepalive-time 10 --connect-timeout 60 --speed-limit 10000 --speed-time 120 --max-time 3600 --retry 5 --retry-max-time 2400 -H Connection:close -H Authorization:Basic ZWNnYmlmcm9zdDpvcGUqKjAw https://art-bear.autodesk.com:443/artifactory/api/storage/team-maya-generic/Maya/master/plnx/2023-11-22-18-38_cd9ddcb480/202311221838-cd9ddcb480-RUNDEV.tgz
[2023-11-23T16:24:47.164Z] [DEBUG] Output:
[2023-11-23T16:24:47.164Z] {
[2023-11-23T16:24:47.164Z]   "repo" : "team-maya-generic",
[2023-11-23T16:24:47.164Z]   "path" : "/Maya/master/plnx/2023-11-22-18-38_cd9ddcb480/202311221838-cd9ddcb480-RUNDEV.tgz",
[2023-11-23T16:24:47.164Z]   "created" : "2023-11-22T23:20:08.199-05:00",
[2023-11-23T16:24:47.164Z]   "createdBy" : "token:art-bear.autodesk.com",
[2023-11-23T16:24:47.164Z]   "lastModified" : "2023-11-22T23:20:08.190-05:00",
[2023-11-23T16:24:47.164Z]   "modifiedBy" : "token:art-bear.autodesk.com",
[2023-11-23T16:24:47.164Z]   "lastUpdated" : "2023-11-22T23:20:08.200-05:00",
[2023-11-23T16:24:47.164Z]   "downloadUri" : "https://art-bear.autodesk.com:443/artifactory/team-maya-generic/Maya/master/plnx/2023-11-22-18-38_cd9ddcb480/202311221838-cd9ddcb480-RUNDEV.tgz",
[2023-11-23T16:24:47.164Z]   "mimeType" : "application/x-gzip",
[2023-11-23T16:24:47.164Z]   "size" : "3082864703",
[2023-11-23T16:24:47.164Z]   "checksums" : {
[2023-11-23T16:24:47.164Z]     "sha1" : "51417e51946d878a0a981b2fc7c4226456f25fae",
[2023-11-23T16:24:47.164Z]     "md5" : "f621b7bdec398098a008d201061457b8",
[2023-11-23T16:24:47.164Z]     "sha256" : "240e7683f5800c7cae8bb4f571836942d8d77d5631fc1aa6ace331303dd471c5"
[2023-11-23T16:24:47.164Z]   },
[2023-11-23T16:24:47.164Z]   "originalChecksums" : {
[2023-11-23T16:24:47.164Z]     "sha1" : "51417e51946d878a0a981b2fc7c4226456f25fae",
[2023-11-23T16:24:47.164Z]     "md5" : "f621b7bdec398098a008d201061457b8",
[2023-11-23T16:24:47.164Z]     "sha256" : "240e7683f5800c7cae8bb4f571836942d8d77d5631fc1aa6ace331303dd471c5"
[2023-11-23T16:24:47.164Z]   },
[2023-11-23T16:24:47.164Z]   "uri" : "https://art-bear.autodesk.com:443/artifactory/api/storage/team-maya-generic/Maya/master/plnx/2023-11-22-18-38_cd9ddcb480/202311221838-cd9ddcb480-RUNDEV.tgz"
[2023-11-23T16:24:47.164Z] }
[2023-11-23T16:24:47.164Z] [VERBOSE] End loading URL (CURL): https://art-bear.autodesk.com:443/artifactory/api/storage/team-maya-generic/Maya/master/plnx/2023-11-22-18-38_cd9ddcb480/202311221838-cd9ddcb480-RUNDEV.tgz
[2023-11-23T16:24:47.164Z] Using Maya cut from /local/S/jenkins/workspace/shared/Artifactory/Linux/rundev-master/202311221838/runtime/51417e5
[2023-11-23T16:24:47.164Z] 
[2023-11-23T16:24:47.164Z] ================================================================================
[2023-11-23T16:24:47.164Z]                              setup (RelWithDebInfo)
[2023-11-23T16:24:47.164Z] ================================================================================
[Pipeline] }
[Pipeline] // withEnv
[Pipeline] }
[Pipeline] // timeout
[Pipeline] }
[Pipeline] // stage
[Pipeline] }
[Pipeline] // timestamps
[Pipeline] timestamps
[Pipeline] {
[Pipeline] stage
[Pipeline] { (Clean)
[Pipeline] timeout
[2023-11-23T16:24:47.576Z] Timeout set to expire in 6 hr 0 min
[Pipeline] {
[Pipeline] withEnv
[Pipeline] {
[Pipeline] sh
[2023-11-23T16:24:48.729Z] + scl enable gcc-toolset-11 -
[2023-11-23T16:24:48.729Z] + '[' enable = load -o enable = unload ']'
[2023-11-23T16:24:48.729Z] + /usr/bin/scl enable gcc-toolset-11 -
[2023-11-23T16:24:48.729Z] python ecg-maya-hydra/build.py --stages=clean --workspace-dir=/local/S/jenkins/workspace/ECP/ecg-maya-hydra/ecg-maya-hydra-branch-preflight-python3-linux --artifactory-dir=/local/S/jenkins/workspace/shared/Artifactory --build-dir=/local/S/jenkins/workspace/ECP/ecg-maya-hydra/ecg-maya-hydra-branch-preflight-python3-linux/build --install-dir=/local/S/jenkins/workspace/ECP/ecg-maya-hydra/ecg-maya-hydra-branch-preflight-python3-linux/install --signing-dir=/local/S/jenkins/workspace/ECP/ecg-maya-hydra/ecg-maya-hydra-branch-preflight-python3-linux/signing --package-dir=/local/S/jenkins/workspace/ECP/ecg-maya-hydra/ecg-maya-hydra-branch-preflight-python3-linux/package --output-dir=/local/S/jenkins/workspace/ECP/ecg-maya-hydra/ecg-maya-hydra-branch-preflight-python3-linux/output --stash-dir=/local/S/jenkins/workspace/ECP/ecg-maya-hydra/ecg-maya-hydra-branch-preflight-python3-linux/stash --jenkins-build=414 --git-commit=a6160e671d724cbd23348caec6efe576ee214353 --git-branch=master --variants=Debug --interactive-tests=true --post-zips=false --osx-binary-architecture-target=ub2 --osx-deployment-target=11.0 --osx-base-sdk=CurrentActiveSDK --maya-cut-config=maya-rundev-master-debug.yaml --maya-package=rundev-master-debug --stage-banner
[2023-11-23T16:24:48.729Z] Using Maya cut from /local/S/jenkins/workspace/shared/Artifactory/Linux/rundev-master-debug/202311220725/runtime/79eb375
[2023-11-23T16:24:48.729Z] 
[2023-11-23T16:24:48.729Z] ================================================================================
[2023-11-23T16:24:48.729Z]                                  clean (Debug)
[2023-11-23T16:24:48.729Z] ================================================================================
[2023-11-23T16:24:48.729Z] Maya Python Debug Info:
[2023-11-23T16:24:48.729Z]   mayapy executable   = /local/S/jenkins/workspace/shared/Artifactory/Linux/rundev-master-debug/202311220725/runtime/79eb375/runTime/bin/mayapy
[2023-11-23T16:24:48.729Z]   Include Folder      = /local/S/jenkins/workspace/shared/Artifactory/Linux/rundev-master-debug/202311220725/runtime/79eb375/runTime/include/Python311/Python
[2023-11-23T16:24:48.729Z]   Library             = /local/S/jenkins/workspace/shared/Artifactory/Linux/rundev-master-debug/202311220725/runtime/79eb375/runTime/lib/libpython3.11d.so.1.0
[2023-11-23T16:24:48.729Z]   site-package Folder = /local/S/jenkins/workspace/shared/Artifactory/Linux/rundev-master-debug/202311220725/runtime/79eb375/runTime/lib/python3.11/site-packages
[2023-11-23T16:24:49.863Z] In workdir: /home/S/jenkins/workspace/ECP/ecg-maya-hydra/ecg-maya-hydra-branch-preflight-python3-linux/ecg-maya-hydra/maya-hydra
[2023-11-23T16:24:49.863Z] Executing: /local/S/jenkins/workspace/shared/Artifactory/Linux/rundev-master-debug/202311220725/runtime/79eb375/runTime/bin/mayapy /home/S/jenkins/workspace/ECP/ecg-maya-hydra/ecg-maya-hydra-branch-preflight-python3-linux/ecg-maya-hydra/maya-hydra/build.py --generator Ninja --build-debug --maya-location /local/S/jenkins/workspace/shared/Artifactory/Linux/rundev-master-debug/202311220725/runtime/79eb375/runTime --devkit-location /local/S/jenkins/workspace/shared/Artifactory/Linux/rundev-master-debug/202311220725/runtime/79eb375/devkitBase --pxrusd-location /local/S/jenkins/workspace/shared/Artifactory/Linux/USD/e5ad5df --build-args=-DCMAKE_MAKE_PROGRAM=/local/S/jenkins/workspace/shared/Artifactory/Linux/ninja/1.10.2/9ab399b/ninja,-DPYTHON_INCLUDE_DIR=/local/S/jenkins/workspace/shared/Artifactory/Linux/rundev-master-debug/202311220725/runtime/79eb375/runTime/include/Python311/Python,-DPython_EXECUTABLE=/local/S/jenkins/workspace/shared/Artifactory/Linux/rundev-master-debug/202311220725/runtime/79eb375/runTime/bin/mayapy,-DPYTHON_LIBRARIES=/local/S/jenkins/workspace/shared/Artifactory/Linux/rundev-master-debug/202311220725/runtime/79eb375/runTime/lib/libpython3.11d.so.1.0,-DBUILD_WITH_PYTHON_3_VERSION=3.11,-DCMAKE_WANT_MATERIALX_BUILD=ON,-DCMAKE_PREFIX_PATH=/local/S/jenkins/workspace/shared/Artifactory/Linux/USD/e5ad5df,-DMAYAHYDRA_BUILD_NUMBER=414,-DMAYAHYDRA_GIT_COMMIT=a6160e671d724cbd23348caec6efe576ee214353,-DMAYAHYDRA_GIT_BRANCH=master --debug-python '--ctest-args=--parallel 16' --stages=clean --redirect-outstream-file=False --install-location /local/S/jenkins/workspace/ECP/ecg-maya-hydra/ecg-maya-hydra-branch-preflight-python3-linux/install/Debug/MayaHydra /local/S/jenkins/workspace/ECP/ecg-maya-hydra/ecg-maya-hydra-branch-preflight-python3-linux
[2023-11-23T16:24:49.863Z] Modified environment variables:
[2023-11-23T16:24:49.863Z]     LD_LIBRARY_PATH=/opt/rh/gcc-toolset-11/root/usr/lib64:/opt/rh/gcc-toolset-11/root/usr/lib64:/opt/rh/gcc-toolset-11/root/usr/lib:/opt/rh/gcc-toolset-11/root/usr/lib64/dyninst:/opt/rh/gcc-toolset-11/root/usr/lib/dyninst
[2023-11-23T16:24:49.863Z]     PATH=/local/S/jenkins/workspace/shared/Artifactory/Linux/cmake/3.20.3/ab685d7/bin:/opt/rh/gcc-toolset-11/root/usr/bin:/home/administrator/.local/bin:/home/administrator/bin:/usr/share/Modules/bin:/usr/local/bin:/usr/local/sbin:/usr/bin:/usr/sbin
[2023-11-23T16:24:50.404Z]     
[2023-11-23T16:24:50.404Z]         Building with settings:
[2023-11-23T16:24:50.404Z]           Source directory          /home/S/jenkins/workspace/ECP/ecg-maya-hydra/ecg-maya-hydra-branch-preflight-python3-linux/ecg-maya-hydra/maya-hydra
[2023-11-23T16:24:50.404Z]           Workspace directory       /local/S/jenkins/workspace/ECP/ecg-maya-hydra/ecg-maya-hydra-branch-preflight-python3-linux
[2023-11-23T16:24:50.404Z]           Build directory           /local/S/jenkins/workspace/ECP/ecg-maya-hydra/ecg-maya-hydra-branch-preflight-python3-linux/build/Debug
[2023-11-23T16:24:50.404Z]           Install directory         /local/S/jenkins/workspace/ECP/ecg-maya-hydra/ecg-maya-hydra-branch-preflight-python3-linux/install/Debug/MayaHydra
[2023-11-23T16:24:50.404Z]           Variant                   Debug
[2023-11-23T16:24:50.404Z]           Python Debug              On
[2023-11-23T16:24:50.404Z]           CMake generator           Ninja
[2023-11-23T16:24:50.404Z]           Build arguments           ['-DCMAKE_MAKE_PROGRAM=/local/S/jenkins/workspace/shared/Artifactory/Linux/ninja/1.10.2/9ab399b/ninja', '-DPYTHON_INCLUDE_DIR=/local/S/jenkins/workspace/shared/Artifactory/Linux/rundev-master-debug/202311220725/runtime/79eb375/runTime/include/Python311/Python', '-DPython_EXECUTABLE=/local/S/jenkins/workspace/shared/Artifactory/Linux/rundev-master-debug/202311220725/runtime/79eb375/runTime/bin/mayapy', '-DPYTHON_LIBRARIES=/local/S/jenkins/workspace/shared/Artifactory/Linux/rundev-master-debug/202311220725/runtime/79eb375/runTime/lib/libpython3.11d.so.1.0', '-DBUILD_WITH_PYTHON_3_VERSION=3.11', '-DCMAKE_WANT_MATERIALX_BUILD=ON', '-DCMAKE_PREFIX_PATH=/local/S/jenkins/workspace/shared/Artifactory/Linux/USD/e5ad5df', '-DMAYAHYDRA_BUILD_NUMBER=414', '-DMAYAHYDRA_GIT_COMMIT=a6160e671d724cbd23348caec6efe576ee214353', '-DMAYAHYDRA_GIT_BRANCH=master']
[2023-11-23T16:24:50.404Z]           Stages arguments          ['clean']
[2023-11-23T16:24:50.404Z]           CTest arguments           ['--parallel 16']
[2023-11-23T16:24:50.404Z]     Success MayaHydra build and install !!!!
[2023-11-23T16:24:50.404Z]     Elapsed time: 00:00:00
[Pipeline] sh
[2023-11-23T16:24:51.776Z] + scl enable gcc-toolset-11 -
[2023-11-23T16:24:51.776Z] + '[' enable = load -o enable = unload ']'
[2023-11-23T16:24:51.776Z] + /usr/bin/scl enable gcc-toolset-11 -
[2023-11-23T16:24:51.776Z] python ecg-maya-hydra/build.py --stages=clean --workspace-dir=/local/S/jenkins/workspace/ECP/ecg-maya-hydra/ecg-maya-hydra-branch-preflight-python3-linux --artifactory-dir=/local/S/jenkins/workspace/shared/Artifactory --build-dir=/local/S/jenkins/workspace/ECP/ecg-maya-hydra/ecg-maya-hydra-branch-preflight-python3-linux/build --install-dir=/local/S/jenkins/workspace/ECP/ecg-maya-hydra/ecg-maya-hydra-branch-preflight-python3-linux/install --signing-dir=/local/S/jenkins/workspace/ECP/ecg-maya-hydra/ecg-maya-hydra-branch-preflight-python3-linux/signing --package-dir=/local/S/jenkins/workspace/ECP/ecg-maya-hydra/ecg-maya-hydra-branch-preflight-python3-linux/package --output-dir=/local/S/jenkins/workspace/ECP/ecg-maya-hydra/ecg-maya-hydra-branch-preflight-python3-linux/output --stash-dir=/local/S/jenkins/workspace/ECP/ecg-maya-hydra/ecg-maya-hydra-branch-preflight-python3-linux/stash --jenkins-build=414 --git-commit=a6160e671d724cbd23348caec6efe576ee214353 --git-branch=master --variants=RelWithDebInfo --interactive-tests=true --post-zips=false --osx-binary-architecture-target=ub2 --osx-deployment-target=11.0 --osx-base-sdk=CurrentActiveSDK --maya-cut-config=maya-rundev-master.yaml --maya-package=rundev-master --stage-banner
[2023-11-23T16:24:51.776Z] Using Maya cut from /local/S/jenkins/workspace/shared/Artifactory/Linux/rundev-master/202311221838/runtime/51417e5
[2023-11-23T16:24:51.776Z] 
[2023-11-23T16:24:51.776Z] ================================================================================
[2023-11-23T16:24:51.776Z]                              clean (RelWithDebInfo)
[2023-11-23T16:24:51.776Z] ================================================================================
[2023-11-23T16:24:51.776Z] Maya Python RelWithDebInfo Info:
[2023-11-23T16:24:51.776Z]   mayapy executable   = /local/S/jenkins/workspace/shared/Artifactory/Linux/rundev-master/202311221838/runtime/51417e5/runTime/bin/mayapy
[2023-11-23T16:24:51.776Z]   Include Folder      = /local/S/jenkins/workspace/shared/Artifactory/Linux/rundev-master/202311221838/runtime/51417e5/runTime/include/Python311/Python
[2023-11-23T16:24:51.776Z]   Library             = /local/S/jenkins/workspace/shared/Artifactory/Linux/rundev-master/202311221838/runtime/51417e5/runTime/lib/libpython3.11.so.1.0
[2023-11-23T16:24:51.776Z]   site-package Folder = /local/S/jenkins/workspace/shared/Artifactory/Linux/rundev-master/202311221838/runtime/51417e5/runTime/lib/python3.11/site-packages
[2023-11-23T16:24:52.318Z] In workdir: /home/S/jenkins/workspace/ECP/ecg-maya-hydra/ecg-maya-hydra-branch-preflight-python3-linux/ecg-maya-hydra/maya-hydra
[2023-11-23T16:24:52.318Z] Executing: /local/S/jenkins/workspace/shared/Artifactory/Linux/rundev-master/202311221838/runtime/51417e5/runTime/bin/mayapy /home/S/jenkins/workspace/ECP/ecg-maya-hydra/ecg-maya-hydra-branch-preflight-python3-linux/ecg-maya-hydra/maya-hydra/build.py --generator Ninja --build-relwithdebug --maya-location /local/S/jenkins/workspace/shared/Artifactory/Linux/rundev-master/202311221838/runtime/51417e5/runTime --devkit-location /local/S/jenkins/workspace/shared/Artifactory/Linux/rundev-master/202311221838/runtime/51417e5/devkitBase --pxrusd-location /local/S/jenkins/workspace/shared/Artifactory/Linux/USD/1a43c47 --build-args=-DCMAKE_MAKE_PROGRAM=/local/S/jenkins/workspace/shared/Artifactory/Linux/ninja/1.10.2/9ab399b/ninja,-DPYTHON_INCLUDE_DIR=/local/S/jenkins/workspace/shared/Artifactory/Linux/rundev-master/202311221838/runtime/51417e5/runTime/include/Python311/Python,-DPython_EXECUTABLE=/local/S/jenkins/workspace/shared/Artifactory/Linux/rundev-master/202311221838/runtime/51417e5/runTime/bin/mayapy,-DPYTHON_LIBRARIES=/local/S/jenkins/workspace/shared/Artifactory/Linux/rundev-master/202311221838/runtime/51417e5/runTime/lib/libpython3.11.so.1.0,-DBUILD_WITH_PYTHON_3_VERSION=3.11,-DCMAKE_WANT_MATERIALX_BUILD=ON,-DCMAKE_PREFIX_PATH=/local/S/jenkins/workspace/shared/Artifactory/Linux/USD/1a43c47,-DMAYAHYDRA_BUILD_NUMBER=414,-DMAYAHYDRA_GIT_COMMIT=a6160e671d724cbd23348caec6efe576ee214353,-DMAYAHYDRA_GIT_BRANCH=master '--ctest-args=--parallel 16' --stages=clean --redirect-outstream-file=False --install-location /local/S/jenkins/workspace/ECP/ecg-maya-hydra/ecg-maya-hydra-branch-preflight-python3-linux/install/RelWithDebInfo/MayaHydra /local/S/jenkins/workspace/ECP/ecg-maya-hydra/ecg-maya-hydra-branch-preflight-python3-linux
[2023-11-23T16:24:52.318Z] Modified environment variables:
[2023-11-23T16:24:52.318Z]     LD_LIBRARY_PATH=/opt/rh/gcc-toolset-11/root/usr/lib64:/opt/rh/gcc-toolset-11/root/usr/lib64:/opt/rh/gcc-toolset-11/root/usr/lib:/opt/rh/gcc-toolset-11/root/usr/lib64/dyninst:/opt/rh/gcc-toolset-11/root/usr/lib/dyninst
[2023-11-23T16:24:52.318Z]     PATH=/local/S/jenkins/workspace/shared/Artifactory/Linux/cmake/3.20.3/ab685d7/bin:/opt/rh/gcc-toolset-11/root/usr/bin:/home/administrator/.local/bin:/home/administrator/bin:/usr/share/Modules/bin:/usr/local/bin:/usr/local/sbin:/usr/bin:/usr/sbin
[2023-11-23T16:24:52.318Z]     
[2023-11-23T16:24:52.318Z]         Building with settings:
[2023-11-23T16:24:52.318Z]           Source directory          /home/S/jenkins/workspace/ECP/ecg-maya-hydra/ecg-maya-hydra-branch-preflight-python3-linux/ecg-maya-hydra/maya-hydra
[2023-11-23T16:24:52.318Z]           Workspace directory       /local/S/jenkins/workspace/ECP/ecg-maya-hydra/ecg-maya-hydra-branch-preflight-python3-linux
[2023-11-23T16:24:52.318Z]           Build directory           /local/S/jenkins/workspace/ECP/ecg-maya-hydra/ecg-maya-hydra-branch-preflight-python3-linux/build/RelWithDebInfo
[2023-11-23T16:24:52.318Z]           Install directory         /local/S/jenkins/workspace/ECP/ecg-maya-hydra/ecg-maya-hydra-branch-preflight-python3-linux/install/RelWithDebInfo/MayaHydra
[2023-11-23T16:24:52.318Z]           Variant                   RelWithDebInfo
[2023-11-23T16:24:52.318Z]           Python Debug              Off
[2023-11-23T16:24:52.318Z]           CMake generator           Ninja
[2023-11-23T16:24:52.318Z]           Build arguments           ['-DCMAKE_MAKE_PROGRAM=/local/S/jenkins/workspace/shared/Artifactory/Linux/ninja/1.10.2/9ab399b/ninja', '-DPYTHON_INCLUDE_DIR=/local/S/jenkins/workspace/shared/Artifactory/Linux/rundev-master/202311221838/runtime/51417e5/runTime/include/Python311/Python', '-DPython_EXECUTABLE=/local/S/jenkins/workspace/shared/Artifactory/Linux/rundev-master/202311221838/runtime/51417e5/runTime/bin/mayapy', '-DPYTHON_LIBRARIES=/local/S/jenkins/workspace/shared/Artifactory/Linux/rundev-master/202311221838/runtime/51417e5/runTime/lib/libpython3.11.so.1.0', '-DBUILD_WITH_PYTHON_3_VERSION=3.11', '-DCMAKE_WANT_MATERIALX_BUILD=ON', '-DCMAKE_PREFIX_PATH=/local/S/jenkins/workspace/shared/Artifactory/Linux/USD/1a43c47', '-DMAYAHYDRA_BUILD_NUMBER=414', '-DMAYAHYDRA_GIT_COMMIT=a6160e671d724cbd23348caec6efe576ee214353', '-DMAYAHYDRA_GIT_BRANCH=master']
[2023-11-23T16:24:52.318Z]           Stages arguments          ['clean']
[2023-11-23T16:24:52.318Z]           CTest arguments           ['--parallel 16']
[2023-11-23T16:24:52.318Z]     Success MayaHydra build and install !!!!
[2023-11-23T16:24:52.318Z]     Elapsed time: 00:00:00
[Pipeline] }
[Pipeline] // withEnv
[Pipeline] }
[Pipeline] // timeout
[Pipeline] }
[Pipeline] // stage
[Pipeline] }
[Pipeline] // timestamps
[Pipeline] timestamps
[Pipeline] {
[Pipeline] stage
[Pipeline] { (Configure)
[Pipeline] timeout
[2023-11-23T16:24:52.673Z] Timeout set to expire in 6 hr 0 min
[Pipeline] {
[Pipeline] withEnv
[Pipeline] {
[Pipeline] sh
[2023-11-23T16:24:54.124Z] + scl enable gcc-toolset-11 -
[2023-11-23T16:24:54.124Z] + '[' enable = load -o enable = unload ']'
[2023-11-23T16:24:54.124Z] + /usr/bin/scl enable gcc-toolset-11 -
[2023-11-23T16:24:54.124Z] python ecg-maya-hydra/build.py --stages=configure --workspace-dir=/local/S/jenkins/workspace/ECP/ecg-maya-hydra/ecg-maya-hydra-branch-preflight-python3-linux --artifactory-dir=/local/S/jenkins/workspace/shared/Artifactory --build-dir=/local/S/jenkins/workspace/ECP/ecg-maya-hydra/ecg-maya-hydra-branch-preflight-python3-linux/build --install-dir=/local/S/jenkins/workspace/ECP/ecg-maya-hydra/ecg-maya-hydra-branch-preflight-python3-linux/install --signing-dir=/local/S/jenkins/workspace/ECP/ecg-maya-hydra/ecg-maya-hydra-branch-preflight-python3-linux/signing --package-dir=/local/S/jenkins/workspace/ECP/ecg-maya-hydra/ecg-maya-hydra-branch-preflight-python3-linux/package --output-dir=/local/S/jenkins/workspace/ECP/ecg-maya-hydra/ecg-maya-hydra-branch-preflight-python3-linux/output --stash-dir=/local/S/jenkins/workspace/ECP/ecg-maya-hydra/ecg-maya-hydra-branch-preflight-python3-linux/stash --jenkins-build=414 --git-commit=a6160e671d724cbd23348caec6efe576ee214353 --git-branch=master --variants=Debug --interactive-tests=true --post-zips=false --osx-binary-architecture-target=ub2 --osx-deployment-target=11.0 --osx-base-sdk=CurrentActiveSDK --maya-cut-config=maya-rundev-master-debug.yaml --maya-package=rundev-master-debug --stage-banner
[2023-11-23T16:24:54.124Z] Using Maya cut from /local/S/jenkins/workspace/shared/Artifactory/Linux/rundev-master-debug/202311220725/runtime/79eb375
[2023-11-23T16:24:54.124Z] 
[2023-11-23T16:24:54.124Z] ================================================================================
[2023-11-23T16:24:54.124Z]                                configure (Debug)
[2023-11-23T16:24:54.124Z] ================================================================================
[2023-11-23T16:24:54.124Z] Maya Python Debug Info:
[2023-11-23T16:24:54.124Z]   mayapy executable   = /local/S/jenkins/workspace/shared/Artifactory/Linux/rundev-master-debug/202311220725/runtime/79eb375/runTime/bin/mayapy
[2023-11-23T16:24:54.124Z]   Include Folder      = /local/S/jenkins/workspace/shared/Artifactory/Linux/rundev-master-debug/202311220725/runtime/79eb375/runTime/include/Python311/Python
[2023-11-23T16:24:54.124Z]   Library             = /local/S/jenkins/workspace/shared/Artifactory/Linux/rundev-master-debug/202311220725/runtime/79eb375/runTime/lib/libpython3.11d.so.1.0
[2023-11-23T16:24:54.124Z]   site-package Folder = /local/S/jenkins/workspace/shared/Artifactory/Linux/rundev-master-debug/202311220725/runtime/79eb375/runTime/lib/python3.11/site-packages
[2023-11-23T16:24:55.258Z] In workdir: /home/S/jenkins/workspace/ECP/ecg-maya-hydra/ecg-maya-hydra-branch-preflight-python3-linux/ecg-maya-hydra/maya-hydra
[2023-11-23T16:24:55.258Z] Executing: /local/S/jenkins/workspace/shared/Artifactory/Linux/rundev-master-debug/202311220725/runtime/79eb375/runTime/bin/mayapy /home/S/jenkins/workspace/ECP/ecg-maya-hydra/ecg-maya-hydra-branch-preflight-python3-linux/ecg-maya-hydra/maya-hydra/build.py --generator Ninja --build-debug --maya-location /local/S/jenkins/workspace/shared/Artifactory/Linux/rundev-master-debug/202311220725/runtime/79eb375/runTime --devkit-location /local/S/jenkins/workspace/shared/Artifactory/Linux/rundev-master-debug/202311220725/runtime/79eb375/devkitBase --pxrusd-location /local/S/jenkins/workspace/shared/Artifactory/Linux/USD/e5ad5df --build-args=-DCMAKE_MAKE_PROGRAM=/local/S/jenkins/workspace/shared/Artifactory/Linux/ninja/1.10.2/9ab399b/ninja,-DPYTHON_INCLUDE_DIR=/local/S/jenkins/workspace/shared/Artifactory/Linux/rundev-master-debug/202311220725/runtime/79eb375/runTime/include/Python311/Python,-DPython_EXECUTABLE=/local/S/jenkins/workspace/shared/Artifactory/Linux/rundev-master-debug/202311220725/runtime/79eb375/runTime/bin/mayapy,-DPYTHON_LIBRARIES=/local/S/jenkins/workspace/shared/Artifactory/Linux/rundev-master-debug/202311220725/runtime/79eb375/runTime/lib/libpython3.11d.so.1.0,-DBUILD_WITH_PYTHON_3_VERSION=3.11,-DCMAKE_WANT_MATERIALX_BUILD=ON,-DCMAKE_PREFIX_PATH=/local/S/jenkins/workspace/shared/Artifactory/Linux/USD/e5ad5df,-DMAYAHYDRA_BUILD_NUMBER=414,-DMAYAHYDRA_GIT_COMMIT=a6160e671d724cbd23348caec6efe576ee214353,-DMAYAHYDRA_GIT_BRANCH=master --debug-python '--ctest-args=--parallel 16' --stages=configure --redirect-outstream-file=False --install-location /local/S/jenkins/workspace/ECP/ecg-maya-hydra/ecg-maya-hydra-branch-preflight-python3-linux/install/Debug/MayaHydra /local/S/jenkins/workspace/ECP/ecg-maya-hydra/ecg-maya-hydra-branch-preflight-python3-linux
[2023-11-23T16:24:55.258Z] Modified environment variables:
[2023-11-23T16:24:55.258Z]     LD_LIBRARY_PATH=/opt/rh/gcc-toolset-11/root/usr/lib64:/opt/rh/gcc-toolset-11/root/usr/lib64:/opt/rh/gcc-toolset-11/root/usr/lib:/opt/rh/gcc-toolset-11/root/usr/lib64/dyninst:/opt/rh/gcc-toolset-11/root/usr/lib/dyninst
[2023-11-23T16:24:55.258Z]     PATH=/local/S/jenkins/workspace/shared/Artifactory/Linux/cmake/3.20.3/ab685d7/bin:/opt/rh/gcc-toolset-11/root/usr/bin:/home/administrator/.local/bin:/home/administrator/bin:/usr/share/Modules/bin:/usr/local/bin:/usr/local/sbin:/usr/bin:/usr/sbin
[2023-11-23T16:24:55.799Z]     -- The C compiler identification is GNU 11.2.1
[2023-11-23T16:24:55.799Z]     -- The CXX compiler identification is GNU 11.2.1
[2023-11-23T16:24:55.799Z]     -- Detecting C compiler ABI info
[2023-11-23T16:24:55.799Z]     -- Detecting C compiler ABI info - done
[2023-11-23T16:24:55.799Z]     -- Check for working C compiler: /opt/rh/gcc-toolset-11/root/usr/bin/cc - skipped
[2023-11-23T16:24:55.799Z]     -- Detecting C compile features
[2023-11-23T16:24:55.799Z]     -- Detecting C compile features - done
[2023-11-23T16:24:55.799Z]     -- Detecting CXX compiler ABI info
[2023-11-23T16:24:55.799Z]     -- Detecting CXX compiler ABI info - done
[2023-11-23T16:24:55.799Z]     -- Check for working CXX compiler: /opt/rh/gcc-toolset-11/root/usr/bin/c++ - skipped
[2023-11-23T16:24:55.799Z]     -- Detecting CXX compile features
[2023-11-23T16:24:55.799Z]     -- Detecting CXX compile features - done
[2023-11-23T16:24:56.341Z]     -- Using Maya Light API Version 3
[2023-11-23T16:24:56.341Z]     -- Maya has setDefaultMaterialHandling API
[2023-11-23T16:24:56.341Z]     -- Maya has new point snapping API
[2023-11-23T16:24:56.341Z]     -- Maya has isInCrashHandler API
[2023-11-23T16:24:56.341Z]     -- Maya has getDisplayStyleOfAllViewports API
[2023-11-23T16:24:56.341Z]     -- Maya array iterator has difference_type trait
[2023-11-23T16:24:56.341Z]     -- MFnSet has getMemberPaths function
[2023-11-23T16:24:56.341Z]     -- MFnDisplayLayer exists
[2023-11-23T16:24:56.341Z]     -- MDisplayLayerMessage has MDisplayLayerMemberChangedFunction
[2023-11-23T16:24:56.341Z]     -- MRenderItem has HideOnPlayback API
[2023-11-23T16:24:56.341Z]     -- Linux: Maya was built with new cxx11 ABI
[2023-11-23T16:24:56.341Z]     -- Found Maya: /local/S/jenkins/workspace/shared/Artifactory/Linux/rundev-master-debug/202311220725/runtime/79eb375/runTime/bin/maya (found suitable version "2025", minimum required is "2024")
[2023-11-23T16:24:57.477Z]     -- Found Python: /local/S/jenkins/workspace/shared/Artifactory/Linux/rundev-master-debug/202311220725/runtime/79eb375/runTime/bin/mayapy (found suitable exact version "3.11.4") found components: Interpreter
[2023-11-23T16:24:57.477Z]     -- Build mayaHydra with Python3 = 3.11
[2023-11-23T16:24:57.477Z]     --    PYTHON_INCLUDE_DIRS = /local/S/jenkins/workspace/shared/Artifactory/Linux/rundev-master-debug/202311220725/runtime/79eb375/runTime/include/Python311/Python
[2023-11-23T16:24:57.477Z]     --    PYTHON_LIBRARIES    = /local/S/jenkins/workspace/shared/Artifactory/Linux/rundev-master-debug/202311220725/runtime/79eb375/runTime/lib/libpython3.11d.so.1.0
[2023-11-23T16:24:57.478Z]     --    Python_EXECUTABLE   = /local/S/jenkins/workspace/shared/Artifactory/Linux/rundev-master-debug/202311220725/runtime/79eb375/runTime/bin/mayapy
[2023-11-23T16:24:58.020Z]     -- Found Python3: /local/S/jenkins/workspace/shared/Artifactory/Linux/rundev-master-debug/202311220725/runtime/79eb375/runTime/include/Python311/Python (found suitable exact version "3.11.4") found components: Development Development.Module Development.Embed
[2023-11-23T16:24:58.020Z]     -- USD has new Sdr.PropertyTypes.Color4
[2023-11-23T16:24:58.020Z]     -- USD has MaterialX metadata support
[2023-11-23T16:24:58.020Z]     -- USD include dir: /local/S/jenkins/workspace/shared/Artifactory/Linux/USD/e5ad5df/include
[2023-11-23T16:24:58.020Z]     -- USD library dir: /local/S/jenkins/workspace/shared/Artifactory/Linux/USD/e5ad5df/lib
[2023-11-23T16:24:58.020Z]     -- USD version: 0.23.11
[2023-11-23T16:24:58.020Z]     -- Found USD: /local/S/jenkins/workspace/shared/Artifactory/Linux/USD/e5ad5df (found suitable version "0.23.11", minimum required is "0.22.11")
[2023-11-23T16:24:58.020Z]     Updated PYTHONPATH: /local/S/jenkins/workspace/shared/Artifactory/Linux/USD/e5ad5df/lib/python
[2023-11-23T16:24:58.020Z]     -- Found UFE: /local/S/jenkins/workspace/shared/Artifactory/Linux/rundev-master-debug/202311220725/runtime/79eb375/devkitBase/devkit/ufe/include (found version "0.5.13")
[2023-11-23T16:24:58.020Z]     -- UFE include dir: /local/S/jenkins/workspace/shared/Artifactory/Linux/rundev-master-debug/202311220725/runtime/79eb375/devkitBase/devkit/ufe/include
[2023-11-23T16:24:58.020Z]     -- UFE library: /local/S/jenkins/workspace/shared/Artifactory/Linux/rundev-master-debug/202311220725/runtime/79eb375/devkitBase/devkit/ufe/lib/libufe_0.so
[2023-11-23T16:24:58.020Z]     -- UFE version: 0.5.13
[2023-11-23T16:24:58.020Z]     -- Maya has UFE lights API
[2023-11-23T16:24:58.020Z]     -- Maya has UFE scene segment API
[2023-11-23T16:24:58.020Z]     -- Maya has UFE TrieNode childrenComponents accessor
[2023-11-23T16:24:58.020Z]     -- Building with UFE 0.5.13.
[2023-11-23T16:24:58.020Z]     -- Found MaterialX
[2023-11-23T16:24:58.562Z]     -- Check if compiler accepts -pthread
[2023-11-23T16:24:58.562Z]     -- Check if compiler accepts -pthread - yes
[2023-11-23T16:24:58.562Z]     -- Performing Test HAVE_STDATOMIC
[2023-11-23T16:24:58.562Z]     -- Performing Test HAVE_STDATOMIC - Success
[2023-11-23T16:24:58.562Z]     -- Found OpenGL: /usr/lib64/libOpenGL.so
[2023-11-23T16:24:58.562Z]     -- Check if linker can resolve circular dependencies - FALSE
[2023-11-23T16:24:58.562Z]     -- Found Qt 6.5.3 in Maya devkit. Hydra Scene Browser will be built.
[2023-11-23T16:24:58.562Z]     -- **** Building Gulrak From Github Repository.
[2023-11-23T16:24:58.562Z]     -- Populating gulrak
[2023-11-23T16:24:58.562Z]     -- Configuring done
[2023-11-23T16:24:58.562Z]     -- Generating done
[2023-11-23T16:24:58.562Z]     -- Build files have been written to: /home/S/jenkins/workspace/ECP/ecg-maya-hydra/ecg-maya-hydra-branch-preflight-python3-linux/build/Debug/_deps/gulrak-subbuild
[2023-11-23T16:24:58.562Z]     [1/9] Creating directories for 'gulrak-populate'
[2023-11-23T16:24:58.562Z]     [1/9] Performing download step (git clone) for 'gulrak-populate'
[2023-11-23T16:24:58.562Z]     Cloning into 'gulrak-src'...
[2023-11-23T16:24:59.102Z]     HEAD is now at 4e21ab3 Version bump and updated readme.
[2023-11-23T16:24:59.102Z]     [2/9] Performing update step for 'gulrak-populate'
[2023-11-23T16:24:59.102Z]     [4/9] No patch step for 'gulrak-populate'
[2023-11-23T16:24:59.102Z]     [5/9] No configure step for 'gulrak-populate'
[2023-11-23T16:24:59.102Z]     [6/9] No build step for 'gulrak-populate'
[2023-11-23T16:24:59.102Z]     [7/9] No install step for 'gulrak-populate'
[2023-11-23T16:24:59.102Z]     [8/9] No test step for 'gulrak-populate'
[2023-11-23T16:24:59.102Z]     [9/9] Completed 'gulrak-populate'
[2023-11-23T16:24:59.102Z]     -- ========== Installing GoogleTest... ==========
[2023-11-23T16:24:59.644Z]     -- Configuring done
[2023-11-23T16:24:59.644Z]     -- Generating done
[2023-11-23T16:24:59.644Z]     -- Build files have been written to: /home/S/jenkins/workspace/ECP/ecg-maya-hydra/ecg-maya-hydra-branch-preflight-python3-linux/build/Debug/googletest-config
[2023-11-23T16:24:59.644Z]     [1/8] Creating directories for 'googletest'
[2023-11-23T16:25:00.776Z]     [2/8] Performing download step (git clone) for 'googletest'
[2023-11-23T16:25:00.776Z]     Cloning into 'googletest-src'...
[2023-11-23T16:25:00.776Z]     HEAD is now at 703bd9ca Googletest export
[2023-11-23T16:25:00.776Z]     [3/8] Performing update step for 'googletest'
[2023-11-23T16:25:00.776Z]     [4/8] No patch step for 'googletest'
[2023-11-23T16:25:01.318Z]     [5/8] Performing configure step for 'googletest'
[2023-11-23T16:25:01.318Z]     Not searching for unused variables given on the command line.
[2023-11-23T16:25:01.318Z]     CMake Deprecation Warning at CMakeLists.txt:4 (cmake_minimum_required):
[2023-11-23T16:25:01.318Z]       Compatibility with CMake < 2.8.12 will be removed from a future version of
[2023-11-23T16:25:01.318Z]       CMake.
[2023-11-23T16:25:01.318Z]     
[2023-11-23T16:25:01.318Z]       Update the VERSION argument <min> value or use a ...<max> suffix to tell
[2023-11-23T16:25:01.318Z]       CMake that the project does not need compatibility with older versions.
[2023-11-23T16:25:01.318Z]     
[2023-11-23T16:25:01.318Z]     
[2023-11-23T16:25:01.318Z]     -- The C compiler identification is GNU 11.2.1
[2023-11-23T16:25:01.318Z]     -- The CXX compiler identification is GNU 11.2.1
[2023-11-23T16:25:01.318Z]     -- Detecting C compiler ABI info
[2023-11-23T16:25:01.318Z]     -- Detecting C compiler ABI info - done
[2023-11-23T16:25:01.318Z]     -- Check for working C compiler: /opt/rh/gcc-toolset-11/root/usr/bin/cc - skipped
[2023-11-23T16:25:01.318Z]     -- Detecting C compile features
[2023-11-23T16:25:01.318Z]     -- Detecting C compile features - done
[2023-11-23T16:25:01.318Z]     -- Detecting CXX compiler ABI info
[2023-11-23T16:25:01.318Z]     -- Detecting CXX compiler ABI info - done
[2023-11-23T16:25:01.318Z]     -- Check for working CXX compiler: /opt/rh/gcc-toolset-11/root/usr/bin/c++ - skipped
[2023-11-23T16:25:01.318Z]     -- Detecting CXX compile features
[2023-11-23T16:25:01.318Z]     -- Detecting CXX compile features - done
[2023-11-23T16:25:01.318Z]     CMake Deprecation Warning at googletest/CMakeLists.txt:56 (cmake_minimum_required):
[2023-11-23T16:25:01.318Z]       Compatibility with CMake < 2.8.12 will be removed from a future version of
[2023-11-23T16:25:01.318Z]       CMake.
[2023-11-23T16:25:01.318Z]     
[2023-11-23T16:25:01.318Z]       Update the VERSION argument <min> value or use a ...<max> suffix to tell
[2023-11-23T16:25:01.318Z]       CMake that the project does not need compatibility with older versions.
[2023-11-23T16:25:01.318Z]     
[2023-11-23T16:25:01.318Z]     
[2023-11-23T16:25:01.318Z]     -- Found PythonInterp: /usr/local/bin/python (found version "3.9.7")
[2023-11-23T16:25:01.318Z]     -- Looking for pthread.h
[2023-11-23T16:25:01.318Z]     -- Looking for pthread.h - found
[2023-11-23T16:25:01.318Z]     -- Performing Test CMAKE_HAVE_LIBC_PTHREAD
[2023-11-23T16:25:01.318Z]     -- Performing Test CMAKE_HAVE_LIBC_PTHREAD - Failed
[2023-11-23T16:25:01.318Z]     -- Looking for pthread_create in pthreads
[2023-11-23T16:25:01.318Z]     -- Looking for pthread_create in pthreads - not found
[2023-11-23T16:25:01.318Z]     -- Looking for pthread_create in pthread
[2023-11-23T16:25:01.318Z]     -- Looking for pthread_create in pthread - found
[2023-11-23T16:25:01.318Z]     -- Found Threads: TRUE
[2023-11-23T16:25:01.318Z]     -- Configuring done
[2023-11-23T16:25:01.318Z]     -- Generating done
[2023-11-23T16:25:01.318Z]     -- Build files have been written to: /home/S/jenkins/workspace/ECP/ecg-maya-hydra/ecg-maya-hydra-branch-preflight-python3-linux/build/Debug/googletest-build
[2023-11-23T16:25:04.725Z]     [6/8] Performing build step for 'googletest'
[2023-11-23T16:25:04.725Z]     [1/4] Building CXX object googletest/CMakeFiles/gtest_main.dir/src/gtest_main.cc.o
[2023-11-23T16:25:04.725Z]     [2/4] Building CXX object googletest/CMakeFiles/gtest.dir/src/gtest-all.cc.o
[2023-11-23T16:25:04.725Z]     [3/4] Linking CXX shared library lib/libgtestd.so
[2023-11-23T16:25:04.725Z]     [4/4] Linking CXX shared library lib/libgtest_maind.so
[2023-11-23T16:25:04.725Z]     [7/8] Performing install step for 'googletest'
[2023-11-23T16:25:04.725Z]     [0/1] Install the project...
[2023-11-23T16:25:04.725Z]     -- Install configuration: "Debug"
[2023-11-23T16:25:04.725Z]     -- Set runtime path of "/home/S/jenkins/workspace/ECP/ecg-maya-hydra/ecg-maya-hydra-branch-preflight-python3-linux/build/Debug/googletest-install/lib64/libgtest_maind.so" to ""
[2023-11-23T16:25:04.725Z]     [8/8] Completed 'googletest'
[2023-11-23T16:25:04.725Z]     -- ========== ...  GoogleTest installed. ==========
[2023-11-23T16:25:04.725Z]     -- Found GTest: /home/S/jenkins/workspace/ECP/ecg-maya-hydra/ecg-maya-hydra-branch-preflight-python3-linux/build/Debug/googletest-install/lib64/libgtestd.so
[2023-11-23T16:25:04.725Z]     -- promoting: /home/S/jenkins/workspace/ECP/ecg-maya-hydra/ecg-maya-hydra-branch-preflight-python3-linux/ecg-maya-hydra/maya-hydra/lib/mayaHydra/mayaPlugin/pluginUtils.h
[2023-11-23T16:25:04.725Z]     -- promoting: /home/S/jenkins/workspace/ECP/ecg-maya-hydra/ecg-maya-hydra-branch-preflight-python3-linux/ecg-maya-hydra/maya-hydra/lib/mayaHydra/hydraExtensions/api.h
[2023-11-23T16:25:04.725Z]     -- promoting: /home/S/jenkins/workspace/ECP/ecg-maya-hydra/ecg-maya-hydra-branch-preflight-python3-linux/ecg-maya-hydra/maya-hydra/lib/mayaHydra/hydraExtensions/debugCodes.h
[2023-11-23T16:25:04.725Z]     -- promoting: /home/S/jenkins/workspace/ECP/ecg-maya-hydra/ecg-maya-hydra-branch-preflight-python3-linux/ecg-maya-hydra/maya-hydra/lib/mayaHydra/hydraExtensions/hydraUtils.h
[2023-11-23T16:25:04.725Z]     -- promoting: /home/S/jenkins/workspace/ECP/ecg-maya-hydra/ecg-maya-hydra-branch-preflight-python3-linux/ecg-maya-hydra/maya-hydra/lib/mayaHydra/hydraExtensions/mayaHydraLibInterface.h
[2023-11-23T16:25:04.725Z]     -- promoting: /home/S/jenkins/workspace/ECP/ecg-maya-hydra/ecg-maya-hydra-branch-preflight-python3-linux/ecg-maya-hydra/maya-hydra/lib/mayaHydra/hydraExtensions/mayaHydraLibInterfaceImp.h
[2023-11-23T16:25:04.725Z]     -- promoting: /home/S/jenkins/workspace/ECP/ecg-maya-hydra/ecg-maya-hydra-branch-preflight-python3-linux/ecg-maya-hydra/maya-hydra/lib/mayaHydra/hydraExtensions/mayaUtils.h
[2023-11-23T16:25:04.725Z]     -- promoting: /home/S/jenkins/workspace/ECP/ecg-maya-hydra/ecg-maya-hydra-branch-preflight-python3-linux/ecg-maya-hydra/maya-hydra/lib/mayaHydra/hydraExtensions/mixedUtils.h
[2023-11-23T16:25:04.725Z]     -- promoting: /home/S/jenkins/workspace/ECP/ecg-maya-hydra/ecg-maya-hydra-branch-preflight-python3-linux/ecg-maya-hydra/maya-hydra/lib/mayaHydra/hydraExtensions/mayaHydraSceneProducer.h
[2023-11-23T16:25:04.725Z]     -- promoting: /home/S/jenkins/workspace/ECP/ecg-maya-hydra/ecg-maya-hydra-branch-preflight-python3-linux/ecg-maya-hydra/maya-hydra/lib/mayaHydra/hydraExtensions/adapters/adapter.h
[2023-11-23T16:25:04.725Z]     -- promoting: /home/S/jenkins/workspace/ECP/ecg-maya-hydra/ecg-maya-hydra-branch-preflight-python3-linux/ecg-maya-hydra/maya-hydra/lib/mayaHydra/hydraExtensions/adapters/adapterDebugCodes.h
[2023-11-23T16:25:04.725Z]     -- promoting: /home/S/jenkins/workspace/ECP/ecg-maya-hydra/ecg-maya-hydra-branch-preflight-python3-linux/ecg-maya-hydra/maya-hydra/lib/mayaHydra/hydraExtensions/adapters/adapterRegistry.h
[2023-11-23T16:25:04.725Z]     -- promoting: /home/S/jenkins/workspace/ECP/ecg-maya-hydra/ecg-maya-hydra-branch-preflight-python3-linux/ecg-maya-hydra/maya-hydra/lib/mayaHydra/hydraExtensions/adapters/cameraAdapter.h
[2023-11-23T16:25:04.725Z]     -- promoting: /home/S/jenkins/workspace/ECP/ecg-maya-hydra/ecg-maya-hydra-branch-preflight-python3-linux/ecg-maya-hydra/maya-hydra/lib/mayaHydra/hydraExtensions/adapters/constantShadowMatrix.h
[2023-11-23T16:25:04.725Z]     -- promoting: /home/S/jenkins/workspace/ECP/ecg-maya-hydra/ecg-maya-hydra-branch-preflight-python3-linux/ecg-maya-hydra/maya-hydra/lib/mayaHydra/hydraExtensions/adapters/dagAdapter.h
[2023-11-23T16:25:04.725Z]     -- promoting: /home/S/jenkins/workspace/ECP/ecg-maya-hydra/ecg-maya-hydra-branch-preflight-python3-linux/ecg-maya-hydra/maya-hydra/lib/mayaHydra/hydraExtensions/adapters/renderItemAdapter.h
[2023-11-23T16:25:04.725Z]     -- promoting: /home/S/jenkins/workspace/ECP/ecg-maya-hydra/ecg-maya-hydra-branch-preflight-python3-linux/ecg-maya-hydra/maya-hydra/lib/mayaHydra/hydraExtensions/adapters/lightAdapter.h
[2023-11-23T16:25:04.725Z]     -- promoting: /home/S/jenkins/workspace/ECP/ecg-maya-hydra/ecg-maya-hydra-branch-preflight-python3-linux/ecg-maya-hydra/maya-hydra/lib/mayaHydra/hydraExtensions/adapters/materialAdapter.h
[2023-11-23T16:25:04.725Z]     -- promoting: /home/S/jenkins/workspace/ECP/ecg-maya-hydra/ecg-maya-hydra-branch-preflight-python3-linux/ecg-maya-hydra/maya-hydra/lib/mayaHydra/hydraExtensions/adapters/materialNetworkConverter.h
[2023-11-23T16:25:04.725Z]     -- promoting: /home/S/jenkins/workspace/ECP/ecg-maya-hydra/ecg-maya-hydra-branch-preflight-python3-linux/ecg-maya-hydra/maya-hydra/lib/mayaHydra/hydraExtensions/adapters/mayaAttrs.h
[2023-11-23T16:25:04.725Z]     -- promoting: /home/S/jenkins/workspace/ECP/ecg-maya-hydra/ecg-maya-hydra-branch-preflight-python3-linux/ecg-maya-hydra/maya-hydra/lib/mayaHydra/hydraExtensions/adapters/shapeAdapter.h
[2023-11-23T16:25:04.725Z]     -- promoting: /home/S/jenkins/workspace/ECP/ecg-maya-hydra/ecg-maya-hydra-branch-preflight-python3-linux/ecg-maya-hydra/maya-hydra/lib/mayaHydra/hydraExtensions/adapters/tokens.h
[2023-11-23T16:25:04.725Z]     -- promoting: /home/S/jenkins/workspace/ECP/ecg-maya-hydra/ecg-maya-hydra-branch-preflight-python3-linux/ecg-maya-hydra/maya-hydra/lib/mayaHydra/hydraExtensions/delegates/delegate.h
[2023-11-23T16:25:04.725Z]     -- promoting: /home/S/jenkins/workspace/ECP/ecg-maya-hydra/ecg-maya-hydra-branch-preflight-python3-linux/ecg-maya-hydra/maya-hydra/lib/mayaHydra/hydraExtensions/delegates/delegateCtx.h
[2023-11-23T16:25:04.725Z]     -- promoting: /home/S/jenkins/workspace/ECP/ecg-maya-hydra/ecg-maya-hydra-branch-preflight-python3-linux/ecg-maya-hydra/maya-hydra/lib/mayaHydra/hydraExtensions/delegates/delegateDebugCodes.h
[2023-11-23T16:25:04.725Z]     -- promoting: /home/S/jenkins/workspace/ECP/ecg-maya-hydra/ecg-maya-hydra-branch-preflight-python3-linux/ecg-maya-hydra/maya-hydra/lib/mayaHydra/hydraExtensions/delegates/delegateRegistry.h
[2023-11-23T16:25:04.725Z]     -- promoting: /home/S/jenkins/workspace/ECP/ecg-maya-hydra/ecg-maya-hydra-branch-preflight-python3-linux/ecg-maya-hydra/maya-hydra/lib/mayaHydra/hydraExtensions/delegates/params.h
[2023-11-23T16:25:04.725Z]     -- promoting: /home/S/jenkins/workspace/ECP/ecg-maya-hydra/ecg-maya-hydra-branch-preflight-python3-linux/ecg-maya-hydra/maya-hydra/lib/mayaHydra/hydraExtensions/delegates/sceneDelegate.h
[2023-11-23T16:25:04.725Z]     -- promoting: /home/S/jenkins/workspace/ECP/ecg-maya-hydra/ecg-maya-hydra-branch-preflight-python3-linux/ecg-maya-hydra/maya-hydra/lib/mayaHydra/hydraExtensions/delegates/defaultLightDelegate.h
[2023-11-23T16:25:04.725Z]     -- promoting: /home/S/jenkins/workspace/ECP/ecg-maya-hydra/ecg-maya-hydra-branch-preflight-python3-linux/ecg-maya-hydra/maya-hydra/lib/mayaHydra/hydraExtensions/delegates/testDelegate.h
[2023-11-23T16:25:04.725Z]     -- promoting: /home/S/jenkins/workspace/ECP/ecg-maya-hydra/ecg-maya-hydra-branch-preflight-python3-linux/ecg-maya-hydra/maya-hydra/lib/mayaHydra/hydraExtensions/sceneIndex/registration.h
[2023-11-23T16:25:04.725Z]     -- promoting: /home/S/jenkins/workspace/ECP/ecg-maya-hydra/ecg-maya-hydra-branch-preflight-python3-linux/ecg-maya-hydra/maya-hydra/lib/mayaHydra/hydraExtensions/sceneIndex/mayaHydraSceneIndex.h
[2023-11-23T16:25:04.725Z]     -- promoting: /home/S/jenkins/workspace/ECP/ecg-maya-hydra/ecg-maya-hydra-branch-preflight-python3-linux/ecg-maya-hydra/maya-hydra/lib/mayaHydra/hydraExtensions/sceneIndex/mayaHydraDataSource.h
[2023-11-23T16:25:04.725Z]     -- promoting: /home/S/jenkins/workspace/ECP/ecg-maya-hydra/ecg-maya-hydra-branch-preflight-python3-linux/ecg-maya-hydra/maya-hydra/lib/mayaHydra/hydraExtensions/sceneIndex/mayaHydraPrimvarDataSource.h
[2023-11-23T16:25:04.725Z]     -- promoting: /home/S/jenkins/workspace/ECP/ecg-maya-hydra/ecg-maya-hydra-branch-preflight-python3-linux/ecg-maya-hydra/maya-hydra/lib/mayaHydra/hydraExtensions/sceneIndex/mayaHydraDisplayStyleDataSource.h
[2023-11-23T16:25:04.725Z]     -- promoting: /home/S/jenkins/workspace/ECP/ecg-maya-hydra/ecg-maya-hydra-branch-preflight-python3-linux/ecg-maya-hydra/maya-hydra/lib/mayaHydra/hydraExtensions/sceneIndex/mayaHydraCameraDataSource.h
[2023-11-23T16:25:04.725Z]     -- promoting: /home/S/jenkins/workspace/ECP/ecg-maya-hydra/ecg-maya-hydra-branch-preflight-python3-linux/ecg-maya-hydra/maya-hydra/lib/mayaHydra/hydraExtensions/sceneIndex/mayaHydraLightDataSource.h
[2023-11-23T16:25:04.725Z]     -- promoting: /home/S/jenkins/workspace/ECP/ecg-maya-hydra/ecg-maya-hydra-branch-preflight-python3-linux/ecg-maya-hydra/maya-hydra/lib/mayaHydra/hydraExtensions/sceneIndex/mayaHydraDefaultLightDataSource.h
[2023-11-23T16:25:04.725Z]     -- promoting: /home/S/jenkins/workspace/ECP/ecg-maya-hydra/ecg-maya-hydra-branch-preflight-python3-linux/ecg-maya-hydra/maya-hydra/lib/mayaHydra/ufeExtensions/api.h
[2023-11-23T16:25:04.725Z]     -- promoting: /home/S/jenkins/workspace/ECP/ecg-maya-hydra/ecg-maya-hydra-branch-preflight-python3-linux/ecg-maya-hydra/maya-hydra/lib/mayaHydra/ufeExtensions/Global.h
[2023-11-23T16:25:04.725Z]     -- promoting: /home/S/jenkins/workspace/ECP/ecg-maya-hydra/ecg-maya-hydra-branch-preflight-python3-linux/ecg-maya-hydra/maya-hydra/lib/flowViewport/api.h
[2023-11-23T16:25:04.725Z]     -- promoting: /home/S/jenkins/workspace/ECP/ecg-maya-hydra/ecg-maya-hydra-branch-preflight-python3-linux/ecg-maya-hydra/maya-hydra/lib/flowViewport/debugCodes.h
[2023-11-23T16:25:04.725Z]     -- promoting: /home/S/jenkins/workspace/ECP/ecg-maya-hydra/ecg-maya-hydra-branch-preflight-python3-linux/ecg-maya-hydra/maya-hydra/lib/flowViewport/global.h
[2023-11-23T16:25:04.725Z]     -- promoting: /home/S/jenkins/workspace/ECP/ecg-maya-hydra/ecg-maya-hydra-branch-preflight-python3-linux/ecg-maya-hydra/maya-hydra/lib/flowViewport/tokens.h
[2023-11-23T16:25:04.725Z]     -- promoting: /home/S/jenkins/workspace/ECP/ecg-maya-hydra/ecg-maya-hydra-branch-preflight-python3-linux/ecg-maya-hydra/maya-hydra/lib/flowViewport/colorPreferences/fvpColorChanged.h
[2023-11-23T16:25:04.725Z]     -- promoting: /home/S/jenkins/workspace/ECP/ecg-maya-hydra/ecg-maya-hydra-branch-preflight-python3-linux/ecg-maya-hydra/maya-hydra/lib/flowViewport/colorPreferences/fvpColorPreferences.h
[2023-11-23T16:25:04.725Z]     -- promoting: /home/S/jenkins/workspace/ECP/ecg-maya-hydra/ecg-maya-hydra-branch-preflight-python3-linux/ecg-maya-hydra/maya-hydra/lib/flowViewport/colorPreferences/fvpColorPreferencesTokens.h
[2023-11-23T16:25:04.725Z]     -- promoting: /home/S/jenkins/workspace/ECP/ecg-maya-hydra/ecg-maya-hydra-branch-preflight-python3-linux/ecg-maya-hydra/maya-hydra/lib/flowViewport/colorPreferences/fvpColorPreferencesTranslator.h
[2023-11-23T16:25:04.725Z]     -- promoting: /home/S/jenkins/workspace/ECP/ecg-maya-hydra/ecg-maya-hydra-branch-preflight-python3-linux/ecg-maya-hydra/maya-hydra/lib/flowViewport/sceneIndex/fvpMergingSceneIndex.h
[2023-11-23T16:25:04.725Z]     -- promoting: /home/S/jenkins/workspace/ECP/ecg-maya-hydra/ecg-maya-hydra-branch-preflight-python3-linux/ecg-maya-hydra/maya-hydra/lib/flowViewport/sceneIndex/fvpPathInterface.h
[2023-11-23T16:25:04.725Z]     -- promoting: /home/S/jenkins/workspace/ECP/ecg-maya-hydra/ecg-maya-hydra-branch-preflight-python3-linux/ecg-maya-hydra/maya-hydra/lib/flowViewport/sceneIndex/fvpPathInterfaceSceneIndex.h
[2023-11-23T16:25:04.725Z]     -- promoting: /home/S/jenkins/workspace/ECP/ecg-maya-hydra/ecg-maya-hydra-branch-preflight-python3-linux/ecg-maya-hydra/maya-hydra/lib/flowViewport/sceneIndex/fvpRenderIndexProxy.h
[2023-11-23T16:25:04.725Z]     -- promoting: /home/S/jenkins/workspace/ECP/ecg-maya-hydra/ecg-maya-hydra-branch-preflight-python3-linux/ecg-maya-hydra/maya-hydra/lib/flowViewport/sceneIndex/fvpRenderIndexProxyFwd.h
[2023-11-23T16:25:04.725Z]     -- promoting: /home/S/jenkins/workspace/ECP/ecg-maya-hydra/ecg-maya-hydra-branch-preflight-python3-linux/ecg-maya-hydra/maya-hydra/lib/flowViewport/sceneIndex/fvpSelectionSceneIndex.h
[2023-11-23T16:25:04.725Z]     -- promoting: /home/S/jenkins/workspace/ECP/ecg-maya-hydra/ecg-maya-hydra-branch-preflight-python3-linux/ecg-maya-hydra/maya-hydra/lib/flowViewport/sceneIndex/fvpWireframeSelectionHighlightSceneIndex.h
[2023-11-23T16:25:04.725Z]     -- promoting: /home/S/jenkins/workspace/ECP/ecg-maya-hydra/ecg-maya-hydra-branch-preflight-python3-linux/ecg-maya-hydra/maya-hydra/lib/flowViewport/API/fvpSelectionClient.h
[2023-11-23T16:25:04.725Z]     -- promoting: /home/S/jenkins/workspace/ECP/ecg-maya-hydra/ecg-maya-hydra-branch-preflight-python3-linux/ecg-maya-hydra/maya-hydra/lib/flowViewport/API/fvpFlowSelectionInterface.h
[2023-11-23T16:25:04.726Z]     -- promoting: /home/S/jenkins/workspace/ECP/ecg-maya-hydra/ecg-maya-hydra-branch-preflight-python3-linux/ecg-maya-hydra/maya-hydra/lib/flowViewport/API/fvpVersionInterface.h
[2023-11-23T16:25:04.726Z]     -- promoting: /home/S/jenkins/workspace/ECP/ecg-maya-hydra/ecg-maya-hydra-branch-preflight-python3-linux/ecg-maya-hydra/maya-hydra/lib/flowViewport/API/fvpInformationInterface.h
[2023-11-23T16:25:04.726Z]     -- promoting: /home/S/jenkins/workspace/ECP/ecg-maya-hydra/ecg-maya-hydra-branch-preflight-python3-linux/ecg-maya-hydra/maya-hydra/lib/flowViewport/API/fvpInformationClient.h
[2023-11-23T16:25:04.726Z]     -- promoting: /home/S/jenkins/workspace/ECP/ecg-maya-hydra/ecg-maya-hydra-branch-preflight-python3-linux/ecg-maya-hydra/maya-hydra/lib/flowViewport/API/interfacesImp/fvpSelectionInterfaceImp.h
[2023-11-23T16:25:04.726Z]     -- promoting: /home/S/jenkins/workspace/ECP/ecg-maya-hydra/ecg-maya-hydra-branch-preflight-python3-linux/ecg-maya-hydra/maya-hydra/lib/flowViewport/API/interfacesImp/fvpVersionInterfaceImp.h
[2023-11-23T16:25:04.726Z]     -- promoting: /home/S/jenkins/workspace/ECP/ecg-maya-hydra/ecg-maya-hydra-branch-preflight-python3-linux/ecg-maya-hydra/maya-hydra/lib/flowViewport/API/interfacesImp/fvpInformationInterfaceImp.h
[2023-11-23T16:25:04.726Z]     -- promoting: /home/S/jenkins/workspace/ECP/ecg-maya-hydra/ecg-maya-hydra-branch-preflight-python3-linux/ecg-maya-hydra/maya-hydra/lib/flowViewport/API/samples/fvpSelectionClientExample.h
[2023-11-23T16:25:04.726Z]     -- promoting: /home/S/jenkins/workspace/ECP/ecg-maya-hydra/ecg-maya-hydra-branch-preflight-python3-linux/ecg-maya-hydra/maya-hydra/lib/flowViewport/API/samples/fvpInformationClientExample.h
[2023-11-23T16:25:04.726Z]     -- promoting: /home/S/jenkins/workspace/ECP/ecg-maya-hydra/ecg-maya-hydra-branch-preflight-python3-linux/ecg-maya-hydra/maya-hydra/lib/flowViewport/API/perViewportSceneIndicesData/fvpViewportInformationAndSceneIndicesPerViewportData.h
[2023-11-23T16:25:04.726Z]     -- promoting: /home/S/jenkins/workspace/ECP/ecg-maya-hydra/ecg-maya-hydra-branch-preflight-python3-linux/ecg-maya-hydra/maya-hydra/lib/flowViewport/API/perViewportSceneIndicesData/fvpViewportInformationAndSceneIndicesPerViewportDataManager.h
[2023-11-23T16:25:04.726Z]     -- promoting: /home/S/jenkins/workspace/ECP/ecg-maya-hydra/ecg-maya-hydra-branch-preflight-python3-linux/ecg-maya-hydra/maya-hydra/lib/flowViewport/selection/fvpSelection.h
[2023-11-23T16:25:04.726Z]     -- promoting: /home/S/jenkins/workspace/ECP/ecg-maya-hydra/ecg-maya-hydra-branch-preflight-python3-linux/ecg-maya-hydra/maya-hydra/lib/flowViewport/selection/fvpSelectionFwd.h
[2023-11-23T16:25:04.726Z]     -- promoting: /home/S/jenkins/workspace/ECP/ecg-maya-hydra/ecg-maya-hydra-branch-preflight-python3-linux/ecg-maya-hydra/maya-hydra/lib/flowViewport/selection/fvpSelectionTask.h
[2023-11-23T16:25:04.726Z]     -- promoting: /home/S/jenkins/workspace/ECP/ecg-maya-hydra/ecg-maya-hydra-branch-preflight-python3-linux/ecg-maya-hydra/maya-hydra/lib/flowViewport/selection/fvpSelectionTracker.h
[2023-11-23T16:25:05.267Z]     -- Configuring done
[2023-11-23T16:25:05.267Z]     -- Generating done
[2023-11-23T16:25:05.267Z]     -- Build files have been written to: /home/S/jenkins/workspace/ECP/ecg-maya-hydra/ecg-maya-hydra-branch-preflight-python3-linux/build/Debug
[2023-11-23T16:25:05.267Z]     
[2023-11-23T16:25:05.267Z]         Building with settings:
[2023-11-23T16:25:05.267Z]           Source directory          /home/S/jenkins/workspace/ECP/ecg-maya-hydra/ecg-maya-hydra-branch-preflight-python3-linux/ecg-maya-hydra/maya-hydra
[2023-11-23T16:25:05.267Z]           Workspace directory       /local/S/jenkins/workspace/ECP/ecg-maya-hydra/ecg-maya-hydra-branch-preflight-python3-linux
[2023-11-23T16:25:05.267Z]           Build directory           /local/S/jenkins/workspace/ECP/ecg-maya-hydra/ecg-maya-hydra-branch-preflight-python3-linux/build/Debug
[2023-11-23T16:25:05.267Z]           Install directory         /local/S/jenkins/workspace/ECP/ecg-maya-hydra/ecg-maya-hydra-branch-preflight-python3-linux/install/Debug/MayaHydra
[2023-11-23T16:25:05.267Z]           Variant                   Debug
[2023-11-23T16:25:05.267Z]           Python Debug              On
[2023-11-23T16:25:05.267Z]           CMake generator           Ninja
[2023-11-23T16:25:05.267Z]           Build arguments           ['-DCMAKE_MAKE_PROGRAM=/local/S/jenkins/workspace/shared/Artifactory/Linux/ninja/1.10.2/9ab399b/ninja', '-DPYTHON_INCLUDE_DIR=/local/S/jenkins/workspace/shared/Artifactory/Linux/rundev-master-debug/202311220725/runtime/79eb375/runTime/include/Python311/Python', '-DPython_EXECUTABLE=/local/S/jenkins/workspace/shared/Artifactory/Linux/rundev-master-debug/202311220725/runtime/79eb375/runTime/bin/mayapy', '-DPYTHON_LIBRARIES=/local/S/jenkins/workspace/shared/Artifactory/Linux/rundev-master-debug/202311220725/runtime/79eb375/runTime/lib/libpython3.11d.so.1.0', '-DBUILD_WITH_PYTHON_3_VERSION=3.11', '-DCMAKE_WANT_MATERIALX_BUILD=ON', '-DCMAKE_PREFIX_PATH=/local/S/jenkins/workspace/shared/Artifactory/Linux/USD/e5ad5df', '-DMAYAHYDRA_BUILD_NUMBER=414', '-DMAYAHYDRA_GIT_COMMIT=a6160e671d724cbd23348caec6efe576ee214353', '-DMAYAHYDRA_GIT_BRANCH=master']
[2023-11-23T16:25:05.267Z]           Stages arguments          ['configure']
[2023-11-23T16:25:05.267Z]           CTest arguments           ['--parallel 16']
[2023-11-23T16:25:05.267Z]     STATUS: Found Maya Qt headers in: /local/S/jenkins/workspace/shared/Artifactory/Linux/rundev-master-debug/202311220725/runtime/79eb375/devkitBase
[2023-11-23T16:25:05.267Z]     Success MayaHydra build and install !!!!
[2023-11-23T16:25:05.267Z]     Elapsed time: 00:00:09
[Pipeline] sh
[2023-11-23T16:25:06.921Z] + scl enable gcc-toolset-11 -
[2023-11-23T16:25:06.921Z] + '[' enable = load -o enable = unload ']'
[2023-11-23T16:25:06.921Z] + /usr/bin/scl enable gcc-toolset-11 -
[2023-11-23T16:25:06.921Z] python ecg-maya-hydra/build.py --stages=configure --workspace-dir=/local/S/jenkins/workspace/ECP/ecg-maya-hydra/ecg-maya-hydra-branch-preflight-python3-linux --artifactory-dir=/local/S/jenkins/workspace/shared/Artifactory --build-dir=/local/S/jenkins/workspace/ECP/ecg-maya-hydra/ecg-maya-hydra-branch-preflight-python3-linux/build --install-dir=/local/S/jenkins/workspace/ECP/ecg-maya-hydra/ecg-maya-hydra-branch-preflight-python3-linux/install --signing-dir=/local/S/jenkins/workspace/ECP/ecg-maya-hydra/ecg-maya-hydra-branch-preflight-python3-linux/signing --package-dir=/local/S/jenkins/workspace/ECP/ecg-maya-hydra/ecg-maya-hydra-branch-preflight-python3-linux/package --output-dir=/local/S/jenkins/workspace/ECP/ecg-maya-hydra/ecg-maya-hydra-branch-preflight-python3-linux/output --stash-dir=/local/S/jenkins/workspace/ECP/ecg-maya-hydra/ecg-maya-hydra-branch-preflight-python3-linux/stash --jenkins-build=414 --git-commit=a6160e671d724cbd23348caec6efe576ee214353 --git-branch=master --variants=RelWithDebInfo --interactive-tests=true --post-zips=false --osx-binary-architecture-target=ub2 --osx-deployment-target=11.0 --osx-base-sdk=CurrentActiveSDK --maya-cut-config=maya-rundev-master.yaml --maya-package=rundev-master --stage-banner
[2023-11-23T16:25:06.921Z] Using Maya cut from /local/S/jenkins/workspace/shared/Artifactory/Linux/rundev-master/202311221838/runtime/51417e5
[2023-11-23T16:25:06.921Z] 
[2023-11-23T16:25:06.921Z] ================================================================================
[2023-11-23T16:25:06.921Z]                            configure (RelWithDebInfo)
[2023-11-23T16:25:06.921Z] ================================================================================
[2023-11-23T16:25:06.921Z] Maya Python RelWithDebInfo Info:
[2023-11-23T16:25:06.921Z]   mayapy executable   = /local/S/jenkins/workspace/shared/Artifactory/Linux/rundev-master/202311221838/runtime/51417e5/runTime/bin/mayapy
[2023-11-23T16:25:06.921Z]   Include Folder      = /local/S/jenkins/workspace/shared/Artifactory/Linux/rundev-master/202311221838/runtime/51417e5/runTime/include/Python311/Python
[2023-11-23T16:25:06.921Z]   Library             = /local/S/jenkins/workspace/shared/Artifactory/Linux/rundev-master/202311221838/runtime/51417e5/runTime/lib/libpython3.11.so.1.0
[2023-11-23T16:25:06.921Z]   site-package Folder = /local/S/jenkins/workspace/shared/Artifactory/Linux/rundev-master/202311221838/runtime/51417e5/runTime/lib/python3.11/site-packages
[2023-11-23T16:25:06.921Z] In workdir: /home/S/jenkins/workspace/ECP/ecg-maya-hydra/ecg-maya-hydra-branch-preflight-python3-linux/ecg-maya-hydra/maya-hydra
[2023-11-23T16:25:06.921Z] Executing: /local/S/jenkins/workspace/shared/Artifactory/Linux/rundev-master/202311221838/runtime/51417e5/runTime/bin/mayapy /home/S/jenkins/workspace/ECP/ecg-maya-hydra/ecg-maya-hydra-branch-preflight-python3-linux/ecg-maya-hydra/maya-hydra/build.py --generator Ninja --build-relwithdebug --maya-location /local/S/jenkins/workspace/shared/Artifactory/Linux/rundev-master/202311221838/runtime/51417e5/runTime --devkit-location /local/S/jenkins/workspace/shared/Artifactory/Linux/rundev-master/202311221838/runtime/51417e5/devkitBase --pxrusd-location /local/S/jenkins/workspace/shared/Artifactory/Linux/USD/1a43c47 --build-args=-DCMAKE_MAKE_PROGRAM=/local/S/jenkins/workspace/shared/Artifactory/Linux/ninja/1.10.2/9ab399b/ninja,-DPYTHON_INCLUDE_DIR=/local/S/jenkins/workspace/shared/Artifactory/Linux/rundev-master/202311221838/runtime/51417e5/runTime/include/Python311/Python,-DPython_EXECUTABLE=/local/S/jenkins/workspace/shared/Artifactory/Linux/rundev-master/202311221838/runtime/51417e5/runTime/bin/mayapy,-DPYTHON_LIBRARIES=/local/S/jenkins/workspace/shared/Artifactory/Linux/rundev-master/202311221838/runtime/51417e5/runTime/lib/libpython3.11.so.1.0,-DBUILD_WITH_PYTHON_3_VERSION=3.11,-DCMAKE_WANT_MATERIALX_BUILD=ON,-DCMAKE_PREFIX_PATH=/local/S/jenkins/workspace/shared/Artifactory/Linux/USD/1a43c47,-DMAYAHYDRA_BUILD_NUMBER=414,-DMAYAHYDRA_GIT_COMMIT=a6160e671d724cbd23348caec6efe576ee214353,-DMAYAHYDRA_GIT_BRANCH=master '--ctest-args=--parallel 16' --stages=configure --redirect-outstream-file=False --install-location /local/S/jenkins/workspace/ECP/ecg-maya-hydra/ecg-maya-hydra-branch-preflight-python3-linux/install/RelWithDebInfo/MayaHydra /local/S/jenkins/workspace/ECP/ecg-maya-hydra/ecg-maya-hydra-branch-preflight-python3-linux
[2023-11-23T16:25:06.921Z] Modified environment variables:
[2023-11-23T16:25:06.921Z]     LD_LIBRARY_PATH=/opt/rh/gcc-toolset-11/root/usr/lib64:/opt/rh/gcc-toolset-11/root/usr/lib64:/opt/rh/gcc-toolset-11/root/usr/lib:/opt/rh/gcc-toolset-11/root/usr/lib64/dyninst:/opt/rh/gcc-toolset-11/root/usr/lib/dyninst
[2023-11-23T16:25:06.921Z]     PATH=/local/S/jenkins/workspace/shared/Artifactory/Linux/cmake/3.20.3/ab685d7/bin:/opt/rh/gcc-toolset-11/root/usr/bin:/home/administrator/.local/bin:/home/administrator/bin:/usr/share/Modules/bin:/usr/local/bin:/usr/local/sbin:/usr/bin:/usr/sbin
[2023-11-23T16:25:07.463Z]     -- The C compiler identification is GNU 11.2.1
[2023-11-23T16:25:07.463Z]     -- The CXX compiler identification is GNU 11.2.1
[2023-11-23T16:25:07.463Z]     -- Detecting C compiler ABI info
[2023-11-23T16:25:07.463Z]     -- Detecting C compiler ABI info - done
[2023-11-23T16:25:07.463Z]     -- Check for working C compiler: /opt/rh/gcc-toolset-11/root/usr/bin/cc - skipped
[2023-11-23T16:25:07.463Z]     -- Detecting C compile features
[2023-11-23T16:25:07.463Z]     -- Detecting C compile features - done
[2023-11-23T16:25:07.463Z]     -- Detecting CXX compiler ABI info
[2023-11-23T16:25:07.463Z]     -- Detecting CXX compiler ABI info - done
[2023-11-23T16:25:07.463Z]     -- Check for working CXX compiler: /opt/rh/gcc-toolset-11/root/usr/bin/c++ - skipped
[2023-11-23T16:25:07.463Z]     -- Detecting CXX compile features
[2023-11-23T16:25:07.463Z]     -- Detecting CXX compile features - done
[2023-11-23T16:25:08.005Z]     -- Using Maya Light API Version 3
[2023-11-23T16:25:08.006Z]     -- Maya has setDefaultMaterialHandling API
[2023-11-23T16:25:08.006Z]     -- Maya has new point snapping API
[2023-11-23T16:25:08.006Z]     -- Maya has isInCrashHandler API
[2023-11-23T16:25:08.006Z]     -- Maya has getDisplayStyleOfAllViewports API
[2023-11-23T16:25:08.006Z]     -- Maya array iterator has difference_type trait
[2023-11-23T16:25:08.006Z]     -- MFnSet has getMemberPaths function
[2023-11-23T16:25:08.006Z]     -- MFnDisplayLayer exists
[2023-11-23T16:25:08.006Z]     -- MDisplayLayerMessage has MDisplayLayerMemberChangedFunction
[2023-11-23T16:25:08.006Z]     -- MRenderItem has HideOnPlayback API
[2023-11-23T16:25:08.006Z]     -- Linux: Maya was built with new cxx11 ABI
[2023-11-23T16:25:08.006Z]     -- Found Maya: /local/S/jenkins/workspace/shared/Artifactory/Linux/rundev-master/202311221838/runtime/51417e5/runTime/bin/maya (found suitable version "2025", minimum required is "2024")
[2023-11-23T16:25:08.548Z]     -- Found Python: /local/S/jenkins/workspace/shared/Artifactory/Linux/rundev-master/202311221838/runtime/51417e5/runTime/bin/mayapy (found suitable exact version "3.11.4") found components: Interpreter
[2023-11-23T16:25:08.548Z]     -- Build mayaHydra with Python3 = 3.11
[2023-11-23T16:25:08.548Z]     --    PYTHON_INCLUDE_DIRS = /local/S/jenkins/workspace/shared/Artifactory/Linux/rundev-master/202311221838/runtime/51417e5/runTime/include/Python311/Python
[2023-11-23T16:25:08.548Z]     --    PYTHON_LIBRARIES    = /local/S/jenkins/workspace/shared/Artifactory/Linux/rundev-master/202311221838/runtime/51417e5/runTime/lib/libpython3.11.so.1.0
[2023-11-23T16:25:08.548Z]     --    Python_EXECUTABLE   = /local/S/jenkins/workspace/shared/Artifactory/Linux/rundev-master/202311221838/runtime/51417e5/runTime/bin/mayapy
[2023-11-23T16:25:08.548Z]     -- Found Python3: /local/S/jenkins/workspace/shared/Artifactory/Linux/rundev-master/202311221838/runtime/51417e5/runTime/include/Python311/Python (found suitable exact version "3.11.4") found components: Development Development.Module Development.Embed
[2023-11-23T16:25:08.548Z]     -- USD has new Sdr.PropertyTypes.Color4
[2023-11-23T16:25:09.089Z]     -- USD has MaterialX metadata support
[2023-11-23T16:25:09.089Z]     -- USD include dir: /local/S/jenkins/workspace/shared/Artifactory/Linux/USD/1a43c47/include
[2023-11-23T16:25:09.089Z]     -- USD library dir: /local/S/jenkins/workspace/shared/Artifactory/Linux/USD/1a43c47/lib
[2023-11-23T16:25:09.089Z]     -- USD version: 0.23.11
[2023-11-23T16:25:09.089Z]     -- Found USD: /local/S/jenkins/workspace/shared/Artifactory/Linux/USD/1a43c47 (found suitable version "0.23.11", minimum required is "0.22.11")
[2023-11-23T16:25:09.089Z]     Updated PYTHONPATH: /local/S/jenkins/workspace/shared/Artifactory/Linux/USD/1a43c47/lib/python
[2023-11-23T16:25:09.089Z]     -- Found UFE: /local/S/jenkins/workspace/shared/Artifactory/Linux/rundev-master/202311221838/runtime/51417e5/devkitBase/devkit/ufe/include (found version "0.5.13")
[2023-11-23T16:25:09.089Z]     -- UFE include dir: /local/S/jenkins/workspace/shared/Artifactory/Linux/rundev-master/202311221838/runtime/51417e5/devkitBase/devkit/ufe/include
[2023-11-23T16:25:09.089Z]     -- UFE library: /local/S/jenkins/workspace/shared/Artifactory/Linux/rundev-master/202311221838/runtime/51417e5/devkitBase/devkit/ufe/lib/libufe_0.so
[2023-11-23T16:25:09.089Z]     -- UFE version: 0.5.13
[2023-11-23T16:25:09.089Z]     -- Maya has UFE lights API
[2023-11-23T16:25:09.089Z]     -- Maya has UFE scene segment API
[2023-11-23T16:25:09.089Z]     -- Maya has UFE TrieNode childrenComponents accessor
[2023-11-23T16:25:09.089Z]     -- Building with UFE 0.5.13.
[2023-11-23T16:25:09.089Z]     -- Found MaterialX
[2023-11-23T16:25:09.629Z]     -- Check if compiler accepts -pthread
[2023-11-23T16:25:09.629Z]     -- Check if compiler accepts -pthread - yes
[2023-11-23T16:25:09.629Z]     -- Performing Test HAVE_STDATOMIC
[2023-11-23T16:25:09.629Z]     -- Performing Test HAVE_STDATOMIC - Success
[2023-11-23T16:25:09.629Z]     -- Found OpenGL: /usr/lib64/libOpenGL.so
[2023-11-23T16:25:09.629Z]     -- Check if linker can resolve circular dependencies - FALSE
[2023-11-23T16:25:09.629Z]     -- Found Qt 6.5.3 in Maya devkit. Hydra Scene Browser will be built.
[2023-11-23T16:25:09.629Z]     -- **** Building Gulrak From Github Repository.
[2023-11-23T16:25:09.629Z]     -- Populating gulrak
[2023-11-23T16:25:09.629Z]     -- Configuring done
[2023-11-23T16:25:09.629Z]     -- Generating done
[2023-11-23T16:25:09.629Z]     -- Build files have been written to: /home/S/jenkins/workspace/ECP/ecg-maya-hydra/ecg-maya-hydra-branch-preflight-python3-linux/build/RelWithDebInfo/_deps/gulrak-subbuild
[2023-11-23T16:25:09.629Z]     [1/9] Creating directories for 'gulrak-populate'
[2023-11-23T16:25:09.629Z]     [1/9] Performing download step (git clone) for 'gulrak-populate'
[2023-11-23T16:25:09.629Z]     Cloning into 'gulrak-src'...
[2023-11-23T16:25:10.171Z]     HEAD is now at 4e21ab3 Version bump and updated readme.
[2023-11-23T16:25:10.171Z]     [2/9] Performing update step for 'gulrak-populate'
[2023-11-23T16:25:10.171Z]     [4/9] No patch step for 'gulrak-populate'
[2023-11-23T16:25:10.171Z]     [5/9] No configure step for 'gulrak-populate'
[2023-11-23T16:25:10.171Z]     [6/9] No build step for 'gulrak-populate'
[2023-11-23T16:25:10.171Z]     [7/9] No install step for 'gulrak-populate'
[2023-11-23T16:25:10.171Z]     [8/9] No test step for 'gulrak-populate'
[2023-11-23T16:25:10.171Z]     [9/9] Completed 'gulrak-populate'
[2023-11-23T16:25:10.171Z]     -- ========== Installing GoogleTest... ==========
[2023-11-23T16:25:10.171Z]     -- Configuring done
[2023-11-23T16:25:10.171Z]     -- Generating done
[2023-11-23T16:25:11.337Z]     -- Build files have been written to: /home/S/jenkins/workspace/ECP/ecg-maya-hydra/ecg-maya-hydra-branch-preflight-python3-linux/build/RelWithDebInfo/googletest-config
[2023-11-23T16:25:11.337Z]     [1/8] Creating directories for 'googletest'
[2023-11-23T16:25:11.878Z]     [2/8] Performing download step (git clone) for 'googletest'
[2023-11-23T16:25:11.878Z]     Cloning into 'googletest-src'...
[2023-11-23T16:25:11.878Z]     HEAD is now at 703bd9ca Googletest export
[2023-11-23T16:25:11.878Z]     [3/8] Performing update step for 'googletest'
[2023-11-23T16:25:11.878Z]     [4/8] No patch step for 'googletest'
[2023-11-23T16:25:12.419Z]     [5/8] Performing configure step for 'googletest'
[2023-11-23T16:25:12.419Z]     Not searching for unused variables given on the command line.
[2023-11-23T16:25:12.419Z]     CMake Deprecation Warning at CMakeLists.txt:4 (cmake_minimum_required):
[2023-11-23T16:25:12.419Z]       Compatibility with CMake < 2.8.12 will be removed from a future version of
[2023-11-23T16:25:12.419Z]       CMake.
[2023-11-23T16:25:12.419Z]     
[2023-11-23T16:25:12.419Z]       Update the VERSION argument <min> value or use a ...<max> suffix to tell
[2023-11-23T16:25:12.419Z]       CMake that the project does not need compatibility with older versions.
[2023-11-23T16:25:12.419Z]     
[2023-11-23T16:25:12.419Z]     
[2023-11-23T16:25:12.419Z]     -- The C compiler identification is GNU 11.2.1
[2023-11-23T16:25:12.419Z]     -- The CXX compiler identification is GNU 11.2.1
[2023-11-23T16:25:12.419Z]     -- Detecting C compiler ABI info
[2023-11-23T16:25:12.419Z]     -- Detecting C compiler ABI info - done
[2023-11-23T16:25:12.419Z]     -- Check for working C compiler: /opt/rh/gcc-toolset-11/root/usr/bin/cc - skipped
[2023-11-23T16:25:12.419Z]     -- Detecting C compile features
[2023-11-23T16:25:12.419Z]     -- Detecting C compile features - done
[2023-11-23T16:25:12.419Z]     -- Detecting CXX compiler ABI info
[2023-11-23T16:25:12.419Z]     -- Detecting CXX compiler ABI info - done
[2023-11-23T16:25:12.419Z]     -- Check for working CXX compiler: /opt/rh/gcc-toolset-11/root/usr/bin/c++ - skipped
[2023-11-23T16:25:12.419Z]     -- Detecting CXX compile features
[2023-11-23T16:25:12.419Z]     -- Detecting CXX compile features - done
[2023-11-23T16:25:12.419Z]     CMake Deprecation Warning at googletest/CMakeLists.txt:56 (cmake_minimum_required):
[2023-11-23T16:25:12.419Z]       Compatibility with CMake < 2.8.12 will be removed from a future version of
[2023-11-23T16:25:12.419Z]       CMake.
[2023-11-23T16:25:12.419Z]     
[2023-11-23T16:25:12.419Z]       Update the VERSION argument <min> value or use a ...<max> suffix to tell
[2023-11-23T16:25:12.419Z]       CMake that the project does not need compatibility with older versions.
[2023-11-23T16:25:12.419Z]     
[2023-11-23T16:25:12.419Z]     
[2023-11-23T16:25:12.419Z]     -- Found PythonInterp: /usr/local/bin/python (found version "3.9.7")
[2023-11-23T16:25:12.419Z]     -- Looking for pthread.h
[2023-11-23T16:25:12.419Z]     -- Looking for pthread.h - found
[2023-11-23T16:25:12.419Z]     -- Performing Test CMAKE_HAVE_LIBC_PTHREAD
[2023-11-23T16:25:12.419Z]     -- Performing Test CMAKE_HAVE_LIBC_PTHREAD - Failed
[2023-11-23T16:25:12.419Z]     -- Looking for pthread_create in pthreads
[2023-11-23T16:25:12.419Z]     -- Looking for pthread_create in pthreads - not found
[2023-11-23T16:25:12.419Z]     -- Looking for pthread_create in pthread
[2023-11-23T16:25:12.419Z]     -- Looking for pthread_create in pthread - found
[2023-11-23T16:25:12.419Z]     -- Found Threads: TRUE
[2023-11-23T16:25:12.419Z]     -- Configuring done
[2023-11-23T16:25:12.419Z]     -- Generating done
[2023-11-23T16:25:12.419Z]     -- Build files have been written to: /home/S/jenkins/workspace/ECP/ecg-maya-hydra/ecg-maya-hydra-branch-preflight-python3-linux/build/RelWithDebInfo/googletest-build
[2023-11-23T16:25:22.070Z]     [6/8] Performing build step for 'googletest'
[2023-11-23T16:25:22.070Z]     [1/4] Building CXX object googletest/CMakeFiles/gtest_main.dir/src/gtest_main.cc.o
[2023-11-23T16:25:22.070Z]     [2/4] Building CXX object googletest/CMakeFiles/gtest.dir/src/gtest-all.cc.o
[2023-11-23T16:25:22.070Z]     [3/4] Linking CXX shared library lib/libgtest.so
[2023-11-23T16:25:22.070Z]     [4/4] Linking CXX shared library lib/libgtest_main.so
[2023-11-23T16:25:22.070Z]     [7/8] Performing install step for 'googletest'
[2023-11-23T16:25:22.070Z]     [0/1] Install the project...
[2023-11-23T16:25:22.070Z]     -- Install configuration: "RelWithDebInfo"
[2023-11-23T16:25:22.070Z]     -- Set runtime path of "/home/S/jenkins/workspace/ECP/ecg-maya-hydra/ecg-maya-hydra-branch-preflight-python3-linux/build/RelWithDebInfo/googletest-install/lib64/libgtest_main.so" to ""
[2023-11-23T16:25:22.070Z]     [8/8] Completed 'googletest'
[2023-11-23T16:25:22.070Z]     -- ========== ...  GoogleTest installed. ==========
[2023-11-23T16:25:22.682Z]     -- Found GTest: /home/S/jenkins/workspace/ECP/ecg-maya-hydra/ecg-maya-hydra-branch-preflight-python3-linux/build/RelWithDebInfo/googletest-install/lib64/libgtest.so
[2023-11-23T16:25:22.682Z]     -- promoting: /home/S/jenkins/workspace/ECP/ecg-maya-hydra/ecg-maya-hydra-branch-preflight-python3-linux/ecg-maya-hydra/maya-hydra/lib/mayaHydra/mayaPlugin/pluginUtils.h
[2023-11-23T16:25:22.682Z]     -- promoting: /home/S/jenkins/workspace/ECP/ecg-maya-hydra/ecg-maya-hydra-branch-preflight-python3-linux/ecg-maya-hydra/maya-hydra/lib/mayaHydra/hydraExtensions/api.h
[2023-11-23T16:25:22.682Z]     -- promoting: /home/S/jenkins/workspace/ECP/ecg-maya-hydra/ecg-maya-hydra-branch-preflight-python3-linux/ecg-maya-hydra/maya-hydra/lib/mayaHydra/hydraExtensions/debugCodes.h
[2023-11-23T16:25:22.682Z]     -- promoting: /home/S/jenkins/workspace/ECP/ecg-maya-hydra/ecg-maya-hydra-branch-preflight-python3-linux/ecg-maya-hydra/maya-hydra/lib/mayaHydra/hydraExtensions/hydraUtils.h
[2023-11-23T16:25:22.682Z]     -- promoting: /home/S/jenkins/workspace/ECP/ecg-maya-hydra/ecg-maya-hydra-branch-preflight-python3-linux/ecg-maya-hydra/maya-hydra/lib/mayaHydra/hydraExtensions/mayaHydraLibInterface.h
[2023-11-23T16:25:22.682Z]     -- promoting: /home/S/jenkins/workspace/ECP/ecg-maya-hydra/ecg-maya-hydra-branch-preflight-python3-linux/ecg-maya-hydra/maya-hydra/lib/mayaHydra/hydraExtensions/mayaHydraLibInterfaceImp.h
[2023-11-23T16:25:22.682Z]     -- promoting: /home/S/jenkins/workspace/ECP/ecg-maya-hydra/ecg-maya-hydra-branch-preflight-python3-linux/ecg-maya-hydra/maya-hydra/lib/mayaHydra/hydraExtensions/mayaUtils.h
[2023-11-23T16:25:22.682Z]     -- promoting: /home/S/jenkins/workspace/ECP/ecg-maya-hydra/ecg-maya-hydra-branch-preflight-python3-linux/ecg-maya-hydra/maya-hydra/lib/mayaHydra/hydraExtensions/mixedUtils.h
[2023-11-23T16:25:22.682Z]     -- promoting: /home/S/jenkins/workspace/ECP/ecg-maya-hydra/ecg-maya-hydra-branch-preflight-python3-linux/ecg-maya-hydra/maya-hydra/lib/mayaHydra/hydraExtensions/mayaHydraSceneProducer.h
[2023-11-23T16:25:22.682Z]     -- promoting: /home/S/jenkins/workspace/ECP/ecg-maya-hydra/ecg-maya-hydra-branch-preflight-python3-linux/ecg-maya-hydra/maya-hydra/lib/mayaHydra/hydraExtensions/adapters/adapter.h
[2023-11-23T16:25:22.682Z]     -- promoting: /home/S/jenkins/workspace/ECP/ecg-maya-hydra/ecg-maya-hydra-branch-preflight-python3-linux/ecg-maya-hydra/maya-hydra/lib/mayaHydra/hydraExtensions/adapters/adapterDebugCodes.h
[2023-11-23T16:25:22.682Z]     -- promoting: /home/S/jenkins/workspace/ECP/ecg-maya-hydra/ecg-maya-hydra-branch-preflight-python3-linux/ecg-maya-hydra/maya-hydra/lib/mayaHydra/hydraExtensions/adapters/adapterRegistry.h
[2023-11-23T16:25:22.682Z]     -- promoting: /home/S/jenkins/workspace/ECP/ecg-maya-hydra/ecg-maya-hydra-branch-preflight-python3-linux/ecg-maya-hydra/maya-hydra/lib/mayaHydra/hydraExtensions/adapters/cameraAdapter.h
[2023-11-23T16:25:22.682Z]     -- promoting: /home/S/jenkins/workspace/ECP/ecg-maya-hydra/ecg-maya-hydra-branch-preflight-python3-linux/ecg-maya-hydra/maya-hydra/lib/mayaHydra/hydraExtensions/adapters/constantShadowMatrix.h
[2023-11-23T16:25:22.682Z]     -- promoting: /home/S/jenkins/workspace/ECP/ecg-maya-hydra/ecg-maya-hydra-branch-preflight-python3-linux/ecg-maya-hydra/maya-hydra/lib/mayaHydra/hydraExtensions/adapters/dagAdapter.h
[2023-11-23T16:25:22.682Z]     -- promoting: /home/S/jenkins/workspace/ECP/ecg-maya-hydra/ecg-maya-hydra-branch-preflight-python3-linux/ecg-maya-hydra/maya-hydra/lib/mayaHydra/hydraExtensions/adapters/renderItemAdapter.h
[2023-11-23T16:25:22.682Z]     -- promoting: /home/S/jenkins/workspace/ECP/ecg-maya-hydra/ecg-maya-hydra-branch-preflight-python3-linux/ecg-maya-hydra/maya-hydra/lib/mayaHydra/hydraExtensions/adapters/lightAdapter.h
[2023-11-23T16:25:22.682Z]     -- promoting: /home/S/jenkins/workspace/ECP/ecg-maya-hydra/ecg-maya-hydra-branch-preflight-python3-linux/ecg-maya-hydra/maya-hydra/lib/mayaHydra/hydraExtensions/adapters/materialAdapter.h
[2023-11-23T16:25:22.682Z]     -- promoting: /home/S/jenkins/workspace/ECP/ecg-maya-hydra/ecg-maya-hydra-branch-preflight-python3-linux/ecg-maya-hydra/maya-hydra/lib/mayaHydra/hydraExtensions/adapters/materialNetworkConverter.h
[2023-11-23T16:25:22.682Z]     -- promoting: /home/S/jenkins/workspace/ECP/ecg-maya-hydra/ecg-maya-hydra-branch-preflight-python3-linux/ecg-maya-hydra/maya-hydra/lib/mayaHydra/hydraExtensions/adapters/mayaAttrs.h
[2023-11-23T16:25:22.682Z]     -- promoting: /home/S/jenkins/workspace/ECP/ecg-maya-hydra/ecg-maya-hydra-branch-preflight-python3-linux/ecg-maya-hydra/maya-hydra/lib/mayaHydra/hydraExtensions/adapters/shapeAdapter.h
[2023-11-23T16:25:22.682Z]     -- promoting: /home/S/jenkins/workspace/ECP/ecg-maya-hydra/ecg-maya-hydra-branch-preflight-python3-linux/ecg-maya-hydra/maya-hydra/lib/mayaHydra/hydraExtensions/adapters/tokens.h
[2023-11-23T16:25:22.682Z]     -- promoting: /home/S/jenkins/workspace/ECP/ecg-maya-hydra/ecg-maya-hydra-branch-preflight-python3-linux/ecg-maya-hydra/maya-hydra/lib/mayaHydra/hydraExtensions/delegates/delegate.h
[2023-11-23T16:25:22.682Z]     -- promoting: /home/S/jenkins/workspace/ECP/ecg-maya-hydra/ecg-maya-hydra-branch-preflight-python3-linux/ecg-maya-hydra/maya-hydra/lib/mayaHydra/hydraExtensions/delegates/delegateCtx.h
[2023-11-23T16:25:22.682Z]     -- promoting: /home/S/jenkins/workspace/ECP/ecg-maya-hydra/ecg-maya-hydra-branch-preflight-python3-linux/ecg-maya-hydra/maya-hydra/lib/mayaHydra/hydraExtensions/delegates/delegateDebugCodes.h
[2023-11-23T16:25:22.682Z]     -- promoting: /home/S/jenkins/workspace/ECP/ecg-maya-hydra/ecg-maya-hydra-branch-preflight-python3-linux/ecg-maya-hydra/maya-hydra/lib/mayaHydra/hydraExtensions/delegates/delegateRegistry.h
[2023-11-23T16:25:22.682Z]     -- promoting: /home/S/jenkins/workspace/ECP/ecg-maya-hydra/ecg-maya-hydra-branch-preflight-python3-linux/ecg-maya-hydra/maya-hydra/lib/mayaHydra/hydraExtensions/delegates/params.h
[2023-11-23T16:25:22.682Z]     -- promoting: /home/S/jenkins/workspace/ECP/ecg-maya-hydra/ecg-maya-hydra-branch-preflight-python3-linux/ecg-maya-hydra/maya-hydra/lib/mayaHydra/hydraExtensions/delegates/sceneDelegate.h
[2023-11-23T16:25:22.682Z]     -- promoting: /home/S/jenkins/workspace/ECP/ecg-maya-hydra/ecg-maya-hydra-branch-preflight-python3-linux/ecg-maya-hydra/maya-hydra/lib/mayaHydra/hydraExtensions/delegates/defaultLightDelegate.h
[2023-11-23T16:25:22.683Z]     -- promoting: /home/S/jenkins/workspace/ECP/ecg-maya-hydra/ecg-maya-hydra-branch-preflight-python3-linux/ecg-maya-hydra/maya-hydra/lib/mayaHydra/hydraExtensions/delegates/testDelegate.h
[2023-11-23T16:25:22.683Z]     -- promoting: /home/S/jenkins/workspace/ECP/ecg-maya-hydra/ecg-maya-hydra-branch-preflight-python3-linux/ecg-maya-hydra/maya-hydra/lib/mayaHydra/hydraExtensions/sceneIndex/registration.h
[2023-11-23T16:25:22.683Z]     -- promoting: /home/S/jenkins/workspace/ECP/ecg-maya-hydra/ecg-maya-hydra-branch-preflight-python3-linux/ecg-maya-hydra/maya-hydra/lib/mayaHydra/hydraExtensions/sceneIndex/mayaHydraSceneIndex.h
[2023-11-23T16:25:22.683Z]     -- promoting: /home/S/jenkins/workspace/ECP/ecg-maya-hydra/ecg-maya-hydra-branch-preflight-python3-linux/ecg-maya-hydra/maya-hydra/lib/mayaHydra/hydraExtensions/sceneIndex/mayaHydraDataSource.h
[2023-11-23T16:25:22.683Z]     -- promoting: /home/S/jenkins/workspace/ECP/ecg-maya-hydra/ecg-maya-hydra-branch-preflight-python3-linux/ecg-maya-hydra/maya-hydra/lib/mayaHydra/hydraExtensions/sceneIndex/mayaHydraPrimvarDataSource.h
[2023-11-23T16:25:22.683Z]     -- promoting: /home/S/jenkins/workspace/ECP/ecg-maya-hydra/ecg-maya-hydra-branch-preflight-python3-linux/ecg-maya-hydra/maya-hydra/lib/mayaHydra/hydraExtensions/sceneIndex/mayaHydraDisplayStyleDataSource.h
[2023-11-23T16:25:22.683Z]     -- promoting: /home/S/jenkins/workspace/ECP/ecg-maya-hydra/ecg-maya-hydra-branch-preflight-python3-linux/ecg-maya-hydra/maya-hydra/lib/mayaHydra/hydraExtensions/sceneIndex/mayaHydraCameraDataSource.h
[2023-11-23T16:25:22.683Z]     -- promoting: /home/S/jenkins/workspace/ECP/ecg-maya-hydra/ecg-maya-hydra-branch-preflight-python3-linux/ecg-maya-hydra/maya-hydra/lib/mayaHydra/hydraExtensions/sceneIndex/mayaHydraLightDataSource.h
[2023-11-23T16:25:22.683Z]     -- promoting: /home/S/jenkins/workspace/ECP/ecg-maya-hydra/ecg-maya-hydra-branch-preflight-python3-linux/ecg-maya-hydra/maya-hydra/lib/mayaHydra/hydraExtensions/sceneIndex/mayaHydraDefaultLightDataSource.h
[2023-11-23T16:25:22.683Z]     -- promoting: /home/S/jenkins/workspace/ECP/ecg-maya-hydra/ecg-maya-hydra-branch-preflight-python3-linux/ecg-maya-hydra/maya-hydra/lib/mayaHydra/ufeExtensions/api.h
[2023-11-23T16:25:22.683Z]     -- promoting: /home/S/jenkins/workspace/ECP/ecg-maya-hydra/ecg-maya-hydra-branch-preflight-python3-linux/ecg-maya-hydra/maya-hydra/lib/mayaHydra/ufeExtensions/Global.h
[2023-11-23T16:25:22.683Z]     -- promoting: /home/S/jenkins/workspace/ECP/ecg-maya-hydra/ecg-maya-hydra-branch-preflight-python3-linux/ecg-maya-hydra/maya-hydra/lib/flowViewport/api.h
[2023-11-23T16:25:22.683Z]     -- promoting: /home/S/jenkins/workspace/ECP/ecg-maya-hydra/ecg-maya-hydra-branch-preflight-python3-linux/ecg-maya-hydra/maya-hydra/lib/flowViewport/debugCodes.h
[2023-11-23T16:25:22.683Z]     -- promoting: /home/S/jenkins/workspace/ECP/ecg-maya-hydra/ecg-maya-hydra-branch-preflight-python3-linux/ecg-maya-hydra/maya-hydra/lib/flowViewport/global.h
[2023-11-23T16:25:22.683Z]     -- promoting: /home/S/jenkins/workspace/ECP/ecg-maya-hydra/ecg-maya-hydra-branch-preflight-python3-linux/ecg-maya-hydra/maya-hydra/lib/flowViewport/tokens.h
[2023-11-23T16:25:22.683Z]     -- promoting: /home/S/jenkins/workspace/ECP/ecg-maya-hydra/ecg-maya-hydra-branch-preflight-python3-linux/ecg-maya-hydra/maya-hydra/lib/flowViewport/colorPreferences/fvpColorChanged.h
[2023-11-23T16:25:22.683Z]     -- promoting: /home/S/jenkins/workspace/ECP/ecg-maya-hydra/ecg-maya-hydra-branch-preflight-python3-linux/ecg-maya-hydra/maya-hydra/lib/flowViewport/colorPreferences/fvpColorPreferences.h
[2023-11-23T16:25:22.683Z]     -- promoting: /home/S/jenkins/workspace/ECP/ecg-maya-hydra/ecg-maya-hydra-branch-preflight-python3-linux/ecg-maya-hydra/maya-hydra/lib/flowViewport/colorPreferences/fvpColorPreferencesTokens.h
[2023-11-23T16:25:22.683Z]     -- promoting: /home/S/jenkins/workspace/ECP/ecg-maya-hydra/ecg-maya-hydra-branch-preflight-python3-linux/ecg-maya-hydra/maya-hydra/lib/flowViewport/colorPreferences/fvpColorPreferencesTranslator.h
[2023-11-23T16:25:22.683Z]     -- promoting: /home/S/jenkins/workspace/ECP/ecg-maya-hydra/ecg-maya-hydra-branch-preflight-python3-linux/ecg-maya-hydra/maya-hydra/lib/flowViewport/sceneIndex/fvpMergingSceneIndex.h
[2023-11-23T16:25:22.683Z]     -- promoting: /home/S/jenkins/workspace/ECP/ecg-maya-hydra/ecg-maya-hydra-branch-preflight-python3-linux/ecg-maya-hydra/maya-hydra/lib/flowViewport/sceneIndex/fvpPathInterface.h
[2023-11-23T16:25:22.683Z]     -- promoting: /home/S/jenkins/workspace/ECP/ecg-maya-hydra/ecg-maya-hydra-branch-preflight-python3-linux/ecg-maya-hydra/maya-hydra/lib/flowViewport/sceneIndex/fvpPathInterfaceSceneIndex.h
[2023-11-23T16:25:22.683Z]     -- promoting: /home/S/jenkins/workspace/ECP/ecg-maya-hydra/ecg-maya-hydra-branch-preflight-python3-linux/ecg-maya-hydra/maya-hydra/lib/flowViewport/sceneIndex/fvpRenderIndexProxy.h
[2023-11-23T16:25:22.683Z]     -- promoting: /home/S/jenkins/workspace/ECP/ecg-maya-hydra/ecg-maya-hydra-branch-preflight-python3-linux/ecg-maya-hydra/maya-hydra/lib/flowViewport/sceneIndex/fvpRenderIndexProxyFwd.h
[2023-11-23T16:25:22.683Z]     -- promoting: /home/S/jenkins/workspace/ECP/ecg-maya-hydra/ecg-maya-hydra-branch-preflight-python3-linux/ecg-maya-hydra/maya-hydra/lib/flowViewport/sceneIndex/fvpSelectionSceneIndex.h
[2023-11-23T16:25:22.683Z]     -- promoting: /home/S/jenkins/workspace/ECP/ecg-maya-hydra/ecg-maya-hydra-branch-preflight-python3-linux/ecg-maya-hydra/maya-hydra/lib/flowViewport/sceneIndex/fvpWireframeSelectionHighlightSceneIndex.h
[2023-11-23T16:25:22.683Z]     -- promoting: /home/S/jenkins/workspace/ECP/ecg-maya-hydra/ecg-maya-hydra-branch-preflight-python3-linux/ecg-maya-hydra/maya-hydra/lib/flowViewport/API/fvpSelectionClient.h
[2023-11-23T16:25:22.683Z]     -- promoting: /home/S/jenkins/workspace/ECP/ecg-maya-hydra/ecg-maya-hydra-branch-preflight-python3-linux/ecg-maya-hydra/maya-hydra/lib/flowViewport/API/fvpFlowSelectionInterface.h
[2023-11-23T16:25:22.683Z]     -- promoting: /home/S/jenkins/workspace/ECP/ecg-maya-hydra/ecg-maya-hydra-branch-preflight-python3-linux/ecg-maya-hydra/maya-hydra/lib/flowViewport/API/fvpVersionInterface.h
[2023-11-23T16:25:22.683Z]     -- promoting: /home/S/jenkins/workspace/ECP/ecg-maya-hydra/ecg-maya-hydra-branch-preflight-python3-linux/ecg-maya-hydra/maya-hydra/lib/flowViewport/API/fvpInformationInterface.h
[2023-11-23T16:25:22.683Z]     -- promoting: /home/S/jenkins/workspace/ECP/ecg-maya-hydra/ecg-maya-hydra-branch-preflight-python3-linux/ecg-maya-hydra/maya-hydra/lib/flowViewport/API/fvpInformationClient.h
[2023-11-23T16:25:22.683Z]     -- promoting: /home/S/jenkins/workspace/ECP/ecg-maya-hydra/ecg-maya-hydra-branch-preflight-python3-linux/ecg-maya-hydra/maya-hydra/lib/flowViewport/API/interfacesImp/fvpSelectionInterfaceImp.h
[2023-11-23T16:25:22.683Z]     -- promoting: /home/S/jenkins/workspace/ECP/ecg-maya-hydra/ecg-maya-hydra-branch-preflight-python3-linux/ecg-maya-hydra/maya-hydra/lib/flowViewport/API/interfacesImp/fvpVersionInterfaceImp.h
[2023-11-23T16:25:22.683Z]     -- promoting: /home/S/jenkins/workspace/ECP/ecg-maya-hydra/ecg-maya-hydra-branch-preflight-python3-linux/ecg-maya-hydra/maya-hydra/lib/flowViewport/API/interfacesImp/fvpInformationInterfaceImp.h
[2023-11-23T16:25:22.683Z]     -- promoting: /home/S/jenkins/workspace/ECP/ecg-maya-hydra/ecg-maya-hydra-branch-preflight-python3-linux/ecg-maya-hydra/maya-hydra/lib/flowViewport/API/samples/fvpSelectionClientExample.h
[2023-11-23T16:25:22.683Z]     -- promoting: /home/S/jenkins/workspace/ECP/ecg-maya-hydra/ecg-maya-hydra-branch-preflight-python3-linux/ecg-maya-hydra/maya-hydra/lib/flowViewport/API/samples/fvpInformationClientExample.h
[2023-11-23T16:25:22.683Z]     -- promoting: /home/S/jenkins/workspace/ECP/ecg-maya-hydra/ecg-maya-hydra-branch-preflight-python3-linux/ecg-maya-hydra/maya-hydra/lib/flowViewport/API/perViewportSceneIndicesData/fvpViewportInformationAndSceneIndicesPerViewportData.h
[2023-11-23T16:25:22.683Z]     -- promoting: /home/S/jenkins/workspace/ECP/ecg-maya-hydra/ecg-maya-hydra-branch-preflight-python3-linux/ecg-maya-hydra/maya-hydra/lib/flowViewport/API/perViewportSceneIndicesData/fvpViewportInformationAndSceneIndicesPerViewportDataManager.h
[2023-11-23T16:25:22.683Z]     -- promoting: /home/S/jenkins/workspace/ECP/ecg-maya-hydra/ecg-maya-hydra-branch-preflight-python3-linux/ecg-maya-hydra/maya-hydra/lib/flowViewport/selection/fvpSelection.h
[2023-11-23T16:25:22.683Z]     -- promoting: /home/S/jenkins/workspace/ECP/ecg-maya-hydra/ecg-maya-hydra-branch-preflight-python3-linux/ecg-maya-hydra/maya-hydra/lib/flowViewport/selection/fvpSelectionFwd.h
[2023-11-23T16:25:22.683Z]     -- promoting: /home/S/jenkins/workspace/ECP/ecg-maya-hydra/ecg-maya-hydra-branch-preflight-python3-linux/ecg-maya-hydra/maya-hydra/lib/flowViewport/selection/fvpSelectionTask.h
[2023-11-23T16:25:22.683Z]     -- promoting: /home/S/jenkins/workspace/ECP/ecg-maya-hydra/ecg-maya-hydra-branch-preflight-python3-linux/ecg-maya-hydra/maya-hydra/lib/flowViewport/selection/fvpSelectionTracker.h
[2023-11-23T16:25:23.224Z]     -- Configuring done
[2023-11-23T16:25:23.224Z]     -- Generating done
[2023-11-23T16:25:23.224Z]     -- Build files have been written to: /home/S/jenkins/workspace/ECP/ecg-maya-hydra/ecg-maya-hydra-branch-preflight-python3-linux/build/RelWithDebInfo
[2023-11-23T16:25:23.224Z]     
[2023-11-23T16:25:23.224Z]         Building with settings:
[2023-11-23T16:25:23.224Z]           Source directory          /home/S/jenkins/workspace/ECP/ecg-maya-hydra/ecg-maya-hydra-branch-preflight-python3-linux/ecg-maya-hydra/maya-hydra
[2023-11-23T16:25:23.224Z]           Workspace directory       /local/S/jenkins/workspace/ECP/ecg-maya-hydra/ecg-maya-hydra-branch-preflight-python3-linux
[2023-11-23T16:25:23.224Z]           Build directory           /local/S/jenkins/workspace/ECP/ecg-maya-hydra/ecg-maya-hydra-branch-preflight-python3-linux/build/RelWithDebInfo
[2023-11-23T16:25:23.224Z]           Install directory         /local/S/jenkins/workspace/ECP/ecg-maya-hydra/ecg-maya-hydra-branch-preflight-python3-linux/install/RelWithDebInfo/MayaHydra
[2023-11-23T16:25:23.224Z]           Variant                   RelWithDebInfo
[2023-11-23T16:25:23.224Z]           Python Debug              Off
[2023-11-23T16:25:23.224Z]           CMake generator           Ninja
[2023-11-23T16:25:23.225Z]           Build arguments           ['-DCMAKE_MAKE_PROGRAM=/local/S/jenkins/workspace/shared/Artifactory/Linux/ninja/1.10.2/9ab399b/ninja', '-DPYTHON_INCLUDE_DIR=/local/S/jenkins/workspace/shared/Artifactory/Linux/rundev-master/202311221838/runtime/51417e5/runTime/include/Python311/Python', '-DPython_EXECUTABLE=/local/S/jenkins/workspace/shared/Artifactory/Linux/rundev-master/202311221838/runtime/51417e5/runTime/bin/mayapy', '-DPYTHON_LIBRARIES=/local/S/jenkins/workspace/shared/Artifactory/Linux/rundev-master/202311221838/runtime/51417e5/runTime/lib/libpython3.11.so.1.0', '-DBUILD_WITH_PYTHON_3_VERSION=3.11', '-DCMAKE_WANT_MATERIALX_BUILD=ON', '-DCMAKE_PREFIX_PATH=/local/S/jenkins/workspace/shared/Artifactory/Linux/USD/1a43c47', '-DMAYAHYDRA_BUILD_NUMBER=414', '-DMAYAHYDRA_GIT_COMMIT=a6160e671d724cbd23348caec6efe576ee214353', '-DMAYAHYDRA_GIT_BRANCH=master']
[2023-11-23T16:25:23.225Z]           Stages arguments          ['configure']
[2023-11-23T16:25:23.225Z]           CTest arguments           ['--parallel 16']
[2023-11-23T16:25:23.225Z]     STATUS: Found Maya Qt headers in: /local/S/jenkins/workspace/shared/Artifactory/Linux/rundev-master/202311221838/runtime/51417e5/devkitBase
[2023-11-23T16:25:23.225Z]     Success MayaHydra build and install !!!!
[2023-11-23T16:25:23.225Z]     Elapsed time: 00:00:16
[Pipeline] }
[Pipeline] // withEnv
[Pipeline] }
[Pipeline] // timeout
[Pipeline] }
[Pipeline] // stage
[Pipeline] }
[Pipeline] // timestamps
[Pipeline] timestamps
[Pipeline] {
[Pipeline] stage
[Pipeline] { (Build)
[Pipeline] timeout
[2023-11-23T16:25:23.589Z] Timeout set to expire in 6 hr 0 min
[Pipeline] {
[Pipeline] withEnv
[Pipeline] {
[Pipeline] sh
[2023-11-23T16:25:24.752Z] + scl enable gcc-toolset-11 -
[2023-11-23T16:25:24.752Z] + '[' enable = load -o enable = unload ']'
[2023-11-23T16:25:24.752Z] + /usr/bin/scl enable gcc-toolset-11 -
[2023-11-23T16:25:24.752Z] python ecg-maya-hydra/build.py --stages=build --workspace-dir=/local/S/jenkins/workspace/ECP/ecg-maya-hydra/ecg-maya-hydra-branch-preflight-python3-linux --artifactory-dir=/local/S/jenkins/workspace/shared/Artifactory --build-dir=/local/S/jenkins/workspace/ECP/ecg-maya-hydra/ecg-maya-hydra-branch-preflight-python3-linux/build --install-dir=/local/S/jenkins/workspace/ECP/ecg-maya-hydra/ecg-maya-hydra-branch-preflight-python3-linux/install --signing-dir=/local/S/jenkins/workspace/ECP/ecg-maya-hydra/ecg-maya-hydra-branch-preflight-python3-linux/signing --package-dir=/local/S/jenkins/workspace/ECP/ecg-maya-hydra/ecg-maya-hydra-branch-preflight-python3-linux/package --output-dir=/local/S/jenkins/workspace/ECP/ecg-maya-hydra/ecg-maya-hydra-branch-preflight-python3-linux/output --stash-dir=/local/S/jenkins/workspace/ECP/ecg-maya-hydra/ecg-maya-hydra-branch-preflight-python3-linux/stash --jenkins-build=414 --git-commit=a6160e671d724cbd23348caec6efe576ee214353 --git-branch=master --variants=Debug --interactive-tests=true --post-zips=false --osx-binary-architecture-target=ub2 --osx-deployment-target=11.0 --osx-base-sdk=CurrentActiveSDK --build-retry=3 --maya-cut-config=maya-rundev-master-debug.yaml --maya-package=rundev-master-debug --stage-banner
[2023-11-23T16:25:24.752Z] Using Maya cut from /local/S/jenkins/workspace/shared/Artifactory/Linux/rundev-master-debug/202311220725/runtime/79eb375
[2023-11-23T16:25:24.752Z] 
[2023-11-23T16:25:24.752Z] ================================================================================
[2023-11-23T16:25:24.752Z]                                  build (Debug)
[2023-11-23T16:25:24.752Z] ================================================================================
[2023-11-23T16:25:24.752Z] Maya Python Debug Info:
[2023-11-23T16:25:24.752Z]   mayapy executable   = /local/S/jenkins/workspace/shared/Artifactory/Linux/rundev-master-debug/202311220725/runtime/79eb375/runTime/bin/mayapy
[2023-11-23T16:25:24.752Z]   Include Folder      = /local/S/jenkins/workspace/shared/Artifactory/Linux/rundev-master-debug/202311220725/runtime/79eb375/runTime/include/Python311/Python
[2023-11-23T16:25:24.752Z]   Library             = /local/S/jenkins/workspace/shared/Artifactory/Linux/rundev-master-debug/202311220725/runtime/79eb375/runTime/lib/libpython3.11d.so.1.0
[2023-11-23T16:25:24.752Z]   site-package Folder = /local/S/jenkins/workspace/shared/Artifactory/Linux/rundev-master-debug/202311220725/runtime/79eb375/runTime/lib/python3.11/site-packages
[2023-11-23T16:25:25.914Z] In workdir: /home/S/jenkins/workspace/ECP/ecg-maya-hydra/ecg-maya-hydra-branch-preflight-python3-linux/ecg-maya-hydra/maya-hydra
[2023-11-23T16:25:25.914Z] Executing: /local/S/jenkins/workspace/shared/Artifactory/Linux/rundev-master-debug/202311220725/runtime/79eb375/runTime/bin/mayapy /home/S/jenkins/workspace/ECP/ecg-maya-hydra/ecg-maya-hydra-branch-preflight-python3-linux/ecg-maya-hydra/maya-hydra/build.py --generator Ninja --build-debug --maya-location /local/S/jenkins/workspace/shared/Artifactory/Linux/rundev-master-debug/202311220725/runtime/79eb375/runTime --devkit-location /local/S/jenkins/workspace/shared/Artifactory/Linux/rundev-master-debug/202311220725/runtime/79eb375/devkitBase --pxrusd-location /local/S/jenkins/workspace/shared/Artifactory/Linux/USD/e5ad5df --build-args=-DCMAKE_MAKE_PROGRAM=/local/S/jenkins/workspace/shared/Artifactory/Linux/ninja/1.10.2/9ab399b/ninja,-DPYTHON_INCLUDE_DIR=/local/S/jenkins/workspace/shared/Artifactory/Linux/rundev-master-debug/202311220725/runtime/79eb375/runTime/include/Python311/Python,-DPython_EXECUTABLE=/local/S/jenkins/workspace/shared/Artifactory/Linux/rundev-master-debug/202311220725/runtime/79eb375/runTime/bin/mayapy,-DPYTHON_LIBRARIES=/local/S/jenkins/workspace/shared/Artifactory/Linux/rundev-master-debug/202311220725/runtime/79eb375/runTime/lib/libpython3.11d.so.1.0,-DBUILD_WITH_PYTHON_3_VERSION=3.11,-DCMAKE_WANT_MATERIALX_BUILD=ON,-DCMAKE_PREFIX_PATH=/local/S/jenkins/workspace/shared/Artifactory/Linux/USD/e5ad5df,-DMAYAHYDRA_BUILD_NUMBER=414,-DMAYAHYDRA_GIT_COMMIT=a6160e671d724cbd23348caec6efe576ee214353,-DMAYAHYDRA_GIT_BRANCH=master --debug-python '--ctest-args=--parallel 16' --stages=build --redirect-outstream-file=False --install-location /local/S/jenkins/workspace/ECP/ecg-maya-hydra/ecg-maya-hydra-branch-preflight-python3-linux/install/Debug/MayaHydra /local/S/jenkins/workspace/ECP/ecg-maya-hydra/ecg-maya-hydra-branch-preflight-python3-linux
[2023-11-23T16:25:25.914Z] Modified environment variables:
[2023-11-23T16:25:25.914Z]     LD_LIBRARY_PATH=/opt/rh/gcc-toolset-11/root/usr/lib64:/opt/rh/gcc-toolset-11/root/usr/lib64:/opt/rh/gcc-toolset-11/root/usr/lib:/opt/rh/gcc-toolset-11/root/usr/lib64/dyninst:/opt/rh/gcc-toolset-11/root/usr/lib/dyninst
[2023-11-23T16:25:25.914Z]     PATH=/local/S/jenkins/workspace/shared/Artifactory/Linux/cmake/3.20.3/ab685d7/bin:/opt/rh/gcc-toolset-11/root/usr/bin:/home/administrator/.local/bin:/home/administrator/bin:/usr/share/Modules/bin:/usr/local/bin:/usr/local/sbin:/usr/bin:/usr/sbin
[2023-11-23T16:25:26.563Z]     [1/108] Building CXX object lib/mayaHydra/mayaPlugin/CMakeFiles/mayaHydra.dir/colorNotFoundException.cpp.o
[2023-11-23T16:25:27.145Z]     [2/108] Building CXX object lib/mayaHydra/mayaPlugin/CMakeFiles/mayaHydra.dir/tokens.cpp.o
[2023-11-23T16:25:27.731Z]     [3/108] Building CXX object test/lib/mayaUsd/render/mayaToHydra/cpp/CMakeFiles/mayaHydraCppTests.dir/testCppFramework.cpp.o
[2023-11-23T16:25:27.731Z]     [4/108] Building CXX object test/lib/mayaUsd/render/mayaToHydra/cpp/CMakeFiles/mayaHydraCppTests.dir/mayaHydraCppTestsCmd.cpp.o
[2023-11-23T16:25:27.731Z]     [5/108] Building CXX object lib/mayaHydra/mayaPlugin/CMakeFiles/mayaHydra.dir/mayaColorPreferencesTranslator.cpp.o
[2023-11-23T16:25:27.731Z]     [6/108] Building CXX object lib/mayaHydra/mayaPlugin/CMakeFiles/mayaHydra.dir/pluginDebugCodes.cpp.o
[2023-11-23T16:25:28.323Z]     [7/108] Building CXX object lib/mayaHydra/hydraExtensions/CMakeFiles/mayaHydraLib.dir/mayaUtils.cpp.o
[2023-11-23T16:25:28.323Z]     [8/108] Building CXX object lib/mayaHydra/hydraExtensions/CMakeFiles/mayaHydraLib.dir/mhBuildInfo.cpp.o
[2023-11-23T16:25:28.323Z]     [9/108] Building CXX object test/lib/mayaUsd/render/mayaToHydra/cpp/CMakeFiles/mayaHydraCppTests.dir/testColorPreferences.cpp.o
[2023-11-23T16:25:29.728Z]     [10/108] Building CXX object lib/mayaHydra/hydraExtensions/CMakeFiles/mayaHydraLib.dir/debugCodes.cpp.o
[2023-11-23T16:25:29.728Z]     [11/108] Building CXX object test/lib/mayaUsd/render/mayaToHydra/cpp/CMakeFiles/mayaHydraCppTests.dir/testUtils.cpp.o
[2023-11-23T16:25:29.728Z]     [12/108] Building CXX object test/lib/mayaUsd/render/mayaToHydra/cpp/CMakeFiles/mayaHydraCppTests.dir/testFvpViewportInformationRendererSwitching.cpp.o
[2023-11-23T16:25:29.728Z]     [13/108] Building CXX object test/lib/mayaUsd/render/mayaToHydra/cpp/CMakeFiles/mayaHydraCppTests.dir/testUsdStageLayerMuting.cpp.o
[2023-11-23T16:25:29.728Z]     [14/108] Building CXX object test/lib/mayaUsd/render/mayaToHydra/cpp/CMakeFiles/mayaHydraCppTests.dir/testFvpViewportInformationMultipleViewports.cpp.o
[2023-11-23T16:25:30.494Z]     [15/108] Building CXX object test/lib/mayaUsd/render/mayaToHydra/cpp/CMakeFiles/mayaHydraCppTests.dir/testMayaUsdUfeItems.cpp.o
[2023-11-23T16:25:30.494Z]     [16/108] Building CXX object test/lib/mayaUsd/render/mayaToHydra/cpp/CMakeFiles/mayaHydraCppTests.dir/testMayaSceneFlattening.cpp.o
[2023-11-23T16:25:30.494Z]     [17/108] Building CXX object test/lib/mayaUsd/render/mayaToHydra/cpp/CMakeFiles/mayaHydraCppTests.dir/testSelectionSceneIndex.cpp.o
[2023-11-23T16:25:30.494Z]     [18/108] Building CXX object test/lib/mayaUsd/render/mayaToHydra/cpp/CMakeFiles/mayaHydraCppTests.dir/testWireframeSelectionHighlightSceneIndex.cpp.o
[2023-11-23T16:25:31.070Z]     [19/108] Building CXX object lib/mayaHydra/hydraExtensions/CMakeFiles/mayaHydraLib.dir/adapters/adapterDebugCodes.cpp.o
[2023-11-23T16:25:31.070Z]     [20/108] Building CXX object lib/mayaHydra/hydraExtensions/CMakeFiles/mayaHydraLib.dir/mayaHydraLibInterfaceImp.cpp.o
[2023-11-23T16:25:32.255Z]     [21/108] Building CXX object lib/mayaHydra/mayaPlugin/CMakeFiles/mayaHydra.dir/pluginUtils.cpp.o
[2023-11-23T16:25:32.255Z]     [22/108] Building CXX object lib/mayaHydra/hydraExtensions/CMakeFiles/mayaHydraLib.dir/hydraUtils.cpp.o
[2023-11-23T16:25:32.810Z]     [23/108] Building CXX object lib/mayaHydra/hydraExtensions/CMakeFiles/mayaHydraLib.dir/mixedUtils.cpp.o
[2023-11-23T16:25:32.810Z]     [24/108] Building CXX object lib/mayaHydra/mayaPlugin/CMakeFiles/mayaHydra.dir/plugin.cpp.o
[2023-11-23T16:25:33.368Z]     [25/108] Building CXX object test/lib/mayaUsd/render/mayaToHydra/cpp/CMakeFiles/mayaHydraCppTests.dir/testMergingSceneIndex.cpp.o
[2023-11-23T16:25:33.914Z]     [26/108] Building CXX object lib/mayaHydra/hydraExtensions/CMakeFiles/mayaHydraLib.dir/adapters/mayaAttrs.cpp.o
[2023-11-23T16:25:33.914Z]     [27/108] Building CXX object lib/mayaHydra/mayaPlugin/CMakeFiles/mayaHydra.dir/viewCommand.cpp.o
[2023-11-23T16:25:36.453Z]     [28/108] Building CXX object lib/mayaHydra/hydraExtensions/CMakeFiles/mayaHydraLib.dir/adapters/adapter.cpp.o
[2023-11-23T16:25:36.453Z]     [29/108] Building CXX object lib/mayaHydra/mayaPlugin/CMakeFiles/mayaHydra.dir/renderOverride.cpp.o
[2023-11-23T16:25:36.453Z]     [30/108] Building CXX object lib/mayaHydra/hydraExtensions/CMakeFiles/mayaHydraLib.dir/adapters/adapterRegistry.cpp.o
[2023-11-23T16:25:36.453Z]     [31/108] Building CXX object lib/mayaHydra/mayaPlugin/CMakeFiles/mayaHydra.dir/renderGlobals.cpp.o
[2023-11-23T16:25:36.998Z]     [32/108] Building CXX object lib/mayaHydra/hydraExtensions/CMakeFiles/mayaHydraLib.dir/adapters/areaLightAdapter.cpp.o
[2023-11-23T16:25:36.998Z]     [33/108] Building CXX object lib/mayaHydra/hydraExtensions/CMakeFiles/mayaHydraLib.dir/adapters/aiSkydomeLightAdapter.cpp.o
[2023-11-23T16:25:36.998Z]     [34/108] Building CXX object lib/mayaHydra/hydraExtensions/CMakeFiles/mayaHydraLib.dir/adapters/cameraAdapter.cpp.o
[2023-11-23T16:25:37.547Z]     [35/108] Building CXX object lib/mayaHydra/hydraExtensions/CMakeFiles/mayaHydraLib.dir/adapters/dagAdapter.cpp.o
[2023-11-23T16:25:37.547Z]     [36/108] Building CXX object lib/mayaHydra/hydraExtensions/CMakeFiles/mayaHydraLib.dir/adapters/tokens.cpp.o
[2023-11-23T16:25:38.100Z]     [37/108] Building CXX object lib/mayaHydra/hydraExtensions/CMakeFiles/mayaHydraLib.dir/adapters/renderItemAdapter.cpp.o
[2023-11-23T16:25:38.100Z]     [38/108] Building CXX object lib/mayaHydra/hydraExtensions/CMakeFiles/mayaHydraLib.dir/delegates/delegateDebugCodes.cpp.o
[2023-11-23T16:25:39.254Z]     [39/108] Building CXX object lib/mayaHydra/hydraExtensions/CMakeFiles/mayaHydraLib.dir/adapters/directionalLightAdapter.cpp.o
[2023-11-23T16:25:39.254Z]     [40/108] Building CXX object lib/mayaHydra/hydraExtensions/CMakeFiles/mayaHydraLib.dir/adapters/lightAdapter.cpp.o
[2023-11-23T16:25:39.254Z]     [41/108] Building CXX object lib/mayaHydra/hydraExtensions/CMakeFiles/mayaHydraLib.dir/mayaHydraSceneProducer.cpp.o
[2023-11-23T16:25:39.804Z]     [42/108] Building CXX object lib/mayaHydra/hydraExtensions/CMakeFiles/mayaHydraLib.dir/adapters/materialAdapter.cpp.o
[2023-11-23T16:25:40.348Z]     [43/108] Building CXX object lib/mayaHydra/hydraExtensions/CMakeFiles/mayaHydraLib.dir/adapters/nurbsCurveAdapter.cpp.o
[2023-11-23T16:25:40.348Z]     [44/108] Building CXX object lib/mayaHydra/hydraExtensions/CMakeFiles/mayaHydraLib.dir/adapters/meshAdapter.cpp.o
[2023-11-23T16:25:40.348Z]     [45/108] Building CXX object lib/mayaHydra/hydraExtensions/CMakeFiles/mayaHydraLib.dir/adapters/materialNetworkConverter.cpp.o
[2023-11-23T16:25:42.172Z]     [46/108] Building CXX object lib/mayaHydra/hydraExtensions/CMakeFiles/mayaHydraLib.dir/adapters/shapeAdapter.cpp.o
[2023-11-23T16:25:42.172Z]     [47/108] Building CXX object lib/mayaHydra/hydraExtensions/CMakeFiles/mayaHydraLib.dir/delegates/delegate.cpp.o
[2023-11-23T16:25:42.729Z]     [48/108] Building CXX object lib/mayaHydra/hydraExtensions/CMakeFiles/mayaHydraLib.dir/delegates/delegateCtx.cpp.o
[2023-11-23T16:25:42.729Z]     [49/108] Building CXX object lib/mayaHydra/hydraExtensions/CMakeFiles/mayaHydraLib.dir/adapters/pointLightAdapter.cpp.o
[2023-11-23T16:25:43.303Z]     [50/108] Building CXX object lib/mayaHydra/hydraExtensions/CMakeFiles/mayaHydraLib.dir/adapters/spotLightAdapter.cpp.o
[2023-11-23T16:25:43.303Z]     [51/108] Building CXX object lib/mayaHydra/hydraExtensions/CMakeFiles/mayaHydraLib.dir/delegates/delegateRegistry.cpp.o
[2023-11-23T16:25:43.303Z]     [52/108] Building CXX object lib/mayaHydra/ufeExtensions/CMakeFiles/ufeExtensions.dir/Global.cpp.o
[2023-11-23T16:25:43.878Z]     [53/108] Building CXX object lib/flowViewport/CMakeFiles/flowViewport.dir/global.cpp.o
[2023-11-23T16:25:43.878Z]     [54/108] Building CXX object lib/flowViewport/CMakeFiles/flowViewport.dir/debugCodes.cpp.o
[2023-11-23T16:25:43.878Z]     [55/108] Building CXX object lib/flowViewport/CMakeFiles/flowViewport.dir/tokens.cpp.o
[2023-11-23T16:25:43.878Z]     [56/108] Building CXX object lib/mayaHydra/hydraExtensions/CMakeFiles/mayaHydraLib.dir/sceneIndex/registration.cpp.o
[2023-11-23T16:25:43.878Z]     [57/108] Building CXX object lib/flowViewport/CMakeFiles/flowViewport.dir/colorPreferences/fvpColorChanged.cpp.o
[2023-11-23T16:25:44.448Z]     [58/108] Building CXX object lib/flowViewport/CMakeFiles/flowViewport.dir/sceneIndex/fvpPathInterface.cpp.o
[2023-11-23T16:25:44.448Z]     [59/108] Linking CXX shared library lib/mayaHydra/ufeExtensions/libufeExtensions.so
[2023-11-23T16:25:44.448Z]     [60/108] Building CXX object lib/flowViewport/CMakeFiles/flowViewport.dir/colorPreferences/fvpColorPreferencesTokens.cpp.o
[2023-11-23T16:25:44.448Z]     [61/108] Building CXX object lib/flowViewport/CMakeFiles/flowViewport.dir/colorPreferences/fvpColorPreferences.cpp.o
[2023-11-23T16:25:45.636Z]     [62/108] Building CXX object lib/mayaHydra/hydraExtensions/CMakeFiles/mayaHydraLib.dir/sceneIndex/mayaHydraPrimvarDataSource.cpp.o
[2023-11-23T16:25:45.636Z]     [63/108] Building CXX object lib/flowViewport/CMakeFiles/flowViewport.dir/API/interfacesImp/fvpVersionInterfaceImp.cpp.o
[2023-11-23T16:25:45.636Z]     [64/108] Building CXX object lib/flowViewport/CMakeFiles/flowViewport.dir/API/interfacesImp/fvpSelectionInterfaceImp.cpp.o
[2023-11-23T16:25:46.183Z]     [65/108] Building CXX object lib/mayaHydra/hydraExtensions/CMakeFiles/mayaHydraLib.dir/sceneIndex/mayaHydraLightDataSource.cpp.o
[2023-11-23T16:25:46.183Z]     [66/108] Building CXX object lib/mayaHydra/hydraExtensions/CMakeFiles/mayaHydraLib.dir/delegates/sceneDelegate.cpp.o
[2023-11-23T16:25:47.026Z]     [67/108] Building CXX object lib/flowViewport/CMakeFiles/flowViewport.dir/API/samples/fvpSelectionClientExample.cpp.o
[2023-11-23T16:25:47.026Z]     [68/108] Building CXX object lib/mayaHydra/hydraExtensions/CMakeFiles/mayaHydraLib.dir/sceneIndex/mayaHydraCameraDataSource.cpp.o
[2023-11-23T16:25:47.026Z]     [69/108] Building CXX object lib/mayaHydra/hydraExtensions/CMakeFiles/mayaHydraLib.dir/sceneIndex/mayaHydraDisplayStyleDataSource.cpp.o
[2023-11-23T16:25:47.026Z]     [70/108] Building CXX object lib/flowViewport/CMakeFiles/flowViewport.dir/sceneIndex/fvpPathInterfaceSceneIndex.cpp.o
[2023-11-23T16:25:47.026Z]     [71/108] Building CXX object lib/flowViewport/CMakeFiles/flowViewport.dir/selection/fvpSelectionFwd.cpp.o
[2023-11-23T16:25:47.026Z]     [72/108] Building CXX object lib/flowViewport/CMakeFiles/flowViewport.dir/sceneIndex/fvpMergingSceneIndex.cpp.o
[2023-11-23T16:25:47.026Z]     [73/108] Building CXX object lib/mayaHydra/hydraExtensions/CMakeFiles/mayaHydraLib.dir/sceneIndex/mayaHydraDataSource.cpp.o
[2023-11-23T16:25:47.598Z]     [74/108] Building CXX object lib/mayaHydra/hydraExtensions/CMakeFiles/mayaHydraLib.dir/delegates/testDelegate.cpp.o
[2023-11-23T16:25:48.174Z]     [75/108] Building CXX object lib/mayaHydra/hydraExtensions/CMakeFiles/mayaHydraLib.dir/delegates/defaultLightDelegate.cpp.o
[2023-11-23T16:25:48.174Z]     [76/108] Building CXX object lib/flowViewport/CMakeFiles/flowViewport.dir/sceneIndex/fvpSelectionSceneIndex.cpp.o
[2023-11-23T16:25:48.174Z]     [77/108] Building CXX object lib/mayaHydra/hydraExtensions/CMakeFiles/mayaHydraLib.dir/sceneIndex/mayaHydraSceneIndex.cpp.o
[2023-11-23T16:25:48.742Z]     [78/108] Building CXX object lib/flowViewport/CMakeFiles/flowViewport.dir/API/interfacesImp/fvpInformationInterfaceImp.cpp.o
[2023-11-23T16:25:48.742Z]     [79/108] Building CXX object lib/flowViewport/CMakeFiles/flowViewport.dir/sceneIndex/fvpWireframeSelectionHighlightSceneIndex.cpp.o
[2023-11-23T16:25:48.742Z]     [80/108] Building CXX object lib/flowViewport/CMakeFiles/flowViewport.dir/API/samples/fvpInformationClientExample.cpp.o
[2023-11-23T16:25:48.742Z]     [81/108] Building CXX object lib/flowViewport/CMakeFiles/flowViewport.dir/sceneIndex/fvpRenderIndexProxy.cpp.o
[2023-11-23T16:25:49.302Z]     [82/108] Building CXX object lib/flowViewport/CMakeFiles/flowViewport.dir/API/perViewportSceneIndicesData/fvpViewportInformationAndSceneIndicesPerViewportData.cpp.o
[2023-11-23T16:25:49.302Z]     [83/108] Automatic MOC for target adskHydraSceneBrowser
[2023-11-23T16:25:49.302Z]     [84/108] Building CXX object lib/mayaHydra/hydraExtensions/CMakeFiles/mayaHydraLib.dir/sceneIndex/mayaHydraDefaultLightDataSource.cpp.o
[2023-11-23T16:25:49.854Z]     [85/108] Building CXX object lib/flowViewport/CMakeFiles/flowViewport.dir/selection/fvpSelection.cpp.o
[2023-11-23T16:25:50.403Z]     [86/108] Building CXX object lib/flowViewport/CMakeFiles/flowViewport.dir/selection/fvpSelectionTracker.cpp.o
[2023-11-23T16:25:50.952Z]     [87/108] Building CXX object lib/flowViewport/CMakeFiles/flowViewport.dir/API/perViewportSceneIndicesData/fvpViewportInformationAndSceneIndicesPerViewportDataManager.cpp.o
[2023-11-23T16:25:51.528Z]     [88/108] Building CXX object lib/flowViewport/CMakeFiles/flowViewport.dir/selection/fvpSelectionTask.cpp.o
[2023-11-23T16:25:52.079Z]     [89/108] Building CXX object plugin/mayaHydraSceneBrowserTest/CMakeFiles/mayaHydraSceneBrowserTest.dir/mayaHydraSceneBrowserTestCmd.cpp.o
[2023-11-23T16:25:52.623Z]     [90/108] Linking CXX shared library lib/flowViewport/libflowViewport.so
[2023-11-23T16:25:53.173Z]     [91/108] Building CXX object lib/adskHydraSceneBrowser/lib/CMakeFiles/adskHydraSceneBrowser.dir/src/patch/registeredSceneIndexChooser.cpp.o
[2023-11-23T16:25:53.173Z]     [92/108] Building CXX object lib/adskHydraSceneBrowser/lib/CMakeFiles/adskHydraSceneBrowser.dir/src/patch/sceneIndexObserverLoggingWidget.cpp.o
[2023-11-23T16:25:53.729Z]     [93/108] Building CXX object lib/adskHydraSceneBrowser/lib/CMakeFiles/adskHydraSceneBrowser.dir/src/patch/dataSourceValueTreeView.cpp.o
[2023-11-23T16:25:53.729Z]     [94/108] Building CXX object plugin/mayaHydraSceneBrowser/CMakeFiles/mayaHydraSceneBrowser.dir/mayaHydraSceneBrowser.cpp.o
[2023-11-23T16:25:53.729Z]     [95/108] Building CXX object lib/adskHydraSceneBrowser/lib/CMakeFiles/adskHydraSceneBrowser.dir/src/patch/sceneIndexObserverLoggingTreeView.cpp.o
[2023-11-23T16:25:54.277Z]     [96/108] Building CXX object lib/adskHydraSceneBrowser/lib/CMakeFiles/adskHydraSceneBrowser.dir/src/patch/sceneIndexDebuggerWidget.cpp.o
[2023-11-23T16:25:54.277Z]     [97/108] Building CXX object lib/adskHydraSceneBrowser/lib/CMakeFiles/adskHydraSceneBrowser.dir/adskHydraSceneBrowser_autogen/mocs_compilation.cpp.o
[2023-11-23T16:25:54.277Z]     [98/108] Building CXX object lib/adskHydraSceneBrowser/lib/CMakeFiles/adskHydraSceneBrowser.dir/src/patch/sceneIndexTreeWidget.cpp.o
[2023-11-23T16:25:54.277Z]     [99/108] Building CXX object lib/adskHydraSceneBrowser/test/CMakeFiles/adskHydraSceneBrowserTesting.dir/adskHydraSceneBrowserTesting.cpp.o
[2023-11-23T16:25:54.277Z]     [100/108] Linking CXX shared library lib/mayaHydra/hydraExtensions/libmayaHydraLib.so
[2023-11-23T16:25:54.818Z]     [101/108] Building CXX object lib/adskHydraSceneBrowser/lib/CMakeFiles/adskHydraSceneBrowser.dir/src/patch/dataSourceTreeWidget.cpp.o
[2023-11-23T16:25:55.956Z]     [102/108] Linking CXX shared library lib/adskHydraSceneBrowser/lib/libadskHydraSceneBrowser.so
[2023-11-23T16:25:55.956Z]     [103/108] Linking CXX shared library test/lib/mayaUsd/render/mayaToHydra/cpp/mayaHydraCppTests.so
[2023-11-23T16:25:55.956Z]     [104/108] Linking CXX shared library lib/mayaHydra/mayaPlugin/mayaHydra.so
[2023-11-23T16:25:57.088Z]     [105/108] Linking CXX shared library plugin/mayaHydraSceneBrowser/mayaHydraSceneBrowser.so
[2023-11-23T16:25:57.088Z]     [106/108] Building CXX object lib/adskHydraSceneBrowser/test/CMakeFiles/adskHydraSceneBrowserTesting.dir/adskHydraSceneBrowserTestFixture.cpp.o
[2023-11-23T16:25:57.629Z]     [107/108] Linking CXX shared library lib/adskHydraSceneBrowser/test/libadskHydraSceneBrowserTesting.so
[2023-11-23T16:25:59.411Z]     [108/108] Linking CXX shared library plugin/mayaHydraSceneBrowserTest/mayaHydraSceneBrowserTest.so
[2023-11-23T16:25:59.411Z]     
[2023-11-23T16:25:59.411Z]         Building with settings:
[2023-11-23T16:25:59.411Z]           Source directory          /home/S/jenkins/workspace/ECP/ecg-maya-hydra/ecg-maya-hydra-branch-preflight-python3-linux/ecg-maya-hydra/maya-hydra
[2023-11-23T16:25:59.411Z]           Workspace directory       /local/S/jenkins/workspace/ECP/ecg-maya-hydra/ecg-maya-hydra-branch-preflight-python3-linux
[2023-11-23T16:25:59.411Z]           Build directory           /local/S/jenkins/workspace/ECP/ecg-maya-hydra/ecg-maya-hydra-branch-preflight-python3-linux/build/Debug
[2023-11-23T16:25:59.411Z]           Install directory         /local/S/jenkins/workspace/ECP/ecg-maya-hydra/ecg-maya-hydra-branch-preflight-python3-linux/install/Debug/MayaHydra
[2023-11-23T16:25:59.411Z]           Variant                   Debug
[2023-11-23T16:25:59.411Z]           Python Debug              On
[2023-11-23T16:25:59.411Z]           CMake generator           Ninja
[2023-11-23T16:25:59.411Z]           Build arguments           ['-DCMAKE_MAKE_PROGRAM=/local/S/jenkins/workspace/shared/Artifactory/Linux/ninja/1.10.2/9ab399b/ninja', '-DPYTHON_INCLUDE_DIR=/local/S/jenkins/workspace/shared/Artifactory/Linux/rundev-master-debug/202311220725/runtime/79eb375/runTime/include/Python311/Python', '-DPython_EXECUTABLE=/local/S/jenkins/workspace/shared/Artifactory/Linux/rundev-master-debug/202311220725/runtime/79eb375/runTime/bin/mayapy', '-DPYTHON_LIBRARIES=/local/S/jenkins/workspace/shared/Artifactory/Linux/rundev-master-debug/202311220725/runtime/79eb375/runTime/lib/libpython3.11d.so.1.0', '-DBUILD_WITH_PYTHON_3_VERSION=3.11', '-DCMAKE_WANT_MATERIALX_BUILD=ON', '-DCMAKE_PREFIX_PATH=/local/S/jenkins/workspace/shared/Artifactory/Linux/USD/e5ad5df', '-DMAYAHYDRA_BUILD_NUMBER=414', '-DMAYAHYDRA_GIT_COMMIT=a6160e671d724cbd23348caec6efe576ee214353', '-DMAYAHYDRA_GIT_BRANCH=master']
[2023-11-23T16:25:59.411Z]           Stages arguments          ['build']
[2023-11-23T16:25:59.411Z]           CTest arguments           ['--parallel 16']
[2023-11-23T16:25:59.411Z]     Success MayaHydra build and install !!!!
[2023-11-23T16:25:59.411Z]     Elapsed time: 00:00:32
[Pipeline] sh
[2023-11-23T16:26:00.798Z] + scl enable gcc-toolset-11 -
[2023-11-23T16:26:00.798Z] + '[' enable = load -o enable = unload ']'
[2023-11-23T16:26:00.798Z] + /usr/bin/scl enable gcc-toolset-11 -
[2023-11-23T16:26:00.798Z] python ecg-maya-hydra/build.py --stages=build --workspace-dir=/local/S/jenkins/workspace/ECP/ecg-maya-hydra/ecg-maya-hydra-branch-preflight-python3-linux --artifactory-dir=/local/S/jenkins/workspace/shared/Artifactory --build-dir=/local/S/jenkins/workspace/ECP/ecg-maya-hydra/ecg-maya-hydra-branch-preflight-python3-linux/build --install-dir=/local/S/jenkins/workspace/ECP/ecg-maya-hydra/ecg-maya-hydra-branch-preflight-python3-linux/install --signing-dir=/local/S/jenkins/workspace/ECP/ecg-maya-hydra/ecg-maya-hydra-branch-preflight-python3-linux/signing --package-dir=/local/S/jenkins/workspace/ECP/ecg-maya-hydra/ecg-maya-hydra-branch-preflight-python3-linux/package --output-dir=/local/S/jenkins/workspace/ECP/ecg-maya-hydra/ecg-maya-hydra-branch-preflight-python3-linux/output --stash-dir=/local/S/jenkins/workspace/ECP/ecg-maya-hydra/ecg-maya-hydra-branch-preflight-python3-linux/stash --jenkins-build=414 --git-commit=a6160e671d724cbd23348caec6efe576ee214353 --git-branch=master --variants=RelWithDebInfo --interactive-tests=true --post-zips=false --osx-binary-architecture-target=ub2 --osx-deployment-target=11.0 --osx-base-sdk=CurrentActiveSDK --build-retry=3 --maya-cut-config=maya-rundev-master.yaml --maya-package=rundev-master --stage-banner
[2023-11-23T16:26:00.798Z] Using Maya cut from /local/S/jenkins/workspace/shared/Artifactory/Linux/rundev-master/202311221838/runtime/51417e5
[2023-11-23T16:26:00.798Z] 
[2023-11-23T16:26:00.798Z] ================================================================================
[2023-11-23T16:26:00.798Z]                              build (RelWithDebInfo)
[2023-11-23T16:26:00.798Z] ================================================================================
[2023-11-23T16:26:00.798Z] Maya Python RelWithDebInfo Info:
[2023-11-23T16:26:00.798Z]   mayapy executable   = /local/S/jenkins/workspace/shared/Artifactory/Linux/rundev-master/202311221838/runtime/51417e5/runTime/bin/mayapy
[2023-11-23T16:26:00.798Z]   Include Folder      = /local/S/jenkins/workspace/shared/Artifactory/Linux/rundev-master/202311221838/runtime/51417e5/runTime/include/Python311/Python
[2023-11-23T16:26:00.798Z]   Library             = /local/S/jenkins/workspace/shared/Artifactory/Linux/rundev-master/202311221838/runtime/51417e5/runTime/lib/libpython3.11.so.1.0
[2023-11-23T16:26:00.798Z]   site-package Folder = /local/S/jenkins/workspace/shared/Artifactory/Linux/rundev-master/202311221838/runtime/51417e5/runTime/lib/python3.11/site-packages
[2023-11-23T16:26:01.362Z] In workdir: /home/S/jenkins/workspace/ECP/ecg-maya-hydra/ecg-maya-hydra-branch-preflight-python3-linux/ecg-maya-hydra/maya-hydra
[2023-11-23T16:26:01.362Z] Executing: /local/S/jenkins/workspace/shared/Artifactory/Linux/rundev-master/202311221838/runtime/51417e5/runTime/bin/mayapy /home/S/jenkins/workspace/ECP/ecg-maya-hydra/ecg-maya-hydra-branch-preflight-python3-linux/ecg-maya-hydra/maya-hydra/build.py --generator Ninja --build-relwithdebug --maya-location /local/S/jenkins/workspace/shared/Artifactory/Linux/rundev-master/202311221838/runtime/51417e5/runTime --devkit-location /local/S/jenkins/workspace/shared/Artifactory/Linux/rundev-master/202311221838/runtime/51417e5/devkitBase --pxrusd-location /local/S/jenkins/workspace/shared/Artifactory/Linux/USD/1a43c47 --build-args=-DCMAKE_MAKE_PROGRAM=/local/S/jenkins/workspace/shared/Artifactory/Linux/ninja/1.10.2/9ab399b/ninja,-DPYTHON_INCLUDE_DIR=/local/S/jenkins/workspace/shared/Artifactory/Linux/rundev-master/202311221838/runtime/51417e5/runTime/include/Python311/Python,-DPython_EXECUTABLE=/local/S/jenkins/workspace/shared/Artifactory/Linux/rundev-master/202311221838/runtime/51417e5/runTime/bin/mayapy,-DPYTHON_LIBRARIES=/local/S/jenkins/workspace/shared/Artifactory/Linux/rundev-master/202311221838/runtime/51417e5/runTime/lib/libpython3.11.so.1.0,-DBUILD_WITH_PYTHON_3_VERSION=3.11,-DCMAKE_WANT_MATERIALX_BUILD=ON,-DCMAKE_PREFIX_PATH=/local/S/jenkins/workspace/shared/Artifactory/Linux/USD/1a43c47,-DMAYAHYDRA_BUILD_NUMBER=414,-DMAYAHYDRA_GIT_COMMIT=a6160e671d724cbd23348caec6efe576ee214353,-DMAYAHYDRA_GIT_BRANCH=master '--ctest-args=--parallel 16' --stages=build --redirect-outstream-file=False --install-location /local/S/jenkins/workspace/ECP/ecg-maya-hydra/ecg-maya-hydra-branch-preflight-python3-linux/install/RelWithDebInfo/MayaHydra /local/S/jenkins/workspace/ECP/ecg-maya-hydra/ecg-maya-hydra-branch-preflight-python3-linux
[2023-11-23T16:26:01.362Z] Modified environment variables:
[2023-11-23T16:26:01.362Z]     LD_LIBRARY_PATH=/opt/rh/gcc-toolset-11/root/usr/lib64:/opt/rh/gcc-toolset-11/root/usr/lib64:/opt/rh/gcc-toolset-11/root/usr/lib:/opt/rh/gcc-toolset-11/root/usr/lib64/dyninst:/opt/rh/gcc-toolset-11/root/usr/lib/dyninst
[2023-11-23T16:26:01.362Z]     PATH=/local/S/jenkins/workspace/shared/Artifactory/Linux/cmake/3.20.3/ab685d7/bin:/opt/rh/gcc-toolset-11/root/usr/bin:/home/administrator/.local/bin:/home/administrator/bin:/usr/share/Modules/bin:/usr/local/bin:/usr/local/sbin:/usr/bin:/usr/sbin
[2023-11-23T16:26:02.584Z]     [1/108] Building CXX object lib/mayaHydra/mayaPlugin/CMakeFiles/mayaHydra.dir/colorNotFoundException.cpp.o
[2023-11-23T16:26:02.584Z]     [2/108] Building CXX object lib/mayaHydra/mayaPlugin/CMakeFiles/mayaHydra.dir/tokens.cpp.o
[2023-11-23T16:26:02.584Z]     [3/108] Building CXX object test/lib/mayaUsd/render/mayaToHydra/cpp/CMakeFiles/mayaHydraCppTests.dir/testCppFramework.cpp.o
[2023-11-23T16:26:02.584Z]     [4/108] Building CXX object test/lib/mayaUsd/render/mayaToHydra/cpp/CMakeFiles/mayaHydraCppTests.dir/mayaHydraCppTestsCmd.cpp.o
[2023-11-23T16:26:03.146Z]     [5/108] Building CXX object lib/mayaHydra/mayaPlugin/CMakeFiles/mayaHydra.dir/mayaColorPreferencesTranslator.cpp.o
[2023-11-23T16:26:03.146Z]     [6/108] Building CXX object lib/mayaHydra/mayaPlugin/CMakeFiles/mayaHydra.dir/pluginDebugCodes.cpp.o
[2023-11-23T16:26:03.712Z]     [7/108] Building CXX object lib/mayaHydra/hydraExtensions/CMakeFiles/mayaHydraLib.dir/mayaUtils.cpp.o
[2023-11-23T16:26:03.712Z]     [8/108] Building CXX object lib/mayaHydra/hydraExtensions/CMakeFiles/mayaHydraLib.dir/mhBuildInfo.cpp.o
[2023-11-23T16:26:04.268Z]     [9/108] Building CXX object test/lib/mayaUsd/render/mayaToHydra/cpp/CMakeFiles/mayaHydraCppTests.dir/testColorPreferences.cpp.o
[2023-11-23T16:26:05.423Z]     [10/108] Building CXX object test/lib/mayaUsd/render/mayaToHydra/cpp/CMakeFiles/mayaHydraCppTests.dir/testFvpViewportInformationMultipleViewports.cpp.o
[2023-11-23T16:26:05.424Z]     [11/108] Building CXX object test/lib/mayaUsd/render/mayaToHydra/cpp/CMakeFiles/mayaHydraCppTests.dir/testUtils.cpp.o
[2023-11-23T16:26:05.424Z]     [12/108] Building CXX object test/lib/mayaUsd/render/mayaToHydra/cpp/CMakeFiles/mayaHydraCppTests.dir/testMayaUsdUfeItems.cpp.o
[2023-11-23T16:26:05.424Z]     [13/108] Building CXX object test/lib/mayaUsd/render/mayaToHydra/cpp/CMakeFiles/mayaHydraCppTests.dir/testFvpViewportInformationRendererSwitching.cpp.o
[2023-11-23T16:26:05.424Z]     [14/108] Building CXX object lib/mayaHydra/hydraExtensions/CMakeFiles/mayaHydraLib.dir/debugCodes.cpp.o
[2023-11-23T16:26:05.424Z]     [15/108] Building CXX object test/lib/mayaUsd/render/mayaToHydra/cpp/CMakeFiles/mayaHydraCppTests.dir/testUsdStageLayerMuting.cpp.o
[2023-11-23T16:26:05.424Z]     [16/108] Building CXX object test/lib/mayaUsd/render/mayaToHydra/cpp/CMakeFiles/mayaHydraCppTests.dir/testMayaSceneFlattening.cpp.o
[2023-11-23T16:26:06.595Z]     [17/108] Building CXX object lib/mayaHydra/hydraExtensions/CMakeFiles/mayaHydraLib.dir/mayaHydraLibInterfaceImp.cpp.o
[2023-11-23T16:26:06.596Z]     [18/108] Building CXX object lib/mayaHydra/hydraExtensions/CMakeFiles/mayaHydraLib.dir/adapters/adapterDebugCodes.cpp.o
[2023-11-23T16:26:07.745Z]     [19/108] Building CXX object test/lib/mayaUsd/render/mayaToHydra/cpp/CMakeFiles/mayaHydraCppTests.dir/testSelectionSceneIndex.cpp.o
[2023-11-23T16:26:07.745Z]     [20/108] Building CXX object lib/mayaHydra/mayaPlugin/CMakeFiles/mayaHydra.dir/pluginUtils.cpp.o
[2023-11-23T16:26:08.290Z]     [21/108] Building CXX object lib/mayaHydra/mayaPlugin/CMakeFiles/mayaHydra.dir/plugin.cpp.o
[2023-11-23T16:26:08.290Z]     [22/108] Building CXX object test/lib/mayaUsd/render/mayaToHydra/cpp/CMakeFiles/mayaHydraCppTests.dir/testWireframeSelectionHighlightSceneIndex.cpp.o
[2023-11-23T16:26:08.846Z]     [23/108] Building CXX object lib/mayaHydra/hydraExtensions/CMakeFiles/mayaHydraLib.dir/mixedUtils.cpp.o
[2023-11-23T16:26:09.391Z]     [24/108] Building CXX object lib/mayaHydra/mayaPlugin/CMakeFiles/mayaHydra.dir/viewCommand.cpp.o
[2023-11-23T16:26:09.391Z]     [25/108] Building CXX object lib/mayaHydra/hydraExtensions/CMakeFiles/mayaHydraLib.dir/hydraUtils.cpp.o
[2023-11-23T16:26:09.943Z]     [26/108] Building CXX object test/lib/mayaUsd/render/mayaToHydra/cpp/CMakeFiles/mayaHydraCppTests.dir/testMergingSceneIndex.cpp.o
[2023-11-23T16:26:10.489Z]     [27/108] Building CXX object lib/mayaHydra/hydraExtensions/CMakeFiles/mayaHydraLib.dir/adapters/mayaAttrs.cpp.o
[2023-11-23T16:26:12.298Z]     [28/108] Building CXX object lib/mayaHydra/hydraExtensions/CMakeFiles/mayaHydraLib.dir/adapters/adapter.cpp.o
[2023-11-23T16:26:12.872Z]     [29/108] Building CXX object lib/mayaHydra/hydraExtensions/CMakeFiles/mayaHydraLib.dir/adapters/adapterRegistry.cpp.o
[2023-11-23T16:26:12.872Z]     [30/108] Building CXX object lib/mayaHydra/hydraExtensions/CMakeFiles/mayaHydraLib.dir/adapters/areaLightAdapter.cpp.o
[2023-11-23T16:26:13.446Z]     [31/108] Building CXX object lib/mayaHydra/mayaPlugin/CMakeFiles/mayaHydra.dir/renderOverride.cpp.o
[2023-11-23T16:26:13.446Z]     [32/108] Building CXX object lib/mayaHydra/hydraExtensions/CMakeFiles/mayaHydraLib.dir/adapters/aiSkydomeLightAdapter.cpp.o
[2023-11-23T16:26:13.446Z]     [33/108] Building CXX object lib/mayaHydra/hydraExtensions/CMakeFiles/mayaHydraLib.dir/adapters/cameraAdapter.cpp.o
[2023-11-23T16:26:14.009Z]     [34/108] Building CXX object lib/mayaHydra/mayaPlugin/CMakeFiles/mayaHydra.dir/renderGlobals.cpp.o
[2023-11-23T16:26:14.567Z]     [35/108] Building CXX object lib/mayaHydra/hydraExtensions/CMakeFiles/mayaHydraLib.dir/adapters/dagAdapter.cpp.o
[2023-11-23T16:26:14.567Z]     [36/108] Building CXX object lib/mayaHydra/hydraExtensions/CMakeFiles/mayaHydraLib.dir/adapters/tokens.cpp.o
[2023-11-23T16:26:14.567Z]     [37/108] Building CXX object lib/mayaHydra/hydraExtensions/CMakeFiles/mayaHydraLib.dir/adapters/directionalLightAdapter.cpp.o
[2023-11-23T16:26:15.121Z]     [38/108] Building CXX object lib/mayaHydra/hydraExtensions/CMakeFiles/mayaHydraLib.dir/delegates/delegateDebugCodes.cpp.o
[2023-11-23T16:26:15.684Z]     [39/108] Building CXX object lib/mayaHydra/hydraExtensions/CMakeFiles/mayaHydraLib.dir/adapters/lightAdapter.cpp.o
[2023-11-23T16:26:15.684Z]     [40/108] Building CXX object lib/mayaHydra/hydraExtensions/CMakeFiles/mayaHydraLib.dir/mayaHydraSceneProducer.cpp.o
[2023-11-23T16:26:16.843Z]     [41/108] Building CXX object lib/mayaHydra/hydraExtensions/CMakeFiles/mayaHydraLib.dir/adapters/renderItemAdapter.cpp.o
[2023-11-23T16:26:16.843Z]     [42/108] Building CXX object lib/mayaHydra/hydraExtensions/CMakeFiles/mayaHydraLib.dir/adapters/materialAdapter.cpp.o
[2023-11-23T16:26:18.047Z]     [43/108] Building CXX object lib/mayaHydra/hydraExtensions/CMakeFiles/mayaHydraLib.dir/adapters/nurbsCurveAdapter.cpp.o
[2023-11-23T16:26:18.047Z]     [44/108] Building CXX object lib/mayaHydra/hydraExtensions/CMakeFiles/mayaHydraLib.dir/adapters/meshAdapter.cpp.o
[2023-11-23T16:26:18.603Z]     [45/108] Building CXX object lib/mayaHydra/hydraExtensions/CMakeFiles/mayaHydraLib.dir/adapters/shapeAdapter.cpp.o
[2023-11-23T16:26:18.603Z]     [46/108] Building CXX object lib/mayaHydra/hydraExtensions/CMakeFiles/mayaHydraLib.dir/delegates/delegate.cpp.o
[2023-11-23T16:26:19.153Z]     [47/108] Building CXX object lib/mayaHydra/hydraExtensions/CMakeFiles/mayaHydraLib.dir/adapters/pointLightAdapter.cpp.o
[2023-11-23T16:26:19.704Z]     [48/108] Building CXX object lib/mayaHydra/hydraExtensions/CMakeFiles/mayaHydraLib.dir/delegates/delegateCtx.cpp.o
[2023-11-23T16:26:20.262Z]     [49/108] Building CXX object lib/mayaHydra/hydraExtensions/CMakeFiles/mayaHydraLib.dir/adapters/materialNetworkConverter.cpp.o
[2023-11-23T16:26:20.262Z]     [50/108] Building CXX object lib/mayaHydra/hydraExtensions/CMakeFiles/mayaHydraLib.dir/adapters/spotLightAdapter.cpp.o
[2023-11-23T16:26:20.262Z]     [51/108] Building CXX object lib/mayaHydra/ufeExtensions/CMakeFiles/ufeExtensions.dir/Global.cpp.o
[2023-11-23T16:26:20.812Z]     [52/108] Linking CXX shared library lib/mayaHydra/ufeExtensions/libufeExtensions.so
[2023-11-23T16:26:20.812Z]     [53/108] Building CXX object lib/mayaHydra/hydraExtensions/CMakeFiles/mayaHydraLib.dir/delegates/delegateRegistry.cpp.o
[2023-11-23T16:26:20.812Z]     [54/108] Building CXX object lib/flowViewport/CMakeFiles/flowViewport.dir/debugCodes.cpp.o
[2023-11-23T16:26:20.812Z]     [55/108] Building CXX object lib/flowViewport/CMakeFiles/flowViewport.dir/global.cpp.o
[2023-11-23T16:26:20.812Z]     [56/108] Building CXX object lib/flowViewport/CMakeFiles/flowViewport.dir/tokens.cpp.o
[2023-11-23T16:26:21.685Z]     [57/108] Building CXX object lib/flowViewport/CMakeFiles/flowViewport.dir/colorPreferences/fvpColorChanged.cpp.o
[2023-11-23T16:26:21.685Z]     [58/108] Building CXX object lib/flowViewport/CMakeFiles/flowViewport.dir/sceneIndex/fvpPathInterface.cpp.o
[2023-11-23T16:26:21.685Z]     [59/108] Building CXX object lib/flowViewport/CMakeFiles/flowViewport.dir/colorPreferences/fvpColorPreferences.cpp.o
[2023-11-23T16:26:21.685Z]     [60/108] Building CXX object lib/flowViewport/CMakeFiles/flowViewport.dir/colorPreferences/fvpColorPreferencesTokens.cpp.o
[2023-11-23T16:26:21.685Z]     [61/108] Building CXX object lib/mayaHydra/hydraExtensions/CMakeFiles/mayaHydraLib.dir/sceneIndex/registration.cpp.o
[2023-11-23T16:26:22.256Z]     [62/108] Building CXX object lib/flowViewport/CMakeFiles/flowViewport.dir/API/interfacesImp/fvpSelectionInterfaceImp.cpp.o
[2023-11-23T16:26:22.810Z]     [63/108] Building CXX object lib/flowViewport/CMakeFiles/flowViewport.dir/API/interfacesImp/fvpVersionInterfaceImp.cpp.o
[2023-11-23T16:26:23.357Z]     [64/108] Building CXX object lib/mayaHydra/hydraExtensions/CMakeFiles/mayaHydraLib.dir/sceneIndex/mayaHydraPrimvarDataSource.cpp.o
[2023-11-23T16:26:23.357Z]     [65/108] Building CXX object lib/flowViewport/CMakeFiles/flowViewport.dir/sceneIndex/fvpPathInterfaceSceneIndex.cpp.o
[2023-11-23T16:26:23.907Z]     [66/108] Building CXX object lib/flowViewport/CMakeFiles/flowViewport.dir/API/samples/fvpSelectionClientExample.cpp.o
[2023-11-23T16:26:24.587Z]     [67/108] Building CXX object lib/flowViewport/CMakeFiles/flowViewport.dir/sceneIndex/fvpMergingSceneIndex.cpp.o
[2023-11-23T16:26:24.587Z]     [68/108] Building CXX object lib/mayaHydra/hydraExtensions/CMakeFiles/mayaHydraLib.dir/sceneIndex/mayaHydraLightDataSource.cpp.o
[2023-11-23T16:26:24.587Z]     [69/108] Building CXX object lib/mayaHydra/hydraExtensions/CMakeFiles/mayaHydraLib.dir/delegates/testDelegate.cpp.o
[2023-11-23T16:26:25.154Z]     [70/108] Building CXX object lib/mayaHydra/hydraExtensions/CMakeFiles/mayaHydraLib.dir/delegates/defaultLightDelegate.cpp.o
[2023-11-23T16:26:25.154Z]     [71/108] Building CXX object lib/mayaHydra/hydraExtensions/CMakeFiles/mayaHydraLib.dir/sceneIndex/mayaHydraDisplayStyleDataSource.cpp.o
[2023-11-23T16:26:25.154Z]     [72/108] Building CXX object lib/flowViewport/CMakeFiles/flowViewport.dir/selection/fvpSelectionFwd.cpp.o
[2023-11-23T16:26:25.154Z]     [73/108] Building CXX object lib/mayaHydra/hydraExtensions/CMakeFiles/mayaHydraLib.dir/sceneIndex/mayaHydraCameraDataSource.cpp.o
[2023-11-23T16:26:25.722Z]     [74/108] Building CXX object lib/flowViewport/CMakeFiles/flowViewport.dir/API/interfacesImp/fvpInformationInterfaceImp.cpp.o
[2023-11-23T16:26:25.722Z]     [75/108] Building CXX object lib/mayaHydra/hydraExtensions/CMakeFiles/mayaHydraLib.dir/delegates/sceneDelegate.cpp.o
[2023-11-23T16:26:25.722Z]     [76/108] Building CXX object lib/flowViewport/CMakeFiles/flowViewport.dir/sceneIndex/fvpSelectionSceneIndex.cpp.o
[2023-11-23T16:26:25.722Z]     [77/108] Building CXX object lib/flowViewport/CMakeFiles/flowViewport.dir/sceneIndex/fvpRenderIndexProxy.cpp.o
[2023-11-23T16:26:26.271Z]     [78/108] Building CXX object lib/flowViewport/CMakeFiles/flowViewport.dir/API/samples/fvpInformationClientExample.cpp.o
[2023-11-23T16:26:26.271Z]     [79/108] Building CXX object lib/mayaHydra/hydraExtensions/CMakeFiles/mayaHydraLib.dir/sceneIndex/mayaHydraDataSource.cpp.o
[2023-11-23T16:26:26.271Z]     [80/108] Building CXX object lib/flowViewport/CMakeFiles/flowViewport.dir/sceneIndex/fvpWireframeSelectionHighlightSceneIndex.cpp.o
[2023-11-23T16:26:26.271Z]     [81/108] Building CXX object lib/mayaHydra/hydraExtensions/CMakeFiles/mayaHydraLib.dir/sceneIndex/mayaHydraDefaultLightDataSource.cpp.o
[2023-11-23T16:26:26.812Z]     [82/108] Building CXX object lib/flowViewport/CMakeFiles/flowViewport.dir/API/perViewportSceneIndicesData/fvpViewportInformationAndSceneIndicesPerViewportData.cpp.o
[2023-11-23T16:26:26.812Z]     [83/108] Building CXX object lib/mayaHydra/hydraExtensions/CMakeFiles/mayaHydraLib.dir/sceneIndex/mayaHydraSceneIndex.cpp.o
[2023-11-23T16:26:27.376Z]     [84/108] Automatic MOC for target adskHydraSceneBrowser
[2023-11-23T16:26:27.937Z]     [85/108] Building CXX object lib/flowViewport/CMakeFiles/flowViewport.dir/selection/fvpSelection.cpp.o
[2023-11-23T16:26:28.484Z]     [86/108] Building CXX object lib/flowViewport/CMakeFiles/flowViewport.dir/selection/fvpSelectionTracker.cpp.o
[2023-11-23T16:26:28.484Z]     [87/108] Building CXX object lib/flowViewport/CMakeFiles/flowViewport.dir/API/perViewportSceneIndicesData/fvpViewportInformationAndSceneIndicesPerViewportDataManager.cpp.o
[2023-11-23T16:26:29.705Z]     [88/108] Building CXX object lib/flowViewport/CMakeFiles/flowViewport.dir/selection/fvpSelectionTask.cpp.o
[2023-11-23T16:26:29.705Z]     [89/108] Linking CXX shared library lib/flowViewport/libflowViewport.so
[2023-11-23T16:26:30.249Z]     [90/108] Building CXX object plugin/mayaHydraSceneBrowserTest/CMakeFiles/mayaHydraSceneBrowserTest.dir/mayaHydraSceneBrowserTestCmd.cpp.o
[2023-11-23T16:26:30.797Z]     [91/108] Linking CXX shared library lib/mayaHydra/hydraExtensions/libmayaHydraLib.so
[2023-11-23T16:26:30.797Z]     [92/108] Building CXX object lib/adskHydraSceneBrowser/lib/CMakeFiles/adskHydraSceneBrowser.dir/src/patch/registeredSceneIndexChooser.cpp.o
[2023-11-23T16:26:31.350Z]     [93/108] Building CXX object lib/adskHydraSceneBrowser/lib/CMakeFiles/adskHydraSceneBrowser.dir/src/patch/sceneIndexObserverLoggingWidget.cpp.o
[2023-11-23T16:26:31.350Z]     [94/108] Linking CXX shared library test/lib/mayaUsd/render/mayaToHydra/cpp/mayaHydraCppTests.so
[2023-11-23T16:26:31.350Z]     [95/108] Linking CXX shared library lib/mayaHydra/mayaPlugin/mayaHydra.so
[2023-11-23T16:26:31.893Z]     [96/108] Building CXX object plugin/mayaHydraSceneBrowser/CMakeFiles/mayaHydraSceneBrowser.dir/mayaHydraSceneBrowser.cpp.o
[2023-11-23T16:26:32.440Z]     [97/108] Building CXX object lib/adskHydraSceneBrowser/lib/CMakeFiles/adskHydraSceneBrowser.dir/src/patch/sceneIndexDebuggerWidget.cpp.o
[2023-11-23T16:26:32.440Z]     [98/108] Building CXX object lib/adskHydraSceneBrowser/lib/CMakeFiles/adskHydraSceneBrowser.dir/adskHydraSceneBrowser_autogen/mocs_compilation.cpp.o
[2023-11-23T16:26:32.440Z]     [99/108] Building CXX object lib/adskHydraSceneBrowser/test/CMakeFiles/adskHydraSceneBrowserTesting.dir/adskHydraSceneBrowserTesting.cpp.o
[2023-11-23T16:26:32.440Z]     [100/108] Building CXX object lib/adskHydraSceneBrowser/lib/CMakeFiles/adskHydraSceneBrowser.dir/src/patch/sceneIndexObserverLoggingTreeView.cpp.o
[2023-11-23T16:26:32.981Z]     [101/108] Building CXX object lib/adskHydraSceneBrowser/lib/CMakeFiles/adskHydraSceneBrowser.dir/src/patch/sceneIndexTreeWidget.cpp.o
[2023-11-23T16:26:32.981Z]     [102/108] Building CXX object lib/adskHydraSceneBrowser/lib/CMakeFiles/adskHydraSceneBrowser.dir/src/patch/dataSourceValueTreeView.cpp.o
[2023-11-23T16:26:33.521Z]     [103/108] Building CXX object lib/adskHydraSceneBrowser/lib/CMakeFiles/adskHydraSceneBrowser.dir/src/patch/dataSourceTreeWidget.cpp.o
[2023-11-23T16:26:33.521Z]     [104/108] Linking CXX shared library lib/adskHydraSceneBrowser/lib/libadskHydraSceneBrowser.so
[2023-11-23T16:26:34.062Z]     [105/108] Linking CXX shared library plugin/mayaHydraSceneBrowser/mayaHydraSceneBrowser.so
[2023-11-23T16:26:38.606Z]     [106/108] Building CXX object lib/adskHydraSceneBrowser/test/CMakeFiles/adskHydraSceneBrowserTesting.dir/adskHydraSceneBrowserTestFixture.cpp.o
[2023-11-23T16:26:38.606Z]     [107/108] Linking CXX shared library lib/adskHydraSceneBrowser/test/libadskHydraSceneBrowserTesting.so
[2023-11-23T16:26:39.150Z]     [108/108] Linking CXX shared library plugin/mayaHydraSceneBrowserTest/mayaHydraSceneBrowserTest.so
[2023-11-23T16:26:39.150Z]     
[2023-11-23T16:26:39.150Z]         Building with settings:
[2023-11-23T16:26:39.150Z]           Source directory          /home/S/jenkins/workspace/ECP/ecg-maya-hydra/ecg-maya-hydra-branch-preflight-python3-linux/ecg-maya-hydra/maya-hydra
[2023-11-23T16:26:39.150Z]           Workspace directory       /local/S/jenkins/workspace/ECP/ecg-maya-hydra/ecg-maya-hydra-branch-preflight-python3-linux
[2023-11-23T16:26:39.150Z]           Build directory           /local/S/jenkins/workspace/ECP/ecg-maya-hydra/ecg-maya-hydra-branch-preflight-python3-linux/build/RelWithDebInfo
[2023-11-23T16:26:39.150Z]           Install directory         /local/S/jenkins/workspace/ECP/ecg-maya-hydra/ecg-maya-hydra-branch-preflight-python3-linux/install/RelWithDebInfo/MayaHydra
[2023-11-23T16:26:39.150Z]           Variant                   RelWithDebInfo
[2023-11-23T16:26:39.150Z]           Python Debug              Off
[2023-11-23T16:26:39.150Z]           CMake generator           Ninja
[2023-11-23T16:26:39.150Z]           Build arguments           ['-DCMAKE_MAKE_PROGRAM=/local/S/jenkins/workspace/shared/Artifactory/Linux/ninja/1.10.2/9ab399b/ninja', '-DPYTHON_INCLUDE_DIR=/local/S/jenkins/workspace/shared/Artifactory/Linux/rundev-master/202311221838/runtime/51417e5/runTime/include/Python311/Python', '-DPython_EXECUTABLE=/local/S/jenkins/workspace/shared/Artifactory/Linux/rundev-master/202311221838/runtime/51417e5/runTime/bin/mayapy', '-DPYTHON_LIBRARIES=/local/S/jenkins/workspace/shared/Artifactory/Linux/rundev-master/202311221838/runtime/51417e5/runTime/lib/libpython3.11.so.1.0', '-DBUILD_WITH_PYTHON_3_VERSION=3.11', '-DCMAKE_WANT_MATERIALX_BUILD=ON', '-DCMAKE_PREFIX_PATH=/local/S/jenkins/workspace/shared/Artifactory/Linux/USD/1a43c47', '-DMAYAHYDRA_BUILD_NUMBER=414', '-DMAYAHYDRA_GIT_COMMIT=a6160e671d724cbd23348caec6efe576ee214353', '-DMAYAHYDRA_GIT_BRANCH=master']
[2023-11-23T16:26:39.150Z]           Stages arguments          ['build']
[2023-11-23T16:26:39.150Z]           CTest arguments           ['--parallel 16']
[2023-11-23T16:26:39.150Z]     Success MayaHydra build and install !!!!
[2023-11-23T16:26:39.150Z]     Elapsed time: 00:00:37
[Pipeline] }
[Pipeline] // withEnv
[Pipeline] }
[Pipeline] // timeout
[Pipeline] }
[Pipeline] // stage
[Pipeline] }
[Pipeline] // timestamps
[Pipeline] timestamps
[Pipeline] {
[Pipeline] stage
[Pipeline] { (Install)
[Pipeline] timeout
[2023-11-23T16:26:39.494Z] Timeout set to expire in 6 hr 0 min
[Pipeline] {
[Pipeline] withEnv
[Pipeline] {
[Pipeline] sh
[2023-11-23T16:26:40.629Z] + scl enable gcc-toolset-11 -
[2023-11-23T16:26:40.629Z] + '[' enable = load -o enable = unload ']'
[2023-11-23T16:26:40.629Z] + /usr/bin/scl enable gcc-toolset-11 -
[2023-11-23T16:26:40.629Z] python ecg-maya-hydra/build.py --stages=install --workspace-dir=/local/S/jenkins/workspace/ECP/ecg-maya-hydra/ecg-maya-hydra-branch-preflight-python3-linux --artifactory-dir=/local/S/jenkins/workspace/shared/Artifactory --build-dir=/local/S/jenkins/workspace/ECP/ecg-maya-hydra/ecg-maya-hydra-branch-preflight-python3-linux/build --install-dir=/local/S/jenkins/workspace/ECP/ecg-maya-hydra/ecg-maya-hydra-branch-preflight-python3-linux/install --signing-dir=/local/S/jenkins/workspace/ECP/ecg-maya-hydra/ecg-maya-hydra-branch-preflight-python3-linux/signing --package-dir=/local/S/jenkins/workspace/ECP/ecg-maya-hydra/ecg-maya-hydra-branch-preflight-python3-linux/package --output-dir=/local/S/jenkins/workspace/ECP/ecg-maya-hydra/ecg-maya-hydra-branch-preflight-python3-linux/output --stash-dir=/local/S/jenkins/workspace/ECP/ecg-maya-hydra/ecg-maya-hydra-branch-preflight-python3-linux/stash --jenkins-build=414 --git-commit=a6160e671d724cbd23348caec6efe576ee214353 --git-branch=master --variants=Debug --interactive-tests=true --post-zips=false --osx-binary-architecture-target=ub2 --osx-deployment-target=11.0 --osx-base-sdk=CurrentActiveSDK --maya-cut-config=maya-rundev-master-debug.yaml --maya-package=rundev-master-debug --stage-banner
[2023-11-23T16:26:40.629Z] Using Maya cut from /local/S/jenkins/workspace/shared/Artifactory/Linux/rundev-master-debug/202311220725/runtime/79eb375
[2023-11-23T16:26:40.629Z] 
[2023-11-23T16:26:40.629Z] ================================================================================
[2023-11-23T16:26:40.629Z]                                 install (Debug)
[2023-11-23T16:26:40.629Z] ================================================================================
[2023-11-23T16:26:40.629Z] Maya Python Debug Info:
[2023-11-23T16:26:40.629Z]   mayapy executable   = /local/S/jenkins/workspace/shared/Artifactory/Linux/rundev-master-debug/202311220725/runtime/79eb375/runTime/bin/mayapy
[2023-11-23T16:26:40.629Z]   Include Folder      = /local/S/jenkins/workspace/shared/Artifactory/Linux/rundev-master-debug/202311220725/runtime/79eb375/runTime/include/Python311/Python
[2023-11-23T16:26:40.629Z]   Library             = /local/S/jenkins/workspace/shared/Artifactory/Linux/rundev-master-debug/202311220725/runtime/79eb375/runTime/lib/libpython3.11d.so.1.0
[2023-11-23T16:26:40.629Z]   site-package Folder = /local/S/jenkins/workspace/shared/Artifactory/Linux/rundev-master-debug/202311220725/runtime/79eb375/runTime/lib/python3.11/site-packages
[2023-11-23T16:26:41.764Z] In workdir: /home/S/jenkins/workspace/ECP/ecg-maya-hydra/ecg-maya-hydra-branch-preflight-python3-linux/ecg-maya-hydra/maya-hydra
[2023-11-23T16:26:41.764Z] Executing: /local/S/jenkins/workspace/shared/Artifactory/Linux/rundev-master-debug/202311220725/runtime/79eb375/runTime/bin/mayapy /home/S/jenkins/workspace/ECP/ecg-maya-hydra/ecg-maya-hydra-branch-preflight-python3-linux/ecg-maya-hydra/maya-hydra/build.py --generator Ninja --build-debug --maya-location /local/S/jenkins/workspace/shared/Artifactory/Linux/rundev-master-debug/202311220725/runtime/79eb375/runTime --devkit-location /local/S/jenkins/workspace/shared/Artifactory/Linux/rundev-master-debug/202311220725/runtime/79eb375/devkitBase --pxrusd-location /local/S/jenkins/workspace/shared/Artifactory/Linux/USD/e5ad5df --build-args=-DCMAKE_MAKE_PROGRAM=/local/S/jenkins/workspace/shared/Artifactory/Linux/ninja/1.10.2/9ab399b/ninja,-DPYTHON_INCLUDE_DIR=/local/S/jenkins/workspace/shared/Artifactory/Linux/rundev-master-debug/202311220725/runtime/79eb375/runTime/include/Python311/Python,-DPython_EXECUTABLE=/local/S/jenkins/workspace/shared/Artifactory/Linux/rundev-master-debug/202311220725/runtime/79eb375/runTime/bin/mayapy,-DPYTHON_LIBRARIES=/local/S/jenkins/workspace/shared/Artifactory/Linux/rundev-master-debug/202311220725/runtime/79eb375/runTime/lib/libpython3.11d.so.1.0,-DBUILD_WITH_PYTHON_3_VERSION=3.11,-DCMAKE_WANT_MATERIALX_BUILD=ON,-DCMAKE_PREFIX_PATH=/local/S/jenkins/workspace/shared/Artifactory/Linux/USD/e5ad5df,-DMAYAHYDRA_BUILD_NUMBER=414,-DMAYAHYDRA_GIT_COMMIT=a6160e671d724cbd23348caec6efe576ee214353,-DMAYAHYDRA_GIT_BRANCH=master --debug-python '--ctest-args=--parallel 16' --stages=install --redirect-outstream-file=False --install-location /local/S/jenkins/workspace/ECP/ecg-maya-hydra/ecg-maya-hydra-branch-preflight-python3-linux/install/Debug/MayaHydra /local/S/jenkins/workspace/ECP/ecg-maya-hydra/ecg-maya-hydra-branch-preflight-python3-linux
[2023-11-23T16:26:41.764Z] Modified environment variables:
[2023-11-23T16:26:41.764Z]     LD_LIBRARY_PATH=/opt/rh/gcc-toolset-11/root/usr/lib64:/opt/rh/gcc-toolset-11/root/usr/lib64:/opt/rh/gcc-toolset-11/root/usr/lib:/opt/rh/gcc-toolset-11/root/usr/lib64/dyninst:/opt/rh/gcc-toolset-11/root/usr/lib/dyninst
[2023-11-23T16:26:41.764Z]     PATH=/local/S/jenkins/workspace/shared/Artifactory/Linux/cmake/3.20.3/ab685d7/bin:/opt/rh/gcc-toolset-11/root/usr/bin:/home/administrator/.local/bin:/home/administrator/bin:/usr/share/Modules/bin:/usr/local/bin:/usr/local/sbin:/usr/bin:/usr/sbin
[2023-11-23T16:26:41.764Z]     [0/1] Install the project...
[2023-11-23T16:26:41.764Z]     -- Install configuration: "Debug"
[2023-11-23T16:26:41.764Z]     -- Set runtime path of "/local/S/jenkins/workspace/ECP/ecg-maya-hydra/ecg-maya-hydra-branch-preflight-python3-linux/install/Debug/MayaHydra/lib/maya/mayaHydraCppTests.so" to "$ORIGIN/../gtest:/local/S/jenkins/workspace/shared/Artifactory/Linux/USD/e5ad5df/lib:/local/S/jenkins/workspace/shared/Artifactory/Linux/rundev-master-debug/202311220725/runtime/79eb375/devkitBase/devkit/ufe/lib:/local/S/jenkins/workspace/shared/Artifactory/Linux/rundev-master-debug/202311220725/runtime/79eb375/runTime/lib"
[2023-11-23T16:26:41.764Z]     -- Set runtime path of "/local/S/jenkins/workspace/ECP/ecg-maya-hydra/ecg-maya-hydra-branch-preflight-python3-linux/install/Debug/MayaHydra/lib/maya/mayaHydra.so" to "$ORIGIN/../../../../../../../../../../../../home/S/jenkins/workspace/shared/Artifactory/Linux/USD/e5ad5df/lib:$ORIGIN/..:/local/S/jenkins/workspace/shared/Artifactory/Linux/rundev-master-debug/202311220725/runtime/79eb375/devkitBase/devkit/ufe/lib:/local/S/jenkins/workspace/shared/Artifactory/Linux/USD/e5ad5df/lib:/local/S/jenkins/workspace/shared/Artifactory/Linux/rundev-master-debug/202311220725/runtime/79eb375/runTime/lib"
[2023-11-23T16:26:41.764Z]     -- Set runtime path of "/local/S/jenkins/workspace/ECP/ecg-maya-hydra/ecg-maya-hydra-branch-preflight-python3-linux/install/Debug/MayaHydra/lib/libmayaHydraLib.so" to ""
[2023-11-23T16:26:41.764Z]     -- Set runtime path of "/local/S/jenkins/workspace/ECP/ecg-maya-hydra/ecg-maya-hydra-branch-preflight-python3-linux/install/Debug/MayaHydra/lib/libufeExtensions.so" to ""
[2023-11-23T16:26:41.764Z]     -- Set runtime path of "/local/S/jenkins/workspace/ECP/ecg-maya-hydra/ecg-maya-hydra-branch-preflight-python3-linux/install/Debug/MayaHydra/lib/libflowViewport.so" to ""
[2023-11-23T16:26:42.314Z]     -- Set runtime path of "/local/S/jenkins/workspace/ECP/ecg-maya-hydra/ecg-maya-hydra-branch-preflight-python3-linux/install/Debug/MayaHydra/lib/libadskHydraSceneBrowser.so" to ""
[2023-11-23T16:26:42.314Z]     -- Set runtime path of "/local/S/jenkins/workspace/ECP/ecg-maya-hydra/ecg-maya-hydra-branch-preflight-python3-linux/install/Debug/MayaHydra/lib/libadskHydraSceneBrowserTesting.so" to "$ORIGIN/gtest:/local/S/jenkins/workspace/shared/Artifactory/Linux/USD/e5ad5df/lib:/local/S/jenkins/workspace/shared/Artifactory/Linux/rundev-master-debug/202311220725/runtime/79eb375/devkitBase/Qt/lib"
[2023-11-23T16:26:42.315Z]     -- Set runtime path of "/local/S/jenkins/workspace/ECP/ecg-maya-hydra/ecg-maya-hydra-branch-preflight-python3-linux/install/Debug/MayaHydra/lib/maya/mayaHydraSceneBrowser.so" to "$ORIGIN/..:/local/S/jenkins/workspace/shared/Artifactory/Linux/USD/e5ad5df/lib:/local/S/jenkins/workspace/shared/Artifactory/Linux/rundev-master-debug/202311220725/runtime/79eb375/devkitBase/devkit/ufe/lib:/local/S/jenkins/workspace/shared/Artifactory/Linux/rundev-master-debug/202311220725/runtime/79eb375/devkitBase/Qt/lib:/local/S/jenkins/workspace/shared/Artifactory/Linux/rundev-master-debug/202311220725/runtime/79eb375/runTime/lib"
[2023-11-23T16:26:42.315Z]     -- Set runtime path of "/local/S/jenkins/workspace/ECP/ecg-maya-hydra/ecg-maya-hydra-branch-preflight-python3-linux/install/Debug/MayaHydra/lib/maya/mayaHydraSceneBrowserTest.so" to "$ORIGIN/..:$ORIGIN/../gtest:/local/S/jenkins/workspace/shared/Artifactory/Linux/USD/e5ad5df/lib:/local/S/jenkins/workspace/shared/Artifactory/Linux/rundev-master-debug/202311220725/runtime/79eb375/devkitBase/Qt/lib:/local/S/jenkins/workspace/shared/Artifactory/Linux/rundev-master-debug/202311220725/runtime/79eb375/devkitBase/devkit/ufe/lib:/local/S/jenkins/workspace/shared/Artifactory/Linux/rundev-master-debug/202311220725/runtime/79eb375/runTime/lib"
[2023-11-23T16:26:42.315Z]     
[2023-11-23T16:26:42.315Z]         Building with settings:
[2023-11-23T16:26:42.315Z]           Source directory          /home/S/jenkins/workspace/ECP/ecg-maya-hydra/ecg-maya-hydra-branch-preflight-python3-linux/ecg-maya-hydra/maya-hydra
[2023-11-23T16:26:42.315Z]           Workspace directory       /local/S/jenkins/workspace/ECP/ecg-maya-hydra/ecg-maya-hydra-branch-preflight-python3-linux
[2023-11-23T16:26:42.315Z]           Build directory           /local/S/jenkins/workspace/ECP/ecg-maya-hydra/ecg-maya-hydra-branch-preflight-python3-linux/build/Debug
[2023-11-23T16:26:42.315Z]           Install directory         /local/S/jenkins/workspace/ECP/ecg-maya-hydra/ecg-maya-hydra-branch-preflight-python3-linux/install/Debug/MayaHydra
[2023-11-23T16:26:42.315Z]           Variant                   Debug
[2023-11-23T16:26:42.315Z]           Python Debug              On
[2023-11-23T16:26:42.315Z]           CMake generator           Ninja
[2023-11-23T16:26:42.315Z]           Build arguments           ['-DCMAKE_MAKE_PROGRAM=/local/S/jenkins/workspace/shared/Artifactory/Linux/ninja/1.10.2/9ab399b/ninja', '-DPYTHON_INCLUDE_DIR=/local/S/jenkins/workspace/shared/Artifactory/Linux/rundev-master-debug/202311220725/runtime/79eb375/runTime/include/Python311/Python', '-DPython_EXECUTABLE=/local/S/jenkins/workspace/shared/Artifactory/Linux/rundev-master-debug/202311220725/runtime/79eb375/runTime/bin/mayapy', '-DPYTHON_LIBRARIES=/local/S/jenkins/workspace/shared/Artifactory/Linux/rundev-master-debug/202311220725/runtime/79eb375/runTime/lib/libpython3.11d.so.1.0', '-DBUILD_WITH_PYTHON_3_VERSION=3.11', '-DCMAKE_WANT_MATERIALX_BUILD=ON', '-DCMAKE_PREFIX_PATH=/local/S/jenkins/workspace/shared/Artifactory/Linux/USD/e5ad5df', '-DMAYAHYDRA_BUILD_NUMBER=414', '-DMAYAHYDRA_GIT_COMMIT=a6160e671d724cbd23348caec6efe576ee214353', '-DMAYAHYDRA_GIT_BRANCH=master']
[2023-11-23T16:26:42.315Z]           Stages arguments          ['install']
[2023-11-23T16:26:42.315Z]           CTest arguments           ['--parallel 16']
[2023-11-23T16:26:42.315Z]     Success MayaHydra build and install !!!!
[2023-11-23T16:26:42.315Z]     Elapsed time: 00:00:00
[Pipeline] sh
[2023-11-23T16:26:43.680Z] + scl enable gcc-toolset-11 -
[2023-11-23T16:26:43.680Z] + '[' enable = load -o enable = unload ']'
[2023-11-23T16:26:43.680Z] + /usr/bin/scl enable gcc-toolset-11 -
[2023-11-23T16:26:43.680Z] python ecg-maya-hydra/build.py --stages=install --workspace-dir=/local/S/jenkins/workspace/ECP/ecg-maya-hydra/ecg-maya-hydra-branch-preflight-python3-linux --artifactory-dir=/local/S/jenkins/workspace/shared/Artifactory --build-dir=/local/S/jenkins/workspace/ECP/ecg-maya-hydra/ecg-maya-hydra-branch-preflight-python3-linux/build --install-dir=/local/S/jenkins/workspace/ECP/ecg-maya-hydra/ecg-maya-hydra-branch-preflight-python3-linux/install --signing-dir=/local/S/jenkins/workspace/ECP/ecg-maya-hydra/ecg-maya-hydra-branch-preflight-python3-linux/signing --package-dir=/local/S/jenkins/workspace/ECP/ecg-maya-hydra/ecg-maya-hydra-branch-preflight-python3-linux/package --output-dir=/local/S/jenkins/workspace/ECP/ecg-maya-hydra/ecg-maya-hydra-branch-preflight-python3-linux/output --stash-dir=/local/S/jenkins/workspace/ECP/ecg-maya-hydra/ecg-maya-hydra-branch-preflight-python3-linux/stash --jenkins-build=414 --git-commit=a6160e671d724cbd23348caec6efe576ee214353 --git-branch=master --variants=RelWithDebInfo --interactive-tests=true --post-zips=false --osx-binary-architecture-target=ub2 --osx-deployment-target=11.0 --osx-base-sdk=CurrentActiveSDK --maya-cut-config=maya-rundev-master.yaml --maya-package=rundev-master --stage-banner
[2023-11-23T16:26:43.680Z] Using Maya cut from /local/S/jenkins/workspace/shared/Artifactory/Linux/rundev-master/202311221838/runtime/51417e5
[2023-11-23T16:26:43.680Z] 
[2023-11-23T16:26:43.680Z] ================================================================================
[2023-11-23T16:26:43.680Z]                             install (RelWithDebInfo)
[2023-11-23T16:26:43.680Z] ================================================================================
[2023-11-23T16:26:43.680Z] Maya Python RelWithDebInfo Info:
[2023-11-23T16:26:43.680Z]   mayapy executable   = /local/S/jenkins/workspace/shared/Artifactory/Linux/rundev-master/202311221838/runtime/51417e5/runTime/bin/mayapy
[2023-11-23T16:26:43.680Z]   Include Folder      = /local/S/jenkins/workspace/shared/Artifactory/Linux/rundev-master/202311221838/runtime/51417e5/runTime/include/Python311/Python
[2023-11-23T16:26:43.680Z]   Library             = /local/S/jenkins/workspace/shared/Artifactory/Linux/rundev-master/202311221838/runtime/51417e5/runTime/lib/libpython3.11.so.1.0
[2023-11-23T16:26:43.680Z]   site-package Folder = /local/S/jenkins/workspace/shared/Artifactory/Linux/rundev-master/202311221838/runtime/51417e5/runTime/lib/python3.11/site-packages
[2023-11-23T16:26:44.225Z] In workdir: /home/S/jenkins/workspace/ECP/ecg-maya-hydra/ecg-maya-hydra-branch-preflight-python3-linux/ecg-maya-hydra/maya-hydra
[2023-11-23T16:26:44.225Z] Executing: /local/S/jenkins/workspace/shared/Artifactory/Linux/rundev-master/202311221838/runtime/51417e5/runTime/bin/mayapy /home/S/jenkins/workspace/ECP/ecg-maya-hydra/ecg-maya-hydra-branch-preflight-python3-linux/ecg-maya-hydra/maya-hydra/build.py --generator Ninja --build-relwithdebug --maya-location /local/S/jenkins/workspace/shared/Artifactory/Linux/rundev-master/202311221838/runtime/51417e5/runTime --devkit-location /local/S/jenkins/workspace/shared/Artifactory/Linux/rundev-master/202311221838/runtime/51417e5/devkitBase --pxrusd-location /local/S/jenkins/workspace/shared/Artifactory/Linux/USD/1a43c47 --build-args=-DCMAKE_MAKE_PROGRAM=/local/S/jenkins/workspace/shared/Artifactory/Linux/ninja/1.10.2/9ab399b/ninja,-DPYTHON_INCLUDE_DIR=/local/S/jenkins/workspace/shared/Artifactory/Linux/rundev-master/202311221838/runtime/51417e5/runTime/include/Python311/Python,-DPython_EXECUTABLE=/local/S/jenkins/workspace/shared/Artifactory/Linux/rundev-master/202311221838/runtime/51417e5/runTime/bin/mayapy,-DPYTHON_LIBRARIES=/local/S/jenkins/workspace/shared/Artifactory/Linux/rundev-master/202311221838/runtime/51417e5/runTime/lib/libpython3.11.so.1.0,-DBUILD_WITH_PYTHON_3_VERSION=3.11,-DCMAKE_WANT_MATERIALX_BUILD=ON,-DCMAKE_PREFIX_PATH=/local/S/jenkins/workspace/shared/Artifactory/Linux/USD/1a43c47,-DMAYAHYDRA_BUILD_NUMBER=414,-DMAYAHYDRA_GIT_COMMIT=a6160e671d724cbd23348caec6efe576ee214353,-DMAYAHYDRA_GIT_BRANCH=master '--ctest-args=--parallel 16' --stages=install --redirect-outstream-file=False --install-location /local/S/jenkins/workspace/ECP/ecg-maya-hydra/ecg-maya-hydra-branch-preflight-python3-linux/install/RelWithDebInfo/MayaHydra /local/S/jenkins/workspace/ECP/ecg-maya-hydra/ecg-maya-hydra-branch-preflight-python3-linux
[2023-11-23T16:26:44.225Z] Modified environment variables:
[2023-11-23T16:26:44.225Z]     LD_LIBRARY_PATH=/opt/rh/gcc-toolset-11/root/usr/lib64:/opt/rh/gcc-toolset-11/root/usr/lib64:/opt/rh/gcc-toolset-11/root/usr/lib:/opt/rh/gcc-toolset-11/root/usr/lib64/dyninst:/opt/rh/gcc-toolset-11/root/usr/lib/dyninst
[2023-11-23T16:26:44.225Z]     PATH=/local/S/jenkins/workspace/shared/Artifactory/Linux/cmake/3.20.3/ab685d7/bin:/opt/rh/gcc-toolset-11/root/usr/bin:/home/administrator/.local/bin:/home/administrator/bin:/usr/share/Modules/bin:/usr/local/bin:/usr/local/sbin:/usr/bin:/usr/sbin
[2023-11-23T16:26:44.225Z]     [0/1] Install the project...
[2023-11-23T16:26:44.225Z]     -- Install configuration: "RelWithDebInfo"
[2023-11-23T16:26:44.225Z]     -- Set runtime path of "/local/S/jenkins/workspace/ECP/ecg-maya-hydra/ecg-maya-hydra-branch-preflight-python3-linux/install/RelWithDebInfo/MayaHydra/lib/maya/mayaHydraCppTests.so" to "$ORIGIN/../gtest:/local/S/jenkins/workspace/shared/Artifactory/Linux/USD/1a43c47/lib:/local/S/jenkins/workspace/shared/Artifactory/Linux/rundev-master/202311221838/runtime/51417e5/devkitBase/devkit/ufe/lib:/local/S/jenkins/workspace/shared/Artifactory/Linux/rundev-master/202311221838/runtime/51417e5/runTime/lib"
[2023-11-23T16:26:44.225Z]     -- Set runtime path of "/local/S/jenkins/workspace/ECP/ecg-maya-hydra/ecg-maya-hydra-branch-preflight-python3-linux/install/RelWithDebInfo/MayaHydra/lib/maya/mayaHydra.so" to "$ORIGIN/../../../../../../../../../../../../home/S/jenkins/workspace/shared/Artifactory/Linux/USD/1a43c47/lib:$ORIGIN/..:/local/S/jenkins/workspace/shared/Artifactory/Linux/rundev-master/202311221838/runtime/51417e5/devkitBase/devkit/ufe/lib:/local/S/jenkins/workspace/shared/Artifactory/Linux/USD/1a43c47/lib:/local/S/jenkins/workspace/shared/Artifactory/Linux/rundev-master/202311221838/runtime/51417e5/runTime/lib"
[2023-11-23T16:26:44.225Z]     -- Set runtime path of "/local/S/jenkins/workspace/ECP/ecg-maya-hydra/ecg-maya-hydra-branch-preflight-python3-linux/install/RelWithDebInfo/MayaHydra/lib/libmayaHydraLib.so" to ""
[2023-11-23T16:26:44.225Z]     -- Set runtime path of "/local/S/jenkins/workspace/ECP/ecg-maya-hydra/ecg-maya-hydra-branch-preflight-python3-linux/install/RelWithDebInfo/MayaHydra/lib/libufeExtensions.so" to ""
[2023-11-23T16:26:44.225Z]     -- Set runtime path of "/local/S/jenkins/workspace/ECP/ecg-maya-hydra/ecg-maya-hydra-branch-preflight-python3-linux/install/RelWithDebInfo/MayaHydra/lib/libflowViewport.so" to ""
[2023-11-23T16:26:44.225Z]     -- Set runtime path of "/local/S/jenkins/workspace/ECP/ecg-maya-hydra/ecg-maya-hydra-branch-preflight-python3-linux/install/RelWithDebInfo/MayaHydra/lib/libadskHydraSceneBrowser.so" to ""
[2023-11-23T16:26:44.225Z]     -- Set runtime path of "/local/S/jenkins/workspace/ECP/ecg-maya-hydra/ecg-maya-hydra-branch-preflight-python3-linux/install/RelWithDebInfo/MayaHydra/lib/libadskHydraSceneBrowserTesting.so" to "$ORIGIN/gtest:/local/S/jenkins/workspace/shared/Artifactory/Linux/USD/1a43c47/lib:/local/S/jenkins/workspace/shared/Artifactory/Linux/rundev-master/202311221838/runtime/51417e5/devkitBase/Qt/lib"
[2023-11-23T16:26:44.225Z]     -- Set runtime path of "/local/S/jenkins/workspace/ECP/ecg-maya-hydra/ecg-maya-hydra-branch-preflight-python3-linux/install/RelWithDebInfo/MayaHydra/lib/maya/mayaHydraSceneBrowser.so" to "$ORIGIN/..:/local/S/jenkins/workspace/shared/Artifactory/Linux/USD/1a43c47/lib:/local/S/jenkins/workspace/shared/Artifactory/Linux/rundev-master/202311221838/runtime/51417e5/devkitBase/devkit/ufe/lib:/local/S/jenkins/workspace/shared/Artifactory/Linux/rundev-master/202311221838/runtime/51417e5/devkitBase/Qt/lib:/local/S/jenkins/workspace/shared/Artifactory/Linux/rundev-master/202311221838/runtime/51417e5/runTime/lib"
[2023-11-23T16:26:44.225Z]     -- Set runtime path of "/local/S/jenkins/workspace/ECP/ecg-maya-hydra/ecg-maya-hydra-branch-preflight-python3-linux/install/RelWithDebInfo/MayaHydra/lib/maya/mayaHydraSceneBrowserTest.so" to "$ORIGIN/..:$ORIGIN/../gtest:/local/S/jenkins/workspace/shared/Artifactory/Linux/USD/1a43c47/lib:/local/S/jenkins/workspace/shared/Artifactory/Linux/rundev-master/202311221838/runtime/51417e5/devkitBase/Qt/lib:/local/S/jenkins/workspace/shared/Artifactory/Linux/rundev-master/202311221838/runtime/51417e5/devkitBase/devkit/ufe/lib:/local/S/jenkins/workspace/shared/Artifactory/Linux/rundev-master/202311221838/runtime/51417e5/runTime/lib"
[2023-11-23T16:26:44.225Z]     
[2023-11-23T16:26:44.225Z]         Building with settings:
[2023-11-23T16:26:44.225Z]           Source directory          /home/S/jenkins/workspace/ECP/ecg-maya-hydra/ecg-maya-hydra-branch-preflight-python3-linux/ecg-maya-hydra/maya-hydra
[2023-11-23T16:26:44.225Z]           Workspace directory       /local/S/jenkins/workspace/ECP/ecg-maya-hydra/ecg-maya-hydra-branch-preflight-python3-linux
[2023-11-23T16:26:44.225Z]           Build directory           /local/S/jenkins/workspace/ECP/ecg-maya-hydra/ecg-maya-hydra-branch-preflight-python3-linux/build/RelWithDebInfo
[2023-11-23T16:26:44.225Z]           Install directory         /local/S/jenkins/workspace/ECP/ecg-maya-hydra/ecg-maya-hydra-branch-preflight-python3-linux/install/RelWithDebInfo/MayaHydra
[2023-11-23T16:26:44.225Z]           Variant                   RelWithDebInfo
[2023-11-23T16:26:44.225Z]           Python Debug              Off
[2023-11-23T16:26:44.225Z]           CMake generator           Ninja
[2023-11-23T16:26:44.225Z]           Build arguments           ['-DCMAKE_MAKE_PROGRAM=/local/S/jenkins/workspace/shared/Artifactory/Linux/ninja/1.10.2/9ab399b/ninja', '-DPYTHON_INCLUDE_DIR=/local/S/jenkins/workspace/shared/Artifactory/Linux/rundev-master/202311221838/runtime/51417e5/runTime/include/Python311/Python', '-DPython_EXECUTABLE=/local/S/jenkins/workspace/shared/Artifactory/Linux/rundev-master/202311221838/runtime/51417e5/runTime/bin/mayapy', '-DPYTHON_LIBRARIES=/local/S/jenkins/workspace/shared/Artifactory/Linux/rundev-master/202311221838/runtime/51417e5/runTime/lib/libpython3.11.so.1.0', '-DBUILD_WITH_PYTHON_3_VERSION=3.11', '-DCMAKE_WANT_MATERIALX_BUILD=ON', '-DCMAKE_PREFIX_PATH=/local/S/jenkins/workspace/shared/Artifactory/Linux/USD/1a43c47', '-DMAYAHYDRA_BUILD_NUMBER=414', '-DMAYAHYDRA_GIT_COMMIT=a6160e671d724cbd23348caec6efe576ee214353', '-DMAYAHYDRA_GIT_BRANCH=master']
[2023-11-23T16:26:44.225Z]           Stages arguments          ['install']
[2023-11-23T16:26:44.225Z]           CTest arguments           ['--parallel 16']
[2023-11-23T16:26:44.225Z]     Success MayaHydra build and install !!!!
[2023-11-23T16:26:44.225Z]     Elapsed time: 00:00:00
[Pipeline] }
[Pipeline] // withEnv
[Pipeline] }
[Pipeline] // timeout
[Pipeline] }
[Pipeline] // stage
[Pipeline] }
[Pipeline] // timestamps
[Pipeline] timestamps
[Pipeline] {
[Pipeline] stage
[Pipeline] { (Test)
[Pipeline] timeout
[2023-11-23T16:26:44.581Z] Timeout set to expire in 6 hr 0 min
[Pipeline] {
[Pipeline] withEnv
[Pipeline] {
[Pipeline] sh
[2023-11-23T16:26:45.748Z] + scl enable gcc-toolset-11 -
[2023-11-23T16:26:45.748Z] + '[' enable = load -o enable = unload ']'
[2023-11-23T16:26:45.748Z] + /usr/bin/scl enable gcc-toolset-11 -
[2023-11-23T16:26:45.748Z] python ecg-maya-hydra/build.py --stages=test --workspace-dir=/local/S/jenkins/workspace/ECP/ecg-maya-hydra/ecg-maya-hydra-branch-preflight-python3-linux --artifactory-dir=/local/S/jenkins/workspace/shared/Artifactory --build-dir=/local/S/jenkins/workspace/ECP/ecg-maya-hydra/ecg-maya-hydra-branch-preflight-python3-linux/build --install-dir=/local/S/jenkins/workspace/ECP/ecg-maya-hydra/ecg-maya-hydra-branch-preflight-python3-linux/install --signing-dir=/local/S/jenkins/workspace/ECP/ecg-maya-hydra/ecg-maya-hydra-branch-preflight-python3-linux/signing --package-dir=/local/S/jenkins/workspace/ECP/ecg-maya-hydra/ecg-maya-hydra-branch-preflight-python3-linux/package --output-dir=/local/S/jenkins/workspace/ECP/ecg-maya-hydra/ecg-maya-hydra-branch-preflight-python3-linux/output --stash-dir=/local/S/jenkins/workspace/ECP/ecg-maya-hydra/ecg-maya-hydra-branch-preflight-python3-linux/stash --jenkins-build=414 --git-commit=a6160e671d724cbd23348caec6efe576ee214353 --git-branch=master --variants=RelWithDebInfo --interactive-tests=true --post-zips=false --osx-binary-architecture-target=ub2 --osx-deployment-target=11.0 --osx-base-sdk=CurrentActiveSDK --test-jobs=0 --failed-test-retry=3 --maya-cut-config=maya-rundev-master.yaml --maya-package=rundev-master --stage-banner --progressive-timeout
[2023-11-23T16:26:45.748Z] Using Maya cut from /local/S/jenkins/workspace/shared/Artifactory/Linux/rundev-master/202311221838/runtime/51417e5
[2023-11-23T16:26:45.748Z] 
[2023-11-23T16:26:45.748Z] ================================================================================
[2023-11-23T16:26:45.748Z]                              test (RelWithDebInfo)
[2023-11-23T16:26:45.748Z] ================================================================================
[2023-11-23T16:26:45.748Z] Maya Python RelWithDebInfo Info:
[2023-11-23T16:26:45.748Z]   mayapy executable   = /local/S/jenkins/workspace/shared/Artifactory/Linux/rundev-master/202311221838/runtime/51417e5/runTime/bin/mayapy
[2023-11-23T16:26:45.748Z]   Include Folder      = /local/S/jenkins/workspace/shared/Artifactory/Linux/rundev-master/202311221838/runtime/51417e5/runTime/include/Python311/Python
[2023-11-23T16:26:45.748Z]   Library             = /local/S/jenkins/workspace/shared/Artifactory/Linux/rundev-master/202311221838/runtime/51417e5/runTime/lib/libpython3.11.so.1.0
[2023-11-23T16:26:45.748Z]   site-package Folder = /local/S/jenkins/workspace/shared/Artifactory/Linux/rundev-master/202311221838/runtime/51417e5/runTime/lib/python3.11/site-packages
[2023-11-23T16:26:46.307Z] In workdir: /home/S/jenkins/workspace/ECP/ecg-maya-hydra/ecg-maya-hydra-branch-preflight-python3-linux/ecg-maya-hydra/maya-hydra
[2023-11-23T16:26:46.307Z] Executing: /local/S/jenkins/workspace/shared/Artifactory/Linux/rundev-master/202311221838/runtime/51417e5/runTime/bin/mayapy /home/S/jenkins/workspace/ECP/ecg-maya-hydra/ecg-maya-hydra-branch-preflight-python3-linux/ecg-maya-hydra/maya-hydra/build.py --generator Ninja --build-relwithdebug --maya-location /local/S/jenkins/workspace/shared/Artifactory/Linux/rundev-master/202311221838/runtime/51417e5/runTime --devkit-location /local/S/jenkins/workspace/shared/Artifactory/Linux/rundev-master/202311221838/runtime/51417e5/devkitBase --pxrusd-location /local/S/jenkins/workspace/shared/Artifactory/Linux/USD/1a43c47 --build-args=-DCMAKE_MAKE_PROGRAM=/local/S/jenkins/workspace/shared/Artifactory/Linux/ninja/1.10.2/9ab399b/ninja,-DPYTHON_INCLUDE_DIR=/local/S/jenkins/workspace/shared/Artifactory/Linux/rundev-master/202311221838/runtime/51417e5/runTime/include/Python311/Python,-DPython_EXECUTABLE=/local/S/jenkins/workspace/shared/Artifactory/Linux/rundev-master/202311221838/runtime/51417e5/runTime/bin/mayapy,-DPYTHON_LIBRARIES=/local/S/jenkins/workspace/shared/Artifactory/Linux/rundev-master/202311221838/runtime/51417e5/runTime/lib/libpython3.11.so.1.0,-DBUILD_WITH_PYTHON_3_VERSION=3.11,-DCMAKE_WANT_MATERIALX_BUILD=ON,-DCMAKE_PREFIX_PATH=/local/S/jenkins/workspace/shared/Artifactory/Linux/USD/1a43c47,-DMAYAHYDRA_BUILD_NUMBER=414,-DMAYAHYDRA_GIT_COMMIT=a6160e671d724cbd23348caec6efe576ee214353,-DMAYAHYDRA_GIT_BRANCH=master '--ctest-args=--parallel 16' --stages=test --redirect-outstream-file=False --install-location /local/S/jenkins/workspace/ECP/ecg-maya-hydra/ecg-maya-hydra-branch-preflight-python3-linux/install/RelWithDebInfo/MayaHydra /local/S/jenkins/workspace/ECP/ecg-maya-hydra/ecg-maya-hydra-branch-preflight-python3-linux
[2023-11-23T16:26:46.307Z] Modified environment variables:
[2023-11-23T16:26:46.307Z]     LD_LIBRARY_PATH=/opt/rh/gcc-toolset-11/root/usr/lib64:/opt/rh/gcc-toolset-11/root/usr/lib64:/opt/rh/gcc-toolset-11/root/usr/lib:/opt/rh/gcc-toolset-11/root/usr/lib64/dyninst:/opt/rh/gcc-toolset-11/root/usr/lib/dyninst
[2023-11-23T16:26:46.307Z]     PATH=/local/S/jenkins/workspace/shared/Artifactory/Linux/cmake/3.20.3/ab685d7/bin:/opt/rh/gcc-toolset-11/root/usr/bin:/home/administrator/.local/bin:/home/administrator/bin:/usr/share/Modules/bin:/usr/local/bin:/usr/local/sbin:/usr/bin:/usr/sbin
[2023-11-23T16:26:46.307Z]     Test project /home/S/jenkins/workspace/ECP/ecg-maya-hydra/ecg-maya-hydra-branch-preflight-python3-linux/build/RelWithDebInfo
[2023-11-23T16:26:46.307Z]           Start  1: _Interactive_Maya
[2023-11-23T16:26:46.307Z]      1/21 Test  #1: _Interactive_Maya ...........................***Not Run (Disabled)   0.00 sec
[2023-11-23T16:26:46.307Z]           Start  2: testImageDiffing
[2023-11-23T16:26:46.307Z]           Start  3: testMtohCommand
[2023-11-23T16:26:46.307Z]           Start  4: testMeshes
[2023-11-23T16:26:46.307Z]           Start  5: testNamespaces
[2023-11-23T16:26:46.307Z]           Start  6: testVisibility
[2023-11-23T16:26:46.307Z]           Start  7: testRendererSwitching
[2023-11-23T16:26:46.307Z]           Start  8: testSceneBrowser
[2023-11-23T16:26:46.307Z]           Start  9: testStageAddPrim
[2023-11-23T16:26:46.307Z]           Start 10: testNewSceneWithStage
[2023-11-23T16:26:46.307Z]           Start 11: testDirectionalLights
[2023-11-23T16:26:46.307Z]           Start 12: testColorPreferences
[2023-11-23T16:26:46.307Z]           Start 13: testCppFramework
[2023-11-23T16:26:46.307Z]           Start 14: testMayaSceneFlattening
[2023-11-23T16:26:46.307Z]           Start 15: testMayaUsdUfeItems
[2023-11-23T16:26:46.307Z]           Start 16: testMergingSceneIndex
[2023-11-23T16:26:46.307Z]           Start 17: testSelectionSceneIndex
[2023-11-23T16:26:54.295Z]      2/21 Test  #8: testSceneBrowser ............................   Passed    7.58 sec
[2023-11-23T16:26:54.295Z]           Start 18: testWireframeSelectionHighlightSceneIndex
[2023-11-23T16:26:54.295Z]      3/21 Test #11: testDirectionalLights .......................   Passed    7.65 sec
[2023-11-23T16:26:54.295Z]           Start 19: testFlowViewportAPIViewportInformation
[2023-11-23T16:26:54.850Z]      4/21 Test  #4: testMeshes ..................................   Passed    8.49 sec
[2023-11-23T16:26:54.850Z]           Start 20: testUsdStageLayerMuting
[2023-11-23T16:26:54.850Z]      5/21 Test #10: testNewSceneWithStage .......................   Passed    8.69 sec
[2023-11-23T16:26:54.850Z]           Start 21: testMeshes_meshAdapter
[2023-11-23T16:26:55.410Z]      6/21 Test  #9: testStageAddPrim ............................   Passed    8.88 sec
[2023-11-23T16:26:55.410Z]      7/21 Test #15: testMayaUsdUfeItems .........................   Passed    8.95 sec
[2023-11-23T16:26:55.410Z]      8/21 Test #17: testSelectionSceneIndex .....................   Passed    9.13 sec
[2023-11-23T16:26:55.410Z]      9/21 Test  #3: testMtohCommand .............................   Passed    9.25 sec
[2023-11-23T16:26:56.546Z]     10/21 Test  #7: testRendererSwitching .......................   Passed   10.12 sec
[2023-11-23T16:26:56.546Z]     11/21 Test  #5: testNamespaces ..............................   Passed   10.18 sec
[2023-11-23T16:26:56.546Z]     12/21 Test #13: testCppFramework ............................   Passed   10.22 sec
[2023-11-23T16:26:56.546Z]     13/21 Test #14: testMayaSceneFlattening .....................   Passed   10.26 sec
[2023-11-23T16:26:56.546Z]     14/21 Test #16: testMergingSceneIndex .......................   Passed   10.26 sec
[2023-11-23T16:26:57.089Z]     15/21 Test #12: testColorPreferences ........................   Passed   10.46 sec
[2023-11-23T16:26:57.089Z]     16/21 Test  #6: testVisibility ..............................   Passed   10.76 sec
[2023-11-23T16:26:57.089Z]     17/21 Test  #2: testImageDiffing ............................   Passed   10.88 sec
[2023-11-23T16:27:00.821Z]     18/21 Test #18: testWireframeSelectionHighlightSceneIndex ...   Passed    6.93 sec
[2023-11-23T16:27:01.364Z]     19/21 Test #20: testUsdStageLayerMuting .....................   Passed    6.36 sec
[2023-11-23T16:27:01.364Z]     20/21 Test #19: testFlowViewportAPIViewportInformation ......   Passed    7.51 sec
[2023-11-23T16:27:01.915Z]     21/21 Test #21: testMeshes_meshAdapter ......................   Passed    6.81 sec
[2023-11-23T16:27:01.915Z]     
[2023-11-23T16:27:01.915Z]     100% tests passed, 0 tests failed out of 20
[2023-11-23T16:27:01.915Z]     
[2023-11-23T16:27:01.915Z]     Label Time Summary:
[2023-11-23T16:27:01.915Z]     Debugging      =   0.00 sec*proc (1 test)
[2023-11-23T16:27:01.915Z]     interactive    = 179.39 sec*proc (20 tests)
[2023-11-23T16:27:01.915Z]     mayaHydra      = 179.39 sec*proc (20 tests)
[2023-11-23T16:27:01.915Z]     
[2023-11-23T16:27:01.915Z]     Total Test time (real) =  15.52 sec
[2023-11-23T16:27:01.915Z]     
[2023-11-23T16:27:01.915Z]     The following tests did not run:
[2023-11-23T16:27:01.915Z]     	  1 - _Interactive_Maya (Disabled)
[2023-11-23T16:27:01.915Z]     
[2023-11-23T16:27:01.915Z]         Building with settings:
[2023-11-23T16:27:01.915Z]           Source directory          /home/S/jenkins/workspace/ECP/ecg-maya-hydra/ecg-maya-hydra-branch-preflight-python3-linux/ecg-maya-hydra/maya-hydra
[2023-11-23T16:27:01.915Z]           Workspace directory       /local/S/jenkins/workspace/ECP/ecg-maya-hydra/ecg-maya-hydra-branch-preflight-python3-linux
[2023-11-23T16:27:01.915Z]           Build directory           /local/S/jenkins/workspace/ECP/ecg-maya-hydra/ecg-maya-hydra-branch-preflight-python3-linux/build/RelWithDebInfo
[2023-11-23T16:27:01.915Z]           Install directory         /local/S/jenkins/workspace/ECP/ecg-maya-hydra/ecg-maya-hydra-branch-preflight-python3-linux/install/RelWithDebInfo/MayaHydra
[2023-11-23T16:27:01.915Z]           Variant                   RelWithDebInfo
[2023-11-23T16:27:01.915Z]           Python Debug              Off
[2023-11-23T16:27:01.915Z]           CMake generator           Ninja
[2023-11-23T16:27:01.915Z]           Build arguments           ['-DCMAKE_MAKE_PROGRAM=/local/S/jenkins/workspace/shared/Artifactory/Linux/ninja/1.10.2/9ab399b/ninja', '-DPYTHON_INCLUDE_DIR=/local/S/jenkins/workspace/shared/Artifactory/Linux/rundev-master/202311221838/runtime/51417e5/runTime/include/Python311/Python', '-DPython_EXECUTABLE=/local/S/jenkins/workspace/shared/Artifactory/Linux/rundev-master/202311221838/runtime/51417e5/runTime/bin/mayapy', '-DPYTHON_LIBRARIES=/local/S/jenkins/workspace/shared/Artifactory/Linux/rundev-master/202311221838/runtime/51417e5/runTime/lib/libpython3.11.so.1.0', '-DBUILD_WITH_PYTHON_3_VERSION=3.11', '-DCMAKE_WANT_MATERIALX_BUILD=ON', '-DCMAKE_PREFIX_PATH=/local/S/jenkins/workspace/shared/Artifactory/Linux/USD/1a43c47', '-DMAYAHYDRA_BUILD_NUMBER=414', '-DMAYAHYDRA_GIT_COMMIT=a6160e671d724cbd23348caec6efe576ee214353', '-DMAYAHYDRA_GIT_BRANCH=master']
[2023-11-23T16:27:01.915Z]           Stages arguments          ['test']
[2023-11-23T16:27:01.915Z]           CTest arguments           ['--parallel 16']
[2023-11-23T16:27:01.915Z]     Success running MayaHydra tests !!!!
[Pipeline] }
[Pipeline] // withEnv
[Pipeline] }
[Pipeline] // timeout
[Pipeline] }
[Pipeline] // stage
[Pipeline] }
[Pipeline] // timestamps
[Pipeline] timestamps
[Pipeline] {
[Pipeline] stage
[Pipeline] { (Cleanup)
[Pipeline] timeout
[2023-11-23T16:27:02.272Z] Timeout set to expire in 6 hr 0 min
[Pipeline] {
[Pipeline] withEnv
[Pipeline] {
[Pipeline] sh
[2023-11-23T16:27:03.505Z] + scl enable gcc-toolset-11 -
[2023-11-23T16:27:03.505Z] + '[' enable = load -o enable = unload ']'
[2023-11-23T16:27:03.505Z] + /usr/bin/scl enable gcc-toolset-11 -
[2023-11-23T16:27:03.505Z] python ecg-maya-hydra/build.py --stages=cleanup --workspace-dir=/local/S/jenkins/workspace/ECP/ecg-maya-hydra/ecg-maya-hydra-branch-preflight-python3-linux --artifactory-dir=/local/S/jenkins/workspace/shared/Artifactory --build-dir=/local/S/jenkins/workspace/ECP/ecg-maya-hydra/ecg-maya-hydra-branch-preflight-python3-linux/build --install-dir=/local/S/jenkins/workspace/ECP/ecg-maya-hydra/ecg-maya-hydra-branch-preflight-python3-linux/install --signing-dir=/local/S/jenkins/workspace/ECP/ecg-maya-hydra/ecg-maya-hydra-branch-preflight-python3-linux/signing --package-dir=/local/S/jenkins/workspace/ECP/ecg-maya-hydra/ecg-maya-hydra-branch-preflight-python3-linux/package --output-dir=/local/S/jenkins/workspace/ECP/ecg-maya-hydra/ecg-maya-hydra-branch-preflight-python3-linux/output --stash-dir=/local/S/jenkins/workspace/ECP/ecg-maya-hydra/ecg-maya-hydra-branch-preflight-python3-linux/stash --jenkins-build=414 --git-commit=a6160e671d724cbd23348caec6efe576ee214353 --git-branch=master --variants=Debug --interactive-tests=true --post-zips=false --osx-binary-architecture-target=ub2 --osx-deployment-target=11.0 --osx-base-sdk=CurrentActiveSDK --maya-cut-config=maya-rundev-master-debug.yaml --maya-package=rundev-master-debug --stage-banner
[2023-11-23T16:27:03.505Z] Using Maya cut from /local/S/jenkins/workspace/shared/Artifactory/Linux/rundev-master-debug/202311220725/runtime/79eb375
[2023-11-23T16:27:03.505Z] 
[2023-11-23T16:27:03.505Z] ================================================================================
[2023-11-23T16:27:03.505Z]                                cleanup (Finalize)
[2023-11-23T16:27:03.505Z] ================================================================================
[2023-11-23T16:27:03.505Z] Cleaning up workspace
[2023-11-23T16:27:03.505Z] Removing directory: /local/S/jenkins/workspace/ECP/ecg-maya-hydra/ecg-maya-hydra-branch-preflight-python3-linux/build
[2023-11-23T16:27:03.727Z] Removing directory: /local/S/jenkins/workspace/ECP/ecg-maya-hydra/ecg-maya-hydra-branch-preflight-python3-linux/install
[Pipeline] sh
[2023-11-23T16:27:04.890Z] + scl enable gcc-toolset-11 -
[2023-11-23T16:27:04.890Z] + '[' enable = load -o enable = unload ']'
[2023-11-23T16:27:04.890Z] + /usr/bin/scl enable gcc-toolset-11 -
[2023-11-23T16:27:04.890Z] python ecg-maya-hydra/build.py --stages=cleanup --workspace-dir=/local/S/jenkins/workspace/ECP/ecg-maya-hydra/ecg-maya-hydra-branch-preflight-python3-linux --artifactory-dir=/local/S/jenkins/workspace/shared/Artifactory --build-dir=/local/S/jenkins/workspace/ECP/ecg-maya-hydra/ecg-maya-hydra-branch-preflight-python3-linux/build --install-dir=/local/S/jenkins/workspace/ECP/ecg-maya-hydra/ecg-maya-hydra-branch-preflight-python3-linux/install --signing-dir=/local/S/jenkins/workspace/ECP/ecg-maya-hydra/ecg-maya-hydra-branch-preflight-python3-linux/signing --package-dir=/local/S/jenkins/workspace/ECP/ecg-maya-hydra/ecg-maya-hydra-branch-preflight-python3-linux/package --output-dir=/local/S/jenkins/workspace/ECP/ecg-maya-hydra/ecg-maya-hydra-branch-preflight-python3-linux/output --stash-dir=/local/S/jenkins/workspace/ECP/ecg-maya-hydra/ecg-maya-hydra-branch-preflight-python3-linux/stash --jenkins-build=414 --git-commit=a6160e671d724cbd23348caec6efe576ee214353 --git-branch=master --variants=RelWithDebInfo --interactive-tests=true --post-zips=false --osx-binary-architecture-target=ub2 --osx-deployment-target=11.0 --osx-base-sdk=CurrentActiveSDK --maya-cut-config=maya-rundev-master.yaml --maya-package=rundev-master --stage-banner
[2023-11-23T16:27:04.890Z] Using Maya cut from /local/S/jenkins/workspace/shared/Artifactory/Linux/rundev-master/202311221838/runtime/51417e5
[2023-11-23T16:27:04.890Z] 
[2023-11-23T16:27:04.890Z] ================================================================================
[2023-11-23T16:27:04.890Z]                                cleanup (Finalize)
[2023-11-23T16:27:04.890Z] ================================================================================
[2023-11-23T16:27:04.890Z] Cleaning up workspace
[Pipeline] }
[Pipeline] // withEnv
[Pipeline] }
[Pipeline] // timeout
[Pipeline] }
[Pipeline] // stage
[Pipeline] }
[Pipeline] // timestamps
[Pipeline] }
[Pipeline] // node
[Pipeline] End of Pipeline
[Checks API] No suitable checks publisher found.
Finished: SUCCESS
