[2023-11-23T16:24:37.606Z] ================================================================================
[2023-11-23T16:24:37.606Z]                                  setup (Debug)
[2023-11-23T16:24:37.606Z] ================================================================================
[Pipeline] bat
[2023-11-23T16:24:38.336Z] Deleting alias drive W:
[Pipeline] bat
[2023-11-23T16:24:38.982Z] Deleting alias drive P:
[Pipeline] bat
[2023-11-23T16:24:39.791Z] Creating alias drive P: to S:\jenkins\workspace
[Pipeline] bat
[2023-11-23T16:24:40.822Z] Creating alias drive W: to S:\Jenkins\workspace\ECP\ecg-maya-hydra\ecg-maya-hydra-branch-preflight-python3-windows
[Pipeline] bat
[2023-11-23T16:24:42.419Z] "C:\Program Files\Microsoft Visual Studio\2022\Professional\VC\Auxiliary\Build\vcvarsall.bat" x64
[2023-11-23T16:24:42.419Z] **********************************************************************
[2023-11-23T16:24:42.419Z] ** Visual Studio 2022 Developer Command Prompt v17.3.2
[2023-11-23T16:24:42.419Z] ** Copyright (c) 2022 Microsoft Corporation
[2023-11-23T16:24:42.419Z] **********************************************************************
[2023-11-23T16:24:44.582Z] [vcvarsall.bat] Environment initialized for: 'x64'
[2023-11-23T16:24:44.582Z] python ecg-maya-hydra/build.py --stages=setup --workspace-dir=W:\ --artifactory-dir=P:\shared\Artifactory --build-dir=W:\build --install-dir=W:\install --signing-dir=W:\signing --package-dir=W:\package --output-dir=W:\output --stash-dir=W:\stash --jenkins-build=414 --git-commit=a6160e671d724cbd23348caec6efe576ee214353 --git-branch=master --variants=RelWithDebInfo --interactive-tests=true --post-zips=false --osx-binary-architecture-target=ub2 --osx-deployment-target=11.0 --osx-base-sdk=CurrentActiveSDK --extra-license-file=ecg-maya-hydra/jenkins-o03-cot/melicense.lic --prune-versions=3 --prune-revisions=3 --maya-cut-config=maya-rundev-master.yaml --maya-package=rundev-master --stage-banner --prune-artifacts --force-pruning
[2023-11-23T16:24:44.950Z] Getting rundev-master download URL from Maya SHA-1 hash
[2023-11-23T16:24:44.950Z] Finding Artifactory servers response times
[2023-11-23T16:24:48.016Z] [VERBOSE] Start loading URL (CURL): https://art-bobcat.autodesk.com/artifactory/api/system/ping
[2023-11-23T16:24:48.017Z] [DEBUG] Running: C:\WINDOWS\system32\curl.exe -s -X GET --keepalive-time 10 --connect-timeout 60 --speed-limit 10000 --speed-time 120 --max-time 1800 --retry 5 --retry-max-time 2400 -H Connection:close https://art-bobcat.autodesk.com/artifactory/api/system/ping
[2023-11-23T16:24:48.017Z] [DEBUG] Output:
[2023-11-23T16:24:48.017Z] OK
[2023-11-23T16:24:48.017Z] [VERBOSE] End loading URL (CURL): https://art-bobcat.autodesk.com/artifactory/api/system/ping
[2023-11-23T16:24:48.017Z] [VERBOSE] Start loading URL (CURL): https://art-marmotte.autodesk.com/artifactory/api/system/ping
[2023-11-23T16:24:48.017Z] [DEBUG] Running: C:\WINDOWS\system32\curl.exe -s -X GET --keepalive-time 10 --connect-timeout 60 --speed-limit 10000 --speed-time 120 --max-time 1800 --retry 5 --retry-max-time 2400 -H Connection:close https://art-marmotte.autodesk.com/artifactory/api/system/ping
[2023-11-23T16:24:48.017Z] [DEBUG] Output:
[2023-11-23T16:24:48.017Z] OK
[2023-11-23T16:24:48.017Z] [VERBOSE] End loading URL (CURL): https://art-marmotte.autodesk.com/artifactory/api/system/ping
[2023-11-23T16:24:48.017Z] [VERBOSE] Start loading URL (CURL): https://art-bear.autodesk.com/artifactory/api/system/ping
[2023-11-23T16:24:48.017Z] [DEBUG] Running: C:\WINDOWS\system32\curl.exe -s -X GET --keepalive-time 10 --connect-timeout 60 --speed-limit 10000 --speed-time 120 --max-time 1800 --retry 5 --retry-max-time 2400 -H Connection:close https://art-bear.autodesk.com/artifactory/api/system/ping
[2023-11-23T16:24:48.017Z] [DEBUG] Output:
[2023-11-23T16:24:48.017Z] OK
[2023-11-23T16:24:48.017Z] [VERBOSE] End loading URL (CURL): https://art-bear.autodesk.com/artifactory/api/system/ping
[2023-11-23T16:24:48.017Z] [VERBOSE] Start loading URL (CURL): https://art-bobcat.autodesk.com/artifactory/api/search/checksum?repos=autodesk-3p-generic,adsk-build-tools-generic,team-ecg-generic,team-maya-generic,oss-stg-generic&sha1=0c83665f9aa96e5584b6576e3516d5a56b18ffe0
[2023-11-23T16:24:48.017Z] [DEBUG] Running: C:\WINDOWS\system32\curl.exe -s -X GET --keepalive-time 10 --connect-timeout 60 --speed-limit 10000 --speed-time 120 --max-time 1800 --retry 5 --retry-max-time 2400 -H Connection:close -H Authorization:Basic ZWNnYmlmcm9zdDpvcGUqKjAw https://art-bobcat.autodesk.com/artifactory/api/search/checksum?repos=autodesk-3p-generic,adsk-build-tools-generic,team-ecg-generic,team-maya-generic,oss-stg-generic&sha1=0c83665f9aa96e5584b6576e3516d5a56b18ffe0
[2023-11-23T16:24:48.017Z] [DEBUG] Output:
[2023-11-23T16:24:48.017Z] {
[2023-11-23T16:24:48.017Z]   "results" : [ {
[2023-11-23T16:24:48.017Z]     "uri" : "https://art-bobcat.autodesk.com:443/artifactory/api/storage/team-maya-generic/Maya/master/px64/2023-11-22-18-38_cd9ddcb480/202311221838-cd9ddcb480-RUNDEV.zip"
[2023-11-23T16:24:48.017Z]   } ]
[2023-11-23T16:24:48.017Z] }
[2023-11-23T16:24:48.017Z] [VERBOSE] End loading URL (CURL): https://art-bobcat.autodesk.com/artifactory/api/search/checksum?repos=autodesk-3p-generic,adsk-build-tools-generic,team-ecg-generic,team-maya-generic,oss-stg-generic&sha1=0c83665f9aa96e5584b6576e3516d5a56b18ffe0
[2023-11-23T16:24:48.017Z] [VERBOSE] Start loading URL (CURL): https://art-bobcat.autodesk.com:443/artifactory/api/storage/team-maya-generic/Maya/master/px64/2023-11-22-18-38_cd9ddcb480/202311221838-cd9ddcb480-RUNDEV.zip
[2023-11-23T16:24:48.017Z] [DEBUG] Running: C:\WINDOWS\system32\curl.exe -s -X GET --keepalive-time 10 --connect-timeout 60 --speed-limit 10000 --speed-time 120 --max-time 1800 --retry 5 --retry-max-time 2400 -H Connection:close -H Authorization:Basic ZWNnYmlmcm9zdDpvcGUqKjAw https://art-bobcat.autodesk.com:443/artifactory/api/storage/team-maya-generic/Maya/master/px64/2023-11-22-18-38_cd9ddcb480/202311221838-cd9ddcb480-RUNDEV.zip
[2023-11-23T16:24:48.017Z] [DEBUG] Output:
[2023-11-23T16:24:48.017Z] {
[2023-11-23T16:24:48.017Z]   "repo" : "team-maya-generic",
[2023-11-23T16:24:48.017Z]   "path" : "/Maya/master/px64/2023-11-22-18-38_cd9ddcb480/202311221838-cd9ddcb480-RUNDEV.zip",
[2023-11-23T16:24:48.017Z]   "created" : "2023-11-22T20:47:41.373-08:00",
[2023-11-23T16:24:48.017Z]   "createdBy" : "svc_p_mescm",
[2023-11-23T16:24:48.017Z]   "lastModified" : "2023-11-22T20:40:47.916-08:00",
[2023-11-23T16:24:48.017Z]   "modifiedBy" : "svc_p_mescm",
[2023-11-23T16:24:48.017Z]   "lastUpdated" : "2023-11-22T20:47:41.375-08:00",
[2023-11-23T16:24:48.017Z]   "downloadUri" : "https://art-bobcat.autodesk.com:443/artifactory/team-maya-generic/Maya/master/px64/2023-11-22-18-38_cd9ddcb480/202311221838-cd9ddcb480-RUNDEV.zip",
[2023-11-23T16:24:48.017Z]   "mimeType" : "application/zip",
[2023-11-23T16:24:48.017Z]   "size" : "2540702671",
[2023-11-23T16:24:48.017Z]   "checksums" : {
[2023-11-23T16:24:48.017Z]     "sha1" : "0c83665f9aa96e5584b6576e3516d5a56b18ffe0",
[2023-11-23T16:24:48.017Z]     "md5" : "a04f00b560fa00946634c42b8a41c52c",
[2023-11-23T16:24:48.017Z]     "sha256" : "faf146f5dbae49d95de329b4baf9a016f176cc26e0d39650941793105dd0f415"
[2023-11-23T16:24:48.017Z]   },
[2023-11-23T16:24:48.017Z]   "originalChecksums" : {
[2023-11-23T16:24:48.017Z]     "sha1" : "0c83665f9aa96e5584b6576e3516d5a56b18ffe0",
[2023-11-23T16:24:48.017Z]     "md5" : "a04f00b560fa00946634c42b8a41c52c",
[2023-11-23T16:24:48.017Z]     "sha256" : "faf146f5dbae49d95de329b4baf9a016f176cc26e0d39650941793105dd0f415"
[2023-11-23T16:24:48.017Z]   },
[2023-11-23T16:24:48.017Z]   "uri" : "https://art-bobcat.autodesk.com:443/artifactory/api/storage/team-maya-generic/Maya/master/px64/2023-11-22-18-38_cd9ddcb480/202311221838-cd9ddcb480-RUNDEV.zip"
[2023-11-23T16:24:48.017Z] }
[2023-11-23T16:24:48.017Z] [VERBOSE] End loading URL (CURL): https://art-bobcat.autodesk.com:443/artifactory/api/storage/team-maya-generic/Maya/master/px64/2023-11-22-18-38_cd9ddcb480/202311221838-cd9ddcb480-RUNDEV.zip
[2023-11-23T16:24:48.017Z] Using Maya cut from P:\shared\Artifactory\Windows\rundev-master\202311221838\runtime\0c83665
[2023-11-23T16:24:48.017Z] Using Maya ADSK Signatures from P:\shared\Artifactory\Windows\adsk-plugin-signatures-maya\2023\3ae1ae7
[2023-11-23T16:24:48.017Z] Using Maya Security Library from P:\shared\Artifactory\Windows\maya-security-library\3.4.0\284407f
[2023-11-23T16:24:48.017Z] 
[2023-11-23T16:24:48.017Z] ================================================================================
[2023-11-23T16:24:48.017Z]                              setup (RelWithDebInfo)
[2023-11-23T16:24:48.017Z] ================================================================================
[Pipeline] bat
[2023-11-23T16:24:48.636Z] Deleting alias drive W:
[Pipeline] bat
[2023-11-23T16:24:49.795Z] Deleting alias drive P:
[Pipeline] }
[Pipeline] // withEnv
[Pipeline] }
[Pipeline] // timeout
[Pipeline] }
[Pipeline] // stage
[Pipeline] }
[Pipeline] // timestamps
[Pipeline] timestamps
[Pipeline] {
[Pipeline] stage
[Pipeline] { (Clean)
[Pipeline] timeout
[2023-11-23T16:24:49.988Z] Timeout set to expire in 6 hr 0 min
[Pipeline] {
[Pipeline] withEnv
[Pipeline] {
[Pipeline] bat
[2023-11-23T16:24:50.593Z] Creating alias drive P: to S:\jenkins\workspace
[Pipeline] bat
[2023-11-23T16:24:51.220Z] Creating alias drive W: to S:\Jenkins\workspace\ECP\ecg-maya-hydra\ecg-maya-hydra-branch-preflight-python3-windows
[Pipeline] bat
[2023-11-23T16:24:52.000Z] "C:\Program Files\Microsoft Visual Studio\2022\Professional\VC\Auxiliary\Build\vcvarsall.bat" x64
[2023-11-23T16:24:52.000Z] **********************************************************************
[2023-11-23T16:24:52.000Z] ** Visual Studio 2022 Developer Command Prompt v17.3.2
[2023-11-23T16:24:52.000Z] ** Copyright (c) 2022 Microsoft Corporation
[2023-11-23T16:24:52.000Z] **********************************************************************
[2023-11-23T16:24:53.701Z] [vcvarsall.bat] Environment initialized for: 'x64'
[2023-11-23T16:24:53.701Z] python ecg-maya-hydra/build.py --stages=clean --workspace-dir=W:\ --artifactory-dir=P:\shared\Artifactory --build-dir=W:\build --install-dir=W:\install --signing-dir=W:\signing --package-dir=W:\package --output-dir=W:\output --stash-dir=W:\stash --jenkins-build=414 --git-commit=a6160e671d724cbd23348caec6efe576ee214353 --git-branch=master --variants=Debug --interactive-tests=true --post-zips=false --osx-binary-architecture-target=ub2 --osx-deployment-target=11.0 --osx-base-sdk=CurrentActiveSDK --maya-cut-config=maya-rundev-master-debug.yaml --maya-package=rundev-master-debug --stage-banner
[2023-11-23T16:24:54.879Z] Using Maya cut from P:\shared\Artifactory\Windows\rundev-master-debug\202311220725\runtime\a121a89
[2023-11-23T16:24:54.879Z] Using Maya ADSK Signatures from P:\shared\Artifactory\Windows\adsk-plugin-signatures-maya\2023\3ae1ae7
[2023-11-23T16:24:54.879Z] Using Maya Security Library from P:\shared\Artifactory\Windows\maya-security-library\3.4.0\284407f
[2023-11-23T16:24:54.879Z] 
[2023-11-23T16:24:54.879Z] ================================================================================
[2023-11-23T16:24:54.879Z]                                  clean (Debug)
[2023-11-23T16:24:54.879Z] ================================================================================
[2023-11-23T16:24:54.879Z] Maya Python Debug Info:
[2023-11-23T16:24:54.879Z]   mayapy executable   = P:\shared\Artifactory\Windows\rundev-master-debug\202311220725\runtime\a121a89\runTime\bin\mayapy.exe
[2023-11-23T16:24:54.879Z]   Include Folder      = P:\shared\Artifactory\Windows\rundev-master-debug\202311220725\runtime\a121a89\runTime\include\Python311\Python
[2023-11-23T16:24:54.879Z]   Library             = P:\shared\Artifactory\Windows\rundev-master-debug\202311220725\runtime\a121a89\runTime\lib\python311_d.lib
[2023-11-23T16:24:54.879Z]   site-package Folder = P:\shared\Artifactory\Windows\rundev-master-debug\202311220725\runtime\a121a89\runTime\Python\Lib\site-packages
[2023-11-23T16:24:57.190Z] 
[2023-11-23T16:24:57.190Z]             WARNING: The 'psutil' python package isn't installed. Thus, Peptide
[2023-11-23T16:24:57.190Z]             won't be able to determine the amount of RAM available. It will assume
[2023-11-23T16:24:57.190Z]             that your machine has only 16GB available, and will limit the number
[2023-11-23T16:24:57.190Z]             the number of link jobs being performed in parallel. This can
[2023-11-23T16:24:57.190Z]             negatively affect your build times.
[2023-11-23T16:24:57.190Z] 
[2023-11-23T16:24:57.190Z]             Please 'pip(3) install psutil' to resolve this.
[2023-11-23T16:24:57.190Z]             
[2023-11-23T16:24:57.190Z] In workdir: S:\Jenkins\workspace\ECP\ecg-maya-hydra\ecg-maya-hydra-branch-preflight-python3-windows\ecg-maya-hydra\maya-hydra
[2023-11-23T16:24:57.190Z] Executing: 'P:\\shared\\Artifactory\\Windows\\rundev-master-debug\\202311220725\\runtime\\a121a89\\runTime\\bin\\mayapy.exe' 'S:\\Jenkins\\workspace\\ECP\\ecg-maya-hydra\\ecg-maya-hydra-branch-preflight-python3-windows\\ecg-maya-hydra\\maya-hydra\\build.py' --generator Ninja --build-debug --maya-location 'P:\\shared\\Artifactory\\Windows\\rundev-master-debug\\202311220725\\runtime\\a121a89\\runTime' --devkit-location 'P:\\shared\\Artifactory\\Windows\\rundev-master-debug\\202311220725\\runtime\\a121a89\\devkitBase' --pxrusd-location 'P:\\shared\\Artifactory\\Windows\\USD\\01f407c' '--build-args=-DCMAKE_MAKE_PROGRAM=P:/shared/Artifactory/Windows/ninja/1.10.2/ccacdf8/ninja.exe,-DPYTHON_INCLUDE_DIR=P:/shared/Artifactory/Windows/rundev-master-debug/202311220725/runtime/a121a89/runTime/include/Python311/Python,-DPython_EXECUTABLE=P:/shared/Artifactory/Windows/rundev-master-debug/202311220725/runtime/a121a89/runTime/bin/mayapy.exe,-DPYTHON_LIBRARIES=P:/shared/Artifactory/Windows/rundev-master-debug/202311220725/runtime/a121a89/runTime/lib/python311_d.lib,-DBUILD_WITH_PYTHON_3_VERSION=3.11,-DCMAKE_WANT_MATERIALX_BUILD=ON,-DCMAKE_PREFIX_PATH=P:\\shared\\Artifactory\\Windows\\USD\\01f407c,-DMAYAHYDRA_BUILD_NUMBER=414,-DMAYAHYDRA_GIT_COMMIT=a6160e671d724cbd23348caec6efe576ee214353,-DMAYAHYDRA_GIT_BRANCH=master' --debug-python '--ctest-args=--parallel 16' --stages=clean --redirect-outstream-file=False --install-location 'W:\\install\\Debug\\MayaHydra' 'W:\\'
[2023-11-23T16:24:57.190Z] Modified environment variables:
[2023-11-23T16:24:57.190Z]     PATH=P:\shared\Artifactory\Windows\cmake\3.20.3\afe857a\bin;C:\Python27\lib\site-packages\pywin32_system32;C:\Program Files\Microsoft Visual Studio\2022\Professional\VC\Tools\MSVC\14.33.31629\bin\HostX64\x64;C:\Program Files\Microsoft Visual Studio\2022\Professional\Common7\IDE\VC\VCPackages;C:\Program Files\Microsoft Visual Studio\2022\Professional\Common7\IDE\CommonExtensions\Microsoft\TestWindow;C:\Program Files\Microsoft Visual Studio\2022\Professional\Common7\IDE\CommonExtensions\Microsoft\TeamFoundation\Team Explorer;C:\Program Files\Microsoft Visual Studio\2022\Professional\MSBuild\Current\bin\Roslyn;C:\Program Files\Microsoft Visual Studio\2022\Professional\Team Tools\Performance Tools\x64;C:\Program Files\Microsoft Visual Studio\2022\Professional\Team Tools\Performance Tools;C:\Program Files (x86)\Microsoft Visual Studio\Shared\Common\VSPerfCollectionTools\vs2019\\x64;C:\Program Files (x86)\Microsoft Visual Studio\Shared\Common\VSPerfCollectionTools\vs2019\;C:\Program Files (x86)\Microsoft SDKs\Windows\v10.0A\bin\NETFX 4.8 Tools\x64\;C:\Program Files (x86)\HTML Help Workshop;C:\Program Files\Microsoft Visual Studio\2022\Professional\Common7\IDE\CommonExtensions\Microsoft\FSharp\Tools;C:\Program Files (x86)\Windows Kits\10\bin\10.0.19041.0\\x64;C:\Program Files (x86)\Windows Kits\10\bin\\x64;C:\Program Files\Microsoft Visual Studio\2022\Professional\\MSBuild\Current\Bin\amd64;C:\WINDOWS\Microsoft.NET\Framework64\v4.0.30319;C:\Program Files\Microsoft Visual Studio\2022\Professional\Common7\IDE\;C:\Program Files\Microsoft Visual Studio\2022\Professional\Common7\Tools\;C:\Python27\;C:\Python27\Scripts;C:\WINDOWS\system32;C:\WINDOWS;C:\WINDOWS\System32\Wbem;C:\WINDOWS\System32\WindowsPowerShell\v1.0\;C:\WINDOWS\System32\OpenSSH\;C:\ProgramData\chocolatey\bin;C:\Program Files (x86)\WiX Toolset v3.7\bin;C:\Program Files\dotnet\;C:\Program Files\Zulu\zulu-11\bin\;C:\Program Files (x86)\Windows Kits\10\bin\10.0.19041.0\x64;C:\Program Files (x86)\Windows Kits\10\bin\10.0.18362.0\x64;C:\Program Files (x86)\Windows Kits\10\bin\10.0.17763.0\x64;C:\Program Files (x86)\Windows Kits\10\bin\x64;C:\Strawberry\c\bin;C:\Strawberry\perl\site\bin;C:\Strawberry\perl\bin;C:\Program Files\Git\cmd;C:\Program Files\Git\usr\bin;C:\Program Files\Git\mingw64\bin;C:\Program Files\Git\bin;C:\Python38\;C:\Python38\Scripts;C:\StoreBoxClientWindows;C:\Program Files\Electric Cloud\ElectricCommander\bin;C:\Program Files\WinRAR;C:\Program Files\7-Zip;C:\Users\Administrator\AppData\Local\Microsoft\WindowsApps;C:\Users\Administrator\.dotnet\tools;C:\Program Files\Microsoft Visual Studio\2022\Professional\Common7\IDE\CommonExtensions\Microsoft\CMake\CMake\bin;C:\Program Files\Microsoft Visual Studio\2022\Professional\Common7\IDE\CommonExtensions\Microsoft\CMake\Ninja;C:\Program Files\Microsoft Visual Studio\2022\Professional\Common7\IDE\VC\Linux\bin\ConnectionManagerExe
[2023-11-23T16:24:58.895Z]     
[2023-11-23T16:24:58.895Z]         Building with settings:
[2023-11-23T16:24:58.895Z]           Source directory          S:\Jenkins\workspace\ECP\ecg-maya-hydra\ecg-maya-hydra-branch-preflight-python3-windows\ecg-maya-hydra\maya-hydra
[2023-11-23T16:24:58.895Z]           Workspace directory       W:\
[2023-11-23T16:24:58.895Z]           Build directory           W:\build\Debug
[2023-11-23T16:24:58.895Z]           Install directory         W:\install\Debug\MayaHydra
[2023-11-23T16:24:58.895Z]           Variant                   Debug
[2023-11-23T16:24:58.895Z]           Python Debug              On
[2023-11-23T16:24:58.895Z]           CMake generator           Ninja
[2023-11-23T16:24:58.895Z]           Build arguments           ['-DCMAKE_MAKE_PROGRAM=P:/shared/Artifactory/Windows/ninja/1.10.2/ccacdf8/ninja.exe', '-DPYTHON_INCLUDE_DIR=P:/shared/Artifactory/Windows/rundev-master-debug/202311220725/runtime/a121a89/runTime/include/Python311/Python', '-DPython_EXECUTABLE=P:/shared/Artifactory/Windows/rundev-master-debug/202311220725/runtime/a121a89/runTime/bin/mayapy.exe', '-DPYTHON_LIBRARIES=P:/shared/Artifactory/Windows/rundev-master-debug/202311220725/runtime/a121a89/runTime/lib/python311_d.lib', '-DBUILD_WITH_PYTHON_3_VERSION=3.11', '-DCMAKE_WANT_MATERIALX_BUILD=ON', '-DCMAKE_PREFIX_PATH=P:\\shared\\Artifactory\\Windows\\USD\\01f407c', '-DMAYAHYDRA_BUILD_NUMBER=414', '-DMAYAHYDRA_GIT_COMMIT=a6160e671d724cbd23348caec6efe576ee214353', '-DMAYAHYDRA_GIT_BRANCH=master']
[2023-11-23T16:24:58.895Z]           Stages arguments          ['clean']
[2023-11-23T16:24:58.895Z]           CTest arguments           ['--parallel 16']
[2023-11-23T16:24:58.895Z]     Success MayaHydra build and install !!!!
[2023-11-23T16:24:58.895Z]     Elapsed time: 00:00:00
[Pipeline] bat
[2023-11-23T16:24:59.506Z] Deleting alias drive W:
[Pipeline] bat
[2023-11-23T16:25:00.123Z] Deleting alias drive P:
[Pipeline] bat
[2023-11-23T16:25:00.764Z] Creating alias drive P: to S:\jenkins\workspace
[Pipeline] bat
[2023-11-23T16:25:01.403Z] Creating alias drive W: to S:\Jenkins\workspace\ECP\ecg-maya-hydra\ecg-maya-hydra-branch-preflight-python3-windows
[Pipeline] bat
[2023-11-23T16:25:02.257Z] "C:\Program Files\Microsoft Visual Studio\2022\Professional\VC\Auxiliary\Build\vcvarsall.bat" x64
[2023-11-23T16:25:02.598Z] **********************************************************************
[2023-11-23T16:25:02.598Z] ** Visual Studio 2022 Developer Command Prompt v17.3.2
[2023-11-23T16:25:02.598Z] ** Copyright (c) 2022 Microsoft Corporation
[2023-11-23T16:25:02.598Z] **********************************************************************
[2023-11-23T16:25:03.778Z] [vcvarsall.bat] Environment initialized for: 'x64'
[2023-11-23T16:25:03.778Z] python ecg-maya-hydra/build.py --stages=clean --workspace-dir=W:\ --artifactory-dir=P:\shared\Artifactory --build-dir=W:\build --install-dir=W:\install --signing-dir=W:\signing --package-dir=W:\package --output-dir=W:\output --stash-dir=W:\stash --jenkins-build=414 --git-commit=a6160e671d724cbd23348caec6efe576ee214353 --git-branch=master --variants=RelWithDebInfo --interactive-tests=true --post-zips=false --osx-binary-architecture-target=ub2 --osx-deployment-target=11.0 --osx-base-sdk=CurrentActiveSDK --maya-cut-config=maya-rundev-master.yaml --maya-package=rundev-master --stage-banner
[2023-11-23T16:25:04.962Z] Using Maya cut from P:\shared\Artifactory\Windows\rundev-master\202311221838\runtime\0c83665
[2023-11-23T16:25:04.962Z] Using Maya ADSK Signatures from P:\shared\Artifactory\Windows\adsk-plugin-signatures-maya\2023\3ae1ae7
[2023-11-23T16:25:04.962Z] Using Maya Security Library from P:\shared\Artifactory\Windows\maya-security-library\3.4.0\284407f
[2023-11-23T16:25:04.962Z] 
[2023-11-23T16:25:04.962Z] ================================================================================
[2023-11-23T16:25:04.962Z]                              clean (RelWithDebInfo)
[2023-11-23T16:25:04.962Z] ================================================================================
[2023-11-23T16:25:04.962Z] Maya Python RelWithDebInfo Info:
[2023-11-23T16:25:04.962Z]   mayapy executable   = P:\shared\Artifactory\Windows\rundev-master\202311221838\runtime\0c83665\runTime\bin\mayapy.exe
[2023-11-23T16:25:04.962Z]   Include Folder      = P:\shared\Artifactory\Windows\rundev-master\202311221838\runtime\0c83665\runTime\include\Python311\Python
[2023-11-23T16:25:04.962Z]   Library             = P:\shared\Artifactory\Windows\rundev-master\202311221838\runtime\0c83665\runTime\lib\python311.lib
[2023-11-23T16:25:04.962Z]   site-package Folder = P:\shared\Artifactory\Windows\rundev-master\202311221838\runtime\0c83665\runTime\Python\Lib\site-packages
[2023-11-23T16:25:06.143Z] In workdir: S:\Jenkins\workspace\ECP\ecg-maya-hydra\ecg-maya-hydra-branch-preflight-python3-windows\ecg-maya-hydra\maya-hydra
[2023-11-23T16:25:06.143Z] Executing: 'P:\\shared\\Artifactory\\Windows\\rundev-master\\202311221838\\runtime\\0c83665\\runTime\\bin\\mayapy.exe' 'S:\\Jenkins\\workspace\\ECP\\ecg-maya-hydra\\ecg-maya-hydra-branch-preflight-python3-windows\\ecg-maya-hydra\\maya-hydra\\build.py' --generator Ninja --build-relwithdebug --maya-location 'P:\\shared\\Artifactory\\Windows\\rundev-master\\202311221838\\runtime\\0c83665\\runTime' --devkit-location 'P:\\shared\\Artifactory\\Windows\\rundev-master\\202311221838\\runtime\\0c83665\\devkitBase' --pxrusd-location 'P:\\shared\\Artifactory\\Windows\\USD\\6a9558d' '--build-args=-DCMAKE_MAKE_PROGRAM=P:/shared/Artifactory/Windows/ninja/1.10.2/ccacdf8/ninja.exe,-DPYTHON_INCLUDE_DIR=P:/shared/Artifactory/Windows/rundev-master/202311221838/runtime/0c83665/runTime/include/Python311/Python,-DPython_EXECUTABLE=P:/shared/Artifactory/Windows/rundev-master/202311221838/runtime/0c83665/runTime/bin/mayapy.exe,-DPYTHON_LIBRARIES=P:/shared/Artifactory/Windows/rundev-master/202311221838/runtime/0c83665/runTime/lib/python311.lib,-DBUILD_WITH_PYTHON_3_VERSION=3.11,-DCMAKE_WANT_MATERIALX_BUILD=ON,-DCMAKE_PREFIX_PATH=P:\\shared\\Artifactory\\Windows\\USD\\6a9558d,-DMAYAHYDRA_BUILD_NUMBER=414,-DMAYAHYDRA_GIT_COMMIT=a6160e671d724cbd23348caec6efe576ee214353,-DMAYAHYDRA_GIT_BRANCH=master' '--ctest-args=--parallel 16' --stages=clean --redirect-outstream-file=False --install-location 'W:\\install\\RelWithDebInfo\\MayaHydra' 'W:\\'
[2023-11-23T16:25:06.143Z] Modified environment variables:
[2023-11-23T16:25:06.143Z]     PATH=P:\shared\Artifactory\Windows\cmake\3.20.3\afe857a\bin;C:\Python27\lib\site-packages\pywin32_system32;C:\Program Files\Microsoft Visual Studio\2022\Professional\VC\Tools\MSVC\14.33.31629\bin\HostX64\x64;C:\Program Files\Microsoft Visual Studio\2022\Professional\Common7\IDE\VC\VCPackages;C:\Program Files\Microsoft Visual Studio\2022\Professional\Common7\IDE\CommonExtensions\Microsoft\TestWindow;C:\Program Files\Microsoft Visual Studio\2022\Professional\Common7\IDE\CommonExtensions\Microsoft\TeamFoundation\Team Explorer;C:\Program Files\Microsoft Visual Studio\2022\Professional\MSBuild\Current\bin\Roslyn;C:\Program Files\Microsoft Visual Studio\2022\Professional\Team Tools\Performance Tools\x64;C:\Program Files\Microsoft Visual Studio\2022\Professional\Team Tools\Performance Tools;C:\Program Files (x86)\Microsoft Visual Studio\Shared\Common\VSPerfCollectionTools\vs2019\\x64;C:\Program Files (x86)\Microsoft Visual Studio\Shared\Common\VSPerfCollectionTools\vs2019\;C:\Program Files (x86)\Microsoft SDKs\Windows\v10.0A\bin\NETFX 4.8 Tools\x64\;C:\Program Files (x86)\HTML Help Workshop;C:\Program Files\Microsoft Visual Studio\2022\Professional\Common7\IDE\CommonExtensions\Microsoft\FSharp\Tools;C:\Program Files (x86)\Windows Kits\10\bin\10.0.19041.0\\x64;C:\Program Files (x86)\Windows Kits\10\bin\\x64;C:\Program Files\Microsoft Visual Studio\2022\Professional\\MSBuild\Current\Bin\amd64;C:\WINDOWS\Microsoft.NET\Framework64\v4.0.30319;C:\Program Files\Microsoft Visual Studio\2022\Professional\Common7\IDE\;C:\Program Files\Microsoft Visual Studio\2022\Professional\Common7\Tools\;C:\Python27\;C:\Python27\Scripts;C:\WINDOWS\system32;C:\WINDOWS;C:\WINDOWS\System32\Wbem;C:\WINDOWS\System32\WindowsPowerShell\v1.0\;C:\WINDOWS\System32\OpenSSH\;C:\ProgramData\chocolatey\bin;C:\Program Files (x86)\WiX Toolset v3.7\bin;C:\Program Files\dotnet\;C:\Program Files\Zulu\zulu-11\bin\;C:\Program Files (x86)\Windows Kits\10\bin\10.0.19041.0\x64;C:\Program Files (x86)\Windows Kits\10\bin\10.0.18362.0\x64;C:\Program Files (x86)\Windows Kits\10\bin\10.0.17763.0\x64;C:\Program Files (x86)\Windows Kits\10\bin\x64;C:\Strawberry\c\bin;C:\Strawberry\perl\site\bin;C:\Strawberry\perl\bin;C:\Program Files\Git\cmd;C:\Program Files\Git\usr\bin;C:\Program Files\Git\mingw64\bin;C:\Program Files\Git\bin;C:\Python38\;C:\Python38\Scripts;C:\StoreBoxClientWindows;C:\Program Files\Electric Cloud\ElectricCommander\bin;C:\Program Files\WinRAR;C:\Program Files\7-Zip;C:\Users\Administrator\AppData\Local\Microsoft\WindowsApps;C:\Users\Administrator\.dotnet\tools;C:\Program Files\Microsoft Visual Studio\2022\Professional\Common7\IDE\CommonExtensions\Microsoft\CMake\CMake\bin;C:\Program Files\Microsoft Visual Studio\2022\Professional\Common7\IDE\CommonExtensions\Microsoft\CMake\Ninja;C:\Program Files\Microsoft Visual Studio\2022\Professional\Common7\IDE\VC\Linux\bin\ConnectionManagerExe
[2023-11-23T16:25:06.484Z]     
[2023-11-23T16:25:06.484Z]         Building with settings:
[2023-11-23T16:25:06.484Z]           Source directory          S:\Jenkins\workspace\ECP\ecg-maya-hydra\ecg-maya-hydra-branch-preflight-python3-windows\ecg-maya-hydra\maya-hydra
[2023-11-23T16:25:06.484Z]           Workspace directory       W:\
[2023-11-23T16:25:06.484Z]           Build directory           W:\build\RelWithDebInfo
[2023-11-23T16:25:06.484Z]           Install directory         W:\install\RelWithDebInfo\MayaHydra
[2023-11-23T16:25:06.484Z]           Variant                   RelWithDebInfo
[2023-11-23T16:25:06.484Z]           Python Debug              Off
[2023-11-23T16:25:06.484Z]           CMake generator           Ninja
[2023-11-23T16:25:06.484Z]           Build arguments           ['-DCMAKE_MAKE_PROGRAM=P:/shared/Artifactory/Windows/ninja/1.10.2/ccacdf8/ninja.exe', '-DPYTHON_INCLUDE_DIR=P:/shared/Artifactory/Windows/rundev-master/202311221838/runtime/0c83665/runTime/include/Python311/Python', '-DPython_EXECUTABLE=P:/shared/Artifactory/Windows/rundev-master/202311221838/runtime/0c83665/runTime/bin/mayapy.exe', '-DPYTHON_LIBRARIES=P:/shared/Artifactory/Windows/rundev-master/202311221838/runtime/0c83665/runTime/lib/python311.lib', '-DBUILD_WITH_PYTHON_3_VERSION=3.11', '-DCMAKE_WANT_MATERIALX_BUILD=ON', '-DCMAKE_PREFIX_PATH=P:\\shared\\Artifactory\\Windows\\USD\\6a9558d', '-DMAYAHYDRA_BUILD_NUMBER=414', '-DMAYAHYDRA_GIT_COMMIT=a6160e671d724cbd23348caec6efe576ee214353', '-DMAYAHYDRA_GIT_BRANCH=master']
[2023-11-23T16:25:06.484Z]           Stages arguments          ['clean']
[2023-11-23T16:25:06.484Z]           CTest arguments           ['--parallel 16']
[2023-11-23T16:25:06.484Z]     Success MayaHydra build and install !!!!
[2023-11-23T16:25:06.484Z]     Elapsed time: 00:00:00
[Pipeline] bat
[2023-11-23T16:25:07.102Z] Deleting alias drive W:
[Pipeline] bat
[2023-11-23T16:25:07.717Z] Deleting alias drive P:
[Pipeline] }
[Pipeline] // withEnv
[Pipeline] }
[Pipeline] // timeout
[Pipeline] }
[Pipeline] // stage
[Pipeline] }
[Pipeline] // timestamps
[Pipeline] timestamps
[Pipeline] {
[Pipeline] stage
[Pipeline] { (Configure)
[Pipeline] timeout
[2023-11-23T16:25:07.953Z] Timeout set to expire in 6 hr 0 min
[Pipeline] {
[Pipeline] withEnv
[Pipeline] {
[Pipeline] bat
[2023-11-23T16:25:08.568Z] Creating alias drive P: to S:\jenkins\workspace
[Pipeline] bat
[2023-11-23T16:25:09.195Z] Creating alias drive W: to S:\Jenkins\workspace\ECP\ecg-maya-hydra\ecg-maya-hydra-branch-preflight-python3-windows
[Pipeline] bat
[2023-11-23T16:25:09.982Z] "C:\Program Files\Microsoft Visual Studio\2022\Professional\VC\Auxiliary\Build\vcvarsall.bat" x64
[2023-11-23T16:25:10.323Z] **********************************************************************
[2023-11-23T16:25:10.323Z] ** Visual Studio 2022 Developer Command Prompt v17.3.2
[2023-11-23T16:25:10.323Z] ** Copyright (c) 2022 Microsoft Corporation
[2023-11-23T16:25:10.323Z] **********************************************************************
[2023-11-23T16:25:11.627Z] [vcvarsall.bat] Environment initialized for: 'x64'
[2023-11-23T16:25:11.627Z] python ecg-maya-hydra/build.py --stages=configure --workspace-dir=W:\ --artifactory-dir=P:\shared\Artifactory --build-dir=W:\build --install-dir=W:\install --signing-dir=W:\signing --package-dir=W:\package --output-dir=W:\output --stash-dir=W:\stash --jenkins-build=414 --git-commit=a6160e671d724cbd23348caec6efe576ee214353 --git-branch=master --variants=Debug --interactive-tests=true --post-zips=false --osx-binary-architecture-target=ub2 --osx-deployment-target=11.0 --osx-base-sdk=CurrentActiveSDK --maya-cut-config=maya-rundev-master-debug.yaml --maya-package=rundev-master-debug --stage-banner
[2023-11-23T16:25:12.807Z] Using Maya cut from P:\shared\Artifactory\Windows\rundev-master-debug\202311220725\runtime\a121a89
[2023-11-23T16:25:12.807Z] Using Maya ADSK Signatures from P:\shared\Artifactory\Windows\adsk-plugin-signatures-maya\2023\3ae1ae7
[2023-11-23T16:25:12.807Z] Using Maya Security Library from P:\shared\Artifactory\Windows\maya-security-library\3.4.0\284407f
[2023-11-23T16:25:12.807Z] 
[2023-11-23T16:25:12.807Z] ================================================================================
[2023-11-23T16:25:12.807Z]                                configure (Debug)
[2023-11-23T16:25:12.807Z] ================================================================================
[2023-11-23T16:25:12.807Z] Maya Python Debug Info:
[2023-11-23T16:25:12.807Z]   mayapy executable   = P:\shared\Artifactory\Windows\rundev-master-debug\202311220725\runtime\a121a89\runTime\bin\mayapy.exe
[2023-11-23T16:25:12.807Z]   Include Folder      = P:\shared\Artifactory\Windows\rundev-master-debug\202311220725\runtime\a121a89\runTime\include\Python311\Python
[2023-11-23T16:25:12.807Z]   Library             = P:\shared\Artifactory\Windows\rundev-master-debug\202311220725\runtime\a121a89\runTime\lib\python311_d.lib
[2023-11-23T16:25:12.807Z]   site-package Folder = P:\shared\Artifactory\Windows\rundev-master-debug\202311220725\runtime\a121a89\runTime\Python\Lib\site-packages
[2023-11-23T16:25:15.427Z] 
[2023-11-23T16:25:15.427Z]             WARNING: The 'psutil' python package isn't installed. Thus, Peptide
[2023-11-23T16:25:15.427Z]             won't be able to determine the amount of RAM available. It will assume
[2023-11-23T16:25:15.427Z]             that your machine has only 16GB available, and will limit the number
[2023-11-23T16:25:15.427Z]             the number of link jobs being performed in parallel. This can
[2023-11-23T16:25:15.427Z]             negatively affect your build times.
[2023-11-23T16:25:15.427Z] 
[2023-11-23T16:25:15.427Z]             Please 'pip(3) install psutil' to resolve this.
[2023-11-23T16:25:15.427Z]             
[2023-11-23T16:25:15.427Z] In workdir: S:\Jenkins\workspace\ECP\ecg-maya-hydra\ecg-maya-hydra-branch-preflight-python3-windows\ecg-maya-hydra\maya-hydra
[2023-11-23T16:25:15.427Z] Executing: 'P:\\shared\\Artifactory\\Windows\\rundev-master-debug\\202311220725\\runtime\\a121a89\\runTime\\bin\\mayapy.exe' 'S:\\Jenkins\\workspace\\ECP\\ecg-maya-hydra\\ecg-maya-hydra-branch-preflight-python3-windows\\ecg-maya-hydra\\maya-hydra\\build.py' --generator Ninja --build-debug --maya-location 'P:\\shared\\Artifactory\\Windows\\rundev-master-debug\\202311220725\\runtime\\a121a89\\runTime' --devkit-location 'P:\\shared\\Artifactory\\Windows\\rundev-master-debug\\202311220725\\runtime\\a121a89\\devkitBase' --pxrusd-location 'P:\\shared\\Artifactory\\Windows\\USD\\01f407c' '--build-args=-DCMAKE_MAKE_PROGRAM=P:/shared/Artifactory/Windows/ninja/1.10.2/ccacdf8/ninja.exe,-DPYTHON_INCLUDE_DIR=P:/shared/Artifactory/Windows/rundev-master-debug/202311220725/runtime/a121a89/runTime/include/Python311/Python,-DPython_EXECUTABLE=P:/shared/Artifactory/Windows/rundev-master-debug/202311220725/runtime/a121a89/runTime/bin/mayapy.exe,-DPYTHON_LIBRARIES=P:/shared/Artifactory/Windows/rundev-master-debug/202311220725/runtime/a121a89/runTime/lib/python311_d.lib,-DBUILD_WITH_PYTHON_3_VERSION=3.11,-DCMAKE_WANT_MATERIALX_BUILD=ON,-DCMAKE_PREFIX_PATH=P:\\shared\\Artifactory\\Windows\\USD\\01f407c,-DMAYAHYDRA_BUILD_NUMBER=414,-DMAYAHYDRA_GIT_COMMIT=a6160e671d724cbd23348caec6efe576ee214353,-DMAYAHYDRA_GIT_BRANCH=master' --debug-python '--ctest-args=--parallel 16' --stages=configure --redirect-outstream-file=False --install-location 'W:\\install\\Debug\\MayaHydra' 'W:\\'
[2023-11-23T16:25:15.427Z] Modified environment variables:
[2023-11-23T16:25:15.427Z]     PATH=P:\shared\Artifactory\Windows\cmake\3.20.3\afe857a\bin;C:\Python27\lib\site-packages\pywin32_system32;C:\Program Files\Microsoft Visual Studio\2022\Professional\VC\Tools\MSVC\14.33.31629\bin\HostX64\x64;C:\Program Files\Microsoft Visual Studio\2022\Professional\Common7\IDE\VC\VCPackages;C:\Program Files\Microsoft Visual Studio\2022\Professional\Common7\IDE\CommonExtensions\Microsoft\TestWindow;C:\Program Files\Microsoft Visual Studio\2022\Professional\Common7\IDE\CommonExtensions\Microsoft\TeamFoundation\Team Explorer;C:\Program Files\Microsoft Visual Studio\2022\Professional\MSBuild\Current\bin\Roslyn;C:\Program Files\Microsoft Visual Studio\2022\Professional\Team Tools\Performance Tools\x64;C:\Program Files\Microsoft Visual Studio\2022\Professional\Team Tools\Performance Tools;C:\Program Files (x86)\Microsoft Visual Studio\Shared\Common\VSPerfCollectionTools\vs2019\\x64;C:\Program Files (x86)\Microsoft Visual Studio\Shared\Common\VSPerfCollectionTools\vs2019\;C:\Program Files (x86)\Microsoft SDKs\Windows\v10.0A\bin\NETFX 4.8 Tools\x64\;C:\Program Files (x86)\HTML Help Workshop;C:\Program Files\Microsoft Visual Studio\2022\Professional\Common7\IDE\CommonExtensions\Microsoft\FSharp\Tools;C:\Program Files (x86)\Windows Kits\10\bin\10.0.19041.0\\x64;C:\Program Files (x86)\Windows Kits\10\bin\\x64;C:\Program Files\Microsoft Visual Studio\2022\Professional\\MSBuild\Current\Bin\amd64;C:\WINDOWS\Microsoft.NET\Framework64\v4.0.30319;C:\Program Files\Microsoft Visual Studio\2022\Professional\Common7\IDE\;C:\Program Files\Microsoft Visual Studio\2022\Professional\Common7\Tools\;C:\Python27\;C:\Python27\Scripts;C:\WINDOWS\system32;C:\WINDOWS;C:\WINDOWS\System32\Wbem;C:\WINDOWS\System32\WindowsPowerShell\v1.0\;C:\WINDOWS\System32\OpenSSH\;C:\ProgramData\chocolatey\bin;C:\Program Files (x86)\WiX Toolset v3.7\bin;C:\Program Files\dotnet\;C:\Program Files\Zulu\zulu-11\bin\;C:\Program Files (x86)\Windows Kits\10\bin\10.0.19041.0\x64;C:\Program Files (x86)\Windows Kits\10\bin\10.0.18362.0\x64;C:\Program Files (x86)\Windows Kits\10\bin\10.0.17763.0\x64;C:\Program Files (x86)\Windows Kits\10\bin\x64;C:\Strawberry\c\bin;C:\Strawberry\perl\site\bin;C:\Strawberry\perl\bin;C:\Program Files\Git\cmd;C:\Program Files\Git\usr\bin;C:\Program Files\Git\mingw64\bin;C:\Program Files\Git\bin;C:\Python38\;C:\Python38\Scripts;C:\StoreBoxClientWindows;C:\Program Files\Electric Cloud\ElectricCommander\bin;C:\Program Files\WinRAR;C:\Program Files\7-Zip;C:\Users\Administrator\AppData\Local\Microsoft\WindowsApps;C:\Users\Administrator\.dotnet\tools;C:\Program Files\Microsoft Visual Studio\2022\Professional\Common7\IDE\CommonExtensions\Microsoft\CMake\CMake\bin;C:\Program Files\Microsoft Visual Studio\2022\Professional\Common7\IDE\CommonExtensions\Microsoft\CMake\Ninja;C:\Program Files\Microsoft Visual Studio\2022\Professional\Common7\IDE\VC\Linux\bin\ConnectionManagerExe
[2023-11-23T16:25:18.448Z]     -- The C compiler identification is MSVC 19.33.31629.0
[2023-11-23T16:25:18.788Z]     -- The CXX compiler identification is MSVC 19.33.31629.0
[2023-11-23T16:25:18.788Z]     -- Detecting C compiler ABI info
[2023-11-23T16:25:19.969Z]     -- Detecting C compiler ABI info - done
[2023-11-23T16:25:19.969Z]     -- Check for working C compiler: C:/Program Files/Microsoft Visual Studio/2022/Professional/VC/Tools/MSVC/14.33.31629/bin/Hostx64/x64/cl.exe - skipped
[2023-11-23T16:25:19.969Z]     -- Detecting C compile features
[2023-11-23T16:25:19.969Z]     -- Detecting C compile features - done
[2023-11-23T16:25:19.969Z]     -- Detecting CXX compiler ABI info
[2023-11-23T16:25:20.699Z]     -- Detecting CXX compiler ABI info - done
[2023-11-23T16:25:20.699Z]     -- Check for working CXX compiler: C:/Program Files/Microsoft Visual Studio/2022/Professional/VC/Tools/MSVC/14.33.31629/bin/Hostx64/x64/cl.exe - skipped
[2023-11-23T16:25:20.699Z]     -- Detecting CXX compile features
[2023-11-23T16:25:20.699Z]     -- Detecting CXX compile features - done
[2023-11-23T16:25:21.878Z]     -- Using Maya Light API Version 3
[2023-11-23T16:25:21.878Z]     -- Maya has setDefaultMaterialHandling API
[2023-11-23T16:25:21.878Z]     -- Maya has new point snapping API
[2023-11-23T16:25:21.878Z]     -- Maya has isInCrashHandler API
[2023-11-23T16:25:21.878Z]     -- Maya has getDisplayStyleOfAllViewports API
[2023-11-23T16:25:21.878Z]     -- Maya array iterator has difference_type trait
[2023-11-23T16:25:21.878Z]     -- MFnSet has getMemberPaths function
[2023-11-23T16:25:21.878Z]     -- MFnDisplayLayer exists
[2023-11-23T16:25:21.878Z]     -- MDisplayLayerMessage has MDisplayLayerMemberChangedFunction
[2023-11-23T16:25:21.878Z]     -- MRenderItem has HideOnPlayback API
[2023-11-23T16:25:21.878Z]     -- Found Maya: P:/shared/Artifactory/Windows/rundev-master-debug/202311220725/runtime/a121a89/runTime/bin/maya.exe (found suitable version "2025", minimum required is "2024")
[2023-11-23T16:25:25.733Z]     -- Found Python: P:/shared/Artifactory/Windows/rundev-master-debug/202311220725/runtime/a121a89/runTime/bin/mayapy.exe (found suitable exact version "3.11.4") found components: Interpreter
[2023-11-23T16:25:25.733Z]     -- Build mayaHydra with Python3 = 3.11
[2023-11-23T16:25:25.733Z]     --    PYTHON_INCLUDE_DIRS = P:/shared/Artifactory/Windows/rundev-master-debug/202311220725/runtime/a121a89/runTime/include/Python311/Python
[2023-11-23T16:25:25.733Z]     --    PYTHON_LIBRARIES    = P:/shared/Artifactory/Windows/rundev-master-debug/202311220725/runtime/a121a89/runTime/lib/python311_d.lib
[2023-11-23T16:25:25.733Z]     --    Python_EXECUTABLE   = P:/shared/Artifactory/Windows/rundev-master-debug/202311220725/runtime/a121a89/runTime/bin/mayapy.exe
[2023-11-23T16:25:26.072Z]     -- Found Python3: optimized;P:\shared\Artifactory\Windows\rundev-master-debug\202311220725\runtime\a121a89\runTime/lib/python311_d.lib;debug;P:/shared/Artifactory/Windows/rundev-master-debug/202311220725/runtime/a121a89/runTime/lib/python311_d.lib (found suitable exact version "3.11.4") found components: Development Development.Module Development.Embed
[2023-11-23T16:25:26.072Z]     -- USD has new Sdr.PropertyTypes.Color4
[2023-11-23T16:25:26.072Z]     -- USD has MaterialX metadata support
[2023-11-23T16:25:26.072Z]     -- USD include dir: P:/shared/Artifactory/Windows/USD/01f407c/include
[2023-11-23T16:25:26.072Z]     -- USD library dir: P:/shared/Artifactory/Windows/USD/01f407c/lib
[2023-11-23T16:25:26.072Z]     -- USD version: 0.23.11
[2023-11-23T16:25:26.072Z]     -- USD Boost::boost version: 108100
[2023-11-23T16:25:26.072Z]     -- Found USD: P:/shared/Artifactory/Windows/USD/01f407c (found suitable version "0.23.11", minimum required is "0.22.11")
[2023-11-23T16:25:26.072Z]     Updated PYTHONPATH: P:\shared\Artifactory\Windows\USD\01f407c\lib\python
[2023-11-23T16:25:26.072Z]     Updated PATH: P:\shared\Artifactory\Windows\cmake\3.20.3\afe857a\bin;C:\Python27\lib\site-packages\pywin32_system32;C:\Program Files\Microsoft Visual Studio\2022\Professional\VC\Tools\MSVC\14.33.31629\bin\HostX64\x64;C:\Program Files\Microsoft Visual Studio\2022\Professional\Common7\IDE\VC\VCPackages;C:\Program Files\Microsoft Visual Studio\2022\Professional\Common7\IDE\CommonExtensions\Microsoft\TestWindow;C:\Program Files\Microsoft Visual Studio\2022\Professional\Common7\IDE\CommonExtensions\Microsoft\TeamFoundation\Team Explorer;C:\Program Files\Microsoft Visual Studio\2022\Professional\MSBuild\Current\bin\Roslyn;C:\Program Files\Microsoft Visual Studio\2022\Professional\Team Tools\Performance Tools\x64;C:\Program Files\Microsoft Visual Studio\2022\Professional\Team Tools\Performance Tools;C:\Program Files (x86)\Microsoft Visual Studio\Shared\Common\VSPerfCollectionTools\vs2019\\x64;C:\Program Files (x86)\Microsoft Visual Studio\Shared\Common\VSPerfCollectionTools\vs2019\;C:\Program Files (x86)\Microsoft SDKs\Windows\v10.0A\bin\NETFX 4.8 Tools\x64\;C:\Program Files (x86)\HTML Help Workshop;C:\Program Files\Microsoft Visual Studio\2022\Professional\Common7\IDE\CommonExtensions\Microsoft\FSharp\Tools;C:\Program Files (x86)\Windows Kits\10\bin\10.0.19041.0\\x64;C:\Program Files (x86)\Windows Kits\10\bin\\x64;C:\Program Files\Microsoft Visual Studio\2022\Professional\\MSBuild\Current\Bin\amd64;C:\WINDOWS\Microsoft.NET\Framework64\v4.0.30319;C:\Program Files\Microsoft Visual Studio\2022\Professional\Common7\IDE\;C:\Program Files\Microsoft Visual Studio\2022\Professional\Common7\Tools\;C:\Python27\;C:\Python27\Scripts;C:\WINDOWS\system32;C:\WINDOWS;C:\WINDOWS\System32\Wbem;C:\WINDOWS\System32\WindowsPowerShell\v1.0\;C:\WINDOWS\System32\OpenSSH\;C:\ProgramData\chocolatey\bin;C:\Program Files (x86)\WiX Toolset v3.7\bin;C:\Program Files\dotnet\;C:\Program Files\Zulu\zulu-11\bin\;C:\Program Files (x86)\Windows Kits\10\bin\10.0.19041.0\x64;C:\Program Files (x86)\Windows Kits\10\bin\10.0.18362.0\x64;C:\Program Files (x86)\Windows Kits\10\bin\10.0.17763.0\x64;C:\Program Files (x86)\Windows Kits\10\bin\x64;C:\Strawberry\c\bin;C:\Strawberry\perl\site\bin;C:\Strawberry\perl\bin;C:\Program Files\Git\cmd;C:\Program Files\Git\usr\bin;C:\Program Files\Git\mingw64\bin;C:\Program Files\Git\bin;C:\Python38\;C:\Python38\Scripts;C:\StoreBoxClientWindows;C:\Program Files\Electric Cloud\ElectricCommander\bin;C:\Program Files\WinRAR;C:\Program Files\7-Zip;C:\Users\Administrator\AppData\Local\Microsoft\WindowsApps;C:\Users\Administrator\.dotnet\tools;C:\Program Files\Microsoft Visual Studio\2022\Professional\Common7\IDE\CommonExtensions\Microsoft\CMake\CMake\bin;C:\Program Files\Microsoft Visual Studio\2022\Professional\Common7\IDE\CommonExtensions\Microsoft\CMake\Ninja;C:\Program Files\Microsoft Visual Studio\2022\Professional\Common7\IDE\VC\Linux\bin\ConnectionManagerExe;P:\shared\Artifactory\Windows\USD\01f407c\bin;P:\shared\Artifactory\Windows\USD\01f407c\lib
[2023-11-23T16:25:26.072Z]     -- Found UFE: P:/shared/Artifactory/Windows/rundev-master-debug/202311220725/runtime/a121a89/devkitBase/devkit/ufe/include (found version "0.5.13")
[2023-11-23T16:25:26.072Z]     -- UFE include dir: P:/shared/Artifactory/Windows/rundev-master-debug/202311220725/runtime/a121a89/devkitBase/devkit/ufe/include
[2023-11-23T16:25:26.072Z]     -- UFE library: P:/shared/Artifactory/Windows/rundev-master-debug/202311220725/runtime/a121a89/devkitBase/devkit/ufe/lib/ufe_0.lib
[2023-11-23T16:25:26.072Z]     -- UFE version: 0.5.13
[2023-11-23T16:25:26.072Z]     -- Maya has UFE lights API
[2023-11-23T16:25:26.072Z]     -- Maya has UFE scene segment API
[2023-11-23T16:25:26.072Z]     -- Maya has UFE TrieNode childrenComponents accessor
[2023-11-23T16:25:26.072Z]     -- Building with UFE 0.5.13.
[2023-11-23T16:25:26.072Z]     -- Found MaterialX
[2023-11-23T16:25:26.414Z]     -- Performing Test HAVE_STDATOMIC
[2023-11-23T16:25:27.143Z]     -- Performing Test HAVE_STDATOMIC - Success
[2023-11-23T16:25:27.483Z]     -- Found OpenGL: opengl32
[2023-11-23T16:25:28.213Z]     -- Check if linker can resolve circular dependencies - TRUE
[2023-11-23T16:25:28.213Z]     -- Found Qt 6.5.3 in Maya devkit. Hydra Scene Browser will be built.
[2023-11-23T16:25:28.213Z]     -- **** Building Gulrak From Github Repository.
[2023-11-23T16:25:28.213Z]     -- Populating gulrak
[2023-11-23T16:25:28.553Z]     -- Configuring done
[2023-11-23T16:25:28.553Z]     -- Generating done
[2023-11-23T16:25:28.893Z]     -- Build files have been written to: W:/build/Debug/_deps/gulrak-subbuild
[2023-11-23T16:25:29.233Z]     [1/9] Creating directories for 'gulrak-populate'
[2023-11-23T16:25:29.233Z]     [1/9] Performing download step (git clone) for 'gulrak-populate'
[2023-11-23T16:25:29.573Z]     Cloning into 'gulrak-src'...
[2023-11-23T16:25:30.752Z]     HEAD is now at 4e21ab3 Version bump and updated readme.
[2023-11-23T16:25:32.452Z]     [2/9] Performing update step for 'gulrak-populate'
[2023-11-23T16:25:33.181Z]     [4/9] No patch step for 'gulrak-populate'
[2023-11-23T16:25:33.181Z]     [5/9] No configure step for 'gulrak-populate'
[2023-11-23T16:25:33.181Z]     [6/9] No build step for 'gulrak-populate'
[2023-11-23T16:25:33.521Z]     [7/9] No install step for 'gulrak-populate'
[2023-11-23T16:25:33.521Z]     [8/9] No test step for 'gulrak-populate'
[2023-11-23T16:25:33.860Z]     [9/9] Completed 'gulrak-populate'
[2023-11-23T16:25:34.199Z]     -- ========== Installing GoogleTest... ==========
[2023-11-23T16:25:34.539Z]     -- Configuring done
[2023-11-23T16:25:34.539Z]     -- Generating done
[2023-11-23T16:25:34.879Z]     -- Build files have been written to: W:/build/Debug/googletest-config
[2023-11-23T16:25:35.219Z]     [1/8] Creating directories for 'googletest'
[2023-11-23T16:25:40.058Z]     [2/8] Performing download step (git clone) for 'googletest'
[2023-11-23T16:25:40.058Z]     Cloning into 'googletest-src'...
[2023-11-23T16:25:40.058Z]     HEAD is now at 703bd9ca Googletest export
[2023-11-23T16:25:40.058Z]     [3/8] Performing update step for 'googletest'
[2023-11-23T16:25:40.058Z]     [4/8] No patch step for 'googletest'
[2023-11-23T16:25:43.914Z]     [5/8] Performing configure step for 'googletest'
[2023-11-23T16:25:43.914Z]     Not searching for unused variables given on the command line.
[2023-11-23T16:25:43.914Z]     CMake Deprecation Warning at CMakeLists.txt:4 (cmake_minimum_required):
[2023-11-23T16:25:43.914Z]       Compatibility with CMake < 2.8.12 will be removed from a future version of
[2023-11-23T16:25:43.914Z]       CMake.
[2023-11-23T16:25:43.914Z]     
[2023-11-23T16:25:43.914Z]       Update the VERSION argument <min> value or use a ...<max> suffix to tell
[2023-11-23T16:25:43.914Z]       CMake that the project does not need compatibility with older versions.
[2023-11-23T16:25:43.914Z]     
[2023-11-23T16:25:43.914Z]     
[2023-11-23T16:25:43.914Z]     -- The C compiler identification is MSVC 19.33.31629.0
[2023-11-23T16:25:43.914Z]     -- The CXX compiler identification is MSVC 19.33.31629.0
[2023-11-23T16:25:43.914Z]     -- Detecting C compiler ABI info
[2023-11-23T16:25:43.914Z]     -- Detecting C compiler ABI info - done
[2023-11-23T16:25:43.914Z]     -- Check for working C compiler: C:/Program Files/Microsoft Visual Studio/2022/Professional/VC/Tools/MSVC/14.33.31629/bin/Hostx64/x64/cl.exe - skipped
[2023-11-23T16:25:43.914Z]     -- Detecting C compile features
[2023-11-23T16:25:43.914Z]     -- Detecting C compile features - done
[2023-11-23T16:25:43.914Z]     -- Detecting CXX compiler ABI info
[2023-11-23T16:25:43.914Z]     -- Detecting CXX compiler ABI info - done
[2023-11-23T16:25:43.914Z]     -- Check for working CXX compiler: C:/Program Files/Microsoft Visual Studio/2022/Professional/VC/Tools/MSVC/14.33.31629/bin/Hostx64/x64/cl.exe - skipped
[2023-11-23T16:25:43.914Z]     -- Detecting CXX compile features
[2023-11-23T16:25:43.914Z]     -- Detecting CXX compile features - done
[2023-11-23T16:25:43.914Z]     CMake Deprecation Warning at googletest/CMakeLists.txt:56 (cmake_minimum_required):
[2023-11-23T16:25:43.914Z]       Compatibility with CMake < 2.8.12 will be removed from a future version of
[2023-11-23T16:25:43.914Z]       CMake.
[2023-11-23T16:25:43.914Z]     
[2023-11-23T16:25:43.914Z]       Update the VERSION argument <min> value or use a ...<max> suffix to tell
[2023-11-23T16:25:43.914Z]       CMake that the project does not need compatibility with older versions.
[2023-11-23T16:25:43.914Z]     
[2023-11-23T16:25:43.914Z]     
[2023-11-23T16:25:43.914Z]     -- Found PythonInterp: C:/Python27/python.exe (found version "2.7.18")
[2023-11-23T16:25:43.914Z]     -- Looking for pthread.h
[2023-11-23T16:25:43.914Z]     -- Looking for pthread.h - not found
[2023-11-23T16:25:43.914Z]     -- Found Threads: TRUE
[2023-11-23T16:25:43.914Z]     -- Configuring done
[2023-11-23T16:25:43.914Z]     -- Generating done
[2023-11-23T16:25:43.914Z]     -- Build files have been written to: W:/build/Debug/googletest-build
[2023-11-23T16:25:46.987Z]     [6/8] Performing build step for 'googletest'
[2023-11-23T16:25:46.987Z]     [1/4] Building CXX object googletest\CMakeFiles\gtest_main.dir\src\gtest_main.cc.obj
[2023-11-23T16:25:46.987Z]     [2/4] Building CXX object googletest\CMakeFiles\gtest.dir\src\gtest-all.cc.obj
[2023-11-23T16:25:46.987Z]     [3/4] Linking CXX shared library bin\gtestd.dll
[2023-11-23T16:25:46.987Z]     [4/4] Linking CXX shared library bin\gtest_maind.dll
[2023-11-23T16:25:47.715Z]     [7/8] Performing install step for 'googletest'
[2023-11-23T16:25:47.715Z]     [0/1] Install the project...
[2023-11-23T16:25:47.715Z]     -- Install configuration: "Debug"
[2023-11-23T16:25:47.715Z]     [8/8] Completed 'googletest'
[2023-11-23T16:25:47.715Z]     -- ========== ...  GoogleTest installed. ==========
[2023-11-23T16:25:48.889Z]     -- Found GTest: W:/build/Debug/googletest-install/lib/gtestd.lib
[2023-11-23T16:25:48.889Z]     -- promoting: S:/Jenkins/workspace/ECP/ecg-maya-hydra/ecg-maya-hydra-branch-preflight-python3-windows/ecg-maya-hydra/maya-hydra/lib/mayaHydra/mayaPlugin/pluginUtils.h
[2023-11-23T16:25:48.889Z]     -- promoting: S:/Jenkins/workspace/ECP/ecg-maya-hydra/ecg-maya-hydra-branch-preflight-python3-windows/ecg-maya-hydra/maya-hydra/lib/mayaHydra/hydraExtensions/api.h
[2023-11-23T16:25:48.889Z]     -- promoting: S:/Jenkins/workspace/ECP/ecg-maya-hydra/ecg-maya-hydra-branch-preflight-python3-windows/ecg-maya-hydra/maya-hydra/lib/mayaHydra/hydraExtensions/debugCodes.h
[2023-11-23T16:25:48.889Z]     -- promoting: S:/Jenkins/workspace/ECP/ecg-maya-hydra/ecg-maya-hydra-branch-preflight-python3-windows/ecg-maya-hydra/maya-hydra/lib/mayaHydra/hydraExtensions/hydraUtils.h
[2023-11-23T16:25:48.889Z]     -- promoting: S:/Jenkins/workspace/ECP/ecg-maya-hydra/ecg-maya-hydra-branch-preflight-python3-windows/ecg-maya-hydra/maya-hydra/lib/mayaHydra/hydraExtensions/mayaHydraLibInterface.h
[2023-11-23T16:25:48.889Z]     -- promoting: S:/Jenkins/workspace/ECP/ecg-maya-hydra/ecg-maya-hydra-branch-preflight-python3-windows/ecg-maya-hydra/maya-hydra/lib/mayaHydra/hydraExtensions/mayaHydraLibInterfaceImp.h
[2023-11-23T16:25:48.889Z]     -- promoting: S:/Jenkins/workspace/ECP/ecg-maya-hydra/ecg-maya-hydra-branch-preflight-python3-windows/ecg-maya-hydra/maya-hydra/lib/mayaHydra/hydraExtensions/mayaUtils.h
[2023-11-23T16:25:48.889Z]     -- promoting: S:/Jenkins/workspace/ECP/ecg-maya-hydra/ecg-maya-hydra-branch-preflight-python3-windows/ecg-maya-hydra/maya-hydra/lib/mayaHydra/hydraExtensions/mixedUtils.h
[2023-11-23T16:25:48.889Z]     -- promoting: S:/Jenkins/workspace/ECP/ecg-maya-hydra/ecg-maya-hydra-branch-preflight-python3-windows/ecg-maya-hydra/maya-hydra/lib/mayaHydra/hydraExtensions/mayaHydraSceneProducer.h
[2023-11-23T16:25:48.889Z]     -- promoting: S:/Jenkins/workspace/ECP/ecg-maya-hydra/ecg-maya-hydra-branch-preflight-python3-windows/ecg-maya-hydra/maya-hydra/lib/mayaHydra/hydraExtensions/adapters/adapter.h
[2023-11-23T16:25:48.889Z]     -- promoting: S:/Jenkins/workspace/ECP/ecg-maya-hydra/ecg-maya-hydra-branch-preflight-python3-windows/ecg-maya-hydra/maya-hydra/lib/mayaHydra/hydraExtensions/adapters/adapterDebugCodes.h
[2023-11-23T16:25:48.889Z]     -- promoting: S:/Jenkins/workspace/ECP/ecg-maya-hydra/ecg-maya-hydra-branch-preflight-python3-windows/ecg-maya-hydra/maya-hydra/lib/mayaHydra/hydraExtensions/adapters/adapterRegistry.h
[2023-11-23T16:25:48.889Z]     -- promoting: S:/Jenkins/workspace/ECP/ecg-maya-hydra/ecg-maya-hydra-branch-preflight-python3-windows/ecg-maya-hydra/maya-hydra/lib/mayaHydra/hydraExtensions/adapters/cameraAdapter.h
[2023-11-23T16:25:48.889Z]     -- promoting: S:/Jenkins/workspace/ECP/ecg-maya-hydra/ecg-maya-hydra-branch-preflight-python3-windows/ecg-maya-hydra/maya-hydra/lib/mayaHydra/hydraExtensions/adapters/constantShadowMatrix.h
[2023-11-23T16:25:48.889Z]     -- promoting: S:/Jenkins/workspace/ECP/ecg-maya-hydra/ecg-maya-hydra-branch-preflight-python3-windows/ecg-maya-hydra/maya-hydra/lib/mayaHydra/hydraExtensions/adapters/dagAdapter.h
[2023-11-23T16:25:48.889Z]     -- promoting: S:/Jenkins/workspace/ECP/ecg-maya-hydra/ecg-maya-hydra-branch-preflight-python3-windows/ecg-maya-hydra/maya-hydra/lib/mayaHydra/hydraExtensions/adapters/renderItemAdapter.h
[2023-11-23T16:25:48.889Z]     -- promoting: S:/Jenkins/workspace/ECP/ecg-maya-hydra/ecg-maya-hydra-branch-preflight-python3-windows/ecg-maya-hydra/maya-hydra/lib/mayaHydra/hydraExtensions/adapters/lightAdapter.h
[2023-11-23T16:25:48.889Z]     -- promoting: S:/Jenkins/workspace/ECP/ecg-maya-hydra/ecg-maya-hydra-branch-preflight-python3-windows/ecg-maya-hydra/maya-hydra/lib/mayaHydra/hydraExtensions/adapters/materialAdapter.h
[2023-11-23T16:25:48.889Z]     -- promoting: S:/Jenkins/workspace/ECP/ecg-maya-hydra/ecg-maya-hydra-branch-preflight-python3-windows/ecg-maya-hydra/maya-hydra/lib/mayaHydra/hydraExtensions/adapters/materialNetworkConverter.h
[2023-11-23T16:25:48.889Z]     -- promoting: S:/Jenkins/workspace/ECP/ecg-maya-hydra/ecg-maya-hydra-branch-preflight-python3-windows/ecg-maya-hydra/maya-hydra/lib/mayaHydra/hydraExtensions/adapters/mayaAttrs.h
[2023-11-23T16:25:48.889Z]     -- promoting: S:/Jenkins/workspace/ECP/ecg-maya-hydra/ecg-maya-hydra-branch-preflight-python3-windows/ecg-maya-hydra/maya-hydra/lib/mayaHydra/hydraExtensions/adapters/shapeAdapter.h
[2023-11-23T16:25:48.889Z]     -- promoting: S:/Jenkins/workspace/ECP/ecg-maya-hydra/ecg-maya-hydra-branch-preflight-python3-windows/ecg-maya-hydra/maya-hydra/lib/mayaHydra/hydraExtensions/adapters/tokens.h
[2023-11-23T16:25:48.889Z]     -- promoting: S:/Jenkins/workspace/ECP/ecg-maya-hydra/ecg-maya-hydra-branch-preflight-python3-windows/ecg-maya-hydra/maya-hydra/lib/mayaHydra/hydraExtensions/delegates/delegate.h
[2023-11-23T16:25:48.889Z]     -- promoting: S:/Jenkins/workspace/ECP/ecg-maya-hydra/ecg-maya-hydra-branch-preflight-python3-windows/ecg-maya-hydra/maya-hydra/lib/mayaHydra/hydraExtensions/delegates/delegateCtx.h
[2023-11-23T16:25:48.889Z]     -- promoting: S:/Jenkins/workspace/ECP/ecg-maya-hydra/ecg-maya-hydra-branch-preflight-python3-windows/ecg-maya-hydra/maya-hydra/lib/mayaHydra/hydraExtensions/delegates/delegateDebugCodes.h
[2023-11-23T16:25:48.889Z]     -- promoting: S:/Jenkins/workspace/ECP/ecg-maya-hydra/ecg-maya-hydra-branch-preflight-python3-windows/ecg-maya-hydra/maya-hydra/lib/mayaHydra/hydraExtensions/delegates/delegateRegistry.h
[2023-11-23T16:25:48.889Z]     -- promoting: S:/Jenkins/workspace/ECP/ecg-maya-hydra/ecg-maya-hydra-branch-preflight-python3-windows/ecg-maya-hydra/maya-hydra/lib/mayaHydra/hydraExtensions/delegates/params.h
[2023-11-23T16:25:48.889Z]     -- promoting: S:/Jenkins/workspace/ECP/ecg-maya-hydra/ecg-maya-hydra-branch-preflight-python3-windows/ecg-maya-hydra/maya-hydra/lib/mayaHydra/hydraExtensions/delegates/sceneDelegate.h
[2023-11-23T16:25:48.889Z]     -- promoting: S:/Jenkins/workspace/ECP/ecg-maya-hydra/ecg-maya-hydra-branch-preflight-python3-windows/ecg-maya-hydra/maya-hydra/lib/mayaHydra/hydraExtensions/delegates/defaultLightDelegate.h
[2023-11-23T16:25:48.889Z]     -- promoting: S:/Jenkins/workspace/ECP/ecg-maya-hydra/ecg-maya-hydra-branch-preflight-python3-windows/ecg-maya-hydra/maya-hydra/lib/mayaHydra/hydraExtensions/delegates/testDelegate.h
[2023-11-23T16:25:48.889Z]     -- promoting: S:/Jenkins/workspace/ECP/ecg-maya-hydra/ecg-maya-hydra-branch-preflight-python3-windows/ecg-maya-hydra/maya-hydra/lib/mayaHydra/hydraExtensions/sceneIndex/registration.h
[2023-11-23T16:25:48.889Z]     -- promoting: S:/Jenkins/workspace/ECP/ecg-maya-hydra/ecg-maya-hydra-branch-preflight-python3-windows/ecg-maya-hydra/maya-hydra/lib/mayaHydra/hydraExtensions/sceneIndex/mayaHydraSceneIndex.h
[2023-11-23T16:25:48.889Z]     -- promoting: S:/Jenkins/workspace/ECP/ecg-maya-hydra/ecg-maya-hydra-branch-preflight-python3-windows/ecg-maya-hydra/maya-hydra/lib/mayaHydra/hydraExtensions/sceneIndex/mayaHydraDataSource.h
[2023-11-23T16:25:48.889Z]     -- promoting: S:/Jenkins/workspace/ECP/ecg-maya-hydra/ecg-maya-hydra-branch-preflight-python3-windows/ecg-maya-hydra/maya-hydra/lib/mayaHydra/hydraExtensions/sceneIndex/mayaHydraPrimvarDataSource.h
[2023-11-23T16:25:48.889Z]     -- promoting: S:/Jenkins/workspace/ECP/ecg-maya-hydra/ecg-maya-hydra-branch-preflight-python3-windows/ecg-maya-hydra/maya-hydra/lib/mayaHydra/hydraExtensions/sceneIndex/mayaHydraDisplayStyleDataSource.h
[2023-11-23T16:25:48.889Z]     -- promoting: S:/Jenkins/workspace/ECP/ecg-maya-hydra/ecg-maya-hydra-branch-preflight-python3-windows/ecg-maya-hydra/maya-hydra/lib/mayaHydra/hydraExtensions/sceneIndex/mayaHydraCameraDataSource.h
[2023-11-23T16:25:48.889Z]     -- promoting: S:/Jenkins/workspace/ECP/ecg-maya-hydra/ecg-maya-hydra-branch-preflight-python3-windows/ecg-maya-hydra/maya-hydra/lib/mayaHydra/hydraExtensions/sceneIndex/mayaHydraLightDataSource.h
[2023-11-23T16:25:48.889Z]     -- promoting: S:/Jenkins/workspace/ECP/ecg-maya-hydra/ecg-maya-hydra-branch-preflight-python3-windows/ecg-maya-hydra/maya-hydra/lib/mayaHydra/hydraExtensions/sceneIndex/mayaHydraDefaultLightDataSource.h
[2023-11-23T16:25:48.889Z]     -- promoting: S:/Jenkins/workspace/ECP/ecg-maya-hydra/ecg-maya-hydra-branch-preflight-python3-windows/ecg-maya-hydra/maya-hydra/lib/mayaHydra/ufeExtensions/api.h
[2023-11-23T16:25:48.889Z]     -- promoting: S:/Jenkins/workspace/ECP/ecg-maya-hydra/ecg-maya-hydra-branch-preflight-python3-windows/ecg-maya-hydra/maya-hydra/lib/mayaHydra/ufeExtensions/Global.h
[2023-11-23T16:25:48.889Z]     -- promoting: S:/Jenkins/workspace/ECP/ecg-maya-hydra/ecg-maya-hydra-branch-preflight-python3-windows/ecg-maya-hydra/maya-hydra/lib/flowViewport/api.h
[2023-11-23T16:25:48.889Z]     -- promoting: S:/Jenkins/workspace/ECP/ecg-maya-hydra/ecg-maya-hydra-branch-preflight-python3-windows/ecg-maya-hydra/maya-hydra/lib/flowViewport/debugCodes.h
[2023-11-23T16:25:48.889Z]     -- promoting: S:/Jenkins/workspace/ECP/ecg-maya-hydra/ecg-maya-hydra-branch-preflight-python3-windows/ecg-maya-hydra/maya-hydra/lib/flowViewport/global.h
[2023-11-23T16:25:48.889Z]     -- promoting: S:/Jenkins/workspace/ECP/ecg-maya-hydra/ecg-maya-hydra-branch-preflight-python3-windows/ecg-maya-hydra/maya-hydra/lib/flowViewport/tokens.h
[2023-11-23T16:25:48.889Z]     -- promoting: S:/Jenkins/workspace/ECP/ecg-maya-hydra/ecg-maya-hydra-branch-preflight-python3-windows/ecg-maya-hydra/maya-hydra/lib/flowViewport/colorPreferences/fvpColorChanged.h
[2023-11-23T16:25:48.889Z]     -- promoting: S:/Jenkins/workspace/ECP/ecg-maya-hydra/ecg-maya-hydra-branch-preflight-python3-windows/ecg-maya-hydra/maya-hydra/lib/flowViewport/colorPreferences/fvpColorPreferences.h
[2023-11-23T16:25:48.889Z]     -- promoting: S:/Jenkins/workspace/ECP/ecg-maya-hydra/ecg-maya-hydra-branch-preflight-python3-windows/ecg-maya-hydra/maya-hydra/lib/flowViewport/colorPreferences/fvpColorPreferencesTokens.h
[2023-11-23T16:25:48.889Z]     -- promoting: S:/Jenkins/workspace/ECP/ecg-maya-hydra/ecg-maya-hydra-branch-preflight-python3-windows/ecg-maya-hydra/maya-hydra/lib/flowViewport/colorPreferences/fvpColorPreferencesTranslator.h
[2023-11-23T16:25:48.889Z]     -- promoting: S:/Jenkins/workspace/ECP/ecg-maya-hydra/ecg-maya-hydra-branch-preflight-python3-windows/ecg-maya-hydra/maya-hydra/lib/flowViewport/sceneIndex/fvpMergingSceneIndex.h
[2023-11-23T16:25:48.889Z]     -- promoting: S:/Jenkins/workspace/ECP/ecg-maya-hydra/ecg-maya-hydra-branch-preflight-python3-windows/ecg-maya-hydra/maya-hydra/lib/flowViewport/sceneIndex/fvpPathInterface.h
[2023-11-23T16:25:48.889Z]     -- promoting: S:/Jenkins/workspace/ECP/ecg-maya-hydra/ecg-maya-hydra-branch-preflight-python3-windows/ecg-maya-hydra/maya-hydra/lib/flowViewport/sceneIndex/fvpPathInterfaceSceneIndex.h
[2023-11-23T16:25:48.889Z]     -- promoting: S:/Jenkins/workspace/ECP/ecg-maya-hydra/ecg-maya-hydra-branch-preflight-python3-windows/ecg-maya-hydra/maya-hydra/lib/flowViewport/sceneIndex/fvpRenderIndexProxy.h
[2023-11-23T16:25:48.889Z]     -- promoting: S:/Jenkins/workspace/ECP/ecg-maya-hydra/ecg-maya-hydra-branch-preflight-python3-windows/ecg-maya-hydra/maya-hydra/lib/flowViewport/sceneIndex/fvpRenderIndexProxyFwd.h
[2023-11-23T16:25:48.889Z]     -- promoting: S:/Jenkins/workspace/ECP/ecg-maya-hydra/ecg-maya-hydra-branch-preflight-python3-windows/ecg-maya-hydra/maya-hydra/lib/flowViewport/sceneIndex/fvpSelectionSceneIndex.h
[2023-11-23T16:25:48.889Z]     -- promoting: S:/Jenkins/workspace/ECP/ecg-maya-hydra/ecg-maya-hydra-branch-preflight-python3-windows/ecg-maya-hydra/maya-hydra/lib/flowViewport/sceneIndex/fvpWireframeSelectionHighlightSceneIndex.h
[2023-11-23T16:25:48.889Z]     -- promoting: S:/Jenkins/workspace/ECP/ecg-maya-hydra/ecg-maya-hydra-branch-preflight-python3-windows/ecg-maya-hydra/maya-hydra/lib/flowViewport/API/fvpSelectionClient.h
[2023-11-23T16:25:48.889Z]     -- promoting: S:/Jenkins/workspace/ECP/ecg-maya-hydra/ecg-maya-hydra-branch-preflight-python3-windows/ecg-maya-hydra/maya-hydra/lib/flowViewport/API/fvpFlowSelectionInterface.h
[2023-11-23T16:25:48.889Z]     -- promoting: S:/Jenkins/workspace/ECP/ecg-maya-hydra/ecg-maya-hydra-branch-preflight-python3-windows/ecg-maya-hydra/maya-hydra/lib/flowViewport/API/fvpVersionInterface.h
[2023-11-23T16:25:48.889Z]     -- promoting: S:/Jenkins/workspace/ECP/ecg-maya-hydra/ecg-maya-hydra-branch-preflight-python3-windows/ecg-maya-hydra/maya-hydra/lib/flowViewport/API/fvpInformationInterface.h
[2023-11-23T16:25:48.889Z]     -- promoting: S:/Jenkins/workspace/ECP/ecg-maya-hydra/ecg-maya-hydra-branch-preflight-python3-windows/ecg-maya-hydra/maya-hydra/lib/flowViewport/API/fvpInformationClient.h
[2023-11-23T16:25:49.232Z]     -- promoting: S:/Jenkins/workspace/ECP/ecg-maya-hydra/ecg-maya-hydra-branch-preflight-python3-windows/ecg-maya-hydra/maya-hydra/lib/flowViewport/API/interfacesImp/fvpSelectionInterfaceImp.h
[2023-11-23T16:25:49.232Z]     -- promoting: S:/Jenkins/workspace/ECP/ecg-maya-hydra/ecg-maya-hydra-branch-preflight-python3-windows/ecg-maya-hydra/maya-hydra/lib/flowViewport/API/interfacesImp/fvpVersionInterfaceImp.h
[2023-11-23T16:25:49.232Z]     -- promoting: S:/Jenkins/workspace/ECP/ecg-maya-hydra/ecg-maya-hydra-branch-preflight-python3-windows/ecg-maya-hydra/maya-hydra/lib/flowViewport/API/interfacesImp/fvpInformationInterfaceImp.h
[2023-11-23T16:25:49.232Z]     -- promoting: S:/Jenkins/workspace/ECP/ecg-maya-hydra/ecg-maya-hydra-branch-preflight-python3-windows/ecg-maya-hydra/maya-hydra/lib/flowViewport/API/samples/fvpSelectionClientExample.h
[2023-11-23T16:25:49.232Z]     -- promoting: S:/Jenkins/workspace/ECP/ecg-maya-hydra/ecg-maya-hydra-branch-preflight-python3-windows/ecg-maya-hydra/maya-hydra/lib/flowViewport/API/samples/fvpInformationClientExample.h
[2023-11-23T16:25:49.232Z]     -- promoting: S:/Jenkins/workspace/ECP/ecg-maya-hydra/ecg-maya-hydra-branch-preflight-python3-windows/ecg-maya-hydra/maya-hydra/lib/flowViewport/API/perViewportSceneIndicesData/fvpViewportInformationAndSceneIndicesPerViewportData.h
[2023-11-23T16:25:49.232Z]     -- promoting: S:/Jenkins/workspace/ECP/ecg-maya-hydra/ecg-maya-hydra-branch-preflight-python3-windows/ecg-maya-hydra/maya-hydra/lib/flowViewport/API/perViewportSceneIndicesData/fvpViewportInformationAndSceneIndicesPerViewportDataManager.h
[2023-11-23T16:25:49.232Z]     -- promoting: S:/Jenkins/workspace/ECP/ecg-maya-hydra/ecg-maya-hydra-branch-preflight-python3-windows/ecg-maya-hydra/maya-hydra/lib/flowViewport/selection/fvpSelection.h
[2023-11-23T16:25:49.232Z]     -- promoting: S:/Jenkins/workspace/ECP/ecg-maya-hydra/ecg-maya-hydra-branch-preflight-python3-windows/ecg-maya-hydra/maya-hydra/lib/flowViewport/selection/fvpSelectionFwd.h
[2023-11-23T16:25:49.232Z]     -- promoting: S:/Jenkins/workspace/ECP/ecg-maya-hydra/ecg-maya-hydra-branch-preflight-python3-windows/ecg-maya-hydra/maya-hydra/lib/flowViewport/selection/fvpSelectionTask.h
[2023-11-23T16:25:49.232Z]     -- promoting: S:/Jenkins/workspace/ECP/ecg-maya-hydra/ecg-maya-hydra-branch-preflight-python3-windows/ecg-maya-hydra/maya-hydra/lib/flowViewport/selection/fvpSelectionTracker.h
[2023-11-23T16:25:52.269Z]     -- Configuring done
[2023-11-23T16:25:52.615Z]     -- Generating done
[2023-11-23T16:25:52.615Z]     -- Build files have been written to: W:/build/Debug
[2023-11-23T16:25:52.615Z]     
[2023-11-23T16:25:52.615Z]         Building with settings:
[2023-11-23T16:25:52.615Z]           Source directory          S:\Jenkins\workspace\ECP\ecg-maya-hydra\ecg-maya-hydra-branch-preflight-python3-windows\ecg-maya-hydra\maya-hydra
[2023-11-23T16:25:52.615Z]           Workspace directory       W:\
[2023-11-23T16:25:52.615Z]           Build directory           W:\build\Debug
[2023-11-23T16:25:52.615Z]           Install directory         W:\install\Debug\MayaHydra
[2023-11-23T16:25:52.615Z]           Variant                   Debug
[2023-11-23T16:25:52.615Z]           Python Debug              On
[2023-11-23T16:25:52.615Z]           CMake generator           Ninja
[2023-11-23T16:25:52.615Z]           Build arguments           ['-DCMAKE_MAKE_PROGRAM=P:/shared/Artifactory/Windows/ninja/1.10.2/ccacdf8/ninja.exe', '-DPYTHON_INCLUDE_DIR=P:/shared/Artifactory/Windows/rundev-master-debug/202311220725/runtime/a121a89/runTime/include/Python311/Python', '-DPython_EXECUTABLE=P:/shared/Artifactory/Windows/rundev-master-debug/202311220725/runtime/a121a89/runTime/bin/mayapy.exe', '-DPYTHON_LIBRARIES=P:/shared/Artifactory/Windows/rundev-master-debug/202311220725/runtime/a121a89/runTime/lib/python311_d.lib', '-DBUILD_WITH_PYTHON_3_VERSION=3.11', '-DCMAKE_WANT_MATERIALX_BUILD=ON', '-DCMAKE_PREFIX_PATH=P:\\shared\\Artifactory\\Windows\\USD\\01f407c', '-DMAYAHYDRA_BUILD_NUMBER=414', '-DMAYAHYDRA_GIT_COMMIT=a6160e671d724cbd23348caec6efe576ee214353', '-DMAYAHYDRA_GIT_BRANCH=master']
[2023-11-23T16:25:52.615Z]           Stages arguments          ['configure']
[2023-11-23T16:25:52.615Z]           CTest arguments           ['--parallel 16']
[2023-11-23T16:25:52.615Z]     STATUS: Found Maya Qt headers in: P:\shared\Artifactory\Windows\rundev-master-debug\202311220725\runtime\a121a89\devkitBase
[2023-11-23T16:25:52.615Z]     Success MayaHydra build and install !!!!
[2023-11-23T16:25:52.615Z]     Elapsed time: 00:00:35
[Pipeline] bat
[2023-11-23T16:25:53.243Z] Deleting alias drive W:
[Pipeline] bat
[2023-11-23T16:25:53.883Z] Deleting alias drive P:
[Pipeline] bat
[2023-11-23T16:25:54.537Z] Creating alias drive P: to S:\jenkins\workspace
[Pipeline] bat
[2023-11-23T16:25:55.152Z] Creating alias drive W: to S:\Jenkins\workspace\ECP\ecg-maya-hydra\ecg-maya-hydra-branch-preflight-python3-windows
[Pipeline] bat
[2023-11-23T16:25:55.983Z] "C:\Program Files\Microsoft Visual Studio\2022\Professional\VC\Auxiliary\Build\vcvarsall.bat" x64
[2023-11-23T16:25:56.319Z] **********************************************************************
[2023-11-23T16:25:56.319Z] ** Visual Studio 2022 Developer Command Prompt v17.3.2
[2023-11-23T16:25:56.319Z] ** Copyright (c) 2022 Microsoft Corporation
[2023-11-23T16:25:56.319Z] **********************************************************************
[2023-11-23T16:25:57.484Z] [vcvarsall.bat] Environment initialized for: 'x64'
[2023-11-23T16:25:57.484Z] python ecg-maya-hydra/build.py --stages=configure --workspace-dir=W:\ --artifactory-dir=P:\shared\Artifactory --build-dir=W:\build --install-dir=W:\install --signing-dir=W:\signing --package-dir=W:\package --output-dir=W:\output --stash-dir=W:\stash --jenkins-build=414 --git-commit=a6160e671d724cbd23348caec6efe576ee214353 --git-branch=master --variants=RelWithDebInfo --interactive-tests=true --post-zips=false --osx-binary-architecture-target=ub2 --osx-deployment-target=11.0 --osx-base-sdk=CurrentActiveSDK --maya-cut-config=maya-rundev-master.yaml --maya-package=rundev-master --stage-banner
[2023-11-23T16:25:58.649Z] Using Maya cut from P:\shared\Artifactory\Windows\rundev-master\202311221838\runtime\0c83665
[2023-11-23T16:25:58.649Z] Using Maya ADSK Signatures from P:\shared\Artifactory\Windows\adsk-plugin-signatures-maya\2023\3ae1ae7
[2023-11-23T16:25:58.649Z] Using Maya Security Library from P:\shared\Artifactory\Windows\maya-security-library\3.4.0\284407f
[2023-11-23T16:25:58.649Z] 
[2023-11-23T16:25:58.649Z] ================================================================================
[2023-11-23T16:25:58.649Z]                            configure (RelWithDebInfo)
[2023-11-23T16:25:58.649Z] ================================================================================
[2023-11-23T16:25:58.649Z] Maya Python RelWithDebInfo Info:
[2023-11-23T16:25:58.649Z]   mayapy executable   = P:\shared\Artifactory\Windows\rundev-master\202311221838\runtime\0c83665\runTime\bin\mayapy.exe
[2023-11-23T16:25:58.649Z]   Include Folder      = P:\shared\Artifactory\Windows\rundev-master\202311221838\runtime\0c83665\runTime\include\Python311\Python
[2023-11-23T16:25:58.649Z]   Library             = P:\shared\Artifactory\Windows\rundev-master\202311221838\runtime\0c83665\runTime\lib\python311.lib
[2023-11-23T16:25:58.649Z]   site-package Folder = P:\shared\Artifactory\Windows\rundev-master\202311221838\runtime\0c83665\runTime\Python\Lib\site-packages
[2023-11-23T16:25:59.369Z] In workdir: S:\Jenkins\workspace\ECP\ecg-maya-hydra\ecg-maya-hydra-branch-preflight-python3-windows\ecg-maya-hydra\maya-hydra
[2023-11-23T16:25:59.369Z] Executing: 'P:\\shared\\Artifactory\\Windows\\rundev-master\\202311221838\\runtime\\0c83665\\runTime\\bin\\mayapy.exe' 'S:\\Jenkins\\workspace\\ECP\\ecg-maya-hydra\\ecg-maya-hydra-branch-preflight-python3-windows\\ecg-maya-hydra\\maya-hydra\\build.py' --generator Ninja --build-relwithdebug --maya-location 'P:\\shared\\Artifactory\\Windows\\rundev-master\\202311221838\\runtime\\0c83665\\runTime' --devkit-location 'P:\\shared\\Artifactory\\Windows\\rundev-master\\202311221838\\runtime\\0c83665\\devkitBase' --pxrusd-location 'P:\\shared\\Artifactory\\Windows\\USD\\6a9558d' '--build-args=-DCMAKE_MAKE_PROGRAM=P:/shared/Artifactory/Windows/ninja/1.10.2/ccacdf8/ninja.exe,-DPYTHON_INCLUDE_DIR=P:/shared/Artifactory/Windows/rundev-master/202311221838/runtime/0c83665/runTime/include/Python311/Python,-DPython_EXECUTABLE=P:/shared/Artifactory/Windows/rundev-master/202311221838/runtime/0c83665/runTime/bin/mayapy.exe,-DPYTHON_LIBRARIES=P:/shared/Artifactory/Windows/rundev-master/202311221838/runtime/0c83665/runTime/lib/python311.lib,-DBUILD_WITH_PYTHON_3_VERSION=3.11,-DCMAKE_WANT_MATERIALX_BUILD=ON,-DCMAKE_PREFIX_PATH=P:\\shared\\Artifactory\\Windows\\USD\\6a9558d,-DMAYAHYDRA_BUILD_NUMBER=414,-DMAYAHYDRA_GIT_COMMIT=a6160e671d724cbd23348caec6efe576ee214353,-DMAYAHYDRA_GIT_BRANCH=master' '--ctest-args=--parallel 16' --stages=configure --redirect-outstream-file=False --install-location 'W:\\install\\RelWithDebInfo\\MayaHydra' 'W:\\'
[2023-11-23T16:25:59.369Z] Modified environment variables:
[2023-11-23T16:25:59.370Z]     PATH=P:\shared\Artifactory\Windows\cmake\3.20.3\afe857a\bin;C:\Python27\lib\site-packages\pywin32_system32;C:\Program Files\Microsoft Visual Studio\2022\Professional\VC\Tools\MSVC\14.33.31629\bin\HostX64\x64;C:\Program Files\Microsoft Visual Studio\2022\Professional\Common7\IDE\VC\VCPackages;C:\Program Files\Microsoft Visual Studio\2022\Professional\Common7\IDE\CommonExtensions\Microsoft\TestWindow;C:\Program Files\Microsoft Visual Studio\2022\Professional\Common7\IDE\CommonExtensions\Microsoft\TeamFoundation\Team Explorer;C:\Program Files\Microsoft Visual Studio\2022\Professional\MSBuild\Current\bin\Roslyn;C:\Program Files\Microsoft Visual Studio\2022\Professional\Team Tools\Performance Tools\x64;C:\Program Files\Microsoft Visual Studio\2022\Professional\Team Tools\Performance Tools;C:\Program Files (x86)\Microsoft Visual Studio\Shared\Common\VSPerfCollectionTools\vs2019\\x64;C:\Program Files (x86)\Microsoft Visual Studio\Shared\Common\VSPerfCollectionTools\vs2019\;C:\Program Files (x86)\Microsoft SDKs\Windows\v10.0A\bin\NETFX 4.8 Tools\x64\;C:\Program Files (x86)\HTML Help Workshop;C:\Program Files\Microsoft Visual Studio\2022\Professional\Common7\IDE\CommonExtensions\Microsoft\FSharp\Tools;C:\Program Files (x86)\Windows Kits\10\bin\10.0.19041.0\\x64;C:\Program Files (x86)\Windows Kits\10\bin\\x64;C:\Program Files\Microsoft Visual Studio\2022\Professional\\MSBuild\Current\Bin\amd64;C:\WINDOWS\Microsoft.NET\Framework64\v4.0.30319;C:\Program Files\Microsoft Visual Studio\2022\Professional\Common7\IDE\;C:\Program Files\Microsoft Visual Studio\2022\Professional\Common7\Tools\;C:\Python27\;C:\Python27\Scripts;C:\WINDOWS\system32;C:\WINDOWS;C:\WINDOWS\System32\Wbem;C:\WINDOWS\System32\WindowsPowerShell\v1.0\;C:\WINDOWS\System32\OpenSSH\;C:\ProgramData\chocolatey\bin;C:\Program Files (x86)\WiX Toolset v3.7\bin;C:\Program Files\dotnet\;C:\Program Files\Zulu\zulu-11\bin\;C:\Program Files (x86)\Windows Kits\10\bin\10.0.19041.0\x64;C:\Program Files (x86)\Windows Kits\10\bin\10.0.18362.0\x64;C:\Program Files (x86)\Windows Kits\10\bin\10.0.17763.0\x64;C:\Program Files (x86)\Windows Kits\10\bin\x64;C:\Strawberry\c\bin;C:\Strawberry\perl\site\bin;C:\Strawberry\perl\bin;C:\Program Files\Git\cmd;C:\Program Files\Git\usr\bin;C:\Program Files\Git\mingw64\bin;C:\Program Files\Git\bin;C:\Python38\;C:\Python38\Scripts;C:\StoreBoxClientWindows;C:\Program Files\Electric Cloud\ElectricCommander\bin;C:\Program Files\WinRAR;C:\Program Files\7-Zip;C:\Users\Administrator\AppData\Local\Microsoft\WindowsApps;C:\Users\Administrator\.dotnet\tools;C:\Program Files\Microsoft Visual Studio\2022\Professional\Common7\IDE\CommonExtensions\Microsoft\CMake\CMake\bin;C:\Program Files\Microsoft Visual Studio\2022\Professional\Common7\IDE\CommonExtensions\Microsoft\CMake\Ninja;C:\Program Files\Microsoft Visual Studio\2022\Professional\Common7\IDE\VC\Linux\bin\ConnectionManagerExe
[2023-11-23T16:26:01.055Z]     -- The C compiler identification is MSVC 19.33.31629.0
[2023-11-23T16:26:01.055Z]     -- The CXX compiler identification is MSVC 19.33.31629.0
[2023-11-23T16:26:01.391Z]     -- Detecting C compiler ABI info
[2023-11-23T16:26:02.113Z]     -- Detecting C compiler ABI info - done
[2023-11-23T16:26:02.113Z]     -- Check for working C compiler: C:/Program Files/Microsoft Visual Studio/2022/Professional/VC/Tools/MSVC/14.33.31629/bin/Hostx64/x64/cl.exe - skipped
[2023-11-23T16:26:02.113Z]     -- Detecting C compile features
[2023-11-23T16:26:02.113Z]     -- Detecting C compile features - done
[2023-11-23T16:26:02.113Z]     -- Detecting CXX compiler ABI info
[2023-11-23T16:26:02.834Z]     -- Detecting CXX compiler ABI info - done
[2023-11-23T16:26:02.834Z]     -- Check for working CXX compiler: C:/Program Files/Microsoft Visual Studio/2022/Professional/VC/Tools/MSVC/14.33.31629/bin/Hostx64/x64/cl.exe - skipped
[2023-11-23T16:26:02.834Z]     -- Detecting CXX compile features
[2023-11-23T16:26:02.834Z]     -- Detecting CXX compile features - done
[2023-11-23T16:26:03.556Z]     -- Using Maya Light API Version 3
[2023-11-23T16:26:03.556Z]     -- Maya has setDefaultMaterialHandling API
[2023-11-23T16:26:03.556Z]     -- Maya has new point snapping API
[2023-11-23T16:26:03.556Z]     -- Maya has isInCrashHandler API
[2023-11-23T16:26:03.556Z]     -- Maya has getDisplayStyleOfAllViewports API
[2023-11-23T16:26:03.556Z]     -- Maya array iterator has difference_type trait
[2023-11-23T16:26:03.556Z]     -- MFnSet has getMemberPaths function
[2023-11-23T16:26:03.556Z]     -- MFnDisplayLayer exists
[2023-11-23T16:26:03.556Z]     -- MDisplayLayerMessage has MDisplayLayerMemberChangedFunction
[2023-11-23T16:26:03.556Z]     -- MRenderItem has HideOnPlayback API
[2023-11-23T16:26:03.556Z]     -- Found Maya: P:/shared/Artifactory/Windows/rundev-master/202311221838/runtime/0c83665/runTime/bin/maya.exe (found suitable version "2025", minimum required is "2024")
[2023-11-23T16:26:04.727Z]     -- Found Python: P:/shared/Artifactory/Windows/rundev-master/202311221838/runtime/0c83665/runTime/bin/mayapy.exe (found suitable exact version "3.11.4") found components: Interpreter
[2023-11-23T16:26:04.727Z]     -- Build mayaHydra with Python3 = 3.11
[2023-11-23T16:26:04.727Z]     --    PYTHON_INCLUDE_DIRS = P:/shared/Artifactory/Windows/rundev-master/202311221838/runtime/0c83665/runTime/include/Python311/Python
[2023-11-23T16:26:04.727Z]     --    PYTHON_LIBRARIES    = P:/shared/Artifactory/Windows/rundev-master/202311221838/runtime/0c83665/runTime/lib/python311.lib
[2023-11-23T16:26:04.727Z]     --    Python_EXECUTABLE   = P:/shared/Artifactory/Windows/rundev-master/202311221838/runtime/0c83665/runTime/bin/mayapy.exe
[2023-11-23T16:26:05.065Z]     -- Found Python3: P:\shared\Artifactory\Windows\rundev-master\202311221838\runtime\0c83665\runTime/lib/python311.lib (found suitable exact version "3.11.4") found components: Development Development.Module Development.Embed
[2023-11-23T16:26:05.065Z]     -- USD has new Sdr.PropertyTypes.Color4
[2023-11-23T16:26:05.400Z]     -- USD has MaterialX metadata support
[2023-11-23T16:26:05.400Z]     -- USD include dir: P:/shared/Artifactory/Windows/USD/6a9558d/include
[2023-11-23T16:26:05.400Z]     -- USD library dir: P:/shared/Artifactory/Windows/USD/6a9558d/lib
[2023-11-23T16:26:05.400Z]     -- USD version: 0.23.11
[2023-11-23T16:26:05.400Z]     -- USD Boost::boost version: 108100
[2023-11-23T16:26:05.400Z]     -- Found USD: P:/shared/Artifactory/Windows/USD/6a9558d (found suitable version "0.23.11", minimum required is "0.22.11")
[2023-11-23T16:26:05.400Z]     Updated PYTHONPATH: P:\shared\Artifactory\Windows\USD\6a9558d\lib\python
[2023-11-23T16:26:05.401Z]     Updated PATH: P:\shared\Artifactory\Windows\cmake\3.20.3\afe857a\bin;C:\Python27\lib\site-packages\pywin32_system32;C:\Program Files\Microsoft Visual Studio\2022\Professional\VC\Tools\MSVC\14.33.31629\bin\HostX64\x64;C:\Program Files\Microsoft Visual Studio\2022\Professional\Common7\IDE\VC\VCPackages;C:\Program Files\Microsoft Visual Studio\2022\Professional\Common7\IDE\CommonExtensions\Microsoft\TestWindow;C:\Program Files\Microsoft Visual Studio\2022\Professional\Common7\IDE\CommonExtensions\Microsoft\TeamFoundation\Team Explorer;C:\Program Files\Microsoft Visual Studio\2022\Professional\MSBuild\Current\bin\Roslyn;C:\Program Files\Microsoft Visual Studio\2022\Professional\Team Tools\Performance Tools\x64;C:\Program Files\Microsoft Visual Studio\2022\Professional\Team Tools\Performance Tools;C:\Program Files (x86)\Microsoft Visual Studio\Shared\Common\VSPerfCollectionTools\vs2019\\x64;C:\Program Files (x86)\Microsoft Visual Studio\Shared\Common\VSPerfCollectionTools\vs2019\;C:\Program Files (x86)\Microsoft SDKs\Windows\v10.0A\bin\NETFX 4.8 Tools\x64\;C:\Program Files (x86)\HTML Help Workshop;C:\Program Files\Microsoft Visual Studio\2022\Professional\Common7\IDE\CommonExtensions\Microsoft\FSharp\Tools;C:\Program Files (x86)\Windows Kits\10\bin\10.0.19041.0\\x64;C:\Program Files (x86)\Windows Kits\10\bin\\x64;C:\Program Files\Microsoft Visual Studio\2022\Professional\\MSBuild\Current\Bin\amd64;C:\WINDOWS\Microsoft.NET\Framework64\v4.0.30319;C:\Program Files\Microsoft Visual Studio\2022\Professional\Common7\IDE\;C:\Program Files\Microsoft Visual Studio\2022\Professional\Common7\Tools\;C:\Python27\;C:\Python27\Scripts;C:\WINDOWS\system32;C:\WINDOWS;C:\WINDOWS\System32\Wbem;C:\WINDOWS\System32\WindowsPowerShell\v1.0\;C:\WINDOWS\System32\OpenSSH\;C:\ProgramData\chocolatey\bin;C:\Program Files (x86)\WiX Toolset v3.7\bin;C:\Program Files\dotnet\;C:\Program Files\Zulu\zulu-11\bin\;C:\Program Files (x86)\Windows Kits\10\bin\10.0.19041.0\x64;C:\Program Files (x86)\Windows Kits\10\bin\10.0.18362.0\x64;C:\Program Files (x86)\Windows Kits\10\bin\10.0.17763.0\x64;C:\Program Files (x86)\Windows Kits\10\bin\x64;C:\Strawberry\c\bin;C:\Strawberry\perl\site\bin;C:\Strawberry\perl\bin;C:\Program Files\Git\cmd;C:\Program Files\Git\usr\bin;C:\Program Files\Git\mingw64\bin;C:\Program Files\Git\bin;C:\Python38\;C:\Python38\Scripts;C:\StoreBoxClientWindows;C:\Program Files\Electric Cloud\ElectricCommander\bin;C:\Program Files\WinRAR;C:\Program Files\7-Zip;C:\Users\Administrator\AppData\Local\Microsoft\WindowsApps;C:\Users\Administrator\.dotnet\tools;C:\Program Files\Microsoft Visual Studio\2022\Professional\Common7\IDE\CommonExtensions\Microsoft\CMake\CMake\bin;C:\Program Files\Microsoft Visual Studio\2022\Professional\Common7\IDE\CommonExtensions\Microsoft\CMake\Ninja;C:\Program Files\Microsoft Visual Studio\2022\Professional\Common7\IDE\VC\Linux\bin\ConnectionManagerExe;P:\shared\Artifactory\Windows\USD\6a9558d\bin;P:\shared\Artifactory\Windows\USD\6a9558d\lib
[2023-11-23T16:26:05.401Z]     -- Found UFE: P:/shared/Artifactory/Windows/rundev-master/202311221838/runtime/0c83665/devkitBase/devkit/ufe/include (found version "0.5.13")
[2023-11-23T16:26:05.401Z]     -- UFE include dir: P:/shared/Artifactory/Windows/rundev-master/202311221838/runtime/0c83665/devkitBase/devkit/ufe/include
[2023-11-23T16:26:05.401Z]     -- UFE library: P:/shared/Artifactory/Windows/rundev-master/202311221838/runtime/0c83665/devkitBase/devkit/ufe/lib/ufe_0.lib
[2023-11-23T16:26:05.401Z]     -- UFE version: 0.5.13
[2023-11-23T16:26:05.401Z]     -- Maya has UFE lights API
[2023-11-23T16:26:05.401Z]     -- Maya has UFE scene segment API
[2023-11-23T16:26:05.401Z]     -- Maya has UFE TrieNode childrenComponents accessor
[2023-11-23T16:26:05.401Z]     -- Building with UFE 0.5.13.
[2023-11-23T16:26:05.401Z]     -- Found MaterialX
[2023-11-23T16:26:05.401Z]     -- Performing Test HAVE_STDATOMIC
[2023-11-23T16:26:06.567Z]     -- Performing Test HAVE_STDATOMIC - Success
[2023-11-23T16:26:06.568Z]     -- Found OpenGL: opengl32
[2023-11-23T16:26:07.734Z]     -- Check if linker can resolve circular dependencies - TRUE
[2023-11-23T16:26:07.734Z]     -- Found Qt 6.5.3 in Maya devkit. Hydra Scene Browser will be built.
[2023-11-23T16:26:07.734Z]     -- **** Building Gulrak From Github Repository.
[2023-11-23T16:26:07.734Z]     -- Populating gulrak
[2023-11-23T16:26:07.734Z]     -- Configuring done
[2023-11-23T16:26:07.734Z]     -- Generating done
[2023-11-23T16:26:08.070Z]     -- Build files have been written to: W:/build/RelWithDebInfo/_deps/gulrak-subbuild
[2023-11-23T16:26:08.405Z]     [1/9] Creating directories for 'gulrak-populate'
[2023-11-23T16:26:08.405Z]     [1/9] Performing download step (git clone) for 'gulrak-populate'
[2023-11-23T16:26:08.741Z]     Cloning into 'gulrak-src'...
[2023-11-23T16:26:09.914Z]     HEAD is now at 4e21ab3 Version bump and updated readme.
[2023-11-23T16:26:11.606Z]     [2/9] Performing update step for 'gulrak-populate'
[2023-11-23T16:26:12.339Z]     [4/9] No patch step for 'gulrak-populate'
[2023-11-23T16:26:12.339Z]     [5/9] No configure step for 'gulrak-populate'
[2023-11-23T16:26:12.339Z]     [6/9] No build step for 'gulrak-populate'
[2023-11-23T16:26:12.675Z]     [7/9] No install step for 'gulrak-populate'
[2023-11-23T16:26:12.675Z]     [8/9] No test step for 'gulrak-populate'
[2023-11-23T16:26:13.011Z]     [9/9] Completed 'gulrak-populate'
[2023-11-23T16:26:13.733Z]     -- ========== Installing GoogleTest... ==========
[2023-11-23T16:26:13.733Z]     -- Configuring done
[2023-11-23T16:26:14.069Z]     -- Generating done
[2023-11-23T16:26:14.069Z]     -- Build files have been written to: W:/build/RelWithDebInfo/googletest-config
[2023-11-23T16:26:14.405Z]     [1/8] Creating directories for 'googletest'
[2023-11-23T16:26:19.212Z]     [2/8] Performing download step (git clone) for 'googletest'
[2023-11-23T16:26:19.212Z]     Cloning into 'googletest-src'...
[2023-11-23T16:26:19.212Z]     HEAD is now at 703bd9ca Googletest export
[2023-11-23T16:26:19.548Z]     [3/8] Performing update step for 'googletest'
[2023-11-23T16:26:19.548Z]     [4/8] No patch step for 'googletest'
[2023-11-23T16:26:23.373Z]     [5/8] Performing configure step for 'googletest'
[2023-11-23T16:26:23.374Z]     Not searching for unused variables given on the command line.
[2023-11-23T16:26:23.374Z]     CMake Deprecation Warning at CMakeLists.txt:4 (cmake_minimum_required):
[2023-11-23T16:26:23.374Z]       Compatibility with CMake < 2.8.12 will be removed from a future version of
[2023-11-23T16:26:23.374Z]       CMake.
[2023-11-23T16:26:23.374Z]     
[2023-11-23T16:26:23.374Z]       Update the VERSION argument <min> value or use a ...<max> suffix to tell
[2023-11-23T16:26:23.374Z]       CMake that the project does not need compatibility with older versions.
[2023-11-23T16:26:23.374Z]     
[2023-11-23T16:26:23.374Z]     
[2023-11-23T16:26:23.374Z]     -- The C compiler identification is MSVC 19.33.31629.0
[2023-11-23T16:26:23.374Z]     -- The CXX compiler identification is MSVC 19.33.31629.0
[2023-11-23T16:26:23.374Z]     -- Detecting C compiler ABI info
[2023-11-23T16:26:23.374Z]     -- Detecting C compiler ABI info - done
[2023-11-23T16:26:23.374Z]     -- Check for working C compiler: C:/Program Files/Microsoft Visual Studio/2022/Professional/VC/Tools/MSVC/14.33.31629/bin/Hostx64/x64/cl.exe - skipped
[2023-11-23T16:26:23.374Z]     -- Detecting C compile features
[2023-11-23T16:26:23.374Z]     -- Detecting C compile features - done
[2023-11-23T16:26:23.374Z]     -- Detecting CXX compiler ABI info
[2023-11-23T16:26:23.374Z]     -- Detecting CXX compiler ABI info - done
[2023-11-23T16:26:23.374Z]     -- Check for working CXX compiler: C:/Program Files/Microsoft Visual Studio/2022/Professional/VC/Tools/MSVC/14.33.31629/bin/Hostx64/x64/cl.exe - skipped
[2023-11-23T16:26:23.374Z]     -- Detecting CXX compile features
[2023-11-23T16:26:23.374Z]     -- Detecting CXX compile features - done
[2023-11-23T16:26:23.374Z]     CMake Deprecation Warning at googletest/CMakeLists.txt:56 (cmake_minimum_required):
[2023-11-23T16:26:23.374Z]       Compatibility with CMake < 2.8.12 will be removed from a future version of
[2023-11-23T16:26:23.374Z]       CMake.
[2023-11-23T16:26:23.374Z]     
[2023-11-23T16:26:23.374Z]       Update the VERSION argument <min> value or use a ...<max> suffix to tell
[2023-11-23T16:26:23.374Z]       CMake that the project does not need compatibility with older versions.
[2023-11-23T16:26:23.374Z]     
[2023-11-23T16:26:23.374Z]     
[2023-11-23T16:26:23.374Z]     -- Found PythonInterp: C:/Python27/python.exe (found version "2.7.18")
[2023-11-23T16:26:23.374Z]     -- Looking for pthread.h
[2023-11-23T16:26:23.374Z]     -- Looking for pthread.h - not found
[2023-11-23T16:26:23.374Z]     -- Found Threads: TRUE
[2023-11-23T16:26:23.374Z]     -- Configuring done
[2023-11-23T16:26:23.374Z]     -- Generating done
[2023-11-23T16:26:23.374Z]     -- Build files have been written to: W:/build/RelWithDebInfo/googletest-build
[2023-11-23T16:26:28.203Z]     [6/8] Performing build step for 'googletest'
[2023-11-23T16:26:28.203Z]     [1/4] Building CXX object googletest\CMakeFiles\gtest_main.dir\src\gtest_main.cc.obj
[2023-11-23T16:26:28.203Z]     [2/4] Building CXX object googletest\CMakeFiles\gtest.dir\src\gtest-all.cc.obj
[2023-11-23T16:26:28.203Z]     [3/4] Linking CXX shared library bin\gtest.dll
[2023-11-23T16:26:28.203Z]     [4/4] Linking CXX shared library bin\gtest_main.dll
[2023-11-23T16:26:28.203Z]     [7/8] Performing install step for 'googletest'
[2023-11-23T16:26:28.203Z]     [0/1] Install the project...
[2023-11-23T16:26:28.203Z]     -- Install configuration: "RelWithDebInfo"
[2023-11-23T16:26:28.203Z]     [8/8] Completed 'googletest'
[2023-11-23T16:26:28.203Z]     -- ========== ...  GoogleTest installed. ==========
[2023-11-23T16:26:28.924Z]     -- Found GTest: W:/build/RelWithDebInfo/googletest-install/lib/gtest.lib
[2023-11-23T16:26:28.924Z]     -- promoting: S:/Jenkins/workspace/ECP/ecg-maya-hydra/ecg-maya-hydra-branch-preflight-python3-windows/ecg-maya-hydra/maya-hydra/lib/mayaHydra/mayaPlugin/pluginUtils.h
[2023-11-23T16:26:29.260Z]     -- promoting: S:/Jenkins/workspace/ECP/ecg-maya-hydra/ecg-maya-hydra-branch-preflight-python3-windows/ecg-maya-hydra/maya-hydra/lib/mayaHydra/hydraExtensions/api.h
[2023-11-23T16:26:29.260Z]     -- promoting: S:/Jenkins/workspace/ECP/ecg-maya-hydra/ecg-maya-hydra-branch-preflight-python3-windows/ecg-maya-hydra/maya-hydra/lib/mayaHydra/hydraExtensions/debugCodes.h
[2023-11-23T16:26:29.260Z]     -- promoting: S:/Jenkins/workspace/ECP/ecg-maya-hydra/ecg-maya-hydra-branch-preflight-python3-windows/ecg-maya-hydra/maya-hydra/lib/mayaHydra/hydraExtensions/hydraUtils.h
[2023-11-23T16:26:29.260Z]     -- promoting: S:/Jenkins/workspace/ECP/ecg-maya-hydra/ecg-maya-hydra-branch-preflight-python3-windows/ecg-maya-hydra/maya-hydra/lib/mayaHydra/hydraExtensions/mayaHydraLibInterface.h
[2023-11-23T16:26:29.260Z]     -- promoting: S:/Jenkins/workspace/ECP/ecg-maya-hydra/ecg-maya-hydra-branch-preflight-python3-windows/ecg-maya-hydra/maya-hydra/lib/mayaHydra/hydraExtensions/mayaHydraLibInterfaceImp.h
[2023-11-23T16:26:29.260Z]     -- promoting: S:/Jenkins/workspace/ECP/ecg-maya-hydra/ecg-maya-hydra-branch-preflight-python3-windows/ecg-maya-hydra/maya-hydra/lib/mayaHydra/hydraExtensions/mayaUtils.h
[2023-11-23T16:26:29.260Z]     -- promoting: S:/Jenkins/workspace/ECP/ecg-maya-hydra/ecg-maya-hydra-branch-preflight-python3-windows/ecg-maya-hydra/maya-hydra/lib/mayaHydra/hydraExtensions/mixedUtils.h
[2023-11-23T16:26:29.260Z]     -- promoting: S:/Jenkins/workspace/ECP/ecg-maya-hydra/ecg-maya-hydra-branch-preflight-python3-windows/ecg-maya-hydra/maya-hydra/lib/mayaHydra/hydraExtensions/mayaHydraSceneProducer.h
[2023-11-23T16:26:29.260Z]     -- promoting: S:/Jenkins/workspace/ECP/ecg-maya-hydra/ecg-maya-hydra-branch-preflight-python3-windows/ecg-maya-hydra/maya-hydra/lib/mayaHydra/hydraExtensions/adapters/adapter.h
[2023-11-23T16:26:29.260Z]     -- promoting: S:/Jenkins/workspace/ECP/ecg-maya-hydra/ecg-maya-hydra-branch-preflight-python3-windows/ecg-maya-hydra/maya-hydra/lib/mayaHydra/hydraExtensions/adapters/adapterDebugCodes.h
[2023-11-23T16:26:29.260Z]     -- promoting: S:/Jenkins/workspace/ECP/ecg-maya-hydra/ecg-maya-hydra-branch-preflight-python3-windows/ecg-maya-hydra/maya-hydra/lib/mayaHydra/hydraExtensions/adapters/adapterRegistry.h
[2023-11-23T16:26:29.260Z]     -- promoting: S:/Jenkins/workspace/ECP/ecg-maya-hydra/ecg-maya-hydra-branch-preflight-python3-windows/ecg-maya-hydra/maya-hydra/lib/mayaHydra/hydraExtensions/adapters/cameraAdapter.h
[2023-11-23T16:26:29.260Z]     -- promoting: S:/Jenkins/workspace/ECP/ecg-maya-hydra/ecg-maya-hydra-branch-preflight-python3-windows/ecg-maya-hydra/maya-hydra/lib/mayaHydra/hydraExtensions/adapters/constantShadowMatrix.h
[2023-11-23T16:26:29.260Z]     -- promoting: S:/Jenkins/workspace/ECP/ecg-maya-hydra/ecg-maya-hydra-branch-preflight-python3-windows/ecg-maya-hydra/maya-hydra/lib/mayaHydra/hydraExtensions/adapters/dagAdapter.h
[2023-11-23T16:26:29.260Z]     -- promoting: S:/Jenkins/workspace/ECP/ecg-maya-hydra/ecg-maya-hydra-branch-preflight-python3-windows/ecg-maya-hydra/maya-hydra/lib/mayaHydra/hydraExtensions/adapters/renderItemAdapter.h
[2023-11-23T16:26:29.260Z]     -- promoting: S:/Jenkins/workspace/ECP/ecg-maya-hydra/ecg-maya-hydra-branch-preflight-python3-windows/ecg-maya-hydra/maya-hydra/lib/mayaHydra/hydraExtensions/adapters/lightAdapter.h
[2023-11-23T16:26:29.260Z]     -- promoting: S:/Jenkins/workspace/ECP/ecg-maya-hydra/ecg-maya-hydra-branch-preflight-python3-windows/ecg-maya-hydra/maya-hydra/lib/mayaHydra/hydraExtensions/adapters/materialAdapter.h
[2023-11-23T16:26:29.260Z]     -- promoting: S:/Jenkins/workspace/ECP/ecg-maya-hydra/ecg-maya-hydra-branch-preflight-python3-windows/ecg-maya-hydra/maya-hydra/lib/mayaHydra/hydraExtensions/adapters/materialNetworkConverter.h
[2023-11-23T16:26:29.260Z]     -- promoting: S:/Jenkins/workspace/ECP/ecg-maya-hydra/ecg-maya-hydra-branch-preflight-python3-windows/ecg-maya-hydra/maya-hydra/lib/mayaHydra/hydraExtensions/adapters/mayaAttrs.h
[2023-11-23T16:26:29.260Z]     -- promoting: S:/Jenkins/workspace/ECP/ecg-maya-hydra/ecg-maya-hydra-branch-preflight-python3-windows/ecg-maya-hydra/maya-hydra/lib/mayaHydra/hydraExtensions/adapters/shapeAdapter.h
[2023-11-23T16:26:29.260Z]     -- promoting: S:/Jenkins/workspace/ECP/ecg-maya-hydra/ecg-maya-hydra-branch-preflight-python3-windows/ecg-maya-hydra/maya-hydra/lib/mayaHydra/hydraExtensions/adapters/tokens.h
[2023-11-23T16:26:29.260Z]     -- promoting: S:/Jenkins/workspace/ECP/ecg-maya-hydra/ecg-maya-hydra-branch-preflight-python3-windows/ecg-maya-hydra/maya-hydra/lib/mayaHydra/hydraExtensions/delegates/delegate.h
[2023-11-23T16:26:29.260Z]     -- promoting: S:/Jenkins/workspace/ECP/ecg-maya-hydra/ecg-maya-hydra-branch-preflight-python3-windows/ecg-maya-hydra/maya-hydra/lib/mayaHydra/hydraExtensions/delegates/delegateCtx.h
[2023-11-23T16:26:29.260Z]     -- promoting: S:/Jenkins/workspace/ECP/ecg-maya-hydra/ecg-maya-hydra-branch-preflight-python3-windows/ecg-maya-hydra/maya-hydra/lib/mayaHydra/hydraExtensions/delegates/delegateDebugCodes.h
[2023-11-23T16:26:29.260Z]     -- promoting: S:/Jenkins/workspace/ECP/ecg-maya-hydra/ecg-maya-hydra-branch-preflight-python3-windows/ecg-maya-hydra/maya-hydra/lib/mayaHydra/hydraExtensions/delegates/delegateRegistry.h
[2023-11-23T16:26:29.260Z]     -- promoting: S:/Jenkins/workspace/ECP/ecg-maya-hydra/ecg-maya-hydra-branch-preflight-python3-windows/ecg-maya-hydra/maya-hydra/lib/mayaHydra/hydraExtensions/delegates/params.h
[2023-11-23T16:26:29.260Z]     -- promoting: S:/Jenkins/workspace/ECP/ecg-maya-hydra/ecg-maya-hydra-branch-preflight-python3-windows/ecg-maya-hydra/maya-hydra/lib/mayaHydra/hydraExtensions/delegates/sceneDelegate.h
[2023-11-23T16:26:29.260Z]     -- promoting: S:/Jenkins/workspace/ECP/ecg-maya-hydra/ecg-maya-hydra-branch-preflight-python3-windows/ecg-maya-hydra/maya-hydra/lib/mayaHydra/hydraExtensions/delegates/defaultLightDelegate.h
[2023-11-23T16:26:29.260Z]     -- promoting: S:/Jenkins/workspace/ECP/ecg-maya-hydra/ecg-maya-hydra-branch-preflight-python3-windows/ecg-maya-hydra/maya-hydra/lib/mayaHydra/hydraExtensions/delegates/testDelegate.h
[2023-11-23T16:26:29.260Z]     -- promoting: S:/Jenkins/workspace/ECP/ecg-maya-hydra/ecg-maya-hydra-branch-preflight-python3-windows/ecg-maya-hydra/maya-hydra/lib/mayaHydra/hydraExtensions/sceneIndex/registration.h
[2023-11-23T16:26:29.260Z]     -- promoting: S:/Jenkins/workspace/ECP/ecg-maya-hydra/ecg-maya-hydra-branch-preflight-python3-windows/ecg-maya-hydra/maya-hydra/lib/mayaHydra/hydraExtensions/sceneIndex/mayaHydraSceneIndex.h
[2023-11-23T16:26:29.260Z]     -- promoting: S:/Jenkins/workspace/ECP/ecg-maya-hydra/ecg-maya-hydra-branch-preflight-python3-windows/ecg-maya-hydra/maya-hydra/lib/mayaHydra/hydraExtensions/sceneIndex/mayaHydraDataSource.h
[2023-11-23T16:26:29.260Z]     -- promoting: S:/Jenkins/workspace/ECP/ecg-maya-hydra/ecg-maya-hydra-branch-preflight-python3-windows/ecg-maya-hydra/maya-hydra/lib/mayaHydra/hydraExtensions/sceneIndex/mayaHydraPrimvarDataSource.h
[2023-11-23T16:26:29.260Z]     -- promoting: S:/Jenkins/workspace/ECP/ecg-maya-hydra/ecg-maya-hydra-branch-preflight-python3-windows/ecg-maya-hydra/maya-hydra/lib/mayaHydra/hydraExtensions/sceneIndex/mayaHydraDisplayStyleDataSource.h
[2023-11-23T16:26:29.260Z]     -- promoting: S:/Jenkins/workspace/ECP/ecg-maya-hydra/ecg-maya-hydra-branch-preflight-python3-windows/ecg-maya-hydra/maya-hydra/lib/mayaHydra/hydraExtensions/sceneIndex/mayaHydraCameraDataSource.h
[2023-11-23T16:26:29.260Z]     -- promoting: S:/Jenkins/workspace/ECP/ecg-maya-hydra/ecg-maya-hydra-branch-preflight-python3-windows/ecg-maya-hydra/maya-hydra/lib/mayaHydra/hydraExtensions/sceneIndex/mayaHydraLightDataSource.h
[2023-11-23T16:26:29.260Z]     -- promoting: S:/Jenkins/workspace/ECP/ecg-maya-hydra/ecg-maya-hydra-branch-preflight-python3-windows/ecg-maya-hydra/maya-hydra/lib/mayaHydra/hydraExtensions/sceneIndex/mayaHydraDefaultLightDataSource.h
[2023-11-23T16:26:29.260Z]     -- promoting: S:/Jenkins/workspace/ECP/ecg-maya-hydra/ecg-maya-hydra-branch-preflight-python3-windows/ecg-maya-hydra/maya-hydra/lib/mayaHydra/ufeExtensions/api.h
[2023-11-23T16:26:29.260Z]     -- promoting: S:/Jenkins/workspace/ECP/ecg-maya-hydra/ecg-maya-hydra-branch-preflight-python3-windows/ecg-maya-hydra/maya-hydra/lib/mayaHydra/ufeExtensions/Global.h
[2023-11-23T16:26:29.260Z]     -- promoting: S:/Jenkins/workspace/ECP/ecg-maya-hydra/ecg-maya-hydra-branch-preflight-python3-windows/ecg-maya-hydra/maya-hydra/lib/flowViewport/api.h
[2023-11-23T16:26:29.260Z]     -- promoting: S:/Jenkins/workspace/ECP/ecg-maya-hydra/ecg-maya-hydra-branch-preflight-python3-windows/ecg-maya-hydra/maya-hydra/lib/flowViewport/debugCodes.h
[2023-11-23T16:26:29.260Z]     -- promoting: S:/Jenkins/workspace/ECP/ecg-maya-hydra/ecg-maya-hydra-branch-preflight-python3-windows/ecg-maya-hydra/maya-hydra/lib/flowViewport/global.h
[2023-11-23T16:26:29.260Z]     -- promoting: S:/Jenkins/workspace/ECP/ecg-maya-hydra/ecg-maya-hydra-branch-preflight-python3-windows/ecg-maya-hydra/maya-hydra/lib/flowViewport/tokens.h
[2023-11-23T16:26:29.260Z]     -- promoting: S:/Jenkins/workspace/ECP/ecg-maya-hydra/ecg-maya-hydra-branch-preflight-python3-windows/ecg-maya-hydra/maya-hydra/lib/flowViewport/colorPreferences/fvpColorChanged.h
[2023-11-23T16:26:29.260Z]     -- promoting: S:/Jenkins/workspace/ECP/ecg-maya-hydra/ecg-maya-hydra-branch-preflight-python3-windows/ecg-maya-hydra/maya-hydra/lib/flowViewport/colorPreferences/fvpColorPreferences.h
[2023-11-23T16:26:29.260Z]     -- promoting: S:/Jenkins/workspace/ECP/ecg-maya-hydra/ecg-maya-hydra-branch-preflight-python3-windows/ecg-maya-hydra/maya-hydra/lib/flowViewport/colorPreferences/fvpColorPreferencesTokens.h
[2023-11-23T16:26:29.260Z]     -- promoting: S:/Jenkins/workspace/ECP/ecg-maya-hydra/ecg-maya-hydra-branch-preflight-python3-windows/ecg-maya-hydra/maya-hydra/lib/flowViewport/colorPreferences/fvpColorPreferencesTranslator.h
[2023-11-23T16:26:29.260Z]     -- promoting: S:/Jenkins/workspace/ECP/ecg-maya-hydra/ecg-maya-hydra-branch-preflight-python3-windows/ecg-maya-hydra/maya-hydra/lib/flowViewport/sceneIndex/fvpMergingSceneIndex.h
[2023-11-23T16:26:29.260Z]     -- promoting: S:/Jenkins/workspace/ECP/ecg-maya-hydra/ecg-maya-hydra-branch-preflight-python3-windows/ecg-maya-hydra/maya-hydra/lib/flowViewport/sceneIndex/fvpPathInterface.h
[2023-11-23T16:26:29.260Z]     -- promoting: S:/Jenkins/workspace/ECP/ecg-maya-hydra/ecg-maya-hydra-branch-preflight-python3-windows/ecg-maya-hydra/maya-hydra/lib/flowViewport/sceneIndex/fvpPathInterfaceSceneIndex.h
[2023-11-23T16:26:29.260Z]     -- promoting: S:/Jenkins/workspace/ECP/ecg-maya-hydra/ecg-maya-hydra-branch-preflight-python3-windows/ecg-maya-hydra/maya-hydra/lib/flowViewport/sceneIndex/fvpRenderIndexProxy.h
[2023-11-23T16:26:29.260Z]     -- promoting: S:/Jenkins/workspace/ECP/ecg-maya-hydra/ecg-maya-hydra-branch-preflight-python3-windows/ecg-maya-hydra/maya-hydra/lib/flowViewport/sceneIndex/fvpRenderIndexProxyFwd.h
[2023-11-23T16:26:29.260Z]     -- promoting: S:/Jenkins/workspace/ECP/ecg-maya-hydra/ecg-maya-hydra-branch-preflight-python3-windows/ecg-maya-hydra/maya-hydra/lib/flowViewport/sceneIndex/fvpSelectionSceneIndex.h
[2023-11-23T16:26:29.260Z]     -- promoting: S:/Jenkins/workspace/ECP/ecg-maya-hydra/ecg-maya-hydra-branch-preflight-python3-windows/ecg-maya-hydra/maya-hydra/lib/flowViewport/sceneIndex/fvpWireframeSelectionHighlightSceneIndex.h
[2023-11-23T16:26:29.261Z]     -- promoting: S:/Jenkins/workspace/ECP/ecg-maya-hydra/ecg-maya-hydra-branch-preflight-python3-windows/ecg-maya-hydra/maya-hydra/lib/flowViewport/API/fvpSelectionClient.h
[2023-11-23T16:26:29.261Z]     -- promoting: S:/Jenkins/workspace/ECP/ecg-maya-hydra/ecg-maya-hydra-branch-preflight-python3-windows/ecg-maya-hydra/maya-hydra/lib/flowViewport/API/fvpFlowSelectionInterface.h
[2023-11-23T16:26:29.261Z]     -- promoting: S:/Jenkins/workspace/ECP/ecg-maya-hydra/ecg-maya-hydra-branch-preflight-python3-windows/ecg-maya-hydra/maya-hydra/lib/flowViewport/API/fvpVersionInterface.h
[2023-11-23T16:26:29.261Z]     -- promoting: S:/Jenkins/workspace/ECP/ecg-maya-hydra/ecg-maya-hydra-branch-preflight-python3-windows/ecg-maya-hydra/maya-hydra/lib/flowViewport/API/fvpInformationInterface.h
[2023-11-23T16:26:29.261Z]     -- promoting: S:/Jenkins/workspace/ECP/ecg-maya-hydra/ecg-maya-hydra-branch-preflight-python3-windows/ecg-maya-hydra/maya-hydra/lib/flowViewport/API/fvpInformationClient.h
[2023-11-23T16:26:29.261Z]     -- promoting: S:/Jenkins/workspace/ECP/ecg-maya-hydra/ecg-maya-hydra-branch-preflight-python3-windows/ecg-maya-hydra/maya-hydra/lib/flowViewport/API/interfacesImp/fvpSelectionInterfaceImp.h
[2023-11-23T16:26:29.261Z]     -- promoting: S:/Jenkins/workspace/ECP/ecg-maya-hydra/ecg-maya-hydra-branch-preflight-python3-windows/ecg-maya-hydra/maya-hydra/lib/flowViewport/API/interfacesImp/fvpVersionInterfaceImp.h
[2023-11-23T16:26:29.261Z]     -- promoting: S:/Jenkins/workspace/ECP/ecg-maya-hydra/ecg-maya-hydra-branch-preflight-python3-windows/ecg-maya-hydra/maya-hydra/lib/flowViewport/API/interfacesImp/fvpInformationInterfaceImp.h
[2023-11-23T16:26:29.261Z]     -- promoting: S:/Jenkins/workspace/ECP/ecg-maya-hydra/ecg-maya-hydra-branch-preflight-python3-windows/ecg-maya-hydra/maya-hydra/lib/flowViewport/API/samples/fvpSelectionClientExample.h
[2023-11-23T16:26:29.261Z]     -- promoting: S:/Jenkins/workspace/ECP/ecg-maya-hydra/ecg-maya-hydra-branch-preflight-python3-windows/ecg-maya-hydra/maya-hydra/lib/flowViewport/API/samples/fvpInformationClientExample.h
[2023-11-23T16:26:29.261Z]     -- promoting: S:/Jenkins/workspace/ECP/ecg-maya-hydra/ecg-maya-hydra-branch-preflight-python3-windows/ecg-maya-hydra/maya-hydra/lib/flowViewport/API/perViewportSceneIndicesData/fvpViewportInformationAndSceneIndicesPerViewportData.h
[2023-11-23T16:26:29.261Z]     -- promoting: S:/Jenkins/workspace/ECP/ecg-maya-hydra/ecg-maya-hydra-branch-preflight-python3-windows/ecg-maya-hydra/maya-hydra/lib/flowViewport/API/perViewportSceneIndicesData/fvpViewportInformationAndSceneIndicesPerViewportDataManager.h
[2023-11-23T16:26:29.261Z]     -- promoting: S:/Jenkins/workspace/ECP/ecg-maya-hydra/ecg-maya-hydra-branch-preflight-python3-windows/ecg-maya-hydra/maya-hydra/lib/flowViewport/selection/fvpSelection.h
[2023-11-23T16:26:29.261Z]     -- promoting: S:/Jenkins/workspace/ECP/ecg-maya-hydra/ecg-maya-hydra-branch-preflight-python3-windows/ecg-maya-hydra/maya-hydra/lib/flowViewport/selection/fvpSelectionFwd.h
[2023-11-23T16:26:29.261Z]     -- promoting: S:/Jenkins/workspace/ECP/ecg-maya-hydra/ecg-maya-hydra-branch-preflight-python3-windows/ecg-maya-hydra/maya-hydra/lib/flowViewport/selection/fvpSelectionTask.h
[2023-11-23T16:26:29.261Z]     -- promoting: S:/Jenkins/workspace/ECP/ecg-maya-hydra/ecg-maya-hydra-branch-preflight-python3-windows/ecg-maya-hydra/maya-hydra/lib/flowViewport/selection/fvpSelectionTracker.h
[2023-11-23T16:26:30.062Z]     -- Configuring done
[2023-11-23T16:26:30.787Z]     -- Generating done
[2023-11-23T16:26:30.787Z]     -- Build files have been written to: W:/build/RelWithDebInfo
[2023-11-23T16:26:30.787Z]     
[2023-11-23T16:26:30.787Z]         Building with settings:
[2023-11-23T16:26:30.787Z]           Source directory          S:\Jenkins\workspace\ECP\ecg-maya-hydra\ecg-maya-hydra-branch-preflight-python3-windows\ecg-maya-hydra\maya-hydra
[2023-11-23T16:26:30.787Z]           Workspace directory       W:\
[2023-11-23T16:26:30.787Z]           Build directory           W:\build\RelWithDebInfo
[2023-11-23T16:26:30.787Z]           Install directory         W:\install\RelWithDebInfo\MayaHydra
[2023-11-23T16:26:30.787Z]           Variant                   RelWithDebInfo
[2023-11-23T16:26:30.787Z]           Python Debug              Off
[2023-11-23T16:26:30.787Z]           CMake generator           Ninja
[2023-11-23T16:26:30.787Z]           Build arguments           ['-DCMAKE_MAKE_PROGRAM=P:/shared/Artifactory/Windows/ninja/1.10.2/ccacdf8/ninja.exe', '-DPYTHON_INCLUDE_DIR=P:/shared/Artifactory/Windows/rundev-master/202311221838/runtime/0c83665/runTime/include/Python311/Python', '-DPython_EXECUTABLE=P:/shared/Artifactory/Windows/rundev-master/202311221838/runtime/0c83665/runTime/bin/mayapy.exe', '-DPYTHON_LIBRARIES=P:/shared/Artifactory/Windows/rundev-master/202311221838/runtime/0c83665/runTime/lib/python311.lib', '-DBUILD_WITH_PYTHON_3_VERSION=3.11', '-DCMAKE_WANT_MATERIALX_BUILD=ON', '-DCMAKE_PREFIX_PATH=P:\\shared\\Artifactory\\Windows\\USD\\6a9558d', '-DMAYAHYDRA_BUILD_NUMBER=414', '-DMAYAHYDRA_GIT_COMMIT=a6160e671d724cbd23348caec6efe576ee214353', '-DMAYAHYDRA_GIT_BRANCH=master']
[2023-11-23T16:26:30.787Z]           Stages arguments          ['configure']
[2023-11-23T16:26:30.787Z]           CTest arguments           ['--parallel 16']
[2023-11-23T16:26:30.787Z]     STATUS: Found Maya Qt headers in: P:\shared\Artifactory\Windows\rundev-master\202311221838\runtime\0c83665\devkitBase
[2023-11-23T16:26:30.787Z]     Success MayaHydra build and install !!!!
[2023-11-23T16:26:30.787Z]     Elapsed time: 00:00:30
[Pipeline] bat
[2023-11-23T16:26:31.384Z] Deleting alias drive W:
[Pipeline] bat
[2023-11-23T16:26:31.994Z] Deleting alias drive P:
[Pipeline] }
[Pipeline] // withEnv
[Pipeline] }
[Pipeline] // timeout
[Pipeline] }
[Pipeline] // stage
[Pipeline] }
[Pipeline] // timestamps
[Pipeline] timestamps
[Pipeline] {
[Pipeline] stage
[Pipeline] { (Build)
[Pipeline] timeout
[2023-11-23T16:26:32.221Z] Timeout set to expire in 6 hr 0 min
[Pipeline] {
[Pipeline] withEnv
[Pipeline] {
[Pipeline] bat
[2023-11-23T16:26:32.816Z] Creating alias drive P: to S:\jenkins\workspace
[Pipeline] bat
[2023-11-23T16:26:33.429Z] Creating alias drive W: to S:\Jenkins\workspace\ECP\ecg-maya-hydra\ecg-maya-hydra-branch-preflight-python3-windows
[Pipeline] bat
[2023-11-23T16:26:34.219Z] "C:\Program Files\Microsoft Visual Studio\2022\Professional\VC\Auxiliary\Build\vcvarsall.bat" x64
[2023-11-23T16:26:34.219Z] **********************************************************************
[2023-11-23T16:26:34.219Z] ** Visual Studio 2022 Developer Command Prompt v17.3.2
[2023-11-23T16:26:34.219Z] ** Copyright (c) 2022 Microsoft Corporation
[2023-11-23T16:26:34.219Z] **********************************************************************
[2023-11-23T16:26:35.902Z] [vcvarsall.bat] Environment initialized for: 'x64'
[2023-11-23T16:26:35.902Z] python ecg-maya-hydra/build.py --stages=build --workspace-dir=W:\ --artifactory-dir=P:\shared\Artifactory --build-dir=W:\build --install-dir=W:\install --signing-dir=W:\signing --package-dir=W:\package --output-dir=W:\output --stash-dir=W:\stash --jenkins-build=414 --git-commit=a6160e671d724cbd23348caec6efe576ee214353 --git-branch=master --variants=Debug --interactive-tests=true --post-zips=false --osx-binary-architecture-target=ub2 --osx-deployment-target=11.0 --osx-base-sdk=CurrentActiveSDK --build-retry=3 --maya-cut-config=maya-rundev-master-debug.yaml --maya-package=rundev-master-debug --stage-banner
[2023-11-23T16:26:36.623Z] Using Maya cut from P:\shared\Artifactory\Windows\rundev-master-debug\202311220725\runtime\a121a89
[2023-11-23T16:26:36.623Z] Using Maya ADSK Signatures from P:\shared\Artifactory\Windows\adsk-plugin-signatures-maya\2023\3ae1ae7
[2023-11-23T16:26:36.623Z] Using Maya Security Library from P:\shared\Artifactory\Windows\maya-security-library\3.4.0\284407f
[2023-11-23T16:26:36.959Z] 
[2023-11-23T16:26:36.959Z] ================================================================================
[2023-11-23T16:26:36.959Z]                                  build (Debug)
[2023-11-23T16:26:36.959Z] ================================================================================
[2023-11-23T16:26:36.959Z] Maya Python Debug Info:
[2023-11-23T16:26:36.959Z]   mayapy executable   = P:\shared\Artifactory\Windows\rundev-master-debug\202311220725\runtime\a121a89\runTime\bin\mayapy.exe
[2023-11-23T16:26:36.959Z]   Include Folder      = P:\shared\Artifactory\Windows\rundev-master-debug\202311220725\runtime\a121a89\runTime\include\Python311\Python
[2023-11-23T16:26:36.959Z]   Library             = P:\shared\Artifactory\Windows\rundev-master-debug\202311220725\runtime\a121a89\runTime\lib\python311_d.lib
[2023-11-23T16:26:36.959Z]   site-package Folder = P:\shared\Artifactory\Windows\rundev-master-debug\202311220725\runtime\a121a89\runTime\Python\Lib\site-packages
[2023-11-23T16:26:39.246Z] 
[2023-11-23T16:26:39.246Z]             WARNING: The 'psutil' python package isn't installed. Thus, Peptide
[2023-11-23T16:26:39.246Z]             won't be able to determine the amount of RAM available. It will assume
[2023-11-23T16:26:39.246Z]             that your machine has only 16GB available, and will limit the number
[2023-11-23T16:26:39.246Z]             the number of link jobs being performed in parallel. This can
[2023-11-23T16:26:39.246Z]             negatively affect your build times.
[2023-11-23T16:26:39.246Z] 
[2023-11-23T16:26:39.247Z]             Please 'pip(3) install psutil' to resolve this.
[2023-11-23T16:26:39.247Z]             
[2023-11-23T16:26:39.247Z] In workdir: S:\Jenkins\workspace\ECP\ecg-maya-hydra\ecg-maya-hydra-branch-preflight-python3-windows\ecg-maya-hydra\maya-hydra
[2023-11-23T16:26:39.247Z] Executing: 'P:\\shared\\Artifactory\\Windows\\rundev-master-debug\\202311220725\\runtime\\a121a89\\runTime\\bin\\mayapy.exe' 'S:\\Jenkins\\workspace\\ECP\\ecg-maya-hydra\\ecg-maya-hydra-branch-preflight-python3-windows\\ecg-maya-hydra\\maya-hydra\\build.py' --generator Ninja --build-debug --maya-location 'P:\\shared\\Artifactory\\Windows\\rundev-master-debug\\202311220725\\runtime\\a121a89\\runTime' --devkit-location 'P:\\shared\\Artifactory\\Windows\\rundev-master-debug\\202311220725\\runtime\\a121a89\\devkitBase' --pxrusd-location 'P:\\shared\\Artifactory\\Windows\\USD\\01f407c' '--build-args=-DCMAKE_MAKE_PROGRAM=P:/shared/Artifactory/Windows/ninja/1.10.2/ccacdf8/ninja.exe,-DPYTHON_INCLUDE_DIR=P:/shared/Artifactory/Windows/rundev-master-debug/202311220725/runtime/a121a89/runTime/include/Python311/Python,-DPython_EXECUTABLE=P:/shared/Artifactory/Windows/rundev-master-debug/202311220725/runtime/a121a89/runTime/bin/mayapy.exe,-DPYTHON_LIBRARIES=P:/shared/Artifactory/Windows/rundev-master-debug/202311220725/runtime/a121a89/runTime/lib/python311_d.lib,-DBUILD_WITH_PYTHON_3_VERSION=3.11,-DCMAKE_WANT_MATERIALX_BUILD=ON,-DCMAKE_PREFIX_PATH=P:\\shared\\Artifactory\\Windows\\USD\\01f407c,-DMAYAHYDRA_BUILD_NUMBER=414,-DMAYAHYDRA_GIT_COMMIT=a6160e671d724cbd23348caec6efe576ee214353,-DMAYAHYDRA_GIT_BRANCH=master' --debug-python '--ctest-args=--parallel 16' --stages=build --redirect-outstream-file=False --install-location 'W:\\install\\Debug\\MayaHydra' 'W:\\'
[2023-11-23T16:26:39.247Z] Modified environment variables:
[2023-11-23T16:26:39.247Z]     PATH=P:\shared\Artifactory\Windows\cmake\3.20.3\afe857a\bin;C:\Python27\lib\site-packages\pywin32_system32;C:\Program Files\Microsoft Visual Studio\2022\Professional\VC\Tools\MSVC\14.33.31629\bin\HostX64\x64;C:\Program Files\Microsoft Visual Studio\2022\Professional\Common7\IDE\VC\VCPackages;C:\Program Files\Microsoft Visual Studio\2022\Professional\Common7\IDE\CommonExtensions\Microsoft\TestWindow;C:\Program Files\Microsoft Visual Studio\2022\Professional\Common7\IDE\CommonExtensions\Microsoft\TeamFoundation\Team Explorer;C:\Program Files\Microsoft Visual Studio\2022\Professional\MSBuild\Current\bin\Roslyn;C:\Program Files\Microsoft Visual Studio\2022\Professional\Team Tools\Performance Tools\x64;C:\Program Files\Microsoft Visual Studio\2022\Professional\Team Tools\Performance Tools;C:\Program Files (x86)\Microsoft Visual Studio\Shared\Common\VSPerfCollectionTools\vs2019\\x64;C:\Program Files (x86)\Microsoft Visual Studio\Shared\Common\VSPerfCollectionTools\vs2019\;C:\Program Files (x86)\Microsoft SDKs\Windows\v10.0A\bin\NETFX 4.8 Tools\x64\;C:\Program Files (x86)\HTML Help Workshop;C:\Program Files\Microsoft Visual Studio\2022\Professional\Common7\IDE\CommonExtensions\Microsoft\FSharp\Tools;C:\Program Files (x86)\Windows Kits\10\bin\10.0.19041.0\\x64;C:\Program Files (x86)\Windows Kits\10\bin\\x64;C:\Program Files\Microsoft Visual Studio\2022\Professional\\MSBuild\Current\Bin\amd64;C:\WINDOWS\Microsoft.NET\Framework64\v4.0.30319;C:\Program Files\Microsoft Visual Studio\2022\Professional\Common7\IDE\;C:\Program Files\Microsoft Visual Studio\2022\Professional\Common7\Tools\;C:\Python27\;C:\Python27\Scripts;C:\WINDOWS\system32;C:\WINDOWS;C:\WINDOWS\System32\Wbem;C:\WINDOWS\System32\WindowsPowerShell\v1.0\;C:\WINDOWS\System32\OpenSSH\;C:\ProgramData\chocolatey\bin;C:\Program Files (x86)\WiX Toolset v3.7\bin;C:\Program Files\dotnet\;C:\Program Files\Zulu\zulu-11\bin\;C:\Program Files (x86)\Windows Kits\10\bin\10.0.19041.0\x64;C:\Program Files (x86)\Windows Kits\10\bin\10.0.18362.0\x64;C:\Program Files (x86)\Windows Kits\10\bin\10.0.17763.0\x64;C:\Program Files (x86)\Windows Kits\10\bin\x64;C:\Strawberry\c\bin;C:\Strawberry\perl\site\bin;C:\Strawberry\perl\bin;C:\Program Files\Git\cmd;C:\Program Files\Git\usr\bin;C:\Program Files\Git\mingw64\bin;C:\Program Files\Git\bin;C:\Python38\;C:\Python38\Scripts;C:\StoreBoxClientWindows;C:\Program Files\Electric Cloud\ElectricCommander\bin;C:\Program Files\WinRAR;C:\Program Files\7-Zip;C:\Users\Administrator\AppData\Local\Microsoft\WindowsApps;C:\Users\Administrator\.dotnet\tools;C:\Program Files\Microsoft Visual Studio\2022\Professional\Common7\IDE\CommonExtensions\Microsoft\CMake\CMake\bin;C:\Program Files\Microsoft Visual Studio\2022\Professional\Common7\IDE\CommonExtensions\Microsoft\CMake\Ninja;C:\Program Files\Microsoft Visual Studio\2022\Professional\Common7\IDE\VC\Linux\bin\ConnectionManagerExe
[2023-11-23T16:26:41.537Z]     [1/108] Building CXX object lib\flowViewport\CMakeFiles\flowViewport.dir\sceneIndex\fvpPathInterface.cpp.obj
[2023-11-23T16:26:41.538Z]     [2/108] Building CXX object lib\flowViewport\CMakeFiles\flowViewport.dir\API\interfacesImp\fvpVersionInterfaceImp.cpp.obj
[2023-11-23T16:26:42.258Z]     [3/108] Building CXX object lib\flowViewport\CMakeFiles\flowViewport.dir\debugCodes.cpp.obj
[2023-11-23T16:26:42.258Z]     [4/108] Building CXX object lib\flowViewport\CMakeFiles\flowViewport.dir\colorPreferences\fvpColorPreferencesTokens.cpp.obj
[2023-11-23T16:26:42.258Z]     [5/108] Building CXX object lib\flowViewport\CMakeFiles\flowViewport.dir\tokens.cpp.obj
[2023-11-23T16:26:42.980Z]     [6/108] Building CXX object lib\flowViewport\CMakeFiles\flowViewport.dir\global.cpp.obj
[2023-11-23T16:26:42.980Z]     [7/108] Building CXX object lib\flowViewport\CMakeFiles\flowViewport.dir\colorPreferences\fvpColorChanged.cpp.obj
[2023-11-23T16:26:42.980Z]     [8/108] Building CXX object lib\flowViewport\CMakeFiles\flowViewport.dir\colorPreferences\fvpColorPreferences.cpp.obj
[2023-11-23T16:26:43.316Z]     [9/108] Building CXX object lib\flowViewport\CMakeFiles\flowViewport.dir\selection\fvpSelectionFwd.cpp.obj
[2023-11-23T16:26:43.316Z]     [10/108] Building CXX object lib\flowViewport\CMakeFiles\flowViewport.dir\API\interfacesImp\fvpSelectionInterfaceImp.cpp.obj
[2023-11-23T16:26:43.316Z]     [11/108] Building CXX object lib\flowViewport\CMakeFiles\flowViewport.dir\API\samples\fvpSelectionClientExample.cpp.obj
[2023-11-23T16:26:43.651Z]     [12/108] Building CXX object lib\mayaHydra\ufeExtensions\CMakeFiles\ufeExtensions.dir\Global.cpp.obj
[2023-11-23T16:26:44.372Z]     [13/108] Linking CXX shared library lib\mayaHydra\ufeExtensions\ufeExtensions.dll
[2023-11-23T16:26:45.095Z]     [14/108] Building CXX object test\lib\mayaUsd\render\mayaToHydra\cpp\CMakeFiles\mayaHydraCppTests.dir\mayaHydraCppTestsCmd.cpp.obj
[2023-11-23T16:26:45.095Z]     [15/108] Building CXX object test\lib\mayaUsd\render\mayaToHydra\cpp\CMakeFiles\mayaHydraCppTests.dir\testCppFramework.cpp.obj
[2023-11-23T16:26:45.818Z]     [16/108] Building CXX object test\lib\mayaUsd\render\mayaToHydra\cpp\CMakeFiles\mayaHydraCppTests.dir\testColorPreferences.cpp.obj
[2023-11-23T16:26:46.986Z]     [17/108] Building CXX object lib\flowViewport\CMakeFiles\flowViewport.dir\sceneIndex\fvpPathInterfaceSceneIndex.cpp.obj
[2023-11-23T16:26:46.986Z]     [18/108] Building CXX object lib\flowViewport\CMakeFiles\flowViewport.dir\API\interfacesImp\fvpInformationInterfaceImp.cpp.obj
[2023-11-23T16:26:47.322Z]     [19/108] Building CXX object lib\flowViewport\CMakeFiles\flowViewport.dir\API\samples\fvpInformationClientExample.cpp.obj
[2023-11-23T16:26:47.322Z]     [20/108] Building CXX object lib\flowViewport\CMakeFiles\flowViewport.dir\sceneIndex\fvpMergingSceneIndex.cpp.obj
[2023-11-23T16:26:47.658Z]     [21/108] Building CXX object lib\flowViewport\CMakeFiles\flowViewport.dir\sceneIndex\fvpSelectionSceneIndex.cpp.obj
[2023-11-23T16:26:47.994Z]     [22/108] Building CXX object lib\flowViewport\CMakeFiles\flowViewport.dir\API\perViewportSceneIndicesData\fvpViewportInformationAndSceneIndicesPerViewportData.cpp.obj
[2023-11-23T16:26:47.994Z]     [23/108] Building CXX object lib\flowViewport\CMakeFiles\flowViewport.dir\sceneIndex\fvpWireframeSelectionHighlightSceneIndex.cpp.obj
[2023-11-23T16:26:48.715Z]     [24/108] Building CXX object lib\flowViewport\CMakeFiles\flowViewport.dir\selection\fvpSelection.cpp.obj
[2023-11-23T16:26:49.050Z]     [25/108] Building CXX object lib\mayaHydra\mayaPlugin\CMakeFiles\mayaHydra.dir\pluginDebugCodes.cpp.obj
[2023-11-23T16:26:49.387Z]     [26/108] Building CXX object lib\mayaHydra\mayaPlugin\CMakeFiles\mayaHydra.dir\colorNotFoundException.cpp.obj
[2023-11-23T16:26:49.387Z]     [27/108] Building CXX object lib\flowViewport\CMakeFiles\flowViewport.dir\sceneIndex\fvpRenderIndexProxy.cpp.obj
[2023-11-23T16:26:50.108Z]     [28/108] Building CXX object lib\flowViewport\CMakeFiles\flowViewport.dir\selection\fvpSelectionTracker.cpp.obj
[2023-11-23T16:26:50.443Z]     [29/108] Building CXX object lib\flowViewport\CMakeFiles\flowViewport.dir\API\perViewportSceneIndicesData\fvpViewportInformationAndSceneIndicesPerViewportDataManager.cpp.obj
[2023-11-23T16:26:50.443Z]     [30/108] Building CXX object lib\mayaHydra\mayaPlugin\CMakeFiles\mayaHydra.dir\tokens.cpp.obj
[2023-11-23T16:26:50.779Z]     [31/108] Building CXX object lib\flowViewport\CMakeFiles\flowViewport.dir\selection\fvpSelectionTask.cpp.obj
[2023-11-23T16:26:50.779Z]     [32/108] Building CXX object test\lib\mayaUsd\render\mayaToHydra\cpp\CMakeFiles\mayaHydraCppTests.dir\testMayaSceneFlattening.cpp.obj
[2023-11-23T16:26:51.115Z]     [33/108] Building CXX object lib\mayaHydra\mayaPlugin\CMakeFiles\mayaHydra.dir\mayaColorPreferencesTranslator.cpp.obj
[2023-11-23T16:26:51.450Z]     [34/108] Linking CXX shared library lib\flowViewport\flowViewport.dll
[2023-11-23T16:26:51.450Z]     [35/108] Building CXX object test\lib\mayaUsd\render\mayaToHydra\cpp\CMakeFiles\mayaHydraCppTests.dir\testSelectionSceneIndex.cpp.obj
[2023-11-23T16:26:51.793Z]     [36/108] Building CXX object lib\mayaHydra\hydraExtensions\CMakeFiles\mayaHydraLib.dir\debugCodes.cpp.obj
[2023-11-23T16:26:52.128Z]     [37/108] Building CXX object test\lib\mayaUsd\render\mayaToHydra\cpp\CMakeFiles\mayaHydraCppTests.dir\testMayaUsdUfeItems.cpp.obj
[2023-11-23T16:26:53.296Z]     [38/108] Building CXX object test\lib\mayaUsd\render\mayaToHydra\cpp\CMakeFiles\mayaHydraCppTests.dir\testUtils.cpp.obj
[2023-11-23T16:26:53.631Z]     [39/108] Building CXX object test\lib\mayaUsd\render\mayaToHydra\cpp\CMakeFiles\mayaHydraCppTests.dir\testFvpViewportInformationRendererSwitching.cpp.obj
[2023-11-23T16:26:53.631Z]     [40/108] Building CXX object test\lib\mayaUsd\render\mayaToHydra\cpp\CMakeFiles\mayaHydraCppTests.dir\testFvpViewportInformationMultipleViewports.cpp.obj
[2023-11-23T16:26:53.631Z]     [41/108] Building CXX object test\lib\mayaUsd\render\mayaToHydra\cpp\CMakeFiles\mayaHydraCppTests.dir\testUsdStageLayerMuting.cpp.obj
[2023-11-23T16:26:54.352Z]     [42/108] Building CXX object test\lib\mayaUsd\render\mayaToHydra\cpp\CMakeFiles\mayaHydraCppTests.dir\testWireframeSelectionHighlightSceneIndex.cpp.obj
[2023-11-23T16:26:54.352Z]     [43/108] Building CXX object lib\mayaHydra\hydraExtensions\CMakeFiles\mayaHydraLib.dir\mhBuildInfo.cpp.obj
[2023-11-23T16:26:54.687Z]     [44/108] Building CXX object lib\mayaHydra\hydraExtensions\CMakeFiles\mayaHydraLib.dir\adapters\adapterDebugCodes.cpp.obj
[2023-11-23T16:26:55.407Z]     [45/108] Building CXX object lib\mayaHydra\hydraExtensions\CMakeFiles\mayaHydraLib.dir\mayaUtils.cpp.obj
[2023-11-23T16:26:55.742Z]     [46/108] Building CXX object test\lib\mayaUsd\render\mayaToHydra\cpp\CMakeFiles\mayaHydraCppTests.dir\testMergingSceneIndex.cpp.obj
[2023-11-23T16:26:56.907Z]     [47/108] Building CXX object lib\mayaHydra\hydraExtensions\CMakeFiles\mayaHydraLib.dir\mayaHydraLibInterfaceImp.cpp.obj
[2023-11-23T16:26:56.907Z]     [48/108] Building CXX object lib\mayaHydra\hydraExtensions\CMakeFiles\mayaHydraLib.dir\hydraUtils.cpp.obj
[2023-11-23T16:26:57.627Z]     [49/108] Building CXX object lib\mayaHydra\mayaPlugin\CMakeFiles\mayaHydra.dir\pluginUtils.cpp.obj
[2023-11-23T16:26:57.963Z]     [50/108] Building CXX object lib\mayaHydra\mayaPlugin\CMakeFiles\mayaHydra.dir\plugin.cpp.obj
[2023-11-23T16:27:00.248Z]     [51/108] Building CXX object lib\mayaHydra\mayaPlugin\CMakeFiles\mayaHydra.dir\viewCommand.cpp.obj
[2023-11-23T16:27:00.584Z]     [52/108] Building CXX object lib\mayaHydra\mayaPlugin\CMakeFiles\mayaHydra.dir\renderOverride.cpp.obj
[2023-11-23T16:27:00.919Z]     [53/108] Building CXX object lib\mayaHydra\hydraExtensions\CMakeFiles\mayaHydraLib.dir\adapters\mayaAttrs.cpp.obj
[2023-11-23T16:27:01.255Z]     [54/108] Building CXX object lib\mayaHydra\hydraExtensions\CMakeFiles\mayaHydraLib.dir\mixedUtils.cpp.obj
[2023-11-23T16:27:01.976Z]     [55/108] Building CXX object lib\mayaHydra\mayaPlugin\CMakeFiles\mayaHydra.dir\renderGlobals.cpp.obj
[2023-11-23T16:27:02.312Z]     [56/108] Building CXX object lib\mayaHydra\hydraExtensions\CMakeFiles\mayaHydraLib.dir\adapters\dagAdapter.cpp.obj
[2023-11-23T16:27:02.312Z]     [57/108] Building CXX object lib\mayaHydra\hydraExtensions\CMakeFiles\mayaHydraLib.dir\adapters\areaLightAdapter.cpp.obj
[2023-11-23T16:27:03.040Z]     [58/108] Building CXX object lib\mayaHydra\hydraExtensions\CMakeFiles\mayaHydraLib.dir\adapters\aiSkydomeLightAdapter.cpp.obj
[2023-11-23T16:27:03.761Z]     [59/108] Building CXX object lib\mayaHydra\hydraExtensions\CMakeFiles\mayaHydraLib.dir\adapters\cameraAdapter.cpp.obj
[2023-11-23T16:27:04.097Z]     [60/108] Building CXX object lib\mayaHydra\hydraExtensions\CMakeFiles\mayaHydraLib.dir\adapters\directionalLightAdapter.cpp.obj
[2023-11-23T16:27:04.433Z]     [61/108] Building CXX object lib\mayaHydra\hydraExtensions\CMakeFiles\mayaHydraLib.dir\adapters\tokens.cpp.obj
[2023-11-23T16:27:04.768Z]     [62/108] Building CXX object lib\mayaHydra\hydraExtensions\CMakeFiles\mayaHydraLib.dir\adapters\renderItemAdapter.cpp.obj
[2023-11-23T16:27:05.489Z]     [63/108] Building CXX object lib\mayaHydra\hydraExtensions\CMakeFiles\mayaHydraLib.dir\adapters\adapter.cpp.obj
[2023-11-23T16:27:06.315Z]     [64/108] Building CXX object lib\mayaHydra\hydraExtensions\CMakeFiles\mayaHydraLib.dir\delegates\delegateDebugCodes.cpp.obj
[2023-11-23T16:27:07.533Z]     [65/108] Building CXX object lib\mayaHydra\hydraExtensions\CMakeFiles\mayaHydraLib.dir\adapters\adapterRegistry.cpp.obj
[2023-11-23T16:27:07.868Z]     [66/108] Building CXX object lib\mayaHydra\hydraExtensions\CMakeFiles\mayaHydraLib.dir\adapters\meshAdapter.cpp.obj
[2023-11-23T16:27:09.033Z]     [67/108] Building CXX object lib\mayaHydra\hydraExtensions\CMakeFiles\mayaHydraLib.dir\adapters\materialNetworkConverter.cpp.obj
[2023-11-23T16:27:09.034Z]     [68/108] Building CXX object lib\mayaHydra\hydraExtensions\CMakeFiles\mayaHydraLib.dir\adapters\materialAdapter.cpp.obj
[2023-11-23T16:27:10.200Z]     [69/108] Building CXX object lib\mayaHydra\hydraExtensions\CMakeFiles\mayaHydraLib.dir\mayaHydraSceneProducer.cpp.obj
[2023-11-23T16:27:11.365Z]     [70/108] Building CXX object lib\mayaHydra\hydraExtensions\CMakeFiles\mayaHydraLib.dir\delegates\delegate.cpp.obj
[2023-11-23T16:27:11.701Z]     [71/108] Building CXX object lib\mayaHydra\hydraExtensions\CMakeFiles\mayaHydraLib.dir\adapters\lightAdapter.cpp.obj
[2023-11-23T16:27:12.426Z]     [72/108] Building CXX object lib\mayaHydra\hydraExtensions\CMakeFiles\mayaHydraLib.dir\adapters\shapeAdapter.cpp.obj
[2023-11-23T16:27:12.426Z]     [73/108] Building CXX object lib\mayaHydra\hydraExtensions\CMakeFiles\mayaHydraLib.dir\adapters\nurbsCurveAdapter.cpp.obj
[2023-11-23T16:27:13.150Z]     [74/108] Building CXX object lib\mayaHydra\hydraExtensions\CMakeFiles\mayaHydraLib.dir\adapters\pointLightAdapter.cpp.obj
[2023-11-23T16:27:13.485Z]     [75/108] Building CXX object lib\mayaHydra\hydraExtensions\CMakeFiles\mayaHydraLib.dir\delegates\delegateCtx.cpp.obj
[2023-11-23T16:27:14.205Z]     [76/108] Building CXX object lib\mayaHydra\hydraExtensions\CMakeFiles\mayaHydraLib.dir\delegates\delegateRegistry.cpp.obj
[2023-11-23T16:27:14.205Z]     [77/108] Building CXX object lib\mayaHydra\hydraExtensions\CMakeFiles\mayaHydraLib.dir\adapters\spotLightAdapter.cpp.obj
[2023-11-23T16:27:16.500Z]     [78/108] Building CXX object lib\mayaHydra\hydraExtensions\CMakeFiles\mayaHydraLib.dir\delegates\sceneDelegate.cpp.obj
[2023-11-23T16:27:17.220Z]     [79/108] Automatic MOC for target adskHydraSceneBrowser
[2023-11-23T16:27:18.386Z]     [80/108] Building CXX object lib\mayaHydra\hydraExtensions\CMakeFiles\mayaHydraLib.dir\delegates\defaultLightDelegate.cpp.obj
[2023-11-23T16:27:18.386Z]     [81/108] Building CXX object lib\mayaHydra\hydraExtensions\CMakeFiles\mayaHydraLib.dir\sceneIndex\mayaHydraCameraDataSource.cpp.obj
[2023-11-23T16:27:18.722Z]     [82/108] Building CXX object lib\mayaHydra\hydraExtensions\CMakeFiles\mayaHydraLib.dir\sceneIndex\registration.cpp.obj
[2023-11-23T16:27:19.888Z]     [83/108] Building CXX object lib\mayaHydra\hydraExtensions\CMakeFiles\mayaHydraLib.dir\sceneIndex\mayaHydraSceneIndex.cpp.obj
[2023-11-23T16:27:20.233Z]     [84/108] Building CXX object lib\mayaHydra\hydraExtensions\CMakeFiles\mayaHydraLib.dir\delegates\testDelegate.cpp.obj
[2023-11-23T16:27:20.233Z]     [85/108] Building CXX object lib\mayaHydra\hydraExtensions\CMakeFiles\mayaHydraLib.dir\sceneIndex\mayaHydraDataSource.cpp.obj
[2023-11-23T16:27:21.404Z]     [86/108] Building CXX object lib\mayaHydra\hydraExtensions\CMakeFiles\mayaHydraLib.dir\sceneIndex\mayaHydraDisplayStyleDataSource.cpp.obj
[2023-11-23T16:27:21.404Z]     [87/108] Building CXX object lib\mayaHydra\hydraExtensions\CMakeFiles\mayaHydraLib.dir\sceneIndex\mayaHydraPrimvarDataSource.cpp.obj
[2023-11-23T16:27:22.571Z]     [88/108] Building CXX object lib\mayaHydra\hydraExtensions\CMakeFiles\mayaHydraLib.dir\sceneIndex\mayaHydraLightDataSource.cpp.obj
[2023-11-23T16:27:23.742Z]     [89/108] Building CXX object lib\mayaHydra\hydraExtensions\CMakeFiles\mayaHydraLib.dir\sceneIndex\mayaHydraDefaultLightDataSource.cpp.obj
[2023-11-23T16:27:24.519Z]     [90/108] Building CXX object lib\adskHydraSceneBrowser\lib\CMakeFiles\adskHydraSceneBrowser.dir\src\patch\sceneIndexObserverLoggingTreeView.cpp.obj
[2023-11-23T16:27:24.519Z]     [91/108] Building CXX object lib\adskHydraSceneBrowser\lib\CMakeFiles\adskHydraSceneBrowser.dir\src\patch\registeredSceneIndexChooser.cpp.obj
[2023-11-23T16:27:24.864Z]     [92/108] Building CXX object lib\adskHydraSceneBrowser\lib\CMakeFiles\adskHydraSceneBrowser.dir\src\patch\sceneIndexDebuggerWidget.cpp.obj
[2023-11-23T16:27:24.864Z]     [93/108] Building CXX object lib\adskHydraSceneBrowser\lib\CMakeFiles\adskHydraSceneBrowser.dir\src\patch\dataSourceValueTreeView.cpp.obj
[2023-11-23T16:27:25.211Z]     [94/108] Linking CXX shared library lib\mayaHydra\hydraExtensions\mayaHydraLib.dll
[2023-11-23T16:27:25.211Z]     [95/108] Building CXX object lib\adskHydraSceneBrowser\lib\CMakeFiles\adskHydraSceneBrowser.dir\src\patch\sceneIndexObserverLoggingWidget.cpp.obj
[2023-11-23T16:27:25.211Z]     [96/108] Building CXX object lib\adskHydraSceneBrowser\lib\CMakeFiles\adskHydraSceneBrowser.dir\adskHydraSceneBrowser_autogen\mocs_compilation.cpp.obj
[2023-11-23T16:27:25.567Z]     [97/108] Building CXX object lib\adskHydraSceneBrowser\lib\CMakeFiles\adskHydraSceneBrowser.dir\src\patch\dataSourceTreeWidget.cpp.obj
[2023-11-23T16:27:25.954Z]     [98/108] Linking CXX shared library test\lib\mayaUsd\render\mayaToHydra\cpp\mayaHydraCppTests.mll
[2023-11-23T16:27:25.955Z]     [99/108] Linking CXX shared library lib\mayaHydra\mayaPlugin\mayaHydra.mll
[2023-11-23T16:27:25.955Z]     [100/108] Building CXX object plugin\mayaHydraSceneBrowserTest\CMakeFiles\mayaHydraSceneBrowserTest.dir\mayaHydraSceneBrowserTestCmd.cpp.obj
[2023-11-23T16:27:25.955Z]     [101/108] Building CXX object lib\adskHydraSceneBrowser\lib\CMakeFiles\adskHydraSceneBrowser.dir\src\patch\sceneIndexTreeWidget.cpp.obj
[2023-11-23T16:27:26.684Z]     [102/108] Linking CXX shared library lib\adskHydraSceneBrowser\lib\adskHydraSceneBrowser.dll
[2023-11-23T16:27:27.408Z]     [103/108] Building CXX object lib\adskHydraSceneBrowser\test\CMakeFiles\adskHydraSceneBrowserTesting.dir\adskHydraSceneBrowserTestFixture.cpp.obj
[2023-11-23T16:27:27.408Z]     [104/108] Building CXX object plugin\mayaHydraSceneBrowser\CMakeFiles\mayaHydraSceneBrowser.dir\mayaHydraSceneBrowser.cpp.obj
[2023-11-23T16:27:27.408Z]     [105/108] Building CXX object lib\adskHydraSceneBrowser\test\CMakeFiles\adskHydraSceneBrowserTesting.dir\adskHydraSceneBrowserTesting.cpp.obj
[2023-11-23T16:27:28.132Z]     [106/108] Linking CXX shared library plugin\mayaHydraSceneBrowser\mayaHydraSceneBrowser.mll
[2023-11-23T16:27:28.132Z]     [107/108] Linking CXX shared library lib\adskHydraSceneBrowser\test\adskHydraSceneBrowserTesting.dll
[2023-11-23T16:27:28.853Z]     [108/108] Linking CXX shared library plugin\mayaHydraSceneBrowserTest\mayaHydraSceneBrowserTest.mll
[2023-11-23T16:27:28.853Z]     
[2023-11-23T16:27:28.853Z]         Building with settings:
[2023-11-23T16:27:28.853Z]           Source directory          S:\Jenkins\workspace\ECP\ecg-maya-hydra\ecg-maya-hydra-branch-preflight-python3-windows\ecg-maya-hydra\maya-hydra
[2023-11-23T16:27:28.853Z]           Workspace directory       W:\
[2023-11-23T16:27:28.853Z]           Build directory           W:\build\Debug
[2023-11-23T16:27:28.853Z]           Install directory         W:\install\Debug\MayaHydra
[2023-11-23T16:27:28.853Z]           Variant                   Debug
[2023-11-23T16:27:28.853Z]           Python Debug              On
[2023-11-23T16:27:28.853Z]           CMake generator           Ninja
[2023-11-23T16:27:28.853Z]           Build arguments           ['-DCMAKE_MAKE_PROGRAM=P:/shared/Artifactory/Windows/ninja/1.10.2/ccacdf8/ninja.exe', '-DPYTHON_INCLUDE_DIR=P:/shared/Artifactory/Windows/rundev-master-debug/202311220725/runtime/a121a89/runTime/include/Python311/Python', '-DPython_EXECUTABLE=P:/shared/Artifactory/Windows/rundev-master-debug/202311220725/runtime/a121a89/runTime/bin/mayapy.exe', '-DPYTHON_LIBRARIES=P:/shared/Artifactory/Windows/rundev-master-debug/202311220725/runtime/a121a89/runTime/lib/python311_d.lib', '-DBUILD_WITH_PYTHON_3_VERSION=3.11', '-DCMAKE_WANT_MATERIALX_BUILD=ON', '-DCMAKE_PREFIX_PATH=P:\\shared\\Artifactory\\Windows\\USD\\01f407c', '-DMAYAHYDRA_BUILD_NUMBER=414', '-DMAYAHYDRA_GIT_COMMIT=a6160e671d724cbd23348caec6efe576ee214353', '-DMAYAHYDRA_GIT_BRANCH=master']
[2023-11-23T16:27:28.853Z]           Stages arguments          ['build']
[2023-11-23T16:27:28.853Z]           CTest arguments           ['--parallel 16']
[2023-11-23T16:27:28.853Z]     Success MayaHydra build and install !!!!
[2023-11-23T16:27:28.853Z]     Elapsed time: 00:00:47
[Pipeline] bat
[2023-11-23T16:27:29.452Z] Deleting alias drive W:
[Pipeline] bat
[2023-11-23T16:27:30.045Z] Deleting alias drive P:
[Pipeline] bat
[2023-11-23T16:27:30.672Z] Creating alias drive P: to S:\jenkins\workspace
[Pipeline] bat
[2023-11-23T16:27:31.272Z] Creating alias drive W: to S:\Jenkins\workspace\ECP\ecg-maya-hydra\ecg-maya-hydra-branch-preflight-python3-windows
[Pipeline] bat
[2023-11-23T16:27:32.054Z] "C:\Program Files\Microsoft Visual Studio\2022\Professional\VC\Auxiliary\Build\vcvarsall.bat" x64
[2023-11-23T16:27:32.054Z] **********************************************************************
[2023-11-23T16:27:32.054Z] ** Visual Studio 2022 Developer Command Prompt v17.3.2
[2023-11-23T16:27:32.054Z] ** Copyright (c) 2022 Microsoft Corporation
[2023-11-23T16:27:32.054Z] **********************************************************************
[2023-11-23T16:27:33.735Z] [vcvarsall.bat] Environment initialized for: 'x64'
[2023-11-23T16:27:33.735Z] python ecg-maya-hydra/build.py --stages=build --workspace-dir=W:\ --artifactory-dir=P:\shared\Artifactory --build-dir=W:\build --install-dir=W:\install --signing-dir=W:\signing --package-dir=W:\package --output-dir=W:\output --stash-dir=W:\stash --jenkins-build=414 --git-commit=a6160e671d724cbd23348caec6efe576ee214353 --git-branch=master --variants=RelWithDebInfo --interactive-tests=true --post-zips=false --osx-binary-architecture-target=ub2 --osx-deployment-target=11.0 --osx-base-sdk=CurrentActiveSDK --build-retry=3 --maya-cut-config=maya-rundev-master.yaml --maya-package=rundev-master --stage-banner
[2023-11-23T16:27:34.903Z] Using Maya cut from P:\shared\Artifactory\Windows\rundev-master\202311221838\runtime\0c83665
[2023-11-23T16:27:34.903Z] Using Maya ADSK Signatures from P:\shared\Artifactory\Windows\adsk-plugin-signatures-maya\2023\3ae1ae7
[2023-11-23T16:27:34.903Z] Using Maya Security Library from P:\shared\Artifactory\Windows\maya-security-library\3.4.0\284407f
[2023-11-23T16:27:34.903Z] 
[2023-11-23T16:27:34.903Z] ================================================================================
[2023-11-23T16:27:34.903Z]                              build (RelWithDebInfo)
[2023-11-23T16:27:34.903Z] ================================================================================
[2023-11-23T16:27:34.903Z] Maya Python RelWithDebInfo Info:
[2023-11-23T16:27:34.903Z]   mayapy executable   = P:\shared\Artifactory\Windows\rundev-master\202311221838\runtime\0c83665\runTime\bin\mayapy.exe
[2023-11-23T16:27:34.903Z]   Include Folder      = P:\shared\Artifactory\Windows\rundev-master\202311221838\runtime\0c83665\runTime\include\Python311\Python
[2023-11-23T16:27:34.903Z]   Library             = P:\shared\Artifactory\Windows\rundev-master\202311221838\runtime\0c83665\runTime\lib\python311.lib
[2023-11-23T16:27:34.903Z]   site-package Folder = P:\shared\Artifactory\Windows\rundev-master\202311221838\runtime\0c83665\runTime\Python\Lib\site-packages
[2023-11-23T16:27:35.623Z] In workdir: S:\Jenkins\workspace\ECP\ecg-maya-hydra\ecg-maya-hydra-branch-preflight-python3-windows\ecg-maya-hydra\maya-hydra
[2023-11-23T16:27:35.623Z] Executing: 'P:\\shared\\Artifactory\\Windows\\rundev-master\\202311221838\\runtime\\0c83665\\runTime\\bin\\mayapy.exe' 'S:\\Jenkins\\workspace\\ECP\\ecg-maya-hydra\\ecg-maya-hydra-branch-preflight-python3-windows\\ecg-maya-hydra\\maya-hydra\\build.py' --generator Ninja --build-relwithdebug --maya-location 'P:\\shared\\Artifactory\\Windows\\rundev-master\\202311221838\\runtime\\0c83665\\runTime' --devkit-location 'P:\\shared\\Artifactory\\Windows\\rundev-master\\202311221838\\runtime\\0c83665\\devkitBase' --pxrusd-location 'P:\\shared\\Artifactory\\Windows\\USD\\6a9558d' '--build-args=-DCMAKE_MAKE_PROGRAM=P:/shared/Artifactory/Windows/ninja/1.10.2/ccacdf8/ninja.exe,-DPYTHON_INCLUDE_DIR=P:/shared/Artifactory/Windows/rundev-master/202311221838/runtime/0c83665/runTime/include/Python311/Python,-DPython_EXECUTABLE=P:/shared/Artifactory/Windows/rundev-master/202311221838/runtime/0c83665/runTime/bin/mayapy.exe,-DPYTHON_LIBRARIES=P:/shared/Artifactory/Windows/rundev-master/202311221838/runtime/0c83665/runTime/lib/python311.lib,-DBUILD_WITH_PYTHON_3_VERSION=3.11,-DCMAKE_WANT_MATERIALX_BUILD=ON,-DCMAKE_PREFIX_PATH=P:\\shared\\Artifactory\\Windows\\USD\\6a9558d,-DMAYAHYDRA_BUILD_NUMBER=414,-DMAYAHYDRA_GIT_COMMIT=a6160e671d724cbd23348caec6efe576ee214353,-DMAYAHYDRA_GIT_BRANCH=master' '--ctest-args=--parallel 16' --stages=build --redirect-outstream-file=False --install-location 'W:\\install\\RelWithDebInfo\\MayaHydra' 'W:\\'
[2023-11-23T16:27:35.623Z] Modified environment variables:
[2023-11-23T16:27:35.623Z]     PATH=P:\shared\Artifactory\Windows\cmake\3.20.3\afe857a\bin;C:\Python27\lib\site-packages\pywin32_system32;C:\Program Files\Microsoft Visual Studio\2022\Professional\VC\Tools\MSVC\14.33.31629\bin\HostX64\x64;C:\Program Files\Microsoft Visual Studio\2022\Professional\Common7\IDE\VC\VCPackages;C:\Program Files\Microsoft Visual Studio\2022\Professional\Common7\IDE\CommonExtensions\Microsoft\TestWindow;C:\Program Files\Microsoft Visual Studio\2022\Professional\Common7\IDE\CommonExtensions\Microsoft\TeamFoundation\Team Explorer;C:\Program Files\Microsoft Visual Studio\2022\Professional\MSBuild\Current\bin\Roslyn;C:\Program Files\Microsoft Visual Studio\2022\Professional\Team Tools\Performance Tools\x64;C:\Program Files\Microsoft Visual Studio\2022\Professional\Team Tools\Performance Tools;C:\Program Files (x86)\Microsoft Visual Studio\Shared\Common\VSPerfCollectionTools\vs2019\\x64;C:\Program Files (x86)\Microsoft Visual Studio\Shared\Common\VSPerfCollectionTools\vs2019\;C:\Program Files (x86)\Microsoft SDKs\Windows\v10.0A\bin\NETFX 4.8 Tools\x64\;C:\Program Files (x86)\HTML Help Workshop;C:\Program Files\Microsoft Visual Studio\2022\Professional\Common7\IDE\CommonExtensions\Microsoft\FSharp\Tools;C:\Program Files (x86)\Windows Kits\10\bin\10.0.19041.0\\x64;C:\Program Files (x86)\Windows Kits\10\bin\\x64;C:\Program Files\Microsoft Visual Studio\2022\Professional\\MSBuild\Current\Bin\amd64;C:\WINDOWS\Microsoft.NET\Framework64\v4.0.30319;C:\Program Files\Microsoft Visual Studio\2022\Professional\Common7\IDE\;C:\Program Files\Microsoft Visual Studio\2022\Professional\Common7\Tools\;C:\Python27\;C:\Python27\Scripts;C:\WINDOWS\system32;C:\WINDOWS;C:\WINDOWS\System32\Wbem;C:\WINDOWS\System32\WindowsPowerShell\v1.0\;C:\WINDOWS\System32\OpenSSH\;C:\ProgramData\chocolatey\bin;C:\Program Files (x86)\WiX Toolset v3.7\bin;C:\Program Files\dotnet\;C:\Program Files\Zulu\zulu-11\bin\;C:\Program Files (x86)\Windows Kits\10\bin\10.0.19041.0\x64;C:\Program Files (x86)\Windows Kits\10\bin\10.0.18362.0\x64;C:\Program Files (x86)\Windows Kits\10\bin\10.0.17763.0\x64;C:\Program Files (x86)\Windows Kits\10\bin\x64;C:\Strawberry\c\bin;C:\Strawberry\perl\site\bin;C:\Strawberry\perl\bin;C:\Program Files\Git\cmd;C:\Program Files\Git\usr\bin;C:\Program Files\Git\mingw64\bin;C:\Program Files\Git\bin;C:\Python38\;C:\Python38\Scripts;C:\StoreBoxClientWindows;C:\Program Files\Electric Cloud\ElectricCommander\bin;C:\Program Files\WinRAR;C:\Program Files\7-Zip;C:\Users\Administrator\AppData\Local\Microsoft\WindowsApps;C:\Users\Administrator\.dotnet\tools;C:\Program Files\Microsoft Visual Studio\2022\Professional\Common7\IDE\CommonExtensions\Microsoft\CMake\CMake\bin;C:\Program Files\Microsoft Visual Studio\2022\Professional\Common7\IDE\CommonExtensions\Microsoft\CMake\Ninja;C:\Program Files\Microsoft Visual Studio\2022\Professional\Common7\IDE\VC\Linux\bin\ConnectionManagerExe
[2023-11-23T16:27:36.791Z]     [1/108] Building CXX object lib\flowViewport\CMakeFiles\flowViewport.dir\sceneIndex\fvpPathInterface.cpp.obj
[2023-11-23T16:27:36.791Z]     [2/108] Building CXX object lib\flowViewport\CMakeFiles\flowViewport.dir\API\interfacesImp\fvpVersionInterfaceImp.cpp.obj
[2023-11-23T16:27:36.792Z]     [3/108] Building CXX object lib\flowViewport\CMakeFiles\flowViewport.dir\selection\fvpSelectionFwd.cpp.obj
[2023-11-23T16:27:37.518Z]     [4/108] Building CXX object lib\flowViewport\CMakeFiles\flowViewport.dir\debugCodes.cpp.obj
[2023-11-23T16:27:37.518Z]     [5/108] Building CXX object lib\flowViewport\CMakeFiles\flowViewport.dir\colorPreferences\fvpColorPreferencesTokens.cpp.obj
[2023-11-23T16:27:37.518Z]     [6/108] Building CXX object lib\flowViewport\CMakeFiles\flowViewport.dir\tokens.cpp.obj
[2023-11-23T16:27:37.854Z]     [7/108] Building CXX object lib\flowViewport\CMakeFiles\flowViewport.dir\colorPreferences\fvpColorChanged.cpp.obj
[2023-11-23T16:27:37.854Z]     [8/108] Building CXX object lib\flowViewport\CMakeFiles\flowViewport.dir\colorPreferences\fvpColorPreferences.cpp.obj
[2023-11-23T16:27:37.854Z]     [9/108] Building CXX object lib\flowViewport\CMakeFiles\flowViewport.dir\global.cpp.obj
[2023-11-23T16:27:38.189Z]     [10/108] Building CXX object lib\flowViewport\CMakeFiles\flowViewport.dir\API\samples\fvpSelectionClientExample.cpp.obj
[2023-11-23T16:27:38.189Z]     [11/108] Building CXX object lib\flowViewport\CMakeFiles\flowViewport.dir\API\interfacesImp\fvpSelectionInterfaceImp.cpp.obj
[2023-11-23T16:27:39.353Z]     [12/108] Building CXX object test\lib\mayaUsd\render\mayaToHydra\cpp\CMakeFiles\mayaHydraCppTests.dir\testCppFramework.cpp.obj
[2023-11-23T16:27:39.688Z]     [13/108] Building CXX object test\lib\mayaUsd\render\mayaToHydra\cpp\CMakeFiles\mayaHydraCppTests.dir\mayaHydraCppTestsCmd.cpp.obj
[2023-11-23T16:27:40.409Z]     [14/108] Building CXX object test\lib\mayaUsd\render\mayaToHydra\cpp\CMakeFiles\mayaHydraCppTests.dir\testColorPreferences.cpp.obj
[2023-11-23T16:27:42.092Z]     [15/108] Building CXX object lib\flowViewport\CMakeFiles\flowViewport.dir\sceneIndex\fvpPathInterfaceSceneIndex.cpp.obj
[2023-11-23T16:27:42.092Z]     [16/108] Building CXX object lib\flowViewport\CMakeFiles\flowViewport.dir\sceneIndex\fvpMergingSceneIndex.cpp.obj
[2023-11-23T16:27:42.445Z]     [17/108] Building CXX object lib\flowViewport\CMakeFiles\flowViewport.dir\sceneIndex\fvpSelectionSceneIndex.cpp.obj
[2023-11-23T16:27:42.785Z]     [18/108] Building CXX object lib\flowViewport\CMakeFiles\flowViewport.dir\API\interfacesImp\fvpInformationInterfaceImp.cpp.obj
[2023-11-23T16:27:42.785Z]     [19/108] Building CXX object lib\flowViewport\CMakeFiles\flowViewport.dir\API\perViewportSceneIndicesData\fvpViewportInformationAndSceneIndicesPerViewportData.cpp.obj
[2023-11-23T16:27:42.785Z]     [20/108] Building CXX object lib\flowViewport\CMakeFiles\flowViewport.dir\API\samples\fvpInformationClientExample.cpp.obj
[2023-11-23T16:27:43.121Z]     [21/108] Building CXX object lib\flowViewport\CMakeFiles\flowViewport.dir\selection\fvpSelection.cpp.obj
[2023-11-23T16:27:43.121Z]     [22/108] Building CXX object lib\flowViewport\CMakeFiles\flowViewport.dir\sceneIndex\fvpWireframeSelectionHighlightSceneIndex.cpp.obj
[2023-11-23T16:27:43.842Z]     [23/108] Building CXX object lib\mayaHydra\mayaPlugin\CMakeFiles\mayaHydra.dir\colorNotFoundException.cpp.obj
[2023-11-23T16:27:44.562Z]     [24/108] Building CXX object lib\flowViewport\CMakeFiles\flowViewport.dir\sceneIndex\fvpRenderIndexProxy.cpp.obj
[2023-11-23T16:27:44.562Z]     [25/108] Building CXX object lib\flowViewport\CMakeFiles\flowViewport.dir\selection\fvpSelectionTracker.cpp.obj
[2023-11-23T16:27:44.562Z]     [26/108] Building CXX object lib\mayaHydra\mayaPlugin\CMakeFiles\mayaHydra.dir\pluginDebugCodes.cpp.obj
[2023-11-23T16:27:44.562Z]     [27/108] Building CXX object lib\flowViewport\CMakeFiles\flowViewport.dir\selection\fvpSelectionTask.cpp.obj
[2023-11-23T16:27:44.898Z]     [28/108] Building CXX object test\lib\mayaUsd\render\mayaToHydra\cpp\CMakeFiles\mayaHydraCppTests.dir\testMayaSceneFlattening.cpp.obj
[2023-11-23T16:27:45.233Z]     [29/108] Building CXX object lib\mayaHydra\mayaPlugin\CMakeFiles\mayaHydra.dir\mayaColorPreferencesTranslator.cpp.obj
[2023-11-23T16:27:45.568Z]     [30/108] Building CXX object lib\flowViewport\CMakeFiles\flowViewport.dir\API\perViewportSceneIndicesData\fvpViewportInformationAndSceneIndicesPerViewportDataManager.cpp.obj
[2023-11-23T16:27:45.903Z]     [31/108] Building CXX object lib\mayaHydra\mayaPlugin\CMakeFiles\mayaHydra.dir\tokens.cpp.obj
[2023-11-23T16:27:46.239Z]     [32/108] Linking CXX shared library lib\flowViewport\flowViewport.dll
[2023-11-23T16:27:46.239Z]     [33/108] Building CXX object test\lib\mayaUsd\render\mayaToHydra\cpp\CMakeFiles\mayaHydraCppTests.dir\testMayaUsdUfeItems.cpp.obj
[2023-11-23T16:27:46.239Z]     [34/108] Building CXX object lib\mayaHydra\hydraExtensions\CMakeFiles\mayaHydraLib.dir\mhBuildInfo.cpp.obj
[2023-11-23T16:27:46.239Z]     [35/108] Building CXX object lib\mayaHydra\hydraExtensions\CMakeFiles\mayaHydraLib.dir\debugCodes.cpp.obj
[2023-11-23T16:27:47.404Z]     [36/108] Building CXX object lib\mayaHydra\hydraExtensions\CMakeFiles\mayaHydraLib.dir\mayaUtils.cpp.obj
[2023-11-23T16:27:47.404Z]     [37/108] Building CXX object test\lib\mayaUsd\render\mayaToHydra\cpp\CMakeFiles\mayaHydraCppTests.dir\testSelectionSceneIndex.cpp.obj
[2023-11-23T16:27:49.086Z]     [38/108] Building CXX object test\lib\mayaUsd\render\mayaToHydra\cpp\CMakeFiles\mayaHydraCppTests.dir\testFvpViewportInformationMultipleViewports.cpp.obj
[2023-11-23T16:27:49.086Z]     [39/108] Building CXX object test\lib\mayaUsd\render\mayaToHydra\cpp\CMakeFiles\mayaHydraCppTests.dir\testFvpViewportInformationRendererSwitching.cpp.obj
[2023-11-23T16:27:49.807Z]     [40/108] Building CXX object test\lib\mayaUsd\render\mayaToHydra\cpp\CMakeFiles\mayaHydraCppTests.dir\testUsdStageLayerMuting.cpp.obj
[2023-11-23T16:27:49.807Z]     [41/108] Building CXX object test\lib\mayaUsd\render\mayaToHydra\cpp\CMakeFiles\mayaHydraCppTests.dir\testUtils.cpp.obj
[2023-11-23T16:27:50.142Z]     [42/108] Building CXX object lib\mayaHydra\hydraExtensions\CMakeFiles\mayaHydraLib.dir\adapters\adapterDebugCodes.cpp.obj
[2023-11-23T16:27:50.142Z]     [43/108] Building CXX object test\lib\mayaUsd\render\mayaToHydra\cpp\CMakeFiles\mayaHydraCppTests.dir\testMergingSceneIndex.cpp.obj
[2023-11-23T16:27:50.478Z]     [44/108] Building CXX object test\lib\mayaUsd\render\mayaToHydra\cpp\CMakeFiles\mayaHydraCppTests.dir\testWireframeSelectionHighlightSceneIndex.cpp.obj
[2023-11-23T16:27:52.159Z]     [45/108] Building CXX object lib\mayaHydra\hydraExtensions\CMakeFiles\mayaHydraLib.dir\mayaHydraLibInterfaceImp.cpp.obj
[2023-11-23T16:27:52.159Z]     [46/108] Building CXX object lib\mayaHydra\hydraExtensions\CMakeFiles\mayaHydraLib.dir\mixedUtils.cpp.obj
[2023-11-23T16:27:52.494Z]     [47/108] Building CXX object lib\mayaHydra\mayaPlugin\CMakeFiles\mayaHydra.dir\pluginUtils.cpp.obj
[2023-11-23T16:27:53.213Z]     [48/108] Building CXX object lib\mayaHydra\mayaPlugin\CMakeFiles\mayaHydra.dir\plugin.cpp.obj
[2023-11-23T16:27:53.549Z]     [49/108] Building CXX object lib\mayaHydra\hydraExtensions\CMakeFiles\mayaHydraLib.dir\hydraUtils.cpp.obj
[2023-11-23T16:27:54.269Z]     [50/108] Building CXX object lib\mayaHydra\mayaPlugin\CMakeFiles\mayaHydra.dir\viewCommand.cpp.obj
[2023-11-23T16:27:54.604Z]     [51/108] Building CXX object lib\mayaHydra\hydraExtensions\CMakeFiles\mayaHydraLib.dir\adapters\tokens.cpp.obj
[2023-11-23T16:27:56.290Z]     [52/108] Building CXX object lib\mayaHydra\mayaPlugin\CMakeFiles\mayaHydra.dir\renderOverride.cpp.obj
[2023-11-23T16:27:57.009Z]     [53/108] Building CXX object lib\mayaHydra\mayaPlugin\CMakeFiles\mayaHydra.dir\renderGlobals.cpp.obj
[2023-11-23T16:27:59.298Z]     [54/108] Building CXX object lib\mayaHydra\hydraExtensions\CMakeFiles\mayaHydraLib.dir\adapters\adapter.cpp.obj
[2023-11-23T16:28:00.018Z]     [55/108] Building CXX object lib\mayaHydra\hydraExtensions\CMakeFiles\mayaHydraLib.dir\adapters\areaLightAdapter.cpp.obj
[2023-11-23T16:28:01.191Z]     [56/108] Building CXX object lib\mayaHydra\hydraExtensions\CMakeFiles\mayaHydraLib.dir\delegates\delegateCtx.cpp.obj
[2023-11-23T16:28:01.191Z]     [57/108] Building CXX object lib\mayaHydra\hydraExtensions\CMakeFiles\mayaHydraLib.dir\adapters\dagAdapter.cpp.obj
[2023-11-23T16:28:01.192Z]     [58/108] Building CXX object lib\mayaHydra\hydraExtensions\CMakeFiles\mayaHydraLib.dir\adapters\adapterRegistry.cpp.obj
[2023-11-23T16:28:02.361Z]     [59/108] Building CXX object lib\mayaHydra\hydraExtensions\CMakeFiles\mayaHydraLib.dir\adapters\cameraAdapter.cpp.obj
[2023-11-23T16:28:02.697Z]     [60/108] Building CXX object lib\mayaHydra\hydraExtensions\CMakeFiles\mayaHydraLib.dir\adapters\aiSkydomeLightAdapter.cpp.obj
[2023-11-23T16:28:02.697Z]     [61/108] Building CXX object lib\mayaHydra\hydraExtensions\CMakeFiles\mayaHydraLib.dir\mayaHydraSceneProducer.cpp.obj
[2023-11-23T16:28:03.874Z]     [62/108] Building CXX object lib\mayaHydra\hydraExtensions\CMakeFiles\mayaHydraLib.dir\adapters\mayaAttrs.cpp.obj
[2023-11-23T16:28:03.874Z]     [63/108] Building CXX object lib\mayaHydra\hydraExtensions\CMakeFiles\mayaHydraLib.dir\adapters\renderItemAdapter.cpp.obj
[2023-11-23T16:28:03.874Z]     [64/108] Building CXX object lib\mayaHydra\hydraExtensions\CMakeFiles\mayaHydraLib.dir\delegates\delegateDebugCodes.cpp.obj
[2023-11-23T16:28:04.601Z]     [65/108] Building CXX object lib\mayaHydra\hydraExtensions\CMakeFiles\mayaHydraLib.dir\adapters\pointLightAdapter.cpp.obj
[2023-11-23T16:28:04.936Z]     [66/108] Building CXX object lib\mayaHydra\hydraExtensions\CMakeFiles\mayaHydraLib.dir\adapters\shapeAdapter.cpp.obj
[2023-11-23T16:28:06.622Z]     [67/108] Building CXX object lib\mayaHydra\hydraExtensions\CMakeFiles\mayaHydraLib.dir\delegates\delegate.cpp.obj
[2023-11-23T16:28:07.787Z]     [68/108] Building CXX object lib\mayaHydra\hydraExtensions\CMakeFiles\mayaHydraLib.dir\adapters\spotLightAdapter.cpp.obj
[2023-11-23T16:28:07.787Z]     [69/108] Building CXX object lib\mayaHydra\hydraExtensions\CMakeFiles\mayaHydraLib.dir\adapters\materialNetworkConverter.cpp.obj
[2023-11-23T16:28:10.780Z]     [70/108] Building CXX object lib\mayaHydra\hydraExtensions\CMakeFiles\mayaHydraLib.dir\adapters\meshAdapter.cpp.obj
[2023-11-23T16:28:11.117Z]     [71/108] Building CXX object lib\mayaHydra\hydraExtensions\CMakeFiles\mayaHydraLib.dir\adapters\lightAdapter.cpp.obj
[2023-11-23T16:28:11.838Z]     [72/108] Building CXX object lib\mayaHydra\hydraExtensions\CMakeFiles\mayaHydraLib.dir\sceneIndex\registration.cpp.obj
[2023-11-23T16:28:12.568Z]     [73/108] Building CXX object lib\mayaHydra\hydraExtensions\CMakeFiles\mayaHydraLib.dir\delegates\delegateRegistry.cpp.obj
[2023-11-23T16:28:13.735Z]     [74/108] Building CXX object lib\mayaHydra\hydraExtensions\CMakeFiles\mayaHydraLib.dir\adapters\materialAdapter.cpp.obj
[2023-11-23T16:28:14.073Z]     [75/108] Building CXX object lib\mayaHydra\hydraExtensions\CMakeFiles\mayaHydraLib.dir\adapters\nurbsCurveAdapter.cpp.obj
[2023-11-23T16:28:14.793Z]     [76/108] Building CXX object lib\mayaHydra\ufeExtensions\CMakeFiles\ufeExtensions.dir\Global.cpp.obj
[2023-11-23T16:28:15.514Z]     [77/108] Building CXX object lib\mayaHydra\hydraExtensions\CMakeFiles\mayaHydraLib.dir\adapters\directionalLightAdapter.cpp.obj
[2023-11-23T16:28:15.514Z]     [78/108] Building CXX object lib\mayaHydra\hydraExtensions\CMakeFiles\mayaHydraLib.dir\sceneIndex\mayaHydraPrimvarDataSource.cpp.obj
[2023-11-23T16:28:15.514Z]     [79/108] Linking CXX shared library lib\mayaHydra\ufeExtensions\ufeExtensions.dll
[2023-11-23T16:28:16.679Z]     [80/108] Automatic MOC for target adskHydraSceneBrowser
[2023-11-23T16:28:18.363Z]     [81/108] Building CXX object lib\mayaHydra\hydraExtensions\CMakeFiles\mayaHydraLib.dir\delegates\testDelegate.cpp.obj
[2023-11-23T16:28:19.083Z]     [82/108] Building CXX object lib\mayaHydra\hydraExtensions\CMakeFiles\mayaHydraLib.dir\sceneIndex\mayaHydraLightDataSource.cpp.obj
[2023-11-23T16:28:19.420Z]     [83/108] Building CXX object lib\mayaHydra\hydraExtensions\CMakeFiles\mayaHydraLib.dir\delegates\sceneDelegate.cpp.obj
[2023-11-23T16:28:20.588Z]     [84/108] Building CXX object lib\mayaHydra\hydraExtensions\CMakeFiles\mayaHydraLib.dir\sceneIndex\mayaHydraDisplayStyleDataSource.cpp.obj
[2023-11-23T16:28:20.588Z]     [85/108] Building CXX object lib\mayaHydra\hydraExtensions\CMakeFiles\mayaHydraLib.dir\sceneIndex\mayaHydraDataSource.cpp.obj
[2023-11-23T16:28:20.924Z]     [86/108] Building CXX object lib\mayaHydra\hydraExtensions\CMakeFiles\mayaHydraLib.dir\delegates\defaultLightDelegate.cpp.obj
[2023-11-23T16:28:21.259Z]     [87/108] Building CXX object lib\mayaHydra\hydraExtensions\CMakeFiles\mayaHydraLib.dir\sceneIndex\mayaHydraSceneIndex.cpp.obj
[2023-11-23T16:28:23.031Z]     [88/108] Building CXX object lib\mayaHydra\hydraExtensions\CMakeFiles\mayaHydraLib.dir\sceneIndex\mayaHydraCameraDataSource.cpp.obj
[2023-11-23T16:28:24.746Z]     [89/108] Building CXX object lib\adskHydraSceneBrowser\lib\CMakeFiles\adskHydraSceneBrowser.dir\src\patch\dataSourceValueTreeView.cpp.obj
[2023-11-23T16:28:25.083Z]     [90/108] Building CXX object lib\adskHydraSceneBrowser\lib\CMakeFiles\adskHydraSceneBrowser.dir\src\patch\sceneIndexObserverLoggingTreeView.cpp.obj
[2023-11-23T16:28:25.083Z]     [91/108] Building CXX object lib\adskHydraSceneBrowser\lib\CMakeFiles\adskHydraSceneBrowser.dir\adskHydraSceneBrowser_autogen\mocs_compilation.cpp.obj
[2023-11-23T16:28:25.804Z]     [92/108] Building CXX object lib\adskHydraSceneBrowser\lib\CMakeFiles\adskHydraSceneBrowser.dir\src\patch\sceneIndexObserverLoggingWidget.cpp.obj
[2023-11-23T16:28:25.804Z]     [93/108] Building CXX object lib\adskHydraSceneBrowser\lib\CMakeFiles\adskHydraSceneBrowser.dir\src\patch\registeredSceneIndexChooser.cpp.obj
[2023-11-23T16:28:25.804Z]     [94/108] Building CXX object plugin\mayaHydraSceneBrowserTest\CMakeFiles\mayaHydraSceneBrowserTest.dir\mayaHydraSceneBrowserTestCmd.cpp.obj
[2023-11-23T16:28:26.139Z]     [95/108] Building CXX object lib\mayaHydra\hydraExtensions\CMakeFiles\mayaHydraLib.dir\sceneIndex\mayaHydraDefaultLightDataSource.cpp.obj
[2023-11-23T16:28:26.475Z]     [96/108] Building CXX object lib\adskHydraSceneBrowser\lib\CMakeFiles\adskHydraSceneBrowser.dir\src\patch\sceneIndexDebuggerWidget.cpp.obj
[2023-11-23T16:28:26.810Z]     [97/108] Building CXX object lib\adskHydraSceneBrowser\lib\CMakeFiles\adskHydraSceneBrowser.dir\src\patch\sceneIndexTreeWidget.cpp.obj
[2023-11-23T16:28:27.535Z]     [98/108] Building CXX object lib\adskHydraSceneBrowser\lib\CMakeFiles\adskHydraSceneBrowser.dir\src\patch\dataSourceTreeWidget.cpp.obj
[2023-11-23T16:28:27.535Z]     [99/108] Linking CXX shared library lib\mayaHydra\hydraExtensions\mayaHydraLib.dll
[2023-11-23T16:28:27.872Z]     [100/108] Building CXX object lib\adskHydraSceneBrowser\test\CMakeFiles\adskHydraSceneBrowserTesting.dir\adskHydraSceneBrowserTesting.cpp.obj
[2023-11-23T16:28:28.208Z]     [101/108] Linking CXX shared library lib\adskHydraSceneBrowser\lib\adskHydraSceneBrowser.dll
[2023-11-23T16:28:28.208Z]     [102/108] Linking CXX shared library test\lib\mayaUsd\render\mayaToHydra\cpp\mayaHydraCppTests.mll
[2023-11-23T16:28:28.209Z]     [103/108] Building CXX object plugin\mayaHydraSceneBrowser\CMakeFiles\mayaHydraSceneBrowser.dir\mayaHydraSceneBrowser.cpp.obj
[2023-11-23T16:28:28.209Z]     [104/108] Linking CXX shared library lib\mayaHydra\mayaPlugin\mayaHydra.mll
[2023-11-23T16:28:28.977Z]     [105/108] Linking CXX shared library plugin\mayaHydraSceneBrowser\mayaHydraSceneBrowser.mll
[2023-11-23T16:28:29.312Z]     [106/108] Building CXX object lib\adskHydraSceneBrowser\test\CMakeFiles\adskHydraSceneBrowserTesting.dir\adskHydraSceneBrowserTestFixture.cpp.obj
[2023-11-23T16:28:30.033Z]     [107/108] Linking CXX shared library lib\adskHydraSceneBrowser\test\adskHydraSceneBrowserTesting.dll
[2023-11-23T16:28:30.753Z]     [108/108] Linking CXX shared library plugin\mayaHydraSceneBrowserTest\mayaHydraSceneBrowserTest.mll
[2023-11-23T16:28:30.753Z]     
[2023-11-23T16:28:30.753Z]         Building with settings:
[2023-11-23T16:28:30.753Z]           Source directory          S:\Jenkins\workspace\ECP\ecg-maya-hydra\ecg-maya-hydra-branch-preflight-python3-windows\ecg-maya-hydra\maya-hydra
[2023-11-23T16:28:30.753Z]           Workspace directory       W:\
[2023-11-23T16:28:30.753Z]           Build directory           W:\build\RelWithDebInfo
[2023-11-23T16:28:30.753Z]           Install directory         W:\install\RelWithDebInfo\MayaHydra
[2023-11-23T16:28:30.753Z]           Variant                   RelWithDebInfo
[2023-11-23T16:28:30.753Z]           Python Debug              Off
[2023-11-23T16:28:30.753Z]           CMake generator           Ninja
[2023-11-23T16:28:30.753Z]           Build arguments           ['-DCMAKE_MAKE_PROGRAM=P:/shared/Artifactory/Windows/ninja/1.10.2/ccacdf8/ninja.exe', '-DPYTHON_INCLUDE_DIR=P:/shared/Artifactory/Windows/rundev-master/202311221838/runtime/0c83665/runTime/include/Python311/Python', '-DPython_EXECUTABLE=P:/shared/Artifactory/Windows/rundev-master/202311221838/runtime/0c83665/runTime/bin/mayapy.exe', '-DPYTHON_LIBRARIES=P:/shared/Artifactory/Windows/rundev-master/202311221838/runtime/0c83665/runTime/lib/python311.lib', '-DBUILD_WITH_PYTHON_3_VERSION=3.11', '-DCMAKE_WANT_MATERIALX_BUILD=ON', '-DCMAKE_PREFIX_PATH=P:\\shared\\Artifactory\\Windows\\USD\\6a9558d', '-DMAYAHYDRA_BUILD_NUMBER=414', '-DMAYAHYDRA_GIT_COMMIT=a6160e671d724cbd23348caec6efe576ee214353', '-DMAYAHYDRA_GIT_BRANCH=master']
[2023-11-23T16:28:30.753Z]           Stages arguments          ['build']
[2023-11-23T16:28:30.753Z]           CTest arguments           ['--parallel 16']
[2023-11-23T16:28:30.753Z]     Success MayaHydra build and install !!!!
[2023-11-23T16:28:30.753Z]     Elapsed time: 00:00:54
[Pipeline] bat
[2023-11-23T16:28:31.349Z] Deleting alias drive W:
[Pipeline] bat
[2023-11-23T16:28:31.942Z] Deleting alias drive P:
[Pipeline] }
[Pipeline] // withEnv
[Pipeline] }
[Pipeline] // timeout
[Pipeline] }
[Pipeline] // stage
[Pipeline] }
[Pipeline] // timestamps
[Pipeline] timestamps
[Pipeline] {
[Pipeline] stage
[Pipeline] { (Install)
[Pipeline] timeout
[2023-11-23T16:28:32.188Z] Timeout set to expire in 6 hr 0 min
[Pipeline] {
[Pipeline] withEnv
[Pipeline] {
[Pipeline] bat
[2023-11-23T16:28:32.769Z] Creating alias drive P: to S:\jenkins\workspace
[Pipeline] bat
[2023-11-23T16:28:33.369Z] Creating alias drive W: to S:\Jenkins\workspace\ECP\ecg-maya-hydra\ecg-maya-hydra-branch-preflight-python3-windows
[Pipeline] bat
[2023-11-23T16:28:34.129Z] "C:\Program Files\Microsoft Visual Studio\2022\Professional\VC\Auxiliary\Build\vcvarsall.bat" x64
[2023-11-23T16:28:34.466Z] **********************************************************************
[2023-11-23T16:28:34.466Z] ** Visual Studio 2022 Developer Command Prompt v17.3.2
[2023-11-23T16:28:34.466Z] ** Copyright (c) 2022 Microsoft Corporation
[2023-11-23T16:28:34.466Z] **********************************************************************
[2023-11-23T16:28:35.631Z] [vcvarsall.bat] Environment initialized for: 'x64'
[2023-11-23T16:28:35.631Z] python ecg-maya-hydra/build.py --stages=install --workspace-dir=W:\ --artifactory-dir=P:\shared\Artifactory --build-dir=W:\build --install-dir=W:\install --signing-dir=W:\signing --package-dir=W:\package --output-dir=W:\output --stash-dir=W:\stash --jenkins-build=414 --git-commit=a6160e671d724cbd23348caec6efe576ee214353 --git-branch=master --variants=Debug --interactive-tests=true --post-zips=false --osx-binary-architecture-target=ub2 --osx-deployment-target=11.0 --osx-base-sdk=CurrentActiveSDK --maya-cut-config=maya-rundev-master-debug.yaml --maya-package=rundev-master-debug --stage-banner
[2023-11-23T16:28:36.798Z] Using Maya cut from P:\shared\Artifactory\Windows\rundev-master-debug\202311220725\runtime\a121a89
[2023-11-23T16:28:36.798Z] Using Maya ADSK Signatures from P:\shared\Artifactory\Windows\adsk-plugin-signatures-maya\2023\3ae1ae7
[2023-11-23T16:28:36.798Z] Using Maya Security Library from P:\shared\Artifactory\Windows\maya-security-library\3.4.0\284407f
[2023-11-23T16:28:36.798Z] 
[2023-11-23T16:28:36.798Z] ================================================================================
[2023-11-23T16:28:36.798Z]                                 install (Debug)
[2023-11-23T16:28:36.798Z] ================================================================================
[2023-11-23T16:28:36.798Z] Maya Python Debug Info:
[2023-11-23T16:28:36.798Z]   mayapy executable   = P:\shared\Artifactory\Windows\rundev-master-debug\202311220725\runtime\a121a89\runTime\bin\mayapy.exe
[2023-11-23T16:28:36.798Z]   Include Folder      = P:\shared\Artifactory\Windows\rundev-master-debug\202311220725\runtime\a121a89\runTime\include\Python311\Python
[2023-11-23T16:28:36.798Z]   Library             = P:\shared\Artifactory\Windows\rundev-master-debug\202311220725\runtime\a121a89\runTime\lib\python311_d.lib
[2023-11-23T16:28:36.798Z]   site-package Folder = P:\shared\Artifactory\Windows\rundev-master-debug\202311220725\runtime\a121a89\runTime\Python\Lib\site-packages
[2023-11-23T16:28:39.084Z] 
[2023-11-23T16:28:39.084Z]             WARNING: The 'psutil' python package isn't installed. Thus, Peptide
[2023-11-23T16:28:39.084Z]             won't be able to determine the amount of RAM available. It will assume
[2023-11-23T16:28:39.084Z]             that your machine has only 16GB available, and will limit the number
[2023-11-23T16:28:39.084Z]             the number of link jobs being performed in parallel. This can
[2023-11-23T16:28:39.084Z]             negatively affect your build times.
[2023-11-23T16:28:39.084Z] 
[2023-11-23T16:28:39.084Z]             Please 'pip(3) install psutil' to resolve this.
[2023-11-23T16:28:39.084Z]             
[2023-11-23T16:28:39.084Z] In workdir: S:\Jenkins\workspace\ECP\ecg-maya-hydra\ecg-maya-hydra-branch-preflight-python3-windows\ecg-maya-hydra\maya-hydra
[2023-11-23T16:28:39.084Z] Executing: 'P:\\shared\\Artifactory\\Windows\\rundev-master-debug\\202311220725\\runtime\\a121a89\\runTime\\bin\\mayapy.exe' 'S:\\Jenkins\\workspace\\ECP\\ecg-maya-hydra\\ecg-maya-hydra-branch-preflight-python3-windows\\ecg-maya-hydra\\maya-hydra\\build.py' --generator Ninja --build-debug --maya-location 'P:\\shared\\Artifactory\\Windows\\rundev-master-debug\\202311220725\\runtime\\a121a89\\runTime' --devkit-location 'P:\\shared\\Artifactory\\Windows\\rundev-master-debug\\202311220725\\runtime\\a121a89\\devkitBase' --pxrusd-location 'P:\\shared\\Artifactory\\Windows\\USD\\01f407c' '--build-args=-DCMAKE_MAKE_PROGRAM=P:/shared/Artifactory/Windows/ninja/1.10.2/ccacdf8/ninja.exe,-DPYTHON_INCLUDE_DIR=P:/shared/Artifactory/Windows/rundev-master-debug/202311220725/runtime/a121a89/runTime/include/Python311/Python,-DPython_EXECUTABLE=P:/shared/Artifactory/Windows/rundev-master-debug/202311220725/runtime/a121a89/runTime/bin/mayapy.exe,-DPYTHON_LIBRARIES=P:/shared/Artifactory/Windows/rundev-master-debug/202311220725/runtime/a121a89/runTime/lib/python311_d.lib,-DBUILD_WITH_PYTHON_3_VERSION=3.11,-DCMAKE_WANT_MATERIALX_BUILD=ON,-DCMAKE_PREFIX_PATH=P:\\shared\\Artifactory\\Windows\\USD\\01f407c,-DMAYAHYDRA_BUILD_NUMBER=414,-DMAYAHYDRA_GIT_COMMIT=a6160e671d724cbd23348caec6efe576ee214353,-DMAYAHYDRA_GIT_BRANCH=master' --debug-python '--ctest-args=--parallel 16' --stages=install --redirect-outstream-file=False --install-location 'W:\\install\\Debug\\MayaHydra' 'W:\\'
[2023-11-23T16:28:39.084Z] Modified environment variables:
[2023-11-23T16:28:39.084Z]     PATH=P:\shared\Artifactory\Windows\cmake\3.20.3\afe857a\bin;C:\Python27\lib\site-packages\pywin32_system32;C:\Program Files\Microsoft Visual Studio\2022\Professional\VC\Tools\MSVC\14.33.31629\bin\HostX64\x64;C:\Program Files\Microsoft Visual Studio\2022\Professional\Common7\IDE\VC\VCPackages;C:\Program Files\Microsoft Visual Studio\2022\Professional\Common7\IDE\CommonExtensions\Microsoft\TestWindow;C:\Program Files\Microsoft Visual Studio\2022\Professional\Common7\IDE\CommonExtensions\Microsoft\TeamFoundation\Team Explorer;C:\Program Files\Microsoft Visual Studio\2022\Professional\MSBuild\Current\bin\Roslyn;C:\Program Files\Microsoft Visual Studio\2022\Professional\Team Tools\Performance Tools\x64;C:\Program Files\Microsoft Visual Studio\2022\Professional\Team Tools\Performance Tools;C:\Program Files (x86)\Microsoft Visual Studio\Shared\Common\VSPerfCollectionTools\vs2019\\x64;C:\Program Files (x86)\Microsoft Visual Studio\Shared\Common\VSPerfCollectionTools\vs2019\;C:\Program Files (x86)\Microsoft SDKs\Windows\v10.0A\bin\NETFX 4.8 Tools\x64\;C:\Program Files (x86)\HTML Help Workshop;C:\Program Files\Microsoft Visual Studio\2022\Professional\Common7\IDE\CommonExtensions\Microsoft\FSharp\Tools;C:\Program Files (x86)\Windows Kits\10\bin\10.0.19041.0\\x64;C:\Program Files (x86)\Windows Kits\10\bin\\x64;C:\Program Files\Microsoft Visual Studio\2022\Professional\\MSBuild\Current\Bin\amd64;C:\WINDOWS\Microsoft.NET\Framework64\v4.0.30319;C:\Program Files\Microsoft Visual Studio\2022\Professional\Common7\IDE\;C:\Program Files\Microsoft Visual Studio\2022\Professional\Common7\Tools\;C:\Python27\;C:\Python27\Scripts;C:\WINDOWS\system32;C:\WINDOWS;C:\WINDOWS\System32\Wbem;C:\WINDOWS\System32\WindowsPowerShell\v1.0\;C:\WINDOWS\System32\OpenSSH\;C:\ProgramData\chocolatey\bin;C:\Program Files (x86)\WiX Toolset v3.7\bin;C:\Program Files\dotnet\;C:\Program Files\Zulu\zulu-11\bin\;C:\Program Files (x86)\Windows Kits\10\bin\10.0.19041.0\x64;C:\Program Files (x86)\Windows Kits\10\bin\10.0.18362.0\x64;C:\Program Files (x86)\Windows Kits\10\bin\10.0.17763.0\x64;C:\Program Files (x86)\Windows Kits\10\bin\x64;C:\Strawberry\c\bin;C:\Strawberry\perl\site\bin;C:\Strawberry\perl\bin;C:\Program Files\Git\cmd;C:\Program Files\Git\usr\bin;C:\Program Files\Git\mingw64\bin;C:\Program Files\Git\bin;C:\Python38\;C:\Python38\Scripts;C:\StoreBoxClientWindows;C:\Program Files\Electric Cloud\ElectricCommander\bin;C:\Program Files\WinRAR;C:\Program Files\7-Zip;C:\Users\Administrator\AppData\Local\Microsoft\WindowsApps;C:\Users\Administrator\.dotnet\tools;C:\Program Files\Microsoft Visual Studio\2022\Professional\Common7\IDE\CommonExtensions\Microsoft\CMake\CMake\bin;C:\Program Files\Microsoft Visual Studio\2022\Professional\Common7\IDE\CommonExtensions\Microsoft\CMake\Ninja;C:\Program Files\Microsoft Visual Studio\2022\Professional\Common7\IDE\VC\Linux\bin\ConnectionManagerExe
[2023-11-23T16:28:41.380Z]     [0/1] Install the project...
[2023-11-23T16:28:41.380Z]     -- Install configuration: "Debug"
[2023-11-23T16:28:42.102Z]     
[2023-11-23T16:28:42.102Z]         Building with settings:
[2023-11-23T16:28:42.102Z]           Source directory          S:\Jenkins\workspace\ECP\ecg-maya-hydra\ecg-maya-hydra-branch-preflight-python3-windows\ecg-maya-hydra\maya-hydra
[2023-11-23T16:28:42.102Z]           Workspace directory       W:\
[2023-11-23T16:28:42.102Z]           Build directory           W:\build\Debug
[2023-11-23T16:28:42.102Z]           Install directory         W:\install\Debug\MayaHydra
[2023-11-23T16:28:42.102Z]           Variant                   Debug
[2023-11-23T16:28:42.102Z]           Python Debug              On
[2023-11-23T16:28:42.102Z]           CMake generator           Ninja
[2023-11-23T16:28:42.102Z]           Build arguments           ['-DCMAKE_MAKE_PROGRAM=P:/shared/Artifactory/Windows/ninja/1.10.2/ccacdf8/ninja.exe', '-DPYTHON_INCLUDE_DIR=P:/shared/Artifactory/Windows/rundev-master-debug/202311220725/runtime/a121a89/runTime/include/Python311/Python', '-DPython_EXECUTABLE=P:/shared/Artifactory/Windows/rundev-master-debug/202311220725/runtime/a121a89/runTime/bin/mayapy.exe', '-DPYTHON_LIBRARIES=P:/shared/Artifactory/Windows/rundev-master-debug/202311220725/runtime/a121a89/runTime/lib/python311_d.lib', '-DBUILD_WITH_PYTHON_3_VERSION=3.11', '-DCMAKE_WANT_MATERIALX_BUILD=ON', '-DCMAKE_PREFIX_PATH=P:\\shared\\Artifactory\\Windows\\USD\\01f407c', '-DMAYAHYDRA_BUILD_NUMBER=414', '-DMAYAHYDRA_GIT_COMMIT=a6160e671d724cbd23348caec6efe576ee214353', '-DMAYAHYDRA_GIT_BRANCH=master']
[2023-11-23T16:28:42.102Z]           Stages arguments          ['install']
[2023-11-23T16:28:42.102Z]           CTest arguments           ['--parallel 16']
[2023-11-23T16:28:42.102Z]     Success MayaHydra build and install !!!!
[2023-11-23T16:28:42.102Z]     Elapsed time: 00:00:01
[Pipeline] bat
[2023-11-23T16:28:42.695Z] Deleting alias drive W:
[Pipeline] bat
[2023-11-23T16:28:43.290Z] Deleting alias drive P:
[Pipeline] bat
[2023-11-23T16:28:43.905Z] Creating alias drive P: to S:\jenkins\workspace
[Pipeline] bat
[2023-11-23T16:28:44.505Z] Creating alias drive W: to S:\Jenkins\workspace\ECP\ecg-maya-hydra\ecg-maya-hydra-branch-preflight-python3-windows
[Pipeline] bat
[2023-11-23T16:28:45.260Z] "C:\Program Files\Microsoft Visual Studio\2022\Professional\VC\Auxiliary\Build\vcvarsall.bat" x64
[2023-11-23T16:28:45.600Z] **********************************************************************
[2023-11-23T16:28:45.600Z] ** Visual Studio 2022 Developer Command Prompt v17.3.2
[2023-11-23T16:28:45.600Z] ** Copyright (c) 2022 Microsoft Corporation
[2023-11-23T16:28:45.600Z] **********************************************************************
[2023-11-23T16:28:46.766Z] [vcvarsall.bat] Environment initialized for: 'x64'
[2023-11-23T16:28:46.766Z] python ecg-maya-hydra/build.py --stages=install --workspace-dir=W:\ --artifactory-dir=P:\shared\Artifactory --build-dir=W:\build --install-dir=W:\install --signing-dir=W:\signing --package-dir=W:\package --output-dir=W:\output --stash-dir=W:\stash --jenkins-build=414 --git-commit=a6160e671d724cbd23348caec6efe576ee214353 --git-branch=master --variants=RelWithDebInfo --interactive-tests=true --post-zips=false --osx-binary-architecture-target=ub2 --osx-deployment-target=11.0 --osx-base-sdk=CurrentActiveSDK --maya-cut-config=maya-rundev-master.yaml --maya-package=rundev-master --stage-banner
[2023-11-23T16:28:47.931Z] Using Maya cut from P:\shared\Artifactory\Windows\rundev-master\202311221838\runtime\0c83665
[2023-11-23T16:28:47.931Z] Using Maya ADSK Signatures from P:\shared\Artifactory\Windows\adsk-plugin-signatures-maya\2023\3ae1ae7
[2023-11-23T16:28:47.931Z] Using Maya Security Library from P:\shared\Artifactory\Windows\maya-security-library\3.4.0\284407f
[2023-11-23T16:28:47.931Z] 
[2023-11-23T16:28:47.931Z] ================================================================================
[2023-11-23T16:28:47.931Z]                             install (RelWithDebInfo)
[2023-11-23T16:28:47.931Z] ================================================================================
[2023-11-23T16:28:47.931Z] Maya Python RelWithDebInfo Info:
[2023-11-23T16:28:47.931Z]   mayapy executable   = P:\shared\Artifactory\Windows\rundev-master\202311221838\runtime\0c83665\runTime\bin\mayapy.exe
[2023-11-23T16:28:47.931Z]   Include Folder      = P:\shared\Artifactory\Windows\rundev-master\202311221838\runtime\0c83665\runTime\include\Python311\Python
[2023-11-23T16:28:47.931Z]   Library             = P:\shared\Artifactory\Windows\rundev-master\202311221838\runtime\0c83665\runTime\lib\python311.lib
[2023-11-23T16:28:47.931Z]   site-package Folder = P:\shared\Artifactory\Windows\rundev-master\202311221838\runtime\0c83665\runTime\Python\Lib\site-packages
[2023-11-23T16:28:48.652Z] In workdir: S:\Jenkins\workspace\ECP\ecg-maya-hydra\ecg-maya-hydra-branch-preflight-python3-windows\ecg-maya-hydra\maya-hydra
[2023-11-23T16:28:48.652Z] Executing: 'P:\\shared\\Artifactory\\Windows\\rundev-master\\202311221838\\runtime\\0c83665\\runTime\\bin\\mayapy.exe' 'S:\\Jenkins\\workspace\\ECP\\ecg-maya-hydra\\ecg-maya-hydra-branch-preflight-python3-windows\\ecg-maya-hydra\\maya-hydra\\build.py' --generator Ninja --build-relwithdebug --maya-location 'P:\\shared\\Artifactory\\Windows\\rundev-master\\202311221838\\runtime\\0c83665\\runTime' --devkit-location 'P:\\shared\\Artifactory\\Windows\\rundev-master\\202311221838\\runtime\\0c83665\\devkitBase' --pxrusd-location 'P:\\shared\\Artifactory\\Windows\\USD\\6a9558d' '--build-args=-DCMAKE_MAKE_PROGRAM=P:/shared/Artifactory/Windows/ninja/1.10.2/ccacdf8/ninja.exe,-DPYTHON_INCLUDE_DIR=P:/shared/Artifactory/Windows/rundev-master/202311221838/runtime/0c83665/runTime/include/Python311/Python,-DPython_EXECUTABLE=P:/shared/Artifactory/Windows/rundev-master/202311221838/runtime/0c83665/runTime/bin/mayapy.exe,-DPYTHON_LIBRARIES=P:/shared/Artifactory/Windows/rundev-master/202311221838/runtime/0c83665/runTime/lib/python311.lib,-DBUILD_WITH_PYTHON_3_VERSION=3.11,-DCMAKE_WANT_MATERIALX_BUILD=ON,-DCMAKE_PREFIX_PATH=P:\\shared\\Artifactory\\Windows\\USD\\6a9558d,-DMAYAHYDRA_BUILD_NUMBER=414,-DMAYAHYDRA_GIT_COMMIT=a6160e671d724cbd23348caec6efe576ee214353,-DMAYAHYDRA_GIT_BRANCH=master' '--ctest-args=--parallel 16' --stages=install --redirect-outstream-file=False --install-location 'W:\\install\\RelWithDebInfo\\MayaHydra' 'W:\\'
[2023-11-23T16:28:48.652Z] Modified environment variables:
[2023-11-23T16:28:48.653Z]     PATH=P:\shared\Artifactory\Windows\cmake\3.20.3\afe857a\bin;C:\Python27\lib\site-packages\pywin32_system32;C:\Program Files\Microsoft Visual Studio\2022\Professional\VC\Tools\MSVC\14.33.31629\bin\HostX64\x64;C:\Program Files\Microsoft Visual Studio\2022\Professional\Common7\IDE\VC\VCPackages;C:\Program Files\Microsoft Visual Studio\2022\Professional\Common7\IDE\CommonExtensions\Microsoft\TestWindow;C:\Program Files\Microsoft Visual Studio\2022\Professional\Common7\IDE\CommonExtensions\Microsoft\TeamFoundation\Team Explorer;C:\Program Files\Microsoft Visual Studio\2022\Professional\MSBuild\Current\bin\Roslyn;C:\Program Files\Microsoft Visual Studio\2022\Professional\Team Tools\Performance Tools\x64;C:\Program Files\Microsoft Visual Studio\2022\Professional\Team Tools\Performance Tools;C:\Program Files (x86)\Microsoft Visual Studio\Shared\Common\VSPerfCollectionTools\vs2019\\x64;C:\Program Files (x86)\Microsoft Visual Studio\Shared\Common\VSPerfCollectionTools\vs2019\;C:\Program Files (x86)\Microsoft SDKs\Windows\v10.0A\bin\NETFX 4.8 Tools\x64\;C:\Program Files (x86)\HTML Help Workshop;C:\Program Files\Microsoft Visual Studio\2022\Professional\Common7\IDE\CommonExtensions\Microsoft\FSharp\Tools;C:\Program Files (x86)\Windows Kits\10\bin\10.0.19041.0\\x64;C:\Program Files (x86)\Windows Kits\10\bin\\x64;C:\Program Files\Microsoft Visual Studio\2022\Professional\\MSBuild\Current\Bin\amd64;C:\WINDOWS\Microsoft.NET\Framework64\v4.0.30319;C:\Program Files\Microsoft Visual Studio\2022\Professional\Common7\IDE\;C:\Program Files\Microsoft Visual Studio\2022\Professional\Common7\Tools\;C:\Python27\;C:\Python27\Scripts;C:\WINDOWS\system32;C:\WINDOWS;C:\WINDOWS\System32\Wbem;C:\WINDOWS\System32\WindowsPowerShell\v1.0\;C:\WINDOWS\System32\OpenSSH\;C:\ProgramData\chocolatey\bin;C:\Program Files (x86)\WiX Toolset v3.7\bin;C:\Program Files\dotnet\;C:\Program Files\Zulu\zulu-11\bin\;C:\Program Files (x86)\Windows Kits\10\bin\10.0.19041.0\x64;C:\Program Files (x86)\Windows Kits\10\bin\10.0.18362.0\x64;C:\Program Files (x86)\Windows Kits\10\bin\10.0.17763.0\x64;C:\Program Files (x86)\Windows Kits\10\bin\x64;C:\Strawberry\c\bin;C:\Strawberry\perl\site\bin;C:\Strawberry\perl\bin;C:\Program Files\Git\cmd;C:\Program Files\Git\usr\bin;C:\Program Files\Git\mingw64\bin;C:\Program Files\Git\bin;C:\Python38\;C:\Python38\Scripts;C:\StoreBoxClientWindows;C:\Program Files\Electric Cloud\ElectricCommander\bin;C:\Program Files\WinRAR;C:\Program Files\7-Zip;C:\Users\Administrator\AppData\Local\Microsoft\WindowsApps;C:\Users\Administrator\.dotnet\tools;C:\Program Files\Microsoft Visual Studio\2022\Professional\Common7\IDE\CommonExtensions\Microsoft\CMake\CMake\bin;C:\Program Files\Microsoft Visual Studio\2022\Professional\Common7\IDE\CommonExtensions\Microsoft\CMake\Ninja;C:\Program Files\Microsoft Visual Studio\2022\Professional\Common7\IDE\VC\Linux\bin\ConnectionManagerExe
[2023-11-23T16:28:49.818Z]     [0/1] Install the project...
[2023-11-23T16:28:49.818Z]     -- Install configuration: "RelWithDebInfo"
[2023-11-23T16:28:50.539Z]     
[2023-11-23T16:28:50.539Z]         Building with settings:
[2023-11-23T16:28:50.539Z]           Source directory          S:\Jenkins\workspace\ECP\ecg-maya-hydra\ecg-maya-hydra-branch-preflight-python3-windows\ecg-maya-hydra\maya-hydra
[2023-11-23T16:28:50.539Z]           Workspace directory       W:\
[2023-11-23T16:28:50.539Z]           Build directory           W:\build\RelWithDebInfo
[2023-11-23T16:28:50.539Z]           Install directory         W:\install\RelWithDebInfo\MayaHydra
[2023-11-23T16:28:50.539Z]           Variant                   RelWithDebInfo
[2023-11-23T16:28:50.539Z]           Python Debug              Off
[2023-11-23T16:28:50.539Z]           CMake generator           Ninja
[2023-11-23T16:28:50.539Z]           Build arguments           ['-DCMAKE_MAKE_PROGRAM=P:/shared/Artifactory/Windows/ninja/1.10.2/ccacdf8/ninja.exe', '-DPYTHON_INCLUDE_DIR=P:/shared/Artifactory/Windows/rundev-master/202311221838/runtime/0c83665/runTime/include/Python311/Python', '-DPython_EXECUTABLE=P:/shared/Artifactory/Windows/rundev-master/202311221838/runtime/0c83665/runTime/bin/mayapy.exe', '-DPYTHON_LIBRARIES=P:/shared/Artifactory/Windows/rundev-master/202311221838/runtime/0c83665/runTime/lib/python311.lib', '-DBUILD_WITH_PYTHON_3_VERSION=3.11', '-DCMAKE_WANT_MATERIALX_BUILD=ON', '-DCMAKE_PREFIX_PATH=P:\\shared\\Artifactory\\Windows\\USD\\6a9558d', '-DMAYAHYDRA_BUILD_NUMBER=414', '-DMAYAHYDRA_GIT_COMMIT=a6160e671d724cbd23348caec6efe576ee214353', '-DMAYAHYDRA_GIT_BRANCH=master']
[2023-11-23T16:28:50.539Z]           Stages arguments          ['install']
[2023-11-23T16:28:50.539Z]           CTest arguments           ['--parallel 16']
[2023-11-23T16:28:50.539Z]     Success MayaHydra build and install !!!!
[2023-11-23T16:28:50.539Z]     Elapsed time: 00:00:01
[Pipeline] bat
[2023-11-23T16:28:51.521Z] Deleting alias drive W:
[Pipeline] bat
[2023-11-23T16:28:52.118Z] Deleting alias drive P:
[Pipeline] }
[Pipeline] // withEnv
[Pipeline] }
[Pipeline] // timeout
[Pipeline] }
[Pipeline] // stage
[Pipeline] }
[Pipeline] // timestamps
[Pipeline] timestamps
[Pipeline] {
[Pipeline] stage
[Pipeline] { (Test)
[Pipeline] timeout
[2023-11-23T16:28:52.553Z] Timeout set to expire in 6 hr 0 min
[Pipeline] {
[Pipeline] withEnv
[Pipeline] {
[Pipeline] bat
[2023-11-23T16:28:53.162Z] Creating alias drive P: to S:\jenkins\workspace
[Pipeline] bat
[2023-11-23T16:28:53.795Z] Creating alias drive W: to S:\Jenkins\workspace\ECP\ecg-maya-hydra\ecg-maya-hydra-branch-preflight-python3-windows
[Pipeline] bat
[2023-11-23T16:28:54.605Z] "C:\Program Files\Microsoft Visual Studio\2022\Professional\VC\Auxiliary\Build\vcvarsall.bat" x64
[2023-11-23T16:28:54.942Z] **********************************************************************
[2023-11-23T16:28:54.942Z] ** Visual Studio 2022 Developer Command Prompt v17.3.2
[2023-11-23T16:28:54.942Z] ** Copyright (c) 2022 Microsoft Corporation
[2023-11-23T16:28:54.942Z] **********************************************************************
[2023-11-23T16:28:56.119Z] [vcvarsall.bat] Environment initialized for: 'x64'
[2023-11-23T16:28:56.119Z] python ecg-maya-hydra/build.py --stages=test --workspace-dir=W:\ --artifactory-dir=P:\shared\Artifactory --build-dir=W:\build --install-dir=W:\install --signing-dir=W:\signing --package-dir=W:\package --output-dir=W:\output --stash-dir=W:\stash --jenkins-build=414 --git-commit=a6160e671d724cbd23348caec6efe576ee214353 --git-branch=master --variants=RelWithDebInfo --interactive-tests=true --post-zips=false --osx-binary-architecture-target=ub2 --osx-deployment-target=11.0 --osx-base-sdk=CurrentActiveSDK --test-jobs=0 --failed-test-retry=3 --maya-cut-config=maya-rundev-master.yaml --maya-package=rundev-master --stage-banner --progressive-timeout
[2023-11-23T16:28:57.289Z] Using Maya cut from P:\shared\Artifactory\Windows\rundev-master\202311221838\runtime\0c83665
[2023-11-23T16:28:57.289Z] Using Maya ADSK Signatures from P:\shared\Artifactory\Windows\adsk-plugin-signatures-maya\2023\3ae1ae7
[2023-11-23T16:28:57.289Z] Using Maya Security Library from P:\shared\Artifactory\Windows\maya-security-library\3.4.0\284407f
[2023-11-23T16:28:57.289Z] 
[2023-11-23T16:28:57.289Z] ================================================================================
[2023-11-23T16:28:57.289Z]                              test (RelWithDebInfo)
[2023-11-23T16:28:57.289Z] ================================================================================
[2023-11-23T16:28:57.289Z] Maya Python RelWithDebInfo Info:
[2023-11-23T16:28:57.289Z]   mayapy executable   = P:\shared\Artifactory\Windows\rundev-master\202311221838\runtime\0c83665\runTime\bin\mayapy.exe
[2023-11-23T16:28:57.289Z]   Include Folder      = P:\shared\Artifactory\Windows\rundev-master\202311221838\runtime\0c83665\runTime\include\Python311\Python
[2023-11-23T16:28:57.289Z]   Library             = P:\shared\Artifactory\Windows\rundev-master\202311221838\runtime\0c83665\runTime\lib\python311.lib
[2023-11-23T16:28:57.289Z]   site-package Folder = P:\shared\Artifactory\Windows\rundev-master\202311221838\runtime\0c83665\runTime\Python\Lib\site-packages
[2023-11-23T16:28:58.009Z] In workdir: S:\Jenkins\workspace\ECP\ecg-maya-hydra\ecg-maya-hydra-branch-preflight-python3-windows\ecg-maya-hydra\maya-hydra
[2023-11-23T16:28:58.009Z] Executing: 'P:\\shared\\Artifactory\\Windows\\rundev-master\\202311221838\\runtime\\0c83665\\runTime\\bin\\mayapy.exe' 'S:\\Jenkins\\workspace\\ECP\\ecg-maya-hydra\\ecg-maya-hydra-branch-preflight-python3-windows\\ecg-maya-hydra\\maya-hydra\\build.py' --generator Ninja --build-relwithdebug --maya-location 'P:\\shared\\Artifactory\\Windows\\rundev-master\\202311221838\\runtime\\0c83665\\runTime' --devkit-location 'P:\\shared\\Artifactory\\Windows\\rundev-master\\202311221838\\runtime\\0c83665\\devkitBase' --pxrusd-location 'P:\\shared\\Artifactory\\Windows\\USD\\6a9558d' '--build-args=-DCMAKE_MAKE_PROGRAM=P:/shared/Artifactory/Windows/ninja/1.10.2/ccacdf8/ninja.exe,-DPYTHON_INCLUDE_DIR=P:/shared/Artifactory/Windows/rundev-master/202311221838/runtime/0c83665/runTime/include/Python311/Python,-DPython_EXECUTABLE=P:/shared/Artifactory/Windows/rundev-master/202311221838/runtime/0c83665/runTime/bin/mayapy.exe,-DPYTHON_LIBRARIES=P:/shared/Artifactory/Windows/rundev-master/202311221838/runtime/0c83665/runTime/lib/python311.lib,-DBUILD_WITH_PYTHON_3_VERSION=3.11,-DCMAKE_WANT_MATERIALX_BUILD=ON,-DCMAKE_PREFIX_PATH=P:\\shared\\Artifactory\\Windows\\USD\\6a9558d,-DMAYAHYDRA_BUILD_NUMBER=414,-DMAYAHYDRA_GIT_COMMIT=a6160e671d724cbd23348caec6efe576ee214353,-DMAYAHYDRA_GIT_BRANCH=master' '--ctest-args=--parallel 16' --stages=test --redirect-outstream-file=False --install-location 'W:\\install\\RelWithDebInfo\\MayaHydra' 'W:\\'
[2023-11-23T16:28:58.009Z] Modified environment variables:
[2023-11-23T16:28:58.009Z]     PATH=P:\shared\Artifactory\Windows\cmake\3.20.3\afe857a\bin;C:\Python27\lib\site-packages\pywin32_system32;C:\Program Files\Microsoft Visual Studio\2022\Professional\VC\Tools\MSVC\14.33.31629\bin\HostX64\x64;C:\Program Files\Microsoft Visual Studio\2022\Professional\Common7\IDE\VC\VCPackages;C:\Program Files\Microsoft Visual Studio\2022\Professional\Common7\IDE\CommonExtensions\Microsoft\TestWindow;C:\Program Files\Microsoft Visual Studio\2022\Professional\Common7\IDE\CommonExtensions\Microsoft\TeamFoundation\Team Explorer;C:\Program Files\Microsoft Visual Studio\2022\Professional\MSBuild\Current\bin\Roslyn;C:\Program Files\Microsoft Visual Studio\2022\Professional\Team Tools\Performance Tools\x64;C:\Program Files\Microsoft Visual Studio\2022\Professional\Team Tools\Performance Tools;C:\Program Files (x86)\Microsoft Visual Studio\Shared\Common\VSPerfCollectionTools\vs2019\\x64;C:\Program Files (x86)\Microsoft Visual Studio\Shared\Common\VSPerfCollectionTools\vs2019\;C:\Program Files (x86)\Microsoft SDKs\Windows\v10.0A\bin\NETFX 4.8 Tools\x64\;C:\Program Files (x86)\HTML Help Workshop;C:\Program Files\Microsoft Visual Studio\2022\Professional\Common7\IDE\CommonExtensions\Microsoft\FSharp\Tools;C:\Program Files (x86)\Windows Kits\10\bin\10.0.19041.0\\x64;C:\Program Files (x86)\Windows Kits\10\bin\\x64;C:\Program Files\Microsoft Visual Studio\2022\Professional\\MSBuild\Current\Bin\amd64;C:\WINDOWS\Microsoft.NET\Framework64\v4.0.30319;C:\Program Files\Microsoft Visual Studio\2022\Professional\Common7\IDE\;C:\Program Files\Microsoft Visual Studio\2022\Professional\Common7\Tools\;C:\Python27\;C:\Python27\Scripts;C:\WINDOWS\system32;C:\WINDOWS;C:\WINDOWS\System32\Wbem;C:\WINDOWS\System32\WindowsPowerShell\v1.0\;C:\WINDOWS\System32\OpenSSH\;C:\ProgramData\chocolatey\bin;C:\Program Files (x86)\WiX Toolset v3.7\bin;C:\Program Files\dotnet\;C:\Program Files\Zulu\zulu-11\bin\;C:\Program Files (x86)\Windows Kits\10\bin\10.0.19041.0\x64;C:\Program Files (x86)\Windows Kits\10\bin\10.0.18362.0\x64;C:\Program Files (x86)\Windows Kits\10\bin\10.0.17763.0\x64;C:\Program Files (x86)\Windows Kits\10\bin\x64;C:\Strawberry\c\bin;C:\Strawberry\perl\site\bin;C:\Strawberry\perl\bin;C:\Program Files\Git\cmd;C:\Program Files\Git\usr\bin;C:\Program Files\Git\mingw64\bin;C:\Program Files\Git\bin;C:\Python38\;C:\Python38\Scripts;C:\StoreBoxClientWindows;C:\Program Files\Electric Cloud\ElectricCommander\bin;C:\Program Files\WinRAR;C:\Program Files\7-Zip;C:\Users\Administrator\AppData\Local\Microsoft\WindowsApps;C:\Users\Administrator\.dotnet\tools;C:\Program Files\Microsoft Visual Studio\2022\Professional\Common7\IDE\CommonExtensions\Microsoft\CMake\CMake\bin;C:\Program Files\Microsoft Visual Studio\2022\Professional\Common7\IDE\CommonExtensions\Microsoft\CMake\Ninja;C:\Program Files\Microsoft Visual Studio\2022\Professional\Common7\IDE\VC\Linux\bin\ConnectionManagerExe
[2023-11-23T16:28:59.185Z]     Test project W:/build/RelWithDebInfo
[2023-11-23T16:28:59.185Z]           Start  1: _Interactive_Maya
[2023-11-23T16:28:59.185Z]      1/21 Test  #1: _Interactive_Maya ...........................***Not Run (Disabled)   0.00 sec
[2023-11-23T16:28:59.185Z]           Start  2: testImageDiffing
[2023-11-23T16:28:59.185Z]           Start  3: testMtohCommand
[2023-11-23T16:28:59.185Z]           Start  4: testMeshes
[2023-11-23T16:28:59.185Z]           Start  5: testNamespaces
[2023-11-23T16:28:59.185Z]           Start  6: testVisibility
[2023-11-23T16:28:59.185Z]           Start  7: testRendererSwitching
[2023-11-23T16:28:59.185Z]           Start  8: testSceneBrowser
[2023-11-23T16:28:59.185Z]           Start  9: testStageAddPrim
[2023-11-23T16:28:59.185Z]           Start 10: testNewSceneWithStage
[2023-11-23T16:28:59.185Z]           Start 11: testDirectionalLights
[2023-11-23T16:28:59.185Z]           Start 12: testColorPreferences
[2023-11-23T16:28:59.520Z]           Start 13: testCppFramework
[2023-11-23T16:28:59.520Z]           Start 14: testMayaSceneFlattening
[2023-11-23T16:28:59.520Z]           Start 15: testMayaUsdUfeItems
[2023-11-23T16:28:59.520Z]           Start 16: testMergingSceneIndex
[2023-11-23T16:28:59.520Z]           Start 17: testSelectionSceneIndex
[2023-11-23T16:29:22.702Z]      2/21 Test  #5: testNamespaces ..............................   Passed   23.42 sec
[2023-11-23T16:29:22.702Z]           Start 18: testWireframeSelectionHighlightSceneIndex
[2023-11-23T16:29:23.423Z]      3/21 Test  #4: testMeshes ..................................   Passed   24.15 sec
[2023-11-23T16:29:23.423Z]           Start 19: testFlowViewportAPIViewportInformation
[2023-11-23T16:29:23.778Z]      4/21 Test  #3: testMtohCommand .............................   Passed   24.77 sec
[2023-11-23T16:29:23.778Z]           Start 20: testUsdStageLayerMuting
[2023-11-23T16:29:24.139Z]      5/21 Test #10: testNewSceneWithStage .......................   Passed   24.75 sec
[2023-11-23T16:29:24.139Z]           Start 21: testMeshes_meshAdapter
[2023-11-23T16:29:26.435Z]      6/21 Test  #8: testSceneBrowser ............................   Passed   26.90 sec
[2023-11-23T16:29:26.435Z]      7/21 Test  #2: testImageDiffing ............................   Passed   27.10 sec
[2023-11-23T16:29:30.287Z]      8/21 Test  #7: testRendererSwitching .......................   Passed   30.52 sec
[2023-11-23T16:29:30.287Z]      9/21 Test  #6: testVisibility ..............................   Passed   30.69 sec
[2023-11-23T16:29:30.287Z]     10/21 Test #16: testMergingSceneIndex .......................   Passed   30.76 sec
[2023-11-23T16:29:30.623Z]     11/21 Test #11: testDirectionalLights .......................   Passed   31.23 sec
[2023-11-23T16:29:30.623Z]     12/21 Test #12: testColorPreferences ........................   Passed   31.35 sec
[2023-11-23T16:29:30.970Z]     13/21 Test  #9: testStageAddPrim ............................   Passed   31.59 sec
[2023-11-23T16:29:30.970Z]     14/21 Test #17: testSelectionSceneIndex .....................   Passed   31.35 sec
[2023-11-23T16:29:30.970Z]     15/21 Test #14: testMayaSceneFlattening .....................   Passed   31.59 sec
[2023-11-23T16:29:31.427Z]     16/21 Test #13: testCppFramework ............................   Passed   31.79 sec
[2023-11-23T16:29:31.427Z]     17/21 Test #15: testMayaUsdUfeItems .........................   Passed   31.77 sec
[2023-11-23T16:29:38.763Z]     18/21 Test #18: testWireframeSelectionHighlightSceneIndex ...   Passed   15.68 sec
[2023-11-23T16:29:39.492Z]     19/21 Test #20: testUsdStageLayerMuting .....................   Passed   15.40 sec
[2023-11-23T16:29:39.492Z]     20/21 Test #19: testFlowViewportAPIViewportInformation ......   Passed   16.34 sec
[2023-11-23T16:29:40.259Z]     21/21 Test #21: testMeshes_meshAdapter ......................   Passed   16.14 sec
[2023-11-23T16:29:40.259Z]     
[2023-11-23T16:29:40.259Z]     100% tests passed, 0 tests failed out of 20
[2023-11-23T16:29:40.259Z]     
[2023-11-23T16:29:40.259Z]     Label Time Summary:
[2023-11-23T16:29:40.259Z]     Debugging      =   0.00 sec*proc (1 test)
[2023-11-23T16:29:40.259Z]     interactive    = 527.31 sec*proc (20 tests)
[2023-11-23T16:29:40.259Z]     mayaHydra      = 527.31 sec*proc (20 tests)
[2023-11-23T16:29:40.259Z]     
[2023-11-23T16:29:40.259Z]     Total Test time (real) =  41.21 sec
[2023-11-23T16:29:40.259Z]     
[2023-11-23T16:29:40.259Z]     The following tests did not run:
[2023-11-23T16:29:40.259Z]     	  1 - _Interactive_Maya (Disabled)
[2023-11-23T16:29:40.259Z]     
[2023-11-23T16:29:40.259Z]         Building with settings:
[2023-11-23T16:29:40.259Z]           Source directory          S:\Jenkins\workspace\ECP\ecg-maya-hydra\ecg-maya-hydra-branch-preflight-python3-windows\ecg-maya-hydra\maya-hydra
[2023-11-23T16:29:40.259Z]           Workspace directory       W:\
[2023-11-23T16:29:40.259Z]           Build directory           W:\build\RelWithDebInfo
[2023-11-23T16:29:40.259Z]           Install directory         W:\install\RelWithDebInfo\MayaHydra
[2023-11-23T16:29:40.259Z]           Variant                   RelWithDebInfo
[2023-11-23T16:29:40.259Z]           Python Debug              Off
[2023-11-23T16:29:40.259Z]           CMake generator           Ninja
[2023-11-23T16:29:40.259Z]           Build arguments           ['-DCMAKE_MAKE_PROGRAM=P:/shared/Artifactory/Windows/ninja/1.10.2/ccacdf8/ninja.exe', '-DPYTHON_INCLUDE_DIR=P:/shared/Artifactory/Windows/rundev-master/202311221838/runtime/0c83665/runTime/include/Python311/Python', '-DPython_EXECUTABLE=P:/shared/Artifactory/Windows/rundev-master/202311221838/runtime/0c83665/runTime/bin/mayapy.exe', '-DPYTHON_LIBRARIES=P:/shared/Artifactory/Windows/rundev-master/202311221838/runtime/0c83665/runTime/lib/python311.lib', '-DBUILD_WITH_PYTHON_3_VERSION=3.11', '-DCMAKE_WANT_MATERIALX_BUILD=ON', '-DCMAKE_PREFIX_PATH=P:\\shared\\Artifactory\\Windows\\USD\\6a9558d', '-DMAYAHYDRA_BUILD_NUMBER=414', '-DMAYAHYDRA_GIT_COMMIT=a6160e671d724cbd23348caec6efe576ee214353', '-DMAYAHYDRA_GIT_BRANCH=master']
[2023-11-23T16:29:40.259Z]           Stages arguments          ['test']
[2023-11-23T16:29:40.259Z]           CTest arguments           ['--parallel 16']
[2023-11-23T16:29:40.259Z]     Success running MayaHydra tests !!!!
[Pipeline] bat
[2023-11-23T16:29:40.972Z] Deleting alias drive W:
[Pipeline] bat
[2023-11-23T16:29:41.592Z] Deleting alias drive P:
[Pipeline] }
[Pipeline] // withEnv
[Pipeline] }
[Pipeline] // timeout
[Pipeline] }
[Pipeline] // stage
[Pipeline] }
[Pipeline] // timestamps
[Pipeline] timestamps
[Pipeline] {
[Pipeline] stage
[Pipeline] { (Cleanup)
[Pipeline] timeout
[2023-11-23T16:29:42.227Z] Timeout set to expire in 6 hr 0 min
[Pipeline] {
[Pipeline] withEnv
[Pipeline] {
[Pipeline] bat
[2023-11-23T16:29:42.998Z] Creating alias drive P: to S:\jenkins\workspace
[Pipeline] bat
[2023-11-23T16:29:43.627Z] Creating alias drive W: to S:\Jenkins\workspace\ECP\ecg-maya-hydra\ecg-maya-hydra-branch-preflight-python3-windows
[Pipeline] bat
[2023-11-23T16:29:44.536Z] "C:\Program Files\Microsoft Visual Studio\2022\Professional\VC\Auxiliary\Build\vcvarsall.bat" x64
[2023-11-23T16:29:44.536Z] **********************************************************************
[2023-11-23T16:29:44.536Z] ** Visual Studio 2022 Developer Command Prompt v17.3.2
[2023-11-23T16:29:44.536Z] ** Copyright (c) 2022 Microsoft Corporation
[2023-11-23T16:29:44.536Z] **********************************************************************
[2023-11-23T16:29:46.251Z] [vcvarsall.bat] Environment initialized for: 'x64'
[2023-11-23T16:29:46.251Z] python ecg-maya-hydra/build.py --stages=cleanup --workspace-dir=W:\ --artifactory-dir=P:\shared\Artifactory --build-dir=W:\build --install-dir=W:\install --signing-dir=W:\signing --package-dir=W:\package --output-dir=W:\output --stash-dir=W:\stash --jenkins-build=414 --git-commit=a6160e671d724cbd23348caec6efe576ee214353 --git-branch=master --variants=Debug --interactive-tests=true --post-zips=false --osx-binary-architecture-target=ub2 --osx-deployment-target=11.0 --osx-base-sdk=CurrentActiveSDK --maya-cut-config=maya-rundev-master-debug.yaml --maya-package=rundev-master-debug --stage-banner
[2023-11-23T16:29:46.972Z] Using Maya cut from P:\shared\Artifactory\Windows\rundev-master-debug\202311220725\runtime\a121a89
[2023-11-23T16:29:46.972Z] Using Maya ADSK Signatures from P:\shared\Artifactory\Windows\adsk-plugin-signatures-maya\2023\3ae1ae7
[2023-11-23T16:29:46.972Z] Using Maya Security Library from P:\shared\Artifactory\Windows\maya-security-library\3.4.0\284407f
[2023-11-23T16:29:46.972Z] 
[2023-11-23T16:29:46.972Z] ================================================================================
[2023-11-23T16:29:46.972Z]                                cleanup (Finalize)
[2023-11-23T16:29:46.972Z] ================================================================================
[2023-11-23T16:29:46.972Z] Cleaning up workspace
[2023-11-23T16:29:46.972Z] Removing directory: W:\build
[2023-11-23T16:29:48.655Z] Removing directory: W:\install
[Pipeline] bat
[2023-11-23T16:29:49.251Z] Deleting alias drive W:
[Pipeline] bat
[2023-11-23T16:29:49.862Z] Deleting alias drive P:
[Pipeline] bat
[2023-11-23T16:29:50.659Z] Creating alias drive P: to S:\jenkins\workspace
[Pipeline] bat
[2023-11-23T16:29:51.381Z] Creating alias drive W: to S:\Jenkins\workspace\ECP\ecg-maya-hydra\ecg-maya-hydra-branch-preflight-python3-windows
[Pipeline] bat
[2023-11-23T16:29:52.360Z] "C:\Program Files\Microsoft Visual Studio\2022\Professional\VC\Auxiliary\Build\vcvarsall.bat" x64
[2023-11-23T16:29:52.360Z] **********************************************************************
[2023-11-23T16:29:52.360Z] ** Visual Studio 2022 Developer Command Prompt v17.3.2
[2023-11-23T16:29:52.360Z] ** Copyright (c) 2022 Microsoft Corporation
[2023-11-23T16:29:52.360Z] **********************************************************************
[2023-11-23T16:29:54.067Z] [vcvarsall.bat] Environment initialized for: 'x64'
[2023-11-23T16:29:54.068Z] python ecg-maya-hydra/build.py --stages=cleanup --workspace-dir=W:\ --artifactory-dir=P:\shared\Artifactory --build-dir=W:\build --install-dir=W:\install --signing-dir=W:\signing --package-dir=W:\package --output-dir=W:\output --stash-dir=W:\stash --jenkins-build=414 --git-commit=a6160e671d724cbd23348caec6efe576ee214353 --git-branch=master --variants=RelWithDebInfo --interactive-tests=true --post-zips=false --osx-binary-architecture-target=ub2 --osx-deployment-target=11.0 --osx-base-sdk=CurrentActiveSDK --maya-cut-config=maya-rundev-master.yaml --maya-package=rundev-master --stage-banner
[2023-11-23T16:29:55.270Z] Using Maya cut from P:\shared\Artifactory\Windows\rundev-master\202311221838\runtime\0c83665
[2023-11-23T16:29:55.270Z] Using Maya ADSK Signatures from P:\shared\Artifactory\Windows\adsk-plugin-signatures-maya\2023\3ae1ae7
[2023-11-23T16:29:55.270Z] Using Maya Security Library from P:\shared\Artifactory\Windows\maya-security-library\3.4.0\284407f
[2023-11-23T16:29:55.270Z] 
[2023-11-23T16:29:55.270Z] ================================================================================
[2023-11-23T16:29:55.270Z]                                cleanup (Finalize)
[2023-11-23T16:29:55.270Z] ================================================================================
[2023-11-23T16:29:55.270Z] Cleaning up workspace
[Pipeline] bat
[2023-11-23T16:29:55.887Z] Deleting alias drive W:
[Pipeline] bat
[2023-11-23T16:29:56.503Z] Deleting alias drive P:
[Pipeline] }
[Pipeline] // withEnv
[Pipeline] }
[Pipeline] // timeout
[Pipeline] }
[Pipeline] // stage
[Pipeline] }
[Pipeline] // timestamps
[Pipeline] }
[Pipeline] // node
[Pipeline] End of Pipeline
[Checks API] No suitable checks publisher found.
Finished: SUCCESS
