[2023-11-23T16:40:00.792Z] ================================================================================
[2023-11-23T16:40:00.792Z]                                  setup (Debug)
[2023-11-23T16:40:00.792Z] ================================================================================
[Pipeline] bat
[2023-11-23T16:40:01.383Z] Deleting alias drive W:
[Pipeline] bat
[2023-11-23T16:40:01.980Z] Deleting alias drive P:
[Pipeline] bat
[2023-11-23T16:40:02.599Z] Creating alias drive P: to S:\jenkins\workspace
[Pipeline] bat
[2023-11-23T16:40:03.200Z] Creating alias drive W: to S:\Jenkins\workspace\ECP\ecg-maya-hydra\ecg-maya-hydra-branch-preflight-python3-windows
[Pipeline] bat
[2023-11-23T16:40:03.996Z] "C:\Program Files\Microsoft Visual Studio\2022\Professional\VC\Auxiliary\Build\vcvarsall.bat" x64
[2023-11-23T16:40:04.332Z] **********************************************************************
[2023-11-23T16:40:04.332Z] ** Visual Studio 2022 Developer Command Prompt v17.3.2
[2023-11-23T16:40:04.332Z] ** Copyright (c) 2022 Microsoft Corporation
[2023-11-23T16:40:04.332Z] **********************************************************************
[2023-11-23T16:40:05.497Z] [vcvarsall.bat] Environment initialized for: 'x64'
[2023-11-23T16:40:05.497Z] python ecg-maya-hydra/build.py --stages=setup --workspace-dir=W:\ --artifactory-dir=P:\shared\Artifactory --build-dir=W:\build --install-dir=W:\install --signing-dir=W:\signing --package-dir=W:\package --output-dir=W:\output --stash-dir=W:\stash --jenkins-build=415 --git-commit=80e98c2c5a49cd0b6d7d4b6b3462972d9bcefbfa --git-branch=master --variants=RelWithDebInfo --interactive-tests=true --post-zips=false --osx-binary-architecture-target=ub2 --osx-deployment-target=11.0 --osx-base-sdk=CurrentActiveSDK --extra-license-file=ecg-maya-hydra/jenkins-o03-cot/melicense.lic --prune-versions=3 --prune-revisions=3 --maya-cut-config=maya-rundev-master.yaml --maya-package=rundev-master --stage-banner --prune-artifacts --force-pruning
[2023-11-23T16:40:06.715Z] Getting rundev-master download URL from Maya SHA-1 hash
[2023-11-23T16:40:06.715Z] Finding Artifactory servers response times
[2023-11-23T16:40:08.999Z] [VERBOSE] Start loading URL (CURL): https://art-bobcat.autodesk.com/artifactory/api/system/ping
[2023-11-23T16:40:08.999Z] [DEBUG] Running: C:\WINDOWS\system32\curl.exe -s -X GET --keepalive-time 10 --connect-timeout 60 --speed-limit 10000 --speed-time 120 --max-time 1800 --retry 5 --retry-max-time 2400 -H Connection:close https://art-bobcat.autodesk.com/artifactory/api/system/ping
[2023-11-23T16:40:08.999Z] [DEBUG] Output:
[2023-11-23T16:40:08.999Z] OK
[2023-11-23T16:40:08.999Z] [VERBOSE] End loading URL (CURL): https://art-bobcat.autodesk.com/artifactory/api/system/ping
[2023-11-23T16:40:08.999Z] [VERBOSE] Start loading URL (CURL): https://art-marmotte.autodesk.com/artifactory/api/system/ping
[2023-11-23T16:40:08.999Z] [DEBUG] Running: C:\WINDOWS\system32\curl.exe -s -X GET --keepalive-time 10 --connect-timeout 60 --speed-limit 10000 --speed-time 120 --max-time 1800 --retry 5 --retry-max-time 2400 -H Connection:close https://art-marmotte.autodesk.com/artifactory/api/system/ping
[2023-11-23T16:40:08.999Z] [DEBUG] Output:
[2023-11-23T16:40:08.999Z] OK
[2023-11-23T16:40:08.999Z] [VERBOSE] End loading URL (CURL): https://art-marmotte.autodesk.com/artifactory/api/system/ping
[2023-11-23T16:40:09.334Z] [VERBOSE] Start loading URL (CURL): https://art-bear.autodesk.com/artifactory/api/system/ping
[2023-11-23T16:40:09.334Z] [DEBUG] Running: C:\WINDOWS\system32\curl.exe -s -X GET --keepalive-time 10 --connect-timeout 60 --speed-limit 10000 --speed-time 120 --max-time 1800 --retry 5 --retry-max-time 2400 -H Connection:close https://art-bear.autodesk.com/artifactory/api/system/ping
[2023-11-23T16:40:09.334Z] [DEBUG] Output:
[2023-11-23T16:40:09.334Z] OK
[2023-11-23T16:40:09.334Z] [VERBOSE] End loading URL (CURL): https://art-bear.autodesk.com/artifactory/api/system/ping
[2023-11-23T16:40:09.334Z] [VERBOSE] Start loading URL (CURL): https://art-bobcat.autodesk.com/artifactory/api/search/checksum?repos=autodesk-3p-generic,adsk-build-tools-generic,team-ecg-generic,team-maya-generic,oss-stg-generic&sha1=0c83665f9aa96e5584b6576e3516d5a56b18ffe0
[2023-11-23T16:40:09.334Z] [DEBUG] Running: C:\WINDOWS\system32\curl.exe -s -X GET --keepalive-time 10 --connect-timeout 60 --speed-limit 10000 --speed-time 120 --max-time 1800 --retry 5 --retry-max-time 2400 -H Connection:close -H Authorization:Basic ZWNnYmlmcm9zdDpvcGUqKjAw https://art-bobcat.autodesk.com/artifactory/api/search/checksum?repos=autodesk-3p-generic,adsk-build-tools-generic,team-ecg-generic,team-maya-generic,oss-stg-generic&sha1=0c83665f9aa96e5584b6576e3516d5a56b18ffe0
[2023-11-23T16:40:09.334Z] [DEBUG] Output:
[2023-11-23T16:40:09.334Z] {
[2023-11-23T16:40:09.334Z]   "results" : [ {
[2023-11-23T16:40:09.334Z]     "uri" : "https://art-bobcat.autodesk.com:443/artifactory/api/storage/team-maya-generic/Maya/master/px64/2023-11-22-18-38_cd9ddcb480/202311221838-cd9ddcb480-RUNDEV.zip"
[2023-11-23T16:40:09.334Z]   } ]
[2023-11-23T16:40:09.334Z] }
[2023-11-23T16:40:09.334Z] [VERBOSE] End loading URL (CURL): https://art-bobcat.autodesk.com/artifactory/api/search/checksum?repos=autodesk-3p-generic,adsk-build-tools-generic,team-ecg-generic,team-maya-generic,oss-stg-generic&sha1=0c83665f9aa96e5584b6576e3516d5a56b18ffe0
[2023-11-23T16:40:09.334Z] [VERBOSE] Start loading URL (CURL): https://art-bobcat.autodesk.com:443/artifactory/api/storage/team-maya-generic/Maya/master/px64/2023-11-22-18-38_cd9ddcb480/202311221838-cd9ddcb480-RUNDEV.zip
[2023-11-23T16:40:09.334Z] [DEBUG] Running: C:\WINDOWS\system32\curl.exe -s -X GET --keepalive-time 10 --connect-timeout 60 --speed-limit 10000 --speed-time 120 --max-time 1800 --retry 5 --retry-max-time 2400 -H Connection:close -H Authorization:Basic ZWNnYmlmcm9zdDpvcGUqKjAw https://art-bobcat.autodesk.com:443/artifactory/api/storage/team-maya-generic/Maya/master/px64/2023-11-22-18-38_cd9ddcb480/202311221838-cd9ddcb480-RUNDEV.zip
[2023-11-23T16:40:09.334Z] [DEBUG] Output:
[2023-11-23T16:40:09.334Z] {
[2023-11-23T16:40:09.334Z]   "repo" : "team-maya-generic",
[2023-11-23T16:40:09.334Z]   "path" : "/Maya/master/px64/2023-11-22-18-38_cd9ddcb480/202311221838-cd9ddcb480-RUNDEV.zip",
[2023-11-23T16:40:09.334Z]   "created" : "2023-11-22T20:47:41.373-08:00",
[2023-11-23T16:40:09.334Z]   "createdBy" : "svc_p_mescm",
[2023-11-23T16:40:09.334Z]   "lastModified" : "2023-11-22T20:40:47.916-08:00",
[2023-11-23T16:40:09.334Z]   "modifiedBy" : "svc_p_mescm",
[2023-11-23T16:40:09.334Z]   "lastUpdated" : "2023-11-22T20:47:41.375-08:00",
[2023-11-23T16:40:09.334Z]   "downloadUri" : "https://art-bobcat.autodesk.com:443/artifactory/team-maya-generic/Maya/master/px64/2023-11-22-18-38_cd9ddcb480/202311221838-cd9ddcb480-RUNDEV.zip",
[2023-11-23T16:40:09.334Z]   "mimeType" : "application/zip",
[2023-11-23T16:40:09.334Z]   "size" : "2540702671",
[2023-11-23T16:40:09.334Z]   "checksums" : {
[2023-11-23T16:40:09.334Z]     "sha1" : "0c83665f9aa96e5584b6576e3516d5a56b18ffe0",
[2023-11-23T16:40:09.334Z]     "md5" : "a04f00b560fa00946634c42b8a41c52c",
[2023-11-23T16:40:09.334Z]     "sha256" : "faf146f5dbae49d95de329b4baf9a016f176cc26e0d39650941793105dd0f415"
[2023-11-23T16:40:09.334Z]   },
[2023-11-23T16:40:09.334Z]   "originalChecksums" : {
[2023-11-23T16:40:09.334Z]     "sha1" : "0c83665f9aa96e5584b6576e3516d5a56b18ffe0",
[2023-11-23T16:40:09.334Z]     "md5" : "a04f00b560fa00946634c42b8a41c52c",
[2023-11-23T16:40:09.334Z]     "sha256" : "faf146f5dbae49d95de329b4baf9a016f176cc26e0d39650941793105dd0f415"
[2023-11-23T16:40:09.334Z]   },
[2023-11-23T16:40:09.334Z]   "uri" : "https://art-bobcat.autodesk.com:443/artifactory/api/storage/team-maya-generic/Maya/master/px64/2023-11-22-18-38_cd9ddcb480/202311221838-cd9ddcb480-RUNDEV.zip"
[2023-11-23T16:40:09.334Z] }
[2023-11-23T16:40:09.334Z] [VERBOSE] End loading URL (CURL): https://art-bobcat.autodesk.com:443/artifactory/api/storage/team-maya-generic/Maya/master/px64/2023-11-22-18-38_cd9ddcb480/202311221838-cd9ddcb480-RUNDEV.zip
[2023-11-23T16:40:09.334Z] Using Maya cut from P:\shared\Artifactory\Windows\rundev-master\202311221838\runtime\0c83665
[2023-11-23T16:40:09.334Z] Using Maya ADSK Signatures from P:\shared\Artifactory\Windows\adsk-plugin-signatures-maya\2023\3ae1ae7
[2023-11-23T16:40:09.334Z] Using Maya Security Library from P:\shared\Artifactory\Windows\maya-security-library\3.4.0\284407f
[2023-11-23T16:40:09.670Z] 
[2023-11-23T16:40:09.670Z] ================================================================================
[2023-11-23T16:40:09.670Z]                              setup (RelWithDebInfo)
[2023-11-23T16:40:09.670Z] ================================================================================
[Pipeline] bat
[2023-11-23T16:40:10.268Z] Deleting alias drive W:
[Pipeline] bat
[2023-11-23T16:40:10.864Z] Deleting alias drive P:
[Pipeline] }
[Pipeline] // withEnv
[Pipeline] }
[Pipeline] // timeout
[Pipeline] }
[Pipeline] // stage
[Pipeline] }
[Pipeline] // timestamps
[Pipeline] timestamps
[Pipeline] {
[Pipeline] stage
[Pipeline] { (Clean)
[Pipeline] timeout
[2023-11-23T16:40:11.090Z] Timeout set to expire in 6 hr 0 min
[Pipeline] {
[Pipeline] withEnv
[Pipeline] {
[Pipeline] bat
[2023-11-23T16:40:11.702Z] Creating alias drive P: to S:\jenkins\workspace
[Pipeline] bat
[2023-11-23T16:40:12.311Z] Creating alias drive W: to S:\Jenkins\workspace\ECP\ecg-maya-hydra\ecg-maya-hydra-branch-preflight-python3-windows
[Pipeline] bat
[2023-11-23T16:40:13.105Z] "C:\Program Files\Microsoft Visual Studio\2022\Professional\VC\Auxiliary\Build\vcvarsall.bat" x64
[2023-11-23T16:40:13.105Z] **********************************************************************
[2023-11-23T16:40:13.105Z] ** Visual Studio 2022 Developer Command Prompt v17.3.2
[2023-11-23T16:40:13.105Z] ** Copyright (c) 2022 Microsoft Corporation
[2023-11-23T16:40:13.105Z] **********************************************************************
[2023-11-23T16:40:14.789Z] [vcvarsall.bat] Environment initialized for: 'x64'
[2023-11-23T16:40:14.789Z] python ecg-maya-hydra/build.py --stages=clean --workspace-dir=W:\ --artifactory-dir=P:\shared\Artifactory --build-dir=W:\build --install-dir=W:\install --signing-dir=W:\signing --package-dir=W:\package --output-dir=W:\output --stash-dir=W:\stash --jenkins-build=415 --git-commit=80e98c2c5a49cd0b6d7d4b6b3462972d9bcefbfa --git-branch=master --variants=Debug --interactive-tests=true --post-zips=false --osx-binary-architecture-target=ub2 --osx-deployment-target=11.0 --osx-base-sdk=CurrentActiveSDK --maya-cut-config=maya-rundev-master-debug.yaml --maya-package=rundev-master-debug --stage-banner
[2023-11-23T16:40:15.957Z] Using Maya cut from P:\shared\Artifactory\Windows\rundev-master-debug\202311220725\runtime\a121a89
[2023-11-23T16:40:15.957Z] Using Maya ADSK Signatures from P:\shared\Artifactory\Windows\adsk-plugin-signatures-maya\2023\3ae1ae7
[2023-11-23T16:40:15.957Z] Using Maya Security Library from P:\shared\Artifactory\Windows\maya-security-library\3.4.0\284407f
[2023-11-23T16:40:15.957Z] 
[2023-11-23T16:40:15.957Z] ================================================================================
[2023-11-23T16:40:15.957Z]                                  clean (Debug)
[2023-11-23T16:40:15.957Z] ================================================================================
[2023-11-23T16:40:15.957Z] Maya Python Debug Info:
[2023-11-23T16:40:15.957Z]   mayapy executable   = P:\shared\Artifactory\Windows\rundev-master-debug\202311220725\runtime\a121a89\runTime\bin\mayapy.exe
[2023-11-23T16:40:15.957Z]   Include Folder      = P:\shared\Artifactory\Windows\rundev-master-debug\202311220725\runtime\a121a89\runTime\include\Python311\Python
[2023-11-23T16:40:15.957Z]   Library             = P:\shared\Artifactory\Windows\rundev-master-debug\202311220725\runtime\a121a89\runTime\lib\python311_d.lib
[2023-11-23T16:40:15.957Z]   site-package Folder = P:\shared\Artifactory\Windows\rundev-master-debug\202311220725\runtime\a121a89\runTime\Python\Lib\site-packages
[2023-11-23T16:40:18.250Z] 
[2023-11-23T16:40:18.250Z]             WARNING: The 'psutil' python package isn't installed. Thus, Peptide
[2023-11-23T16:40:18.250Z]             won't be able to determine the amount of RAM available. It will assume
[2023-11-23T16:40:18.250Z]             that your machine has only 16GB available, and will limit the number
[2023-11-23T16:40:18.250Z]             the number of link jobs being performed in parallel. This can
[2023-11-23T16:40:18.250Z]             negatively affect your build times.
[2023-11-23T16:40:18.250Z] 
[2023-11-23T16:40:18.250Z]             Please 'pip(3) install psutil' to resolve this.
[2023-11-23T16:40:18.250Z]             
[2023-11-23T16:40:18.250Z] In workdir: S:\Jenkins\workspace\ECP\ecg-maya-hydra\ecg-maya-hydra-branch-preflight-python3-windows\ecg-maya-hydra\maya-hydra
[2023-11-23T16:40:18.250Z] Executing: 'P:\\shared\\Artifactory\\Windows\\rundev-master-debug\\202311220725\\runtime\\a121a89\\runTime\\bin\\mayapy.exe' 'S:\\Jenkins\\workspace\\ECP\\ecg-maya-hydra\\ecg-maya-hydra-branch-preflight-python3-windows\\ecg-maya-hydra\\maya-hydra\\build.py' --generator Ninja --build-debug --maya-location 'P:\\shared\\Artifactory\\Windows\\rundev-master-debug\\202311220725\\runtime\\a121a89\\runTime' --devkit-location 'P:\\shared\\Artifactory\\Windows\\rundev-master-debug\\202311220725\\runtime\\a121a89\\devkitBase' --pxrusd-location 'P:\\shared\\Artifactory\\Windows\\USD\\01f407c' '--build-args=-DCMAKE_MAKE_PROGRAM=P:/shared/Artifactory/Windows/ninja/1.10.2/ccacdf8/ninja.exe,-DPYTHON_INCLUDE_DIR=P:/shared/Artifactory/Windows/rundev-master-debug/202311220725/runtime/a121a89/runTime/include/Python311/Python,-DPython_EXECUTABLE=P:/shared/Artifactory/Windows/rundev-master-debug/202311220725/runtime/a121a89/runTime/bin/mayapy.exe,-DPYTHON_LIBRARIES=P:/shared/Artifactory/Windows/rundev-master-debug/202311220725/runtime/a121a89/runTime/lib/python311_d.lib,-DBUILD_WITH_PYTHON_3_VERSION=3.11,-DCMAKE_WANT_MATERIALX_BUILD=ON,-DCMAKE_PREFIX_PATH=P:\\shared\\Artifactory\\Windows\\USD\\01f407c,-DMAYAHYDRA_BUILD_NUMBER=415,-DMAYAHYDRA_GIT_COMMIT=80e98c2c5a49cd0b6d7d4b6b3462972d9bcefbfa,-DMAYAHYDRA_GIT_BRANCH=master' --debug-python '--ctest-args=--parallel 16' --stages=clean --redirect-outstream-file=False --install-location 'W:\\install\\Debug\\MayaHydra' 'W:\\'
[2023-11-23T16:40:18.250Z] Modified environment variables:
[2023-11-23T16:40:18.250Z]     PATH=P:\shared\Artifactory\Windows\cmake\3.20.3\afe857a\bin;C:\Python27\lib\site-packages\pywin32_system32;C:\Program Files\Microsoft Visual Studio\2022\Professional\VC\Tools\MSVC\14.33.31629\bin\HostX64\x64;C:\Program Files\Microsoft Visual Studio\2022\Professional\Common7\IDE\VC\VCPackages;C:\Program Files\Microsoft Visual Studio\2022\Professional\Common7\IDE\CommonExtensions\Microsoft\TestWindow;C:\Program Files\Microsoft Visual Studio\2022\Professional\Common7\IDE\CommonExtensions\Microsoft\TeamFoundation\Team Explorer;C:\Program Files\Microsoft Visual Studio\2022\Professional\MSBuild\Current\bin\Roslyn;C:\Program Files\Microsoft Visual Studio\2022\Professional\Team Tools\Performance Tools\x64;C:\Program Files\Microsoft Visual Studio\2022\Professional\Team Tools\Performance Tools;C:\Program Files (x86)\Microsoft Visual Studio\Shared\Common\VSPerfCollectionTools\vs2019\\x64;C:\Program Files (x86)\Microsoft Visual Studio\Shared\Common\VSPerfCollectionTools\vs2019\;C:\Program Files (x86)\Microsoft SDKs\Windows\v10.0A\bin\NETFX 4.8 Tools\x64\;C:\Program Files (x86)\HTML Help Workshop;C:\Program Files\Microsoft Visual Studio\2022\Professional\Common7\IDE\CommonExtensions\Microsoft\FSharp\Tools;C:\Program Files (x86)\Windows Kits\10\bin\10.0.19041.0\\x64;C:\Program Files (x86)\Windows Kits\10\bin\\x64;C:\Program Files\Microsoft Visual Studio\2022\Professional\\MSBuild\Current\Bin\amd64;C:\WINDOWS\Microsoft.NET\Framework64\v4.0.30319;C:\Program Files\Microsoft Visual Studio\2022\Professional\Common7\IDE\;C:\Program Files\Microsoft Visual Studio\2022\Professional\Common7\Tools\;C:\Python27\;C:\Python27\Scripts;C:\WINDOWS\system32;C:\WINDOWS;C:\WINDOWS\System32\Wbem;C:\WINDOWS\System32\WindowsPowerShell\v1.0\;C:\WINDOWS\System32\OpenSSH\;C:\ProgramData\chocolatey\bin;C:\Program Files (x86)\WiX Toolset v3.7\bin;C:\Program Files\dotnet\;C:\Program Files\Zulu\zulu-11\bin\;C:\Program Files (x86)\Windows Kits\10\bin\10.0.19041.0\x64;C:\Program Files (x86)\Windows Kits\10\bin\10.0.18362.0\x64;C:\Program Files (x86)\Windows Kits\10\bin\10.0.17763.0\x64;C:\Program Files (x86)\Windows Kits\10\bin\x64;C:\Strawberry\c\bin;C:\Strawberry\perl\site\bin;C:\Strawberry\perl\bin;C:\Program Files\Git\cmd;C:\Program Files\Git\usr\bin;C:\Program Files\Git\mingw64\bin;C:\Program Files\Git\bin;C:\Python38\;C:\Python38\Scripts;C:\StoreBoxClientWindows;C:\Program Files\Electric Cloud\ElectricCommander\bin;C:\Program Files\WinRAR;C:\Program Files\7-Zip;C:\Users\Administrator\AppData\Local\Microsoft\WindowsApps;C:\Users\Administrator\.dotnet\tools;C:\Program Files\Microsoft Visual Studio\2022\Professional\Common7\IDE\CommonExtensions\Microsoft\CMake\CMake\bin;C:\Program Files\Microsoft Visual Studio\2022\Professional\Common7\IDE\CommonExtensions\Microsoft\CMake\Ninja;C:\Program Files\Microsoft Visual Studio\2022\Professional\Common7\IDE\VC\Linux\bin\ConnectionManagerExe
[2023-11-23T16:40:19.935Z]     
[2023-11-23T16:40:19.935Z]         Building with settings:
[2023-11-23T16:40:19.935Z]           Source directory          S:\Jenkins\workspace\ECP\ecg-maya-hydra\ecg-maya-hydra-branch-preflight-python3-windows\ecg-maya-hydra\maya-hydra
[2023-11-23T16:40:19.935Z]           Workspace directory       W:\
[2023-11-23T16:40:19.935Z]           Build directory           W:\build\Debug
[2023-11-23T16:40:19.935Z]           Install directory         W:\install\Debug\MayaHydra
[2023-11-23T16:40:19.935Z]           Variant                   Debug
[2023-11-23T16:40:19.935Z]           Python Debug              On
[2023-11-23T16:40:19.935Z]           CMake generator           Ninja
[2023-11-23T16:40:19.935Z]           Build arguments           ['-DCMAKE_MAKE_PROGRAM=P:/shared/Artifactory/Windows/ninja/1.10.2/ccacdf8/ninja.exe', '-DPYTHON_INCLUDE_DIR=P:/shared/Artifactory/Windows/rundev-master-debug/202311220725/runtime/a121a89/runTime/include/Python311/Python', '-DPython_EXECUTABLE=P:/shared/Artifactory/Windows/rundev-master-debug/202311220725/runtime/a121a89/runTime/bin/mayapy.exe', '-DPYTHON_LIBRARIES=P:/shared/Artifactory/Windows/rundev-master-debug/202311220725/runtime/a121a89/runTime/lib/python311_d.lib', '-DBUILD_WITH_PYTHON_3_VERSION=3.11', '-DCMAKE_WANT_MATERIALX_BUILD=ON', '-DCMAKE_PREFIX_PATH=P:\\shared\\Artifactory\\Windows\\USD\\01f407c', '-DMAYAHYDRA_BUILD_NUMBER=415', '-DMAYAHYDRA_GIT_COMMIT=80e98c2c5a49cd0b6d7d4b6b3462972d9bcefbfa', '-DMAYAHYDRA_GIT_BRANCH=master']
[2023-11-23T16:40:19.935Z]           Stages arguments          ['clean']
[2023-11-23T16:40:19.935Z]           CTest arguments           ['--parallel 16']
[2023-11-23T16:40:19.935Z]     Success MayaHydra build and install !!!!
[2023-11-23T16:40:19.935Z]     Elapsed time: 00:00:00
[Pipeline] bat
[2023-11-23T16:40:20.562Z] Deleting alias drive W:
[Pipeline] bat
[2023-11-23T16:40:21.197Z] Deleting alias drive P:
[Pipeline] bat
[2023-11-23T16:40:21.841Z] Creating alias drive P: to S:\jenkins\workspace
[Pipeline] bat
[2023-11-23T16:40:22.491Z] Creating alias drive W: to S:\Jenkins\workspace\ECP\ecg-maya-hydra\ecg-maya-hydra-branch-preflight-python3-windows
[Pipeline] bat
[2023-11-23T16:40:23.355Z] "C:\Program Files\Microsoft Visual Studio\2022\Professional\VC\Auxiliary\Build\vcvarsall.bat" x64
[2023-11-23T16:40:23.705Z] **********************************************************************
[2023-11-23T16:40:23.705Z] ** Visual Studio 2022 Developer Command Prompt v17.3.2
[2023-11-23T16:40:23.705Z] ** Copyright (c) 2022 Microsoft Corporation
[2023-11-23T16:40:23.705Z] **********************************************************************
[2023-11-23T16:40:24.899Z] [vcvarsall.bat] Environment initialized for: 'x64'
[2023-11-23T16:40:24.899Z] python ecg-maya-hydra/build.py --stages=clean --workspace-dir=W:\ --artifactory-dir=P:\shared\Artifactory --build-dir=W:\build --install-dir=W:\install --signing-dir=W:\signing --package-dir=W:\package --output-dir=W:\output --stash-dir=W:\stash --jenkins-build=415 --git-commit=80e98c2c5a49cd0b6d7d4b6b3462972d9bcefbfa --git-branch=master --variants=RelWithDebInfo --interactive-tests=true --post-zips=false --osx-binary-architecture-target=ub2 --osx-deployment-target=11.0 --osx-base-sdk=CurrentActiveSDK --maya-cut-config=maya-rundev-master.yaml --maya-package=rundev-master --stage-banner
[2023-11-23T16:40:26.092Z] Using Maya cut from P:\shared\Artifactory\Windows\rundev-master\202311221838\runtime\0c83665
[2023-11-23T16:40:26.092Z] Using Maya ADSK Signatures from P:\shared\Artifactory\Windows\adsk-plugin-signatures-maya\2023\3ae1ae7
[2023-11-23T16:40:26.092Z] Using Maya Security Library from P:\shared\Artifactory\Windows\maya-security-library\3.4.0\284407f
[2023-11-23T16:40:26.092Z] 
[2023-11-23T16:40:26.092Z] ================================================================================
[2023-11-23T16:40:26.092Z]                              clean (RelWithDebInfo)
[2023-11-23T16:40:26.092Z] ================================================================================
[2023-11-23T16:40:26.092Z] Maya Python RelWithDebInfo Info:
[2023-11-23T16:40:26.092Z]   mayapy executable   = P:\shared\Artifactory\Windows\rundev-master\202311221838\runtime\0c83665\runTime\bin\mayapy.exe
[2023-11-23T16:40:26.092Z]   Include Folder      = P:\shared\Artifactory\Windows\rundev-master\202311221838\runtime\0c83665\runTime\include\Python311\Python
[2023-11-23T16:40:26.092Z]   Library             = P:\shared\Artifactory\Windows\rundev-master\202311221838\runtime\0c83665\runTime\lib\python311.lib
[2023-11-23T16:40:26.092Z]   site-package Folder = P:\shared\Artifactory\Windows\rundev-master\202311221838\runtime\0c83665\runTime\Python\Lib\site-packages
[2023-11-23T16:40:26.824Z] In workdir: S:\Jenkins\workspace\ECP\ecg-maya-hydra\ecg-maya-hydra-branch-preflight-python3-windows\ecg-maya-hydra\maya-hydra
[2023-11-23T16:40:26.824Z] Executing: 'P:\\shared\\Artifactory\\Windows\\rundev-master\\202311221838\\runtime\\0c83665\\runTime\\bin\\mayapy.exe' 'S:\\Jenkins\\workspace\\ECP\\ecg-maya-hydra\\ecg-maya-hydra-branch-preflight-python3-windows\\ecg-maya-hydra\\maya-hydra\\build.py' --generator Ninja --build-relwithdebug --maya-location 'P:\\shared\\Artifactory\\Windows\\rundev-master\\202311221838\\runtime\\0c83665\\runTime' --devkit-location 'P:\\shared\\Artifactory\\Windows\\rundev-master\\202311221838\\runtime\\0c83665\\devkitBase' --pxrusd-location 'P:\\shared\\Artifactory\\Windows\\USD\\6a9558d' '--build-args=-DCMAKE_MAKE_PROGRAM=P:/shared/Artifactory/Windows/ninja/1.10.2/ccacdf8/ninja.exe,-DPYTHON_INCLUDE_DIR=P:/shared/Artifactory/Windows/rundev-master/202311221838/runtime/0c83665/runTime/include/Python311/Python,-DPython_EXECUTABLE=P:/shared/Artifactory/Windows/rundev-master/202311221838/runtime/0c83665/runTime/bin/mayapy.exe,-DPYTHON_LIBRARIES=P:/shared/Artifactory/Windows/rundev-master/202311221838/runtime/0c83665/runTime/lib/python311.lib,-DBUILD_WITH_PYTHON_3_VERSION=3.11,-DCMAKE_WANT_MATERIALX_BUILD=ON,-DCMAKE_PREFIX_PATH=P:\\shared\\Artifactory\\Windows\\USD\\6a9558d,-DMAYAHYDRA_BUILD_NUMBER=415,-DMAYAHYDRA_GIT_COMMIT=80e98c2c5a49cd0b6d7d4b6b3462972d9bcefbfa,-DMAYAHYDRA_GIT_BRANCH=master' '--ctest-args=--parallel 16' --stages=clean --redirect-outstream-file=False --install-location 'W:\\install\\RelWithDebInfo\\MayaHydra' 'W:\\'
[2023-11-23T16:40:26.824Z] Modified environment variables:
[2023-11-23T16:40:26.824Z]     PATH=P:\shared\Artifactory\Windows\cmake\3.20.3\afe857a\bin;C:\Python27\lib\site-packages\pywin32_system32;C:\Program Files\Microsoft Visual Studio\2022\Professional\VC\Tools\MSVC\14.33.31629\bin\HostX64\x64;C:\Program Files\Microsoft Visual Studio\2022\Professional\Common7\IDE\VC\VCPackages;C:\Program Files\Microsoft Visual Studio\2022\Professional\Common7\IDE\CommonExtensions\Microsoft\TestWindow;C:\Program Files\Microsoft Visual Studio\2022\Professional\Common7\IDE\CommonExtensions\Microsoft\TeamFoundation\Team Explorer;C:\Program Files\Microsoft Visual Studio\2022\Professional\MSBuild\Current\bin\Roslyn;C:\Program Files\Microsoft Visual Studio\2022\Professional\Team Tools\Performance Tools\x64;C:\Program Files\Microsoft Visual Studio\2022\Professional\Team Tools\Performance Tools;C:\Program Files (x86)\Microsoft Visual Studio\Shared\Common\VSPerfCollectionTools\vs2019\\x64;C:\Program Files (x86)\Microsoft Visual Studio\Shared\Common\VSPerfCollectionTools\vs2019\;C:\Program Files (x86)\Microsoft SDKs\Windows\v10.0A\bin\NETFX 4.8 Tools\x64\;C:\Program Files (x86)\HTML Help Workshop;C:\Program Files\Microsoft Visual Studio\2022\Professional\Common7\IDE\CommonExtensions\Microsoft\FSharp\Tools;C:\Program Files (x86)\Windows Kits\10\bin\10.0.19041.0\\x64;C:\Program Files (x86)\Windows Kits\10\bin\\x64;C:\Program Files\Microsoft Visual Studio\2022\Professional\\MSBuild\Current\Bin\amd64;C:\WINDOWS\Microsoft.NET\Framework64\v4.0.30319;C:\Program Files\Microsoft Visual Studio\2022\Professional\Common7\IDE\;C:\Program Files\Microsoft Visual Studio\2022\Professional\Common7\Tools\;C:\Python27\;C:\Python27\Scripts;C:\WINDOWS\system32;C:\WINDOWS;C:\WINDOWS\System32\Wbem;C:\WINDOWS\System32\WindowsPowerShell\v1.0\;C:\WINDOWS\System32\OpenSSH\;C:\ProgramData\chocolatey\bin;C:\Program Files (x86)\WiX Toolset v3.7\bin;C:\Program Files\dotnet\;C:\Program Files\Zulu\zulu-11\bin\;C:\Program Files (x86)\Windows Kits\10\bin\10.0.19041.0\x64;C:\Program Files (x86)\Windows Kits\10\bin\10.0.18362.0\x64;C:\Program Files (x86)\Windows Kits\10\bin\10.0.17763.0\x64;C:\Program Files (x86)\Windows Kits\10\bin\x64;C:\Strawberry\c\bin;C:\Strawberry\perl\site\bin;C:\Strawberry\perl\bin;C:\Program Files\Git\cmd;C:\Program Files\Git\usr\bin;C:\Program Files\Git\mingw64\bin;C:\Program Files\Git\bin;C:\Python38\;C:\Python38\Scripts;C:\StoreBoxClientWindows;C:\Program Files\Electric Cloud\ElectricCommander\bin;C:\Program Files\WinRAR;C:\Program Files\7-Zip;C:\Users\Administrator\AppData\Local\Microsoft\WindowsApps;C:\Users\Administrator\.dotnet\tools;C:\Program Files\Microsoft Visual Studio\2022\Professional\Common7\IDE\CommonExtensions\Microsoft\CMake\CMake\bin;C:\Program Files\Microsoft Visual Studio\2022\Professional\Common7\IDE\CommonExtensions\Microsoft\CMake\Ninja;C:\Program Files\Microsoft Visual Studio\2022\Professional\Common7\IDE\VC\Linux\bin\ConnectionManagerExe
[2023-11-23T16:40:27.551Z]     
[2023-11-23T16:40:27.551Z]         Building with settings:
[2023-11-23T16:40:27.551Z]           Source directory          S:\Jenkins\workspace\ECP\ecg-maya-hydra\ecg-maya-hydra-branch-preflight-python3-windows\ecg-maya-hydra\maya-hydra
[2023-11-23T16:40:27.551Z]           Workspace directory       W:\
[2023-11-23T16:40:27.551Z]           Build directory           W:\build\RelWithDebInfo
[2023-11-23T16:40:27.551Z]           Install directory         W:\install\RelWithDebInfo\MayaHydra
[2023-11-23T16:40:27.551Z]           Variant                   RelWithDebInfo
[2023-11-23T16:40:27.551Z]           Python Debug              Off
[2023-11-23T16:40:27.551Z]           CMake generator           Ninja
[2023-11-23T16:40:27.551Z]           Build arguments           ['-DCMAKE_MAKE_PROGRAM=P:/shared/Artifactory/Windows/ninja/1.10.2/ccacdf8/ninja.exe', '-DPYTHON_INCLUDE_DIR=P:/shared/Artifactory/Windows/rundev-master/202311221838/runtime/0c83665/runTime/include/Python311/Python', '-DPython_EXECUTABLE=P:/shared/Artifactory/Windows/rundev-master/202311221838/runtime/0c83665/runTime/bin/mayapy.exe', '-DPYTHON_LIBRARIES=P:/shared/Artifactory/Windows/rundev-master/202311221838/runtime/0c83665/runTime/lib/python311.lib', '-DBUILD_WITH_PYTHON_3_VERSION=3.11', '-DCMAKE_WANT_MATERIALX_BUILD=ON', '-DCMAKE_PREFIX_PATH=P:\\shared\\Artifactory\\Windows\\USD\\6a9558d', '-DMAYAHYDRA_BUILD_NUMBER=415', '-DMAYAHYDRA_GIT_COMMIT=80e98c2c5a49cd0b6d7d4b6b3462972d9bcefbfa', '-DMAYAHYDRA_GIT_BRANCH=master']
[2023-11-23T16:40:27.551Z]           Stages arguments          ['clean']
[2023-11-23T16:40:27.551Z]           CTest arguments           ['--parallel 16']
[2023-11-23T16:40:27.551Z]     Success MayaHydra build and install !!!!
[2023-11-23T16:40:27.551Z]     Elapsed time: 00:00:00
[Pipeline] bat
[2023-11-23T16:40:28.166Z] Deleting alias drive W:
[Pipeline] bat
[2023-11-23T16:40:28.845Z] Deleting alias drive P:
[Pipeline] }
[Pipeline] // withEnv
[Pipeline] }
[Pipeline] // timeout
[Pipeline] }
[Pipeline] // stage
[Pipeline] }
[Pipeline] // timestamps
[Pipeline] timestamps
[Pipeline] {
[Pipeline] stage
[Pipeline] { (Configure)
[Pipeline] timeout
[2023-11-23T16:40:29.057Z] Timeout set to expire in 6 hr 0 min
[Pipeline] {
[Pipeline] withEnv
[Pipeline] {
[Pipeline] bat
[2023-11-23T16:40:29.657Z] Creating alias drive P: to S:\jenkins\workspace
[Pipeline] bat
[2023-11-23T16:40:30.281Z] Creating alias drive W: to S:\Jenkins\workspace\ECP\ecg-maya-hydra\ecg-maya-hydra-branch-preflight-python3-windows
[Pipeline] bat
[2023-11-23T16:40:31.097Z] "C:\Program Files\Microsoft Visual Studio\2022\Professional\VC\Auxiliary\Build\vcvarsall.bat" x64
[2023-11-23T16:40:31.097Z] **********************************************************************
[2023-11-23T16:40:31.097Z] ** Visual Studio 2022 Developer Command Prompt v17.3.2
[2023-11-23T16:40:31.097Z] ** Copyright (c) 2022 Microsoft Corporation
[2023-11-23T16:40:31.097Z] **********************************************************************
[2023-11-23T16:40:32.798Z] [vcvarsall.bat] Environment initialized for: 'x64'
[2023-11-23T16:40:32.798Z] python ecg-maya-hydra/build.py --stages=configure --workspace-dir=W:\ --artifactory-dir=P:\shared\Artifactory --build-dir=W:\build --install-dir=W:\install --signing-dir=W:\signing --package-dir=W:\package --output-dir=W:\output --stash-dir=W:\stash --jenkins-build=415 --git-commit=80e98c2c5a49cd0b6d7d4b6b3462972d9bcefbfa --git-branch=master --variants=Debug --interactive-tests=true --post-zips=false --osx-binary-architecture-target=ub2 --osx-deployment-target=11.0 --osx-base-sdk=CurrentActiveSDK --maya-cut-config=maya-rundev-master-debug.yaml --maya-package=rundev-master-debug --stage-banner
[2023-11-23T16:40:33.520Z] Using Maya cut from P:\shared\Artifactory\Windows\rundev-master-debug\202311220725\runtime\a121a89
[2023-11-23T16:40:33.520Z] Using Maya ADSK Signatures from P:\shared\Artifactory\Windows\adsk-plugin-signatures-maya\2023\3ae1ae7
[2023-11-23T16:40:33.520Z] Using Maya Security Library from P:\shared\Artifactory\Windows\maya-security-library\3.4.0\284407f
[2023-11-23T16:40:33.520Z] 
[2023-11-23T16:40:33.520Z] ================================================================================
[2023-11-23T16:40:33.520Z]                                configure (Debug)
[2023-11-23T16:40:33.520Z] ================================================================================
[2023-11-23T16:40:33.520Z] Maya Python Debug Info:
[2023-11-23T16:40:33.520Z]   mayapy executable   = P:\shared\Artifactory\Windows\rundev-master-debug\202311220725\runtime\a121a89\runTime\bin\mayapy.exe
[2023-11-23T16:40:33.520Z]   Include Folder      = P:\shared\Artifactory\Windows\rundev-master-debug\202311220725\runtime\a121a89\runTime\include\Python311\Python
[2023-11-23T16:40:33.520Z]   Library             = P:\shared\Artifactory\Windows\rundev-master-debug\202311220725\runtime\a121a89\runTime\lib\python311_d.lib
[2023-11-23T16:40:33.520Z]   site-package Folder = P:\shared\Artifactory\Windows\rundev-master-debug\202311220725\runtime\a121a89\runTime\Python\Lib\site-packages
[2023-11-23T16:40:36.516Z] 
[2023-11-23T16:40:36.516Z]             WARNING: The 'psutil' python package isn't installed. Thus, Peptide
[2023-11-23T16:40:36.516Z]             won't be able to determine the amount of RAM available. It will assume
[2023-11-23T16:40:36.516Z]             that your machine has only 16GB available, and will limit the number
[2023-11-23T16:40:36.516Z]             the number of link jobs being performed in parallel. This can
[2023-11-23T16:40:36.516Z]             negatively affect your build times.
[2023-11-23T16:40:36.516Z] 
[2023-11-23T16:40:36.516Z]             Please 'pip(3) install psutil' to resolve this.
[2023-11-23T16:40:36.516Z]             
[2023-11-23T16:40:36.516Z] In workdir: S:\Jenkins\workspace\ECP\ecg-maya-hydra\ecg-maya-hydra-branch-preflight-python3-windows\ecg-maya-hydra\maya-hydra
[2023-11-23T16:40:36.516Z] Executing: 'P:\\shared\\Artifactory\\Windows\\rundev-master-debug\\202311220725\\runtime\\a121a89\\runTime\\bin\\mayapy.exe' 'S:\\Jenkins\\workspace\\ECP\\ecg-maya-hydra\\ecg-maya-hydra-branch-preflight-python3-windows\\ecg-maya-hydra\\maya-hydra\\build.py' --generator Ninja --build-debug --maya-location 'P:\\shared\\Artifactory\\Windows\\rundev-master-debug\\202311220725\\runtime\\a121a89\\runTime' --devkit-location 'P:\\shared\\Artifactory\\Windows\\rundev-master-debug\\202311220725\\runtime\\a121a89\\devkitBase' --pxrusd-location 'P:\\shared\\Artifactory\\Windows\\USD\\01f407c' '--build-args=-DCMAKE_MAKE_PROGRAM=P:/shared/Artifactory/Windows/ninja/1.10.2/ccacdf8/ninja.exe,-DPYTHON_INCLUDE_DIR=P:/shared/Artifactory/Windows/rundev-master-debug/202311220725/runtime/a121a89/runTime/include/Python311/Python,-DPython_EXECUTABLE=P:/shared/Artifactory/Windows/rundev-master-debug/202311220725/runtime/a121a89/runTime/bin/mayapy.exe,-DPYTHON_LIBRARIES=P:/shared/Artifactory/Windows/rundev-master-debug/202311220725/runtime/a121a89/runTime/lib/python311_d.lib,-DBUILD_WITH_PYTHON_3_VERSION=3.11,-DCMAKE_WANT_MATERIALX_BUILD=ON,-DCMAKE_PREFIX_PATH=P:\\shared\\Artifactory\\Windows\\USD\\01f407c,-DMAYAHYDRA_BUILD_NUMBER=415,-DMAYAHYDRA_GIT_COMMIT=80e98c2c5a49cd0b6d7d4b6b3462972d9bcefbfa,-DMAYAHYDRA_GIT_BRANCH=master' --debug-python '--ctest-args=--parallel 16' --stages=configure --redirect-outstream-file=False --install-location 'W:\\install\\Debug\\MayaHydra' 'W:\\'
[2023-11-23T16:40:36.516Z] Modified environment variables:
[2023-11-23T16:40:36.516Z]     PATH=P:\shared\Artifactory\Windows\cmake\3.20.3\afe857a\bin;C:\Python27\lib\site-packages\pywin32_system32;C:\Program Files\Microsoft Visual Studio\2022\Professional\VC\Tools\MSVC\14.33.31629\bin\HostX64\x64;C:\Program Files\Microsoft Visual Studio\2022\Professional\Common7\IDE\VC\VCPackages;C:\Program Files\Microsoft Visual Studio\2022\Professional\Common7\IDE\CommonExtensions\Microsoft\TestWindow;C:\Program Files\Microsoft Visual Studio\2022\Professional\Common7\IDE\CommonExtensions\Microsoft\TeamFoundation\Team Explorer;C:\Program Files\Microsoft Visual Studio\2022\Professional\MSBuild\Current\bin\Roslyn;C:\Program Files\Microsoft Visual Studio\2022\Professional\Team Tools\Performance Tools\x64;C:\Program Files\Microsoft Visual Studio\2022\Professional\Team Tools\Performance Tools;C:\Program Files (x86)\Microsoft Visual Studio\Shared\Common\VSPerfCollectionTools\vs2019\\x64;C:\Program Files (x86)\Microsoft Visual Studio\Shared\Common\VSPerfCollectionTools\vs2019\;C:\Program Files (x86)\Microsoft SDKs\Windows\v10.0A\bin\NETFX 4.8 Tools\x64\;C:\Program Files (x86)\HTML Help Workshop;C:\Program Files\Microsoft Visual Studio\2022\Professional\Common7\IDE\CommonExtensions\Microsoft\FSharp\Tools;C:\Program Files (x86)\Windows Kits\10\bin\10.0.19041.0\\x64;C:\Program Files (x86)\Windows Kits\10\bin\\x64;C:\Program Files\Microsoft Visual Studio\2022\Professional\\MSBuild\Current\Bin\amd64;C:\WINDOWS\Microsoft.NET\Framework64\v4.0.30319;C:\Program Files\Microsoft Visual Studio\2022\Professional\Common7\IDE\;C:\Program Files\Microsoft Visual Studio\2022\Professional\Common7\Tools\;C:\Python27\;C:\Python27\Scripts;C:\WINDOWS\system32;C:\WINDOWS;C:\WINDOWS\System32\Wbem;C:\WINDOWS\System32\WindowsPowerShell\v1.0\;C:\WINDOWS\System32\OpenSSH\;C:\ProgramData\chocolatey\bin;C:\Program Files (x86)\WiX Toolset v3.7\bin;C:\Program Files\dotnet\;C:\Program Files\Zulu\zulu-11\bin\;C:\Program Files (x86)\Windows Kits\10\bin\10.0.19041.0\x64;C:\Program Files (x86)\Windows Kits\10\bin\10.0.18362.0\x64;C:\Program Files (x86)\Windows Kits\10\bin\10.0.17763.0\x64;C:\Program Files (x86)\Windows Kits\10\bin\x64;C:\Strawberry\c\bin;C:\Strawberry\perl\site\bin;C:\Strawberry\perl\bin;C:\Program Files\Git\cmd;C:\Program Files\Git\usr\bin;C:\Program Files\Git\mingw64\bin;C:\Program Files\Git\bin;C:\Python38\;C:\Python38\Scripts;C:\StoreBoxClientWindows;C:\Program Files\Electric Cloud\ElectricCommander\bin;C:\Program Files\WinRAR;C:\Program Files\7-Zip;C:\Users\Administrator\AppData\Local\Microsoft\WindowsApps;C:\Users\Administrator\.dotnet\tools;C:\Program Files\Microsoft Visual Studio\2022\Professional\Common7\IDE\CommonExtensions\Microsoft\CMake\CMake\bin;C:\Program Files\Microsoft Visual Studio\2022\Professional\Common7\IDE\CommonExtensions\Microsoft\CMake\Ninja;C:\Program Files\Microsoft Visual Studio\2022\Professional\Common7\IDE\VC\Linux\bin\ConnectionManagerExe
[2023-11-23T16:40:38.801Z]     -- The C compiler identification is MSVC 19.33.31629.0
[2023-11-23T16:40:39.136Z]     -- The CXX compiler identification is MSVC 19.33.31629.0
[2023-11-23T16:40:39.474Z]     -- Detecting C compiler ABI info
[2023-11-23T16:40:41.177Z]     -- Detecting C compiler ABI info - done
[2023-11-23T16:40:41.177Z]     -- Check for working C compiler: C:/Program Files/Microsoft Visual Studio/2022/Professional/VC/Tools/MSVC/14.33.31629/bin/Hostx64/x64/cl.exe - skipped
[2023-11-23T16:40:41.177Z]     -- Detecting C compile features
[2023-11-23T16:40:41.178Z]     -- Detecting C compile features - done
[2023-11-23T16:40:41.178Z]     -- Detecting CXX compiler ABI info
[2023-11-23T16:40:41.513Z]     -- Detecting CXX compiler ABI info - done
[2023-11-23T16:40:41.513Z]     -- Check for working CXX compiler: C:/Program Files/Microsoft Visual Studio/2022/Professional/VC/Tools/MSVC/14.33.31629/bin/Hostx64/x64/cl.exe - skipped
[2023-11-23T16:40:41.513Z]     -- Detecting CXX compile features
[2023-11-23T16:40:41.513Z]     -- Detecting CXX compile features - done
[2023-11-23T16:40:42.818Z]     -- Using Maya Light API Version 3
[2023-11-23T16:40:42.818Z]     -- Maya has setDefaultMaterialHandling API
[2023-11-23T16:40:42.818Z]     -- Maya has new point snapping API
[2023-11-23T16:40:42.818Z]     -- Maya has isInCrashHandler API
[2023-11-23T16:40:42.818Z]     -- Maya has getDisplayStyleOfAllViewports API
[2023-11-23T16:40:42.818Z]     -- Maya array iterator has difference_type trait
[2023-11-23T16:40:42.818Z]     -- MFnSet has getMemberPaths function
[2023-11-23T16:40:42.818Z]     -- MFnDisplayLayer exists
[2023-11-23T16:40:42.818Z]     -- MDisplayLayerMessage has MDisplayLayerMemberChangedFunction
[2023-11-23T16:40:42.818Z]     -- MRenderItem has HideOnPlayback API
[2023-11-23T16:40:42.818Z]     -- Found Maya: P:/shared/Artifactory/Windows/rundev-master-debug/202311220725/runtime/a121a89/runTime/bin/maya.exe (found suitable version "2025", minimum required is "2024")
[2023-11-23T16:40:46.644Z]     -- Found Python: P:/shared/Artifactory/Windows/rundev-master-debug/202311220725/runtime/a121a89/runTime/bin/mayapy.exe (found suitable exact version "3.11.4") found components: Interpreter
[2023-11-23T16:40:46.644Z]     -- Build mayaHydra with Python3 = 3.11
[2023-11-23T16:40:46.644Z]     --    PYTHON_INCLUDE_DIRS = P:/shared/Artifactory/Windows/rundev-master-debug/202311220725/runtime/a121a89/runTime/include/Python311/Python
[2023-11-23T16:40:46.644Z]     --    PYTHON_LIBRARIES    = P:/shared/Artifactory/Windows/rundev-master-debug/202311220725/runtime/a121a89/runTime/lib/python311_d.lib
[2023-11-23T16:40:46.644Z]     --    Python_EXECUTABLE   = P:/shared/Artifactory/Windows/rundev-master-debug/202311220725/runtime/a121a89/runTime/bin/mayapy.exe
[2023-11-23T16:40:46.982Z]     -- Found Python3: optimized;P:\shared\Artifactory\Windows\rundev-master-debug\202311220725\runtime\a121a89\runTime/lib/python311_d.lib;debug;P:/shared/Artifactory/Windows/rundev-master-debug/202311220725/runtime/a121a89/runTime/lib/python311_d.lib (found suitable exact version "3.11.4") found components: Development Development.Module Development.Embed
[2023-11-23T16:40:46.982Z]     -- USD has new Sdr.PropertyTypes.Color4
[2023-11-23T16:40:46.982Z]     -- USD has MaterialX metadata support
[2023-11-23T16:40:46.982Z]     -- USD include dir: P:/shared/Artifactory/Windows/USD/01f407c/include
[2023-11-23T16:40:46.982Z]     -- USD library dir: P:/shared/Artifactory/Windows/USD/01f407c/lib
[2023-11-23T16:40:46.982Z]     -- USD version: 0.23.11
[2023-11-23T16:40:46.982Z]     -- USD Boost::boost version: 108100
[2023-11-23T16:40:46.982Z]     -- Found USD: P:/shared/Artifactory/Windows/USD/01f407c (found suitable version "0.23.11", minimum required is "0.22.11")
[2023-11-23T16:40:46.982Z]     Updated PYTHONPATH: P:\shared\Artifactory\Windows\USD\01f407c\lib\python
[2023-11-23T16:40:46.982Z]     Updated PATH: P:\shared\Artifactory\Windows\cmake\3.20.3\afe857a\bin;C:\Python27\lib\site-packages\pywin32_system32;C:\Program Files\Microsoft Visual Studio\2022\Professional\VC\Tools\MSVC\14.33.31629\bin\HostX64\x64;C:\Program Files\Microsoft Visual Studio\2022\Professional\Common7\IDE\VC\VCPackages;C:\Program Files\Microsoft Visual Studio\2022\Professional\Common7\IDE\CommonExtensions\Microsoft\TestWindow;C:\Program Files\Microsoft Visual Studio\2022\Professional\Common7\IDE\CommonExtensions\Microsoft\TeamFoundation\Team Explorer;C:\Program Files\Microsoft Visual Studio\2022\Professional\MSBuild\Current\bin\Roslyn;C:\Program Files\Microsoft Visual Studio\2022\Professional\Team Tools\Performance Tools\x64;C:\Program Files\Microsoft Visual Studio\2022\Professional\Team Tools\Performance Tools;C:\Program Files (x86)\Microsoft Visual Studio\Shared\Common\VSPerfCollectionTools\vs2019\\x64;C:\Program Files (x86)\Microsoft Visual Studio\Shared\Common\VSPerfCollectionTools\vs2019\;C:\Program Files (x86)\Microsoft SDKs\Windows\v10.0A\bin\NETFX 4.8 Tools\x64\;C:\Program Files (x86)\HTML Help Workshop;C:\Program Files\Microsoft Visual Studio\2022\Professional\Common7\IDE\CommonExtensions\Microsoft\FSharp\Tools;C:\Program Files (x86)\Windows Kits\10\bin\10.0.19041.0\\x64;C:\Program Files (x86)\Windows Kits\10\bin\\x64;C:\Program Files\Microsoft Visual Studio\2022\Professional\\MSBuild\Current\Bin\amd64;C:\WINDOWS\Microsoft.NET\Framework64\v4.0.30319;C:\Program Files\Microsoft Visual Studio\2022\Professional\Common7\IDE\;C:\Program Files\Microsoft Visual Studio\2022\Professional\Common7\Tools\;C:\Python27\;C:\Python27\Scripts;C:\WINDOWS\system32;C:\WINDOWS;C:\WINDOWS\System32\Wbem;C:\WINDOWS\System32\WindowsPowerShell\v1.0\;C:\WINDOWS\System32\OpenSSH\;C:\ProgramData\chocolatey\bin;C:\Program Files (x86)\WiX Toolset v3.7\bin;C:\Program Files\dotnet\;C:\Program Files\Zulu\zulu-11\bin\;C:\Program Files (x86)\Windows Kits\10\bin\10.0.19041.0\x64;C:\Program Files (x86)\Windows Kits\10\bin\10.0.18362.0\x64;C:\Program Files (x86)\Windows Kits\10\bin\10.0.17763.0\x64;C:\Program Files (x86)\Windows Kits\10\bin\x64;C:\Strawberry\c\bin;C:\Strawberry\perl\site\bin;C:\Strawberry\perl\bin;C:\Program Files\Git\cmd;C:\Program Files\Git\usr\bin;C:\Program Files\Git\mingw64\bin;C:\Program Files\Git\bin;C:\Python38\;C:\Python38\Scripts;C:\StoreBoxClientWindows;C:\Program Files\Electric Cloud\ElectricCommander\bin;C:\Program Files\WinRAR;C:\Program Files\7-Zip;C:\Users\Administrator\AppData\Local\Microsoft\WindowsApps;C:\Users\Administrator\.dotnet\tools;C:\Program Files\Microsoft Visual Studio\2022\Professional\Common7\IDE\CommonExtensions\Microsoft\CMake\CMake\bin;C:\Program Files\Microsoft Visual Studio\2022\Professional\Common7\IDE\CommonExtensions\Microsoft\CMake\Ninja;C:\Program Files\Microsoft Visual Studio\2022\Professional\Common7\IDE\VC\Linux\bin\ConnectionManagerExe;P:\shared\Artifactory\Windows\USD\01f407c\bin;P:\shared\Artifactory\Windows\USD\01f407c\lib
[2023-11-23T16:40:46.982Z]     -- Found UFE: P:/shared/Artifactory/Windows/rundev-master-debug/202311220725/runtime/a121a89/devkitBase/devkit/ufe/include (found version "0.5.13")
[2023-11-23T16:40:46.982Z]     -- UFE include dir: P:/shared/Artifactory/Windows/rundev-master-debug/202311220725/runtime/a121a89/devkitBase/devkit/ufe/include
[2023-11-23T16:40:46.982Z]     -- UFE library: P:/shared/Artifactory/Windows/rundev-master-debug/202311220725/runtime/a121a89/devkitBase/devkit/ufe/lib/ufe_0.lib
[2023-11-23T16:40:46.982Z]     -- UFE version: 0.5.13
[2023-11-23T16:40:46.982Z]     -- Maya has UFE lights API
[2023-11-23T16:40:46.982Z]     -- Maya has UFE scene segment API
[2023-11-23T16:40:46.982Z]     -- Maya has UFE TrieNode childrenComponents accessor
[2023-11-23T16:40:46.982Z]     -- Building with UFE 0.5.13.
[2023-11-23T16:40:46.982Z]     -- Found MaterialX
[2023-11-23T16:40:47.321Z]     -- Performing Test HAVE_STDATOMIC
[2023-11-23T16:40:48.042Z]     -- Performing Test HAVE_STDATOMIC - Success
[2023-11-23T16:40:48.042Z]     -- Found OpenGL: opengl32
[2023-11-23T16:40:49.212Z]     -- Check if linker can resolve circular dependencies - TRUE
[2023-11-23T16:40:49.212Z]     -- Found Qt 6.5.3 in Maya devkit. Hydra Scene Browser will be built.
[2023-11-23T16:40:49.212Z]     -- **** Building Gulrak From Github Repository.
[2023-11-23T16:40:49.212Z]     -- Populating gulrak
[2023-11-23T16:40:49.815Z]     -- Configuring done
[2023-11-23T16:40:49.815Z]     -- Generating done
[2023-11-23T16:40:49.815Z]     -- Build files have been written to: W:/build/Debug/_deps/gulrak-subbuild
[2023-11-23T16:40:50.150Z]     [1/9] Creating directories for 'gulrak-populate'
[2023-11-23T16:40:50.150Z]     [1/9] Performing download step (git clone) for 'gulrak-populate'
[2023-11-23T16:40:50.486Z]     Cloning into 'gulrak-src'...
[2023-11-23T16:40:51.651Z]     HEAD is now at 4e21ab3 Version bump and updated readme.
[2023-11-23T16:40:53.333Z]     [2/9] Performing update step for 'gulrak-populate'
[2023-11-23T16:40:53.669Z]     [4/9] No patch step for 'gulrak-populate'
[2023-11-23T16:40:53.669Z]     [5/9] No configure step for 'gulrak-populate'
[2023-11-23T16:40:53.669Z]     [6/9] No build step for 'gulrak-populate'
[2023-11-23T16:40:54.004Z]     [7/9] No install step for 'gulrak-populate'
[2023-11-23T16:40:54.004Z]     [8/9] No test step for 'gulrak-populate'
[2023-11-23T16:40:54.344Z]     [9/9] Completed 'gulrak-populate'
[2023-11-23T16:40:55.065Z]     -- ========== Installing GoogleTest... ==========
[2023-11-23T16:40:55.400Z]     -- Configuring done
[2023-11-23T16:40:55.400Z]     -- Generating done
[2023-11-23T16:40:55.400Z]     -- Build files have been written to: W:/build/Debug/googletest-config
[2023-11-23T16:40:55.740Z]     [1/8] Creating directories for 'googletest'
[2023-11-23T16:41:01.699Z]     [2/8] Performing download step (git clone) for 'googletest'
[2023-11-23T16:41:01.699Z]     Cloning into 'googletest-src'...
[2023-11-23T16:41:01.699Z]     HEAD is now at 703bd9ca Googletest export
[2023-11-23T16:41:02.035Z]     [3/8] Performing update step for 'googletest'
[2023-11-23T16:41:02.035Z]     [4/8] No patch step for 'googletest'
[2023-11-23T16:41:05.050Z]     [5/8] Performing configure step for 'googletest'
[2023-11-23T16:41:05.050Z]     Not searching for unused variables given on the command line.
[2023-11-23T16:41:05.050Z]     CMake Deprecation Warning at CMakeLists.txt:4 (cmake_minimum_required):
[2023-11-23T16:41:05.050Z]       Compatibility with CMake < 2.8.12 will be removed from a future version of
[2023-11-23T16:41:05.050Z]       CMake.
[2023-11-23T16:41:05.050Z]     
[2023-11-23T16:41:05.050Z]       Update the VERSION argument <min> value or use a ...<max> suffix to tell
[2023-11-23T16:41:05.050Z]       CMake that the project does not need compatibility with older versions.
[2023-11-23T16:41:05.050Z]     
[2023-11-23T16:41:05.050Z]     
[2023-11-23T16:41:05.050Z]     -- The C compiler identification is MSVC 19.33.31629.0
[2023-11-23T16:41:05.050Z]     -- The CXX compiler identification is MSVC 19.33.31629.0
[2023-11-23T16:41:05.050Z]     -- Detecting C compiler ABI info
[2023-11-23T16:41:05.050Z]     -- Detecting C compiler ABI info - done
[2023-11-23T16:41:05.050Z]     -- Check for working C compiler: C:/Program Files/Microsoft Visual Studio/2022/Professional/VC/Tools/MSVC/14.33.31629/bin/Hostx64/x64/cl.exe - skipped
[2023-11-23T16:41:05.050Z]     -- Detecting C compile features
[2023-11-23T16:41:05.050Z]     -- Detecting C compile features - done
[2023-11-23T16:41:05.050Z]     -- Detecting CXX compiler ABI info
[2023-11-23T16:41:05.050Z]     -- Detecting CXX compiler ABI info - done
[2023-11-23T16:41:05.050Z]     -- Check for working CXX compiler: C:/Program Files/Microsoft Visual Studio/2022/Professional/VC/Tools/MSVC/14.33.31629/bin/Hostx64/x64/cl.exe - skipped
[2023-11-23T16:41:05.050Z]     -- Detecting CXX compile features
[2023-11-23T16:41:05.050Z]     -- Detecting CXX compile features - done
[2023-11-23T16:41:05.050Z]     CMake Deprecation Warning at googletest/CMakeLists.txt:56 (cmake_minimum_required):
[2023-11-23T16:41:05.050Z]       Compatibility with CMake < 2.8.12 will be removed from a future version of
[2023-11-23T16:41:05.050Z]       CMake.
[2023-11-23T16:41:05.050Z]     
[2023-11-23T16:41:05.050Z]       Update the VERSION argument <min> value or use a ...<max> suffix to tell
[2023-11-23T16:41:05.050Z]       CMake that the project does not need compatibility with older versions.
[2023-11-23T16:41:05.050Z]     
[2023-11-23T16:41:05.050Z]     
[2023-11-23T16:41:05.050Z]     -- Found PythonInterp: C:/Python27/python.exe (found version "2.7.18")
[2023-11-23T16:41:05.050Z]     -- Looking for pthread.h
[2023-11-23T16:41:05.050Z]     -- Looking for pthread.h - not found
[2023-11-23T16:41:05.050Z]     -- Found Threads: TRUE
[2023-11-23T16:41:05.050Z]     -- Configuring done
[2023-11-23T16:41:05.050Z]     -- Generating done
[2023-11-23T16:41:05.050Z]     -- Build files have been written to: W:/build/Debug/googletest-build
[2023-11-23T16:41:08.874Z]     [6/8] Performing build step for 'googletest'
[2023-11-23T16:41:08.874Z]     [1/4] Building CXX object googletest\CMakeFiles\gtest_main.dir\src\gtest_main.cc.obj
[2023-11-23T16:41:08.874Z]     [2/4] Building CXX object googletest\CMakeFiles\gtest.dir\src\gtest-all.cc.obj
[2023-11-23T16:41:08.874Z]     [3/4] Linking CXX shared library bin\gtestd.dll
[2023-11-23T16:41:08.874Z]     [4/4] Linking CXX shared library bin\gtest_maind.dll
[2023-11-23T16:41:09.210Z]     [7/8] Performing install step for 'googletest'
[2023-11-23T16:41:09.210Z]     [0/1] Install the project...
[2023-11-23T16:41:09.210Z]     -- Install configuration: "Debug"
[2023-11-23T16:41:09.545Z]     [8/8] Completed 'googletest'
[2023-11-23T16:41:09.545Z]     -- ========== ...  GoogleTest installed. ==========
[2023-11-23T16:41:10.711Z]     -- Found GTest: W:/build/Debug/googletest-install/lib/gtestd.lib
[2023-11-23T16:41:10.711Z]     -- promoting: S:/Jenkins/workspace/ECP/ecg-maya-hydra/ecg-maya-hydra-branch-preflight-python3-windows/ecg-maya-hydra/maya-hydra/lib/mayaHydra/mayaPlugin/pluginUtils.h
[2023-11-23T16:41:10.711Z]     -- promoting: S:/Jenkins/workspace/ECP/ecg-maya-hydra/ecg-maya-hydra-branch-preflight-python3-windows/ecg-maya-hydra/maya-hydra/lib/mayaHydra/hydraExtensions/api.h
[2023-11-23T16:41:10.711Z]     -- promoting: S:/Jenkins/workspace/ECP/ecg-maya-hydra/ecg-maya-hydra-branch-preflight-python3-windows/ecg-maya-hydra/maya-hydra/lib/mayaHydra/hydraExtensions/debugCodes.h
[2023-11-23T16:41:10.711Z]     -- promoting: S:/Jenkins/workspace/ECP/ecg-maya-hydra/ecg-maya-hydra-branch-preflight-python3-windows/ecg-maya-hydra/maya-hydra/lib/mayaHydra/hydraExtensions/hydraUtils.h
[2023-11-23T16:41:10.711Z]     -- promoting: S:/Jenkins/workspace/ECP/ecg-maya-hydra/ecg-maya-hydra-branch-preflight-python3-windows/ecg-maya-hydra/maya-hydra/lib/mayaHydra/hydraExtensions/mayaHydraLibInterface.h
[2023-11-23T16:41:10.711Z]     -- promoting: S:/Jenkins/workspace/ECP/ecg-maya-hydra/ecg-maya-hydra-branch-preflight-python3-windows/ecg-maya-hydra/maya-hydra/lib/mayaHydra/hydraExtensions/mayaHydraLibInterfaceImp.h
[2023-11-23T16:41:10.711Z]     -- promoting: S:/Jenkins/workspace/ECP/ecg-maya-hydra/ecg-maya-hydra-branch-preflight-python3-windows/ecg-maya-hydra/maya-hydra/lib/mayaHydra/hydraExtensions/mayaUtils.h
[2023-11-23T16:41:10.711Z]     -- promoting: S:/Jenkins/workspace/ECP/ecg-maya-hydra/ecg-maya-hydra-branch-preflight-python3-windows/ecg-maya-hydra/maya-hydra/lib/mayaHydra/hydraExtensions/mixedUtils.h
[2023-11-23T16:41:10.711Z]     -- promoting: S:/Jenkins/workspace/ECP/ecg-maya-hydra/ecg-maya-hydra-branch-preflight-python3-windows/ecg-maya-hydra/maya-hydra/lib/mayaHydra/hydraExtensions/mayaHydraSceneProducer.h
[2023-11-23T16:41:10.711Z]     -- promoting: S:/Jenkins/workspace/ECP/ecg-maya-hydra/ecg-maya-hydra-branch-preflight-python3-windows/ecg-maya-hydra/maya-hydra/lib/mayaHydra/hydraExtensions/adapters/adapter.h
[2023-11-23T16:41:10.711Z]     -- promoting: S:/Jenkins/workspace/ECP/ecg-maya-hydra/ecg-maya-hydra-branch-preflight-python3-windows/ecg-maya-hydra/maya-hydra/lib/mayaHydra/hydraExtensions/adapters/adapterDebugCodes.h
[2023-11-23T16:41:10.711Z]     -- promoting: S:/Jenkins/workspace/ECP/ecg-maya-hydra/ecg-maya-hydra-branch-preflight-python3-windows/ecg-maya-hydra/maya-hydra/lib/mayaHydra/hydraExtensions/adapters/adapterRegistry.h
[2023-11-23T16:41:10.711Z]     -- promoting: S:/Jenkins/workspace/ECP/ecg-maya-hydra/ecg-maya-hydra-branch-preflight-python3-windows/ecg-maya-hydra/maya-hydra/lib/mayaHydra/hydraExtensions/adapters/cameraAdapter.h
[2023-11-23T16:41:10.711Z]     -- promoting: S:/Jenkins/workspace/ECP/ecg-maya-hydra/ecg-maya-hydra-branch-preflight-python3-windows/ecg-maya-hydra/maya-hydra/lib/mayaHydra/hydraExtensions/adapters/constantShadowMatrix.h
[2023-11-23T16:41:10.711Z]     -- promoting: S:/Jenkins/workspace/ECP/ecg-maya-hydra/ecg-maya-hydra-branch-preflight-python3-windows/ecg-maya-hydra/maya-hydra/lib/mayaHydra/hydraExtensions/adapters/dagAdapter.h
[2023-11-23T16:41:10.711Z]     -- promoting: S:/Jenkins/workspace/ECP/ecg-maya-hydra/ecg-maya-hydra-branch-preflight-python3-windows/ecg-maya-hydra/maya-hydra/lib/mayaHydra/hydraExtensions/adapters/renderItemAdapter.h
[2023-11-23T16:41:10.711Z]     -- promoting: S:/Jenkins/workspace/ECP/ecg-maya-hydra/ecg-maya-hydra-branch-preflight-python3-windows/ecg-maya-hydra/maya-hydra/lib/mayaHydra/hydraExtensions/adapters/lightAdapter.h
[2023-11-23T16:41:10.711Z]     -- promoting: S:/Jenkins/workspace/ECP/ecg-maya-hydra/ecg-maya-hydra-branch-preflight-python3-windows/ecg-maya-hydra/maya-hydra/lib/mayaHydra/hydraExtensions/adapters/materialAdapter.h
[2023-11-23T16:41:10.711Z]     -- promoting: S:/Jenkins/workspace/ECP/ecg-maya-hydra/ecg-maya-hydra-branch-preflight-python3-windows/ecg-maya-hydra/maya-hydra/lib/mayaHydra/hydraExtensions/adapters/materialNetworkConverter.h
[2023-11-23T16:41:10.711Z]     -- promoting: S:/Jenkins/workspace/ECP/ecg-maya-hydra/ecg-maya-hydra-branch-preflight-python3-windows/ecg-maya-hydra/maya-hydra/lib/mayaHydra/hydraExtensions/adapters/mayaAttrs.h
[2023-11-23T16:41:10.711Z]     -- promoting: S:/Jenkins/workspace/ECP/ecg-maya-hydra/ecg-maya-hydra-branch-preflight-python3-windows/ecg-maya-hydra/maya-hydra/lib/mayaHydra/hydraExtensions/adapters/shapeAdapter.h
[2023-11-23T16:41:10.711Z]     -- promoting: S:/Jenkins/workspace/ECP/ecg-maya-hydra/ecg-maya-hydra-branch-preflight-python3-windows/ecg-maya-hydra/maya-hydra/lib/mayaHydra/hydraExtensions/adapters/tokens.h
[2023-11-23T16:41:10.711Z]     -- promoting: S:/Jenkins/workspace/ECP/ecg-maya-hydra/ecg-maya-hydra-branch-preflight-python3-windows/ecg-maya-hydra/maya-hydra/lib/mayaHydra/hydraExtensions/delegates/delegate.h
[2023-11-23T16:41:10.711Z]     -- promoting: S:/Jenkins/workspace/ECP/ecg-maya-hydra/ecg-maya-hydra-branch-preflight-python3-windows/ecg-maya-hydra/maya-hydra/lib/mayaHydra/hydraExtensions/delegates/delegateCtx.h
[2023-11-23T16:41:10.711Z]     -- promoting: S:/Jenkins/workspace/ECP/ecg-maya-hydra/ecg-maya-hydra-branch-preflight-python3-windows/ecg-maya-hydra/maya-hydra/lib/mayaHydra/hydraExtensions/delegates/delegateDebugCodes.h
[2023-11-23T16:41:10.711Z]     -- promoting: S:/Jenkins/workspace/ECP/ecg-maya-hydra/ecg-maya-hydra-branch-preflight-python3-windows/ecg-maya-hydra/maya-hydra/lib/mayaHydra/hydraExtensions/delegates/delegateRegistry.h
[2023-11-23T16:41:10.711Z]     -- promoting: S:/Jenkins/workspace/ECP/ecg-maya-hydra/ecg-maya-hydra-branch-preflight-python3-windows/ecg-maya-hydra/maya-hydra/lib/mayaHydra/hydraExtensions/delegates/params.h
[2023-11-23T16:41:10.711Z]     -- promoting: S:/Jenkins/workspace/ECP/ecg-maya-hydra/ecg-maya-hydra-branch-preflight-python3-windows/ecg-maya-hydra/maya-hydra/lib/mayaHydra/hydraExtensions/delegates/sceneDelegate.h
[2023-11-23T16:41:10.711Z]     -- promoting: S:/Jenkins/workspace/ECP/ecg-maya-hydra/ecg-maya-hydra-branch-preflight-python3-windows/ecg-maya-hydra/maya-hydra/lib/mayaHydra/hydraExtensions/delegates/defaultLightDelegate.h
[2023-11-23T16:41:10.711Z]     -- promoting: S:/Jenkins/workspace/ECP/ecg-maya-hydra/ecg-maya-hydra-branch-preflight-python3-windows/ecg-maya-hydra/maya-hydra/lib/mayaHydra/hydraExtensions/delegates/testDelegate.h
[2023-11-23T16:41:10.711Z]     -- promoting: S:/Jenkins/workspace/ECP/ecg-maya-hydra/ecg-maya-hydra-branch-preflight-python3-windows/ecg-maya-hydra/maya-hydra/lib/mayaHydra/hydraExtensions/sceneIndex/registration.h
[2023-11-23T16:41:10.711Z]     -- promoting: S:/Jenkins/workspace/ECP/ecg-maya-hydra/ecg-maya-hydra-branch-preflight-python3-windows/ecg-maya-hydra/maya-hydra/lib/mayaHydra/hydraExtensions/sceneIndex/mayaHydraSceneIndex.h
[2023-11-23T16:41:10.711Z]     -- promoting: S:/Jenkins/workspace/ECP/ecg-maya-hydra/ecg-maya-hydra-branch-preflight-python3-windows/ecg-maya-hydra/maya-hydra/lib/mayaHydra/hydraExtensions/sceneIndex/mayaHydraDataSource.h
[2023-11-23T16:41:10.711Z]     -- promoting: S:/Jenkins/workspace/ECP/ecg-maya-hydra/ecg-maya-hydra-branch-preflight-python3-windows/ecg-maya-hydra/maya-hydra/lib/mayaHydra/hydraExtensions/sceneIndex/mayaHydraPrimvarDataSource.h
[2023-11-23T16:41:10.711Z]     -- promoting: S:/Jenkins/workspace/ECP/ecg-maya-hydra/ecg-maya-hydra-branch-preflight-python3-windows/ecg-maya-hydra/maya-hydra/lib/mayaHydra/hydraExtensions/sceneIndex/mayaHydraDisplayStyleDataSource.h
[2023-11-23T16:41:10.711Z]     -- promoting: S:/Jenkins/workspace/ECP/ecg-maya-hydra/ecg-maya-hydra-branch-preflight-python3-windows/ecg-maya-hydra/maya-hydra/lib/mayaHydra/hydraExtensions/sceneIndex/mayaHydraCameraDataSource.h
[2023-11-23T16:41:10.711Z]     -- promoting: S:/Jenkins/workspace/ECP/ecg-maya-hydra/ecg-maya-hydra-branch-preflight-python3-windows/ecg-maya-hydra/maya-hydra/lib/mayaHydra/hydraExtensions/sceneIndex/mayaHydraLightDataSource.h
[2023-11-23T16:41:10.711Z]     -- promoting: S:/Jenkins/workspace/ECP/ecg-maya-hydra/ecg-maya-hydra-branch-preflight-python3-windows/ecg-maya-hydra/maya-hydra/lib/mayaHydra/hydraExtensions/sceneIndex/mayaHydraDefaultLightDataSource.h
[2023-11-23T16:41:10.712Z]     -- promoting: S:/Jenkins/workspace/ECP/ecg-maya-hydra/ecg-maya-hydra-branch-preflight-python3-windows/ecg-maya-hydra/maya-hydra/lib/mayaHydra/ufeExtensions/api.h
[2023-11-23T16:41:10.712Z]     -- promoting: S:/Jenkins/workspace/ECP/ecg-maya-hydra/ecg-maya-hydra-branch-preflight-python3-windows/ecg-maya-hydra/maya-hydra/lib/mayaHydra/ufeExtensions/Global.h
[2023-11-23T16:41:10.712Z]     -- promoting: S:/Jenkins/workspace/ECP/ecg-maya-hydra/ecg-maya-hydra-branch-preflight-python3-windows/ecg-maya-hydra/maya-hydra/lib/flowViewport/api.h
[2023-11-23T16:41:10.712Z]     -- promoting: S:/Jenkins/workspace/ECP/ecg-maya-hydra/ecg-maya-hydra-branch-preflight-python3-windows/ecg-maya-hydra/maya-hydra/lib/flowViewport/debugCodes.h
[2023-11-23T16:41:10.712Z]     -- promoting: S:/Jenkins/workspace/ECP/ecg-maya-hydra/ecg-maya-hydra-branch-preflight-python3-windows/ecg-maya-hydra/maya-hydra/lib/flowViewport/global.h
[2023-11-23T16:41:10.712Z]     -- promoting: S:/Jenkins/workspace/ECP/ecg-maya-hydra/ecg-maya-hydra-branch-preflight-python3-windows/ecg-maya-hydra/maya-hydra/lib/flowViewport/tokens.h
[2023-11-23T16:41:10.712Z]     -- promoting: S:/Jenkins/workspace/ECP/ecg-maya-hydra/ecg-maya-hydra-branch-preflight-python3-windows/ecg-maya-hydra/maya-hydra/lib/flowViewport/colorPreferences/fvpColorChanged.h
[2023-11-23T16:41:10.712Z]     -- promoting: S:/Jenkins/workspace/ECP/ecg-maya-hydra/ecg-maya-hydra-branch-preflight-python3-windows/ecg-maya-hydra/maya-hydra/lib/flowViewport/colorPreferences/fvpColorPreferences.h
[2023-11-23T16:41:10.712Z]     -- promoting: S:/Jenkins/workspace/ECP/ecg-maya-hydra/ecg-maya-hydra-branch-preflight-python3-windows/ecg-maya-hydra/maya-hydra/lib/flowViewport/colorPreferences/fvpColorPreferencesTokens.h
[2023-11-23T16:41:10.712Z]     -- promoting: S:/Jenkins/workspace/ECP/ecg-maya-hydra/ecg-maya-hydra-branch-preflight-python3-windows/ecg-maya-hydra/maya-hydra/lib/flowViewport/colorPreferences/fvpColorPreferencesTranslator.h
[2023-11-23T16:41:10.712Z]     -- promoting: S:/Jenkins/workspace/ECP/ecg-maya-hydra/ecg-maya-hydra-branch-preflight-python3-windows/ecg-maya-hydra/maya-hydra/lib/flowViewport/sceneIndex/fvpMergingSceneIndex.h
[2023-11-23T16:41:10.712Z]     -- promoting: S:/Jenkins/workspace/ECP/ecg-maya-hydra/ecg-maya-hydra-branch-preflight-python3-windows/ecg-maya-hydra/maya-hydra/lib/flowViewport/sceneIndex/fvpPathInterface.h
[2023-11-23T16:41:10.712Z]     -- promoting: S:/Jenkins/workspace/ECP/ecg-maya-hydra/ecg-maya-hydra-branch-preflight-python3-windows/ecg-maya-hydra/maya-hydra/lib/flowViewport/sceneIndex/fvpPathInterfaceSceneIndex.h
[2023-11-23T16:41:10.712Z]     -- promoting: S:/Jenkins/workspace/ECP/ecg-maya-hydra/ecg-maya-hydra-branch-preflight-python3-windows/ecg-maya-hydra/maya-hydra/lib/flowViewport/sceneIndex/fvpRenderIndexProxy.h
[2023-11-23T16:41:10.712Z]     -- promoting: S:/Jenkins/workspace/ECP/ecg-maya-hydra/ecg-maya-hydra-branch-preflight-python3-windows/ecg-maya-hydra/maya-hydra/lib/flowViewport/sceneIndex/fvpRenderIndexProxyFwd.h
[2023-11-23T16:41:10.712Z]     -- promoting: S:/Jenkins/workspace/ECP/ecg-maya-hydra/ecg-maya-hydra-branch-preflight-python3-windows/ecg-maya-hydra/maya-hydra/lib/flowViewport/sceneIndex/fvpSelectionSceneIndex.h
[2023-11-23T16:41:10.712Z]     -- promoting: S:/Jenkins/workspace/ECP/ecg-maya-hydra/ecg-maya-hydra-branch-preflight-python3-windows/ecg-maya-hydra/maya-hydra/lib/flowViewport/sceneIndex/fvpWireframeSelectionHighlightSceneIndex.h
[2023-11-23T16:41:10.712Z]     -- promoting: S:/Jenkins/workspace/ECP/ecg-maya-hydra/ecg-maya-hydra-branch-preflight-python3-windows/ecg-maya-hydra/maya-hydra/lib/flowViewport/API/fvpSelectionClient.h
[2023-11-23T16:41:10.712Z]     -- promoting: S:/Jenkins/workspace/ECP/ecg-maya-hydra/ecg-maya-hydra-branch-preflight-python3-windows/ecg-maya-hydra/maya-hydra/lib/flowViewport/API/fvpFlowSelectionInterface.h
[2023-11-23T16:41:10.712Z]     -- promoting: S:/Jenkins/workspace/ECP/ecg-maya-hydra/ecg-maya-hydra-branch-preflight-python3-windows/ecg-maya-hydra/maya-hydra/lib/flowViewport/API/fvpVersionInterface.h
[2023-11-23T16:41:10.712Z]     -- promoting: S:/Jenkins/workspace/ECP/ecg-maya-hydra/ecg-maya-hydra-branch-preflight-python3-windows/ecg-maya-hydra/maya-hydra/lib/flowViewport/API/fvpInformationInterface.h
[2023-11-23T16:41:10.712Z]     -- promoting: S:/Jenkins/workspace/ECP/ecg-maya-hydra/ecg-maya-hydra-branch-preflight-python3-windows/ecg-maya-hydra/maya-hydra/lib/flowViewport/API/fvpInformationClient.h
[2023-11-23T16:41:10.712Z]     -- promoting: S:/Jenkins/workspace/ECP/ecg-maya-hydra/ecg-maya-hydra-branch-preflight-python3-windows/ecg-maya-hydra/maya-hydra/lib/flowViewport/API/interfacesImp/fvpSelectionInterfaceImp.h
[2023-11-23T16:41:10.712Z]     -- promoting: S:/Jenkins/workspace/ECP/ecg-maya-hydra/ecg-maya-hydra-branch-preflight-python3-windows/ecg-maya-hydra/maya-hydra/lib/flowViewport/API/interfacesImp/fvpVersionInterfaceImp.h
[2023-11-23T16:41:10.712Z]     -- promoting: S:/Jenkins/workspace/ECP/ecg-maya-hydra/ecg-maya-hydra-branch-preflight-python3-windows/ecg-maya-hydra/maya-hydra/lib/flowViewport/API/interfacesImp/fvpInformationInterfaceImp.h
[2023-11-23T16:41:10.712Z]     -- promoting: S:/Jenkins/workspace/ECP/ecg-maya-hydra/ecg-maya-hydra-branch-preflight-python3-windows/ecg-maya-hydra/maya-hydra/lib/flowViewport/API/samples/fvpSelectionClientExample.h
[2023-11-23T16:41:10.712Z]     -- promoting: S:/Jenkins/workspace/ECP/ecg-maya-hydra/ecg-maya-hydra-branch-preflight-python3-windows/ecg-maya-hydra/maya-hydra/lib/flowViewport/API/samples/fvpInformationClientExample.h
[2023-11-23T16:41:10.712Z]     -- promoting: S:/Jenkins/workspace/ECP/ecg-maya-hydra/ecg-maya-hydra-branch-preflight-python3-windows/ecg-maya-hydra/maya-hydra/lib/flowViewport/API/perViewportSceneIndicesData/fvpViewportInformationAndSceneIndicesPerViewportData.h
[2023-11-23T16:41:10.712Z]     -- promoting: S:/Jenkins/workspace/ECP/ecg-maya-hydra/ecg-maya-hydra-branch-preflight-python3-windows/ecg-maya-hydra/maya-hydra/lib/flowViewport/API/perViewportSceneIndicesData/fvpViewportInformationAndSceneIndicesPerViewportDataManager.h
[2023-11-23T16:41:10.712Z]     -- promoting: S:/Jenkins/workspace/ECP/ecg-maya-hydra/ecg-maya-hydra-branch-preflight-python3-windows/ecg-maya-hydra/maya-hydra/lib/flowViewport/selection/fvpSelection.h
[2023-11-23T16:41:10.712Z]     -- promoting: S:/Jenkins/workspace/ECP/ecg-maya-hydra/ecg-maya-hydra-branch-preflight-python3-windows/ecg-maya-hydra/maya-hydra/lib/flowViewport/selection/fvpSelectionFwd.h
[2023-11-23T16:41:10.712Z]     -- promoting: S:/Jenkins/workspace/ECP/ecg-maya-hydra/ecg-maya-hydra-branch-preflight-python3-windows/ecg-maya-hydra/maya-hydra/lib/flowViewport/selection/fvpSelectionTask.h
[2023-11-23T16:41:10.712Z]     -- promoting: S:/Jenkins/workspace/ECP/ecg-maya-hydra/ecg-maya-hydra-branch-preflight-python3-windows/ecg-maya-hydra/maya-hydra/lib/flowViewport/selection/fvpSelectionTracker.h
[2023-11-23T16:41:13.708Z]     -- Configuring done
[2023-11-23T16:41:14.043Z]     -- Generating done
[2023-11-23T16:41:14.043Z]     -- Build files have been written to: W:/build/Debug
[2023-11-23T16:41:14.043Z]     
[2023-11-23T16:41:14.043Z]         Building with settings:
[2023-11-23T16:41:14.043Z]           Source directory          S:\Jenkins\workspace\ECP\ecg-maya-hydra\ecg-maya-hydra-branch-preflight-python3-windows\ecg-maya-hydra\maya-hydra
[2023-11-23T16:41:14.043Z]           Workspace directory       W:\
[2023-11-23T16:41:14.043Z]           Build directory           W:\build\Debug
[2023-11-23T16:41:14.043Z]           Install directory         W:\install\Debug\MayaHydra
[2023-11-23T16:41:14.043Z]           Variant                   Debug
[2023-11-23T16:41:14.043Z]           Python Debug              On
[2023-11-23T16:41:14.043Z]           CMake generator           Ninja
[2023-11-23T16:41:14.043Z]           Build arguments           ['-DCMAKE_MAKE_PROGRAM=P:/shared/Artifactory/Windows/ninja/1.10.2/ccacdf8/ninja.exe', '-DPYTHON_INCLUDE_DIR=P:/shared/Artifactory/Windows/rundev-master-debug/202311220725/runtime/a121a89/runTime/include/Python311/Python', '-DPython_EXECUTABLE=P:/shared/Artifactory/Windows/rundev-master-debug/202311220725/runtime/a121a89/runTime/bin/mayapy.exe', '-DPYTHON_LIBRARIES=P:/shared/Artifactory/Windows/rundev-master-debug/202311220725/runtime/a121a89/runTime/lib/python311_d.lib', '-DBUILD_WITH_PYTHON_3_VERSION=3.11', '-DCMAKE_WANT_MATERIALX_BUILD=ON', '-DCMAKE_PREFIX_PATH=P:\\shared\\Artifactory\\Windows\\USD\\01f407c', '-DMAYAHYDRA_BUILD_NUMBER=415', '-DMAYAHYDRA_GIT_COMMIT=80e98c2c5a49cd0b6d7d4b6b3462972d9bcefbfa', '-DMAYAHYDRA_GIT_BRANCH=master']
[2023-11-23T16:41:14.043Z]           Stages arguments          ['configure']
[2023-11-23T16:41:14.043Z]           CTest arguments           ['--parallel 16']
[2023-11-23T16:41:14.043Z]     STATUS: Found Maya Qt headers in: P:\shared\Artifactory\Windows\rundev-master-debug\202311220725\runtime\a121a89\devkitBase
[2023-11-23T16:41:14.043Z]     Success MayaHydra build and install !!!!
[2023-11-23T16:41:14.043Z]     Elapsed time: 00:00:36
[Pipeline] bat
[2023-11-23T16:41:15.027Z] Deleting alias drive W:
[Pipeline] bat
[2023-11-23T16:41:15.617Z] Deleting alias drive P:
[Pipeline] bat
[2023-11-23T16:41:16.240Z] Creating alias drive P: to S:\jenkins\workspace
[Pipeline] bat
[2023-11-23T16:41:16.843Z] Creating alias drive W: to S:\Jenkins\workspace\ECP\ecg-maya-hydra\ecg-maya-hydra-branch-preflight-python3-windows
[Pipeline] bat
[2023-11-23T16:41:17.620Z] "C:\Program Files\Microsoft Visual Studio\2022\Professional\VC\Auxiliary\Build\vcvarsall.bat" x64
[2023-11-23T16:41:17.620Z] **********************************************************************
[2023-11-23T16:41:17.620Z] ** Visual Studio 2022 Developer Command Prompt v17.3.2
[2023-11-23T16:41:17.620Z] ** Copyright (c) 2022 Microsoft Corporation
[2023-11-23T16:41:17.620Z] **********************************************************************
[2023-11-23T16:41:19.327Z] [vcvarsall.bat] Environment initialized for: 'x64'
[2023-11-23T16:41:19.328Z] python ecg-maya-hydra/build.py --stages=configure --workspace-dir=W:\ --artifactory-dir=P:\shared\Artifactory --build-dir=W:\build --install-dir=W:\install --signing-dir=W:\signing --package-dir=W:\package --output-dir=W:\output --stash-dir=W:\stash --jenkins-build=415 --git-commit=80e98c2c5a49cd0b6d7d4b6b3462972d9bcefbfa --git-branch=master --variants=RelWithDebInfo --interactive-tests=true --post-zips=false --osx-binary-architecture-target=ub2 --osx-deployment-target=11.0 --osx-base-sdk=CurrentActiveSDK --maya-cut-config=maya-rundev-master.yaml --maya-package=rundev-master --stage-banner
[2023-11-23T16:41:20.054Z] Using Maya cut from P:\shared\Artifactory\Windows\rundev-master\202311221838\runtime\0c83665
[2023-11-23T16:41:20.054Z] Using Maya ADSK Signatures from P:\shared\Artifactory\Windows\adsk-plugin-signatures-maya\2023\3ae1ae7
[2023-11-23T16:41:20.054Z] Using Maya Security Library from P:\shared\Artifactory\Windows\maya-security-library\3.4.0\284407f
[2023-11-23T16:41:20.389Z] 
[2023-11-23T16:41:20.389Z] ================================================================================
[2023-11-23T16:41:20.389Z]                            configure (RelWithDebInfo)
[2023-11-23T16:41:20.390Z] ================================================================================
[2023-11-23T16:41:20.390Z] Maya Python RelWithDebInfo Info:
[2023-11-23T16:41:20.390Z]   mayapy executable   = P:\shared\Artifactory\Windows\rundev-master\202311221838\runtime\0c83665\runTime\bin\mayapy.exe
[2023-11-23T16:41:20.390Z]   Include Folder      = P:\shared\Artifactory\Windows\rundev-master\202311221838\runtime\0c83665\runTime\include\Python311\Python
[2023-11-23T16:41:20.390Z]   Library             = P:\shared\Artifactory\Windows\rundev-master\202311221838\runtime\0c83665\runTime\lib\python311.lib
[2023-11-23T16:41:20.390Z]   site-package Folder = P:\shared\Artifactory\Windows\rundev-master\202311221838\runtime\0c83665\runTime\Python\Lib\site-packages
[2023-11-23T16:41:21.109Z] In workdir: S:\Jenkins\workspace\ECP\ecg-maya-hydra\ecg-maya-hydra-branch-preflight-python3-windows\ecg-maya-hydra\maya-hydra
[2023-11-23T16:41:21.109Z] Executing: 'P:\\shared\\Artifactory\\Windows\\rundev-master\\202311221838\\runtime\\0c83665\\runTime\\bin\\mayapy.exe' 'S:\\Jenkins\\workspace\\ECP\\ecg-maya-hydra\\ecg-maya-hydra-branch-preflight-python3-windows\\ecg-maya-hydra\\maya-hydra\\build.py' --generator Ninja --build-relwithdebug --maya-location 'P:\\shared\\Artifactory\\Windows\\rundev-master\\202311221838\\runtime\\0c83665\\runTime' --devkit-location 'P:\\shared\\Artifactory\\Windows\\rundev-master\\202311221838\\runtime\\0c83665\\devkitBase' --pxrusd-location 'P:\\shared\\Artifactory\\Windows\\USD\\6a9558d' '--build-args=-DCMAKE_MAKE_PROGRAM=P:/shared/Artifactory/Windows/ninja/1.10.2/ccacdf8/ninja.exe,-DPYTHON_INCLUDE_DIR=P:/shared/Artifactory/Windows/rundev-master/202311221838/runtime/0c83665/runTime/include/Python311/Python,-DPython_EXECUTABLE=P:/shared/Artifactory/Windows/rundev-master/202311221838/runtime/0c83665/runTime/bin/mayapy.exe,-DPYTHON_LIBRARIES=P:/shared/Artifactory/Windows/rundev-master/202311221838/runtime/0c83665/runTime/lib/python311.lib,-DBUILD_WITH_PYTHON_3_VERSION=3.11,-DCMAKE_WANT_MATERIALX_BUILD=ON,-DCMAKE_PREFIX_PATH=P:\\shared\\Artifactory\\Windows\\USD\\6a9558d,-DMAYAHYDRA_BUILD_NUMBER=415,-DMAYAHYDRA_GIT_COMMIT=80e98c2c5a49cd0b6d7d4b6b3462972d9bcefbfa,-DMAYAHYDRA_GIT_BRANCH=master' '--ctest-args=--parallel 16' --stages=configure --redirect-outstream-file=False --install-location 'W:\\install\\RelWithDebInfo\\MayaHydra' 'W:\\'
[2023-11-23T16:41:21.109Z] Modified environment variables:
[2023-11-23T16:41:21.109Z]     PATH=P:\shared\Artifactory\Windows\cmake\3.20.3\afe857a\bin;C:\Python27\lib\site-packages\pywin32_system32;C:\Program Files\Microsoft Visual Studio\2022\Professional\VC\Tools\MSVC\14.33.31629\bin\HostX64\x64;C:\Program Files\Microsoft Visual Studio\2022\Professional\Common7\IDE\VC\VCPackages;C:\Program Files\Microsoft Visual Studio\2022\Professional\Common7\IDE\CommonExtensions\Microsoft\TestWindow;C:\Program Files\Microsoft Visual Studio\2022\Professional\Common7\IDE\CommonExtensions\Microsoft\TeamFoundation\Team Explorer;C:\Program Files\Microsoft Visual Studio\2022\Professional\MSBuild\Current\bin\Roslyn;C:\Program Files\Microsoft Visual Studio\2022\Professional\Team Tools\Performance Tools\x64;C:\Program Files\Microsoft Visual Studio\2022\Professional\Team Tools\Performance Tools;C:\Program Files (x86)\Microsoft Visual Studio\Shared\Common\VSPerfCollectionTools\vs2019\\x64;C:\Program Files (x86)\Microsoft Visual Studio\Shared\Common\VSPerfCollectionTools\vs2019\;C:\Program Files (x86)\Microsoft SDKs\Windows\v10.0A\bin\NETFX 4.8 Tools\x64\;C:\Program Files (x86)\HTML Help Workshop;C:\Program Files\Microsoft Visual Studio\2022\Professional\Common7\IDE\CommonExtensions\Microsoft\FSharp\Tools;C:\Program Files (x86)\Windows Kits\10\bin\10.0.19041.0\\x64;C:\Program Files (x86)\Windows Kits\10\bin\\x64;C:\Program Files\Microsoft Visual Studio\2022\Professional\\MSBuild\Current\Bin\amd64;C:\WINDOWS\Microsoft.NET\Framework64\v4.0.30319;C:\Program Files\Microsoft Visual Studio\2022\Professional\Common7\IDE\;C:\Program Files\Microsoft Visual Studio\2022\Professional\Common7\Tools\;C:\Python27\;C:\Python27\Scripts;C:\WINDOWS\system32;C:\WINDOWS;C:\WINDOWS\System32\Wbem;C:\WINDOWS\System32\WindowsPowerShell\v1.0\;C:\WINDOWS\System32\OpenSSH\;C:\ProgramData\chocolatey\bin;C:\Program Files (x86)\WiX Toolset v3.7\bin;C:\Program Files\dotnet\;C:\Program Files\Zulu\zulu-11\bin\;C:\Program Files (x86)\Windows Kits\10\bin\10.0.19041.0\x64;C:\Program Files (x86)\Windows Kits\10\bin\10.0.18362.0\x64;C:\Program Files (x86)\Windows Kits\10\bin\10.0.17763.0\x64;C:\Program Files (x86)\Windows Kits\10\bin\x64;C:\Strawberry\c\bin;C:\Strawberry\perl\site\bin;C:\Strawberry\perl\bin;C:\Program Files\Git\cmd;C:\Program Files\Git\usr\bin;C:\Program Files\Git\mingw64\bin;C:\Program Files\Git\bin;C:\Python38\;C:\Python38\Scripts;C:\StoreBoxClientWindows;C:\Program Files\Electric Cloud\ElectricCommander\bin;C:\Program Files\WinRAR;C:\Program Files\7-Zip;C:\Users\Administrator\AppData\Local\Microsoft\WindowsApps;C:\Users\Administrator\.dotnet\tools;C:\Program Files\Microsoft Visual Studio\2022\Professional\Common7\IDE\CommonExtensions\Microsoft\CMake\CMake\bin;C:\Program Files\Microsoft Visual Studio\2022\Professional\Common7\IDE\CommonExtensions\Microsoft\CMake\Ninja;C:\Program Files\Microsoft Visual Studio\2022\Professional\Common7\IDE\VC\Linux\bin\ConnectionManagerExe
[2023-11-23T16:41:22.347Z]     -- The C compiler identification is MSVC 19.33.31629.0
[2023-11-23T16:41:23.079Z]     -- The CXX compiler identification is MSVC 19.33.31629.0
[2023-11-23T16:41:23.079Z]     -- Detecting C compiler ABI info
[2023-11-23T16:41:23.806Z]     -- Detecting C compiler ABI info - done
[2023-11-23T16:41:23.806Z]     -- Check for working C compiler: C:/Program Files/Microsoft Visual Studio/2022/Professional/VC/Tools/MSVC/14.33.31629/bin/Hostx64/x64/cl.exe - skipped
[2023-11-23T16:41:23.806Z]     -- Detecting C compile features
[2023-11-23T16:41:23.806Z]     -- Detecting C compile features - done
[2023-11-23T16:41:23.806Z]     -- Detecting CXX compiler ABI info
[2023-11-23T16:41:24.529Z]     -- Detecting CXX compiler ABI info - done
[2023-11-23T16:41:24.529Z]     -- Check for working CXX compiler: C:/Program Files/Microsoft Visual Studio/2022/Professional/VC/Tools/MSVC/14.33.31629/bin/Hostx64/x64/cl.exe - skipped
[2023-11-23T16:41:24.529Z]     -- Detecting CXX compile features
[2023-11-23T16:41:24.529Z]     -- Detecting CXX compile features - done
[2023-11-23T16:41:25.263Z]     -- Using Maya Light API Version 3
[2023-11-23T16:41:25.263Z]     -- Maya has setDefaultMaterialHandling API
[2023-11-23T16:41:25.263Z]     -- Maya has new point snapping API
[2023-11-23T16:41:25.263Z]     -- Maya has isInCrashHandler API
[2023-11-23T16:41:25.263Z]     -- Maya has getDisplayStyleOfAllViewports API
[2023-11-23T16:41:25.263Z]     -- Maya array iterator has difference_type trait
[2023-11-23T16:41:25.263Z]     -- MFnSet has getMemberPaths function
[2023-11-23T16:41:25.263Z]     -- MFnDisplayLayer exists
[2023-11-23T16:41:25.263Z]     -- MDisplayLayerMessage has MDisplayLayerMemberChangedFunction
[2023-11-23T16:41:25.263Z]     -- MRenderItem has HideOnPlayback API
[2023-11-23T16:41:25.263Z]     -- Found Maya: P:/shared/Artifactory/Windows/rundev-master/202311221838/runtime/0c83665/runTime/bin/maya.exe (found suitable version "2025", minimum required is "2024")
[2023-11-23T16:41:26.429Z]     -- Found Python: P:/shared/Artifactory/Windows/rundev-master/202311221838/runtime/0c83665/runTime/bin/mayapy.exe (found suitable exact version "3.11.4") found components: Interpreter
[2023-11-23T16:41:26.429Z]     -- Build mayaHydra with Python3 = 3.11
[2023-11-23T16:41:26.429Z]     --    PYTHON_INCLUDE_DIRS = P:/shared/Artifactory/Windows/rundev-master/202311221838/runtime/0c83665/runTime/include/Python311/Python
[2023-11-23T16:41:26.429Z]     --    PYTHON_LIBRARIES    = P:/shared/Artifactory/Windows/rundev-master/202311221838/runtime/0c83665/runTime/lib/python311.lib
[2023-11-23T16:41:26.429Z]     --    Python_EXECUTABLE   = P:/shared/Artifactory/Windows/rundev-master/202311221838/runtime/0c83665/runTime/bin/mayapy.exe
[2023-11-23T16:41:26.783Z]     -- Found Python3: P:\shared\Artifactory\Windows\rundev-master\202311221838\runtime\0c83665\runTime/lib/python311.lib (found suitable exact version "3.11.4") found components: Development Development.Module Development.Embed
[2023-11-23T16:41:26.783Z]     -- USD has new Sdr.PropertyTypes.Color4
[2023-11-23T16:41:26.783Z]     -- USD has MaterialX metadata support
[2023-11-23T16:41:26.783Z]     -- USD include dir: P:/shared/Artifactory/Windows/USD/6a9558d/include
[2023-11-23T16:41:26.783Z]     -- USD library dir: P:/shared/Artifactory/Windows/USD/6a9558d/lib
[2023-11-23T16:41:26.783Z]     -- USD version: 0.23.11
[2023-11-23T16:41:26.783Z]     -- USD Boost::boost version: 108100
[2023-11-23T16:41:26.783Z]     -- Found USD: P:/shared/Artifactory/Windows/USD/6a9558d (found suitable version "0.23.11", minimum required is "0.22.11")
[2023-11-23T16:41:26.783Z]     Updated PYTHONPATH: P:\shared\Artifactory\Windows\USD\6a9558d\lib\python
[2023-11-23T16:41:26.783Z]     Updated PATH: P:\shared\Artifactory\Windows\cmake\3.20.3\afe857a\bin;C:\Python27\lib\site-packages\pywin32_system32;C:\Program Files\Microsoft Visual Studio\2022\Professional\VC\Tools\MSVC\14.33.31629\bin\HostX64\x64;C:\Program Files\Microsoft Visual Studio\2022\Professional\Common7\IDE\VC\VCPackages;C:\Program Files\Microsoft Visual Studio\2022\Professional\Common7\IDE\CommonExtensions\Microsoft\TestWindow;C:\Program Files\Microsoft Visual Studio\2022\Professional\Common7\IDE\CommonExtensions\Microsoft\TeamFoundation\Team Explorer;C:\Program Files\Microsoft Visual Studio\2022\Professional\MSBuild\Current\bin\Roslyn;C:\Program Files\Microsoft Visual Studio\2022\Professional\Team Tools\Performance Tools\x64;C:\Program Files\Microsoft Visual Studio\2022\Professional\Team Tools\Performance Tools;C:\Program Files (x86)\Microsoft Visual Studio\Shared\Common\VSPerfCollectionTools\vs2019\\x64;C:\Program Files (x86)\Microsoft Visual Studio\Shared\Common\VSPerfCollectionTools\vs2019\;C:\Program Files (x86)\Microsoft SDKs\Windows\v10.0A\bin\NETFX 4.8 Tools\x64\;C:\Program Files (x86)\HTML Help Workshop;C:\Program Files\Microsoft Visual Studio\2022\Professional\Common7\IDE\CommonExtensions\Microsoft\FSharp\Tools;C:\Program Files (x86)\Windows Kits\10\bin\10.0.19041.0\\x64;C:\Program Files (x86)\Windows Kits\10\bin\\x64;C:\Program Files\Microsoft Visual Studio\2022\Professional\\MSBuild\Current\Bin\amd64;C:\WINDOWS\Microsoft.NET\Framework64\v4.0.30319;C:\Program Files\Microsoft Visual Studio\2022\Professional\Common7\IDE\;C:\Program Files\Microsoft Visual Studio\2022\Professional\Common7\Tools\;C:\Python27\;C:\Python27\Scripts;C:\WINDOWS\system32;C:\WINDOWS;C:\WINDOWS\System32\Wbem;C:\WINDOWS\System32\WindowsPowerShell\v1.0\;C:\WINDOWS\System32\OpenSSH\;C:\ProgramData\chocolatey\bin;C:\Program Files (x86)\WiX Toolset v3.7\bin;C:\Program Files\dotnet\;C:\Program Files\Zulu\zulu-11\bin\;C:\Program Files (x86)\Windows Kits\10\bin\10.0.19041.0\x64;C:\Program Files (x86)\Windows Kits\10\bin\10.0.18362.0\x64;C:\Program Files (x86)\Windows Kits\10\bin\10.0.17763.0\x64;C:\Program Files (x86)\Windows Kits\10\bin\x64;C:\Strawberry\c\bin;C:\Strawberry\perl\site\bin;C:\Strawberry\perl\bin;C:\Program Files\Git\cmd;C:\Program Files\Git\usr\bin;C:\Program Files\Git\mingw64\bin;C:\Program Files\Git\bin;C:\Python38\;C:\Python38\Scripts;C:\StoreBoxClientWindows;C:\Program Files\Electric Cloud\ElectricCommander\bin;C:\Program Files\WinRAR;C:\Program Files\7-Zip;C:\Users\Administrator\AppData\Local\Microsoft\WindowsApps;C:\Users\Administrator\.dotnet\tools;C:\Program Files\Microsoft Visual Studio\2022\Professional\Common7\IDE\CommonExtensions\Microsoft\CMake\CMake\bin;C:\Program Files\Microsoft Visual Studio\2022\Professional\Common7\IDE\CommonExtensions\Microsoft\CMake\Ninja;C:\Program Files\Microsoft Visual Studio\2022\Professional\Common7\IDE\VC\Linux\bin\ConnectionManagerExe;P:\shared\Artifactory\Windows\USD\6a9558d\bin;P:\shared\Artifactory\Windows\USD\6a9558d\lib
[2023-11-23T16:41:26.783Z]     -- Found UFE: P:/shared/Artifactory/Windows/rundev-master/202311221838/runtime/0c83665/devkitBase/devkit/ufe/include (found version "0.5.13")
[2023-11-23T16:41:26.783Z]     -- UFE include dir: P:/shared/Artifactory/Windows/rundev-master/202311221838/runtime/0c83665/devkitBase/devkit/ufe/include
[2023-11-23T16:41:26.783Z]     -- UFE library: P:/shared/Artifactory/Windows/rundev-master/202311221838/runtime/0c83665/devkitBase/devkit/ufe/lib/ufe_0.lib
[2023-11-23T16:41:26.783Z]     -- UFE version: 0.5.13
[2023-11-23T16:41:26.783Z]     -- Maya has UFE lights API
[2023-11-23T16:41:26.783Z]     -- Maya has UFE scene segment API
[2023-11-23T16:41:26.783Z]     -- Maya has UFE TrieNode childrenComponents accessor
[2023-11-23T16:41:26.783Z]     -- Building with UFE 0.5.13.
[2023-11-23T16:41:26.783Z]     -- Found MaterialX
[2023-11-23T16:41:27.124Z]     -- Performing Test HAVE_STDATOMIC
[2023-11-23T16:41:27.941Z]     -- Performing Test HAVE_STDATOMIC - Success
[2023-11-23T16:41:28.277Z]     -- Found OpenGL: opengl32
[2023-11-23T16:41:29.442Z]     -- Check if linker can resolve circular dependencies - TRUE
[2023-11-23T16:41:29.442Z]     -- Found Qt 6.5.3 in Maya devkit. Hydra Scene Browser will be built.
[2023-11-23T16:41:29.442Z]     -- **** Building Gulrak From Github Repository.
[2023-11-23T16:41:29.442Z]     -- Populating gulrak
[2023-11-23T16:41:29.442Z]     -- Configuring done
[2023-11-23T16:41:29.442Z]     -- Generating done
[2023-11-23T16:41:29.777Z]     -- Build files have been written to: W:/build/RelWithDebInfo/_deps/gulrak-subbuild
[2023-11-23T16:41:30.118Z]     [1/9] Creating directories for 'gulrak-populate'
[2023-11-23T16:41:30.118Z]     [1/9] Performing download step (git clone) for 'gulrak-populate'
[2023-11-23T16:41:30.454Z]     Cloning into 'gulrak-src'...
[2023-11-23T16:41:31.619Z]     HEAD is now at 4e21ab3 Version bump and updated readme.
[2023-11-23T16:41:33.302Z]     [2/9] Performing update step for 'gulrak-populate'
[2023-11-23T16:41:33.637Z]     [4/9] No patch step for 'gulrak-populate'
[2023-11-23T16:41:33.637Z]     [5/9] No configure step for 'gulrak-populate'
[2023-11-23T16:41:33.986Z]     [6/9] No build step for 'gulrak-populate'
[2023-11-23T16:41:33.986Z]     [7/9] No install step for 'gulrak-populate'
[2023-11-23T16:41:33.986Z]     [8/9] No test step for 'gulrak-populate'
[2023-11-23T16:41:34.323Z]     [9/9] Completed 'gulrak-populate'
[2023-11-23T16:41:35.043Z]     -- ========== Installing GoogleTest... ==========
[2023-11-23T16:41:35.402Z]     -- Configuring done
[2023-11-23T16:41:35.402Z]     -- Generating done
[2023-11-23T16:41:35.402Z]     -- Build files have been written to: W:/build/RelWithDebInfo/googletest-config
[2023-11-23T16:41:35.740Z]     [1/8] Creating directories for 'googletest'
[2023-11-23T16:41:41.701Z]     [2/8] Performing download step (git clone) for 'googletest'
[2023-11-23T16:41:41.701Z]     Cloning into 'googletest-src'...
[2023-11-23T16:41:41.701Z]     HEAD is now at 703bd9ca Googletest export
[2023-11-23T16:41:42.037Z]     [3/8] Performing update step for 'googletest'
[2023-11-23T16:41:42.037Z]     [4/8] No patch step for 'googletest'
[2023-11-23T16:41:45.077Z]     [5/8] Performing configure step for 'googletest'
[2023-11-23T16:41:45.077Z]     Not searching for unused variables given on the command line.
[2023-11-23T16:41:45.077Z]     CMake Deprecation Warning at CMakeLists.txt:4 (cmake_minimum_required):
[2023-11-23T16:41:45.077Z]       Compatibility with CMake < 2.8.12 will be removed from a future version of
[2023-11-23T16:41:45.077Z]       CMake.
[2023-11-23T16:41:45.077Z]     
[2023-11-23T16:41:45.077Z]       Update the VERSION argument <min> value or use a ...<max> suffix to tell
[2023-11-23T16:41:45.077Z]       CMake that the project does not need compatibility with older versions.
[2023-11-23T16:41:45.077Z]     
[2023-11-23T16:41:45.077Z]     
[2023-11-23T16:41:45.077Z]     -- The C compiler identification is MSVC 19.33.31629.0
[2023-11-23T16:41:45.077Z]     -- The CXX compiler identification is MSVC 19.33.31629.0
[2023-11-23T16:41:45.077Z]     -- Detecting C compiler ABI info
[2023-11-23T16:41:45.077Z]     -- Detecting C compiler ABI info - done
[2023-11-23T16:41:45.077Z]     -- Check for working C compiler: C:/Program Files/Microsoft Visual Studio/2022/Professional/VC/Tools/MSVC/14.33.31629/bin/Hostx64/x64/cl.exe - skipped
[2023-11-23T16:41:45.077Z]     -- Detecting C compile features
[2023-11-23T16:41:45.077Z]     -- Detecting C compile features - done
[2023-11-23T16:41:45.077Z]     -- Detecting CXX compiler ABI info
[2023-11-23T16:41:45.077Z]     -- Detecting CXX compiler ABI info - done
[2023-11-23T16:41:45.077Z]     -- Check for working CXX compiler: C:/Program Files/Microsoft Visual Studio/2022/Professional/VC/Tools/MSVC/14.33.31629/bin/Hostx64/x64/cl.exe - skipped
[2023-11-23T16:41:45.077Z]     -- Detecting CXX compile features
[2023-11-23T16:41:45.077Z]     -- Detecting CXX compile features - done
[2023-11-23T16:41:45.077Z]     CMake Deprecation Warning at googletest/CMakeLists.txt:56 (cmake_minimum_required):
[2023-11-23T16:41:45.077Z]       Compatibility with CMake < 2.8.12 will be removed from a future version of
[2023-11-23T16:41:45.077Z]       CMake.
[2023-11-23T16:41:45.077Z]     
[2023-11-23T16:41:45.077Z]       Update the VERSION argument <min> value or use a ...<max> suffix to tell
[2023-11-23T16:41:45.077Z]       CMake that the project does not need compatibility with older versions.
[2023-11-23T16:41:45.077Z]     
[2023-11-23T16:41:45.077Z]     
[2023-11-23T16:41:45.077Z]     -- Found PythonInterp: C:/Python27/python.exe (found version "2.7.18")
[2023-11-23T16:41:45.077Z]     -- Looking for pthread.h
[2023-11-23T16:41:45.077Z]     -- Looking for pthread.h - not found
[2023-11-23T16:41:45.077Z]     -- Found Threads: TRUE
[2023-11-23T16:41:45.077Z]     -- Configuring done
[2023-11-23T16:41:45.077Z]     -- Generating done
[2023-11-23T16:41:45.077Z]     -- Build files have been written to: W:/build/RelWithDebInfo/googletest-build
[2023-11-23T16:41:49.937Z]     [6/8] Performing build step for 'googletest'
[2023-11-23T16:41:49.937Z]     [1/4] Building CXX object googletest\CMakeFiles\gtest_main.dir\src\gtest_main.cc.obj
[2023-11-23T16:41:49.937Z]     [2/4] Building CXX object googletest\CMakeFiles\gtest.dir\src\gtest-all.cc.obj
[2023-11-23T16:41:49.937Z]     [3/4] Linking CXX shared library bin\gtest.dll
[2023-11-23T16:41:49.937Z]     [4/4] Linking CXX shared library bin\gtest_main.dll
[2023-11-23T16:41:49.937Z]     [7/8] Performing install step for 'googletest'
[2023-11-23T16:41:49.937Z]     [0/1] Install the project...
[2023-11-23T16:41:49.937Z]     -- Install configuration: "RelWithDebInfo"
[2023-11-23T16:41:50.281Z]     [8/8] Completed 'googletest'
[2023-11-23T16:41:50.281Z]     -- ========== ...  GoogleTest installed. ==========
[2023-11-23T16:41:51.006Z]     -- Found GTest: W:/build/RelWithDebInfo/googletest-install/lib/gtest.lib
[2023-11-23T16:41:51.341Z]     -- promoting: S:/Jenkins/workspace/ECP/ecg-maya-hydra/ecg-maya-hydra-branch-preflight-python3-windows/ecg-maya-hydra/maya-hydra/lib/mayaHydra/mayaPlugin/pluginUtils.h
[2023-11-23T16:41:51.341Z]     -- promoting: S:/Jenkins/workspace/ECP/ecg-maya-hydra/ecg-maya-hydra-branch-preflight-python3-windows/ecg-maya-hydra/maya-hydra/lib/mayaHydra/hydraExtensions/api.h
[2023-11-23T16:41:51.341Z]     -- promoting: S:/Jenkins/workspace/ECP/ecg-maya-hydra/ecg-maya-hydra-branch-preflight-python3-windows/ecg-maya-hydra/maya-hydra/lib/mayaHydra/hydraExtensions/debugCodes.h
[2023-11-23T16:41:51.341Z]     -- promoting: S:/Jenkins/workspace/ECP/ecg-maya-hydra/ecg-maya-hydra-branch-preflight-python3-windows/ecg-maya-hydra/maya-hydra/lib/mayaHydra/hydraExtensions/hydraUtils.h
[2023-11-23T16:41:51.341Z]     -- promoting: S:/Jenkins/workspace/ECP/ecg-maya-hydra/ecg-maya-hydra-branch-preflight-python3-windows/ecg-maya-hydra/maya-hydra/lib/mayaHydra/hydraExtensions/mayaHydraLibInterface.h
[2023-11-23T16:41:51.341Z]     -- promoting: S:/Jenkins/workspace/ECP/ecg-maya-hydra/ecg-maya-hydra-branch-preflight-python3-windows/ecg-maya-hydra/maya-hydra/lib/mayaHydra/hydraExtensions/mayaHydraLibInterfaceImp.h
[2023-11-23T16:41:51.341Z]     -- promoting: S:/Jenkins/workspace/ECP/ecg-maya-hydra/ecg-maya-hydra-branch-preflight-python3-windows/ecg-maya-hydra/maya-hydra/lib/mayaHydra/hydraExtensions/mayaUtils.h
[2023-11-23T16:41:51.341Z]     -- promoting: S:/Jenkins/workspace/ECP/ecg-maya-hydra/ecg-maya-hydra-branch-preflight-python3-windows/ecg-maya-hydra/maya-hydra/lib/mayaHydra/hydraExtensions/mixedUtils.h
[2023-11-23T16:41:51.341Z]     -- promoting: S:/Jenkins/workspace/ECP/ecg-maya-hydra/ecg-maya-hydra-branch-preflight-python3-windows/ecg-maya-hydra/maya-hydra/lib/mayaHydra/hydraExtensions/mayaHydraSceneProducer.h
[2023-11-23T16:41:51.341Z]     -- promoting: S:/Jenkins/workspace/ECP/ecg-maya-hydra/ecg-maya-hydra-branch-preflight-python3-windows/ecg-maya-hydra/maya-hydra/lib/mayaHydra/hydraExtensions/adapters/adapter.h
[2023-11-23T16:41:51.341Z]     -- promoting: S:/Jenkins/workspace/ECP/ecg-maya-hydra/ecg-maya-hydra-branch-preflight-python3-windows/ecg-maya-hydra/maya-hydra/lib/mayaHydra/hydraExtensions/adapters/adapterDebugCodes.h
[2023-11-23T16:41:51.341Z]     -- promoting: S:/Jenkins/workspace/ECP/ecg-maya-hydra/ecg-maya-hydra-branch-preflight-python3-windows/ecg-maya-hydra/maya-hydra/lib/mayaHydra/hydraExtensions/adapters/adapterRegistry.h
[2023-11-23T16:41:51.341Z]     -- promoting: S:/Jenkins/workspace/ECP/ecg-maya-hydra/ecg-maya-hydra-branch-preflight-python3-windows/ecg-maya-hydra/maya-hydra/lib/mayaHydra/hydraExtensions/adapters/cameraAdapter.h
[2023-11-23T16:41:51.341Z]     -- promoting: S:/Jenkins/workspace/ECP/ecg-maya-hydra/ecg-maya-hydra-branch-preflight-python3-windows/ecg-maya-hydra/maya-hydra/lib/mayaHydra/hydraExtensions/adapters/constantShadowMatrix.h
[2023-11-23T16:41:51.341Z]     -- promoting: S:/Jenkins/workspace/ECP/ecg-maya-hydra/ecg-maya-hydra-branch-preflight-python3-windows/ecg-maya-hydra/maya-hydra/lib/mayaHydra/hydraExtensions/adapters/dagAdapter.h
[2023-11-23T16:41:51.341Z]     -- promoting: S:/Jenkins/workspace/ECP/ecg-maya-hydra/ecg-maya-hydra-branch-preflight-python3-windows/ecg-maya-hydra/maya-hydra/lib/mayaHydra/hydraExtensions/adapters/renderItemAdapter.h
[2023-11-23T16:41:51.341Z]     -- promoting: S:/Jenkins/workspace/ECP/ecg-maya-hydra/ecg-maya-hydra-branch-preflight-python3-windows/ecg-maya-hydra/maya-hydra/lib/mayaHydra/hydraExtensions/adapters/lightAdapter.h
[2023-11-23T16:41:51.341Z]     -- promoting: S:/Jenkins/workspace/ECP/ecg-maya-hydra/ecg-maya-hydra-branch-preflight-python3-windows/ecg-maya-hydra/maya-hydra/lib/mayaHydra/hydraExtensions/adapters/materialAdapter.h
[2023-11-23T16:41:51.341Z]     -- promoting: S:/Jenkins/workspace/ECP/ecg-maya-hydra/ecg-maya-hydra-branch-preflight-python3-windows/ecg-maya-hydra/maya-hydra/lib/mayaHydra/hydraExtensions/adapters/materialNetworkConverter.h
[2023-11-23T16:41:51.341Z]     -- promoting: S:/Jenkins/workspace/ECP/ecg-maya-hydra/ecg-maya-hydra-branch-preflight-python3-windows/ecg-maya-hydra/maya-hydra/lib/mayaHydra/hydraExtensions/adapters/mayaAttrs.h
[2023-11-23T16:41:51.341Z]     -- promoting: S:/Jenkins/workspace/ECP/ecg-maya-hydra/ecg-maya-hydra-branch-preflight-python3-windows/ecg-maya-hydra/maya-hydra/lib/mayaHydra/hydraExtensions/adapters/shapeAdapter.h
[2023-11-23T16:41:51.341Z]     -- promoting: S:/Jenkins/workspace/ECP/ecg-maya-hydra/ecg-maya-hydra-branch-preflight-python3-windows/ecg-maya-hydra/maya-hydra/lib/mayaHydra/hydraExtensions/adapters/tokens.h
[2023-11-23T16:41:51.341Z]     -- promoting: S:/Jenkins/workspace/ECP/ecg-maya-hydra/ecg-maya-hydra-branch-preflight-python3-windows/ecg-maya-hydra/maya-hydra/lib/mayaHydra/hydraExtensions/delegates/delegate.h
[2023-11-23T16:41:51.341Z]     -- promoting: S:/Jenkins/workspace/ECP/ecg-maya-hydra/ecg-maya-hydra-branch-preflight-python3-windows/ecg-maya-hydra/maya-hydra/lib/mayaHydra/hydraExtensions/delegates/delegateCtx.h
[2023-11-23T16:41:51.341Z]     -- promoting: S:/Jenkins/workspace/ECP/ecg-maya-hydra/ecg-maya-hydra-branch-preflight-python3-windows/ecg-maya-hydra/maya-hydra/lib/mayaHydra/hydraExtensions/delegates/delegateDebugCodes.h
[2023-11-23T16:41:51.341Z]     -- promoting: S:/Jenkins/workspace/ECP/ecg-maya-hydra/ecg-maya-hydra-branch-preflight-python3-windows/ecg-maya-hydra/maya-hydra/lib/mayaHydra/hydraExtensions/delegates/delegateRegistry.h
[2023-11-23T16:41:51.341Z]     -- promoting: S:/Jenkins/workspace/ECP/ecg-maya-hydra/ecg-maya-hydra-branch-preflight-python3-windows/ecg-maya-hydra/maya-hydra/lib/mayaHydra/hydraExtensions/delegates/params.h
[2023-11-23T16:41:51.341Z]     -- promoting: S:/Jenkins/workspace/ECP/ecg-maya-hydra/ecg-maya-hydra-branch-preflight-python3-windows/ecg-maya-hydra/maya-hydra/lib/mayaHydra/hydraExtensions/delegates/sceneDelegate.h
[2023-11-23T16:41:51.341Z]     -- promoting: S:/Jenkins/workspace/ECP/ecg-maya-hydra/ecg-maya-hydra-branch-preflight-python3-windows/ecg-maya-hydra/maya-hydra/lib/mayaHydra/hydraExtensions/delegates/defaultLightDelegate.h
[2023-11-23T16:41:51.341Z]     -- promoting: S:/Jenkins/workspace/ECP/ecg-maya-hydra/ecg-maya-hydra-branch-preflight-python3-windows/ecg-maya-hydra/maya-hydra/lib/mayaHydra/hydraExtensions/delegates/testDelegate.h
[2023-11-23T16:41:51.341Z]     -- promoting: S:/Jenkins/workspace/ECP/ecg-maya-hydra/ecg-maya-hydra-branch-preflight-python3-windows/ecg-maya-hydra/maya-hydra/lib/mayaHydra/hydraExtensions/sceneIndex/registration.h
[2023-11-23T16:41:51.341Z]     -- promoting: S:/Jenkins/workspace/ECP/ecg-maya-hydra/ecg-maya-hydra-branch-preflight-python3-windows/ecg-maya-hydra/maya-hydra/lib/mayaHydra/hydraExtensions/sceneIndex/mayaHydraSceneIndex.h
[2023-11-23T16:41:51.341Z]     -- promoting: S:/Jenkins/workspace/ECP/ecg-maya-hydra/ecg-maya-hydra-branch-preflight-python3-windows/ecg-maya-hydra/maya-hydra/lib/mayaHydra/hydraExtensions/sceneIndex/mayaHydraDataSource.h
[2023-11-23T16:41:51.341Z]     -- promoting: S:/Jenkins/workspace/ECP/ecg-maya-hydra/ecg-maya-hydra-branch-preflight-python3-windows/ecg-maya-hydra/maya-hydra/lib/mayaHydra/hydraExtensions/sceneIndex/mayaHydraPrimvarDataSource.h
[2023-11-23T16:41:51.341Z]     -- promoting: S:/Jenkins/workspace/ECP/ecg-maya-hydra/ecg-maya-hydra-branch-preflight-python3-windows/ecg-maya-hydra/maya-hydra/lib/mayaHydra/hydraExtensions/sceneIndex/mayaHydraDisplayStyleDataSource.h
[2023-11-23T16:41:51.341Z]     -- promoting: S:/Jenkins/workspace/ECP/ecg-maya-hydra/ecg-maya-hydra-branch-preflight-python3-windows/ecg-maya-hydra/maya-hydra/lib/mayaHydra/hydraExtensions/sceneIndex/mayaHydraCameraDataSource.h
[2023-11-23T16:41:51.341Z]     -- promoting: S:/Jenkins/workspace/ECP/ecg-maya-hydra/ecg-maya-hydra-branch-preflight-python3-windows/ecg-maya-hydra/maya-hydra/lib/mayaHydra/hydraExtensions/sceneIndex/mayaHydraLightDataSource.h
[2023-11-23T16:41:51.341Z]     -- promoting: S:/Jenkins/workspace/ECP/ecg-maya-hydra/ecg-maya-hydra-branch-preflight-python3-windows/ecg-maya-hydra/maya-hydra/lib/mayaHydra/hydraExtensions/sceneIndex/mayaHydraDefaultLightDataSource.h
[2023-11-23T16:41:51.341Z]     -- promoting: S:/Jenkins/workspace/ECP/ecg-maya-hydra/ecg-maya-hydra-branch-preflight-python3-windows/ecg-maya-hydra/maya-hydra/lib/mayaHydra/ufeExtensions/api.h
[2023-11-23T16:41:51.341Z]     -- promoting: S:/Jenkins/workspace/ECP/ecg-maya-hydra/ecg-maya-hydra-branch-preflight-python3-windows/ecg-maya-hydra/maya-hydra/lib/mayaHydra/ufeExtensions/Global.h
[2023-11-23T16:41:51.341Z]     -- promoting: S:/Jenkins/workspace/ECP/ecg-maya-hydra/ecg-maya-hydra-branch-preflight-python3-windows/ecg-maya-hydra/maya-hydra/lib/flowViewport/api.h
[2023-11-23T16:41:51.341Z]     -- promoting: S:/Jenkins/workspace/ECP/ecg-maya-hydra/ecg-maya-hydra-branch-preflight-python3-windows/ecg-maya-hydra/maya-hydra/lib/flowViewport/debugCodes.h
[2023-11-23T16:41:51.341Z]     -- promoting: S:/Jenkins/workspace/ECP/ecg-maya-hydra/ecg-maya-hydra-branch-preflight-python3-windows/ecg-maya-hydra/maya-hydra/lib/flowViewport/global.h
[2023-11-23T16:41:51.341Z]     -- promoting: S:/Jenkins/workspace/ECP/ecg-maya-hydra/ecg-maya-hydra-branch-preflight-python3-windows/ecg-maya-hydra/maya-hydra/lib/flowViewport/tokens.h
[2023-11-23T16:41:51.341Z]     -- promoting: S:/Jenkins/workspace/ECP/ecg-maya-hydra/ecg-maya-hydra-branch-preflight-python3-windows/ecg-maya-hydra/maya-hydra/lib/flowViewport/colorPreferences/fvpColorChanged.h
[2023-11-23T16:41:51.341Z]     -- promoting: S:/Jenkins/workspace/ECP/ecg-maya-hydra/ecg-maya-hydra-branch-preflight-python3-windows/ecg-maya-hydra/maya-hydra/lib/flowViewport/colorPreferences/fvpColorPreferences.h
[2023-11-23T16:41:51.341Z]     -- promoting: S:/Jenkins/workspace/ECP/ecg-maya-hydra/ecg-maya-hydra-branch-preflight-python3-windows/ecg-maya-hydra/maya-hydra/lib/flowViewport/colorPreferences/fvpColorPreferencesTokens.h
[2023-11-23T16:41:51.341Z]     -- promoting: S:/Jenkins/workspace/ECP/ecg-maya-hydra/ecg-maya-hydra-branch-preflight-python3-windows/ecg-maya-hydra/maya-hydra/lib/flowViewport/colorPreferences/fvpColorPreferencesTranslator.h
[2023-11-23T16:41:51.341Z]     -- promoting: S:/Jenkins/workspace/ECP/ecg-maya-hydra/ecg-maya-hydra-branch-preflight-python3-windows/ecg-maya-hydra/maya-hydra/lib/flowViewport/sceneIndex/fvpMergingSceneIndex.h
[2023-11-23T16:41:51.341Z]     -- promoting: S:/Jenkins/workspace/ECP/ecg-maya-hydra/ecg-maya-hydra-branch-preflight-python3-windows/ecg-maya-hydra/maya-hydra/lib/flowViewport/sceneIndex/fvpPathInterface.h
[2023-11-23T16:41:51.341Z]     -- promoting: S:/Jenkins/workspace/ECP/ecg-maya-hydra/ecg-maya-hydra-branch-preflight-python3-windows/ecg-maya-hydra/maya-hydra/lib/flowViewport/sceneIndex/fvpPathInterfaceSceneIndex.h
[2023-11-23T16:41:51.341Z]     -- promoting: S:/Jenkins/workspace/ECP/ecg-maya-hydra/ecg-maya-hydra-branch-preflight-python3-windows/ecg-maya-hydra/maya-hydra/lib/flowViewport/sceneIndex/fvpRenderIndexProxy.h
[2023-11-23T16:41:51.341Z]     -- promoting: S:/Jenkins/workspace/ECP/ecg-maya-hydra/ecg-maya-hydra-branch-preflight-python3-windows/ecg-maya-hydra/maya-hydra/lib/flowViewport/sceneIndex/fvpRenderIndexProxyFwd.h
[2023-11-23T16:41:51.341Z]     -- promoting: S:/Jenkins/workspace/ECP/ecg-maya-hydra/ecg-maya-hydra-branch-preflight-python3-windows/ecg-maya-hydra/maya-hydra/lib/flowViewport/sceneIndex/fvpSelectionSceneIndex.h
[2023-11-23T16:41:51.341Z]     -- promoting: S:/Jenkins/workspace/ECP/ecg-maya-hydra/ecg-maya-hydra-branch-preflight-python3-windows/ecg-maya-hydra/maya-hydra/lib/flowViewport/sceneIndex/fvpWireframeSelectionHighlightSceneIndex.h
[2023-11-23T16:41:51.341Z]     -- promoting: S:/Jenkins/workspace/ECP/ecg-maya-hydra/ecg-maya-hydra-branch-preflight-python3-windows/ecg-maya-hydra/maya-hydra/lib/flowViewport/API/fvpSelectionClient.h
[2023-11-23T16:41:51.341Z]     -- promoting: S:/Jenkins/workspace/ECP/ecg-maya-hydra/ecg-maya-hydra-branch-preflight-python3-windows/ecg-maya-hydra/maya-hydra/lib/flowViewport/API/fvpFlowSelectionInterface.h
[2023-11-23T16:41:51.341Z]     -- promoting: S:/Jenkins/workspace/ECP/ecg-maya-hydra/ecg-maya-hydra-branch-preflight-python3-windows/ecg-maya-hydra/maya-hydra/lib/flowViewport/API/fvpVersionInterface.h
[2023-11-23T16:41:51.341Z]     -- promoting: S:/Jenkins/workspace/ECP/ecg-maya-hydra/ecg-maya-hydra-branch-preflight-python3-windows/ecg-maya-hydra/maya-hydra/lib/flowViewport/API/fvpInformationInterface.h
[2023-11-23T16:41:51.341Z]     -- promoting: S:/Jenkins/workspace/ECP/ecg-maya-hydra/ecg-maya-hydra-branch-preflight-python3-windows/ecg-maya-hydra/maya-hydra/lib/flowViewport/API/fvpInformationClient.h
[2023-11-23T16:41:51.341Z]     -- promoting: S:/Jenkins/workspace/ECP/ecg-maya-hydra/ecg-maya-hydra-branch-preflight-python3-windows/ecg-maya-hydra/maya-hydra/lib/flowViewport/API/interfacesImp/fvpSelectionInterfaceImp.h
[2023-11-23T16:41:51.341Z]     -- promoting: S:/Jenkins/workspace/ECP/ecg-maya-hydra/ecg-maya-hydra-branch-preflight-python3-windows/ecg-maya-hydra/maya-hydra/lib/flowViewport/API/interfacesImp/fvpVersionInterfaceImp.h
[2023-11-23T16:41:51.341Z]     -- promoting: S:/Jenkins/workspace/ECP/ecg-maya-hydra/ecg-maya-hydra-branch-preflight-python3-windows/ecg-maya-hydra/maya-hydra/lib/flowViewport/API/interfacesImp/fvpInformationInterfaceImp.h
[2023-11-23T16:41:51.341Z]     -- promoting: S:/Jenkins/workspace/ECP/ecg-maya-hydra/ecg-maya-hydra-branch-preflight-python3-windows/ecg-maya-hydra/maya-hydra/lib/flowViewport/API/samples/fvpSelectionClientExample.h
[2023-11-23T16:41:51.341Z]     -- promoting: S:/Jenkins/workspace/ECP/ecg-maya-hydra/ecg-maya-hydra-branch-preflight-python3-windows/ecg-maya-hydra/maya-hydra/lib/flowViewport/API/samples/fvpInformationClientExample.h
[2023-11-23T16:41:51.341Z]     -- promoting: S:/Jenkins/workspace/ECP/ecg-maya-hydra/ecg-maya-hydra-branch-preflight-python3-windows/ecg-maya-hydra/maya-hydra/lib/flowViewport/API/perViewportSceneIndicesData/fvpViewportInformationAndSceneIndicesPerViewportData.h
[2023-11-23T16:41:51.341Z]     -- promoting: S:/Jenkins/workspace/ECP/ecg-maya-hydra/ecg-maya-hydra-branch-preflight-python3-windows/ecg-maya-hydra/maya-hydra/lib/flowViewport/API/perViewportSceneIndicesData/fvpViewportInformationAndSceneIndicesPerViewportDataManager.h
[2023-11-23T16:41:51.341Z]     -- promoting: S:/Jenkins/workspace/ECP/ecg-maya-hydra/ecg-maya-hydra-branch-preflight-python3-windows/ecg-maya-hydra/maya-hydra/lib/flowViewport/selection/fvpSelection.h
[2023-11-23T16:41:51.341Z]     -- promoting: S:/Jenkins/workspace/ECP/ecg-maya-hydra/ecg-maya-hydra-branch-preflight-python3-windows/ecg-maya-hydra/maya-hydra/lib/flowViewport/selection/fvpSelectionFwd.h
[2023-11-23T16:41:51.341Z]     -- promoting: S:/Jenkins/workspace/ECP/ecg-maya-hydra/ecg-maya-hydra-branch-preflight-python3-windows/ecg-maya-hydra/maya-hydra/lib/flowViewport/selection/fvpSelectionTask.h
[2023-11-23T16:41:51.341Z]     -- promoting: S:/Jenkins/workspace/ECP/ecg-maya-hydra/ecg-maya-hydra-branch-preflight-python3-windows/ecg-maya-hydra/maya-hydra/lib/flowViewport/selection/fvpSelectionTracker.h
[2023-11-23T16:41:52.064Z]     -- Configuring done
[2023-11-23T16:41:52.786Z]     -- Generating done
[2023-11-23T16:41:52.786Z]     -- Build files have been written to: W:/build/RelWithDebInfo
[2023-11-23T16:41:52.786Z]     
[2023-11-23T16:41:52.786Z]         Building with settings:
[2023-11-23T16:41:52.786Z]           Source directory          S:\Jenkins\workspace\ECP\ecg-maya-hydra\ecg-maya-hydra-branch-preflight-python3-windows\ecg-maya-hydra\maya-hydra
[2023-11-23T16:41:52.786Z]           Workspace directory       W:\
[2023-11-23T16:41:52.786Z]           Build directory           W:\build\RelWithDebInfo
[2023-11-23T16:41:52.786Z]           Install directory         W:\install\RelWithDebInfo\MayaHydra
[2023-11-23T16:41:52.786Z]           Variant                   RelWithDebInfo
[2023-11-23T16:41:52.786Z]           Python Debug              Off
[2023-11-23T16:41:52.786Z]           CMake generator           Ninja
[2023-11-23T16:41:52.786Z]           Build arguments           ['-DCMAKE_MAKE_PROGRAM=P:/shared/Artifactory/Windows/ninja/1.10.2/ccacdf8/ninja.exe', '-DPYTHON_INCLUDE_DIR=P:/shared/Artifactory/Windows/rundev-master/202311221838/runtime/0c83665/runTime/include/Python311/Python', '-DPython_EXECUTABLE=P:/shared/Artifactory/Windows/rundev-master/202311221838/runtime/0c83665/runTime/bin/mayapy.exe', '-DPYTHON_LIBRARIES=P:/shared/Artifactory/Windows/rundev-master/202311221838/runtime/0c83665/runTime/lib/python311.lib', '-DBUILD_WITH_PYTHON_3_VERSION=3.11', '-DCMAKE_WANT_MATERIALX_BUILD=ON', '-DCMAKE_PREFIX_PATH=P:\\shared\\Artifactory\\Windows\\USD\\6a9558d', '-DMAYAHYDRA_BUILD_NUMBER=415', '-DMAYAHYDRA_GIT_COMMIT=80e98c2c5a49cd0b6d7d4b6b3462972d9bcefbfa', '-DMAYAHYDRA_GIT_BRANCH=master']
[2023-11-23T16:41:52.786Z]           Stages arguments          ['configure']
[2023-11-23T16:41:52.786Z]           CTest arguments           ['--parallel 16']
[2023-11-23T16:41:52.786Z]     STATUS: Found Maya Qt headers in: P:\shared\Artifactory\Windows\rundev-master\202311221838\runtime\0c83665\devkitBase
[2023-11-23T16:41:52.786Z]     Success MayaHydra build and install !!!!
[2023-11-23T16:41:52.786Z]     Elapsed time: 00:00:31
[Pipeline] bat
[2023-11-23T16:41:53.732Z] Deleting alias drive W:
[Pipeline] bat
[2023-11-23T16:41:54.346Z] Deleting alias drive P:
[Pipeline] }
[Pipeline] // withEnv
[Pipeline] }
[Pipeline] // timeout
[Pipeline] }
[Pipeline] // stage
[Pipeline] }
[Pipeline] // timestamps
[Pipeline] timestamps
[Pipeline] {
[Pipeline] stage
[Pipeline] { (Build)
[Pipeline] timeout
[2023-11-23T16:41:54.745Z] Timeout set to expire in 6 hr 0 min
[Pipeline] {
[Pipeline] withEnv
[Pipeline] {
[Pipeline] bat
[2023-11-23T16:41:55.440Z] Creating alias drive P: to S:\jenkins\workspace
[Pipeline] bat
[2023-11-23T16:41:56.171Z] Creating alias drive W: to S:\Jenkins\workspace\ECP\ecg-maya-hydra\ecg-maya-hydra-branch-preflight-python3-windows
[Pipeline] bat
[2023-11-23T16:41:56.993Z] "C:\Program Files\Microsoft Visual Studio\2022\Professional\VC\Auxiliary\Build\vcvarsall.bat" x64
[2023-11-23T16:41:56.993Z] **********************************************************************
[2023-11-23T16:41:56.993Z] ** Visual Studio 2022 Developer Command Prompt v17.3.2
[2023-11-23T16:41:56.993Z] ** Copyright (c) 2022 Microsoft Corporation
[2023-11-23T16:41:56.993Z] **********************************************************************
[2023-11-23T16:41:58.677Z] [vcvarsall.bat] Environment initialized for: 'x64'
[2023-11-23T16:41:58.677Z] python ecg-maya-hydra/build.py --stages=build --workspace-dir=W:\ --artifactory-dir=P:\shared\Artifactory --build-dir=W:\build --install-dir=W:\install --signing-dir=W:\signing --package-dir=W:\package --output-dir=W:\output --stash-dir=W:\stash --jenkins-build=415 --git-commit=80e98c2c5a49cd0b6d7d4b6b3462972d9bcefbfa --git-branch=master --variants=Debug --interactive-tests=true --post-zips=false --osx-binary-architecture-target=ub2 --osx-deployment-target=11.0 --osx-base-sdk=CurrentActiveSDK --build-retry=3 --maya-cut-config=maya-rundev-master-debug.yaml --maya-package=rundev-master-debug --stage-banner
[2023-11-23T16:41:59.843Z] Using Maya cut from P:\shared\Artifactory\Windows\rundev-master-debug\202311220725\runtime\a121a89
[2023-11-23T16:41:59.843Z] Using Maya ADSK Signatures from P:\shared\Artifactory\Windows\adsk-plugin-signatures-maya\2023\3ae1ae7
[2023-11-23T16:41:59.843Z] Using Maya Security Library from P:\shared\Artifactory\Windows\maya-security-library\3.4.0\284407f
[2023-11-23T16:41:59.843Z] 
[2023-11-23T16:41:59.843Z] ================================================================================
[2023-11-23T16:41:59.843Z]                                  build (Debug)
[2023-11-23T16:41:59.843Z] ================================================================================
[2023-11-23T16:41:59.843Z] Maya Python Debug Info:
[2023-11-23T16:41:59.843Z]   mayapy executable   = P:\shared\Artifactory\Windows\rundev-master-debug\202311220725\runtime\a121a89\runTime\bin\mayapy.exe
[2023-11-23T16:41:59.843Z]   Include Folder      = P:\shared\Artifactory\Windows\rundev-master-debug\202311220725\runtime\a121a89\runTime\include\Python311\Python
[2023-11-23T16:41:59.843Z]   Library             = P:\shared\Artifactory\Windows\rundev-master-debug\202311220725\runtime\a121a89\runTime\lib\python311_d.lib
[2023-11-23T16:41:59.843Z]   site-package Folder = P:\shared\Artifactory\Windows\rundev-master-debug\202311220725\runtime\a121a89\runTime\Python\Lib\site-packages
[2023-11-23T16:42:02.139Z] 
[2023-11-23T16:42:02.139Z]             WARNING: The 'psutil' python package isn't installed. Thus, Peptide
[2023-11-23T16:42:02.139Z]             won't be able to determine the amount of RAM available. It will assume
[2023-11-23T16:42:02.139Z]             that your machine has only 16GB available, and will limit the number
[2023-11-23T16:42:02.139Z]             the number of link jobs being performed in parallel. This can
[2023-11-23T16:42:02.139Z]             negatively affect your build times.
[2023-11-23T16:42:02.139Z] 
[2023-11-23T16:42:02.139Z]             Please 'pip(3) install psutil' to resolve this.
[2023-11-23T16:42:02.139Z]             
[2023-11-23T16:42:02.139Z] In workdir: S:\Jenkins\workspace\ECP\ecg-maya-hydra\ecg-maya-hydra-branch-preflight-python3-windows\ecg-maya-hydra\maya-hydra
[2023-11-23T16:42:02.139Z] Executing: 'P:\\shared\\Artifactory\\Windows\\rundev-master-debug\\202311220725\\runtime\\a121a89\\runTime\\bin\\mayapy.exe' 'S:\\Jenkins\\workspace\\ECP\\ecg-maya-hydra\\ecg-maya-hydra-branch-preflight-python3-windows\\ecg-maya-hydra\\maya-hydra\\build.py' --generator Ninja --build-debug --maya-location 'P:\\shared\\Artifactory\\Windows\\rundev-master-debug\\202311220725\\runtime\\a121a89\\runTime' --devkit-location 'P:\\shared\\Artifactory\\Windows\\rundev-master-debug\\202311220725\\runtime\\a121a89\\devkitBase' --pxrusd-location 'P:\\shared\\Artifactory\\Windows\\USD\\01f407c' '--build-args=-DCMAKE_MAKE_PROGRAM=P:/shared/Artifactory/Windows/ninja/1.10.2/ccacdf8/ninja.exe,-DPYTHON_INCLUDE_DIR=P:/shared/Artifactory/Windows/rundev-master-debug/202311220725/runtime/a121a89/runTime/include/Python311/Python,-DPython_EXECUTABLE=P:/shared/Artifactory/Windows/rundev-master-debug/202311220725/runtime/a121a89/runTime/bin/mayapy.exe,-DPYTHON_LIBRARIES=P:/shared/Artifactory/Windows/rundev-master-debug/202311220725/runtime/a121a89/runTime/lib/python311_d.lib,-DBUILD_WITH_PYTHON_3_VERSION=3.11,-DCMAKE_WANT_MATERIALX_BUILD=ON,-DCMAKE_PREFIX_PATH=P:\\shared\\Artifactory\\Windows\\USD\\01f407c,-DMAYAHYDRA_BUILD_NUMBER=415,-DMAYAHYDRA_GIT_COMMIT=80e98c2c5a49cd0b6d7d4b6b3462972d9bcefbfa,-DMAYAHYDRA_GIT_BRANCH=master' --debug-python '--ctest-args=--parallel 16' --stages=build --redirect-outstream-file=False --install-location 'W:\\install\\Debug\\MayaHydra' 'W:\\'
[2023-11-23T16:42:02.139Z] Modified environment variables:
[2023-11-23T16:42:02.139Z]     PATH=P:\shared\Artifactory\Windows\cmake\3.20.3\afe857a\bin;C:\Python27\lib\site-packages\pywin32_system32;C:\Program Files\Microsoft Visual Studio\2022\Professional\VC\Tools\MSVC\14.33.31629\bin\HostX64\x64;C:\Program Files\Microsoft Visual Studio\2022\Professional\Common7\IDE\VC\VCPackages;C:\Program Files\Microsoft Visual Studio\2022\Professional\Common7\IDE\CommonExtensions\Microsoft\TestWindow;C:\Program Files\Microsoft Visual Studio\2022\Professional\Common7\IDE\CommonExtensions\Microsoft\TeamFoundation\Team Explorer;C:\Program Files\Microsoft Visual Studio\2022\Professional\MSBuild\Current\bin\Roslyn;C:\Program Files\Microsoft Visual Studio\2022\Professional\Team Tools\Performance Tools\x64;C:\Program Files\Microsoft Visual Studio\2022\Professional\Team Tools\Performance Tools;C:\Program Files (x86)\Microsoft Visual Studio\Shared\Common\VSPerfCollectionTools\vs2019\\x64;C:\Program Files (x86)\Microsoft Visual Studio\Shared\Common\VSPerfCollectionTools\vs2019\;C:\Program Files (x86)\Microsoft SDKs\Windows\v10.0A\bin\NETFX 4.8 Tools\x64\;C:\Program Files (x86)\HTML Help Workshop;C:\Program Files\Microsoft Visual Studio\2022\Professional\Common7\IDE\CommonExtensions\Microsoft\FSharp\Tools;C:\Program Files (x86)\Windows Kits\10\bin\10.0.19041.0\\x64;C:\Program Files (x86)\Windows Kits\10\bin\\x64;C:\Program Files\Microsoft Visual Studio\2022\Professional\\MSBuild\Current\Bin\amd64;C:\WINDOWS\Microsoft.NET\Framework64\v4.0.30319;C:\Program Files\Microsoft Visual Studio\2022\Professional\Common7\IDE\;C:\Program Files\Microsoft Visual Studio\2022\Professional\Common7\Tools\;C:\Python27\;C:\Python27\Scripts;C:\WINDOWS\system32;C:\WINDOWS;C:\WINDOWS\System32\Wbem;C:\WINDOWS\System32\WindowsPowerShell\v1.0\;C:\WINDOWS\System32\OpenSSH\;C:\ProgramData\chocolatey\bin;C:\Program Files (x86)\WiX Toolset v3.7\bin;C:\Program Files\dotnet\;C:\Program Files\Zulu\zulu-11\bin\;C:\Program Files (x86)\Windows Kits\10\bin\10.0.19041.0\x64;C:\Program Files (x86)\Windows Kits\10\bin\10.0.18362.0\x64;C:\Program Files (x86)\Windows Kits\10\bin\10.0.17763.0\x64;C:\Program Files (x86)\Windows Kits\10\bin\x64;C:\Strawberry\c\bin;C:\Strawberry\perl\site\bin;C:\Strawberry\perl\bin;C:\Program Files\Git\cmd;C:\Program Files\Git\usr\bin;C:\Program Files\Git\mingw64\bin;C:\Program Files\Git\bin;C:\Python38\;C:\Python38\Scripts;C:\StoreBoxClientWindows;C:\Program Files\Electric Cloud\ElectricCommander\bin;C:\Program Files\WinRAR;C:\Program Files\7-Zip;C:\Users\Administrator\AppData\Local\Microsoft\WindowsApps;C:\Users\Administrator\.dotnet\tools;C:\Program Files\Microsoft Visual Studio\2022\Professional\Common7\IDE\CommonExtensions\Microsoft\CMake\CMake\bin;C:\Program Files\Microsoft Visual Studio\2022\Professional\Common7\IDE\CommonExtensions\Microsoft\CMake\Ninja;C:\Program Files\Microsoft Visual Studio\2022\Professional\Common7\IDE\VC\Linux\bin\ConnectionManagerExe
[2023-11-23T16:42:04.712Z]     [1/108] Building CXX object lib\flowViewport\CMakeFiles\flowViewport.dir\sceneIndex\fvpPathInterface.cpp.obj
[2023-11-23T16:42:04.712Z]     [2/108] Building CXX object lib\flowViewport\CMakeFiles\flowViewport.dir\selection\fvpSelectionFwd.cpp.obj
[2023-11-23T16:42:05.047Z]     [3/108] Building CXX object lib\flowViewport\CMakeFiles\flowViewport.dir\tokens.cpp.obj
[2023-11-23T16:42:05.047Z]     [4/108] Building CXX object lib\flowViewport\CMakeFiles\flowViewport.dir\debugCodes.cpp.obj
[2023-11-23T16:42:05.047Z]     [5/108] Building CXX object lib\flowViewport\CMakeFiles\flowViewport.dir\colorPreferences\fvpColorPreferencesTokens.cpp.obj
[2023-11-23T16:42:05.047Z]     [6/108] Building CXX object lib\flowViewport\CMakeFiles\flowViewport.dir\API\interfacesImp\fvpVersionInterfaceImp.cpp.obj
[2023-11-23T16:42:05.382Z]     [7/108] Building CXX object lib\flowViewport\CMakeFiles\flowViewport.dir\colorPreferences\fvpColorChanged.cpp.obj
[2023-11-23T16:42:05.382Z]     [8/108] Building CXX object lib\flowViewport\CMakeFiles\flowViewport.dir\global.cpp.obj
[2023-11-23T16:42:05.382Z]     [9/108] Building CXX object lib\flowViewport\CMakeFiles\flowViewport.dir\colorPreferences\fvpColorPreferences.cpp.obj
[2023-11-23T16:42:06.104Z]     [10/108] Building CXX object lib\mayaHydra\ufeExtensions\CMakeFiles\ufeExtensions.dir\Global.cpp.obj
[2023-11-23T16:42:06.104Z]     [11/108] Building CXX object lib\flowViewport\CMakeFiles\flowViewport.dir\API\interfacesImp\fvpSelectionInterfaceImp.cpp.obj
[2023-11-23T16:42:06.839Z]     [12/108] Linking CXX shared library lib\mayaHydra\ufeExtensions\ufeExtensions.dll
[2023-11-23T16:42:06.839Z]     [13/108] Building CXX object lib\flowViewport\CMakeFiles\flowViewport.dir\API\samples\fvpSelectionClientExample.cpp.obj
[2023-11-23T16:42:08.007Z]     [14/108] Building CXX object test\lib\mayaUsd\render\mayaToHydra\cpp\CMakeFiles\mayaHydraCppTests.dir\mayaHydraCppTestsCmd.cpp.obj
[2023-11-23T16:42:08.007Z]     [15/108] Building CXX object test\lib\mayaUsd\render\mayaToHydra\cpp\CMakeFiles\mayaHydraCppTests.dir\testColorPreferences.cpp.obj
[2023-11-23T16:42:08.342Z]     [16/108] Building CXX object test\lib\mayaUsd\render\mayaToHydra\cpp\CMakeFiles\mayaHydraCppTests.dir\testCppFramework.cpp.obj
[2023-11-23T16:42:10.026Z]     [17/108] Building CXX object lib\flowViewport\CMakeFiles\flowViewport.dir\sceneIndex\fvpPathInterfaceSceneIndex.cpp.obj
[2023-11-23T16:42:10.026Z]     [18/108] Building CXX object lib\flowViewport\CMakeFiles\flowViewport.dir\sceneIndex\fvpMergingSceneIndex.cpp.obj
[2023-11-23T16:42:10.362Z]     [19/108] Building CXX object lib\flowViewport\CMakeFiles\flowViewport.dir\API\interfacesImp\fvpInformationInterfaceImp.cpp.obj
[2023-11-23T16:42:10.362Z]     [20/108] Building CXX object lib\flowViewport\CMakeFiles\flowViewport.dir\API\samples\fvpInformationClientExample.cpp.obj
[2023-11-23T16:42:10.362Z]     [21/108] Building CXX object lib\flowViewport\CMakeFiles\flowViewport.dir\sceneIndex\fvpSelectionSceneIndex.cpp.obj
[2023-11-23T16:42:10.697Z]     [22/108] Building CXX object lib\flowViewport\CMakeFiles\flowViewport.dir\sceneIndex\fvpWireframeSelectionHighlightSceneIndex.cpp.obj
[2023-11-23T16:42:10.697Z]     [23/108] Building CXX object lib\flowViewport\CMakeFiles\flowViewport.dir\selection\fvpSelection.cpp.obj
[2023-11-23T16:42:11.031Z]     [24/108] Building CXX object lib\flowViewport\CMakeFiles\flowViewport.dir\API\perViewportSceneIndicesData\fvpViewportInformationAndSceneIndicesPerViewportData.cpp.obj
[2023-11-23T16:42:11.775Z]     [25/108] Building CXX object lib\flowViewport\CMakeFiles\flowViewport.dir\sceneIndex\fvpRenderIndexProxy.cpp.obj
[2023-11-23T16:42:11.775Z]     [26/108] Building CXX object lib\flowViewport\CMakeFiles\flowViewport.dir\selection\fvpSelectionTracker.cpp.obj
[2023-11-23T16:42:12.128Z]     [27/108] Building CXX object lib\mayaHydra\mayaPlugin\CMakeFiles\mayaHydra.dir\pluginDebugCodes.cpp.obj
[2023-11-23T16:42:12.129Z]     [28/108] Building CXX object lib\flowViewport\CMakeFiles\flowViewport.dir\selection\fvpSelectionTask.cpp.obj
[2023-11-23T16:42:12.491Z]     [29/108] Building CXX object lib\mayaHydra\mayaPlugin\CMakeFiles\mayaHydra.dir\colorNotFoundException.cpp.obj
[2023-11-23T16:42:12.842Z]     [30/108] Building CXX object lib\mayaHydra\mayaPlugin\CMakeFiles\mayaHydra.dir\mayaColorPreferencesTranslator.cpp.obj
[2023-11-23T16:42:12.842Z]     [31/108] Building CXX object lib\flowViewport\CMakeFiles\flowViewport.dir\API\perViewportSceneIndicesData\fvpViewportInformationAndSceneIndicesPerViewportDataManager.cpp.obj
[2023-11-23T16:42:12.842Z]     [32/108] Building CXX object lib\mayaHydra\hydraExtensions\CMakeFiles\mayaHydraLib.dir\debugCodes.cpp.obj
[2023-11-23T16:42:13.600Z]     [33/108] Building CXX object test\lib\mayaUsd\render\mayaToHydra\cpp\CMakeFiles\mayaHydraCppTests.dir\testMayaSceneFlattening.cpp.obj
[2023-11-23T16:42:13.600Z]     [34/108] Linking CXX shared library lib\flowViewport\flowViewport.dll
[2023-11-23T16:42:14.339Z]     [35/108] Building CXX object lib\mayaHydra\mayaPlugin\CMakeFiles\mayaHydra.dir\tokens.cpp.obj
[2023-11-23T16:42:14.676Z]     [36/108] Building CXX object test\lib\mayaUsd\render\mayaToHydra\cpp\CMakeFiles\mayaHydraCppTests.dir\testFvpViewportInformationMultipleViewports.cpp.obj
[2023-11-23T16:42:14.676Z]     [37/108] Building CXX object test\lib\mayaUsd\render\mayaToHydra\cpp\CMakeFiles\mayaHydraCppTests.dir\testMayaUsdUfeItems.cpp.obj
[2023-11-23T16:42:16.365Z]     [38/108] Building CXX object test\lib\mayaUsd\render\mayaToHydra\cpp\CMakeFiles\mayaHydraCppTests.dir\testUtils.cpp.obj
[2023-11-23T16:42:16.365Z]     [39/108] Building CXX object test\lib\mayaUsd\render\mayaToHydra\cpp\CMakeFiles\mayaHydraCppTests.dir\testFvpViewportInformationRendererSwitching.cpp.obj
[2023-11-23T16:42:16.365Z]     [40/108] Building CXX object test\lib\mayaUsd\render\mayaToHydra\cpp\CMakeFiles\mayaHydraCppTests.dir\testSelectionSceneIndex.cpp.obj
[2023-11-23T16:42:16.701Z]     [41/108] Building CXX object test\lib\mayaUsd\render\mayaToHydra\cpp\CMakeFiles\mayaHydraCppTests.dir\testUsdStageLayerMuting.cpp.obj
[2023-11-23T16:42:17.434Z]     [42/108] Building CXX object lib\mayaHydra\hydraExtensions\CMakeFiles\mayaHydraLib.dir\adapters\adapterDebugCodes.cpp.obj
[2023-11-23T16:42:17.771Z]     [43/108] Building CXX object test\lib\mayaUsd\render\mayaToHydra\cpp\CMakeFiles\mayaHydraCppTests.dir\testWireframeSelectionHighlightSceneIndex.cpp.obj
[2023-11-23T16:42:17.771Z]     [44/108] Building CXX object test\lib\mayaUsd\render\mayaToHydra\cpp\CMakeFiles\mayaHydraCppTests.dir\testMergingSceneIndex.cpp.obj
[2023-11-23T16:42:17.771Z]     [45/108] Building CXX object lib\mayaHydra\hydraExtensions\CMakeFiles\mayaHydraLib.dir\hydraUtils.cpp.obj
[2023-11-23T16:42:18.106Z]     [46/108] Building CXX object lib\mayaHydra\hydraExtensions\CMakeFiles\mayaHydraLib.dir\mayaHydraLibInterfaceImp.cpp.obj
[2023-11-23T16:42:18.106Z]     [47/108] Building CXX object lib\mayaHydra\hydraExtensions\CMakeFiles\mayaHydraLib.dir\mhBuildInfo.cpp.obj
[2023-11-23T16:42:18.489Z]     [48/108] Building CXX object lib\mayaHydra\hydraExtensions\CMakeFiles\mayaHydraLib.dir\mayaUtils.cpp.obj
[2023-11-23T16:42:20.173Z]     [49/108] Building CXX object lib\mayaHydra\mayaPlugin\CMakeFiles\mayaHydra.dir\pluginUtils.cpp.obj
[2023-11-23T16:42:20.508Z]     [50/108] Building CXX object lib\mayaHydra\mayaPlugin\CMakeFiles\mayaHydra.dir\plugin.cpp.obj
[2023-11-23T16:42:22.195Z]     [51/108] Building CXX object lib\mayaHydra\mayaPlugin\CMakeFiles\mayaHydra.dir\viewCommand.cpp.obj
[2023-11-23T16:42:23.049Z]     [52/108] Building CXX object lib\mayaHydra\hydraExtensions\CMakeFiles\mayaHydraLib.dir\mixedUtils.cpp.obj
[2023-11-23T16:42:23.776Z]     [53/108] Building CXX object lib\mayaHydra\mayaPlugin\CMakeFiles\mayaHydra.dir\renderOverride.cpp.obj
[2023-11-23T16:42:24.111Z]     [54/108] Building CXX object lib\mayaHydra\hydraExtensions\CMakeFiles\mayaHydraLib.dir\adapters\tokens.cpp.obj
[2023-11-23T16:42:24.860Z]     [55/108] Building CXX object lib\mayaHydra\mayaPlugin\CMakeFiles\mayaHydra.dir\renderGlobals.cpp.obj
[2023-11-23T16:42:25.195Z]     [56/108] Building CXX object lib\mayaHydra\hydraExtensions\CMakeFiles\mayaHydraLib.dir\adapters\aiSkydomeLightAdapter.cpp.obj
[2023-11-23T16:42:25.911Z]     [57/108] Building CXX object lib\mayaHydra\hydraExtensions\CMakeFiles\mayaHydraLib.dir\adapters\cameraAdapter.cpp.obj
[2023-11-23T16:42:25.911Z]     [58/108] Building CXX object lib\mayaHydra\hydraExtensions\CMakeFiles\mayaHydraLib.dir\adapters\renderItemAdapter.cpp.obj
[2023-11-23T16:42:26.242Z]     [59/108] Building CXX object lib\mayaHydra\hydraExtensions\CMakeFiles\mayaHydraLib.dir\adapters\mayaAttrs.cpp.obj
[2023-11-23T16:42:26.573Z]     [60/108] Building CXX object lib\mayaHydra\hydraExtensions\CMakeFiles\mayaHydraLib.dir\adapters\areaLightAdapter.cpp.obj
[2023-11-23T16:42:27.284Z]     [61/108] Building CXX object lib\mayaHydra\hydraExtensions\CMakeFiles\mayaHydraLib.dir\adapters\directionalLightAdapter.cpp.obj
[2023-11-23T16:42:27.284Z]     [62/108] Building CXX object lib\mayaHydra\hydraExtensions\CMakeFiles\mayaHydraLib.dir\adapters\shapeAdapter.cpp.obj
[2023-11-23T16:42:27.622Z]     [63/108] Building CXX object lib\mayaHydra\hydraExtensions\CMakeFiles\mayaHydraLib.dir\adapters\dagAdapter.cpp.obj
[2023-11-23T16:42:28.333Z]     [64/108] Building CXX object lib\mayaHydra\hydraExtensions\CMakeFiles\mayaHydraLib.dir\delegates\delegateDebugCodes.cpp.obj
[2023-11-23T16:42:28.333Z]     [65/108] Building CXX object lib\mayaHydra\hydraExtensions\CMakeFiles\mayaHydraLib.dir\adapters\adapterRegistry.cpp.obj
[2023-11-23T16:42:29.044Z]     [66/108] Building CXX object lib\mayaHydra\hydraExtensions\CMakeFiles\mayaHydraLib.dir\adapters\adapter.cpp.obj
[2023-11-23T16:42:29.374Z]     [67/108] Building CXX object lib\mayaHydra\hydraExtensions\CMakeFiles\mayaHydraLib.dir\delegates\delegate.cpp.obj
[2023-11-23T16:42:31.062Z]     [68/108] Building CXX object lib\mayaHydra\hydraExtensions\CMakeFiles\mayaHydraLib.dir\adapters\spotLightAdapter.cpp.obj
[2023-11-23T16:42:31.795Z]     [69/108] Building CXX object lib\mayaHydra\hydraExtensions\CMakeFiles\mayaHydraLib.dir\delegates\delegateCtx.cpp.obj
[2023-11-23T16:42:32.506Z]     [70/108] Building CXX object lib\mayaHydra\hydraExtensions\CMakeFiles\mayaHydraLib.dir\mayaHydraSceneProducer.cpp.obj
[2023-11-23T16:42:34.770Z]     [71/108] Building CXX object lib\mayaHydra\hydraExtensions\CMakeFiles\mayaHydraLib.dir\adapters\lightAdapter.cpp.obj
[2023-11-23T16:42:35.484Z]     [72/108] Building CXX object lib\mayaHydra\hydraExtensions\CMakeFiles\mayaHydraLib.dir\adapters\materialAdapter.cpp.obj
[2023-11-23T16:42:36.196Z]     [73/108] Building CXX object lib\mayaHydra\hydraExtensions\CMakeFiles\mayaHydraLib.dir\sceneIndex\registration.cpp.obj
[2023-11-23T16:42:36.196Z]     [74/108] Building CXX object lib\mayaHydra\hydraExtensions\CMakeFiles\mayaHydraLib.dir\adapters\materialNetworkConverter.cpp.obj
[2023-11-23T16:42:36.526Z]     [75/108] Building CXX object lib\mayaHydra\hydraExtensions\CMakeFiles\mayaHydraLib.dir\adapters\pointLightAdapter.cpp.obj
[2023-11-23T16:42:36.526Z]     [76/108] Building CXX object lib\mayaHydra\hydraExtensions\CMakeFiles\mayaHydraLib.dir\delegates\delegateRegistry.cpp.obj
[2023-11-23T16:42:37.251Z]     [77/108] Building CXX object lib\mayaHydra\hydraExtensions\CMakeFiles\mayaHydraLib.dir\adapters\meshAdapter.cpp.obj
[2023-11-23T16:42:37.581Z]     [78/108] Building CXX object lib\mayaHydra\hydraExtensions\CMakeFiles\mayaHydraLib.dir\adapters\nurbsCurveAdapter.cpp.obj
[2023-11-23T16:42:37.912Z]     [79/108] Building CXX object lib\mayaHydra\hydraExtensions\CMakeFiles\mayaHydraLib.dir\sceneIndex\mayaHydraPrimvarDataSource.cpp.obj
[2023-11-23T16:42:39.619Z]     [80/108] Building CXX object lib\mayaHydra\hydraExtensions\CMakeFiles\mayaHydraLib.dir\delegates\sceneDelegate.cpp.obj
[2023-11-23T16:42:40.790Z]     [81/108] Building CXX object lib\mayaHydra\hydraExtensions\CMakeFiles\mayaHydraLib.dir\delegates\defaultLightDelegate.cpp.obj
[2023-11-23T16:42:40.790Z]     [82/108] Building CXX object lib\mayaHydra\hydraExtensions\CMakeFiles\mayaHydraLib.dir\sceneIndex\mayaHydraDisplayStyleDataSource.cpp.obj
[2023-11-23T16:42:40.790Z]     [83/108] Automatic MOC for target adskHydraSceneBrowser
[2023-11-23T16:42:41.502Z]     [84/108] Building CXX object lib\mayaHydra\hydraExtensions\CMakeFiles\mayaHydraLib.dir\sceneIndex\mayaHydraCameraDataSource.cpp.obj
[2023-11-23T16:42:42.051Z]     [85/108] Building CXX object lib\mayaHydra\hydraExtensions\CMakeFiles\mayaHydraLib.dir\delegates\testDelegate.cpp.obj
[2023-11-23T16:42:43.203Z]     [86/108] Building CXX object lib\mayaHydra\hydraExtensions\CMakeFiles\mayaHydraLib.dir\sceneIndex\mayaHydraSceneIndex.cpp.obj
[2023-11-23T16:42:44.355Z]     [87/108] Building CXX object lib\mayaHydra\hydraExtensions\CMakeFiles\mayaHydraLib.dir\sceneIndex\mayaHydraDataSource.cpp.obj
[2023-11-23T16:42:45.066Z]     [88/108] Building CXX object lib\mayaHydra\hydraExtensions\CMakeFiles\mayaHydraLib.dir\sceneIndex\mayaHydraLightDataSource.cpp.obj
[2023-11-23T16:42:46.731Z]     [89/108] Building CXX object lib\mayaHydra\hydraExtensions\CMakeFiles\mayaHydraLib.dir\sceneIndex\mayaHydraDefaultLightDataSource.cpp.obj
[2023-11-23T16:42:47.451Z]     [90/108] Building CXX object plugin\mayaHydraSceneBrowserTest\CMakeFiles\mayaHydraSceneBrowserTest.dir\mayaHydraSceneBrowserTestCmd.cpp.obj
[2023-11-23T16:42:47.782Z]     [91/108] Building CXX object lib\adskHydraSceneBrowser\lib\CMakeFiles\adskHydraSceneBrowser.dir\src\patch\registeredSceneIndexChooser.cpp.obj
[2023-11-23T16:42:47.782Z]     [92/108] Building CXX object lib\adskHydraSceneBrowser\lib\CMakeFiles\adskHydraSceneBrowser.dir\src\patch\sceneIndexObserverLoggingWidget.cpp.obj
[2023-11-23T16:42:48.113Z]     [93/108] Linking CXX shared library lib\mayaHydra\hydraExtensions\mayaHydraLib.dll
[2023-11-23T16:42:48.113Z]     [94/108] Building CXX object lib\adskHydraSceneBrowser\lib\CMakeFiles\adskHydraSceneBrowser.dir\src\patch\sceneIndexObserverLoggingTreeView.cpp.obj
[2023-11-23T16:42:48.443Z]     [95/108] Building CXX object lib\adskHydraSceneBrowser\lib\CMakeFiles\adskHydraSceneBrowser.dir\src\patch\dataSourceValueTreeView.cpp.obj
[2023-11-23T16:42:48.443Z]     [96/108] Building CXX object lib\adskHydraSceneBrowser\lib\CMakeFiles\adskHydraSceneBrowser.dir\src\patch\sceneIndexDebuggerWidget.cpp.obj
[2023-11-23T16:42:48.443Z]     [97/108] Building CXX object lib\adskHydraSceneBrowser\lib\CMakeFiles\adskHydraSceneBrowser.dir\src\patch\sceneIndexTreeWidget.cpp.obj
[2023-11-23T16:42:48.774Z]     [98/108] Linking CXX shared library test\lib\mayaUsd\render\mayaToHydra\cpp\mayaHydraCppTests.mll
[2023-11-23T16:42:48.774Z]     [99/108] Building CXX object plugin\mayaHydraSceneBrowser\CMakeFiles\mayaHydraSceneBrowser.dir\mayaHydraSceneBrowser.cpp.obj
[2023-11-23T16:42:48.774Z]     [100/108] Building CXX object lib\adskHydraSceneBrowser\lib\CMakeFiles\adskHydraSceneBrowser.dir\src\patch\dataSourceTreeWidget.cpp.obj
[2023-11-23T16:42:48.774Z]     [101/108] Building CXX object lib\adskHydraSceneBrowser\lib\CMakeFiles\adskHydraSceneBrowser.dir\adskHydraSceneBrowser_autogen\mocs_compilation.cpp.obj
[2023-11-23T16:42:48.774Z]     [102/108] Linking CXX shared library lib\mayaHydra\mayaPlugin\mayaHydra.mll
[2023-11-23T16:42:49.107Z]     [103/108] Building CXX object lib\adskHydraSceneBrowser\test\CMakeFiles\adskHydraSceneBrowserTesting.dir\adskHydraSceneBrowserTesting.cpp.obj
[2023-11-23T16:42:49.438Z]     [104/108] Building CXX object lib\adskHydraSceneBrowser\test\CMakeFiles\adskHydraSceneBrowserTesting.dir\adskHydraSceneBrowserTestFixture.cpp.obj
[2023-11-23T16:42:49.438Z]     [105/108] Linking CXX shared library lib\adskHydraSceneBrowser\lib\adskHydraSceneBrowser.dll
[2023-11-23T16:42:50.153Z]     [106/108] Linking CXX shared library plugin\mayaHydraSceneBrowser\mayaHydraSceneBrowser.mll
[2023-11-23T16:42:50.153Z]     [107/108] Linking CXX shared library lib\adskHydraSceneBrowser\test\adskHydraSceneBrowserTesting.dll
[2023-11-23T16:42:50.867Z]     [108/108] Linking CXX shared library plugin\mayaHydraSceneBrowserTest\mayaHydraSceneBrowserTest.mll
[2023-11-23T16:42:50.867Z]     
[2023-11-23T16:42:50.867Z]         Building with settings:
[2023-11-23T16:42:50.867Z]           Source directory          S:\Jenkins\workspace\ECP\ecg-maya-hydra\ecg-maya-hydra-branch-preflight-python3-windows\ecg-maya-hydra\maya-hydra
[2023-11-23T16:42:50.867Z]           Workspace directory       W:\
[2023-11-23T16:42:50.867Z]           Build directory           W:\build\Debug
[2023-11-23T16:42:50.867Z]           Install directory         W:\install\Debug\MayaHydra
[2023-11-23T16:42:50.867Z]           Variant                   Debug
[2023-11-23T16:42:50.867Z]           Python Debug              On
[2023-11-23T16:42:50.867Z]           CMake generator           Ninja
[2023-11-23T16:42:50.867Z]           Build arguments           ['-DCMAKE_MAKE_PROGRAM=P:/shared/Artifactory/Windows/ninja/1.10.2/ccacdf8/ninja.exe', '-DPYTHON_INCLUDE_DIR=P:/shared/Artifactory/Windows/rundev-master-debug/202311220725/runtime/a121a89/runTime/include/Python311/Python', '-DPython_EXECUTABLE=P:/shared/Artifactory/Windows/rundev-master-debug/202311220725/runtime/a121a89/runTime/bin/mayapy.exe', '-DPYTHON_LIBRARIES=P:/shared/Artifactory/Windows/rundev-master-debug/202311220725/runtime/a121a89/runTime/lib/python311_d.lib', '-DBUILD_WITH_PYTHON_3_VERSION=3.11', '-DCMAKE_WANT_MATERIALX_BUILD=ON', '-DCMAKE_PREFIX_PATH=P:\\shared\\Artifactory\\Windows\\USD\\01f407c', '-DMAYAHYDRA_BUILD_NUMBER=415', '-DMAYAHYDRA_GIT_COMMIT=80e98c2c5a49cd0b6d7d4b6b3462972d9bcefbfa', '-DMAYAHYDRA_GIT_BRANCH=master']
[2023-11-23T16:42:50.867Z]           Stages arguments          ['build']
[2023-11-23T16:42:50.867Z]           CTest arguments           ['--parallel 16']
[2023-11-23T16:42:50.867Z]     Success MayaHydra build and install !!!!
[2023-11-23T16:42:50.867Z]     Elapsed time: 00:00:47
[Pipeline] bat
[2023-11-23T16:42:51.514Z] Deleting alias drive W:
[Pipeline] bat
[2023-11-23T16:42:52.129Z] Deleting alias drive P:
[Pipeline] bat
[2023-11-23T16:42:52.729Z] Creating alias drive P: to S:\jenkins\workspace
[Pipeline] bat
[2023-11-23T16:42:53.314Z] Creating alias drive W: to S:\Jenkins\workspace\ECP\ecg-maya-hydra\ecg-maya-hydra-branch-preflight-python3-windows
[Pipeline] bat
[2023-11-23T16:42:54.141Z] "C:\Program Files\Microsoft Visual Studio\2022\Professional\VC\Auxiliary\Build\vcvarsall.bat" x64
[2023-11-23T16:42:54.472Z] **********************************************************************
[2023-11-23T16:42:54.472Z] ** Visual Studio 2022 Developer Command Prompt v17.3.2
[2023-11-23T16:42:54.472Z] ** Copyright (c) 2022 Microsoft Corporation
[2023-11-23T16:42:54.472Z] **********************************************************************
[2023-11-23T16:42:55.624Z] [vcvarsall.bat] Environment initialized for: 'x64'
[2023-11-23T16:42:55.624Z] python ecg-maya-hydra/build.py --stages=build --workspace-dir=W:\ --artifactory-dir=P:\shared\Artifactory --build-dir=W:\build --install-dir=W:\install --signing-dir=W:\signing --package-dir=W:\package --output-dir=W:\output --stash-dir=W:\stash --jenkins-build=415 --git-commit=80e98c2c5a49cd0b6d7d4b6b3462972d9bcefbfa --git-branch=master --variants=RelWithDebInfo --interactive-tests=true --post-zips=false --osx-binary-architecture-target=ub2 --osx-deployment-target=11.0 --osx-base-sdk=CurrentActiveSDK --build-retry=3 --maya-cut-config=maya-rundev-master.yaml --maya-package=rundev-master --stage-banner
[2023-11-23T16:42:56.781Z] Using Maya cut from P:\shared\Artifactory\Windows\rundev-master\202311221838\runtime\0c83665
[2023-11-23T16:42:56.781Z] Using Maya ADSK Signatures from P:\shared\Artifactory\Windows\adsk-plugin-signatures-maya\2023\3ae1ae7
[2023-11-23T16:42:56.781Z] Using Maya Security Library from P:\shared\Artifactory\Windows\maya-security-library\3.4.0\284407f
[2023-11-23T16:42:56.781Z] 
[2023-11-23T16:42:56.781Z] ================================================================================
[2023-11-23T16:42:56.781Z]                              build (RelWithDebInfo)
[2023-11-23T16:42:56.781Z] ================================================================================
[2023-11-23T16:42:56.781Z] Maya Python RelWithDebInfo Info:
[2023-11-23T16:42:56.781Z]   mayapy executable   = P:\shared\Artifactory\Windows\rundev-master\202311221838\runtime\0c83665\runTime\bin\mayapy.exe
[2023-11-23T16:42:56.781Z]   Include Folder      = P:\shared\Artifactory\Windows\rundev-master\202311221838\runtime\0c83665\runTime\include\Python311\Python
[2023-11-23T16:42:56.781Z]   Library             = P:\shared\Artifactory\Windows\rundev-master\202311221838\runtime\0c83665\runTime\lib\python311.lib
[2023-11-23T16:42:56.781Z]   site-package Folder = P:\shared\Artifactory\Windows\rundev-master\202311221838\runtime\0c83665\runTime\Python\Lib\site-packages
[2023-11-23T16:42:57.946Z] In workdir: S:\Jenkins\workspace\ECP\ecg-maya-hydra\ecg-maya-hydra-branch-preflight-python3-windows\ecg-maya-hydra\maya-hydra
[2023-11-23T16:42:57.946Z] Executing: 'P:\\shared\\Artifactory\\Windows\\rundev-master\\202311221838\\runtime\\0c83665\\runTime\\bin\\mayapy.exe' 'S:\\Jenkins\\workspace\\ECP\\ecg-maya-hydra\\ecg-maya-hydra-branch-preflight-python3-windows\\ecg-maya-hydra\\maya-hydra\\build.py' --generator Ninja --build-relwithdebug --maya-location 'P:\\shared\\Artifactory\\Windows\\rundev-master\\202311221838\\runtime\\0c83665\\runTime' --devkit-location 'P:\\shared\\Artifactory\\Windows\\rundev-master\\202311221838\\runtime\\0c83665\\devkitBase' --pxrusd-location 'P:\\shared\\Artifactory\\Windows\\USD\\6a9558d' '--build-args=-DCMAKE_MAKE_PROGRAM=P:/shared/Artifactory/Windows/ninja/1.10.2/ccacdf8/ninja.exe,-DPYTHON_INCLUDE_DIR=P:/shared/Artifactory/Windows/rundev-master/202311221838/runtime/0c83665/runTime/include/Python311/Python,-DPython_EXECUTABLE=P:/shared/Artifactory/Windows/rundev-master/202311221838/runtime/0c83665/runTime/bin/mayapy.exe,-DPYTHON_LIBRARIES=P:/shared/Artifactory/Windows/rundev-master/202311221838/runtime/0c83665/runTime/lib/python311.lib,-DBUILD_WITH_PYTHON_3_VERSION=3.11,-DCMAKE_WANT_MATERIALX_BUILD=ON,-DCMAKE_PREFIX_PATH=P:\\shared\\Artifactory\\Windows\\USD\\6a9558d,-DMAYAHYDRA_BUILD_NUMBER=415,-DMAYAHYDRA_GIT_COMMIT=80e98c2c5a49cd0b6d7d4b6b3462972d9bcefbfa,-DMAYAHYDRA_GIT_BRANCH=master' '--ctest-args=--parallel 16' --stages=build --redirect-outstream-file=False --install-location 'W:\\install\\RelWithDebInfo\\MayaHydra' 'W:\\'
[2023-11-23T16:42:57.946Z] Modified environment variables:
[2023-11-23T16:42:57.947Z]     PATH=P:\shared\Artifactory\Windows\cmake\3.20.3\afe857a\bin;C:\Python27\lib\site-packages\pywin32_system32;C:\Program Files\Microsoft Visual Studio\2022\Professional\VC\Tools\MSVC\14.33.31629\bin\HostX64\x64;C:\Program Files\Microsoft Visual Studio\2022\Professional\Common7\IDE\VC\VCPackages;C:\Program Files\Microsoft Visual Studio\2022\Professional\Common7\IDE\CommonExtensions\Microsoft\TestWindow;C:\Program Files\Microsoft Visual Studio\2022\Professional\Common7\IDE\CommonExtensions\Microsoft\TeamFoundation\Team Explorer;C:\Program Files\Microsoft Visual Studio\2022\Professional\MSBuild\Current\bin\Roslyn;C:\Program Files\Microsoft Visual Studio\2022\Professional\Team Tools\Performance Tools\x64;C:\Program Files\Microsoft Visual Studio\2022\Professional\Team Tools\Performance Tools;C:\Program Files (x86)\Microsoft Visual Studio\Shared\Common\VSPerfCollectionTools\vs2019\\x64;C:\Program Files (x86)\Microsoft Visual Studio\Shared\Common\VSPerfCollectionTools\vs2019\;C:\Program Files (x86)\Microsoft SDKs\Windows\v10.0A\bin\NETFX 4.8 Tools\x64\;C:\Program Files (x86)\HTML Help Workshop;C:\Program Files\Microsoft Visual Studio\2022\Professional\Common7\IDE\CommonExtensions\Microsoft\FSharp\Tools;C:\Program Files (x86)\Windows Kits\10\bin\10.0.19041.0\\x64;C:\Program Files (x86)\Windows Kits\10\bin\\x64;C:\Program Files\Microsoft Visual Studio\2022\Professional\\MSBuild\Current\Bin\amd64;C:\WINDOWS\Microsoft.NET\Framework64\v4.0.30319;C:\Program Files\Microsoft Visual Studio\2022\Professional\Common7\IDE\;C:\Program Files\Microsoft Visual Studio\2022\Professional\Common7\Tools\;C:\Python27\;C:\Python27\Scripts;C:\WINDOWS\system32;C:\WINDOWS;C:\WINDOWS\System32\Wbem;C:\WINDOWS\System32\WindowsPowerShell\v1.0\;C:\WINDOWS\System32\OpenSSH\;C:\ProgramData\chocolatey\bin;C:\Program Files (x86)\WiX Toolset v3.7\bin;C:\Program Files\dotnet\;C:\Program Files\Zulu\zulu-11\bin\;C:\Program Files (x86)\Windows Kits\10\bin\10.0.19041.0\x64;C:\Program Files (x86)\Windows Kits\10\bin\10.0.18362.0\x64;C:\Program Files (x86)\Windows Kits\10\bin\10.0.17763.0\x64;C:\Program Files (x86)\Windows Kits\10\bin\x64;C:\Strawberry\c\bin;C:\Strawberry\perl\site\bin;C:\Strawberry\perl\bin;C:\Program Files\Git\cmd;C:\Program Files\Git\usr\bin;C:\Program Files\Git\mingw64\bin;C:\Program Files\Git\bin;C:\Python38\;C:\Python38\Scripts;C:\StoreBoxClientWindows;C:\Program Files\Electric Cloud\ElectricCommander\bin;C:\Program Files\WinRAR;C:\Program Files\7-Zip;C:\Users\Administrator\AppData\Local\Microsoft\WindowsApps;C:\Users\Administrator\.dotnet\tools;C:\Program Files\Microsoft Visual Studio\2022\Professional\Common7\IDE\CommonExtensions\Microsoft\CMake\CMake\bin;C:\Program Files\Microsoft Visual Studio\2022\Professional\Common7\IDE\CommonExtensions\Microsoft\CMake\Ninja;C:\Program Files\Microsoft Visual Studio\2022\Professional\Common7\IDE\VC\Linux\bin\ConnectionManagerExe
[2023-11-23T16:42:58.658Z]     [1/108] Building CXX object lib\flowViewport\CMakeFiles\flowViewport.dir\sceneIndex\fvpPathInterface.cpp.obj
[2023-11-23T16:42:58.989Z]     [2/108] Building CXX object lib\flowViewport\CMakeFiles\flowViewport.dir\selection\fvpSelectionFwd.cpp.obj
[2023-11-23T16:42:59.705Z]     [3/108] Building CXX object lib\flowViewport\CMakeFiles\flowViewport.dir\tokens.cpp.obj
[2023-11-23T16:42:59.705Z]     [4/108] Building CXX object lib\flowViewport\CMakeFiles\flowViewport.dir\debugCodes.cpp.obj
[2023-11-23T16:42:59.705Z]     [5/108] Building CXX object lib\flowViewport\CMakeFiles\flowViewport.dir\colorPreferences\fvpColorPreferencesTokens.cpp.obj
[2023-11-23T16:42:59.705Z]     [6/108] Building CXX object lib\flowViewport\CMakeFiles\flowViewport.dir\API\interfacesImp\fvpVersionInterfaceImp.cpp.obj
[2023-11-23T16:43:00.036Z]     [7/108] Building CXX object lib\flowViewport\CMakeFiles\flowViewport.dir\global.cpp.obj
[2023-11-23T16:43:00.036Z]     [8/108] Building CXX object lib\flowViewport\CMakeFiles\flowViewport.dir\colorPreferences\fvpColorChanged.cpp.obj
[2023-11-23T16:43:00.036Z]     [9/108] Building CXX object lib\flowViewport\CMakeFiles\flowViewport.dir\colorPreferences\fvpColorPreferences.cpp.obj
[2023-11-23T16:43:00.367Z]     [10/108] Building CXX object lib\flowViewport\CMakeFiles\flowViewport.dir\API\samples\fvpSelectionClientExample.cpp.obj
[2023-11-23T16:43:00.703Z]     [11/108] Building CXX object lib\flowViewport\CMakeFiles\flowViewport.dir\API\interfacesImp\fvpSelectionInterfaceImp.cpp.obj
[2023-11-23T16:43:01.417Z]     [12/108] Building CXX object test\lib\mayaUsd\render\mayaToHydra\cpp\CMakeFiles\mayaHydraCppTests.dir\testCppFramework.cpp.obj
[2023-11-23T16:43:02.127Z]     [13/108] Building CXX object test\lib\mayaUsd\render\mayaToHydra\cpp\CMakeFiles\mayaHydraCppTests.dir\mayaHydraCppTestsCmd.cpp.obj
[2023-11-23T16:43:02.458Z]     [14/108] Building CXX object test\lib\mayaUsd\render\mayaToHydra\cpp\CMakeFiles\mayaHydraCppTests.dir\testColorPreferences.cpp.obj
[2023-11-23T16:43:04.192Z]     [15/108] Building CXX object lib\flowViewport\CMakeFiles\flowViewport.dir\sceneIndex\fvpPathInterfaceSceneIndex.cpp.obj
[2023-11-23T16:43:04.192Z]     [16/108] Building CXX object lib\flowViewport\CMakeFiles\flowViewport.dir\sceneIndex\fvpMergingSceneIndex.cpp.obj
[2023-11-23T16:43:04.525Z]     [17/108] Building CXX object lib\flowViewport\CMakeFiles\flowViewport.dir\API\interfacesImp\fvpInformationInterfaceImp.cpp.obj
[2023-11-23T16:43:04.856Z]     [18/108] Building CXX object lib\flowViewport\CMakeFiles\flowViewport.dir\sceneIndex\fvpSelectionSceneIndex.cpp.obj
[2023-11-23T16:43:05.187Z]     [19/108] Building CXX object lib\flowViewport\CMakeFiles\flowViewport.dir\API\perViewportSceneIndicesData\fvpViewportInformationAndSceneIndicesPerViewportData.cpp.obj
[2023-11-23T16:43:05.518Z]     [20/108] Building CXX object lib\flowViewport\CMakeFiles\flowViewport.dir\API\samples\fvpInformationClientExample.cpp.obj
[2023-11-23T16:43:05.518Z]     [21/108] Building CXX object lib\flowViewport\CMakeFiles\flowViewport.dir\sceneIndex\fvpWireframeSelectionHighlightSceneIndex.cpp.obj
[2023-11-23T16:43:05.849Z]     [22/108] Building CXX object lib\flowViewport\CMakeFiles\flowViewport.dir\selection\fvpSelection.cpp.obj
[2023-11-23T16:43:06.179Z]     [23/108] Building CXX object lib\flowViewport\CMakeFiles\flowViewport.dir\selection\fvpSelectionTracker.cpp.obj
[2023-11-23T16:43:06.512Z]     [24/108] Building CXX object lib\mayaHydra\mayaPlugin\CMakeFiles\mayaHydra.dir\colorNotFoundException.cpp.obj
[2023-11-23T16:43:06.512Z]     [25/108] Building CXX object lib\flowViewport\CMakeFiles\flowViewport.dir\sceneIndex\fvpRenderIndexProxy.cpp.obj
[2023-11-23T16:43:06.847Z]     [26/108] Building CXX object lib\flowViewport\CMakeFiles\flowViewport.dir\selection\fvpSelectionTask.cpp.obj
[2023-11-23T16:43:07.179Z]     [27/108] Building CXX object lib\flowViewport\CMakeFiles\flowViewport.dir\API\perViewportSceneIndicesData\fvpViewportInformationAndSceneIndicesPerViewportDataManager.cpp.obj
[2023-11-23T16:43:07.511Z]     [28/108] Building CXX object test\lib\mayaUsd\render\mayaToHydra\cpp\CMakeFiles\mayaHydraCppTests.dir\testMayaSceneFlattening.cpp.obj
[2023-11-23T16:43:07.511Z]     [29/108] Building CXX object lib\mayaHydra\mayaPlugin\CMakeFiles\mayaHydra.dir\pluginDebugCodes.cpp.obj
[2023-11-23T16:43:07.511Z]     [30/108] Building CXX object lib\mayaHydra\mayaPlugin\CMakeFiles\mayaHydra.dir\tokens.cpp.obj
[2023-11-23T16:43:07.875Z]     [31/108] Building CXX object lib\mayaHydra\mayaPlugin\CMakeFiles\mayaHydra.dir\mayaColorPreferencesTranslator.cpp.obj
[2023-11-23T16:43:07.875Z]     [32/108] Linking CXX shared library lib\flowViewport\flowViewport.dll
[2023-11-23T16:43:08.633Z]     [33/108] Building CXX object test\lib\mayaUsd\render\mayaToHydra\cpp\CMakeFiles\mayaHydraCppTests.dir\testMayaUsdUfeItems.cpp.obj
[2023-11-23T16:43:08.633Z]     [34/108] Building CXX object lib\mayaHydra\hydraExtensions\CMakeFiles\mayaHydraLib.dir\debugCodes.cpp.obj
[2023-11-23T16:43:08.633Z]     [35/108] Building CXX object test\lib\mayaUsd\render\mayaToHydra\cpp\CMakeFiles\mayaHydraCppTests.dir\testFvpViewportInformationMultipleViewports.cpp.obj
[2023-11-23T16:43:10.918Z]     [36/108] Building CXX object test\lib\mayaUsd\render\mayaToHydra\cpp\CMakeFiles\mayaHydraCppTests.dir\testUtils.cpp.obj
[2023-11-23T16:43:11.249Z]     [37/108] Building CXX object test\lib\mayaUsd\render\mayaToHydra\cpp\CMakeFiles\mayaHydraCppTests.dir\testFvpViewportInformationRendererSwitching.cpp.obj
[2023-11-23T16:43:11.960Z]     [38/108] Building CXX object test\lib\mayaUsd\render\mayaToHydra\cpp\CMakeFiles\mayaHydraCppTests.dir\testUsdStageLayerMuting.cpp.obj
[2023-11-23T16:43:12.292Z]     [39/108] Building CXX object test\lib\mayaUsd\render\mayaToHydra\cpp\CMakeFiles\mayaHydraCppTests.dir\testSelectionSceneIndex.cpp.obj
[2023-11-23T16:43:12.623Z]     [40/108] Building CXX object test\lib\mayaUsd\render\mayaToHydra\cpp\CMakeFiles\mayaHydraCppTests.dir\testMergingSceneIndex.cpp.obj
[2023-11-23T16:43:12.954Z]     [41/108] Building CXX object test\lib\mayaUsd\render\mayaToHydra\cpp\CMakeFiles\mayaHydraCppTests.dir\testWireframeSelectionHighlightSceneIndex.cpp.obj
[2023-11-23T16:43:13.284Z]     [42/108] Building CXX object lib\mayaHydra\hydraExtensions\CMakeFiles\mayaHydraLib.dir\mayaUtils.cpp.obj
[2023-11-23T16:43:13.284Z]     [43/108] Building CXX object lib\mayaHydra\hydraExtensions\CMakeFiles\mayaHydraLib.dir\mhBuildInfo.cpp.obj
[2023-11-23T16:43:14.017Z]     [44/108] Building CXX object lib\mayaHydra\hydraExtensions\CMakeFiles\mayaHydraLib.dir\mayaHydraLibInterfaceImp.cpp.obj
[2023-11-23T16:43:14.347Z]     [45/108] Building CXX object lib\mayaHydra\hydraExtensions\CMakeFiles\mayaHydraLib.dir\adapters\adapterDebugCodes.cpp.obj
[2023-11-23T16:43:15.059Z]     [46/108] Building CXX object lib\mayaHydra\hydraExtensions\CMakeFiles\mayaHydraLib.dir\hydraUtils.cpp.obj
[2023-11-23T16:43:15.390Z]     [47/108] Building CXX object lib\mayaHydra\mayaPlugin\CMakeFiles\mayaHydra.dir\pluginUtils.cpp.obj
[2023-11-23T16:43:15.721Z]     [48/108] Building CXX object lib\mayaHydra\mayaPlugin\CMakeFiles\mayaHydra.dir\plugin.cpp.obj
[2023-11-23T16:43:17.385Z]     [49/108] Building CXX object lib\mayaHydra\mayaPlugin\CMakeFiles\mayaHydra.dir\viewCommand.cpp.obj
[2023-11-23T16:43:18.011Z]     [50/108] Building CXX object lib\mayaHydra\mayaPlugin\CMakeFiles\mayaHydra.dir\renderOverride.cpp.obj
[2023-11-23T16:43:18.975Z]     [51/108] Building CXX object lib\mayaHydra\hydraExtensions\CMakeFiles\mayaHydraLib.dir\adapters\mayaAttrs.cpp.obj
[2023-11-23T16:43:18.975Z]     [52/108] Building CXX object lib\mayaHydra\hydraExtensions\CMakeFiles\mayaHydraLib.dir\mixedUtils.cpp.obj
[2023-11-23T16:43:19.333Z]     [53/108] Building CXX object lib\mayaHydra\hydraExtensions\CMakeFiles\mayaHydraLib.dir\adapters\areaLightAdapter.cpp.obj
[2023-11-23T16:43:20.045Z]     [54/108] Building CXX object lib\mayaHydra\hydraExtensions\CMakeFiles\mayaHydraLib.dir\adapters\aiSkydomeLightAdapter.cpp.obj
[2023-11-23T16:43:20.375Z]     [55/108] Building CXX object lib\mayaHydra\hydraExtensions\CMakeFiles\mayaHydraLib.dir\adapters\dagAdapter.cpp.obj
[2023-11-23T16:43:21.086Z]     [56/108] Building CXX object lib\mayaHydra\hydraExtensions\CMakeFiles\mayaHydraLib.dir\adapters\tokens.cpp.obj
[2023-11-23T16:43:21.086Z]     [57/108] Building CXX object lib\mayaHydra\mayaPlugin\CMakeFiles\mayaHydra.dir\renderGlobals.cpp.obj
[2023-11-23T16:43:23.351Z]     [58/108] Building CXX object lib\mayaHydra\hydraExtensions\CMakeFiles\mayaHydraLib.dir\adapters\cameraAdapter.cpp.obj
[2023-11-23T16:43:24.502Z]     [59/108] Building CXX object lib\mayaHydra\hydraExtensions\CMakeFiles\mayaHydraLib.dir\adapters\adapter.cpp.obj
[2023-11-23T16:43:25.255Z]     [60/108] Building CXX object lib\mayaHydra\hydraExtensions\CMakeFiles\mayaHydraLib.dir\adapters\renderItemAdapter.cpp.obj
[2023-11-23T16:43:26.003Z]     [61/108] Building CXX object lib\mayaHydra\hydraExtensions\CMakeFiles\mayaHydraLib.dir\adapters\adapterRegistry.cpp.obj
[2023-11-23T16:43:27.157Z]     [62/108] Building CXX object lib\mayaHydra\hydraExtensions\CMakeFiles\mayaHydraLib.dir\adapters\materialNetworkConverter.cpp.obj
[2023-11-23T16:43:27.868Z]     [63/108] Building CXX object lib\mayaHydra\hydraExtensions\CMakeFiles\mayaHydraLib.dir\adapters\directionalLightAdapter.cpp.obj
[2023-11-23T16:43:29.129Z]     [64/108] Building CXX object lib\mayaHydra\hydraExtensions\CMakeFiles\mayaHydraLib.dir\adapters\lightAdapter.cpp.obj
[2023-11-23T16:43:30.281Z]     [65/108] Building CXX object lib\mayaHydra\hydraExtensions\CMakeFiles\mayaHydraLib.dir\delegates\delegate.cpp.obj
[2023-11-23T16:43:30.992Z]     [66/108] Building CXX object lib\mayaHydra\hydraExtensions\CMakeFiles\mayaHydraLib.dir\adapters\materialAdapter.cpp.obj
[2023-11-23T16:43:31.327Z]     [67/108] Building CXX object lib\mayaHydra\hydraExtensions\CMakeFiles\mayaHydraLib.dir\mayaHydraSceneProducer.cpp.obj
[2023-11-23T16:43:32.043Z]     [68/108] Building CXX object lib\mayaHydra\hydraExtensions\CMakeFiles\mayaHydraLib.dir\delegates\delegateDebugCodes.cpp.obj
[2023-11-23T16:43:32.374Z]     [69/108] Building CXX object lib\mayaHydra\hydraExtensions\CMakeFiles\mayaHydraLib.dir\adapters\spotLightAdapter.cpp.obj
[2023-11-23T16:43:32.374Z]     [70/108] Building CXX object lib\mayaHydra\hydraExtensions\CMakeFiles\mayaHydraLib.dir\adapters\pointLightAdapter.cpp.obj
[2023-11-23T16:43:32.706Z]     [71/108] Building CXX object lib\mayaHydra\hydraExtensions\CMakeFiles\mayaHydraLib.dir\adapters\nurbsCurveAdapter.cpp.obj
[2023-11-23T16:43:33.038Z]     [72/108] Building CXX object lib\mayaHydra\hydraExtensions\CMakeFiles\mayaHydraLib.dir\adapters\shapeAdapter.cpp.obj
[2023-11-23T16:43:34.703Z]     [73/108] Building CXX object lib\mayaHydra\hydraExtensions\CMakeFiles\mayaHydraLib.dir\adapters\meshAdapter.cpp.obj
[2023-11-23T16:43:34.703Z]     [74/108] Building CXX object lib\mayaHydra\hydraExtensions\CMakeFiles\mayaHydraLib.dir\delegates\delegateCtx.cpp.obj
[2023-11-23T16:43:35.034Z]     [75/108] Building CXX object lib\mayaHydra\ufeExtensions\CMakeFiles\ufeExtensions.dir\Global.cpp.obj
[2023-11-23T16:43:35.745Z]     [76/108] Linking CXX shared library lib\mayaHydra\ufeExtensions\ufeExtensions.dll
[2023-11-23T16:43:36.076Z]     [77/108] Building CXX object lib\mayaHydra\hydraExtensions\CMakeFiles\mayaHydraLib.dir\sceneIndex\mayaHydraLightDataSource.cpp.obj
[2023-11-23T16:43:37.741Z]     [78/108] Building CXX object lib\mayaHydra\hydraExtensions\CMakeFiles\mayaHydraLib.dir\sceneIndex\mayaHydraDisplayStyleDataSource.cpp.obj
[2023-11-23T16:43:38.072Z]     [79/108] Automatic MOC for target adskHydraSceneBrowser
[2023-11-23T16:43:38.403Z]     [80/108] Building CXX object lib\mayaHydra\hydraExtensions\CMakeFiles\mayaHydraLib.dir\sceneIndex\mayaHydraPrimvarDataSource.cpp.obj
[2023-11-23T16:43:39.555Z]     [81/108] Building CXX object lib\mayaHydra\hydraExtensions\CMakeFiles\mayaHydraLib.dir\sceneIndex\mayaHydraCameraDataSource.cpp.obj
[2023-11-23T16:43:40.708Z]     [82/108] Building CXX object lib\mayaHydra\hydraExtensions\CMakeFiles\mayaHydraLib.dir\sceneIndex\registration.cpp.obj
[2023-11-23T16:43:41.875Z]     [83/108] Building CXX object lib\mayaHydra\hydraExtensions\CMakeFiles\mayaHydraLib.dir\sceneIndex\mayaHydraSceneIndex.cpp.obj
[2023-11-23T16:43:44.142Z]     [84/108] Building CXX object lib\mayaHydra\hydraExtensions\CMakeFiles\mayaHydraLib.dir\delegates\delegateRegistry.cpp.obj
[2023-11-23T16:43:45.293Z]     [85/108] Building CXX object lib\mayaHydra\hydraExtensions\CMakeFiles\mayaHydraLib.dir\delegates\sceneDelegate.cpp.obj
[2023-11-23T16:43:45.293Z]     [86/108] Building CXX object lib\mayaHydra\hydraExtensions\CMakeFiles\mayaHydraLib.dir\sceneIndex\mayaHydraDataSource.cpp.obj
[2023-11-23T16:43:46.446Z]     [87/108] Building CXX object lib\adskHydraSceneBrowser\lib\CMakeFiles\adskHydraSceneBrowser.dir\src\patch\sceneIndexObserverLoggingWidget.cpp.obj
[2023-11-23T16:43:46.446Z]     [88/108] Building CXX object lib\adskHydraSceneBrowser\lib\CMakeFiles\adskHydraSceneBrowser.dir\src\patch\registeredSceneIndexChooser.cpp.obj
[2023-11-23T16:43:47.158Z]     [89/108] Building CXX object lib\adskHydraSceneBrowser\lib\CMakeFiles\adskHydraSceneBrowser.dir\src\patch\sceneIndexDebuggerWidget.cpp.obj
[2023-11-23T16:43:47.158Z]     [90/108] Building CXX object lib\adskHydraSceneBrowser\lib\CMakeFiles\adskHydraSceneBrowser.dir\src\patch\dataSourceValueTreeView.cpp.obj
[2023-11-23T16:43:47.488Z]     [91/108] Building CXX object lib\adskHydraSceneBrowser\lib\CMakeFiles\adskHydraSceneBrowser.dir\src\patch\sceneIndexTreeWidget.cpp.obj
[2023-11-23T16:43:47.819Z]     [92/108] Building CXX object lib\mayaHydra\hydraExtensions\CMakeFiles\mayaHydraLib.dir\sceneIndex\mayaHydraDefaultLightDataSource.cpp.obj
[2023-11-23T16:43:48.151Z]     [93/108] Building CXX object lib\adskHydraSceneBrowser\lib\CMakeFiles\adskHydraSceneBrowser.dir\adskHydraSceneBrowser_autogen\mocs_compilation.cpp.obj
[2023-11-23T16:43:48.151Z]     [94/108] Building CXX object lib\adskHydraSceneBrowser\lib\CMakeFiles\adskHydraSceneBrowser.dir\src\patch\dataSourceTreeWidget.cpp.obj
[2023-11-23T16:43:48.151Z]     [95/108] Building CXX object lib\adskHydraSceneBrowser\lib\CMakeFiles\adskHydraSceneBrowser.dir\src\patch\sceneIndexObserverLoggingTreeView.cpp.obj
[2023-11-23T16:43:48.862Z]     [96/108] Linking CXX shared library lib\adskHydraSceneBrowser\lib\adskHydraSceneBrowser.dll
[2023-11-23T16:43:49.192Z]     [97/108] Building CXX object lib\mayaHydra\hydraExtensions\CMakeFiles\mayaHydraLib.dir\delegates\testDelegate.cpp.obj
[2023-11-23T16:43:49.523Z]     [98/108] Building CXX object lib\mayaHydra\hydraExtensions\CMakeFiles\mayaHydraLib.dir\delegates\defaultLightDelegate.cpp.obj
[2023-11-23T16:43:50.234Z]     [99/108] Building CXX object lib\adskHydraSceneBrowser\test\CMakeFiles\adskHydraSceneBrowserTesting.dir\adskHydraSceneBrowserTesting.cpp.obj
[2023-11-23T16:43:50.946Z]     [100/108] Linking CXX shared library lib\mayaHydra\hydraExtensions\mayaHydraLib.dll
[2023-11-23T16:43:51.276Z]     [101/108] Building CXX object plugin\mayaHydraSceneBrowserTest\CMakeFiles\mayaHydraSceneBrowserTest.dir\mayaHydraSceneBrowserTestCmd.cpp.obj
[2023-11-23T16:43:51.276Z]     [102/108] Linking CXX shared library test\lib\mayaUsd\render\mayaToHydra\cpp\mayaHydraCppTests.mll
[2023-11-23T16:43:51.608Z]     [103/108] Linking CXX shared library lib\mayaHydra\mayaPlugin\mayaHydra.mll
[2023-11-23T16:43:51.938Z]     [104/108] Building CXX object lib\adskHydraSceneBrowser\test\CMakeFiles\adskHydraSceneBrowserTesting.dir\adskHydraSceneBrowserTestFixture.cpp.obj
[2023-11-23T16:43:52.269Z]     [105/108] Linking CXX shared library lib\adskHydraSceneBrowser\test\adskHydraSceneBrowserTesting.dll
[2023-11-23T16:43:52.600Z]     [106/108] Building CXX object plugin\mayaHydraSceneBrowser\CMakeFiles\mayaHydraSceneBrowser.dir\mayaHydraSceneBrowser.cpp.obj
[2023-11-23T16:43:52.930Z]     [107/108] Linking CXX shared library plugin\mayaHydraSceneBrowserTest\mayaHydraSceneBrowserTest.mll
[2023-11-23T16:43:52.930Z]     [108/108] Linking CXX shared library plugin\mayaHydraSceneBrowser\mayaHydraSceneBrowser.mll
[2023-11-23T16:43:52.930Z]     
[2023-11-23T16:43:52.930Z]         Building with settings:
[2023-11-23T16:43:52.930Z]           Source directory          S:\Jenkins\workspace\ECP\ecg-maya-hydra\ecg-maya-hydra-branch-preflight-python3-windows\ecg-maya-hydra\maya-hydra
[2023-11-23T16:43:52.930Z]           Workspace directory       W:\
[2023-11-23T16:43:52.930Z]           Build directory           W:\build\RelWithDebInfo
[2023-11-23T16:43:52.930Z]           Install directory         W:\install\RelWithDebInfo\MayaHydra
[2023-11-23T16:43:52.930Z]           Variant                   RelWithDebInfo
[2023-11-23T16:43:52.930Z]           Python Debug              Off
[2023-11-23T16:43:52.930Z]           CMake generator           Ninja
[2023-11-23T16:43:52.930Z]           Build arguments           ['-DCMAKE_MAKE_PROGRAM=P:/shared/Artifactory/Windows/ninja/1.10.2/ccacdf8/ninja.exe', '-DPYTHON_INCLUDE_DIR=P:/shared/Artifactory/Windows/rundev-master/202311221838/runtime/0c83665/runTime/include/Python311/Python', '-DPython_EXECUTABLE=P:/shared/Artifactory/Windows/rundev-master/202311221838/runtime/0c83665/runTime/bin/mayapy.exe', '-DPYTHON_LIBRARIES=P:/shared/Artifactory/Windows/rundev-master/202311221838/runtime/0c83665/runTime/lib/python311.lib', '-DBUILD_WITH_PYTHON_3_VERSION=3.11', '-DCMAKE_WANT_MATERIALX_BUILD=ON', '-DCMAKE_PREFIX_PATH=P:\\shared\\Artifactory\\Windows\\USD\\6a9558d', '-DMAYAHYDRA_BUILD_NUMBER=415', '-DMAYAHYDRA_GIT_COMMIT=80e98c2c5a49cd0b6d7d4b6b3462972d9bcefbfa', '-DMAYAHYDRA_GIT_BRANCH=master']
[2023-11-23T16:43:52.930Z]           Stages arguments          ['build']
[2023-11-23T16:43:52.930Z]           CTest arguments           ['--parallel 16']
[2023-11-23T16:43:52.930Z]     Success MayaHydra build and install !!!!
[2023-11-23T16:43:52.930Z]     Elapsed time: 00:00:54
[Pipeline] bat
[2023-11-23T16:43:53.952Z] Deleting alias drive W:
[Pipeline] bat
[2023-11-23T16:43:54.593Z] Deleting alias drive P:
[Pipeline] }
[Pipeline] // withEnv
[Pipeline] }
[Pipeline] // timeout
[Pipeline] }
[Pipeline] // stage
[Pipeline] }
[Pipeline] // timestamps
[Pipeline] timestamps
[Pipeline] {
[Pipeline] stage
[Pipeline] { (Install)
[Pipeline] timeout
[2023-11-23T16:43:55.133Z] Timeout set to expire in 6 hr 0 min
[Pipeline] {
[Pipeline] withEnv
[Pipeline] {
[Pipeline] bat
[2023-11-23T16:43:55.778Z] Creating alias drive P: to S:\jenkins\workspace
[Pipeline] bat
[2023-11-23T16:43:56.419Z] Creating alias drive W: to S:\Jenkins\workspace\ECP\ecg-maya-hydra\ecg-maya-hydra-branch-preflight-python3-windows
[Pipeline] bat
[2023-11-23T16:43:57.256Z] "C:\Program Files\Microsoft Visual Studio\2022\Professional\VC\Auxiliary\Build\vcvarsall.bat" x64
[2023-11-23T16:43:57.256Z] **********************************************************************
[2023-11-23T16:43:57.256Z] ** Visual Studio 2022 Developer Command Prompt v17.3.2
[2023-11-23T16:43:57.256Z] ** Copyright (c) 2022 Microsoft Corporation
[2023-11-23T16:43:57.256Z] **********************************************************************
[2023-11-23T16:43:58.921Z] [vcvarsall.bat] Environment initialized for: 'x64'
[2023-11-23T16:43:58.921Z] python ecg-maya-hydra/build.py --stages=install --workspace-dir=W:\ --artifactory-dir=P:\shared\Artifactory --build-dir=W:\build --install-dir=W:\install --signing-dir=W:\signing --package-dir=W:\package --output-dir=W:\output --stash-dir=W:\stash --jenkins-build=415 --git-commit=80e98c2c5a49cd0b6d7d4b6b3462972d9bcefbfa --git-branch=master --variants=Debug --interactive-tests=true --post-zips=false --osx-binary-architecture-target=ub2 --osx-deployment-target=11.0 --osx-base-sdk=CurrentActiveSDK --maya-cut-config=maya-rundev-master-debug.yaml --maya-package=rundev-master-debug --stage-banner
[2023-11-23T16:43:59.635Z] Using Maya cut from P:\shared\Artifactory\Windows\rundev-master-debug\202311220725\runtime\a121a89
[2023-11-23T16:43:59.635Z] Using Maya ADSK Signatures from P:\shared\Artifactory\Windows\adsk-plugin-signatures-maya\2023\3ae1ae7
[2023-11-23T16:43:59.635Z] Using Maya Security Library from P:\shared\Artifactory\Windows\maya-security-library\3.4.0\284407f
[2023-11-23T16:43:59.982Z] 
[2023-11-23T16:43:59.982Z] ================================================================================
[2023-11-23T16:43:59.982Z]                                 install (Debug)
[2023-11-23T16:43:59.982Z] ================================================================================
[2023-11-23T16:43:59.982Z] Maya Python Debug Info:
[2023-11-23T16:43:59.982Z]   mayapy executable   = P:\shared\Artifactory\Windows\rundev-master-debug\202311220725\runtime\a121a89\runTime\bin\mayapy.exe
[2023-11-23T16:43:59.982Z]   Include Folder      = P:\shared\Artifactory\Windows\rundev-master-debug\202311220725\runtime\a121a89\runTime\include\Python311\Python
[2023-11-23T16:43:59.982Z]   Library             = P:\shared\Artifactory\Windows\rundev-master-debug\202311220725\runtime\a121a89\runTime\lib\python311_d.lib
[2023-11-23T16:43:59.982Z]   site-package Folder = P:\shared\Artifactory\Windows\rundev-master-debug\202311220725\runtime\a121a89\runTime\Python\Lib\site-packages
[2023-11-23T16:44:02.250Z] 
[2023-11-23T16:44:02.250Z]             WARNING: The 'psutil' python package isn't installed. Thus, Peptide
[2023-11-23T16:44:02.250Z]             won't be able to determine the amount of RAM available. It will assume
[2023-11-23T16:44:02.250Z]             that your machine has only 16GB available, and will limit the number
[2023-11-23T16:44:02.250Z]             the number of link jobs being performed in parallel. This can
[2023-11-23T16:44:02.250Z]             negatively affect your build times.
[2023-11-23T16:44:02.250Z] 
[2023-11-23T16:44:02.250Z]             Please 'pip(3) install psutil' to resolve this.
[2023-11-23T16:44:02.250Z]             
[2023-11-23T16:44:02.250Z] In workdir: S:\Jenkins\workspace\ECP\ecg-maya-hydra\ecg-maya-hydra-branch-preflight-python3-windows\ecg-maya-hydra\maya-hydra
[2023-11-23T16:44:02.250Z] Executing: 'P:\\shared\\Artifactory\\Windows\\rundev-master-debug\\202311220725\\runtime\\a121a89\\runTime\\bin\\mayapy.exe' 'S:\\Jenkins\\workspace\\ECP\\ecg-maya-hydra\\ecg-maya-hydra-branch-preflight-python3-windows\\ecg-maya-hydra\\maya-hydra\\build.py' --generator Ninja --build-debug --maya-location 'P:\\shared\\Artifactory\\Windows\\rundev-master-debug\\202311220725\\runtime\\a121a89\\runTime' --devkit-location 'P:\\shared\\Artifactory\\Windows\\rundev-master-debug\\202311220725\\runtime\\a121a89\\devkitBase' --pxrusd-location 'P:\\shared\\Artifactory\\Windows\\USD\\01f407c' '--build-args=-DCMAKE_MAKE_PROGRAM=P:/shared/Artifactory/Windows/ninja/1.10.2/ccacdf8/ninja.exe,-DPYTHON_INCLUDE_DIR=P:/shared/Artifactory/Windows/rundev-master-debug/202311220725/runtime/a121a89/runTime/include/Python311/Python,-DPython_EXECUTABLE=P:/shared/Artifactory/Windows/rundev-master-debug/202311220725/runtime/a121a89/runTime/bin/mayapy.exe,-DPYTHON_LIBRARIES=P:/shared/Artifactory/Windows/rundev-master-debug/202311220725/runtime/a121a89/runTime/lib/python311_d.lib,-DBUILD_WITH_PYTHON_3_VERSION=3.11,-DCMAKE_WANT_MATERIALX_BUILD=ON,-DCMAKE_PREFIX_PATH=P:\\shared\\Artifactory\\Windows\\USD\\01f407c,-DMAYAHYDRA_BUILD_NUMBER=415,-DMAYAHYDRA_GIT_COMMIT=80e98c2c5a49cd0b6d7d4b6b3462972d9bcefbfa,-DMAYAHYDRA_GIT_BRANCH=master' --debug-python '--ctest-args=--parallel 16' --stages=install --redirect-outstream-file=False --install-location 'W:\\install\\Debug\\MayaHydra' 'W:\\'
[2023-11-23T16:44:02.250Z] Modified environment variables:
[2023-11-23T16:44:02.250Z]     PATH=P:\shared\Artifactory\Windows\cmake\3.20.3\afe857a\bin;C:\Python27\lib\site-packages\pywin32_system32;C:\Program Files\Microsoft Visual Studio\2022\Professional\VC\Tools\MSVC\14.33.31629\bin\HostX64\x64;C:\Program Files\Microsoft Visual Studio\2022\Professional\Common7\IDE\VC\VCPackages;C:\Program Files\Microsoft Visual Studio\2022\Professional\Common7\IDE\CommonExtensions\Microsoft\TestWindow;C:\Program Files\Microsoft Visual Studio\2022\Professional\Common7\IDE\CommonExtensions\Microsoft\TeamFoundation\Team Explorer;C:\Program Files\Microsoft Visual Studio\2022\Professional\MSBuild\Current\bin\Roslyn;C:\Program Files\Microsoft Visual Studio\2022\Professional\Team Tools\Performance Tools\x64;C:\Program Files\Microsoft Visual Studio\2022\Professional\Team Tools\Performance Tools;C:\Program Files (x86)\Microsoft Visual Studio\Shared\Common\VSPerfCollectionTools\vs2019\\x64;C:\Program Files (x86)\Microsoft Visual Studio\Shared\Common\VSPerfCollectionTools\vs2019\;C:\Program Files (x86)\Microsoft SDKs\Windows\v10.0A\bin\NETFX 4.8 Tools\x64\;C:\Program Files (x86)\HTML Help Workshop;C:\Program Files\Microsoft Visual Studio\2022\Professional\Common7\IDE\CommonExtensions\Microsoft\FSharp\Tools;C:\Program Files (x86)\Windows Kits\10\bin\10.0.19041.0\\x64;C:\Program Files (x86)\Windows Kits\10\bin\\x64;C:\Program Files\Microsoft Visual Studio\2022\Professional\\MSBuild\Current\Bin\amd64;C:\WINDOWS\Microsoft.NET\Framework64\v4.0.30319;C:\Program Files\Microsoft Visual Studio\2022\Professional\Common7\IDE\;C:\Program Files\Microsoft Visual Studio\2022\Professional\Common7\Tools\;C:\Python27\;C:\Python27\Scripts;C:\WINDOWS\system32;C:\WINDOWS;C:\WINDOWS\System32\Wbem;C:\WINDOWS\System32\WindowsPowerShell\v1.0\;C:\WINDOWS\System32\OpenSSH\;C:\ProgramData\chocolatey\bin;C:\Program Files (x86)\WiX Toolset v3.7\bin;C:\Program Files\dotnet\;C:\Program Files\Zulu\zulu-11\bin\;C:\Program Files (x86)\Windows Kits\10\bin\10.0.19041.0\x64;C:\Program Files (x86)\Windows Kits\10\bin\10.0.18362.0\x64;C:\Program Files (x86)\Windows Kits\10\bin\10.0.17763.0\x64;C:\Program Files (x86)\Windows Kits\10\bin\x64;C:\Strawberry\c\bin;C:\Strawberry\perl\site\bin;C:\Strawberry\perl\bin;C:\Program Files\Git\cmd;C:\Program Files\Git\usr\bin;C:\Program Files\Git\mingw64\bin;C:\Program Files\Git\bin;C:\Python38\;C:\Python38\Scripts;C:\StoreBoxClientWindows;C:\Program Files\Electric Cloud\ElectricCommander\bin;C:\Program Files\WinRAR;C:\Program Files\7-Zip;C:\Users\Administrator\AppData\Local\Microsoft\WindowsApps;C:\Users\Administrator\.dotnet\tools;C:\Program Files\Microsoft Visual Studio\2022\Professional\Common7\IDE\CommonExtensions\Microsoft\CMake\CMake\bin;C:\Program Files\Microsoft Visual Studio\2022\Professional\Common7\IDE\CommonExtensions\Microsoft\CMake\Ninja;C:\Program Files\Microsoft Visual Studio\2022\Professional\Common7\IDE\VC\Linux\bin\ConnectionManagerExe
[2023-11-23T16:44:04.520Z]     [0/1] Install the project...
[2023-11-23T16:44:04.520Z]     -- Install configuration: "Debug"
[2023-11-23T16:44:05.233Z]     
[2023-11-23T16:44:05.233Z]         Building with settings:
[2023-11-23T16:44:05.233Z]           Source directory          S:\Jenkins\workspace\ECP\ecg-maya-hydra\ecg-maya-hydra-branch-preflight-python3-windows\ecg-maya-hydra\maya-hydra
[2023-11-23T16:44:05.233Z]           Workspace directory       W:\
[2023-11-23T16:44:05.233Z]           Build directory           W:\build\Debug
[2023-11-23T16:44:05.233Z]           Install directory         W:\install\Debug\MayaHydra
[2023-11-23T16:44:05.233Z]           Variant                   Debug
[2023-11-23T16:44:05.233Z]           Python Debug              On
[2023-11-23T16:44:05.233Z]           CMake generator           Ninja
[2023-11-23T16:44:05.233Z]           Build arguments           ['-DCMAKE_MAKE_PROGRAM=P:/shared/Artifactory/Windows/ninja/1.10.2/ccacdf8/ninja.exe', '-DPYTHON_INCLUDE_DIR=P:/shared/Artifactory/Windows/rundev-master-debug/202311220725/runtime/a121a89/runTime/include/Python311/Python', '-DPython_EXECUTABLE=P:/shared/Artifactory/Windows/rundev-master-debug/202311220725/runtime/a121a89/runTime/bin/mayapy.exe', '-DPYTHON_LIBRARIES=P:/shared/Artifactory/Windows/rundev-master-debug/202311220725/runtime/a121a89/runTime/lib/python311_d.lib', '-DBUILD_WITH_PYTHON_3_VERSION=3.11', '-DCMAKE_WANT_MATERIALX_BUILD=ON', '-DCMAKE_PREFIX_PATH=P:\\shared\\Artifactory\\Windows\\USD\\01f407c', '-DMAYAHYDRA_BUILD_NUMBER=415', '-DMAYAHYDRA_GIT_COMMIT=80e98c2c5a49cd0b6d7d4b6b3462972d9bcefbfa', '-DMAYAHYDRA_GIT_BRANCH=master']
[2023-11-23T16:44:05.233Z]           Stages arguments          ['install']
[2023-11-23T16:44:05.233Z]           CTest arguments           ['--parallel 16']
[2023-11-23T16:44:05.233Z]     Success MayaHydra build and install !!!!
[2023-11-23T16:44:05.233Z]     Elapsed time: 00:00:01
[Pipeline] bat
[2023-11-23T16:44:05.877Z] Deleting alias drive W:
[Pipeline] bat
[2023-11-23T16:44:06.518Z] Deleting alias drive P:
[Pipeline] bat
[2023-11-23T16:44:07.146Z] Creating alias drive P: to S:\jenkins\workspace
[Pipeline] bat
[2023-11-23T16:44:07.735Z] Creating alias drive W: to S:\Jenkins\workspace\ECP\ecg-maya-hydra\ecg-maya-hydra-branch-preflight-python3-windows
[Pipeline] bat
[2023-11-23T16:44:08.489Z] "C:\Program Files\Microsoft Visual Studio\2022\Professional\VC\Auxiliary\Build\vcvarsall.bat" x64
[2023-11-23T16:44:08.819Z] **********************************************************************
[2023-11-23T16:44:08.819Z] ** Visual Studio 2022 Developer Command Prompt v17.3.2
[2023-11-23T16:44:08.819Z] ** Copyright (c) 2022 Microsoft Corporation
[2023-11-23T16:44:08.819Z] **********************************************************************
[2023-11-23T16:44:09.971Z] [vcvarsall.bat] Environment initialized for: 'x64'
[2023-11-23T16:44:09.971Z] python ecg-maya-hydra/build.py --stages=install --workspace-dir=W:\ --artifactory-dir=P:\shared\Artifactory --build-dir=W:\build --install-dir=W:\install --signing-dir=W:\signing --package-dir=W:\package --output-dir=W:\output --stash-dir=W:\stash --jenkins-build=415 --git-commit=80e98c2c5a49cd0b6d7d4b6b3462972d9bcefbfa --git-branch=master --variants=RelWithDebInfo --interactive-tests=true --post-zips=false --osx-binary-architecture-target=ub2 --osx-deployment-target=11.0 --osx-base-sdk=CurrentActiveSDK --maya-cut-config=maya-rundev-master.yaml --maya-package=rundev-master --stage-banner
[2023-11-23T16:44:11.122Z] Using Maya cut from P:\shared\Artifactory\Windows\rundev-master\202311221838\runtime\0c83665
[2023-11-23T16:44:11.122Z] Using Maya ADSK Signatures from P:\shared\Artifactory\Windows\adsk-plugin-signatures-maya\2023\3ae1ae7
[2023-11-23T16:44:11.122Z] Using Maya Security Library from P:\shared\Artifactory\Windows\maya-security-library\3.4.0\284407f
[2023-11-23T16:44:11.122Z] 
[2023-11-23T16:44:11.122Z] ================================================================================
[2023-11-23T16:44:11.122Z]                             install (RelWithDebInfo)
[2023-11-23T16:44:11.122Z] ================================================================================
[2023-11-23T16:44:11.122Z] Maya Python RelWithDebInfo Info:
[2023-11-23T16:44:11.122Z]   mayapy executable   = P:\shared\Artifactory\Windows\rundev-master\202311221838\runtime\0c83665\runTime\bin\mayapy.exe
[2023-11-23T16:44:11.122Z]   Include Folder      = P:\shared\Artifactory\Windows\rundev-master\202311221838\runtime\0c83665\runTime\include\Python311\Python
[2023-11-23T16:44:11.122Z]   Library             = P:\shared\Artifactory\Windows\rundev-master\202311221838\runtime\0c83665\runTime\lib\python311.lib
[2023-11-23T16:44:11.122Z]   site-package Folder = P:\shared\Artifactory\Windows\rundev-master\202311221838\runtime\0c83665\runTime\Python\Lib\site-packages
[2023-11-23T16:44:12.275Z] In workdir: S:\Jenkins\workspace\ECP\ecg-maya-hydra\ecg-maya-hydra-branch-preflight-python3-windows\ecg-maya-hydra\maya-hydra
[2023-11-23T16:44:12.275Z] Executing: 'P:\\shared\\Artifactory\\Windows\\rundev-master\\202311221838\\runtime\\0c83665\\runTime\\bin\\mayapy.exe' 'S:\\Jenkins\\workspace\\ECP\\ecg-maya-hydra\\ecg-maya-hydra-branch-preflight-python3-windows\\ecg-maya-hydra\\maya-hydra\\build.py' --generator Ninja --build-relwithdebug --maya-location 'P:\\shared\\Artifactory\\Windows\\rundev-master\\202311221838\\runtime\\0c83665\\runTime' --devkit-location 'P:\\shared\\Artifactory\\Windows\\rundev-master\\202311221838\\runtime\\0c83665\\devkitBase' --pxrusd-location 'P:\\shared\\Artifactory\\Windows\\USD\\6a9558d' '--build-args=-DCMAKE_MAKE_PROGRAM=P:/shared/Artifactory/Windows/ninja/1.10.2/ccacdf8/ninja.exe,-DPYTHON_INCLUDE_DIR=P:/shared/Artifactory/Windows/rundev-master/202311221838/runtime/0c83665/runTime/include/Python311/Python,-DPython_EXECUTABLE=P:/shared/Artifactory/Windows/rundev-master/202311221838/runtime/0c83665/runTime/bin/mayapy.exe,-DPYTHON_LIBRARIES=P:/shared/Artifactory/Windows/rundev-master/202311221838/runtime/0c83665/runTime/lib/python311.lib,-DBUILD_WITH_PYTHON_3_VERSION=3.11,-DCMAKE_WANT_MATERIALX_BUILD=ON,-DCMAKE_PREFIX_PATH=P:\\shared\\Artifactory\\Windows\\USD\\6a9558d,-DMAYAHYDRA_BUILD_NUMBER=415,-DMAYAHYDRA_GIT_COMMIT=80e98c2c5a49cd0b6d7d4b6b3462972d9bcefbfa,-DMAYAHYDRA_GIT_BRANCH=master' '--ctest-args=--parallel 16' --stages=install --redirect-outstream-file=False --install-location 'W:\\install\\RelWithDebInfo\\MayaHydra' 'W:\\'
[2023-11-23T16:44:12.275Z] Modified environment variables:
[2023-11-23T16:44:12.276Z]     PATH=P:\shared\Artifactory\Windows\cmake\3.20.3\afe857a\bin;C:\Python27\lib\site-packages\pywin32_system32;C:\Program Files\Microsoft Visual Studio\2022\Professional\VC\Tools\MSVC\14.33.31629\bin\HostX64\x64;C:\Program Files\Microsoft Visual Studio\2022\Professional\Common7\IDE\VC\VCPackages;C:\Program Files\Microsoft Visual Studio\2022\Professional\Common7\IDE\CommonExtensions\Microsoft\TestWindow;C:\Program Files\Microsoft Visual Studio\2022\Professional\Common7\IDE\CommonExtensions\Microsoft\TeamFoundation\Team Explorer;C:\Program Files\Microsoft Visual Studio\2022\Professional\MSBuild\Current\bin\Roslyn;C:\Program Files\Microsoft Visual Studio\2022\Professional\Team Tools\Performance Tools\x64;C:\Program Files\Microsoft Visual Studio\2022\Professional\Team Tools\Performance Tools;C:\Program Files (x86)\Microsoft Visual Studio\Shared\Common\VSPerfCollectionTools\vs2019\\x64;C:\Program Files (x86)\Microsoft Visual Studio\Shared\Common\VSPerfCollectionTools\vs2019\;C:\Program Files (x86)\Microsoft SDKs\Windows\v10.0A\bin\NETFX 4.8 Tools\x64\;C:\Program Files (x86)\HTML Help Workshop;C:\Program Files\Microsoft Visual Studio\2022\Professional\Common7\IDE\CommonExtensions\Microsoft\FSharp\Tools;C:\Program Files (x86)\Windows Kits\10\bin\10.0.19041.0\\x64;C:\Program Files (x86)\Windows Kits\10\bin\\x64;C:\Program Files\Microsoft Visual Studio\2022\Professional\\MSBuild\Current\Bin\amd64;C:\WINDOWS\Microsoft.NET\Framework64\v4.0.30319;C:\Program Files\Microsoft Visual Studio\2022\Professional\Common7\IDE\;C:\Program Files\Microsoft Visual Studio\2022\Professional\Common7\Tools\;C:\Python27\;C:\Python27\Scripts;C:\WINDOWS\system32;C:\WINDOWS;C:\WINDOWS\System32\Wbem;C:\WINDOWS\System32\WindowsPowerShell\v1.0\;C:\WINDOWS\System32\OpenSSH\;C:\ProgramData\chocolatey\bin;C:\Program Files (x86)\WiX Toolset v3.7\bin;C:\Program Files\dotnet\;C:\Program Files\Zulu\zulu-11\bin\;C:\Program Files (x86)\Windows Kits\10\bin\10.0.19041.0\x64;C:\Program Files (x86)\Windows Kits\10\bin\10.0.18362.0\x64;C:\Program Files (x86)\Windows Kits\10\bin\10.0.17763.0\x64;C:\Program Files (x86)\Windows Kits\10\bin\x64;C:\Strawberry\c\bin;C:\Strawberry\perl\site\bin;C:\Strawberry\perl\bin;C:\Program Files\Git\cmd;C:\Program Files\Git\usr\bin;C:\Program Files\Git\mingw64\bin;C:\Program Files\Git\bin;C:\Python38\;C:\Python38\Scripts;C:\StoreBoxClientWindows;C:\Program Files\Electric Cloud\ElectricCommander\bin;C:\Program Files\WinRAR;C:\Program Files\7-Zip;C:\Users\Administrator\AppData\Local\Microsoft\WindowsApps;C:\Users\Administrator\.dotnet\tools;C:\Program Files\Microsoft Visual Studio\2022\Professional\Common7\IDE\CommonExtensions\Microsoft\CMake\CMake\bin;C:\Program Files\Microsoft Visual Studio\2022\Professional\Common7\IDE\CommonExtensions\Microsoft\CMake\Ninja;C:\Program Files\Microsoft Visual Studio\2022\Professional\Common7\IDE\VC\Linux\bin\ConnectionManagerExe
[2023-11-23T16:44:12.987Z]     [0/1] Install the project...
[2023-11-23T16:44:12.987Z]     -- Install configuration: "RelWithDebInfo"
[2023-11-23T16:44:14.139Z]     
[2023-11-23T16:44:14.139Z]         Building with settings:
[2023-11-23T16:44:14.139Z]           Source directory          S:\Jenkins\workspace\ECP\ecg-maya-hydra\ecg-maya-hydra-branch-preflight-python3-windows\ecg-maya-hydra\maya-hydra
[2023-11-23T16:44:14.139Z]           Workspace directory       W:\
[2023-11-23T16:44:14.139Z]           Build directory           W:\build\RelWithDebInfo
[2023-11-23T16:44:14.139Z]           Install directory         W:\install\RelWithDebInfo\MayaHydra
[2023-11-23T16:44:14.139Z]           Variant                   RelWithDebInfo
[2023-11-23T16:44:14.139Z]           Python Debug              Off
[2023-11-23T16:44:14.139Z]           CMake generator           Ninja
[2023-11-23T16:44:14.139Z]           Build arguments           ['-DCMAKE_MAKE_PROGRAM=P:/shared/Artifactory/Windows/ninja/1.10.2/ccacdf8/ninja.exe', '-DPYTHON_INCLUDE_DIR=P:/shared/Artifactory/Windows/rundev-master/202311221838/runtime/0c83665/runTime/include/Python311/Python', '-DPython_EXECUTABLE=P:/shared/Artifactory/Windows/rundev-master/202311221838/runtime/0c83665/runTime/bin/mayapy.exe', '-DPYTHON_LIBRARIES=P:/shared/Artifactory/Windows/rundev-master/202311221838/runtime/0c83665/runTime/lib/python311.lib', '-DBUILD_WITH_PYTHON_3_VERSION=3.11', '-DCMAKE_WANT_MATERIALX_BUILD=ON', '-DCMAKE_PREFIX_PATH=P:\\shared\\Artifactory\\Windows\\USD\\6a9558d', '-DMAYAHYDRA_BUILD_NUMBER=415', '-DMAYAHYDRA_GIT_COMMIT=80e98c2c5a49cd0b6d7d4b6b3462972d9bcefbfa', '-DMAYAHYDRA_GIT_BRANCH=master']
[2023-11-23T16:44:14.139Z]           Stages arguments          ['install']
[2023-11-23T16:44:14.139Z]           CTest arguments           ['--parallel 16']
[2023-11-23T16:44:14.139Z]     Success MayaHydra build and install !!!!
[2023-11-23T16:44:14.139Z]     Elapsed time: 00:00:01
[Pipeline] bat
[2023-11-23T16:44:14.719Z] Deleting alias drive W:
[Pipeline] bat
[2023-11-23T16:44:15.296Z] Deleting alias drive P:
[Pipeline] }
[Pipeline] // withEnv
[Pipeline] }
[Pipeline] // timeout
[Pipeline] }
[Pipeline] // stage
[Pipeline] }
[Pipeline] // timestamps
[Pipeline] timestamps
[Pipeline] {
[Pipeline] stage
[Pipeline] { (Test)
[Pipeline] timeout
[2023-11-23T16:44:15.494Z] Timeout set to expire in 6 hr 0 min
[Pipeline] {
[Pipeline] withEnv
[Pipeline] {
[Pipeline] bat
[2023-11-23T16:44:16.064Z] Creating alias drive P: to S:\jenkins\workspace
[Pipeline] bat
[2023-11-23T16:44:16.646Z] Creating alias drive W: to S:\Jenkins\workspace\ECP\ecg-maya-hydra\ecg-maya-hydra-branch-preflight-python3-windows
[Pipeline] bat
[2023-11-23T16:44:17.469Z] "C:\Program Files\Microsoft Visual Studio\2022\Professional\VC\Auxiliary\Build\vcvarsall.bat" x64
[2023-11-23T16:44:17.469Z] **********************************************************************
[2023-11-23T16:44:17.469Z] ** Visual Studio 2022 Developer Command Prompt v17.3.2
[2023-11-23T16:44:17.469Z] ** Copyright (c) 2022 Microsoft Corporation
[2023-11-23T16:44:17.469Z] **********************************************************************
[2023-11-23T16:44:19.335Z] [vcvarsall.bat] Environment initialized for: 'x64'
[2023-11-23T16:44:19.335Z] python ecg-maya-hydra/build.py --stages=test --workspace-dir=W:\ --artifactory-dir=P:\shared\Artifactory --build-dir=W:\build --install-dir=W:\install --signing-dir=W:\signing --package-dir=W:\package --output-dir=W:\output --stash-dir=W:\stash --jenkins-build=415 --git-commit=80e98c2c5a49cd0b6d7d4b6b3462972d9bcefbfa --git-branch=master --variants=RelWithDebInfo --interactive-tests=true --post-zips=false --osx-binary-architecture-target=ub2 --osx-deployment-target=11.0 --osx-base-sdk=CurrentActiveSDK --test-jobs=0 --failed-test-retry=3 --maya-cut-config=maya-rundev-master.yaml --maya-package=rundev-master --stage-banner --progressive-timeout
[2023-11-23T16:44:20.338Z] Using Maya cut from P:\shared\Artifactory\Windows\rundev-master\202311221838\runtime\0c83665
[2023-11-23T16:44:20.338Z] Using Maya ADSK Signatures from P:\shared\Artifactory\Windows\adsk-plugin-signatures-maya\2023\3ae1ae7
[2023-11-23T16:44:20.338Z] Using Maya Security Library from P:\shared\Artifactory\Windows\maya-security-library\3.4.0\284407f
[2023-11-23T16:44:20.338Z] 
[2023-11-23T16:44:20.338Z] ================================================================================
[2023-11-23T16:44:20.338Z]                              test (RelWithDebInfo)
[2023-11-23T16:44:20.338Z] ================================================================================
[2023-11-23T16:44:20.338Z] Maya Python RelWithDebInfo Info:
[2023-11-23T16:44:20.338Z]   mayapy executable   = P:\shared\Artifactory\Windows\rundev-master\202311221838\runtime\0c83665\runTime\bin\mayapy.exe
[2023-11-23T16:44:20.338Z]   Include Folder      = P:\shared\Artifactory\Windows\rundev-master\202311221838\runtime\0c83665\runTime\include\Python311\Python
[2023-11-23T16:44:20.338Z]   Library             = P:\shared\Artifactory\Windows\rundev-master\202311221838\runtime\0c83665\runTime\lib\python311.lib
[2023-11-23T16:44:20.338Z]   site-package Folder = P:\shared\Artifactory\Windows\rundev-master\202311221838\runtime\0c83665\runTime\Python\Lib\site-packages
[2023-11-23T16:44:21.049Z] In workdir: S:\Jenkins\workspace\ECP\ecg-maya-hydra\ecg-maya-hydra-branch-preflight-python3-windows\ecg-maya-hydra\maya-hydra
[2023-11-23T16:44:21.049Z] Executing: 'P:\\shared\\Artifactory\\Windows\\rundev-master\\202311221838\\runtime\\0c83665\\runTime\\bin\\mayapy.exe' 'S:\\Jenkins\\workspace\\ECP\\ecg-maya-hydra\\ecg-maya-hydra-branch-preflight-python3-windows\\ecg-maya-hydra\\maya-hydra\\build.py' --generator Ninja --build-relwithdebug --maya-location 'P:\\shared\\Artifactory\\Windows\\rundev-master\\202311221838\\runtime\\0c83665\\runTime' --devkit-location 'P:\\shared\\Artifactory\\Windows\\rundev-master\\202311221838\\runtime\\0c83665\\devkitBase' --pxrusd-location 'P:\\shared\\Artifactory\\Windows\\USD\\6a9558d' '--build-args=-DCMAKE_MAKE_PROGRAM=P:/shared/Artifactory/Windows/ninja/1.10.2/ccacdf8/ninja.exe,-DPYTHON_INCLUDE_DIR=P:/shared/Artifactory/Windows/rundev-master/202311221838/runtime/0c83665/runTime/include/Python311/Python,-DPython_EXECUTABLE=P:/shared/Artifactory/Windows/rundev-master/202311221838/runtime/0c83665/runTime/bin/mayapy.exe,-DPYTHON_LIBRARIES=P:/shared/Artifactory/Windows/rundev-master/202311221838/runtime/0c83665/runTime/lib/python311.lib,-DBUILD_WITH_PYTHON_3_VERSION=3.11,-DCMAKE_WANT_MATERIALX_BUILD=ON,-DCMAKE_PREFIX_PATH=P:\\shared\\Artifactory\\Windows\\USD\\6a9558d,-DMAYAHYDRA_BUILD_NUMBER=415,-DMAYAHYDRA_GIT_COMMIT=80e98c2c5a49cd0b6d7d4b6b3462972d9bcefbfa,-DMAYAHYDRA_GIT_BRANCH=master' '--ctest-args=--parallel 16' --stages=test --redirect-outstream-file=False --install-location 'W:\\install\\RelWithDebInfo\\MayaHydra' 'W:\\'
[2023-11-23T16:44:21.049Z] Modified environment variables:
[2023-11-23T16:44:21.049Z]     PATH=P:\shared\Artifactory\Windows\cmake\3.20.3\afe857a\bin;C:\Python27\lib\site-packages\pywin32_system32;C:\Program Files\Microsoft Visual Studio\2022\Professional\VC\Tools\MSVC\14.33.31629\bin\HostX64\x64;C:\Program Files\Microsoft Visual Studio\2022\Professional\Common7\IDE\VC\VCPackages;C:\Program Files\Microsoft Visual Studio\2022\Professional\Common7\IDE\CommonExtensions\Microsoft\TestWindow;C:\Program Files\Microsoft Visual Studio\2022\Professional\Common7\IDE\CommonExtensions\Microsoft\TeamFoundation\Team Explorer;C:\Program Files\Microsoft Visual Studio\2022\Professional\MSBuild\Current\bin\Roslyn;C:\Program Files\Microsoft Visual Studio\2022\Professional\Team Tools\Performance Tools\x64;C:\Program Files\Microsoft Visual Studio\2022\Professional\Team Tools\Performance Tools;C:\Program Files (x86)\Microsoft Visual Studio\Shared\Common\VSPerfCollectionTools\vs2019\\x64;C:\Program Files (x86)\Microsoft Visual Studio\Shared\Common\VSPerfCollectionTools\vs2019\;C:\Program Files (x86)\Microsoft SDKs\Windows\v10.0A\bin\NETFX 4.8 Tools\x64\;C:\Program Files (x86)\HTML Help Workshop;C:\Program Files\Microsoft Visual Studio\2022\Professional\Common7\IDE\CommonExtensions\Microsoft\FSharp\Tools;C:\Program Files (x86)\Windows Kits\10\bin\10.0.19041.0\\x64;C:\Program Files (x86)\Windows Kits\10\bin\\x64;C:\Program Files\Microsoft Visual Studio\2022\Professional\\MSBuild\Current\Bin\amd64;C:\WINDOWS\Microsoft.NET\Framework64\v4.0.30319;C:\Program Files\Microsoft Visual Studio\2022\Professional\Common7\IDE\;C:\Program Files\Microsoft Visual Studio\2022\Professional\Common7\Tools\;C:\Python27\;C:\Python27\Scripts;C:\WINDOWS\system32;C:\WINDOWS;C:\WINDOWS\System32\Wbem;C:\WINDOWS\System32\WindowsPowerShell\v1.0\;C:\WINDOWS\System32\OpenSSH\;C:\ProgramData\chocolatey\bin;C:\Program Files (x86)\WiX Toolset v3.7\bin;C:\Program Files\dotnet\;C:\Program Files\Zulu\zulu-11\bin\;C:\Program Files (x86)\Windows Kits\10\bin\10.0.19041.0\x64;C:\Program Files (x86)\Windows Kits\10\bin\10.0.18362.0\x64;C:\Program Files (x86)\Windows Kits\10\bin\10.0.17763.0\x64;C:\Program Files (x86)\Windows Kits\10\bin\x64;C:\Strawberry\c\bin;C:\Strawberry\perl\site\bin;C:\Strawberry\perl\bin;C:\Program Files\Git\cmd;C:\Program Files\Git\usr\bin;C:\Program Files\Git\mingw64\bin;C:\Program Files\Git\bin;C:\Python38\;C:\Python38\Scripts;C:\StoreBoxClientWindows;C:\Program Files\Electric Cloud\ElectricCommander\bin;C:\Program Files\WinRAR;C:\Program Files\7-Zip;C:\Users\Administrator\AppData\Local\Microsoft\WindowsApps;C:\Users\Administrator\.dotnet\tools;C:\Program Files\Microsoft Visual Studio\2022\Professional\Common7\IDE\CommonExtensions\Microsoft\CMake\CMake\bin;C:\Program Files\Microsoft Visual Studio\2022\Professional\Common7\IDE\CommonExtensions\Microsoft\CMake\Ninja;C:\Program Files\Microsoft Visual Studio\2022\Professional\Common7\IDE\VC\Linux\bin\ConnectionManagerExe
[2023-11-23T16:44:21.762Z]     Test project W:/build/RelWithDebInfo
[2023-11-23T16:44:21.763Z]           Start  1: _Interactive_Maya
[2023-11-23T16:44:21.763Z]      1/21 Test  #1: _Interactive_Maya ...........................***Not Run (Disabled)   0.00 sec
[2023-11-23T16:44:21.763Z]           Start  2: testImageDiffing
[2023-11-23T16:44:21.763Z]           Start  3: testMtohCommand
[2023-11-23T16:44:21.763Z]           Start  4: testMeshes
[2023-11-23T16:44:21.763Z]           Start  5: testNamespaces
[2023-11-23T16:44:21.763Z]           Start  6: testVisibility
[2023-11-23T16:44:21.763Z]           Start  7: testRendererSwitching
[2023-11-23T16:44:21.763Z]           Start  8: testSceneBrowser
[2023-11-23T16:44:22.094Z]           Start  9: testStageAddPrim
[2023-11-23T16:44:22.094Z]           Start 10: testNewSceneWithStage
[2023-11-23T16:44:22.094Z]           Start 11: testDirectionalLights
[2023-11-23T16:44:22.094Z]           Start 12: testColorPreferences
[2023-11-23T16:44:22.094Z]           Start 13: testCppFramework
[2023-11-23T16:44:22.094Z]           Start 14: testMayaSceneFlattening
[2023-11-23T16:44:22.425Z]           Start 15: testMayaUsdUfeItems
[2023-11-23T16:44:22.425Z]           Start 16: testMergingSceneIndex
[2023-11-23T16:44:22.425Z]           Start 17: testSelectionSceneIndex
[2023-11-23T16:44:50.194Z]      2/21 Test  #4: testMeshes ..................................   Passed   23.96 sec
[2023-11-23T16:44:50.194Z]           Start 18: testWireframeSelectionHighlightSceneIndex
[2023-11-23T16:44:50.194Z]      3/21 Test  #3: testMtohCommand .............................   Passed   24.54 sec
[2023-11-23T16:44:50.194Z]           Start 19: testFlowViewportAPIViewportInformation
[2023-11-23T16:44:50.194Z]      4/21 Test #10: testNewSceneWithStage .......................   Passed   24.63 sec
[2023-11-23T16:44:50.194Z]           Start 20: testUsdStageLayerMuting
[2023-11-23T16:44:50.194Z]      5/21 Test  #5: testNamespaces ..............................   Passed   24.88 sec
[2023-11-23T16:44:50.194Z]           Start 21: testMeshes_meshAdapter
[2023-11-23T16:44:50.194Z]      6/21 Test  #8: testSceneBrowser ............................   Passed   26.50 sec
[2023-11-23T16:44:50.194Z]      7/21 Test  #2: testImageDiffing ............................   Passed   26.82 sec
[2023-11-23T16:44:50.194Z]      8/21 Test #12: testColorPreferences ........................   Passed   27.69 sec
[2023-11-23T16:44:50.933Z]      9/21 Test  #6: testVisibility ..............................   Passed   29.07 sec
[2023-11-23T16:44:52.084Z]     10/21 Test #11: testDirectionalLights .......................   Passed   29.90 sec
[2023-11-23T16:44:52.415Z]     11/21 Test  #7: testRendererSwitching .......................   Passed   30.53 sec
[2023-11-23T16:44:53.126Z]     12/21 Test #15: testMayaUsdUfeItems .........................   Passed   30.65 sec
[2023-11-23T16:44:53.126Z]     13/21 Test #17: testSelectionSceneIndex .....................   Passed   30.77 sec
[2023-11-23T16:44:53.460Z]     14/21 Test #16: testMergingSceneIndex .......................   Passed   31.06 sec
[2023-11-23T16:44:53.460Z]     15/21 Test  #9: testStageAddPrim ............................   Passed   31.50 sec
[2023-11-23T16:44:53.460Z]     16/21 Test #14: testMayaSceneFlattening .....................   Passed   31.42 sec
[2023-11-23T16:44:53.792Z]     17/21 Test #13: testCppFramework ............................   Passed   31.62 sec
[2023-11-23T16:45:01.078Z]     18/21 Test #18: testWireframeSelectionHighlightSceneIndex ...   Passed   15.21 sec
[2023-11-23T16:45:02.231Z]     19/21 Test #20: testUsdStageLayerMuting .....................   Passed   15.73 sec
[2023-11-23T16:45:02.561Z]     20/21 Test #19: testFlowViewportAPIViewportInformation ......   Passed   16.27 sec
[2023-11-23T16:45:02.892Z]     21/21 Test #21: testMeshes_meshAdapter ......................   Passed   16.30 sec
[2023-11-23T16:45:02.892Z]     
[2023-11-23T16:45:02.892Z]     100% tests passed, 0 tests failed out of 20
[2023-11-23T16:45:02.892Z]     
[2023-11-23T16:45:02.892Z]     Label Time Summary:
[2023-11-23T16:45:02.892Z]     Debugging      =   0.00 sec*proc (1 test)
[2023-11-23T16:45:02.892Z]     interactive    = 519.03 sec*proc (20 tests)
[2023-11-23T16:45:02.892Z]     mayaHydra      = 519.03 sec*proc (20 tests)
[2023-11-23T16:45:02.892Z]     
[2023-11-23T16:45:02.892Z]     Total Test time (real) =  41.32 sec
[2023-11-23T16:45:02.892Z]     
[2023-11-23T16:45:02.892Z]     The following tests did not run:
[2023-11-23T16:45:02.892Z]     	  1 - _Interactive_Maya (Disabled)
[2023-11-23T16:45:02.892Z]     
[2023-11-23T16:45:02.892Z]         Building with settings:
[2023-11-23T16:45:02.892Z]           Source directory          S:\Jenkins\workspace\ECP\ecg-maya-hydra\ecg-maya-hydra-branch-preflight-python3-windows\ecg-maya-hydra\maya-hydra
[2023-11-23T16:45:02.892Z]           Workspace directory       W:\
[2023-11-23T16:45:02.892Z]           Build directory           W:\build\RelWithDebInfo
[2023-11-23T16:45:02.892Z]           Install directory         W:\install\RelWithDebInfo\MayaHydra
[2023-11-23T16:45:02.892Z]           Variant                   RelWithDebInfo
[2023-11-23T16:45:02.892Z]           Python Debug              Off
[2023-11-23T16:45:02.892Z]           CMake generator           Ninja
[2023-11-23T16:45:02.892Z]           Build arguments           ['-DCMAKE_MAKE_PROGRAM=P:/shared/Artifactory/Windows/ninja/1.10.2/ccacdf8/ninja.exe', '-DPYTHON_INCLUDE_DIR=P:/shared/Artifactory/Windows/rundev-master/202311221838/runtime/0c83665/runTime/include/Python311/Python', '-DPython_EXECUTABLE=P:/shared/Artifactory/Windows/rundev-master/202311221838/runtime/0c83665/runTime/bin/mayapy.exe', '-DPYTHON_LIBRARIES=P:/shared/Artifactory/Windows/rundev-master/202311221838/runtime/0c83665/runTime/lib/python311.lib', '-DBUILD_WITH_PYTHON_3_VERSION=3.11', '-DCMAKE_WANT_MATERIALX_BUILD=ON', '-DCMAKE_PREFIX_PATH=P:\\shared\\Artifactory\\Windows\\USD\\6a9558d', '-DMAYAHYDRA_BUILD_NUMBER=415', '-DMAYAHYDRA_GIT_COMMIT=80e98c2c5a49cd0b6d7d4b6b3462972d9bcefbfa', '-DMAYAHYDRA_GIT_BRANCH=master']
[2023-11-23T16:45:02.892Z]           Stages arguments          ['test']
[2023-11-23T16:45:02.892Z]           CTest arguments           ['--parallel 16']
[2023-11-23T16:45:02.892Z]     Success running MayaHydra tests !!!!
[Pipeline] bat
[2023-11-23T16:45:03.803Z] Deleting alias drive W:
[Pipeline] bat
[2023-11-23T16:45:04.463Z] Deleting alias drive P:
[Pipeline] }
[Pipeline] // withEnv
[Pipeline] }
[Pipeline] // timeout
[Pipeline] }
[Pipeline] // stage
[Pipeline] }
[Pipeline] // timestamps
[Pipeline] timestamps
[Pipeline] {
[Pipeline] stage
[Pipeline] { (Cleanup)
[Pipeline] timeout
[2023-11-23T16:45:04.689Z] Timeout set to expire in 6 hr 0 min
[Pipeline] {
[Pipeline] withEnv
[Pipeline] {
[Pipeline] bat
[2023-11-23T16:45:05.260Z] Creating alias drive P: to S:\jenkins\workspace
[Pipeline] bat
[2023-11-23T16:45:05.845Z] Creating alias drive W: to S:\Jenkins\workspace\ECP\ecg-maya-hydra\ecg-maya-hydra-branch-preflight-python3-windows
[Pipeline] bat
[2023-11-23T16:45:06.628Z] "C:\Program Files\Microsoft Visual Studio\2022\Professional\VC\Auxiliary\Build\vcvarsall.bat" x64
[2023-11-23T16:45:06.960Z] **********************************************************************
[2023-11-23T16:45:06.960Z] ** Visual Studio 2022 Developer Command Prompt v17.3.2
[2023-11-23T16:45:06.960Z] ** Copyright (c) 2022 Microsoft Corporation
[2023-11-23T16:45:06.960Z] **********************************************************************
[2023-11-23T16:45:08.114Z] [vcvarsall.bat] Environment initialized for: 'x64'
[2023-11-23T16:45:08.114Z] python ecg-maya-hydra/build.py --stages=cleanup --workspace-dir=W:\ --artifactory-dir=P:\shared\Artifactory --build-dir=W:\build --install-dir=W:\install --signing-dir=W:\signing --package-dir=W:\package --output-dir=W:\output --stash-dir=W:\stash --jenkins-build=415 --git-commit=80e98c2c5a49cd0b6d7d4b6b3462972d9bcefbfa --git-branch=master --variants=Debug --interactive-tests=true --post-zips=false --osx-binary-architecture-target=ub2 --osx-deployment-target=11.0 --osx-base-sdk=CurrentActiveSDK --maya-cut-config=maya-rundev-master-debug.yaml --maya-package=rundev-master-debug --stage-banner
[2023-11-23T16:45:09.267Z] Using Maya cut from P:\shared\Artifactory\Windows\rundev-master-debug\202311220725\runtime\a121a89
[2023-11-23T16:45:09.267Z] Using Maya ADSK Signatures from P:\shared\Artifactory\Windows\adsk-plugin-signatures-maya\2023\3ae1ae7
[2023-11-23T16:45:09.267Z] Using Maya Security Library from P:\shared\Artifactory\Windows\maya-security-library\3.4.0\284407f
[2023-11-23T16:45:09.267Z] 
[2023-11-23T16:45:09.267Z] ================================================================================
[2023-11-23T16:45:09.267Z]                                cleanup (Finalize)
[2023-11-23T16:45:09.267Z] ================================================================================
[2023-11-23T16:45:09.267Z] Cleaning up workspace
[2023-11-23T16:45:09.267Z] Removing directory: W:\build
[2023-11-23T16:45:10.934Z] Removing directory: W:\install
[Pipeline] bat
[2023-11-23T16:45:11.509Z] Deleting alias drive W:
[Pipeline] bat
[2023-11-23T16:45:12.085Z] Deleting alias drive P:
[Pipeline] bat
[2023-11-23T16:45:12.682Z] Creating alias drive P: to S:\jenkins\workspace
[Pipeline] bat
[2023-11-23T16:45:13.275Z] Creating alias drive W: to S:\Jenkins\workspace\ECP\ecg-maya-hydra\ecg-maya-hydra-branch-preflight-python3-windows
[Pipeline] bat
[2023-11-23T16:45:14.031Z] "C:\Program Files\Microsoft Visual Studio\2022\Professional\VC\Auxiliary\Build\vcvarsall.bat" x64
[2023-11-23T16:45:14.362Z] **********************************************************************
[2023-11-23T16:45:14.362Z] ** Visual Studio 2022 Developer Command Prompt v17.3.2
[2023-11-23T16:45:14.362Z] ** Copyright (c) 2022 Microsoft Corporation
[2023-11-23T16:45:14.362Z] **********************************************************************
[2023-11-23T16:45:15.515Z] [vcvarsall.bat] Environment initialized for: 'x64'
[2023-11-23T16:45:15.515Z] python ecg-maya-hydra/build.py --stages=cleanup --workspace-dir=W:\ --artifactory-dir=P:\shared\Artifactory --build-dir=W:\build --install-dir=W:\install --signing-dir=W:\signing --package-dir=W:\package --output-dir=W:\output --stash-dir=W:\stash --jenkins-build=415 --git-commit=80e98c2c5a49cd0b6d7d4b6b3462972d9bcefbfa --git-branch=master --variants=RelWithDebInfo --interactive-tests=true --post-zips=false --osx-binary-architecture-target=ub2 --osx-deployment-target=11.0 --osx-base-sdk=CurrentActiveSDK --maya-cut-config=maya-rundev-master.yaml --maya-package=rundev-master --stage-banner
[2023-11-23T16:45:16.667Z] Using Maya cut from P:\shared\Artifactory\Windows\rundev-master\202311221838\runtime\0c83665
[2023-11-23T16:45:16.667Z] Using Maya ADSK Signatures from P:\shared\Artifactory\Windows\adsk-plugin-signatures-maya\2023\3ae1ae7
[2023-11-23T16:45:16.667Z] Using Maya Security Library from P:\shared\Artifactory\Windows\maya-security-library\3.4.0\284407f
[2023-11-23T16:45:16.667Z] 
[2023-11-23T16:45:16.667Z] ================================================================================
[2023-11-23T16:45:16.667Z]                                cleanup (Finalize)
[2023-11-23T16:45:16.667Z] ================================================================================
[2023-11-23T16:45:16.667Z] Cleaning up workspace
[Pipeline] bat
[2023-11-23T16:45:17.247Z] Deleting alias drive W:
[Pipeline] bat
[2023-11-23T16:45:17.823Z] Deleting alias drive P:
[Pipeline] }
[Pipeline] // withEnv
[Pipeline] }
[Pipeline] // timeout
[Pipeline] }
[Pipeline] // stage
[Pipeline] }
[Pipeline] // timestamps
[Pipeline] }
[Pipeline] // node
[Pipeline] End of Pipeline
[Checks API] No suitable checks publisher found.
Finished: SUCCESS
