[2023-11-23T16:40:06.487Z] ================================================================================
[2023-11-23T16:40:06.487Z]                                  setup (Debug)
[2023-11-23T16:40:06.487Z] ================================================================================
[Pipeline] sh
[2023-11-23T16:40:07.871Z] + scl enable gcc-toolset-11 -
[2023-11-23T16:40:07.871Z] + '[' enable = load -o enable = unload ']'
[2023-11-23T16:40:07.871Z] + /usr/bin/scl enable gcc-toolset-11 -
[2023-11-23T16:40:07.871Z] python ecg-maya-hydra/build.py --stages=setup --workspace-dir=/local/S/jenkins/workspace/ECP/ecg-maya-hydra/ecg-maya-hydra-branch-preflight-python3-linux --artifactory-dir=/local/S/jenkins/workspace/shared/Artifactory --build-dir=/local/S/jenkins/workspace/ECP/ecg-maya-hydra/ecg-maya-hydra-branch-preflight-python3-linux/build --install-dir=/local/S/jenkins/workspace/ECP/ecg-maya-hydra/ecg-maya-hydra-branch-preflight-python3-linux/install --signing-dir=/local/S/jenkins/workspace/ECP/ecg-maya-hydra/ecg-maya-hydra-branch-preflight-python3-linux/signing --package-dir=/local/S/jenkins/workspace/ECP/ecg-maya-hydra/ecg-maya-hydra-branch-preflight-python3-linux/package --output-dir=/local/S/jenkins/workspace/ECP/ecg-maya-hydra/ecg-maya-hydra-branch-preflight-python3-linux/output --stash-dir=/local/S/jenkins/workspace/ECP/ecg-maya-hydra/ecg-maya-hydra-branch-preflight-python3-linux/stash --jenkins-build=415 --git-commit=80e98c2c5a49cd0b6d7d4b6b3462972d9bcefbfa --git-branch=master --variants=RelWithDebInfo --interactive-tests=true --post-zips=false --osx-binary-architecture-target=ub2 --osx-deployment-target=11.0 --osx-base-sdk=CurrentActiveSDK --extra-license-file=ecg-maya-hydra/jenkins-o03-cot/melicense.lic --prune-versions=3 --prune-revisions=3 --maya-cut-config=maya-rundev-master.yaml --maya-package=rundev-master --stage-banner --prune-artifacts --force-pruning
[2023-11-23T16:40:07.871Z] Getting rundev-master download URL from Maya SHA-1 hash
[2023-11-23T16:40:07.871Z] Finding Artifactory servers response times
[2023-11-23T16:40:10.384Z] [VERBOSE] Start loading URL (CURL): https://art-bear.autodesk.com/artifactory/api/system/ping
[2023-11-23T16:40:10.384Z] [DEBUG] Running: /usr/bin/curl -s -X GET --keepalive-time 10 --connect-timeout 60 --speed-limit 10000 --speed-time 120 --max-time 3600 --retry 5 --retry-max-time 2400 -H Connection:close https://art-bear.autodesk.com/artifactory/api/system/ping
[2023-11-23T16:40:10.384Z] [DEBUG] Output:
[2023-11-23T16:40:10.384Z] OK
[2023-11-23T16:40:10.384Z] [VERBOSE] End loading URL (CURL): https://art-bear.autodesk.com/artifactory/api/system/ping
[2023-11-23T16:40:10.384Z] [VERBOSE] Start loading URL (CURL): https://art-marmotte.autodesk.com/artifactory/api/system/ping
[2023-11-23T16:40:10.384Z] [DEBUG] Running: /usr/bin/curl -s -X GET --keepalive-time 10 --connect-timeout 60 --speed-limit 10000 --speed-time 120 --max-time 3600 --retry 5 --retry-max-time 2400 -H Connection:close https://art-marmotte.autodesk.com/artifactory/api/system/ping
[2023-11-23T16:40:10.384Z] [DEBUG] Output:
[2023-11-23T16:40:10.384Z] OK
[2023-11-23T16:40:10.384Z] [VERBOSE] End loading URL (CURL): https://art-marmotte.autodesk.com/artifactory/api/system/ping
[2023-11-23T16:40:10.384Z] [VERBOSE] Start loading URL (CURL): https://art-bobcat.autodesk.com/artifactory/api/system/ping
[2023-11-23T16:40:10.384Z] [DEBUG] Running: /usr/bin/curl -s -X GET --keepalive-time 10 --connect-timeout 60 --speed-limit 10000 --speed-time 120 --max-time 3600 --retry 5 --retry-max-time 2400 -H Connection:close https://art-bobcat.autodesk.com/artifactory/api/system/ping
[2023-11-23T16:40:10.384Z] [DEBUG] Output:
[2023-11-23T16:40:10.384Z] OK
[2023-11-23T16:40:10.384Z] [VERBOSE] End loading URL (CURL): https://art-bobcat.autodesk.com/artifactory/api/system/ping
[2023-11-23T16:40:10.384Z] [VERBOSE] Start loading URL (CURL): https://art-bear.autodesk.com/artifactory/api/search/checksum?repos=autodesk-3p-generic,adsk-build-tools-generic,team-ecg-generic,team-maya-generic,oss-stg-generic&sha1=51417e51946d878a0a981b2fc7c4226456f25fae
[2023-11-23T16:40:10.384Z] [DEBUG] Running: /usr/bin/curl -s -X GET --keepalive-time 10 --connect-timeout 60 --speed-limit 10000 --speed-time 120 --max-time 3600 --retry 5 --retry-max-time 2400 -H Connection:close -H Authorization:Basic ZWNnYmlmcm9zdDpvcGUqKjAw https://art-bear.autodesk.com/artifactory/api/search/checksum?repos=autodesk-3p-generic,adsk-build-tools-generic,team-ecg-generic,team-maya-generic,oss-stg-generic&sha1=51417e51946d878a0a981b2fc7c4226456f25fae
[2023-11-23T16:40:10.384Z] [DEBUG] Output:
[2023-11-23T16:40:10.384Z] {
[2023-11-23T16:40:10.384Z]   "results" : [ {
[2023-11-23T16:40:10.384Z]     "uri" : "https://art-bear.autodesk.com:443/artifactory/api/storage/team-maya-generic/Maya/master/plnx/2023-11-22-18-38_cd9ddcb480/202311221838-cd9ddcb480-RUNDEV.tgz"
[2023-11-23T16:40:10.384Z]   } ]
[2023-11-23T16:40:10.384Z] }
[2023-11-23T16:40:10.384Z] [VERBOSE] End loading URL (CURL): https://art-bear.autodesk.com/artifactory/api/search/checksum?repos=autodesk-3p-generic,adsk-build-tools-generic,team-ecg-generic,team-maya-generic,oss-stg-generic&sha1=51417e51946d878a0a981b2fc7c4226456f25fae
[2023-11-23T16:40:10.384Z] [VERBOSE] Start loading URL (CURL): https://art-bear.autodesk.com:443/artifactory/api/storage/team-maya-generic/Maya/master/plnx/2023-11-22-18-38_cd9ddcb480/202311221838-cd9ddcb480-RUNDEV.tgz
[2023-11-23T16:40:10.384Z] [DEBUG] Running: /usr/bin/curl -s -X GET --keepalive-time 10 --connect-timeout 60 --speed-limit 10000 --speed-time 120 --max-time 3600 --retry 5 --retry-max-time 2400 -H Connection:close -H Authorization:Basic ZWNnYmlmcm9zdDpvcGUqKjAw https://art-bear.autodesk.com:443/artifactory/api/storage/team-maya-generic/Maya/master/plnx/2023-11-22-18-38_cd9ddcb480/202311221838-cd9ddcb480-RUNDEV.tgz
[2023-11-23T16:40:10.384Z] [DEBUG] Output:
[2023-11-23T16:40:10.384Z] {
[2023-11-23T16:40:10.384Z]   "repo" : "team-maya-generic",
[2023-11-23T16:40:10.384Z]   "path" : "/Maya/master/plnx/2023-11-22-18-38_cd9ddcb480/202311221838-cd9ddcb480-RUNDEV.tgz",
[2023-11-23T16:40:10.384Z]   "created" : "2023-11-22T23:20:08.199-05:00",
[2023-11-23T16:40:10.384Z]   "createdBy" : "token:art-bear.autodesk.com",
[2023-11-23T16:40:10.384Z]   "lastModified" : "2023-11-22T23:20:08.190-05:00",
[2023-11-23T16:40:10.384Z]   "modifiedBy" : "token:art-bear.autodesk.com",
[2023-11-23T16:40:10.384Z]   "lastUpdated" : "2023-11-22T23:20:08.200-05:00",
[2023-11-23T16:40:10.384Z]   "downloadUri" : "https://art-bear.autodesk.com:443/artifactory/team-maya-generic/Maya/master/plnx/2023-11-22-18-38_cd9ddcb480/202311221838-cd9ddcb480-RUNDEV.tgz",
[2023-11-23T16:40:10.384Z]   "mimeType" : "application/x-gzip",
[2023-11-23T16:40:10.384Z]   "size" : "3082864703",
[2023-11-23T16:40:10.384Z]   "checksums" : {
[2023-11-23T16:40:10.384Z]     "sha1" : "51417e51946d878a0a981b2fc7c4226456f25fae",
[2023-11-23T16:40:10.384Z]     "md5" : "f621b7bdec398098a008d201061457b8",
[2023-11-23T16:40:10.384Z]     "sha256" : "240e7683f5800c7cae8bb4f571836942d8d77d5631fc1aa6ace331303dd471c5"
[2023-11-23T16:40:10.384Z]   },
[2023-11-23T16:40:10.384Z]   "originalChecksums" : {
[2023-11-23T16:40:10.384Z]     "sha1" : "51417e51946d878a0a981b2fc7c4226456f25fae",
[2023-11-23T16:40:10.384Z]     "md5" : "f621b7bdec398098a008d201061457b8",
[2023-11-23T16:40:10.384Z]     "sha256" : "240e7683f5800c7cae8bb4f571836942d8d77d5631fc1aa6ace331303dd471c5"
[2023-11-23T16:40:10.384Z]   },
[2023-11-23T16:40:10.384Z]   "uri" : "https://art-bear.autodesk.com:443/artifactory/api/storage/team-maya-generic/Maya/master/plnx/2023-11-22-18-38_cd9ddcb480/202311221838-cd9ddcb480-RUNDEV.tgz"
[2023-11-23T16:40:10.384Z] }
[2023-11-23T16:40:10.384Z] [VERBOSE] End loading URL (CURL): https://art-bear.autodesk.com:443/artifactory/api/storage/team-maya-generic/Maya/master/plnx/2023-11-22-18-38_cd9ddcb480/202311221838-cd9ddcb480-RUNDEV.tgz
[2023-11-23T16:40:10.384Z] Using Maya cut from /local/S/jenkins/workspace/shared/Artifactory/Linux/rundev-master/202311221838/runtime/51417e5
[2023-11-23T16:40:10.384Z] 
[2023-11-23T16:40:10.384Z] ================================================================================
[2023-11-23T16:40:10.384Z]                              setup (RelWithDebInfo)
[2023-11-23T16:40:10.384Z] ================================================================================
[Pipeline] }
[Pipeline] // withEnv
[Pipeline] }
[Pipeline] // timeout
[Pipeline] }
[Pipeline] // stage
[Pipeline] }
[Pipeline] // timestamps
[Pipeline] timestamps
[Pipeline] {
[Pipeline] stage
[Pipeline] { (Clean)
[Pipeline] timeout
[2023-11-23T16:40:10.731Z] Timeout set to expire in 6 hr 0 min
[Pipeline] {
[Pipeline] withEnv
[Pipeline] {
[Pipeline] sh
[2023-11-23T16:40:12.108Z] + scl enable gcc-toolset-11 -
[2023-11-23T16:40:12.108Z] + '[' enable = load -o enable = unload ']'
[2023-11-23T16:40:12.108Z] + /usr/bin/scl enable gcc-toolset-11 -
[2023-11-23T16:40:12.108Z] python ecg-maya-hydra/build.py --stages=clean --workspace-dir=/local/S/jenkins/workspace/ECP/ecg-maya-hydra/ecg-maya-hydra-branch-preflight-python3-linux --artifactory-dir=/local/S/jenkins/workspace/shared/Artifactory --build-dir=/local/S/jenkins/workspace/ECP/ecg-maya-hydra/ecg-maya-hydra-branch-preflight-python3-linux/build --install-dir=/local/S/jenkins/workspace/ECP/ecg-maya-hydra/ecg-maya-hydra-branch-preflight-python3-linux/install --signing-dir=/local/S/jenkins/workspace/ECP/ecg-maya-hydra/ecg-maya-hydra-branch-preflight-python3-linux/signing --package-dir=/local/S/jenkins/workspace/ECP/ecg-maya-hydra/ecg-maya-hydra-branch-preflight-python3-linux/package --output-dir=/local/S/jenkins/workspace/ECP/ecg-maya-hydra/ecg-maya-hydra-branch-preflight-python3-linux/output --stash-dir=/local/S/jenkins/workspace/ECP/ecg-maya-hydra/ecg-maya-hydra-branch-preflight-python3-linux/stash --jenkins-build=415 --git-commit=80e98c2c5a49cd0b6d7d4b6b3462972d9bcefbfa --git-branch=master --variants=Debug --interactive-tests=true --post-zips=false --osx-binary-architecture-target=ub2 --osx-deployment-target=11.0 --osx-base-sdk=CurrentActiveSDK --maya-cut-config=maya-rundev-master-debug.yaml --maya-package=rundev-master-debug --stage-banner
[2023-11-23T16:40:12.108Z] Using Maya cut from /local/S/jenkins/workspace/shared/Artifactory/Linux/rundev-master-debug/202311220725/runtime/79eb375
[2023-11-23T16:40:12.108Z] 
[2023-11-23T16:40:12.108Z] ================================================================================
[2023-11-23T16:40:12.108Z]                                  clean (Debug)
[2023-11-23T16:40:12.108Z] ================================================================================
[2023-11-23T16:40:12.108Z] Maya Python Debug Info:
[2023-11-23T16:40:12.108Z]   mayapy executable   = /local/S/jenkins/workspace/shared/Artifactory/Linux/rundev-master-debug/202311220725/runtime/79eb375/runTime/bin/mayapy
[2023-11-23T16:40:12.108Z]   Include Folder      = /local/S/jenkins/workspace/shared/Artifactory/Linux/rundev-master-debug/202311220725/runtime/79eb375/runTime/include/Python311/Python
[2023-11-23T16:40:12.108Z]   Library             = /local/S/jenkins/workspace/shared/Artifactory/Linux/rundev-master-debug/202311220725/runtime/79eb375/runTime/lib/libpython3.11d.so.1.0
[2023-11-23T16:40:12.108Z]   site-package Folder = /local/S/jenkins/workspace/shared/Artifactory/Linux/rundev-master-debug/202311220725/runtime/79eb375/runTime/lib/python3.11/site-packages
[2023-11-23T16:40:12.794Z] In workdir: /home/S/jenkins/workspace/ECP/ecg-maya-hydra/ecg-maya-hydra-branch-preflight-python3-linux/ecg-maya-hydra/maya-hydra
[2023-11-23T16:40:12.794Z] Executing: /local/S/jenkins/workspace/shared/Artifactory/Linux/rundev-master-debug/202311220725/runtime/79eb375/runTime/bin/mayapy /home/S/jenkins/workspace/ECP/ecg-maya-hydra/ecg-maya-hydra-branch-preflight-python3-linux/ecg-maya-hydra/maya-hydra/build.py --generator Ninja --build-debug --maya-location /local/S/jenkins/workspace/shared/Artifactory/Linux/rundev-master-debug/202311220725/runtime/79eb375/runTime --devkit-location /local/S/jenkins/workspace/shared/Artifactory/Linux/rundev-master-debug/202311220725/runtime/79eb375/devkitBase --pxrusd-location /local/S/jenkins/workspace/shared/Artifactory/Linux/USD/e5ad5df --build-args=-DCMAKE_MAKE_PROGRAM=/local/S/jenkins/workspace/shared/Artifactory/Linux/ninja/1.10.2/9ab399b/ninja,-DPYTHON_INCLUDE_DIR=/local/S/jenkins/workspace/shared/Artifactory/Linux/rundev-master-debug/202311220725/runtime/79eb375/runTime/include/Python311/Python,-DPython_EXECUTABLE=/local/S/jenkins/workspace/shared/Artifactory/Linux/rundev-master-debug/202311220725/runtime/79eb375/runTime/bin/mayapy,-DPYTHON_LIBRARIES=/local/S/jenkins/workspace/shared/Artifactory/Linux/rundev-master-debug/202311220725/runtime/79eb375/runTime/lib/libpython3.11d.so.1.0,-DBUILD_WITH_PYTHON_3_VERSION=3.11,-DCMAKE_WANT_MATERIALX_BUILD=ON,-DCMAKE_PREFIX_PATH=/local/S/jenkins/workspace/shared/Artifactory/Linux/USD/e5ad5df,-DMAYAHYDRA_BUILD_NUMBER=415,-DMAYAHYDRA_GIT_COMMIT=80e98c2c5a49cd0b6d7d4b6b3462972d9bcefbfa,-DMAYAHYDRA_GIT_BRANCH=master --debug-python '--ctest-args=--parallel 16' --stages=clean --redirect-outstream-file=False --install-location /local/S/jenkins/workspace/ECP/ecg-maya-hydra/ecg-maya-hydra-branch-preflight-python3-linux/install/Debug/MayaHydra /local/S/jenkins/workspace/ECP/ecg-maya-hydra/ecg-maya-hydra-branch-preflight-python3-linux
[2023-11-23T16:40:12.794Z] Modified environment variables:
[2023-11-23T16:40:12.794Z]     LD_LIBRARY_PATH=/opt/rh/gcc-toolset-11/root/usr/lib64:/opt/rh/gcc-toolset-11/root/usr/lib64:/opt/rh/gcc-toolset-11/root/usr/lib:/opt/rh/gcc-toolset-11/root/usr/lib64/dyninst:/opt/rh/gcc-toolset-11/root/usr/lib/dyninst
[2023-11-23T16:40:12.794Z]     PATH=/local/S/jenkins/workspace/shared/Artifactory/Linux/cmake/3.20.3/ab685d7/bin:/opt/rh/gcc-toolset-11/root/usr/bin:/home/administrator/.local/bin:/home/administrator/bin:/usr/share/Modules/bin:/usr/local/bin:/usr/local/sbin:/usr/bin:/usr/sbin
[2023-11-23T16:40:13.338Z]     
[2023-11-23T16:40:13.338Z]         Building with settings:
[2023-11-23T16:40:13.338Z]           Source directory          /home/S/jenkins/workspace/ECP/ecg-maya-hydra/ecg-maya-hydra-branch-preflight-python3-linux/ecg-maya-hydra/maya-hydra
[2023-11-23T16:40:13.338Z]           Workspace directory       /local/S/jenkins/workspace/ECP/ecg-maya-hydra/ecg-maya-hydra-branch-preflight-python3-linux
[2023-11-23T16:40:13.338Z]           Build directory           /local/S/jenkins/workspace/ECP/ecg-maya-hydra/ecg-maya-hydra-branch-preflight-python3-linux/build/Debug
[2023-11-23T16:40:13.338Z]           Install directory         /local/S/jenkins/workspace/ECP/ecg-maya-hydra/ecg-maya-hydra-branch-preflight-python3-linux/install/Debug/MayaHydra
[2023-11-23T16:40:13.338Z]           Variant                   Debug
[2023-11-23T16:40:13.338Z]           Python Debug              On
[2023-11-23T16:40:13.338Z]           CMake generator           Ninja
[2023-11-23T16:40:13.338Z]           Build arguments           ['-DCMAKE_MAKE_PROGRAM=/local/S/jenkins/workspace/shared/Artifactory/Linux/ninja/1.10.2/9ab399b/ninja', '-DPYTHON_INCLUDE_DIR=/local/S/jenkins/workspace/shared/Artifactory/Linux/rundev-master-debug/202311220725/runtime/79eb375/runTime/include/Python311/Python', '-DPython_EXECUTABLE=/local/S/jenkins/workspace/shared/Artifactory/Linux/rundev-master-debug/202311220725/runtime/79eb375/runTime/bin/mayapy', '-DPYTHON_LIBRARIES=/local/S/jenkins/workspace/shared/Artifactory/Linux/rundev-master-debug/202311220725/runtime/79eb375/runTime/lib/libpython3.11d.so.1.0', '-DBUILD_WITH_PYTHON_3_VERSION=3.11', '-DCMAKE_WANT_MATERIALX_BUILD=ON', '-DCMAKE_PREFIX_PATH=/local/S/jenkins/workspace/shared/Artifactory/Linux/USD/e5ad5df', '-DMAYAHYDRA_BUILD_NUMBER=415', '-DMAYAHYDRA_GIT_COMMIT=80e98c2c5a49cd0b6d7d4b6b3462972d9bcefbfa', '-DMAYAHYDRA_GIT_BRANCH=master']
[2023-11-23T16:40:13.338Z]           Stages arguments          ['clean']
[2023-11-23T16:40:13.338Z]           CTest arguments           ['--parallel 16']
[2023-11-23T16:40:13.338Z]     Success MayaHydra build and install !!!!
[2023-11-23T16:40:13.338Z]     Elapsed time: 00:00:00
[Pipeline] sh
[2023-11-23T16:40:14.714Z] + scl enable gcc-toolset-11 -
[2023-11-23T16:40:14.714Z] + '[' enable = load -o enable = unload ']'
[2023-11-23T16:40:14.714Z] + /usr/bin/scl enable gcc-toolset-11 -
[2023-11-23T16:40:14.714Z] python ecg-maya-hydra/build.py --stages=clean --workspace-dir=/local/S/jenkins/workspace/ECP/ecg-maya-hydra/ecg-maya-hydra-branch-preflight-python3-linux --artifactory-dir=/local/S/jenkins/workspace/shared/Artifactory --build-dir=/local/S/jenkins/workspace/ECP/ecg-maya-hydra/ecg-maya-hydra-branch-preflight-python3-linux/build --install-dir=/local/S/jenkins/workspace/ECP/ecg-maya-hydra/ecg-maya-hydra-branch-preflight-python3-linux/install --signing-dir=/local/S/jenkins/workspace/ECP/ecg-maya-hydra/ecg-maya-hydra-branch-preflight-python3-linux/signing --package-dir=/local/S/jenkins/workspace/ECP/ecg-maya-hydra/ecg-maya-hydra-branch-preflight-python3-linux/package --output-dir=/local/S/jenkins/workspace/ECP/ecg-maya-hydra/ecg-maya-hydra-branch-preflight-python3-linux/output --stash-dir=/local/S/jenkins/workspace/ECP/ecg-maya-hydra/ecg-maya-hydra-branch-preflight-python3-linux/stash --jenkins-build=415 --git-commit=80e98c2c5a49cd0b6d7d4b6b3462972d9bcefbfa --git-branch=master --variants=RelWithDebInfo --interactive-tests=true --post-zips=false --osx-binary-architecture-target=ub2 --osx-deployment-target=11.0 --osx-base-sdk=CurrentActiveSDK --maya-cut-config=maya-rundev-master.yaml --maya-package=rundev-master --stage-banner
[2023-11-23T16:40:14.714Z] Using Maya cut from /local/S/jenkins/workspace/shared/Artifactory/Linux/rundev-master/202311221838/runtime/51417e5
[2023-11-23T16:40:14.714Z] 
[2023-11-23T16:40:14.714Z] ================================================================================
[2023-11-23T16:40:14.714Z]                              clean (RelWithDebInfo)
[2023-11-23T16:40:14.714Z] ================================================================================
[2023-11-23T16:40:14.714Z] Maya Python RelWithDebInfo Info:
[2023-11-23T16:40:14.714Z]   mayapy executable   = /local/S/jenkins/workspace/shared/Artifactory/Linux/rundev-master/202311221838/runtime/51417e5/runTime/bin/mayapy
[2023-11-23T16:40:14.714Z]   Include Folder      = /local/S/jenkins/workspace/shared/Artifactory/Linux/rundev-master/202311221838/runtime/51417e5/runTime/include/Python311/Python
[2023-11-23T16:40:14.714Z]   Library             = /local/S/jenkins/workspace/shared/Artifactory/Linux/rundev-master/202311221838/runtime/51417e5/runTime/lib/libpython3.11.so.1.0
[2023-11-23T16:40:14.714Z]   site-package Folder = /local/S/jenkins/workspace/shared/Artifactory/Linux/rundev-master/202311221838/runtime/51417e5/runTime/lib/python3.11/site-packages
[2023-11-23T16:40:15.255Z] In workdir: /home/S/jenkins/workspace/ECP/ecg-maya-hydra/ecg-maya-hydra-branch-preflight-python3-linux/ecg-maya-hydra/maya-hydra
[2023-11-23T16:40:15.255Z] Executing: /local/S/jenkins/workspace/shared/Artifactory/Linux/rundev-master/202311221838/runtime/51417e5/runTime/bin/mayapy /home/S/jenkins/workspace/ECP/ecg-maya-hydra/ecg-maya-hydra-branch-preflight-python3-linux/ecg-maya-hydra/maya-hydra/build.py --generator Ninja --build-relwithdebug --maya-location /local/S/jenkins/workspace/shared/Artifactory/Linux/rundev-master/202311221838/runtime/51417e5/runTime --devkit-location /local/S/jenkins/workspace/shared/Artifactory/Linux/rundev-master/202311221838/runtime/51417e5/devkitBase --pxrusd-location /local/S/jenkins/workspace/shared/Artifactory/Linux/USD/1a43c47 --build-args=-DCMAKE_MAKE_PROGRAM=/local/S/jenkins/workspace/shared/Artifactory/Linux/ninja/1.10.2/9ab399b/ninja,-DPYTHON_INCLUDE_DIR=/local/S/jenkins/workspace/shared/Artifactory/Linux/rundev-master/202311221838/runtime/51417e5/runTime/include/Python311/Python,-DPython_EXECUTABLE=/local/S/jenkins/workspace/shared/Artifactory/Linux/rundev-master/202311221838/runtime/51417e5/runTime/bin/mayapy,-DPYTHON_LIBRARIES=/local/S/jenkins/workspace/shared/Artifactory/Linux/rundev-master/202311221838/runtime/51417e5/runTime/lib/libpython3.11.so.1.0,-DBUILD_WITH_PYTHON_3_VERSION=3.11,-DCMAKE_WANT_MATERIALX_BUILD=ON,-DCMAKE_PREFIX_PATH=/local/S/jenkins/workspace/shared/Artifactory/Linux/USD/1a43c47,-DMAYAHYDRA_BUILD_NUMBER=415,-DMAYAHYDRA_GIT_COMMIT=80e98c2c5a49cd0b6d7d4b6b3462972d9bcefbfa,-DMAYAHYDRA_GIT_BRANCH=master '--ctest-args=--parallel 16' --stages=clean --redirect-outstream-file=False --install-location /local/S/jenkins/workspace/ECP/ecg-maya-hydra/ecg-maya-hydra-branch-preflight-python3-linux/install/RelWithDebInfo/MayaHydra /local/S/jenkins/workspace/ECP/ecg-maya-hydra/ecg-maya-hydra-branch-preflight-python3-linux
[2023-11-23T16:40:15.255Z] Modified environment variables:
[2023-11-23T16:40:15.255Z]     LD_LIBRARY_PATH=/opt/rh/gcc-toolset-11/root/usr/lib64:/opt/rh/gcc-toolset-11/root/usr/lib64:/opt/rh/gcc-toolset-11/root/usr/lib:/opt/rh/gcc-toolset-11/root/usr/lib64/dyninst:/opt/rh/gcc-toolset-11/root/usr/lib/dyninst
[2023-11-23T16:40:15.256Z]     PATH=/local/S/jenkins/workspace/shared/Artifactory/Linux/cmake/3.20.3/ab685d7/bin:/opt/rh/gcc-toolset-11/root/usr/bin:/home/administrator/.local/bin:/home/administrator/bin:/usr/share/Modules/bin:/usr/local/bin:/usr/local/sbin:/usr/bin:/usr/sbin
[2023-11-23T16:40:15.256Z]     
[2023-11-23T16:40:15.256Z]         Building with settings:
[2023-11-23T16:40:15.256Z]           Source directory          /home/S/jenkins/workspace/ECP/ecg-maya-hydra/ecg-maya-hydra-branch-preflight-python3-linux/ecg-maya-hydra/maya-hydra
[2023-11-23T16:40:15.256Z]           Workspace directory       /local/S/jenkins/workspace/ECP/ecg-maya-hydra/ecg-maya-hydra-branch-preflight-python3-linux
[2023-11-23T16:40:15.256Z]           Build directory           /local/S/jenkins/workspace/ECP/ecg-maya-hydra/ecg-maya-hydra-branch-preflight-python3-linux/build/RelWithDebInfo
[2023-11-23T16:40:15.256Z]           Install directory         /local/S/jenkins/workspace/ECP/ecg-maya-hydra/ecg-maya-hydra-branch-preflight-python3-linux/install/RelWithDebInfo/MayaHydra
[2023-11-23T16:40:15.256Z]           Variant                   RelWithDebInfo
[2023-11-23T16:40:15.256Z]           Python Debug              Off
[2023-11-23T16:40:15.256Z]           CMake generator           Ninja
[2023-11-23T16:40:15.256Z]           Build arguments           ['-DCMAKE_MAKE_PROGRAM=/local/S/jenkins/workspace/shared/Artifactory/Linux/ninja/1.10.2/9ab399b/ninja', '-DPYTHON_INCLUDE_DIR=/local/S/jenkins/workspace/shared/Artifactory/Linux/rundev-master/202311221838/runtime/51417e5/runTime/include/Python311/Python', '-DPython_EXECUTABLE=/local/S/jenkins/workspace/shared/Artifactory/Linux/rundev-master/202311221838/runtime/51417e5/runTime/bin/mayapy', '-DPYTHON_LIBRARIES=/local/S/jenkins/workspace/shared/Artifactory/Linux/rundev-master/202311221838/runtime/51417e5/runTime/lib/libpython3.11.so.1.0', '-DBUILD_WITH_PYTHON_3_VERSION=3.11', '-DCMAKE_WANT_MATERIALX_BUILD=ON', '-DCMAKE_PREFIX_PATH=/local/S/jenkins/workspace/shared/Artifactory/Linux/USD/1a43c47', '-DMAYAHYDRA_BUILD_NUMBER=415', '-DMAYAHYDRA_GIT_COMMIT=80e98c2c5a49cd0b6d7d4b6b3462972d9bcefbfa', '-DMAYAHYDRA_GIT_BRANCH=master']
[2023-11-23T16:40:15.256Z]           Stages arguments          ['clean']
[2023-11-23T16:40:15.256Z]           CTest arguments           ['--parallel 16']
[2023-11-23T16:40:15.256Z]     Success MayaHydra build and install !!!!
[2023-11-23T16:40:15.256Z]     Elapsed time: 00:00:00
[Pipeline] }
[Pipeline] // withEnv
[Pipeline] }
[Pipeline] // timeout
[Pipeline] }
[Pipeline] // stage
[Pipeline] }
[Pipeline] // timestamps
[Pipeline] timestamps
[Pipeline] {
[Pipeline] stage
[Pipeline] { (Configure)
[Pipeline] timeout
[2023-11-23T16:40:15.619Z] Timeout set to expire in 6 hr 0 min
[Pipeline] {
[Pipeline] withEnv
[Pipeline] {
[Pipeline] sh
[2023-11-23T16:40:16.816Z] + scl enable gcc-toolset-11 -
[2023-11-23T16:40:16.816Z] + '[' enable = load -o enable = unload ']'
[2023-11-23T16:40:16.816Z] + /usr/bin/scl enable gcc-toolset-11 -
[2023-11-23T16:40:16.816Z] python ecg-maya-hydra/build.py --stages=configure --workspace-dir=/local/S/jenkins/workspace/ECP/ecg-maya-hydra/ecg-maya-hydra-branch-preflight-python3-linux --artifactory-dir=/local/S/jenkins/workspace/shared/Artifactory --build-dir=/local/S/jenkins/workspace/ECP/ecg-maya-hydra/ecg-maya-hydra-branch-preflight-python3-linux/build --install-dir=/local/S/jenkins/workspace/ECP/ecg-maya-hydra/ecg-maya-hydra-branch-preflight-python3-linux/install --signing-dir=/local/S/jenkins/workspace/ECP/ecg-maya-hydra/ecg-maya-hydra-branch-preflight-python3-linux/signing --package-dir=/local/S/jenkins/workspace/ECP/ecg-maya-hydra/ecg-maya-hydra-branch-preflight-python3-linux/package --output-dir=/local/S/jenkins/workspace/ECP/ecg-maya-hydra/ecg-maya-hydra-branch-preflight-python3-linux/output --stash-dir=/local/S/jenkins/workspace/ECP/ecg-maya-hydra/ecg-maya-hydra-branch-preflight-python3-linux/stash --jenkins-build=415 --git-commit=80e98c2c5a49cd0b6d7d4b6b3462972d9bcefbfa --git-branch=master --variants=Debug --interactive-tests=true --post-zips=false --osx-binary-architecture-target=ub2 --osx-deployment-target=11.0 --osx-base-sdk=CurrentActiveSDK --maya-cut-config=maya-rundev-master-debug.yaml --maya-package=rundev-master-debug --stage-banner
[2023-11-23T16:40:16.816Z] Using Maya cut from /local/S/jenkins/workspace/shared/Artifactory/Linux/rundev-master-debug/202311220725/runtime/79eb375
[2023-11-23T16:40:16.816Z] 
[2023-11-23T16:40:16.816Z] ================================================================================
[2023-11-23T16:40:16.816Z]                                configure (Debug)
[2023-11-23T16:40:16.816Z] ================================================================================
[2023-11-23T16:40:16.816Z] Maya Python Debug Info:
[2023-11-23T16:40:16.816Z]   mayapy executable   = /local/S/jenkins/workspace/shared/Artifactory/Linux/rundev-master-debug/202311220725/runtime/79eb375/runTime/bin/mayapy
[2023-11-23T16:40:16.816Z]   Include Folder      = /local/S/jenkins/workspace/shared/Artifactory/Linux/rundev-master-debug/202311220725/runtime/79eb375/runTime/include/Python311/Python
[2023-11-23T16:40:16.816Z]   Library             = /local/S/jenkins/workspace/shared/Artifactory/Linux/rundev-master-debug/202311220725/runtime/79eb375/runTime/lib/libpython3.11d.so.1.0
[2023-11-23T16:40:16.816Z]   site-package Folder = /local/S/jenkins/workspace/shared/Artifactory/Linux/rundev-master-debug/202311220725/runtime/79eb375/runTime/lib/python3.11/site-packages
[2023-11-23T16:40:17.949Z] In workdir: /home/S/jenkins/workspace/ECP/ecg-maya-hydra/ecg-maya-hydra-branch-preflight-python3-linux/ecg-maya-hydra/maya-hydra
[2023-11-23T16:40:17.949Z] Executing: /local/S/jenkins/workspace/shared/Artifactory/Linux/rundev-master-debug/202311220725/runtime/79eb375/runTime/bin/mayapy /home/S/jenkins/workspace/ECP/ecg-maya-hydra/ecg-maya-hydra-branch-preflight-python3-linux/ecg-maya-hydra/maya-hydra/build.py --generator Ninja --build-debug --maya-location /local/S/jenkins/workspace/shared/Artifactory/Linux/rundev-master-debug/202311220725/runtime/79eb375/runTime --devkit-location /local/S/jenkins/workspace/shared/Artifactory/Linux/rundev-master-debug/202311220725/runtime/79eb375/devkitBase --pxrusd-location /local/S/jenkins/workspace/shared/Artifactory/Linux/USD/e5ad5df --build-args=-DCMAKE_MAKE_PROGRAM=/local/S/jenkins/workspace/shared/Artifactory/Linux/ninja/1.10.2/9ab399b/ninja,-DPYTHON_INCLUDE_DIR=/local/S/jenkins/workspace/shared/Artifactory/Linux/rundev-master-debug/202311220725/runtime/79eb375/runTime/include/Python311/Python,-DPython_EXECUTABLE=/local/S/jenkins/workspace/shared/Artifactory/Linux/rundev-master-debug/202311220725/runtime/79eb375/runTime/bin/mayapy,-DPYTHON_LIBRARIES=/local/S/jenkins/workspace/shared/Artifactory/Linux/rundev-master-debug/202311220725/runtime/79eb375/runTime/lib/libpython3.11d.so.1.0,-DBUILD_WITH_PYTHON_3_VERSION=3.11,-DCMAKE_WANT_MATERIALX_BUILD=ON,-DCMAKE_PREFIX_PATH=/local/S/jenkins/workspace/shared/Artifactory/Linux/USD/e5ad5df,-DMAYAHYDRA_BUILD_NUMBER=415,-DMAYAHYDRA_GIT_COMMIT=80e98c2c5a49cd0b6d7d4b6b3462972d9bcefbfa,-DMAYAHYDRA_GIT_BRANCH=master --debug-python '--ctest-args=--parallel 16' --stages=configure --redirect-outstream-file=False --install-location /local/S/jenkins/workspace/ECP/ecg-maya-hydra/ecg-maya-hydra-branch-preflight-python3-linux/install/Debug/MayaHydra /local/S/jenkins/workspace/ECP/ecg-maya-hydra/ecg-maya-hydra-branch-preflight-python3-linux
[2023-11-23T16:40:17.949Z] Modified environment variables:
[2023-11-23T16:40:17.949Z]     LD_LIBRARY_PATH=/opt/rh/gcc-toolset-11/root/usr/lib64:/opt/rh/gcc-toolset-11/root/usr/lib64:/opt/rh/gcc-toolset-11/root/usr/lib:/opt/rh/gcc-toolset-11/root/usr/lib64/dyninst:/opt/rh/gcc-toolset-11/root/usr/lib/dyninst
[2023-11-23T16:40:17.950Z]     PATH=/local/S/jenkins/workspace/shared/Artifactory/Linux/cmake/3.20.3/ab685d7/bin:/opt/rh/gcc-toolset-11/root/usr/bin:/home/administrator/.local/bin:/home/administrator/bin:/usr/share/Modules/bin:/usr/local/bin:/usr/local/sbin:/usr/bin:/usr/sbin
[2023-11-23T16:40:18.491Z]     -- The C compiler identification is GNU 11.2.1
[2023-11-23T16:40:18.491Z]     -- The CXX compiler identification is GNU 11.2.1
[2023-11-23T16:40:18.491Z]     -- Detecting C compiler ABI info
[2023-11-23T16:40:18.491Z]     -- Detecting C compiler ABI info - done
[2023-11-23T16:40:18.491Z]     -- Check for working C compiler: /opt/rh/gcc-toolset-11/root/usr/bin/cc - skipped
[2023-11-23T16:40:18.491Z]     -- Detecting C compile features
[2023-11-23T16:40:18.491Z]     -- Detecting C compile features - done
[2023-11-23T16:40:18.491Z]     -- Detecting CXX compiler ABI info
[2023-11-23T16:40:18.491Z]     -- Detecting CXX compiler ABI info - done
[2023-11-23T16:40:18.491Z]     -- Check for working CXX compiler: /opt/rh/gcc-toolset-11/root/usr/bin/c++ - skipped
[2023-11-23T16:40:18.491Z]     -- Detecting CXX compile features
[2023-11-23T16:40:18.491Z]     -- Detecting CXX compile features - done
[2023-11-23T16:40:19.032Z]     -- Using Maya Light API Version 3
[2023-11-23T16:40:19.032Z]     -- Maya has setDefaultMaterialHandling API
[2023-11-23T16:40:19.032Z]     -- Maya has new point snapping API
[2023-11-23T16:40:19.032Z]     -- Maya has isInCrashHandler API
[2023-11-23T16:40:19.032Z]     -- Maya has getDisplayStyleOfAllViewports API
[2023-11-23T16:40:19.032Z]     -- Maya array iterator has difference_type trait
[2023-11-23T16:40:19.032Z]     -- MFnSet has getMemberPaths function
[2023-11-23T16:40:19.032Z]     -- MFnDisplayLayer exists
[2023-11-23T16:40:19.032Z]     -- MDisplayLayerMessage has MDisplayLayerMemberChangedFunction
[2023-11-23T16:40:19.032Z]     -- MRenderItem has HideOnPlayback API
[2023-11-23T16:40:19.574Z]     -- Linux: Maya was built with new cxx11 ABI
[2023-11-23T16:40:19.574Z]     -- Found Maya: /local/S/jenkins/workspace/shared/Artifactory/Linux/rundev-master-debug/202311220725/runtime/79eb375/runTime/bin/maya (found suitable version "2025", minimum required is "2024")
[2023-11-23T16:40:20.120Z]     -- Found Python: /local/S/jenkins/workspace/shared/Artifactory/Linux/rundev-master-debug/202311220725/runtime/79eb375/runTime/bin/mayapy (found suitable exact version "3.11.4") found components: Interpreter
[2023-11-23T16:40:20.120Z]     -- Build mayaHydra with Python3 = 3.11
[2023-11-23T16:40:20.120Z]     --    PYTHON_INCLUDE_DIRS = /local/S/jenkins/workspace/shared/Artifactory/Linux/rundev-master-debug/202311220725/runtime/79eb375/runTime/include/Python311/Python
[2023-11-23T16:40:20.120Z]     --    PYTHON_LIBRARIES    = /local/S/jenkins/workspace/shared/Artifactory/Linux/rundev-master-debug/202311220725/runtime/79eb375/runTime/lib/libpython3.11d.so.1.0
[2023-11-23T16:40:20.120Z]     --    Python_EXECUTABLE   = /local/S/jenkins/workspace/shared/Artifactory/Linux/rundev-master-debug/202311220725/runtime/79eb375/runTime/bin/mayapy
[2023-11-23T16:40:20.698Z]     -- Found Python3: /local/S/jenkins/workspace/shared/Artifactory/Linux/rundev-master-debug/202311220725/runtime/79eb375/runTime/include/Python311/Python (found suitable exact version "3.11.4") found components: Development Development.Module Development.Embed
[2023-11-23T16:40:20.698Z]     -- USD has new Sdr.PropertyTypes.Color4
[2023-11-23T16:40:20.698Z]     -- USD has MaterialX metadata support
[2023-11-23T16:40:20.698Z]     -- USD include dir: /local/S/jenkins/workspace/shared/Artifactory/Linux/USD/e5ad5df/include
[2023-11-23T16:40:20.698Z]     -- USD library dir: /local/S/jenkins/workspace/shared/Artifactory/Linux/USD/e5ad5df/lib
[2023-11-23T16:40:20.698Z]     -- USD version: 0.23.11
[2023-11-23T16:40:20.698Z]     -- Found USD: /local/S/jenkins/workspace/shared/Artifactory/Linux/USD/e5ad5df (found suitable version "0.23.11", minimum required is "0.22.11")
[2023-11-23T16:40:20.698Z]     Updated PYTHONPATH: /local/S/jenkins/workspace/shared/Artifactory/Linux/USD/e5ad5df/lib/python
[2023-11-23T16:40:20.698Z]     -- Found UFE: /local/S/jenkins/workspace/shared/Artifactory/Linux/rundev-master-debug/202311220725/runtime/79eb375/devkitBase/devkit/ufe/include (found version "0.5.13")
[2023-11-23T16:40:20.698Z]     -- UFE include dir: /local/S/jenkins/workspace/shared/Artifactory/Linux/rundev-master-debug/202311220725/runtime/79eb375/devkitBase/devkit/ufe/include
[2023-11-23T16:40:20.698Z]     -- UFE library: /local/S/jenkins/workspace/shared/Artifactory/Linux/rundev-master-debug/202311220725/runtime/79eb375/devkitBase/devkit/ufe/lib/libufe_0.so
[2023-11-23T16:40:20.698Z]     -- UFE version: 0.5.13
[2023-11-23T16:40:20.698Z]     -- Maya has UFE lights API
[2023-11-23T16:40:20.698Z]     -- Maya has UFE scene segment API
[2023-11-23T16:40:20.699Z]     -- Maya has UFE TrieNode childrenComponents accessor
[2023-11-23T16:40:20.699Z]     -- Building with UFE 0.5.13.
[2023-11-23T16:40:20.699Z]     -- Found MaterialX
[2023-11-23T16:40:21.268Z]     -- Check if compiler accepts -pthread
[2023-11-23T16:40:21.268Z]     -- Check if compiler accepts -pthread - yes
[2023-11-23T16:40:21.268Z]     -- Performing Test HAVE_STDATOMIC
[2023-11-23T16:40:21.268Z]     -- Performing Test HAVE_STDATOMIC - Success
[2023-11-23T16:40:21.268Z]     -- Found OpenGL: /usr/lib64/libOpenGL.so
[2023-11-23T16:40:21.268Z]     -- Check if linker can resolve circular dependencies - FALSE
[2023-11-23T16:40:21.268Z]     -- Found Qt 6.5.3 in Maya devkit. Hydra Scene Browser will be built.
[2023-11-23T16:40:21.268Z]     -- **** Building Gulrak From Github Repository.
[2023-11-23T16:40:21.268Z]     -- Populating gulrak
[2023-11-23T16:40:21.268Z]     -- Configuring done
[2023-11-23T16:40:21.268Z]     -- Generating done
[2023-11-23T16:40:21.268Z]     -- Build files have been written to: /home/S/jenkins/workspace/ECP/ecg-maya-hydra/ecg-maya-hydra-branch-preflight-python3-linux/build/Debug/_deps/gulrak-subbuild
[2023-11-23T16:40:21.268Z]     [1/9] Creating directories for 'gulrak-populate'
[2023-11-23T16:40:21.268Z]     [1/9] Performing download step (git clone) for 'gulrak-populate'
[2023-11-23T16:40:21.268Z]     Cloning into 'gulrak-src'...
[2023-11-23T16:40:21.820Z]     HEAD is now at 4e21ab3 Version bump and updated readme.
[2023-11-23T16:40:21.820Z]     [2/9] Performing update step for 'gulrak-populate'
[2023-11-23T16:40:21.820Z]     [4/9] No patch step for 'gulrak-populate'
[2023-11-23T16:40:21.820Z]     [5/9] No configure step for 'gulrak-populate'
[2023-11-23T16:40:21.820Z]     [6/9] No build step for 'gulrak-populate'
[2023-11-23T16:40:21.820Z]     [7/9] No install step for 'gulrak-populate'
[2023-11-23T16:40:21.820Z]     [8/9] No test step for 'gulrak-populate'
[2023-11-23T16:40:21.820Z]     [9/9] Completed 'gulrak-populate'
[2023-11-23T16:40:21.820Z]     -- ========== Installing GoogleTest... ==========
[2023-11-23T16:40:21.820Z]     -- Configuring done
[2023-11-23T16:40:21.820Z]     -- Generating done
[2023-11-23T16:40:21.820Z]     -- Build files have been written to: /home/S/jenkins/workspace/ECP/ecg-maya-hydra/ecg-maya-hydra-branch-preflight-python3-linux/build/Debug/googletest-config
[2023-11-23T16:40:21.820Z]     [1/8] Creating directories for 'googletest'
[2023-11-23T16:40:22.991Z]     [2/8] Performing download step (git clone) for 'googletest'
[2023-11-23T16:40:22.991Z]     Cloning into 'googletest-src'...
[2023-11-23T16:40:22.991Z]     HEAD is now at 703bd9ca Googletest export
[2023-11-23T16:40:22.991Z]     [3/8] Performing update step for 'googletest'
[2023-11-23T16:40:22.991Z]     [4/8] No patch step for 'googletest'
[2023-11-23T16:40:23.539Z]     [5/8] Performing configure step for 'googletest'
[2023-11-23T16:40:23.539Z]     Not searching for unused variables given on the command line.
[2023-11-23T16:40:23.539Z]     CMake Deprecation Warning at CMakeLists.txt:4 (cmake_minimum_required):
[2023-11-23T16:40:23.539Z]       Compatibility with CMake < 2.8.12 will be removed from a future version of
[2023-11-23T16:40:23.539Z]       CMake.
[2023-11-23T16:40:23.539Z]     
[2023-11-23T16:40:23.539Z]       Update the VERSION argument <min> value or use a ...<max> suffix to tell
[2023-11-23T16:40:23.539Z]       CMake that the project does not need compatibility with older versions.
[2023-11-23T16:40:23.539Z]     
[2023-11-23T16:40:23.539Z]     
[2023-11-23T16:40:23.539Z]     -- The C compiler identification is GNU 11.2.1
[2023-11-23T16:40:23.539Z]     -- The CXX compiler identification is GNU 11.2.1
[2023-11-23T16:40:23.539Z]     -- Detecting C compiler ABI info
[2023-11-23T16:40:23.539Z]     -- Detecting C compiler ABI info - done
[2023-11-23T16:40:23.539Z]     -- Check for working C compiler: /opt/rh/gcc-toolset-11/root/usr/bin/cc - skipped
[2023-11-23T16:40:23.539Z]     -- Detecting C compile features
[2023-11-23T16:40:23.539Z]     -- Detecting C compile features - done
[2023-11-23T16:40:23.539Z]     -- Detecting CXX compiler ABI info
[2023-11-23T16:40:23.539Z]     -- Detecting CXX compiler ABI info - done
[2023-11-23T16:40:23.539Z]     -- Check for working CXX compiler: /opt/rh/gcc-toolset-11/root/usr/bin/c++ - skipped
[2023-11-23T16:40:23.539Z]     -- Detecting CXX compile features
[2023-11-23T16:40:23.539Z]     -- Detecting CXX compile features - done
[2023-11-23T16:40:23.539Z]     CMake Deprecation Warning at googletest/CMakeLists.txt:56 (cmake_minimum_required):
[2023-11-23T16:40:23.539Z]       Compatibility with CMake < 2.8.12 will be removed from a future version of
[2023-11-23T16:40:23.539Z]       CMake.
[2023-11-23T16:40:23.539Z]     
[2023-11-23T16:40:23.539Z]       Update the VERSION argument <min> value or use a ...<max> suffix to tell
[2023-11-23T16:40:23.539Z]       CMake that the project does not need compatibility with older versions.
[2023-11-23T16:40:23.539Z]     
[2023-11-23T16:40:23.539Z]     
[2023-11-23T16:40:23.539Z]     -- Found PythonInterp: /usr/local/bin/python (found version "3.9.7")
[2023-11-23T16:40:23.539Z]     -- Looking for pthread.h
[2023-11-23T16:40:23.539Z]     -- Looking for pthread.h - found
[2023-11-23T16:40:23.539Z]     -- Performing Test CMAKE_HAVE_LIBC_PTHREAD
[2023-11-23T16:40:23.539Z]     -- Performing Test CMAKE_HAVE_LIBC_PTHREAD - Failed
[2023-11-23T16:40:23.539Z]     -- Looking for pthread_create in pthreads
[2023-11-23T16:40:23.539Z]     -- Looking for pthread_create in pthreads - not found
[2023-11-23T16:40:23.539Z]     -- Looking for pthread_create in pthread
[2023-11-23T16:40:23.539Z]     -- Looking for pthread_create in pthread - found
[2023-11-23T16:40:23.539Z]     -- Found Threads: TRUE
[2023-11-23T16:40:23.539Z]     -- Configuring done
[2023-11-23T16:40:23.539Z]     -- Generating done
[2023-11-23T16:40:23.539Z]     -- Build files have been written to: /home/S/jenkins/workspace/ECP/ecg-maya-hydra/ecg-maya-hydra-branch-preflight-python3-linux/build/Debug/googletest-build
[2023-11-23T16:40:27.880Z]     [6/8] Performing build step for 'googletest'
[2023-11-23T16:40:27.880Z]     [1/4] Building CXX object googletest/CMakeFiles/gtest_main.dir/src/gtest_main.cc.o
[2023-11-23T16:40:27.880Z]     [2/4] Building CXX object googletest/CMakeFiles/gtest.dir/src/gtest-all.cc.o
[2023-11-23T16:40:27.880Z]     [3/4] Linking CXX shared library lib/libgtestd.so
[2023-11-23T16:40:27.880Z]     [4/4] Linking CXX shared library lib/libgtest_maind.so
[2023-11-23T16:40:27.880Z]     [7/8] Performing install step for 'googletest'
[2023-11-23T16:40:27.880Z]     [0/1] Install the project...
[2023-11-23T16:40:27.880Z]     -- Install configuration: "Debug"
[2023-11-23T16:40:27.880Z]     -- Set runtime path of "/home/S/jenkins/workspace/ECP/ecg-maya-hydra/ecg-maya-hydra-branch-preflight-python3-linux/build/Debug/googletest-install/lib64/libgtest_maind.so" to ""
[2023-11-23T16:40:27.880Z]     [8/8] Completed 'googletest'
[2023-11-23T16:40:27.880Z]     -- ========== ...  GoogleTest installed. ==========
[2023-11-23T16:40:27.880Z]     -- Found GTest: /home/S/jenkins/workspace/ECP/ecg-maya-hydra/ecg-maya-hydra-branch-preflight-python3-linux/build/Debug/googletest-install/lib64/libgtestd.so
[2023-11-23T16:40:27.880Z]     -- promoting: /home/S/jenkins/workspace/ECP/ecg-maya-hydra/ecg-maya-hydra-branch-preflight-python3-linux/ecg-maya-hydra/maya-hydra/lib/mayaHydra/mayaPlugin/pluginUtils.h
[2023-11-23T16:40:27.880Z]     -- promoting: /home/S/jenkins/workspace/ECP/ecg-maya-hydra/ecg-maya-hydra-branch-preflight-python3-linux/ecg-maya-hydra/maya-hydra/lib/mayaHydra/hydraExtensions/api.h
[2023-11-23T16:40:27.880Z]     -- promoting: /home/S/jenkins/workspace/ECP/ecg-maya-hydra/ecg-maya-hydra-branch-preflight-python3-linux/ecg-maya-hydra/maya-hydra/lib/mayaHydra/hydraExtensions/debugCodes.h
[2023-11-23T16:40:27.880Z]     -- promoting: /home/S/jenkins/workspace/ECP/ecg-maya-hydra/ecg-maya-hydra-branch-preflight-python3-linux/ecg-maya-hydra/maya-hydra/lib/mayaHydra/hydraExtensions/hydraUtils.h
[2023-11-23T16:40:27.880Z]     -- promoting: /home/S/jenkins/workspace/ECP/ecg-maya-hydra/ecg-maya-hydra-branch-preflight-python3-linux/ecg-maya-hydra/maya-hydra/lib/mayaHydra/hydraExtensions/mayaHydraLibInterface.h
[2023-11-23T16:40:27.880Z]     -- promoting: /home/S/jenkins/workspace/ECP/ecg-maya-hydra/ecg-maya-hydra-branch-preflight-python3-linux/ecg-maya-hydra/maya-hydra/lib/mayaHydra/hydraExtensions/mayaHydraLibInterfaceImp.h
[2023-11-23T16:40:27.880Z]     -- promoting: /home/S/jenkins/workspace/ECP/ecg-maya-hydra/ecg-maya-hydra-branch-preflight-python3-linux/ecg-maya-hydra/maya-hydra/lib/mayaHydra/hydraExtensions/mayaUtils.h
[2023-11-23T16:40:27.880Z]     -- promoting: /home/S/jenkins/workspace/ECP/ecg-maya-hydra/ecg-maya-hydra-branch-preflight-python3-linux/ecg-maya-hydra/maya-hydra/lib/mayaHydra/hydraExtensions/mixedUtils.h
[2023-11-23T16:40:27.880Z]     -- promoting: /home/S/jenkins/workspace/ECP/ecg-maya-hydra/ecg-maya-hydra-branch-preflight-python3-linux/ecg-maya-hydra/maya-hydra/lib/mayaHydra/hydraExtensions/mayaHydraSceneProducer.h
[2023-11-23T16:40:27.880Z]     -- promoting: /home/S/jenkins/workspace/ECP/ecg-maya-hydra/ecg-maya-hydra-branch-preflight-python3-linux/ecg-maya-hydra/maya-hydra/lib/mayaHydra/hydraExtensions/adapters/adapter.h
[2023-11-23T16:40:27.880Z]     -- promoting: /home/S/jenkins/workspace/ECP/ecg-maya-hydra/ecg-maya-hydra-branch-preflight-python3-linux/ecg-maya-hydra/maya-hydra/lib/mayaHydra/hydraExtensions/adapters/adapterDebugCodes.h
[2023-11-23T16:40:27.880Z]     -- promoting: /home/S/jenkins/workspace/ECP/ecg-maya-hydra/ecg-maya-hydra-branch-preflight-python3-linux/ecg-maya-hydra/maya-hydra/lib/mayaHydra/hydraExtensions/adapters/adapterRegistry.h
[2023-11-23T16:40:27.880Z]     -- promoting: /home/S/jenkins/workspace/ECP/ecg-maya-hydra/ecg-maya-hydra-branch-preflight-python3-linux/ecg-maya-hydra/maya-hydra/lib/mayaHydra/hydraExtensions/adapters/cameraAdapter.h
[2023-11-23T16:40:27.880Z]     -- promoting: /home/S/jenkins/workspace/ECP/ecg-maya-hydra/ecg-maya-hydra-branch-preflight-python3-linux/ecg-maya-hydra/maya-hydra/lib/mayaHydra/hydraExtensions/adapters/constantShadowMatrix.h
[2023-11-23T16:40:27.880Z]     -- promoting: /home/S/jenkins/workspace/ECP/ecg-maya-hydra/ecg-maya-hydra-branch-preflight-python3-linux/ecg-maya-hydra/maya-hydra/lib/mayaHydra/hydraExtensions/adapters/dagAdapter.h
[2023-11-23T16:40:27.880Z]     -- promoting: /home/S/jenkins/workspace/ECP/ecg-maya-hydra/ecg-maya-hydra-branch-preflight-python3-linux/ecg-maya-hydra/maya-hydra/lib/mayaHydra/hydraExtensions/adapters/renderItemAdapter.h
[2023-11-23T16:40:27.880Z]     -- promoting: /home/S/jenkins/workspace/ECP/ecg-maya-hydra/ecg-maya-hydra-branch-preflight-python3-linux/ecg-maya-hydra/maya-hydra/lib/mayaHydra/hydraExtensions/adapters/lightAdapter.h
[2023-11-23T16:40:27.880Z]     -- promoting: /home/S/jenkins/workspace/ECP/ecg-maya-hydra/ecg-maya-hydra-branch-preflight-python3-linux/ecg-maya-hydra/maya-hydra/lib/mayaHydra/hydraExtensions/adapters/materialAdapter.h
[2023-11-23T16:40:27.880Z]     -- promoting: /home/S/jenkins/workspace/ECP/ecg-maya-hydra/ecg-maya-hydra-branch-preflight-python3-linux/ecg-maya-hydra/maya-hydra/lib/mayaHydra/hydraExtensions/adapters/materialNetworkConverter.h
[2023-11-23T16:40:27.880Z]     -- promoting: /home/S/jenkins/workspace/ECP/ecg-maya-hydra/ecg-maya-hydra-branch-preflight-python3-linux/ecg-maya-hydra/maya-hydra/lib/mayaHydra/hydraExtensions/adapters/mayaAttrs.h
[2023-11-23T16:40:27.880Z]     -- promoting: /home/S/jenkins/workspace/ECP/ecg-maya-hydra/ecg-maya-hydra-branch-preflight-python3-linux/ecg-maya-hydra/maya-hydra/lib/mayaHydra/hydraExtensions/adapters/shapeAdapter.h
[2023-11-23T16:40:27.880Z]     -- promoting: /home/S/jenkins/workspace/ECP/ecg-maya-hydra/ecg-maya-hydra-branch-preflight-python3-linux/ecg-maya-hydra/maya-hydra/lib/mayaHydra/hydraExtensions/adapters/tokens.h
[2023-11-23T16:40:27.880Z]     -- promoting: /home/S/jenkins/workspace/ECP/ecg-maya-hydra/ecg-maya-hydra-branch-preflight-python3-linux/ecg-maya-hydra/maya-hydra/lib/mayaHydra/hydraExtensions/delegates/delegate.h
[2023-11-23T16:40:27.880Z]     -- promoting: /home/S/jenkins/workspace/ECP/ecg-maya-hydra/ecg-maya-hydra-branch-preflight-python3-linux/ecg-maya-hydra/maya-hydra/lib/mayaHydra/hydraExtensions/delegates/delegateCtx.h
[2023-11-23T16:40:27.880Z]     -- promoting: /home/S/jenkins/workspace/ECP/ecg-maya-hydra/ecg-maya-hydra-branch-preflight-python3-linux/ecg-maya-hydra/maya-hydra/lib/mayaHydra/hydraExtensions/delegates/delegateDebugCodes.h
[2023-11-23T16:40:27.880Z]     -- promoting: /home/S/jenkins/workspace/ECP/ecg-maya-hydra/ecg-maya-hydra-branch-preflight-python3-linux/ecg-maya-hydra/maya-hydra/lib/mayaHydra/hydraExtensions/delegates/delegateRegistry.h
[2023-11-23T16:40:27.880Z]     -- promoting: /home/S/jenkins/workspace/ECP/ecg-maya-hydra/ecg-maya-hydra-branch-preflight-python3-linux/ecg-maya-hydra/maya-hydra/lib/mayaHydra/hydraExtensions/delegates/params.h
[2023-11-23T16:40:27.880Z]     -- promoting: /home/S/jenkins/workspace/ECP/ecg-maya-hydra/ecg-maya-hydra-branch-preflight-python3-linux/ecg-maya-hydra/maya-hydra/lib/mayaHydra/hydraExtensions/delegates/sceneDelegate.h
[2023-11-23T16:40:27.880Z]     -- promoting: /home/S/jenkins/workspace/ECP/ecg-maya-hydra/ecg-maya-hydra-branch-preflight-python3-linux/ecg-maya-hydra/maya-hydra/lib/mayaHydra/hydraExtensions/delegates/defaultLightDelegate.h
[2023-11-23T16:40:27.880Z]     -- promoting: /home/S/jenkins/workspace/ECP/ecg-maya-hydra/ecg-maya-hydra-branch-preflight-python3-linux/ecg-maya-hydra/maya-hydra/lib/mayaHydra/hydraExtensions/delegates/testDelegate.h
[2023-11-23T16:40:27.880Z]     -- promoting: /home/S/jenkins/workspace/ECP/ecg-maya-hydra/ecg-maya-hydra-branch-preflight-python3-linux/ecg-maya-hydra/maya-hydra/lib/mayaHydra/hydraExtensions/sceneIndex/registration.h
[2023-11-23T16:40:27.880Z]     -- promoting: /home/S/jenkins/workspace/ECP/ecg-maya-hydra/ecg-maya-hydra-branch-preflight-python3-linux/ecg-maya-hydra/maya-hydra/lib/mayaHydra/hydraExtensions/sceneIndex/mayaHydraSceneIndex.h
[2023-11-23T16:40:27.880Z]     -- promoting: /home/S/jenkins/workspace/ECP/ecg-maya-hydra/ecg-maya-hydra-branch-preflight-python3-linux/ecg-maya-hydra/maya-hydra/lib/mayaHydra/hydraExtensions/sceneIndex/mayaHydraDataSource.h
[2023-11-23T16:40:27.880Z]     -- promoting: /home/S/jenkins/workspace/ECP/ecg-maya-hydra/ecg-maya-hydra-branch-preflight-python3-linux/ecg-maya-hydra/maya-hydra/lib/mayaHydra/hydraExtensions/sceneIndex/mayaHydraPrimvarDataSource.h
[2023-11-23T16:40:27.880Z]     -- promoting: /home/S/jenkins/workspace/ECP/ecg-maya-hydra/ecg-maya-hydra-branch-preflight-python3-linux/ecg-maya-hydra/maya-hydra/lib/mayaHydra/hydraExtensions/sceneIndex/mayaHydraDisplayStyleDataSource.h
[2023-11-23T16:40:27.880Z]     -- promoting: /home/S/jenkins/workspace/ECP/ecg-maya-hydra/ecg-maya-hydra-branch-preflight-python3-linux/ecg-maya-hydra/maya-hydra/lib/mayaHydra/hydraExtensions/sceneIndex/mayaHydraCameraDataSource.h
[2023-11-23T16:40:27.880Z]     -- promoting: /home/S/jenkins/workspace/ECP/ecg-maya-hydra/ecg-maya-hydra-branch-preflight-python3-linux/ecg-maya-hydra/maya-hydra/lib/mayaHydra/hydraExtensions/sceneIndex/mayaHydraLightDataSource.h
[2023-11-23T16:40:27.880Z]     -- promoting: /home/S/jenkins/workspace/ECP/ecg-maya-hydra/ecg-maya-hydra-branch-preflight-python3-linux/ecg-maya-hydra/maya-hydra/lib/mayaHydra/hydraExtensions/sceneIndex/mayaHydraDefaultLightDataSource.h
[2023-11-23T16:40:27.880Z]     -- promoting: /home/S/jenkins/workspace/ECP/ecg-maya-hydra/ecg-maya-hydra-branch-preflight-python3-linux/ecg-maya-hydra/maya-hydra/lib/mayaHydra/ufeExtensions/api.h
[2023-11-23T16:40:27.880Z]     -- promoting: /home/S/jenkins/workspace/ECP/ecg-maya-hydra/ecg-maya-hydra-branch-preflight-python3-linux/ecg-maya-hydra/maya-hydra/lib/mayaHydra/ufeExtensions/Global.h
[2023-11-23T16:40:27.880Z]     -- promoting: /home/S/jenkins/workspace/ECP/ecg-maya-hydra/ecg-maya-hydra-branch-preflight-python3-linux/ecg-maya-hydra/maya-hydra/lib/flowViewport/api.h
[2023-11-23T16:40:27.880Z]     -- promoting: /home/S/jenkins/workspace/ECP/ecg-maya-hydra/ecg-maya-hydra-branch-preflight-python3-linux/ecg-maya-hydra/maya-hydra/lib/flowViewport/debugCodes.h
[2023-11-23T16:40:27.880Z]     -- promoting: /home/S/jenkins/workspace/ECP/ecg-maya-hydra/ecg-maya-hydra-branch-preflight-python3-linux/ecg-maya-hydra/maya-hydra/lib/flowViewport/global.h
[2023-11-23T16:40:27.880Z]     -- promoting: /home/S/jenkins/workspace/ECP/ecg-maya-hydra/ecg-maya-hydra-branch-preflight-python3-linux/ecg-maya-hydra/maya-hydra/lib/flowViewport/tokens.h
[2023-11-23T16:40:27.880Z]     -- promoting: /home/S/jenkins/workspace/ECP/ecg-maya-hydra/ecg-maya-hydra-branch-preflight-python3-linux/ecg-maya-hydra/maya-hydra/lib/flowViewport/colorPreferences/fvpColorChanged.h
[2023-11-23T16:40:27.880Z]     -- promoting: /home/S/jenkins/workspace/ECP/ecg-maya-hydra/ecg-maya-hydra-branch-preflight-python3-linux/ecg-maya-hydra/maya-hydra/lib/flowViewport/colorPreferences/fvpColorPreferences.h
[2023-11-23T16:40:27.880Z]     -- promoting: /home/S/jenkins/workspace/ECP/ecg-maya-hydra/ecg-maya-hydra-branch-preflight-python3-linux/ecg-maya-hydra/maya-hydra/lib/flowViewport/colorPreferences/fvpColorPreferencesTokens.h
[2023-11-23T16:40:27.880Z]     -- promoting: /home/S/jenkins/workspace/ECP/ecg-maya-hydra/ecg-maya-hydra-branch-preflight-python3-linux/ecg-maya-hydra/maya-hydra/lib/flowViewport/colorPreferences/fvpColorPreferencesTranslator.h
[2023-11-23T16:40:27.880Z]     -- promoting: /home/S/jenkins/workspace/ECP/ecg-maya-hydra/ecg-maya-hydra-branch-preflight-python3-linux/ecg-maya-hydra/maya-hydra/lib/flowViewport/sceneIndex/fvpMergingSceneIndex.h
[2023-11-23T16:40:27.880Z]     -- promoting: /home/S/jenkins/workspace/ECP/ecg-maya-hydra/ecg-maya-hydra-branch-preflight-python3-linux/ecg-maya-hydra/maya-hydra/lib/flowViewport/sceneIndex/fvpPathInterface.h
[2023-11-23T16:40:27.880Z]     -- promoting: /home/S/jenkins/workspace/ECP/ecg-maya-hydra/ecg-maya-hydra-branch-preflight-python3-linux/ecg-maya-hydra/maya-hydra/lib/flowViewport/sceneIndex/fvpPathInterfaceSceneIndex.h
[2023-11-23T16:40:27.880Z]     -- promoting: /home/S/jenkins/workspace/ECP/ecg-maya-hydra/ecg-maya-hydra-branch-preflight-python3-linux/ecg-maya-hydra/maya-hydra/lib/flowViewport/sceneIndex/fvpRenderIndexProxy.h
[2023-11-23T16:40:27.880Z]     -- promoting: /home/S/jenkins/workspace/ECP/ecg-maya-hydra/ecg-maya-hydra-branch-preflight-python3-linux/ecg-maya-hydra/maya-hydra/lib/flowViewport/sceneIndex/fvpRenderIndexProxyFwd.h
[2023-11-23T16:40:27.880Z]     -- promoting: /home/S/jenkins/workspace/ECP/ecg-maya-hydra/ecg-maya-hydra-branch-preflight-python3-linux/ecg-maya-hydra/maya-hydra/lib/flowViewport/sceneIndex/fvpSelectionSceneIndex.h
[2023-11-23T16:40:27.880Z]     -- promoting: /home/S/jenkins/workspace/ECP/ecg-maya-hydra/ecg-maya-hydra-branch-preflight-python3-linux/ecg-maya-hydra/maya-hydra/lib/flowViewport/sceneIndex/fvpWireframeSelectionHighlightSceneIndex.h
[2023-11-23T16:40:27.880Z]     -- promoting: /home/S/jenkins/workspace/ECP/ecg-maya-hydra/ecg-maya-hydra-branch-preflight-python3-linux/ecg-maya-hydra/maya-hydra/lib/flowViewport/API/fvpSelectionClient.h
[2023-11-23T16:40:27.880Z]     -- promoting: /home/S/jenkins/workspace/ECP/ecg-maya-hydra/ecg-maya-hydra-branch-preflight-python3-linux/ecg-maya-hydra/maya-hydra/lib/flowViewport/API/fvpFlowSelectionInterface.h
[2023-11-23T16:40:27.880Z]     -- promoting: /home/S/jenkins/workspace/ECP/ecg-maya-hydra/ecg-maya-hydra-branch-preflight-python3-linux/ecg-maya-hydra/maya-hydra/lib/flowViewport/API/fvpVersionInterface.h
[2023-11-23T16:40:27.880Z]     -- promoting: /home/S/jenkins/workspace/ECP/ecg-maya-hydra/ecg-maya-hydra-branch-preflight-python3-linux/ecg-maya-hydra/maya-hydra/lib/flowViewport/API/fvpInformationInterface.h
[2023-11-23T16:40:27.880Z]     -- promoting: /home/S/jenkins/workspace/ECP/ecg-maya-hydra/ecg-maya-hydra-branch-preflight-python3-linux/ecg-maya-hydra/maya-hydra/lib/flowViewport/API/fvpInformationClient.h
[2023-11-23T16:40:27.880Z]     -- promoting: /home/S/jenkins/workspace/ECP/ecg-maya-hydra/ecg-maya-hydra-branch-preflight-python3-linux/ecg-maya-hydra/maya-hydra/lib/flowViewport/API/interfacesImp/fvpSelectionInterfaceImp.h
[2023-11-23T16:40:27.880Z]     -- promoting: /home/S/jenkins/workspace/ECP/ecg-maya-hydra/ecg-maya-hydra-branch-preflight-python3-linux/ecg-maya-hydra/maya-hydra/lib/flowViewport/API/interfacesImp/fvpVersionInterfaceImp.h
[2023-11-23T16:40:27.880Z]     -- promoting: /home/S/jenkins/workspace/ECP/ecg-maya-hydra/ecg-maya-hydra-branch-preflight-python3-linux/ecg-maya-hydra/maya-hydra/lib/flowViewport/API/interfacesImp/fvpInformationInterfaceImp.h
[2023-11-23T16:40:27.880Z]     -- promoting: /home/S/jenkins/workspace/ECP/ecg-maya-hydra/ecg-maya-hydra-branch-preflight-python3-linux/ecg-maya-hydra/maya-hydra/lib/flowViewport/API/samples/fvpSelectionClientExample.h
[2023-11-23T16:40:27.880Z]     -- promoting: /home/S/jenkins/workspace/ECP/ecg-maya-hydra/ecg-maya-hydra-branch-preflight-python3-linux/ecg-maya-hydra/maya-hydra/lib/flowViewport/API/samples/fvpInformationClientExample.h
[2023-11-23T16:40:27.881Z]     -- promoting: /home/S/jenkins/workspace/ECP/ecg-maya-hydra/ecg-maya-hydra-branch-preflight-python3-linux/ecg-maya-hydra/maya-hydra/lib/flowViewport/API/perViewportSceneIndicesData/fvpViewportInformationAndSceneIndicesPerViewportData.h
[2023-11-23T16:40:27.881Z]     -- promoting: /home/S/jenkins/workspace/ECP/ecg-maya-hydra/ecg-maya-hydra-branch-preflight-python3-linux/ecg-maya-hydra/maya-hydra/lib/flowViewport/API/perViewportSceneIndicesData/fvpViewportInformationAndSceneIndicesPerViewportDataManager.h
[2023-11-23T16:40:27.881Z]     -- promoting: /home/S/jenkins/workspace/ECP/ecg-maya-hydra/ecg-maya-hydra-branch-preflight-python3-linux/ecg-maya-hydra/maya-hydra/lib/flowViewport/selection/fvpSelection.h
[2023-11-23T16:40:27.881Z]     -- promoting: /home/S/jenkins/workspace/ECP/ecg-maya-hydra/ecg-maya-hydra-branch-preflight-python3-linux/ecg-maya-hydra/maya-hydra/lib/flowViewport/selection/fvpSelectionFwd.h
[2023-11-23T16:40:27.881Z]     -- promoting: /home/S/jenkins/workspace/ECP/ecg-maya-hydra/ecg-maya-hydra-branch-preflight-python3-linux/ecg-maya-hydra/maya-hydra/lib/flowViewport/selection/fvpSelectionTask.h
[2023-11-23T16:40:27.881Z]     -- promoting: /home/S/jenkins/workspace/ECP/ecg-maya-hydra/ecg-maya-hydra-branch-preflight-python3-linux/ecg-maya-hydra/maya-hydra/lib/flowViewport/selection/fvpSelectionTracker.h
[2023-11-23T16:40:28.521Z]     -- Configuring done
[2023-11-23T16:40:28.521Z]     -- Generating done
[2023-11-23T16:40:29.063Z]     -- Build files have been written to: /home/S/jenkins/workspace/ECP/ecg-maya-hydra/ecg-maya-hydra-branch-preflight-python3-linux/build/Debug
[2023-11-23T16:40:29.063Z]     
[2023-11-23T16:40:29.063Z]         Building with settings:
[2023-11-23T16:40:29.063Z]           Source directory          /home/S/jenkins/workspace/ECP/ecg-maya-hydra/ecg-maya-hydra-branch-preflight-python3-linux/ecg-maya-hydra/maya-hydra
[2023-11-23T16:40:29.063Z]           Workspace directory       /local/S/jenkins/workspace/ECP/ecg-maya-hydra/ecg-maya-hydra-branch-preflight-python3-linux
[2023-11-23T16:40:29.063Z]           Build directory           /local/S/jenkins/workspace/ECP/ecg-maya-hydra/ecg-maya-hydra-branch-preflight-python3-linux/build/Debug
[2023-11-23T16:40:29.063Z]           Install directory         /local/S/jenkins/workspace/ECP/ecg-maya-hydra/ecg-maya-hydra-branch-preflight-python3-linux/install/Debug/MayaHydra
[2023-11-23T16:40:29.063Z]           Variant                   Debug
[2023-11-23T16:40:29.063Z]           Python Debug              On
[2023-11-23T16:40:29.063Z]           CMake generator           Ninja
[2023-11-23T16:40:29.063Z]           Build arguments           ['-DCMAKE_MAKE_PROGRAM=/local/S/jenkins/workspace/shared/Artifactory/Linux/ninja/1.10.2/9ab399b/ninja', '-DPYTHON_INCLUDE_DIR=/local/S/jenkins/workspace/shared/Artifactory/Linux/rundev-master-debug/202311220725/runtime/79eb375/runTime/include/Python311/Python', '-DPython_EXECUTABLE=/local/S/jenkins/workspace/shared/Artifactory/Linux/rundev-master-debug/202311220725/runtime/79eb375/runTime/bin/mayapy', '-DPYTHON_LIBRARIES=/local/S/jenkins/workspace/shared/Artifactory/Linux/rundev-master-debug/202311220725/runtime/79eb375/runTime/lib/libpython3.11d.so.1.0', '-DBUILD_WITH_PYTHON_3_VERSION=3.11', '-DCMAKE_WANT_MATERIALX_BUILD=ON', '-DCMAKE_PREFIX_PATH=/local/S/jenkins/workspace/shared/Artifactory/Linux/USD/e5ad5df', '-DMAYAHYDRA_BUILD_NUMBER=415', '-DMAYAHYDRA_GIT_COMMIT=80e98c2c5a49cd0b6d7d4b6b3462972d9bcefbfa', '-DMAYAHYDRA_GIT_BRANCH=master']
[2023-11-23T16:40:29.063Z]           Stages arguments          ['configure']
[2023-11-23T16:40:29.063Z]           CTest arguments           ['--parallel 16']
[2023-11-23T16:40:29.063Z]     STATUS: Found Maya Qt headers in: /local/S/jenkins/workspace/shared/Artifactory/Linux/rundev-master-debug/202311220725/runtime/79eb375/devkitBase
[2023-11-23T16:40:29.063Z]     Success MayaHydra build and install !!!!
[2023-11-23T16:40:29.063Z]     Elapsed time: 00:00:10
[Pipeline] sh
[2023-11-23T16:40:30.796Z] + scl enable gcc-toolset-11 -
[2023-11-23T16:40:30.796Z] + '[' enable = load -o enable = unload ']'
[2023-11-23T16:40:30.796Z] + /usr/bin/scl enable gcc-toolset-11 -
[2023-11-23T16:40:30.796Z] python ecg-maya-hydra/build.py --stages=configure --workspace-dir=/local/S/jenkins/workspace/ECP/ecg-maya-hydra/ecg-maya-hydra-branch-preflight-python3-linux --artifactory-dir=/local/S/jenkins/workspace/shared/Artifactory --build-dir=/local/S/jenkins/workspace/ECP/ecg-maya-hydra/ecg-maya-hydra-branch-preflight-python3-linux/build --install-dir=/local/S/jenkins/workspace/ECP/ecg-maya-hydra/ecg-maya-hydra-branch-preflight-python3-linux/install --signing-dir=/local/S/jenkins/workspace/ECP/ecg-maya-hydra/ecg-maya-hydra-branch-preflight-python3-linux/signing --package-dir=/local/S/jenkins/workspace/ECP/ecg-maya-hydra/ecg-maya-hydra-branch-preflight-python3-linux/package --output-dir=/local/S/jenkins/workspace/ECP/ecg-maya-hydra/ecg-maya-hydra-branch-preflight-python3-linux/output --stash-dir=/local/S/jenkins/workspace/ECP/ecg-maya-hydra/ecg-maya-hydra-branch-preflight-python3-linux/stash --jenkins-build=415 --git-commit=80e98c2c5a49cd0b6d7d4b6b3462972d9bcefbfa --git-branch=master --variants=RelWithDebInfo --interactive-tests=true --post-zips=false --osx-binary-architecture-target=ub2 --osx-deployment-target=11.0 --osx-base-sdk=CurrentActiveSDK --maya-cut-config=maya-rundev-master.yaml --maya-package=rundev-master --stage-banner
[2023-11-23T16:40:30.796Z] Using Maya cut from /local/S/jenkins/workspace/shared/Artifactory/Linux/rundev-master/202311221838/runtime/51417e5
[2023-11-23T16:40:30.796Z] 
[2023-11-23T16:40:30.796Z] ================================================================================
[2023-11-23T16:40:30.796Z]                            configure (RelWithDebInfo)
[2023-11-23T16:40:30.796Z] ================================================================================
[2023-11-23T16:40:30.796Z] Maya Python RelWithDebInfo Info:
[2023-11-23T16:40:30.796Z]   mayapy executable   = /local/S/jenkins/workspace/shared/Artifactory/Linux/rundev-master/202311221838/runtime/51417e5/runTime/bin/mayapy
[2023-11-23T16:40:30.796Z]   Include Folder      = /local/S/jenkins/workspace/shared/Artifactory/Linux/rundev-master/202311221838/runtime/51417e5/runTime/include/Python311/Python
[2023-11-23T16:40:30.796Z]   Library             = /local/S/jenkins/workspace/shared/Artifactory/Linux/rundev-master/202311221838/runtime/51417e5/runTime/lib/libpython3.11.so.1.0
[2023-11-23T16:40:30.796Z]   site-package Folder = /local/S/jenkins/workspace/shared/Artifactory/Linux/rundev-master/202311221838/runtime/51417e5/runTime/lib/python3.11/site-packages
[2023-11-23T16:40:31.346Z] In workdir: /home/S/jenkins/workspace/ECP/ecg-maya-hydra/ecg-maya-hydra-branch-preflight-python3-linux/ecg-maya-hydra/maya-hydra
[2023-11-23T16:40:31.346Z] Executing: /local/S/jenkins/workspace/shared/Artifactory/Linux/rundev-master/202311221838/runtime/51417e5/runTime/bin/mayapy /home/S/jenkins/workspace/ECP/ecg-maya-hydra/ecg-maya-hydra-branch-preflight-python3-linux/ecg-maya-hydra/maya-hydra/build.py --generator Ninja --build-relwithdebug --maya-location /local/S/jenkins/workspace/shared/Artifactory/Linux/rundev-master/202311221838/runtime/51417e5/runTime --devkit-location /local/S/jenkins/workspace/shared/Artifactory/Linux/rundev-master/202311221838/runtime/51417e5/devkitBase --pxrusd-location /local/S/jenkins/workspace/shared/Artifactory/Linux/USD/1a43c47 --build-args=-DCMAKE_MAKE_PROGRAM=/local/S/jenkins/workspace/shared/Artifactory/Linux/ninja/1.10.2/9ab399b/ninja,-DPYTHON_INCLUDE_DIR=/local/S/jenkins/workspace/shared/Artifactory/Linux/rundev-master/202311221838/runtime/51417e5/runTime/include/Python311/Python,-DPython_EXECUTABLE=/local/S/jenkins/workspace/shared/Artifactory/Linux/rundev-master/202311221838/runtime/51417e5/runTime/bin/mayapy,-DPYTHON_LIBRARIES=/local/S/jenkins/workspace/shared/Artifactory/Linux/rundev-master/202311221838/runtime/51417e5/runTime/lib/libpython3.11.so.1.0,-DBUILD_WITH_PYTHON_3_VERSION=3.11,-DCMAKE_WANT_MATERIALX_BUILD=ON,-DCMAKE_PREFIX_PATH=/local/S/jenkins/workspace/shared/Artifactory/Linux/USD/1a43c47,-DMAYAHYDRA_BUILD_NUMBER=415,-DMAYAHYDRA_GIT_COMMIT=80e98c2c5a49cd0b6d7d4b6b3462972d9bcefbfa,-DMAYAHYDRA_GIT_BRANCH=master '--ctest-args=--parallel 16' --stages=configure --redirect-outstream-file=False --install-location /local/S/jenkins/workspace/ECP/ecg-maya-hydra/ecg-maya-hydra-branch-preflight-python3-linux/install/RelWithDebInfo/MayaHydra /local/S/jenkins/workspace/ECP/ecg-maya-hydra/ecg-maya-hydra-branch-preflight-python3-linux
[2023-11-23T16:40:31.346Z] Modified environment variables:
[2023-11-23T16:40:31.346Z]     LD_LIBRARY_PATH=/opt/rh/gcc-toolset-11/root/usr/lib64:/opt/rh/gcc-toolset-11/root/usr/lib64:/opt/rh/gcc-toolset-11/root/usr/lib:/opt/rh/gcc-toolset-11/root/usr/lib64/dyninst:/opt/rh/gcc-toolset-11/root/usr/lib/dyninst
[2023-11-23T16:40:31.346Z]     PATH=/local/S/jenkins/workspace/shared/Artifactory/Linux/cmake/3.20.3/ab685d7/bin:/opt/rh/gcc-toolset-11/root/usr/bin:/home/administrator/.local/bin:/home/administrator/bin:/usr/share/Modules/bin:/usr/local/bin:/usr/local/sbin:/usr/bin:/usr/sbin
[2023-11-23T16:40:31.346Z]     -- The C compiler identification is GNU 11.2.1
[2023-11-23T16:40:31.346Z]     -- The CXX compiler identification is GNU 11.2.1
[2023-11-23T16:40:31.346Z]     -- Detecting C compiler ABI info
[2023-11-23T16:40:31.346Z]     -- Detecting C compiler ABI info - done
[2023-11-23T16:40:31.346Z]     -- Check for working C compiler: /opt/rh/gcc-toolset-11/root/usr/bin/cc - skipped
[2023-11-23T16:40:31.346Z]     -- Detecting C compile features
[2023-11-23T16:40:31.346Z]     -- Detecting C compile features - done
[2023-11-23T16:40:31.346Z]     -- Detecting CXX compiler ABI info
[2023-11-23T16:40:31.346Z]     -- Detecting CXX compiler ABI info - done
[2023-11-23T16:40:31.346Z]     -- Check for working CXX compiler: /opt/rh/gcc-toolset-11/root/usr/bin/c++ - skipped
[2023-11-23T16:40:31.346Z]     -- Detecting CXX compile features
[2023-11-23T16:40:31.346Z]     -- Detecting CXX compile features - done
[2023-11-23T16:40:31.890Z]     -- Using Maya Light API Version 3
[2023-11-23T16:40:31.890Z]     -- Maya has setDefaultMaterialHandling API
[2023-11-23T16:40:31.890Z]     -- Maya has new point snapping API
[2023-11-23T16:40:31.890Z]     -- Maya has isInCrashHandler API
[2023-11-23T16:40:31.890Z]     -- Maya has getDisplayStyleOfAllViewports API
[2023-11-23T16:40:31.890Z]     -- Maya array iterator has difference_type trait
[2023-11-23T16:40:31.890Z]     -- MFnSet has getMemberPaths function
[2023-11-23T16:40:31.890Z]     -- MFnDisplayLayer exists
[2023-11-23T16:40:31.890Z]     -- MDisplayLayerMessage has MDisplayLayerMemberChangedFunction
[2023-11-23T16:40:31.890Z]     -- MRenderItem has HideOnPlayback API
[2023-11-23T16:40:31.890Z]     -- Linux: Maya was built with new cxx11 ABI
[2023-11-23T16:40:31.890Z]     -- Found Maya: /local/S/jenkins/workspace/shared/Artifactory/Linux/rundev-master/202311221838/runtime/51417e5/runTime/bin/maya (found suitable version "2025", minimum required is "2024")
[2023-11-23T16:40:32.431Z]     -- Found Python: /local/S/jenkins/workspace/shared/Artifactory/Linux/rundev-master/202311221838/runtime/51417e5/runTime/bin/mayapy (found suitable exact version "3.11.4") found components: Interpreter
[2023-11-23T16:40:32.431Z]     -- Build mayaHydra with Python3 = 3.11
[2023-11-23T16:40:32.432Z]     --    PYTHON_INCLUDE_DIRS = /local/S/jenkins/workspace/shared/Artifactory/Linux/rundev-master/202311221838/runtime/51417e5/runTime/include/Python311/Python
[2023-11-23T16:40:32.432Z]     --    PYTHON_LIBRARIES    = /local/S/jenkins/workspace/shared/Artifactory/Linux/rundev-master/202311221838/runtime/51417e5/runTime/lib/libpython3.11.so.1.0
[2023-11-23T16:40:32.432Z]     --    Python_EXECUTABLE   = /local/S/jenkins/workspace/shared/Artifactory/Linux/rundev-master/202311221838/runtime/51417e5/runTime/bin/mayapy
[2023-11-23T16:40:32.432Z]     -- Found Python3: /local/S/jenkins/workspace/shared/Artifactory/Linux/rundev-master/202311221838/runtime/51417e5/runTime/include/Python311/Python (found suitable exact version "3.11.4") found components: Development Development.Module Development.Embed
[2023-11-23T16:40:32.432Z]     -- USD has new Sdr.PropertyTypes.Color4
[2023-11-23T16:40:32.974Z]     -- USD has MaterialX metadata support
[2023-11-23T16:40:32.974Z]     -- USD include dir: /local/S/jenkins/workspace/shared/Artifactory/Linux/USD/1a43c47/include
[2023-11-23T16:40:32.974Z]     -- USD library dir: /local/S/jenkins/workspace/shared/Artifactory/Linux/USD/1a43c47/lib
[2023-11-23T16:40:32.974Z]     -- USD version: 0.23.11
[2023-11-23T16:40:32.974Z]     -- Found USD: /local/S/jenkins/workspace/shared/Artifactory/Linux/USD/1a43c47 (found suitable version "0.23.11", minimum required is "0.22.11")
[2023-11-23T16:40:32.974Z]     Updated PYTHONPATH: /local/S/jenkins/workspace/shared/Artifactory/Linux/USD/1a43c47/lib/python
[2023-11-23T16:40:32.974Z]     -- Found UFE: /local/S/jenkins/workspace/shared/Artifactory/Linux/rundev-master/202311221838/runtime/51417e5/devkitBase/devkit/ufe/include (found version "0.5.13")
[2023-11-23T16:40:32.974Z]     -- UFE include dir: /local/S/jenkins/workspace/shared/Artifactory/Linux/rundev-master/202311221838/runtime/51417e5/devkitBase/devkit/ufe/include
[2023-11-23T16:40:32.974Z]     -- UFE library: /local/S/jenkins/workspace/shared/Artifactory/Linux/rundev-master/202311221838/runtime/51417e5/devkitBase/devkit/ufe/lib/libufe_0.so
[2023-11-23T16:40:32.974Z]     -- UFE version: 0.5.13
[2023-11-23T16:40:32.974Z]     -- Maya has UFE lights API
[2023-11-23T16:40:32.974Z]     -- Maya has UFE scene segment API
[2023-11-23T16:40:32.974Z]     -- Maya has UFE TrieNode childrenComponents accessor
[2023-11-23T16:40:32.974Z]     -- Building with UFE 0.5.13.
[2023-11-23T16:40:32.974Z]     -- Found MaterialX
[2023-11-23T16:40:33.517Z]     -- Check if compiler accepts -pthread
[2023-11-23T16:40:33.517Z]     -- Check if compiler accepts -pthread - yes
[2023-11-23T16:40:33.517Z]     -- Performing Test HAVE_STDATOMIC
[2023-11-23T16:40:33.517Z]     -- Performing Test HAVE_STDATOMIC - Success
[2023-11-23T16:40:33.517Z]     -- Found OpenGL: /usr/lib64/libOpenGL.so
[2023-11-23T16:40:33.517Z]     -- Check if linker can resolve circular dependencies - FALSE
[2023-11-23T16:40:33.517Z]     -- Found Qt 6.5.3 in Maya devkit. Hydra Scene Browser will be built.
[2023-11-23T16:40:33.517Z]     -- **** Building Gulrak From Github Repository.
[2023-11-23T16:40:33.517Z]     -- Populating gulrak
[2023-11-23T16:40:33.517Z]     -- Configuring done
[2023-11-23T16:40:33.517Z]     -- Generating done
[2023-11-23T16:40:33.517Z]     -- Build files have been written to: /home/S/jenkins/workspace/ECP/ecg-maya-hydra/ecg-maya-hydra-branch-preflight-python3-linux/build/RelWithDebInfo/_deps/gulrak-subbuild
[2023-11-23T16:40:33.517Z]     [1/9] Creating directories for 'gulrak-populate'
[2023-11-23T16:40:33.517Z]     [1/9] Performing download step (git clone) for 'gulrak-populate'
[2023-11-23T16:40:33.517Z]     Cloning into 'gulrak-src'...
[2023-11-23T16:40:34.060Z]     HEAD is now at 4e21ab3 Version bump and updated readme.
[2023-11-23T16:40:34.060Z]     [2/9] Performing update step for 'gulrak-populate'
[2023-11-23T16:40:34.060Z]     [4/9] No patch step for 'gulrak-populate'
[2023-11-23T16:40:34.060Z]     [5/9] No configure step for 'gulrak-populate'
[2023-11-23T16:40:34.060Z]     [6/9] No build step for 'gulrak-populate'
[2023-11-23T16:40:34.060Z]     [7/9] No install step for 'gulrak-populate'
[2023-11-23T16:40:34.060Z]     [8/9] No test step for 'gulrak-populate'
[2023-11-23T16:40:34.060Z]     [9/9] Completed 'gulrak-populate'
[2023-11-23T16:40:34.060Z]     -- ========== Installing GoogleTest... ==========
[2023-11-23T16:40:34.060Z]     -- Configuring done
[2023-11-23T16:40:34.060Z]     -- Generating done
[2023-11-23T16:40:34.060Z]     -- Build files have been written to: /home/S/jenkins/workspace/ECP/ecg-maya-hydra/ecg-maya-hydra-branch-preflight-python3-linux/build/RelWithDebInfo/googletest-config
[2023-11-23T16:40:34.060Z]     [1/8] Creating directories for 'googletest'
[2023-11-23T16:40:35.204Z]     [2/8] Performing download step (git clone) for 'googletest'
[2023-11-23T16:40:35.204Z]     Cloning into 'googletest-src'...
[2023-11-23T16:40:35.204Z]     HEAD is now at 703bd9ca Googletest export
[2023-11-23T16:40:35.204Z]     [3/8] Performing update step for 'googletest'
[2023-11-23T16:40:35.746Z]     [4/8] No patch step for 'googletest'
[2023-11-23T16:40:35.746Z]     [5/8] Performing configure step for 'googletest'
[2023-11-23T16:40:35.746Z]     Not searching for unused variables given on the command line.
[2023-11-23T16:40:35.746Z]     CMake Deprecation Warning at CMakeLists.txt:4 (cmake_minimum_required):
[2023-11-23T16:40:35.746Z]       Compatibility with CMake < 2.8.12 will be removed from a future version of
[2023-11-23T16:40:35.746Z]       CMake.
[2023-11-23T16:40:35.746Z]     
[2023-11-23T16:40:35.746Z]       Update the VERSION argument <min> value or use a ...<max> suffix to tell
[2023-11-23T16:40:35.746Z]       CMake that the project does not need compatibility with older versions.
[2023-11-23T16:40:35.746Z]     
[2023-11-23T16:40:35.746Z]     
[2023-11-23T16:40:35.746Z]     -- The C compiler identification is GNU 11.2.1
[2023-11-23T16:40:35.746Z]     -- The CXX compiler identification is GNU 11.2.1
[2023-11-23T16:40:35.746Z]     -- Detecting C compiler ABI info
[2023-11-23T16:40:35.746Z]     -- Detecting C compiler ABI info - done
[2023-11-23T16:40:35.746Z]     -- Check for working C compiler: /opt/rh/gcc-toolset-11/root/usr/bin/cc - skipped
[2023-11-23T16:40:35.746Z]     -- Detecting C compile features
[2023-11-23T16:40:35.746Z]     -- Detecting C compile features - done
[2023-11-23T16:40:35.746Z]     -- Detecting CXX compiler ABI info
[2023-11-23T16:40:35.746Z]     -- Detecting CXX compiler ABI info - done
[2023-11-23T16:40:35.746Z]     -- Check for working CXX compiler: /opt/rh/gcc-toolset-11/root/usr/bin/c++ - skipped
[2023-11-23T16:40:35.746Z]     -- Detecting CXX compile features
[2023-11-23T16:40:35.746Z]     -- Detecting CXX compile features - done
[2023-11-23T16:40:35.746Z]     CMake Deprecation Warning at googletest/CMakeLists.txt:56 (cmake_minimum_required):
[2023-11-23T16:40:35.746Z]       Compatibility with CMake < 2.8.12 will be removed from a future version of
[2023-11-23T16:40:35.746Z]       CMake.
[2023-11-23T16:40:35.746Z]     
[2023-11-23T16:40:35.746Z]       Update the VERSION argument <min> value or use a ...<max> suffix to tell
[2023-11-23T16:40:35.746Z]       CMake that the project does not need compatibility with older versions.
[2023-11-23T16:40:35.746Z]     
[2023-11-23T16:40:35.746Z]     
[2023-11-23T16:40:35.746Z]     -- Found PythonInterp: /usr/local/bin/python (found version "3.9.7")
[2023-11-23T16:40:35.746Z]     -- Looking for pthread.h
[2023-11-23T16:40:35.746Z]     -- Looking for pthread.h - found
[2023-11-23T16:40:35.746Z]     -- Performing Test CMAKE_HAVE_LIBC_PTHREAD
[2023-11-23T16:40:35.746Z]     -- Performing Test CMAKE_HAVE_LIBC_PTHREAD - Failed
[2023-11-23T16:40:35.746Z]     -- Looking for pthread_create in pthreads
[2023-11-23T16:40:35.746Z]     -- Looking for pthread_create in pthreads - not found
[2023-11-23T16:40:35.746Z]     -- Looking for pthread_create in pthread
[2023-11-23T16:40:35.746Z]     -- Looking for pthread_create in pthread - found
[2023-11-23T16:40:35.746Z]     -- Found Threads: TRUE
[2023-11-23T16:40:35.746Z]     -- Configuring done
[2023-11-23T16:40:35.746Z]     -- Generating done
[2023-11-23T16:40:35.746Z]     -- Build files have been written to: /home/S/jenkins/workspace/ECP/ecg-maya-hydra/ecg-maya-hydra-branch-preflight-python3-linux/build/RelWithDebInfo/googletest-build
[2023-11-23T16:40:45.585Z]     [6/8] Performing build step for 'googletest'
[2023-11-23T16:40:45.585Z]     [1/4] Building CXX object googletest/CMakeFiles/gtest_main.dir/src/gtest_main.cc.o
[2023-11-23T16:40:45.585Z]     [2/4] Building CXX object googletest/CMakeFiles/gtest.dir/src/gtest-all.cc.o
[2023-11-23T16:40:45.585Z]     [3/4] Linking CXX shared library lib/libgtest.so
[2023-11-23T16:40:45.585Z]     [4/4] Linking CXX shared library lib/libgtest_main.so
[2023-11-23T16:40:45.585Z]     [7/8] Performing install step for 'googletest'
[2023-11-23T16:40:45.585Z]     [0/1] Install the project...
[2023-11-23T16:40:45.585Z]     -- Install configuration: "RelWithDebInfo"
[2023-11-23T16:40:45.585Z]     -- Set runtime path of "/home/S/jenkins/workspace/ECP/ecg-maya-hydra/ecg-maya-hydra-branch-preflight-python3-linux/build/RelWithDebInfo/googletest-install/lib64/libgtest_main.so" to ""
[2023-11-23T16:40:45.585Z]     [8/8] Completed 'googletest'
[2023-11-23T16:40:45.585Z]     -- ========== ...  GoogleTest installed. ==========
[2023-11-23T16:40:45.585Z]     -- Found GTest: /home/S/jenkins/workspace/ECP/ecg-maya-hydra/ecg-maya-hydra-branch-preflight-python3-linux/build/RelWithDebInfo/googletest-install/lib64/libgtest.so
[2023-11-23T16:40:45.585Z]     -- promoting: /home/S/jenkins/workspace/ECP/ecg-maya-hydra/ecg-maya-hydra-branch-preflight-python3-linux/ecg-maya-hydra/maya-hydra/lib/mayaHydra/mayaPlugin/pluginUtils.h
[2023-11-23T16:40:45.585Z]     -- promoting: /home/S/jenkins/workspace/ECP/ecg-maya-hydra/ecg-maya-hydra-branch-preflight-python3-linux/ecg-maya-hydra/maya-hydra/lib/mayaHydra/hydraExtensions/api.h
[2023-11-23T16:40:45.585Z]     -- promoting: /home/S/jenkins/workspace/ECP/ecg-maya-hydra/ecg-maya-hydra-branch-preflight-python3-linux/ecg-maya-hydra/maya-hydra/lib/mayaHydra/hydraExtensions/debugCodes.h
[2023-11-23T16:40:45.585Z]     -- promoting: /home/S/jenkins/workspace/ECP/ecg-maya-hydra/ecg-maya-hydra-branch-preflight-python3-linux/ecg-maya-hydra/maya-hydra/lib/mayaHydra/hydraExtensions/hydraUtils.h
[2023-11-23T16:40:45.585Z]     -- promoting: /home/S/jenkins/workspace/ECP/ecg-maya-hydra/ecg-maya-hydra-branch-preflight-python3-linux/ecg-maya-hydra/maya-hydra/lib/mayaHydra/hydraExtensions/mayaHydraLibInterface.h
[2023-11-23T16:40:45.585Z]     -- promoting: /home/S/jenkins/workspace/ECP/ecg-maya-hydra/ecg-maya-hydra-branch-preflight-python3-linux/ecg-maya-hydra/maya-hydra/lib/mayaHydra/hydraExtensions/mayaHydraLibInterfaceImp.h
[2023-11-23T16:40:45.585Z]     -- promoting: /home/S/jenkins/workspace/ECP/ecg-maya-hydra/ecg-maya-hydra-branch-preflight-python3-linux/ecg-maya-hydra/maya-hydra/lib/mayaHydra/hydraExtensions/mayaUtils.h
[2023-11-23T16:40:45.585Z]     -- promoting: /home/S/jenkins/workspace/ECP/ecg-maya-hydra/ecg-maya-hydra-branch-preflight-python3-linux/ecg-maya-hydra/maya-hydra/lib/mayaHydra/hydraExtensions/mixedUtils.h
[2023-11-23T16:40:45.585Z]     -- promoting: /home/S/jenkins/workspace/ECP/ecg-maya-hydra/ecg-maya-hydra-branch-preflight-python3-linux/ecg-maya-hydra/maya-hydra/lib/mayaHydra/hydraExtensions/mayaHydraSceneProducer.h
[2023-11-23T16:40:45.585Z]     -- promoting: /home/S/jenkins/workspace/ECP/ecg-maya-hydra/ecg-maya-hydra-branch-preflight-python3-linux/ecg-maya-hydra/maya-hydra/lib/mayaHydra/hydraExtensions/adapters/adapter.h
[2023-11-23T16:40:45.586Z]     -- promoting: /home/S/jenkins/workspace/ECP/ecg-maya-hydra/ecg-maya-hydra-branch-preflight-python3-linux/ecg-maya-hydra/maya-hydra/lib/mayaHydra/hydraExtensions/adapters/adapterDebugCodes.h
[2023-11-23T16:40:45.586Z]     -- promoting: /home/S/jenkins/workspace/ECP/ecg-maya-hydra/ecg-maya-hydra-branch-preflight-python3-linux/ecg-maya-hydra/maya-hydra/lib/mayaHydra/hydraExtensions/adapters/adapterRegistry.h
[2023-11-23T16:40:45.586Z]     -- promoting: /home/S/jenkins/workspace/ECP/ecg-maya-hydra/ecg-maya-hydra-branch-preflight-python3-linux/ecg-maya-hydra/maya-hydra/lib/mayaHydra/hydraExtensions/adapters/cameraAdapter.h
[2023-11-23T16:40:45.586Z]     -- promoting: /home/S/jenkins/workspace/ECP/ecg-maya-hydra/ecg-maya-hydra-branch-preflight-python3-linux/ecg-maya-hydra/maya-hydra/lib/mayaHydra/hydraExtensions/adapters/constantShadowMatrix.h
[2023-11-23T16:40:45.586Z]     -- promoting: /home/S/jenkins/workspace/ECP/ecg-maya-hydra/ecg-maya-hydra-branch-preflight-python3-linux/ecg-maya-hydra/maya-hydra/lib/mayaHydra/hydraExtensions/adapters/dagAdapter.h
[2023-11-23T16:40:45.586Z]     -- promoting: /home/S/jenkins/workspace/ECP/ecg-maya-hydra/ecg-maya-hydra-branch-preflight-python3-linux/ecg-maya-hydra/maya-hydra/lib/mayaHydra/hydraExtensions/adapters/renderItemAdapter.h
[2023-11-23T16:40:45.586Z]     -- promoting: /home/S/jenkins/workspace/ECP/ecg-maya-hydra/ecg-maya-hydra-branch-preflight-python3-linux/ecg-maya-hydra/maya-hydra/lib/mayaHydra/hydraExtensions/adapters/lightAdapter.h
[2023-11-23T16:40:45.586Z]     -- promoting: /home/S/jenkins/workspace/ECP/ecg-maya-hydra/ecg-maya-hydra-branch-preflight-python3-linux/ecg-maya-hydra/maya-hydra/lib/mayaHydra/hydraExtensions/adapters/materialAdapter.h
[2023-11-23T16:40:45.586Z]     -- promoting: /home/S/jenkins/workspace/ECP/ecg-maya-hydra/ecg-maya-hydra-branch-preflight-python3-linux/ecg-maya-hydra/maya-hydra/lib/mayaHydra/hydraExtensions/adapters/materialNetworkConverter.h
[2023-11-23T16:40:45.586Z]     -- promoting: /home/S/jenkins/workspace/ECP/ecg-maya-hydra/ecg-maya-hydra-branch-preflight-python3-linux/ecg-maya-hydra/maya-hydra/lib/mayaHydra/hydraExtensions/adapters/mayaAttrs.h
[2023-11-23T16:40:45.586Z]     -- promoting: /home/S/jenkins/workspace/ECP/ecg-maya-hydra/ecg-maya-hydra-branch-preflight-python3-linux/ecg-maya-hydra/maya-hydra/lib/mayaHydra/hydraExtensions/adapters/shapeAdapter.h
[2023-11-23T16:40:45.586Z]     -- promoting: /home/S/jenkins/workspace/ECP/ecg-maya-hydra/ecg-maya-hydra-branch-preflight-python3-linux/ecg-maya-hydra/maya-hydra/lib/mayaHydra/hydraExtensions/adapters/tokens.h
[2023-11-23T16:40:45.586Z]     -- promoting: /home/S/jenkins/workspace/ECP/ecg-maya-hydra/ecg-maya-hydra-branch-preflight-python3-linux/ecg-maya-hydra/maya-hydra/lib/mayaHydra/hydraExtensions/delegates/delegate.h
[2023-11-23T16:40:45.586Z]     -- promoting: /home/S/jenkins/workspace/ECP/ecg-maya-hydra/ecg-maya-hydra-branch-preflight-python3-linux/ecg-maya-hydra/maya-hydra/lib/mayaHydra/hydraExtensions/delegates/delegateCtx.h
[2023-11-23T16:40:45.586Z]     -- promoting: /home/S/jenkins/workspace/ECP/ecg-maya-hydra/ecg-maya-hydra-branch-preflight-python3-linux/ecg-maya-hydra/maya-hydra/lib/mayaHydra/hydraExtensions/delegates/delegateDebugCodes.h
[2023-11-23T16:40:45.586Z]     -- promoting: /home/S/jenkins/workspace/ECP/ecg-maya-hydra/ecg-maya-hydra-branch-preflight-python3-linux/ecg-maya-hydra/maya-hydra/lib/mayaHydra/hydraExtensions/delegates/delegateRegistry.h
[2023-11-23T16:40:45.586Z]     -- promoting: /home/S/jenkins/workspace/ECP/ecg-maya-hydra/ecg-maya-hydra-branch-preflight-python3-linux/ecg-maya-hydra/maya-hydra/lib/mayaHydra/hydraExtensions/delegates/params.h
[2023-11-23T16:40:45.586Z]     -- promoting: /home/S/jenkins/workspace/ECP/ecg-maya-hydra/ecg-maya-hydra-branch-preflight-python3-linux/ecg-maya-hydra/maya-hydra/lib/mayaHydra/hydraExtensions/delegates/sceneDelegate.h
[2023-11-23T16:40:45.586Z]     -- promoting: /home/S/jenkins/workspace/ECP/ecg-maya-hydra/ecg-maya-hydra-branch-preflight-python3-linux/ecg-maya-hydra/maya-hydra/lib/mayaHydra/hydraExtensions/delegates/defaultLightDelegate.h
[2023-11-23T16:40:45.586Z]     -- promoting: /home/S/jenkins/workspace/ECP/ecg-maya-hydra/ecg-maya-hydra-branch-preflight-python3-linux/ecg-maya-hydra/maya-hydra/lib/mayaHydra/hydraExtensions/delegates/testDelegate.h
[2023-11-23T16:40:45.586Z]     -- promoting: /home/S/jenkins/workspace/ECP/ecg-maya-hydra/ecg-maya-hydra-branch-preflight-python3-linux/ecg-maya-hydra/maya-hydra/lib/mayaHydra/hydraExtensions/sceneIndex/registration.h
[2023-11-23T16:40:45.586Z]     -- promoting: /home/S/jenkins/workspace/ECP/ecg-maya-hydra/ecg-maya-hydra-branch-preflight-python3-linux/ecg-maya-hydra/maya-hydra/lib/mayaHydra/hydraExtensions/sceneIndex/mayaHydraSceneIndex.h
[2023-11-23T16:40:45.586Z]     -- promoting: /home/S/jenkins/workspace/ECP/ecg-maya-hydra/ecg-maya-hydra-branch-preflight-python3-linux/ecg-maya-hydra/maya-hydra/lib/mayaHydra/hydraExtensions/sceneIndex/mayaHydraDataSource.h
[2023-11-23T16:40:45.586Z]     -- promoting: /home/S/jenkins/workspace/ECP/ecg-maya-hydra/ecg-maya-hydra-branch-preflight-python3-linux/ecg-maya-hydra/maya-hydra/lib/mayaHydra/hydraExtensions/sceneIndex/mayaHydraPrimvarDataSource.h
[2023-11-23T16:40:45.586Z]     -- promoting: /home/S/jenkins/workspace/ECP/ecg-maya-hydra/ecg-maya-hydra-branch-preflight-python3-linux/ecg-maya-hydra/maya-hydra/lib/mayaHydra/hydraExtensions/sceneIndex/mayaHydraDisplayStyleDataSource.h
[2023-11-23T16:40:45.586Z]     -- promoting: /home/S/jenkins/workspace/ECP/ecg-maya-hydra/ecg-maya-hydra-branch-preflight-python3-linux/ecg-maya-hydra/maya-hydra/lib/mayaHydra/hydraExtensions/sceneIndex/mayaHydraCameraDataSource.h
[2023-11-23T16:40:45.586Z]     -- promoting: /home/S/jenkins/workspace/ECP/ecg-maya-hydra/ecg-maya-hydra-branch-preflight-python3-linux/ecg-maya-hydra/maya-hydra/lib/mayaHydra/hydraExtensions/sceneIndex/mayaHydraLightDataSource.h
[2023-11-23T16:40:45.586Z]     -- promoting: /home/S/jenkins/workspace/ECP/ecg-maya-hydra/ecg-maya-hydra-branch-preflight-python3-linux/ecg-maya-hydra/maya-hydra/lib/mayaHydra/hydraExtensions/sceneIndex/mayaHydraDefaultLightDataSource.h
[2023-11-23T16:40:45.586Z]     -- promoting: /home/S/jenkins/workspace/ECP/ecg-maya-hydra/ecg-maya-hydra-branch-preflight-python3-linux/ecg-maya-hydra/maya-hydra/lib/mayaHydra/ufeExtensions/api.h
[2023-11-23T16:40:45.586Z]     -- promoting: /home/S/jenkins/workspace/ECP/ecg-maya-hydra/ecg-maya-hydra-branch-preflight-python3-linux/ecg-maya-hydra/maya-hydra/lib/mayaHydra/ufeExtensions/Global.h
[2023-11-23T16:40:45.586Z]     -- promoting: /home/S/jenkins/workspace/ECP/ecg-maya-hydra/ecg-maya-hydra-branch-preflight-python3-linux/ecg-maya-hydra/maya-hydra/lib/flowViewport/api.h
[2023-11-23T16:40:45.586Z]     -- promoting: /home/S/jenkins/workspace/ECP/ecg-maya-hydra/ecg-maya-hydra-branch-preflight-python3-linux/ecg-maya-hydra/maya-hydra/lib/flowViewport/debugCodes.h
[2023-11-23T16:40:45.586Z]     -- promoting: /home/S/jenkins/workspace/ECP/ecg-maya-hydra/ecg-maya-hydra-branch-preflight-python3-linux/ecg-maya-hydra/maya-hydra/lib/flowViewport/global.h
[2023-11-23T16:40:45.586Z]     -- promoting: /home/S/jenkins/workspace/ECP/ecg-maya-hydra/ecg-maya-hydra-branch-preflight-python3-linux/ecg-maya-hydra/maya-hydra/lib/flowViewport/tokens.h
[2023-11-23T16:40:45.586Z]     -- promoting: /home/S/jenkins/workspace/ECP/ecg-maya-hydra/ecg-maya-hydra-branch-preflight-python3-linux/ecg-maya-hydra/maya-hydra/lib/flowViewport/colorPreferences/fvpColorChanged.h
[2023-11-23T16:40:45.586Z]     -- promoting: /home/S/jenkins/workspace/ECP/ecg-maya-hydra/ecg-maya-hydra-branch-preflight-python3-linux/ecg-maya-hydra/maya-hydra/lib/flowViewport/colorPreferences/fvpColorPreferences.h
[2023-11-23T16:40:45.586Z]     -- promoting: /home/S/jenkins/workspace/ECP/ecg-maya-hydra/ecg-maya-hydra-branch-preflight-python3-linux/ecg-maya-hydra/maya-hydra/lib/flowViewport/colorPreferences/fvpColorPreferencesTokens.h
[2023-11-23T16:40:45.586Z]     -- promoting: /home/S/jenkins/workspace/ECP/ecg-maya-hydra/ecg-maya-hydra-branch-preflight-python3-linux/ecg-maya-hydra/maya-hydra/lib/flowViewport/colorPreferences/fvpColorPreferencesTranslator.h
[2023-11-23T16:40:45.586Z]     -- promoting: /home/S/jenkins/workspace/ECP/ecg-maya-hydra/ecg-maya-hydra-branch-preflight-python3-linux/ecg-maya-hydra/maya-hydra/lib/flowViewport/sceneIndex/fvpMergingSceneIndex.h
[2023-11-23T16:40:45.586Z]     -- promoting: /home/S/jenkins/workspace/ECP/ecg-maya-hydra/ecg-maya-hydra-branch-preflight-python3-linux/ecg-maya-hydra/maya-hydra/lib/flowViewport/sceneIndex/fvpPathInterface.h
[2023-11-23T16:40:45.586Z]     -- promoting: /home/S/jenkins/workspace/ECP/ecg-maya-hydra/ecg-maya-hydra-branch-preflight-python3-linux/ecg-maya-hydra/maya-hydra/lib/flowViewport/sceneIndex/fvpPathInterfaceSceneIndex.h
[2023-11-23T16:40:45.586Z]     -- promoting: /home/S/jenkins/workspace/ECP/ecg-maya-hydra/ecg-maya-hydra-branch-preflight-python3-linux/ecg-maya-hydra/maya-hydra/lib/flowViewport/sceneIndex/fvpRenderIndexProxy.h
[2023-11-23T16:40:45.586Z]     -- promoting: /home/S/jenkins/workspace/ECP/ecg-maya-hydra/ecg-maya-hydra-branch-preflight-python3-linux/ecg-maya-hydra/maya-hydra/lib/flowViewport/sceneIndex/fvpRenderIndexProxyFwd.h
[2023-11-23T16:40:45.586Z]     -- promoting: /home/S/jenkins/workspace/ECP/ecg-maya-hydra/ecg-maya-hydra-branch-preflight-python3-linux/ecg-maya-hydra/maya-hydra/lib/flowViewport/sceneIndex/fvpSelectionSceneIndex.h
[2023-11-23T16:40:45.586Z]     -- promoting: /home/S/jenkins/workspace/ECP/ecg-maya-hydra/ecg-maya-hydra-branch-preflight-python3-linux/ecg-maya-hydra/maya-hydra/lib/flowViewport/sceneIndex/fvpWireframeSelectionHighlightSceneIndex.h
[2023-11-23T16:40:45.586Z]     -- promoting: /home/S/jenkins/workspace/ECP/ecg-maya-hydra/ecg-maya-hydra-branch-preflight-python3-linux/ecg-maya-hydra/maya-hydra/lib/flowViewport/API/fvpSelectionClient.h
[2023-11-23T16:40:45.586Z]     -- promoting: /home/S/jenkins/workspace/ECP/ecg-maya-hydra/ecg-maya-hydra-branch-preflight-python3-linux/ecg-maya-hydra/maya-hydra/lib/flowViewport/API/fvpFlowSelectionInterface.h
[2023-11-23T16:40:45.586Z]     -- promoting: /home/S/jenkins/workspace/ECP/ecg-maya-hydra/ecg-maya-hydra-branch-preflight-python3-linux/ecg-maya-hydra/maya-hydra/lib/flowViewport/API/fvpVersionInterface.h
[2023-11-23T16:40:45.586Z]     -- promoting: /home/S/jenkins/workspace/ECP/ecg-maya-hydra/ecg-maya-hydra-branch-preflight-python3-linux/ecg-maya-hydra/maya-hydra/lib/flowViewport/API/fvpInformationInterface.h
[2023-11-23T16:40:45.586Z]     -- promoting: /home/S/jenkins/workspace/ECP/ecg-maya-hydra/ecg-maya-hydra-branch-preflight-python3-linux/ecg-maya-hydra/maya-hydra/lib/flowViewport/API/fvpInformationClient.h
[2023-11-23T16:40:45.586Z]     -- promoting: /home/S/jenkins/workspace/ECP/ecg-maya-hydra/ecg-maya-hydra-branch-preflight-python3-linux/ecg-maya-hydra/maya-hydra/lib/flowViewport/API/interfacesImp/fvpSelectionInterfaceImp.h
[2023-11-23T16:40:45.586Z]     -- promoting: /home/S/jenkins/workspace/ECP/ecg-maya-hydra/ecg-maya-hydra-branch-preflight-python3-linux/ecg-maya-hydra/maya-hydra/lib/flowViewport/API/interfacesImp/fvpVersionInterfaceImp.h
[2023-11-23T16:40:45.586Z]     -- promoting: /home/S/jenkins/workspace/ECP/ecg-maya-hydra/ecg-maya-hydra-branch-preflight-python3-linux/ecg-maya-hydra/maya-hydra/lib/flowViewport/API/interfacesImp/fvpInformationInterfaceImp.h
[2023-11-23T16:40:45.586Z]     -- promoting: /home/S/jenkins/workspace/ECP/ecg-maya-hydra/ecg-maya-hydra-branch-preflight-python3-linux/ecg-maya-hydra/maya-hydra/lib/flowViewport/API/samples/fvpSelectionClientExample.h
[2023-11-23T16:40:45.586Z]     -- promoting: /home/S/jenkins/workspace/ECP/ecg-maya-hydra/ecg-maya-hydra-branch-preflight-python3-linux/ecg-maya-hydra/maya-hydra/lib/flowViewport/API/samples/fvpInformationClientExample.h
[2023-11-23T16:40:45.586Z]     -- promoting: /home/S/jenkins/workspace/ECP/ecg-maya-hydra/ecg-maya-hydra-branch-preflight-python3-linux/ecg-maya-hydra/maya-hydra/lib/flowViewport/API/perViewportSceneIndicesData/fvpViewportInformationAndSceneIndicesPerViewportData.h
[2023-11-23T16:40:45.586Z]     -- promoting: /home/S/jenkins/workspace/ECP/ecg-maya-hydra/ecg-maya-hydra-branch-preflight-python3-linux/ecg-maya-hydra/maya-hydra/lib/flowViewport/API/perViewportSceneIndicesData/fvpViewportInformationAndSceneIndicesPerViewportDataManager.h
[2023-11-23T16:40:45.586Z]     -- promoting: /home/S/jenkins/workspace/ECP/ecg-maya-hydra/ecg-maya-hydra-branch-preflight-python3-linux/ecg-maya-hydra/maya-hydra/lib/flowViewport/selection/fvpSelection.h
[2023-11-23T16:40:45.586Z]     -- promoting: /home/S/jenkins/workspace/ECP/ecg-maya-hydra/ecg-maya-hydra-branch-preflight-python3-linux/ecg-maya-hydra/maya-hydra/lib/flowViewport/selection/fvpSelectionFwd.h
[2023-11-23T16:40:45.586Z]     -- promoting: /home/S/jenkins/workspace/ECP/ecg-maya-hydra/ecg-maya-hydra-branch-preflight-python3-linux/ecg-maya-hydra/maya-hydra/lib/flowViewport/selection/fvpSelectionTask.h
[2023-11-23T16:40:45.586Z]     -- promoting: /home/S/jenkins/workspace/ECP/ecg-maya-hydra/ecg-maya-hydra-branch-preflight-python3-linux/ecg-maya-hydra/maya-hydra/lib/flowViewport/selection/fvpSelectionTracker.h
[2023-11-23T16:40:46.719Z]     -- Configuring done
[2023-11-23T16:40:46.719Z]     -- Generating done
[2023-11-23T16:40:46.719Z]     -- Build files have been written to: /home/S/jenkins/workspace/ECP/ecg-maya-hydra/ecg-maya-hydra-branch-preflight-python3-linux/build/RelWithDebInfo
[2023-11-23T16:40:46.719Z]     
[2023-11-23T16:40:46.719Z]         Building with settings:
[2023-11-23T16:40:46.719Z]           Source directory          /home/S/jenkins/workspace/ECP/ecg-maya-hydra/ecg-maya-hydra-branch-preflight-python3-linux/ecg-maya-hydra/maya-hydra
[2023-11-23T16:40:46.719Z]           Workspace directory       /local/S/jenkins/workspace/ECP/ecg-maya-hydra/ecg-maya-hydra-branch-preflight-python3-linux
[2023-11-23T16:40:46.719Z]           Build directory           /local/S/jenkins/workspace/ECP/ecg-maya-hydra/ecg-maya-hydra-branch-preflight-python3-linux/build/RelWithDebInfo
[2023-11-23T16:40:46.719Z]           Install directory         /local/S/jenkins/workspace/ECP/ecg-maya-hydra/ecg-maya-hydra-branch-preflight-python3-linux/install/RelWithDebInfo/MayaHydra
[2023-11-23T16:40:46.719Z]           Variant                   RelWithDebInfo
[2023-11-23T16:40:46.719Z]           Python Debug              Off
[2023-11-23T16:40:46.719Z]           CMake generator           Ninja
[2023-11-23T16:40:46.719Z]           Build arguments           ['-DCMAKE_MAKE_PROGRAM=/local/S/jenkins/workspace/shared/Artifactory/Linux/ninja/1.10.2/9ab399b/ninja', '-DPYTHON_INCLUDE_DIR=/local/S/jenkins/workspace/shared/Artifactory/Linux/rundev-master/202311221838/runtime/51417e5/runTime/include/Python311/Python', '-DPython_EXECUTABLE=/local/S/jenkins/workspace/shared/Artifactory/Linux/rundev-master/202311221838/runtime/51417e5/runTime/bin/mayapy', '-DPYTHON_LIBRARIES=/local/S/jenkins/workspace/shared/Artifactory/Linux/rundev-master/202311221838/runtime/51417e5/runTime/lib/libpython3.11.so.1.0', '-DBUILD_WITH_PYTHON_3_VERSION=3.11', '-DCMAKE_WANT_MATERIALX_BUILD=ON', '-DCMAKE_PREFIX_PATH=/local/S/jenkins/workspace/shared/Artifactory/Linux/USD/1a43c47', '-DMAYAHYDRA_BUILD_NUMBER=415', '-DMAYAHYDRA_GIT_COMMIT=80e98c2c5a49cd0b6d7d4b6b3462972d9bcefbfa', '-DMAYAHYDRA_GIT_BRANCH=master']
[2023-11-23T16:40:46.719Z]           Stages arguments          ['configure']
[2023-11-23T16:40:46.719Z]           CTest arguments           ['--parallel 16']
[2023-11-23T16:40:46.719Z]     STATUS: Found Maya Qt headers in: /local/S/jenkins/workspace/shared/Artifactory/Linux/rundev-master/202311221838/runtime/51417e5/devkitBase
[2023-11-23T16:40:46.719Z]     Success MayaHydra build and install !!!!
[2023-11-23T16:40:46.719Z]     Elapsed time: 00:00:15
[Pipeline] }
[Pipeline] // withEnv
[Pipeline] }
[Pipeline] // timeout
[Pipeline] }
[Pipeline] // stage
[Pipeline] }
[Pipeline] // timestamps
[Pipeline] timestamps
[Pipeline] {
[Pipeline] stage
[Pipeline] { (Build)
[Pipeline] timeout
[2023-11-23T16:40:47.110Z] Timeout set to expire in 6 hr 0 min
[Pipeline] {
[Pipeline] withEnv
[Pipeline] {
[Pipeline] sh
[2023-11-23T16:40:48.498Z] + scl enable gcc-toolset-11 -
[2023-11-23T16:40:48.498Z] + '[' enable = load -o enable = unload ']'
[2023-11-23T16:40:48.498Z] + /usr/bin/scl enable gcc-toolset-11 -
[2023-11-23T16:40:48.498Z] python ecg-maya-hydra/build.py --stages=build --workspace-dir=/local/S/jenkins/workspace/ECP/ecg-maya-hydra/ecg-maya-hydra-branch-preflight-python3-linux --artifactory-dir=/local/S/jenkins/workspace/shared/Artifactory --build-dir=/local/S/jenkins/workspace/ECP/ecg-maya-hydra/ecg-maya-hydra-branch-preflight-python3-linux/build --install-dir=/local/S/jenkins/workspace/ECP/ecg-maya-hydra/ecg-maya-hydra-branch-preflight-python3-linux/install --signing-dir=/local/S/jenkins/workspace/ECP/ecg-maya-hydra/ecg-maya-hydra-branch-preflight-python3-linux/signing --package-dir=/local/S/jenkins/workspace/ECP/ecg-maya-hydra/ecg-maya-hydra-branch-preflight-python3-linux/package --output-dir=/local/S/jenkins/workspace/ECP/ecg-maya-hydra/ecg-maya-hydra-branch-preflight-python3-linux/output --stash-dir=/local/S/jenkins/workspace/ECP/ecg-maya-hydra/ecg-maya-hydra-branch-preflight-python3-linux/stash --jenkins-build=415 --git-commit=80e98c2c5a49cd0b6d7d4b6b3462972d9bcefbfa --git-branch=master --variants=Debug --interactive-tests=true --post-zips=false --osx-binary-architecture-target=ub2 --osx-deployment-target=11.0 --osx-base-sdk=CurrentActiveSDK --build-retry=3 --maya-cut-config=maya-rundev-master-debug.yaml --maya-package=rundev-master-debug --stage-banner
[2023-11-23T16:40:48.498Z] Using Maya cut from /local/S/jenkins/workspace/shared/Artifactory/Linux/rundev-master-debug/202311220725/runtime/79eb375
[2023-11-23T16:40:48.498Z] 
[2023-11-23T16:40:48.498Z] ================================================================================
[2023-11-23T16:40:48.498Z]                                  build (Debug)
[2023-11-23T16:40:48.498Z] ================================================================================
[2023-11-23T16:40:48.498Z] Maya Python Debug Info:
[2023-11-23T16:40:48.498Z]   mayapy executable   = /local/S/jenkins/workspace/shared/Artifactory/Linux/rundev-master-debug/202311220725/runtime/79eb375/runTime/bin/mayapy
[2023-11-23T16:40:48.498Z]   Include Folder      = /local/S/jenkins/workspace/shared/Artifactory/Linux/rundev-master-debug/202311220725/runtime/79eb375/runTime/include/Python311/Python
[2023-11-23T16:40:48.498Z]   Library             = /local/S/jenkins/workspace/shared/Artifactory/Linux/rundev-master-debug/202311220725/runtime/79eb375/runTime/lib/libpython3.11d.so.1.0
[2023-11-23T16:40:48.498Z]   site-package Folder = /local/S/jenkins/workspace/shared/Artifactory/Linux/rundev-master-debug/202311220725/runtime/79eb375/runTime/lib/python3.11/site-packages
[2023-11-23T16:40:49.730Z] In workdir: /home/S/jenkins/workspace/ECP/ecg-maya-hydra/ecg-maya-hydra-branch-preflight-python3-linux/ecg-maya-hydra/maya-hydra
[2023-11-23T16:40:49.730Z] Executing: /local/S/jenkins/workspace/shared/Artifactory/Linux/rundev-master-debug/202311220725/runtime/79eb375/runTime/bin/mayapy /home/S/jenkins/workspace/ECP/ecg-maya-hydra/ecg-maya-hydra-branch-preflight-python3-linux/ecg-maya-hydra/maya-hydra/build.py --generator Ninja --build-debug --maya-location /local/S/jenkins/workspace/shared/Artifactory/Linux/rundev-master-debug/202311220725/runtime/79eb375/runTime --devkit-location /local/S/jenkins/workspace/shared/Artifactory/Linux/rundev-master-debug/202311220725/runtime/79eb375/devkitBase --pxrusd-location /local/S/jenkins/workspace/shared/Artifactory/Linux/USD/e5ad5df --build-args=-DCMAKE_MAKE_PROGRAM=/local/S/jenkins/workspace/shared/Artifactory/Linux/ninja/1.10.2/9ab399b/ninja,-DPYTHON_INCLUDE_DIR=/local/S/jenkins/workspace/shared/Artifactory/Linux/rundev-master-debug/202311220725/runtime/79eb375/runTime/include/Python311/Python,-DPython_EXECUTABLE=/local/S/jenkins/workspace/shared/Artifactory/Linux/rundev-master-debug/202311220725/runtime/79eb375/runTime/bin/mayapy,-DPYTHON_LIBRARIES=/local/S/jenkins/workspace/shared/Artifactory/Linux/rundev-master-debug/202311220725/runtime/79eb375/runTime/lib/libpython3.11d.so.1.0,-DBUILD_WITH_PYTHON_3_VERSION=3.11,-DCMAKE_WANT_MATERIALX_BUILD=ON,-DCMAKE_PREFIX_PATH=/local/S/jenkins/workspace/shared/Artifactory/Linux/USD/e5ad5df,-DMAYAHYDRA_BUILD_NUMBER=415,-DMAYAHYDRA_GIT_COMMIT=80e98c2c5a49cd0b6d7d4b6b3462972d9bcefbfa,-DMAYAHYDRA_GIT_BRANCH=master --debug-python '--ctest-args=--parallel 16' --stages=build --redirect-outstream-file=False --install-location /local/S/jenkins/workspace/ECP/ecg-maya-hydra/ecg-maya-hydra-branch-preflight-python3-linux/install/Debug/MayaHydra /local/S/jenkins/workspace/ECP/ecg-maya-hydra/ecg-maya-hydra-branch-preflight-python3-linux
[2023-11-23T16:40:49.730Z] Modified environment variables:
[2023-11-23T16:40:49.730Z]     LD_LIBRARY_PATH=/opt/rh/gcc-toolset-11/root/usr/lib64:/opt/rh/gcc-toolset-11/root/usr/lib64:/opt/rh/gcc-toolset-11/root/usr/lib:/opt/rh/gcc-toolset-11/root/usr/lib64/dyninst:/opt/rh/gcc-toolset-11/root/usr/lib/dyninst
[2023-11-23T16:40:49.730Z]     PATH=/local/S/jenkins/workspace/shared/Artifactory/Linux/cmake/3.20.3/ab685d7/bin:/opt/rh/gcc-toolset-11/root/usr/bin:/home/administrator/.local/bin:/home/administrator/bin:/usr/share/Modules/bin:/usr/local/bin:/usr/local/sbin:/usr/bin:/usr/sbin
[2023-11-23T16:40:50.343Z]     [1/108] Building CXX object lib/mayaHydra/mayaPlugin/CMakeFiles/mayaHydra.dir/colorNotFoundException.cpp.o
[2023-11-23T16:40:50.914Z]     [2/108] Building CXX object lib/mayaHydra/mayaPlugin/CMakeFiles/mayaHydra.dir/tokens.cpp.o
[2023-11-23T16:40:50.914Z]     [3/108] Building CXX object test/lib/mayaUsd/render/mayaToHydra/cpp/CMakeFiles/mayaHydraCppTests.dir/mayaHydraCppTestsCmd.cpp.o
[2023-11-23T16:40:51.480Z]     [4/108] Building CXX object test/lib/mayaUsd/render/mayaToHydra/cpp/CMakeFiles/mayaHydraCppTests.dir/testCppFramework.cpp.o
[2023-11-23T16:40:51.480Z]     [5/108] Building CXX object lib/mayaHydra/mayaPlugin/CMakeFiles/mayaHydra.dir/mayaColorPreferencesTranslator.cpp.o
[2023-11-23T16:40:51.480Z]     [6/108] Building CXX object lib/mayaHydra/mayaPlugin/CMakeFiles/mayaHydra.dir/pluginDebugCodes.cpp.o
[2023-11-23T16:40:52.047Z]     [7/108] Building CXX object lib/mayaHydra/hydraExtensions/CMakeFiles/mayaHydraLib.dir/mayaUtils.cpp.o
[2023-11-23T16:40:52.048Z]     [8/108] Building CXX object lib/mayaHydra/hydraExtensions/CMakeFiles/mayaHydraLib.dir/mhBuildInfo.cpp.o
[2023-11-23T16:40:52.048Z]     [9/108] Building CXX object test/lib/mayaUsd/render/mayaToHydra/cpp/CMakeFiles/mayaHydraCppTests.dir/testColorPreferences.cpp.o
[2023-11-23T16:40:53.200Z]     [10/108] Building CXX object lib/mayaHydra/hydraExtensions/CMakeFiles/mayaHydraLib.dir/debugCodes.cpp.o
[2023-11-23T16:40:53.200Z]     [11/108] Building CXX object test/lib/mayaUsd/render/mayaToHydra/cpp/CMakeFiles/mayaHydraCppTests.dir/testUtils.cpp.o
[2023-11-23T16:40:53.200Z]     [12/108] Building CXX object test/lib/mayaUsd/render/mayaToHydra/cpp/CMakeFiles/mayaHydraCppTests.dir/testFvpViewportInformationMultipleViewports.cpp.o
[2023-11-23T16:40:53.746Z]     [13/108] Building CXX object test/lib/mayaUsd/render/mayaToHydra/cpp/CMakeFiles/mayaHydraCppTests.dir/testMayaUsdUfeItems.cpp.o
[2023-11-23T16:40:53.746Z]     [14/108] Building CXX object test/lib/mayaUsd/render/mayaToHydra/cpp/CMakeFiles/mayaHydraCppTests.dir/testUsdStageLayerMuting.cpp.o
[2023-11-23T16:40:53.746Z]     [15/108] Building CXX object test/lib/mayaUsd/render/mayaToHydra/cpp/CMakeFiles/mayaHydraCppTests.dir/testFvpViewportInformationRendererSwitching.cpp.o
[2023-11-23T16:40:54.296Z]     [16/108] Building CXX object test/lib/mayaUsd/render/mayaToHydra/cpp/CMakeFiles/mayaHydraCppTests.dir/testMayaSceneFlattening.cpp.o
[2023-11-23T16:40:54.296Z]     [17/108] Building CXX object test/lib/mayaUsd/render/mayaToHydra/cpp/CMakeFiles/mayaHydraCppTests.dir/testSelectionSceneIndex.cpp.o
[2023-11-23T16:40:54.296Z]     [18/108] Building CXX object test/lib/mayaUsd/render/mayaToHydra/cpp/CMakeFiles/mayaHydraCppTests.dir/testWireframeSelectionHighlightSceneIndex.cpp.o
[2023-11-23T16:40:54.840Z]     [19/108] Building CXX object lib/mayaHydra/hydraExtensions/CMakeFiles/mayaHydraLib.dir/mayaHydraLibInterfaceImp.cpp.o
[2023-11-23T16:40:54.840Z]     [20/108] Building CXX object lib/mayaHydra/hydraExtensions/CMakeFiles/mayaHydraLib.dir/adapters/adapterDebugCodes.cpp.o
[2023-11-23T16:40:56.646Z]     [21/108] Building CXX object lib/mayaHydra/hydraExtensions/CMakeFiles/mayaHydraLib.dir/hydraUtils.cpp.o
[2023-11-23T16:40:56.646Z]     [22/108] Building CXX object lib/mayaHydra/mayaPlugin/CMakeFiles/mayaHydra.dir/pluginUtils.cpp.o
[2023-11-23T16:40:56.646Z]     [23/108] Building CXX object lib/mayaHydra/hydraExtensions/CMakeFiles/mayaHydraLib.dir/mixedUtils.cpp.o
[2023-11-23T16:40:56.646Z]     [24/108] Building CXX object lib/mayaHydra/mayaPlugin/CMakeFiles/mayaHydra.dir/plugin.cpp.o
[2023-11-23T16:40:57.200Z]     [25/108] Building CXX object test/lib/mayaUsd/render/mayaToHydra/cpp/CMakeFiles/mayaHydraCppTests.dir/testMergingSceneIndex.cpp.o
[2023-11-23T16:40:57.754Z]     [26/108] Building CXX object lib/mayaHydra/hydraExtensions/CMakeFiles/mayaHydraLib.dir/adapters/mayaAttrs.cpp.o
[2023-11-23T16:40:57.754Z]     [27/108] Building CXX object lib/mayaHydra/mayaPlugin/CMakeFiles/mayaHydra.dir/viewCommand.cpp.o
[2023-11-23T16:41:00.291Z]     [28/108] Building CXX object lib/mayaHydra/mayaPlugin/CMakeFiles/mayaHydra.dir/renderOverride.cpp.o
[2023-11-23T16:41:00.291Z]     [29/108] Building CXX object lib/mayaHydra/hydraExtensions/CMakeFiles/mayaHydraLib.dir/adapters/adapter.cpp.o
[2023-11-23T16:41:00.291Z]     [30/108] Building CXX object lib/mayaHydra/mayaPlugin/CMakeFiles/mayaHydra.dir/renderGlobals.cpp.o
[2023-11-23T16:41:00.847Z]     [31/108] Building CXX object lib/mayaHydra/hydraExtensions/CMakeFiles/mayaHydraLib.dir/adapters/adapterRegistry.cpp.o
[2023-11-23T16:41:00.847Z]     [32/108] Building CXX object lib/mayaHydra/hydraExtensions/CMakeFiles/mayaHydraLib.dir/adapters/areaLightAdapter.cpp.o
[2023-11-23T16:41:00.847Z]     [33/108] Building CXX object lib/mayaHydra/hydraExtensions/CMakeFiles/mayaHydraLib.dir/adapters/aiSkydomeLightAdapter.cpp.o
[2023-11-23T16:41:01.390Z]     [34/108] Building CXX object lib/mayaHydra/hydraExtensions/CMakeFiles/mayaHydraLib.dir/adapters/dagAdapter.cpp.o
[2023-11-23T16:41:01.390Z]     [35/108] Building CXX object lib/mayaHydra/hydraExtensions/CMakeFiles/mayaHydraLib.dir/adapters/cameraAdapter.cpp.o
[2023-11-23T16:41:01.390Z]     [36/108] Building CXX object lib/mayaHydra/hydraExtensions/CMakeFiles/mayaHydraLib.dir/adapters/tokens.cpp.o
[2023-11-23T16:41:01.945Z]     [37/108] Building CXX object lib/mayaHydra/hydraExtensions/CMakeFiles/mayaHydraLib.dir/adapters/renderItemAdapter.cpp.o
[2023-11-23T16:41:02.505Z]     [38/108] Building CXX object lib/mayaHydra/hydraExtensions/CMakeFiles/mayaHydraLib.dir/delegates/delegateDebugCodes.cpp.o
[2023-11-23T16:41:02.505Z]     [39/108] Building CXX object lib/mayaHydra/hydraExtensions/CMakeFiles/mayaHydraLib.dir/adapters/directionalLightAdapter.cpp.o
[2023-11-23T16:41:03.049Z]     [40/108] Building CXX object lib/mayaHydra/hydraExtensions/CMakeFiles/mayaHydraLib.dir/adapters/lightAdapter.cpp.o
[2023-11-23T16:41:03.049Z]     [41/108] Building CXX object lib/mayaHydra/hydraExtensions/CMakeFiles/mayaHydraLib.dir/mayaHydraSceneProducer.cpp.o
[2023-11-23T16:41:03.634Z]     [42/108] Building CXX object lib/mayaHydra/hydraExtensions/CMakeFiles/mayaHydraLib.dir/adapters/materialAdapter.cpp.o
[2023-11-23T16:41:04.184Z]     [43/108] Building CXX object lib/mayaHydra/hydraExtensions/CMakeFiles/mayaHydraLib.dir/adapters/meshAdapter.cpp.o
[2023-11-23T16:41:04.733Z]     [44/108] Building CXX object lib/mayaHydra/hydraExtensions/CMakeFiles/mayaHydraLib.dir/adapters/materialNetworkConverter.cpp.o
[2023-11-23T16:41:04.733Z]     [45/108] Building CXX object lib/mayaHydra/hydraExtensions/CMakeFiles/mayaHydraLib.dir/adapters/nurbsCurveAdapter.cpp.o
[2023-11-23T16:41:05.278Z]     [46/108] Building CXX object lib/mayaHydra/hydraExtensions/CMakeFiles/mayaHydraLib.dir/adapters/shapeAdapter.cpp.o
[2023-11-23T16:41:06.439Z]     [47/108] Building CXX object lib/mayaHydra/hydraExtensions/CMakeFiles/mayaHydraLib.dir/delegates/delegate.cpp.o
[2023-11-23T16:41:06.439Z]     [48/108] Building CXX object lib/mayaHydra/hydraExtensions/CMakeFiles/mayaHydraLib.dir/adapters/pointLightAdapter.cpp.o
[2023-11-23T16:41:06.439Z]     [49/108] Building CXX object lib/mayaHydra/hydraExtensions/CMakeFiles/mayaHydraLib.dir/delegates/delegateCtx.cpp.o
[2023-11-23T16:41:07.066Z]     [50/108] Building CXX object lib/mayaHydra/hydraExtensions/CMakeFiles/mayaHydraLib.dir/adapters/spotLightAdapter.cpp.o
[2023-11-23T16:41:07.066Z]     [51/108] Building CXX object lib/mayaHydra/hydraExtensions/CMakeFiles/mayaHydraLib.dir/delegates/delegateRegistry.cpp.o
[2023-11-23T16:41:07.066Z]     [52/108] Building CXX object lib/flowViewport/CMakeFiles/flowViewport.dir/global.cpp.o
[2023-11-23T16:41:07.066Z]     [53/108] Building CXX object lib/flowViewport/CMakeFiles/flowViewport.dir/debugCodes.cpp.o
[2023-11-23T16:41:07.635Z]     [54/108] Building CXX object lib/mayaHydra/ufeExtensions/CMakeFiles/ufeExtensions.dir/Global.cpp.o
[2023-11-23T16:41:07.635Z]     [55/108] Building CXX object lib/flowViewport/CMakeFiles/flowViewport.dir/tokens.cpp.o
[2023-11-23T16:41:07.635Z]     [56/108] Building CXX object lib/flowViewport/CMakeFiles/flowViewport.dir/colorPreferences/fvpColorChanged.cpp.o
[2023-11-23T16:41:08.184Z]     [57/108] Building CXX object lib/flowViewport/CMakeFiles/flowViewport.dir/colorPreferences/fvpColorPreferencesTokens.cpp.o
[2023-11-23T16:41:08.184Z]     [58/108] Building CXX object lib/mayaHydra/hydraExtensions/CMakeFiles/mayaHydraLib.dir/sceneIndex/registration.cpp.o
[2023-11-23T16:41:08.184Z]     [59/108] Building CXX object lib/flowViewport/CMakeFiles/flowViewport.dir/sceneIndex/fvpPathInterface.cpp.o
[2023-11-23T16:41:08.184Z]     [60/108] Building CXX object lib/flowViewport/CMakeFiles/flowViewport.dir/colorPreferences/fvpColorPreferences.cpp.o
[2023-11-23T16:41:08.184Z]     [61/108] Linking CXX shared library lib/mayaHydra/ufeExtensions/libufeExtensions.so
[2023-11-23T16:41:09.341Z]     [62/108] Building CXX object lib/mayaHydra/hydraExtensions/CMakeFiles/mayaHydraLib.dir/sceneIndex/mayaHydraPrimvarDataSource.cpp.o
[2023-11-23T16:41:09.341Z]     [63/108] Building CXX object lib/flowViewport/CMakeFiles/flowViewport.dir/API/interfacesImp/fvpVersionInterfaceImp.cpp.o
[2023-11-23T16:41:09.341Z]     [64/108] Building CXX object lib/flowViewport/CMakeFiles/flowViewport.dir/API/interfacesImp/fvpSelectionInterfaceImp.cpp.o
[2023-11-23T16:41:10.002Z]     [65/108] Building CXX object lib/flowViewport/CMakeFiles/flowViewport.dir/API/samples/fvpSelectionClientExample.cpp.o
[2023-11-23T16:41:10.002Z]     [66/108] Building CXX object lib/mayaHydra/hydraExtensions/CMakeFiles/mayaHydraLib.dir/sceneIndex/mayaHydraLightDataSource.cpp.o
[2023-11-23T16:41:10.714Z]     [67/108] Building CXX object lib/mayaHydra/hydraExtensions/CMakeFiles/mayaHydraLib.dir/delegates/sceneDelegate.cpp.o
[2023-11-23T16:41:10.714Z]     [68/108] Building CXX object lib/flowViewport/CMakeFiles/flowViewport.dir/sceneIndex/fvpPathInterfaceSceneIndex.cpp.o
[2023-11-23T16:41:10.714Z]     [69/108] Building CXX object lib/mayaHydra/hydraExtensions/CMakeFiles/mayaHydraLib.dir/sceneIndex/mayaHydraCameraDataSource.cpp.o
[2023-11-23T16:41:10.714Z]     [70/108] Building CXX object lib/flowViewport/CMakeFiles/flowViewport.dir/sceneIndex/fvpMergingSceneIndex.cpp.o
[2023-11-23T16:41:10.714Z]     [71/108] Building CXX object lib/mayaHydra/hydraExtensions/CMakeFiles/mayaHydraLib.dir/sceneIndex/mayaHydraDisplayStyleDataSource.cpp.o
[2023-11-23T16:41:10.714Z]     [72/108] Building CXX object lib/flowViewport/CMakeFiles/flowViewport.dir/selection/fvpSelectionFwd.cpp.o
[2023-11-23T16:41:10.714Z]     [73/108] Building CXX object lib/mayaHydra/hydraExtensions/CMakeFiles/mayaHydraLib.dir/sceneIndex/mayaHydraDataSource.cpp.o
[2023-11-23T16:41:11.269Z]     [74/108] Building CXX object lib/mayaHydra/hydraExtensions/CMakeFiles/mayaHydraLib.dir/delegates/defaultLightDelegate.cpp.o
[2023-11-23T16:41:11.818Z]     [75/108] Building CXX object lib/mayaHydra/hydraExtensions/CMakeFiles/mayaHydraLib.dir/delegates/testDelegate.cpp.o
[2023-11-23T16:41:11.818Z]     [76/108] Building CXX object lib/flowViewport/CMakeFiles/flowViewport.dir/sceneIndex/fvpSelectionSceneIndex.cpp.o
[2023-11-23T16:41:11.818Z]     [77/108] Building CXX object lib/flowViewport/CMakeFiles/flowViewport.dir/API/interfacesImp/fvpInformationInterfaceImp.cpp.o
[2023-11-23T16:41:12.358Z]     [78/108] Building CXX object lib/flowViewport/CMakeFiles/flowViewport.dir/sceneIndex/fvpWireframeSelectionHighlightSceneIndex.cpp.o
[2023-11-23T16:41:12.358Z]     [79/108] Building CXX object lib/mayaHydra/hydraExtensions/CMakeFiles/mayaHydraLib.dir/sceneIndex/mayaHydraSceneIndex.cpp.o
[2023-11-23T16:41:12.358Z]     [80/108] Building CXX object lib/flowViewport/CMakeFiles/flowViewport.dir/sceneIndex/fvpRenderIndexProxy.cpp.o
[2023-11-23T16:41:12.358Z]     [81/108] Building CXX object lib/mayaHydra/hydraExtensions/CMakeFiles/mayaHydraLib.dir/sceneIndex/mayaHydraDefaultLightDataSource.cpp.o
[2023-11-23T16:41:12.909Z]     [82/108] Building CXX object lib/flowViewport/CMakeFiles/flowViewport.dir/API/perViewportSceneIndicesData/fvpViewportInformationAndSceneIndicesPerViewportData.cpp.o
[2023-11-23T16:41:12.909Z]     [83/108] Automatic MOC for target adskHydraSceneBrowser
[2023-11-23T16:41:12.909Z]     [84/108] Building CXX object lib/flowViewport/CMakeFiles/flowViewport.dir/API/samples/fvpInformationClientExample.cpp.o
[2023-11-23T16:41:13.472Z]     [85/108] Building CXX object lib/flowViewport/CMakeFiles/flowViewport.dir/selection/fvpSelection.cpp.o
[2023-11-23T16:41:14.619Z]     [86/108] Building CXX object lib/flowViewport/CMakeFiles/flowViewport.dir/selection/fvpSelectionTracker.cpp.o
[2023-11-23T16:41:14.619Z]     [87/108] Building CXX object lib/flowViewport/CMakeFiles/flowViewport.dir/API/perViewportSceneIndicesData/fvpViewportInformationAndSceneIndicesPerViewportDataManager.cpp.o
[2023-11-23T16:41:15.179Z]     [88/108] Building CXX object lib/flowViewport/CMakeFiles/flowViewport.dir/selection/fvpSelectionTask.cpp.o
[2023-11-23T16:41:15.727Z]     [89/108] Building CXX object plugin/mayaHydraSceneBrowserTest/CMakeFiles/mayaHydraSceneBrowserTest.dir/mayaHydraSceneBrowserTestCmd.cpp.o
[2023-11-23T16:41:16.279Z]     [90/108] Linking CXX shared library lib/flowViewport/libflowViewport.so
[2023-11-23T16:41:16.821Z]     [91/108] Building CXX object lib/adskHydraSceneBrowser/lib/CMakeFiles/adskHydraSceneBrowser.dir/src/patch/registeredSceneIndexChooser.cpp.o
[2023-11-23T16:41:16.821Z]     [92/108] Building CXX object lib/adskHydraSceneBrowser/lib/CMakeFiles/adskHydraSceneBrowser.dir/src/patch/sceneIndexObserverLoggingWidget.cpp.o
[2023-11-23T16:41:17.363Z]     [93/108] Building CXX object plugin/mayaHydraSceneBrowser/CMakeFiles/mayaHydraSceneBrowser.dir/mayaHydraSceneBrowser.cpp.o
[2023-11-23T16:41:17.363Z]     [94/108] Building CXX object lib/adskHydraSceneBrowser/lib/CMakeFiles/adskHydraSceneBrowser.dir/src/patch/sceneIndexDebuggerWidget.cpp.o
[2023-11-23T16:41:17.903Z]     [95/108] Building CXX object lib/adskHydraSceneBrowser/lib/CMakeFiles/adskHydraSceneBrowser.dir/src/patch/dataSourceValueTreeView.cpp.o
[2023-11-23T16:41:17.903Z]     [96/108] Building CXX object lib/adskHydraSceneBrowser/lib/CMakeFiles/adskHydraSceneBrowser.dir/src/patch/sceneIndexObserverLoggingTreeView.cpp.o
[2023-11-23T16:41:17.903Z]     [97/108] Building CXX object lib/adskHydraSceneBrowser/lib/CMakeFiles/adskHydraSceneBrowser.dir/adskHydraSceneBrowser_autogen/mocs_compilation.cpp.o
[2023-11-23T16:41:17.903Z]     [98/108] Building CXX object lib/adskHydraSceneBrowser/lib/CMakeFiles/adskHydraSceneBrowser.dir/src/patch/sceneIndexTreeWidget.cpp.o
[2023-11-23T16:41:18.444Z]     [99/108] Building CXX object lib/adskHydraSceneBrowser/test/CMakeFiles/adskHydraSceneBrowserTesting.dir/adskHydraSceneBrowserTesting.cpp.o
[2023-11-23T16:41:18.444Z]     [100/108] Linking CXX shared library lib/mayaHydra/hydraExtensions/libmayaHydraLib.so
[2023-11-23T16:41:18.444Z]     [101/108] Building CXX object lib/adskHydraSceneBrowser/lib/CMakeFiles/adskHydraSceneBrowser.dir/src/patch/dataSourceTreeWidget.cpp.o
[2023-11-23T16:41:19.661Z]     [102/108] Linking CXX shared library lib/mayaHydra/mayaPlugin/mayaHydra.so
[2023-11-23T16:41:19.661Z]     [103/108] Linking CXX shared library lib/adskHydraSceneBrowser/lib/libadskHydraSceneBrowser.so
[2023-11-23T16:41:19.661Z]     [104/108] Linking CXX shared library test/lib/mayaUsd/render/mayaToHydra/cpp/mayaHydraCppTests.so
[2023-11-23T16:41:20.793Z]     [105/108] Building CXX object lib/adskHydraSceneBrowser/test/CMakeFiles/adskHydraSceneBrowserTesting.dir/adskHydraSceneBrowserTestFixture.cpp.o
[2023-11-23T16:41:20.794Z]     [106/108] Linking CXX shared library plugin/mayaHydraSceneBrowser/mayaHydraSceneBrowser.so
[2023-11-23T16:41:21.418Z]     [107/108] Linking CXX shared library lib/adskHydraSceneBrowser/test/libadskHydraSceneBrowserTesting.so
[2023-11-23T16:41:22.804Z]     [108/108] Linking CXX shared library plugin/mayaHydraSceneBrowserTest/mayaHydraSceneBrowserTest.so
[2023-11-23T16:41:22.804Z]     
[2023-11-23T16:41:22.804Z]         Building with settings:
[2023-11-23T16:41:22.804Z]           Source directory          /home/S/jenkins/workspace/ECP/ecg-maya-hydra/ecg-maya-hydra-branch-preflight-python3-linux/ecg-maya-hydra/maya-hydra
[2023-11-23T16:41:22.804Z]           Workspace directory       /local/S/jenkins/workspace/ECP/ecg-maya-hydra/ecg-maya-hydra-branch-preflight-python3-linux
[2023-11-23T16:41:22.804Z]           Build directory           /local/S/jenkins/workspace/ECP/ecg-maya-hydra/ecg-maya-hydra-branch-preflight-python3-linux/build/Debug
[2023-11-23T16:41:22.804Z]           Install directory         /local/S/jenkins/workspace/ECP/ecg-maya-hydra/ecg-maya-hydra-branch-preflight-python3-linux/install/Debug/MayaHydra
[2023-11-23T16:41:22.804Z]           Variant                   Debug
[2023-11-23T16:41:22.804Z]           Python Debug              On
[2023-11-23T16:41:22.804Z]           CMake generator           Ninja
[2023-11-23T16:41:22.804Z]           Build arguments           ['-DCMAKE_MAKE_PROGRAM=/local/S/jenkins/workspace/shared/Artifactory/Linux/ninja/1.10.2/9ab399b/ninja', '-DPYTHON_INCLUDE_DIR=/local/S/jenkins/workspace/shared/Artifactory/Linux/rundev-master-debug/202311220725/runtime/79eb375/runTime/include/Python311/Python', '-DPython_EXECUTABLE=/local/S/jenkins/workspace/shared/Artifactory/Linux/rundev-master-debug/202311220725/runtime/79eb375/runTime/bin/mayapy', '-DPYTHON_LIBRARIES=/local/S/jenkins/workspace/shared/Artifactory/Linux/rundev-master-debug/202311220725/runtime/79eb375/runTime/lib/libpython3.11d.so.1.0', '-DBUILD_WITH_PYTHON_3_VERSION=3.11', '-DCMAKE_WANT_MATERIALX_BUILD=ON', '-DCMAKE_PREFIX_PATH=/local/S/jenkins/workspace/shared/Artifactory/Linux/USD/e5ad5df', '-DMAYAHYDRA_BUILD_NUMBER=415', '-DMAYAHYDRA_GIT_COMMIT=80e98c2c5a49cd0b6d7d4b6b3462972d9bcefbfa', '-DMAYAHYDRA_GIT_BRANCH=master']
[2023-11-23T16:41:22.804Z]           Stages arguments          ['build']
[2023-11-23T16:41:22.804Z]           CTest arguments           ['--parallel 16']
[2023-11-23T16:41:22.804Z]     Success MayaHydra build and install !!!!
[2023-11-23T16:41:22.804Z]     Elapsed time: 00:00:33
[Pipeline] sh
[2023-11-23T16:41:24.360Z] + scl enable gcc-toolset-11 -
[2023-11-23T16:41:24.361Z] + '[' enable = load -o enable = unload ']'
[2023-11-23T16:41:24.361Z] + /usr/bin/scl enable gcc-toolset-11 -
[2023-11-23T16:41:24.361Z] python ecg-maya-hydra/build.py --stages=build --workspace-dir=/local/S/jenkins/workspace/ECP/ecg-maya-hydra/ecg-maya-hydra-branch-preflight-python3-linux --artifactory-dir=/local/S/jenkins/workspace/shared/Artifactory --build-dir=/local/S/jenkins/workspace/ECP/ecg-maya-hydra/ecg-maya-hydra-branch-preflight-python3-linux/build --install-dir=/local/S/jenkins/workspace/ECP/ecg-maya-hydra/ecg-maya-hydra-branch-preflight-python3-linux/install --signing-dir=/local/S/jenkins/workspace/ECP/ecg-maya-hydra/ecg-maya-hydra-branch-preflight-python3-linux/signing --package-dir=/local/S/jenkins/workspace/ECP/ecg-maya-hydra/ecg-maya-hydra-branch-preflight-python3-linux/package --output-dir=/local/S/jenkins/workspace/ECP/ecg-maya-hydra/ecg-maya-hydra-branch-preflight-python3-linux/output --stash-dir=/local/S/jenkins/workspace/ECP/ecg-maya-hydra/ecg-maya-hydra-branch-preflight-python3-linux/stash --jenkins-build=415 --git-commit=80e98c2c5a49cd0b6d7d4b6b3462972d9bcefbfa --git-branch=master --variants=RelWithDebInfo --interactive-tests=true --post-zips=false --osx-binary-architecture-target=ub2 --osx-deployment-target=11.0 --osx-base-sdk=CurrentActiveSDK --build-retry=3 --maya-cut-config=maya-rundev-master.yaml --maya-package=rundev-master --stage-banner
[2023-11-23T16:41:24.361Z] Using Maya cut from /local/S/jenkins/workspace/shared/Artifactory/Linux/rundev-master/202311221838/runtime/51417e5
[2023-11-23T16:41:24.361Z] 
[2023-11-23T16:41:24.361Z] ================================================================================
[2023-11-23T16:41:24.361Z]                              build (RelWithDebInfo)
[2023-11-23T16:41:24.361Z] ================================================================================
[2023-11-23T16:41:24.361Z] Maya Python RelWithDebInfo Info:
[2023-11-23T16:41:24.361Z]   mayapy executable   = /local/S/jenkins/workspace/shared/Artifactory/Linux/rundev-master/202311221838/runtime/51417e5/runTime/bin/mayapy
[2023-11-23T16:41:24.361Z]   Include Folder      = /local/S/jenkins/workspace/shared/Artifactory/Linux/rundev-master/202311221838/runtime/51417e5/runTime/include/Python311/Python
[2023-11-23T16:41:24.361Z]   Library             = /local/S/jenkins/workspace/shared/Artifactory/Linux/rundev-master/202311221838/runtime/51417e5/runTime/lib/libpython3.11.so.1.0
[2023-11-23T16:41:24.361Z]   site-package Folder = /local/S/jenkins/workspace/shared/Artifactory/Linux/rundev-master/202311221838/runtime/51417e5/runTime/lib/python3.11/site-packages
[2023-11-23T16:41:24.917Z] In workdir: /home/S/jenkins/workspace/ECP/ecg-maya-hydra/ecg-maya-hydra-branch-preflight-python3-linux/ecg-maya-hydra/maya-hydra
[2023-11-23T16:41:24.917Z] Executing: /local/S/jenkins/workspace/shared/Artifactory/Linux/rundev-master/202311221838/runtime/51417e5/runTime/bin/mayapy /home/S/jenkins/workspace/ECP/ecg-maya-hydra/ecg-maya-hydra-branch-preflight-python3-linux/ecg-maya-hydra/maya-hydra/build.py --generator Ninja --build-relwithdebug --maya-location /local/S/jenkins/workspace/shared/Artifactory/Linux/rundev-master/202311221838/runtime/51417e5/runTime --devkit-location /local/S/jenkins/workspace/shared/Artifactory/Linux/rundev-master/202311221838/runtime/51417e5/devkitBase --pxrusd-location /local/S/jenkins/workspace/shared/Artifactory/Linux/USD/1a43c47 --build-args=-DCMAKE_MAKE_PROGRAM=/local/S/jenkins/workspace/shared/Artifactory/Linux/ninja/1.10.2/9ab399b/ninja,-DPYTHON_INCLUDE_DIR=/local/S/jenkins/workspace/shared/Artifactory/Linux/rundev-master/202311221838/runtime/51417e5/runTime/include/Python311/Python,-DPython_EXECUTABLE=/local/S/jenkins/workspace/shared/Artifactory/Linux/rundev-master/202311221838/runtime/51417e5/runTime/bin/mayapy,-DPYTHON_LIBRARIES=/local/S/jenkins/workspace/shared/Artifactory/Linux/rundev-master/202311221838/runtime/51417e5/runTime/lib/libpython3.11.so.1.0,-DBUILD_WITH_PYTHON_3_VERSION=3.11,-DCMAKE_WANT_MATERIALX_BUILD=ON,-DCMAKE_PREFIX_PATH=/local/S/jenkins/workspace/shared/Artifactory/Linux/USD/1a43c47,-DMAYAHYDRA_BUILD_NUMBER=415,-DMAYAHYDRA_GIT_COMMIT=80e98c2c5a49cd0b6d7d4b6b3462972d9bcefbfa,-DMAYAHYDRA_GIT_BRANCH=master '--ctest-args=--parallel 16' --stages=build --redirect-outstream-file=False --install-location /local/S/jenkins/workspace/ECP/ecg-maya-hydra/ecg-maya-hydra-branch-preflight-python3-linux/install/RelWithDebInfo/MayaHydra /local/S/jenkins/workspace/ECP/ecg-maya-hydra/ecg-maya-hydra-branch-preflight-python3-linux
[2023-11-23T16:41:24.917Z] Modified environment variables:
[2023-11-23T16:41:24.917Z]     LD_LIBRARY_PATH=/opt/rh/gcc-toolset-11/root/usr/lib64:/opt/rh/gcc-toolset-11/root/usr/lib64:/opt/rh/gcc-toolset-11/root/usr/lib:/opt/rh/gcc-toolset-11/root/usr/lib64/dyninst:/opt/rh/gcc-toolset-11/root/usr/lib/dyninst
[2023-11-23T16:41:24.917Z]     PATH=/local/S/jenkins/workspace/shared/Artifactory/Linux/cmake/3.20.3/ab685d7/bin:/opt/rh/gcc-toolset-11/root/usr/bin:/home/administrator/.local/bin:/home/administrator/bin:/usr/share/Modules/bin:/usr/local/bin:/usr/local/sbin:/usr/bin:/usr/sbin
[2023-11-23T16:41:26.066Z]     [1/108] Building CXX object lib/mayaHydra/mayaPlugin/CMakeFiles/mayaHydra.dir/colorNotFoundException.cpp.o
[2023-11-23T16:41:26.066Z]     [2/108] Building CXX object lib/mayaHydra/mayaPlugin/CMakeFiles/mayaHydra.dir/tokens.cpp.o
[2023-11-23T16:41:26.612Z]     [3/108] Building CXX object test/lib/mayaUsd/render/mayaToHydra/cpp/CMakeFiles/mayaHydraCppTests.dir/mayaHydraCppTestsCmd.cpp.o
[2023-11-23T16:41:26.612Z]     [4/108] Building CXX object test/lib/mayaUsd/render/mayaToHydra/cpp/CMakeFiles/mayaHydraCppTests.dir/testCppFramework.cpp.o
[2023-11-23T16:41:26.612Z]     [5/108] Building CXX object lib/mayaHydra/mayaPlugin/CMakeFiles/mayaHydra.dir/mayaColorPreferencesTranslator.cpp.o
[2023-11-23T16:41:26.612Z]     [6/108] Building CXX object lib/mayaHydra/mayaPlugin/CMakeFiles/mayaHydra.dir/pluginDebugCodes.cpp.o
[2023-11-23T16:41:27.190Z]     [7/108] Building CXX object lib/mayaHydra/hydraExtensions/CMakeFiles/mayaHydraLib.dir/mayaUtils.cpp.o
[2023-11-23T16:41:27.190Z]     [8/108] Building CXX object lib/mayaHydra/hydraExtensions/CMakeFiles/mayaHydraLib.dir/mhBuildInfo.cpp.o
[2023-11-23T16:41:28.445Z]     [9/108] Building CXX object test/lib/mayaUsd/render/mayaToHydra/cpp/CMakeFiles/mayaHydraCppTests.dir/testColorPreferences.cpp.o
[2023-11-23T16:41:29.014Z]     [10/108] Building CXX object test/lib/mayaUsd/render/mayaToHydra/cpp/CMakeFiles/mayaHydraCppTests.dir/testFvpViewportInformationMultipleViewports.cpp.o
[2023-11-23T16:41:29.014Z]     [11/108] Building CXX object test/lib/mayaUsd/render/mayaToHydra/cpp/CMakeFiles/mayaHydraCppTests.dir/testMayaUsdUfeItems.cpp.o
[2023-11-23T16:41:29.014Z]     [12/108] Building CXX object test/lib/mayaUsd/render/mayaToHydra/cpp/CMakeFiles/mayaHydraCppTests.dir/testUtils.cpp.o
[2023-11-23T16:41:29.014Z]     [13/108] Building CXX object test/lib/mayaUsd/render/mayaToHydra/cpp/CMakeFiles/mayaHydraCppTests.dir/testUsdStageLayerMuting.cpp.o
[2023-11-23T16:41:29.014Z]     [14/108] Building CXX object test/lib/mayaUsd/render/mayaToHydra/cpp/CMakeFiles/mayaHydraCppTests.dir/testFvpViewportInformationRendererSwitching.cpp.o
[2023-11-23T16:41:29.014Z]     [15/108] Building CXX object test/lib/mayaUsd/render/mayaToHydra/cpp/CMakeFiles/mayaHydraCppTests.dir/testMayaSceneFlattening.cpp.o
[2023-11-23T16:41:29.014Z]     [16/108] Building CXX object lib/mayaHydra/hydraExtensions/CMakeFiles/mayaHydraLib.dir/debugCodes.cpp.o
[2023-11-23T16:41:30.184Z]     [17/108] Building CXX object lib/mayaHydra/hydraExtensions/CMakeFiles/mayaHydraLib.dir/mayaHydraLibInterfaceImp.cpp.o
[2023-11-23T16:41:30.184Z]     [18/108] Building CXX object lib/mayaHydra/hydraExtensions/CMakeFiles/mayaHydraLib.dir/adapters/adapterDebugCodes.cpp.o
[2023-11-23T16:41:31.326Z]     [19/108] Building CXX object lib/mayaHydra/mayaPlugin/CMakeFiles/mayaHydra.dir/pluginUtils.cpp.o
[2023-11-23T16:41:31.326Z]     [20/108] Building CXX object test/lib/mayaUsd/render/mayaToHydra/cpp/CMakeFiles/mayaHydraCppTests.dir/testSelectionSceneIndex.cpp.o
[2023-11-23T16:41:31.326Z]     [21/108] Building CXX object lib/mayaHydra/mayaPlugin/CMakeFiles/mayaHydra.dir/plugin.cpp.o
[2023-11-23T16:41:31.326Z]     [22/108] Building CXX object test/lib/mayaUsd/render/mayaToHydra/cpp/CMakeFiles/mayaHydraCppTests.dir/testWireframeSelectionHighlightSceneIndex.cpp.o
[2023-11-23T16:41:31.871Z]     [23/108] Building CXX object lib/mayaHydra/hydraExtensions/CMakeFiles/mayaHydraLib.dir/mixedUtils.cpp.o
[2023-11-23T16:41:33.015Z]     [24/108] Building CXX object lib/mayaHydra/hydraExtensions/CMakeFiles/mayaHydraLib.dir/hydraUtils.cpp.o
[2023-11-23T16:41:33.015Z]     [25/108] Building CXX object lib/mayaHydra/mayaPlugin/CMakeFiles/mayaHydra.dir/viewCommand.cpp.o
[2023-11-23T16:41:33.590Z]     [26/108] Building CXX object test/lib/mayaUsd/render/mayaToHydra/cpp/CMakeFiles/mayaHydraCppTests.dir/testMergingSceneIndex.cpp.o
[2023-11-23T16:41:33.590Z]     [27/108] Building CXX object lib/mayaHydra/hydraExtensions/CMakeFiles/mayaHydraLib.dir/adapters/mayaAttrs.cpp.o
[2023-11-23T16:41:35.546Z]     [28/108] Building CXX object lib/mayaHydra/hydraExtensions/CMakeFiles/mayaHydraLib.dir/adapters/adapter.cpp.o
[2023-11-23T16:41:36.093Z]     [29/108] Building CXX object lib/mayaHydra/hydraExtensions/CMakeFiles/mayaHydraLib.dir/adapters/adapterRegistry.cpp.o
[2023-11-23T16:41:36.659Z]     [30/108] Building CXX object lib/mayaHydra/hydraExtensions/CMakeFiles/mayaHydraLib.dir/adapters/areaLightAdapter.cpp.o
[2023-11-23T16:41:36.659Z]     [31/108] Building CXX object lib/mayaHydra/mayaPlugin/CMakeFiles/mayaHydra.dir/renderOverride.cpp.o
[2023-11-23T16:41:36.659Z]     [32/108] Building CXX object lib/mayaHydra/hydraExtensions/CMakeFiles/mayaHydraLib.dir/adapters/aiSkydomeLightAdapter.cpp.o
[2023-11-23T16:41:37.218Z]     [33/108] Building CXX object lib/mayaHydra/hydraExtensions/CMakeFiles/mayaHydraLib.dir/adapters/cameraAdapter.cpp.o
[2023-11-23T16:41:37.218Z]     [34/108] Building CXX object lib/mayaHydra/mayaPlugin/CMakeFiles/mayaHydra.dir/renderGlobals.cpp.o
[2023-11-23T16:41:37.780Z]     [35/108] Building CXX object lib/mayaHydra/hydraExtensions/CMakeFiles/mayaHydraLib.dir/adapters/tokens.cpp.o
[2023-11-23T16:41:38.334Z]     [36/108] Building CXX object lib/mayaHydra/hydraExtensions/CMakeFiles/mayaHydraLib.dir/adapters/directionalLightAdapter.cpp.o
[2023-11-23T16:41:38.334Z]     [37/108] Building CXX object lib/mayaHydra/hydraExtensions/CMakeFiles/mayaHydraLib.dir/adapters/dagAdapter.cpp.o
[2023-11-23T16:41:38.912Z]     [38/108] Building CXX object lib/mayaHydra/hydraExtensions/CMakeFiles/mayaHydraLib.dir/delegates/delegateDebugCodes.cpp.o
[2023-11-23T16:41:38.912Z]     [39/108] Building CXX object lib/mayaHydra/hydraExtensions/CMakeFiles/mayaHydraLib.dir/adapters/lightAdapter.cpp.o
[2023-11-23T16:41:38.912Z]     [40/108] Building CXX object lib/mayaHydra/hydraExtensions/CMakeFiles/mayaHydraLib.dir/mayaHydraSceneProducer.cpp.o
[2023-11-23T16:41:40.335Z]     [41/108] Building CXX object lib/mayaHydra/hydraExtensions/CMakeFiles/mayaHydraLib.dir/adapters/renderItemAdapter.cpp.o
[2023-11-23T16:41:40.335Z]     [42/108] Building CXX object lib/mayaHydra/hydraExtensions/CMakeFiles/mayaHydraLib.dir/adapters/materialAdapter.cpp.o
[2023-11-23T16:41:41.551Z]     [43/108] Building CXX object lib/mayaHydra/hydraExtensions/CMakeFiles/mayaHydraLib.dir/adapters/nurbsCurveAdapter.cpp.o
[2023-11-23T16:41:41.551Z]     [44/108] Building CXX object lib/mayaHydra/hydraExtensions/CMakeFiles/mayaHydraLib.dir/adapters/shapeAdapter.cpp.o
[2023-11-23T16:41:41.551Z]     [45/108] Building CXX object lib/mayaHydra/hydraExtensions/CMakeFiles/mayaHydraLib.dir/adapters/meshAdapter.cpp.o
[2023-11-23T16:41:42.099Z]     [46/108] Building CXX object lib/mayaHydra/hydraExtensions/CMakeFiles/mayaHydraLib.dir/adapters/pointLightAdapter.cpp.o
[2023-11-23T16:41:42.654Z]     [47/108] Building CXX object lib/mayaHydra/hydraExtensions/CMakeFiles/mayaHydraLib.dir/delegates/delegate.cpp.o
[2023-11-23T16:41:42.654Z]     [48/108] Building CXX object lib/mayaHydra/hydraExtensions/CMakeFiles/mayaHydraLib.dir/delegates/delegateCtx.cpp.o
[2023-11-23T16:41:42.654Z]     [49/108] Building CXX object lib/mayaHydra/hydraExtensions/CMakeFiles/mayaHydraLib.dir/adapters/materialNetworkConverter.cpp.o
[2023-11-23T16:41:43.807Z]     [50/108] Building CXX object lib/mayaHydra/hydraExtensions/CMakeFiles/mayaHydraLib.dir/adapters/spotLightAdapter.cpp.o
[2023-11-23T16:41:43.807Z]     [51/108] Building CXX object lib/flowViewport/CMakeFiles/flowViewport.dir/global.cpp.o
[2023-11-23T16:41:43.807Z]     [52/108] Building CXX object lib/flowViewport/CMakeFiles/flowViewport.dir/debugCodes.cpp.o
[2023-11-23T16:41:43.807Z]     [53/108] Building CXX object lib/mayaHydra/ufeExtensions/CMakeFiles/ufeExtensions.dir/Global.cpp.o
[2023-11-23T16:41:43.807Z]     [54/108] Building CXX object lib/mayaHydra/hydraExtensions/CMakeFiles/mayaHydraLib.dir/delegates/delegateRegistry.cpp.o
[2023-11-23T16:41:44.597Z]     [55/108] Linking CXX shared library lib/mayaHydra/ufeExtensions/libufeExtensions.so
[2023-11-23T16:41:44.597Z]     [56/108] Building CXX object lib/flowViewport/CMakeFiles/flowViewport.dir/tokens.cpp.o
[2023-11-23T16:41:44.597Z]     [57/108] Building CXX object lib/flowViewport/CMakeFiles/flowViewport.dir/colorPreferences/fvpColorChanged.cpp.o
[2023-11-23T16:41:44.597Z]     [58/108] Building CXX object lib/flowViewport/CMakeFiles/flowViewport.dir/sceneIndex/fvpPathInterface.cpp.o
[2023-11-23T16:41:44.597Z]     [59/108] Building CXX object lib/mayaHydra/hydraExtensions/CMakeFiles/mayaHydraLib.dir/sceneIndex/registration.cpp.o
[2023-11-23T16:41:44.597Z]     [60/108] Building CXX object lib/flowViewport/CMakeFiles/flowViewport.dir/colorPreferences/fvpColorPreferencesTokens.cpp.o
[2023-11-23T16:41:45.148Z]     [61/108] Building CXX object lib/flowViewport/CMakeFiles/flowViewport.dir/colorPreferences/fvpColorPreferences.cpp.o
[2023-11-23T16:41:45.712Z]     [62/108] Building CXX object lib/flowViewport/CMakeFiles/flowViewport.dir/API/interfacesImp/fvpSelectionInterfaceImp.cpp.o
[2023-11-23T16:41:45.712Z]     [63/108] Building CXX object lib/flowViewport/CMakeFiles/flowViewport.dir/API/interfacesImp/fvpVersionInterfaceImp.cpp.o
[2023-11-23T16:41:46.366Z]     [64/108] Building CXX object lib/mayaHydra/hydraExtensions/CMakeFiles/mayaHydraLib.dir/sceneIndex/mayaHydraPrimvarDataSource.cpp.o
[2023-11-23T16:41:46.930Z]     [65/108] Building CXX object lib/flowViewport/CMakeFiles/flowViewport.dir/sceneIndex/fvpPathInterfaceSceneIndex.cpp.o
[2023-11-23T16:41:47.481Z]     [66/108] Building CXX object lib/mayaHydra/hydraExtensions/CMakeFiles/mayaHydraLib.dir/sceneIndex/mayaHydraLightDataSource.cpp.o
[2023-11-23T16:41:47.481Z]     [67/108] Building CXX object lib/flowViewport/CMakeFiles/flowViewport.dir/sceneIndex/fvpMergingSceneIndex.cpp.o
[2023-11-23T16:41:47.481Z]     [68/108] Building CXX object lib/flowViewport/CMakeFiles/flowViewport.dir/API/samples/fvpSelectionClientExample.cpp.o
[2023-11-23T16:41:48.064Z]     [69/108] Building CXX object lib/mayaHydra/hydraExtensions/CMakeFiles/mayaHydraLib.dir/sceneIndex/mayaHydraCameraDataSource.cpp.o
[2023-11-23T16:41:48.630Z]     [70/108] Building CXX object lib/mayaHydra/hydraExtensions/CMakeFiles/mayaHydraLib.dir/delegates/testDelegate.cpp.o
[2023-11-23T16:41:48.630Z]     [71/108] Building CXX object lib/flowViewport/CMakeFiles/flowViewport.dir/selection/fvpSelectionFwd.cpp.o
[2023-11-23T16:41:48.630Z]     [72/108] Building CXX object lib/mayaHydra/hydraExtensions/CMakeFiles/mayaHydraLib.dir/sceneIndex/mayaHydraDisplayStyleDataSource.cpp.o
[2023-11-23T16:41:48.630Z]     [73/108] Building CXX object lib/mayaHydra/hydraExtensions/CMakeFiles/mayaHydraLib.dir/delegates/defaultLightDelegate.cpp.o
[2023-11-23T16:41:48.630Z]     [74/108] Building CXX object lib/flowViewport/CMakeFiles/flowViewport.dir/sceneIndex/fvpRenderIndexProxy.cpp.o
[2023-11-23T16:41:49.191Z]     [75/108] Building CXX object lib/flowViewport/CMakeFiles/flowViewport.dir/sceneIndex/fvpSelectionSceneIndex.cpp.o
[2023-11-23T16:41:49.191Z]     [76/108] Building CXX object lib/flowViewport/CMakeFiles/flowViewport.dir/API/interfacesImp/fvpInformationInterfaceImp.cpp.o
[2023-11-23T16:41:49.191Z]     [77/108] Building CXX object lib/mayaHydra/hydraExtensions/CMakeFiles/mayaHydraLib.dir/delegates/sceneDelegate.cpp.o
[2023-11-23T16:41:49.191Z]     [78/108] Building CXX object lib/flowViewport/CMakeFiles/flowViewport.dir/sceneIndex/fvpWireframeSelectionHighlightSceneIndex.cpp.o
[2023-11-23T16:41:49.191Z]     [79/108] Building CXX object lib/flowViewport/CMakeFiles/flowViewport.dir/API/samples/fvpInformationClientExample.cpp.o
[2023-11-23T16:41:49.742Z]     [80/108] Building CXX object lib/mayaHydra/hydraExtensions/CMakeFiles/mayaHydraLib.dir/sceneIndex/mayaHydraDataSource.cpp.o
[2023-11-23T16:41:49.742Z]     [81/108] Building CXX object lib/mayaHydra/hydraExtensions/CMakeFiles/mayaHydraLib.dir/sceneIndex/mayaHydraDefaultLightDataSource.cpp.o
[2023-11-23T16:41:49.742Z]     [82/108] Building CXX object lib/mayaHydra/hydraExtensions/CMakeFiles/mayaHydraLib.dir/sceneIndex/mayaHydraSceneIndex.cpp.o
[2023-11-23T16:41:49.742Z]     [83/108] Building CXX object lib/flowViewport/CMakeFiles/flowViewport.dir/API/perViewportSceneIndicesData/fvpViewportInformationAndSceneIndicesPerViewportData.cpp.o
[2023-11-23T16:41:50.301Z]     [84/108] Automatic MOC for target adskHydraSceneBrowser
[2023-11-23T16:41:51.456Z]     [85/108] Building CXX object lib/flowViewport/CMakeFiles/flowViewport.dir/selection/fvpSelection.cpp.o
[2023-11-23T16:41:51.456Z]     [86/108] Building CXX object lib/flowViewport/CMakeFiles/flowViewport.dir/selection/fvpSelectionTracker.cpp.o
[2023-11-23T16:41:51.456Z]     [87/108] Building CXX object lib/flowViewport/CMakeFiles/flowViewport.dir/API/perViewportSceneIndicesData/fvpViewportInformationAndSceneIndicesPerViewportDataManager.cpp.o
[2023-11-23T16:41:52.594Z]     [88/108] Building CXX object lib/flowViewport/CMakeFiles/flowViewport.dir/selection/fvpSelectionTask.cpp.o
[2023-11-23T16:41:53.153Z]     [89/108] Linking CXX shared library lib/flowViewport/libflowViewport.so
[2023-11-23T16:41:53.153Z]     [90/108] Building CXX object plugin/mayaHydraSceneBrowserTest/CMakeFiles/mayaHydraSceneBrowserTest.dir/mayaHydraSceneBrowserTestCmd.cpp.o
[2023-11-23T16:41:54.285Z]     [91/108] Building CXX object lib/adskHydraSceneBrowser/lib/CMakeFiles/adskHydraSceneBrowser.dir/src/patch/registeredSceneIndexChooser.cpp.o
[2023-11-23T16:41:54.285Z]     [92/108] Linking CXX shared library lib/mayaHydra/hydraExtensions/libmayaHydraLib.so
[2023-11-23T16:41:54.285Z]     [93/108] Building CXX object lib/adskHydraSceneBrowser/lib/CMakeFiles/adskHydraSceneBrowser.dir/src/patch/sceneIndexObserverLoggingWidget.cpp.o
[2023-11-23T16:41:54.880Z]     [94/108] Linking CXX shared library test/lib/mayaUsd/render/mayaToHydra/cpp/mayaHydraCppTests.so
[2023-11-23T16:41:54.880Z]     [95/108] Linking CXX shared library lib/mayaHydra/mayaPlugin/mayaHydra.so
[2023-11-23T16:41:55.445Z]     [96/108] Building CXX object plugin/mayaHydraSceneBrowser/CMakeFiles/mayaHydraSceneBrowser.dir/mayaHydraSceneBrowser.cpp.o
[2023-11-23T16:41:56.071Z]     [97/108] Building CXX object lib/adskHydraSceneBrowser/lib/CMakeFiles/adskHydraSceneBrowser.dir/adskHydraSceneBrowser_autogen/mocs_compilation.cpp.o
[2023-11-23T16:41:56.071Z]     [98/108] Building CXX object lib/adskHydraSceneBrowser/test/CMakeFiles/adskHydraSceneBrowserTesting.dir/adskHydraSceneBrowserTesting.cpp.o
[2023-11-23T16:41:56.071Z]     [99/108] Building CXX object lib/adskHydraSceneBrowser/lib/CMakeFiles/adskHydraSceneBrowser.dir/src/patch/sceneIndexDebuggerWidget.cpp.o
[2023-11-23T16:41:56.071Z]     [100/108] Building CXX object lib/adskHydraSceneBrowser/lib/CMakeFiles/adskHydraSceneBrowser.dir/src/patch/sceneIndexObserverLoggingTreeView.cpp.o
[2023-11-23T16:41:56.071Z]     [101/108] Building CXX object lib/adskHydraSceneBrowser/lib/CMakeFiles/adskHydraSceneBrowser.dir/src/patch/sceneIndexTreeWidget.cpp.o
[2023-11-23T16:41:56.071Z]     [102/108] Building CXX object lib/adskHydraSceneBrowser/lib/CMakeFiles/adskHydraSceneBrowser.dir/src/patch/dataSourceValueTreeView.cpp.o
[2023-11-23T16:41:56.614Z]     [103/108] Building CXX object lib/adskHydraSceneBrowser/lib/CMakeFiles/adskHydraSceneBrowser.dir/src/patch/dataSourceTreeWidget.cpp.o
[2023-11-23T16:41:57.156Z]     [104/108] Linking CXX shared library lib/adskHydraSceneBrowser/lib/libadskHydraSceneBrowser.so
[2023-11-23T16:41:57.696Z]     [105/108] Linking CXX shared library plugin/mayaHydraSceneBrowser/mayaHydraSceneBrowser.so
[2023-11-23T16:42:01.969Z]     [106/108] Building CXX object lib/adskHydraSceneBrowser/test/CMakeFiles/adskHydraSceneBrowserTesting.dir/adskHydraSceneBrowserTestFixture.cpp.o
[2023-11-23T16:42:01.969Z]     [107/108] Linking CXX shared library lib/adskHydraSceneBrowser/test/libadskHydraSceneBrowserTesting.so
[2023-11-23T16:42:02.515Z]     [108/108] Linking CXX shared library plugin/mayaHydraSceneBrowserTest/mayaHydraSceneBrowserTest.so
[2023-11-23T16:42:02.515Z]     
[2023-11-23T16:42:02.515Z]         Building with settings:
[2023-11-23T16:42:02.515Z]           Source directory          /home/S/jenkins/workspace/ECP/ecg-maya-hydra/ecg-maya-hydra-branch-preflight-python3-linux/ecg-maya-hydra/maya-hydra
[2023-11-23T16:42:02.515Z]           Workspace directory       /local/S/jenkins/workspace/ECP/ecg-maya-hydra/ecg-maya-hydra-branch-preflight-python3-linux
[2023-11-23T16:42:02.515Z]           Build directory           /local/S/jenkins/workspace/ECP/ecg-maya-hydra/ecg-maya-hydra-branch-preflight-python3-linux/build/RelWithDebInfo
[2023-11-23T16:42:02.515Z]           Install directory         /local/S/jenkins/workspace/ECP/ecg-maya-hydra/ecg-maya-hydra-branch-preflight-python3-linux/install/RelWithDebInfo/MayaHydra
[2023-11-23T16:42:02.515Z]           Variant                   RelWithDebInfo
[2023-11-23T16:42:02.515Z]           Python Debug              Off
[2023-11-23T16:42:02.515Z]           CMake generator           Ninja
[2023-11-23T16:42:02.515Z]           Build arguments           ['-DCMAKE_MAKE_PROGRAM=/local/S/jenkins/workspace/shared/Artifactory/Linux/ninja/1.10.2/9ab399b/ninja', '-DPYTHON_INCLUDE_DIR=/local/S/jenkins/workspace/shared/Artifactory/Linux/rundev-master/202311221838/runtime/51417e5/runTime/include/Python311/Python', '-DPython_EXECUTABLE=/local/S/jenkins/workspace/shared/Artifactory/Linux/rundev-master/202311221838/runtime/51417e5/runTime/bin/mayapy', '-DPYTHON_LIBRARIES=/local/S/jenkins/workspace/shared/Artifactory/Linux/rundev-master/202311221838/runtime/51417e5/runTime/lib/libpython3.11.so.1.0', '-DBUILD_WITH_PYTHON_3_VERSION=3.11', '-DCMAKE_WANT_MATERIALX_BUILD=ON', '-DCMAKE_PREFIX_PATH=/local/S/jenkins/workspace/shared/Artifactory/Linux/USD/1a43c47', '-DMAYAHYDRA_BUILD_NUMBER=415', '-DMAYAHYDRA_GIT_COMMIT=80e98c2c5a49cd0b6d7d4b6b3462972d9bcefbfa', '-DMAYAHYDRA_GIT_BRANCH=master']
[2023-11-23T16:42:02.516Z]           Stages arguments          ['build']
[2023-11-23T16:42:02.516Z]           CTest arguments           ['--parallel 16']
[2023-11-23T16:42:02.516Z]     Success MayaHydra build and install !!!!
[2023-11-23T16:42:02.516Z]     Elapsed time: 00:00:37
[Pipeline] }
[Pipeline] // withEnv
[Pipeline] }
[Pipeline] // timeout
[Pipeline] }
[Pipeline] // stage
[Pipeline] }
[Pipeline] // timestamps
[Pipeline] timestamps
[Pipeline] {
[Pipeline] stage
[Pipeline] { (Install)
[Pipeline] timeout
[2023-11-23T16:42:02.878Z] Timeout set to expire in 6 hr 0 min
[Pipeline] {
[Pipeline] withEnv
[Pipeline] {
[Pipeline] sh
[2023-11-23T16:42:04.264Z] + scl enable gcc-toolset-11 -
[2023-11-23T16:42:04.264Z] + '[' enable = load -o enable = unload ']'
[2023-11-23T16:42:04.264Z] + /usr/bin/scl enable gcc-toolset-11 -
[2023-11-23T16:42:04.264Z] python ecg-maya-hydra/build.py --stages=install --workspace-dir=/local/S/jenkins/workspace/ECP/ecg-maya-hydra/ecg-maya-hydra-branch-preflight-python3-linux --artifactory-dir=/local/S/jenkins/workspace/shared/Artifactory --build-dir=/local/S/jenkins/workspace/ECP/ecg-maya-hydra/ecg-maya-hydra-branch-preflight-python3-linux/build --install-dir=/local/S/jenkins/workspace/ECP/ecg-maya-hydra/ecg-maya-hydra-branch-preflight-python3-linux/install --signing-dir=/local/S/jenkins/workspace/ECP/ecg-maya-hydra/ecg-maya-hydra-branch-preflight-python3-linux/signing --package-dir=/local/S/jenkins/workspace/ECP/ecg-maya-hydra/ecg-maya-hydra-branch-preflight-python3-linux/package --output-dir=/local/S/jenkins/workspace/ECP/ecg-maya-hydra/ecg-maya-hydra-branch-preflight-python3-linux/output --stash-dir=/local/S/jenkins/workspace/ECP/ecg-maya-hydra/ecg-maya-hydra-branch-preflight-python3-linux/stash --jenkins-build=415 --git-commit=80e98c2c5a49cd0b6d7d4b6b3462972d9bcefbfa --git-branch=master --variants=Debug --interactive-tests=true --post-zips=false --osx-binary-architecture-target=ub2 --osx-deployment-target=11.0 --osx-base-sdk=CurrentActiveSDK --maya-cut-config=maya-rundev-master-debug.yaml --maya-package=rundev-master-debug --stage-banner
[2023-11-23T16:42:04.264Z] Using Maya cut from /local/S/jenkins/workspace/shared/Artifactory/Linux/rundev-master-debug/202311220725/runtime/79eb375
[2023-11-23T16:42:04.264Z] 
[2023-11-23T16:42:04.264Z] ================================================================================
[2023-11-23T16:42:04.264Z]                                 install (Debug)
[2023-11-23T16:42:04.264Z] ================================================================================
[2023-11-23T16:42:04.264Z] Maya Python Debug Info:
[2023-11-23T16:42:04.264Z]   mayapy executable   = /local/S/jenkins/workspace/shared/Artifactory/Linux/rundev-master-debug/202311220725/runtime/79eb375/runTime/bin/mayapy
[2023-11-23T16:42:04.264Z]   Include Folder      = /local/S/jenkins/workspace/shared/Artifactory/Linux/rundev-master-debug/202311220725/runtime/79eb375/runTime/include/Python311/Python
[2023-11-23T16:42:04.264Z]   Library             = /local/S/jenkins/workspace/shared/Artifactory/Linux/rundev-master-debug/202311220725/runtime/79eb375/runTime/lib/libpython3.11d.so.1.0
[2023-11-23T16:42:04.264Z]   site-package Folder = /local/S/jenkins/workspace/shared/Artifactory/Linux/rundev-master-debug/202311220725/runtime/79eb375/runTime/lib/python3.11/site-packages
[2023-11-23T16:42:05.400Z] In workdir: /home/S/jenkins/workspace/ECP/ecg-maya-hydra/ecg-maya-hydra-branch-preflight-python3-linux/ecg-maya-hydra/maya-hydra
[2023-11-23T16:42:05.400Z] Executing: /local/S/jenkins/workspace/shared/Artifactory/Linux/rundev-master-debug/202311220725/runtime/79eb375/runTime/bin/mayapy /home/S/jenkins/workspace/ECP/ecg-maya-hydra/ecg-maya-hydra-branch-preflight-python3-linux/ecg-maya-hydra/maya-hydra/build.py --generator Ninja --build-debug --maya-location /local/S/jenkins/workspace/shared/Artifactory/Linux/rundev-master-debug/202311220725/runtime/79eb375/runTime --devkit-location /local/S/jenkins/workspace/shared/Artifactory/Linux/rundev-master-debug/202311220725/runtime/79eb375/devkitBase --pxrusd-location /local/S/jenkins/workspace/shared/Artifactory/Linux/USD/e5ad5df --build-args=-DCMAKE_MAKE_PROGRAM=/local/S/jenkins/workspace/shared/Artifactory/Linux/ninja/1.10.2/9ab399b/ninja,-DPYTHON_INCLUDE_DIR=/local/S/jenkins/workspace/shared/Artifactory/Linux/rundev-master-debug/202311220725/runtime/79eb375/runTime/include/Python311/Python,-DPython_EXECUTABLE=/local/S/jenkins/workspace/shared/Artifactory/Linux/rundev-master-debug/202311220725/runtime/79eb375/runTime/bin/mayapy,-DPYTHON_LIBRARIES=/local/S/jenkins/workspace/shared/Artifactory/Linux/rundev-master-debug/202311220725/runtime/79eb375/runTime/lib/libpython3.11d.so.1.0,-DBUILD_WITH_PYTHON_3_VERSION=3.11,-DCMAKE_WANT_MATERIALX_BUILD=ON,-DCMAKE_PREFIX_PATH=/local/S/jenkins/workspace/shared/Artifactory/Linux/USD/e5ad5df,-DMAYAHYDRA_BUILD_NUMBER=415,-DMAYAHYDRA_GIT_COMMIT=80e98c2c5a49cd0b6d7d4b6b3462972d9bcefbfa,-DMAYAHYDRA_GIT_BRANCH=master --debug-python '--ctest-args=--parallel 16' --stages=install --redirect-outstream-file=False --install-location /local/S/jenkins/workspace/ECP/ecg-maya-hydra/ecg-maya-hydra-branch-preflight-python3-linux/install/Debug/MayaHydra /local/S/jenkins/workspace/ECP/ecg-maya-hydra/ecg-maya-hydra-branch-preflight-python3-linux
[2023-11-23T16:42:05.400Z] Modified environment variables:
[2023-11-23T16:42:05.400Z]     LD_LIBRARY_PATH=/opt/rh/gcc-toolset-11/root/usr/lib64:/opt/rh/gcc-toolset-11/root/usr/lib64:/opt/rh/gcc-toolset-11/root/usr/lib:/opt/rh/gcc-toolset-11/root/usr/lib64/dyninst:/opt/rh/gcc-toolset-11/root/usr/lib/dyninst
[2023-11-23T16:42:05.400Z]     PATH=/local/S/jenkins/workspace/shared/Artifactory/Linux/cmake/3.20.3/ab685d7/bin:/opt/rh/gcc-toolset-11/root/usr/bin:/home/administrator/.local/bin:/home/administrator/bin:/usr/share/Modules/bin:/usr/local/bin:/usr/local/sbin:/usr/bin:/usr/sbin
[2023-11-23T16:42:05.400Z]     [0/1] Install the project...
[2023-11-23T16:42:05.400Z]     -- Install configuration: "Debug"
[2023-11-23T16:42:05.400Z]     -- Set runtime path of "/local/S/jenkins/workspace/ECP/ecg-maya-hydra/ecg-maya-hydra-branch-preflight-python3-linux/install/Debug/MayaHydra/lib/maya/mayaHydraCppTests.so" to "$ORIGIN/../gtest:/local/S/jenkins/workspace/shared/Artifactory/Linux/USD/e5ad5df/lib:/local/S/jenkins/workspace/shared/Artifactory/Linux/rundev-master-debug/202311220725/runtime/79eb375/devkitBase/devkit/ufe/lib:/local/S/jenkins/workspace/shared/Artifactory/Linux/rundev-master-debug/202311220725/runtime/79eb375/runTime/lib"
[2023-11-23T16:42:05.400Z]     -- Set runtime path of "/local/S/jenkins/workspace/ECP/ecg-maya-hydra/ecg-maya-hydra-branch-preflight-python3-linux/install/Debug/MayaHydra/lib/maya/mayaHydra.so" to "$ORIGIN/../../../../../../../../../../../../home/S/jenkins/workspace/shared/Artifactory/Linux/USD/e5ad5df/lib:$ORIGIN/..:/local/S/jenkins/workspace/shared/Artifactory/Linux/rundev-master-debug/202311220725/runtime/79eb375/devkitBase/devkit/ufe/lib:/local/S/jenkins/workspace/shared/Artifactory/Linux/USD/e5ad5df/lib:/local/S/jenkins/workspace/shared/Artifactory/Linux/rundev-master-debug/202311220725/runtime/79eb375/runTime/lib"
[2023-11-23T16:42:05.941Z]     -- Set runtime path of "/local/S/jenkins/workspace/ECP/ecg-maya-hydra/ecg-maya-hydra-branch-preflight-python3-linux/install/Debug/MayaHydra/lib/libmayaHydraLib.so" to ""
[2023-11-23T16:42:05.941Z]     -- Set runtime path of "/local/S/jenkins/workspace/ECP/ecg-maya-hydra/ecg-maya-hydra-branch-preflight-python3-linux/install/Debug/MayaHydra/lib/libufeExtensions.so" to ""
[2023-11-23T16:42:05.941Z]     -- Set runtime path of "/local/S/jenkins/workspace/ECP/ecg-maya-hydra/ecg-maya-hydra-branch-preflight-python3-linux/install/Debug/MayaHydra/lib/libflowViewport.so" to ""
[2023-11-23T16:42:05.942Z]     -- Set runtime path of "/local/S/jenkins/workspace/ECP/ecg-maya-hydra/ecg-maya-hydra-branch-preflight-python3-linux/install/Debug/MayaHydra/lib/libadskHydraSceneBrowser.so" to ""
[2023-11-23T16:42:05.942Z]     -- Set runtime path of "/local/S/jenkins/workspace/ECP/ecg-maya-hydra/ecg-maya-hydra-branch-preflight-python3-linux/install/Debug/MayaHydra/lib/libadskHydraSceneBrowserTesting.so" to "$ORIGIN/gtest:/local/S/jenkins/workspace/shared/Artifactory/Linux/USD/e5ad5df/lib:/local/S/jenkins/workspace/shared/Artifactory/Linux/rundev-master-debug/202311220725/runtime/79eb375/devkitBase/Qt/lib"
[2023-11-23T16:42:05.942Z]     -- Set runtime path of "/local/S/jenkins/workspace/ECP/ecg-maya-hydra/ecg-maya-hydra-branch-preflight-python3-linux/install/Debug/MayaHydra/lib/maya/mayaHydraSceneBrowser.so" to "$ORIGIN/..:/local/S/jenkins/workspace/shared/Artifactory/Linux/USD/e5ad5df/lib:/local/S/jenkins/workspace/shared/Artifactory/Linux/rundev-master-debug/202311220725/runtime/79eb375/devkitBase/devkit/ufe/lib:/local/S/jenkins/workspace/shared/Artifactory/Linux/rundev-master-debug/202311220725/runtime/79eb375/devkitBase/Qt/lib:/local/S/jenkins/workspace/shared/Artifactory/Linux/rundev-master-debug/202311220725/runtime/79eb375/runTime/lib"
[2023-11-23T16:42:05.942Z]     -- Set runtime path of "/local/S/jenkins/workspace/ECP/ecg-maya-hydra/ecg-maya-hydra-branch-preflight-python3-linux/install/Debug/MayaHydra/lib/maya/mayaHydraSceneBrowserTest.so" to "$ORIGIN/..:$ORIGIN/../gtest:/local/S/jenkins/workspace/shared/Artifactory/Linux/USD/e5ad5df/lib:/local/S/jenkins/workspace/shared/Artifactory/Linux/rundev-master-debug/202311220725/runtime/79eb375/devkitBase/Qt/lib:/local/S/jenkins/workspace/shared/Artifactory/Linux/rundev-master-debug/202311220725/runtime/79eb375/devkitBase/devkit/ufe/lib:/local/S/jenkins/workspace/shared/Artifactory/Linux/rundev-master-debug/202311220725/runtime/79eb375/runTime/lib"
[2023-11-23T16:42:05.942Z]     
[2023-11-23T16:42:05.942Z]         Building with settings:
[2023-11-23T16:42:05.942Z]           Source directory          /home/S/jenkins/workspace/ECP/ecg-maya-hydra/ecg-maya-hydra-branch-preflight-python3-linux/ecg-maya-hydra/maya-hydra
[2023-11-23T16:42:05.942Z]           Workspace directory       /local/S/jenkins/workspace/ECP/ecg-maya-hydra/ecg-maya-hydra-branch-preflight-python3-linux
[2023-11-23T16:42:05.942Z]           Build directory           /local/S/jenkins/workspace/ECP/ecg-maya-hydra/ecg-maya-hydra-branch-preflight-python3-linux/build/Debug
[2023-11-23T16:42:05.942Z]           Install directory         /local/S/jenkins/workspace/ECP/ecg-maya-hydra/ecg-maya-hydra-branch-preflight-python3-linux/install/Debug/MayaHydra
[2023-11-23T16:42:05.942Z]           Variant                   Debug
[2023-11-23T16:42:05.942Z]           Python Debug              On
[2023-11-23T16:42:05.942Z]           CMake generator           Ninja
[2023-11-23T16:42:05.942Z]           Build arguments           ['-DCMAKE_MAKE_PROGRAM=/local/S/jenkins/workspace/shared/Artifactory/Linux/ninja/1.10.2/9ab399b/ninja', '-DPYTHON_INCLUDE_DIR=/local/S/jenkins/workspace/shared/Artifactory/Linux/rundev-master-debug/202311220725/runtime/79eb375/runTime/include/Python311/Python', '-DPython_EXECUTABLE=/local/S/jenkins/workspace/shared/Artifactory/Linux/rundev-master-debug/202311220725/runtime/79eb375/runTime/bin/mayapy', '-DPYTHON_LIBRARIES=/local/S/jenkins/workspace/shared/Artifactory/Linux/rundev-master-debug/202311220725/runtime/79eb375/runTime/lib/libpython3.11d.so.1.0', '-DBUILD_WITH_PYTHON_3_VERSION=3.11', '-DCMAKE_WANT_MATERIALX_BUILD=ON', '-DCMAKE_PREFIX_PATH=/local/S/jenkins/workspace/shared/Artifactory/Linux/USD/e5ad5df', '-DMAYAHYDRA_BUILD_NUMBER=415', '-DMAYAHYDRA_GIT_COMMIT=80e98c2c5a49cd0b6d7d4b6b3462972d9bcefbfa', '-DMAYAHYDRA_GIT_BRANCH=master']
[2023-11-23T16:42:05.942Z]           Stages arguments          ['install']
[2023-11-23T16:42:05.942Z]           CTest arguments           ['--parallel 16']
[2023-11-23T16:42:05.942Z]     Success MayaHydra build and install !!!!
[2023-11-23T16:42:05.942Z]     Elapsed time: 00:00:00
[Pipeline] sh
[2023-11-23T16:42:07.384Z] + scl enable gcc-toolset-11 -
[2023-11-23T16:42:07.384Z] + '[' enable = load -o enable = unload ']'
[2023-11-23T16:42:07.384Z] + /usr/bin/scl enable gcc-toolset-11 -
[2023-11-23T16:42:07.384Z] python ecg-maya-hydra/build.py --stages=install --workspace-dir=/local/S/jenkins/workspace/ECP/ecg-maya-hydra/ecg-maya-hydra-branch-preflight-python3-linux --artifactory-dir=/local/S/jenkins/workspace/shared/Artifactory --build-dir=/local/S/jenkins/workspace/ECP/ecg-maya-hydra/ecg-maya-hydra-branch-preflight-python3-linux/build --install-dir=/local/S/jenkins/workspace/ECP/ecg-maya-hydra/ecg-maya-hydra-branch-preflight-python3-linux/install --signing-dir=/local/S/jenkins/workspace/ECP/ecg-maya-hydra/ecg-maya-hydra-branch-preflight-python3-linux/signing --package-dir=/local/S/jenkins/workspace/ECP/ecg-maya-hydra/ecg-maya-hydra-branch-preflight-python3-linux/package --output-dir=/local/S/jenkins/workspace/ECP/ecg-maya-hydra/ecg-maya-hydra-branch-preflight-python3-linux/output --stash-dir=/local/S/jenkins/workspace/ECP/ecg-maya-hydra/ecg-maya-hydra-branch-preflight-python3-linux/stash --jenkins-build=415 --git-commit=80e98c2c5a49cd0b6d7d4b6b3462972d9bcefbfa --git-branch=master --variants=RelWithDebInfo --interactive-tests=true --post-zips=false --osx-binary-architecture-target=ub2 --osx-deployment-target=11.0 --osx-base-sdk=CurrentActiveSDK --maya-cut-config=maya-rundev-master.yaml --maya-package=rundev-master --stage-banner
[2023-11-23T16:42:07.384Z] Using Maya cut from /local/S/jenkins/workspace/shared/Artifactory/Linux/rundev-master/202311221838/runtime/51417e5
[2023-11-23T16:42:07.384Z] 
[2023-11-23T16:42:07.384Z] ================================================================================
[2023-11-23T16:42:07.384Z]                             install (RelWithDebInfo)
[2023-11-23T16:42:07.384Z] ================================================================================
[2023-11-23T16:42:07.384Z] Maya Python RelWithDebInfo Info:
[2023-11-23T16:42:07.384Z]   mayapy executable   = /local/S/jenkins/workspace/shared/Artifactory/Linux/rundev-master/202311221838/runtime/51417e5/runTime/bin/mayapy
[2023-11-23T16:42:07.384Z]   Include Folder      = /local/S/jenkins/workspace/shared/Artifactory/Linux/rundev-master/202311221838/runtime/51417e5/runTime/include/Python311/Python
[2023-11-23T16:42:07.384Z]   Library             = /local/S/jenkins/workspace/shared/Artifactory/Linux/rundev-master/202311221838/runtime/51417e5/runTime/lib/libpython3.11.so.1.0
[2023-11-23T16:42:07.384Z]   site-package Folder = /local/S/jenkins/workspace/shared/Artifactory/Linux/rundev-master/202311221838/runtime/51417e5/runTime/lib/python3.11/site-packages
[2023-11-23T16:42:07.926Z] In workdir: /home/S/jenkins/workspace/ECP/ecg-maya-hydra/ecg-maya-hydra-branch-preflight-python3-linux/ecg-maya-hydra/maya-hydra
[2023-11-23T16:42:07.926Z] Executing: /local/S/jenkins/workspace/shared/Artifactory/Linux/rundev-master/202311221838/runtime/51417e5/runTime/bin/mayapy /home/S/jenkins/workspace/ECP/ecg-maya-hydra/ecg-maya-hydra-branch-preflight-python3-linux/ecg-maya-hydra/maya-hydra/build.py --generator Ninja --build-relwithdebug --maya-location /local/S/jenkins/workspace/shared/Artifactory/Linux/rundev-master/202311221838/runtime/51417e5/runTime --devkit-location /local/S/jenkins/workspace/shared/Artifactory/Linux/rundev-master/202311221838/runtime/51417e5/devkitBase --pxrusd-location /local/S/jenkins/workspace/shared/Artifactory/Linux/USD/1a43c47 --build-args=-DCMAKE_MAKE_PROGRAM=/local/S/jenkins/workspace/shared/Artifactory/Linux/ninja/1.10.2/9ab399b/ninja,-DPYTHON_INCLUDE_DIR=/local/S/jenkins/workspace/shared/Artifactory/Linux/rundev-master/202311221838/runtime/51417e5/runTime/include/Python311/Python,-DPython_EXECUTABLE=/local/S/jenkins/workspace/shared/Artifactory/Linux/rundev-master/202311221838/runtime/51417e5/runTime/bin/mayapy,-DPYTHON_LIBRARIES=/local/S/jenkins/workspace/shared/Artifactory/Linux/rundev-master/202311221838/runtime/51417e5/runTime/lib/libpython3.11.so.1.0,-DBUILD_WITH_PYTHON_3_VERSION=3.11,-DCMAKE_WANT_MATERIALX_BUILD=ON,-DCMAKE_PREFIX_PATH=/local/S/jenkins/workspace/shared/Artifactory/Linux/USD/1a43c47,-DMAYAHYDRA_BUILD_NUMBER=415,-DMAYAHYDRA_GIT_COMMIT=80e98c2c5a49cd0b6d7d4b6b3462972d9bcefbfa,-DMAYAHYDRA_GIT_BRANCH=master '--ctest-args=--parallel 16' --stages=install --redirect-outstream-file=False --install-location /local/S/jenkins/workspace/ECP/ecg-maya-hydra/ecg-maya-hydra-branch-preflight-python3-linux/install/RelWithDebInfo/MayaHydra /local/S/jenkins/workspace/ECP/ecg-maya-hydra/ecg-maya-hydra-branch-preflight-python3-linux
[2023-11-23T16:42:07.926Z] Modified environment variables:
[2023-11-23T16:42:07.926Z]     LD_LIBRARY_PATH=/opt/rh/gcc-toolset-11/root/usr/lib64:/opt/rh/gcc-toolset-11/root/usr/lib64:/opt/rh/gcc-toolset-11/root/usr/lib:/opt/rh/gcc-toolset-11/root/usr/lib64/dyninst:/opt/rh/gcc-toolset-11/root/usr/lib/dyninst
[2023-11-23T16:42:07.926Z]     PATH=/local/S/jenkins/workspace/shared/Artifactory/Linux/cmake/3.20.3/ab685d7/bin:/opt/rh/gcc-toolset-11/root/usr/bin:/home/administrator/.local/bin:/home/administrator/bin:/usr/share/Modules/bin:/usr/local/bin:/usr/local/sbin:/usr/bin:/usr/sbin
[2023-11-23T16:42:07.926Z]     [0/1] Install the project...
[2023-11-23T16:42:07.926Z]     -- Install configuration: "RelWithDebInfo"
[2023-11-23T16:42:07.926Z]     -- Set runtime path of "/local/S/jenkins/workspace/ECP/ecg-maya-hydra/ecg-maya-hydra-branch-preflight-python3-linux/install/RelWithDebInfo/MayaHydra/lib/maya/mayaHydraCppTests.so" to "$ORIGIN/../gtest:/local/S/jenkins/workspace/shared/Artifactory/Linux/USD/1a43c47/lib:/local/S/jenkins/workspace/shared/Artifactory/Linux/rundev-master/202311221838/runtime/51417e5/devkitBase/devkit/ufe/lib:/local/S/jenkins/workspace/shared/Artifactory/Linux/rundev-master/202311221838/runtime/51417e5/runTime/lib"
[2023-11-23T16:42:07.926Z]     -- Set runtime path of "/local/S/jenkins/workspace/ECP/ecg-maya-hydra/ecg-maya-hydra-branch-preflight-python3-linux/install/RelWithDebInfo/MayaHydra/lib/maya/mayaHydra.so" to "$ORIGIN/../../../../../../../../../../../../home/S/jenkins/workspace/shared/Artifactory/Linux/USD/1a43c47/lib:$ORIGIN/..:/local/S/jenkins/workspace/shared/Artifactory/Linux/rundev-master/202311221838/runtime/51417e5/devkitBase/devkit/ufe/lib:/local/S/jenkins/workspace/shared/Artifactory/Linux/USD/1a43c47/lib:/local/S/jenkins/workspace/shared/Artifactory/Linux/rundev-master/202311221838/runtime/51417e5/runTime/lib"
[2023-11-23T16:42:07.926Z]     -- Set runtime path of "/local/S/jenkins/workspace/ECP/ecg-maya-hydra/ecg-maya-hydra-branch-preflight-python3-linux/install/RelWithDebInfo/MayaHydra/lib/libmayaHydraLib.so" to ""
[2023-11-23T16:42:07.926Z]     -- Set runtime path of "/local/S/jenkins/workspace/ECP/ecg-maya-hydra/ecg-maya-hydra-branch-preflight-python3-linux/install/RelWithDebInfo/MayaHydra/lib/libufeExtensions.so" to ""
[2023-11-23T16:42:07.926Z]     -- Set runtime path of "/local/S/jenkins/workspace/ECP/ecg-maya-hydra/ecg-maya-hydra-branch-preflight-python3-linux/install/RelWithDebInfo/MayaHydra/lib/libflowViewport.so" to ""
[2023-11-23T16:42:07.926Z]     -- Set runtime path of "/local/S/jenkins/workspace/ECP/ecg-maya-hydra/ecg-maya-hydra-branch-preflight-python3-linux/install/RelWithDebInfo/MayaHydra/lib/libadskHydraSceneBrowser.so" to ""
[2023-11-23T16:42:07.926Z]     -- Set runtime path of "/local/S/jenkins/workspace/ECP/ecg-maya-hydra/ecg-maya-hydra-branch-preflight-python3-linux/install/RelWithDebInfo/MayaHydra/lib/libadskHydraSceneBrowserTesting.so" to "$ORIGIN/gtest:/local/S/jenkins/workspace/shared/Artifactory/Linux/USD/1a43c47/lib:/local/S/jenkins/workspace/shared/Artifactory/Linux/rundev-master/202311221838/runtime/51417e5/devkitBase/Qt/lib"
[2023-11-23T16:42:07.926Z]     -- Set runtime path of "/local/S/jenkins/workspace/ECP/ecg-maya-hydra/ecg-maya-hydra-branch-preflight-python3-linux/install/RelWithDebInfo/MayaHydra/lib/maya/mayaHydraSceneBrowser.so" to "$ORIGIN/..:/local/S/jenkins/workspace/shared/Artifactory/Linux/USD/1a43c47/lib:/local/S/jenkins/workspace/shared/Artifactory/Linux/rundev-master/202311221838/runtime/51417e5/devkitBase/devkit/ufe/lib:/local/S/jenkins/workspace/shared/Artifactory/Linux/rundev-master/202311221838/runtime/51417e5/devkitBase/Qt/lib:/local/S/jenkins/workspace/shared/Artifactory/Linux/rundev-master/202311221838/runtime/51417e5/runTime/lib"
[2023-11-23T16:42:07.926Z]     -- Set runtime path of "/local/S/jenkins/workspace/ECP/ecg-maya-hydra/ecg-maya-hydra-branch-preflight-python3-linux/install/RelWithDebInfo/MayaHydra/lib/maya/mayaHydraSceneBrowserTest.so" to "$ORIGIN/..:$ORIGIN/../gtest:/local/S/jenkins/workspace/shared/Artifactory/Linux/USD/1a43c47/lib:/local/S/jenkins/workspace/shared/Artifactory/Linux/rundev-master/202311221838/runtime/51417e5/devkitBase/Qt/lib:/local/S/jenkins/workspace/shared/Artifactory/Linux/rundev-master/202311221838/runtime/51417e5/devkitBase/devkit/ufe/lib:/local/S/jenkins/workspace/shared/Artifactory/Linux/rundev-master/202311221838/runtime/51417e5/runTime/lib"
[2023-11-23T16:42:08.146Z]     
[2023-11-23T16:42:08.146Z]         Building with settings:
[2023-11-23T16:42:08.146Z]           Source directory          /home/S/jenkins/workspace/ECP/ecg-maya-hydra/ecg-maya-hydra-branch-preflight-python3-linux/ecg-maya-hydra/maya-hydra
[2023-11-23T16:42:08.146Z]           Workspace directory       /local/S/jenkins/workspace/ECP/ecg-maya-hydra/ecg-maya-hydra-branch-preflight-python3-linux
[2023-11-23T16:42:08.146Z]           Build directory           /local/S/jenkins/workspace/ECP/ecg-maya-hydra/ecg-maya-hydra-branch-preflight-python3-linux/build/RelWithDebInfo
[2023-11-23T16:42:08.146Z]           Install directory         /local/S/jenkins/workspace/ECP/ecg-maya-hydra/ecg-maya-hydra-branch-preflight-python3-linux/install/RelWithDebInfo/MayaHydra
[2023-11-23T16:42:08.146Z]           Variant                   RelWithDebInfo
[2023-11-23T16:42:08.146Z]           Python Debug              Off
[2023-11-23T16:42:08.146Z]           CMake generator           Ninja
[2023-11-23T16:42:08.146Z]           Build arguments           ['-DCMAKE_MAKE_PROGRAM=/local/S/jenkins/workspace/shared/Artifactory/Linux/ninja/1.10.2/9ab399b/ninja', '-DPYTHON_INCLUDE_DIR=/local/S/jenkins/workspace/shared/Artifactory/Linux/rundev-master/202311221838/runtime/51417e5/runTime/include/Python311/Python', '-DPython_EXECUTABLE=/local/S/jenkins/workspace/shared/Artifactory/Linux/rundev-master/202311221838/runtime/51417e5/runTime/bin/mayapy', '-DPYTHON_LIBRARIES=/local/S/jenkins/workspace/shared/Artifactory/Linux/rundev-master/202311221838/runtime/51417e5/runTime/lib/libpython3.11.so.1.0', '-DBUILD_WITH_PYTHON_3_VERSION=3.11', '-DCMAKE_WANT_MATERIALX_BUILD=ON', '-DCMAKE_PREFIX_PATH=/local/S/jenkins/workspace/shared/Artifactory/Linux/USD/1a43c47', '-DMAYAHYDRA_BUILD_NUMBER=415', '-DMAYAHYDRA_GIT_COMMIT=80e98c2c5a49cd0b6d7d4b6b3462972d9bcefbfa', '-DMAYAHYDRA_GIT_BRANCH=master']
[2023-11-23T16:42:08.146Z]           Stages arguments          ['install']
[2023-11-23T16:42:08.146Z]           CTest arguments           ['--parallel 16']
[2023-11-23T16:42:08.146Z]     Success MayaHydra build and install !!!!
[2023-11-23T16:42:08.146Z]     Elapsed time: 00:00:00
[Pipeline] }
[Pipeline] // withEnv
[Pipeline] }
[Pipeline] // timeout
[Pipeline] }
[Pipeline] // stage
[Pipeline] }
[Pipeline] // timestamps
[Pipeline] timestamps
[Pipeline] {
[Pipeline] stage
[Pipeline] { (Test)
[Pipeline] timeout
[2023-11-23T16:42:08.280Z] Timeout set to expire in 6 hr 0 min
[Pipeline] {
[Pipeline] withEnv
[Pipeline] {
[Pipeline] sh
[2023-11-23T16:42:09.451Z] + scl enable gcc-toolset-11 -
[2023-11-23T16:42:09.451Z] + '[' enable = load -o enable = unload ']'
[2023-11-23T16:42:09.451Z] + /usr/bin/scl enable gcc-toolset-11 -
[2023-11-23T16:42:09.451Z] python ecg-maya-hydra/build.py --stages=test --workspace-dir=/local/S/jenkins/workspace/ECP/ecg-maya-hydra/ecg-maya-hydra-branch-preflight-python3-linux --artifactory-dir=/local/S/jenkins/workspace/shared/Artifactory --build-dir=/local/S/jenkins/workspace/ECP/ecg-maya-hydra/ecg-maya-hydra-branch-preflight-python3-linux/build --install-dir=/local/S/jenkins/workspace/ECP/ecg-maya-hydra/ecg-maya-hydra-branch-preflight-python3-linux/install --signing-dir=/local/S/jenkins/workspace/ECP/ecg-maya-hydra/ecg-maya-hydra-branch-preflight-python3-linux/signing --package-dir=/local/S/jenkins/workspace/ECP/ecg-maya-hydra/ecg-maya-hydra-branch-preflight-python3-linux/package --output-dir=/local/S/jenkins/workspace/ECP/ecg-maya-hydra/ecg-maya-hydra-branch-preflight-python3-linux/output --stash-dir=/local/S/jenkins/workspace/ECP/ecg-maya-hydra/ecg-maya-hydra-branch-preflight-python3-linux/stash --jenkins-build=415 --git-commit=80e98c2c5a49cd0b6d7d4b6b3462972d9bcefbfa --git-branch=master --variants=RelWithDebInfo --interactive-tests=true --post-zips=false --osx-binary-architecture-target=ub2 --osx-deployment-target=11.0 --osx-base-sdk=CurrentActiveSDK --test-jobs=0 --failed-test-retry=3 --maya-cut-config=maya-rundev-master.yaml --maya-package=rundev-master --stage-banner --progressive-timeout
[2023-11-23T16:42:09.451Z] Using Maya cut from /local/S/jenkins/workspace/shared/Artifactory/Linux/rundev-master/202311221838/runtime/51417e5
[2023-11-23T16:42:09.451Z] 
[2023-11-23T16:42:09.451Z] ================================================================================
[2023-11-23T16:42:09.451Z]                              test (RelWithDebInfo)
[2023-11-23T16:42:09.451Z] ================================================================================
[2023-11-23T16:42:09.451Z] Maya Python RelWithDebInfo Info:
[2023-11-23T16:42:09.451Z]   mayapy executable   = /local/S/jenkins/workspace/shared/Artifactory/Linux/rundev-master/202311221838/runtime/51417e5/runTime/bin/mayapy
[2023-11-23T16:42:09.451Z]   Include Folder      = /local/S/jenkins/workspace/shared/Artifactory/Linux/rundev-master/202311221838/runtime/51417e5/runTime/include/Python311/Python
[2023-11-23T16:42:09.451Z]   Library             = /local/S/jenkins/workspace/shared/Artifactory/Linux/rundev-master/202311221838/runtime/51417e5/runTime/lib/libpython3.11.so.1.0
[2023-11-23T16:42:09.451Z]   site-package Folder = /local/S/jenkins/workspace/shared/Artifactory/Linux/rundev-master/202311221838/runtime/51417e5/runTime/lib/python3.11/site-packages
[2023-11-23T16:42:10.002Z] In workdir: /home/S/jenkins/workspace/ECP/ecg-maya-hydra/ecg-maya-hydra-branch-preflight-python3-linux/ecg-maya-hydra/maya-hydra
[2023-11-23T16:42:10.002Z] Executing: /local/S/jenkins/workspace/shared/Artifactory/Linux/rundev-master/202311221838/runtime/51417e5/runTime/bin/mayapy /home/S/jenkins/workspace/ECP/ecg-maya-hydra/ecg-maya-hydra-branch-preflight-python3-linux/ecg-maya-hydra/maya-hydra/build.py --generator Ninja --build-relwithdebug --maya-location /local/S/jenkins/workspace/shared/Artifactory/Linux/rundev-master/202311221838/runtime/51417e5/runTime --devkit-location /local/S/jenkins/workspace/shared/Artifactory/Linux/rundev-master/202311221838/runtime/51417e5/devkitBase --pxrusd-location /local/S/jenkins/workspace/shared/Artifactory/Linux/USD/1a43c47 --build-args=-DCMAKE_MAKE_PROGRAM=/local/S/jenkins/workspace/shared/Artifactory/Linux/ninja/1.10.2/9ab399b/ninja,-DPYTHON_INCLUDE_DIR=/local/S/jenkins/workspace/shared/Artifactory/Linux/rundev-master/202311221838/runtime/51417e5/runTime/include/Python311/Python,-DPython_EXECUTABLE=/local/S/jenkins/workspace/shared/Artifactory/Linux/rundev-master/202311221838/runtime/51417e5/runTime/bin/mayapy,-DPYTHON_LIBRARIES=/local/S/jenkins/workspace/shared/Artifactory/Linux/rundev-master/202311221838/runtime/51417e5/runTime/lib/libpython3.11.so.1.0,-DBUILD_WITH_PYTHON_3_VERSION=3.11,-DCMAKE_WANT_MATERIALX_BUILD=ON,-DCMAKE_PREFIX_PATH=/local/S/jenkins/workspace/shared/Artifactory/Linux/USD/1a43c47,-DMAYAHYDRA_BUILD_NUMBER=415,-DMAYAHYDRA_GIT_COMMIT=80e98c2c5a49cd0b6d7d4b6b3462972d9bcefbfa,-DMAYAHYDRA_GIT_BRANCH=master '--ctest-args=--parallel 16' --stages=test --redirect-outstream-file=False --install-location /local/S/jenkins/workspace/ECP/ecg-maya-hydra/ecg-maya-hydra-branch-preflight-python3-linux/install/RelWithDebInfo/MayaHydra /local/S/jenkins/workspace/ECP/ecg-maya-hydra/ecg-maya-hydra-branch-preflight-python3-linux
[2023-11-23T16:42:10.002Z] Modified environment variables:
[2023-11-23T16:42:10.003Z]     LD_LIBRARY_PATH=/opt/rh/gcc-toolset-11/root/usr/lib64:/opt/rh/gcc-toolset-11/root/usr/lib64:/opt/rh/gcc-toolset-11/root/usr/lib:/opt/rh/gcc-toolset-11/root/usr/lib64/dyninst:/opt/rh/gcc-toolset-11/root/usr/lib/dyninst
[2023-11-23T16:42:10.003Z]     PATH=/local/S/jenkins/workspace/shared/Artifactory/Linux/cmake/3.20.3/ab685d7/bin:/opt/rh/gcc-toolset-11/root/usr/bin:/home/administrator/.local/bin:/home/administrator/bin:/usr/share/Modules/bin:/usr/local/bin:/usr/local/sbin:/usr/bin:/usr/sbin
[2023-11-23T16:42:10.003Z]     Test project /home/S/jenkins/workspace/ECP/ecg-maya-hydra/ecg-maya-hydra-branch-preflight-python3-linux/build/RelWithDebInfo
[2023-11-23T16:42:10.003Z]           Start  1: _Interactive_Maya
[2023-11-23T16:42:10.003Z]      1/21 Test  #1: _Interactive_Maya ...........................***Not Run (Disabled)   0.00 sec
[2023-11-23T16:42:10.003Z]           Start  2: testImageDiffing
[2023-11-23T16:42:10.003Z]           Start  3: testMtohCommand
[2023-11-23T16:42:10.003Z]           Start  4: testMeshes
[2023-11-23T16:42:10.003Z]           Start  5: testNamespaces
[2023-11-23T16:42:10.003Z]           Start  6: testVisibility
[2023-11-23T16:42:10.003Z]           Start  7: testRendererSwitching
[2023-11-23T16:42:10.003Z]           Start  8: testSceneBrowser
[2023-11-23T16:42:10.003Z]           Start  9: testStageAddPrim
[2023-11-23T16:42:10.003Z]           Start 10: testNewSceneWithStage
[2023-11-23T16:42:10.003Z]           Start 11: testDirectionalLights
[2023-11-23T16:42:10.003Z]           Start 12: testColorPreferences
[2023-11-23T16:42:10.003Z]           Start 13: testCppFramework
[2023-11-23T16:42:10.003Z]           Start 14: testMayaSceneFlattening
[2023-11-23T16:42:10.003Z]           Start 15: testMayaUsdUfeItems
[2023-11-23T16:42:10.003Z]           Start 16: testMergingSceneIndex
[2023-11-23T16:42:10.003Z]           Start 17: testSelectionSceneIndex
[2023-11-23T16:42:18.384Z]      2/21 Test  #9: testStageAddPrim ............................   Passed    8.22 sec
[2023-11-23T16:42:18.384Z]           Start 18: testWireframeSelectionHighlightSceneIndex
[2023-11-23T16:42:18.384Z]      3/21 Test #13: testCppFramework ............................   Passed    8.47 sec
[2023-11-23T16:42:18.384Z]           Start 19: testFlowViewportAPIViewportInformation
[2023-11-23T16:42:18.928Z]      4/21 Test #10: testNewSceneWithStage .......................   Passed    8.53 sec
[2023-11-23T16:42:18.928Z]           Start 20: testUsdStageLayerMuting
[2023-11-23T16:42:18.928Z]      5/21 Test  #5: testNamespaces ..............................   Passed    8.57 sec
[2023-11-23T16:42:18.928Z]           Start 21: testMeshes_meshAdapter
[2023-11-23T16:42:18.928Z]      6/21 Test  #8: testSceneBrowser ............................   Passed    8.61 sec
[2023-11-23T16:42:18.928Z]      7/21 Test #11: testDirectionalLights .......................   Passed    8.79 sec
[2023-11-23T16:42:18.928Z]      8/21 Test #17: testSelectionSceneIndex .....................   Passed    9.03 sec
[2023-11-23T16:42:19.470Z]      9/21 Test  #7: testRendererSwitching .......................   Passed    9.09 sec
[2023-11-23T16:42:19.471Z]     10/21 Test #14: testMayaSceneFlattening .....................   Passed    9.13 sec
[2023-11-23T16:42:19.471Z]     11/21 Test #15: testMayaUsdUfeItems .........................   Passed    9.26 sec
[2023-11-23T16:42:19.471Z]     12/21 Test  #4: testMeshes ..................................   Passed    9.31 sec
[2023-11-23T16:42:19.471Z]     13/21 Test #16: testMergingSceneIndex .......................   Passed    9.51 sec
[2023-11-23T16:42:19.471Z]     14/21 Test  #3: testMtohCommand .............................   Passed    9.57 sec
[2023-11-23T16:42:20.013Z]     15/21 Test  #2: testImageDiffing ............................   Passed    9.79 sec
[2023-11-23T16:42:20.013Z]     16/21 Test #12: testColorPreferences ........................   Passed    9.92 sec
[2023-11-23T16:42:21.145Z]     17/21 Test  #6: testVisibility ..............................   Passed   10.93 sec
[2023-11-23T16:42:24.624Z]     18/21 Test #18: testWireframeSelectionHighlightSceneIndex ...   Passed    6.48 sec
[2023-11-23T16:42:25.182Z]     19/21 Test #20: testUsdStageLayerMuting .....................   Passed    6.50 sec
[2023-11-23T16:42:25.728Z]     20/21 Test #21: testMeshes_meshAdapter ......................   Passed    6.80 sec
[2023-11-23T16:42:25.728Z]     21/21 Test #19: testFlowViewportAPIViewportInformation ......   Passed    7.26 sec
[2023-11-23T16:42:25.728Z]     
[2023-11-23T16:42:25.728Z]     100% tests passed, 0 tests failed out of 20
[2023-11-23T16:42:25.728Z]     
[2023-11-23T16:42:25.728Z]     Label Time Summary:
[2023-11-23T16:42:25.728Z]     Debugging      =   0.00 sec*proc (1 test)
[2023-11-23T16:42:25.728Z]     interactive    = 173.79 sec*proc (20 tests)
[2023-11-23T16:42:25.728Z]     mayaHydra      = 173.79 sec*proc (20 tests)
[2023-11-23T16:42:25.728Z]     
[2023-11-23T16:42:25.728Z]     Total Test time (real) =  15.74 sec
[2023-11-23T16:42:25.728Z]     
[2023-11-23T16:42:25.728Z]     The following tests did not run:
[2023-11-23T16:42:25.728Z]     	  1 - _Interactive_Maya (Disabled)
[2023-11-23T16:42:25.728Z]     
[2023-11-23T16:42:25.728Z]         Building with settings:
[2023-11-23T16:42:25.728Z]           Source directory          /home/S/jenkins/workspace/ECP/ecg-maya-hydra/ecg-maya-hydra-branch-preflight-python3-linux/ecg-maya-hydra/maya-hydra
[2023-11-23T16:42:25.728Z]           Workspace directory       /local/S/jenkins/workspace/ECP/ecg-maya-hydra/ecg-maya-hydra-branch-preflight-python3-linux
[2023-11-23T16:42:25.728Z]           Build directory           /local/S/jenkins/workspace/ECP/ecg-maya-hydra/ecg-maya-hydra-branch-preflight-python3-linux/build/RelWithDebInfo
[2023-11-23T16:42:25.728Z]           Install directory         /local/S/jenkins/workspace/ECP/ecg-maya-hydra/ecg-maya-hydra-branch-preflight-python3-linux/install/RelWithDebInfo/MayaHydra
[2023-11-23T16:42:25.728Z]           Variant                   RelWithDebInfo
[2023-11-23T16:42:25.728Z]           Python Debug              Off
[2023-11-23T16:42:25.728Z]           CMake generator           Ninja
[2023-11-23T16:42:25.728Z]           Build arguments           ['-DCMAKE_MAKE_PROGRAM=/local/S/jenkins/workspace/shared/Artifactory/Linux/ninja/1.10.2/9ab399b/ninja', '-DPYTHON_INCLUDE_DIR=/local/S/jenkins/workspace/shared/Artifactory/Linux/rundev-master/202311221838/runtime/51417e5/runTime/include/Python311/Python', '-DPython_EXECUTABLE=/local/S/jenkins/workspace/shared/Artifactory/Linux/rundev-master/202311221838/runtime/51417e5/runTime/bin/mayapy', '-DPYTHON_LIBRARIES=/local/S/jenkins/workspace/shared/Artifactory/Linux/rundev-master/202311221838/runtime/51417e5/runTime/lib/libpython3.11.so.1.0', '-DBUILD_WITH_PYTHON_3_VERSION=3.11', '-DCMAKE_WANT_MATERIALX_BUILD=ON', '-DCMAKE_PREFIX_PATH=/local/S/jenkins/workspace/shared/Artifactory/Linux/USD/1a43c47', '-DMAYAHYDRA_BUILD_NUMBER=415', '-DMAYAHYDRA_GIT_COMMIT=80e98c2c5a49cd0b6d7d4b6b3462972d9bcefbfa', '-DMAYAHYDRA_GIT_BRANCH=master']
[2023-11-23T16:42:25.728Z]           Stages arguments          ['test']
[2023-11-23T16:42:25.728Z]           CTest arguments           ['--parallel 16']
[2023-11-23T16:42:25.728Z]     Success running MayaHydra tests !!!!
[Pipeline] }
[Pipeline] // withEnv
[Pipeline] }
[Pipeline] // timeout
[Pipeline] }
[Pipeline] // stage
[Pipeline] }
[Pipeline] // timestamps
[Pipeline] timestamps
[Pipeline] {
[Pipeline] stage
[Pipeline] { (Cleanup)
[Pipeline] timeout
[2023-11-23T16:42:26.077Z] Timeout set to expire in 6 hr 0 min
[Pipeline] {
[Pipeline] withEnv
[Pipeline] {
[Pipeline] sh
[2023-11-23T16:42:27.299Z] + scl enable gcc-toolset-11 -
[2023-11-23T16:42:27.299Z] + '[' enable = load -o enable = unload ']'
[2023-11-23T16:42:27.299Z] + /usr/bin/scl enable gcc-toolset-11 -
[2023-11-23T16:42:27.299Z] python ecg-maya-hydra/build.py --stages=cleanup --workspace-dir=/local/S/jenkins/workspace/ECP/ecg-maya-hydra/ecg-maya-hydra-branch-preflight-python3-linux --artifactory-dir=/local/S/jenkins/workspace/shared/Artifactory --build-dir=/local/S/jenkins/workspace/ECP/ecg-maya-hydra/ecg-maya-hydra-branch-preflight-python3-linux/build --install-dir=/local/S/jenkins/workspace/ECP/ecg-maya-hydra/ecg-maya-hydra-branch-preflight-python3-linux/install --signing-dir=/local/S/jenkins/workspace/ECP/ecg-maya-hydra/ecg-maya-hydra-branch-preflight-python3-linux/signing --package-dir=/local/S/jenkins/workspace/ECP/ecg-maya-hydra/ecg-maya-hydra-branch-preflight-python3-linux/package --output-dir=/local/S/jenkins/workspace/ECP/ecg-maya-hydra/ecg-maya-hydra-branch-preflight-python3-linux/output --stash-dir=/local/S/jenkins/workspace/ECP/ecg-maya-hydra/ecg-maya-hydra-branch-preflight-python3-linux/stash --jenkins-build=415 --git-commit=80e98c2c5a49cd0b6d7d4b6b3462972d9bcefbfa --git-branch=master --variants=Debug --interactive-tests=true --post-zips=false --osx-binary-architecture-target=ub2 --osx-deployment-target=11.0 --osx-base-sdk=CurrentActiveSDK --maya-cut-config=maya-rundev-master-debug.yaml --maya-package=rundev-master-debug --stage-banner
[2023-11-23T16:42:27.299Z] Using Maya cut from /local/S/jenkins/workspace/shared/Artifactory/Linux/rundev-master-debug/202311220725/runtime/79eb375
[2023-11-23T16:42:27.299Z] 
[2023-11-23T16:42:27.299Z] ================================================================================
[2023-11-23T16:42:27.299Z]                                cleanup (Finalize)
[2023-11-23T16:42:27.299Z] ================================================================================
[2023-11-23T16:42:27.299Z] Cleaning up workspace
[2023-11-23T16:42:27.300Z] Removing directory: /local/S/jenkins/workspace/ECP/ecg-maya-hydra/ecg-maya-hydra-branch-preflight-python3-linux/build
[2023-11-23T16:42:27.300Z] Removing directory: /local/S/jenkins/workspace/ECP/ecg-maya-hydra/ecg-maya-hydra-branch-preflight-python3-linux/install
[Pipeline] sh
[2023-11-23T16:42:28.642Z] + scl enable gcc-toolset-11 -
[2023-11-23T16:42:28.642Z] + '[' enable = load -o enable = unload ']'
[2023-11-23T16:42:28.642Z] + /usr/bin/scl enable gcc-toolset-11 -
[2023-11-23T16:42:28.642Z] python ecg-maya-hydra/build.py --stages=cleanup --workspace-dir=/local/S/jenkins/workspace/ECP/ecg-maya-hydra/ecg-maya-hydra-branch-preflight-python3-linux --artifactory-dir=/local/S/jenkins/workspace/shared/Artifactory --build-dir=/local/S/jenkins/workspace/ECP/ecg-maya-hydra/ecg-maya-hydra-branch-preflight-python3-linux/build --install-dir=/local/S/jenkins/workspace/ECP/ecg-maya-hydra/ecg-maya-hydra-branch-preflight-python3-linux/install --signing-dir=/local/S/jenkins/workspace/ECP/ecg-maya-hydra/ecg-maya-hydra-branch-preflight-python3-linux/signing --package-dir=/local/S/jenkins/workspace/ECP/ecg-maya-hydra/ecg-maya-hydra-branch-preflight-python3-linux/package --output-dir=/local/S/jenkins/workspace/ECP/ecg-maya-hydra/ecg-maya-hydra-branch-preflight-python3-linux/output --stash-dir=/local/S/jenkins/workspace/ECP/ecg-maya-hydra/ecg-maya-hydra-branch-preflight-python3-linux/stash --jenkins-build=415 --git-commit=80e98c2c5a49cd0b6d7d4b6b3462972d9bcefbfa --git-branch=master --variants=RelWithDebInfo --interactive-tests=true --post-zips=false --osx-binary-architecture-target=ub2 --osx-deployment-target=11.0 --osx-base-sdk=CurrentActiveSDK --maya-cut-config=maya-rundev-master.yaml --maya-package=rundev-master --stage-banner
[2023-11-23T16:42:28.642Z] Using Maya cut from /local/S/jenkins/workspace/shared/Artifactory/Linux/rundev-master/202311221838/runtime/51417e5
[2023-11-23T16:42:28.642Z] 
[2023-11-23T16:42:28.642Z] ================================================================================
[2023-11-23T16:42:28.642Z]                                cleanup (Finalize)
[2023-11-23T16:42:28.642Z] ================================================================================
[2023-11-23T16:42:28.642Z] Cleaning up workspace
[Pipeline] }
[Pipeline] // withEnv
[Pipeline] }
[Pipeline] // timeout
[Pipeline] }
[Pipeline] // stage
[Pipeline] }
[Pipeline] // timestamps
[Pipeline] }
[Pipeline] // node
[Pipeline] End of Pipeline
[Checks API] No suitable checks publisher found.
Finished: SUCCESS
