[2023-11-24T17:10:31.139Z] ================================================================================
[2023-11-24T17:10:31.139Z]                                  setup (Debug)
[2023-11-24T17:10:31.139Z] ================================================================================
[2023-11-24T17:10:31.139Z] Installing license file 'melicense.lic'.
[Pipeline] sh
[2023-11-24T17:10:32.467Z] + scl enable gcc-toolset-11 -
[2023-11-24T17:10:32.467Z] + '[' enable = load -o enable = unload ']'
[2023-11-24T17:10:32.467Z] + /usr/bin/scl enable gcc-toolset-11 -
[2023-11-24T17:10:32.467Z] python ecg-maya-hydra/build.py --stages=setup --workspace-dir=/local/S/jenkins/workspace/ECP/ecg-maya-hydra/ecg-maya-hydra-branch-preflight-python3-linux --artifactory-dir=/local/S/jenkins/workspace/shared/Artifactory --build-dir=/local/S/jenkins/workspace/ECP/ecg-maya-hydra/ecg-maya-hydra-branch-preflight-python3-linux/build --install-dir=/local/S/jenkins/workspace/ECP/ecg-maya-hydra/ecg-maya-hydra-branch-preflight-python3-linux/install --signing-dir=/local/S/jenkins/workspace/ECP/ecg-maya-hydra/ecg-maya-hydra-branch-preflight-python3-linux/signing --package-dir=/local/S/jenkins/workspace/ECP/ecg-maya-hydra/ecg-maya-hydra-branch-preflight-python3-linux/package --output-dir=/local/S/jenkins/workspace/ECP/ecg-maya-hydra/ecg-maya-hydra-branch-preflight-python3-linux/output --stash-dir=/local/S/jenkins/workspace/ECP/ecg-maya-hydra/ecg-maya-hydra-branch-preflight-python3-linux/stash --jenkins-build=416 --git-commit=62a73979edd44a3d10a3332c52c02d4ba3bdc24c --git-branch=master --variants=RelWithDebInfo --interactive-tests=true --post-zips=false --osx-binary-architecture-target=ub2 --osx-deployment-target=11.0 --osx-base-sdk=CurrentActiveSDK --extra-license-file=ecg-maya-hydra/jenkins-o03-cot/melicense.lic --prune-versions=3 --prune-revisions=3 --maya-cut-config=maya-rundev-master.yaml --maya-package=rundev-master --stage-banner --prune-artifacts --force-pruning
[2023-11-24T17:10:32.467Z] Getting rundev-master download URL from Maya SHA-1 hash
[2023-11-24T17:10:32.467Z] Finding Artifactory servers response times
[2023-11-24T17:10:35.525Z] [VERBOSE] Start loading URL (CURL): https://art-bear.autodesk.com/artifactory/api/system/ping
[2023-11-24T17:10:35.525Z] [DEBUG] Running: /usr/bin/curl -s -X GET --keepalive-time 10 --connect-timeout 60 --speed-limit 10000 --speed-time 120 --max-time 3600 --retry 5 --retry-max-time 2400 -H Connection:close https://art-bear.autodesk.com/artifactory/api/system/ping
[2023-11-24T17:10:35.525Z] [DEBUG] Output:
[2023-11-24T17:10:35.525Z] OK
[2023-11-24T17:10:35.525Z] [VERBOSE] End loading URL (CURL): https://art-bear.autodesk.com/artifactory/api/system/ping
[2023-11-24T17:10:35.525Z] [VERBOSE] Start loading URL (CURL): https://art-marmotte.autodesk.com/artifactory/api/system/ping
[2023-11-24T17:10:35.525Z] [DEBUG] Running: /usr/bin/curl -s -X GET --keepalive-time 10 --connect-timeout 60 --speed-limit 10000 --speed-time 120 --max-time 3600 --retry 5 --retry-max-time 2400 -H Connection:close https://art-marmotte.autodesk.com/artifactory/api/system/ping
[2023-11-24T17:10:35.525Z] [DEBUG] Output:
[2023-11-24T17:10:35.525Z] OK
[2023-11-24T17:10:35.525Z] [VERBOSE] End loading URL (CURL): https://art-marmotte.autodesk.com/artifactory/api/system/ping
[2023-11-24T17:10:35.525Z] [VERBOSE] Start loading URL (CURL): https://art-bobcat.autodesk.com/artifactory/api/system/ping
[2023-11-24T17:10:35.525Z] [DEBUG] Running: /usr/bin/curl -s -X GET --keepalive-time 10 --connect-timeout 60 --speed-limit 10000 --speed-time 120 --max-time 3600 --retry 5 --retry-max-time 2400 -H Connection:close https://art-bobcat.autodesk.com/artifactory/api/system/ping
[2023-11-24T17:10:35.525Z] [DEBUG] Output:
[2023-11-24T17:10:35.525Z] OK
[2023-11-24T17:10:35.525Z] [VERBOSE] End loading URL (CURL): https://art-bobcat.autodesk.com/artifactory/api/system/ping
[2023-11-24T17:10:35.525Z] [VERBOSE] Start loading URL (CURL): https://art-bear.autodesk.com/artifactory/api/search/checksum?repos=autodesk-3p-generic,adsk-build-tools-generic,team-ecg-generic,team-maya-generic,oss-stg-generic&sha1=3705c8745cd66c36c45ec726ba627dd5660b0922
[2023-11-24T17:10:35.525Z] [DEBUG] Running: /usr/bin/curl -s -X GET --keepalive-time 10 --connect-timeout 60 --speed-limit 10000 --speed-time 120 --max-time 3600 --retry 5 --retry-max-time 2400 -H Connection:close -H Authorization:Basic ZWNnYmlmcm9zdDpvcGUqKjAw https://art-bear.autodesk.com/artifactory/api/search/checksum?repos=autodesk-3p-generic,adsk-build-tools-generic,team-ecg-generic,team-maya-generic,oss-stg-generic&sha1=3705c8745cd66c36c45ec726ba627dd5660b0922
[2023-11-24T17:10:35.525Z] [DEBUG] Output:
[2023-11-24T17:10:35.525Z] {
[2023-11-24T17:10:35.525Z]   "results" : [ {
[2023-11-24T17:10:35.525Z]     "uri" : "https://art-bear.autodesk.com:443/artifactory/api/storage/team-maya-generic/Maya/master/plnx/2023-11-23-13-51_058bc28a77/202311231351-058bc28a77-RUNDEV.tgz"
[2023-11-24T17:10:35.525Z]   } ]
[2023-11-24T17:10:35.525Z] }
[2023-11-24T17:10:35.525Z] [VERBOSE] End loading URL (CURL): https://art-bear.autodesk.com/artifactory/api/search/checksum?repos=autodesk-3p-generic,adsk-build-tools-generic,team-ecg-generic,team-maya-generic,oss-stg-generic&sha1=3705c8745cd66c36c45ec726ba627dd5660b0922
[2023-11-24T17:10:35.525Z] [VERBOSE] Start loading URL (CURL): https://art-bear.autodesk.com:443/artifactory/api/storage/team-maya-generic/Maya/master/plnx/2023-11-23-13-51_058bc28a77/202311231351-058bc28a77-RUNDEV.tgz
[2023-11-24T17:10:35.525Z] [DEBUG] Running: /usr/bin/curl -s -X GET --keepalive-time 10 --connect-timeout 60 --speed-limit 10000 --speed-time 120 --max-time 3600 --retry 5 --retry-max-time 2400 -H Connection:close -H Authorization:Basic ZWNnYmlmcm9zdDpvcGUqKjAw https://art-bear.autodesk.com:443/artifactory/api/storage/team-maya-generic/Maya/master/plnx/2023-11-23-13-51_058bc28a77/202311231351-058bc28a77-RUNDEV.tgz
[2023-11-24T17:10:35.525Z] [DEBUG] Output:
[2023-11-24T17:10:35.525Z] {
[2023-11-24T17:10:35.525Z]   "repo" : "team-maya-generic",
[2023-11-24T17:10:35.525Z]   "path" : "/Maya/master/plnx/2023-11-23-13-51_058bc28a77/202311231351-058bc28a77-RUNDEV.tgz",
[2023-11-24T17:10:35.525Z]   "created" : "2023-11-23T18:38:50.833-05:00",
[2023-11-24T17:10:35.525Z]   "createdBy" : "token:art-bear.autodesk.com",
[2023-11-24T17:10:35.525Z]   "lastModified" : "2023-11-23T18:38:50.824-05:00",
[2023-11-24T17:10:35.525Z]   "modifiedBy" : "token:art-bear.autodesk.com",
[2023-11-24T17:10:35.525Z]   "lastUpdated" : "2023-11-23T18:38:50.833-05:00",
[2023-11-24T17:10:35.525Z]   "downloadUri" : "https://art-bear.autodesk.com:443/artifactory/team-maya-generic/Maya/master/plnx/2023-11-23-13-51_058bc28a77/202311231351-058bc28a77-RUNDEV.tgz",
[2023-11-24T17:10:35.525Z]   "mimeType" : "application/x-gzip",
[2023-11-24T17:10:35.525Z]   "size" : "3082923539",
[2023-11-24T17:10:35.525Z]   "checksums" : {
[2023-11-24T17:10:35.525Z]     "sha1" : "3705c8745cd66c36c45ec726ba627dd5660b0922",
[2023-11-24T17:10:35.525Z]     "md5" : "8ddd2853bf61fdad5b9d5c9dfd2289f1",
[2023-11-24T17:10:35.525Z]     "sha256" : "943da1054edaf2a88a1ae36d5779b6702de55e0d5b8a51b631cd2c3b77c3c35b"
[2023-11-24T17:10:35.525Z]   },
[2023-11-24T17:10:35.525Z]   "originalChecksums" : {
[2023-11-24T17:10:35.525Z]     "sha1" : "3705c8745cd66c36c45ec726ba627dd5660b0922",
[2023-11-24T17:10:35.525Z]     "md5" : "8ddd2853bf61fdad5b9d5c9dfd2289f1",
[2023-11-24T17:10:35.525Z]     "sha256" : "943da1054edaf2a88a1ae36d5779b6702de55e0d5b8a51b631cd2c3b77c3c35b"
[2023-11-24T17:10:35.525Z]   },
[2023-11-24T17:10:35.525Z]   "uri" : "https://art-bear.autodesk.com:443/artifactory/api/storage/team-maya-generic/Maya/master/plnx/2023-11-23-13-51_058bc28a77/202311231351-058bc28a77-RUNDEV.tgz"
[2023-11-24T17:10:35.525Z] }
[2023-11-24T17:10:35.525Z] [VERBOSE] End loading URL (CURL): https://art-bear.autodesk.com:443/artifactory/api/storage/team-maya-generic/Maya/master/plnx/2023-11-23-13-51_058bc28a77/202311231351-058bc28a77-RUNDEV.tgz
[2023-11-24T17:10:35.525Z] Using Maya cut from /local/S/jenkins/workspace/shared/Artifactory/Linux/rundev-master/202311231351/runtime/3705c87
[2023-11-24T17:10:35.525Z] Pruning artifacts in /local/S/jenkins/workspace/shared/Artifactory/Linux
[2023-11-24T17:10:35.525Z] The following artifact versions will be pruned:
[2023-11-24T17:10:35.525Z] 	rundev-master-debug/202311210646
[2023-11-24T17:10:35.525Z] Removing directory: /local/S/jenkins/workspace/shared/Artifactory/Linux/rundev-master-debug/202311210646
[2023-11-24T17:10:38.819Z] 
[2023-11-24T17:10:38.819Z] ================================================================================
[2023-11-24T17:10:38.819Z]                              setup (RelWithDebInfo)
[2023-11-24T17:10:38.819Z] ================================================================================
[2023-11-24T17:10:38.819Z] Installing license file 'melicense.lic'.
[Pipeline] }
[Pipeline] // withEnv
[Pipeline] }
[Pipeline] // timeout
[Pipeline] }
[Pipeline] // stage
[Pipeline] }
[Pipeline] // timestamps
[Pipeline] timestamps
[Pipeline] {
[Pipeline] stage
[Pipeline] { (Clean)
[Pipeline] timeout
[2023-11-24T17:10:39.176Z] Timeout set to expire in 6 hr 0 min
[Pipeline] {
[Pipeline] withEnv
[Pipeline] {
[Pipeline] sh
[2023-11-24T17:10:40.279Z] + scl enable gcc-toolset-11 -
[2023-11-24T17:10:40.279Z] + '[' enable = load -o enable = unload ']'
[2023-11-24T17:10:40.279Z] + /usr/bin/scl enable gcc-toolset-11 -
[2023-11-24T17:10:40.279Z] python ecg-maya-hydra/build.py --stages=clean --workspace-dir=/local/S/jenkins/workspace/ECP/ecg-maya-hydra/ecg-maya-hydra-branch-preflight-python3-linux --artifactory-dir=/local/S/jenkins/workspace/shared/Artifactory --build-dir=/local/S/jenkins/workspace/ECP/ecg-maya-hydra/ecg-maya-hydra-branch-preflight-python3-linux/build --install-dir=/local/S/jenkins/workspace/ECP/ecg-maya-hydra/ecg-maya-hydra-branch-preflight-python3-linux/install --signing-dir=/local/S/jenkins/workspace/ECP/ecg-maya-hydra/ecg-maya-hydra-branch-preflight-python3-linux/signing --package-dir=/local/S/jenkins/workspace/ECP/ecg-maya-hydra/ecg-maya-hydra-branch-preflight-python3-linux/package --output-dir=/local/S/jenkins/workspace/ECP/ecg-maya-hydra/ecg-maya-hydra-branch-preflight-python3-linux/output --stash-dir=/local/S/jenkins/workspace/ECP/ecg-maya-hydra/ecg-maya-hydra-branch-preflight-python3-linux/stash --jenkins-build=416 --git-commit=62a73979edd44a3d10a3332c52c02d4ba3bdc24c --git-branch=master --variants=Debug --interactive-tests=true --post-zips=false --osx-binary-architecture-target=ub2 --osx-deployment-target=11.0 --osx-base-sdk=CurrentActiveSDK --maya-cut-config=maya-rundev-master-debug.yaml --maya-package=rundev-master-debug --stage-banner
[2023-11-24T17:10:40.279Z] Using Maya cut from /local/S/jenkins/workspace/shared/Artifactory/Linux/rundev-master-debug/202311231351/runtime/57a60b2
[2023-11-24T17:10:40.279Z] 
[2023-11-24T17:10:40.279Z] ================================================================================
[2023-11-24T17:10:40.279Z]                                  clean (Debug)
[2023-11-24T17:10:40.279Z] ================================================================================
[2023-11-24T17:10:40.279Z] Maya Python Debug Info:
[2023-11-24T17:10:40.279Z]   mayapy executable   = /local/S/jenkins/workspace/shared/Artifactory/Linux/rundev-master-debug/202311231351/runtime/57a60b2/runTime/bin/mayapy
[2023-11-24T17:10:40.279Z]   Include Folder      = /local/S/jenkins/workspace/shared/Artifactory/Linux/rundev-master-debug/202311231351/runtime/57a60b2/runTime/include/Python311/Python
[2023-11-24T17:10:40.279Z]   Library             = /local/S/jenkins/workspace/shared/Artifactory/Linux/rundev-master-debug/202311231351/runtime/57a60b2/runTime/lib/libpython3.11d.so.1.0
[2023-11-24T17:10:40.280Z]   site-package Folder = /local/S/jenkins/workspace/shared/Artifactory/Linux/rundev-master-debug/202311231351/runtime/57a60b2/runTime/lib/python3.11/site-packages
[2023-11-24T17:10:44.475Z] Adding Python package requirements: ['/local/S/jenkins/workspace/shared/Artifactory/Linux/rundev-master-debug/202311231351/runtime/57a60b2/runTime/bin/mayapy', '-m', 'pip', 'install', '-t', '/local/S/jenkins/workspace/shared/Artifactory/Linux/rundev-master-debug/202311231351/runtime/57a60b2/runTime/lib/python3.11/site-packages', '-r', 'python_requirements.txt']
[2023-11-24T17:10:46.963Z] In workdir: /home/S/jenkins/workspace/ECP/ecg-maya-hydra/ecg-maya-hydra-branch-preflight-python3-linux/ecg-maya-hydra/maya-hydra
[2023-11-24T17:10:46.964Z] Executing: /local/S/jenkins/workspace/shared/Artifactory/Linux/rundev-master-debug/202311231351/runtime/57a60b2/runTime/bin/mayapy /home/S/jenkins/workspace/ECP/ecg-maya-hydra/ecg-maya-hydra-branch-preflight-python3-linux/ecg-maya-hydra/maya-hydra/build.py --generator Ninja --build-debug --maya-location /local/S/jenkins/workspace/shared/Artifactory/Linux/rundev-master-debug/202311231351/runtime/57a60b2/runTime --devkit-location /local/S/jenkins/workspace/shared/Artifactory/Linux/rundev-master-debug/202311231351/runtime/57a60b2/devkitBase --pxrusd-location /local/S/jenkins/workspace/shared/Artifactory/Linux/USD/e5ad5df --build-args=-DCMAKE_MAKE_PROGRAM=/local/S/jenkins/workspace/shared/Artifactory/Linux/ninja/1.10.2/9ab399b/ninja,-DPYTHON_INCLUDE_DIR=/local/S/jenkins/workspace/shared/Artifactory/Linux/rundev-master-debug/202311231351/runtime/57a60b2/runTime/include/Python311/Python,-DPython_EXECUTABLE=/local/S/jenkins/workspace/shared/Artifactory/Linux/rundev-master-debug/202311231351/runtime/57a60b2/runTime/bin/mayapy,-DPYTHON_LIBRARIES=/local/S/jenkins/workspace/shared/Artifactory/Linux/rundev-master-debug/202311231351/runtime/57a60b2/runTime/lib/libpython3.11d.so.1.0,-DBUILD_WITH_PYTHON_3_VERSION=3.11,-DCMAKE_WANT_MATERIALX_BUILD=ON,-DCMAKE_PREFIX_PATH=/local/S/jenkins/workspace/shared/Artifactory/Linux/USD/e5ad5df,-DMAYAHYDRA_BUILD_NUMBER=416,-DMAYAHYDRA_GIT_COMMIT=62a73979edd44a3d10a3332c52c02d4ba3bdc24c,-DMAYAHYDRA_GIT_BRANCH=master --debug-python '--ctest-args=--parallel 16' --stages=clean --redirect-outstream-file=False --install-location /local/S/jenkins/workspace/ECP/ecg-maya-hydra/ecg-maya-hydra-branch-preflight-python3-linux/install/Debug/MayaHydra /local/S/jenkins/workspace/ECP/ecg-maya-hydra/ecg-maya-hydra-branch-preflight-python3-linux
[2023-11-24T17:10:46.964Z] Modified environment variables:
[2023-11-24T17:10:46.964Z]     LD_LIBRARY_PATH=/opt/rh/gcc-toolset-11/root/usr/lib64:/opt/rh/gcc-toolset-11/root/usr/lib64:/opt/rh/gcc-toolset-11/root/usr/lib:/opt/rh/gcc-toolset-11/root/usr/lib64/dyninst:/opt/rh/gcc-toolset-11/root/usr/lib/dyninst
[2023-11-24T17:10:46.964Z]     PATH=/local/S/jenkins/workspace/shared/Artifactory/Linux/cmake/3.20.3/ab685d7/bin:/opt/rh/gcc-toolset-11/root/usr/bin:/home/administrator/.local/bin:/home/administrator/bin:/usr/share/Modules/bin:/usr/local/bin:/usr/local/sbin:/usr/bin:/usr/sbin
[2023-11-24T17:10:48.088Z]     
[2023-11-24T17:10:48.088Z]         Building with settings:
[2023-11-24T17:10:48.088Z]           Source directory          /home/S/jenkins/workspace/ECP/ecg-maya-hydra/ecg-maya-hydra-branch-preflight-python3-linux/ecg-maya-hydra/maya-hydra
[2023-11-24T17:10:48.088Z]           Workspace directory       /local/S/jenkins/workspace/ECP/ecg-maya-hydra/ecg-maya-hydra-branch-preflight-python3-linux
[2023-11-24T17:10:48.088Z]           Build directory           /local/S/jenkins/workspace/ECP/ecg-maya-hydra/ecg-maya-hydra-branch-preflight-python3-linux/build/Debug
[2023-11-24T17:10:48.088Z]           Install directory         /local/S/jenkins/workspace/ECP/ecg-maya-hydra/ecg-maya-hydra-branch-preflight-python3-linux/install/Debug/MayaHydra
[2023-11-24T17:10:48.088Z]           Variant                   Debug
[2023-11-24T17:10:48.088Z]           Python Debug              On
[2023-11-24T17:10:48.088Z]           CMake generator           Ninja
[2023-11-24T17:10:48.088Z]           Build arguments           ['-DCMAKE_MAKE_PROGRAM=/local/S/jenkins/workspace/shared/Artifactory/Linux/ninja/1.10.2/9ab399b/ninja', '-DPYTHON_INCLUDE_DIR=/local/S/jenkins/workspace/shared/Artifactory/Linux/rundev-master-debug/202311231351/runtime/57a60b2/runTime/include/Python311/Python', '-DPython_EXECUTABLE=/local/S/jenkins/workspace/shared/Artifactory/Linux/rundev-master-debug/202311231351/runtime/57a60b2/runTime/bin/mayapy', '-DPYTHON_LIBRARIES=/local/S/jenkins/workspace/shared/Artifactory/Linux/rundev-master-debug/202311231351/runtime/57a60b2/runTime/lib/libpython3.11d.so.1.0', '-DBUILD_WITH_PYTHON_3_VERSION=3.11', '-DCMAKE_WANT_MATERIALX_BUILD=ON', '-DCMAKE_PREFIX_PATH=/local/S/jenkins/workspace/shared/Artifactory/Linux/USD/e5ad5df', '-DMAYAHYDRA_BUILD_NUMBER=416', '-DMAYAHYDRA_GIT_COMMIT=62a73979edd44a3d10a3332c52c02d4ba3bdc24c', '-DMAYAHYDRA_GIT_BRANCH=master']
[2023-11-24T17:10:48.088Z]           Stages arguments          ['clean']
[2023-11-24T17:10:48.088Z]           CTest arguments           ['--parallel 16']
[2023-11-24T17:10:48.088Z]     Success MayaHydra build and install !!!!
[2023-11-24T17:10:48.088Z]     Elapsed time: 00:00:00
[Pipeline] sh
[2023-11-24T17:10:49.453Z] + scl enable gcc-toolset-11 -
[2023-11-24T17:10:49.454Z] + '[' enable = load -o enable = unload ']'
[2023-11-24T17:10:49.454Z] + /usr/bin/scl enable gcc-toolset-11 -
[2023-11-24T17:10:49.454Z] python ecg-maya-hydra/build.py --stages=clean --workspace-dir=/local/S/jenkins/workspace/ECP/ecg-maya-hydra/ecg-maya-hydra-branch-preflight-python3-linux --artifactory-dir=/local/S/jenkins/workspace/shared/Artifactory --build-dir=/local/S/jenkins/workspace/ECP/ecg-maya-hydra/ecg-maya-hydra-branch-preflight-python3-linux/build --install-dir=/local/S/jenkins/workspace/ECP/ecg-maya-hydra/ecg-maya-hydra-branch-preflight-python3-linux/install --signing-dir=/local/S/jenkins/workspace/ECP/ecg-maya-hydra/ecg-maya-hydra-branch-preflight-python3-linux/signing --package-dir=/local/S/jenkins/workspace/ECP/ecg-maya-hydra/ecg-maya-hydra-branch-preflight-python3-linux/package --output-dir=/local/S/jenkins/workspace/ECP/ecg-maya-hydra/ecg-maya-hydra-branch-preflight-python3-linux/output --stash-dir=/local/S/jenkins/workspace/ECP/ecg-maya-hydra/ecg-maya-hydra-branch-preflight-python3-linux/stash --jenkins-build=416 --git-commit=62a73979edd44a3d10a3332c52c02d4ba3bdc24c --git-branch=master --variants=RelWithDebInfo --interactive-tests=true --post-zips=false --osx-binary-architecture-target=ub2 --osx-deployment-target=11.0 --osx-base-sdk=CurrentActiveSDK --maya-cut-config=maya-rundev-master.yaml --maya-package=rundev-master --stage-banner
[2023-11-24T17:10:49.454Z] Using Maya cut from /local/S/jenkins/workspace/shared/Artifactory/Linux/rundev-master/202311231351/runtime/3705c87
[2023-11-24T17:10:49.454Z] 
[2023-11-24T17:10:49.454Z] ================================================================================
[2023-11-24T17:10:49.454Z]                              clean (RelWithDebInfo)
[2023-11-24T17:10:49.454Z] ================================================================================
[2023-11-24T17:10:49.454Z] Maya Python RelWithDebInfo Info:
[2023-11-24T17:10:49.454Z]   mayapy executable   = /local/S/jenkins/workspace/shared/Artifactory/Linux/rundev-master/202311231351/runtime/3705c87/runTime/bin/mayapy
[2023-11-24T17:10:49.454Z]   Include Folder      = /local/S/jenkins/workspace/shared/Artifactory/Linux/rundev-master/202311231351/runtime/3705c87/runTime/include/Python311/Python
[2023-11-24T17:10:49.454Z]   Library             = /local/S/jenkins/workspace/shared/Artifactory/Linux/rundev-master/202311231351/runtime/3705c87/runTime/lib/libpython3.11.so.1.0
[2023-11-24T17:10:49.454Z]   site-package Folder = /local/S/jenkins/workspace/shared/Artifactory/Linux/rundev-master/202311231351/runtime/3705c87/runTime/lib/python3.11/site-packages
[2023-11-24T17:10:49.989Z] In workdir: /home/S/jenkins/workspace/ECP/ecg-maya-hydra/ecg-maya-hydra-branch-preflight-python3-linux/ecg-maya-hydra/maya-hydra
[2023-11-24T17:10:49.989Z] Executing: /local/S/jenkins/workspace/shared/Artifactory/Linux/rundev-master/202311231351/runtime/3705c87/runTime/bin/mayapy /home/S/jenkins/workspace/ECP/ecg-maya-hydra/ecg-maya-hydra-branch-preflight-python3-linux/ecg-maya-hydra/maya-hydra/build.py --generator Ninja --build-relwithdebug --maya-location /local/S/jenkins/workspace/shared/Artifactory/Linux/rundev-master/202311231351/runtime/3705c87/runTime --devkit-location /local/S/jenkins/workspace/shared/Artifactory/Linux/rundev-master/202311231351/runtime/3705c87/devkitBase --pxrusd-location /local/S/jenkins/workspace/shared/Artifactory/Linux/USD/1a43c47 --build-args=-DCMAKE_MAKE_PROGRAM=/local/S/jenkins/workspace/shared/Artifactory/Linux/ninja/1.10.2/9ab399b/ninja,-DPYTHON_INCLUDE_DIR=/local/S/jenkins/workspace/shared/Artifactory/Linux/rundev-master/202311231351/runtime/3705c87/runTime/include/Python311/Python,-DPython_EXECUTABLE=/local/S/jenkins/workspace/shared/Artifactory/Linux/rundev-master/202311231351/runtime/3705c87/runTime/bin/mayapy,-DPYTHON_LIBRARIES=/local/S/jenkins/workspace/shared/Artifactory/Linux/rundev-master/202311231351/runtime/3705c87/runTime/lib/libpython3.11.so.1.0,-DBUILD_WITH_PYTHON_3_VERSION=3.11,-DCMAKE_WANT_MATERIALX_BUILD=ON,-DCMAKE_PREFIX_PATH=/local/S/jenkins/workspace/shared/Artifactory/Linux/USD/1a43c47,-DMAYAHYDRA_BUILD_NUMBER=416,-DMAYAHYDRA_GIT_COMMIT=62a73979edd44a3d10a3332c52c02d4ba3bdc24c,-DMAYAHYDRA_GIT_BRANCH=master '--ctest-args=--parallel 16' --stages=clean --redirect-outstream-file=False --install-location /local/S/jenkins/workspace/ECP/ecg-maya-hydra/ecg-maya-hydra-branch-preflight-python3-linux/install/RelWithDebInfo/MayaHydra /local/S/jenkins/workspace/ECP/ecg-maya-hydra/ecg-maya-hydra-branch-preflight-python3-linux
[2023-11-24T17:10:49.989Z] Modified environment variables:
[2023-11-24T17:10:49.989Z]     LD_LIBRARY_PATH=/opt/rh/gcc-toolset-11/root/usr/lib64:/opt/rh/gcc-toolset-11/root/usr/lib64:/opt/rh/gcc-toolset-11/root/usr/lib:/opt/rh/gcc-toolset-11/root/usr/lib64/dyninst:/opt/rh/gcc-toolset-11/root/usr/lib/dyninst
[2023-11-24T17:10:49.989Z]     PATH=/local/S/jenkins/workspace/shared/Artifactory/Linux/cmake/3.20.3/ab685d7/bin:/opt/rh/gcc-toolset-11/root/usr/bin:/home/administrator/.local/bin:/home/administrator/bin:/usr/share/Modules/bin:/usr/local/bin:/usr/local/sbin:/usr/bin:/usr/sbin
[2023-11-24T17:10:49.989Z]     
[2023-11-24T17:10:49.989Z]         Building with settings:
[2023-11-24T17:10:49.989Z]           Source directory          /home/S/jenkins/workspace/ECP/ecg-maya-hydra/ecg-maya-hydra-branch-preflight-python3-linux/ecg-maya-hydra/maya-hydra
[2023-11-24T17:10:49.989Z]           Workspace directory       /local/S/jenkins/workspace/ECP/ecg-maya-hydra/ecg-maya-hydra-branch-preflight-python3-linux
[2023-11-24T17:10:49.989Z]           Build directory           /local/S/jenkins/workspace/ECP/ecg-maya-hydra/ecg-maya-hydra-branch-preflight-python3-linux/build/RelWithDebInfo
[2023-11-24T17:10:49.989Z]           Install directory         /local/S/jenkins/workspace/ECP/ecg-maya-hydra/ecg-maya-hydra-branch-preflight-python3-linux/install/RelWithDebInfo/MayaHydra
[2023-11-24T17:10:49.989Z]           Variant                   RelWithDebInfo
[2023-11-24T17:10:49.989Z]           Python Debug              Off
[2023-11-24T17:10:49.989Z]           CMake generator           Ninja
[2023-11-24T17:10:49.989Z]           Build arguments           ['-DCMAKE_MAKE_PROGRAM=/local/S/jenkins/workspace/shared/Artifactory/Linux/ninja/1.10.2/9ab399b/ninja', '-DPYTHON_INCLUDE_DIR=/local/S/jenkins/workspace/shared/Artifactory/Linux/rundev-master/202311231351/runtime/3705c87/runTime/include/Python311/Python', '-DPython_EXECUTABLE=/local/S/jenkins/workspace/shared/Artifactory/Linux/rundev-master/202311231351/runtime/3705c87/runTime/bin/mayapy', '-DPYTHON_LIBRARIES=/local/S/jenkins/workspace/shared/Artifactory/Linux/rundev-master/202311231351/runtime/3705c87/runTime/lib/libpython3.11.so.1.0', '-DBUILD_WITH_PYTHON_3_VERSION=3.11', '-DCMAKE_WANT_MATERIALX_BUILD=ON', '-DCMAKE_PREFIX_PATH=/local/S/jenkins/workspace/shared/Artifactory/Linux/USD/1a43c47', '-DMAYAHYDRA_BUILD_NUMBER=416', '-DMAYAHYDRA_GIT_COMMIT=62a73979edd44a3d10a3332c52c02d4ba3bdc24c', '-DMAYAHYDRA_GIT_BRANCH=master']
[2023-11-24T17:10:49.989Z]           Stages arguments          ['clean']
[2023-11-24T17:10:49.989Z]           CTest arguments           ['--parallel 16']
[2023-11-24T17:10:49.989Z]     Success MayaHydra build and install !!!!
[2023-11-24T17:10:49.989Z]     Elapsed time: 00:00:00
[Pipeline] }
[Pipeline] // withEnv
[Pipeline] }
[Pipeline] // timeout
[Pipeline] }
[Pipeline] // stage
[Pipeline] }
[Pipeline] // timestamps
[Pipeline] timestamps
[Pipeline] {
[Pipeline] stage
[Pipeline] { (Configure)
[Pipeline] timeout
[2023-11-24T17:10:50.342Z] Timeout set to expire in 6 hr 0 min
[Pipeline] {
[Pipeline] withEnv
[Pipeline] {
[Pipeline] sh
[2023-11-24T17:10:51.798Z] + scl enable gcc-toolset-11 -
[2023-11-24T17:10:51.798Z] + '[' enable = load -o enable = unload ']'
[2023-11-24T17:10:51.798Z] + /usr/bin/scl enable gcc-toolset-11 -
[2023-11-24T17:10:51.798Z] python ecg-maya-hydra/build.py --stages=configure --workspace-dir=/local/S/jenkins/workspace/ECP/ecg-maya-hydra/ecg-maya-hydra-branch-preflight-python3-linux --artifactory-dir=/local/S/jenkins/workspace/shared/Artifactory --build-dir=/local/S/jenkins/workspace/ECP/ecg-maya-hydra/ecg-maya-hydra-branch-preflight-python3-linux/build --install-dir=/local/S/jenkins/workspace/ECP/ecg-maya-hydra/ecg-maya-hydra-branch-preflight-python3-linux/install --signing-dir=/local/S/jenkins/workspace/ECP/ecg-maya-hydra/ecg-maya-hydra-branch-preflight-python3-linux/signing --package-dir=/local/S/jenkins/workspace/ECP/ecg-maya-hydra/ecg-maya-hydra-branch-preflight-python3-linux/package --output-dir=/local/S/jenkins/workspace/ECP/ecg-maya-hydra/ecg-maya-hydra-branch-preflight-python3-linux/output --stash-dir=/local/S/jenkins/workspace/ECP/ecg-maya-hydra/ecg-maya-hydra-branch-preflight-python3-linux/stash --jenkins-build=416 --git-commit=62a73979edd44a3d10a3332c52c02d4ba3bdc24c --git-branch=master --variants=Debug --interactive-tests=true --post-zips=false --osx-binary-architecture-target=ub2 --osx-deployment-target=11.0 --osx-base-sdk=CurrentActiveSDK --maya-cut-config=maya-rundev-master-debug.yaml --maya-package=rundev-master-debug --stage-banner
[2023-11-24T17:10:51.798Z] Using Maya cut from /local/S/jenkins/workspace/shared/Artifactory/Linux/rundev-master-debug/202311231351/runtime/57a60b2
[2023-11-24T17:10:51.798Z] 
[2023-11-24T17:10:51.798Z] ================================================================================
[2023-11-24T17:10:51.798Z]                                configure (Debug)
[2023-11-24T17:10:51.798Z] ================================================================================
[2023-11-24T17:10:51.798Z] Maya Python Debug Info:
[2023-11-24T17:10:51.798Z]   mayapy executable   = /local/S/jenkins/workspace/shared/Artifactory/Linux/rundev-master-debug/202311231351/runtime/57a60b2/runTime/bin/mayapy
[2023-11-24T17:10:51.798Z]   Include Folder      = /local/S/jenkins/workspace/shared/Artifactory/Linux/rundev-master-debug/202311231351/runtime/57a60b2/runTime/include/Python311/Python
[2023-11-24T17:10:51.798Z]   Library             = /local/S/jenkins/workspace/shared/Artifactory/Linux/rundev-master-debug/202311231351/runtime/57a60b2/runTime/lib/libpython3.11d.so.1.0
[2023-11-24T17:10:51.798Z]   site-package Folder = /local/S/jenkins/workspace/shared/Artifactory/Linux/rundev-master-debug/202311231351/runtime/57a60b2/runTime/lib/python3.11/site-packages
[2023-11-24T17:10:52.923Z] In workdir: /home/S/jenkins/workspace/ECP/ecg-maya-hydra/ecg-maya-hydra-branch-preflight-python3-linux/ecg-maya-hydra/maya-hydra
[2023-11-24T17:10:52.923Z] Executing: /local/S/jenkins/workspace/shared/Artifactory/Linux/rundev-master-debug/202311231351/runtime/57a60b2/runTime/bin/mayapy /home/S/jenkins/workspace/ECP/ecg-maya-hydra/ecg-maya-hydra-branch-preflight-python3-linux/ecg-maya-hydra/maya-hydra/build.py --generator Ninja --build-debug --maya-location /local/S/jenkins/workspace/shared/Artifactory/Linux/rundev-master-debug/202311231351/runtime/57a60b2/runTime --devkit-location /local/S/jenkins/workspace/shared/Artifactory/Linux/rundev-master-debug/202311231351/runtime/57a60b2/devkitBase --pxrusd-location /local/S/jenkins/workspace/shared/Artifactory/Linux/USD/e5ad5df --build-args=-DCMAKE_MAKE_PROGRAM=/local/S/jenkins/workspace/shared/Artifactory/Linux/ninja/1.10.2/9ab399b/ninja,-DPYTHON_INCLUDE_DIR=/local/S/jenkins/workspace/shared/Artifactory/Linux/rundev-master-debug/202311231351/runtime/57a60b2/runTime/include/Python311/Python,-DPython_EXECUTABLE=/local/S/jenkins/workspace/shared/Artifactory/Linux/rundev-master-debug/202311231351/runtime/57a60b2/runTime/bin/mayapy,-DPYTHON_LIBRARIES=/local/S/jenkins/workspace/shared/Artifactory/Linux/rundev-master-debug/202311231351/runtime/57a60b2/runTime/lib/libpython3.11d.so.1.0,-DBUILD_WITH_PYTHON_3_VERSION=3.11,-DCMAKE_WANT_MATERIALX_BUILD=ON,-DCMAKE_PREFIX_PATH=/local/S/jenkins/workspace/shared/Artifactory/Linux/USD/e5ad5df,-DMAYAHYDRA_BUILD_NUMBER=416,-DMAYAHYDRA_GIT_COMMIT=62a73979edd44a3d10a3332c52c02d4ba3bdc24c,-DMAYAHYDRA_GIT_BRANCH=master --debug-python '--ctest-args=--parallel 16' --stages=configure --redirect-outstream-file=False --install-location /local/S/jenkins/workspace/ECP/ecg-maya-hydra/ecg-maya-hydra-branch-preflight-python3-linux/install/Debug/MayaHydra /local/S/jenkins/workspace/ECP/ecg-maya-hydra/ecg-maya-hydra-branch-preflight-python3-linux
[2023-11-24T17:10:52.923Z] Modified environment variables:
[2023-11-24T17:10:52.923Z]     LD_LIBRARY_PATH=/opt/rh/gcc-toolset-11/root/usr/lib64:/opt/rh/gcc-toolset-11/root/usr/lib64:/opt/rh/gcc-toolset-11/root/usr/lib:/opt/rh/gcc-toolset-11/root/usr/lib64/dyninst:/opt/rh/gcc-toolset-11/root/usr/lib/dyninst
[2023-11-24T17:10:52.923Z]     PATH=/local/S/jenkins/workspace/shared/Artifactory/Linux/cmake/3.20.3/ab685d7/bin:/opt/rh/gcc-toolset-11/root/usr/bin:/home/administrator/.local/bin:/home/administrator/bin:/usr/share/Modules/bin:/usr/local/bin:/usr/local/sbin:/usr/bin:/usr/sbin
[2023-11-24T17:11:11.695Z]     -- The C compiler identification is GNU 11.2.1
[2023-11-24T17:11:11.695Z]     -- The CXX compiler identification is GNU 11.2.1
[2023-11-24T17:11:11.695Z]     -- Detecting C compiler ABI info
[2023-11-24T17:11:11.695Z]     -- Detecting C compiler ABI info - done
[2023-11-24T17:11:11.695Z]     -- Check for working C compiler: /opt/rh/gcc-toolset-11/root/usr/bin/cc - skipped
[2023-11-24T17:11:11.695Z]     -- Detecting C compile features
[2023-11-24T17:11:11.695Z]     -- Detecting C compile features - done
[2023-11-24T17:11:11.695Z]     -- Detecting CXX compiler ABI info
[2023-11-24T17:11:11.695Z]     -- Detecting CXX compiler ABI info - done
[2023-11-24T17:11:11.695Z]     -- Check for working CXX compiler: /opt/rh/gcc-toolset-11/root/usr/bin/c++ - skipped
[2023-11-24T17:11:11.695Z]     -- Detecting CXX compile features
[2023-11-24T17:11:11.695Z]     -- Detecting CXX compile features - done
[2023-11-24T17:11:11.695Z]     -- Using Maya Light API Version 3
[2023-11-24T17:11:11.695Z]     -- Maya has setDefaultMaterialHandling API
[2023-11-24T17:11:11.695Z]     -- Maya has new point snapping API
[2023-11-24T17:11:11.695Z]     -- Maya has isInCrashHandler API
[2023-11-24T17:11:11.695Z]     -- Maya has getDisplayStyleOfAllViewports API
[2023-11-24T17:11:11.695Z]     -- Maya array iterator has difference_type trait
[2023-11-24T17:11:11.695Z]     -- MFnSet has getMemberPaths function
[2023-11-24T17:11:11.695Z]     -- MFnDisplayLayer exists
[2023-11-24T17:11:11.695Z]     -- MDisplayLayerMessage has MDisplayLayerMemberChangedFunction
[2023-11-24T17:11:11.695Z]     -- MRenderItem has HideOnPlayback API
[2023-11-24T17:11:11.695Z]     -- Linux: Maya was built with new cxx11 ABI
[2023-11-24T17:11:11.695Z]     -- Found Maya: /local/S/jenkins/workspace/shared/Artifactory/Linux/rundev-master-debug/202311231351/runtime/57a60b2/runTime/bin/maya (found suitable version "2025", minimum required is "2024")
[2023-11-24T17:11:12.817Z]     -- Found Python: /local/S/jenkins/workspace/shared/Artifactory/Linux/rundev-master-debug/202311231351/runtime/57a60b2/runTime/bin/mayapy (found suitable exact version "3.11.4") found components: Interpreter
[2023-11-24T17:11:12.817Z]     -- Build mayaHydra with Python3 = 3.11
[2023-11-24T17:11:12.817Z]     --    PYTHON_INCLUDE_DIRS = /local/S/jenkins/workspace/shared/Artifactory/Linux/rundev-master-debug/202311231351/runtime/57a60b2/runTime/include/Python311/Python
[2023-11-24T17:11:12.817Z]     --    PYTHON_LIBRARIES    = /local/S/jenkins/workspace/shared/Artifactory/Linux/rundev-master-debug/202311231351/runtime/57a60b2/runTime/lib/libpython3.11d.so.1.0
[2023-11-24T17:11:12.817Z]     --    Python_EXECUTABLE   = /local/S/jenkins/workspace/shared/Artifactory/Linux/rundev-master-debug/202311231351/runtime/57a60b2/runTime/bin/mayapy
[2023-11-24T17:11:13.356Z]     -- Found Python3: /local/S/jenkins/workspace/shared/Artifactory/Linux/rundev-master-debug/202311231351/runtime/57a60b2/runTime/include/Python311/Python (found suitable exact version "3.11.4") found components: Development Development.Module Development.Embed
[2023-11-24T17:11:13.356Z]     -- USD has new Sdr.PropertyTypes.Color4
[2023-11-24T17:11:13.356Z]     -- USD has MaterialX metadata support
[2023-11-24T17:11:13.356Z]     -- USD include dir: /local/S/jenkins/workspace/shared/Artifactory/Linux/USD/e5ad5df/include
[2023-11-24T17:11:13.356Z]     -- USD library dir: /local/S/jenkins/workspace/shared/Artifactory/Linux/USD/e5ad5df/lib
[2023-11-24T17:11:13.356Z]     -- USD version: 0.23.11
[2023-11-24T17:11:13.356Z]     -- Found USD: /local/S/jenkins/workspace/shared/Artifactory/Linux/USD/e5ad5df (found suitable version "0.23.11", minimum required is "0.22.11")
[2023-11-24T17:11:13.356Z]     Updated PYTHONPATH: /local/S/jenkins/workspace/shared/Artifactory/Linux/USD/e5ad5df/lib/python
[2023-11-24T17:11:13.357Z]     -- Found UFE: /local/S/jenkins/workspace/shared/Artifactory/Linux/rundev-master-debug/202311231351/runtime/57a60b2/devkitBase/devkit/ufe/include (found version "0.5.13")
[2023-11-24T17:11:13.357Z]     -- UFE include dir: /local/S/jenkins/workspace/shared/Artifactory/Linux/rundev-master-debug/202311231351/runtime/57a60b2/devkitBase/devkit/ufe/include
[2023-11-24T17:11:13.357Z]     -- UFE library: /local/S/jenkins/workspace/shared/Artifactory/Linux/rundev-master-debug/202311231351/runtime/57a60b2/devkitBase/devkit/ufe/lib/libufe_0.so
[2023-11-24T17:11:13.357Z]     -- UFE version: 0.5.13
[2023-11-24T17:11:13.357Z]     -- Maya has UFE lights API
[2023-11-24T17:11:13.357Z]     -- Maya has UFE scene segment API
[2023-11-24T17:11:13.357Z]     -- Maya has UFE TrieNode childrenComponents accessor
[2023-11-24T17:11:13.357Z]     -- Building with UFE 0.5.13.
[2023-11-24T17:11:13.357Z]     -- Found MaterialX
[2023-11-24T17:11:13.891Z]     -- Check if compiler accepts -pthread
[2023-11-24T17:11:13.891Z]     -- Check if compiler accepts -pthread - yes
[2023-11-24T17:11:13.891Z]     -- Performing Test HAVE_STDATOMIC
[2023-11-24T17:11:13.891Z]     -- Performing Test HAVE_STDATOMIC - Success
[2023-11-24T17:11:13.891Z]     -- Found OpenGL: /usr/lib64/libOpenGL.so
[2023-11-24T17:11:13.891Z]     -- Check if linker can resolve circular dependencies - FALSE
[2023-11-24T17:11:13.891Z]     -- Found Qt 6.5.3 in Maya devkit. Hydra Scene Browser will be built.
[2023-11-24T17:11:13.891Z]     -- **** Building Gulrak From Github Repository.
[2023-11-24T17:11:13.891Z]     -- Populating gulrak
[2023-11-24T17:11:13.891Z]     -- Configuring done
[2023-11-24T17:11:13.891Z]     -- Generating done
[2023-11-24T17:11:13.891Z]     -- Build files have been written to: /home/S/jenkins/workspace/ECP/ecg-maya-hydra/ecg-maya-hydra-branch-preflight-python3-linux/build/Debug/_deps/gulrak-subbuild
[2023-11-24T17:11:13.891Z]     [1/9] Creating directories for 'gulrak-populate'
[2023-11-24T17:11:13.891Z]     [1/9] Performing download step (git clone) for 'gulrak-populate'
[2023-11-24T17:11:13.891Z]     Cloning into 'gulrak-src'...
[2023-11-24T17:11:14.426Z]     HEAD is now at 4e21ab3 Version bump and updated readme.
[2023-11-24T17:11:14.426Z]     [2/9] Performing update step for 'gulrak-populate'
[2023-11-24T17:11:14.962Z]     [4/9] No patch step for 'gulrak-populate'
[2023-11-24T17:11:14.962Z]     [5/9] No configure step for 'gulrak-populate'
[2023-11-24T17:11:14.962Z]     [6/9] No build step for 'gulrak-populate'
[2023-11-24T17:11:14.962Z]     [7/9] No install step for 'gulrak-populate'
[2023-11-24T17:11:14.962Z]     [8/9] No test step for 'gulrak-populate'
[2023-11-24T17:11:14.962Z]     [9/9] Completed 'gulrak-populate'
[2023-11-24T17:11:14.962Z]     -- ========== Installing GoogleTest... ==========
[2023-11-24T17:11:14.962Z]     -- Configuring done
[2023-11-24T17:11:14.962Z]     -- Generating done
[2023-11-24T17:11:14.962Z]     -- Build files have been written to: /home/S/jenkins/workspace/ECP/ecg-maya-hydra/ecg-maya-hydra-branch-preflight-python3-linux/build/Debug/googletest-config
[2023-11-24T17:11:14.962Z]     [1/8] Creating directories for 'googletest'
[2023-11-24T17:11:16.086Z]     [2/8] Performing download step (git clone) for 'googletest'
[2023-11-24T17:11:16.086Z]     Cloning into 'googletest-src'...
[2023-11-24T17:11:16.086Z]     HEAD is now at 703bd9ca Googletest export
[2023-11-24T17:11:16.086Z]     [3/8] Performing update step for 'googletest'
[2023-11-24T17:11:16.086Z]     [4/8] No patch step for 'googletest'
[2023-11-24T17:11:16.621Z]     [5/8] Performing configure step for 'googletest'
[2023-11-24T17:11:16.621Z]     Not searching for unused variables given on the command line.
[2023-11-24T17:11:16.621Z]     CMake Deprecation Warning at CMakeLists.txt:4 (cmake_minimum_required):
[2023-11-24T17:11:16.621Z]       Compatibility with CMake < 2.8.12 will be removed from a future version of
[2023-11-24T17:11:16.621Z]       CMake.
[2023-11-24T17:11:16.621Z]     
[2023-11-24T17:11:16.621Z]       Update the VERSION argument <min> value or use a ...<max> suffix to tell
[2023-11-24T17:11:16.621Z]       CMake that the project does not need compatibility with older versions.
[2023-11-24T17:11:16.621Z]     
[2023-11-24T17:11:16.621Z]     
[2023-11-24T17:11:16.621Z]     -- The C compiler identification is GNU 11.2.1
[2023-11-24T17:11:16.621Z]     -- The CXX compiler identification is GNU 11.2.1
[2023-11-24T17:11:16.621Z]     -- Detecting C compiler ABI info
[2023-11-24T17:11:16.621Z]     -- Detecting C compiler ABI info - done
[2023-11-24T17:11:16.621Z]     -- Check for working C compiler: /opt/rh/gcc-toolset-11/root/usr/bin/cc - skipped
[2023-11-24T17:11:16.621Z]     -- Detecting C compile features
[2023-11-24T17:11:16.621Z]     -- Detecting C compile features - done
[2023-11-24T17:11:16.621Z]     -- Detecting CXX compiler ABI info
[2023-11-24T17:11:16.621Z]     -- Detecting CXX compiler ABI info - done
[2023-11-24T17:11:16.621Z]     -- Check for working CXX compiler: /opt/rh/gcc-toolset-11/root/usr/bin/c++ - skipped
[2023-11-24T17:11:16.621Z]     -- Detecting CXX compile features
[2023-11-24T17:11:16.621Z]     -- Detecting CXX compile features - done
[2023-11-24T17:11:16.621Z]     CMake Deprecation Warning at googletest/CMakeLists.txt:56 (cmake_minimum_required):
[2023-11-24T17:11:16.621Z]       Compatibility with CMake < 2.8.12 will be removed from a future version of
[2023-11-24T17:11:16.621Z]       CMake.
[2023-11-24T17:11:16.621Z]     
[2023-11-24T17:11:16.621Z]       Update the VERSION argument <min> value or use a ...<max> suffix to tell
[2023-11-24T17:11:16.621Z]       CMake that the project does not need compatibility with older versions.
[2023-11-24T17:11:16.621Z]     
[2023-11-24T17:11:16.621Z]     
[2023-11-24T17:11:16.621Z]     -- Found PythonInterp: /usr/local/bin/python (found version "3.9.7")
[2023-11-24T17:11:16.621Z]     -- Looking for pthread.h
[2023-11-24T17:11:16.621Z]     -- Looking for pthread.h - found
[2023-11-24T17:11:16.621Z]     -- Performing Test CMAKE_HAVE_LIBC_PTHREAD
[2023-11-24T17:11:16.621Z]     -- Performing Test CMAKE_HAVE_LIBC_PTHREAD - Failed
[2023-11-24T17:11:16.621Z]     -- Looking for pthread_create in pthreads
[2023-11-24T17:11:16.621Z]     -- Looking for pthread_create in pthreads - not found
[2023-11-24T17:11:16.621Z]     -- Looking for pthread_create in pthread
[2023-11-24T17:11:16.621Z]     -- Looking for pthread_create in pthread - found
[2023-11-24T17:11:16.621Z]     -- Found Threads: TRUE
[2023-11-24T17:11:16.621Z]     -- Configuring done
[2023-11-24T17:11:16.621Z]     -- Generating done
[2023-11-24T17:11:16.621Z]     -- Build files have been written to: /home/S/jenkins/workspace/ECP/ecg-maya-hydra/ecg-maya-hydra-branch-preflight-python3-linux/build/Debug/googletest-build
[2023-11-24T17:11:20.058Z]     [6/8] Performing build step for 'googletest'
[2023-11-24T17:11:20.058Z]     [1/4] Building CXX object googletest/CMakeFiles/gtest_main.dir/src/gtest_main.cc.o
[2023-11-24T17:11:20.058Z]     [2/4] Building CXX object googletest/CMakeFiles/gtest.dir/src/gtest-all.cc.o
[2023-11-24T17:11:20.058Z]     [3/4] Linking CXX shared library lib/libgtestd.so
[2023-11-24T17:11:20.058Z]     [4/4] Linking CXX shared library lib/libgtest_maind.so
[2023-11-24T17:11:20.058Z]     [7/8] Performing install step for 'googletest'
[2023-11-24T17:11:20.058Z]     [0/1] Install the project...
[2023-11-24T17:11:20.058Z]     -- Install configuration: "Debug"
[2023-11-24T17:11:20.058Z]     -- Set runtime path of "/home/S/jenkins/workspace/ECP/ecg-maya-hydra/ecg-maya-hydra-branch-preflight-python3-linux/build/Debug/googletest-install/lib64/libgtest_maind.so" to ""
[2023-11-24T17:11:20.058Z]     [8/8] Completed 'googletest'
[2023-11-24T17:11:20.058Z]     -- ========== ...  GoogleTest installed. ==========
[2023-11-24T17:11:20.058Z]     -- Found GTest: /home/S/jenkins/workspace/ECP/ecg-maya-hydra/ecg-maya-hydra-branch-preflight-python3-linux/build/Debug/googletest-install/lib64/libgtestd.so
[2023-11-24T17:11:20.058Z]     -- promoting: /home/S/jenkins/workspace/ECP/ecg-maya-hydra/ecg-maya-hydra-branch-preflight-python3-linux/ecg-maya-hydra/maya-hydra/lib/mayaHydra/mayaPlugin/pluginUtils.h
[2023-11-24T17:11:20.058Z]     -- promoting: /home/S/jenkins/workspace/ECP/ecg-maya-hydra/ecg-maya-hydra-branch-preflight-python3-linux/ecg-maya-hydra/maya-hydra/lib/mayaHydra/hydraExtensions/api.h
[2023-11-24T17:11:20.058Z]     -- promoting: /home/S/jenkins/workspace/ECP/ecg-maya-hydra/ecg-maya-hydra-branch-preflight-python3-linux/ecg-maya-hydra/maya-hydra/lib/mayaHydra/hydraExtensions/debugCodes.h
[2023-11-24T17:11:20.058Z]     -- promoting: /home/S/jenkins/workspace/ECP/ecg-maya-hydra/ecg-maya-hydra-branch-preflight-python3-linux/ecg-maya-hydra/maya-hydra/lib/mayaHydra/hydraExtensions/hydraUtils.h
[2023-11-24T17:11:20.058Z]     -- promoting: /home/S/jenkins/workspace/ECP/ecg-maya-hydra/ecg-maya-hydra-branch-preflight-python3-linux/ecg-maya-hydra/maya-hydra/lib/mayaHydra/hydraExtensions/mayaHydraLibInterface.h
[2023-11-24T17:11:20.058Z]     -- promoting: /home/S/jenkins/workspace/ECP/ecg-maya-hydra/ecg-maya-hydra-branch-preflight-python3-linux/ecg-maya-hydra/maya-hydra/lib/mayaHydra/hydraExtensions/mayaHydraLibInterfaceImp.h
[2023-11-24T17:11:20.058Z]     -- promoting: /home/S/jenkins/workspace/ECP/ecg-maya-hydra/ecg-maya-hydra-branch-preflight-python3-linux/ecg-maya-hydra/maya-hydra/lib/mayaHydra/hydraExtensions/mayaUtils.h
[2023-11-24T17:11:20.058Z]     -- promoting: /home/S/jenkins/workspace/ECP/ecg-maya-hydra/ecg-maya-hydra-branch-preflight-python3-linux/ecg-maya-hydra/maya-hydra/lib/mayaHydra/hydraExtensions/mixedUtils.h
[2023-11-24T17:11:20.058Z]     -- promoting: /home/S/jenkins/workspace/ECP/ecg-maya-hydra/ecg-maya-hydra-branch-preflight-python3-linux/ecg-maya-hydra/maya-hydra/lib/mayaHydra/hydraExtensions/mayaHydraSceneProducer.h
[2023-11-24T17:11:20.058Z]     -- promoting: /home/S/jenkins/workspace/ECP/ecg-maya-hydra/ecg-maya-hydra-branch-preflight-python3-linux/ecg-maya-hydra/maya-hydra/lib/mayaHydra/hydraExtensions/adapters/adapter.h
[2023-11-24T17:11:20.058Z]     -- promoting: /home/S/jenkins/workspace/ECP/ecg-maya-hydra/ecg-maya-hydra-branch-preflight-python3-linux/ecg-maya-hydra/maya-hydra/lib/mayaHydra/hydraExtensions/adapters/adapterDebugCodes.h
[2023-11-24T17:11:20.058Z]     -- promoting: /home/S/jenkins/workspace/ECP/ecg-maya-hydra/ecg-maya-hydra-branch-preflight-python3-linux/ecg-maya-hydra/maya-hydra/lib/mayaHydra/hydraExtensions/adapters/adapterRegistry.h
[2023-11-24T17:11:20.058Z]     -- promoting: /home/S/jenkins/workspace/ECP/ecg-maya-hydra/ecg-maya-hydra-branch-preflight-python3-linux/ecg-maya-hydra/maya-hydra/lib/mayaHydra/hydraExtensions/adapters/cameraAdapter.h
[2023-11-24T17:11:20.058Z]     -- promoting: /home/S/jenkins/workspace/ECP/ecg-maya-hydra/ecg-maya-hydra-branch-preflight-python3-linux/ecg-maya-hydra/maya-hydra/lib/mayaHydra/hydraExtensions/adapters/constantShadowMatrix.h
[2023-11-24T17:11:20.058Z]     -- promoting: /home/S/jenkins/workspace/ECP/ecg-maya-hydra/ecg-maya-hydra-branch-preflight-python3-linux/ecg-maya-hydra/maya-hydra/lib/mayaHydra/hydraExtensions/adapters/dagAdapter.h
[2023-11-24T17:11:20.058Z]     -- promoting: /home/S/jenkins/workspace/ECP/ecg-maya-hydra/ecg-maya-hydra-branch-preflight-python3-linux/ecg-maya-hydra/maya-hydra/lib/mayaHydra/hydraExtensions/adapters/renderItemAdapter.h
[2023-11-24T17:11:20.058Z]     -- promoting: /home/S/jenkins/workspace/ECP/ecg-maya-hydra/ecg-maya-hydra-branch-preflight-python3-linux/ecg-maya-hydra/maya-hydra/lib/mayaHydra/hydraExtensions/adapters/lightAdapter.h
[2023-11-24T17:11:20.058Z]     -- promoting: /home/S/jenkins/workspace/ECP/ecg-maya-hydra/ecg-maya-hydra-branch-preflight-python3-linux/ecg-maya-hydra/maya-hydra/lib/mayaHydra/hydraExtensions/adapters/materialAdapter.h
[2023-11-24T17:11:20.058Z]     -- promoting: /home/S/jenkins/workspace/ECP/ecg-maya-hydra/ecg-maya-hydra-branch-preflight-python3-linux/ecg-maya-hydra/maya-hydra/lib/mayaHydra/hydraExtensions/adapters/materialNetworkConverter.h
[2023-11-24T17:11:20.058Z]     -- promoting: /home/S/jenkins/workspace/ECP/ecg-maya-hydra/ecg-maya-hydra-branch-preflight-python3-linux/ecg-maya-hydra/maya-hydra/lib/mayaHydra/hydraExtensions/adapters/mayaAttrs.h
[2023-11-24T17:11:20.058Z]     -- promoting: /home/S/jenkins/workspace/ECP/ecg-maya-hydra/ecg-maya-hydra-branch-preflight-python3-linux/ecg-maya-hydra/maya-hydra/lib/mayaHydra/hydraExtensions/adapters/shapeAdapter.h
[2023-11-24T17:11:20.058Z]     -- promoting: /home/S/jenkins/workspace/ECP/ecg-maya-hydra/ecg-maya-hydra-branch-preflight-python3-linux/ecg-maya-hydra/maya-hydra/lib/mayaHydra/hydraExtensions/adapters/tokens.h
[2023-11-24T17:11:20.058Z]     -- promoting: /home/S/jenkins/workspace/ECP/ecg-maya-hydra/ecg-maya-hydra-branch-preflight-python3-linux/ecg-maya-hydra/maya-hydra/lib/mayaHydra/hydraExtensions/delegates/delegate.h
[2023-11-24T17:11:20.058Z]     -- promoting: /home/S/jenkins/workspace/ECP/ecg-maya-hydra/ecg-maya-hydra-branch-preflight-python3-linux/ecg-maya-hydra/maya-hydra/lib/mayaHydra/hydraExtensions/delegates/delegateCtx.h
[2023-11-24T17:11:20.058Z]     -- promoting: /home/S/jenkins/workspace/ECP/ecg-maya-hydra/ecg-maya-hydra-branch-preflight-python3-linux/ecg-maya-hydra/maya-hydra/lib/mayaHydra/hydraExtensions/delegates/delegateDebugCodes.h
[2023-11-24T17:11:20.058Z]     -- promoting: /home/S/jenkins/workspace/ECP/ecg-maya-hydra/ecg-maya-hydra-branch-preflight-python3-linux/ecg-maya-hydra/maya-hydra/lib/mayaHydra/hydraExtensions/delegates/delegateRegistry.h
[2023-11-24T17:11:20.058Z]     -- promoting: /home/S/jenkins/workspace/ECP/ecg-maya-hydra/ecg-maya-hydra-branch-preflight-python3-linux/ecg-maya-hydra/maya-hydra/lib/mayaHydra/hydraExtensions/delegates/params.h
[2023-11-24T17:11:20.058Z]     -- promoting: /home/S/jenkins/workspace/ECP/ecg-maya-hydra/ecg-maya-hydra-branch-preflight-python3-linux/ecg-maya-hydra/maya-hydra/lib/mayaHydra/hydraExtensions/delegates/sceneDelegate.h
[2023-11-24T17:11:20.058Z]     -- promoting: /home/S/jenkins/workspace/ECP/ecg-maya-hydra/ecg-maya-hydra-branch-preflight-python3-linux/ecg-maya-hydra/maya-hydra/lib/mayaHydra/hydraExtensions/delegates/defaultLightDelegate.h
[2023-11-24T17:11:20.058Z]     -- promoting: /home/S/jenkins/workspace/ECP/ecg-maya-hydra/ecg-maya-hydra-branch-preflight-python3-linux/ecg-maya-hydra/maya-hydra/lib/mayaHydra/hydraExtensions/delegates/testDelegate.h
[2023-11-24T17:11:20.058Z]     -- promoting: /home/S/jenkins/workspace/ECP/ecg-maya-hydra/ecg-maya-hydra-branch-preflight-python3-linux/ecg-maya-hydra/maya-hydra/lib/mayaHydra/hydraExtensions/sceneIndex/registration.h
[2023-11-24T17:11:20.058Z]     -- promoting: /home/S/jenkins/workspace/ECP/ecg-maya-hydra/ecg-maya-hydra-branch-preflight-python3-linux/ecg-maya-hydra/maya-hydra/lib/mayaHydra/hydraExtensions/sceneIndex/mayaHydraSceneIndex.h
[2023-11-24T17:11:20.058Z]     -- promoting: /home/S/jenkins/workspace/ECP/ecg-maya-hydra/ecg-maya-hydra-branch-preflight-python3-linux/ecg-maya-hydra/maya-hydra/lib/mayaHydra/hydraExtensions/sceneIndex/mayaHydraDataSource.h
[2023-11-24T17:11:20.058Z]     -- promoting: /home/S/jenkins/workspace/ECP/ecg-maya-hydra/ecg-maya-hydra-branch-preflight-python3-linux/ecg-maya-hydra/maya-hydra/lib/mayaHydra/hydraExtensions/sceneIndex/mayaHydraPrimvarDataSource.h
[2023-11-24T17:11:20.058Z]     -- promoting: /home/S/jenkins/workspace/ECP/ecg-maya-hydra/ecg-maya-hydra-branch-preflight-python3-linux/ecg-maya-hydra/maya-hydra/lib/mayaHydra/hydraExtensions/sceneIndex/mayaHydraDisplayStyleDataSource.h
[2023-11-24T17:11:20.058Z]     -- promoting: /home/S/jenkins/workspace/ECP/ecg-maya-hydra/ecg-maya-hydra-branch-preflight-python3-linux/ecg-maya-hydra/maya-hydra/lib/mayaHydra/hydraExtensions/sceneIndex/mayaHydraCameraDataSource.h
[2023-11-24T17:11:20.058Z]     -- promoting: /home/S/jenkins/workspace/ECP/ecg-maya-hydra/ecg-maya-hydra-branch-preflight-python3-linux/ecg-maya-hydra/maya-hydra/lib/mayaHydra/hydraExtensions/sceneIndex/mayaHydraLightDataSource.h
[2023-11-24T17:11:20.058Z]     -- promoting: /home/S/jenkins/workspace/ECP/ecg-maya-hydra/ecg-maya-hydra-branch-preflight-python3-linux/ecg-maya-hydra/maya-hydra/lib/mayaHydra/hydraExtensions/sceneIndex/mayaHydraDefaultLightDataSource.h
[2023-11-24T17:11:20.058Z]     -- promoting: /home/S/jenkins/workspace/ECP/ecg-maya-hydra/ecg-maya-hydra-branch-preflight-python3-linux/ecg-maya-hydra/maya-hydra/lib/mayaHydra/hydraExtensions/sceneIndex/mayaHydraMayaDataProducerSceneIndexData.h
[2023-11-24T17:11:20.058Z]     -- promoting: /home/S/jenkins/workspace/ECP/ecg-maya-hydra/ecg-maya-hydra-branch-preflight-python3-linux/ecg-maya-hydra/maya-hydra/lib/mayaHydra/hydraExtensions/sceneIndex/mayaHydraMayaDataProducerSceneIndexDataConcreteFactory.h
[2023-11-24T17:11:20.058Z]     -- promoting: /home/S/jenkins/workspace/ECP/ecg-maya-hydra/ecg-maya-hydra-branch-preflight-python3-linux/ecg-maya-hydra/maya-hydra/lib/mayaHydra/hydraExtensions/sceneIndex/mayaHydraSceneIndexDataFactoriesSetup.h
[2023-11-24T17:11:20.058Z]     -- promoting: /home/S/jenkins/workspace/ECP/ecg-maya-hydra/ecg-maya-hydra-branch-preflight-python3-linux/ecg-maya-hydra/maya-hydra/lib/mayaHydra/ufeExtensions/api.h
[2023-11-24T17:11:20.058Z]     -- promoting: /home/S/jenkins/workspace/ECP/ecg-maya-hydra/ecg-maya-hydra-branch-preflight-python3-linux/ecg-maya-hydra/maya-hydra/lib/mayaHydra/ufeExtensions/Global.h
[2023-11-24T17:11:20.058Z]     -- promoting: /home/S/jenkins/workspace/ECP/ecg-maya-hydra/ecg-maya-hydra-branch-preflight-python3-linux/ecg-maya-hydra/maya-hydra/lib/flowViewport/api.h
[2023-11-24T17:11:20.058Z]     -- promoting: /home/S/jenkins/workspace/ECP/ecg-maya-hydra/ecg-maya-hydra-branch-preflight-python3-linux/ecg-maya-hydra/maya-hydra/lib/flowViewport/debugCodes.h
[2023-11-24T17:11:20.058Z]     -- promoting: /home/S/jenkins/workspace/ECP/ecg-maya-hydra/ecg-maya-hydra-branch-preflight-python3-linux/ecg-maya-hydra/maya-hydra/lib/flowViewport/global.h
[2023-11-24T17:11:20.058Z]     -- promoting: /home/S/jenkins/workspace/ECP/ecg-maya-hydra/ecg-maya-hydra-branch-preflight-python3-linux/ecg-maya-hydra/maya-hydra/lib/flowViewport/tokens.h
[2023-11-24T17:11:20.058Z]     -- promoting: /home/S/jenkins/workspace/ECP/ecg-maya-hydra/ecg-maya-hydra-branch-preflight-python3-linux/ecg-maya-hydra/maya-hydra/lib/flowViewport/colorPreferences/fvpColorChanged.h
[2023-11-24T17:11:20.059Z]     -- promoting: /home/S/jenkins/workspace/ECP/ecg-maya-hydra/ecg-maya-hydra-branch-preflight-python3-linux/ecg-maya-hydra/maya-hydra/lib/flowViewport/colorPreferences/fvpColorPreferences.h
[2023-11-24T17:11:20.059Z]     -- promoting: /home/S/jenkins/workspace/ECP/ecg-maya-hydra/ecg-maya-hydra-branch-preflight-python3-linux/ecg-maya-hydra/maya-hydra/lib/flowViewport/colorPreferences/fvpColorPreferencesTokens.h
[2023-11-24T17:11:20.059Z]     -- promoting: /home/S/jenkins/workspace/ECP/ecg-maya-hydra/ecg-maya-hydra-branch-preflight-python3-linux/ecg-maya-hydra/maya-hydra/lib/flowViewport/colorPreferences/fvpColorPreferencesTranslator.h
[2023-11-24T17:11:20.059Z]     -- promoting: /home/S/jenkins/workspace/ECP/ecg-maya-hydra/ecg-maya-hydra-branch-preflight-python3-linux/ecg-maya-hydra/maya-hydra/lib/flowViewport/sceneIndex/fvpMergingSceneIndex.h
[2023-11-24T17:11:20.059Z]     -- promoting: /home/S/jenkins/workspace/ECP/ecg-maya-hydra/ecg-maya-hydra-branch-preflight-python3-linux/ecg-maya-hydra/maya-hydra/lib/flowViewport/sceneIndex/fvpPathInterface.h
[2023-11-24T17:11:20.059Z]     -- promoting: /home/S/jenkins/workspace/ECP/ecg-maya-hydra/ecg-maya-hydra-branch-preflight-python3-linux/ecg-maya-hydra/maya-hydra/lib/flowViewport/sceneIndex/fvpPathInterfaceSceneIndex.h
[2023-11-24T17:11:20.059Z]     -- promoting: /home/S/jenkins/workspace/ECP/ecg-maya-hydra/ecg-maya-hydra-branch-preflight-python3-linux/ecg-maya-hydra/maya-hydra/lib/flowViewport/sceneIndex/fvpRenderIndexProxy.h
[2023-11-24T17:11:20.059Z]     -- promoting: /home/S/jenkins/workspace/ECP/ecg-maya-hydra/ecg-maya-hydra-branch-preflight-python3-linux/ecg-maya-hydra/maya-hydra/lib/flowViewport/sceneIndex/fvpRenderIndexProxyFwd.h
[2023-11-24T17:11:20.059Z]     -- promoting: /home/S/jenkins/workspace/ECP/ecg-maya-hydra/ecg-maya-hydra-branch-preflight-python3-linux/ecg-maya-hydra/maya-hydra/lib/flowViewport/sceneIndex/fvpSelectionSceneIndex.h
[2023-11-24T17:11:20.059Z]     -- promoting: /home/S/jenkins/workspace/ECP/ecg-maya-hydra/ecg-maya-hydra-branch-preflight-python3-linux/ecg-maya-hydra/maya-hydra/lib/flowViewport/sceneIndex/fvpWireframeSelectionHighlightSceneIndex.h
[2023-11-24T17:11:20.059Z]     -- promoting: /home/S/jenkins/workspace/ECP/ecg-maya-hydra/ecg-maya-hydra-branch-preflight-python3-linux/ecg-maya-hydra/maya-hydra/lib/flowViewport/sceneIndex/fvpParentDataModifierSceneIndex.h
[2023-11-24T17:11:20.059Z]     -- promoting: /home/S/jenkins/workspace/ECP/ecg-maya-hydra/ecg-maya-hydra-branch-preflight-python3-linux/ecg-maya-hydra/maya-hydra/lib/flowViewport/API/fvpSelectionClient.h
[2023-11-24T17:11:20.059Z]     -- promoting: /home/S/jenkins/workspace/ECP/ecg-maya-hydra/ecg-maya-hydra-branch-preflight-python3-linux/ecg-maya-hydra/maya-hydra/lib/flowViewport/API/fvpFlowSelectionInterface.h
[2023-11-24T17:11:20.059Z]     -- promoting: /home/S/jenkins/workspace/ECP/ecg-maya-hydra/ecg-maya-hydra-branch-preflight-python3-linux/ecg-maya-hydra/maya-hydra/lib/flowViewport/API/fvpVersionInterface.h
[2023-11-24T17:11:20.059Z]     -- promoting: /home/S/jenkins/workspace/ECP/ecg-maya-hydra/ecg-maya-hydra-branch-preflight-python3-linux/ecg-maya-hydra/maya-hydra/lib/flowViewport/API/fvpInformationInterface.h
[2023-11-24T17:11:20.059Z]     -- promoting: /home/S/jenkins/workspace/ECP/ecg-maya-hydra/ecg-maya-hydra-branch-preflight-python3-linux/ecg-maya-hydra/maya-hydra/lib/flowViewport/API/fvpInformationClient.h
[2023-11-24T17:11:20.059Z]     -- promoting: /home/S/jenkins/workspace/ECP/ecg-maya-hydra/ecg-maya-hydra-branch-preflight-python3-linux/ecg-maya-hydra/maya-hydra/lib/flowViewport/API/fvpDataProducerSceneIndexInterface.h
[2023-11-24T17:11:20.059Z]     -- promoting: /home/S/jenkins/workspace/ECP/ecg-maya-hydra/ecg-maya-hydra-branch-preflight-python3-linux/ecg-maya-hydra/maya-hydra/lib/flowViewport/API/interfacesImp/fvpSelectionInterfaceImp.h
[2023-11-24T17:11:20.059Z]     -- promoting: /home/S/jenkins/workspace/ECP/ecg-maya-hydra/ecg-maya-hydra-branch-preflight-python3-linux/ecg-maya-hydra/maya-hydra/lib/flowViewport/API/interfacesImp/fvpVersionInterfaceImp.h
[2023-11-24T17:11:20.059Z]     -- promoting: /home/S/jenkins/workspace/ECP/ecg-maya-hydra/ecg-maya-hydra-branch-preflight-python3-linux/ecg-maya-hydra/maya-hydra/lib/flowViewport/API/interfacesImp/fvpInformationInterfaceImp.h
[2023-11-24T17:11:20.059Z]     -- promoting: /home/S/jenkins/workspace/ECP/ecg-maya-hydra/ecg-maya-hydra-branch-preflight-python3-linux/ecg-maya-hydra/maya-hydra/lib/flowViewport/API/interfacesImp/fvpDataProducerSceneIndexInterfaceImp.h
[2023-11-24T17:11:20.059Z]     -- promoting: /home/S/jenkins/workspace/ECP/ecg-maya-hydra/ecg-maya-hydra-branch-preflight-python3-linux/ecg-maya-hydra/maya-hydra/lib/flowViewport/API/samples/fvpSelectionClientExample.h
[2023-11-24T17:11:20.059Z]     -- promoting: /home/S/jenkins/workspace/ECP/ecg-maya-hydra/ecg-maya-hydra-branch-preflight-python3-linux/ecg-maya-hydra/maya-hydra/lib/flowViewport/API/samples/fvpInformationClientExample.h
[2023-11-24T17:11:20.059Z]     -- promoting: /home/S/jenkins/workspace/ECP/ecg-maya-hydra/ecg-maya-hydra-branch-preflight-python3-linux/ecg-maya-hydra/maya-hydra/lib/flowViewport/API/samples/fvpDataProducerSceneIndexExample.h
[2023-11-24T17:11:20.059Z]     -- promoting: /home/S/jenkins/workspace/ECP/ecg-maya-hydra/ecg-maya-hydra-branch-preflight-python3-linux/ecg-maya-hydra/maya-hydra/lib/flowViewport/API/perViewportSceneIndicesData/fvpViewportInformationAndSceneIndicesPerViewportData.h
[2023-11-24T17:11:20.059Z]     -- promoting: /home/S/jenkins/workspace/ECP/ecg-maya-hydra/ecg-maya-hydra-branch-preflight-python3-linux/ecg-maya-hydra/maya-hydra/lib/flowViewport/API/perViewportSceneIndicesData/fvpViewportInformationAndSceneIndicesPerViewportDataManager.h
[2023-11-24T17:11:20.059Z]     -- promoting: /home/S/jenkins/workspace/ECP/ecg-maya-hydra/ecg-maya-hydra-branch-preflight-python3-linux/ecg-maya-hydra/maya-hydra/lib/flowViewport/API/perViewportSceneIndicesData/fvpDataProducerSceneIndexDataAbstractFactory.h
[2023-11-24T17:11:20.059Z]     -- promoting: /home/S/jenkins/workspace/ECP/ecg-maya-hydra/ecg-maya-hydra-branch-preflight-python3-linux/ecg-maya-hydra/maya-hydra/lib/flowViewport/API/perViewportSceneIndicesData/fvpDataProducerSceneIndexDataBase.h
[2023-11-24T17:11:20.059Z]     -- promoting: /home/S/jenkins/workspace/ECP/ecg-maya-hydra/ecg-maya-hydra-branch-preflight-python3-linux/ecg-maya-hydra/maya-hydra/lib/flowViewport/selection/fvpSelection.h
[2023-11-24T17:11:20.059Z]     -- promoting: /home/S/jenkins/workspace/ECP/ecg-maya-hydra/ecg-maya-hydra-branch-preflight-python3-linux/ecg-maya-hydra/maya-hydra/lib/flowViewport/selection/fvpSelectionFwd.h
[2023-11-24T17:11:20.059Z]     -- promoting: /home/S/jenkins/workspace/ECP/ecg-maya-hydra/ecg-maya-hydra-branch-preflight-python3-linux/ecg-maya-hydra/maya-hydra/lib/flowViewport/selection/fvpSelectionTask.h
[2023-11-24T17:11:20.059Z]     -- promoting: /home/S/jenkins/workspace/ECP/ecg-maya-hydra/ecg-maya-hydra-branch-preflight-python3-linux/ecg-maya-hydra/maya-hydra/lib/flowViewport/selection/fvpSelectionTracker.h
[2023-11-24T17:11:21.181Z]     -- Configuring done
[2023-11-24T17:11:21.181Z]     -- Generating done
[2023-11-24T17:11:21.181Z]     -- Build files have been written to: /home/S/jenkins/workspace/ECP/ecg-maya-hydra/ecg-maya-hydra-branch-preflight-python3-linux/build/Debug
[2023-11-24T17:11:21.181Z]     
[2023-11-24T17:11:21.181Z]         Building with settings:
[2023-11-24T17:11:21.181Z]           Source directory          /home/S/jenkins/workspace/ECP/ecg-maya-hydra/ecg-maya-hydra-branch-preflight-python3-linux/ecg-maya-hydra/maya-hydra
[2023-11-24T17:11:21.181Z]           Workspace directory       /local/S/jenkins/workspace/ECP/ecg-maya-hydra/ecg-maya-hydra-branch-preflight-python3-linux
[2023-11-24T17:11:21.181Z]           Build directory           /local/S/jenkins/workspace/ECP/ecg-maya-hydra/ecg-maya-hydra-branch-preflight-python3-linux/build/Debug
[2023-11-24T17:11:21.181Z]           Install directory         /local/S/jenkins/workspace/ECP/ecg-maya-hydra/ecg-maya-hydra-branch-preflight-python3-linux/install/Debug/MayaHydra
[2023-11-24T17:11:21.181Z]           Variant                   Debug
[2023-11-24T17:11:21.181Z]           Python Debug              On
[2023-11-24T17:11:21.181Z]           CMake generator           Ninja
[2023-11-24T17:11:21.181Z]           Build arguments           ['-DCMAKE_MAKE_PROGRAM=/local/S/jenkins/workspace/shared/Artifactory/Linux/ninja/1.10.2/9ab399b/ninja', '-DPYTHON_INCLUDE_DIR=/local/S/jenkins/workspace/shared/Artifactory/Linux/rundev-master-debug/202311231351/runtime/57a60b2/runTime/include/Python311/Python', '-DPython_EXECUTABLE=/local/S/jenkins/workspace/shared/Artifactory/Linux/rundev-master-debug/202311231351/runtime/57a60b2/runTime/bin/mayapy', '-DPYTHON_LIBRARIES=/local/S/jenkins/workspace/shared/Artifactory/Linux/rundev-master-debug/202311231351/runtime/57a60b2/runTime/lib/libpython3.11d.so.1.0', '-DBUILD_WITH_PYTHON_3_VERSION=3.11', '-DCMAKE_WANT_MATERIALX_BUILD=ON', '-DCMAKE_PREFIX_PATH=/local/S/jenkins/workspace/shared/Artifactory/Linux/USD/e5ad5df', '-DMAYAHYDRA_BUILD_NUMBER=416', '-DMAYAHYDRA_GIT_COMMIT=62a73979edd44a3d10a3332c52c02d4ba3bdc24c', '-DMAYAHYDRA_GIT_BRANCH=master']
[2023-11-24T17:11:21.181Z]           Stages arguments          ['configure']
[2023-11-24T17:11:21.181Z]           CTest arguments           ['--parallel 16']
[2023-11-24T17:11:21.181Z]     STATUS: Could not find Maya Qt6.
[2023-11-24T17:11:21.181Z]     STATUS:   Extracting '/local/S/jenkins/workspace/shared/Artifactory/Linux/rundev-master-debug/202311231351/runtime/57a60b2/devkitBase/Qt.tgz' to '/local/S/jenkins/workspace/shared/Artifactory/Linux/rundev-master-debug/202311231351/runtime/57a60b2/devkitBase'
[2023-11-24T17:11:21.181Z]     Success MayaHydra build and install !!!!
[2023-11-24T17:11:21.181Z]     Elapsed time: 00:00:10
[Pipeline] sh
[2023-11-24T17:11:22.821Z] + scl enable gcc-toolset-11 -
[2023-11-24T17:11:22.821Z] + '[' enable = load -o enable = unload ']'
[2023-11-24T17:11:22.821Z] + /usr/bin/scl enable gcc-toolset-11 -
[2023-11-24T17:11:22.821Z] python ecg-maya-hydra/build.py --stages=configure --workspace-dir=/local/S/jenkins/workspace/ECP/ecg-maya-hydra/ecg-maya-hydra-branch-preflight-python3-linux --artifactory-dir=/local/S/jenkins/workspace/shared/Artifactory --build-dir=/local/S/jenkins/workspace/ECP/ecg-maya-hydra/ecg-maya-hydra-branch-preflight-python3-linux/build --install-dir=/local/S/jenkins/workspace/ECP/ecg-maya-hydra/ecg-maya-hydra-branch-preflight-python3-linux/install --signing-dir=/local/S/jenkins/workspace/ECP/ecg-maya-hydra/ecg-maya-hydra-branch-preflight-python3-linux/signing --package-dir=/local/S/jenkins/workspace/ECP/ecg-maya-hydra/ecg-maya-hydra-branch-preflight-python3-linux/package --output-dir=/local/S/jenkins/workspace/ECP/ecg-maya-hydra/ecg-maya-hydra-branch-preflight-python3-linux/output --stash-dir=/local/S/jenkins/workspace/ECP/ecg-maya-hydra/ecg-maya-hydra-branch-preflight-python3-linux/stash --jenkins-build=416 --git-commit=62a73979edd44a3d10a3332c52c02d4ba3bdc24c --git-branch=master --variants=RelWithDebInfo --interactive-tests=true --post-zips=false --osx-binary-architecture-target=ub2 --osx-deployment-target=11.0 --osx-base-sdk=CurrentActiveSDK --maya-cut-config=maya-rundev-master.yaml --maya-package=rundev-master --stage-banner
[2023-11-24T17:11:22.821Z] Using Maya cut from /local/S/jenkins/workspace/shared/Artifactory/Linux/rundev-master/202311231351/runtime/3705c87
[2023-11-24T17:11:22.821Z] 
[2023-11-24T17:11:22.821Z] ================================================================================
[2023-11-24T17:11:22.821Z]                            configure (RelWithDebInfo)
[2023-11-24T17:11:22.821Z] ================================================================================
[2023-11-24T17:11:22.821Z] Maya Python RelWithDebInfo Info:
[2023-11-24T17:11:22.821Z]   mayapy executable   = /local/S/jenkins/workspace/shared/Artifactory/Linux/rundev-master/202311231351/runtime/3705c87/runTime/bin/mayapy
[2023-11-24T17:11:22.821Z]   Include Folder      = /local/S/jenkins/workspace/shared/Artifactory/Linux/rundev-master/202311231351/runtime/3705c87/runTime/include/Python311/Python
[2023-11-24T17:11:22.821Z]   Library             = /local/S/jenkins/workspace/shared/Artifactory/Linux/rundev-master/202311231351/runtime/3705c87/runTime/lib/libpython3.11.so.1.0
[2023-11-24T17:11:22.821Z]   site-package Folder = /local/S/jenkins/workspace/shared/Artifactory/Linux/rundev-master/202311231351/runtime/3705c87/runTime/lib/python3.11/site-packages
[2023-11-24T17:11:22.821Z] In workdir: /home/S/jenkins/workspace/ECP/ecg-maya-hydra/ecg-maya-hydra-branch-preflight-python3-linux/ecg-maya-hydra/maya-hydra
[2023-11-24T17:11:22.821Z] Executing: /local/S/jenkins/workspace/shared/Artifactory/Linux/rundev-master/202311231351/runtime/3705c87/runTime/bin/mayapy /home/S/jenkins/workspace/ECP/ecg-maya-hydra/ecg-maya-hydra-branch-preflight-python3-linux/ecg-maya-hydra/maya-hydra/build.py --generator Ninja --build-relwithdebug --maya-location /local/S/jenkins/workspace/shared/Artifactory/Linux/rundev-master/202311231351/runtime/3705c87/runTime --devkit-location /local/S/jenkins/workspace/shared/Artifactory/Linux/rundev-master/202311231351/runtime/3705c87/devkitBase --pxrusd-location /local/S/jenkins/workspace/shared/Artifactory/Linux/USD/1a43c47 --build-args=-DCMAKE_MAKE_PROGRAM=/local/S/jenkins/workspace/shared/Artifactory/Linux/ninja/1.10.2/9ab399b/ninja,-DPYTHON_INCLUDE_DIR=/local/S/jenkins/workspace/shared/Artifactory/Linux/rundev-master/202311231351/runtime/3705c87/runTime/include/Python311/Python,-DPython_EXECUTABLE=/local/S/jenkins/workspace/shared/Artifactory/Linux/rundev-master/202311231351/runtime/3705c87/runTime/bin/mayapy,-DPYTHON_LIBRARIES=/local/S/jenkins/workspace/shared/Artifactory/Linux/rundev-master/202311231351/runtime/3705c87/runTime/lib/libpython3.11.so.1.0,-DBUILD_WITH_PYTHON_3_VERSION=3.11,-DCMAKE_WANT_MATERIALX_BUILD=ON,-DCMAKE_PREFIX_PATH=/local/S/jenkins/workspace/shared/Artifactory/Linux/USD/1a43c47,-DMAYAHYDRA_BUILD_NUMBER=416,-DMAYAHYDRA_GIT_COMMIT=62a73979edd44a3d10a3332c52c02d4ba3bdc24c,-DMAYAHYDRA_GIT_BRANCH=master '--ctest-args=--parallel 16' --stages=configure --redirect-outstream-file=False --install-location /local/S/jenkins/workspace/ECP/ecg-maya-hydra/ecg-maya-hydra-branch-preflight-python3-linux/install/RelWithDebInfo/MayaHydra /local/S/jenkins/workspace/ECP/ecg-maya-hydra/ecg-maya-hydra-branch-preflight-python3-linux
[2023-11-24T17:11:22.821Z] Modified environment variables:
[2023-11-24T17:11:22.821Z]     LD_LIBRARY_PATH=/opt/rh/gcc-toolset-11/root/usr/lib64:/opt/rh/gcc-toolset-11/root/usr/lib64:/opt/rh/gcc-toolset-11/root/usr/lib:/opt/rh/gcc-toolset-11/root/usr/lib64/dyninst:/opt/rh/gcc-toolset-11/root/usr/lib/dyninst
[2023-11-24T17:11:22.821Z]     PATH=/local/S/jenkins/workspace/shared/Artifactory/Linux/cmake/3.20.3/ab685d7/bin:/opt/rh/gcc-toolset-11/root/usr/bin:/home/administrator/.local/bin:/home/administrator/bin:/usr/share/Modules/bin:/usr/local/bin:/usr/local/sbin:/usr/bin:/usr/sbin
[2023-11-24T17:11:23.356Z]     -- The C compiler identification is GNU 11.2.1
[2023-11-24T17:11:23.356Z]     -- The CXX compiler identification is GNU 11.2.1
[2023-11-24T17:11:23.356Z]     -- Detecting C compiler ABI info
[2023-11-24T17:11:23.356Z]     -- Detecting C compiler ABI info - done
[2023-11-24T17:11:23.356Z]     -- Check for working C compiler: /opt/rh/gcc-toolset-11/root/usr/bin/cc - skipped
[2023-11-24T17:11:23.357Z]     -- Detecting C compile features
[2023-11-24T17:11:23.357Z]     -- Detecting C compile features - done
[2023-11-24T17:11:23.357Z]     -- Detecting CXX compiler ABI info
[2023-11-24T17:11:23.357Z]     -- Detecting CXX compiler ABI info - done
[2023-11-24T17:11:23.357Z]     -- Check for working CXX compiler: /opt/rh/gcc-toolset-11/root/usr/bin/c++ - skipped
[2023-11-24T17:11:23.357Z]     -- Detecting CXX compile features
[2023-11-24T17:11:23.357Z]     -- Detecting CXX compile features - done
[2023-11-24T17:11:23.892Z]     -- Using Maya Light API Version 3
[2023-11-24T17:11:23.892Z]     -- Maya has setDefaultMaterialHandling API
[2023-11-24T17:11:23.892Z]     -- Maya has new point snapping API
[2023-11-24T17:11:23.892Z]     -- Maya has isInCrashHandler API
[2023-11-24T17:11:23.892Z]     -- Maya has getDisplayStyleOfAllViewports API
[2023-11-24T17:11:23.892Z]     -- Maya array iterator has difference_type trait
[2023-11-24T17:11:23.892Z]     -- MFnSet has getMemberPaths function
[2023-11-24T17:11:23.892Z]     -- MFnDisplayLayer exists
[2023-11-24T17:11:23.892Z]     -- MDisplayLayerMessage has MDisplayLayerMemberChangedFunction
[2023-11-24T17:11:23.892Z]     -- MRenderItem has HideOnPlayback API
[2023-11-24T17:11:23.892Z]     -- Linux: Maya was built with new cxx11 ABI
[2023-11-24T17:11:23.892Z]     -- Found Maya: /local/S/jenkins/workspace/shared/Artifactory/Linux/rundev-master/202311231351/runtime/3705c87/runTime/bin/maya (found suitable version "2025", minimum required is "2024")
[2023-11-24T17:11:24.428Z]     -- Found Python: /local/S/jenkins/workspace/shared/Artifactory/Linux/rundev-master/202311231351/runtime/3705c87/runTime/bin/mayapy (found suitable exact version "3.11.4") found components: Interpreter
[2023-11-24T17:11:24.428Z]     -- Build mayaHydra with Python3 = 3.11
[2023-11-24T17:11:24.428Z]     --    PYTHON_INCLUDE_DIRS = /local/S/jenkins/workspace/shared/Artifactory/Linux/rundev-master/202311231351/runtime/3705c87/runTime/include/Python311/Python
[2023-11-24T17:11:24.428Z]     --    PYTHON_LIBRARIES    = /local/S/jenkins/workspace/shared/Artifactory/Linux/rundev-master/202311231351/runtime/3705c87/runTime/lib/libpython3.11.so.1.0
[2023-11-24T17:11:24.428Z]     --    Python_EXECUTABLE   = /local/S/jenkins/workspace/shared/Artifactory/Linux/rundev-master/202311231351/runtime/3705c87/runTime/bin/mayapy
[2023-11-24T17:11:24.428Z]     -- Found Python3: /local/S/jenkins/workspace/shared/Artifactory/Linux/rundev-master/202311231351/runtime/3705c87/runTime/include/Python311/Python (found suitable exact version "3.11.4") found components: Development Development.Module Development.Embed
[2023-11-24T17:11:24.428Z]     -- USD has new Sdr.PropertyTypes.Color4
[2023-11-24T17:11:24.963Z]     -- USD has MaterialX metadata support
[2023-11-24T17:11:24.963Z]     -- USD include dir: /local/S/jenkins/workspace/shared/Artifactory/Linux/USD/1a43c47/include
[2023-11-24T17:11:24.963Z]     -- USD library dir: /local/S/jenkins/workspace/shared/Artifactory/Linux/USD/1a43c47/lib
[2023-11-24T17:11:24.963Z]     -- USD version: 0.23.11
[2023-11-24T17:11:24.963Z]     -- Found USD: /local/S/jenkins/workspace/shared/Artifactory/Linux/USD/1a43c47 (found suitable version "0.23.11", minimum required is "0.22.11")
[2023-11-24T17:11:24.963Z]     Updated PYTHONPATH: /local/S/jenkins/workspace/shared/Artifactory/Linux/USD/1a43c47/lib/python
[2023-11-24T17:11:24.963Z]     -- Found UFE: /local/S/jenkins/workspace/shared/Artifactory/Linux/rundev-master/202311231351/runtime/3705c87/devkitBase/devkit/ufe/include (found version "0.5.13")
[2023-11-24T17:11:24.963Z]     -- UFE include dir: /local/S/jenkins/workspace/shared/Artifactory/Linux/rundev-master/202311231351/runtime/3705c87/devkitBase/devkit/ufe/include
[2023-11-24T17:11:24.963Z]     -- UFE library: /local/S/jenkins/workspace/shared/Artifactory/Linux/rundev-master/202311231351/runtime/3705c87/devkitBase/devkit/ufe/lib/libufe_0.so
[2023-11-24T17:11:24.963Z]     -- UFE version: 0.5.13
[2023-11-24T17:11:24.963Z]     -- Maya has UFE lights API
[2023-11-24T17:11:24.963Z]     -- Maya has UFE scene segment API
[2023-11-24T17:11:24.963Z]     -- Maya has UFE TrieNode childrenComponents accessor
[2023-11-24T17:11:24.963Z]     -- Building with UFE 0.5.13.
[2023-11-24T17:11:24.963Z]     -- Found MaterialX
[2023-11-24T17:11:24.963Z]     -- Check if compiler accepts -pthread
[2023-11-24T17:11:25.498Z]     -- Check if compiler accepts -pthread - yes
[2023-11-24T17:11:25.498Z]     -- Performing Test HAVE_STDATOMIC
[2023-11-24T17:11:25.498Z]     -- Performing Test HAVE_STDATOMIC - Success
[2023-11-24T17:11:25.498Z]     -- Found OpenGL: /usr/lib64/libOpenGL.so
[2023-11-24T17:11:25.498Z]     -- Check if linker can resolve circular dependencies - FALSE
[2023-11-24T17:11:25.498Z]     -- Found Qt 6.5.3 in Maya devkit. Hydra Scene Browser will be built.
[2023-11-24T17:11:25.498Z]     -- **** Building Gulrak From Github Repository.
[2023-11-24T17:11:25.498Z]     -- Populating gulrak
[2023-11-24T17:11:25.498Z]     -- Configuring done
[2023-11-24T17:11:25.498Z]     -- Generating done
[2023-11-24T17:11:25.498Z]     -- Build files have been written to: /home/S/jenkins/workspace/ECP/ecg-maya-hydra/ecg-maya-hydra-branch-preflight-python3-linux/build/RelWithDebInfo/_deps/gulrak-subbuild
[2023-11-24T17:11:25.498Z]     [1/9] Creating directories for 'gulrak-populate'
[2023-11-24T17:11:25.498Z]     [1/9] Performing download step (git clone) for 'gulrak-populate'
[2023-11-24T17:11:25.498Z]     Cloning into 'gulrak-src'...
[2023-11-24T17:11:26.042Z]     HEAD is now at 4e21ab3 Version bump and updated readme.
[2023-11-24T17:11:26.042Z]     [2/9] Performing update step for 'gulrak-populate'
[2023-11-24T17:11:26.042Z]     [4/9] No patch step for 'gulrak-populate'
[2023-11-24T17:11:26.042Z]     [5/9] No configure step for 'gulrak-populate'
[2023-11-24T17:11:26.042Z]     [6/9] No build step for 'gulrak-populate'
[2023-11-24T17:11:26.042Z]     [7/9] No install step for 'gulrak-populate'
[2023-11-24T17:11:26.042Z]     [8/9] No test step for 'gulrak-populate'
[2023-11-24T17:11:26.042Z]     [9/9] Completed 'gulrak-populate'
[2023-11-24T17:11:26.042Z]     -- ========== Installing GoogleTest... ==========
[2023-11-24T17:11:26.580Z]     -- Configuring done
[2023-11-24T17:11:26.580Z]     -- Generating done
[2023-11-24T17:11:26.580Z]     -- Build files have been written to: /home/S/jenkins/workspace/ECP/ecg-maya-hydra/ecg-maya-hydra-branch-preflight-python3-linux/build/RelWithDebInfo/googletest-config
[2023-11-24T17:11:26.580Z]     [1/8] Creating directories for 'googletest'
[2023-11-24T17:11:27.704Z]     [2/8] Performing download step (git clone) for 'googletest'
[2023-11-24T17:11:27.704Z]     Cloning into 'googletest-src'...
[2023-11-24T17:11:27.704Z]     HEAD is now at 703bd9ca Googletest export
[2023-11-24T17:11:27.704Z]     [3/8] Performing update step for 'googletest'
[2023-11-24T17:11:27.704Z]     [4/8] No patch step for 'googletest'
[2023-11-24T17:11:28.240Z]     [5/8] Performing configure step for 'googletest'
[2023-11-24T17:11:28.240Z]     Not searching for unused variables given on the command line.
[2023-11-24T17:11:28.240Z]     CMake Deprecation Warning at CMakeLists.txt:4 (cmake_minimum_required):
[2023-11-24T17:11:28.240Z]       Compatibility with CMake < 2.8.12 will be removed from a future version of
[2023-11-24T17:11:28.240Z]       CMake.
[2023-11-24T17:11:28.240Z]     
[2023-11-24T17:11:28.240Z]       Update the VERSION argument <min> value or use a ...<max> suffix to tell
[2023-11-24T17:11:28.240Z]       CMake that the project does not need compatibility with older versions.
[2023-11-24T17:11:28.240Z]     
[2023-11-24T17:11:28.240Z]     
[2023-11-24T17:11:28.240Z]     -- The C compiler identification is GNU 11.2.1
[2023-11-24T17:11:28.240Z]     -- The CXX compiler identification is GNU 11.2.1
[2023-11-24T17:11:28.240Z]     -- Detecting C compiler ABI info
[2023-11-24T17:11:28.240Z]     -- Detecting C compiler ABI info - done
[2023-11-24T17:11:28.240Z]     -- Check for working C compiler: /opt/rh/gcc-toolset-11/root/usr/bin/cc - skipped
[2023-11-24T17:11:28.240Z]     -- Detecting C compile features
[2023-11-24T17:11:28.240Z]     -- Detecting C compile features - done
[2023-11-24T17:11:28.240Z]     -- Detecting CXX compiler ABI info
[2023-11-24T17:11:28.240Z]     -- Detecting CXX compiler ABI info - done
[2023-11-24T17:11:28.240Z]     -- Check for working CXX compiler: /opt/rh/gcc-toolset-11/root/usr/bin/c++ - skipped
[2023-11-24T17:11:28.240Z]     -- Detecting CXX compile features
[2023-11-24T17:11:28.240Z]     -- Detecting CXX compile features - done
[2023-11-24T17:11:28.240Z]     CMake Deprecation Warning at googletest/CMakeLists.txt:56 (cmake_minimum_required):
[2023-11-24T17:11:28.240Z]       Compatibility with CMake < 2.8.12 will be removed from a future version of
[2023-11-24T17:11:28.240Z]       CMake.
[2023-11-24T17:11:28.240Z]     
[2023-11-24T17:11:28.240Z]       Update the VERSION argument <min> value or use a ...<max> suffix to tell
[2023-11-24T17:11:28.240Z]       CMake that the project does not need compatibility with older versions.
[2023-11-24T17:11:28.240Z]     
[2023-11-24T17:11:28.240Z]     
[2023-11-24T17:11:28.240Z]     -- Found PythonInterp: /usr/local/bin/python (found version "3.9.7")
[2023-11-24T17:11:28.240Z]     -- Looking for pthread.h
[2023-11-24T17:11:28.240Z]     -- Looking for pthread.h - found
[2023-11-24T17:11:28.240Z]     -- Performing Test CMAKE_HAVE_LIBC_PTHREAD
[2023-11-24T17:11:28.240Z]     -- Performing Test CMAKE_HAVE_LIBC_PTHREAD - Failed
[2023-11-24T17:11:28.240Z]     -- Looking for pthread_create in pthreads
[2023-11-24T17:11:28.240Z]     -- Looking for pthread_create in pthreads - not found
[2023-11-24T17:11:28.240Z]     -- Looking for pthread_create in pthread
[2023-11-24T17:11:28.240Z]     -- Looking for pthread_create in pthread - found
[2023-11-24T17:11:28.240Z]     -- Found Threads: TRUE
[2023-11-24T17:11:28.240Z]     -- Configuring done
[2023-11-24T17:11:28.240Z]     -- Generating done
[2023-11-24T17:11:28.240Z]     -- Build files have been written to: /home/S/jenkins/workspace/ECP/ecg-maya-hydra/ecg-maya-hydra-branch-preflight-python3-linux/build/RelWithDebInfo/googletest-build
[2023-11-24T17:11:37.700Z]     [6/8] Performing build step for 'googletest'
[2023-11-24T17:11:37.700Z]     [1/4] Building CXX object googletest/CMakeFiles/gtest_main.dir/src/gtest_main.cc.o
[2023-11-24T17:11:37.700Z]     [2/4] Building CXX object googletest/CMakeFiles/gtest.dir/src/gtest-all.cc.o
[2023-11-24T17:11:37.700Z]     [3/4] Linking CXX shared library lib/libgtest.so
[2023-11-24T17:11:37.700Z]     [4/4] Linking CXX shared library lib/libgtest_main.so
[2023-11-24T17:11:37.700Z]     [7/8] Performing install step for 'googletest'
[2023-11-24T17:11:37.700Z]     [0/1] Install the project...
[2023-11-24T17:11:37.700Z]     -- Install configuration: "RelWithDebInfo"
[2023-11-24T17:11:37.700Z]     -- Set runtime path of "/home/S/jenkins/workspace/ECP/ecg-maya-hydra/ecg-maya-hydra-branch-preflight-python3-linux/build/RelWithDebInfo/googletest-install/lib64/libgtest_main.so" to ""
[2023-11-24T17:11:37.700Z]     [8/8] Completed 'googletest'
[2023-11-24T17:11:37.700Z]     -- ========== ...  GoogleTest installed. ==========
[2023-11-24T17:11:37.700Z]     -- Found GTest: /home/S/jenkins/workspace/ECP/ecg-maya-hydra/ecg-maya-hydra-branch-preflight-python3-linux/build/RelWithDebInfo/googletest-install/lib64/libgtest.so
[2023-11-24T17:11:37.700Z]     -- promoting: /home/S/jenkins/workspace/ECP/ecg-maya-hydra/ecg-maya-hydra-branch-preflight-python3-linux/ecg-maya-hydra/maya-hydra/lib/mayaHydra/mayaPlugin/pluginUtils.h
[2023-11-24T17:11:37.700Z]     -- promoting: /home/S/jenkins/workspace/ECP/ecg-maya-hydra/ecg-maya-hydra-branch-preflight-python3-linux/ecg-maya-hydra/maya-hydra/lib/mayaHydra/hydraExtensions/api.h
[2023-11-24T17:11:37.700Z]     -- promoting: /home/S/jenkins/workspace/ECP/ecg-maya-hydra/ecg-maya-hydra-branch-preflight-python3-linux/ecg-maya-hydra/maya-hydra/lib/mayaHydra/hydraExtensions/debugCodes.h
[2023-11-24T17:11:37.700Z]     -- promoting: /home/S/jenkins/workspace/ECP/ecg-maya-hydra/ecg-maya-hydra-branch-preflight-python3-linux/ecg-maya-hydra/maya-hydra/lib/mayaHydra/hydraExtensions/hydraUtils.h
[2023-11-24T17:11:37.700Z]     -- promoting: /home/S/jenkins/workspace/ECP/ecg-maya-hydra/ecg-maya-hydra-branch-preflight-python3-linux/ecg-maya-hydra/maya-hydra/lib/mayaHydra/hydraExtensions/mayaHydraLibInterface.h
[2023-11-24T17:11:37.700Z]     -- promoting: /home/S/jenkins/workspace/ECP/ecg-maya-hydra/ecg-maya-hydra-branch-preflight-python3-linux/ecg-maya-hydra/maya-hydra/lib/mayaHydra/hydraExtensions/mayaHydraLibInterfaceImp.h
[2023-11-24T17:11:37.700Z]     -- promoting: /home/S/jenkins/workspace/ECP/ecg-maya-hydra/ecg-maya-hydra-branch-preflight-python3-linux/ecg-maya-hydra/maya-hydra/lib/mayaHydra/hydraExtensions/mayaUtils.h
[2023-11-24T17:11:37.700Z]     -- promoting: /home/S/jenkins/workspace/ECP/ecg-maya-hydra/ecg-maya-hydra-branch-preflight-python3-linux/ecg-maya-hydra/maya-hydra/lib/mayaHydra/hydraExtensions/mixedUtils.h
[2023-11-24T17:11:37.700Z]     -- promoting: /home/S/jenkins/workspace/ECP/ecg-maya-hydra/ecg-maya-hydra-branch-preflight-python3-linux/ecg-maya-hydra/maya-hydra/lib/mayaHydra/hydraExtensions/mayaHydraSceneProducer.h
[2023-11-24T17:11:37.700Z]     -- promoting: /home/S/jenkins/workspace/ECP/ecg-maya-hydra/ecg-maya-hydra-branch-preflight-python3-linux/ecg-maya-hydra/maya-hydra/lib/mayaHydra/hydraExtensions/adapters/adapter.h
[2023-11-24T17:11:37.700Z]     -- promoting: /home/S/jenkins/workspace/ECP/ecg-maya-hydra/ecg-maya-hydra-branch-preflight-python3-linux/ecg-maya-hydra/maya-hydra/lib/mayaHydra/hydraExtensions/adapters/adapterDebugCodes.h
[2023-11-24T17:11:37.700Z]     -- promoting: /home/S/jenkins/workspace/ECP/ecg-maya-hydra/ecg-maya-hydra-branch-preflight-python3-linux/ecg-maya-hydra/maya-hydra/lib/mayaHydra/hydraExtensions/adapters/adapterRegistry.h
[2023-11-24T17:11:37.700Z]     -- promoting: /home/S/jenkins/workspace/ECP/ecg-maya-hydra/ecg-maya-hydra-branch-preflight-python3-linux/ecg-maya-hydra/maya-hydra/lib/mayaHydra/hydraExtensions/adapters/cameraAdapter.h
[2023-11-24T17:11:37.700Z]     -- promoting: /home/S/jenkins/workspace/ECP/ecg-maya-hydra/ecg-maya-hydra-branch-preflight-python3-linux/ecg-maya-hydra/maya-hydra/lib/mayaHydra/hydraExtensions/adapters/constantShadowMatrix.h
[2023-11-24T17:11:37.700Z]     -- promoting: /home/S/jenkins/workspace/ECP/ecg-maya-hydra/ecg-maya-hydra-branch-preflight-python3-linux/ecg-maya-hydra/maya-hydra/lib/mayaHydra/hydraExtensions/adapters/dagAdapter.h
[2023-11-24T17:11:37.700Z]     -- promoting: /home/S/jenkins/workspace/ECP/ecg-maya-hydra/ecg-maya-hydra-branch-preflight-python3-linux/ecg-maya-hydra/maya-hydra/lib/mayaHydra/hydraExtensions/adapters/renderItemAdapter.h
[2023-11-24T17:11:37.700Z]     -- promoting: /home/S/jenkins/workspace/ECP/ecg-maya-hydra/ecg-maya-hydra-branch-preflight-python3-linux/ecg-maya-hydra/maya-hydra/lib/mayaHydra/hydraExtensions/adapters/lightAdapter.h
[2023-11-24T17:11:37.700Z]     -- promoting: /home/S/jenkins/workspace/ECP/ecg-maya-hydra/ecg-maya-hydra-branch-preflight-python3-linux/ecg-maya-hydra/maya-hydra/lib/mayaHydra/hydraExtensions/adapters/materialAdapter.h
[2023-11-24T17:11:37.700Z]     -- promoting: /home/S/jenkins/workspace/ECP/ecg-maya-hydra/ecg-maya-hydra-branch-preflight-python3-linux/ecg-maya-hydra/maya-hydra/lib/mayaHydra/hydraExtensions/adapters/materialNetworkConverter.h
[2023-11-24T17:11:37.700Z]     -- promoting: /home/S/jenkins/workspace/ECP/ecg-maya-hydra/ecg-maya-hydra-branch-preflight-python3-linux/ecg-maya-hydra/maya-hydra/lib/mayaHydra/hydraExtensions/adapters/mayaAttrs.h
[2023-11-24T17:11:37.700Z]     -- promoting: /home/S/jenkins/workspace/ECP/ecg-maya-hydra/ecg-maya-hydra-branch-preflight-python3-linux/ecg-maya-hydra/maya-hydra/lib/mayaHydra/hydraExtensions/adapters/shapeAdapter.h
[2023-11-24T17:11:37.700Z]     -- promoting: /home/S/jenkins/workspace/ECP/ecg-maya-hydra/ecg-maya-hydra-branch-preflight-python3-linux/ecg-maya-hydra/maya-hydra/lib/mayaHydra/hydraExtensions/adapters/tokens.h
[2023-11-24T17:11:37.700Z]     -- promoting: /home/S/jenkins/workspace/ECP/ecg-maya-hydra/ecg-maya-hydra-branch-preflight-python3-linux/ecg-maya-hydra/maya-hydra/lib/mayaHydra/hydraExtensions/delegates/delegate.h
[2023-11-24T17:11:37.700Z]     -- promoting: /home/S/jenkins/workspace/ECP/ecg-maya-hydra/ecg-maya-hydra-branch-preflight-python3-linux/ecg-maya-hydra/maya-hydra/lib/mayaHydra/hydraExtensions/delegates/delegateCtx.h
[2023-11-24T17:11:37.700Z]     -- promoting: /home/S/jenkins/workspace/ECP/ecg-maya-hydra/ecg-maya-hydra-branch-preflight-python3-linux/ecg-maya-hydra/maya-hydra/lib/mayaHydra/hydraExtensions/delegates/delegateDebugCodes.h
[2023-11-24T17:11:37.701Z]     -- promoting: /home/S/jenkins/workspace/ECP/ecg-maya-hydra/ecg-maya-hydra-branch-preflight-python3-linux/ecg-maya-hydra/maya-hydra/lib/mayaHydra/hydraExtensions/delegates/delegateRegistry.h
[2023-11-24T17:11:37.701Z]     -- promoting: /home/S/jenkins/workspace/ECP/ecg-maya-hydra/ecg-maya-hydra-branch-preflight-python3-linux/ecg-maya-hydra/maya-hydra/lib/mayaHydra/hydraExtensions/delegates/params.h
[2023-11-24T17:11:37.701Z]     -- promoting: /home/S/jenkins/workspace/ECP/ecg-maya-hydra/ecg-maya-hydra-branch-preflight-python3-linux/ecg-maya-hydra/maya-hydra/lib/mayaHydra/hydraExtensions/delegates/sceneDelegate.h
[2023-11-24T17:11:37.701Z]     -- promoting: /home/S/jenkins/workspace/ECP/ecg-maya-hydra/ecg-maya-hydra-branch-preflight-python3-linux/ecg-maya-hydra/maya-hydra/lib/mayaHydra/hydraExtensions/delegates/defaultLightDelegate.h
[2023-11-24T17:11:37.701Z]     -- promoting: /home/S/jenkins/workspace/ECP/ecg-maya-hydra/ecg-maya-hydra-branch-preflight-python3-linux/ecg-maya-hydra/maya-hydra/lib/mayaHydra/hydraExtensions/delegates/testDelegate.h
[2023-11-24T17:11:37.701Z]     -- promoting: /home/S/jenkins/workspace/ECP/ecg-maya-hydra/ecg-maya-hydra-branch-preflight-python3-linux/ecg-maya-hydra/maya-hydra/lib/mayaHydra/hydraExtensions/sceneIndex/registration.h
[2023-11-24T17:11:37.701Z]     -- promoting: /home/S/jenkins/workspace/ECP/ecg-maya-hydra/ecg-maya-hydra-branch-preflight-python3-linux/ecg-maya-hydra/maya-hydra/lib/mayaHydra/hydraExtensions/sceneIndex/mayaHydraSceneIndex.h
[2023-11-24T17:11:37.701Z]     -- promoting: /home/S/jenkins/workspace/ECP/ecg-maya-hydra/ecg-maya-hydra-branch-preflight-python3-linux/ecg-maya-hydra/maya-hydra/lib/mayaHydra/hydraExtensions/sceneIndex/mayaHydraDataSource.h
[2023-11-24T17:11:37.701Z]     -- promoting: /home/S/jenkins/workspace/ECP/ecg-maya-hydra/ecg-maya-hydra-branch-preflight-python3-linux/ecg-maya-hydra/maya-hydra/lib/mayaHydra/hydraExtensions/sceneIndex/mayaHydraPrimvarDataSource.h
[2023-11-24T17:11:37.701Z]     -- promoting: /home/S/jenkins/workspace/ECP/ecg-maya-hydra/ecg-maya-hydra-branch-preflight-python3-linux/ecg-maya-hydra/maya-hydra/lib/mayaHydra/hydraExtensions/sceneIndex/mayaHydraDisplayStyleDataSource.h
[2023-11-24T17:11:37.701Z]     -- promoting: /home/S/jenkins/workspace/ECP/ecg-maya-hydra/ecg-maya-hydra-branch-preflight-python3-linux/ecg-maya-hydra/maya-hydra/lib/mayaHydra/hydraExtensions/sceneIndex/mayaHydraCameraDataSource.h
[2023-11-24T17:11:37.701Z]     -- promoting: /home/S/jenkins/workspace/ECP/ecg-maya-hydra/ecg-maya-hydra-branch-preflight-python3-linux/ecg-maya-hydra/maya-hydra/lib/mayaHydra/hydraExtensions/sceneIndex/mayaHydraLightDataSource.h
[2023-11-24T17:11:37.701Z]     -- promoting: /home/S/jenkins/workspace/ECP/ecg-maya-hydra/ecg-maya-hydra-branch-preflight-python3-linux/ecg-maya-hydra/maya-hydra/lib/mayaHydra/hydraExtensions/sceneIndex/mayaHydraDefaultLightDataSource.h
[2023-11-24T17:11:37.701Z]     -- promoting: /home/S/jenkins/workspace/ECP/ecg-maya-hydra/ecg-maya-hydra-branch-preflight-python3-linux/ecg-maya-hydra/maya-hydra/lib/mayaHydra/hydraExtensions/sceneIndex/mayaHydraMayaDataProducerSceneIndexData.h
[2023-11-24T17:11:37.701Z]     -- promoting: /home/S/jenkins/workspace/ECP/ecg-maya-hydra/ecg-maya-hydra-branch-preflight-python3-linux/ecg-maya-hydra/maya-hydra/lib/mayaHydra/hydraExtensions/sceneIndex/mayaHydraMayaDataProducerSceneIndexDataConcreteFactory.h
[2023-11-24T17:11:37.701Z]     -- promoting: /home/S/jenkins/workspace/ECP/ecg-maya-hydra/ecg-maya-hydra-branch-preflight-python3-linux/ecg-maya-hydra/maya-hydra/lib/mayaHydra/hydraExtensions/sceneIndex/mayaHydraSceneIndexDataFactoriesSetup.h
[2023-11-24T17:11:37.701Z]     -- promoting: /home/S/jenkins/workspace/ECP/ecg-maya-hydra/ecg-maya-hydra-branch-preflight-python3-linux/ecg-maya-hydra/maya-hydra/lib/mayaHydra/ufeExtensions/api.h
[2023-11-24T17:11:37.701Z]     -- promoting: /home/S/jenkins/workspace/ECP/ecg-maya-hydra/ecg-maya-hydra-branch-preflight-python3-linux/ecg-maya-hydra/maya-hydra/lib/mayaHydra/ufeExtensions/Global.h
[2023-11-24T17:11:37.701Z]     -- promoting: /home/S/jenkins/workspace/ECP/ecg-maya-hydra/ecg-maya-hydra-branch-preflight-python3-linux/ecg-maya-hydra/maya-hydra/lib/flowViewport/api.h
[2023-11-24T17:11:37.701Z]     -- promoting: /home/S/jenkins/workspace/ECP/ecg-maya-hydra/ecg-maya-hydra-branch-preflight-python3-linux/ecg-maya-hydra/maya-hydra/lib/flowViewport/debugCodes.h
[2023-11-24T17:11:37.701Z]     -- promoting: /home/S/jenkins/workspace/ECP/ecg-maya-hydra/ecg-maya-hydra-branch-preflight-python3-linux/ecg-maya-hydra/maya-hydra/lib/flowViewport/global.h
[2023-11-24T17:11:37.701Z]     -- promoting: /home/S/jenkins/workspace/ECP/ecg-maya-hydra/ecg-maya-hydra-branch-preflight-python3-linux/ecg-maya-hydra/maya-hydra/lib/flowViewport/tokens.h
[2023-11-24T17:11:37.701Z]     -- promoting: /home/S/jenkins/workspace/ECP/ecg-maya-hydra/ecg-maya-hydra-branch-preflight-python3-linux/ecg-maya-hydra/maya-hydra/lib/flowViewport/colorPreferences/fvpColorChanged.h
[2023-11-24T17:11:37.701Z]     -- promoting: /home/S/jenkins/workspace/ECP/ecg-maya-hydra/ecg-maya-hydra-branch-preflight-python3-linux/ecg-maya-hydra/maya-hydra/lib/flowViewport/colorPreferences/fvpColorPreferences.h
[2023-11-24T17:11:37.701Z]     -- promoting: /home/S/jenkins/workspace/ECP/ecg-maya-hydra/ecg-maya-hydra-branch-preflight-python3-linux/ecg-maya-hydra/maya-hydra/lib/flowViewport/colorPreferences/fvpColorPreferencesTokens.h
[2023-11-24T17:11:37.701Z]     -- promoting: /home/S/jenkins/workspace/ECP/ecg-maya-hydra/ecg-maya-hydra-branch-preflight-python3-linux/ecg-maya-hydra/maya-hydra/lib/flowViewport/colorPreferences/fvpColorPreferencesTranslator.h
[2023-11-24T17:11:37.701Z]     -- promoting: /home/S/jenkins/workspace/ECP/ecg-maya-hydra/ecg-maya-hydra-branch-preflight-python3-linux/ecg-maya-hydra/maya-hydra/lib/flowViewport/sceneIndex/fvpMergingSceneIndex.h
[2023-11-24T17:11:37.701Z]     -- promoting: /home/S/jenkins/workspace/ECP/ecg-maya-hydra/ecg-maya-hydra-branch-preflight-python3-linux/ecg-maya-hydra/maya-hydra/lib/flowViewport/sceneIndex/fvpPathInterface.h
[2023-11-24T17:11:37.701Z]     -- promoting: /home/S/jenkins/workspace/ECP/ecg-maya-hydra/ecg-maya-hydra-branch-preflight-python3-linux/ecg-maya-hydra/maya-hydra/lib/flowViewport/sceneIndex/fvpPathInterfaceSceneIndex.h
[2023-11-24T17:11:37.701Z]     -- promoting: /home/S/jenkins/workspace/ECP/ecg-maya-hydra/ecg-maya-hydra-branch-preflight-python3-linux/ecg-maya-hydra/maya-hydra/lib/flowViewport/sceneIndex/fvpRenderIndexProxy.h
[2023-11-24T17:11:37.701Z]     -- promoting: /home/S/jenkins/workspace/ECP/ecg-maya-hydra/ecg-maya-hydra-branch-preflight-python3-linux/ecg-maya-hydra/maya-hydra/lib/flowViewport/sceneIndex/fvpRenderIndexProxyFwd.h
[2023-11-24T17:11:37.701Z]     -- promoting: /home/S/jenkins/workspace/ECP/ecg-maya-hydra/ecg-maya-hydra-branch-preflight-python3-linux/ecg-maya-hydra/maya-hydra/lib/flowViewport/sceneIndex/fvpSelectionSceneIndex.h
[2023-11-24T17:11:37.701Z]     -- promoting: /home/S/jenkins/workspace/ECP/ecg-maya-hydra/ecg-maya-hydra-branch-preflight-python3-linux/ecg-maya-hydra/maya-hydra/lib/flowViewport/sceneIndex/fvpWireframeSelectionHighlightSceneIndex.h
[2023-11-24T17:11:37.701Z]     -- promoting: /home/S/jenkins/workspace/ECP/ecg-maya-hydra/ecg-maya-hydra-branch-preflight-python3-linux/ecg-maya-hydra/maya-hydra/lib/flowViewport/sceneIndex/fvpParentDataModifierSceneIndex.h
[2023-11-24T17:11:37.701Z]     -- promoting: /home/S/jenkins/workspace/ECP/ecg-maya-hydra/ecg-maya-hydra-branch-preflight-python3-linux/ecg-maya-hydra/maya-hydra/lib/flowViewport/API/fvpSelectionClient.h
[2023-11-24T17:11:37.701Z]     -- promoting: /home/S/jenkins/workspace/ECP/ecg-maya-hydra/ecg-maya-hydra-branch-preflight-python3-linux/ecg-maya-hydra/maya-hydra/lib/flowViewport/API/fvpFlowSelectionInterface.h
[2023-11-24T17:11:37.701Z]     -- promoting: /home/S/jenkins/workspace/ECP/ecg-maya-hydra/ecg-maya-hydra-branch-preflight-python3-linux/ecg-maya-hydra/maya-hydra/lib/flowViewport/API/fvpVersionInterface.h
[2023-11-24T17:11:37.701Z]     -- promoting: /home/S/jenkins/workspace/ECP/ecg-maya-hydra/ecg-maya-hydra-branch-preflight-python3-linux/ecg-maya-hydra/maya-hydra/lib/flowViewport/API/fvpInformationInterface.h
[2023-11-24T17:11:37.701Z]     -- promoting: /home/S/jenkins/workspace/ECP/ecg-maya-hydra/ecg-maya-hydra-branch-preflight-python3-linux/ecg-maya-hydra/maya-hydra/lib/flowViewport/API/fvpInformationClient.h
[2023-11-24T17:11:37.701Z]     -- promoting: /home/S/jenkins/workspace/ECP/ecg-maya-hydra/ecg-maya-hydra-branch-preflight-python3-linux/ecg-maya-hydra/maya-hydra/lib/flowViewport/API/fvpDataProducerSceneIndexInterface.h
[2023-11-24T17:11:37.701Z]     -- promoting: /home/S/jenkins/workspace/ECP/ecg-maya-hydra/ecg-maya-hydra-branch-preflight-python3-linux/ecg-maya-hydra/maya-hydra/lib/flowViewport/API/interfacesImp/fvpSelectionInterfaceImp.h
[2023-11-24T17:11:37.701Z]     -- promoting: /home/S/jenkins/workspace/ECP/ecg-maya-hydra/ecg-maya-hydra-branch-preflight-python3-linux/ecg-maya-hydra/maya-hydra/lib/flowViewport/API/interfacesImp/fvpVersionInterfaceImp.h
[2023-11-24T17:11:37.701Z]     -- promoting: /home/S/jenkins/workspace/ECP/ecg-maya-hydra/ecg-maya-hydra-branch-preflight-python3-linux/ecg-maya-hydra/maya-hydra/lib/flowViewport/API/interfacesImp/fvpInformationInterfaceImp.h
[2023-11-24T17:11:37.701Z]     -- promoting: /home/S/jenkins/workspace/ECP/ecg-maya-hydra/ecg-maya-hydra-branch-preflight-python3-linux/ecg-maya-hydra/maya-hydra/lib/flowViewport/API/interfacesImp/fvpDataProducerSceneIndexInterfaceImp.h
[2023-11-24T17:11:37.701Z]     -- promoting: /home/S/jenkins/workspace/ECP/ecg-maya-hydra/ecg-maya-hydra-branch-preflight-python3-linux/ecg-maya-hydra/maya-hydra/lib/flowViewport/API/samples/fvpSelectionClientExample.h
[2023-11-24T17:11:37.701Z]     -- promoting: /home/S/jenkins/workspace/ECP/ecg-maya-hydra/ecg-maya-hydra-branch-preflight-python3-linux/ecg-maya-hydra/maya-hydra/lib/flowViewport/API/samples/fvpInformationClientExample.h
[2023-11-24T17:11:37.701Z]     -- promoting: /home/S/jenkins/workspace/ECP/ecg-maya-hydra/ecg-maya-hydra-branch-preflight-python3-linux/ecg-maya-hydra/maya-hydra/lib/flowViewport/API/samples/fvpDataProducerSceneIndexExample.h
[2023-11-24T17:11:37.701Z]     -- promoting: /home/S/jenkins/workspace/ECP/ecg-maya-hydra/ecg-maya-hydra-branch-preflight-python3-linux/ecg-maya-hydra/maya-hydra/lib/flowViewport/API/perViewportSceneIndicesData/fvpViewportInformationAndSceneIndicesPerViewportData.h
[2023-11-24T17:11:37.701Z]     -- promoting: /home/S/jenkins/workspace/ECP/ecg-maya-hydra/ecg-maya-hydra-branch-preflight-python3-linux/ecg-maya-hydra/maya-hydra/lib/flowViewport/API/perViewportSceneIndicesData/fvpViewportInformationAndSceneIndicesPerViewportDataManager.h
[2023-11-24T17:11:37.701Z]     -- promoting: /home/S/jenkins/workspace/ECP/ecg-maya-hydra/ecg-maya-hydra-branch-preflight-python3-linux/ecg-maya-hydra/maya-hydra/lib/flowViewport/API/perViewportSceneIndicesData/fvpDataProducerSceneIndexDataAbstractFactory.h
[2023-11-24T17:11:37.701Z]     -- promoting: /home/S/jenkins/workspace/ECP/ecg-maya-hydra/ecg-maya-hydra-branch-preflight-python3-linux/ecg-maya-hydra/maya-hydra/lib/flowViewport/API/perViewportSceneIndicesData/fvpDataProducerSceneIndexDataBase.h
[2023-11-24T17:11:37.701Z]     -- promoting: /home/S/jenkins/workspace/ECP/ecg-maya-hydra/ecg-maya-hydra-branch-preflight-python3-linux/ecg-maya-hydra/maya-hydra/lib/flowViewport/selection/fvpSelection.h
[2023-11-24T17:11:37.701Z]     -- promoting: /home/S/jenkins/workspace/ECP/ecg-maya-hydra/ecg-maya-hydra-branch-preflight-python3-linux/ecg-maya-hydra/maya-hydra/lib/flowViewport/selection/fvpSelectionFwd.h
[2023-11-24T17:11:37.701Z]     -- promoting: /home/S/jenkins/workspace/ECP/ecg-maya-hydra/ecg-maya-hydra-branch-preflight-python3-linux/ecg-maya-hydra/maya-hydra/lib/flowViewport/selection/fvpSelectionTask.h
[2023-11-24T17:11:37.701Z]     -- promoting: /home/S/jenkins/workspace/ECP/ecg-maya-hydra/ecg-maya-hydra-branch-preflight-python3-linux/ecg-maya-hydra/maya-hydra/lib/flowViewport/selection/fvpSelectionTracker.h
[2023-11-24T17:11:38.244Z]     -- Configuring done
[2023-11-24T17:11:38.244Z]     -- Generating done
[2023-11-24T17:11:38.244Z]     -- Build files have been written to: /home/S/jenkins/workspace/ECP/ecg-maya-hydra/ecg-maya-hydra-branch-preflight-python3-linux/build/RelWithDebInfo
[2023-11-24T17:11:38.244Z]     
[2023-11-24T17:11:38.244Z]         Building with settings:
[2023-11-24T17:11:38.244Z]           Source directory          /home/S/jenkins/workspace/ECP/ecg-maya-hydra/ecg-maya-hydra-branch-preflight-python3-linux/ecg-maya-hydra/maya-hydra
[2023-11-24T17:11:38.244Z]           Workspace directory       /local/S/jenkins/workspace/ECP/ecg-maya-hydra/ecg-maya-hydra-branch-preflight-python3-linux
[2023-11-24T17:11:38.244Z]           Build directory           /local/S/jenkins/workspace/ECP/ecg-maya-hydra/ecg-maya-hydra-branch-preflight-python3-linux/build/RelWithDebInfo
[2023-11-24T17:11:38.244Z]           Install directory         /local/S/jenkins/workspace/ECP/ecg-maya-hydra/ecg-maya-hydra-branch-preflight-python3-linux/install/RelWithDebInfo/MayaHydra
[2023-11-24T17:11:38.244Z]           Variant                   RelWithDebInfo
[2023-11-24T17:11:38.244Z]           Python Debug              Off
[2023-11-24T17:11:38.244Z]           CMake generator           Ninja
[2023-11-24T17:11:38.245Z]           Build arguments           ['-DCMAKE_MAKE_PROGRAM=/local/S/jenkins/workspace/shared/Artifactory/Linux/ninja/1.10.2/9ab399b/ninja', '-DPYTHON_INCLUDE_DIR=/local/S/jenkins/workspace/shared/Artifactory/Linux/rundev-master/202311231351/runtime/3705c87/runTime/include/Python311/Python', '-DPython_EXECUTABLE=/local/S/jenkins/workspace/shared/Artifactory/Linux/rundev-master/202311231351/runtime/3705c87/runTime/bin/mayapy', '-DPYTHON_LIBRARIES=/local/S/jenkins/workspace/shared/Artifactory/Linux/rundev-master/202311231351/runtime/3705c87/runTime/lib/libpython3.11.so.1.0', '-DBUILD_WITH_PYTHON_3_VERSION=3.11', '-DCMAKE_WANT_MATERIALX_BUILD=ON', '-DCMAKE_PREFIX_PATH=/local/S/jenkins/workspace/shared/Artifactory/Linux/USD/1a43c47', '-DMAYAHYDRA_BUILD_NUMBER=416', '-DMAYAHYDRA_GIT_COMMIT=62a73979edd44a3d10a3332c52c02d4ba3bdc24c', '-DMAYAHYDRA_GIT_BRANCH=master']
[2023-11-24T17:11:38.245Z]           Stages arguments          ['configure']
[2023-11-24T17:11:38.245Z]           CTest arguments           ['--parallel 16']
[2023-11-24T17:11:38.245Z]     STATUS: Found Maya Qt headers in: /local/S/jenkins/workspace/shared/Artifactory/Linux/rundev-master/202311231351/runtime/3705c87/devkitBase
[2023-11-24T17:11:38.245Z]     Success MayaHydra build and install !!!!
[2023-11-24T17:11:38.245Z]     Elapsed time: 00:00:15
[Pipeline] }
[Pipeline] // withEnv
[Pipeline] }
[Pipeline] // timeout
[Pipeline] }
[Pipeline] // stage
[Pipeline] }
[Pipeline] // timestamps
[Pipeline] timestamps
[Pipeline] {
[Pipeline] stage
[Pipeline] { (Build)
[Pipeline] timeout
[2023-11-24T17:11:38.614Z] Timeout set to expire in 6 hr 0 min
[Pipeline] {
[Pipeline] withEnv
[Pipeline] {
[Pipeline] sh
[2023-11-24T17:11:39.764Z] + scl enable gcc-toolset-11 -
[2023-11-24T17:11:39.764Z] + '[' enable = load -o enable = unload ']'
[2023-11-24T17:11:39.764Z] + /usr/bin/scl enable gcc-toolset-11 -
[2023-11-24T17:11:39.764Z] python ecg-maya-hydra/build.py --stages=build --workspace-dir=/local/S/jenkins/workspace/ECP/ecg-maya-hydra/ecg-maya-hydra-branch-preflight-python3-linux --artifactory-dir=/local/S/jenkins/workspace/shared/Artifactory --build-dir=/local/S/jenkins/workspace/ECP/ecg-maya-hydra/ecg-maya-hydra-branch-preflight-python3-linux/build --install-dir=/local/S/jenkins/workspace/ECP/ecg-maya-hydra/ecg-maya-hydra-branch-preflight-python3-linux/install --signing-dir=/local/S/jenkins/workspace/ECP/ecg-maya-hydra/ecg-maya-hydra-branch-preflight-python3-linux/signing --package-dir=/local/S/jenkins/workspace/ECP/ecg-maya-hydra/ecg-maya-hydra-branch-preflight-python3-linux/package --output-dir=/local/S/jenkins/workspace/ECP/ecg-maya-hydra/ecg-maya-hydra-branch-preflight-python3-linux/output --stash-dir=/local/S/jenkins/workspace/ECP/ecg-maya-hydra/ecg-maya-hydra-branch-preflight-python3-linux/stash --jenkins-build=416 --git-commit=62a73979edd44a3d10a3332c52c02d4ba3bdc24c --git-branch=master --variants=Debug --interactive-tests=true --post-zips=false --osx-binary-architecture-target=ub2 --osx-deployment-target=11.0 --osx-base-sdk=CurrentActiveSDK --build-retry=3 --maya-cut-config=maya-rundev-master-debug.yaml --maya-package=rundev-master-debug --stage-banner
[2023-11-24T17:11:39.764Z] Using Maya cut from /local/S/jenkins/workspace/shared/Artifactory/Linux/rundev-master-debug/202311231351/runtime/57a60b2
[2023-11-24T17:11:39.764Z] 
[2023-11-24T17:11:39.764Z] ================================================================================
[2023-11-24T17:11:39.764Z]                                  build (Debug)
[2023-11-24T17:11:39.764Z] ================================================================================
[2023-11-24T17:11:39.764Z] Maya Python Debug Info:
[2023-11-24T17:11:39.764Z]   mayapy executable   = /local/S/jenkins/workspace/shared/Artifactory/Linux/rundev-master-debug/202311231351/runtime/57a60b2/runTime/bin/mayapy
[2023-11-24T17:11:39.764Z]   Include Folder      = /local/S/jenkins/workspace/shared/Artifactory/Linux/rundev-master-debug/202311231351/runtime/57a60b2/runTime/include/Python311/Python
[2023-11-24T17:11:39.764Z]   Library             = /local/S/jenkins/workspace/shared/Artifactory/Linux/rundev-master-debug/202311231351/runtime/57a60b2/runTime/lib/libpython3.11d.so.1.0
[2023-11-24T17:11:39.764Z]   site-package Folder = /local/S/jenkins/workspace/shared/Artifactory/Linux/rundev-master-debug/202311231351/runtime/57a60b2/runTime/lib/python3.11/site-packages
[2023-11-24T17:11:40.889Z] In workdir: /home/S/jenkins/workspace/ECP/ecg-maya-hydra/ecg-maya-hydra-branch-preflight-python3-linux/ecg-maya-hydra/maya-hydra
[2023-11-24T17:11:40.889Z] Executing: /local/S/jenkins/workspace/shared/Artifactory/Linux/rundev-master-debug/202311231351/runtime/57a60b2/runTime/bin/mayapy /home/S/jenkins/workspace/ECP/ecg-maya-hydra/ecg-maya-hydra-branch-preflight-python3-linux/ecg-maya-hydra/maya-hydra/build.py --generator Ninja --build-debug --maya-location /local/S/jenkins/workspace/shared/Artifactory/Linux/rundev-master-debug/202311231351/runtime/57a60b2/runTime --devkit-location /local/S/jenkins/workspace/shared/Artifactory/Linux/rundev-master-debug/202311231351/runtime/57a60b2/devkitBase --pxrusd-location /local/S/jenkins/workspace/shared/Artifactory/Linux/USD/e5ad5df --build-args=-DCMAKE_MAKE_PROGRAM=/local/S/jenkins/workspace/shared/Artifactory/Linux/ninja/1.10.2/9ab399b/ninja,-DPYTHON_INCLUDE_DIR=/local/S/jenkins/workspace/shared/Artifactory/Linux/rundev-master-debug/202311231351/runtime/57a60b2/runTime/include/Python311/Python,-DPython_EXECUTABLE=/local/S/jenkins/workspace/shared/Artifactory/Linux/rundev-master-debug/202311231351/runtime/57a60b2/runTime/bin/mayapy,-DPYTHON_LIBRARIES=/local/S/jenkins/workspace/shared/Artifactory/Linux/rundev-master-debug/202311231351/runtime/57a60b2/runTime/lib/libpython3.11d.so.1.0,-DBUILD_WITH_PYTHON_3_VERSION=3.11,-DCMAKE_WANT_MATERIALX_BUILD=ON,-DCMAKE_PREFIX_PATH=/local/S/jenkins/workspace/shared/Artifactory/Linux/USD/e5ad5df,-DMAYAHYDRA_BUILD_NUMBER=416,-DMAYAHYDRA_GIT_COMMIT=62a73979edd44a3d10a3332c52c02d4ba3bdc24c,-DMAYAHYDRA_GIT_BRANCH=master --debug-python '--ctest-args=--parallel 16' --stages=build --redirect-outstream-file=False --install-location /local/S/jenkins/workspace/ECP/ecg-maya-hydra/ecg-maya-hydra-branch-preflight-python3-linux/install/Debug/MayaHydra /local/S/jenkins/workspace/ECP/ecg-maya-hydra/ecg-maya-hydra-branch-preflight-python3-linux
[2023-11-24T17:11:40.889Z] Modified environment variables:
[2023-11-24T17:11:40.889Z]     LD_LIBRARY_PATH=/opt/rh/gcc-toolset-11/root/usr/lib64:/opt/rh/gcc-toolset-11/root/usr/lib64:/opt/rh/gcc-toolset-11/root/usr/lib:/opt/rh/gcc-toolset-11/root/usr/lib64/dyninst:/opt/rh/gcc-toolset-11/root/usr/lib/dyninst
[2023-11-24T17:11:40.889Z]     PATH=/local/S/jenkins/workspace/shared/Artifactory/Linux/cmake/3.20.3/ab685d7/bin:/opt/rh/gcc-toolset-11/root/usr/bin:/home/administrator/.local/bin:/home/administrator/bin:/usr/share/Modules/bin:/usr/local/bin:/usr/local/sbin:/usr/bin:/usr/sbin
[2023-11-24T17:11:42.280Z]     [1/117] Building CXX object lib/mayaHydra/mayaPlugin/CMakeFiles/mayaHydra.dir/colorNotFoundException.cpp.o
[2023-11-24T17:11:42.280Z]     [2/117] Building CXX object lib/mayaHydra/mayaPlugin/CMakeFiles/mayaHydra.dir/tokens.cpp.o
[2023-11-24T17:11:42.280Z]     [3/117] Building CXX object test/lib/mayaUsd/render/mayaToHydra/cpp/CMakeFiles/mayaHydraCppTests.dir/testCppFramework.cpp.o
[2023-11-24T17:11:42.280Z]     [4/117] Building CXX object test/lib/mayaUsd/render/mayaToHydra/cpp/CMakeFiles/mayaHydraCppTests.dir/mayaHydraCppTestsCmd.cpp.o
[2023-11-24T17:11:42.869Z]     [5/117] Building CXX object lib/mayaHydra/mayaPlugin/CMakeFiles/mayaHydra.dir/mayaColorPreferencesTranslator.cpp.o
[2023-11-24T17:11:42.869Z]     [6/117] Building CXX object lib/mayaHydra/mayaPlugin/CMakeFiles/mayaHydra.dir/pluginDebugCodes.cpp.o
[2023-11-24T17:11:43.463Z]     [7/117] Building CXX object test/lib/mayaUsd/render/mayaToHydra/cpp/CMakeFiles/mayaHydraCppTests.dir/testColorPreferences.cpp.o
[2023-11-24T17:11:44.626Z]     [8/117] Building CXX object lib/mayaHydra/hydraExtensions/CMakeFiles/mayaHydraLib.dir/debugCodes.cpp.o
[2023-11-24T17:11:44.626Z]     [9/117] Building CXX object test/lib/mayaUsd/render/mayaToHydra/cpp/CMakeFiles/mayaHydraCppTests.dir/testUtils.cpp.o
[2023-11-24T17:11:44.626Z]     [10/117] Building CXX object test/lib/mayaUsd/render/mayaToHydra/cpp/CMakeFiles/mayaHydraCppTests.dir/testFvpViewportInformationMultipleViewports.cpp.o
[2023-11-24T17:11:45.171Z]     [11/117] Building CXX object test/lib/mayaUsd/render/mayaToHydra/cpp/CMakeFiles/mayaHydraCppTests.dir/testFvpViewportInformationRendererSwitching.cpp.o
[2023-11-24T17:11:45.171Z]     [12/117] Building CXX object lib/mayaHydra/hydraExtensions/CMakeFiles/mayaHydraLib.dir/mhBuildInfo.cpp.o
[2023-11-24T17:11:45.171Z]     [13/117] Building CXX object test/lib/mayaUsd/render/mayaToHydra/cpp/CMakeFiles/mayaHydraCppTests.dir/testMayaSceneFlattening.cpp.o
[2023-11-24T17:11:45.171Z]     [14/117] Building CXX object lib/mayaHydra/hydraExtensions/CMakeFiles/mayaHydraLib.dir/mayaUtils.cpp.o
[2023-11-24T17:11:45.171Z]     [15/117] Building CXX object test/lib/mayaUsd/render/mayaToHydra/cpp/CMakeFiles/mayaHydraCppTests.dir/testSelectionSceneIndex.cpp.o
[2023-11-24T17:11:45.171Z]     [16/117] Building CXX object test/lib/mayaUsd/render/mayaToHydra/cpp/CMakeFiles/mayaHydraCppTests.dir/testFlowViewportAPIAddPrims.cpp.o
[2023-11-24T17:11:45.735Z]     [17/117] Building CXX object test/lib/mayaUsd/render/mayaToHydra/cpp/CMakeFiles/mayaHydraCppTests.dir/testWireframeSelectionHighlightSceneIndex.cpp.o
[2023-11-24T17:11:45.735Z]     [18/117] Building CXX object test/lib/mayaUsd/render/mayaToHydra/cpp/CMakeFiles/mayaHydraCppTests.dir/testMayaUsdUfeItems.cpp.o
[2023-11-24T17:11:45.735Z]     [19/117] Building CXX object lib/mayaHydra/hydraExtensions/CMakeFiles/mayaHydraLib.dir/mayaHydraLibInterfaceImp.cpp.o
[2023-11-24T17:11:46.282Z]     [20/117] Building CXX object lib/mayaHydra/hydraExtensions/CMakeFiles/mayaHydraLib.dir/adapters/adapterDebugCodes.cpp.o
[2023-11-24T17:11:47.417Z]     [21/117] Building CXX object lib/mayaHydra/hydraExtensions/CMakeFiles/mayaHydraLib.dir/hydraUtils.cpp.o
[2023-11-24T17:11:47.974Z]     [22/117] Building CXX object lib/mayaHydra/mayaPlugin/CMakeFiles/mayaHydra.dir/pluginUtils.cpp.o
[2023-11-24T17:11:47.974Z]     [23/117] Building CXX object lib/mayaHydra/hydraExtensions/CMakeFiles/mayaHydraLib.dir/mixedUtils.cpp.o
[2023-11-24T17:11:48.511Z]     [24/117] Building CXX object lib/mayaHydra/mayaPlugin/CMakeFiles/mayaHydra.dir/plugin.cpp.o
[2023-11-24T17:11:48.511Z]     [25/117] Building CXX object test/lib/mayaUsd/render/mayaToHydra/cpp/CMakeFiles/mayaHydraCppTests.dir/testMergingSceneIndex.cpp.o
[2023-11-24T17:11:49.050Z]     [26/117] Building CXX object lib/mayaHydra/hydraExtensions/CMakeFiles/mayaHydraLib.dir/adapters/mayaAttrs.cpp.o
[2023-11-24T17:11:49.050Z]     [27/117] Building CXX object lib/mayaHydra/mayaPlugin/CMakeFiles/mayaHydra.dir/viewCommand.cpp.o
[2023-11-24T17:11:51.587Z]     [28/117] Building CXX object lib/mayaHydra/mayaPlugin/CMakeFiles/mayaHydra.dir/renderOverride.cpp.o
[2023-11-24T17:11:51.587Z]     [29/117] Building CXX object lib/mayaHydra/hydraExtensions/CMakeFiles/mayaHydraLib.dir/adapters/adapter.cpp.o
[2023-11-24T17:11:51.587Z]     [30/117] Building CXX object lib/mayaHydra/mayaPlugin/CMakeFiles/mayaHydra.dir/renderGlobals.cpp.o
[2023-11-24T17:11:52.138Z]     [31/117] Building CXX object lib/mayaHydra/hydraExtensions/CMakeFiles/mayaHydraLib.dir/adapters/adapterRegistry.cpp.o
[2023-11-24T17:11:52.138Z]     [32/117] Building CXX object lib/mayaHydra/hydraExtensions/CMakeFiles/mayaHydraLib.dir/adapters/areaLightAdapter.cpp.o
[2023-11-24T17:11:52.695Z]     [33/117] Building CXX object lib/mayaHydra/hydraExtensions/CMakeFiles/mayaHydraLib.dir/adapters/aiSkydomeLightAdapter.cpp.o
[2023-11-24T17:11:52.695Z]     [34/117] Building CXX object lib/mayaHydra/hydraExtensions/CMakeFiles/mayaHydraLib.dir/adapters/dagAdapter.cpp.o
[2023-11-24T17:11:52.695Z]     [35/117] Building CXX object lib/mayaHydra/hydraExtensions/CMakeFiles/mayaHydraLib.dir/adapters/tokens.cpp.o
[2023-11-24T17:11:53.238Z]     [36/117] Building CXX object lib/mayaHydra/hydraExtensions/CMakeFiles/mayaHydraLib.dir/adapters/renderItemAdapter.cpp.o
[2023-11-24T17:11:53.238Z]     [37/117] Building CXX object lib/mayaHydra/hydraExtensions/CMakeFiles/mayaHydraLib.dir/adapters/cameraAdapter.cpp.o
[2023-11-24T17:11:53.782Z]     [38/117] Building CXX object lib/mayaHydra/hydraExtensions/CMakeFiles/mayaHydraLib.dir/delegates/delegateDebugCodes.cpp.o
[2023-11-24T17:11:53.782Z]     [39/117] Building CXX object lib/mayaHydra/hydraExtensions/CMakeFiles/mayaHydraLib.dir/adapters/directionalLightAdapter.cpp.o
[2023-11-24T17:11:54.341Z]     [40/117] Building CXX object lib/mayaHydra/hydraExtensions/CMakeFiles/mayaHydraLib.dir/mayaHydraSceneProducer.cpp.o
[2023-11-24T17:11:54.893Z]     [41/117] Building CXX object lib/mayaHydra/hydraExtensions/CMakeFiles/mayaHydraLib.dir/adapters/lightAdapter.cpp.o
[2023-11-24T17:11:55.487Z]     [42/117] Building CXX object lib/mayaHydra/hydraExtensions/CMakeFiles/mayaHydraLib.dir/adapters/materialAdapter.cpp.o
[2023-11-24T17:11:56.061Z]     [43/117] Building CXX object lib/mayaHydra/hydraExtensions/CMakeFiles/mayaHydraLib.dir/adapters/nurbsCurveAdapter.cpp.o
[2023-11-24T17:11:56.607Z]     [44/117] Building CXX object lib/mayaHydra/hydraExtensions/CMakeFiles/mayaHydraLib.dir/adapters/meshAdapter.cpp.o
[2023-11-24T17:11:56.607Z]     [45/117] Building CXX object lib/mayaHydra/hydraExtensions/CMakeFiles/mayaHydraLib.dir/adapters/materialNetworkConverter.cpp.o
[2023-11-24T17:11:57.160Z]     [46/117] Building CXX object lib/mayaHydra/hydraExtensions/CMakeFiles/mayaHydraLib.dir/adapters/shapeAdapter.cpp.o
[2023-11-24T17:11:57.160Z]     [47/117] Building CXX object lib/mayaHydra/hydraExtensions/CMakeFiles/mayaHydraLib.dir/delegates/delegate.cpp.o
[2023-11-24T17:11:57.700Z]     [48/117] Building CXX object lib/mayaHydra/hydraExtensions/CMakeFiles/mayaHydraLib.dir/adapters/pointLightAdapter.cpp.o
[2023-11-24T17:11:58.273Z]     [49/117] Building CXX object lib/mayaHydra/hydraExtensions/CMakeFiles/mayaHydraLib.dir/adapters/spotLightAdapter.cpp.o
[2023-11-24T17:11:58.273Z]     [50/117] Building CXX object lib/mayaHydra/hydraExtensions/CMakeFiles/mayaHydraLib.dir/delegates/delegateCtx.cpp.o
[2023-11-24T17:11:58.823Z]     [51/117] Building CXX object lib/mayaHydra/hydraExtensions/CMakeFiles/mayaHydraLib.dir/delegates/delegateRegistry.cpp.o
[2023-11-24T17:11:59.370Z]     [52/117] Building CXX object lib/mayaHydra/hydraExtensions/CMakeFiles/mayaHydraLib.dir/sceneIndex/registration.cpp.o
[2023-11-24T17:11:59.911Z]     [53/117] Building CXX object lib/mayaHydra/ufeExtensions/CMakeFiles/ufeExtensions.dir/Global.cpp.o
[2023-11-24T17:11:59.911Z]     [54/117] Building CXX object lib/flowViewport/CMakeFiles/flowViewport.dir/debugCodes.cpp.o
[2023-11-24T17:12:00.454Z]     [55/117] Building CXX object lib/mayaHydra/hydraExtensions/CMakeFiles/mayaHydraLib.dir/sceneIndex/mayaHydraMayaDataProducerSceneIndexData.cpp.o
[2023-11-24T17:12:00.455Z]     [56/117] Building CXX object lib/mayaHydra/hydraExtensions/CMakeFiles/mayaHydraLib.dir/sceneIndex/mayaHydraMayaDataProducerSceneIndexDataConcreteFactory.cpp.o
[2023-11-24T17:12:01.311Z]     [57/117] Linking CXX shared library lib/mayaHydra/ufeExtensions/libufeExtensions.so
[2023-11-24T17:12:01.311Z]     [58/117] Building CXX object lib/flowViewport/CMakeFiles/flowViewport.dir/global.cpp.o
[2023-11-24T17:12:01.311Z]     [59/117] Building CXX object lib/flowViewport/CMakeFiles/flowViewport.dir/tokens.cpp.o
[2023-11-24T17:12:01.311Z]     [60/117] Building CXX object lib/mayaHydra/hydraExtensions/CMakeFiles/mayaHydraLib.dir/sceneIndex/mayaHydraSceneIndexDataFactoriesSetup.cpp.o
[2023-11-24T17:12:01.311Z]     [61/117] Building CXX object lib/mayaHydra/hydraExtensions/CMakeFiles/mayaHydraLib.dir/sceneIndex/mayaHydraPrimvarDataSource.cpp.o
[2023-11-24T17:12:01.311Z]     [62/117] Building CXX object lib/flowViewport/CMakeFiles/flowViewport.dir/colorPreferences/fvpColorChanged.cpp.o
[2023-11-24T17:12:01.311Z]     [63/117] Building CXX object lib/flowViewport/CMakeFiles/flowViewport.dir/sceneIndex/fvpPathInterface.cpp.o
[2023-11-24T17:12:01.311Z]     [64/117] Building CXX object lib/flowViewport/CMakeFiles/flowViewport.dir/colorPreferences/fvpColorPreferences.cpp.o
[2023-11-24T17:12:01.974Z]     [65/117] Building CXX object lib/flowViewport/CMakeFiles/flowViewport.dir/colorPreferences/fvpColorPreferencesTokens.cpp.o
[2023-11-24T17:12:01.974Z]     [66/117] Building CXX object lib/mayaHydra/hydraExtensions/CMakeFiles/mayaHydraLib.dir/delegates/sceneDelegate.cpp.o
[2023-11-24T17:12:01.974Z]     [67/117] Building CXX object lib/mayaHydra/flowViewportAPIExamples/flowViewportAPIMayaLocator/CMakeFiles/flowViewportAPIMayaLocator.dir/flowViewportAPIMayaLocator.cpp.o
[2023-11-24T17:12:01.974Z]     [68/117] Building CXX object lib/flowViewport/CMakeFiles/flowViewport.dir/API/interfacesImp/fvpVersionInterfaceImp.cpp.o
[2023-11-24T17:12:01.974Z]     [69/117] Building CXX object lib/mayaHydra/hydraExtensions/CMakeFiles/mayaHydraLib.dir/sceneIndex/mayaHydraLightDataSource.cpp.o
[2023-11-24T17:12:02.522Z]     [70/117] Building CXX object lib/mayaHydra/hydraExtensions/CMakeFiles/mayaHydraLib.dir/sceneIndex/mayaHydraCameraDataSource.cpp.o
[2023-11-24T17:12:03.099Z]     [71/117] Building CXX object lib/flowViewport/CMakeFiles/flowViewport.dir/API/interfacesImp/fvpSelectionInterfaceImp.cpp.o
[2023-11-24T17:12:03.099Z]     [72/117] Building CXX object lib/mayaHydra/hydraExtensions/CMakeFiles/mayaHydraLib.dir/sceneIndex/mayaHydraDisplayStyleDataSource.cpp.o
[2023-11-24T17:12:03.099Z]     [73/117] Building CXX object lib/mayaHydra/hydraExtensions/CMakeFiles/mayaHydraLib.dir/sceneIndex/mayaHydraDataSource.cpp.o
[2023-11-24T17:12:03.099Z]     [74/117] Building CXX object lib/mayaHydra/hydraExtensions/CMakeFiles/mayaHydraLib.dir/delegates/defaultLightDelegate.cpp.o
[2023-11-24T17:12:03.664Z]     [75/117] Building CXX object lib/mayaHydra/hydraExtensions/CMakeFiles/mayaHydraLib.dir/sceneIndex/mayaHydraSceneIndex.cpp.o
[2023-11-24T17:12:03.664Z]     [76/117] Building CXX object lib/mayaHydra/hydraExtensions/CMakeFiles/mayaHydraLib.dir/delegates/testDelegate.cpp.o
[2023-11-24T17:12:03.664Z]     [77/117] Building CXX object lib/flowViewport/CMakeFiles/flowViewport.dir/API/samples/fvpSelectionClientExample.cpp.o
[2023-11-24T17:12:03.664Z]     [78/117] Building CXX object lib/mayaHydra/hydraExtensions/CMakeFiles/mayaHydraLib.dir/sceneIndex/mayaHydraDefaultLightDataSource.cpp.o
[2023-11-24T17:12:03.664Z]     [79/117] Building CXX object lib/flowViewport/CMakeFiles/flowViewport.dir/sceneIndex/fvpPathInterfaceSceneIndex.cpp.o
[2023-11-24T17:12:04.227Z]     [80/117] Building CXX object lib/flowViewport/CMakeFiles/flowViewport.dir/selection/fvpSelectionFwd.cpp.o
[2023-11-24T17:12:04.227Z]     [81/117] Building CXX object lib/flowViewport/CMakeFiles/flowViewport.dir/sceneIndex/fvpMergingSceneIndex.cpp.o
[2023-11-24T17:12:05.376Z]     [82/117] Building CXX object lib/flowViewport/CMakeFiles/flowViewport.dir/API/interfacesImp/fvpInformationInterfaceImp.cpp.o
[2023-11-24T17:12:05.376Z]     [83/117] Building CXX object lib/flowViewport/CMakeFiles/flowViewport.dir/sceneIndex/fvpSelectionSceneIndex.cpp.o
[2023-11-24T17:12:05.376Z]     [84/117] Building CXX object lib/flowViewport/CMakeFiles/flowViewport.dir/API/samples/fvpInformationClientExample.cpp.o
[2023-11-24T17:12:05.376Z]     [85/117] Building CXX object lib/flowViewport/CMakeFiles/flowViewport.dir/sceneIndex/fvpParentDataModifierSceneIndex.cpp.o
[2023-11-24T17:12:05.917Z]     [86/117] Building CXX object lib/flowViewport/CMakeFiles/flowViewport.dir/sceneIndex/fvpWireframeSelectionHighlightSceneIndex.cpp.o
[2023-11-24T17:12:05.917Z]     [87/117] Building CXX object lib/flowViewport/CMakeFiles/flowViewport.dir/sceneIndex/fvpRenderIndexProxy.cpp.o
[2023-11-24T17:12:06.460Z]     [88/117] Automatic MOC for target adskHydraSceneBrowser
[2023-11-24T17:12:07.008Z]     [89/117] Building CXX object lib/flowViewport/CMakeFiles/flowViewport.dir/API/interfacesImp/fvpDataProducerSceneIndexInterfaceImp.cpp.o
[2023-11-24T17:12:07.552Z]     [90/117] Building CXX object lib/flowViewport/CMakeFiles/flowViewport.dir/selection/fvpSelection.cpp.o
[2023-11-24T17:12:07.552Z]     [91/117] Building CXX object lib/flowViewport/CMakeFiles/flowViewport.dir/API/perViewportSceneIndicesData/fvpViewportInformationAndSceneIndicesPerViewportDataManager.cpp.o
[2023-11-24T17:12:08.089Z]     [92/117] Building CXX object lib/flowViewport/CMakeFiles/flowViewport.dir/API/samples/fvpDataProducerSceneIndexExample.cpp.o
[2023-11-24T17:12:08.089Z]     [93/117] Building CXX object lib/flowViewport/CMakeFiles/flowViewport.dir/API/perViewportSceneIndicesData/fvpViewportInformationAndSceneIndicesPerViewportData.cpp.o
[2023-11-24T17:12:08.089Z]     [94/117] Building CXX object lib/flowViewport/CMakeFiles/flowViewport.dir/selection/fvpSelectionTracker.cpp.o
[2023-11-24T17:12:08.089Z]     [95/117] Building CXX object lib/flowViewport/CMakeFiles/flowViewport.dir/selection/fvpSelectionTask.cpp.o
[2023-11-24T17:12:08.634Z]     [96/117] Building CXX object lib/flowViewport/CMakeFiles/flowViewport.dir/API/perViewportSceneIndicesData/fvpDataProducerSceneIndexDataBase.cpp.o
[2023-11-24T17:12:09.758Z]     [97/117] Building CXX object lib/adskHydraSceneBrowser/lib/CMakeFiles/adskHydraSceneBrowser.dir/src/patch/registeredSceneIndexChooser.cpp.o
[2023-11-24T17:12:10.295Z]     [98/117] Linking CXX shared library lib/flowViewport/libflowViewport.so
[2023-11-24T17:12:10.295Z]     [99/117] Building CXX object lib/adskHydraSceneBrowser/lib/CMakeFiles/adskHydraSceneBrowser.dir/src/patch/sceneIndexObserverLoggingWidget.cpp.o
[2023-11-24T17:12:10.831Z]     [100/117] Building CXX object plugin/mayaHydraSceneBrowserTest/CMakeFiles/mayaHydraSceneBrowserTest.dir/mayaHydraSceneBrowserTestCmd.cpp.o
[2023-11-24T17:12:10.831Z]     [101/117] Building CXX object lib/adskHydraSceneBrowser/lib/CMakeFiles/adskHydraSceneBrowser.dir/src/patch/dataSourceValueTreeView.cpp.o
[2023-11-24T17:12:11.365Z]     [102/117] Building CXX object lib/adskHydraSceneBrowser/lib/CMakeFiles/adskHydraSceneBrowser.dir/src/patch/sceneIndexDebuggerWidget.cpp.o
[2023-11-24T17:12:11.365Z]     [103/117] Building CXX object lib/adskHydraSceneBrowser/lib/CMakeFiles/adskHydraSceneBrowser.dir/src/patch/sceneIndexObserverLoggingTreeView.cpp.o
[2023-11-24T17:12:11.366Z]     [104/117] Building CXX object lib/adskHydraSceneBrowser/lib/CMakeFiles/adskHydraSceneBrowser.dir/adskHydraSceneBrowser_autogen/mocs_compilation.cpp.o
[2023-11-24T17:12:11.366Z]     [105/117] Building CXX object lib/adskHydraSceneBrowser/lib/CMakeFiles/adskHydraSceneBrowser.dir/src/patch/sceneIndexTreeWidget.cpp.o
[2023-11-24T17:12:11.901Z]     [106/117] Building CXX object lib/adskHydraSceneBrowser/lib/CMakeFiles/adskHydraSceneBrowser.dir/src/patch/dataSourceTreeWidget.cpp.o
[2023-11-24T17:12:12.436Z]     [107/117] Linking CXX shared library lib/mayaHydra/hydraExtensions/libmayaHydraLib.so
[2023-11-24T17:12:12.436Z]     [108/117] Building CXX object plugin/mayaHydraSceneBrowser/CMakeFiles/mayaHydraSceneBrowser.dir/mayaHydraSceneBrowser.cpp.o
[2023-11-24T17:12:12.972Z]     [109/117] Linking CXX shared library lib/adskHydraSceneBrowser/lib/libadskHydraSceneBrowser.so
[2023-11-24T17:12:12.972Z]     [110/117] Building CXX object lib/adskHydraSceneBrowser/test/CMakeFiles/adskHydraSceneBrowserTesting.dir/adskHydraSceneBrowserTesting.cpp.o
[2023-11-24T17:12:13.507Z]     [111/117] Linking CXX shared library lib/mayaHydra/flowViewportAPIExamples/flowViewportAPIMayaLocator/flowViewportAPIMayaLocator.so
[2023-11-24T17:12:13.507Z]     [112/117] Linking CXX shared library test/lib/mayaUsd/render/mayaToHydra/cpp/mayaHydraCppTests.so
[2023-11-24T17:12:13.507Z]     [113/117] Linking CXX shared library lib/mayaHydra/mayaPlugin/mayaHydra.so
[2023-11-24T17:12:14.326Z]     [114/117] Linking CXX shared library plugin/mayaHydraSceneBrowser/mayaHydraSceneBrowser.so
[2023-11-24T17:12:14.860Z]     [115/117] Building CXX object lib/adskHydraSceneBrowser/test/CMakeFiles/adskHydraSceneBrowserTesting.dir/adskHydraSceneBrowserTestFixture.cpp.o
[2023-11-24T17:12:15.980Z]     [116/117] Linking CXX shared library lib/adskHydraSceneBrowser/test/libadskHydraSceneBrowserTesting.so
[2023-11-24T17:12:17.101Z]     [117/117] Linking CXX shared library plugin/mayaHydraSceneBrowserTest/mayaHydraSceneBrowserTest.so
[2023-11-24T17:12:17.101Z]     
[2023-11-24T17:12:17.101Z]         Building with settings:
[2023-11-24T17:12:17.101Z]           Source directory          /home/S/jenkins/workspace/ECP/ecg-maya-hydra/ecg-maya-hydra-branch-preflight-python3-linux/ecg-maya-hydra/maya-hydra
[2023-11-24T17:12:17.101Z]           Workspace directory       /local/S/jenkins/workspace/ECP/ecg-maya-hydra/ecg-maya-hydra-branch-preflight-python3-linux
[2023-11-24T17:12:17.101Z]           Build directory           /local/S/jenkins/workspace/ECP/ecg-maya-hydra/ecg-maya-hydra-branch-preflight-python3-linux/build/Debug
[2023-11-24T17:12:17.101Z]           Install directory         /local/S/jenkins/workspace/ECP/ecg-maya-hydra/ecg-maya-hydra-branch-preflight-python3-linux/install/Debug/MayaHydra
[2023-11-24T17:12:17.101Z]           Variant                   Debug
[2023-11-24T17:12:17.101Z]           Python Debug              On
[2023-11-24T17:12:17.101Z]           CMake generator           Ninja
[2023-11-24T17:12:17.101Z]           Build arguments           ['-DCMAKE_MAKE_PROGRAM=/local/S/jenkins/workspace/shared/Artifactory/Linux/ninja/1.10.2/9ab399b/ninja', '-DPYTHON_INCLUDE_DIR=/local/S/jenkins/workspace/shared/Artifactory/Linux/rundev-master-debug/202311231351/runtime/57a60b2/runTime/include/Python311/Python', '-DPython_EXECUTABLE=/local/S/jenkins/workspace/shared/Artifactory/Linux/rundev-master-debug/202311231351/runtime/57a60b2/runTime/bin/mayapy', '-DPYTHON_LIBRARIES=/local/S/jenkins/workspace/shared/Artifactory/Linux/rundev-master-debug/202311231351/runtime/57a60b2/runTime/lib/libpython3.11d.so.1.0', '-DBUILD_WITH_PYTHON_3_VERSION=3.11', '-DCMAKE_WANT_MATERIALX_BUILD=ON', '-DCMAKE_PREFIX_PATH=/local/S/jenkins/workspace/shared/Artifactory/Linux/USD/e5ad5df', '-DMAYAHYDRA_BUILD_NUMBER=416', '-DMAYAHYDRA_GIT_COMMIT=62a73979edd44a3d10a3332c52c02d4ba3bdc24c', '-DMAYAHYDRA_GIT_BRANCH=master']
[2023-11-24T17:12:17.101Z]           Stages arguments          ['build']
[2023-11-24T17:12:17.101Z]           CTest arguments           ['--parallel 16']
[2023-11-24T17:12:17.101Z]     Success MayaHydra build and install !!!!
[2023-11-24T17:12:17.101Z]     Elapsed time: 00:00:36
[Pipeline] sh
[2023-11-24T17:12:18.417Z] + scl enable gcc-toolset-11 -
[2023-11-24T17:12:18.417Z] + '[' enable = load -o enable = unload ']'
[2023-11-24T17:12:18.417Z] + /usr/bin/scl enable gcc-toolset-11 -
[2023-11-24T17:12:18.417Z] python ecg-maya-hydra/build.py --stages=build --workspace-dir=/local/S/jenkins/workspace/ECP/ecg-maya-hydra/ecg-maya-hydra-branch-preflight-python3-linux --artifactory-dir=/local/S/jenkins/workspace/shared/Artifactory --build-dir=/local/S/jenkins/workspace/ECP/ecg-maya-hydra/ecg-maya-hydra-branch-preflight-python3-linux/build --install-dir=/local/S/jenkins/workspace/ECP/ecg-maya-hydra/ecg-maya-hydra-branch-preflight-python3-linux/install --signing-dir=/local/S/jenkins/workspace/ECP/ecg-maya-hydra/ecg-maya-hydra-branch-preflight-python3-linux/signing --package-dir=/local/S/jenkins/workspace/ECP/ecg-maya-hydra/ecg-maya-hydra-branch-preflight-python3-linux/package --output-dir=/local/S/jenkins/workspace/ECP/ecg-maya-hydra/ecg-maya-hydra-branch-preflight-python3-linux/output --stash-dir=/local/S/jenkins/workspace/ECP/ecg-maya-hydra/ecg-maya-hydra-branch-preflight-python3-linux/stash --jenkins-build=416 --git-commit=62a73979edd44a3d10a3332c52c02d4ba3bdc24c --git-branch=master --variants=RelWithDebInfo --interactive-tests=true --post-zips=false --osx-binary-architecture-target=ub2 --osx-deployment-target=11.0 --osx-base-sdk=CurrentActiveSDK --build-retry=3 --maya-cut-config=maya-rundev-master.yaml --maya-package=rundev-master --stage-banner
[2023-11-24T17:12:18.417Z] Using Maya cut from /local/S/jenkins/workspace/shared/Artifactory/Linux/rundev-master/202311231351/runtime/3705c87
[2023-11-24T17:12:18.417Z] 
[2023-11-24T17:12:18.417Z] ================================================================================
[2023-11-24T17:12:18.417Z]                              build (RelWithDebInfo)
[2023-11-24T17:12:18.417Z] ================================================================================
[2023-11-24T17:12:18.417Z] Maya Python RelWithDebInfo Info:
[2023-11-24T17:12:18.417Z]   mayapy executable   = /local/S/jenkins/workspace/shared/Artifactory/Linux/rundev-master/202311231351/runtime/3705c87/runTime/bin/mayapy
[2023-11-24T17:12:18.417Z]   Include Folder      = /local/S/jenkins/workspace/shared/Artifactory/Linux/rundev-master/202311231351/runtime/3705c87/runTime/include/Python311/Python
[2023-11-24T17:12:18.417Z]   Library             = /local/S/jenkins/workspace/shared/Artifactory/Linux/rundev-master/202311231351/runtime/3705c87/runTime/lib/libpython3.11.so.1.0
[2023-11-24T17:12:18.417Z]   site-package Folder = /local/S/jenkins/workspace/shared/Artifactory/Linux/rundev-master/202311231351/runtime/3705c87/runTime/lib/python3.11/site-packages
[2023-11-24T17:12:18.953Z] In workdir: /home/S/jenkins/workspace/ECP/ecg-maya-hydra/ecg-maya-hydra-branch-preflight-python3-linux/ecg-maya-hydra/maya-hydra
[2023-11-24T17:12:18.953Z] Executing: /local/S/jenkins/workspace/shared/Artifactory/Linux/rundev-master/202311231351/runtime/3705c87/runTime/bin/mayapy /home/S/jenkins/workspace/ECP/ecg-maya-hydra/ecg-maya-hydra-branch-preflight-python3-linux/ecg-maya-hydra/maya-hydra/build.py --generator Ninja --build-relwithdebug --maya-location /local/S/jenkins/workspace/shared/Artifactory/Linux/rundev-master/202311231351/runtime/3705c87/runTime --devkit-location /local/S/jenkins/workspace/shared/Artifactory/Linux/rundev-master/202311231351/runtime/3705c87/devkitBase --pxrusd-location /local/S/jenkins/workspace/shared/Artifactory/Linux/USD/1a43c47 --build-args=-DCMAKE_MAKE_PROGRAM=/local/S/jenkins/workspace/shared/Artifactory/Linux/ninja/1.10.2/9ab399b/ninja,-DPYTHON_INCLUDE_DIR=/local/S/jenkins/workspace/shared/Artifactory/Linux/rundev-master/202311231351/runtime/3705c87/runTime/include/Python311/Python,-DPython_EXECUTABLE=/local/S/jenkins/workspace/shared/Artifactory/Linux/rundev-master/202311231351/runtime/3705c87/runTime/bin/mayapy,-DPYTHON_LIBRARIES=/local/S/jenkins/workspace/shared/Artifactory/Linux/rundev-master/202311231351/runtime/3705c87/runTime/lib/libpython3.11.so.1.0,-DBUILD_WITH_PYTHON_3_VERSION=3.11,-DCMAKE_WANT_MATERIALX_BUILD=ON,-DCMAKE_PREFIX_PATH=/local/S/jenkins/workspace/shared/Artifactory/Linux/USD/1a43c47,-DMAYAHYDRA_BUILD_NUMBER=416,-DMAYAHYDRA_GIT_COMMIT=62a73979edd44a3d10a3332c52c02d4ba3bdc24c,-DMAYAHYDRA_GIT_BRANCH=master '--ctest-args=--parallel 16' --stages=build --redirect-outstream-file=False --install-location /local/S/jenkins/workspace/ECP/ecg-maya-hydra/ecg-maya-hydra-branch-preflight-python3-linux/install/RelWithDebInfo/MayaHydra /local/S/jenkins/workspace/ECP/ecg-maya-hydra/ecg-maya-hydra-branch-preflight-python3-linux
[2023-11-24T17:12:18.953Z] Modified environment variables:
[2023-11-24T17:12:18.953Z]     LD_LIBRARY_PATH=/opt/rh/gcc-toolset-11/root/usr/lib64:/opt/rh/gcc-toolset-11/root/usr/lib64:/opt/rh/gcc-toolset-11/root/usr/lib:/opt/rh/gcc-toolset-11/root/usr/lib64/dyninst:/opt/rh/gcc-toolset-11/root/usr/lib/dyninst
[2023-11-24T17:12:18.953Z]     PATH=/local/S/jenkins/workspace/shared/Artifactory/Linux/cmake/3.20.3/ab685d7/bin:/opt/rh/gcc-toolset-11/root/usr/bin:/home/administrator/.local/bin:/home/administrator/bin:/usr/share/Modules/bin:/usr/local/bin:/usr/local/sbin:/usr/bin:/usr/sbin
[2023-11-24T17:12:20.074Z]     [1/117] Building CXX object lib/mayaHydra/mayaPlugin/CMakeFiles/mayaHydra.dir/colorNotFoundException.cpp.o
[2023-11-24T17:12:20.074Z]     [2/117] Building CXX object lib/mayaHydra/mayaPlugin/CMakeFiles/mayaHydra.dir/tokens.cpp.o
[2023-11-24T17:12:20.612Z]     [3/117] Building CXX object test/lib/mayaUsd/render/mayaToHydra/cpp/CMakeFiles/mayaHydraCppTests.dir/testCppFramework.cpp.o
[2023-11-24T17:12:20.612Z]     [4/117] Building CXX object test/lib/mayaUsd/render/mayaToHydra/cpp/CMakeFiles/mayaHydraCppTests.dir/mayaHydraCppTestsCmd.cpp.o
[2023-11-24T17:12:21.172Z]     [5/117] Building CXX object lib/mayaHydra/mayaPlugin/CMakeFiles/mayaHydra.dir/mayaColorPreferencesTranslator.cpp.o
[2023-11-24T17:12:21.172Z]     [6/117] Building CXX object lib/mayaHydra/mayaPlugin/CMakeFiles/mayaHydra.dir/pluginDebugCodes.cpp.o
[2023-11-24T17:12:22.328Z]     [7/117] Building CXX object test/lib/mayaUsd/render/mayaToHydra/cpp/CMakeFiles/mayaHydraCppTests.dir/testColorPreferences.cpp.o
[2023-11-24T17:12:22.883Z]     [8/117] Building CXX object lib/mayaHydra/hydraExtensions/CMakeFiles/mayaHydraLib.dir/mayaUtils.cpp.o
[2023-11-24T17:12:24.674Z]     [9/117] Building CXX object test/lib/mayaUsd/render/mayaToHydra/cpp/CMakeFiles/mayaHydraCppTests.dir/testUtils.cpp.o
[2023-11-24T17:12:24.674Z]     [10/117] Building CXX object test/lib/mayaUsd/render/mayaToHydra/cpp/CMakeFiles/mayaHydraCppTests.dir/testFvpViewportInformationMultipleViewports.cpp.o
[2023-11-24T17:12:24.674Z]     [11/117] Building CXX object test/lib/mayaUsd/render/mayaToHydra/cpp/CMakeFiles/mayaHydraCppTests.dir/testFvpViewportInformationRendererSwitching.cpp.o
[2023-11-24T17:12:24.674Z]     [12/117] Building CXX object lib/mayaHydra/hydraExtensions/CMakeFiles/mayaHydraLib.dir/mhBuildInfo.cpp.o
[2023-11-24T17:12:24.674Z]     [13/117] Building CXX object test/lib/mayaUsd/render/mayaToHydra/cpp/CMakeFiles/mayaHydraCppTests.dir/testMayaUsdUfeItems.cpp.o
[2023-11-24T17:12:24.674Z]     [14/117] Building CXX object test/lib/mayaUsd/render/mayaToHydra/cpp/CMakeFiles/mayaHydraCppTests.dir/testMayaSceneFlattening.cpp.o
[2023-11-24T17:12:25.226Z]     [15/117] Building CXX object test/lib/mayaUsd/render/mayaToHydra/cpp/CMakeFiles/mayaHydraCppTests.dir/testFlowViewportAPIAddPrims.cpp.o
[2023-11-24T17:12:25.777Z]     [16/117] Building CXX object lib/mayaHydra/hydraExtensions/CMakeFiles/mayaHydraLib.dir/debugCodes.cpp.o
[2023-11-24T17:12:25.777Z]     [17/117] Building CXX object lib/mayaHydra/hydraExtensions/CMakeFiles/mayaHydraLib.dir/mayaHydraLibInterfaceImp.cpp.o
[2023-11-24T17:12:25.777Z]     [18/117] Building CXX object lib/mayaHydra/hydraExtensions/CMakeFiles/mayaHydraLib.dir/adapters/adapterDebugCodes.cpp.o
[2023-11-24T17:12:26.332Z]     [19/117] Building CXX object lib/mayaHydra/mayaPlugin/CMakeFiles/mayaHydra.dir/pluginUtils.cpp.o
[2023-11-24T17:12:26.884Z]     [20/117] Building CXX object test/lib/mayaUsd/render/mayaToHydra/cpp/CMakeFiles/mayaHydraCppTests.dir/testSelectionSceneIndex.cpp.o
[2023-11-24T17:12:26.884Z]     [21/117] Building CXX object test/lib/mayaUsd/render/mayaToHydra/cpp/CMakeFiles/mayaHydraCppTests.dir/testWireframeSelectionHighlightSceneIndex.cpp.o
[2023-11-24T17:12:27.432Z]     [22/117] Building CXX object lib/mayaHydra/mayaPlugin/CMakeFiles/mayaHydra.dir/plugin.cpp.o
[2023-11-24T17:12:27.432Z]     [23/117] Building CXX object lib/mayaHydra/mayaPlugin/CMakeFiles/mayaHydra.dir/viewCommand.cpp.o
[2023-11-24T17:12:27.432Z]     [24/117] Building CXX object lib/mayaHydra/hydraExtensions/CMakeFiles/mayaHydraLib.dir/mixedUtils.cpp.o
[2023-11-24T17:12:28.559Z]     [25/117] Building CXX object lib/mayaHydra/hydraExtensions/CMakeFiles/mayaHydraLib.dir/hydraUtils.cpp.o
[2023-11-24T17:12:29.101Z]     [26/117] Building CXX object test/lib/mayaUsd/render/mayaToHydra/cpp/CMakeFiles/mayaHydraCppTests.dir/testMergingSceneIndex.cpp.o
[2023-11-24T17:12:29.666Z]     [27/117] Building CXX object lib/mayaHydra/hydraExtensions/CMakeFiles/mayaHydraLib.dir/adapters/mayaAttrs.cpp.o
[2023-11-24T17:12:30.817Z]     [28/117] Building CXX object lib/mayaHydra/hydraExtensions/CMakeFiles/mayaHydraLib.dir/adapters/adapter.cpp.o
[2023-11-24T17:12:31.372Z]     [29/117] Building CXX object lib/mayaHydra/mayaPlugin/CMakeFiles/mayaHydra.dir/renderOverride.cpp.o
[2023-11-24T17:12:31.910Z]     [30/117] Building CXX object lib/mayaHydra/hydraExtensions/CMakeFiles/mayaHydraLib.dir/mayaHydraSceneProducer.cpp.o
[2023-11-24T17:12:31.910Z]     [31/117] Building CXX object lib/mayaHydra/mayaPlugin/CMakeFiles/mayaHydra.dir/renderGlobals.cpp.o
[2023-11-24T17:12:31.910Z]     [32/117] Building CXX object lib/mayaHydra/hydraExtensions/CMakeFiles/mayaHydraLib.dir/adapters/adapterRegistry.cpp.o
[2023-11-24T17:12:32.461Z]     [33/117] Building CXX object lib/mayaHydra/hydraExtensions/CMakeFiles/mayaHydraLib.dir/adapters/areaLightAdapter.cpp.o
[2023-11-24T17:12:32.999Z]     [34/117] Building CXX object lib/mayaHydra/hydraExtensions/CMakeFiles/mayaHydraLib.dir/adapters/cameraAdapter.cpp.o
[2023-11-24T17:12:32.999Z]     [35/117] Building CXX object lib/mayaHydra/hydraExtensions/CMakeFiles/mayaHydraLib.dir/adapters/aiSkydomeLightAdapter.cpp.o
[2023-11-24T17:12:33.545Z]     [36/117] Building CXX object lib/mayaHydra/hydraExtensions/CMakeFiles/mayaHydraLib.dir/adapters/tokens.cpp.o
[2023-11-24T17:12:33.545Z]     [37/117] Building CXX object lib/mayaHydra/hydraExtensions/CMakeFiles/mayaHydraLib.dir/adapters/dagAdapter.cpp.o
[2023-11-24T17:12:33.545Z]     [38/117] Building CXX object lib/mayaHydra/hydraExtensions/CMakeFiles/mayaHydraLib.dir/adapters/directionalLightAdapter.cpp.o
[2023-11-24T17:12:34.103Z]     [39/117] Building CXX object lib/mayaHydra/hydraExtensions/CMakeFiles/mayaHydraLib.dir/delegates/delegateDebugCodes.cpp.o
[2023-11-24T17:12:34.650Z]     [40/117] Building CXX object lib/mayaHydra/hydraExtensions/CMakeFiles/mayaHydraLib.dir/adapters/lightAdapter.cpp.o
[2023-11-24T17:12:35.201Z]     [41/117] Building CXX object lib/mayaHydra/hydraExtensions/CMakeFiles/mayaHydraLib.dir/adapters/renderItemAdapter.cpp.o
[2023-11-24T17:12:35.754Z]     [42/117] Building CXX object lib/mayaHydra/hydraExtensions/CMakeFiles/mayaHydraLib.dir/adapters/materialAdapter.cpp.o
[2023-11-24T17:12:37.244Z]     [43/117] Building CXX object lib/mayaHydra/hydraExtensions/CMakeFiles/mayaHydraLib.dir/adapters/shapeAdapter.cpp.o
[2023-11-24T17:12:37.245Z]     [44/117] Building CXX object lib/mayaHydra/hydraExtensions/CMakeFiles/mayaHydraLib.dir/adapters/nurbsCurveAdapter.cpp.o
[2023-11-24T17:12:37.245Z]     [45/117] Building CXX object lib/mayaHydra/hydraExtensions/CMakeFiles/mayaHydraLib.dir/delegates/delegate.cpp.o
[2023-11-24T17:12:37.798Z]     [46/117] Building CXX object lib/mayaHydra/hydraExtensions/CMakeFiles/mayaHydraLib.dir/adapters/materialNetworkConverter.cpp.o
[2023-11-24T17:12:37.798Z]     [47/117] Building CXX object lib/mayaHydra/hydraExtensions/CMakeFiles/mayaHydraLib.dir/adapters/pointLightAdapter.cpp.o
[2023-11-24T17:12:37.798Z]     [48/117] Building CXX object lib/mayaHydra/hydraExtensions/CMakeFiles/mayaHydraLib.dir/adapters/meshAdapter.cpp.o
[2023-11-24T17:12:37.798Z]     [49/117] Building CXX object lib/mayaHydra/hydraExtensions/CMakeFiles/mayaHydraLib.dir/delegates/delegateCtx.cpp.o
[2023-11-24T17:12:38.934Z]     [50/117] Building CXX object lib/mayaHydra/hydraExtensions/CMakeFiles/mayaHydraLib.dir/adapters/spotLightAdapter.cpp.o
[2023-11-24T17:12:39.493Z]     [51/117] Building CXX object lib/mayaHydra/hydraExtensions/CMakeFiles/mayaHydraLib.dir/delegates/delegateRegistry.cpp.o
[2023-11-24T17:12:40.043Z]     [52/117] Building CXX object lib/mayaHydra/ufeExtensions/CMakeFiles/ufeExtensions.dir/Global.cpp.o
[2023-11-24T17:12:40.043Z]     [53/117] Building CXX object lib/mayaHydra/hydraExtensions/CMakeFiles/mayaHydraLib.dir/sceneIndex/registration.cpp.o
[2023-11-24T17:12:40.590Z]     [54/117] Linking CXX shared library lib/mayaHydra/ufeExtensions/libufeExtensions.so
[2023-11-24T17:12:40.590Z]     [55/117] Building CXX object lib/mayaHydra/hydraExtensions/CMakeFiles/mayaHydraLib.dir/sceneIndex/mayaHydraMayaDataProducerSceneIndexData.cpp.o
[2023-11-24T17:12:40.590Z]     [56/117] Building CXX object lib/mayaHydra/hydraExtensions/CMakeFiles/mayaHydraLib.dir/sceneIndex/mayaHydraSceneIndexDataFactoriesSetup.cpp.o
[2023-11-24T17:12:40.590Z]     [57/117] Building CXX object lib/mayaHydra/hydraExtensions/CMakeFiles/mayaHydraLib.dir/sceneIndex/mayaHydraMayaDataProducerSceneIndexDataConcreteFactory.cpp.o
[2023-11-24T17:12:41.127Z]     [58/117] Building CXX object lib/flowViewport/CMakeFiles/flowViewport.dir/debugCodes.cpp.o
[2023-11-24T17:12:41.127Z]     [59/117] Building CXX object lib/flowViewport/CMakeFiles/flowViewport.dir/global.cpp.o
[2023-11-24T17:12:41.686Z]     [60/117] Building CXX object lib/flowViewport/CMakeFiles/flowViewport.dir/tokens.cpp.o
[2023-11-24T17:12:41.686Z]     [61/117] Building CXX object lib/flowViewport/CMakeFiles/flowViewport.dir/colorPreferences/fvpColorChanged.cpp.o
[2023-11-24T17:12:41.686Z]     [62/117] Building CXX object lib/flowViewport/CMakeFiles/flowViewport.dir/sceneIndex/fvpPathInterface.cpp.o
[2023-11-24T17:12:41.686Z]     [63/117] Building CXX object lib/flowViewport/CMakeFiles/flowViewport.dir/colorPreferences/fvpColorPreferences.cpp.o
[2023-11-24T17:12:41.686Z]     [64/117] Building CXX object lib/mayaHydra/hydraExtensions/CMakeFiles/mayaHydraLib.dir/sceneIndex/mayaHydraPrimvarDataSource.cpp.o
[2023-11-24T17:12:42.233Z]     [65/117] Building CXX object lib/flowViewport/CMakeFiles/flowViewport.dir/colorPreferences/fvpColorPreferencesTokens.cpp.o
[2023-11-24T17:12:42.773Z]     [66/117] Building CXX object lib/mayaHydra/flowViewportAPIExamples/flowViewportAPIMayaLocator/CMakeFiles/flowViewportAPIMayaLocator.dir/flowViewportAPIMayaLocator.cpp.o
[2023-11-24T17:12:42.773Z]     [67/117] Building CXX object lib/mayaHydra/hydraExtensions/CMakeFiles/mayaHydraLib.dir/delegates/testDelegate.cpp.o
[2023-11-24T17:12:42.773Z]     [68/117] Building CXX object lib/mayaHydra/hydraExtensions/CMakeFiles/mayaHydraLib.dir/sceneIndex/mayaHydraLightDataSource.cpp.o
[2023-11-24T17:12:43.320Z]     [69/117] Building CXX object lib/flowViewport/CMakeFiles/flowViewport.dir/API/interfacesImp/fvpVersionInterfaceImp.cpp.o
[2023-11-24T17:12:43.871Z]     [70/117] Building CXX object lib/mayaHydra/hydraExtensions/CMakeFiles/mayaHydraLib.dir/delegates/defaultLightDelegate.cpp.o
[2023-11-24T17:12:43.871Z]     [71/117] Building CXX object lib/mayaHydra/hydraExtensions/CMakeFiles/mayaHydraLib.dir/sceneIndex/mayaHydraCameraDataSource.cpp.o
[2023-11-24T17:12:43.871Z]     [72/117] Building CXX object lib/flowViewport/CMakeFiles/flowViewport.dir/sceneIndex/fvpPathInterfaceSceneIndex.cpp.o
[2023-11-24T17:12:43.871Z]     [73/117] Building CXX object lib/mayaHydra/hydraExtensions/CMakeFiles/mayaHydraLib.dir/sceneIndex/mayaHydraDisplayStyleDataSource.cpp.o
[2023-11-24T17:12:43.871Z]     [74/117] Building CXX object lib/flowViewport/CMakeFiles/flowViewport.dir/API/interfacesImp/fvpSelectionInterfaceImp.cpp.o
[2023-11-24T17:12:44.412Z]     [75/117] Building CXX object lib/mayaHydra/hydraExtensions/CMakeFiles/mayaHydraLib.dir/delegates/sceneDelegate.cpp.o
[2023-11-24T17:12:44.412Z]     [76/117] Building CXX object lib/flowViewport/CMakeFiles/flowViewport.dir/sceneIndex/fvpMergingSceneIndex.cpp.o
[2023-11-24T17:12:44.971Z]     [77/117] Building CXX object lib/flowViewport/CMakeFiles/flowViewport.dir/API/samples/fvpSelectionClientExample.cpp.o
[2023-11-24T17:12:44.971Z]     [78/117] Building CXX object lib/mayaHydra/hydraExtensions/CMakeFiles/mayaHydraLib.dir/sceneIndex/mayaHydraDataSource.cpp.o
[2023-11-24T17:12:45.527Z]     [79/117] Building CXX object lib/mayaHydra/hydraExtensions/CMakeFiles/mayaHydraLib.dir/sceneIndex/mayaHydraDefaultLightDataSource.cpp.o
[2023-11-24T17:12:45.527Z]     [80/117] Building CXX object lib/flowViewport/CMakeFiles/flowViewport.dir/selection/fvpSelectionFwd.cpp.o
[2023-11-24T17:12:45.527Z]     [81/117] Building CXX object lib/flowViewport/CMakeFiles/flowViewport.dir/sceneIndex/fvpParentDataModifierSceneIndex.cpp.o
[2023-11-24T17:12:46.075Z]     [82/117] Building CXX object lib/flowViewport/CMakeFiles/flowViewport.dir/sceneIndex/fvpRenderIndexProxy.cpp.o
[2023-11-24T17:12:46.075Z]     [83/117] Building CXX object lib/flowViewport/CMakeFiles/flowViewport.dir/sceneIndex/fvpSelectionSceneIndex.cpp.o
[2023-11-24T17:12:46.075Z]     [84/117] Building CXX object lib/mayaHydra/hydraExtensions/CMakeFiles/mayaHydraLib.dir/sceneIndex/mayaHydraSceneIndex.cpp.o
[2023-11-24T17:12:46.075Z]     [85/117] Building CXX object lib/flowViewport/CMakeFiles/flowViewport.dir/sceneIndex/fvpWireframeSelectionHighlightSceneIndex.cpp.o
[2023-11-24T17:12:46.075Z]     [86/117] Building CXX object lib/flowViewport/CMakeFiles/flowViewport.dir/API/interfacesImp/fvpInformationInterfaceImp.cpp.o
[2023-11-24T17:12:46.621Z]     [87/117] Building CXX object lib/flowViewport/CMakeFiles/flowViewport.dir/API/samples/fvpInformationClientExample.cpp.o
[2023-11-24T17:12:47.158Z]     [88/117] Automatic MOC for target adskHydraSceneBrowser
[2023-11-24T17:12:47.696Z]     [89/117] Building CXX object lib/flowViewport/CMakeFiles/flowViewport.dir/API/interfacesImp/fvpDataProducerSceneIndexInterfaceImp.cpp.o
[2023-11-24T17:12:48.308Z]     [90/117] Building CXX object lib/flowViewport/CMakeFiles/flowViewport.dir/selection/fvpSelection.cpp.o
[2023-11-24T17:12:48.308Z]     [91/117] Building CXX object lib/flowViewport/CMakeFiles/flowViewport.dir/API/perViewportSceneIndicesData/fvpViewportInformationAndSceneIndicesPerViewportData.cpp.o
[2023-11-24T17:12:48.864Z]     [92/117] Building CXX object lib/flowViewport/CMakeFiles/flowViewport.dir/API/perViewportSceneIndicesData/fvpViewportInformationAndSceneIndicesPerViewportDataManager.cpp.o
[2023-11-24T17:12:48.864Z]     [93/117] Building CXX object lib/flowViewport/CMakeFiles/flowViewport.dir/selection/fvpSelectionTracker.cpp.o
[2023-11-24T17:12:49.416Z]     [94/117] Building CXX object lib/flowViewport/CMakeFiles/flowViewport.dir/selection/fvpSelectionTask.cpp.o
[2023-11-24T17:12:49.416Z]     [95/117] Building CXX object lib/flowViewport/CMakeFiles/flowViewport.dir/API/perViewportSceneIndicesData/fvpDataProducerSceneIndexDataBase.cpp.o
[2023-11-24T17:12:51.182Z]     [96/117] Building CXX object lib/flowViewport/CMakeFiles/flowViewport.dir/API/samples/fvpDataProducerSceneIndexExample.cpp.o
[2023-11-24T17:12:51.182Z]     [97/117] Building CXX object lib/adskHydraSceneBrowser/lib/CMakeFiles/adskHydraSceneBrowser.dir/src/patch/registeredSceneIndexChooser.cpp.o
[2023-11-24T17:12:51.182Z]     [98/117] Building CXX object plugin/mayaHydraSceneBrowserTest/CMakeFiles/mayaHydraSceneBrowserTest.dir/mayaHydraSceneBrowserTestCmd.cpp.o
[2023-11-24T17:12:51.182Z]     [99/117] Building CXX object lib/adskHydraSceneBrowser/lib/CMakeFiles/adskHydraSceneBrowser.dir/src/patch/sceneIndexObserverLoggingWidget.cpp.o
[2023-11-24T17:12:51.718Z]     [100/117] Linking CXX shared library lib/flowViewport/libflowViewport.so
[2023-11-24T17:12:52.253Z]     [101/117] Building CXX object lib/adskHydraSceneBrowser/lib/CMakeFiles/adskHydraSceneBrowser.dir/src/patch/sceneIndexDebuggerWidget.cpp.o
[2023-11-24T17:12:52.253Z]     [102/117] Building CXX object lib/adskHydraSceneBrowser/lib/CMakeFiles/adskHydraSceneBrowser.dir/src/patch/sceneIndexObserverLoggingTreeView.cpp.o
[2023-11-24T17:12:52.253Z]     [103/117] Building CXX object lib/adskHydraSceneBrowser/lib/CMakeFiles/adskHydraSceneBrowser.dir/adskHydraSceneBrowser_autogen/mocs_compilation.cpp.o
[2023-11-24T17:12:52.788Z]     [104/117] Linking CXX shared library lib/mayaHydra/hydraExtensions/libmayaHydraLib.so
[2023-11-24T17:12:52.788Z]     [105/117] Building CXX object plugin/mayaHydraSceneBrowser/CMakeFiles/mayaHydraSceneBrowser.dir/mayaHydraSceneBrowser.cpp.o
[2023-11-24T17:12:52.788Z]     [106/117] Building CXX object lib/adskHydraSceneBrowser/lib/CMakeFiles/adskHydraSceneBrowser.dir/src/patch/sceneIndexTreeWidget.cpp.o
[2023-11-24T17:12:53.324Z]     [107/117] Linking CXX shared library lib/mayaHydra/flowViewportAPIExamples/flowViewportAPIMayaLocator/flowViewportAPIMayaLocator.so
[2023-11-24T17:12:53.324Z]     [108/117] Building CXX object lib/adskHydraSceneBrowser/lib/CMakeFiles/adskHydraSceneBrowser.dir/src/patch/dataSourceValueTreeView.cpp.o
[2023-11-24T17:12:53.324Z]     [109/117] Linking CXX shared library lib/mayaHydra/mayaPlugin/mayaHydra.so
[2023-11-24T17:12:53.324Z]     [110/117] Linking CXX shared library test/lib/mayaUsd/render/mayaToHydra/cpp/mayaHydraCppTests.so
[2023-11-24T17:12:53.324Z]     [111/117] Building CXX object lib/adskHydraSceneBrowser/lib/CMakeFiles/adskHydraSceneBrowser.dir/src/patch/dataSourceTreeWidget.cpp.o
[2023-11-24T17:12:53.859Z]     [112/117] Building CXX object lib/adskHydraSceneBrowser/test/CMakeFiles/adskHydraSceneBrowserTesting.dir/adskHydraSceneBrowserTesting.cpp.o
[2023-11-24T17:12:53.859Z]     [113/117] Linking CXX shared library lib/adskHydraSceneBrowser/lib/libadskHydraSceneBrowser.so
[2023-11-24T17:12:54.395Z]     [114/117] Linking CXX shared library plugin/mayaHydraSceneBrowser/mayaHydraSceneBrowser.so
[2023-11-24T17:12:58.583Z]     [115/117] Building CXX object lib/adskHydraSceneBrowser/test/CMakeFiles/adskHydraSceneBrowserTesting.dir/adskHydraSceneBrowserTestFixture.cpp.o
[2023-11-24T17:12:59.117Z]     [116/117] Linking CXX shared library lib/adskHydraSceneBrowser/test/libadskHydraSceneBrowserTesting.so
[2023-11-24T17:12:59.117Z]     [117/117] Linking CXX shared library plugin/mayaHydraSceneBrowserTest/mayaHydraSceneBrowserTest.so
[2023-11-24T17:12:59.117Z]     
[2023-11-24T17:12:59.117Z]         Building with settings:
[2023-11-24T17:12:59.117Z]           Source directory          /home/S/jenkins/workspace/ECP/ecg-maya-hydra/ecg-maya-hydra-branch-preflight-python3-linux/ecg-maya-hydra/maya-hydra
[2023-11-24T17:12:59.117Z]           Workspace directory       /local/S/jenkins/workspace/ECP/ecg-maya-hydra/ecg-maya-hydra-branch-preflight-python3-linux
[2023-11-24T17:12:59.117Z]           Build directory           /local/S/jenkins/workspace/ECP/ecg-maya-hydra/ecg-maya-hydra-branch-preflight-python3-linux/build/RelWithDebInfo
[2023-11-24T17:12:59.117Z]           Install directory         /local/S/jenkins/workspace/ECP/ecg-maya-hydra/ecg-maya-hydra-branch-preflight-python3-linux/install/RelWithDebInfo/MayaHydra
[2023-11-24T17:12:59.117Z]           Variant                   RelWithDebInfo
[2023-11-24T17:12:59.117Z]           Python Debug              Off
[2023-11-24T17:12:59.117Z]           CMake generator           Ninja
[2023-11-24T17:12:59.117Z]           Build arguments           ['-DCMAKE_MAKE_PROGRAM=/local/S/jenkins/workspace/shared/Artifactory/Linux/ninja/1.10.2/9ab399b/ninja', '-DPYTHON_INCLUDE_DIR=/local/S/jenkins/workspace/shared/Artifactory/Linux/rundev-master/202311231351/runtime/3705c87/runTime/include/Python311/Python', '-DPython_EXECUTABLE=/local/S/jenkins/workspace/shared/Artifactory/Linux/rundev-master/202311231351/runtime/3705c87/runTime/bin/mayapy', '-DPYTHON_LIBRARIES=/local/S/jenkins/workspace/shared/Artifactory/Linux/rundev-master/202311231351/runtime/3705c87/runTime/lib/libpython3.11.so.1.0', '-DBUILD_WITH_PYTHON_3_VERSION=3.11', '-DCMAKE_WANT_MATERIALX_BUILD=ON', '-DCMAKE_PREFIX_PATH=/local/S/jenkins/workspace/shared/Artifactory/Linux/USD/1a43c47', '-DMAYAHYDRA_BUILD_NUMBER=416', '-DMAYAHYDRA_GIT_COMMIT=62a73979edd44a3d10a3332c52c02d4ba3bdc24c', '-DMAYAHYDRA_GIT_BRANCH=master']
[2023-11-24T17:12:59.117Z]           Stages arguments          ['build']
[2023-11-24T17:12:59.117Z]           CTest arguments           ['--parallel 16']
[2023-11-24T17:12:59.117Z]     Success MayaHydra build and install !!!!
[2023-11-24T17:12:59.117Z]     Elapsed time: 00:00:40
[Pipeline] }
[Pipeline] // withEnv
[Pipeline] }
[Pipeline] // timeout
[Pipeline] }
[Pipeline] // stage
[Pipeline] }
[Pipeline] // timestamps
[Pipeline] timestamps
[Pipeline] {
[Pipeline] stage
[Pipeline] { (Install)
[Pipeline] timeout
[2023-11-24T17:12:59.473Z] Timeout set to expire in 6 hr 0 min
[Pipeline] {
[Pipeline] withEnv
[Pipeline] {
[Pipeline] sh
[2023-11-24T17:13:00.568Z] + scl enable gcc-toolset-11 -
[2023-11-24T17:13:00.568Z] + '[' enable = load -o enable = unload ']'
[2023-11-24T17:13:00.568Z] + /usr/bin/scl enable gcc-toolset-11 -
[2023-11-24T17:13:00.568Z] python ecg-maya-hydra/build.py --stages=install --workspace-dir=/local/S/jenkins/workspace/ECP/ecg-maya-hydra/ecg-maya-hydra-branch-preflight-python3-linux --artifactory-dir=/local/S/jenkins/workspace/shared/Artifactory --build-dir=/local/S/jenkins/workspace/ECP/ecg-maya-hydra/ecg-maya-hydra-branch-preflight-python3-linux/build --install-dir=/local/S/jenkins/workspace/ECP/ecg-maya-hydra/ecg-maya-hydra-branch-preflight-python3-linux/install --signing-dir=/local/S/jenkins/workspace/ECP/ecg-maya-hydra/ecg-maya-hydra-branch-preflight-python3-linux/signing --package-dir=/local/S/jenkins/workspace/ECP/ecg-maya-hydra/ecg-maya-hydra-branch-preflight-python3-linux/package --output-dir=/local/S/jenkins/workspace/ECP/ecg-maya-hydra/ecg-maya-hydra-branch-preflight-python3-linux/output --stash-dir=/local/S/jenkins/workspace/ECP/ecg-maya-hydra/ecg-maya-hydra-branch-preflight-python3-linux/stash --jenkins-build=416 --git-commit=62a73979edd44a3d10a3332c52c02d4ba3bdc24c --git-branch=master --variants=Debug --interactive-tests=true --post-zips=false --osx-binary-architecture-target=ub2 --osx-deployment-target=11.0 --osx-base-sdk=CurrentActiveSDK --maya-cut-config=maya-rundev-master-debug.yaml --maya-package=rundev-master-debug --stage-banner
[2023-11-24T17:13:00.568Z] Using Maya cut from /local/S/jenkins/workspace/shared/Artifactory/Linux/rundev-master-debug/202311231351/runtime/57a60b2
[2023-11-24T17:13:00.568Z] 
[2023-11-24T17:13:00.568Z] ================================================================================
[2023-11-24T17:13:00.568Z]                                 install (Debug)
[2023-11-24T17:13:00.568Z] ================================================================================
[2023-11-24T17:13:00.568Z] Maya Python Debug Info:
[2023-11-24T17:13:00.568Z]   mayapy executable   = /local/S/jenkins/workspace/shared/Artifactory/Linux/rundev-master-debug/202311231351/runtime/57a60b2/runTime/bin/mayapy
[2023-11-24T17:13:00.568Z]   Include Folder      = /local/S/jenkins/workspace/shared/Artifactory/Linux/rundev-master-debug/202311231351/runtime/57a60b2/runTime/include/Python311/Python
[2023-11-24T17:13:00.568Z]   Library             = /local/S/jenkins/workspace/shared/Artifactory/Linux/rundev-master-debug/202311231351/runtime/57a60b2/runTime/lib/libpython3.11d.so.1.0
[2023-11-24T17:13:00.568Z]   site-package Folder = /local/S/jenkins/workspace/shared/Artifactory/Linux/rundev-master-debug/202311231351/runtime/57a60b2/runTime/lib/python3.11/site-packages
[2023-11-24T17:13:01.688Z] In workdir: /home/S/jenkins/workspace/ECP/ecg-maya-hydra/ecg-maya-hydra-branch-preflight-python3-linux/ecg-maya-hydra/maya-hydra
[2023-11-24T17:13:01.688Z] Executing: /local/S/jenkins/workspace/shared/Artifactory/Linux/rundev-master-debug/202311231351/runtime/57a60b2/runTime/bin/mayapy /home/S/jenkins/workspace/ECP/ecg-maya-hydra/ecg-maya-hydra-branch-preflight-python3-linux/ecg-maya-hydra/maya-hydra/build.py --generator Ninja --build-debug --maya-location /local/S/jenkins/workspace/shared/Artifactory/Linux/rundev-master-debug/202311231351/runtime/57a60b2/runTime --devkit-location /local/S/jenkins/workspace/shared/Artifactory/Linux/rundev-master-debug/202311231351/runtime/57a60b2/devkitBase --pxrusd-location /local/S/jenkins/workspace/shared/Artifactory/Linux/USD/e5ad5df --build-args=-DCMAKE_MAKE_PROGRAM=/local/S/jenkins/workspace/shared/Artifactory/Linux/ninja/1.10.2/9ab399b/ninja,-DPYTHON_INCLUDE_DIR=/local/S/jenkins/workspace/shared/Artifactory/Linux/rundev-master-debug/202311231351/runtime/57a60b2/runTime/include/Python311/Python,-DPython_EXECUTABLE=/local/S/jenkins/workspace/shared/Artifactory/Linux/rundev-master-debug/202311231351/runtime/57a60b2/runTime/bin/mayapy,-DPYTHON_LIBRARIES=/local/S/jenkins/workspace/shared/Artifactory/Linux/rundev-master-debug/202311231351/runtime/57a60b2/runTime/lib/libpython3.11d.so.1.0,-DBUILD_WITH_PYTHON_3_VERSION=3.11,-DCMAKE_WANT_MATERIALX_BUILD=ON,-DCMAKE_PREFIX_PATH=/local/S/jenkins/workspace/shared/Artifactory/Linux/USD/e5ad5df,-DMAYAHYDRA_BUILD_NUMBER=416,-DMAYAHYDRA_GIT_COMMIT=62a73979edd44a3d10a3332c52c02d4ba3bdc24c,-DMAYAHYDRA_GIT_BRANCH=master --debug-python '--ctest-args=--parallel 16' --stages=install --redirect-outstream-file=False --install-location /local/S/jenkins/workspace/ECP/ecg-maya-hydra/ecg-maya-hydra-branch-preflight-python3-linux/install/Debug/MayaHydra /local/S/jenkins/workspace/ECP/ecg-maya-hydra/ecg-maya-hydra-branch-preflight-python3-linux
[2023-11-24T17:13:01.688Z] Modified environment variables:
[2023-11-24T17:13:01.688Z]     LD_LIBRARY_PATH=/opt/rh/gcc-toolset-11/root/usr/lib64:/opt/rh/gcc-toolset-11/root/usr/lib64:/opt/rh/gcc-toolset-11/root/usr/lib:/opt/rh/gcc-toolset-11/root/usr/lib64/dyninst:/opt/rh/gcc-toolset-11/root/usr/lib/dyninst
[2023-11-24T17:13:01.688Z]     PATH=/local/S/jenkins/workspace/shared/Artifactory/Linux/cmake/3.20.3/ab685d7/bin:/opt/rh/gcc-toolset-11/root/usr/bin:/home/administrator/.local/bin:/home/administrator/bin:/usr/share/Modules/bin:/usr/local/bin:/usr/local/sbin:/usr/bin:/usr/sbin
[2023-11-24T17:13:01.688Z]     [0/1] Install the project...
[2023-11-24T17:13:02.223Z]     -- Install configuration: "Debug"
[2023-11-24T17:13:02.223Z]     -- Set runtime path of "/local/S/jenkins/workspace/ECP/ecg-maya-hydra/ecg-maya-hydra-branch-preflight-python3-linux/install/Debug/MayaHydra/lib/maya/mayaHydraCppTests.so" to "$ORIGIN/../gtest:/local/S/jenkins/workspace/shared/Artifactory/Linux/rundev-master-debug/202311231351/runtime/57a60b2/devkitBase/devkit/ufe/lib:/local/S/jenkins/workspace/shared/Artifactory/Linux/USD/e5ad5df/lib:/local/S/jenkins/workspace/shared/Artifactory/Linux/rundev-master-debug/202311231351/runtime/57a60b2/runTime/lib"
[2023-11-24T17:13:02.223Z]     -- Set runtime path of "/local/S/jenkins/workspace/ECP/ecg-maya-hydra/ecg-maya-hydra-branch-preflight-python3-linux/install/Debug/MayaHydra/lib/maya/mayaHydra.so" to "$ORIGIN/../../../../../../../../../../../../home/S/jenkins/workspace/shared/Artifactory/Linux/USD/e5ad5df/lib:$ORIGIN/..:/local/S/jenkins/workspace/shared/Artifactory/Linux/rundev-master-debug/202311231351/runtime/57a60b2/devkitBase/devkit/ufe/lib:/local/S/jenkins/workspace/shared/Artifactory/Linux/USD/e5ad5df/lib:/local/S/jenkins/workspace/shared/Artifactory/Linux/rundev-master-debug/202311231351/runtime/57a60b2/runTime/lib"
[2023-11-24T17:13:02.223Z]     -- Set runtime path of "/local/S/jenkins/workspace/ECP/ecg-maya-hydra/ecg-maya-hydra-branch-preflight-python3-linux/install/Debug/MayaHydra/lib/libmayaHydraLib.so" to ""
[2023-11-24T17:13:02.223Z]     -- Set runtime path of "/local/S/jenkins/workspace/ECP/ecg-maya-hydra/ecg-maya-hydra-branch-preflight-python3-linux/install/Debug/MayaHydra/lib/libufeExtensions.so" to ""
[2023-11-24T17:13:02.223Z]     -- Set runtime path of "/local/S/jenkins/workspace/ECP/ecg-maya-hydra/ecg-maya-hydra-branch-preflight-python3-linux/install/Debug/MayaHydra/lib/maya/flowViewportAPIMayaLocator.so" to "$ORIGIN/../../../../../../../../../../../../home/S/jenkins/workspace/shared/Artifactory/Linux/USD/e5ad5df/lib:$ORIGIN/..:/local/S/jenkins/workspace/shared/Artifactory/Linux/USD/e5ad5df/lib:/local/S/jenkins/workspace/shared/Artifactory/Linux/rundev-master-debug/202311231351/runtime/57a60b2/devkitBase/devkit/ufe/lib:/local/S/jenkins/workspace/shared/Artifactory/Linux/rundev-master-debug/202311231351/runtime/57a60b2/runTime/lib"
[2023-11-24T17:13:02.223Z]     -- Set runtime path of "/local/S/jenkins/workspace/ECP/ecg-maya-hydra/ecg-maya-hydra-branch-preflight-python3-linux/install/Debug/MayaHydra/lib/libflowViewport.so" to ""
[2023-11-24T17:13:02.223Z]     -- Set runtime path of "/local/S/jenkins/workspace/ECP/ecg-maya-hydra/ecg-maya-hydra-branch-preflight-python3-linux/install/Debug/MayaHydra/lib/libadskHydraSceneBrowser.so" to ""
[2023-11-24T17:13:02.223Z]     -- Set runtime path of "/local/S/jenkins/workspace/ECP/ecg-maya-hydra/ecg-maya-hydra-branch-preflight-python3-linux/install/Debug/MayaHydra/lib/libadskHydraSceneBrowserTesting.so" to "$ORIGIN/gtest:/local/S/jenkins/workspace/shared/Artifactory/Linux/USD/e5ad5df/lib:/local/S/jenkins/workspace/shared/Artifactory/Linux/rundev-master-debug/202311231351/runtime/57a60b2/devkitBase/Qt/lib"
[2023-11-24T17:13:02.223Z]     -- Set runtime path of "/local/S/jenkins/workspace/ECP/ecg-maya-hydra/ecg-maya-hydra-branch-preflight-python3-linux/install/Debug/MayaHydra/lib/maya/mayaHydraSceneBrowser.so" to "$ORIGIN/..:/local/S/jenkins/workspace/shared/Artifactory/Linux/USD/e5ad5df/lib:/local/S/jenkins/workspace/shared/Artifactory/Linux/rundev-master-debug/202311231351/runtime/57a60b2/devkitBase/devkit/ufe/lib:/local/S/jenkins/workspace/shared/Artifactory/Linux/rundev-master-debug/202311231351/runtime/57a60b2/devkitBase/Qt/lib:/local/S/jenkins/workspace/shared/Artifactory/Linux/rundev-master-debug/202311231351/runtime/57a60b2/runTime/lib"
[2023-11-24T17:13:02.223Z]     -- Set runtime path of "/local/S/jenkins/workspace/ECP/ecg-maya-hydra/ecg-maya-hydra-branch-preflight-python3-linux/install/Debug/MayaHydra/lib/maya/mayaHydraSceneBrowserTest.so" to "$ORIGIN/..:$ORIGIN/../gtest:/local/S/jenkins/workspace/shared/Artifactory/Linux/USD/e5ad5df/lib:/local/S/jenkins/workspace/shared/Artifactory/Linux/rundev-master-debug/202311231351/runtime/57a60b2/devkitBase/Qt/lib:/local/S/jenkins/workspace/shared/Artifactory/Linux/rundev-master-debug/202311231351/runtime/57a60b2/devkitBase/devkit/ufe/lib:/local/S/jenkins/workspace/shared/Artifactory/Linux/rundev-master-debug/202311231351/runtime/57a60b2/runTime/lib"
[2023-11-24T17:13:02.223Z]     
[2023-11-24T17:13:02.223Z]         Building with settings:
[2023-11-24T17:13:02.223Z]           Source directory          /home/S/jenkins/workspace/ECP/ecg-maya-hydra/ecg-maya-hydra-branch-preflight-python3-linux/ecg-maya-hydra/maya-hydra
[2023-11-24T17:13:02.223Z]           Workspace directory       /local/S/jenkins/workspace/ECP/ecg-maya-hydra/ecg-maya-hydra-branch-preflight-python3-linux
[2023-11-24T17:13:02.223Z]           Build directory           /local/S/jenkins/workspace/ECP/ecg-maya-hydra/ecg-maya-hydra-branch-preflight-python3-linux/build/Debug
[2023-11-24T17:13:02.223Z]           Install directory         /local/S/jenkins/workspace/ECP/ecg-maya-hydra/ecg-maya-hydra-branch-preflight-python3-linux/install/Debug/MayaHydra
[2023-11-24T17:13:02.223Z]           Variant                   Debug
[2023-11-24T17:13:02.223Z]           Python Debug              On
[2023-11-24T17:13:02.223Z]           CMake generator           Ninja
[2023-11-24T17:13:02.223Z]           Build arguments           ['-DCMAKE_MAKE_PROGRAM=/local/S/jenkins/workspace/shared/Artifactory/Linux/ninja/1.10.2/9ab399b/ninja', '-DPYTHON_INCLUDE_DIR=/local/S/jenkins/workspace/shared/Artifactory/Linux/rundev-master-debug/202311231351/runtime/57a60b2/runTime/include/Python311/Python', '-DPython_EXECUTABLE=/local/S/jenkins/workspace/shared/Artifactory/Linux/rundev-master-debug/202311231351/runtime/57a60b2/runTime/bin/mayapy', '-DPYTHON_LIBRARIES=/local/S/jenkins/workspace/shared/Artifactory/Linux/rundev-master-debug/202311231351/runtime/57a60b2/runTime/lib/libpython3.11d.so.1.0', '-DBUILD_WITH_PYTHON_3_VERSION=3.11', '-DCMAKE_WANT_MATERIALX_BUILD=ON', '-DCMAKE_PREFIX_PATH=/local/S/jenkins/workspace/shared/Artifactory/Linux/USD/e5ad5df', '-DMAYAHYDRA_BUILD_NUMBER=416', '-DMAYAHYDRA_GIT_COMMIT=62a73979edd44a3d10a3332c52c02d4ba3bdc24c', '-DMAYAHYDRA_GIT_BRANCH=master']
[2023-11-24T17:13:02.223Z]           Stages arguments          ['install']
[2023-11-24T17:13:02.223Z]           CTest arguments           ['--parallel 16']
[2023-11-24T17:13:02.223Z]     Success MayaHydra build and install !!!!
[2023-11-24T17:13:02.223Z]     Elapsed time: 00:00:00
[Pipeline] sh
[2023-11-24T17:13:03.511Z] + scl enable gcc-toolset-11 -
[2023-11-24T17:13:03.511Z] + '[' enable = load -o enable = unload ']'
[2023-11-24T17:13:03.511Z] + /usr/bin/scl enable gcc-toolset-11 -
[2023-11-24T17:13:03.511Z] python ecg-maya-hydra/build.py --stages=install --workspace-dir=/local/S/jenkins/workspace/ECP/ecg-maya-hydra/ecg-maya-hydra-branch-preflight-python3-linux --artifactory-dir=/local/S/jenkins/workspace/shared/Artifactory --build-dir=/local/S/jenkins/workspace/ECP/ecg-maya-hydra/ecg-maya-hydra-branch-preflight-python3-linux/build --install-dir=/local/S/jenkins/workspace/ECP/ecg-maya-hydra/ecg-maya-hydra-branch-preflight-python3-linux/install --signing-dir=/local/S/jenkins/workspace/ECP/ecg-maya-hydra/ecg-maya-hydra-branch-preflight-python3-linux/signing --package-dir=/local/S/jenkins/workspace/ECP/ecg-maya-hydra/ecg-maya-hydra-branch-preflight-python3-linux/package --output-dir=/local/S/jenkins/workspace/ECP/ecg-maya-hydra/ecg-maya-hydra-branch-preflight-python3-linux/output --stash-dir=/local/S/jenkins/workspace/ECP/ecg-maya-hydra/ecg-maya-hydra-branch-preflight-python3-linux/stash --jenkins-build=416 --git-commit=62a73979edd44a3d10a3332c52c02d4ba3bdc24c --git-branch=master --variants=RelWithDebInfo --interactive-tests=true --post-zips=false --osx-binary-architecture-target=ub2 --osx-deployment-target=11.0 --osx-base-sdk=CurrentActiveSDK --maya-cut-config=maya-rundev-master.yaml --maya-package=rundev-master --stage-banner
[2023-11-24T17:13:03.511Z] Using Maya cut from /local/S/jenkins/workspace/shared/Artifactory/Linux/rundev-master/202311231351/runtime/3705c87
[2023-11-24T17:13:03.511Z] 
[2023-11-24T17:13:03.511Z] ================================================================================
[2023-11-24T17:13:03.511Z]                             install (RelWithDebInfo)
[2023-11-24T17:13:03.511Z] ================================================================================
[2023-11-24T17:13:03.511Z] Maya Python RelWithDebInfo Info:
[2023-11-24T17:13:03.511Z]   mayapy executable   = /local/S/jenkins/workspace/shared/Artifactory/Linux/rundev-master/202311231351/runtime/3705c87/runTime/bin/mayapy
[2023-11-24T17:13:03.511Z]   Include Folder      = /local/S/jenkins/workspace/shared/Artifactory/Linux/rundev-master/202311231351/runtime/3705c87/runTime/include/Python311/Python
[2023-11-24T17:13:03.511Z]   Library             = /local/S/jenkins/workspace/shared/Artifactory/Linux/rundev-master/202311231351/runtime/3705c87/runTime/lib/libpython3.11.so.1.0
[2023-11-24T17:13:03.511Z]   site-package Folder = /local/S/jenkins/workspace/shared/Artifactory/Linux/rundev-master/202311231351/runtime/3705c87/runTime/lib/python3.11/site-packages
[2023-11-24T17:13:04.046Z] In workdir: /home/S/jenkins/workspace/ECP/ecg-maya-hydra/ecg-maya-hydra-branch-preflight-python3-linux/ecg-maya-hydra/maya-hydra
[2023-11-24T17:13:04.046Z] Executing: /local/S/jenkins/workspace/shared/Artifactory/Linux/rundev-master/202311231351/runtime/3705c87/runTime/bin/mayapy /home/S/jenkins/workspace/ECP/ecg-maya-hydra/ecg-maya-hydra-branch-preflight-python3-linux/ecg-maya-hydra/maya-hydra/build.py --generator Ninja --build-relwithdebug --maya-location /local/S/jenkins/workspace/shared/Artifactory/Linux/rundev-master/202311231351/runtime/3705c87/runTime --devkit-location /local/S/jenkins/workspace/shared/Artifactory/Linux/rundev-master/202311231351/runtime/3705c87/devkitBase --pxrusd-location /local/S/jenkins/workspace/shared/Artifactory/Linux/USD/1a43c47 --build-args=-DCMAKE_MAKE_PROGRAM=/local/S/jenkins/workspace/shared/Artifactory/Linux/ninja/1.10.2/9ab399b/ninja,-DPYTHON_INCLUDE_DIR=/local/S/jenkins/workspace/shared/Artifactory/Linux/rundev-master/202311231351/runtime/3705c87/runTime/include/Python311/Python,-DPython_EXECUTABLE=/local/S/jenkins/workspace/shared/Artifactory/Linux/rundev-master/202311231351/runtime/3705c87/runTime/bin/mayapy,-DPYTHON_LIBRARIES=/local/S/jenkins/workspace/shared/Artifactory/Linux/rundev-master/202311231351/runtime/3705c87/runTime/lib/libpython3.11.so.1.0,-DBUILD_WITH_PYTHON_3_VERSION=3.11,-DCMAKE_WANT_MATERIALX_BUILD=ON,-DCMAKE_PREFIX_PATH=/local/S/jenkins/workspace/shared/Artifactory/Linux/USD/1a43c47,-DMAYAHYDRA_BUILD_NUMBER=416,-DMAYAHYDRA_GIT_COMMIT=62a73979edd44a3d10a3332c52c02d4ba3bdc24c,-DMAYAHYDRA_GIT_BRANCH=master '--ctest-args=--parallel 16' --stages=install --redirect-outstream-file=False --install-location /local/S/jenkins/workspace/ECP/ecg-maya-hydra/ecg-maya-hydra-branch-preflight-python3-linux/install/RelWithDebInfo/MayaHydra /local/S/jenkins/workspace/ECP/ecg-maya-hydra/ecg-maya-hydra-branch-preflight-python3-linux
[2023-11-24T17:13:04.046Z] Modified environment variables:
[2023-11-24T17:13:04.046Z]     LD_LIBRARY_PATH=/opt/rh/gcc-toolset-11/root/usr/lib64:/opt/rh/gcc-toolset-11/root/usr/lib64:/opt/rh/gcc-toolset-11/root/usr/lib:/opt/rh/gcc-toolset-11/root/usr/lib64/dyninst:/opt/rh/gcc-toolset-11/root/usr/lib/dyninst
[2023-11-24T17:13:04.046Z]     PATH=/local/S/jenkins/workspace/shared/Artifactory/Linux/cmake/3.20.3/ab685d7/bin:/opt/rh/gcc-toolset-11/root/usr/bin:/home/administrator/.local/bin:/home/administrator/bin:/usr/share/Modules/bin:/usr/local/bin:/usr/local/sbin:/usr/bin:/usr/sbin
[2023-11-24T17:13:04.046Z]     [0/1] Install the project...
[2023-11-24T17:13:04.046Z]     -- Install configuration: "RelWithDebInfo"
[2023-11-24T17:13:04.046Z]     -- Set runtime path of "/local/S/jenkins/workspace/ECP/ecg-maya-hydra/ecg-maya-hydra-branch-preflight-python3-linux/install/RelWithDebInfo/MayaHydra/lib/maya/mayaHydraCppTests.so" to "$ORIGIN/../gtest:/local/S/jenkins/workspace/shared/Artifactory/Linux/rundev-master/202311231351/runtime/3705c87/devkitBase/devkit/ufe/lib:/local/S/jenkins/workspace/shared/Artifactory/Linux/USD/1a43c47/lib:/local/S/jenkins/workspace/shared/Artifactory/Linux/rundev-master/202311231351/runtime/3705c87/runTime/lib"
[2023-11-24T17:13:04.046Z]     -- Set runtime path of "/local/S/jenkins/workspace/ECP/ecg-maya-hydra/ecg-maya-hydra-branch-preflight-python3-linux/install/RelWithDebInfo/MayaHydra/lib/maya/mayaHydra.so" to "$ORIGIN/../../../../../../../../../../../../home/S/jenkins/workspace/shared/Artifactory/Linux/USD/1a43c47/lib:$ORIGIN/..:/local/S/jenkins/workspace/shared/Artifactory/Linux/rundev-master/202311231351/runtime/3705c87/devkitBase/devkit/ufe/lib:/local/S/jenkins/workspace/shared/Artifactory/Linux/USD/1a43c47/lib:/local/S/jenkins/workspace/shared/Artifactory/Linux/rundev-master/202311231351/runtime/3705c87/runTime/lib"
[2023-11-24T17:13:04.581Z]     -- Set runtime path of "/local/S/jenkins/workspace/ECP/ecg-maya-hydra/ecg-maya-hydra-branch-preflight-python3-linux/install/RelWithDebInfo/MayaHydra/lib/libmayaHydraLib.so" to ""
[2023-11-24T17:13:04.581Z]     -- Set runtime path of "/local/S/jenkins/workspace/ECP/ecg-maya-hydra/ecg-maya-hydra-branch-preflight-python3-linux/install/RelWithDebInfo/MayaHydra/lib/libufeExtensions.so" to ""
[2023-11-24T17:13:04.581Z]     -- Set runtime path of "/local/S/jenkins/workspace/ECP/ecg-maya-hydra/ecg-maya-hydra-branch-preflight-python3-linux/install/RelWithDebInfo/MayaHydra/lib/maya/flowViewportAPIMayaLocator.so" to "$ORIGIN/../../../../../../../../../../../../home/S/jenkins/workspace/shared/Artifactory/Linux/USD/1a43c47/lib:$ORIGIN/..:/local/S/jenkins/workspace/shared/Artifactory/Linux/USD/1a43c47/lib:/local/S/jenkins/workspace/shared/Artifactory/Linux/rundev-master/202311231351/runtime/3705c87/devkitBase/devkit/ufe/lib:/local/S/jenkins/workspace/shared/Artifactory/Linux/rundev-master/202311231351/runtime/3705c87/runTime/lib"
[2023-11-24T17:13:04.581Z]     -- Set runtime path of "/local/S/jenkins/workspace/ECP/ecg-maya-hydra/ecg-maya-hydra-branch-preflight-python3-linux/install/RelWithDebInfo/MayaHydra/lib/libflowViewport.so" to ""
[2023-11-24T17:13:04.581Z]     -- Set runtime path of "/local/S/jenkins/workspace/ECP/ecg-maya-hydra/ecg-maya-hydra-branch-preflight-python3-linux/install/RelWithDebInfo/MayaHydra/lib/libadskHydraSceneBrowser.so" to ""
[2023-11-24T17:13:04.581Z]     -- Set runtime path of "/local/S/jenkins/workspace/ECP/ecg-maya-hydra/ecg-maya-hydra-branch-preflight-python3-linux/install/RelWithDebInfo/MayaHydra/lib/libadskHydraSceneBrowserTesting.so" to "$ORIGIN/gtest:/local/S/jenkins/workspace/shared/Artifactory/Linux/USD/1a43c47/lib:/local/S/jenkins/workspace/shared/Artifactory/Linux/rundev-master/202311231351/runtime/3705c87/devkitBase/Qt/lib"
[2023-11-24T17:13:04.581Z]     -- Set runtime path of "/local/S/jenkins/workspace/ECP/ecg-maya-hydra/ecg-maya-hydra-branch-preflight-python3-linux/install/RelWithDebInfo/MayaHydra/lib/maya/mayaHydraSceneBrowser.so" to "$ORIGIN/..:/local/S/jenkins/workspace/shared/Artifactory/Linux/USD/1a43c47/lib:/local/S/jenkins/workspace/shared/Artifactory/Linux/rundev-master/202311231351/runtime/3705c87/devkitBase/devkit/ufe/lib:/local/S/jenkins/workspace/shared/Artifactory/Linux/rundev-master/202311231351/runtime/3705c87/devkitBase/Qt/lib:/local/S/jenkins/workspace/shared/Artifactory/Linux/rundev-master/202311231351/runtime/3705c87/runTime/lib"
[2023-11-24T17:13:04.581Z]     -- Set runtime path of "/local/S/jenkins/workspace/ECP/ecg-maya-hydra/ecg-maya-hydra-branch-preflight-python3-linux/install/RelWithDebInfo/MayaHydra/lib/maya/mayaHydraSceneBrowserTest.so" to "$ORIGIN/..:$ORIGIN/../gtest:/local/S/jenkins/workspace/shared/Artifactory/Linux/USD/1a43c47/lib:/local/S/jenkins/workspace/shared/Artifactory/Linux/rundev-master/202311231351/runtime/3705c87/devkitBase/Qt/lib:/local/S/jenkins/workspace/shared/Artifactory/Linux/rundev-master/202311231351/runtime/3705c87/devkitBase/devkit/ufe/lib:/local/S/jenkins/workspace/shared/Artifactory/Linux/rundev-master/202311231351/runtime/3705c87/runTime/lib"
[2023-11-24T17:13:04.581Z]     
[2023-11-24T17:13:04.581Z]         Building with settings:
[2023-11-24T17:13:04.581Z]           Source directory          /home/S/jenkins/workspace/ECP/ecg-maya-hydra/ecg-maya-hydra-branch-preflight-python3-linux/ecg-maya-hydra/maya-hydra
[2023-11-24T17:13:04.581Z]           Workspace directory       /local/S/jenkins/workspace/ECP/ecg-maya-hydra/ecg-maya-hydra-branch-preflight-python3-linux
[2023-11-24T17:13:04.581Z]           Build directory           /local/S/jenkins/workspace/ECP/ecg-maya-hydra/ecg-maya-hydra-branch-preflight-python3-linux/build/RelWithDebInfo
[2023-11-24T17:13:04.581Z]           Install directory         /local/S/jenkins/workspace/ECP/ecg-maya-hydra/ecg-maya-hydra-branch-preflight-python3-linux/install/RelWithDebInfo/MayaHydra
[2023-11-24T17:13:04.581Z]           Variant                   RelWithDebInfo
[2023-11-24T17:13:04.581Z]           Python Debug              Off
[2023-11-24T17:13:04.581Z]           CMake generator           Ninja
[2023-11-24T17:13:04.581Z]           Build arguments           ['-DCMAKE_MAKE_PROGRAM=/local/S/jenkins/workspace/shared/Artifactory/Linux/ninja/1.10.2/9ab399b/ninja', '-DPYTHON_INCLUDE_DIR=/local/S/jenkins/workspace/shared/Artifactory/Linux/rundev-master/202311231351/runtime/3705c87/runTime/include/Python311/Python', '-DPython_EXECUTABLE=/local/S/jenkins/workspace/shared/Artifactory/Linux/rundev-master/202311231351/runtime/3705c87/runTime/bin/mayapy', '-DPYTHON_LIBRARIES=/local/S/jenkins/workspace/shared/Artifactory/Linux/rundev-master/202311231351/runtime/3705c87/runTime/lib/libpython3.11.so.1.0', '-DBUILD_WITH_PYTHON_3_VERSION=3.11', '-DCMAKE_WANT_MATERIALX_BUILD=ON', '-DCMAKE_PREFIX_PATH=/local/S/jenkins/workspace/shared/Artifactory/Linux/USD/1a43c47', '-DMAYAHYDRA_BUILD_NUMBER=416', '-DMAYAHYDRA_GIT_COMMIT=62a73979edd44a3d10a3332c52c02d4ba3bdc24c', '-DMAYAHYDRA_GIT_BRANCH=master']
[2023-11-24T17:13:04.581Z]           Stages arguments          ['install']
[2023-11-24T17:13:04.581Z]           CTest arguments           ['--parallel 16']
[2023-11-24T17:13:04.581Z]     Success MayaHydra build and install !!!!
[2023-11-24T17:13:04.581Z]     Elapsed time: 00:00:00
[Pipeline] }
[Pipeline] // withEnv
[Pipeline] }
[Pipeline] // timeout
[Pipeline] }
[Pipeline] // stage
[Pipeline] }
[Pipeline] // timestamps
[Pipeline] timestamps
[Pipeline] {
[Pipeline] stage
[Pipeline] { (Test)
[Pipeline] timeout
[2023-11-24T17:13:04.935Z] Timeout set to expire in 6 hr 0 min
[Pipeline] {
[Pipeline] withEnv
[Pipeline] {
[Pipeline] sh
[2023-11-24T17:13:06.333Z] + scl enable gcc-toolset-11 -
[2023-11-24T17:13:06.333Z] + '[' enable = load -o enable = unload ']'
[2023-11-24T17:13:06.333Z] + /usr/bin/scl enable gcc-toolset-11 -
[2023-11-24T17:13:06.333Z] python ecg-maya-hydra/build.py --stages=test --workspace-dir=/local/S/jenkins/workspace/ECP/ecg-maya-hydra/ecg-maya-hydra-branch-preflight-python3-linux --artifactory-dir=/local/S/jenkins/workspace/shared/Artifactory --build-dir=/local/S/jenkins/workspace/ECP/ecg-maya-hydra/ecg-maya-hydra-branch-preflight-python3-linux/build --install-dir=/local/S/jenkins/workspace/ECP/ecg-maya-hydra/ecg-maya-hydra-branch-preflight-python3-linux/install --signing-dir=/local/S/jenkins/workspace/ECP/ecg-maya-hydra/ecg-maya-hydra-branch-preflight-python3-linux/signing --package-dir=/local/S/jenkins/workspace/ECP/ecg-maya-hydra/ecg-maya-hydra-branch-preflight-python3-linux/package --output-dir=/local/S/jenkins/workspace/ECP/ecg-maya-hydra/ecg-maya-hydra-branch-preflight-python3-linux/output --stash-dir=/local/S/jenkins/workspace/ECP/ecg-maya-hydra/ecg-maya-hydra-branch-preflight-python3-linux/stash --jenkins-build=416 --git-commit=62a73979edd44a3d10a3332c52c02d4ba3bdc24c --git-branch=master --variants=RelWithDebInfo --interactive-tests=true --post-zips=false --osx-binary-architecture-target=ub2 --osx-deployment-target=11.0 --osx-base-sdk=CurrentActiveSDK --test-jobs=0 --failed-test-retry=3 --maya-cut-config=maya-rundev-master.yaml --maya-package=rundev-master --stage-banner --progressive-timeout
[2023-11-24T17:13:06.333Z] Using Maya cut from /local/S/jenkins/workspace/shared/Artifactory/Linux/rundev-master/202311231351/runtime/3705c87
[2023-11-24T17:13:06.333Z] 
[2023-11-24T17:13:06.333Z] ================================================================================
[2023-11-24T17:13:06.333Z]                              test (RelWithDebInfo)
[2023-11-24T17:13:06.333Z] ================================================================================
[2023-11-24T17:13:06.333Z] Maya Python RelWithDebInfo Info:
[2023-11-24T17:13:06.333Z]   mayapy executable   = /local/S/jenkins/workspace/shared/Artifactory/Linux/rundev-master/202311231351/runtime/3705c87/runTime/bin/mayapy
[2023-11-24T17:13:06.333Z]   Include Folder      = /local/S/jenkins/workspace/shared/Artifactory/Linux/rundev-master/202311231351/runtime/3705c87/runTime/include/Python311/Python
[2023-11-24T17:13:06.333Z]   Library             = /local/S/jenkins/workspace/shared/Artifactory/Linux/rundev-master/202311231351/runtime/3705c87/runTime/lib/libpython3.11.so.1.0
[2023-11-24T17:13:06.333Z]   site-package Folder = /local/S/jenkins/workspace/shared/Artifactory/Linux/rundev-master/202311231351/runtime/3705c87/runTime/lib/python3.11/site-packages
[2023-11-24T17:13:06.333Z] In workdir: /home/S/jenkins/workspace/ECP/ecg-maya-hydra/ecg-maya-hydra-branch-preflight-python3-linux/ecg-maya-hydra/maya-hydra
[2023-11-24T17:13:06.333Z] Executing: /local/S/jenkins/workspace/shared/Artifactory/Linux/rundev-master/202311231351/runtime/3705c87/runTime/bin/mayapy /home/S/jenkins/workspace/ECP/ecg-maya-hydra/ecg-maya-hydra-branch-preflight-python3-linux/ecg-maya-hydra/maya-hydra/build.py --generator Ninja --build-relwithdebug --maya-location /local/S/jenkins/workspace/shared/Artifactory/Linux/rundev-master/202311231351/runtime/3705c87/runTime --devkit-location /local/S/jenkins/workspace/shared/Artifactory/Linux/rundev-master/202311231351/runtime/3705c87/devkitBase --pxrusd-location /local/S/jenkins/workspace/shared/Artifactory/Linux/USD/1a43c47 --build-args=-DCMAKE_MAKE_PROGRAM=/local/S/jenkins/workspace/shared/Artifactory/Linux/ninja/1.10.2/9ab399b/ninja,-DPYTHON_INCLUDE_DIR=/local/S/jenkins/workspace/shared/Artifactory/Linux/rundev-master/202311231351/runtime/3705c87/runTime/include/Python311/Python,-DPython_EXECUTABLE=/local/S/jenkins/workspace/shared/Artifactory/Linux/rundev-master/202311231351/runtime/3705c87/runTime/bin/mayapy,-DPYTHON_LIBRARIES=/local/S/jenkins/workspace/shared/Artifactory/Linux/rundev-master/202311231351/runtime/3705c87/runTime/lib/libpython3.11.so.1.0,-DBUILD_WITH_PYTHON_3_VERSION=3.11,-DCMAKE_WANT_MATERIALX_BUILD=ON,-DCMAKE_PREFIX_PATH=/local/S/jenkins/workspace/shared/Artifactory/Linux/USD/1a43c47,-DMAYAHYDRA_BUILD_NUMBER=416,-DMAYAHYDRA_GIT_COMMIT=62a73979edd44a3d10a3332c52c02d4ba3bdc24c,-DMAYAHYDRA_GIT_BRANCH=master '--ctest-args=--parallel 16' --stages=test --redirect-outstream-file=False --install-location /local/S/jenkins/workspace/ECP/ecg-maya-hydra/ecg-maya-hydra-branch-preflight-python3-linux/install/RelWithDebInfo/MayaHydra /local/S/jenkins/workspace/ECP/ecg-maya-hydra/ecg-maya-hydra-branch-preflight-python3-linux
[2023-11-24T17:13:06.333Z] Modified environment variables:
[2023-11-24T17:13:06.333Z]     LD_LIBRARY_PATH=/opt/rh/gcc-toolset-11/root/usr/lib64:/opt/rh/gcc-toolset-11/root/usr/lib64:/opt/rh/gcc-toolset-11/root/usr/lib:/opt/rh/gcc-toolset-11/root/usr/lib64/dyninst:/opt/rh/gcc-toolset-11/root/usr/lib/dyninst
[2023-11-24T17:13:06.333Z]     PATH=/local/S/jenkins/workspace/shared/Artifactory/Linux/cmake/3.20.3/ab685d7/bin:/opt/rh/gcc-toolset-11/root/usr/bin:/home/administrator/.local/bin:/home/administrator/bin:/usr/share/Modules/bin:/usr/local/bin:/usr/local/sbin:/usr/bin:/usr/sbin
[2023-11-24T17:13:06.884Z]     Test project /home/S/jenkins/workspace/ECP/ecg-maya-hydra/ecg-maya-hydra-branch-preflight-python3-linux/build/RelWithDebInfo
[2023-11-24T17:13:06.884Z]           Start  1: _Interactive_Maya
[2023-11-24T17:13:06.884Z]      1/22 Test  #1: _Interactive_Maya ...........................***Not Run (Disabled)   0.00 sec
[2023-11-24T17:13:06.884Z]           Start  2: testImageDiffing
[2023-11-24T17:13:06.884Z]           Start  3: testMtohCommand
[2023-11-24T17:13:06.884Z]           Start  4: testMeshes
[2023-11-24T17:13:06.884Z]           Start  5: testNamespaces
[2023-11-24T17:13:06.884Z]           Start  6: testVisibility
[2023-11-24T17:13:06.884Z]           Start  7: testRendererSwitching
[2023-11-24T17:13:06.884Z]           Start  8: testSceneBrowser
[2023-11-24T17:13:06.884Z]           Start  9: testStageAddPrim
[2023-11-24T17:13:06.884Z]           Start 10: testNewSceneWithStage
[2023-11-24T17:13:06.884Z]           Start 11: testDirectionalLights
[2023-11-24T17:13:06.884Z]           Start 12: testFlowViewportAPI
[2023-11-24T17:13:06.884Z]           Start 13: testColorPreferences
[2023-11-24T17:13:06.884Z]           Start 14: testCppFramework
[2023-11-24T17:13:06.884Z]           Start 15: testMayaSceneFlattening
[2023-11-24T17:13:06.884Z]           Start 16: testMayaUsdUfeItems
[2023-11-24T17:13:06.884Z]           Start 17: testMergingSceneIndex
[2023-11-24T17:13:14.742Z]      2/22 Test #11: testDirectionalLights .......................   Passed    8.20 sec
[2023-11-24T17:13:14.742Z]           Start 18: testSelectionSceneIndex
[2023-11-24T17:13:15.282Z]      3/22 Test  #8: testSceneBrowser ............................   Passed    8.27 sec
[2023-11-24T17:13:15.282Z]           Start 19: testWireframeSelectionHighlightSceneIndex
[2023-11-24T17:13:15.282Z]      4/22 Test #10: testNewSceneWithStage .......................   Passed    8.62 sec
[2023-11-24T17:13:15.282Z]           Start 20: testFlowViewportAPIViewportInformation
[2023-11-24T17:13:15.282Z]      5/22 Test #16: testMayaUsdUfeItems .........................   Passed    8.67 sec
[2023-11-24T17:13:15.282Z]           Start 21: testFlowViewportAPIAddPrims
[2023-11-24T17:13:15.828Z]      6/22 Test #14: testCppFramework ............................   Passed    8.87 sec
[2023-11-24T17:13:15.828Z]           Start 22: testMeshes_meshAdapter
[2023-11-24T17:13:15.828Z]      7/22 Test #17: testMergingSceneIndex .......................   Passed    8.92 sec
[2023-11-24T17:13:15.828Z]      8/22 Test  #7: testRendererSwitching .......................   Passed    9.07 sec
[2023-11-24T17:13:15.828Z]      9/22 Test  #9: testStageAddPrim ............................   Passed    9.12 sec
[2023-11-24T17:13:15.828Z]     10/22 Test #13: testColorPreferences ........................   Passed    9.26 sec
[2023-11-24T17:13:16.366Z]     11/22 Test  #5: testNamespaces ..............................   Passed    9.31 sec
[2023-11-24T17:13:16.366Z]     12/22 Test  #3: testMtohCommand .............................   Passed    9.36 sec
[2023-11-24T17:13:16.366Z]     13/22 Test #15: testMayaSceneFlattening .....................   Passed    9.66 sec
[2023-11-24T17:13:16.366Z]     14/22 Test  #4: testMeshes ..................................   Passed    9.73 sec
[2023-11-24T17:13:16.901Z]     15/22 Test  #2: testImageDiffing ............................   Passed   10.06 sec
[2023-11-24T17:13:18.043Z]     16/22 Test  #6: testVisibility ..............................   Passed   11.13 sec
[2023-11-24T17:13:20.529Z]     17/22 Test #12: testFlowViewportAPI .........................   Passed   13.41 sec
[2023-11-24T17:13:21.649Z]     18/22 Test #19: testWireframeSelectionHighlightSceneIndex ...   Passed    6.67 sec
[2023-11-24T17:13:22.186Z]     19/22 Test #18: testSelectionSceneIndex .....................   Passed    6.93 sec
[2023-11-24T17:13:22.186Z]     20/22 Test #21: testFlowViewportAPIAddPrims .................   Passed    6.87 sec
[2023-11-24T17:13:22.721Z]     21/22 Test #20: testFlowViewportAPIViewportInformation ......   Passed    7.26 sec
[2023-11-24T17:13:22.721Z]     22/22 Test #22: testMeshes_meshAdapter ......................   Passed    7.12 sec
[2023-11-24T17:13:22.721Z]     
[2023-11-24T17:13:22.721Z]     100% tests passed, 0 tests failed out of 21
[2023-11-24T17:13:22.721Z]     
[2023-11-24T17:13:22.721Z]     Label Time Summary:
[2023-11-24T17:13:22.721Z]     Debugging      =   0.00 sec*proc (1 test)
[2023-11-24T17:13:22.721Z]     interactive    = 186.49 sec*proc (21 tests)
[2023-11-24T17:13:22.721Z]     mayaHydra      = 186.49 sec*proc (21 tests)
[2023-11-24T17:13:22.721Z]     
[2023-11-24T17:13:22.721Z]     Total Test time (real) =  16.01 sec
[2023-11-24T17:13:22.721Z]     
[2023-11-24T17:13:22.721Z]     The following tests did not run:
[2023-11-24T17:13:22.721Z]     	  1 - _Interactive_Maya (Disabled)
[2023-11-24T17:13:22.721Z]     
[2023-11-24T17:13:22.721Z]         Building with settings:
[2023-11-24T17:13:22.721Z]           Source directory          /home/S/jenkins/workspace/ECP/ecg-maya-hydra/ecg-maya-hydra-branch-preflight-python3-linux/ecg-maya-hydra/maya-hydra
[2023-11-24T17:13:22.721Z]           Workspace directory       /local/S/jenkins/workspace/ECP/ecg-maya-hydra/ecg-maya-hydra-branch-preflight-python3-linux
[2023-11-24T17:13:22.721Z]           Build directory           /local/S/jenkins/workspace/ECP/ecg-maya-hydra/ecg-maya-hydra-branch-preflight-python3-linux/build/RelWithDebInfo
[2023-11-24T17:13:22.721Z]           Install directory         /local/S/jenkins/workspace/ECP/ecg-maya-hydra/ecg-maya-hydra-branch-preflight-python3-linux/install/RelWithDebInfo/MayaHydra
[2023-11-24T17:13:22.721Z]           Variant                   RelWithDebInfo
[2023-11-24T17:13:22.721Z]           Python Debug              Off
[2023-11-24T17:13:22.721Z]           CMake generator           Ninja
[2023-11-24T17:13:22.721Z]           Build arguments           ['-DCMAKE_MAKE_PROGRAM=/local/S/jenkins/workspace/shared/Artifactory/Linux/ninja/1.10.2/9ab399b/ninja', '-DPYTHON_INCLUDE_DIR=/local/S/jenkins/workspace/shared/Artifactory/Linux/rundev-master/202311231351/runtime/3705c87/runTime/include/Python311/Python', '-DPython_EXECUTABLE=/local/S/jenkins/workspace/shared/Artifactory/Linux/rundev-master/202311231351/runtime/3705c87/runTime/bin/mayapy', '-DPYTHON_LIBRARIES=/local/S/jenkins/workspace/shared/Artifactory/Linux/rundev-master/202311231351/runtime/3705c87/runTime/lib/libpython3.11.so.1.0', '-DBUILD_WITH_PYTHON_3_VERSION=3.11', '-DCMAKE_WANT_MATERIALX_BUILD=ON', '-DCMAKE_PREFIX_PATH=/local/S/jenkins/workspace/shared/Artifactory/Linux/USD/1a43c47', '-DMAYAHYDRA_BUILD_NUMBER=416', '-DMAYAHYDRA_GIT_COMMIT=62a73979edd44a3d10a3332c52c02d4ba3bdc24c', '-DMAYAHYDRA_GIT_BRANCH=master']
[2023-11-24T17:13:22.721Z]           Stages arguments          ['test']
[2023-11-24T17:13:22.721Z]           CTest arguments           ['--parallel 16']
[2023-11-24T17:13:22.721Z]     Success running MayaHydra tests !!!!
[Pipeline] }
[Pipeline] // withEnv
[Pipeline] }
[Pipeline] // timeout
[Pipeline] }
[Pipeline] // stage
[Pipeline] }
[Pipeline] // timestamps
[Pipeline] timestamps
[Pipeline] {
[Pipeline] stage
[Pipeline] { (Cleanup)
[Pipeline] timeout
[2023-11-24T17:13:23.089Z] Timeout set to expire in 6 hr 0 min
[Pipeline] {
[Pipeline] withEnv
[Pipeline] {
[Pipeline] sh
[2023-11-24T17:13:24.183Z] + scl enable gcc-toolset-11 -
[2023-11-24T17:13:24.183Z] + '[' enable = load -o enable = unload ']'
[2023-11-24T17:13:24.183Z] + /usr/bin/scl enable gcc-toolset-11 -
[2023-11-24T17:13:24.184Z] python ecg-maya-hydra/build.py --stages=cleanup --workspace-dir=/local/S/jenkins/workspace/ECP/ecg-maya-hydra/ecg-maya-hydra-branch-preflight-python3-linux --artifactory-dir=/local/S/jenkins/workspace/shared/Artifactory --build-dir=/local/S/jenkins/workspace/ECP/ecg-maya-hydra/ecg-maya-hydra-branch-preflight-python3-linux/build --install-dir=/local/S/jenkins/workspace/ECP/ecg-maya-hydra/ecg-maya-hydra-branch-preflight-python3-linux/install --signing-dir=/local/S/jenkins/workspace/ECP/ecg-maya-hydra/ecg-maya-hydra-branch-preflight-python3-linux/signing --package-dir=/local/S/jenkins/workspace/ECP/ecg-maya-hydra/ecg-maya-hydra-branch-preflight-python3-linux/package --output-dir=/local/S/jenkins/workspace/ECP/ecg-maya-hydra/ecg-maya-hydra-branch-preflight-python3-linux/output --stash-dir=/local/S/jenkins/workspace/ECP/ecg-maya-hydra/ecg-maya-hydra-branch-preflight-python3-linux/stash --jenkins-build=416 --git-commit=62a73979edd44a3d10a3332c52c02d4ba3bdc24c --git-branch=master --variants=Debug --interactive-tests=true --post-zips=false --osx-binary-architecture-target=ub2 --osx-deployment-target=11.0 --osx-base-sdk=CurrentActiveSDK --maya-cut-config=maya-rundev-master-debug.yaml --maya-package=rundev-master-debug --stage-banner
[2023-11-24T17:13:24.184Z] Using Maya cut from /local/S/jenkins/workspace/shared/Artifactory/Linux/rundev-master-debug/202311231351/runtime/57a60b2
[2023-11-24T17:13:24.184Z] 
[2023-11-24T17:13:24.184Z] ================================================================================
[2023-11-24T17:13:24.184Z]                                cleanup (Finalize)
[2023-11-24T17:13:24.184Z] ================================================================================
[2023-11-24T17:13:24.184Z] Cleaning up workspace
[2023-11-24T17:13:24.184Z] Removing directory: /local/S/jenkins/workspace/ECP/ecg-maya-hydra/ecg-maya-hydra-branch-preflight-python3-linux/build
[2023-11-24T17:13:24.678Z] Removing directory: /local/S/jenkins/workspace/ECP/ecg-maya-hydra/ecg-maya-hydra-branch-preflight-python3-linux/install
[Pipeline] sh
[2023-11-24T17:13:25.937Z] + scl enable gcc-toolset-11 -
[2023-11-24T17:13:25.937Z] + '[' enable = load -o enable = unload ']'
[2023-11-24T17:13:25.937Z] + /usr/bin/scl enable gcc-toolset-11 -
[2023-11-24T17:13:25.937Z] python ecg-maya-hydra/build.py --stages=cleanup --workspace-dir=/local/S/jenkins/workspace/ECP/ecg-maya-hydra/ecg-maya-hydra-branch-preflight-python3-linux --artifactory-dir=/local/S/jenkins/workspace/shared/Artifactory --build-dir=/local/S/jenkins/workspace/ECP/ecg-maya-hydra/ecg-maya-hydra-branch-preflight-python3-linux/build --install-dir=/local/S/jenkins/workspace/ECP/ecg-maya-hydra/ecg-maya-hydra-branch-preflight-python3-linux/install --signing-dir=/local/S/jenkins/workspace/ECP/ecg-maya-hydra/ecg-maya-hydra-branch-preflight-python3-linux/signing --package-dir=/local/S/jenkins/workspace/ECP/ecg-maya-hydra/ecg-maya-hydra-branch-preflight-python3-linux/package --output-dir=/local/S/jenkins/workspace/ECP/ecg-maya-hydra/ecg-maya-hydra-branch-preflight-python3-linux/output --stash-dir=/local/S/jenkins/workspace/ECP/ecg-maya-hydra/ecg-maya-hydra-branch-preflight-python3-linux/stash --jenkins-build=416 --git-commit=62a73979edd44a3d10a3332c52c02d4ba3bdc24c --git-branch=master --variants=RelWithDebInfo --interactive-tests=true --post-zips=false --osx-binary-architecture-target=ub2 --osx-deployment-target=11.0 --osx-base-sdk=CurrentActiveSDK --maya-cut-config=maya-rundev-master.yaml --maya-package=rundev-master --stage-banner
[2023-11-24T17:13:25.937Z] Using Maya cut from /local/S/jenkins/workspace/shared/Artifactory/Linux/rundev-master/202311231351/runtime/3705c87
[2023-11-24T17:13:25.937Z] 
[2023-11-24T17:13:25.937Z] ================================================================================
[2023-11-24T17:13:25.937Z]                                cleanup (Finalize)
[2023-11-24T17:13:25.937Z] ================================================================================
[2023-11-24T17:13:25.937Z] Cleaning up workspace
[Pipeline] }
[Pipeline] // withEnv
[Pipeline] }
[Pipeline] // timeout
[Pipeline] }
[Pipeline] // stage
[Pipeline] }
[Pipeline] // timestamps
[Pipeline] }
[Pipeline] // node
[Pipeline] End of Pipeline
[Checks API] No suitable checks publisher found.
Finished: SUCCESS
