[2023-11-24T21:48:53.233Z] ================================================================================
[2023-11-24T21:48:53.233Z]                                  setup (Debug)
[2023-11-24T21:48:53.233Z] ================================================================================
[Pipeline] sh
[2023-11-24T21:48:54.586Z] + scl enable gcc-toolset-11 -
[2023-11-24T21:48:54.586Z] + '[' enable = load -o enable = unload ']'
[2023-11-24T21:48:54.586Z] + /usr/bin/scl enable gcc-toolset-11 -
[2023-11-24T21:48:54.587Z] python ecg-maya-hydra/build.py --stages=setup --workspace-dir=/local/S/jenkins/workspace/ECP/ecg-maya-hydra/ecg-maya-hydra-branch-preflight-python3-linux --artifactory-dir=/local/S/jenkins/workspace/shared/Artifactory --build-dir=/local/S/jenkins/workspace/ECP/ecg-maya-hydra/ecg-maya-hydra-branch-preflight-python3-linux/build --install-dir=/local/S/jenkins/workspace/ECP/ecg-maya-hydra/ecg-maya-hydra-branch-preflight-python3-linux/install --signing-dir=/local/S/jenkins/workspace/ECP/ecg-maya-hydra/ecg-maya-hydra-branch-preflight-python3-linux/signing --package-dir=/local/S/jenkins/workspace/ECP/ecg-maya-hydra/ecg-maya-hydra-branch-preflight-python3-linux/package --output-dir=/local/S/jenkins/workspace/ECP/ecg-maya-hydra/ecg-maya-hydra-branch-preflight-python3-linux/output --stash-dir=/local/S/jenkins/workspace/ECP/ecg-maya-hydra/ecg-maya-hydra-branch-preflight-python3-linux/stash --jenkins-build=417 --git-commit=4017b60e64efccb8ee1392a05724c36ef63d630a --git-branch=master --variants=RelWithDebInfo --interactive-tests=true --post-zips=false --osx-binary-architecture-target=ub2 --osx-deployment-target=11.0 --osx-base-sdk=CurrentActiveSDK --extra-license-file=ecg-maya-hydra/jenkins-o03-cot/melicense.lic --prune-versions=3 --prune-revisions=3 --maya-cut-config=maya-rundev-master.yaml --maya-package=rundev-master --stage-banner --prune-artifacts --force-pruning
[2023-11-24T21:48:54.587Z] Getting rundev-master download URL from Maya SHA-1 hash
[2023-11-24T21:48:54.587Z] Finding Artifactory servers response times
[2023-11-24T21:48:57.160Z] [VERBOSE] Start loading URL (CURL): https://art-bear.autodesk.com/artifactory/api/system/ping
[2023-11-24T21:48:57.160Z] [DEBUG] Running: /usr/bin/curl -s -X GET --keepalive-time 10 --connect-timeout 60 --speed-limit 10000 --speed-time 120 --max-time 3600 --retry 5 --retry-max-time 2400 -H Connection:close https://art-bear.autodesk.com/artifactory/api/system/ping
[2023-11-24T21:48:57.160Z] [DEBUG] Output:
[2023-11-24T21:48:57.160Z] OK
[2023-11-24T21:48:57.160Z] [VERBOSE] End loading URL (CURL): https://art-bear.autodesk.com/artifactory/api/system/ping
[2023-11-24T21:48:57.160Z] [VERBOSE] Start loading URL (CURL): https://art-marmotte.autodesk.com/artifactory/api/system/ping
[2023-11-24T21:48:57.160Z] [DEBUG] Running: /usr/bin/curl -s -X GET --keepalive-time 10 --connect-timeout 60 --speed-limit 10000 --speed-time 120 --max-time 3600 --retry 5 --retry-max-time 2400 -H Connection:close https://art-marmotte.autodesk.com/artifactory/api/system/ping
[2023-11-24T21:48:57.160Z] [DEBUG] Output:
[2023-11-24T21:48:57.160Z] OK
[2023-11-24T21:48:57.160Z] [VERBOSE] End loading URL (CURL): https://art-marmotte.autodesk.com/artifactory/api/system/ping
[2023-11-24T21:48:57.160Z] [VERBOSE] Start loading URL (CURL): https://art-bobcat.autodesk.com/artifactory/api/system/ping
[2023-11-24T21:48:57.160Z] [DEBUG] Running: /usr/bin/curl -s -X GET --keepalive-time 10 --connect-timeout 60 --speed-limit 10000 --speed-time 120 --max-time 3600 --retry 5 --retry-max-time 2400 -H Connection:close https://art-bobcat.autodesk.com/artifactory/api/system/ping
[2023-11-24T21:48:57.160Z] [DEBUG] Output:
[2023-11-24T21:48:57.160Z] OK
[2023-11-24T21:48:57.160Z] [VERBOSE] End loading URL (CURL): https://art-bobcat.autodesk.com/artifactory/api/system/ping
[2023-11-24T21:48:57.160Z] [VERBOSE] Start loading URL (CURL): https://art-bear.autodesk.com/artifactory/api/search/checksum?repos=autodesk-3p-generic,adsk-build-tools-generic,team-ecg-generic,team-maya-generic,oss-stg-generic&sha1=3705c8745cd66c36c45ec726ba627dd5660b0922
[2023-11-24T21:48:57.160Z] [DEBUG] Running: /usr/bin/curl -s -X GET --keepalive-time 10 --connect-timeout 60 --speed-limit 10000 --speed-time 120 --max-time 3600 --retry 5 --retry-max-time 2400 -H Connection:close -H Authorization:Basic ZWNnYmlmcm9zdDpvcGUqKjAw https://art-bear.autodesk.com/artifactory/api/search/checksum?repos=autodesk-3p-generic,adsk-build-tools-generic,team-ecg-generic,team-maya-generic,oss-stg-generic&sha1=3705c8745cd66c36c45ec726ba627dd5660b0922
[2023-11-24T21:48:57.160Z] [DEBUG] Output:
[2023-11-24T21:48:57.160Z] {
[2023-11-24T21:48:57.160Z]   "results" : [ {
[2023-11-24T21:48:57.160Z]     "uri" : "https://art-bear.autodesk.com:443/artifactory/api/storage/team-maya-generic/Maya/master/plnx/2023-11-23-13-51_058bc28a77/202311231351-058bc28a77-RUNDEV.tgz"
[2023-11-24T21:48:57.160Z]   } ]
[2023-11-24T21:48:57.160Z] }
[2023-11-24T21:48:57.160Z] [VERBOSE] End loading URL (CURL): https://art-bear.autodesk.com/artifactory/api/search/checksum?repos=autodesk-3p-generic,adsk-build-tools-generic,team-ecg-generic,team-maya-generic,oss-stg-generic&sha1=3705c8745cd66c36c45ec726ba627dd5660b0922
[2023-11-24T21:48:57.160Z] [VERBOSE] Start loading URL (CURL): https://art-bear.autodesk.com:443/artifactory/api/storage/team-maya-generic/Maya/master/plnx/2023-11-23-13-51_058bc28a77/202311231351-058bc28a77-RUNDEV.tgz
[2023-11-24T21:48:57.160Z] [DEBUG] Running: /usr/bin/curl -s -X GET --keepalive-time 10 --connect-timeout 60 --speed-limit 10000 --speed-time 120 --max-time 3600 --retry 5 --retry-max-time 2400 -H Connection:close -H Authorization:Basic ZWNnYmlmcm9zdDpvcGUqKjAw https://art-bear.autodesk.com:443/artifactory/api/storage/team-maya-generic/Maya/master/plnx/2023-11-23-13-51_058bc28a77/202311231351-058bc28a77-RUNDEV.tgz
[2023-11-24T21:48:57.160Z] [DEBUG] Output:
[2023-11-24T21:48:57.160Z] {
[2023-11-24T21:48:57.160Z]   "repo" : "team-maya-generic",
[2023-11-24T21:48:57.160Z]   "path" : "/Maya/master/plnx/2023-11-23-13-51_058bc28a77/202311231351-058bc28a77-RUNDEV.tgz",
[2023-11-24T21:48:57.160Z]   "created" : "2023-11-23T18:38:50.833-05:00",
[2023-11-24T21:48:57.160Z]   "createdBy" : "token:art-bear.autodesk.com",
[2023-11-24T21:48:57.160Z]   "lastModified" : "2023-11-23T18:38:50.824-05:00",
[2023-11-24T21:48:57.160Z]   "modifiedBy" : "token:art-bear.autodesk.com",
[2023-11-24T21:48:57.160Z]   "lastUpdated" : "2023-11-23T18:38:50.833-05:00",
[2023-11-24T21:48:57.160Z]   "downloadUri" : "https://art-bear.autodesk.com:443/artifactory/team-maya-generic/Maya/master/plnx/2023-11-23-13-51_058bc28a77/202311231351-058bc28a77-RUNDEV.tgz",
[2023-11-24T21:48:57.160Z]   "mimeType" : "application/x-gzip",
[2023-11-24T21:48:57.160Z]   "size" : "3082923539",
[2023-11-24T21:48:57.160Z]   "checksums" : {
[2023-11-24T21:48:57.160Z]     "sha1" : "3705c8745cd66c36c45ec726ba627dd5660b0922",
[2023-11-24T21:48:57.160Z]     "md5" : "8ddd2853bf61fdad5b9d5c9dfd2289f1",
[2023-11-24T21:48:57.160Z]     "sha256" : "943da1054edaf2a88a1ae36d5779b6702de55e0d5b8a51b631cd2c3b77c3c35b"
[2023-11-24T21:48:57.160Z]   },
[2023-11-24T21:48:57.160Z]   "originalChecksums" : {
[2023-11-24T21:48:57.160Z]     "sha1" : "3705c8745cd66c36c45ec726ba627dd5660b0922",
[2023-11-24T21:48:57.160Z]     "md5" : "8ddd2853bf61fdad5b9d5c9dfd2289f1",
[2023-11-24T21:48:57.160Z]     "sha256" : "943da1054edaf2a88a1ae36d5779b6702de55e0d5b8a51b631cd2c3b77c3c35b"
[2023-11-24T21:48:57.160Z]   },
[2023-11-24T21:48:57.160Z]   "uri" : "https://art-bear.autodesk.com:443/artifactory/api/storage/team-maya-generic/Maya/master/plnx/2023-11-23-13-51_058bc28a77/202311231351-058bc28a77-RUNDEV.tgz"
[2023-11-24T21:48:57.160Z] }
[2023-11-24T21:48:57.160Z] [VERBOSE] End loading URL (CURL): https://art-bear.autodesk.com:443/artifactory/api/storage/team-maya-generic/Maya/master/plnx/2023-11-23-13-51_058bc28a77/202311231351-058bc28a77-RUNDEV.tgz
[2023-11-24T21:48:57.160Z] Using Maya cut from /local/S/jenkins/workspace/shared/Artifactory/Linux/rundev-master/202311231351/runtime/3705c87
[2023-11-24T21:48:57.160Z] 
[2023-11-24T21:48:57.160Z] ================================================================================
[2023-11-24T21:48:57.160Z]                              setup (RelWithDebInfo)
[2023-11-24T21:48:57.160Z] ================================================================================
[Pipeline] }
[Pipeline] // withEnv
[Pipeline] }
[Pipeline] // timeout
[Pipeline] }
[Pipeline] // stage
[Pipeline] }
[Pipeline] // timestamps
[Pipeline] timestamps
[Pipeline] {
[Pipeline] stage
[Pipeline] { (Clean)
[Pipeline] timeout
[2023-11-24T21:48:57.530Z] Timeout set to expire in 6 hr 0 min
[Pipeline] {
[Pipeline] withEnv
[Pipeline] {
[Pipeline] sh
[2023-11-24T21:48:58.642Z] + scl enable gcc-toolset-11 -
[2023-11-24T21:48:58.642Z] + '[' enable = load -o enable = unload ']'
[2023-11-24T21:48:58.642Z] + /usr/bin/scl enable gcc-toolset-11 -
[2023-11-24T21:48:58.642Z] python ecg-maya-hydra/build.py --stages=clean --workspace-dir=/local/S/jenkins/workspace/ECP/ecg-maya-hydra/ecg-maya-hydra-branch-preflight-python3-linux --artifactory-dir=/local/S/jenkins/workspace/shared/Artifactory --build-dir=/local/S/jenkins/workspace/ECP/ecg-maya-hydra/ecg-maya-hydra-branch-preflight-python3-linux/build --install-dir=/local/S/jenkins/workspace/ECP/ecg-maya-hydra/ecg-maya-hydra-branch-preflight-python3-linux/install --signing-dir=/local/S/jenkins/workspace/ECP/ecg-maya-hydra/ecg-maya-hydra-branch-preflight-python3-linux/signing --package-dir=/local/S/jenkins/workspace/ECP/ecg-maya-hydra/ecg-maya-hydra-branch-preflight-python3-linux/package --output-dir=/local/S/jenkins/workspace/ECP/ecg-maya-hydra/ecg-maya-hydra-branch-preflight-python3-linux/output --stash-dir=/local/S/jenkins/workspace/ECP/ecg-maya-hydra/ecg-maya-hydra-branch-preflight-python3-linux/stash --jenkins-build=417 --git-commit=4017b60e64efccb8ee1392a05724c36ef63d630a --git-branch=master --variants=Debug --interactive-tests=true --post-zips=false --osx-binary-architecture-target=ub2 --osx-deployment-target=11.0 --osx-base-sdk=CurrentActiveSDK --maya-cut-config=maya-rundev-master-debug.yaml --maya-package=rundev-master-debug --stage-banner
[2023-11-24T21:48:58.642Z] Using Maya cut from /local/S/jenkins/workspace/shared/Artifactory/Linux/rundev-master-debug/202311231351/runtime/57a60b2
[2023-11-24T21:48:58.642Z] 
[2023-11-24T21:48:58.642Z] ================================================================================
[2023-11-24T21:48:58.642Z]                                  clean (Debug)
[2023-11-24T21:48:58.642Z] ================================================================================
[2023-11-24T21:48:58.642Z] Maya Python Debug Info:
[2023-11-24T21:48:58.642Z]   mayapy executable   = /local/S/jenkins/workspace/shared/Artifactory/Linux/rundev-master-debug/202311231351/runtime/57a60b2/runTime/bin/mayapy
[2023-11-24T21:48:58.642Z]   Include Folder      = /local/S/jenkins/workspace/shared/Artifactory/Linux/rundev-master-debug/202311231351/runtime/57a60b2/runTime/include/Python311/Python
[2023-11-24T21:48:58.642Z]   Library             = /local/S/jenkins/workspace/shared/Artifactory/Linux/rundev-master-debug/202311231351/runtime/57a60b2/runTime/lib/libpython3.11d.so.1.0
[2023-11-24T21:48:58.642Z]   site-package Folder = /local/S/jenkins/workspace/shared/Artifactory/Linux/rundev-master-debug/202311231351/runtime/57a60b2/runTime/lib/python3.11/site-packages
[2023-11-24T21:48:59.838Z] In workdir: /home/S/jenkins/workspace/ECP/ecg-maya-hydra/ecg-maya-hydra-branch-preflight-python3-linux/ecg-maya-hydra/maya-hydra
[2023-11-24T21:48:59.838Z] Executing: /local/S/jenkins/workspace/shared/Artifactory/Linux/rundev-master-debug/202311231351/runtime/57a60b2/runTime/bin/mayapy /home/S/jenkins/workspace/ECP/ecg-maya-hydra/ecg-maya-hydra-branch-preflight-python3-linux/ecg-maya-hydra/maya-hydra/build.py --generator Ninja --build-debug --maya-location /local/S/jenkins/workspace/shared/Artifactory/Linux/rundev-master-debug/202311231351/runtime/57a60b2/runTime --devkit-location /local/S/jenkins/workspace/shared/Artifactory/Linux/rundev-master-debug/202311231351/runtime/57a60b2/devkitBase --pxrusd-location /local/S/jenkins/workspace/shared/Artifactory/Linux/USD/e5ad5df --build-args=-DCMAKE_MAKE_PROGRAM=/local/S/jenkins/workspace/shared/Artifactory/Linux/ninja/1.10.2/9ab399b/ninja,-DPYTHON_INCLUDE_DIR=/local/S/jenkins/workspace/shared/Artifactory/Linux/rundev-master-debug/202311231351/runtime/57a60b2/runTime/include/Python311/Python,-DPython_EXECUTABLE=/local/S/jenkins/workspace/shared/Artifactory/Linux/rundev-master-debug/202311231351/runtime/57a60b2/runTime/bin/mayapy,-DPYTHON_LIBRARIES=/local/S/jenkins/workspace/shared/Artifactory/Linux/rundev-master-debug/202311231351/runtime/57a60b2/runTime/lib/libpython3.11d.so.1.0,-DBUILD_WITH_PYTHON_3_VERSION=3.11,-DCMAKE_WANT_MATERIALX_BUILD=ON,-DCMAKE_PREFIX_PATH=/local/S/jenkins/workspace/shared/Artifactory/Linux/USD/e5ad5df,-DMAYAHYDRA_BUILD_NUMBER=417,-DMAYAHYDRA_GIT_COMMIT=4017b60e64efccb8ee1392a05724c36ef63d630a,-DMAYAHYDRA_GIT_BRANCH=master --debug-python '--ctest-args=--parallel 16' --stages=clean --redirect-outstream-file=False --install-location /local/S/jenkins/workspace/ECP/ecg-maya-hydra/ecg-maya-hydra-branch-preflight-python3-linux/install/Debug/MayaHydra /local/S/jenkins/workspace/ECP/ecg-maya-hydra/ecg-maya-hydra-branch-preflight-python3-linux
[2023-11-24T21:48:59.838Z] Modified environment variables:
[2023-11-24T21:48:59.838Z]     LD_LIBRARY_PATH=/opt/rh/gcc-toolset-11/root/usr/lib64:/opt/rh/gcc-toolset-11/root/usr/lib64:/opt/rh/gcc-toolset-11/root/usr/lib:/opt/rh/gcc-toolset-11/root/usr/lib64/dyninst:/opt/rh/gcc-toolset-11/root/usr/lib/dyninst
[2023-11-24T21:48:59.838Z]     PATH=/local/S/jenkins/workspace/shared/Artifactory/Linux/cmake/3.20.3/ab685d7/bin:/opt/rh/gcc-toolset-11/root/usr/bin:/home/administrator/.local/bin:/home/administrator/bin:/usr/share/Modules/bin:/usr/local/bin:/usr/local/sbin:/usr/bin:/usr/sbin
[2023-11-24T21:49:00.384Z]     
[2023-11-24T21:49:00.384Z]         Building with settings:
[2023-11-24T21:49:00.384Z]           Source directory          /home/S/jenkins/workspace/ECP/ecg-maya-hydra/ecg-maya-hydra-branch-preflight-python3-linux/ecg-maya-hydra/maya-hydra
[2023-11-24T21:49:00.384Z]           Workspace directory       /local/S/jenkins/workspace/ECP/ecg-maya-hydra/ecg-maya-hydra-branch-preflight-python3-linux
[2023-11-24T21:49:00.384Z]           Build directory           /local/S/jenkins/workspace/ECP/ecg-maya-hydra/ecg-maya-hydra-branch-preflight-python3-linux/build/Debug
[2023-11-24T21:49:00.384Z]           Install directory         /local/S/jenkins/workspace/ECP/ecg-maya-hydra/ecg-maya-hydra-branch-preflight-python3-linux/install/Debug/MayaHydra
[2023-11-24T21:49:00.384Z]           Variant                   Debug
[2023-11-24T21:49:00.384Z]           Python Debug              On
[2023-11-24T21:49:00.384Z]           CMake generator           Ninja
[2023-11-24T21:49:00.384Z]           Build arguments           ['-DCMAKE_MAKE_PROGRAM=/local/S/jenkins/workspace/shared/Artifactory/Linux/ninja/1.10.2/9ab399b/ninja', '-DPYTHON_INCLUDE_DIR=/local/S/jenkins/workspace/shared/Artifactory/Linux/rundev-master-debug/202311231351/runtime/57a60b2/runTime/include/Python311/Python', '-DPython_EXECUTABLE=/local/S/jenkins/workspace/shared/Artifactory/Linux/rundev-master-debug/202311231351/runtime/57a60b2/runTime/bin/mayapy', '-DPYTHON_LIBRARIES=/local/S/jenkins/workspace/shared/Artifactory/Linux/rundev-master-debug/202311231351/runtime/57a60b2/runTime/lib/libpython3.11d.so.1.0', '-DBUILD_WITH_PYTHON_3_VERSION=3.11', '-DCMAKE_WANT_MATERIALX_BUILD=ON', '-DCMAKE_PREFIX_PATH=/local/S/jenkins/workspace/shared/Artifactory/Linux/USD/e5ad5df', '-DMAYAHYDRA_BUILD_NUMBER=417', '-DMAYAHYDRA_GIT_COMMIT=4017b60e64efccb8ee1392a05724c36ef63d630a', '-DMAYAHYDRA_GIT_BRANCH=master']
[2023-11-24T21:49:00.384Z]           Stages arguments          ['clean']
[2023-11-24T21:49:00.384Z]           CTest arguments           ['--parallel 16']
[2023-11-24T21:49:00.384Z]     Success MayaHydra build and install !!!!
[2023-11-24T21:49:00.384Z]     Elapsed time: 00:00:00
[Pipeline] sh
[2023-11-24T21:49:01.727Z] + scl enable gcc-toolset-11 -
[2023-11-24T21:49:01.728Z] + '[' enable = load -o enable = unload ']'
[2023-11-24T21:49:01.728Z] + /usr/bin/scl enable gcc-toolset-11 -
[2023-11-24T21:49:01.728Z] python ecg-maya-hydra/build.py --stages=clean --workspace-dir=/local/S/jenkins/workspace/ECP/ecg-maya-hydra/ecg-maya-hydra-branch-preflight-python3-linux --artifactory-dir=/local/S/jenkins/workspace/shared/Artifactory --build-dir=/local/S/jenkins/workspace/ECP/ecg-maya-hydra/ecg-maya-hydra-branch-preflight-python3-linux/build --install-dir=/local/S/jenkins/workspace/ECP/ecg-maya-hydra/ecg-maya-hydra-branch-preflight-python3-linux/install --signing-dir=/local/S/jenkins/workspace/ECP/ecg-maya-hydra/ecg-maya-hydra-branch-preflight-python3-linux/signing --package-dir=/local/S/jenkins/workspace/ECP/ecg-maya-hydra/ecg-maya-hydra-branch-preflight-python3-linux/package --output-dir=/local/S/jenkins/workspace/ECP/ecg-maya-hydra/ecg-maya-hydra-branch-preflight-python3-linux/output --stash-dir=/local/S/jenkins/workspace/ECP/ecg-maya-hydra/ecg-maya-hydra-branch-preflight-python3-linux/stash --jenkins-build=417 --git-commit=4017b60e64efccb8ee1392a05724c36ef63d630a --git-branch=master --variants=RelWithDebInfo --interactive-tests=true --post-zips=false --osx-binary-architecture-target=ub2 --osx-deployment-target=11.0 --osx-base-sdk=CurrentActiveSDK --maya-cut-config=maya-rundev-master.yaml --maya-package=rundev-master --stage-banner
[2023-11-24T21:49:01.728Z] Using Maya cut from /local/S/jenkins/workspace/shared/Artifactory/Linux/rundev-master/202311231351/runtime/3705c87
[2023-11-24T21:49:01.728Z] 
[2023-11-24T21:49:01.728Z] ================================================================================
[2023-11-24T21:49:01.728Z]                              clean (RelWithDebInfo)
[2023-11-24T21:49:01.728Z] ================================================================================
[2023-11-24T21:49:01.728Z] Maya Python RelWithDebInfo Info:
[2023-11-24T21:49:01.728Z]   mayapy executable   = /local/S/jenkins/workspace/shared/Artifactory/Linux/rundev-master/202311231351/runtime/3705c87/runTime/bin/mayapy
[2023-11-24T21:49:01.728Z]   Include Folder      = /local/S/jenkins/workspace/shared/Artifactory/Linux/rundev-master/202311231351/runtime/3705c87/runTime/include/Python311/Python
[2023-11-24T21:49:01.728Z]   Library             = /local/S/jenkins/workspace/shared/Artifactory/Linux/rundev-master/202311231351/runtime/3705c87/runTime/lib/libpython3.11.so.1.0
[2023-11-24T21:49:01.728Z]   site-package Folder = /local/S/jenkins/workspace/shared/Artifactory/Linux/rundev-master/202311231351/runtime/3705c87/runTime/lib/python3.11/site-packages
[2023-11-24T21:49:02.269Z] In workdir: /home/S/jenkins/workspace/ECP/ecg-maya-hydra/ecg-maya-hydra-branch-preflight-python3-linux/ecg-maya-hydra/maya-hydra
[2023-11-24T21:49:02.269Z] Executing: /local/S/jenkins/workspace/shared/Artifactory/Linux/rundev-master/202311231351/runtime/3705c87/runTime/bin/mayapy /home/S/jenkins/workspace/ECP/ecg-maya-hydra/ecg-maya-hydra-branch-preflight-python3-linux/ecg-maya-hydra/maya-hydra/build.py --generator Ninja --build-relwithdebug --maya-location /local/S/jenkins/workspace/shared/Artifactory/Linux/rundev-master/202311231351/runtime/3705c87/runTime --devkit-location /local/S/jenkins/workspace/shared/Artifactory/Linux/rundev-master/202311231351/runtime/3705c87/devkitBase --pxrusd-location /local/S/jenkins/workspace/shared/Artifactory/Linux/USD/1a43c47 --build-args=-DCMAKE_MAKE_PROGRAM=/local/S/jenkins/workspace/shared/Artifactory/Linux/ninja/1.10.2/9ab399b/ninja,-DPYTHON_INCLUDE_DIR=/local/S/jenkins/workspace/shared/Artifactory/Linux/rundev-master/202311231351/runtime/3705c87/runTime/include/Python311/Python,-DPython_EXECUTABLE=/local/S/jenkins/workspace/shared/Artifactory/Linux/rundev-master/202311231351/runtime/3705c87/runTime/bin/mayapy,-DPYTHON_LIBRARIES=/local/S/jenkins/workspace/shared/Artifactory/Linux/rundev-master/202311231351/runtime/3705c87/runTime/lib/libpython3.11.so.1.0,-DBUILD_WITH_PYTHON_3_VERSION=3.11,-DCMAKE_WANT_MATERIALX_BUILD=ON,-DCMAKE_PREFIX_PATH=/local/S/jenkins/workspace/shared/Artifactory/Linux/USD/1a43c47,-DMAYAHYDRA_BUILD_NUMBER=417,-DMAYAHYDRA_GIT_COMMIT=4017b60e64efccb8ee1392a05724c36ef63d630a,-DMAYAHYDRA_GIT_BRANCH=master '--ctest-args=--parallel 16' --stages=clean --redirect-outstream-file=False --install-location /local/S/jenkins/workspace/ECP/ecg-maya-hydra/ecg-maya-hydra-branch-preflight-python3-linux/install/RelWithDebInfo/MayaHydra /local/S/jenkins/workspace/ECP/ecg-maya-hydra/ecg-maya-hydra-branch-preflight-python3-linux
[2023-11-24T21:49:02.269Z] Modified environment variables:
[2023-11-24T21:49:02.269Z]     LD_LIBRARY_PATH=/opt/rh/gcc-toolset-11/root/usr/lib64:/opt/rh/gcc-toolset-11/root/usr/lib64:/opt/rh/gcc-toolset-11/root/usr/lib:/opt/rh/gcc-toolset-11/root/usr/lib64/dyninst:/opt/rh/gcc-toolset-11/root/usr/lib/dyninst
[2023-11-24T21:49:02.269Z]     PATH=/local/S/jenkins/workspace/shared/Artifactory/Linux/cmake/3.20.3/ab685d7/bin:/opt/rh/gcc-toolset-11/root/usr/bin:/home/administrator/.local/bin:/home/administrator/bin:/usr/share/Modules/bin:/usr/local/bin:/usr/local/sbin:/usr/bin:/usr/sbin
[2023-11-24T21:49:02.269Z]     
[2023-11-24T21:49:02.269Z]         Building with settings:
[2023-11-24T21:49:02.269Z]           Source directory          /home/S/jenkins/workspace/ECP/ecg-maya-hydra/ecg-maya-hydra-branch-preflight-python3-linux/ecg-maya-hydra/maya-hydra
[2023-11-24T21:49:02.269Z]           Workspace directory       /local/S/jenkins/workspace/ECP/ecg-maya-hydra/ecg-maya-hydra-branch-preflight-python3-linux
[2023-11-24T21:49:02.269Z]           Build directory           /local/S/jenkins/workspace/ECP/ecg-maya-hydra/ecg-maya-hydra-branch-preflight-python3-linux/build/RelWithDebInfo
[2023-11-24T21:49:02.269Z]           Install directory         /local/S/jenkins/workspace/ECP/ecg-maya-hydra/ecg-maya-hydra-branch-preflight-python3-linux/install/RelWithDebInfo/MayaHydra
[2023-11-24T21:49:02.269Z]           Variant                   RelWithDebInfo
[2023-11-24T21:49:02.269Z]           Python Debug              Off
[2023-11-24T21:49:02.269Z]           CMake generator           Ninja
[2023-11-24T21:49:02.269Z]           Build arguments           ['-DCMAKE_MAKE_PROGRAM=/local/S/jenkins/workspace/shared/Artifactory/Linux/ninja/1.10.2/9ab399b/ninja', '-DPYTHON_INCLUDE_DIR=/local/S/jenkins/workspace/shared/Artifactory/Linux/rundev-master/202311231351/runtime/3705c87/runTime/include/Python311/Python', '-DPython_EXECUTABLE=/local/S/jenkins/workspace/shared/Artifactory/Linux/rundev-master/202311231351/runtime/3705c87/runTime/bin/mayapy', '-DPYTHON_LIBRARIES=/local/S/jenkins/workspace/shared/Artifactory/Linux/rundev-master/202311231351/runtime/3705c87/runTime/lib/libpython3.11.so.1.0', '-DBUILD_WITH_PYTHON_3_VERSION=3.11', '-DCMAKE_WANT_MATERIALX_BUILD=ON', '-DCMAKE_PREFIX_PATH=/local/S/jenkins/workspace/shared/Artifactory/Linux/USD/1a43c47', '-DMAYAHYDRA_BUILD_NUMBER=417', '-DMAYAHYDRA_GIT_COMMIT=4017b60e64efccb8ee1392a05724c36ef63d630a', '-DMAYAHYDRA_GIT_BRANCH=master']
[2023-11-24T21:49:02.269Z]           Stages arguments          ['clean']
[2023-11-24T21:49:02.269Z]           CTest arguments           ['--parallel 16']
[2023-11-24T21:49:02.269Z]     Success MayaHydra build and install !!!!
[2023-11-24T21:49:02.269Z]     Elapsed time: 00:00:00
[Pipeline] }
[Pipeline] // withEnv
[Pipeline] }
[Pipeline] // timeout
[Pipeline] }
[Pipeline] // stage
[Pipeline] }
[Pipeline] // timestamps
[Pipeline] timestamps
[Pipeline] {
[Pipeline] stage
[Pipeline] { (Configure)
[Pipeline] timeout
[2023-11-24T21:49:02.992Z] Timeout set to expire in 6 hr 0 min
[Pipeline] {
[Pipeline] withEnv
[Pipeline] {
[Pipeline] sh
[2023-11-24T21:49:04.113Z] + scl enable gcc-toolset-11 -
[2023-11-24T21:49:04.113Z] + '[' enable = load -o enable = unload ']'
[2023-11-24T21:49:04.113Z] + /usr/bin/scl enable gcc-toolset-11 -
[2023-11-24T21:49:04.113Z] python ecg-maya-hydra/build.py --stages=configure --workspace-dir=/local/S/jenkins/workspace/ECP/ecg-maya-hydra/ecg-maya-hydra-branch-preflight-python3-linux --artifactory-dir=/local/S/jenkins/workspace/shared/Artifactory --build-dir=/local/S/jenkins/workspace/ECP/ecg-maya-hydra/ecg-maya-hydra-branch-preflight-python3-linux/build --install-dir=/local/S/jenkins/workspace/ECP/ecg-maya-hydra/ecg-maya-hydra-branch-preflight-python3-linux/install --signing-dir=/local/S/jenkins/workspace/ECP/ecg-maya-hydra/ecg-maya-hydra-branch-preflight-python3-linux/signing --package-dir=/local/S/jenkins/workspace/ECP/ecg-maya-hydra/ecg-maya-hydra-branch-preflight-python3-linux/package --output-dir=/local/S/jenkins/workspace/ECP/ecg-maya-hydra/ecg-maya-hydra-branch-preflight-python3-linux/output --stash-dir=/local/S/jenkins/workspace/ECP/ecg-maya-hydra/ecg-maya-hydra-branch-preflight-python3-linux/stash --jenkins-build=417 --git-commit=4017b60e64efccb8ee1392a05724c36ef63d630a --git-branch=master --variants=Debug --interactive-tests=true --post-zips=false --osx-binary-architecture-target=ub2 --osx-deployment-target=11.0 --osx-base-sdk=CurrentActiveSDK --maya-cut-config=maya-rundev-master-debug.yaml --maya-package=rundev-master-debug --stage-banner
[2023-11-24T21:49:04.113Z] Using Maya cut from /local/S/jenkins/workspace/shared/Artifactory/Linux/rundev-master-debug/202311231351/runtime/57a60b2
[2023-11-24T21:49:04.113Z] 
[2023-11-24T21:49:04.113Z] ================================================================================
[2023-11-24T21:49:04.113Z]                                configure (Debug)
[2023-11-24T21:49:04.113Z] ================================================================================
[2023-11-24T21:49:04.113Z] Maya Python Debug Info:
[2023-11-24T21:49:04.113Z]   mayapy executable   = /local/S/jenkins/workspace/shared/Artifactory/Linux/rundev-master-debug/202311231351/runtime/57a60b2/runTime/bin/mayapy
[2023-11-24T21:49:04.113Z]   Include Folder      = /local/S/jenkins/workspace/shared/Artifactory/Linux/rundev-master-debug/202311231351/runtime/57a60b2/runTime/include/Python311/Python
[2023-11-24T21:49:04.113Z]   Library             = /local/S/jenkins/workspace/shared/Artifactory/Linux/rundev-master-debug/202311231351/runtime/57a60b2/runTime/lib/libpython3.11d.so.1.0
[2023-11-24T21:49:04.113Z]   site-package Folder = /local/S/jenkins/workspace/shared/Artifactory/Linux/rundev-master-debug/202311231351/runtime/57a60b2/runTime/lib/python3.11/site-packages
[2023-11-24T21:49:05.245Z] In workdir: /home/S/jenkins/workspace/ECP/ecg-maya-hydra/ecg-maya-hydra-branch-preflight-python3-linux/ecg-maya-hydra/maya-hydra
[2023-11-24T21:49:05.245Z] Executing: /local/S/jenkins/workspace/shared/Artifactory/Linux/rundev-master-debug/202311231351/runtime/57a60b2/runTime/bin/mayapy /home/S/jenkins/workspace/ECP/ecg-maya-hydra/ecg-maya-hydra-branch-preflight-python3-linux/ecg-maya-hydra/maya-hydra/build.py --generator Ninja --build-debug --maya-location /local/S/jenkins/workspace/shared/Artifactory/Linux/rundev-master-debug/202311231351/runtime/57a60b2/runTime --devkit-location /local/S/jenkins/workspace/shared/Artifactory/Linux/rundev-master-debug/202311231351/runtime/57a60b2/devkitBase --pxrusd-location /local/S/jenkins/workspace/shared/Artifactory/Linux/USD/e5ad5df --build-args=-DCMAKE_MAKE_PROGRAM=/local/S/jenkins/workspace/shared/Artifactory/Linux/ninja/1.10.2/9ab399b/ninja,-DPYTHON_INCLUDE_DIR=/local/S/jenkins/workspace/shared/Artifactory/Linux/rundev-master-debug/202311231351/runtime/57a60b2/runTime/include/Python311/Python,-DPython_EXECUTABLE=/local/S/jenkins/workspace/shared/Artifactory/Linux/rundev-master-debug/202311231351/runtime/57a60b2/runTime/bin/mayapy,-DPYTHON_LIBRARIES=/local/S/jenkins/workspace/shared/Artifactory/Linux/rundev-master-debug/202311231351/runtime/57a60b2/runTime/lib/libpython3.11d.so.1.0,-DBUILD_WITH_PYTHON_3_VERSION=3.11,-DCMAKE_WANT_MATERIALX_BUILD=ON,-DCMAKE_PREFIX_PATH=/local/S/jenkins/workspace/shared/Artifactory/Linux/USD/e5ad5df,-DMAYAHYDRA_BUILD_NUMBER=417,-DMAYAHYDRA_GIT_COMMIT=4017b60e64efccb8ee1392a05724c36ef63d630a,-DMAYAHYDRA_GIT_BRANCH=master --debug-python '--ctest-args=--parallel 16' --stages=configure --redirect-outstream-file=False --install-location /local/S/jenkins/workspace/ECP/ecg-maya-hydra/ecg-maya-hydra-branch-preflight-python3-linux/install/Debug/MayaHydra /local/S/jenkins/workspace/ECP/ecg-maya-hydra/ecg-maya-hydra-branch-preflight-python3-linux
[2023-11-24T21:49:05.245Z] Modified environment variables:
[2023-11-24T21:49:05.245Z]     LD_LIBRARY_PATH=/opt/rh/gcc-toolset-11/root/usr/lib64:/opt/rh/gcc-toolset-11/root/usr/lib64:/opt/rh/gcc-toolset-11/root/usr/lib:/opt/rh/gcc-toolset-11/root/usr/lib64/dyninst:/opt/rh/gcc-toolset-11/root/usr/lib/dyninst
[2023-11-24T21:49:05.245Z]     PATH=/local/S/jenkins/workspace/shared/Artifactory/Linux/cmake/3.20.3/ab685d7/bin:/opt/rh/gcc-toolset-11/root/usr/bin:/home/administrator/.local/bin:/home/administrator/bin:/usr/share/Modules/bin:/usr/local/bin:/usr/local/sbin:/usr/bin:/usr/sbin
[2023-11-24T21:49:05.786Z]     -- The C compiler identification is GNU 11.2.1
[2023-11-24T21:49:05.786Z]     -- The CXX compiler identification is GNU 11.2.1
[2023-11-24T21:49:05.786Z]     -- Detecting C compiler ABI info
[2023-11-24T21:49:05.786Z]     -- Detecting C compiler ABI info - done
[2023-11-24T21:49:05.786Z]     -- Check for working C compiler: /opt/rh/gcc-toolset-11/root/usr/bin/cc - skipped
[2023-11-24T21:49:05.786Z]     -- Detecting C compile features
[2023-11-24T21:49:05.786Z]     -- Detecting C compile features - done
[2023-11-24T21:49:05.786Z]     -- Detecting CXX compiler ABI info
[2023-11-24T21:49:05.786Z]     -- Detecting CXX compiler ABI info - done
[2023-11-24T21:49:05.786Z]     -- Check for working CXX compiler: /opt/rh/gcc-toolset-11/root/usr/bin/c++ - skipped
[2023-11-24T21:49:05.786Z]     -- Detecting CXX compile features
[2023-11-24T21:49:05.786Z]     -- Detecting CXX compile features - done
[2023-11-24T21:49:06.328Z]     -- Using Maya Light API Version 3
[2023-11-24T21:49:06.328Z]     -- Maya has setDefaultMaterialHandling API
[2023-11-24T21:49:06.328Z]     -- Maya has new point snapping API
[2023-11-24T21:49:06.328Z]     -- Maya has isInCrashHandler API
[2023-11-24T21:49:06.328Z]     -- Maya has getDisplayStyleOfAllViewports API
[2023-11-24T21:49:06.328Z]     -- Maya array iterator has difference_type trait
[2023-11-24T21:49:06.328Z]     -- MFnSet has getMemberPaths function
[2023-11-24T21:49:06.328Z]     -- MFnDisplayLayer exists
[2023-11-24T21:49:06.328Z]     -- MDisplayLayerMessage has MDisplayLayerMemberChangedFunction
[2023-11-24T21:49:06.328Z]     -- MRenderItem has HideOnPlayback API
[2023-11-24T21:49:06.869Z]     -- Linux: Maya was built with new cxx11 ABI
[2023-11-24T21:49:06.869Z]     -- Found Maya: /local/S/jenkins/workspace/shared/Artifactory/Linux/rundev-master-debug/202311231351/runtime/57a60b2/runTime/bin/maya (found suitable version "2025", minimum required is "2024")
[2023-11-24T21:49:08.003Z]     -- Found Python: /local/S/jenkins/workspace/shared/Artifactory/Linux/rundev-master-debug/202311231351/runtime/57a60b2/runTime/bin/mayapy (found suitable exact version "3.11.4") found components: Interpreter
[2023-11-24T21:49:08.003Z]     -- Build mayaHydra with Python3 = 3.11
[2023-11-24T21:49:08.003Z]     --    PYTHON_INCLUDE_DIRS = /local/S/jenkins/workspace/shared/Artifactory/Linux/rundev-master-debug/202311231351/runtime/57a60b2/runTime/include/Python311/Python
[2023-11-24T21:49:08.003Z]     --    PYTHON_LIBRARIES    = /local/S/jenkins/workspace/shared/Artifactory/Linux/rundev-master-debug/202311231351/runtime/57a60b2/runTime/lib/libpython3.11d.so.1.0
[2023-11-24T21:49:08.003Z]     --    Python_EXECUTABLE   = /local/S/jenkins/workspace/shared/Artifactory/Linux/rundev-master-debug/202311231351/runtime/57a60b2/runTime/bin/mayapy
[2023-11-24T21:49:08.003Z]     -- Found Python3: /local/S/jenkins/workspace/shared/Artifactory/Linux/rundev-master-debug/202311231351/runtime/57a60b2/runTime/include/Python311/Python (found suitable exact version "3.11.4") found components: Development Development.Module Development.Embed
[2023-11-24T21:49:08.003Z]     -- USD has new Sdr.PropertyTypes.Color4
[2023-11-24T21:49:08.550Z]     -- USD has MaterialX metadata support
[2023-11-24T21:49:08.550Z]     -- USD include dir: /local/S/jenkins/workspace/shared/Artifactory/Linux/USD/e5ad5df/include
[2023-11-24T21:49:08.550Z]     -- USD library dir: /local/S/jenkins/workspace/shared/Artifactory/Linux/USD/e5ad5df/lib
[2023-11-24T21:49:08.550Z]     -- USD version: 0.23.11
[2023-11-24T21:49:08.550Z]     -- Found USD: /local/S/jenkins/workspace/shared/Artifactory/Linux/USD/e5ad5df (found suitable version "0.23.11", minimum required is "0.22.11")
[2023-11-24T21:49:08.550Z]     Updated PYTHONPATH: /local/S/jenkins/workspace/shared/Artifactory/Linux/USD/e5ad5df/lib/python
[2023-11-24T21:49:08.550Z]     -- Found UFE: /local/S/jenkins/workspace/shared/Artifactory/Linux/rundev-master-debug/202311231351/runtime/57a60b2/devkitBase/devkit/ufe/include (found version "0.5.13")
[2023-11-24T21:49:08.550Z]     -- UFE include dir: /local/S/jenkins/workspace/shared/Artifactory/Linux/rundev-master-debug/202311231351/runtime/57a60b2/devkitBase/devkit/ufe/include
[2023-11-24T21:49:08.550Z]     -- UFE library: /local/S/jenkins/workspace/shared/Artifactory/Linux/rundev-master-debug/202311231351/runtime/57a60b2/devkitBase/devkit/ufe/lib/libufe_0.so
[2023-11-24T21:49:08.550Z]     -- UFE version: 0.5.13
[2023-11-24T21:49:08.550Z]     -- Maya has UFE lights API
[2023-11-24T21:49:08.550Z]     -- Maya has UFE scene segment API
[2023-11-24T21:49:08.550Z]     -- Maya has UFE TrieNode childrenComponents accessor
[2023-11-24T21:49:08.550Z]     -- Building with UFE 0.5.13.
[2023-11-24T21:49:08.550Z]     -- Found MaterialX
[2023-11-24T21:49:08.550Z]     -- Check if compiler accepts -pthread
[2023-11-24T21:49:08.550Z]     -- Check if compiler accepts -pthread - yes
[2023-11-24T21:49:08.550Z]     -- Performing Test HAVE_STDATOMIC
[2023-11-24T21:49:08.550Z]     -- Performing Test HAVE_STDATOMIC - Success
[2023-11-24T21:49:08.550Z]     -- Found OpenGL: /usr/lib64/libOpenGL.so
[2023-11-24T21:49:09.092Z]     -- Check if linker can resolve circular dependencies - FALSE
[2023-11-24T21:49:09.092Z]     -- Found Qt 6.5.3 in Maya devkit. Hydra Scene Browser will be built.
[2023-11-24T21:49:09.092Z]     -- **** Building Gulrak From Github Repository.
[2023-11-24T21:49:09.092Z]     -- Populating gulrak
[2023-11-24T21:49:09.092Z]     -- Configuring done
[2023-11-24T21:49:09.092Z]     -- Generating done
[2023-11-24T21:49:09.092Z]     -- Build files have been written to: /home/S/jenkins/workspace/ECP/ecg-maya-hydra/ecg-maya-hydra-branch-preflight-python3-linux/build/Debug/_deps/gulrak-subbuild
[2023-11-24T21:49:09.092Z]     [1/9] Creating directories for 'gulrak-populate'
[2023-11-24T21:49:09.092Z]     [1/9] Performing download step (git clone) for 'gulrak-populate'
[2023-11-24T21:49:09.092Z]     Cloning into 'gulrak-src'...
[2023-11-24T21:49:09.635Z]     HEAD is now at 4e21ab3 Version bump and updated readme.
[2023-11-24T21:49:09.635Z]     [2/9] Performing update step for 'gulrak-populate'
[2023-11-24T21:49:09.635Z]     [4/9] No patch step for 'gulrak-populate'
[2023-11-24T21:49:09.635Z]     [5/9] No configure step for 'gulrak-populate'
[2023-11-24T21:49:09.635Z]     [6/9] No build step for 'gulrak-populate'
[2023-11-24T21:49:09.635Z]     [7/9] No install step for 'gulrak-populate'
[2023-11-24T21:49:09.635Z]     [8/9] No test step for 'gulrak-populate'
[2023-11-24T21:49:09.635Z]     [9/9] Completed 'gulrak-populate'
[2023-11-24T21:49:09.635Z]     -- ========== Installing GoogleTest... ==========
[2023-11-24T21:49:09.635Z]     -- Configuring done
[2023-11-24T21:49:09.635Z]     -- Generating done
[2023-11-24T21:49:09.635Z]     -- Build files have been written to: /home/S/jenkins/workspace/ECP/ecg-maya-hydra/ecg-maya-hydra-branch-preflight-python3-linux/build/Debug/googletest-config
[2023-11-24T21:49:10.176Z]     [1/8] Creating directories for 'googletest'
[2023-11-24T21:49:10.720Z]     [2/8] Performing download step (git clone) for 'googletest'
[2023-11-24T21:49:10.720Z]     Cloning into 'googletest-src'...
[2023-11-24T21:49:10.720Z]     HEAD is now at 703bd9ca Googletest export
[2023-11-24T21:49:10.720Z]     [3/8] Performing update step for 'googletest'
[2023-11-24T21:49:11.261Z]     [4/8] No patch step for 'googletest'
[2023-11-24T21:49:11.805Z]     [5/8] Performing configure step for 'googletest'
[2023-11-24T21:49:11.805Z]     Not searching for unused variables given on the command line.
[2023-11-24T21:49:11.805Z]     CMake Deprecation Warning at CMakeLists.txt:4 (cmake_minimum_required):
[2023-11-24T21:49:11.805Z]       Compatibility with CMake < 2.8.12 will be removed from a future version of
[2023-11-24T21:49:11.805Z]       CMake.
[2023-11-24T21:49:11.805Z]     
[2023-11-24T21:49:11.805Z]       Update the VERSION argument <min> value or use a ...<max> suffix to tell
[2023-11-24T21:49:11.805Z]       CMake that the project does not need compatibility with older versions.
[2023-11-24T21:49:11.805Z]     
[2023-11-24T21:49:11.805Z]     
[2023-11-24T21:49:11.805Z]     -- The C compiler identification is GNU 11.2.1
[2023-11-24T21:49:11.805Z]     -- The CXX compiler identification is GNU 11.2.1
[2023-11-24T21:49:11.805Z]     -- Detecting C compiler ABI info
[2023-11-24T21:49:11.805Z]     -- Detecting C compiler ABI info - done
[2023-11-24T21:49:11.805Z]     -- Check for working C compiler: /opt/rh/gcc-toolset-11/root/usr/bin/cc - skipped
[2023-11-24T21:49:11.805Z]     -- Detecting C compile features
[2023-11-24T21:49:11.805Z]     -- Detecting C compile features - done
[2023-11-24T21:49:11.805Z]     -- Detecting CXX compiler ABI info
[2023-11-24T21:49:11.805Z]     -- Detecting CXX compiler ABI info - done
[2023-11-24T21:49:11.805Z]     -- Check for working CXX compiler: /opt/rh/gcc-toolset-11/root/usr/bin/c++ - skipped
[2023-11-24T21:49:11.805Z]     -- Detecting CXX compile features
[2023-11-24T21:49:11.805Z]     -- Detecting CXX compile features - done
[2023-11-24T21:49:11.805Z]     CMake Deprecation Warning at googletest/CMakeLists.txt:56 (cmake_minimum_required):
[2023-11-24T21:49:11.805Z]       Compatibility with CMake < 2.8.12 will be removed from a future version of
[2023-11-24T21:49:11.805Z]       CMake.
[2023-11-24T21:49:11.805Z]     
[2023-11-24T21:49:11.805Z]       Update the VERSION argument <min> value or use a ...<max> suffix to tell
[2023-11-24T21:49:11.805Z]       CMake that the project does not need compatibility with older versions.
[2023-11-24T21:49:11.805Z]     
[2023-11-24T21:49:11.805Z]     
[2023-11-24T21:49:11.805Z]     -- Found PythonInterp: /usr/local/bin/python (found version "3.9.7")
[2023-11-24T21:49:11.805Z]     -- Looking for pthread.h
[2023-11-24T21:49:11.805Z]     -- Looking for pthread.h - found
[2023-11-24T21:49:11.805Z]     -- Performing Test CMAKE_HAVE_LIBC_PTHREAD
[2023-11-24T21:49:11.805Z]     -- Performing Test CMAKE_HAVE_LIBC_PTHREAD - Failed
[2023-11-24T21:49:11.805Z]     -- Looking for pthread_create in pthreads
[2023-11-24T21:49:11.805Z]     -- Looking for pthread_create in pthreads - not found
[2023-11-24T21:49:11.805Z]     -- Looking for pthread_create in pthread
[2023-11-24T21:49:11.805Z]     -- Looking for pthread_create in pthread - found
[2023-11-24T21:49:11.805Z]     -- Found Threads: TRUE
[2023-11-24T21:49:11.805Z]     -- Configuring done
[2023-11-24T21:49:11.805Z]     -- Generating done
[2023-11-24T21:49:11.805Z]     -- Build files have been written to: /home/S/jenkins/workspace/ECP/ecg-maya-hydra/ecg-maya-hydra-branch-preflight-python3-linux/build/Debug/googletest-build
[2023-11-24T21:49:15.194Z]     [6/8] Performing build step for 'googletest'
[2023-11-24T21:49:15.194Z]     [1/4] Building CXX object googletest/CMakeFiles/gtest_main.dir/src/gtest_main.cc.o
[2023-11-24T21:49:15.194Z]     [2/4] Building CXX object googletest/CMakeFiles/gtest.dir/src/gtest-all.cc.o
[2023-11-24T21:49:15.194Z]     [3/4] Linking CXX shared library lib/libgtestd.so
[2023-11-24T21:49:15.194Z]     [4/4] Linking CXX shared library lib/libgtest_maind.so
[2023-11-24T21:49:15.194Z]     [7/8] Performing install step for 'googletest'
[2023-11-24T21:49:15.194Z]     [0/1] Install the project...
[2023-11-24T21:49:15.194Z]     -- Install configuration: "Debug"
[2023-11-24T21:49:15.194Z]     -- Set runtime path of "/home/S/jenkins/workspace/ECP/ecg-maya-hydra/ecg-maya-hydra-branch-preflight-python3-linux/build/Debug/googletest-install/lib64/libgtest_maind.so" to ""
[2023-11-24T21:49:15.194Z]     [8/8] Completed 'googletest'
[2023-11-24T21:49:15.194Z]     -- ========== ...  GoogleTest installed. ==========
[2023-11-24T21:49:15.194Z]     -- Found GTest: /home/S/jenkins/workspace/ECP/ecg-maya-hydra/ecg-maya-hydra-branch-preflight-python3-linux/build/Debug/googletest-install/lib64/libgtestd.so
[2023-11-24T21:49:15.194Z]     -- promoting: /home/S/jenkins/workspace/ECP/ecg-maya-hydra/ecg-maya-hydra-branch-preflight-python3-linux/ecg-maya-hydra/maya-hydra/lib/mayaHydra/mayaPlugin/pluginUtils.h
[2023-11-24T21:49:15.194Z]     -- promoting: /home/S/jenkins/workspace/ECP/ecg-maya-hydra/ecg-maya-hydra-branch-preflight-python3-linux/ecg-maya-hydra/maya-hydra/lib/mayaHydra/hydraExtensions/api.h
[2023-11-24T21:49:15.194Z]     -- promoting: /home/S/jenkins/workspace/ECP/ecg-maya-hydra/ecg-maya-hydra-branch-preflight-python3-linux/ecg-maya-hydra/maya-hydra/lib/mayaHydra/hydraExtensions/debugCodes.h
[2023-11-24T21:49:15.194Z]     -- promoting: /home/S/jenkins/workspace/ECP/ecg-maya-hydra/ecg-maya-hydra-branch-preflight-python3-linux/ecg-maya-hydra/maya-hydra/lib/mayaHydra/hydraExtensions/hydraUtils.h
[2023-11-24T21:49:15.194Z]     -- promoting: /home/S/jenkins/workspace/ECP/ecg-maya-hydra/ecg-maya-hydra-branch-preflight-python3-linux/ecg-maya-hydra/maya-hydra/lib/mayaHydra/hydraExtensions/mayaHydraLibInterface.h
[2023-11-24T21:49:15.194Z]     -- promoting: /home/S/jenkins/workspace/ECP/ecg-maya-hydra/ecg-maya-hydra-branch-preflight-python3-linux/ecg-maya-hydra/maya-hydra/lib/mayaHydra/hydraExtensions/mayaHydraLibInterfaceImp.h
[2023-11-24T21:49:15.194Z]     -- promoting: /home/S/jenkins/workspace/ECP/ecg-maya-hydra/ecg-maya-hydra-branch-preflight-python3-linux/ecg-maya-hydra/maya-hydra/lib/mayaHydra/hydraExtensions/mayaUtils.h
[2023-11-24T21:49:15.194Z]     -- promoting: /home/S/jenkins/workspace/ECP/ecg-maya-hydra/ecg-maya-hydra-branch-preflight-python3-linux/ecg-maya-hydra/maya-hydra/lib/mayaHydra/hydraExtensions/mixedUtils.h
[2023-11-24T21:49:15.194Z]     -- promoting: /home/S/jenkins/workspace/ECP/ecg-maya-hydra/ecg-maya-hydra-branch-preflight-python3-linux/ecg-maya-hydra/maya-hydra/lib/mayaHydra/hydraExtensions/mayaHydraSceneProducer.h
[2023-11-24T21:49:15.194Z]     -- promoting: /home/S/jenkins/workspace/ECP/ecg-maya-hydra/ecg-maya-hydra-branch-preflight-python3-linux/ecg-maya-hydra/maya-hydra/lib/mayaHydra/hydraExtensions/adapters/adapter.h
[2023-11-24T21:49:15.194Z]     -- promoting: /home/S/jenkins/workspace/ECP/ecg-maya-hydra/ecg-maya-hydra-branch-preflight-python3-linux/ecg-maya-hydra/maya-hydra/lib/mayaHydra/hydraExtensions/adapters/adapterDebugCodes.h
[2023-11-24T21:49:15.194Z]     -- promoting: /home/S/jenkins/workspace/ECP/ecg-maya-hydra/ecg-maya-hydra-branch-preflight-python3-linux/ecg-maya-hydra/maya-hydra/lib/mayaHydra/hydraExtensions/adapters/adapterRegistry.h
[2023-11-24T21:49:15.194Z]     -- promoting: /home/S/jenkins/workspace/ECP/ecg-maya-hydra/ecg-maya-hydra-branch-preflight-python3-linux/ecg-maya-hydra/maya-hydra/lib/mayaHydra/hydraExtensions/adapters/cameraAdapter.h
[2023-11-24T21:49:15.194Z]     -- promoting: /home/S/jenkins/workspace/ECP/ecg-maya-hydra/ecg-maya-hydra-branch-preflight-python3-linux/ecg-maya-hydra/maya-hydra/lib/mayaHydra/hydraExtensions/adapters/constantShadowMatrix.h
[2023-11-24T21:49:15.194Z]     -- promoting: /home/S/jenkins/workspace/ECP/ecg-maya-hydra/ecg-maya-hydra-branch-preflight-python3-linux/ecg-maya-hydra/maya-hydra/lib/mayaHydra/hydraExtensions/adapters/dagAdapter.h
[2023-11-24T21:49:15.194Z]     -- promoting: /home/S/jenkins/workspace/ECP/ecg-maya-hydra/ecg-maya-hydra-branch-preflight-python3-linux/ecg-maya-hydra/maya-hydra/lib/mayaHydra/hydraExtensions/adapters/renderItemAdapter.h
[2023-11-24T21:49:15.194Z]     -- promoting: /home/S/jenkins/workspace/ECP/ecg-maya-hydra/ecg-maya-hydra-branch-preflight-python3-linux/ecg-maya-hydra/maya-hydra/lib/mayaHydra/hydraExtensions/adapters/lightAdapter.h
[2023-11-24T21:49:15.194Z]     -- promoting: /home/S/jenkins/workspace/ECP/ecg-maya-hydra/ecg-maya-hydra-branch-preflight-python3-linux/ecg-maya-hydra/maya-hydra/lib/mayaHydra/hydraExtensions/adapters/materialAdapter.h
[2023-11-24T21:49:15.194Z]     -- promoting: /home/S/jenkins/workspace/ECP/ecg-maya-hydra/ecg-maya-hydra-branch-preflight-python3-linux/ecg-maya-hydra/maya-hydra/lib/mayaHydra/hydraExtensions/adapters/materialNetworkConverter.h
[2023-11-24T21:49:15.194Z]     -- promoting: /home/S/jenkins/workspace/ECP/ecg-maya-hydra/ecg-maya-hydra-branch-preflight-python3-linux/ecg-maya-hydra/maya-hydra/lib/mayaHydra/hydraExtensions/adapters/mayaAttrs.h
[2023-11-24T21:49:15.194Z]     -- promoting: /home/S/jenkins/workspace/ECP/ecg-maya-hydra/ecg-maya-hydra-branch-preflight-python3-linux/ecg-maya-hydra/maya-hydra/lib/mayaHydra/hydraExtensions/adapters/shapeAdapter.h
[2023-11-24T21:49:15.194Z]     -- promoting: /home/S/jenkins/workspace/ECP/ecg-maya-hydra/ecg-maya-hydra-branch-preflight-python3-linux/ecg-maya-hydra/maya-hydra/lib/mayaHydra/hydraExtensions/adapters/tokens.h
[2023-11-24T21:49:15.194Z]     -- promoting: /home/S/jenkins/workspace/ECP/ecg-maya-hydra/ecg-maya-hydra-branch-preflight-python3-linux/ecg-maya-hydra/maya-hydra/lib/mayaHydra/hydraExtensions/delegates/delegate.h
[2023-11-24T21:49:15.194Z]     -- promoting: /home/S/jenkins/workspace/ECP/ecg-maya-hydra/ecg-maya-hydra-branch-preflight-python3-linux/ecg-maya-hydra/maya-hydra/lib/mayaHydra/hydraExtensions/delegates/delegateCtx.h
[2023-11-24T21:49:15.194Z]     -- promoting: /home/S/jenkins/workspace/ECP/ecg-maya-hydra/ecg-maya-hydra-branch-preflight-python3-linux/ecg-maya-hydra/maya-hydra/lib/mayaHydra/hydraExtensions/delegates/delegateDebugCodes.h
[2023-11-24T21:49:15.194Z]     -- promoting: /home/S/jenkins/workspace/ECP/ecg-maya-hydra/ecg-maya-hydra-branch-preflight-python3-linux/ecg-maya-hydra/maya-hydra/lib/mayaHydra/hydraExtensions/delegates/delegateRegistry.h
[2023-11-24T21:49:15.194Z]     -- promoting: /home/S/jenkins/workspace/ECP/ecg-maya-hydra/ecg-maya-hydra-branch-preflight-python3-linux/ecg-maya-hydra/maya-hydra/lib/mayaHydra/hydraExtensions/delegates/params.h
[2023-11-24T21:49:15.194Z]     -- promoting: /home/S/jenkins/workspace/ECP/ecg-maya-hydra/ecg-maya-hydra-branch-preflight-python3-linux/ecg-maya-hydra/maya-hydra/lib/mayaHydra/hydraExtensions/delegates/sceneDelegate.h
[2023-11-24T21:49:15.194Z]     -- promoting: /home/S/jenkins/workspace/ECP/ecg-maya-hydra/ecg-maya-hydra-branch-preflight-python3-linux/ecg-maya-hydra/maya-hydra/lib/mayaHydra/hydraExtensions/delegates/defaultLightDelegate.h
[2023-11-24T21:49:15.194Z]     -- promoting: /home/S/jenkins/workspace/ECP/ecg-maya-hydra/ecg-maya-hydra-branch-preflight-python3-linux/ecg-maya-hydra/maya-hydra/lib/mayaHydra/hydraExtensions/delegates/testDelegate.h
[2023-11-24T21:49:15.194Z]     -- promoting: /home/S/jenkins/workspace/ECP/ecg-maya-hydra/ecg-maya-hydra-branch-preflight-python3-linux/ecg-maya-hydra/maya-hydra/lib/mayaHydra/hydraExtensions/sceneIndex/registration.h
[2023-11-24T21:49:15.194Z]     -- promoting: /home/S/jenkins/workspace/ECP/ecg-maya-hydra/ecg-maya-hydra-branch-preflight-python3-linux/ecg-maya-hydra/maya-hydra/lib/mayaHydra/hydraExtensions/sceneIndex/mayaHydraSceneIndex.h
[2023-11-24T21:49:15.195Z]     -- promoting: /home/S/jenkins/workspace/ECP/ecg-maya-hydra/ecg-maya-hydra-branch-preflight-python3-linux/ecg-maya-hydra/maya-hydra/lib/mayaHydra/hydraExtensions/sceneIndex/mayaHydraDataSource.h
[2023-11-24T21:49:15.195Z]     -- promoting: /home/S/jenkins/workspace/ECP/ecg-maya-hydra/ecg-maya-hydra-branch-preflight-python3-linux/ecg-maya-hydra/maya-hydra/lib/mayaHydra/hydraExtensions/sceneIndex/mayaHydraPrimvarDataSource.h
[2023-11-24T21:49:15.195Z]     -- promoting: /home/S/jenkins/workspace/ECP/ecg-maya-hydra/ecg-maya-hydra-branch-preflight-python3-linux/ecg-maya-hydra/maya-hydra/lib/mayaHydra/hydraExtensions/sceneIndex/mayaHydraDisplayStyleDataSource.h
[2023-11-24T21:49:15.195Z]     -- promoting: /home/S/jenkins/workspace/ECP/ecg-maya-hydra/ecg-maya-hydra-branch-preflight-python3-linux/ecg-maya-hydra/maya-hydra/lib/mayaHydra/hydraExtensions/sceneIndex/mayaHydraCameraDataSource.h
[2023-11-24T21:49:15.195Z]     -- promoting: /home/S/jenkins/workspace/ECP/ecg-maya-hydra/ecg-maya-hydra-branch-preflight-python3-linux/ecg-maya-hydra/maya-hydra/lib/mayaHydra/hydraExtensions/sceneIndex/mayaHydraLightDataSource.h
[2023-11-24T21:49:15.195Z]     -- promoting: /home/S/jenkins/workspace/ECP/ecg-maya-hydra/ecg-maya-hydra-branch-preflight-python3-linux/ecg-maya-hydra/maya-hydra/lib/mayaHydra/hydraExtensions/sceneIndex/mayaHydraDefaultLightDataSource.h
[2023-11-24T21:49:15.195Z]     -- promoting: /home/S/jenkins/workspace/ECP/ecg-maya-hydra/ecg-maya-hydra-branch-preflight-python3-linux/ecg-maya-hydra/maya-hydra/lib/mayaHydra/ufeExtensions/api.h
[2023-11-24T21:49:15.195Z]     -- promoting: /home/S/jenkins/workspace/ECP/ecg-maya-hydra/ecg-maya-hydra-branch-preflight-python3-linux/ecg-maya-hydra/maya-hydra/lib/mayaHydra/ufeExtensions/Global.h
[2023-11-24T21:49:15.195Z]     -- promoting: /home/S/jenkins/workspace/ECP/ecg-maya-hydra/ecg-maya-hydra-branch-preflight-python3-linux/ecg-maya-hydra/maya-hydra/lib/flowViewport/api.h
[2023-11-24T21:49:15.195Z]     -- promoting: /home/S/jenkins/workspace/ECP/ecg-maya-hydra/ecg-maya-hydra-branch-preflight-python3-linux/ecg-maya-hydra/maya-hydra/lib/flowViewport/debugCodes.h
[2023-11-24T21:49:15.195Z]     -- promoting: /home/S/jenkins/workspace/ECP/ecg-maya-hydra/ecg-maya-hydra-branch-preflight-python3-linux/ecg-maya-hydra/maya-hydra/lib/flowViewport/global.h
[2023-11-24T21:49:15.195Z]     -- promoting: /home/S/jenkins/workspace/ECP/ecg-maya-hydra/ecg-maya-hydra-branch-preflight-python3-linux/ecg-maya-hydra/maya-hydra/lib/flowViewport/tokens.h
[2023-11-24T21:49:15.195Z]     -- promoting: /home/S/jenkins/workspace/ECP/ecg-maya-hydra/ecg-maya-hydra-branch-preflight-python3-linux/ecg-maya-hydra/maya-hydra/lib/flowViewport/colorPreferences/fvpColorChanged.h
[2023-11-24T21:49:15.195Z]     -- promoting: /home/S/jenkins/workspace/ECP/ecg-maya-hydra/ecg-maya-hydra-branch-preflight-python3-linux/ecg-maya-hydra/maya-hydra/lib/flowViewport/colorPreferences/fvpColorPreferences.h
[2023-11-24T21:49:15.195Z]     -- promoting: /home/S/jenkins/workspace/ECP/ecg-maya-hydra/ecg-maya-hydra-branch-preflight-python3-linux/ecg-maya-hydra/maya-hydra/lib/flowViewport/colorPreferences/fvpColorPreferencesTokens.h
[2023-11-24T21:49:15.195Z]     -- promoting: /home/S/jenkins/workspace/ECP/ecg-maya-hydra/ecg-maya-hydra-branch-preflight-python3-linux/ecg-maya-hydra/maya-hydra/lib/flowViewport/colorPreferences/fvpColorPreferencesTranslator.h
[2023-11-24T21:49:15.195Z]     -- promoting: /home/S/jenkins/workspace/ECP/ecg-maya-hydra/ecg-maya-hydra-branch-preflight-python3-linux/ecg-maya-hydra/maya-hydra/lib/flowViewport/sceneIndex/fvpMergingSceneIndex.h
[2023-11-24T21:49:15.195Z]     -- promoting: /home/S/jenkins/workspace/ECP/ecg-maya-hydra/ecg-maya-hydra-branch-preflight-python3-linux/ecg-maya-hydra/maya-hydra/lib/flowViewport/sceneIndex/fvpPathInterface.h
[2023-11-24T21:49:15.195Z]     -- promoting: /home/S/jenkins/workspace/ECP/ecg-maya-hydra/ecg-maya-hydra-branch-preflight-python3-linux/ecg-maya-hydra/maya-hydra/lib/flowViewport/sceneIndex/fvpPathInterfaceSceneIndex.h
[2023-11-24T21:49:15.195Z]     -- promoting: /home/S/jenkins/workspace/ECP/ecg-maya-hydra/ecg-maya-hydra-branch-preflight-python3-linux/ecg-maya-hydra/maya-hydra/lib/flowViewport/sceneIndex/fvpRenderIndexProxy.h
[2023-11-24T21:49:15.195Z]     -- promoting: /home/S/jenkins/workspace/ECP/ecg-maya-hydra/ecg-maya-hydra-branch-preflight-python3-linux/ecg-maya-hydra/maya-hydra/lib/flowViewport/sceneIndex/fvpRenderIndexProxyFwd.h
[2023-11-24T21:49:15.195Z]     -- promoting: /home/S/jenkins/workspace/ECP/ecg-maya-hydra/ecg-maya-hydra-branch-preflight-python3-linux/ecg-maya-hydra/maya-hydra/lib/flowViewport/sceneIndex/fvpSelectionSceneIndex.h
[2023-11-24T21:49:15.195Z]     -- promoting: /home/S/jenkins/workspace/ECP/ecg-maya-hydra/ecg-maya-hydra-branch-preflight-python3-linux/ecg-maya-hydra/maya-hydra/lib/flowViewport/sceneIndex/fvpWireframeSelectionHighlightSceneIndex.h
[2023-11-24T21:49:15.195Z]     -- promoting: /home/S/jenkins/workspace/ECP/ecg-maya-hydra/ecg-maya-hydra-branch-preflight-python3-linux/ecg-maya-hydra/maya-hydra/lib/flowViewport/API/fvpSelectionClient.h
[2023-11-24T21:49:15.195Z]     -- promoting: /home/S/jenkins/workspace/ECP/ecg-maya-hydra/ecg-maya-hydra-branch-preflight-python3-linux/ecg-maya-hydra/maya-hydra/lib/flowViewport/API/fvpFlowSelectionInterface.h
[2023-11-24T21:49:15.195Z]     -- promoting: /home/S/jenkins/workspace/ECP/ecg-maya-hydra/ecg-maya-hydra-branch-preflight-python3-linux/ecg-maya-hydra/maya-hydra/lib/flowViewport/API/fvpVersionInterface.h
[2023-11-24T21:49:15.195Z]     -- promoting: /home/S/jenkins/workspace/ECP/ecg-maya-hydra/ecg-maya-hydra-branch-preflight-python3-linux/ecg-maya-hydra/maya-hydra/lib/flowViewport/API/fvpInformationInterface.h
[2023-11-24T21:49:15.195Z]     -- promoting: /home/S/jenkins/workspace/ECP/ecg-maya-hydra/ecg-maya-hydra-branch-preflight-python3-linux/ecg-maya-hydra/maya-hydra/lib/flowViewport/API/fvpInformationClient.h
[2023-11-24T21:49:15.195Z]     -- promoting: /home/S/jenkins/workspace/ECP/ecg-maya-hydra/ecg-maya-hydra-branch-preflight-python3-linux/ecg-maya-hydra/maya-hydra/lib/flowViewport/API/interfacesImp/fvpSelectionInterfaceImp.h
[2023-11-24T21:49:15.195Z]     -- promoting: /home/S/jenkins/workspace/ECP/ecg-maya-hydra/ecg-maya-hydra-branch-preflight-python3-linux/ecg-maya-hydra/maya-hydra/lib/flowViewport/API/interfacesImp/fvpVersionInterfaceImp.h
[2023-11-24T21:49:15.195Z]     -- promoting: /home/S/jenkins/workspace/ECP/ecg-maya-hydra/ecg-maya-hydra-branch-preflight-python3-linux/ecg-maya-hydra/maya-hydra/lib/flowViewport/API/interfacesImp/fvpInformationInterfaceImp.h
[2023-11-24T21:49:15.195Z]     -- promoting: /home/S/jenkins/workspace/ECP/ecg-maya-hydra/ecg-maya-hydra-branch-preflight-python3-linux/ecg-maya-hydra/maya-hydra/lib/flowViewport/API/samples/fvpSelectionClientExample.h
[2023-11-24T21:49:15.195Z]     -- promoting: /home/S/jenkins/workspace/ECP/ecg-maya-hydra/ecg-maya-hydra-branch-preflight-python3-linux/ecg-maya-hydra/maya-hydra/lib/flowViewport/API/samples/fvpInformationClientExample.h
[2023-11-24T21:49:15.195Z]     -- promoting: /home/S/jenkins/workspace/ECP/ecg-maya-hydra/ecg-maya-hydra-branch-preflight-python3-linux/ecg-maya-hydra/maya-hydra/lib/flowViewport/API/perViewportSceneIndicesData/fvpViewportInformationAndSceneIndicesPerViewportData.h
[2023-11-24T21:49:15.195Z]     -- promoting: /home/S/jenkins/workspace/ECP/ecg-maya-hydra/ecg-maya-hydra-branch-preflight-python3-linux/ecg-maya-hydra/maya-hydra/lib/flowViewport/API/perViewportSceneIndicesData/fvpViewportInformationAndSceneIndicesPerViewportDataManager.h
[2023-11-24T21:49:15.195Z]     -- promoting: /home/S/jenkins/workspace/ECP/ecg-maya-hydra/ecg-maya-hydra-branch-preflight-python3-linux/ecg-maya-hydra/maya-hydra/lib/flowViewport/selection/fvpSelection.h
[2023-11-24T21:49:15.195Z]     -- promoting: /home/S/jenkins/workspace/ECP/ecg-maya-hydra/ecg-maya-hydra-branch-preflight-python3-linux/ecg-maya-hydra/maya-hydra/lib/flowViewport/selection/fvpSelectionFwd.h
[2023-11-24T21:49:15.195Z]     -- promoting: /home/S/jenkins/workspace/ECP/ecg-maya-hydra/ecg-maya-hydra-branch-preflight-python3-linux/ecg-maya-hydra/maya-hydra/lib/flowViewport/selection/fvpSelectionTask.h
[2023-11-24T21:49:15.195Z]     -- promoting: /home/S/jenkins/workspace/ECP/ecg-maya-hydra/ecg-maya-hydra-branch-preflight-python3-linux/ecg-maya-hydra/maya-hydra/lib/flowViewport/selection/fvpSelectionTracker.h
[2023-11-24T21:49:16.977Z]     -- Configuring done
[2023-11-24T21:49:16.977Z]     -- Generating done
[2023-11-24T21:49:16.977Z]     -- Build files have been written to: /home/S/jenkins/workspace/ECP/ecg-maya-hydra/ecg-maya-hydra-branch-preflight-python3-linux/build/Debug
[2023-11-24T21:49:16.977Z]     
[2023-11-24T21:49:16.977Z]         Building with settings:
[2023-11-24T21:49:16.977Z]           Source directory          /home/S/jenkins/workspace/ECP/ecg-maya-hydra/ecg-maya-hydra-branch-preflight-python3-linux/ecg-maya-hydra/maya-hydra
[2023-11-24T21:49:16.977Z]           Workspace directory       /local/S/jenkins/workspace/ECP/ecg-maya-hydra/ecg-maya-hydra-branch-preflight-python3-linux
[2023-11-24T21:49:16.977Z]           Build directory           /local/S/jenkins/workspace/ECP/ecg-maya-hydra/ecg-maya-hydra-branch-preflight-python3-linux/build/Debug
[2023-11-24T21:49:16.977Z]           Install directory         /local/S/jenkins/workspace/ECP/ecg-maya-hydra/ecg-maya-hydra-branch-preflight-python3-linux/install/Debug/MayaHydra
[2023-11-24T21:49:16.977Z]           Variant                   Debug
[2023-11-24T21:49:16.977Z]           Python Debug              On
[2023-11-24T21:49:16.977Z]           CMake generator           Ninja
[2023-11-24T21:49:16.977Z]           Build arguments           ['-DCMAKE_MAKE_PROGRAM=/local/S/jenkins/workspace/shared/Artifactory/Linux/ninja/1.10.2/9ab399b/ninja', '-DPYTHON_INCLUDE_DIR=/local/S/jenkins/workspace/shared/Artifactory/Linux/rundev-master-debug/202311231351/runtime/57a60b2/runTime/include/Python311/Python', '-DPython_EXECUTABLE=/local/S/jenkins/workspace/shared/Artifactory/Linux/rundev-master-debug/202311231351/runtime/57a60b2/runTime/bin/mayapy', '-DPYTHON_LIBRARIES=/local/S/jenkins/workspace/shared/Artifactory/Linux/rundev-master-debug/202311231351/runtime/57a60b2/runTime/lib/libpython3.11d.so.1.0', '-DBUILD_WITH_PYTHON_3_VERSION=3.11', '-DCMAKE_WANT_MATERIALX_BUILD=ON', '-DCMAKE_PREFIX_PATH=/local/S/jenkins/workspace/shared/Artifactory/Linux/USD/e5ad5df', '-DMAYAHYDRA_BUILD_NUMBER=417', '-DMAYAHYDRA_GIT_COMMIT=4017b60e64efccb8ee1392a05724c36ef63d630a', '-DMAYAHYDRA_GIT_BRANCH=master']
[2023-11-24T21:49:16.977Z]           Stages arguments          ['configure']
[2023-11-24T21:49:16.977Z]           CTest arguments           ['--parallel 16']
[2023-11-24T21:49:16.977Z]     STATUS: Found Maya Qt headers in: /local/S/jenkins/workspace/shared/Artifactory/Linux/rundev-master-debug/202311231351/runtime/57a60b2/devkitBase
[2023-11-24T21:49:16.977Z]     Success MayaHydra build and install !!!!
[2023-11-24T21:49:16.977Z]     Elapsed time: 00:00:11
[Pipeline] sh
[2023-11-24T21:49:18.285Z] + scl enable gcc-toolset-11 -
[2023-11-24T21:49:18.285Z] + '[' enable = load -o enable = unload ']'
[2023-11-24T21:49:18.285Z] + /usr/bin/scl enable gcc-toolset-11 -
[2023-11-24T21:49:18.285Z] python ecg-maya-hydra/build.py --stages=configure --workspace-dir=/local/S/jenkins/workspace/ECP/ecg-maya-hydra/ecg-maya-hydra-branch-preflight-python3-linux --artifactory-dir=/local/S/jenkins/workspace/shared/Artifactory --build-dir=/local/S/jenkins/workspace/ECP/ecg-maya-hydra/ecg-maya-hydra-branch-preflight-python3-linux/build --install-dir=/local/S/jenkins/workspace/ECP/ecg-maya-hydra/ecg-maya-hydra-branch-preflight-python3-linux/install --signing-dir=/local/S/jenkins/workspace/ECP/ecg-maya-hydra/ecg-maya-hydra-branch-preflight-python3-linux/signing --package-dir=/local/S/jenkins/workspace/ECP/ecg-maya-hydra/ecg-maya-hydra-branch-preflight-python3-linux/package --output-dir=/local/S/jenkins/workspace/ECP/ecg-maya-hydra/ecg-maya-hydra-branch-preflight-python3-linux/output --stash-dir=/local/S/jenkins/workspace/ECP/ecg-maya-hydra/ecg-maya-hydra-branch-preflight-python3-linux/stash --jenkins-build=417 --git-commit=4017b60e64efccb8ee1392a05724c36ef63d630a --git-branch=master --variants=RelWithDebInfo --interactive-tests=true --post-zips=false --osx-binary-architecture-target=ub2 --osx-deployment-target=11.0 --osx-base-sdk=CurrentActiveSDK --maya-cut-config=maya-rundev-master.yaml --maya-package=rundev-master --stage-banner
[2023-11-24T21:49:18.285Z] Using Maya cut from /local/S/jenkins/workspace/shared/Artifactory/Linux/rundev-master/202311231351/runtime/3705c87
[2023-11-24T21:49:18.285Z] 
[2023-11-24T21:49:18.285Z] ================================================================================
[2023-11-24T21:49:18.285Z]                            configure (RelWithDebInfo)
[2023-11-24T21:49:18.285Z] ================================================================================
[2023-11-24T21:49:18.285Z] Maya Python RelWithDebInfo Info:
[2023-11-24T21:49:18.285Z]   mayapy executable   = /local/S/jenkins/workspace/shared/Artifactory/Linux/rundev-master/202311231351/runtime/3705c87/runTime/bin/mayapy
[2023-11-24T21:49:18.285Z]   Include Folder      = /local/S/jenkins/workspace/shared/Artifactory/Linux/rundev-master/202311231351/runtime/3705c87/runTime/include/Python311/Python
[2023-11-24T21:49:18.285Z]   Library             = /local/S/jenkins/workspace/shared/Artifactory/Linux/rundev-master/202311231351/runtime/3705c87/runTime/lib/libpython3.11.so.1.0
[2023-11-24T21:49:18.285Z]   site-package Folder = /local/S/jenkins/workspace/shared/Artifactory/Linux/rundev-master/202311231351/runtime/3705c87/runTime/lib/python3.11/site-packages
[2023-11-24T21:49:18.827Z] In workdir: /home/S/jenkins/workspace/ECP/ecg-maya-hydra/ecg-maya-hydra-branch-preflight-python3-linux/ecg-maya-hydra/maya-hydra
[2023-11-24T21:49:18.827Z] Executing: /local/S/jenkins/workspace/shared/Artifactory/Linux/rundev-master/202311231351/runtime/3705c87/runTime/bin/mayapy /home/S/jenkins/workspace/ECP/ecg-maya-hydra/ecg-maya-hydra-branch-preflight-python3-linux/ecg-maya-hydra/maya-hydra/build.py --generator Ninja --build-relwithdebug --maya-location /local/S/jenkins/workspace/shared/Artifactory/Linux/rundev-master/202311231351/runtime/3705c87/runTime --devkit-location /local/S/jenkins/workspace/shared/Artifactory/Linux/rundev-master/202311231351/runtime/3705c87/devkitBase --pxrusd-location /local/S/jenkins/workspace/shared/Artifactory/Linux/USD/1a43c47 --build-args=-DCMAKE_MAKE_PROGRAM=/local/S/jenkins/workspace/shared/Artifactory/Linux/ninja/1.10.2/9ab399b/ninja,-DPYTHON_INCLUDE_DIR=/local/S/jenkins/workspace/shared/Artifactory/Linux/rundev-master/202311231351/runtime/3705c87/runTime/include/Python311/Python,-DPython_EXECUTABLE=/local/S/jenkins/workspace/shared/Artifactory/Linux/rundev-master/202311231351/runtime/3705c87/runTime/bin/mayapy,-DPYTHON_LIBRARIES=/local/S/jenkins/workspace/shared/Artifactory/Linux/rundev-master/202311231351/runtime/3705c87/runTime/lib/libpython3.11.so.1.0,-DBUILD_WITH_PYTHON_3_VERSION=3.11,-DCMAKE_WANT_MATERIALX_BUILD=ON,-DCMAKE_PREFIX_PATH=/local/S/jenkins/workspace/shared/Artifactory/Linux/USD/1a43c47,-DMAYAHYDRA_BUILD_NUMBER=417,-DMAYAHYDRA_GIT_COMMIT=4017b60e64efccb8ee1392a05724c36ef63d630a,-DMAYAHYDRA_GIT_BRANCH=master '--ctest-args=--parallel 16' --stages=configure --redirect-outstream-file=False --install-location /local/S/jenkins/workspace/ECP/ecg-maya-hydra/ecg-maya-hydra-branch-preflight-python3-linux/install/RelWithDebInfo/MayaHydra /local/S/jenkins/workspace/ECP/ecg-maya-hydra/ecg-maya-hydra-branch-preflight-python3-linux
[2023-11-24T21:49:18.827Z] Modified environment variables:
[2023-11-24T21:49:18.827Z]     LD_LIBRARY_PATH=/opt/rh/gcc-toolset-11/root/usr/lib64:/opt/rh/gcc-toolset-11/root/usr/lib64:/opt/rh/gcc-toolset-11/root/usr/lib:/opt/rh/gcc-toolset-11/root/usr/lib64/dyninst:/opt/rh/gcc-toolset-11/root/usr/lib/dyninst
[2023-11-24T21:49:18.827Z]     PATH=/local/S/jenkins/workspace/shared/Artifactory/Linux/cmake/3.20.3/ab685d7/bin:/opt/rh/gcc-toolset-11/root/usr/bin:/home/administrator/.local/bin:/home/administrator/bin:/usr/share/Modules/bin:/usr/local/bin:/usr/local/sbin:/usr/bin:/usr/sbin
[2023-11-24T21:49:19.664Z]     -- The C compiler identification is GNU 11.2.1
[2023-11-24T21:49:19.664Z]     -- The CXX compiler identification is GNU 11.2.1
[2023-11-24T21:49:19.664Z]     -- Detecting C compiler ABI info
[2023-11-24T21:49:19.664Z]     -- Detecting C compiler ABI info - done
[2023-11-24T21:49:19.664Z]     -- Check for working C compiler: /opt/rh/gcc-toolset-11/root/usr/bin/cc - skipped
[2023-11-24T21:49:19.664Z]     -- Detecting C compile features
[2023-11-24T21:49:19.664Z]     -- Detecting C compile features - done
[2023-11-24T21:49:19.664Z]     -- Detecting CXX compiler ABI info
[2023-11-24T21:49:19.664Z]     -- Detecting CXX compiler ABI info - done
[2023-11-24T21:49:19.664Z]     -- Check for working CXX compiler: /opt/rh/gcc-toolset-11/root/usr/bin/c++ - skipped
[2023-11-24T21:49:19.664Z]     -- Detecting CXX compile features
[2023-11-24T21:49:19.664Z]     -- Detecting CXX compile features - done
[2023-11-24T21:49:19.664Z]     -- Using Maya Light API Version 3
[2023-11-24T21:49:19.664Z]     -- Maya has setDefaultMaterialHandling API
[2023-11-24T21:49:19.665Z]     -- Maya has new point snapping API
[2023-11-24T21:49:19.665Z]     -- Maya has isInCrashHandler API
[2023-11-24T21:49:19.665Z]     -- Maya has getDisplayStyleOfAllViewports API
[2023-11-24T21:49:19.665Z]     -- Maya array iterator has difference_type trait
[2023-11-24T21:49:19.665Z]     -- MFnSet has getMemberPaths function
[2023-11-24T21:49:19.665Z]     -- MFnDisplayLayer exists
[2023-11-24T21:49:19.665Z]     -- MDisplayLayerMessage has MDisplayLayerMemberChangedFunction
[2023-11-24T21:49:19.665Z]     -- MRenderItem has HideOnPlayback API
[2023-11-24T21:49:19.665Z]     -- Linux: Maya was built with new cxx11 ABI
[2023-11-24T21:49:19.665Z]     -- Found Maya: /local/S/jenkins/workspace/shared/Artifactory/Linux/rundev-master/202311231351/runtime/3705c87/runTime/bin/maya (found suitable version "2025", minimum required is "2024")
[2023-11-24T21:49:20.205Z]     -- Found Python: /local/S/jenkins/workspace/shared/Artifactory/Linux/rundev-master/202311231351/runtime/3705c87/runTime/bin/mayapy (found suitable exact version "3.11.4") found components: Interpreter
[2023-11-24T21:49:20.205Z]     -- Build mayaHydra with Python3 = 3.11
[2023-11-24T21:49:20.205Z]     --    PYTHON_INCLUDE_DIRS = /local/S/jenkins/workspace/shared/Artifactory/Linux/rundev-master/202311231351/runtime/3705c87/runTime/include/Python311/Python
[2023-11-24T21:49:20.205Z]     --    PYTHON_LIBRARIES    = /local/S/jenkins/workspace/shared/Artifactory/Linux/rundev-master/202311231351/runtime/3705c87/runTime/lib/libpython3.11.so.1.0
[2023-11-24T21:49:20.205Z]     --    Python_EXECUTABLE   = /local/S/jenkins/workspace/shared/Artifactory/Linux/rundev-master/202311231351/runtime/3705c87/runTime/bin/mayapy
[2023-11-24T21:49:20.205Z]     -- Found Python3: /local/S/jenkins/workspace/shared/Artifactory/Linux/rundev-master/202311231351/runtime/3705c87/runTime/include/Python311/Python (found suitable exact version "3.11.4") found components: Development Development.Module Development.Embed
[2023-11-24T21:49:20.745Z]     -- USD has new Sdr.PropertyTypes.Color4
[2023-11-24T21:49:20.745Z]     -- USD has MaterialX metadata support
[2023-11-24T21:49:20.745Z]     -- USD include dir: /local/S/jenkins/workspace/shared/Artifactory/Linux/USD/1a43c47/include
[2023-11-24T21:49:20.745Z]     -- USD library dir: /local/S/jenkins/workspace/shared/Artifactory/Linux/USD/1a43c47/lib
[2023-11-24T21:49:20.745Z]     -- USD version: 0.23.11
[2023-11-24T21:49:20.745Z]     -- Found USD: /local/S/jenkins/workspace/shared/Artifactory/Linux/USD/1a43c47 (found suitable version "0.23.11", minimum required is "0.22.11")
[2023-11-24T21:49:20.745Z]     Updated PYTHONPATH: /local/S/jenkins/workspace/shared/Artifactory/Linux/USD/1a43c47/lib/python
[2023-11-24T21:49:20.745Z]     -- Found UFE: /local/S/jenkins/workspace/shared/Artifactory/Linux/rundev-master/202311231351/runtime/3705c87/devkitBase/devkit/ufe/include (found version "0.5.13")
[2023-11-24T21:49:20.746Z]     -- UFE include dir: /local/S/jenkins/workspace/shared/Artifactory/Linux/rundev-master/202311231351/runtime/3705c87/devkitBase/devkit/ufe/include
[2023-11-24T21:49:20.746Z]     -- UFE library: /local/S/jenkins/workspace/shared/Artifactory/Linux/rundev-master/202311231351/runtime/3705c87/devkitBase/devkit/ufe/lib/libufe_0.so
[2023-11-24T21:49:20.746Z]     -- UFE version: 0.5.13
[2023-11-24T21:49:20.746Z]     -- Maya has UFE lights API
[2023-11-24T21:49:20.746Z]     -- Maya has UFE scene segment API
[2023-11-24T21:49:20.746Z]     -- Maya has UFE TrieNode childrenComponents accessor
[2023-11-24T21:49:20.746Z]     -- Building with UFE 0.5.13.
[2023-11-24T21:49:20.746Z]     -- Found MaterialX
[2023-11-24T21:49:21.286Z]     -- Check if compiler accepts -pthread
[2023-11-24T21:49:21.286Z]     -- Check if compiler accepts -pthread - yes
[2023-11-24T21:49:21.286Z]     -- Performing Test HAVE_STDATOMIC
[2023-11-24T21:49:21.286Z]     -- Performing Test HAVE_STDATOMIC - Success
[2023-11-24T21:49:21.286Z]     -- Found OpenGL: /usr/lib64/libOpenGL.so
[2023-11-24T21:49:21.286Z]     -- Check if linker can resolve circular dependencies - FALSE
[2023-11-24T21:49:21.286Z]     -- Found Qt 6.5.3 in Maya devkit. Hydra Scene Browser will be built.
[2023-11-24T21:49:21.286Z]     -- **** Building Gulrak From Github Repository.
[2023-11-24T21:49:21.286Z]     -- Populating gulrak
[2023-11-24T21:49:21.827Z]     -- Configuring done
[2023-11-24T21:49:21.827Z]     -- Generating done
[2023-11-24T21:49:21.827Z]     -- Build files have been written to: /home/S/jenkins/workspace/ECP/ecg-maya-hydra/ecg-maya-hydra-branch-preflight-python3-linux/build/RelWithDebInfo/_deps/gulrak-subbuild
[2023-11-24T21:49:21.827Z]     [1/9] Creating directories for 'gulrak-populate'
[2023-11-24T21:49:21.827Z]     [1/9] Performing download step (git clone) for 'gulrak-populate'
[2023-11-24T21:49:21.827Z]     Cloning into 'gulrak-src'...
[2023-11-24T21:49:21.827Z]     HEAD is now at 4e21ab3 Version bump and updated readme.
[2023-11-24T21:49:21.827Z]     [2/9] Performing update step for 'gulrak-populate'
[2023-11-24T21:49:22.449Z]     [4/9] No patch step for 'gulrak-populate'
[2023-11-24T21:49:22.449Z]     [5/9] No configure step for 'gulrak-populate'
[2023-11-24T21:49:22.449Z]     [6/9] No build step for 'gulrak-populate'
[2023-11-24T21:49:22.449Z]     [7/9] No install step for 'gulrak-populate'
[2023-11-24T21:49:22.449Z]     [8/9] No test step for 'gulrak-populate'
[2023-11-24T21:49:22.449Z]     [9/9] Completed 'gulrak-populate'
[2023-11-24T21:49:22.449Z]     -- ========== Installing GoogleTest... ==========
[2023-11-24T21:49:22.449Z]     -- Configuring done
[2023-11-24T21:49:22.449Z]     -- Generating done
[2023-11-24T21:49:22.449Z]     -- Build files have been written to: /home/S/jenkins/workspace/ECP/ecg-maya-hydra/ecg-maya-hydra-branch-preflight-python3-linux/build/RelWithDebInfo/googletest-config
[2023-11-24T21:49:22.449Z]     [1/8] Creating directories for 'googletest'
[2023-11-24T21:49:23.582Z]     [2/8] Performing download step (git clone) for 'googletest'
[2023-11-24T21:49:23.582Z]     Cloning into 'googletest-src'...
[2023-11-24T21:49:23.582Z]     HEAD is now at 703bd9ca Googletest export
[2023-11-24T21:49:23.582Z]     [3/8] Performing update step for 'googletest'
[2023-11-24T21:49:23.582Z]     [4/8] No patch step for 'googletest'
[2023-11-24T21:49:23.582Z]     [5/8] Performing configure step for 'googletest'
[2023-11-24T21:49:23.582Z]     Not searching for unused variables given on the command line.
[2023-11-24T21:49:23.582Z]     CMake Deprecation Warning at CMakeLists.txt:4 (cmake_minimum_required):
[2023-11-24T21:49:23.582Z]       Compatibility with CMake < 2.8.12 will be removed from a future version of
[2023-11-24T21:49:23.582Z]       CMake.
[2023-11-24T21:49:23.582Z]     
[2023-11-24T21:49:23.582Z]       Update the VERSION argument <min> value or use a ...<max> suffix to tell
[2023-11-24T21:49:23.582Z]       CMake that the project does not need compatibility with older versions.
[2023-11-24T21:49:23.582Z]     
[2023-11-24T21:49:23.582Z]     
[2023-11-24T21:49:23.582Z]     -- The C compiler identification is GNU 11.2.1
[2023-11-24T21:49:23.582Z]     -- The CXX compiler identification is GNU 11.2.1
[2023-11-24T21:49:23.582Z]     -- Detecting C compiler ABI info
[2023-11-24T21:49:23.582Z]     -- Detecting C compiler ABI info - done
[2023-11-24T21:49:23.582Z]     -- Check for working C compiler: /opt/rh/gcc-toolset-11/root/usr/bin/cc - skipped
[2023-11-24T21:49:23.582Z]     -- Detecting C compile features
[2023-11-24T21:49:23.582Z]     -- Detecting C compile features - done
[2023-11-24T21:49:23.582Z]     -- Detecting CXX compiler ABI info
[2023-11-24T21:49:23.582Z]     -- Detecting CXX compiler ABI info - done
[2023-11-24T21:49:23.582Z]     -- Check for working CXX compiler: /opt/rh/gcc-toolset-11/root/usr/bin/c++ - skipped
[2023-11-24T21:49:23.582Z]     -- Detecting CXX compile features
[2023-11-24T21:49:23.582Z]     -- Detecting CXX compile features - done
[2023-11-24T21:49:23.582Z]     CMake Deprecation Warning at googletest/CMakeLists.txt:56 (cmake_minimum_required):
[2023-11-24T21:49:23.582Z]       Compatibility with CMake < 2.8.12 will be removed from a future version of
[2023-11-24T21:49:23.582Z]       CMake.
[2023-11-24T21:49:23.582Z]     
[2023-11-24T21:49:23.582Z]       Update the VERSION argument <min> value or use a ...<max> suffix to tell
[2023-11-24T21:49:23.582Z]       CMake that the project does not need compatibility with older versions.
[2023-11-24T21:49:23.582Z]     
[2023-11-24T21:49:23.582Z]     
[2023-11-24T21:49:23.582Z]     -- Found PythonInterp: /usr/local/bin/python (found version "3.9.7")
[2023-11-24T21:49:23.582Z]     -- Looking for pthread.h
[2023-11-24T21:49:23.582Z]     -- Looking for pthread.h - found
[2023-11-24T21:49:23.582Z]     -- Performing Test CMAKE_HAVE_LIBC_PTHREAD
[2023-11-24T21:49:23.582Z]     -- Performing Test CMAKE_HAVE_LIBC_PTHREAD - Failed
[2023-11-24T21:49:23.582Z]     -- Looking for pthread_create in pthreads
[2023-11-24T21:49:23.582Z]     -- Looking for pthread_create in pthreads - not found
[2023-11-24T21:49:23.582Z]     -- Looking for pthread_create in pthread
[2023-11-24T21:49:23.582Z]     -- Looking for pthread_create in pthread - found
[2023-11-24T21:49:23.582Z]     -- Found Threads: TRUE
[2023-11-24T21:49:23.582Z]     -- Configuring done
[2023-11-24T21:49:23.582Z]     -- Generating done
[2023-11-24T21:49:23.582Z]     -- Build files have been written to: /home/S/jenkins/workspace/ECP/ecg-maya-hydra/ecg-maya-hydra-branch-preflight-python3-linux/build/RelWithDebInfo/googletest-build
[2023-11-24T21:49:34.917Z]     [6/8] Performing build step for 'googletest'
[2023-11-24T21:49:34.917Z]     [1/4] Building CXX object googletest/CMakeFiles/gtest_main.dir/src/gtest_main.cc.o
[2023-11-24T21:49:34.917Z]     [2/4] Building CXX object googletest/CMakeFiles/gtest.dir/src/gtest-all.cc.o
[2023-11-24T21:49:34.917Z]     [3/4] Linking CXX shared library lib/libgtest.so
[2023-11-24T21:49:34.917Z]     [4/4] Linking CXX shared library lib/libgtest_main.so
[2023-11-24T21:49:34.917Z]     [7/8] Performing install step for 'googletest'
[2023-11-24T21:49:34.917Z]     [0/1] Install the project...
[2023-11-24T21:49:34.917Z]     -- Install configuration: "RelWithDebInfo"
[2023-11-24T21:49:34.917Z]     -- Set runtime path of "/home/S/jenkins/workspace/ECP/ecg-maya-hydra/ecg-maya-hydra-branch-preflight-python3-linux/build/RelWithDebInfo/googletest-install/lib64/libgtest_main.so" to ""
[2023-11-24T21:49:34.917Z]     [8/8] Completed 'googletest'
[2023-11-24T21:49:34.917Z]     -- ========== ...  GoogleTest installed. ==========
[2023-11-24T21:49:34.917Z]     -- Found GTest: /home/S/jenkins/workspace/ECP/ecg-maya-hydra/ecg-maya-hydra-branch-preflight-python3-linux/build/RelWithDebInfo/googletest-install/lib64/libgtest.so
[2023-11-24T21:49:34.917Z]     -- promoting: /home/S/jenkins/workspace/ECP/ecg-maya-hydra/ecg-maya-hydra-branch-preflight-python3-linux/ecg-maya-hydra/maya-hydra/lib/mayaHydra/mayaPlugin/pluginUtils.h
[2023-11-24T21:49:34.918Z]     -- promoting: /home/S/jenkins/workspace/ECP/ecg-maya-hydra/ecg-maya-hydra-branch-preflight-python3-linux/ecg-maya-hydra/maya-hydra/lib/mayaHydra/hydraExtensions/api.h
[2023-11-24T21:49:34.918Z]     -- promoting: /home/S/jenkins/workspace/ECP/ecg-maya-hydra/ecg-maya-hydra-branch-preflight-python3-linux/ecg-maya-hydra/maya-hydra/lib/mayaHydra/hydraExtensions/debugCodes.h
[2023-11-24T21:49:34.918Z]     -- promoting: /home/S/jenkins/workspace/ECP/ecg-maya-hydra/ecg-maya-hydra-branch-preflight-python3-linux/ecg-maya-hydra/maya-hydra/lib/mayaHydra/hydraExtensions/hydraUtils.h
[2023-11-24T21:49:34.918Z]     -- promoting: /home/S/jenkins/workspace/ECP/ecg-maya-hydra/ecg-maya-hydra-branch-preflight-python3-linux/ecg-maya-hydra/maya-hydra/lib/mayaHydra/hydraExtensions/mayaHydraLibInterface.h
[2023-11-24T21:49:34.918Z]     -- promoting: /home/S/jenkins/workspace/ECP/ecg-maya-hydra/ecg-maya-hydra-branch-preflight-python3-linux/ecg-maya-hydra/maya-hydra/lib/mayaHydra/hydraExtensions/mayaHydraLibInterfaceImp.h
[2023-11-24T21:49:34.918Z]     -- promoting: /home/S/jenkins/workspace/ECP/ecg-maya-hydra/ecg-maya-hydra-branch-preflight-python3-linux/ecg-maya-hydra/maya-hydra/lib/mayaHydra/hydraExtensions/mayaUtils.h
[2023-11-24T21:49:34.918Z]     -- promoting: /home/S/jenkins/workspace/ECP/ecg-maya-hydra/ecg-maya-hydra-branch-preflight-python3-linux/ecg-maya-hydra/maya-hydra/lib/mayaHydra/hydraExtensions/mixedUtils.h
[2023-11-24T21:49:34.918Z]     -- promoting: /home/S/jenkins/workspace/ECP/ecg-maya-hydra/ecg-maya-hydra-branch-preflight-python3-linux/ecg-maya-hydra/maya-hydra/lib/mayaHydra/hydraExtensions/mayaHydraSceneProducer.h
[2023-11-24T21:49:34.918Z]     -- promoting: /home/S/jenkins/workspace/ECP/ecg-maya-hydra/ecg-maya-hydra-branch-preflight-python3-linux/ecg-maya-hydra/maya-hydra/lib/mayaHydra/hydraExtensions/adapters/adapter.h
[2023-11-24T21:49:34.918Z]     -- promoting: /home/S/jenkins/workspace/ECP/ecg-maya-hydra/ecg-maya-hydra-branch-preflight-python3-linux/ecg-maya-hydra/maya-hydra/lib/mayaHydra/hydraExtensions/adapters/adapterDebugCodes.h
[2023-11-24T21:49:34.918Z]     -- promoting: /home/S/jenkins/workspace/ECP/ecg-maya-hydra/ecg-maya-hydra-branch-preflight-python3-linux/ecg-maya-hydra/maya-hydra/lib/mayaHydra/hydraExtensions/adapters/adapterRegistry.h
[2023-11-24T21:49:34.918Z]     -- promoting: /home/S/jenkins/workspace/ECP/ecg-maya-hydra/ecg-maya-hydra-branch-preflight-python3-linux/ecg-maya-hydra/maya-hydra/lib/mayaHydra/hydraExtensions/adapters/cameraAdapter.h
[2023-11-24T21:49:34.918Z]     -- promoting: /home/S/jenkins/workspace/ECP/ecg-maya-hydra/ecg-maya-hydra-branch-preflight-python3-linux/ecg-maya-hydra/maya-hydra/lib/mayaHydra/hydraExtensions/adapters/constantShadowMatrix.h
[2023-11-24T21:49:34.918Z]     -- promoting: /home/S/jenkins/workspace/ECP/ecg-maya-hydra/ecg-maya-hydra-branch-preflight-python3-linux/ecg-maya-hydra/maya-hydra/lib/mayaHydra/hydraExtensions/adapters/dagAdapter.h
[2023-11-24T21:49:34.918Z]     -- promoting: /home/S/jenkins/workspace/ECP/ecg-maya-hydra/ecg-maya-hydra-branch-preflight-python3-linux/ecg-maya-hydra/maya-hydra/lib/mayaHydra/hydraExtensions/adapters/renderItemAdapter.h
[2023-11-24T21:49:34.918Z]     -- promoting: /home/S/jenkins/workspace/ECP/ecg-maya-hydra/ecg-maya-hydra-branch-preflight-python3-linux/ecg-maya-hydra/maya-hydra/lib/mayaHydra/hydraExtensions/adapters/lightAdapter.h
[2023-11-24T21:49:34.918Z]     -- promoting: /home/S/jenkins/workspace/ECP/ecg-maya-hydra/ecg-maya-hydra-branch-preflight-python3-linux/ecg-maya-hydra/maya-hydra/lib/mayaHydra/hydraExtensions/adapters/materialAdapter.h
[2023-11-24T21:49:34.918Z]     -- promoting: /home/S/jenkins/workspace/ECP/ecg-maya-hydra/ecg-maya-hydra-branch-preflight-python3-linux/ecg-maya-hydra/maya-hydra/lib/mayaHydra/hydraExtensions/adapters/materialNetworkConverter.h
[2023-11-24T21:49:34.918Z]     -- promoting: /home/S/jenkins/workspace/ECP/ecg-maya-hydra/ecg-maya-hydra-branch-preflight-python3-linux/ecg-maya-hydra/maya-hydra/lib/mayaHydra/hydraExtensions/adapters/mayaAttrs.h
[2023-11-24T21:49:34.918Z]     -- promoting: /home/S/jenkins/workspace/ECP/ecg-maya-hydra/ecg-maya-hydra-branch-preflight-python3-linux/ecg-maya-hydra/maya-hydra/lib/mayaHydra/hydraExtensions/adapters/shapeAdapter.h
[2023-11-24T21:49:34.918Z]     -- promoting: /home/S/jenkins/workspace/ECP/ecg-maya-hydra/ecg-maya-hydra-branch-preflight-python3-linux/ecg-maya-hydra/maya-hydra/lib/mayaHydra/hydraExtensions/adapters/tokens.h
[2023-11-24T21:49:34.918Z]     -- promoting: /home/S/jenkins/workspace/ECP/ecg-maya-hydra/ecg-maya-hydra-branch-preflight-python3-linux/ecg-maya-hydra/maya-hydra/lib/mayaHydra/hydraExtensions/delegates/delegate.h
[2023-11-24T21:49:34.918Z]     -- promoting: /home/S/jenkins/workspace/ECP/ecg-maya-hydra/ecg-maya-hydra-branch-preflight-python3-linux/ecg-maya-hydra/maya-hydra/lib/mayaHydra/hydraExtensions/delegates/delegateCtx.h
[2023-11-24T21:49:34.918Z]     -- promoting: /home/S/jenkins/workspace/ECP/ecg-maya-hydra/ecg-maya-hydra-branch-preflight-python3-linux/ecg-maya-hydra/maya-hydra/lib/mayaHydra/hydraExtensions/delegates/delegateDebugCodes.h
[2023-11-24T21:49:34.918Z]     -- promoting: /home/S/jenkins/workspace/ECP/ecg-maya-hydra/ecg-maya-hydra-branch-preflight-python3-linux/ecg-maya-hydra/maya-hydra/lib/mayaHydra/hydraExtensions/delegates/delegateRegistry.h
[2023-11-24T21:49:34.918Z]     -- promoting: /home/S/jenkins/workspace/ECP/ecg-maya-hydra/ecg-maya-hydra-branch-preflight-python3-linux/ecg-maya-hydra/maya-hydra/lib/mayaHydra/hydraExtensions/delegates/params.h
[2023-11-24T21:49:34.918Z]     -- promoting: /home/S/jenkins/workspace/ECP/ecg-maya-hydra/ecg-maya-hydra-branch-preflight-python3-linux/ecg-maya-hydra/maya-hydra/lib/mayaHydra/hydraExtensions/delegates/sceneDelegate.h
[2023-11-24T21:49:34.918Z]     -- promoting: /home/S/jenkins/workspace/ECP/ecg-maya-hydra/ecg-maya-hydra-branch-preflight-python3-linux/ecg-maya-hydra/maya-hydra/lib/mayaHydra/hydraExtensions/delegates/defaultLightDelegate.h
[2023-11-24T21:49:34.918Z]     -- promoting: /home/S/jenkins/workspace/ECP/ecg-maya-hydra/ecg-maya-hydra-branch-preflight-python3-linux/ecg-maya-hydra/maya-hydra/lib/mayaHydra/hydraExtensions/delegates/testDelegate.h
[2023-11-24T21:49:34.918Z]     -- promoting: /home/S/jenkins/workspace/ECP/ecg-maya-hydra/ecg-maya-hydra-branch-preflight-python3-linux/ecg-maya-hydra/maya-hydra/lib/mayaHydra/hydraExtensions/sceneIndex/registration.h
[2023-11-24T21:49:34.918Z]     -- promoting: /home/S/jenkins/workspace/ECP/ecg-maya-hydra/ecg-maya-hydra-branch-preflight-python3-linux/ecg-maya-hydra/maya-hydra/lib/mayaHydra/hydraExtensions/sceneIndex/mayaHydraSceneIndex.h
[2023-11-24T21:49:34.918Z]     -- promoting: /home/S/jenkins/workspace/ECP/ecg-maya-hydra/ecg-maya-hydra-branch-preflight-python3-linux/ecg-maya-hydra/maya-hydra/lib/mayaHydra/hydraExtensions/sceneIndex/mayaHydraDataSource.h
[2023-11-24T21:49:34.918Z]     -- promoting: /home/S/jenkins/workspace/ECP/ecg-maya-hydra/ecg-maya-hydra-branch-preflight-python3-linux/ecg-maya-hydra/maya-hydra/lib/mayaHydra/hydraExtensions/sceneIndex/mayaHydraPrimvarDataSource.h
[2023-11-24T21:49:34.918Z]     -- promoting: /home/S/jenkins/workspace/ECP/ecg-maya-hydra/ecg-maya-hydra-branch-preflight-python3-linux/ecg-maya-hydra/maya-hydra/lib/mayaHydra/hydraExtensions/sceneIndex/mayaHydraDisplayStyleDataSource.h
[2023-11-24T21:49:34.918Z]     -- promoting: /home/S/jenkins/workspace/ECP/ecg-maya-hydra/ecg-maya-hydra-branch-preflight-python3-linux/ecg-maya-hydra/maya-hydra/lib/mayaHydra/hydraExtensions/sceneIndex/mayaHydraCameraDataSource.h
[2023-11-24T21:49:34.918Z]     -- promoting: /home/S/jenkins/workspace/ECP/ecg-maya-hydra/ecg-maya-hydra-branch-preflight-python3-linux/ecg-maya-hydra/maya-hydra/lib/mayaHydra/hydraExtensions/sceneIndex/mayaHydraLightDataSource.h
[2023-11-24T21:49:34.918Z]     -- promoting: /home/S/jenkins/workspace/ECP/ecg-maya-hydra/ecg-maya-hydra-branch-preflight-python3-linux/ecg-maya-hydra/maya-hydra/lib/mayaHydra/hydraExtensions/sceneIndex/mayaHydraDefaultLightDataSource.h
[2023-11-24T21:49:34.918Z]     -- promoting: /home/S/jenkins/workspace/ECP/ecg-maya-hydra/ecg-maya-hydra-branch-preflight-python3-linux/ecg-maya-hydra/maya-hydra/lib/mayaHydra/ufeExtensions/api.h
[2023-11-24T21:49:34.918Z]     -- promoting: /home/S/jenkins/workspace/ECP/ecg-maya-hydra/ecg-maya-hydra-branch-preflight-python3-linux/ecg-maya-hydra/maya-hydra/lib/mayaHydra/ufeExtensions/Global.h
[2023-11-24T21:49:34.918Z]     -- promoting: /home/S/jenkins/workspace/ECP/ecg-maya-hydra/ecg-maya-hydra-branch-preflight-python3-linux/ecg-maya-hydra/maya-hydra/lib/flowViewport/api.h
[2023-11-24T21:49:34.918Z]     -- promoting: /home/S/jenkins/workspace/ECP/ecg-maya-hydra/ecg-maya-hydra-branch-preflight-python3-linux/ecg-maya-hydra/maya-hydra/lib/flowViewport/debugCodes.h
[2023-11-24T21:49:34.918Z]     -- promoting: /home/S/jenkins/workspace/ECP/ecg-maya-hydra/ecg-maya-hydra-branch-preflight-python3-linux/ecg-maya-hydra/maya-hydra/lib/flowViewport/global.h
[2023-11-24T21:49:34.918Z]     -- promoting: /home/S/jenkins/workspace/ECP/ecg-maya-hydra/ecg-maya-hydra-branch-preflight-python3-linux/ecg-maya-hydra/maya-hydra/lib/flowViewport/tokens.h
[2023-11-24T21:49:34.918Z]     -- promoting: /home/S/jenkins/workspace/ECP/ecg-maya-hydra/ecg-maya-hydra-branch-preflight-python3-linux/ecg-maya-hydra/maya-hydra/lib/flowViewport/colorPreferences/fvpColorChanged.h
[2023-11-24T21:49:34.918Z]     -- promoting: /home/S/jenkins/workspace/ECP/ecg-maya-hydra/ecg-maya-hydra-branch-preflight-python3-linux/ecg-maya-hydra/maya-hydra/lib/flowViewport/colorPreferences/fvpColorPreferences.h
[2023-11-24T21:49:34.918Z]     -- promoting: /home/S/jenkins/workspace/ECP/ecg-maya-hydra/ecg-maya-hydra-branch-preflight-python3-linux/ecg-maya-hydra/maya-hydra/lib/flowViewport/colorPreferences/fvpColorPreferencesTokens.h
[2023-11-24T21:49:34.918Z]     -- promoting: /home/S/jenkins/workspace/ECP/ecg-maya-hydra/ecg-maya-hydra-branch-preflight-python3-linux/ecg-maya-hydra/maya-hydra/lib/flowViewport/colorPreferences/fvpColorPreferencesTranslator.h
[2023-11-24T21:49:34.918Z]     -- promoting: /home/S/jenkins/workspace/ECP/ecg-maya-hydra/ecg-maya-hydra-branch-preflight-python3-linux/ecg-maya-hydra/maya-hydra/lib/flowViewport/sceneIndex/fvpMergingSceneIndex.h
[2023-11-24T21:49:34.918Z]     -- promoting: /home/S/jenkins/workspace/ECP/ecg-maya-hydra/ecg-maya-hydra-branch-preflight-python3-linux/ecg-maya-hydra/maya-hydra/lib/flowViewport/sceneIndex/fvpPathInterface.h
[2023-11-24T21:49:34.918Z]     -- promoting: /home/S/jenkins/workspace/ECP/ecg-maya-hydra/ecg-maya-hydra-branch-preflight-python3-linux/ecg-maya-hydra/maya-hydra/lib/flowViewport/sceneIndex/fvpPathInterfaceSceneIndex.h
[2023-11-24T21:49:34.918Z]     -- promoting: /home/S/jenkins/workspace/ECP/ecg-maya-hydra/ecg-maya-hydra-branch-preflight-python3-linux/ecg-maya-hydra/maya-hydra/lib/flowViewport/sceneIndex/fvpRenderIndexProxy.h
[2023-11-24T21:49:34.918Z]     -- promoting: /home/S/jenkins/workspace/ECP/ecg-maya-hydra/ecg-maya-hydra-branch-preflight-python3-linux/ecg-maya-hydra/maya-hydra/lib/flowViewport/sceneIndex/fvpRenderIndexProxyFwd.h
[2023-11-24T21:49:34.918Z]     -- promoting: /home/S/jenkins/workspace/ECP/ecg-maya-hydra/ecg-maya-hydra-branch-preflight-python3-linux/ecg-maya-hydra/maya-hydra/lib/flowViewport/sceneIndex/fvpSelectionSceneIndex.h
[2023-11-24T21:49:34.918Z]     -- promoting: /home/S/jenkins/workspace/ECP/ecg-maya-hydra/ecg-maya-hydra-branch-preflight-python3-linux/ecg-maya-hydra/maya-hydra/lib/flowViewport/sceneIndex/fvpWireframeSelectionHighlightSceneIndex.h
[2023-11-24T21:49:34.918Z]     -- promoting: /home/S/jenkins/workspace/ECP/ecg-maya-hydra/ecg-maya-hydra-branch-preflight-python3-linux/ecg-maya-hydra/maya-hydra/lib/flowViewport/API/fvpSelectionClient.h
[2023-11-24T21:49:34.918Z]     -- promoting: /home/S/jenkins/workspace/ECP/ecg-maya-hydra/ecg-maya-hydra-branch-preflight-python3-linux/ecg-maya-hydra/maya-hydra/lib/flowViewport/API/fvpFlowSelectionInterface.h
[2023-11-24T21:49:34.918Z]     -- promoting: /home/S/jenkins/workspace/ECP/ecg-maya-hydra/ecg-maya-hydra-branch-preflight-python3-linux/ecg-maya-hydra/maya-hydra/lib/flowViewport/API/fvpVersionInterface.h
[2023-11-24T21:49:34.918Z]     -- promoting: /home/S/jenkins/workspace/ECP/ecg-maya-hydra/ecg-maya-hydra-branch-preflight-python3-linux/ecg-maya-hydra/maya-hydra/lib/flowViewport/API/fvpInformationInterface.h
[2023-11-24T21:49:34.918Z]     -- promoting: /home/S/jenkins/workspace/ECP/ecg-maya-hydra/ecg-maya-hydra-branch-preflight-python3-linux/ecg-maya-hydra/maya-hydra/lib/flowViewport/API/fvpInformationClient.h
[2023-11-24T21:49:34.918Z]     -- promoting: /home/S/jenkins/workspace/ECP/ecg-maya-hydra/ecg-maya-hydra-branch-preflight-python3-linux/ecg-maya-hydra/maya-hydra/lib/flowViewport/API/interfacesImp/fvpSelectionInterfaceImp.h
[2023-11-24T21:49:34.918Z]     -- promoting: /home/S/jenkins/workspace/ECP/ecg-maya-hydra/ecg-maya-hydra-branch-preflight-python3-linux/ecg-maya-hydra/maya-hydra/lib/flowViewport/API/interfacesImp/fvpVersionInterfaceImp.h
[2023-11-24T21:49:34.918Z]     -- promoting: /home/S/jenkins/workspace/ECP/ecg-maya-hydra/ecg-maya-hydra-branch-preflight-python3-linux/ecg-maya-hydra/maya-hydra/lib/flowViewport/API/interfacesImp/fvpInformationInterfaceImp.h
[2023-11-24T21:49:34.918Z]     -- promoting: /home/S/jenkins/workspace/ECP/ecg-maya-hydra/ecg-maya-hydra-branch-preflight-python3-linux/ecg-maya-hydra/maya-hydra/lib/flowViewport/API/samples/fvpSelectionClientExample.h
[2023-11-24T21:49:34.918Z]     -- promoting: /home/S/jenkins/workspace/ECP/ecg-maya-hydra/ecg-maya-hydra-branch-preflight-python3-linux/ecg-maya-hydra/maya-hydra/lib/flowViewport/API/samples/fvpInformationClientExample.h
[2023-11-24T21:49:34.918Z]     -- promoting: /home/S/jenkins/workspace/ECP/ecg-maya-hydra/ecg-maya-hydra-branch-preflight-python3-linux/ecg-maya-hydra/maya-hydra/lib/flowViewport/API/perViewportSceneIndicesData/fvpViewportInformationAndSceneIndicesPerViewportData.h
[2023-11-24T21:49:34.918Z]     -- promoting: /home/S/jenkins/workspace/ECP/ecg-maya-hydra/ecg-maya-hydra-branch-preflight-python3-linux/ecg-maya-hydra/maya-hydra/lib/flowViewport/API/perViewportSceneIndicesData/fvpViewportInformationAndSceneIndicesPerViewportDataManager.h
[2023-11-24T21:49:34.918Z]     -- promoting: /home/S/jenkins/workspace/ECP/ecg-maya-hydra/ecg-maya-hydra-branch-preflight-python3-linux/ecg-maya-hydra/maya-hydra/lib/flowViewport/selection/fvpSelection.h
[2023-11-24T21:49:34.918Z]     -- promoting: /home/S/jenkins/workspace/ECP/ecg-maya-hydra/ecg-maya-hydra-branch-preflight-python3-linux/ecg-maya-hydra/maya-hydra/lib/flowViewport/selection/fvpSelectionFwd.h
[2023-11-24T21:49:34.918Z]     -- promoting: /home/S/jenkins/workspace/ECP/ecg-maya-hydra/ecg-maya-hydra-branch-preflight-python3-linux/ecg-maya-hydra/maya-hydra/lib/flowViewport/selection/fvpSelectionTask.h
[2023-11-24T21:49:34.918Z]     -- promoting: /home/S/jenkins/workspace/ECP/ecg-maya-hydra/ecg-maya-hydra-branch-preflight-python3-linux/ecg-maya-hydra/maya-hydra/lib/flowViewport/selection/fvpSelectionTracker.h
[2023-11-24T21:49:34.918Z]     -- Configuring done
[2023-11-24T21:49:34.918Z]     -- Generating done
[2023-11-24T21:49:34.918Z]     -- Build files have been written to: /home/S/jenkins/workspace/ECP/ecg-maya-hydra/ecg-maya-hydra-branch-preflight-python3-linux/build/RelWithDebInfo
[2023-11-24T21:49:34.918Z]     
[2023-11-24T21:49:34.918Z]         Building with settings:
[2023-11-24T21:49:34.918Z]           Source directory          /home/S/jenkins/workspace/ECP/ecg-maya-hydra/ecg-maya-hydra-branch-preflight-python3-linux/ecg-maya-hydra/maya-hydra
[2023-11-24T21:49:34.918Z]           Workspace directory       /local/S/jenkins/workspace/ECP/ecg-maya-hydra/ecg-maya-hydra-branch-preflight-python3-linux
[2023-11-24T21:49:34.918Z]           Build directory           /local/S/jenkins/workspace/ECP/ecg-maya-hydra/ecg-maya-hydra-branch-preflight-python3-linux/build/RelWithDebInfo
[2023-11-24T21:49:34.918Z]           Install directory         /local/S/jenkins/workspace/ECP/ecg-maya-hydra/ecg-maya-hydra-branch-preflight-python3-linux/install/RelWithDebInfo/MayaHydra
[2023-11-24T21:49:34.918Z]           Variant                   RelWithDebInfo
[2023-11-24T21:49:34.918Z]           Python Debug              Off
[2023-11-24T21:49:34.918Z]           CMake generator           Ninja
[2023-11-24T21:49:34.918Z]           Build arguments           ['-DCMAKE_MAKE_PROGRAM=/local/S/jenkins/workspace/shared/Artifactory/Linux/ninja/1.10.2/9ab399b/ninja', '-DPYTHON_INCLUDE_DIR=/local/S/jenkins/workspace/shared/Artifactory/Linux/rundev-master/202311231351/runtime/3705c87/runTime/include/Python311/Python', '-DPython_EXECUTABLE=/local/S/jenkins/workspace/shared/Artifactory/Linux/rundev-master/202311231351/runtime/3705c87/runTime/bin/mayapy', '-DPYTHON_LIBRARIES=/local/S/jenkins/workspace/shared/Artifactory/Linux/rundev-master/202311231351/runtime/3705c87/runTime/lib/libpython3.11.so.1.0', '-DBUILD_WITH_PYTHON_3_VERSION=3.11', '-DCMAKE_WANT_MATERIALX_BUILD=ON', '-DCMAKE_PREFIX_PATH=/local/S/jenkins/workspace/shared/Artifactory/Linux/USD/1a43c47', '-DMAYAHYDRA_BUILD_NUMBER=417', '-DMAYAHYDRA_GIT_COMMIT=4017b60e64efccb8ee1392a05724c36ef63d630a', '-DMAYAHYDRA_GIT_BRANCH=master']
[2023-11-24T21:49:34.918Z]           Stages arguments          ['configure']
[2023-11-24T21:49:34.918Z]           CTest arguments           ['--parallel 16']
[2023-11-24T21:49:34.918Z]     STATUS: Found Maya Qt headers in: /local/S/jenkins/workspace/shared/Artifactory/Linux/rundev-master/202311231351/runtime/3705c87/devkitBase
[2023-11-24T21:49:34.918Z]     Success MayaHydra build and install !!!!
[2023-11-24T21:49:34.918Z]     Elapsed time: 00:00:15
[Pipeline] }
[Pipeline] // withEnv
[Pipeline] }
[Pipeline] // timeout
[Pipeline] }
[Pipeline] // stage
[Pipeline] }
[Pipeline] // timestamps
[Pipeline] timestamps
[Pipeline] {
[Pipeline] stage
[Pipeline] { (Build)
[Pipeline] timeout
[2023-11-24T21:49:35.336Z] Timeout set to expire in 6 hr 0 min
[Pipeline] {
[Pipeline] withEnv
[Pipeline] {
[Pipeline] sh
[2023-11-24T21:49:36.508Z] + scl enable gcc-toolset-11 -
[2023-11-24T21:49:36.508Z] + '[' enable = load -o enable = unload ']'
[2023-11-24T21:49:36.508Z] + /usr/bin/scl enable gcc-toolset-11 -
[2023-11-24T21:49:36.508Z] python ecg-maya-hydra/build.py --stages=build --workspace-dir=/local/S/jenkins/workspace/ECP/ecg-maya-hydra/ecg-maya-hydra-branch-preflight-python3-linux --artifactory-dir=/local/S/jenkins/workspace/shared/Artifactory --build-dir=/local/S/jenkins/workspace/ECP/ecg-maya-hydra/ecg-maya-hydra-branch-preflight-python3-linux/build --install-dir=/local/S/jenkins/workspace/ECP/ecg-maya-hydra/ecg-maya-hydra-branch-preflight-python3-linux/install --signing-dir=/local/S/jenkins/workspace/ECP/ecg-maya-hydra/ecg-maya-hydra-branch-preflight-python3-linux/signing --package-dir=/local/S/jenkins/workspace/ECP/ecg-maya-hydra/ecg-maya-hydra-branch-preflight-python3-linux/package --output-dir=/local/S/jenkins/workspace/ECP/ecg-maya-hydra/ecg-maya-hydra-branch-preflight-python3-linux/output --stash-dir=/local/S/jenkins/workspace/ECP/ecg-maya-hydra/ecg-maya-hydra-branch-preflight-python3-linux/stash --jenkins-build=417 --git-commit=4017b60e64efccb8ee1392a05724c36ef63d630a --git-branch=master --variants=Debug --interactive-tests=true --post-zips=false --osx-binary-architecture-target=ub2 --osx-deployment-target=11.0 --osx-base-sdk=CurrentActiveSDK --build-retry=3 --maya-cut-config=maya-rundev-master-debug.yaml --maya-package=rundev-master-debug --stage-banner
[2023-11-24T21:49:36.508Z] Using Maya cut from /local/S/jenkins/workspace/shared/Artifactory/Linux/rundev-master-debug/202311231351/runtime/57a60b2
[2023-11-24T21:49:36.508Z] 
[2023-11-24T21:49:36.508Z] ================================================================================
[2023-11-24T21:49:36.508Z]                                  build (Debug)
[2023-11-24T21:49:36.508Z] ================================================================================
[2023-11-24T21:49:36.508Z] Maya Python Debug Info:
[2023-11-24T21:49:36.508Z]   mayapy executable   = /local/S/jenkins/workspace/shared/Artifactory/Linux/rundev-master-debug/202311231351/runtime/57a60b2/runTime/bin/mayapy
[2023-11-24T21:49:36.508Z]   Include Folder      = /local/S/jenkins/workspace/shared/Artifactory/Linux/rundev-master-debug/202311231351/runtime/57a60b2/runTime/include/Python311/Python
[2023-11-24T21:49:36.508Z]   Library             = /local/S/jenkins/workspace/shared/Artifactory/Linux/rundev-master-debug/202311231351/runtime/57a60b2/runTime/lib/libpython3.11d.so.1.0
[2023-11-24T21:49:36.508Z]   site-package Folder = /local/S/jenkins/workspace/shared/Artifactory/Linux/rundev-master-debug/202311231351/runtime/57a60b2/runTime/lib/python3.11/site-packages
[2023-11-24T21:49:37.640Z] In workdir: /home/S/jenkins/workspace/ECP/ecg-maya-hydra/ecg-maya-hydra-branch-preflight-python3-linux/ecg-maya-hydra/maya-hydra
[2023-11-24T21:49:37.640Z] Executing: /local/S/jenkins/workspace/shared/Artifactory/Linux/rundev-master-debug/202311231351/runtime/57a60b2/runTime/bin/mayapy /home/S/jenkins/workspace/ECP/ecg-maya-hydra/ecg-maya-hydra-branch-preflight-python3-linux/ecg-maya-hydra/maya-hydra/build.py --generator Ninja --build-debug --maya-location /local/S/jenkins/workspace/shared/Artifactory/Linux/rundev-master-debug/202311231351/runtime/57a60b2/runTime --devkit-location /local/S/jenkins/workspace/shared/Artifactory/Linux/rundev-master-debug/202311231351/runtime/57a60b2/devkitBase --pxrusd-location /local/S/jenkins/workspace/shared/Artifactory/Linux/USD/e5ad5df --build-args=-DCMAKE_MAKE_PROGRAM=/local/S/jenkins/workspace/shared/Artifactory/Linux/ninja/1.10.2/9ab399b/ninja,-DPYTHON_INCLUDE_DIR=/local/S/jenkins/workspace/shared/Artifactory/Linux/rundev-master-debug/202311231351/runtime/57a60b2/runTime/include/Python311/Python,-DPython_EXECUTABLE=/local/S/jenkins/workspace/shared/Artifactory/Linux/rundev-master-debug/202311231351/runtime/57a60b2/runTime/bin/mayapy,-DPYTHON_LIBRARIES=/local/S/jenkins/workspace/shared/Artifactory/Linux/rundev-master-debug/202311231351/runtime/57a60b2/runTime/lib/libpython3.11d.so.1.0,-DBUILD_WITH_PYTHON_3_VERSION=3.11,-DCMAKE_WANT_MATERIALX_BUILD=ON,-DCMAKE_PREFIX_PATH=/local/S/jenkins/workspace/shared/Artifactory/Linux/USD/e5ad5df,-DMAYAHYDRA_BUILD_NUMBER=417,-DMAYAHYDRA_GIT_COMMIT=4017b60e64efccb8ee1392a05724c36ef63d630a,-DMAYAHYDRA_GIT_BRANCH=master --debug-python '--ctest-args=--parallel 16' --stages=build --redirect-outstream-file=False --install-location /local/S/jenkins/workspace/ECP/ecg-maya-hydra/ecg-maya-hydra-branch-preflight-python3-linux/install/Debug/MayaHydra /local/S/jenkins/workspace/ECP/ecg-maya-hydra/ecg-maya-hydra-branch-preflight-python3-linux
[2023-11-24T21:49:37.640Z] Modified environment variables:
[2023-11-24T21:49:37.640Z]     LD_LIBRARY_PATH=/opt/rh/gcc-toolset-11/root/usr/lib64:/opt/rh/gcc-toolset-11/root/usr/lib64:/opt/rh/gcc-toolset-11/root/usr/lib:/opt/rh/gcc-toolset-11/root/usr/lib64/dyninst:/opt/rh/gcc-toolset-11/root/usr/lib/dyninst
[2023-11-24T21:49:37.640Z]     PATH=/local/S/jenkins/workspace/shared/Artifactory/Linux/cmake/3.20.3/ab685d7/bin:/opt/rh/gcc-toolset-11/root/usr/bin:/home/administrator/.local/bin:/home/administrator/bin:/usr/share/Modules/bin:/usr/local/bin:/usr/local/sbin:/usr/bin:/usr/sbin
[2023-11-24T21:49:39.008Z]     [1/108] Building CXX object lib/mayaHydra/mayaPlugin/CMakeFiles/mayaHydra.dir/colorNotFoundException.cpp.o
[2023-11-24T21:49:39.008Z]     [2/108] Building CXX object lib/mayaHydra/mayaPlugin/CMakeFiles/mayaHydra.dir/tokens.cpp.o
[2023-11-24T21:49:39.008Z]     [3/108] Building CXX object test/lib/mayaUsd/render/mayaToHydra/cpp/CMakeFiles/mayaHydraCppTests.dir/testCppFramework.cpp.o
[2023-11-24T21:49:39.577Z]     [4/108] Building CXX object test/lib/mayaUsd/render/mayaToHydra/cpp/CMakeFiles/mayaHydraCppTests.dir/mayaHydraCppTestsCmd.cpp.o
[2023-11-24T21:49:39.577Z]     [5/108] Building CXX object lib/mayaHydra/mayaPlugin/CMakeFiles/mayaHydra.dir/mayaColorPreferencesTranslator.cpp.o
[2023-11-24T21:49:39.577Z]     [6/108] Building CXX object lib/mayaHydra/mayaPlugin/CMakeFiles/mayaHydra.dir/pluginDebugCodes.cpp.o
[2023-11-24T21:49:40.142Z]     [7/108] Building CXX object lib/mayaHydra/hydraExtensions/CMakeFiles/mayaHydraLib.dir/mayaUtils.cpp.o
[2023-11-24T21:49:40.142Z]     [8/108] Building CXX object lib/mayaHydra/hydraExtensions/CMakeFiles/mayaHydraLib.dir/mhBuildInfo.cpp.o
[2023-11-24T21:49:40.142Z]     [9/108] Building CXX object test/lib/mayaUsd/render/mayaToHydra/cpp/CMakeFiles/mayaHydraCppTests.dir/testColorPreferences.cpp.o
[2023-11-24T21:49:41.289Z]     [10/108] Building CXX object lib/mayaHydra/hydraExtensions/CMakeFiles/mayaHydraLib.dir/debugCodes.cpp.o
[2023-11-24T21:49:41.289Z]     [11/108] Building CXX object test/lib/mayaUsd/render/mayaToHydra/cpp/CMakeFiles/mayaHydraCppTests.dir/testUtils.cpp.o
[2023-11-24T21:49:41.859Z]     [12/108] Building CXX object test/lib/mayaUsd/render/mayaToHydra/cpp/CMakeFiles/mayaHydraCppTests.dir/testFvpViewportInformationMultipleViewports.cpp.o
[2023-11-24T21:49:41.859Z]     [13/108] Building CXX object test/lib/mayaUsd/render/mayaToHydra/cpp/CMakeFiles/mayaHydraCppTests.dir/testFvpViewportInformationRendererSwitching.cpp.o
[2023-11-24T21:49:41.859Z]     [14/108] Building CXX object test/lib/mayaUsd/render/mayaToHydra/cpp/CMakeFiles/mayaHydraCppTests.dir/testMayaUsdUfeItems.cpp.o
[2023-11-24T21:49:42.444Z]     [15/108] Building CXX object test/lib/mayaUsd/render/mayaToHydra/cpp/CMakeFiles/mayaHydraCppTests.dir/testMayaSceneFlattening.cpp.o
[2023-11-24T21:49:42.444Z]     [16/108] Building CXX object test/lib/mayaUsd/render/mayaToHydra/cpp/CMakeFiles/mayaHydraCppTests.dir/testMeshAdapterTransform.cpp.o
[2023-11-24T21:49:42.444Z]     [17/108] Building CXX object test/lib/mayaUsd/render/mayaToHydra/cpp/CMakeFiles/mayaHydraCppTests.dir/testSelectionSceneIndex.cpp.o
[2023-11-24T21:49:42.444Z]     [18/108] Building CXX object test/lib/mayaUsd/render/mayaToHydra/cpp/CMakeFiles/mayaHydraCppTests.dir/testWireframeSelectionHighlightSceneIndex.cpp.o
[2023-11-24T21:49:43.416Z]     [19/108] Building CXX object lib/mayaHydra/hydraExtensions/CMakeFiles/mayaHydraLib.dir/mayaHydraLibInterfaceImp.cpp.o
[2023-11-24T21:49:43.416Z]     [20/108] Building CXX object lib/mayaHydra/hydraExtensions/CMakeFiles/mayaHydraLib.dir/adapters/adapterDebugCodes.cpp.o
[2023-11-24T21:49:44.602Z]     [21/108] Building CXX object lib/mayaHydra/mayaPlugin/CMakeFiles/mayaHydra.dir/pluginUtils.cpp.o
[2023-11-24T21:49:44.602Z]     [22/108] Building CXX object lib/mayaHydra/hydraExtensions/CMakeFiles/mayaHydraLib.dir/hydraUtils.cpp.o
[2023-11-24T21:49:44.602Z]     [23/108] Building CXX object lib/mayaHydra/hydraExtensions/CMakeFiles/mayaHydraLib.dir/mixedUtils.cpp.o
[2023-11-24T21:49:45.158Z]     [24/108] Building CXX object lib/mayaHydra/mayaPlugin/CMakeFiles/mayaHydra.dir/plugin.cpp.o
[2023-11-24T21:49:45.158Z]     [25/108] Building CXX object test/lib/mayaUsd/render/mayaToHydra/cpp/CMakeFiles/mayaHydraCppTests.dir/testMergingSceneIndex.cpp.o
[2023-11-24T21:49:45.739Z]     [26/108] Building CXX object lib/mayaHydra/hydraExtensions/CMakeFiles/mayaHydraLib.dir/adapters/mayaAttrs.cpp.o
[2023-11-24T21:49:46.293Z]     [27/108] Building CXX object lib/mayaHydra/mayaPlugin/CMakeFiles/mayaHydra.dir/viewCommand.cpp.o
[2023-11-24T21:49:48.296Z]     [28/108] Building CXX object lib/mayaHydra/hydraExtensions/CMakeFiles/mayaHydraLib.dir/adapters/adapter.cpp.o
[2023-11-24T21:49:48.296Z]     [29/108] Building CXX object lib/mayaHydra/mayaPlugin/CMakeFiles/mayaHydra.dir/renderOverride.cpp.o
[2023-11-24T21:49:48.296Z]     [30/108] Building CXX object lib/mayaHydra/mayaPlugin/CMakeFiles/mayaHydra.dir/renderGlobals.cpp.o
[2023-11-24T21:49:48.852Z]     [31/108] Building CXX object lib/mayaHydra/hydraExtensions/CMakeFiles/mayaHydraLib.dir/adapters/adapterRegistry.cpp.o
[2023-11-24T21:49:48.852Z]     [32/108] Building CXX object lib/mayaHydra/hydraExtensions/CMakeFiles/mayaHydraLib.dir/adapters/areaLightAdapter.cpp.o
[2023-11-24T21:49:49.417Z]     [33/108] Building CXX object lib/mayaHydra/hydraExtensions/CMakeFiles/mayaHydraLib.dir/adapters/aiSkydomeLightAdapter.cpp.o
[2023-11-24T21:49:49.417Z]     [34/108] Building CXX object lib/mayaHydra/hydraExtensions/CMakeFiles/mayaHydraLib.dir/adapters/cameraAdapter.cpp.o
[2023-11-24T21:49:49.417Z]     [35/108] Building CXX object lib/mayaHydra/hydraExtensions/CMakeFiles/mayaHydraLib.dir/adapters/dagAdapter.cpp.o
[2023-11-24T21:49:49.975Z]     [36/108] Building CXX object lib/mayaHydra/hydraExtensions/CMakeFiles/mayaHydraLib.dir/adapters/tokens.cpp.o
[2023-11-24T21:49:49.975Z]     [37/108] Building CXX object lib/mayaHydra/hydraExtensions/CMakeFiles/mayaHydraLib.dir/adapters/renderItemAdapter.cpp.o
[2023-11-24T21:49:50.536Z]     [38/108] Building CXX object lib/mayaHydra/hydraExtensions/CMakeFiles/mayaHydraLib.dir/delegates/delegateDebugCodes.cpp.o
[2023-11-24T21:49:51.086Z]     [39/108] Building CXX object lib/mayaHydra/hydraExtensions/CMakeFiles/mayaHydraLib.dir/adapters/directionalLightAdapter.cpp.o
[2023-11-24T21:49:51.641Z]     [40/108] Building CXX object lib/mayaHydra/hydraExtensions/CMakeFiles/mayaHydraLib.dir/adapters/lightAdapter.cpp.o
[2023-11-24T21:49:51.641Z]     [41/108] Building CXX object lib/mayaHydra/hydraExtensions/CMakeFiles/mayaHydraLib.dir/mayaHydraSceneProducer.cpp.o
[2023-11-24T21:49:52.200Z]     [42/108] Building CXX object lib/mayaHydra/hydraExtensions/CMakeFiles/mayaHydraLib.dir/adapters/materialAdapter.cpp.o
[2023-11-24T21:49:52.782Z]     [43/108] Building CXX object lib/mayaHydra/hydraExtensions/CMakeFiles/mayaHydraLib.dir/adapters/meshAdapter.cpp.o
[2023-11-24T21:49:52.782Z]     [44/108] Building CXX object lib/mayaHydra/hydraExtensions/CMakeFiles/mayaHydraLib.dir/adapters/nurbsCurveAdapter.cpp.o
[2023-11-24T21:49:52.782Z]     [45/108] Building CXX object lib/mayaHydra/hydraExtensions/CMakeFiles/mayaHydraLib.dir/adapters/materialNetworkConverter.cpp.o
[2023-11-24T21:49:54.135Z]     [46/108] Building CXX object lib/mayaHydra/hydraExtensions/CMakeFiles/mayaHydraLib.dir/adapters/shapeAdapter.cpp.o
[2023-11-24T21:49:54.693Z]     [47/108] Building CXX object lib/mayaHydra/hydraExtensions/CMakeFiles/mayaHydraLib.dir/delegates/delegate.cpp.o
[2023-11-24T21:49:54.693Z]     [48/108] Building CXX object lib/mayaHydra/hydraExtensions/CMakeFiles/mayaHydraLib.dir/adapters/pointLightAdapter.cpp.o
[2023-11-24T21:49:54.693Z]     [49/108] Building CXX object lib/mayaHydra/hydraExtensions/CMakeFiles/mayaHydraLib.dir/delegates/delegateCtx.cpp.o
[2023-11-24T21:49:55.249Z]     [50/108] Building CXX object lib/mayaHydra/hydraExtensions/CMakeFiles/mayaHydraLib.dir/delegates/delegateRegistry.cpp.o
[2023-11-24T21:49:55.250Z]     [51/108] Building CXX object lib/mayaHydra/hydraExtensions/CMakeFiles/mayaHydraLib.dir/adapters/spotLightAdapter.cpp.o
[2023-11-24T21:49:55.836Z]     [52/108] Building CXX object lib/flowViewport/CMakeFiles/flowViewport.dir/global.cpp.o
[2023-11-24T21:49:55.836Z]     [53/108] Building CXX object lib/flowViewport/CMakeFiles/flowViewport.dir/debugCodes.cpp.o
[2023-11-24T21:49:55.836Z]     [54/108] Building CXX object lib/flowViewport/CMakeFiles/flowViewport.dir/tokens.cpp.o
[2023-11-24T21:49:55.836Z]     [55/108] Building CXX object lib/mayaHydra/ufeExtensions/CMakeFiles/ufeExtensions.dir/Global.cpp.o
[2023-11-24T21:49:55.836Z]     [56/108] Building CXX object lib/flowViewport/CMakeFiles/flowViewport.dir/colorPreferences/fvpColorChanged.cpp.o
[2023-11-24T21:49:56.380Z]     [57/108] Building CXX object lib/flowViewport/CMakeFiles/flowViewport.dir/colorPreferences/fvpColorPreferencesTokens.cpp.o
[2023-11-24T21:49:56.380Z]     [58/108] Building CXX object lib/mayaHydra/hydraExtensions/CMakeFiles/mayaHydraLib.dir/sceneIndex/registration.cpp.o
[2023-11-24T21:49:56.380Z]     [59/108] Building CXX object lib/flowViewport/CMakeFiles/flowViewport.dir/colorPreferences/fvpColorPreferences.cpp.o
[2023-11-24T21:49:56.380Z]     [60/108] Building CXX object lib/flowViewport/CMakeFiles/flowViewport.dir/sceneIndex/fvpPathInterface.cpp.o
[2023-11-24T21:49:56.380Z]     [61/108] Linking CXX shared library lib/mayaHydra/ufeExtensions/libufeExtensions.so
[2023-11-24T21:49:57.595Z]     [62/108] Building CXX object lib/flowViewport/CMakeFiles/flowViewport.dir/API/interfacesImp/fvpSelectionInterfaceImp.cpp.o
[2023-11-24T21:49:57.595Z]     [63/108] Building CXX object lib/flowViewport/CMakeFiles/flowViewport.dir/API/interfacesImp/fvpVersionInterfaceImp.cpp.o
[2023-11-24T21:49:58.149Z]     [64/108] Building CXX object lib/mayaHydra/hydraExtensions/CMakeFiles/mayaHydraLib.dir/sceneIndex/mayaHydraPrimvarDataSource.cpp.o
[2023-11-24T21:49:58.706Z]     [65/108] Building CXX object lib/mayaHydra/hydraExtensions/CMakeFiles/mayaHydraLib.dir/sceneIndex/mayaHydraLightDataSource.cpp.o
[2023-11-24T21:49:58.706Z]     [66/108] Building CXX object lib/flowViewport/CMakeFiles/flowViewport.dir/sceneIndex/fvpPathInterfaceSceneIndex.cpp.o
[2023-11-24T21:49:58.706Z]     [67/108] Building CXX object lib/mayaHydra/hydraExtensions/CMakeFiles/mayaHydraLib.dir/delegates/sceneDelegate.cpp.o
[2023-11-24T21:49:58.706Z]     [68/108] Building CXX object lib/flowViewport/CMakeFiles/flowViewport.dir/sceneIndex/fvpMergingSceneIndex.cpp.o
[2023-11-24T21:49:59.253Z]     [69/108] Building CXX object lib/mayaHydra/hydraExtensions/CMakeFiles/mayaHydraLib.dir/sceneIndex/mayaHydraCameraDataSource.cpp.o
[2023-11-24T21:49:59.253Z]     [70/108] Building CXX object lib/mayaHydra/hydraExtensions/CMakeFiles/mayaHydraLib.dir/sceneIndex/mayaHydraDisplayStyleDataSource.cpp.o
[2023-11-24T21:49:59.253Z]     [71/108] Building CXX object lib/flowViewport/CMakeFiles/flowViewport.dir/API/samples/fvpSelectionClientExample.cpp.o
[2023-11-24T21:49:59.253Z]     [72/108] Building CXX object lib/flowViewport/CMakeFiles/flowViewport.dir/selection/fvpSelectionFwd.cpp.o
[2023-11-24T21:49:59.253Z]     [73/108] Building CXX object lib/mayaHydra/hydraExtensions/CMakeFiles/mayaHydraLib.dir/delegates/testDelegate.cpp.o
[2023-11-24T21:49:59.806Z]     [74/108] Building CXX object lib/mayaHydra/hydraExtensions/CMakeFiles/mayaHydraLib.dir/delegates/defaultLightDelegate.cpp.o
[2023-11-24T21:49:59.806Z]     [75/108] Building CXX object lib/mayaHydra/hydraExtensions/CMakeFiles/mayaHydraLib.dir/sceneIndex/mayaHydraDataSource.cpp.o
[2023-11-24T21:50:00.360Z]     [76/108] Building CXX object lib/flowViewport/CMakeFiles/flowViewport.dir/sceneIndex/fvpSelectionSceneIndex.cpp.o
[2023-11-24T21:50:00.360Z]     [77/108] Building CXX object lib/flowViewport/CMakeFiles/flowViewport.dir/API/interfacesImp/fvpInformationInterfaceImp.cpp.o
[2023-11-24T21:50:00.360Z]     [78/108] Building CXX object lib/flowViewport/CMakeFiles/flowViewport.dir/sceneIndex/fvpWireframeSelectionHighlightSceneIndex.cpp.o
[2023-11-24T21:50:00.360Z]     [79/108] Building CXX object lib/mayaHydra/hydraExtensions/CMakeFiles/mayaHydraLib.dir/sceneIndex/mayaHydraDefaultLightDataSource.cpp.o
[2023-11-24T21:50:00.901Z]     [80/108] Building CXX object lib/flowViewport/CMakeFiles/flowViewport.dir/sceneIndex/fvpRenderIndexProxy.cpp.o
[2023-11-24T21:50:00.901Z]     [81/108] Building CXX object lib/mayaHydra/hydraExtensions/CMakeFiles/mayaHydraLib.dir/sceneIndex/mayaHydraSceneIndex.cpp.o
[2023-11-24T21:50:00.901Z]     [82/108] Building CXX object lib/flowViewport/CMakeFiles/flowViewport.dir/API/perViewportSceneIndicesData/fvpViewportInformationAndSceneIndicesPerViewportData.cpp.o
[2023-11-24T21:50:00.901Z]     [83/108] Building CXX object lib/flowViewport/CMakeFiles/flowViewport.dir/API/samples/fvpInformationClientExample.cpp.o
[2023-11-24T21:50:01.457Z]     [84/108] Automatic MOC for target adskHydraSceneBrowser
[2023-11-24T21:50:02.000Z]     [85/108] Building CXX object lib/flowViewport/CMakeFiles/flowViewport.dir/selection/fvpSelection.cpp.o
[2023-11-24T21:50:02.554Z]     [86/108] Building CXX object lib/flowViewport/CMakeFiles/flowViewport.dir/API/perViewportSceneIndicesData/fvpViewportInformationAndSceneIndicesPerViewportDataManager.cpp.o
[2023-11-24T21:50:03.096Z]     [87/108] Building CXX object lib/flowViewport/CMakeFiles/flowViewport.dir/selection/fvpSelectionTracker.cpp.o
[2023-11-24T21:50:03.645Z]     [88/108] Building CXX object lib/flowViewport/CMakeFiles/flowViewport.dir/selection/fvpSelectionTask.cpp.o
[2023-11-24T21:50:04.187Z]     [89/108] Building CXX object plugin/mayaHydraSceneBrowserTest/CMakeFiles/mayaHydraSceneBrowserTest.dir/mayaHydraSceneBrowserTestCmd.cpp.o
[2023-11-24T21:50:04.728Z]     [90/108] Linking CXX shared library lib/flowViewport/libflowViewport.so
[2023-11-24T21:50:05.269Z]     [91/108] Building CXX object lib/adskHydraSceneBrowser/lib/CMakeFiles/adskHydraSceneBrowser.dir/src/patch/registeredSceneIndexChooser.cpp.o
[2023-11-24T21:50:05.269Z]     [92/108] Building CXX object lib/adskHydraSceneBrowser/lib/CMakeFiles/adskHydraSceneBrowser.dir/src/patch/sceneIndexObserverLoggingWidget.cpp.o
[2023-11-24T21:50:06.406Z]     [93/108] Building CXX object plugin/mayaHydraSceneBrowser/CMakeFiles/mayaHydraSceneBrowser.dir/mayaHydraSceneBrowser.cpp.o
[2023-11-24T21:50:06.406Z]     [94/108] Building CXX object lib/adskHydraSceneBrowser/lib/CMakeFiles/adskHydraSceneBrowser.dir/src/patch/sceneIndexDebuggerWidget.cpp.o
[2023-11-24T21:50:06.407Z]     [95/108] Building CXX object lib/adskHydraSceneBrowser/lib/CMakeFiles/adskHydraSceneBrowser.dir/src/patch/dataSourceValueTreeView.cpp.o
[2023-11-24T21:50:06.407Z]     [96/108] Building CXX object lib/adskHydraSceneBrowser/lib/CMakeFiles/adskHydraSceneBrowser.dir/src/patch/sceneIndexObserverLoggingTreeView.cpp.o
[2023-11-24T21:50:06.407Z]     [97/108] Building CXX object lib/adskHydraSceneBrowser/lib/CMakeFiles/adskHydraSceneBrowser.dir/adskHydraSceneBrowser_autogen/mocs_compilation.cpp.o
[2023-11-24T21:50:06.407Z]     [98/108] Building CXX object lib/adskHydraSceneBrowser/lib/CMakeFiles/adskHydraSceneBrowser.dir/src/patch/sceneIndexTreeWidget.cpp.o
[2023-11-24T21:50:06.947Z]     [99/108] Building CXX object lib/adskHydraSceneBrowser/test/CMakeFiles/adskHydraSceneBrowserTesting.dir/adskHydraSceneBrowserTesting.cpp.o
[2023-11-24T21:50:06.947Z]     [100/108] Building CXX object lib/adskHydraSceneBrowser/lib/CMakeFiles/adskHydraSceneBrowser.dir/src/patch/dataSourceTreeWidget.cpp.o
[2023-11-24T21:50:06.947Z]     [101/108] Linking CXX shared library lib/mayaHydra/hydraExtensions/libmayaHydraLib.so
[2023-11-24T21:50:08.079Z]     [102/108] Linking CXX shared library lib/adskHydraSceneBrowser/lib/libadskHydraSceneBrowser.so
[2023-11-24T21:50:08.079Z]     [103/108] Linking CXX shared library test/lib/mayaUsd/render/mayaToHydra/cpp/mayaHydraCppTests.so
[2023-11-24T21:50:08.620Z]     [104/108] Linking CXX shared library lib/mayaHydra/mayaPlugin/mayaHydra.so
[2023-11-24T21:50:09.161Z]     [105/108] Linking CXX shared library plugin/mayaHydraSceneBrowser/mayaHydraSceneBrowser.so
[2023-11-24T21:50:09.161Z]     [106/108] Building CXX object lib/adskHydraSceneBrowser/test/CMakeFiles/adskHydraSceneBrowserTesting.dir/adskHydraSceneBrowserTestFixture.cpp.o
[2023-11-24T21:50:10.291Z]     [107/108] Linking CXX shared library lib/adskHydraSceneBrowser/test/libadskHydraSceneBrowserTesting.so
[2023-11-24T21:50:11.423Z]     [108/108] Linking CXX shared library plugin/mayaHydraSceneBrowserTest/mayaHydraSceneBrowserTest.so
[2023-11-24T21:50:11.423Z]     
[2023-11-24T21:50:11.423Z]         Building with settings:
[2023-11-24T21:50:11.423Z]           Source directory          /home/S/jenkins/workspace/ECP/ecg-maya-hydra/ecg-maya-hydra-branch-preflight-python3-linux/ecg-maya-hydra/maya-hydra
[2023-11-24T21:50:11.423Z]           Workspace directory       /local/S/jenkins/workspace/ECP/ecg-maya-hydra/ecg-maya-hydra-branch-preflight-python3-linux
[2023-11-24T21:50:11.423Z]           Build directory           /local/S/jenkins/workspace/ECP/ecg-maya-hydra/ecg-maya-hydra-branch-preflight-python3-linux/build/Debug
[2023-11-24T21:50:11.423Z]           Install directory         /local/S/jenkins/workspace/ECP/ecg-maya-hydra/ecg-maya-hydra-branch-preflight-python3-linux/install/Debug/MayaHydra
[2023-11-24T21:50:11.423Z]           Variant                   Debug
[2023-11-24T21:50:11.423Z]           Python Debug              On
[2023-11-24T21:50:11.423Z]           CMake generator           Ninja
[2023-11-24T21:50:11.423Z]           Build arguments           ['-DCMAKE_MAKE_PROGRAM=/local/S/jenkins/workspace/shared/Artifactory/Linux/ninja/1.10.2/9ab399b/ninja', '-DPYTHON_INCLUDE_DIR=/local/S/jenkins/workspace/shared/Artifactory/Linux/rundev-master-debug/202311231351/runtime/57a60b2/runTime/include/Python311/Python', '-DPython_EXECUTABLE=/local/S/jenkins/workspace/shared/Artifactory/Linux/rundev-master-debug/202311231351/runtime/57a60b2/runTime/bin/mayapy', '-DPYTHON_LIBRARIES=/local/S/jenkins/workspace/shared/Artifactory/Linux/rundev-master-debug/202311231351/runtime/57a60b2/runTime/lib/libpython3.11d.so.1.0', '-DBUILD_WITH_PYTHON_3_VERSION=3.11', '-DCMAKE_WANT_MATERIALX_BUILD=ON', '-DCMAKE_PREFIX_PATH=/local/S/jenkins/workspace/shared/Artifactory/Linux/USD/e5ad5df', '-DMAYAHYDRA_BUILD_NUMBER=417', '-DMAYAHYDRA_GIT_COMMIT=4017b60e64efccb8ee1392a05724c36ef63d630a', '-DMAYAHYDRA_GIT_BRANCH=master']
[2023-11-24T21:50:11.423Z]           Stages arguments          ['build']
[2023-11-24T21:50:11.423Z]           CTest arguments           ['--parallel 16']
[2023-11-24T21:50:11.423Z]     Success MayaHydra build and install !!!!
[2023-11-24T21:50:11.423Z]     Elapsed time: 00:00:33
[Pipeline] sh
[2023-11-24T21:50:12.825Z] + scl enable gcc-toolset-11 -
[2023-11-24T21:50:12.825Z] + '[' enable = load -o enable = unload ']'
[2023-11-24T21:50:12.825Z] + /usr/bin/scl enable gcc-toolset-11 -
[2023-11-24T21:50:12.825Z] python ecg-maya-hydra/build.py --stages=build --workspace-dir=/local/S/jenkins/workspace/ECP/ecg-maya-hydra/ecg-maya-hydra-branch-preflight-python3-linux --artifactory-dir=/local/S/jenkins/workspace/shared/Artifactory --build-dir=/local/S/jenkins/workspace/ECP/ecg-maya-hydra/ecg-maya-hydra-branch-preflight-python3-linux/build --install-dir=/local/S/jenkins/workspace/ECP/ecg-maya-hydra/ecg-maya-hydra-branch-preflight-python3-linux/install --signing-dir=/local/S/jenkins/workspace/ECP/ecg-maya-hydra/ecg-maya-hydra-branch-preflight-python3-linux/signing --package-dir=/local/S/jenkins/workspace/ECP/ecg-maya-hydra/ecg-maya-hydra-branch-preflight-python3-linux/package --output-dir=/local/S/jenkins/workspace/ECP/ecg-maya-hydra/ecg-maya-hydra-branch-preflight-python3-linux/output --stash-dir=/local/S/jenkins/workspace/ECP/ecg-maya-hydra/ecg-maya-hydra-branch-preflight-python3-linux/stash --jenkins-build=417 --git-commit=4017b60e64efccb8ee1392a05724c36ef63d630a --git-branch=master --variants=RelWithDebInfo --interactive-tests=true --post-zips=false --osx-binary-architecture-target=ub2 --osx-deployment-target=11.0 --osx-base-sdk=CurrentActiveSDK --build-retry=3 --maya-cut-config=maya-rundev-master.yaml --maya-package=rundev-master --stage-banner
[2023-11-24T21:50:12.825Z] Using Maya cut from /local/S/jenkins/workspace/shared/Artifactory/Linux/rundev-master/202311231351/runtime/3705c87
[2023-11-24T21:50:12.825Z] 
[2023-11-24T21:50:12.825Z] ================================================================================
[2023-11-24T21:50:12.825Z]                              build (RelWithDebInfo)
[2023-11-24T21:50:12.825Z] ================================================================================
[2023-11-24T21:50:12.825Z] Maya Python RelWithDebInfo Info:
[2023-11-24T21:50:12.825Z]   mayapy executable   = /local/S/jenkins/workspace/shared/Artifactory/Linux/rundev-master/202311231351/runtime/3705c87/runTime/bin/mayapy
[2023-11-24T21:50:12.826Z]   Include Folder      = /local/S/jenkins/workspace/shared/Artifactory/Linux/rundev-master/202311231351/runtime/3705c87/runTime/include/Python311/Python
[2023-11-24T21:50:12.826Z]   Library             = /local/S/jenkins/workspace/shared/Artifactory/Linux/rundev-master/202311231351/runtime/3705c87/runTime/lib/libpython3.11.so.1.0
[2023-11-24T21:50:12.826Z]   site-package Folder = /local/S/jenkins/workspace/shared/Artifactory/Linux/rundev-master/202311231351/runtime/3705c87/runTime/lib/python3.11/site-packages
[2023-11-24T21:50:13.401Z] In workdir: /home/S/jenkins/workspace/ECP/ecg-maya-hydra/ecg-maya-hydra-branch-preflight-python3-linux/ecg-maya-hydra/maya-hydra
[2023-11-24T21:50:13.401Z] Executing: /local/S/jenkins/workspace/shared/Artifactory/Linux/rundev-master/202311231351/runtime/3705c87/runTime/bin/mayapy /home/S/jenkins/workspace/ECP/ecg-maya-hydra/ecg-maya-hydra-branch-preflight-python3-linux/ecg-maya-hydra/maya-hydra/build.py --generator Ninja --build-relwithdebug --maya-location /local/S/jenkins/workspace/shared/Artifactory/Linux/rundev-master/202311231351/runtime/3705c87/runTime --devkit-location /local/S/jenkins/workspace/shared/Artifactory/Linux/rundev-master/202311231351/runtime/3705c87/devkitBase --pxrusd-location /local/S/jenkins/workspace/shared/Artifactory/Linux/USD/1a43c47 --build-args=-DCMAKE_MAKE_PROGRAM=/local/S/jenkins/workspace/shared/Artifactory/Linux/ninja/1.10.2/9ab399b/ninja,-DPYTHON_INCLUDE_DIR=/local/S/jenkins/workspace/shared/Artifactory/Linux/rundev-master/202311231351/runtime/3705c87/runTime/include/Python311/Python,-DPython_EXECUTABLE=/local/S/jenkins/workspace/shared/Artifactory/Linux/rundev-master/202311231351/runtime/3705c87/runTime/bin/mayapy,-DPYTHON_LIBRARIES=/local/S/jenkins/workspace/shared/Artifactory/Linux/rundev-master/202311231351/runtime/3705c87/runTime/lib/libpython3.11.so.1.0,-DBUILD_WITH_PYTHON_3_VERSION=3.11,-DCMAKE_WANT_MATERIALX_BUILD=ON,-DCMAKE_PREFIX_PATH=/local/S/jenkins/workspace/shared/Artifactory/Linux/USD/1a43c47,-DMAYAHYDRA_BUILD_NUMBER=417,-DMAYAHYDRA_GIT_COMMIT=4017b60e64efccb8ee1392a05724c36ef63d630a,-DMAYAHYDRA_GIT_BRANCH=master '--ctest-args=--parallel 16' --stages=build --redirect-outstream-file=False --install-location /local/S/jenkins/workspace/ECP/ecg-maya-hydra/ecg-maya-hydra-branch-preflight-python3-linux/install/RelWithDebInfo/MayaHydra /local/S/jenkins/workspace/ECP/ecg-maya-hydra/ecg-maya-hydra-branch-preflight-python3-linux
[2023-11-24T21:50:13.401Z] Modified environment variables:
[2023-11-24T21:50:13.401Z]     LD_LIBRARY_PATH=/opt/rh/gcc-toolset-11/root/usr/lib64:/opt/rh/gcc-toolset-11/root/usr/lib64:/opt/rh/gcc-toolset-11/root/usr/lib:/opt/rh/gcc-toolset-11/root/usr/lib64/dyninst:/opt/rh/gcc-toolset-11/root/usr/lib/dyninst
[2023-11-24T21:50:13.401Z]     PATH=/local/S/jenkins/workspace/shared/Artifactory/Linux/cmake/3.20.3/ab685d7/bin:/opt/rh/gcc-toolset-11/root/usr/bin:/home/administrator/.local/bin:/home/administrator/bin:/usr/share/Modules/bin:/usr/local/bin:/usr/local/sbin:/usr/bin:/usr/sbin
[2023-11-24T21:50:14.551Z]     [1/108] Building CXX object lib/mayaHydra/mayaPlugin/CMakeFiles/mayaHydra.dir/tokens.cpp.o
[2023-11-24T21:50:14.551Z]     [2/108] Building CXX object lib/mayaHydra/mayaPlugin/CMakeFiles/mayaHydra.dir/colorNotFoundException.cpp.o
[2023-11-24T21:50:14.551Z]     [3/108] Building CXX object test/lib/mayaUsd/render/mayaToHydra/cpp/CMakeFiles/mayaHydraCppTests.dir/mayaHydraCppTestsCmd.cpp.o
[2023-11-24T21:50:14.551Z]     [4/108] Building CXX object test/lib/mayaUsd/render/mayaToHydra/cpp/CMakeFiles/mayaHydraCppTests.dir/testCppFramework.cpp.o
[2023-11-24T21:50:15.099Z]     [5/108] Building CXX object lib/mayaHydra/mayaPlugin/CMakeFiles/mayaHydra.dir/mayaColorPreferencesTranslator.cpp.o
[2023-11-24T21:50:15.656Z]     [6/108] Building CXX object lib/mayaHydra/mayaPlugin/CMakeFiles/mayaHydra.dir/pluginDebugCodes.cpp.o
[2023-11-24T21:50:15.656Z]     [7/108] Building CXX object lib/mayaHydra/hydraExtensions/CMakeFiles/mayaHydraLib.dir/mayaUtils.cpp.o
[2023-11-24T21:50:15.656Z]     [8/108] Building CXX object lib/mayaHydra/hydraExtensions/CMakeFiles/mayaHydraLib.dir/mhBuildInfo.cpp.o
[2023-11-24T21:50:16.820Z]     [9/108] Building CXX object test/lib/mayaUsd/render/mayaToHydra/cpp/CMakeFiles/mayaHydraCppTests.dir/testColorPreferences.cpp.o
[2023-11-24T21:50:17.373Z]     [10/108] Building CXX object test/lib/mayaUsd/render/mayaToHydra/cpp/CMakeFiles/mayaHydraCppTests.dir/testMayaUsdUfeItems.cpp.o
[2023-11-24T21:50:17.924Z]     [11/108] Building CXX object test/lib/mayaUsd/render/mayaToHydra/cpp/CMakeFiles/mayaHydraCppTests.dir/testMayaSceneFlattening.cpp.o
[2023-11-24T21:50:17.924Z]     [12/108] Building CXX object lib/mayaHydra/hydraExtensions/CMakeFiles/mayaHydraLib.dir/debugCodes.cpp.o
[2023-11-24T21:50:17.924Z]     [13/108] Building CXX object test/lib/mayaUsd/render/mayaToHydra/cpp/CMakeFiles/mayaHydraCppTests.dir/testUtils.cpp.o
[2023-11-24T21:50:17.924Z]     [14/108] Building CXX object test/lib/mayaUsd/render/mayaToHydra/cpp/CMakeFiles/mayaHydraCppTests.dir/testFvpViewportInformationRendererSwitching.cpp.o
[2023-11-24T21:50:18.692Z]     [15/108] Building CXX object test/lib/mayaUsd/render/mayaToHydra/cpp/CMakeFiles/mayaHydraCppTests.dir/testFvpViewportInformationMultipleViewports.cpp.o
[2023-11-24T21:50:18.692Z]     [16/108] Building CXX object lib/mayaHydra/hydraExtensions/CMakeFiles/mayaHydraLib.dir/mayaHydraLibInterfaceImp.cpp.o
[2023-11-24T21:50:18.692Z]     [17/108] Building CXX object test/lib/mayaUsd/render/mayaToHydra/cpp/CMakeFiles/mayaHydraCppTests.dir/testMeshAdapterTransform.cpp.o
[2023-11-24T21:50:19.250Z]     [18/108] Building CXX object lib/mayaHydra/hydraExtensions/CMakeFiles/mayaHydraLib.dir/adapters/adapterDebugCodes.cpp.o
[2023-11-24T21:50:19.815Z]     [19/108] Building CXX object test/lib/mayaUsd/render/mayaToHydra/cpp/CMakeFiles/mayaHydraCppTests.dir/testSelectionSceneIndex.cpp.o
[2023-11-24T21:50:19.815Z]     [20/108] Building CXX object test/lib/mayaUsd/render/mayaToHydra/cpp/CMakeFiles/mayaHydraCppTests.dir/testWireframeSelectionHighlightSceneIndex.cpp.o
[2023-11-24T21:50:19.815Z]     [21/108] Building CXX object lib/mayaHydra/mayaPlugin/CMakeFiles/mayaHydra.dir/plugin.cpp.o
[2023-11-24T21:50:20.379Z]     [22/108] Building CXX object lib/mayaHydra/mayaPlugin/CMakeFiles/mayaHydra.dir/pluginUtils.cpp.o
[2023-11-24T21:50:20.955Z]     [23/108] Building CXX object lib/mayaHydra/hydraExtensions/CMakeFiles/mayaHydraLib.dir/mixedUtils.cpp.o
[2023-11-24T21:50:21.516Z]     [24/108] Building CXX object lib/mayaHydra/hydraExtensions/CMakeFiles/mayaHydraLib.dir/hydraUtils.cpp.o
[2023-11-24T21:50:22.060Z]     [25/108] Building CXX object test/lib/mayaUsd/render/mayaToHydra/cpp/CMakeFiles/mayaHydraCppTests.dir/testMergingSceneIndex.cpp.o
[2023-11-24T21:50:22.060Z]     [26/108] Building CXX object lib/mayaHydra/mayaPlugin/CMakeFiles/mayaHydra.dir/viewCommand.cpp.o
[2023-11-24T21:50:22.615Z]     [27/108] Building CXX object lib/mayaHydra/hydraExtensions/CMakeFiles/mayaHydraLib.dir/adapters/mayaAttrs.cpp.o
[2023-11-24T21:50:24.556Z]     [28/108] Building CXX object lib/mayaHydra/hydraExtensions/CMakeFiles/mayaHydraLib.dir/adapters/adapter.cpp.o
[2023-11-24T21:50:25.123Z]     [29/108] Building CXX object lib/mayaHydra/mayaPlugin/CMakeFiles/mayaHydra.dir/renderOverride.cpp.o
[2023-11-24T21:50:25.123Z]     [30/108] Building CXX object lib/mayaHydra/hydraExtensions/CMakeFiles/mayaHydraLib.dir/adapters/areaLightAdapter.cpp.o
[2023-11-24T21:50:25.742Z]     [31/108] Building CXX object lib/mayaHydra/hydraExtensions/CMakeFiles/mayaHydraLib.dir/adapters/adapterRegistry.cpp.o
[2023-11-24T21:50:25.742Z]     [32/108] Building CXX object lib/mayaHydra/mayaPlugin/CMakeFiles/mayaHydra.dir/renderGlobals.cpp.o
[2023-11-24T21:50:26.288Z]     [33/108] Building CXX object lib/mayaHydra/hydraExtensions/CMakeFiles/mayaHydraLib.dir/adapters/cameraAdapter.cpp.o
[2023-11-24T21:50:26.288Z]     [34/108] Building CXX object lib/mayaHydra/hydraExtensions/CMakeFiles/mayaHydraLib.dir/adapters/dagAdapter.cpp.o
[2023-11-24T21:50:26.835Z]     [35/108] Building CXX object lib/mayaHydra/hydraExtensions/CMakeFiles/mayaHydraLib.dir/adapters/aiSkydomeLightAdapter.cpp.o
[2023-11-24T21:50:26.835Z]     [36/108] Building CXX object lib/mayaHydra/hydraExtensions/CMakeFiles/mayaHydraLib.dir/adapters/directionalLightAdapter.cpp.o
[2023-11-24T21:50:26.835Z]     [37/108] Building CXX object lib/mayaHydra/hydraExtensions/CMakeFiles/mayaHydraLib.dir/adapters/tokens.cpp.o
[2023-11-24T21:50:27.391Z]     [38/108] Building CXX object lib/mayaHydra/hydraExtensions/CMakeFiles/mayaHydraLib.dir/adapters/lightAdapter.cpp.o
[2023-11-24T21:50:27.937Z]     [39/108] Building CXX object lib/mayaHydra/hydraExtensions/CMakeFiles/mayaHydraLib.dir/delegates/delegateDebugCodes.cpp.o
[2023-11-24T21:50:27.937Z]     [40/108] Building CXX object lib/mayaHydra/hydraExtensions/CMakeFiles/mayaHydraLib.dir/mayaHydraSceneProducer.cpp.o
[2023-11-24T21:50:28.482Z]     [41/108] Building CXX object lib/mayaHydra/hydraExtensions/CMakeFiles/mayaHydraLib.dir/adapters/renderItemAdapter.cpp.o
[2023-11-24T21:50:29.033Z]     [42/108] Building CXX object lib/mayaHydra/hydraExtensions/CMakeFiles/mayaHydraLib.dir/adapters/materialAdapter.cpp.o
[2023-11-24T21:50:30.174Z]     [43/108] Building CXX object lib/mayaHydra/hydraExtensions/CMakeFiles/mayaHydraLib.dir/adapters/nurbsCurveAdapter.cpp.o
[2023-11-24T21:50:30.174Z]     [44/108] Building CXX object lib/mayaHydra/hydraExtensions/CMakeFiles/mayaHydraLib.dir/adapters/meshAdapter.cpp.o
[2023-11-24T21:50:30.719Z]     [45/108] Building CXX object lib/mayaHydra/hydraExtensions/CMakeFiles/mayaHydraLib.dir/delegates/delegate.cpp.o
[2023-11-24T21:50:31.264Z]     [46/108] Building CXX object lib/mayaHydra/hydraExtensions/CMakeFiles/mayaHydraLib.dir/adapters/shapeAdapter.cpp.o
[2023-11-24T21:50:31.264Z]     [47/108] Building CXX object lib/mayaHydra/hydraExtensions/CMakeFiles/mayaHydraLib.dir/adapters/pointLightAdapter.cpp.o
[2023-11-24T21:50:31.264Z]     [48/108] Building CXX object lib/mayaHydra/hydraExtensions/CMakeFiles/mayaHydraLib.dir/adapters/materialNetworkConverter.cpp.o
[2023-11-24T21:50:32.411Z]     [49/108] Building CXX object lib/mayaHydra/hydraExtensions/CMakeFiles/mayaHydraLib.dir/delegates/delegateCtx.cpp.o
[2023-11-24T21:50:32.411Z]     [50/108] Building CXX object lib/mayaHydra/hydraExtensions/CMakeFiles/mayaHydraLib.dir/adapters/spotLightAdapter.cpp.o
[2023-11-24T21:50:32.411Z]     [51/108] Building CXX object lib/flowViewport/CMakeFiles/flowViewport.dir/debugCodes.cpp.o
[2023-11-24T21:50:32.411Z]     [52/108] Building CXX object lib/mayaHydra/ufeExtensions/CMakeFiles/ufeExtensions.dir/Global.cpp.o
[2023-11-24T21:50:32.958Z]     [53/108] Building CXX object lib/mayaHydra/hydraExtensions/CMakeFiles/mayaHydraLib.dir/delegates/delegateRegistry.cpp.o
[2023-11-24T21:50:32.958Z]     [54/108] Building CXX object lib/flowViewport/CMakeFiles/flowViewport.dir/global.cpp.o
[2023-11-24T21:50:32.958Z]     [55/108] Linking CXX shared library lib/mayaHydra/ufeExtensions/libufeExtensions.so
[2023-11-24T21:50:32.958Z]     [56/108] Building CXX object lib/flowViewport/CMakeFiles/flowViewport.dir/tokens.cpp.o
[2023-11-24T21:50:33.515Z]     [57/108] Building CXX object lib/flowViewport/CMakeFiles/flowViewport.dir/colorPreferences/fvpColorChanged.cpp.o
[2023-11-24T21:50:33.515Z]     [58/108] Building CXX object lib/flowViewport/CMakeFiles/flowViewport.dir/sceneIndex/fvpPathInterface.cpp.o
[2023-11-24T21:50:33.515Z]     [59/108] Building CXX object lib/mayaHydra/hydraExtensions/CMakeFiles/mayaHydraLib.dir/sceneIndex/registration.cpp.o
[2023-11-24T21:50:33.515Z]     [60/108] Building CXX object lib/flowViewport/CMakeFiles/flowViewport.dir/colorPreferences/fvpColorPreferences.cpp.o
[2023-11-24T21:50:33.515Z]     [61/108] Building CXX object lib/flowViewport/CMakeFiles/flowViewport.dir/colorPreferences/fvpColorPreferencesTokens.cpp.o
[2023-11-24T21:50:35.317Z]     [62/108] Building CXX object lib/flowViewport/CMakeFiles/flowViewport.dir/API/interfacesImp/fvpSelectionInterfaceImp.cpp.o
[2023-11-24T21:50:35.317Z]     [63/108] Building CXX object lib/flowViewport/CMakeFiles/flowViewport.dir/API/interfacesImp/fvpVersionInterfaceImp.cpp.o
[2023-11-24T21:50:35.317Z]     [64/108] Building CXX object lib/mayaHydra/hydraExtensions/CMakeFiles/mayaHydraLib.dir/sceneIndex/mayaHydraPrimvarDataSource.cpp.o
[2023-11-24T21:50:35.883Z]     [65/108] Building CXX object lib/flowViewport/CMakeFiles/flowViewport.dir/sceneIndex/fvpPathInterfaceSceneIndex.cpp.o
[2023-11-24T21:50:36.429Z]     [66/108] Building CXX object lib/flowViewport/CMakeFiles/flowViewport.dir/sceneIndex/fvpMergingSceneIndex.cpp.o
[2023-11-24T21:50:36.429Z]     [67/108] Building CXX object lib/flowViewport/CMakeFiles/flowViewport.dir/API/samples/fvpSelectionClientExample.cpp.o
[2023-11-24T21:50:36.429Z]     [68/108] Building CXX object lib/mayaHydra/hydraExtensions/CMakeFiles/mayaHydraLib.dir/sceneIndex/mayaHydraLightDataSource.cpp.o
[2023-11-24T21:50:36.987Z]     [69/108] Building CXX object lib/mayaHydra/hydraExtensions/CMakeFiles/mayaHydraLib.dir/sceneIndex/mayaHydraCameraDataSource.cpp.o
[2023-11-24T21:50:36.987Z]     [70/108] Building CXX object lib/mayaHydra/hydraExtensions/CMakeFiles/mayaHydraLib.dir/delegates/testDelegate.cpp.o
[2023-11-24T21:50:36.987Z]     [71/108] Building CXX object lib/mayaHydra/hydraExtensions/CMakeFiles/mayaHydraLib.dir/delegates/defaultLightDelegate.cpp.o
[2023-11-24T21:50:36.987Z]     [72/108] Building CXX object lib/flowViewport/CMakeFiles/flowViewport.dir/selection/fvpSelectionFwd.cpp.o
[2023-11-24T21:50:37.547Z]     [73/108] Building CXX object lib/mayaHydra/hydraExtensions/CMakeFiles/mayaHydraLib.dir/sceneIndex/mayaHydraDisplayStyleDataSource.cpp.o
[2023-11-24T21:50:37.547Z]     [74/108] Building CXX object lib/flowViewport/CMakeFiles/flowViewport.dir/sceneIndex/fvpRenderIndexProxy.cpp.o
[2023-11-24T21:50:37.547Z]     [75/108] Building CXX object lib/flowViewport/CMakeFiles/flowViewport.dir/sceneIndex/fvpSelectionSceneIndex.cpp.o
[2023-11-24T21:50:37.547Z]     [76/108] Building CXX object lib/mayaHydra/hydraExtensions/CMakeFiles/mayaHydraLib.dir/delegates/sceneDelegate.cpp.o
[2023-11-24T21:50:38.148Z]     [77/108] Building CXX object lib/flowViewport/CMakeFiles/flowViewport.dir/API/interfacesImp/fvpInformationInterfaceImp.cpp.o
[2023-11-24T21:50:38.148Z]     [78/108] Building CXX object lib/flowViewport/CMakeFiles/flowViewport.dir/sceneIndex/fvpWireframeSelectionHighlightSceneIndex.cpp.o
[2023-11-24T21:50:38.694Z]     [79/108] Building CXX object lib/flowViewport/CMakeFiles/flowViewport.dir/API/samples/fvpInformationClientExample.cpp.o
[2023-11-24T21:50:38.694Z]     [80/108] Building CXX object lib/mayaHydra/hydraExtensions/CMakeFiles/mayaHydraLib.dir/sceneIndex/mayaHydraDataSource.cpp.o
[2023-11-24T21:50:38.694Z]     [81/108] Building CXX object lib/mayaHydra/hydraExtensions/CMakeFiles/mayaHydraLib.dir/sceneIndex/mayaHydraDefaultLightDataSource.cpp.o
[2023-11-24T21:50:38.694Z]     [82/108] Building CXX object lib/flowViewport/CMakeFiles/flowViewport.dir/API/perViewportSceneIndicesData/fvpViewportInformationAndSceneIndicesPerViewportData.cpp.o
[2023-11-24T21:50:39.256Z]     [83/108] Automatic MOC for target adskHydraSceneBrowser
[2023-11-24T21:50:39.828Z]     [84/108] Building CXX object lib/mayaHydra/hydraExtensions/CMakeFiles/mayaHydraLib.dir/sceneIndex/mayaHydraSceneIndex.cpp.o
[2023-11-24T21:50:40.443Z]     [85/108] Building CXX object lib/flowViewport/CMakeFiles/flowViewport.dir/selection/fvpSelection.cpp.o
[2023-11-24T21:50:40.987Z]     [86/108] Building CXX object lib/flowViewport/CMakeFiles/flowViewport.dir/API/perViewportSceneIndicesData/fvpViewportInformationAndSceneIndicesPerViewportDataManager.cpp.o
[2023-11-24T21:50:40.987Z]     [87/108] Building CXX object lib/flowViewport/CMakeFiles/flowViewport.dir/selection/fvpSelectionTracker.cpp.o
[2023-11-24T21:50:41.537Z]     [88/108] Building CXX object lib/flowViewport/CMakeFiles/flowViewport.dir/selection/fvpSelectionTask.cpp.o
[2023-11-24T21:50:42.079Z]     [89/108] Linking CXX shared library lib/flowViewport/libflowViewport.so
[2023-11-24T21:50:42.621Z]     [90/108] Building CXX object plugin/mayaHydraSceneBrowserTest/CMakeFiles/mayaHydraSceneBrowserTest.dir/mayaHydraSceneBrowserTestCmd.cpp.o
[2023-11-24T21:50:43.164Z]     [91/108] Building CXX object lib/adskHydraSceneBrowser/lib/CMakeFiles/adskHydraSceneBrowser.dir/src/patch/registeredSceneIndexChooser.cpp.o
[2023-11-24T21:50:43.164Z]     [92/108] Building CXX object lib/adskHydraSceneBrowser/lib/CMakeFiles/adskHydraSceneBrowser.dir/src/patch/sceneIndexObserverLoggingWidget.cpp.o
[2023-11-24T21:50:43.164Z]     [93/108] Linking CXX shared library lib/mayaHydra/hydraExtensions/libmayaHydraLib.so
[2023-11-24T21:50:43.708Z]     [94/108] Building CXX object plugin/mayaHydraSceneBrowser/CMakeFiles/mayaHydraSceneBrowser.dir/mayaHydraSceneBrowser.cpp.o
[2023-11-24T21:50:43.708Z]     [95/108] Linking CXX shared library test/lib/mayaUsd/render/mayaToHydra/cpp/mayaHydraCppTests.so
[2023-11-24T21:50:43.708Z]     [96/108] Linking CXX shared library lib/mayaHydra/mayaPlugin/mayaHydra.so
[2023-11-24T21:50:44.249Z]     [97/108] Building CXX object lib/adskHydraSceneBrowser/lib/CMakeFiles/adskHydraSceneBrowser.dir/src/patch/sceneIndexObserverLoggingTreeView.cpp.o
[2023-11-24T21:50:44.249Z]     [98/108] Building CXX object lib/adskHydraSceneBrowser/lib/CMakeFiles/adskHydraSceneBrowser.dir/src/patch/sceneIndexDebuggerWidget.cpp.o
[2023-11-24T21:50:44.249Z]     [99/108] Building CXX object lib/adskHydraSceneBrowser/lib/CMakeFiles/adskHydraSceneBrowser.dir/adskHydraSceneBrowser_autogen/mocs_compilation.cpp.o
[2023-11-24T21:50:44.249Z]     [100/108] Building CXX object lib/adskHydraSceneBrowser/test/CMakeFiles/adskHydraSceneBrowserTesting.dir/adskHydraSceneBrowserTesting.cpp.o
[2023-11-24T21:50:44.791Z]     [101/108] Building CXX object lib/adskHydraSceneBrowser/lib/CMakeFiles/adskHydraSceneBrowser.dir/src/patch/dataSourceValueTreeView.cpp.o
[2023-11-24T21:50:44.791Z]     [102/108] Building CXX object lib/adskHydraSceneBrowser/lib/CMakeFiles/adskHydraSceneBrowser.dir/src/patch/sceneIndexTreeWidget.cpp.o
[2023-11-24T21:50:45.331Z]     [103/108] Building CXX object lib/adskHydraSceneBrowser/lib/CMakeFiles/adskHydraSceneBrowser.dir/src/patch/dataSourceTreeWidget.cpp.o
[2023-11-24T21:50:45.872Z]     [104/108] Linking CXX shared library lib/adskHydraSceneBrowser/lib/libadskHydraSceneBrowser.so
[2023-11-24T21:50:46.413Z]     [105/108] Linking CXX shared library plugin/mayaHydraSceneBrowser/mayaHydraSceneBrowser.so
[2023-11-24T21:50:50.648Z]     [106/108] Building CXX object lib/adskHydraSceneBrowser/test/CMakeFiles/adskHydraSceneBrowserTesting.dir/adskHydraSceneBrowserTestFixture.cpp.o
[2023-11-24T21:50:50.648Z]     [107/108] Linking CXX shared library lib/adskHydraSceneBrowser/test/libadskHydraSceneBrowserTesting.so
[2023-11-24T21:50:51.188Z]     [108/108] Linking CXX shared library plugin/mayaHydraSceneBrowserTest/mayaHydraSceneBrowserTest.so
[2023-11-24T21:50:51.188Z]     
[2023-11-24T21:50:51.188Z]         Building with settings:
[2023-11-24T21:50:51.188Z]           Source directory          /home/S/jenkins/workspace/ECP/ecg-maya-hydra/ecg-maya-hydra-branch-preflight-python3-linux/ecg-maya-hydra/maya-hydra
[2023-11-24T21:50:51.188Z]           Workspace directory       /local/S/jenkins/workspace/ECP/ecg-maya-hydra/ecg-maya-hydra-branch-preflight-python3-linux
[2023-11-24T21:50:51.188Z]           Build directory           /local/S/jenkins/workspace/ECP/ecg-maya-hydra/ecg-maya-hydra-branch-preflight-python3-linux/build/RelWithDebInfo
[2023-11-24T21:50:51.188Z]           Install directory         /local/S/jenkins/workspace/ECP/ecg-maya-hydra/ecg-maya-hydra-branch-preflight-python3-linux/install/RelWithDebInfo/MayaHydra
[2023-11-24T21:50:51.188Z]           Variant                   RelWithDebInfo
[2023-11-24T21:50:51.188Z]           Python Debug              Off
[2023-11-24T21:50:51.188Z]           CMake generator           Ninja
[2023-11-24T21:50:51.188Z]           Build arguments           ['-DCMAKE_MAKE_PROGRAM=/local/S/jenkins/workspace/shared/Artifactory/Linux/ninja/1.10.2/9ab399b/ninja', '-DPYTHON_INCLUDE_DIR=/local/S/jenkins/workspace/shared/Artifactory/Linux/rundev-master/202311231351/runtime/3705c87/runTime/include/Python311/Python', '-DPython_EXECUTABLE=/local/S/jenkins/workspace/shared/Artifactory/Linux/rundev-master/202311231351/runtime/3705c87/runTime/bin/mayapy', '-DPYTHON_LIBRARIES=/local/S/jenkins/workspace/shared/Artifactory/Linux/rundev-master/202311231351/runtime/3705c87/runTime/lib/libpython3.11.so.1.0', '-DBUILD_WITH_PYTHON_3_VERSION=3.11', '-DCMAKE_WANT_MATERIALX_BUILD=ON', '-DCMAKE_PREFIX_PATH=/local/S/jenkins/workspace/shared/Artifactory/Linux/USD/1a43c47', '-DMAYAHYDRA_BUILD_NUMBER=417', '-DMAYAHYDRA_GIT_COMMIT=4017b60e64efccb8ee1392a05724c36ef63d630a', '-DMAYAHYDRA_GIT_BRANCH=master']
[2023-11-24T21:50:51.188Z]           Stages arguments          ['build']
[2023-11-24T21:50:51.188Z]           CTest arguments           ['--parallel 16']
[2023-11-24T21:50:51.188Z]     Success MayaHydra build and install !!!!
[2023-11-24T21:50:51.188Z]     Elapsed time: 00:00:37
[Pipeline] }
[Pipeline] // withEnv
[Pipeline] }
[Pipeline] // timeout
[Pipeline] }
[Pipeline] // stage
[Pipeline] }
[Pipeline] // timestamps
[Pipeline] timestamps
[Pipeline] {
[Pipeline] stage
[Pipeline] { (Install)
[Pipeline] timeout
[2023-11-24T21:50:51.543Z] Timeout set to expire in 6 hr 0 min
[Pipeline] {
[Pipeline] withEnv
[Pipeline] {
[Pipeline] sh
[2023-11-24T21:50:52.659Z] + scl enable gcc-toolset-11 -
[2023-11-24T21:50:52.659Z] + '[' enable = load -o enable = unload ']'
[2023-11-24T21:50:52.659Z] + /usr/bin/scl enable gcc-toolset-11 -
[2023-11-24T21:50:52.659Z] python ecg-maya-hydra/build.py --stages=install --workspace-dir=/local/S/jenkins/workspace/ECP/ecg-maya-hydra/ecg-maya-hydra-branch-preflight-python3-linux --artifactory-dir=/local/S/jenkins/workspace/shared/Artifactory --build-dir=/local/S/jenkins/workspace/ECP/ecg-maya-hydra/ecg-maya-hydra-branch-preflight-python3-linux/build --install-dir=/local/S/jenkins/workspace/ECP/ecg-maya-hydra/ecg-maya-hydra-branch-preflight-python3-linux/install --signing-dir=/local/S/jenkins/workspace/ECP/ecg-maya-hydra/ecg-maya-hydra-branch-preflight-python3-linux/signing --package-dir=/local/S/jenkins/workspace/ECP/ecg-maya-hydra/ecg-maya-hydra-branch-preflight-python3-linux/package --output-dir=/local/S/jenkins/workspace/ECP/ecg-maya-hydra/ecg-maya-hydra-branch-preflight-python3-linux/output --stash-dir=/local/S/jenkins/workspace/ECP/ecg-maya-hydra/ecg-maya-hydra-branch-preflight-python3-linux/stash --jenkins-build=417 --git-commit=4017b60e64efccb8ee1392a05724c36ef63d630a --git-branch=master --variants=Debug --interactive-tests=true --post-zips=false --osx-binary-architecture-target=ub2 --osx-deployment-target=11.0 --osx-base-sdk=CurrentActiveSDK --maya-cut-config=maya-rundev-master-debug.yaml --maya-package=rundev-master-debug --stage-banner
[2023-11-24T21:50:52.659Z] Using Maya cut from /local/S/jenkins/workspace/shared/Artifactory/Linux/rundev-master-debug/202311231351/runtime/57a60b2
[2023-11-24T21:50:52.659Z] 
[2023-11-24T21:50:52.659Z] ================================================================================
[2023-11-24T21:50:52.659Z]                                 install (Debug)
[2023-11-24T21:50:52.659Z] ================================================================================
[2023-11-24T21:50:52.659Z] Maya Python Debug Info:
[2023-11-24T21:50:52.659Z]   mayapy executable   = /local/S/jenkins/workspace/shared/Artifactory/Linux/rundev-master-debug/202311231351/runtime/57a60b2/runTime/bin/mayapy
[2023-11-24T21:50:52.659Z]   Include Folder      = /local/S/jenkins/workspace/shared/Artifactory/Linux/rundev-master-debug/202311231351/runtime/57a60b2/runTime/include/Python311/Python
[2023-11-24T21:50:52.659Z]   Library             = /local/S/jenkins/workspace/shared/Artifactory/Linux/rundev-master-debug/202311231351/runtime/57a60b2/runTime/lib/libpython3.11d.so.1.0
[2023-11-24T21:50:52.659Z]   site-package Folder = /local/S/jenkins/workspace/shared/Artifactory/Linux/rundev-master-debug/202311231351/runtime/57a60b2/runTime/lib/python3.11/site-packages
[2023-11-24T21:50:53.794Z] In workdir: /home/S/jenkins/workspace/ECP/ecg-maya-hydra/ecg-maya-hydra-branch-preflight-python3-linux/ecg-maya-hydra/maya-hydra
[2023-11-24T21:50:53.794Z] Executing: /local/S/jenkins/workspace/shared/Artifactory/Linux/rundev-master-debug/202311231351/runtime/57a60b2/runTime/bin/mayapy /home/S/jenkins/workspace/ECP/ecg-maya-hydra/ecg-maya-hydra-branch-preflight-python3-linux/ecg-maya-hydra/maya-hydra/build.py --generator Ninja --build-debug --maya-location /local/S/jenkins/workspace/shared/Artifactory/Linux/rundev-master-debug/202311231351/runtime/57a60b2/runTime --devkit-location /local/S/jenkins/workspace/shared/Artifactory/Linux/rundev-master-debug/202311231351/runtime/57a60b2/devkitBase --pxrusd-location /local/S/jenkins/workspace/shared/Artifactory/Linux/USD/e5ad5df --build-args=-DCMAKE_MAKE_PROGRAM=/local/S/jenkins/workspace/shared/Artifactory/Linux/ninja/1.10.2/9ab399b/ninja,-DPYTHON_INCLUDE_DIR=/local/S/jenkins/workspace/shared/Artifactory/Linux/rundev-master-debug/202311231351/runtime/57a60b2/runTime/include/Python311/Python,-DPython_EXECUTABLE=/local/S/jenkins/workspace/shared/Artifactory/Linux/rundev-master-debug/202311231351/runtime/57a60b2/runTime/bin/mayapy,-DPYTHON_LIBRARIES=/local/S/jenkins/workspace/shared/Artifactory/Linux/rundev-master-debug/202311231351/runtime/57a60b2/runTime/lib/libpython3.11d.so.1.0,-DBUILD_WITH_PYTHON_3_VERSION=3.11,-DCMAKE_WANT_MATERIALX_BUILD=ON,-DCMAKE_PREFIX_PATH=/local/S/jenkins/workspace/shared/Artifactory/Linux/USD/e5ad5df,-DMAYAHYDRA_BUILD_NUMBER=417,-DMAYAHYDRA_GIT_COMMIT=4017b60e64efccb8ee1392a05724c36ef63d630a,-DMAYAHYDRA_GIT_BRANCH=master --debug-python '--ctest-args=--parallel 16' --stages=install --redirect-outstream-file=False --install-location /local/S/jenkins/workspace/ECP/ecg-maya-hydra/ecg-maya-hydra-branch-preflight-python3-linux/install/Debug/MayaHydra /local/S/jenkins/workspace/ECP/ecg-maya-hydra/ecg-maya-hydra-branch-preflight-python3-linux
[2023-11-24T21:50:53.794Z] Modified environment variables:
[2023-11-24T21:50:53.794Z]     LD_LIBRARY_PATH=/opt/rh/gcc-toolset-11/root/usr/lib64:/opt/rh/gcc-toolset-11/root/usr/lib64:/opt/rh/gcc-toolset-11/root/usr/lib:/opt/rh/gcc-toolset-11/root/usr/lib64/dyninst:/opt/rh/gcc-toolset-11/root/usr/lib/dyninst
[2023-11-24T21:50:53.794Z]     PATH=/local/S/jenkins/workspace/shared/Artifactory/Linux/cmake/3.20.3/ab685d7/bin:/opt/rh/gcc-toolset-11/root/usr/bin:/home/administrator/.local/bin:/home/administrator/bin:/usr/share/Modules/bin:/usr/local/bin:/usr/local/sbin:/usr/bin:/usr/sbin
[2023-11-24T21:50:53.794Z]     [0/1] Install the project...
[2023-11-24T21:50:53.794Z]     -- Install configuration: "Debug"
[2023-11-24T21:50:53.794Z]     -- Set runtime path of "/local/S/jenkins/workspace/ECP/ecg-maya-hydra/ecg-maya-hydra-branch-preflight-python3-linux/install/Debug/MayaHydra/lib/maya/mayaHydraCppTests.so" to "$ORIGIN/../gtest:/local/S/jenkins/workspace/shared/Artifactory/Linux/USD/e5ad5df/lib:/local/S/jenkins/workspace/shared/Artifactory/Linux/rundev-master-debug/202311231351/runtime/57a60b2/devkitBase/devkit/ufe/lib:/local/S/jenkins/workspace/shared/Artifactory/Linux/rundev-master-debug/202311231351/runtime/57a60b2/runTime/lib"
[2023-11-24T21:50:53.794Z]     -- Set runtime path of "/local/S/jenkins/workspace/ECP/ecg-maya-hydra/ecg-maya-hydra-branch-preflight-python3-linux/install/Debug/MayaHydra/lib/maya/mayaHydra.so" to "$ORIGIN/../../../../../../../../../../../../home/S/jenkins/workspace/shared/Artifactory/Linux/USD/e5ad5df/lib:$ORIGIN/..:/local/S/jenkins/workspace/shared/Artifactory/Linux/rundev-master-debug/202311231351/runtime/57a60b2/devkitBase/devkit/ufe/lib:/local/S/jenkins/workspace/shared/Artifactory/Linux/USD/e5ad5df/lib:/local/S/jenkins/workspace/shared/Artifactory/Linux/rundev-master-debug/202311231351/runtime/57a60b2/runTime/lib"
[2023-11-24T21:50:53.794Z]     -- Set runtime path of "/local/S/jenkins/workspace/ECP/ecg-maya-hydra/ecg-maya-hydra-branch-preflight-python3-linux/install/Debug/MayaHydra/lib/libmayaHydraLib.so" to ""
[2023-11-24T21:50:53.794Z]     -- Set runtime path of "/local/S/jenkins/workspace/ECP/ecg-maya-hydra/ecg-maya-hydra-branch-preflight-python3-linux/install/Debug/MayaHydra/lib/libufeExtensions.so" to ""
[2023-11-24T21:50:54.340Z]     -- Set runtime path of "/local/S/jenkins/workspace/ECP/ecg-maya-hydra/ecg-maya-hydra-branch-preflight-python3-linux/install/Debug/MayaHydra/lib/libflowViewport.so" to ""
[2023-11-24T21:50:54.340Z]     -- Set runtime path of "/local/S/jenkins/workspace/ECP/ecg-maya-hydra/ecg-maya-hydra-branch-preflight-python3-linux/install/Debug/MayaHydra/lib/libadskHydraSceneBrowser.so" to ""
[2023-11-24T21:50:54.340Z]     -- Set runtime path of "/local/S/jenkins/workspace/ECP/ecg-maya-hydra/ecg-maya-hydra-branch-preflight-python3-linux/install/Debug/MayaHydra/lib/libadskHydraSceneBrowserTesting.so" to "$ORIGIN/gtest:/local/S/jenkins/workspace/shared/Artifactory/Linux/USD/e5ad5df/lib:/local/S/jenkins/workspace/shared/Artifactory/Linux/rundev-master-debug/202311231351/runtime/57a60b2/devkitBase/Qt/lib"
[2023-11-24T21:50:54.340Z]     -- Set runtime path of "/local/S/jenkins/workspace/ECP/ecg-maya-hydra/ecg-maya-hydra-branch-preflight-python3-linux/install/Debug/MayaHydra/lib/maya/mayaHydraSceneBrowser.so" to "$ORIGIN/..:/local/S/jenkins/workspace/shared/Artifactory/Linux/USD/e5ad5df/lib:/local/S/jenkins/workspace/shared/Artifactory/Linux/rundev-master-debug/202311231351/runtime/57a60b2/devkitBase/devkit/ufe/lib:/local/S/jenkins/workspace/shared/Artifactory/Linux/rundev-master-debug/202311231351/runtime/57a60b2/devkitBase/Qt/lib:/local/S/jenkins/workspace/shared/Artifactory/Linux/rundev-master-debug/202311231351/runtime/57a60b2/runTime/lib"
[2023-11-24T21:50:54.340Z]     -- Set runtime path of "/local/S/jenkins/workspace/ECP/ecg-maya-hydra/ecg-maya-hydra-branch-preflight-python3-linux/install/Debug/MayaHydra/lib/maya/mayaHydraSceneBrowserTest.so" to "$ORIGIN/..:$ORIGIN/../gtest:/local/S/jenkins/workspace/shared/Artifactory/Linux/USD/e5ad5df/lib:/local/S/jenkins/workspace/shared/Artifactory/Linux/rundev-master-debug/202311231351/runtime/57a60b2/devkitBase/Qt/lib:/local/S/jenkins/workspace/shared/Artifactory/Linux/rundev-master-debug/202311231351/runtime/57a60b2/devkitBase/devkit/ufe/lib:/local/S/jenkins/workspace/shared/Artifactory/Linux/rundev-master-debug/202311231351/runtime/57a60b2/runTime/lib"
[2023-11-24T21:50:54.340Z]     
[2023-11-24T21:50:54.340Z]         Building with settings:
[2023-11-24T21:50:54.340Z]           Source directory          /home/S/jenkins/workspace/ECP/ecg-maya-hydra/ecg-maya-hydra-branch-preflight-python3-linux/ecg-maya-hydra/maya-hydra
[2023-11-24T21:50:54.340Z]           Workspace directory       /local/S/jenkins/workspace/ECP/ecg-maya-hydra/ecg-maya-hydra-branch-preflight-python3-linux
[2023-11-24T21:50:54.340Z]           Build directory           /local/S/jenkins/workspace/ECP/ecg-maya-hydra/ecg-maya-hydra-branch-preflight-python3-linux/build/Debug
[2023-11-24T21:50:54.340Z]           Install directory         /local/S/jenkins/workspace/ECP/ecg-maya-hydra/ecg-maya-hydra-branch-preflight-python3-linux/install/Debug/MayaHydra
[2023-11-24T21:50:54.340Z]           Variant                   Debug
[2023-11-24T21:50:54.340Z]           Python Debug              On
[2023-11-24T21:50:54.340Z]           CMake generator           Ninja
[2023-11-24T21:50:54.340Z]           Build arguments           ['-DCMAKE_MAKE_PROGRAM=/local/S/jenkins/workspace/shared/Artifactory/Linux/ninja/1.10.2/9ab399b/ninja', '-DPYTHON_INCLUDE_DIR=/local/S/jenkins/workspace/shared/Artifactory/Linux/rundev-master-debug/202311231351/runtime/57a60b2/runTime/include/Python311/Python', '-DPython_EXECUTABLE=/local/S/jenkins/workspace/shared/Artifactory/Linux/rundev-master-debug/202311231351/runtime/57a60b2/runTime/bin/mayapy', '-DPYTHON_LIBRARIES=/local/S/jenkins/workspace/shared/Artifactory/Linux/rundev-master-debug/202311231351/runtime/57a60b2/runTime/lib/libpython3.11d.so.1.0', '-DBUILD_WITH_PYTHON_3_VERSION=3.11', '-DCMAKE_WANT_MATERIALX_BUILD=ON', '-DCMAKE_PREFIX_PATH=/local/S/jenkins/workspace/shared/Artifactory/Linux/USD/e5ad5df', '-DMAYAHYDRA_BUILD_NUMBER=417', '-DMAYAHYDRA_GIT_COMMIT=4017b60e64efccb8ee1392a05724c36ef63d630a', '-DMAYAHYDRA_GIT_BRANCH=master']
[2023-11-24T21:50:54.340Z]           Stages arguments          ['install']
[2023-11-24T21:50:54.340Z]           CTest arguments           ['--parallel 16']
[2023-11-24T21:50:54.340Z]     Success MayaHydra build and install !!!!
[2023-11-24T21:50:54.340Z]     Elapsed time: 00:00:00
[Pipeline] sh
[2023-11-24T21:50:55.963Z] + scl enable gcc-toolset-11 -
[2023-11-24T21:50:55.964Z] + '[' enable = load -o enable = unload ']'
[2023-11-24T21:50:55.964Z] + /usr/bin/scl enable gcc-toolset-11 -
[2023-11-24T21:50:55.964Z] python ecg-maya-hydra/build.py --stages=install --workspace-dir=/local/S/jenkins/workspace/ECP/ecg-maya-hydra/ecg-maya-hydra-branch-preflight-python3-linux --artifactory-dir=/local/S/jenkins/workspace/shared/Artifactory --build-dir=/local/S/jenkins/workspace/ECP/ecg-maya-hydra/ecg-maya-hydra-branch-preflight-python3-linux/build --install-dir=/local/S/jenkins/workspace/ECP/ecg-maya-hydra/ecg-maya-hydra-branch-preflight-python3-linux/install --signing-dir=/local/S/jenkins/workspace/ECP/ecg-maya-hydra/ecg-maya-hydra-branch-preflight-python3-linux/signing --package-dir=/local/S/jenkins/workspace/ECP/ecg-maya-hydra/ecg-maya-hydra-branch-preflight-python3-linux/package --output-dir=/local/S/jenkins/workspace/ECP/ecg-maya-hydra/ecg-maya-hydra-branch-preflight-python3-linux/output --stash-dir=/local/S/jenkins/workspace/ECP/ecg-maya-hydra/ecg-maya-hydra-branch-preflight-python3-linux/stash --jenkins-build=417 --git-commit=4017b60e64efccb8ee1392a05724c36ef63d630a --git-branch=master --variants=RelWithDebInfo --interactive-tests=true --post-zips=false --osx-binary-architecture-target=ub2 --osx-deployment-target=11.0 --osx-base-sdk=CurrentActiveSDK --maya-cut-config=maya-rundev-master.yaml --maya-package=rundev-master --stage-banner
[2023-11-24T21:50:55.964Z] Using Maya cut from /local/S/jenkins/workspace/shared/Artifactory/Linux/rundev-master/202311231351/runtime/3705c87
[2023-11-24T21:50:55.964Z] 
[2023-11-24T21:50:55.964Z] ================================================================================
[2023-11-24T21:50:55.964Z]                             install (RelWithDebInfo)
[2023-11-24T21:50:55.964Z] ================================================================================
[2023-11-24T21:50:55.964Z] Maya Python RelWithDebInfo Info:
[2023-11-24T21:50:55.964Z]   mayapy executable   = /local/S/jenkins/workspace/shared/Artifactory/Linux/rundev-master/202311231351/runtime/3705c87/runTime/bin/mayapy
[2023-11-24T21:50:55.964Z]   Include Folder      = /local/S/jenkins/workspace/shared/Artifactory/Linux/rundev-master/202311231351/runtime/3705c87/runTime/include/Python311/Python
[2023-11-24T21:50:55.964Z]   Library             = /local/S/jenkins/workspace/shared/Artifactory/Linux/rundev-master/202311231351/runtime/3705c87/runTime/lib/libpython3.11.so.1.0
[2023-11-24T21:50:55.964Z]   site-package Folder = /local/S/jenkins/workspace/shared/Artifactory/Linux/rundev-master/202311231351/runtime/3705c87/runTime/lib/python3.11/site-packages
[2023-11-24T21:50:55.964Z] In workdir: /home/S/jenkins/workspace/ECP/ecg-maya-hydra/ecg-maya-hydra-branch-preflight-python3-linux/ecg-maya-hydra/maya-hydra
[2023-11-24T21:50:55.964Z] Executing: /local/S/jenkins/workspace/shared/Artifactory/Linux/rundev-master/202311231351/runtime/3705c87/runTime/bin/mayapy /home/S/jenkins/workspace/ECP/ecg-maya-hydra/ecg-maya-hydra-branch-preflight-python3-linux/ecg-maya-hydra/maya-hydra/build.py --generator Ninja --build-relwithdebug --maya-location /local/S/jenkins/workspace/shared/Artifactory/Linux/rundev-master/202311231351/runtime/3705c87/runTime --devkit-location /local/S/jenkins/workspace/shared/Artifactory/Linux/rundev-master/202311231351/runtime/3705c87/devkitBase --pxrusd-location /local/S/jenkins/workspace/shared/Artifactory/Linux/USD/1a43c47 --build-args=-DCMAKE_MAKE_PROGRAM=/local/S/jenkins/workspace/shared/Artifactory/Linux/ninja/1.10.2/9ab399b/ninja,-DPYTHON_INCLUDE_DIR=/local/S/jenkins/workspace/shared/Artifactory/Linux/rundev-master/202311231351/runtime/3705c87/runTime/include/Python311/Python,-DPython_EXECUTABLE=/local/S/jenkins/workspace/shared/Artifactory/Linux/rundev-master/202311231351/runtime/3705c87/runTime/bin/mayapy,-DPYTHON_LIBRARIES=/local/S/jenkins/workspace/shared/Artifactory/Linux/rundev-master/202311231351/runtime/3705c87/runTime/lib/libpython3.11.so.1.0,-DBUILD_WITH_PYTHON_3_VERSION=3.11,-DCMAKE_WANT_MATERIALX_BUILD=ON,-DCMAKE_PREFIX_PATH=/local/S/jenkins/workspace/shared/Artifactory/Linux/USD/1a43c47,-DMAYAHYDRA_BUILD_NUMBER=417,-DMAYAHYDRA_GIT_COMMIT=4017b60e64efccb8ee1392a05724c36ef63d630a,-DMAYAHYDRA_GIT_BRANCH=master '--ctest-args=--parallel 16' --stages=install --redirect-outstream-file=False --install-location /local/S/jenkins/workspace/ECP/ecg-maya-hydra/ecg-maya-hydra-branch-preflight-python3-linux/install/RelWithDebInfo/MayaHydra /local/S/jenkins/workspace/ECP/ecg-maya-hydra/ecg-maya-hydra-branch-preflight-python3-linux
[2023-11-24T21:50:55.964Z] Modified environment variables:
[2023-11-24T21:50:55.964Z]     LD_LIBRARY_PATH=/opt/rh/gcc-toolset-11/root/usr/lib64:/opt/rh/gcc-toolset-11/root/usr/lib64:/opt/rh/gcc-toolset-11/root/usr/lib:/opt/rh/gcc-toolset-11/root/usr/lib64/dyninst:/opt/rh/gcc-toolset-11/root/usr/lib/dyninst
[2023-11-24T21:50:55.964Z]     PATH=/local/S/jenkins/workspace/shared/Artifactory/Linux/cmake/3.20.3/ab685d7/bin:/opt/rh/gcc-toolset-11/root/usr/bin:/home/administrator/.local/bin:/home/administrator/bin:/usr/share/Modules/bin:/usr/local/bin:/usr/local/sbin:/usr/bin:/usr/sbin
[2023-11-24T21:50:56.505Z]     [0/1] Install the project...
[2023-11-24T21:50:56.505Z]     -- Install configuration: "RelWithDebInfo"
[2023-11-24T21:50:56.505Z]     -- Set runtime path of "/local/S/jenkins/workspace/ECP/ecg-maya-hydra/ecg-maya-hydra-branch-preflight-python3-linux/install/RelWithDebInfo/MayaHydra/lib/maya/mayaHydraCppTests.so" to "$ORIGIN/../gtest:/local/S/jenkins/workspace/shared/Artifactory/Linux/USD/1a43c47/lib:/local/S/jenkins/workspace/shared/Artifactory/Linux/rundev-master/202311231351/runtime/3705c87/devkitBase/devkit/ufe/lib:/local/S/jenkins/workspace/shared/Artifactory/Linux/rundev-master/202311231351/runtime/3705c87/runTime/lib"
[2023-11-24T21:50:56.505Z]     -- Set runtime path of "/local/S/jenkins/workspace/ECP/ecg-maya-hydra/ecg-maya-hydra-branch-preflight-python3-linux/install/RelWithDebInfo/MayaHydra/lib/maya/mayaHydra.so" to "$ORIGIN/../../../../../../../../../../../../home/S/jenkins/workspace/shared/Artifactory/Linux/USD/1a43c47/lib:$ORIGIN/..:/local/S/jenkins/workspace/shared/Artifactory/Linux/rundev-master/202311231351/runtime/3705c87/devkitBase/devkit/ufe/lib:/local/S/jenkins/workspace/shared/Artifactory/Linux/USD/1a43c47/lib:/local/S/jenkins/workspace/shared/Artifactory/Linux/rundev-master/202311231351/runtime/3705c87/runTime/lib"
[2023-11-24T21:50:56.505Z]     -- Set runtime path of "/local/S/jenkins/workspace/ECP/ecg-maya-hydra/ecg-maya-hydra-branch-preflight-python3-linux/install/RelWithDebInfo/MayaHydra/lib/libmayaHydraLib.so" to ""
[2023-11-24T21:50:56.505Z]     -- Set runtime path of "/local/S/jenkins/workspace/ECP/ecg-maya-hydra/ecg-maya-hydra-branch-preflight-python3-linux/install/RelWithDebInfo/MayaHydra/lib/libufeExtensions.so" to ""
[2023-11-24T21:50:56.505Z]     -- Set runtime path of "/local/S/jenkins/workspace/ECP/ecg-maya-hydra/ecg-maya-hydra-branch-preflight-python3-linux/install/RelWithDebInfo/MayaHydra/lib/libflowViewport.so" to ""
[2023-11-24T21:50:56.505Z]     -- Set runtime path of "/local/S/jenkins/workspace/ECP/ecg-maya-hydra/ecg-maya-hydra-branch-preflight-python3-linux/install/RelWithDebInfo/MayaHydra/lib/libadskHydraSceneBrowser.so" to ""
[2023-11-24T21:50:56.505Z]     -- Set runtime path of "/local/S/jenkins/workspace/ECP/ecg-maya-hydra/ecg-maya-hydra-branch-preflight-python3-linux/install/RelWithDebInfo/MayaHydra/lib/libadskHydraSceneBrowserTesting.so" to "$ORIGIN/gtest:/local/S/jenkins/workspace/shared/Artifactory/Linux/USD/1a43c47/lib:/local/S/jenkins/workspace/shared/Artifactory/Linux/rundev-master/202311231351/runtime/3705c87/devkitBase/Qt/lib"
[2023-11-24T21:50:56.505Z]     -- Set runtime path of "/local/S/jenkins/workspace/ECP/ecg-maya-hydra/ecg-maya-hydra-branch-preflight-python3-linux/install/RelWithDebInfo/MayaHydra/lib/maya/mayaHydraSceneBrowser.so" to "$ORIGIN/..:/local/S/jenkins/workspace/shared/Artifactory/Linux/USD/1a43c47/lib:/local/S/jenkins/workspace/shared/Artifactory/Linux/rundev-master/202311231351/runtime/3705c87/devkitBase/devkit/ufe/lib:/local/S/jenkins/workspace/shared/Artifactory/Linux/rundev-master/202311231351/runtime/3705c87/devkitBase/Qt/lib:/local/S/jenkins/workspace/shared/Artifactory/Linux/rundev-master/202311231351/runtime/3705c87/runTime/lib"
[2023-11-24T21:50:56.505Z]     -- Set runtime path of "/local/S/jenkins/workspace/ECP/ecg-maya-hydra/ecg-maya-hydra-branch-preflight-python3-linux/install/RelWithDebInfo/MayaHydra/lib/maya/mayaHydraSceneBrowserTest.so" to "$ORIGIN/..:$ORIGIN/../gtest:/local/S/jenkins/workspace/shared/Artifactory/Linux/USD/1a43c47/lib:/local/S/jenkins/workspace/shared/Artifactory/Linux/rundev-master/202311231351/runtime/3705c87/devkitBase/Qt/lib:/local/S/jenkins/workspace/shared/Artifactory/Linux/rundev-master/202311231351/runtime/3705c87/devkitBase/devkit/ufe/lib:/local/S/jenkins/workspace/shared/Artifactory/Linux/rundev-master/202311231351/runtime/3705c87/runTime/lib"
[2023-11-24T21:50:56.505Z]     
[2023-11-24T21:50:56.505Z]         Building with settings:
[2023-11-24T21:50:56.505Z]           Source directory          /home/S/jenkins/workspace/ECP/ecg-maya-hydra/ecg-maya-hydra-branch-preflight-python3-linux/ecg-maya-hydra/maya-hydra
[2023-11-24T21:50:56.505Z]           Workspace directory       /local/S/jenkins/workspace/ECP/ecg-maya-hydra/ecg-maya-hydra-branch-preflight-python3-linux
[2023-11-24T21:50:56.505Z]           Build directory           /local/S/jenkins/workspace/ECP/ecg-maya-hydra/ecg-maya-hydra-branch-preflight-python3-linux/build/RelWithDebInfo
[2023-11-24T21:50:56.505Z]           Install directory         /local/S/jenkins/workspace/ECP/ecg-maya-hydra/ecg-maya-hydra-branch-preflight-python3-linux/install/RelWithDebInfo/MayaHydra
[2023-11-24T21:50:56.505Z]           Variant                   RelWithDebInfo
[2023-11-24T21:50:56.505Z]           Python Debug              Off
[2023-11-24T21:50:56.505Z]           CMake generator           Ninja
[2023-11-24T21:50:56.505Z]           Build arguments           ['-DCMAKE_MAKE_PROGRAM=/local/S/jenkins/workspace/shared/Artifactory/Linux/ninja/1.10.2/9ab399b/ninja', '-DPYTHON_INCLUDE_DIR=/local/S/jenkins/workspace/shared/Artifactory/Linux/rundev-master/202311231351/runtime/3705c87/runTime/include/Python311/Python', '-DPython_EXECUTABLE=/local/S/jenkins/workspace/shared/Artifactory/Linux/rundev-master/202311231351/runtime/3705c87/runTime/bin/mayapy', '-DPYTHON_LIBRARIES=/local/S/jenkins/workspace/shared/Artifactory/Linux/rundev-master/202311231351/runtime/3705c87/runTime/lib/libpython3.11.so.1.0', '-DBUILD_WITH_PYTHON_3_VERSION=3.11', '-DCMAKE_WANT_MATERIALX_BUILD=ON', '-DCMAKE_PREFIX_PATH=/local/S/jenkins/workspace/shared/Artifactory/Linux/USD/1a43c47', '-DMAYAHYDRA_BUILD_NUMBER=417', '-DMAYAHYDRA_GIT_COMMIT=4017b60e64efccb8ee1392a05724c36ef63d630a', '-DMAYAHYDRA_GIT_BRANCH=master']
[2023-11-24T21:50:56.505Z]           Stages arguments          ['install']
[2023-11-24T21:50:56.505Z]           CTest arguments           ['--parallel 16']
[2023-11-24T21:50:56.505Z]     Success MayaHydra build and install !!!!
[2023-11-24T21:50:56.505Z]     Elapsed time: 00:00:00
[Pipeline] }
[Pipeline] // withEnv
[Pipeline] }
[Pipeline] // timeout
[Pipeline] }
[Pipeline] // stage
[Pipeline] }
[Pipeline] // timestamps
[Pipeline] timestamps
[Pipeline] {
[Pipeline] stage
[Pipeline] { (Test)
[Pipeline] timeout
[2023-11-24T21:50:56.861Z] Timeout set to expire in 6 hr 0 min
[Pipeline] {
[Pipeline] withEnv
[Pipeline] {
[Pipeline] sh
[2023-11-24T21:50:58.093Z] + scl enable gcc-toolset-11 -
[2023-11-24T21:50:58.093Z] + '[' enable = load -o enable = unload ']'
[2023-11-24T21:50:58.093Z] + /usr/bin/scl enable gcc-toolset-11 -
[2023-11-24T21:50:58.093Z] python ecg-maya-hydra/build.py --stages=test --workspace-dir=/local/S/jenkins/workspace/ECP/ecg-maya-hydra/ecg-maya-hydra-branch-preflight-python3-linux --artifactory-dir=/local/S/jenkins/workspace/shared/Artifactory --build-dir=/local/S/jenkins/workspace/ECP/ecg-maya-hydra/ecg-maya-hydra-branch-preflight-python3-linux/build --install-dir=/local/S/jenkins/workspace/ECP/ecg-maya-hydra/ecg-maya-hydra-branch-preflight-python3-linux/install --signing-dir=/local/S/jenkins/workspace/ECP/ecg-maya-hydra/ecg-maya-hydra-branch-preflight-python3-linux/signing --package-dir=/local/S/jenkins/workspace/ECP/ecg-maya-hydra/ecg-maya-hydra-branch-preflight-python3-linux/package --output-dir=/local/S/jenkins/workspace/ECP/ecg-maya-hydra/ecg-maya-hydra-branch-preflight-python3-linux/output --stash-dir=/local/S/jenkins/workspace/ECP/ecg-maya-hydra/ecg-maya-hydra-branch-preflight-python3-linux/stash --jenkins-build=417 --git-commit=4017b60e64efccb8ee1392a05724c36ef63d630a --git-branch=master --variants=RelWithDebInfo --interactive-tests=true --post-zips=false --osx-binary-architecture-target=ub2 --osx-deployment-target=11.0 --osx-base-sdk=CurrentActiveSDK --test-jobs=0 --failed-test-retry=3 --maya-cut-config=maya-rundev-master.yaml --maya-package=rundev-master --stage-banner --progressive-timeout
[2023-11-24T21:50:58.093Z] Using Maya cut from /local/S/jenkins/workspace/shared/Artifactory/Linux/rundev-master/202311231351/runtime/3705c87
[2023-11-24T21:50:58.093Z] 
[2023-11-24T21:50:58.093Z] ================================================================================
[2023-11-24T21:50:58.093Z]                              test (RelWithDebInfo)
[2023-11-24T21:50:58.093Z] ================================================================================
[2023-11-24T21:50:58.093Z] Maya Python RelWithDebInfo Info:
[2023-11-24T21:50:58.093Z]   mayapy executable   = /local/S/jenkins/workspace/shared/Artifactory/Linux/rundev-master/202311231351/runtime/3705c87/runTime/bin/mayapy
[2023-11-24T21:50:58.093Z]   Include Folder      = /local/S/jenkins/workspace/shared/Artifactory/Linux/rundev-master/202311231351/runtime/3705c87/runTime/include/Python311/Python
[2023-11-24T21:50:58.093Z]   Library             = /local/S/jenkins/workspace/shared/Artifactory/Linux/rundev-master/202311231351/runtime/3705c87/runTime/lib/libpython3.11.so.1.0
[2023-11-24T21:50:58.093Z]   site-package Folder = /local/S/jenkins/workspace/shared/Artifactory/Linux/rundev-master/202311231351/runtime/3705c87/runTime/lib/python3.11/site-packages
[2023-11-24T21:50:58.646Z] In workdir: /home/S/jenkins/workspace/ECP/ecg-maya-hydra/ecg-maya-hydra-branch-preflight-python3-linux/ecg-maya-hydra/maya-hydra
[2023-11-24T21:50:58.647Z] Executing: /local/S/jenkins/workspace/shared/Artifactory/Linux/rundev-master/202311231351/runtime/3705c87/runTime/bin/mayapy /home/S/jenkins/workspace/ECP/ecg-maya-hydra/ecg-maya-hydra-branch-preflight-python3-linux/ecg-maya-hydra/maya-hydra/build.py --generator Ninja --build-relwithdebug --maya-location /local/S/jenkins/workspace/shared/Artifactory/Linux/rundev-master/202311231351/runtime/3705c87/runTime --devkit-location /local/S/jenkins/workspace/shared/Artifactory/Linux/rundev-master/202311231351/runtime/3705c87/devkitBase --pxrusd-location /local/S/jenkins/workspace/shared/Artifactory/Linux/USD/1a43c47 --build-args=-DCMAKE_MAKE_PROGRAM=/local/S/jenkins/workspace/shared/Artifactory/Linux/ninja/1.10.2/9ab399b/ninja,-DPYTHON_INCLUDE_DIR=/local/S/jenkins/workspace/shared/Artifactory/Linux/rundev-master/202311231351/runtime/3705c87/runTime/include/Python311/Python,-DPython_EXECUTABLE=/local/S/jenkins/workspace/shared/Artifactory/Linux/rundev-master/202311231351/runtime/3705c87/runTime/bin/mayapy,-DPYTHON_LIBRARIES=/local/S/jenkins/workspace/shared/Artifactory/Linux/rundev-master/202311231351/runtime/3705c87/runTime/lib/libpython3.11.so.1.0,-DBUILD_WITH_PYTHON_3_VERSION=3.11,-DCMAKE_WANT_MATERIALX_BUILD=ON,-DCMAKE_PREFIX_PATH=/local/S/jenkins/workspace/shared/Artifactory/Linux/USD/1a43c47,-DMAYAHYDRA_BUILD_NUMBER=417,-DMAYAHYDRA_GIT_COMMIT=4017b60e64efccb8ee1392a05724c36ef63d630a,-DMAYAHYDRA_GIT_BRANCH=master '--ctest-args=--parallel 16' --stages=test --redirect-outstream-file=False --install-location /local/S/jenkins/workspace/ECP/ecg-maya-hydra/ecg-maya-hydra-branch-preflight-python3-linux/install/RelWithDebInfo/MayaHydra /local/S/jenkins/workspace/ECP/ecg-maya-hydra/ecg-maya-hydra-branch-preflight-python3-linux
[2023-11-24T21:50:58.647Z] Modified environment variables:
[2023-11-24T21:50:58.647Z]     LD_LIBRARY_PATH=/opt/rh/gcc-toolset-11/root/usr/lib64:/opt/rh/gcc-toolset-11/root/usr/lib64:/opt/rh/gcc-toolset-11/root/usr/lib:/opt/rh/gcc-toolset-11/root/usr/lib64/dyninst:/opt/rh/gcc-toolset-11/root/usr/lib/dyninst
[2023-11-24T21:50:58.647Z]     PATH=/local/S/jenkins/workspace/shared/Artifactory/Linux/cmake/3.20.3/ab685d7/bin:/opt/rh/gcc-toolset-11/root/usr/bin:/home/administrator/.local/bin:/home/administrator/bin:/usr/share/Modules/bin:/usr/local/bin:/usr/local/sbin:/usr/bin:/usr/sbin
[2023-11-24T21:50:58.647Z]     Test project /home/S/jenkins/workspace/ECP/ecg-maya-hydra/ecg-maya-hydra-branch-preflight-python3-linux/build/RelWithDebInfo
[2023-11-24T21:50:58.647Z]           Start  1: _Interactive_Maya
[2023-11-24T21:50:58.647Z]      1/21 Test  #1: _Interactive_Maya ...........................***Not Run (Disabled)   0.00 sec
[2023-11-24T21:50:58.647Z]           Start  2: testImageDiffing
[2023-11-24T21:50:58.647Z]           Start  3: testMtohCommand
[2023-11-24T21:50:58.647Z]           Start  4: testMeshes
[2023-11-24T21:50:58.647Z]           Start  5: testNamespaces
[2023-11-24T21:50:58.647Z]           Start  6: testVisibility
[2023-11-24T21:50:58.647Z]           Start  7: testRendererSwitching
[2023-11-24T21:50:58.647Z]           Start  8: testSceneBrowser
[2023-11-24T21:50:58.647Z]           Start  9: testStageAddPrim
[2023-11-24T21:50:58.647Z]           Start 10: testNewSceneWithStage
[2023-11-24T21:50:58.647Z]           Start 11: testDirectionalLights
[2023-11-24T21:50:58.647Z]           Start 12: testColorPreferences
[2023-11-24T21:50:58.647Z]           Start 13: testCppFramework
[2023-11-24T21:50:58.647Z]           Start 14: testMayaSceneFlattening
[2023-11-24T21:50:58.647Z]           Start 15: testMayaUsdUfeItems
[2023-11-24T21:50:58.647Z]           Start 16: testMergingSceneIndex
[2023-11-24T21:50:58.647Z]           Start 17: testSelectionSceneIndex
[2023-11-24T21:51:08.187Z]      2/21 Test #10: testNewSceneWithStage .......................   Passed    9.02 sec
[2023-11-24T21:51:08.187Z]           Start 18: testWireframeSelectionHighlightSceneIndex
[2023-11-24T21:51:08.187Z]      3/21 Test #11: testDirectionalLights .......................   Passed    9.07 sec
[2023-11-24T21:51:08.187Z]           Start 19: testFlowViewportAPIViewportInformation
[2023-11-24T21:51:08.187Z]      4/21 Test  #8: testSceneBrowser ............................   Passed    9.12 sec
[2023-11-24T21:51:08.187Z]           Start 20: testMeshes_meshAdapter
[2023-11-24T21:51:08.187Z]      5/21 Test  #3: testMtohCommand .............................   Passed    9.25 sec
[2023-11-24T21:51:08.187Z]           Start 21: testMeshAdapterTransform_meshAdapter
[2023-11-24T21:51:08.187Z]      6/21 Test #15: testMayaUsdUfeItems .........................   Passed    9.28 sec
[2023-11-24T21:51:08.187Z]      7/21 Test  #5: testNamespaces ..............................   Passed    9.56 sec
[2023-11-24T21:51:08.187Z]      8/21 Test #14: testMayaSceneFlattening .....................   Passed    9.61 sec
[2023-11-24T21:51:08.728Z]      9/21 Test #16: testMergingSceneIndex .......................   Passed    9.66 sec
[2023-11-24T21:51:08.728Z]     10/21 Test #13: testCppFramework ............................   Passed    9.71 sec
[2023-11-24T21:51:08.728Z]     11/21 Test  #9: testStageAddPrim ............................   Passed    9.76 sec
[2023-11-24T21:51:08.728Z]     12/21 Test  #7: testRendererSwitching .......................   Passed    9.80 sec
[2023-11-24T21:51:08.728Z]     13/21 Test  #4: testMeshes ..................................   Passed   10.00 sec
[2023-11-24T21:51:08.728Z]     14/21 Test #12: testColorPreferences ........................   Passed   10.04 sec
[2023-11-24T21:51:08.728Z]     15/21 Test #17: testSelectionSceneIndex .....................   Passed   10.08 sec
[2023-11-24T21:51:09.268Z]     16/21 Test  #2: testImageDiffing ............................   Passed   10.55 sec
[2023-11-24T21:51:09.809Z]     17/21 Test  #6: testVisibility ..............................   Passed   11.28 sec
[2023-11-24T21:51:15.068Z]     18/21 Test #18: testWireframeSelectionHighlightSceneIndex ...   Passed    7.39 sec
[2023-11-24T21:51:15.607Z]     19/21 Test #20: testMeshes_meshAdapter ......................   Passed    7.59 sec
[2023-11-24T21:51:15.607Z]     20/21 Test #21: testMeshAdapterTransform_meshAdapter ........   Passed    7.51 sec
[2023-11-24T21:51:15.607Z]     21/21 Test #19: testFlowViewportAPIViewportInformation ......   Passed    7.94 sec
[2023-11-24T21:51:15.607Z]     
[2023-11-24T21:51:15.607Z]     100% tests passed, 0 tests failed out of 20
[2023-11-24T21:51:15.607Z]     
[2023-11-24T21:51:15.607Z]     Label Time Summary:
[2023-11-24T21:51:15.607Z]     Debugging      =   0.00 sec*proc (1 test)
[2023-11-24T21:51:15.607Z]     interactive    = 186.23 sec*proc (20 tests)
[2023-11-24T21:51:15.607Z]     mayaHydra      = 186.23 sec*proc (20 tests)
[2023-11-24T21:51:15.607Z]     
[2023-11-24T21:51:15.607Z]     Total Test time (real) =  17.02 sec
[2023-11-24T21:51:15.607Z]     
[2023-11-24T21:51:15.607Z]     The following tests did not run:
[2023-11-24T21:51:15.607Z]     	  1 - _Interactive_Maya (Disabled)
[2023-11-24T21:51:15.607Z]     
[2023-11-24T21:51:15.607Z]         Building with settings:
[2023-11-24T21:51:15.607Z]           Source directory          /home/S/jenkins/workspace/ECP/ecg-maya-hydra/ecg-maya-hydra-branch-preflight-python3-linux/ecg-maya-hydra/maya-hydra
[2023-11-24T21:51:15.607Z]           Workspace directory       /local/S/jenkins/workspace/ECP/ecg-maya-hydra/ecg-maya-hydra-branch-preflight-python3-linux
[2023-11-24T21:51:15.607Z]           Build directory           /local/S/jenkins/workspace/ECP/ecg-maya-hydra/ecg-maya-hydra-branch-preflight-python3-linux/build/RelWithDebInfo
[2023-11-24T21:51:15.607Z]           Install directory         /local/S/jenkins/workspace/ECP/ecg-maya-hydra/ecg-maya-hydra-branch-preflight-python3-linux/install/RelWithDebInfo/MayaHydra
[2023-11-24T21:51:15.607Z]           Variant                   RelWithDebInfo
[2023-11-24T21:51:15.607Z]           Python Debug              Off
[2023-11-24T21:51:15.607Z]           CMake generator           Ninja
[2023-11-24T21:51:15.608Z]           Build arguments           ['-DCMAKE_MAKE_PROGRAM=/local/S/jenkins/workspace/shared/Artifactory/Linux/ninja/1.10.2/9ab399b/ninja', '-DPYTHON_INCLUDE_DIR=/local/S/jenkins/workspace/shared/Artifactory/Linux/rundev-master/202311231351/runtime/3705c87/runTime/include/Python311/Python', '-DPython_EXECUTABLE=/local/S/jenkins/workspace/shared/Artifactory/Linux/rundev-master/202311231351/runtime/3705c87/runTime/bin/mayapy', '-DPYTHON_LIBRARIES=/local/S/jenkins/workspace/shared/Artifactory/Linux/rundev-master/202311231351/runtime/3705c87/runTime/lib/libpython3.11.so.1.0', '-DBUILD_WITH_PYTHON_3_VERSION=3.11', '-DCMAKE_WANT_MATERIALX_BUILD=ON', '-DCMAKE_PREFIX_PATH=/local/S/jenkins/workspace/shared/Artifactory/Linux/USD/1a43c47', '-DMAYAHYDRA_BUILD_NUMBER=417', '-DMAYAHYDRA_GIT_COMMIT=4017b60e64efccb8ee1392a05724c36ef63d630a', '-DMAYAHYDRA_GIT_BRANCH=master']
[2023-11-24T21:51:15.608Z]           Stages arguments          ['test']
[2023-11-24T21:51:15.608Z]           CTest arguments           ['--parallel 16']
[2023-11-24T21:51:15.608Z]     Success running MayaHydra tests !!!!
[Pipeline] }
[Pipeline] // withEnv
[Pipeline] }
[Pipeline] // timeout
[Pipeline] }
[Pipeline] // stage
[Pipeline] }
[Pipeline] // timestamps
[Pipeline] timestamps
[Pipeline] {
[Pipeline] stage
[Pipeline] { (Cleanup)
[Pipeline] timeout
[2023-11-24T21:51:15.981Z] Timeout set to expire in 6 hr 0 min
[Pipeline] {
[Pipeline] withEnv
[Pipeline] {
[Pipeline] sh
[2023-11-24T21:51:17.087Z] + scl enable gcc-toolset-11 -
[2023-11-24T21:51:17.087Z] + '[' enable = load -o enable = unload ']'
[2023-11-24T21:51:17.087Z] + /usr/bin/scl enable gcc-toolset-11 -
[2023-11-24T21:51:17.087Z] python ecg-maya-hydra/build.py --stages=cleanup --workspace-dir=/local/S/jenkins/workspace/ECP/ecg-maya-hydra/ecg-maya-hydra-branch-preflight-python3-linux --artifactory-dir=/local/S/jenkins/workspace/shared/Artifactory --build-dir=/local/S/jenkins/workspace/ECP/ecg-maya-hydra/ecg-maya-hydra-branch-preflight-python3-linux/build --install-dir=/local/S/jenkins/workspace/ECP/ecg-maya-hydra/ecg-maya-hydra-branch-preflight-python3-linux/install --signing-dir=/local/S/jenkins/workspace/ECP/ecg-maya-hydra/ecg-maya-hydra-branch-preflight-python3-linux/signing --package-dir=/local/S/jenkins/workspace/ECP/ecg-maya-hydra/ecg-maya-hydra-branch-preflight-python3-linux/package --output-dir=/local/S/jenkins/workspace/ECP/ecg-maya-hydra/ecg-maya-hydra-branch-preflight-python3-linux/output --stash-dir=/local/S/jenkins/workspace/ECP/ecg-maya-hydra/ecg-maya-hydra-branch-preflight-python3-linux/stash --jenkins-build=417 --git-commit=4017b60e64efccb8ee1392a05724c36ef63d630a --git-branch=master --variants=Debug --interactive-tests=true --post-zips=false --osx-binary-architecture-target=ub2 --osx-deployment-target=11.0 --osx-base-sdk=CurrentActiveSDK --maya-cut-config=maya-rundev-master-debug.yaml --maya-package=rundev-master-debug --stage-banner
[2023-11-24T21:51:17.087Z] Using Maya cut from /local/S/jenkins/workspace/shared/Artifactory/Linux/rundev-master-debug/202311231351/runtime/57a60b2
[2023-11-24T21:51:17.087Z] 
[2023-11-24T21:51:17.087Z] ================================================================================
[2023-11-24T21:51:17.087Z]                                cleanup (Finalize)
[2023-11-24T21:51:17.087Z] ================================================================================
[2023-11-24T21:51:17.087Z] Cleaning up workspace
[2023-11-24T21:51:17.087Z] Removing directory: /local/S/jenkins/workspace/ECP/ecg-maya-hydra/ecg-maya-hydra-branch-preflight-python3-linux/build
[2023-11-24T21:51:17.304Z] Removing directory: /local/S/jenkins/workspace/ECP/ecg-maya-hydra/ecg-maya-hydra-branch-preflight-python3-linux/install
[Pipeline] sh
[2023-11-24T21:51:18.415Z] + scl enable gcc-toolset-11 -
[2023-11-24T21:51:18.416Z] + '[' enable = load -o enable = unload ']'
[2023-11-24T21:51:18.416Z] + /usr/bin/scl enable gcc-toolset-11 -
[2023-11-24T21:51:18.416Z] python ecg-maya-hydra/build.py --stages=cleanup --workspace-dir=/local/S/jenkins/workspace/ECP/ecg-maya-hydra/ecg-maya-hydra-branch-preflight-python3-linux --artifactory-dir=/local/S/jenkins/workspace/shared/Artifactory --build-dir=/local/S/jenkins/workspace/ECP/ecg-maya-hydra/ecg-maya-hydra-branch-preflight-python3-linux/build --install-dir=/local/S/jenkins/workspace/ECP/ecg-maya-hydra/ecg-maya-hydra-branch-preflight-python3-linux/install --signing-dir=/local/S/jenkins/workspace/ECP/ecg-maya-hydra/ecg-maya-hydra-branch-preflight-python3-linux/signing --package-dir=/local/S/jenkins/workspace/ECP/ecg-maya-hydra/ecg-maya-hydra-branch-preflight-python3-linux/package --output-dir=/local/S/jenkins/workspace/ECP/ecg-maya-hydra/ecg-maya-hydra-branch-preflight-python3-linux/output --stash-dir=/local/S/jenkins/workspace/ECP/ecg-maya-hydra/ecg-maya-hydra-branch-preflight-python3-linux/stash --jenkins-build=417 --git-commit=4017b60e64efccb8ee1392a05724c36ef63d630a --git-branch=master --variants=RelWithDebInfo --interactive-tests=true --post-zips=false --osx-binary-architecture-target=ub2 --osx-deployment-target=11.0 --osx-base-sdk=CurrentActiveSDK --maya-cut-config=maya-rundev-master.yaml --maya-package=rundev-master --stage-banner
[2023-11-24T21:51:18.416Z] Using Maya cut from /local/S/jenkins/workspace/shared/Artifactory/Linux/rundev-master/202311231351/runtime/3705c87
[2023-11-24T21:51:18.416Z] 
[2023-11-24T21:51:18.416Z] ================================================================================
[2023-11-24T21:51:18.416Z]                                cleanup (Finalize)
[2023-11-24T21:51:18.416Z] ================================================================================
[2023-11-24T21:51:18.416Z] Cleaning up workspace
[Pipeline] }
[Pipeline] // withEnv
[Pipeline] }
[Pipeline] // timeout
[Pipeline] }
[Pipeline] // stage
[Pipeline] }
[Pipeline] // timestamps
[Pipeline] }
[Pipeline] // node
[Pipeline] End of Pipeline
[Checks API] No suitable checks publisher found.
Finished: SUCCESS
