[2023-11-27T16:10:56.448Z] ================================================================================
[2023-11-27T16:10:56.448Z]                                  setup (Debug)
[2023-11-27T16:10:56.448Z] ================================================================================
[Pipeline] sh
[2023-11-27T16:10:57.783Z] + scl enable gcc-toolset-11 -
[2023-11-27T16:10:57.783Z] + '[' enable = load -o enable = unload ']'
[2023-11-27T16:10:57.783Z] + /usr/bin/scl enable gcc-toolset-11 -
[2023-11-27T16:10:57.783Z] python ecg-maya-hydra/build.py --stages=setup --workspace-dir=/local/S/jenkins/workspace/ECP/ecg-maya-hydra/ecg-maya-hydra-branch-preflight-python3-linux --artifactory-dir=/local/S/jenkins/workspace/shared/Artifactory --build-dir=/local/S/jenkins/workspace/ECP/ecg-maya-hydra/ecg-maya-hydra-branch-preflight-python3-linux/build --install-dir=/local/S/jenkins/workspace/ECP/ecg-maya-hydra/ecg-maya-hydra-branch-preflight-python3-linux/install --signing-dir=/local/S/jenkins/workspace/ECP/ecg-maya-hydra/ecg-maya-hydra-branch-preflight-python3-linux/signing --package-dir=/local/S/jenkins/workspace/ECP/ecg-maya-hydra/ecg-maya-hydra-branch-preflight-python3-linux/package --output-dir=/local/S/jenkins/workspace/ECP/ecg-maya-hydra/ecg-maya-hydra-branch-preflight-python3-linux/output --stash-dir=/local/S/jenkins/workspace/ECP/ecg-maya-hydra/ecg-maya-hydra-branch-preflight-python3-linux/stash --jenkins-build=421 --git-commit=1e39ccdaa2da94b4df1efb7854598ed499acdc31 --git-branch=master --variants=RelWithDebInfo --interactive-tests=true --post-zips=false --osx-binary-architecture-target=ub2 --osx-deployment-target=11.0 --osx-base-sdk=CurrentActiveSDK --extra-license-file=ecg-maya-hydra/jenkins-o03-cot/melicense.lic --prune-versions=3 --prune-revisions=3 --maya-cut-config=maya-rundev-master.yaml --maya-package=rundev-master --stage-banner --prune-artifacts --force-pruning
[2023-11-27T16:10:57.783Z] Getting rundev-master download URL from Maya SHA-1 hash
[2023-11-27T16:10:57.783Z] Finding Artifactory servers response times
[2023-11-27T16:11:00.303Z] [VERBOSE] Start loading URL (CURL): https://art-bear.autodesk.com/artifactory/api/system/ping
[2023-11-27T16:11:00.303Z] [DEBUG] Running: /usr/bin/curl -s -X GET --keepalive-time 10 --connect-timeout 60 --speed-limit 10000 --speed-time 120 --max-time 3600 --retry 5 --retry-max-time 2400 -H Connection:close https://art-bear.autodesk.com/artifactory/api/system/ping
[2023-11-27T16:11:00.303Z] [DEBUG] Output:
[2023-11-27T16:11:00.303Z] OK
[2023-11-27T16:11:00.303Z] [VERBOSE] End loading URL (CURL): https://art-bear.autodesk.com/artifactory/api/system/ping
[2023-11-27T16:11:00.303Z] [VERBOSE] Start loading URL (CURL): https://art-marmotte.autodesk.com/artifactory/api/system/ping
[2023-11-27T16:11:00.304Z] [DEBUG] Running: /usr/bin/curl -s -X GET --keepalive-time 10 --connect-timeout 60 --speed-limit 10000 --speed-time 120 --max-time 3600 --retry 5 --retry-max-time 2400 -H Connection:close https://art-marmotte.autodesk.com/artifactory/api/system/ping
[2023-11-27T16:11:00.304Z] [DEBUG] Output:
[2023-11-27T16:11:00.304Z] OK
[2023-11-27T16:11:00.304Z] [VERBOSE] End loading URL (CURL): https://art-marmotte.autodesk.com/artifactory/api/system/ping
[2023-11-27T16:11:00.304Z] [VERBOSE] Start loading URL (CURL): https://art-bobcat.autodesk.com/artifactory/api/system/ping
[2023-11-27T16:11:00.304Z] [DEBUG] Running: /usr/bin/curl -s -X GET --keepalive-time 10 --connect-timeout 60 --speed-limit 10000 --speed-time 120 --max-time 3600 --retry 5 --retry-max-time 2400 -H Connection:close https://art-bobcat.autodesk.com/artifactory/api/system/ping
[2023-11-27T16:11:00.304Z] [DEBUG] Output:
[2023-11-27T16:11:00.304Z] OK
[2023-11-27T16:11:00.304Z] [VERBOSE] End loading URL (CURL): https://art-bobcat.autodesk.com/artifactory/api/system/ping
[2023-11-27T16:11:00.304Z] [VERBOSE] Start loading URL (CURL): https://art-bear.autodesk.com/artifactory/api/search/checksum?repos=autodesk-3p-generic,adsk-build-tools-generic,team-ecg-generic,team-maya-generic,oss-stg-generic&sha1=c24098aadb27c62f64cce04221d383cd071a0f65
[2023-11-27T16:11:00.304Z] [DEBUG] Running: /usr/bin/curl -s -X GET --keepalive-time 10 --connect-timeout 60 --speed-limit 10000 --speed-time 120 --max-time 3600 --retry 5 --retry-max-time 2400 -H Connection:close -H Authorization:Basic ZWNnYmlmcm9zdDpvcGUqKjAw https://art-bear.autodesk.com/artifactory/api/search/checksum?repos=autodesk-3p-generic,adsk-build-tools-generic,team-ecg-generic,team-maya-generic,oss-stg-generic&sha1=c24098aadb27c62f64cce04221d383cd071a0f65
[2023-11-27T16:11:00.304Z] [DEBUG] Output:
[2023-11-27T16:11:00.304Z] {
[2023-11-27T16:11:00.304Z]   "results" : [ {
[2023-11-27T16:11:00.304Z]     "uri" : "https://art-bear.autodesk.com:443/artifactory/api/storage/team-maya-generic/Maya/master/plnx/2023-11-24-07-49_92d69d10e3/202311240749-92d69d10e3-RUNDEV.tgz"
[2023-11-27T16:11:00.304Z]   } ]
[2023-11-27T16:11:00.304Z] }
[2023-11-27T16:11:00.304Z] [VERBOSE] End loading URL (CURL): https://art-bear.autodesk.com/artifactory/api/search/checksum?repos=autodesk-3p-generic,adsk-build-tools-generic,team-ecg-generic,team-maya-generic,oss-stg-generic&sha1=c24098aadb27c62f64cce04221d383cd071a0f65
[2023-11-27T16:11:00.304Z] [VERBOSE] Start loading URL (CURL): https://art-bear.autodesk.com:443/artifactory/api/storage/team-maya-generic/Maya/master/plnx/2023-11-24-07-49_92d69d10e3/202311240749-92d69d10e3-RUNDEV.tgz
[2023-11-27T16:11:00.304Z] [DEBUG] Running: /usr/bin/curl -s -X GET --keepalive-time 10 --connect-timeout 60 --speed-limit 10000 --speed-time 120 --max-time 3600 --retry 5 --retry-max-time 2400 -H Connection:close -H Authorization:Basic ZWNnYmlmcm9zdDpvcGUqKjAw https://art-bear.autodesk.com:443/artifactory/api/storage/team-maya-generic/Maya/master/plnx/2023-11-24-07-49_92d69d10e3/202311240749-92d69d10e3-RUNDEV.tgz
[2023-11-27T16:11:00.304Z] [DEBUG] Output:
[2023-11-27T16:11:00.304Z] {
[2023-11-27T16:11:00.304Z]   "repo" : "team-maya-generic",
[2023-11-27T16:11:00.304Z]   "path" : "/Maya/master/plnx/2023-11-24-07-49_92d69d10e3/202311240749-92d69d10e3-RUNDEV.tgz",
[2023-11-27T16:11:00.304Z]   "created" : "2023-11-24T12:19:12.582-05:00",
[2023-11-27T16:11:00.304Z]   "createdBy" : "token:art-bear.autodesk.com",
[2023-11-27T16:11:00.304Z]   "lastModified" : "2023-11-24T12:19:12.572-05:00",
[2023-11-27T16:11:00.304Z]   "modifiedBy" : "token:art-bear.autodesk.com",
[2023-11-27T16:11:00.304Z]   "lastUpdated" : "2023-11-24T12:19:12.583-05:00",
[2023-11-27T16:11:00.304Z]   "downloadUri" : "https://art-bear.autodesk.com:443/artifactory/team-maya-generic/Maya/master/plnx/2023-11-24-07-49_92d69d10e3/202311240749-92d69d10e3-RUNDEV.tgz",
[2023-11-27T16:11:00.304Z]   "mimeType" : "application/x-gzip",
[2023-11-27T16:11:00.304Z]   "size" : "3082940395",
[2023-11-27T16:11:00.304Z]   "checksums" : {
[2023-11-27T16:11:00.304Z]     "sha1" : "c24098aadb27c62f64cce04221d383cd071a0f65",
[2023-11-27T16:11:00.304Z]     "md5" : "04a349d3e2a85a55705daf552e16bdf1",
[2023-11-27T16:11:00.304Z]     "sha256" : "c1a954c2c80230a677d141c4fb491f7dc0ba84aa167eefcd88e5381f9aa26496"
[2023-11-27T16:11:00.304Z]   },
[2023-11-27T16:11:00.304Z]   "originalChecksums" : {
[2023-11-27T16:11:00.304Z]     "sha1" : "c24098aadb27c62f64cce04221d383cd071a0f65",
[2023-11-27T16:11:00.304Z]     "md5" : "04a349d3e2a85a55705daf552e16bdf1",
[2023-11-27T16:11:00.304Z]     "sha256" : "c1a954c2c80230a677d141c4fb491f7dc0ba84aa167eefcd88e5381f9aa26496"
[2023-11-27T16:11:00.304Z]   },
[2023-11-27T16:11:00.304Z]   "uri" : "https://art-bear.autodesk.com:443/artifactory/api/storage/team-maya-generic/Maya/master/plnx/2023-11-24-07-49_92d69d10e3/202311240749-92d69d10e3-RUNDEV.tgz"
[2023-11-27T16:11:00.304Z] }
[2023-11-27T16:11:00.304Z] [VERBOSE] End loading URL (CURL): https://art-bear.autodesk.com:443/artifactory/api/storage/team-maya-generic/Maya/master/plnx/2023-11-24-07-49_92d69d10e3/202311240749-92d69d10e3-RUNDEV.tgz
[2023-11-27T16:11:00.304Z] Using Maya cut from /local/S/jenkins/workspace/shared/Artifactory/Linux/rundev-master/202311240749/runtime/c24098a
[2023-11-27T16:11:00.304Z] 
[2023-11-27T16:11:00.304Z] ================================================================================
[2023-11-27T16:11:00.304Z]                              setup (RelWithDebInfo)
[2023-11-27T16:11:00.304Z] ================================================================================
[Pipeline] }
[Pipeline] // withEnv
[Pipeline] }
[Pipeline] // timeout
[Pipeline] }
[Pipeline] // stage
[Pipeline] }
[Pipeline] // timestamps
[Pipeline] timestamps
[Pipeline] {
[Pipeline] stage
[Pipeline] { (Clean)
[Pipeline] timeout
[2023-11-27T16:11:00.742Z] Timeout set to expire in 6 hr 0 min
[Pipeline] {
[Pipeline] withEnv
[Pipeline] {
[Pipeline] sh
[2023-11-27T16:11:02.029Z] + scl enable gcc-toolset-11 -
[2023-11-27T16:11:02.029Z] + '[' enable = load -o enable = unload ']'
[2023-11-27T16:11:02.029Z] + /usr/bin/scl enable gcc-toolset-11 -
[2023-11-27T16:11:02.029Z] python ecg-maya-hydra/build.py --stages=clean --workspace-dir=/local/S/jenkins/workspace/ECP/ecg-maya-hydra/ecg-maya-hydra-branch-preflight-python3-linux --artifactory-dir=/local/S/jenkins/workspace/shared/Artifactory --build-dir=/local/S/jenkins/workspace/ECP/ecg-maya-hydra/ecg-maya-hydra-branch-preflight-python3-linux/build --install-dir=/local/S/jenkins/workspace/ECP/ecg-maya-hydra/ecg-maya-hydra-branch-preflight-python3-linux/install --signing-dir=/local/S/jenkins/workspace/ECP/ecg-maya-hydra/ecg-maya-hydra-branch-preflight-python3-linux/signing --package-dir=/local/S/jenkins/workspace/ECP/ecg-maya-hydra/ecg-maya-hydra-branch-preflight-python3-linux/package --output-dir=/local/S/jenkins/workspace/ECP/ecg-maya-hydra/ecg-maya-hydra-branch-preflight-python3-linux/output --stash-dir=/local/S/jenkins/workspace/ECP/ecg-maya-hydra/ecg-maya-hydra-branch-preflight-python3-linux/stash --jenkins-build=421 --git-commit=1e39ccdaa2da94b4df1efb7854598ed499acdc31 --git-branch=master --variants=Debug --interactive-tests=true --post-zips=false --osx-binary-architecture-target=ub2 --osx-deployment-target=11.0 --osx-base-sdk=CurrentActiveSDK --maya-cut-config=maya-rundev-master-debug.yaml --maya-package=rundev-master-debug --stage-banner
[2023-11-27T16:11:02.029Z] Using Maya cut from /local/S/jenkins/workspace/shared/Artifactory/Linux/rundev-master-debug/202311240749/runtime/8e4eed9
[2023-11-27T16:11:02.029Z] 
[2023-11-27T16:11:02.029Z] ================================================================================
[2023-11-27T16:11:02.029Z]                                  clean (Debug)
[2023-11-27T16:11:02.029Z] ================================================================================
[2023-11-27T16:11:02.029Z] Maya Python Debug Info:
[2023-11-27T16:11:02.029Z]   mayapy executable   = /local/S/jenkins/workspace/shared/Artifactory/Linux/rundev-master-debug/202311240749/runtime/8e4eed9/runTime/bin/mayapy
[2023-11-27T16:11:02.029Z]   Include Folder      = /local/S/jenkins/workspace/shared/Artifactory/Linux/rundev-master-debug/202311240749/runtime/8e4eed9/runTime/include/Python311/Python
[2023-11-27T16:11:02.029Z]   Library             = /local/S/jenkins/workspace/shared/Artifactory/Linux/rundev-master-debug/202311240749/runtime/8e4eed9/runTime/lib/libpython3.11d.so.1.0
[2023-11-27T16:11:02.029Z]   site-package Folder = /local/S/jenkins/workspace/shared/Artifactory/Linux/rundev-master-debug/202311240749/runtime/8e4eed9/runTime/lib/python3.11/site-packages
[2023-11-27T16:11:03.156Z] In workdir: /home/S/jenkins/workspace/ECP/ecg-maya-hydra/ecg-maya-hydra-branch-preflight-python3-linux/ecg-maya-hydra/maya-hydra
[2023-11-27T16:11:03.156Z] Executing: /local/S/jenkins/workspace/shared/Artifactory/Linux/rundev-master-debug/202311240749/runtime/8e4eed9/runTime/bin/mayapy /home/S/jenkins/workspace/ECP/ecg-maya-hydra/ecg-maya-hydra-branch-preflight-python3-linux/ecg-maya-hydra/maya-hydra/build.py --generator Ninja --build-debug --maya-location /local/S/jenkins/workspace/shared/Artifactory/Linux/rundev-master-debug/202311240749/runtime/8e4eed9/runTime --devkit-location /local/S/jenkins/workspace/shared/Artifactory/Linux/rundev-master-debug/202311240749/runtime/8e4eed9/devkitBase --pxrusd-location /local/S/jenkins/workspace/shared/Artifactory/Linux/USD/e5ad5df --build-args=-DCMAKE_MAKE_PROGRAM=/local/S/jenkins/workspace/shared/Artifactory/Linux/ninja/1.10.2/9ab399b/ninja,-DPYTHON_INCLUDE_DIR=/local/S/jenkins/workspace/shared/Artifactory/Linux/rundev-master-debug/202311240749/runtime/8e4eed9/runTime/include/Python311/Python,-DPython_EXECUTABLE=/local/S/jenkins/workspace/shared/Artifactory/Linux/rundev-master-debug/202311240749/runtime/8e4eed9/runTime/bin/mayapy,-DPYTHON_LIBRARIES=/local/S/jenkins/workspace/shared/Artifactory/Linux/rundev-master-debug/202311240749/runtime/8e4eed9/runTime/lib/libpython3.11d.so.1.0,-DBUILD_WITH_PYTHON_3_VERSION=3.11,-DCMAKE_WANT_MATERIALX_BUILD=ON,-DCMAKE_PREFIX_PATH=/local/S/jenkins/workspace/shared/Artifactory/Linux/USD/e5ad5df,-DMAYAHYDRA_BUILD_NUMBER=421,-DMAYAHYDRA_GIT_COMMIT=1e39ccdaa2da94b4df1efb7854598ed499acdc31,-DMAYAHYDRA_GIT_BRANCH=master --debug-python '--ctest-args=--parallel 16' --stages=clean --redirect-outstream-file=False --install-location /local/S/jenkins/workspace/ECP/ecg-maya-hydra/ecg-maya-hydra-branch-preflight-python3-linux/install/Debug/MayaHydra /local/S/jenkins/workspace/ECP/ecg-maya-hydra/ecg-maya-hydra-branch-preflight-python3-linux
[2023-11-27T16:11:03.156Z] Modified environment variables:
[2023-11-27T16:11:03.156Z]     LD_LIBRARY_PATH=/opt/rh/gcc-toolset-11/root/usr/lib64:/opt/rh/gcc-toolset-11/root/usr/lib64:/opt/rh/gcc-toolset-11/root/usr/lib:/opt/rh/gcc-toolset-11/root/usr/lib64/dyninst:/opt/rh/gcc-toolset-11/root/usr/lib/dyninst
[2023-11-27T16:11:03.156Z]     PATH=/local/S/jenkins/workspace/shared/Artifactory/Linux/cmake/3.20.3/ab685d7/bin:/opt/rh/gcc-toolset-11/root/usr/bin:/home/administrator/.local/bin:/home/administrator/bin:/usr/share/Modules/bin:/usr/local/bin:/usr/local/sbin:/usr/bin:/usr/sbin
[2023-11-27T16:11:03.156Z]     
[2023-11-27T16:11:03.156Z]         Building with settings:
[2023-11-27T16:11:03.156Z]           Source directory          /home/S/jenkins/workspace/ECP/ecg-maya-hydra/ecg-maya-hydra-branch-preflight-python3-linux/ecg-maya-hydra/maya-hydra
[2023-11-27T16:11:03.156Z]           Workspace directory       /local/S/jenkins/workspace/ECP/ecg-maya-hydra/ecg-maya-hydra-branch-preflight-python3-linux
[2023-11-27T16:11:03.156Z]           Build directory           /local/S/jenkins/workspace/ECP/ecg-maya-hydra/ecg-maya-hydra-branch-preflight-python3-linux/build/Debug
[2023-11-27T16:11:03.156Z]           Install directory         /local/S/jenkins/workspace/ECP/ecg-maya-hydra/ecg-maya-hydra-branch-preflight-python3-linux/install/Debug/MayaHydra
[2023-11-27T16:11:03.156Z]           Variant                   Debug
[2023-11-27T16:11:03.156Z]           Python Debug              On
[2023-11-27T16:11:03.156Z]           CMake generator           Ninja
[2023-11-27T16:11:03.156Z]           Build arguments           ['-DCMAKE_MAKE_PROGRAM=/local/S/jenkins/workspace/shared/Artifactory/Linux/ninja/1.10.2/9ab399b/ninja', '-DPYTHON_INCLUDE_DIR=/local/S/jenkins/workspace/shared/Artifactory/Linux/rundev-master-debug/202311240749/runtime/8e4eed9/runTime/include/Python311/Python', '-DPython_EXECUTABLE=/local/S/jenkins/workspace/shared/Artifactory/Linux/rundev-master-debug/202311240749/runtime/8e4eed9/runTime/bin/mayapy', '-DPYTHON_LIBRARIES=/local/S/jenkins/workspace/shared/Artifactory/Linux/rundev-master-debug/202311240749/runtime/8e4eed9/runTime/lib/libpython3.11d.so.1.0', '-DBUILD_WITH_PYTHON_3_VERSION=3.11', '-DCMAKE_WANT_MATERIALX_BUILD=ON', '-DCMAKE_PREFIX_PATH=/local/S/jenkins/workspace/shared/Artifactory/Linux/USD/e5ad5df', '-DMAYAHYDRA_BUILD_NUMBER=421', '-DMAYAHYDRA_GIT_COMMIT=1e39ccdaa2da94b4df1efb7854598ed499acdc31', '-DMAYAHYDRA_GIT_BRANCH=master']
[2023-11-27T16:11:03.156Z]           Stages arguments          ['clean']
[2023-11-27T16:11:03.156Z]           CTest arguments           ['--parallel 16']
[2023-11-27T16:11:03.156Z]     Success MayaHydra build and install !!!!
[2023-11-27T16:11:03.156Z]     Elapsed time: 00:00:00
[Pipeline] sh
[2023-11-27T16:11:05.001Z] + scl enable gcc-toolset-11 -
[2023-11-27T16:11:05.001Z] + '[' enable = load -o enable = unload ']'
[2023-11-27T16:11:05.001Z] + /usr/bin/scl enable gcc-toolset-11 -
[2023-11-27T16:11:05.001Z] python ecg-maya-hydra/build.py --stages=clean --workspace-dir=/local/S/jenkins/workspace/ECP/ecg-maya-hydra/ecg-maya-hydra-branch-preflight-python3-linux --artifactory-dir=/local/S/jenkins/workspace/shared/Artifactory --build-dir=/local/S/jenkins/workspace/ECP/ecg-maya-hydra/ecg-maya-hydra-branch-preflight-python3-linux/build --install-dir=/local/S/jenkins/workspace/ECP/ecg-maya-hydra/ecg-maya-hydra-branch-preflight-python3-linux/install --signing-dir=/local/S/jenkins/workspace/ECP/ecg-maya-hydra/ecg-maya-hydra-branch-preflight-python3-linux/signing --package-dir=/local/S/jenkins/workspace/ECP/ecg-maya-hydra/ecg-maya-hydra-branch-preflight-python3-linux/package --output-dir=/local/S/jenkins/workspace/ECP/ecg-maya-hydra/ecg-maya-hydra-branch-preflight-python3-linux/output --stash-dir=/local/S/jenkins/workspace/ECP/ecg-maya-hydra/ecg-maya-hydra-branch-preflight-python3-linux/stash --jenkins-build=421 --git-commit=1e39ccdaa2da94b4df1efb7854598ed499acdc31 --git-branch=master --variants=RelWithDebInfo --interactive-tests=true --post-zips=false --osx-binary-architecture-target=ub2 --osx-deployment-target=11.0 --osx-base-sdk=CurrentActiveSDK --maya-cut-config=maya-rundev-master.yaml --maya-package=rundev-master --stage-banner
[2023-11-27T16:11:05.001Z] Using Maya cut from /local/S/jenkins/workspace/shared/Artifactory/Linux/rundev-master/202311240749/runtime/c24098a
[2023-11-27T16:11:05.001Z] 
[2023-11-27T16:11:05.001Z] ================================================================================
[2023-11-27T16:11:05.001Z]                              clean (RelWithDebInfo)
[2023-11-27T16:11:05.001Z] ================================================================================
[2023-11-27T16:11:05.001Z] Maya Python RelWithDebInfo Info:
[2023-11-27T16:11:05.001Z]   mayapy executable   = /local/S/jenkins/workspace/shared/Artifactory/Linux/rundev-master/202311240749/runtime/c24098a/runTime/bin/mayapy
[2023-11-27T16:11:05.001Z]   Include Folder      = /local/S/jenkins/workspace/shared/Artifactory/Linux/rundev-master/202311240749/runtime/c24098a/runTime/include/Python311/Python
[2023-11-27T16:11:05.001Z]   Library             = /local/S/jenkins/workspace/shared/Artifactory/Linux/rundev-master/202311240749/runtime/c24098a/runTime/lib/libpython3.11.so.1.0
[2023-11-27T16:11:05.001Z]   site-package Folder = /local/S/jenkins/workspace/shared/Artifactory/Linux/rundev-master/202311240749/runtime/c24098a/runTime/lib/python3.11/site-packages
[2023-11-27T16:11:05.538Z] In workdir: /home/S/jenkins/workspace/ECP/ecg-maya-hydra/ecg-maya-hydra-branch-preflight-python3-linux/ecg-maya-hydra/maya-hydra
[2023-11-27T16:11:05.538Z] Executing: /local/S/jenkins/workspace/shared/Artifactory/Linux/rundev-master/202311240749/runtime/c24098a/runTime/bin/mayapy /home/S/jenkins/workspace/ECP/ecg-maya-hydra/ecg-maya-hydra-branch-preflight-python3-linux/ecg-maya-hydra/maya-hydra/build.py --generator Ninja --build-relwithdebug --maya-location /local/S/jenkins/workspace/shared/Artifactory/Linux/rundev-master/202311240749/runtime/c24098a/runTime --devkit-location /local/S/jenkins/workspace/shared/Artifactory/Linux/rundev-master/202311240749/runtime/c24098a/devkitBase --pxrusd-location /local/S/jenkins/workspace/shared/Artifactory/Linux/USD/1a43c47 --build-args=-DCMAKE_MAKE_PROGRAM=/local/S/jenkins/workspace/shared/Artifactory/Linux/ninja/1.10.2/9ab399b/ninja,-DPYTHON_INCLUDE_DIR=/local/S/jenkins/workspace/shared/Artifactory/Linux/rundev-master/202311240749/runtime/c24098a/runTime/include/Python311/Python,-DPython_EXECUTABLE=/local/S/jenkins/workspace/shared/Artifactory/Linux/rundev-master/202311240749/runtime/c24098a/runTime/bin/mayapy,-DPYTHON_LIBRARIES=/local/S/jenkins/workspace/shared/Artifactory/Linux/rundev-master/202311240749/runtime/c24098a/runTime/lib/libpython3.11.so.1.0,-DBUILD_WITH_PYTHON_3_VERSION=3.11,-DCMAKE_WANT_MATERIALX_BUILD=ON,-DCMAKE_PREFIX_PATH=/local/S/jenkins/workspace/shared/Artifactory/Linux/USD/1a43c47,-DMAYAHYDRA_BUILD_NUMBER=421,-DMAYAHYDRA_GIT_COMMIT=1e39ccdaa2da94b4df1efb7854598ed499acdc31,-DMAYAHYDRA_GIT_BRANCH=master '--ctest-args=--parallel 16' --stages=clean --redirect-outstream-file=False --install-location /local/S/jenkins/workspace/ECP/ecg-maya-hydra/ecg-maya-hydra-branch-preflight-python3-linux/install/RelWithDebInfo/MayaHydra /local/S/jenkins/workspace/ECP/ecg-maya-hydra/ecg-maya-hydra-branch-preflight-python3-linux
[2023-11-27T16:11:05.538Z] Modified environment variables:
[2023-11-27T16:11:05.538Z]     LD_LIBRARY_PATH=/opt/rh/gcc-toolset-11/root/usr/lib64:/opt/rh/gcc-toolset-11/root/usr/lib64:/opt/rh/gcc-toolset-11/root/usr/lib:/opt/rh/gcc-toolset-11/root/usr/lib64/dyninst:/opt/rh/gcc-toolset-11/root/usr/lib/dyninst
[2023-11-27T16:11:05.538Z]     PATH=/local/S/jenkins/workspace/shared/Artifactory/Linux/cmake/3.20.3/ab685d7/bin:/opt/rh/gcc-toolset-11/root/usr/bin:/home/administrator/.local/bin:/home/administrator/bin:/usr/share/Modules/bin:/usr/local/bin:/usr/local/sbin:/usr/bin:/usr/sbin
[2023-11-27T16:11:05.538Z]     
[2023-11-27T16:11:05.538Z]         Building with settings:
[2023-11-27T16:11:05.538Z]           Source directory          /home/S/jenkins/workspace/ECP/ecg-maya-hydra/ecg-maya-hydra-branch-preflight-python3-linux/ecg-maya-hydra/maya-hydra
[2023-11-27T16:11:05.538Z]           Workspace directory       /local/S/jenkins/workspace/ECP/ecg-maya-hydra/ecg-maya-hydra-branch-preflight-python3-linux
[2023-11-27T16:11:05.538Z]           Build directory           /local/S/jenkins/workspace/ECP/ecg-maya-hydra/ecg-maya-hydra-branch-preflight-python3-linux/build/RelWithDebInfo
[2023-11-27T16:11:05.538Z]           Install directory         /local/S/jenkins/workspace/ECP/ecg-maya-hydra/ecg-maya-hydra-branch-preflight-python3-linux/install/RelWithDebInfo/MayaHydra
[2023-11-27T16:11:05.538Z]           Variant                   RelWithDebInfo
[2023-11-27T16:11:05.538Z]           Python Debug              Off
[2023-11-27T16:11:05.538Z]           CMake generator           Ninja
[2023-11-27T16:11:05.538Z]           Build arguments           ['-DCMAKE_MAKE_PROGRAM=/local/S/jenkins/workspace/shared/Artifactory/Linux/ninja/1.10.2/9ab399b/ninja', '-DPYTHON_INCLUDE_DIR=/local/S/jenkins/workspace/shared/Artifactory/Linux/rundev-master/202311240749/runtime/c24098a/runTime/include/Python311/Python', '-DPython_EXECUTABLE=/local/S/jenkins/workspace/shared/Artifactory/Linux/rundev-master/202311240749/runtime/c24098a/runTime/bin/mayapy', '-DPYTHON_LIBRARIES=/local/S/jenkins/workspace/shared/Artifactory/Linux/rundev-master/202311240749/runtime/c24098a/runTime/lib/libpython3.11.so.1.0', '-DBUILD_WITH_PYTHON_3_VERSION=3.11', '-DCMAKE_WANT_MATERIALX_BUILD=ON', '-DCMAKE_PREFIX_PATH=/local/S/jenkins/workspace/shared/Artifactory/Linux/USD/1a43c47', '-DMAYAHYDRA_BUILD_NUMBER=421', '-DMAYAHYDRA_GIT_COMMIT=1e39ccdaa2da94b4df1efb7854598ed499acdc31', '-DMAYAHYDRA_GIT_BRANCH=master']
[2023-11-27T16:11:05.538Z]           Stages arguments          ['clean']
[2023-11-27T16:11:05.538Z]           CTest arguments           ['--parallel 16']
[2023-11-27T16:11:05.538Z]     Success MayaHydra build and install !!!!
[2023-11-27T16:11:05.538Z]     Elapsed time: 00:00:00
[Pipeline] }
[Pipeline] // withEnv
[Pipeline] }
[Pipeline] // timeout
[Pipeline] }
[Pipeline] // stage
[Pipeline] }
[Pipeline] // timestamps
[Pipeline] timestamps
[Pipeline] {
[Pipeline] stage
[Pipeline] { (Configure)
[Pipeline] timeout
[2023-11-27T16:11:05.901Z] Timeout set to expire in 6 hr 0 min
[Pipeline] {
[Pipeline] withEnv
[Pipeline] {
[Pipeline] sh
[2023-11-27T16:11:07.071Z] + scl enable gcc-toolset-11 -
[2023-11-27T16:11:07.071Z] + '[' enable = load -o enable = unload ']'
[2023-11-27T16:11:07.071Z] + /usr/bin/scl enable gcc-toolset-11 -
[2023-11-27T16:11:07.071Z] python ecg-maya-hydra/build.py --stages=configure --workspace-dir=/local/S/jenkins/workspace/ECP/ecg-maya-hydra/ecg-maya-hydra-branch-preflight-python3-linux --artifactory-dir=/local/S/jenkins/workspace/shared/Artifactory --build-dir=/local/S/jenkins/workspace/ECP/ecg-maya-hydra/ecg-maya-hydra-branch-preflight-python3-linux/build --install-dir=/local/S/jenkins/workspace/ECP/ecg-maya-hydra/ecg-maya-hydra-branch-preflight-python3-linux/install --signing-dir=/local/S/jenkins/workspace/ECP/ecg-maya-hydra/ecg-maya-hydra-branch-preflight-python3-linux/signing --package-dir=/local/S/jenkins/workspace/ECP/ecg-maya-hydra/ecg-maya-hydra-branch-preflight-python3-linux/package --output-dir=/local/S/jenkins/workspace/ECP/ecg-maya-hydra/ecg-maya-hydra-branch-preflight-python3-linux/output --stash-dir=/local/S/jenkins/workspace/ECP/ecg-maya-hydra/ecg-maya-hydra-branch-preflight-python3-linux/stash --jenkins-build=421 --git-commit=1e39ccdaa2da94b4df1efb7854598ed499acdc31 --git-branch=master --variants=Debug --interactive-tests=true --post-zips=false --osx-binary-architecture-target=ub2 --osx-deployment-target=11.0 --osx-base-sdk=CurrentActiveSDK --maya-cut-config=maya-rundev-master-debug.yaml --maya-package=rundev-master-debug --stage-banner
[2023-11-27T16:11:07.071Z] Using Maya cut from /local/S/jenkins/workspace/shared/Artifactory/Linux/rundev-master-debug/202311240749/runtime/8e4eed9
[2023-11-27T16:11:07.071Z] 
[2023-11-27T16:11:07.071Z] ================================================================================
[2023-11-27T16:11:07.071Z]                                configure (Debug)
[2023-11-27T16:11:07.071Z] ================================================================================
[2023-11-27T16:11:07.071Z] Maya Python Debug Info:
[2023-11-27T16:11:07.071Z]   mayapy executable   = /local/S/jenkins/workspace/shared/Artifactory/Linux/rundev-master-debug/202311240749/runtime/8e4eed9/runTime/bin/mayapy
[2023-11-27T16:11:07.071Z]   Include Folder      = /local/S/jenkins/workspace/shared/Artifactory/Linux/rundev-master-debug/202311240749/runtime/8e4eed9/runTime/include/Python311/Python
[2023-11-27T16:11:07.071Z]   Library             = /local/S/jenkins/workspace/shared/Artifactory/Linux/rundev-master-debug/202311240749/runtime/8e4eed9/runTime/lib/libpython3.11d.so.1.0
[2023-11-27T16:11:07.071Z]   site-package Folder = /local/S/jenkins/workspace/shared/Artifactory/Linux/rundev-master-debug/202311240749/runtime/8e4eed9/runTime/lib/python3.11/site-packages
[2023-11-27T16:11:08.198Z] In workdir: /home/S/jenkins/workspace/ECP/ecg-maya-hydra/ecg-maya-hydra-branch-preflight-python3-linux/ecg-maya-hydra/maya-hydra
[2023-11-27T16:11:08.199Z] Executing: /local/S/jenkins/workspace/shared/Artifactory/Linux/rundev-master-debug/202311240749/runtime/8e4eed9/runTime/bin/mayapy /home/S/jenkins/workspace/ECP/ecg-maya-hydra/ecg-maya-hydra-branch-preflight-python3-linux/ecg-maya-hydra/maya-hydra/build.py --generator Ninja --build-debug --maya-location /local/S/jenkins/workspace/shared/Artifactory/Linux/rundev-master-debug/202311240749/runtime/8e4eed9/runTime --devkit-location /local/S/jenkins/workspace/shared/Artifactory/Linux/rundev-master-debug/202311240749/runtime/8e4eed9/devkitBase --pxrusd-location /local/S/jenkins/workspace/shared/Artifactory/Linux/USD/e5ad5df --build-args=-DCMAKE_MAKE_PROGRAM=/local/S/jenkins/workspace/shared/Artifactory/Linux/ninja/1.10.2/9ab399b/ninja,-DPYTHON_INCLUDE_DIR=/local/S/jenkins/workspace/shared/Artifactory/Linux/rundev-master-debug/202311240749/runtime/8e4eed9/runTime/include/Python311/Python,-DPython_EXECUTABLE=/local/S/jenkins/workspace/shared/Artifactory/Linux/rundev-master-debug/202311240749/runtime/8e4eed9/runTime/bin/mayapy,-DPYTHON_LIBRARIES=/local/S/jenkins/workspace/shared/Artifactory/Linux/rundev-master-debug/202311240749/runtime/8e4eed9/runTime/lib/libpython3.11d.so.1.0,-DBUILD_WITH_PYTHON_3_VERSION=3.11,-DCMAKE_WANT_MATERIALX_BUILD=ON,-DCMAKE_PREFIX_PATH=/local/S/jenkins/workspace/shared/Artifactory/Linux/USD/e5ad5df,-DMAYAHYDRA_BUILD_NUMBER=421,-DMAYAHYDRA_GIT_COMMIT=1e39ccdaa2da94b4df1efb7854598ed499acdc31,-DMAYAHYDRA_GIT_BRANCH=master --debug-python '--ctest-args=--parallel 16' --stages=configure --redirect-outstream-file=False --install-location /local/S/jenkins/workspace/ECP/ecg-maya-hydra/ecg-maya-hydra-branch-preflight-python3-linux/install/Debug/MayaHydra /local/S/jenkins/workspace/ECP/ecg-maya-hydra/ecg-maya-hydra-branch-preflight-python3-linux
[2023-11-27T16:11:08.199Z] Modified environment variables:
[2023-11-27T16:11:08.199Z]     LD_LIBRARY_PATH=/opt/rh/gcc-toolset-11/root/usr/lib64:/opt/rh/gcc-toolset-11/root/usr/lib64:/opt/rh/gcc-toolset-11/root/usr/lib:/opt/rh/gcc-toolset-11/root/usr/lib64/dyninst:/opt/rh/gcc-toolset-11/root/usr/lib/dyninst
[2023-11-27T16:11:08.199Z]     PATH=/local/S/jenkins/workspace/shared/Artifactory/Linux/cmake/3.20.3/ab685d7/bin:/opt/rh/gcc-toolset-11/root/usr/bin:/home/administrator/.local/bin:/home/administrator/bin:/usr/share/Modules/bin:/usr/local/bin:/usr/local/sbin:/usr/bin:/usr/sbin
[2023-11-27T16:11:08.735Z]     -- The C compiler identification is GNU 11.2.1
[2023-11-27T16:11:08.735Z]     -- The CXX compiler identification is GNU 11.2.1
[2023-11-27T16:11:08.735Z]     -- Detecting C compiler ABI info
[2023-11-27T16:11:08.735Z]     -- Detecting C compiler ABI info - done
[2023-11-27T16:11:08.735Z]     -- Check for working C compiler: /opt/rh/gcc-toolset-11/root/usr/bin/cc - skipped
[2023-11-27T16:11:08.735Z]     -- Detecting C compile features
[2023-11-27T16:11:08.735Z]     -- Detecting C compile features - done
[2023-11-27T16:11:08.735Z]     -- Detecting CXX compiler ABI info
[2023-11-27T16:11:08.735Z]     -- Detecting CXX compiler ABI info - done
[2023-11-27T16:11:08.735Z]     -- Check for working CXX compiler: /opt/rh/gcc-toolset-11/root/usr/bin/c++ - skipped
[2023-11-27T16:11:08.735Z]     -- Detecting CXX compile features
[2023-11-27T16:11:08.735Z]     -- Detecting CXX compile features - done
[2023-11-27T16:11:09.272Z]     -- Using Maya Light API Version 3
[2023-11-27T16:11:09.272Z]     -- Maya has setDefaultMaterialHandling API
[2023-11-27T16:11:09.272Z]     -- Maya has new point snapping API
[2023-11-27T16:11:09.272Z]     -- Maya has isInCrashHandler API
[2023-11-27T16:11:09.272Z]     -- Maya has getDisplayStyleOfAllViewports API
[2023-11-27T16:11:09.272Z]     -- Maya array iterator has difference_type trait
[2023-11-27T16:11:09.272Z]     -- MFnSet has getMemberPaths function
[2023-11-27T16:11:09.272Z]     -- MFnDisplayLayer exists
[2023-11-27T16:11:09.272Z]     -- MDisplayLayerMessage has MDisplayLayerMemberChangedFunction
[2023-11-27T16:11:09.272Z]     -- MRenderItem has HideOnPlayback API
[2023-11-27T16:11:09.808Z]     -- Linux: Maya was built with new cxx11 ABI
[2023-11-27T16:11:09.808Z]     -- Found Maya: /local/S/jenkins/workspace/shared/Artifactory/Linux/rundev-master-debug/202311240749/runtime/8e4eed9/runTime/bin/maya (found suitable version "2025", minimum required is "2024")
[2023-11-27T16:11:10.345Z]     -- Found Python: /local/S/jenkins/workspace/shared/Artifactory/Linux/rundev-master-debug/202311240749/runtime/8e4eed9/runTime/bin/mayapy (found suitable exact version "3.11.4") found components: Interpreter
[2023-11-27T16:11:10.345Z]     -- Build mayaHydra with Python3 = 3.11
[2023-11-27T16:11:10.345Z]     --    PYTHON_INCLUDE_DIRS = /local/S/jenkins/workspace/shared/Artifactory/Linux/rundev-master-debug/202311240749/runtime/8e4eed9/runTime/include/Python311/Python
[2023-11-27T16:11:10.345Z]     --    PYTHON_LIBRARIES    = /local/S/jenkins/workspace/shared/Artifactory/Linux/rundev-master-debug/202311240749/runtime/8e4eed9/runTime/lib/libpython3.11d.so.1.0
[2023-11-27T16:11:10.345Z]     --    Python_EXECUTABLE   = /local/S/jenkins/workspace/shared/Artifactory/Linux/rundev-master-debug/202311240749/runtime/8e4eed9/runTime/bin/mayapy
[2023-11-27T16:11:10.884Z]     -- Found Python3: /local/S/jenkins/workspace/shared/Artifactory/Linux/rundev-master-debug/202311240749/runtime/8e4eed9/runTime/include/Python311/Python (found suitable exact version "3.11.4") found components: Development Development.Module Development.Embed
[2023-11-27T16:11:10.884Z]     -- USD has new Sdr.PropertyTypes.Color4
[2023-11-27T16:11:11.422Z]     -- USD has MaterialX metadata support
[2023-11-27T16:11:11.422Z]     -- USD include dir: /local/S/jenkins/workspace/shared/Artifactory/Linux/USD/e5ad5df/include
[2023-11-27T16:11:11.422Z]     -- USD library dir: /local/S/jenkins/workspace/shared/Artifactory/Linux/USD/e5ad5df/lib
[2023-11-27T16:11:11.422Z]     -- USD version: 0.23.11
[2023-11-27T16:11:11.422Z]     -- Found USD: /local/S/jenkins/workspace/shared/Artifactory/Linux/USD/e5ad5df (found suitable version "0.23.11", minimum required is "0.22.11")
[2023-11-27T16:11:11.422Z]     Updated PYTHONPATH: /local/S/jenkins/workspace/shared/Artifactory/Linux/USD/e5ad5df/lib/python
[2023-11-27T16:11:11.422Z]     -- Found UFE: /local/S/jenkins/workspace/shared/Artifactory/Linux/rundev-master-debug/202311240749/runtime/8e4eed9/devkitBase/devkit/ufe/include (found version "0.5.14")
[2023-11-27T16:11:11.422Z]     -- UFE include dir: /local/S/jenkins/workspace/shared/Artifactory/Linux/rundev-master-debug/202311240749/runtime/8e4eed9/devkitBase/devkit/ufe/include
[2023-11-27T16:11:11.422Z]     -- UFE library: /local/S/jenkins/workspace/shared/Artifactory/Linux/rundev-master-debug/202311240749/runtime/8e4eed9/devkitBase/devkit/ufe/lib/libufe_0.so
[2023-11-27T16:11:11.422Z]     -- UFE version: 0.5.14
[2023-11-27T16:11:11.422Z]     -- Maya has UFE lights API
[2023-11-27T16:11:11.422Z]     -- Maya has UFE scene segment API
[2023-11-27T16:11:11.422Z]     -- Maya has UFE TrieNode childrenComponents accessor
[2023-11-27T16:11:11.422Z]     -- Building with UFE 0.5.14.
[2023-11-27T16:11:11.422Z]     -- Found MaterialX
[2023-11-27T16:11:11.422Z]     -- Check if compiler accepts -pthread
[2023-11-27T16:11:11.422Z]     -- Check if compiler accepts -pthread - yes
[2023-11-27T16:11:11.422Z]     -- Performing Test HAVE_STDATOMIC
[2023-11-27T16:11:11.422Z]     -- Performing Test HAVE_STDATOMIC - Success
[2023-11-27T16:11:11.422Z]     -- Found OpenGL: /usr/lib64/libOpenGL.so
[2023-11-27T16:11:11.422Z]     -- Check if linker can resolve circular dependencies - FALSE
[2023-11-27T16:11:11.422Z]     -- Found Qt 6.5.3 in Maya devkit. Hydra Scene Browser will be built.
[2023-11-27T16:11:11.422Z]     -- **** Building Gulrak From Github Repository.
[2023-11-27T16:11:11.422Z]     -- Populating gulrak
[2023-11-27T16:11:11.422Z]     -- Configuring done
[2023-11-27T16:11:11.422Z]     -- Generating done
[2023-11-27T16:11:11.422Z]     -- Build files have been written to: /home/S/jenkins/workspace/ECP/ecg-maya-hydra/ecg-maya-hydra-branch-preflight-python3-linux/build/Debug/_deps/gulrak-subbuild
[2023-11-27T16:11:11.959Z]     [1/9] Creating directories for 'gulrak-populate'
[2023-11-27T16:11:11.959Z]     [1/9] Performing download step (git clone) for 'gulrak-populate'
[2023-11-27T16:11:11.959Z]     Cloning into 'gulrak-src'...
[2023-11-27T16:11:11.959Z]     HEAD is now at 4e21ab3 Version bump and updated readme.
[2023-11-27T16:11:11.959Z]     [2/9] Performing update step for 'gulrak-populate'
[2023-11-27T16:11:11.959Z]     [4/9] No patch step for 'gulrak-populate'
[2023-11-27T16:11:11.959Z]     [5/9] No configure step for 'gulrak-populate'
[2023-11-27T16:11:11.959Z]     [6/9] No build step for 'gulrak-populate'
[2023-11-27T16:11:11.959Z]     [7/9] No install step for 'gulrak-populate'
[2023-11-27T16:11:11.959Z]     [8/9] No test step for 'gulrak-populate'
[2023-11-27T16:11:11.959Z]     [9/9] Completed 'gulrak-populate'
[2023-11-27T16:11:11.959Z]     -- ========== Installing GoogleTest... ==========
[2023-11-27T16:11:12.495Z]     -- Configuring done
[2023-11-27T16:11:12.495Z]     -- Generating done
[2023-11-27T16:11:12.495Z]     -- Build files have been written to: /home/S/jenkins/workspace/ECP/ecg-maya-hydra/ecg-maya-hydra-branch-preflight-python3-linux/build/Debug/googletest-config
[2023-11-27T16:11:12.495Z]     [1/8] Creating directories for 'googletest'
[2023-11-27T16:11:13.618Z]     [2/8] Performing download step (git clone) for 'googletest'
[2023-11-27T16:11:13.618Z]     Cloning into 'googletest-src'...
[2023-11-27T16:11:13.618Z]     HEAD is now at 703bd9ca Googletest export
[2023-11-27T16:11:13.618Z]     [3/8] Performing update step for 'googletest'
[2023-11-27T16:11:13.618Z]     [4/8] No patch step for 'googletest'
[2023-11-27T16:11:13.618Z]     [5/8] Performing configure step for 'googletest'
[2023-11-27T16:11:13.618Z]     Not searching for unused variables given on the command line.
[2023-11-27T16:11:13.618Z]     CMake Deprecation Warning at CMakeLists.txt:4 (cmake_minimum_required):
[2023-11-27T16:11:13.618Z]       Compatibility with CMake < 2.8.12 will be removed from a future version of
[2023-11-27T16:11:13.618Z]       CMake.
[2023-11-27T16:11:13.618Z]     
[2023-11-27T16:11:13.618Z]       Update the VERSION argument <min> value or use a ...<max> suffix to tell
[2023-11-27T16:11:13.618Z]       CMake that the project does not need compatibility with older versions.
[2023-11-27T16:11:13.618Z]     
[2023-11-27T16:11:13.618Z]     
[2023-11-27T16:11:13.618Z]     -- The C compiler identification is GNU 11.2.1
[2023-11-27T16:11:13.618Z]     -- The CXX compiler identification is GNU 11.2.1
[2023-11-27T16:11:13.618Z]     -- Detecting C compiler ABI info
[2023-11-27T16:11:13.618Z]     -- Detecting C compiler ABI info - done
[2023-11-27T16:11:13.618Z]     -- Check for working C compiler: /opt/rh/gcc-toolset-11/root/usr/bin/cc - skipped
[2023-11-27T16:11:13.618Z]     -- Detecting C compile features
[2023-11-27T16:11:13.618Z]     -- Detecting C compile features - done
[2023-11-27T16:11:13.618Z]     -- Detecting CXX compiler ABI info
[2023-11-27T16:11:13.618Z]     -- Detecting CXX compiler ABI info - done
[2023-11-27T16:11:13.618Z]     -- Check for working CXX compiler: /opt/rh/gcc-toolset-11/root/usr/bin/c++ - skipped
[2023-11-27T16:11:13.618Z]     -- Detecting CXX compile features
[2023-11-27T16:11:13.618Z]     -- Detecting CXX compile features - done
[2023-11-27T16:11:13.618Z]     CMake Deprecation Warning at googletest/CMakeLists.txt:56 (cmake_minimum_required):
[2023-11-27T16:11:13.618Z]       Compatibility with CMake < 2.8.12 will be removed from a future version of
[2023-11-27T16:11:13.618Z]       CMake.
[2023-11-27T16:11:13.618Z]     
[2023-11-27T16:11:13.618Z]       Update the VERSION argument <min> value or use a ...<max> suffix to tell
[2023-11-27T16:11:13.618Z]       CMake that the project does not need compatibility with older versions.
[2023-11-27T16:11:13.618Z]     
[2023-11-27T16:11:13.618Z]     
[2023-11-27T16:11:13.618Z]     -- Found PythonInterp: /usr/local/bin/python (found version "3.9.7")
[2023-11-27T16:11:13.618Z]     -- Looking for pthread.h
[2023-11-27T16:11:13.618Z]     -- Looking for pthread.h - found
[2023-11-27T16:11:13.618Z]     -- Performing Test CMAKE_HAVE_LIBC_PTHREAD
[2023-11-27T16:11:13.618Z]     -- Performing Test CMAKE_HAVE_LIBC_PTHREAD - Failed
[2023-11-27T16:11:13.618Z]     -- Looking for pthread_create in pthreads
[2023-11-27T16:11:13.618Z]     -- Looking for pthread_create in pthreads - not found
[2023-11-27T16:11:13.618Z]     -- Looking for pthread_create in pthread
[2023-11-27T16:11:13.618Z]     -- Looking for pthread_create in pthread - found
[2023-11-27T16:11:13.618Z]     -- Found Threads: TRUE
[2023-11-27T16:11:13.618Z]     -- Configuring done
[2023-11-27T16:11:13.618Z]     -- Generating done
[2023-11-27T16:11:13.618Z]     -- Build files have been written to: /home/S/jenkins/workspace/ECP/ecg-maya-hydra/ecg-maya-hydra-branch-preflight-python3-linux/build/Debug/googletest-build
[2023-11-27T16:11:16.994Z]     [6/8] Performing build step for 'googletest'
[2023-11-27T16:11:16.994Z]     [1/4] Building CXX object googletest/CMakeFiles/gtest_main.dir/src/gtest_main.cc.o
[2023-11-27T16:11:16.994Z]     [2/4] Building CXX object googletest/CMakeFiles/gtest.dir/src/gtest-all.cc.o
[2023-11-27T16:11:16.994Z]     [3/4] Linking CXX shared library lib/libgtestd.so
[2023-11-27T16:11:16.994Z]     [4/4] Linking CXX shared library lib/libgtest_maind.so
[2023-11-27T16:11:16.994Z]     [7/8] Performing install step for 'googletest'
[2023-11-27T16:11:16.994Z]     [0/1] Install the project...
[2023-11-27T16:11:16.994Z]     -- Install configuration: "Debug"
[2023-11-27T16:11:16.994Z]     -- Set runtime path of "/home/S/jenkins/workspace/ECP/ecg-maya-hydra/ecg-maya-hydra-branch-preflight-python3-linux/build/Debug/googletest-install/lib64/libgtest_maind.so" to ""
[2023-11-27T16:11:16.994Z]     [8/8] Completed 'googletest'
[2023-11-27T16:11:16.994Z]     -- ========== ...  GoogleTest installed. ==========
[2023-11-27T16:11:16.994Z]     -- Found GTest: /home/S/jenkins/workspace/ECP/ecg-maya-hydra/ecg-maya-hydra-branch-preflight-python3-linux/build/Debug/googletest-install/lib64/libgtestd.so
[2023-11-27T16:11:16.994Z]     -- promoting: /home/S/jenkins/workspace/ECP/ecg-maya-hydra/ecg-maya-hydra-branch-preflight-python3-linux/ecg-maya-hydra/maya-hydra/lib/mayaHydra/mayaPlugin/pluginUtils.h
[2023-11-27T16:11:16.994Z]     -- promoting: /home/S/jenkins/workspace/ECP/ecg-maya-hydra/ecg-maya-hydra-branch-preflight-python3-linux/ecg-maya-hydra/maya-hydra/lib/mayaHydra/hydraExtensions/api.h
[2023-11-27T16:11:16.994Z]     -- promoting: /home/S/jenkins/workspace/ECP/ecg-maya-hydra/ecg-maya-hydra-branch-preflight-python3-linux/ecg-maya-hydra/maya-hydra/lib/mayaHydra/hydraExtensions/debugCodes.h
[2023-11-27T16:11:16.994Z]     -- promoting: /home/S/jenkins/workspace/ECP/ecg-maya-hydra/ecg-maya-hydra-branch-preflight-python3-linux/ecg-maya-hydra/maya-hydra/lib/mayaHydra/hydraExtensions/hydraUtils.h
[2023-11-27T16:11:16.994Z]     -- promoting: /home/S/jenkins/workspace/ECP/ecg-maya-hydra/ecg-maya-hydra-branch-preflight-python3-linux/ecg-maya-hydra/maya-hydra/lib/mayaHydra/hydraExtensions/mayaHydraLibInterface.h
[2023-11-27T16:11:16.994Z]     -- promoting: /home/S/jenkins/workspace/ECP/ecg-maya-hydra/ecg-maya-hydra-branch-preflight-python3-linux/ecg-maya-hydra/maya-hydra/lib/mayaHydra/hydraExtensions/mayaHydraLibInterfaceImp.h
[2023-11-27T16:11:16.994Z]     -- promoting: /home/S/jenkins/workspace/ECP/ecg-maya-hydra/ecg-maya-hydra-branch-preflight-python3-linux/ecg-maya-hydra/maya-hydra/lib/mayaHydra/hydraExtensions/mayaUtils.h
[2023-11-27T16:11:16.994Z]     -- promoting: /home/S/jenkins/workspace/ECP/ecg-maya-hydra/ecg-maya-hydra-branch-preflight-python3-linux/ecg-maya-hydra/maya-hydra/lib/mayaHydra/hydraExtensions/mixedUtils.h
[2023-11-27T16:11:16.994Z]     -- promoting: /home/S/jenkins/workspace/ECP/ecg-maya-hydra/ecg-maya-hydra-branch-preflight-python3-linux/ecg-maya-hydra/maya-hydra/lib/mayaHydra/hydraExtensions/mayaHydraSceneProducer.h
[2023-11-27T16:11:16.994Z]     -- promoting: /home/S/jenkins/workspace/ECP/ecg-maya-hydra/ecg-maya-hydra-branch-preflight-python3-linux/ecg-maya-hydra/maya-hydra/lib/mayaHydra/hydraExtensions/adapters/adapter.h
[2023-11-27T16:11:16.994Z]     -- promoting: /home/S/jenkins/workspace/ECP/ecg-maya-hydra/ecg-maya-hydra-branch-preflight-python3-linux/ecg-maya-hydra/maya-hydra/lib/mayaHydra/hydraExtensions/adapters/adapterDebugCodes.h
[2023-11-27T16:11:16.994Z]     -- promoting: /home/S/jenkins/workspace/ECP/ecg-maya-hydra/ecg-maya-hydra-branch-preflight-python3-linux/ecg-maya-hydra/maya-hydra/lib/mayaHydra/hydraExtensions/adapters/adapterRegistry.h
[2023-11-27T16:11:16.994Z]     -- promoting: /home/S/jenkins/workspace/ECP/ecg-maya-hydra/ecg-maya-hydra-branch-preflight-python3-linux/ecg-maya-hydra/maya-hydra/lib/mayaHydra/hydraExtensions/adapters/cameraAdapter.h
[2023-11-27T16:11:16.994Z]     -- promoting: /home/S/jenkins/workspace/ECP/ecg-maya-hydra/ecg-maya-hydra-branch-preflight-python3-linux/ecg-maya-hydra/maya-hydra/lib/mayaHydra/hydraExtensions/adapters/constantShadowMatrix.h
[2023-11-27T16:11:16.994Z]     -- promoting: /home/S/jenkins/workspace/ECP/ecg-maya-hydra/ecg-maya-hydra-branch-preflight-python3-linux/ecg-maya-hydra/maya-hydra/lib/mayaHydra/hydraExtensions/adapters/dagAdapter.h
[2023-11-27T16:11:16.994Z]     -- promoting: /home/S/jenkins/workspace/ECP/ecg-maya-hydra/ecg-maya-hydra-branch-preflight-python3-linux/ecg-maya-hydra/maya-hydra/lib/mayaHydra/hydraExtensions/adapters/renderItemAdapter.h
[2023-11-27T16:11:16.994Z]     -- promoting: /home/S/jenkins/workspace/ECP/ecg-maya-hydra/ecg-maya-hydra-branch-preflight-python3-linux/ecg-maya-hydra/maya-hydra/lib/mayaHydra/hydraExtensions/adapters/lightAdapter.h
[2023-11-27T16:11:16.994Z]     -- promoting: /home/S/jenkins/workspace/ECP/ecg-maya-hydra/ecg-maya-hydra-branch-preflight-python3-linux/ecg-maya-hydra/maya-hydra/lib/mayaHydra/hydraExtensions/adapters/materialAdapter.h
[2023-11-27T16:11:16.994Z]     -- promoting: /home/S/jenkins/workspace/ECP/ecg-maya-hydra/ecg-maya-hydra-branch-preflight-python3-linux/ecg-maya-hydra/maya-hydra/lib/mayaHydra/hydraExtensions/adapters/materialNetworkConverter.h
[2023-11-27T16:11:16.994Z]     -- promoting: /home/S/jenkins/workspace/ECP/ecg-maya-hydra/ecg-maya-hydra-branch-preflight-python3-linux/ecg-maya-hydra/maya-hydra/lib/mayaHydra/hydraExtensions/adapters/mayaAttrs.h
[2023-11-27T16:11:16.994Z]     -- promoting: /home/S/jenkins/workspace/ECP/ecg-maya-hydra/ecg-maya-hydra-branch-preflight-python3-linux/ecg-maya-hydra/maya-hydra/lib/mayaHydra/hydraExtensions/adapters/shapeAdapter.h
[2023-11-27T16:11:16.994Z]     -- promoting: /home/S/jenkins/workspace/ECP/ecg-maya-hydra/ecg-maya-hydra-branch-preflight-python3-linux/ecg-maya-hydra/maya-hydra/lib/mayaHydra/hydraExtensions/adapters/tokens.h
[2023-11-27T16:11:16.994Z]     -- promoting: /home/S/jenkins/workspace/ECP/ecg-maya-hydra/ecg-maya-hydra-branch-preflight-python3-linux/ecg-maya-hydra/maya-hydra/lib/mayaHydra/hydraExtensions/delegates/delegate.h
[2023-11-27T16:11:16.994Z]     -- promoting: /home/S/jenkins/workspace/ECP/ecg-maya-hydra/ecg-maya-hydra-branch-preflight-python3-linux/ecg-maya-hydra/maya-hydra/lib/mayaHydra/hydraExtensions/delegates/delegateCtx.h
[2023-11-27T16:11:16.994Z]     -- promoting: /home/S/jenkins/workspace/ECP/ecg-maya-hydra/ecg-maya-hydra-branch-preflight-python3-linux/ecg-maya-hydra/maya-hydra/lib/mayaHydra/hydraExtensions/delegates/delegateDebugCodes.h
[2023-11-27T16:11:16.994Z]     -- promoting: /home/S/jenkins/workspace/ECP/ecg-maya-hydra/ecg-maya-hydra-branch-preflight-python3-linux/ecg-maya-hydra/maya-hydra/lib/mayaHydra/hydraExtensions/delegates/delegateRegistry.h
[2023-11-27T16:11:16.994Z]     -- promoting: /home/S/jenkins/workspace/ECP/ecg-maya-hydra/ecg-maya-hydra-branch-preflight-python3-linux/ecg-maya-hydra/maya-hydra/lib/mayaHydra/hydraExtensions/delegates/params.h
[2023-11-27T16:11:16.994Z]     -- promoting: /home/S/jenkins/workspace/ECP/ecg-maya-hydra/ecg-maya-hydra-branch-preflight-python3-linux/ecg-maya-hydra/maya-hydra/lib/mayaHydra/hydraExtensions/delegates/sceneDelegate.h
[2023-11-27T16:11:16.994Z]     -- promoting: /home/S/jenkins/workspace/ECP/ecg-maya-hydra/ecg-maya-hydra-branch-preflight-python3-linux/ecg-maya-hydra/maya-hydra/lib/mayaHydra/hydraExtensions/delegates/defaultLightDelegate.h
[2023-11-27T16:11:16.994Z]     -- promoting: /home/S/jenkins/workspace/ECP/ecg-maya-hydra/ecg-maya-hydra-branch-preflight-python3-linux/ecg-maya-hydra/maya-hydra/lib/mayaHydra/hydraExtensions/delegates/testDelegate.h
[2023-11-27T16:11:16.994Z]     -- promoting: /home/S/jenkins/workspace/ECP/ecg-maya-hydra/ecg-maya-hydra-branch-preflight-python3-linux/ecg-maya-hydra/maya-hydra/lib/mayaHydra/hydraExtensions/sceneIndex/registration.h
[2023-11-27T16:11:16.994Z]     -- promoting: /home/S/jenkins/workspace/ECP/ecg-maya-hydra/ecg-maya-hydra-branch-preflight-python3-linux/ecg-maya-hydra/maya-hydra/lib/mayaHydra/hydraExtensions/sceneIndex/mayaHydraSceneIndex.h
[2023-11-27T16:11:16.994Z]     -- promoting: /home/S/jenkins/workspace/ECP/ecg-maya-hydra/ecg-maya-hydra-branch-preflight-python3-linux/ecg-maya-hydra/maya-hydra/lib/mayaHydra/hydraExtensions/sceneIndex/mayaHydraDataSource.h
[2023-11-27T16:11:16.994Z]     -- promoting: /home/S/jenkins/workspace/ECP/ecg-maya-hydra/ecg-maya-hydra-branch-preflight-python3-linux/ecg-maya-hydra/maya-hydra/lib/mayaHydra/hydraExtensions/sceneIndex/mayaHydraPrimvarDataSource.h
[2023-11-27T16:11:16.994Z]     -- promoting: /home/S/jenkins/workspace/ECP/ecg-maya-hydra/ecg-maya-hydra-branch-preflight-python3-linux/ecg-maya-hydra/maya-hydra/lib/mayaHydra/hydraExtensions/sceneIndex/mayaHydraDisplayStyleDataSource.h
[2023-11-27T16:11:16.994Z]     -- promoting: /home/S/jenkins/workspace/ECP/ecg-maya-hydra/ecg-maya-hydra-branch-preflight-python3-linux/ecg-maya-hydra/maya-hydra/lib/mayaHydra/hydraExtensions/sceneIndex/mayaHydraCameraDataSource.h
[2023-11-27T16:11:16.994Z]     -- promoting: /home/S/jenkins/workspace/ECP/ecg-maya-hydra/ecg-maya-hydra-branch-preflight-python3-linux/ecg-maya-hydra/maya-hydra/lib/mayaHydra/hydraExtensions/sceneIndex/mayaHydraLightDataSource.h
[2023-11-27T16:11:16.994Z]     -- promoting: /home/S/jenkins/workspace/ECP/ecg-maya-hydra/ecg-maya-hydra-branch-preflight-python3-linux/ecg-maya-hydra/maya-hydra/lib/mayaHydra/hydraExtensions/sceneIndex/mayaHydraDefaultLightDataSource.h
[2023-11-27T16:11:16.994Z]     -- promoting: /home/S/jenkins/workspace/ECP/ecg-maya-hydra/ecg-maya-hydra-branch-preflight-python3-linux/ecg-maya-hydra/maya-hydra/lib/mayaHydra/hydraExtensions/sceneIndex/mayaHydraMayaDataProducerSceneIndexData.h
[2023-11-27T16:11:16.994Z]     -- promoting: /home/S/jenkins/workspace/ECP/ecg-maya-hydra/ecg-maya-hydra-branch-preflight-python3-linux/ecg-maya-hydra/maya-hydra/lib/mayaHydra/hydraExtensions/sceneIndex/mayaHydraMayaDataProducerSceneIndexDataConcreteFactory.h
[2023-11-27T16:11:16.994Z]     -- promoting: /home/S/jenkins/workspace/ECP/ecg-maya-hydra/ecg-maya-hydra-branch-preflight-python3-linux/ecg-maya-hydra/maya-hydra/lib/mayaHydra/hydraExtensions/sceneIndex/mayaHydraSceneIndexDataFactoriesSetup.h
[2023-11-27T16:11:16.994Z]     -- promoting: /home/S/jenkins/workspace/ECP/ecg-maya-hydra/ecg-maya-hydra-branch-preflight-python3-linux/ecg-maya-hydra/maya-hydra/lib/mayaHydra/ufeExtensions/api.h
[2023-11-27T16:11:16.994Z]     -- promoting: /home/S/jenkins/workspace/ECP/ecg-maya-hydra/ecg-maya-hydra-branch-preflight-python3-linux/ecg-maya-hydra/maya-hydra/lib/mayaHydra/ufeExtensions/Global.h
[2023-11-27T16:11:16.994Z]     -- promoting: /home/S/jenkins/workspace/ECP/ecg-maya-hydra/ecg-maya-hydra-branch-preflight-python3-linux/ecg-maya-hydra/maya-hydra/lib/flowViewport/api.h
[2023-11-27T16:11:16.994Z]     -- promoting: /home/S/jenkins/workspace/ECP/ecg-maya-hydra/ecg-maya-hydra-branch-preflight-python3-linux/ecg-maya-hydra/maya-hydra/lib/flowViewport/debugCodes.h
[2023-11-27T16:11:16.994Z]     -- promoting: /home/S/jenkins/workspace/ECP/ecg-maya-hydra/ecg-maya-hydra-branch-preflight-python3-linux/ecg-maya-hydra/maya-hydra/lib/flowViewport/global.h
[2023-11-27T16:11:16.994Z]     -- promoting: /home/S/jenkins/workspace/ECP/ecg-maya-hydra/ecg-maya-hydra-branch-preflight-python3-linux/ecg-maya-hydra/maya-hydra/lib/flowViewport/tokens.h
[2023-11-27T16:11:16.994Z]     -- promoting: /home/S/jenkins/workspace/ECP/ecg-maya-hydra/ecg-maya-hydra-branch-preflight-python3-linux/ecg-maya-hydra/maya-hydra/lib/flowViewport/colorPreferences/fvpColorChanged.h
[2023-11-27T16:11:16.994Z]     -- promoting: /home/S/jenkins/workspace/ECP/ecg-maya-hydra/ecg-maya-hydra-branch-preflight-python3-linux/ecg-maya-hydra/maya-hydra/lib/flowViewport/colorPreferences/fvpColorPreferences.h
[2023-11-27T16:11:16.994Z]     -- promoting: /home/S/jenkins/workspace/ECP/ecg-maya-hydra/ecg-maya-hydra-branch-preflight-python3-linux/ecg-maya-hydra/maya-hydra/lib/flowViewport/colorPreferences/fvpColorPreferencesTokens.h
[2023-11-27T16:11:16.994Z]     -- promoting: /home/S/jenkins/workspace/ECP/ecg-maya-hydra/ecg-maya-hydra-branch-preflight-python3-linux/ecg-maya-hydra/maya-hydra/lib/flowViewport/colorPreferences/fvpColorPreferencesTranslator.h
[2023-11-27T16:11:16.994Z]     -- promoting: /home/S/jenkins/workspace/ECP/ecg-maya-hydra/ecg-maya-hydra-branch-preflight-python3-linux/ecg-maya-hydra/maya-hydra/lib/flowViewport/sceneIndex/fvpMergingSceneIndex.h
[2023-11-27T16:11:16.994Z]     -- promoting: /home/S/jenkins/workspace/ECP/ecg-maya-hydra/ecg-maya-hydra-branch-preflight-python3-linux/ecg-maya-hydra/maya-hydra/lib/flowViewport/sceneIndex/fvpPathInterface.h
[2023-11-27T16:11:16.994Z]     -- promoting: /home/S/jenkins/workspace/ECP/ecg-maya-hydra/ecg-maya-hydra-branch-preflight-python3-linux/ecg-maya-hydra/maya-hydra/lib/flowViewport/sceneIndex/fvpPathInterfaceSceneIndex.h
[2023-11-27T16:11:16.994Z]     -- promoting: /home/S/jenkins/workspace/ECP/ecg-maya-hydra/ecg-maya-hydra-branch-preflight-python3-linux/ecg-maya-hydra/maya-hydra/lib/flowViewport/sceneIndex/fvpRenderIndexProxy.h
[2023-11-27T16:11:16.994Z]     -- promoting: /home/S/jenkins/workspace/ECP/ecg-maya-hydra/ecg-maya-hydra-branch-preflight-python3-linux/ecg-maya-hydra/maya-hydra/lib/flowViewport/sceneIndex/fvpRenderIndexProxyFwd.h
[2023-11-27T16:11:16.994Z]     -- promoting: /home/S/jenkins/workspace/ECP/ecg-maya-hydra/ecg-maya-hydra-branch-preflight-python3-linux/ecg-maya-hydra/maya-hydra/lib/flowViewport/sceneIndex/fvpSelectionSceneIndex.h
[2023-11-27T16:11:16.994Z]     -- promoting: /home/S/jenkins/workspace/ECP/ecg-maya-hydra/ecg-maya-hydra-branch-preflight-python3-linux/ecg-maya-hydra/maya-hydra/lib/flowViewport/sceneIndex/fvpWireframeSelectionHighlightSceneIndex.h
[2023-11-27T16:11:16.994Z]     -- promoting: /home/S/jenkins/workspace/ECP/ecg-maya-hydra/ecg-maya-hydra-branch-preflight-python3-linux/ecg-maya-hydra/maya-hydra/lib/flowViewport/sceneIndex/fvpParentDataModifierSceneIndex.h
[2023-11-27T16:11:16.994Z]     -- promoting: /home/S/jenkins/workspace/ECP/ecg-maya-hydra/ecg-maya-hydra-branch-preflight-python3-linux/ecg-maya-hydra/maya-hydra/lib/flowViewport/API/fvpSelectionClient.h
[2023-11-27T16:11:16.994Z]     -- promoting: /home/S/jenkins/workspace/ECP/ecg-maya-hydra/ecg-maya-hydra-branch-preflight-python3-linux/ecg-maya-hydra/maya-hydra/lib/flowViewport/API/fvpFlowSelectionInterface.h
[2023-11-27T16:11:16.994Z]     -- promoting: /home/S/jenkins/workspace/ECP/ecg-maya-hydra/ecg-maya-hydra-branch-preflight-python3-linux/ecg-maya-hydra/maya-hydra/lib/flowViewport/API/fvpVersionInterface.h
[2023-11-27T16:11:16.994Z]     -- promoting: /home/S/jenkins/workspace/ECP/ecg-maya-hydra/ecg-maya-hydra-branch-preflight-python3-linux/ecg-maya-hydra/maya-hydra/lib/flowViewport/API/fvpInformationInterface.h
[2023-11-27T16:11:16.995Z]     -- promoting: /home/S/jenkins/workspace/ECP/ecg-maya-hydra/ecg-maya-hydra-branch-preflight-python3-linux/ecg-maya-hydra/maya-hydra/lib/flowViewport/API/fvpInformationClient.h
[2023-11-27T16:11:16.995Z]     -- promoting: /home/S/jenkins/workspace/ECP/ecg-maya-hydra/ecg-maya-hydra-branch-preflight-python3-linux/ecg-maya-hydra/maya-hydra/lib/flowViewport/API/fvpDataProducerSceneIndexInterface.h
[2023-11-27T16:11:16.995Z]     -- promoting: /home/S/jenkins/workspace/ECP/ecg-maya-hydra/ecg-maya-hydra-branch-preflight-python3-linux/ecg-maya-hydra/maya-hydra/lib/flowViewport/API/interfacesImp/fvpSelectionInterfaceImp.h
[2023-11-27T16:11:16.995Z]     -- promoting: /home/S/jenkins/workspace/ECP/ecg-maya-hydra/ecg-maya-hydra-branch-preflight-python3-linux/ecg-maya-hydra/maya-hydra/lib/flowViewport/API/interfacesImp/fvpVersionInterfaceImp.h
[2023-11-27T16:11:16.995Z]     -- promoting: /home/S/jenkins/workspace/ECP/ecg-maya-hydra/ecg-maya-hydra-branch-preflight-python3-linux/ecg-maya-hydra/maya-hydra/lib/flowViewport/API/interfacesImp/fvpInformationInterfaceImp.h
[2023-11-27T16:11:16.995Z]     -- promoting: /home/S/jenkins/workspace/ECP/ecg-maya-hydra/ecg-maya-hydra-branch-preflight-python3-linux/ecg-maya-hydra/maya-hydra/lib/flowViewport/API/interfacesImp/fvpDataProducerSceneIndexInterfaceImp.h
[2023-11-27T16:11:16.995Z]     -- promoting: /home/S/jenkins/workspace/ECP/ecg-maya-hydra/ecg-maya-hydra-branch-preflight-python3-linux/ecg-maya-hydra/maya-hydra/lib/flowViewport/API/samples/fvpSelectionClientExample.h
[2023-11-27T16:11:16.995Z]     -- promoting: /home/S/jenkins/workspace/ECP/ecg-maya-hydra/ecg-maya-hydra-branch-preflight-python3-linux/ecg-maya-hydra/maya-hydra/lib/flowViewport/API/samples/fvpInformationClientExample.h
[2023-11-27T16:11:16.995Z]     -- promoting: /home/S/jenkins/workspace/ECP/ecg-maya-hydra/ecg-maya-hydra-branch-preflight-python3-linux/ecg-maya-hydra/maya-hydra/lib/flowViewport/API/samples/fvpDataProducerSceneIndexExample.h
[2023-11-27T16:11:16.995Z]     -- promoting: /home/S/jenkins/workspace/ECP/ecg-maya-hydra/ecg-maya-hydra-branch-preflight-python3-linux/ecg-maya-hydra/maya-hydra/lib/flowViewport/API/perViewportSceneIndicesData/fvpViewportInformationAndSceneIndicesPerViewportData.h
[2023-11-27T16:11:16.995Z]     -- promoting: /home/S/jenkins/workspace/ECP/ecg-maya-hydra/ecg-maya-hydra-branch-preflight-python3-linux/ecg-maya-hydra/maya-hydra/lib/flowViewport/API/perViewportSceneIndicesData/fvpViewportInformationAndSceneIndicesPerViewportDataManager.h
[2023-11-27T16:11:16.995Z]     -- promoting: /home/S/jenkins/workspace/ECP/ecg-maya-hydra/ecg-maya-hydra-branch-preflight-python3-linux/ecg-maya-hydra/maya-hydra/lib/flowViewport/API/perViewportSceneIndicesData/fvpDataProducerSceneIndexDataAbstractFactory.h
[2023-11-27T16:11:16.995Z]     -- promoting: /home/S/jenkins/workspace/ECP/ecg-maya-hydra/ecg-maya-hydra-branch-preflight-python3-linux/ecg-maya-hydra/maya-hydra/lib/flowViewport/API/perViewportSceneIndicesData/fvpDataProducerSceneIndexDataBase.h
[2023-11-27T16:11:16.995Z]     -- promoting: /home/S/jenkins/workspace/ECP/ecg-maya-hydra/ecg-maya-hydra-branch-preflight-python3-linux/ecg-maya-hydra/maya-hydra/lib/flowViewport/selection/fvpSelection.h
[2023-11-27T16:11:16.995Z]     -- promoting: /home/S/jenkins/workspace/ECP/ecg-maya-hydra/ecg-maya-hydra-branch-preflight-python3-linux/ecg-maya-hydra/maya-hydra/lib/flowViewport/selection/fvpSelectionFwd.h
[2023-11-27T16:11:16.995Z]     -- promoting: /home/S/jenkins/workspace/ECP/ecg-maya-hydra/ecg-maya-hydra-branch-preflight-python3-linux/ecg-maya-hydra/maya-hydra/lib/flowViewport/selection/fvpSelectionTask.h
[2023-11-27T16:11:16.995Z]     -- promoting: /home/S/jenkins/workspace/ECP/ecg-maya-hydra/ecg-maya-hydra-branch-preflight-python3-linux/ecg-maya-hydra/maya-hydra/lib/flowViewport/selection/fvpSelectionTracker.h
[2023-11-27T16:11:18.782Z]     -- Configuring done
[2023-11-27T16:11:18.782Z]     -- Generating done
[2023-11-27T16:11:18.782Z]     -- Build files have been written to: /home/S/jenkins/workspace/ECP/ecg-maya-hydra/ecg-maya-hydra-branch-preflight-python3-linux/build/Debug
[2023-11-27T16:11:18.782Z]     
[2023-11-27T16:11:18.782Z]         Building with settings:
[2023-11-27T16:11:18.782Z]           Source directory          /home/S/jenkins/workspace/ECP/ecg-maya-hydra/ecg-maya-hydra-branch-preflight-python3-linux/ecg-maya-hydra/maya-hydra
[2023-11-27T16:11:18.782Z]           Workspace directory       /local/S/jenkins/workspace/ECP/ecg-maya-hydra/ecg-maya-hydra-branch-preflight-python3-linux
[2023-11-27T16:11:18.782Z]           Build directory           /local/S/jenkins/workspace/ECP/ecg-maya-hydra/ecg-maya-hydra-branch-preflight-python3-linux/build/Debug
[2023-11-27T16:11:18.782Z]           Install directory         /local/S/jenkins/workspace/ECP/ecg-maya-hydra/ecg-maya-hydra-branch-preflight-python3-linux/install/Debug/MayaHydra
[2023-11-27T16:11:18.782Z]           Variant                   Debug
[2023-11-27T16:11:18.782Z]           Python Debug              On
[2023-11-27T16:11:18.782Z]           CMake generator           Ninja
[2023-11-27T16:11:18.782Z]           Build arguments           ['-DCMAKE_MAKE_PROGRAM=/local/S/jenkins/workspace/shared/Artifactory/Linux/ninja/1.10.2/9ab399b/ninja', '-DPYTHON_INCLUDE_DIR=/local/S/jenkins/workspace/shared/Artifactory/Linux/rundev-master-debug/202311240749/runtime/8e4eed9/runTime/include/Python311/Python', '-DPython_EXECUTABLE=/local/S/jenkins/workspace/shared/Artifactory/Linux/rundev-master-debug/202311240749/runtime/8e4eed9/runTime/bin/mayapy', '-DPYTHON_LIBRARIES=/local/S/jenkins/workspace/shared/Artifactory/Linux/rundev-master-debug/202311240749/runtime/8e4eed9/runTime/lib/libpython3.11d.so.1.0', '-DBUILD_WITH_PYTHON_3_VERSION=3.11', '-DCMAKE_WANT_MATERIALX_BUILD=ON', '-DCMAKE_PREFIX_PATH=/local/S/jenkins/workspace/shared/Artifactory/Linux/USD/e5ad5df', '-DMAYAHYDRA_BUILD_NUMBER=421', '-DMAYAHYDRA_GIT_COMMIT=1e39ccdaa2da94b4df1efb7854598ed499acdc31', '-DMAYAHYDRA_GIT_BRANCH=master']
[2023-11-27T16:11:18.782Z]           Stages arguments          ['configure']
[2023-11-27T16:11:18.782Z]           CTest arguments           ['--parallel 16']
[2023-11-27T16:11:18.782Z]     STATUS: Found Maya Qt headers in: /local/S/jenkins/workspace/shared/Artifactory/Linux/rundev-master-debug/202311240749/runtime/8e4eed9/devkitBase
[2023-11-27T16:11:18.782Z]     Success MayaHydra build and install !!!!
[2023-11-27T16:11:18.782Z]     Elapsed time: 00:00:10
[Pipeline] sh
[2023-11-27T16:11:20.183Z] + scl enable gcc-toolset-11 -
[2023-11-27T16:11:20.183Z] + '[' enable = load -o enable = unload ']'
[2023-11-27T16:11:20.183Z] + /usr/bin/scl enable gcc-toolset-11 -
[2023-11-27T16:11:20.183Z] python ecg-maya-hydra/build.py --stages=configure --workspace-dir=/local/S/jenkins/workspace/ECP/ecg-maya-hydra/ecg-maya-hydra-branch-preflight-python3-linux --artifactory-dir=/local/S/jenkins/workspace/shared/Artifactory --build-dir=/local/S/jenkins/workspace/ECP/ecg-maya-hydra/ecg-maya-hydra-branch-preflight-python3-linux/build --install-dir=/local/S/jenkins/workspace/ECP/ecg-maya-hydra/ecg-maya-hydra-branch-preflight-python3-linux/install --signing-dir=/local/S/jenkins/workspace/ECP/ecg-maya-hydra/ecg-maya-hydra-branch-preflight-python3-linux/signing --package-dir=/local/S/jenkins/workspace/ECP/ecg-maya-hydra/ecg-maya-hydra-branch-preflight-python3-linux/package --output-dir=/local/S/jenkins/workspace/ECP/ecg-maya-hydra/ecg-maya-hydra-branch-preflight-python3-linux/output --stash-dir=/local/S/jenkins/workspace/ECP/ecg-maya-hydra/ecg-maya-hydra-branch-preflight-python3-linux/stash --jenkins-build=421 --git-commit=1e39ccdaa2da94b4df1efb7854598ed499acdc31 --git-branch=master --variants=RelWithDebInfo --interactive-tests=true --post-zips=false --osx-binary-architecture-target=ub2 --osx-deployment-target=11.0 --osx-base-sdk=CurrentActiveSDK --maya-cut-config=maya-rundev-master.yaml --maya-package=rundev-master --stage-banner
[2023-11-27T16:11:20.183Z] Using Maya cut from /local/S/jenkins/workspace/shared/Artifactory/Linux/rundev-master/202311240749/runtime/c24098a
[2023-11-27T16:11:20.183Z] 
[2023-11-27T16:11:20.183Z] ================================================================================
[2023-11-27T16:11:20.183Z]                            configure (RelWithDebInfo)
[2023-11-27T16:11:20.183Z] ================================================================================
[2023-11-27T16:11:20.183Z] Maya Python RelWithDebInfo Info:
[2023-11-27T16:11:20.183Z]   mayapy executable   = /local/S/jenkins/workspace/shared/Artifactory/Linux/rundev-master/202311240749/runtime/c24098a/runTime/bin/mayapy
[2023-11-27T16:11:20.183Z]   Include Folder      = /local/S/jenkins/workspace/shared/Artifactory/Linux/rundev-master/202311240749/runtime/c24098a/runTime/include/Python311/Python
[2023-11-27T16:11:20.183Z]   Library             = /local/S/jenkins/workspace/shared/Artifactory/Linux/rundev-master/202311240749/runtime/c24098a/runTime/lib/libpython3.11.so.1.0
[2023-11-27T16:11:20.183Z]   site-package Folder = /local/S/jenkins/workspace/shared/Artifactory/Linux/rundev-master/202311240749/runtime/c24098a/runTime/lib/python3.11/site-packages
[2023-11-27T16:11:20.724Z] In workdir: /home/S/jenkins/workspace/ECP/ecg-maya-hydra/ecg-maya-hydra-branch-preflight-python3-linux/ecg-maya-hydra/maya-hydra
[2023-11-27T16:11:20.724Z] Executing: /local/S/jenkins/workspace/shared/Artifactory/Linux/rundev-master/202311240749/runtime/c24098a/runTime/bin/mayapy /home/S/jenkins/workspace/ECP/ecg-maya-hydra/ecg-maya-hydra-branch-preflight-python3-linux/ecg-maya-hydra/maya-hydra/build.py --generator Ninja --build-relwithdebug --maya-location /local/S/jenkins/workspace/shared/Artifactory/Linux/rundev-master/202311240749/runtime/c24098a/runTime --devkit-location /local/S/jenkins/workspace/shared/Artifactory/Linux/rundev-master/202311240749/runtime/c24098a/devkitBase --pxrusd-location /local/S/jenkins/workspace/shared/Artifactory/Linux/USD/1a43c47 --build-args=-DCMAKE_MAKE_PROGRAM=/local/S/jenkins/workspace/shared/Artifactory/Linux/ninja/1.10.2/9ab399b/ninja,-DPYTHON_INCLUDE_DIR=/local/S/jenkins/workspace/shared/Artifactory/Linux/rundev-master/202311240749/runtime/c24098a/runTime/include/Python311/Python,-DPython_EXECUTABLE=/local/S/jenkins/workspace/shared/Artifactory/Linux/rundev-master/202311240749/runtime/c24098a/runTime/bin/mayapy,-DPYTHON_LIBRARIES=/local/S/jenkins/workspace/shared/Artifactory/Linux/rundev-master/202311240749/runtime/c24098a/runTime/lib/libpython3.11.so.1.0,-DBUILD_WITH_PYTHON_3_VERSION=3.11,-DCMAKE_WANT_MATERIALX_BUILD=ON,-DCMAKE_PREFIX_PATH=/local/S/jenkins/workspace/shared/Artifactory/Linux/USD/1a43c47,-DMAYAHYDRA_BUILD_NUMBER=421,-DMAYAHYDRA_GIT_COMMIT=1e39ccdaa2da94b4df1efb7854598ed499acdc31,-DMAYAHYDRA_GIT_BRANCH=master '--ctest-args=--parallel 16' --stages=configure --redirect-outstream-file=False --install-location /local/S/jenkins/workspace/ECP/ecg-maya-hydra/ecg-maya-hydra-branch-preflight-python3-linux/install/RelWithDebInfo/MayaHydra /local/S/jenkins/workspace/ECP/ecg-maya-hydra/ecg-maya-hydra-branch-preflight-python3-linux
[2023-11-27T16:11:20.724Z] Modified environment variables:
[2023-11-27T16:11:20.724Z]     LD_LIBRARY_PATH=/opt/rh/gcc-toolset-11/root/usr/lib64:/opt/rh/gcc-toolset-11/root/usr/lib64:/opt/rh/gcc-toolset-11/root/usr/lib:/opt/rh/gcc-toolset-11/root/usr/lib64/dyninst:/opt/rh/gcc-toolset-11/root/usr/lib/dyninst
[2023-11-27T16:11:20.724Z]     PATH=/local/S/jenkins/workspace/shared/Artifactory/Linux/cmake/3.20.3/ab685d7/bin:/opt/rh/gcc-toolset-11/root/usr/bin:/home/administrator/.local/bin:/home/administrator/bin:/usr/share/Modules/bin:/usr/local/bin:/usr/local/sbin:/usr/bin:/usr/sbin
[2023-11-27T16:11:20.724Z]     -- The C compiler identification is GNU 11.2.1
[2023-11-27T16:11:21.266Z]     -- The CXX compiler identification is GNU 11.2.1
[2023-11-27T16:11:21.266Z]     -- Detecting C compiler ABI info
[2023-11-27T16:11:21.266Z]     -- Detecting C compiler ABI info - done
[2023-11-27T16:11:21.266Z]     -- Check for working C compiler: /opt/rh/gcc-toolset-11/root/usr/bin/cc - skipped
[2023-11-27T16:11:21.266Z]     -- Detecting C compile features
[2023-11-27T16:11:21.266Z]     -- Detecting C compile features - done
[2023-11-27T16:11:21.266Z]     -- Detecting CXX compiler ABI info
[2023-11-27T16:11:21.266Z]     -- Detecting CXX compiler ABI info - done
[2023-11-27T16:11:21.266Z]     -- Check for working CXX compiler: /opt/rh/gcc-toolset-11/root/usr/bin/c++ - skipped
[2023-11-27T16:11:21.266Z]     -- Detecting CXX compile features
[2023-11-27T16:11:21.266Z]     -- Detecting CXX compile features - done
[2023-11-27T16:11:21.811Z]     -- Using Maya Light API Version 3
[2023-11-27T16:11:21.811Z]     -- Maya has setDefaultMaterialHandling API
[2023-11-27T16:11:21.811Z]     -- Maya has new point snapping API
[2023-11-27T16:11:21.811Z]     -- Maya has isInCrashHandler API
[2023-11-27T16:11:21.811Z]     -- Maya has getDisplayStyleOfAllViewports API
[2023-11-27T16:11:21.811Z]     -- Maya array iterator has difference_type trait
[2023-11-27T16:11:21.811Z]     -- MFnSet has getMemberPaths function
[2023-11-27T16:11:21.811Z]     -- MFnDisplayLayer exists
[2023-11-27T16:11:21.811Z]     -- MDisplayLayerMessage has MDisplayLayerMemberChangedFunction
[2023-11-27T16:11:21.811Z]     -- MRenderItem has HideOnPlayback API
[2023-11-27T16:11:21.811Z]     -- Linux: Maya was built with new cxx11 ABI
[2023-11-27T16:11:21.811Z]     -- Found Maya: /local/S/jenkins/workspace/shared/Artifactory/Linux/rundev-master/202311240749/runtime/c24098a/runTime/bin/maya (found suitable version "2025", minimum required is "2024")
[2023-11-27T16:11:22.347Z]     -- Found Python: /local/S/jenkins/workspace/shared/Artifactory/Linux/rundev-master/202311240749/runtime/c24098a/runTime/bin/mayapy (found suitable exact version "3.11.4") found components: Interpreter
[2023-11-27T16:11:22.347Z]     -- Build mayaHydra with Python3 = 3.11
[2023-11-27T16:11:22.347Z]     --    PYTHON_INCLUDE_DIRS = /local/S/jenkins/workspace/shared/Artifactory/Linux/rundev-master/202311240749/runtime/c24098a/runTime/include/Python311/Python
[2023-11-27T16:11:22.347Z]     --    PYTHON_LIBRARIES    = /local/S/jenkins/workspace/shared/Artifactory/Linux/rundev-master/202311240749/runtime/c24098a/runTime/lib/libpython3.11.so.1.0
[2023-11-27T16:11:22.347Z]     --    Python_EXECUTABLE   = /local/S/jenkins/workspace/shared/Artifactory/Linux/rundev-master/202311240749/runtime/c24098a/runTime/bin/mayapy
[2023-11-27T16:11:22.347Z]     -- Found Python3: /local/S/jenkins/workspace/shared/Artifactory/Linux/rundev-master/202311240749/runtime/c24098a/runTime/include/Python311/Python (found suitable exact version "3.11.4") found components: Development Development.Module Development.Embed
[2023-11-27T16:11:22.347Z]     -- USD has new Sdr.PropertyTypes.Color4
[2023-11-27T16:11:22.884Z]     -- USD has MaterialX metadata support
[2023-11-27T16:11:22.884Z]     -- USD include dir: /local/S/jenkins/workspace/shared/Artifactory/Linux/USD/1a43c47/include
[2023-11-27T16:11:22.884Z]     -- USD library dir: /local/S/jenkins/workspace/shared/Artifactory/Linux/USD/1a43c47/lib
[2023-11-27T16:11:22.884Z]     -- USD version: 0.23.11
[2023-11-27T16:11:22.884Z]     -- Found USD: /local/S/jenkins/workspace/shared/Artifactory/Linux/USD/1a43c47 (found suitable version "0.23.11", minimum required is "0.22.11")
[2023-11-27T16:11:22.884Z]     Updated PYTHONPATH: /local/S/jenkins/workspace/shared/Artifactory/Linux/USD/1a43c47/lib/python
[2023-11-27T16:11:22.884Z]     -- Found UFE: /local/S/jenkins/workspace/shared/Artifactory/Linux/rundev-master/202311240749/runtime/c24098a/devkitBase/devkit/ufe/include (found version "0.5.14")
[2023-11-27T16:11:22.884Z]     -- UFE include dir: /local/S/jenkins/workspace/shared/Artifactory/Linux/rundev-master/202311240749/runtime/c24098a/devkitBase/devkit/ufe/include
[2023-11-27T16:11:22.884Z]     -- UFE library: /local/S/jenkins/workspace/shared/Artifactory/Linux/rundev-master/202311240749/runtime/c24098a/devkitBase/devkit/ufe/lib/libufe_0.so
[2023-11-27T16:11:22.884Z]     -- UFE version: 0.5.14
[2023-11-27T16:11:22.884Z]     -- Maya has UFE lights API
[2023-11-27T16:11:22.884Z]     -- Maya has UFE scene segment API
[2023-11-27T16:11:22.884Z]     -- Maya has UFE TrieNode childrenComponents accessor
[2023-11-27T16:11:22.884Z]     -- Building with UFE 0.5.14.
[2023-11-27T16:11:22.884Z]     -- Found MaterialX
[2023-11-27T16:11:22.884Z]     -- Check if compiler accepts -pthread
[2023-11-27T16:11:22.884Z]     -- Check if compiler accepts -pthread - yes
[2023-11-27T16:11:22.884Z]     -- Performing Test HAVE_STDATOMIC
[2023-11-27T16:11:22.884Z]     -- Performing Test HAVE_STDATOMIC - Success
[2023-11-27T16:11:22.884Z]     -- Found OpenGL: /usr/lib64/libOpenGL.so
[2023-11-27T16:11:23.422Z]     -- Check if linker can resolve circular dependencies - FALSE
[2023-11-27T16:11:23.422Z]     -- Found Qt 6.5.3 in Maya devkit. Hydra Scene Browser will be built.
[2023-11-27T16:11:23.422Z]     -- **** Building Gulrak From Github Repository.
[2023-11-27T16:11:23.422Z]     -- Populating gulrak
[2023-11-27T16:11:23.422Z]     -- Configuring done
[2023-11-27T16:11:23.422Z]     -- Generating done
[2023-11-27T16:11:23.422Z]     -- Build files have been written to: /home/S/jenkins/workspace/ECP/ecg-maya-hydra/ecg-maya-hydra-branch-preflight-python3-linux/build/RelWithDebInfo/_deps/gulrak-subbuild
[2023-11-27T16:11:23.422Z]     [1/9] Creating directories for 'gulrak-populate'
[2023-11-27T16:11:23.422Z]     [1/9] Performing download step (git clone) for 'gulrak-populate'
[2023-11-27T16:11:23.422Z]     Cloning into 'gulrak-src'...
[2023-11-27T16:11:23.422Z]     HEAD is now at 4e21ab3 Version bump and updated readme.
[2023-11-27T16:11:23.422Z]     [2/9] Performing update step for 'gulrak-populate'
[2023-11-27T16:11:23.422Z]     [4/9] No patch step for 'gulrak-populate'
[2023-11-27T16:11:23.422Z]     [5/9] No configure step for 'gulrak-populate'
[2023-11-27T16:11:23.959Z]     [6/9] No build step for 'gulrak-populate'
[2023-11-27T16:11:23.960Z]     [7/9] No install step for 'gulrak-populate'
[2023-11-27T16:11:23.960Z]     [8/9] No test step for 'gulrak-populate'
[2023-11-27T16:11:23.960Z]     [9/9] Completed 'gulrak-populate'
[2023-11-27T16:11:23.960Z]     -- ========== Installing GoogleTest... ==========
[2023-11-27T16:11:23.960Z]     -- Configuring done
[2023-11-27T16:11:23.960Z]     -- Generating done
[2023-11-27T16:11:23.960Z]     -- Build files have been written to: /home/S/jenkins/workspace/ECP/ecg-maya-hydra/ecg-maya-hydra-branch-preflight-python3-linux/build/RelWithDebInfo/googletest-config
[2023-11-27T16:11:23.960Z]     [1/8] Creating directories for 'googletest'
[2023-11-27T16:11:25.767Z]     [2/8] Performing download step (git clone) for 'googletest'
[2023-11-27T16:11:25.767Z]     Cloning into 'googletest-src'...
[2023-11-27T16:11:25.767Z]     HEAD is now at 703bd9ca Googletest export
[2023-11-27T16:11:25.767Z]     [3/8] Performing update step for 'googletest'
[2023-11-27T16:11:25.767Z]     [4/8] No patch step for 'googletest'
[2023-11-27T16:11:26.303Z]     [5/8] Performing configure step for 'googletest'
[2023-11-27T16:11:26.303Z]     Not searching for unused variables given on the command line.
[2023-11-27T16:11:26.303Z]     CMake Deprecation Warning at CMakeLists.txt:4 (cmake_minimum_required):
[2023-11-27T16:11:26.303Z]       Compatibility with CMake < 2.8.12 will be removed from a future version of
[2023-11-27T16:11:26.303Z]       CMake.
[2023-11-27T16:11:26.303Z]     
[2023-11-27T16:11:26.303Z]       Update the VERSION argument <min> value or use a ...<max> suffix to tell
[2023-11-27T16:11:26.303Z]       CMake that the project does not need compatibility with older versions.
[2023-11-27T16:11:26.303Z]     
[2023-11-27T16:11:26.303Z]     
[2023-11-27T16:11:26.303Z]     -- The C compiler identification is GNU 11.2.1
[2023-11-27T16:11:26.303Z]     -- The CXX compiler identification is GNU 11.2.1
[2023-11-27T16:11:26.303Z]     -- Detecting C compiler ABI info
[2023-11-27T16:11:26.303Z]     -- Detecting C compiler ABI info - done
[2023-11-27T16:11:26.303Z]     -- Check for working C compiler: /opt/rh/gcc-toolset-11/root/usr/bin/cc - skipped
[2023-11-27T16:11:26.303Z]     -- Detecting C compile features
[2023-11-27T16:11:26.303Z]     -- Detecting C compile features - done
[2023-11-27T16:11:26.303Z]     -- Detecting CXX compiler ABI info
[2023-11-27T16:11:26.303Z]     -- Detecting CXX compiler ABI info - done
[2023-11-27T16:11:26.303Z]     -- Check for working CXX compiler: /opt/rh/gcc-toolset-11/root/usr/bin/c++ - skipped
[2023-11-27T16:11:26.303Z]     -- Detecting CXX compile features
[2023-11-27T16:11:26.303Z]     -- Detecting CXX compile features - done
[2023-11-27T16:11:26.303Z]     CMake Deprecation Warning at googletest/CMakeLists.txt:56 (cmake_minimum_required):
[2023-11-27T16:11:26.303Z]       Compatibility with CMake < 2.8.12 will be removed from a future version of
[2023-11-27T16:11:26.303Z]       CMake.
[2023-11-27T16:11:26.303Z]     
[2023-11-27T16:11:26.303Z]       Update the VERSION argument <min> value or use a ...<max> suffix to tell
[2023-11-27T16:11:26.303Z]       CMake that the project does not need compatibility with older versions.
[2023-11-27T16:11:26.303Z]     
[2023-11-27T16:11:26.303Z]     
[2023-11-27T16:11:26.303Z]     -- Found PythonInterp: /usr/local/bin/python (found version "3.9.7")
[2023-11-27T16:11:26.303Z]     -- Looking for pthread.h
[2023-11-27T16:11:26.303Z]     -- Looking for pthread.h - found
[2023-11-27T16:11:26.303Z]     -- Performing Test CMAKE_HAVE_LIBC_PTHREAD
[2023-11-27T16:11:26.303Z]     -- Performing Test CMAKE_HAVE_LIBC_PTHREAD - Failed
[2023-11-27T16:11:26.303Z]     -- Looking for pthread_create in pthreads
[2023-11-27T16:11:26.303Z]     -- Looking for pthread_create in pthreads - not found
[2023-11-27T16:11:26.303Z]     -- Looking for pthread_create in pthread
[2023-11-27T16:11:26.303Z]     -- Looking for pthread_create in pthread - found
[2023-11-27T16:11:26.303Z]     -- Found Threads: TRUE
[2023-11-27T16:11:26.303Z]     -- Configuring done
[2023-11-27T16:11:26.303Z]     -- Generating done
[2023-11-27T16:11:26.303Z]     -- Build files have been written to: /home/S/jenkins/workspace/ECP/ecg-maya-hydra/ecg-maya-hydra-branch-preflight-python3-linux/build/RelWithDebInfo/googletest-build
[2023-11-27T16:11:35.728Z]     [6/8] Performing build step for 'googletest'
[2023-11-27T16:11:35.728Z]     [1/4] Building CXX object googletest/CMakeFiles/gtest_main.dir/src/gtest_main.cc.o
[2023-11-27T16:11:35.728Z]     [2/4] Building CXX object googletest/CMakeFiles/gtest.dir/src/gtest-all.cc.o
[2023-11-27T16:11:35.728Z]     [3/4] Linking CXX shared library lib/libgtest.so
[2023-11-27T16:11:35.728Z]     [4/4] Linking CXX shared library lib/libgtest_main.so
[2023-11-27T16:11:35.728Z]     [7/8] Performing install step for 'googletest'
[2023-11-27T16:11:35.728Z]     [0/1] Install the project...
[2023-11-27T16:11:35.728Z]     -- Install configuration: "RelWithDebInfo"
[2023-11-27T16:11:35.728Z]     -- Set runtime path of "/home/S/jenkins/workspace/ECP/ecg-maya-hydra/ecg-maya-hydra-branch-preflight-python3-linux/build/RelWithDebInfo/googletest-install/lib64/libgtest_main.so" to ""
[2023-11-27T16:11:35.728Z]     [8/8] Completed 'googletest'
[2023-11-27T16:11:35.728Z]     -- ========== ...  GoogleTest installed. ==========
[2023-11-27T16:11:35.728Z]     -- Found GTest: /home/S/jenkins/workspace/ECP/ecg-maya-hydra/ecg-maya-hydra-branch-preflight-python3-linux/build/RelWithDebInfo/googletest-install/lib64/libgtest.so
[2023-11-27T16:11:35.728Z]     -- promoting: /home/S/jenkins/workspace/ECP/ecg-maya-hydra/ecg-maya-hydra-branch-preflight-python3-linux/ecg-maya-hydra/maya-hydra/lib/mayaHydra/mayaPlugin/pluginUtils.h
[2023-11-27T16:11:35.728Z]     -- promoting: /home/S/jenkins/workspace/ECP/ecg-maya-hydra/ecg-maya-hydra-branch-preflight-python3-linux/ecg-maya-hydra/maya-hydra/lib/mayaHydra/hydraExtensions/api.h
[2023-11-27T16:11:35.728Z]     -- promoting: /home/S/jenkins/workspace/ECP/ecg-maya-hydra/ecg-maya-hydra-branch-preflight-python3-linux/ecg-maya-hydra/maya-hydra/lib/mayaHydra/hydraExtensions/debugCodes.h
[2023-11-27T16:11:35.728Z]     -- promoting: /home/S/jenkins/workspace/ECP/ecg-maya-hydra/ecg-maya-hydra-branch-preflight-python3-linux/ecg-maya-hydra/maya-hydra/lib/mayaHydra/hydraExtensions/hydraUtils.h
[2023-11-27T16:11:35.728Z]     -- promoting: /home/S/jenkins/workspace/ECP/ecg-maya-hydra/ecg-maya-hydra-branch-preflight-python3-linux/ecg-maya-hydra/maya-hydra/lib/mayaHydra/hydraExtensions/mayaHydraLibInterface.h
[2023-11-27T16:11:35.728Z]     -- promoting: /home/S/jenkins/workspace/ECP/ecg-maya-hydra/ecg-maya-hydra-branch-preflight-python3-linux/ecg-maya-hydra/maya-hydra/lib/mayaHydra/hydraExtensions/mayaHydraLibInterfaceImp.h
[2023-11-27T16:11:35.728Z]     -- promoting: /home/S/jenkins/workspace/ECP/ecg-maya-hydra/ecg-maya-hydra-branch-preflight-python3-linux/ecg-maya-hydra/maya-hydra/lib/mayaHydra/hydraExtensions/mayaUtils.h
[2023-11-27T16:11:35.728Z]     -- promoting: /home/S/jenkins/workspace/ECP/ecg-maya-hydra/ecg-maya-hydra-branch-preflight-python3-linux/ecg-maya-hydra/maya-hydra/lib/mayaHydra/hydraExtensions/mixedUtils.h
[2023-11-27T16:11:35.728Z]     -- promoting: /home/S/jenkins/workspace/ECP/ecg-maya-hydra/ecg-maya-hydra-branch-preflight-python3-linux/ecg-maya-hydra/maya-hydra/lib/mayaHydra/hydraExtensions/mayaHydraSceneProducer.h
[2023-11-27T16:11:35.728Z]     -- promoting: /home/S/jenkins/workspace/ECP/ecg-maya-hydra/ecg-maya-hydra-branch-preflight-python3-linux/ecg-maya-hydra/maya-hydra/lib/mayaHydra/hydraExtensions/adapters/adapter.h
[2023-11-27T16:11:35.728Z]     -- promoting: /home/S/jenkins/workspace/ECP/ecg-maya-hydra/ecg-maya-hydra-branch-preflight-python3-linux/ecg-maya-hydra/maya-hydra/lib/mayaHydra/hydraExtensions/adapters/adapterDebugCodes.h
[2023-11-27T16:11:35.728Z]     -- promoting: /home/S/jenkins/workspace/ECP/ecg-maya-hydra/ecg-maya-hydra-branch-preflight-python3-linux/ecg-maya-hydra/maya-hydra/lib/mayaHydra/hydraExtensions/adapters/adapterRegistry.h
[2023-11-27T16:11:35.728Z]     -- promoting: /home/S/jenkins/workspace/ECP/ecg-maya-hydra/ecg-maya-hydra-branch-preflight-python3-linux/ecg-maya-hydra/maya-hydra/lib/mayaHydra/hydraExtensions/adapters/cameraAdapter.h
[2023-11-27T16:11:35.728Z]     -- promoting: /home/S/jenkins/workspace/ECP/ecg-maya-hydra/ecg-maya-hydra-branch-preflight-python3-linux/ecg-maya-hydra/maya-hydra/lib/mayaHydra/hydraExtensions/adapters/constantShadowMatrix.h
[2023-11-27T16:11:35.728Z]     -- promoting: /home/S/jenkins/workspace/ECP/ecg-maya-hydra/ecg-maya-hydra-branch-preflight-python3-linux/ecg-maya-hydra/maya-hydra/lib/mayaHydra/hydraExtensions/adapters/dagAdapter.h
[2023-11-27T16:11:35.728Z]     -- promoting: /home/S/jenkins/workspace/ECP/ecg-maya-hydra/ecg-maya-hydra-branch-preflight-python3-linux/ecg-maya-hydra/maya-hydra/lib/mayaHydra/hydraExtensions/adapters/renderItemAdapter.h
[2023-11-27T16:11:35.728Z]     -- promoting: /home/S/jenkins/workspace/ECP/ecg-maya-hydra/ecg-maya-hydra-branch-preflight-python3-linux/ecg-maya-hydra/maya-hydra/lib/mayaHydra/hydraExtensions/adapters/lightAdapter.h
[2023-11-27T16:11:35.728Z]     -- promoting: /home/S/jenkins/workspace/ECP/ecg-maya-hydra/ecg-maya-hydra-branch-preflight-python3-linux/ecg-maya-hydra/maya-hydra/lib/mayaHydra/hydraExtensions/adapters/materialAdapter.h
[2023-11-27T16:11:35.728Z]     -- promoting: /home/S/jenkins/workspace/ECP/ecg-maya-hydra/ecg-maya-hydra-branch-preflight-python3-linux/ecg-maya-hydra/maya-hydra/lib/mayaHydra/hydraExtensions/adapters/materialNetworkConverter.h
[2023-11-27T16:11:35.728Z]     -- promoting: /home/S/jenkins/workspace/ECP/ecg-maya-hydra/ecg-maya-hydra-branch-preflight-python3-linux/ecg-maya-hydra/maya-hydra/lib/mayaHydra/hydraExtensions/adapters/mayaAttrs.h
[2023-11-27T16:11:35.728Z]     -- promoting: /home/S/jenkins/workspace/ECP/ecg-maya-hydra/ecg-maya-hydra-branch-preflight-python3-linux/ecg-maya-hydra/maya-hydra/lib/mayaHydra/hydraExtensions/adapters/shapeAdapter.h
[2023-11-27T16:11:35.728Z]     -- promoting: /home/S/jenkins/workspace/ECP/ecg-maya-hydra/ecg-maya-hydra-branch-preflight-python3-linux/ecg-maya-hydra/maya-hydra/lib/mayaHydra/hydraExtensions/adapters/tokens.h
[2023-11-27T16:11:35.728Z]     -- promoting: /home/S/jenkins/workspace/ECP/ecg-maya-hydra/ecg-maya-hydra-branch-preflight-python3-linux/ecg-maya-hydra/maya-hydra/lib/mayaHydra/hydraExtensions/delegates/delegate.h
[2023-11-27T16:11:35.728Z]     -- promoting: /home/S/jenkins/workspace/ECP/ecg-maya-hydra/ecg-maya-hydra-branch-preflight-python3-linux/ecg-maya-hydra/maya-hydra/lib/mayaHydra/hydraExtensions/delegates/delegateCtx.h
[2023-11-27T16:11:35.728Z]     -- promoting: /home/S/jenkins/workspace/ECP/ecg-maya-hydra/ecg-maya-hydra-branch-preflight-python3-linux/ecg-maya-hydra/maya-hydra/lib/mayaHydra/hydraExtensions/delegates/delegateDebugCodes.h
[2023-11-27T16:11:35.728Z]     -- promoting: /home/S/jenkins/workspace/ECP/ecg-maya-hydra/ecg-maya-hydra-branch-preflight-python3-linux/ecg-maya-hydra/maya-hydra/lib/mayaHydra/hydraExtensions/delegates/delegateRegistry.h
[2023-11-27T16:11:35.728Z]     -- promoting: /home/S/jenkins/workspace/ECP/ecg-maya-hydra/ecg-maya-hydra-branch-preflight-python3-linux/ecg-maya-hydra/maya-hydra/lib/mayaHydra/hydraExtensions/delegates/params.h
[2023-11-27T16:11:35.728Z]     -- promoting: /home/S/jenkins/workspace/ECP/ecg-maya-hydra/ecg-maya-hydra-branch-preflight-python3-linux/ecg-maya-hydra/maya-hydra/lib/mayaHydra/hydraExtensions/delegates/sceneDelegate.h
[2023-11-27T16:11:35.728Z]     -- promoting: /home/S/jenkins/workspace/ECP/ecg-maya-hydra/ecg-maya-hydra-branch-preflight-python3-linux/ecg-maya-hydra/maya-hydra/lib/mayaHydra/hydraExtensions/delegates/defaultLightDelegate.h
[2023-11-27T16:11:35.728Z]     -- promoting: /home/S/jenkins/workspace/ECP/ecg-maya-hydra/ecg-maya-hydra-branch-preflight-python3-linux/ecg-maya-hydra/maya-hydra/lib/mayaHydra/hydraExtensions/delegates/testDelegate.h
[2023-11-27T16:11:35.728Z]     -- promoting: /home/S/jenkins/workspace/ECP/ecg-maya-hydra/ecg-maya-hydra-branch-preflight-python3-linux/ecg-maya-hydra/maya-hydra/lib/mayaHydra/hydraExtensions/sceneIndex/registration.h
[2023-11-27T16:11:35.728Z]     -- promoting: /home/S/jenkins/workspace/ECP/ecg-maya-hydra/ecg-maya-hydra-branch-preflight-python3-linux/ecg-maya-hydra/maya-hydra/lib/mayaHydra/hydraExtensions/sceneIndex/mayaHydraSceneIndex.h
[2023-11-27T16:11:35.728Z]     -- promoting: /home/S/jenkins/workspace/ECP/ecg-maya-hydra/ecg-maya-hydra-branch-preflight-python3-linux/ecg-maya-hydra/maya-hydra/lib/mayaHydra/hydraExtensions/sceneIndex/mayaHydraDataSource.h
[2023-11-27T16:11:35.728Z]     -- promoting: /home/S/jenkins/workspace/ECP/ecg-maya-hydra/ecg-maya-hydra-branch-preflight-python3-linux/ecg-maya-hydra/maya-hydra/lib/mayaHydra/hydraExtensions/sceneIndex/mayaHydraPrimvarDataSource.h
[2023-11-27T16:11:35.728Z]     -- promoting: /home/S/jenkins/workspace/ECP/ecg-maya-hydra/ecg-maya-hydra-branch-preflight-python3-linux/ecg-maya-hydra/maya-hydra/lib/mayaHydra/hydraExtensions/sceneIndex/mayaHydraDisplayStyleDataSource.h
[2023-11-27T16:11:35.728Z]     -- promoting: /home/S/jenkins/workspace/ECP/ecg-maya-hydra/ecg-maya-hydra-branch-preflight-python3-linux/ecg-maya-hydra/maya-hydra/lib/mayaHydra/hydraExtensions/sceneIndex/mayaHydraCameraDataSource.h
[2023-11-27T16:11:35.728Z]     -- promoting: /home/S/jenkins/workspace/ECP/ecg-maya-hydra/ecg-maya-hydra-branch-preflight-python3-linux/ecg-maya-hydra/maya-hydra/lib/mayaHydra/hydraExtensions/sceneIndex/mayaHydraLightDataSource.h
[2023-11-27T16:11:35.728Z]     -- promoting: /home/S/jenkins/workspace/ECP/ecg-maya-hydra/ecg-maya-hydra-branch-preflight-python3-linux/ecg-maya-hydra/maya-hydra/lib/mayaHydra/hydraExtensions/sceneIndex/mayaHydraDefaultLightDataSource.h
[2023-11-27T16:11:35.728Z]     -- promoting: /home/S/jenkins/workspace/ECP/ecg-maya-hydra/ecg-maya-hydra-branch-preflight-python3-linux/ecg-maya-hydra/maya-hydra/lib/mayaHydra/hydraExtensions/sceneIndex/mayaHydraMayaDataProducerSceneIndexData.h
[2023-11-27T16:11:35.728Z]     -- promoting: /home/S/jenkins/workspace/ECP/ecg-maya-hydra/ecg-maya-hydra-branch-preflight-python3-linux/ecg-maya-hydra/maya-hydra/lib/mayaHydra/hydraExtensions/sceneIndex/mayaHydraMayaDataProducerSceneIndexDataConcreteFactory.h
[2023-11-27T16:11:35.728Z]     -- promoting: /home/S/jenkins/workspace/ECP/ecg-maya-hydra/ecg-maya-hydra-branch-preflight-python3-linux/ecg-maya-hydra/maya-hydra/lib/mayaHydra/hydraExtensions/sceneIndex/mayaHydraSceneIndexDataFactoriesSetup.h
[2023-11-27T16:11:35.728Z]     -- promoting: /home/S/jenkins/workspace/ECP/ecg-maya-hydra/ecg-maya-hydra-branch-preflight-python3-linux/ecg-maya-hydra/maya-hydra/lib/mayaHydra/ufeExtensions/api.h
[2023-11-27T16:11:35.728Z]     -- promoting: /home/S/jenkins/workspace/ECP/ecg-maya-hydra/ecg-maya-hydra-branch-preflight-python3-linux/ecg-maya-hydra/maya-hydra/lib/mayaHydra/ufeExtensions/Global.h
[2023-11-27T16:11:35.728Z]     -- promoting: /home/S/jenkins/workspace/ECP/ecg-maya-hydra/ecg-maya-hydra-branch-preflight-python3-linux/ecg-maya-hydra/maya-hydra/lib/flowViewport/api.h
[2023-11-27T16:11:35.728Z]     -- promoting: /home/S/jenkins/workspace/ECP/ecg-maya-hydra/ecg-maya-hydra-branch-preflight-python3-linux/ecg-maya-hydra/maya-hydra/lib/flowViewport/debugCodes.h
[2023-11-27T16:11:35.728Z]     -- promoting: /home/S/jenkins/workspace/ECP/ecg-maya-hydra/ecg-maya-hydra-branch-preflight-python3-linux/ecg-maya-hydra/maya-hydra/lib/flowViewport/global.h
[2023-11-27T16:11:35.728Z]     -- promoting: /home/S/jenkins/workspace/ECP/ecg-maya-hydra/ecg-maya-hydra-branch-preflight-python3-linux/ecg-maya-hydra/maya-hydra/lib/flowViewport/tokens.h
[2023-11-27T16:11:35.728Z]     -- promoting: /home/S/jenkins/workspace/ECP/ecg-maya-hydra/ecg-maya-hydra-branch-preflight-python3-linux/ecg-maya-hydra/maya-hydra/lib/flowViewport/colorPreferences/fvpColorChanged.h
[2023-11-27T16:11:35.728Z]     -- promoting: /home/S/jenkins/workspace/ECP/ecg-maya-hydra/ecg-maya-hydra-branch-preflight-python3-linux/ecg-maya-hydra/maya-hydra/lib/flowViewport/colorPreferences/fvpColorPreferences.h
[2023-11-27T16:11:35.728Z]     -- promoting: /home/S/jenkins/workspace/ECP/ecg-maya-hydra/ecg-maya-hydra-branch-preflight-python3-linux/ecg-maya-hydra/maya-hydra/lib/flowViewport/colorPreferences/fvpColorPreferencesTokens.h
[2023-11-27T16:11:35.728Z]     -- promoting: /home/S/jenkins/workspace/ECP/ecg-maya-hydra/ecg-maya-hydra-branch-preflight-python3-linux/ecg-maya-hydra/maya-hydra/lib/flowViewport/colorPreferences/fvpColorPreferencesTranslator.h
[2023-11-27T16:11:35.728Z]     -- promoting: /home/S/jenkins/workspace/ECP/ecg-maya-hydra/ecg-maya-hydra-branch-preflight-python3-linux/ecg-maya-hydra/maya-hydra/lib/flowViewport/sceneIndex/fvpMergingSceneIndex.h
[2023-11-27T16:11:35.728Z]     -- promoting: /home/S/jenkins/workspace/ECP/ecg-maya-hydra/ecg-maya-hydra-branch-preflight-python3-linux/ecg-maya-hydra/maya-hydra/lib/flowViewport/sceneIndex/fvpPathInterface.h
[2023-11-27T16:11:35.728Z]     -- promoting: /home/S/jenkins/workspace/ECP/ecg-maya-hydra/ecg-maya-hydra-branch-preflight-python3-linux/ecg-maya-hydra/maya-hydra/lib/flowViewport/sceneIndex/fvpPathInterfaceSceneIndex.h
[2023-11-27T16:11:35.728Z]     -- promoting: /home/S/jenkins/workspace/ECP/ecg-maya-hydra/ecg-maya-hydra-branch-preflight-python3-linux/ecg-maya-hydra/maya-hydra/lib/flowViewport/sceneIndex/fvpRenderIndexProxy.h
[2023-11-27T16:11:35.728Z]     -- promoting: /home/S/jenkins/workspace/ECP/ecg-maya-hydra/ecg-maya-hydra-branch-preflight-python3-linux/ecg-maya-hydra/maya-hydra/lib/flowViewport/sceneIndex/fvpRenderIndexProxyFwd.h
[2023-11-27T16:11:35.728Z]     -- promoting: /home/S/jenkins/workspace/ECP/ecg-maya-hydra/ecg-maya-hydra-branch-preflight-python3-linux/ecg-maya-hydra/maya-hydra/lib/flowViewport/sceneIndex/fvpSelectionSceneIndex.h
[2023-11-27T16:11:35.728Z]     -- promoting: /home/S/jenkins/workspace/ECP/ecg-maya-hydra/ecg-maya-hydra-branch-preflight-python3-linux/ecg-maya-hydra/maya-hydra/lib/flowViewport/sceneIndex/fvpWireframeSelectionHighlightSceneIndex.h
[2023-11-27T16:11:35.728Z]     -- promoting: /home/S/jenkins/workspace/ECP/ecg-maya-hydra/ecg-maya-hydra-branch-preflight-python3-linux/ecg-maya-hydra/maya-hydra/lib/flowViewport/sceneIndex/fvpParentDataModifierSceneIndex.h
[2023-11-27T16:11:35.728Z]     -- promoting: /home/S/jenkins/workspace/ECP/ecg-maya-hydra/ecg-maya-hydra-branch-preflight-python3-linux/ecg-maya-hydra/maya-hydra/lib/flowViewport/API/fvpSelectionClient.h
[2023-11-27T16:11:35.729Z]     -- promoting: /home/S/jenkins/workspace/ECP/ecg-maya-hydra/ecg-maya-hydra-branch-preflight-python3-linux/ecg-maya-hydra/maya-hydra/lib/flowViewport/API/fvpFlowSelectionInterface.h
[2023-11-27T16:11:35.729Z]     -- promoting: /home/S/jenkins/workspace/ECP/ecg-maya-hydra/ecg-maya-hydra-branch-preflight-python3-linux/ecg-maya-hydra/maya-hydra/lib/flowViewport/API/fvpVersionInterface.h
[2023-11-27T16:11:35.729Z]     -- promoting: /home/S/jenkins/workspace/ECP/ecg-maya-hydra/ecg-maya-hydra-branch-preflight-python3-linux/ecg-maya-hydra/maya-hydra/lib/flowViewport/API/fvpInformationInterface.h
[2023-11-27T16:11:35.729Z]     -- promoting: /home/S/jenkins/workspace/ECP/ecg-maya-hydra/ecg-maya-hydra-branch-preflight-python3-linux/ecg-maya-hydra/maya-hydra/lib/flowViewport/API/fvpInformationClient.h
[2023-11-27T16:11:35.729Z]     -- promoting: /home/S/jenkins/workspace/ECP/ecg-maya-hydra/ecg-maya-hydra-branch-preflight-python3-linux/ecg-maya-hydra/maya-hydra/lib/flowViewport/API/fvpDataProducerSceneIndexInterface.h
[2023-11-27T16:11:35.729Z]     -- promoting: /home/S/jenkins/workspace/ECP/ecg-maya-hydra/ecg-maya-hydra-branch-preflight-python3-linux/ecg-maya-hydra/maya-hydra/lib/flowViewport/API/interfacesImp/fvpSelectionInterfaceImp.h
[2023-11-27T16:11:35.729Z]     -- promoting: /home/S/jenkins/workspace/ECP/ecg-maya-hydra/ecg-maya-hydra-branch-preflight-python3-linux/ecg-maya-hydra/maya-hydra/lib/flowViewport/API/interfacesImp/fvpVersionInterfaceImp.h
[2023-11-27T16:11:35.729Z]     -- promoting: /home/S/jenkins/workspace/ECP/ecg-maya-hydra/ecg-maya-hydra-branch-preflight-python3-linux/ecg-maya-hydra/maya-hydra/lib/flowViewport/API/interfacesImp/fvpInformationInterfaceImp.h
[2023-11-27T16:11:35.729Z]     -- promoting: /home/S/jenkins/workspace/ECP/ecg-maya-hydra/ecg-maya-hydra-branch-preflight-python3-linux/ecg-maya-hydra/maya-hydra/lib/flowViewport/API/interfacesImp/fvpDataProducerSceneIndexInterfaceImp.h
[2023-11-27T16:11:35.729Z]     -- promoting: /home/S/jenkins/workspace/ECP/ecg-maya-hydra/ecg-maya-hydra-branch-preflight-python3-linux/ecg-maya-hydra/maya-hydra/lib/flowViewport/API/samples/fvpSelectionClientExample.h
[2023-11-27T16:11:35.729Z]     -- promoting: /home/S/jenkins/workspace/ECP/ecg-maya-hydra/ecg-maya-hydra-branch-preflight-python3-linux/ecg-maya-hydra/maya-hydra/lib/flowViewport/API/samples/fvpInformationClientExample.h
[2023-11-27T16:11:35.729Z]     -- promoting: /home/S/jenkins/workspace/ECP/ecg-maya-hydra/ecg-maya-hydra-branch-preflight-python3-linux/ecg-maya-hydra/maya-hydra/lib/flowViewport/API/samples/fvpDataProducerSceneIndexExample.h
[2023-11-27T16:11:35.729Z]     -- promoting: /home/S/jenkins/workspace/ECP/ecg-maya-hydra/ecg-maya-hydra-branch-preflight-python3-linux/ecg-maya-hydra/maya-hydra/lib/flowViewport/API/perViewportSceneIndicesData/fvpViewportInformationAndSceneIndicesPerViewportData.h
[2023-11-27T16:11:35.729Z]     -- promoting: /home/S/jenkins/workspace/ECP/ecg-maya-hydra/ecg-maya-hydra-branch-preflight-python3-linux/ecg-maya-hydra/maya-hydra/lib/flowViewport/API/perViewportSceneIndicesData/fvpViewportInformationAndSceneIndicesPerViewportDataManager.h
[2023-11-27T16:11:35.729Z]     -- promoting: /home/S/jenkins/workspace/ECP/ecg-maya-hydra/ecg-maya-hydra-branch-preflight-python3-linux/ecg-maya-hydra/maya-hydra/lib/flowViewport/API/perViewportSceneIndicesData/fvpDataProducerSceneIndexDataAbstractFactory.h
[2023-11-27T16:11:35.729Z]     -- promoting: /home/S/jenkins/workspace/ECP/ecg-maya-hydra/ecg-maya-hydra-branch-preflight-python3-linux/ecg-maya-hydra/maya-hydra/lib/flowViewport/API/perViewportSceneIndicesData/fvpDataProducerSceneIndexDataBase.h
[2023-11-27T16:11:35.729Z]     -- promoting: /home/S/jenkins/workspace/ECP/ecg-maya-hydra/ecg-maya-hydra-branch-preflight-python3-linux/ecg-maya-hydra/maya-hydra/lib/flowViewport/selection/fvpSelection.h
[2023-11-27T16:11:35.729Z]     -- promoting: /home/S/jenkins/workspace/ECP/ecg-maya-hydra/ecg-maya-hydra-branch-preflight-python3-linux/ecg-maya-hydra/maya-hydra/lib/flowViewport/selection/fvpSelectionFwd.h
[2023-11-27T16:11:35.729Z]     -- promoting: /home/S/jenkins/workspace/ECP/ecg-maya-hydra/ecg-maya-hydra-branch-preflight-python3-linux/ecg-maya-hydra/maya-hydra/lib/flowViewport/selection/fvpSelectionTask.h
[2023-11-27T16:11:35.729Z]     -- promoting: /home/S/jenkins/workspace/ECP/ecg-maya-hydra/ecg-maya-hydra-branch-preflight-python3-linux/ecg-maya-hydra/maya-hydra/lib/flowViewport/selection/fvpSelectionTracker.h
[2023-11-27T16:11:35.729Z]     -- Configuring done
[2023-11-27T16:11:36.283Z]     -- Generating done
[2023-11-27T16:11:36.283Z]     -- Build files have been written to: /home/S/jenkins/workspace/ECP/ecg-maya-hydra/ecg-maya-hydra-branch-preflight-python3-linux/build/RelWithDebInfo
[2023-11-27T16:11:36.283Z]     
[2023-11-27T16:11:36.283Z]         Building with settings:
[2023-11-27T16:11:36.283Z]           Source directory          /home/S/jenkins/workspace/ECP/ecg-maya-hydra/ecg-maya-hydra-branch-preflight-python3-linux/ecg-maya-hydra/maya-hydra
[2023-11-27T16:11:36.283Z]           Workspace directory       /local/S/jenkins/workspace/ECP/ecg-maya-hydra/ecg-maya-hydra-branch-preflight-python3-linux
[2023-11-27T16:11:36.283Z]           Build directory           /local/S/jenkins/workspace/ECP/ecg-maya-hydra/ecg-maya-hydra-branch-preflight-python3-linux/build/RelWithDebInfo
[2023-11-27T16:11:36.283Z]           Install directory         /local/S/jenkins/workspace/ECP/ecg-maya-hydra/ecg-maya-hydra-branch-preflight-python3-linux/install/RelWithDebInfo/MayaHydra
[2023-11-27T16:11:36.283Z]           Variant                   RelWithDebInfo
[2023-11-27T16:11:36.283Z]           Python Debug              Off
[2023-11-27T16:11:36.283Z]           CMake generator           Ninja
[2023-11-27T16:11:36.283Z]           Build arguments           ['-DCMAKE_MAKE_PROGRAM=/local/S/jenkins/workspace/shared/Artifactory/Linux/ninja/1.10.2/9ab399b/ninja', '-DPYTHON_INCLUDE_DIR=/local/S/jenkins/workspace/shared/Artifactory/Linux/rundev-master/202311240749/runtime/c24098a/runTime/include/Python311/Python', '-DPython_EXECUTABLE=/local/S/jenkins/workspace/shared/Artifactory/Linux/rundev-master/202311240749/runtime/c24098a/runTime/bin/mayapy', '-DPYTHON_LIBRARIES=/local/S/jenkins/workspace/shared/Artifactory/Linux/rundev-master/202311240749/runtime/c24098a/runTime/lib/libpython3.11.so.1.0', '-DBUILD_WITH_PYTHON_3_VERSION=3.11', '-DCMAKE_WANT_MATERIALX_BUILD=ON', '-DCMAKE_PREFIX_PATH=/local/S/jenkins/workspace/shared/Artifactory/Linux/USD/1a43c47', '-DMAYAHYDRA_BUILD_NUMBER=421', '-DMAYAHYDRA_GIT_COMMIT=1e39ccdaa2da94b4df1efb7854598ed499acdc31', '-DMAYAHYDRA_GIT_BRANCH=master']
[2023-11-27T16:11:36.283Z]           Stages arguments          ['configure']
[2023-11-27T16:11:36.283Z]           CTest arguments           ['--parallel 16']
[2023-11-27T16:11:36.283Z]     STATUS: Found Maya Qt headers in: /local/S/jenkins/workspace/shared/Artifactory/Linux/rundev-master/202311240749/runtime/c24098a/devkitBase
[2023-11-27T16:11:36.283Z]     Success MayaHydra build and install !!!!
[2023-11-27T16:11:36.283Z]     Elapsed time: 00:00:15
[Pipeline] }
[Pipeline] // withEnv
[Pipeline] }
[Pipeline] // timeout
[Pipeline] }
[Pipeline] // stage
[Pipeline] }
[Pipeline] // timestamps
[Pipeline] timestamps
[Pipeline] {
[Pipeline] stage
[Pipeline] { (Build)
[Pipeline] timeout
[2023-11-27T16:11:36.668Z] Timeout set to expire in 6 hr 0 min
[Pipeline] {
[Pipeline] withEnv
[Pipeline] {
[Pipeline] sh
[2023-11-27T16:11:37.912Z] + scl enable gcc-toolset-11 -
[2023-11-27T16:11:37.913Z] + '[' enable = load -o enable = unload ']'
[2023-11-27T16:11:37.913Z] + /usr/bin/scl enable gcc-toolset-11 -
[2023-11-27T16:11:37.913Z] python ecg-maya-hydra/build.py --stages=build --workspace-dir=/local/S/jenkins/workspace/ECP/ecg-maya-hydra/ecg-maya-hydra-branch-preflight-python3-linux --artifactory-dir=/local/S/jenkins/workspace/shared/Artifactory --build-dir=/local/S/jenkins/workspace/ECP/ecg-maya-hydra/ecg-maya-hydra-branch-preflight-python3-linux/build --install-dir=/local/S/jenkins/workspace/ECP/ecg-maya-hydra/ecg-maya-hydra-branch-preflight-python3-linux/install --signing-dir=/local/S/jenkins/workspace/ECP/ecg-maya-hydra/ecg-maya-hydra-branch-preflight-python3-linux/signing --package-dir=/local/S/jenkins/workspace/ECP/ecg-maya-hydra/ecg-maya-hydra-branch-preflight-python3-linux/package --output-dir=/local/S/jenkins/workspace/ECP/ecg-maya-hydra/ecg-maya-hydra-branch-preflight-python3-linux/output --stash-dir=/local/S/jenkins/workspace/ECP/ecg-maya-hydra/ecg-maya-hydra-branch-preflight-python3-linux/stash --jenkins-build=421 --git-commit=1e39ccdaa2da94b4df1efb7854598ed499acdc31 --git-branch=master --variants=Debug --interactive-tests=true --post-zips=false --osx-binary-architecture-target=ub2 --osx-deployment-target=11.0 --osx-base-sdk=CurrentActiveSDK --build-retry=3 --maya-cut-config=maya-rundev-master-debug.yaml --maya-package=rundev-master-debug --stage-banner
[2023-11-27T16:11:37.913Z] Using Maya cut from /local/S/jenkins/workspace/shared/Artifactory/Linux/rundev-master-debug/202311240749/runtime/8e4eed9
[2023-11-27T16:11:37.913Z] 
[2023-11-27T16:11:37.913Z] ================================================================================
[2023-11-27T16:11:37.913Z]                                  build (Debug)
[2023-11-27T16:11:37.913Z] ================================================================================
[2023-11-27T16:11:37.913Z] Maya Python Debug Info:
[2023-11-27T16:11:37.913Z]   mayapy executable   = /local/S/jenkins/workspace/shared/Artifactory/Linux/rundev-master-debug/202311240749/runtime/8e4eed9/runTime/bin/mayapy
[2023-11-27T16:11:37.913Z]   Include Folder      = /local/S/jenkins/workspace/shared/Artifactory/Linux/rundev-master-debug/202311240749/runtime/8e4eed9/runTime/include/Python311/Python
[2023-11-27T16:11:37.913Z]   Library             = /local/S/jenkins/workspace/shared/Artifactory/Linux/rundev-master-debug/202311240749/runtime/8e4eed9/runTime/lib/libpython3.11d.so.1.0
[2023-11-27T16:11:37.913Z]   site-package Folder = /local/S/jenkins/workspace/shared/Artifactory/Linux/rundev-master-debug/202311240749/runtime/8e4eed9/runTime/lib/python3.11/site-packages
[2023-11-27T16:11:39.041Z] In workdir: /home/S/jenkins/workspace/ECP/ecg-maya-hydra/ecg-maya-hydra-branch-preflight-python3-linux/ecg-maya-hydra/maya-hydra
[2023-11-27T16:11:39.041Z] Executing: /local/S/jenkins/workspace/shared/Artifactory/Linux/rundev-master-debug/202311240749/runtime/8e4eed9/runTime/bin/mayapy /home/S/jenkins/workspace/ECP/ecg-maya-hydra/ecg-maya-hydra-branch-preflight-python3-linux/ecg-maya-hydra/maya-hydra/build.py --generator Ninja --build-debug --maya-location /local/S/jenkins/workspace/shared/Artifactory/Linux/rundev-master-debug/202311240749/runtime/8e4eed9/runTime --devkit-location /local/S/jenkins/workspace/shared/Artifactory/Linux/rundev-master-debug/202311240749/runtime/8e4eed9/devkitBase --pxrusd-location /local/S/jenkins/workspace/shared/Artifactory/Linux/USD/e5ad5df --build-args=-DCMAKE_MAKE_PROGRAM=/local/S/jenkins/workspace/shared/Artifactory/Linux/ninja/1.10.2/9ab399b/ninja,-DPYTHON_INCLUDE_DIR=/local/S/jenkins/workspace/shared/Artifactory/Linux/rundev-master-debug/202311240749/runtime/8e4eed9/runTime/include/Python311/Python,-DPython_EXECUTABLE=/local/S/jenkins/workspace/shared/Artifactory/Linux/rundev-master-debug/202311240749/runtime/8e4eed9/runTime/bin/mayapy,-DPYTHON_LIBRARIES=/local/S/jenkins/workspace/shared/Artifactory/Linux/rundev-master-debug/202311240749/runtime/8e4eed9/runTime/lib/libpython3.11d.so.1.0,-DBUILD_WITH_PYTHON_3_VERSION=3.11,-DCMAKE_WANT_MATERIALX_BUILD=ON,-DCMAKE_PREFIX_PATH=/local/S/jenkins/workspace/shared/Artifactory/Linux/USD/e5ad5df,-DMAYAHYDRA_BUILD_NUMBER=421,-DMAYAHYDRA_GIT_COMMIT=1e39ccdaa2da94b4df1efb7854598ed499acdc31,-DMAYAHYDRA_GIT_BRANCH=master --debug-python '--ctest-args=--parallel 16' --stages=build --redirect-outstream-file=False --install-location /local/S/jenkins/workspace/ECP/ecg-maya-hydra/ecg-maya-hydra-branch-preflight-python3-linux/install/Debug/MayaHydra /local/S/jenkins/workspace/ECP/ecg-maya-hydra/ecg-maya-hydra-branch-preflight-python3-linux
[2023-11-27T16:11:39.041Z] Modified environment variables:
[2023-11-27T16:11:39.041Z]     LD_LIBRARY_PATH=/opt/rh/gcc-toolset-11/root/usr/lib64:/opt/rh/gcc-toolset-11/root/usr/lib64:/opt/rh/gcc-toolset-11/root/usr/lib:/opt/rh/gcc-toolset-11/root/usr/lib64/dyninst:/opt/rh/gcc-toolset-11/root/usr/lib/dyninst
[2023-11-27T16:11:39.041Z]     PATH=/local/S/jenkins/workspace/shared/Artifactory/Linux/cmake/3.20.3/ab685d7/bin:/opt/rh/gcc-toolset-11/root/usr/bin:/home/administrator/.local/bin:/home/administrator/bin:/usr/share/Modules/bin:/usr/local/bin:/usr/local/sbin:/usr/bin:/usr/sbin
[2023-11-27T16:11:40.398Z]     [1/119] Building CXX object lib/mayaHydra/mayaPlugin/CMakeFiles/mayaHydra.dir/colorNotFoundException.cpp.o
[2023-11-27T16:11:40.398Z]     [2/119] Building CXX object test/lib/mayaUsd/render/mayaToHydra/cpp/CMakeFiles/mayaHydraCppTests.dir/mayaHydraCppTestsCmd.cpp.o
[2023-11-27T16:11:40.963Z]     [3/119] Building CXX object test/lib/mayaUsd/render/mayaToHydra/cpp/CMakeFiles/mayaHydraCppTests.dir/testCppFramework.cpp.o
[2023-11-27T16:11:40.963Z]     [4/119] Building CXX object lib/mayaHydra/mayaPlugin/CMakeFiles/mayaHydra.dir/mayaColorPreferencesTranslator.cpp.o
[2023-11-27T16:11:41.526Z]     [5/119] Building CXX object lib/mayaHydra/mayaPlugin/CMakeFiles/mayaHydra.dir/tokens.cpp.o
[2023-11-27T16:11:41.526Z]     [6/119] Building CXX object test/lib/mayaUsd/render/mayaToHydra/cpp/CMakeFiles/mayaHydraCppTests.dir/testColorPreferences.cpp.o
[2023-11-27T16:11:41.526Z]     [7/119] Building CXX object lib/mayaHydra/mayaPlugin/CMakeFiles/mayaHydra.dir/pluginDebugCodes.cpp.o
[2023-11-27T16:11:42.699Z]     [8/119] Building CXX object test/lib/mayaUsd/render/mayaToHydra/cpp/CMakeFiles/mayaHydraCppTests.dir/testUtils.cpp.o
[2023-11-27T16:11:43.248Z]     [9/119] Building CXX object test/lib/mayaUsd/render/mayaToHydra/cpp/CMakeFiles/mayaHydraCppTests.dir/testFvpViewportInformationRendererSwitching.cpp.o
[2023-11-27T16:11:43.248Z]     [10/119] Building CXX object test/lib/mayaUsd/render/mayaToHydra/cpp/CMakeFiles/mayaHydraCppTests.dir/testFvpViewportInformationMultipleViewports.cpp.o
[2023-11-27T16:11:43.248Z]     [11/119] Building CXX object test/lib/mayaUsd/render/mayaToHydra/cpp/CMakeFiles/mayaHydraCppTests.dir/testUsdStageLayerMuting.cpp.o
[2023-11-27T16:11:43.248Z]     [12/119] Building CXX object test/lib/mayaUsd/render/mayaToHydra/cpp/CMakeFiles/mayaHydraCppTests.dir/testMayaSceneFlattening.cpp.o
[2023-11-27T16:11:43.248Z]     [13/119] Building CXX object test/lib/mayaUsd/render/mayaToHydra/cpp/CMakeFiles/mayaHydraCppTests.dir/testMayaUsdUfeItems.cpp.o
[2023-11-27T16:11:43.248Z]     [14/119] Building CXX object lib/mayaHydra/hydraExtensions/CMakeFiles/mayaHydraLib.dir/mhBuildInfo.cpp.o
[2023-11-27T16:11:43.248Z]     [15/119] Building CXX object test/lib/mayaUsd/render/mayaToHydra/cpp/CMakeFiles/mayaHydraCppTests.dir/testFlowViewportAPIAddPrims.cpp.o
[2023-11-27T16:11:43.788Z]     [16/119] Building CXX object test/lib/mayaUsd/render/mayaToHydra/cpp/CMakeFiles/mayaHydraCppTests.dir/testSelectionSceneIndex.cpp.o
[2023-11-27T16:11:43.788Z]     [17/119] Building CXX object test/lib/mayaUsd/render/mayaToHydra/cpp/CMakeFiles/mayaHydraCppTests.dir/testMeshAdapterTransform.cpp.o
[2023-11-27T16:11:43.788Z]     [18/119] Building CXX object test/lib/mayaUsd/render/mayaToHydra/cpp/CMakeFiles/mayaHydraCppTests.dir/testWireframeSelectionHighlightSceneIndex.cpp.o
[2023-11-27T16:11:43.788Z]     [19/119] Building CXX object lib/mayaHydra/hydraExtensions/CMakeFiles/mayaHydraLib.dir/mayaUtils.cpp.o
[2023-11-27T16:11:43.788Z]     [20/119] Building CXX object lib/mayaHydra/hydraExtensions/CMakeFiles/mayaHydraLib.dir/debugCodes.cpp.o
[2023-11-27T16:11:44.339Z]     [21/119] Building CXX object lib/mayaHydra/hydraExtensions/CMakeFiles/mayaHydraLib.dir/adapters/adapterDebugCodes.cpp.o
[2023-11-27T16:11:45.485Z]     [22/119] Building CXX object lib/mayaHydra/hydraExtensions/CMakeFiles/mayaHydraLib.dir/mayaHydraLibInterfaceImp.cpp.o
[2023-11-27T16:11:46.067Z]     [23/119] Building CXX object lib/mayaHydra/mayaPlugin/CMakeFiles/mayaHydra.dir/pluginUtils.cpp.o
[2023-11-27T16:11:46.067Z]     [24/119] Building CXX object lib/mayaHydra/hydraExtensions/CMakeFiles/mayaHydraLib.dir/mixedUtils.cpp.o
[2023-11-27T16:11:46.067Z]     [25/119] Building CXX object lib/mayaHydra/hydraExtensions/CMakeFiles/mayaHydraLib.dir/hydraUtils.cpp.o
[2023-11-27T16:11:46.673Z]     [26/119] Building CXX object lib/mayaHydra/mayaPlugin/CMakeFiles/mayaHydra.dir/plugin.cpp.o
[2023-11-27T16:11:46.673Z]     [27/119] Building CXX object test/lib/mayaUsd/render/mayaToHydra/cpp/CMakeFiles/mayaHydraCppTests.dir/testMergingSceneIndex.cpp.o
[2023-11-27T16:11:47.245Z]     [28/119] Building CXX object lib/mayaHydra/hydraExtensions/CMakeFiles/mayaHydraLib.dir/adapters/mayaAttrs.cpp.o
[2023-11-27T16:11:48.400Z]     [29/119] Building CXX object lib/mayaHydra/mayaPlugin/CMakeFiles/mayaHydra.dir/viewCommand.cpp.o
[2023-11-27T16:11:49.544Z]     [30/119] Building CXX object lib/mayaHydra/hydraExtensions/CMakeFiles/mayaHydraLib.dir/adapters/adapter.cpp.o
[2023-11-27T16:11:50.085Z]     [31/119] Building CXX object lib/mayaHydra/hydraExtensions/CMakeFiles/mayaHydraLib.dir/adapters/adapterRegistry.cpp.o
[2023-11-27T16:11:50.636Z]     [32/119] Building CXX object lib/mayaHydra/hydraExtensions/CMakeFiles/mayaHydraLib.dir/adapters/cameraAdapter.cpp.o
[2023-11-27T16:11:50.636Z]     [33/119] Building CXX object lib/mayaHydra/hydraExtensions/CMakeFiles/mayaHydraLib.dir/adapters/areaLightAdapter.cpp.o
[2023-11-27T16:11:50.636Z]     [34/119] Building CXX object lib/mayaHydra/mayaPlugin/CMakeFiles/mayaHydra.dir/renderOverride.cpp.o
[2023-11-27T16:11:50.636Z]     [35/119] Building CXX object lib/mayaHydra/hydraExtensions/CMakeFiles/mayaHydraLib.dir/adapters/aiSkydomeLightAdapter.cpp.o
[2023-11-27T16:11:50.636Z]     [36/119] Building CXX object lib/mayaHydra/mayaPlugin/CMakeFiles/mayaHydra.dir/renderGlobals.cpp.o
[2023-11-27T16:11:51.174Z]     [37/119] Building CXX object lib/mayaHydra/hydraExtensions/CMakeFiles/mayaHydraLib.dir/adapters/dagAdapter.cpp.o
[2023-11-27T16:11:51.710Z]     [38/119] Building CXX object lib/mayaHydra/hydraExtensions/CMakeFiles/mayaHydraLib.dir/adapters/tokens.cpp.o
[2023-11-27T16:11:51.710Z]     [39/119] Building CXX object lib/mayaHydra/hydraExtensions/CMakeFiles/mayaHydraLib.dir/delegates/delegateDebugCodes.cpp.o
[2023-11-27T16:11:52.258Z]     [40/119] Building CXX object lib/mayaHydra/hydraExtensions/CMakeFiles/mayaHydraLib.dir/adapters/renderItemAdapter.cpp.o
[2023-11-27T16:11:52.806Z]     [41/119] Building CXX object lib/mayaHydra/hydraExtensions/CMakeFiles/mayaHydraLib.dir/mayaHydraSceneProducer.cpp.o
[2023-11-27T16:11:52.806Z]     [42/119] Building CXX object lib/mayaHydra/hydraExtensions/CMakeFiles/mayaHydraLib.dir/adapters/directionalLightAdapter.cpp.o
[2023-11-27T16:11:53.348Z]     [43/119] Building CXX object lib/mayaHydra/hydraExtensions/CMakeFiles/mayaHydraLib.dir/adapters/lightAdapter.cpp.o
[2023-11-27T16:11:53.348Z]     [44/119] Building CXX object lib/mayaHydra/hydraExtensions/CMakeFiles/mayaHydraLib.dir/adapters/materialAdapter.cpp.o
[2023-11-27T16:11:54.492Z]     [45/119] Building CXX object lib/mayaHydra/hydraExtensions/CMakeFiles/mayaHydraLib.dir/adapters/meshAdapter.cpp.o
[2023-11-27T16:11:55.050Z]     [46/119] Building CXX object lib/mayaHydra/hydraExtensions/CMakeFiles/mayaHydraLib.dir/adapters/nurbsCurveAdapter.cpp.o
[2023-11-27T16:11:55.050Z]     [47/119] Building CXX object lib/mayaHydra/hydraExtensions/CMakeFiles/mayaHydraLib.dir/adapters/materialNetworkConverter.cpp.o
[2023-11-27T16:11:55.589Z]     [48/119] Building CXX object lib/mayaHydra/hydraExtensions/CMakeFiles/mayaHydraLib.dir/adapters/shapeAdapter.cpp.o
[2023-11-27T16:11:55.589Z]     [49/119] Building CXX object lib/mayaHydra/hydraExtensions/CMakeFiles/mayaHydraLib.dir/delegates/delegate.cpp.o
[2023-11-27T16:11:56.144Z]     [50/119] Building CXX object lib/mayaHydra/hydraExtensions/CMakeFiles/mayaHydraLib.dir/adapters/pointLightAdapter.cpp.o
[2023-11-27T16:11:56.699Z]     [51/119] Building CXX object lib/mayaHydra/hydraExtensions/CMakeFiles/mayaHydraLib.dir/delegates/delegateCtx.cpp.o
[2023-11-27T16:11:56.699Z]     [52/119] Building CXX object lib/mayaHydra/hydraExtensions/CMakeFiles/mayaHydraLib.dir/adapters/spotLightAdapter.cpp.o
[2023-11-27T16:11:57.281Z]     [53/119] Building CXX object lib/mayaHydra/hydraExtensions/CMakeFiles/mayaHydraLib.dir/delegates/delegateRegistry.cpp.o
[2023-11-27T16:11:57.836Z]     [54/119] Building CXX object lib/mayaHydra/hydraExtensions/CMakeFiles/mayaHydraLib.dir/sceneIndex/registration.cpp.o
[2023-11-27T16:11:58.396Z]     [55/119] Building CXX object lib/mayaHydra/ufeExtensions/CMakeFiles/ufeExtensions.dir/Global.cpp.o
[2023-11-27T16:11:58.948Z]     [56/119] Building CXX object lib/flowViewport/CMakeFiles/flowViewport.dir/debugCodes.cpp.o
[2023-11-27T16:11:58.948Z]     [57/119] Building CXX object lib/mayaHydra/hydraExtensions/CMakeFiles/mayaHydraLib.dir/sceneIndex/mayaHydraMayaDataProducerSceneIndexDataConcreteFactory.cpp.o
[2023-11-27T16:11:58.948Z]     [58/119] Building CXX object lib/mayaHydra/hydraExtensions/CMakeFiles/mayaHydraLib.dir/sceneIndex/mayaHydraMayaDataProducerSceneIndexData.cpp.o
[2023-11-27T16:11:58.948Z]     [59/119] Linking CXX shared library lib/mayaHydra/ufeExtensions/libufeExtensions.so
[2023-11-27T16:11:58.948Z]     [60/119] Building CXX object lib/mayaHydra/hydraExtensions/CMakeFiles/mayaHydraLib.dir/sceneIndex/mayaHydraPrimvarDataSource.cpp.o
[2023-11-27T16:11:59.515Z]     [61/119] Building CXX object lib/mayaHydra/hydraExtensions/CMakeFiles/mayaHydraLib.dir/sceneIndex/mayaHydraSceneIndexDataFactoriesSetup.cpp.o
[2023-11-27T16:11:59.515Z]     [62/119] Building CXX object lib/flowViewport/CMakeFiles/flowViewport.dir/global.cpp.o
[2023-11-27T16:11:59.515Z]     [63/119] Building CXX object lib/flowViewport/CMakeFiles/flowViewport.dir/tokens.cpp.o
[2023-11-27T16:11:59.515Z]     [64/119] Building CXX object lib/flowViewport/CMakeFiles/flowViewport.dir/colorPreferences/fvpColorChanged.cpp.o
[2023-11-27T16:11:59.515Z]     [65/119] Building CXX object lib/flowViewport/CMakeFiles/flowViewport.dir/sceneIndex/fvpPathInterface.cpp.o
[2023-11-27T16:11:59.515Z]     [66/119] Building CXX object lib/flowViewport/CMakeFiles/flowViewport.dir/colorPreferences/fvpColorPreferencesTokens.cpp.o
[2023-11-27T16:11:59.515Z]     [67/119] Building CXX object lib/flowViewport/CMakeFiles/flowViewport.dir/colorPreferences/fvpColorPreferences.cpp.o
[2023-11-27T16:12:00.096Z]     [68/119] Building CXX object lib/mayaHydra/hydraExtensions/CMakeFiles/mayaHydraLib.dir/delegates/sceneDelegate.cpp.o
[2023-11-27T16:12:00.691Z]     [69/119] Building CXX object lib/mayaHydra/flowViewportAPIExamples/flowViewportAPIMayaLocator/CMakeFiles/flowViewportAPIMayaLocator.dir/flowViewportAPIMayaLocator.cpp.o
[2023-11-27T16:12:00.691Z]     [70/119] Building CXX object lib/flowViewport/CMakeFiles/flowViewport.dir/API/interfacesImp/fvpVersionInterfaceImp.cpp.o
[2023-11-27T16:12:00.691Z]     [71/119] Building CXX object lib/mayaHydra/hydraExtensions/CMakeFiles/mayaHydraLib.dir/sceneIndex/mayaHydraDataSource.cpp.o
[2023-11-27T16:12:00.691Z]     [72/119] Building CXX object lib/mayaHydra/hydraExtensions/CMakeFiles/mayaHydraLib.dir/sceneIndex/mayaHydraLightDataSource.cpp.o
[2023-11-27T16:12:00.691Z]     [73/119] Building CXX object lib/mayaHydra/hydraExtensions/CMakeFiles/mayaHydraLib.dir/sceneIndex/mayaHydraCameraDataSource.cpp.o
[2023-11-27T16:12:01.303Z]     [74/119] Building CXX object lib/flowViewport/CMakeFiles/flowViewport.dir/API/interfacesImp/fvpSelectionInterfaceImp.cpp.o
[2023-11-27T16:12:01.303Z]     [75/119] Building CXX object lib/mayaHydra/hydraExtensions/CMakeFiles/mayaHydraLib.dir/delegates/testDelegate.cpp.o
[2023-11-27T16:12:01.303Z]     [76/119] Building CXX object lib/mayaHydra/hydraExtensions/CMakeFiles/mayaHydraLib.dir/sceneIndex/mayaHydraDisplayStyleDataSource.cpp.o
[2023-11-27T16:12:01.912Z]     [77/119] Building CXX object lib/flowViewport/CMakeFiles/flowViewport.dir/API/samples/fvpSelectionClientExample.cpp.o
[2023-11-27T16:12:01.912Z]     [78/119] Building CXX object lib/mayaHydra/hydraExtensions/CMakeFiles/mayaHydraLib.dir/delegates/defaultLightDelegate.cpp.o
[2023-11-27T16:12:01.912Z]     [79/119] Building CXX object lib/flowViewport/CMakeFiles/flowViewport.dir/sceneIndex/fvpPathInterfaceSceneIndex.cpp.o
[2023-11-27T16:12:01.912Z]     [80/119] Building CXX object lib/mayaHydra/hydraExtensions/CMakeFiles/mayaHydraLib.dir/sceneIndex/mayaHydraSceneIndex.cpp.o
[2023-11-27T16:12:02.517Z]     [81/119] Building CXX object lib/mayaHydra/hydraExtensions/CMakeFiles/mayaHydraLib.dir/sceneIndex/mayaHydraDefaultLightDataSource.cpp.o
[2023-11-27T16:12:02.517Z]     [82/119] Building CXX object lib/flowViewport/CMakeFiles/flowViewport.dir/selection/fvpSelectionFwd.cpp.o
[2023-11-27T16:12:02.517Z]     [83/119] Building CXX object lib/flowViewport/CMakeFiles/flowViewport.dir/sceneIndex/fvpMergingSceneIndex.cpp.o
[2023-11-27T16:12:03.150Z]     [84/119] Building CXX object lib/flowViewport/CMakeFiles/flowViewport.dir/sceneIndex/fvpParentDataModifierSceneIndex.cpp.o
[2023-11-27T16:12:03.151Z]     [85/119] Building CXX object lib/flowViewport/CMakeFiles/flowViewport.dir/sceneIndex/fvpSelectionSceneIndex.cpp.o
[2023-11-27T16:12:03.738Z]     [86/119] Building CXX object lib/flowViewport/CMakeFiles/flowViewport.dir/sceneIndex/fvpWireframeSelectionHighlightSceneIndex.cpp.o
[2023-11-27T16:12:03.738Z]     [87/119] Building CXX object lib/flowViewport/CMakeFiles/flowViewport.dir/API/interfacesImp/fvpInformationInterfaceImp.cpp.o
[2023-11-27T16:12:03.738Z]     [88/119] Building CXX object lib/flowViewport/CMakeFiles/flowViewport.dir/API/samples/fvpInformationClientExample.cpp.o
[2023-11-27T16:12:03.738Z]     [89/119] Building CXX object lib/flowViewport/CMakeFiles/flowViewport.dir/sceneIndex/fvpRenderIndexProxy.cpp.o
[2023-11-27T16:12:04.965Z]     [90/119] Automatic MOC for target adskHydraSceneBrowser
[2023-11-27T16:12:04.965Z]     [91/119] Building CXX object lib/flowViewport/CMakeFiles/flowViewport.dir/API/interfacesImp/fvpDataProducerSceneIndexInterfaceImp.cpp.o
[2023-11-27T16:12:05.638Z]     [92/119] Building CXX object lib/flowViewport/CMakeFiles/flowViewport.dir/API/perViewportSceneIndicesData/fvpViewportInformationAndSceneIndicesPerViewportData.cpp.o
[2023-11-27T16:12:05.638Z]     [93/119] Building CXX object lib/flowViewport/CMakeFiles/flowViewport.dir/selection/fvpSelection.cpp.o
[2023-11-27T16:12:05.638Z]     [94/119] Building CXX object lib/flowViewport/CMakeFiles/flowViewport.dir/API/samples/fvpDataProducerSceneIndexExample.cpp.o
[2023-11-27T16:12:06.241Z]     [95/119] Building CXX object lib/flowViewport/CMakeFiles/flowViewport.dir/API/perViewportSceneIndicesData/fvpViewportInformationAndSceneIndicesPerViewportDataManager.cpp.o
[2023-11-27T16:12:06.241Z]     [96/119] Building CXX object lib/flowViewport/CMakeFiles/flowViewport.dir/selection/fvpSelectionTracker.cpp.o
[2023-11-27T16:12:06.840Z]     [97/119] Building CXX object lib/flowViewport/CMakeFiles/flowViewport.dir/selection/fvpSelectionTask.cpp.o
[2023-11-27T16:12:06.841Z]     [98/119] Building CXX object lib/flowViewport/CMakeFiles/flowViewport.dir/API/perViewportSceneIndicesData/fvpDataProducerSceneIndexDataBase.cpp.o
[2023-11-27T16:12:08.038Z]     [99/119] Linking CXX shared library lib/flowViewport/libflowViewport.so
[2023-11-27T16:12:08.590Z]     [100/119] Building CXX object lib/adskHydraSceneBrowser/lib/CMakeFiles/adskHydraSceneBrowser.dir/src/patch/registeredSceneIndexChooser.cpp.o
[2023-11-27T16:12:08.590Z]     [101/119] Building CXX object lib/adskHydraSceneBrowser/lib/CMakeFiles/adskHydraSceneBrowser.dir/src/patch/sceneIndexObserverLoggingWidget.cpp.o
[2023-11-27T16:12:08.590Z]     [102/119] Building CXX object plugin/mayaHydraSceneBrowserTest/CMakeFiles/mayaHydraSceneBrowserTest.dir/mayaHydraSceneBrowserTestCmd.cpp.o
[2023-11-27T16:12:09.160Z]     [103/119] Building CXX object lib/adskHydraSceneBrowser/lib/CMakeFiles/adskHydraSceneBrowser.dir/src/patch/dataSourceValueTreeView.cpp.o
[2023-11-27T16:12:09.160Z]     [104/119] Building CXX object lib/adskHydraSceneBrowser/lib/CMakeFiles/adskHydraSceneBrowser.dir/src/patch/sceneIndexObserverLoggingTreeView.cpp.o
[2023-11-27T16:12:09.160Z]     [105/119] Building CXX object lib/adskHydraSceneBrowser/lib/CMakeFiles/adskHydraSceneBrowser.dir/src/patch/sceneIndexDebuggerWidget.cpp.o
[2023-11-27T16:12:09.714Z]     [106/119] Building CXX object lib/adskHydraSceneBrowser/lib/CMakeFiles/adskHydraSceneBrowser.dir/adskHydraSceneBrowser_autogen/mocs_compilation.cpp.o
[2023-11-27T16:12:09.714Z]     [107/119] Building CXX object lib/adskHydraSceneBrowser/lib/CMakeFiles/adskHydraSceneBrowser.dir/src/patch/sceneIndexTreeWidget.cpp.o
[2023-11-27T16:12:09.714Z]     [108/119] Building CXX object plugin/mayaHydraSceneBrowser/CMakeFiles/mayaHydraSceneBrowser.dir/mayaHydraSceneBrowser.cpp.o
[2023-11-27T16:12:09.714Z]     [109/119] Linking CXX shared library lib/mayaHydra/hydraExtensions/libmayaHydraLib.so
[2023-11-27T16:12:10.257Z]     [110/119] Building CXX object lib/adskHydraSceneBrowser/lib/CMakeFiles/adskHydraSceneBrowser.dir/src/patch/dataSourceTreeWidget.cpp.o
[2023-11-27T16:12:10.257Z]     [111/119] Building CXX object lib/adskHydraSceneBrowser/test/CMakeFiles/adskHydraSceneBrowserTesting.dir/adskHydraSceneBrowserTesting.cpp.o
[2023-11-27T16:12:11.395Z]     [112/119] Linking CXX shared library lib/adskHydraSceneBrowser/lib/libadskHydraSceneBrowser.so
[2023-11-27T16:12:11.395Z]     [113/119] Linking CXX shared library lib/mayaHydra/flowViewportAPIExamples/flowViewportAPIMayaLocator/flowViewportAPIMayaLocator.so
[2023-11-27T16:12:11.395Z]     [114/119] Linking CXX shared library test/lib/mayaUsd/render/mayaToHydra/cpp/mayaHydraCppTests.so
[2023-11-27T16:12:11.395Z]     [115/119] Linking CXX shared library lib/mayaHydra/mayaPlugin/mayaHydra.so
[2023-11-27T16:12:12.523Z]     [116/119] Linking CXX shared library plugin/mayaHydraSceneBrowser/mayaHydraSceneBrowser.so
[2023-11-27T16:12:12.523Z]     [117/119] Building CXX object lib/adskHydraSceneBrowser/test/CMakeFiles/adskHydraSceneBrowserTesting.dir/adskHydraSceneBrowserTestFixture.cpp.o
[2023-11-27T16:12:13.675Z]     [118/119] Linking CXX shared library lib/adskHydraSceneBrowser/test/libadskHydraSceneBrowserTesting.so
[2023-11-27T16:12:14.807Z]     [119/119] Linking CXX shared library plugin/mayaHydraSceneBrowserTest/mayaHydraSceneBrowserTest.so
[2023-11-27T16:12:14.807Z]     
[2023-11-27T16:12:14.807Z]         Building with settings:
[2023-11-27T16:12:14.807Z]           Source directory          /home/S/jenkins/workspace/ECP/ecg-maya-hydra/ecg-maya-hydra-branch-preflight-python3-linux/ecg-maya-hydra/maya-hydra
[2023-11-27T16:12:14.807Z]           Workspace directory       /local/S/jenkins/workspace/ECP/ecg-maya-hydra/ecg-maya-hydra-branch-preflight-python3-linux
[2023-11-27T16:12:14.807Z]           Build directory           /local/S/jenkins/workspace/ECP/ecg-maya-hydra/ecg-maya-hydra-branch-preflight-python3-linux/build/Debug
[2023-11-27T16:12:14.807Z]           Install directory         /local/S/jenkins/workspace/ECP/ecg-maya-hydra/ecg-maya-hydra-branch-preflight-python3-linux/install/Debug/MayaHydra
[2023-11-27T16:12:14.807Z]           Variant                   Debug
[2023-11-27T16:12:14.807Z]           Python Debug              On
[2023-11-27T16:12:14.807Z]           CMake generator           Ninja
[2023-11-27T16:12:14.807Z]           Build arguments           ['-DCMAKE_MAKE_PROGRAM=/local/S/jenkins/workspace/shared/Artifactory/Linux/ninja/1.10.2/9ab399b/ninja', '-DPYTHON_INCLUDE_DIR=/local/S/jenkins/workspace/shared/Artifactory/Linux/rundev-master-debug/202311240749/runtime/8e4eed9/runTime/include/Python311/Python', '-DPython_EXECUTABLE=/local/S/jenkins/workspace/shared/Artifactory/Linux/rundev-master-debug/202311240749/runtime/8e4eed9/runTime/bin/mayapy', '-DPYTHON_LIBRARIES=/local/S/jenkins/workspace/shared/Artifactory/Linux/rundev-master-debug/202311240749/runtime/8e4eed9/runTime/lib/libpython3.11d.so.1.0', '-DBUILD_WITH_PYTHON_3_VERSION=3.11', '-DCMAKE_WANT_MATERIALX_BUILD=ON', '-DCMAKE_PREFIX_PATH=/local/S/jenkins/workspace/shared/Artifactory/Linux/USD/e5ad5df', '-DMAYAHYDRA_BUILD_NUMBER=421', '-DMAYAHYDRA_GIT_COMMIT=1e39ccdaa2da94b4df1efb7854598ed499acdc31', '-DMAYAHYDRA_GIT_BRANCH=master']
[2023-11-27T16:12:14.807Z]           Stages arguments          ['build']
[2023-11-27T16:12:14.807Z]           CTest arguments           ['--parallel 16']
[2023-11-27T16:12:14.807Z]     Success MayaHydra build and install !!!!
[2023-11-27T16:12:14.807Z]     Elapsed time: 00:00:35
[Pipeline] sh
[2023-11-27T16:12:16.259Z] + scl enable gcc-toolset-11 -
[2023-11-27T16:12:16.259Z] + '[' enable = load -o enable = unload ']'
[2023-11-27T16:12:16.259Z] + /usr/bin/scl enable gcc-toolset-11 -
[2023-11-27T16:12:16.259Z] python ecg-maya-hydra/build.py --stages=build --workspace-dir=/local/S/jenkins/workspace/ECP/ecg-maya-hydra/ecg-maya-hydra-branch-preflight-python3-linux --artifactory-dir=/local/S/jenkins/workspace/shared/Artifactory --build-dir=/local/S/jenkins/workspace/ECP/ecg-maya-hydra/ecg-maya-hydra-branch-preflight-python3-linux/build --install-dir=/local/S/jenkins/workspace/ECP/ecg-maya-hydra/ecg-maya-hydra-branch-preflight-python3-linux/install --signing-dir=/local/S/jenkins/workspace/ECP/ecg-maya-hydra/ecg-maya-hydra-branch-preflight-python3-linux/signing --package-dir=/local/S/jenkins/workspace/ECP/ecg-maya-hydra/ecg-maya-hydra-branch-preflight-python3-linux/package --output-dir=/local/S/jenkins/workspace/ECP/ecg-maya-hydra/ecg-maya-hydra-branch-preflight-python3-linux/output --stash-dir=/local/S/jenkins/workspace/ECP/ecg-maya-hydra/ecg-maya-hydra-branch-preflight-python3-linux/stash --jenkins-build=421 --git-commit=1e39ccdaa2da94b4df1efb7854598ed499acdc31 --git-branch=master --variants=RelWithDebInfo --interactive-tests=true --post-zips=false --osx-binary-architecture-target=ub2 --osx-deployment-target=11.0 --osx-base-sdk=CurrentActiveSDK --build-retry=3 --maya-cut-config=maya-rundev-master.yaml --maya-package=rundev-master --stage-banner
[2023-11-27T16:12:16.259Z] Using Maya cut from /local/S/jenkins/workspace/shared/Artifactory/Linux/rundev-master/202311240749/runtime/c24098a
[2023-11-27T16:12:16.259Z] 
[2023-11-27T16:12:16.259Z] ================================================================================
[2023-11-27T16:12:16.259Z]                              build (RelWithDebInfo)
[2023-11-27T16:12:16.259Z] ================================================================================
[2023-11-27T16:12:16.259Z] Maya Python RelWithDebInfo Info:
[2023-11-27T16:12:16.259Z]   mayapy executable   = /local/S/jenkins/workspace/shared/Artifactory/Linux/rundev-master/202311240749/runtime/c24098a/runTime/bin/mayapy
[2023-11-27T16:12:16.259Z]   Include Folder      = /local/S/jenkins/workspace/shared/Artifactory/Linux/rundev-master/202311240749/runtime/c24098a/runTime/include/Python311/Python
[2023-11-27T16:12:16.259Z]   Library             = /local/S/jenkins/workspace/shared/Artifactory/Linux/rundev-master/202311240749/runtime/c24098a/runTime/lib/libpython3.11.so.1.0
[2023-11-27T16:12:16.259Z]   site-package Folder = /local/S/jenkins/workspace/shared/Artifactory/Linux/rundev-master/202311240749/runtime/c24098a/runTime/lib/python3.11/site-packages
[2023-11-27T16:12:16.823Z] In workdir: /home/S/jenkins/workspace/ECP/ecg-maya-hydra/ecg-maya-hydra-branch-preflight-python3-linux/ecg-maya-hydra/maya-hydra
[2023-11-27T16:12:16.823Z] Executing: /local/S/jenkins/workspace/shared/Artifactory/Linux/rundev-master/202311240749/runtime/c24098a/runTime/bin/mayapy /home/S/jenkins/workspace/ECP/ecg-maya-hydra/ecg-maya-hydra-branch-preflight-python3-linux/ecg-maya-hydra/maya-hydra/build.py --generator Ninja --build-relwithdebug --maya-location /local/S/jenkins/workspace/shared/Artifactory/Linux/rundev-master/202311240749/runtime/c24098a/runTime --devkit-location /local/S/jenkins/workspace/shared/Artifactory/Linux/rundev-master/202311240749/runtime/c24098a/devkitBase --pxrusd-location /local/S/jenkins/workspace/shared/Artifactory/Linux/USD/1a43c47 --build-args=-DCMAKE_MAKE_PROGRAM=/local/S/jenkins/workspace/shared/Artifactory/Linux/ninja/1.10.2/9ab399b/ninja,-DPYTHON_INCLUDE_DIR=/local/S/jenkins/workspace/shared/Artifactory/Linux/rundev-master/202311240749/runtime/c24098a/runTime/include/Python311/Python,-DPython_EXECUTABLE=/local/S/jenkins/workspace/shared/Artifactory/Linux/rundev-master/202311240749/runtime/c24098a/runTime/bin/mayapy,-DPYTHON_LIBRARIES=/local/S/jenkins/workspace/shared/Artifactory/Linux/rundev-master/202311240749/runtime/c24098a/runTime/lib/libpython3.11.so.1.0,-DBUILD_WITH_PYTHON_3_VERSION=3.11,-DCMAKE_WANT_MATERIALX_BUILD=ON,-DCMAKE_PREFIX_PATH=/local/S/jenkins/workspace/shared/Artifactory/Linux/USD/1a43c47,-DMAYAHYDRA_BUILD_NUMBER=421,-DMAYAHYDRA_GIT_COMMIT=1e39ccdaa2da94b4df1efb7854598ed499acdc31,-DMAYAHYDRA_GIT_BRANCH=master '--ctest-args=--parallel 16' --stages=build --redirect-outstream-file=False --install-location /local/S/jenkins/workspace/ECP/ecg-maya-hydra/ecg-maya-hydra-branch-preflight-python3-linux/install/RelWithDebInfo/MayaHydra /local/S/jenkins/workspace/ECP/ecg-maya-hydra/ecg-maya-hydra-branch-preflight-python3-linux
[2023-11-27T16:12:16.823Z] Modified environment variables:
[2023-11-27T16:12:16.823Z]     LD_LIBRARY_PATH=/opt/rh/gcc-toolset-11/root/usr/lib64:/opt/rh/gcc-toolset-11/root/usr/lib64:/opt/rh/gcc-toolset-11/root/usr/lib:/opt/rh/gcc-toolset-11/root/usr/lib64/dyninst:/opt/rh/gcc-toolset-11/root/usr/lib/dyninst
[2023-11-27T16:12:16.823Z]     PATH=/local/S/jenkins/workspace/shared/Artifactory/Linux/cmake/3.20.3/ab685d7/bin:/opt/rh/gcc-toolset-11/root/usr/bin:/home/administrator/.local/bin:/home/administrator/bin:/usr/share/Modules/bin:/usr/local/bin:/usr/local/sbin:/usr/bin:/usr/sbin
[2023-11-27T16:12:17.991Z]     [1/119] Building CXX object lib/mayaHydra/mayaPlugin/CMakeFiles/mayaHydra.dir/colorNotFoundException.cpp.o
[2023-11-27T16:12:17.991Z]     [2/119] Building CXX object test/lib/mayaUsd/render/mayaToHydra/cpp/CMakeFiles/mayaHydraCppTests.dir/testCppFramework.cpp.o
[2023-11-27T16:12:17.991Z]     [3/119] Building CXX object test/lib/mayaUsd/render/mayaToHydra/cpp/CMakeFiles/mayaHydraCppTests.dir/mayaHydraCppTestsCmd.cpp.o
[2023-11-27T16:12:18.542Z]     [4/119] Building CXX object lib/mayaHydra/mayaPlugin/CMakeFiles/mayaHydra.dir/mayaColorPreferencesTranslator.cpp.o
[2023-11-27T16:12:19.128Z]     [5/119] Building CXX object lib/mayaHydra/mayaPlugin/CMakeFiles/mayaHydra.dir/tokens.cpp.o
[2023-11-27T16:12:19.670Z]     [6/119] Building CXX object lib/mayaHydra/mayaPlugin/CMakeFiles/mayaHydra.dir/pluginDebugCodes.cpp.o
[2023-11-27T16:12:20.235Z]     [7/119] Building CXX object test/lib/mayaUsd/render/mayaToHydra/cpp/CMakeFiles/mayaHydraCppTests.dir/testColorPreferences.cpp.o
[2023-11-27T16:12:20.818Z]     [8/119] Building CXX object test/lib/mayaUsd/render/mayaToHydra/cpp/CMakeFiles/mayaHydraCppTests.dir/testMayaUsdUfeItems.cpp.o
[2023-11-27T16:12:20.818Z]     [9/119] Building CXX object test/lib/mayaUsd/render/mayaToHydra/cpp/CMakeFiles/mayaHydraCppTests.dir/testFvpViewportInformationMultipleViewports.cpp.o
[2023-11-27T16:12:20.818Z]     [10/119] Building CXX object test/lib/mayaUsd/render/mayaToHydra/cpp/CMakeFiles/mayaHydraCppTests.dir/testFvpViewportInformationRendererSwitching.cpp.o
[2023-11-27T16:12:21.404Z]     [11/119] Building CXX object test/lib/mayaUsd/render/mayaToHydra/cpp/CMakeFiles/mayaHydraCppTests.dir/testUtils.cpp.o
[2023-11-27T16:12:21.404Z]     [12/119] Building CXX object test/lib/mayaUsd/render/mayaToHydra/cpp/CMakeFiles/mayaHydraCppTests.dir/testUsdStageLayerMuting.cpp.o
[2023-11-27T16:12:21.404Z]     [13/119] Building CXX object test/lib/mayaUsd/render/mayaToHydra/cpp/CMakeFiles/mayaHydraCppTests.dir/testMayaSceneFlattening.cpp.o
[2023-11-27T16:12:21.404Z]     [14/119] Building CXX object test/lib/mayaUsd/render/mayaToHydra/cpp/CMakeFiles/mayaHydraCppTests.dir/testFlowViewportAPIAddPrims.cpp.o
[2023-11-27T16:12:21.405Z]     [15/119] Building CXX object lib/mayaHydra/hydraExtensions/CMakeFiles/mayaHydraLib.dir/mhBuildInfo.cpp.o
[2023-11-27T16:12:21.973Z]     [16/119] Building CXX object lib/mayaHydra/hydraExtensions/CMakeFiles/mayaHydraLib.dir/mayaUtils.cpp.o
[2023-11-27T16:12:21.973Z]     [17/119] Building CXX object lib/mayaHydra/hydraExtensions/CMakeFiles/mayaHydraLib.dir/debugCodes.cpp.o
[2023-11-27T16:12:21.973Z]     [18/119] Building CXX object test/lib/mayaUsd/render/mayaToHydra/cpp/CMakeFiles/mayaHydraCppTests.dir/testMeshAdapterTransform.cpp.o
[2023-11-27T16:12:23.135Z]     [19/119] Building CXX object lib/mayaHydra/hydraExtensions/CMakeFiles/mayaHydraLib.dir/adapters/adapterDebugCodes.cpp.o
[2023-11-27T16:12:23.135Z]     [20/119] Building CXX object test/lib/mayaUsd/render/mayaToHydra/cpp/CMakeFiles/mayaHydraCppTests.dir/testSelectionSceneIndex.cpp.o
[2023-11-27T16:12:23.135Z]     [21/119] Building CXX object test/lib/mayaUsd/render/mayaToHydra/cpp/CMakeFiles/mayaHydraCppTests.dir/testWireframeSelectionHighlightSceneIndex.cpp.o
[2023-11-27T16:12:23.688Z]     [22/119] Building CXX object lib/mayaHydra/hydraExtensions/CMakeFiles/mayaHydraLib.dir/mayaHydraLibInterfaceImp.cpp.o
[2023-11-27T16:12:24.254Z]     [23/119] Building CXX object lib/mayaHydra/mayaPlugin/CMakeFiles/mayaHydra.dir/pluginUtils.cpp.o
[2023-11-27T16:12:24.254Z]     [24/119] Building CXX object lib/mayaHydra/hydraExtensions/CMakeFiles/mayaHydraLib.dir/mixedUtils.cpp.o
[2023-11-27T16:12:24.828Z]     [25/119] Building CXX object lib/mayaHydra/mayaPlugin/CMakeFiles/mayaHydra.dir/plugin.cpp.o
[2023-11-27T16:12:25.387Z]     [26/119] Building CXX object lib/mayaHydra/hydraExtensions/CMakeFiles/mayaHydraLib.dir/hydraUtils.cpp.o
[2023-11-27T16:12:25.387Z]     [27/119] Building CXX object test/lib/mayaUsd/render/mayaToHydra/cpp/CMakeFiles/mayaHydraCppTests.dir/testMergingSceneIndex.cpp.o
[2023-11-27T16:12:25.942Z]     [28/119] Building CXX object lib/mayaHydra/hydraExtensions/CMakeFiles/mayaHydraLib.dir/adapters/mayaAttrs.cpp.o
[2023-11-27T16:12:27.106Z]     [29/119] Building CXX object lib/mayaHydra/mayaPlugin/CMakeFiles/mayaHydra.dir/viewCommand.cpp.o
[2023-11-27T16:12:27.671Z]     [30/119] Building CXX object lib/mayaHydra/hydraExtensions/CMakeFiles/mayaHydraLib.dir/adapters/adapter.cpp.o
[2023-11-27T16:12:28.822Z]     [31/119] Building CXX object lib/mayaHydra/hydraExtensions/CMakeFiles/mayaHydraLib.dir/adapters/adapterRegistry.cpp.o
[2023-11-27T16:12:29.368Z]     [32/119] Building CXX object lib/mayaHydra/hydraExtensions/CMakeFiles/mayaHydraLib.dir/adapters/areaLightAdapter.cpp.o
[2023-11-27T16:12:29.368Z]     [33/119] Building CXX object lib/mayaHydra/mayaPlugin/CMakeFiles/mayaHydra.dir/renderOverride.cpp.o
[2023-11-27T16:12:29.368Z]     [34/119] Building CXX object lib/mayaHydra/hydraExtensions/CMakeFiles/mayaHydraLib.dir/adapters/aiSkydomeLightAdapter.cpp.o
[2023-11-27T16:12:29.913Z]     [35/119] Building CXX object lib/mayaHydra/mayaPlugin/CMakeFiles/mayaHydra.dir/renderGlobals.cpp.o
[2023-11-27T16:12:30.462Z]     [36/119] Building CXX object lib/mayaHydra/hydraExtensions/CMakeFiles/mayaHydraLib.dir/adapters/cameraAdapter.cpp.o
[2023-11-27T16:12:30.462Z]     [37/119] Building CXX object lib/mayaHydra/hydraExtensions/CMakeFiles/mayaHydraLib.dir/adapters/dagAdapter.cpp.o
[2023-11-27T16:12:31.084Z]     [38/119] Building CXX object lib/mayaHydra/hydraExtensions/CMakeFiles/mayaHydraLib.dir/adapters/tokens.cpp.o
[2023-11-27T16:12:31.084Z]     [39/119] Building CXX object lib/mayaHydra/hydraExtensions/CMakeFiles/mayaHydraLib.dir/mayaHydraSceneProducer.cpp.o
[2023-11-27T16:12:31.633Z]     [40/119] Building CXX object lib/mayaHydra/hydraExtensions/CMakeFiles/mayaHydraLib.dir/adapters/directionalLightAdapter.cpp.o
[2023-11-27T16:12:31.633Z]     [41/119] Building CXX object lib/mayaHydra/hydraExtensions/CMakeFiles/mayaHydraLib.dir/delegates/delegateDebugCodes.cpp.o
[2023-11-27T16:12:31.633Z]     [42/119] Building CXX object lib/mayaHydra/hydraExtensions/CMakeFiles/mayaHydraLib.dir/adapters/lightAdapter.cpp.o
[2023-11-27T16:12:32.184Z]     [43/119] Building CXX object lib/mayaHydra/hydraExtensions/CMakeFiles/mayaHydraLib.dir/adapters/renderItemAdapter.cpp.o
[2023-11-27T16:12:33.371Z]     [44/119] Building CXX object lib/mayaHydra/hydraExtensions/CMakeFiles/mayaHydraLib.dir/adapters/materialAdapter.cpp.o
[2023-11-27T16:12:33.932Z]     [45/119] Building CXX object lib/mayaHydra/hydraExtensions/CMakeFiles/mayaHydraLib.dir/adapters/shapeAdapter.cpp.o
[2023-11-27T16:12:34.530Z]     [46/119] Building CXX object lib/mayaHydra/hydraExtensions/CMakeFiles/mayaHydraLib.dir/adapters/meshAdapter.cpp.o
[2023-11-27T16:12:35.073Z]     [47/119] Building CXX object lib/mayaHydra/hydraExtensions/CMakeFiles/mayaHydraLib.dir/adapters/nurbsCurveAdapter.cpp.o
[2023-11-27T16:12:35.073Z]     [48/119] Building CXX object lib/mayaHydra/hydraExtensions/CMakeFiles/mayaHydraLib.dir/adapters/pointLightAdapter.cpp.o
[2023-11-27T16:12:35.073Z]     [49/119] Building CXX object lib/mayaHydra/hydraExtensions/CMakeFiles/mayaHydraLib.dir/delegates/delegate.cpp.o
[2023-11-27T16:12:35.626Z]     [50/119] Building CXX object lib/mayaHydra/hydraExtensions/CMakeFiles/mayaHydraLib.dir/delegates/delegateCtx.cpp.o
[2023-11-27T16:12:35.626Z]     [51/119] Building CXX object lib/mayaHydra/hydraExtensions/CMakeFiles/mayaHydraLib.dir/adapters/materialNetworkConverter.cpp.o
[2023-11-27T16:12:36.169Z]     [52/119] Building CXX object lib/mayaHydra/hydraExtensions/CMakeFiles/mayaHydraLib.dir/adapters/spotLightAdapter.cpp.o
[2023-11-27T16:12:37.330Z]     [53/119] Building CXX object lib/mayaHydra/hydraExtensions/CMakeFiles/mayaHydraLib.dir/delegates/delegateRegistry.cpp.o
[2023-11-27T16:12:37.892Z]     [54/119] Building CXX object lib/mayaHydra/ufeExtensions/CMakeFiles/ufeExtensions.dir/Global.cpp.o
[2023-11-27T16:12:37.892Z]     [55/119] Linking CXX shared library lib/mayaHydra/ufeExtensions/libufeExtensions.so
[2023-11-27T16:12:37.892Z]     [56/119] Building CXX object lib/mayaHydra/hydraExtensions/CMakeFiles/mayaHydraLib.dir/sceneIndex/registration.cpp.o
[2023-11-27T16:12:37.892Z]     [57/119] Building CXX object lib/mayaHydra/hydraExtensions/CMakeFiles/mayaHydraLib.dir/sceneIndex/mayaHydraMayaDataProducerSceneIndexData.cpp.o
[2023-11-27T16:12:37.892Z]     [58/119] Building CXX object lib/mayaHydra/hydraExtensions/CMakeFiles/mayaHydraLib.dir/sceneIndex/mayaHydraMayaDataProducerSceneIndexDataConcreteFactory.cpp.o
[2023-11-27T16:12:38.431Z]     [59/119] Building CXX object lib/mayaHydra/hydraExtensions/CMakeFiles/mayaHydraLib.dir/sceneIndex/mayaHydraSceneIndexDataFactoriesSetup.cpp.o
[2023-11-27T16:12:38.972Z]     [60/119] Building CXX object lib/flowViewport/CMakeFiles/flowViewport.dir/tokens.cpp.o
[2023-11-27T16:12:38.972Z]     [61/119] Building CXX object lib/flowViewport/CMakeFiles/flowViewport.dir/global.cpp.o
[2023-11-27T16:12:38.972Z]     [62/119] Building CXX object lib/flowViewport/CMakeFiles/flowViewport.dir/colorPreferences/fvpColorChanged.cpp.o
[2023-11-27T16:12:38.972Z]     [63/119] Building CXX object lib/flowViewport/CMakeFiles/flowViewport.dir/debugCodes.cpp.o
[2023-11-27T16:12:38.972Z]     [64/119] Building CXX object lib/flowViewport/CMakeFiles/flowViewport.dir/sceneIndex/fvpPathInterface.cpp.o
[2023-11-27T16:12:39.512Z]     [65/119] Building CXX object lib/mayaHydra/hydraExtensions/CMakeFiles/mayaHydraLib.dir/sceneIndex/mayaHydraPrimvarDataSource.cpp.o
[2023-11-27T16:12:39.512Z]     [66/119] Building CXX object lib/flowViewport/CMakeFiles/flowViewport.dir/colorPreferences/fvpColorPreferences.cpp.o
[2023-11-27T16:12:39.512Z]     [67/119] Building CXX object lib/flowViewport/CMakeFiles/flowViewport.dir/colorPreferences/fvpColorPreferencesTokens.cpp.o
[2023-11-27T16:12:40.648Z]     [68/119] Building CXX object lib/mayaHydra/hydraExtensions/CMakeFiles/mayaHydraLib.dir/sceneIndex/mayaHydraLightDataSource.cpp.o
[2023-11-27T16:12:40.648Z]     [69/119] Building CXX object lib/mayaHydra/flowViewportAPIExamples/flowViewportAPIMayaLocator/CMakeFiles/flowViewportAPIMayaLocator.dir/flowViewportAPIMayaLocator.cpp.o
[2023-11-27T16:12:41.196Z]     [70/119] Building CXX object lib/flowViewport/CMakeFiles/flowViewport.dir/API/interfacesImp/fvpVersionInterfaceImp.cpp.o
[2023-11-27T16:12:41.196Z]     [71/119] Building CXX object lib/mayaHydra/hydraExtensions/CMakeFiles/mayaHydraLib.dir/sceneIndex/mayaHydraDisplayStyleDataSource.cpp.o
[2023-11-27T16:12:41.196Z]     [72/119] Building CXX object lib/mayaHydra/hydraExtensions/CMakeFiles/mayaHydraLib.dir/delegates/defaultLightDelegate.cpp.o
[2023-11-27T16:12:41.196Z]     [73/119] Building CXX object lib/mayaHydra/hydraExtensions/CMakeFiles/mayaHydraLib.dir/sceneIndex/mayaHydraCameraDataSource.cpp.o
[2023-11-27T16:12:41.196Z]     [74/119] Building CXX object lib/flowViewport/CMakeFiles/flowViewport.dir/sceneIndex/fvpPathInterfaceSceneIndex.cpp.o
[2023-11-27T16:12:41.744Z]     [75/119] Building CXX object lib/mayaHydra/hydraExtensions/CMakeFiles/mayaHydraLib.dir/delegates/testDelegate.cpp.o
[2023-11-27T16:12:41.744Z]     [76/119] Building CXX object lib/mayaHydra/hydraExtensions/CMakeFiles/mayaHydraLib.dir/delegates/sceneDelegate.cpp.o
[2023-11-27T16:12:41.744Z]     [77/119] Building CXX object lib/flowViewport/CMakeFiles/flowViewport.dir/API/interfacesImp/fvpSelectionInterfaceImp.cpp.o
[2023-11-27T16:12:42.288Z]     [78/119] Building CXX object lib/flowViewport/CMakeFiles/flowViewport.dir/API/samples/fvpSelectionClientExample.cpp.o
[2023-11-27T16:12:42.288Z]     [79/119] Building CXX object lib/flowViewport/CMakeFiles/flowViewport.dir/sceneIndex/fvpMergingSceneIndex.cpp.o
[2023-11-27T16:12:42.288Z]     [80/119] Building CXX object lib/mayaHydra/hydraExtensions/CMakeFiles/mayaHydraLib.dir/sceneIndex/mayaHydraDataSource.cpp.o
[2023-11-27T16:12:42.836Z]     [81/119] Building CXX object lib/flowViewport/CMakeFiles/flowViewport.dir/selection/fvpSelectionFwd.cpp.o
[2023-11-27T16:12:42.836Z]     [82/119] Building CXX object lib/mayaHydra/hydraExtensions/CMakeFiles/mayaHydraLib.dir/sceneIndex/mayaHydraSceneIndex.cpp.o
[2023-11-27T16:12:42.836Z]     [83/119] Building CXX object lib/mayaHydra/hydraExtensions/CMakeFiles/mayaHydraLib.dir/sceneIndex/mayaHydraDefaultLightDataSource.cpp.o
[2023-11-27T16:12:43.379Z]     [84/119] Building CXX object lib/flowViewport/CMakeFiles/flowViewport.dir/sceneIndex/fvpRenderIndexProxy.cpp.o
[2023-11-27T16:12:43.379Z]     [85/119] Building CXX object lib/flowViewport/CMakeFiles/flowViewport.dir/sceneIndex/fvpParentDataModifierSceneIndex.cpp.o
[2023-11-27T16:12:44.512Z]     [86/119] Building CXX object lib/flowViewport/CMakeFiles/flowViewport.dir/sceneIndex/fvpSelectionSceneIndex.cpp.o
[2023-11-27T16:12:44.512Z]     [87/119] Building CXX object lib/flowViewport/CMakeFiles/flowViewport.dir/API/samples/fvpInformationClientExample.cpp.o
[2023-11-27T16:12:44.512Z]     [88/119] Building CXX object lib/flowViewport/CMakeFiles/flowViewport.dir/API/interfacesImp/fvpInformationInterfaceImp.cpp.o
[2023-11-27T16:12:44.512Z]     [89/119] Building CXX object lib/flowViewport/CMakeFiles/flowViewport.dir/sceneIndex/fvpWireframeSelectionHighlightSceneIndex.cpp.o
[2023-11-27T16:12:45.063Z]     [90/119] Automatic MOC for target adskHydraSceneBrowser
[2023-11-27T16:12:45.606Z]     [91/119] Building CXX object lib/flowViewport/CMakeFiles/flowViewport.dir/API/interfacesImp/fvpDataProducerSceneIndexInterfaceImp.cpp.o
[2023-11-27T16:12:45.606Z]     [92/119] Building CXX object lib/flowViewport/CMakeFiles/flowViewport.dir/API/perViewportSceneIndicesData/fvpViewportInformationAndSceneIndicesPerViewportData.cpp.o
[2023-11-27T16:12:46.145Z]     [93/119] Building CXX object lib/flowViewport/CMakeFiles/flowViewport.dir/selection/fvpSelection.cpp.o
[2023-11-27T16:12:46.145Z]     [94/119] Building CXX object lib/flowViewport/CMakeFiles/flowViewport.dir/API/perViewportSceneIndicesData/fvpViewportInformationAndSceneIndicesPerViewportDataManager.cpp.o
[2023-11-27T16:12:46.145Z]     [95/119] Building CXX object lib/flowViewport/CMakeFiles/flowViewport.dir/selection/fvpSelectionTracker.cpp.o
[2023-11-27T16:12:46.683Z]     [96/119] Building CXX object lib/flowViewport/CMakeFiles/flowViewport.dir/API/perViewportSceneIndicesData/fvpDataProducerSceneIndexDataBase.cpp.o
[2023-11-27T16:12:47.220Z]     [97/119] Building CXX object lib/flowViewport/CMakeFiles/flowViewport.dir/selection/fvpSelectionTask.cpp.o
[2023-11-27T16:12:48.349Z]     [98/119] Building CXX object lib/flowViewport/CMakeFiles/flowViewport.dir/API/samples/fvpDataProducerSceneIndexExample.cpp.o
[2023-11-27T16:12:48.896Z]     [99/119] Linking CXX shared library lib/flowViewport/libflowViewport.so
[2023-11-27T16:12:48.896Z]     [100/119] Building CXX object lib/adskHydraSceneBrowser/lib/CMakeFiles/adskHydraSceneBrowser.dir/src/patch/registeredSceneIndexChooser.cpp.o
[2023-11-27T16:12:48.896Z]     [101/119] Building CXX object lib/adskHydraSceneBrowser/lib/CMakeFiles/adskHydraSceneBrowser.dir/src/patch/sceneIndexObserverLoggingWidget.cpp.o
[2023-11-27T16:12:48.896Z]     [102/119] Building CXX object plugin/mayaHydraSceneBrowserTest/CMakeFiles/mayaHydraSceneBrowserTest.dir/mayaHydraSceneBrowserTestCmd.cpp.o
[2023-11-27T16:12:50.035Z]     [103/119] Linking CXX shared library lib/mayaHydra/hydraExtensions/libmayaHydraLib.so
[2023-11-27T16:12:50.035Z]     [104/119] Building CXX object lib/adskHydraSceneBrowser/lib/CMakeFiles/adskHydraSceneBrowser.dir/src/patch/sceneIndexObserverLoggingTreeView.cpp.o
[2023-11-27T16:12:50.035Z]     [105/119] Building CXX object lib/adskHydraSceneBrowser/lib/CMakeFiles/adskHydraSceneBrowser.dir/adskHydraSceneBrowser_autogen/mocs_compilation.cpp.o
[2023-11-27T16:12:50.035Z]     [106/119] Building CXX object lib/adskHydraSceneBrowser/lib/CMakeFiles/adskHydraSceneBrowser.dir/src/patch/sceneIndexDebuggerWidget.cpp.o
[2023-11-27T16:12:50.035Z]     [107/119] Linking CXX shared library lib/mayaHydra/flowViewportAPIExamples/flowViewportAPIMayaLocator/flowViewportAPIMayaLocator.so
[2023-11-27T16:12:50.035Z]     [108/119] Linking CXX shared library lib/mayaHydra/mayaPlugin/mayaHydra.so
[2023-11-27T16:12:50.035Z]     [109/119] Linking CXX shared library test/lib/mayaUsd/render/mayaToHydra/cpp/mayaHydraCppTests.so
[2023-11-27T16:12:50.572Z]     [110/119] Building CXX object plugin/mayaHydraSceneBrowser/CMakeFiles/mayaHydraSceneBrowser.dir/mayaHydraSceneBrowser.cpp.o
[2023-11-27T16:12:50.572Z]     [111/119] Building CXX object lib/adskHydraSceneBrowser/lib/CMakeFiles/adskHydraSceneBrowser.dir/src/patch/sceneIndexTreeWidget.cpp.o
[2023-11-27T16:12:51.120Z]     [112/119] Building CXX object lib/adskHydraSceneBrowser/lib/CMakeFiles/adskHydraSceneBrowser.dir/src/patch/dataSourceValueTreeView.cpp.o
[2023-11-27T16:12:51.120Z]     [113/119] Building CXX object lib/adskHydraSceneBrowser/test/CMakeFiles/adskHydraSceneBrowserTesting.dir/adskHydraSceneBrowserTesting.cpp.o
[2023-11-27T16:12:51.120Z]     [114/119] Building CXX object lib/adskHydraSceneBrowser/lib/CMakeFiles/adskHydraSceneBrowser.dir/src/patch/dataSourceTreeWidget.cpp.o
[2023-11-27T16:12:51.656Z]     [115/119] Linking CXX shared library lib/adskHydraSceneBrowser/lib/libadskHydraSceneBrowser.so
[2023-11-27T16:12:52.192Z]     [116/119] Linking CXX shared library plugin/mayaHydraSceneBrowser/mayaHydraSceneBrowser.so
[2023-11-27T16:12:56.393Z]     [117/119] Building CXX object lib/adskHydraSceneBrowser/test/CMakeFiles/adskHydraSceneBrowserTesting.dir/adskHydraSceneBrowserTestFixture.cpp.o
[2023-11-27T16:12:56.393Z]     [118/119] Linking CXX shared library lib/adskHydraSceneBrowser/test/libadskHydraSceneBrowserTesting.so
[2023-11-27T16:12:56.929Z]     [119/119] Linking CXX shared library plugin/mayaHydraSceneBrowserTest/mayaHydraSceneBrowserTest.so
[2023-11-27T16:12:56.929Z]     
[2023-11-27T16:12:56.929Z]         Building with settings:
[2023-11-27T16:12:56.929Z]           Source directory          /home/S/jenkins/workspace/ECP/ecg-maya-hydra/ecg-maya-hydra-branch-preflight-python3-linux/ecg-maya-hydra/maya-hydra
[2023-11-27T16:12:56.929Z]           Workspace directory       /local/S/jenkins/workspace/ECP/ecg-maya-hydra/ecg-maya-hydra-branch-preflight-python3-linux
[2023-11-27T16:12:56.929Z]           Build directory           /local/S/jenkins/workspace/ECP/ecg-maya-hydra/ecg-maya-hydra-branch-preflight-python3-linux/build/RelWithDebInfo
[2023-11-27T16:12:56.929Z]           Install directory         /local/S/jenkins/workspace/ECP/ecg-maya-hydra/ecg-maya-hydra-branch-preflight-python3-linux/install/RelWithDebInfo/MayaHydra
[2023-11-27T16:12:56.929Z]           Variant                   RelWithDebInfo
[2023-11-27T16:12:56.929Z]           Python Debug              Off
[2023-11-27T16:12:56.929Z]           CMake generator           Ninja
[2023-11-27T16:12:56.929Z]           Build arguments           ['-DCMAKE_MAKE_PROGRAM=/local/S/jenkins/workspace/shared/Artifactory/Linux/ninja/1.10.2/9ab399b/ninja', '-DPYTHON_INCLUDE_DIR=/local/S/jenkins/workspace/shared/Artifactory/Linux/rundev-master/202311240749/runtime/c24098a/runTime/include/Python311/Python', '-DPython_EXECUTABLE=/local/S/jenkins/workspace/shared/Artifactory/Linux/rundev-master/202311240749/runtime/c24098a/runTime/bin/mayapy', '-DPYTHON_LIBRARIES=/local/S/jenkins/workspace/shared/Artifactory/Linux/rundev-master/202311240749/runtime/c24098a/runTime/lib/libpython3.11.so.1.0', '-DBUILD_WITH_PYTHON_3_VERSION=3.11', '-DCMAKE_WANT_MATERIALX_BUILD=ON', '-DCMAKE_PREFIX_PATH=/local/S/jenkins/workspace/shared/Artifactory/Linux/USD/1a43c47', '-DMAYAHYDRA_BUILD_NUMBER=421', '-DMAYAHYDRA_GIT_COMMIT=1e39ccdaa2da94b4df1efb7854598ed499acdc31', '-DMAYAHYDRA_GIT_BRANCH=master']
[2023-11-27T16:12:56.929Z]           Stages arguments          ['build']
[2023-11-27T16:12:56.929Z]           CTest arguments           ['--parallel 16']
[2023-11-27T16:12:56.929Z]     Success MayaHydra build and install !!!!
[2023-11-27T16:12:56.929Z]     Elapsed time: 00:00:40
[Pipeline] }
[Pipeline] // withEnv
[Pipeline] }
[Pipeline] // timeout
[Pipeline] }
[Pipeline] // stage
[Pipeline] }
[Pipeline] // timestamps
[Pipeline] timestamps
[Pipeline] {
[Pipeline] stage
[Pipeline] { (Install)
[Pipeline] timeout
[2023-11-27T16:12:57.309Z] Timeout set to expire in 6 hr 0 min
[Pipeline] {
[Pipeline] withEnv
[Pipeline] {
[Pipeline] sh
[2023-11-27T16:12:58.422Z] + scl enable gcc-toolset-11 -
[2023-11-27T16:12:58.422Z] + '[' enable = load -o enable = unload ']'
[2023-11-27T16:12:58.422Z] + /usr/bin/scl enable gcc-toolset-11 -
[2023-11-27T16:12:58.422Z] python ecg-maya-hydra/build.py --stages=install --workspace-dir=/local/S/jenkins/workspace/ECP/ecg-maya-hydra/ecg-maya-hydra-branch-preflight-python3-linux --artifactory-dir=/local/S/jenkins/workspace/shared/Artifactory --build-dir=/local/S/jenkins/workspace/ECP/ecg-maya-hydra/ecg-maya-hydra-branch-preflight-python3-linux/build --install-dir=/local/S/jenkins/workspace/ECP/ecg-maya-hydra/ecg-maya-hydra-branch-preflight-python3-linux/install --signing-dir=/local/S/jenkins/workspace/ECP/ecg-maya-hydra/ecg-maya-hydra-branch-preflight-python3-linux/signing --package-dir=/local/S/jenkins/workspace/ECP/ecg-maya-hydra/ecg-maya-hydra-branch-preflight-python3-linux/package --output-dir=/local/S/jenkins/workspace/ECP/ecg-maya-hydra/ecg-maya-hydra-branch-preflight-python3-linux/output --stash-dir=/local/S/jenkins/workspace/ECP/ecg-maya-hydra/ecg-maya-hydra-branch-preflight-python3-linux/stash --jenkins-build=421 --git-commit=1e39ccdaa2da94b4df1efb7854598ed499acdc31 --git-branch=master --variants=Debug --interactive-tests=true --post-zips=false --osx-binary-architecture-target=ub2 --osx-deployment-target=11.0 --osx-base-sdk=CurrentActiveSDK --maya-cut-config=maya-rundev-master-debug.yaml --maya-package=rundev-master-debug --stage-banner
[2023-11-27T16:12:58.422Z] Using Maya cut from /local/S/jenkins/workspace/shared/Artifactory/Linux/rundev-master-debug/202311240749/runtime/8e4eed9
[2023-11-27T16:12:58.422Z] 
[2023-11-27T16:12:58.422Z] ================================================================================
[2023-11-27T16:12:58.422Z]                                 install (Debug)
[2023-11-27T16:12:58.422Z] ================================================================================
[2023-11-27T16:12:58.422Z] Maya Python Debug Info:
[2023-11-27T16:12:58.422Z]   mayapy executable   = /local/S/jenkins/workspace/shared/Artifactory/Linux/rundev-master-debug/202311240749/runtime/8e4eed9/runTime/bin/mayapy
[2023-11-27T16:12:58.422Z]   Include Folder      = /local/S/jenkins/workspace/shared/Artifactory/Linux/rundev-master-debug/202311240749/runtime/8e4eed9/runTime/include/Python311/Python
[2023-11-27T16:12:58.422Z]   Library             = /local/S/jenkins/workspace/shared/Artifactory/Linux/rundev-master-debug/202311240749/runtime/8e4eed9/runTime/lib/libpython3.11d.so.1.0
[2023-11-27T16:12:58.422Z]   site-package Folder = /local/S/jenkins/workspace/shared/Artifactory/Linux/rundev-master-debug/202311240749/runtime/8e4eed9/runTime/lib/python3.11/site-packages
[2023-11-27T16:12:59.544Z] In workdir: /home/S/jenkins/workspace/ECP/ecg-maya-hydra/ecg-maya-hydra-branch-preflight-python3-linux/ecg-maya-hydra/maya-hydra
[2023-11-27T16:12:59.544Z] Executing: /local/S/jenkins/workspace/shared/Artifactory/Linux/rundev-master-debug/202311240749/runtime/8e4eed9/runTime/bin/mayapy /home/S/jenkins/workspace/ECP/ecg-maya-hydra/ecg-maya-hydra-branch-preflight-python3-linux/ecg-maya-hydra/maya-hydra/build.py --generator Ninja --build-debug --maya-location /local/S/jenkins/workspace/shared/Artifactory/Linux/rundev-master-debug/202311240749/runtime/8e4eed9/runTime --devkit-location /local/S/jenkins/workspace/shared/Artifactory/Linux/rundev-master-debug/202311240749/runtime/8e4eed9/devkitBase --pxrusd-location /local/S/jenkins/workspace/shared/Artifactory/Linux/USD/e5ad5df --build-args=-DCMAKE_MAKE_PROGRAM=/local/S/jenkins/workspace/shared/Artifactory/Linux/ninja/1.10.2/9ab399b/ninja,-DPYTHON_INCLUDE_DIR=/local/S/jenkins/workspace/shared/Artifactory/Linux/rundev-master-debug/202311240749/runtime/8e4eed9/runTime/include/Python311/Python,-DPython_EXECUTABLE=/local/S/jenkins/workspace/shared/Artifactory/Linux/rundev-master-debug/202311240749/runtime/8e4eed9/runTime/bin/mayapy,-DPYTHON_LIBRARIES=/local/S/jenkins/workspace/shared/Artifactory/Linux/rundev-master-debug/202311240749/runtime/8e4eed9/runTime/lib/libpython3.11d.so.1.0,-DBUILD_WITH_PYTHON_3_VERSION=3.11,-DCMAKE_WANT_MATERIALX_BUILD=ON,-DCMAKE_PREFIX_PATH=/local/S/jenkins/workspace/shared/Artifactory/Linux/USD/e5ad5df,-DMAYAHYDRA_BUILD_NUMBER=421,-DMAYAHYDRA_GIT_COMMIT=1e39ccdaa2da94b4df1efb7854598ed499acdc31,-DMAYAHYDRA_GIT_BRANCH=master --debug-python '--ctest-args=--parallel 16' --stages=install --redirect-outstream-file=False --install-location /local/S/jenkins/workspace/ECP/ecg-maya-hydra/ecg-maya-hydra-branch-preflight-python3-linux/install/Debug/MayaHydra /local/S/jenkins/workspace/ECP/ecg-maya-hydra/ecg-maya-hydra-branch-preflight-python3-linux
[2023-11-27T16:12:59.544Z] Modified environment variables:
[2023-11-27T16:12:59.544Z]     LD_LIBRARY_PATH=/opt/rh/gcc-toolset-11/root/usr/lib64:/opt/rh/gcc-toolset-11/root/usr/lib64:/opt/rh/gcc-toolset-11/root/usr/lib:/opt/rh/gcc-toolset-11/root/usr/lib64/dyninst:/opt/rh/gcc-toolset-11/root/usr/lib/dyninst
[2023-11-27T16:12:59.544Z]     PATH=/local/S/jenkins/workspace/shared/Artifactory/Linux/cmake/3.20.3/ab685d7/bin:/opt/rh/gcc-toolset-11/root/usr/bin:/home/administrator/.local/bin:/home/administrator/bin:/usr/share/Modules/bin:/usr/local/bin:/usr/local/sbin:/usr/bin:/usr/sbin
[2023-11-27T16:12:59.544Z]     [0/1] Install the project...
[2023-11-27T16:12:59.544Z]     -- Install configuration: "Debug"
[2023-11-27T16:12:59.545Z]     -- Set runtime path of "/local/S/jenkins/workspace/ECP/ecg-maya-hydra/ecg-maya-hydra-branch-preflight-python3-linux/install/Debug/MayaHydra/lib/maya/mayaHydraCppTests.so" to "$ORIGIN/../gtest:/local/S/jenkins/workspace/shared/Artifactory/Linux/rundev-master-debug/202311240749/runtime/8e4eed9/devkitBase/devkit/ufe/lib:/local/S/jenkins/workspace/shared/Artifactory/Linux/USD/e5ad5df/lib:/local/S/jenkins/workspace/shared/Artifactory/Linux/rundev-master-debug/202311240749/runtime/8e4eed9/runTime/lib"
[2023-11-27T16:12:59.545Z]     -- Set runtime path of "/local/S/jenkins/workspace/ECP/ecg-maya-hydra/ecg-maya-hydra-branch-preflight-python3-linux/install/Debug/MayaHydra/lib/maya/mayaHydra.so" to "$ORIGIN/../../../../../../../../../../../../home/S/jenkins/workspace/shared/Artifactory/Linux/USD/e5ad5df/lib:$ORIGIN/..:/local/S/jenkins/workspace/shared/Artifactory/Linux/rundev-master-debug/202311240749/runtime/8e4eed9/devkitBase/devkit/ufe/lib:/local/S/jenkins/workspace/shared/Artifactory/Linux/USD/e5ad5df/lib:/local/S/jenkins/workspace/shared/Artifactory/Linux/rundev-master-debug/202311240749/runtime/8e4eed9/runTime/lib"
[2023-11-27T16:12:59.545Z]     -- Set runtime path of "/local/S/jenkins/workspace/ECP/ecg-maya-hydra/ecg-maya-hydra-branch-preflight-python3-linux/install/Debug/MayaHydra/lib/libmayaHydraLib.so" to ""
[2023-11-27T16:12:59.545Z]     -- Set runtime path of "/local/S/jenkins/workspace/ECP/ecg-maya-hydra/ecg-maya-hydra-branch-preflight-python3-linux/install/Debug/MayaHydra/lib/libufeExtensions.so" to ""
[2023-11-27T16:12:59.545Z]     -- Set runtime path of "/local/S/jenkins/workspace/ECP/ecg-maya-hydra/ecg-maya-hydra-branch-preflight-python3-linux/install/Debug/MayaHydra/lib/maya/flowViewportAPIMayaLocator.so" to "$ORIGIN/../../../../../../../../../../../../home/S/jenkins/workspace/shared/Artifactory/Linux/USD/e5ad5df/lib:$ORIGIN/..:/local/S/jenkins/workspace/shared/Artifactory/Linux/USD/e5ad5df/lib:/local/S/jenkins/workspace/shared/Artifactory/Linux/rundev-master-debug/202311240749/runtime/8e4eed9/devkitBase/devkit/ufe/lib:/local/S/jenkins/workspace/shared/Artifactory/Linux/rundev-master-debug/202311240749/runtime/8e4eed9/runTime/lib"
[2023-11-27T16:13:00.080Z]     -- Set runtime path of "/local/S/jenkins/workspace/ECP/ecg-maya-hydra/ecg-maya-hydra-branch-preflight-python3-linux/install/Debug/MayaHydra/lib/libflowViewport.so" to ""
[2023-11-27T16:13:00.080Z]     -- Set runtime path of "/local/S/jenkins/workspace/ECP/ecg-maya-hydra/ecg-maya-hydra-branch-preflight-python3-linux/install/Debug/MayaHydra/lib/libadskHydraSceneBrowser.so" to ""
[2023-11-27T16:13:00.080Z]     -- Set runtime path of "/local/S/jenkins/workspace/ECP/ecg-maya-hydra/ecg-maya-hydra-branch-preflight-python3-linux/install/Debug/MayaHydra/lib/libadskHydraSceneBrowserTesting.so" to "$ORIGIN/gtest:/local/S/jenkins/workspace/shared/Artifactory/Linux/USD/e5ad5df/lib:/local/S/jenkins/workspace/shared/Artifactory/Linux/rundev-master-debug/202311240749/runtime/8e4eed9/devkitBase/Qt/lib"
[2023-11-27T16:13:00.080Z]     -- Set runtime path of "/local/S/jenkins/workspace/ECP/ecg-maya-hydra/ecg-maya-hydra-branch-preflight-python3-linux/install/Debug/MayaHydra/lib/maya/mayaHydraSceneBrowser.so" to "$ORIGIN/..:/local/S/jenkins/workspace/shared/Artifactory/Linux/USD/e5ad5df/lib:/local/S/jenkins/workspace/shared/Artifactory/Linux/rundev-master-debug/202311240749/runtime/8e4eed9/devkitBase/devkit/ufe/lib:/local/S/jenkins/workspace/shared/Artifactory/Linux/rundev-master-debug/202311240749/runtime/8e4eed9/devkitBase/Qt/lib:/local/S/jenkins/workspace/shared/Artifactory/Linux/rundev-master-debug/202311240749/runtime/8e4eed9/runTime/lib"
[2023-11-27T16:13:00.080Z]     -- Set runtime path of "/local/S/jenkins/workspace/ECP/ecg-maya-hydra/ecg-maya-hydra-branch-preflight-python3-linux/install/Debug/MayaHydra/lib/maya/mayaHydraSceneBrowserTest.so" to "$ORIGIN/..:$ORIGIN/../gtest:/local/S/jenkins/workspace/shared/Artifactory/Linux/USD/e5ad5df/lib:/local/S/jenkins/workspace/shared/Artifactory/Linux/rundev-master-debug/202311240749/runtime/8e4eed9/devkitBase/Qt/lib:/local/S/jenkins/workspace/shared/Artifactory/Linux/rundev-master-debug/202311240749/runtime/8e4eed9/devkitBase/devkit/ufe/lib:/local/S/jenkins/workspace/shared/Artifactory/Linux/rundev-master-debug/202311240749/runtime/8e4eed9/runTime/lib"
[2023-11-27T16:13:00.080Z]     
[2023-11-27T16:13:00.080Z]         Building with settings:
[2023-11-27T16:13:00.080Z]           Source directory          /home/S/jenkins/workspace/ECP/ecg-maya-hydra/ecg-maya-hydra-branch-preflight-python3-linux/ecg-maya-hydra/maya-hydra
[2023-11-27T16:13:00.080Z]           Workspace directory       /local/S/jenkins/workspace/ECP/ecg-maya-hydra/ecg-maya-hydra-branch-preflight-python3-linux
[2023-11-27T16:13:00.080Z]           Build directory           /local/S/jenkins/workspace/ECP/ecg-maya-hydra/ecg-maya-hydra-branch-preflight-python3-linux/build/Debug
[2023-11-27T16:13:00.080Z]           Install directory         /local/S/jenkins/workspace/ECP/ecg-maya-hydra/ecg-maya-hydra-branch-preflight-python3-linux/install/Debug/MayaHydra
[2023-11-27T16:13:00.080Z]           Variant                   Debug
[2023-11-27T16:13:00.080Z]           Python Debug              On
[2023-11-27T16:13:00.080Z]           CMake generator           Ninja
[2023-11-27T16:13:00.081Z]           Build arguments           ['-DCMAKE_MAKE_PROGRAM=/local/S/jenkins/workspace/shared/Artifactory/Linux/ninja/1.10.2/9ab399b/ninja', '-DPYTHON_INCLUDE_DIR=/local/S/jenkins/workspace/shared/Artifactory/Linux/rundev-master-debug/202311240749/runtime/8e4eed9/runTime/include/Python311/Python', '-DPython_EXECUTABLE=/local/S/jenkins/workspace/shared/Artifactory/Linux/rundev-master-debug/202311240749/runtime/8e4eed9/runTime/bin/mayapy', '-DPYTHON_LIBRARIES=/local/S/jenkins/workspace/shared/Artifactory/Linux/rundev-master-debug/202311240749/runtime/8e4eed9/runTime/lib/libpython3.11d.so.1.0', '-DBUILD_WITH_PYTHON_3_VERSION=3.11', '-DCMAKE_WANT_MATERIALX_BUILD=ON', '-DCMAKE_PREFIX_PATH=/local/S/jenkins/workspace/shared/Artifactory/Linux/USD/e5ad5df', '-DMAYAHYDRA_BUILD_NUMBER=421', '-DMAYAHYDRA_GIT_COMMIT=1e39ccdaa2da94b4df1efb7854598ed499acdc31', '-DMAYAHYDRA_GIT_BRANCH=master']
[2023-11-27T16:13:00.081Z]           Stages arguments          ['install']
[2023-11-27T16:13:00.081Z]           CTest arguments           ['--parallel 16']
[2023-11-27T16:13:00.081Z]     Success MayaHydra build and install !!!!
[2023-11-27T16:13:00.081Z]     Elapsed time: 00:00:00
[Pipeline] sh
[2023-11-27T16:13:01.374Z] + scl enable gcc-toolset-11 -
[2023-11-27T16:13:01.374Z] + '[' enable = load -o enable = unload ']'
[2023-11-27T16:13:01.374Z] + /usr/bin/scl enable gcc-toolset-11 -
[2023-11-27T16:13:01.374Z] python ecg-maya-hydra/build.py --stages=install --workspace-dir=/local/S/jenkins/workspace/ECP/ecg-maya-hydra/ecg-maya-hydra-branch-preflight-python3-linux --artifactory-dir=/local/S/jenkins/workspace/shared/Artifactory --build-dir=/local/S/jenkins/workspace/ECP/ecg-maya-hydra/ecg-maya-hydra-branch-preflight-python3-linux/build --install-dir=/local/S/jenkins/workspace/ECP/ecg-maya-hydra/ecg-maya-hydra-branch-preflight-python3-linux/install --signing-dir=/local/S/jenkins/workspace/ECP/ecg-maya-hydra/ecg-maya-hydra-branch-preflight-python3-linux/signing --package-dir=/local/S/jenkins/workspace/ECP/ecg-maya-hydra/ecg-maya-hydra-branch-preflight-python3-linux/package --output-dir=/local/S/jenkins/workspace/ECP/ecg-maya-hydra/ecg-maya-hydra-branch-preflight-python3-linux/output --stash-dir=/local/S/jenkins/workspace/ECP/ecg-maya-hydra/ecg-maya-hydra-branch-preflight-python3-linux/stash --jenkins-build=421 --git-commit=1e39ccdaa2da94b4df1efb7854598ed499acdc31 --git-branch=master --variants=RelWithDebInfo --interactive-tests=true --post-zips=false --osx-binary-architecture-target=ub2 --osx-deployment-target=11.0 --osx-base-sdk=CurrentActiveSDK --maya-cut-config=maya-rundev-master.yaml --maya-package=rundev-master --stage-banner
[2023-11-27T16:13:01.374Z] Using Maya cut from /local/S/jenkins/workspace/shared/Artifactory/Linux/rundev-master/202311240749/runtime/c24098a
[2023-11-27T16:13:01.374Z] 
[2023-11-27T16:13:01.374Z] ================================================================================
[2023-11-27T16:13:01.374Z]                             install (RelWithDebInfo)
[2023-11-27T16:13:01.374Z] ================================================================================
[2023-11-27T16:13:01.374Z] Maya Python RelWithDebInfo Info:
[2023-11-27T16:13:01.374Z]   mayapy executable   = /local/S/jenkins/workspace/shared/Artifactory/Linux/rundev-master/202311240749/runtime/c24098a/runTime/bin/mayapy
[2023-11-27T16:13:01.374Z]   Include Folder      = /local/S/jenkins/workspace/shared/Artifactory/Linux/rundev-master/202311240749/runtime/c24098a/runTime/include/Python311/Python
[2023-11-27T16:13:01.374Z]   Library             = /local/S/jenkins/workspace/shared/Artifactory/Linux/rundev-master/202311240749/runtime/c24098a/runTime/lib/libpython3.11.so.1.0
[2023-11-27T16:13:01.374Z]   site-package Folder = /local/S/jenkins/workspace/shared/Artifactory/Linux/rundev-master/202311240749/runtime/c24098a/runTime/lib/python3.11/site-packages
[2023-11-27T16:13:01.911Z] In workdir: /home/S/jenkins/workspace/ECP/ecg-maya-hydra/ecg-maya-hydra-branch-preflight-python3-linux/ecg-maya-hydra/maya-hydra
[2023-11-27T16:13:01.911Z] Executing: /local/S/jenkins/workspace/shared/Artifactory/Linux/rundev-master/202311240749/runtime/c24098a/runTime/bin/mayapy /home/S/jenkins/workspace/ECP/ecg-maya-hydra/ecg-maya-hydra-branch-preflight-python3-linux/ecg-maya-hydra/maya-hydra/build.py --generator Ninja --build-relwithdebug --maya-location /local/S/jenkins/workspace/shared/Artifactory/Linux/rundev-master/202311240749/runtime/c24098a/runTime --devkit-location /local/S/jenkins/workspace/shared/Artifactory/Linux/rundev-master/202311240749/runtime/c24098a/devkitBase --pxrusd-location /local/S/jenkins/workspace/shared/Artifactory/Linux/USD/1a43c47 --build-args=-DCMAKE_MAKE_PROGRAM=/local/S/jenkins/workspace/shared/Artifactory/Linux/ninja/1.10.2/9ab399b/ninja,-DPYTHON_INCLUDE_DIR=/local/S/jenkins/workspace/shared/Artifactory/Linux/rundev-master/202311240749/runtime/c24098a/runTime/include/Python311/Python,-DPython_EXECUTABLE=/local/S/jenkins/workspace/shared/Artifactory/Linux/rundev-master/202311240749/runtime/c24098a/runTime/bin/mayapy,-DPYTHON_LIBRARIES=/local/S/jenkins/workspace/shared/Artifactory/Linux/rundev-master/202311240749/runtime/c24098a/runTime/lib/libpython3.11.so.1.0,-DBUILD_WITH_PYTHON_3_VERSION=3.11,-DCMAKE_WANT_MATERIALX_BUILD=ON,-DCMAKE_PREFIX_PATH=/local/S/jenkins/workspace/shared/Artifactory/Linux/USD/1a43c47,-DMAYAHYDRA_BUILD_NUMBER=421,-DMAYAHYDRA_GIT_COMMIT=1e39ccdaa2da94b4df1efb7854598ed499acdc31,-DMAYAHYDRA_GIT_BRANCH=master '--ctest-args=--parallel 16' --stages=install --redirect-outstream-file=False --install-location /local/S/jenkins/workspace/ECP/ecg-maya-hydra/ecg-maya-hydra-branch-preflight-python3-linux/install/RelWithDebInfo/MayaHydra /local/S/jenkins/workspace/ECP/ecg-maya-hydra/ecg-maya-hydra-branch-preflight-python3-linux
[2023-11-27T16:13:01.911Z] Modified environment variables:
[2023-11-27T16:13:01.911Z]     LD_LIBRARY_PATH=/opt/rh/gcc-toolset-11/root/usr/lib64:/opt/rh/gcc-toolset-11/root/usr/lib64:/opt/rh/gcc-toolset-11/root/usr/lib:/opt/rh/gcc-toolset-11/root/usr/lib64/dyninst:/opt/rh/gcc-toolset-11/root/usr/lib/dyninst
[2023-11-27T16:13:01.911Z]     PATH=/local/S/jenkins/workspace/shared/Artifactory/Linux/cmake/3.20.3/ab685d7/bin:/opt/rh/gcc-toolset-11/root/usr/bin:/home/administrator/.local/bin:/home/administrator/bin:/usr/share/Modules/bin:/usr/local/bin:/usr/local/sbin:/usr/bin:/usr/sbin
[2023-11-27T16:13:01.911Z]     [0/1] Install the project...
[2023-11-27T16:13:01.911Z]     -- Install configuration: "RelWithDebInfo"
[2023-11-27T16:13:01.911Z]     -- Set runtime path of "/local/S/jenkins/workspace/ECP/ecg-maya-hydra/ecg-maya-hydra-branch-preflight-python3-linux/install/RelWithDebInfo/MayaHydra/lib/maya/mayaHydraCppTests.so" to "$ORIGIN/../gtest:/local/S/jenkins/workspace/shared/Artifactory/Linux/rundev-master/202311240749/runtime/c24098a/devkitBase/devkit/ufe/lib:/local/S/jenkins/workspace/shared/Artifactory/Linux/USD/1a43c47/lib:/local/S/jenkins/workspace/shared/Artifactory/Linux/rundev-master/202311240749/runtime/c24098a/runTime/lib"
[2023-11-27T16:13:01.911Z]     -- Set runtime path of "/local/S/jenkins/workspace/ECP/ecg-maya-hydra/ecg-maya-hydra-branch-preflight-python3-linux/install/RelWithDebInfo/MayaHydra/lib/maya/mayaHydra.so" to "$ORIGIN/../../../../../../../../../../../../home/S/jenkins/workspace/shared/Artifactory/Linux/USD/1a43c47/lib:$ORIGIN/..:/local/S/jenkins/workspace/shared/Artifactory/Linux/rundev-master/202311240749/runtime/c24098a/devkitBase/devkit/ufe/lib:/local/S/jenkins/workspace/shared/Artifactory/Linux/USD/1a43c47/lib:/local/S/jenkins/workspace/shared/Artifactory/Linux/rundev-master/202311240749/runtime/c24098a/runTime/lib"
[2023-11-27T16:13:01.911Z]     -- Set runtime path of "/local/S/jenkins/workspace/ECP/ecg-maya-hydra/ecg-maya-hydra-branch-preflight-python3-linux/install/RelWithDebInfo/MayaHydra/lib/libmayaHydraLib.so" to ""
[2023-11-27T16:13:01.911Z]     -- Set runtime path of "/local/S/jenkins/workspace/ECP/ecg-maya-hydra/ecg-maya-hydra-branch-preflight-python3-linux/install/RelWithDebInfo/MayaHydra/lib/libufeExtensions.so" to ""
[2023-11-27T16:13:01.911Z]     -- Set runtime path of "/local/S/jenkins/workspace/ECP/ecg-maya-hydra/ecg-maya-hydra-branch-preflight-python3-linux/install/RelWithDebInfo/MayaHydra/lib/maya/flowViewportAPIMayaLocator.so" to "$ORIGIN/../../../../../../../../../../../../home/S/jenkins/workspace/shared/Artifactory/Linux/USD/1a43c47/lib:$ORIGIN/..:/local/S/jenkins/workspace/shared/Artifactory/Linux/USD/1a43c47/lib:/local/S/jenkins/workspace/shared/Artifactory/Linux/rundev-master/202311240749/runtime/c24098a/devkitBase/devkit/ufe/lib:/local/S/jenkins/workspace/shared/Artifactory/Linux/rundev-master/202311240749/runtime/c24098a/runTime/lib"
[2023-11-27T16:13:01.911Z]     -- Set runtime path of "/local/S/jenkins/workspace/ECP/ecg-maya-hydra/ecg-maya-hydra-branch-preflight-python3-linux/install/RelWithDebInfo/MayaHydra/lib/libflowViewport.so" to ""
[2023-11-27T16:13:02.126Z]     -- Set runtime path of "/local/S/jenkins/workspace/ECP/ecg-maya-hydra/ecg-maya-hydra-branch-preflight-python3-linux/install/RelWithDebInfo/MayaHydra/lib/libadskHydraSceneBrowser.so" to ""
[2023-11-27T16:13:02.126Z]     -- Set runtime path of "/local/S/jenkins/workspace/ECP/ecg-maya-hydra/ecg-maya-hydra-branch-preflight-python3-linux/install/RelWithDebInfo/MayaHydra/lib/libadskHydraSceneBrowserTesting.so" to "$ORIGIN/gtest:/local/S/jenkins/workspace/shared/Artifactory/Linux/USD/1a43c47/lib:/local/S/jenkins/workspace/shared/Artifactory/Linux/rundev-master/202311240749/runtime/c24098a/devkitBase/Qt/lib"
[2023-11-27T16:13:02.126Z]     -- Set runtime path of "/local/S/jenkins/workspace/ECP/ecg-maya-hydra/ecg-maya-hydra-branch-preflight-python3-linux/install/RelWithDebInfo/MayaHydra/lib/maya/mayaHydraSceneBrowser.so" to "$ORIGIN/..:/local/S/jenkins/workspace/shared/Artifactory/Linux/USD/1a43c47/lib:/local/S/jenkins/workspace/shared/Artifactory/Linux/rundev-master/202311240749/runtime/c24098a/devkitBase/devkit/ufe/lib:/local/S/jenkins/workspace/shared/Artifactory/Linux/rundev-master/202311240749/runtime/c24098a/devkitBase/Qt/lib:/local/S/jenkins/workspace/shared/Artifactory/Linux/rundev-master/202311240749/runtime/c24098a/runTime/lib"
[2023-11-27T16:13:02.126Z]     -- Set runtime path of "/local/S/jenkins/workspace/ECP/ecg-maya-hydra/ecg-maya-hydra-branch-preflight-python3-linux/install/RelWithDebInfo/MayaHydra/lib/maya/mayaHydraSceneBrowserTest.so" to "$ORIGIN/..:$ORIGIN/../gtest:/local/S/jenkins/workspace/shared/Artifactory/Linux/USD/1a43c47/lib:/local/S/jenkins/workspace/shared/Artifactory/Linux/rundev-master/202311240749/runtime/c24098a/devkitBase/Qt/lib:/local/S/jenkins/workspace/shared/Artifactory/Linux/rundev-master/202311240749/runtime/c24098a/devkitBase/devkit/ufe/lib:/local/S/jenkins/workspace/shared/Artifactory/Linux/rundev-master/202311240749/runtime/c24098a/runTime/lib"
[2023-11-27T16:13:02.126Z]     
[2023-11-27T16:13:02.126Z]         Building with settings:
[2023-11-27T16:13:02.126Z]           Source directory          /home/S/jenkins/workspace/ECP/ecg-maya-hydra/ecg-maya-hydra-branch-preflight-python3-linux/ecg-maya-hydra/maya-hydra
[2023-11-27T16:13:02.126Z]           Workspace directory       /local/S/jenkins/workspace/ECP/ecg-maya-hydra/ecg-maya-hydra-branch-preflight-python3-linux
[2023-11-27T16:13:02.126Z]           Build directory           /local/S/jenkins/workspace/ECP/ecg-maya-hydra/ecg-maya-hydra-branch-preflight-python3-linux/build/RelWithDebInfo
[2023-11-27T16:13:02.126Z]           Install directory         /local/S/jenkins/workspace/ECP/ecg-maya-hydra/ecg-maya-hydra-branch-preflight-python3-linux/install/RelWithDebInfo/MayaHydra
[2023-11-27T16:13:02.126Z]           Variant                   RelWithDebInfo
[2023-11-27T16:13:02.126Z]           Python Debug              Off
[2023-11-27T16:13:02.126Z]           CMake generator           Ninja
[2023-11-27T16:13:02.126Z]           Build arguments           ['-DCMAKE_MAKE_PROGRAM=/local/S/jenkins/workspace/shared/Artifactory/Linux/ninja/1.10.2/9ab399b/ninja', '-DPYTHON_INCLUDE_DIR=/local/S/jenkins/workspace/shared/Artifactory/Linux/rundev-master/202311240749/runtime/c24098a/runTime/include/Python311/Python', '-DPython_EXECUTABLE=/local/S/jenkins/workspace/shared/Artifactory/Linux/rundev-master/202311240749/runtime/c24098a/runTime/bin/mayapy', '-DPYTHON_LIBRARIES=/local/S/jenkins/workspace/shared/Artifactory/Linux/rundev-master/202311240749/runtime/c24098a/runTime/lib/libpython3.11.so.1.0', '-DBUILD_WITH_PYTHON_3_VERSION=3.11', '-DCMAKE_WANT_MATERIALX_BUILD=ON', '-DCMAKE_PREFIX_PATH=/local/S/jenkins/workspace/shared/Artifactory/Linux/USD/1a43c47', '-DMAYAHYDRA_BUILD_NUMBER=421', '-DMAYAHYDRA_GIT_COMMIT=1e39ccdaa2da94b4df1efb7854598ed499acdc31', '-DMAYAHYDRA_GIT_BRANCH=master']
[2023-11-27T16:13:02.126Z]           Stages arguments          ['install']
[2023-11-27T16:13:02.126Z]           CTest arguments           ['--parallel 16']
[2023-11-27T16:13:02.126Z]     Success MayaHydra build and install !!!!
[2023-11-27T16:13:02.126Z]     Elapsed time: 00:00:00
[Pipeline] }
[Pipeline] // withEnv
[Pipeline] }
[Pipeline] // timeout
[Pipeline] }
[Pipeline] // stage
[Pipeline] }
[Pipeline] // timestamps
[Pipeline] timestamps
[Pipeline] {
[Pipeline] stage
[Pipeline] { (Test)
[Pipeline] timeout
[2023-11-27T16:13:02.272Z] Timeout set to expire in 6 hr 0 min
[Pipeline] {
[Pipeline] withEnv
[Pipeline] {
[Pipeline] sh
[2023-11-27T16:13:03.399Z] + scl enable gcc-toolset-11 -
[2023-11-27T16:13:03.399Z] + '[' enable = load -o enable = unload ']'
[2023-11-27T16:13:03.399Z] + /usr/bin/scl enable gcc-toolset-11 -
[2023-11-27T16:13:03.399Z] python ecg-maya-hydra/build.py --stages=test --workspace-dir=/local/S/jenkins/workspace/ECP/ecg-maya-hydra/ecg-maya-hydra-branch-preflight-python3-linux --artifactory-dir=/local/S/jenkins/workspace/shared/Artifactory --build-dir=/local/S/jenkins/workspace/ECP/ecg-maya-hydra/ecg-maya-hydra-branch-preflight-python3-linux/build --install-dir=/local/S/jenkins/workspace/ECP/ecg-maya-hydra/ecg-maya-hydra-branch-preflight-python3-linux/install --signing-dir=/local/S/jenkins/workspace/ECP/ecg-maya-hydra/ecg-maya-hydra-branch-preflight-python3-linux/signing --package-dir=/local/S/jenkins/workspace/ECP/ecg-maya-hydra/ecg-maya-hydra-branch-preflight-python3-linux/package --output-dir=/local/S/jenkins/workspace/ECP/ecg-maya-hydra/ecg-maya-hydra-branch-preflight-python3-linux/output --stash-dir=/local/S/jenkins/workspace/ECP/ecg-maya-hydra/ecg-maya-hydra-branch-preflight-python3-linux/stash --jenkins-build=421 --git-commit=1e39ccdaa2da94b4df1efb7854598ed499acdc31 --git-branch=master --variants=RelWithDebInfo --interactive-tests=true --post-zips=false --osx-binary-architecture-target=ub2 --osx-deployment-target=11.0 --osx-base-sdk=CurrentActiveSDK --test-jobs=0 --failed-test-retry=3 --maya-cut-config=maya-rundev-master.yaml --maya-package=rundev-master --stage-banner --progressive-timeout
[2023-11-27T16:13:03.399Z] Using Maya cut from /local/S/jenkins/workspace/shared/Artifactory/Linux/rundev-master/202311240749/runtime/c24098a
[2023-11-27T16:13:03.399Z] 
[2023-11-27T16:13:03.399Z] ================================================================================
[2023-11-27T16:13:03.399Z]                              test (RelWithDebInfo)
[2023-11-27T16:13:03.399Z] ================================================================================
[2023-11-27T16:13:03.399Z] Maya Python RelWithDebInfo Info:
[2023-11-27T16:13:03.399Z]   mayapy executable   = /local/S/jenkins/workspace/shared/Artifactory/Linux/rundev-master/202311240749/runtime/c24098a/runTime/bin/mayapy
[2023-11-27T16:13:03.399Z]   Include Folder      = /local/S/jenkins/workspace/shared/Artifactory/Linux/rundev-master/202311240749/runtime/c24098a/runTime/include/Python311/Python
[2023-11-27T16:13:03.399Z]   Library             = /local/S/jenkins/workspace/shared/Artifactory/Linux/rundev-master/202311240749/runtime/c24098a/runTime/lib/libpython3.11.so.1.0
[2023-11-27T16:13:03.399Z]   site-package Folder = /local/S/jenkins/workspace/shared/Artifactory/Linux/rundev-master/202311240749/runtime/c24098a/runTime/lib/python3.11/site-packages
[2023-11-27T16:13:03.951Z] In workdir: /home/S/jenkins/workspace/ECP/ecg-maya-hydra/ecg-maya-hydra-branch-preflight-python3-linux/ecg-maya-hydra/maya-hydra
[2023-11-27T16:13:03.951Z] Executing: /local/S/jenkins/workspace/shared/Artifactory/Linux/rundev-master/202311240749/runtime/c24098a/runTime/bin/mayapy /home/S/jenkins/workspace/ECP/ecg-maya-hydra/ecg-maya-hydra-branch-preflight-python3-linux/ecg-maya-hydra/maya-hydra/build.py --generator Ninja --build-relwithdebug --maya-location /local/S/jenkins/workspace/shared/Artifactory/Linux/rundev-master/202311240749/runtime/c24098a/runTime --devkit-location /local/S/jenkins/workspace/shared/Artifactory/Linux/rundev-master/202311240749/runtime/c24098a/devkitBase --pxrusd-location /local/S/jenkins/workspace/shared/Artifactory/Linux/USD/1a43c47 --build-args=-DCMAKE_MAKE_PROGRAM=/local/S/jenkins/workspace/shared/Artifactory/Linux/ninja/1.10.2/9ab399b/ninja,-DPYTHON_INCLUDE_DIR=/local/S/jenkins/workspace/shared/Artifactory/Linux/rundev-master/202311240749/runtime/c24098a/runTime/include/Python311/Python,-DPython_EXECUTABLE=/local/S/jenkins/workspace/shared/Artifactory/Linux/rundev-master/202311240749/runtime/c24098a/runTime/bin/mayapy,-DPYTHON_LIBRARIES=/local/S/jenkins/workspace/shared/Artifactory/Linux/rundev-master/202311240749/runtime/c24098a/runTime/lib/libpython3.11.so.1.0,-DBUILD_WITH_PYTHON_3_VERSION=3.11,-DCMAKE_WANT_MATERIALX_BUILD=ON,-DCMAKE_PREFIX_PATH=/local/S/jenkins/workspace/shared/Artifactory/Linux/USD/1a43c47,-DMAYAHYDRA_BUILD_NUMBER=421,-DMAYAHYDRA_GIT_COMMIT=1e39ccdaa2da94b4df1efb7854598ed499acdc31,-DMAYAHYDRA_GIT_BRANCH=master '--ctest-args=--parallel 16' --stages=test --redirect-outstream-file=False --install-location /local/S/jenkins/workspace/ECP/ecg-maya-hydra/ecg-maya-hydra-branch-preflight-python3-linux/install/RelWithDebInfo/MayaHydra /local/S/jenkins/workspace/ECP/ecg-maya-hydra/ecg-maya-hydra-branch-preflight-python3-linux
[2023-11-27T16:13:03.951Z] Modified environment variables:
[2023-11-27T16:13:03.951Z]     LD_LIBRARY_PATH=/opt/rh/gcc-toolset-11/root/usr/lib64:/opt/rh/gcc-toolset-11/root/usr/lib64:/opt/rh/gcc-toolset-11/root/usr/lib:/opt/rh/gcc-toolset-11/root/usr/lib64/dyninst:/opt/rh/gcc-toolset-11/root/usr/lib/dyninst
[2023-11-27T16:13:03.951Z]     PATH=/local/S/jenkins/workspace/shared/Artifactory/Linux/cmake/3.20.3/ab685d7/bin:/opt/rh/gcc-toolset-11/root/usr/bin:/home/administrator/.local/bin:/home/administrator/bin:/usr/share/Modules/bin:/usr/local/bin:/usr/local/sbin:/usr/bin:/usr/sbin
[2023-11-27T16:13:03.951Z]     Test project /home/S/jenkins/workspace/ECP/ecg-maya-hydra/ecg-maya-hydra-branch-preflight-python3-linux/build/RelWithDebInfo
[2023-11-27T16:13:03.951Z]           Start  1: _Interactive_Maya
[2023-11-27T16:13:03.951Z]      1/24 Test  #1: _Interactive_Maya ...........................***Not Run (Disabled)   0.00 sec
[2023-11-27T16:13:03.951Z]           Start  2: testImageDiffing
[2023-11-27T16:13:03.951Z]           Start  3: testMtohCommand
[2023-11-27T16:13:03.951Z]           Start  4: testMeshes
[2023-11-27T16:13:03.951Z]           Start  5: testNamespaces
[2023-11-27T16:13:03.951Z]           Start  6: testVisibility
[2023-11-27T16:13:03.951Z]           Start  7: testRendererSwitching
[2023-11-27T16:13:03.951Z]           Start  8: testSceneBrowser
[2023-11-27T16:13:03.951Z]           Start  9: testStageAddPrim
[2023-11-27T16:13:03.951Z]           Start 10: testNewSceneWithStage
[2023-11-27T16:13:03.951Z]           Start 11: testDirectionalLights
[2023-11-27T16:13:03.951Z]           Start 12: testFlowViewportAPI
[2023-11-27T16:13:03.951Z]           Start 13: testColorPreferences
[2023-11-27T16:13:03.951Z]           Start 14: testCppFramework
[2023-11-27T16:13:03.951Z]           Start 15: testMayaSceneFlattening
[2023-11-27T16:13:03.951Z]           Start 16: testMayaUsdUfeItems
[2023-11-27T16:13:03.951Z]           Start 17: testMergingSceneIndex
[2023-11-27T16:13:13.398Z]      2/24 Test #10: testNewSceneWithStage .......................   Passed    8.20 sec
[2023-11-27T16:13:13.398Z]           Start 18: testSelectionSceneIndex
[2023-11-27T16:13:13.398Z]      3/24 Test  #9: testStageAddPrim ............................   Passed    8.24 sec
[2023-11-27T16:13:13.398Z]           Start 19: testWireframeSelectionHighlightSceneIndex
[2023-11-27T16:13:13.398Z]      4/24 Test #16: testMayaUsdUfeItems .........................   Passed    8.29 sec
[2023-11-27T16:13:13.398Z]           Start 20: testFlowViewportAPIViewportInformation
[2023-11-27T16:13:13.398Z]      5/24 Test #11: testDirectionalLights .......................   Passed    8.44 sec
[2023-11-27T16:13:13.399Z]           Start 21: testFlowViewportAPIAddPrims
[2023-11-27T16:13:13.399Z]      6/24 Test  #5: testNamespaces ..............................   Passed    8.85 sec
[2023-11-27T16:13:13.399Z]           Start 22: testUsdStageLayerMuting
[2023-11-27T16:13:13.399Z]      7/24 Test #17: testMergingSceneIndex .......................   Passed    8.95 sec
[2023-11-27T16:13:13.399Z]           Start 23: testMeshes_meshAdapter
[2023-11-27T16:13:13.399Z]      8/24 Test  #8: testSceneBrowser ............................   Passed    9.02 sec
[2023-11-27T16:13:13.399Z]           Start 24: testMeshAdapterTransform_meshAdapter
[2023-11-27T16:13:13.399Z]      9/24 Test #13: testColorPreferences ........................   Passed    9.15 sec
[2023-11-27T16:13:13.399Z]     10/24 Test  #4: testMeshes ..................................   Passed    9.21 sec
[2023-11-27T16:13:13.399Z]     11/24 Test #14: testCppFramework ............................   Passed    9.24 sec
[2023-11-27T16:13:13.399Z]     12/24 Test  #3: testMtohCommand .............................   Passed    9.29 sec
[2023-11-27T16:13:13.399Z]     13/24 Test  #7: testRendererSwitching .......................   Passed    9.51 sec
[2023-11-27T16:13:13.947Z]     14/24 Test #15: testMayaSceneFlattening .....................   Passed    9.72 sec
[2023-11-27T16:13:13.947Z]     15/24 Test  #2: testImageDiffing ............................   Passed    9.89 sec
[2023-11-27T16:13:15.073Z]     16/24 Test  #6: testVisibility ..............................   Passed   10.72 sec
[2023-11-27T16:13:17.573Z]     17/24 Test #12: testFlowViewportAPI .........................   Passed   13.04 sec
[2023-11-27T16:13:19.342Z]     18/24 Test #19: testWireframeSelectionHighlightSceneIndex ...   Passed    6.95 sec
[2023-11-27T16:13:19.342Z]     19/24 Test #18: testSelectionSceneIndex .....................   Passed    7.05 sec
[2023-11-27T16:13:19.878Z]     20/24 Test #22: testUsdStageLayerMuting .....................   Passed    6.70 sec
[2023-11-27T16:13:19.878Z]     21/24 Test #21: testFlowViewportAPIAddPrims .................   Passed    7.15 sec
[2023-11-27T16:13:19.878Z]     22/24 Test #24: testMeshAdapterTransform_meshAdapter ........   Passed    6.89 sec
[2023-11-27T16:13:19.878Z]     23/24 Test #23: testMeshes_meshAdapter ......................   Passed    6.99 sec
[2023-11-27T16:13:19.878Z]     24/24 Test #20: testFlowViewportAPIViewportInformation ......   Passed    7.70 sec
[2023-11-27T16:13:19.878Z]     
[2023-11-27T16:13:19.878Z]     100% tests passed, 0 tests failed out of 23
[2023-11-27T16:13:19.878Z]     
[2023-11-27T16:13:19.878Z]     Label Time Summary:
[2023-11-27T16:13:19.878Z]     Debugging      =   0.00 sec*proc (1 test)
[2023-11-27T16:13:19.878Z]     interactive    = 199.18 sec*proc (23 tests)
[2023-11-27T16:13:19.878Z]     mayaHydra      = 199.18 sec*proc (23 tests)
[2023-11-27T16:13:19.878Z]     
[2023-11-27T16:13:19.878Z]     Total Test time (real) =  16.00 sec
[2023-11-27T16:13:19.878Z]     
[2023-11-27T16:13:19.878Z]     The following tests did not run:
[2023-11-27T16:13:19.878Z]     	  1 - _Interactive_Maya (Disabled)
[2023-11-27T16:13:19.878Z]     
[2023-11-27T16:13:19.878Z]         Building with settings:
[2023-11-27T16:13:19.878Z]           Source directory          /home/S/jenkins/workspace/ECP/ecg-maya-hydra/ecg-maya-hydra-branch-preflight-python3-linux/ecg-maya-hydra/maya-hydra
[2023-11-27T16:13:19.878Z]           Workspace directory       /local/S/jenkins/workspace/ECP/ecg-maya-hydra/ecg-maya-hydra-branch-preflight-python3-linux
[2023-11-27T16:13:19.878Z]           Build directory           /local/S/jenkins/workspace/ECP/ecg-maya-hydra/ecg-maya-hydra-branch-preflight-python3-linux/build/RelWithDebInfo
[2023-11-27T16:13:19.878Z]           Install directory         /local/S/jenkins/workspace/ECP/ecg-maya-hydra/ecg-maya-hydra-branch-preflight-python3-linux/install/RelWithDebInfo/MayaHydra
[2023-11-27T16:13:19.878Z]           Variant                   RelWithDebInfo
[2023-11-27T16:13:19.878Z]           Python Debug              Off
[2023-11-27T16:13:19.878Z]           CMake generator           Ninja
[2023-11-27T16:13:19.878Z]           Build arguments           ['-DCMAKE_MAKE_PROGRAM=/local/S/jenkins/workspace/shared/Artifactory/Linux/ninja/1.10.2/9ab399b/ninja', '-DPYTHON_INCLUDE_DIR=/local/S/jenkins/workspace/shared/Artifactory/Linux/rundev-master/202311240749/runtime/c24098a/runTime/include/Python311/Python', '-DPython_EXECUTABLE=/local/S/jenkins/workspace/shared/Artifactory/Linux/rundev-master/202311240749/runtime/c24098a/runTime/bin/mayapy', '-DPYTHON_LIBRARIES=/local/S/jenkins/workspace/shared/Artifactory/Linux/rundev-master/202311240749/runtime/c24098a/runTime/lib/libpython3.11.so.1.0', '-DBUILD_WITH_PYTHON_3_VERSION=3.11', '-DCMAKE_WANT_MATERIALX_BUILD=ON', '-DCMAKE_PREFIX_PATH=/local/S/jenkins/workspace/shared/Artifactory/Linux/USD/1a43c47', '-DMAYAHYDRA_BUILD_NUMBER=421', '-DMAYAHYDRA_GIT_COMMIT=1e39ccdaa2da94b4df1efb7854598ed499acdc31', '-DMAYAHYDRA_GIT_BRANCH=master']
[2023-11-27T16:13:19.878Z]           Stages arguments          ['test']
[2023-11-27T16:13:19.878Z]           CTest arguments           ['--parallel 16']
[2023-11-27T16:13:19.878Z]     Success running MayaHydra tests !!!!
[Pipeline] }
[Pipeline] // withEnv
[Pipeline] }
[Pipeline] // timeout
[Pipeline] }
[Pipeline] // stage
[Pipeline] }
[Pipeline] // timestamps
[Pipeline] timestamps
[Pipeline] {
[Pipeline] stage
[Pipeline] { (Cleanup)
[Pipeline] timeout
[2023-11-27T16:13:20.273Z] Timeout set to expire in 6 hr 0 min
[Pipeline] {
[Pipeline] withEnv
[Pipeline] {
[Pipeline] sh
[2023-11-27T16:13:21.427Z] + scl enable gcc-toolset-11 -
[2023-11-27T16:13:21.427Z] + '[' enable = load -o enable = unload ']'
[2023-11-27T16:13:21.427Z] + /usr/bin/scl enable gcc-toolset-11 -
[2023-11-27T16:13:21.427Z] python ecg-maya-hydra/build.py --stages=cleanup --workspace-dir=/local/S/jenkins/workspace/ECP/ecg-maya-hydra/ecg-maya-hydra-branch-preflight-python3-linux --artifactory-dir=/local/S/jenkins/workspace/shared/Artifactory --build-dir=/local/S/jenkins/workspace/ECP/ecg-maya-hydra/ecg-maya-hydra-branch-preflight-python3-linux/build --install-dir=/local/S/jenkins/workspace/ECP/ecg-maya-hydra/ecg-maya-hydra-branch-preflight-python3-linux/install --signing-dir=/local/S/jenkins/workspace/ECP/ecg-maya-hydra/ecg-maya-hydra-branch-preflight-python3-linux/signing --package-dir=/local/S/jenkins/workspace/ECP/ecg-maya-hydra/ecg-maya-hydra-branch-preflight-python3-linux/package --output-dir=/local/S/jenkins/workspace/ECP/ecg-maya-hydra/ecg-maya-hydra-branch-preflight-python3-linux/output --stash-dir=/local/S/jenkins/workspace/ECP/ecg-maya-hydra/ecg-maya-hydra-branch-preflight-python3-linux/stash --jenkins-build=421 --git-commit=1e39ccdaa2da94b4df1efb7854598ed499acdc31 --git-branch=master --variants=Debug --interactive-tests=true --post-zips=false --osx-binary-architecture-target=ub2 --osx-deployment-target=11.0 --osx-base-sdk=CurrentActiveSDK --maya-cut-config=maya-rundev-master-debug.yaml --maya-package=rundev-master-debug --stage-banner
[2023-11-27T16:13:21.427Z] Using Maya cut from /local/S/jenkins/workspace/shared/Artifactory/Linux/rundev-master-debug/202311240749/runtime/8e4eed9
[2023-11-27T16:13:21.427Z] 
[2023-11-27T16:13:21.427Z] ================================================================================
[2023-11-27T16:13:21.427Z]                                cleanup (Finalize)
[2023-11-27T16:13:21.427Z] ================================================================================
[2023-11-27T16:13:21.427Z] Cleaning up workspace
[2023-11-27T16:13:21.427Z] Removing directory: /local/S/jenkins/workspace/ECP/ecg-maya-hydra/ecg-maya-hydra-branch-preflight-python3-linux/build
[2023-11-27T16:13:21.641Z] Removing directory: /local/S/jenkins/workspace/ECP/ecg-maya-hydra/ecg-maya-hydra-branch-preflight-python3-linux/install
[Pipeline] sh
[2023-11-27T16:13:22.752Z] + scl enable gcc-toolset-11 -
[2023-11-27T16:13:22.752Z] + '[' enable = load -o enable = unload ']'
[2023-11-27T16:13:22.752Z] + /usr/bin/scl enable gcc-toolset-11 -
[2023-11-27T16:13:22.752Z] python ecg-maya-hydra/build.py --stages=cleanup --workspace-dir=/local/S/jenkins/workspace/ECP/ecg-maya-hydra/ecg-maya-hydra-branch-preflight-python3-linux --artifactory-dir=/local/S/jenkins/workspace/shared/Artifactory --build-dir=/local/S/jenkins/workspace/ECP/ecg-maya-hydra/ecg-maya-hydra-branch-preflight-python3-linux/build --install-dir=/local/S/jenkins/workspace/ECP/ecg-maya-hydra/ecg-maya-hydra-branch-preflight-python3-linux/install --signing-dir=/local/S/jenkins/workspace/ECP/ecg-maya-hydra/ecg-maya-hydra-branch-preflight-python3-linux/signing --package-dir=/local/S/jenkins/workspace/ECP/ecg-maya-hydra/ecg-maya-hydra-branch-preflight-python3-linux/package --output-dir=/local/S/jenkins/workspace/ECP/ecg-maya-hydra/ecg-maya-hydra-branch-preflight-python3-linux/output --stash-dir=/local/S/jenkins/workspace/ECP/ecg-maya-hydra/ecg-maya-hydra-branch-preflight-python3-linux/stash --jenkins-build=421 --git-commit=1e39ccdaa2da94b4df1efb7854598ed499acdc31 --git-branch=master --variants=RelWithDebInfo --interactive-tests=true --post-zips=false --osx-binary-architecture-target=ub2 --osx-deployment-target=11.0 --osx-base-sdk=CurrentActiveSDK --maya-cut-config=maya-rundev-master.yaml --maya-package=rundev-master --stage-banner
[2023-11-27T16:13:22.752Z] Using Maya cut from /local/S/jenkins/workspace/shared/Artifactory/Linux/rundev-master/202311240749/runtime/c24098a
[2023-11-27T16:13:22.752Z] 
[2023-11-27T16:13:22.752Z] ================================================================================
[2023-11-27T16:13:22.752Z]                                cleanup (Finalize)
[2023-11-27T16:13:22.752Z] ================================================================================
[2023-11-27T16:13:22.752Z] Cleaning up workspace
[Pipeline] }
[Pipeline] // withEnv
[Pipeline] }
[Pipeline] // timeout
[Pipeline] }
[Pipeline] // stage
[Pipeline] }
[Pipeline] // timestamps
[Pipeline] }
[Pipeline] // node
[Pipeline] End of Pipeline
[Checks API] No suitable checks publisher found.
Finished: SUCCESS
