[2023-12-21T22:39:34.279Z] ================================================================================
[2023-12-21T22:39:34.279Z]                                  setup (Debug)
[2023-12-21T22:39:34.279Z] ================================================================================
[Pipeline] sh
[2023-12-21T22:39:35.578Z] + python ecg-maya-hydra/build.py --stages=setup --workspace-dir=/local/S/jenkins/workspace/ECP/ecg-maya-hydra/ecg-maya-hydra-branch-preflight-python3-osx --artifactory-dir=/local/S/jenkins/workspace/shared/Artifactory --build-dir=/local/S/jenkins/workspace/ECP/ecg-maya-hydra/ecg-maya-hydra-branch-preflight-python3-osx/build --install-dir=/local/S/jenkins/workspace/ECP/ecg-maya-hydra/ecg-maya-hydra-branch-preflight-python3-osx/install --signing-dir=/local/S/jenkins/workspace/ECP/ecg-maya-hydra/ecg-maya-hydra-branch-preflight-python3-osx/signing --package-dir=/local/S/jenkins/workspace/ECP/ecg-maya-hydra/ecg-maya-hydra-branch-preflight-python3-osx/package --output-dir=/local/S/jenkins/workspace/ECP/ecg-maya-hydra/ecg-maya-hydra-branch-preflight-python3-osx/output --stash-dir=/local/S/jenkins/workspace/ECP/ecg-maya-hydra/ecg-maya-hydra-branch-preflight-python3-osx/stash --jenkins-build=448 --git-commit=1be3443e013ca402751b5b0249ba2bcb785b9eca --git-branch=master --variants=RelWithDebInfo --interactive-tests=true --post-zips=false --osx-binary-architecture-target=ub2 --osx-deployment-target=11.0 --osx-base-sdk=CurrentActiveSDK --extra-license-file=ecg-maya-hydra/jenkins-o03-cot/melicense.lic --prune-versions=3 --prune-revisions=3 --maya-cut-config=maya-rundev-master.yaml --maya-package=rundev-master --stage-banner --prune-artifacts --force-pruning
[2023-12-21T22:39:35.578Z] Getting rundev-master download URL from Maya SHA-1 hash
[2023-12-21T22:39:35.578Z] Finding Artifactory servers response times
[2023-12-21T22:39:38.942Z] [VERBOSE] Start loading URL (CURL): https://art-bobcat.autodesk.com/artifactory/api/search/checksum?repos=autodesk-3p-generic,adsk-build-tools-generic,team-ecg-generic,team-maya-generic,oss-stg-generic,team-mayausd-post-generic&sha1=d0a18d086fc18844f4bf92c28a6dce042d46406a
[2023-12-21T22:39:38.942Z] [DEBUG] Running: /usr/bin/curl -s -X GET --keepalive-time 10 --connect-timeout 60 --speed-limit 10000 --speed-time 120 --max-time 3600 --retry 5 --retry-max-time 2400 -H Connection:close -H Authorization:Basic ZWNnYmlmcm9zdDpvcGUqKjAw https://art-bobcat.autodesk.com/artifactory/api/search/checksum?repos=autodesk-3p-generic,adsk-build-tools-generic,team-ecg-generic,team-maya-generic,oss-stg-generic,team-mayausd-post-generic&sha1=d0a18d086fc18844f4bf92c28a6dce042d46406a
[2023-12-21T22:39:38.942Z] [DEBUG] Output:
[2023-12-21T22:39:38.942Z] {
[2023-12-21T22:39:38.942Z]   "results" : [ {
[2023-12-21T22:39:38.942Z]     "uri" : "https://art-bobcat.autodesk.com:443/artifactory/api/storage/team-maya-generic/Maya/master/pmac/2023-12-20-16-10_19d0e1f502/202312201610-19d0e1f502-RUNDEV.dmg"
[2023-12-21T22:39:38.942Z]   } ]
[2023-12-21T22:39:38.942Z] }
[2023-12-21T22:39:38.942Z] [VERBOSE] End loading URL (CURL): https://art-bobcat.autodesk.com/artifactory/api/search/checksum?repos=autodesk-3p-generic,adsk-build-tools-generic,team-ecg-generic,team-maya-generic,oss-stg-generic,team-mayausd-post-generic&sha1=d0a18d086fc18844f4bf92c28a6dce042d46406a
[2023-12-21T22:39:38.942Z] [VERBOSE] Start loading URL (CURL): https://art-bobcat.autodesk.com:443/artifactory/api/storage/team-maya-generic/Maya/master/pmac/2023-12-20-16-10_19d0e1f502/202312201610-19d0e1f502-RUNDEV.dmg
[2023-12-21T22:39:38.942Z] [DEBUG] Running: /usr/bin/curl -s -X GET --keepalive-time 10 --connect-timeout 60 --speed-limit 10000 --speed-time 120 --max-time 3600 --retry 5 --retry-max-time 2400 -H Connection:close -H Authorization:Basic ZWNnYmlmcm9zdDpvcGUqKjAw https://art-bobcat.autodesk.com:443/artifactory/api/storage/team-maya-generic/Maya/master/pmac/2023-12-20-16-10_19d0e1f502/202312201610-19d0e1f502-RUNDEV.dmg
[2023-12-21T22:39:38.942Z] [DEBUG] Output:
[2023-12-21T22:39:38.942Z] {
[2023-12-21T22:39:38.942Z]   "repo" : "team-maya-generic",
[2023-12-21T22:39:38.942Z]   "path" : "/Maya/master/pmac/2023-12-20-16-10_19d0e1f502/202312201610-19d0e1f502-RUNDEV.dmg",
[2023-12-21T22:39:38.942Z]   "created" : "2023-12-20T17:37:45.583-08:00",
[2023-12-21T22:39:38.942Z]   "createdBy" : "svc_p_mescm",
[2023-12-21T22:39:38.942Z]   "lastModified" : "2023-12-20T17:28:56.786-08:00",
[2023-12-21T22:39:38.942Z]   "modifiedBy" : "svc_p_mescm",
[2023-12-21T22:39:38.942Z]   "lastUpdated" : "2023-12-20T17:37:45.583-08:00",
[2023-12-21T22:39:38.942Z]   "downloadUri" : "https://art-bobcat.autodesk.com:443/artifactory/team-maya-generic/Maya/master/pmac/2023-12-20-16-10_19d0e1f502/202312201610-19d0e1f502-RUNDEV.dmg",
[2023-12-21T22:39:38.942Z]   "mimeType" : "application/octet-stream",
[2023-12-21T22:39:38.942Z]   "size" : "2883938770",
[2023-12-21T22:39:38.942Z]   "checksums" : {
[2023-12-21T22:39:38.942Z]     "sha1" : "d0a18d086fc18844f4bf92c28a6dce042d46406a",
[2023-12-21T22:39:38.942Z]     "md5" : "dfaf7c6e0468d6b1fe014185a70bad15",
[2023-12-21T22:39:38.942Z]     "sha256" : "5881f6ba03a030d6b3ee98410f87957757094c84a5ee2600d85d36e7a4a42efe"
[2023-12-21T22:39:38.942Z]   },
[2023-12-21T22:39:38.942Z]   "originalChecksums" : {
[2023-12-21T22:39:38.942Z]     "sha1" : "d0a18d086fc18844f4bf92c28a6dce042d46406a",
[2023-12-21T22:39:38.942Z]     "md5" : "dfaf7c6e0468d6b1fe014185a70bad15",
[2023-12-21T22:39:38.942Z]     "sha256" : "5881f6ba03a030d6b3ee98410f87957757094c84a5ee2600d85d36e7a4a42efe"
[2023-12-21T22:39:38.942Z]   },
[2023-12-21T22:39:38.942Z]   "uri" : "https://art-bobcat.autodesk.com:443/artifactory/api/storage/team-maya-generic/Maya/master/pmac/2023-12-20-16-10_19d0e1f502/202312201610-19d0e1f502-RUNDEV.dmg"
[2023-12-21T22:39:38.942Z] }
[2023-12-21T22:39:38.942Z] [VERBOSE] End loading URL (CURL): https://art-bobcat.autodesk.com:443/artifactory/api/storage/team-maya-generic/Maya/master/pmac/2023-12-20-16-10_19d0e1f502/202312201610-19d0e1f502-RUNDEV.dmg
[2023-12-21T22:39:38.942Z] Using Maya cut from /local/S/jenkins/workspace/shared/Artifactory/OSX/rundev-master/202312201610/runtime/d0a18d0
[2023-12-21T22:39:38.942Z] Using Maya ADSK Signatures from /local/S/jenkins/workspace/shared/Artifactory/OSX/adsk-plugin-signatures-maya/2023/3ae1ae7
[2023-12-21T22:39:38.942Z] Using Maya Security Library from /local/S/jenkins/workspace/shared/Artifactory/OSX/maya-security-library/3.4.0/5e08f3e
[2023-12-21T22:39:38.942Z] 
[2023-12-21T22:39:38.942Z] ================================================================================
[2023-12-21T22:39:38.942Z]                              setup (RelWithDebInfo)
[2023-12-21T22:39:38.942Z] ================================================================================
[Pipeline] }
[Pipeline] // withEnv
[Pipeline] }
[Pipeline] // timeout
[Pipeline] }
[Pipeline] // stage
[Pipeline] }
[Pipeline] // timestamps
[Pipeline] timestamps
[Pipeline] {
[Pipeline] stage
[Pipeline] { (Clean)
[Pipeline] timeout
[2023-12-21T22:39:39.286Z] Timeout set to expire in 6 hr 0 min
[Pipeline] {
[Pipeline] withEnv
[Pipeline] {
[Pipeline] sh
[2023-12-21T22:39:40.408Z] + python ecg-maya-hydra/build.py --stages=clean --workspace-dir=/local/S/jenkins/workspace/ECP/ecg-maya-hydra/ecg-maya-hydra-branch-preflight-python3-osx --artifactory-dir=/local/S/jenkins/workspace/shared/Artifactory --build-dir=/local/S/jenkins/workspace/ECP/ecg-maya-hydra/ecg-maya-hydra-branch-preflight-python3-osx/build --install-dir=/local/S/jenkins/workspace/ECP/ecg-maya-hydra/ecg-maya-hydra-branch-preflight-python3-osx/install --signing-dir=/local/S/jenkins/workspace/ECP/ecg-maya-hydra/ecg-maya-hydra-branch-preflight-python3-osx/signing --package-dir=/local/S/jenkins/workspace/ECP/ecg-maya-hydra/ecg-maya-hydra-branch-preflight-python3-osx/package --output-dir=/local/S/jenkins/workspace/ECP/ecg-maya-hydra/ecg-maya-hydra-branch-preflight-python3-osx/output --stash-dir=/local/S/jenkins/workspace/ECP/ecg-maya-hydra/ecg-maya-hydra-branch-preflight-python3-osx/stash --jenkins-build=448 --git-commit=1be3443e013ca402751b5b0249ba2bcb785b9eca --git-branch=master --variants=Debug --interactive-tests=true --post-zips=false --osx-binary-architecture-target=ub2 --osx-deployment-target=11.0 --osx-base-sdk=CurrentActiveSDK --maya-cut-config=maya-rundev-master-debug.yaml --maya-package=rundev-master-debug --stage-banner
[2023-12-21T22:39:40.408Z] Using Maya cut from /local/S/jenkins/workspace/shared/Artifactory/OSX/rundev-master-debug/202312201610/runtime/baf0e83
[2023-12-21T22:39:40.408Z] Using Maya ADSK Signatures from /local/S/jenkins/workspace/shared/Artifactory/OSX/adsk-plugin-signatures-maya/2023/3ae1ae7
[2023-12-21T22:39:40.408Z] Using Maya Security Library from /local/S/jenkins/workspace/shared/Artifactory/OSX/maya-security-library/3.4.0/5e08f3e
[2023-12-21T22:39:40.408Z] 
[2023-12-21T22:39:40.408Z] ================================================================================
[2023-12-21T22:39:40.408Z]                                  clean (Debug)
[2023-12-21T22:39:40.408Z] ================================================================================
[2023-12-21T22:39:40.408Z] Maya Python Debug Info:
[2023-12-21T22:39:40.408Z]   mayapy executable   = /local/S/jenkins/workspace/shared/Artifactory/OSX/rundev-master-debug/202312201610/runtime/baf0e83/runTime/Maya.app/Contents/bin/mayapy
[2023-12-21T22:39:40.408Z]   Include Folder      = /local/S/jenkins/workspace/shared/Artifactory/OSX/rundev-master-debug/202312201610/runtime/baf0e83/runTime/Maya.app/Contents/Frameworks/Python.framework/Versions/Current/include/python3.11
[2023-12-21T22:39:40.408Z]   Library             = /local/S/jenkins/workspace/shared/Artifactory/OSX/rundev-master-debug/202312201610/runtime/baf0e83/runTime/Maya.app/Contents/Frameworks/Python.framework/Versions/Current/lib/libpython3.11.dylib
[2023-12-21T22:39:40.408Z]   site-package Folder = /local/S/jenkins/workspace/shared/Artifactory/OSX/rundev-master-debug/202312201610/runtime/baf0e83/runTime/Maya.app/Contents/Frameworks/Python.framework/Versions/Current/lib/python3.11/site-packages
[2023-12-21T22:39:40.935Z] In workdir: /Volumes/DATA/local/S/jenkins/workspace/ECP/ecg-maya-hydra/ecg-maya-hydra-branch-preflight-python3-osx/ecg-maya-hydra/maya-hydra
[2023-12-21T22:39:40.935Z] Executing: arch -arch arm64 /local/S/jenkins/workspace/shared/Artifactory/OSX/rundev-master-debug/202312201610/runtime/baf0e83/runTime/Maya.app/Contents/bin/mayapy /Volumes/DATA/local/S/jenkins/workspace/ECP/ecg-maya-hydra/ecg-maya-hydra-branch-preflight-python3-osx/ecg-maya-hydra/maya-hydra/build.py --generator Ninja --build-debug --maya-location /local/S/jenkins/workspace/shared/Artifactory/OSX/rundev-master-debug/202312201610/runtime/baf0e83/runTime --devkit-location /local/S/jenkins/workspace/shared/Artifactory/OSX/rundev-master-debug/202312201610/runtime/baf0e83/devkitBase --pxrusd-location /local/S/jenkins/workspace/shared/Artifactory/OSX/USD/ca7f6ed --build-args=-DCMAKE_MAKE_PROGRAM=/local/S/jenkins/workspace/shared/Artifactory/OSX/ninja/1.10.2/95d0ca5/ninja,-DPYTHON_INCLUDE_DIR=/local/S/jenkins/workspace/shared/Artifactory/OSX/rundev-master-debug/202312201610/runtime/baf0e83/runTime/Maya.app/Contents/Frameworks/Python.framework/Versions/Current/include/python3.11,-DPython_EXECUTABLE=/local/S/jenkins/workspace/shared/Artifactory/OSX/rundev-master-debug/202312201610/runtime/baf0e83/runTime/Maya.app/Contents/bin/mayapy,-DPYTHON_LIBRARIES=/local/S/jenkins/workspace/shared/Artifactory/OSX/rundev-master-debug/202312201610/runtime/baf0e83/runTime/Maya.app/Contents/Frameworks/Python.framework/Versions/Current/lib/libpython3.11.dylib,-DBUILD_WITH_PYTHON_3_VERSION=3.11,-DBUILD_UB2=ON,-DCMAKE_WANT_MATERIALX_BUILD=ON,-DCMAKE_PREFIX_PATH=/local/S/jenkins/workspace/shared/Artifactory/OSX/USD/ca7f6ed,-DMAYAHYDRA_BUILD_NUMBER=448,-DMAYAHYDRA_GIT_COMMIT=1be3443e013ca402751b5b0249ba2bcb785b9eca,-DMAYAHYDRA_GIT_BRANCH=master,-DMAYAUSD_LOCATION=/local/S/jenkins/workspace/shared/Artifactory/OSX/mayausd-cotd-debug/202311222325/runtime/bd49faa/mayausd '--ctest-args=--parallel 8' --stages=clean --redirect-outstream-file=False --install-location /local/S/jenkins/workspace/ECP/ecg-maya-hydra/ecg-maya-hydra-branch-preflight-python3-osx/install/Debug/MayaHydra /local/S/jenkins/workspace/ECP/ecg-maya-hydra/ecg-maya-hydra-branch-preflight-python3-osx
[2023-12-21T22:39:40.935Z] Modified environment variables:
[2023-12-21T22:39:40.935Z]     PATH=/local/S/jenkins/workspace/shared/Artifactory/OSX/cmake/3.20.3/2594509/bin:/opt/homebrew/bin:/usr/local/bin:/bin:/usr/sbin:/sbin:/usr/bin:/usr/bin:/bin:/usr/sbin:/sbin
[2023-12-21T22:39:40.935Z]     
[2023-12-21T22:39:40.935Z]         Building with settings:
[2023-12-21T22:39:40.935Z]           Source directory          /Volumes/DATA/local/S/jenkins/workspace/ECP/ecg-maya-hydra/ecg-maya-hydra-branch-preflight-python3-osx/ecg-maya-hydra/maya-hydra
[2023-12-21T22:39:40.935Z]           Workspace directory       /local/S/jenkins/workspace/ECP/ecg-maya-hydra/ecg-maya-hydra-branch-preflight-python3-osx
[2023-12-21T22:39:40.935Z]           Build directory           /local/S/jenkins/workspace/ECP/ecg-maya-hydra/ecg-maya-hydra-branch-preflight-python3-osx/build/Debug
[2023-12-21T22:39:40.935Z]           Install directory         /local/S/jenkins/workspace/ECP/ecg-maya-hydra/ecg-maya-hydra-branch-preflight-python3-osx/install/Debug/MayaHydra
[2023-12-21T22:39:40.935Z]           Variant                   Debug
[2023-12-21T22:39:40.935Z]           Python Debug              Off
[2023-12-21T22:39:40.935Z]           CMake generator           Ninja
[2023-12-21T22:39:40.935Z]           Build arguments           ['-DCMAKE_MAKE_PROGRAM=/local/S/jenkins/workspace/shared/Artifactory/OSX/ninja/1.10.2/95d0ca5/ninja', '-DPYTHON_INCLUDE_DIR=/local/S/jenkins/workspace/shared/Artifactory/OSX/rundev-master-debug/202312201610/runtime/baf0e83/runTime/Maya.app/Contents/Frameworks/Python.framework/Versions/Current/include/python3.11', '-DPython_EXECUTABLE=/local/S/jenkins/workspace/shared/Artifactory/OSX/rundev-master-debug/202312201610/runtime/baf0e83/runTime/Maya.app/Contents/bin/mayapy', '-DPYTHON_LIBRARIES=/local/S/jenkins/workspace/shared/Artifactory/OSX/rundev-master-debug/202312201610/runtime/baf0e83/runTime/Maya.app/Contents/Frameworks/Python.framework/Versions/Current/lib/libpython3.11.dylib', '-DBUILD_WITH_PYTHON_3_VERSION=3.11', '-DBUILD_UB2=ON', '-DCMAKE_WANT_MATERIALX_BUILD=ON', '-DCMAKE_PREFIX_PATH=/local/S/jenkins/workspace/shared/Artifactory/OSX/USD/ca7f6ed', '-DMAYAHYDRA_BUILD_NUMBER=448', '-DMAYAHYDRA_GIT_COMMIT=1be3443e013ca402751b5b0249ba2bcb785b9eca', '-DMAYAHYDRA_GIT_BRANCH=master', '-DMAYAUSD_LOCATION=/local/S/jenkins/workspace/shared/Artifactory/OSX/mayausd-cotd-debug/202311222325/runtime/bd49faa/mayausd']
[2023-12-21T22:39:40.935Z]           Stages arguments          ['clean']
[2023-12-21T22:39:40.935Z]           CTest arguments           ['--parallel 8']
[2023-12-21T22:39:40.935Z]     Success MayaHydra build and install !!!!
[2023-12-21T22:39:40.935Z]     Elapsed time: 00:00:00
[Pipeline] sh
[2023-12-21T22:39:42.223Z] + python ecg-maya-hydra/build.py --stages=clean --workspace-dir=/local/S/jenkins/workspace/ECP/ecg-maya-hydra/ecg-maya-hydra-branch-preflight-python3-osx --artifactory-dir=/local/S/jenkins/workspace/shared/Artifactory --build-dir=/local/S/jenkins/workspace/ECP/ecg-maya-hydra/ecg-maya-hydra-branch-preflight-python3-osx/build --install-dir=/local/S/jenkins/workspace/ECP/ecg-maya-hydra/ecg-maya-hydra-branch-preflight-python3-osx/install --signing-dir=/local/S/jenkins/workspace/ECP/ecg-maya-hydra/ecg-maya-hydra-branch-preflight-python3-osx/signing --package-dir=/local/S/jenkins/workspace/ECP/ecg-maya-hydra/ecg-maya-hydra-branch-preflight-python3-osx/package --output-dir=/local/S/jenkins/workspace/ECP/ecg-maya-hydra/ecg-maya-hydra-branch-preflight-python3-osx/output --stash-dir=/local/S/jenkins/workspace/ECP/ecg-maya-hydra/ecg-maya-hydra-branch-preflight-python3-osx/stash --jenkins-build=448 --git-commit=1be3443e013ca402751b5b0249ba2bcb785b9eca --git-branch=master --variants=RelWithDebInfo --interactive-tests=true --post-zips=false --osx-binary-architecture-target=ub2 --osx-deployment-target=11.0 --osx-base-sdk=CurrentActiveSDK --maya-cut-config=maya-rundev-master.yaml --maya-package=rundev-master --stage-banner
[2023-12-21T22:39:42.223Z] Using Maya cut from /local/S/jenkins/workspace/shared/Artifactory/OSX/rundev-master/202312201610/runtime/d0a18d0
[2023-12-21T22:39:42.223Z] Using Maya ADSK Signatures from /local/S/jenkins/workspace/shared/Artifactory/OSX/adsk-plugin-signatures-maya/2023/3ae1ae7
[2023-12-21T22:39:42.223Z] Using Maya Security Library from /local/S/jenkins/workspace/shared/Artifactory/OSX/maya-security-library/3.4.0/5e08f3e
[2023-12-21T22:39:42.223Z] 
[2023-12-21T22:39:42.223Z] ================================================================================
[2023-12-21T22:39:42.223Z]                              clean (RelWithDebInfo)
[2023-12-21T22:39:42.223Z] ================================================================================
[2023-12-21T22:39:42.223Z] Maya Python RelWithDebInfo Info:
[2023-12-21T22:39:42.223Z]   mayapy executable   = /local/S/jenkins/workspace/shared/Artifactory/OSX/rundev-master/202312201610/runtime/d0a18d0/runTime/Maya.app/Contents/bin/mayapy
[2023-12-21T22:39:42.223Z]   Include Folder      = /local/S/jenkins/workspace/shared/Artifactory/OSX/rundev-master/202312201610/runtime/d0a18d0/runTime/Maya.app/Contents/Frameworks/Python.framework/Versions/Current/include/python3.11
[2023-12-21T22:39:42.223Z]   Library             = /local/S/jenkins/workspace/shared/Artifactory/OSX/rundev-master/202312201610/runtime/d0a18d0/runTime/Maya.app/Contents/Frameworks/Python.framework/Versions/Current/lib/libpython3.11.dylib
[2023-12-21T22:39:42.223Z]   site-package Folder = /local/S/jenkins/workspace/shared/Artifactory/OSX/rundev-master/202312201610/runtime/d0a18d0/runTime/Maya.app/Contents/Frameworks/Python.framework/Versions/Current/lib/python3.11/site-packages
[2023-12-21T22:39:42.749Z] In workdir: /Volumes/DATA/local/S/jenkins/workspace/ECP/ecg-maya-hydra/ecg-maya-hydra-branch-preflight-python3-osx/ecg-maya-hydra/maya-hydra
[2023-12-21T22:39:42.749Z] Executing: arch -arch arm64 /local/S/jenkins/workspace/shared/Artifactory/OSX/rundev-master/202312201610/runtime/d0a18d0/runTime/Maya.app/Contents/bin/mayapy /Volumes/DATA/local/S/jenkins/workspace/ECP/ecg-maya-hydra/ecg-maya-hydra-branch-preflight-python3-osx/ecg-maya-hydra/maya-hydra/build.py --generator Ninja --build-relwithdebug --maya-location /local/S/jenkins/workspace/shared/Artifactory/OSX/rundev-master/202312201610/runtime/d0a18d0/runTime --devkit-location /local/S/jenkins/workspace/shared/Artifactory/OSX/rundev-master/202312201610/runtime/d0a18d0/devkitBase --pxrusd-location /local/S/jenkins/workspace/shared/Artifactory/OSX/USD/8270819 --build-args=-DCMAKE_MAKE_PROGRAM=/local/S/jenkins/workspace/shared/Artifactory/OSX/ninja/1.10.2/95d0ca5/ninja,-DPYTHON_INCLUDE_DIR=/local/S/jenkins/workspace/shared/Artifactory/OSX/rundev-master/202312201610/runtime/d0a18d0/runTime/Maya.app/Contents/Frameworks/Python.framework/Versions/Current/include/python3.11,-DPython_EXECUTABLE=/local/S/jenkins/workspace/shared/Artifactory/OSX/rundev-master/202312201610/runtime/d0a18d0/runTime/Maya.app/Contents/bin/mayapy,-DPYTHON_LIBRARIES=/local/S/jenkins/workspace/shared/Artifactory/OSX/rundev-master/202312201610/runtime/d0a18d0/runTime/Maya.app/Contents/Frameworks/Python.framework/Versions/Current/lib/libpython3.11.dylib,-DBUILD_WITH_PYTHON_3_VERSION=3.11,-DBUILD_UB2=ON,-DCMAKE_WANT_MATERIALX_BUILD=ON,-DCMAKE_PREFIX_PATH=/local/S/jenkins/workspace/shared/Artifactory/OSX/USD/8270819,-DMAYAHYDRA_BUILD_NUMBER=448,-DMAYAHYDRA_GIT_COMMIT=1be3443e013ca402751b5b0249ba2bcb785b9eca,-DMAYAHYDRA_GIT_BRANCH=master,-DMAYAUSD_LOCATION=/local/S/jenkins/workspace/shared/Artifactory/OSX/mayausd-cotd/202311202320/runtime/a0893a4/mayausd '--ctest-args=--parallel 8' --stages=clean --redirect-outstream-file=False --install-location /local/S/jenkins/workspace/ECP/ecg-maya-hydra/ecg-maya-hydra-branch-preflight-python3-osx/install/RelWithDebInfo/MayaHydra /local/S/jenkins/workspace/ECP/ecg-maya-hydra/ecg-maya-hydra-branch-preflight-python3-osx
[2023-12-21T22:39:42.749Z] Modified environment variables:
[2023-12-21T22:39:42.749Z]     PATH=/local/S/jenkins/workspace/shared/Artifactory/OSX/cmake/3.20.3/2594509/bin:/opt/homebrew/bin:/usr/local/bin:/bin:/usr/sbin:/sbin:/usr/bin:/usr/bin:/bin:/usr/sbin:/sbin
[2023-12-21T22:39:42.749Z]     
[2023-12-21T22:39:42.749Z]         Building with settings:
[2023-12-21T22:39:42.749Z]           Source directory          /Volumes/DATA/local/S/jenkins/workspace/ECP/ecg-maya-hydra/ecg-maya-hydra-branch-preflight-python3-osx/ecg-maya-hydra/maya-hydra
[2023-12-21T22:39:42.749Z]           Workspace directory       /local/S/jenkins/workspace/ECP/ecg-maya-hydra/ecg-maya-hydra-branch-preflight-python3-osx
[2023-12-21T22:39:42.749Z]           Build directory           /local/S/jenkins/workspace/ECP/ecg-maya-hydra/ecg-maya-hydra-branch-preflight-python3-osx/build/RelWithDebInfo
[2023-12-21T22:39:42.749Z]           Install directory         /local/S/jenkins/workspace/ECP/ecg-maya-hydra/ecg-maya-hydra-branch-preflight-python3-osx/install/RelWithDebInfo/MayaHydra
[2023-12-21T22:39:42.749Z]           Variant                   RelWithDebInfo
[2023-12-21T22:39:42.749Z]           Python Debug              Off
[2023-12-21T22:39:42.749Z]           CMake generator           Ninja
[2023-12-21T22:39:42.749Z]           Build arguments           ['-DCMAKE_MAKE_PROGRAM=/local/S/jenkins/workspace/shared/Artifactory/OSX/ninja/1.10.2/95d0ca5/ninja', '-DPYTHON_INCLUDE_DIR=/local/S/jenkins/workspace/shared/Artifactory/OSX/rundev-master/202312201610/runtime/d0a18d0/runTime/Maya.app/Contents/Frameworks/Python.framework/Versions/Current/include/python3.11', '-DPython_EXECUTABLE=/local/S/jenkins/workspace/shared/Artifactory/OSX/rundev-master/202312201610/runtime/d0a18d0/runTime/Maya.app/Contents/bin/mayapy', '-DPYTHON_LIBRARIES=/local/S/jenkins/workspace/shared/Artifactory/OSX/rundev-master/202312201610/runtime/d0a18d0/runTime/Maya.app/Contents/Frameworks/Python.framework/Versions/Current/lib/libpython3.11.dylib', '-DBUILD_WITH_PYTHON_3_VERSION=3.11', '-DBUILD_UB2=ON', '-DCMAKE_WANT_MATERIALX_BUILD=ON', '-DCMAKE_PREFIX_PATH=/local/S/jenkins/workspace/shared/Artifactory/OSX/USD/8270819', '-DMAYAHYDRA_BUILD_NUMBER=448', '-DMAYAHYDRA_GIT_COMMIT=1be3443e013ca402751b5b0249ba2bcb785b9eca', '-DMAYAHYDRA_GIT_BRANCH=master', '-DMAYAUSD_LOCATION=/local/S/jenkins/workspace/shared/Artifactory/OSX/mayausd-cotd/202311202320/runtime/a0893a4/mayausd']
[2023-12-21T22:39:42.749Z]           Stages arguments          ['clean']
[2023-12-21T22:39:42.749Z]           CTest arguments           ['--parallel 8']
[2023-12-21T22:39:42.749Z]     Success MayaHydra build and install !!!!
[2023-12-21T22:39:42.749Z]     Elapsed time: 00:00:00
[Pipeline] }
[Pipeline] // withEnv
[Pipeline] }
[Pipeline] // timeout
[Pipeline] }
[Pipeline] // stage
[Pipeline] }
[Pipeline] // timestamps
[Pipeline] timestamps
[Pipeline] {
[Pipeline] stage
[Pipeline] { (Configure)
[Pipeline] timeout
[2023-12-21T22:39:43.084Z] Timeout set to expire in 6 hr 0 min
[Pipeline] {
[Pipeline] withEnv
[Pipeline] {
[Pipeline] sh
[2023-12-21T22:39:44.179Z] + python ecg-maya-hydra/build.py --stages=configure --workspace-dir=/local/S/jenkins/workspace/ECP/ecg-maya-hydra/ecg-maya-hydra-branch-preflight-python3-osx --artifactory-dir=/local/S/jenkins/workspace/shared/Artifactory --build-dir=/local/S/jenkins/workspace/ECP/ecg-maya-hydra/ecg-maya-hydra-branch-preflight-python3-osx/build --install-dir=/local/S/jenkins/workspace/ECP/ecg-maya-hydra/ecg-maya-hydra-branch-preflight-python3-osx/install --signing-dir=/local/S/jenkins/workspace/ECP/ecg-maya-hydra/ecg-maya-hydra-branch-preflight-python3-osx/signing --package-dir=/local/S/jenkins/workspace/ECP/ecg-maya-hydra/ecg-maya-hydra-branch-preflight-python3-osx/package --output-dir=/local/S/jenkins/workspace/ECP/ecg-maya-hydra/ecg-maya-hydra-branch-preflight-python3-osx/output --stash-dir=/local/S/jenkins/workspace/ECP/ecg-maya-hydra/ecg-maya-hydra-branch-preflight-python3-osx/stash --jenkins-build=448 --git-commit=1be3443e013ca402751b5b0249ba2bcb785b9eca --git-branch=master --variants=Debug --interactive-tests=true --post-zips=false --osx-binary-architecture-target=ub2 --osx-deployment-target=11.0 --osx-base-sdk=CurrentActiveSDK --maya-cut-config=maya-rundev-master-debug.yaml --maya-package=rundev-master-debug --stage-banner
[2023-12-21T22:39:44.179Z] Using Maya cut from /local/S/jenkins/workspace/shared/Artifactory/OSX/rundev-master-debug/202312201610/runtime/baf0e83
[2023-12-21T22:39:44.179Z] Using Maya ADSK Signatures from /local/S/jenkins/workspace/shared/Artifactory/OSX/adsk-plugin-signatures-maya/2023/3ae1ae7
[2023-12-21T22:39:44.179Z] Using Maya Security Library from /local/S/jenkins/workspace/shared/Artifactory/OSX/maya-security-library/3.4.0/5e08f3e
[2023-12-21T22:39:44.179Z] 
[2023-12-21T22:39:44.179Z] ================================================================================
[2023-12-21T22:39:44.179Z]                                configure (Debug)
[2023-12-21T22:39:44.179Z] ================================================================================
[2023-12-21T22:39:44.179Z] Maya Python Debug Info:
[2023-12-21T22:39:44.179Z]   mayapy executable   = /local/S/jenkins/workspace/shared/Artifactory/OSX/rundev-master-debug/202312201610/runtime/baf0e83/runTime/Maya.app/Contents/bin/mayapy
[2023-12-21T22:39:44.179Z]   Include Folder      = /local/S/jenkins/workspace/shared/Artifactory/OSX/rundev-master-debug/202312201610/runtime/baf0e83/runTime/Maya.app/Contents/Frameworks/Python.framework/Versions/Current/include/python3.11
[2023-12-21T22:39:44.179Z]   Library             = /local/S/jenkins/workspace/shared/Artifactory/OSX/rundev-master-debug/202312201610/runtime/baf0e83/runTime/Maya.app/Contents/Frameworks/Python.framework/Versions/Current/lib/libpython3.11.dylib
[2023-12-21T22:39:44.179Z]   site-package Folder = /local/S/jenkins/workspace/shared/Artifactory/OSX/rundev-master-debug/202312201610/runtime/baf0e83/runTime/Maya.app/Contents/Frameworks/Python.framework/Versions/Current/lib/python3.11/site-packages
[2023-12-21T22:39:44.704Z] In workdir: /Volumes/DATA/local/S/jenkins/workspace/ECP/ecg-maya-hydra/ecg-maya-hydra-branch-preflight-python3-osx/ecg-maya-hydra/maya-hydra
[2023-12-21T22:39:44.704Z] Executing: arch -arch arm64 /local/S/jenkins/workspace/shared/Artifactory/OSX/rundev-master-debug/202312201610/runtime/baf0e83/runTime/Maya.app/Contents/bin/mayapy /Volumes/DATA/local/S/jenkins/workspace/ECP/ecg-maya-hydra/ecg-maya-hydra-branch-preflight-python3-osx/ecg-maya-hydra/maya-hydra/build.py --generator Ninja --build-debug --maya-location /local/S/jenkins/workspace/shared/Artifactory/OSX/rundev-master-debug/202312201610/runtime/baf0e83/runTime --devkit-location /local/S/jenkins/workspace/shared/Artifactory/OSX/rundev-master-debug/202312201610/runtime/baf0e83/devkitBase --pxrusd-location /local/S/jenkins/workspace/shared/Artifactory/OSX/USD/ca7f6ed --build-args=-DCMAKE_MAKE_PROGRAM=/local/S/jenkins/workspace/shared/Artifactory/OSX/ninja/1.10.2/95d0ca5/ninja,-DPYTHON_INCLUDE_DIR=/local/S/jenkins/workspace/shared/Artifactory/OSX/rundev-master-debug/202312201610/runtime/baf0e83/runTime/Maya.app/Contents/Frameworks/Python.framework/Versions/Current/include/python3.11,-DPython_EXECUTABLE=/local/S/jenkins/workspace/shared/Artifactory/OSX/rundev-master-debug/202312201610/runtime/baf0e83/runTime/Maya.app/Contents/bin/mayapy,-DPYTHON_LIBRARIES=/local/S/jenkins/workspace/shared/Artifactory/OSX/rundev-master-debug/202312201610/runtime/baf0e83/runTime/Maya.app/Contents/Frameworks/Python.framework/Versions/Current/lib/libpython3.11.dylib,-DBUILD_WITH_PYTHON_3_VERSION=3.11,-DBUILD_UB2=ON,-DCMAKE_WANT_MATERIALX_BUILD=ON,-DCMAKE_PREFIX_PATH=/local/S/jenkins/workspace/shared/Artifactory/OSX/USD/ca7f6ed,-DMAYAHYDRA_BUILD_NUMBER=448,-DMAYAHYDRA_GIT_COMMIT=1be3443e013ca402751b5b0249ba2bcb785b9eca,-DMAYAHYDRA_GIT_BRANCH=master,-DMAYAUSD_LOCATION=/local/S/jenkins/workspace/shared/Artifactory/OSX/mayausd-cotd-debug/202311222325/runtime/bd49faa/mayausd '--ctest-args=--parallel 8' --stages=configure --redirect-outstream-file=False --install-location /local/S/jenkins/workspace/ECP/ecg-maya-hydra/ecg-maya-hydra-branch-preflight-python3-osx/install/Debug/MayaHydra /local/S/jenkins/workspace/ECP/ecg-maya-hydra/ecg-maya-hydra-branch-preflight-python3-osx
[2023-12-21T22:39:44.704Z] Modified environment variables:
[2023-12-21T22:39:44.704Z]     PATH=/local/S/jenkins/workspace/shared/Artifactory/OSX/cmake/3.20.3/2594509/bin:/opt/homebrew/bin:/usr/local/bin:/bin:/usr/sbin:/sbin:/usr/bin:/usr/bin:/bin:/usr/sbin:/sbin
[2023-12-21T22:39:55.746Z]     -- The C compiler identification is AppleClang 13.1.6.13160021
[2023-12-21T22:39:55.746Z]     -- The CXX compiler identification is AppleClang 13.1.6.13160021
[2023-12-21T22:39:55.746Z]     -- Detecting C compiler ABI info
[2023-12-21T22:39:55.746Z]     -- Detecting C compiler ABI info - done
[2023-12-21T22:39:55.746Z]     -- Check for working C compiler: /Applications/Xcode.app/Contents/Developer/Toolchains/XcodeDefault.xctoolchain/usr/bin/cc - skipped
[2023-12-21T22:39:55.746Z]     -- Detecting C compile features
[2023-12-21T22:39:55.746Z]     -- Detecting C compile features - done
[2023-12-21T22:39:55.746Z]     -- Detecting CXX compiler ABI info
[2023-12-21T22:39:55.746Z]     -- Detecting CXX compiler ABI info - done
[2023-12-21T22:39:55.746Z]     -- Check for working CXX compiler: /Applications/Xcode.app/Contents/Developer/Toolchains/XcodeDefault.xctoolchain/usr/bin/c++ - skipped
[2023-12-21T22:39:55.746Z]     -- Detecting CXX compile features
[2023-12-21T22:39:55.746Z]     -- Detecting CXX compile features - done
[2023-12-21T22:39:55.746Z]     -- Building with Universal Binary 2
[2023-12-21T22:39:56.271Z]     -- Using Maya Light API Version 3
[2023-12-21T22:39:56.271Z]     -- Maya has setDefaultMaterialHandling API
[2023-12-21T22:39:56.271Z]     -- Maya has new point snapping API
[2023-12-21T22:39:56.271Z]     -- Maya has isInCrashHandler API
[2023-12-21T22:39:56.271Z]     -- Maya has getDisplayStyleOfAllViewports API
[2023-12-21T22:39:56.271Z]     -- Maya array iterator has difference_type trait
[2023-12-21T22:39:56.271Z]     -- MFnSet has getMemberPaths function
[2023-12-21T22:39:56.271Z]     -- MFnDisplayLayer exists
[2023-12-21T22:39:56.271Z]     -- MDisplayLayerMessage has MDisplayLayerMemberChangedFunction
[2023-12-21T22:39:56.271Z]     -- MRenderItem has HideOnPlayback API
[2023-12-21T22:39:56.271Z]     -- MacOSX: Maya was built with Universal Binary 2 (x86_64/arm64)
[2023-12-21T22:39:56.271Z]     -- Found Maya: /local/S/jenkins/workspace/shared/Artifactory/OSX/rundev-master-debug/202312201610/runtime/baf0e83/runTime/maya.app/Contents/MacOS/Maya (found suitable version "2025", minimum required is "2024")
[2023-12-21T22:39:56.271Z]     -- Found Python: /local/S/jenkins/workspace/shared/Artifactory/OSX/rundev-master-debug/202312201610/runtime/baf0e83/runTime/Maya.app/Contents/bin/mayapy (found suitable exact version "3.11.4") found components: Interpreter
[2023-12-21T22:39:56.271Z]     -- Build mayaHydra with Python3 = 3.11
[2023-12-21T22:39:56.271Z]     --    PYTHON_INCLUDE_DIRS = /local/S/jenkins/workspace/shared/Artifactory/OSX/rundev-master-debug/202312201610/runtime/baf0e83/runTime/Maya.app/Contents/Frameworks/Python.framework/Versions/Current/include/python3.11
[2023-12-21T22:39:56.271Z]     --    PYTHON_LIBRARIES    = /local/S/jenkins/workspace/shared/Artifactory/OSX/rundev-master-debug/202312201610/runtime/baf0e83/runTime/Maya.app/Contents/Frameworks/Python.framework/Versions/Current/lib/libpython3.11.dylib
[2023-12-21T22:39:56.271Z]     --    Python_EXECUTABLE   = /local/S/jenkins/workspace/shared/Artifactory/OSX/rundev-master-debug/202312201610/runtime/baf0e83/runTime/Maya.app/Contents/bin/mayapy
[2023-12-21T22:39:56.795Z]     -- Found Python3: /local/S/jenkins/workspace/shared/Artifactory/OSX/rundev-master-debug/202312201610/runtime/baf0e83/runTime/Maya.app/Contents/Frameworks/Python.framework/Versions/Current/include/python3.11 (found suitable exact version "3.11.4") found components: Development Development.Module Development.Embed
[2023-12-21T22:39:56.795Z]     -- USD has new Sdr.PropertyTypes.Color4
[2023-12-21T22:39:56.795Z]     -- USD has MaterialX metadata support
[2023-12-21T22:39:56.795Z]     -- USD include dir: /local/S/jenkins/workspace/shared/Artifactory/OSX/USD/ca7f6ed/include
[2023-12-21T22:39:56.795Z]     -- USD library dir: /local/S/jenkins/workspace/shared/Artifactory/OSX/USD/ca7f6ed/lib
[2023-12-21T22:39:56.795Z]     -- USD version: 0.23.11
[2023-12-21T22:39:56.795Z]     -- Found USD: /local/S/jenkins/workspace/shared/Artifactory/OSX/USD/ca7f6ed (found suitable version "0.23.11", minimum required is "0.22.11")
[2023-12-21T22:39:56.795Z]     Updated PYTHONPATH: /local/S/jenkins/workspace/shared/Artifactory/OSX/USD/ca7f6ed/lib/python
[2023-12-21T22:39:56.795Z]     -- Found UFE: /local/S/jenkins/workspace/shared/Artifactory/OSX/rundev-master-debug/202312201610/runtime/baf0e83/devkitBase/devkit/ufe/include (found version "5.0.0")
[2023-12-21T22:39:56.795Z]     -- UFE include dir: /local/S/jenkins/workspace/shared/Artifactory/OSX/rundev-master-debug/202312201610/runtime/baf0e83/devkitBase/devkit/ufe/include
[2023-12-21T22:39:56.795Z]     -- UFE library: /local/S/jenkins/workspace/shared/Artifactory/OSX/rundev-master-debug/202312201610/runtime/baf0e83/devkitBase/devkit/ufe/lib/libufe_5.dylib
[2023-12-21T22:39:56.795Z]     -- UFE version: 5.0.0
[2023-12-21T22:39:56.795Z]     -- Maya has UFE lights API
[2023-12-21T22:39:56.795Z]     -- Maya has UFE scene segment API
[2023-12-21T22:39:56.795Z]     -- Maya has UFE TrieNode childrenComponents accessor
[2023-12-21T22:39:56.795Z]     -- Building with UFE 5.0.0.
[2023-12-21T22:39:56.795Z]     -- Found MaterialX
[2023-12-21T22:39:57.319Z]     -- Performing Test HAVE_STDATOMIC
[2023-12-21T22:39:57.319Z]     -- Performing Test HAVE_STDATOMIC - Success
[2023-12-21T22:39:57.319Z]     -- Found OpenGL: /Applications/Xcode.app/Contents/Developer/Platforms/MacOSX.platform/Developer/SDKs/MacOSX12.3.sdk/System/Library/Frameworks/OpenGL.framework
[2023-12-21T22:39:57.319Z]     -- Check if linker can resolve circular dependencies - TRUE
[2023-12-21T22:39:57.319Z]     -- Found Qt 6.5.3 in Maya devkit. Hydra Scene Browser will be built.
[2023-12-21T22:39:57.319Z]     -- **** Building Gulrak From Github Repository.
[2023-12-21T22:39:57.319Z]     -- Populating gulrak
[2023-12-21T22:39:57.319Z]     -- Configuring done
[2023-12-21T22:39:57.319Z]     -- Generating done
[2023-12-21T22:39:57.319Z]     -- Build files have been written to: /Volumes/DATA/local/S/jenkins/workspace/ECP/ecg-maya-hydra/ecg-maya-hydra-branch-preflight-python3-osx/build/Debug/_deps/gulrak-subbuild
[2023-12-21T22:39:57.319Z]     [1/9] Creating directories for 'gulrak-populate'
[2023-12-21T22:39:57.320Z]     [1/9] Performing download step (git clone) for 'gulrak-populate'
[2023-12-21T22:39:57.320Z]     Cloning into 'gulrak-src'...
[2023-12-21T22:39:57.844Z]     HEAD is now at 4e21ab3 Version bump and updated readme.
[2023-12-21T22:39:57.844Z]     [2/9] Performing update step for 'gulrak-populate'
[2023-12-21T22:39:57.844Z]     [4/9] No patch step for 'gulrak-populate'
[2023-12-21T22:39:57.844Z]     [5/9] No configure step for 'gulrak-populate'
[2023-12-21T22:39:57.844Z]     [6/9] No build step for 'gulrak-populate'
[2023-12-21T22:39:57.844Z]     [7/9] No install step for 'gulrak-populate'
[2023-12-21T22:39:57.844Z]     [8/9] No test step for 'gulrak-populate'
[2023-12-21T22:39:57.844Z]     [9/9] Completed 'gulrak-populate'
[2023-12-21T22:39:57.844Z]     -- ========== Installing GoogleTest... ==========
[2023-12-21T22:39:57.844Z]     -- Configuring done
[2023-12-21T22:39:57.844Z]     -- Generating done
[2023-12-21T22:39:57.844Z]     -- Build files have been written to: /Volumes/DATA/local/S/jenkins/workspace/ECP/ecg-maya-hydra/ecg-maya-hydra-branch-preflight-python3-osx/build/Debug/googletest-config
[2023-12-21T22:39:58.369Z]     [1/8] Creating directories for 'googletest'
[2023-12-21T22:39:58.897Z]     [2/8] Performing download step (git clone) for 'googletest'
[2023-12-21T22:39:58.897Z]     Cloning into 'googletest-src'...
[2023-12-21T22:39:58.897Z]     HEAD is now at 703bd9ca Googletest export
[2023-12-21T22:39:59.428Z]     [3/8] Performing update step for 'googletest'
[2023-12-21T22:39:59.428Z]     [4/8] No patch step for 'googletest'
[2023-12-21T22:39:59.953Z]     [5/8] Performing configure step for 'googletest'
[2023-12-21T22:39:59.953Z]     Not searching for unused variables given on the command line.
[2023-12-21T22:39:59.953Z]     CMake Deprecation Warning at CMakeLists.txt:4 (cmake_minimum_required):
[2023-12-21T22:39:59.953Z]       Compatibility with CMake < 2.8.12 will be removed from a future version of
[2023-12-21T22:39:59.953Z]       CMake.
[2023-12-21T22:39:59.953Z]     
[2023-12-21T22:39:59.953Z]       Update the VERSION argument <min> value or use a ...<max> suffix to tell
[2023-12-21T22:39:59.953Z]       CMake that the project does not need compatibility with older versions.
[2023-12-21T22:39:59.953Z]     
[2023-12-21T22:39:59.953Z]     
[2023-12-21T22:39:59.953Z]     -- The C compiler identification is AppleClang 13.1.6.13160021
[2023-12-21T22:39:59.953Z]     -- The CXX compiler identification is AppleClang 13.1.6.13160021
[2023-12-21T22:39:59.953Z]     -- Detecting C compiler ABI info
[2023-12-21T22:39:59.953Z]     -- Detecting C compiler ABI info - done
[2023-12-21T22:39:59.953Z]     -- Check for working C compiler: /Applications/Xcode.app/Contents/Developer/Toolchains/XcodeDefault.xctoolchain/usr/bin/cc - skipped
[2023-12-21T22:39:59.953Z]     -- Detecting C compile features
[2023-12-21T22:39:59.953Z]     -- Detecting C compile features - done
[2023-12-21T22:39:59.953Z]     -- Detecting CXX compiler ABI info
[2023-12-21T22:39:59.953Z]     -- Detecting CXX compiler ABI info - done
[2023-12-21T22:39:59.953Z]     -- Check for working CXX compiler: /Applications/Xcode.app/Contents/Developer/Toolchains/XcodeDefault.xctoolchain/usr/bin/c++ - skipped
[2023-12-21T22:39:59.953Z]     -- Detecting CXX compile features
[2023-12-21T22:39:59.953Z]     -- Detecting CXX compile features - done
[2023-12-21T22:39:59.953Z]     CMake Deprecation Warning at googletest/CMakeLists.txt:56 (cmake_minimum_required):
[2023-12-21T22:39:59.953Z]       Compatibility with CMake < 2.8.12 will be removed from a future version of
[2023-12-21T22:39:59.953Z]       CMake.
[2023-12-21T22:39:59.953Z]     
[2023-12-21T22:39:59.953Z]       Update the VERSION argument <min> value or use a ...<max> suffix to tell
[2023-12-21T22:39:59.953Z]       CMake that the project does not need compatibility with older versions.
[2023-12-21T22:39:59.953Z]     
[2023-12-21T22:39:59.953Z]     
[2023-12-21T22:39:59.953Z]     -- Found PythonInterp: /usr/local/bin/python (found version "3.10.6")
[2023-12-21T22:39:59.953Z]     -- Looking for pthread.h
[2023-12-21T22:39:59.953Z]     -- Looking for pthread.h - found
[2023-12-21T22:39:59.953Z]     -- Performing Test CMAKE_HAVE_LIBC_PTHREAD
[2023-12-21T22:39:59.953Z]     -- Performing Test CMAKE_HAVE_LIBC_PTHREAD - Success
[2023-12-21T22:39:59.953Z]     -- Found Threads: TRUE
[2023-12-21T22:39:59.953Z]     -- Configuring done
[2023-12-21T22:39:59.953Z]     -- Generating done
[2023-12-21T22:39:59.953Z]     -- Build files have been written to: /Volumes/DATA/local/S/jenkins/workspace/ECP/ecg-maya-hydra/ecg-maya-hydra-branch-preflight-python3-osx/build/Debug/googletest-build
[2023-12-21T22:40:02.395Z]     [6/8] Performing build step for 'googletest'
[2023-12-21T22:40:02.395Z]     [1/4] Building CXX object googletest/CMakeFiles/gtest_main.dir/src/gtest_main.cc.o
[2023-12-21T22:40:02.395Z]     [2/4] Building CXX object googletest/CMakeFiles/gtest.dir/src/gtest-all.cc.o
[2023-12-21T22:40:02.395Z]     [3/4] Linking CXX shared library lib/libgtestd.dylib
[2023-12-21T22:40:02.395Z]     [4/4] Linking CXX shared library lib/libgtest_maind.dylib
[2023-12-21T22:40:02.395Z]     [7/8] Performing install step for 'googletest'
[2023-12-21T22:40:02.395Z]     [0/1] Install the project...
[2023-12-21T22:40:02.395Z]     -- Install configuration: "Debug"
[2023-12-21T22:40:02.395Z]     [8/8] Completed 'googletest'
[2023-12-21T22:40:02.395Z]     -- ========== ...  GoogleTest installed. ==========
[2023-12-21T22:40:02.395Z]     -- Found GTest: /Volumes/DATA/local/S/jenkins/workspace/ECP/ecg-maya-hydra/ecg-maya-hydra-branch-preflight-python3-osx/build/Debug/googletest-install/lib/libgtestd.dylib
[2023-12-21T22:40:02.395Z]     -- promoting: /Volumes/DATA/local/S/jenkins/workspace/ECP/ecg-maya-hydra/ecg-maya-hydra-branch-preflight-python3-osx/ecg-maya-hydra/maya-hydra/lib/mayaHydra/mayaPlugin/pluginUtils.h
[2023-12-21T22:40:02.395Z]     -- promoting: /Volumes/DATA/local/S/jenkins/workspace/ECP/ecg-maya-hydra/ecg-maya-hydra-branch-preflight-python3-osx/ecg-maya-hydra/maya-hydra/lib/mayaHydra/hydraExtensions/api.h
[2023-12-21T22:40:02.395Z]     -- promoting: /Volumes/DATA/local/S/jenkins/workspace/ECP/ecg-maya-hydra/ecg-maya-hydra-branch-preflight-python3-osx/ecg-maya-hydra/maya-hydra/lib/mayaHydra/hydraExtensions/debugCodes.h
[2023-12-21T22:40:02.395Z]     -- promoting: /Volumes/DATA/local/S/jenkins/workspace/ECP/ecg-maya-hydra/ecg-maya-hydra-branch-preflight-python3-osx/ecg-maya-hydra/maya-hydra/lib/mayaHydra/hydraExtensions/hydraUtils.h
[2023-12-21T22:40:02.395Z]     -- promoting: /Volumes/DATA/local/S/jenkins/workspace/ECP/ecg-maya-hydra/ecg-maya-hydra-branch-preflight-python3-osx/ecg-maya-hydra/maya-hydra/lib/mayaHydra/hydraExtensions/mayaHydraLibInterface.h
[2023-12-21T22:40:02.395Z]     -- promoting: /Volumes/DATA/local/S/jenkins/workspace/ECP/ecg-maya-hydra/ecg-maya-hydra-branch-preflight-python3-osx/ecg-maya-hydra/maya-hydra/lib/mayaHydra/hydraExtensions/mayaHydraLibInterfaceImp.h
[2023-12-21T22:40:02.395Z]     -- promoting: /Volumes/DATA/local/S/jenkins/workspace/ECP/ecg-maya-hydra/ecg-maya-hydra-branch-preflight-python3-osx/ecg-maya-hydra/maya-hydra/lib/mayaHydra/hydraExtensions/mayaUtils.h
[2023-12-21T22:40:02.395Z]     -- promoting: /Volumes/DATA/local/S/jenkins/workspace/ECP/ecg-maya-hydra/ecg-maya-hydra-branch-preflight-python3-osx/ecg-maya-hydra/maya-hydra/lib/mayaHydra/hydraExtensions/mixedUtils.h
[2023-12-21T22:40:02.395Z]     -- promoting: /Volumes/DATA/local/S/jenkins/workspace/ECP/ecg-maya-hydra/ecg-maya-hydra-branch-preflight-python3-osx/ecg-maya-hydra/maya-hydra/lib/mayaHydra/hydraExtensions/mayaHydraSceneProducer.h
[2023-12-21T22:40:02.395Z]     -- promoting: /Volumes/DATA/local/S/jenkins/workspace/ECP/ecg-maya-hydra/ecg-maya-hydra-branch-preflight-python3-osx/ecg-maya-hydra/maya-hydra/lib/mayaHydra/hydraExtensions/adapters/adapter.h
[2023-12-21T22:40:02.395Z]     -- promoting: /Volumes/DATA/local/S/jenkins/workspace/ECP/ecg-maya-hydra/ecg-maya-hydra-branch-preflight-python3-osx/ecg-maya-hydra/maya-hydra/lib/mayaHydra/hydraExtensions/adapters/adapterDebugCodes.h
[2023-12-21T22:40:02.395Z]     -- promoting: /Volumes/DATA/local/S/jenkins/workspace/ECP/ecg-maya-hydra/ecg-maya-hydra-branch-preflight-python3-osx/ecg-maya-hydra/maya-hydra/lib/mayaHydra/hydraExtensions/adapters/adapterRegistry.h
[2023-12-21T22:40:02.395Z]     -- promoting: /Volumes/DATA/local/S/jenkins/workspace/ECP/ecg-maya-hydra/ecg-maya-hydra-branch-preflight-python3-osx/ecg-maya-hydra/maya-hydra/lib/mayaHydra/hydraExtensions/adapters/cameraAdapter.h
[2023-12-21T22:40:02.395Z]     -- promoting: /Volumes/DATA/local/S/jenkins/workspace/ECP/ecg-maya-hydra/ecg-maya-hydra-branch-preflight-python3-osx/ecg-maya-hydra/maya-hydra/lib/mayaHydra/hydraExtensions/adapters/constantShadowMatrix.h
[2023-12-21T22:40:02.395Z]     -- promoting: /Volumes/DATA/local/S/jenkins/workspace/ECP/ecg-maya-hydra/ecg-maya-hydra-branch-preflight-python3-osx/ecg-maya-hydra/maya-hydra/lib/mayaHydra/hydraExtensions/adapters/dagAdapter.h
[2023-12-21T22:40:02.395Z]     -- promoting: /Volumes/DATA/local/S/jenkins/workspace/ECP/ecg-maya-hydra/ecg-maya-hydra-branch-preflight-python3-osx/ecg-maya-hydra/maya-hydra/lib/mayaHydra/hydraExtensions/adapters/renderItemAdapter.h
[2023-12-21T22:40:02.395Z]     -- promoting: /Volumes/DATA/local/S/jenkins/workspace/ECP/ecg-maya-hydra/ecg-maya-hydra-branch-preflight-python3-osx/ecg-maya-hydra/maya-hydra/lib/mayaHydra/hydraExtensions/adapters/lightAdapter.h
[2023-12-21T22:40:02.395Z]     -- promoting: /Volumes/DATA/local/S/jenkins/workspace/ECP/ecg-maya-hydra/ecg-maya-hydra-branch-preflight-python3-osx/ecg-maya-hydra/maya-hydra/lib/mayaHydra/hydraExtensions/adapters/materialAdapter.h
[2023-12-21T22:40:02.395Z]     -- promoting: /Volumes/DATA/local/S/jenkins/workspace/ECP/ecg-maya-hydra/ecg-maya-hydra-branch-preflight-python3-osx/ecg-maya-hydra/maya-hydra/lib/mayaHydra/hydraExtensions/adapters/materialNetworkConverter.h
[2023-12-21T22:40:02.395Z]     -- promoting: /Volumes/DATA/local/S/jenkins/workspace/ECP/ecg-maya-hydra/ecg-maya-hydra-branch-preflight-python3-osx/ecg-maya-hydra/maya-hydra/lib/mayaHydra/hydraExtensions/adapters/mayaAttrs.h
[2023-12-21T22:40:02.395Z]     -- promoting: /Volumes/DATA/local/S/jenkins/workspace/ECP/ecg-maya-hydra/ecg-maya-hydra-branch-preflight-python3-osx/ecg-maya-hydra/maya-hydra/lib/mayaHydra/hydraExtensions/adapters/shapeAdapter.h
[2023-12-21T22:40:02.395Z]     -- promoting: /Volumes/DATA/local/S/jenkins/workspace/ECP/ecg-maya-hydra/ecg-maya-hydra-branch-preflight-python3-osx/ecg-maya-hydra/maya-hydra/lib/mayaHydra/hydraExtensions/adapters/tokens.h
[2023-12-21T22:40:02.395Z]     -- promoting: /Volumes/DATA/local/S/jenkins/workspace/ECP/ecg-maya-hydra/ecg-maya-hydra-branch-preflight-python3-osx/ecg-maya-hydra/maya-hydra/lib/mayaHydra/hydraExtensions/delegates/delegate.h
[2023-12-21T22:40:02.395Z]     -- promoting: /Volumes/DATA/local/S/jenkins/workspace/ECP/ecg-maya-hydra/ecg-maya-hydra-branch-preflight-python3-osx/ecg-maya-hydra/maya-hydra/lib/mayaHydra/hydraExtensions/delegates/delegateCtx.h
[2023-12-21T22:40:02.395Z]     -- promoting: /Volumes/DATA/local/S/jenkins/workspace/ECP/ecg-maya-hydra/ecg-maya-hydra-branch-preflight-python3-osx/ecg-maya-hydra/maya-hydra/lib/mayaHydra/hydraExtensions/delegates/delegateDebugCodes.h
[2023-12-21T22:40:02.395Z]     -- promoting: /Volumes/DATA/local/S/jenkins/workspace/ECP/ecg-maya-hydra/ecg-maya-hydra-branch-preflight-python3-osx/ecg-maya-hydra/maya-hydra/lib/mayaHydra/hydraExtensions/delegates/delegateRegistry.h
[2023-12-21T22:40:02.395Z]     -- promoting: /Volumes/DATA/local/S/jenkins/workspace/ECP/ecg-maya-hydra/ecg-maya-hydra-branch-preflight-python3-osx/ecg-maya-hydra/maya-hydra/lib/mayaHydra/hydraExtensions/delegates/params.h
[2023-12-21T22:40:02.395Z]     -- promoting: /Volumes/DATA/local/S/jenkins/workspace/ECP/ecg-maya-hydra/ecg-maya-hydra-branch-preflight-python3-osx/ecg-maya-hydra/maya-hydra/lib/mayaHydra/hydraExtensions/delegates/sceneDelegate.h
[2023-12-21T22:40:02.395Z]     -- promoting: /Volumes/DATA/local/S/jenkins/workspace/ECP/ecg-maya-hydra/ecg-maya-hydra-branch-preflight-python3-osx/ecg-maya-hydra/maya-hydra/lib/mayaHydra/hydraExtensions/delegates/defaultLightDelegate.h
[2023-12-21T22:40:02.395Z]     -- promoting: /Volumes/DATA/local/S/jenkins/workspace/ECP/ecg-maya-hydra/ecg-maya-hydra-branch-preflight-python3-osx/ecg-maya-hydra/maya-hydra/lib/mayaHydra/hydraExtensions/delegates/testDelegate.h
[2023-12-21T22:40:02.395Z]     -- promoting: /Volumes/DATA/local/S/jenkins/workspace/ECP/ecg-maya-hydra/ecg-maya-hydra-branch-preflight-python3-osx/ecg-maya-hydra/maya-hydra/lib/mayaHydra/hydraExtensions/sceneIndex/registration.h
[2023-12-21T22:40:02.395Z]     -- promoting: /Volumes/DATA/local/S/jenkins/workspace/ECP/ecg-maya-hydra/ecg-maya-hydra-branch-preflight-python3-osx/ecg-maya-hydra/maya-hydra/lib/mayaHydra/hydraExtensions/sceneIndex/mayaHydraSceneIndex.h
[2023-12-21T22:40:02.395Z]     -- promoting: /Volumes/DATA/local/S/jenkins/workspace/ECP/ecg-maya-hydra/ecg-maya-hydra-branch-preflight-python3-osx/ecg-maya-hydra/maya-hydra/lib/mayaHydra/hydraExtensions/sceneIndex/mayaHydraDataSource.h
[2023-12-21T22:40:02.395Z]     -- promoting: /Volumes/DATA/local/S/jenkins/workspace/ECP/ecg-maya-hydra/ecg-maya-hydra-branch-preflight-python3-osx/ecg-maya-hydra/maya-hydra/lib/mayaHydra/hydraExtensions/sceneIndex/mayaHydraPrimvarDataSource.h
[2023-12-21T22:40:02.395Z]     -- promoting: /Volumes/DATA/local/S/jenkins/workspace/ECP/ecg-maya-hydra/ecg-maya-hydra-branch-preflight-python3-osx/ecg-maya-hydra/maya-hydra/lib/mayaHydra/hydraExtensions/sceneIndex/mayaHydraDisplayStyleDataSource.h
[2023-12-21T22:40:02.395Z]     -- promoting: /Volumes/DATA/local/S/jenkins/workspace/ECP/ecg-maya-hydra/ecg-maya-hydra-branch-preflight-python3-osx/ecg-maya-hydra/maya-hydra/lib/mayaHydra/hydraExtensions/sceneIndex/mayaHydraCameraDataSource.h
[2023-12-21T22:40:02.395Z]     -- promoting: /Volumes/DATA/local/S/jenkins/workspace/ECP/ecg-maya-hydra/ecg-maya-hydra-branch-preflight-python3-osx/ecg-maya-hydra/maya-hydra/lib/mayaHydra/hydraExtensions/sceneIndex/mayaHydraLightDataSource.h
[2023-12-21T22:40:02.395Z]     -- promoting: /Volumes/DATA/local/S/jenkins/workspace/ECP/ecg-maya-hydra/ecg-maya-hydra-branch-preflight-python3-osx/ecg-maya-hydra/maya-hydra/lib/mayaHydra/hydraExtensions/sceneIndex/mayaHydraDefaultLightDataSource.h
[2023-12-21T22:40:02.395Z]     -- promoting: /Volumes/DATA/local/S/jenkins/workspace/ECP/ecg-maya-hydra/ecg-maya-hydra-branch-preflight-python3-osx/ecg-maya-hydra/maya-hydra/lib/mayaHydra/hydraExtensions/sceneIndex/mayaHydraMayaDataProducerSceneIndexData.h
[2023-12-21T22:40:02.395Z]     -- promoting: /Volumes/DATA/local/S/jenkins/workspace/ECP/ecg-maya-hydra/ecg-maya-hydra-branch-preflight-python3-osx/ecg-maya-hydra/maya-hydra/lib/mayaHydra/hydraExtensions/sceneIndex/mayaHydraMayaDataProducerSceneIndexDataConcreteFactory.h
[2023-12-21T22:40:02.395Z]     -- promoting: /Volumes/DATA/local/S/jenkins/workspace/ECP/ecg-maya-hydra/ecg-maya-hydra-branch-preflight-python3-osx/ecg-maya-hydra/maya-hydra/lib/mayaHydra/hydraExtensions/sceneIndex/mayaHydraSceneIndexDataFactoriesSetup.h
[2023-12-21T22:40:02.395Z]     -- promoting: /Volumes/DATA/local/S/jenkins/workspace/ECP/ecg-maya-hydra/ecg-maya-hydra-branch-preflight-python3-osx/ecg-maya-hydra/maya-hydra/lib/mayaHydra/hydraExtensions/sceneIndex/mayaHydraMayaFilteringSceneIndexData.h
[2023-12-21T22:40:02.395Z]     -- promoting: /Volumes/DATA/local/S/jenkins/workspace/ECP/ecg-maya-hydra/ecg-maya-hydra-branch-preflight-python3-osx/ecg-maya-hydra/maya-hydra/lib/mayaHydra/hydraExtensions/sceneIndex/mayaHydraMayaFilteringSceneIndexDataConcreteFactory.h
[2023-12-21T22:40:02.395Z]     -- promoting: /Volumes/DATA/local/S/jenkins/workspace/ECP/ecg-maya-hydra/ecg-maya-hydra-branch-preflight-python3-osx/ecg-maya-hydra/maya-hydra/lib/mayaHydra/ufeExtensions/api.h
[2023-12-21T22:40:02.395Z]     -- promoting: /Volumes/DATA/local/S/jenkins/workspace/ECP/ecg-maya-hydra/ecg-maya-hydra-branch-preflight-python3-osx/ecg-maya-hydra/maya-hydra/lib/mayaHydra/ufeExtensions/Global.h
[2023-12-21T22:40:02.395Z]     -- promoting: /Volumes/DATA/local/S/jenkins/workspace/ECP/ecg-maya-hydra/ecg-maya-hydra-branch-preflight-python3-osx/ecg-maya-hydra/maya-hydra/lib/flowViewport/api.h
[2023-12-21T22:40:02.395Z]     -- promoting: /Volumes/DATA/local/S/jenkins/workspace/ECP/ecg-maya-hydra/ecg-maya-hydra-branch-preflight-python3-osx/ecg-maya-hydra/maya-hydra/lib/flowViewport/debugCodes.h
[2023-12-21T22:40:02.395Z]     -- promoting: /Volumes/DATA/local/S/jenkins/workspace/ECP/ecg-maya-hydra/ecg-maya-hydra-branch-preflight-python3-osx/ecg-maya-hydra/maya-hydra/lib/flowViewport/global.h
[2023-12-21T22:40:02.395Z]     -- promoting: /Volumes/DATA/local/S/jenkins/workspace/ECP/ecg-maya-hydra/ecg-maya-hydra-branch-preflight-python3-osx/ecg-maya-hydra/maya-hydra/lib/flowViewport/tokens.h
[2023-12-21T22:40:02.395Z]     -- promoting: /Volumes/DATA/local/S/jenkins/workspace/ECP/ecg-maya-hydra/ecg-maya-hydra-branch-preflight-python3-osx/ecg-maya-hydra/maya-hydra/lib/flowViewport/colorPreferences/fvpColorChanged.h
[2023-12-21T22:40:02.395Z]     -- promoting: /Volumes/DATA/local/S/jenkins/workspace/ECP/ecg-maya-hydra/ecg-maya-hydra-branch-preflight-python3-osx/ecg-maya-hydra/maya-hydra/lib/flowViewport/colorPreferences/fvpColorPreferences.h
[2023-12-21T22:40:02.395Z]     -- promoting: /Volumes/DATA/local/S/jenkins/workspace/ECP/ecg-maya-hydra/ecg-maya-hydra-branch-preflight-python3-osx/ecg-maya-hydra/maya-hydra/lib/flowViewport/colorPreferences/fvpColorPreferencesTokens.h
[2023-12-21T22:40:02.395Z]     -- promoting: /Volumes/DATA/local/S/jenkins/workspace/ECP/ecg-maya-hydra/ecg-maya-hydra-branch-preflight-python3-osx/ecg-maya-hydra/maya-hydra/lib/flowViewport/colorPreferences/fvpColorPreferencesTranslator.h
[2023-12-21T22:40:02.395Z]     -- promoting: /Volumes/DATA/local/S/jenkins/workspace/ECP/ecg-maya-hydra/ecg-maya-hydra-branch-preflight-python3-osx/ecg-maya-hydra/maya-hydra/lib/flowViewport/sceneIndex/fvpMergingSceneIndex.h
[2023-12-21T22:40:02.395Z]     -- promoting: /Volumes/DATA/local/S/jenkins/workspace/ECP/ecg-maya-hydra/ecg-maya-hydra-branch-preflight-python3-osx/ecg-maya-hydra/maya-hydra/lib/flowViewport/sceneIndex/fvpPathInterface.h
[2023-12-21T22:40:02.395Z]     -- promoting: /Volumes/DATA/local/S/jenkins/workspace/ECP/ecg-maya-hydra/ecg-maya-hydra-branch-preflight-python3-osx/ecg-maya-hydra/maya-hydra/lib/flowViewport/sceneIndex/fvpPathInterfaceSceneIndex.h
[2023-12-21T22:40:02.395Z]     -- promoting: /Volumes/DATA/local/S/jenkins/workspace/ECP/ecg-maya-hydra/ecg-maya-hydra-branch-preflight-python3-osx/ecg-maya-hydra/maya-hydra/lib/flowViewport/sceneIndex/fvpRenderIndexProxy.h
[2023-12-21T22:40:02.395Z]     -- promoting: /Volumes/DATA/local/S/jenkins/workspace/ECP/ecg-maya-hydra/ecg-maya-hydra-branch-preflight-python3-osx/ecg-maya-hydra/maya-hydra/lib/flowViewport/sceneIndex/fvpRenderIndexProxyFwd.h
[2023-12-21T22:40:02.395Z]     -- promoting: /Volumes/DATA/local/S/jenkins/workspace/ECP/ecg-maya-hydra/ecg-maya-hydra-branch-preflight-python3-osx/ecg-maya-hydra/maya-hydra/lib/flowViewport/sceneIndex/fvpSelectionSceneIndex.h
[2023-12-21T22:40:02.395Z]     -- promoting: /Volumes/DATA/local/S/jenkins/workspace/ECP/ecg-maya-hydra/ecg-maya-hydra-branch-preflight-python3-osx/ecg-maya-hydra/maya-hydra/lib/flowViewport/sceneIndex/fvpWireframeSelectionHighlightSceneIndex.h
[2023-12-21T22:40:02.395Z]     -- promoting: /Volumes/DATA/local/S/jenkins/workspace/ECP/ecg-maya-hydra/ecg-maya-hydra-branch-preflight-python3-osx/ecg-maya-hydra/maya-hydra/lib/flowViewport/sceneIndex/fvpParentDataModifierSceneIndex.h
[2023-12-21T22:40:02.395Z]     -- promoting: /Volumes/DATA/local/S/jenkins/workspace/ECP/ecg-maya-hydra/ecg-maya-hydra-branch-preflight-python3-osx/ecg-maya-hydra/maya-hydra/lib/flowViewport/API/fvpSelectionClient.h
[2023-12-21T22:40:02.395Z]     -- promoting: /Volumes/DATA/local/S/jenkins/workspace/ECP/ecg-maya-hydra/ecg-maya-hydra-branch-preflight-python3-osx/ecg-maya-hydra/maya-hydra/lib/flowViewport/API/fvpSelectionInterface.h
[2023-12-21T22:40:02.395Z]     -- promoting: /Volumes/DATA/local/S/jenkins/workspace/ECP/ecg-maya-hydra/ecg-maya-hydra-branch-preflight-python3-osx/ecg-maya-hydra/maya-hydra/lib/flowViewport/API/fvpVersionInterface.h
[2023-12-21T22:40:02.395Z]     -- promoting: /Volumes/DATA/local/S/jenkins/workspace/ECP/ecg-maya-hydra/ecg-maya-hydra-branch-preflight-python3-osx/ecg-maya-hydra/maya-hydra/lib/flowViewport/API/fvpInformationInterface.h
[2023-12-21T22:40:02.395Z]     -- promoting: /Volumes/DATA/local/S/jenkins/workspace/ECP/ecg-maya-hydra/ecg-maya-hydra-branch-preflight-python3-osx/ecg-maya-hydra/maya-hydra/lib/flowViewport/API/fvpInformationClient.h
[2023-12-21T22:40:02.395Z]     -- promoting: /Volumes/DATA/local/S/jenkins/workspace/ECP/ecg-maya-hydra/ecg-maya-hydra-branch-preflight-python3-osx/ecg-maya-hydra/maya-hydra/lib/flowViewport/API/fvpDataProducerSceneIndexInterface.h
[2023-12-21T22:40:02.395Z]     -- promoting: /Volumes/DATA/local/S/jenkins/workspace/ECP/ecg-maya-hydra/ecg-maya-hydra-branch-preflight-python3-osx/ecg-maya-hydra/maya-hydra/lib/flowViewport/API/fvpFilteringSceneIndexClient.h
[2023-12-21T22:40:02.395Z]     -- promoting: /Volumes/DATA/local/S/jenkins/workspace/ECP/ecg-maya-hydra/ecg-maya-hydra-branch-preflight-python3-osx/ecg-maya-hydra/maya-hydra/lib/flowViewport/API/fvpFilteringSceneIndexClientFwd.h
[2023-12-21T22:40:02.395Z]     -- promoting: /Volumes/DATA/local/S/jenkins/workspace/ECP/ecg-maya-hydra/ecg-maya-hydra-branch-preflight-python3-osx/ecg-maya-hydra/maya-hydra/lib/flowViewport/API/fvpFilteringSceneIndexInterface.h
[2023-12-21T22:40:02.395Z]     -- promoting: /Volumes/DATA/local/S/jenkins/workspace/ECP/ecg-maya-hydra/ecg-maya-hydra-branch-preflight-python3-osx/ecg-maya-hydra/maya-hydra/lib/flowViewport/API/fvpViewportAPITokens.h
[2023-12-21T22:40:02.395Z]     -- promoting: /Volumes/DATA/local/S/jenkins/workspace/ECP/ecg-maya-hydra/ecg-maya-hydra-branch-preflight-python3-osx/ecg-maya-hydra/maya-hydra/lib/flowViewport/API/interfacesImp/fvpSelectionInterfaceImp.h
[2023-12-21T22:40:02.396Z]     -- promoting: /Volumes/DATA/local/S/jenkins/workspace/ECP/ecg-maya-hydra/ecg-maya-hydra-branch-preflight-python3-osx/ecg-maya-hydra/maya-hydra/lib/flowViewport/API/interfacesImp/fvpVersionInterfaceImp.h
[2023-12-21T22:40:02.396Z]     -- promoting: /Volumes/DATA/local/S/jenkins/workspace/ECP/ecg-maya-hydra/ecg-maya-hydra-branch-preflight-python3-osx/ecg-maya-hydra/maya-hydra/lib/flowViewport/API/interfacesImp/fvpInformationInterfaceImp.h
[2023-12-21T22:40:02.396Z]     -- promoting: /Volumes/DATA/local/S/jenkins/workspace/ECP/ecg-maya-hydra/ecg-maya-hydra-branch-preflight-python3-osx/ecg-maya-hydra/maya-hydra/lib/flowViewport/API/interfacesImp/fvpDataProducerSceneIndexInterfaceImp.h
[2023-12-21T22:40:02.396Z]     -- promoting: /Volumes/DATA/local/S/jenkins/workspace/ECP/ecg-maya-hydra/ecg-maya-hydra-branch-preflight-python3-osx/ecg-maya-hydra/maya-hydra/lib/flowViewport/API/interfacesImp/fvpFilteringSceneIndexInterfaceImp.h
[2023-12-21T22:40:02.396Z]     -- promoting: /Volumes/DATA/local/S/jenkins/workspace/ECP/ecg-maya-hydra/ecg-maya-hydra-branch-preflight-python3-osx/ecg-maya-hydra/maya-hydra/lib/flowViewport/API/samples/fvpSelectionClientExample.h
[2023-12-21T22:40:02.396Z]     -- promoting: /Volumes/DATA/local/S/jenkins/workspace/ECP/ecg-maya-hydra/ecg-maya-hydra-branch-preflight-python3-osx/ecg-maya-hydra/maya-hydra/lib/flowViewport/API/samples/fvpInformationClientExample.h
[2023-12-21T22:40:02.396Z]     -- promoting: /Volumes/DATA/local/S/jenkins/workspace/ECP/ecg-maya-hydra/ecg-maya-hydra-branch-preflight-python3-osx/ecg-maya-hydra/maya-hydra/lib/flowViewport/API/samples/fvpDataProducerSceneIndexExample.h
[2023-12-21T22:40:02.396Z]     -- promoting: /Volumes/DATA/local/S/jenkins/workspace/ECP/ecg-maya-hydra/ecg-maya-hydra-branch-preflight-python3-osx/ecg-maya-hydra/maya-hydra/lib/flowViewport/API/samples/fvpFilteringSceneIndexExample.h
[2023-12-21T22:40:02.396Z]     -- promoting: /Volumes/DATA/local/S/jenkins/workspace/ECP/ecg-maya-hydra/ecg-maya-hydra-branch-preflight-python3-osx/ecg-maya-hydra/maya-hydra/lib/flowViewport/API/samples/fvpFilteringSceneIndexClientExample.h
[2023-12-21T22:40:02.396Z]     -- promoting: /Volumes/DATA/local/S/jenkins/workspace/ECP/ecg-maya-hydra/ecg-maya-hydra-branch-preflight-python3-osx/ecg-maya-hydra/maya-hydra/lib/flowViewport/API/perViewportSceneIndicesData/fvpViewportInformationAndSceneIndicesPerViewportData.h
[2023-12-21T22:40:02.396Z]     -- promoting: /Volumes/DATA/local/S/jenkins/workspace/ECP/ecg-maya-hydra/ecg-maya-hydra-branch-preflight-python3-osx/ecg-maya-hydra/maya-hydra/lib/flowViewport/API/perViewportSceneIndicesData/fvpViewportInformationAndSceneIndicesPerViewportDataManager.h
[2023-12-21T22:40:02.396Z]     -- promoting: /Volumes/DATA/local/S/jenkins/workspace/ECP/ecg-maya-hydra/ecg-maya-hydra-branch-preflight-python3-osx/ecg-maya-hydra/maya-hydra/lib/flowViewport/API/perViewportSceneIndicesData/fvpDataProducerSceneIndexDataAbstractFactory.h
[2023-12-21T22:40:02.396Z]     -- promoting: /Volumes/DATA/local/S/jenkins/workspace/ECP/ecg-maya-hydra/ecg-maya-hydra-branch-preflight-python3-osx/ecg-maya-hydra/maya-hydra/lib/flowViewport/API/perViewportSceneIndicesData/fvpDataProducerSceneIndexDataBase.h
[2023-12-21T22:40:02.396Z]     -- promoting: /Volumes/DATA/local/S/jenkins/workspace/ECP/ecg-maya-hydra/ecg-maya-hydra-branch-preflight-python3-osx/ecg-maya-hydra/maya-hydra/lib/flowViewport/API/perViewportSceneIndicesData/fvpFilteringSceneIndexDataAbstractFactory.h
[2023-12-21T22:40:02.396Z]     -- promoting: /Volumes/DATA/local/S/jenkins/workspace/ECP/ecg-maya-hydra/ecg-maya-hydra-branch-preflight-python3-osx/ecg-maya-hydra/maya-hydra/lib/flowViewport/API/perViewportSceneIndicesData/fvpFilteringSceneIndexDataBase.h
[2023-12-21T22:40:02.396Z]     -- promoting: /Volumes/DATA/local/S/jenkins/workspace/ECP/ecg-maya-hydra/ecg-maya-hydra-branch-preflight-python3-osx/ecg-maya-hydra/maya-hydra/lib/flowViewport/API/perViewportSceneIndicesData/fvpFilteringSceneIndicesChainManager.h
[2023-12-21T22:40:02.396Z]     -- promoting: /Volumes/DATA/local/S/jenkins/workspace/ECP/ecg-maya-hydra/ecg-maya-hydra-branch-preflight-python3-osx/ecg-maya-hydra/maya-hydra/lib/flowViewport/selection/fvpSelection.h
[2023-12-21T22:40:02.396Z]     -- promoting: /Volumes/DATA/local/S/jenkins/workspace/ECP/ecg-maya-hydra/ecg-maya-hydra-branch-preflight-python3-osx/ecg-maya-hydra/maya-hydra/lib/flowViewport/selection/fvpSelectionFwd.h
[2023-12-21T22:40:02.396Z]     -- promoting: /Volumes/DATA/local/S/jenkins/workspace/ECP/ecg-maya-hydra/ecg-maya-hydra-branch-preflight-python3-osx/ecg-maya-hydra/maya-hydra/lib/flowViewport/selection/fvpSelectionTask.h
[2023-12-21T22:40:02.396Z]     -- promoting: /Volumes/DATA/local/S/jenkins/workspace/ECP/ecg-maya-hydra/ecg-maya-hydra-branch-preflight-python3-osx/ecg-maya-hydra/maya-hydra/lib/flowViewport/selection/fvpSelectionTracker.h
[2023-12-21T22:40:02.922Z]     -- Configuring done
[2023-12-21T22:40:03.449Z]     -- Generating done
[2023-12-21T22:40:03.449Z]     -- Build files have been written to: /Volumes/DATA/local/S/jenkins/workspace/ECP/ecg-maya-hydra/ecg-maya-hydra-branch-preflight-python3-osx/build/Debug
[2023-12-21T22:40:03.449Z]     
[2023-12-21T22:40:03.449Z]         Building with settings:
[2023-12-21T22:40:03.449Z]           Source directory          /Volumes/DATA/local/S/jenkins/workspace/ECP/ecg-maya-hydra/ecg-maya-hydra-branch-preflight-python3-osx/ecg-maya-hydra/maya-hydra
[2023-12-21T22:40:03.449Z]           Workspace directory       /local/S/jenkins/workspace/ECP/ecg-maya-hydra/ecg-maya-hydra-branch-preflight-python3-osx
[2023-12-21T22:40:03.449Z]           Build directory           /local/S/jenkins/workspace/ECP/ecg-maya-hydra/ecg-maya-hydra-branch-preflight-python3-osx/build/Debug
[2023-12-21T22:40:03.449Z]           Install directory         /local/S/jenkins/workspace/ECP/ecg-maya-hydra/ecg-maya-hydra-branch-preflight-python3-osx/install/Debug/MayaHydra
[2023-12-21T22:40:03.449Z]           Variant                   Debug
[2023-12-21T22:40:03.449Z]           Python Debug              Off
[2023-12-21T22:40:03.449Z]           CMake generator           Ninja
[2023-12-21T22:40:03.449Z]           Build arguments           ['-DCMAKE_MAKE_PROGRAM=/local/S/jenkins/workspace/shared/Artifactory/OSX/ninja/1.10.2/95d0ca5/ninja', '-DPYTHON_INCLUDE_DIR=/local/S/jenkins/workspace/shared/Artifactory/OSX/rundev-master-debug/202312201610/runtime/baf0e83/runTime/Maya.app/Contents/Frameworks/Python.framework/Versions/Current/include/python3.11', '-DPython_EXECUTABLE=/local/S/jenkins/workspace/shared/Artifactory/OSX/rundev-master-debug/202312201610/runtime/baf0e83/runTime/Maya.app/Contents/bin/mayapy', '-DPYTHON_LIBRARIES=/local/S/jenkins/workspace/shared/Artifactory/OSX/rundev-master-debug/202312201610/runtime/baf0e83/runTime/Maya.app/Contents/Frameworks/Python.framework/Versions/Current/lib/libpython3.11.dylib', '-DBUILD_WITH_PYTHON_3_VERSION=3.11', '-DBUILD_UB2=ON', '-DCMAKE_WANT_MATERIALX_BUILD=ON', '-DCMAKE_PREFIX_PATH=/local/S/jenkins/workspace/shared/Artifactory/OSX/USD/ca7f6ed', '-DMAYAHYDRA_BUILD_NUMBER=448', '-DMAYAHYDRA_GIT_COMMIT=1be3443e013ca402751b5b0249ba2bcb785b9eca', '-DMAYAHYDRA_GIT_BRANCH=master', '-DMAYAUSD_LOCATION=/local/S/jenkins/workspace/shared/Artifactory/OSX/mayausd-cotd-debug/202311222325/runtime/bd49faa/mayausd']
[2023-12-21T22:40:03.449Z]           Stages arguments          ['configure']
[2023-12-21T22:40:03.449Z]           CTest arguments           ['--parallel 8']
[2023-12-21T22:40:03.449Z]     STATUS: Could not find Maya Qt6.
[2023-12-21T22:40:03.449Z]     STATUS:   Extracting '/local/S/jenkins/workspace/shared/Artifactory/OSX/rundev-master-debug/202312201610/runtime/baf0e83/devkitBase/Qt.tgz' to '/local/S/jenkins/workspace/shared/Artifactory/OSX/rundev-master-debug/202312201610/runtime/baf0e83/devkitBase'
[2023-12-21T22:40:03.449Z]     Success MayaHydra build and install !!!!
[2023-12-21T22:40:03.449Z]     Elapsed time: 00:00:08
[Pipeline] sh
[2023-12-21T22:40:04.745Z] + python ecg-maya-hydra/build.py --stages=configure --workspace-dir=/local/S/jenkins/workspace/ECP/ecg-maya-hydra/ecg-maya-hydra-branch-preflight-python3-osx --artifactory-dir=/local/S/jenkins/workspace/shared/Artifactory --build-dir=/local/S/jenkins/workspace/ECP/ecg-maya-hydra/ecg-maya-hydra-branch-preflight-python3-osx/build --install-dir=/local/S/jenkins/workspace/ECP/ecg-maya-hydra/ecg-maya-hydra-branch-preflight-python3-osx/install --signing-dir=/local/S/jenkins/workspace/ECP/ecg-maya-hydra/ecg-maya-hydra-branch-preflight-python3-osx/signing --package-dir=/local/S/jenkins/workspace/ECP/ecg-maya-hydra/ecg-maya-hydra-branch-preflight-python3-osx/package --output-dir=/local/S/jenkins/workspace/ECP/ecg-maya-hydra/ecg-maya-hydra-branch-preflight-python3-osx/output --stash-dir=/local/S/jenkins/workspace/ECP/ecg-maya-hydra/ecg-maya-hydra-branch-preflight-python3-osx/stash --jenkins-build=448 --git-commit=1be3443e013ca402751b5b0249ba2bcb785b9eca --git-branch=master --variants=RelWithDebInfo --interactive-tests=true --post-zips=false --osx-binary-architecture-target=ub2 --osx-deployment-target=11.0 --osx-base-sdk=CurrentActiveSDK --maya-cut-config=maya-rundev-master.yaml --maya-package=rundev-master --stage-banner
[2023-12-21T22:40:04.745Z] Using Maya cut from /local/S/jenkins/workspace/shared/Artifactory/OSX/rundev-master/202312201610/runtime/d0a18d0
[2023-12-21T22:40:04.745Z] Using Maya ADSK Signatures from /local/S/jenkins/workspace/shared/Artifactory/OSX/adsk-plugin-signatures-maya/2023/3ae1ae7
[2023-12-21T22:40:04.745Z] Using Maya Security Library from /local/S/jenkins/workspace/shared/Artifactory/OSX/maya-security-library/3.4.0/5e08f3e
[2023-12-21T22:40:04.745Z] 
[2023-12-21T22:40:04.745Z] ================================================================================
[2023-12-21T22:40:04.745Z]                            configure (RelWithDebInfo)
[2023-12-21T22:40:04.745Z] ================================================================================
[2023-12-21T22:40:04.745Z] Maya Python RelWithDebInfo Info:
[2023-12-21T22:40:04.745Z]   mayapy executable   = /local/S/jenkins/workspace/shared/Artifactory/OSX/rundev-master/202312201610/runtime/d0a18d0/runTime/Maya.app/Contents/bin/mayapy
[2023-12-21T22:40:04.745Z]   Include Folder      = /local/S/jenkins/workspace/shared/Artifactory/OSX/rundev-master/202312201610/runtime/d0a18d0/runTime/Maya.app/Contents/Frameworks/Python.framework/Versions/Current/include/python3.11
[2023-12-21T22:40:04.745Z]   Library             = /local/S/jenkins/workspace/shared/Artifactory/OSX/rundev-master/202312201610/runtime/d0a18d0/runTime/Maya.app/Contents/Frameworks/Python.framework/Versions/Current/lib/libpython3.11.dylib
[2023-12-21T22:40:04.745Z]   site-package Folder = /local/S/jenkins/workspace/shared/Artifactory/OSX/rundev-master/202312201610/runtime/d0a18d0/runTime/Maya.app/Contents/Frameworks/Python.framework/Versions/Current/lib/python3.11/site-packages
[2023-12-21T22:40:05.269Z] In workdir: /Volumes/DATA/local/S/jenkins/workspace/ECP/ecg-maya-hydra/ecg-maya-hydra-branch-preflight-python3-osx/ecg-maya-hydra/maya-hydra
[2023-12-21T22:40:05.269Z] Executing: arch -arch arm64 /local/S/jenkins/workspace/shared/Artifactory/OSX/rundev-master/202312201610/runtime/d0a18d0/runTime/Maya.app/Contents/bin/mayapy /Volumes/DATA/local/S/jenkins/workspace/ECP/ecg-maya-hydra/ecg-maya-hydra-branch-preflight-python3-osx/ecg-maya-hydra/maya-hydra/build.py --generator Ninja --build-relwithdebug --maya-location /local/S/jenkins/workspace/shared/Artifactory/OSX/rundev-master/202312201610/runtime/d0a18d0/runTime --devkit-location /local/S/jenkins/workspace/shared/Artifactory/OSX/rundev-master/202312201610/runtime/d0a18d0/devkitBase --pxrusd-location /local/S/jenkins/workspace/shared/Artifactory/OSX/USD/8270819 --build-args=-DCMAKE_MAKE_PROGRAM=/local/S/jenkins/workspace/shared/Artifactory/OSX/ninja/1.10.2/95d0ca5/ninja,-DPYTHON_INCLUDE_DIR=/local/S/jenkins/workspace/shared/Artifactory/OSX/rundev-master/202312201610/runtime/d0a18d0/runTime/Maya.app/Contents/Frameworks/Python.framework/Versions/Current/include/python3.11,-DPython_EXECUTABLE=/local/S/jenkins/workspace/shared/Artifactory/OSX/rundev-master/202312201610/runtime/d0a18d0/runTime/Maya.app/Contents/bin/mayapy,-DPYTHON_LIBRARIES=/local/S/jenkins/workspace/shared/Artifactory/OSX/rundev-master/202312201610/runtime/d0a18d0/runTime/Maya.app/Contents/Frameworks/Python.framework/Versions/Current/lib/libpython3.11.dylib,-DBUILD_WITH_PYTHON_3_VERSION=3.11,-DBUILD_UB2=ON,-DCMAKE_WANT_MATERIALX_BUILD=ON,-DCMAKE_PREFIX_PATH=/local/S/jenkins/workspace/shared/Artifactory/OSX/USD/8270819,-DMAYAHYDRA_BUILD_NUMBER=448,-DMAYAHYDRA_GIT_COMMIT=1be3443e013ca402751b5b0249ba2bcb785b9eca,-DMAYAHYDRA_GIT_BRANCH=master,-DMAYAUSD_LOCATION=/local/S/jenkins/workspace/shared/Artifactory/OSX/mayausd-cotd/202311202320/runtime/a0893a4/mayausd '--ctest-args=--parallel 8' --stages=configure --redirect-outstream-file=False --install-location /local/S/jenkins/workspace/ECP/ecg-maya-hydra/ecg-maya-hydra-branch-preflight-python3-osx/install/RelWithDebInfo/MayaHydra /local/S/jenkins/workspace/ECP/ecg-maya-hydra/ecg-maya-hydra-branch-preflight-python3-osx
[2023-12-21T22:40:05.269Z] Modified environment variables:
[2023-12-21T22:40:05.269Z]     PATH=/local/S/jenkins/workspace/shared/Artifactory/OSX/cmake/3.20.3/2594509/bin:/opt/homebrew/bin:/usr/local/bin:/bin:/usr/sbin:/sbin:/usr/bin:/usr/bin:/bin:/usr/sbin:/sbin
[2023-12-21T22:40:16.437Z]     -- The C compiler identification is AppleClang 13.1.6.13160021
[2023-12-21T22:40:16.437Z]     -- The CXX compiler identification is AppleClang 13.1.6.13160021
[2023-12-21T22:40:16.437Z]     -- Detecting C compiler ABI info
[2023-12-21T22:40:16.437Z]     -- Detecting C compiler ABI info - done
[2023-12-21T22:40:16.437Z]     -- Check for working C compiler: /Applications/Xcode.app/Contents/Developer/Toolchains/XcodeDefault.xctoolchain/usr/bin/cc - skipped
[2023-12-21T22:40:16.437Z]     -- Detecting C compile features
[2023-12-21T22:40:16.437Z]     -- Detecting C compile features - done
[2023-12-21T22:40:16.437Z]     -- Detecting CXX compiler ABI info
[2023-12-21T22:40:16.437Z]     -- Detecting CXX compiler ABI info - done
[2023-12-21T22:40:16.437Z]     -- Check for working CXX compiler: /Applications/Xcode.app/Contents/Developer/Toolchains/XcodeDefault.xctoolchain/usr/bin/c++ - skipped
[2023-12-21T22:40:16.437Z]     -- Detecting CXX compile features
[2023-12-21T22:40:16.437Z]     -- Detecting CXX compile features - done
[2023-12-21T22:40:16.437Z]     -- Building with Universal Binary 2
[2023-12-21T22:40:16.437Z]     -- Using Maya Light API Version 3
[2023-12-21T22:40:16.437Z]     -- Maya has setDefaultMaterialHandling API
[2023-12-21T22:40:16.437Z]     -- Maya has new point snapping API
[2023-12-21T22:40:16.437Z]     -- Maya has isInCrashHandler API
[2023-12-21T22:40:16.437Z]     -- Maya has getDisplayStyleOfAllViewports API
[2023-12-21T22:40:16.437Z]     -- Maya array iterator has difference_type trait
[2023-12-21T22:40:16.437Z]     -- MFnSet has getMemberPaths function
[2023-12-21T22:40:16.437Z]     -- MFnDisplayLayer exists
[2023-12-21T22:40:16.437Z]     -- MDisplayLayerMessage has MDisplayLayerMemberChangedFunction
[2023-12-21T22:40:16.437Z]     -- MRenderItem has HideOnPlayback API
[2023-12-21T22:40:16.437Z]     -- MacOSX: Maya was built with Universal Binary 2 (x86_64/arm64)
[2023-12-21T22:40:16.437Z]     -- Found Maya: /local/S/jenkins/workspace/shared/Artifactory/OSX/rundev-master/202312201610/runtime/d0a18d0/runTime/maya.app/Contents/MacOS/Maya (found suitable version "2025", minimum required is "2024")
[2023-12-21T22:40:16.964Z]     -- Found Python: /local/S/jenkins/workspace/shared/Artifactory/OSX/rundev-master/202312201610/runtime/d0a18d0/runTime/Maya.app/Contents/bin/mayapy (found suitable exact version "3.11.4") found components: Interpreter
[2023-12-21T22:40:16.964Z]     -- Build mayaHydra with Python3 = 3.11
[2023-12-21T22:40:16.964Z]     --    PYTHON_INCLUDE_DIRS = /local/S/jenkins/workspace/shared/Artifactory/OSX/rundev-master/202312201610/runtime/d0a18d0/runTime/Maya.app/Contents/Frameworks/Python.framework/Versions/Current/include/python3.11
[2023-12-21T22:40:16.964Z]     --    PYTHON_LIBRARIES    = /local/S/jenkins/workspace/shared/Artifactory/OSX/rundev-master/202312201610/runtime/d0a18d0/runTime/Maya.app/Contents/Frameworks/Python.framework/Versions/Current/lib/libpython3.11.dylib
[2023-12-21T22:40:16.964Z]     --    Python_EXECUTABLE   = /local/S/jenkins/workspace/shared/Artifactory/OSX/rundev-master/202312201610/runtime/d0a18d0/runTime/Maya.app/Contents/bin/mayapy
[2023-12-21T22:40:16.964Z]     -- Found Python3: /local/S/jenkins/workspace/shared/Artifactory/OSX/rundev-master/202312201610/runtime/d0a18d0/runTime/Maya.app/Contents/Frameworks/Python.framework/Versions/Current/include/python3.11 (found suitable exact version "3.11.4") found components: Development Development.Module Development.Embed
[2023-12-21T22:40:16.964Z]     -- USD has new Sdr.PropertyTypes.Color4
[2023-12-21T22:40:16.964Z]     -- USD has MaterialX metadata support
[2023-12-21T22:40:16.964Z]     -- USD include dir: /local/S/jenkins/workspace/shared/Artifactory/OSX/USD/8270819/include
[2023-12-21T22:40:16.964Z]     -- USD library dir: /local/S/jenkins/workspace/shared/Artifactory/OSX/USD/8270819/lib
[2023-12-21T22:40:16.964Z]     -- USD version: 0.23.11
[2023-12-21T22:40:16.964Z]     -- Found USD: /local/S/jenkins/workspace/shared/Artifactory/OSX/USD/8270819 (found suitable version "0.23.11", minimum required is "0.22.11")
[2023-12-21T22:40:16.964Z]     Updated PYTHONPATH: /local/S/jenkins/workspace/shared/Artifactory/OSX/USD/8270819/lib/python
[2023-12-21T22:40:16.964Z]     -- Found UFE: /local/S/jenkins/workspace/shared/Artifactory/OSX/rundev-master/202312201610/runtime/d0a18d0/devkitBase/devkit/ufe/include (found version "5.0.0")
[2023-12-21T22:40:16.964Z]     -- UFE include dir: /local/S/jenkins/workspace/shared/Artifactory/OSX/rundev-master/202312201610/runtime/d0a18d0/devkitBase/devkit/ufe/include
[2023-12-21T22:40:16.964Z]     -- UFE library: /local/S/jenkins/workspace/shared/Artifactory/OSX/rundev-master/202312201610/runtime/d0a18d0/devkitBase/devkit/ufe/lib/libufe_5.dylib
[2023-12-21T22:40:16.964Z]     -- UFE version: 5.0.0
[2023-12-21T22:40:16.964Z]     -- Maya has UFE lights API
[2023-12-21T22:40:16.964Z]     -- Maya has UFE scene segment API
[2023-12-21T22:40:16.964Z]     -- Maya has UFE TrieNode childrenComponents accessor
[2023-12-21T22:40:16.964Z]     -- Building with UFE 5.0.0.
[2023-12-21T22:40:16.964Z]     -- Found MaterialX
[2023-12-21T22:40:16.964Z]     -- Performing Test HAVE_STDATOMIC
[2023-12-21T22:40:17.488Z]     -- Performing Test HAVE_STDATOMIC - Success
[2023-12-21T22:40:17.488Z]     -- Found OpenGL: /Applications/Xcode.app/Contents/Developer/Platforms/MacOSX.platform/Developer/SDKs/MacOSX12.3.sdk/System/Library/Frameworks/OpenGL.framework
[2023-12-21T22:40:17.488Z]     -- Check if linker can resolve circular dependencies - TRUE
[2023-12-21T22:40:17.488Z]     -- Found Qt 6.5.3 in Maya devkit. Hydra Scene Browser will be built.
[2023-12-21T22:40:17.488Z]     -- **** Building Gulrak From Github Repository.
[2023-12-21T22:40:17.488Z]     -- Populating gulrak
[2023-12-21T22:40:17.488Z]     -- Configuring done
[2023-12-21T22:40:17.488Z]     -- Generating done
[2023-12-21T22:40:17.488Z]     -- Build files have been written to: /Volumes/DATA/local/S/jenkins/workspace/ECP/ecg-maya-hydra/ecg-maya-hydra-branch-preflight-python3-osx/build/RelWithDebInfo/_deps/gulrak-subbuild
[2023-12-21T22:40:17.488Z]     [1/9] Creating directories for 'gulrak-populate'
[2023-12-21T22:40:17.488Z]     [1/9] Performing download step (git clone) for 'gulrak-populate'
[2023-12-21T22:40:17.488Z]     Cloning into 'gulrak-src'...
[2023-12-21T22:40:18.013Z]     HEAD is now at 4e21ab3 Version bump and updated readme.
[2023-12-21T22:40:18.013Z]     [2/9] Performing update step for 'gulrak-populate'
[2023-12-21T22:40:18.013Z]     [4/9] No patch step for 'gulrak-populate'
[2023-12-21T22:40:18.013Z]     [5/9] No configure step for 'gulrak-populate'
[2023-12-21T22:40:18.013Z]     [6/9] No build step for 'gulrak-populate'
[2023-12-21T22:40:18.013Z]     [7/9] No install step for 'gulrak-populate'
[2023-12-21T22:40:18.013Z]     [8/9] No test step for 'gulrak-populate'
[2023-12-21T22:40:18.013Z]     [9/9] Completed 'gulrak-populate'
[2023-12-21T22:40:18.013Z]     -- ========== Installing GoogleTest... ==========
[2023-12-21T22:40:18.013Z]     -- Configuring done
[2023-12-21T22:40:18.013Z]     -- Generating done
[2023-12-21T22:40:18.013Z]     -- Build files have been written to: /Volumes/DATA/local/S/jenkins/workspace/ECP/ecg-maya-hydra/ecg-maya-hydra-branch-preflight-python3-osx/build/RelWithDebInfo/googletest-config
[2023-12-21T22:40:18.539Z]     [1/8] Creating directories for 'googletest'
[2023-12-21T22:40:19.637Z]     [2/8] Performing download step (git clone) for 'googletest'
[2023-12-21T22:40:19.637Z]     Cloning into 'googletest-src'...
[2023-12-21T22:40:19.637Z]     HEAD is now at 703bd9ca Googletest export
[2023-12-21T22:40:19.637Z]     [3/8] Performing update step for 'googletest'
[2023-12-21T22:40:19.637Z]     [4/8] No patch step for 'googletest'
[2023-12-21T22:40:20.161Z]     [5/8] Performing configure step for 'googletest'
[2023-12-21T22:40:20.161Z]     Not searching for unused variables given on the command line.
[2023-12-21T22:40:20.161Z]     CMake Deprecation Warning at CMakeLists.txt:4 (cmake_minimum_required):
[2023-12-21T22:40:20.161Z]       Compatibility with CMake < 2.8.12 will be removed from a future version of
[2023-12-21T22:40:20.161Z]       CMake.
[2023-12-21T22:40:20.161Z]     
[2023-12-21T22:40:20.161Z]       Update the VERSION argument <min> value or use a ...<max> suffix to tell
[2023-12-21T22:40:20.161Z]       CMake that the project does not need compatibility with older versions.
[2023-12-21T22:40:20.161Z]     
[2023-12-21T22:40:20.161Z]     
[2023-12-21T22:40:20.161Z]     -- The C compiler identification is AppleClang 13.1.6.13160021
[2023-12-21T22:40:20.161Z]     -- The CXX compiler identification is AppleClang 13.1.6.13160021
[2023-12-21T22:40:20.161Z]     -- Detecting C compiler ABI info
[2023-12-21T22:40:20.161Z]     -- Detecting C compiler ABI info - done
[2023-12-21T22:40:20.161Z]     -- Check for working C compiler: /Applications/Xcode.app/Contents/Developer/Toolchains/XcodeDefault.xctoolchain/usr/bin/cc - skipped
[2023-12-21T22:40:20.161Z]     -- Detecting C compile features
[2023-12-21T22:40:20.161Z]     -- Detecting C compile features - done
[2023-12-21T22:40:20.161Z]     -- Detecting CXX compiler ABI info
[2023-12-21T22:40:20.161Z]     -- Detecting CXX compiler ABI info - done
[2023-12-21T22:40:20.161Z]     -- Check for working CXX compiler: /Applications/Xcode.app/Contents/Developer/Toolchains/XcodeDefault.xctoolchain/usr/bin/c++ - skipped
[2023-12-21T22:40:20.161Z]     -- Detecting CXX compile features
[2023-12-21T22:40:20.161Z]     -- Detecting CXX compile features - done
[2023-12-21T22:40:20.161Z]     CMake Deprecation Warning at googletest/CMakeLists.txt:56 (cmake_minimum_required):
[2023-12-21T22:40:20.161Z]       Compatibility with CMake < 2.8.12 will be removed from a future version of
[2023-12-21T22:40:20.161Z]       CMake.
[2023-12-21T22:40:20.161Z]     
[2023-12-21T22:40:20.161Z]       Update the VERSION argument <min> value or use a ...<max> suffix to tell
[2023-12-21T22:40:20.161Z]       CMake that the project does not need compatibility with older versions.
[2023-12-21T22:40:20.161Z]     
[2023-12-21T22:40:20.161Z]     
[2023-12-21T22:40:20.161Z]     -- Found PythonInterp: /usr/local/bin/python (found version "3.10.6")
[2023-12-21T22:40:20.161Z]     -- Looking for pthread.h
[2023-12-21T22:40:20.161Z]     -- Looking for pthread.h - found
[2023-12-21T22:40:20.161Z]     -- Performing Test CMAKE_HAVE_LIBC_PTHREAD
[2023-12-21T22:40:20.161Z]     -- Performing Test CMAKE_HAVE_LIBC_PTHREAD - Success
[2023-12-21T22:40:20.161Z]     -- Found Threads: TRUE
[2023-12-21T22:40:20.161Z]     -- Configuring done
[2023-12-21T22:40:20.161Z]     -- Generating done
[2023-12-21T22:40:20.161Z]     -- Build files have been written to: /Volumes/DATA/local/S/jenkins/workspace/ECP/ecg-maya-hydra/ecg-maya-hydra-branch-preflight-python3-osx/build/RelWithDebInfo/googletest-build
[2023-12-21T22:40:27.993Z]     [6/8] Performing build step for 'googletest'
[2023-12-21T22:40:27.993Z]     [1/4] Building CXX object googletest/CMakeFiles/gtest_main.dir/src/gtest_main.cc.o
[2023-12-21T22:40:27.993Z]     [2/4] Building CXX object googletest/CMakeFiles/gtest.dir/src/gtest-all.cc.o
[2023-12-21T22:40:27.993Z]     [3/4] Linking CXX shared library lib/libgtest.dylib
[2023-12-21T22:40:27.993Z]     [4/4] Linking CXX shared library lib/libgtest_main.dylib
[2023-12-21T22:40:27.993Z]     [7/8] Performing install step for 'googletest'
[2023-12-21T22:40:27.993Z]     [0/1] Install the project...
[2023-12-21T22:40:27.993Z]     -- Install configuration: "RelWithDebInfo"
[2023-12-21T22:40:27.993Z]     [8/8] Completed 'googletest'
[2023-12-21T22:40:27.993Z]     -- ========== ...  GoogleTest installed. ==========
[2023-12-21T22:40:27.994Z]     -- Found GTest: /Volumes/DATA/local/S/jenkins/workspace/ECP/ecg-maya-hydra/ecg-maya-hydra-branch-preflight-python3-osx/build/RelWithDebInfo/googletest-install/lib/libgtest.dylib
[2023-12-21T22:40:27.994Z]     -- promoting: /Volumes/DATA/local/S/jenkins/workspace/ECP/ecg-maya-hydra/ecg-maya-hydra-branch-preflight-python3-osx/ecg-maya-hydra/maya-hydra/lib/mayaHydra/mayaPlugin/pluginUtils.h
[2023-12-21T22:40:27.994Z]     -- promoting: /Volumes/DATA/local/S/jenkins/workspace/ECP/ecg-maya-hydra/ecg-maya-hydra-branch-preflight-python3-osx/ecg-maya-hydra/maya-hydra/lib/mayaHydra/hydraExtensions/api.h
[2023-12-21T22:40:27.994Z]     -- promoting: /Volumes/DATA/local/S/jenkins/workspace/ECP/ecg-maya-hydra/ecg-maya-hydra-branch-preflight-python3-osx/ecg-maya-hydra/maya-hydra/lib/mayaHydra/hydraExtensions/debugCodes.h
[2023-12-21T22:40:27.994Z]     -- promoting: /Volumes/DATA/local/S/jenkins/workspace/ECP/ecg-maya-hydra/ecg-maya-hydra-branch-preflight-python3-osx/ecg-maya-hydra/maya-hydra/lib/mayaHydra/hydraExtensions/hydraUtils.h
[2023-12-21T22:40:27.994Z]     -- promoting: /Volumes/DATA/local/S/jenkins/workspace/ECP/ecg-maya-hydra/ecg-maya-hydra-branch-preflight-python3-osx/ecg-maya-hydra/maya-hydra/lib/mayaHydra/hydraExtensions/mayaHydraLibInterface.h
[2023-12-21T22:40:27.994Z]     -- promoting: /Volumes/DATA/local/S/jenkins/workspace/ECP/ecg-maya-hydra/ecg-maya-hydra-branch-preflight-python3-osx/ecg-maya-hydra/maya-hydra/lib/mayaHydra/hydraExtensions/mayaHydraLibInterfaceImp.h
[2023-12-21T22:40:27.994Z]     -- promoting: /Volumes/DATA/local/S/jenkins/workspace/ECP/ecg-maya-hydra/ecg-maya-hydra-branch-preflight-python3-osx/ecg-maya-hydra/maya-hydra/lib/mayaHydra/hydraExtensions/mayaUtils.h
[2023-12-21T22:40:27.994Z]     -- promoting: /Volumes/DATA/local/S/jenkins/workspace/ECP/ecg-maya-hydra/ecg-maya-hydra-branch-preflight-python3-osx/ecg-maya-hydra/maya-hydra/lib/mayaHydra/hydraExtensions/mixedUtils.h
[2023-12-21T22:40:27.994Z]     -- promoting: /Volumes/DATA/local/S/jenkins/workspace/ECP/ecg-maya-hydra/ecg-maya-hydra-branch-preflight-python3-osx/ecg-maya-hydra/maya-hydra/lib/mayaHydra/hydraExtensions/mayaHydraSceneProducer.h
[2023-12-21T22:40:27.994Z]     -- promoting: /Volumes/DATA/local/S/jenkins/workspace/ECP/ecg-maya-hydra/ecg-maya-hydra-branch-preflight-python3-osx/ecg-maya-hydra/maya-hydra/lib/mayaHydra/hydraExtensions/adapters/adapter.h
[2023-12-21T22:40:27.994Z]     -- promoting: /Volumes/DATA/local/S/jenkins/workspace/ECP/ecg-maya-hydra/ecg-maya-hydra-branch-preflight-python3-osx/ecg-maya-hydra/maya-hydra/lib/mayaHydra/hydraExtensions/adapters/adapterDebugCodes.h
[2023-12-21T22:40:27.994Z]     -- promoting: /Volumes/DATA/local/S/jenkins/workspace/ECP/ecg-maya-hydra/ecg-maya-hydra-branch-preflight-python3-osx/ecg-maya-hydra/maya-hydra/lib/mayaHydra/hydraExtensions/adapters/adapterRegistry.h
[2023-12-21T22:40:27.994Z]     -- promoting: /Volumes/DATA/local/S/jenkins/workspace/ECP/ecg-maya-hydra/ecg-maya-hydra-branch-preflight-python3-osx/ecg-maya-hydra/maya-hydra/lib/mayaHydra/hydraExtensions/adapters/cameraAdapter.h
[2023-12-21T22:40:27.994Z]     -- promoting: /Volumes/DATA/local/S/jenkins/workspace/ECP/ecg-maya-hydra/ecg-maya-hydra-branch-preflight-python3-osx/ecg-maya-hydra/maya-hydra/lib/mayaHydra/hydraExtensions/adapters/constantShadowMatrix.h
[2023-12-21T22:40:27.994Z]     -- promoting: /Volumes/DATA/local/S/jenkins/workspace/ECP/ecg-maya-hydra/ecg-maya-hydra-branch-preflight-python3-osx/ecg-maya-hydra/maya-hydra/lib/mayaHydra/hydraExtensions/adapters/dagAdapter.h
[2023-12-21T22:40:27.994Z]     -- promoting: /Volumes/DATA/local/S/jenkins/workspace/ECP/ecg-maya-hydra/ecg-maya-hydra-branch-preflight-python3-osx/ecg-maya-hydra/maya-hydra/lib/mayaHydra/hydraExtensions/adapters/renderItemAdapter.h
[2023-12-21T22:40:27.994Z]     -- promoting: /Volumes/DATA/local/S/jenkins/workspace/ECP/ecg-maya-hydra/ecg-maya-hydra-branch-preflight-python3-osx/ecg-maya-hydra/maya-hydra/lib/mayaHydra/hydraExtensions/adapters/lightAdapter.h
[2023-12-21T22:40:27.994Z]     -- promoting: /Volumes/DATA/local/S/jenkins/workspace/ECP/ecg-maya-hydra/ecg-maya-hydra-branch-preflight-python3-osx/ecg-maya-hydra/maya-hydra/lib/mayaHydra/hydraExtensions/adapters/materialAdapter.h
[2023-12-21T22:40:27.994Z]     -- promoting: /Volumes/DATA/local/S/jenkins/workspace/ECP/ecg-maya-hydra/ecg-maya-hydra-branch-preflight-python3-osx/ecg-maya-hydra/maya-hydra/lib/mayaHydra/hydraExtensions/adapters/materialNetworkConverter.h
[2023-12-21T22:40:27.994Z]     -- promoting: /Volumes/DATA/local/S/jenkins/workspace/ECP/ecg-maya-hydra/ecg-maya-hydra-branch-preflight-python3-osx/ecg-maya-hydra/maya-hydra/lib/mayaHydra/hydraExtensions/adapters/mayaAttrs.h
[2023-12-21T22:40:27.994Z]     -- promoting: /Volumes/DATA/local/S/jenkins/workspace/ECP/ecg-maya-hydra/ecg-maya-hydra-branch-preflight-python3-osx/ecg-maya-hydra/maya-hydra/lib/mayaHydra/hydraExtensions/adapters/shapeAdapter.h
[2023-12-21T22:40:27.994Z]     -- promoting: /Volumes/DATA/local/S/jenkins/workspace/ECP/ecg-maya-hydra/ecg-maya-hydra-branch-preflight-python3-osx/ecg-maya-hydra/maya-hydra/lib/mayaHydra/hydraExtensions/adapters/tokens.h
[2023-12-21T22:40:27.994Z]     -- promoting: /Volumes/DATA/local/S/jenkins/workspace/ECP/ecg-maya-hydra/ecg-maya-hydra-branch-preflight-python3-osx/ecg-maya-hydra/maya-hydra/lib/mayaHydra/hydraExtensions/delegates/delegate.h
[2023-12-21T22:40:27.994Z]     -- promoting: /Volumes/DATA/local/S/jenkins/workspace/ECP/ecg-maya-hydra/ecg-maya-hydra-branch-preflight-python3-osx/ecg-maya-hydra/maya-hydra/lib/mayaHydra/hydraExtensions/delegates/delegateCtx.h
[2023-12-21T22:40:27.994Z]     -- promoting: /Volumes/DATA/local/S/jenkins/workspace/ECP/ecg-maya-hydra/ecg-maya-hydra-branch-preflight-python3-osx/ecg-maya-hydra/maya-hydra/lib/mayaHydra/hydraExtensions/delegates/delegateDebugCodes.h
[2023-12-21T22:40:27.994Z]     -- promoting: /Volumes/DATA/local/S/jenkins/workspace/ECP/ecg-maya-hydra/ecg-maya-hydra-branch-preflight-python3-osx/ecg-maya-hydra/maya-hydra/lib/mayaHydra/hydraExtensions/delegates/delegateRegistry.h
[2023-12-21T22:40:27.994Z]     -- promoting: /Volumes/DATA/local/S/jenkins/workspace/ECP/ecg-maya-hydra/ecg-maya-hydra-branch-preflight-python3-osx/ecg-maya-hydra/maya-hydra/lib/mayaHydra/hydraExtensions/delegates/params.h
[2023-12-21T22:40:27.994Z]     -- promoting: /Volumes/DATA/local/S/jenkins/workspace/ECP/ecg-maya-hydra/ecg-maya-hydra-branch-preflight-python3-osx/ecg-maya-hydra/maya-hydra/lib/mayaHydra/hydraExtensions/delegates/sceneDelegate.h
[2023-12-21T22:40:27.994Z]     -- promoting: /Volumes/DATA/local/S/jenkins/workspace/ECP/ecg-maya-hydra/ecg-maya-hydra-branch-preflight-python3-osx/ecg-maya-hydra/maya-hydra/lib/mayaHydra/hydraExtensions/delegates/defaultLightDelegate.h
[2023-12-21T22:40:27.994Z]     -- promoting: /Volumes/DATA/local/S/jenkins/workspace/ECP/ecg-maya-hydra/ecg-maya-hydra-branch-preflight-python3-osx/ecg-maya-hydra/maya-hydra/lib/mayaHydra/hydraExtensions/delegates/testDelegate.h
[2023-12-21T22:40:27.994Z]     -- promoting: /Volumes/DATA/local/S/jenkins/workspace/ECP/ecg-maya-hydra/ecg-maya-hydra-branch-preflight-python3-osx/ecg-maya-hydra/maya-hydra/lib/mayaHydra/hydraExtensions/sceneIndex/registration.h
[2023-12-21T22:40:27.994Z]     -- promoting: /Volumes/DATA/local/S/jenkins/workspace/ECP/ecg-maya-hydra/ecg-maya-hydra-branch-preflight-python3-osx/ecg-maya-hydra/maya-hydra/lib/mayaHydra/hydraExtensions/sceneIndex/mayaHydraSceneIndex.h
[2023-12-21T22:40:27.994Z]     -- promoting: /Volumes/DATA/local/S/jenkins/workspace/ECP/ecg-maya-hydra/ecg-maya-hydra-branch-preflight-python3-osx/ecg-maya-hydra/maya-hydra/lib/mayaHydra/hydraExtensions/sceneIndex/mayaHydraDataSource.h
[2023-12-21T22:40:27.994Z]     -- promoting: /Volumes/DATA/local/S/jenkins/workspace/ECP/ecg-maya-hydra/ecg-maya-hydra-branch-preflight-python3-osx/ecg-maya-hydra/maya-hydra/lib/mayaHydra/hydraExtensions/sceneIndex/mayaHydraPrimvarDataSource.h
[2023-12-21T22:40:27.994Z]     -- promoting: /Volumes/DATA/local/S/jenkins/workspace/ECP/ecg-maya-hydra/ecg-maya-hydra-branch-preflight-python3-osx/ecg-maya-hydra/maya-hydra/lib/mayaHydra/hydraExtensions/sceneIndex/mayaHydraDisplayStyleDataSource.h
[2023-12-21T22:40:27.994Z]     -- promoting: /Volumes/DATA/local/S/jenkins/workspace/ECP/ecg-maya-hydra/ecg-maya-hydra-branch-preflight-python3-osx/ecg-maya-hydra/maya-hydra/lib/mayaHydra/hydraExtensions/sceneIndex/mayaHydraCameraDataSource.h
[2023-12-21T22:40:27.994Z]     -- promoting: /Volumes/DATA/local/S/jenkins/workspace/ECP/ecg-maya-hydra/ecg-maya-hydra-branch-preflight-python3-osx/ecg-maya-hydra/maya-hydra/lib/mayaHydra/hydraExtensions/sceneIndex/mayaHydraLightDataSource.h
[2023-12-21T22:40:27.994Z]     -- promoting: /Volumes/DATA/local/S/jenkins/workspace/ECP/ecg-maya-hydra/ecg-maya-hydra-branch-preflight-python3-osx/ecg-maya-hydra/maya-hydra/lib/mayaHydra/hydraExtensions/sceneIndex/mayaHydraDefaultLightDataSource.h
[2023-12-21T22:40:27.994Z]     -- promoting: /Volumes/DATA/local/S/jenkins/workspace/ECP/ecg-maya-hydra/ecg-maya-hydra-branch-preflight-python3-osx/ecg-maya-hydra/maya-hydra/lib/mayaHydra/hydraExtensions/sceneIndex/mayaHydraMayaDataProducerSceneIndexData.h
[2023-12-21T22:40:27.994Z]     -- promoting: /Volumes/DATA/local/S/jenkins/workspace/ECP/ecg-maya-hydra/ecg-maya-hydra-branch-preflight-python3-osx/ecg-maya-hydra/maya-hydra/lib/mayaHydra/hydraExtensions/sceneIndex/mayaHydraMayaDataProducerSceneIndexDataConcreteFactory.h
[2023-12-21T22:40:27.994Z]     -- promoting: /Volumes/DATA/local/S/jenkins/workspace/ECP/ecg-maya-hydra/ecg-maya-hydra-branch-preflight-python3-osx/ecg-maya-hydra/maya-hydra/lib/mayaHydra/hydraExtensions/sceneIndex/mayaHydraSceneIndexDataFactoriesSetup.h
[2023-12-21T22:40:27.994Z]     -- promoting: /Volumes/DATA/local/S/jenkins/workspace/ECP/ecg-maya-hydra/ecg-maya-hydra-branch-preflight-python3-osx/ecg-maya-hydra/maya-hydra/lib/mayaHydra/hydraExtensions/sceneIndex/mayaHydraMayaFilteringSceneIndexData.h
[2023-12-21T22:40:27.994Z]     -- promoting: /Volumes/DATA/local/S/jenkins/workspace/ECP/ecg-maya-hydra/ecg-maya-hydra-branch-preflight-python3-osx/ecg-maya-hydra/maya-hydra/lib/mayaHydra/hydraExtensions/sceneIndex/mayaHydraMayaFilteringSceneIndexDataConcreteFactory.h
[2023-12-21T22:40:27.994Z]     -- promoting: /Volumes/DATA/local/S/jenkins/workspace/ECP/ecg-maya-hydra/ecg-maya-hydra-branch-preflight-python3-osx/ecg-maya-hydra/maya-hydra/lib/mayaHydra/ufeExtensions/api.h
[2023-12-21T22:40:27.994Z]     -- promoting: /Volumes/DATA/local/S/jenkins/workspace/ECP/ecg-maya-hydra/ecg-maya-hydra-branch-preflight-python3-osx/ecg-maya-hydra/maya-hydra/lib/mayaHydra/ufeExtensions/Global.h
[2023-12-21T22:40:27.994Z]     -- promoting: /Volumes/DATA/local/S/jenkins/workspace/ECP/ecg-maya-hydra/ecg-maya-hydra-branch-preflight-python3-osx/ecg-maya-hydra/maya-hydra/lib/flowViewport/api.h
[2023-12-21T22:40:27.994Z]     -- promoting: /Volumes/DATA/local/S/jenkins/workspace/ECP/ecg-maya-hydra/ecg-maya-hydra-branch-preflight-python3-osx/ecg-maya-hydra/maya-hydra/lib/flowViewport/debugCodes.h
[2023-12-21T22:40:27.994Z]     -- promoting: /Volumes/DATA/local/S/jenkins/workspace/ECP/ecg-maya-hydra/ecg-maya-hydra-branch-preflight-python3-osx/ecg-maya-hydra/maya-hydra/lib/flowViewport/global.h
[2023-12-21T22:40:27.994Z]     -- promoting: /Volumes/DATA/local/S/jenkins/workspace/ECP/ecg-maya-hydra/ecg-maya-hydra-branch-preflight-python3-osx/ecg-maya-hydra/maya-hydra/lib/flowViewport/tokens.h
[2023-12-21T22:40:27.994Z]     -- promoting: /Volumes/DATA/local/S/jenkins/workspace/ECP/ecg-maya-hydra/ecg-maya-hydra-branch-preflight-python3-osx/ecg-maya-hydra/maya-hydra/lib/flowViewport/colorPreferences/fvpColorChanged.h
[2023-12-21T22:40:27.994Z]     -- promoting: /Volumes/DATA/local/S/jenkins/workspace/ECP/ecg-maya-hydra/ecg-maya-hydra-branch-preflight-python3-osx/ecg-maya-hydra/maya-hydra/lib/flowViewport/colorPreferences/fvpColorPreferences.h
[2023-12-21T22:40:27.994Z]     -- promoting: /Volumes/DATA/local/S/jenkins/workspace/ECP/ecg-maya-hydra/ecg-maya-hydra-branch-preflight-python3-osx/ecg-maya-hydra/maya-hydra/lib/flowViewport/colorPreferences/fvpColorPreferencesTokens.h
[2023-12-21T22:40:27.994Z]     -- promoting: /Volumes/DATA/local/S/jenkins/workspace/ECP/ecg-maya-hydra/ecg-maya-hydra-branch-preflight-python3-osx/ecg-maya-hydra/maya-hydra/lib/flowViewport/colorPreferences/fvpColorPreferencesTranslator.h
[2023-12-21T22:40:27.994Z]     -- promoting: /Volumes/DATA/local/S/jenkins/workspace/ECP/ecg-maya-hydra/ecg-maya-hydra-branch-preflight-python3-osx/ecg-maya-hydra/maya-hydra/lib/flowViewport/sceneIndex/fvpMergingSceneIndex.h
[2023-12-21T22:40:27.994Z]     -- promoting: /Volumes/DATA/local/S/jenkins/workspace/ECP/ecg-maya-hydra/ecg-maya-hydra-branch-preflight-python3-osx/ecg-maya-hydra/maya-hydra/lib/flowViewport/sceneIndex/fvpPathInterface.h
[2023-12-21T22:40:27.994Z]     -- promoting: /Volumes/DATA/local/S/jenkins/workspace/ECP/ecg-maya-hydra/ecg-maya-hydra-branch-preflight-python3-osx/ecg-maya-hydra/maya-hydra/lib/flowViewport/sceneIndex/fvpPathInterfaceSceneIndex.h
[2023-12-21T22:40:27.994Z]     -- promoting: /Volumes/DATA/local/S/jenkins/workspace/ECP/ecg-maya-hydra/ecg-maya-hydra-branch-preflight-python3-osx/ecg-maya-hydra/maya-hydra/lib/flowViewport/sceneIndex/fvpRenderIndexProxy.h
[2023-12-21T22:40:27.994Z]     -- promoting: /Volumes/DATA/local/S/jenkins/workspace/ECP/ecg-maya-hydra/ecg-maya-hydra-branch-preflight-python3-osx/ecg-maya-hydra/maya-hydra/lib/flowViewport/sceneIndex/fvpRenderIndexProxyFwd.h
[2023-12-21T22:40:27.994Z]     -- promoting: /Volumes/DATA/local/S/jenkins/workspace/ECP/ecg-maya-hydra/ecg-maya-hydra-branch-preflight-python3-osx/ecg-maya-hydra/maya-hydra/lib/flowViewport/sceneIndex/fvpSelectionSceneIndex.h
[2023-12-21T22:40:27.994Z]     -- promoting: /Volumes/DATA/local/S/jenkins/workspace/ECP/ecg-maya-hydra/ecg-maya-hydra-branch-preflight-python3-osx/ecg-maya-hydra/maya-hydra/lib/flowViewport/sceneIndex/fvpWireframeSelectionHighlightSceneIndex.h
[2023-12-21T22:40:27.994Z]     -- promoting: /Volumes/DATA/local/S/jenkins/workspace/ECP/ecg-maya-hydra/ecg-maya-hydra-branch-preflight-python3-osx/ecg-maya-hydra/maya-hydra/lib/flowViewport/sceneIndex/fvpParentDataModifierSceneIndex.h
[2023-12-21T22:40:27.994Z]     -- promoting: /Volumes/DATA/local/S/jenkins/workspace/ECP/ecg-maya-hydra/ecg-maya-hydra-branch-preflight-python3-osx/ecg-maya-hydra/maya-hydra/lib/flowViewport/API/fvpSelectionClient.h
[2023-12-21T22:40:27.994Z]     -- promoting: /Volumes/DATA/local/S/jenkins/workspace/ECP/ecg-maya-hydra/ecg-maya-hydra-branch-preflight-python3-osx/ecg-maya-hydra/maya-hydra/lib/flowViewport/API/fvpSelectionInterface.h
[2023-12-21T22:40:27.994Z]     -- promoting: /Volumes/DATA/local/S/jenkins/workspace/ECP/ecg-maya-hydra/ecg-maya-hydra-branch-preflight-python3-osx/ecg-maya-hydra/maya-hydra/lib/flowViewport/API/fvpVersionInterface.h
[2023-12-21T22:40:27.994Z]     -- promoting: /Volumes/DATA/local/S/jenkins/workspace/ECP/ecg-maya-hydra/ecg-maya-hydra-branch-preflight-python3-osx/ecg-maya-hydra/maya-hydra/lib/flowViewport/API/fvpInformationInterface.h
[2023-12-21T22:40:27.994Z]     -- promoting: /Volumes/DATA/local/S/jenkins/workspace/ECP/ecg-maya-hydra/ecg-maya-hydra-branch-preflight-python3-osx/ecg-maya-hydra/maya-hydra/lib/flowViewport/API/fvpInformationClient.h
[2023-12-21T22:40:27.994Z]     -- promoting: /Volumes/DATA/local/S/jenkins/workspace/ECP/ecg-maya-hydra/ecg-maya-hydra-branch-preflight-python3-osx/ecg-maya-hydra/maya-hydra/lib/flowViewport/API/fvpDataProducerSceneIndexInterface.h
[2023-12-21T22:40:27.994Z]     -- promoting: /Volumes/DATA/local/S/jenkins/workspace/ECP/ecg-maya-hydra/ecg-maya-hydra-branch-preflight-python3-osx/ecg-maya-hydra/maya-hydra/lib/flowViewport/API/fvpFilteringSceneIndexClient.h
[2023-12-21T22:40:27.994Z]     -- promoting: /Volumes/DATA/local/S/jenkins/workspace/ECP/ecg-maya-hydra/ecg-maya-hydra-branch-preflight-python3-osx/ecg-maya-hydra/maya-hydra/lib/flowViewport/API/fvpFilteringSceneIndexClientFwd.h
[2023-12-21T22:40:27.994Z]     -- promoting: /Volumes/DATA/local/S/jenkins/workspace/ECP/ecg-maya-hydra/ecg-maya-hydra-branch-preflight-python3-osx/ecg-maya-hydra/maya-hydra/lib/flowViewport/API/fvpFilteringSceneIndexInterface.h
[2023-12-21T22:40:27.994Z]     -- promoting: /Volumes/DATA/local/S/jenkins/workspace/ECP/ecg-maya-hydra/ecg-maya-hydra-branch-preflight-python3-osx/ecg-maya-hydra/maya-hydra/lib/flowViewport/API/fvpViewportAPITokens.h
[2023-12-21T22:40:27.994Z]     -- promoting: /Volumes/DATA/local/S/jenkins/workspace/ECP/ecg-maya-hydra/ecg-maya-hydra-branch-preflight-python3-osx/ecg-maya-hydra/maya-hydra/lib/flowViewport/API/interfacesImp/fvpSelectionInterfaceImp.h
[2023-12-21T22:40:27.994Z]     -- promoting: /Volumes/DATA/local/S/jenkins/workspace/ECP/ecg-maya-hydra/ecg-maya-hydra-branch-preflight-python3-osx/ecg-maya-hydra/maya-hydra/lib/flowViewport/API/interfacesImp/fvpVersionInterfaceImp.h
[2023-12-21T22:40:27.994Z]     -- promoting: /Volumes/DATA/local/S/jenkins/workspace/ECP/ecg-maya-hydra/ecg-maya-hydra-branch-preflight-python3-osx/ecg-maya-hydra/maya-hydra/lib/flowViewport/API/interfacesImp/fvpInformationInterfaceImp.h
[2023-12-21T22:40:27.994Z]     -- promoting: /Volumes/DATA/local/S/jenkins/workspace/ECP/ecg-maya-hydra/ecg-maya-hydra-branch-preflight-python3-osx/ecg-maya-hydra/maya-hydra/lib/flowViewport/API/interfacesImp/fvpDataProducerSceneIndexInterfaceImp.h
[2023-12-21T22:40:27.994Z]     -- promoting: /Volumes/DATA/local/S/jenkins/workspace/ECP/ecg-maya-hydra/ecg-maya-hydra-branch-preflight-python3-osx/ecg-maya-hydra/maya-hydra/lib/flowViewport/API/interfacesImp/fvpFilteringSceneIndexInterfaceImp.h
[2023-12-21T22:40:27.994Z]     -- promoting: /Volumes/DATA/local/S/jenkins/workspace/ECP/ecg-maya-hydra/ecg-maya-hydra-branch-preflight-python3-osx/ecg-maya-hydra/maya-hydra/lib/flowViewport/API/samples/fvpSelectionClientExample.h
[2023-12-21T22:40:27.994Z]     -- promoting: /Volumes/DATA/local/S/jenkins/workspace/ECP/ecg-maya-hydra/ecg-maya-hydra-branch-preflight-python3-osx/ecg-maya-hydra/maya-hydra/lib/flowViewport/API/samples/fvpInformationClientExample.h
[2023-12-21T22:40:27.994Z]     -- promoting: /Volumes/DATA/local/S/jenkins/workspace/ECP/ecg-maya-hydra/ecg-maya-hydra-branch-preflight-python3-osx/ecg-maya-hydra/maya-hydra/lib/flowViewport/API/samples/fvpDataProducerSceneIndexExample.h
[2023-12-21T22:40:27.994Z]     -- promoting: /Volumes/DATA/local/S/jenkins/workspace/ECP/ecg-maya-hydra/ecg-maya-hydra-branch-preflight-python3-osx/ecg-maya-hydra/maya-hydra/lib/flowViewport/API/samples/fvpFilteringSceneIndexExample.h
[2023-12-21T22:40:27.994Z]     -- promoting: /Volumes/DATA/local/S/jenkins/workspace/ECP/ecg-maya-hydra/ecg-maya-hydra-branch-preflight-python3-osx/ecg-maya-hydra/maya-hydra/lib/flowViewport/API/samples/fvpFilteringSceneIndexClientExample.h
[2023-12-21T22:40:27.994Z]     -- promoting: /Volumes/DATA/local/S/jenkins/workspace/ECP/ecg-maya-hydra/ecg-maya-hydra-branch-preflight-python3-osx/ecg-maya-hydra/maya-hydra/lib/flowViewport/API/perViewportSceneIndicesData/fvpViewportInformationAndSceneIndicesPerViewportData.h
[2023-12-21T22:40:27.994Z]     -- promoting: /Volumes/DATA/local/S/jenkins/workspace/ECP/ecg-maya-hydra/ecg-maya-hydra-branch-preflight-python3-osx/ecg-maya-hydra/maya-hydra/lib/flowViewport/API/perViewportSceneIndicesData/fvpViewportInformationAndSceneIndicesPerViewportDataManager.h
[2023-12-21T22:40:27.994Z]     -- promoting: /Volumes/DATA/local/S/jenkins/workspace/ECP/ecg-maya-hydra/ecg-maya-hydra-branch-preflight-python3-osx/ecg-maya-hydra/maya-hydra/lib/flowViewport/API/perViewportSceneIndicesData/fvpDataProducerSceneIndexDataAbstractFactory.h
[2023-12-21T22:40:27.994Z]     -- promoting: /Volumes/DATA/local/S/jenkins/workspace/ECP/ecg-maya-hydra/ecg-maya-hydra-branch-preflight-python3-osx/ecg-maya-hydra/maya-hydra/lib/flowViewport/API/perViewportSceneIndicesData/fvpDataProducerSceneIndexDataBase.h
[2023-12-21T22:40:27.994Z]     -- promoting: /Volumes/DATA/local/S/jenkins/workspace/ECP/ecg-maya-hydra/ecg-maya-hydra-branch-preflight-python3-osx/ecg-maya-hydra/maya-hydra/lib/flowViewport/API/perViewportSceneIndicesData/fvpFilteringSceneIndexDataAbstractFactory.h
[2023-12-21T22:40:27.994Z]     -- promoting: /Volumes/DATA/local/S/jenkins/workspace/ECP/ecg-maya-hydra/ecg-maya-hydra-branch-preflight-python3-osx/ecg-maya-hydra/maya-hydra/lib/flowViewport/API/perViewportSceneIndicesData/fvpFilteringSceneIndexDataBase.h
[2023-12-21T22:40:27.994Z]     -- promoting: /Volumes/DATA/local/S/jenkins/workspace/ECP/ecg-maya-hydra/ecg-maya-hydra-branch-preflight-python3-osx/ecg-maya-hydra/maya-hydra/lib/flowViewport/API/perViewportSceneIndicesData/fvpFilteringSceneIndicesChainManager.h
[2023-12-21T22:40:27.994Z]     -- promoting: /Volumes/DATA/local/S/jenkins/workspace/ECP/ecg-maya-hydra/ecg-maya-hydra-branch-preflight-python3-osx/ecg-maya-hydra/maya-hydra/lib/flowViewport/selection/fvpSelection.h
[2023-12-21T22:40:27.994Z]     -- promoting: /Volumes/DATA/local/S/jenkins/workspace/ECP/ecg-maya-hydra/ecg-maya-hydra-branch-preflight-python3-osx/ecg-maya-hydra/maya-hydra/lib/flowViewport/selection/fvpSelectionFwd.h
[2023-12-21T22:40:27.994Z]     -- promoting: /Volumes/DATA/local/S/jenkins/workspace/ECP/ecg-maya-hydra/ecg-maya-hydra-branch-preflight-python3-osx/ecg-maya-hydra/maya-hydra/lib/flowViewport/selection/fvpSelectionTask.h
[2023-12-21T22:40:27.994Z]     -- promoting: /Volumes/DATA/local/S/jenkins/workspace/ECP/ecg-maya-hydra/ecg-maya-hydra-branch-preflight-python3-osx/ecg-maya-hydra/maya-hydra/lib/flowViewport/selection/fvpSelectionTracker.h
[2023-12-21T22:40:28.520Z]     -- Configuring done
[2023-12-21T22:40:28.726Z]     -- Generating done
[2023-12-21T22:40:28.726Z]     -- Build files have been written to: /Volumes/DATA/local/S/jenkins/workspace/ECP/ecg-maya-hydra/ecg-maya-hydra-branch-preflight-python3-osx/build/RelWithDebInfo
[2023-12-21T22:40:28.726Z]     
[2023-12-21T22:40:28.726Z]         Building with settings:
[2023-12-21T22:40:28.726Z]           Source directory          /Volumes/DATA/local/S/jenkins/workspace/ECP/ecg-maya-hydra/ecg-maya-hydra-branch-preflight-python3-osx/ecg-maya-hydra/maya-hydra
[2023-12-21T22:40:28.726Z]           Workspace directory       /local/S/jenkins/workspace/ECP/ecg-maya-hydra/ecg-maya-hydra-branch-preflight-python3-osx
[2023-12-21T22:40:28.726Z]           Build directory           /local/S/jenkins/workspace/ECP/ecg-maya-hydra/ecg-maya-hydra-branch-preflight-python3-osx/build/RelWithDebInfo
[2023-12-21T22:40:28.726Z]           Install directory         /local/S/jenkins/workspace/ECP/ecg-maya-hydra/ecg-maya-hydra-branch-preflight-python3-osx/install/RelWithDebInfo/MayaHydra
[2023-12-21T22:40:28.726Z]           Variant                   RelWithDebInfo
[2023-12-21T22:40:28.726Z]           Python Debug              Off
[2023-12-21T22:40:28.726Z]           CMake generator           Ninja
[2023-12-21T22:40:28.726Z]           Build arguments           ['-DCMAKE_MAKE_PROGRAM=/local/S/jenkins/workspace/shared/Artifactory/OSX/ninja/1.10.2/95d0ca5/ninja', '-DPYTHON_INCLUDE_DIR=/local/S/jenkins/workspace/shared/Artifactory/OSX/rundev-master/202312201610/runtime/d0a18d0/runTime/Maya.app/Contents/Frameworks/Python.framework/Versions/Current/include/python3.11', '-DPython_EXECUTABLE=/local/S/jenkins/workspace/shared/Artifactory/OSX/rundev-master/202312201610/runtime/d0a18d0/runTime/Maya.app/Contents/bin/mayapy', '-DPYTHON_LIBRARIES=/local/S/jenkins/workspace/shared/Artifactory/OSX/rundev-master/202312201610/runtime/d0a18d0/runTime/Maya.app/Contents/Frameworks/Python.framework/Versions/Current/lib/libpython3.11.dylib', '-DBUILD_WITH_PYTHON_3_VERSION=3.11', '-DBUILD_UB2=ON', '-DCMAKE_WANT_MATERIALX_BUILD=ON', '-DCMAKE_PREFIX_PATH=/local/S/jenkins/workspace/shared/Artifactory/OSX/USD/8270819', '-DMAYAHYDRA_BUILD_NUMBER=448', '-DMAYAHYDRA_GIT_COMMIT=1be3443e013ca402751b5b0249ba2bcb785b9eca', '-DMAYAHYDRA_GIT_BRANCH=master', '-DMAYAUSD_LOCATION=/local/S/jenkins/workspace/shared/Artifactory/OSX/mayausd-cotd/202311202320/runtime/a0893a4/mayausd']
[2023-12-21T22:40:28.726Z]           Stages arguments          ['configure']
[2023-12-21T22:40:28.726Z]           CTest arguments           ['--parallel 8']
[2023-12-21T22:40:28.726Z]     STATUS: Could not find Maya Qt6.
[2023-12-21T22:40:28.726Z]     STATUS:   Extracting '/local/S/jenkins/workspace/shared/Artifactory/OSX/rundev-master/202312201610/runtime/d0a18d0/devkitBase/Qt.tgz' to '/local/S/jenkins/workspace/shared/Artifactory/OSX/rundev-master/202312201610/runtime/d0a18d0/devkitBase'
[2023-12-21T22:40:28.726Z]     Success MayaHydra build and install !!!!
[2023-12-21T22:40:28.726Z]     Elapsed time: 00:00:13
[Pipeline] }
[Pipeline] // withEnv
[Pipeline] }
[Pipeline] // timeout
[Pipeline] }
[Pipeline] // stage
[Pipeline] }
[Pipeline] // timestamps
[Pipeline] timestamps
[Pipeline] {
[Pipeline] stage
[Pipeline] { (Build)
[Pipeline] timeout
[2023-12-21T22:40:28.858Z] Timeout set to expire in 6 hr 0 min
[Pipeline] {
[Pipeline] withEnv
[Pipeline] {
[Pipeline] sh
[2023-12-21T22:40:29.969Z] + python ecg-maya-hydra/build.py --stages=build --workspace-dir=/local/S/jenkins/workspace/ECP/ecg-maya-hydra/ecg-maya-hydra-branch-preflight-python3-osx --artifactory-dir=/local/S/jenkins/workspace/shared/Artifactory --build-dir=/local/S/jenkins/workspace/ECP/ecg-maya-hydra/ecg-maya-hydra-branch-preflight-python3-osx/build --install-dir=/local/S/jenkins/workspace/ECP/ecg-maya-hydra/ecg-maya-hydra-branch-preflight-python3-osx/install --signing-dir=/local/S/jenkins/workspace/ECP/ecg-maya-hydra/ecg-maya-hydra-branch-preflight-python3-osx/signing --package-dir=/local/S/jenkins/workspace/ECP/ecg-maya-hydra/ecg-maya-hydra-branch-preflight-python3-osx/package --output-dir=/local/S/jenkins/workspace/ECP/ecg-maya-hydra/ecg-maya-hydra-branch-preflight-python3-osx/output --stash-dir=/local/S/jenkins/workspace/ECP/ecg-maya-hydra/ecg-maya-hydra-branch-preflight-python3-osx/stash --jenkins-build=448 --git-commit=1be3443e013ca402751b5b0249ba2bcb785b9eca --git-branch=master --variants=Debug --interactive-tests=true --post-zips=false --osx-binary-architecture-target=ub2 --osx-deployment-target=11.0 --osx-base-sdk=CurrentActiveSDK --build-retry=3 --maya-cut-config=maya-rundev-master-debug.yaml --maya-package=rundev-master-debug --stage-banner
[2023-12-21T22:40:29.969Z] Using Maya cut from /local/S/jenkins/workspace/shared/Artifactory/OSX/rundev-master-debug/202312201610/runtime/baf0e83
[2023-12-21T22:40:29.969Z] Using Maya ADSK Signatures from /local/S/jenkins/workspace/shared/Artifactory/OSX/adsk-plugin-signatures-maya/2023/3ae1ae7
[2023-12-21T22:40:29.969Z] Using Maya Security Library from /local/S/jenkins/workspace/shared/Artifactory/OSX/maya-security-library/3.4.0/5e08f3e
[2023-12-21T22:40:29.969Z] 
[2023-12-21T22:40:29.969Z] ================================================================================
[2023-12-21T22:40:29.969Z]                                  build (Debug)
[2023-12-21T22:40:29.969Z] ================================================================================
[2023-12-21T22:40:29.969Z] Maya Python Debug Info:
[2023-12-21T22:40:29.969Z]   mayapy executable   = /local/S/jenkins/workspace/shared/Artifactory/OSX/rundev-master-debug/202312201610/runtime/baf0e83/runTime/Maya.app/Contents/bin/mayapy
[2023-12-21T22:40:29.969Z]   Include Folder      = /local/S/jenkins/workspace/shared/Artifactory/OSX/rundev-master-debug/202312201610/runtime/baf0e83/runTime/Maya.app/Contents/Frameworks/Python.framework/Versions/Current/include/python3.11
[2023-12-21T22:40:29.969Z]   Library             = /local/S/jenkins/workspace/shared/Artifactory/OSX/rundev-master-debug/202312201610/runtime/baf0e83/runTime/Maya.app/Contents/Frameworks/Python.framework/Versions/Current/lib/libpython3.11.dylib
[2023-12-21T22:40:29.969Z]   site-package Folder = /local/S/jenkins/workspace/shared/Artifactory/OSX/rundev-master-debug/202312201610/runtime/baf0e83/runTime/Maya.app/Contents/Frameworks/Python.framework/Versions/Current/lib/python3.11/site-packages
[2023-12-21T22:40:30.495Z] In workdir: /Volumes/DATA/local/S/jenkins/workspace/ECP/ecg-maya-hydra/ecg-maya-hydra-branch-preflight-python3-osx/ecg-maya-hydra/maya-hydra
[2023-12-21T22:40:30.495Z] Executing: arch -arch arm64 /local/S/jenkins/workspace/shared/Artifactory/OSX/rundev-master-debug/202312201610/runtime/baf0e83/runTime/Maya.app/Contents/bin/mayapy /Volumes/DATA/local/S/jenkins/workspace/ECP/ecg-maya-hydra/ecg-maya-hydra-branch-preflight-python3-osx/ecg-maya-hydra/maya-hydra/build.py --generator Ninja --build-debug --maya-location /local/S/jenkins/workspace/shared/Artifactory/OSX/rundev-master-debug/202312201610/runtime/baf0e83/runTime --devkit-location /local/S/jenkins/workspace/shared/Artifactory/OSX/rundev-master-debug/202312201610/runtime/baf0e83/devkitBase --pxrusd-location /local/S/jenkins/workspace/shared/Artifactory/OSX/USD/ca7f6ed --build-args=-DCMAKE_MAKE_PROGRAM=/local/S/jenkins/workspace/shared/Artifactory/OSX/ninja/1.10.2/95d0ca5/ninja,-DPYTHON_INCLUDE_DIR=/local/S/jenkins/workspace/shared/Artifactory/OSX/rundev-master-debug/202312201610/runtime/baf0e83/runTime/Maya.app/Contents/Frameworks/Python.framework/Versions/Current/include/python3.11,-DPython_EXECUTABLE=/local/S/jenkins/workspace/shared/Artifactory/OSX/rundev-master-debug/202312201610/runtime/baf0e83/runTime/Maya.app/Contents/bin/mayapy,-DPYTHON_LIBRARIES=/local/S/jenkins/workspace/shared/Artifactory/OSX/rundev-master-debug/202312201610/runtime/baf0e83/runTime/Maya.app/Contents/Frameworks/Python.framework/Versions/Current/lib/libpython3.11.dylib,-DBUILD_WITH_PYTHON_3_VERSION=3.11,-DBUILD_UB2=ON,-DCMAKE_WANT_MATERIALX_BUILD=ON,-DCMAKE_PREFIX_PATH=/local/S/jenkins/workspace/shared/Artifactory/OSX/USD/ca7f6ed,-DMAYAHYDRA_BUILD_NUMBER=448,-DMAYAHYDRA_GIT_COMMIT=1be3443e013ca402751b5b0249ba2bcb785b9eca,-DMAYAHYDRA_GIT_BRANCH=master,-DMAYAUSD_LOCATION=/local/S/jenkins/workspace/shared/Artifactory/OSX/mayausd-cotd-debug/202311222325/runtime/bd49faa/mayausd '--ctest-args=--parallel 8' --stages=build --redirect-outstream-file=False --install-location /local/S/jenkins/workspace/ECP/ecg-maya-hydra/ecg-maya-hydra-branch-preflight-python3-osx/install/Debug/MayaHydra /local/S/jenkins/workspace/ECP/ecg-maya-hydra/ecg-maya-hydra-branch-preflight-python3-osx
[2023-12-21T22:40:30.495Z] Modified environment variables:
[2023-12-21T22:40:30.495Z]     PATH=/local/S/jenkins/workspace/shared/Artifactory/OSX/cmake/3.20.3/2594509/bin:/opt/homebrew/bin:/usr/local/bin:/bin:/usr/sbin:/sbin:/usr/bin:/usr/bin:/bin:/usr/sbin:/sbin
[2023-12-21T22:40:31.597Z]     [1/129] Building CXX object lib/flowViewport/CMakeFiles/flowViewport.dir/debugCodes.cpp.o
[2023-12-21T22:40:31.597Z]     [2/129] Building CXX object lib/flowViewport/CMakeFiles/flowViewport.dir/tokens.cpp.o
[2023-12-21T22:40:32.123Z]     [3/129] Building CXX object lib/flowViewport/CMakeFiles/flowViewport.dir/colorPreferences/fvpColorChanged.cpp.o
[2023-12-21T22:40:32.124Z]     [4/129] Building CXX object lib/flowViewport/CMakeFiles/flowViewport.dir/sceneIndex/fvpPathInterface.cpp.o
[2023-12-21T22:40:32.649Z]     [5/129] Building CXX object lib/flowViewport/CMakeFiles/flowViewport.dir/global.cpp.o
[2023-12-21T22:40:32.649Z]     [6/129] Building CXX object lib/flowViewport/CMakeFiles/flowViewport.dir/colorPreferences/fvpColorPreferences.cpp.o
[2023-12-21T22:40:33.176Z]     [7/129] Building CXX object lib/flowViewport/CMakeFiles/flowViewport.dir/colorPreferences/fvpColorPreferencesTokens.cpp.o
[2023-12-21T22:40:33.176Z]     [8/129] Building CXX object lib/mayaHydra/ufeExtensions/CMakeFiles/ufeExtensions.dir/Global.cpp.o
[2023-12-21T22:40:33.176Z]     [9/129] Linking CXX shared library lib/mayaHydra/ufeExtensions/libufeExtensions.dylib
[2023-12-21T22:40:34.384Z]     [10/129] Automatic MOC for target adskHydraSceneBrowser
[2023-12-21T22:40:34.950Z]     [11/129] Building CXX object lib/flowViewport/CMakeFiles/flowViewport.dir/API/interfacesImp/fvpSelectionInterfaceImp.cpp.o
[2023-12-21T22:40:36.089Z]     [12/129] Building CXX object lib/mayaHydra/flowViewportAPIExamples/flowViewportAPIMayaLocator/CMakeFiles/flowViewportAPIMayaLocator.dir/flowViewportAPIMayaLocator.cpp.o
[2023-12-21T22:40:36.793Z]     [13/129] Building CXX object lib/flowViewport/CMakeFiles/flowViewport.dir/sceneIndex/fvpMergingSceneIndex.cpp.o
[2023-12-21T22:40:36.793Z]     [14/129] Building CXX object lib/flowViewport/CMakeFiles/flowViewport.dir/sceneIndex/fvpPathInterfaceSceneIndex.cpp.o
[2023-12-21T22:40:37.335Z]     [15/129] Building CXX object lib/flowViewport/CMakeFiles/flowViewport.dir/sceneIndex/fvpSelectionSceneIndex.cpp.o
[2023-12-21T22:40:37.335Z]     [16/129] Building CXX object lib/flowViewport/CMakeFiles/flowViewport.dir/sceneIndex/fvpParentDataModifierSceneIndex.cpp.o
[2023-12-21T22:40:38.495Z]     [17/129] Building CXX object lib/flowViewport/CMakeFiles/flowViewport.dir/sceneIndex/fvpRenderIndexProxy.cpp.o
[2023-12-21T22:40:39.062Z]     [18/129] Building CXX object plugin/mayaHydraSceneBrowserTest/CMakeFiles/mayaHydraSceneBrowserTest.dir/mayaHydraSceneBrowserTestCmd.cpp.o
[2023-12-21T22:40:39.609Z]     [19/129] Building CXX object plugin/mayaHydraSceneBrowser/CMakeFiles/mayaHydraSceneBrowser.dir/mayaHydraSceneBrowser.cpp.o
[2023-12-21T22:40:42.140Z]     [20/129] Building CXX object lib/adskHydraSceneBrowser/lib/CMakeFiles/adskHydraSceneBrowser.dir/src/patch/sceneIndexObserverLoggingTreeView.cpp.o
[2023-12-21T22:40:42.140Z]     [21/129] Building CXX object lib/adskHydraSceneBrowser/lib/CMakeFiles/adskHydraSceneBrowser.dir/adskHydraSceneBrowser_autogen/mocs_compilation.cpp.o
[2023-12-21T22:40:42.140Z]     [22/129] Building CXX object lib/adskHydraSceneBrowser/lib/CMakeFiles/adskHydraSceneBrowser.dir/src/patch/registeredSceneIndexChooser.cpp.o
[2023-12-21T22:40:43.307Z]     [23/129] Building CXX object lib/adskHydraSceneBrowser/lib/CMakeFiles/adskHydraSceneBrowser.dir/src/patch/dataSourceTreeWidget.cpp.o
[2023-12-21T22:40:43.307Z]     [24/129] Building CXX object lib/adskHydraSceneBrowser/lib/CMakeFiles/adskHydraSceneBrowser.dir/src/patch/dataSourceValueTreeView.cpp.o
[2023-12-21T22:40:43.307Z]     [25/129] Building CXX object lib/flowViewport/CMakeFiles/flowViewport.dir/API/interfacesImp/fvpVersionInterfaceImp.cpp.o
[2023-12-21T22:40:43.307Z]     [26/129] Building CXX object lib/adskHydraSceneBrowser/lib/CMakeFiles/adskHydraSceneBrowser.dir/src/patch/sceneIndexObserverLoggingWidget.cpp.o
[2023-12-21T22:40:44.443Z]     [27/129] Building CXX object lib/flowViewport/CMakeFiles/flowViewport.dir/API/samples/fvpSelectionClientExample.cpp.o
[2023-12-21T22:40:44.443Z]     [28/129] Building CXX object lib/adskHydraSceneBrowser/lib/CMakeFiles/adskHydraSceneBrowser.dir/src/patch/sceneIndexDebuggerWidget.cpp.o
[2023-12-21T22:40:45.602Z]     [29/129] Building CXX object lib/adskHydraSceneBrowser/lib/CMakeFiles/adskHydraSceneBrowser.dir/src/patch/sceneIndexTreeWidget.cpp.o
[2023-12-21T22:40:46.235Z]     [30/129] Linking CXX shared library lib/adskHydraSceneBrowser/lib/libadskHydraSceneBrowser.dylib
[2023-12-21T22:40:46.766Z]     [31/129] Building CXX object lib/flowViewport/CMakeFiles/flowViewport.dir/API/interfacesImp/fvpInformationInterfaceImp.cpp.o
[2023-12-21T22:40:46.766Z]     [32/129] Building CXX object lib/flowViewport/CMakeFiles/flowViewport.dir/sceneIndex/fvpWireframeSelectionHighlightSceneIndex.cpp.o
[2023-12-21T22:40:47.912Z]     [33/129] Building CXX object lib/flowViewport/CMakeFiles/flowViewport.dir/API/samples/fvpInformationClientExample.cpp.o
[2023-12-21T22:40:48.467Z]     [34/129] Building CXX object lib/flowViewport/CMakeFiles/flowViewport.dir/API/interfacesImp/fvpFilteringSceneIndexInterfaceImp.cpp.o
[2023-12-21T22:40:48.467Z]     [35/129] Building CXX object lib/adskHydraSceneBrowser/test/CMakeFiles/adskHydraSceneBrowserTesting.dir/adskHydraSceneBrowserTesting.cpp.o
[2023-12-21T22:40:48.467Z]     [36/129] Building CXX object lib/flowViewport/CMakeFiles/flowViewport.dir/API/interfacesImp/fvpDataProducerSceneIndexInterfaceImp.cpp.o
[2023-12-21T22:40:49.631Z]     [37/129] Building CXX object lib/adskHydraSceneBrowser/test/CMakeFiles/adskHydraSceneBrowserTesting.dir/adskHydraSceneBrowserTestFixture.cpp.o
[2023-12-21T22:40:50.176Z]     [38/129] Linking CXX shared library lib/adskHydraSceneBrowser/test/libadskHydraSceneBrowserTesting.dylib
[2023-12-21T22:40:50.176Z]     [39/129] Building CXX object lib/flowViewport/CMakeFiles/flowViewport.dir/API/samples/fvpFilteringSceneIndexExample.cpp.o
[2023-12-21T22:40:52.062Z]     [40/129] Building CXX object lib/flowViewport/CMakeFiles/flowViewport.dir/API/samples/fvpFilteringSceneIndexClientExample.cpp.o
[2023-12-21T22:40:52.063Z]     [41/129] Building CXX object lib/flowViewport/CMakeFiles/flowViewport.dir/API/perViewportSceneIndicesData/fvpViewportInformationAndSceneIndicesPerViewportData.cpp.o
[2023-12-21T22:40:52.063Z]     [42/129] Building CXX object lib/flowViewport/CMakeFiles/flowViewport.dir/API/perViewportSceneIndicesData/fvpFilteringSceneIndexDataBase.cpp.o
[2023-12-21T22:40:52.063Z]     [43/129] Building CXX object lib/flowViewport/CMakeFiles/flowViewport.dir/selection/fvpSelectionFwd.cpp.o
[2023-12-21T22:40:52.609Z]     [44/129] Building CXX object lib/flowViewport/CMakeFiles/flowViewport.dir/API/samples/fvpDataProducerSceneIndexExample.cpp.o
[2023-12-21T22:40:52.609Z]     [45/129] Building CXX object lib/flowViewport/CMakeFiles/flowViewport.dir/API/perViewportSceneIndicesData/fvpViewportAPITokens.cpp.o
[2023-12-21T22:40:53.165Z]     [46/129] Building CXX object lib/flowViewport/CMakeFiles/flowViewport.dir/API/perViewportSceneIndicesData/fvpViewportInformationAndSceneIndicesPerViewportDataManager.cpp.o
[2023-12-21T22:40:53.717Z]     [47/129] Building CXX object lib/flowViewport/CMakeFiles/flowViewport.dir/API/perViewportSceneIndicesData/fvpDataProducerSceneIndexDataBase.cpp.o
[2023-12-21T22:40:53.717Z]     [48/129] Building CXX object lib/mayaHydra/mayaPlugin/CMakeFiles/mayaHydra.dir/colorNotFoundException.cpp.o
[2023-12-21T22:40:54.260Z]     [49/129] Building CXX object lib/flowViewport/CMakeFiles/flowViewport.dir/selection/fvpSelection.cpp.o
[2023-12-21T22:40:54.260Z]     [50/129] Building CXX object lib/mayaHydra/mayaPlugin/CMakeFiles/mayaHydra.dir/pluginDebugCodes.cpp.o
[2023-12-21T22:40:54.821Z]     [51/129] Building CXX object lib/mayaHydra/mayaPlugin/CMakeFiles/mayaHydra.dir/mayaColorPreferencesTranslator.cpp.o
[2023-12-21T22:40:54.821Z]     [52/129] Building CXX object lib/flowViewport/CMakeFiles/flowViewport.dir/API/perViewportSceneIndicesData/fvpFilteringSceneIndicesChainManager.cpp.o
[2023-12-21T22:40:55.967Z]     [53/129] Building CXX object lib/mayaHydra/mayaPlugin/CMakeFiles/mayaHydra.dir/tokens.cpp.o
[2023-12-21T22:40:56.512Z]     [54/129] Building CXX object lib/mayaHydra/hydraExtensions/CMakeFiles/mayaHydraLib.dir/debugCodes.cpp.o
[2023-12-21T22:40:57.076Z]     [55/129] Building CXX object lib/flowViewport/CMakeFiles/flowViewport.dir/selection/fvpSelectionTracker.cpp.o
[2023-12-21T22:40:57.076Z]     [56/129] Building CXX object lib/flowViewport/CMakeFiles/flowViewport.dir/selection/fvpSelectionTask.cpp.o
[2023-12-21T22:40:57.629Z]     [57/129] Linking CXX shared library lib/flowViewport/libflowViewport.dylib
[2023-12-21T22:40:58.773Z]     [58/129] Building CXX object lib/mayaHydra/hydraExtensions/CMakeFiles/mayaHydraLib.dir/mayaUtils.cpp.o
[2023-12-21T22:40:58.773Z]     [59/129] Building CXX object lib/mayaHydra/hydraExtensions/CMakeFiles/mayaHydraLib.dir/mhBuildInfo.cpp.o
[2023-12-21T22:40:59.325Z]     [60/129] Building CXX object lib/mayaHydra/mayaPlugin/CMakeFiles/mayaHydra.dir/pluginUtils.cpp.o
[2023-12-21T22:41:00.461Z]     [61/129] Building CXX object lib/mayaHydra/mayaPlugin/CMakeFiles/mayaHydra.dir/plugin.cpp.o
[2023-12-21T22:41:00.461Z]     [62/129] Building CXX object lib/mayaHydra/hydraExtensions/CMakeFiles/mayaHydraLib.dir/mayaHydraLibInterfaceImp.cpp.o
[2023-12-21T22:41:01.016Z]     [63/129] Building CXX object lib/mayaHydra/hydraExtensions/CMakeFiles/mayaHydraLib.dir/hydraUtils.cpp.o
[2023-12-21T22:41:01.570Z]     [64/129] Building CXX object lib/mayaHydra/hydraExtensions/CMakeFiles/mayaHydraLib.dir/adapters/adapterDebugCodes.cpp.o
[2023-12-21T22:41:02.114Z]     [65/129] Building CXX object lib/mayaHydra/mayaPlugin/CMakeFiles/mayaHydra.dir/viewCommand.cpp.o
[2023-12-21T22:41:02.660Z]     [66/129] Building CXX object lib/mayaHydra/hydraExtensions/CMakeFiles/mayaHydraLib.dir/mixedUtils.cpp.o
[2023-12-21T22:41:04.461Z]     [67/129] Building CXX object lib/mayaHydra/mayaPlugin/CMakeFiles/mayaHydra.dir/renderOverride.cpp.o
[2023-12-21T22:41:04.461Z]     [68/129] Building CXX object lib/mayaHydra/mayaPlugin/CMakeFiles/mayaHydra.dir/renderGlobals.cpp.o
[2023-12-21T22:41:07.072Z]     [69/129] Building CXX object lib/mayaHydra/hydraExtensions/CMakeFiles/mayaHydraLib.dir/adapters/adapter.cpp.o
[2023-12-21T22:41:08.209Z]     [70/129] Building CXX object lib/mayaHydra/hydraExtensions/CMakeFiles/mayaHydraLib.dir/adapters/adapterRegistry.cpp.o
[2023-12-21T22:41:08.762Z]     [71/129] Building CXX object lib/mayaHydra/hydraExtensions/CMakeFiles/mayaHydraLib.dir/adapters/areaLightAdapter.cpp.o
[2023-12-21T22:41:09.893Z]     [72/129] Building CXX object lib/mayaHydra/hydraExtensions/CMakeFiles/mayaHydraLib.dir/adapters/aiSkydomeLightAdapter.cpp.o
[2023-12-21T22:41:09.893Z]     [73/129] Building CXX object lib/mayaHydra/hydraExtensions/CMakeFiles/mayaHydraLib.dir/adapters/cameraAdapter.cpp.o
[2023-12-21T22:41:09.893Z]     [74/129] Building CXX object lib/mayaHydra/hydraExtensions/CMakeFiles/mayaHydraLib.dir/mayaHydraSceneProducer.cpp.o
[2023-12-21T22:41:11.048Z]     [75/129] Building CXX object lib/mayaHydra/hydraExtensions/CMakeFiles/mayaHydraLib.dir/adapters/mayaAttrs.cpp.o
[2023-12-21T22:41:11.596Z]     [76/129] Building CXX object lib/mayaHydra/hydraExtensions/CMakeFiles/mayaHydraLib.dir/adapters/dagAdapter.cpp.o
[2023-12-21T22:41:12.753Z]     [77/129] Building CXX object lib/mayaHydra/hydraExtensions/CMakeFiles/mayaHydraLib.dir/adapters/renderItemAdapter.cpp.o
[2023-12-21T22:41:14.568Z]     [78/129] Building CXX object lib/mayaHydra/hydraExtensions/CMakeFiles/mayaHydraLib.dir/adapters/lightAdapter.cpp.o
[2023-12-21T22:41:16.365Z]     [79/129] Building CXX object lib/mayaHydra/hydraExtensions/CMakeFiles/mayaHydraLib.dir/adapters/directionalLightAdapter.cpp.o
[2023-12-21T22:41:16.903Z]     [80/129] Building CXX object lib/mayaHydra/hydraExtensions/CMakeFiles/mayaHydraLib.dir/adapters/materialAdapter.cpp.o
[2023-12-21T22:41:17.463Z]     [81/129] Building CXX object lib/mayaHydra/hydraExtensions/CMakeFiles/mayaHydraLib.dir/adapters/tokens.cpp.o
[2023-12-21T22:41:18.013Z]     [82/129] Building CXX object lib/mayaHydra/hydraExtensions/CMakeFiles/mayaHydraLib.dir/adapters/meshAdapter.cpp.o
[2023-12-21T22:41:18.647Z]     [83/129] Building CXX object lib/mayaHydra/hydraExtensions/CMakeFiles/mayaHydraLib.dir/adapters/nurbsCurveAdapter.cpp.o
[2023-12-21T22:41:18.647Z]     [84/129] Building CXX object lib/mayaHydra/hydraExtensions/CMakeFiles/mayaHydraLib.dir/adapters/materialNetworkConverter.cpp.o
[2023-12-21T22:41:18.647Z]     [85/129] Building CXX object lib/mayaHydra/hydraExtensions/CMakeFiles/mayaHydraLib.dir/delegates/delegateDebugCodes.cpp.o
[2023-12-21T22:41:18.647Z]     [86/129] Building CXX object lib/mayaHydra/hydraExtensions/CMakeFiles/mayaHydraLib.dir/adapters/shapeAdapter.cpp.o
[2023-12-21T22:41:19.372Z]     [87/129] Building CXX object lib/mayaHydra/hydraExtensions/CMakeFiles/mayaHydraLib.dir/adapters/pointLightAdapter.cpp.o
[2023-12-21T22:41:21.888Z]     [88/129] Building CXX object lib/mayaHydra/hydraExtensions/CMakeFiles/mayaHydraLib.dir/adapters/spotLightAdapter.cpp.o
[2023-12-21T22:41:23.023Z]     [89/129] Building CXX object lib/mayaHydra/hydraExtensions/CMakeFiles/mayaHydraLib.dir/delegates/delegate.cpp.o
[2023-12-21T22:41:23.561Z]     [90/129] Building CXX object lib/mayaHydra/hydraExtensions/CMakeFiles/mayaHydraLib.dir/delegates/delegateCtx.cpp.o
[2023-12-21T22:41:24.717Z]     [91/129] Building CXX object lib/mayaHydra/hydraExtensions/CMakeFiles/mayaHydraLib.dir/sceneIndex/registration.cpp.o
[2023-12-21T22:41:24.717Z]     [92/129] Building CXX object lib/mayaHydra/hydraExtensions/CMakeFiles/mayaHydraLib.dir/delegates/delegateRegistry.cpp.o
[2023-12-21T22:41:25.862Z]     [93/129] Building CXX object lib/mayaHydra/hydraExtensions/CMakeFiles/mayaHydraLib.dir/sceneIndex/mayaHydraMayaDataProducerSceneIndexData.cpp.o
[2023-12-21T22:41:28.416Z]     [94/129] Building CXX object lib/mayaHydra/hydraExtensions/CMakeFiles/mayaHydraLib.dir/delegates/sceneDelegate.cpp.o
[2023-12-21T22:41:28.956Z]     [95/129] Building CXX object lib/mayaHydra/hydraExtensions/CMakeFiles/mayaHydraLib.dir/delegates/defaultLightDelegate.cpp.o
[2023-12-21T22:41:29.499Z]     [96/129] Building CXX object lib/mayaHydra/hydraExtensions/CMakeFiles/mayaHydraLib.dir/delegates/testDelegate.cpp.o
[2023-12-21T22:41:31.300Z]     [97/129] Building CXX object lib/mayaHydra/hydraExtensions/CMakeFiles/mayaHydraLib.dir/sceneIndex/mayaHydraPrimvarDataSource.cpp.o
[2023-12-21T22:41:31.852Z]     [98/129] Building CXX object lib/mayaHydra/hydraExtensions/CMakeFiles/mayaHydraLib.dir/sceneIndex/mayaHydraDisplayStyleDataSource.cpp.o
[2023-12-21T22:41:32.407Z]     [99/129] Building CXX object lib/mayaHydra/hydraExtensions/CMakeFiles/mayaHydraLib.dir/sceneIndex/mayaHydraDataSource.cpp.o
[2023-12-21T22:41:32.407Z]     [100/129] Building CXX object lib/mayaHydra/hydraExtensions/CMakeFiles/mayaHydraLib.dir/sceneIndex/mayaHydraCameraDataSource.cpp.o
[2023-12-21T22:41:32.956Z]     [101/129] Building CXX object lib/mayaHydra/hydraExtensions/CMakeFiles/mayaHydraLib.dir/sceneIndex/mayaHydraSceneIndex.cpp.o
[2023-12-21T22:41:32.956Z]     [102/129] Building CXX object lib/mayaHydra/hydraExtensions/CMakeFiles/mayaHydraLib.dir/sceneIndex/mayaHydraMayaDataProducerSceneIndexDataConcreteFactory.cpp.o
[2023-12-21T22:41:34.226Z]     [103/129] Building CXX object test/lib/mayaUsd/render/mayaToHydra/cpp/CMakeFiles/mayaHydraCppTests.dir/mayaHydraCppTestsCmd.cpp.o
[2023-12-21T22:41:34.226Z]     [104/129] Building CXX object lib/mayaHydra/hydraExtensions/CMakeFiles/mayaHydraLib.dir/sceneIndex/mayaHydraLightDataSource.cpp.o
[2023-12-21T22:41:34.781Z]     [105/129] Building CXX object lib/mayaHydra/hydraExtensions/CMakeFiles/mayaHydraLib.dir/sceneIndex/mayaHydraSceneIndexDataFactoriesSetup.cpp.o
[2023-12-21T22:41:35.342Z]     [106/129] Building CXX object test/lib/mayaUsd/render/mayaToHydra/cpp/CMakeFiles/mayaHydraCppTests.dir/testColorPreferences.cpp.o
[2023-12-21T22:41:35.342Z]     [107/129] Building CXX object lib/mayaHydra/hydraExtensions/CMakeFiles/mayaHydraLib.dir/sceneIndex/mayaHydraMayaFilteringSceneIndexDataConcreteFactory.cpp.o
[2023-12-21T22:41:35.904Z]     [108/129] Building CXX object test/lib/mayaUsd/render/mayaToHydra/cpp/CMakeFiles/mayaHydraCppTests.dir/testCppFramework.cpp.o
[2023-12-21T22:41:35.904Z]     [109/129] Building CXX object lib/mayaHydra/hydraExtensions/CMakeFiles/mayaHydraLib.dir/sceneIndex/mayaHydraMayaFilteringSceneIndexData.cpp.o
[2023-12-21T22:41:37.072Z]     [110/129] Building CXX object test/lib/mayaUsd/render/mayaToHydra/cpp/CMakeFiles/mayaHydraCppTests.dir/testUtils.cpp.o
[2023-12-21T22:41:37.072Z]     [111/129] Building CXX object lib/mayaHydra/hydraExtensions/CMakeFiles/mayaHydraLib.dir/sceneIndex/mayaHydraDefaultLightDataSource.cpp.o
[2023-12-21T22:41:39.645Z]     [112/129] Building CXX object test/lib/mayaUsd/render/mayaToHydra/cpp/CMakeFiles/mayaHydraCppTests.dir/testMayaSceneFlattening.cpp.o
[2023-12-21T22:41:39.645Z]     [113/129] Building CXX object test/lib/mayaUsd/render/mayaToHydra/cpp/CMakeFiles/mayaHydraCppTests.dir/testMayaUsdUfeItems.cpp.o
[2023-12-21T22:41:40.795Z]     [114/129] Building CXX object test/lib/mayaUsd/render/mayaToHydra/cpp/CMakeFiles/mayaHydraCppTests.dir/testFvpViewportInformationMultipleViewports.cpp.o
[2023-12-21T22:41:40.795Z]     [115/129] Building CXX object test/lib/mayaUsd/render/mayaToHydra/cpp/CMakeFiles/mayaHydraCppTests.dir/testSelectionSceneIndex.cpp.o
[2023-12-21T22:41:40.795Z]     [116/129] Building CXX object test/lib/mayaUsd/render/mayaToHydra/cpp/CMakeFiles/mayaHydraCppTests.dir/testWireframeSelectionHighlightSceneIndex.cpp.o
[2023-12-21T22:41:41.941Z]     [117/129] Building CXX object test/lib/mayaUsd/render/mayaToHydra/cpp/CMakeFiles/mayaHydraCppTests.dir/testFvpViewportInformationRendererSwitching.cpp.o
[2023-12-21T22:41:41.941Z]     [118/129] Linking CXX shared library lib/mayaHydra/hydraExtensions/libmayaHydraLib.dylib
[2023-12-21T22:41:41.941Z]     [119/129] Building CXX object test/lib/mayaUsd/render/mayaToHydra/cpp/CMakeFiles/mayaHydraCppTests.dir/testFlowViewportAPIAddPrims.cpp.o
[2023-12-21T22:41:42.511Z]     [120/129] Linking CXX shared library plugin/mayaHydraSceneBrowser/mayaHydraSceneBrowser.bundle
[2023-12-21T22:41:42.511Z]     [121/129] Linking CXX shared library plugin/mayaHydraSceneBrowserTest/mayaHydraSceneBrowserTest.bundle
[2023-12-21T22:41:42.511Z]     [122/129] Linking CXX shared library lib/mayaHydra/flowViewportAPIExamples/flowViewportAPIMayaLocator/flowViewportAPIMayaLocator.bundle
[2023-12-21T22:41:43.046Z]     [123/129] Linking CXX shared library lib/mayaHydra/mayaPlugin/mayaHydra.bundle
[2023-12-21T22:41:43.046Z]     [124/129] Building CXX object test/lib/mayaUsd/render/mayaToHydra/cpp/CMakeFiles/mayaHydraCppTests.dir/testMergingSceneIndex.cpp.o
[2023-12-21T22:41:44.148Z]     [125/129] Building CXX object test/lib/mayaUsd/render/mayaToHydra/cpp/CMakeFiles/mayaHydraCppTests.dir/testUsdStageLayerMuting.cpp.o
[2023-12-21T22:41:44.148Z]     [126/129] Building CXX object test/lib/mayaUsd/render/mayaToHydra/cpp/CMakeFiles/mayaHydraCppTests.dir/testMeshAdapterTransform.cpp.o
[2023-12-21T22:41:44.673Z]     [127/129] Building CXX object test/lib/mayaUsd/render/mayaToHydra/cpp/CMakeFiles/mayaHydraCppTests.dir/testFlowViewportAPIFilterPrims.cpp.o
[2023-12-21T22:41:45.310Z]     [128/129] Building CXX object test/lib/mayaUsd/render/mayaToHydra/cpp/CMakeFiles/mayaHydraCppTests.dir/testPrimInstancing.cpp.o
[2023-12-21T22:41:45.310Z]     [129/129] Linking CXX shared library test/lib/mayaUsd/render/mayaToHydra/cpp/mayaHydraCppTests.bundle
[2023-12-21T22:41:45.310Z]     
[2023-12-21T22:41:45.310Z]         Building with settings:
[2023-12-21T22:41:45.310Z]           Source directory          /Volumes/DATA/local/S/jenkins/workspace/ECP/ecg-maya-hydra/ecg-maya-hydra-branch-preflight-python3-osx/ecg-maya-hydra/maya-hydra
[2023-12-21T22:41:45.310Z]           Workspace directory       /local/S/jenkins/workspace/ECP/ecg-maya-hydra/ecg-maya-hydra-branch-preflight-python3-osx
[2023-12-21T22:41:45.310Z]           Build directory           /local/S/jenkins/workspace/ECP/ecg-maya-hydra/ecg-maya-hydra-branch-preflight-python3-osx/build/Debug
[2023-12-21T22:41:45.310Z]           Install directory         /local/S/jenkins/workspace/ECP/ecg-maya-hydra/ecg-maya-hydra-branch-preflight-python3-osx/install/Debug/MayaHydra
[2023-12-21T22:41:45.310Z]           Variant                   Debug
[2023-12-21T22:41:45.310Z]           Python Debug              Off
[2023-12-21T22:41:45.310Z]           CMake generator           Ninja
[2023-12-21T22:41:45.310Z]           Build arguments           ['-DCMAKE_MAKE_PROGRAM=/local/S/jenkins/workspace/shared/Artifactory/OSX/ninja/1.10.2/95d0ca5/ninja', '-DPYTHON_INCLUDE_DIR=/local/S/jenkins/workspace/shared/Artifactory/OSX/rundev-master-debug/202312201610/runtime/baf0e83/runTime/Maya.app/Contents/Frameworks/Python.framework/Versions/Current/include/python3.11', '-DPython_EXECUTABLE=/local/S/jenkins/workspace/shared/Artifactory/OSX/rundev-master-debug/202312201610/runtime/baf0e83/runTime/Maya.app/Contents/bin/mayapy', '-DPYTHON_LIBRARIES=/local/S/jenkins/workspace/shared/Artifactory/OSX/rundev-master-debug/202312201610/runtime/baf0e83/runTime/Maya.app/Contents/Frameworks/Python.framework/Versions/Current/lib/libpython3.11.dylib', '-DBUILD_WITH_PYTHON_3_VERSION=3.11', '-DBUILD_UB2=ON', '-DCMAKE_WANT_MATERIALX_BUILD=ON', '-DCMAKE_PREFIX_PATH=/local/S/jenkins/workspace/shared/Artifactory/OSX/USD/ca7f6ed', '-DMAYAHYDRA_BUILD_NUMBER=448', '-DMAYAHYDRA_GIT_COMMIT=1be3443e013ca402751b5b0249ba2bcb785b9eca', '-DMAYAHYDRA_GIT_BRANCH=master', '-DMAYAUSD_LOCATION=/local/S/jenkins/workspace/shared/Artifactory/OSX/mayausd-cotd-debug/202311222325/runtime/bd49faa/mayausd']
[2023-12-21T22:41:45.310Z]           Stages arguments          ['build']
[2023-12-21T22:41:45.310Z]           CTest arguments           ['--parallel 8']
[2023-12-21T22:41:45.310Z]     Success MayaHydra build and install !!!!
[2023-12-21T22:41:45.310Z]     Elapsed time: 00:01:15
[Pipeline] sh
[2023-12-21T22:41:46.643Z] + python ecg-maya-hydra/build.py --stages=build --workspace-dir=/local/S/jenkins/workspace/ECP/ecg-maya-hydra/ecg-maya-hydra-branch-preflight-python3-osx --artifactory-dir=/local/S/jenkins/workspace/shared/Artifactory --build-dir=/local/S/jenkins/workspace/ECP/ecg-maya-hydra/ecg-maya-hydra-branch-preflight-python3-osx/build --install-dir=/local/S/jenkins/workspace/ECP/ecg-maya-hydra/ecg-maya-hydra-branch-preflight-python3-osx/install --signing-dir=/local/S/jenkins/workspace/ECP/ecg-maya-hydra/ecg-maya-hydra-branch-preflight-python3-osx/signing --package-dir=/local/S/jenkins/workspace/ECP/ecg-maya-hydra/ecg-maya-hydra-branch-preflight-python3-osx/package --output-dir=/local/S/jenkins/workspace/ECP/ecg-maya-hydra/ecg-maya-hydra-branch-preflight-python3-osx/output --stash-dir=/local/S/jenkins/workspace/ECP/ecg-maya-hydra/ecg-maya-hydra-branch-preflight-python3-osx/stash --jenkins-build=448 --git-commit=1be3443e013ca402751b5b0249ba2bcb785b9eca --git-branch=master --variants=RelWithDebInfo --interactive-tests=true --post-zips=false --osx-binary-architecture-target=ub2 --osx-deployment-target=11.0 --osx-base-sdk=CurrentActiveSDK --build-retry=3 --maya-cut-config=maya-rundev-master.yaml --maya-package=rundev-master --stage-banner
[2023-12-21T22:41:46.643Z] Using Maya cut from /local/S/jenkins/workspace/shared/Artifactory/OSX/rundev-master/202312201610/runtime/d0a18d0
[2023-12-21T22:41:46.643Z] Using Maya ADSK Signatures from /local/S/jenkins/workspace/shared/Artifactory/OSX/adsk-plugin-signatures-maya/2023/3ae1ae7
[2023-12-21T22:41:46.643Z] Using Maya Security Library from /local/S/jenkins/workspace/shared/Artifactory/OSX/maya-security-library/3.4.0/5e08f3e
[2023-12-21T22:41:46.643Z] 
[2023-12-21T22:41:46.643Z] ================================================================================
[2023-12-21T22:41:46.643Z]                              build (RelWithDebInfo)
[2023-12-21T22:41:46.643Z] ================================================================================
[2023-12-21T22:41:46.643Z] Maya Python RelWithDebInfo Info:
[2023-12-21T22:41:46.643Z]   mayapy executable   = /local/S/jenkins/workspace/shared/Artifactory/OSX/rundev-master/202312201610/runtime/d0a18d0/runTime/Maya.app/Contents/bin/mayapy
[2023-12-21T22:41:46.643Z]   Include Folder      = /local/S/jenkins/workspace/shared/Artifactory/OSX/rundev-master/202312201610/runtime/d0a18d0/runTime/Maya.app/Contents/Frameworks/Python.framework/Versions/Current/include/python3.11
[2023-12-21T22:41:46.643Z]   Library             = /local/S/jenkins/workspace/shared/Artifactory/OSX/rundev-master/202312201610/runtime/d0a18d0/runTime/Maya.app/Contents/Frameworks/Python.framework/Versions/Current/lib/libpython3.11.dylib
[2023-12-21T22:41:46.643Z]   site-package Folder = /local/S/jenkins/workspace/shared/Artifactory/OSX/rundev-master/202312201610/runtime/d0a18d0/runTime/Maya.app/Contents/Frameworks/Python.framework/Versions/Current/lib/python3.11/site-packages
[2023-12-21T22:41:47.169Z] In workdir: /Volumes/DATA/local/S/jenkins/workspace/ECP/ecg-maya-hydra/ecg-maya-hydra-branch-preflight-python3-osx/ecg-maya-hydra/maya-hydra
[2023-12-21T22:41:47.169Z] Executing: arch -arch arm64 /local/S/jenkins/workspace/shared/Artifactory/OSX/rundev-master/202312201610/runtime/d0a18d0/runTime/Maya.app/Contents/bin/mayapy /Volumes/DATA/local/S/jenkins/workspace/ECP/ecg-maya-hydra/ecg-maya-hydra-branch-preflight-python3-osx/ecg-maya-hydra/maya-hydra/build.py --generator Ninja --build-relwithdebug --maya-location /local/S/jenkins/workspace/shared/Artifactory/OSX/rundev-master/202312201610/runtime/d0a18d0/runTime --devkit-location /local/S/jenkins/workspace/shared/Artifactory/OSX/rundev-master/202312201610/runtime/d0a18d0/devkitBase --pxrusd-location /local/S/jenkins/workspace/shared/Artifactory/OSX/USD/8270819 --build-args=-DCMAKE_MAKE_PROGRAM=/local/S/jenkins/workspace/shared/Artifactory/OSX/ninja/1.10.2/95d0ca5/ninja,-DPYTHON_INCLUDE_DIR=/local/S/jenkins/workspace/shared/Artifactory/OSX/rundev-master/202312201610/runtime/d0a18d0/runTime/Maya.app/Contents/Frameworks/Python.framework/Versions/Current/include/python3.11,-DPython_EXECUTABLE=/local/S/jenkins/workspace/shared/Artifactory/OSX/rundev-master/202312201610/runtime/d0a18d0/runTime/Maya.app/Contents/bin/mayapy,-DPYTHON_LIBRARIES=/local/S/jenkins/workspace/shared/Artifactory/OSX/rundev-master/202312201610/runtime/d0a18d0/runTime/Maya.app/Contents/Frameworks/Python.framework/Versions/Current/lib/libpython3.11.dylib,-DBUILD_WITH_PYTHON_3_VERSION=3.11,-DBUILD_UB2=ON,-DCMAKE_WANT_MATERIALX_BUILD=ON,-DCMAKE_PREFIX_PATH=/local/S/jenkins/workspace/shared/Artifactory/OSX/USD/8270819,-DMAYAHYDRA_BUILD_NUMBER=448,-DMAYAHYDRA_GIT_COMMIT=1be3443e013ca402751b5b0249ba2bcb785b9eca,-DMAYAHYDRA_GIT_BRANCH=master,-DMAYAUSD_LOCATION=/local/S/jenkins/workspace/shared/Artifactory/OSX/mayausd-cotd/202311202320/runtime/a0893a4/mayausd '--ctest-args=--parallel 8' --stages=build --redirect-outstream-file=False --install-location /local/S/jenkins/workspace/ECP/ecg-maya-hydra/ecg-maya-hydra-branch-preflight-python3-osx/install/RelWithDebInfo/MayaHydra /local/S/jenkins/workspace/ECP/ecg-maya-hydra/ecg-maya-hydra-branch-preflight-python3-osx
[2023-12-21T22:41:47.169Z] Modified environment variables:
[2023-12-21T22:41:47.169Z]     PATH=/local/S/jenkins/workspace/shared/Artifactory/OSX/cmake/3.20.3/2594509/bin:/opt/homebrew/bin:/usr/local/bin:/bin:/usr/sbin:/sbin:/usr/bin:/usr/bin:/bin:/usr/sbin:/sbin
[2023-12-21T22:41:47.696Z]     [1/129] Building CXX object lib/flowViewport/CMakeFiles/flowViewport.dir/selection/fvpSelectionFwd.cpp.o
[2023-12-21T22:41:48.223Z]     [2/129] Building CXX object lib/flowViewport/CMakeFiles/flowViewport.dir/debugCodes.cpp.o
[2023-12-21T22:41:49.325Z]     [3/129] Building CXX object lib/flowViewport/CMakeFiles/flowViewport.dir/global.cpp.o
[2023-12-21T22:41:49.850Z]     [4/129] Building CXX object lib/flowViewport/CMakeFiles/flowViewport.dir/tokens.cpp.o
[2023-12-21T22:41:49.850Z]     [5/129] Building CXX object lib/mayaHydra/ufeExtensions/CMakeFiles/ufeExtensions.dir/Global.cpp.o
[2023-12-21T22:41:50.377Z]     [6/129] Linking CXX shared library lib/mayaHydra/ufeExtensions/libufeExtensions.dylib
[2023-12-21T22:41:50.909Z]     [7/129] Automatic MOC for target adskHydraSceneBrowser
[2023-12-21T22:41:51.454Z]     [8/129] Building CXX object lib/flowViewport/CMakeFiles/flowViewport.dir/colorPreferences/fvpColorChanged.cpp.o
[2023-12-21T22:41:51.454Z]     [9/129] Building CXX object lib/flowViewport/CMakeFiles/flowViewport.dir/colorPreferences/fvpColorPreferencesTokens.cpp.o
[2023-12-21T22:41:51.454Z]     [10/129] Building CXX object lib/flowViewport/CMakeFiles/flowViewport.dir/colorPreferences/fvpColorPreferences.cpp.o
[2023-12-21T22:41:53.273Z]     [11/129] Building CXX object lib/flowViewport/CMakeFiles/flowViewport.dir/selection/fvpSelection.cpp.o
[2023-12-21T22:41:53.273Z]     [12/129] Building CXX object lib/mayaHydra/flowViewportAPIExamples/flowViewportAPIMayaLocator/CMakeFiles/flowViewportAPIMayaLocator.dir/flowViewportAPIMayaLocator.cpp.o
[2023-12-21T22:41:53.827Z]     [13/129] Building CXX object lib/flowViewport/CMakeFiles/flowViewport.dir/selection/fvpSelectionTracker.cpp.o
[2023-12-21T22:41:53.827Z]     [14/129] Building CXX object lib/flowViewport/CMakeFiles/flowViewport.dir/selection/fvpSelectionTask.cpp.o
[2023-12-21T22:41:57.177Z]     [15/129] Building CXX object lib/adskHydraSceneBrowser/lib/CMakeFiles/adskHydraSceneBrowser.dir/src/patch/sceneIndexObserverLoggingWidget.cpp.o
[2023-12-21T22:41:57.177Z]     [16/129] Building CXX object lib/adskHydraSceneBrowser/lib/CMakeFiles/adskHydraSceneBrowser.dir/src/patch/sceneIndexDebuggerWidget.cpp.o
[2023-12-21T22:41:57.724Z]     [17/129] Building CXX object lib/adskHydraSceneBrowser/lib/CMakeFiles/adskHydraSceneBrowser.dir/src/patch/sceneIndexObserverLoggingTreeView.cpp.o
[2023-12-21T22:41:57.724Z]     [18/129] Building CXX object plugin/mayaHydraSceneBrowserTest/CMakeFiles/mayaHydraSceneBrowserTest.dir/mayaHydraSceneBrowserTestCmd.cpp.o
[2023-12-21T22:41:58.874Z]     [19/129] Building CXX object lib/adskHydraSceneBrowser/lib/CMakeFiles/adskHydraSceneBrowser.dir/src/patch/sceneIndexTreeWidget.cpp.o
[2023-12-21T22:41:58.874Z]     [20/129] Building CXX object plugin/mayaHydraSceneBrowser/CMakeFiles/mayaHydraSceneBrowser.dir/mayaHydraSceneBrowser.cpp.o
[2023-12-21T22:41:59.435Z]     [21/129] Building CXX object lib/flowViewport/CMakeFiles/flowViewport.dir/sceneIndex/fvpPathInterface.cpp.o
[2023-12-21T22:41:59.435Z]     [22/129] Building CXX object lib/adskHydraSceneBrowser/test/CMakeFiles/adskHydraSceneBrowserTesting.dir/adskHydraSceneBrowserTesting.cpp.o
[2023-12-21T22:42:01.980Z]     [23/129] Building CXX object lib/adskHydraSceneBrowser/lib/CMakeFiles/adskHydraSceneBrowser.dir/src/patch/registeredSceneIndexChooser.cpp.o
[2023-12-21T22:42:02.799Z]     [24/129] Building CXX object lib/flowViewport/CMakeFiles/flowViewport.dir/sceneIndex/fvpMergingSceneIndex.cpp.o
[2023-12-21T22:42:02.799Z]     [25/129] Building CXX object lib/flowViewport/CMakeFiles/flowViewport.dir/sceneIndex/fvpPathInterfaceSceneIndex.cpp.o
[2023-12-21T22:42:03.355Z]     [26/129] Building CXX object lib/adskHydraSceneBrowser/lib/CMakeFiles/adskHydraSceneBrowser.dir/adskHydraSceneBrowser_autogen/mocs_compilation.cpp.o
[2023-12-21T22:42:04.528Z]     [27/129] Building CXX object lib/adskHydraSceneBrowser/lib/CMakeFiles/adskHydraSceneBrowser.dir/src/patch/dataSourceValueTreeView.cpp.o
[2023-12-21T22:42:04.528Z]     [28/129] Building CXX object lib/flowViewport/CMakeFiles/flowViewport.dir/sceneIndex/fvpRenderIndexProxy.cpp.o
[2023-12-21T22:42:04.528Z]     [29/129] Building CXX object lib/flowViewport/CMakeFiles/flowViewport.dir/API/interfacesImp/fvpVersionInterfaceImp.cpp.o
[2023-12-21T22:42:05.083Z]     [30/129] Building CXX object lib/flowViewport/CMakeFiles/flowViewport.dir/API/interfacesImp/fvpSelectionInterfaceImp.cpp.o
[2023-12-21T22:42:05.626Z]     [31/129] Building CXX object lib/adskHydraSceneBrowser/lib/CMakeFiles/adskHydraSceneBrowser.dir/src/patch/dataSourceTreeWidget.cpp.o
[2023-12-21T22:42:05.626Z]     [32/129] Building CXX object lib/flowViewport/CMakeFiles/flowViewport.dir/API/samples/fvpSelectionClientExample.cpp.o
[2023-12-21T22:42:05.626Z]     [33/129] Linking CXX shared library lib/adskHydraSceneBrowser/lib/libadskHydraSceneBrowser.dylib
[2023-12-21T22:42:06.204Z]     [34/129] Building CXX object lib/adskHydraSceneBrowser/test/CMakeFiles/adskHydraSceneBrowserTesting.dir/adskHydraSceneBrowserTestFixture.cpp.o
[2023-12-21T22:42:06.204Z]     [35/129] Linking CXX shared library lib/adskHydraSceneBrowser/test/libadskHydraSceneBrowserTesting.dylib
[2023-12-21T22:42:06.747Z]     [36/129] Building CXX object lib/flowViewport/CMakeFiles/flowViewport.dir/sceneIndex/fvpParentDataModifierSceneIndex.cpp.o
[2023-12-21T22:42:06.747Z]     [37/129] Building CXX object lib/flowViewport/CMakeFiles/flowViewport.dir/sceneIndex/fvpSelectionSceneIndex.cpp.o
[2023-12-21T22:42:08.566Z]     [38/129] Building CXX object lib/flowViewport/CMakeFiles/flowViewport.dir/sceneIndex/fvpWireframeSelectionHighlightSceneIndex.cpp.o
[2023-12-21T22:42:08.566Z]     [39/129] Building CXX object lib/flowViewport/CMakeFiles/flowViewport.dir/API/interfacesImp/fvpInformationInterfaceImp.cpp.o
[2023-12-21T22:42:09.117Z]     [40/129] Building CXX object lib/flowViewport/CMakeFiles/flowViewport.dir/API/samples/fvpInformationClientExample.cpp.o
[2023-12-21T22:42:09.675Z]     [41/129] Building CXX object lib/flowViewport/CMakeFiles/flowViewport.dir/API/interfacesImp/fvpFilteringSceneIndexInterfaceImp.cpp.o
[2023-12-21T22:42:10.215Z]     [42/129] Building CXX object lib/flowViewport/CMakeFiles/flowViewport.dir/API/interfacesImp/fvpDataProducerSceneIndexInterfaceImp.cpp.o
[2023-12-21T22:42:10.766Z]     [43/129] Building CXX object lib/flowViewport/CMakeFiles/flowViewport.dir/API/samples/fvpFilteringSceneIndexExample.cpp.o
[2023-12-21T22:42:11.927Z]     [44/129] Building CXX object lib/flowViewport/CMakeFiles/flowViewport.dir/API/perViewportSceneIndicesData/fvpViewportAPITokens.cpp.o
[2023-12-21T22:42:11.927Z]     [45/129] Building CXX object lib/flowViewport/CMakeFiles/flowViewport.dir/API/samples/fvpFilteringSceneIndexClientExample.cpp.o
[2023-12-21T22:42:11.927Z]     [46/129] Building CXX object lib/flowViewport/CMakeFiles/flowViewport.dir/API/perViewportSceneIndicesData/fvpViewportInformationAndSceneIndicesPerViewportData.cpp.o
[2023-12-21T22:42:13.077Z]     [47/129] Building CXX object lib/mayaHydra/mayaPlugin/CMakeFiles/mayaHydra.dir/colorNotFoundException.cpp.o
[2023-12-21T22:42:13.077Z]     [48/129] Building CXX object lib/flowViewport/CMakeFiles/flowViewport.dir/API/perViewportSceneIndicesData/fvpFilteringSceneIndexDataBase.cpp.o
[2023-12-21T22:42:13.629Z]     [49/129] Building CXX object lib/mayaHydra/mayaPlugin/CMakeFiles/mayaHydra.dir/pluginDebugCodes.cpp.o
[2023-12-21T22:42:14.185Z]     [50/129] Building CXX object lib/flowViewport/CMakeFiles/flowViewport.dir/API/perViewportSceneIndicesData/fvpViewportInformationAndSceneIndicesPerViewportDataManager.cpp.o
[2023-12-21T22:42:14.186Z]     [51/129] Building CXX object lib/mayaHydra/mayaPlugin/CMakeFiles/mayaHydra.dir/mayaColorPreferencesTranslator.cpp.o
[2023-12-21T22:42:15.343Z]     [52/129] Building CXX object lib/flowViewport/CMakeFiles/flowViewport.dir/API/perViewportSceneIndicesData/fvpDataProducerSceneIndexDataBase.cpp.o
[2023-12-21T22:42:15.343Z]     [53/129] Building CXX object lib/mayaHydra/mayaPlugin/CMakeFiles/mayaHydra.dir/tokens.cpp.o
[2023-12-21T22:42:15.343Z]     [54/129] Building CXX object lib/flowViewport/CMakeFiles/flowViewport.dir/API/perViewportSceneIndicesData/fvpFilteringSceneIndicesChainManager.cpp.o
[2023-12-21T22:42:15.882Z]     [55/129] Building CXX object lib/flowViewport/CMakeFiles/flowViewport.dir/API/samples/fvpDataProducerSceneIndexExample.cpp.o
[2023-12-21T22:42:15.882Z]     [56/129] Linking CXX shared library lib/flowViewport/libflowViewport.dylib
[2023-12-21T22:42:16.429Z]     [57/129] Building CXX object lib/mayaHydra/hydraExtensions/CMakeFiles/mayaHydraLib.dir/debugCodes.cpp.o
[2023-12-21T22:42:17.066Z]     [58/129] Building CXX object lib/mayaHydra/hydraExtensions/CMakeFiles/mayaHydraLib.dir/mayaUtils.cpp.o
[2023-12-21T22:42:17.066Z]     [59/129] Building CXX object lib/mayaHydra/hydraExtensions/CMakeFiles/mayaHydraLib.dir/mhBuildInfo.cpp.o
[2023-12-21T22:42:19.595Z]     [60/129] Building CXX object lib/mayaHydra/mayaPlugin/CMakeFiles/mayaHydra.dir/pluginUtils.cpp.o
[2023-12-21T22:42:19.595Z]     [61/129] Building CXX object lib/mayaHydra/mayaPlugin/CMakeFiles/mayaHydra.dir/plugin.cpp.o
[2023-12-21T22:42:19.595Z]     [62/129] Building CXX object lib/mayaHydra/hydraExtensions/CMakeFiles/mayaHydraLib.dir/mayaHydraLibInterfaceImp.cpp.o
[2023-12-21T22:42:20.745Z]     [63/129] Building CXX object lib/mayaHydra/hydraExtensions/CMakeFiles/mayaHydraLib.dir/adapters/adapterDebugCodes.cpp.o
[2023-12-21T22:42:20.745Z]     [64/129] Building CXX object lib/mayaHydra/hydraExtensions/CMakeFiles/mayaHydraLib.dir/hydraUtils.cpp.o
[2023-12-21T22:42:21.298Z]     [65/129] Building CXX object lib/mayaHydra/hydraExtensions/CMakeFiles/mayaHydraLib.dir/mixedUtils.cpp.o
[2023-12-21T22:42:22.441Z]     [66/129] Building CXX object lib/mayaHydra/mayaPlugin/CMakeFiles/mayaHydra.dir/viewCommand.cpp.o
[2023-12-21T22:42:26.744Z]     [67/129] Building CXX object lib/mayaHydra/hydraExtensions/CMakeFiles/mayaHydraLib.dir/adapters/adapter.cpp.o
[2023-12-21T22:42:26.744Z]     [68/129] Building CXX object lib/mayaHydra/mayaPlugin/CMakeFiles/mayaHydra.dir/renderOverride.cpp.o
[2023-12-21T22:42:27.283Z]     [69/129] Building CXX object lib/mayaHydra/mayaPlugin/CMakeFiles/mayaHydra.dir/renderGlobals.cpp.o
[2023-12-21T22:42:29.097Z]     [70/129] Building CXX object lib/mayaHydra/hydraExtensions/CMakeFiles/mayaHydraLib.dir/adapters/areaLightAdapter.cpp.o
[2023-12-21T22:42:29.097Z]     [71/129] Building CXX object lib/mayaHydra/hydraExtensions/CMakeFiles/mayaHydraLib.dir/adapters/adapterRegistry.cpp.o
[2023-12-21T22:42:29.648Z]     [72/129] Building CXX object lib/mayaHydra/hydraExtensions/CMakeFiles/mayaHydraLib.dir/adapters/aiSkydomeLightAdapter.cpp.o
[2023-12-21T22:42:30.797Z]     [73/129] Building CXX object lib/mayaHydra/hydraExtensions/CMakeFiles/mayaHydraLib.dir/adapters/cameraAdapter.cpp.o
[2023-12-21T22:42:30.797Z]     [74/129] Building CXX object lib/mayaHydra/hydraExtensions/CMakeFiles/mayaHydraLib.dir/mayaHydraSceneProducer.cpp.o
[2023-12-21T22:42:30.797Z]     [75/129] Building CXX object lib/mayaHydra/hydraExtensions/CMakeFiles/mayaHydraLib.dir/adapters/mayaAttrs.cpp.o
[2023-12-21T22:42:35.215Z]     [76/129] Building CXX object lib/mayaHydra/hydraExtensions/CMakeFiles/mayaHydraLib.dir/adapters/dagAdapter.cpp.o
[2023-12-21T22:42:35.765Z]     [77/129] Building CXX object lib/mayaHydra/hydraExtensions/CMakeFiles/mayaHydraLib.dir/adapters/lightAdapter.cpp.o
[2023-12-21T22:42:36.307Z]     [78/129] Building CXX object lib/mayaHydra/hydraExtensions/CMakeFiles/mayaHydraLib.dir/adapters/directionalLightAdapter.cpp.o
[2023-12-21T22:42:36.856Z]     [79/129] Building CXX object lib/mayaHydra/hydraExtensions/CMakeFiles/mayaHydraLib.dir/adapters/renderItemAdapter.cpp.o
[2023-12-21T22:42:37.997Z]     [80/129] Building CXX object lib/mayaHydra/hydraExtensions/CMakeFiles/mayaHydraLib.dir/adapters/tokens.cpp.o
[2023-12-21T22:42:38.554Z]     [81/129] Building CXX object lib/mayaHydra/hydraExtensions/CMakeFiles/mayaHydraLib.dir/adapters/materialAdapter.cpp.o
[2023-12-21T22:42:39.684Z]     [82/129] Building CXX object lib/mayaHydra/hydraExtensions/CMakeFiles/mayaHydraLib.dir/adapters/nurbsCurveAdapter.cpp.o
[2023-12-21T22:42:40.238Z]     [83/129] Building CXX object lib/mayaHydra/hydraExtensions/CMakeFiles/mayaHydraLib.dir/adapters/meshAdapter.cpp.o
[2023-12-21T22:42:40.788Z]     [84/129] Building CXX object lib/mayaHydra/hydraExtensions/CMakeFiles/mayaHydraLib.dir/delegates/delegateDebugCodes.cpp.o
[2023-12-21T22:42:42.614Z]     [85/129] Building CXX object lib/mayaHydra/hydraExtensions/CMakeFiles/mayaHydraLib.dir/adapters/shapeAdapter.cpp.o
[2023-12-21T22:42:42.614Z]     [86/129] Building CXX object lib/mayaHydra/hydraExtensions/CMakeFiles/mayaHydraLib.dir/adapters/pointLightAdapter.cpp.o
[2023-12-21T22:42:44.420Z]     [87/129] Building CXX object lib/mayaHydra/hydraExtensions/CMakeFiles/mayaHydraLib.dir/adapters/materialNetworkConverter.cpp.o
[2023-12-21T22:42:44.420Z]     [88/129] Building CXX object lib/mayaHydra/hydraExtensions/CMakeFiles/mayaHydraLib.dir/delegates/delegate.cpp.o
[2023-12-21T22:42:44.966Z]     [89/129] Building CXX object lib/mayaHydra/hydraExtensions/CMakeFiles/mayaHydraLib.dir/adapters/spotLightAdapter.cpp.o
[2023-12-21T22:42:45.591Z]     [90/129] Building CXX object lib/mayaHydra/hydraExtensions/CMakeFiles/mayaHydraLib.dir/delegates/delegateCtx.cpp.o
[2023-12-21T22:42:47.393Z]     [91/129] Building CXX object lib/mayaHydra/hydraExtensions/CMakeFiles/mayaHydraLib.dir/delegates/delegateRegistry.cpp.o
[2023-12-21T22:42:49.252Z]     [92/129] Building CXX object lib/mayaHydra/hydraExtensions/CMakeFiles/mayaHydraLib.dir/sceneIndex/mayaHydraMayaDataProducerSceneIndexData.cpp.o
[2023-12-21T22:42:51.080Z]     [93/129] Building CXX object lib/mayaHydra/hydraExtensions/CMakeFiles/mayaHydraLib.dir/sceneIndex/registration.cpp.o
[2023-12-21T22:42:53.629Z]     [94/129] Building CXX object lib/mayaHydra/hydraExtensions/CMakeFiles/mayaHydraLib.dir/delegates/defaultLightDelegate.cpp.o
[2023-12-21T22:42:53.629Z]     [95/129] Building CXX object lib/mayaHydra/hydraExtensions/CMakeFiles/mayaHydraLib.dir/delegates/testDelegate.cpp.o
[2023-12-21T22:42:54.754Z]     [96/129] Building CXX object lib/mayaHydra/hydraExtensions/CMakeFiles/mayaHydraLib.dir/sceneIndex/mayaHydraPrimvarDataSource.cpp.o
[2023-12-21T22:42:56.565Z]     [97/129] Building CXX object lib/mayaHydra/hydraExtensions/CMakeFiles/mayaHydraLib.dir/delegates/sceneDelegate.cpp.o
[2023-12-21T22:42:56.565Z]     [98/129] Building CXX object lib/mayaHydra/hydraExtensions/CMakeFiles/mayaHydraLib.dir/sceneIndex/mayaHydraDataSource.cpp.o
[2023-12-21T22:42:57.105Z]     [99/129] Building CXX object lib/mayaHydra/hydraExtensions/CMakeFiles/mayaHydraLib.dir/sceneIndex/mayaHydraMayaFilteringSceneIndexDataConcreteFactory.cpp.o
[2023-12-21T22:42:57.646Z]     [100/129] Building CXX object lib/mayaHydra/hydraExtensions/CMakeFiles/mayaHydraLib.dir/sceneIndex/mayaHydraDisplayStyleDataSource.cpp.o
[2023-12-21T22:42:58.789Z]     [101/129] Building CXX object lib/mayaHydra/hydraExtensions/CMakeFiles/mayaHydraLib.dir/sceneIndex/mayaHydraCameraDataSource.cpp.o
[2023-12-21T22:42:59.342Z]     [102/129] Building CXX object lib/mayaHydra/hydraExtensions/CMakeFiles/mayaHydraLib.dir/sceneIndex/mayaHydraLightDataSource.cpp.o
[2023-12-21T22:43:00.000Z]     [103/129] Building CXX object lib/mayaHydra/hydraExtensions/CMakeFiles/mayaHydraLib.dir/sceneIndex/mayaHydraMayaDataProducerSceneIndexDataConcreteFactory.cpp.o
[2023-12-21T22:43:00.000Z]     [104/129] Building CXX object lib/mayaHydra/hydraExtensions/CMakeFiles/mayaHydraLib.dir/sceneIndex/mayaHydraSceneIndex.cpp.o
[2023-12-21T22:43:00.544Z]     [105/129] Building CXX object lib/mayaHydra/hydraExtensions/CMakeFiles/mayaHydraLib.dir/sceneIndex/mayaHydraSceneIndexDataFactoriesSetup.cpp.o
[2023-12-21T22:43:00.545Z]     [106/129] Building CXX object test/lib/mayaUsd/render/mayaToHydra/cpp/CMakeFiles/mayaHydraCppTests.dir/mayaHydraCppTestsCmd.cpp.o
[2023-12-21T22:43:00.545Z]     [107/129] Building CXX object lib/mayaHydra/hydraExtensions/CMakeFiles/mayaHydraLib.dir/sceneIndex/mayaHydraMayaFilteringSceneIndexData.cpp.o
[2023-12-21T22:43:01.724Z]     [108/129] Building CXX object test/lib/mayaUsd/render/mayaToHydra/cpp/CMakeFiles/mayaHydraCppTests.dir/testCppFramework.cpp.o
[2023-12-21T22:43:02.854Z]     [109/129] Building CXX object test/lib/mayaUsd/render/mayaToHydra/cpp/CMakeFiles/mayaHydraCppTests.dir/testUtils.cpp.o
[2023-12-21T22:43:02.854Z]     [110/129] Building CXX object test/lib/mayaUsd/render/mayaToHydra/cpp/CMakeFiles/mayaHydraCppTests.dir/testColorPreferences.cpp.o
[2023-12-21T22:43:03.409Z]     [111/129] Building CXX object lib/mayaHydra/hydraExtensions/CMakeFiles/mayaHydraLib.dir/sceneIndex/mayaHydraDefaultLightDataSource.cpp.o
[2023-12-21T22:43:05.978Z]     [112/129] Building CXX object test/lib/mayaUsd/render/mayaToHydra/cpp/CMakeFiles/mayaHydraCppTests.dir/testMayaSceneFlattening.cpp.o
[2023-12-21T22:43:05.978Z]     [113/129] Building CXX object test/lib/mayaUsd/render/mayaToHydra/cpp/CMakeFiles/mayaHydraCppTests.dir/testMayaUsdUfeItems.cpp.o
[2023-12-21T22:43:07.784Z]     [114/129] Building CXX object test/lib/mayaUsd/render/mayaToHydra/cpp/CMakeFiles/mayaHydraCppTests.dir/testFvpViewportInformationMultipleViewports.cpp.o
[2023-12-21T22:43:07.784Z]     [115/129] Building CXX object test/lib/mayaUsd/render/mayaToHydra/cpp/CMakeFiles/mayaHydraCppTests.dir/testWireframeSelectionHighlightSceneIndex.cpp.o
[2023-12-21T22:43:08.316Z]     [116/129] Building CXX object test/lib/mayaUsd/render/mayaToHydra/cpp/CMakeFiles/mayaHydraCppTests.dir/testFvpViewportInformationRendererSwitching.cpp.o
[2023-12-21T22:43:08.316Z]     [117/129] Building CXX object test/lib/mayaUsd/render/mayaToHydra/cpp/CMakeFiles/mayaHydraCppTests.dir/testSelectionSceneIndex.cpp.o
[2023-12-21T22:43:08.899Z]     [118/129] Linking CXX shared library lib/mayaHydra/hydraExtensions/libmayaHydraLib.dylib
[2023-12-21T22:43:08.899Z]     [119/129] Linking CXX shared library plugin/mayaHydraSceneBrowserTest/mayaHydraSceneBrowserTest.bundle
[2023-12-21T22:43:08.899Z]     [120/129] Linking CXX shared library plugin/mayaHydraSceneBrowser/mayaHydraSceneBrowser.bundle
[2023-12-21T22:43:08.899Z]     [121/129] Building CXX object test/lib/mayaUsd/render/mayaToHydra/cpp/CMakeFiles/mayaHydraCppTests.dir/testFlowViewportAPIAddPrims.cpp.o
[2023-12-21T22:43:09.424Z]     [122/129] Linking CXX shared library lib/mayaHydra/flowViewportAPIExamples/flowViewportAPIMayaLocator/flowViewportAPIMayaLocator.bundle
[2023-12-21T22:43:09.424Z]     [123/129] Linking CXX shared library lib/mayaHydra/mayaPlugin/mayaHydra.bundle
[2023-12-21T22:43:09.424Z]     [124/129] Building CXX object test/lib/mayaUsd/render/mayaToHydra/cpp/CMakeFiles/mayaHydraCppTests.dir/testMergingSceneIndex.cpp.o
[2023-12-21T22:43:10.524Z]     [125/129] Building CXX object test/lib/mayaUsd/render/mayaToHydra/cpp/CMakeFiles/mayaHydraCppTests.dir/testUsdStageLayerMuting.cpp.o
[2023-12-21T22:43:11.049Z]     [126/129] Building CXX object test/lib/mayaUsd/render/mayaToHydra/cpp/CMakeFiles/mayaHydraCppTests.dir/testMeshAdapterTransform.cpp.o
[2023-12-21T22:43:12.147Z]     [127/129] Building CXX object test/lib/mayaUsd/render/mayaToHydra/cpp/CMakeFiles/mayaHydraCppTests.dir/testFlowViewportAPIFilterPrims.cpp.o
[2023-12-21T22:43:12.673Z]     [128/129] Building CXX object test/lib/mayaUsd/render/mayaToHydra/cpp/CMakeFiles/mayaHydraCppTests.dir/testPrimInstancing.cpp.o
[2023-12-21T22:43:12.673Z]     [129/129] Linking CXX shared library test/lib/mayaUsd/render/mayaToHydra/cpp/mayaHydraCppTests.bundle
[2023-12-21T22:43:12.673Z]     
[2023-12-21T22:43:12.673Z]         Building with settings:
[2023-12-21T22:43:12.673Z]           Source directory          /Volumes/DATA/local/S/jenkins/workspace/ECP/ecg-maya-hydra/ecg-maya-hydra-branch-preflight-python3-osx/ecg-maya-hydra/maya-hydra
[2023-12-21T22:43:12.673Z]           Workspace directory       /local/S/jenkins/workspace/ECP/ecg-maya-hydra/ecg-maya-hydra-branch-preflight-python3-osx
[2023-12-21T22:43:12.673Z]           Build directory           /local/S/jenkins/workspace/ECP/ecg-maya-hydra/ecg-maya-hydra-branch-preflight-python3-osx/build/RelWithDebInfo
[2023-12-21T22:43:12.673Z]           Install directory         /local/S/jenkins/workspace/ECP/ecg-maya-hydra/ecg-maya-hydra-branch-preflight-python3-osx/install/RelWithDebInfo/MayaHydra
[2023-12-21T22:43:12.673Z]           Variant                   RelWithDebInfo
[2023-12-21T22:43:12.673Z]           Python Debug              Off
[2023-12-21T22:43:12.673Z]           CMake generator           Ninja
[2023-12-21T22:43:12.673Z]           Build arguments           ['-DCMAKE_MAKE_PROGRAM=/local/S/jenkins/workspace/shared/Artifactory/OSX/ninja/1.10.2/95d0ca5/ninja', '-DPYTHON_INCLUDE_DIR=/local/S/jenkins/workspace/shared/Artifactory/OSX/rundev-master/202312201610/runtime/d0a18d0/runTime/Maya.app/Contents/Frameworks/Python.framework/Versions/Current/include/python3.11', '-DPython_EXECUTABLE=/local/S/jenkins/workspace/shared/Artifactory/OSX/rundev-master/202312201610/runtime/d0a18d0/runTime/Maya.app/Contents/bin/mayapy', '-DPYTHON_LIBRARIES=/local/S/jenkins/workspace/shared/Artifactory/OSX/rundev-master/202312201610/runtime/d0a18d0/runTime/Maya.app/Contents/Frameworks/Python.framework/Versions/Current/lib/libpython3.11.dylib', '-DBUILD_WITH_PYTHON_3_VERSION=3.11', '-DBUILD_UB2=ON', '-DCMAKE_WANT_MATERIALX_BUILD=ON', '-DCMAKE_PREFIX_PATH=/local/S/jenkins/workspace/shared/Artifactory/OSX/USD/8270819', '-DMAYAHYDRA_BUILD_NUMBER=448', '-DMAYAHYDRA_GIT_COMMIT=1be3443e013ca402751b5b0249ba2bcb785b9eca', '-DMAYAHYDRA_GIT_BRANCH=master', '-DMAYAUSD_LOCATION=/local/S/jenkins/workspace/shared/Artifactory/OSX/mayausd-cotd/202311202320/runtime/a0893a4/mayausd']
[2023-12-21T22:43:12.673Z]           Stages arguments          ['build']
[2023-12-21T22:43:12.673Z]           CTest arguments           ['--parallel 8']
[2023-12-21T22:43:12.673Z]     Success MayaHydra build and install !!!!
[2023-12-21T22:43:12.673Z]     Elapsed time: 00:01:25
[Pipeline] }
[Pipeline] // withEnv
[Pipeline] }
[Pipeline] // timeout
[Pipeline] }
[Pipeline] // stage
[Pipeline] }
[Pipeline] // timestamps
[Pipeline] timestamps
[Pipeline] {
[Pipeline] stage
[Pipeline] { (Install)
[Pipeline] timeout
[2023-12-21T22:43:13.021Z] Timeout set to expire in 6 hr 0 min
[Pipeline] {
[Pipeline] withEnv
[Pipeline] {
[Pipeline] sh
[2023-12-21T22:43:14.153Z] + python ecg-maya-hydra/build.py --stages=install --workspace-dir=/local/S/jenkins/workspace/ECP/ecg-maya-hydra/ecg-maya-hydra-branch-preflight-python3-osx --artifactory-dir=/local/S/jenkins/workspace/shared/Artifactory --build-dir=/local/S/jenkins/workspace/ECP/ecg-maya-hydra/ecg-maya-hydra-branch-preflight-python3-osx/build --install-dir=/local/S/jenkins/workspace/ECP/ecg-maya-hydra/ecg-maya-hydra-branch-preflight-python3-osx/install --signing-dir=/local/S/jenkins/workspace/ECP/ecg-maya-hydra/ecg-maya-hydra-branch-preflight-python3-osx/signing --package-dir=/local/S/jenkins/workspace/ECP/ecg-maya-hydra/ecg-maya-hydra-branch-preflight-python3-osx/package --output-dir=/local/S/jenkins/workspace/ECP/ecg-maya-hydra/ecg-maya-hydra-branch-preflight-python3-osx/output --stash-dir=/local/S/jenkins/workspace/ECP/ecg-maya-hydra/ecg-maya-hydra-branch-preflight-python3-osx/stash --jenkins-build=448 --git-commit=1be3443e013ca402751b5b0249ba2bcb785b9eca --git-branch=master --variants=Debug --interactive-tests=true --post-zips=false --osx-binary-architecture-target=ub2 --osx-deployment-target=11.0 --osx-base-sdk=CurrentActiveSDK --maya-cut-config=maya-rundev-master-debug.yaml --maya-package=rundev-master-debug --stage-banner
[2023-12-21T22:43:14.153Z] Using Maya cut from /local/S/jenkins/workspace/shared/Artifactory/OSX/rundev-master-debug/202312201610/runtime/baf0e83
[2023-12-21T22:43:14.153Z] Using Maya ADSK Signatures from /local/S/jenkins/workspace/shared/Artifactory/OSX/adsk-plugin-signatures-maya/2023/3ae1ae7
[2023-12-21T22:43:14.153Z] Using Maya Security Library from /local/S/jenkins/workspace/shared/Artifactory/OSX/maya-security-library/3.4.0/5e08f3e
[2023-12-21T22:43:14.153Z] 
[2023-12-21T22:43:14.153Z] ================================================================================
[2023-12-21T22:43:14.153Z]                                 install (Debug)
[2023-12-21T22:43:14.153Z] ================================================================================
[2023-12-21T22:43:14.153Z] Maya Python Debug Info:
[2023-12-21T22:43:14.153Z]   mayapy executable   = /local/S/jenkins/workspace/shared/Artifactory/OSX/rundev-master-debug/202312201610/runtime/baf0e83/runTime/Maya.app/Contents/bin/mayapy
[2023-12-21T22:43:14.153Z]   Include Folder      = /local/S/jenkins/workspace/shared/Artifactory/OSX/rundev-master-debug/202312201610/runtime/baf0e83/runTime/Maya.app/Contents/Frameworks/Python.framework/Versions/Current/include/python3.11
[2023-12-21T22:43:14.153Z]   Library             = /local/S/jenkins/workspace/shared/Artifactory/OSX/rundev-master-debug/202312201610/runtime/baf0e83/runTime/Maya.app/Contents/Frameworks/Python.framework/Versions/Current/lib/libpython3.11.dylib
[2023-12-21T22:43:14.153Z]   site-package Folder = /local/S/jenkins/workspace/shared/Artifactory/OSX/rundev-master-debug/202312201610/runtime/baf0e83/runTime/Maya.app/Contents/Frameworks/Python.framework/Versions/Current/lib/python3.11/site-packages
[2023-12-21T22:43:14.677Z] In workdir: /Volumes/DATA/local/S/jenkins/workspace/ECP/ecg-maya-hydra/ecg-maya-hydra-branch-preflight-python3-osx/ecg-maya-hydra/maya-hydra
[2023-12-21T22:43:14.678Z] Executing: arch -arch arm64 /local/S/jenkins/workspace/shared/Artifactory/OSX/rundev-master-debug/202312201610/runtime/baf0e83/runTime/Maya.app/Contents/bin/mayapy /Volumes/DATA/local/S/jenkins/workspace/ECP/ecg-maya-hydra/ecg-maya-hydra-branch-preflight-python3-osx/ecg-maya-hydra/maya-hydra/build.py --generator Ninja --build-debug --maya-location /local/S/jenkins/workspace/shared/Artifactory/OSX/rundev-master-debug/202312201610/runtime/baf0e83/runTime --devkit-location /local/S/jenkins/workspace/shared/Artifactory/OSX/rundev-master-debug/202312201610/runtime/baf0e83/devkitBase --pxrusd-location /local/S/jenkins/workspace/shared/Artifactory/OSX/USD/ca7f6ed --build-args=-DCMAKE_MAKE_PROGRAM=/local/S/jenkins/workspace/shared/Artifactory/OSX/ninja/1.10.2/95d0ca5/ninja,-DPYTHON_INCLUDE_DIR=/local/S/jenkins/workspace/shared/Artifactory/OSX/rundev-master-debug/202312201610/runtime/baf0e83/runTime/Maya.app/Contents/Frameworks/Python.framework/Versions/Current/include/python3.11,-DPython_EXECUTABLE=/local/S/jenkins/workspace/shared/Artifactory/OSX/rundev-master-debug/202312201610/runtime/baf0e83/runTime/Maya.app/Contents/bin/mayapy,-DPYTHON_LIBRARIES=/local/S/jenkins/workspace/shared/Artifactory/OSX/rundev-master-debug/202312201610/runtime/baf0e83/runTime/Maya.app/Contents/Frameworks/Python.framework/Versions/Current/lib/libpython3.11.dylib,-DBUILD_WITH_PYTHON_3_VERSION=3.11,-DBUILD_UB2=ON,-DCMAKE_WANT_MATERIALX_BUILD=ON,-DCMAKE_PREFIX_PATH=/local/S/jenkins/workspace/shared/Artifactory/OSX/USD/ca7f6ed,-DMAYAHYDRA_BUILD_NUMBER=448,-DMAYAHYDRA_GIT_COMMIT=1be3443e013ca402751b5b0249ba2bcb785b9eca,-DMAYAHYDRA_GIT_BRANCH=master,-DMAYAUSD_LOCATION=/local/S/jenkins/workspace/shared/Artifactory/OSX/mayausd-cotd-debug/202311222325/runtime/bd49faa/mayausd '--ctest-args=--parallel 8' --stages=install --redirect-outstream-file=False --install-location /local/S/jenkins/workspace/ECP/ecg-maya-hydra/ecg-maya-hydra-branch-preflight-python3-osx/install/Debug/MayaHydra /local/S/jenkins/workspace/ECP/ecg-maya-hydra/ecg-maya-hydra-branch-preflight-python3-osx
[2023-12-21T22:43:14.678Z] Modified environment variables:
[2023-12-21T22:43:14.678Z]     PATH=/local/S/jenkins/workspace/shared/Artifactory/OSX/cmake/3.20.3/2594509/bin:/opt/homebrew/bin:/usr/local/bin:/bin:/usr/sbin:/sbin:/usr/bin:/usr/bin:/bin:/usr/sbin:/sbin
[2023-12-21T22:43:14.678Z]     [0/1] Install the project...
[2023-12-21T22:43:14.678Z]     -- Install configuration: "Debug"
[2023-12-21T22:43:15.780Z]     
[2023-12-21T22:43:15.780Z]         Building with settings:
[2023-12-21T22:43:15.780Z]           Source directory          /Volumes/DATA/local/S/jenkins/workspace/ECP/ecg-maya-hydra/ecg-maya-hydra-branch-preflight-python3-osx/ecg-maya-hydra/maya-hydra
[2023-12-21T22:43:15.780Z]           Workspace directory       /local/S/jenkins/workspace/ECP/ecg-maya-hydra/ecg-maya-hydra-branch-preflight-python3-osx
[2023-12-21T22:43:15.780Z]           Build directory           /local/S/jenkins/workspace/ECP/ecg-maya-hydra/ecg-maya-hydra-branch-preflight-python3-osx/build/Debug
[2023-12-21T22:43:15.780Z]           Install directory         /local/S/jenkins/workspace/ECP/ecg-maya-hydra/ecg-maya-hydra-branch-preflight-python3-osx/install/Debug/MayaHydra
[2023-12-21T22:43:15.780Z]           Variant                   Debug
[2023-12-21T22:43:15.780Z]           Python Debug              Off
[2023-12-21T22:43:15.780Z]           CMake generator           Ninja
[2023-12-21T22:43:15.780Z]           Build arguments           ['-DCMAKE_MAKE_PROGRAM=/local/S/jenkins/workspace/shared/Artifactory/OSX/ninja/1.10.2/95d0ca5/ninja', '-DPYTHON_INCLUDE_DIR=/local/S/jenkins/workspace/shared/Artifactory/OSX/rundev-master-debug/202312201610/runtime/baf0e83/runTime/Maya.app/Contents/Frameworks/Python.framework/Versions/Current/include/python3.11', '-DPython_EXECUTABLE=/local/S/jenkins/workspace/shared/Artifactory/OSX/rundev-master-debug/202312201610/runtime/baf0e83/runTime/Maya.app/Contents/bin/mayapy', '-DPYTHON_LIBRARIES=/local/S/jenkins/workspace/shared/Artifactory/OSX/rundev-master-debug/202312201610/runtime/baf0e83/runTime/Maya.app/Contents/Frameworks/Python.framework/Versions/Current/lib/libpython3.11.dylib', '-DBUILD_WITH_PYTHON_3_VERSION=3.11', '-DBUILD_UB2=ON', '-DCMAKE_WANT_MATERIALX_BUILD=ON', '-DCMAKE_PREFIX_PATH=/local/S/jenkins/workspace/shared/Artifactory/OSX/USD/ca7f6ed', '-DMAYAHYDRA_BUILD_NUMBER=448', '-DMAYAHYDRA_GIT_COMMIT=1be3443e013ca402751b5b0249ba2bcb785b9eca', '-DMAYAHYDRA_GIT_BRANCH=master', '-DMAYAUSD_LOCATION=/local/S/jenkins/workspace/shared/Artifactory/OSX/mayausd-cotd-debug/202311222325/runtime/bd49faa/mayausd']
[2023-12-21T22:43:15.780Z]           Stages arguments          ['install']
[2023-12-21T22:43:15.780Z]           CTest arguments           ['--parallel 8']
[2023-12-21T22:43:15.780Z]     Success MayaHydra build and install !!!!
[2023-12-21T22:43:15.780Z]     Elapsed time: 00:00:01
[Pipeline] sh
[2023-12-21T22:43:17.093Z] + python ecg-maya-hydra/build.py --stages=install --workspace-dir=/local/S/jenkins/workspace/ECP/ecg-maya-hydra/ecg-maya-hydra-branch-preflight-python3-osx --artifactory-dir=/local/S/jenkins/workspace/shared/Artifactory --build-dir=/local/S/jenkins/workspace/ECP/ecg-maya-hydra/ecg-maya-hydra-branch-preflight-python3-osx/build --install-dir=/local/S/jenkins/workspace/ECP/ecg-maya-hydra/ecg-maya-hydra-branch-preflight-python3-osx/install --signing-dir=/local/S/jenkins/workspace/ECP/ecg-maya-hydra/ecg-maya-hydra-branch-preflight-python3-osx/signing --package-dir=/local/S/jenkins/workspace/ECP/ecg-maya-hydra/ecg-maya-hydra-branch-preflight-python3-osx/package --output-dir=/local/S/jenkins/workspace/ECP/ecg-maya-hydra/ecg-maya-hydra-branch-preflight-python3-osx/output --stash-dir=/local/S/jenkins/workspace/ECP/ecg-maya-hydra/ecg-maya-hydra-branch-preflight-python3-osx/stash --jenkins-build=448 --git-commit=1be3443e013ca402751b5b0249ba2bcb785b9eca --git-branch=master --variants=RelWithDebInfo --interactive-tests=true --post-zips=false --osx-binary-architecture-target=ub2 --osx-deployment-target=11.0 --osx-base-sdk=CurrentActiveSDK --maya-cut-config=maya-rundev-master.yaml --maya-package=rundev-master --stage-banner
[2023-12-21T22:43:17.093Z] Using Maya cut from /local/S/jenkins/workspace/shared/Artifactory/OSX/rundev-master/202312201610/runtime/d0a18d0
[2023-12-21T22:43:17.093Z] Using Maya ADSK Signatures from /local/S/jenkins/workspace/shared/Artifactory/OSX/adsk-plugin-signatures-maya/2023/3ae1ae7
[2023-12-21T22:43:17.093Z] Using Maya Security Library from /local/S/jenkins/workspace/shared/Artifactory/OSX/maya-security-library/3.4.0/5e08f3e
[2023-12-21T22:43:17.093Z] 
[2023-12-21T22:43:17.093Z] ================================================================================
[2023-12-21T22:43:17.093Z]                             install (RelWithDebInfo)
[2023-12-21T22:43:17.093Z] ================================================================================
[2023-12-21T22:43:17.093Z] Maya Python RelWithDebInfo Info:
[2023-12-21T22:43:17.093Z]   mayapy executable   = /local/S/jenkins/workspace/shared/Artifactory/OSX/rundev-master/202312201610/runtime/d0a18d0/runTime/Maya.app/Contents/bin/mayapy
[2023-12-21T22:43:17.093Z]   Include Folder      = /local/S/jenkins/workspace/shared/Artifactory/OSX/rundev-master/202312201610/runtime/d0a18d0/runTime/Maya.app/Contents/Frameworks/Python.framework/Versions/Current/include/python3.11
[2023-12-21T22:43:17.093Z]   Library             = /local/S/jenkins/workspace/shared/Artifactory/OSX/rundev-master/202312201610/runtime/d0a18d0/runTime/Maya.app/Contents/Frameworks/Python.framework/Versions/Current/lib/libpython3.11.dylib
[2023-12-21T22:43:17.093Z]   site-package Folder = /local/S/jenkins/workspace/shared/Artifactory/OSX/rundev-master/202312201610/runtime/d0a18d0/runTime/Maya.app/Contents/Frameworks/Python.framework/Versions/Current/lib/python3.11/site-packages
[2023-12-21T22:43:17.617Z] In workdir: /Volumes/DATA/local/S/jenkins/workspace/ECP/ecg-maya-hydra/ecg-maya-hydra-branch-preflight-python3-osx/ecg-maya-hydra/maya-hydra
[2023-12-21T22:43:17.617Z] Executing: arch -arch arm64 /local/S/jenkins/workspace/shared/Artifactory/OSX/rundev-master/202312201610/runtime/d0a18d0/runTime/Maya.app/Contents/bin/mayapy /Volumes/DATA/local/S/jenkins/workspace/ECP/ecg-maya-hydra/ecg-maya-hydra-branch-preflight-python3-osx/ecg-maya-hydra/maya-hydra/build.py --generator Ninja --build-relwithdebug --maya-location /local/S/jenkins/workspace/shared/Artifactory/OSX/rundev-master/202312201610/runtime/d0a18d0/runTime --devkit-location /local/S/jenkins/workspace/shared/Artifactory/OSX/rundev-master/202312201610/runtime/d0a18d0/devkitBase --pxrusd-location /local/S/jenkins/workspace/shared/Artifactory/OSX/USD/8270819 --build-args=-DCMAKE_MAKE_PROGRAM=/local/S/jenkins/workspace/shared/Artifactory/OSX/ninja/1.10.2/95d0ca5/ninja,-DPYTHON_INCLUDE_DIR=/local/S/jenkins/workspace/shared/Artifactory/OSX/rundev-master/202312201610/runtime/d0a18d0/runTime/Maya.app/Contents/Frameworks/Python.framework/Versions/Current/include/python3.11,-DPython_EXECUTABLE=/local/S/jenkins/workspace/shared/Artifactory/OSX/rundev-master/202312201610/runtime/d0a18d0/runTime/Maya.app/Contents/bin/mayapy,-DPYTHON_LIBRARIES=/local/S/jenkins/workspace/shared/Artifactory/OSX/rundev-master/202312201610/runtime/d0a18d0/runTime/Maya.app/Contents/Frameworks/Python.framework/Versions/Current/lib/libpython3.11.dylib,-DBUILD_WITH_PYTHON_3_VERSION=3.11,-DBUILD_UB2=ON,-DCMAKE_WANT_MATERIALX_BUILD=ON,-DCMAKE_PREFIX_PATH=/local/S/jenkins/workspace/shared/Artifactory/OSX/USD/8270819,-DMAYAHYDRA_BUILD_NUMBER=448,-DMAYAHYDRA_GIT_COMMIT=1be3443e013ca402751b5b0249ba2bcb785b9eca,-DMAYAHYDRA_GIT_BRANCH=master,-DMAYAUSD_LOCATION=/local/S/jenkins/workspace/shared/Artifactory/OSX/mayausd-cotd/202311202320/runtime/a0893a4/mayausd '--ctest-args=--parallel 8' --stages=install --redirect-outstream-file=False --install-location /local/S/jenkins/workspace/ECP/ecg-maya-hydra/ecg-maya-hydra-branch-preflight-python3-osx/install/RelWithDebInfo/MayaHydra /local/S/jenkins/workspace/ECP/ecg-maya-hydra/ecg-maya-hydra-branch-preflight-python3-osx
[2023-12-21T22:43:17.617Z] Modified environment variables:
[2023-12-21T22:43:17.617Z]     PATH=/local/S/jenkins/workspace/shared/Artifactory/OSX/cmake/3.20.3/2594509/bin:/opt/homebrew/bin:/usr/local/bin:/bin:/usr/sbin:/sbin:/usr/bin:/usr/bin:/bin:/usr/sbin:/sbin
[2023-12-21T22:43:17.617Z]     [0/1] Install the project...
[2023-12-21T22:43:17.617Z]     -- Install configuration: "RelWithDebInfo"
[2023-12-21T22:43:18.144Z]     
[2023-12-21T22:43:18.145Z]         Building with settings:
[2023-12-21T22:43:18.145Z]           Source directory          /Volumes/DATA/local/S/jenkins/workspace/ECP/ecg-maya-hydra/ecg-maya-hydra-branch-preflight-python3-osx/ecg-maya-hydra/maya-hydra
[2023-12-21T22:43:18.145Z]           Workspace directory       /local/S/jenkins/workspace/ECP/ecg-maya-hydra/ecg-maya-hydra-branch-preflight-python3-osx
[2023-12-21T22:43:18.145Z]           Build directory           /local/S/jenkins/workspace/ECP/ecg-maya-hydra/ecg-maya-hydra-branch-preflight-python3-osx/build/RelWithDebInfo
[2023-12-21T22:43:18.145Z]           Install directory         /local/S/jenkins/workspace/ECP/ecg-maya-hydra/ecg-maya-hydra-branch-preflight-python3-osx/install/RelWithDebInfo/MayaHydra
[2023-12-21T22:43:18.145Z]           Variant                   RelWithDebInfo
[2023-12-21T22:43:18.145Z]           Python Debug              Off
[2023-12-21T22:43:18.145Z]           CMake generator           Ninja
[2023-12-21T22:43:18.145Z]           Build arguments           ['-DCMAKE_MAKE_PROGRAM=/local/S/jenkins/workspace/shared/Artifactory/OSX/ninja/1.10.2/95d0ca5/ninja', '-DPYTHON_INCLUDE_DIR=/local/S/jenkins/workspace/shared/Artifactory/OSX/rundev-master/202312201610/runtime/d0a18d0/runTime/Maya.app/Contents/Frameworks/Python.framework/Versions/Current/include/python3.11', '-DPython_EXECUTABLE=/local/S/jenkins/workspace/shared/Artifactory/OSX/rundev-master/202312201610/runtime/d0a18d0/runTime/Maya.app/Contents/bin/mayapy', '-DPYTHON_LIBRARIES=/local/S/jenkins/workspace/shared/Artifactory/OSX/rundev-master/202312201610/runtime/d0a18d0/runTime/Maya.app/Contents/Frameworks/Python.framework/Versions/Current/lib/libpython3.11.dylib', '-DBUILD_WITH_PYTHON_3_VERSION=3.11', '-DBUILD_UB2=ON', '-DCMAKE_WANT_MATERIALX_BUILD=ON', '-DCMAKE_PREFIX_PATH=/local/S/jenkins/workspace/shared/Artifactory/OSX/USD/8270819', '-DMAYAHYDRA_BUILD_NUMBER=448', '-DMAYAHYDRA_GIT_COMMIT=1be3443e013ca402751b5b0249ba2bcb785b9eca', '-DMAYAHYDRA_GIT_BRANCH=master', '-DMAYAUSD_LOCATION=/local/S/jenkins/workspace/shared/Artifactory/OSX/mayausd-cotd/202311202320/runtime/a0893a4/mayausd']
[2023-12-21T22:43:18.145Z]           Stages arguments          ['install']
[2023-12-21T22:43:18.145Z]           CTest arguments           ['--parallel 8']
[2023-12-21T22:43:18.145Z]     Success MayaHydra build and install !!!!
[2023-12-21T22:43:18.145Z]     Elapsed time: 00:00:00
[Pipeline] }
[Pipeline] // withEnv
[Pipeline] }
[Pipeline] // timeout
[Pipeline] }
[Pipeline] // stage
[Pipeline] }
[Pipeline] // timestamps
[Pipeline] timestamps
[Pipeline] {
[Pipeline] stage
[Pipeline] { (Test)
[Pipeline] timeout
[2023-12-21T22:43:18.492Z] Timeout set to expire in 6 hr 0 min
[Pipeline] {
[Pipeline] withEnv
[Pipeline] {
[Pipeline] sh
[2023-12-21T22:43:19.609Z] + python ecg-maya-hydra/build.py --stages=test --workspace-dir=/local/S/jenkins/workspace/ECP/ecg-maya-hydra/ecg-maya-hydra-branch-preflight-python3-osx --artifactory-dir=/local/S/jenkins/workspace/shared/Artifactory --build-dir=/local/S/jenkins/workspace/ECP/ecg-maya-hydra/ecg-maya-hydra-branch-preflight-python3-osx/build --install-dir=/local/S/jenkins/workspace/ECP/ecg-maya-hydra/ecg-maya-hydra-branch-preflight-python3-osx/install --signing-dir=/local/S/jenkins/workspace/ECP/ecg-maya-hydra/ecg-maya-hydra-branch-preflight-python3-osx/signing --package-dir=/local/S/jenkins/workspace/ECP/ecg-maya-hydra/ecg-maya-hydra-branch-preflight-python3-osx/package --output-dir=/local/S/jenkins/workspace/ECP/ecg-maya-hydra/ecg-maya-hydra-branch-preflight-python3-osx/output --stash-dir=/local/S/jenkins/workspace/ECP/ecg-maya-hydra/ecg-maya-hydra-branch-preflight-python3-osx/stash --jenkins-build=448 --git-commit=1be3443e013ca402751b5b0249ba2bcb785b9eca --git-branch=master --variants=RelWithDebInfo --interactive-tests=true --post-zips=false --osx-binary-architecture-target=ub2 --osx-deployment-target=11.0 --osx-base-sdk=CurrentActiveSDK --test-jobs=0 --failed-test-retry=3 --maya-cut-config=maya-rundev-master.yaml --maya-package=rundev-master --stage-banner --progressive-timeout
[2023-12-21T22:43:19.609Z] Using Maya cut from /local/S/jenkins/workspace/shared/Artifactory/OSX/rundev-master/202312201610/runtime/d0a18d0
[2023-12-21T22:43:19.609Z] Using Maya ADSK Signatures from /local/S/jenkins/workspace/shared/Artifactory/OSX/adsk-plugin-signatures-maya/2023/3ae1ae7
[2023-12-21T22:43:19.609Z] Using Maya Security Library from /local/S/jenkins/workspace/shared/Artifactory/OSX/maya-security-library/3.4.0/5e08f3e
[2023-12-21T22:43:19.609Z] 
[2023-12-21T22:43:19.609Z] ================================================================================
[2023-12-21T22:43:19.609Z]                              test (RelWithDebInfo)
[2023-12-21T22:43:19.609Z] ================================================================================
[2023-12-21T22:43:19.609Z] Maya Python RelWithDebInfo Info:
[2023-12-21T22:43:19.609Z]   mayapy executable   = /local/S/jenkins/workspace/shared/Artifactory/OSX/rundev-master/202312201610/runtime/d0a18d0/runTime/Maya.app/Contents/bin/mayapy
[2023-12-21T22:43:19.609Z]   Include Folder      = /local/S/jenkins/workspace/shared/Artifactory/OSX/rundev-master/202312201610/runtime/d0a18d0/runTime/Maya.app/Contents/Frameworks/Python.framework/Versions/Current/include/python3.11
[2023-12-21T22:43:19.609Z]   Library             = /local/S/jenkins/workspace/shared/Artifactory/OSX/rundev-master/202312201610/runtime/d0a18d0/runTime/Maya.app/Contents/Frameworks/Python.framework/Versions/Current/lib/libpython3.11.dylib
[2023-12-21T22:43:19.609Z]   site-package Folder = /local/S/jenkins/workspace/shared/Artifactory/OSX/rundev-master/202312201610/runtime/d0a18d0/runTime/Maya.app/Contents/Frameworks/Python.framework/Versions/Current/lib/python3.11/site-packages
[2023-12-21T22:43:20.159Z] In workdir: /Volumes/DATA/local/S/jenkins/workspace/ECP/ecg-maya-hydra/ecg-maya-hydra-branch-preflight-python3-osx/ecg-maya-hydra/maya-hydra
[2023-12-21T22:43:20.159Z] Executing: arch -arch arm64 /local/S/jenkins/workspace/shared/Artifactory/OSX/rundev-master/202312201610/runtime/d0a18d0/runTime/Maya.app/Contents/bin/mayapy /Volumes/DATA/local/S/jenkins/workspace/ECP/ecg-maya-hydra/ecg-maya-hydra-branch-preflight-python3-osx/ecg-maya-hydra/maya-hydra/build.py --generator Ninja --build-relwithdebug --maya-location /local/S/jenkins/workspace/shared/Artifactory/OSX/rundev-master/202312201610/runtime/d0a18d0/runTime --devkit-location /local/S/jenkins/workspace/shared/Artifactory/OSX/rundev-master/202312201610/runtime/d0a18d0/devkitBase --pxrusd-location /local/S/jenkins/workspace/shared/Artifactory/OSX/USD/8270819 --build-args=-DCMAKE_MAKE_PROGRAM=/local/S/jenkins/workspace/shared/Artifactory/OSX/ninja/1.10.2/95d0ca5/ninja,-DPYTHON_INCLUDE_DIR=/local/S/jenkins/workspace/shared/Artifactory/OSX/rundev-master/202312201610/runtime/d0a18d0/runTime/Maya.app/Contents/Frameworks/Python.framework/Versions/Current/include/python3.11,-DPython_EXECUTABLE=/local/S/jenkins/workspace/shared/Artifactory/OSX/rundev-master/202312201610/runtime/d0a18d0/runTime/Maya.app/Contents/bin/mayapy,-DPYTHON_LIBRARIES=/local/S/jenkins/workspace/shared/Artifactory/OSX/rundev-master/202312201610/runtime/d0a18d0/runTime/Maya.app/Contents/Frameworks/Python.framework/Versions/Current/lib/libpython3.11.dylib,-DBUILD_WITH_PYTHON_3_VERSION=3.11,-DBUILD_UB2=ON,-DCMAKE_WANT_MATERIALX_BUILD=ON,-DCMAKE_PREFIX_PATH=/local/S/jenkins/workspace/shared/Artifactory/OSX/USD/8270819,-DMAYAHYDRA_BUILD_NUMBER=448,-DMAYAHYDRA_GIT_COMMIT=1be3443e013ca402751b5b0249ba2bcb785b9eca,-DMAYAHYDRA_GIT_BRANCH=master,-DMAYAUSD_LOCATION=/local/S/jenkins/workspace/shared/Artifactory/OSX/mayausd-cotd/202311202320/runtime/a0893a4/mayausd '--ctest-args=--parallel 8' --stages=test --redirect-outstream-file=False --install-location /local/S/jenkins/workspace/ECP/ecg-maya-hydra/ecg-maya-hydra-branch-preflight-python3-osx/install/RelWithDebInfo/MayaHydra /local/S/jenkins/workspace/ECP/ecg-maya-hydra/ecg-maya-hydra-branch-preflight-python3-osx
[2023-12-21T22:43:20.159Z] Modified environment variables:
[2023-12-21T22:43:20.159Z]     PATH=/local/S/jenkins/workspace/shared/Artifactory/OSX/cmake/3.20.3/2594509/bin:/opt/homebrew/bin:/usr/local/bin:/bin:/usr/sbin:/sbin:/usr/bin:/usr/bin:/bin:/usr/sbin:/sbin
[2023-12-21T22:43:20.159Z]     MAYA_MODULE_PATH=/local/S/jenkins/workspace/shared/Artifactory/OSX/mayausd-cotd/202311202320/runtime/a0893a4
[2023-12-21T22:43:20.159Z]     Test project /Volumes/DATA/local/S/jenkins/workspace/ECP/ecg-maya-hydra/ecg-maya-hydra-branch-preflight-python3-osx/build/RelWithDebInfo
[2023-12-21T22:43:20.159Z]           Start  1: _Interactive_Maya
[2023-12-21T22:43:20.159Z]      1/26 Test  #1: _Interactive_Maya ...........................***Not Run (Disabled)   0.00 sec
[2023-12-21T22:43:20.159Z]           Start  2: testImageDiffing
[2023-12-21T22:43:20.159Z]           Start  3: testMtohCommand
[2023-12-21T22:43:20.159Z]           Start  4: testMeshes
[2023-12-21T22:43:20.159Z]           Start  5: testNamespaces
[2023-12-21T22:43:20.159Z]           Start  6: testVisibility
[2023-12-21T22:43:20.159Z]           Start  7: testRendererSwitching
[2023-12-21T22:43:20.159Z]           Start  8: testSceneBrowser
[2023-12-21T22:43:20.159Z]           Start  9: testStageAddPrim
[2023-12-21T22:43:27.975Z]      2/26 Test  #8: testSceneBrowser ............................   Passed    7.91 sec
[2023-12-21T22:43:27.975Z]           Start 10: testNewSceneWithStage
[2023-12-21T22:43:27.975Z]      3/26 Test  #9: testStageAddPrim ............................   Passed    7.95 sec
[2023-12-21T22:43:27.975Z]           Start 11: testDirectionalLights
[2023-12-21T22:43:27.975Z]      4/26 Test  #3: testMtohCommand .............................   Passed    8.01 sec
[2023-12-21T22:43:27.975Z]           Start 12: testFlowViewportAPI
[2023-12-21T22:43:27.975Z]      5/26 Test  #5: testNamespaces ..............................   Passed    8.10 sec
[2023-12-21T22:43:27.975Z]           Start 13: testColorPreferences
[2023-12-21T22:43:28.580Z]      6/26 Test  #4: testMeshes ..................................   Passed    8.26 sec
[2023-12-21T22:43:28.580Z]           Start 14: testCppFramework
[2023-12-21T22:43:28.580Z]      7/26 Test  #7: testRendererSwitching .......................   Passed    8.50 sec
[2023-12-21T22:43:28.580Z]           Start 15: testMayaSceneFlattening
[2023-12-21T22:43:28.580Z]      8/26 Test  #2: testImageDiffing ............................   Passed    8.74 sec
[2023-12-21T22:43:28.580Z]           Start 16: testMayaUsdUfeItems
[2023-12-21T22:43:29.765Z]      9/26 Test  #6: testVisibility ..............................   Passed    9.89 sec
[2023-12-21T22:43:29.765Z]           Start 17: testMergingSceneIndex
[2023-12-21T22:43:36.180Z]     10/26 Test #10: testNewSceneWithStage .......................   Passed    7.53 sec
[2023-12-21T22:43:36.180Z]           Start 18: testSelectionSceneIndex
[2023-12-21T22:43:36.180Z]     11/26 Test #11: testDirectionalLights .......................   Passed    7.60 sec
[2023-12-21T22:43:36.180Z]           Start 19: testWireframeSelectionHighlightSceneIndex
[2023-12-21T22:43:36.180Z]     12/26 Test #15: testMayaSceneFlattening .....................   Passed    7.59 sec
[2023-12-21T22:43:36.180Z]           Start 20: testFlowViewportAPIViewportInformation
[2023-12-21T22:43:36.180Z]     13/26 Test #14: testCppFramework ............................   Passed    7.91 sec
[2023-12-21T22:43:36.180Z]           Start 21: testFlowViewportAPIAddPrims
[2023-12-21T22:43:36.180Z]     14/26 Test #16: testMayaUsdUfeItems .........................   Passed    7.47 sec
[2023-12-21T22:43:36.180Z]           Start 22: testUsdStageLayerMuting
[2023-12-21T22:43:36.707Z]     15/26 Test #13: testColorPreferences ........................   Passed    8.38 sec
[2023-12-21T22:43:36.707Z]           Start 23: testFlowViewportAPIFilterPrims
[2023-12-21T22:43:37.816Z]     16/26 Test #17: testMergingSceneIndex .......................   Passed    7.65 sec
[2023-12-21T22:43:37.816Z]           Start 24: testPrimInstancing
[2023-12-21T22:43:43.042Z]     17/26 Test #12: testFlowViewportAPI .........................   Passed   14.67 sec
[2023-12-21T22:43:43.042Z]           Start 25: testMeshes_meshAdapter
[2023-12-21T22:43:43.596Z]     18/26 Test #18: testSelectionSceneIndex .....................   Passed    8.10 sec
[2023-12-21T22:43:43.596Z]           Start 26: testMeshAdapterTransform_meshAdapter
[2023-12-21T22:43:43.596Z]     19/26 Test #19: testWireframeSelectionHighlightSceneIndex ...   Passed    8.06 sec
[2023-12-21T22:43:43.596Z]     20/26 Test #22: testUsdStageLayerMuting .....................   Passed    7.58 sec
[2023-12-21T22:43:44.121Z]     21/26 Test #21: testFlowViewportAPIAddPrims .................   Passed    7.90 sec
[2023-12-21T22:43:44.121Z]     22/26 Test #20: testFlowViewportAPIViewportInformation ......   Passed    8.10 sec
[2023-12-21T22:43:44.121Z]     23/26 Test #23: testFlowViewportAPIFilterPrims ..............   Passed    7.79 sec
[2023-12-21T22:43:44.646Z]     24/26 Test #24: testPrimInstancing ..........................   Passed    7.14 sec
[2023-12-21T22:43:47.875Z]     25/26 Test #25: testMeshes_meshAdapter ......................   Passed    5.36 sec
[2023-12-21T22:43:48.399Z]     26/26 Test #26: testMeshAdapterTransform_meshAdapter ........   Passed    5.03 sec
[2023-12-21T22:43:48.399Z]     
[2023-12-21T22:43:48.399Z]     100% tests passed, 0 tests failed out of 25
[2023-12-21T22:43:48.399Z]     
[2023-12-21T22:43:48.399Z]     Label Time Summary:
[2023-12-21T22:43:48.399Z]     Debugging      =   0.00 sec*proc (1 test)
[2023-12-21T22:43:48.399Z]     interactive    = 201.21 sec*proc (25 tests)
[2023-12-21T22:43:48.399Z]     mayaHydra      = 201.21 sec*proc (25 tests)
[2023-12-21T22:43:48.399Z]     
[2023-12-21T22:43:48.399Z]     Total Test time (real) =  28.57 sec
[2023-12-21T22:43:48.399Z]     
[2023-12-21T22:43:48.399Z]     The following tests did not run:
[2023-12-21T22:43:48.399Z]     	  1 - _Interactive_Maya (Disabled)
[2023-12-21T22:43:48.399Z]     
[2023-12-21T22:43:48.399Z]         Building with settings:
[2023-12-21T22:43:48.399Z]           Source directory          /Volumes/DATA/local/S/jenkins/workspace/ECP/ecg-maya-hydra/ecg-maya-hydra-branch-preflight-python3-osx/ecg-maya-hydra/maya-hydra
[2023-12-21T22:43:48.399Z]           Workspace directory       /local/S/jenkins/workspace/ECP/ecg-maya-hydra/ecg-maya-hydra-branch-preflight-python3-osx
[2023-12-21T22:43:48.399Z]           Build directory           /local/S/jenkins/workspace/ECP/ecg-maya-hydra/ecg-maya-hydra-branch-preflight-python3-osx/build/RelWithDebInfo
[2023-12-21T22:43:48.399Z]           Install directory         /local/S/jenkins/workspace/ECP/ecg-maya-hydra/ecg-maya-hydra-branch-preflight-python3-osx/install/RelWithDebInfo/MayaHydra
[2023-12-21T22:43:48.399Z]           Variant                   RelWithDebInfo
[2023-12-21T22:43:48.400Z]           Python Debug              Off
[2023-12-21T22:43:48.400Z]           CMake generator           Ninja
[2023-12-21T22:43:48.400Z]           Build arguments           ['-DCMAKE_MAKE_PROGRAM=/local/S/jenkins/workspace/shared/Artifactory/OSX/ninja/1.10.2/95d0ca5/ninja', '-DPYTHON_INCLUDE_DIR=/local/S/jenkins/workspace/shared/Artifactory/OSX/rundev-master/202312201610/runtime/d0a18d0/runTime/Maya.app/Contents/Frameworks/Python.framework/Versions/Current/include/python3.11', '-DPython_EXECUTABLE=/local/S/jenkins/workspace/shared/Artifactory/OSX/rundev-master/202312201610/runtime/d0a18d0/runTime/Maya.app/Contents/bin/mayapy', '-DPYTHON_LIBRARIES=/local/S/jenkins/workspace/shared/Artifactory/OSX/rundev-master/202312201610/runtime/d0a18d0/runTime/Maya.app/Contents/Frameworks/Python.framework/Versions/Current/lib/libpython3.11.dylib', '-DBUILD_WITH_PYTHON_3_VERSION=3.11', '-DBUILD_UB2=ON', '-DCMAKE_WANT_MATERIALX_BUILD=ON', '-DCMAKE_PREFIX_PATH=/local/S/jenkins/workspace/shared/Artifactory/OSX/USD/8270819', '-DMAYAHYDRA_BUILD_NUMBER=448', '-DMAYAHYDRA_GIT_COMMIT=1be3443e013ca402751b5b0249ba2bcb785b9eca', '-DMAYAHYDRA_GIT_BRANCH=master', '-DMAYAUSD_LOCATION=/local/S/jenkins/workspace/shared/Artifactory/OSX/mayausd-cotd/202311202320/runtime/a0893a4/mayausd']
[2023-12-21T22:43:48.400Z]           Stages arguments          ['test']
[2023-12-21T22:43:48.400Z]           CTest arguments           ['--parallel 8']
[2023-12-21T22:43:48.400Z]     Success running MayaHydra tests !!!!
[Pipeline] }
[Pipeline] // withEnv
[Pipeline] }
[Pipeline] // timeout
[Pipeline] }
[Pipeline] // stage
[Pipeline] }
[Pipeline] // timestamps
[Pipeline] timestamps
[Pipeline] {
[Pipeline] stage
[Pipeline] { (Cleanup)
[Pipeline] timeout
[2023-12-21T22:43:48.738Z] Timeout set to expire in 6 hr 0 min
[Pipeline] {
[Pipeline] withEnv
[Pipeline] {
[Pipeline] sh
[2023-12-21T22:43:49.913Z] + python ecg-maya-hydra/build.py --stages=cleanup --workspace-dir=/local/S/jenkins/workspace/ECP/ecg-maya-hydra/ecg-maya-hydra-branch-preflight-python3-osx --artifactory-dir=/local/S/jenkins/workspace/shared/Artifactory --build-dir=/local/S/jenkins/workspace/ECP/ecg-maya-hydra/ecg-maya-hydra-branch-preflight-python3-osx/build --install-dir=/local/S/jenkins/workspace/ECP/ecg-maya-hydra/ecg-maya-hydra-branch-preflight-python3-osx/install --signing-dir=/local/S/jenkins/workspace/ECP/ecg-maya-hydra/ecg-maya-hydra-branch-preflight-python3-osx/signing --package-dir=/local/S/jenkins/workspace/ECP/ecg-maya-hydra/ecg-maya-hydra-branch-preflight-python3-osx/package --output-dir=/local/S/jenkins/workspace/ECP/ecg-maya-hydra/ecg-maya-hydra-branch-preflight-python3-osx/output --stash-dir=/local/S/jenkins/workspace/ECP/ecg-maya-hydra/ecg-maya-hydra-branch-preflight-python3-osx/stash --jenkins-build=448 --git-commit=1be3443e013ca402751b5b0249ba2bcb785b9eca --git-branch=master --variants=Debug --interactive-tests=true --post-zips=false --osx-binary-architecture-target=ub2 --osx-deployment-target=11.0 --osx-base-sdk=CurrentActiveSDK --maya-cut-config=maya-rundev-master-debug.yaml --maya-package=rundev-master-debug --stage-banner
[2023-12-21T22:43:49.913Z] Using Maya cut from /local/S/jenkins/workspace/shared/Artifactory/OSX/rundev-master-debug/202312201610/runtime/baf0e83
[2023-12-21T22:43:49.913Z] Using Maya ADSK Signatures from /local/S/jenkins/workspace/shared/Artifactory/OSX/adsk-plugin-signatures-maya/2023/3ae1ae7
[2023-12-21T22:43:49.913Z] Using Maya Security Library from /local/S/jenkins/workspace/shared/Artifactory/OSX/maya-security-library/3.4.0/5e08f3e
[2023-12-21T22:43:49.913Z] 
[2023-12-21T22:43:49.913Z] ================================================================================
[2023-12-21T22:43:49.913Z]                                cleanup (Finalize)
[2023-12-21T22:43:49.913Z] ================================================================================
[2023-12-21T22:43:49.913Z] Cleaning up workspace
[2023-12-21T22:43:49.913Z] Removing directory: /local/S/jenkins/workspace/ECP/ecg-maya-hydra/ecg-maya-hydra-branch-preflight-python3-osx/build
[2023-12-21T22:43:49.913Z] Removing directory: /local/S/jenkins/workspace/ECP/ecg-maya-hydra/ecg-maya-hydra-branch-preflight-python3-osx/install
[Pipeline] sh
[2023-12-21T22:43:51.194Z] + python ecg-maya-hydra/build.py --stages=cleanup --workspace-dir=/local/S/jenkins/workspace/ECP/ecg-maya-hydra/ecg-maya-hydra-branch-preflight-python3-osx --artifactory-dir=/local/S/jenkins/workspace/shared/Artifactory --build-dir=/local/S/jenkins/workspace/ECP/ecg-maya-hydra/ecg-maya-hydra-branch-preflight-python3-osx/build --install-dir=/local/S/jenkins/workspace/ECP/ecg-maya-hydra/ecg-maya-hydra-branch-preflight-python3-osx/install --signing-dir=/local/S/jenkins/workspace/ECP/ecg-maya-hydra/ecg-maya-hydra-branch-preflight-python3-osx/signing --package-dir=/local/S/jenkins/workspace/ECP/ecg-maya-hydra/ecg-maya-hydra-branch-preflight-python3-osx/package --output-dir=/local/S/jenkins/workspace/ECP/ecg-maya-hydra/ecg-maya-hydra-branch-preflight-python3-osx/output --stash-dir=/local/S/jenkins/workspace/ECP/ecg-maya-hydra/ecg-maya-hydra-branch-preflight-python3-osx/stash --jenkins-build=448 --git-commit=1be3443e013ca402751b5b0249ba2bcb785b9eca --git-branch=master --variants=RelWithDebInfo --interactive-tests=true --post-zips=false --osx-binary-architecture-target=ub2 --osx-deployment-target=11.0 --osx-base-sdk=CurrentActiveSDK --maya-cut-config=maya-rundev-master.yaml --maya-package=rundev-master --stage-banner
[2023-12-21T22:43:51.194Z] Using Maya cut from /local/S/jenkins/workspace/shared/Artifactory/OSX/rundev-master/202312201610/runtime/d0a18d0
[2023-12-21T22:43:51.194Z] Using Maya ADSK Signatures from /local/S/jenkins/workspace/shared/Artifactory/OSX/adsk-plugin-signatures-maya/2023/3ae1ae7
[2023-12-21T22:43:51.194Z] Using Maya Security Library from /local/S/jenkins/workspace/shared/Artifactory/OSX/maya-security-library/3.4.0/5e08f3e
[2023-12-21T22:43:51.194Z] 
[2023-12-21T22:43:51.194Z] ================================================================================
[2023-12-21T22:43:51.194Z]                                cleanup (Finalize)
[2023-12-21T22:43:51.194Z] ================================================================================
[2023-12-21T22:43:51.195Z] Cleaning up workspace
[Pipeline] }
[Pipeline] // withEnv
[Pipeline] }
[Pipeline] // timeout
[Pipeline] }
[Pipeline] // stage
[Pipeline] }
[Pipeline] // timestamps
[Pipeline] emailextrecipients
Not sending mail to user ecg.jenkins@autodesk.com with no permission to view ECP » ecg-maya-hydra » Maya Hydra [Python 3, Interactive] - Branch - Preflight (OSX) [M1/UB2] #448Not sending mail to user ecg.jenkins@autodesk.com with no permission to view ECP » ecg-maya-hydra » Maya Hydra [Python 3, Interactive] - Branch - Preflight (OSX) [M1/UB2] #448[Pipeline] echo
No recipients to send notification.
[Pipeline] }
[Pipeline] // node
[Pipeline] End of Pipeline
[Checks API] No suitable checks publisher found.
Finished: SUCCESS
