[2023-12-22T03:50:53.194Z] ================================================================================
[2023-12-22T03:50:53.194Z]                                  setup (Debug)
[2023-12-22T03:50:53.194Z] ================================================================================
[Pipeline] sh
[2023-12-22T03:50:54.532Z] + python ecg-maya-hydra/build.py --stages=setup --workspace-dir=/local/S/jenkins/workspace/ECP/ecg-maya-hydra/ecg-maya-hydra-branch-preflight-python3-osx --artifactory-dir=/local/S/jenkins/workspace/shared/Artifactory --build-dir=/local/S/jenkins/workspace/ECP/ecg-maya-hydra/ecg-maya-hydra-branch-preflight-python3-osx/build --install-dir=/local/S/jenkins/workspace/ECP/ecg-maya-hydra/ecg-maya-hydra-branch-preflight-python3-osx/install --signing-dir=/local/S/jenkins/workspace/ECP/ecg-maya-hydra/ecg-maya-hydra-branch-preflight-python3-osx/signing --package-dir=/local/S/jenkins/workspace/ECP/ecg-maya-hydra/ecg-maya-hydra-branch-preflight-python3-osx/package --output-dir=/local/S/jenkins/workspace/ECP/ecg-maya-hydra/ecg-maya-hydra-branch-preflight-python3-osx/output --stash-dir=/local/S/jenkins/workspace/ECP/ecg-maya-hydra/ecg-maya-hydra-branch-preflight-python3-osx/stash --jenkins-build=451 --git-commit=d28fb4b56fac40ef6d07300f3ee35b40eff66adc --git-branch=master --variants=RelWithDebInfo --interactive-tests=true --post-zips=false --osx-binary-architecture-target=ub2 --osx-deployment-target=11.0 --osx-base-sdk=CurrentActiveSDK --extra-license-file=ecg-maya-hydra/jenkins-o03-cot/melicense.lic --prune-versions=3 --prune-revisions=3 --maya-cut-config=maya-rundev-master.yaml --maya-package=rundev-master --stage-banner --prune-artifacts --force-pruning
[2023-12-22T03:50:54.532Z] Getting rundev-master download URL from Maya SHA-1 hash
[2023-12-22T03:50:54.532Z] Finding Artifactory servers response times
[2023-12-22T03:50:57.839Z] [VERBOSE] Start loading URL (CURL): https://art-bobcat.autodesk.com/artifactory/api/search/checksum?repos=autodesk-3p-generic,adsk-build-tools-generic,team-ecg-generic,team-maya-generic,oss-stg-generic,team-mayausd-post-generic&sha1=d0a18d086fc18844f4bf92c28a6dce042d46406a
[2023-12-22T03:50:57.839Z] [DEBUG] Running: /usr/bin/curl -s -X GET --keepalive-time 10 --connect-timeout 60 --speed-limit 10000 --speed-time 120 --max-time 3600 --retry 5 --retry-max-time 2400 -H Connection:close -H Authorization:Basic ZWNnYmlmcm9zdDpvcGUqKjAw https://art-bobcat.autodesk.com/artifactory/api/search/checksum?repos=autodesk-3p-generic,adsk-build-tools-generic,team-ecg-generic,team-maya-generic,oss-stg-generic,team-mayausd-post-generic&sha1=d0a18d086fc18844f4bf92c28a6dce042d46406a
[2023-12-22T03:50:57.839Z] [DEBUG] Output:
[2023-12-22T03:50:57.839Z] {
[2023-12-22T03:50:57.839Z]   "results" : [ {
[2023-12-22T03:50:57.839Z]     "uri" : "https://art-bobcat.autodesk.com:443/artifactory/api/storage/team-maya-generic/Maya/master/pmac/2023-12-20-16-10_19d0e1f502/202312201610-19d0e1f502-RUNDEV.dmg"
[2023-12-22T03:50:57.839Z]   } ]
[2023-12-22T03:50:57.839Z] }
[2023-12-22T03:50:57.839Z] [VERBOSE] End loading URL (CURL): https://art-bobcat.autodesk.com/artifactory/api/search/checksum?repos=autodesk-3p-generic,adsk-build-tools-generic,team-ecg-generic,team-maya-generic,oss-stg-generic,team-mayausd-post-generic&sha1=d0a18d086fc18844f4bf92c28a6dce042d46406a
[2023-12-22T03:50:57.839Z] [VERBOSE] Start loading URL (CURL): https://art-bobcat.autodesk.com:443/artifactory/api/storage/team-maya-generic/Maya/master/pmac/2023-12-20-16-10_19d0e1f502/202312201610-19d0e1f502-RUNDEV.dmg
[2023-12-22T03:50:57.839Z] [DEBUG] Running: /usr/bin/curl -s -X GET --keepalive-time 10 --connect-timeout 60 --speed-limit 10000 --speed-time 120 --max-time 3600 --retry 5 --retry-max-time 2400 -H Connection:close -H Authorization:Basic ZWNnYmlmcm9zdDpvcGUqKjAw https://art-bobcat.autodesk.com:443/artifactory/api/storage/team-maya-generic/Maya/master/pmac/2023-12-20-16-10_19d0e1f502/202312201610-19d0e1f502-RUNDEV.dmg
[2023-12-22T03:50:57.839Z] [DEBUG] Output:
[2023-12-22T03:50:57.839Z] {
[2023-12-22T03:50:57.839Z]   "repo" : "team-maya-generic",
[2023-12-22T03:50:57.839Z]   "path" : "/Maya/master/pmac/2023-12-20-16-10_19d0e1f502/202312201610-19d0e1f502-RUNDEV.dmg",
[2023-12-22T03:50:57.839Z]   "created" : "2023-12-20T17:37:45.583-08:00",
[2023-12-22T03:50:57.839Z]   "createdBy" : "svc_p_mescm",
[2023-12-22T03:50:57.839Z]   "lastModified" : "2023-12-20T17:28:56.786-08:00",
[2023-12-22T03:50:57.839Z]   "modifiedBy" : "svc_p_mescm",
[2023-12-22T03:50:57.839Z]   "lastUpdated" : "2023-12-20T17:37:45.583-08:00",
[2023-12-22T03:50:57.839Z]   "downloadUri" : "https://art-bobcat.autodesk.com:443/artifactory/team-maya-generic/Maya/master/pmac/2023-12-20-16-10_19d0e1f502/202312201610-19d0e1f502-RUNDEV.dmg",
[2023-12-22T03:50:57.839Z]   "mimeType" : "application/octet-stream",
[2023-12-22T03:50:57.839Z]   "size" : "2883938770",
[2023-12-22T03:50:57.839Z]   "checksums" : {
[2023-12-22T03:50:57.839Z]     "sha1" : "d0a18d086fc18844f4bf92c28a6dce042d46406a",
[2023-12-22T03:50:57.839Z]     "md5" : "dfaf7c6e0468d6b1fe014185a70bad15",
[2023-12-22T03:50:57.839Z]     "sha256" : "5881f6ba03a030d6b3ee98410f87957757094c84a5ee2600d85d36e7a4a42efe"
[2023-12-22T03:50:57.839Z]   },
[2023-12-22T03:50:57.839Z]   "originalChecksums" : {
[2023-12-22T03:50:57.839Z]     "sha1" : "d0a18d086fc18844f4bf92c28a6dce042d46406a",
[2023-12-22T03:50:57.839Z]     "md5" : "dfaf7c6e0468d6b1fe014185a70bad15",
[2023-12-22T03:50:57.839Z]     "sha256" : "5881f6ba03a030d6b3ee98410f87957757094c84a5ee2600d85d36e7a4a42efe"
[2023-12-22T03:50:57.839Z]   },
[2023-12-22T03:50:57.839Z]   "uri" : "https://art-bobcat.autodesk.com:443/artifactory/api/storage/team-maya-generic/Maya/master/pmac/2023-12-20-16-10_19d0e1f502/202312201610-19d0e1f502-RUNDEV.dmg"
[2023-12-22T03:50:57.839Z] }
[2023-12-22T03:50:57.839Z] [VERBOSE] End loading URL (CURL): https://art-bobcat.autodesk.com:443/artifactory/api/storage/team-maya-generic/Maya/master/pmac/2023-12-20-16-10_19d0e1f502/202312201610-19d0e1f502-RUNDEV.dmg
[2023-12-22T03:50:57.839Z] Using Maya cut from /local/S/jenkins/workspace/shared/Artifactory/OSX/rundev-master/202312201610/runtime/d0a18d0
[2023-12-22T03:50:57.839Z] Using Maya ADSK Signatures from /local/S/jenkins/workspace/shared/Artifactory/OSX/adsk-plugin-signatures-maya/2023/3ae1ae7
[2023-12-22T03:50:57.839Z] Using Maya Security Library from /local/S/jenkins/workspace/shared/Artifactory/OSX/maya-security-library/3.4.0/5e08f3e
[2023-12-22T03:50:57.839Z] 
[2023-12-22T03:50:57.839Z] ================================================================================
[2023-12-22T03:50:57.839Z]                              setup (RelWithDebInfo)
[2023-12-22T03:50:57.839Z] ================================================================================
[Pipeline] }
[Pipeline] // withEnv
[Pipeline] }
[Pipeline] // timeout
[Pipeline] }
[Pipeline] // stage
[Pipeline] }
[Pipeline] // timestamps
[Pipeline] timestamps
[Pipeline] {
[Pipeline] stage
[Pipeline] { (Clean)
[Pipeline] timeout
[2023-12-22T03:50:58.182Z] Timeout set to expire in 6 hr 0 min
[Pipeline] {
[Pipeline] withEnv
[Pipeline] {
[Pipeline] sh
[2023-12-22T03:50:59.303Z] + python ecg-maya-hydra/build.py --stages=clean --workspace-dir=/local/S/jenkins/workspace/ECP/ecg-maya-hydra/ecg-maya-hydra-branch-preflight-python3-osx --artifactory-dir=/local/S/jenkins/workspace/shared/Artifactory --build-dir=/local/S/jenkins/workspace/ECP/ecg-maya-hydra/ecg-maya-hydra-branch-preflight-python3-osx/build --install-dir=/local/S/jenkins/workspace/ECP/ecg-maya-hydra/ecg-maya-hydra-branch-preflight-python3-osx/install --signing-dir=/local/S/jenkins/workspace/ECP/ecg-maya-hydra/ecg-maya-hydra-branch-preflight-python3-osx/signing --package-dir=/local/S/jenkins/workspace/ECP/ecg-maya-hydra/ecg-maya-hydra-branch-preflight-python3-osx/package --output-dir=/local/S/jenkins/workspace/ECP/ecg-maya-hydra/ecg-maya-hydra-branch-preflight-python3-osx/output --stash-dir=/local/S/jenkins/workspace/ECP/ecg-maya-hydra/ecg-maya-hydra-branch-preflight-python3-osx/stash --jenkins-build=451 --git-commit=d28fb4b56fac40ef6d07300f3ee35b40eff66adc --git-branch=master --variants=Debug --interactive-tests=true --post-zips=false --osx-binary-architecture-target=ub2 --osx-deployment-target=11.0 --osx-base-sdk=CurrentActiveSDK --maya-cut-config=maya-rundev-master-debug.yaml --maya-package=rundev-master-debug --stage-banner
[2023-12-22T03:50:59.303Z] Using Maya cut from /local/S/jenkins/workspace/shared/Artifactory/OSX/rundev-master-debug/202312201610/runtime/baf0e83
[2023-12-22T03:50:59.303Z] Using Maya ADSK Signatures from /local/S/jenkins/workspace/shared/Artifactory/OSX/adsk-plugin-signatures-maya/2023/3ae1ae7
[2023-12-22T03:50:59.303Z] Using Maya Security Library from /local/S/jenkins/workspace/shared/Artifactory/OSX/maya-security-library/3.4.0/5e08f3e
[2023-12-22T03:50:59.303Z] 
[2023-12-22T03:50:59.303Z] ================================================================================
[2023-12-22T03:50:59.303Z]                                  clean (Debug)
[2023-12-22T03:50:59.303Z] ================================================================================
[2023-12-22T03:50:59.303Z] Maya Python Debug Info:
[2023-12-22T03:50:59.303Z]   mayapy executable   = /local/S/jenkins/workspace/shared/Artifactory/OSX/rundev-master-debug/202312201610/runtime/baf0e83/runTime/Maya.app/Contents/bin/mayapy
[2023-12-22T03:50:59.303Z]   Include Folder      = /local/S/jenkins/workspace/shared/Artifactory/OSX/rundev-master-debug/202312201610/runtime/baf0e83/runTime/Maya.app/Contents/Frameworks/Python.framework/Versions/Current/include/python3.11
[2023-12-22T03:50:59.303Z]   Library             = /local/S/jenkins/workspace/shared/Artifactory/OSX/rundev-master-debug/202312201610/runtime/baf0e83/runTime/Maya.app/Contents/Frameworks/Python.framework/Versions/Current/lib/libpython3.11.dylib
[2023-12-22T03:50:59.303Z]   site-package Folder = /local/S/jenkins/workspace/shared/Artifactory/OSX/rundev-master-debug/202312201610/runtime/baf0e83/runTime/Maya.app/Contents/Frameworks/Python.framework/Versions/Current/lib/python3.11/site-packages
[2023-12-22T03:50:59.876Z] In workdir: /Volumes/DATA/local/S/jenkins/workspace/ECP/ecg-maya-hydra/ecg-maya-hydra-branch-preflight-python3-osx/ecg-maya-hydra/maya-hydra
[2023-12-22T03:50:59.877Z] Executing: arch -arch arm64 /local/S/jenkins/workspace/shared/Artifactory/OSX/rundev-master-debug/202312201610/runtime/baf0e83/runTime/Maya.app/Contents/bin/mayapy /Volumes/DATA/local/S/jenkins/workspace/ECP/ecg-maya-hydra/ecg-maya-hydra-branch-preflight-python3-osx/ecg-maya-hydra/maya-hydra/build.py --generator Ninja --build-debug --maya-location /local/S/jenkins/workspace/shared/Artifactory/OSX/rundev-master-debug/202312201610/runtime/baf0e83/runTime --devkit-location /local/S/jenkins/workspace/shared/Artifactory/OSX/rundev-master-debug/202312201610/runtime/baf0e83/devkitBase --pxrusd-location /local/S/jenkins/workspace/shared/Artifactory/OSX/USD/ca7f6ed --build-args=-DCMAKE_MAKE_PROGRAM=/local/S/jenkins/workspace/shared/Artifactory/OSX/ninja/1.10.2/95d0ca5/ninja,-DPYTHON_INCLUDE_DIR=/local/S/jenkins/workspace/shared/Artifactory/OSX/rundev-master-debug/202312201610/runtime/baf0e83/runTime/Maya.app/Contents/Frameworks/Python.framework/Versions/Current/include/python3.11,-DPython_EXECUTABLE=/local/S/jenkins/workspace/shared/Artifactory/OSX/rundev-master-debug/202312201610/runtime/baf0e83/runTime/Maya.app/Contents/bin/mayapy,-DPYTHON_LIBRARIES=/local/S/jenkins/workspace/shared/Artifactory/OSX/rundev-master-debug/202312201610/runtime/baf0e83/runTime/Maya.app/Contents/Frameworks/Python.framework/Versions/Current/lib/libpython3.11.dylib,-DBUILD_WITH_PYTHON_3_VERSION=3.11,-DBUILD_UB2=ON,-DCMAKE_WANT_MATERIALX_BUILD=ON,-DCMAKE_PREFIX_PATH=/local/S/jenkins/workspace/shared/Artifactory/OSX/USD/ca7f6ed,-DMAYAHYDRA_BUILD_NUMBER=451,-DMAYAHYDRA_GIT_COMMIT=d28fb4b56fac40ef6d07300f3ee35b40eff66adc,-DMAYAHYDRA_GIT_BRANCH=master,-DMAYAUSD_LOCATION=/local/S/jenkins/workspace/shared/Artifactory/OSX/mayausd-cotd-debug/202311222325/runtime/bd49faa/mayausd '--ctest-args=--parallel 8' --stages=clean --redirect-outstream-file=False --install-location /local/S/jenkins/workspace/ECP/ecg-maya-hydra/ecg-maya-hydra-branch-preflight-python3-osx/install/Debug/MayaHydra /local/S/jenkins/workspace/ECP/ecg-maya-hydra/ecg-maya-hydra-branch-preflight-python3-osx
[2023-12-22T03:50:59.877Z] Modified environment variables:
[2023-12-22T03:50:59.877Z]     PATH=/local/S/jenkins/workspace/shared/Artifactory/OSX/cmake/3.20.3/2594509/bin:/opt/homebrew/bin:/usr/local/bin:/bin:/usr/sbin:/sbin:/usr/bin:/usr/bin:/bin:/usr/sbin:/sbin
[2023-12-22T03:50:59.877Z]     
[2023-12-22T03:50:59.877Z]         Building with settings:
[2023-12-22T03:50:59.877Z]           Source directory          /Volumes/DATA/local/S/jenkins/workspace/ECP/ecg-maya-hydra/ecg-maya-hydra-branch-preflight-python3-osx/ecg-maya-hydra/maya-hydra
[2023-12-22T03:50:59.877Z]           Workspace directory       /local/S/jenkins/workspace/ECP/ecg-maya-hydra/ecg-maya-hydra-branch-preflight-python3-osx
[2023-12-22T03:50:59.877Z]           Build directory           /local/S/jenkins/workspace/ECP/ecg-maya-hydra/ecg-maya-hydra-branch-preflight-python3-osx/build/Debug
[2023-12-22T03:50:59.877Z]           Install directory         /local/S/jenkins/workspace/ECP/ecg-maya-hydra/ecg-maya-hydra-branch-preflight-python3-osx/install/Debug/MayaHydra
[2023-12-22T03:50:59.877Z]           Variant                   Debug
[2023-12-22T03:50:59.877Z]           Python Debug              Off
[2023-12-22T03:50:59.877Z]           CMake generator           Ninja
[2023-12-22T03:50:59.877Z]           Build arguments           ['-DCMAKE_MAKE_PROGRAM=/local/S/jenkins/workspace/shared/Artifactory/OSX/ninja/1.10.2/95d0ca5/ninja', '-DPYTHON_INCLUDE_DIR=/local/S/jenkins/workspace/shared/Artifactory/OSX/rundev-master-debug/202312201610/runtime/baf0e83/runTime/Maya.app/Contents/Frameworks/Python.framework/Versions/Current/include/python3.11', '-DPython_EXECUTABLE=/local/S/jenkins/workspace/shared/Artifactory/OSX/rundev-master-debug/202312201610/runtime/baf0e83/runTime/Maya.app/Contents/bin/mayapy', '-DPYTHON_LIBRARIES=/local/S/jenkins/workspace/shared/Artifactory/OSX/rundev-master-debug/202312201610/runtime/baf0e83/runTime/Maya.app/Contents/Frameworks/Python.framework/Versions/Current/lib/libpython3.11.dylib', '-DBUILD_WITH_PYTHON_3_VERSION=3.11', '-DBUILD_UB2=ON', '-DCMAKE_WANT_MATERIALX_BUILD=ON', '-DCMAKE_PREFIX_PATH=/local/S/jenkins/workspace/shared/Artifactory/OSX/USD/ca7f6ed', '-DMAYAHYDRA_BUILD_NUMBER=451', '-DMAYAHYDRA_GIT_COMMIT=d28fb4b56fac40ef6d07300f3ee35b40eff66adc', '-DMAYAHYDRA_GIT_BRANCH=master', '-DMAYAUSD_LOCATION=/local/S/jenkins/workspace/shared/Artifactory/OSX/mayausd-cotd-debug/202311222325/runtime/bd49faa/mayausd']
[2023-12-22T03:50:59.877Z]           Stages arguments          ['clean']
[2023-12-22T03:50:59.877Z]           CTest arguments           ['--parallel 8']
[2023-12-22T03:50:59.877Z]     Success MayaHydra build and install !!!!
[2023-12-22T03:50:59.877Z]     Elapsed time: 00:00:00
[Pipeline] sh
[2023-12-22T03:51:01.336Z] + python ecg-maya-hydra/build.py --stages=clean --workspace-dir=/local/S/jenkins/workspace/ECP/ecg-maya-hydra/ecg-maya-hydra-branch-preflight-python3-osx --artifactory-dir=/local/S/jenkins/workspace/shared/Artifactory --build-dir=/local/S/jenkins/workspace/ECP/ecg-maya-hydra/ecg-maya-hydra-branch-preflight-python3-osx/build --install-dir=/local/S/jenkins/workspace/ECP/ecg-maya-hydra/ecg-maya-hydra-branch-preflight-python3-osx/install --signing-dir=/local/S/jenkins/workspace/ECP/ecg-maya-hydra/ecg-maya-hydra-branch-preflight-python3-osx/signing --package-dir=/local/S/jenkins/workspace/ECP/ecg-maya-hydra/ecg-maya-hydra-branch-preflight-python3-osx/package --output-dir=/local/S/jenkins/workspace/ECP/ecg-maya-hydra/ecg-maya-hydra-branch-preflight-python3-osx/output --stash-dir=/local/S/jenkins/workspace/ECP/ecg-maya-hydra/ecg-maya-hydra-branch-preflight-python3-osx/stash --jenkins-build=451 --git-commit=d28fb4b56fac40ef6d07300f3ee35b40eff66adc --git-branch=master --variants=RelWithDebInfo --interactive-tests=true --post-zips=false --osx-binary-architecture-target=ub2 --osx-deployment-target=11.0 --osx-base-sdk=CurrentActiveSDK --maya-cut-config=maya-rundev-master.yaml --maya-package=rundev-master --stage-banner
[2023-12-22T03:51:01.336Z] Using Maya cut from /local/S/jenkins/workspace/shared/Artifactory/OSX/rundev-master/202312201610/runtime/d0a18d0
[2023-12-22T03:51:01.336Z] Using Maya ADSK Signatures from /local/S/jenkins/workspace/shared/Artifactory/OSX/adsk-plugin-signatures-maya/2023/3ae1ae7
[2023-12-22T03:51:01.336Z] Using Maya Security Library from /local/S/jenkins/workspace/shared/Artifactory/OSX/maya-security-library/3.4.0/5e08f3e
[2023-12-22T03:51:01.336Z] 
[2023-12-22T03:51:01.336Z] ================================================================================
[2023-12-22T03:51:01.336Z]                              clean (RelWithDebInfo)
[2023-12-22T03:51:01.336Z] ================================================================================
[2023-12-22T03:51:01.336Z] Maya Python RelWithDebInfo Info:
[2023-12-22T03:51:01.336Z]   mayapy executable   = /local/S/jenkins/workspace/shared/Artifactory/OSX/rundev-master/202312201610/runtime/d0a18d0/runTime/Maya.app/Contents/bin/mayapy
[2023-12-22T03:51:01.336Z]   Include Folder      = /local/S/jenkins/workspace/shared/Artifactory/OSX/rundev-master/202312201610/runtime/d0a18d0/runTime/Maya.app/Contents/Frameworks/Python.framework/Versions/Current/include/python3.11
[2023-12-22T03:51:01.336Z]   Library             = /local/S/jenkins/workspace/shared/Artifactory/OSX/rundev-master/202312201610/runtime/d0a18d0/runTime/Maya.app/Contents/Frameworks/Python.framework/Versions/Current/lib/libpython3.11.dylib
[2023-12-22T03:51:01.336Z]   site-package Folder = /local/S/jenkins/workspace/shared/Artifactory/OSX/rundev-master/202312201610/runtime/d0a18d0/runTime/Maya.app/Contents/Frameworks/Python.framework/Versions/Current/lib/python3.11/site-packages
[2023-12-22T03:51:01.872Z] In workdir: /Volumes/DATA/local/S/jenkins/workspace/ECP/ecg-maya-hydra/ecg-maya-hydra-branch-preflight-python3-osx/ecg-maya-hydra/maya-hydra
[2023-12-22T03:51:01.872Z] Executing: arch -arch arm64 /local/S/jenkins/workspace/shared/Artifactory/OSX/rundev-master/202312201610/runtime/d0a18d0/runTime/Maya.app/Contents/bin/mayapy /Volumes/DATA/local/S/jenkins/workspace/ECP/ecg-maya-hydra/ecg-maya-hydra-branch-preflight-python3-osx/ecg-maya-hydra/maya-hydra/build.py --generator Ninja --build-relwithdebug --maya-location /local/S/jenkins/workspace/shared/Artifactory/OSX/rundev-master/202312201610/runtime/d0a18d0/runTime --devkit-location /local/S/jenkins/workspace/shared/Artifactory/OSX/rundev-master/202312201610/runtime/d0a18d0/devkitBase --pxrusd-location /local/S/jenkins/workspace/shared/Artifactory/OSX/USD/8270819 --build-args=-DCMAKE_MAKE_PROGRAM=/local/S/jenkins/workspace/shared/Artifactory/OSX/ninja/1.10.2/95d0ca5/ninja,-DPYTHON_INCLUDE_DIR=/local/S/jenkins/workspace/shared/Artifactory/OSX/rundev-master/202312201610/runtime/d0a18d0/runTime/Maya.app/Contents/Frameworks/Python.framework/Versions/Current/include/python3.11,-DPython_EXECUTABLE=/local/S/jenkins/workspace/shared/Artifactory/OSX/rundev-master/202312201610/runtime/d0a18d0/runTime/Maya.app/Contents/bin/mayapy,-DPYTHON_LIBRARIES=/local/S/jenkins/workspace/shared/Artifactory/OSX/rundev-master/202312201610/runtime/d0a18d0/runTime/Maya.app/Contents/Frameworks/Python.framework/Versions/Current/lib/libpython3.11.dylib,-DBUILD_WITH_PYTHON_3_VERSION=3.11,-DBUILD_UB2=ON,-DCMAKE_WANT_MATERIALX_BUILD=ON,-DCMAKE_PREFIX_PATH=/local/S/jenkins/workspace/shared/Artifactory/OSX/USD/8270819,-DMAYAHYDRA_BUILD_NUMBER=451,-DMAYAHYDRA_GIT_COMMIT=d28fb4b56fac40ef6d07300f3ee35b40eff66adc,-DMAYAHYDRA_GIT_BRANCH=master,-DMAYAUSD_LOCATION=/local/S/jenkins/workspace/shared/Artifactory/OSX/mayausd-cotd/202311202320/runtime/a0893a4/mayausd '--ctest-args=--parallel 8' --stages=clean --redirect-outstream-file=False --install-location /local/S/jenkins/workspace/ECP/ecg-maya-hydra/ecg-maya-hydra-branch-preflight-python3-osx/install/RelWithDebInfo/MayaHydra /local/S/jenkins/workspace/ECP/ecg-maya-hydra/ecg-maya-hydra-branch-preflight-python3-osx
[2023-12-22T03:51:01.872Z] Modified environment variables:
[2023-12-22T03:51:01.872Z]     PATH=/local/S/jenkins/workspace/shared/Artifactory/OSX/cmake/3.20.3/2594509/bin:/opt/homebrew/bin:/usr/local/bin:/bin:/usr/sbin:/sbin:/usr/bin:/usr/bin:/bin:/usr/sbin:/sbin
[2023-12-22T03:51:02.089Z]     
[2023-12-22T03:51:02.089Z]         Building with settings:
[2023-12-22T03:51:02.089Z]           Source directory          /Volumes/DATA/local/S/jenkins/workspace/ECP/ecg-maya-hydra/ecg-maya-hydra-branch-preflight-python3-osx/ecg-maya-hydra/maya-hydra
[2023-12-22T03:51:02.089Z]           Workspace directory       /local/S/jenkins/workspace/ECP/ecg-maya-hydra/ecg-maya-hydra-branch-preflight-python3-osx
[2023-12-22T03:51:02.089Z]           Build directory           /local/S/jenkins/workspace/ECP/ecg-maya-hydra/ecg-maya-hydra-branch-preflight-python3-osx/build/RelWithDebInfo
[2023-12-22T03:51:02.089Z]           Install directory         /local/S/jenkins/workspace/ECP/ecg-maya-hydra/ecg-maya-hydra-branch-preflight-python3-osx/install/RelWithDebInfo/MayaHydra
[2023-12-22T03:51:02.089Z]           Variant                   RelWithDebInfo
[2023-12-22T03:51:02.089Z]           Python Debug              Off
[2023-12-22T03:51:02.089Z]           CMake generator           Ninja
[2023-12-22T03:51:02.089Z]           Build arguments           ['-DCMAKE_MAKE_PROGRAM=/local/S/jenkins/workspace/shared/Artifactory/OSX/ninja/1.10.2/95d0ca5/ninja', '-DPYTHON_INCLUDE_DIR=/local/S/jenkins/workspace/shared/Artifactory/OSX/rundev-master/202312201610/runtime/d0a18d0/runTime/Maya.app/Contents/Frameworks/Python.framework/Versions/Current/include/python3.11', '-DPython_EXECUTABLE=/local/S/jenkins/workspace/shared/Artifactory/OSX/rundev-master/202312201610/runtime/d0a18d0/runTime/Maya.app/Contents/bin/mayapy', '-DPYTHON_LIBRARIES=/local/S/jenkins/workspace/shared/Artifactory/OSX/rundev-master/202312201610/runtime/d0a18d0/runTime/Maya.app/Contents/Frameworks/Python.framework/Versions/Current/lib/libpython3.11.dylib', '-DBUILD_WITH_PYTHON_3_VERSION=3.11', '-DBUILD_UB2=ON', '-DCMAKE_WANT_MATERIALX_BUILD=ON', '-DCMAKE_PREFIX_PATH=/local/S/jenkins/workspace/shared/Artifactory/OSX/USD/8270819', '-DMAYAHYDRA_BUILD_NUMBER=451', '-DMAYAHYDRA_GIT_COMMIT=d28fb4b56fac40ef6d07300f3ee35b40eff66adc', '-DMAYAHYDRA_GIT_BRANCH=master', '-DMAYAUSD_LOCATION=/local/S/jenkins/workspace/shared/Artifactory/OSX/mayausd-cotd/202311202320/runtime/a0893a4/mayausd']
[2023-12-22T03:51:02.089Z]           Stages arguments          ['clean']
[2023-12-22T03:51:02.089Z]           CTest arguments           ['--parallel 8']
[2023-12-22T03:51:02.089Z]     Success MayaHydra build and install !!!!
[2023-12-22T03:51:02.089Z]     Elapsed time: 00:00:00
[Pipeline] }
[Pipeline] // withEnv
[Pipeline] }
[Pipeline] // timeout
[Pipeline] }
[Pipeline] // stage
[Pipeline] }
[Pipeline] // timestamps
[Pipeline] timestamps
[Pipeline] {
[Pipeline] stage
[Pipeline] { (Configure)
[Pipeline] timeout
[2023-12-22T03:51:02.213Z] Timeout set to expire in 6 hr 0 min
[Pipeline] {
[Pipeline] withEnv
[Pipeline] {
[Pipeline] sh
[2023-12-22T03:51:03.369Z] + python ecg-maya-hydra/build.py --stages=configure --workspace-dir=/local/S/jenkins/workspace/ECP/ecg-maya-hydra/ecg-maya-hydra-branch-preflight-python3-osx --artifactory-dir=/local/S/jenkins/workspace/shared/Artifactory --build-dir=/local/S/jenkins/workspace/ECP/ecg-maya-hydra/ecg-maya-hydra-branch-preflight-python3-osx/build --install-dir=/local/S/jenkins/workspace/ECP/ecg-maya-hydra/ecg-maya-hydra-branch-preflight-python3-osx/install --signing-dir=/local/S/jenkins/workspace/ECP/ecg-maya-hydra/ecg-maya-hydra-branch-preflight-python3-osx/signing --package-dir=/local/S/jenkins/workspace/ECP/ecg-maya-hydra/ecg-maya-hydra-branch-preflight-python3-osx/package --output-dir=/local/S/jenkins/workspace/ECP/ecg-maya-hydra/ecg-maya-hydra-branch-preflight-python3-osx/output --stash-dir=/local/S/jenkins/workspace/ECP/ecg-maya-hydra/ecg-maya-hydra-branch-preflight-python3-osx/stash --jenkins-build=451 --git-commit=d28fb4b56fac40ef6d07300f3ee35b40eff66adc --git-branch=master --variants=Debug --interactive-tests=true --post-zips=false --osx-binary-architecture-target=ub2 --osx-deployment-target=11.0 --osx-base-sdk=CurrentActiveSDK --maya-cut-config=maya-rundev-master-debug.yaml --maya-package=rundev-master-debug --stage-banner
[2023-12-22T03:51:03.369Z] Using Maya cut from /local/S/jenkins/workspace/shared/Artifactory/OSX/rundev-master-debug/202312201610/runtime/baf0e83
[2023-12-22T03:51:03.369Z] Using Maya ADSK Signatures from /local/S/jenkins/workspace/shared/Artifactory/OSX/adsk-plugin-signatures-maya/2023/3ae1ae7
[2023-12-22T03:51:03.369Z] Using Maya Security Library from /local/S/jenkins/workspace/shared/Artifactory/OSX/maya-security-library/3.4.0/5e08f3e
[2023-12-22T03:51:03.369Z] 
[2023-12-22T03:51:03.369Z] ================================================================================
[2023-12-22T03:51:03.369Z]                                configure (Debug)
[2023-12-22T03:51:03.369Z] ================================================================================
[2023-12-22T03:51:03.369Z] Maya Python Debug Info:
[2023-12-22T03:51:03.370Z]   mayapy executable   = /local/S/jenkins/workspace/shared/Artifactory/OSX/rundev-master-debug/202312201610/runtime/baf0e83/runTime/Maya.app/Contents/bin/mayapy
[2023-12-22T03:51:03.370Z]   Include Folder      = /local/S/jenkins/workspace/shared/Artifactory/OSX/rundev-master-debug/202312201610/runtime/baf0e83/runTime/Maya.app/Contents/Frameworks/Python.framework/Versions/Current/include/python3.11
[2023-12-22T03:51:03.370Z]   Library             = /local/S/jenkins/workspace/shared/Artifactory/OSX/rundev-master-debug/202312201610/runtime/baf0e83/runTime/Maya.app/Contents/Frameworks/Python.framework/Versions/Current/lib/libpython3.11.dylib
[2023-12-22T03:51:03.370Z]   site-package Folder = /local/S/jenkins/workspace/shared/Artifactory/OSX/rundev-master-debug/202312201610/runtime/baf0e83/runTime/Maya.app/Contents/Frameworks/Python.framework/Versions/Current/lib/python3.11/site-packages
[2023-12-22T03:51:03.905Z] In workdir: /Volumes/DATA/local/S/jenkins/workspace/ECP/ecg-maya-hydra/ecg-maya-hydra-branch-preflight-python3-osx/ecg-maya-hydra/maya-hydra
[2023-12-22T03:51:03.905Z] Executing: arch -arch arm64 /local/S/jenkins/workspace/shared/Artifactory/OSX/rundev-master-debug/202312201610/runtime/baf0e83/runTime/Maya.app/Contents/bin/mayapy /Volumes/DATA/local/S/jenkins/workspace/ECP/ecg-maya-hydra/ecg-maya-hydra-branch-preflight-python3-osx/ecg-maya-hydra/maya-hydra/build.py --generator Ninja --build-debug --maya-location /local/S/jenkins/workspace/shared/Artifactory/OSX/rundev-master-debug/202312201610/runtime/baf0e83/runTime --devkit-location /local/S/jenkins/workspace/shared/Artifactory/OSX/rundev-master-debug/202312201610/runtime/baf0e83/devkitBase --pxrusd-location /local/S/jenkins/workspace/shared/Artifactory/OSX/USD/ca7f6ed --build-args=-DCMAKE_MAKE_PROGRAM=/local/S/jenkins/workspace/shared/Artifactory/OSX/ninja/1.10.2/95d0ca5/ninja,-DPYTHON_INCLUDE_DIR=/local/S/jenkins/workspace/shared/Artifactory/OSX/rundev-master-debug/202312201610/runtime/baf0e83/runTime/Maya.app/Contents/Frameworks/Python.framework/Versions/Current/include/python3.11,-DPython_EXECUTABLE=/local/S/jenkins/workspace/shared/Artifactory/OSX/rundev-master-debug/202312201610/runtime/baf0e83/runTime/Maya.app/Contents/bin/mayapy,-DPYTHON_LIBRARIES=/local/S/jenkins/workspace/shared/Artifactory/OSX/rundev-master-debug/202312201610/runtime/baf0e83/runTime/Maya.app/Contents/Frameworks/Python.framework/Versions/Current/lib/libpython3.11.dylib,-DBUILD_WITH_PYTHON_3_VERSION=3.11,-DBUILD_UB2=ON,-DCMAKE_WANT_MATERIALX_BUILD=ON,-DCMAKE_PREFIX_PATH=/local/S/jenkins/workspace/shared/Artifactory/OSX/USD/ca7f6ed,-DMAYAHYDRA_BUILD_NUMBER=451,-DMAYAHYDRA_GIT_COMMIT=d28fb4b56fac40ef6d07300f3ee35b40eff66adc,-DMAYAHYDRA_GIT_BRANCH=master,-DMAYAUSD_LOCATION=/local/S/jenkins/workspace/shared/Artifactory/OSX/mayausd-cotd-debug/202311222325/runtime/bd49faa/mayausd '--ctest-args=--parallel 8' --stages=configure --redirect-outstream-file=False --install-location /local/S/jenkins/workspace/ECP/ecg-maya-hydra/ecg-maya-hydra-branch-preflight-python3-osx/install/Debug/MayaHydra /local/S/jenkins/workspace/ECP/ecg-maya-hydra/ecg-maya-hydra-branch-preflight-python3-osx
[2023-12-22T03:51:03.905Z] Modified environment variables:
[2023-12-22T03:51:03.905Z]     PATH=/local/S/jenkins/workspace/shared/Artifactory/OSX/cmake/3.20.3/2594509/bin:/opt/homebrew/bin:/usr/local/bin:/bin:/usr/sbin:/sbin:/usr/bin:/usr/bin:/bin:/usr/sbin:/sbin
[2023-12-22T03:51:15.070Z]     -- The C compiler identification is AppleClang 13.1.6.13160021
[2023-12-22T03:51:15.070Z]     -- The CXX compiler identification is AppleClang 13.1.6.13160021
[2023-12-22T03:51:15.070Z]     -- Detecting C compiler ABI info
[2023-12-22T03:51:15.070Z]     -- Detecting C compiler ABI info - done
[2023-12-22T03:51:15.070Z]     -- Check for working C compiler: /Applications/Xcode.app/Contents/Developer/Toolchains/XcodeDefault.xctoolchain/usr/bin/cc - skipped
[2023-12-22T03:51:15.070Z]     -- Detecting C compile features
[2023-12-22T03:51:15.070Z]     -- Detecting C compile features - done
[2023-12-22T03:51:15.070Z]     -- Detecting CXX compiler ABI info
[2023-12-22T03:51:15.070Z]     -- Detecting CXX compiler ABI info - done
[2023-12-22T03:51:15.070Z]     -- Check for working CXX compiler: /Applications/Xcode.app/Contents/Developer/Toolchains/XcodeDefault.xctoolchain/usr/bin/c++ - skipped
[2023-12-22T03:51:15.070Z]     -- Detecting CXX compile features
[2023-12-22T03:51:15.070Z]     -- Detecting CXX compile features - done
[2023-12-22T03:51:15.070Z]     -- Building with Universal Binary 2
[2023-12-22T03:51:16.194Z]     -- Using Maya Light API Version 3
[2023-12-22T03:51:16.194Z]     -- Maya has setDefaultMaterialHandling API
[2023-12-22T03:51:16.194Z]     -- Maya has new point snapping API
[2023-12-22T03:51:16.194Z]     -- Maya has isInCrashHandler API
[2023-12-22T03:51:16.194Z]     -- Maya has getDisplayStyleOfAllViewports API
[2023-12-22T03:51:16.194Z]     -- Maya array iterator has difference_type trait
[2023-12-22T03:51:16.194Z]     -- MFnSet has getMemberPaths function
[2023-12-22T03:51:16.194Z]     -- MFnDisplayLayer exists
[2023-12-22T03:51:16.194Z]     -- MDisplayLayerMessage has MDisplayLayerMemberChangedFunction
[2023-12-22T03:51:16.194Z]     -- MRenderItem has HideOnPlayback API
[2023-12-22T03:51:16.194Z]     -- MacOSX: Maya was built with Universal Binary 2 (x86_64/arm64)
[2023-12-22T03:51:16.194Z]     -- Found Maya: /local/S/jenkins/workspace/shared/Artifactory/OSX/rundev-master-debug/202312201610/runtime/baf0e83/runTime/maya.app/Contents/MacOS/Maya (found suitable version "2025", minimum required is "2024")
[2023-12-22T03:51:16.194Z]     -- Found Python: /local/S/jenkins/workspace/shared/Artifactory/OSX/rundev-master-debug/202312201610/runtime/baf0e83/runTime/Maya.app/Contents/bin/mayapy (found suitable exact version "3.11.4") found components: Interpreter
[2023-12-22T03:51:16.194Z]     -- Build mayaHydra with Python3 = 3.11
[2023-12-22T03:51:16.194Z]     --    PYTHON_INCLUDE_DIRS = /local/S/jenkins/workspace/shared/Artifactory/OSX/rundev-master-debug/202312201610/runtime/baf0e83/runTime/Maya.app/Contents/Frameworks/Python.framework/Versions/Current/include/python3.11
[2023-12-22T03:51:16.194Z]     --    PYTHON_LIBRARIES    = /local/S/jenkins/workspace/shared/Artifactory/OSX/rundev-master-debug/202312201610/runtime/baf0e83/runTime/Maya.app/Contents/Frameworks/Python.framework/Versions/Current/lib/libpython3.11.dylib
[2023-12-22T03:51:16.194Z]     --    Python_EXECUTABLE   = /local/S/jenkins/workspace/shared/Artifactory/OSX/rundev-master-debug/202312201610/runtime/baf0e83/runTime/Maya.app/Contents/bin/mayapy
[2023-12-22T03:51:16.194Z]     -- Found Python3: /local/S/jenkins/workspace/shared/Artifactory/OSX/rundev-master-debug/202312201610/runtime/baf0e83/runTime/Maya.app/Contents/Frameworks/Python.framework/Versions/Current/include/python3.11 (found suitable exact version "3.11.4") found components: Development Development.Module Development.Embed
[2023-12-22T03:51:16.194Z]     -- USD has new Sdr.PropertyTypes.Color4
[2023-12-22T03:51:16.730Z]     -- USD has MaterialX metadata support
[2023-12-22T03:51:16.730Z]     -- USD include dir: /local/S/jenkins/workspace/shared/Artifactory/OSX/USD/ca7f6ed/include
[2023-12-22T03:51:16.730Z]     -- USD library dir: /local/S/jenkins/workspace/shared/Artifactory/OSX/USD/ca7f6ed/lib
[2023-12-22T03:51:16.730Z]     -- USD version: 0.23.11
[2023-12-22T03:51:16.730Z]     -- Found USD: /local/S/jenkins/workspace/shared/Artifactory/OSX/USD/ca7f6ed (found suitable version "0.23.11", minimum required is "0.22.11")
[2023-12-22T03:51:16.730Z]     Updated PYTHONPATH: /local/S/jenkins/workspace/shared/Artifactory/OSX/USD/ca7f6ed/lib/python
[2023-12-22T03:51:16.730Z]     -- Found UFE: /local/S/jenkins/workspace/shared/Artifactory/OSX/rundev-master-debug/202312201610/runtime/baf0e83/devkitBase/devkit/ufe/include (found version "5.0.0")
[2023-12-22T03:51:16.730Z]     -- UFE include dir: /local/S/jenkins/workspace/shared/Artifactory/OSX/rundev-master-debug/202312201610/runtime/baf0e83/devkitBase/devkit/ufe/include
[2023-12-22T03:51:16.730Z]     -- UFE library: /local/S/jenkins/workspace/shared/Artifactory/OSX/rundev-master-debug/202312201610/runtime/baf0e83/devkitBase/devkit/ufe/lib/libufe_5.dylib
[2023-12-22T03:51:16.730Z]     -- UFE version: 5.0.0
[2023-12-22T03:51:16.730Z]     -- Maya has UFE lights API
[2023-12-22T03:51:16.730Z]     -- Maya has UFE scene segment API
[2023-12-22T03:51:16.730Z]     -- Maya has UFE TrieNode childrenComponents accessor
[2023-12-22T03:51:16.730Z]     -- Building with UFE 5.0.0.
[2023-12-22T03:51:16.730Z]     -- Found MaterialX
[2023-12-22T03:51:16.730Z]     -- Performing Test HAVE_STDATOMIC
[2023-12-22T03:51:16.730Z]     -- Performing Test HAVE_STDATOMIC - Success
[2023-12-22T03:51:17.268Z]     -- Found OpenGL: /Applications/Xcode.app/Contents/Developer/Platforms/MacOSX.platform/Developer/SDKs/MacOSX12.3.sdk/System/Library/Frameworks/OpenGL.framework
[2023-12-22T03:51:17.268Z]     -- Check if linker can resolve circular dependencies - TRUE
[2023-12-22T03:51:17.268Z]     -- Found Qt 6.5.3 in Maya devkit. Hydra Scene Browser will be built.
[2023-12-22T03:51:17.268Z]     -- **** Building Gulrak From Github Repository.
[2023-12-22T03:51:17.268Z]     -- Populating gulrak
[2023-12-22T03:51:17.268Z]     -- Configuring done
[2023-12-22T03:51:17.268Z]     -- Generating done
[2023-12-22T03:51:17.268Z]     -- Build files have been written to: /Volumes/DATA/local/S/jenkins/workspace/ECP/ecg-maya-hydra/ecg-maya-hydra-branch-preflight-python3-osx/build/Debug/_deps/gulrak-subbuild
[2023-12-22T03:51:17.268Z]     [1/9] Creating directories for 'gulrak-populate'
[2023-12-22T03:51:17.268Z]     [1/9] Performing download step (git clone) for 'gulrak-populate'
[2023-12-22T03:51:17.268Z]     Cloning into 'gulrak-src'...
[2023-12-22T03:51:17.805Z]     HEAD is now at 4e21ab3 Version bump and updated readme.
[2023-12-22T03:51:17.805Z]     [2/9] Performing update step for 'gulrak-populate'
[2023-12-22T03:51:17.805Z]     [4/9] No patch step for 'gulrak-populate'
[2023-12-22T03:51:17.805Z]     [5/9] No configure step for 'gulrak-populate'
[2023-12-22T03:51:17.805Z]     [6/9] No build step for 'gulrak-populate'
[2023-12-22T03:51:17.805Z]     [7/9] No install step for 'gulrak-populate'
[2023-12-22T03:51:17.805Z]     [8/9] No test step for 'gulrak-populate'
[2023-12-22T03:51:17.805Z]     [9/9] Completed 'gulrak-populate'
[2023-12-22T03:51:17.805Z]     -- ========== Installing GoogleTest... ==========
[2023-12-22T03:51:17.805Z]     -- Configuring done
[2023-12-22T03:51:17.805Z]     -- Generating done
[2023-12-22T03:51:17.805Z]     -- Build files have been written to: /Volumes/DATA/local/S/jenkins/workspace/ECP/ecg-maya-hydra/ecg-maya-hydra-branch-preflight-python3-osx/build/Debug/googletest-config
[2023-12-22T03:51:17.805Z]     [1/8] Creating directories for 'googletest'
[2023-12-22T03:51:23.262Z]     [2/8] Performing download step (git clone) for 'googletest'
[2023-12-22T03:51:23.262Z]     Cloning into 'googletest-src'...
[2023-12-22T03:51:23.262Z]     HEAD is now at 703bd9ca Googletest export
[2023-12-22T03:51:23.262Z]     [3/8] Performing update step for 'googletest'
[2023-12-22T03:51:23.262Z]     [4/8] No patch step for 'googletest'
[2023-12-22T03:51:23.481Z]     [5/8] Performing configure step for 'googletest'
[2023-12-22T03:51:23.481Z]     Not searching for unused variables given on the command line.
[2023-12-22T03:51:23.481Z]     CMake Deprecation Warning at CMakeLists.txt:4 (cmake_minimum_required):
[2023-12-22T03:51:23.481Z]       Compatibility with CMake < 2.8.12 will be removed from a future version of
[2023-12-22T03:51:23.481Z]       CMake.
[2023-12-22T03:51:23.481Z]     
[2023-12-22T03:51:23.481Z]       Update the VERSION argument <min> value or use a ...<max> suffix to tell
[2023-12-22T03:51:23.481Z]       CMake that the project does not need compatibility with older versions.
[2023-12-22T03:51:23.481Z]     
[2023-12-22T03:51:23.481Z]     
[2023-12-22T03:51:23.481Z]     -- The C compiler identification is AppleClang 13.1.6.13160021
[2023-12-22T03:51:23.482Z]     -- The CXX compiler identification is AppleClang 13.1.6.13160021
[2023-12-22T03:51:23.482Z]     -- Detecting C compiler ABI info
[2023-12-22T03:51:23.482Z]     -- Detecting C compiler ABI info - done
[2023-12-22T03:51:23.482Z]     -- Check for working C compiler: /Applications/Xcode.app/Contents/Developer/Toolchains/XcodeDefault.xctoolchain/usr/bin/cc - skipped
[2023-12-22T03:51:23.482Z]     -- Detecting C compile features
[2023-12-22T03:51:23.482Z]     -- Detecting C compile features - done
[2023-12-22T03:51:23.482Z]     -- Detecting CXX compiler ABI info
[2023-12-22T03:51:23.482Z]     -- Detecting CXX compiler ABI info - done
[2023-12-22T03:51:23.482Z]     -- Check for working CXX compiler: /Applications/Xcode.app/Contents/Developer/Toolchains/XcodeDefault.xctoolchain/usr/bin/c++ - skipped
[2023-12-22T03:51:23.482Z]     -- Detecting CXX compile features
[2023-12-22T03:51:23.482Z]     -- Detecting CXX compile features - done
[2023-12-22T03:51:23.482Z]     CMake Deprecation Warning at googletest/CMakeLists.txt:56 (cmake_minimum_required):
[2023-12-22T03:51:23.482Z]       Compatibility with CMake < 2.8.12 will be removed from a future version of
[2023-12-22T03:51:23.482Z]       CMake.
[2023-12-22T03:51:23.482Z]     
[2023-12-22T03:51:23.482Z]       Update the VERSION argument <min> value or use a ...<max> suffix to tell
[2023-12-22T03:51:23.482Z]       CMake that the project does not need compatibility with older versions.
[2023-12-22T03:51:23.482Z]     
[2023-12-22T03:51:23.482Z]     
[2023-12-22T03:51:23.482Z]     -- Found PythonInterp: /usr/local/bin/python (found version "3.10.6")
[2023-12-22T03:51:23.482Z]     -- Looking for pthread.h
[2023-12-22T03:51:23.482Z]     -- Looking for pthread.h - found
[2023-12-22T03:51:23.482Z]     -- Performing Test CMAKE_HAVE_LIBC_PTHREAD
[2023-12-22T03:51:23.482Z]     -- Performing Test CMAKE_HAVE_LIBC_PTHREAD - Success
[2023-12-22T03:51:23.482Z]     -- Found Threads: TRUE
[2023-12-22T03:51:23.482Z]     -- Configuring done
[2023-12-22T03:51:23.482Z]     -- Generating done
[2023-12-22T03:51:23.482Z]     -- Build files have been written to: /Volumes/DATA/local/S/jenkins/workspace/ECP/ecg-maya-hydra/ecg-maya-hydra-branch-preflight-python3-osx/build/Debug/googletest-build
[2023-12-22T03:51:23.482Z]     [6/8] Performing build step for 'googletest'
[2023-12-22T03:51:23.482Z]     [1/4] Building CXX object googletest/CMakeFiles/gtest_main.dir/src/gtest_main.cc.o
[2023-12-22T03:51:23.482Z]     [2/4] Building CXX object googletest/CMakeFiles/gtest.dir/src/gtest-all.cc.o
[2023-12-22T03:51:23.482Z]     [3/4] Linking CXX shared library lib/libgtestd.dylib
[2023-12-22T03:51:23.482Z]     [4/4] Linking CXX shared library lib/libgtest_maind.dylib
[2023-12-22T03:51:23.482Z]     [7/8] Performing install step for 'googletest'
[2023-12-22T03:51:23.482Z]     [0/1] Install the project...
[2023-12-22T03:51:23.482Z]     -- Install configuration: "Debug"
[2023-12-22T03:51:23.482Z]     [8/8] Completed 'googletest'
[2023-12-22T03:51:23.482Z]     -- ========== ...  GoogleTest installed. ==========
[2023-12-22T03:51:23.482Z]     -- Found GTest: /Volumes/DATA/local/S/jenkins/workspace/ECP/ecg-maya-hydra/ecg-maya-hydra-branch-preflight-python3-osx/build/Debug/googletest-install/lib/libgtestd.dylib
[2023-12-22T03:51:23.482Z]     -- promoting: /Volumes/DATA/local/S/jenkins/workspace/ECP/ecg-maya-hydra/ecg-maya-hydra-branch-preflight-python3-osx/ecg-maya-hydra/maya-hydra/lib/mayaHydra/mayaPlugin/pluginUtils.h
[2023-12-22T03:51:23.482Z]     -- promoting: /Volumes/DATA/local/S/jenkins/workspace/ECP/ecg-maya-hydra/ecg-maya-hydra-branch-preflight-python3-osx/ecg-maya-hydra/maya-hydra/lib/mayaHydra/hydraExtensions/api.h
[2023-12-22T03:51:23.482Z]     -- promoting: /Volumes/DATA/local/S/jenkins/workspace/ECP/ecg-maya-hydra/ecg-maya-hydra-branch-preflight-python3-osx/ecg-maya-hydra/maya-hydra/lib/mayaHydra/hydraExtensions/debugCodes.h
[2023-12-22T03:51:23.482Z]     -- promoting: /Volumes/DATA/local/S/jenkins/workspace/ECP/ecg-maya-hydra/ecg-maya-hydra-branch-preflight-python3-osx/ecg-maya-hydra/maya-hydra/lib/mayaHydra/hydraExtensions/hydraUtils.h
[2023-12-22T03:51:23.482Z]     -- promoting: /Volumes/DATA/local/S/jenkins/workspace/ECP/ecg-maya-hydra/ecg-maya-hydra-branch-preflight-python3-osx/ecg-maya-hydra/maya-hydra/lib/mayaHydra/hydraExtensions/mayaHydraLibInterface.h
[2023-12-22T03:51:23.482Z]     -- promoting: /Volumes/DATA/local/S/jenkins/workspace/ECP/ecg-maya-hydra/ecg-maya-hydra-branch-preflight-python3-osx/ecg-maya-hydra/maya-hydra/lib/mayaHydra/hydraExtensions/mayaHydraLibInterfaceImp.h
[2023-12-22T03:51:23.482Z]     -- promoting: /Volumes/DATA/local/S/jenkins/workspace/ECP/ecg-maya-hydra/ecg-maya-hydra-branch-preflight-python3-osx/ecg-maya-hydra/maya-hydra/lib/mayaHydra/hydraExtensions/mayaUtils.h
[2023-12-22T03:51:23.482Z]     -- promoting: /Volumes/DATA/local/S/jenkins/workspace/ECP/ecg-maya-hydra/ecg-maya-hydra-branch-preflight-python3-osx/ecg-maya-hydra/maya-hydra/lib/mayaHydra/hydraExtensions/mixedUtils.h
[2023-12-22T03:51:23.482Z]     -- promoting: /Volumes/DATA/local/S/jenkins/workspace/ECP/ecg-maya-hydra/ecg-maya-hydra-branch-preflight-python3-osx/ecg-maya-hydra/maya-hydra/lib/mayaHydra/hydraExtensions/mayaHydraSceneProducer.h
[2023-12-22T03:51:23.482Z]     -- promoting: /Volumes/DATA/local/S/jenkins/workspace/ECP/ecg-maya-hydra/ecg-maya-hydra-branch-preflight-python3-osx/ecg-maya-hydra/maya-hydra/lib/mayaHydra/hydraExtensions/adapters/adapter.h
[2023-12-22T03:51:23.482Z]     -- promoting: /Volumes/DATA/local/S/jenkins/workspace/ECP/ecg-maya-hydra/ecg-maya-hydra-branch-preflight-python3-osx/ecg-maya-hydra/maya-hydra/lib/mayaHydra/hydraExtensions/adapters/adapterDebugCodes.h
[2023-12-22T03:51:23.482Z]     -- promoting: /Volumes/DATA/local/S/jenkins/workspace/ECP/ecg-maya-hydra/ecg-maya-hydra-branch-preflight-python3-osx/ecg-maya-hydra/maya-hydra/lib/mayaHydra/hydraExtensions/adapters/adapterRegistry.h
[2023-12-22T03:51:23.482Z]     -- promoting: /Volumes/DATA/local/S/jenkins/workspace/ECP/ecg-maya-hydra/ecg-maya-hydra-branch-preflight-python3-osx/ecg-maya-hydra/maya-hydra/lib/mayaHydra/hydraExtensions/adapters/cameraAdapter.h
[2023-12-22T03:51:23.482Z]     -- promoting: /Volumes/DATA/local/S/jenkins/workspace/ECP/ecg-maya-hydra/ecg-maya-hydra-branch-preflight-python3-osx/ecg-maya-hydra/maya-hydra/lib/mayaHydra/hydraExtensions/adapters/constantShadowMatrix.h
[2023-12-22T03:51:23.482Z]     -- promoting: /Volumes/DATA/local/S/jenkins/workspace/ECP/ecg-maya-hydra/ecg-maya-hydra-branch-preflight-python3-osx/ecg-maya-hydra/maya-hydra/lib/mayaHydra/hydraExtensions/adapters/dagAdapter.h
[2023-12-22T03:51:23.482Z]     -- promoting: /Volumes/DATA/local/S/jenkins/workspace/ECP/ecg-maya-hydra/ecg-maya-hydra-branch-preflight-python3-osx/ecg-maya-hydra/maya-hydra/lib/mayaHydra/hydraExtensions/adapters/renderItemAdapter.h
[2023-12-22T03:51:23.482Z]     -- promoting: /Volumes/DATA/local/S/jenkins/workspace/ECP/ecg-maya-hydra/ecg-maya-hydra-branch-preflight-python3-osx/ecg-maya-hydra/maya-hydra/lib/mayaHydra/hydraExtensions/adapters/lightAdapter.h
[2023-12-22T03:51:23.482Z]     -- promoting: /Volumes/DATA/local/S/jenkins/workspace/ECP/ecg-maya-hydra/ecg-maya-hydra-branch-preflight-python3-osx/ecg-maya-hydra/maya-hydra/lib/mayaHydra/hydraExtensions/adapters/materialAdapter.h
[2023-12-22T03:51:23.482Z]     -- promoting: /Volumes/DATA/local/S/jenkins/workspace/ECP/ecg-maya-hydra/ecg-maya-hydra-branch-preflight-python3-osx/ecg-maya-hydra/maya-hydra/lib/mayaHydra/hydraExtensions/adapters/materialNetworkConverter.h
[2023-12-22T03:51:23.482Z]     -- promoting: /Volumes/DATA/local/S/jenkins/workspace/ECP/ecg-maya-hydra/ecg-maya-hydra-branch-preflight-python3-osx/ecg-maya-hydra/maya-hydra/lib/mayaHydra/hydraExtensions/adapters/mayaAttrs.h
[2023-12-22T03:51:23.482Z]     -- promoting: /Volumes/DATA/local/S/jenkins/workspace/ECP/ecg-maya-hydra/ecg-maya-hydra-branch-preflight-python3-osx/ecg-maya-hydra/maya-hydra/lib/mayaHydra/hydraExtensions/adapters/shapeAdapter.h
[2023-12-22T03:51:23.482Z]     -- promoting: /Volumes/DATA/local/S/jenkins/workspace/ECP/ecg-maya-hydra/ecg-maya-hydra-branch-preflight-python3-osx/ecg-maya-hydra/maya-hydra/lib/mayaHydra/hydraExtensions/adapters/tokens.h
[2023-12-22T03:51:23.482Z]     -- promoting: /Volumes/DATA/local/S/jenkins/workspace/ECP/ecg-maya-hydra/ecg-maya-hydra-branch-preflight-python3-osx/ecg-maya-hydra/maya-hydra/lib/mayaHydra/hydraExtensions/delegates/delegate.h
[2023-12-22T03:51:23.482Z]     -- promoting: /Volumes/DATA/local/S/jenkins/workspace/ECP/ecg-maya-hydra/ecg-maya-hydra-branch-preflight-python3-osx/ecg-maya-hydra/maya-hydra/lib/mayaHydra/hydraExtensions/delegates/delegateCtx.h
[2023-12-22T03:51:23.482Z]     -- promoting: /Volumes/DATA/local/S/jenkins/workspace/ECP/ecg-maya-hydra/ecg-maya-hydra-branch-preflight-python3-osx/ecg-maya-hydra/maya-hydra/lib/mayaHydra/hydraExtensions/delegates/delegateDebugCodes.h
[2023-12-22T03:51:23.482Z]     -- promoting: /Volumes/DATA/local/S/jenkins/workspace/ECP/ecg-maya-hydra/ecg-maya-hydra-branch-preflight-python3-osx/ecg-maya-hydra/maya-hydra/lib/mayaHydra/hydraExtensions/delegates/delegateRegistry.h
[2023-12-22T03:51:23.482Z]     -- promoting: /Volumes/DATA/local/S/jenkins/workspace/ECP/ecg-maya-hydra/ecg-maya-hydra-branch-preflight-python3-osx/ecg-maya-hydra/maya-hydra/lib/mayaHydra/hydraExtensions/delegates/params.h
[2023-12-22T03:51:23.482Z]     -- promoting: /Volumes/DATA/local/S/jenkins/workspace/ECP/ecg-maya-hydra/ecg-maya-hydra-branch-preflight-python3-osx/ecg-maya-hydra/maya-hydra/lib/mayaHydra/hydraExtensions/delegates/sceneDelegate.h
[2023-12-22T03:51:23.482Z]     -- promoting: /Volumes/DATA/local/S/jenkins/workspace/ECP/ecg-maya-hydra/ecg-maya-hydra-branch-preflight-python3-osx/ecg-maya-hydra/maya-hydra/lib/mayaHydra/hydraExtensions/delegates/defaultLightDelegate.h
[2023-12-22T03:51:23.482Z]     -- promoting: /Volumes/DATA/local/S/jenkins/workspace/ECP/ecg-maya-hydra/ecg-maya-hydra-branch-preflight-python3-osx/ecg-maya-hydra/maya-hydra/lib/mayaHydra/hydraExtensions/delegates/testDelegate.h
[2023-12-22T03:51:23.482Z]     -- promoting: /Volumes/DATA/local/S/jenkins/workspace/ECP/ecg-maya-hydra/ecg-maya-hydra-branch-preflight-python3-osx/ecg-maya-hydra/maya-hydra/lib/mayaHydra/hydraExtensions/sceneIndex/registration.h
[2023-12-22T03:51:23.482Z]     -- promoting: /Volumes/DATA/local/S/jenkins/workspace/ECP/ecg-maya-hydra/ecg-maya-hydra-branch-preflight-python3-osx/ecg-maya-hydra/maya-hydra/lib/mayaHydra/hydraExtensions/sceneIndex/mayaHydraSceneIndex.h
[2023-12-22T03:51:23.482Z]     -- promoting: /Volumes/DATA/local/S/jenkins/workspace/ECP/ecg-maya-hydra/ecg-maya-hydra-branch-preflight-python3-osx/ecg-maya-hydra/maya-hydra/lib/mayaHydra/hydraExtensions/sceneIndex/mayaHydraDataSource.h
[2023-12-22T03:51:23.482Z]     -- promoting: /Volumes/DATA/local/S/jenkins/workspace/ECP/ecg-maya-hydra/ecg-maya-hydra-branch-preflight-python3-osx/ecg-maya-hydra/maya-hydra/lib/mayaHydra/hydraExtensions/sceneIndex/mayaHydraPrimvarDataSource.h
[2023-12-22T03:51:23.482Z]     -- promoting: /Volumes/DATA/local/S/jenkins/workspace/ECP/ecg-maya-hydra/ecg-maya-hydra-branch-preflight-python3-osx/ecg-maya-hydra/maya-hydra/lib/mayaHydra/hydraExtensions/sceneIndex/mayaHydraDisplayStyleDataSource.h
[2023-12-22T03:51:23.482Z]     -- promoting: /Volumes/DATA/local/S/jenkins/workspace/ECP/ecg-maya-hydra/ecg-maya-hydra-branch-preflight-python3-osx/ecg-maya-hydra/maya-hydra/lib/mayaHydra/hydraExtensions/sceneIndex/mayaHydraCameraDataSource.h
[2023-12-22T03:51:23.482Z]     -- promoting: /Volumes/DATA/local/S/jenkins/workspace/ECP/ecg-maya-hydra/ecg-maya-hydra-branch-preflight-python3-osx/ecg-maya-hydra/maya-hydra/lib/mayaHydra/hydraExtensions/sceneIndex/mayaHydraLightDataSource.h
[2023-12-22T03:51:23.482Z]     -- promoting: /Volumes/DATA/local/S/jenkins/workspace/ECP/ecg-maya-hydra/ecg-maya-hydra-branch-preflight-python3-osx/ecg-maya-hydra/maya-hydra/lib/mayaHydra/hydraExtensions/sceneIndex/mayaHydraDefaultLightDataSource.h
[2023-12-22T03:51:23.482Z]     -- promoting: /Volumes/DATA/local/S/jenkins/workspace/ECP/ecg-maya-hydra/ecg-maya-hydra-branch-preflight-python3-osx/ecg-maya-hydra/maya-hydra/lib/mayaHydra/hydraExtensions/sceneIndex/mayaHydraMayaDataProducerSceneIndexData.h
[2023-12-22T03:51:23.482Z]     -- promoting: /Volumes/DATA/local/S/jenkins/workspace/ECP/ecg-maya-hydra/ecg-maya-hydra-branch-preflight-python3-osx/ecg-maya-hydra/maya-hydra/lib/mayaHydra/hydraExtensions/sceneIndex/mayaHydraMayaDataProducerSceneIndexDataConcreteFactory.h
[2023-12-22T03:51:23.482Z]     -- promoting: /Volumes/DATA/local/S/jenkins/workspace/ECP/ecg-maya-hydra/ecg-maya-hydra-branch-preflight-python3-osx/ecg-maya-hydra/maya-hydra/lib/mayaHydra/hydraExtensions/sceneIndex/mayaHydraSceneIndexDataFactoriesSetup.h
[2023-12-22T03:51:23.482Z]     -- promoting: /Volumes/DATA/local/S/jenkins/workspace/ECP/ecg-maya-hydra/ecg-maya-hydra-branch-preflight-python3-osx/ecg-maya-hydra/maya-hydra/lib/mayaHydra/hydraExtensions/sceneIndex/mayaHydraMayaFilteringSceneIndexData.h
[2023-12-22T03:51:23.482Z]     -- promoting: /Volumes/DATA/local/S/jenkins/workspace/ECP/ecg-maya-hydra/ecg-maya-hydra-branch-preflight-python3-osx/ecg-maya-hydra/maya-hydra/lib/mayaHydra/hydraExtensions/sceneIndex/mayaHydraMayaFilteringSceneIndexDataConcreteFactory.h
[2023-12-22T03:51:23.482Z]     -- promoting: /Volumes/DATA/local/S/jenkins/workspace/ECP/ecg-maya-hydra/ecg-maya-hydra-branch-preflight-python3-osx/ecg-maya-hydra/maya-hydra/lib/mayaHydra/ufeExtensions/api.h
[2023-12-22T03:51:23.482Z]     -- promoting: /Volumes/DATA/local/S/jenkins/workspace/ECP/ecg-maya-hydra/ecg-maya-hydra-branch-preflight-python3-osx/ecg-maya-hydra/maya-hydra/lib/mayaHydra/ufeExtensions/Global.h
[2023-12-22T03:51:23.482Z]     -- promoting: /Volumes/DATA/local/S/jenkins/workspace/ECP/ecg-maya-hydra/ecg-maya-hydra-branch-preflight-python3-osx/ecg-maya-hydra/maya-hydra/lib/flowViewport/api.h
[2023-12-22T03:51:23.482Z]     -- promoting: /Volumes/DATA/local/S/jenkins/workspace/ECP/ecg-maya-hydra/ecg-maya-hydra-branch-preflight-python3-osx/ecg-maya-hydra/maya-hydra/lib/flowViewport/debugCodes.h
[2023-12-22T03:51:23.482Z]     -- promoting: /Volumes/DATA/local/S/jenkins/workspace/ECP/ecg-maya-hydra/ecg-maya-hydra-branch-preflight-python3-osx/ecg-maya-hydra/maya-hydra/lib/flowViewport/global.h
[2023-12-22T03:51:23.482Z]     -- promoting: /Volumes/DATA/local/S/jenkins/workspace/ECP/ecg-maya-hydra/ecg-maya-hydra-branch-preflight-python3-osx/ecg-maya-hydra/maya-hydra/lib/flowViewport/tokens.h
[2023-12-22T03:51:23.482Z]     -- promoting: /Volumes/DATA/local/S/jenkins/workspace/ECP/ecg-maya-hydra/ecg-maya-hydra-branch-preflight-python3-osx/ecg-maya-hydra/maya-hydra/lib/flowViewport/colorPreferences/fvpColorChanged.h
[2023-12-22T03:51:23.482Z]     -- promoting: /Volumes/DATA/local/S/jenkins/workspace/ECP/ecg-maya-hydra/ecg-maya-hydra-branch-preflight-python3-osx/ecg-maya-hydra/maya-hydra/lib/flowViewport/colorPreferences/fvpColorPreferences.h
[2023-12-22T03:51:23.482Z]     -- promoting: /Volumes/DATA/local/S/jenkins/workspace/ECP/ecg-maya-hydra/ecg-maya-hydra-branch-preflight-python3-osx/ecg-maya-hydra/maya-hydra/lib/flowViewport/colorPreferences/fvpColorPreferencesTokens.h
[2023-12-22T03:51:23.482Z]     -- promoting: /Volumes/DATA/local/S/jenkins/workspace/ECP/ecg-maya-hydra/ecg-maya-hydra-branch-preflight-python3-osx/ecg-maya-hydra/maya-hydra/lib/flowViewport/colorPreferences/fvpColorPreferencesTranslator.h
[2023-12-22T03:51:23.482Z]     -- promoting: /Volumes/DATA/local/S/jenkins/workspace/ECP/ecg-maya-hydra/ecg-maya-hydra-branch-preflight-python3-osx/ecg-maya-hydra/maya-hydra/lib/flowViewport/sceneIndex/fvpMergingSceneIndex.h
[2023-12-22T03:51:23.482Z]     -- promoting: /Volumes/DATA/local/S/jenkins/workspace/ECP/ecg-maya-hydra/ecg-maya-hydra-branch-preflight-python3-osx/ecg-maya-hydra/maya-hydra/lib/flowViewport/sceneIndex/fvpPathInterface.h
[2023-12-22T03:51:23.482Z]     -- promoting: /Volumes/DATA/local/S/jenkins/workspace/ECP/ecg-maya-hydra/ecg-maya-hydra-branch-preflight-python3-osx/ecg-maya-hydra/maya-hydra/lib/flowViewport/sceneIndex/fvpPathInterfaceSceneIndex.h
[2023-12-22T03:51:23.482Z]     -- promoting: /Volumes/DATA/local/S/jenkins/workspace/ECP/ecg-maya-hydra/ecg-maya-hydra-branch-preflight-python3-osx/ecg-maya-hydra/maya-hydra/lib/flowViewport/sceneIndex/fvpRenderIndexProxy.h
[2023-12-22T03:51:23.482Z]     -- promoting: /Volumes/DATA/local/S/jenkins/workspace/ECP/ecg-maya-hydra/ecg-maya-hydra-branch-preflight-python3-osx/ecg-maya-hydra/maya-hydra/lib/flowViewport/sceneIndex/fvpRenderIndexProxyFwd.h
[2023-12-22T03:51:23.482Z]     -- promoting: /Volumes/DATA/local/S/jenkins/workspace/ECP/ecg-maya-hydra/ecg-maya-hydra-branch-preflight-python3-osx/ecg-maya-hydra/maya-hydra/lib/flowViewport/sceneIndex/fvpSelectionSceneIndex.h
[2023-12-22T03:51:23.482Z]     -- promoting: /Volumes/DATA/local/S/jenkins/workspace/ECP/ecg-maya-hydra/ecg-maya-hydra-branch-preflight-python3-osx/ecg-maya-hydra/maya-hydra/lib/flowViewport/sceneIndex/fvpWireframeSelectionHighlightSceneIndex.h
[2023-12-22T03:51:23.482Z]     -- promoting: /Volumes/DATA/local/S/jenkins/workspace/ECP/ecg-maya-hydra/ecg-maya-hydra-branch-preflight-python3-osx/ecg-maya-hydra/maya-hydra/lib/flowViewport/sceneIndex/fvpParentDataModifierSceneIndex.h
[2023-12-22T03:51:23.482Z]     -- promoting: /Volumes/DATA/local/S/jenkins/workspace/ECP/ecg-maya-hydra/ecg-maya-hydra-branch-preflight-python3-osx/ecg-maya-hydra/maya-hydra/lib/flowViewport/API/fvpSelectionClient.h
[2023-12-22T03:51:23.482Z]     -- promoting: /Volumes/DATA/local/S/jenkins/workspace/ECP/ecg-maya-hydra/ecg-maya-hydra-branch-preflight-python3-osx/ecg-maya-hydra/maya-hydra/lib/flowViewport/API/fvpSelectionInterface.h
[2023-12-22T03:51:23.482Z]     -- promoting: /Volumes/DATA/local/S/jenkins/workspace/ECP/ecg-maya-hydra/ecg-maya-hydra-branch-preflight-python3-osx/ecg-maya-hydra/maya-hydra/lib/flowViewport/API/fvpVersionInterface.h
[2023-12-22T03:51:23.482Z]     -- promoting: /Volumes/DATA/local/S/jenkins/workspace/ECP/ecg-maya-hydra/ecg-maya-hydra-branch-preflight-python3-osx/ecg-maya-hydra/maya-hydra/lib/flowViewport/API/fvpInformationInterface.h
[2023-12-22T03:51:23.482Z]     -- promoting: /Volumes/DATA/local/S/jenkins/workspace/ECP/ecg-maya-hydra/ecg-maya-hydra-branch-preflight-python3-osx/ecg-maya-hydra/maya-hydra/lib/flowViewport/API/fvpInformationClient.h
[2023-12-22T03:51:23.482Z]     -- promoting: /Volumes/DATA/local/S/jenkins/workspace/ECP/ecg-maya-hydra/ecg-maya-hydra-branch-preflight-python3-osx/ecg-maya-hydra/maya-hydra/lib/flowViewport/API/fvpDataProducerSceneIndexInterface.h
[2023-12-22T03:51:23.482Z]     -- promoting: /Volumes/DATA/local/S/jenkins/workspace/ECP/ecg-maya-hydra/ecg-maya-hydra-branch-preflight-python3-osx/ecg-maya-hydra/maya-hydra/lib/flowViewport/API/fvpFilteringSceneIndexClient.h
[2023-12-22T03:51:23.482Z]     -- promoting: /Volumes/DATA/local/S/jenkins/workspace/ECP/ecg-maya-hydra/ecg-maya-hydra-branch-preflight-python3-osx/ecg-maya-hydra/maya-hydra/lib/flowViewport/API/fvpFilteringSceneIndexClientFwd.h
[2023-12-22T03:51:23.482Z]     -- promoting: /Volumes/DATA/local/S/jenkins/workspace/ECP/ecg-maya-hydra/ecg-maya-hydra-branch-preflight-python3-osx/ecg-maya-hydra/maya-hydra/lib/flowViewport/API/fvpFilteringSceneIndexInterface.h
[2023-12-22T03:51:23.482Z]     -- promoting: /Volumes/DATA/local/S/jenkins/workspace/ECP/ecg-maya-hydra/ecg-maya-hydra-branch-preflight-python3-osx/ecg-maya-hydra/maya-hydra/lib/flowViewport/API/fvpViewportAPITokens.h
[2023-12-22T03:51:23.482Z]     -- promoting: /Volumes/DATA/local/S/jenkins/workspace/ECP/ecg-maya-hydra/ecg-maya-hydra-branch-preflight-python3-osx/ecg-maya-hydra/maya-hydra/lib/flowViewport/API/interfacesImp/fvpSelectionInterfaceImp.h
[2023-12-22T03:51:23.482Z]     -- promoting: /Volumes/DATA/local/S/jenkins/workspace/ECP/ecg-maya-hydra/ecg-maya-hydra-branch-preflight-python3-osx/ecg-maya-hydra/maya-hydra/lib/flowViewport/API/interfacesImp/fvpVersionInterfaceImp.h
[2023-12-22T03:51:23.482Z]     -- promoting: /Volumes/DATA/local/S/jenkins/workspace/ECP/ecg-maya-hydra/ecg-maya-hydra-branch-preflight-python3-osx/ecg-maya-hydra/maya-hydra/lib/flowViewport/API/interfacesImp/fvpInformationInterfaceImp.h
[2023-12-22T03:51:23.482Z]     -- promoting: /Volumes/DATA/local/S/jenkins/workspace/ECP/ecg-maya-hydra/ecg-maya-hydra-branch-preflight-python3-osx/ecg-maya-hydra/maya-hydra/lib/flowViewport/API/interfacesImp/fvpDataProducerSceneIndexInterfaceImp.h
[2023-12-22T03:51:23.482Z]     -- promoting: /Volumes/DATA/local/S/jenkins/workspace/ECP/ecg-maya-hydra/ecg-maya-hydra-branch-preflight-python3-osx/ecg-maya-hydra/maya-hydra/lib/flowViewport/API/interfacesImp/fvpFilteringSceneIndexInterfaceImp.h
[2023-12-22T03:51:23.482Z]     -- promoting: /Volumes/DATA/local/S/jenkins/workspace/ECP/ecg-maya-hydra/ecg-maya-hydra-branch-preflight-python3-osx/ecg-maya-hydra/maya-hydra/lib/flowViewport/API/samples/fvpSelectionClientExample.h
[2023-12-22T03:51:23.482Z]     -- promoting: /Volumes/DATA/local/S/jenkins/workspace/ECP/ecg-maya-hydra/ecg-maya-hydra-branch-preflight-python3-osx/ecg-maya-hydra/maya-hydra/lib/flowViewport/API/samples/fvpInformationClientExample.h
[2023-12-22T03:51:23.482Z]     -- promoting: /Volumes/DATA/local/S/jenkins/workspace/ECP/ecg-maya-hydra/ecg-maya-hydra-branch-preflight-python3-osx/ecg-maya-hydra/maya-hydra/lib/flowViewport/API/samples/fvpDataProducerSceneIndexExample.h
[2023-12-22T03:51:23.482Z]     -- promoting: /Volumes/DATA/local/S/jenkins/workspace/ECP/ecg-maya-hydra/ecg-maya-hydra-branch-preflight-python3-osx/ecg-maya-hydra/maya-hydra/lib/flowViewport/API/samples/fvpFilteringSceneIndexExample.h
[2023-12-22T03:51:23.482Z]     -- promoting: /Volumes/DATA/local/S/jenkins/workspace/ECP/ecg-maya-hydra/ecg-maya-hydra-branch-preflight-python3-osx/ecg-maya-hydra/maya-hydra/lib/flowViewport/API/samples/fvpFilteringSceneIndexClientExample.h
[2023-12-22T03:51:23.482Z]     -- promoting: /Volumes/DATA/local/S/jenkins/workspace/ECP/ecg-maya-hydra/ecg-maya-hydra-branch-preflight-python3-osx/ecg-maya-hydra/maya-hydra/lib/flowViewport/API/perViewportSceneIndicesData/fvpViewportInformationAndSceneIndicesPerViewportData.h
[2023-12-22T03:51:23.482Z]     -- promoting: /Volumes/DATA/local/S/jenkins/workspace/ECP/ecg-maya-hydra/ecg-maya-hydra-branch-preflight-python3-osx/ecg-maya-hydra/maya-hydra/lib/flowViewport/API/perViewportSceneIndicesData/fvpViewportInformationAndSceneIndicesPerViewportDataManager.h
[2023-12-22T03:51:23.482Z]     -- promoting: /Volumes/DATA/local/S/jenkins/workspace/ECP/ecg-maya-hydra/ecg-maya-hydra-branch-preflight-python3-osx/ecg-maya-hydra/maya-hydra/lib/flowViewport/API/perViewportSceneIndicesData/fvpDataProducerSceneIndexDataAbstractFactory.h
[2023-12-22T03:51:23.483Z]     -- promoting: /Volumes/DATA/local/S/jenkins/workspace/ECP/ecg-maya-hydra/ecg-maya-hydra-branch-preflight-python3-osx/ecg-maya-hydra/maya-hydra/lib/flowViewport/API/perViewportSceneIndicesData/fvpDataProducerSceneIndexDataBase.h
[2023-12-22T03:51:23.483Z]     -- promoting: /Volumes/DATA/local/S/jenkins/workspace/ECP/ecg-maya-hydra/ecg-maya-hydra-branch-preflight-python3-osx/ecg-maya-hydra/maya-hydra/lib/flowViewport/API/perViewportSceneIndicesData/fvpFilteringSceneIndexDataAbstractFactory.h
[2023-12-22T03:51:23.483Z]     -- promoting: /Volumes/DATA/local/S/jenkins/workspace/ECP/ecg-maya-hydra/ecg-maya-hydra-branch-preflight-python3-osx/ecg-maya-hydra/maya-hydra/lib/flowViewport/API/perViewportSceneIndicesData/fvpFilteringSceneIndexDataBase.h
[2023-12-22T03:51:23.483Z]     -- promoting: /Volumes/DATA/local/S/jenkins/workspace/ECP/ecg-maya-hydra/ecg-maya-hydra-branch-preflight-python3-osx/ecg-maya-hydra/maya-hydra/lib/flowViewport/API/perViewportSceneIndicesData/fvpFilteringSceneIndicesChainManager.h
[2023-12-22T03:51:23.483Z]     -- promoting: /Volumes/DATA/local/S/jenkins/workspace/ECP/ecg-maya-hydra/ecg-maya-hydra-branch-preflight-python3-osx/ecg-maya-hydra/maya-hydra/lib/flowViewport/selection/fvpSelection.h
[2023-12-22T03:51:23.483Z]     -- promoting: /Volumes/DATA/local/S/jenkins/workspace/ECP/ecg-maya-hydra/ecg-maya-hydra-branch-preflight-python3-osx/ecg-maya-hydra/maya-hydra/lib/flowViewport/selection/fvpSelectionFwd.h
[2023-12-22T03:51:23.483Z]     -- promoting: /Volumes/DATA/local/S/jenkins/workspace/ECP/ecg-maya-hydra/ecg-maya-hydra-branch-preflight-python3-osx/ecg-maya-hydra/maya-hydra/lib/flowViewport/selection/fvpSelectionTask.h
[2023-12-22T03:51:23.483Z]     -- promoting: /Volumes/DATA/local/S/jenkins/workspace/ECP/ecg-maya-hydra/ecg-maya-hydra-branch-preflight-python3-osx/ecg-maya-hydra/maya-hydra/lib/flowViewport/selection/fvpSelectionTracker.h
[2023-12-22T03:51:23.483Z]     -- Configuring done
[2023-12-22T03:51:23.483Z]     -- Generating done
[2023-12-22T03:51:23.483Z]     -- Build files have been written to: /Volumes/DATA/local/S/jenkins/workspace/ECP/ecg-maya-hydra/ecg-maya-hydra-branch-preflight-python3-osx/build/Debug
[2023-12-22T03:51:23.483Z]     
[2023-12-22T03:51:23.483Z]         Building with settings:
[2023-12-22T03:51:23.483Z]           Source directory          /Volumes/DATA/local/S/jenkins/workspace/ECP/ecg-maya-hydra/ecg-maya-hydra-branch-preflight-python3-osx/ecg-maya-hydra/maya-hydra
[2023-12-22T03:51:23.483Z]           Workspace directory       /local/S/jenkins/workspace/ECP/ecg-maya-hydra/ecg-maya-hydra-branch-preflight-python3-osx
[2023-12-22T03:51:23.483Z]           Build directory           /local/S/jenkins/workspace/ECP/ecg-maya-hydra/ecg-maya-hydra-branch-preflight-python3-osx/build/Debug
[2023-12-22T03:51:23.483Z]           Install directory         /local/S/jenkins/workspace/ECP/ecg-maya-hydra/ecg-maya-hydra-branch-preflight-python3-osx/install/Debug/MayaHydra
[2023-12-22T03:51:23.483Z]           Variant                   Debug
[2023-12-22T03:51:23.483Z]           Python Debug              Off
[2023-12-22T03:51:23.483Z]           CMake generator           Ninja
[2023-12-22T03:51:23.483Z]           Build arguments           ['-DCMAKE_MAKE_PROGRAM=/local/S/jenkins/workspace/shared/Artifactory/OSX/ninja/1.10.2/95d0ca5/ninja', '-DPYTHON_INCLUDE_DIR=/local/S/jenkins/workspace/shared/Artifactory/OSX/rundev-master-debug/202312201610/runtime/baf0e83/runTime/Maya.app/Contents/Frameworks/Python.framework/Versions/Current/include/python3.11', '-DPython_EXECUTABLE=/local/S/jenkins/workspace/shared/Artifactory/OSX/rundev-master-debug/202312201610/runtime/baf0e83/runTime/Maya.app/Contents/bin/mayapy', '-DPYTHON_LIBRARIES=/local/S/jenkins/workspace/shared/Artifactory/OSX/rundev-master-debug/202312201610/runtime/baf0e83/runTime/Maya.app/Contents/Frameworks/Python.framework/Versions/Current/lib/libpython3.11.dylib', '-DBUILD_WITH_PYTHON_3_VERSION=3.11', '-DBUILD_UB2=ON', '-DCMAKE_WANT_MATERIALX_BUILD=ON', '-DCMAKE_PREFIX_PATH=/local/S/jenkins/workspace/shared/Artifactory/OSX/USD/ca7f6ed', '-DMAYAHYDRA_BUILD_NUMBER=451', '-DMAYAHYDRA_GIT_COMMIT=d28fb4b56fac40ef6d07300f3ee35b40eff66adc', '-DMAYAHYDRA_GIT_BRANCH=master', '-DMAYAUSD_LOCATION=/local/S/jenkins/workspace/shared/Artifactory/OSX/mayausd-cotd-debug/202311222325/runtime/bd49faa/mayausd']
[2023-12-22T03:51:23.483Z]           Stages arguments          ['configure']
[2023-12-22T03:51:23.483Z]           CTest arguments           ['--parallel 8']
[2023-12-22T03:51:23.483Z]     STATUS: Could not find Maya Qt6.
[2023-12-22T03:51:23.483Z]     STATUS:   Extracting '/local/S/jenkins/workspace/shared/Artifactory/OSX/rundev-master-debug/202312201610/runtime/baf0e83/devkitBase/Qt.tgz' to '/local/S/jenkins/workspace/shared/Artifactory/OSX/rundev-master-debug/202312201610/runtime/baf0e83/devkitBase'
[2023-12-22T03:51:23.483Z]     Success MayaHydra build and install !!!!
[2023-12-22T03:51:23.483Z]     Elapsed time: 00:00:08
[Pipeline] sh
[2023-12-22T03:51:24.595Z] + python ecg-maya-hydra/build.py --stages=configure --workspace-dir=/local/S/jenkins/workspace/ECP/ecg-maya-hydra/ecg-maya-hydra-branch-preflight-python3-osx --artifactory-dir=/local/S/jenkins/workspace/shared/Artifactory --build-dir=/local/S/jenkins/workspace/ECP/ecg-maya-hydra/ecg-maya-hydra-branch-preflight-python3-osx/build --install-dir=/local/S/jenkins/workspace/ECP/ecg-maya-hydra/ecg-maya-hydra-branch-preflight-python3-osx/install --signing-dir=/local/S/jenkins/workspace/ECP/ecg-maya-hydra/ecg-maya-hydra-branch-preflight-python3-osx/signing --package-dir=/local/S/jenkins/workspace/ECP/ecg-maya-hydra/ecg-maya-hydra-branch-preflight-python3-osx/package --output-dir=/local/S/jenkins/workspace/ECP/ecg-maya-hydra/ecg-maya-hydra-branch-preflight-python3-osx/output --stash-dir=/local/S/jenkins/workspace/ECP/ecg-maya-hydra/ecg-maya-hydra-branch-preflight-python3-osx/stash --jenkins-build=451 --git-commit=d28fb4b56fac40ef6d07300f3ee35b40eff66adc --git-branch=master --variants=RelWithDebInfo --interactive-tests=true --post-zips=false --osx-binary-architecture-target=ub2 --osx-deployment-target=11.0 --osx-base-sdk=CurrentActiveSDK --maya-cut-config=maya-rundev-master.yaml --maya-package=rundev-master --stage-banner
[2023-12-22T03:51:24.595Z] Using Maya cut from /local/S/jenkins/workspace/shared/Artifactory/OSX/rundev-master/202312201610/runtime/d0a18d0
[2023-12-22T03:51:24.595Z] Using Maya ADSK Signatures from /local/S/jenkins/workspace/shared/Artifactory/OSX/adsk-plugin-signatures-maya/2023/3ae1ae7
[2023-12-22T03:51:24.595Z] Using Maya Security Library from /local/S/jenkins/workspace/shared/Artifactory/OSX/maya-security-library/3.4.0/5e08f3e
[2023-12-22T03:51:24.595Z] 
[2023-12-22T03:51:24.595Z] ================================================================================
[2023-12-22T03:51:24.595Z]                            configure (RelWithDebInfo)
[2023-12-22T03:51:24.595Z] ================================================================================
[2023-12-22T03:51:24.595Z] Maya Python RelWithDebInfo Info:
[2023-12-22T03:51:24.595Z]   mayapy executable   = /local/S/jenkins/workspace/shared/Artifactory/OSX/rundev-master/202312201610/runtime/d0a18d0/runTime/Maya.app/Contents/bin/mayapy
[2023-12-22T03:51:24.595Z]   Include Folder      = /local/S/jenkins/workspace/shared/Artifactory/OSX/rundev-master/202312201610/runtime/d0a18d0/runTime/Maya.app/Contents/Frameworks/Python.framework/Versions/Current/include/python3.11
[2023-12-22T03:51:24.595Z]   Library             = /local/S/jenkins/workspace/shared/Artifactory/OSX/rundev-master/202312201610/runtime/d0a18d0/runTime/Maya.app/Contents/Frameworks/Python.framework/Versions/Current/lib/libpython3.11.dylib
[2023-12-22T03:51:24.595Z]   site-package Folder = /local/S/jenkins/workspace/shared/Artifactory/OSX/rundev-master/202312201610/runtime/d0a18d0/runTime/Maya.app/Contents/Frameworks/Python.framework/Versions/Current/lib/python3.11/site-packages
[2023-12-22T03:51:25.131Z] In workdir: /Volumes/DATA/local/S/jenkins/workspace/ECP/ecg-maya-hydra/ecg-maya-hydra-branch-preflight-python3-osx/ecg-maya-hydra/maya-hydra
[2023-12-22T03:51:25.131Z] Executing: arch -arch arm64 /local/S/jenkins/workspace/shared/Artifactory/OSX/rundev-master/202312201610/runtime/d0a18d0/runTime/Maya.app/Contents/bin/mayapy /Volumes/DATA/local/S/jenkins/workspace/ECP/ecg-maya-hydra/ecg-maya-hydra-branch-preflight-python3-osx/ecg-maya-hydra/maya-hydra/build.py --generator Ninja --build-relwithdebug --maya-location /local/S/jenkins/workspace/shared/Artifactory/OSX/rundev-master/202312201610/runtime/d0a18d0/runTime --devkit-location /local/S/jenkins/workspace/shared/Artifactory/OSX/rundev-master/202312201610/runtime/d0a18d0/devkitBase --pxrusd-location /local/S/jenkins/workspace/shared/Artifactory/OSX/USD/8270819 --build-args=-DCMAKE_MAKE_PROGRAM=/local/S/jenkins/workspace/shared/Artifactory/OSX/ninja/1.10.2/95d0ca5/ninja,-DPYTHON_INCLUDE_DIR=/local/S/jenkins/workspace/shared/Artifactory/OSX/rundev-master/202312201610/runtime/d0a18d0/runTime/Maya.app/Contents/Frameworks/Python.framework/Versions/Current/include/python3.11,-DPython_EXECUTABLE=/local/S/jenkins/workspace/shared/Artifactory/OSX/rundev-master/202312201610/runtime/d0a18d0/runTime/Maya.app/Contents/bin/mayapy,-DPYTHON_LIBRARIES=/local/S/jenkins/workspace/shared/Artifactory/OSX/rundev-master/202312201610/runtime/d0a18d0/runTime/Maya.app/Contents/Frameworks/Python.framework/Versions/Current/lib/libpython3.11.dylib,-DBUILD_WITH_PYTHON_3_VERSION=3.11,-DBUILD_UB2=ON,-DCMAKE_WANT_MATERIALX_BUILD=ON,-DCMAKE_PREFIX_PATH=/local/S/jenkins/workspace/shared/Artifactory/OSX/USD/8270819,-DMAYAHYDRA_BUILD_NUMBER=451,-DMAYAHYDRA_GIT_COMMIT=d28fb4b56fac40ef6d07300f3ee35b40eff66adc,-DMAYAHYDRA_GIT_BRANCH=master,-DMAYAUSD_LOCATION=/local/S/jenkins/workspace/shared/Artifactory/OSX/mayausd-cotd/202311202320/runtime/a0893a4/mayausd '--ctest-args=--parallel 8' --stages=configure --redirect-outstream-file=False --install-location /local/S/jenkins/workspace/ECP/ecg-maya-hydra/ecg-maya-hydra-branch-preflight-python3-osx/install/RelWithDebInfo/MayaHydra /local/S/jenkins/workspace/ECP/ecg-maya-hydra/ecg-maya-hydra-branch-preflight-python3-osx
[2023-12-22T03:51:25.131Z] Modified environment variables:
[2023-12-22T03:51:25.131Z]     PATH=/local/S/jenkins/workspace/shared/Artifactory/OSX/cmake/3.20.3/2594509/bin:/opt/homebrew/bin:/usr/local/bin:/bin:/usr/sbin:/sbin:/usr/bin:/usr/bin:/bin:/usr/sbin:/sbin
[2023-12-22T03:51:36.292Z]     -- The C compiler identification is AppleClang 13.1.6.13160021
[2023-12-22T03:51:36.292Z]     -- The CXX compiler identification is AppleClang 13.1.6.13160021
[2023-12-22T03:51:36.292Z]     -- Detecting C compiler ABI info
[2023-12-22T03:51:36.292Z]     -- Detecting C compiler ABI info - done
[2023-12-22T03:51:36.292Z]     -- Check for working C compiler: /Applications/Xcode.app/Contents/Developer/Toolchains/XcodeDefault.xctoolchain/usr/bin/cc - skipped
[2023-12-22T03:51:36.292Z]     -- Detecting C compile features
[2023-12-22T03:51:36.292Z]     -- Detecting C compile features - done
[2023-12-22T03:51:36.292Z]     -- Detecting CXX compiler ABI info
[2023-12-22T03:51:36.292Z]     -- Detecting CXX compiler ABI info - done
[2023-12-22T03:51:36.292Z]     -- Check for working CXX compiler: /Applications/Xcode.app/Contents/Developer/Toolchains/XcodeDefault.xctoolchain/usr/bin/c++ - skipped
[2023-12-22T03:51:36.292Z]     -- Detecting CXX compile features
[2023-12-22T03:51:36.292Z]     -- Detecting CXX compile features - done
[2023-12-22T03:51:36.292Z]     -- Building with Universal Binary 2
[2023-12-22T03:51:36.828Z]     -- Using Maya Light API Version 3
[2023-12-22T03:51:36.828Z]     -- Maya has setDefaultMaterialHandling API
[2023-12-22T03:51:36.828Z]     -- Maya has new point snapping API
[2023-12-22T03:51:36.828Z]     -- Maya has isInCrashHandler API
[2023-12-22T03:51:36.828Z]     -- Maya has getDisplayStyleOfAllViewports API
[2023-12-22T03:51:36.828Z]     -- Maya array iterator has difference_type trait
[2023-12-22T03:51:36.828Z]     -- MFnSet has getMemberPaths function
[2023-12-22T03:51:36.828Z]     -- MFnDisplayLayer exists
[2023-12-22T03:51:36.828Z]     -- MDisplayLayerMessage has MDisplayLayerMemberChangedFunction
[2023-12-22T03:51:36.828Z]     -- MRenderItem has HideOnPlayback API
[2023-12-22T03:51:36.828Z]     -- MacOSX: Maya was built with Universal Binary 2 (x86_64/arm64)
[2023-12-22T03:51:36.828Z]     -- Found Maya: /local/S/jenkins/workspace/shared/Artifactory/OSX/rundev-master/202312201610/runtime/d0a18d0/runTime/maya.app/Contents/MacOS/Maya (found suitable version "2025", minimum required is "2024")
[2023-12-22T03:51:36.828Z]     -- Found Python: /local/S/jenkins/workspace/shared/Artifactory/OSX/rundev-master/202312201610/runtime/d0a18d0/runTime/Maya.app/Contents/bin/mayapy (found suitable exact version "3.11.4") found components: Interpreter
[2023-12-22T03:51:36.828Z]     -- Build mayaHydra with Python3 = 3.11
[2023-12-22T03:51:36.828Z]     --    PYTHON_INCLUDE_DIRS = /local/S/jenkins/workspace/shared/Artifactory/OSX/rundev-master/202312201610/runtime/d0a18d0/runTime/Maya.app/Contents/Frameworks/Python.framework/Versions/Current/include/python3.11
[2023-12-22T03:51:36.828Z]     --    PYTHON_LIBRARIES    = /local/S/jenkins/workspace/shared/Artifactory/OSX/rundev-master/202312201610/runtime/d0a18d0/runTime/Maya.app/Contents/Frameworks/Python.framework/Versions/Current/lib/libpython3.11.dylib
[2023-12-22T03:51:36.828Z]     --    Python_EXECUTABLE   = /local/S/jenkins/workspace/shared/Artifactory/OSX/rundev-master/202312201610/runtime/d0a18d0/runTime/Maya.app/Contents/bin/mayapy
[2023-12-22T03:51:36.828Z]     -- Found Python3: /local/S/jenkins/workspace/shared/Artifactory/OSX/rundev-master/202312201610/runtime/d0a18d0/runTime/Maya.app/Contents/Frameworks/Python.framework/Versions/Current/include/python3.11 (found suitable exact version "3.11.4") found components: Development Development.Module Development.Embed
[2023-12-22T03:51:36.828Z]     -- USD has new Sdr.PropertyTypes.Color4
[2023-12-22T03:51:37.364Z]     -- USD has MaterialX metadata support
[2023-12-22T03:51:37.364Z]     -- USD include dir: /local/S/jenkins/workspace/shared/Artifactory/OSX/USD/8270819/include
[2023-12-22T03:51:37.364Z]     -- USD library dir: /local/S/jenkins/workspace/shared/Artifactory/OSX/USD/8270819/lib
[2023-12-22T03:51:37.364Z]     -- USD version: 0.23.11
[2023-12-22T03:51:37.364Z]     -- Found USD: /local/S/jenkins/workspace/shared/Artifactory/OSX/USD/8270819 (found suitable version "0.23.11", minimum required is "0.22.11")
[2023-12-22T03:51:37.364Z]     Updated PYTHONPATH: /local/S/jenkins/workspace/shared/Artifactory/OSX/USD/8270819/lib/python
[2023-12-22T03:51:37.364Z]     -- Found UFE: /local/S/jenkins/workspace/shared/Artifactory/OSX/rundev-master/202312201610/runtime/d0a18d0/devkitBase/devkit/ufe/include (found version "5.0.0")
[2023-12-22T03:51:37.364Z]     -- UFE include dir: /local/S/jenkins/workspace/shared/Artifactory/OSX/rundev-master/202312201610/runtime/d0a18d0/devkitBase/devkit/ufe/include
[2023-12-22T03:51:37.364Z]     -- UFE library: /local/S/jenkins/workspace/shared/Artifactory/OSX/rundev-master/202312201610/runtime/d0a18d0/devkitBase/devkit/ufe/lib/libufe_5.dylib
[2023-12-22T03:51:37.364Z]     -- UFE version: 5.0.0
[2023-12-22T03:51:37.364Z]     -- Maya has UFE lights API
[2023-12-22T03:51:37.364Z]     -- Maya has UFE scene segment API
[2023-12-22T03:51:37.364Z]     -- Maya has UFE TrieNode childrenComponents accessor
[2023-12-22T03:51:37.364Z]     -- Building with UFE 5.0.0.
[2023-12-22T03:51:37.364Z]     -- Found MaterialX
[2023-12-22T03:51:37.364Z]     -- Performing Test HAVE_STDATOMIC
[2023-12-22T03:51:37.364Z]     -- Performing Test HAVE_STDATOMIC - Success
[2023-12-22T03:51:37.364Z]     -- Found OpenGL: /Applications/Xcode.app/Contents/Developer/Platforms/MacOSX.platform/Developer/SDKs/MacOSX12.3.sdk/System/Library/Frameworks/OpenGL.framework
[2023-12-22T03:51:37.946Z]     -- Check if linker can resolve circular dependencies - TRUE
[2023-12-22T03:51:37.946Z]     -- Found Qt 6.5.3 in Maya devkit. Hydra Scene Browser will be built.
[2023-12-22T03:51:37.946Z]     -- **** Building Gulrak From Github Repository.
[2023-12-22T03:51:37.946Z]     -- Populating gulrak
[2023-12-22T03:51:37.946Z]     -- Configuring done
[2023-12-22T03:51:37.946Z]     -- Generating done
[2023-12-22T03:51:37.946Z]     -- Build files have been written to: /Volumes/DATA/local/S/jenkins/workspace/ECP/ecg-maya-hydra/ecg-maya-hydra-branch-preflight-python3-osx/build/RelWithDebInfo/_deps/gulrak-subbuild
[2023-12-22T03:51:37.946Z]     [1/9] Creating directories for 'gulrak-populate'
[2023-12-22T03:51:37.946Z]     [1/9] Performing download step (git clone) for 'gulrak-populate'
[2023-12-22T03:51:37.946Z]     Cloning into 'gulrak-src'...
[2023-12-22T03:51:37.946Z]     HEAD is now at 4e21ab3 Version bump and updated readme.
[2023-12-22T03:51:37.946Z]     [2/9] Performing update step for 'gulrak-populate'
[2023-12-22T03:51:38.484Z]     [4/9] No patch step for 'gulrak-populate'
[2023-12-22T03:51:38.484Z]     [5/9] No configure step for 'gulrak-populate'
[2023-12-22T03:51:38.484Z]     [6/9] No build step for 'gulrak-populate'
[2023-12-22T03:51:38.484Z]     [7/9] No install step for 'gulrak-populate'
[2023-12-22T03:51:38.484Z]     [8/9] No test step for 'gulrak-populate'
[2023-12-22T03:51:38.484Z]     [9/9] Completed 'gulrak-populate'
[2023-12-22T03:51:38.484Z]     -- ========== Installing GoogleTest... ==========
[2023-12-22T03:51:38.484Z]     -- Configuring done
[2023-12-22T03:51:38.484Z]     -- Generating done
[2023-12-22T03:51:38.484Z]     -- Build files have been written to: /Volumes/DATA/local/S/jenkins/workspace/ECP/ecg-maya-hydra/ecg-maya-hydra-branch-preflight-python3-osx/build/RelWithDebInfo/googletest-config
[2023-12-22T03:51:38.484Z]     [1/8] Creating directories for 'googletest'
[2023-12-22T03:51:40.984Z]     [2/8] Performing download step (git clone) for 'googletest'
[2023-12-22T03:51:40.984Z]     Cloning into 'googletest-src'...
[2023-12-22T03:51:40.984Z]     HEAD is now at 703bd9ca Googletest export
[2023-12-22T03:51:40.984Z]     [3/8] Performing update step for 'googletest'
[2023-12-22T03:51:40.984Z]     [4/8] No patch step for 'googletest'
[2023-12-22T03:51:41.520Z]     [5/8] Performing configure step for 'googletest'
[2023-12-22T03:51:41.520Z]     Not searching for unused variables given on the command line.
[2023-12-22T03:51:41.520Z]     CMake Deprecation Warning at CMakeLists.txt:4 (cmake_minimum_required):
[2023-12-22T03:51:41.520Z]       Compatibility with CMake < 2.8.12 will be removed from a future version of
[2023-12-22T03:51:41.520Z]       CMake.
[2023-12-22T03:51:41.520Z]     
[2023-12-22T03:51:41.520Z]       Update the VERSION argument <min> value or use a ...<max> suffix to tell
[2023-12-22T03:51:41.520Z]       CMake that the project does not need compatibility with older versions.
[2023-12-22T03:51:41.520Z]     
[2023-12-22T03:51:41.520Z]     
[2023-12-22T03:51:41.520Z]     -- The C compiler identification is AppleClang 13.1.6.13160021
[2023-12-22T03:51:41.520Z]     -- The CXX compiler identification is AppleClang 13.1.6.13160021
[2023-12-22T03:51:41.520Z]     -- Detecting C compiler ABI info
[2023-12-22T03:51:41.520Z]     -- Detecting C compiler ABI info - done
[2023-12-22T03:51:41.520Z]     -- Check for working C compiler: /Applications/Xcode.app/Contents/Developer/Toolchains/XcodeDefault.xctoolchain/usr/bin/cc - skipped
[2023-12-22T03:51:41.520Z]     -- Detecting C compile features
[2023-12-22T03:51:41.520Z]     -- Detecting C compile features - done
[2023-12-22T03:51:41.520Z]     -- Detecting CXX compiler ABI info
[2023-12-22T03:51:41.520Z]     -- Detecting CXX compiler ABI info - done
[2023-12-22T03:51:41.520Z]     -- Check for working CXX compiler: /Applications/Xcode.app/Contents/Developer/Toolchains/XcodeDefault.xctoolchain/usr/bin/c++ - skipped
[2023-12-22T03:51:41.520Z]     -- Detecting CXX compile features
[2023-12-22T03:51:41.520Z]     -- Detecting CXX compile features - done
[2023-12-22T03:51:41.520Z]     CMake Deprecation Warning at googletest/CMakeLists.txt:56 (cmake_minimum_required):
[2023-12-22T03:51:41.520Z]       Compatibility with CMake < 2.8.12 will be removed from a future version of
[2023-12-22T03:51:41.520Z]       CMake.
[2023-12-22T03:51:41.520Z]     
[2023-12-22T03:51:41.520Z]       Update the VERSION argument <min> value or use a ...<max> suffix to tell
[2023-12-22T03:51:41.520Z]       CMake that the project does not need compatibility with older versions.
[2023-12-22T03:51:41.520Z]     
[2023-12-22T03:51:41.520Z]     
[2023-12-22T03:51:41.520Z]     -- Found PythonInterp: /usr/local/bin/python (found version "3.10.6")
[2023-12-22T03:51:41.520Z]     -- Looking for pthread.h
[2023-12-22T03:51:41.520Z]     -- Looking for pthread.h - found
[2023-12-22T03:51:41.520Z]     -- Performing Test CMAKE_HAVE_LIBC_PTHREAD
[2023-12-22T03:51:41.520Z]     -- Performing Test CMAKE_HAVE_LIBC_PTHREAD - Success
[2023-12-22T03:51:41.520Z]     -- Found Threads: TRUE
[2023-12-22T03:51:41.520Z]     -- Configuring done
[2023-12-22T03:51:41.520Z]     -- Generating done
[2023-12-22T03:51:41.520Z]     -- Build files have been written to: /Volumes/DATA/local/S/jenkins/workspace/ECP/ecg-maya-hydra/ecg-maya-hydra-branch-preflight-python3-osx/build/RelWithDebInfo/googletest-build
[2023-12-22T03:51:49.293Z]     [6/8] Performing build step for 'googletest'
[2023-12-22T03:51:49.293Z]     [1/4] Building CXX object googletest/CMakeFiles/gtest_main.dir/src/gtest_main.cc.o
[2023-12-22T03:51:49.293Z]     [2/4] Building CXX object googletest/CMakeFiles/gtest.dir/src/gtest-all.cc.o
[2023-12-22T03:51:49.293Z]     [3/4] Linking CXX shared library lib/libgtest.dylib
[2023-12-22T03:51:49.293Z]     [4/4] Linking CXX shared library lib/libgtest_main.dylib
[2023-12-22T03:51:49.293Z]     [7/8] Performing install step for 'googletest'
[2023-12-22T03:51:49.294Z]     [0/1] Install the project...
[2023-12-22T03:51:49.294Z]     -- Install configuration: "RelWithDebInfo"
[2023-12-22T03:51:49.294Z]     [8/8] Completed 'googletest'
[2023-12-22T03:51:49.294Z]     -- ========== ...  GoogleTest installed. ==========
[2023-12-22T03:51:49.294Z]     -- Found GTest: /Volumes/DATA/local/S/jenkins/workspace/ECP/ecg-maya-hydra/ecg-maya-hydra-branch-preflight-python3-osx/build/RelWithDebInfo/googletest-install/lib/libgtest.dylib
[2023-12-22T03:51:49.294Z]     -- promoting: /Volumes/DATA/local/S/jenkins/workspace/ECP/ecg-maya-hydra/ecg-maya-hydra-branch-preflight-python3-osx/ecg-maya-hydra/maya-hydra/lib/mayaHydra/mayaPlugin/pluginUtils.h
[2023-12-22T03:51:49.294Z]     -- promoting: /Volumes/DATA/local/S/jenkins/workspace/ECP/ecg-maya-hydra/ecg-maya-hydra-branch-preflight-python3-osx/ecg-maya-hydra/maya-hydra/lib/mayaHydra/hydraExtensions/api.h
[2023-12-22T03:51:49.294Z]     -- promoting: /Volumes/DATA/local/S/jenkins/workspace/ECP/ecg-maya-hydra/ecg-maya-hydra-branch-preflight-python3-osx/ecg-maya-hydra/maya-hydra/lib/mayaHydra/hydraExtensions/debugCodes.h
[2023-12-22T03:51:49.294Z]     -- promoting: /Volumes/DATA/local/S/jenkins/workspace/ECP/ecg-maya-hydra/ecg-maya-hydra-branch-preflight-python3-osx/ecg-maya-hydra/maya-hydra/lib/mayaHydra/hydraExtensions/hydraUtils.h
[2023-12-22T03:51:49.294Z]     -- promoting: /Volumes/DATA/local/S/jenkins/workspace/ECP/ecg-maya-hydra/ecg-maya-hydra-branch-preflight-python3-osx/ecg-maya-hydra/maya-hydra/lib/mayaHydra/hydraExtensions/mayaHydraLibInterface.h
[2023-12-22T03:51:49.294Z]     -- promoting: /Volumes/DATA/local/S/jenkins/workspace/ECP/ecg-maya-hydra/ecg-maya-hydra-branch-preflight-python3-osx/ecg-maya-hydra/maya-hydra/lib/mayaHydra/hydraExtensions/mayaHydraLibInterfaceImp.h
[2023-12-22T03:51:49.294Z]     -- promoting: /Volumes/DATA/local/S/jenkins/workspace/ECP/ecg-maya-hydra/ecg-maya-hydra-branch-preflight-python3-osx/ecg-maya-hydra/maya-hydra/lib/mayaHydra/hydraExtensions/mayaUtils.h
[2023-12-22T03:51:49.294Z]     -- promoting: /Volumes/DATA/local/S/jenkins/workspace/ECP/ecg-maya-hydra/ecg-maya-hydra-branch-preflight-python3-osx/ecg-maya-hydra/maya-hydra/lib/mayaHydra/hydraExtensions/mixedUtils.h
[2023-12-22T03:51:49.294Z]     -- promoting: /Volumes/DATA/local/S/jenkins/workspace/ECP/ecg-maya-hydra/ecg-maya-hydra-branch-preflight-python3-osx/ecg-maya-hydra/maya-hydra/lib/mayaHydra/hydraExtensions/mayaHydraSceneProducer.h
[2023-12-22T03:51:49.294Z]     -- promoting: /Volumes/DATA/local/S/jenkins/workspace/ECP/ecg-maya-hydra/ecg-maya-hydra-branch-preflight-python3-osx/ecg-maya-hydra/maya-hydra/lib/mayaHydra/hydraExtensions/adapters/adapter.h
[2023-12-22T03:51:49.294Z]     -- promoting: /Volumes/DATA/local/S/jenkins/workspace/ECP/ecg-maya-hydra/ecg-maya-hydra-branch-preflight-python3-osx/ecg-maya-hydra/maya-hydra/lib/mayaHydra/hydraExtensions/adapters/adapterDebugCodes.h
[2023-12-22T03:51:49.294Z]     -- promoting: /Volumes/DATA/local/S/jenkins/workspace/ECP/ecg-maya-hydra/ecg-maya-hydra-branch-preflight-python3-osx/ecg-maya-hydra/maya-hydra/lib/mayaHydra/hydraExtensions/adapters/adapterRegistry.h
[2023-12-22T03:51:49.294Z]     -- promoting: /Volumes/DATA/local/S/jenkins/workspace/ECP/ecg-maya-hydra/ecg-maya-hydra-branch-preflight-python3-osx/ecg-maya-hydra/maya-hydra/lib/mayaHydra/hydraExtensions/adapters/cameraAdapter.h
[2023-12-22T03:51:49.294Z]     -- promoting: /Volumes/DATA/local/S/jenkins/workspace/ECP/ecg-maya-hydra/ecg-maya-hydra-branch-preflight-python3-osx/ecg-maya-hydra/maya-hydra/lib/mayaHydra/hydraExtensions/adapters/constantShadowMatrix.h
[2023-12-22T03:51:49.294Z]     -- promoting: /Volumes/DATA/local/S/jenkins/workspace/ECP/ecg-maya-hydra/ecg-maya-hydra-branch-preflight-python3-osx/ecg-maya-hydra/maya-hydra/lib/mayaHydra/hydraExtensions/adapters/dagAdapter.h
[2023-12-22T03:51:49.294Z]     -- promoting: /Volumes/DATA/local/S/jenkins/workspace/ECP/ecg-maya-hydra/ecg-maya-hydra-branch-preflight-python3-osx/ecg-maya-hydra/maya-hydra/lib/mayaHydra/hydraExtensions/adapters/renderItemAdapter.h
[2023-12-22T03:51:49.294Z]     -- promoting: /Volumes/DATA/local/S/jenkins/workspace/ECP/ecg-maya-hydra/ecg-maya-hydra-branch-preflight-python3-osx/ecg-maya-hydra/maya-hydra/lib/mayaHydra/hydraExtensions/adapters/lightAdapter.h
[2023-12-22T03:51:49.294Z]     -- promoting: /Volumes/DATA/local/S/jenkins/workspace/ECP/ecg-maya-hydra/ecg-maya-hydra-branch-preflight-python3-osx/ecg-maya-hydra/maya-hydra/lib/mayaHydra/hydraExtensions/adapters/materialAdapter.h
[2023-12-22T03:51:49.294Z]     -- promoting: /Volumes/DATA/local/S/jenkins/workspace/ECP/ecg-maya-hydra/ecg-maya-hydra-branch-preflight-python3-osx/ecg-maya-hydra/maya-hydra/lib/mayaHydra/hydraExtensions/adapters/materialNetworkConverter.h
[2023-12-22T03:51:49.294Z]     -- promoting: /Volumes/DATA/local/S/jenkins/workspace/ECP/ecg-maya-hydra/ecg-maya-hydra-branch-preflight-python3-osx/ecg-maya-hydra/maya-hydra/lib/mayaHydra/hydraExtensions/adapters/mayaAttrs.h
[2023-12-22T03:51:49.294Z]     -- promoting: /Volumes/DATA/local/S/jenkins/workspace/ECP/ecg-maya-hydra/ecg-maya-hydra-branch-preflight-python3-osx/ecg-maya-hydra/maya-hydra/lib/mayaHydra/hydraExtensions/adapters/shapeAdapter.h
[2023-12-22T03:51:49.294Z]     -- promoting: /Volumes/DATA/local/S/jenkins/workspace/ECP/ecg-maya-hydra/ecg-maya-hydra-branch-preflight-python3-osx/ecg-maya-hydra/maya-hydra/lib/mayaHydra/hydraExtensions/adapters/tokens.h
[2023-12-22T03:51:49.294Z]     -- promoting: /Volumes/DATA/local/S/jenkins/workspace/ECP/ecg-maya-hydra/ecg-maya-hydra-branch-preflight-python3-osx/ecg-maya-hydra/maya-hydra/lib/mayaHydra/hydraExtensions/delegates/delegate.h
[2023-12-22T03:51:49.294Z]     -- promoting: /Volumes/DATA/local/S/jenkins/workspace/ECP/ecg-maya-hydra/ecg-maya-hydra-branch-preflight-python3-osx/ecg-maya-hydra/maya-hydra/lib/mayaHydra/hydraExtensions/delegates/delegateCtx.h
[2023-12-22T03:51:49.294Z]     -- promoting: /Volumes/DATA/local/S/jenkins/workspace/ECP/ecg-maya-hydra/ecg-maya-hydra-branch-preflight-python3-osx/ecg-maya-hydra/maya-hydra/lib/mayaHydra/hydraExtensions/delegates/delegateDebugCodes.h
[2023-12-22T03:51:49.294Z]     -- promoting: /Volumes/DATA/local/S/jenkins/workspace/ECP/ecg-maya-hydra/ecg-maya-hydra-branch-preflight-python3-osx/ecg-maya-hydra/maya-hydra/lib/mayaHydra/hydraExtensions/delegates/delegateRegistry.h
[2023-12-22T03:51:49.294Z]     -- promoting: /Volumes/DATA/local/S/jenkins/workspace/ECP/ecg-maya-hydra/ecg-maya-hydra-branch-preflight-python3-osx/ecg-maya-hydra/maya-hydra/lib/mayaHydra/hydraExtensions/delegates/params.h
[2023-12-22T03:51:49.294Z]     -- promoting: /Volumes/DATA/local/S/jenkins/workspace/ECP/ecg-maya-hydra/ecg-maya-hydra-branch-preflight-python3-osx/ecg-maya-hydra/maya-hydra/lib/mayaHydra/hydraExtensions/delegates/sceneDelegate.h
[2023-12-22T03:51:49.294Z]     -- promoting: /Volumes/DATA/local/S/jenkins/workspace/ECP/ecg-maya-hydra/ecg-maya-hydra-branch-preflight-python3-osx/ecg-maya-hydra/maya-hydra/lib/mayaHydra/hydraExtensions/delegates/defaultLightDelegate.h
[2023-12-22T03:51:49.294Z]     -- promoting: /Volumes/DATA/local/S/jenkins/workspace/ECP/ecg-maya-hydra/ecg-maya-hydra-branch-preflight-python3-osx/ecg-maya-hydra/maya-hydra/lib/mayaHydra/hydraExtensions/delegates/testDelegate.h
[2023-12-22T03:51:49.294Z]     -- promoting: /Volumes/DATA/local/S/jenkins/workspace/ECP/ecg-maya-hydra/ecg-maya-hydra-branch-preflight-python3-osx/ecg-maya-hydra/maya-hydra/lib/mayaHydra/hydraExtensions/sceneIndex/registration.h
[2023-12-22T03:51:49.294Z]     -- promoting: /Volumes/DATA/local/S/jenkins/workspace/ECP/ecg-maya-hydra/ecg-maya-hydra-branch-preflight-python3-osx/ecg-maya-hydra/maya-hydra/lib/mayaHydra/hydraExtensions/sceneIndex/mayaHydraSceneIndex.h
[2023-12-22T03:51:49.294Z]     -- promoting: /Volumes/DATA/local/S/jenkins/workspace/ECP/ecg-maya-hydra/ecg-maya-hydra-branch-preflight-python3-osx/ecg-maya-hydra/maya-hydra/lib/mayaHydra/hydraExtensions/sceneIndex/mayaHydraDataSource.h
[2023-12-22T03:51:49.294Z]     -- promoting: /Volumes/DATA/local/S/jenkins/workspace/ECP/ecg-maya-hydra/ecg-maya-hydra-branch-preflight-python3-osx/ecg-maya-hydra/maya-hydra/lib/mayaHydra/hydraExtensions/sceneIndex/mayaHydraPrimvarDataSource.h
[2023-12-22T03:51:49.294Z]     -- promoting: /Volumes/DATA/local/S/jenkins/workspace/ECP/ecg-maya-hydra/ecg-maya-hydra-branch-preflight-python3-osx/ecg-maya-hydra/maya-hydra/lib/mayaHydra/hydraExtensions/sceneIndex/mayaHydraDisplayStyleDataSource.h
[2023-12-22T03:51:49.294Z]     -- promoting: /Volumes/DATA/local/S/jenkins/workspace/ECP/ecg-maya-hydra/ecg-maya-hydra-branch-preflight-python3-osx/ecg-maya-hydra/maya-hydra/lib/mayaHydra/hydraExtensions/sceneIndex/mayaHydraCameraDataSource.h
[2023-12-22T03:51:49.294Z]     -- promoting: /Volumes/DATA/local/S/jenkins/workspace/ECP/ecg-maya-hydra/ecg-maya-hydra-branch-preflight-python3-osx/ecg-maya-hydra/maya-hydra/lib/mayaHydra/hydraExtensions/sceneIndex/mayaHydraLightDataSource.h
[2023-12-22T03:51:49.294Z]     -- promoting: /Volumes/DATA/local/S/jenkins/workspace/ECP/ecg-maya-hydra/ecg-maya-hydra-branch-preflight-python3-osx/ecg-maya-hydra/maya-hydra/lib/mayaHydra/hydraExtensions/sceneIndex/mayaHydraDefaultLightDataSource.h
[2023-12-22T03:51:49.294Z]     -- promoting: /Volumes/DATA/local/S/jenkins/workspace/ECP/ecg-maya-hydra/ecg-maya-hydra-branch-preflight-python3-osx/ecg-maya-hydra/maya-hydra/lib/mayaHydra/hydraExtensions/sceneIndex/mayaHydraMayaDataProducerSceneIndexData.h
[2023-12-22T03:51:49.294Z]     -- promoting: /Volumes/DATA/local/S/jenkins/workspace/ECP/ecg-maya-hydra/ecg-maya-hydra-branch-preflight-python3-osx/ecg-maya-hydra/maya-hydra/lib/mayaHydra/hydraExtensions/sceneIndex/mayaHydraMayaDataProducerSceneIndexDataConcreteFactory.h
[2023-12-22T03:51:49.294Z]     -- promoting: /Volumes/DATA/local/S/jenkins/workspace/ECP/ecg-maya-hydra/ecg-maya-hydra-branch-preflight-python3-osx/ecg-maya-hydra/maya-hydra/lib/mayaHydra/hydraExtensions/sceneIndex/mayaHydraSceneIndexDataFactoriesSetup.h
[2023-12-22T03:51:49.294Z]     -- promoting: /Volumes/DATA/local/S/jenkins/workspace/ECP/ecg-maya-hydra/ecg-maya-hydra-branch-preflight-python3-osx/ecg-maya-hydra/maya-hydra/lib/mayaHydra/hydraExtensions/sceneIndex/mayaHydraMayaFilteringSceneIndexData.h
[2023-12-22T03:51:49.294Z]     -- promoting: /Volumes/DATA/local/S/jenkins/workspace/ECP/ecg-maya-hydra/ecg-maya-hydra-branch-preflight-python3-osx/ecg-maya-hydra/maya-hydra/lib/mayaHydra/hydraExtensions/sceneIndex/mayaHydraMayaFilteringSceneIndexDataConcreteFactory.h
[2023-12-22T03:51:49.294Z]     -- promoting: /Volumes/DATA/local/S/jenkins/workspace/ECP/ecg-maya-hydra/ecg-maya-hydra-branch-preflight-python3-osx/ecg-maya-hydra/maya-hydra/lib/mayaHydra/ufeExtensions/api.h
[2023-12-22T03:51:49.294Z]     -- promoting: /Volumes/DATA/local/S/jenkins/workspace/ECP/ecg-maya-hydra/ecg-maya-hydra-branch-preflight-python3-osx/ecg-maya-hydra/maya-hydra/lib/mayaHydra/ufeExtensions/Global.h
[2023-12-22T03:51:49.294Z]     -- promoting: /Volumes/DATA/local/S/jenkins/workspace/ECP/ecg-maya-hydra/ecg-maya-hydra-branch-preflight-python3-osx/ecg-maya-hydra/maya-hydra/lib/flowViewport/api.h
[2023-12-22T03:51:49.294Z]     -- promoting: /Volumes/DATA/local/S/jenkins/workspace/ECP/ecg-maya-hydra/ecg-maya-hydra-branch-preflight-python3-osx/ecg-maya-hydra/maya-hydra/lib/flowViewport/debugCodes.h
[2023-12-22T03:51:49.294Z]     -- promoting: /Volumes/DATA/local/S/jenkins/workspace/ECP/ecg-maya-hydra/ecg-maya-hydra-branch-preflight-python3-osx/ecg-maya-hydra/maya-hydra/lib/flowViewport/global.h
[2023-12-22T03:51:49.294Z]     -- promoting: /Volumes/DATA/local/S/jenkins/workspace/ECP/ecg-maya-hydra/ecg-maya-hydra-branch-preflight-python3-osx/ecg-maya-hydra/maya-hydra/lib/flowViewport/tokens.h
[2023-12-22T03:51:49.294Z]     -- promoting: /Volumes/DATA/local/S/jenkins/workspace/ECP/ecg-maya-hydra/ecg-maya-hydra-branch-preflight-python3-osx/ecg-maya-hydra/maya-hydra/lib/flowViewport/colorPreferences/fvpColorChanged.h
[2023-12-22T03:51:49.294Z]     -- promoting: /Volumes/DATA/local/S/jenkins/workspace/ECP/ecg-maya-hydra/ecg-maya-hydra-branch-preflight-python3-osx/ecg-maya-hydra/maya-hydra/lib/flowViewport/colorPreferences/fvpColorPreferences.h
[2023-12-22T03:51:49.294Z]     -- promoting: /Volumes/DATA/local/S/jenkins/workspace/ECP/ecg-maya-hydra/ecg-maya-hydra-branch-preflight-python3-osx/ecg-maya-hydra/maya-hydra/lib/flowViewport/colorPreferences/fvpColorPreferencesTokens.h
[2023-12-22T03:51:49.294Z]     -- promoting: /Volumes/DATA/local/S/jenkins/workspace/ECP/ecg-maya-hydra/ecg-maya-hydra-branch-preflight-python3-osx/ecg-maya-hydra/maya-hydra/lib/flowViewport/colorPreferences/fvpColorPreferencesTranslator.h
[2023-12-22T03:51:49.294Z]     -- promoting: /Volumes/DATA/local/S/jenkins/workspace/ECP/ecg-maya-hydra/ecg-maya-hydra-branch-preflight-python3-osx/ecg-maya-hydra/maya-hydra/lib/flowViewport/sceneIndex/fvpMergingSceneIndex.h
[2023-12-22T03:51:49.294Z]     -- promoting: /Volumes/DATA/local/S/jenkins/workspace/ECP/ecg-maya-hydra/ecg-maya-hydra-branch-preflight-python3-osx/ecg-maya-hydra/maya-hydra/lib/flowViewport/sceneIndex/fvpPathInterface.h
[2023-12-22T03:51:49.294Z]     -- promoting: /Volumes/DATA/local/S/jenkins/workspace/ECP/ecg-maya-hydra/ecg-maya-hydra-branch-preflight-python3-osx/ecg-maya-hydra/maya-hydra/lib/flowViewport/sceneIndex/fvpPathInterfaceSceneIndex.h
[2023-12-22T03:51:49.294Z]     -- promoting: /Volumes/DATA/local/S/jenkins/workspace/ECP/ecg-maya-hydra/ecg-maya-hydra-branch-preflight-python3-osx/ecg-maya-hydra/maya-hydra/lib/flowViewport/sceneIndex/fvpRenderIndexProxy.h
[2023-12-22T03:51:49.294Z]     -- promoting: /Volumes/DATA/local/S/jenkins/workspace/ECP/ecg-maya-hydra/ecg-maya-hydra-branch-preflight-python3-osx/ecg-maya-hydra/maya-hydra/lib/flowViewport/sceneIndex/fvpRenderIndexProxyFwd.h
[2023-12-22T03:51:49.294Z]     -- promoting: /Volumes/DATA/local/S/jenkins/workspace/ECP/ecg-maya-hydra/ecg-maya-hydra-branch-preflight-python3-osx/ecg-maya-hydra/maya-hydra/lib/flowViewport/sceneIndex/fvpSelectionSceneIndex.h
[2023-12-22T03:51:49.294Z]     -- promoting: /Volumes/DATA/local/S/jenkins/workspace/ECP/ecg-maya-hydra/ecg-maya-hydra-branch-preflight-python3-osx/ecg-maya-hydra/maya-hydra/lib/flowViewport/sceneIndex/fvpWireframeSelectionHighlightSceneIndex.h
[2023-12-22T03:51:49.294Z]     -- promoting: /Volumes/DATA/local/S/jenkins/workspace/ECP/ecg-maya-hydra/ecg-maya-hydra-branch-preflight-python3-osx/ecg-maya-hydra/maya-hydra/lib/flowViewport/sceneIndex/fvpParentDataModifierSceneIndex.h
[2023-12-22T03:51:49.294Z]     -- promoting: /Volumes/DATA/local/S/jenkins/workspace/ECP/ecg-maya-hydra/ecg-maya-hydra-branch-preflight-python3-osx/ecg-maya-hydra/maya-hydra/lib/flowViewport/API/fvpSelectionClient.h
[2023-12-22T03:51:49.294Z]     -- promoting: /Volumes/DATA/local/S/jenkins/workspace/ECP/ecg-maya-hydra/ecg-maya-hydra-branch-preflight-python3-osx/ecg-maya-hydra/maya-hydra/lib/flowViewport/API/fvpSelectionInterface.h
[2023-12-22T03:51:49.294Z]     -- promoting: /Volumes/DATA/local/S/jenkins/workspace/ECP/ecg-maya-hydra/ecg-maya-hydra-branch-preflight-python3-osx/ecg-maya-hydra/maya-hydra/lib/flowViewport/API/fvpVersionInterface.h
[2023-12-22T03:51:49.294Z]     -- promoting: /Volumes/DATA/local/S/jenkins/workspace/ECP/ecg-maya-hydra/ecg-maya-hydra-branch-preflight-python3-osx/ecg-maya-hydra/maya-hydra/lib/flowViewport/API/fvpInformationInterface.h
[2023-12-22T03:51:49.294Z]     -- promoting: /Volumes/DATA/local/S/jenkins/workspace/ECP/ecg-maya-hydra/ecg-maya-hydra-branch-preflight-python3-osx/ecg-maya-hydra/maya-hydra/lib/flowViewport/API/fvpInformationClient.h
[2023-12-22T03:51:49.294Z]     -- promoting: /Volumes/DATA/local/S/jenkins/workspace/ECP/ecg-maya-hydra/ecg-maya-hydra-branch-preflight-python3-osx/ecg-maya-hydra/maya-hydra/lib/flowViewport/API/fvpDataProducerSceneIndexInterface.h
[2023-12-22T03:51:49.294Z]     -- promoting: /Volumes/DATA/local/S/jenkins/workspace/ECP/ecg-maya-hydra/ecg-maya-hydra-branch-preflight-python3-osx/ecg-maya-hydra/maya-hydra/lib/flowViewport/API/fvpFilteringSceneIndexClient.h
[2023-12-22T03:51:49.294Z]     -- promoting: /Volumes/DATA/local/S/jenkins/workspace/ECP/ecg-maya-hydra/ecg-maya-hydra-branch-preflight-python3-osx/ecg-maya-hydra/maya-hydra/lib/flowViewport/API/fvpFilteringSceneIndexClientFwd.h
[2023-12-22T03:51:49.294Z]     -- promoting: /Volumes/DATA/local/S/jenkins/workspace/ECP/ecg-maya-hydra/ecg-maya-hydra-branch-preflight-python3-osx/ecg-maya-hydra/maya-hydra/lib/flowViewport/API/fvpFilteringSceneIndexInterface.h
[2023-12-22T03:51:49.294Z]     -- promoting: /Volumes/DATA/local/S/jenkins/workspace/ECP/ecg-maya-hydra/ecg-maya-hydra-branch-preflight-python3-osx/ecg-maya-hydra/maya-hydra/lib/flowViewport/API/fvpViewportAPITokens.h
[2023-12-22T03:51:49.294Z]     -- promoting: /Volumes/DATA/local/S/jenkins/workspace/ECP/ecg-maya-hydra/ecg-maya-hydra-branch-preflight-python3-osx/ecg-maya-hydra/maya-hydra/lib/flowViewport/API/interfacesImp/fvpSelectionInterfaceImp.h
[2023-12-22T03:51:49.294Z]     -- promoting: /Volumes/DATA/local/S/jenkins/workspace/ECP/ecg-maya-hydra/ecg-maya-hydra-branch-preflight-python3-osx/ecg-maya-hydra/maya-hydra/lib/flowViewport/API/interfacesImp/fvpVersionInterfaceImp.h
[2023-12-22T03:51:49.294Z]     -- promoting: /Volumes/DATA/local/S/jenkins/workspace/ECP/ecg-maya-hydra/ecg-maya-hydra-branch-preflight-python3-osx/ecg-maya-hydra/maya-hydra/lib/flowViewport/API/interfacesImp/fvpInformationInterfaceImp.h
[2023-12-22T03:51:49.294Z]     -- promoting: /Volumes/DATA/local/S/jenkins/workspace/ECP/ecg-maya-hydra/ecg-maya-hydra-branch-preflight-python3-osx/ecg-maya-hydra/maya-hydra/lib/flowViewport/API/interfacesImp/fvpDataProducerSceneIndexInterfaceImp.h
[2023-12-22T03:51:49.294Z]     -- promoting: /Volumes/DATA/local/S/jenkins/workspace/ECP/ecg-maya-hydra/ecg-maya-hydra-branch-preflight-python3-osx/ecg-maya-hydra/maya-hydra/lib/flowViewport/API/interfacesImp/fvpFilteringSceneIndexInterfaceImp.h
[2023-12-22T03:51:49.294Z]     -- promoting: /Volumes/DATA/local/S/jenkins/workspace/ECP/ecg-maya-hydra/ecg-maya-hydra-branch-preflight-python3-osx/ecg-maya-hydra/maya-hydra/lib/flowViewport/API/samples/fvpSelectionClientExample.h
[2023-12-22T03:51:49.294Z]     -- promoting: /Volumes/DATA/local/S/jenkins/workspace/ECP/ecg-maya-hydra/ecg-maya-hydra-branch-preflight-python3-osx/ecg-maya-hydra/maya-hydra/lib/flowViewport/API/samples/fvpInformationClientExample.h
[2023-12-22T03:51:49.294Z]     -- promoting: /Volumes/DATA/local/S/jenkins/workspace/ECP/ecg-maya-hydra/ecg-maya-hydra-branch-preflight-python3-osx/ecg-maya-hydra/maya-hydra/lib/flowViewport/API/samples/fvpDataProducerSceneIndexExample.h
[2023-12-22T03:51:49.294Z]     -- promoting: /Volumes/DATA/local/S/jenkins/workspace/ECP/ecg-maya-hydra/ecg-maya-hydra-branch-preflight-python3-osx/ecg-maya-hydra/maya-hydra/lib/flowViewport/API/samples/fvpFilteringSceneIndexExample.h
[2023-12-22T03:51:49.294Z]     -- promoting: /Volumes/DATA/local/S/jenkins/workspace/ECP/ecg-maya-hydra/ecg-maya-hydra-branch-preflight-python3-osx/ecg-maya-hydra/maya-hydra/lib/flowViewport/API/samples/fvpFilteringSceneIndexClientExample.h
[2023-12-22T03:51:49.294Z]     -- promoting: /Volumes/DATA/local/S/jenkins/workspace/ECP/ecg-maya-hydra/ecg-maya-hydra-branch-preflight-python3-osx/ecg-maya-hydra/maya-hydra/lib/flowViewport/API/perViewportSceneIndicesData/fvpViewportInformationAndSceneIndicesPerViewportData.h
[2023-12-22T03:51:49.294Z]     -- promoting: /Volumes/DATA/local/S/jenkins/workspace/ECP/ecg-maya-hydra/ecg-maya-hydra-branch-preflight-python3-osx/ecg-maya-hydra/maya-hydra/lib/flowViewport/API/perViewportSceneIndicesData/fvpViewportInformationAndSceneIndicesPerViewportDataManager.h
[2023-12-22T03:51:49.294Z]     -- promoting: /Volumes/DATA/local/S/jenkins/workspace/ECP/ecg-maya-hydra/ecg-maya-hydra-branch-preflight-python3-osx/ecg-maya-hydra/maya-hydra/lib/flowViewport/API/perViewportSceneIndicesData/fvpDataProducerSceneIndexDataAbstractFactory.h
[2023-12-22T03:51:49.294Z]     -- promoting: /Volumes/DATA/local/S/jenkins/workspace/ECP/ecg-maya-hydra/ecg-maya-hydra-branch-preflight-python3-osx/ecg-maya-hydra/maya-hydra/lib/flowViewport/API/perViewportSceneIndicesData/fvpDataProducerSceneIndexDataBase.h
[2023-12-22T03:51:49.294Z]     -- promoting: /Volumes/DATA/local/S/jenkins/workspace/ECP/ecg-maya-hydra/ecg-maya-hydra-branch-preflight-python3-osx/ecg-maya-hydra/maya-hydra/lib/flowViewport/API/perViewportSceneIndicesData/fvpFilteringSceneIndexDataAbstractFactory.h
[2023-12-22T03:51:49.294Z]     -- promoting: /Volumes/DATA/local/S/jenkins/workspace/ECP/ecg-maya-hydra/ecg-maya-hydra-branch-preflight-python3-osx/ecg-maya-hydra/maya-hydra/lib/flowViewport/API/perViewportSceneIndicesData/fvpFilteringSceneIndexDataBase.h
[2023-12-22T03:51:49.294Z]     -- promoting: /Volumes/DATA/local/S/jenkins/workspace/ECP/ecg-maya-hydra/ecg-maya-hydra-branch-preflight-python3-osx/ecg-maya-hydra/maya-hydra/lib/flowViewport/API/perViewportSceneIndicesData/fvpFilteringSceneIndicesChainManager.h
[2023-12-22T03:51:49.294Z]     -- promoting: /Volumes/DATA/local/S/jenkins/workspace/ECP/ecg-maya-hydra/ecg-maya-hydra-branch-preflight-python3-osx/ecg-maya-hydra/maya-hydra/lib/flowViewport/selection/fvpSelection.h
[2023-12-22T03:51:49.294Z]     -- promoting: /Volumes/DATA/local/S/jenkins/workspace/ECP/ecg-maya-hydra/ecg-maya-hydra-branch-preflight-python3-osx/ecg-maya-hydra/maya-hydra/lib/flowViewport/selection/fvpSelectionFwd.h
[2023-12-22T03:51:49.294Z]     -- promoting: /Volumes/DATA/local/S/jenkins/workspace/ECP/ecg-maya-hydra/ecg-maya-hydra-branch-preflight-python3-osx/ecg-maya-hydra/maya-hydra/lib/flowViewport/selection/fvpSelectionTask.h
[2023-12-22T03:51:49.294Z]     -- promoting: /Volumes/DATA/local/S/jenkins/workspace/ECP/ecg-maya-hydra/ecg-maya-hydra-branch-preflight-python3-osx/ecg-maya-hydra/maya-hydra/lib/flowViewport/selection/fvpSelectionTracker.h
[2023-12-22T03:51:49.832Z]     -- Configuring done
[2023-12-22T03:51:49.832Z]     -- Generating done
[2023-12-22T03:51:49.832Z]     -- Build files have been written to: /Volumes/DATA/local/S/jenkins/workspace/ECP/ecg-maya-hydra/ecg-maya-hydra-branch-preflight-python3-osx/build/RelWithDebInfo
[2023-12-22T03:51:49.832Z]     
[2023-12-22T03:51:49.832Z]         Building with settings:
[2023-12-22T03:51:49.832Z]           Source directory          /Volumes/DATA/local/S/jenkins/workspace/ECP/ecg-maya-hydra/ecg-maya-hydra-branch-preflight-python3-osx/ecg-maya-hydra/maya-hydra
[2023-12-22T03:51:49.832Z]           Workspace directory       /local/S/jenkins/workspace/ECP/ecg-maya-hydra/ecg-maya-hydra-branch-preflight-python3-osx
[2023-12-22T03:51:49.832Z]           Build directory           /local/S/jenkins/workspace/ECP/ecg-maya-hydra/ecg-maya-hydra-branch-preflight-python3-osx/build/RelWithDebInfo
[2023-12-22T03:51:49.832Z]           Install directory         /local/S/jenkins/workspace/ECP/ecg-maya-hydra/ecg-maya-hydra-branch-preflight-python3-osx/install/RelWithDebInfo/MayaHydra
[2023-12-22T03:51:49.832Z]           Variant                   RelWithDebInfo
[2023-12-22T03:51:49.832Z]           Python Debug              Off
[2023-12-22T03:51:49.832Z]           CMake generator           Ninja
[2023-12-22T03:51:49.832Z]           Build arguments           ['-DCMAKE_MAKE_PROGRAM=/local/S/jenkins/workspace/shared/Artifactory/OSX/ninja/1.10.2/95d0ca5/ninja', '-DPYTHON_INCLUDE_DIR=/local/S/jenkins/workspace/shared/Artifactory/OSX/rundev-master/202312201610/runtime/d0a18d0/runTime/Maya.app/Contents/Frameworks/Python.framework/Versions/Current/include/python3.11', '-DPython_EXECUTABLE=/local/S/jenkins/workspace/shared/Artifactory/OSX/rundev-master/202312201610/runtime/d0a18d0/runTime/Maya.app/Contents/bin/mayapy', '-DPYTHON_LIBRARIES=/local/S/jenkins/workspace/shared/Artifactory/OSX/rundev-master/202312201610/runtime/d0a18d0/runTime/Maya.app/Contents/Frameworks/Python.framework/Versions/Current/lib/libpython3.11.dylib', '-DBUILD_WITH_PYTHON_3_VERSION=3.11', '-DBUILD_UB2=ON', '-DCMAKE_WANT_MATERIALX_BUILD=ON', '-DCMAKE_PREFIX_PATH=/local/S/jenkins/workspace/shared/Artifactory/OSX/USD/8270819', '-DMAYAHYDRA_BUILD_NUMBER=451', '-DMAYAHYDRA_GIT_COMMIT=d28fb4b56fac40ef6d07300f3ee35b40eff66adc', '-DMAYAHYDRA_GIT_BRANCH=master', '-DMAYAUSD_LOCATION=/local/S/jenkins/workspace/shared/Artifactory/OSX/mayausd-cotd/202311202320/runtime/a0893a4/mayausd']
[2023-12-22T03:51:49.832Z]           Stages arguments          ['configure']
[2023-12-22T03:51:49.832Z]           CTest arguments           ['--parallel 8']
[2023-12-22T03:51:49.832Z]     STATUS: Could not find Maya Qt6.
[2023-12-22T03:51:49.832Z]     STATUS:   Extracting '/local/S/jenkins/workspace/shared/Artifactory/OSX/rundev-master/202312201610/runtime/d0a18d0/devkitBase/Qt.tgz' to '/local/S/jenkins/workspace/shared/Artifactory/OSX/rundev-master/202312201610/runtime/d0a18d0/devkitBase'
[2023-12-22T03:51:49.832Z]     Success MayaHydra build and install !!!!
[2023-12-22T03:51:49.832Z]     Elapsed time: 00:00:14
[Pipeline] }
[Pipeline] // withEnv
[Pipeline] }
[Pipeline] // timeout
[Pipeline] }
[Pipeline] // stage
[Pipeline] }
[Pipeline] // timestamps
[Pipeline] timestamps
[Pipeline] {
[Pipeline] stage
[Pipeline] { (Build)
[Pipeline] timeout
[2023-12-22T03:51:50.175Z] Timeout set to expire in 6 hr 0 min
[Pipeline] {
[Pipeline] withEnv
[Pipeline] {
[Pipeline] sh
[2023-12-22T03:51:51.295Z] + python ecg-maya-hydra/build.py --stages=build --workspace-dir=/local/S/jenkins/workspace/ECP/ecg-maya-hydra/ecg-maya-hydra-branch-preflight-python3-osx --artifactory-dir=/local/S/jenkins/workspace/shared/Artifactory --build-dir=/local/S/jenkins/workspace/ECP/ecg-maya-hydra/ecg-maya-hydra-branch-preflight-python3-osx/build --install-dir=/local/S/jenkins/workspace/ECP/ecg-maya-hydra/ecg-maya-hydra-branch-preflight-python3-osx/install --signing-dir=/local/S/jenkins/workspace/ECP/ecg-maya-hydra/ecg-maya-hydra-branch-preflight-python3-osx/signing --package-dir=/local/S/jenkins/workspace/ECP/ecg-maya-hydra/ecg-maya-hydra-branch-preflight-python3-osx/package --output-dir=/local/S/jenkins/workspace/ECP/ecg-maya-hydra/ecg-maya-hydra-branch-preflight-python3-osx/output --stash-dir=/local/S/jenkins/workspace/ECP/ecg-maya-hydra/ecg-maya-hydra-branch-preflight-python3-osx/stash --jenkins-build=451 --git-commit=d28fb4b56fac40ef6d07300f3ee35b40eff66adc --git-branch=master --variants=Debug --interactive-tests=true --post-zips=false --osx-binary-architecture-target=ub2 --osx-deployment-target=11.0 --osx-base-sdk=CurrentActiveSDK --build-retry=3 --maya-cut-config=maya-rundev-master-debug.yaml --maya-package=rundev-master-debug --stage-banner
[2023-12-22T03:51:51.295Z] Using Maya cut from /local/S/jenkins/workspace/shared/Artifactory/OSX/rundev-master-debug/202312201610/runtime/baf0e83
[2023-12-22T03:51:51.295Z] Using Maya ADSK Signatures from /local/S/jenkins/workspace/shared/Artifactory/OSX/adsk-plugin-signatures-maya/2023/3ae1ae7
[2023-12-22T03:51:51.295Z] Using Maya Security Library from /local/S/jenkins/workspace/shared/Artifactory/OSX/maya-security-library/3.4.0/5e08f3e
[2023-12-22T03:51:51.295Z] 
[2023-12-22T03:51:51.295Z] ================================================================================
[2023-12-22T03:51:51.295Z]                                  build (Debug)
[2023-12-22T03:51:51.296Z] ================================================================================
[2023-12-22T03:51:51.296Z] Maya Python Debug Info:
[2023-12-22T03:51:51.296Z]   mayapy executable   = /local/S/jenkins/workspace/shared/Artifactory/OSX/rundev-master-debug/202312201610/runtime/baf0e83/runTime/Maya.app/Contents/bin/mayapy
[2023-12-22T03:51:51.296Z]   Include Folder      = /local/S/jenkins/workspace/shared/Artifactory/OSX/rundev-master-debug/202312201610/runtime/baf0e83/runTime/Maya.app/Contents/Frameworks/Python.framework/Versions/Current/include/python3.11
[2023-12-22T03:51:51.296Z]   Library             = /local/S/jenkins/workspace/shared/Artifactory/OSX/rundev-master-debug/202312201610/runtime/baf0e83/runTime/Maya.app/Contents/Frameworks/Python.framework/Versions/Current/lib/libpython3.11.dylib
[2023-12-22T03:51:51.296Z]   site-package Folder = /local/S/jenkins/workspace/shared/Artifactory/OSX/rundev-master-debug/202312201610/runtime/baf0e83/runTime/Maya.app/Contents/Frameworks/Python.framework/Versions/Current/lib/python3.11/site-packages
[2023-12-22T03:51:51.832Z] In workdir: /Volumes/DATA/local/S/jenkins/workspace/ECP/ecg-maya-hydra/ecg-maya-hydra-branch-preflight-python3-osx/ecg-maya-hydra/maya-hydra
[2023-12-22T03:51:51.832Z] Executing: arch -arch arm64 /local/S/jenkins/workspace/shared/Artifactory/OSX/rundev-master-debug/202312201610/runtime/baf0e83/runTime/Maya.app/Contents/bin/mayapy /Volumes/DATA/local/S/jenkins/workspace/ECP/ecg-maya-hydra/ecg-maya-hydra-branch-preflight-python3-osx/ecg-maya-hydra/maya-hydra/build.py --generator Ninja --build-debug --maya-location /local/S/jenkins/workspace/shared/Artifactory/OSX/rundev-master-debug/202312201610/runtime/baf0e83/runTime --devkit-location /local/S/jenkins/workspace/shared/Artifactory/OSX/rundev-master-debug/202312201610/runtime/baf0e83/devkitBase --pxrusd-location /local/S/jenkins/workspace/shared/Artifactory/OSX/USD/ca7f6ed --build-args=-DCMAKE_MAKE_PROGRAM=/local/S/jenkins/workspace/shared/Artifactory/OSX/ninja/1.10.2/95d0ca5/ninja,-DPYTHON_INCLUDE_DIR=/local/S/jenkins/workspace/shared/Artifactory/OSX/rundev-master-debug/202312201610/runtime/baf0e83/runTime/Maya.app/Contents/Frameworks/Python.framework/Versions/Current/include/python3.11,-DPython_EXECUTABLE=/local/S/jenkins/workspace/shared/Artifactory/OSX/rundev-master-debug/202312201610/runtime/baf0e83/runTime/Maya.app/Contents/bin/mayapy,-DPYTHON_LIBRARIES=/local/S/jenkins/workspace/shared/Artifactory/OSX/rundev-master-debug/202312201610/runtime/baf0e83/runTime/Maya.app/Contents/Frameworks/Python.framework/Versions/Current/lib/libpython3.11.dylib,-DBUILD_WITH_PYTHON_3_VERSION=3.11,-DBUILD_UB2=ON,-DCMAKE_WANT_MATERIALX_BUILD=ON,-DCMAKE_PREFIX_PATH=/local/S/jenkins/workspace/shared/Artifactory/OSX/USD/ca7f6ed,-DMAYAHYDRA_BUILD_NUMBER=451,-DMAYAHYDRA_GIT_COMMIT=d28fb4b56fac40ef6d07300f3ee35b40eff66adc,-DMAYAHYDRA_GIT_BRANCH=master,-DMAYAUSD_LOCATION=/local/S/jenkins/workspace/shared/Artifactory/OSX/mayausd-cotd-debug/202311222325/runtime/bd49faa/mayausd '--ctest-args=--parallel 8' --stages=build --redirect-outstream-file=False --install-location /local/S/jenkins/workspace/ECP/ecg-maya-hydra/ecg-maya-hydra-branch-preflight-python3-osx/install/Debug/MayaHydra /local/S/jenkins/workspace/ECP/ecg-maya-hydra/ecg-maya-hydra-branch-preflight-python3-osx
[2023-12-22T03:51:51.832Z] Modified environment variables:
[2023-12-22T03:51:51.832Z]     PATH=/local/S/jenkins/workspace/shared/Artifactory/OSX/cmake/3.20.3/2594509/bin:/opt/homebrew/bin:/usr/local/bin:/bin:/usr/sbin:/sbin:/usr/bin:/usr/bin:/bin:/usr/sbin:/sbin
[2023-12-22T03:51:53.055Z]     [1/129] Building CXX object lib/flowViewport/CMakeFiles/flowViewport.dir/debugCodes.cpp.o
[2023-12-22T03:51:53.593Z]     [2/129] Building CXX object lib/flowViewport/CMakeFiles/flowViewport.dir/tokens.cpp.o
[2023-12-22T03:51:53.593Z]     [3/129] Building CXX object lib/flowViewport/CMakeFiles/flowViewport.dir/colorPreferences/fvpColorChanged.cpp.o
[2023-12-22T03:51:53.593Z]     [4/129] Building CXX object lib/flowViewport/CMakeFiles/flowViewport.dir/global.cpp.o
[2023-12-22T03:51:53.593Z]     [5/129] Building CXX object lib/flowViewport/CMakeFiles/flowViewport.dir/sceneIndex/fvpPathInterface.cpp.o
[2023-12-22T03:51:54.130Z]     [6/129] Building CXX object lib/flowViewport/CMakeFiles/flowViewport.dir/colorPreferences/fvpColorPreferences.cpp.o
[2023-12-22T03:51:54.667Z]     [7/129] Building CXX object lib/flowViewport/CMakeFiles/flowViewport.dir/colorPreferences/fvpColorPreferencesTokens.cpp.o
[2023-12-22T03:51:54.667Z]     [8/129] Building CXX object lib/mayaHydra/ufeExtensions/CMakeFiles/ufeExtensions.dir/Global.cpp.o
[2023-12-22T03:51:54.667Z]     [9/129] Linking CXX shared library lib/mayaHydra/ufeExtensions/libufeExtensions.dylib
[2023-12-22T03:51:55.809Z]     [10/129] Automatic MOC for target adskHydraSceneBrowser
[2023-12-22T03:51:56.976Z]     [11/129] Building CXX object lib/flowViewport/CMakeFiles/flowViewport.dir/API/interfacesImp/fvpSelectionInterfaceImp.cpp.o
[2023-12-22T03:51:58.136Z]     [12/129] Building CXX object lib/mayaHydra/flowViewportAPIExamples/flowViewportAPIMayaLocator/CMakeFiles/flowViewportAPIMayaLocator.dir/flowViewportAPIMayaLocator.cpp.o
[2023-12-22T03:51:58.136Z]     [13/129] Building CXX object lib/flowViewport/CMakeFiles/flowViewport.dir/sceneIndex/fvpMergingSceneIndex.cpp.o
[2023-12-22T03:51:58.136Z]     [14/129] Building CXX object lib/flowViewport/CMakeFiles/flowViewport.dir/sceneIndex/fvpPathInterfaceSceneIndex.cpp.o
[2023-12-22T03:51:58.684Z]     [15/129] Building CXX object lib/flowViewport/CMakeFiles/flowViewport.dir/sceneIndex/fvpSelectionSceneIndex.cpp.o
[2023-12-22T03:51:59.251Z]     [16/129] Building CXX object lib/flowViewport/CMakeFiles/flowViewport.dir/sceneIndex/fvpParentDataModifierSceneIndex.cpp.o
[2023-12-22T03:51:59.251Z]     [17/129] Building CXX object lib/flowViewport/CMakeFiles/flowViewport.dir/sceneIndex/fvpRenderIndexProxy.cpp.o
[2023-12-22T03:52:00.418Z]     [18/129] Building CXX object plugin/mayaHydraSceneBrowserTest/CMakeFiles/mayaHydraSceneBrowserTest.dir/mayaHydraSceneBrowserTestCmd.cpp.o
[2023-12-22T03:52:00.994Z]     [19/129] Building CXX object plugin/mayaHydraSceneBrowser/CMakeFiles/mayaHydraSceneBrowser.dir/mayaHydraSceneBrowser.cpp.o
[2023-12-22T03:52:03.580Z]     [20/129] Building CXX object lib/adskHydraSceneBrowser/lib/CMakeFiles/adskHydraSceneBrowser.dir/src/patch/sceneIndexObserverLoggingTreeView.cpp.o
[2023-12-22T03:52:03.580Z]     [21/129] Building CXX object lib/adskHydraSceneBrowser/lib/CMakeFiles/adskHydraSceneBrowser.dir/adskHydraSceneBrowser_autogen/mocs_compilation.cpp.o
[2023-12-22T03:52:04.133Z]     [22/129] Building CXX object lib/adskHydraSceneBrowser/lib/CMakeFiles/adskHydraSceneBrowser.dir/src/patch/registeredSceneIndexChooser.cpp.o
[2023-12-22T03:52:04.133Z]     [23/129] Building CXX object lib/adskHydraSceneBrowser/lib/CMakeFiles/adskHydraSceneBrowser.dir/src/patch/dataSourceTreeWidget.cpp.o
[2023-12-22T03:52:04.133Z]     [24/129] Building CXX object lib/flowViewport/CMakeFiles/flowViewport.dir/API/interfacesImp/fvpVersionInterfaceImp.cpp.o
[2023-12-22T03:52:04.694Z]     [25/129] Building CXX object lib/adskHydraSceneBrowser/lib/CMakeFiles/adskHydraSceneBrowser.dir/src/patch/dataSourceValueTreeView.cpp.o
[2023-12-22T03:52:04.694Z]     [26/129] Building CXX object lib/adskHydraSceneBrowser/lib/CMakeFiles/adskHydraSceneBrowser.dir/src/patch/sceneIndexObserverLoggingWidget.cpp.o
[2023-12-22T03:52:05.889Z]     [27/129] Building CXX object lib/flowViewport/CMakeFiles/flowViewport.dir/API/samples/fvpSelectionClientExample.cpp.o
[2023-12-22T03:52:05.889Z]     [28/129] Building CXX object lib/adskHydraSceneBrowser/lib/CMakeFiles/adskHydraSceneBrowser.dir/src/patch/sceneIndexDebuggerWidget.cpp.o
[2023-12-22T03:52:07.069Z]     [29/129] Building CXX object lib/adskHydraSceneBrowser/lib/CMakeFiles/adskHydraSceneBrowser.dir/src/patch/sceneIndexTreeWidget.cpp.o
[2023-12-22T03:52:07.681Z]     [30/129] Linking CXX shared library lib/adskHydraSceneBrowser/lib/libadskHydraSceneBrowser.dylib
[2023-12-22T03:52:08.445Z]     [31/129] Building CXX object lib/flowViewport/CMakeFiles/flowViewport.dir/API/interfacesImp/fvpInformationInterfaceImp.cpp.o
[2023-12-22T03:52:08.445Z]     [32/129] Building CXX object lib/flowViewport/CMakeFiles/flowViewport.dir/sceneIndex/fvpWireframeSelectionHighlightSceneIndex.cpp.o
[2023-12-22T03:52:09.012Z]     [33/129] Building CXX object lib/flowViewport/CMakeFiles/flowViewport.dir/API/samples/fvpInformationClientExample.cpp.o
[2023-12-22T03:52:09.574Z]     [34/129] Building CXX object lib/flowViewport/CMakeFiles/flowViewport.dir/API/interfacesImp/fvpFilteringSceneIndexInterfaceImp.cpp.o
[2023-12-22T03:52:09.574Z]     [35/129] Building CXX object lib/flowViewport/CMakeFiles/flowViewport.dir/API/interfacesImp/fvpDataProducerSceneIndexInterfaceImp.cpp.o
[2023-12-22T03:52:09.574Z]     [36/129] Building CXX object lib/adskHydraSceneBrowser/test/CMakeFiles/adskHydraSceneBrowserTesting.dir/adskHydraSceneBrowserTesting.cpp.o
[2023-12-22T03:52:11.424Z]     [37/129] Building CXX object lib/adskHydraSceneBrowser/test/CMakeFiles/adskHydraSceneBrowserTesting.dir/adskHydraSceneBrowserTestFixture.cpp.o
[2023-12-22T03:52:11.424Z]     [38/129] Linking CXX shared library lib/adskHydraSceneBrowser/test/libadskHydraSceneBrowserTesting.dylib
[2023-12-22T03:52:11.997Z]     [39/129] Building CXX object lib/flowViewport/CMakeFiles/flowViewport.dir/API/samples/fvpFilteringSceneIndexExample.cpp.o
[2023-12-22T03:52:13.162Z]     [40/129] Building CXX object lib/flowViewport/CMakeFiles/flowViewport.dir/API/samples/fvpFilteringSceneIndexClientExample.cpp.o
[2023-12-22T03:52:13.162Z]     [41/129] Building CXX object lib/flowViewport/CMakeFiles/flowViewport.dir/API/perViewportSceneIndicesData/fvpViewportInformationAndSceneIndicesPerViewportData.cpp.o
[2023-12-22T03:52:13.162Z]     [42/129] Building CXX object lib/flowViewport/CMakeFiles/flowViewport.dir/API/perViewportSceneIndicesData/fvpFilteringSceneIndexDataBase.cpp.o
[2023-12-22T03:52:13.714Z]     [43/129] Building CXX object lib/flowViewport/CMakeFiles/flowViewport.dir/selection/fvpSelectionFwd.cpp.o
[2023-12-22T03:52:13.714Z]     [44/129] Building CXX object lib/flowViewport/CMakeFiles/flowViewport.dir/API/samples/fvpDataProducerSceneIndexExample.cpp.o
[2023-12-22T03:52:14.275Z]     [45/129] Building CXX object lib/flowViewport/CMakeFiles/flowViewport.dir/API/perViewportSceneIndicesData/fvpViewportAPITokens.cpp.o
[2023-12-22T03:52:14.275Z]     [46/129] Building CXX object lib/flowViewport/CMakeFiles/flowViewport.dir/API/perViewportSceneIndicesData/fvpViewportInformationAndSceneIndicesPerViewportDataManager.cpp.o
[2023-12-22T03:52:14.837Z]     [47/129] Building CXX object lib/flowViewport/CMakeFiles/flowViewport.dir/API/perViewportSceneIndicesData/fvpDataProducerSceneIndexDataBase.cpp.o
[2023-12-22T03:52:14.837Z]     [48/129] Building CXX object lib/mayaHydra/mayaPlugin/CMakeFiles/mayaHydra.dir/colorNotFoundException.cpp.o
[2023-12-22T03:52:16.010Z]     [49/129] Building CXX object lib/mayaHydra/mayaPlugin/CMakeFiles/mayaHydra.dir/pluginDebugCodes.cpp.o
[2023-12-22T03:52:16.010Z]     [50/129] Building CXX object lib/mayaHydra/mayaPlugin/CMakeFiles/mayaHydra.dir/mayaColorPreferencesTranslator.cpp.o
[2023-12-22T03:52:16.010Z]     [51/129] Building CXX object lib/flowViewport/CMakeFiles/flowViewport.dir/selection/fvpSelection.cpp.o
[2023-12-22T03:52:16.565Z]     [52/129] Building CXX object lib/flowViewport/CMakeFiles/flowViewport.dir/API/perViewportSceneIndicesData/fvpFilteringSceneIndicesChainManager.cpp.o
[2023-12-22T03:52:17.119Z]     [53/129] Building CXX object lib/mayaHydra/mayaPlugin/CMakeFiles/mayaHydra.dir/tokens.cpp.o
[2023-12-22T03:52:18.285Z]     [54/129] Building CXX object lib/mayaHydra/hydraExtensions/CMakeFiles/mayaHydraLib.dir/debugCodes.cpp.o
[2023-12-22T03:52:18.285Z]     [55/129] Building CXX object lib/flowViewport/CMakeFiles/flowViewport.dir/selection/fvpSelectionTracker.cpp.o
[2023-12-22T03:52:18.285Z]     [56/129] Building CXX object lib/flowViewport/CMakeFiles/flowViewport.dir/selection/fvpSelectionTask.cpp.o
[2023-12-22T03:52:18.834Z]     [57/129] Linking CXX shared library lib/flowViewport/libflowViewport.dylib
[2023-12-22T03:52:20.023Z]     [58/129] Building CXX object lib/mayaHydra/hydraExtensions/CMakeFiles/mayaHydraLib.dir/mayaUtils.cpp.o
[2023-12-22T03:52:20.023Z]     [59/129] Building CXX object lib/mayaHydra/hydraExtensions/CMakeFiles/mayaHydraLib.dir/mhBuildInfo.cpp.o
[2023-12-22T03:52:21.194Z]     [60/129] Building CXX object lib/mayaHydra/mayaPlugin/CMakeFiles/mayaHydra.dir/pluginUtils.cpp.o
[2023-12-22T03:52:21.752Z]     [61/129] Building CXX object lib/mayaHydra/mayaPlugin/CMakeFiles/mayaHydra.dir/plugin.cpp.o
[2023-12-22T03:52:21.752Z]     [62/129] Building CXX object lib/mayaHydra/hydraExtensions/CMakeFiles/mayaHydraLib.dir/mayaHydraLibInterfaceImp.cpp.o
[2023-12-22T03:52:22.318Z]     [63/129] Building CXX object lib/mayaHydra/hydraExtensions/CMakeFiles/mayaHydraLib.dir/hydraUtils.cpp.o
[2023-12-22T03:52:23.093Z]     [64/129] Building CXX object lib/mayaHydra/hydraExtensions/CMakeFiles/mayaHydraLib.dir/adapters/adapterDebugCodes.cpp.o
[2023-12-22T03:52:23.644Z]     [65/129] Building CXX object lib/mayaHydra/mayaPlugin/CMakeFiles/mayaHydra.dir/viewCommand.cpp.o
[2023-12-22T03:52:23.644Z]     [66/129] Building CXX object lib/mayaHydra/hydraExtensions/CMakeFiles/mayaHydraLib.dir/mixedUtils.cpp.o
[2023-12-22T03:52:26.237Z]     [67/129] Building CXX object lib/mayaHydra/mayaPlugin/CMakeFiles/mayaHydra.dir/renderOverride.cpp.o
[2023-12-22T03:52:26.237Z]     [68/129] Building CXX object lib/mayaHydra/mayaPlugin/CMakeFiles/mayaHydra.dir/renderGlobals.cpp.o
[2023-12-22T03:52:28.826Z]     [69/129] Building CXX object lib/mayaHydra/hydraExtensions/CMakeFiles/mayaHydraLib.dir/adapters/adapter.cpp.o
[2023-12-22T03:52:30.061Z]     [70/129] Building CXX object lib/mayaHydra/hydraExtensions/CMakeFiles/mayaHydraLib.dir/adapters/adapterRegistry.cpp.o
[2023-12-22T03:52:30.061Z]     [71/129] Building CXX object lib/mayaHydra/hydraExtensions/CMakeFiles/mayaHydraLib.dir/adapters/areaLightAdapter.cpp.o
[2023-12-22T03:52:31.216Z]     [72/129] Building CXX object lib/mayaHydra/hydraExtensions/CMakeFiles/mayaHydraLib.dir/adapters/cameraAdapter.cpp.o
[2023-12-22T03:52:31.216Z]     [73/129] Building CXX object lib/mayaHydra/hydraExtensions/CMakeFiles/mayaHydraLib.dir/adapters/aiSkydomeLightAdapter.cpp.o
[2023-12-22T03:52:31.216Z]     [74/129] Building CXX object lib/mayaHydra/hydraExtensions/CMakeFiles/mayaHydraLib.dir/mayaHydraSceneProducer.cpp.o
[2023-12-22T03:52:32.436Z]     [75/129] Building CXX object lib/mayaHydra/hydraExtensions/CMakeFiles/mayaHydraLib.dir/adapters/mayaAttrs.cpp.o
[2023-12-22T03:52:33.634Z]     [76/129] Building CXX object lib/mayaHydra/hydraExtensions/CMakeFiles/mayaHydraLib.dir/adapters/dagAdapter.cpp.o
[2023-12-22T03:52:34.211Z]     [77/129] Building CXX object lib/mayaHydra/hydraExtensions/CMakeFiles/mayaHydraLib.dir/adapters/renderItemAdapter.cpp.o
[2023-12-22T03:52:36.797Z]     [78/129] Building CXX object lib/mayaHydra/hydraExtensions/CMakeFiles/mayaHydraLib.dir/adapters/lightAdapter.cpp.o
[2023-12-22T03:52:38.184Z]     [79/129] Building CXX object lib/mayaHydra/hydraExtensions/CMakeFiles/mayaHydraLib.dir/adapters/directionalLightAdapter.cpp.o
[2023-12-22T03:52:38.184Z]     [80/129] Building CXX object lib/mayaHydra/hydraExtensions/CMakeFiles/mayaHydraLib.dir/adapters/materialAdapter.cpp.o
[2023-12-22T03:52:38.736Z]     [81/129] Building CXX object lib/mayaHydra/hydraExtensions/CMakeFiles/mayaHydraLib.dir/adapters/tokens.cpp.o
[2023-12-22T03:52:39.299Z]     [82/129] Building CXX object lib/mayaHydra/hydraExtensions/CMakeFiles/mayaHydraLib.dir/adapters/meshAdapter.cpp.o
[2023-12-22T03:52:39.856Z]     [83/129] Building CXX object lib/mayaHydra/hydraExtensions/CMakeFiles/mayaHydraLib.dir/delegates/delegateDebugCodes.cpp.o
[2023-12-22T03:52:39.856Z]     [84/129] Building CXX object lib/mayaHydra/hydraExtensions/CMakeFiles/mayaHydraLib.dir/adapters/nurbsCurveAdapter.cpp.o
[2023-12-22T03:52:40.406Z]     [85/129] Building CXX object lib/mayaHydra/hydraExtensions/CMakeFiles/mayaHydraLib.dir/adapters/shapeAdapter.cpp.o
[2023-12-22T03:52:40.406Z]     [86/129] Building CXX object lib/mayaHydra/hydraExtensions/CMakeFiles/mayaHydraLib.dir/adapters/materialNetworkConverter.cpp.o
[2023-12-22T03:52:40.968Z]     [87/129] Building CXX object lib/mayaHydra/hydraExtensions/CMakeFiles/mayaHydraLib.dir/adapters/pointLightAdapter.cpp.o
[2023-12-22T03:52:44.389Z]     [88/129] Building CXX object lib/mayaHydra/hydraExtensions/CMakeFiles/mayaHydraLib.dir/adapters/spotLightAdapter.cpp.o
[2023-12-22T03:52:44.389Z]     [89/129] Building CXX object lib/mayaHydra/hydraExtensions/CMakeFiles/mayaHydraLib.dir/delegates/delegate.cpp.o
[2023-12-22T03:52:44.958Z]     [90/129] Building CXX object lib/mayaHydra/hydraExtensions/CMakeFiles/mayaHydraLib.dir/delegates/delegateCtx.cpp.o
[2023-12-22T03:52:46.130Z]     [91/129] Building CXX object lib/mayaHydra/hydraExtensions/CMakeFiles/mayaHydraLib.dir/delegates/delegateRegistry.cpp.o
[2023-12-22T03:52:46.696Z]     [92/129] Building CXX object lib/mayaHydra/hydraExtensions/CMakeFiles/mayaHydraLib.dir/sceneIndex/registration.cpp.o
[2023-12-22T03:52:47.880Z]     [93/129] Building CXX object lib/mayaHydra/hydraExtensions/CMakeFiles/mayaHydraLib.dir/sceneIndex/mayaHydraMayaDataProducerSceneIndexData.cpp.o
[2023-12-22T03:52:49.736Z]     [94/129] Building CXX object lib/mayaHydra/hydraExtensions/CMakeFiles/mayaHydraLib.dir/delegates/sceneDelegate.cpp.o
[2023-12-22T03:52:50.289Z]     [95/129] Building CXX object lib/mayaHydra/hydraExtensions/CMakeFiles/mayaHydraLib.dir/delegates/defaultLightDelegate.cpp.o
[2023-12-22T03:52:50.846Z]     [96/129] Building CXX object lib/mayaHydra/hydraExtensions/CMakeFiles/mayaHydraLib.dir/delegates/testDelegate.cpp.o
[2023-12-22T03:52:52.697Z]     [97/129] Building CXX object lib/mayaHydra/hydraExtensions/CMakeFiles/mayaHydraLib.dir/sceneIndex/mayaHydraPrimvarDataSource.cpp.o
[2023-12-22T03:52:53.949Z]     [98/129] Building CXX object lib/mayaHydra/hydraExtensions/CMakeFiles/mayaHydraLib.dir/sceneIndex/mayaHydraDisplayStyleDataSource.cpp.o
[2023-12-22T03:52:53.949Z]     [99/129] Building CXX object lib/mayaHydra/hydraExtensions/CMakeFiles/mayaHydraLib.dir/sceneIndex/mayaHydraDataSource.cpp.o
[2023-12-22T03:52:53.949Z]     [100/129] Building CXX object lib/mayaHydra/hydraExtensions/CMakeFiles/mayaHydraLib.dir/sceneIndex/mayaHydraMayaDataProducerSceneIndexDataConcreteFactory.cpp.o
[2023-12-22T03:52:54.519Z]     [101/129] Building CXX object lib/mayaHydra/hydraExtensions/CMakeFiles/mayaHydraLib.dir/sceneIndex/mayaHydraSceneIndex.cpp.o
[2023-12-22T03:52:54.519Z]     [102/129] Building CXX object lib/mayaHydra/hydraExtensions/CMakeFiles/mayaHydraLib.dir/sceneIndex/mayaHydraCameraDataSource.cpp.o
[2023-12-22T03:52:55.699Z]     [103/129] Building CXX object test/lib/mayaUsd/render/mayaToHydra/cpp/CMakeFiles/mayaHydraCppTests.dir/mayaHydraCppTestsCmd.cpp.o
[2023-12-22T03:52:56.267Z]     [104/129] Building CXX object lib/mayaHydra/hydraExtensions/CMakeFiles/mayaHydraLib.dir/sceneIndex/mayaHydraLightDataSource.cpp.o
[2023-12-22T03:52:56.267Z]     [105/129] Building CXX object lib/mayaHydra/hydraExtensions/CMakeFiles/mayaHydraLib.dir/sceneIndex/mayaHydraSceneIndexDataFactoriesSetup.cpp.o
[2023-12-22T03:52:56.832Z]     [106/129] Building CXX object test/lib/mayaUsd/render/mayaToHydra/cpp/CMakeFiles/mayaHydraCppTests.dir/testColorPreferences.cpp.o
[2023-12-22T03:52:57.393Z]     [107/129] Building CXX object test/lib/mayaUsd/render/mayaToHydra/cpp/CMakeFiles/mayaHydraCppTests.dir/testCppFramework.cpp.o
[2023-12-22T03:52:57.393Z]     [108/129] Building CXX object lib/mayaHydra/hydraExtensions/CMakeFiles/mayaHydraLib.dir/sceneIndex/mayaHydraMayaFilteringSceneIndexDataConcreteFactory.cpp.o
[2023-12-22T03:52:57.393Z]     [109/129] Building CXX object lib/mayaHydra/hydraExtensions/CMakeFiles/mayaHydraLib.dir/sceneIndex/mayaHydraMayaFilteringSceneIndexData.cpp.o
[2023-12-22T03:52:58.556Z]     [110/129] Building CXX object test/lib/mayaUsd/render/mayaToHydra/cpp/CMakeFiles/mayaHydraCppTests.dir/testUtils.cpp.o
[2023-12-22T03:52:58.556Z]     [111/129] Building CXX object lib/mayaHydra/hydraExtensions/CMakeFiles/mayaHydraLib.dir/sceneIndex/mayaHydraDefaultLightDataSource.cpp.o
[2023-12-22T03:53:01.168Z]     [112/129] Building CXX object test/lib/mayaUsd/render/mayaToHydra/cpp/CMakeFiles/mayaHydraCppTests.dir/testMayaSceneFlattening.cpp.o
[2023-12-22T03:53:01.168Z]     [113/129] Building CXX object test/lib/mayaUsd/render/mayaToHydra/cpp/CMakeFiles/mayaHydraCppTests.dir/testMayaUsdUfeItems.cpp.o
[2023-12-22T03:53:02.338Z]     [114/129] Building CXX object test/lib/mayaUsd/render/mayaToHydra/cpp/CMakeFiles/mayaHydraCppTests.dir/testFvpViewportInformationMultipleViewports.cpp.o
[2023-12-22T03:53:02.338Z]     [115/129] Building CXX object test/lib/mayaUsd/render/mayaToHydra/cpp/CMakeFiles/mayaHydraCppTests.dir/testSelectionSceneIndex.cpp.o
[2023-12-22T03:53:02.895Z]     [116/129] Building CXX object test/lib/mayaUsd/render/mayaToHydra/cpp/CMakeFiles/mayaHydraCppTests.dir/testWireframeSelectionHighlightSceneIndex.cpp.o
[2023-12-22T03:53:02.895Z]     [117/129] Building CXX object test/lib/mayaUsd/render/mayaToHydra/cpp/CMakeFiles/mayaHydraCppTests.dir/testFvpViewportInformationRendererSwitching.cpp.o
[2023-12-22T03:53:04.020Z]     [118/129] Linking CXX shared library lib/mayaHydra/hydraExtensions/libmayaHydraLib.dylib
[2023-12-22T03:53:04.020Z]     [119/129] Building CXX object test/lib/mayaUsd/render/mayaToHydra/cpp/CMakeFiles/mayaHydraCppTests.dir/testFlowViewportAPIAddPrims.cpp.o
[2023-12-22T03:53:04.020Z]     [120/129] Linking CXX shared library plugin/mayaHydraSceneBrowser/mayaHydraSceneBrowser.bundle
[2023-12-22T03:53:04.020Z]     [121/129] Linking CXX shared library plugin/mayaHydraSceneBrowserTest/mayaHydraSceneBrowserTest.bundle
[2023-12-22T03:53:04.557Z]     [122/129] Linking CXX shared library lib/mayaHydra/flowViewportAPIExamples/flowViewportAPIMayaLocator/flowViewportAPIMayaLocator.bundle
[2023-12-22T03:53:04.557Z]     [123/129] Linking CXX shared library lib/mayaHydra/mayaPlugin/mayaHydra.bundle
[2023-12-22T03:53:05.094Z]     [124/129] Building CXX object test/lib/mayaUsd/render/mayaToHydra/cpp/CMakeFiles/mayaHydraCppTests.dir/testMergingSceneIndex.cpp.o
[2023-12-22T03:53:05.630Z]     [125/129] Building CXX object test/lib/mayaUsd/render/mayaToHydra/cpp/CMakeFiles/mayaHydraCppTests.dir/testUsdStageLayerMuting.cpp.o
[2023-12-22T03:53:06.166Z]     [126/129] Building CXX object test/lib/mayaUsd/render/mayaToHydra/cpp/CMakeFiles/mayaHydraCppTests.dir/testMeshAdapterTransform.cpp.o
[2023-12-22T03:53:06.702Z]     [127/129] Building CXX object test/lib/mayaUsd/render/mayaToHydra/cpp/CMakeFiles/mayaHydraCppTests.dir/testFlowViewportAPIFilterPrims.cpp.o
[2023-12-22T03:53:06.702Z]     [128/129] Building CXX object test/lib/mayaUsd/render/mayaToHydra/cpp/CMakeFiles/mayaHydraCppTests.dir/testPrimInstancing.cpp.o
[2023-12-22T03:53:07.241Z]     [129/129] Linking CXX shared library test/lib/mayaUsd/render/mayaToHydra/cpp/mayaHydraCppTests.bundle
[2023-12-22T03:53:07.241Z]     
[2023-12-22T03:53:07.241Z]         Building with settings:
[2023-12-22T03:53:07.241Z]           Source directory          /Volumes/DATA/local/S/jenkins/workspace/ECP/ecg-maya-hydra/ecg-maya-hydra-branch-preflight-python3-osx/ecg-maya-hydra/maya-hydra
[2023-12-22T03:53:07.241Z]           Workspace directory       /local/S/jenkins/workspace/ECP/ecg-maya-hydra/ecg-maya-hydra-branch-preflight-python3-osx
[2023-12-22T03:53:07.241Z]           Build directory           /local/S/jenkins/workspace/ECP/ecg-maya-hydra/ecg-maya-hydra-branch-preflight-python3-osx/build/Debug
[2023-12-22T03:53:07.241Z]           Install directory         /local/S/jenkins/workspace/ECP/ecg-maya-hydra/ecg-maya-hydra-branch-preflight-python3-osx/install/Debug/MayaHydra
[2023-12-22T03:53:07.241Z]           Variant                   Debug
[2023-12-22T03:53:07.241Z]           Python Debug              Off
[2023-12-22T03:53:07.241Z]           CMake generator           Ninja
[2023-12-22T03:53:07.241Z]           Build arguments           ['-DCMAKE_MAKE_PROGRAM=/local/S/jenkins/workspace/shared/Artifactory/OSX/ninja/1.10.2/95d0ca5/ninja', '-DPYTHON_INCLUDE_DIR=/local/S/jenkins/workspace/shared/Artifactory/OSX/rundev-master-debug/202312201610/runtime/baf0e83/runTime/Maya.app/Contents/Frameworks/Python.framework/Versions/Current/include/python3.11', '-DPython_EXECUTABLE=/local/S/jenkins/workspace/shared/Artifactory/OSX/rundev-master-debug/202312201610/runtime/baf0e83/runTime/Maya.app/Contents/bin/mayapy', '-DPYTHON_LIBRARIES=/local/S/jenkins/workspace/shared/Artifactory/OSX/rundev-master-debug/202312201610/runtime/baf0e83/runTime/Maya.app/Contents/Frameworks/Python.framework/Versions/Current/lib/libpython3.11.dylib', '-DBUILD_WITH_PYTHON_3_VERSION=3.11', '-DBUILD_UB2=ON', '-DCMAKE_WANT_MATERIALX_BUILD=ON', '-DCMAKE_PREFIX_PATH=/local/S/jenkins/workspace/shared/Artifactory/OSX/USD/ca7f6ed', '-DMAYAHYDRA_BUILD_NUMBER=451', '-DMAYAHYDRA_GIT_COMMIT=d28fb4b56fac40ef6d07300f3ee35b40eff66adc', '-DMAYAHYDRA_GIT_BRANCH=master', '-DMAYAUSD_LOCATION=/local/S/jenkins/workspace/shared/Artifactory/OSX/mayausd-cotd-debug/202311222325/runtime/bd49faa/mayausd']
[2023-12-22T03:53:07.241Z]           Stages arguments          ['build']
[2023-12-22T03:53:07.241Z]           CTest arguments           ['--parallel 8']
[2023-12-22T03:53:07.241Z]     Success MayaHydra build and install !!!!
[2023-12-22T03:53:07.241Z]     Elapsed time: 00:01:15
[Pipeline] sh
[2023-12-22T03:53:08.828Z] + python ecg-maya-hydra/build.py --stages=build --workspace-dir=/local/S/jenkins/workspace/ECP/ecg-maya-hydra/ecg-maya-hydra-branch-preflight-python3-osx --artifactory-dir=/local/S/jenkins/workspace/shared/Artifactory --build-dir=/local/S/jenkins/workspace/ECP/ecg-maya-hydra/ecg-maya-hydra-branch-preflight-python3-osx/build --install-dir=/local/S/jenkins/workspace/ECP/ecg-maya-hydra/ecg-maya-hydra-branch-preflight-python3-osx/install --signing-dir=/local/S/jenkins/workspace/ECP/ecg-maya-hydra/ecg-maya-hydra-branch-preflight-python3-osx/signing --package-dir=/local/S/jenkins/workspace/ECP/ecg-maya-hydra/ecg-maya-hydra-branch-preflight-python3-osx/package --output-dir=/local/S/jenkins/workspace/ECP/ecg-maya-hydra/ecg-maya-hydra-branch-preflight-python3-osx/output --stash-dir=/local/S/jenkins/workspace/ECP/ecg-maya-hydra/ecg-maya-hydra-branch-preflight-python3-osx/stash --jenkins-build=451 --git-commit=d28fb4b56fac40ef6d07300f3ee35b40eff66adc --git-branch=master --variants=RelWithDebInfo --interactive-tests=true --post-zips=false --osx-binary-architecture-target=ub2 --osx-deployment-target=11.0 --osx-base-sdk=CurrentActiveSDK --build-retry=3 --maya-cut-config=maya-rundev-master.yaml --maya-package=rundev-master --stage-banner
[2023-12-22T03:53:08.828Z] Using Maya cut from /local/S/jenkins/workspace/shared/Artifactory/OSX/rundev-master/202312201610/runtime/d0a18d0
[2023-12-22T03:53:08.828Z] Using Maya ADSK Signatures from /local/S/jenkins/workspace/shared/Artifactory/OSX/adsk-plugin-signatures-maya/2023/3ae1ae7
[2023-12-22T03:53:08.828Z] Using Maya Security Library from /local/S/jenkins/workspace/shared/Artifactory/OSX/maya-security-library/3.4.0/5e08f3e
[2023-12-22T03:53:08.828Z] 
[2023-12-22T03:53:08.828Z] ================================================================================
[2023-12-22T03:53:08.828Z]                              build (RelWithDebInfo)
[2023-12-22T03:53:08.828Z] ================================================================================
[2023-12-22T03:53:08.828Z] Maya Python RelWithDebInfo Info:
[2023-12-22T03:53:08.828Z]   mayapy executable   = /local/S/jenkins/workspace/shared/Artifactory/OSX/rundev-master/202312201610/runtime/d0a18d0/runTime/Maya.app/Contents/bin/mayapy
[2023-12-22T03:53:08.828Z]   Include Folder      = /local/S/jenkins/workspace/shared/Artifactory/OSX/rundev-master/202312201610/runtime/d0a18d0/runTime/Maya.app/Contents/Frameworks/Python.framework/Versions/Current/include/python3.11
[2023-12-22T03:53:08.828Z]   Library             = /local/S/jenkins/workspace/shared/Artifactory/OSX/rundev-master/202312201610/runtime/d0a18d0/runTime/Maya.app/Contents/Frameworks/Python.framework/Versions/Current/lib/libpython3.11.dylib
[2023-12-22T03:53:08.828Z]   site-package Folder = /local/S/jenkins/workspace/shared/Artifactory/OSX/rundev-master/202312201610/runtime/d0a18d0/runTime/Maya.app/Contents/Frameworks/Python.framework/Versions/Current/lib/python3.11/site-packages
[2023-12-22T03:53:09.376Z] In workdir: /Volumes/DATA/local/S/jenkins/workspace/ECP/ecg-maya-hydra/ecg-maya-hydra-branch-preflight-python3-osx/ecg-maya-hydra/maya-hydra
[2023-12-22T03:53:09.376Z] Executing: arch -arch arm64 /local/S/jenkins/workspace/shared/Artifactory/OSX/rundev-master/202312201610/runtime/d0a18d0/runTime/Maya.app/Contents/bin/mayapy /Volumes/DATA/local/S/jenkins/workspace/ECP/ecg-maya-hydra/ecg-maya-hydra-branch-preflight-python3-osx/ecg-maya-hydra/maya-hydra/build.py --generator Ninja --build-relwithdebug --maya-location /local/S/jenkins/workspace/shared/Artifactory/OSX/rundev-master/202312201610/runtime/d0a18d0/runTime --devkit-location /local/S/jenkins/workspace/shared/Artifactory/OSX/rundev-master/202312201610/runtime/d0a18d0/devkitBase --pxrusd-location /local/S/jenkins/workspace/shared/Artifactory/OSX/USD/8270819 --build-args=-DCMAKE_MAKE_PROGRAM=/local/S/jenkins/workspace/shared/Artifactory/OSX/ninja/1.10.2/95d0ca5/ninja,-DPYTHON_INCLUDE_DIR=/local/S/jenkins/workspace/shared/Artifactory/OSX/rundev-master/202312201610/runtime/d0a18d0/runTime/Maya.app/Contents/Frameworks/Python.framework/Versions/Current/include/python3.11,-DPython_EXECUTABLE=/local/S/jenkins/workspace/shared/Artifactory/OSX/rundev-master/202312201610/runtime/d0a18d0/runTime/Maya.app/Contents/bin/mayapy,-DPYTHON_LIBRARIES=/local/S/jenkins/workspace/shared/Artifactory/OSX/rundev-master/202312201610/runtime/d0a18d0/runTime/Maya.app/Contents/Frameworks/Python.framework/Versions/Current/lib/libpython3.11.dylib,-DBUILD_WITH_PYTHON_3_VERSION=3.11,-DBUILD_UB2=ON,-DCMAKE_WANT_MATERIALX_BUILD=ON,-DCMAKE_PREFIX_PATH=/local/S/jenkins/workspace/shared/Artifactory/OSX/USD/8270819,-DMAYAHYDRA_BUILD_NUMBER=451,-DMAYAHYDRA_GIT_COMMIT=d28fb4b56fac40ef6d07300f3ee35b40eff66adc,-DMAYAHYDRA_GIT_BRANCH=master,-DMAYAUSD_LOCATION=/local/S/jenkins/workspace/shared/Artifactory/OSX/mayausd-cotd/202311202320/runtime/a0893a4/mayausd '--ctest-args=--parallel 8' --stages=build --redirect-outstream-file=False --install-location /local/S/jenkins/workspace/ECP/ecg-maya-hydra/ecg-maya-hydra-branch-preflight-python3-osx/install/RelWithDebInfo/MayaHydra /local/S/jenkins/workspace/ECP/ecg-maya-hydra/ecg-maya-hydra-branch-preflight-python3-osx
[2023-12-22T03:53:09.376Z] Modified environment variables:
[2023-12-22T03:53:09.376Z]     PATH=/local/S/jenkins/workspace/shared/Artifactory/OSX/cmake/3.20.3/2594509/bin:/opt/homebrew/bin:/usr/local/bin:/bin:/usr/sbin:/sbin:/usr/bin:/usr/bin:/bin:/usr/sbin:/sbin
[2023-12-22T03:53:10.543Z]     [1/129] Building CXX object lib/mayaHydra/mayaPlugin/CMakeFiles/mayaHydra.dir/pluginDebugCodes.cpp.o
[2023-12-22T03:53:10.543Z]     [2/129] Building CXX object lib/mayaHydra/mayaPlugin/CMakeFiles/mayaHydra.dir/colorNotFoundException.cpp.o
[2023-12-22T03:53:10.543Z]     [3/129] Building CXX object lib/mayaHydra/mayaPlugin/CMakeFiles/mayaHydra.dir/tokens.cpp.o
[2023-12-22T03:53:11.100Z]     [4/129] Building CXX object lib/mayaHydra/hydraExtensions/CMakeFiles/mayaHydraLib.dir/debugCodes.cpp.o
[2023-12-22T03:53:11.646Z]     [5/129] Building CXX object lib/mayaHydra/mayaPlugin/CMakeFiles/mayaHydra.dir/mayaColorPreferencesTranslator.cpp.o
[2023-12-22T03:53:12.802Z]     [6/129] Building CXX object lib/mayaHydra/hydraExtensions/CMakeFiles/mayaHydraLib.dir/mayaUtils.cpp.o
[2023-12-22T03:53:12.802Z]     [7/129] Building CXX object lib/mayaHydra/hydraExtensions/CMakeFiles/mayaHydraLib.dir/mhBuildInfo.cpp.o
[2023-12-22T03:53:15.510Z]     [8/129] Building CXX object lib/mayaHydra/hydraExtensions/CMakeFiles/mayaHydraLib.dir/mayaHydraLibInterfaceImp.cpp.o
[2023-12-22T03:53:15.510Z]     [9/129] Building CXX object lib/mayaHydra/mayaPlugin/CMakeFiles/mayaHydra.dir/pluginUtils.cpp.o
[2023-12-22T03:53:16.066Z]     [10/129] Building CXX object lib/mayaHydra/hydraExtensions/CMakeFiles/mayaHydraLib.dir/hydraUtils.cpp.o
[2023-12-22T03:53:16.632Z]     [11/129] Building CXX object lib/mayaHydra/mayaPlugin/CMakeFiles/mayaHydra.dir/plugin.cpp.o
[2023-12-22T03:53:16.632Z]     [12/129] Building CXX object lib/mayaHydra/hydraExtensions/CMakeFiles/mayaHydraLib.dir/mixedUtils.cpp.o
[2023-12-22T03:53:17.213Z]     [13/129] Building CXX object lib/mayaHydra/hydraExtensions/CMakeFiles/mayaHydraLib.dir/adapters/adapterDebugCodes.cpp.o
[2023-12-22T03:53:17.770Z]     [14/129] Building CXX object lib/mayaHydra/mayaPlugin/CMakeFiles/mayaHydra.dir/viewCommand.cpp.o
[2023-12-22T03:53:22.133Z]     [15/129] Building CXX object lib/mayaHydra/mayaPlugin/CMakeFiles/mayaHydra.dir/renderOverride.cpp.o
[2023-12-22T03:53:22.680Z]     [16/129] Building CXX object lib/mayaHydra/hydraExtensions/CMakeFiles/mayaHydraLib.dir/adapters/adapter.cpp.o
[2023-12-22T03:53:23.329Z]     [17/129] Building CXX object lib/mayaHydra/mayaPlugin/CMakeFiles/mayaHydra.dir/renderGlobals.cpp.o
[2023-12-22T03:53:24.513Z]     [18/129] Building CXX object lib/mayaHydra/hydraExtensions/CMakeFiles/mayaHydraLib.dir/adapters/areaLightAdapter.cpp.o
[2023-12-22T03:53:25.080Z]     [19/129] Building CXX object lib/mayaHydra/hydraExtensions/CMakeFiles/mayaHydraLib.dir/adapters/adapterRegistry.cpp.o
[2023-12-22T03:53:25.656Z]     [20/129] Building CXX object lib/mayaHydra/hydraExtensions/CMakeFiles/mayaHydraLib.dir/adapters/aiSkydomeLightAdapter.cpp.o
[2023-12-22T03:53:25.656Z]     [21/129] Building CXX object lib/mayaHydra/hydraExtensions/CMakeFiles/mayaHydraLib.dir/adapters/cameraAdapter.cpp.o
[2023-12-22T03:53:26.227Z]     [22/129] Building CXX object lib/mayaHydra/hydraExtensions/CMakeFiles/mayaHydraLib.dir/mayaHydraSceneProducer.cpp.o
[2023-12-22T03:53:26.808Z]     [23/129] Building CXX object lib/mayaHydra/hydraExtensions/CMakeFiles/mayaHydraLib.dir/adapters/mayaAttrs.cpp.o
[2023-12-22T03:53:30.235Z]     [24/129] Building CXX object lib/mayaHydra/hydraExtensions/CMakeFiles/mayaHydraLib.dir/adapters/dagAdapter.cpp.o
[2023-12-22T03:53:31.419Z]     [25/129] Building CXX object lib/mayaHydra/hydraExtensions/CMakeFiles/mayaHydraLib.dir/adapters/lightAdapter.cpp.o
[2023-12-22T03:53:32.587Z]     [26/129] Building CXX object lib/mayaHydra/hydraExtensions/CMakeFiles/mayaHydraLib.dir/adapters/directionalLightAdapter.cpp.o
[2023-12-22T03:53:32.587Z]     [27/129] Building CXX object lib/mayaHydra/hydraExtensions/CMakeFiles/mayaHydraLib.dir/adapters/renderItemAdapter.cpp.o
[2023-12-22T03:53:34.445Z]     [28/129] Building CXX object lib/mayaHydra/hydraExtensions/CMakeFiles/mayaHydraLib.dir/adapters/tokens.cpp.o
[2023-12-22T03:53:35.012Z]     [29/129] Building CXX object lib/mayaHydra/hydraExtensions/CMakeFiles/mayaHydraLib.dir/adapters/materialAdapter.cpp.o
[2023-12-22T03:53:35.589Z]     [30/129] Building CXX object lib/mayaHydra/hydraExtensions/CMakeFiles/mayaHydraLib.dir/adapters/nurbsCurveAdapter.cpp.o
[2023-12-22T03:53:36.161Z]     [31/129] Building CXX object lib/mayaHydra/hydraExtensions/CMakeFiles/mayaHydraLib.dir/adapters/meshAdapter.cpp.o
[2023-12-22T03:53:36.717Z]     [32/129] Building CXX object lib/mayaHydra/hydraExtensions/CMakeFiles/mayaHydraLib.dir/delegates/delegateDebugCodes.cpp.o
[2023-12-22T03:53:38.112Z]     [33/129] Building CXX object lib/mayaHydra/hydraExtensions/CMakeFiles/mayaHydraLib.dir/adapters/shapeAdapter.cpp.o
[2023-12-22T03:53:38.112Z]     [34/129] Building CXX object lib/mayaHydra/hydraExtensions/CMakeFiles/mayaHydraLib.dir/adapters/pointLightAdapter.cpp.o
[2023-12-22T03:53:39.294Z]     [35/129] Building CXX object lib/mayaHydra/hydraExtensions/CMakeFiles/mayaHydraLib.dir/adapters/materialNetworkConverter.cpp.o
[2023-12-22T03:53:40.476Z]     [36/129] Building CXX object lib/mayaHydra/hydraExtensions/CMakeFiles/mayaHydraLib.dir/delegates/delegate.cpp.o
[2023-12-22T03:53:40.476Z]     [37/129] Building CXX object lib/mayaHydra/hydraExtensions/CMakeFiles/mayaHydraLib.dir/adapters/spotLightAdapter.cpp.o
[2023-12-22T03:53:41.652Z]     [38/129] Building CXX object lib/mayaHydra/hydraExtensions/CMakeFiles/mayaHydraLib.dir/delegates/delegateCtx.cpp.o
[2023-12-22T03:53:43.508Z]     [39/129] Building CXX object lib/mayaHydra/hydraExtensions/CMakeFiles/mayaHydraLib.dir/delegates/delegateRegistry.cpp.o
[2023-12-22T03:53:45.393Z]     [40/129] Building CXX object lib/mayaHydra/hydraExtensions/CMakeFiles/mayaHydraLib.dir/sceneIndex/mayaHydraMayaDataProducerSceneIndexData.cpp.o
[2023-12-22T03:53:45.958Z]     [41/129] Building CXX object lib/mayaHydra/hydraExtensions/CMakeFiles/mayaHydraLib.dir/sceneIndex/registration.cpp.o
[2023-12-22T03:53:49.390Z]     [42/129] Building CXX object lib/mayaHydra/hydraExtensions/CMakeFiles/mayaHydraLib.dir/delegates/defaultLightDelegate.cpp.o
[2023-12-22T03:53:49.390Z]     [43/129] Building CXX object lib/mayaHydra/hydraExtensions/CMakeFiles/mayaHydraLib.dir/delegates/testDelegate.cpp.o
[2023-12-22T03:53:49.985Z]     [44/129] Building CXX object lib/mayaHydra/hydraExtensions/CMakeFiles/mayaHydraLib.dir/sceneIndex/mayaHydraPrimvarDataSource.cpp.o
[2023-12-22T03:53:52.558Z]     [45/129] Building CXX object lib/mayaHydra/hydraExtensions/CMakeFiles/mayaHydraLib.dir/delegates/sceneDelegate.cpp.o
[2023-12-22T03:53:52.558Z]     [46/129] Building CXX object lib/mayaHydra/hydraExtensions/CMakeFiles/mayaHydraLib.dir/sceneIndex/mayaHydraDataSource.cpp.o
[2023-12-22T03:53:52.558Z]     [47/129] Building CXX object lib/mayaHydra/hydraExtensions/CMakeFiles/mayaHydraLib.dir/sceneIndex/mayaHydraMayaFilteringSceneIndexDataConcreteFactory.cpp.o
[2023-12-22T03:53:53.127Z]     [48/129] Building CXX object lib/mayaHydra/hydraExtensions/CMakeFiles/mayaHydraLib.dir/sceneIndex/mayaHydraDisplayStyleDataSource.cpp.o
[2023-12-22T03:53:53.693Z]     [49/129] Building CXX object lib/mayaHydra/hydraExtensions/CMakeFiles/mayaHydraLib.dir/sceneIndex/mayaHydraCameraDataSource.cpp.o
[2023-12-22T03:53:55.750Z]     [50/129] Building CXX object test/lib/mayaUsd/render/mayaToHydra/cpp/CMakeFiles/mayaHydraCppTests.dir/mayaHydraCppTestsCmd.cpp.o
[2023-12-22T03:53:55.750Z]     [51/129] Building CXX object lib/mayaHydra/hydraExtensions/CMakeFiles/mayaHydraLib.dir/sceneIndex/mayaHydraLightDataSource.cpp.o
[2023-12-22T03:53:55.750Z]     [52/129] Building CXX object lib/mayaHydra/hydraExtensions/CMakeFiles/mayaHydraLib.dir/sceneIndex/mayaHydraSceneIndex.cpp.o
[2023-12-22T03:53:56.301Z]     [53/129] Building CXX object lib/mayaHydra/hydraExtensions/CMakeFiles/mayaHydraLib.dir/sceneIndex/mayaHydraMayaDataProducerSceneIndexDataConcreteFactory.cpp.o
[2023-12-22T03:53:56.301Z]     [54/129] Building CXX object lib/mayaHydra/hydraExtensions/CMakeFiles/mayaHydraLib.dir/sceneIndex/mayaHydraSceneIndexDataFactoriesSetup.cpp.o
[2023-12-22T03:53:56.301Z]     [55/129] Building CXX object lib/mayaHydra/hydraExtensions/CMakeFiles/mayaHydraLib.dir/sceneIndex/mayaHydraMayaFilteringSceneIndexData.cpp.o
[2023-12-22T03:53:57.467Z]     [56/129] Building CXX object test/lib/mayaUsd/render/mayaToHydra/cpp/CMakeFiles/mayaHydraCppTests.dir/testCppFramework.cpp.o
[2023-12-22T03:53:58.648Z]     [57/129] Building CXX object test/lib/mayaUsd/render/mayaToHydra/cpp/CMakeFiles/mayaHydraCppTests.dir/testUtils.cpp.o
[2023-12-22T03:53:58.648Z]     [58/129] Building CXX object lib/mayaHydra/hydraExtensions/CMakeFiles/mayaHydraLib.dir/sceneIndex/mayaHydraDefaultLightDataSource.cpp.o
[2023-12-22T03:53:59.209Z]     [59/129] Building CXX object test/lib/mayaUsd/render/mayaToHydra/cpp/CMakeFiles/mayaHydraCppTests.dir/testColorPreferences.cpp.o
[2023-12-22T03:54:01.905Z]     [60/129] Building CXX object test/lib/mayaUsd/render/mayaToHydra/cpp/CMakeFiles/mayaHydraCppTests.dir/testMayaSceneFlattening.cpp.o
[2023-12-22T03:54:01.905Z]     [61/129] Building CXX object test/lib/mayaUsd/render/mayaToHydra/cpp/CMakeFiles/mayaHydraCppTests.dir/testMayaUsdUfeItems.cpp.o
[2023-12-22T03:54:03.774Z]     [62/129] Building CXX object test/lib/mayaUsd/render/mayaToHydra/cpp/CMakeFiles/mayaHydraCppTests.dir/testFvpViewportInformationMultipleViewports.cpp.o
[2023-12-22T03:54:03.774Z]     [63/129] Building CXX object test/lib/mayaUsd/render/mayaToHydra/cpp/CMakeFiles/mayaHydraCppTests.dir/testWireframeSelectionHighlightSceneIndex.cpp.o
[2023-12-22T03:54:03.774Z]     [64/129] Building CXX object test/lib/mayaUsd/render/mayaToHydra/cpp/CMakeFiles/mayaHydraCppTests.dir/testSelectionSceneIndex.cpp.o
[2023-12-22T03:54:03.774Z]     [65/129] Building CXX object test/lib/mayaUsd/render/mayaToHydra/cpp/CMakeFiles/mayaHydraCppTests.dir/testFvpViewportInformationRendererSwitching.cpp.o
[2023-12-22T03:54:04.334Z]     [66/129] Building CXX object lib/flowViewport/CMakeFiles/flowViewport.dir/selection/fvpSelectionFwd.cpp.o
[2023-12-22T03:54:04.884Z]     [67/129] Building CXX object test/lib/mayaUsd/render/mayaToHydra/cpp/CMakeFiles/mayaHydraCppTests.dir/testFlowViewportAPIAddPrims.cpp.o
[2023-12-22T03:54:04.884Z]     [68/129] Building CXX object test/lib/mayaUsd/render/mayaToHydra/cpp/CMakeFiles/mayaHydraCppTests.dir/testMergingSceneIndex.cpp.o
[2023-12-22T03:54:06.745Z]     [69/129] Building CXX object test/lib/mayaUsd/render/mayaToHydra/cpp/CMakeFiles/mayaHydraCppTests.dir/testUsdStageLayerMuting.cpp.o
[2023-12-22T03:54:07.294Z]     [70/129] Building CXX object lib/mayaHydra/ufeExtensions/CMakeFiles/ufeExtensions.dir/Global.cpp.o
[2023-12-22T03:54:07.294Z]     [71/129] Linking CXX shared library lib/mayaHydra/ufeExtensions/libufeExtensions.dylib
[2023-12-22T03:54:07.859Z]     [72/129] Building CXX object test/lib/mayaUsd/render/mayaToHydra/cpp/CMakeFiles/mayaHydraCppTests.dir/testMeshAdapterTransform.cpp.o
[2023-12-22T03:54:07.859Z]     [73/129] Building CXX object lib/flowViewport/CMakeFiles/flowViewport.dir/debugCodes.cpp.o
[2023-12-22T03:54:08.423Z]     [74/129] Building CXX object lib/flowViewport/CMakeFiles/flowViewport.dir/selection/fvpSelection.cpp.o
[2023-12-22T03:54:08.985Z]     [75/129] Building CXX object lib/flowViewport/CMakeFiles/flowViewport.dir/tokens.cpp.o
[2023-12-22T03:54:08.985Z]     [76/129] Building CXX object lib/flowViewport/CMakeFiles/flowViewport.dir/global.cpp.o
[2023-12-22T03:54:09.549Z]     [77/129] Building CXX object lib/flowViewport/CMakeFiles/flowViewport.dir/colorPreferences/fvpColorChanged.cpp.o
[2023-12-22T03:54:09.549Z]     [78/129] Building CXX object test/lib/mayaUsd/render/mayaToHydra/cpp/CMakeFiles/mayaHydraCppTests.dir/testFlowViewportAPIFilterPrims.cpp.o
[2023-12-22T03:54:09.549Z]     [79/129] Building CXX object lib/flowViewport/CMakeFiles/flowViewport.dir/selection/fvpSelectionTracker.cpp.o
[2023-12-22T03:54:09.549Z]     [80/129] Building CXX object lib/flowViewport/CMakeFiles/flowViewport.dir/sceneIndex/fvpPathInterface.cpp.o
[2023-12-22T03:54:09.549Z]     [81/129] Building CXX object lib/flowViewport/CMakeFiles/flowViewport.dir/selection/fvpSelectionTask.cpp.o
[2023-12-22T03:54:10.108Z]     [82/129] Building CXX object test/lib/mayaUsd/render/mayaToHydra/cpp/CMakeFiles/mayaHydraCppTests.dir/testPrimInstancing.cpp.o
[2023-12-22T03:54:10.108Z]     [83/129] Building CXX object lib/flowViewport/CMakeFiles/flowViewport.dir/colorPreferences/fvpColorPreferencesTokens.cpp.o
[2023-12-22T03:54:10.108Z]     [84/129] Building CXX object lib/flowViewport/CMakeFiles/flowViewport.dir/colorPreferences/fvpColorPreferences.cpp.o
[2023-12-22T03:54:11.487Z]     [85/129] Building CXX object lib/mayaHydra/flowViewportAPIExamples/flowViewportAPIMayaLocator/CMakeFiles/flowViewportAPIMayaLocator.dir/flowViewportAPIMayaLocator.cpp.o
[2023-12-22T03:54:12.050Z]     [86/129] Building CXX object lib/flowViewport/CMakeFiles/flowViewport.dir/API/interfacesImp/fvpVersionInterfaceImp.cpp.o
[2023-12-22T03:54:12.050Z]     [87/129] Building CXX object lib/flowViewport/CMakeFiles/flowViewport.dir/API/interfacesImp/fvpSelectionInterfaceImp.cpp.o
[2023-12-22T03:54:13.230Z]     [88/129] Building CXX object lib/flowViewport/CMakeFiles/flowViewport.dir/sceneIndex/fvpPathInterfaceSceneIndex.cpp.o
[2023-12-22T03:54:13.230Z]     [89/129] Building CXX object lib/flowViewport/CMakeFiles/flowViewport.dir/API/samples/fvpSelectionClientExample.cpp.o
[2023-12-22T03:54:13.230Z]     [90/129] Building CXX object lib/flowViewport/CMakeFiles/flowViewport.dir/sceneIndex/fvpMergingSceneIndex.cpp.o
[2023-12-22T03:54:14.383Z]     [91/129] Building CXX object lib/flowViewport/CMakeFiles/flowViewport.dir/sceneIndex/fvpParentDataModifierSceneIndex.cpp.o
[2023-12-22T03:54:14.383Z]     [92/129] Building CXX object lib/flowViewport/CMakeFiles/flowViewport.dir/sceneIndex/fvpSelectionSceneIndex.cpp.o
[2023-12-22T03:54:14.948Z]     [93/129] Building CXX object lib/flowViewport/CMakeFiles/flowViewport.dir/sceneIndex/fvpRenderIndexProxy.cpp.o
[2023-12-22T03:54:15.512Z]     [94/129] Building CXX object lib/flowViewport/CMakeFiles/flowViewport.dir/sceneIndex/fvpWireframeSelectionHighlightSceneIndex.cpp.o
[2023-12-22T03:54:16.076Z]     [95/129] Building CXX object lib/flowViewport/CMakeFiles/flowViewport.dir/API/interfacesImp/fvpInformationInterfaceImp.cpp.o
[2023-12-22T03:54:16.641Z]     [96/129] Building CXX object lib/flowViewport/CMakeFiles/flowViewport.dir/API/samples/fvpInformationClientExample.cpp.o
[2023-12-22T03:54:17.206Z]     [97/129] Building CXX object lib/flowViewport/CMakeFiles/flowViewport.dir/API/interfacesImp/fvpFilteringSceneIndexInterfaceImp.cpp.o
[2023-12-22T03:54:18.366Z]     [98/129] Building CXX object lib/flowViewport/CMakeFiles/flowViewport.dir/API/interfacesImp/fvpDataProducerSceneIndexInterfaceImp.cpp.o
[2023-12-22T03:54:18.366Z]     [99/129] Building CXX object lib/flowViewport/CMakeFiles/flowViewport.dir/API/samples/fvpFilteringSceneIndexExample.cpp.o
[2023-12-22T03:54:19.517Z]     [100/129] Building CXX object lib/flowViewport/CMakeFiles/flowViewport.dir/API/samples/fvpFilteringSceneIndexClientExample.cpp.o
[2023-12-22T03:54:20.056Z]     [101/129] Building CXX object lib/flowViewport/CMakeFiles/flowViewport.dir/API/perViewportSceneIndicesData/fvpViewportInformationAndSceneIndicesPerViewportData.cpp.o
[2023-12-22T03:54:20.056Z]     [102/129] Building CXX object lib/flowViewport/CMakeFiles/flowViewport.dir/API/perViewportSceneIndicesData/fvpViewportAPITokens.cpp.o
[2023-12-22T03:54:21.182Z]     [103/129] Building CXX object lib/flowViewport/CMakeFiles/flowViewport.dir/API/perViewportSceneIndicesData/fvpFilteringSceneIndexDataBase.cpp.o
[2023-12-22T03:54:22.317Z]     [104/129] Building CXX object lib/flowViewport/CMakeFiles/flowViewport.dir/API/perViewportSceneIndicesData/fvpViewportInformationAndSceneIndicesPerViewportDataManager.cpp.o
[2023-12-22T03:54:22.888Z]     [105/129] Automatic MOC for target adskHydraSceneBrowser
[2023-12-22T03:54:23.451Z]     [106/129] Building CXX object lib/flowViewport/CMakeFiles/flowViewport.dir/API/perViewportSceneIndicesData/fvpDataProducerSceneIndexDataBase.cpp.o
[2023-12-22T03:54:24.013Z]     [107/129] Building CXX object lib/flowViewport/CMakeFiles/flowViewport.dir/API/perViewportSceneIndicesData/fvpFilteringSceneIndicesChainManager.cpp.o
[2023-12-22T03:54:24.575Z]     [108/129] Building CXX object lib/flowViewport/CMakeFiles/flowViewport.dir/API/samples/fvpDataProducerSceneIndexExample.cpp.o
[2023-12-22T03:54:24.575Z]     [109/129] Linking CXX shared library lib/flowViewport/libflowViewport.dylib
[2023-12-22T03:54:25.124Z]     [110/129] Linking CXX shared library lib/mayaHydra/hydraExtensions/libmayaHydraLib.dylib
[2023-12-22T03:54:25.682Z]     [111/129] Linking CXX shared library test/lib/mayaUsd/render/mayaToHydra/cpp/mayaHydraCppTests.bundle
[2023-12-22T03:54:25.682Z]     [112/129] Linking CXX shared library lib/mayaHydra/mayaPlugin/mayaHydra.bundle
[2023-12-22T03:54:26.507Z]     [113/129] Linking CXX shared library lib/mayaHydra/flowViewportAPIExamples/flowViewportAPIMayaLocator/flowViewportAPIMayaLocator.bundle
[2023-12-22T03:54:27.664Z]     [114/129] Building CXX object lib/adskHydraSceneBrowser/lib/CMakeFiles/adskHydraSceneBrowser.dir/src/patch/registeredSceneIndexChooser.cpp.o
[2023-12-22T03:54:28.818Z]     [115/129] Building CXX object lib/adskHydraSceneBrowser/lib/CMakeFiles/adskHydraSceneBrowser.dir/src/patch/sceneIndexDebuggerWidget.cpp.o
[2023-12-22T03:54:28.818Z]     [116/129] Building CXX object lib/adskHydraSceneBrowser/lib/CMakeFiles/adskHydraSceneBrowser.dir/adskHydraSceneBrowser_autogen/mocs_compilation.cpp.o
[2023-12-22T03:54:29.365Z]     [117/129] Building CXX object lib/adskHydraSceneBrowser/lib/CMakeFiles/adskHydraSceneBrowser.dir/src/patch/dataSourceValueTreeView.cpp.o
[2023-12-22T03:54:29.365Z]     [118/129] Building CXX object lib/adskHydraSceneBrowser/lib/CMakeFiles/adskHydraSceneBrowser.dir/src/patch/sceneIndexObserverLoggingWidget.cpp.o
[2023-12-22T03:54:29.903Z]     [119/129] Building CXX object lib/adskHydraSceneBrowser/lib/CMakeFiles/adskHydraSceneBrowser.dir/src/patch/sceneIndexObserverLoggingTreeView.cpp.o
[2023-12-22T03:54:30.440Z]     [120/129] Building CXX object lib/adskHydraSceneBrowser/lib/CMakeFiles/adskHydraSceneBrowser.dir/src/patch/dataSourceTreeWidget.cpp.o
[2023-12-22T03:54:32.213Z]     [121/129] Building CXX object plugin/mayaHydraSceneBrowserTest/CMakeFiles/mayaHydraSceneBrowserTest.dir/mayaHydraSceneBrowserTestCmd.cpp.o
[2023-12-22T03:54:32.213Z]     [122/129] Building CXX object lib/adskHydraSceneBrowser/lib/CMakeFiles/adskHydraSceneBrowser.dir/src/patch/sceneIndexTreeWidget.cpp.o
[2023-12-22T03:54:32.749Z]     [123/129] Linking CXX shared library lib/adskHydraSceneBrowser/lib/libadskHydraSceneBrowser.dylib
[2023-12-22T03:54:33.286Z]     [124/129] Building CXX object plugin/mayaHydraSceneBrowser/CMakeFiles/mayaHydraSceneBrowser.dir/mayaHydraSceneBrowser.cpp.o
[2023-12-22T03:54:33.286Z]     [125/129] Linking CXX shared library plugin/mayaHydraSceneBrowser/mayaHydraSceneBrowser.bundle
[2023-12-22T03:54:33.822Z]     [126/129] Building CXX object lib/adskHydraSceneBrowser/test/CMakeFiles/adskHydraSceneBrowserTesting.dir/adskHydraSceneBrowserTesting.cpp.o
[2023-12-22T03:54:37.111Z]     [127/129] Building CXX object lib/adskHydraSceneBrowser/test/CMakeFiles/adskHydraSceneBrowserTesting.dir/adskHydraSceneBrowserTestFixture.cpp.o
[2023-12-22T03:54:37.111Z]     [128/129] Linking CXX shared library lib/adskHydraSceneBrowser/test/libadskHydraSceneBrowserTesting.dylib
[2023-12-22T03:54:37.111Z]     [129/129] Linking CXX shared library plugin/mayaHydraSceneBrowserTest/mayaHydraSceneBrowserTest.bundle
[2023-12-22T03:54:37.111Z]     
[2023-12-22T03:54:37.111Z]         Building with settings:
[2023-12-22T03:54:37.111Z]           Source directory          /Volumes/DATA/local/S/jenkins/workspace/ECP/ecg-maya-hydra/ecg-maya-hydra-branch-preflight-python3-osx/ecg-maya-hydra/maya-hydra
[2023-12-22T03:54:37.111Z]           Workspace directory       /local/S/jenkins/workspace/ECP/ecg-maya-hydra/ecg-maya-hydra-branch-preflight-python3-osx
[2023-12-22T03:54:37.111Z]           Build directory           /local/S/jenkins/workspace/ECP/ecg-maya-hydra/ecg-maya-hydra-branch-preflight-python3-osx/build/RelWithDebInfo
[2023-12-22T03:54:37.111Z]           Install directory         /local/S/jenkins/workspace/ECP/ecg-maya-hydra/ecg-maya-hydra-branch-preflight-python3-osx/install/RelWithDebInfo/MayaHydra
[2023-12-22T03:54:37.111Z]           Variant                   RelWithDebInfo
[2023-12-22T03:54:37.111Z]           Python Debug              Off
[2023-12-22T03:54:37.111Z]           CMake generator           Ninja
[2023-12-22T03:54:37.111Z]           Build arguments           ['-DCMAKE_MAKE_PROGRAM=/local/S/jenkins/workspace/shared/Artifactory/OSX/ninja/1.10.2/95d0ca5/ninja', '-DPYTHON_INCLUDE_DIR=/local/S/jenkins/workspace/shared/Artifactory/OSX/rundev-master/202312201610/runtime/d0a18d0/runTime/Maya.app/Contents/Frameworks/Python.framework/Versions/Current/include/python3.11', '-DPython_EXECUTABLE=/local/S/jenkins/workspace/shared/Artifactory/OSX/rundev-master/202312201610/runtime/d0a18d0/runTime/Maya.app/Contents/bin/mayapy', '-DPYTHON_LIBRARIES=/local/S/jenkins/workspace/shared/Artifactory/OSX/rundev-master/202312201610/runtime/d0a18d0/runTime/Maya.app/Contents/Frameworks/Python.framework/Versions/Current/lib/libpython3.11.dylib', '-DBUILD_WITH_PYTHON_3_VERSION=3.11', '-DBUILD_UB2=ON', '-DCMAKE_WANT_MATERIALX_BUILD=ON', '-DCMAKE_PREFIX_PATH=/local/S/jenkins/workspace/shared/Artifactory/OSX/USD/8270819', '-DMAYAHYDRA_BUILD_NUMBER=451', '-DMAYAHYDRA_GIT_COMMIT=d28fb4b56fac40ef6d07300f3ee35b40eff66adc', '-DMAYAHYDRA_GIT_BRANCH=master', '-DMAYAUSD_LOCATION=/local/S/jenkins/workspace/shared/Artifactory/OSX/mayausd-cotd/202311202320/runtime/a0893a4/mayausd']
[2023-12-22T03:54:37.111Z]           Stages arguments          ['build']
[2023-12-22T03:54:37.111Z]           CTest arguments           ['--parallel 8']
[2023-12-22T03:54:37.111Z]     Success MayaHydra build and install !!!!
[2023-12-22T03:54:37.111Z]     Elapsed time: 00:01:28
[Pipeline] }
[Pipeline] // withEnv
[Pipeline] }
[Pipeline] // timeout
[Pipeline] }
[Pipeline] // stage
[Pipeline] }
[Pipeline] // timestamps
[Pipeline] timestamps
[Pipeline] {
[Pipeline] stage
[Pipeline] { (Install)
[Pipeline] timeout
[2023-12-22T03:54:37.453Z] Timeout set to expire in 6 hr 0 min
[Pipeline] {
[Pipeline] withEnv
[Pipeline] {
[Pipeline] sh
[2023-12-22T03:54:38.572Z] + python ecg-maya-hydra/build.py --stages=install --workspace-dir=/local/S/jenkins/workspace/ECP/ecg-maya-hydra/ecg-maya-hydra-branch-preflight-python3-osx --artifactory-dir=/local/S/jenkins/workspace/shared/Artifactory --build-dir=/local/S/jenkins/workspace/ECP/ecg-maya-hydra/ecg-maya-hydra-branch-preflight-python3-osx/build --install-dir=/local/S/jenkins/workspace/ECP/ecg-maya-hydra/ecg-maya-hydra-branch-preflight-python3-osx/install --signing-dir=/local/S/jenkins/workspace/ECP/ecg-maya-hydra/ecg-maya-hydra-branch-preflight-python3-osx/signing --package-dir=/local/S/jenkins/workspace/ECP/ecg-maya-hydra/ecg-maya-hydra-branch-preflight-python3-osx/package --output-dir=/local/S/jenkins/workspace/ECP/ecg-maya-hydra/ecg-maya-hydra-branch-preflight-python3-osx/output --stash-dir=/local/S/jenkins/workspace/ECP/ecg-maya-hydra/ecg-maya-hydra-branch-preflight-python3-osx/stash --jenkins-build=451 --git-commit=d28fb4b56fac40ef6d07300f3ee35b40eff66adc --git-branch=master --variants=Debug --interactive-tests=true --post-zips=false --osx-binary-architecture-target=ub2 --osx-deployment-target=11.0 --osx-base-sdk=CurrentActiveSDK --maya-cut-config=maya-rundev-master-debug.yaml --maya-package=rundev-master-debug --stage-banner
[2023-12-22T03:54:38.572Z] Using Maya cut from /local/S/jenkins/workspace/shared/Artifactory/OSX/rundev-master-debug/202312201610/runtime/baf0e83
[2023-12-22T03:54:38.572Z] Using Maya ADSK Signatures from /local/S/jenkins/workspace/shared/Artifactory/OSX/adsk-plugin-signatures-maya/2023/3ae1ae7
[2023-12-22T03:54:38.572Z] Using Maya Security Library from /local/S/jenkins/workspace/shared/Artifactory/OSX/maya-security-library/3.4.0/5e08f3e
[2023-12-22T03:54:38.572Z] 
[2023-12-22T03:54:38.572Z] ================================================================================
[2023-12-22T03:54:38.572Z]                                 install (Debug)
[2023-12-22T03:54:38.572Z] ================================================================================
[2023-12-22T03:54:38.572Z] Maya Python Debug Info:
[2023-12-22T03:54:38.572Z]   mayapy executable   = /local/S/jenkins/workspace/shared/Artifactory/OSX/rundev-master-debug/202312201610/runtime/baf0e83/runTime/Maya.app/Contents/bin/mayapy
[2023-12-22T03:54:38.572Z]   Include Folder      = /local/S/jenkins/workspace/shared/Artifactory/OSX/rundev-master-debug/202312201610/runtime/baf0e83/runTime/Maya.app/Contents/Frameworks/Python.framework/Versions/Current/include/python3.11
[2023-12-22T03:54:38.572Z]   Library             = /local/S/jenkins/workspace/shared/Artifactory/OSX/rundev-master-debug/202312201610/runtime/baf0e83/runTime/Maya.app/Contents/Frameworks/Python.framework/Versions/Current/lib/libpython3.11.dylib
[2023-12-22T03:54:38.572Z]   site-package Folder = /local/S/jenkins/workspace/shared/Artifactory/OSX/rundev-master-debug/202312201610/runtime/baf0e83/runTime/Maya.app/Contents/Frameworks/Python.framework/Versions/Current/lib/python3.11/site-packages
[2023-12-22T03:54:39.109Z] In workdir: /Volumes/DATA/local/S/jenkins/workspace/ECP/ecg-maya-hydra/ecg-maya-hydra-branch-preflight-python3-osx/ecg-maya-hydra/maya-hydra
[2023-12-22T03:54:39.109Z] Executing: arch -arch arm64 /local/S/jenkins/workspace/shared/Artifactory/OSX/rundev-master-debug/202312201610/runtime/baf0e83/runTime/Maya.app/Contents/bin/mayapy /Volumes/DATA/local/S/jenkins/workspace/ECP/ecg-maya-hydra/ecg-maya-hydra-branch-preflight-python3-osx/ecg-maya-hydra/maya-hydra/build.py --generator Ninja --build-debug --maya-location /local/S/jenkins/workspace/shared/Artifactory/OSX/rundev-master-debug/202312201610/runtime/baf0e83/runTime --devkit-location /local/S/jenkins/workspace/shared/Artifactory/OSX/rundev-master-debug/202312201610/runtime/baf0e83/devkitBase --pxrusd-location /local/S/jenkins/workspace/shared/Artifactory/OSX/USD/ca7f6ed --build-args=-DCMAKE_MAKE_PROGRAM=/local/S/jenkins/workspace/shared/Artifactory/OSX/ninja/1.10.2/95d0ca5/ninja,-DPYTHON_INCLUDE_DIR=/local/S/jenkins/workspace/shared/Artifactory/OSX/rundev-master-debug/202312201610/runtime/baf0e83/runTime/Maya.app/Contents/Frameworks/Python.framework/Versions/Current/include/python3.11,-DPython_EXECUTABLE=/local/S/jenkins/workspace/shared/Artifactory/OSX/rundev-master-debug/202312201610/runtime/baf0e83/runTime/Maya.app/Contents/bin/mayapy,-DPYTHON_LIBRARIES=/local/S/jenkins/workspace/shared/Artifactory/OSX/rundev-master-debug/202312201610/runtime/baf0e83/runTime/Maya.app/Contents/Frameworks/Python.framework/Versions/Current/lib/libpython3.11.dylib,-DBUILD_WITH_PYTHON_3_VERSION=3.11,-DBUILD_UB2=ON,-DCMAKE_WANT_MATERIALX_BUILD=ON,-DCMAKE_PREFIX_PATH=/local/S/jenkins/workspace/shared/Artifactory/OSX/USD/ca7f6ed,-DMAYAHYDRA_BUILD_NUMBER=451,-DMAYAHYDRA_GIT_COMMIT=d28fb4b56fac40ef6d07300f3ee35b40eff66adc,-DMAYAHYDRA_GIT_BRANCH=master,-DMAYAUSD_LOCATION=/local/S/jenkins/workspace/shared/Artifactory/OSX/mayausd-cotd-debug/202311222325/runtime/bd49faa/mayausd '--ctest-args=--parallel 8' --stages=install --redirect-outstream-file=False --install-location /local/S/jenkins/workspace/ECP/ecg-maya-hydra/ecg-maya-hydra-branch-preflight-python3-osx/install/Debug/MayaHydra /local/S/jenkins/workspace/ECP/ecg-maya-hydra/ecg-maya-hydra-branch-preflight-python3-osx
[2023-12-22T03:54:39.109Z] Modified environment variables:
[2023-12-22T03:54:39.109Z]     PATH=/local/S/jenkins/workspace/shared/Artifactory/OSX/cmake/3.20.3/2594509/bin:/opt/homebrew/bin:/usr/local/bin:/bin:/usr/sbin:/sbin:/usr/bin:/usr/bin:/bin:/usr/sbin:/sbin
[2023-12-22T03:54:39.109Z]     [0/1] Install the project...
[2023-12-22T03:54:39.109Z]     -- Install configuration: "Debug"
[2023-12-22T03:54:39.645Z]     
[2023-12-22T03:54:39.645Z]         Building with settings:
[2023-12-22T03:54:39.645Z]           Source directory          /Volumes/DATA/local/S/jenkins/workspace/ECP/ecg-maya-hydra/ecg-maya-hydra-branch-preflight-python3-osx/ecg-maya-hydra/maya-hydra
[2023-12-22T03:54:39.645Z]           Workspace directory       /local/S/jenkins/workspace/ECP/ecg-maya-hydra/ecg-maya-hydra-branch-preflight-python3-osx
[2023-12-22T03:54:39.645Z]           Build directory           /local/S/jenkins/workspace/ECP/ecg-maya-hydra/ecg-maya-hydra-branch-preflight-python3-osx/build/Debug
[2023-12-22T03:54:39.645Z]           Install directory         /local/S/jenkins/workspace/ECP/ecg-maya-hydra/ecg-maya-hydra-branch-preflight-python3-osx/install/Debug/MayaHydra
[2023-12-22T03:54:39.645Z]           Variant                   Debug
[2023-12-22T03:54:39.645Z]           Python Debug              Off
[2023-12-22T03:54:39.645Z]           CMake generator           Ninja
[2023-12-22T03:54:39.645Z]           Build arguments           ['-DCMAKE_MAKE_PROGRAM=/local/S/jenkins/workspace/shared/Artifactory/OSX/ninja/1.10.2/95d0ca5/ninja', '-DPYTHON_INCLUDE_DIR=/local/S/jenkins/workspace/shared/Artifactory/OSX/rundev-master-debug/202312201610/runtime/baf0e83/runTime/Maya.app/Contents/Frameworks/Python.framework/Versions/Current/include/python3.11', '-DPython_EXECUTABLE=/local/S/jenkins/workspace/shared/Artifactory/OSX/rundev-master-debug/202312201610/runtime/baf0e83/runTime/Maya.app/Contents/bin/mayapy', '-DPYTHON_LIBRARIES=/local/S/jenkins/workspace/shared/Artifactory/OSX/rundev-master-debug/202312201610/runtime/baf0e83/runTime/Maya.app/Contents/Frameworks/Python.framework/Versions/Current/lib/libpython3.11.dylib', '-DBUILD_WITH_PYTHON_3_VERSION=3.11', '-DBUILD_UB2=ON', '-DCMAKE_WANT_MATERIALX_BUILD=ON', '-DCMAKE_PREFIX_PATH=/local/S/jenkins/workspace/shared/Artifactory/OSX/USD/ca7f6ed', '-DMAYAHYDRA_BUILD_NUMBER=451', '-DMAYAHYDRA_GIT_COMMIT=d28fb4b56fac40ef6d07300f3ee35b40eff66adc', '-DMAYAHYDRA_GIT_BRANCH=master', '-DMAYAUSD_LOCATION=/local/S/jenkins/workspace/shared/Artifactory/OSX/mayausd-cotd-debug/202311222325/runtime/bd49faa/mayausd']
[2023-12-22T03:54:39.645Z]           Stages arguments          ['install']
[2023-12-22T03:54:39.645Z]           CTest arguments           ['--parallel 8']
[2023-12-22T03:54:39.645Z]     Success MayaHydra build and install !!!!
[2023-12-22T03:54:39.645Z]     Elapsed time: 00:00:00
[Pipeline] sh
[2023-12-22T03:54:40.978Z] + python ecg-maya-hydra/build.py --stages=install --workspace-dir=/local/S/jenkins/workspace/ECP/ecg-maya-hydra/ecg-maya-hydra-branch-preflight-python3-osx --artifactory-dir=/local/S/jenkins/workspace/shared/Artifactory --build-dir=/local/S/jenkins/workspace/ECP/ecg-maya-hydra/ecg-maya-hydra-branch-preflight-python3-osx/build --install-dir=/local/S/jenkins/workspace/ECP/ecg-maya-hydra/ecg-maya-hydra-branch-preflight-python3-osx/install --signing-dir=/local/S/jenkins/workspace/ECP/ecg-maya-hydra/ecg-maya-hydra-branch-preflight-python3-osx/signing --package-dir=/local/S/jenkins/workspace/ECP/ecg-maya-hydra/ecg-maya-hydra-branch-preflight-python3-osx/package --output-dir=/local/S/jenkins/workspace/ECP/ecg-maya-hydra/ecg-maya-hydra-branch-preflight-python3-osx/output --stash-dir=/local/S/jenkins/workspace/ECP/ecg-maya-hydra/ecg-maya-hydra-branch-preflight-python3-osx/stash --jenkins-build=451 --git-commit=d28fb4b56fac40ef6d07300f3ee35b40eff66adc --git-branch=master --variants=RelWithDebInfo --interactive-tests=true --post-zips=false --osx-binary-architecture-target=ub2 --osx-deployment-target=11.0 --osx-base-sdk=CurrentActiveSDK --maya-cut-config=maya-rundev-master.yaml --maya-package=rundev-master --stage-banner
[2023-12-22T03:54:40.978Z] Using Maya cut from /local/S/jenkins/workspace/shared/Artifactory/OSX/rundev-master/202312201610/runtime/d0a18d0
[2023-12-22T03:54:40.978Z] Using Maya ADSK Signatures from /local/S/jenkins/workspace/shared/Artifactory/OSX/adsk-plugin-signatures-maya/2023/3ae1ae7
[2023-12-22T03:54:40.978Z] Using Maya Security Library from /local/S/jenkins/workspace/shared/Artifactory/OSX/maya-security-library/3.4.0/5e08f3e
[2023-12-22T03:54:40.978Z] 
[2023-12-22T03:54:40.978Z] ================================================================================
[2023-12-22T03:54:40.978Z]                             install (RelWithDebInfo)
[2023-12-22T03:54:40.978Z] ================================================================================
[2023-12-22T03:54:40.978Z] Maya Python RelWithDebInfo Info:
[2023-12-22T03:54:40.978Z]   mayapy executable   = /local/S/jenkins/workspace/shared/Artifactory/OSX/rundev-master/202312201610/runtime/d0a18d0/runTime/Maya.app/Contents/bin/mayapy
[2023-12-22T03:54:40.978Z]   Include Folder      = /local/S/jenkins/workspace/shared/Artifactory/OSX/rundev-master/202312201610/runtime/d0a18d0/runTime/Maya.app/Contents/Frameworks/Python.framework/Versions/Current/include/python3.11
[2023-12-22T03:54:40.978Z]   Library             = /local/S/jenkins/workspace/shared/Artifactory/OSX/rundev-master/202312201610/runtime/d0a18d0/runTime/Maya.app/Contents/Frameworks/Python.framework/Versions/Current/lib/libpython3.11.dylib
[2023-12-22T03:54:40.978Z]   site-package Folder = /local/S/jenkins/workspace/shared/Artifactory/OSX/rundev-master/202312201610/runtime/d0a18d0/runTime/Maya.app/Contents/Frameworks/Python.framework/Versions/Current/lib/python3.11/site-packages
[2023-12-22T03:54:41.514Z] In workdir: /Volumes/DATA/local/S/jenkins/workspace/ECP/ecg-maya-hydra/ecg-maya-hydra-branch-preflight-python3-osx/ecg-maya-hydra/maya-hydra
[2023-12-22T03:54:41.514Z] Executing: arch -arch arm64 /local/S/jenkins/workspace/shared/Artifactory/OSX/rundev-master/202312201610/runtime/d0a18d0/runTime/Maya.app/Contents/bin/mayapy /Volumes/DATA/local/S/jenkins/workspace/ECP/ecg-maya-hydra/ecg-maya-hydra-branch-preflight-python3-osx/ecg-maya-hydra/maya-hydra/build.py --generator Ninja --build-relwithdebug --maya-location /local/S/jenkins/workspace/shared/Artifactory/OSX/rundev-master/202312201610/runtime/d0a18d0/runTime --devkit-location /local/S/jenkins/workspace/shared/Artifactory/OSX/rundev-master/202312201610/runtime/d0a18d0/devkitBase --pxrusd-location /local/S/jenkins/workspace/shared/Artifactory/OSX/USD/8270819 --build-args=-DCMAKE_MAKE_PROGRAM=/local/S/jenkins/workspace/shared/Artifactory/OSX/ninja/1.10.2/95d0ca5/ninja,-DPYTHON_INCLUDE_DIR=/local/S/jenkins/workspace/shared/Artifactory/OSX/rundev-master/202312201610/runtime/d0a18d0/runTime/Maya.app/Contents/Frameworks/Python.framework/Versions/Current/include/python3.11,-DPython_EXECUTABLE=/local/S/jenkins/workspace/shared/Artifactory/OSX/rundev-master/202312201610/runtime/d0a18d0/runTime/Maya.app/Contents/bin/mayapy,-DPYTHON_LIBRARIES=/local/S/jenkins/workspace/shared/Artifactory/OSX/rundev-master/202312201610/runtime/d0a18d0/runTime/Maya.app/Contents/Frameworks/Python.framework/Versions/Current/lib/libpython3.11.dylib,-DBUILD_WITH_PYTHON_3_VERSION=3.11,-DBUILD_UB2=ON,-DCMAKE_WANT_MATERIALX_BUILD=ON,-DCMAKE_PREFIX_PATH=/local/S/jenkins/workspace/shared/Artifactory/OSX/USD/8270819,-DMAYAHYDRA_BUILD_NUMBER=451,-DMAYAHYDRA_GIT_COMMIT=d28fb4b56fac40ef6d07300f3ee35b40eff66adc,-DMAYAHYDRA_GIT_BRANCH=master,-DMAYAUSD_LOCATION=/local/S/jenkins/workspace/shared/Artifactory/OSX/mayausd-cotd/202311202320/runtime/a0893a4/mayausd '--ctest-args=--parallel 8' --stages=install --redirect-outstream-file=False --install-location /local/S/jenkins/workspace/ECP/ecg-maya-hydra/ecg-maya-hydra-branch-preflight-python3-osx/install/RelWithDebInfo/MayaHydra /local/S/jenkins/workspace/ECP/ecg-maya-hydra/ecg-maya-hydra-branch-preflight-python3-osx
[2023-12-22T03:54:41.514Z] Modified environment variables:
[2023-12-22T03:54:41.514Z]     PATH=/local/S/jenkins/workspace/shared/Artifactory/OSX/cmake/3.20.3/2594509/bin:/opt/homebrew/bin:/usr/local/bin:/bin:/usr/sbin:/sbin:/usr/bin:/usr/bin:/bin:/usr/sbin:/sbin
[2023-12-22T03:54:41.514Z]     [0/1] Install the project...
[2023-12-22T03:54:41.514Z]     -- Install configuration: "RelWithDebInfo"
[2023-12-22T03:54:42.086Z]     
[2023-12-22T03:54:42.086Z]         Building with settings:
[2023-12-22T03:54:42.086Z]           Source directory          /Volumes/DATA/local/S/jenkins/workspace/ECP/ecg-maya-hydra/ecg-maya-hydra-branch-preflight-python3-osx/ecg-maya-hydra/maya-hydra
[2023-12-22T03:54:42.086Z]           Workspace directory       /local/S/jenkins/workspace/ECP/ecg-maya-hydra/ecg-maya-hydra-branch-preflight-python3-osx
[2023-12-22T03:54:42.086Z]           Build directory           /local/S/jenkins/workspace/ECP/ecg-maya-hydra/ecg-maya-hydra-branch-preflight-python3-osx/build/RelWithDebInfo
[2023-12-22T03:54:42.086Z]           Install directory         /local/S/jenkins/workspace/ECP/ecg-maya-hydra/ecg-maya-hydra-branch-preflight-python3-osx/install/RelWithDebInfo/MayaHydra
[2023-12-22T03:54:42.086Z]           Variant                   RelWithDebInfo
[2023-12-22T03:54:42.086Z]           Python Debug              Off
[2023-12-22T03:54:42.086Z]           CMake generator           Ninja
[2023-12-22T03:54:42.086Z]           Build arguments           ['-DCMAKE_MAKE_PROGRAM=/local/S/jenkins/workspace/shared/Artifactory/OSX/ninja/1.10.2/95d0ca5/ninja', '-DPYTHON_INCLUDE_DIR=/local/S/jenkins/workspace/shared/Artifactory/OSX/rundev-master/202312201610/runtime/d0a18d0/runTime/Maya.app/Contents/Frameworks/Python.framework/Versions/Current/include/python3.11', '-DPython_EXECUTABLE=/local/S/jenkins/workspace/shared/Artifactory/OSX/rundev-master/202312201610/runtime/d0a18d0/runTime/Maya.app/Contents/bin/mayapy', '-DPYTHON_LIBRARIES=/local/S/jenkins/workspace/shared/Artifactory/OSX/rundev-master/202312201610/runtime/d0a18d0/runTime/Maya.app/Contents/Frameworks/Python.framework/Versions/Current/lib/libpython3.11.dylib', '-DBUILD_WITH_PYTHON_3_VERSION=3.11', '-DBUILD_UB2=ON', '-DCMAKE_WANT_MATERIALX_BUILD=ON', '-DCMAKE_PREFIX_PATH=/local/S/jenkins/workspace/shared/Artifactory/OSX/USD/8270819', '-DMAYAHYDRA_BUILD_NUMBER=451', '-DMAYAHYDRA_GIT_COMMIT=d28fb4b56fac40ef6d07300f3ee35b40eff66adc', '-DMAYAHYDRA_GIT_BRANCH=master', '-DMAYAUSD_LOCATION=/local/S/jenkins/workspace/shared/Artifactory/OSX/mayausd-cotd/202311202320/runtime/a0893a4/mayausd']
[2023-12-22T03:54:42.086Z]           Stages arguments          ['install']
[2023-12-22T03:54:42.086Z]           CTest arguments           ['--parallel 8']
[2023-12-22T03:54:42.086Z]     Success MayaHydra build and install !!!!
[2023-12-22T03:54:42.086Z]     Elapsed time: 00:00:00
[Pipeline] }
[Pipeline] // withEnv
[Pipeline] }
[Pipeline] // timeout
[Pipeline] }
[Pipeline] // stage
[Pipeline] }
[Pipeline] // timestamps
[Pipeline] timestamps
[Pipeline] {
[Pipeline] stage
[Pipeline] { (Test)
[Pipeline] timeout
[2023-12-22T03:54:42.428Z] Timeout set to expire in 6 hr 0 min
[Pipeline] {
[Pipeline] withEnv
[Pipeline] {
[Pipeline] sh
[2023-12-22T03:54:43.557Z] + python ecg-maya-hydra/build.py --stages=test --workspace-dir=/local/S/jenkins/workspace/ECP/ecg-maya-hydra/ecg-maya-hydra-branch-preflight-python3-osx --artifactory-dir=/local/S/jenkins/workspace/shared/Artifactory --build-dir=/local/S/jenkins/workspace/ECP/ecg-maya-hydra/ecg-maya-hydra-branch-preflight-python3-osx/build --install-dir=/local/S/jenkins/workspace/ECP/ecg-maya-hydra/ecg-maya-hydra-branch-preflight-python3-osx/install --signing-dir=/local/S/jenkins/workspace/ECP/ecg-maya-hydra/ecg-maya-hydra-branch-preflight-python3-osx/signing --package-dir=/local/S/jenkins/workspace/ECP/ecg-maya-hydra/ecg-maya-hydra-branch-preflight-python3-osx/package --output-dir=/local/S/jenkins/workspace/ECP/ecg-maya-hydra/ecg-maya-hydra-branch-preflight-python3-osx/output --stash-dir=/local/S/jenkins/workspace/ECP/ecg-maya-hydra/ecg-maya-hydra-branch-preflight-python3-osx/stash --jenkins-build=451 --git-commit=d28fb4b56fac40ef6d07300f3ee35b40eff66adc --git-branch=master --variants=RelWithDebInfo --interactive-tests=true --post-zips=false --osx-binary-architecture-target=ub2 --osx-deployment-target=11.0 --osx-base-sdk=CurrentActiveSDK --test-jobs=0 --failed-test-retry=3 --maya-cut-config=maya-rundev-master.yaml --maya-package=rundev-master --stage-banner --progressive-timeout
[2023-12-22T03:54:43.558Z] Using Maya cut from /local/S/jenkins/workspace/shared/Artifactory/OSX/rundev-master/202312201610/runtime/d0a18d0
[2023-12-22T03:54:43.558Z] Using Maya ADSK Signatures from /local/S/jenkins/workspace/shared/Artifactory/OSX/adsk-plugin-signatures-maya/2023/3ae1ae7
[2023-12-22T03:54:43.558Z] Using Maya Security Library from /local/S/jenkins/workspace/shared/Artifactory/OSX/maya-security-library/3.4.0/5e08f3e
[2023-12-22T03:54:43.558Z] 
[2023-12-22T03:54:43.558Z] ================================================================================
[2023-12-22T03:54:43.558Z]                              test (RelWithDebInfo)
[2023-12-22T03:54:43.558Z] ================================================================================
[2023-12-22T03:54:43.558Z] Maya Python RelWithDebInfo Info:
[2023-12-22T03:54:43.558Z]   mayapy executable   = /local/S/jenkins/workspace/shared/Artifactory/OSX/rundev-master/202312201610/runtime/d0a18d0/runTime/Maya.app/Contents/bin/mayapy
[2023-12-22T03:54:43.558Z]   Include Folder      = /local/S/jenkins/workspace/shared/Artifactory/OSX/rundev-master/202312201610/runtime/d0a18d0/runTime/Maya.app/Contents/Frameworks/Python.framework/Versions/Current/include/python3.11
[2023-12-22T03:54:43.558Z]   Library             = /local/S/jenkins/workspace/shared/Artifactory/OSX/rundev-master/202312201610/runtime/d0a18d0/runTime/Maya.app/Contents/Frameworks/Python.framework/Versions/Current/lib/libpython3.11.dylib
[2023-12-22T03:54:43.558Z]   site-package Folder = /local/S/jenkins/workspace/shared/Artifactory/OSX/rundev-master/202312201610/runtime/d0a18d0/runTime/Maya.app/Contents/Frameworks/Python.framework/Versions/Current/lib/python3.11/site-packages
[2023-12-22T03:54:44.099Z] In workdir: /Volumes/DATA/local/S/jenkins/workspace/ECP/ecg-maya-hydra/ecg-maya-hydra-branch-preflight-python3-osx/ecg-maya-hydra/maya-hydra
[2023-12-22T03:54:44.099Z] Executing: arch -arch arm64 /local/S/jenkins/workspace/shared/Artifactory/OSX/rundev-master/202312201610/runtime/d0a18d0/runTime/Maya.app/Contents/bin/mayapy /Volumes/DATA/local/S/jenkins/workspace/ECP/ecg-maya-hydra/ecg-maya-hydra-branch-preflight-python3-osx/ecg-maya-hydra/maya-hydra/build.py --generator Ninja --build-relwithdebug --maya-location /local/S/jenkins/workspace/shared/Artifactory/OSX/rundev-master/202312201610/runtime/d0a18d0/runTime --devkit-location /local/S/jenkins/workspace/shared/Artifactory/OSX/rundev-master/202312201610/runtime/d0a18d0/devkitBase --pxrusd-location /local/S/jenkins/workspace/shared/Artifactory/OSX/USD/8270819 --build-args=-DCMAKE_MAKE_PROGRAM=/local/S/jenkins/workspace/shared/Artifactory/OSX/ninja/1.10.2/95d0ca5/ninja,-DPYTHON_INCLUDE_DIR=/local/S/jenkins/workspace/shared/Artifactory/OSX/rundev-master/202312201610/runtime/d0a18d0/runTime/Maya.app/Contents/Frameworks/Python.framework/Versions/Current/include/python3.11,-DPython_EXECUTABLE=/local/S/jenkins/workspace/shared/Artifactory/OSX/rundev-master/202312201610/runtime/d0a18d0/runTime/Maya.app/Contents/bin/mayapy,-DPYTHON_LIBRARIES=/local/S/jenkins/workspace/shared/Artifactory/OSX/rundev-master/202312201610/runtime/d0a18d0/runTime/Maya.app/Contents/Frameworks/Python.framework/Versions/Current/lib/libpython3.11.dylib,-DBUILD_WITH_PYTHON_3_VERSION=3.11,-DBUILD_UB2=ON,-DCMAKE_WANT_MATERIALX_BUILD=ON,-DCMAKE_PREFIX_PATH=/local/S/jenkins/workspace/shared/Artifactory/OSX/USD/8270819,-DMAYAHYDRA_BUILD_NUMBER=451,-DMAYAHYDRA_GIT_COMMIT=d28fb4b56fac40ef6d07300f3ee35b40eff66adc,-DMAYAHYDRA_GIT_BRANCH=master,-DMAYAUSD_LOCATION=/local/S/jenkins/workspace/shared/Artifactory/OSX/mayausd-cotd/202311202320/runtime/a0893a4/mayausd '--ctest-args=--parallel 8' --stages=test --redirect-outstream-file=False --install-location /local/S/jenkins/workspace/ECP/ecg-maya-hydra/ecg-maya-hydra-branch-preflight-python3-osx/install/RelWithDebInfo/MayaHydra /local/S/jenkins/workspace/ECP/ecg-maya-hydra/ecg-maya-hydra-branch-preflight-python3-osx
[2023-12-22T03:54:44.099Z] Modified environment variables:
[2023-12-22T03:54:44.099Z]     PATH=/local/S/jenkins/workspace/shared/Artifactory/OSX/cmake/3.20.3/2594509/bin:/opt/homebrew/bin:/usr/local/bin:/bin:/usr/sbin:/sbin:/usr/bin:/usr/bin:/bin:/usr/sbin:/sbin
[2023-12-22T03:54:44.099Z]     MAYA_MODULE_PATH=/local/S/jenkins/workspace/shared/Artifactory/OSX/mayausd-cotd/202311202320/runtime/a0893a4
[2023-12-22T03:54:44.099Z]     Test project /Volumes/DATA/local/S/jenkins/workspace/ECP/ecg-maya-hydra/ecg-maya-hydra-branch-preflight-python3-osx/build/RelWithDebInfo
[2023-12-22T03:54:44.099Z]           Start  1: _Interactive_Maya
[2023-12-22T03:54:44.099Z]      1/26 Test  #1: _Interactive_Maya ...........................***Not Run (Disabled)   0.00 sec
[2023-12-22T03:54:44.099Z]           Start  2: testImageDiffing
[2023-12-22T03:54:44.099Z]           Start  3: testMtohCommand
[2023-12-22T03:54:44.099Z]           Start  4: testMeshes
[2023-12-22T03:54:44.099Z]           Start  5: testNamespaces
[2023-12-22T03:54:44.099Z]           Start  6: testVisibility
[2023-12-22T03:54:44.099Z]           Start  7: testRendererSwitching
[2023-12-22T03:54:44.099Z]           Start  8: testSceneBrowser
[2023-12-22T03:54:44.099Z]           Start  9: testStageAddPrim
[2023-12-22T03:54:55.330Z]      2/26 Test  #9: testStageAddPrim ............................   Passed   10.59 sec
[2023-12-22T03:54:55.330Z]           Start 10: testNewSceneWithStage
[2023-12-22T03:54:55.330Z]      3/26 Test  #8: testSceneBrowser ............................   Passed   10.65 sec
[2023-12-22T03:54:55.330Z]           Start 11: testDirectionalLights
[2023-12-22T03:54:55.331Z]      4/26 Test  #3: testMtohCommand .............................   Passed   10.75 sec
[2023-12-22T03:54:55.331Z]           Start 12: testFlowViewportAPI
[2023-12-22T03:54:55.331Z]      5/26 Test  #5: testNamespaces ..............................   Passed   10.79 sec
[2023-12-22T03:54:55.331Z]           Start 13: testColorPreferences
[2023-12-22T03:54:55.331Z]      6/26 Test  #7: testRendererSwitching .......................   Passed   11.01 sec
[2023-12-22T03:54:55.331Z]           Start 14: testCppFramework
[2023-12-22T03:54:55.331Z]      7/26 Test  #4: testMeshes ..................................   Passed   11.02 sec
[2023-12-22T03:54:55.331Z]           Start 15: testMayaSceneFlattening
[2023-12-22T03:54:55.331Z]      8/26 Test  #2: testImageDiffing ............................   Passed   11.59 sec
[2023-12-22T03:54:55.331Z]           Start 16: testMayaUsdUfeItems
[2023-12-22T03:54:56.470Z]      9/26 Test  #6: testVisibility ..............................   Passed   12.44 sec
[2023-12-22T03:54:56.470Z]           Start 17: testMergingSceneIndex
[2023-12-22T03:55:02.957Z]     10/26 Test #11: testDirectionalLights .......................   Passed    7.54 sec
[2023-12-22T03:55:02.957Z]           Start 18: testSelectionSceneIndex
[2023-12-22T03:55:02.957Z]     11/26 Test #10: testNewSceneWithStage .......................   Passed    7.75 sec
[2023-12-22T03:55:02.957Z]           Start 19: testWireframeSelectionHighlightSceneIndex
[2023-12-22T03:55:02.957Z]     12/26 Test #14: testCppFramework ............................   Passed    7.70 sec
[2023-12-22T03:55:02.957Z]           Start 20: testFlowViewportAPIViewportInformation
[2023-12-22T03:55:02.957Z]     13/26 Test #15: testMayaSceneFlattening .....................   Passed    7.72 sec
[2023-12-22T03:55:02.957Z]           Start 21: testFlowViewportAPIAddPrims
[2023-12-22T03:55:02.957Z]     14/26 Test #13: testColorPreferences ........................   Passed    8.32 sec
[2023-12-22T03:55:02.957Z]           Start 22: testUsdStageLayerMuting
[2023-12-22T03:55:02.957Z]     15/26 Test #16: testMayaUsdUfeItems .........................   Passed    7.57 sec
[2023-12-22T03:55:02.957Z]           Start 23: testFlowViewportAPIFilterPrims
[2023-12-22T03:55:04.097Z]     16/26 Test #17: testMergingSceneIndex .......................   Passed    7.76 sec
[2023-12-22T03:55:04.097Z]           Start 24: testPrimInstancing
[2023-12-22T03:55:09.386Z]     17/26 Test #12: testFlowViewportAPI .........................   Passed   14.33 sec
[2023-12-22T03:55:09.386Z]           Start 25: testMeshes_meshAdapter
[2023-12-22T03:55:10.520Z]     18/26 Test #19: testWireframeSelectionHighlightSceneIndex ...   Passed    7.90 sec
[2023-12-22T03:55:10.520Z]           Start 26: testMeshAdapterTransform_meshAdapter
[2023-12-22T03:55:10.520Z]     19/26 Test #18: testSelectionSceneIndex .....................   Passed    8.18 sec
[2023-12-22T03:55:10.520Z]     20/26 Test #21: testFlowViewportAPIAddPrims .................   Passed    7.95 sec
[2023-12-22T03:55:10.520Z]     21/26 Test #23: testFlowViewportAPIFilterPrims ..............   Passed    7.66 sec
[2023-12-22T03:55:11.059Z]     22/26 Test #22: testUsdStageLayerMuting .....................   Passed    7.71 sec
[2023-12-22T03:55:11.059Z]     23/26 Test #20: testFlowViewportAPIViewportInformation ......   Passed    8.27 sec
[2023-12-22T03:55:11.595Z]     24/26 Test #24: testPrimInstancing ..........................   Passed    7.24 sec
[2023-12-22T03:55:14.301Z]     25/26 Test #25: testMeshes_meshAdapter ......................   Passed    5.46 sec
[2023-12-22T03:55:15.430Z]     26/26 Test #26: testMeshAdapterTransform_meshAdapter ........   Passed    4.98 sec
[2023-12-22T03:55:15.430Z]     
[2023-12-22T03:55:15.430Z]     100% tests passed, 0 tests failed out of 25
[2023-12-22T03:55:15.430Z]     
[2023-12-22T03:55:15.430Z]     Label Time Summary:
[2023-12-22T03:55:15.430Z]     Debugging      =   0.00 sec*proc (1 test)
[2023-12-22T03:55:15.430Z]     interactive    = 222.87 sec*proc (25 tests)
[2023-12-22T03:55:15.430Z]     mayaHydra      = 222.87 sec*proc (25 tests)
[2023-12-22T03:55:15.430Z]     
[2023-12-22T03:55:15.430Z]     Total Test time (real) =  31.23 sec
[2023-12-22T03:55:15.430Z]     
[2023-12-22T03:55:15.430Z]     The following tests did not run:
[2023-12-22T03:55:15.430Z]     	  1 - _Interactive_Maya (Disabled)
[2023-12-22T03:55:15.430Z]     
[2023-12-22T03:55:15.430Z]         Building with settings:
[2023-12-22T03:55:15.430Z]           Source directory          /Volumes/DATA/local/S/jenkins/workspace/ECP/ecg-maya-hydra/ecg-maya-hydra-branch-preflight-python3-osx/ecg-maya-hydra/maya-hydra
[2023-12-22T03:55:15.430Z]           Workspace directory       /local/S/jenkins/workspace/ECP/ecg-maya-hydra/ecg-maya-hydra-branch-preflight-python3-osx
[2023-12-22T03:55:15.430Z]           Build directory           /local/S/jenkins/workspace/ECP/ecg-maya-hydra/ecg-maya-hydra-branch-preflight-python3-osx/build/RelWithDebInfo
[2023-12-22T03:55:15.430Z]           Install directory         /local/S/jenkins/workspace/ECP/ecg-maya-hydra/ecg-maya-hydra-branch-preflight-python3-osx/install/RelWithDebInfo/MayaHydra
[2023-12-22T03:55:15.430Z]           Variant                   RelWithDebInfo
[2023-12-22T03:55:15.430Z]           Python Debug              Off
[2023-12-22T03:55:15.430Z]           CMake generator           Ninja
[2023-12-22T03:55:15.430Z]           Build arguments           ['-DCMAKE_MAKE_PROGRAM=/local/S/jenkins/workspace/shared/Artifactory/OSX/ninja/1.10.2/95d0ca5/ninja', '-DPYTHON_INCLUDE_DIR=/local/S/jenkins/workspace/shared/Artifactory/OSX/rundev-master/202312201610/runtime/d0a18d0/runTime/Maya.app/Contents/Frameworks/Python.framework/Versions/Current/include/python3.11', '-DPython_EXECUTABLE=/local/S/jenkins/workspace/shared/Artifactory/OSX/rundev-master/202312201610/runtime/d0a18d0/runTime/Maya.app/Contents/bin/mayapy', '-DPYTHON_LIBRARIES=/local/S/jenkins/workspace/shared/Artifactory/OSX/rundev-master/202312201610/runtime/d0a18d0/runTime/Maya.app/Contents/Frameworks/Python.framework/Versions/Current/lib/libpython3.11.dylib', '-DBUILD_WITH_PYTHON_3_VERSION=3.11', '-DBUILD_UB2=ON', '-DCMAKE_WANT_MATERIALX_BUILD=ON', '-DCMAKE_PREFIX_PATH=/local/S/jenkins/workspace/shared/Artifactory/OSX/USD/8270819', '-DMAYAHYDRA_BUILD_NUMBER=451', '-DMAYAHYDRA_GIT_COMMIT=d28fb4b56fac40ef6d07300f3ee35b40eff66adc', '-DMAYAHYDRA_GIT_BRANCH=master', '-DMAYAUSD_LOCATION=/local/S/jenkins/workspace/shared/Artifactory/OSX/mayausd-cotd/202311202320/runtime/a0893a4/mayausd']
[2023-12-22T03:55:15.430Z]           Stages arguments          ['test']
[2023-12-22T03:55:15.430Z]           CTest arguments           ['--parallel 8']
[2023-12-22T03:55:15.430Z]     Success running MayaHydra tests !!!!
[Pipeline] }
[Pipeline] // withEnv
[Pipeline] }
[Pipeline] // timeout
[Pipeline] }
[Pipeline] // stage
[Pipeline] }
[Pipeline] // timestamps
[Pipeline] timestamps
[Pipeline] {
[Pipeline] stage
[Pipeline] { (Cleanup)
[Pipeline] timeout
[2023-12-22T03:55:15.774Z] Timeout set to expire in 6 hr 0 min
[Pipeline] {
[Pipeline] withEnv
[Pipeline] {
[Pipeline] sh
[2023-12-22T03:55:16.901Z] + python ecg-maya-hydra/build.py --stages=cleanup --workspace-dir=/local/S/jenkins/workspace/ECP/ecg-maya-hydra/ecg-maya-hydra-branch-preflight-python3-osx --artifactory-dir=/local/S/jenkins/workspace/shared/Artifactory --build-dir=/local/S/jenkins/workspace/ECP/ecg-maya-hydra/ecg-maya-hydra-branch-preflight-python3-osx/build --install-dir=/local/S/jenkins/workspace/ECP/ecg-maya-hydra/ecg-maya-hydra-branch-preflight-python3-osx/install --signing-dir=/local/S/jenkins/workspace/ECP/ecg-maya-hydra/ecg-maya-hydra-branch-preflight-python3-osx/signing --package-dir=/local/S/jenkins/workspace/ECP/ecg-maya-hydra/ecg-maya-hydra-branch-preflight-python3-osx/package --output-dir=/local/S/jenkins/workspace/ECP/ecg-maya-hydra/ecg-maya-hydra-branch-preflight-python3-osx/output --stash-dir=/local/S/jenkins/workspace/ECP/ecg-maya-hydra/ecg-maya-hydra-branch-preflight-python3-osx/stash --jenkins-build=451 --git-commit=d28fb4b56fac40ef6d07300f3ee35b40eff66adc --git-branch=master --variants=Debug --interactive-tests=true --post-zips=false --osx-binary-architecture-target=ub2 --osx-deployment-target=11.0 --osx-base-sdk=CurrentActiveSDK --maya-cut-config=maya-rundev-master-debug.yaml --maya-package=rundev-master-debug --stage-banner
[2023-12-22T03:55:16.901Z] Using Maya cut from /local/S/jenkins/workspace/shared/Artifactory/OSX/rundev-master-debug/202312201610/runtime/baf0e83
[2023-12-22T03:55:16.901Z] Using Maya ADSK Signatures from /local/S/jenkins/workspace/shared/Artifactory/OSX/adsk-plugin-signatures-maya/2023/3ae1ae7
[2023-12-22T03:55:16.901Z] Using Maya Security Library from /local/S/jenkins/workspace/shared/Artifactory/OSX/maya-security-library/3.4.0/5e08f3e
[2023-12-22T03:55:16.901Z] 
[2023-12-22T03:55:16.901Z] ================================================================================
[2023-12-22T03:55:16.901Z]                                cleanup (Finalize)
[2023-12-22T03:55:16.901Z] ================================================================================
[2023-12-22T03:55:16.901Z] Cleaning up workspace
[2023-12-22T03:55:16.901Z] Removing directory: /local/S/jenkins/workspace/ECP/ecg-maya-hydra/ecg-maya-hydra-branch-preflight-python3-osx/build
[2023-12-22T03:55:16.901Z] Removing directory: /local/S/jenkins/workspace/ECP/ecg-maya-hydra/ecg-maya-hydra-branch-preflight-python3-osx/install
[Pipeline] sh
[2023-12-22T03:55:18.224Z] + python ecg-maya-hydra/build.py --stages=cleanup --workspace-dir=/local/S/jenkins/workspace/ECP/ecg-maya-hydra/ecg-maya-hydra-branch-preflight-python3-osx --artifactory-dir=/local/S/jenkins/workspace/shared/Artifactory --build-dir=/local/S/jenkins/workspace/ECP/ecg-maya-hydra/ecg-maya-hydra-branch-preflight-python3-osx/build --install-dir=/local/S/jenkins/workspace/ECP/ecg-maya-hydra/ecg-maya-hydra-branch-preflight-python3-osx/install --signing-dir=/local/S/jenkins/workspace/ECP/ecg-maya-hydra/ecg-maya-hydra-branch-preflight-python3-osx/signing --package-dir=/local/S/jenkins/workspace/ECP/ecg-maya-hydra/ecg-maya-hydra-branch-preflight-python3-osx/package --output-dir=/local/S/jenkins/workspace/ECP/ecg-maya-hydra/ecg-maya-hydra-branch-preflight-python3-osx/output --stash-dir=/local/S/jenkins/workspace/ECP/ecg-maya-hydra/ecg-maya-hydra-branch-preflight-python3-osx/stash --jenkins-build=451 --git-commit=d28fb4b56fac40ef6d07300f3ee35b40eff66adc --git-branch=master --variants=RelWithDebInfo --interactive-tests=true --post-zips=false --osx-binary-architecture-target=ub2 --osx-deployment-target=11.0 --osx-base-sdk=CurrentActiveSDK --maya-cut-config=maya-rundev-master.yaml --maya-package=rundev-master --stage-banner
[2023-12-22T03:55:18.224Z] Using Maya cut from /local/S/jenkins/workspace/shared/Artifactory/OSX/rundev-master/202312201610/runtime/d0a18d0
[2023-12-22T03:55:18.224Z] Using Maya ADSK Signatures from /local/S/jenkins/workspace/shared/Artifactory/OSX/adsk-plugin-signatures-maya/2023/3ae1ae7
[2023-12-22T03:55:18.224Z] Using Maya Security Library from /local/S/jenkins/workspace/shared/Artifactory/OSX/maya-security-library/3.4.0/5e08f3e
[2023-12-22T03:55:18.224Z] 
[2023-12-22T03:55:18.224Z] ================================================================================
[2023-12-22T03:55:18.224Z]                                cleanup (Finalize)
[2023-12-22T03:55:18.224Z] ================================================================================
[2023-12-22T03:55:18.224Z] Cleaning up workspace
[Pipeline] }
[Pipeline] // withEnv
[Pipeline] }
[Pipeline] // timeout
[Pipeline] }
[Pipeline] // stage
[Pipeline] }
[Pipeline] // timestamps
[Pipeline] }
[Pipeline] // node
[Pipeline] End of Pipeline
[Checks API] No suitable checks publisher found.
Finished: SUCCESS
